<?xml version="1.0" encoding="UTF-8"?>
<?mso-application progid="Excel.Sheet"?>
<Workbook xmlns="urn:schemas-microsoft-com:office:spreadsheet"
xmlns:o="urn:schemas-microsoft-com:office:office"
xmlns:x="urn:schemas-microsoft-com:office:excel"
xmlns:ss="urn:schemas-microsoft-com:office:spreadsheet"
xmlns:html="http://www.w3.org/TR/REC-html40">
<Worksheet ss:Name="Table1">
	<Table>
		<Column ss:Index="1" ss:AutoFitWidth="0" ss:Width="110"/>
		<Column ss:Index="12" ss:AutoFitWidth="0" ss:Width="110"/>
		<Row>
			<Cell><Data ss:Type="String">ID</Data></Cell>
			<Cell><Data ss:Type="String">acc_1_x</Data></Cell>
			<Cell><Data ss:Type="String">acc_1_y</Data></Cell>
			<Cell><Data ss:Type="String">acc_1_z</Data></Cell>
			<Cell><Data ss:Type="String">acc_2_x</Data></Cell>
			<Cell><Data ss:Type="String">acc_2_y</Data></Cell>
			<Cell><Data ss:Type="String">acc_2_z</Data></Cell>
			<Cell><Data ss:Type="String">lastTemp</Data></Cell>
			<Cell><Data ss:Type="String">lastHum</Data></Cell>
			<Cell><Data ss:Type="String">tempKistler1</Data></Cell>
			<Cell><Data ss:Type="String">data_10</Data></Cell>
			<Cell><Data ss:Type="String">date</Data></Cell>
		</Row>

		<Row>
			<Cell><Data ss:Type="String">1839</Data></Cell>
			<Cell><Data ss:Type="Number">0.29</Data></Cell>
			<Cell><Data ss:Type="Number">-10.23</Data></Cell>
			<Cell><Data ss:Type="Number">0.23</Data></Cell>
			<Cell><Data ss:Type="Number">-9.55</Data></Cell>
			<Cell><Data ss:Type="Number">-0.08</Data></Cell>
			<Cell><Data ss:Type="Number">-0.91</Data></Cell>
			<Cell><Data ss:Type="Number">22.7</Data></Cell>
			<Cell><Data ss:Type="Number">39.5</Data></Cell>
			<Cell><Data ss:Type="Number">0</Data></Cell>
			<Cell><Data ss:Type="Number">0</Data></Cell>
			<Cell><Data ss:Type="String">2023-12-07 16:43:55.513195</Data></Cell>
		</Row>
		<Row>
			<Cell><Data ss:Type="String">1838</Data></Cell>
			<Cell><Data ss:Type="Number">0.27</Data></Cell>
			<Cell><Data ss:Type="Number">-10.25</Data></Cell>
			<Cell><Data ss:Type="Number">0.2</Data></Cell>
			<Cell><Data ss:Type="Number">-9.55</Data></Cell>
			<Cell><Data ss:Type="Number">-0.06</Data></Cell>
			<Cell><Data ss:Type="Number">-0.87</Data></Cell>
			<Cell><Data ss:Type="Number">22.7</Data></Cell>
			<Cell><Data ss:Type="Number">39.5</Data></Cell>
			<Cell><Data ss:Type="Number">0</Data></Cell>
			<Cell><Data ss:Type="Number">0</Data></Cell>
			<Cell><Data ss:Type="String">2023-12-07 16:43:55.469379</Data></Cell>
		</Row>
		<Row>
			<Cell><Data ss:Type="String">1837</Data></Cell>
			<Cell><Data ss:Type="Number">0.15</Data></Cell>
			<Cell><Data ss:Type="Number">-10.24</Data></Cell>
			<Cell><Data ss:Type="Number">0.19</Data></Cell>
			<Cell><Data ss:Type="Number">-9.49</Data></Cell>
			<Cell><Data ss:Type="Number">-0.09</Data></Cell>
			<Cell><Data ss:Type="Number">-0.91</Data></Cell>
			<Cell><Data ss:Type="Number">22.7</Data></Cell>
			<Cell><Data ss:Type="Number">39.5</Data></Cell>
			<Cell><Data ss:Type="Number">0</Data></Cell>
			<Cell><Data ss:Type="Number">0</Data></Cell>
			<Cell><Data ss:Type="String">2023-12-07 16:43:55.467410</Data></Cell>
		</Row>
		<Row>
			<Cell><Data ss:Type="String">1836</Data></Cell>
			<Cell><Data ss:Type="Number">0.25</Data></Cell>
			<Cell><Data ss:Type="Number">-9.9</Data></Cell>
			<Cell><Data ss:Type="Number">0.12</Data></Cell>
			<Cell><Data ss:Type="Number">-9.42</Data></Cell>
			<Cell><Data ss:Type="Number">-0.05</Data></Cell>
			<Cell><Data ss:Type="Number">-0.92</Data></Cell>
			<Cell><Data ss:Type="Number">22.7</Data></Cell>
			<Cell><Data ss:Type="Number">39.5</Data></Cell>
			<Cell><Data ss:Type="Number">0</Data></Cell>
			<Cell><Data ss:Type="Number">0</Data></Cell>
			<Cell><Data ss:Type="String">2023-12-07 16:43:55.419875</Data></Cell>
		</Row>
		<Row>
			<Cell><Data ss:Type="String">1835</Data></Cell>
			<Cell><Data ss:Type="Number">0.34</Data></Cell>
			<Cell><Data ss:Type="Number">-9.96</Data></Cell>
			<Cell><Data ss:Type="Number">0.16</Data></Cell>
			<Cell><Data ss:Type="Number">-9.41</Data></Cell>
			<Cell><Data ss:Type="Number">-0.11</Data></Cell>
			<Cell><Data ss:Type="Number">-0.93</Data></Cell>
			<Cell><Data ss:Type="Number">22.7</Data></Cell>
			<Cell><Data ss:Type="Number">39.5</Data></Cell>
			<Cell><Data ss:Type="Number">0</Data></Cell>
			<Cell><Data ss:Type="Number">0</Data></Cell>
			<Cell><Data ss:Type="String">2023-12-07 16:43:55.376188</Data></Cell>
		</Row>
		<Row>
			<Cell><Data ss:Type="String">1834</Data></Cell>
			<Cell><Data ss:Type="Number">0.43</Data></Cell>
			<Cell><Data ss:Type="Number">-10.11</Data></Cell>
			<Cell><Data ss:Type="Number">0.16</Data></Cell>
			<Cell><Data ss:Type="Number">-9.54</Data></Cell>
			<Cell><Data ss:Type="Number">-0.07</Data></Cell>
			<Cell><Data ss:Type="Number">-0.88</Data></Cell>
			<Cell><Data ss:Type="Number">22.7</Data></Cell>
			<Cell><Data ss:Type="Number">39.5</Data></Cell>
			<Cell><Data ss:Type="Number">0</Data></Cell>
			<Cell><Data ss:Type="Number">0</Data></Cell>
			<Cell><Data ss:Type="String">2023-12-07 16:43:55.374189</Data></Cell>
		</Row>
		<Row>
			<Cell><Data ss:Type="String">1833</Data></Cell>
			<Cell><Data ss:Type="Number">0.25</Data></Cell>
			<Cell><Data ss:Type="Number">-9.94</Data></Cell>
			<Cell><Data ss:Type="Number">0.13</Data></Cell>
			<Cell><Data ss:Type="Number">-9.42</Data></Cell>
			<Cell><Data ss:Type="Number">-0.07</Data></Cell>
			<Cell><Data ss:Type="Number">-0.91</Data></Cell>
			<Cell><Data ss:Type="Number">22.7</Data></Cell>
			<Cell><Data ss:Type="Number">39.5</Data></Cell>
			<Cell><Data ss:Type="Number">0</Data></Cell>
			<Cell><Data ss:Type="Number">0</Data></Cell>
			<Cell><Data ss:Type="String">2023-12-07 16:43:55.328170</Data></Cell>
		</Row>
		<Row>
			<Cell><Data ss:Type="String">1832</Data></Cell>
			<Cell><Data ss:Type="Number">0.29</Data></Cell>
			<Cell><Data ss:Type="Number">-10.08</Data></Cell>
			<Cell><Data ss:Type="Number">0.1</Data></Cell>
			<Cell><Data ss:Type="Number">-9.52</Data></Cell>
			<Cell><Data ss:Type="Number">-0.06</Data></Cell>
			<Cell><Data ss:Type="Number">-0.9</Data></Cell>
			<Cell><Data ss:Type="Number">22.7</Data></Cell>
			<Cell><Data ss:Type="Number">39.5</Data></Cell>
			<Cell><Data ss:Type="Number">0</Data></Cell>
			<Cell><Data ss:Type="Number">0</Data></Cell>
			<Cell><Data ss:Type="String">2023-12-07 16:43:55.282399</Data></Cell>
		</Row>
		<Row>
			<Cell><Data ss:Type="String">1831</Data></Cell>
			<Cell><Data ss:Type="Number">0.28</Data></Cell>
			<Cell><Data ss:Type="Number">-10.21</Data></Cell>
			<Cell><Data ss:Type="Number">0.18</Data></Cell>
			<Cell><Data ss:Type="Number">-9.56</Data></Cell>
			<Cell><Data ss:Type="Number">-0.08</Data></Cell>
			<Cell><Data ss:Type="Number">-0.9</Data></Cell>
			<Cell><Data ss:Type="Number">22.7</Data></Cell>
			<Cell><Data ss:Type="Number">39.5</Data></Cell>
			<Cell><Data ss:Type="Number">0</Data></Cell>
			<Cell><Data ss:Type="Number">0</Data></Cell>
			<Cell><Data ss:Type="String">2023-12-07 16:43:55.238559</Data></Cell>
		</Row>
		<Row>
			<Cell><Data ss:Type="String">1830</Data></Cell>
			<Cell><Data ss:Type="Number">0.4</Data></Cell>
			<Cell><Data ss:Type="Number">-10.14</Data></Cell>
			<Cell><Data ss:Type="Number">0.18</Data></Cell>
			<Cell><Data ss:Type="Number">-9.49</Data></Cell>
			<Cell><Data ss:Type="Number">-0.08</Data></Cell>
			<Cell><Data ss:Type="Number">-0.89</Data></Cell>
			<Cell><Data ss:Type="Number">22.7</Data></Cell>
			<Cell><Data ss:Type="Number">39.5</Data></Cell>
			<Cell><Data ss:Type="Number">0</Data></Cell>
			<Cell><Data ss:Type="Number">0</Data></Cell>
			<Cell><Data ss:Type="String">2023-12-07 16:43:55.236634</Data></Cell>
		</Row>
		<Row>
			<Cell><Data ss:Type="String">1829</Data></Cell>
			<Cell><Data ss:Type="Number">0.33</Data></Cell>
			<Cell><Data ss:Type="Number">-9.91</Data></Cell>
			<Cell><Data ss:Type="Number">-0.07</Data></Cell>
			<Cell><Data ss:Type="Number">-9.41</Data></Cell>
			<Cell><Data ss:Type="Number">-0.08</Data></Cell>
			<Cell><Data ss:Type="Number">-0.93</Data></Cell>
			<Cell><Data ss:Type="Number">22.7</Data></Cell>
			<Cell><Data ss:Type="Number">39.5</Data></Cell>
			<Cell><Data ss:Type="Number">0</Data></Cell>
			<Cell><Data ss:Type="Number">0</Data></Cell>
			<Cell><Data ss:Type="String">2023-12-07 16:43:55.190777</Data></Cell>
		</Row>
		<Row>
			<Cell><Data ss:Type="String">1828</Data></Cell>
			<Cell><Data ss:Type="Number">0.3</Data></Cell>
			<Cell><Data ss:Type="Number">-9.99</Data></Cell>
			<Cell><Data ss:Type="Number">0.16</Data></Cell>
			<Cell><Data ss:Type="Number">-9.5</Data></Cell>
			<Cell><Data ss:Type="Number">-0.09</Data></Cell>
			<Cell><Data ss:Type="Number">-0.92</Data></Cell>
			<Cell><Data ss:Type="Number">22.7</Data></Cell>
			<Cell><Data ss:Type="Number">39.5</Data></Cell>
			<Cell><Data ss:Type="Number">0</Data></Cell>
			<Cell><Data ss:Type="Number">0</Data></Cell>
			<Cell><Data ss:Type="String">2023-12-07 16:43:55.145954</Data></Cell>
		</Row>
		<Row>
			<Cell><Data ss:Type="String">1827</Data></Cell>
			<Cell><Data ss:Type="Number">0.24</Data></Cell>
			<Cell><Data ss:Type="Number">-9.89</Data></Cell>
			<Cell><Data ss:Type="Number">0.09</Data></Cell>
			<Cell><Data ss:Type="Number">-9.41</Data></Cell>
			<Cell><Data ss:Type="Number">-0.06</Data></Cell>
			<Cell><Data ss:Type="Number">-0.93</Data></Cell>
			<Cell><Data ss:Type="Number">22.7</Data></Cell>
			<Cell><Data ss:Type="Number">39.5</Data></Cell>
			<Cell><Data ss:Type="Number">0</Data></Cell>
			<Cell><Data ss:Type="Number">0</Data></Cell>
			<Cell><Data ss:Type="String">2023-12-07 16:43:55.087286</Data></Cell>
		</Row>
		<Row>
			<Cell><Data ss:Type="String">1826</Data></Cell>
			<Cell><Data ss:Type="Number">0.3</Data></Cell>
			<Cell><Data ss:Type="Number">-10</Data></Cell>
			<Cell><Data ss:Type="Number">0.22</Data></Cell>
			<Cell><Data ss:Type="Number">-9.5</Data></Cell>
			<Cell><Data ss:Type="Number">-0.07</Data></Cell>
			<Cell><Data ss:Type="Number">-0.89</Data></Cell>
			<Cell><Data ss:Type="Number">22.7</Data></Cell>
			<Cell><Data ss:Type="Number">39.5</Data></Cell>
			<Cell><Data ss:Type="Number">0</Data></Cell>
			<Cell><Data ss:Type="Number">0</Data></Cell>
			<Cell><Data ss:Type="String">2023-12-07 16:43:55.068568</Data></Cell>
		</Row>
		<Row>
			<Cell><Data ss:Type="String">1825</Data></Cell>
			<Cell><Data ss:Type="Number">0.25</Data></Cell>
			<Cell><Data ss:Type="Number">-10.24</Data></Cell>
			<Cell><Data ss:Type="Number">0.22</Data></Cell>
			<Cell><Data ss:Type="Number">-9.55</Data></Cell>
			<Cell><Data ss:Type="Number">-0.1</Data></Cell>
			<Cell><Data ss:Type="Number">-0.86</Data></Cell>
			<Cell><Data ss:Type="Number">22.7</Data></Cell>
			<Cell><Data ss:Type="Number">39.5</Data></Cell>
			<Cell><Data ss:Type="Number">0</Data></Cell>
			<Cell><Data ss:Type="Number">0</Data></Cell>
			<Cell><Data ss:Type="String">2023-12-07 16:43:55.033546</Data></Cell>
		</Row>
		<Row>
			<Cell><Data ss:Type="String">1824</Data></Cell>
			<Cell><Data ss:Type="Number">0.25</Data></Cell>
			<Cell><Data ss:Type="Number">-10.21</Data></Cell>
			<Cell><Data ss:Type="Number">0.19</Data></Cell>
			<Cell><Data ss:Type="Number">-9.49</Data></Cell>
			<Cell><Data ss:Type="Number">-0.06</Data></Cell>
			<Cell><Data ss:Type="Number">-0.91</Data></Cell>
			<Cell><Data ss:Type="Number">22.7</Data></Cell>
			<Cell><Data ss:Type="Number">39.5</Data></Cell>
			<Cell><Data ss:Type="Number">0</Data></Cell>
			<Cell><Data ss:Type="Number">0</Data></Cell>
			<Cell><Data ss:Type="String">2023-12-07 16:43:55.031916</Data></Cell>
		</Row>
		<Row>
			<Cell><Data ss:Type="String">1823</Data></Cell>
			<Cell><Data ss:Type="Number">0.26</Data></Cell>
			<Cell><Data ss:Type="Number">-10.12</Data></Cell>
			<Cell><Data ss:Type="Number">0.15</Data></Cell>
			<Cell><Data ss:Type="Number">-9.47</Data></Cell>
			<Cell><Data ss:Type="Number">-0.07</Data></Cell>
			<Cell><Data ss:Type="Number">-0.9</Data></Cell>
			<Cell><Data ss:Type="Number">22.7</Data></Cell>
			<Cell><Data ss:Type="Number">39.5</Data></Cell>
			<Cell><Data ss:Type="Number">0</Data></Cell>
			<Cell><Data ss:Type="Number">0</Data></Cell>
			<Cell><Data ss:Type="String">2023-12-07 16:43:55.029723</Data></Cell>
		</Row>
		<Row>
			<Cell><Data ss:Type="String">1822</Data></Cell>
			<Cell><Data ss:Type="Number">0.27</Data></Cell>
			<Cell><Data ss:Type="Number">-9.99</Data></Cell>
			<Cell><Data ss:Type="Number">0.16</Data></Cell>
			<Cell><Data ss:Type="Number">-9.38</Data></Cell>
			<Cell><Data ss:Type="Number">-0.07</Data></Cell>
			<Cell><Data ss:Type="Number">-0.92</Data></Cell>
			<Cell><Data ss:Type="Number">22.7</Data></Cell>
			<Cell><Data ss:Type="Number">39.5</Data></Cell>
			<Cell><Data ss:Type="Number">0</Data></Cell>
			<Cell><Data ss:Type="Number">0</Data></Cell>
			<Cell><Data ss:Type="String">2023-12-07 16:43:55.027346</Data></Cell>
		</Row>
		<Row>
			<Cell><Data ss:Type="String">1821</Data></Cell>
			<Cell><Data ss:Type="Number">0.14</Data></Cell>
			<Cell><Data ss:Type="Number">-9.89</Data></Cell>
			<Cell><Data ss:Type="Number">0.07</Data></Cell>
			<Cell><Data ss:Type="Number">-9.46</Data></Cell>
			<Cell><Data ss:Type="Number">-0.09</Data></Cell>
			<Cell><Data ss:Type="Number">-0.93</Data></Cell>
			<Cell><Data ss:Type="Number">22.7</Data></Cell>
			<Cell><Data ss:Type="Number">39.5</Data></Cell>
			<Cell><Data ss:Type="Number">0</Data></Cell>
			<Cell><Data ss:Type="Number">0</Data></Cell>
			<Cell><Data ss:Type="String">2023-12-07 16:43:55.025231</Data></Cell>
		</Row>
		<Row>
			<Cell><Data ss:Type="String">1820</Data></Cell>
			<Cell><Data ss:Type="Number">0.27</Data></Cell>
			<Cell><Data ss:Type="Number">-10.16</Data></Cell>
			<Cell><Data ss:Type="Number">0.14</Data></Cell>
			<Cell><Data ss:Type="Number">-9.54</Data></Cell>
			<Cell><Data ss:Type="Number">-0.07</Data></Cell>
			<Cell><Data ss:Type="Number">-0.91</Data></Cell>
			<Cell><Data ss:Type="Number">22.7</Data></Cell>
			<Cell><Data ss:Type="Number">39.5</Data></Cell>
			<Cell><Data ss:Type="Number">0</Data></Cell>
			<Cell><Data ss:Type="Number">0</Data></Cell>
			<Cell><Data ss:Type="String">2023-12-07 16:43:55.023311</Data></Cell>
		</Row>
		<Row>
			<Cell><Data ss:Type="String">1819</Data></Cell>
			<Cell><Data ss:Type="Number">0.31</Data></Cell>
			<Cell><Data ss:Type="Number">-10.21</Data></Cell>
			<Cell><Data ss:Type="Number">0.19</Data></Cell>
			<Cell><Data ss:Type="Number">-9.52</Data></Cell>
			<Cell><Data ss:Type="Number">-0.07</Data></Cell>
			<Cell><Data ss:Type="Number">-0.89</Data></Cell>
			<Cell><Data ss:Type="Number">22.7</Data></Cell>
			<Cell><Data ss:Type="Number">39.5</Data></Cell>
			<Cell><Data ss:Type="Number">0</Data></Cell>
			<Cell><Data ss:Type="Number">0</Data></Cell>
			<Cell><Data ss:Type="String">2023-12-07 16:43:55.021182</Data></Cell>
		</Row>
		<Row>
			<Cell><Data ss:Type="String">1818</Data></Cell>
			<Cell><Data ss:Type="Number">0.26</Data></Cell>
			<Cell><Data ss:Type="Number">-10.23</Data></Cell>
			<Cell><Data ss:Type="Number">0.17</Data></Cell>
			<Cell><Data ss:Type="Number">-9.49</Data></Cell>
			<Cell><Data ss:Type="Number">-0.07</Data></Cell>
			<Cell><Data ss:Type="Number">-0.91</Data></Cell>
			<Cell><Data ss:Type="Number">22.7</Data></Cell>
			<Cell><Data ss:Type="Number">39.5</Data></Cell>
			<Cell><Data ss:Type="Number">0</Data></Cell>
			<Cell><Data ss:Type="Number">0</Data></Cell>
			<Cell><Data ss:Type="String">2023-12-07 16:43:54.798670</Data></Cell>
		</Row>
		<Row>
			<Cell><Data ss:Type="String">1817</Data></Cell>
			<Cell><Data ss:Type="Number">0.3</Data></Cell>
			<Cell><Data ss:Type="Number">-9.91</Data></Cell>
			<Cell><Data ss:Type="Number">0.12</Data></Cell>
			<Cell><Data ss:Type="Number">-9.4</Data></Cell>
			<Cell><Data ss:Type="Number">-0.06</Data></Cell>
			<Cell><Data ss:Type="Number">-0.91</Data></Cell>
			<Cell><Data ss:Type="Number">22.7</Data></Cell>
			<Cell><Data ss:Type="Number">39.5</Data></Cell>
			<Cell><Data ss:Type="Number">0</Data></Cell>
			<Cell><Data ss:Type="Number">0</Data></Cell>
			<Cell><Data ss:Type="String">2023-12-07 16:43:54.796852</Data></Cell>
		</Row>
		<Row>
			<Cell><Data ss:Type="String">1816</Data></Cell>
			<Cell><Data ss:Type="Number">0.21</Data></Cell>
			<Cell><Data ss:Type="Number">-9.94</Data></Cell>
			<Cell><Data ss:Type="Number">0.16</Data></Cell>
			<Cell><Data ss:Type="Number">-9.45</Data></Cell>
			<Cell><Data ss:Type="Number">-0.1</Data></Cell>
			<Cell><Data ss:Type="Number">-0.92</Data></Cell>
			<Cell><Data ss:Type="Number">22.7</Data></Cell>
			<Cell><Data ss:Type="Number">39.5</Data></Cell>
			<Cell><Data ss:Type="Number">0</Data></Cell>
			<Cell><Data ss:Type="Number">0</Data></Cell>
			<Cell><Data ss:Type="String">2023-12-07 16:43:54.747384</Data></Cell>
		</Row>
		<Row>
			<Cell><Data ss:Type="String">1815</Data></Cell>
			<Cell><Data ss:Type="Number">0.29</Data></Cell>
			<Cell><Data ss:Type="Number">-10.02</Data></Cell>
			<Cell><Data ss:Type="Number">-0.01</Data></Cell>
			<Cell><Data ss:Type="Number">-9.53</Data></Cell>
			<Cell><Data ss:Type="Number">-0.07</Data></Cell>
			<Cell><Data ss:Type="Number">-0.91</Data></Cell>
			<Cell><Data ss:Type="Number">22.7</Data></Cell>
			<Cell><Data ss:Type="Number">39.5</Data></Cell>
			<Cell><Data ss:Type="Number">0</Data></Cell>
			<Cell><Data ss:Type="Number">0</Data></Cell>
			<Cell><Data ss:Type="String">2023-12-07 16:43:54.701456</Data></Cell>
		</Row>
		<Row>
			<Cell><Data ss:Type="String">1814</Data></Cell>
			<Cell><Data ss:Type="Number">0.28</Data></Cell>
			<Cell><Data ss:Type="Number">-10.28</Data></Cell>
			<Cell><Data ss:Type="Number">0.2</Data></Cell>
			<Cell><Data ss:Type="Number">-9.51</Data></Cell>
			<Cell><Data ss:Type="Number">-0.09</Data></Cell>
			<Cell><Data ss:Type="Number">-0.9</Data></Cell>
			<Cell><Data ss:Type="Number">22.7</Data></Cell>
			<Cell><Data ss:Type="Number">39.5</Data></Cell>
			<Cell><Data ss:Type="Number">0</Data></Cell>
			<Cell><Data ss:Type="Number">0</Data></Cell>
			<Cell><Data ss:Type="String">2023-12-07 16:43:54.699666</Data></Cell>
		</Row>
		<Row>
			<Cell><Data ss:Type="String">1813</Data></Cell>
			<Cell><Data ss:Type="Number">0.28</Data></Cell>
			<Cell><Data ss:Type="Number">-9.96</Data></Cell>
			<Cell><Data ss:Type="Number">0.15</Data></Cell>
			<Cell><Data ss:Type="Number">-9.4</Data></Cell>
			<Cell><Data ss:Type="Number">-0.07</Data></Cell>
			<Cell><Data ss:Type="Number">-0.93</Data></Cell>
			<Cell><Data ss:Type="Number">22.7</Data></Cell>
			<Cell><Data ss:Type="Number">39.5</Data></Cell>
			<Cell><Data ss:Type="Number">0</Data></Cell>
			<Cell><Data ss:Type="Number">0</Data></Cell>
			<Cell><Data ss:Type="String">2023-12-07 16:43:54.654015</Data></Cell>
		</Row>
		<Row>
			<Cell><Data ss:Type="String">1812</Data></Cell>
			<Cell><Data ss:Type="Number">0.3</Data></Cell>
			<Cell><Data ss:Type="Number">-9.96</Data></Cell>
			<Cell><Data ss:Type="Number">0.13</Data></Cell>
			<Cell><Data ss:Type="Number">-9.45</Data></Cell>
			<Cell><Data ss:Type="Number">-0.07</Data></Cell>
			<Cell><Data ss:Type="Number">-0.91</Data></Cell>
			<Cell><Data ss:Type="Number">22.7</Data></Cell>
			<Cell><Data ss:Type="Number">39.5</Data></Cell>
			<Cell><Data ss:Type="Number">0</Data></Cell>
			<Cell><Data ss:Type="Number">0</Data></Cell>
			<Cell><Data ss:Type="String">2023-12-07 16:43:54.608365</Data></Cell>
		</Row>
		<Row>
			<Cell><Data ss:Type="String">1811</Data></Cell>
			<Cell><Data ss:Type="Number">0.3</Data></Cell>
			<Cell><Data ss:Type="Number">-10.16</Data></Cell>
			<Cell><Data ss:Type="Number">0.15</Data></Cell>
			<Cell><Data ss:Type="Number">-9.54</Data></Cell>
			<Cell><Data ss:Type="Number">-0.08</Data></Cell>
			<Cell><Data ss:Type="Number">-0.88</Data></Cell>
			<Cell><Data ss:Type="Number">22.7</Data></Cell>
			<Cell><Data ss:Type="Number">39.5</Data></Cell>
			<Cell><Data ss:Type="Number">0</Data></Cell>
			<Cell><Data ss:Type="Number">0</Data></Cell>
			<Cell><Data ss:Type="String">2023-12-07 16:43:54.565210</Data></Cell>
		</Row>
		<Row>
			<Cell><Data ss:Type="String">1810</Data></Cell>
			<Cell><Data ss:Type="Number">0.31</Data></Cell>
			<Cell><Data ss:Type="Number">-10.28</Data></Cell>
			<Cell><Data ss:Type="Number">0.17</Data></Cell>
			<Cell><Data ss:Type="Number">-9.56</Data></Cell>
			<Cell><Data ss:Type="Number">-0.08</Data></Cell>
			<Cell><Data ss:Type="Number">-0.9</Data></Cell>
			<Cell><Data ss:Type="Number">22.7</Data></Cell>
			<Cell><Data ss:Type="Number">39.5</Data></Cell>
			<Cell><Data ss:Type="Number">0</Data></Cell>
			<Cell><Data ss:Type="Number">0</Data></Cell>
			<Cell><Data ss:Type="String">2023-12-07 16:43:54.563495</Data></Cell>
		</Row>
		<Row>
			<Cell><Data ss:Type="String">1809</Data></Cell>
			<Cell><Data ss:Type="Number">0.32</Data></Cell>
			<Cell><Data ss:Type="Number">-10.16</Data></Cell>
			<Cell><Data ss:Type="Number">0.29</Data></Cell>
			<Cell><Data ss:Type="Number">-9.45</Data></Cell>
			<Cell><Data ss:Type="Number">-0.06</Data></Cell>
			<Cell><Data ss:Type="Number">-0.93</Data></Cell>
			<Cell><Data ss:Type="Number">22.7</Data></Cell>
			<Cell><Data ss:Type="Number">39.5</Data></Cell>
			<Cell><Data ss:Type="Number">0</Data></Cell>
			<Cell><Data ss:Type="Number">0</Data></Cell>
			<Cell><Data ss:Type="String">2023-12-07 16:43:54.515828</Data></Cell>
		</Row>
		<Row>
			<Cell><Data ss:Type="String">1808</Data></Cell>
			<Cell><Data ss:Type="Number">0.33</Data></Cell>
			<Cell><Data ss:Type="Number">-9.93</Data></Cell>
			<Cell><Data ss:Type="Number">0.07</Data></Cell>
			<Cell><Data ss:Type="Number">-9.42</Data></Cell>
			<Cell><Data ss:Type="Number">-0.1</Data></Cell>
			<Cell><Data ss:Type="Number">-0.94</Data></Cell>
			<Cell><Data ss:Type="Number">22.7</Data></Cell>
			<Cell><Data ss:Type="Number">39.5</Data></Cell>
			<Cell><Data ss:Type="Number">0</Data></Cell>
			<Cell><Data ss:Type="Number">0</Data></Cell>
			<Cell><Data ss:Type="String">2023-12-07 16:43:54.470129</Data></Cell>
		</Row>
		<Row>
			<Cell><Data ss:Type="String">1807</Data></Cell>
			<Cell><Data ss:Type="Number">0.25</Data></Cell>
			<Cell><Data ss:Type="Number">-9.89</Data></Cell>
			<Cell><Data ss:Type="Number">0.12</Data></Cell>
			<Cell><Data ss:Type="Number">-9.47</Data></Cell>
			<Cell><Data ss:Type="Number">-0.06</Data></Cell>
			<Cell><Data ss:Type="Number">-0.91</Data></Cell>
			<Cell><Data ss:Type="Number">22.7</Data></Cell>
			<Cell><Data ss:Type="Number">39.5</Data></Cell>
			<Cell><Data ss:Type="Number">0</Data></Cell>
			<Cell><Data ss:Type="Number">0</Data></Cell>
			<Cell><Data ss:Type="String">2023-12-07 16:43:54.428950</Data></Cell>
		</Row>
		<Row>
			<Cell><Data ss:Type="String">1806</Data></Cell>
			<Cell><Data ss:Type="Number">0.29</Data></Cell>
			<Cell><Data ss:Type="Number">-10.22</Data></Cell>
			<Cell><Data ss:Type="Number">0.2</Data></Cell>
			<Cell><Data ss:Type="Number">-9.55</Data></Cell>
			<Cell><Data ss:Type="Number">-0.09</Data></Cell>
			<Cell><Data ss:Type="Number">-0.89</Data></Cell>
			<Cell><Data ss:Type="Number">22.7</Data></Cell>
			<Cell><Data ss:Type="Number">39.5</Data></Cell>
			<Cell><Data ss:Type="Number">0</Data></Cell>
			<Cell><Data ss:Type="Number">0</Data></Cell>
			<Cell><Data ss:Type="String">2023-12-07 16:43:54.426551</Data></Cell>
		</Row>
		<Row>
			<Cell><Data ss:Type="String">1805</Data></Cell>
			<Cell><Data ss:Type="Number">0.25</Data></Cell>
			<Cell><Data ss:Type="Number">-10.25</Data></Cell>
			<Cell><Data ss:Type="Number">0.07</Data></Cell>
			<Cell><Data ss:Type="Number">-9.5</Data></Cell>
			<Cell><Data ss:Type="Number">-0.05</Data></Cell>
			<Cell><Data ss:Type="Number">-0.91</Data></Cell>
			<Cell><Data ss:Type="Number">22.7</Data></Cell>
			<Cell><Data ss:Type="Number">39.5</Data></Cell>
			<Cell><Data ss:Type="Number">0</Data></Cell>
			<Cell><Data ss:Type="Number">0</Data></Cell>
			<Cell><Data ss:Type="String">2023-12-07 16:43:54.381778</Data></Cell>
		</Row>
		<Row>
			<Cell><Data ss:Type="String">1804</Data></Cell>
			<Cell><Data ss:Type="Number">0.3</Data></Cell>
			<Cell><Data ss:Type="Number">-9.92</Data></Cell>
			<Cell><Data ss:Type="Number">0.16</Data></Cell>
			<Cell><Data ss:Type="Number">-9.42</Data></Cell>
			<Cell><Data ss:Type="Number">-0.07</Data></Cell>
			<Cell><Data ss:Type="Number">-0.91</Data></Cell>
			<Cell><Data ss:Type="Number">22.7</Data></Cell>
			<Cell><Data ss:Type="Number">39.5</Data></Cell>
			<Cell><Data ss:Type="Number">0</Data></Cell>
			<Cell><Data ss:Type="Number">0</Data></Cell>
			<Cell><Data ss:Type="String">2023-12-07 16:43:54.332419</Data></Cell>
		</Row>
		<Row>
			<Cell><Data ss:Type="String">1803</Data></Cell>
			<Cell><Data ss:Type="Number">0.13</Data></Cell>
			<Cell><Data ss:Type="Number">-9.89</Data></Cell>
			<Cell><Data ss:Type="Number">0.13</Data></Cell>
			<Cell><Data ss:Type="Number">-9.45</Data></Cell>
			<Cell><Data ss:Type="Number">-0.07</Data></Cell>
			<Cell><Data ss:Type="Number">-0.92</Data></Cell>
			<Cell><Data ss:Type="Number">22.7</Data></Cell>
			<Cell><Data ss:Type="Number">39.5</Data></Cell>
			<Cell><Data ss:Type="Number">0</Data></Cell>
			<Cell><Data ss:Type="Number">0</Data></Cell>
			<Cell><Data ss:Type="String">2023-12-07 16:43:54.288077</Data></Cell>
		</Row>
		<Row>
			<Cell><Data ss:Type="String">1802</Data></Cell>
			<Cell><Data ss:Type="Number">0.3</Data></Cell>
			<Cell><Data ss:Type="Number">-10.17</Data></Cell>
			<Cell><Data ss:Type="Number">0.26</Data></Cell>
			<Cell><Data ss:Type="Number">-9.53</Data></Cell>
			<Cell><Data ss:Type="Number">-0.08</Data></Cell>
			<Cell><Data ss:Type="Number">-0.91</Data></Cell>
			<Cell><Data ss:Type="Number">22.7</Data></Cell>
			<Cell><Data ss:Type="Number">39.5</Data></Cell>
			<Cell><Data ss:Type="Number">0</Data></Cell>
			<Cell><Data ss:Type="Number">0</Data></Cell>
			<Cell><Data ss:Type="String">2023-12-07 16:43:54.285988</Data></Cell>
		</Row>
		<Row>
			<Cell><Data ss:Type="String">1801</Data></Cell>
			<Cell><Data ss:Type="Number">0.3</Data></Cell>
			<Cell><Data ss:Type="Number">-10.26</Data></Cell>
			<Cell><Data ss:Type="Number">0.17</Data></Cell>
			<Cell><Data ss:Type="Number">-9.51</Data></Cell>
			<Cell><Data ss:Type="Number">-0.07</Data></Cell>
			<Cell><Data ss:Type="Number">-0.89</Data></Cell>
			<Cell><Data ss:Type="Number">22.7</Data></Cell>
			<Cell><Data ss:Type="Number">39.5</Data></Cell>
			<Cell><Data ss:Type="Number">0</Data></Cell>
			<Cell><Data ss:Type="Number">0</Data></Cell>
			<Cell><Data ss:Type="String">2023-12-07 16:43:54.240092</Data></Cell>
		</Row>
		<Row>
			<Cell><Data ss:Type="String">1800</Data></Cell>
			<Cell><Data ss:Type="Number">0.18</Data></Cell>
			<Cell><Data ss:Type="Number">-10.22</Data></Cell>
			<Cell><Data ss:Type="Number">0.19</Data></Cell>
			<Cell><Data ss:Type="Number">-9.45</Data></Cell>
			<Cell><Data ss:Type="Number">-0.08</Data></Cell>
			<Cell><Data ss:Type="Number">-0.91</Data></Cell>
			<Cell><Data ss:Type="Number">22.7</Data></Cell>
			<Cell><Data ss:Type="Number">39.5</Data></Cell>
			<Cell><Data ss:Type="Number">0</Data></Cell>
			<Cell><Data ss:Type="Number">0</Data></Cell>
			<Cell><Data ss:Type="String">2023-12-07 16:43:54.198992</Data></Cell>
		</Row>
		<Row>
			<Cell><Data ss:Type="String">1799</Data></Cell>
			<Cell><Data ss:Type="Number">0.43</Data></Cell>
			<Cell><Data ss:Type="Number">-9.94</Data></Cell>
			<Cell><Data ss:Type="Number">0.07</Data></Cell>
			<Cell><Data ss:Type="Number">-9.42</Data></Cell>
			<Cell><Data ss:Type="Number">-0.06</Data></Cell>
			<Cell><Data ss:Type="Number">-0.92</Data></Cell>
			<Cell><Data ss:Type="Number">22.7</Data></Cell>
			<Cell><Data ss:Type="Number">39.5</Data></Cell>
			<Cell><Data ss:Type="Number">0</Data></Cell>
			<Cell><Data ss:Type="Number">0</Data></Cell>
			<Cell><Data ss:Type="String">2023-12-07 16:43:54.197339</Data></Cell>
		</Row>
		<Row>
			<Cell><Data ss:Type="String">1798</Data></Cell>
			<Cell><Data ss:Type="Number">0.41</Data></Cell>
			<Cell><Data ss:Type="Number">-9.91</Data></Cell>
			<Cell><Data ss:Type="Number">0.11</Data></Cell>
			<Cell><Data ss:Type="Number">-9.54</Data></Cell>
			<Cell><Data ss:Type="Number">-0.07</Data></Cell>
			<Cell><Data ss:Type="Number">-0.93</Data></Cell>
			<Cell><Data ss:Type="Number">22.7</Data></Cell>
			<Cell><Data ss:Type="Number">39.5</Data></Cell>
			<Cell><Data ss:Type="Number">0</Data></Cell>
			<Cell><Data ss:Type="Number">0</Data></Cell>
			<Cell><Data ss:Type="String">2023-12-07 16:43:54.147742</Data></Cell>
		</Row>
		<Row>
			<Cell><Data ss:Type="String">1797</Data></Cell>
			<Cell><Data ss:Type="Number">0.28</Data></Cell>
			<Cell><Data ss:Type="Number">-10.25</Data></Cell>
			<Cell><Data ss:Type="Number">0.15</Data></Cell>
			<Cell><Data ss:Type="Number">-9.56</Data></Cell>
			<Cell><Data ss:Type="Number">-0.07</Data></Cell>
			<Cell><Data ss:Type="Number">-0.89</Data></Cell>
			<Cell><Data ss:Type="Number">22.7</Data></Cell>
			<Cell><Data ss:Type="Number">39.5</Data></Cell>
			<Cell><Data ss:Type="Number">0</Data></Cell>
			<Cell><Data ss:Type="Number">0</Data></Cell>
			<Cell><Data ss:Type="String">2023-12-07 16:43:54.104703</Data></Cell>
		</Row>
		<Row>
			<Cell><Data ss:Type="String">1796</Data></Cell>
			<Cell><Data ss:Type="Number">0.34</Data></Cell>
			<Cell><Data ss:Type="Number">-10.26</Data></Cell>
			<Cell><Data ss:Type="Number">0.21</Data></Cell>
			<Cell><Data ss:Type="Number">-9.52</Data></Cell>
			<Cell><Data ss:Type="Number">-0.07</Data></Cell>
			<Cell><Data ss:Type="Number">-0.9</Data></Cell>
			<Cell><Data ss:Type="Number">22.7</Data></Cell>
			<Cell><Data ss:Type="Number">39.5</Data></Cell>
			<Cell><Data ss:Type="Number">0</Data></Cell>
			<Cell><Data ss:Type="Number">0</Data></Cell>
			<Cell><Data ss:Type="String">2023-12-07 16:43:54.102620</Data></Cell>
		</Row>
		<Row>
			<Cell><Data ss:Type="String">1795</Data></Cell>
			<Cell><Data ss:Type="Number">0.25</Data></Cell>
			<Cell><Data ss:Type="Number">-10.13</Data></Cell>
			<Cell><Data ss:Type="Number">0.2</Data></Cell>
			<Cell><Data ss:Type="Number">-9.46</Data></Cell>
			<Cell><Data ss:Type="Number">-0.06</Data></Cell>
			<Cell><Data ss:Type="Number">-0.91</Data></Cell>
			<Cell><Data ss:Type="Number">22.7</Data></Cell>
			<Cell><Data ss:Type="Number">39.5</Data></Cell>
			<Cell><Data ss:Type="Number">0</Data></Cell>
			<Cell><Data ss:Type="Number">0</Data></Cell>
			<Cell><Data ss:Type="String">2023-12-07 16:43:54.100476</Data></Cell>
		</Row>
		<Row>
			<Cell><Data ss:Type="String">1794</Data></Cell>
			<Cell><Data ss:Type="Number">0.32</Data></Cell>
			<Cell><Data ss:Type="Number">-9.97</Data></Cell>
			<Cell><Data ss:Type="Number">0.12</Data></Cell>
			<Cell><Data ss:Type="Number">-9.41</Data></Cell>
			<Cell><Data ss:Type="Number">-0.06</Data></Cell>
			<Cell><Data ss:Type="Number">-0.92</Data></Cell>
			<Cell><Data ss:Type="Number">22.7</Data></Cell>
			<Cell><Data ss:Type="Number">39.5</Data></Cell>
			<Cell><Data ss:Type="Number">0</Data></Cell>
			<Cell><Data ss:Type="Number">0</Data></Cell>
			<Cell><Data ss:Type="String">2023-12-07 16:43:54.098195</Data></Cell>
		</Row>
		<Row>
			<Cell><Data ss:Type="String">1793</Data></Cell>
			<Cell><Data ss:Type="Number">0.27</Data></Cell>
			<Cell><Data ss:Type="Number">-10.04</Data></Cell>
			<Cell><Data ss:Type="Number">0.15</Data></Cell>
			<Cell><Data ss:Type="Number">-9.46</Data></Cell>
			<Cell><Data ss:Type="Number">-0.08</Data></Cell>
			<Cell><Data ss:Type="Number">-0.88</Data></Cell>
			<Cell><Data ss:Type="Number">22.7</Data></Cell>
			<Cell><Data ss:Type="Number">39.5</Data></Cell>
			<Cell><Data ss:Type="Number">0</Data></Cell>
			<Cell><Data ss:Type="Number">0</Data></Cell>
			<Cell><Data ss:Type="String">2023-12-07 16:43:54.096333</Data></Cell>
		</Row>
		<Row>
			<Cell><Data ss:Type="String">1792</Data></Cell>
			<Cell><Data ss:Type="Number">0.43</Data></Cell>
			<Cell><Data ss:Type="Number">-10.16</Data></Cell>
			<Cell><Data ss:Type="Number">0.14</Data></Cell>
			<Cell><Data ss:Type="Number">-9.55</Data></Cell>
			<Cell><Data ss:Type="Number">-0.07</Data></Cell>
			<Cell><Data ss:Type="Number">-0.89</Data></Cell>
			<Cell><Data ss:Type="Number">22.7</Data></Cell>
			<Cell><Data ss:Type="Number">39.5</Data></Cell>
			<Cell><Data ss:Type="Number">0</Data></Cell>
			<Cell><Data ss:Type="Number">0</Data></Cell>
			<Cell><Data ss:Type="String">2023-12-07 16:43:53.949793</Data></Cell>
		</Row>
		<Row>
			<Cell><Data ss:Type="String">1791</Data></Cell>
			<Cell><Data ss:Type="Number">0.3</Data></Cell>
			<Cell><Data ss:Type="Number">-10.13</Data></Cell>
			<Cell><Data ss:Type="Number">0.35</Data></Cell>
			<Cell><Data ss:Type="Number">-9.52</Data></Cell>
			<Cell><Data ss:Type="Number">-0.08</Data></Cell>
			<Cell><Data ss:Type="Number">-0.89</Data></Cell>
			<Cell><Data ss:Type="Number">22.7</Data></Cell>
			<Cell><Data ss:Type="Number">39.5</Data></Cell>
			<Cell><Data ss:Type="Number">0</Data></Cell>
			<Cell><Data ss:Type="Number">0</Data></Cell>
			<Cell><Data ss:Type="String">2023-12-07 16:43:53.904882</Data></Cell>
		</Row>
		<Row>
			<Cell><Data ss:Type="String">1790</Data></Cell>
			<Cell><Data ss:Type="Number">0.24</Data></Cell>
			<Cell><Data ss:Type="Number">-10.05</Data></Cell>
			<Cell><Data ss:Type="Number">0.19</Data></Cell>
			<Cell><Data ss:Type="Number">-9.5</Data></Cell>
			<Cell><Data ss:Type="Number">-0.09</Data></Cell>
			<Cell><Data ss:Type="Number">-0.91</Data></Cell>
			<Cell><Data ss:Type="Number">22.7</Data></Cell>
			<Cell><Data ss:Type="Number">39.5</Data></Cell>
			<Cell><Data ss:Type="Number">0</Data></Cell>
			<Cell><Data ss:Type="Number">0</Data></Cell>
			<Cell><Data ss:Type="String">2023-12-07 16:43:53.862764</Data></Cell>
		</Row>
		<Row>
			<Cell><Data ss:Type="String">1789</Data></Cell>
			<Cell><Data ss:Type="Number">0.33</Data></Cell>
			<Cell><Data ss:Type="Number">-10.21</Data></Cell>
			<Cell><Data ss:Type="Number">0.19</Data></Cell>
			<Cell><Data ss:Type="Number">-9.54</Data></Cell>
			<Cell><Data ss:Type="Number">-0.08</Data></Cell>
			<Cell><Data ss:Type="Number">-0.89</Data></Cell>
			<Cell><Data ss:Type="Number">22.7</Data></Cell>
			<Cell><Data ss:Type="Number">39.5</Data></Cell>
			<Cell><Data ss:Type="Number">0</Data></Cell>
			<Cell><Data ss:Type="Number">0</Data></Cell>
			<Cell><Data ss:Type="String">2023-12-07 16:43:53.856714</Data></Cell>
		</Row>
		<Row>
			<Cell><Data ss:Type="String">1788</Data></Cell>
			<Cell><Data ss:Type="Number">0.31</Data></Cell>
			<Cell><Data ss:Type="Number">-10.06</Data></Cell>
			<Cell><Data ss:Type="Number">0.16</Data></Cell>
			<Cell><Data ss:Type="Number">-9.43</Data></Cell>
			<Cell><Data ss:Type="Number">-0.07</Data></Cell>
			<Cell><Data ss:Type="Number">-0.89</Data></Cell>
			<Cell><Data ss:Type="Number">22.7</Data></Cell>
			<Cell><Data ss:Type="Number">39.5</Data></Cell>
			<Cell><Data ss:Type="Number">0</Data></Cell>
			<Cell><Data ss:Type="Number">0</Data></Cell>
			<Cell><Data ss:Type="String">2023-12-07 16:43:53.811603</Data></Cell>
		</Row>
		<Row>
			<Cell><Data ss:Type="String">1787</Data></Cell>
			<Cell><Data ss:Type="Number">0.28</Data></Cell>
			<Cell><Data ss:Type="Number">-9.95</Data></Cell>
			<Cell><Data ss:Type="Number">0.11</Data></Cell>
			<Cell><Data ss:Type="Number">-9.42</Data></Cell>
			<Cell><Data ss:Type="Number">-0.07</Data></Cell>
			<Cell><Data ss:Type="Number">-0.92</Data></Cell>
			<Cell><Data ss:Type="Number">22.7</Data></Cell>
			<Cell><Data ss:Type="Number">39.5</Data></Cell>
			<Cell><Data ss:Type="Number">0</Data></Cell>
			<Cell><Data ss:Type="Number">0</Data></Cell>
			<Cell><Data ss:Type="String">2023-12-07 16:43:53.764966</Data></Cell>
		</Row>
		<Row>
			<Cell><Data ss:Type="String">1786</Data></Cell>
			<Cell><Data ss:Type="Number">0.28</Data></Cell>
			<Cell><Data ss:Type="Number">-10.02</Data></Cell>
			<Cell><Data ss:Type="Number">0.21</Data></Cell>
			<Cell><Data ss:Type="Number">-9.52</Data></Cell>
			<Cell><Data ss:Type="Number">-0.08</Data></Cell>
			<Cell><Data ss:Type="Number">-0.89</Data></Cell>
			<Cell><Data ss:Type="Number">22.7</Data></Cell>
			<Cell><Data ss:Type="Number">39.5</Data></Cell>
			<Cell><Data ss:Type="Number">0</Data></Cell>
			<Cell><Data ss:Type="Number">0</Data></Cell>
			<Cell><Data ss:Type="String">2023-12-07 16:43:53.734901</Data></Cell>
		</Row>
		<Row>
			<Cell><Data ss:Type="String">1785</Data></Cell>
			<Cell><Data ss:Type="Number">0.32</Data></Cell>
			<Cell><Data ss:Type="Number">-10.23</Data></Cell>
			<Cell><Data ss:Type="Number">0.18</Data></Cell>
			<Cell><Data ss:Type="Number">-9.56</Data></Cell>
			<Cell><Data ss:Type="Number">-0.05</Data></Cell>
			<Cell><Data ss:Type="Number">-0.89</Data></Cell>
			<Cell><Data ss:Type="Number">22.7</Data></Cell>
			<Cell><Data ss:Type="Number">39.5</Data></Cell>
			<Cell><Data ss:Type="Number">0</Data></Cell>
			<Cell><Data ss:Type="Number">0</Data></Cell>
			<Cell><Data ss:Type="String">2023-12-07 16:43:53.733234</Data></Cell>
		</Row>
		<Row>
			<Cell><Data ss:Type="String">1784</Data></Cell>
			<Cell><Data ss:Type="Number">0.23</Data></Cell>
			<Cell><Data ss:Type="Number">-10.29</Data></Cell>
			<Cell><Data ss:Type="Number">0.24</Data></Cell>
			<Cell><Data ss:Type="Number">-9.52</Data></Cell>
			<Cell><Data ss:Type="Number">-0.09</Data></Cell>
			<Cell><Data ss:Type="Number">-0.88</Data></Cell>
			<Cell><Data ss:Type="Number">22.7</Data></Cell>
			<Cell><Data ss:Type="Number">39.5</Data></Cell>
			<Cell><Data ss:Type="Number">0</Data></Cell>
			<Cell><Data ss:Type="Number">0</Data></Cell>
			<Cell><Data ss:Type="String">2023-12-07 16:43:53.731488</Data></Cell>
		</Row>
		<Row>
			<Cell><Data ss:Type="String">1783</Data></Cell>
			<Cell><Data ss:Type="Number">0.25</Data></Cell>
			<Cell><Data ss:Type="Number">-10.15</Data></Cell>
			<Cell><Data ss:Type="Number">0.18</Data></Cell>
			<Cell><Data ss:Type="Number">-9.44</Data></Cell>
			<Cell><Data ss:Type="Number">-0.06</Data></Cell>
			<Cell><Data ss:Type="Number">-0.91</Data></Cell>
			<Cell><Data ss:Type="Number">22.7</Data></Cell>
			<Cell><Data ss:Type="Number">39.5</Data></Cell>
			<Cell><Data ss:Type="Number">0</Data></Cell>
			<Cell><Data ss:Type="Number">0</Data></Cell>
			<Cell><Data ss:Type="String">2023-12-07 16:43:53.729423</Data></Cell>
		</Row>
		<Row>
			<Cell><Data ss:Type="String">1782</Data></Cell>
			<Cell><Data ss:Type="Number">0.29</Data></Cell>
			<Cell><Data ss:Type="Number">-9.94</Data></Cell>
			<Cell><Data ss:Type="Number">0.14</Data></Cell>
			<Cell><Data ss:Type="Number">-9.45</Data></Cell>
			<Cell><Data ss:Type="Number">-0.09</Data></Cell>
			<Cell><Data ss:Type="Number">-0.94</Data></Cell>
			<Cell><Data ss:Type="Number">22.7</Data></Cell>
			<Cell><Data ss:Type="Number">39.5</Data></Cell>
			<Cell><Data ss:Type="Number">0</Data></Cell>
			<Cell><Data ss:Type="Number">0</Data></Cell>
			<Cell><Data ss:Type="String">2023-12-07 16:43:53.726945</Data></Cell>
		</Row>
		<Row>
			<Cell><Data ss:Type="String">1781</Data></Cell>
			<Cell><Data ss:Type="Number">0.27</Data></Cell>
			<Cell><Data ss:Type="Number">-9.94</Data></Cell>
			<Cell><Data ss:Type="Number">0.14</Data></Cell>
			<Cell><Data ss:Type="Number">-9.45</Data></Cell>
			<Cell><Data ss:Type="Number">-0.06</Data></Cell>
			<Cell><Data ss:Type="Number">-0.9</Data></Cell>
			<Cell><Data ss:Type="Number">22.7</Data></Cell>
			<Cell><Data ss:Type="Number">39.5</Data></Cell>
			<Cell><Data ss:Type="Number">0</Data></Cell>
			<Cell><Data ss:Type="Number">0</Data></Cell>
			<Cell><Data ss:Type="String">2023-12-07 16:43:53.724758</Data></Cell>
		</Row>
		<Row>
			<Cell><Data ss:Type="String">1780</Data></Cell>
			<Cell><Data ss:Type="Number">0.3</Data></Cell>
			<Cell><Data ss:Type="Number">-10.02</Data></Cell>
			<Cell><Data ss:Type="Number">0.07</Data></Cell>
			<Cell><Data ss:Type="Number">-9.54</Data></Cell>
			<Cell><Data ss:Type="Number">-0.09</Data></Cell>
			<Cell><Data ss:Type="Number">-0.95</Data></Cell>
			<Cell><Data ss:Type="Number">22.7</Data></Cell>
			<Cell><Data ss:Type="Number">39.5</Data></Cell>
			<Cell><Data ss:Type="Number">0</Data></Cell>
			<Cell><Data ss:Type="Number">0</Data></Cell>
			<Cell><Data ss:Type="String">2023-12-07 16:43:53.722819</Data></Cell>
		</Row>
		<Row>
			<Cell><Data ss:Type="String">1779</Data></Cell>
			<Cell><Data ss:Type="Number">0.26</Data></Cell>
			<Cell><Data ss:Type="Number">-10.25</Data></Cell>
			<Cell><Data ss:Type="Number">0.21</Data></Cell>
			<Cell><Data ss:Type="Number">-9.54</Data></Cell>
			<Cell><Data ss:Type="Number">-0.06</Data></Cell>
			<Cell><Data ss:Type="Number">-0.86</Data></Cell>
			<Cell><Data ss:Type="Number">22.7</Data></Cell>
			<Cell><Data ss:Type="Number">39.5</Data></Cell>
			<Cell><Data ss:Type="Number">0</Data></Cell>
			<Cell><Data ss:Type="Number">0</Data></Cell>
			<Cell><Data ss:Type="String">2023-12-07 16:43:53.717652</Data></Cell>
		</Row>
		<Row>
			<Cell><Data ss:Type="String">1778</Data></Cell>
			<Cell><Data ss:Type="Number">0.28</Data></Cell>
			<Cell><Data ss:Type="Number">-10.12</Data></Cell>
			<Cell><Data ss:Type="Number">0.13</Data></Cell>
			<Cell><Data ss:Type="Number">-9.45</Data></Cell>
			<Cell><Data ss:Type="Number">-0.07</Data></Cell>
			<Cell><Data ss:Type="Number">-0.89</Data></Cell>
			<Cell><Data ss:Type="Number">22.7</Data></Cell>
			<Cell><Data ss:Type="Number">39.5</Data></Cell>
			<Cell><Data ss:Type="Number">0</Data></Cell>
			<Cell><Data ss:Type="Number">0</Data></Cell>
			<Cell><Data ss:Type="String">2023-12-07 16:43:53.481369</Data></Cell>
		</Row>
		<Row>
			<Cell><Data ss:Type="String">1777</Data></Cell>
			<Cell><Data ss:Type="Number">0.32</Data></Cell>
			<Cell><Data ss:Type="Number">-9.95</Data></Cell>
			<Cell><Data ss:Type="Number">0.1</Data></Cell>
			<Cell><Data ss:Type="Number">-9.44</Data></Cell>
			<Cell><Data ss:Type="Number">-0.07</Data></Cell>
			<Cell><Data ss:Type="Number">-0.96</Data></Cell>
			<Cell><Data ss:Type="Number">22.7</Data></Cell>
			<Cell><Data ss:Type="Number">39.5</Data></Cell>
			<Cell><Data ss:Type="Number">0</Data></Cell>
			<Cell><Data ss:Type="Number">0</Data></Cell>
			<Cell><Data ss:Type="String">2023-12-07 16:43:53.421967</Data></Cell>
		</Row>
		<Row>
			<Cell><Data ss:Type="String">1776</Data></Cell>
			<Cell><Data ss:Type="Number">0.31</Data></Cell>
			<Cell><Data ss:Type="Number">-9.94</Data></Cell>
			<Cell><Data ss:Type="Number">0.21</Data></Cell>
			<Cell><Data ss:Type="Number">-9.44</Data></Cell>
			<Cell><Data ss:Type="Number">-0.07</Data></Cell>
			<Cell><Data ss:Type="Number">-0.87</Data></Cell>
			<Cell><Data ss:Type="Number">22.7</Data></Cell>
			<Cell><Data ss:Type="Number">39.5</Data></Cell>
			<Cell><Data ss:Type="Number">0</Data></Cell>
			<Cell><Data ss:Type="Number">0</Data></Cell>
			<Cell><Data ss:Type="String">2023-12-07 16:43:53.420023</Data></Cell>
		</Row>
		<Row>
			<Cell><Data ss:Type="String">1775</Data></Cell>
			<Cell><Data ss:Type="Number">0.37</Data></Cell>
			<Cell><Data ss:Type="Number">-10.15</Data></Cell>
			<Cell><Data ss:Type="Number">0.11</Data></Cell>
			<Cell><Data ss:Type="Number">-9.56</Data></Cell>
			<Cell><Data ss:Type="Number">-0.11</Data></Cell>
			<Cell><Data ss:Type="Number">-0.97</Data></Cell>
			<Cell><Data ss:Type="Number">22.7</Data></Cell>
			<Cell><Data ss:Type="Number">39.5</Data></Cell>
			<Cell><Data ss:Type="Number">0</Data></Cell>
			<Cell><Data ss:Type="Number">0</Data></Cell>
			<Cell><Data ss:Type="String">2023-12-07 16:43:53.418335</Data></Cell>
		</Row>
		<Row>
			<Cell><Data ss:Type="String">1774</Data></Cell>
			<Cell><Data ss:Type="Number">0.19</Data></Cell>
			<Cell><Data ss:Type="Number">-10.2</Data></Cell>
			<Cell><Data ss:Type="Number">0.25</Data></Cell>
			<Cell><Data ss:Type="Number">-9.53</Data></Cell>
			<Cell><Data ss:Type="Number">-0.04</Data></Cell>
			<Cell><Data ss:Type="Number">-0.82</Data></Cell>
			<Cell><Data ss:Type="Number">22.7</Data></Cell>
			<Cell><Data ss:Type="Number">39.5</Data></Cell>
			<Cell><Data ss:Type="Number">0</Data></Cell>
			<Cell><Data ss:Type="Number">0</Data></Cell>
			<Cell><Data ss:Type="String">2023-12-07 16:43:53.416732</Data></Cell>
		</Row>
		<Row>
			<Cell><Data ss:Type="String">1773</Data></Cell>
			<Cell><Data ss:Type="Number">0.3</Data></Cell>
			<Cell><Data ss:Type="Number">-10.28</Data></Cell>
			<Cell><Data ss:Type="Number">0.25</Data></Cell>
			<Cell><Data ss:Type="Number">-9.52</Data></Cell>
			<Cell><Data ss:Type="Number">-0.09</Data></Cell>
			<Cell><Data ss:Type="Number">-0.96</Data></Cell>
			<Cell><Data ss:Type="Number">22.7</Data></Cell>
			<Cell><Data ss:Type="Number">39.5</Data></Cell>
			<Cell><Data ss:Type="Number">0</Data></Cell>
			<Cell><Data ss:Type="Number">0</Data></Cell>
			<Cell><Data ss:Type="String">2023-12-07 16:43:53.414883</Data></Cell>
		</Row>
		<Row>
			<Cell><Data ss:Type="String">1772</Data></Cell>
			<Cell><Data ss:Type="Number">0.32</Data></Cell>
			<Cell><Data ss:Type="Number">-9.92</Data></Cell>
			<Cell><Data ss:Type="Number">0.32</Data></Cell>
			<Cell><Data ss:Type="Number">-9.4</Data></Cell>
			<Cell><Data ss:Type="Number">-0.05</Data></Cell>
			<Cell><Data ss:Type="Number">-0.88</Data></Cell>
			<Cell><Data ss:Type="Number">22.7</Data></Cell>
			<Cell><Data ss:Type="Number">39.5</Data></Cell>
			<Cell><Data ss:Type="Number">0</Data></Cell>
			<Cell><Data ss:Type="Number">0</Data></Cell>
			<Cell><Data ss:Type="String">2023-12-07 16:43:53.412923</Data></Cell>
		</Row>
		<Row>
			<Cell><Data ss:Type="String">1771</Data></Cell>
			<Cell><Data ss:Type="Number">0.46</Data></Cell>
			<Cell><Data ss:Type="Number">-9.94</Data></Cell>
			<Cell><Data ss:Type="Number">0.22</Data></Cell>
			<Cell><Data ss:Type="Number">-9.42</Data></Cell>
			<Cell><Data ss:Type="Number">-0.21</Data></Cell>
			<Cell><Data ss:Type="Number">-0.9</Data></Cell>
			<Cell><Data ss:Type="Number">22.7</Data></Cell>
			<Cell><Data ss:Type="Number">39.5</Data></Cell>
			<Cell><Data ss:Type="Number">0</Data></Cell>
			<Cell><Data ss:Type="Number">0</Data></Cell>
			<Cell><Data ss:Type="String">2023-12-07 16:43:53.410399</Data></Cell>
		</Row>
		<Row>
			<Cell><Data ss:Type="String">1770</Data></Cell>
			<Cell><Data ss:Type="Number">0</Data></Cell>
			<Cell><Data ss:Type="Number">-10</Data></Cell>
			<Cell><Data ss:Type="Number">-0.01</Data></Cell>
			<Cell><Data ss:Type="Number">-9.5</Data></Cell>
			<Cell><Data ss:Type="Number">0.04</Data></Cell>
			<Cell><Data ss:Type="Number">-0.95</Data></Cell>
			<Cell><Data ss:Type="Number">22.7</Data></Cell>
			<Cell><Data ss:Type="Number">39.5</Data></Cell>
			<Cell><Data ss:Type="Number">0</Data></Cell>
			<Cell><Data ss:Type="Number">0</Data></Cell>
			<Cell><Data ss:Type="String">2023-12-07 16:43:53.407858</Data></Cell>
		</Row>
		<Row>
			<Cell><Data ss:Type="String">1769</Data></Cell>
			<Cell><Data ss:Type="Number">-0.02</Data></Cell>
			<Cell><Data ss:Type="Number">-10.28</Data></Cell>
			<Cell><Data ss:Type="Number">-0.1</Data></Cell>
			<Cell><Data ss:Type="Number">-9.51</Data></Cell>
			<Cell><Data ss:Type="Number">0.08</Data></Cell>
			<Cell><Data ss:Type="Number">-0.86</Data></Cell>
			<Cell><Data ss:Type="Number">22.7</Data></Cell>
			<Cell><Data ss:Type="Number">39.5</Data></Cell>
			<Cell><Data ss:Type="Number">0</Data></Cell>
			<Cell><Data ss:Type="Number">0</Data></Cell>
			<Cell><Data ss:Type="String">2023-12-07 16:43:53.199293</Data></Cell>
		</Row>
		<Row>
			<Cell><Data ss:Type="String">1768</Data></Cell>
			<Cell><Data ss:Type="Number">0.48</Data></Cell>
			<Cell><Data ss:Type="Number">-10.17</Data></Cell>
			<Cell><Data ss:Type="Number">0.09</Data></Cell>
			<Cell><Data ss:Type="Number">-9.51</Data></Cell>
			<Cell><Data ss:Type="Number">0.07</Data></Cell>
			<Cell><Data ss:Type="Number">-1</Data></Cell>
			<Cell><Data ss:Type="Number">22.7</Data></Cell>
			<Cell><Data ss:Type="Number">39.5</Data></Cell>
			<Cell><Data ss:Type="Number">0</Data></Cell>
			<Cell><Data ss:Type="Number">0</Data></Cell>
			<Cell><Data ss:Type="String">2023-12-07 16:43:53.133959</Data></Cell>
		</Row>
		<Row>
			<Cell><Data ss:Type="String">1767</Data></Cell>
			<Cell><Data ss:Type="Number">1.23</Data></Cell>
			<Cell><Data ss:Type="Number">-10</Data></Cell>
			<Cell><Data ss:Type="Number">0.92</Data></Cell>
			<Cell><Data ss:Type="Number">-9.39</Data></Cell>
			<Cell><Data ss:Type="Number">-0.67</Data></Cell>
			<Cell><Data ss:Type="Number">-0.76</Data></Cell>
			<Cell><Data ss:Type="Number">22.7</Data></Cell>
			<Cell><Data ss:Type="Number">39.5</Data></Cell>
			<Cell><Data ss:Type="Number">0</Data></Cell>
			<Cell><Data ss:Type="Number">0</Data></Cell>
			<Cell><Data ss:Type="String">2023-12-07 16:43:53.132366</Data></Cell>
		</Row>
		<Row>
			<Cell><Data ss:Type="String">1766</Data></Cell>
			<Cell><Data ss:Type="Number">-0.79</Data></Cell>
			<Cell><Data ss:Type="Number">-10.11</Data></Cell>
			<Cell><Data ss:Type="Number">-0.3</Data></Cell>
			<Cell><Data ss:Type="Number">-9.5</Data></Cell>
			<Cell><Data ss:Type="Number">0.09</Data></Cell>
			<Cell><Data ss:Type="Number">-0.91</Data></Cell>
			<Cell><Data ss:Type="Number">22.7</Data></Cell>
			<Cell><Data ss:Type="Number">39.5</Data></Cell>
			<Cell><Data ss:Type="Number">0</Data></Cell>
			<Cell><Data ss:Type="Number">0</Data></Cell>
			<Cell><Data ss:Type="String">2023-12-07 16:43:53.130494</Data></Cell>
		</Row>
		<Row>
			<Cell><Data ss:Type="String">1765</Data></Cell>
			<Cell><Data ss:Type="Number">-1.87</Data></Cell>
			<Cell><Data ss:Type="Number">-10.44</Data></Cell>
			<Cell><Data ss:Type="Number">-1.23</Data></Cell>
			<Cell><Data ss:Type="Number">-9.65</Data></Cell>
			<Cell><Data ss:Type="Number">1.03</Data></Cell>
			<Cell><Data ss:Type="Number">-1.12</Data></Cell>
			<Cell><Data ss:Type="Number">22.7</Data></Cell>
			<Cell><Data ss:Type="Number">39.5</Data></Cell>
			<Cell><Data ss:Type="Number">0</Data></Cell>
			<Cell><Data ss:Type="Number">0</Data></Cell>
			<Cell><Data ss:Type="String">2023-12-07 16:43:53.129159</Data></Cell>
		</Row>
		<Row>
			<Cell><Data ss:Type="String">1764</Data></Cell>
			<Cell><Data ss:Type="Number">1.53</Data></Cell>
			<Cell><Data ss:Type="Number">-9.5</Data></Cell>
			<Cell><Data ss:Type="Number">-0.11</Data></Cell>
			<Cell><Data ss:Type="Number">-9.26</Data></Cell>
			<Cell><Data ss:Type="Number">0.18</Data></Cell>
			<Cell><Data ss:Type="Number">-0.94</Data></Cell>
			<Cell><Data ss:Type="Number">22.7</Data></Cell>
			<Cell><Data ss:Type="Number">39.5</Data></Cell>
			<Cell><Data ss:Type="Number">0</Data></Cell>
			<Cell><Data ss:Type="Number">0</Data></Cell>
			<Cell><Data ss:Type="String">2023-12-07 16:43:53.127733</Data></Cell>
		</Row>
		<Row>
			<Cell><Data ss:Type="String">1763</Data></Cell>
			<Cell><Data ss:Type="Number">1.68</Data></Cell>
			<Cell><Data ss:Type="Number">-3.41</Data></Cell>
			<Cell><Data ss:Type="Number">0.38</Data></Cell>
			<Cell><Data ss:Type="Number">-7.81</Data></Cell>
			<Cell><Data ss:Type="Number">-0.77</Data></Cell>
			<Cell><Data ss:Type="Number">-0.7</Data></Cell>
			<Cell><Data ss:Type="Number">22.7</Data></Cell>
			<Cell><Data ss:Type="Number">39.5</Data></Cell>
			<Cell><Data ss:Type="Number">0</Data></Cell>
			<Cell><Data ss:Type="Number">0</Data></Cell>
			<Cell><Data ss:Type="String">2023-12-07 16:43:53.126262</Data></Cell>
		</Row>
		<Row>
			<Cell><Data ss:Type="String">1762</Data></Cell>
			<Cell><Data ss:Type="Number">0.19</Data></Cell>
			<Cell><Data ss:Type="Number">-10.04</Data></Cell>
			<Cell><Data ss:Type="Number">0.11</Data></Cell>
			<Cell><Data ss:Type="Number">-9.44</Data></Cell>
			<Cell><Data ss:Type="Number">-0.13</Data></Cell>
			<Cell><Data ss:Type="Number">-0.92</Data></Cell>
			<Cell><Data ss:Type="Number">22.7</Data></Cell>
			<Cell><Data ss:Type="Number">39.5</Data></Cell>
			<Cell><Data ss:Type="Number">0</Data></Cell>
			<Cell><Data ss:Type="Number">0</Data></Cell>
			<Cell><Data ss:Type="String">2023-12-07 16:43:53.124197</Data></Cell>
		</Row>
		<Row>
			<Cell><Data ss:Type="String">1761</Data></Cell>
			<Cell><Data ss:Type="Number">-0.14</Data></Cell>
			<Cell><Data ss:Type="Number">-9.83</Data></Cell>
			<Cell><Data ss:Type="Number">0.58</Data></Cell>
			<Cell><Data ss:Type="Number">-9.43</Data></Cell>
			<Cell><Data ss:Type="Number">-0.1</Data></Cell>
			<Cell><Data ss:Type="Number">-0.89</Data></Cell>
			<Cell><Data ss:Type="Number">22.7</Data></Cell>
			<Cell><Data ss:Type="Number">39.5</Data></Cell>
			<Cell><Data ss:Type="Number">0</Data></Cell>
			<Cell><Data ss:Type="Number">0</Data></Cell>
			<Cell><Data ss:Type="String">2023-12-07 16:43:52.889425</Data></Cell>
		</Row>
		<Row>
			<Cell><Data ss:Type="String">1760</Data></Cell>
			<Cell><Data ss:Type="Number">0.52</Data></Cell>
			<Cell><Data ss:Type="Number">-10.17</Data></Cell>
			<Cell><Data ss:Type="Number">0.06</Data></Cell>
			<Cell><Data ss:Type="Number">-9.42</Data></Cell>
			<Cell><Data ss:Type="Number">-0.09</Data></Cell>
			<Cell><Data ss:Type="Number">-0.88</Data></Cell>
			<Cell><Data ss:Type="Number">22.7</Data></Cell>
			<Cell><Data ss:Type="Number">39.5</Data></Cell>
			<Cell><Data ss:Type="Number">0</Data></Cell>
			<Cell><Data ss:Type="Number">0</Data></Cell>
			<Cell><Data ss:Type="String">2023-12-07 16:43:52.887472</Data></Cell>
		</Row>
		<Row>
			<Cell><Data ss:Type="String">1759</Data></Cell>
			<Cell><Data ss:Type="Number">0.82</Data></Cell>
			<Cell><Data ss:Type="Number">-9.99</Data></Cell>
			<Cell><Data ss:Type="Number">0.36</Data></Cell>
			<Cell><Data ss:Type="Number">-9.59</Data></Cell>
			<Cell><Data ss:Type="Number">-0.08</Data></Cell>
			<Cell><Data ss:Type="Number">-0.93</Data></Cell>
			<Cell><Data ss:Type="Number">22.7</Data></Cell>
			<Cell><Data ss:Type="Number">39.5</Data></Cell>
			<Cell><Data ss:Type="Number">0</Data></Cell>
			<Cell><Data ss:Type="Number">0</Data></Cell>
			<Cell><Data ss:Type="String">2023-12-07 16:43:52.841957</Data></Cell>
		</Row>
		<Row>
			<Cell><Data ss:Type="String">1758</Data></Cell>
			<Cell><Data ss:Type="Number">0.76</Data></Cell>
			<Cell><Data ss:Type="Number">-10.1</Data></Cell>
			<Cell><Data ss:Type="Number">0.29</Data></Cell>
			<Cell><Data ss:Type="Number">-9.52</Data></Cell>
			<Cell><Data ss:Type="Number">-0.07</Data></Cell>
			<Cell><Data ss:Type="Number">-0.89</Data></Cell>
			<Cell><Data ss:Type="Number">22.7</Data></Cell>
			<Cell><Data ss:Type="Number">39.5</Data></Cell>
			<Cell><Data ss:Type="Number">0</Data></Cell>
			<Cell><Data ss:Type="Number">0</Data></Cell>
			<Cell><Data ss:Type="String">2023-12-07 16:43:52.787999</Data></Cell>
		</Row>
		<Row>
			<Cell><Data ss:Type="String">1757</Data></Cell>
			<Cell><Data ss:Type="Number">0.05</Data></Cell>
			<Cell><Data ss:Type="Number">-9.8</Data></Cell>
			<Cell><Data ss:Type="Number">0.01</Data></Cell>
			<Cell><Data ss:Type="Number">-9.4</Data></Cell>
			<Cell><Data ss:Type="Number">-0.1</Data></Cell>
			<Cell><Data ss:Type="Number">-0.93</Data></Cell>
			<Cell><Data ss:Type="Number">22.7</Data></Cell>
			<Cell><Data ss:Type="Number">39.5</Data></Cell>
			<Cell><Data ss:Type="Number">0</Data></Cell>
			<Cell><Data ss:Type="Number">0</Data></Cell>
			<Cell><Data ss:Type="String">2023-12-07 16:43:52.786490</Data></Cell>
		</Row>
		<Row>
			<Cell><Data ss:Type="String">1756</Data></Cell>
			<Cell><Data ss:Type="Number">0.12</Data></Cell>
			<Cell><Data ss:Type="Number">-10.14</Data></Cell>
			<Cell><Data ss:Type="Number">0.09</Data></Cell>
			<Cell><Data ss:Type="Number">-9.55</Data></Cell>
			<Cell><Data ss:Type="Number">-0.07</Data></Cell>
			<Cell><Data ss:Type="Number">-0.82</Data></Cell>
			<Cell><Data ss:Type="Number">22.7</Data></Cell>
			<Cell><Data ss:Type="Number">39.5</Data></Cell>
			<Cell><Data ss:Type="Number">0</Data></Cell>
			<Cell><Data ss:Type="Number">0</Data></Cell>
			<Cell><Data ss:Type="String">2023-12-07 16:43:52.784941</Data></Cell>
		</Row>
		<Row>
			<Cell><Data ss:Type="String">1755</Data></Cell>
			<Cell><Data ss:Type="Number">0.45</Data></Cell>
			<Cell><Data ss:Type="Number">-9.86</Data></Cell>
			<Cell><Data ss:Type="Number">-0.47</Data></Cell>
			<Cell><Data ss:Type="Number">-9.44</Data></Cell>
			<Cell><Data ss:Type="Number">-0.09</Data></Cell>
			<Cell><Data ss:Type="Number">-0.95</Data></Cell>
			<Cell><Data ss:Type="Number">22.7</Data></Cell>
			<Cell><Data ss:Type="Number">39.5</Data></Cell>
			<Cell><Data ss:Type="Number">0</Data></Cell>
			<Cell><Data ss:Type="Number">0</Data></Cell>
			<Cell><Data ss:Type="String">2023-12-07 16:43:52.783227</Data></Cell>
		</Row>
		<Row>
			<Cell><Data ss:Type="String">1754</Data></Cell>
			<Cell><Data ss:Type="Number">0.38</Data></Cell>
			<Cell><Data ss:Type="Number">-10.7</Data></Cell>
			<Cell><Data ss:Type="Number">0.01</Data></Cell>
			<Cell><Data ss:Type="Number">-9.63</Data></Cell>
			<Cell><Data ss:Type="Number">-0.07</Data></Cell>
			<Cell><Data ss:Type="Number">-0.89</Data></Cell>
			<Cell><Data ss:Type="Number">22.7</Data></Cell>
			<Cell><Data ss:Type="Number">39.5</Data></Cell>
			<Cell><Data ss:Type="Number">0</Data></Cell>
			<Cell><Data ss:Type="Number">0</Data></Cell>
			<Cell><Data ss:Type="String">2023-12-07 16:43:52.781742</Data></Cell>
		</Row>
		<Row>
			<Cell><Data ss:Type="String">1753</Data></Cell>
			<Cell><Data ss:Type="Number">0.49</Data></Cell>
			<Cell><Data ss:Type="Number">-10.07</Data></Cell>
			<Cell><Data ss:Type="Number">-0.16</Data></Cell>
			<Cell><Data ss:Type="Number">-9.41</Data></Cell>
			<Cell><Data ss:Type="Number">-0.01</Data></Cell>
			<Cell><Data ss:Type="Number">-0.95</Data></Cell>
			<Cell><Data ss:Type="Number">22.7</Data></Cell>
			<Cell><Data ss:Type="Number">39.5</Data></Cell>
			<Cell><Data ss:Type="Number">0</Data></Cell>
			<Cell><Data ss:Type="Number">0</Data></Cell>
			<Cell><Data ss:Type="String">2023-12-07 16:43:52.780090</Data></Cell>
		</Row>
		<Row>
			<Cell><Data ss:Type="String">1752</Data></Cell>
			<Cell><Data ss:Type="Number">0.47</Data></Cell>
			<Cell><Data ss:Type="Number">-10.24</Data></Cell>
			<Cell><Data ss:Type="Number">-0.05</Data></Cell>
			<Cell><Data ss:Type="Number">-9.42</Data></Cell>
			<Cell><Data ss:Type="Number">-0.09</Data></Cell>
			<Cell><Data ss:Type="Number">-0.95</Data></Cell>
			<Cell><Data ss:Type="Number">22.7</Data></Cell>
			<Cell><Data ss:Type="Number">39.5</Data></Cell>
			<Cell><Data ss:Type="Number">0</Data></Cell>
			<Cell><Data ss:Type="Number">0</Data></Cell>
			<Cell><Data ss:Type="String">2023-12-07 16:43:52.778337</Data></Cell>
		</Row>
		<Row>
			<Cell><Data ss:Type="String">1751</Data></Cell>
			<Cell><Data ss:Type="Number">0.34</Data></Cell>
			<Cell><Data ss:Type="Number">-10.03</Data></Cell>
			<Cell><Data ss:Type="Number">0.24</Data></Cell>
			<Cell><Data ss:Type="Number">-9.7</Data></Cell>
			<Cell><Data ss:Type="Number">-0.11</Data></Cell>
			<Cell><Data ss:Type="Number">-0.95</Data></Cell>
			<Cell><Data ss:Type="Number">22.7</Data></Cell>
			<Cell><Data ss:Type="Number">39.5</Data></Cell>
			<Cell><Data ss:Type="Number">0</Data></Cell>
			<Cell><Data ss:Type="Number">0</Data></Cell>
			<Cell><Data ss:Type="String">2023-12-07 16:43:52.776162</Data></Cell>
		</Row>
		<Row>
			<Cell><Data ss:Type="String">1750</Data></Cell>
			<Cell><Data ss:Type="Number">0.51</Data></Cell>
			<Cell><Data ss:Type="Number">-10.08</Data></Cell>
			<Cell><Data ss:Type="Number">0.42</Data></Cell>
			<Cell><Data ss:Type="Number">-9.5</Data></Cell>
			<Cell><Data ss:Type="Number">-0.05</Data></Cell>
			<Cell><Data ss:Type="Number">-0.86</Data></Cell>
			<Cell><Data ss:Type="Number">22.7</Data></Cell>
			<Cell><Data ss:Type="Number">39.5</Data></Cell>
			<Cell><Data ss:Type="Number">0</Data></Cell>
			<Cell><Data ss:Type="Number">0</Data></Cell>
			<Cell><Data ss:Type="String">2023-12-07 16:43:52.519083</Data></Cell>
		</Row>
		<Row>
			<Cell><Data ss:Type="String">1749</Data></Cell>
			<Cell><Data ss:Type="Number">0.33</Data></Cell>
			<Cell><Data ss:Type="Number">-9.87</Data></Cell>
			<Cell><Data ss:Type="Number">-0.09</Data></Cell>
			<Cell><Data ss:Type="Number">-9.53</Data></Cell>
			<Cell><Data ss:Type="Number">-0.08</Data></Cell>
			<Cell><Data ss:Type="Number">-0.99</Data></Cell>
			<Cell><Data ss:Type="Number">22.7</Data></Cell>
			<Cell><Data ss:Type="Number">39.5</Data></Cell>
			<Cell><Data ss:Type="Number">0</Data></Cell>
			<Cell><Data ss:Type="Number">0</Data></Cell>
			<Cell><Data ss:Type="String">2023-12-07 16:43:52.517269</Data></Cell>
		</Row>
		<Row>
			<Cell><Data ss:Type="String">1748</Data></Cell>
			<Cell><Data ss:Type="Number">0.53</Data></Cell>
			<Cell><Data ss:Type="Number">-10.4</Data></Cell>
			<Cell><Data ss:Type="Number">-0.24</Data></Cell>
			<Cell><Data ss:Type="Number">-9.49</Data></Cell>
			<Cell><Data ss:Type="Number">-0.05</Data></Cell>
			<Cell><Data ss:Type="Number">-0.87</Data></Cell>
			<Cell><Data ss:Type="Number">22.7</Data></Cell>
			<Cell><Data ss:Type="Number">39.5</Data></Cell>
			<Cell><Data ss:Type="Number">0</Data></Cell>
			<Cell><Data ss:Type="Number">0</Data></Cell>
			<Cell><Data ss:Type="String">2023-12-07 16:43:52.473908</Data></Cell>
		</Row>
		<Row>
			<Cell><Data ss:Type="String">1747</Data></Cell>
			<Cell><Data ss:Type="Number">-0.01</Data></Cell>
			<Cell><Data ss:Type="Number">-10.59</Data></Cell>
			<Cell><Data ss:Type="Number">0.14</Data></Cell>
			<Cell><Data ss:Type="Number">-9.5</Data></Cell>
			<Cell><Data ss:Type="Number">-0.03</Data></Cell>
			<Cell><Data ss:Type="Number">-0.94</Data></Cell>
			<Cell><Data ss:Type="Number">22.7</Data></Cell>
			<Cell><Data ss:Type="Number">39.5</Data></Cell>
			<Cell><Data ss:Type="Number">0</Data></Cell>
			<Cell><Data ss:Type="Number">0</Data></Cell>
			<Cell><Data ss:Type="String">2023-12-07 16:43:52.408692</Data></Cell>
		</Row>
		<Row>
			<Cell><Data ss:Type="String">1746</Data></Cell>
			<Cell><Data ss:Type="Number">0.04</Data></Cell>
			<Cell><Data ss:Type="Number">-10.17</Data></Cell>
			<Cell><Data ss:Type="Number">0.07</Data></Cell>
			<Cell><Data ss:Type="Number">-9.56</Data></Cell>
			<Cell><Data ss:Type="Number">-0.06</Data></Cell>
			<Cell><Data ss:Type="Number">-0.85</Data></Cell>
			<Cell><Data ss:Type="Number">22.7</Data></Cell>
			<Cell><Data ss:Type="Number">39.5</Data></Cell>
			<Cell><Data ss:Type="Number">0</Data></Cell>
			<Cell><Data ss:Type="Number">0</Data></Cell>
			<Cell><Data ss:Type="String">2023-12-07 16:43:52.395167</Data></Cell>
		</Row>
		<Row>
			<Cell><Data ss:Type="String">1745</Data></Cell>
			<Cell><Data ss:Type="Number">0.48</Data></Cell>
			<Cell><Data ss:Type="Number">-10.29</Data></Cell>
			<Cell><Data ss:Type="Number">0.13</Data></Cell>
			<Cell><Data ss:Type="Number">-9.3</Data></Cell>
			<Cell><Data ss:Type="Number">-0.02</Data></Cell>
			<Cell><Data ss:Type="Number">-0.92</Data></Cell>
			<Cell><Data ss:Type="Number">22.7</Data></Cell>
			<Cell><Data ss:Type="Number">39.5</Data></Cell>
			<Cell><Data ss:Type="Number">0</Data></Cell>
			<Cell><Data ss:Type="Number">0</Data></Cell>
			<Cell><Data ss:Type="String">2023-12-07 16:43:52.350831</Data></Cell>
		</Row>
		<Row>
			<Cell><Data ss:Type="String">1744</Data></Cell>
			<Cell><Data ss:Type="Number">0.28</Data></Cell>
			<Cell><Data ss:Type="Number">-9.82</Data></Cell>
			<Cell><Data ss:Type="Number">0.28</Data></Cell>
			<Cell><Data ss:Type="Number">-9.39</Data></Cell>
			<Cell><Data ss:Type="Number">-0.09</Data></Cell>
			<Cell><Data ss:Type="Number">-0.94</Data></Cell>
			<Cell><Data ss:Type="Number">22.7</Data></Cell>
			<Cell><Data ss:Type="Number">39.5</Data></Cell>
			<Cell><Data ss:Type="Number">0</Data></Cell>
			<Cell><Data ss:Type="Number">0</Data></Cell>
			<Cell><Data ss:Type="String">2023-12-07 16:43:52.348697</Data></Cell>
		</Row>
		<Row>
			<Cell><Data ss:Type="String">1743</Data></Cell>
			<Cell><Data ss:Type="Number">-0.34</Data></Cell>
			<Cell><Data ss:Type="Number">-10.16</Data></Cell>
			<Cell><Data ss:Type="Number">-0.21</Data></Cell>
			<Cell><Data ss:Type="Number">-9.54</Data></Cell>
			<Cell><Data ss:Type="Number">-0</Data></Cell>
			<Cell><Data ss:Type="Number">-0.91</Data></Cell>
			<Cell><Data ss:Type="Number">22.7</Data></Cell>
			<Cell><Data ss:Type="Number">39.5</Data></Cell>
			<Cell><Data ss:Type="Number">0</Data></Cell>
			<Cell><Data ss:Type="Number">0</Data></Cell>
			<Cell><Data ss:Type="String">2023-12-07 16:43:52.302071</Data></Cell>
		</Row>
		<Row>
			<Cell><Data ss:Type="String">1742</Data></Cell>
			<Cell><Data ss:Type="Number">0.62</Data></Cell>
			<Cell><Data ss:Type="Number">-9.83</Data></Cell>
			<Cell><Data ss:Type="Number">0.29</Data></Cell>
			<Cell><Data ss:Type="Number">-9.43</Data></Cell>
			<Cell><Data ss:Type="Number">-0.12</Data></Cell>
			<Cell><Data ss:Type="Number">-0.98</Data></Cell>
			<Cell><Data ss:Type="Number">22.7</Data></Cell>
			<Cell><Data ss:Type="Number">39.5</Data></Cell>
			<Cell><Data ss:Type="Number">0</Data></Cell>
			<Cell><Data ss:Type="Number">0</Data></Cell>
			<Cell><Data ss:Type="String">2023-12-07 16:43:52.256568</Data></Cell>
		</Row>
		<Row>
			<Cell><Data ss:Type="String">1741</Data></Cell>
			<Cell><Data ss:Type="Number">0</Data></Cell>
			<Cell><Data ss:Type="Number">-10.42</Data></Cell>
			<Cell><Data ss:Type="Number">-0.39</Data></Cell>
			<Cell><Data ss:Type="Number">-9.49</Data></Cell>
			<Cell><Data ss:Type="Number">0.07</Data></Cell>
			<Cell><Data ss:Type="Number">-0.86</Data></Cell>
			<Cell><Data ss:Type="Number">22.7</Data></Cell>
			<Cell><Data ss:Type="Number">39.5</Data></Cell>
			<Cell><Data ss:Type="Number">0</Data></Cell>
			<Cell><Data ss:Type="Number">0</Data></Cell>
			<Cell><Data ss:Type="String">2023-12-07 16:43:52.213749</Data></Cell>
		</Row>
		<Row>
			<Cell><Data ss:Type="String">1740</Data></Cell>
			<Cell><Data ss:Type="Number">0.28</Data></Cell>
			<Cell><Data ss:Type="Number">-9.71</Data></Cell>
			<Cell><Data ss:Type="Number">0.4</Data></Cell>
			<Cell><Data ss:Type="Number">-9.22</Data></Cell>
			<Cell><Data ss:Type="Number">-0.21</Data></Cell>
			<Cell><Data ss:Type="Number">-0.86</Data></Cell>
			<Cell><Data ss:Type="Number">22.7</Data></Cell>
			<Cell><Data ss:Type="Number">39.5</Data></Cell>
			<Cell><Data ss:Type="Number">0</Data></Cell>
			<Cell><Data ss:Type="Number">0</Data></Cell>
			<Cell><Data ss:Type="String">2023-12-07 16:43:52.210638</Data></Cell>
		</Row>
		<Row>
			<Cell><Data ss:Type="String">1739</Data></Cell>
			<Cell><Data ss:Type="Number">0.24</Data></Cell>
			<Cell><Data ss:Type="Number">-10.09</Data></Cell>
			<Cell><Data ss:Type="Number">0.18</Data></Cell>
			<Cell><Data ss:Type="Number">-9.58</Data></Cell>
			<Cell><Data ss:Type="Number">-0.11</Data></Cell>
			<Cell><Data ss:Type="Number">-0.91</Data></Cell>
			<Cell><Data ss:Type="Number">22.7</Data></Cell>
			<Cell><Data ss:Type="Number">39.5</Data></Cell>
			<Cell><Data ss:Type="Number">0</Data></Cell>
			<Cell><Data ss:Type="Number">0</Data></Cell>
			<Cell><Data ss:Type="String">2023-12-07 16:43:52.164504</Data></Cell>
		</Row>
		<Row>
			<Cell><Data ss:Type="String">1738</Data></Cell>
			<Cell><Data ss:Type="Number">0.14</Data></Cell>
			<Cell><Data ss:Type="Number">-10.6</Data></Cell>
			<Cell><Data ss:Type="Number">0.11</Data></Cell>
			<Cell><Data ss:Type="Number">-9.64</Data></Cell>
			<Cell><Data ss:Type="Number">-0.05</Data></Cell>
			<Cell><Data ss:Type="Number">-0.9</Data></Cell>
			<Cell><Data ss:Type="Number">22.7</Data></Cell>
			<Cell><Data ss:Type="Number">39.5</Data></Cell>
			<Cell><Data ss:Type="Number">0</Data></Cell>
			<Cell><Data ss:Type="Number">0</Data></Cell>
			<Cell><Data ss:Type="String">2023-12-07 16:43:52.119191</Data></Cell>
		</Row>
		<Row>
			<Cell><Data ss:Type="String">1737</Data></Cell>
			<Cell><Data ss:Type="Number">0.15</Data></Cell>
			<Cell><Data ss:Type="Number">-10.7</Data></Cell>
			<Cell><Data ss:Type="Number">-0.16</Data></Cell>
			<Cell><Data ss:Type="Number">-9.58</Data></Cell>
			<Cell><Data ss:Type="Number">-0.12</Data></Cell>
			<Cell><Data ss:Type="Number">-0.89</Data></Cell>
			<Cell><Data ss:Type="Number">22.7</Data></Cell>
			<Cell><Data ss:Type="Number">39.5</Data></Cell>
			<Cell><Data ss:Type="Number">0</Data></Cell>
			<Cell><Data ss:Type="Number">0</Data></Cell>
			<Cell><Data ss:Type="String">2023-12-07 16:43:52.075668</Data></Cell>
		</Row>
		<Row>
			<Cell><Data ss:Type="String">1736</Data></Cell>
			<Cell><Data ss:Type="Number">0.15</Data></Cell>
			<Cell><Data ss:Type="Number">-10.16</Data></Cell>
			<Cell><Data ss:Type="Number">0.08</Data></Cell>
			<Cell><Data ss:Type="Number">-9.45</Data></Cell>
			<Cell><Data ss:Type="Number">-0.03</Data></Cell>
			<Cell><Data ss:Type="Number">-0.84</Data></Cell>
			<Cell><Data ss:Type="Number">22.7</Data></Cell>
			<Cell><Data ss:Type="Number">39.5</Data></Cell>
			<Cell><Data ss:Type="Number">0</Data></Cell>
			<Cell><Data ss:Type="Number">0</Data></Cell>
			<Cell><Data ss:Type="String">2023-12-07 16:43:52.073502</Data></Cell>
		</Row>
		<Row>
			<Cell><Data ss:Type="String">1735</Data></Cell>
			<Cell><Data ss:Type="Number">0.08</Data></Cell>
			<Cell><Data ss:Type="Number">-9.96</Data></Cell>
			<Cell><Data ss:Type="Number">-0.16</Data></Cell>
			<Cell><Data ss:Type="Number">-9.49</Data></Cell>
			<Cell><Data ss:Type="Number">-0.22</Data></Cell>
			<Cell><Data ss:Type="Number">-1</Data></Cell>
			<Cell><Data ss:Type="Number">22.7</Data></Cell>
			<Cell><Data ss:Type="Number">39.5</Data></Cell>
			<Cell><Data ss:Type="Number">0</Data></Cell>
			<Cell><Data ss:Type="Number">0</Data></Cell>
			<Cell><Data ss:Type="String">2023-12-07 16:43:52.026634</Data></Cell>
		</Row>
		<Row>
			<Cell><Data ss:Type="String">1734</Data></Cell>
			<Cell><Data ss:Type="Number">-0.17</Data></Cell>
			<Cell><Data ss:Type="Number">-10.66</Data></Cell>
			<Cell><Data ss:Type="Number">-0.15</Data></Cell>
			<Cell><Data ss:Type="Number">-9.57</Data></Cell>
			<Cell><Data ss:Type="Number">-0.06</Data></Cell>
			<Cell><Data ss:Type="Number">-0.81</Data></Cell>
			<Cell><Data ss:Type="Number">22.7</Data></Cell>
			<Cell><Data ss:Type="Number">39.5</Data></Cell>
			<Cell><Data ss:Type="Number">0</Data></Cell>
			<Cell><Data ss:Type="Number">0</Data></Cell>
			<Cell><Data ss:Type="String">2023-12-07 16:43:51.983327</Data></Cell>
		</Row>
		<Row>
			<Cell><Data ss:Type="String">1733</Data></Cell>
			<Cell><Data ss:Type="Number">0.33</Data></Cell>
			<Cell><Data ss:Type="Number">-10.52</Data></Cell>
			<Cell><Data ss:Type="Number">-0.62</Data></Cell>
			<Cell><Data ss:Type="Number">-9.56</Data></Cell>
			<Cell><Data ss:Type="Number">0.04</Data></Cell>
			<Cell><Data ss:Type="Number">-0.94</Data></Cell>
			<Cell><Data ss:Type="Number">22.7</Data></Cell>
			<Cell><Data ss:Type="Number">39.5</Data></Cell>
			<Cell><Data ss:Type="Number">0</Data></Cell>
			<Cell><Data ss:Type="Number">0</Data></Cell>
			<Cell><Data ss:Type="String">2023-12-07 16:43:51.981405</Data></Cell>
		</Row>
		<Row>
			<Cell><Data ss:Type="String">1732</Data></Cell>
			<Cell><Data ss:Type="Number">0.64</Data></Cell>
			<Cell><Data ss:Type="Number">-10.14</Data></Cell>
			<Cell><Data ss:Type="Number">0.18</Data></Cell>
			<Cell><Data ss:Type="Number">-9.55</Data></Cell>
			<Cell><Data ss:Type="Number">0</Data></Cell>
			<Cell><Data ss:Type="Number">-0.93</Data></Cell>
			<Cell><Data ss:Type="Number">22.7</Data></Cell>
			<Cell><Data ss:Type="Number">39.5</Data></Cell>
			<Cell><Data ss:Type="Number">0</Data></Cell>
			<Cell><Data ss:Type="Number">0</Data></Cell>
			<Cell><Data ss:Type="String">2023-12-07 16:43:51.935295</Data></Cell>
		</Row>
		<Row>
			<Cell><Data ss:Type="String">1731</Data></Cell>
			<Cell><Data ss:Type="Number">0.56</Data></Cell>
			<Cell><Data ss:Type="Number">-10.22</Data></Cell>
			<Cell><Data ss:Type="Number">0.2</Data></Cell>
			<Cell><Data ss:Type="Number">-9.34</Data></Cell>
			<Cell><Data ss:Type="Number">-0.55</Data></Cell>
			<Cell><Data ss:Type="Number">-0.85</Data></Cell>
			<Cell><Data ss:Type="Number">22.7</Data></Cell>
			<Cell><Data ss:Type="Number">39.5</Data></Cell>
			<Cell><Data ss:Type="Number">0</Data></Cell>
			<Cell><Data ss:Type="Number">0</Data></Cell>
			<Cell><Data ss:Type="String">2023-12-07 16:43:51.888867</Data></Cell>
		</Row>
		<Row>
			<Cell><Data ss:Type="String">1730</Data></Cell>
			<Cell><Data ss:Type="Number">-0.26</Data></Cell>
			<Cell><Data ss:Type="Number">-10.77</Data></Cell>
			<Cell><Data ss:Type="Number">-0.43</Data></Cell>
			<Cell><Data ss:Type="Number">-9.56</Data></Cell>
			<Cell><Data ss:Type="Number">-0</Data></Cell>
			<Cell><Data ss:Type="Number">-0.96</Data></Cell>
			<Cell><Data ss:Type="Number">22.7</Data></Cell>
			<Cell><Data ss:Type="Number">39.5</Data></Cell>
			<Cell><Data ss:Type="Number">0</Data></Cell>
			<Cell><Data ss:Type="Number">0</Data></Cell>
			<Cell><Data ss:Type="String">2023-12-07 16:43:51.847446</Data></Cell>
		</Row>
		<Row>
			<Cell><Data ss:Type="String">1729</Data></Cell>
			<Cell><Data ss:Type="Number">-1.2</Data></Cell>
			<Cell><Data ss:Type="Number">-9.59</Data></Cell>
			<Cell><Data ss:Type="Number">0.32</Data></Cell>
			<Cell><Data ss:Type="Number">-9.55</Data></Cell>
			<Cell><Data ss:Type="Number">-0.58</Data></Cell>
			<Cell><Data ss:Type="Number">-0.96</Data></Cell>
			<Cell><Data ss:Type="Number">22.7</Data></Cell>
			<Cell><Data ss:Type="Number">39.5</Data></Cell>
			<Cell><Data ss:Type="Number">0</Data></Cell>
			<Cell><Data ss:Type="Number">0</Data></Cell>
			<Cell><Data ss:Type="String">2023-12-07 16:43:51.844933</Data></Cell>
		</Row>
		<Row>
			<Cell><Data ss:Type="String">1728</Data></Cell>
			<Cell><Data ss:Type="Number">-1.92</Data></Cell>
			<Cell><Data ss:Type="Number">-10.34</Data></Cell>
			<Cell><Data ss:Type="Number">-1.32</Data></Cell>
			<Cell><Data ss:Type="Number">-9.43</Data></Cell>
			<Cell><Data ss:Type="Number">1.33</Data></Cell>
			<Cell><Data ss:Type="Number">-0.84</Data></Cell>
			<Cell><Data ss:Type="Number">22.8</Data></Cell>
			<Cell><Data ss:Type="Number">39.5</Data></Cell>
			<Cell><Data ss:Type="Number">0</Data></Cell>
			<Cell><Data ss:Type="Number">0</Data></Cell>
			<Cell><Data ss:Type="String">2023-12-07 16:43:51.798115</Data></Cell>
		</Row>
		<Row>
			<Cell><Data ss:Type="String">1727</Data></Cell>
			<Cell><Data ss:Type="Number">4.78</Data></Cell>
			<Cell><Data ss:Type="Number">-9.15</Data></Cell>
			<Cell><Data ss:Type="Number">2.32</Data></Cell>
			<Cell><Data ss:Type="Number">-9.58</Data></Cell>
			<Cell><Data ss:Type="Number">-0.83</Data></Cell>
			<Cell><Data ss:Type="Number">-0.9</Data></Cell>
			<Cell><Data ss:Type="Number">22.8</Data></Cell>
			<Cell><Data ss:Type="Number">39.5</Data></Cell>
			<Cell><Data ss:Type="Number">0</Data></Cell>
			<Cell><Data ss:Type="Number">0</Data></Cell>
			<Cell><Data ss:Type="String">2023-12-07 16:43:51.751236</Data></Cell>
		</Row>
		<Row>
			<Cell><Data ss:Type="String">1726</Data></Cell>
			<Cell><Data ss:Type="Number">0.32</Data></Cell>
			<Cell><Data ss:Type="Number">-10.2</Data></Cell>
			<Cell><Data ss:Type="Number">0.18</Data></Cell>
			<Cell><Data ss:Type="Number">-9.49</Data></Cell>
			<Cell><Data ss:Type="Number">-0.07</Data></Cell>
			<Cell><Data ss:Type="Number">-0.88</Data></Cell>
			<Cell><Data ss:Type="Number">22.8</Data></Cell>
			<Cell><Data ss:Type="Number">39.5</Data></Cell>
			<Cell><Data ss:Type="Number">0</Data></Cell>
			<Cell><Data ss:Type="Number">0</Data></Cell>
			<Cell><Data ss:Type="String">2023-12-07 16:43:51.706711</Data></Cell>
		</Row>
		<Row>
			<Cell><Data ss:Type="String">1725</Data></Cell>
			<Cell><Data ss:Type="Number">0.28</Data></Cell>
			<Cell><Data ss:Type="Number">-9.97</Data></Cell>
			<Cell><Data ss:Type="Number">0.13</Data></Cell>
			<Cell><Data ss:Type="Number">-9.41</Data></Cell>
			<Cell><Data ss:Type="Number">-0.07</Data></Cell>
			<Cell><Data ss:Type="Number">-0.97</Data></Cell>
			<Cell><Data ss:Type="Number">22.8</Data></Cell>
			<Cell><Data ss:Type="Number">39.5</Data></Cell>
			<Cell><Data ss:Type="Number">0</Data></Cell>
			<Cell><Data ss:Type="Number">0</Data></Cell>
			<Cell><Data ss:Type="String">2023-12-07 16:43:51.704945</Data></Cell>
		</Row>
		<Row>
			<Cell><Data ss:Type="String">1724</Data></Cell>
			<Cell><Data ss:Type="Number">0.32</Data></Cell>
			<Cell><Data ss:Type="Number">-9.97</Data></Cell>
			<Cell><Data ss:Type="Number">0.09</Data></Cell>
			<Cell><Data ss:Type="Number">-9.45</Data></Cell>
			<Cell><Data ss:Type="Number">-0.06</Data></Cell>
			<Cell><Data ss:Type="Number">-0.95</Data></Cell>
			<Cell><Data ss:Type="Number">22.8</Data></Cell>
			<Cell><Data ss:Type="Number">39.5</Data></Cell>
			<Cell><Data ss:Type="Number">0</Data></Cell>
			<Cell><Data ss:Type="Number">0</Data></Cell>
			<Cell><Data ss:Type="String">2023-12-07 16:43:51.663301</Data></Cell>
		</Row>
		<Row>
			<Cell><Data ss:Type="String">1723</Data></Cell>
			<Cell><Data ss:Type="Number">0.29</Data></Cell>
			<Cell><Data ss:Type="Number">-10.22</Data></Cell>
			<Cell><Data ss:Type="Number">0.22</Data></Cell>
			<Cell><Data ss:Type="Number">-9.54</Data></Cell>
			<Cell><Data ss:Type="Number">-0.06</Data></Cell>
			<Cell><Data ss:Type="Number">-0.91</Data></Cell>
			<Cell><Data ss:Type="Number">22.8</Data></Cell>
			<Cell><Data ss:Type="Number">39.5</Data></Cell>
			<Cell><Data ss:Type="Number">0</Data></Cell>
			<Cell><Data ss:Type="Number">0</Data></Cell>
			<Cell><Data ss:Type="String">2023-12-07 16:43:51.613844</Data></Cell>
		</Row>
		<Row>
			<Cell><Data ss:Type="String">1722</Data></Cell>
			<Cell><Data ss:Type="Number">0.26</Data></Cell>
			<Cell><Data ss:Type="Number">-10.13</Data></Cell>
			<Cell><Data ss:Type="Number">0.2</Data></Cell>
			<Cell><Data ss:Type="Number">-9.5</Data></Cell>
			<Cell><Data ss:Type="Number">-0.07</Data></Cell>
			<Cell><Data ss:Type="Number">-0.91</Data></Cell>
			<Cell><Data ss:Type="Number">22.8</Data></Cell>
			<Cell><Data ss:Type="Number">39.5</Data></Cell>
			<Cell><Data ss:Type="Number">0</Data></Cell>
			<Cell><Data ss:Type="Number">0</Data></Cell>
			<Cell><Data ss:Type="String">2023-12-07 16:43:51.568963</Data></Cell>
		</Row>
		<Row>
			<Cell><Data ss:Type="String">1721</Data></Cell>
			<Cell><Data ss:Type="Number">0.25</Data></Cell>
			<Cell><Data ss:Type="Number">-10.1</Data></Cell>
			<Cell><Data ss:Type="Number">0.08</Data></Cell>
			<Cell><Data ss:Type="Number">-9.45</Data></Cell>
			<Cell><Data ss:Type="Number">-0.06</Data></Cell>
			<Cell><Data ss:Type="Number">-0.89</Data></Cell>
			<Cell><Data ss:Type="Number">22.8</Data></Cell>
			<Cell><Data ss:Type="Number">39.5</Data></Cell>
			<Cell><Data ss:Type="Number">0</Data></Cell>
			<Cell><Data ss:Type="Number">0</Data></Cell>
			<Cell><Data ss:Type="String">2023-12-07 16:43:51.567392</Data></Cell>
		</Row>
		<Row>
			<Cell><Data ss:Type="String">1720</Data></Cell>
			<Cell><Data ss:Type="Number">0.3</Data></Cell>
			<Cell><Data ss:Type="Number">-9.97</Data></Cell>
			<Cell><Data ss:Type="Number">0.07</Data></Cell>
			<Cell><Data ss:Type="Number">-9.44</Data></Cell>
			<Cell><Data ss:Type="Number">-0.09</Data></Cell>
			<Cell><Data ss:Type="Number">-0.96</Data></Cell>
			<Cell><Data ss:Type="Number">22.8</Data></Cell>
			<Cell><Data ss:Type="Number">39.5</Data></Cell>
			<Cell><Data ss:Type="Number">0</Data></Cell>
			<Cell><Data ss:Type="Number">0</Data></Cell>
			<Cell><Data ss:Type="String">2023-12-07 16:43:51.520901</Data></Cell>
		</Row>
		<Row>
			<Cell><Data ss:Type="String">1719</Data></Cell>
			<Cell><Data ss:Type="Number">0.29</Data></Cell>
			<Cell><Data ss:Type="Number">-10.03</Data></Cell>
			<Cell><Data ss:Type="Number">0.25</Data></Cell>
			<Cell><Data ss:Type="Number">-9.5</Data></Cell>
			<Cell><Data ss:Type="Number">-0.1</Data></Cell>
			<Cell><Data ss:Type="Number">-0.89</Data></Cell>
			<Cell><Data ss:Type="Number">22.8</Data></Cell>
			<Cell><Data ss:Type="Number">39.5</Data></Cell>
			<Cell><Data ss:Type="Number">0</Data></Cell>
			<Cell><Data ss:Type="Number">0</Data></Cell>
			<Cell><Data ss:Type="String">2023-12-07 16:43:51.474331</Data></Cell>
		</Row>
		<Row>
			<Cell><Data ss:Type="String">1718</Data></Cell>
			<Cell><Data ss:Type="Number">0.27</Data></Cell>
			<Cell><Data ss:Type="Number">-10.04</Data></Cell>
			<Cell><Data ss:Type="Number">0.23</Data></Cell>
			<Cell><Data ss:Type="Number">-9.56</Data></Cell>
			<Cell><Data ss:Type="Number">-0.06</Data></Cell>
			<Cell><Data ss:Type="Number">-0.9</Data></Cell>
			<Cell><Data ss:Type="Number">22.8</Data></Cell>
			<Cell><Data ss:Type="Number">39.5</Data></Cell>
			<Cell><Data ss:Type="Number">0</Data></Cell>
			<Cell><Data ss:Type="Number">0</Data></Cell>
			<Cell><Data ss:Type="String">2023-12-07 16:43:51.433894</Data></Cell>
		</Row>
		<Row>
			<Cell><Data ss:Type="String">1717</Data></Cell>
			<Cell><Data ss:Type="Number">0.15</Data></Cell>
			<Cell><Data ss:Type="Number">-10.15</Data></Cell>
			<Cell><Data ss:Type="Number">0.21</Data></Cell>
			<Cell><Data ss:Type="Number">-9.5</Data></Cell>
			<Cell><Data ss:Type="Number">-0.06</Data></Cell>
			<Cell><Data ss:Type="Number">-0.89</Data></Cell>
			<Cell><Data ss:Type="Number">22.8</Data></Cell>
			<Cell><Data ss:Type="Number">39.5</Data></Cell>
			<Cell><Data ss:Type="Number">0</Data></Cell>
			<Cell><Data ss:Type="Number">0</Data></Cell>
			<Cell><Data ss:Type="String">2023-12-07 16:43:51.431952</Data></Cell>
		</Row>
		<Row>
			<Cell><Data ss:Type="String">1716</Data></Cell>
			<Cell><Data ss:Type="Number">0.29</Data></Cell>
			<Cell><Data ss:Type="Number">-10</Data></Cell>
			<Cell><Data ss:Type="Number">0.07</Data></Cell>
			<Cell><Data ss:Type="Number">-9.44</Data></Cell>
			<Cell><Data ss:Type="Number">-0.06</Data></Cell>
			<Cell><Data ss:Type="Number">-0.94</Data></Cell>
			<Cell><Data ss:Type="Number">22.8</Data></Cell>
			<Cell><Data ss:Type="Number">39.5</Data></Cell>
			<Cell><Data ss:Type="Number">0</Data></Cell>
			<Cell><Data ss:Type="Number">0</Data></Cell>
			<Cell><Data ss:Type="String">2023-12-07 16:43:51.382057</Data></Cell>
		</Row>
		<Row>
			<Cell><Data ss:Type="String">1715</Data></Cell>
			<Cell><Data ss:Type="Number">0.28</Data></Cell>
			<Cell><Data ss:Type="Number">-10.02</Data></Cell>
			<Cell><Data ss:Type="Number">0.1</Data></Cell>
			<Cell><Data ss:Type="Number">-9.48</Data></Cell>
			<Cell><Data ss:Type="Number">-0.08</Data></Cell>
			<Cell><Data ss:Type="Number">-0.94</Data></Cell>
			<Cell><Data ss:Type="Number">22.8</Data></Cell>
			<Cell><Data ss:Type="Number">39.5</Data></Cell>
			<Cell><Data ss:Type="Number">0</Data></Cell>
			<Cell><Data ss:Type="Number">0</Data></Cell>
			<Cell><Data ss:Type="String">2023-12-07 16:43:51.339292</Data></Cell>
		</Row>
		<Row>
			<Cell><Data ss:Type="String">1714</Data></Cell>
			<Cell><Data ss:Type="Number">0.33</Data></Cell>
			<Cell><Data ss:Type="Number">-10.08</Data></Cell>
			<Cell><Data ss:Type="Number">0.09</Data></Cell>
			<Cell><Data ss:Type="Number">-9.52</Data></Cell>
			<Cell><Data ss:Type="Number">-0.06</Data></Cell>
			<Cell><Data ss:Type="Number">-0.91</Data></Cell>
			<Cell><Data ss:Type="Number">22.8</Data></Cell>
			<Cell><Data ss:Type="Number">39.5</Data></Cell>
			<Cell><Data ss:Type="Number">0</Data></Cell>
			<Cell><Data ss:Type="Number">0</Data></Cell>
			<Cell><Data ss:Type="String">2023-12-07 16:43:51.337539</Data></Cell>
		</Row>
		<Row>
			<Cell><Data ss:Type="String">1713</Data></Cell>
			<Cell><Data ss:Type="Number">0.3</Data></Cell>
			<Cell><Data ss:Type="Number">-10.2</Data></Cell>
			<Cell><Data ss:Type="Number">0.2</Data></Cell>
			<Cell><Data ss:Type="Number">-9.55</Data></Cell>
			<Cell><Data ss:Type="Number">-0.08</Data></Cell>
			<Cell><Data ss:Type="Number">-0.86</Data></Cell>
			<Cell><Data ss:Type="Number">22.8</Data></Cell>
			<Cell><Data ss:Type="Number">39.5</Data></Cell>
			<Cell><Data ss:Type="Number">0</Data></Cell>
			<Cell><Data ss:Type="Number">0</Data></Cell>
			<Cell><Data ss:Type="String">2023-12-07 16:43:51.289538</Data></Cell>
		</Row>
		<Row>
			<Cell><Data ss:Type="String">1712</Data></Cell>
			<Cell><Data ss:Type="Number">0.26</Data></Cell>
			<Cell><Data ss:Type="Number">-10.06</Data></Cell>
			<Cell><Data ss:Type="Number">0.17</Data></Cell>
			<Cell><Data ss:Type="Number">-9.47</Data></Cell>
			<Cell><Data ss:Type="Number">-0.09</Data></Cell>
			<Cell><Data ss:Type="Number">-0.91</Data></Cell>
			<Cell><Data ss:Type="Number">22.8</Data></Cell>
			<Cell><Data ss:Type="Number">39.5</Data></Cell>
			<Cell><Data ss:Type="Number">0</Data></Cell>
			<Cell><Data ss:Type="Number">0</Data></Cell>
			<Cell><Data ss:Type="String">2023-12-07 16:43:51.243647</Data></Cell>
		</Row>
		<Row>
			<Cell><Data ss:Type="String">1711</Data></Cell>
			<Cell><Data ss:Type="Number">0.24</Data></Cell>
			<Cell><Data ss:Type="Number">-10.01</Data></Cell>
			<Cell><Data ss:Type="Number">0.1</Data></Cell>
			<Cell><Data ss:Type="Number">-9.45</Data></Cell>
			<Cell><Data ss:Type="Number">-0.08</Data></Cell>
			<Cell><Data ss:Type="Number">-0.91</Data></Cell>
			<Cell><Data ss:Type="Number">22.8</Data></Cell>
			<Cell><Data ss:Type="Number">39.5</Data></Cell>
			<Cell><Data ss:Type="Number">0</Data></Cell>
			<Cell><Data ss:Type="Number">0</Data></Cell>
			<Cell><Data ss:Type="String">2023-12-07 16:43:51.198508</Data></Cell>
		</Row>
		<Row>
			<Cell><Data ss:Type="String">1710</Data></Cell>
			<Cell><Data ss:Type="Number">0.25</Data></Cell>
			<Cell><Data ss:Type="Number">-9.95</Data></Cell>
			<Cell><Data ss:Type="Number">0.1</Data></Cell>
			<Cell><Data ss:Type="Number">-9.45</Data></Cell>
			<Cell><Data ss:Type="Number">-0.09</Data></Cell>
			<Cell><Data ss:Type="Number">-0.92</Data></Cell>
			<Cell><Data ss:Type="Number">22.8</Data></Cell>
			<Cell><Data ss:Type="Number">39.5</Data></Cell>
			<Cell><Data ss:Type="Number">0</Data></Cell>
			<Cell><Data ss:Type="Number">0</Data></Cell>
			<Cell><Data ss:Type="String">2023-12-07 16:43:51.196573</Data></Cell>
		</Row>
		<Row>
			<Cell><Data ss:Type="String">1709</Data></Cell>
			<Cell><Data ss:Type="Number">0.31</Data></Cell>
			<Cell><Data ss:Type="Number">-10.09</Data></Cell>
			<Cell><Data ss:Type="Number">0.11</Data></Cell>
			<Cell><Data ss:Type="Number">-9.54</Data></Cell>
			<Cell><Data ss:Type="Number">-0.07</Data></Cell>
			<Cell><Data ss:Type="Number">-0.88</Data></Cell>
			<Cell><Data ss:Type="Number">22.8</Data></Cell>
			<Cell><Data ss:Type="Number">39.5</Data></Cell>
			<Cell><Data ss:Type="Number">0</Data></Cell>
			<Cell><Data ss:Type="Number">0</Data></Cell>
			<Cell><Data ss:Type="String">2023-12-07 16:43:51.150998</Data></Cell>
		</Row>
		<Row>
			<Cell><Data ss:Type="String">1708</Data></Cell>
			<Cell><Data ss:Type="Number">0.27</Data></Cell>
			<Cell><Data ss:Type="Number">-10.25</Data></Cell>
			<Cell><Data ss:Type="Number">0.21</Data></Cell>
			<Cell><Data ss:Type="Number">-9.52</Data></Cell>
			<Cell><Data ss:Type="Number">-0.07</Data></Cell>
			<Cell><Data ss:Type="Number">-0.9</Data></Cell>
			<Cell><Data ss:Type="Number">22.8</Data></Cell>
			<Cell><Data ss:Type="Number">39.5</Data></Cell>
			<Cell><Data ss:Type="Number">0</Data></Cell>
			<Cell><Data ss:Type="Number">0</Data></Cell>
			<Cell><Data ss:Type="String">2023-12-07 16:43:51.106788</Data></Cell>
		</Row>
		<Row>
			<Cell><Data ss:Type="String">1707</Data></Cell>
			<Cell><Data ss:Type="Number">0.29</Data></Cell>
			<Cell><Data ss:Type="Number">-9.99</Data></Cell>
			<Cell><Data ss:Type="Number">0.14</Data></Cell>
			<Cell><Data ss:Type="Number">-9.44</Data></Cell>
			<Cell><Data ss:Type="Number">-0.07</Data></Cell>
			<Cell><Data ss:Type="Number">-0.91</Data></Cell>
			<Cell><Data ss:Type="Number">22.8</Data></Cell>
			<Cell><Data ss:Type="Number">39.5</Data></Cell>
			<Cell><Data ss:Type="Number">0</Data></Cell>
			<Cell><Data ss:Type="Number">0</Data></Cell>
			<Cell><Data ss:Type="String">2023-12-07 16:43:51.105004</Data></Cell>
		</Row>
		<Row>
			<Cell><Data ss:Type="String">1706</Data></Cell>
			<Cell><Data ss:Type="Number">0.24</Data></Cell>
			<Cell><Data ss:Type="Number">-9.99</Data></Cell>
			<Cell><Data ss:Type="Number">0.13</Data></Cell>
			<Cell><Data ss:Type="Number">-9.45</Data></Cell>
			<Cell><Data ss:Type="Number">-0.07</Data></Cell>
			<Cell><Data ss:Type="Number">-0.95</Data></Cell>
			<Cell><Data ss:Type="Number">22.8</Data></Cell>
			<Cell><Data ss:Type="Number">39.5</Data></Cell>
			<Cell><Data ss:Type="Number">0</Data></Cell>
			<Cell><Data ss:Type="Number">0</Data></Cell>
			<Cell><Data ss:Type="String">2023-12-07 16:43:51.058254</Data></Cell>
		</Row>
		<Row>
			<Cell><Data ss:Type="String">1705</Data></Cell>
			<Cell><Data ss:Type="Number">0.27</Data></Cell>
			<Cell><Data ss:Type="Number">-10.14</Data></Cell>
			<Cell><Data ss:Type="Number">0.12</Data></Cell>
			<Cell><Data ss:Type="Number">-9.51</Data></Cell>
			<Cell><Data ss:Type="Number">-0.09</Data></Cell>
			<Cell><Data ss:Type="Number">-0.93</Data></Cell>
			<Cell><Data ss:Type="Number">22.8</Data></Cell>
			<Cell><Data ss:Type="Number">39.5</Data></Cell>
			<Cell><Data ss:Type="Number">0</Data></Cell>
			<Cell><Data ss:Type="Number">0</Data></Cell>
			<Cell><Data ss:Type="String">2023-12-07 16:43:51.014680</Data></Cell>
		</Row>
		<Row>
			<Cell><Data ss:Type="String">1704</Data></Cell>
			<Cell><Data ss:Type="Number">0.33</Data></Cell>
			<Cell><Data ss:Type="Number">-10.17</Data></Cell>
			<Cell><Data ss:Type="Number">0.13</Data></Cell>
			<Cell><Data ss:Type="Number">-9.5</Data></Cell>
			<Cell><Data ss:Type="Number">-0.06</Data></Cell>
			<Cell><Data ss:Type="Number">-0.89</Data></Cell>
			<Cell><Data ss:Type="Number">22.8</Data></Cell>
			<Cell><Data ss:Type="Number">39.5</Data></Cell>
			<Cell><Data ss:Type="Number">0</Data></Cell>
			<Cell><Data ss:Type="Number">0</Data></Cell>
			<Cell><Data ss:Type="String">2023-12-07 16:43:50.967352</Data></Cell>
		</Row>
		<Row>
			<Cell><Data ss:Type="String">1703</Data></Cell>
			<Cell><Data ss:Type="Number">0.28</Data></Cell>
			<Cell><Data ss:Type="Number">-10.21</Data></Cell>
			<Cell><Data ss:Type="Number">0.18</Data></Cell>
			<Cell><Data ss:Type="Number">-9.53</Data></Cell>
			<Cell><Data ss:Type="Number">-0.06</Data></Cell>
			<Cell><Data ss:Type="Number">-0.88</Data></Cell>
			<Cell><Data ss:Type="Number">22.8</Data></Cell>
			<Cell><Data ss:Type="Number">39.5</Data></Cell>
			<Cell><Data ss:Type="Number">0</Data></Cell>
			<Cell><Data ss:Type="Number">0</Data></Cell>
			<Cell><Data ss:Type="String">2023-12-07 16:43:50.965702</Data></Cell>
		</Row>
		<Row>
			<Cell><Data ss:Type="String">1702</Data></Cell>
			<Cell><Data ss:Type="Number">0.22</Data></Cell>
			<Cell><Data ss:Type="Number">-10.04</Data></Cell>
			<Cell><Data ss:Type="Number">0.1</Data></Cell>
			<Cell><Data ss:Type="Number">-9.44</Data></Cell>
			<Cell><Data ss:Type="Number">-0.06</Data></Cell>
			<Cell><Data ss:Type="Number">-0.94</Data></Cell>
			<Cell><Data ss:Type="Number">22.8</Data></Cell>
			<Cell><Data ss:Type="Number">39.5</Data></Cell>
			<Cell><Data ss:Type="Number">0</Data></Cell>
			<Cell><Data ss:Type="Number">0</Data></Cell>
			<Cell><Data ss:Type="String">2023-12-07 16:43:50.920421</Data></Cell>
		</Row>
		<Row>
			<Cell><Data ss:Type="String">1701</Data></Cell>
			<Cell><Data ss:Type="Number">0.32</Data></Cell>
			<Cell><Data ss:Type="Number">-9.93</Data></Cell>
			<Cell><Data ss:Type="Number">0.15</Data></Cell>
			<Cell><Data ss:Type="Number">-9.46</Data></Cell>
			<Cell><Data ss:Type="Number">-0.09</Data></Cell>
			<Cell><Data ss:Type="Number">-0.91</Data></Cell>
			<Cell><Data ss:Type="Number">22.8</Data></Cell>
			<Cell><Data ss:Type="Number">39.5</Data></Cell>
			<Cell><Data ss:Type="Number">0</Data></Cell>
			<Cell><Data ss:Type="Number">0</Data></Cell>
			<Cell><Data ss:Type="String">2023-12-07 16:43:50.872114</Data></Cell>
		</Row>
		<Row>
			<Cell><Data ss:Type="String">1700</Data></Cell>
			<Cell><Data ss:Type="Number">0.29</Data></Cell>
			<Cell><Data ss:Type="Number">-9.99</Data></Cell>
			<Cell><Data ss:Type="Number">0.16</Data></Cell>
			<Cell><Data ss:Type="Number">-9.51</Data></Cell>
			<Cell><Data ss:Type="Number">-0.07</Data></Cell>
			<Cell><Data ss:Type="Number">-0.92</Data></Cell>
			<Cell><Data ss:Type="Number">22.8</Data></Cell>
			<Cell><Data ss:Type="Number">39.5</Data></Cell>
			<Cell><Data ss:Type="Number">0</Data></Cell>
			<Cell><Data ss:Type="Number">0</Data></Cell>
			<Cell><Data ss:Type="String">2023-12-07 16:43:50.828419</Data></Cell>
		</Row>
		<Row>
			<Cell><Data ss:Type="String">1699</Data></Cell>
			<Cell><Data ss:Type="Number">0.3</Data></Cell>
			<Cell><Data ss:Type="Number">-10.13</Data></Cell>
			<Cell><Data ss:Type="Number">0.15</Data></Cell>
			<Cell><Data ss:Type="Number">-9.53</Data></Cell>
			<Cell><Data ss:Type="Number">-0.08</Data></Cell>
			<Cell><Data ss:Type="Number">-0.91</Data></Cell>
			<Cell><Data ss:Type="Number">22.8</Data></Cell>
			<Cell><Data ss:Type="Number">39.5</Data></Cell>
			<Cell><Data ss:Type="Number">0</Data></Cell>
			<Cell><Data ss:Type="Number">0</Data></Cell>
			<Cell><Data ss:Type="String">2023-12-07 16:43:50.826815</Data></Cell>
		</Row>
		<Row>
			<Cell><Data ss:Type="String">1698</Data></Cell>
			<Cell><Data ss:Type="Number">0.28</Data></Cell>
			<Cell><Data ss:Type="Number">-10.19</Data></Cell>
			<Cell><Data ss:Type="Number">0.21</Data></Cell>
			<Cell><Data ss:Type="Number">-9.47</Data></Cell>
			<Cell><Data ss:Type="Number">-0.07</Data></Cell>
			<Cell><Data ss:Type="Number">-0.91</Data></Cell>
			<Cell><Data ss:Type="Number">22.8</Data></Cell>
			<Cell><Data ss:Type="Number">39.5</Data></Cell>
			<Cell><Data ss:Type="Number">0</Data></Cell>
			<Cell><Data ss:Type="Number">0</Data></Cell>
			<Cell><Data ss:Type="String">2023-12-07 16:43:50.780721</Data></Cell>
		</Row>
		<Row>
			<Cell><Data ss:Type="String">1697</Data></Cell>
			<Cell><Data ss:Type="Number">0.31</Data></Cell>
			<Cell><Data ss:Type="Number">-10.06</Data></Cell>
			<Cell><Data ss:Type="Number">0.18</Data></Cell>
			<Cell><Data ss:Type="Number">-9.44</Data></Cell>
			<Cell><Data ss:Type="Number">-0.05</Data></Cell>
			<Cell><Data ss:Type="Number">-0.93</Data></Cell>
			<Cell><Data ss:Type="Number">22.8</Data></Cell>
			<Cell><Data ss:Type="Number">39.5</Data></Cell>
			<Cell><Data ss:Type="Number">0</Data></Cell>
			<Cell><Data ss:Type="Number">0</Data></Cell>
			<Cell><Data ss:Type="String">2023-12-07 16:43:50.736648</Data></Cell>
		</Row>
		<Row>
			<Cell><Data ss:Type="String">1696</Data></Cell>
			<Cell><Data ss:Type="Number">0.45</Data></Cell>
			<Cell><Data ss:Type="Number">-10</Data></Cell>
			<Cell><Data ss:Type="Number">0.08</Data></Cell>
			<Cell><Data ss:Type="Number">-9.44</Data></Cell>
			<Cell><Data ss:Type="Number">-0.06</Data></Cell>
			<Cell><Data ss:Type="Number">-0.95</Data></Cell>
			<Cell><Data ss:Type="Number">22.8</Data></Cell>
			<Cell><Data ss:Type="Number">39.5</Data></Cell>
			<Cell><Data ss:Type="Number">0</Data></Cell>
			<Cell><Data ss:Type="Number">0</Data></Cell>
			<Cell><Data ss:Type="String">2023-12-07 16:43:50.734142</Data></Cell>
		</Row>
		<Row>
			<Cell><Data ss:Type="String">1695</Data></Cell>
			<Cell><Data ss:Type="Number">0.28</Data></Cell>
			<Cell><Data ss:Type="Number">-10.18</Data></Cell>
			<Cell><Data ss:Type="Number">0.18</Data></Cell>
			<Cell><Data ss:Type="Number">-9.53</Data></Cell>
			<Cell><Data ss:Type="Number">-0.06</Data></Cell>
			<Cell><Data ss:Type="Number">-0.89</Data></Cell>
			<Cell><Data ss:Type="Number">22.8</Data></Cell>
			<Cell><Data ss:Type="Number">39.5</Data></Cell>
			<Cell><Data ss:Type="Number">0</Data></Cell>
			<Cell><Data ss:Type="Number">0</Data></Cell>
			<Cell><Data ss:Type="String">2023-12-07 16:43:50.687035</Data></Cell>
		</Row>
		<Row>
			<Cell><Data ss:Type="String">1694</Data></Cell>
			<Cell><Data ss:Type="Number">0.27</Data></Cell>
			<Cell><Data ss:Type="Number">-10.19</Data></Cell>
			<Cell><Data ss:Type="Number">0.14</Data></Cell>
			<Cell><Data ss:Type="Number">-9.52</Data></Cell>
			<Cell><Data ss:Type="Number">-0.07</Data></Cell>
			<Cell><Data ss:Type="Number">-0.92</Data></Cell>
			<Cell><Data ss:Type="Number">22.8</Data></Cell>
			<Cell><Data ss:Type="Number">39.5</Data></Cell>
			<Cell><Data ss:Type="Number">0</Data></Cell>
			<Cell><Data ss:Type="Number">0</Data></Cell>
			<Cell><Data ss:Type="String">2023-12-07 16:43:50.642869</Data></Cell>
		</Row>
		<Row>
			<Cell><Data ss:Type="String">1693</Data></Cell>
			<Cell><Data ss:Type="Number">0.3</Data></Cell>
			<Cell><Data ss:Type="Number">-10.12</Data></Cell>
			<Cell><Data ss:Type="Number">0.2</Data></Cell>
			<Cell><Data ss:Type="Number">-9.44</Data></Cell>
			<Cell><Data ss:Type="Number">-0.08</Data></Cell>
			<Cell><Data ss:Type="Number">-0.89</Data></Cell>
			<Cell><Data ss:Type="Number">22.8</Data></Cell>
			<Cell><Data ss:Type="Number">39.5</Data></Cell>
			<Cell><Data ss:Type="Number">0</Data></Cell>
			<Cell><Data ss:Type="Number">0</Data></Cell>
			<Cell><Data ss:Type="String">2023-12-07 16:43:50.598511</Data></Cell>
		</Row>
		<Row>
			<Cell><Data ss:Type="String">1692</Data></Cell>
			<Cell><Data ss:Type="Number">0.28</Data></Cell>
			<Cell><Data ss:Type="Number">-10.01</Data></Cell>
			<Cell><Data ss:Type="Number">0.04</Data></Cell>
			<Cell><Data ss:Type="Number">-9.44</Data></Cell>
			<Cell><Data ss:Type="Number">-0.06</Data></Cell>
			<Cell><Data ss:Type="Number">-0.96</Data></Cell>
			<Cell><Data ss:Type="Number">22.8</Data></Cell>
			<Cell><Data ss:Type="Number">39.5</Data></Cell>
			<Cell><Data ss:Type="Number">0</Data></Cell>
			<Cell><Data ss:Type="Number">0</Data></Cell>
			<Cell><Data ss:Type="String">2023-12-07 16:43:50.596256</Data></Cell>
		</Row>
		<Row>
			<Cell><Data ss:Type="String">1691</Data></Cell>
			<Cell><Data ss:Type="Number">0.26</Data></Cell>
			<Cell><Data ss:Type="Number">-10.03</Data></Cell>
			<Cell><Data ss:Type="Number">0.12</Data></Cell>
			<Cell><Data ss:Type="Number">-9.5</Data></Cell>
			<Cell><Data ss:Type="Number">-0.05</Data></Cell>
			<Cell><Data ss:Type="Number">-0.93</Data></Cell>
			<Cell><Data ss:Type="Number">22.8</Data></Cell>
			<Cell><Data ss:Type="Number">39.5</Data></Cell>
			<Cell><Data ss:Type="Number">0</Data></Cell>
			<Cell><Data ss:Type="Number">0</Data></Cell>
			<Cell><Data ss:Type="String">2023-12-07 16:43:50.550523</Data></Cell>
		</Row>
		<Row>
			<Cell><Data ss:Type="String">1690</Data></Cell>
			<Cell><Data ss:Type="Number">0.37</Data></Cell>
			<Cell><Data ss:Type="Number">-10.19</Data></Cell>
			<Cell><Data ss:Type="Number">0.08</Data></Cell>
			<Cell><Data ss:Type="Number">-9.53</Data></Cell>
			<Cell><Data ss:Type="Number">-0.03</Data></Cell>
			<Cell><Data ss:Type="Number">-0.86</Data></Cell>
			<Cell><Data ss:Type="Number">22.8</Data></Cell>
			<Cell><Data ss:Type="Number">39.5</Data></Cell>
			<Cell><Data ss:Type="Number">0</Data></Cell>
			<Cell><Data ss:Type="Number">0</Data></Cell>
			<Cell><Data ss:Type="String">2023-12-07 16:43:50.506693</Data></Cell>
		</Row>
		<Row>
			<Cell><Data ss:Type="String">1689</Data></Cell>
			<Cell><Data ss:Type="Number">0.39</Data></Cell>
			<Cell><Data ss:Type="Number">-10.15</Data></Cell>
			<Cell><Data ss:Type="Number">0.17</Data></Cell>
			<Cell><Data ss:Type="Number">-9.48</Data></Cell>
			<Cell><Data ss:Type="Number">-0.16</Data></Cell>
			<Cell><Data ss:Type="Number">-0.96</Data></Cell>
			<Cell><Data ss:Type="Number">22.8</Data></Cell>
			<Cell><Data ss:Type="Number">39.5</Data></Cell>
			<Cell><Data ss:Type="Number">0</Data></Cell>
			<Cell><Data ss:Type="Number">0</Data></Cell>
			<Cell><Data ss:Type="String">2023-12-07 16:43:50.504910</Data></Cell>
		</Row>
		<Row>
			<Cell><Data ss:Type="String">1688</Data></Cell>
			<Cell><Data ss:Type="Number">0.25</Data></Cell>
			<Cell><Data ss:Type="Number">-9.89</Data></Cell>
			<Cell><Data ss:Type="Number">0.18</Data></Cell>
			<Cell><Data ss:Type="Number">-9.41</Data></Cell>
			<Cell><Data ss:Type="Number">-0.05</Data></Cell>
			<Cell><Data ss:Type="Number">-0.87</Data></Cell>
			<Cell><Data ss:Type="Number">22.8</Data></Cell>
			<Cell><Data ss:Type="Number">39.5</Data></Cell>
			<Cell><Data ss:Type="Number">0</Data></Cell>
			<Cell><Data ss:Type="Number">0</Data></Cell>
			<Cell><Data ss:Type="String">2023-12-07 16:43:50.460096</Data></Cell>
		</Row>
		<Row>
			<Cell><Data ss:Type="String">1687</Data></Cell>
			<Cell><Data ss:Type="Number">0.18</Data></Cell>
			<Cell><Data ss:Type="Number">-10.11</Data></Cell>
			<Cell><Data ss:Type="Number">-0.05</Data></Cell>
			<Cell><Data ss:Type="Number">-9.53</Data></Cell>
			<Cell><Data ss:Type="Number">-0.01</Data></Cell>
			<Cell><Data ss:Type="Number">-0.99</Data></Cell>
			<Cell><Data ss:Type="Number">22.8</Data></Cell>
			<Cell><Data ss:Type="Number">39.5</Data></Cell>
			<Cell><Data ss:Type="Number">0</Data></Cell>
			<Cell><Data ss:Type="Number">0</Data></Cell>
			<Cell><Data ss:Type="String">2023-12-07 16:43:50.416284</Data></Cell>
		</Row>
		<Row>
			<Cell><Data ss:Type="String">1686</Data></Cell>
			<Cell><Data ss:Type="Number">0.52</Data></Cell>
			<Cell><Data ss:Type="Number">-10.07</Data></Cell>
			<Cell><Data ss:Type="Number">0.27</Data></Cell>
			<Cell><Data ss:Type="Number">-9.5</Data></Cell>
			<Cell><Data ss:Type="Number">-0.07</Data></Cell>
			<Cell><Data ss:Type="Number">-0.9</Data></Cell>
			<Cell><Data ss:Type="Number">22.8</Data></Cell>
			<Cell><Data ss:Type="Number">39.5</Data></Cell>
			<Cell><Data ss:Type="Number">0</Data></Cell>
			<Cell><Data ss:Type="Number">0</Data></Cell>
			<Cell><Data ss:Type="String">2023-12-07 16:43:50.414288</Data></Cell>
		</Row>
		<Row>
			<Cell><Data ss:Type="String">1685</Data></Cell>
			<Cell><Data ss:Type="Number">0.36</Data></Cell>
			<Cell><Data ss:Type="Number">-10.23</Data></Cell>
			<Cell><Data ss:Type="Number">0.25</Data></Cell>
			<Cell><Data ss:Type="Number">-9.5</Data></Cell>
			<Cell><Data ss:Type="Number">-0.33</Data></Cell>
			<Cell><Data ss:Type="Number">-0.84</Data></Cell>
			<Cell><Data ss:Type="Number">22.8</Data></Cell>
			<Cell><Data ss:Type="Number">39.5</Data></Cell>
			<Cell><Data ss:Type="Number">0</Data></Cell>
			<Cell><Data ss:Type="Number">0</Data></Cell>
			<Cell><Data ss:Type="String">2023-12-07 16:43:50.411402</Data></Cell>
		</Row>
		<Row>
			<Cell><Data ss:Type="String">1684</Data></Cell>
			<Cell><Data ss:Type="Number">1.22</Data></Cell>
			<Cell><Data ss:Type="Number">-10.3</Data></Cell>
			<Cell><Data ss:Type="Number">-0.28</Data></Cell>
			<Cell><Data ss:Type="Number">-9.52</Data></Cell>
			<Cell><Data ss:Type="Number">0.28</Data></Cell>
			<Cell><Data ss:Type="Number">-0.97</Data></Cell>
			<Cell><Data ss:Type="Number">22.8</Data></Cell>
			<Cell><Data ss:Type="Number">39.5</Data></Cell>
			<Cell><Data ss:Type="Number">0</Data></Cell>
			<Cell><Data ss:Type="Number">0</Data></Cell>
			<Cell><Data ss:Type="String">2023-12-07 16:43:50.408652</Data></Cell>
		</Row>
		<Row>
			<Cell><Data ss:Type="String">1683</Data></Cell>
			<Cell><Data ss:Type="Number">0.41</Data></Cell>
			<Cell><Data ss:Type="Number">-9.96</Data></Cell>
			<Cell><Data ss:Type="Number">0.11</Data></Cell>
			<Cell><Data ss:Type="Number">-9.43</Data></Cell>
			<Cell><Data ss:Type="Number">-0.1</Data></Cell>
			<Cell><Data ss:Type="Number">-0.85</Data></Cell>
			<Cell><Data ss:Type="Number">22.8</Data></Cell>
			<Cell><Data ss:Type="Number">39.5</Data></Cell>
			<Cell><Data ss:Type="Number">0</Data></Cell>
			<Cell><Data ss:Type="Number">0</Data></Cell>
			<Cell><Data ss:Type="String">2023-12-07 16:43:50.406528</Data></Cell>
		</Row>
		<Row>
			<Cell><Data ss:Type="String">1682</Data></Cell>
			<Cell><Data ss:Type="Number">-1.07</Data></Cell>
			<Cell><Data ss:Type="Number">-9.9</Data></Cell>
			<Cell><Data ss:Type="Number">0.6</Data></Cell>
			<Cell><Data ss:Type="Number">-9.43</Data></Cell>
			<Cell><Data ss:Type="Number">-0.67</Data></Cell>
			<Cell><Data ss:Type="Number">-0.9</Data></Cell>
			<Cell><Data ss:Type="Number">22.8</Data></Cell>
			<Cell><Data ss:Type="Number">39.5</Data></Cell>
			<Cell><Data ss:Type="Number">0</Data></Cell>
			<Cell><Data ss:Type="Number">0</Data></Cell>
			<Cell><Data ss:Type="String">2023-12-07 16:43:50.404315</Data></Cell>
		</Row>
		<Row>
			<Cell><Data ss:Type="String">1681</Data></Cell>
			<Cell><Data ss:Type="Number">-0.39</Data></Cell>
			<Cell><Data ss:Type="Number">-10.23</Data></Cell>
			<Cell><Data ss:Type="Number">-0.6</Data></Cell>
			<Cell><Data ss:Type="Number">-9.56</Data></Cell>
			<Cell><Data ss:Type="Number">0.11</Data></Cell>
			<Cell><Data ss:Type="Number">-1.02</Data></Cell>
			<Cell><Data ss:Type="Number">22.8</Data></Cell>
			<Cell><Data ss:Type="Number">39.5</Data></Cell>
			<Cell><Data ss:Type="Number">0</Data></Cell>
			<Cell><Data ss:Type="Number">0</Data></Cell>
			<Cell><Data ss:Type="String">2023-12-07 16:43:50.401364</Data></Cell>
		</Row>
		<Row>
			<Cell><Data ss:Type="String">1680</Data></Cell>
			<Cell><Data ss:Type="Number">5.13</Data></Cell>
			<Cell><Data ss:Type="Number">-10.34</Data></Cell>
			<Cell><Data ss:Type="Number">-0.62</Data></Cell>
			<Cell><Data ss:Type="Number">-9.55</Data></Cell>
			<Cell><Data ss:Type="Number">1.2</Data></Cell>
			<Cell><Data ss:Type="Number">-0.86</Data></Cell>
			<Cell><Data ss:Type="Number">22.8</Data></Cell>
			<Cell><Data ss:Type="Number">39.5</Data></Cell>
			<Cell><Data ss:Type="Number">0</Data></Cell>
			<Cell><Data ss:Type="Number">0</Data></Cell>
			<Cell><Data ss:Type="String">2023-12-07 16:43:50.168058</Data></Cell>
		</Row>
		<Row>
			<Cell><Data ss:Type="String">1679</Data></Cell>
			<Cell><Data ss:Type="Number">2.64</Data></Cell>
			<Cell><Data ss:Type="Number">-10.2</Data></Cell>
			<Cell><Data ss:Type="Number">0.13</Data></Cell>
			<Cell><Data ss:Type="Number">-9.24</Data></Cell>
			<Cell><Data ss:Type="Number">-1.28</Data></Cell>
			<Cell><Data ss:Type="Number">-1.36</Data></Cell>
			<Cell><Data ss:Type="Number">22.8</Data></Cell>
			<Cell><Data ss:Type="Number">39.5</Data></Cell>
			<Cell><Data ss:Type="Number">0</Data></Cell>
			<Cell><Data ss:Type="Number">0</Data></Cell>
			<Cell><Data ss:Type="String">2023-12-07 16:43:50.165766</Data></Cell>
		</Row>
		<Row>
			<Cell><Data ss:Type="String">1678</Data></Cell>
			<Cell><Data ss:Type="Number">0.28</Data></Cell>
			<Cell><Data ss:Type="Number">-9.96</Data></Cell>
			<Cell><Data ss:Type="Number">0.08</Data></Cell>
			<Cell><Data ss:Type="Number">-9.34</Data></Cell>
			<Cell><Data ss:Type="Number">-0.05</Data></Cell>
			<Cell><Data ss:Type="Number">-0.95</Data></Cell>
			<Cell><Data ss:Type="Number">22.8</Data></Cell>
			<Cell><Data ss:Type="Number">39.5</Data></Cell>
			<Cell><Data ss:Type="Number">0</Data></Cell>
			<Cell><Data ss:Type="Number">0</Data></Cell>
			<Cell><Data ss:Type="String">2023-12-07 16:43:50.114736</Data></Cell>
		</Row>
		<Row>
			<Cell><Data ss:Type="String">1677</Data></Cell>
			<Cell><Data ss:Type="Number">0.39</Data></Cell>
			<Cell><Data ss:Type="Number">-10.06</Data></Cell>
			<Cell><Data ss:Type="Number">0.33</Data></Cell>
			<Cell><Data ss:Type="Number">-9.5</Data></Cell>
			<Cell><Data ss:Type="Number">-0.01</Data></Cell>
			<Cell><Data ss:Type="Number">-0.93</Data></Cell>
			<Cell><Data ss:Type="Number">22.8</Data></Cell>
			<Cell><Data ss:Type="Number">39.5</Data></Cell>
			<Cell><Data ss:Type="Number">0</Data></Cell>
			<Cell><Data ss:Type="Number">0</Data></Cell>
			<Cell><Data ss:Type="String">2023-12-07 16:43:50.112314</Data></Cell>
		</Row>
		<Row>
			<Cell><Data ss:Type="String">1676</Data></Cell>
			<Cell><Data ss:Type="Number">-0.19</Data></Cell>
			<Cell><Data ss:Type="Number">-10.85</Data></Cell>
			<Cell><Data ss:Type="Number">-0.37</Data></Cell>
			<Cell><Data ss:Type="Number">-9.64</Data></Cell>
			<Cell><Data ss:Type="Number">-0.06</Data></Cell>
			<Cell><Data ss:Type="Number">-0.94</Data></Cell>
			<Cell><Data ss:Type="Number">22.8</Data></Cell>
			<Cell><Data ss:Type="Number">39.5</Data></Cell>
			<Cell><Data ss:Type="Number">0</Data></Cell>
			<Cell><Data ss:Type="Number">0</Data></Cell>
			<Cell><Data ss:Type="String">2023-12-07 16:43:50.108890</Data></Cell>
		</Row>
		<Row>
			<Cell><Data ss:Type="String">1675</Data></Cell>
			<Cell><Data ss:Type="Number">-0.09</Data></Cell>
			<Cell><Data ss:Type="Number">-9.95</Data></Cell>
			<Cell><Data ss:Type="Number">0.36</Data></Cell>
			<Cell><Data ss:Type="Number">-9.6</Data></Cell>
			<Cell><Data ss:Type="Number">-0.01</Data></Cell>
			<Cell><Data ss:Type="Number">-0.89</Data></Cell>
			<Cell><Data ss:Type="Number">22.8</Data></Cell>
			<Cell><Data ss:Type="Number">39.5</Data></Cell>
			<Cell><Data ss:Type="Number">0</Data></Cell>
			<Cell><Data ss:Type="Number">0</Data></Cell>
			<Cell><Data ss:Type="String">2023-12-07 16:43:50.106448</Data></Cell>
		</Row>
		<Row>
			<Cell><Data ss:Type="String">1674</Data></Cell>
			<Cell><Data ss:Type="Number">0.27</Data></Cell>
			<Cell><Data ss:Type="Number">-9.71</Data></Cell>
			<Cell><Data ss:Type="Number">0.21</Data></Cell>
			<Cell><Data ss:Type="Number">-9.46</Data></Cell>
			<Cell><Data ss:Type="Number">0</Data></Cell>
			<Cell><Data ss:Type="Number">-0.91</Data></Cell>
			<Cell><Data ss:Type="Number">22.8</Data></Cell>
			<Cell><Data ss:Type="Number">39.5</Data></Cell>
			<Cell><Data ss:Type="Number">0</Data></Cell>
			<Cell><Data ss:Type="Number">0</Data></Cell>
			<Cell><Data ss:Type="String">2023-12-07 16:43:50.104591</Data></Cell>
		</Row>
		<Row>
			<Cell><Data ss:Type="String">1673</Data></Cell>
			<Cell><Data ss:Type="Number">0.48</Data></Cell>
			<Cell><Data ss:Type="Number">-10.64</Data></Cell>
			<Cell><Data ss:Type="Number">0.24</Data></Cell>
			<Cell><Data ss:Type="Number">-9.53</Data></Cell>
			<Cell><Data ss:Type="Number">0.03</Data></Cell>
			<Cell><Data ss:Type="Number">-0.93</Data></Cell>
			<Cell><Data ss:Type="Number">22.8</Data></Cell>
			<Cell><Data ss:Type="Number">39.5</Data></Cell>
			<Cell><Data ss:Type="Number">0</Data></Cell>
			<Cell><Data ss:Type="Number">0</Data></Cell>
			<Cell><Data ss:Type="String">2023-12-07 16:43:50.102592</Data></Cell>
		</Row>
		<Row>
			<Cell><Data ss:Type="String">1672</Data></Cell>
			<Cell><Data ss:Type="Number">0.07</Data></Cell>
			<Cell><Data ss:Type="Number">-10.17</Data></Cell>
			<Cell><Data ss:Type="Number">0.27</Data></Cell>
			<Cell><Data ss:Type="Number">-9.49</Data></Cell>
			<Cell><Data ss:Type="Number">-0.06</Data></Cell>
			<Cell><Data ss:Type="Number">-0.93</Data></Cell>
			<Cell><Data ss:Type="Number">22.8</Data></Cell>
			<Cell><Data ss:Type="Number">39.5</Data></Cell>
			<Cell><Data ss:Type="Number">0</Data></Cell>
			<Cell><Data ss:Type="Number">0</Data></Cell>
			<Cell><Data ss:Type="String">2023-12-07 16:43:49.904358</Data></Cell>
		</Row>
		<Row>
			<Cell><Data ss:Type="String">1671</Data></Cell>
			<Cell><Data ss:Type="Number">-0.02</Data></Cell>
			<Cell><Data ss:Type="Number">-9.45</Data></Cell>
			<Cell><Data ss:Type="Number">0.15</Data></Cell>
			<Cell><Data ss:Type="Number">-9.29</Data></Cell>
			<Cell><Data ss:Type="Number">-0.08</Data></Cell>
			<Cell><Data ss:Type="Number">-0.95</Data></Cell>
			<Cell><Data ss:Type="Number">22.8</Data></Cell>
			<Cell><Data ss:Type="Number">39.5</Data></Cell>
			<Cell><Data ss:Type="Number">0</Data></Cell>
			<Cell><Data ss:Type="Number">0</Data></Cell>
			<Cell><Data ss:Type="String">2023-12-07 16:43:49.902505</Data></Cell>
		</Row>
		<Row>
			<Cell><Data ss:Type="String">1670</Data></Cell>
			<Cell><Data ss:Type="Number">0.53</Data></Cell>
			<Cell><Data ss:Type="Number">-10.3</Data></Cell>
			<Cell><Data ss:Type="Number">0.27</Data></Cell>
			<Cell><Data ss:Type="Number">-9.5</Data></Cell>
			<Cell><Data ss:Type="Number">-0.1</Data></Cell>
			<Cell><Data ss:Type="Number">-0.87</Data></Cell>
			<Cell><Data ss:Type="Number">22.8</Data></Cell>
			<Cell><Data ss:Type="Number">39.5</Data></Cell>
			<Cell><Data ss:Type="Number">0</Data></Cell>
			<Cell><Data ss:Type="Number">0</Data></Cell>
			<Cell><Data ss:Type="String">2023-12-07 16:43:49.855810</Data></Cell>
		</Row>
		<Row>
			<Cell><Data ss:Type="String">1669</Data></Cell>
			<Cell><Data ss:Type="Number">0.55</Data></Cell>
			<Cell><Data ss:Type="Number">-9.82</Data></Cell>
			<Cell><Data ss:Type="Number">0.23</Data></Cell>
			<Cell><Data ss:Type="Number">-9.44</Data></Cell>
			<Cell><Data ss:Type="Number">-0.07</Data></Cell>
			<Cell><Data ss:Type="Number">-0.94</Data></Cell>
			<Cell><Data ss:Type="Number">22.8</Data></Cell>
			<Cell><Data ss:Type="Number">39.5</Data></Cell>
			<Cell><Data ss:Type="Number">0</Data></Cell>
			<Cell><Data ss:Type="Number">0</Data></Cell>
			<Cell><Data ss:Type="String">2023-12-07 16:43:49.810512</Data></Cell>
		</Row>
		<Row>
			<Cell><Data ss:Type="String">1668</Data></Cell>
			<Cell><Data ss:Type="Number">0.1</Data></Cell>
			<Cell><Data ss:Type="Number">-10.02</Data></Cell>
			<Cell><Data ss:Type="Number">-0.02</Data></Cell>
			<Cell><Data ss:Type="Number">-9.48</Data></Cell>
			<Cell><Data ss:Type="Number">-0.06</Data></Cell>
			<Cell><Data ss:Type="Number">-0.9</Data></Cell>
			<Cell><Data ss:Type="Number">22.7</Data></Cell>
			<Cell><Data ss:Type="Number">39.5</Data></Cell>
			<Cell><Data ss:Type="Number">0</Data></Cell>
			<Cell><Data ss:Type="Number">0</Data></Cell>
			<Cell><Data ss:Type="String">2023-12-07 16:43:49.766893</Data></Cell>
		</Row>
		<Row>
			<Cell><Data ss:Type="String">1667</Data></Cell>
			<Cell><Data ss:Type="Number">-0.14</Data></Cell>
			<Cell><Data ss:Type="Number">-10.05</Data></Cell>
			<Cell><Data ss:Type="Number">0.3</Data></Cell>
			<Cell><Data ss:Type="Number">-9.56</Data></Cell>
			<Cell><Data ss:Type="Number">-0.11</Data></Cell>
			<Cell><Data ss:Type="Number">-0.9</Data></Cell>
			<Cell><Data ss:Type="Number">22.7</Data></Cell>
			<Cell><Data ss:Type="Number">39.5</Data></Cell>
			<Cell><Data ss:Type="Number">0</Data></Cell>
			<Cell><Data ss:Type="Number">0</Data></Cell>
			<Cell><Data ss:Type="String">2023-12-07 16:43:49.710224</Data></Cell>
		</Row>
		<Row>
			<Cell><Data ss:Type="String">1666</Data></Cell>
			<Cell><Data ss:Type="Number">0.38</Data></Cell>
			<Cell><Data ss:Type="Number">-9.73</Data></Cell>
			<Cell><Data ss:Type="Number">0.1</Data></Cell>
			<Cell><Data ss:Type="Number">-9.59</Data></Cell>
			<Cell><Data ss:Type="Number">-0.09</Data></Cell>
			<Cell><Data ss:Type="Number">-0.91</Data></Cell>
			<Cell><Data ss:Type="Number">22.7</Data></Cell>
			<Cell><Data ss:Type="Number">39.5</Data></Cell>
			<Cell><Data ss:Type="Number">0</Data></Cell>
			<Cell><Data ss:Type="Number">0</Data></Cell>
			<Cell><Data ss:Type="String">2023-12-07 16:43:49.705575</Data></Cell>
		</Row>
		<Row>
			<Cell><Data ss:Type="String">1665</Data></Cell>
			<Cell><Data ss:Type="Number">0.13</Data></Cell>
			<Cell><Data ss:Type="Number">-10.42</Data></Cell>
			<Cell><Data ss:Type="Number">0.03</Data></Cell>
			<Cell><Data ss:Type="Number">-9.56</Data></Cell>
			<Cell><Data ss:Type="Number">-0.04</Data></Cell>
			<Cell><Data ss:Type="Number">-0.92</Data></Cell>
			<Cell><Data ss:Type="Number">22.7</Data></Cell>
			<Cell><Data ss:Type="Number">39.5</Data></Cell>
			<Cell><Data ss:Type="Number">0</Data></Cell>
			<Cell><Data ss:Type="Number">0</Data></Cell>
			<Cell><Data ss:Type="String">2023-12-07 16:43:49.647582</Data></Cell>
		</Row>
		<Row>
			<Cell><Data ss:Type="String">1664</Data></Cell>
			<Cell><Data ss:Type="Number">0.16</Data></Cell>
			<Cell><Data ss:Type="Number">-9.8</Data></Cell>
			<Cell><Data ss:Type="Number">0.23</Data></Cell>
			<Cell><Data ss:Type="Number">-9.37</Data></Cell>
			<Cell><Data ss:Type="Number">-0.03</Data></Cell>
			<Cell><Data ss:Type="Number">-0.89</Data></Cell>
			<Cell><Data ss:Type="Number">22.7</Data></Cell>
			<Cell><Data ss:Type="Number">39.5</Data></Cell>
			<Cell><Data ss:Type="Number">0</Data></Cell>
			<Cell><Data ss:Type="Number">0</Data></Cell>
			<Cell><Data ss:Type="String">2023-12-07 16:43:49.645840</Data></Cell>
		</Row>
		<Row>
			<Cell><Data ss:Type="String">1663</Data></Cell>
			<Cell><Data ss:Type="Number">0.3</Data></Cell>
			<Cell><Data ss:Type="Number">-9.96</Data></Cell>
			<Cell><Data ss:Type="Number">0.28</Data></Cell>
			<Cell><Data ss:Type="Number">-9.41</Data></Cell>
			<Cell><Data ss:Type="Number">-0.08</Data></Cell>
			<Cell><Data ss:Type="Number">-0.94</Data></Cell>
			<Cell><Data ss:Type="Number">22.7</Data></Cell>
			<Cell><Data ss:Type="Number">39.5</Data></Cell>
			<Cell><Data ss:Type="Number">0</Data></Cell>
			<Cell><Data ss:Type="Number">0</Data></Cell>
			<Cell><Data ss:Type="String">2023-12-07 16:43:49.596490</Data></Cell>
		</Row>
		<Row>
			<Cell><Data ss:Type="String">1662</Data></Cell>
			<Cell><Data ss:Type="Number">0.03</Data></Cell>
			<Cell><Data ss:Type="Number">-10.11</Data></Cell>
			<Cell><Data ss:Type="Number">0.07</Data></Cell>
			<Cell><Data ss:Type="Number">-9.41</Data></Cell>
			<Cell><Data ss:Type="Number">-0.05</Data></Cell>
			<Cell><Data ss:Type="Number">-0.89</Data></Cell>
			<Cell><Data ss:Type="Number">22.7</Data></Cell>
			<Cell><Data ss:Type="Number">39.5</Data></Cell>
			<Cell><Data ss:Type="Number">0</Data></Cell>
			<Cell><Data ss:Type="Number">0</Data></Cell>
			<Cell><Data ss:Type="String">2023-12-07 16:43:49.552075</Data></Cell>
		</Row>
		<Row>
			<Cell><Data ss:Type="String">1661</Data></Cell>
			<Cell><Data ss:Type="Number">0.14</Data></Cell>
			<Cell><Data ss:Type="Number">-10.09</Data></Cell>
			<Cell><Data ss:Type="Number">0.23</Data></Cell>
			<Cell><Data ss:Type="Number">-9.7</Data></Cell>
			<Cell><Data ss:Type="Number">-0.03</Data></Cell>
			<Cell><Data ss:Type="Number">-0.91</Data></Cell>
			<Cell><Data ss:Type="Number">22.7</Data></Cell>
			<Cell><Data ss:Type="Number">39.5</Data></Cell>
			<Cell><Data ss:Type="Number">0</Data></Cell>
			<Cell><Data ss:Type="Number">0</Data></Cell>
			<Cell><Data ss:Type="String">2023-12-07 16:43:49.550000</Data></Cell>
		</Row>
		<Row>
			<Cell><Data ss:Type="String">1660</Data></Cell>
			<Cell><Data ss:Type="Number">0.52</Data></Cell>
			<Cell><Data ss:Type="Number">-10.42</Data></Cell>
			<Cell><Data ss:Type="Number">0.41</Data></Cell>
			<Cell><Data ss:Type="Number">-9.59</Data></Cell>
			<Cell><Data ss:Type="Number">-0.06</Data></Cell>
			<Cell><Data ss:Type="Number">-0.91</Data></Cell>
			<Cell><Data ss:Type="Number">22.7</Data></Cell>
			<Cell><Data ss:Type="Number">39.5</Data></Cell>
			<Cell><Data ss:Type="Number">0</Data></Cell>
			<Cell><Data ss:Type="Number">0</Data></Cell>
			<Cell><Data ss:Type="String">2023-12-07 16:43:49.504809</Data></Cell>
		</Row>
		<Row>
			<Cell><Data ss:Type="String">1659</Data></Cell>
			<Cell><Data ss:Type="Number">0.22</Data></Cell>
			<Cell><Data ss:Type="Number">-10.29</Data></Cell>
			<Cell><Data ss:Type="Number">0.29</Data></Cell>
			<Cell><Data ss:Type="Number">-9.45</Data></Cell>
			<Cell><Data ss:Type="Number">-0.11</Data></Cell>
			<Cell><Data ss:Type="Number">-0.89</Data></Cell>
			<Cell><Data ss:Type="Number">22.7</Data></Cell>
			<Cell><Data ss:Type="Number">39.5</Data></Cell>
			<Cell><Data ss:Type="Number">0</Data></Cell>
			<Cell><Data ss:Type="Number">0</Data></Cell>
			<Cell><Data ss:Type="String">2023-12-07 16:43:49.459616</Data></Cell>
		</Row>
		<Row>
			<Cell><Data ss:Type="String">1658</Data></Cell>
			<Cell><Data ss:Type="Number">0.44</Data></Cell>
			<Cell><Data ss:Type="Number">-9.4</Data></Cell>
			<Cell><Data ss:Type="Number">0.36</Data></Cell>
			<Cell><Data ss:Type="Number">-9.4</Data></Cell>
			<Cell><Data ss:Type="Number">-0.02</Data></Cell>
			<Cell><Data ss:Type="Number">-0.97</Data></Cell>
			<Cell><Data ss:Type="Number">22.7</Data></Cell>
			<Cell><Data ss:Type="Number">39.5</Data></Cell>
			<Cell><Data ss:Type="Number">0</Data></Cell>
			<Cell><Data ss:Type="Number">0</Data></Cell>
			<Cell><Data ss:Type="String">2023-12-07 16:43:49.410919</Data></Cell>
		</Row>
		<Row>
			<Cell><Data ss:Type="String">1657</Data></Cell>
			<Cell><Data ss:Type="Number">0.22</Data></Cell>
			<Cell><Data ss:Type="Number">-9.57</Data></Cell>
			<Cell><Data ss:Type="Number">-0.07</Data></Cell>
			<Cell><Data ss:Type="Number">-9.38</Data></Cell>
			<Cell><Data ss:Type="Number">-0.11</Data></Cell>
			<Cell><Data ss:Type="Number">-0.97</Data></Cell>
			<Cell><Data ss:Type="Number">22.7</Data></Cell>
			<Cell><Data ss:Type="Number">39.5</Data></Cell>
			<Cell><Data ss:Type="Number">0</Data></Cell>
			<Cell><Data ss:Type="Number">0</Data></Cell>
			<Cell><Data ss:Type="String">2023-12-07 16:43:49.408541</Data></Cell>
		</Row>
		<Row>
			<Cell><Data ss:Type="String">1656</Data></Cell>
			<Cell><Data ss:Type="Number">0.33</Data></Cell>
			<Cell><Data ss:Type="Number">-9.85</Data></Cell>
			<Cell><Data ss:Type="Number">0.13</Data></Cell>
			<Cell><Data ss:Type="Number">-9.56</Data></Cell>
			<Cell><Data ss:Type="Number">-0.06</Data></Cell>
			<Cell><Data ss:Type="Number">-0.86</Data></Cell>
			<Cell><Data ss:Type="Number">22.7</Data></Cell>
			<Cell><Data ss:Type="Number">39.5</Data></Cell>
			<Cell><Data ss:Type="Number">0</Data></Cell>
			<Cell><Data ss:Type="Number">0</Data></Cell>
			<Cell><Data ss:Type="String">2023-12-07 16:43:49.357011</Data></Cell>
		</Row>
		<Row>
			<Cell><Data ss:Type="String">1655</Data></Cell>
			<Cell><Data ss:Type="Number">0.1</Data></Cell>
			<Cell><Data ss:Type="Number">-10.49</Data></Cell>
			<Cell><Data ss:Type="Number">0.03</Data></Cell>
			<Cell><Data ss:Type="Number">-9.57</Data></Cell>
			<Cell><Data ss:Type="Number">-0.11</Data></Cell>
			<Cell><Data ss:Type="Number">-0.93</Data></Cell>
			<Cell><Data ss:Type="Number">22.7</Data></Cell>
			<Cell><Data ss:Type="Number">39.5</Data></Cell>
			<Cell><Data ss:Type="Number">0</Data></Cell>
			<Cell><Data ss:Type="Number">0</Data></Cell>
			<Cell><Data ss:Type="String">2023-12-07 16:43:49.355320</Data></Cell>
		</Row>
		<Row>
			<Cell><Data ss:Type="String">1654</Data></Cell>
			<Cell><Data ss:Type="Number">0.64</Data></Cell>
			<Cell><Data ss:Type="Number">-10.37</Data></Cell>
			<Cell><Data ss:Type="Number">0.24</Data></Cell>
			<Cell><Data ss:Type="Number">-9.31</Data></Cell>
			<Cell><Data ss:Type="Number">-0.06</Data></Cell>
			<Cell><Data ss:Type="Number">-0.87</Data></Cell>
			<Cell><Data ss:Type="Number">22.7</Data></Cell>
			<Cell><Data ss:Type="Number">39.5</Data></Cell>
			<Cell><Data ss:Type="Number">0</Data></Cell>
			<Cell><Data ss:Type="Number">0</Data></Cell>
			<Cell><Data ss:Type="String">2023-12-07 16:43:49.305838</Data></Cell>
		</Row>
		<Row>
			<Cell><Data ss:Type="String">1653</Data></Cell>
			<Cell><Data ss:Type="Number">0.01</Data></Cell>
			<Cell><Data ss:Type="Number">-10.15</Data></Cell>
			<Cell><Data ss:Type="Number">0.04</Data></Cell>
			<Cell><Data ss:Type="Number">-9.48</Data></Cell>
			<Cell><Data ss:Type="Number">-0.05</Data></Cell>
			<Cell><Data ss:Type="Number">-0.92</Data></Cell>
			<Cell><Data ss:Type="Number">22.7</Data></Cell>
			<Cell><Data ss:Type="Number">39.5</Data></Cell>
			<Cell><Data ss:Type="Number">0</Data></Cell>
			<Cell><Data ss:Type="Number">0</Data></Cell>
			<Cell><Data ss:Type="String">2023-12-07 16:43:49.259513</Data></Cell>
		</Row>
		<Row>
			<Cell><Data ss:Type="String">1652</Data></Cell>
			<Cell><Data ss:Type="Number">-0.54</Data></Cell>
			<Cell><Data ss:Type="Number">-10.08</Data></Cell>
			<Cell><Data ss:Type="Number">0.29</Data></Cell>
			<Cell><Data ss:Type="Number">-9.55</Data></Cell>
			<Cell><Data ss:Type="Number">-0.06</Data></Cell>
			<Cell><Data ss:Type="Number">-0.91</Data></Cell>
			<Cell><Data ss:Type="Number">22.7</Data></Cell>
			<Cell><Data ss:Type="Number">39.5</Data></Cell>
			<Cell><Data ss:Type="Number">0</Data></Cell>
			<Cell><Data ss:Type="Number">0</Data></Cell>
			<Cell><Data ss:Type="String">2023-12-07 16:43:49.215087</Data></Cell>
		</Row>
		<Row>
			<Cell><Data ss:Type="String">1651</Data></Cell>
			<Cell><Data ss:Type="Number">-0.48</Data></Cell>
			<Cell><Data ss:Type="Number">-10.32</Data></Cell>
			<Cell><Data ss:Type="Number">-0.16</Data></Cell>
			<Cell><Data ss:Type="Number">-9.37</Data></Cell>
			<Cell><Data ss:Type="Number">-0.12</Data></Cell>
			<Cell><Data ss:Type="Number">-0.94</Data></Cell>
			<Cell><Data ss:Type="Number">22.7</Data></Cell>
			<Cell><Data ss:Type="Number">39.5</Data></Cell>
			<Cell><Data ss:Type="Number">0</Data></Cell>
			<Cell><Data ss:Type="Number">0</Data></Cell>
			<Cell><Data ss:Type="String">2023-12-07 16:43:49.213479</Data></Cell>
		</Row>
		<Row>
			<Cell><Data ss:Type="String">1650</Data></Cell>
			<Cell><Data ss:Type="Number">0.14</Data></Cell>
			<Cell><Data ss:Type="Number">-10.21</Data></Cell>
			<Cell><Data ss:Type="Number">0.13</Data></Cell>
			<Cell><Data ss:Type="Number">-9.48</Data></Cell>
			<Cell><Data ss:Type="Number">-0.07</Data></Cell>
			<Cell><Data ss:Type="Number">-0.98</Data></Cell>
			<Cell><Data ss:Type="Number">22.7</Data></Cell>
			<Cell><Data ss:Type="Number">39.5</Data></Cell>
			<Cell><Data ss:Type="Number">0</Data></Cell>
			<Cell><Data ss:Type="Number">0</Data></Cell>
			<Cell><Data ss:Type="String">2023-12-07 16:43:49.153400</Data></Cell>
		</Row>
		<Row>
			<Cell><Data ss:Type="String">1649</Data></Cell>
			<Cell><Data ss:Type="Number">0.24</Data></Cell>
			<Cell><Data ss:Type="Number">-10.21</Data></Cell>
			<Cell><Data ss:Type="Number">-0.47</Data></Cell>
			<Cell><Data ss:Type="Number">-9.44</Data></Cell>
			<Cell><Data ss:Type="Number">0.02</Data></Cell>
			<Cell><Data ss:Type="Number">-0.85</Data></Cell>
			<Cell><Data ss:Type="Number">22.7</Data></Cell>
			<Cell><Data ss:Type="Number">39.5</Data></Cell>
			<Cell><Data ss:Type="Number">0</Data></Cell>
			<Cell><Data ss:Type="Number">0</Data></Cell>
			<Cell><Data ss:Type="String">2023-12-07 16:43:49.151637</Data></Cell>
		</Row>
		<Row>
			<Cell><Data ss:Type="String">1648</Data></Cell>
			<Cell><Data ss:Type="Number">0.16</Data></Cell>
			<Cell><Data ss:Type="Number">-10.26</Data></Cell>
			<Cell><Data ss:Type="Number">0.15</Data></Cell>
			<Cell><Data ss:Type="Number">-9.48</Data></Cell>
			<Cell><Data ss:Type="Number">-0.12</Data></Cell>
			<Cell><Data ss:Type="Number">-0.96</Data></Cell>
			<Cell><Data ss:Type="Number">22.7</Data></Cell>
			<Cell><Data ss:Type="Number">39.5</Data></Cell>
			<Cell><Data ss:Type="Number">0</Data></Cell>
			<Cell><Data ss:Type="Number">0</Data></Cell>
			<Cell><Data ss:Type="String">2023-12-07 16:43:49.105647</Data></Cell>
		</Row>
		<Row>
			<Cell><Data ss:Type="String">1647</Data></Cell>
			<Cell><Data ss:Type="Number">1.58</Data></Cell>
			<Cell><Data ss:Type="Number">-9.88</Data></Cell>
			<Cell><Data ss:Type="Number">0.82</Data></Cell>
			<Cell><Data ss:Type="Number">-9.43</Data></Cell>
			<Cell><Data ss:Type="Number">-0.32</Data></Cell>
			<Cell><Data ss:Type="Number">-0.79</Data></Cell>
			<Cell><Data ss:Type="Number">22.7</Data></Cell>
			<Cell><Data ss:Type="Number">39.5</Data></Cell>
			<Cell><Data ss:Type="Number">0</Data></Cell>
			<Cell><Data ss:Type="Number">0</Data></Cell>
			<Cell><Data ss:Type="String">2023-12-07 16:43:49.059130</Data></Cell>
		</Row>
		<Row>
			<Cell><Data ss:Type="String">1646</Data></Cell>
			<Cell><Data ss:Type="Number">-0.34</Data></Cell>
			<Cell><Data ss:Type="Number">-10.57</Data></Cell>
			<Cell><Data ss:Type="Number">0.42</Data></Cell>
			<Cell><Data ss:Type="Number">-9.59</Data></Cell>
			<Cell><Data ss:Type="Number">0.03</Data></Cell>
			<Cell><Data ss:Type="Number">-0.83</Data></Cell>
			<Cell><Data ss:Type="Number">22.7</Data></Cell>
			<Cell><Data ss:Type="Number">39.5</Data></Cell>
			<Cell><Data ss:Type="Number">0</Data></Cell>
			<Cell><Data ss:Type="Number">0</Data></Cell>
			<Cell><Data ss:Type="String">2023-12-07 16:43:49.014697</Data></Cell>
		</Row>
		<Row>
			<Cell><Data ss:Type="String">1645</Data></Cell>
			<Cell><Data ss:Type="Number">0.53</Data></Cell>
			<Cell><Data ss:Type="Number">-9.76</Data></Cell>
			<Cell><Data ss:Type="Number">-0.64</Data></Cell>
			<Cell><Data ss:Type="Number">-9.5</Data></Cell>
			<Cell><Data ss:Type="Number">0.45</Data></Cell>
			<Cell><Data ss:Type="Number">-1.09</Data></Cell>
			<Cell><Data ss:Type="Number">22.7</Data></Cell>
			<Cell><Data ss:Type="Number">39.5</Data></Cell>
			<Cell><Data ss:Type="Number">0</Data></Cell>
			<Cell><Data ss:Type="Number">0</Data></Cell>
			<Cell><Data ss:Type="String">2023-12-07 16:43:49.012806</Data></Cell>
		</Row>
		<Row>
			<Cell><Data ss:Type="String">1644</Data></Cell>
			<Cell><Data ss:Type="Number">0.7</Data></Cell>
			<Cell><Data ss:Type="Number">-9.86</Data></Cell>
			<Cell><Data ss:Type="Number">0.28</Data></Cell>
			<Cell><Data ss:Type="Number">-9.36</Data></Cell>
			<Cell><Data ss:Type="Number">0.31</Data></Cell>
			<Cell><Data ss:Type="Number">-0.82</Data></Cell>
			<Cell><Data ss:Type="Number">22.7</Data></Cell>
			<Cell><Data ss:Type="Number">39.5</Data></Cell>
			<Cell><Data ss:Type="Number">0</Data></Cell>
			<Cell><Data ss:Type="Number">0</Data></Cell>
			<Cell><Data ss:Type="String">2023-12-07 16:43:48.966263</Data></Cell>
		</Row>
		<Row>
			<Cell><Data ss:Type="String">1643</Data></Cell>
			<Cell><Data ss:Type="Number">4.13</Data></Cell>
			<Cell><Data ss:Type="Number">-9.64</Data></Cell>
			<Cell><Data ss:Type="Number">1.2</Data></Cell>
			<Cell><Data ss:Type="Number">-9.46</Data></Cell>
			<Cell><Data ss:Type="Number">-1.39</Data></Cell>
			<Cell><Data ss:Type="Number">-0.97</Data></Cell>
			<Cell><Data ss:Type="Number">22.7</Data></Cell>
			<Cell><Data ss:Type="Number">39.5</Data></Cell>
			<Cell><Data ss:Type="Number">0</Data></Cell>
			<Cell><Data ss:Type="Number">0</Data></Cell>
			<Cell><Data ss:Type="String">2023-12-07 16:43:48.921962</Data></Cell>
		</Row>
		<Row>
			<Cell><Data ss:Type="String">1642</Data></Cell>
			<Cell><Data ss:Type="Number">-2.18</Data></Cell>
			<Cell><Data ss:Type="Number">-10.98</Data></Cell>
			<Cell><Data ss:Type="Number">0.2</Data></Cell>
			<Cell><Data ss:Type="Number">-9.04</Data></Cell>
			<Cell><Data ss:Type="Number">-1.02</Data></Cell>
			<Cell><Data ss:Type="Number">-0.27</Data></Cell>
			<Cell><Data ss:Type="Number">22.7</Data></Cell>
			<Cell><Data ss:Type="Number">39.5</Data></Cell>
			<Cell><Data ss:Type="Number">0</Data></Cell>
			<Cell><Data ss:Type="Number">0</Data></Cell>
			<Cell><Data ss:Type="String">2023-12-07 16:43:48.884293</Data></Cell>
		</Row>
		<Row>
			<Cell><Data ss:Type="String">1641</Data></Cell>
			<Cell><Data ss:Type="Number">0.25</Data></Cell>
			<Cell><Data ss:Type="Number">-10.17</Data></Cell>
			<Cell><Data ss:Type="Number">0.15</Data></Cell>
			<Cell><Data ss:Type="Number">-9.5</Data></Cell>
			<Cell><Data ss:Type="Number">-0.06</Data></Cell>
			<Cell><Data ss:Type="Number">-0.91</Data></Cell>
			<Cell><Data ss:Type="Number">22.7</Data></Cell>
			<Cell><Data ss:Type="Number">39.5</Data></Cell>
			<Cell><Data ss:Type="Number">0</Data></Cell>
			<Cell><Data ss:Type="Number">0</Data></Cell>
			<Cell><Data ss:Type="String">2023-12-07 16:43:48.882657</Data></Cell>
		</Row>
		<Row>
			<Cell><Data ss:Type="String">1640</Data></Cell>
			<Cell><Data ss:Type="Number">0.34</Data></Cell>
			<Cell><Data ss:Type="Number">-10.07</Data></Cell>
			<Cell><Data ss:Type="Number">0.18</Data></Cell>
			<Cell><Data ss:Type="Number">-9.43</Data></Cell>
			<Cell><Data ss:Type="Number">-0.08</Data></Cell>
			<Cell><Data ss:Type="Number">-0.87</Data></Cell>
			<Cell><Data ss:Type="Number">22.7</Data></Cell>
			<Cell><Data ss:Type="Number">39.5</Data></Cell>
			<Cell><Data ss:Type="Number">0</Data></Cell>
			<Cell><Data ss:Type="Number">0</Data></Cell>
			<Cell><Data ss:Type="String">2023-12-07 16:43:48.880908</Data></Cell>
		</Row>
		<Row>
			<Cell><Data ss:Type="String">1639</Data></Cell>
			<Cell><Data ss:Type="Number">0.29</Data></Cell>
			<Cell><Data ss:Type="Number">-9.95</Data></Cell>
			<Cell><Data ss:Type="Number">0.31</Data></Cell>
			<Cell><Data ss:Type="Number">-9.42</Data></Cell>
			<Cell><Data ss:Type="Number">-0.06</Data></Cell>
			<Cell><Data ss:Type="Number">-0.95</Data></Cell>
			<Cell><Data ss:Type="Number">22.7</Data></Cell>
			<Cell><Data ss:Type="Number">39.5</Data></Cell>
			<Cell><Data ss:Type="Number">0</Data></Cell>
			<Cell><Data ss:Type="Number">0</Data></Cell>
			<Cell><Data ss:Type="String">2023-12-07 16:43:48.879022</Data></Cell>
		</Row>
		<Row>
			<Cell><Data ss:Type="String">1638</Data></Cell>
			<Cell><Data ss:Type="Number">0.31</Data></Cell>
			<Cell><Data ss:Type="Number">-10.11</Data></Cell>
			<Cell><Data ss:Type="Number">0.17</Data></Cell>
			<Cell><Data ss:Type="Number">-9.48</Data></Cell>
			<Cell><Data ss:Type="Number">-0.07</Data></Cell>
			<Cell><Data ss:Type="Number">-0.91</Data></Cell>
			<Cell><Data ss:Type="Number">22.7</Data></Cell>
			<Cell><Data ss:Type="Number">39.5</Data></Cell>
			<Cell><Data ss:Type="Number">0</Data></Cell>
			<Cell><Data ss:Type="Number">0</Data></Cell>
			<Cell><Data ss:Type="String">2023-12-07 16:43:48.877124</Data></Cell>
		</Row>
		<Row>
			<Cell><Data ss:Type="String">1637</Data></Cell>
			<Cell><Data ss:Type="Number">0.25</Data></Cell>
			<Cell><Data ss:Type="Number">-10.19</Data></Cell>
			<Cell><Data ss:Type="Number">0.16</Data></Cell>
			<Cell><Data ss:Type="Number">-9.54</Data></Cell>
			<Cell><Data ss:Type="Number">-0.06</Data></Cell>
			<Cell><Data ss:Type="Number">-0.9</Data></Cell>
			<Cell><Data ss:Type="Number">22.7</Data></Cell>
			<Cell><Data ss:Type="Number">39.5</Data></Cell>
			<Cell><Data ss:Type="Number">0</Data></Cell>
			<Cell><Data ss:Type="Number">0</Data></Cell>
			<Cell><Data ss:Type="String">2023-12-07 16:43:48.875356</Data></Cell>
		</Row>
		<Row>
			<Cell><Data ss:Type="String">1636</Data></Cell>
			<Cell><Data ss:Type="Number">0.31</Data></Cell>
			<Cell><Data ss:Type="Number">-10.11</Data></Cell>
			<Cell><Data ss:Type="Number">0.15</Data></Cell>
			<Cell><Data ss:Type="Number">-9.5</Data></Cell>
			<Cell><Data ss:Type="Number">-0.07</Data></Cell>
			<Cell><Data ss:Type="Number">-0.9</Data></Cell>
			<Cell><Data ss:Type="Number">22.7</Data></Cell>
			<Cell><Data ss:Type="Number">39.5</Data></Cell>
			<Cell><Data ss:Type="Number">0</Data></Cell>
			<Cell><Data ss:Type="Number">0</Data></Cell>
			<Cell><Data ss:Type="String">2023-12-07 16:43:48.873328</Data></Cell>
		</Row>
		<Row>
			<Cell><Data ss:Type="String">1635</Data></Cell>
			<Cell><Data ss:Type="Number">0.33</Data></Cell>
			<Cell><Data ss:Type="Number">-9.99</Data></Cell>
			<Cell><Data ss:Type="Number">0.14</Data></Cell>
			<Cell><Data ss:Type="Number">-9.41</Data></Cell>
			<Cell><Data ss:Type="Number">-0.08</Data></Cell>
			<Cell><Data ss:Type="Number">-0.92</Data></Cell>
			<Cell><Data ss:Type="Number">22.7</Data></Cell>
			<Cell><Data ss:Type="Number">39.5</Data></Cell>
			<Cell><Data ss:Type="Number">0</Data></Cell>
			<Cell><Data ss:Type="Number">0</Data></Cell>
			<Cell><Data ss:Type="String">2023-12-07 16:43:48.662252</Data></Cell>
		</Row>
		<Row>
			<Cell><Data ss:Type="String">1634</Data></Cell>
			<Cell><Data ss:Type="Number">0.3</Data></Cell>
			<Cell><Data ss:Type="Number">-10.1</Data></Cell>
			<Cell><Data ss:Type="Number">0.12</Data></Cell>
			<Cell><Data ss:Type="Number">-9.49</Data></Cell>
			<Cell><Data ss:Type="Number">-0.07</Data></Cell>
			<Cell><Data ss:Type="Number">-0.92</Data></Cell>
			<Cell><Data ss:Type="Number">22.7</Data></Cell>
			<Cell><Data ss:Type="Number">39.5</Data></Cell>
			<Cell><Data ss:Type="Number">0</Data></Cell>
			<Cell><Data ss:Type="Number">0</Data></Cell>
			<Cell><Data ss:Type="String">2023-12-07 16:43:48.619210</Data></Cell>
		</Row>
		<Row>
			<Cell><Data ss:Type="String">1633</Data></Cell>
			<Cell><Data ss:Type="Number">0.31</Data></Cell>
			<Cell><Data ss:Type="Number">-10.16</Data></Cell>
			<Cell><Data ss:Type="Number">0.17</Data></Cell>
			<Cell><Data ss:Type="Number">-9.52</Data></Cell>
			<Cell><Data ss:Type="Number">-0.06</Data></Cell>
			<Cell><Data ss:Type="Number">-0.88</Data></Cell>
			<Cell><Data ss:Type="Number">22.7</Data></Cell>
			<Cell><Data ss:Type="Number">39.5</Data></Cell>
			<Cell><Data ss:Type="Number">0</Data></Cell>
			<Cell><Data ss:Type="Number">0</Data></Cell>
			<Cell><Data ss:Type="String">2023-12-07 16:43:48.616947</Data></Cell>
		</Row>
		<Row>
			<Cell><Data ss:Type="String">1632</Data></Cell>
			<Cell><Data ss:Type="Number">0.34</Data></Cell>
			<Cell><Data ss:Type="Number">-10.24</Data></Cell>
			<Cell><Data ss:Type="Number">0.18</Data></Cell>
			<Cell><Data ss:Type="Number">-9.53</Data></Cell>
			<Cell><Data ss:Type="Number">-0.07</Data></Cell>
			<Cell><Data ss:Type="Number">-0.9</Data></Cell>
			<Cell><Data ss:Type="Number">22.7</Data></Cell>
			<Cell><Data ss:Type="Number">39.5</Data></Cell>
			<Cell><Data ss:Type="Number">0</Data></Cell>
			<Cell><Data ss:Type="Number">0</Data></Cell>
			<Cell><Data ss:Type="String">2023-12-07 16:43:48.572153</Data></Cell>
		</Row>
		<Row>
			<Cell><Data ss:Type="String">1631</Data></Cell>
			<Cell><Data ss:Type="Number">0.31</Data></Cell>
			<Cell><Data ss:Type="Number">-10.21</Data></Cell>
			<Cell><Data ss:Type="Number">0.34</Data></Cell>
			<Cell><Data ss:Type="Number">-9.46</Data></Cell>
			<Cell><Data ss:Type="Number">-0.07</Data></Cell>
			<Cell><Data ss:Type="Number">-0.89</Data></Cell>
			<Cell><Data ss:Type="Number">22.7</Data></Cell>
			<Cell><Data ss:Type="Number">39.5</Data></Cell>
			<Cell><Data ss:Type="Number">0</Data></Cell>
			<Cell><Data ss:Type="Number">0</Data></Cell>
			<Cell><Data ss:Type="String">2023-12-07 16:43:48.570302</Data></Cell>
		</Row>
		<Row>
			<Cell><Data ss:Type="String">1630</Data></Cell>
			<Cell><Data ss:Type="Number">0.29</Data></Cell>
			<Cell><Data ss:Type="Number">-10.03</Data></Cell>
			<Cell><Data ss:Type="Number">0.14</Data></Cell>
			<Cell><Data ss:Type="Number">-9.44</Data></Cell>
			<Cell><Data ss:Type="Number">-0.06</Data></Cell>
			<Cell><Data ss:Type="Number">-0.93</Data></Cell>
			<Cell><Data ss:Type="Number">22.7</Data></Cell>
			<Cell><Data ss:Type="Number">39.5</Data></Cell>
			<Cell><Data ss:Type="Number">0</Data></Cell>
			<Cell><Data ss:Type="Number">0</Data></Cell>
			<Cell><Data ss:Type="String">2023-12-07 16:43:48.568318</Data></Cell>
		</Row>
		<Row>
			<Cell><Data ss:Type="String">1629</Data></Cell>
			<Cell><Data ss:Type="Number">0.27</Data></Cell>
			<Cell><Data ss:Type="Number">-10.1</Data></Cell>
			<Cell><Data ss:Type="Number">0.16</Data></Cell>
			<Cell><Data ss:Type="Number">-9.51</Data></Cell>
			<Cell><Data ss:Type="Number">-0.07</Data></Cell>
			<Cell><Data ss:Type="Number">-0.89</Data></Cell>
			<Cell><Data ss:Type="Number">22.7</Data></Cell>
			<Cell><Data ss:Type="Number">39.5</Data></Cell>
			<Cell><Data ss:Type="Number">0</Data></Cell>
			<Cell><Data ss:Type="Number">0</Data></Cell>
			<Cell><Data ss:Type="String">2023-12-07 16:43:48.565971</Data></Cell>
		</Row>
		<Row>
			<Cell><Data ss:Type="String">1628</Data></Cell>
			<Cell><Data ss:Type="Number">0.32</Data></Cell>
			<Cell><Data ss:Type="Number">-10.18</Data></Cell>
			<Cell><Data ss:Type="Number">0.2</Data></Cell>
			<Cell><Data ss:Type="Number">-9.52</Data></Cell>
			<Cell><Data ss:Type="Number">-0.06</Data></Cell>
			<Cell><Data ss:Type="Number">-0.9</Data></Cell>
			<Cell><Data ss:Type="Number">22.7</Data></Cell>
			<Cell><Data ss:Type="Number">39.5</Data></Cell>
			<Cell><Data ss:Type="Number">0</Data></Cell>
			<Cell><Data ss:Type="Number">0</Data></Cell>
			<Cell><Data ss:Type="String">2023-12-07 16:43:48.448448</Data></Cell>
		</Row>
		<Row>
			<Cell><Data ss:Type="String">1627</Data></Cell>
			<Cell><Data ss:Type="Number">0.31</Data></Cell>
			<Cell><Data ss:Type="Number">-10.29</Data></Cell>
			<Cell><Data ss:Type="Number">0.2</Data></Cell>
			<Cell><Data ss:Type="Number">-9.56</Data></Cell>
			<Cell><Data ss:Type="Number">-0.08</Data></Cell>
			<Cell><Data ss:Type="Number">-0.87</Data></Cell>
			<Cell><Data ss:Type="Number">22.7</Data></Cell>
			<Cell><Data ss:Type="Number">39.5</Data></Cell>
			<Cell><Data ss:Type="Number">0</Data></Cell>
			<Cell><Data ss:Type="Number">0</Data></Cell>
			<Cell><Data ss:Type="String">2023-12-07 16:43:48.446152</Data></Cell>
		</Row>
		<Row>
			<Cell><Data ss:Type="String">1626</Data></Cell>
			<Cell><Data ss:Type="Number">0.11</Data></Cell>
			<Cell><Data ss:Type="Number">-10.11</Data></Cell>
			<Cell><Data ss:Type="Number">0.26</Data></Cell>
			<Cell><Data ss:Type="Number">-9.45</Data></Cell>
			<Cell><Data ss:Type="Number">-0.05</Data></Cell>
			<Cell><Data ss:Type="Number">-0.89</Data></Cell>
			<Cell><Data ss:Type="Number">22.7</Data></Cell>
			<Cell><Data ss:Type="Number">39.5</Data></Cell>
			<Cell><Data ss:Type="Number">0</Data></Cell>
			<Cell><Data ss:Type="Number">0</Data></Cell>
			<Cell><Data ss:Type="String">2023-12-07 16:43:48.443282</Data></Cell>
		</Row>
		<Row>
			<Cell><Data ss:Type="String">1625</Data></Cell>
			<Cell><Data ss:Type="Number">0.32</Data></Cell>
			<Cell><Data ss:Type="Number">-9.93</Data></Cell>
			<Cell><Data ss:Type="Number">0.15</Data></Cell>
			<Cell><Data ss:Type="Number">-9.42</Data></Cell>
			<Cell><Data ss:Type="Number">-0.09</Data></Cell>
			<Cell><Data ss:Type="Number">-0.89</Data></Cell>
			<Cell><Data ss:Type="Number">22.7</Data></Cell>
			<Cell><Data ss:Type="Number">39.5</Data></Cell>
			<Cell><Data ss:Type="Number">0</Data></Cell>
			<Cell><Data ss:Type="Number">0</Data></Cell>
			<Cell><Data ss:Type="String">2023-12-07 16:43:48.440995</Data></Cell>
		</Row>
		<Row>
			<Cell><Data ss:Type="String">1624</Data></Cell>
			<Cell><Data ss:Type="Number">0.23</Data></Cell>
			<Cell><Data ss:Type="Number">-9.94</Data></Cell>
			<Cell><Data ss:Type="Number">0.13</Data></Cell>
			<Cell><Data ss:Type="Number">-9.43</Data></Cell>
			<Cell><Data ss:Type="Number">-0.07</Data></Cell>
			<Cell><Data ss:Type="Number">-0.91</Data></Cell>
			<Cell><Data ss:Type="Number">22.7</Data></Cell>
			<Cell><Data ss:Type="Number">39.5</Data></Cell>
			<Cell><Data ss:Type="Number">0</Data></Cell>
			<Cell><Data ss:Type="Number">0</Data></Cell>
			<Cell><Data ss:Type="String">2023-12-07 16:43:48.439143</Data></Cell>
		</Row>
		<Row>
			<Cell><Data ss:Type="String">1623</Data></Cell>
			<Cell><Data ss:Type="Number">0.33</Data></Cell>
			<Cell><Data ss:Type="Number">-10.08</Data></Cell>
			<Cell><Data ss:Type="Number">0.11</Data></Cell>
			<Cell><Data ss:Type="Number">-9.49</Data></Cell>
			<Cell><Data ss:Type="Number">-0.09</Data></Cell>
			<Cell><Data ss:Type="Number">-0.91</Data></Cell>
			<Cell><Data ss:Type="Number">22.7</Data></Cell>
			<Cell><Data ss:Type="Number">39.5</Data></Cell>
			<Cell><Data ss:Type="Number">0</Data></Cell>
			<Cell><Data ss:Type="Number">0</Data></Cell>
			<Cell><Data ss:Type="String">2023-12-07 16:43:48.437434</Data></Cell>
		</Row>
		<Row>
			<Cell><Data ss:Type="String">1622</Data></Cell>
			<Cell><Data ss:Type="Number">0.31</Data></Cell>
			<Cell><Data ss:Type="Number">-10.27</Data></Cell>
			<Cell><Data ss:Type="Number">0.2</Data></Cell>
			<Cell><Data ss:Type="Number">-9.53</Data></Cell>
			<Cell><Data ss:Type="Number">-0.06</Data></Cell>
			<Cell><Data ss:Type="Number">-0.91</Data></Cell>
			<Cell><Data ss:Type="Number">22.7</Data></Cell>
			<Cell><Data ss:Type="Number">39.5</Data></Cell>
			<Cell><Data ss:Type="Number">0</Data></Cell>
			<Cell><Data ss:Type="Number">0</Data></Cell>
			<Cell><Data ss:Type="String">2023-12-07 16:43:48.432549</Data></Cell>
		</Row>
		<Row>
			<Cell><Data ss:Type="String">1621</Data></Cell>
			<Cell><Data ss:Type="Number">0.28</Data></Cell>
			<Cell><Data ss:Type="Number">-9.94</Data></Cell>
			<Cell><Data ss:Type="Number">-0.12</Data></Cell>
			<Cell><Data ss:Type="Number">-9.41</Data></Cell>
			<Cell><Data ss:Type="Number">-0.06</Data></Cell>
			<Cell><Data ss:Type="Number">-0.92</Data></Cell>
			<Cell><Data ss:Type="Number">22.7</Data></Cell>
			<Cell><Data ss:Type="Number">39.5</Data></Cell>
			<Cell><Data ss:Type="Number">0</Data></Cell>
			<Cell><Data ss:Type="Number">0</Data></Cell>
			<Cell><Data ss:Type="String">2023-12-07 16:43:48.200608</Data></Cell>
		</Row>
		<Row>
			<Cell><Data ss:Type="String">1620</Data></Cell>
			<Cell><Data ss:Type="Number">0.29</Data></Cell>
			<Cell><Data ss:Type="Number">-9.94</Data></Cell>
			<Cell><Data ss:Type="Number">0.12</Data></Cell>
			<Cell><Data ss:Type="Number">-9.43</Data></Cell>
			<Cell><Data ss:Type="Number">-0.07</Data></Cell>
			<Cell><Data ss:Type="Number">-0.93</Data></Cell>
			<Cell><Data ss:Type="Number">22.7</Data></Cell>
			<Cell><Data ss:Type="Number">39.5</Data></Cell>
			<Cell><Data ss:Type="Number">0</Data></Cell>
			<Cell><Data ss:Type="Number">0</Data></Cell>
			<Cell><Data ss:Type="String">2023-12-07 16:43:48.156818</Data></Cell>
		</Row>
		<Row>
			<Cell><Data ss:Type="String">1619</Data></Cell>
			<Cell><Data ss:Type="Number">0.28</Data></Cell>
			<Cell><Data ss:Type="Number">-10.04</Data></Cell>
			<Cell><Data ss:Type="Number">0.12</Data></Cell>
			<Cell><Data ss:Type="Number">-9.52</Data></Cell>
			<Cell><Data ss:Type="Number">-0.09</Data></Cell>
			<Cell><Data ss:Type="Number">-0.9</Data></Cell>
			<Cell><Data ss:Type="Number">22.7</Data></Cell>
			<Cell><Data ss:Type="Number">39.5</Data></Cell>
			<Cell><Data ss:Type="Number">0</Data></Cell>
			<Cell><Data ss:Type="Number">0</Data></Cell>
			<Cell><Data ss:Type="String">2023-12-07 16:43:48.154873</Data></Cell>
		</Row>
		<Row>
			<Cell><Data ss:Type="String">1618</Data></Cell>
			<Cell><Data ss:Type="Number">0.27</Data></Cell>
			<Cell><Data ss:Type="Number">-10.2</Data></Cell>
			<Cell><Data ss:Type="Number">0.17</Data></Cell>
			<Cell><Data ss:Type="Number">-9.53</Data></Cell>
			<Cell><Data ss:Type="Number">-0.06</Data></Cell>
			<Cell><Data ss:Type="Number">-0.89</Data></Cell>
			<Cell><Data ss:Type="Number">22.7</Data></Cell>
			<Cell><Data ss:Type="Number">39.5</Data></Cell>
			<Cell><Data ss:Type="Number">0</Data></Cell>
			<Cell><Data ss:Type="Number">0</Data></Cell>
			<Cell><Data ss:Type="String">2023-12-07 16:43:48.106245</Data></Cell>
		</Row>
		<Row>
			<Cell><Data ss:Type="String">1617</Data></Cell>
			<Cell><Data ss:Type="Number">0.3</Data></Cell>
			<Cell><Data ss:Type="Number">-10.18</Data></Cell>
			<Cell><Data ss:Type="Number">0.11</Data></Cell>
			<Cell><Data ss:Type="Number">-9.47</Data></Cell>
			<Cell><Data ss:Type="Number">-0.07</Data></Cell>
			<Cell><Data ss:Type="Number">-0.9</Data></Cell>
			<Cell><Data ss:Type="Number">22.7</Data></Cell>
			<Cell><Data ss:Type="Number">39.5</Data></Cell>
			<Cell><Data ss:Type="Number">0</Data></Cell>
			<Cell><Data ss:Type="Number">0</Data></Cell>
			<Cell><Data ss:Type="String">2023-12-07 16:43:48.060926</Data></Cell>
		</Row>
		<Row>
			<Cell><Data ss:Type="String">1616</Data></Cell>
			<Cell><Data ss:Type="Number">0.37</Data></Cell>
			<Cell><Data ss:Type="Number">-10.02</Data></Cell>
			<Cell><Data ss:Type="Number">0.04</Data></Cell>
			<Cell><Data ss:Type="Number">-9.43</Data></Cell>
			<Cell><Data ss:Type="Number">-0.06</Data></Cell>
			<Cell><Data ss:Type="Number">-0.92</Data></Cell>
			<Cell><Data ss:Type="Number">22.7</Data></Cell>
			<Cell><Data ss:Type="Number">39.5</Data></Cell>
			<Cell><Data ss:Type="Number">0</Data></Cell>
			<Cell><Data ss:Type="Number">0</Data></Cell>
			<Cell><Data ss:Type="String">2023-12-07 16:43:48.016554</Data></Cell>
		</Row>
		<Row>
			<Cell><Data ss:Type="String">1615</Data></Cell>
			<Cell><Data ss:Type="Number">0.21</Data></Cell>
			<Cell><Data ss:Type="Number">-9.98</Data></Cell>
			<Cell><Data ss:Type="Number">0.09</Data></Cell>
			<Cell><Data ss:Type="Number">-9.48</Data></Cell>
			<Cell><Data ss:Type="Number">-0.09</Data></Cell>
			<Cell><Data ss:Type="Number">-0.93</Data></Cell>
			<Cell><Data ss:Type="Number">22.7</Data></Cell>
			<Cell><Data ss:Type="Number">39.5</Data></Cell>
			<Cell><Data ss:Type="Number">0</Data></Cell>
			<Cell><Data ss:Type="Number">0</Data></Cell>
			<Cell><Data ss:Type="String">2023-12-07 16:43:48.014400</Data></Cell>
		</Row>
		<Row>
			<Cell><Data ss:Type="String">1614</Data></Cell>
			<Cell><Data ss:Type="Number">0.31</Data></Cell>
			<Cell><Data ss:Type="Number">-10.25</Data></Cell>
			<Cell><Data ss:Type="Number">0.22</Data></Cell>
			<Cell><Data ss:Type="Number">-9.56</Data></Cell>
			<Cell><Data ss:Type="Number">-0.07</Data></Cell>
			<Cell><Data ss:Type="Number">-0.9</Data></Cell>
			<Cell><Data ss:Type="Number">22.7</Data></Cell>
			<Cell><Data ss:Type="Number">39.5</Data></Cell>
			<Cell><Data ss:Type="Number">0</Data></Cell>
			<Cell><Data ss:Type="Number">0</Data></Cell>
			<Cell><Data ss:Type="String">2023-12-07 16:43:47.966041</Data></Cell>
		</Row>
		<Row>
			<Cell><Data ss:Type="String">1613</Data></Cell>
			<Cell><Data ss:Type="Number">0.32</Data></Cell>
			<Cell><Data ss:Type="Number">-10.2</Data></Cell>
			<Cell><Data ss:Type="Number">0.21</Data></Cell>
			<Cell><Data ss:Type="Number">-9.48</Data></Cell>
			<Cell><Data ss:Type="Number">-0.04</Data></Cell>
			<Cell><Data ss:Type="Number">-0.9</Data></Cell>
			<Cell><Data ss:Type="Number">22.7</Data></Cell>
			<Cell><Data ss:Type="Number">39.5</Data></Cell>
			<Cell><Data ss:Type="Number">0</Data></Cell>
			<Cell><Data ss:Type="Number">0</Data></Cell>
			<Cell><Data ss:Type="String">2023-12-07 16:43:47.963677</Data></Cell>
		</Row>
		<Row>
			<Cell><Data ss:Type="String">1612</Data></Cell>
			<Cell><Data ss:Type="Number">0.29</Data></Cell>
			<Cell><Data ss:Type="Number">-10.13</Data></Cell>
			<Cell><Data ss:Type="Number">0.18</Data></Cell>
			<Cell><Data ss:Type="Number">-9.5</Data></Cell>
			<Cell><Data ss:Type="Number">-0.07</Data></Cell>
			<Cell><Data ss:Type="Number">-0.92</Data></Cell>
			<Cell><Data ss:Type="Number">22.7</Data></Cell>
			<Cell><Data ss:Type="Number">39.5</Data></Cell>
			<Cell><Data ss:Type="Number">0</Data></Cell>
			<Cell><Data ss:Type="Number">0</Data></Cell>
			<Cell><Data ss:Type="String">2023-12-07 16:43:47.961116</Data></Cell>
		</Row>
		<Row>
			<Cell><Data ss:Type="String">1611</Data></Cell>
			<Cell><Data ss:Type="Number">0.32</Data></Cell>
			<Cell><Data ss:Type="Number">-9.97</Data></Cell>
			<Cell><Data ss:Type="Number">0.14</Data></Cell>
			<Cell><Data ss:Type="Number">-9.41</Data></Cell>
			<Cell><Data ss:Type="Number">-0.07</Data></Cell>
			<Cell><Data ss:Type="Number">-0.92</Data></Cell>
			<Cell><Data ss:Type="Number">22.7</Data></Cell>
			<Cell><Data ss:Type="Number">39.5</Data></Cell>
			<Cell><Data ss:Type="Number">0</Data></Cell>
			<Cell><Data ss:Type="Number">0</Data></Cell>
			<Cell><Data ss:Type="String">2023-12-07 16:43:47.958232</Data></Cell>
		</Row>
		<Row>
			<Cell><Data ss:Type="String">1610</Data></Cell>
			<Cell><Data ss:Type="Number">0.29</Data></Cell>
			<Cell><Data ss:Type="Number">-9.98</Data></Cell>
			<Cell><Data ss:Type="Number">0.01</Data></Cell>
			<Cell><Data ss:Type="Number">-9.48</Data></Cell>
			<Cell><Data ss:Type="Number">-0.07</Data></Cell>
			<Cell><Data ss:Type="Number">-0.91</Data></Cell>
			<Cell><Data ss:Type="Number">22.7</Data></Cell>
			<Cell><Data ss:Type="Number">39.5</Data></Cell>
			<Cell><Data ss:Type="Number">0</Data></Cell>
			<Cell><Data ss:Type="Number">0</Data></Cell>
			<Cell><Data ss:Type="String">2023-12-07 16:43:47.955662</Data></Cell>
		</Row>
		<Row>
			<Cell><Data ss:Type="String">1609</Data></Cell>
			<Cell><Data ss:Type="Number">0.29</Data></Cell>
			<Cell><Data ss:Type="Number">-10.09</Data></Cell>
			<Cell><Data ss:Type="Number">0.18</Data></Cell>
			<Cell><Data ss:Type="Number">-9.41</Data></Cell>
			<Cell><Data ss:Type="Number">-0.11</Data></Cell>
			<Cell><Data ss:Type="Number">-0.94</Data></Cell>
			<Cell><Data ss:Type="Number">22.7</Data></Cell>
			<Cell><Data ss:Type="Number">39.5</Data></Cell>
			<Cell><Data ss:Type="Number">0</Data></Cell>
			<Cell><Data ss:Type="Number">0</Data></Cell>
			<Cell><Data ss:Type="String">2023-12-07 16:43:47.953152</Data></Cell>
		</Row>
		<Row>
			<Cell><Data ss:Type="String">1608</Data></Cell>
			<Cell><Data ss:Type="Number">0.27</Data></Cell>
			<Cell><Data ss:Type="Number">-10.05</Data></Cell>
			<Cell><Data ss:Type="Number">0.13</Data></Cell>
			<Cell><Data ss:Type="Number">-9.49</Data></Cell>
			<Cell><Data ss:Type="Number">-0.06</Data></Cell>
			<Cell><Data ss:Type="Number">-0.92</Data></Cell>
			<Cell><Data ss:Type="Number">22.7</Data></Cell>
			<Cell><Data ss:Type="Number">39.5</Data></Cell>
			<Cell><Data ss:Type="Number">0</Data></Cell>
			<Cell><Data ss:Type="Number">0</Data></Cell>
			<Cell><Data ss:Type="String">2023-12-07 16:43:47.950670</Data></Cell>
		</Row>
		<Row>
			<Cell><Data ss:Type="String">1607</Data></Cell>
			<Cell><Data ss:Type="Number">0.34</Data></Cell>
			<Cell><Data ss:Type="Number">-10.14</Data></Cell>
			<Cell><Data ss:Type="Number">0.17</Data></Cell>
			<Cell><Data ss:Type="Number">-9.53</Data></Cell>
			<Cell><Data ss:Type="Number">-0.08</Data></Cell>
			<Cell><Data ss:Type="Number">-0.9</Data></Cell>
			<Cell><Data ss:Type="Number">22.7</Data></Cell>
			<Cell><Data ss:Type="Number">39.5</Data></Cell>
			<Cell><Data ss:Type="Number">0</Data></Cell>
			<Cell><Data ss:Type="Number">0</Data></Cell>
			<Cell><Data ss:Type="String">2023-12-07 16:43:47.707964</Data></Cell>
		</Row>
		<Row>
			<Cell><Data ss:Type="String">1606</Data></Cell>
			<Cell><Data ss:Type="Number">0.29</Data></Cell>
			<Cell><Data ss:Type="Number">-10.17</Data></Cell>
			<Cell><Data ss:Type="Number">0.16</Data></Cell>
			<Cell><Data ss:Type="Number">-9.5</Data></Cell>
			<Cell><Data ss:Type="Number">-0.06</Data></Cell>
			<Cell><Data ss:Type="Number">-0.9</Data></Cell>
			<Cell><Data ss:Type="Number">22.7</Data></Cell>
			<Cell><Data ss:Type="Number">39.5</Data></Cell>
			<Cell><Data ss:Type="Number">0</Data></Cell>
			<Cell><Data ss:Type="Number">0</Data></Cell>
			<Cell><Data ss:Type="String">2023-12-07 16:43:47.705977</Data></Cell>
		</Row>
		<Row>
			<Cell><Data ss:Type="String">1605</Data></Cell>
			<Cell><Data ss:Type="Number">0.26</Data></Cell>
			<Cell><Data ss:Type="Number">-10.01</Data></Cell>
			<Cell><Data ss:Type="Number">0</Data></Cell>
			<Cell><Data ss:Type="Number">-9.43</Data></Cell>
			<Cell><Data ss:Type="Number">-0.07</Data></Cell>
			<Cell><Data ss:Type="Number">-0.94</Data></Cell>
			<Cell><Data ss:Type="Number">22.7</Data></Cell>
			<Cell><Data ss:Type="Number">39.5</Data></Cell>
			<Cell><Data ss:Type="Number">0</Data></Cell>
			<Cell><Data ss:Type="Number">0</Data></Cell>
			<Cell><Data ss:Type="String">2023-12-07 16:43:47.661069</Data></Cell>
		</Row>
		<Row>
			<Cell><Data ss:Type="String">1604</Data></Cell>
			<Cell><Data ss:Type="Number">0.32</Data></Cell>
			<Cell><Data ss:Type="Number">-10</Data></Cell>
			<Cell><Data ss:Type="Number">0.2</Data></Cell>
			<Cell><Data ss:Type="Number">-9.45</Data></Cell>
			<Cell><Data ss:Type="Number">-0.08</Data></Cell>
			<Cell><Data ss:Type="Number">-0.92</Data></Cell>
			<Cell><Data ss:Type="Number">22.7</Data></Cell>
			<Cell><Data ss:Type="Number">39.5</Data></Cell>
			<Cell><Data ss:Type="Number">0</Data></Cell>
			<Cell><Data ss:Type="Number">0</Data></Cell>
			<Cell><Data ss:Type="String">2023-12-07 16:43:47.615312</Data></Cell>
		</Row>
		<Row>
			<Cell><Data ss:Type="String">1603</Data></Cell>
			<Cell><Data ss:Type="Number">0.25</Data></Cell>
			<Cell><Data ss:Type="Number">-10.1</Data></Cell>
			<Cell><Data ss:Type="Number">0.15</Data></Cell>
			<Cell><Data ss:Type="Number">-9.52</Data></Cell>
			<Cell><Data ss:Type="Number">-0.06</Data></Cell>
			<Cell><Data ss:Type="Number">-0.91</Data></Cell>
			<Cell><Data ss:Type="Number">22.7</Data></Cell>
			<Cell><Data ss:Type="Number">39.5</Data></Cell>
			<Cell><Data ss:Type="Number">0</Data></Cell>
			<Cell><Data ss:Type="Number">0</Data></Cell>
			<Cell><Data ss:Type="String">2023-12-07 16:43:47.571042</Data></Cell>
		</Row>
		<Row>
			<Cell><Data ss:Type="String">1602</Data></Cell>
			<Cell><Data ss:Type="Number">0.31</Data></Cell>
			<Cell><Data ss:Type="Number">-10.21</Data></Cell>
			<Cell><Data ss:Type="Number">0.15</Data></Cell>
			<Cell><Data ss:Type="Number">-9.5</Data></Cell>
			<Cell><Data ss:Type="Number">-0.09</Data></Cell>
			<Cell><Data ss:Type="Number">-0.9</Data></Cell>
			<Cell><Data ss:Type="Number">22.7</Data></Cell>
			<Cell><Data ss:Type="Number">39.5</Data></Cell>
			<Cell><Data ss:Type="Number">0</Data></Cell>
			<Cell><Data ss:Type="Number">0</Data></Cell>
			<Cell><Data ss:Type="String">2023-12-07 16:43:47.569021</Data></Cell>
		</Row>
		<Row>
			<Cell><Data ss:Type="String">1601</Data></Cell>
			<Cell><Data ss:Type="Number">0.3</Data></Cell>
			<Cell><Data ss:Type="Number">-10.14</Data></Cell>
			<Cell><Data ss:Type="Number">0.15</Data></Cell>
			<Cell><Data ss:Type="Number">-9.45</Data></Cell>
			<Cell><Data ss:Type="Number">-0.07</Data></Cell>
			<Cell><Data ss:Type="Number">-0.86</Data></Cell>
			<Cell><Data ss:Type="Number">22.7</Data></Cell>
			<Cell><Data ss:Type="Number">39.5</Data></Cell>
			<Cell><Data ss:Type="Number">0</Data></Cell>
			<Cell><Data ss:Type="Number">0</Data></Cell>
			<Cell><Data ss:Type="String">2023-12-07 16:43:47.529686</Data></Cell>
		</Row>
		<Row>
			<Cell><Data ss:Type="String">1600</Data></Cell>
			<Cell><Data ss:Type="Number">0.33</Data></Cell>
			<Cell><Data ss:Type="Number">-9.99</Data></Cell>
			<Cell><Data ss:Type="Number">0.11</Data></Cell>
			<Cell><Data ss:Type="Number">-9.41</Data></Cell>
			<Cell><Data ss:Type="Number">-0.07</Data></Cell>
			<Cell><Data ss:Type="Number">-0.93</Data></Cell>
			<Cell><Data ss:Type="Number">22.7</Data></Cell>
			<Cell><Data ss:Type="Number">39.5</Data></Cell>
			<Cell><Data ss:Type="Number">0</Data></Cell>
			<Cell><Data ss:Type="Number">0</Data></Cell>
			<Cell><Data ss:Type="String">2023-12-07 16:43:47.527134</Data></Cell>
		</Row>
		<Row>
			<Cell><Data ss:Type="String">1599</Data></Cell>
			<Cell><Data ss:Type="Number">0.31</Data></Cell>
			<Cell><Data ss:Type="Number">-9.94</Data></Cell>
			<Cell><Data ss:Type="Number">0.04</Data></Cell>
			<Cell><Data ss:Type="Number">-9.42</Data></Cell>
			<Cell><Data ss:Type="Number">-0.07</Data></Cell>
			<Cell><Data ss:Type="Number">-0.89</Data></Cell>
			<Cell><Data ss:Type="Number">22.7</Data></Cell>
			<Cell><Data ss:Type="Number">39.5</Data></Cell>
			<Cell><Data ss:Type="Number">0</Data></Cell>
			<Cell><Data ss:Type="Number">0</Data></Cell>
			<Cell><Data ss:Type="String">2023-12-07 16:43:47.524896</Data></Cell>
		</Row>
		<Row>
			<Cell><Data ss:Type="String">1598</Data></Cell>
			<Cell><Data ss:Type="Number">0.28</Data></Cell>
			<Cell><Data ss:Type="Number">-10.14</Data></Cell>
			<Cell><Data ss:Type="Number">0.13</Data></Cell>
			<Cell><Data ss:Type="Number">-9.51</Data></Cell>
			<Cell><Data ss:Type="Number">-0.07</Data></Cell>
			<Cell><Data ss:Type="Number">-0.91</Data></Cell>
			<Cell><Data ss:Type="Number">22.7</Data></Cell>
			<Cell><Data ss:Type="Number">39.5</Data></Cell>
			<Cell><Data ss:Type="Number">0</Data></Cell>
			<Cell><Data ss:Type="Number">0</Data></Cell>
			<Cell><Data ss:Type="String">2023-12-07 16:43:47.523014</Data></Cell>
		</Row>
		<Row>
			<Cell><Data ss:Type="String">1597</Data></Cell>
			<Cell><Data ss:Type="Number">0.29</Data></Cell>
			<Cell><Data ss:Type="Number">-10.23</Data></Cell>
			<Cell><Data ss:Type="Number">0.24</Data></Cell>
			<Cell><Data ss:Type="Number">-9.53</Data></Cell>
			<Cell><Data ss:Type="Number">-0.07</Data></Cell>
			<Cell><Data ss:Type="Number">-0.88</Data></Cell>
			<Cell><Data ss:Type="Number">22.7</Data></Cell>
			<Cell><Data ss:Type="Number">39.5</Data></Cell>
			<Cell><Data ss:Type="Number">0</Data></Cell>
			<Cell><Data ss:Type="Number">0</Data></Cell>
			<Cell><Data ss:Type="String">2023-12-07 16:43:47.521037</Data></Cell>
		</Row>
		<Row>
			<Cell><Data ss:Type="String">1596</Data></Cell>
			<Cell><Data ss:Type="Number">0.3</Data></Cell>
			<Cell><Data ss:Type="Number">-10.26</Data></Cell>
			<Cell><Data ss:Type="Number">0.18</Data></Cell>
			<Cell><Data ss:Type="Number">-9.54</Data></Cell>
			<Cell><Data ss:Type="Number">-0.09</Data></Cell>
			<Cell><Data ss:Type="Number">-0.92</Data></Cell>
			<Cell><Data ss:Type="Number">22.7</Data></Cell>
			<Cell><Data ss:Type="Number">39.5</Data></Cell>
			<Cell><Data ss:Type="Number">0</Data></Cell>
			<Cell><Data ss:Type="Number">0</Data></Cell>
			<Cell><Data ss:Type="String">2023-12-07 16:43:47.519088</Data></Cell>
		</Row>
		<Row>
			<Cell><Data ss:Type="String">1595</Data></Cell>
			<Cell><Data ss:Type="Number">0.29</Data></Cell>
			<Cell><Data ss:Type="Number">-10.17</Data></Cell>
			<Cell><Data ss:Type="Number">0.16</Data></Cell>
			<Cell><Data ss:Type="Number">-9.53</Data></Cell>
			<Cell><Data ss:Type="Number">-0.09</Data></Cell>
			<Cell><Data ss:Type="Number">-0.91</Data></Cell>
			<Cell><Data ss:Type="Number">22.7</Data></Cell>
			<Cell><Data ss:Type="Number">39.5</Data></Cell>
			<Cell><Data ss:Type="Number">0</Data></Cell>
			<Cell><Data ss:Type="Number">0</Data></Cell>
			<Cell><Data ss:Type="String">2023-12-07 16:43:47.517159</Data></Cell>
		</Row>
		<Row>
			<Cell><Data ss:Type="String">1594</Data></Cell>
			<Cell><Data ss:Type="Number">0.27</Data></Cell>
			<Cell><Data ss:Type="Number">-10.26</Data></Cell>
			<Cell><Data ss:Type="Number">0.2</Data></Cell>
			<Cell><Data ss:Type="Number">-9.51</Data></Cell>
			<Cell><Data ss:Type="Number">-0.06</Data></Cell>
			<Cell><Data ss:Type="Number">-0.88</Data></Cell>
			<Cell><Data ss:Type="Number">22.7</Data></Cell>
			<Cell><Data ss:Type="Number">39.5</Data></Cell>
			<Cell><Data ss:Type="Number">0</Data></Cell>
			<Cell><Data ss:Type="Number">0</Data></Cell>
			<Cell><Data ss:Type="String">2023-12-07 16:43:47.283199</Data></Cell>
		</Row>
		<Row>
			<Cell><Data ss:Type="String">1593</Data></Cell>
			<Cell><Data ss:Type="Number">0.28</Data></Cell>
			<Cell><Data ss:Type="Number">-10.2</Data></Cell>
			<Cell><Data ss:Type="Number">0.17</Data></Cell>
			<Cell><Data ss:Type="Number">-9.52</Data></Cell>
			<Cell><Data ss:Type="Number">-0.1</Data></Cell>
			<Cell><Data ss:Type="Number">-0.89</Data></Cell>
			<Cell><Data ss:Type="Number">22.7</Data></Cell>
			<Cell><Data ss:Type="Number">39.5</Data></Cell>
			<Cell><Data ss:Type="Number">0</Data></Cell>
			<Cell><Data ss:Type="Number">0</Data></Cell>
			<Cell><Data ss:Type="String">2023-12-07 16:43:47.281457</Data></Cell>
		</Row>
		<Row>
			<Cell><Data ss:Type="String">1592</Data></Cell>
			<Cell><Data ss:Type="Number">0.32</Data></Cell>
			<Cell><Data ss:Type="Number">-10.09</Data></Cell>
			<Cell><Data ss:Type="Number">0.16</Data></Cell>
			<Cell><Data ss:Type="Number">-9.46</Data></Cell>
			<Cell><Data ss:Type="Number">-0.09</Data></Cell>
			<Cell><Data ss:Type="Number">-0.9</Data></Cell>
			<Cell><Data ss:Type="Number">22.7</Data></Cell>
			<Cell><Data ss:Type="Number">39.5</Data></Cell>
			<Cell><Data ss:Type="Number">0</Data></Cell>
			<Cell><Data ss:Type="Number">0</Data></Cell>
			<Cell><Data ss:Type="String">2023-12-07 16:43:47.279306</Data></Cell>
		</Row>
		<Row>
			<Cell><Data ss:Type="String">1591</Data></Cell>
			<Cell><Data ss:Type="Number">0.31</Data></Cell>
			<Cell><Data ss:Type="Number">-9.95</Data></Cell>
			<Cell><Data ss:Type="Number">0.17</Data></Cell>
			<Cell><Data ss:Type="Number">-9.44</Data></Cell>
			<Cell><Data ss:Type="Number">-0.07</Data></Cell>
			<Cell><Data ss:Type="Number">-0.91</Data></Cell>
			<Cell><Data ss:Type="Number">22.7</Data></Cell>
			<Cell><Data ss:Type="Number">39.5</Data></Cell>
			<Cell><Data ss:Type="Number">0</Data></Cell>
			<Cell><Data ss:Type="Number">0</Data></Cell>
			<Cell><Data ss:Type="String">2023-12-07 16:43:47.276777</Data></Cell>
		</Row>
		<Row>
			<Cell><Data ss:Type="String">1590</Data></Cell>
			<Cell><Data ss:Type="Number">0.28</Data></Cell>
			<Cell><Data ss:Type="Number">-10.07</Data></Cell>
			<Cell><Data ss:Type="Number">0.1</Data></Cell>
			<Cell><Data ss:Type="Number">-9.53</Data></Cell>
			<Cell><Data ss:Type="Number">-0.05</Data></Cell>
			<Cell><Data ss:Type="Number">-0.92</Data></Cell>
			<Cell><Data ss:Type="Number">22.7</Data></Cell>
			<Cell><Data ss:Type="Number">39.5</Data></Cell>
			<Cell><Data ss:Type="Number">0</Data></Cell>
			<Cell><Data ss:Type="Number">0</Data></Cell>
			<Cell><Data ss:Type="String">2023-12-07 16:43:47.273943</Data></Cell>
		</Row>
		<Row>
			<Cell><Data ss:Type="String">1589</Data></Cell>
			<Cell><Data ss:Type="Number">0.32</Data></Cell>
			<Cell><Data ss:Type="Number">-10.15</Data></Cell>
			<Cell><Data ss:Type="Number">0.22</Data></Cell>
			<Cell><Data ss:Type="Number">-9.51</Data></Cell>
			<Cell><Data ss:Type="Number">-0.09</Data></Cell>
			<Cell><Data ss:Type="Number">-0.87</Data></Cell>
			<Cell><Data ss:Type="Number">22.7</Data></Cell>
			<Cell><Data ss:Type="Number">39.5</Data></Cell>
			<Cell><Data ss:Type="Number">0</Data></Cell>
			<Cell><Data ss:Type="Number">0</Data></Cell>
			<Cell><Data ss:Type="String">2023-12-07 16:43:47.272193</Data></Cell>
		</Row>
		<Row>
			<Cell><Data ss:Type="String">1588</Data></Cell>
			<Cell><Data ss:Type="Number">0.34</Data></Cell>
			<Cell><Data ss:Type="Number">-10.13</Data></Cell>
			<Cell><Data ss:Type="Number">0.15</Data></Cell>
			<Cell><Data ss:Type="Number">-9.51</Data></Cell>
			<Cell><Data ss:Type="Number">-0.12</Data></Cell>
			<Cell><Data ss:Type="Number">-0.96</Data></Cell>
			<Cell><Data ss:Type="Number">22.7</Data></Cell>
			<Cell><Data ss:Type="Number">39.5</Data></Cell>
			<Cell><Data ss:Type="Number">0</Data></Cell>
			<Cell><Data ss:Type="Number">0</Data></Cell>
			<Cell><Data ss:Type="String">2023-12-07 16:43:47.270288</Data></Cell>
		</Row>
		<Row>
			<Cell><Data ss:Type="String">1587</Data></Cell>
			<Cell><Data ss:Type="Number">0.6</Data></Cell>
			<Cell><Data ss:Type="Number">-10.02</Data></Cell>
			<Cell><Data ss:Type="Number">0.33</Data></Cell>
			<Cell><Data ss:Type="Number">-9.42</Data></Cell>
			<Cell><Data ss:Type="Number">0.02</Data></Cell>
			<Cell><Data ss:Type="Number">-0.91</Data></Cell>
			<Cell><Data ss:Type="Number">22.7</Data></Cell>
			<Cell><Data ss:Type="Number">39.5</Data></Cell>
			<Cell><Data ss:Type="Number">0</Data></Cell>
			<Cell><Data ss:Type="Number">0</Data></Cell>
			<Cell><Data ss:Type="String">2023-12-07 16:43:47.035389</Data></Cell>
		</Row>
		<Row>
			<Cell><Data ss:Type="String">1586</Data></Cell>
			<Cell><Data ss:Type="Number">0.52</Data></Cell>
			<Cell><Data ss:Type="Number">-9.97</Data></Cell>
			<Cell><Data ss:Type="Number">0.19</Data></Cell>
			<Cell><Data ss:Type="Number">-9.42</Data></Cell>
			<Cell><Data ss:Type="Number">-0.2</Data></Cell>
			<Cell><Data ss:Type="Number">-0.9</Data></Cell>
			<Cell><Data ss:Type="Number">22.7</Data></Cell>
			<Cell><Data ss:Type="Number">39.5</Data></Cell>
			<Cell><Data ss:Type="Number">0</Data></Cell>
			<Cell><Data ss:Type="Number">0</Data></Cell>
			<Cell><Data ss:Type="String">2023-12-07 16:43:47.033503</Data></Cell>
		</Row>
		<Row>
			<Cell><Data ss:Type="String">1585</Data></Cell>
			<Cell><Data ss:Type="Number">0.42</Data></Cell>
			<Cell><Data ss:Type="Number">-10.11</Data></Cell>
			<Cell><Data ss:Type="Number">0.22</Data></Cell>
			<Cell><Data ss:Type="Number">-9.55</Data></Cell>
			<Cell><Data ss:Type="Number">-0.16</Data></Cell>
			<Cell><Data ss:Type="Number">-0.91</Data></Cell>
			<Cell><Data ss:Type="Number">22.7</Data></Cell>
			<Cell><Data ss:Type="Number">39.5</Data></Cell>
			<Cell><Data ss:Type="Number">0</Data></Cell>
			<Cell><Data ss:Type="Number">0</Data></Cell>
			<Cell><Data ss:Type="String">2023-12-07 16:43:47.031829</Data></Cell>
		</Row>
		<Row>
			<Cell><Data ss:Type="String">1584</Data></Cell>
			<Cell><Data ss:Type="Number">0.01</Data></Cell>
			<Cell><Data ss:Type="Number">-10.29</Data></Cell>
			<Cell><Data ss:Type="Number">0.06</Data></Cell>
			<Cell><Data ss:Type="Number">-9.56</Data></Cell>
			<Cell><Data ss:Type="Number">-0.1</Data></Cell>
			<Cell><Data ss:Type="Number">-0.82</Data></Cell>
			<Cell><Data ss:Type="Number">22.7</Data></Cell>
			<Cell><Data ss:Type="Number">39.5</Data></Cell>
			<Cell><Data ss:Type="Number">0</Data></Cell>
			<Cell><Data ss:Type="Number">0</Data></Cell>
			<Cell><Data ss:Type="String">2023-12-07 16:43:47.029987</Data></Cell>
		</Row>
		<Row>
			<Cell><Data ss:Type="String">1583</Data></Cell>
			<Cell><Data ss:Type="Number">-0.46</Data></Cell>
			<Cell><Data ss:Type="Number">-10.05</Data></Cell>
			<Cell><Data ss:Type="Number">-0.39</Data></Cell>
			<Cell><Data ss:Type="Number">-9.46</Data></Cell>
			<Cell><Data ss:Type="Number">0.38</Data></Cell>
			<Cell><Data ss:Type="Number">-1.01</Data></Cell>
			<Cell><Data ss:Type="Number">22.7</Data></Cell>
			<Cell><Data ss:Type="Number">39.5</Data></Cell>
			<Cell><Data ss:Type="Number">0</Data></Cell>
			<Cell><Data ss:Type="Number">0</Data></Cell>
			<Cell><Data ss:Type="String">2023-12-07 16:43:47.027549</Data></Cell>
		</Row>
		<Row>
			<Cell><Data ss:Type="String">1582</Data></Cell>
			<Cell><Data ss:Type="Number">1.49</Data></Cell>
			<Cell><Data ss:Type="Number">-9.94</Data></Cell>
			<Cell><Data ss:Type="Number">0.25</Data></Cell>
			<Cell><Data ss:Type="Number">-9.45</Data></Cell>
			<Cell><Data ss:Type="Number">-0</Data></Cell>
			<Cell><Data ss:Type="Number">-0.95</Data></Cell>
			<Cell><Data ss:Type="Number">22.7</Data></Cell>
			<Cell><Data ss:Type="Number">39.5</Data></Cell>
			<Cell><Data ss:Type="Number">0</Data></Cell>
			<Cell><Data ss:Type="Number">0</Data></Cell>
			<Cell><Data ss:Type="String">2023-12-07 16:43:46.864132</Data></Cell>
		</Row>
		<Row>
			<Cell><Data ss:Type="String">1581</Data></Cell>
			<Cell><Data ss:Type="Number">1.8</Data></Cell>
			<Cell><Data ss:Type="Number">-9.98</Data></Cell>
			<Cell><Data ss:Type="Number">1.13</Data></Cell>
			<Cell><Data ss:Type="Number">-9.43</Data></Cell>
			<Cell><Data ss:Type="Number">-0.82</Data></Cell>
			<Cell><Data ss:Type="Number">-0.69</Data></Cell>
			<Cell><Data ss:Type="Number">22.7</Data></Cell>
			<Cell><Data ss:Type="Number">39.5</Data></Cell>
			<Cell><Data ss:Type="Number">0</Data></Cell>
			<Cell><Data ss:Type="Number">0</Data></Cell>
			<Cell><Data ss:Type="String">2023-12-07 16:43:46.862030</Data></Cell>
		</Row>
		<Row>
			<Cell><Data ss:Type="String">1580</Data></Cell>
			<Cell><Data ss:Type="Number">0.02</Data></Cell>
			<Cell><Data ss:Type="Number">-10.56</Data></Cell>
			<Cell><Data ss:Type="Number">0.35</Data></Cell>
			<Cell><Data ss:Type="Number">-9.58</Data></Cell>
			<Cell><Data ss:Type="Number">-0.81</Data></Cell>
			<Cell><Data ss:Type="Number">-0.94</Data></Cell>
			<Cell><Data ss:Type="Number">22.7</Data></Cell>
			<Cell><Data ss:Type="Number">39.5</Data></Cell>
			<Cell><Data ss:Type="Number">0</Data></Cell>
			<Cell><Data ss:Type="Number">0</Data></Cell>
			<Cell><Data ss:Type="String">2023-12-07 16:43:46.814695</Data></Cell>
		</Row>
		<Row>
			<Cell><Data ss:Type="String">1579</Data></Cell>
			<Cell><Data ss:Type="Number">-2.84</Data></Cell>
			<Cell><Data ss:Type="Number">-8.3</Data></Cell>
			<Cell><Data ss:Type="Number">-2.37</Data></Cell>
			<Cell><Data ss:Type="Number">-9.2</Data></Cell>
			<Cell><Data ss:Type="Number">1.18</Data></Cell>
			<Cell><Data ss:Type="Number">-0.9</Data></Cell>
			<Cell><Data ss:Type="Number">22.7</Data></Cell>
			<Cell><Data ss:Type="Number">39.5</Data></Cell>
			<Cell><Data ss:Type="Number">0</Data></Cell>
			<Cell><Data ss:Type="Number">0</Data></Cell>
			<Cell><Data ss:Type="String">2023-12-07 16:43:46.769292</Data></Cell>
		</Row>
		<Row>
			<Cell><Data ss:Type="String">1578</Data></Cell>
			<Cell><Data ss:Type="Number">0.99</Data></Cell>
			<Cell><Data ss:Type="Number">-9.64</Data></Cell>
			<Cell><Data ss:Type="Number">0.4</Data></Cell>
			<Cell><Data ss:Type="Number">-9.39</Data></Cell>
			<Cell><Data ss:Type="Number">-0.02</Data></Cell>
			<Cell><Data ss:Type="Number">-0.93</Data></Cell>
			<Cell><Data ss:Type="Number">22.7</Data></Cell>
			<Cell><Data ss:Type="Number">39.5</Data></Cell>
			<Cell><Data ss:Type="Number">0</Data></Cell>
			<Cell><Data ss:Type="Number">0</Data></Cell>
			<Cell><Data ss:Type="String">2023-12-07 16:43:46.737009</Data></Cell>
		</Row>
		<Row>
			<Cell><Data ss:Type="String">1577</Data></Cell>
			<Cell><Data ss:Type="Number">1.11</Data></Cell>
			<Cell><Data ss:Type="Number">-10.21</Data></Cell>
			<Cell><Data ss:Type="Number">-0.13</Data></Cell>
			<Cell><Data ss:Type="Number">-9.37</Data></Cell>
			<Cell><Data ss:Type="Number">-0.11</Data></Cell>
			<Cell><Data ss:Type="Number">-1.04</Data></Cell>
			<Cell><Data ss:Type="Number">22.7</Data></Cell>
			<Cell><Data ss:Type="Number">39.5</Data></Cell>
			<Cell><Data ss:Type="Number">0</Data></Cell>
			<Cell><Data ss:Type="Number">0</Data></Cell>
			<Cell><Data ss:Type="String">2023-12-07 16:43:46.735113</Data></Cell>
		</Row>
		<Row>
			<Cell><Data ss:Type="String">1576</Data></Cell>
			<Cell><Data ss:Type="Number">-0.39</Data></Cell>
			<Cell><Data ss:Type="Number">-10.06</Data></Cell>
			<Cell><Data ss:Type="Number">0.57</Data></Cell>
			<Cell><Data ss:Type="Number">-9.53</Data></Cell>
			<Cell><Data ss:Type="Number">-0.04</Data></Cell>
			<Cell><Data ss:Type="Number">-0.82</Data></Cell>
			<Cell><Data ss:Type="Number">22.7</Data></Cell>
			<Cell><Data ss:Type="Number">39.5</Data></Cell>
			<Cell><Data ss:Type="Number">0</Data></Cell>
			<Cell><Data ss:Type="Number">0</Data></Cell>
			<Cell><Data ss:Type="String">2023-12-07 16:43:46.733404</Data></Cell>
		</Row>
		<Row>
			<Cell><Data ss:Type="String">1575</Data></Cell>
			<Cell><Data ss:Type="Number">-0.61</Data></Cell>
			<Cell><Data ss:Type="Number">-10.06</Data></Cell>
			<Cell><Data ss:Type="Number">-0.03</Data></Cell>
			<Cell><Data ss:Type="Number">-9.46</Data></Cell>
			<Cell><Data ss:Type="Number">-0.04</Data></Cell>
			<Cell><Data ss:Type="Number">-0.89</Data></Cell>
			<Cell><Data ss:Type="Number">22.7</Data></Cell>
			<Cell><Data ss:Type="Number">39.5</Data></Cell>
			<Cell><Data ss:Type="Number">0</Data></Cell>
			<Cell><Data ss:Type="Number">0</Data></Cell>
			<Cell><Data ss:Type="String">2023-12-07 16:43:46.731707</Data></Cell>
		</Row>
		<Row>
			<Cell><Data ss:Type="String">1574</Data></Cell>
			<Cell><Data ss:Type="Number">-0.66</Data></Cell>
			<Cell><Data ss:Type="Number">-10</Data></Cell>
			<Cell><Data ss:Type="Number">0.06</Data></Cell>
			<Cell><Data ss:Type="Number">-9.45</Data></Cell>
			<Cell><Data ss:Type="Number">-0.07</Data></Cell>
			<Cell><Data ss:Type="Number">-0.9</Data></Cell>
			<Cell><Data ss:Type="Number">22.7</Data></Cell>
			<Cell><Data ss:Type="Number">39.5</Data></Cell>
			<Cell><Data ss:Type="Number">0</Data></Cell>
			<Cell><Data ss:Type="Number">0</Data></Cell>
			<Cell><Data ss:Type="String">2023-12-07 16:43:46.729937</Data></Cell>
		</Row>
		<Row>
			<Cell><Data ss:Type="String">1573</Data></Cell>
			<Cell><Data ss:Type="Number">0.72</Data></Cell>
			<Cell><Data ss:Type="Number">-10</Data></Cell>
			<Cell><Data ss:Type="Number">0.54</Data></Cell>
			<Cell><Data ss:Type="Number">-9.32</Data></Cell>
			<Cell><Data ss:Type="Number">-0.1</Data></Cell>
			<Cell><Data ss:Type="Number">-0.91</Data></Cell>
			<Cell><Data ss:Type="Number">22.7</Data></Cell>
			<Cell><Data ss:Type="Number">39.5</Data></Cell>
			<Cell><Data ss:Type="Number">0</Data></Cell>
			<Cell><Data ss:Type="Number">0</Data></Cell>
			<Cell><Data ss:Type="String">2023-12-07 16:43:46.727571</Data></Cell>
		</Row>
		<Row>
			<Cell><Data ss:Type="String">1572</Data></Cell>
			<Cell><Data ss:Type="Number">0.62</Data></Cell>
			<Cell><Data ss:Type="Number">-10.2</Data></Cell>
			<Cell><Data ss:Type="Number">0.6</Data></Cell>
			<Cell><Data ss:Type="Number">-9.5</Data></Cell>
			<Cell><Data ss:Type="Number">-0.1</Data></Cell>
			<Cell><Data ss:Type="Number">-0.89</Data></Cell>
			<Cell><Data ss:Type="Number">22.7</Data></Cell>
			<Cell><Data ss:Type="Number">39.5</Data></Cell>
			<Cell><Data ss:Type="Number">0</Data></Cell>
			<Cell><Data ss:Type="Number">0</Data></Cell>
			<Cell><Data ss:Type="String">2023-12-07 16:43:46.724535</Data></Cell>
		</Row>
		<Row>
			<Cell><Data ss:Type="String">1571</Data></Cell>
			<Cell><Data ss:Type="Number">0.16</Data></Cell>
			<Cell><Data ss:Type="Number">-9.71</Data></Cell>
			<Cell><Data ss:Type="Number">0.39</Data></Cell>
			<Cell><Data ss:Type="Number">-9.54</Data></Cell>
			<Cell><Data ss:Type="Number">-0.03</Data></Cell>
			<Cell><Data ss:Type="Number">-0.92</Data></Cell>
			<Cell><Data ss:Type="Number">22.7</Data></Cell>
			<Cell><Data ss:Type="Number">39.5</Data></Cell>
			<Cell><Data ss:Type="Number">0</Data></Cell>
			<Cell><Data ss:Type="Number">0</Data></Cell>
			<Cell><Data ss:Type="String">2023-12-07 16:43:46.504841</Data></Cell>
		</Row>
		<Row>
			<Cell><Data ss:Type="String">1570</Data></Cell>
			<Cell><Data ss:Type="Number">0.44</Data></Cell>
			<Cell><Data ss:Type="Number">-10.29</Data></Cell>
			<Cell><Data ss:Type="Number">0.11</Data></Cell>
			<Cell><Data ss:Type="Number">-9.42</Data></Cell>
			<Cell><Data ss:Type="Number">-0.07</Data></Cell>
			<Cell><Data ss:Type="Number">-0.89</Data></Cell>
			<Cell><Data ss:Type="Number">22.7</Data></Cell>
			<Cell><Data ss:Type="Number">39.5</Data></Cell>
			<Cell><Data ss:Type="Number">0</Data></Cell>
			<Cell><Data ss:Type="Number">0</Data></Cell>
			<Cell><Data ss:Type="String">2023-12-07 16:43:46.503087</Data></Cell>
		</Row>
		<Row>
			<Cell><Data ss:Type="String">1569</Data></Cell>
			<Cell><Data ss:Type="Number">-0.15</Data></Cell>
			<Cell><Data ss:Type="Number">-9.89</Data></Cell>
			<Cell><Data ss:Type="Number">0.54</Data></Cell>
			<Cell><Data ss:Type="Number">-9.36</Data></Cell>
			<Cell><Data ss:Type="Number">-0.09</Data></Cell>
			<Cell><Data ss:Type="Number">-0.91</Data></Cell>
			<Cell><Data ss:Type="Number">22.7</Data></Cell>
			<Cell><Data ss:Type="Number">39.5</Data></Cell>
			<Cell><Data ss:Type="Number">0</Data></Cell>
			<Cell><Data ss:Type="Number">0</Data></Cell>
			<Cell><Data ss:Type="String">2023-12-07 16:43:46.447562</Data></Cell>
		</Row>
		<Row>
			<Cell><Data ss:Type="String">1568</Data></Cell>
			<Cell><Data ss:Type="Number">0.43</Data></Cell>
			<Cell><Data ss:Type="Number">-10.16</Data></Cell>
			<Cell><Data ss:Type="Number">0.58</Data></Cell>
			<Cell><Data ss:Type="Number">-9.54</Data></Cell>
			<Cell><Data ss:Type="Number">-0.12</Data></Cell>
			<Cell><Data ss:Type="Number">-0.96</Data></Cell>
			<Cell><Data ss:Type="Number">22.7</Data></Cell>
			<Cell><Data ss:Type="Number">39.5</Data></Cell>
			<Cell><Data ss:Type="Number">0</Data></Cell>
			<Cell><Data ss:Type="Number">0</Data></Cell>
			<Cell><Data ss:Type="String">2023-12-07 16:43:46.404754</Data></Cell>
		</Row>
		<Row>
			<Cell><Data ss:Type="String">1567</Data></Cell>
			<Cell><Data ss:Type="Number">0.19</Data></Cell>
			<Cell><Data ss:Type="Number">-10.6</Data></Cell>
			<Cell><Data ss:Type="Number">-0.13</Data></Cell>
			<Cell><Data ss:Type="Number">-9.61</Data></Cell>
			<Cell><Data ss:Type="Number">-0.05</Data></Cell>
			<Cell><Data ss:Type="Number">-0.88</Data></Cell>
			<Cell><Data ss:Type="Number">22.7</Data></Cell>
			<Cell><Data ss:Type="Number">39.5</Data></Cell>
			<Cell><Data ss:Type="Number">0</Data></Cell>
			<Cell><Data ss:Type="Number">0</Data></Cell>
			<Cell><Data ss:Type="String">2023-12-07 16:43:46.356934</Data></Cell>
		</Row>
		<Row>
			<Cell><Data ss:Type="String">1566</Data></Cell>
			<Cell><Data ss:Type="Number">0.52</Data></Cell>
			<Cell><Data ss:Type="Number">-9.93</Data></Cell>
			<Cell><Data ss:Type="Number">0.3</Data></Cell>
			<Cell><Data ss:Type="Number">-9.46</Data></Cell>
			<Cell><Data ss:Type="Number">-0.07</Data></Cell>
			<Cell><Data ss:Type="Number">-0.91</Data></Cell>
			<Cell><Data ss:Type="Number">22.7</Data></Cell>
			<Cell><Data ss:Type="Number">39.5</Data></Cell>
			<Cell><Data ss:Type="Number">0</Data></Cell>
			<Cell><Data ss:Type="Number">0</Data></Cell>
			<Cell><Data ss:Type="String">2023-12-07 16:43:46.354741</Data></Cell>
		</Row>
		<Row>
			<Cell><Data ss:Type="String">1565</Data></Cell>
			<Cell><Data ss:Type="Number">0.65</Data></Cell>
			<Cell><Data ss:Type="Number">-10.24</Data></Cell>
			<Cell><Data ss:Type="Number">0.55</Data></Cell>
			<Cell><Data ss:Type="Number">-9.42</Data></Cell>
			<Cell><Data ss:Type="Number">-0.07</Data></Cell>
			<Cell><Data ss:Type="Number">-0.93</Data></Cell>
			<Cell><Data ss:Type="Number">22.7</Data></Cell>
			<Cell><Data ss:Type="Number">39.5</Data></Cell>
			<Cell><Data ss:Type="Number">0</Data></Cell>
			<Cell><Data ss:Type="Number">0</Data></Cell>
			<Cell><Data ss:Type="String">2023-12-07 16:43:46.313346</Data></Cell>
		</Row>
		<Row>
			<Cell><Data ss:Type="String">1564</Data></Cell>
			<Cell><Data ss:Type="Number">0.83</Data></Cell>
			<Cell><Data ss:Type="Number">-9.79</Data></Cell>
			<Cell><Data ss:Type="Number">0.28</Data></Cell>
			<Cell><Data ss:Type="Number">-9.43</Data></Cell>
			<Cell><Data ss:Type="Number">-0.04</Data></Cell>
			<Cell><Data ss:Type="Number">-0.89</Data></Cell>
			<Cell><Data ss:Type="Number">22.7</Data></Cell>
			<Cell><Data ss:Type="Number">39.5</Data></Cell>
			<Cell><Data ss:Type="Number">0</Data></Cell>
			<Cell><Data ss:Type="Number">0</Data></Cell>
			<Cell><Data ss:Type="String">2023-12-07 16:43:46.266364</Data></Cell>
		</Row>
		<Row>
			<Cell><Data ss:Type="String">1563</Data></Cell>
			<Cell><Data ss:Type="Number">0.41</Data></Cell>
			<Cell><Data ss:Type="Number">-10.06</Data></Cell>
			<Cell><Data ss:Type="Number">0.3</Data></Cell>
			<Cell><Data ss:Type="Number">-9.59</Data></Cell>
			<Cell><Data ss:Type="Number">-0.08</Data></Cell>
			<Cell><Data ss:Type="Number">-0.85</Data></Cell>
			<Cell><Data ss:Type="Number">22.7</Data></Cell>
			<Cell><Data ss:Type="Number">39.5</Data></Cell>
			<Cell><Data ss:Type="Number">0</Data></Cell>
			<Cell><Data ss:Type="Number">0</Data></Cell>
			<Cell><Data ss:Type="String">2023-12-07 16:43:46.264407</Data></Cell>
		</Row>
		<Row>
			<Cell><Data ss:Type="String">1562</Data></Cell>
			<Cell><Data ss:Type="Number">0.11</Data></Cell>
			<Cell><Data ss:Type="Number">-10.35</Data></Cell>
			<Cell><Data ss:Type="Number">0.27</Data></Cell>
			<Cell><Data ss:Type="Number">-9.49</Data></Cell>
			<Cell><Data ss:Type="Number">0.02</Data></Cell>
			<Cell><Data ss:Type="Number">-0.92</Data></Cell>
			<Cell><Data ss:Type="Number">22.7</Data></Cell>
			<Cell><Data ss:Type="Number">39.5</Data></Cell>
			<Cell><Data ss:Type="Number">0</Data></Cell>
			<Cell><Data ss:Type="Number">0</Data></Cell>
			<Cell><Data ss:Type="String">2023-12-07 16:43:46.202034</Data></Cell>
		</Row>
		<Row>
			<Cell><Data ss:Type="String">1561</Data></Cell>
			<Cell><Data ss:Type="Number">0.33</Data></Cell>
			<Cell><Data ss:Type="Number">-9.68</Data></Cell>
			<Cell><Data ss:Type="Number">0.28</Data></Cell>
			<Cell><Data ss:Type="Number">-9.38</Data></Cell>
			<Cell><Data ss:Type="Number">-0.08</Data></Cell>
			<Cell><Data ss:Type="Number">-0.86</Data></Cell>
			<Cell><Data ss:Type="Number">22.7</Data></Cell>
			<Cell><Data ss:Type="Number">39.5</Data></Cell>
			<Cell><Data ss:Type="Number">0</Data></Cell>
			<Cell><Data ss:Type="Number">0</Data></Cell>
			<Cell><Data ss:Type="String">2023-12-07 16:43:46.159935</Data></Cell>
		</Row>
		<Row>
			<Cell><Data ss:Type="String">1560</Data></Cell>
			<Cell><Data ss:Type="Number">0.04</Data></Cell>
			<Cell><Data ss:Type="Number">-10.21</Data></Cell>
			<Cell><Data ss:Type="Number">-0.26</Data></Cell>
			<Cell><Data ss:Type="Number">-9.39</Data></Cell>
			<Cell><Data ss:Type="Number">-0.1</Data></Cell>
			<Cell><Data ss:Type="Number">-1</Data></Cell>
			<Cell><Data ss:Type="Number">22.7</Data></Cell>
			<Cell><Data ss:Type="Number">39.5</Data></Cell>
			<Cell><Data ss:Type="Number">0</Data></Cell>
			<Cell><Data ss:Type="Number">0</Data></Cell>
			<Cell><Data ss:Type="String">2023-12-07 16:43:46.157038</Data></Cell>
		</Row>
		<Row>
			<Cell><Data ss:Type="String">1559</Data></Cell>
			<Cell><Data ss:Type="Number">0.67</Data></Cell>
			<Cell><Data ss:Type="Number">-9.75</Data></Cell>
			<Cell><Data ss:Type="Number">0.3</Data></Cell>
			<Cell><Data ss:Type="Number">-9.52</Data></Cell>
			<Cell><Data ss:Type="Number">-0.15</Data></Cell>
			<Cell><Data ss:Type="Number">-0.95</Data></Cell>
			<Cell><Data ss:Type="Number">22.7</Data></Cell>
			<Cell><Data ss:Type="Number">39.5</Data></Cell>
			<Cell><Data ss:Type="Number">0</Data></Cell>
			<Cell><Data ss:Type="Number">0</Data></Cell>
			<Cell><Data ss:Type="String">2023-12-07 16:43:46.119629</Data></Cell>
		</Row>
		<Row>
			<Cell><Data ss:Type="String">1558</Data></Cell>
			<Cell><Data ss:Type="Number">0.47</Data></Cell>
			<Cell><Data ss:Type="Number">-9.84</Data></Cell>
			<Cell><Data ss:Type="Number">0.53</Data></Cell>
			<Cell><Data ss:Type="Number">-9.66</Data></Cell>
			<Cell><Data ss:Type="Number">-0.05</Data></Cell>
			<Cell><Data ss:Type="Number">-0.91</Data></Cell>
			<Cell><Data ss:Type="Number">22.7</Data></Cell>
			<Cell><Data ss:Type="Number">39.5</Data></Cell>
			<Cell><Data ss:Type="Number">0</Data></Cell>
			<Cell><Data ss:Type="Number">0</Data></Cell>
			<Cell><Data ss:Type="String">2023-12-07 16:43:46.117687</Data></Cell>
		</Row>
		<Row>
			<Cell><Data ss:Type="String">1557</Data></Cell>
			<Cell><Data ss:Type="Number">0.11</Data></Cell>
			<Cell><Data ss:Type="Number">-10.2</Data></Cell>
			<Cell><Data ss:Type="Number">-0.05</Data></Cell>
			<Cell><Data ss:Type="Number">-9.45</Data></Cell>
			<Cell><Data ss:Type="Number">-0.04</Data></Cell>
			<Cell><Data ss:Type="Number">-0.91</Data></Cell>
			<Cell><Data ss:Type="Number">22.7</Data></Cell>
			<Cell><Data ss:Type="Number">39.5</Data></Cell>
			<Cell><Data ss:Type="Number">0</Data></Cell>
			<Cell><Data ss:Type="Number">0</Data></Cell>
			<Cell><Data ss:Type="String">2023-12-07 16:43:46.115591</Data></Cell>
		</Row>
		<Row>
			<Cell><Data ss:Type="String">1556</Data></Cell>
			<Cell><Data ss:Type="Number">0.29</Data></Cell>
			<Cell><Data ss:Type="Number">-10.15</Data></Cell>
			<Cell><Data ss:Type="Number">0.04</Data></Cell>
			<Cell><Data ss:Type="Number">-9.45</Data></Cell>
			<Cell><Data ss:Type="Number">-0.07</Data></Cell>
			<Cell><Data ss:Type="Number">-0.83</Data></Cell>
			<Cell><Data ss:Type="Number">22.7</Data></Cell>
			<Cell><Data ss:Type="Number">39.5</Data></Cell>
			<Cell><Data ss:Type="Number">0</Data></Cell>
			<Cell><Data ss:Type="Number">0</Data></Cell>
			<Cell><Data ss:Type="String">2023-12-07 16:43:46.112887</Data></Cell>
		</Row>
		<Row>
			<Cell><Data ss:Type="String">1555</Data></Cell>
			<Cell><Data ss:Type="Number">0.2</Data></Cell>
			<Cell><Data ss:Type="Number">-9.85</Data></Cell>
			<Cell><Data ss:Type="Number">0.2</Data></Cell>
			<Cell><Data ss:Type="Number">-9.47</Data></Cell>
			<Cell><Data ss:Type="Number">-0.06</Data></Cell>
			<Cell><Data ss:Type="Number">-0.95</Data></Cell>
			<Cell><Data ss:Type="Number">22.7</Data></Cell>
			<Cell><Data ss:Type="Number">39.5</Data></Cell>
			<Cell><Data ss:Type="Number">0</Data></Cell>
			<Cell><Data ss:Type="Number">0</Data></Cell>
			<Cell><Data ss:Type="String">2023-12-07 16:43:46.109400</Data></Cell>
		</Row>
		<Row>
			<Cell><Data ss:Type="String">1554</Data></Cell>
			<Cell><Data ss:Type="Number">0.12</Data></Cell>
			<Cell><Data ss:Type="Number">-10.02</Data></Cell>
			<Cell><Data ss:Type="Number">0.38</Data></Cell>
			<Cell><Data ss:Type="Number">-9.57</Data></Cell>
			<Cell><Data ss:Type="Number">0.03</Data></Cell>
			<Cell><Data ss:Type="Number">-0.83</Data></Cell>
			<Cell><Data ss:Type="Number">22.7</Data></Cell>
			<Cell><Data ss:Type="Number">39.5</Data></Cell>
			<Cell><Data ss:Type="Number">0</Data></Cell>
			<Cell><Data ss:Type="Number">0</Data></Cell>
			<Cell><Data ss:Type="String">2023-12-07 16:43:45.940576</Data></Cell>
		</Row>
		<Row>
			<Cell><Data ss:Type="String">1553</Data></Cell>
			<Cell><Data ss:Type="Number">0</Data></Cell>
			<Cell><Data ss:Type="Number">-10.49</Data></Cell>
			<Cell><Data ss:Type="Number">-0.46</Data></Cell>
			<Cell><Data ss:Type="Number">-9.64</Data></Cell>
			<Cell><Data ss:Type="Number">0</Data></Cell>
			<Cell><Data ss:Type="Number">-0.96</Data></Cell>
			<Cell><Data ss:Type="Number">22.7</Data></Cell>
			<Cell><Data ss:Type="Number">39.5</Data></Cell>
			<Cell><Data ss:Type="Number">0</Data></Cell>
			<Cell><Data ss:Type="Number">0</Data></Cell>
			<Cell><Data ss:Type="String">2023-12-07 16:43:45.898169</Data></Cell>
		</Row>
		<Row>
			<Cell><Data ss:Type="String">1552</Data></Cell>
			<Cell><Data ss:Type="Number">0.47</Data></Cell>
			<Cell><Data ss:Type="Number">-10.49</Data></Cell>
			<Cell><Data ss:Type="Number">0.16</Data></Cell>
			<Cell><Data ss:Type="Number">-9.58</Data></Cell>
			<Cell><Data ss:Type="Number">-0.09</Data></Cell>
			<Cell><Data ss:Type="Number">-0.89</Data></Cell>
			<Cell><Data ss:Type="Number">22.7</Data></Cell>
			<Cell><Data ss:Type="Number">39.5</Data></Cell>
			<Cell><Data ss:Type="Number">0</Data></Cell>
			<Cell><Data ss:Type="Number">0</Data></Cell>
			<Cell><Data ss:Type="String">2023-12-07 16:43:45.896040</Data></Cell>
		</Row>
		<Row>
			<Cell><Data ss:Type="String">1551</Data></Cell>
			<Cell><Data ss:Type="Number">0.07</Data></Cell>
			<Cell><Data ss:Type="Number">-9.97</Data></Cell>
			<Cell><Data ss:Type="Number">0.06</Data></Cell>
			<Cell><Data ss:Type="Number">-9.39</Data></Cell>
			<Cell><Data ss:Type="Number">-0.13</Data></Cell>
			<Cell><Data ss:Type="Number">-0.9</Data></Cell>
			<Cell><Data ss:Type="Number">22.7</Data></Cell>
			<Cell><Data ss:Type="Number">39.5</Data></Cell>
			<Cell><Data ss:Type="Number">0</Data></Cell>
			<Cell><Data ss:Type="Number">0</Data></Cell>
			<Cell><Data ss:Type="String">2023-12-07 16:43:45.850117</Data></Cell>
		</Row>
		<Row>
			<Cell><Data ss:Type="String">1550</Data></Cell>
			<Cell><Data ss:Type="Number">0.26</Data></Cell>
			<Cell><Data ss:Type="Number">-10.3</Data></Cell>
			<Cell><Data ss:Type="Number">0.19</Data></Cell>
			<Cell><Data ss:Type="Number">-9.47</Data></Cell>
			<Cell><Data ss:Type="Number">-0.1</Data></Cell>
			<Cell><Data ss:Type="Number">-0.98</Data></Cell>
			<Cell><Data ss:Type="Number">22.7</Data></Cell>
			<Cell><Data ss:Type="Number">39.5</Data></Cell>
			<Cell><Data ss:Type="Number">0</Data></Cell>
			<Cell><Data ss:Type="Number">0</Data></Cell>
			<Cell><Data ss:Type="String">2023-12-07 16:43:45.804959</Data></Cell>
		</Row>
		<Row>
			<Cell><Data ss:Type="String">1549</Data></Cell>
			<Cell><Data ss:Type="Number">0.6</Data></Cell>
			<Cell><Data ss:Type="Number">-9.89</Data></Cell>
			<Cell><Data ss:Type="Number">0.47</Data></Cell>
			<Cell><Data ss:Type="Number">-9.47</Data></Cell>
			<Cell><Data ss:Type="Number">0.01</Data></Cell>
			<Cell><Data ss:Type="Number">-0.87</Data></Cell>
			<Cell><Data ss:Type="Number">22.7</Data></Cell>
			<Cell><Data ss:Type="Number">39.5</Data></Cell>
			<Cell><Data ss:Type="Number">0</Data></Cell>
			<Cell><Data ss:Type="Number">0</Data></Cell>
			<Cell><Data ss:Type="String">2023-12-07 16:43:45.803156</Data></Cell>
		</Row>
		<Row>
			<Cell><Data ss:Type="String">1548</Data></Cell>
			<Cell><Data ss:Type="Number">0.01</Data></Cell>
			<Cell><Data ss:Type="Number">-9.79</Data></Cell>
			<Cell><Data ss:Type="Number">0.03</Data></Cell>
			<Cell><Data ss:Type="Number">-9.45</Data></Cell>
			<Cell><Data ss:Type="Number">0.06</Data></Cell>
			<Cell><Data ss:Type="Number">-1</Data></Cell>
			<Cell><Data ss:Type="Number">22.7</Data></Cell>
			<Cell><Data ss:Type="Number">39.6</Data></Cell>
			<Cell><Data ss:Type="Number">0</Data></Cell>
			<Cell><Data ss:Type="Number">0</Data></Cell>
			<Cell><Data ss:Type="String">2023-12-07 16:43:45.801280</Data></Cell>
		</Row>
		<Row>
			<Cell><Data ss:Type="String">1547</Data></Cell>
			<Cell><Data ss:Type="Number">0.7</Data></Cell>
			<Cell><Data ss:Type="Number">-10.31</Data></Cell>
			<Cell><Data ss:Type="Number">0.36</Data></Cell>
			<Cell><Data ss:Type="Number">-9.43</Data></Cell>
			<Cell><Data ss:Type="Number">-0.11</Data></Cell>
			<Cell><Data ss:Type="Number">-0.95</Data></Cell>
			<Cell><Data ss:Type="Number">22.7</Data></Cell>
			<Cell><Data ss:Type="Number">39.6</Data></Cell>
			<Cell><Data ss:Type="Number">0</Data></Cell>
			<Cell><Data ss:Type="Number">0</Data></Cell>
			<Cell><Data ss:Type="String">2023-12-07 16:43:45.697751</Data></Cell>
		</Row>
		<Row>
			<Cell><Data ss:Type="String">1546</Data></Cell>
			<Cell><Data ss:Type="Number">0.78</Data></Cell>
			<Cell><Data ss:Type="Number">-9.65</Data></Cell>
			<Cell><Data ss:Type="Number">-0.07</Data></Cell>
			<Cell><Data ss:Type="Number">-9.56</Data></Cell>
			<Cell><Data ss:Type="Number">-0.49</Data></Cell>
			<Cell><Data ss:Type="Number">-0.82</Data></Cell>
			<Cell><Data ss:Type="Number">22.7</Data></Cell>
			<Cell><Data ss:Type="Number">39.6</Data></Cell>
			<Cell><Data ss:Type="Number">0</Data></Cell>
			<Cell><Data ss:Type="Number">0</Data></Cell>
			<Cell><Data ss:Type="String">2023-12-07 16:43:45.651292</Data></Cell>
		</Row>
		<Row>
			<Cell><Data ss:Type="String">1545</Data></Cell>
			<Cell><Data ss:Type="Number">0.75</Data></Cell>
			<Cell><Data ss:Type="Number">-10.78</Data></Cell>
			<Cell><Data ss:Type="Number">-0.58</Data></Cell>
			<Cell><Data ss:Type="Number">-9.57</Data></Cell>
			<Cell><Data ss:Type="Number">0.37</Data></Cell>
			<Cell><Data ss:Type="Number">-0.96</Data></Cell>
			<Cell><Data ss:Type="Number">22.7</Data></Cell>
			<Cell><Data ss:Type="Number">39.6</Data></Cell>
			<Cell><Data ss:Type="Number">0</Data></Cell>
			<Cell><Data ss:Type="Number">0</Data></Cell>
			<Cell><Data ss:Type="String">2023-12-07 16:43:45.649095</Data></Cell>
		</Row>
		<Row>
			<Cell><Data ss:Type="String">1544</Data></Cell>
			<Cell><Data ss:Type="Number">-0.13</Data></Cell>
			<Cell><Data ss:Type="Number">-9.69</Data></Cell>
			<Cell><Data ss:Type="Number">-0.1</Data></Cell>
			<Cell><Data ss:Type="Number">-9.31</Data></Cell>
			<Cell><Data ss:Type="Number">0.32</Data></Cell>
			<Cell><Data ss:Type="Number">-0.99</Data></Cell>
			<Cell><Data ss:Type="Number">22.7</Data></Cell>
			<Cell><Data ss:Type="Number">39.6</Data></Cell>
			<Cell><Data ss:Type="Number">0</Data></Cell>
			<Cell><Data ss:Type="Number">0</Data></Cell>
			<Cell><Data ss:Type="String">2023-12-07 16:43:45.602796</Data></Cell>
		</Row>
		<Row>
			<Cell><Data ss:Type="String">1543</Data></Cell>
			<Cell><Data ss:Type="Number">2.28</Data></Cell>
			<Cell><Data ss:Type="Number">-9.63</Data></Cell>
			<Cell><Data ss:Type="Number">1.17</Data></Cell>
			<Cell><Data ss:Type="Number">-9.45</Data></Cell>
			<Cell><Data ss:Type="Number">-1.22</Data></Cell>
			<Cell><Data ss:Type="Number">-0.87</Data></Cell>
			<Cell><Data ss:Type="Number">22.7</Data></Cell>
			<Cell><Data ss:Type="Number">39.6</Data></Cell>
			<Cell><Data ss:Type="Number">0</Data></Cell>
			<Cell><Data ss:Type="Number">0</Data></Cell>
			<Cell><Data ss:Type="String">2023-12-07 16:43:45.556581</Data></Cell>
		</Row>
		<Row>
			<Cell><Data ss:Type="String">1542</Data></Cell>
			<Cell><Data ss:Type="Number">-2.26</Data></Cell>
			<Cell><Data ss:Type="Number">-9.89</Data></Cell>
			<Cell><Data ss:Type="Number">-0.85</Data></Cell>
			<Cell><Data ss:Type="Number">-9.22</Data></Cell>
			<Cell><Data ss:Type="Number">-0.13</Data></Cell>
			<Cell><Data ss:Type="Number">-1.13</Data></Cell>
			<Cell><Data ss:Type="Number">22.7</Data></Cell>
			<Cell><Data ss:Type="Number">39.6</Data></Cell>
			<Cell><Data ss:Type="Number">0</Data></Cell>
			<Cell><Data ss:Type="Number">0</Data></Cell>
			<Cell><Data ss:Type="String">2023-12-07 16:43:45.514448</Data></Cell>
		</Row>
		<Row>
			<Cell><Data ss:Type="String">1541</Data></Cell>
			<Cell><Data ss:Type="Number">-1.7</Data></Cell>
			<Cell><Data ss:Type="Number">-14.64</Data></Cell>
			<Cell><Data ss:Type="Number">0.22</Data></Cell>
			<Cell><Data ss:Type="Number">-12.21</Data></Cell>
			<Cell><Data ss:Type="Number">0.62</Data></Cell>
			<Cell><Data ss:Type="Number">-1.11</Data></Cell>
			<Cell><Data ss:Type="Number">22.7</Data></Cell>
			<Cell><Data ss:Type="Number">39.6</Data></Cell>
			<Cell><Data ss:Type="Number">0</Data></Cell>
			<Cell><Data ss:Type="Number">0</Data></Cell>
			<Cell><Data ss:Type="String">2023-12-07 16:43:45.512520</Data></Cell>
		</Row>
		<Row>
			<Cell><Data ss:Type="String">1540</Data></Cell>
			<Cell><Data ss:Type="Number">0.24</Data></Cell>
			<Cell><Data ss:Type="Number">-9.98</Data></Cell>
			<Cell><Data ss:Type="Number">0.12</Data></Cell>
			<Cell><Data ss:Type="Number">-9.43</Data></Cell>
			<Cell><Data ss:Type="Number">-0.06</Data></Cell>
			<Cell><Data ss:Type="Number">-0.92</Data></Cell>
			<Cell><Data ss:Type="Number">22.7</Data></Cell>
			<Cell><Data ss:Type="Number">39.6</Data></Cell>
			<Cell><Data ss:Type="Number">0</Data></Cell>
			<Cell><Data ss:Type="Number">0</Data></Cell>
			<Cell><Data ss:Type="String">2023-12-07 16:43:45.465993</Data></Cell>
		</Row>
		<Row>
			<Cell><Data ss:Type="String">1539</Data></Cell>
			<Cell><Data ss:Type="Number">0.3</Data></Cell>
			<Cell><Data ss:Type="Number">-9.99</Data></Cell>
			<Cell><Data ss:Type="Number">0.14</Data></Cell>
			<Cell><Data ss:Type="Number">-9.45</Data></Cell>
			<Cell><Data ss:Type="Number">-0.08</Data></Cell>
			<Cell><Data ss:Type="Number">-0.94</Data></Cell>
			<Cell><Data ss:Type="Number">22.7</Data></Cell>
			<Cell><Data ss:Type="Number">39.6</Data></Cell>
			<Cell><Data ss:Type="Number">0</Data></Cell>
			<Cell><Data ss:Type="Number">0</Data></Cell>
			<Cell><Data ss:Type="String">2023-12-07 16:43:45.433172</Data></Cell>
		</Row>
		<Row>
			<Cell><Data ss:Type="String">1538</Data></Cell>
			<Cell><Data ss:Type="Number">0.27</Data></Cell>
			<Cell><Data ss:Type="Number">-10</Data></Cell>
			<Cell><Data ss:Type="Number">0.08</Data></Cell>
			<Cell><Data ss:Type="Number">-9.45</Data></Cell>
			<Cell><Data ss:Type="Number">-0.09</Data></Cell>
			<Cell><Data ss:Type="Number">-0.93</Data></Cell>
			<Cell><Data ss:Type="Number">22.7</Data></Cell>
			<Cell><Data ss:Type="Number">39.6</Data></Cell>
			<Cell><Data ss:Type="Number">0</Data></Cell>
			<Cell><Data ss:Type="Number">0</Data></Cell>
			<Cell><Data ss:Type="String">2023-12-07 16:43:45.431131</Data></Cell>
		</Row>
		<Row>
			<Cell><Data ss:Type="String">1537</Data></Cell>
			<Cell><Data ss:Type="Number">0.25</Data></Cell>
			<Cell><Data ss:Type="Number">-10.16</Data></Cell>
			<Cell><Data ss:Type="Number">0.13</Data></Cell>
			<Cell><Data ss:Type="Number">-9.53</Data></Cell>
			<Cell><Data ss:Type="Number">-0.06</Data></Cell>
			<Cell><Data ss:Type="Number">-0.9</Data></Cell>
			<Cell><Data ss:Type="Number">22.7</Data></Cell>
			<Cell><Data ss:Type="Number">39.6</Data></Cell>
			<Cell><Data ss:Type="Number">0</Data></Cell>
			<Cell><Data ss:Type="Number">0</Data></Cell>
			<Cell><Data ss:Type="String">2023-12-07 16:43:45.428539</Data></Cell>
		</Row>
		<Row>
			<Cell><Data ss:Type="String">1536</Data></Cell>
			<Cell><Data ss:Type="Number">0.3</Data></Cell>
			<Cell><Data ss:Type="Number">-10.19</Data></Cell>
			<Cell><Data ss:Type="Number">0.14</Data></Cell>
			<Cell><Data ss:Type="Number">-9.54</Data></Cell>
			<Cell><Data ss:Type="Number">-0.1</Data></Cell>
			<Cell><Data ss:Type="Number">-0.91</Data></Cell>
			<Cell><Data ss:Type="Number">22.7</Data></Cell>
			<Cell><Data ss:Type="Number">39.6</Data></Cell>
			<Cell><Data ss:Type="Number">0</Data></Cell>
			<Cell><Data ss:Type="Number">0</Data></Cell>
			<Cell><Data ss:Type="String">2023-12-07 16:43:45.425691</Data></Cell>
		</Row>
		<Row>
			<Cell><Data ss:Type="String">1535</Data></Cell>
			<Cell><Data ss:Type="Number">0.37</Data></Cell>
			<Cell><Data ss:Type="Number">-10.27</Data></Cell>
			<Cell><Data ss:Type="Number">0.07</Data></Cell>
			<Cell><Data ss:Type="Number">-9.48</Data></Cell>
			<Cell><Data ss:Type="Number">-0.05</Data></Cell>
			<Cell><Data ss:Type="Number">-0.9</Data></Cell>
			<Cell><Data ss:Type="Number">22.7</Data></Cell>
			<Cell><Data ss:Type="Number">39.6</Data></Cell>
			<Cell><Data ss:Type="Number">0</Data></Cell>
			<Cell><Data ss:Type="Number">0</Data></Cell>
			<Cell><Data ss:Type="String">2023-12-07 16:43:45.423296</Data></Cell>
		</Row>
		<Row>
			<Cell><Data ss:Type="String">1534</Data></Cell>
			<Cell><Data ss:Type="Number">0.31</Data></Cell>
			<Cell><Data ss:Type="Number">-9.98</Data></Cell>
			<Cell><Data ss:Type="Number">0.11</Data></Cell>
			<Cell><Data ss:Type="Number">-9.43</Data></Cell>
			<Cell><Data ss:Type="Number">-0.08</Data></Cell>
			<Cell><Data ss:Type="Number">-0.92</Data></Cell>
			<Cell><Data ss:Type="Number">22.7</Data></Cell>
			<Cell><Data ss:Type="Number">39.6</Data></Cell>
			<Cell><Data ss:Type="Number">0</Data></Cell>
			<Cell><Data ss:Type="Number">0</Data></Cell>
			<Cell><Data ss:Type="String">2023-12-07 16:43:45.421344</Data></Cell>
		</Row>
		<Row>
			<Cell><Data ss:Type="String">1533</Data></Cell>
			<Cell><Data ss:Type="Number">0.25</Data></Cell>
			<Cell><Data ss:Type="Number">-10.01</Data></Cell>
			<Cell><Data ss:Type="Number">0.14</Data></Cell>
			<Cell><Data ss:Type="Number">-9.45</Data></Cell>
			<Cell><Data ss:Type="Number">-0.05</Data></Cell>
			<Cell><Data ss:Type="Number">-0.93</Data></Cell>
			<Cell><Data ss:Type="Number">22.7</Data></Cell>
			<Cell><Data ss:Type="Number">39.6</Data></Cell>
			<Cell><Data ss:Type="Number">0</Data></Cell>
			<Cell><Data ss:Type="Number">0</Data></Cell>
			<Cell><Data ss:Type="String">2023-12-07 16:43:45.418918</Data></Cell>
		</Row>
		<Row>
			<Cell><Data ss:Type="String">1532</Data></Cell>
			<Cell><Data ss:Type="Number">0.29</Data></Cell>
			<Cell><Data ss:Type="Number">-10</Data></Cell>
			<Cell><Data ss:Type="Number">0.08</Data></Cell>
			<Cell><Data ss:Type="Number">-9.49</Data></Cell>
			<Cell><Data ss:Type="Number">-0.1</Data></Cell>
			<Cell><Data ss:Type="Number">-0.96</Data></Cell>
			<Cell><Data ss:Type="Number">22.7</Data></Cell>
			<Cell><Data ss:Type="Number">39.6</Data></Cell>
			<Cell><Data ss:Type="Number">0</Data></Cell>
			<Cell><Data ss:Type="Number">0</Data></Cell>
			<Cell><Data ss:Type="String">2023-12-07 16:43:45.199334</Data></Cell>
		</Row>
		<Row>
			<Cell><Data ss:Type="String">1531</Data></Cell>
			<Cell><Data ss:Type="Number">0.29</Data></Cell>
			<Cell><Data ss:Type="Number">-10.2</Data></Cell>
			<Cell><Data ss:Type="Number">0.24</Data></Cell>
			<Cell><Data ss:Type="Number">-9.53</Data></Cell>
			<Cell><Data ss:Type="Number">-0.07</Data></Cell>
			<Cell><Data ss:Type="Number">-0.88</Data></Cell>
			<Cell><Data ss:Type="Number">22.7</Data></Cell>
			<Cell><Data ss:Type="Number">39.6</Data></Cell>
			<Cell><Data ss:Type="Number">0</Data></Cell>
			<Cell><Data ss:Type="Number">0</Data></Cell>
			<Cell><Data ss:Type="String">2023-12-07 16:43:45.197029</Data></Cell>
		</Row>
		<Row>
			<Cell><Data ss:Type="String">1530</Data></Cell>
			<Cell><Data ss:Type="Number">0.23</Data></Cell>
			<Cell><Data ss:Type="Number">-10.19</Data></Cell>
			<Cell><Data ss:Type="Number">0.23</Data></Cell>
			<Cell><Data ss:Type="Number">-9.48</Data></Cell>
			<Cell><Data ss:Type="Number">-0.07</Data></Cell>
			<Cell><Data ss:Type="Number">-0.91</Data></Cell>
			<Cell><Data ss:Type="Number">22.7</Data></Cell>
			<Cell><Data ss:Type="Number">39.6</Data></Cell>
			<Cell><Data ss:Type="Number">0</Data></Cell>
			<Cell><Data ss:Type="Number">0</Data></Cell>
			<Cell><Data ss:Type="String">2023-12-07 16:43:45.194561</Data></Cell>
		</Row>
		<Row>
			<Cell><Data ss:Type="String">1529</Data></Cell>
			<Cell><Data ss:Type="Number">0.3</Data></Cell>
			<Cell><Data ss:Type="Number">-10.08</Data></Cell>
			<Cell><Data ss:Type="Number">0.12</Data></Cell>
			<Cell><Data ss:Type="Number">-9.46</Data></Cell>
			<Cell><Data ss:Type="Number">-0.07</Data></Cell>
			<Cell><Data ss:Type="Number">-0.92</Data></Cell>
			<Cell><Data ss:Type="Number">22.7</Data></Cell>
			<Cell><Data ss:Type="Number">39.6</Data></Cell>
			<Cell><Data ss:Type="Number">0</Data></Cell>
			<Cell><Data ss:Type="Number">0</Data></Cell>
			<Cell><Data ss:Type="String">2023-12-07 16:43:45.192182</Data></Cell>
		</Row>
		<Row>
			<Cell><Data ss:Type="String">1528</Data></Cell>
			<Cell><Data ss:Type="Number">0.24</Data></Cell>
			<Cell><Data ss:Type="Number">-10</Data></Cell>
			<Cell><Data ss:Type="Number">0.16</Data></Cell>
			<Cell><Data ss:Type="Number">-9.4</Data></Cell>
			<Cell><Data ss:Type="Number">-0.08</Data></Cell>
			<Cell><Data ss:Type="Number">-0.94</Data></Cell>
			<Cell><Data ss:Type="Number">22.7</Data></Cell>
			<Cell><Data ss:Type="Number">39.6</Data></Cell>
			<Cell><Data ss:Type="Number">0</Data></Cell>
			<Cell><Data ss:Type="Number">0</Data></Cell>
			<Cell><Data ss:Type="String">2023-12-07 16:43:45.189995</Data></Cell>
		</Row>
		<Row>
			<Cell><Data ss:Type="String">1527</Data></Cell>
			<Cell><Data ss:Type="Number">0.29</Data></Cell>
			<Cell><Data ss:Type="Number">-10.08</Data></Cell>
			<Cell><Data ss:Type="Number">0.11</Data></Cell>
			<Cell><Data ss:Type="Number">-9.48</Data></Cell>
			<Cell><Data ss:Type="Number">-0.1</Data></Cell>
			<Cell><Data ss:Type="Number">-0.94</Data></Cell>
			<Cell><Data ss:Type="Number">22.7</Data></Cell>
			<Cell><Data ss:Type="Number">39.6</Data></Cell>
			<Cell><Data ss:Type="Number">0</Data></Cell>
			<Cell><Data ss:Type="Number">0</Data></Cell>
			<Cell><Data ss:Type="String">2023-12-07 16:43:45.187706</Data></Cell>
		</Row>
		<Row>
			<Cell><Data ss:Type="String">1526</Data></Cell>
			<Cell><Data ss:Type="Number">0.26</Data></Cell>
			<Cell><Data ss:Type="Number">-10.17</Data></Cell>
			<Cell><Data ss:Type="Number">0.16</Data></Cell>
			<Cell><Data ss:Type="Number">-9.54</Data></Cell>
			<Cell><Data ss:Type="Number">-0.08</Data></Cell>
			<Cell><Data ss:Type="Number">-0.9</Data></Cell>
			<Cell><Data ss:Type="Number">22.7</Data></Cell>
			<Cell><Data ss:Type="Number">39.6</Data></Cell>
			<Cell><Data ss:Type="Number">0</Data></Cell>
			<Cell><Data ss:Type="Number">0</Data></Cell>
			<Cell><Data ss:Type="String">2023-12-07 16:43:45.002077</Data></Cell>
		</Row>
		<Row>
			<Cell><Data ss:Type="String">1525</Data></Cell>
			<Cell><Data ss:Type="Number">0.28</Data></Cell>
			<Cell><Data ss:Type="Number">-10.23</Data></Cell>
			<Cell><Data ss:Type="Number">0.14</Data></Cell>
			<Cell><Data ss:Type="Number">-9.53</Data></Cell>
			<Cell><Data ss:Type="Number">-0.07</Data></Cell>
			<Cell><Data ss:Type="Number">-0.89</Data></Cell>
			<Cell><Data ss:Type="Number">22.7</Data></Cell>
			<Cell><Data ss:Type="Number">39.6</Data></Cell>
			<Cell><Data ss:Type="Number">0</Data></Cell>
			<Cell><Data ss:Type="Number">0</Data></Cell>
			<Cell><Data ss:Type="String">2023-12-07 16:43:45.000025</Data></Cell>
		</Row>
		<Row>
			<Cell><Data ss:Type="String">1524</Data></Cell>
			<Cell><Data ss:Type="Number">0.27</Data></Cell>
			<Cell><Data ss:Type="Number">-10.01</Data></Cell>
			<Cell><Data ss:Type="Number">0.15</Data></Cell>
			<Cell><Data ss:Type="Number">-9.44</Data></Cell>
			<Cell><Data ss:Type="Number">-0.06</Data></Cell>
			<Cell><Data ss:Type="Number">-0.9</Data></Cell>
			<Cell><Data ss:Type="Number">22.7</Data></Cell>
			<Cell><Data ss:Type="Number">39.6</Data></Cell>
			<Cell><Data ss:Type="Number">0</Data></Cell>
			<Cell><Data ss:Type="Number">0</Data></Cell>
			<Cell><Data ss:Type="String">2023-12-07 16:43:44.943514</Data></Cell>
		</Row>
		<Row>
			<Cell><Data ss:Type="String">1523</Data></Cell>
			<Cell><Data ss:Type="Number">0.36</Data></Cell>
			<Cell><Data ss:Type="Number">-9.97</Data></Cell>
			<Cell><Data ss:Type="Number">0.34</Data></Cell>
			<Cell><Data ss:Type="Number">-9.45</Data></Cell>
			<Cell><Data ss:Type="Number">-0.06</Data></Cell>
			<Cell><Data ss:Type="Number">-0.93</Data></Cell>
			<Cell><Data ss:Type="Number">22.7</Data></Cell>
			<Cell><Data ss:Type="Number">39.6</Data></Cell>
			<Cell><Data ss:Type="Number">0</Data></Cell>
			<Cell><Data ss:Type="Number">0</Data></Cell>
			<Cell><Data ss:Type="String">2023-12-07 16:43:44.893721</Data></Cell>
		</Row>
		<Row>
			<Cell><Data ss:Type="String">1522</Data></Cell>
			<Cell><Data ss:Type="Number">0.29</Data></Cell>
			<Cell><Data ss:Type="Number">-10.11</Data></Cell>
			<Cell><Data ss:Type="Number">0.1</Data></Cell>
			<Cell><Data ss:Type="Number">-9.53</Data></Cell>
			<Cell><Data ss:Type="Number">-0.06</Data></Cell>
			<Cell><Data ss:Type="Number">-0.91</Data></Cell>
			<Cell><Data ss:Type="Number">22.7</Data></Cell>
			<Cell><Data ss:Type="Number">39.6</Data></Cell>
			<Cell><Data ss:Type="Number">0</Data></Cell>
			<Cell><Data ss:Type="Number">0</Data></Cell>
			<Cell><Data ss:Type="String">2023-12-07 16:43:44.888758</Data></Cell>
		</Row>
		<Row>
			<Cell><Data ss:Type="String">1521</Data></Cell>
			<Cell><Data ss:Type="Number">0.32</Data></Cell>
			<Cell><Data ss:Type="Number">-10.17</Data></Cell>
			<Cell><Data ss:Type="Number">0.13</Data></Cell>
			<Cell><Data ss:Type="Number">-9.53</Data></Cell>
			<Cell><Data ss:Type="Number">-0.07</Data></Cell>
			<Cell><Data ss:Type="Number">-0.89</Data></Cell>
			<Cell><Data ss:Type="Number">22.7</Data></Cell>
			<Cell><Data ss:Type="Number">39.6</Data></Cell>
			<Cell><Data ss:Type="Number">0</Data></Cell>
			<Cell><Data ss:Type="Number">0</Data></Cell>
			<Cell><Data ss:Type="String">2023-12-07 16:43:44.886961</Data></Cell>
		</Row>
		<Row>
			<Cell><Data ss:Type="String">1520</Data></Cell>
			<Cell><Data ss:Type="Number">0.25</Data></Cell>
			<Cell><Data ss:Type="Number">-10.21</Data></Cell>
			<Cell><Data ss:Type="Number">0.21</Data></Cell>
			<Cell><Data ss:Type="Number">-9.5</Data></Cell>
			<Cell><Data ss:Type="Number">-0.07</Data></Cell>
			<Cell><Data ss:Type="Number">-0.88</Data></Cell>
			<Cell><Data ss:Type="Number">22.7</Data></Cell>
			<Cell><Data ss:Type="Number">39.6</Data></Cell>
			<Cell><Data ss:Type="Number">0</Data></Cell>
			<Cell><Data ss:Type="Number">0</Data></Cell>
			<Cell><Data ss:Type="String">2023-12-07 16:43:44.884977</Data></Cell>
		</Row>
		<Row>
			<Cell><Data ss:Type="String">1519</Data></Cell>
			<Cell><Data ss:Type="Number">0.29</Data></Cell>
			<Cell><Data ss:Type="Number">-10.13</Data></Cell>
			<Cell><Data ss:Type="Number">0.2</Data></Cell>
			<Cell><Data ss:Type="Number">-9.45</Data></Cell>
			<Cell><Data ss:Type="Number">-0.06</Data></Cell>
			<Cell><Data ss:Type="Number">-0.89</Data></Cell>
			<Cell><Data ss:Type="Number">22.7</Data></Cell>
			<Cell><Data ss:Type="Number">39.6</Data></Cell>
			<Cell><Data ss:Type="Number">0</Data></Cell>
			<Cell><Data ss:Type="Number">0</Data></Cell>
			<Cell><Data ss:Type="String">2023-12-07 16:43:44.883062</Data></Cell>
		</Row>
		<Row>
			<Cell><Data ss:Type="String">1518</Data></Cell>
			<Cell><Data ss:Type="Number">0.26</Data></Cell>
			<Cell><Data ss:Type="Number">-9.98</Data></Cell>
			<Cell><Data ss:Type="Number">0.09</Data></Cell>
			<Cell><Data ss:Type="Number">-9.45</Data></Cell>
			<Cell><Data ss:Type="Number">-0.07</Data></Cell>
			<Cell><Data ss:Type="Number">-0.95</Data></Cell>
			<Cell><Data ss:Type="Number">22.7</Data></Cell>
			<Cell><Data ss:Type="Number">39.6</Data></Cell>
			<Cell><Data ss:Type="Number">0</Data></Cell>
			<Cell><Data ss:Type="Number">0</Data></Cell>
			<Cell><Data ss:Type="String">2023-12-07 16:43:44.880841</Data></Cell>
		</Row>
		<Row>
			<Cell><Data ss:Type="String">1517</Data></Cell>
			<Cell><Data ss:Type="Number">0.28</Data></Cell>
			<Cell><Data ss:Type="Number">-10.02</Data></Cell>
			<Cell><Data ss:Type="Number">0.11</Data></Cell>
			<Cell><Data ss:Type="Number">-9.47</Data></Cell>
			<Cell><Data ss:Type="Number">-0.07</Data></Cell>
			<Cell><Data ss:Type="Number">-0.91</Data></Cell>
			<Cell><Data ss:Type="Number">22.7</Data></Cell>
			<Cell><Data ss:Type="Number">39.6</Data></Cell>
			<Cell><Data ss:Type="Number">0</Data></Cell>
			<Cell><Data ss:Type="Number">0</Data></Cell>
			<Cell><Data ss:Type="String">2023-12-07 16:43:44.685064</Data></Cell>
		</Row>
		<Row>
			<Cell><Data ss:Type="String">1516</Data></Cell>
			<Cell><Data ss:Type="Number">0.28</Data></Cell>
			<Cell><Data ss:Type="Number">-10.15</Data></Cell>
			<Cell><Data ss:Type="Number">0.16</Data></Cell>
			<Cell><Data ss:Type="Number">-9.5</Data></Cell>
			<Cell><Data ss:Type="Number">-0.08</Data></Cell>
			<Cell><Data ss:Type="Number">-0.91</Data></Cell>
			<Cell><Data ss:Type="Number">22.7</Data></Cell>
			<Cell><Data ss:Type="Number">39.6</Data></Cell>
			<Cell><Data ss:Type="Number">0</Data></Cell>
			<Cell><Data ss:Type="Number">0</Data></Cell>
			<Cell><Data ss:Type="String">2023-12-07 16:43:44.683361</Data></Cell>
		</Row>
		<Row>
			<Cell><Data ss:Type="String">1515</Data></Cell>
			<Cell><Data ss:Type="Number">0.28</Data></Cell>
			<Cell><Data ss:Type="Number">-9.99</Data></Cell>
			<Cell><Data ss:Type="Number">0.08</Data></Cell>
			<Cell><Data ss:Type="Number">-9.45</Data></Cell>
			<Cell><Data ss:Type="Number">-0.07</Data></Cell>
			<Cell><Data ss:Type="Number">-0.93</Data></Cell>
			<Cell><Data ss:Type="Number">22.7</Data></Cell>
			<Cell><Data ss:Type="Number">39.6</Data></Cell>
			<Cell><Data ss:Type="Number">0</Data></Cell>
			<Cell><Data ss:Type="Number">0</Data></Cell>
			<Cell><Data ss:Type="String">2023-12-07 16:43:44.636397</Data></Cell>
		</Row>
		<Row>
			<Cell><Data ss:Type="String">1514</Data></Cell>
			<Cell><Data ss:Type="Number">0.28</Data></Cell>
			<Cell><Data ss:Type="Number">-10.04</Data></Cell>
			<Cell><Data ss:Type="Number">-0.04</Data></Cell>
			<Cell><Data ss:Type="Number">-9.54</Data></Cell>
			<Cell><Data ss:Type="Number">-0.07</Data></Cell>
			<Cell><Data ss:Type="Number">-0.9</Data></Cell>
			<Cell><Data ss:Type="Number">22.7</Data></Cell>
			<Cell><Data ss:Type="Number">39.6</Data></Cell>
			<Cell><Data ss:Type="Number">0</Data></Cell>
			<Cell><Data ss:Type="Number">0</Data></Cell>
			<Cell><Data ss:Type="String">2023-12-07 16:43:44.581431</Data></Cell>
		</Row>
		<Row>
			<Cell><Data ss:Type="String">1513</Data></Cell>
			<Cell><Data ss:Type="Number">0.28</Data></Cell>
			<Cell><Data ss:Type="Number">-10.23</Data></Cell>
			<Cell><Data ss:Type="Number">0.17</Data></Cell>
			<Cell><Data ss:Type="Number">-9.53</Data></Cell>
			<Cell><Data ss:Type="Number">-0.07</Data></Cell>
			<Cell><Data ss:Type="Number">-0.91</Data></Cell>
			<Cell><Data ss:Type="Number">22.7</Data></Cell>
			<Cell><Data ss:Type="Number">39.6</Data></Cell>
			<Cell><Data ss:Type="Number">0</Data></Cell>
			<Cell><Data ss:Type="Number">0</Data></Cell>
			<Cell><Data ss:Type="String">2023-12-07 16:43:44.579658</Data></Cell>
		</Row>
		<Row>
			<Cell><Data ss:Type="String">1512</Data></Cell>
			<Cell><Data ss:Type="Number">0.28</Data></Cell>
			<Cell><Data ss:Type="Number">-10.11</Data></Cell>
			<Cell><Data ss:Type="Number">0.22</Data></Cell>
			<Cell><Data ss:Type="Number">-9.46</Data></Cell>
			<Cell><Data ss:Type="Number">-0.06</Data></Cell>
			<Cell><Data ss:Type="Number">-0.9</Data></Cell>
			<Cell><Data ss:Type="Number">22.7</Data></Cell>
			<Cell><Data ss:Type="Number">39.6</Data></Cell>
			<Cell><Data ss:Type="Number">0</Data></Cell>
			<Cell><Data ss:Type="Number">0</Data></Cell>
			<Cell><Data ss:Type="String">2023-12-07 16:43:44.577029</Data></Cell>
		</Row>
		<Row>
			<Cell><Data ss:Type="String">1511</Data></Cell>
			<Cell><Data ss:Type="Number">0.26</Data></Cell>
			<Cell><Data ss:Type="Number">-10.04</Data></Cell>
			<Cell><Data ss:Type="Number">0.12</Data></Cell>
			<Cell><Data ss:Type="Number">-9.41</Data></Cell>
			<Cell><Data ss:Type="Number">-0.06</Data></Cell>
			<Cell><Data ss:Type="Number">-0.93</Data></Cell>
			<Cell><Data ss:Type="Number">22.7</Data></Cell>
			<Cell><Data ss:Type="Number">39.6</Data></Cell>
			<Cell><Data ss:Type="Number">0</Data></Cell>
			<Cell><Data ss:Type="Number">0</Data></Cell>
			<Cell><Data ss:Type="String">2023-12-07 16:43:44.574576</Data></Cell>
		</Row>
		<Row>
			<Cell><Data ss:Type="String">1510</Data></Cell>
			<Cell><Data ss:Type="Number">0.33</Data></Cell>
			<Cell><Data ss:Type="Number">-10.01</Data></Cell>
			<Cell><Data ss:Type="Number">0.15</Data></Cell>
			<Cell><Data ss:Type="Number">-9.48</Data></Cell>
			<Cell><Data ss:Type="Number">-0.1</Data></Cell>
			<Cell><Data ss:Type="Number">-0.94</Data></Cell>
			<Cell><Data ss:Type="Number">22.7</Data></Cell>
			<Cell><Data ss:Type="Number">39.6</Data></Cell>
			<Cell><Data ss:Type="Number">0</Data></Cell>
			<Cell><Data ss:Type="Number">0</Data></Cell>
			<Cell><Data ss:Type="String">2023-12-07 16:43:44.572626</Data></Cell>
		</Row>
		<Row>
			<Cell><Data ss:Type="String">1509</Data></Cell>
			<Cell><Data ss:Type="Number">0.26</Data></Cell>
			<Cell><Data ss:Type="Number">-10.13</Data></Cell>
			<Cell><Data ss:Type="Number">0.15</Data></Cell>
			<Cell><Data ss:Type="Number">-9.54</Data></Cell>
			<Cell><Data ss:Type="Number">-0.06</Data></Cell>
			<Cell><Data ss:Type="Number">-0.88</Data></Cell>
			<Cell><Data ss:Type="Number">22.7</Data></Cell>
			<Cell><Data ss:Type="Number">39.6</Data></Cell>
			<Cell><Data ss:Type="Number">0</Data></Cell>
			<Cell><Data ss:Type="Number">0</Data></Cell>
			<Cell><Data ss:Type="String">2023-12-07 16:43:44.437693</Data></Cell>
		</Row>
		<Row>
			<Cell><Data ss:Type="String">1508</Data></Cell>
			<Cell><Data ss:Type="Number">0.3</Data></Cell>
			<Cell><Data ss:Type="Number">-10.14</Data></Cell>
			<Cell><Data ss:Type="Number">0.16</Data></Cell>
			<Cell><Data ss:Type="Number">-9.49</Data></Cell>
			<Cell><Data ss:Type="Number">-0.07</Data></Cell>
			<Cell><Data ss:Type="Number">-0.93</Data></Cell>
			<Cell><Data ss:Type="Number">22.7</Data></Cell>
			<Cell><Data ss:Type="Number">39.6</Data></Cell>
			<Cell><Data ss:Type="Number">0</Data></Cell>
			<Cell><Data ss:Type="Number">0</Data></Cell>
			<Cell><Data ss:Type="String">2023-12-07 16:43:44.392986</Data></Cell>
		</Row>
		<Row>
			<Cell><Data ss:Type="String">1507</Data></Cell>
			<Cell><Data ss:Type="Number">0.41</Data></Cell>
			<Cell><Data ss:Type="Number">-10.18</Data></Cell>
			<Cell><Data ss:Type="Number">0.16</Data></Cell>
			<Cell><Data ss:Type="Number">-9.51</Data></Cell>
			<Cell><Data ss:Type="Number">-0.03</Data></Cell>
			<Cell><Data ss:Type="Number">-0.92</Data></Cell>
			<Cell><Data ss:Type="Number">22.7</Data></Cell>
			<Cell><Data ss:Type="Number">39.6</Data></Cell>
			<Cell><Data ss:Type="Number">0</Data></Cell>
			<Cell><Data ss:Type="Number">0</Data></Cell>
			<Cell><Data ss:Type="String">2023-12-07 16:43:44.338675</Data></Cell>
		</Row>
		<Row>
			<Cell><Data ss:Type="String">1506</Data></Cell>
			<Cell><Data ss:Type="Number">0.35</Data></Cell>
			<Cell><Data ss:Type="Number">-10.03</Data></Cell>
			<Cell><Data ss:Type="Number">0.19</Data></Cell>
			<Cell><Data ss:Type="Number">-9.42</Data></Cell>
			<Cell><Data ss:Type="Number">-0.07</Data></Cell>
			<Cell><Data ss:Type="Number">-0.87</Data></Cell>
			<Cell><Data ss:Type="Number">22.7</Data></Cell>
			<Cell><Data ss:Type="Number">39.6</Data></Cell>
			<Cell><Data ss:Type="Number">0</Data></Cell>
			<Cell><Data ss:Type="Number">0</Data></Cell>
			<Cell><Data ss:Type="String">2023-12-07 16:43:44.336805</Data></Cell>
		</Row>
		<Row>
			<Cell><Data ss:Type="String">1505</Data></Cell>
			<Cell><Data ss:Type="Number">0.38</Data></Cell>
			<Cell><Data ss:Type="Number">-10</Data></Cell>
			<Cell><Data ss:Type="Number">0.09</Data></Cell>
			<Cell><Data ss:Type="Number">-9.45</Data></Cell>
			<Cell><Data ss:Type="Number">-0.17</Data></Cell>
			<Cell><Data ss:Type="Number">-0.96</Data></Cell>
			<Cell><Data ss:Type="Number">22.7</Data></Cell>
			<Cell><Data ss:Type="Number">39.6</Data></Cell>
			<Cell><Data ss:Type="Number">0</Data></Cell>
			<Cell><Data ss:Type="Number">0</Data></Cell>
			<Cell><Data ss:Type="String">2023-12-07 16:43:44.299941</Data></Cell>
		</Row>
		<Row>
			<Cell><Data ss:Type="String">1504</Data></Cell>
			<Cell><Data ss:Type="Number">0</Data></Cell>
			<Cell><Data ss:Type="Number">-9.95</Data></Cell>
			<Cell><Data ss:Type="Number">0.03</Data></Cell>
			<Cell><Data ss:Type="Number">-9.44</Data></Cell>
			<Cell><Data ss:Type="Number">0.07</Data></Cell>
			<Cell><Data ss:Type="Number">-0.92</Data></Cell>
			<Cell><Data ss:Type="Number">22.7</Data></Cell>
			<Cell><Data ss:Type="Number">39.6</Data></Cell>
			<Cell><Data ss:Type="Number">0</Data></Cell>
			<Cell><Data ss:Type="Number">0</Data></Cell>
			<Cell><Data ss:Type="String">2023-12-07 16:43:44.253224</Data></Cell>
		</Row>
		<Row>
			<Cell><Data ss:Type="String">1503</Data></Cell>
			<Cell><Data ss:Type="Number">0.37</Data></Cell>
			<Cell><Data ss:Type="Number">-10.1</Data></Cell>
			<Cell><Data ss:Type="Number">-0.03</Data></Cell>
			<Cell><Data ss:Type="Number">-9.55</Data></Cell>
			<Cell><Data ss:Type="Number">0</Data></Cell>
			<Cell><Data ss:Type="Number">-0.95</Data></Cell>
			<Cell><Data ss:Type="Number">22.7</Data></Cell>
			<Cell><Data ss:Type="Number">39.6</Data></Cell>
			<Cell><Data ss:Type="Number">0</Data></Cell>
			<Cell><Data ss:Type="Number">0</Data></Cell>
			<Cell><Data ss:Type="String">2023-12-07 16:43:44.211433</Data></Cell>
		</Row>
		<Row>
			<Cell><Data ss:Type="String">1502</Data></Cell>
			<Cell><Data ss:Type="Number">0.81</Data></Cell>
			<Cell><Data ss:Type="Number">-10.09</Data></Cell>
			<Cell><Data ss:Type="Number">0.47</Data></Cell>
			<Cell><Data ss:Type="Number">-9.49</Data></Cell>
			<Cell><Data ss:Type="Number">-0.33</Data></Cell>
			<Cell><Data ss:Type="Number">-0.86</Data></Cell>
			<Cell><Data ss:Type="Number">22.7</Data></Cell>
			<Cell><Data ss:Type="Number">39.6</Data></Cell>
			<Cell><Data ss:Type="Number">0</Data></Cell>
			<Cell><Data ss:Type="Number">0</Data></Cell>
			<Cell><Data ss:Type="String">2023-12-07 16:43:44.208668</Data></Cell>
		</Row>
		<Row>
			<Cell><Data ss:Type="String">1501</Data></Cell>
			<Cell><Data ss:Type="Number">-0.01</Data></Cell>
			<Cell><Data ss:Type="Number">-10.17</Data></Cell>
			<Cell><Data ss:Type="Number">0.31</Data></Cell>
			<Cell><Data ss:Type="Number">-9.42</Data></Cell>
			<Cell><Data ss:Type="Number">-0.2</Data></Cell>
			<Cell><Data ss:Type="Number">-0.83</Data></Cell>
			<Cell><Data ss:Type="Number">22.7</Data></Cell>
			<Cell><Data ss:Type="Number">39.6</Data></Cell>
			<Cell><Data ss:Type="Number">0</Data></Cell>
			<Cell><Data ss:Type="Number">0</Data></Cell>
			<Cell><Data ss:Type="String">2023-12-07 16:43:44.163138</Data></Cell>
		</Row>
		<Row>
			<Cell><Data ss:Type="String">1500</Data></Cell>
			<Cell><Data ss:Type="Number">-0.76</Data></Cell>
			<Cell><Data ss:Type="Number">-10.14</Data></Cell>
			<Cell><Data ss:Type="Number">-0.57</Data></Cell>
			<Cell><Data ss:Type="Number">-9.55</Data></Cell>
			<Cell><Data ss:Type="Number">0.49</Data></Cell>
			<Cell><Data ss:Type="Number">-1.07</Data></Cell>
			<Cell><Data ss:Type="Number">22.7</Data></Cell>
			<Cell><Data ss:Type="Number">39.6</Data></Cell>
			<Cell><Data ss:Type="Number">0</Data></Cell>
			<Cell><Data ss:Type="Number">0</Data></Cell>
			<Cell><Data ss:Type="String">2023-12-07 16:43:44.115442</Data></Cell>
		</Row>
		<Row>
			<Cell><Data ss:Type="String">1499</Data></Cell>
			<Cell><Data ss:Type="Number">1.61</Data></Cell>
			<Cell><Data ss:Type="Number">-9.81</Data></Cell>
			<Cell><Data ss:Type="Number">0.59</Data></Cell>
			<Cell><Data ss:Type="Number">-9.49</Data></Cell>
			<Cell><Data ss:Type="Number">-0.05</Data></Cell>
			<Cell><Data ss:Type="Number">-0.9</Data></Cell>
			<Cell><Data ss:Type="Number">22.7</Data></Cell>
			<Cell><Data ss:Type="Number">39.6</Data></Cell>
			<Cell><Data ss:Type="Number">0</Data></Cell>
			<Cell><Data ss:Type="Number">0</Data></Cell>
			<Cell><Data ss:Type="String">2023-12-07 16:43:44.071507</Data></Cell>
		</Row>
		<Row>
			<Cell><Data ss:Type="String">1498</Data></Cell>
			<Cell><Data ss:Type="Number">-4.58</Data></Cell>
			<Cell><Data ss:Type="Number">-10.39</Data></Cell>
			<Cell><Data ss:Type="Number">1.46</Data></Cell>
			<Cell><Data ss:Type="Number">-9.53</Data></Cell>
			<Cell><Data ss:Type="Number">-1.19</Data></Cell>
			<Cell><Data ss:Type="Number">-0.67</Data></Cell>
			<Cell><Data ss:Type="Number">22.7</Data></Cell>
			<Cell><Data ss:Type="Number">39.6</Data></Cell>
			<Cell><Data ss:Type="Number">0</Data></Cell>
			<Cell><Data ss:Type="Number">0</Data></Cell>
			<Cell><Data ss:Type="String">2023-12-07 16:43:44.069515</Data></Cell>
		</Row>
		<Row>
			<Cell><Data ss:Type="String">1497</Data></Cell>
			<Cell><Data ss:Type="Number">0.25</Data></Cell>
			<Cell><Data ss:Type="Number">-9.55</Data></Cell>
			<Cell><Data ss:Type="Number">-1.23</Data></Cell>
			<Cell><Data ss:Type="Number">-9.79</Data></Cell>
			<Cell><Data ss:Type="Number">0.39</Data></Cell>
			<Cell><Data ss:Type="Number">-0.81</Data></Cell>
			<Cell><Data ss:Type="Number">22.7</Data></Cell>
			<Cell><Data ss:Type="Number">39.6</Data></Cell>
			<Cell><Data ss:Type="Number">0</Data></Cell>
			<Cell><Data ss:Type="Number">0</Data></Cell>
			<Cell><Data ss:Type="String">2023-12-07 16:43:44.023291</Data></Cell>
		</Row>
		<Row>
			<Cell><Data ss:Type="String">1496</Data></Cell>
			<Cell><Data ss:Type="Number">0.2</Data></Cell>
			<Cell><Data ss:Type="Number">-15.57</Data></Cell>
			<Cell><Data ss:Type="Number">-0.24</Data></Cell>
			<Cell><Data ss:Type="Number">-15.02</Data></Cell>
			<Cell><Data ss:Type="Number">1.15</Data></Cell>
			<Cell><Data ss:Type="Number">-0.96</Data></Cell>
			<Cell><Data ss:Type="Number">22.7</Data></Cell>
			<Cell><Data ss:Type="Number">39.6</Data></Cell>
			<Cell><Data ss:Type="Number">0</Data></Cell>
			<Cell><Data ss:Type="Number">0</Data></Cell>
			<Cell><Data ss:Type="String">2023-12-07 16:43:43.981021</Data></Cell>
		</Row>
		<Row>
			<Cell><Data ss:Type="String">1495</Data></Cell>
			<Cell><Data ss:Type="Number">0.07</Data></Cell>
			<Cell><Data ss:Type="Number">-10.36</Data></Cell>
			<Cell><Data ss:Type="Number">0.28</Data></Cell>
			<Cell><Data ss:Type="Number">-9.47</Data></Cell>
			<Cell><Data ss:Type="Number">-0</Data></Cell>
			<Cell><Data ss:Type="Number">-0.91</Data></Cell>
			<Cell><Data ss:Type="Number">22.7</Data></Cell>
			<Cell><Data ss:Type="Number">39.6</Data></Cell>
			<Cell><Data ss:Type="Number">0</Data></Cell>
			<Cell><Data ss:Type="Number">0</Data></Cell>
			<Cell><Data ss:Type="String">2023-12-07 16:43:43.979021</Data></Cell>
		</Row>
		<Row>
			<Cell><Data ss:Type="String">1494</Data></Cell>
			<Cell><Data ss:Type="Number">-0.04</Data></Cell>
			<Cell><Data ss:Type="Number">-10.96</Data></Cell>
			<Cell><Data ss:Type="Number">-0.17</Data></Cell>
			<Cell><Data ss:Type="Number">-9.46</Data></Cell>
			<Cell><Data ss:Type="Number">-0.01</Data></Cell>
			<Cell><Data ss:Type="Number">-0.92</Data></Cell>
			<Cell><Data ss:Type="Number">22.7</Data></Cell>
			<Cell><Data ss:Type="Number">39.6</Data></Cell>
			<Cell><Data ss:Type="Number">0</Data></Cell>
			<Cell><Data ss:Type="Number">0</Data></Cell>
			<Cell><Data ss:Type="String">2023-12-07 16:43:43.933127</Data></Cell>
		</Row>
		<Row>
			<Cell><Data ss:Type="String">1493</Data></Cell>
			<Cell><Data ss:Type="Number">0.23</Data></Cell>
			<Cell><Data ss:Type="Number">-9.53</Data></Cell>
			<Cell><Data ss:Type="Number">0.03</Data></Cell>
			<Cell><Data ss:Type="Number">-9.33</Data></Cell>
			<Cell><Data ss:Type="Number">-0.11</Data></Cell>
			<Cell><Data ss:Type="Number">-0.91</Data></Cell>
			<Cell><Data ss:Type="Number">22.7</Data></Cell>
			<Cell><Data ss:Type="Number">39.6</Data></Cell>
			<Cell><Data ss:Type="Number">0</Data></Cell>
			<Cell><Data ss:Type="Number">0</Data></Cell>
			<Cell><Data ss:Type="String">2023-12-07 16:43:43.885705</Data></Cell>
		</Row>
		<Row>
			<Cell><Data ss:Type="String">1492</Data></Cell>
			<Cell><Data ss:Type="Number">0.6</Data></Cell>
			<Cell><Data ss:Type="Number">-10.2</Data></Cell>
			<Cell><Data ss:Type="Number">0.12</Data></Cell>
			<Cell><Data ss:Type="Number">-9.45</Data></Cell>
			<Cell><Data ss:Type="Number">-0.1</Data></Cell>
			<Cell><Data ss:Type="Number">-0.94</Data></Cell>
			<Cell><Data ss:Type="Number">22.7</Data></Cell>
			<Cell><Data ss:Type="Number">39.6</Data></Cell>
			<Cell><Data ss:Type="Number">0</Data></Cell>
			<Cell><Data ss:Type="Number">0</Data></Cell>
			<Cell><Data ss:Type="String">2023-12-07 16:43:43.841651</Data></Cell>
		</Row>
		<Row>
			<Cell><Data ss:Type="String">1491</Data></Cell>
			<Cell><Data ss:Type="Number">0.21</Data></Cell>
			<Cell><Data ss:Type="Number">-10.24</Data></Cell>
			<Cell><Data ss:Type="Number">-0.07</Data></Cell>
			<Cell><Data ss:Type="Number">-9.5</Data></Cell>
			<Cell><Data ss:Type="Number">-0.05</Data></Cell>
			<Cell><Data ss:Type="Number">-0.9</Data></Cell>
			<Cell><Data ss:Type="Number">22.7</Data></Cell>
			<Cell><Data ss:Type="Number">39.6</Data></Cell>
			<Cell><Data ss:Type="Number">0</Data></Cell>
			<Cell><Data ss:Type="Number">0</Data></Cell>
			<Cell><Data ss:Type="String">2023-12-07 16:43:43.839491</Data></Cell>
		</Row>
		<Row>
			<Cell><Data ss:Type="String">1490</Data></Cell>
			<Cell><Data ss:Type="Number">0.43</Data></Cell>
			<Cell><Data ss:Type="Number">-10.38</Data></Cell>
			<Cell><Data ss:Type="Number">0.27</Data></Cell>
			<Cell><Data ss:Type="Number">-9.53</Data></Cell>
			<Cell><Data ss:Type="Number">0</Data></Cell>
			<Cell><Data ss:Type="Number">-0.87</Data></Cell>
			<Cell><Data ss:Type="Number">22.7</Data></Cell>
			<Cell><Data ss:Type="Number">39.6</Data></Cell>
			<Cell><Data ss:Type="Number">0</Data></Cell>
			<Cell><Data ss:Type="Number">0</Data></Cell>
			<Cell><Data ss:Type="String">2023-12-07 16:43:43.794682</Data></Cell>
		</Row>
		<Row>
			<Cell><Data ss:Type="String">1489</Data></Cell>
			<Cell><Data ss:Type="Number">0.24</Data></Cell>
			<Cell><Data ss:Type="Number">-10.73</Data></Cell>
			<Cell><Data ss:Type="Number">0.14</Data></Cell>
			<Cell><Data ss:Type="Number">-9.62</Data></Cell>
			<Cell><Data ss:Type="Number">-0</Data></Cell>
			<Cell><Data ss:Type="Number">-0.89</Data></Cell>
			<Cell><Data ss:Type="Number">22.7</Data></Cell>
			<Cell><Data ss:Type="Number">39.6</Data></Cell>
			<Cell><Data ss:Type="Number">0</Data></Cell>
			<Cell><Data ss:Type="Number">0</Data></Cell>
			<Cell><Data ss:Type="String">2023-12-07 16:43:43.746840</Data></Cell>
		</Row>
		<Row>
			<Cell><Data ss:Type="String">1488</Data></Cell>
			<Cell><Data ss:Type="Number">0.39</Data></Cell>
			<Cell><Data ss:Type="Number">-10.3</Data></Cell>
			<Cell><Data ss:Type="Number">0.04</Data></Cell>
			<Cell><Data ss:Type="Number">-9.61</Data></Cell>
			<Cell><Data ss:Type="Number">-0.11</Data></Cell>
			<Cell><Data ss:Type="Number">-0.95</Data></Cell>
			<Cell><Data ss:Type="Number">22.8</Data></Cell>
			<Cell><Data ss:Type="Number">39.6</Data></Cell>
			<Cell><Data ss:Type="Number">0</Data></Cell>
			<Cell><Data ss:Type="Number">0</Data></Cell>
			<Cell><Data ss:Type="String">2023-12-07 16:43:43.703026</Data></Cell>
		</Row>
		<Row>
			<Cell><Data ss:Type="String">1487</Data></Cell>
			<Cell><Data ss:Type="Number">0.55</Data></Cell>
			<Cell><Data ss:Type="Number">-9.28</Data></Cell>
			<Cell><Data ss:Type="Number">0.38</Data></Cell>
			<Cell><Data ss:Type="Number">-9.48</Data></Cell>
			<Cell><Data ss:Type="Number">-0.14</Data></Cell>
			<Cell><Data ss:Type="Number">-1</Data></Cell>
			<Cell><Data ss:Type="Number">22.8</Data></Cell>
			<Cell><Data ss:Type="Number">39.6</Data></Cell>
			<Cell><Data ss:Type="Number">0</Data></Cell>
			<Cell><Data ss:Type="Number">0</Data></Cell>
			<Cell><Data ss:Type="String">2023-12-07 16:43:43.701252</Data></Cell>
		</Row>
		<Row>
			<Cell><Data ss:Type="String">1486</Data></Cell>
			<Cell><Data ss:Type="Number">0.35</Data></Cell>
			<Cell><Data ss:Type="Number">-9.7</Data></Cell>
			<Cell><Data ss:Type="Number">0.38</Data></Cell>
			<Cell><Data ss:Type="Number">-9.46</Data></Cell>
			<Cell><Data ss:Type="Number">-0.05</Data></Cell>
			<Cell><Data ss:Type="Number">-0.85</Data></Cell>
			<Cell><Data ss:Type="Number">22.8</Data></Cell>
			<Cell><Data ss:Type="Number">39.6</Data></Cell>
			<Cell><Data ss:Type="Number">0</Data></Cell>
			<Cell><Data ss:Type="Number">0</Data></Cell>
			<Cell><Data ss:Type="String">2023-12-07 16:43:43.653239</Data></Cell>
		</Row>
		<Row>
			<Cell><Data ss:Type="String">1485</Data></Cell>
			<Cell><Data ss:Type="Number">0.45</Data></Cell>
			<Cell><Data ss:Type="Number">-9.79</Data></Cell>
			<Cell><Data ss:Type="Number">0.17</Data></Cell>
			<Cell><Data ss:Type="Number">-9.43</Data></Cell>
			<Cell><Data ss:Type="Number">-0.08</Data></Cell>
			<Cell><Data ss:Type="Number">-0.93</Data></Cell>
			<Cell><Data ss:Type="Number">22.8</Data></Cell>
			<Cell><Data ss:Type="Number">39.6</Data></Cell>
			<Cell><Data ss:Type="Number">0</Data></Cell>
			<Cell><Data ss:Type="Number">0</Data></Cell>
			<Cell><Data ss:Type="String">2023-12-07 16:43:43.607603</Data></Cell>
		</Row>
		<Row>
			<Cell><Data ss:Type="String">1484</Data></Cell>
			<Cell><Data ss:Type="Number">0.47</Data></Cell>
			<Cell><Data ss:Type="Number">-10.28</Data></Cell>
			<Cell><Data ss:Type="Number">0.26</Data></Cell>
			<Cell><Data ss:Type="Number">-9.5</Data></Cell>
			<Cell><Data ss:Type="Number">-0.07</Data></Cell>
			<Cell><Data ss:Type="Number">-0.86</Data></Cell>
			<Cell><Data ss:Type="Number">22.8</Data></Cell>
			<Cell><Data ss:Type="Number">39.6</Data></Cell>
			<Cell><Data ss:Type="Number">0</Data></Cell>
			<Cell><Data ss:Type="Number">0</Data></Cell>
			<Cell><Data ss:Type="String">2023-12-07 16:43:43.565563</Data></Cell>
		</Row>
		<Row>
			<Cell><Data ss:Type="String">1483</Data></Cell>
			<Cell><Data ss:Type="Number">0.46</Data></Cell>
			<Cell><Data ss:Type="Number">-10.4</Data></Cell>
			<Cell><Data ss:Type="Number">0.24</Data></Cell>
			<Cell><Data ss:Type="Number">-9.59</Data></Cell>
			<Cell><Data ss:Type="Number">-0.06</Data></Cell>
			<Cell><Data ss:Type="Number">-0.9</Data></Cell>
			<Cell><Data ss:Type="Number">22.8</Data></Cell>
			<Cell><Data ss:Type="Number">39.6</Data></Cell>
			<Cell><Data ss:Type="Number">0</Data></Cell>
			<Cell><Data ss:Type="Number">0</Data></Cell>
			<Cell><Data ss:Type="String">2023-12-07 16:43:43.563108</Data></Cell>
		</Row>
		<Row>
			<Cell><Data ss:Type="String">1482</Data></Cell>
			<Cell><Data ss:Type="Number">0.2</Data></Cell>
			<Cell><Data ss:Type="Number">-10.4</Data></Cell>
			<Cell><Data ss:Type="Number">-0.02</Data></Cell>
			<Cell><Data ss:Type="Number">-9.49</Data></Cell>
			<Cell><Data ss:Type="Number">0.02</Data></Cell>
			<Cell><Data ss:Type="Number">-0.91</Data></Cell>
			<Cell><Data ss:Type="Number">22.8</Data></Cell>
			<Cell><Data ss:Type="Number">39.6</Data></Cell>
			<Cell><Data ss:Type="Number">0</Data></Cell>
			<Cell><Data ss:Type="Number">0</Data></Cell>
			<Cell><Data ss:Type="String">2023-12-07 16:43:43.516229</Data></Cell>
		</Row>
		<Row>
			<Cell><Data ss:Type="String">1481</Data></Cell>
			<Cell><Data ss:Type="Number">0.26</Data></Cell>
			<Cell><Data ss:Type="Number">-10.25</Data></Cell>
			<Cell><Data ss:Type="Number">0.25</Data></Cell>
			<Cell><Data ss:Type="Number">-9.39</Data></Cell>
			<Cell><Data ss:Type="Number">-0.15</Data></Cell>
			<Cell><Data ss:Type="Number">-0.93</Data></Cell>
			<Cell><Data ss:Type="Number">22.8</Data></Cell>
			<Cell><Data ss:Type="Number">39.6</Data></Cell>
			<Cell><Data ss:Type="Number">0</Data></Cell>
			<Cell><Data ss:Type="Number">0</Data></Cell>
			<Cell><Data ss:Type="String">2023-12-07 16:43:43.472674</Data></Cell>
		</Row>
		<Row>
			<Cell><Data ss:Type="String">1480</Data></Cell>
			<Cell><Data ss:Type="Number">0.53</Data></Cell>
			<Cell><Data ss:Type="Number">-10.27</Data></Cell>
			<Cell><Data ss:Type="Number">0.81</Data></Cell>
			<Cell><Data ss:Type="Number">-9.5</Data></Cell>
			<Cell><Data ss:Type="Number">-0.06</Data></Cell>
			<Cell><Data ss:Type="Number">-0.87</Data></Cell>
			<Cell><Data ss:Type="Number">22.8</Data></Cell>
			<Cell><Data ss:Type="Number">39.6</Data></Cell>
			<Cell><Data ss:Type="Number">0</Data></Cell>
			<Cell><Data ss:Type="Number">0</Data></Cell>
			<Cell><Data ss:Type="String">2023-12-07 16:43:43.470603</Data></Cell>
		</Row>
		<Row>
			<Cell><Data ss:Type="String">1479</Data></Cell>
			<Cell><Data ss:Type="Number">0.61</Data></Cell>
			<Cell><Data ss:Type="Number">-10.45</Data></Cell>
			<Cell><Data ss:Type="Number">0.24</Data></Cell>
			<Cell><Data ss:Type="Number">-9.52</Data></Cell>
			<Cell><Data ss:Type="Number">-0.12</Data></Cell>
			<Cell><Data ss:Type="Number">-0.92</Data></Cell>
			<Cell><Data ss:Type="Number">22.8</Data></Cell>
			<Cell><Data ss:Type="Number">39.6</Data></Cell>
			<Cell><Data ss:Type="Number">0</Data></Cell>
			<Cell><Data ss:Type="Number">0</Data></Cell>
			<Cell><Data ss:Type="String">2023-12-07 16:43:43.424002</Data></Cell>
		</Row>
		<Row>
			<Cell><Data ss:Type="String">1478</Data></Cell>
			<Cell><Data ss:Type="Number">0.19</Data></Cell>
			<Cell><Data ss:Type="Number">-9.73</Data></Cell>
			<Cell><Data ss:Type="Number">0</Data></Cell>
			<Cell><Data ss:Type="Number">-9.28</Data></Cell>
			<Cell><Data ss:Type="Number">-0.01</Data></Cell>
			<Cell><Data ss:Type="Number">-0.93</Data></Cell>
			<Cell><Data ss:Type="Number">22.8</Data></Cell>
			<Cell><Data ss:Type="Number">39.6</Data></Cell>
			<Cell><Data ss:Type="Number">0</Data></Cell>
			<Cell><Data ss:Type="Number">0</Data></Cell>
			<Cell><Data ss:Type="String">2023-12-07 16:43:43.379795</Data></Cell>
		</Row>
		<Row>
			<Cell><Data ss:Type="String">1477</Data></Cell>
			<Cell><Data ss:Type="Number">0.25</Data></Cell>
			<Cell><Data ss:Type="Number">-9.83</Data></Cell>
			<Cell><Data ss:Type="Number">0.06</Data></Cell>
			<Cell><Data ss:Type="Number">-9.4</Data></Cell>
			<Cell><Data ss:Type="Number">-0.05</Data></Cell>
			<Cell><Data ss:Type="Number">-0.9</Data></Cell>
			<Cell><Data ss:Type="Number">22.8</Data></Cell>
			<Cell><Data ss:Type="Number">39.6</Data></Cell>
			<Cell><Data ss:Type="Number">0</Data></Cell>
			<Cell><Data ss:Type="Number">0</Data></Cell>
			<Cell><Data ss:Type="String">2023-12-07 16:43:43.333439</Data></Cell>
		</Row>
		<Row>
			<Cell><Data ss:Type="String">1476</Data></Cell>
			<Cell><Data ss:Type="Number">-0.1</Data></Cell>
			<Cell><Data ss:Type="Number">-10.7</Data></Cell>
			<Cell><Data ss:Type="Number">-0.51</Data></Cell>
			<Cell><Data ss:Type="Number">-9.46</Data></Cell>
			<Cell><Data ss:Type="Number">-0.09</Data></Cell>
			<Cell><Data ss:Type="Number">-0.93</Data></Cell>
			<Cell><Data ss:Type="Number">22.8</Data></Cell>
			<Cell><Data ss:Type="Number">39.6</Data></Cell>
			<Cell><Data ss:Type="Number">0</Data></Cell>
			<Cell><Data ss:Type="Number">0</Data></Cell>
			<Cell><Data ss:Type="String">2023-12-07 16:43:43.331817</Data></Cell>
		</Row>
		<Row>
			<Cell><Data ss:Type="String">1475</Data></Cell>
			<Cell><Data ss:Type="Number">0.07</Data></Cell>
			<Cell><Data ss:Type="Number">-10.78</Data></Cell>
			<Cell><Data ss:Type="Number">0.21</Data></Cell>
			<Cell><Data ss:Type="Number">-9.63</Data></Cell>
			<Cell><Data ss:Type="Number">-0.09</Data></Cell>
			<Cell><Data ss:Type="Number">-0.81</Data></Cell>
			<Cell><Data ss:Type="Number">22.8</Data></Cell>
			<Cell><Data ss:Type="Number">39.6</Data></Cell>
			<Cell><Data ss:Type="Number">0</Data></Cell>
			<Cell><Data ss:Type="Number">0</Data></Cell>
			<Cell><Data ss:Type="String">2023-12-07 16:43:43.292442</Data></Cell>
		</Row>
		<Row>
			<Cell><Data ss:Type="String">1474</Data></Cell>
			<Cell><Data ss:Type="Number">0.39</Data></Cell>
			<Cell><Data ss:Type="Number">-10.28</Data></Cell>
			<Cell><Data ss:Type="Number">0.32</Data></Cell>
			<Cell><Data ss:Type="Number">-9.38</Data></Cell>
			<Cell><Data ss:Type="Number">-0.06</Data></Cell>
			<Cell><Data ss:Type="Number">-0.98</Data></Cell>
			<Cell><Data ss:Type="Number">22.8</Data></Cell>
			<Cell><Data ss:Type="Number">39.6</Data></Cell>
			<Cell><Data ss:Type="Number">0</Data></Cell>
			<Cell><Data ss:Type="Number">0</Data></Cell>
			<Cell><Data ss:Type="String">2023-12-07 16:43:43.289998</Data></Cell>
		</Row>
		<Row>
			<Cell><Data ss:Type="String">1473</Data></Cell>
			<Cell><Data ss:Type="Number">0.37</Data></Cell>
			<Cell><Data ss:Type="Number">-9.59</Data></Cell>
			<Cell><Data ss:Type="Number">-0.11</Data></Cell>
			<Cell><Data ss:Type="Number">-9.34</Data></Cell>
			<Cell><Data ss:Type="Number">-0.05</Data></Cell>
			<Cell><Data ss:Type="Number">-0.94</Data></Cell>
			<Cell><Data ss:Type="Number">22.8</Data></Cell>
			<Cell><Data ss:Type="Number">39.6</Data></Cell>
			<Cell><Data ss:Type="Number">0</Data></Cell>
			<Cell><Data ss:Type="Number">0</Data></Cell>
			<Cell><Data ss:Type="String">2023-12-07 16:43:43.288066</Data></Cell>
		</Row>
		<Row>
			<Cell><Data ss:Type="String">1472</Data></Cell>
			<Cell><Data ss:Type="Number">0.3</Data></Cell>
			<Cell><Data ss:Type="Number">-10.13</Data></Cell>
			<Cell><Data ss:Type="Number">-0.06</Data></Cell>
			<Cell><Data ss:Type="Number">-9.57</Data></Cell>
			<Cell><Data ss:Type="Number">-0.11</Data></Cell>
			<Cell><Data ss:Type="Number">-0.9</Data></Cell>
			<Cell><Data ss:Type="Number">22.8</Data></Cell>
			<Cell><Data ss:Type="Number">39.6</Data></Cell>
			<Cell><Data ss:Type="Number">0</Data></Cell>
			<Cell><Data ss:Type="Number">0</Data></Cell>
			<Cell><Data ss:Type="String">2023-12-07 16:43:43.285606</Data></Cell>
		</Row>
		<Row>
			<Cell><Data ss:Type="String">1471</Data></Cell>
			<Cell><Data ss:Type="Number">0.25</Data></Cell>
			<Cell><Data ss:Type="Number">-10.49</Data></Cell>
			<Cell><Data ss:Type="Number">-0.22</Data></Cell>
			<Cell><Data ss:Type="Number">-9.53</Data></Cell>
			<Cell><Data ss:Type="Number">-0.11</Data></Cell>
			<Cell><Data ss:Type="Number">-0.98</Data></Cell>
			<Cell><Data ss:Type="Number">22.8</Data></Cell>
			<Cell><Data ss:Type="Number">39.6</Data></Cell>
			<Cell><Data ss:Type="Number">0</Data></Cell>
			<Cell><Data ss:Type="Number">0</Data></Cell>
			<Cell><Data ss:Type="String">2023-12-07 16:43:43.283444</Data></Cell>
		</Row>
		<Row>
			<Cell><Data ss:Type="String">1470</Data></Cell>
			<Cell><Data ss:Type="Number">0.72</Data></Cell>
			<Cell><Data ss:Type="Number">-10.14</Data></Cell>
			<Cell><Data ss:Type="Number">0.37</Data></Cell>
			<Cell><Data ss:Type="Number">-9.47</Data></Cell>
			<Cell><Data ss:Type="Number">-0.14</Data></Cell>
			<Cell><Data ss:Type="Number">-0.82</Data></Cell>
			<Cell><Data ss:Type="Number">22.8</Data></Cell>
			<Cell><Data ss:Type="Number">39.6</Data></Cell>
			<Cell><Data ss:Type="Number">0</Data></Cell>
			<Cell><Data ss:Type="Number">0</Data></Cell>
			<Cell><Data ss:Type="String">2023-12-07 16:43:43.281423</Data></Cell>
		</Row>
		<Row>
			<Cell><Data ss:Type="String">1469</Data></Cell>
			<Cell><Data ss:Type="Number">0.63</Data></Cell>
			<Cell><Data ss:Type="Number">-9.89</Data></Cell>
			<Cell><Data ss:Type="Number">-0.05</Data></Cell>
			<Cell><Data ss:Type="Number">-9.3</Data></Cell>
			<Cell><Data ss:Type="Number">-0.09</Data></Cell>
			<Cell><Data ss:Type="Number">-0.96</Data></Cell>
			<Cell><Data ss:Type="Number">22.8</Data></Cell>
			<Cell><Data ss:Type="Number">39.6</Data></Cell>
			<Cell><Data ss:Type="Number">0</Data></Cell>
			<Cell><Data ss:Type="Number">0</Data></Cell>
			<Cell><Data ss:Type="String">2023-12-07 16:43:43.279141</Data></Cell>
		</Row>
		<Row>
			<Cell><Data ss:Type="String">1468</Data></Cell>
			<Cell><Data ss:Type="Number">0.9</Data></Cell>
			<Cell><Data ss:Type="Number">-9.41</Data></Cell>
			<Cell><Data ss:Type="Number">0.25</Data></Cell>
			<Cell><Data ss:Type="Number">-9.33</Data></Cell>
			<Cell><Data ss:Type="Number">-0.11</Data></Cell>
			<Cell><Data ss:Type="Number">-0.88</Data></Cell>
			<Cell><Data ss:Type="Number">22.8</Data></Cell>
			<Cell><Data ss:Type="Number">39.6</Data></Cell>
			<Cell><Data ss:Type="Number">0</Data></Cell>
			<Cell><Data ss:Type="Number">0</Data></Cell>
			<Cell><Data ss:Type="String">2023-12-07 16:43:43.050679</Data></Cell>
		</Row>
		<Row>
			<Cell><Data ss:Type="String">1467</Data></Cell>
			<Cell><Data ss:Type="Number">1.06</Data></Cell>
			<Cell><Data ss:Type="Number">-10.05</Data></Cell>
			<Cell><Data ss:Type="Number">-0.06</Data></Cell>
			<Cell><Data ss:Type="Number">-9.41</Data></Cell>
			<Cell><Data ss:Type="Number">0</Data></Cell>
			<Cell><Data ss:Type="Number">-1</Data></Cell>
			<Cell><Data ss:Type="Number">22.8</Data></Cell>
			<Cell><Data ss:Type="Number">39.6</Data></Cell>
			<Cell><Data ss:Type="Number">0</Data></Cell>
			<Cell><Data ss:Type="Number">0</Data></Cell>
			<Cell><Data ss:Type="String">2023-12-07 16:43:43.003521</Data></Cell>
		</Row>
		<Row>
			<Cell><Data ss:Type="String">1466</Data></Cell>
			<Cell><Data ss:Type="Number">0.85</Data></Cell>
			<Cell><Data ss:Type="Number">-9.8</Data></Cell>
			<Cell><Data ss:Type="Number">0.03</Data></Cell>
			<Cell><Data ss:Type="Number">-9.62</Data></Cell>
			<Cell><Data ss:Type="Number">-0.04</Data></Cell>
			<Cell><Data ss:Type="Number">-0.83</Data></Cell>
			<Cell><Data ss:Type="Number">22.8</Data></Cell>
			<Cell><Data ss:Type="Number">39.6</Data></Cell>
			<Cell><Data ss:Type="Number">0</Data></Cell>
			<Cell><Data ss:Type="Number">0</Data></Cell>
			<Cell><Data ss:Type="String">2023-12-07 16:43:43.001436</Data></Cell>
		</Row>
		<Row>
			<Cell><Data ss:Type="String">1465</Data></Cell>
			<Cell><Data ss:Type="Number">0.07</Data></Cell>
			<Cell><Data ss:Type="Number">-10.22</Data></Cell>
			<Cell><Data ss:Type="Number">0.16</Data></Cell>
			<Cell><Data ss:Type="Number">-9.4</Data></Cell>
			<Cell><Data ss:Type="Number">-0.31</Data></Cell>
			<Cell><Data ss:Type="Number">-0.85</Data></Cell>
			<Cell><Data ss:Type="Number">22.8</Data></Cell>
			<Cell><Data ss:Type="Number">39.6</Data></Cell>
			<Cell><Data ss:Type="Number">0</Data></Cell>
			<Cell><Data ss:Type="Number">0</Data></Cell>
			<Cell><Data ss:Type="String">2023-12-07 16:43:42.956406</Data></Cell>
		</Row>
		<Row>
			<Cell><Data ss:Type="String">1464</Data></Cell>
			<Cell><Data ss:Type="Number">0.71</Data></Cell>
			<Cell><Data ss:Type="Number">-10</Data></Cell>
			<Cell><Data ss:Type="Number">0.19</Data></Cell>
			<Cell><Data ss:Type="Number">-9.45</Data></Cell>
			<Cell><Data ss:Type="Number">-0.21</Data></Cell>
			<Cell><Data ss:Type="Number">-0.89</Data></Cell>
			<Cell><Data ss:Type="Number">22.8</Data></Cell>
			<Cell><Data ss:Type="Number">39.6</Data></Cell>
			<Cell><Data ss:Type="Number">0</Data></Cell>
			<Cell><Data ss:Type="Number">0</Data></Cell>
			<Cell><Data ss:Type="String">2023-12-07 16:43:42.910621</Data></Cell>
		</Row>
		<Row>
			<Cell><Data ss:Type="String">1463</Data></Cell>
			<Cell><Data ss:Type="Number">-1.07</Data></Cell>
			<Cell><Data ss:Type="Number">-10</Data></Cell>
			<Cell><Data ss:Type="Number">-0.72</Data></Cell>
			<Cell><Data ss:Type="Number">-9.49</Data></Cell>
			<Cell><Data ss:Type="Number">0.26</Data></Cell>
			<Cell><Data ss:Type="Number">-0.87</Data></Cell>
			<Cell><Data ss:Type="Number">22.8</Data></Cell>
			<Cell><Data ss:Type="Number">39.6</Data></Cell>
			<Cell><Data ss:Type="Number">0</Data></Cell>
			<Cell><Data ss:Type="Number">0</Data></Cell>
			<Cell><Data ss:Type="String">2023-12-07 16:43:42.866904</Data></Cell>
		</Row>
		<Row>
			<Cell><Data ss:Type="String">1462</Data></Cell>
			<Cell><Data ss:Type="Number">-0.13</Data></Cell>
			<Cell><Data ss:Type="Number">-10.71</Data></Cell>
			<Cell><Data ss:Type="Number">-0.53</Data></Cell>
			<Cell><Data ss:Type="Number">-9.81</Data></Cell>
			<Cell><Data ss:Type="Number">0.74</Data></Cell>
			<Cell><Data ss:Type="Number">-1.05</Data></Cell>
			<Cell><Data ss:Type="Number">22.8</Data></Cell>
			<Cell><Data ss:Type="Number">39.6</Data></Cell>
			<Cell><Data ss:Type="Number">0</Data></Cell>
			<Cell><Data ss:Type="Number">0</Data></Cell>
			<Cell><Data ss:Type="String">2023-12-07 16:43:42.864863</Data></Cell>
		</Row>
		<Row>
			<Cell><Data ss:Type="String">1461</Data></Cell>
			<Cell><Data ss:Type="Number">2.14</Data></Cell>
			<Cell><Data ss:Type="Number">-10.04</Data></Cell>
			<Cell><Data ss:Type="Number">1.67</Data></Cell>
			<Cell><Data ss:Type="Number">-9.52</Data></Cell>
			<Cell><Data ss:Type="Number">-0.59</Data></Cell>
			<Cell><Data ss:Type="Number">-0.79</Data></Cell>
			<Cell><Data ss:Type="Number">22.8</Data></Cell>
			<Cell><Data ss:Type="Number">39.6</Data></Cell>
			<Cell><Data ss:Type="Number">0</Data></Cell>
			<Cell><Data ss:Type="Number">0</Data></Cell>
			<Cell><Data ss:Type="String">2023-12-07 16:43:42.818456</Data></Cell>
		</Row>
		<Row>
			<Cell><Data ss:Type="String">1460</Data></Cell>
			<Cell><Data ss:Type="Number">3.77</Data></Cell>
			<Cell><Data ss:Type="Number">-8.71</Data></Cell>
			<Cell><Data ss:Type="Number">2.31</Data></Cell>
			<Cell><Data ss:Type="Number">-8.92</Data></Cell>
			<Cell><Data ss:Type="Number">-1.91</Data></Cell>
			<Cell><Data ss:Type="Number">-0.81</Data></Cell>
			<Cell><Data ss:Type="Number">22.8</Data></Cell>
			<Cell><Data ss:Type="Number">39.6</Data></Cell>
			<Cell><Data ss:Type="Number">0</Data></Cell>
			<Cell><Data ss:Type="Number">0</Data></Cell>
			<Cell><Data ss:Type="String">2023-12-07 16:43:42.773002</Data></Cell>
		</Row>
		<Row>
			<Cell><Data ss:Type="String">1459</Data></Cell>
			<Cell><Data ss:Type="Number">-0.45</Data></Cell>
			<Cell><Data ss:Type="Number">-6.35</Data></Cell>
			<Cell><Data ss:Type="Number">1.41</Data></Cell>
			<Cell><Data ss:Type="Number">-3.27</Data></Cell>
			<Cell><Data ss:Type="Number">0.32</Data></Cell>
			<Cell><Data ss:Type="Number">-1.5</Data></Cell>
			<Cell><Data ss:Type="Number">22.8</Data></Cell>
			<Cell><Data ss:Type="Number">39.6</Data></Cell>
			<Cell><Data ss:Type="Number">0</Data></Cell>
			<Cell><Data ss:Type="Number">0</Data></Cell>
			<Cell><Data ss:Type="String">2023-12-07 16:43:42.732486</Data></Cell>
		</Row>
		<Row>
			<Cell><Data ss:Type="String">1458</Data></Cell>
			<Cell><Data ss:Type="Number">0.27</Data></Cell>
			<Cell><Data ss:Type="Number">-9.96</Data></Cell>
			<Cell><Data ss:Type="Number">0.13</Data></Cell>
			<Cell><Data ss:Type="Number">-9.45</Data></Cell>
			<Cell><Data ss:Type="Number">-0.06</Data></Cell>
			<Cell><Data ss:Type="Number">-0.91</Data></Cell>
			<Cell><Data ss:Type="Number">22.8</Data></Cell>
			<Cell><Data ss:Type="Number">39.6</Data></Cell>
			<Cell><Data ss:Type="Number">0</Data></Cell>
			<Cell><Data ss:Type="Number">0</Data></Cell>
			<Cell><Data ss:Type="String">2023-12-07 16:43:42.730098</Data></Cell>
		</Row>
		<Row>
			<Cell><Data ss:Type="String">1457</Data></Cell>
			<Cell><Data ss:Type="Number">0.27</Data></Cell>
			<Cell><Data ss:Type="Number">-10.2</Data></Cell>
			<Cell><Data ss:Type="Number">0.15</Data></Cell>
			<Cell><Data ss:Type="Number">-9.54</Data></Cell>
			<Cell><Data ss:Type="Number">-0.05</Data></Cell>
			<Cell><Data ss:Type="Number">-0.89</Data></Cell>
			<Cell><Data ss:Type="Number">22.8</Data></Cell>
			<Cell><Data ss:Type="Number">39.6</Data></Cell>
			<Cell><Data ss:Type="Number">0</Data></Cell>
			<Cell><Data ss:Type="Number">0</Data></Cell>
			<Cell><Data ss:Type="String">2023-12-07 16:43:42.655859</Data></Cell>
		</Row>
		<Row>
			<Cell><Data ss:Type="String">1456</Data></Cell>
			<Cell><Data ss:Type="Number">0.32</Data></Cell>
			<Cell><Data ss:Type="Number">-10.22</Data></Cell>
			<Cell><Data ss:Type="Number">0.19</Data></Cell>
			<Cell><Data ss:Type="Number">-9.5</Data></Cell>
			<Cell><Data ss:Type="Number">-0.09</Data></Cell>
			<Cell><Data ss:Type="Number">-0.9</Data></Cell>
			<Cell><Data ss:Type="Number">22.8</Data></Cell>
			<Cell><Data ss:Type="Number">39.6</Data></Cell>
			<Cell><Data ss:Type="Number">0</Data></Cell>
			<Cell><Data ss:Type="Number">0</Data></Cell>
			<Cell><Data ss:Type="String">2023-12-07 16:43:42.653248</Data></Cell>
		</Row>
		<Row>
			<Cell><Data ss:Type="String">1455</Data></Cell>
			<Cell><Data ss:Type="Number">0.26</Data></Cell>
			<Cell><Data ss:Type="Number">-9.94</Data></Cell>
			<Cell><Data ss:Type="Number">0.17</Data></Cell>
			<Cell><Data ss:Type="Number">-9.42</Data></Cell>
			<Cell><Data ss:Type="Number">-0.07</Data></Cell>
			<Cell><Data ss:Type="Number">-0.93</Data></Cell>
			<Cell><Data ss:Type="Number">22.8</Data></Cell>
			<Cell><Data ss:Type="Number">39.6</Data></Cell>
			<Cell><Data ss:Type="Number">0</Data></Cell>
			<Cell><Data ss:Type="Number">0</Data></Cell>
			<Cell><Data ss:Type="String">2023-12-07 16:43:42.607292</Data></Cell>
		</Row>
		<Row>
			<Cell><Data ss:Type="String">1454</Data></Cell>
			<Cell><Data ss:Type="Number">0.33</Data></Cell>
			<Cell><Data ss:Type="Number">-9.98</Data></Cell>
			<Cell><Data ss:Type="Number">0.11</Data></Cell>
			<Cell><Data ss:Type="Number">-9.46</Data></Cell>
			<Cell><Data ss:Type="Number">-0.07</Data></Cell>
			<Cell><Data ss:Type="Number">-0.91</Data></Cell>
			<Cell><Data ss:Type="Number">22.8</Data></Cell>
			<Cell><Data ss:Type="Number">39.6</Data></Cell>
			<Cell><Data ss:Type="Number">0</Data></Cell>
			<Cell><Data ss:Type="Number">0</Data></Cell>
			<Cell><Data ss:Type="String">2023-12-07 16:43:42.563045</Data></Cell>
		</Row>
		<Row>
			<Cell><Data ss:Type="String">1453</Data></Cell>
			<Cell><Data ss:Type="Number">0.3</Data></Cell>
			<Cell><Data ss:Type="Number">-10.27</Data></Cell>
			<Cell><Data ss:Type="Number">0.19</Data></Cell>
			<Cell><Data ss:Type="Number">-9.56</Data></Cell>
			<Cell><Data ss:Type="Number">-0.08</Data></Cell>
			<Cell><Data ss:Type="Number">-0.86</Data></Cell>
			<Cell><Data ss:Type="Number">22.8</Data></Cell>
			<Cell><Data ss:Type="Number">39.6</Data></Cell>
			<Cell><Data ss:Type="Number">0</Data></Cell>
			<Cell><Data ss:Type="Number">0</Data></Cell>
			<Cell><Data ss:Type="String">2023-12-07 16:43:42.560553</Data></Cell>
		</Row>
		<Row>
			<Cell><Data ss:Type="String">1452</Data></Cell>
			<Cell><Data ss:Type="Number">0.3</Data></Cell>
			<Cell><Data ss:Type="Number">-10.25</Data></Cell>
			<Cell><Data ss:Type="Number">0.18</Data></Cell>
			<Cell><Data ss:Type="Number">-9.53</Data></Cell>
			<Cell><Data ss:Type="Number">-0.05</Data></Cell>
			<Cell><Data ss:Type="Number">-0.89</Data></Cell>
			<Cell><Data ss:Type="Number">22.8</Data></Cell>
			<Cell><Data ss:Type="Number">39.6</Data></Cell>
			<Cell><Data ss:Type="Number">0</Data></Cell>
			<Cell><Data ss:Type="Number">0</Data></Cell>
			<Cell><Data ss:Type="String">2023-12-07 16:43:42.510705</Data></Cell>
		</Row>
		<Row>
			<Cell><Data ss:Type="String">1451</Data></Cell>
			<Cell><Data ss:Type="Number">0.28</Data></Cell>
			<Cell><Data ss:Type="Number">-10.21</Data></Cell>
			<Cell><Data ss:Type="Number">0.2</Data></Cell>
			<Cell><Data ss:Type="Number">-9.48</Data></Cell>
			<Cell><Data ss:Type="Number">-0.09</Data></Cell>
			<Cell><Data ss:Type="Number">-0.95</Data></Cell>
			<Cell><Data ss:Type="Number">22.8</Data></Cell>
			<Cell><Data ss:Type="Number">39.6</Data></Cell>
			<Cell><Data ss:Type="Number">0</Data></Cell>
			<Cell><Data ss:Type="Number">0</Data></Cell>
			<Cell><Data ss:Type="String">2023-12-07 16:43:42.508437</Data></Cell>
		</Row>
		<Row>
			<Cell><Data ss:Type="String">1450</Data></Cell>
			<Cell><Data ss:Type="Number">0.24</Data></Cell>
			<Cell><Data ss:Type="Number">-9.94</Data></Cell>
			<Cell><Data ss:Type="Number">0.15</Data></Cell>
			<Cell><Data ss:Type="Number">-9.43</Data></Cell>
			<Cell><Data ss:Type="Number">-0.07</Data></Cell>
			<Cell><Data ss:Type="Number">-0.93</Data></Cell>
			<Cell><Data ss:Type="Number">22.8</Data></Cell>
			<Cell><Data ss:Type="Number">39.6</Data></Cell>
			<Cell><Data ss:Type="Number">0</Data></Cell>
			<Cell><Data ss:Type="Number">0</Data></Cell>
			<Cell><Data ss:Type="String">2023-12-07 16:43:42.452543</Data></Cell>
		</Row>
		<Row>
			<Cell><Data ss:Type="String">1449</Data></Cell>
			<Cell><Data ss:Type="Number">0.35</Data></Cell>
			<Cell><Data ss:Type="Number">-9.99</Data></Cell>
			<Cell><Data ss:Type="Number">0.11</Data></Cell>
			<Cell><Data ss:Type="Number">-9.48</Data></Cell>
			<Cell><Data ss:Type="Number">-0.08</Data></Cell>
			<Cell><Data ss:Type="Number">-0.9</Data></Cell>
			<Cell><Data ss:Type="Number">22.8</Data></Cell>
			<Cell><Data ss:Type="Number">39.6</Data></Cell>
			<Cell><Data ss:Type="Number">0</Data></Cell>
			<Cell><Data ss:Type="Number">0</Data></Cell>
			<Cell><Data ss:Type="String">2023-12-07 16:43:42.407946</Data></Cell>
		</Row>
		<Row>
			<Cell><Data ss:Type="String">1448</Data></Cell>
			<Cell><Data ss:Type="Number">0.26</Data></Cell>
			<Cell><Data ss:Type="Number">-10.11</Data></Cell>
			<Cell><Data ss:Type="Number">0.15</Data></Cell>
			<Cell><Data ss:Type="Number">-9.55</Data></Cell>
			<Cell><Data ss:Type="Number">-0.09</Data></Cell>
			<Cell><Data ss:Type="Number">-0.9</Data></Cell>
			<Cell><Data ss:Type="Number">22.8</Data></Cell>
			<Cell><Data ss:Type="Number">39.6</Data></Cell>
			<Cell><Data ss:Type="Number">0</Data></Cell>
			<Cell><Data ss:Type="Number">0</Data></Cell>
			<Cell><Data ss:Type="String">2023-12-07 16:43:42.406198</Data></Cell>
		</Row>
		<Row>
			<Cell><Data ss:Type="String">1447</Data></Cell>
			<Cell><Data ss:Type="Number">0.29</Data></Cell>
			<Cell><Data ss:Type="Number">-10.16</Data></Cell>
			<Cell><Data ss:Type="Number">0.28</Data></Cell>
			<Cell><Data ss:Type="Number">-9.55</Data></Cell>
			<Cell><Data ss:Type="Number">-0.07</Data></Cell>
			<Cell><Data ss:Type="Number">-0.89</Data></Cell>
			<Cell><Data ss:Type="Number">22.8</Data></Cell>
			<Cell><Data ss:Type="Number">39.6</Data></Cell>
			<Cell><Data ss:Type="Number">0</Data></Cell>
			<Cell><Data ss:Type="Number">0</Data></Cell>
			<Cell><Data ss:Type="String">2023-12-07 16:43:42.404157</Data></Cell>
		</Row>
		<Row>
			<Cell><Data ss:Type="String">1446</Data></Cell>
			<Cell><Data ss:Type="Number">0.27</Data></Cell>
			<Cell><Data ss:Type="Number">-10.05</Data></Cell>
			<Cell><Data ss:Type="Number">0.18</Data></Cell>
			<Cell><Data ss:Type="Number">-9.49</Data></Cell>
			<Cell><Data ss:Type="Number">-0.07</Data></Cell>
			<Cell><Data ss:Type="Number">-0.88</Data></Cell>
			<Cell><Data ss:Type="Number">22.8</Data></Cell>
			<Cell><Data ss:Type="Number">39.6</Data></Cell>
			<Cell><Data ss:Type="Number">0</Data></Cell>
			<Cell><Data ss:Type="Number">0</Data></Cell>
			<Cell><Data ss:Type="String">2023-12-07 16:43:42.402230</Data></Cell>
		</Row>
		<Row>
			<Cell><Data ss:Type="String">1445</Data></Cell>
			<Cell><Data ss:Type="Number">0.25</Data></Cell>
			<Cell><Data ss:Type="Number">-9.98</Data></Cell>
			<Cell><Data ss:Type="Number">0.17</Data></Cell>
			<Cell><Data ss:Type="Number">-9.42</Data></Cell>
			<Cell><Data ss:Type="Number">-0.06</Data></Cell>
			<Cell><Data ss:Type="Number">-0.92</Data></Cell>
			<Cell><Data ss:Type="Number">22.8</Data></Cell>
			<Cell><Data ss:Type="Number">39.6</Data></Cell>
			<Cell><Data ss:Type="Number">0</Data></Cell>
			<Cell><Data ss:Type="Number">0</Data></Cell>
			<Cell><Data ss:Type="String">2023-12-07 16:43:42.400477</Data></Cell>
		</Row>
		<Row>
			<Cell><Data ss:Type="String">1444</Data></Cell>
			<Cell><Data ss:Type="Number">0.29</Data></Cell>
			<Cell><Data ss:Type="Number">-9.92</Data></Cell>
			<Cell><Data ss:Type="Number">0.09</Data></Cell>
			<Cell><Data ss:Type="Number">-9.43</Data></Cell>
			<Cell><Data ss:Type="Number">-0.09</Data></Cell>
			<Cell><Data ss:Type="Number">-0.92</Data></Cell>
			<Cell><Data ss:Type="Number">22.8</Data></Cell>
			<Cell><Data ss:Type="Number">39.6</Data></Cell>
			<Cell><Data ss:Type="Number">0</Data></Cell>
			<Cell><Data ss:Type="Number">0</Data></Cell>
			<Cell><Data ss:Type="String">2023-12-07 16:43:42.398806</Data></Cell>
		</Row>
		<Row>
			<Cell><Data ss:Type="String">1443</Data></Cell>
			<Cell><Data ss:Type="Number">0.33</Data></Cell>
			<Cell><Data ss:Type="Number">-10.17</Data></Cell>
			<Cell><Data ss:Type="Number">0.17</Data></Cell>
			<Cell><Data ss:Type="Number">-9.52</Data></Cell>
			<Cell><Data ss:Type="Number">-0.07</Data></Cell>
			<Cell><Data ss:Type="Number">-0.92</Data></Cell>
			<Cell><Data ss:Type="Number">22.8</Data></Cell>
			<Cell><Data ss:Type="Number">39.6</Data></Cell>
			<Cell><Data ss:Type="Number">0</Data></Cell>
			<Cell><Data ss:Type="Number">0</Data></Cell>
			<Cell><Data ss:Type="String">2023-12-07 16:43:42.396717</Data></Cell>
		</Row>
		<Row>
			<Cell><Data ss:Type="String">1442</Data></Cell>
			<Cell><Data ss:Type="Number">0.25</Data></Cell>
			<Cell><Data ss:Type="Number">-10.21</Data></Cell>
			<Cell><Data ss:Type="Number">0.18</Data></Cell>
			<Cell><Data ss:Type="Number">-9.52</Data></Cell>
			<Cell><Data ss:Type="Number">-0.07</Data></Cell>
			<Cell><Data ss:Type="Number">-0.88</Data></Cell>
			<Cell><Data ss:Type="Number">22.8</Data></Cell>
			<Cell><Data ss:Type="Number">39.6</Data></Cell>
			<Cell><Data ss:Type="Number">0</Data></Cell>
			<Cell><Data ss:Type="Number">0</Data></Cell>
			<Cell><Data ss:Type="String">2023-12-07 16:43:42.161726</Data></Cell>
		</Row>
		<Row>
			<Cell><Data ss:Type="String">1441</Data></Cell>
			<Cell><Data ss:Type="Number">0.32</Data></Cell>
			<Cell><Data ss:Type="Number">-10.04</Data></Cell>
			<Cell><Data ss:Type="Number">0.12</Data></Cell>
			<Cell><Data ss:Type="Number">-9.44</Data></Cell>
			<Cell><Data ss:Type="Number">-0.09</Data></Cell>
			<Cell><Data ss:Type="Number">-0.91</Data></Cell>
			<Cell><Data ss:Type="Number">22.8</Data></Cell>
			<Cell><Data ss:Type="Number">39.6</Data></Cell>
			<Cell><Data ss:Type="Number">0</Data></Cell>
			<Cell><Data ss:Type="Number">0</Data></Cell>
			<Cell><Data ss:Type="String">2023-12-07 16:43:42.159833</Data></Cell>
		</Row>
		<Row>
			<Cell><Data ss:Type="String">1440</Data></Cell>
			<Cell><Data ss:Type="Number">0.28</Data></Cell>
			<Cell><Data ss:Type="Number">-9.94</Data></Cell>
			<Cell><Data ss:Type="Number">0.11</Data></Cell>
			<Cell><Data ss:Type="Number">-9.43</Data></Cell>
			<Cell><Data ss:Type="Number">-0.07</Data></Cell>
			<Cell><Data ss:Type="Number">-0.92</Data></Cell>
			<Cell><Data ss:Type="Number">22.8</Data></Cell>
			<Cell><Data ss:Type="Number">39.6</Data></Cell>
			<Cell><Data ss:Type="Number">0</Data></Cell>
			<Cell><Data ss:Type="Number">0</Data></Cell>
			<Cell><Data ss:Type="String">2023-12-07 16:43:42.116531</Data></Cell>
		</Row>
		<Row>
			<Cell><Data ss:Type="String">1439</Data></Cell>
			<Cell><Data ss:Type="Number">0.1</Data></Cell>
			<Cell><Data ss:Type="Number">-9.95</Data></Cell>
			<Cell><Data ss:Type="Number">0.1</Data></Cell>
			<Cell><Data ss:Type="Number">-9.47</Data></Cell>
			<Cell><Data ss:Type="Number">-0.08</Data></Cell>
			<Cell><Data ss:Type="Number">-0.9</Data></Cell>
			<Cell><Data ss:Type="Number">22.8</Data></Cell>
			<Cell><Data ss:Type="Number">39.6</Data></Cell>
			<Cell><Data ss:Type="Number">0</Data></Cell>
			<Cell><Data ss:Type="Number">0</Data></Cell>
			<Cell><Data ss:Type="String">2023-12-07 16:43:42.114832</Data></Cell>
		</Row>
		<Row>
			<Cell><Data ss:Type="String">1438</Data></Cell>
			<Cell><Data ss:Type="Number">0.28</Data></Cell>
			<Cell><Data ss:Type="Number">-10.26</Data></Cell>
			<Cell><Data ss:Type="Number">0.17</Data></Cell>
			<Cell><Data ss:Type="Number">-9.55</Data></Cell>
			<Cell><Data ss:Type="Number">-0.08</Data></Cell>
			<Cell><Data ss:Type="Number">-0.88</Data></Cell>
			<Cell><Data ss:Type="Number">22.8</Data></Cell>
			<Cell><Data ss:Type="Number">39.6</Data></Cell>
			<Cell><Data ss:Type="Number">0</Data></Cell>
			<Cell><Data ss:Type="Number">0</Data></Cell>
			<Cell><Data ss:Type="String">2023-12-07 16:43:42.112160</Data></Cell>
		</Row>
		<Row>
			<Cell><Data ss:Type="String">1437</Data></Cell>
			<Cell><Data ss:Type="Number">0.31</Data></Cell>
			<Cell><Data ss:Type="Number">-10.25</Data></Cell>
			<Cell><Data ss:Type="Number">0.2</Data></Cell>
			<Cell><Data ss:Type="Number">-9.53</Data></Cell>
			<Cell><Data ss:Type="Number">-0.08</Data></Cell>
			<Cell><Data ss:Type="Number">-0.87</Data></Cell>
			<Cell><Data ss:Type="Number">22.8</Data></Cell>
			<Cell><Data ss:Type="Number">39.6</Data></Cell>
			<Cell><Data ss:Type="Number">0</Data></Cell>
			<Cell><Data ss:Type="Number">0</Data></Cell>
			<Cell><Data ss:Type="String">2023-12-07 16:43:42.108951</Data></Cell>
		</Row>
		<Row>
			<Cell><Data ss:Type="String">1436</Data></Cell>
			<Cell><Data ss:Type="Number">0.3</Data></Cell>
			<Cell><Data ss:Type="Number">-10.15</Data></Cell>
			<Cell><Data ss:Type="Number">0.19</Data></Cell>
			<Cell><Data ss:Type="Number">-9.44</Data></Cell>
			<Cell><Data ss:Type="Number">-0.1</Data></Cell>
			<Cell><Data ss:Type="Number">-0.91</Data></Cell>
			<Cell><Data ss:Type="Number">22.8</Data></Cell>
			<Cell><Data ss:Type="Number">39.6</Data></Cell>
			<Cell><Data ss:Type="Number">0</Data></Cell>
			<Cell><Data ss:Type="Number">0</Data></Cell>
			<Cell><Data ss:Type="String">2023-12-07 16:43:42.106272</Data></Cell>
		</Row>
		<Row>
			<Cell><Data ss:Type="String">1435</Data></Cell>
			<Cell><Data ss:Type="Number">0.25</Data></Cell>
			<Cell><Data ss:Type="Number">-10.04</Data></Cell>
			<Cell><Data ss:Type="Number">0.21</Data></Cell>
			<Cell><Data ss:Type="Number">-9.4</Data></Cell>
			<Cell><Data ss:Type="Number">-0.06</Data></Cell>
			<Cell><Data ss:Type="Number">-0.93</Data></Cell>
			<Cell><Data ss:Type="Number">22.8</Data></Cell>
			<Cell><Data ss:Type="Number">39.6</Data></Cell>
			<Cell><Data ss:Type="Number">0</Data></Cell>
			<Cell><Data ss:Type="Number">0</Data></Cell>
			<Cell><Data ss:Type="String">2023-12-07 16:43:42.104308</Data></Cell>
		</Row>
		<Row>
			<Cell><Data ss:Type="String">1434</Data></Cell>
			<Cell><Data ss:Type="Number">0.32</Data></Cell>
			<Cell><Data ss:Type="Number">-10.19</Data></Cell>
			<Cell><Data ss:Type="Number">0.19</Data></Cell>
			<Cell><Data ss:Type="Number">-9.51</Data></Cell>
			<Cell><Data ss:Type="Number">-0.08</Data></Cell>
			<Cell><Data ss:Type="Number">-0.91</Data></Cell>
			<Cell><Data ss:Type="Number">22.8</Data></Cell>
			<Cell><Data ss:Type="Number">39.6</Data></Cell>
			<Cell><Data ss:Type="Number">0</Data></Cell>
			<Cell><Data ss:Type="Number">0</Data></Cell>
			<Cell><Data ss:Type="String">2023-12-07 16:43:42.101306</Data></Cell>
		</Row>
		<Row>
			<Cell><Data ss:Type="String">1433</Data></Cell>
			<Cell><Data ss:Type="Number">0.32</Data></Cell>
			<Cell><Data ss:Type="Number">-10.13</Data></Cell>
			<Cell><Data ss:Type="Number">0.2</Data></Cell>
			<Cell><Data ss:Type="Number">-9.45</Data></Cell>
			<Cell><Data ss:Type="Number">-0.08</Data></Cell>
			<Cell><Data ss:Type="Number">-0.91</Data></Cell>
			<Cell><Data ss:Type="Number">22.8</Data></Cell>
			<Cell><Data ss:Type="Number">39.6</Data></Cell>
			<Cell><Data ss:Type="Number">0</Data></Cell>
			<Cell><Data ss:Type="Number">0</Data></Cell>
			<Cell><Data ss:Type="String">2023-12-07 16:43:41.863155</Data></Cell>
		</Row>
		<Row>
			<Cell><Data ss:Type="String">1432</Data></Cell>
			<Cell><Data ss:Type="Number">0.32</Data></Cell>
			<Cell><Data ss:Type="Number">-9.92</Data></Cell>
			<Cell><Data ss:Type="Number">0.12</Data></Cell>
			<Cell><Data ss:Type="Number">-9.44</Data></Cell>
			<Cell><Data ss:Type="Number">-0.07</Data></Cell>
			<Cell><Data ss:Type="Number">-0.91</Data></Cell>
			<Cell><Data ss:Type="Number">22.8</Data></Cell>
			<Cell><Data ss:Type="Number">39.6</Data></Cell>
			<Cell><Data ss:Type="Number">0</Data></Cell>
			<Cell><Data ss:Type="Number">0</Data></Cell>
			<Cell><Data ss:Type="String">2023-12-07 16:43:41.861101</Data></Cell>
		</Row>
		<Row>
			<Cell><Data ss:Type="String">1431</Data></Cell>
			<Cell><Data ss:Type="Number">0.32</Data></Cell>
			<Cell><Data ss:Type="Number">-10.03</Data></Cell>
			<Cell><Data ss:Type="Number">0.11</Data></Cell>
			<Cell><Data ss:Type="Number">-9.48</Data></Cell>
			<Cell><Data ss:Type="Number">-0.07</Data></Cell>
			<Cell><Data ss:Type="Number">-0.91</Data></Cell>
			<Cell><Data ss:Type="Number">22.8</Data></Cell>
			<Cell><Data ss:Type="Number">39.6</Data></Cell>
			<Cell><Data ss:Type="Number">0</Data></Cell>
			<Cell><Data ss:Type="Number">0</Data></Cell>
			<Cell><Data ss:Type="String">2023-12-07 16:43:41.817316</Data></Cell>
		</Row>
		<Row>
			<Cell><Data ss:Type="String">1430</Data></Cell>
			<Cell><Data ss:Type="Number">0.3</Data></Cell>
			<Cell><Data ss:Type="Number">-10.17</Data></Cell>
			<Cell><Data ss:Type="Number">0.17</Data></Cell>
			<Cell><Data ss:Type="Number">-9.56</Data></Cell>
			<Cell><Data ss:Type="Number">-0.07</Data></Cell>
			<Cell><Data ss:Type="Number">-0.91</Data></Cell>
			<Cell><Data ss:Type="Number">22.8</Data></Cell>
			<Cell><Data ss:Type="Number">39.6</Data></Cell>
			<Cell><Data ss:Type="Number">0</Data></Cell>
			<Cell><Data ss:Type="Number">0</Data></Cell>
			<Cell><Data ss:Type="String">2023-12-07 16:43:41.815682</Data></Cell>
		</Row>
		<Row>
			<Cell><Data ss:Type="String">1429</Data></Cell>
			<Cell><Data ss:Type="Number">0.26</Data></Cell>
			<Cell><Data ss:Type="Number">-10</Data></Cell>
			<Cell><Data ss:Type="Number">0.18</Data></Cell>
			<Cell><Data ss:Type="Number">-9.49</Data></Cell>
			<Cell><Data ss:Type="Number">-0.08</Data></Cell>
			<Cell><Data ss:Type="Number">-0.89</Data></Cell>
			<Cell><Data ss:Type="Number">22.8</Data></Cell>
			<Cell><Data ss:Type="Number">39.6</Data></Cell>
			<Cell><Data ss:Type="Number">0</Data></Cell>
			<Cell><Data ss:Type="Number">0</Data></Cell>
			<Cell><Data ss:Type="String">2023-12-07 16:43:41.814088</Data></Cell>
		</Row>
		<Row>
			<Cell><Data ss:Type="String">1428</Data></Cell>
			<Cell><Data ss:Type="Number">0.34</Data></Cell>
			<Cell><Data ss:Type="Number">-10.11</Data></Cell>
			<Cell><Data ss:Type="Number">0.16</Data></Cell>
			<Cell><Data ss:Type="Number">-9.53</Data></Cell>
			<Cell><Data ss:Type="Number">-0.08</Data></Cell>
			<Cell><Data ss:Type="Number">-0.88</Data></Cell>
			<Cell><Data ss:Type="Number">22.8</Data></Cell>
			<Cell><Data ss:Type="Number">39.6</Data></Cell>
			<Cell><Data ss:Type="Number">0</Data></Cell>
			<Cell><Data ss:Type="Number">0</Data></Cell>
			<Cell><Data ss:Type="String">2023-12-07 16:43:41.811914</Data></Cell>
		</Row>
		<Row>
			<Cell><Data ss:Type="String">1427</Data></Cell>
			<Cell><Data ss:Type="Number">0.24</Data></Cell>
			<Cell><Data ss:Type="Number">-10.19</Data></Cell>
			<Cell><Data ss:Type="Number">0.17</Data></Cell>
			<Cell><Data ss:Type="Number">-9.5</Data></Cell>
			<Cell><Data ss:Type="Number">-0.07</Data></Cell>
			<Cell><Data ss:Type="Number">-0.89</Data></Cell>
			<Cell><Data ss:Type="Number">22.8</Data></Cell>
			<Cell><Data ss:Type="Number">39.6</Data></Cell>
			<Cell><Data ss:Type="Number">0</Data></Cell>
			<Cell><Data ss:Type="Number">0</Data></Cell>
			<Cell><Data ss:Type="String">2023-12-07 16:43:41.639988</Data></Cell>
		</Row>
		<Row>
			<Cell><Data ss:Type="String">1426</Data></Cell>
			<Cell><Data ss:Type="Number">0.25</Data></Cell>
			<Cell><Data ss:Type="Number">-10.11</Data></Cell>
			<Cell><Data ss:Type="Number">0.17</Data></Cell>
			<Cell><Data ss:Type="Number">-9.47</Data></Cell>
			<Cell><Data ss:Type="Number">-0.07</Data></Cell>
			<Cell><Data ss:Type="Number">-0.88</Data></Cell>
			<Cell><Data ss:Type="Number">22.8</Data></Cell>
			<Cell><Data ss:Type="Number">39.6</Data></Cell>
			<Cell><Data ss:Type="Number">0</Data></Cell>
			<Cell><Data ss:Type="Number">0</Data></Cell>
			<Cell><Data ss:Type="String">2023-12-07 16:43:41.638435</Data></Cell>
		</Row>
		<Row>
			<Cell><Data ss:Type="String">1425</Data></Cell>
			<Cell><Data ss:Type="Number">0.28</Data></Cell>
			<Cell><Data ss:Type="Number">-9.95</Data></Cell>
			<Cell><Data ss:Type="Number">0.14</Data></Cell>
			<Cell><Data ss:Type="Number">-9.44</Data></Cell>
			<Cell><Data ss:Type="Number">-0.06</Data></Cell>
			<Cell><Data ss:Type="Number">-0.92</Data></Cell>
			<Cell><Data ss:Type="Number">22.8</Data></Cell>
			<Cell><Data ss:Type="Number">39.6</Data></Cell>
			<Cell><Data ss:Type="Number">0</Data></Cell>
			<Cell><Data ss:Type="Number">0</Data></Cell>
			<Cell><Data ss:Type="String">2023-12-07 16:43:41.592583</Data></Cell>
		</Row>
		<Row>
			<Cell><Data ss:Type="String">1424</Data></Cell>
			<Cell><Data ss:Type="Number">0.29</Data></Cell>
			<Cell><Data ss:Type="Number">-10.01</Data></Cell>
			<Cell><Data ss:Type="Number">0.1</Data></Cell>
			<Cell><Data ss:Type="Number">-9.47</Data></Cell>
			<Cell><Data ss:Type="Number">-0.06</Data></Cell>
			<Cell><Data ss:Type="Number">-0.93</Data></Cell>
			<Cell><Data ss:Type="Number">22.8</Data></Cell>
			<Cell><Data ss:Type="Number">39.6</Data></Cell>
			<Cell><Data ss:Type="Number">0</Data></Cell>
			<Cell><Data ss:Type="Number">0</Data></Cell>
			<Cell><Data ss:Type="String">2023-12-07 16:43:41.548426</Data></Cell>
		</Row>
		<Row>
			<Cell><Data ss:Type="String">1423</Data></Cell>
			<Cell><Data ss:Type="Number">0.32</Data></Cell>
			<Cell><Data ss:Type="Number">-10.17</Data></Cell>
			<Cell><Data ss:Type="Number">0.21</Data></Cell>
			<Cell><Data ss:Type="Number">-9.53</Data></Cell>
			<Cell><Data ss:Type="Number">-0.09</Data></Cell>
			<Cell><Data ss:Type="Number">-0.87</Data></Cell>
			<Cell><Data ss:Type="Number">22.8</Data></Cell>
			<Cell><Data ss:Type="Number">39.6</Data></Cell>
			<Cell><Data ss:Type="Number">0</Data></Cell>
			<Cell><Data ss:Type="Number">0</Data></Cell>
			<Cell><Data ss:Type="String">2023-12-07 16:43:41.546552</Data></Cell>
		</Row>
		<Row>
			<Cell><Data ss:Type="String">1422</Data></Cell>
			<Cell><Data ss:Type="Number">0.31</Data></Cell>
			<Cell><Data ss:Type="Number">-10.25</Data></Cell>
			<Cell><Data ss:Type="Number">0.34</Data></Cell>
			<Cell><Data ss:Type="Number">-9.53</Data></Cell>
			<Cell><Data ss:Type="Number">-0.06</Data></Cell>
			<Cell><Data ss:Type="Number">-0.91</Data></Cell>
			<Cell><Data ss:Type="Number">22.8</Data></Cell>
			<Cell><Data ss:Type="Number">39.6</Data></Cell>
			<Cell><Data ss:Type="Number">0</Data></Cell>
			<Cell><Data ss:Type="Number">0</Data></Cell>
			<Cell><Data ss:Type="String">2023-12-07 16:43:41.502332</Data></Cell>
		</Row>
		<Row>
			<Cell><Data ss:Type="String">1421</Data></Cell>
			<Cell><Data ss:Type="Number">0.25</Data></Cell>
			<Cell><Data ss:Type="Number">-9.95</Data></Cell>
			<Cell><Data ss:Type="Number">0.17</Data></Cell>
			<Cell><Data ss:Type="Number">-9.41</Data></Cell>
			<Cell><Data ss:Type="Number">-0.06</Data></Cell>
			<Cell><Data ss:Type="Number">-0.89</Data></Cell>
			<Cell><Data ss:Type="Number">22.8</Data></Cell>
			<Cell><Data ss:Type="Number">39.6</Data></Cell>
			<Cell><Data ss:Type="Number">0</Data></Cell>
			<Cell><Data ss:Type="Number">0</Data></Cell>
			<Cell><Data ss:Type="String">2023-12-07 16:43:41.500503</Data></Cell>
		</Row>
		<Row>
			<Cell><Data ss:Type="String">1420</Data></Cell>
			<Cell><Data ss:Type="Number">0.29</Data></Cell>
			<Cell><Data ss:Type="Number">-10.05</Data></Cell>
			<Cell><Data ss:Type="Number">0.11</Data></Cell>
			<Cell><Data ss:Type="Number">-9.5</Data></Cell>
			<Cell><Data ss:Type="Number">-0.08</Data></Cell>
			<Cell><Data ss:Type="Number">-0.92</Data></Cell>
			<Cell><Data ss:Type="Number">22.8</Data></Cell>
			<Cell><Data ss:Type="Number">39.6</Data></Cell>
			<Cell><Data ss:Type="Number">0</Data></Cell>
			<Cell><Data ss:Type="Number">0</Data></Cell>
			<Cell><Data ss:Type="String">2023-12-07 16:43:41.437321</Data></Cell>
		</Row>
		<Row>
			<Cell><Data ss:Type="String">1419</Data></Cell>
			<Cell><Data ss:Type="Number">0.32</Data></Cell>
			<Cell><Data ss:Type="Number">-10.12</Data></Cell>
			<Cell><Data ss:Type="Number">0.15</Data></Cell>
			<Cell><Data ss:Type="Number">-9.54</Data></Cell>
			<Cell><Data ss:Type="Number">-0.05</Data></Cell>
			<Cell><Data ss:Type="Number">-0.88</Data></Cell>
			<Cell><Data ss:Type="Number">22.8</Data></Cell>
			<Cell><Data ss:Type="Number">39.6</Data></Cell>
			<Cell><Data ss:Type="Number">0</Data></Cell>
			<Cell><Data ss:Type="Number">0</Data></Cell>
			<Cell><Data ss:Type="String">2023-12-07 16:43:41.435448</Data></Cell>
		</Row>
		<Row>
			<Cell><Data ss:Type="String">1418</Data></Cell>
			<Cell><Data ss:Type="Number">0.3</Data></Cell>
			<Cell><Data ss:Type="Number">-10.22</Data></Cell>
			<Cell><Data ss:Type="Number">0.09</Data></Cell>
			<Cell><Data ss:Type="Number">-9.56</Data></Cell>
			<Cell><Data ss:Type="Number">-0.08</Data></Cell>
			<Cell><Data ss:Type="Number">-0.86</Data></Cell>
			<Cell><Data ss:Type="Number">22.8</Data></Cell>
			<Cell><Data ss:Type="Number">39.6</Data></Cell>
			<Cell><Data ss:Type="Number">0</Data></Cell>
			<Cell><Data ss:Type="Number">0</Data></Cell>
			<Cell><Data ss:Type="String">2023-12-07 16:43:41.433637</Data></Cell>
		</Row>
		<Row>
			<Cell><Data ss:Type="String">1417</Data></Cell>
			<Cell><Data ss:Type="Number">0.3</Data></Cell>
			<Cell><Data ss:Type="Number">-10.04</Data></Cell>
			<Cell><Data ss:Type="Number">0.14</Data></Cell>
			<Cell><Data ss:Type="Number">-9.51</Data></Cell>
			<Cell><Data ss:Type="Number">-0.07</Data></Cell>
			<Cell><Data ss:Type="Number">-0.91</Data></Cell>
			<Cell><Data ss:Type="Number">22.8</Data></Cell>
			<Cell><Data ss:Type="Number">39.6</Data></Cell>
			<Cell><Data ss:Type="Number">0</Data></Cell>
			<Cell><Data ss:Type="Number">0</Data></Cell>
			<Cell><Data ss:Type="String">2023-12-07 16:43:41.431804</Data></Cell>
		</Row>
		<Row>
			<Cell><Data ss:Type="String">1416</Data></Cell>
			<Cell><Data ss:Type="Number">0.24</Data></Cell>
			<Cell><Data ss:Type="Number">-9.98</Data></Cell>
			<Cell><Data ss:Type="Number">0.19</Data></Cell>
			<Cell><Data ss:Type="Number">-9.42</Data></Cell>
			<Cell><Data ss:Type="Number">-0.05</Data></Cell>
			<Cell><Data ss:Type="Number">-0.88</Data></Cell>
			<Cell><Data ss:Type="Number">22.8</Data></Cell>
			<Cell><Data ss:Type="Number">39.6</Data></Cell>
			<Cell><Data ss:Type="Number">0</Data></Cell>
			<Cell><Data ss:Type="Number">0</Data></Cell>
			<Cell><Data ss:Type="String">2023-12-07 16:43:41.429613</Data></Cell>
		</Row>
		<Row>
			<Cell><Data ss:Type="String">1415</Data></Cell>
			<Cell><Data ss:Type="Number">0.24</Data></Cell>
			<Cell><Data ss:Type="Number">-10.01</Data></Cell>
			<Cell><Data ss:Type="Number">-0.01</Data></Cell>
			<Cell><Data ss:Type="Number">-9.42</Data></Cell>
			<Cell><Data ss:Type="Number">-0.07</Data></Cell>
			<Cell><Data ss:Type="Number">-0.96</Data></Cell>
			<Cell><Data ss:Type="Number">22.8</Data></Cell>
			<Cell><Data ss:Type="Number">39.6</Data></Cell>
			<Cell><Data ss:Type="Number">0</Data></Cell>
			<Cell><Data ss:Type="Number">0</Data></Cell>
			<Cell><Data ss:Type="String">2023-12-07 16:43:41.426990</Data></Cell>
		</Row>
		<Row>
			<Cell><Data ss:Type="String">1414</Data></Cell>
			<Cell><Data ss:Type="Number">0.19</Data></Cell>
			<Cell><Data ss:Type="Number">-10.19</Data></Cell>
			<Cell><Data ss:Type="Number">0.23</Data></Cell>
			<Cell><Data ss:Type="Number">-9.53</Data></Cell>
			<Cell><Data ss:Type="Number">0.01</Data></Cell>
			<Cell><Data ss:Type="Number">-0.9</Data></Cell>
			<Cell><Data ss:Type="Number">22.8</Data></Cell>
			<Cell><Data ss:Type="Number">39.6</Data></Cell>
			<Cell><Data ss:Type="Number">0</Data></Cell>
			<Cell><Data ss:Type="Number">0</Data></Cell>
			<Cell><Data ss:Type="String">2023-12-07 16:43:41.424460</Data></Cell>
		</Row>
		<Row>
			<Cell><Data ss:Type="String">1413</Data></Cell>
			<Cell><Data ss:Type="Number">0.55</Data></Cell>
			<Cell><Data ss:Type="Number">-10.24</Data></Cell>
			<Cell><Data ss:Type="Number">0.3</Data></Cell>
			<Cell><Data ss:Type="Number">-9.51</Data></Cell>
			<Cell><Data ss:Type="Number">-0.19</Data></Cell>
			<Cell><Data ss:Type="Number">-0.85</Data></Cell>
			<Cell><Data ss:Type="Number">22.8</Data></Cell>
			<Cell><Data ss:Type="Number">39.6</Data></Cell>
			<Cell><Data ss:Type="Number">0</Data></Cell>
			<Cell><Data ss:Type="Number">0</Data></Cell>
			<Cell><Data ss:Type="String">2023-12-07 16:43:41.192260</Data></Cell>
		</Row>
		<Row>
			<Cell><Data ss:Type="String">1412</Data></Cell>
			<Cell><Data ss:Type="Number">0.25</Data></Cell>
			<Cell><Data ss:Type="Number">-10.12</Data></Cell>
			<Cell><Data ss:Type="Number">0.22</Data></Cell>
			<Cell><Data ss:Type="Number">-9.43</Data></Cell>
			<Cell><Data ss:Type="Number">-0.14</Data></Cell>
			<Cell><Data ss:Type="Number">-0.95</Data></Cell>
			<Cell><Data ss:Type="Number">22.8</Data></Cell>
			<Cell><Data ss:Type="Number">39.6</Data></Cell>
			<Cell><Data ss:Type="Number">0</Data></Cell>
			<Cell><Data ss:Type="Number">0</Data></Cell>
			<Cell><Data ss:Type="String">2023-12-07 16:43:41.147362</Data></Cell>
		</Row>
		<Row>
			<Cell><Data ss:Type="String">1411</Data></Cell>
			<Cell><Data ss:Type="Number">-0.32</Data></Cell>
			<Cell><Data ss:Type="Number">-10</Data></Cell>
			<Cell><Data ss:Type="Number">0.07</Data></Cell>
			<Cell><Data ss:Type="Number">-9.45</Data></Cell>
			<Cell><Data ss:Type="Number">-0.14</Data></Cell>
			<Cell><Data ss:Type="Number">-0.85</Data></Cell>
			<Cell><Data ss:Type="Number">22.8</Data></Cell>
			<Cell><Data ss:Type="Number">39.6</Data></Cell>
			<Cell><Data ss:Type="Number">0</Data></Cell>
			<Cell><Data ss:Type="Number">0</Data></Cell>
			<Cell><Data ss:Type="String">2023-12-07 16:43:41.144859</Data></Cell>
		</Row>
		<Row>
			<Cell><Data ss:Type="String">1410</Data></Cell>
			<Cell><Data ss:Type="Number">-0.46</Data></Cell>
			<Cell><Data ss:Type="Number">-10.17</Data></Cell>
			<Cell><Data ss:Type="Number">-0.4</Data></Cell>
			<Cell><Data ss:Type="Number">-9.53</Data></Cell>
			<Cell><Data ss:Type="Number">0.35</Data></Cell>
			<Cell><Data ss:Type="Number">-0.97</Data></Cell>
			<Cell><Data ss:Type="Number">22.8</Data></Cell>
			<Cell><Data ss:Type="Number">39.6</Data></Cell>
			<Cell><Data ss:Type="Number">0</Data></Cell>
			<Cell><Data ss:Type="Number">0</Data></Cell>
			<Cell><Data ss:Type="String">2023-12-07 16:43:41.097908</Data></Cell>
		</Row>
		<Row>
			<Cell><Data ss:Type="String">1409</Data></Cell>
			<Cell><Data ss:Type="Number">0.7</Data></Cell>
			<Cell><Data ss:Type="Number">-10.2</Data></Cell>
			<Cell><Data ss:Type="Number">0.15</Data></Cell>
			<Cell><Data ss:Type="Number">-9.54</Data></Cell>
			<Cell><Data ss:Type="Number">0.03</Data></Cell>
			<Cell><Data ss:Type="Number">-0.95</Data></Cell>
			<Cell><Data ss:Type="Number">22.8</Data></Cell>
			<Cell><Data ss:Type="Number">39.6</Data></Cell>
			<Cell><Data ss:Type="Number">0</Data></Cell>
			<Cell><Data ss:Type="Number">0</Data></Cell>
			<Cell><Data ss:Type="String">2023-12-07 16:43:41.051345</Data></Cell>
		</Row>
		<Row>
			<Cell><Data ss:Type="String">1408</Data></Cell>
			<Cell><Data ss:Type="Number">1.63</Data></Cell>
			<Cell><Data ss:Type="Number">-10.18</Data></Cell>
			<Cell><Data ss:Type="Number">1.31</Data></Cell>
			<Cell><Data ss:Type="Number">-9.44</Data></Cell>
			<Cell><Data ss:Type="Number">-0.83</Data></Cell>
			<Cell><Data ss:Type="Number">-0.67</Data></Cell>
			<Cell><Data ss:Type="Number">22.8</Data></Cell>
			<Cell><Data ss:Type="Number">39.6</Data></Cell>
			<Cell><Data ss:Type="Number">0</Data></Cell>
			<Cell><Data ss:Type="Number">0</Data></Cell>
			<Cell><Data ss:Type="String">2023-12-07 16:43:41.007283</Data></Cell>
		</Row>
		<Row>
			<Cell><Data ss:Type="String">1407</Data></Cell>
			<Cell><Data ss:Type="Number">0.9</Data></Cell>
			<Cell><Data ss:Type="Number">-10.15</Data></Cell>
			<Cell><Data ss:Type="Number">0.77</Data></Cell>
			<Cell><Data ss:Type="Number">-9.47</Data></Cell>
			<Cell><Data ss:Type="Number">-0.82</Data></Cell>
			<Cell><Data ss:Type="Number">-0.94</Data></Cell>
			<Cell><Data ss:Type="Number">22.8</Data></Cell>
			<Cell><Data ss:Type="Number">39.6</Data></Cell>
			<Cell><Data ss:Type="Number">0</Data></Cell>
			<Cell><Data ss:Type="Number">0</Data></Cell>
			<Cell><Data ss:Type="String">2023-12-07 16:43:41.005237</Data></Cell>
		</Row>
		<Row>
			<Cell><Data ss:Type="String">1406</Data></Cell>
			<Cell><Data ss:Type="Number">-3.77</Data></Cell>
			<Cell><Data ss:Type="Number">-10.29</Data></Cell>
			<Cell><Data ss:Type="Number">-2.06</Data></Cell>
			<Cell><Data ss:Type="Number">-8.65</Data></Cell>
			<Cell><Data ss:Type="Number">1.53</Data></Cell>
			<Cell><Data ss:Type="Number">-1.3</Data></Cell>
			<Cell><Data ss:Type="Number">22.8</Data></Cell>
			<Cell><Data ss:Type="Number">39.6</Data></Cell>
			<Cell><Data ss:Type="Number">0</Data></Cell>
			<Cell><Data ss:Type="Number">0</Data></Cell>
			<Cell><Data ss:Type="String">2023-12-07 16:43:40.960601</Data></Cell>
		</Row>
		<Row>
			<Cell><Data ss:Type="String">1405</Data></Cell>
			<Cell><Data ss:Type="Number">1.11</Data></Cell>
			<Cell><Data ss:Type="Number">-10.01</Data></Cell>
			<Cell><Data ss:Type="Number">0.25</Data></Cell>
			<Cell><Data ss:Type="Number">-9.5</Data></Cell>
			<Cell><Data ss:Type="Number">-0.09</Data></Cell>
			<Cell><Data ss:Type="Number">-0.81</Data></Cell>
			<Cell><Data ss:Type="Number">22.8</Data></Cell>
			<Cell><Data ss:Type="Number">39.6</Data></Cell>
			<Cell><Data ss:Type="Number">0</Data></Cell>
			<Cell><Data ss:Type="Number">0</Data></Cell>
			<Cell><Data ss:Type="String">2023-12-07 16:43:40.914140</Data></Cell>
		</Row>
		<Row>
			<Cell><Data ss:Type="String">1404</Data></Cell>
			<Cell><Data ss:Type="Number">-0.09</Data></Cell>
			<Cell><Data ss:Type="Number">-10.59</Data></Cell>
			<Cell><Data ss:Type="Number">0.1</Data></Cell>
			<Cell><Data ss:Type="Number">-9.36</Data></Cell>
			<Cell><Data ss:Type="Number">-0.08</Data></Cell>
			<Cell><Data ss:Type="Number">-0.98</Data></Cell>
			<Cell><Data ss:Type="Number">22.8</Data></Cell>
			<Cell><Data ss:Type="Number">39.6</Data></Cell>
			<Cell><Data ss:Type="Number">0</Data></Cell>
			<Cell><Data ss:Type="Number">0</Data></Cell>
			<Cell><Data ss:Type="String">2023-12-07 16:43:40.869541</Data></Cell>
		</Row>
		<Row>
			<Cell><Data ss:Type="String">1403</Data></Cell>
			<Cell><Data ss:Type="Number">0.29</Data></Cell>
			<Cell><Data ss:Type="Number">-10.06</Data></Cell>
			<Cell><Data ss:Type="Number">0.16</Data></Cell>
			<Cell><Data ss:Type="Number">-9.35</Data></Cell>
			<Cell><Data ss:Type="Number">-0.11</Data></Cell>
			<Cell><Data ss:Type="Number">-0.89</Data></Cell>
			<Cell><Data ss:Type="Number">22.8</Data></Cell>
			<Cell><Data ss:Type="Number">39.6</Data></Cell>
			<Cell><Data ss:Type="Number">0</Data></Cell>
			<Cell><Data ss:Type="Number">0</Data></Cell>
			<Cell><Data ss:Type="String">2023-12-07 16:43:40.867906</Data></Cell>
		</Row>
		<Row>
			<Cell><Data ss:Type="String">1402</Data></Cell>
			<Cell><Data ss:Type="Number">0.43</Data></Cell>
			<Cell><Data ss:Type="Number">-10.21</Data></Cell>
			<Cell><Data ss:Type="Number">-0.16</Data></Cell>
			<Cell><Data ss:Type="Number">-9.48</Data></Cell>
			<Cell><Data ss:Type="Number">-0.02</Data></Cell>
			<Cell><Data ss:Type="Number">-0.91</Data></Cell>
			<Cell><Data ss:Type="Number">22.8</Data></Cell>
			<Cell><Data ss:Type="Number">39.6</Data></Cell>
			<Cell><Data ss:Type="Number">0</Data></Cell>
			<Cell><Data ss:Type="Number">0</Data></Cell>
			<Cell><Data ss:Type="String">2023-12-07 16:43:40.822805</Data></Cell>
		</Row>
		<Row>
			<Cell><Data ss:Type="String">1401</Data></Cell>
			<Cell><Data ss:Type="Number">0.03</Data></Cell>
			<Cell><Data ss:Type="Number">-10.36</Data></Cell>
			<Cell><Data ss:Type="Number">-0.32</Data></Cell>
			<Cell><Data ss:Type="Number">-9.49</Data></Cell>
			<Cell><Data ss:Type="Number">-0.09</Data></Cell>
			<Cell><Data ss:Type="Number">-0.89</Data></Cell>
			<Cell><Data ss:Type="Number">22.8</Data></Cell>
			<Cell><Data ss:Type="Number">39.6</Data></Cell>
			<Cell><Data ss:Type="Number">0</Data></Cell>
			<Cell><Data ss:Type="Number">0</Data></Cell>
			<Cell><Data ss:Type="String">2023-12-07 16:43:40.778756</Data></Cell>
		</Row>
		<Row>
			<Cell><Data ss:Type="String">1400</Data></Cell>
			<Cell><Data ss:Type="Number">-0.12</Data></Cell>
			<Cell><Data ss:Type="Number">-9.89</Data></Cell>
			<Cell><Data ss:Type="Number">-0.22</Data></Cell>
			<Cell><Data ss:Type="Number">-9.47</Data></Cell>
			<Cell><Data ss:Type="Number">-0.01</Data></Cell>
			<Cell><Data ss:Type="Number">-0.92</Data></Cell>
			<Cell><Data ss:Type="Number">22.8</Data></Cell>
			<Cell><Data ss:Type="Number">39.6</Data></Cell>
			<Cell><Data ss:Type="Number">0</Data></Cell>
			<Cell><Data ss:Type="Number">0</Data></Cell>
			<Cell><Data ss:Type="String">2023-12-07 16:43:40.776228</Data></Cell>
		</Row>
		<Row>
			<Cell><Data ss:Type="String">1399</Data></Cell>
			<Cell><Data ss:Type="Number">0.05</Data></Cell>
			<Cell><Data ss:Type="Number">-10.28</Data></Cell>
			<Cell><Data ss:Type="Number">0.69</Data></Cell>
			<Cell><Data ss:Type="Number">-9.54</Data></Cell>
			<Cell><Data ss:Type="Number">-0.09</Data></Cell>
			<Cell><Data ss:Type="Number">-0.9</Data></Cell>
			<Cell><Data ss:Type="Number">22.8</Data></Cell>
			<Cell><Data ss:Type="Number">39.6</Data></Cell>
			<Cell><Data ss:Type="Number">0</Data></Cell>
			<Cell><Data ss:Type="Number">0</Data></Cell>
			<Cell><Data ss:Type="String">2023-12-07 16:43:40.731053</Data></Cell>
		</Row>
		<Row>
			<Cell><Data ss:Type="String">1398</Data></Cell>
			<Cell><Data ss:Type="Number">0.29</Data></Cell>
			<Cell><Data ss:Type="Number">-10.03</Data></Cell>
			<Cell><Data ss:Type="Number">0.12</Data></Cell>
			<Cell><Data ss:Type="Number">-9.51</Data></Cell>
			<Cell><Data ss:Type="Number">-0.02</Data></Cell>
			<Cell><Data ss:Type="Number">-0.88</Data></Cell>
			<Cell><Data ss:Type="Number">22.8</Data></Cell>
			<Cell><Data ss:Type="Number">39.6</Data></Cell>
			<Cell><Data ss:Type="Number">0</Data></Cell>
			<Cell><Data ss:Type="Number">0</Data></Cell>
			<Cell><Data ss:Type="String">2023-12-07 16:43:40.684550</Data></Cell>
		</Row>
		<Row>
			<Cell><Data ss:Type="String">1397</Data></Cell>
			<Cell><Data ss:Type="Number">0.43</Data></Cell>
			<Cell><Data ss:Type="Number">-9.93</Data></Cell>
			<Cell><Data ss:Type="Number">0.36</Data></Cell>
			<Cell><Data ss:Type="Number">-9.53</Data></Cell>
			<Cell><Data ss:Type="Number">-0.12</Data></Cell>
			<Cell><Data ss:Type="Number">-0.91</Data></Cell>
			<Cell><Data ss:Type="Number">22.8</Data></Cell>
			<Cell><Data ss:Type="Number">39.6</Data></Cell>
			<Cell><Data ss:Type="Number">0</Data></Cell>
			<Cell><Data ss:Type="Number">0</Data></Cell>
			<Cell><Data ss:Type="String">2023-12-07 16:43:40.641390</Data></Cell>
		</Row>
		<Row>
			<Cell><Data ss:Type="String">1396</Data></Cell>
			<Cell><Data ss:Type="Number">0.19</Data></Cell>
			<Cell><Data ss:Type="Number">-10</Data></Cell>
			<Cell><Data ss:Type="Number">0.21</Data></Cell>
			<Cell><Data ss:Type="Number">-9.42</Data></Cell>
			<Cell><Data ss:Type="Number">-0.06</Data></Cell>
			<Cell><Data ss:Type="Number">-0.87</Data></Cell>
			<Cell><Data ss:Type="Number">22.8</Data></Cell>
			<Cell><Data ss:Type="Number">39.6</Data></Cell>
			<Cell><Data ss:Type="Number">0</Data></Cell>
			<Cell><Data ss:Type="Number">0</Data></Cell>
			<Cell><Data ss:Type="String">2023-12-07 16:43:40.638881</Data></Cell>
		</Row>
		<Row>
			<Cell><Data ss:Type="String">1395</Data></Cell>
			<Cell><Data ss:Type="Number">0.69</Data></Cell>
			<Cell><Data ss:Type="Number">-9.92</Data></Cell>
			<Cell><Data ss:Type="Number">0.65</Data></Cell>
			<Cell><Data ss:Type="Number">-9.45</Data></Cell>
			<Cell><Data ss:Type="Number">-0.08</Data></Cell>
			<Cell><Data ss:Type="Number">-0.92</Data></Cell>
			<Cell><Data ss:Type="Number">22.8</Data></Cell>
			<Cell><Data ss:Type="Number">39.6</Data></Cell>
			<Cell><Data ss:Type="Number">0</Data></Cell>
			<Cell><Data ss:Type="Number">0</Data></Cell>
			<Cell><Data ss:Type="String">2023-12-07 16:43:40.593460</Data></Cell>
		</Row>
		<Row>
			<Cell><Data ss:Type="String">1394</Data></Cell>
			<Cell><Data ss:Type="Number">-0.19</Data></Cell>
			<Cell><Data ss:Type="Number">-9.28</Data></Cell>
			<Cell><Data ss:Type="Number">-0.46</Data></Cell>
			<Cell><Data ss:Type="Number">-9.58</Data></Cell>
			<Cell><Data ss:Type="Number">0.02</Data></Cell>
			<Cell><Data ss:Type="Number">-0.89</Data></Cell>
			<Cell><Data ss:Type="Number">22.8</Data></Cell>
			<Cell><Data ss:Type="Number">39.6</Data></Cell>
			<Cell><Data ss:Type="Number">0</Data></Cell>
			<Cell><Data ss:Type="Number">0</Data></Cell>
			<Cell><Data ss:Type="String">2023-12-07 16:43:40.548044</Data></Cell>
		</Row>
		<Row>
			<Cell><Data ss:Type="String">1393</Data></Cell>
			<Cell><Data ss:Type="Number">0.7</Data></Cell>
			<Cell><Data ss:Type="Number">-10.51</Data></Cell>
			<Cell><Data ss:Type="Number">0.38</Data></Cell>
			<Cell><Data ss:Type="Number">-9.68</Data></Cell>
			<Cell><Data ss:Type="Number">-0.13</Data></Cell>
			<Cell><Data ss:Type="Number">-0.9</Data></Cell>
			<Cell><Data ss:Type="Number">22.8</Data></Cell>
			<Cell><Data ss:Type="Number">39.6</Data></Cell>
			<Cell><Data ss:Type="Number">0</Data></Cell>
			<Cell><Data ss:Type="Number">0</Data></Cell>
			<Cell><Data ss:Type="String">2023-12-07 16:43:40.504294</Data></Cell>
		</Row>
		<Row>
			<Cell><Data ss:Type="String">1392</Data></Cell>
			<Cell><Data ss:Type="Number">-0.19</Data></Cell>
			<Cell><Data ss:Type="Number">-10.63</Data></Cell>
			<Cell><Data ss:Type="Number">0.33</Data></Cell>
			<Cell><Data ss:Type="Number">-9.59</Data></Cell>
			<Cell><Data ss:Type="Number">-0.08</Data></Cell>
			<Cell><Data ss:Type="Number">-0.87</Data></Cell>
			<Cell><Data ss:Type="Number">22.8</Data></Cell>
			<Cell><Data ss:Type="Number">39.6</Data></Cell>
			<Cell><Data ss:Type="Number">0</Data></Cell>
			<Cell><Data ss:Type="Number">0</Data></Cell>
			<Cell><Data ss:Type="String">2023-12-07 16:43:40.502321</Data></Cell>
		</Row>
		<Row>
			<Cell><Data ss:Type="String">1391</Data></Cell>
			<Cell><Data ss:Type="Number">0.15</Data></Cell>
			<Cell><Data ss:Type="Number">-10.14</Data></Cell>
			<Cell><Data ss:Type="Number">-0.02</Data></Cell>
			<Cell><Data ss:Type="Number">-9.51</Data></Cell>
			<Cell><Data ss:Type="Number">-0.1</Data></Cell>
			<Cell><Data ss:Type="Number">-0.94</Data></Cell>
			<Cell><Data ss:Type="Number">22.8</Data></Cell>
			<Cell><Data ss:Type="Number">39.6</Data></Cell>
			<Cell><Data ss:Type="Number">0</Data></Cell>
			<Cell><Data ss:Type="Number">0</Data></Cell>
			<Cell><Data ss:Type="String">2023-12-07 16:43:40.457046</Data></Cell>
		</Row>
		<Row>
			<Cell><Data ss:Type="String">1390</Data></Cell>
			<Cell><Data ss:Type="Number">0.51</Data></Cell>
			<Cell><Data ss:Type="Number">-9.83</Data></Cell>
			<Cell><Data ss:Type="Number">0.34</Data></Cell>
			<Cell><Data ss:Type="Number">-9.42</Data></Cell>
			<Cell><Data ss:Type="Number">-0.09</Data></Cell>
			<Cell><Data ss:Type="Number">-0.89</Data></Cell>
			<Cell><Data ss:Type="Number">22.8</Data></Cell>
			<Cell><Data ss:Type="Number">39.6</Data></Cell>
			<Cell><Data ss:Type="Number">0</Data></Cell>
			<Cell><Data ss:Type="Number">0</Data></Cell>
			<Cell><Data ss:Type="String">2023-12-07 16:43:40.410123</Data></Cell>
		</Row>
		<Row>
			<Cell><Data ss:Type="String">1389</Data></Cell>
			<Cell><Data ss:Type="Number">0.15</Data></Cell>
			<Cell><Data ss:Type="Number">-10.69</Data></Cell>
			<Cell><Data ss:Type="Number">0.29</Data></Cell>
			<Cell><Data ss:Type="Number">-9.61</Data></Cell>
			<Cell><Data ss:Type="Number">-0.04</Data></Cell>
			<Cell><Data ss:Type="Number">-0.96</Data></Cell>
			<Cell><Data ss:Type="Number">22.8</Data></Cell>
			<Cell><Data ss:Type="Number">39.6</Data></Cell>
			<Cell><Data ss:Type="Number">0</Data></Cell>
			<Cell><Data ss:Type="Number">0</Data></Cell>
			<Cell><Data ss:Type="String">2023-12-07 16:43:40.367973</Data></Cell>
		</Row>
		<Row>
			<Cell><Data ss:Type="String">1388</Data></Cell>
			<Cell><Data ss:Type="Number">0.49</Data></Cell>
			<Cell><Data ss:Type="Number">-10.47</Data></Cell>
			<Cell><Data ss:Type="Number">0.17</Data></Cell>
			<Cell><Data ss:Type="Number">-9.56</Data></Cell>
			<Cell><Data ss:Type="Number">-0.11</Data></Cell>
			<Cell><Data ss:Type="Number">-0.84</Data></Cell>
			<Cell><Data ss:Type="Number">22.8</Data></Cell>
			<Cell><Data ss:Type="Number">39.6</Data></Cell>
			<Cell><Data ss:Type="Number">0</Data></Cell>
			<Cell><Data ss:Type="Number">0</Data></Cell>
			<Cell><Data ss:Type="String">2023-12-07 16:43:40.363520</Data></Cell>
		</Row>
		<Row>
			<Cell><Data ss:Type="String">1387</Data></Cell>
			<Cell><Data ss:Type="Number">0.34</Data></Cell>
			<Cell><Data ss:Type="Number">-10.52</Data></Cell>
			<Cell><Data ss:Type="Number">-0.27</Data></Cell>
			<Cell><Data ss:Type="Number">-9.38</Data></Cell>
			<Cell><Data ss:Type="Number">-0.04</Data></Cell>
			<Cell><Data ss:Type="Number">-0.94</Data></Cell>
			<Cell><Data ss:Type="Number">22.8</Data></Cell>
			<Cell><Data ss:Type="Number">39.6</Data></Cell>
			<Cell><Data ss:Type="Number">0</Data></Cell>
			<Cell><Data ss:Type="Number">0</Data></Cell>
			<Cell><Data ss:Type="String">2023-12-07 16:43:40.316760</Data></Cell>
		</Row>
		<Row>
			<Cell><Data ss:Type="String">1386</Data></Cell>
			<Cell><Data ss:Type="Number">0.3</Data></Cell>
			<Cell><Data ss:Type="Number">-9.61</Data></Cell>
			<Cell><Data ss:Type="Number">-0.18</Data></Cell>
			<Cell><Data ss:Type="Number">-9.4</Data></Cell>
			<Cell><Data ss:Type="Number">-0.1</Data></Cell>
			<Cell><Data ss:Type="Number">-0.94</Data></Cell>
			<Cell><Data ss:Type="Number">22.8</Data></Cell>
			<Cell><Data ss:Type="Number">39.6</Data></Cell>
			<Cell><Data ss:Type="Number">0</Data></Cell>
			<Cell><Data ss:Type="Number">0</Data></Cell>
			<Cell><Data ss:Type="String">2023-12-07 16:43:40.273351</Data></Cell>
		</Row>
		<Row>
			<Cell><Data ss:Type="String">1385</Data></Cell>
			<Cell><Data ss:Type="Number">0.55</Data></Cell>
			<Cell><Data ss:Type="Number">-10.14</Data></Cell>
			<Cell><Data ss:Type="Number">0.42</Data></Cell>
			<Cell><Data ss:Type="Number">-9.48</Data></Cell>
			<Cell><Data ss:Type="Number">-0.11</Data></Cell>
			<Cell><Data ss:Type="Number">-0.92</Data></Cell>
			<Cell><Data ss:Type="Number">22.8</Data></Cell>
			<Cell><Data ss:Type="Number">39.6</Data></Cell>
			<Cell><Data ss:Type="Number">0</Data></Cell>
			<Cell><Data ss:Type="Number">0</Data></Cell>
			<Cell><Data ss:Type="String">2023-12-07 16:43:40.271132</Data></Cell>
		</Row>
		<Row>
			<Cell><Data ss:Type="String">1384</Data></Cell>
			<Cell><Data ss:Type="Number">-0.08</Data></Cell>
			<Cell><Data ss:Type="Number">-10.4</Data></Cell>
			<Cell><Data ss:Type="Number">-0.17</Data></Cell>
			<Cell><Data ss:Type="Number">-9.71</Data></Cell>
			<Cell><Data ss:Type="Number">-0.17</Data></Cell>
			<Cell><Data ss:Type="Number">-0.9</Data></Cell>
			<Cell><Data ss:Type="Number">22.8</Data></Cell>
			<Cell><Data ss:Type="Number">39.6</Data></Cell>
			<Cell><Data ss:Type="Number">0</Data></Cell>
			<Cell><Data ss:Type="Number">0</Data></Cell>
			<Cell><Data ss:Type="String">2023-12-07 16:43:40.227636</Data></Cell>
		</Row>
		<Row>
			<Cell><Data ss:Type="String">1383</Data></Cell>
			<Cell><Data ss:Type="Number">0.32</Data></Cell>
			<Cell><Data ss:Type="Number">-10.46</Data></Cell>
			<Cell><Data ss:Type="Number">0.06</Data></Cell>
			<Cell><Data ss:Type="Number">-9.47</Data></Cell>
			<Cell><Data ss:Type="Number">-0.01</Data></Cell>
			<Cell><Data ss:Type="Number">-0.83</Data></Cell>
			<Cell><Data ss:Type="Number">22.8</Data></Cell>
			<Cell><Data ss:Type="Number">39.6</Data></Cell>
			<Cell><Data ss:Type="Number">0</Data></Cell>
			<Cell><Data ss:Type="Number">0</Data></Cell>
			<Cell><Data ss:Type="String">2023-12-07 16:43:40.182298</Data></Cell>
		</Row>
		<Row>
			<Cell><Data ss:Type="String">1382</Data></Cell>
			<Cell><Data ss:Type="Number">0.18</Data></Cell>
			<Cell><Data ss:Type="Number">-10.36</Data></Cell>
			<Cell><Data ss:Type="Number">-0.1</Data></Cell>
			<Cell><Data ss:Type="Number">-9.48</Data></Cell>
			<Cell><Data ss:Type="Number">-0.07</Data></Cell>
			<Cell><Data ss:Type="Number">-1</Data></Cell>
			<Cell><Data ss:Type="Number">22.8</Data></Cell>
			<Cell><Data ss:Type="Number">39.6</Data></Cell>
			<Cell><Data ss:Type="Number">0</Data></Cell>
			<Cell><Data ss:Type="Number">0</Data></Cell>
			<Cell><Data ss:Type="String">2023-12-07 16:43:40.136532</Data></Cell>
		</Row>
		<Row>
			<Cell><Data ss:Type="String">1381</Data></Cell>
			<Cell><Data ss:Type="Number">0.29</Data></Cell>
			<Cell><Data ss:Type="Number">-10.15</Data></Cell>
			<Cell><Data ss:Type="Number">-0.19</Data></Cell>
			<Cell><Data ss:Type="Number">-9.66</Data></Cell>
			<Cell><Data ss:Type="Number">-0.02</Data></Cell>
			<Cell><Data ss:Type="Number">-0.93</Data></Cell>
			<Cell><Data ss:Type="Number">22.8</Data></Cell>
			<Cell><Data ss:Type="Number">39.6</Data></Cell>
			<Cell><Data ss:Type="Number">0</Data></Cell>
			<Cell><Data ss:Type="Number">0</Data></Cell>
			<Cell><Data ss:Type="String">2023-12-07 16:43:40.134240</Data></Cell>
		</Row>
		<Row>
			<Cell><Data ss:Type="String">1380</Data></Cell>
			<Cell><Data ss:Type="Number">0.53</Data></Cell>
			<Cell><Data ss:Type="Number">-10.61</Data></Cell>
			<Cell><Data ss:Type="Number">0.14</Data></Cell>
			<Cell><Data ss:Type="Number">-9.56</Data></Cell>
			<Cell><Data ss:Type="Number">0</Data></Cell>
			<Cell><Data ss:Type="Number">-0.91</Data></Cell>
			<Cell><Data ss:Type="Number">22.8</Data></Cell>
			<Cell><Data ss:Type="Number">39.6</Data></Cell>
			<Cell><Data ss:Type="Number">0</Data></Cell>
			<Cell><Data ss:Type="Number">0</Data></Cell>
			<Cell><Data ss:Type="String">2023-12-07 16:43:40.089715</Data></Cell>
		</Row>
		<Row>
			<Cell><Data ss:Type="String">1379</Data></Cell>
			<Cell><Data ss:Type="Number">0.31</Data></Cell>
			<Cell><Data ss:Type="Number">-10.04</Data></Cell>
			<Cell><Data ss:Type="Number">0.27</Data></Cell>
			<Cell><Data ss:Type="Number">-9.53</Data></Cell>
			<Cell><Data ss:Type="Number">0.03</Data></Cell>
			<Cell><Data ss:Type="Number">-0.92</Data></Cell>
			<Cell><Data ss:Type="Number">22.8</Data></Cell>
			<Cell><Data ss:Type="Number">39.6</Data></Cell>
			<Cell><Data ss:Type="Number">0</Data></Cell>
			<Cell><Data ss:Type="Number">0</Data></Cell>
			<Cell><Data ss:Type="String">2023-12-07 16:43:40.042068</Data></Cell>
		</Row>
		<Row>
			<Cell><Data ss:Type="String">1378</Data></Cell>
			<Cell><Data ss:Type="Number">0.34</Data></Cell>
			<Cell><Data ss:Type="Number">-9.63</Data></Cell>
			<Cell><Data ss:Type="Number">0.45</Data></Cell>
			<Cell><Data ss:Type="Number">-9.26</Data></Cell>
			<Cell><Data ss:Type="Number">-0.03</Data></Cell>
			<Cell><Data ss:Type="Number">-0.88</Data></Cell>
			<Cell><Data ss:Type="Number">22.8</Data></Cell>
			<Cell><Data ss:Type="Number">39.6</Data></Cell>
			<Cell><Data ss:Type="Number">0</Data></Cell>
			<Cell><Data ss:Type="Number">0</Data></Cell>
			<Cell><Data ss:Type="String">2023-12-07 16:43:39.998475</Data></Cell>
		</Row>
		<Row>
			<Cell><Data ss:Type="String">1377</Data></Cell>
			<Cell><Data ss:Type="Number">-0.1</Data></Cell>
			<Cell><Data ss:Type="Number">-10.37</Data></Cell>
			<Cell><Data ss:Type="Number">0.22</Data></Cell>
			<Cell><Data ss:Type="Number">-9.51</Data></Cell>
			<Cell><Data ss:Type="Number">-0.24</Data></Cell>
			<Cell><Data ss:Type="Number">-0.96</Data></Cell>
			<Cell><Data ss:Type="Number">22.8</Data></Cell>
			<Cell><Data ss:Type="Number">39.6</Data></Cell>
			<Cell><Data ss:Type="Number">0</Data></Cell>
			<Cell><Data ss:Type="Number">0</Data></Cell>
			<Cell><Data ss:Type="String">2023-12-07 16:43:39.996132</Data></Cell>
		</Row>
		<Row>
			<Cell><Data ss:Type="String">1376</Data></Cell>
			<Cell><Data ss:Type="Number">-0.29</Data></Cell>
			<Cell><Data ss:Type="Number">-9.81</Data></Cell>
			<Cell><Data ss:Type="Number">-0.08</Data></Cell>
			<Cell><Data ss:Type="Number">-9.5</Data></Cell>
			<Cell><Data ss:Type="Number">-0.01</Data></Cell>
			<Cell><Data ss:Type="Number">-0.81</Data></Cell>
			<Cell><Data ss:Type="Number">22.8</Data></Cell>
			<Cell><Data ss:Type="Number">39.6</Data></Cell>
			<Cell><Data ss:Type="Number">0</Data></Cell>
			<Cell><Data ss:Type="Number">0</Data></Cell>
			<Cell><Data ss:Type="String">2023-12-07 16:43:39.952730</Data></Cell>
		</Row>
		<Row>
			<Cell><Data ss:Type="String">1375</Data></Cell>
			<Cell><Data ss:Type="Number">-0.17</Data></Cell>
			<Cell><Data ss:Type="Number">-10.91</Data></Cell>
			<Cell><Data ss:Type="Number">-0.5</Data></Cell>
			<Cell><Data ss:Type="Number">-9.69</Data></Cell>
			<Cell><Data ss:Type="Number">0.08</Data></Cell>
			<Cell><Data ss:Type="Number">-0.96</Data></Cell>
			<Cell><Data ss:Type="Number">22.8</Data></Cell>
			<Cell><Data ss:Type="Number">39.6</Data></Cell>
			<Cell><Data ss:Type="Number">0</Data></Cell>
			<Cell><Data ss:Type="Number">0</Data></Cell>
			<Cell><Data ss:Type="String">2023-12-07 16:43:39.905373</Data></Cell>
		</Row>
		<Row>
			<Cell><Data ss:Type="String">1374</Data></Cell>
			<Cell><Data ss:Type="Number">0.91</Data></Cell>
			<Cell><Data ss:Type="Number">-9.92</Data></Cell>
			<Cell><Data ss:Type="Number">0.47</Data></Cell>
			<Cell><Data ss:Type="Number">-9.43</Data></Cell>
			<Cell><Data ss:Type="Number">-0.05</Data></Cell>
			<Cell><Data ss:Type="Number">-0.9</Data></Cell>
			<Cell><Data ss:Type="Number">22.8</Data></Cell>
			<Cell><Data ss:Type="Number">39.6</Data></Cell>
			<Cell><Data ss:Type="Number">0</Data></Cell>
			<Cell><Data ss:Type="Number">0</Data></Cell>
			<Cell><Data ss:Type="String">2023-12-07 16:43:39.864106</Data></Cell>
		</Row>
		<Row>
			<Cell><Data ss:Type="String">1373</Data></Cell>
			<Cell><Data ss:Type="Number">1.33</Data></Cell>
			<Cell><Data ss:Type="Number">-9.91</Data></Cell>
			<Cell><Data ss:Type="Number">1.01</Data></Cell>
			<Cell><Data ss:Type="Number">-9.44</Data></Cell>
			<Cell><Data ss:Type="Number">-0.51</Data></Cell>
			<Cell><Data ss:Type="Number">-0.84</Data></Cell>
			<Cell><Data ss:Type="Number">22.8</Data></Cell>
			<Cell><Data ss:Type="Number">39.6</Data></Cell>
			<Cell><Data ss:Type="Number">0</Data></Cell>
			<Cell><Data ss:Type="Number">0</Data></Cell>
			<Cell><Data ss:Type="String">2023-12-07 16:43:39.860960</Data></Cell>
		</Row>
		<Row>
			<Cell><Data ss:Type="String">1372</Data></Cell>
			<Cell><Data ss:Type="Number">-0.71</Data></Cell>
			<Cell><Data ss:Type="Number">-10.27</Data></Cell>
			<Cell><Data ss:Type="Number">-0.25</Data></Cell>
			<Cell><Data ss:Type="Number">-9.48</Data></Cell>
			<Cell><Data ss:Type="Number">0.33</Data></Cell>
			<Cell><Data ss:Type="Number">-0.99</Data></Cell>
			<Cell><Data ss:Type="Number">22.8</Data></Cell>
			<Cell><Data ss:Type="Number">39.6</Data></Cell>
			<Cell><Data ss:Type="Number">0</Data></Cell>
			<Cell><Data ss:Type="Number">0</Data></Cell>
			<Cell><Data ss:Type="String">2023-12-07 16:43:39.813135</Data></Cell>
		</Row>
		<Row>
			<Cell><Data ss:Type="String">1371</Data></Cell>
			<Cell><Data ss:Type="Number">2.04</Data></Cell>
			<Cell><Data ss:Type="Number">-10.66</Data></Cell>
			<Cell><Data ss:Type="Number">0.11</Data></Cell>
			<Cell><Data ss:Type="Number">-9.59</Data></Cell>
			<Cell><Data ss:Type="Number">0.34</Data></Cell>
			<Cell><Data ss:Type="Number">-0.92</Data></Cell>
			<Cell><Data ss:Type="Number">22.8</Data></Cell>
			<Cell><Data ss:Type="Number">39.6</Data></Cell>
			<Cell><Data ss:Type="Number">0</Data></Cell>
			<Cell><Data ss:Type="Number">0</Data></Cell>
			<Cell><Data ss:Type="String">2023-12-07 16:43:39.770051</Data></Cell>
		</Row>
		<Row>
			<Cell><Data ss:Type="String">1370</Data></Cell>
			<Cell><Data ss:Type="Number">3.08</Data></Cell>
			<Cell><Data ss:Type="Number">-10.05</Data></Cell>
			<Cell><Data ss:Type="Number">1.41</Data></Cell>
			<Cell><Data ss:Type="Number">-9.45</Data></Cell>
			<Cell><Data ss:Type="Number">-1.27</Data></Cell>
			<Cell><Data ss:Type="Number">-0.82</Data></Cell>
			<Cell><Data ss:Type="Number">22.8</Data></Cell>
			<Cell><Data ss:Type="Number">39.6</Data></Cell>
			<Cell><Data ss:Type="Number">0</Data></Cell>
			<Cell><Data ss:Type="Number">0</Data></Cell>
			<Cell><Data ss:Type="String">2023-12-07 16:43:39.767954</Data></Cell>
		</Row>
		<Row>
			<Cell><Data ss:Type="String">1369</Data></Cell>
			<Cell><Data ss:Type="Number">3.04</Data></Cell>
			<Cell><Data ss:Type="Number">-10.77</Data></Cell>
			<Cell><Data ss:Type="Number">1.49</Data></Cell>
			<Cell><Data ss:Type="Number">-10.33</Data></Cell>
			<Cell><Data ss:Type="Number">-1.87</Data></Cell>
			<Cell><Data ss:Type="Number">-1.09</Data></Cell>
			<Cell><Data ss:Type="Number">22.8</Data></Cell>
			<Cell><Data ss:Type="Number">39.6</Data></Cell>
			<Cell><Data ss:Type="Number">0</Data></Cell>
			<Cell><Data ss:Type="Number">0</Data></Cell>
			<Cell><Data ss:Type="String">2023-12-07 16:43:39.721584</Data></Cell>
		</Row>
		<Row>
			<Cell><Data ss:Type="String">1368</Data></Cell>
			<Cell><Data ss:Type="Number">0.26</Data></Cell>
			<Cell><Data ss:Type="Number">-10.16</Data></Cell>
			<Cell><Data ss:Type="Number">0.18</Data></Cell>
			<Cell><Data ss:Type="Number">-9.48</Data></Cell>
			<Cell><Data ss:Type="Number">-0.06</Data></Cell>
			<Cell><Data ss:Type="Number">-0.89</Data></Cell>
			<Cell><Data ss:Type="Number">22.7</Data></Cell>
			<Cell><Data ss:Type="Number">39.6</Data></Cell>
			<Cell><Data ss:Type="Number">0</Data></Cell>
			<Cell><Data ss:Type="Number">0</Data></Cell>
			<Cell><Data ss:Type="String">2023-12-07 16:43:39.668651</Data></Cell>
		</Row>
		<Row>
			<Cell><Data ss:Type="String">1367</Data></Cell>
			<Cell><Data ss:Type="Number">0.25</Data></Cell>
			<Cell><Data ss:Type="Number">-10.1</Data></Cell>
			<Cell><Data ss:Type="Number">0.16</Data></Cell>
			<Cell><Data ss:Type="Number">-9.45</Data></Cell>
			<Cell><Data ss:Type="Number">-0.03</Data></Cell>
			<Cell><Data ss:Type="Number">-0.94</Data></Cell>
			<Cell><Data ss:Type="Number">22.7</Data></Cell>
			<Cell><Data ss:Type="Number">39.6</Data></Cell>
			<Cell><Data ss:Type="Number">0</Data></Cell>
			<Cell><Data ss:Type="Number">0</Data></Cell>
			<Cell><Data ss:Type="String">2023-12-07 16:43:39.666642</Data></Cell>
		</Row>
		<Row>
			<Cell><Data ss:Type="String">1366</Data></Cell>
			<Cell><Data ss:Type="Number">0.17</Data></Cell>
			<Cell><Data ss:Type="Number">-10</Data></Cell>
			<Cell><Data ss:Type="Number">0.16</Data></Cell>
			<Cell><Data ss:Type="Number">-9.42</Data></Cell>
			<Cell><Data ss:Type="Number">-0.07</Data></Cell>
			<Cell><Data ss:Type="Number">-0.93</Data></Cell>
			<Cell><Data ss:Type="Number">22.7</Data></Cell>
			<Cell><Data ss:Type="Number">39.6</Data></Cell>
			<Cell><Data ss:Type="Number">0</Data></Cell>
			<Cell><Data ss:Type="Number">0</Data></Cell>
			<Cell><Data ss:Type="String">2023-12-07 16:43:39.664753</Data></Cell>
		</Row>
		<Row>
			<Cell><Data ss:Type="String">1365</Data></Cell>
			<Cell><Data ss:Type="Number">0.3</Data></Cell>
			<Cell><Data ss:Type="Number">-10.06</Data></Cell>
			<Cell><Data ss:Type="Number">0.14</Data></Cell>
			<Cell><Data ss:Type="Number">-9.47</Data></Cell>
			<Cell><Data ss:Type="Number">-0.06</Data></Cell>
			<Cell><Data ss:Type="Number">-0.97</Data></Cell>
			<Cell><Data ss:Type="Number">22.7</Data></Cell>
			<Cell><Data ss:Type="Number">39.6</Data></Cell>
			<Cell><Data ss:Type="Number">0</Data></Cell>
			<Cell><Data ss:Type="Number">0</Data></Cell>
			<Cell><Data ss:Type="String">2023-12-07 16:43:39.662811</Data></Cell>
		</Row>
		<Row>
			<Cell><Data ss:Type="String">1364</Data></Cell>
			<Cell><Data ss:Type="Number">0.32</Data></Cell>
			<Cell><Data ss:Type="Number">-10.12</Data></Cell>
			<Cell><Data ss:Type="Number">0.12</Data></Cell>
			<Cell><Data ss:Type="Number">-9.51</Data></Cell>
			<Cell><Data ss:Type="Number">-0.07</Data></Cell>
			<Cell><Data ss:Type="Number">-0.92</Data></Cell>
			<Cell><Data ss:Type="Number">22.7</Data></Cell>
			<Cell><Data ss:Type="Number">39.6</Data></Cell>
			<Cell><Data ss:Type="Number">0</Data></Cell>
			<Cell><Data ss:Type="Number">0</Data></Cell>
			<Cell><Data ss:Type="String">2023-12-07 16:43:39.660086</Data></Cell>
		</Row>
		<Row>
			<Cell><Data ss:Type="String">1363</Data></Cell>
			<Cell><Data ss:Type="Number">0.31</Data></Cell>
			<Cell><Data ss:Type="Number">-10.13</Data></Cell>
			<Cell><Data ss:Type="Number">0.21</Data></Cell>
			<Cell><Data ss:Type="Number">-9.49</Data></Cell>
			<Cell><Data ss:Type="Number">-0.07</Data></Cell>
			<Cell><Data ss:Type="Number">-0.89</Data></Cell>
			<Cell><Data ss:Type="Number">22.7</Data></Cell>
			<Cell><Data ss:Type="Number">39.6</Data></Cell>
			<Cell><Data ss:Type="Number">0</Data></Cell>
			<Cell><Data ss:Type="Number">0</Data></Cell>
			<Cell><Data ss:Type="String">2023-12-07 16:43:39.656947</Data></Cell>
		</Row>
		<Row>
			<Cell><Data ss:Type="String">1362</Data></Cell>
			<Cell><Data ss:Type="Number">0.29</Data></Cell>
			<Cell><Data ss:Type="Number">-10.06</Data></Cell>
			<Cell><Data ss:Type="Number">0.09</Data></Cell>
			<Cell><Data ss:Type="Number">-9.46</Data></Cell>
			<Cell><Data ss:Type="Number">-0.08</Data></Cell>
			<Cell><Data ss:Type="Number">-0.91</Data></Cell>
			<Cell><Data ss:Type="Number">22.7</Data></Cell>
			<Cell><Data ss:Type="Number">39.6</Data></Cell>
			<Cell><Data ss:Type="Number">0</Data></Cell>
			<Cell><Data ss:Type="Number">0</Data></Cell>
			<Cell><Data ss:Type="String">2023-12-07 16:43:39.463150</Data></Cell>
		</Row>
		<Row>
			<Cell><Data ss:Type="String">1361</Data></Cell>
			<Cell><Data ss:Type="Number">0.33</Data></Cell>
			<Cell><Data ss:Type="Number">-10.02</Data></Cell>
			<Cell><Data ss:Type="Number">-0.03</Data></Cell>
			<Cell><Data ss:Type="Number">-9.44</Data></Cell>
			<Cell><Data ss:Type="Number">-0.07</Data></Cell>
			<Cell><Data ss:Type="Number">-0.95</Data></Cell>
			<Cell><Data ss:Type="Number">22.7</Data></Cell>
			<Cell><Data ss:Type="Number">39.6</Data></Cell>
			<Cell><Data ss:Type="Number">0</Data></Cell>
			<Cell><Data ss:Type="Number">0</Data></Cell>
			<Cell><Data ss:Type="String">2023-12-07 16:43:39.460351</Data></Cell>
		</Row>
		<Row>
			<Cell><Data ss:Type="String">1360</Data></Cell>
			<Cell><Data ss:Type="Number">0.51</Data></Cell>
			<Cell><Data ss:Type="Number">-10.08</Data></Cell>
			<Cell><Data ss:Type="Number">0.1</Data></Cell>
			<Cell><Data ss:Type="Number">-9.52</Data></Cell>
			<Cell><Data ss:Type="Number">-0.07</Data></Cell>
			<Cell><Data ss:Type="Number">-0.89</Data></Cell>
			<Cell><Data ss:Type="Number">22.7</Data></Cell>
			<Cell><Data ss:Type="Number">39.6</Data></Cell>
			<Cell><Data ss:Type="Number">0</Data></Cell>
			<Cell><Data ss:Type="Number">0</Data></Cell>
			<Cell><Data ss:Type="String">2023-12-07 16:43:39.414340</Data></Cell>
		</Row>
		<Row>
			<Cell><Data ss:Type="String">1359</Data></Cell>
			<Cell><Data ss:Type="Number">0.27</Data></Cell>
			<Cell><Data ss:Type="Number">-10.17</Data></Cell>
			<Cell><Data ss:Type="Number">0.04</Data></Cell>
			<Cell><Data ss:Type="Number">-9.52</Data></Cell>
			<Cell><Data ss:Type="Number">-0.07</Data></Cell>
			<Cell><Data ss:Type="Number">-0.92</Data></Cell>
			<Cell><Data ss:Type="Number">22.7</Data></Cell>
			<Cell><Data ss:Type="Number">39.6</Data></Cell>
			<Cell><Data ss:Type="Number">0</Data></Cell>
			<Cell><Data ss:Type="Number">0</Data></Cell>
			<Cell><Data ss:Type="String">2023-12-07 16:43:39.363888</Data></Cell>
		</Row>
		<Row>
			<Cell><Data ss:Type="String">1358</Data></Cell>
			<Cell><Data ss:Type="Number">0.25</Data></Cell>
			<Cell><Data ss:Type="Number">-10.09</Data></Cell>
			<Cell><Data ss:Type="Number">0.18</Data></Cell>
			<Cell><Data ss:Type="Number">-9.46</Data></Cell>
			<Cell><Data ss:Type="Number">-0.06</Data></Cell>
			<Cell><Data ss:Type="Number">-0.91</Data></Cell>
			<Cell><Data ss:Type="Number">22.7</Data></Cell>
			<Cell><Data ss:Type="Number">39.6</Data></Cell>
			<Cell><Data ss:Type="Number">0</Data></Cell>
			<Cell><Data ss:Type="Number">0</Data></Cell>
			<Cell><Data ss:Type="String">2023-12-07 16:43:39.360143</Data></Cell>
		</Row>
		<Row>
			<Cell><Data ss:Type="String">1357</Data></Cell>
			<Cell><Data ss:Type="Number">0.25</Data></Cell>
			<Cell><Data ss:Type="Number">-9.97</Data></Cell>
			<Cell><Data ss:Type="Number">0.11</Data></Cell>
			<Cell><Data ss:Type="Number">-9.43</Data></Cell>
			<Cell><Data ss:Type="Number">-0.05</Data></Cell>
			<Cell><Data ss:Type="Number">-0.92</Data></Cell>
			<Cell><Data ss:Type="Number">22.7</Data></Cell>
			<Cell><Data ss:Type="Number">39.6</Data></Cell>
			<Cell><Data ss:Type="Number">0</Data></Cell>
			<Cell><Data ss:Type="Number">0</Data></Cell>
			<Cell><Data ss:Type="String">2023-12-07 16:43:39.357696</Data></Cell>
		</Row>
		<Row>
			<Cell><Data ss:Type="String">1356</Data></Cell>
			<Cell><Data ss:Type="Number">0.29</Data></Cell>
			<Cell><Data ss:Type="Number">-9.99</Data></Cell>
			<Cell><Data ss:Type="Number">0.09</Data></Cell>
			<Cell><Data ss:Type="Number">-9.45</Data></Cell>
			<Cell><Data ss:Type="Number">-0.08</Data></Cell>
			<Cell><Data ss:Type="Number">-0.96</Data></Cell>
			<Cell><Data ss:Type="Number">22.7</Data></Cell>
			<Cell><Data ss:Type="Number">39.6</Data></Cell>
			<Cell><Data ss:Type="Number">0</Data></Cell>
			<Cell><Data ss:Type="Number">0</Data></Cell>
			<Cell><Data ss:Type="String">2023-12-07 16:43:39.355877</Data></Cell>
		</Row>
		<Row>
			<Cell><Data ss:Type="String">1355</Data></Cell>
			<Cell><Data ss:Type="Number">0.25</Data></Cell>
			<Cell><Data ss:Type="Number">-10</Data></Cell>
			<Cell><Data ss:Type="Number">0.09</Data></Cell>
			<Cell><Data ss:Type="Number">-9.48</Data></Cell>
			<Cell><Data ss:Type="Number">-0.07</Data></Cell>
			<Cell><Data ss:Type="Number">-0.93</Data></Cell>
			<Cell><Data ss:Type="Number">22.7</Data></Cell>
			<Cell><Data ss:Type="Number">39.6</Data></Cell>
			<Cell><Data ss:Type="Number">0</Data></Cell>
			<Cell><Data ss:Type="Number">0</Data></Cell>
			<Cell><Data ss:Type="String">2023-12-07 16:43:39.354062</Data></Cell>
		</Row>
		<Row>
			<Cell><Data ss:Type="String">1354</Data></Cell>
			<Cell><Data ss:Type="Number">0.3</Data></Cell>
			<Cell><Data ss:Type="Number">-10.2</Data></Cell>
			<Cell><Data ss:Type="Number">0.18</Data></Cell>
			<Cell><Data ss:Type="Number">-9.52</Data></Cell>
			<Cell><Data ss:Type="Number">-0.07</Data></Cell>
			<Cell><Data ss:Type="Number">-0.92</Data></Cell>
			<Cell><Data ss:Type="Number">22.7</Data></Cell>
			<Cell><Data ss:Type="Number">39.6</Data></Cell>
			<Cell><Data ss:Type="Number">0</Data></Cell>
			<Cell><Data ss:Type="Number">0</Data></Cell>
			<Cell><Data ss:Type="String">2023-12-07 16:43:39.352338</Data></Cell>
		</Row>
		<Row>
			<Cell><Data ss:Type="String">1353</Data></Cell>
			<Cell><Data ss:Type="Number">0.28</Data></Cell>
			<Cell><Data ss:Type="Number">-9.98</Data></Cell>
			<Cell><Data ss:Type="Number">0.09</Data></Cell>
			<Cell><Data ss:Type="Number">-9.45</Data></Cell>
			<Cell><Data ss:Type="Number">-0.09</Data></Cell>
			<Cell><Data ss:Type="Number">-0.95</Data></Cell>
			<Cell><Data ss:Type="Number">22.7</Data></Cell>
			<Cell><Data ss:Type="Number">39.6</Data></Cell>
			<Cell><Data ss:Type="Number">0</Data></Cell>
			<Cell><Data ss:Type="Number">0</Data></Cell>
			<Cell><Data ss:Type="String">2023-12-07 16:43:39.350220</Data></Cell>
		</Row>
		<Row>
			<Cell><Data ss:Type="String">1352</Data></Cell>
			<Cell><Data ss:Type="Number">0.25</Data></Cell>
			<Cell><Data ss:Type="Number">-10.07</Data></Cell>
			<Cell><Data ss:Type="Number">0.13</Data></Cell>
			<Cell><Data ss:Type="Number">-9.51</Data></Cell>
			<Cell><Data ss:Type="Number">-0.06</Data></Cell>
			<Cell><Data ss:Type="Number">-0.94</Data></Cell>
			<Cell><Data ss:Type="Number">22.7</Data></Cell>
			<Cell><Data ss:Type="Number">39.6</Data></Cell>
			<Cell><Data ss:Type="Number">0</Data></Cell>
			<Cell><Data ss:Type="Number">0</Data></Cell>
			<Cell><Data ss:Type="String">2023-12-07 16:43:39.137812</Data></Cell>
		</Row>
		<Row>
			<Cell><Data ss:Type="String">1351</Data></Cell>
			<Cell><Data ss:Type="Number">0.3</Data></Cell>
			<Cell><Data ss:Type="Number">-10.17</Data></Cell>
			<Cell><Data ss:Type="Number">0.17</Data></Cell>
			<Cell><Data ss:Type="Number">-9.53</Data></Cell>
			<Cell><Data ss:Type="Number">-0.06</Data></Cell>
			<Cell><Data ss:Type="Number">-0.92</Data></Cell>
			<Cell><Data ss:Type="Number">22.7</Data></Cell>
			<Cell><Data ss:Type="Number">39.6</Data></Cell>
			<Cell><Data ss:Type="Number">0</Data></Cell>
			<Cell><Data ss:Type="Number">0</Data></Cell>
			<Cell><Data ss:Type="String">2023-12-07 16:43:39.095053</Data></Cell>
		</Row>
		<Row>
			<Cell><Data ss:Type="String">1350</Data></Cell>
			<Cell><Data ss:Type="Number">0.23</Data></Cell>
			<Cell><Data ss:Type="Number">-10.18</Data></Cell>
			<Cell><Data ss:Type="Number">0.17</Data></Cell>
			<Cell><Data ss:Type="Number">-9.45</Data></Cell>
			<Cell><Data ss:Type="Number">-0.07</Data></Cell>
			<Cell><Data ss:Type="Number">-0.91</Data></Cell>
			<Cell><Data ss:Type="Number">22.7</Data></Cell>
			<Cell><Data ss:Type="Number">39.6</Data></Cell>
			<Cell><Data ss:Type="Number">0</Data></Cell>
			<Cell><Data ss:Type="Number">0</Data></Cell>
			<Cell><Data ss:Type="String">2023-12-07 16:43:39.092450</Data></Cell>
		</Row>
		<Row>
			<Cell><Data ss:Type="String">1349</Data></Cell>
			<Cell><Data ss:Type="Number">0.25</Data></Cell>
			<Cell><Data ss:Type="Number">-9.97</Data></Cell>
			<Cell><Data ss:Type="Number">0.11</Data></Cell>
			<Cell><Data ss:Type="Number">-9.42</Data></Cell>
			<Cell><Data ss:Type="Number">-0.07</Data></Cell>
			<Cell><Data ss:Type="Number">-0.93</Data></Cell>
			<Cell><Data ss:Type="Number">22.7</Data></Cell>
			<Cell><Data ss:Type="Number">39.6</Data></Cell>
			<Cell><Data ss:Type="Number">0</Data></Cell>
			<Cell><Data ss:Type="Number">0</Data></Cell>
			<Cell><Data ss:Type="String">2023-12-07 16:43:39.048316</Data></Cell>
		</Row>
		<Row>
			<Cell><Data ss:Type="String">1348</Data></Cell>
			<Cell><Data ss:Type="Number">0.32</Data></Cell>
			<Cell><Data ss:Type="Number">-10.1</Data></Cell>
			<Cell><Data ss:Type="Number">0.09</Data></Cell>
			<Cell><Data ss:Type="Number">-9.48</Data></Cell>
			<Cell><Data ss:Type="Number">-0.1</Data></Cell>
			<Cell><Data ss:Type="Number">-0.92</Data></Cell>
			<Cell><Data ss:Type="Number">22.7</Data></Cell>
			<Cell><Data ss:Type="Number">39.6</Data></Cell>
			<Cell><Data ss:Type="Number">0</Data></Cell>
			<Cell><Data ss:Type="Number">0</Data></Cell>
			<Cell><Data ss:Type="String">2023-12-07 16:43:39.000034</Data></Cell>
		</Row>
		<Row>
			<Cell><Data ss:Type="String">1347</Data></Cell>
			<Cell><Data ss:Type="Number">0.34</Data></Cell>
			<Cell><Data ss:Type="Number">-10.11</Data></Cell>
			<Cell><Data ss:Type="Number">0.09</Data></Cell>
			<Cell><Data ss:Type="Number">-9.5</Data></Cell>
			<Cell><Data ss:Type="Number">-0.09</Data></Cell>
			<Cell><Data ss:Type="Number">-0.91</Data></Cell>
			<Cell><Data ss:Type="Number">22.7</Data></Cell>
			<Cell><Data ss:Type="Number">39.6</Data></Cell>
			<Cell><Data ss:Type="Number">0</Data></Cell>
			<Cell><Data ss:Type="Number">0</Data></Cell>
			<Cell><Data ss:Type="String">2023-12-07 16:43:38.948693</Data></Cell>
		</Row>
		<Row>
			<Cell><Data ss:Type="String">1346</Data></Cell>
			<Cell><Data ss:Type="Number">0.29</Data></Cell>
			<Cell><Data ss:Type="Number">-10.17</Data></Cell>
			<Cell><Data ss:Type="Number">0.15</Data></Cell>
			<Cell><Data ss:Type="Number">-9.54</Data></Cell>
			<Cell><Data ss:Type="Number">-0.09</Data></Cell>
			<Cell><Data ss:Type="Number">-0.89</Data></Cell>
			<Cell><Data ss:Type="Number">22.7</Data></Cell>
			<Cell><Data ss:Type="Number">39.6</Data></Cell>
			<Cell><Data ss:Type="Number">0</Data></Cell>
			<Cell><Data ss:Type="Number">0</Data></Cell>
			<Cell><Data ss:Type="String">2023-12-07 16:43:38.947004</Data></Cell>
		</Row>
		<Row>
			<Cell><Data ss:Type="String">1345</Data></Cell>
			<Cell><Data ss:Type="Number">0.28</Data></Cell>
			<Cell><Data ss:Type="Number">-10.1</Data></Cell>
			<Cell><Data ss:Type="Number">0.14</Data></Cell>
			<Cell><Data ss:Type="Number">-9.51</Data></Cell>
			<Cell><Data ss:Type="Number">-0.06</Data></Cell>
			<Cell><Data ss:Type="Number">-0.88</Data></Cell>
			<Cell><Data ss:Type="Number">22.7</Data></Cell>
			<Cell><Data ss:Type="Number">39.6</Data></Cell>
			<Cell><Data ss:Type="Number">0</Data></Cell>
			<Cell><Data ss:Type="Number">0</Data></Cell>
			<Cell><Data ss:Type="String">2023-12-07 16:43:38.944183</Data></Cell>
		</Row>
		<Row>
			<Cell><Data ss:Type="String">1344</Data></Cell>
			<Cell><Data ss:Type="Number">0.29</Data></Cell>
			<Cell><Data ss:Type="Number">-10.03</Data></Cell>
			<Cell><Data ss:Type="Number">0.12</Data></Cell>
			<Cell><Data ss:Type="Number">-9.43</Data></Cell>
			<Cell><Data ss:Type="Number">-0.06</Data></Cell>
			<Cell><Data ss:Type="Number">-0.93</Data></Cell>
			<Cell><Data ss:Type="Number">22.7</Data></Cell>
			<Cell><Data ss:Type="Number">39.6</Data></Cell>
			<Cell><Data ss:Type="Number">0</Data></Cell>
			<Cell><Data ss:Type="Number">0</Data></Cell>
			<Cell><Data ss:Type="String">2023-12-07 16:43:38.848669</Data></Cell>
		</Row>
		<Row>
			<Cell><Data ss:Type="String">1343</Data></Cell>
			<Cell><Data ss:Type="Number">0.28</Data></Cell>
			<Cell><Data ss:Type="Number">-10.12</Data></Cell>
			<Cell><Data ss:Type="Number">0.1</Data></Cell>
			<Cell><Data ss:Type="Number">-9.49</Data></Cell>
			<Cell><Data ss:Type="Number">-0.06</Data></Cell>
			<Cell><Data ss:Type="Number">-0.94</Data></Cell>
			<Cell><Data ss:Type="Number">22.7</Data></Cell>
			<Cell><Data ss:Type="Number">39.6</Data></Cell>
			<Cell><Data ss:Type="Number">0</Data></Cell>
			<Cell><Data ss:Type="Number">0</Data></Cell>
			<Cell><Data ss:Type="String">2023-12-07 16:43:38.846512</Data></Cell>
		</Row>
		<Row>
			<Cell><Data ss:Type="String">1342</Data></Cell>
			<Cell><Data ss:Type="Number">0.32</Data></Cell>
			<Cell><Data ss:Type="Number">-10.11</Data></Cell>
			<Cell><Data ss:Type="Number">0.15</Data></Cell>
			<Cell><Data ss:Type="Number">-9.51</Data></Cell>
			<Cell><Data ss:Type="Number">-0.07</Data></Cell>
			<Cell><Data ss:Type="Number">-0.92</Data></Cell>
			<Cell><Data ss:Type="Number">22.7</Data></Cell>
			<Cell><Data ss:Type="Number">39.6</Data></Cell>
			<Cell><Data ss:Type="Number">0</Data></Cell>
			<Cell><Data ss:Type="Number">0</Data></Cell>
			<Cell><Data ss:Type="String">2023-12-07 16:43:38.797942</Data></Cell>
		</Row>
		<Row>
			<Cell><Data ss:Type="String">1341</Data></Cell>
			<Cell><Data ss:Type="Number">0.28</Data></Cell>
			<Cell><Data ss:Type="Number">-10.11</Data></Cell>
			<Cell><Data ss:Type="Number">0.16</Data></Cell>
			<Cell><Data ss:Type="Number">-9.49</Data></Cell>
			<Cell><Data ss:Type="Number">-0.06</Data></Cell>
			<Cell><Data ss:Type="Number">-0.91</Data></Cell>
			<Cell><Data ss:Type="Number">22.7</Data></Cell>
			<Cell><Data ss:Type="Number">39.6</Data></Cell>
			<Cell><Data ss:Type="Number">0</Data></Cell>
			<Cell><Data ss:Type="Number">0</Data></Cell>
			<Cell><Data ss:Type="String">2023-12-07 16:43:38.794547</Data></Cell>
		</Row>
		<Row>
			<Cell><Data ss:Type="String">1340</Data></Cell>
			<Cell><Data ss:Type="Number">0.26</Data></Cell>
			<Cell><Data ss:Type="Number">-10.07</Data></Cell>
			<Cell><Data ss:Type="Number">0.16</Data></Cell>
			<Cell><Data ss:Type="Number">-9.45</Data></Cell>
			<Cell><Data ss:Type="Number">-0.05</Data></Cell>
			<Cell><Data ss:Type="Number">-0.92</Data></Cell>
			<Cell><Data ss:Type="Number">22.7</Data></Cell>
			<Cell><Data ss:Type="Number">39.6</Data></Cell>
			<Cell><Data ss:Type="Number">0</Data></Cell>
			<Cell><Data ss:Type="Number">0</Data></Cell>
			<Cell><Data ss:Type="String">2023-12-07 16:43:38.737333</Data></Cell>
		</Row>
		<Row>
			<Cell><Data ss:Type="String">1339</Data></Cell>
			<Cell><Data ss:Type="Number">0.33</Data></Cell>
			<Cell><Data ss:Type="Number">-10.16</Data></Cell>
			<Cell><Data ss:Type="Number">0.16</Data></Cell>
			<Cell><Data ss:Type="Number">-9.52</Data></Cell>
			<Cell><Data ss:Type="Number">-0.06</Data></Cell>
			<Cell><Data ss:Type="Number">-0.89</Data></Cell>
			<Cell><Data ss:Type="Number">22.7</Data></Cell>
			<Cell><Data ss:Type="Number">39.6</Data></Cell>
			<Cell><Data ss:Type="Number">0</Data></Cell>
			<Cell><Data ss:Type="Number">0</Data></Cell>
			<Cell><Data ss:Type="String">2023-12-07 16:43:38.735745</Data></Cell>
		</Row>
		<Row>
			<Cell><Data ss:Type="String">1338</Data></Cell>
			<Cell><Data ss:Type="Number">0.29</Data></Cell>
			<Cell><Data ss:Type="Number">-10.04</Data></Cell>
			<Cell><Data ss:Type="Number">0.14</Data></Cell>
			<Cell><Data ss:Type="Number">-9.45</Data></Cell>
			<Cell><Data ss:Type="Number">-0.07</Data></Cell>
			<Cell><Data ss:Type="Number">-0.91</Data></Cell>
			<Cell><Data ss:Type="Number">22.7</Data></Cell>
			<Cell><Data ss:Type="Number">39.6</Data></Cell>
			<Cell><Data ss:Type="Number">0</Data></Cell>
			<Cell><Data ss:Type="Number">0</Data></Cell>
			<Cell><Data ss:Type="String">2023-12-07 16:43:38.667531</Data></Cell>
		</Row>
		<Row>
			<Cell><Data ss:Type="String">1337</Data></Cell>
			<Cell><Data ss:Type="Number">0.25</Data></Cell>
			<Cell><Data ss:Type="Number">-9.99</Data></Cell>
			<Cell><Data ss:Type="Number">0.14</Data></Cell>
			<Cell><Data ss:Type="Number">-9.42</Data></Cell>
			<Cell><Data ss:Type="Number">-0.06</Data></Cell>
			<Cell><Data ss:Type="Number">-0.92</Data></Cell>
			<Cell><Data ss:Type="Number">22.7</Data></Cell>
			<Cell><Data ss:Type="Number">39.6</Data></Cell>
			<Cell><Data ss:Type="Number">0</Data></Cell>
			<Cell><Data ss:Type="Number">0</Data></Cell>
			<Cell><Data ss:Type="String">2023-12-07 16:43:38.665679</Data></Cell>
		</Row>
		<Row>
			<Cell><Data ss:Type="String">1336</Data></Cell>
			<Cell><Data ss:Type="Number">0.32</Data></Cell>
			<Cell><Data ss:Type="Number">-10.01</Data></Cell>
			<Cell><Data ss:Type="Number">0.04</Data></Cell>
			<Cell><Data ss:Type="Number">-9.45</Data></Cell>
			<Cell><Data ss:Type="Number">-0.07</Data></Cell>
			<Cell><Data ss:Type="Number">-0.91</Data></Cell>
			<Cell><Data ss:Type="Number">22.7</Data></Cell>
			<Cell><Data ss:Type="Number">39.6</Data></Cell>
			<Cell><Data ss:Type="Number">0</Data></Cell>
			<Cell><Data ss:Type="Number">0</Data></Cell>
			<Cell><Data ss:Type="String">2023-12-07 16:43:38.581535</Data></Cell>
		</Row>
		<Row>
			<Cell><Data ss:Type="String">1335</Data></Cell>
			<Cell><Data ss:Type="Number">0.27</Data></Cell>
			<Cell><Data ss:Type="Number">-10.16</Data></Cell>
			<Cell><Data ss:Type="Number">0.14</Data></Cell>
			<Cell><Data ss:Type="Number">-9.52</Data></Cell>
			<Cell><Data ss:Type="Number">-0.06</Data></Cell>
			<Cell><Data ss:Type="Number">-0.9</Data></Cell>
			<Cell><Data ss:Type="Number">22.7</Data></Cell>
			<Cell><Data ss:Type="Number">39.6</Data></Cell>
			<Cell><Data ss:Type="Number">0</Data></Cell>
			<Cell><Data ss:Type="Number">0</Data></Cell>
			<Cell><Data ss:Type="String">2023-12-07 16:43:38.579672</Data></Cell>
		</Row>
		<Row>
			<Cell><Data ss:Type="String">1334</Data></Cell>
			<Cell><Data ss:Type="Number">0.25</Data></Cell>
			<Cell><Data ss:Type="Number">-10.11</Data></Cell>
			<Cell><Data ss:Type="Number">0.19</Data></Cell>
			<Cell><Data ss:Type="Number">-9.5</Data></Cell>
			<Cell><Data ss:Type="Number">-0.06</Data></Cell>
			<Cell><Data ss:Type="Number">-0.91</Data></Cell>
			<Cell><Data ss:Type="Number">22.7</Data></Cell>
			<Cell><Data ss:Type="Number">39.6</Data></Cell>
			<Cell><Data ss:Type="Number">0</Data></Cell>
			<Cell><Data ss:Type="Number">0</Data></Cell>
			<Cell><Data ss:Type="String">2023-12-07 16:43:38.523166</Data></Cell>
		</Row>
		<Row>
			<Cell><Data ss:Type="String">1333</Data></Cell>
			<Cell><Data ss:Type="Number">0.3</Data></Cell>
			<Cell><Data ss:Type="Number">-10.04</Data></Cell>
			<Cell><Data ss:Type="Number">0.1</Data></Cell>
			<Cell><Data ss:Type="Number">-9.41</Data></Cell>
			<Cell><Data ss:Type="Number">-0.06</Data></Cell>
			<Cell><Data ss:Type="Number">-0.92</Data></Cell>
			<Cell><Data ss:Type="Number">22.7</Data></Cell>
			<Cell><Data ss:Type="Number">39.6</Data></Cell>
			<Cell><Data ss:Type="Number">0</Data></Cell>
			<Cell><Data ss:Type="Number">0</Data></Cell>
			<Cell><Data ss:Type="String">2023-12-07 16:43:38.481077</Data></Cell>
		</Row>
		<Row>
			<Cell><Data ss:Type="String">1332</Data></Cell>
			<Cell><Data ss:Type="Number">0.31</Data></Cell>
			<Cell><Data ss:Type="Number">-10.02</Data></Cell>
			<Cell><Data ss:Type="Number">0.07</Data></Cell>
			<Cell><Data ss:Type="Number">-9.52</Data></Cell>
			<Cell><Data ss:Type="Number">-0.08</Data></Cell>
			<Cell><Data ss:Type="Number">-0.93</Data></Cell>
			<Cell><Data ss:Type="Number">22.7</Data></Cell>
			<Cell><Data ss:Type="Number">39.6</Data></Cell>
			<Cell><Data ss:Type="Number">0</Data></Cell>
			<Cell><Data ss:Type="Number">0</Data></Cell>
			<Cell><Data ss:Type="String">2023-12-07 16:43:38.478969</Data></Cell>
		</Row>
		<Row>
			<Cell><Data ss:Type="String">1331</Data></Cell>
			<Cell><Data ss:Type="Number">0.31</Data></Cell>
			<Cell><Data ss:Type="Number">-10.09</Data></Cell>
			<Cell><Data ss:Type="Number">0.15</Data></Cell>
			<Cell><Data ss:Type="Number">-9.51</Data></Cell>
			<Cell><Data ss:Type="Number">-0.07</Data></Cell>
			<Cell><Data ss:Type="Number">-0.9</Data></Cell>
			<Cell><Data ss:Type="Number">22.7</Data></Cell>
			<Cell><Data ss:Type="Number">39.6</Data></Cell>
			<Cell><Data ss:Type="Number">0</Data></Cell>
			<Cell><Data ss:Type="Number">0</Data></Cell>
			<Cell><Data ss:Type="String">2023-12-07 16:43:38.437562</Data></Cell>
		</Row>
		<Row>
			<Cell><Data ss:Type="String">1330</Data></Cell>
			<Cell><Data ss:Type="Number">0.24</Data></Cell>
			<Cell><Data ss:Type="Number">-10.2</Data></Cell>
			<Cell><Data ss:Type="Number">0.29</Data></Cell>
			<Cell><Data ss:Type="Number">-9.52</Data></Cell>
			<Cell><Data ss:Type="Number">-0.07</Data></Cell>
			<Cell><Data ss:Type="Number">-0.87</Data></Cell>
			<Cell><Data ss:Type="Number">22.7</Data></Cell>
			<Cell><Data ss:Type="Number">39.6</Data></Cell>
			<Cell><Data ss:Type="Number">0</Data></Cell>
			<Cell><Data ss:Type="Number">0</Data></Cell>
			<Cell><Data ss:Type="String">2023-12-07 16:43:38.435320</Data></Cell>
		</Row>
		<Row>
			<Cell><Data ss:Type="String">1329</Data></Cell>
			<Cell><Data ss:Type="Number">0.25</Data></Cell>
			<Cell><Data ss:Type="Number">-10.27</Data></Cell>
			<Cell><Data ss:Type="Number">0.22</Data></Cell>
			<Cell><Data ss:Type="Number">-9.5</Data></Cell>
			<Cell><Data ss:Type="Number">-0.08</Data></Cell>
			<Cell><Data ss:Type="Number">-0.91</Data></Cell>
			<Cell><Data ss:Type="Number">22.7</Data></Cell>
			<Cell><Data ss:Type="Number">39.6</Data></Cell>
			<Cell><Data ss:Type="Number">0</Data></Cell>
			<Cell><Data ss:Type="Number">0</Data></Cell>
			<Cell><Data ss:Type="String">2023-12-07 16:43:38.433193</Data></Cell>
		</Row>
		<Row>
			<Cell><Data ss:Type="String">1328</Data></Cell>
			<Cell><Data ss:Type="Number">0.33</Data></Cell>
			<Cell><Data ss:Type="Number">-9.99</Data></Cell>
			<Cell><Data ss:Type="Number">0.17</Data></Cell>
			<Cell><Data ss:Type="Number">-9.43</Data></Cell>
			<Cell><Data ss:Type="Number">-0.07</Data></Cell>
			<Cell><Data ss:Type="Number">-0.93</Data></Cell>
			<Cell><Data ss:Type="Number">22.7</Data></Cell>
			<Cell><Data ss:Type="Number">39.6</Data></Cell>
			<Cell><Data ss:Type="Number">0</Data></Cell>
			<Cell><Data ss:Type="Number">0</Data></Cell>
			<Cell><Data ss:Type="String">2023-12-07 16:43:38.429935</Data></Cell>
		</Row>
		<Row>
			<Cell><Data ss:Type="String">1327</Data></Cell>
			<Cell><Data ss:Type="Number">0.29</Data></Cell>
			<Cell><Data ss:Type="Number">-10.14</Data></Cell>
			<Cell><Data ss:Type="Number">-0.14</Data></Cell>
			<Cell><Data ss:Type="Number">-9.5</Data></Cell>
			<Cell><Data ss:Type="Number">-0.07</Data></Cell>
			<Cell><Data ss:Type="Number">-0.93</Data></Cell>
			<Cell><Data ss:Type="Number">22.7</Data></Cell>
			<Cell><Data ss:Type="Number">39.6</Data></Cell>
			<Cell><Data ss:Type="Number">0</Data></Cell>
			<Cell><Data ss:Type="Number">0</Data></Cell>
			<Cell><Data ss:Type="String">2023-12-07 16:43:38.267550</Data></Cell>
		</Row>
		<Row>
			<Cell><Data ss:Type="String">1326</Data></Cell>
			<Cell><Data ss:Type="Number">0.35</Data></Cell>
			<Cell><Data ss:Type="Number">-10.15</Data></Cell>
			<Cell><Data ss:Type="Number">0.18</Data></Cell>
			<Cell><Data ss:Type="Number">-9.52</Data></Cell>
			<Cell><Data ss:Type="Number">-0.07</Data></Cell>
			<Cell><Data ss:Type="Number">-0.93</Data></Cell>
			<Cell><Data ss:Type="Number">22.7</Data></Cell>
			<Cell><Data ss:Type="Number">39.6</Data></Cell>
			<Cell><Data ss:Type="Number">0</Data></Cell>
			<Cell><Data ss:Type="Number">0</Data></Cell>
			<Cell><Data ss:Type="String">2023-12-07 16:43:38.263356</Data></Cell>
		</Row>
		<Row>
			<Cell><Data ss:Type="String">1325</Data></Cell>
			<Cell><Data ss:Type="Number">0.26</Data></Cell>
			<Cell><Data ss:Type="Number">-10.22</Data></Cell>
			<Cell><Data ss:Type="Number">0.23</Data></Cell>
			<Cell><Data ss:Type="Number">-9.51</Data></Cell>
			<Cell><Data ss:Type="Number">-0.08</Data></Cell>
			<Cell><Data ss:Type="Number">-0.86</Data></Cell>
			<Cell><Data ss:Type="Number">22.7</Data></Cell>
			<Cell><Data ss:Type="Number">39.6</Data></Cell>
			<Cell><Data ss:Type="Number">0</Data></Cell>
			<Cell><Data ss:Type="Number">0</Data></Cell>
			<Cell><Data ss:Type="String">2023-12-07 16:43:38.214924</Data></Cell>
		</Row>
		<Row>
			<Cell><Data ss:Type="String">1324</Data></Cell>
			<Cell><Data ss:Type="Number">0.26</Data></Cell>
			<Cell><Data ss:Type="Number">-10.17</Data></Cell>
			<Cell><Data ss:Type="Number">0.2</Data></Cell>
			<Cell><Data ss:Type="Number">-9.47</Data></Cell>
			<Cell><Data ss:Type="Number">-0.09</Data></Cell>
			<Cell><Data ss:Type="Number">-0.97</Data></Cell>
			<Cell><Data ss:Type="Number">22.7</Data></Cell>
			<Cell><Data ss:Type="Number">39.6</Data></Cell>
			<Cell><Data ss:Type="Number">0</Data></Cell>
			<Cell><Data ss:Type="Number">0</Data></Cell>
			<Cell><Data ss:Type="String">2023-12-07 16:43:38.172935</Data></Cell>
		</Row>
		<Row>
			<Cell><Data ss:Type="String">1323</Data></Cell>
			<Cell><Data ss:Type="Number">0.18</Data></Cell>
			<Cell><Data ss:Type="Number">-9.94</Data></Cell>
			<Cell><Data ss:Type="Number">0.08</Data></Cell>
			<Cell><Data ss:Type="Number">-9.39</Data></Cell>
			<Cell><Data ss:Type="Number">0.03</Data></Cell>
			<Cell><Data ss:Type="Number">-0.9</Data></Cell>
			<Cell><Data ss:Type="Number">22.7</Data></Cell>
			<Cell><Data ss:Type="Number">39.6</Data></Cell>
			<Cell><Data ss:Type="Number">0</Data></Cell>
			<Cell><Data ss:Type="Number">0</Data></Cell>
			<Cell><Data ss:Type="String">2023-12-07 16:43:38.171041</Data></Cell>
		</Row>
		<Row>
			<Cell><Data ss:Type="String">1322</Data></Cell>
			<Cell><Data ss:Type="Number">0.47</Data></Cell>
			<Cell><Data ss:Type="Number">-10.07</Data></Cell>
			<Cell><Data ss:Type="Number">0.06</Data></Cell>
			<Cell><Data ss:Type="Number">-9.52</Data></Cell>
			<Cell><Data ss:Type="Number">-0.13</Data></Cell>
			<Cell><Data ss:Type="Number">-1.01</Data></Cell>
			<Cell><Data ss:Type="Number">22.7</Data></Cell>
			<Cell><Data ss:Type="Number">39.6</Data></Cell>
			<Cell><Data ss:Type="Number">0</Data></Cell>
			<Cell><Data ss:Type="Number">0</Data></Cell>
			<Cell><Data ss:Type="String">2023-12-07 16:43:38.123281</Data></Cell>
		</Row>
		<Row>
			<Cell><Data ss:Type="String">1321</Data></Cell>
			<Cell><Data ss:Type="Number">0.34</Data></Cell>
			<Cell><Data ss:Type="Number">-10.03</Data></Cell>
			<Cell><Data ss:Type="Number">0.1</Data></Cell>
			<Cell><Data ss:Type="Number">-9.48</Data></Cell>
			<Cell><Data ss:Type="Number">-0.17</Data></Cell>
			<Cell><Data ss:Type="Number">-0.84</Data></Cell>
			<Cell><Data ss:Type="Number">22.7</Data></Cell>
			<Cell><Data ss:Type="Number">39.6</Data></Cell>
			<Cell><Data ss:Type="Number">0</Data></Cell>
			<Cell><Data ss:Type="Number">0</Data></Cell>
			<Cell><Data ss:Type="String">2023-12-07 16:43:38.080199</Data></Cell>
		</Row>
		<Row>
			<Cell><Data ss:Type="String">1320</Data></Cell>
			<Cell><Data ss:Type="Number">-0.02</Data></Cell>
			<Cell><Data ss:Type="Number">-10.32</Data></Cell>
			<Cell><Data ss:Type="Number">0.02</Data></Cell>
			<Cell><Data ss:Type="Number">-9.51</Data></Cell>
			<Cell><Data ss:Type="Number">-0.12</Data></Cell>
			<Cell><Data ss:Type="Number">-0.88</Data></Cell>
			<Cell><Data ss:Type="Number">22.7</Data></Cell>
			<Cell><Data ss:Type="Number">39.6</Data></Cell>
			<Cell><Data ss:Type="Number">0</Data></Cell>
			<Cell><Data ss:Type="Number">0</Data></Cell>
			<Cell><Data ss:Type="String">2023-12-07 16:43:38.077931</Data></Cell>
		</Row>
		<Row>
			<Cell><Data ss:Type="String">1319</Data></Cell>
			<Cell><Data ss:Type="Number">-0.25</Data></Cell>
			<Cell><Data ss:Type="Number">-10.01</Data></Cell>
			<Cell><Data ss:Type="Number">-0.24</Data></Cell>
			<Cell><Data ss:Type="Number">-9.45</Data></Cell>
			<Cell><Data ss:Type="Number">0.29</Data></Cell>
			<Cell><Data ss:Type="Number">-0.98</Data></Cell>
			<Cell><Data ss:Type="Number">22.7</Data></Cell>
			<Cell><Data ss:Type="Number">39.6</Data></Cell>
			<Cell><Data ss:Type="Number">0</Data></Cell>
			<Cell><Data ss:Type="Number">0</Data></Cell>
			<Cell><Data ss:Type="String">2023-12-07 16:43:38.037732</Data></Cell>
		</Row>
		<Row>
			<Cell><Data ss:Type="String">1318</Data></Cell>
			<Cell><Data ss:Type="Number">1.11</Data></Cell>
			<Cell><Data ss:Type="Number">-9.88</Data></Cell>
			<Cell><Data ss:Type="Number">0.46</Data></Cell>
			<Cell><Data ss:Type="Number">-9.42</Data></Cell>
			<Cell><Data ss:Type="Number">-0.37</Data></Cell>
			<Cell><Data ss:Type="Number">-0.86</Data></Cell>
			<Cell><Data ss:Type="Number">22.7</Data></Cell>
			<Cell><Data ss:Type="Number">39.6</Data></Cell>
			<Cell><Data ss:Type="Number">0</Data></Cell>
			<Cell><Data ss:Type="Number">0</Data></Cell>
			<Cell><Data ss:Type="String">2023-12-07 16:43:38.036141</Data></Cell>
		</Row>
		<Row>
			<Cell><Data ss:Type="String">1317</Data></Cell>
			<Cell><Data ss:Type="Number">0.16</Data></Cell>
			<Cell><Data ss:Type="Number">-10.12</Data></Cell>
			<Cell><Data ss:Type="Number">0.19</Data></Cell>
			<Cell><Data ss:Type="Number">-9.57</Data></Cell>
			<Cell><Data ss:Type="Number">-0.45</Data></Cell>
			<Cell><Data ss:Type="Number">-0.86</Data></Cell>
			<Cell><Data ss:Type="Number">22.7</Data></Cell>
			<Cell><Data ss:Type="Number">39.6</Data></Cell>
			<Cell><Data ss:Type="Number">0</Data></Cell>
			<Cell><Data ss:Type="Number">0</Data></Cell>
			<Cell><Data ss:Type="String">2023-12-07 16:43:38.034701</Data></Cell>
		</Row>
		<Row>
			<Cell><Data ss:Type="String">1316</Data></Cell>
			<Cell><Data ss:Type="Number">2.23</Data></Cell>
			<Cell><Data ss:Type="Number">-10.14</Data></Cell>
			<Cell><Data ss:Type="Number">-0.36</Data></Cell>
			<Cell><Data ss:Type="Number">-9.54</Data></Cell>
			<Cell><Data ss:Type="Number">0.67</Data></Cell>
			<Cell><Data ss:Type="Number">-0.97</Data></Cell>
			<Cell><Data ss:Type="Number">22.7</Data></Cell>
			<Cell><Data ss:Type="Number">39.6</Data></Cell>
			<Cell><Data ss:Type="Number">0</Data></Cell>
			<Cell><Data ss:Type="Number">0</Data></Cell>
			<Cell><Data ss:Type="String">2023-12-07 16:43:38.033029</Data></Cell>
		</Row>
		<Row>
			<Cell><Data ss:Type="String">1315</Data></Cell>
			<Cell><Data ss:Type="Number">1.36</Data></Cell>
			<Cell><Data ss:Type="Number">-9.78</Data></Cell>
			<Cell><Data ss:Type="Number">1.18</Data></Cell>
			<Cell><Data ss:Type="Number">-9.37</Data></Cell>
			<Cell><Data ss:Type="Number">-0.16</Data></Cell>
			<Cell><Data ss:Type="Number">-0.91</Data></Cell>
			<Cell><Data ss:Type="Number">22.7</Data></Cell>
			<Cell><Data ss:Type="Number">39.6</Data></Cell>
			<Cell><Data ss:Type="Number">0</Data></Cell>
			<Cell><Data ss:Type="Number">0</Data></Cell>
			<Cell><Data ss:Type="String">2023-12-07 16:43:38.031373</Data></Cell>
		</Row>
		<Row>
			<Cell><Data ss:Type="String">1314</Data></Cell>
			<Cell><Data ss:Type="Number">1.28</Data></Cell>
			<Cell><Data ss:Type="Number">-11.74</Data></Cell>
			<Cell><Data ss:Type="Number">0.43</Data></Cell>
			<Cell><Data ss:Type="Number">-9.67</Data></Cell>
			<Cell><Data ss:Type="Number">-1.24</Data></Cell>
			<Cell><Data ss:Type="Number">-1.14</Data></Cell>
			<Cell><Data ss:Type="Number">22.7</Data></Cell>
			<Cell><Data ss:Type="Number">39.6</Data></Cell>
			<Cell><Data ss:Type="Number">0</Data></Cell>
			<Cell><Data ss:Type="Number">0</Data></Cell>
			<Cell><Data ss:Type="String">2023-12-07 16:43:38.028850</Data></Cell>
		</Row>
		<Row>
			<Cell><Data ss:Type="String">1313</Data></Cell>
			<Cell><Data ss:Type="Number">0.39</Data></Cell>
			<Cell><Data ss:Type="Number">-10.93</Data></Cell>
			<Cell><Data ss:Type="Number">-0.37</Data></Cell>
			<Cell><Data ss:Type="Number">-9.67</Data></Cell>
			<Cell><Data ss:Type="Number">-0.07</Data></Cell>
			<Cell><Data ss:Type="Number">-0.94</Data></Cell>
			<Cell><Data ss:Type="Number">22.7</Data></Cell>
			<Cell><Data ss:Type="Number">39.6</Data></Cell>
			<Cell><Data ss:Type="Number">0</Data></Cell>
			<Cell><Data ss:Type="Number">0</Data></Cell>
			<Cell><Data ss:Type="String">2023-12-07 16:43:38.023027</Data></Cell>
		</Row>
		<Row>
			<Cell><Data ss:Type="String">1312</Data></Cell>
			<Cell><Data ss:Type="Number">0.52</Data></Cell>
			<Cell><Data ss:Type="Number">-10.16</Data></Cell>
			<Cell><Data ss:Type="Number">0.28</Data></Cell>
			<Cell><Data ss:Type="Number">-9.53</Data></Cell>
			<Cell><Data ss:Type="Number">-0.09</Data></Cell>
			<Cell><Data ss:Type="Number">-0.92</Data></Cell>
			<Cell><Data ss:Type="Number">22.7</Data></Cell>
			<Cell><Data ss:Type="Number">39.6</Data></Cell>
			<Cell><Data ss:Type="Number">0</Data></Cell>
			<Cell><Data ss:Type="Number">0</Data></Cell>
			<Cell><Data ss:Type="String">2023-12-07 16:43:37.804585</Data></Cell>
		</Row>
		<Row>
			<Cell><Data ss:Type="String">1311</Data></Cell>
			<Cell><Data ss:Type="Number">0.12</Data></Cell>
			<Cell><Data ss:Type="Number">-10.67</Data></Cell>
			<Cell><Data ss:Type="Number">-0.02</Data></Cell>
			<Cell><Data ss:Type="Number">-9.53</Data></Cell>
			<Cell><Data ss:Type="Number">-0.01</Data></Cell>
			<Cell><Data ss:Type="Number">-0.84</Data></Cell>
			<Cell><Data ss:Type="Number">22.7</Data></Cell>
			<Cell><Data ss:Type="Number">39.6</Data></Cell>
			<Cell><Data ss:Type="Number">0</Data></Cell>
			<Cell><Data ss:Type="Number">0</Data></Cell>
			<Cell><Data ss:Type="String">2023-12-07 16:43:37.802910</Data></Cell>
		</Row>
		<Row>
			<Cell><Data ss:Type="String">1310</Data></Cell>
			<Cell><Data ss:Type="Number">-0.15</Data></Cell>
			<Cell><Data ss:Type="Number">-10.02</Data></Cell>
			<Cell><Data ss:Type="Number">-0.22</Data></Cell>
			<Cell><Data ss:Type="Number">-9.55</Data></Cell>
			<Cell><Data ss:Type="Number">-0.08</Data></Cell>
			<Cell><Data ss:Type="Number">-0.92</Data></Cell>
			<Cell><Data ss:Type="Number">22.7</Data></Cell>
			<Cell><Data ss:Type="Number">39.6</Data></Cell>
			<Cell><Data ss:Type="Number">0</Data></Cell>
			<Cell><Data ss:Type="Number">0</Data></Cell>
			<Cell><Data ss:Type="String">2023-12-07 16:43:37.801456</Data></Cell>
		</Row>
		<Row>
			<Cell><Data ss:Type="String">1309</Data></Cell>
			<Cell><Data ss:Type="Number">0.24</Data></Cell>
			<Cell><Data ss:Type="Number">-10.27</Data></Cell>
			<Cell><Data ss:Type="Number">-0.19</Data></Cell>
			<Cell><Data ss:Type="Number">-9.52</Data></Cell>
			<Cell><Data ss:Type="Number">-0.1</Data></Cell>
			<Cell><Data ss:Type="Number">-0.93</Data></Cell>
			<Cell><Data ss:Type="Number">22.7</Data></Cell>
			<Cell><Data ss:Type="Number">39.6</Data></Cell>
			<Cell><Data ss:Type="Number">0</Data></Cell>
			<Cell><Data ss:Type="Number">0</Data></Cell>
			<Cell><Data ss:Type="String">2023-12-07 16:43:37.799837</Data></Cell>
		</Row>
		<Row>
			<Cell><Data ss:Type="String">1308</Data></Cell>
			<Cell><Data ss:Type="Number">0.2</Data></Cell>
			<Cell><Data ss:Type="Number">-10.04</Data></Cell>
			<Cell><Data ss:Type="Number">-0.08</Data></Cell>
			<Cell><Data ss:Type="Number">-9.45</Data></Cell>
			<Cell><Data ss:Type="Number">-0.02</Data></Cell>
			<Cell><Data ss:Type="Number">-0.87</Data></Cell>
			<Cell><Data ss:Type="Number">22.7</Data></Cell>
			<Cell><Data ss:Type="Number">39.6</Data></Cell>
			<Cell><Data ss:Type="Number">0</Data></Cell>
			<Cell><Data ss:Type="Number">0</Data></Cell>
			<Cell><Data ss:Type="String">2023-12-07 16:43:37.797025</Data></Cell>
		</Row>
		<Row>
			<Cell><Data ss:Type="String">1307</Data></Cell>
			<Cell><Data ss:Type="Number">-0.02</Data></Cell>
			<Cell><Data ss:Type="Number">-10.08</Data></Cell>
			<Cell><Data ss:Type="Number">0.14</Data></Cell>
			<Cell><Data ss:Type="Number">-9.4</Data></Cell>
			<Cell><Data ss:Type="Number">-0.01</Data></Cell>
			<Cell><Data ss:Type="Number">-0.96</Data></Cell>
			<Cell><Data ss:Type="Number">22.7</Data></Cell>
			<Cell><Data ss:Type="Number">39.6</Data></Cell>
			<Cell><Data ss:Type="Number">0</Data></Cell>
			<Cell><Data ss:Type="Number">0</Data></Cell>
			<Cell><Data ss:Type="String">2023-12-07 16:43:37.793039</Data></Cell>
		</Row>
		<Row>
			<Cell><Data ss:Type="String">1306</Data></Cell>
			<Cell><Data ss:Type="Number">-0.03</Data></Cell>
			<Cell><Data ss:Type="Number">-9.75</Data></Cell>
			<Cell><Data ss:Type="Number">0.17</Data></Cell>
			<Cell><Data ss:Type="Number">-9.43</Data></Cell>
			<Cell><Data ss:Type="Number">-0.05</Data></Cell>
			<Cell><Data ss:Type="Number">-0.91</Data></Cell>
			<Cell><Data ss:Type="Number">22.7</Data></Cell>
			<Cell><Data ss:Type="Number">39.6</Data></Cell>
			<Cell><Data ss:Type="Number">0</Data></Cell>
			<Cell><Data ss:Type="Number">0</Data></Cell>
			<Cell><Data ss:Type="String">2023-12-07 16:43:37.790332</Data></Cell>
		</Row>
		<Row>
			<Cell><Data ss:Type="String">1305</Data></Cell>
			<Cell><Data ss:Type="Number">0.6</Data></Cell>
			<Cell><Data ss:Type="Number">-10.94</Data></Cell>
			<Cell><Data ss:Type="Number">0.01</Data></Cell>
			<Cell><Data ss:Type="Number">-9.61</Data></Cell>
			<Cell><Data ss:Type="Number">-0.16</Data></Cell>
			<Cell><Data ss:Type="Number">-0.94</Data></Cell>
			<Cell><Data ss:Type="Number">22.7</Data></Cell>
			<Cell><Data ss:Type="Number">39.6</Data></Cell>
			<Cell><Data ss:Type="Number">0</Data></Cell>
			<Cell><Data ss:Type="Number">0</Data></Cell>
			<Cell><Data ss:Type="String">2023-12-07 16:43:37.555888</Data></Cell>
		</Row>
		<Row>
			<Cell><Data ss:Type="String">1304</Data></Cell>
			<Cell><Data ss:Type="Number">0.11</Data></Cell>
			<Cell><Data ss:Type="Number">-10.08</Data></Cell>
			<Cell><Data ss:Type="Number">0.16</Data></Cell>
			<Cell><Data ss:Type="Number">-9.59</Data></Cell>
			<Cell><Data ss:Type="Number">0.02</Data></Cell>
			<Cell><Data ss:Type="Number">-0.84</Data></Cell>
			<Cell><Data ss:Type="Number">22.7</Data></Cell>
			<Cell><Data ss:Type="Number">39.6</Data></Cell>
			<Cell><Data ss:Type="Number">0</Data></Cell>
			<Cell><Data ss:Type="Number">0</Data></Cell>
			<Cell><Data ss:Type="String">2023-12-07 16:43:37.512374</Data></Cell>
		</Row>
		<Row>
			<Cell><Data ss:Type="String">1303</Data></Cell>
			<Cell><Data ss:Type="Number">0</Data></Cell>
			<Cell><Data ss:Type="Number">-10.04</Data></Cell>
			<Cell><Data ss:Type="Number">-0.14</Data></Cell>
			<Cell><Data ss:Type="Number">-9.39</Data></Cell>
			<Cell><Data ss:Type="Number">-0.06</Data></Cell>
			<Cell><Data ss:Type="Number">-0.9</Data></Cell>
			<Cell><Data ss:Type="Number">22.7</Data></Cell>
			<Cell><Data ss:Type="Number">39.6</Data></Cell>
			<Cell><Data ss:Type="Number">0</Data></Cell>
			<Cell><Data ss:Type="Number">0</Data></Cell>
			<Cell><Data ss:Type="String">2023-12-07 16:43:37.509232</Data></Cell>
		</Row>
		<Row>
			<Cell><Data ss:Type="String">1302</Data></Cell>
			<Cell><Data ss:Type="Number">0.13</Data></Cell>
			<Cell><Data ss:Type="Number">-10.09</Data></Cell>
			<Cell><Data ss:Type="Number">-0.13</Data></Cell>
			<Cell><Data ss:Type="Number">-9.52</Data></Cell>
			<Cell><Data ss:Type="Number">-0.06</Data></Cell>
			<Cell><Data ss:Type="Number">-0.9</Data></Cell>
			<Cell><Data ss:Type="Number">22.7</Data></Cell>
			<Cell><Data ss:Type="Number">39.6</Data></Cell>
			<Cell><Data ss:Type="Number">0</Data></Cell>
			<Cell><Data ss:Type="Number">0</Data></Cell>
			<Cell><Data ss:Type="String">2023-12-07 16:43:37.506992</Data></Cell>
		</Row>
		<Row>
			<Cell><Data ss:Type="String">1301</Data></Cell>
			<Cell><Data ss:Type="Number">0.44</Data></Cell>
			<Cell><Data ss:Type="Number">-9.98</Data></Cell>
			<Cell><Data ss:Type="Number">0.23</Data></Cell>
			<Cell><Data ss:Type="Number">-9.53</Data></Cell>
			<Cell><Data ss:Type="Number">-0.08</Data></Cell>
			<Cell><Data ss:Type="Number">-0.86</Data></Cell>
			<Cell><Data ss:Type="Number">22.7</Data></Cell>
			<Cell><Data ss:Type="Number">39.6</Data></Cell>
			<Cell><Data ss:Type="Number">0</Data></Cell>
			<Cell><Data ss:Type="Number">0</Data></Cell>
			<Cell><Data ss:Type="String">2023-12-07 16:43:37.418276</Data></Cell>
		</Row>
		<Row>
			<Cell><Data ss:Type="String">1300</Data></Cell>
			<Cell><Data ss:Type="Number">0.2</Data></Cell>
			<Cell><Data ss:Type="Number">-10.49</Data></Cell>
			<Cell><Data ss:Type="Number">0.02</Data></Cell>
			<Cell><Data ss:Type="Number">-9.65</Data></Cell>
			<Cell><Data ss:Type="Number">-0.13</Data></Cell>
			<Cell><Data ss:Type="Number">-0.92</Data></Cell>
			<Cell><Data ss:Type="Number">22.7</Data></Cell>
			<Cell><Data ss:Type="Number">39.6</Data></Cell>
			<Cell><Data ss:Type="Number">0</Data></Cell>
			<Cell><Data ss:Type="Number">0</Data></Cell>
			<Cell><Data ss:Type="String">2023-12-07 16:43:37.370929</Data></Cell>
		</Row>
		<Row>
			<Cell><Data ss:Type="String">1299</Data></Cell>
			<Cell><Data ss:Type="Number">-0.05</Data></Cell>
			<Cell><Data ss:Type="Number">-10.03</Data></Cell>
			<Cell><Data ss:Type="Number">0.11</Data></Cell>
			<Cell><Data ss:Type="Number">-9.43</Data></Cell>
			<Cell><Data ss:Type="Number">-0.02</Data></Cell>
			<Cell><Data ss:Type="Number">-0.92</Data></Cell>
			<Cell><Data ss:Type="Number">22.7</Data></Cell>
			<Cell><Data ss:Type="Number">39.6</Data></Cell>
			<Cell><Data ss:Type="Number">0</Data></Cell>
			<Cell><Data ss:Type="Number">0</Data></Cell>
			<Cell><Data ss:Type="String">2023-12-07 16:43:37.330690</Data></Cell>
		</Row>
		<Row>
			<Cell><Data ss:Type="String">1298</Data></Cell>
			<Cell><Data ss:Type="Number">0.31</Data></Cell>
			<Cell><Data ss:Type="Number">-10.3</Data></Cell>
			<Cell><Data ss:Type="Number">0</Data></Cell>
			<Cell><Data ss:Type="Number">-9.4</Data></Cell>
			<Cell><Data ss:Type="Number">-0.14</Data></Cell>
			<Cell><Data ss:Type="Number">-0.94</Data></Cell>
			<Cell><Data ss:Type="Number">22.7</Data></Cell>
			<Cell><Data ss:Type="Number">39.6</Data></Cell>
			<Cell><Data ss:Type="Number">0</Data></Cell>
			<Cell><Data ss:Type="Number">0</Data></Cell>
			<Cell><Data ss:Type="String">2023-12-07 16:43:37.328141</Data></Cell>
		</Row>
		<Row>
			<Cell><Data ss:Type="String">1297</Data></Cell>
			<Cell><Data ss:Type="Number">0.59</Data></Cell>
			<Cell><Data ss:Type="Number">-10.32</Data></Cell>
			<Cell><Data ss:Type="Number">0.41</Data></Cell>
			<Cell><Data ss:Type="Number">-9.5</Data></Cell>
			<Cell><Data ss:Type="Number">-0.05</Data></Cell>
			<Cell><Data ss:Type="Number">-0.91</Data></Cell>
			<Cell><Data ss:Type="Number">22.7</Data></Cell>
			<Cell><Data ss:Type="Number">39.6</Data></Cell>
			<Cell><Data ss:Type="Number">0</Data></Cell>
			<Cell><Data ss:Type="Number">0</Data></Cell>
			<Cell><Data ss:Type="String">2023-12-07 16:43:37.281141</Data></Cell>
		</Row>
		<Row>
			<Cell><Data ss:Type="String">1296</Data></Cell>
			<Cell><Data ss:Type="Number">-0.12</Data></Cell>
			<Cell><Data ss:Type="Number">-10.53</Data></Cell>
			<Cell><Data ss:Type="Number">0.23</Data></Cell>
			<Cell><Data ss:Type="Number">-9.54</Data></Cell>
			<Cell><Data ss:Type="Number">-0.14</Data></Cell>
			<Cell><Data ss:Type="Number">-0.89</Data></Cell>
			<Cell><Data ss:Type="Number">22.7</Data></Cell>
			<Cell><Data ss:Type="Number">39.6</Data></Cell>
			<Cell><Data ss:Type="Number">0</Data></Cell>
			<Cell><Data ss:Type="Number">0</Data></Cell>
			<Cell><Data ss:Type="String">2023-12-07 16:43:37.234787</Data></Cell>
		</Row>
		<Row>
			<Cell><Data ss:Type="String">1295</Data></Cell>
			<Cell><Data ss:Type="Number">0.31</Data></Cell>
			<Cell><Data ss:Type="Number">-10.49</Data></Cell>
			<Cell><Data ss:Type="Number">0.21</Data></Cell>
			<Cell><Data ss:Type="Number">-9.45</Data></Cell>
			<Cell><Data ss:Type="Number">-0.04</Data></Cell>
			<Cell><Data ss:Type="Number">-0.92</Data></Cell>
			<Cell><Data ss:Type="Number">22.7</Data></Cell>
			<Cell><Data ss:Type="Number">39.6</Data></Cell>
			<Cell><Data ss:Type="Number">0</Data></Cell>
			<Cell><Data ss:Type="Number">0</Data></Cell>
			<Cell><Data ss:Type="String">2023-12-07 16:43:37.232960</Data></Cell>
		</Row>
		<Row>
			<Cell><Data ss:Type="String">1294</Data></Cell>
			<Cell><Data ss:Type="Number">0.43</Data></Cell>
			<Cell><Data ss:Type="Number">-10.43</Data></Cell>
			<Cell><Data ss:Type="Number">0.34</Data></Cell>
			<Cell><Data ss:Type="Number">-9.56</Data></Cell>
			<Cell><Data ss:Type="Number">-0.11</Data></Cell>
			<Cell><Data ss:Type="Number">-0.8</Data></Cell>
			<Cell><Data ss:Type="Number">22.7</Data></Cell>
			<Cell><Data ss:Type="Number">39.6</Data></Cell>
			<Cell><Data ss:Type="Number">0</Data></Cell>
			<Cell><Data ss:Type="Number">0</Data></Cell>
			<Cell><Data ss:Type="String">2023-12-07 16:43:37.186352</Data></Cell>
		</Row>
		<Row>
			<Cell><Data ss:Type="String">1293</Data></Cell>
			<Cell><Data ss:Type="Number">0.08</Data></Cell>
			<Cell><Data ss:Type="Number">-9.77</Data></Cell>
			<Cell><Data ss:Type="Number">-0.06</Data></Cell>
			<Cell><Data ss:Type="Number">-9.45</Data></Cell>
			<Cell><Data ss:Type="Number">-0.08</Data></Cell>
			<Cell><Data ss:Type="Number">-0.97</Data></Cell>
			<Cell><Data ss:Type="Number">22.7</Data></Cell>
			<Cell><Data ss:Type="Number">39.6</Data></Cell>
			<Cell><Data ss:Type="Number">0</Data></Cell>
			<Cell><Data ss:Type="Number">0</Data></Cell>
			<Cell><Data ss:Type="String">2023-12-07 16:43:37.140776</Data></Cell>
		</Row>
		<Row>
			<Cell><Data ss:Type="String">1292</Data></Cell>
			<Cell><Data ss:Type="Number">0.18</Data></Cell>
			<Cell><Data ss:Type="Number">-9.91</Data></Cell>
			<Cell><Data ss:Type="Number">0.2</Data></Cell>
			<Cell><Data ss:Type="Number">-9.64</Data></Cell>
			<Cell><Data ss:Type="Number">-0.08</Data></Cell>
			<Cell><Data ss:Type="Number">-0.83</Data></Cell>
			<Cell><Data ss:Type="Number">22.7</Data></Cell>
			<Cell><Data ss:Type="Number">39.6</Data></Cell>
			<Cell><Data ss:Type="Number">0</Data></Cell>
			<Cell><Data ss:Type="Number">0</Data></Cell>
			<Cell><Data ss:Type="String">2023-12-07 16:43:37.098741</Data></Cell>
		</Row>
		<Row>
			<Cell><Data ss:Type="String">1291</Data></Cell>
			<Cell><Data ss:Type="Number">0.09</Data></Cell>
			<Cell><Data ss:Type="Number">-9.9</Data></Cell>
			<Cell><Data ss:Type="Number">0.02</Data></Cell>
			<Cell><Data ss:Type="Number">-9.46</Data></Cell>
			<Cell><Data ss:Type="Number">-0.1</Data></Cell>
			<Cell><Data ss:Type="Number">-0.96</Data></Cell>
			<Cell><Data ss:Type="Number">22.7</Data></Cell>
			<Cell><Data ss:Type="Number">39.6</Data></Cell>
			<Cell><Data ss:Type="Number">0</Data></Cell>
			<Cell><Data ss:Type="Number">0</Data></Cell>
			<Cell><Data ss:Type="String">2023-12-07 16:43:37.096534</Data></Cell>
		</Row>
		<Row>
			<Cell><Data ss:Type="String">1290</Data></Cell>
			<Cell><Data ss:Type="Number">-0.21</Data></Cell>
			<Cell><Data ss:Type="Number">-10.02</Data></Cell>
			<Cell><Data ss:Type="Number">0.34</Data></Cell>
			<Cell><Data ss:Type="Number">-9.3</Data></Cell>
			<Cell><Data ss:Type="Number">-0.08</Data></Cell>
			<Cell><Data ss:Type="Number">-0.91</Data></Cell>
			<Cell><Data ss:Type="Number">22.7</Data></Cell>
			<Cell><Data ss:Type="Number">39.6</Data></Cell>
			<Cell><Data ss:Type="Number">0</Data></Cell>
			<Cell><Data ss:Type="Number">0</Data></Cell>
			<Cell><Data ss:Type="String">2023-12-07 16:43:37.048712</Data></Cell>
		</Row>
		<Row>
			<Cell><Data ss:Type="String">1289</Data></Cell>
			<Cell><Data ss:Type="Number">0.66</Data></Cell>
			<Cell><Data ss:Type="Number">-10.09</Data></Cell>
			<Cell><Data ss:Type="Number">0.57</Data></Cell>
			<Cell><Data ss:Type="Number">-9.4</Data></Cell>
			<Cell><Data ss:Type="Number">-0.07</Data></Cell>
			<Cell><Data ss:Type="Number">-0.89</Data></Cell>
			<Cell><Data ss:Type="Number">22.7</Data></Cell>
			<Cell><Data ss:Type="Number">39.6</Data></Cell>
			<Cell><Data ss:Type="Number">0</Data></Cell>
			<Cell><Data ss:Type="Number">0</Data></Cell>
			<Cell><Data ss:Type="String">2023-12-07 16:43:37.003942</Data></Cell>
		</Row>
		<Row>
			<Cell><Data ss:Type="String">1288</Data></Cell>
			<Cell><Data ss:Type="Number">1.08</Data></Cell>
			<Cell><Data ss:Type="Number">-10.41</Data></Cell>
			<Cell><Data ss:Type="Number">-0.2</Data></Cell>
			<Cell><Data ss:Type="Number">-9.67</Data></Cell>
			<Cell><Data ss:Type="Number">-0</Data></Cell>
			<Cell><Data ss:Type="Number">-0.92</Data></Cell>
			<Cell><Data ss:Type="Number">22.7</Data></Cell>
			<Cell><Data ss:Type="Number">39.6</Data></Cell>
			<Cell><Data ss:Type="Number">0</Data></Cell>
			<Cell><Data ss:Type="Number">0</Data></Cell>
			<Cell><Data ss:Type="String">2023-12-07 16:43:37.002136</Data></Cell>
		</Row>
		<Row>
			<Cell><Data ss:Type="String">1287</Data></Cell>
			<Cell><Data ss:Type="Number">-0.35</Data></Cell>
			<Cell><Data ss:Type="Number">-9.86</Data></Cell>
			<Cell><Data ss:Type="Number">0.2</Data></Cell>
			<Cell><Data ss:Type="Number">-9.43</Data></Cell>
			<Cell><Data ss:Type="Number">-0.62</Data></Cell>
			<Cell><Data ss:Type="Number">-0.62</Data></Cell>
			<Cell><Data ss:Type="Number">22.7</Data></Cell>
			<Cell><Data ss:Type="Number">39.6</Data></Cell>
			<Cell><Data ss:Type="Number">0</Data></Cell>
			<Cell><Data ss:Type="Number">0</Data></Cell>
			<Cell><Data ss:Type="String">2023-12-07 16:43:36.955260</Data></Cell>
		</Row>
		<Row>
			<Cell><Data ss:Type="String">1286</Data></Cell>
			<Cell><Data ss:Type="Number">0.31</Data></Cell>
			<Cell><Data ss:Type="Number">-10.25</Data></Cell>
			<Cell><Data ss:Type="Number">0.35</Data></Cell>
			<Cell><Data ss:Type="Number">-9.55</Data></Cell>
			<Cell><Data ss:Type="Number">-0.07</Data></Cell>
			<Cell><Data ss:Type="Number">-0.95</Data></Cell>
			<Cell><Data ss:Type="Number">22.7</Data></Cell>
			<Cell><Data ss:Type="Number">39.6</Data></Cell>
			<Cell><Data ss:Type="Number">0</Data></Cell>
			<Cell><Data ss:Type="Number">0</Data></Cell>
			<Cell><Data ss:Type="String">2023-12-07 16:43:36.903631</Data></Cell>
		</Row>
		<Row>
			<Cell><Data ss:Type="String">1285</Data></Cell>
			<Cell><Data ss:Type="Number">0.25</Data></Cell>
			<Cell><Data ss:Type="Number">-9.38</Data></Cell>
			<Cell><Data ss:Type="Number">0.26</Data></Cell>
			<Cell><Data ss:Type="Number">-9.34</Data></Cell>
			<Cell><Data ss:Type="Number">-0.11</Data></Cell>
			<Cell><Data ss:Type="Number">-0.89</Data></Cell>
			<Cell><Data ss:Type="Number">22.7</Data></Cell>
			<Cell><Data ss:Type="Number">39.6</Data></Cell>
			<Cell><Data ss:Type="Number">0</Data></Cell>
			<Cell><Data ss:Type="Number">0</Data></Cell>
			<Cell><Data ss:Type="String">2023-12-07 16:43:36.901552</Data></Cell>
		</Row>
		<Row>
			<Cell><Data ss:Type="String">1284</Data></Cell>
			<Cell><Data ss:Type="Number">-0.12</Data></Cell>
			<Cell><Data ss:Type="Number">-10.3</Data></Cell>
			<Cell><Data ss:Type="Number">-0.12</Data></Cell>
			<Cell><Data ss:Type="Number">-9.57</Data></Cell>
			<Cell><Data ss:Type="Number">-0.03</Data></Cell>
			<Cell><Data ss:Type="Number">-0.95</Data></Cell>
			<Cell><Data ss:Type="Number">22.7</Data></Cell>
			<Cell><Data ss:Type="Number">39.6</Data></Cell>
			<Cell><Data ss:Type="Number">0</Data></Cell>
			<Cell><Data ss:Type="Number">0</Data></Cell>
			<Cell><Data ss:Type="String">2023-12-07 16:43:36.899773</Data></Cell>
		</Row>
		<Row>
			<Cell><Data ss:Type="String">1283</Data></Cell>
			<Cell><Data ss:Type="Number">0.06</Data></Cell>
			<Cell><Data ss:Type="Number">-10.38</Data></Cell>
			<Cell><Data ss:Type="Number">0.13</Data></Cell>
			<Cell><Data ss:Type="Number">-9.69</Data></Cell>
			<Cell><Data ss:Type="Number">0.08</Data></Cell>
			<Cell><Data ss:Type="Number">-0.92</Data></Cell>
			<Cell><Data ss:Type="Number">22.7</Data></Cell>
			<Cell><Data ss:Type="Number">39.6</Data></Cell>
			<Cell><Data ss:Type="Number">0</Data></Cell>
			<Cell><Data ss:Type="Number">0</Data></Cell>
			<Cell><Data ss:Type="String">2023-12-07 16:43:36.897861</Data></Cell>
		</Row>
		<Row>
			<Cell><Data ss:Type="String">1282</Data></Cell>
			<Cell><Data ss:Type="Number">0.29</Data></Cell>
			<Cell><Data ss:Type="Number">-10.33</Data></Cell>
			<Cell><Data ss:Type="Number">0.41</Data></Cell>
			<Cell><Data ss:Type="Number">-9.56</Data></Cell>
			<Cell><Data ss:Type="Number">-0.2</Data></Cell>
			<Cell><Data ss:Type="Number">-0.82</Data></Cell>
			<Cell><Data ss:Type="Number">22.7</Data></Cell>
			<Cell><Data ss:Type="Number">39.6</Data></Cell>
			<Cell><Data ss:Type="Number">0</Data></Cell>
			<Cell><Data ss:Type="Number">0</Data></Cell>
			<Cell><Data ss:Type="String">2023-12-07 16:43:36.895411</Data></Cell>
		</Row>
		<Row>
			<Cell><Data ss:Type="String">1281</Data></Cell>
			<Cell><Data ss:Type="Number">0.67</Data></Cell>
			<Cell><Data ss:Type="Number">-9.76</Data></Cell>
			<Cell><Data ss:Type="Number">0.22</Data></Cell>
			<Cell><Data ss:Type="Number">-9.42</Data></Cell>
			<Cell><Data ss:Type="Number">-0.28</Data></Cell>
			<Cell><Data ss:Type="Number">-0.92</Data></Cell>
			<Cell><Data ss:Type="Number">22.7</Data></Cell>
			<Cell><Data ss:Type="Number">39.6</Data></Cell>
			<Cell><Data ss:Type="Number">0</Data></Cell>
			<Cell><Data ss:Type="Number">0</Data></Cell>
			<Cell><Data ss:Type="String">2023-12-07 16:43:36.892537</Data></Cell>
		</Row>
		<Row>
			<Cell><Data ss:Type="String">1280</Data></Cell>
			<Cell><Data ss:Type="Number">0.21</Data></Cell>
			<Cell><Data ss:Type="Number">-9.75</Data></Cell>
			<Cell><Data ss:Type="Number">0.14</Data></Cell>
			<Cell><Data ss:Type="Number">-9.46</Data></Cell>
			<Cell><Data ss:Type="Number">-0.03</Data></Cell>
			<Cell><Data ss:Type="Number">-0.87</Data></Cell>
			<Cell><Data ss:Type="Number">22.7</Data></Cell>
			<Cell><Data ss:Type="Number">39.6</Data></Cell>
			<Cell><Data ss:Type="Number">0</Data></Cell>
			<Cell><Data ss:Type="Number">0</Data></Cell>
			<Cell><Data ss:Type="String">2023-12-07 16:43:36.698101</Data></Cell>
		</Row>
		<Row>
			<Cell><Data ss:Type="String">1279</Data></Cell>
			<Cell><Data ss:Type="Number">-2.1</Data></Cell>
			<Cell><Data ss:Type="Number">-10.7</Data></Cell>
			<Cell><Data ss:Type="Number">-1.29</Data></Cell>
			<Cell><Data ss:Type="Number">-9.68</Data></Cell>
			<Cell><Data ss:Type="Number">0.82</Data></Cell>
			<Cell><Data ss:Type="Number">-1.04</Data></Cell>
			<Cell><Data ss:Type="Number">22.7</Data></Cell>
			<Cell><Data ss:Type="Number">39.6</Data></Cell>
			<Cell><Data ss:Type="Number">0</Data></Cell>
			<Cell><Data ss:Type="Number">0</Data></Cell>
			<Cell><Data ss:Type="String">2023-12-07 16:43:36.696044</Data></Cell>
		</Row>
		<Row>
			<Cell><Data ss:Type="String">1278</Data></Cell>
			<Cell><Data ss:Type="Number">3.85</Data></Cell>
			<Cell><Data ss:Type="Number">-9.79</Data></Cell>
			<Cell><Data ss:Type="Number">0.07</Data></Cell>
			<Cell><Data ss:Type="Number">-9.38</Data></Cell>
			<Cell><Data ss:Type="Number">0.22</Data></Cell>
			<Cell><Data ss:Type="Number">-1.06</Data></Cell>
			<Cell><Data ss:Type="Number">22.7</Data></Cell>
			<Cell><Data ss:Type="Number">39.6</Data></Cell>
			<Cell><Data ss:Type="Number">0</Data></Cell>
			<Cell><Data ss:Type="Number">0</Data></Cell>
			<Cell><Data ss:Type="String">2023-12-07 16:43:36.651927</Data></Cell>
		</Row>
		<Row>
			<Cell><Data ss:Type="String">1277</Data></Cell>
			<Cell><Data ss:Type="Number">3.63</Data></Cell>
			<Cell><Data ss:Type="Number">-10.04</Data></Cell>
			<Cell><Data ss:Type="Number">1.52</Data></Cell>
			<Cell><Data ss:Type="Number">-8.94</Data></Cell>
			<Cell><Data ss:Type="Number">-1.77</Data></Cell>
			<Cell><Data ss:Type="Number">-0.76</Data></Cell>
			<Cell><Data ss:Type="Number">22.7</Data></Cell>
			<Cell><Data ss:Type="Number">39.6</Data></Cell>
			<Cell><Data ss:Type="Number">0</Data></Cell>
			<Cell><Data ss:Type="Number">0</Data></Cell>
			<Cell><Data ss:Type="String">2023-12-07 16:43:36.597585</Data></Cell>
		</Row>
		<Row>
			<Cell><Data ss:Type="String">1276</Data></Cell>
			<Cell><Data ss:Type="Number">1.15</Data></Cell>
			<Cell><Data ss:Type="Number">5.29</Data></Cell>
			<Cell><Data ss:Type="Number">-1.14</Data></Cell>
			<Cell><Data ss:Type="Number">-1.54</Data></Cell>
			<Cell><Data ss:Type="Number">-0.73</Data></Cell>
			<Cell><Data ss:Type="Number">-1.85</Data></Cell>
			<Cell><Data ss:Type="Number">22.7</Data></Cell>
			<Cell><Data ss:Type="Number">39.6</Data></Cell>
			<Cell><Data ss:Type="Number">0</Data></Cell>
			<Cell><Data ss:Type="Number">0</Data></Cell>
			<Cell><Data ss:Type="String">2023-12-07 16:43:36.595611</Data></Cell>
		</Row>
		<Row>
			<Cell><Data ss:Type="String">1275</Data></Cell>
			<Cell><Data ss:Type="Number">0.27</Data></Cell>
			<Cell><Data ss:Type="Number">-9.93</Data></Cell>
			<Cell><Data ss:Type="Number">0.1</Data></Cell>
			<Cell><Data ss:Type="Number">-9.45</Data></Cell>
			<Cell><Data ss:Type="Number">-0.07</Data></Cell>
			<Cell><Data ss:Type="Number">-0.91</Data></Cell>
			<Cell><Data ss:Type="Number">22.7</Data></Cell>
			<Cell><Data ss:Type="Number">39.6</Data></Cell>
			<Cell><Data ss:Type="Number">0</Data></Cell>
			<Cell><Data ss:Type="Number">0</Data></Cell>
			<Cell><Data ss:Type="String">2023-12-07 16:43:36.592667</Data></Cell>
		</Row>
		<Row>
			<Cell><Data ss:Type="String">1274</Data></Cell>
			<Cell><Data ss:Type="Number">0.31</Data></Cell>
			<Cell><Data ss:Type="Number">-10</Data></Cell>
			<Cell><Data ss:Type="Number">0.1</Data></Cell>
			<Cell><Data ss:Type="Number">-9.5</Data></Cell>
			<Cell><Data ss:Type="Number">-0.07</Data></Cell>
			<Cell><Data ss:Type="Number">-0.9</Data></Cell>
			<Cell><Data ss:Type="Number">22.7</Data></Cell>
			<Cell><Data ss:Type="Number">39.6</Data></Cell>
			<Cell><Data ss:Type="Number">0</Data></Cell>
			<Cell><Data ss:Type="Number">0</Data></Cell>
			<Cell><Data ss:Type="String">2023-12-07 16:43:36.590135</Data></Cell>
		</Row>
		<Row>
			<Cell><Data ss:Type="String">1273</Data></Cell>
			<Cell><Data ss:Type="Number">0.29</Data></Cell>
			<Cell><Data ss:Type="Number">-10.29</Data></Cell>
			<Cell><Data ss:Type="Number">0.22</Data></Cell>
			<Cell><Data ss:Type="Number">-9.55</Data></Cell>
			<Cell><Data ss:Type="Number">-0.1</Data></Cell>
			<Cell><Data ss:Type="Number">-0.9</Data></Cell>
			<Cell><Data ss:Type="Number">22.7</Data></Cell>
			<Cell><Data ss:Type="Number">39.6</Data></Cell>
			<Cell><Data ss:Type="Number">0</Data></Cell>
			<Cell><Data ss:Type="Number">0</Data></Cell>
			<Cell><Data ss:Type="String">2023-12-07 16:43:36.588203</Data></Cell>
		</Row>
		<Row>
			<Cell><Data ss:Type="String">1272</Data></Cell>
			<Cell><Data ss:Type="Number">0.33</Data></Cell>
			<Cell><Data ss:Type="Number">-10.2</Data></Cell>
			<Cell><Data ss:Type="Number">0.21</Data></Cell>
			<Cell><Data ss:Type="Number">-9.5</Data></Cell>
			<Cell><Data ss:Type="Number">-0.06</Data></Cell>
			<Cell><Data ss:Type="Number">-0.89</Data></Cell>
			<Cell><Data ss:Type="Number">22.7</Data></Cell>
			<Cell><Data ss:Type="Number">39.6</Data></Cell>
			<Cell><Data ss:Type="Number">0</Data></Cell>
			<Cell><Data ss:Type="Number">0</Data></Cell>
			<Cell><Data ss:Type="String">2023-12-07 16:43:36.585437</Data></Cell>
		</Row>
		<Row>
			<Cell><Data ss:Type="String">1271</Data></Cell>
			<Cell><Data ss:Type="Number">0.33</Data></Cell>
			<Cell><Data ss:Type="Number">-9.88</Data></Cell>
			<Cell><Data ss:Type="Number">0.27</Data></Cell>
			<Cell><Data ss:Type="Number">-9.44</Data></Cell>
			<Cell><Data ss:Type="Number">-0.08</Data></Cell>
			<Cell><Data ss:Type="Number">-0.91</Data></Cell>
			<Cell><Data ss:Type="Number">22.7</Data></Cell>
			<Cell><Data ss:Type="Number">39.6</Data></Cell>
			<Cell><Data ss:Type="Number">0</Data></Cell>
			<Cell><Data ss:Type="Number">0</Data></Cell>
			<Cell><Data ss:Type="String">2023-12-07 16:43:36.429868</Data></Cell>
		</Row>
		<Row>
			<Cell><Data ss:Type="String">1270</Data></Cell>
			<Cell><Data ss:Type="Number">0.25</Data></Cell>
			<Cell><Data ss:Type="Number">-10.18</Data></Cell>
			<Cell><Data ss:Type="Number">0.15</Data></Cell>
			<Cell><Data ss:Type="Number">-9.52</Data></Cell>
			<Cell><Data ss:Type="Number">-0.07</Data></Cell>
			<Cell><Data ss:Type="Number">-0.91</Data></Cell>
			<Cell><Data ss:Type="Number">22.7</Data></Cell>
			<Cell><Data ss:Type="Number">39.6</Data></Cell>
			<Cell><Data ss:Type="Number">0</Data></Cell>
			<Cell><Data ss:Type="Number">0</Data></Cell>
			<Cell><Data ss:Type="String">2023-12-07 16:43:36.358931</Data></Cell>
		</Row>
		<Row>
			<Cell><Data ss:Type="String">1269</Data></Cell>
			<Cell><Data ss:Type="Number">0.28</Data></Cell>
			<Cell><Data ss:Type="Number">-10.19</Data></Cell>
			<Cell><Data ss:Type="Number">0.12</Data></Cell>
			<Cell><Data ss:Type="Number">-9.5</Data></Cell>
			<Cell><Data ss:Type="Number">-0.07</Data></Cell>
			<Cell><Data ss:Type="Number">-0.91</Data></Cell>
			<Cell><Data ss:Type="Number">22.7</Data></Cell>
			<Cell><Data ss:Type="Number">39.6</Data></Cell>
			<Cell><Data ss:Type="Number">0</Data></Cell>
			<Cell><Data ss:Type="Number">0</Data></Cell>
			<Cell><Data ss:Type="String">2023-12-07 16:43:36.356502</Data></Cell>
		</Row>
		<Row>
			<Cell><Data ss:Type="String">1268</Data></Cell>
			<Cell><Data ss:Type="Number">0.25</Data></Cell>
			<Cell><Data ss:Type="Number">-10.01</Data></Cell>
			<Cell><Data ss:Type="Number">0.21</Data></Cell>
			<Cell><Data ss:Type="Number">-9.42</Data></Cell>
			<Cell><Data ss:Type="Number">-0.07</Data></Cell>
			<Cell><Data ss:Type="Number">-0.91</Data></Cell>
			<Cell><Data ss:Type="Number">22.7</Data></Cell>
			<Cell><Data ss:Type="Number">39.6</Data></Cell>
			<Cell><Data ss:Type="Number">0</Data></Cell>
			<Cell><Data ss:Type="Number">0</Data></Cell>
			<Cell><Data ss:Type="String">2023-12-07 16:43:36.311937</Data></Cell>
		</Row>
		<Row>
			<Cell><Data ss:Type="String">1267</Data></Cell>
			<Cell><Data ss:Type="Number">0.29</Data></Cell>
			<Cell><Data ss:Type="Number">-10.17</Data></Cell>
			<Cell><Data ss:Type="Number">0.18</Data></Cell>
			<Cell><Data ss:Type="Number">-9.51</Data></Cell>
			<Cell><Data ss:Type="Number">-0.07</Data></Cell>
			<Cell><Data ss:Type="Number">-0.88</Data></Cell>
			<Cell><Data ss:Type="Number">22.7</Data></Cell>
			<Cell><Data ss:Type="Number">39.6</Data></Cell>
			<Cell><Data ss:Type="Number">0</Data></Cell>
			<Cell><Data ss:Type="Number">0</Data></Cell>
			<Cell><Data ss:Type="String">2023-12-07 16:43:36.250823</Data></Cell>
		</Row>
		<Row>
			<Cell><Data ss:Type="String">1266</Data></Cell>
			<Cell><Data ss:Type="Number">0.27</Data></Cell>
			<Cell><Data ss:Type="Number">-10.03</Data></Cell>
			<Cell><Data ss:Type="Number">0.11</Data></Cell>
			<Cell><Data ss:Type="Number">-9.43</Data></Cell>
			<Cell><Data ss:Type="Number">-0.06</Data></Cell>
			<Cell><Data ss:Type="Number">-0.93</Data></Cell>
			<Cell><Data ss:Type="Number">22.7</Data></Cell>
			<Cell><Data ss:Type="Number">39.6</Data></Cell>
			<Cell><Data ss:Type="Number">0</Data></Cell>
			<Cell><Data ss:Type="Number">0</Data></Cell>
			<Cell><Data ss:Type="String">2023-12-07 16:43:36.248833</Data></Cell>
		</Row>
		<Row>
			<Cell><Data ss:Type="String">1265</Data></Cell>
			<Cell><Data ss:Type="Number">0.34</Data></Cell>
			<Cell><Data ss:Type="Number">-10.01</Data></Cell>
			<Cell><Data ss:Type="Number">0.13</Data></Cell>
			<Cell><Data ss:Type="Number">-9.44</Data></Cell>
			<Cell><Data ss:Type="Number">-0.08</Data></Cell>
			<Cell><Data ss:Type="Number">-0.92</Data></Cell>
			<Cell><Data ss:Type="Number">22.7</Data></Cell>
			<Cell><Data ss:Type="Number">39.6</Data></Cell>
			<Cell><Data ss:Type="Number">0</Data></Cell>
			<Cell><Data ss:Type="Number">0</Data></Cell>
			<Cell><Data ss:Type="String">2023-12-07 16:43:36.204884</Data></Cell>
		</Row>
		<Row>
			<Cell><Data ss:Type="String">1264</Data></Cell>
			<Cell><Data ss:Type="Number">0.3</Data></Cell>
			<Cell><Data ss:Type="Number">-10.12</Data></Cell>
			<Cell><Data ss:Type="Number">0.17</Data></Cell>
			<Cell><Data ss:Type="Number">-9.55</Data></Cell>
			<Cell><Data ss:Type="Number">-0.1</Data></Cell>
			<Cell><Data ss:Type="Number">-0.9</Data></Cell>
			<Cell><Data ss:Type="Number">22.7</Data></Cell>
			<Cell><Data ss:Type="Number">39.6</Data></Cell>
			<Cell><Data ss:Type="Number">0</Data></Cell>
			<Cell><Data ss:Type="Number">0</Data></Cell>
			<Cell><Data ss:Type="String">2023-12-07 16:43:36.161260</Data></Cell>
		</Row>
		<Row>
			<Cell><Data ss:Type="String">1263</Data></Cell>
			<Cell><Data ss:Type="Number">0.32</Data></Cell>
			<Cell><Data ss:Type="Number">-10.2</Data></Cell>
			<Cell><Data ss:Type="Number">0.18</Data></Cell>
			<Cell><Data ss:Type="Number">-9.51</Data></Cell>
			<Cell><Data ss:Type="Number">-0.06</Data></Cell>
			<Cell><Data ss:Type="Number">-0.91</Data></Cell>
			<Cell><Data ss:Type="Number">22.7</Data></Cell>
			<Cell><Data ss:Type="Number">39.6</Data></Cell>
			<Cell><Data ss:Type="Number">0</Data></Cell>
			<Cell><Data ss:Type="Number">0</Data></Cell>
			<Cell><Data ss:Type="String">2023-12-07 16:43:36.158510</Data></Cell>
		</Row>
		<Row>
			<Cell><Data ss:Type="String">1262</Data></Cell>
			<Cell><Data ss:Type="Number">0.25</Data></Cell>
			<Cell><Data ss:Type="Number">-10.11</Data></Cell>
			<Cell><Data ss:Type="Number">0.13</Data></Cell>
			<Cell><Data ss:Type="Number">-9.45</Data></Cell>
			<Cell><Data ss:Type="Number">-0.07</Data></Cell>
			<Cell><Data ss:Type="Number">-0.89</Data></Cell>
			<Cell><Data ss:Type="Number">22.7</Data></Cell>
			<Cell><Data ss:Type="Number">39.6</Data></Cell>
			<Cell><Data ss:Type="Number">0</Data></Cell>
			<Cell><Data ss:Type="Number">0</Data></Cell>
			<Cell><Data ss:Type="String">2023-12-07 16:43:36.113069</Data></Cell>
		</Row>
		<Row>
			<Cell><Data ss:Type="String">1261</Data></Cell>
			<Cell><Data ss:Type="Number">0.27</Data></Cell>
			<Cell><Data ss:Type="Number">-9.95</Data></Cell>
			<Cell><Data ss:Type="Number">0.11</Data></Cell>
			<Cell><Data ss:Type="Number">-9.43</Data></Cell>
			<Cell><Data ss:Type="Number">-0.05</Data></Cell>
			<Cell><Data ss:Type="Number">-0.9</Data></Cell>
			<Cell><Data ss:Type="Number">22.7</Data></Cell>
			<Cell><Data ss:Type="Number">39.6</Data></Cell>
			<Cell><Data ss:Type="Number">0</Data></Cell>
			<Cell><Data ss:Type="Number">0</Data></Cell>
			<Cell><Data ss:Type="String">2023-12-07 16:43:36.065342</Data></Cell>
		</Row>
		<Row>
			<Cell><Data ss:Type="String">1260</Data></Cell>
			<Cell><Data ss:Type="Number">0.31</Data></Cell>
			<Cell><Data ss:Type="Number">-10.07</Data></Cell>
			<Cell><Data ss:Type="Number">0.15</Data></Cell>
			<Cell><Data ss:Type="Number">-9.46</Data></Cell>
			<Cell><Data ss:Type="Number">-0.09</Data></Cell>
			<Cell><Data ss:Type="Number">-0.91</Data></Cell>
			<Cell><Data ss:Type="Number">22.7</Data></Cell>
			<Cell><Data ss:Type="Number">39.6</Data></Cell>
			<Cell><Data ss:Type="Number">0</Data></Cell>
			<Cell><Data ss:Type="Number">0</Data></Cell>
			<Cell><Data ss:Type="String">2023-12-07 16:43:36.022282</Data></Cell>
		</Row>
		<Row>
			<Cell><Data ss:Type="String">1259</Data></Cell>
			<Cell><Data ss:Type="Number">0.29</Data></Cell>
			<Cell><Data ss:Type="Number">-10.19</Data></Cell>
			<Cell><Data ss:Type="Number">0.12</Data></Cell>
			<Cell><Data ss:Type="Number">-9.57</Data></Cell>
			<Cell><Data ss:Type="Number">-0.09</Data></Cell>
			<Cell><Data ss:Type="Number">-0.89</Data></Cell>
			<Cell><Data ss:Type="Number">22.7</Data></Cell>
			<Cell><Data ss:Type="Number">39.6</Data></Cell>
			<Cell><Data ss:Type="Number">0</Data></Cell>
			<Cell><Data ss:Type="Number">0</Data></Cell>
			<Cell><Data ss:Type="String">2023-12-07 16:43:36.020300</Data></Cell>
		</Row>
		<Row>
			<Cell><Data ss:Type="String">1258</Data></Cell>
			<Cell><Data ss:Type="Number">0.35</Data></Cell>
			<Cell><Data ss:Type="Number">-10.22</Data></Cell>
			<Cell><Data ss:Type="Number">0.11</Data></Cell>
			<Cell><Data ss:Type="Number">-9.48</Data></Cell>
			<Cell><Data ss:Type="Number">-0.06</Data></Cell>
			<Cell><Data ss:Type="Number">-0.91</Data></Cell>
			<Cell><Data ss:Type="Number">22.7</Data></Cell>
			<Cell><Data ss:Type="Number">39.6</Data></Cell>
			<Cell><Data ss:Type="Number">0</Data></Cell>
			<Cell><Data ss:Type="Number">0</Data></Cell>
			<Cell><Data ss:Type="String">2023-12-07 16:43:35.972661</Data></Cell>
		</Row>
		<Row>
			<Cell><Data ss:Type="String">1257</Data></Cell>
			<Cell><Data ss:Type="Number">0.35</Data></Cell>
			<Cell><Data ss:Type="Number">-10.04</Data></Cell>
			<Cell><Data ss:Type="Number">0.13</Data></Cell>
			<Cell><Data ss:Type="Number">-9.43</Data></Cell>
			<Cell><Data ss:Type="Number">-0.06</Data></Cell>
			<Cell><Data ss:Type="Number">-0.93</Data></Cell>
			<Cell><Data ss:Type="Number">22.7</Data></Cell>
			<Cell><Data ss:Type="Number">39.6</Data></Cell>
			<Cell><Data ss:Type="Number">0</Data></Cell>
			<Cell><Data ss:Type="Number">0</Data></Cell>
			<Cell><Data ss:Type="String">2023-12-07 16:43:35.970811</Data></Cell>
		</Row>
		<Row>
			<Cell><Data ss:Type="String">1256</Data></Cell>
			<Cell><Data ss:Type="Number">0.26</Data></Cell>
			<Cell><Data ss:Type="Number">-10.03</Data></Cell>
			<Cell><Data ss:Type="Number">0.14</Data></Cell>
			<Cell><Data ss:Type="Number">-9.43</Data></Cell>
			<Cell><Data ss:Type="Number">-0.08</Data></Cell>
			<Cell><Data ss:Type="Number">-0.94</Data></Cell>
			<Cell><Data ss:Type="Number">22.7</Data></Cell>
			<Cell><Data ss:Type="Number">39.6</Data></Cell>
			<Cell><Data ss:Type="Number">0</Data></Cell>
			<Cell><Data ss:Type="Number">0</Data></Cell>
			<Cell><Data ss:Type="String">2023-12-07 16:43:35.899426</Data></Cell>
		</Row>
		<Row>
			<Cell><Data ss:Type="String">1255</Data></Cell>
			<Cell><Data ss:Type="Number">0.28</Data></Cell>
			<Cell><Data ss:Type="Number">-10.12</Data></Cell>
			<Cell><Data ss:Type="Number">0.19</Data></Cell>
			<Cell><Data ss:Type="Number">-9.48</Data></Cell>
			<Cell><Data ss:Type="Number">-0.08</Data></Cell>
			<Cell><Data ss:Type="Number">-0.89</Data></Cell>
			<Cell><Data ss:Type="Number">22.7</Data></Cell>
			<Cell><Data ss:Type="Number">39.6</Data></Cell>
			<Cell><Data ss:Type="Number">0</Data></Cell>
			<Cell><Data ss:Type="Number">0</Data></Cell>
			<Cell><Data ss:Type="String">2023-12-07 16:43:35.853165</Data></Cell>
		</Row>
		<Row>
			<Cell><Data ss:Type="String">1254</Data></Cell>
			<Cell><Data ss:Type="Number">0.31</Data></Cell>
			<Cell><Data ss:Type="Number">-10.17</Data></Cell>
			<Cell><Data ss:Type="Number">0.2</Data></Cell>
			<Cell><Data ss:Type="Number">-9.56</Data></Cell>
			<Cell><Data ss:Type="Number">-0.08</Data></Cell>
			<Cell><Data ss:Type="Number">-0.91</Data></Cell>
			<Cell><Data ss:Type="Number">22.7</Data></Cell>
			<Cell><Data ss:Type="Number">39.6</Data></Cell>
			<Cell><Data ss:Type="Number">0</Data></Cell>
			<Cell><Data ss:Type="Number">0</Data></Cell>
			<Cell><Data ss:Type="String">2023-12-07 16:43:35.851458</Data></Cell>
		</Row>
		<Row>
			<Cell><Data ss:Type="String">1253</Data></Cell>
			<Cell><Data ss:Type="Number">0.29</Data></Cell>
			<Cell><Data ss:Type="Number">-10.06</Data></Cell>
			<Cell><Data ss:Type="Number">0.14</Data></Cell>
			<Cell><Data ss:Type="Number">-9.48</Data></Cell>
			<Cell><Data ss:Type="Number">-0.06</Data></Cell>
			<Cell><Data ss:Type="Number">-0.89</Data></Cell>
			<Cell><Data ss:Type="Number">22.7</Data></Cell>
			<Cell><Data ss:Type="Number">39.6</Data></Cell>
			<Cell><Data ss:Type="Number">0</Data></Cell>
			<Cell><Data ss:Type="Number">0</Data></Cell>
			<Cell><Data ss:Type="String">2023-12-07 16:43:35.805965</Data></Cell>
		</Row>
		<Row>
			<Cell><Data ss:Type="String">1252</Data></Cell>
			<Cell><Data ss:Type="Number">0.27</Data></Cell>
			<Cell><Data ss:Type="Number">-9.97</Data></Cell>
			<Cell><Data ss:Type="Number">0.2</Data></Cell>
			<Cell><Data ss:Type="Number">-9.44</Data></Cell>
			<Cell><Data ss:Type="Number">-0.07</Data></Cell>
			<Cell><Data ss:Type="Number">-0.93</Data></Cell>
			<Cell><Data ss:Type="Number">22.7</Data></Cell>
			<Cell><Data ss:Type="Number">39.6</Data></Cell>
			<Cell><Data ss:Type="Number">0</Data></Cell>
			<Cell><Data ss:Type="Number">0</Data></Cell>
			<Cell><Data ss:Type="String">2023-12-07 16:43:35.759066</Data></Cell>
		</Row>
		<Row>
			<Cell><Data ss:Type="String">1251</Data></Cell>
			<Cell><Data ss:Type="Number">0.3</Data></Cell>
			<Cell><Data ss:Type="Number">-9.94</Data></Cell>
			<Cell><Data ss:Type="Number">0.12</Data></Cell>
			<Cell><Data ss:Type="Number">-9.45</Data></Cell>
			<Cell><Data ss:Type="Number">-0.06</Data></Cell>
			<Cell><Data ss:Type="Number">-0.93</Data></Cell>
			<Cell><Data ss:Type="Number">22.7</Data></Cell>
			<Cell><Data ss:Type="Number">39.6</Data></Cell>
			<Cell><Data ss:Type="Number">0</Data></Cell>
			<Cell><Data ss:Type="Number">0</Data></Cell>
			<Cell><Data ss:Type="String">2023-12-07 16:43:35.715284</Data></Cell>
		</Row>
		<Row>
			<Cell><Data ss:Type="String">1250</Data></Cell>
			<Cell><Data ss:Type="Number">0.29</Data></Cell>
			<Cell><Data ss:Type="Number">-10.18</Data></Cell>
			<Cell><Data ss:Type="Number">0.19</Data></Cell>
			<Cell><Data ss:Type="Number">-9.52</Data></Cell>
			<Cell><Data ss:Type="Number">-0.05</Data></Cell>
			<Cell><Data ss:Type="Number">-0.88</Data></Cell>
			<Cell><Data ss:Type="Number">22.7</Data></Cell>
			<Cell><Data ss:Type="Number">39.6</Data></Cell>
			<Cell><Data ss:Type="Number">0</Data></Cell>
			<Cell><Data ss:Type="Number">0</Data></Cell>
			<Cell><Data ss:Type="String">2023-12-07 16:43:35.713648</Data></Cell>
		</Row>
		<Row>
			<Cell><Data ss:Type="String">1249</Data></Cell>
			<Cell><Data ss:Type="Number">0.28</Data></Cell>
			<Cell><Data ss:Type="Number">-10.05</Data></Cell>
			<Cell><Data ss:Type="Number">0.12</Data></Cell>
			<Cell><Data ss:Type="Number">-9.45</Data></Cell>
			<Cell><Data ss:Type="Number">-0.07</Data></Cell>
			<Cell><Data ss:Type="Number">-0.93</Data></Cell>
			<Cell><Data ss:Type="Number">22.7</Data></Cell>
			<Cell><Data ss:Type="Number">39.6</Data></Cell>
			<Cell><Data ss:Type="Number">0</Data></Cell>
			<Cell><Data ss:Type="Number">0</Data></Cell>
			<Cell><Data ss:Type="String">2023-12-07 16:43:35.672528</Data></Cell>
		</Row>
		<Row>
			<Cell><Data ss:Type="String">1248</Data></Cell>
			<Cell><Data ss:Type="Number">0.29</Data></Cell>
			<Cell><Data ss:Type="Number">-10.15</Data></Cell>
			<Cell><Data ss:Type="Number">0.13</Data></Cell>
			<Cell><Data ss:Type="Number">-9.53</Data></Cell>
			<Cell><Data ss:Type="Number">-0.09</Data></Cell>
			<Cell><Data ss:Type="Number">-0.89</Data></Cell>
			<Cell><Data ss:Type="Number">22.7</Data></Cell>
			<Cell><Data ss:Type="Number">39.6</Data></Cell>
			<Cell><Data ss:Type="Number">0</Data></Cell>
			<Cell><Data ss:Type="Number">0</Data></Cell>
			<Cell><Data ss:Type="String">2023-12-07 16:43:35.670763</Data></Cell>
		</Row>
		<Row>
			<Cell><Data ss:Type="String">1247</Data></Cell>
			<Cell><Data ss:Type="Number">0.26</Data></Cell>
			<Cell><Data ss:Type="Number">-10.21</Data></Cell>
			<Cell><Data ss:Type="Number">0.03</Data></Cell>
			<Cell><Data ss:Type="Number">-9.52</Data></Cell>
			<Cell><Data ss:Type="Number">-0.05</Data></Cell>
			<Cell><Data ss:Type="Number">-0.88</Data></Cell>
			<Cell><Data ss:Type="Number">22.7</Data></Cell>
			<Cell><Data ss:Type="Number">39.6</Data></Cell>
			<Cell><Data ss:Type="Number">0</Data></Cell>
			<Cell><Data ss:Type="Number">0</Data></Cell>
			<Cell><Data ss:Type="String">2023-12-07 16:43:35.669102</Data></Cell>
		</Row>
		<Row>
			<Cell><Data ss:Type="String">1246</Data></Cell>
			<Cell><Data ss:Type="Number">0.29</Data></Cell>
			<Cell><Data ss:Type="Number">-10.02</Data></Cell>
			<Cell><Data ss:Type="Number">0.16</Data></Cell>
			<Cell><Data ss:Type="Number">-9.49</Data></Cell>
			<Cell><Data ss:Type="Number">-0.1</Data></Cell>
			<Cell><Data ss:Type="Number">-0.92</Data></Cell>
			<Cell><Data ss:Type="Number">22.7</Data></Cell>
			<Cell><Data ss:Type="Number">39.6</Data></Cell>
			<Cell><Data ss:Type="Number">0</Data></Cell>
			<Cell><Data ss:Type="Number">0</Data></Cell>
			<Cell><Data ss:Type="String">2023-12-07 16:43:35.667477</Data></Cell>
		</Row>
		<Row>
			<Cell><Data ss:Type="String">1245</Data></Cell>
			<Cell><Data ss:Type="Number">0.25</Data></Cell>
			<Cell><Data ss:Type="Number">-9.95</Data></Cell>
			<Cell><Data ss:Type="Number">0.07</Data></Cell>
			<Cell><Data ss:Type="Number">-9.43</Data></Cell>
			<Cell><Data ss:Type="Number">-0.05</Data></Cell>
			<Cell><Data ss:Type="Number">-0.91</Data></Cell>
			<Cell><Data ss:Type="Number">22.7</Data></Cell>
			<Cell><Data ss:Type="Number">39.6</Data></Cell>
			<Cell><Data ss:Type="Number">0</Data></Cell>
			<Cell><Data ss:Type="Number">0</Data></Cell>
			<Cell><Data ss:Type="String">2023-12-07 16:43:35.665701</Data></Cell>
		</Row>
		<Row>
			<Cell><Data ss:Type="String">1244</Data></Cell>
			<Cell><Data ss:Type="Number">0.28</Data></Cell>
			<Cell><Data ss:Type="Number">-9.93</Data></Cell>
			<Cell><Data ss:Type="Number">0.06</Data></Cell>
			<Cell><Data ss:Type="Number">-9.49</Data></Cell>
			<Cell><Data ss:Type="Number">-0.08</Data></Cell>
			<Cell><Data ss:Type="Number">-0.92</Data></Cell>
			<Cell><Data ss:Type="Number">22.7</Data></Cell>
			<Cell><Data ss:Type="Number">39.6</Data></Cell>
			<Cell><Data ss:Type="Number">0</Data></Cell>
			<Cell><Data ss:Type="Number">0</Data></Cell>
			<Cell><Data ss:Type="String">2023-12-07 16:43:35.664030</Data></Cell>
		</Row>
		<Row>
			<Cell><Data ss:Type="String">1243</Data></Cell>
			<Cell><Data ss:Type="Number">0.26</Data></Cell>
			<Cell><Data ss:Type="Number">-10.24</Data></Cell>
			<Cell><Data ss:Type="Number">0.19</Data></Cell>
			<Cell><Data ss:Type="Number">-9.54</Data></Cell>
			<Cell><Data ss:Type="Number">-0.07</Data></Cell>
			<Cell><Data ss:Type="Number">-0.88</Data></Cell>
			<Cell><Data ss:Type="Number">22.7</Data></Cell>
			<Cell><Data ss:Type="Number">39.6</Data></Cell>
			<Cell><Data ss:Type="Number">0</Data></Cell>
			<Cell><Data ss:Type="Number">0</Data></Cell>
			<Cell><Data ss:Type="String">2023-12-07 16:43:35.465122</Data></Cell>
		</Row>
		<Row>
			<Cell><Data ss:Type="String">1242</Data></Cell>
			<Cell><Data ss:Type="Number">0.3</Data></Cell>
			<Cell><Data ss:Type="Number">-10.26</Data></Cell>
			<Cell><Data ss:Type="Number">0.16</Data></Cell>
			<Cell><Data ss:Type="Number">-9.55</Data></Cell>
			<Cell><Data ss:Type="Number">-0.07</Data></Cell>
			<Cell><Data ss:Type="Number">-0.92</Data></Cell>
			<Cell><Data ss:Type="Number">22.7</Data></Cell>
			<Cell><Data ss:Type="Number">39.6</Data></Cell>
			<Cell><Data ss:Type="Number">0</Data></Cell>
			<Cell><Data ss:Type="Number">0</Data></Cell>
			<Cell><Data ss:Type="String">2023-12-07 16:43:35.420813</Data></Cell>
		</Row>
		<Row>
			<Cell><Data ss:Type="String">1241</Data></Cell>
			<Cell><Data ss:Type="Number">0.35</Data></Cell>
			<Cell><Data ss:Type="Number">-10.16</Data></Cell>
			<Cell><Data ss:Type="Number">0.17</Data></Cell>
			<Cell><Data ss:Type="Number">-9.48</Data></Cell>
			<Cell><Data ss:Type="Number">-0.07</Data></Cell>
			<Cell><Data ss:Type="Number">-0.87</Data></Cell>
			<Cell><Data ss:Type="Number">22.7</Data></Cell>
			<Cell><Data ss:Type="Number">39.6</Data></Cell>
			<Cell><Data ss:Type="Number">0</Data></Cell>
			<Cell><Data ss:Type="Number">0</Data></Cell>
			<Cell><Data ss:Type="String">2023-12-07 16:43:35.418854</Data></Cell>
		</Row>
		<Row>
			<Cell><Data ss:Type="String">1240</Data></Cell>
			<Cell><Data ss:Type="Number">0.27</Data></Cell>
			<Cell><Data ss:Type="Number">-9.94</Data></Cell>
			<Cell><Data ss:Type="Number">0.14</Data></Cell>
			<Cell><Data ss:Type="Number">-9.4</Data></Cell>
			<Cell><Data ss:Type="Number">-0.07</Data></Cell>
			<Cell><Data ss:Type="Number">-0.93</Data></Cell>
			<Cell><Data ss:Type="Number">22.7</Data></Cell>
			<Cell><Data ss:Type="Number">39.6</Data></Cell>
			<Cell><Data ss:Type="Number">0</Data></Cell>
			<Cell><Data ss:Type="Number">0</Data></Cell>
			<Cell><Data ss:Type="String">2023-12-07 16:43:35.372879</Data></Cell>
		</Row>
		<Row>
			<Cell><Data ss:Type="String">1239</Data></Cell>
			<Cell><Data ss:Type="Number">0.3</Data></Cell>
			<Cell><Data ss:Type="Number">-10</Data></Cell>
			<Cell><Data ss:Type="Number">0.12</Data></Cell>
			<Cell><Data ss:Type="Number">-9.44</Data></Cell>
			<Cell><Data ss:Type="Number">-0.07</Data></Cell>
			<Cell><Data ss:Type="Number">-0.91</Data></Cell>
			<Cell><Data ss:Type="Number">22.7</Data></Cell>
			<Cell><Data ss:Type="Number">39.6</Data></Cell>
			<Cell><Data ss:Type="Number">0</Data></Cell>
			<Cell><Data ss:Type="Number">0</Data></Cell>
			<Cell><Data ss:Type="String">2023-12-07 16:43:35.328501</Data></Cell>
		</Row>
		<Row>
			<Cell><Data ss:Type="String">1238</Data></Cell>
			<Cell><Data ss:Type="Number">0.3</Data></Cell>
			<Cell><Data ss:Type="Number">-10.07</Data></Cell>
			<Cell><Data ss:Type="Number">0.17</Data></Cell>
			<Cell><Data ss:Type="Number">-9.53</Data></Cell>
			<Cell><Data ss:Type="Number">-0.08</Data></Cell>
			<Cell><Data ss:Type="Number">-0.89</Data></Cell>
			<Cell><Data ss:Type="Number">22.7</Data></Cell>
			<Cell><Data ss:Type="Number">39.6</Data></Cell>
			<Cell><Data ss:Type="Number">0</Data></Cell>
			<Cell><Data ss:Type="Number">0</Data></Cell>
			<Cell><Data ss:Type="String">2023-12-07 16:43:35.285224</Data></Cell>
		</Row>
		<Row>
			<Cell><Data ss:Type="String">1237</Data></Cell>
			<Cell><Data ss:Type="Number">0.28</Data></Cell>
			<Cell><Data ss:Type="Number">-10.19</Data></Cell>
			<Cell><Data ss:Type="Number">0.18</Data></Cell>
			<Cell><Data ss:Type="Number">-9.46</Data></Cell>
			<Cell><Data ss:Type="Number">-0.05</Data></Cell>
			<Cell><Data ss:Type="Number">-0.92</Data></Cell>
			<Cell><Data ss:Type="Number">22.7</Data></Cell>
			<Cell><Data ss:Type="Number">39.6</Data></Cell>
			<Cell><Data ss:Type="Number">0</Data></Cell>
			<Cell><Data ss:Type="Number">0</Data></Cell>
			<Cell><Data ss:Type="String">2023-12-07 16:43:35.283366</Data></Cell>
		</Row>
		<Row>
			<Cell><Data ss:Type="String">1236</Data></Cell>
			<Cell><Data ss:Type="Number">0.33</Data></Cell>
			<Cell><Data ss:Type="Number">-9.91</Data></Cell>
			<Cell><Data ss:Type="Number">0.12</Data></Cell>
			<Cell><Data ss:Type="Number">-9.41</Data></Cell>
			<Cell><Data ss:Type="Number">-0.1</Data></Cell>
			<Cell><Data ss:Type="Number">-0.92</Data></Cell>
			<Cell><Data ss:Type="Number">22.7</Data></Cell>
			<Cell><Data ss:Type="Number">39.6</Data></Cell>
			<Cell><Data ss:Type="Number">0</Data></Cell>
			<Cell><Data ss:Type="Number">0</Data></Cell>
			<Cell><Data ss:Type="String">2023-12-07 16:43:35.236853</Data></Cell>
		</Row>
		<Row>
			<Cell><Data ss:Type="String">1235</Data></Cell>
			<Cell><Data ss:Type="Number">0.23</Data></Cell>
			<Cell><Data ss:Type="Number">-9.89</Data></Cell>
			<Cell><Data ss:Type="Number">0.1</Data></Cell>
			<Cell><Data ss:Type="Number">-9.47</Data></Cell>
			<Cell><Data ss:Type="Number">-0.05</Data></Cell>
			<Cell><Data ss:Type="Number">-0.91</Data></Cell>
			<Cell><Data ss:Type="Number">22.7</Data></Cell>
			<Cell><Data ss:Type="Number">39.6</Data></Cell>
			<Cell><Data ss:Type="Number">0</Data></Cell>
			<Cell><Data ss:Type="Number">0</Data></Cell>
			<Cell><Data ss:Type="String">2023-12-07 16:43:35.190186</Data></Cell>
		</Row>
		<Row>
			<Cell><Data ss:Type="String">1234</Data></Cell>
			<Cell><Data ss:Type="Number">0.33</Data></Cell>
			<Cell><Data ss:Type="Number">-10.07</Data></Cell>
			<Cell><Data ss:Type="Number">0.1</Data></Cell>
			<Cell><Data ss:Type="Number">-9.55</Data></Cell>
			<Cell><Data ss:Type="Number">-0.07</Data></Cell>
			<Cell><Data ss:Type="Number">-0.96</Data></Cell>
			<Cell><Data ss:Type="Number">22.7</Data></Cell>
			<Cell><Data ss:Type="Number">39.6</Data></Cell>
			<Cell><Data ss:Type="Number">0</Data></Cell>
			<Cell><Data ss:Type="Number">0</Data></Cell>
			<Cell><Data ss:Type="String">2023-12-07 16:43:35.148696</Data></Cell>
		</Row>
		<Row>
			<Cell><Data ss:Type="String">1233</Data></Cell>
			<Cell><Data ss:Type="Number">0.23</Data></Cell>
			<Cell><Data ss:Type="Number">-10.22</Data></Cell>
			<Cell><Data ss:Type="Number">0.16</Data></Cell>
			<Cell><Data ss:Type="Number">-9.52</Data></Cell>
			<Cell><Data ss:Type="Number">-0.03</Data></Cell>
			<Cell><Data ss:Type="Number">-0.84</Data></Cell>
			<Cell><Data ss:Type="Number">22.7</Data></Cell>
			<Cell><Data ss:Type="Number">39.6</Data></Cell>
			<Cell><Data ss:Type="Number">0</Data></Cell>
			<Cell><Data ss:Type="Number">0</Data></Cell>
			<Cell><Data ss:Type="String">2023-12-07 16:43:35.146894</Data></Cell>
		</Row>
		<Row>
			<Cell><Data ss:Type="String">1232</Data></Cell>
			<Cell><Data ss:Type="Number">0.38</Data></Cell>
			<Cell><Data ss:Type="Number">-10.1</Data></Cell>
			<Cell><Data ss:Type="Number">0.11</Data></Cell>
			<Cell><Data ss:Type="Number">-9.48</Data></Cell>
			<Cell><Data ss:Type="Number">-0.12</Data></Cell>
			<Cell><Data ss:Type="Number">-0.96</Data></Cell>
			<Cell><Data ss:Type="Number">22.7</Data></Cell>
			<Cell><Data ss:Type="Number">39.6</Data></Cell>
			<Cell><Data ss:Type="Number">0</Data></Cell>
			<Cell><Data ss:Type="Number">0</Data></Cell>
			<Cell><Data ss:Type="String">2023-12-07 16:43:35.098528</Data></Cell>
		</Row>
		<Row>
			<Cell><Data ss:Type="String">1231</Data></Cell>
			<Cell><Data ss:Type="Number">0.12</Data></Cell>
			<Cell><Data ss:Type="Number">-10.03</Data></Cell>
			<Cell><Data ss:Type="Number">0.23</Data></Cell>
			<Cell><Data ss:Type="Number">-9.4</Data></Cell>
			<Cell><Data ss:Type="Number">-0.08</Data></Cell>
			<Cell><Data ss:Type="Number">-0.85</Data></Cell>
			<Cell><Data ss:Type="Number">22.7</Data></Cell>
			<Cell><Data ss:Type="Number">39.6</Data></Cell>
			<Cell><Data ss:Type="Number">0</Data></Cell>
			<Cell><Data ss:Type="Number">0</Data></Cell>
			<Cell><Data ss:Type="String">2023-12-07 16:43:35.055005</Data></Cell>
		</Row>
		<Row>
			<Cell><Data ss:Type="String">1230</Data></Cell>
			<Cell><Data ss:Type="Number">0.19</Data></Cell>
			<Cell><Data ss:Type="Number">-10.07</Data></Cell>
			<Cell><Data ss:Type="Number">0.01</Data></Cell>
			<Cell><Data ss:Type="Number">-9.46</Data></Cell>
			<Cell><Data ss:Type="Number">-0.05</Data></Cell>
			<Cell><Data ss:Type="Number">-0.96</Data></Cell>
			<Cell><Data ss:Type="Number">22.7</Data></Cell>
			<Cell><Data ss:Type="Number">39.6</Data></Cell>
			<Cell><Data ss:Type="Number">0</Data></Cell>
			<Cell><Data ss:Type="Number">0</Data></Cell>
			<Cell><Data ss:Type="String">2023-12-07 16:43:35.053291</Data></Cell>
		</Row>
		<Row>
			<Cell><Data ss:Type="String">1229</Data></Cell>
			<Cell><Data ss:Type="Number">0.14</Data></Cell>
			<Cell><Data ss:Type="Number">-10.11</Data></Cell>
			<Cell><Data ss:Type="Number">0.2</Data></Cell>
			<Cell><Data ss:Type="Number">-9.54</Data></Cell>
			<Cell><Data ss:Type="Number">0.14</Data></Cell>
			<Cell><Data ss:Type="Number">-0.94</Data></Cell>
			<Cell><Data ss:Type="Number">22.7</Data></Cell>
			<Cell><Data ss:Type="Number">39.6</Data></Cell>
			<Cell><Data ss:Type="Number">0</Data></Cell>
			<Cell><Data ss:Type="Number">0</Data></Cell>
			<Cell><Data ss:Type="String">2023-12-07 16:43:35.006395</Data></Cell>
		</Row>
		<Row>
			<Cell><Data ss:Type="String">1228</Data></Cell>
			<Cell><Data ss:Type="Number">0.61</Data></Cell>
			<Cell><Data ss:Type="Number">-10.16</Data></Cell>
			<Cell><Data ss:Type="Number">0.22</Data></Cell>
			<Cell><Data ss:Type="Number">-9.49</Data></Cell>
			<Cell><Data ss:Type="Number">-0.16</Data></Cell>
			<Cell><Data ss:Type="Number">-0.87</Data></Cell>
			<Cell><Data ss:Type="Number">22.7</Data></Cell>
			<Cell><Data ss:Type="Number">39.6</Data></Cell>
			<Cell><Data ss:Type="Number">0</Data></Cell>
			<Cell><Data ss:Type="Number">0</Data></Cell>
			<Cell><Data ss:Type="String">2023-12-07 16:43:34.963288</Data></Cell>
		</Row>
		<Row>
			<Cell><Data ss:Type="String">1227</Data></Cell>
			<Cell><Data ss:Type="Number">0.8</Data></Cell>
			<Cell><Data ss:Type="Number">-10.11</Data></Cell>
			<Cell><Data ss:Type="Number">0.46</Data></Cell>
			<Cell><Data ss:Type="Number">-9.49</Data></Cell>
			<Cell><Data ss:Type="Number">-0.31</Data></Cell>
			<Cell><Data ss:Type="Number">-0.9</Data></Cell>
			<Cell><Data ss:Type="Number">22.7</Data></Cell>
			<Cell><Data ss:Type="Number">39.6</Data></Cell>
			<Cell><Data ss:Type="Number">0</Data></Cell>
			<Cell><Data ss:Type="Number">0</Data></Cell>
			<Cell><Data ss:Type="String">2023-12-07 16:43:34.916807</Data></Cell>
		</Row>
		<Row>
			<Cell><Data ss:Type="String">1226</Data></Cell>
			<Cell><Data ss:Type="Number">-0.11</Data></Cell>
			<Cell><Data ss:Type="Number">-9.87</Data></Cell>
			<Cell><Data ss:Type="Number">0.04</Data></Cell>
			<Cell><Data ss:Type="Number">-9.37</Data></Cell>
			<Cell><Data ss:Type="Number">-0.23</Data></Cell>
			<Cell><Data ss:Type="Number">-0.82</Data></Cell>
			<Cell><Data ss:Type="Number">22.7</Data></Cell>
			<Cell><Data ss:Type="Number">39.6</Data></Cell>
			<Cell><Data ss:Type="Number">0</Data></Cell>
			<Cell><Data ss:Type="Number">0</Data></Cell>
			<Cell><Data ss:Type="String">2023-12-07 16:43:34.915086</Data></Cell>
		</Row>
		<Row>
			<Cell><Data ss:Type="String">1225</Data></Cell>
			<Cell><Data ss:Type="Number">-1.27</Data></Cell>
			<Cell><Data ss:Type="Number">-10.27</Data></Cell>
			<Cell><Data ss:Type="Number">-0.89</Data></Cell>
			<Cell><Data ss:Type="Number">-9.58</Data></Cell>
			<Cell><Data ss:Type="Number">0.72</Data></Cell>
			<Cell><Data ss:Type="Number">-1.07</Data></Cell>
			<Cell><Data ss:Type="Number">22.7</Data></Cell>
			<Cell><Data ss:Type="Number">39.6</Data></Cell>
			<Cell><Data ss:Type="Number">0</Data></Cell>
			<Cell><Data ss:Type="Number">0</Data></Cell>
			<Cell><Data ss:Type="String">2023-12-07 16:43:34.870185</Data></Cell>
		</Row>
		<Row>
			<Cell><Data ss:Type="String">1224</Data></Cell>
			<Cell><Data ss:Type="Number">0.81</Data></Cell>
			<Cell><Data ss:Type="Number">-9.95</Data></Cell>
			<Cell><Data ss:Type="Number">0.14</Data></Cell>
			<Cell><Data ss:Type="Number">-9.45</Data></Cell>
			<Cell><Data ss:Type="Number">0.35</Data></Cell>
			<Cell><Data ss:Type="Number">-1.01</Data></Cell>
			<Cell><Data ss:Type="Number">22.7</Data></Cell>
			<Cell><Data ss:Type="Number">39.6</Data></Cell>
			<Cell><Data ss:Type="Number">0</Data></Cell>
			<Cell><Data ss:Type="Number">0</Data></Cell>
			<Cell><Data ss:Type="String">2023-12-07 16:43:34.823180</Data></Cell>
		</Row>
		<Row>
			<Cell><Data ss:Type="String">1223</Data></Cell>
			<Cell><Data ss:Type="Number">2.78</Data></Cell>
			<Cell><Data ss:Type="Number">-11.22</Data></Cell>
			<Cell><Data ss:Type="Number">2.15</Data></Cell>
			<Cell><Data ss:Type="Number">-9.29</Data></Cell>
			<Cell><Data ss:Type="Number">-1.46</Data></Cell>
			<Cell><Data ss:Type="Number">-0.57</Data></Cell>
			<Cell><Data ss:Type="Number">22.7</Data></Cell>
			<Cell><Data ss:Type="Number">39.6</Data></Cell>
			<Cell><Data ss:Type="Number">0</Data></Cell>
			<Cell><Data ss:Type="Number">0</Data></Cell>
			<Cell><Data ss:Type="String">2023-12-07 16:43:34.782830</Data></Cell>
		</Row>
		<Row>
			<Cell><Data ss:Type="String">1222</Data></Cell>
			<Cell><Data ss:Type="Number">2.83</Data></Cell>
			<Cell><Data ss:Type="Number">4.96</Data></Cell>
			<Cell><Data ss:Type="Number">0.13</Data></Cell>
			<Cell><Data ss:Type="Number">-0.91</Data></Cell>
			<Cell><Data ss:Type="Number">-1.37</Data></Cell>
			<Cell><Data ss:Type="Number">-1.42</Data></Cell>
			<Cell><Data ss:Type="Number">22.7</Data></Cell>
			<Cell><Data ss:Type="Number">39.6</Data></Cell>
			<Cell><Data ss:Type="Number">0</Data></Cell>
			<Cell><Data ss:Type="Number">0</Data></Cell>
			<Cell><Data ss:Type="String">2023-12-07 16:43:34.780155</Data></Cell>
		</Row>
		<Row>
			<Cell><Data ss:Type="String">1221</Data></Cell>
			<Cell><Data ss:Type="Number">0.26</Data></Cell>
			<Cell><Data ss:Type="Number">-10.21</Data></Cell>
			<Cell><Data ss:Type="Number">-0.13</Data></Cell>
			<Cell><Data ss:Type="Number">-9.46</Data></Cell>
			<Cell><Data ss:Type="Number">-0.08</Data></Cell>
			<Cell><Data ss:Type="Number">-0.96</Data></Cell>
			<Cell><Data ss:Type="Number">22.7</Data></Cell>
			<Cell><Data ss:Type="Number">39.6</Data></Cell>
			<Cell><Data ss:Type="Number">0</Data></Cell>
			<Cell><Data ss:Type="Number">0</Data></Cell>
			<Cell><Data ss:Type="String">2023-12-07 16:43:34.732142</Data></Cell>
		</Row>
		<Row>
			<Cell><Data ss:Type="String">1220</Data></Cell>
			<Cell><Data ss:Type="Number">0.67</Data></Cell>
			<Cell><Data ss:Type="Number">-10.3</Data></Cell>
			<Cell><Data ss:Type="Number">0.36</Data></Cell>
			<Cell><Data ss:Type="Number">-9.66</Data></Cell>
			<Cell><Data ss:Type="Number">-0.1</Data></Cell>
			<Cell><Data ss:Type="Number">-0.86</Data></Cell>
			<Cell><Data ss:Type="Number">22.7</Data></Cell>
			<Cell><Data ss:Type="Number">39.6</Data></Cell>
			<Cell><Data ss:Type="Number">0</Data></Cell>
			<Cell><Data ss:Type="Number">0</Data></Cell>
			<Cell><Data ss:Type="String">2023-12-07 16:43:34.687999</Data></Cell>
		</Row>
		<Row>
			<Cell><Data ss:Type="String">1219</Data></Cell>
			<Cell><Data ss:Type="Number">0.82</Data></Cell>
			<Cell><Data ss:Type="Number">-9.92</Data></Cell>
			<Cell><Data ss:Type="Number">0.56</Data></Cell>
			<Cell><Data ss:Type="Number">-9.41</Data></Cell>
			<Cell><Data ss:Type="Number">-0.09</Data></Cell>
			<Cell><Data ss:Type="Number">-0.89</Data></Cell>
			<Cell><Data ss:Type="Number">22.7</Data></Cell>
			<Cell><Data ss:Type="Number">39.6</Data></Cell>
			<Cell><Data ss:Type="Number">0</Data></Cell>
			<Cell><Data ss:Type="Number">0</Data></Cell>
			<Cell><Data ss:Type="String">2023-12-07 16:43:34.643380</Data></Cell>
		</Row>
		<Row>
			<Cell><Data ss:Type="String">1218</Data></Cell>
			<Cell><Data ss:Type="Number">0.43</Data></Cell>
			<Cell><Data ss:Type="Number">-9.82</Data></Cell>
			<Cell><Data ss:Type="Number">0.48</Data></Cell>
			<Cell><Data ss:Type="Number">-9.47</Data></Cell>
			<Cell><Data ss:Type="Number">-0.12</Data></Cell>
			<Cell><Data ss:Type="Number">-0.89</Data></Cell>
			<Cell><Data ss:Type="Number">22.7</Data></Cell>
			<Cell><Data ss:Type="Number">39.6</Data></Cell>
			<Cell><Data ss:Type="Number">0</Data></Cell>
			<Cell><Data ss:Type="Number">0</Data></Cell>
			<Cell><Data ss:Type="String">2023-12-07 16:43:34.640865</Data></Cell>
		</Row>
		<Row>
			<Cell><Data ss:Type="String">1217</Data></Cell>
			<Cell><Data ss:Type="Number">0.72</Data></Cell>
			<Cell><Data ss:Type="Number">-9.76</Data></Cell>
			<Cell><Data ss:Type="Number">0.37</Data></Cell>
			<Cell><Data ss:Type="Number">-9.31</Data></Cell>
			<Cell><Data ss:Type="Number">0</Data></Cell>
			<Cell><Data ss:Type="Number">-0.9</Data></Cell>
			<Cell><Data ss:Type="Number">22.7</Data></Cell>
			<Cell><Data ss:Type="Number">39.6</Data></Cell>
			<Cell><Data ss:Type="Number">0</Data></Cell>
			<Cell><Data ss:Type="Number">0</Data></Cell>
			<Cell><Data ss:Type="String">2023-12-07 16:43:34.599268</Data></Cell>
		</Row>
		<Row>
			<Cell><Data ss:Type="String">1216</Data></Cell>
			<Cell><Data ss:Type="Number">0.65</Data></Cell>
			<Cell><Data ss:Type="Number">-9.89</Data></Cell>
			<Cell><Data ss:Type="Number">0.23</Data></Cell>
			<Cell><Data ss:Type="Number">-9.51</Data></Cell>
			<Cell><Data ss:Type="Number">-0.12</Data></Cell>
			<Cell><Data ss:Type="Number">-0.95</Data></Cell>
			<Cell><Data ss:Type="Number">22.7</Data></Cell>
			<Cell><Data ss:Type="Number">39.6</Data></Cell>
			<Cell><Data ss:Type="Number">0</Data></Cell>
			<Cell><Data ss:Type="Number">0</Data></Cell>
			<Cell><Data ss:Type="String">2023-12-07 16:43:34.553667</Data></Cell>
		</Row>
		<Row>
			<Cell><Data ss:Type="String">1215</Data></Cell>
			<Cell><Data ss:Type="Number">0.11</Data></Cell>
			<Cell><Data ss:Type="Number">-10.2</Data></Cell>
			<Cell><Data ss:Type="Number">0.04</Data></Cell>
			<Cell><Data ss:Type="Number">-9.6</Data></Cell>
			<Cell><Data ss:Type="Number">-0.08</Data></Cell>
			<Cell><Data ss:Type="Number">-0.95</Data></Cell>
			<Cell><Data ss:Type="Number">22.7</Data></Cell>
			<Cell><Data ss:Type="Number">39.6</Data></Cell>
			<Cell><Data ss:Type="Number">0</Data></Cell>
			<Cell><Data ss:Type="Number">0</Data></Cell>
			<Cell><Data ss:Type="String">2023-12-07 16:43:34.552110</Data></Cell>
		</Row>
		<Row>
			<Cell><Data ss:Type="String">1214</Data></Cell>
			<Cell><Data ss:Type="Number">0.29</Data></Cell>
			<Cell><Data ss:Type="Number">-10.24</Data></Cell>
			<Cell><Data ss:Type="Number">0</Data></Cell>
			<Cell><Data ss:Type="Number">-9.39</Data></Cell>
			<Cell><Data ss:Type="Number">-0.05</Data></Cell>
			<Cell><Data ss:Type="Number">-0.97</Data></Cell>
			<Cell><Data ss:Type="Number">22.7</Data></Cell>
			<Cell><Data ss:Type="Number">39.6</Data></Cell>
			<Cell><Data ss:Type="Number">0</Data></Cell>
			<Cell><Data ss:Type="Number">0</Data></Cell>
			<Cell><Data ss:Type="String">2023-12-07 16:43:34.502750</Data></Cell>
		</Row>
		<Row>
			<Cell><Data ss:Type="String">1213</Data></Cell>
			<Cell><Data ss:Type="Number">0.21</Data></Cell>
			<Cell><Data ss:Type="Number">-9.94</Data></Cell>
			<Cell><Data ss:Type="Number">0</Data></Cell>
			<Cell><Data ss:Type="Number">-9.46</Data></Cell>
			<Cell><Data ss:Type="Number">-0.06</Data></Cell>
			<Cell><Data ss:Type="Number">-0.89</Data></Cell>
			<Cell><Data ss:Type="Number">22.7</Data></Cell>
			<Cell><Data ss:Type="Number">39.6</Data></Cell>
			<Cell><Data ss:Type="Number">0</Data></Cell>
			<Cell><Data ss:Type="Number">0</Data></Cell>
			<Cell><Data ss:Type="String">2023-12-07 16:43:34.451070</Data></Cell>
		</Row>
		<Row>
			<Cell><Data ss:Type="String">1212</Data></Cell>
			<Cell><Data ss:Type="Number">0.49</Data></Cell>
			<Cell><Data ss:Type="Number">-9.51</Data></Cell>
			<Cell><Data ss:Type="Number">0.13</Data></Cell>
			<Cell><Data ss:Type="Number">-9.45</Data></Cell>
			<Cell><Data ss:Type="Number">-0.07</Data></Cell>
			<Cell><Data ss:Type="Number">-0.95</Data></Cell>
			<Cell><Data ss:Type="Number">22.7</Data></Cell>
			<Cell><Data ss:Type="Number">39.6</Data></Cell>
			<Cell><Data ss:Type="Number">0</Data></Cell>
			<Cell><Data ss:Type="Number">0</Data></Cell>
			<Cell><Data ss:Type="String">2023-12-07 16:43:34.449287</Data></Cell>
		</Row>
		<Row>
			<Cell><Data ss:Type="String">1211</Data></Cell>
			<Cell><Data ss:Type="Number">0.33</Data></Cell>
			<Cell><Data ss:Type="Number">-10.31</Data></Cell>
			<Cell><Data ss:Type="Number">0.48</Data></Cell>
			<Cell><Data ss:Type="Number">-9.45</Data></Cell>
			<Cell><Data ss:Type="Number">-0.1</Data></Cell>
			<Cell><Data ss:Type="Number">-0.88</Data></Cell>
			<Cell><Data ss:Type="Number">22.7</Data></Cell>
			<Cell><Data ss:Type="Number">39.6</Data></Cell>
			<Cell><Data ss:Type="Number">0</Data></Cell>
			<Cell><Data ss:Type="Number">0</Data></Cell>
			<Cell><Data ss:Type="String">2023-12-07 16:43:34.447050</Data></Cell>
		</Row>
		<Row>
			<Cell><Data ss:Type="String">1210</Data></Cell>
			<Cell><Data ss:Type="Number">0.25</Data></Cell>
			<Cell><Data ss:Type="Number">-10.33</Data></Cell>
			<Cell><Data ss:Type="Number">-0.06</Data></Cell>
			<Cell><Data ss:Type="Number">-9.59</Data></Cell>
			<Cell><Data ss:Type="Number">-0.06</Data></Cell>
			<Cell><Data ss:Type="Number">-0.91</Data></Cell>
			<Cell><Data ss:Type="Number">22.7</Data></Cell>
			<Cell><Data ss:Type="Number">39.6</Data></Cell>
			<Cell><Data ss:Type="Number">0</Data></Cell>
			<Cell><Data ss:Type="Number">0</Data></Cell>
			<Cell><Data ss:Type="String">2023-12-07 16:43:34.444409</Data></Cell>
		</Row>
		<Row>
			<Cell><Data ss:Type="String">1209</Data></Cell>
			<Cell><Data ss:Type="Number">0.43</Data></Cell>
			<Cell><Data ss:Type="Number">-9.55</Data></Cell>
			<Cell><Data ss:Type="Number">0.14</Data></Cell>
			<Cell><Data ss:Type="Number">-9.45</Data></Cell>
			<Cell><Data ss:Type="Number">-0.09</Data></Cell>
			<Cell><Data ss:Type="Number">-0.93</Data></Cell>
			<Cell><Data ss:Type="Number">22.7</Data></Cell>
			<Cell><Data ss:Type="Number">39.6</Data></Cell>
			<Cell><Data ss:Type="Number">0</Data></Cell>
			<Cell><Data ss:Type="Number">0</Data></Cell>
			<Cell><Data ss:Type="String">2023-12-07 16:43:34.442171</Data></Cell>
		</Row>
		<Row>
			<Cell><Data ss:Type="String">1208</Data></Cell>
			<Cell><Data ss:Type="Number">-0.59</Data></Cell>
			<Cell><Data ss:Type="Number">-10.11</Data></Cell>
			<Cell><Data ss:Type="Number">0.22</Data></Cell>
			<Cell><Data ss:Type="Number">-9.4</Data></Cell>
			<Cell><Data ss:Type="Number">-0.11</Data></Cell>
			<Cell><Data ss:Type="Number">-1.01</Data></Cell>
			<Cell><Data ss:Type="Number">22.7</Data></Cell>
			<Cell><Data ss:Type="Number">39.6</Data></Cell>
			<Cell><Data ss:Type="Number">0</Data></Cell>
			<Cell><Data ss:Type="Number">0</Data></Cell>
			<Cell><Data ss:Type="String">2023-12-07 16:43:34.440022</Data></Cell>
		</Row>
		<Row>
			<Cell><Data ss:Type="String">1207</Data></Cell>
			<Cell><Data ss:Type="Number">0.27</Data></Cell>
			<Cell><Data ss:Type="Number">-10.42</Data></Cell>
			<Cell><Data ss:Type="Number">-0.1</Data></Cell>
			<Cell><Data ss:Type="Number">-9.52</Data></Cell>
			<Cell><Data ss:Type="Number">-0.01</Data></Cell>
			<Cell><Data ss:Type="Number">-0.91</Data></Cell>
			<Cell><Data ss:Type="Number">22.7</Data></Cell>
			<Cell><Data ss:Type="Number">39.6</Data></Cell>
			<Cell><Data ss:Type="Number">0</Data></Cell>
			<Cell><Data ss:Type="Number">0</Data></Cell>
			<Cell><Data ss:Type="String">2023-12-07 16:43:34.434925</Data></Cell>
		</Row>
		<Row>
			<Cell><Data ss:Type="String">1206</Data></Cell>
			<Cell><Data ss:Type="Number">0.18</Data></Cell>
			<Cell><Data ss:Type="Number">-9.95</Data></Cell>
			<Cell><Data ss:Type="Number">0.35</Data></Cell>
			<Cell><Data ss:Type="Number">-9.5</Data></Cell>
			<Cell><Data ss:Type="Number">-0.05</Data></Cell>
			<Cell><Data ss:Type="Number">-0.93</Data></Cell>
			<Cell><Data ss:Type="Number">22.7</Data></Cell>
			<Cell><Data ss:Type="Number">39.6</Data></Cell>
			<Cell><Data ss:Type="Number">0</Data></Cell>
			<Cell><Data ss:Type="Number">0</Data></Cell>
			<Cell><Data ss:Type="String">2023-12-07 16:43:34.216467</Data></Cell>
		</Row>
		<Row>
			<Cell><Data ss:Type="String">1205</Data></Cell>
			<Cell><Data ss:Type="Number">0.26</Data></Cell>
			<Cell><Data ss:Type="Number">-11.39</Data></Cell>
			<Cell><Data ss:Type="Number">0.21</Data></Cell>
			<Cell><Data ss:Type="Number">-9.83</Data></Cell>
			<Cell><Data ss:Type="Number">-0.11</Data></Cell>
			<Cell><Data ss:Type="Number">-0.87</Data></Cell>
			<Cell><Data ss:Type="Number">22.7</Data></Cell>
			<Cell><Data ss:Type="Number">39.6</Data></Cell>
			<Cell><Data ss:Type="Number">0</Data></Cell>
			<Cell><Data ss:Type="Number">0</Data></Cell>
			<Cell><Data ss:Type="String">2023-12-07 16:43:34.214867</Data></Cell>
		</Row>
		<Row>
			<Cell><Data ss:Type="String">1204</Data></Cell>
			<Cell><Data ss:Type="Number">0.25</Data></Cell>
			<Cell><Data ss:Type="Number">-9.92</Data></Cell>
			<Cell><Data ss:Type="Number">0.41</Data></Cell>
			<Cell><Data ss:Type="Number">-9.44</Data></Cell>
			<Cell><Data ss:Type="Number">-0.06</Data></Cell>
			<Cell><Data ss:Type="Number">-0.94</Data></Cell>
			<Cell><Data ss:Type="Number">22.7</Data></Cell>
			<Cell><Data ss:Type="Number">39.6</Data></Cell>
			<Cell><Data ss:Type="Number">0</Data></Cell>
			<Cell><Data ss:Type="Number">0</Data></Cell>
			<Cell><Data ss:Type="String">2023-12-07 16:43:34.166335</Data></Cell>
		</Row>
		<Row>
			<Cell><Data ss:Type="String">1203</Data></Cell>
			<Cell><Data ss:Type="Number">0.19</Data></Cell>
			<Cell><Data ss:Type="Number">-9.91</Data></Cell>
			<Cell><Data ss:Type="Number">-0.23</Data></Cell>
			<Cell><Data ss:Type="Number">-9.39</Data></Cell>
			<Cell><Data ss:Type="Number">-0.08</Data></Cell>
			<Cell><Data ss:Type="Number">-0.99</Data></Cell>
			<Cell><Data ss:Type="Number">22.7</Data></Cell>
			<Cell><Data ss:Type="Number">39.6</Data></Cell>
			<Cell><Data ss:Type="Number">0</Data></Cell>
			<Cell><Data ss:Type="Number">0</Data></Cell>
			<Cell><Data ss:Type="String">2023-12-07 16:43:34.127294</Data></Cell>
		</Row>
		<Row>
			<Cell><Data ss:Type="String">1202</Data></Cell>
			<Cell><Data ss:Type="Number">0.51</Data></Cell>
			<Cell><Data ss:Type="Number">-10.58</Data></Cell>
			<Cell><Data ss:Type="Number">0.26</Data></Cell>
			<Cell><Data ss:Type="Number">-9.69</Data></Cell>
			<Cell><Data ss:Type="Number">-0.08</Data></Cell>
			<Cell><Data ss:Type="Number">-0.91</Data></Cell>
			<Cell><Data ss:Type="Number">22.7</Data></Cell>
			<Cell><Data ss:Type="Number">39.6</Data></Cell>
			<Cell><Data ss:Type="Number">0</Data></Cell>
			<Cell><Data ss:Type="Number">0</Data></Cell>
			<Cell><Data ss:Type="String">2023-12-07 16:43:34.124773</Data></Cell>
		</Row>
		<Row>
			<Cell><Data ss:Type="String">1201</Data></Cell>
			<Cell><Data ss:Type="Number">-0.08</Data></Cell>
			<Cell><Data ss:Type="Number">-10.45</Data></Cell>
			<Cell><Data ss:Type="Number">0.28</Data></Cell>
			<Cell><Data ss:Type="Number">-9.56</Data></Cell>
			<Cell><Data ss:Type="Number">0.02</Data></Cell>
			<Cell><Data ss:Type="Number">-0.86</Data></Cell>
			<Cell><Data ss:Type="Number">22.7</Data></Cell>
			<Cell><Data ss:Type="Number">39.6</Data></Cell>
			<Cell><Data ss:Type="Number">0</Data></Cell>
			<Cell><Data ss:Type="Number">0</Data></Cell>
			<Cell><Data ss:Type="String">2023-12-07 16:43:34.065836</Data></Cell>
		</Row>
		<Row>
			<Cell><Data ss:Type="String">1200</Data></Cell>
			<Cell><Data ss:Type="Number">0.42</Data></Cell>
			<Cell><Data ss:Type="Number">-9.92</Data></Cell>
			<Cell><Data ss:Type="Number">0.04</Data></Cell>
			<Cell><Data ss:Type="Number">-9.45</Data></Cell>
			<Cell><Data ss:Type="Number">-0.09</Data></Cell>
			<Cell><Data ss:Type="Number">-0.92</Data></Cell>
			<Cell><Data ss:Type="Number">22.7</Data></Cell>
			<Cell><Data ss:Type="Number">39.6</Data></Cell>
			<Cell><Data ss:Type="Number">0</Data></Cell>
			<Cell><Data ss:Type="Number">0</Data></Cell>
			<Cell><Data ss:Type="String">2023-12-07 16:43:34.063803</Data></Cell>
		</Row>
		<Row>
			<Cell><Data ss:Type="String">1199</Data></Cell>
			<Cell><Data ss:Type="Number">0.68</Data></Cell>
			<Cell><Data ss:Type="Number">-8.92</Data></Cell>
			<Cell><Data ss:Type="Number">0.4</Data></Cell>
			<Cell><Data ss:Type="Number">-9.39</Data></Cell>
			<Cell><Data ss:Type="Number">-0.04</Data></Cell>
			<Cell><Data ss:Type="Number">-0.88</Data></Cell>
			<Cell><Data ss:Type="Number">22.7</Data></Cell>
			<Cell><Data ss:Type="Number">39.6</Data></Cell>
			<Cell><Data ss:Type="Number">0</Data></Cell>
			<Cell><Data ss:Type="Number">0</Data></Cell>
			<Cell><Data ss:Type="String">2023-12-07 16:43:34.061431</Data></Cell>
		</Row>
		<Row>
			<Cell><Data ss:Type="String">1198</Data></Cell>
			<Cell><Data ss:Type="Number">0.61</Data></Cell>
			<Cell><Data ss:Type="Number">-11.22</Data></Cell>
			<Cell><Data ss:Type="Number">0.24</Data></Cell>
			<Cell><Data ss:Type="Number">-9.48</Data></Cell>
			<Cell><Data ss:Type="Number">-0.14</Data></Cell>
			<Cell><Data ss:Type="Number">-0.88</Data></Cell>
			<Cell><Data ss:Type="Number">22.7</Data></Cell>
			<Cell><Data ss:Type="Number">39.6</Data></Cell>
			<Cell><Data ss:Type="Number">0</Data></Cell>
			<Cell><Data ss:Type="Number">0</Data></Cell>
			<Cell><Data ss:Type="String">2023-12-07 16:43:34.059027</Data></Cell>
		</Row>
		<Row>
			<Cell><Data ss:Type="String">1197</Data></Cell>
			<Cell><Data ss:Type="Number">0.09</Data></Cell>
			<Cell><Data ss:Type="Number">-10.24</Data></Cell>
			<Cell><Data ss:Type="Number">0.01</Data></Cell>
			<Cell><Data ss:Type="Number">-9.54</Data></Cell>
			<Cell><Data ss:Type="Number">-0.07</Data></Cell>
			<Cell><Data ss:Type="Number">-0.96</Data></Cell>
			<Cell><Data ss:Type="Number">22.7</Data></Cell>
			<Cell><Data ss:Type="Number">39.6</Data></Cell>
			<Cell><Data ss:Type="Number">0</Data></Cell>
			<Cell><Data ss:Type="Number">0</Data></Cell>
			<Cell><Data ss:Type="String">2023-12-07 16:43:34.056909</Data></Cell>
		</Row>
		<Row>
			<Cell><Data ss:Type="String">1196</Data></Cell>
			<Cell><Data ss:Type="Number">0.56</Data></Cell>
			<Cell><Data ss:Type="Number">-9.68</Data></Cell>
			<Cell><Data ss:Type="Number">0.25</Data></Cell>
			<Cell><Data ss:Type="Number">-9.48</Data></Cell>
			<Cell><Data ss:Type="Number">-0.11</Data></Cell>
			<Cell><Data ss:Type="Number">-0.9</Data></Cell>
			<Cell><Data ss:Type="Number">22.7</Data></Cell>
			<Cell><Data ss:Type="Number">39.6</Data></Cell>
			<Cell><Data ss:Type="Number">0</Data></Cell>
			<Cell><Data ss:Type="Number">0</Data></Cell>
			<Cell><Data ss:Type="String">2023-12-07 16:43:34.054657</Data></Cell>
		</Row>
		<Row>
			<Cell><Data ss:Type="String">1195</Data></Cell>
			<Cell><Data ss:Type="Number">0.3</Data></Cell>
			<Cell><Data ss:Type="Number">-9.83</Data></Cell>
			<Cell><Data ss:Type="Number">0.15</Data></Cell>
			<Cell><Data ss:Type="Number">-9.52</Data></Cell>
			<Cell><Data ss:Type="Number">0.01</Data></Cell>
			<Cell><Data ss:Type="Number">-0.9</Data></Cell>
			<Cell><Data ss:Type="Number">22.7</Data></Cell>
			<Cell><Data ss:Type="Number">39.6</Data></Cell>
			<Cell><Data ss:Type="Number">0</Data></Cell>
			<Cell><Data ss:Type="Number">0</Data></Cell>
			<Cell><Data ss:Type="String">2023-12-07 16:43:34.049947</Data></Cell>
		</Row>
		<Row>
			<Cell><Data ss:Type="String">1194</Data></Cell>
			<Cell><Data ss:Type="Number">0.17</Data></Cell>
			<Cell><Data ss:Type="Number">-10.05</Data></Cell>
			<Cell><Data ss:Type="Number">0.18</Data></Cell>
			<Cell><Data ss:Type="Number">-9.38</Data></Cell>
			<Cell><Data ss:Type="Number">-0.1</Data></Cell>
			<Cell><Data ss:Type="Number">-0.91</Data></Cell>
			<Cell><Data ss:Type="Number">22.7</Data></Cell>
			<Cell><Data ss:Type="Number">39.6</Data></Cell>
			<Cell><Data ss:Type="Number">0</Data></Cell>
			<Cell><Data ss:Type="Number">0</Data></Cell>
			<Cell><Data ss:Type="String">2023-12-07 16:43:33.824691</Data></Cell>
		</Row>
		<Row>
			<Cell><Data ss:Type="String">1193</Data></Cell>
			<Cell><Data ss:Type="Number">0.16</Data></Cell>
			<Cell><Data ss:Type="Number">-10.05</Data></Cell>
			<Cell><Data ss:Type="Number">0.23</Data></Cell>
			<Cell><Data ss:Type="Number">-9.35</Data></Cell>
			<Cell><Data ss:Type="Number">-0.12</Data></Cell>
			<Cell><Data ss:Type="Number">-0.9</Data></Cell>
			<Cell><Data ss:Type="Number">22.7</Data></Cell>
			<Cell><Data ss:Type="Number">39.6</Data></Cell>
			<Cell><Data ss:Type="Number">0</Data></Cell>
			<Cell><Data ss:Type="Number">0</Data></Cell>
			<Cell><Data ss:Type="String">2023-12-07 16:43:33.822824</Data></Cell>
		</Row>
		<Row>
			<Cell><Data ss:Type="String">1192</Data></Cell>
			<Cell><Data ss:Type="Number">0.86</Data></Cell>
			<Cell><Data ss:Type="Number">-10.29</Data></Cell>
			<Cell><Data ss:Type="Number">0.17</Data></Cell>
			<Cell><Data ss:Type="Number">-9.61</Data></Cell>
			<Cell><Data ss:Type="Number">0.01</Data></Cell>
			<Cell><Data ss:Type="Number">-0.98</Data></Cell>
			<Cell><Data ss:Type="Number">22.7</Data></Cell>
			<Cell><Data ss:Type="Number">39.6</Data></Cell>
			<Cell><Data ss:Type="Number">0</Data></Cell>
			<Cell><Data ss:Type="Number">0</Data></Cell>
			<Cell><Data ss:Type="String">2023-12-07 16:43:33.820943</Data></Cell>
		</Row>
		<Row>
			<Cell><Data ss:Type="String">1191</Data></Cell>
			<Cell><Data ss:Type="Number">0.17</Data></Cell>
			<Cell><Data ss:Type="Number">-10.06</Data></Cell>
			<Cell><Data ss:Type="Number">0.02</Data></Cell>
			<Cell><Data ss:Type="Number">-9.43</Data></Cell>
			<Cell><Data ss:Type="Number">0.01</Data></Cell>
			<Cell><Data ss:Type="Number">-0.81</Data></Cell>
			<Cell><Data ss:Type="Number">22.7</Data></Cell>
			<Cell><Data ss:Type="Number">39.6</Data></Cell>
			<Cell><Data ss:Type="Number">0</Data></Cell>
			<Cell><Data ss:Type="Number">0</Data></Cell>
			<Cell><Data ss:Type="String">2023-12-07 16:43:33.706111</Data></Cell>
		</Row>
		<Row>
			<Cell><Data ss:Type="String">1190</Data></Cell>
			<Cell><Data ss:Type="Number">1.13</Data></Cell>
			<Cell><Data ss:Type="Number">-9.81</Data></Cell>
			<Cell><Data ss:Type="Number">0.64</Data></Cell>
			<Cell><Data ss:Type="Number">-9.45</Data></Cell>
			<Cell><Data ss:Type="Number">-0.37</Data></Cell>
			<Cell><Data ss:Type="Number">-0.92</Data></Cell>
			<Cell><Data ss:Type="Number">22.7</Data></Cell>
			<Cell><Data ss:Type="Number">39.6</Data></Cell>
			<Cell><Data ss:Type="Number">0</Data></Cell>
			<Cell><Data ss:Type="Number">0</Data></Cell>
			<Cell><Data ss:Type="String">2023-12-07 16:43:33.704543</Data></Cell>
		</Row>
		<Row>
			<Cell><Data ss:Type="String">1189</Data></Cell>
			<Cell><Data ss:Type="Number">1.49</Data></Cell>
			<Cell><Data ss:Type="Number">-9.99</Data></Cell>
			<Cell><Data ss:Type="Number">0.53</Data></Cell>
			<Cell><Data ss:Type="Number">-9.47</Data></Cell>
			<Cell><Data ss:Type="Number">-0.41</Data></Cell>
			<Cell><Data ss:Type="Number">-0.91</Data></Cell>
			<Cell><Data ss:Type="Number">22.7</Data></Cell>
			<Cell><Data ss:Type="Number">39.6</Data></Cell>
			<Cell><Data ss:Type="Number">0</Data></Cell>
			<Cell><Data ss:Type="Number">0</Data></Cell>
			<Cell><Data ss:Type="String">2023-12-07 16:43:33.658828</Data></Cell>
		</Row>
		<Row>
			<Cell><Data ss:Type="String">1188</Data></Cell>
			<Cell><Data ss:Type="Number">1.38</Data></Cell>
			<Cell><Data ss:Type="Number">-10.04</Data></Cell>
			<Cell><Data ss:Type="Number">0.51</Data></Cell>
			<Cell><Data ss:Type="Number">-9.42</Data></Cell>
			<Cell><Data ss:Type="Number">-0.67</Data></Cell>
			<Cell><Data ss:Type="Number">-0.73</Data></Cell>
			<Cell><Data ss:Type="Number">22.7</Data></Cell>
			<Cell><Data ss:Type="Number">39.6</Data></Cell>
			<Cell><Data ss:Type="Number">0</Data></Cell>
			<Cell><Data ss:Type="Number">0</Data></Cell>
			<Cell><Data ss:Type="String">2023-12-07 16:43:33.614542</Data></Cell>
		</Row>
		<Row>
			<Cell><Data ss:Type="String">1187</Data></Cell>
			<Cell><Data ss:Type="Number">1.97</Data></Cell>
			<Cell><Data ss:Type="Number">-9.01</Data></Cell>
			<Cell><Data ss:Type="Number">1.16</Data></Cell>
			<Cell><Data ss:Type="Number">-9.4</Data></Cell>
			<Cell><Data ss:Type="Number">-1.23</Data></Cell>
			<Cell><Data ss:Type="Number">-0.84</Data></Cell>
			<Cell><Data ss:Type="Number">22.7</Data></Cell>
			<Cell><Data ss:Type="Number">39.6</Data></Cell>
			<Cell><Data ss:Type="Number">0</Data></Cell>
			<Cell><Data ss:Type="Number">0</Data></Cell>
			<Cell><Data ss:Type="String">2023-12-07 16:43:33.558031</Data></Cell>
		</Row>
		<Row>
			<Cell><Data ss:Type="String">1186</Data></Cell>
			<Cell><Data ss:Type="Number">-3.53</Data></Cell>
			<Cell><Data ss:Type="Number">-10.96</Data></Cell>
			<Cell><Data ss:Type="Number">-1.27</Data></Cell>
			<Cell><Data ss:Type="Number">-9.76</Data></Cell>
			<Cell><Data ss:Type="Number">0.43</Data></Cell>
			<Cell><Data ss:Type="Number">-1.24</Data></Cell>
			<Cell><Data ss:Type="Number">22.7</Data></Cell>
			<Cell><Data ss:Type="Number">39.6</Data></Cell>
			<Cell><Data ss:Type="Number">0</Data></Cell>
			<Cell><Data ss:Type="Number">0</Data></Cell>
			<Cell><Data ss:Type="String">2023-12-07 16:43:33.556368</Data></Cell>
		</Row>
		<Row>
			<Cell><Data ss:Type="String">1185</Data></Cell>
			<Cell><Data ss:Type="Number">-1.59</Data></Cell>
			<Cell><Data ss:Type="Number">-17.26</Data></Cell>
			<Cell><Data ss:Type="Number">0.46</Data></Cell>
			<Cell><Data ss:Type="Number">-14.3</Data></Cell>
			<Cell><Data ss:Type="Number">0.96</Data></Cell>
			<Cell><Data ss:Type="Number">-0.98</Data></Cell>
			<Cell><Data ss:Type="Number">22.7</Data></Cell>
			<Cell><Data ss:Type="Number">39.6</Data></Cell>
			<Cell><Data ss:Type="Number">0</Data></Cell>
			<Cell><Data ss:Type="Number">0</Data></Cell>
			<Cell><Data ss:Type="String">2023-12-07 16:43:33.519903</Data></Cell>
		</Row>
		<Row>
			<Cell><Data ss:Type="String">1184</Data></Cell>
			<Cell><Data ss:Type="Number">0.3</Data></Cell>
			<Cell><Data ss:Type="Number">-10.14</Data></Cell>
			<Cell><Data ss:Type="Number">0.14</Data></Cell>
			<Cell><Data ss:Type="Number">-9.48</Data></Cell>
			<Cell><Data ss:Type="Number">-0.06</Data></Cell>
			<Cell><Data ss:Type="Number">-0.91</Data></Cell>
			<Cell><Data ss:Type="Number">22.7</Data></Cell>
			<Cell><Data ss:Type="Number">39.6</Data></Cell>
			<Cell><Data ss:Type="Number">0</Data></Cell>
			<Cell><Data ss:Type="Number">0</Data></Cell>
			<Cell><Data ss:Type="String">2023-12-07 16:43:33.474919</Data></Cell>
		</Row>
		<Row>
			<Cell><Data ss:Type="String">1183</Data></Cell>
			<Cell><Data ss:Type="Number">0.16</Data></Cell>
			<Cell><Data ss:Type="Number">-10.07</Data></Cell>
			<Cell><Data ss:Type="Number">0.19</Data></Cell>
			<Cell><Data ss:Type="Number">-9.46</Data></Cell>
			<Cell><Data ss:Type="Number">-0.06</Data></Cell>
			<Cell><Data ss:Type="Number">-0.92</Data></Cell>
			<Cell><Data ss:Type="Number">22.7</Data></Cell>
			<Cell><Data ss:Type="Number">39.6</Data></Cell>
			<Cell><Data ss:Type="Number">0</Data></Cell>
			<Cell><Data ss:Type="Number">0</Data></Cell>
			<Cell><Data ss:Type="String">2023-12-07 16:43:33.432032</Data></Cell>
		</Row>
		<Row>
			<Cell><Data ss:Type="String">1182</Data></Cell>
			<Cell><Data ss:Type="Number">0.37</Data></Cell>
			<Cell><Data ss:Type="Number">-10.02</Data></Cell>
			<Cell><Data ss:Type="Number">0.31</Data></Cell>
			<Cell><Data ss:Type="Number">-9.47</Data></Cell>
			<Cell><Data ss:Type="Number">-0.08</Data></Cell>
			<Cell><Data ss:Type="Number">-0.93</Data></Cell>
			<Cell><Data ss:Type="Number">22.7</Data></Cell>
			<Cell><Data ss:Type="Number">39.6</Data></Cell>
			<Cell><Data ss:Type="Number">0</Data></Cell>
			<Cell><Data ss:Type="Number">0</Data></Cell>
			<Cell><Data ss:Type="String">2023-12-07 16:43:33.429945</Data></Cell>
		</Row>
		<Row>
			<Cell><Data ss:Type="String">1181</Data></Cell>
			<Cell><Data ss:Type="Number">0.26</Data></Cell>
			<Cell><Data ss:Type="Number">-10.2</Data></Cell>
			<Cell><Data ss:Type="Number">0.21</Data></Cell>
			<Cell><Data ss:Type="Number">-9.54</Data></Cell>
			<Cell><Data ss:Type="Number">-0.08</Data></Cell>
			<Cell><Data ss:Type="Number">-0.86</Data></Cell>
			<Cell><Data ss:Type="Number">22.7</Data></Cell>
			<Cell><Data ss:Type="Number">39.6</Data></Cell>
			<Cell><Data ss:Type="Number">0</Data></Cell>
			<Cell><Data ss:Type="Number">0</Data></Cell>
			<Cell><Data ss:Type="String">2023-12-07 16:43:33.382688</Data></Cell>
		</Row>
		<Row>
			<Cell><Data ss:Type="String">1180</Data></Cell>
			<Cell><Data ss:Type="Number">0.25</Data></Cell>
			<Cell><Data ss:Type="Number">-10.2</Data></Cell>
			<Cell><Data ss:Type="Number">0.2</Data></Cell>
			<Cell><Data ss:Type="Number">-9.5</Data></Cell>
			<Cell><Data ss:Type="Number">-0.07</Data></Cell>
			<Cell><Data ss:Type="Number">-0.9</Data></Cell>
			<Cell><Data ss:Type="Number">22.7</Data></Cell>
			<Cell><Data ss:Type="Number">39.6</Data></Cell>
			<Cell><Data ss:Type="Number">0</Data></Cell>
			<Cell><Data ss:Type="Number">0</Data></Cell>
			<Cell><Data ss:Type="String">2023-12-07 16:43:33.337429</Data></Cell>
		</Row>
		<Row>
			<Cell><Data ss:Type="String">1179</Data></Cell>
			<Cell><Data ss:Type="Number">0.32</Data></Cell>
			<Cell><Data ss:Type="Number">-10.05</Data></Cell>
			<Cell><Data ss:Type="Number">0.18</Data></Cell>
			<Cell><Data ss:Type="Number">-9.44</Data></Cell>
			<Cell><Data ss:Type="Number">-0.06</Data></Cell>
			<Cell><Data ss:Type="Number">-0.96</Data></Cell>
			<Cell><Data ss:Type="Number">22.7</Data></Cell>
			<Cell><Data ss:Type="Number">39.6</Data></Cell>
			<Cell><Data ss:Type="Number">0</Data></Cell>
			<Cell><Data ss:Type="Number">0</Data></Cell>
			<Cell><Data ss:Type="String">2023-12-07 16:43:33.293815</Data></Cell>
		</Row>
		<Row>
			<Cell><Data ss:Type="String">1178</Data></Cell>
			<Cell><Data ss:Type="Number">0.31</Data></Cell>
			<Cell><Data ss:Type="Number">-10</Data></Cell>
			<Cell><Data ss:Type="Number">0.22</Data></Cell>
			<Cell><Data ss:Type="Number">-9.47</Data></Cell>
			<Cell><Data ss:Type="Number">-0.08</Data></Cell>
			<Cell><Data ss:Type="Number">-0.96</Data></Cell>
			<Cell><Data ss:Type="Number">22.7</Data></Cell>
			<Cell><Data ss:Type="Number">39.6</Data></Cell>
			<Cell><Data ss:Type="Number">0</Data></Cell>
			<Cell><Data ss:Type="Number">0</Data></Cell>
			<Cell><Data ss:Type="String">2023-12-07 16:43:33.291195</Data></Cell>
		</Row>
		<Row>
			<Cell><Data ss:Type="String">1177</Data></Cell>
			<Cell><Data ss:Type="Number">0.29</Data></Cell>
			<Cell><Data ss:Type="Number">-10.07</Data></Cell>
			<Cell><Data ss:Type="Number">0.19</Data></Cell>
			<Cell><Data ss:Type="Number">-9.51</Data></Cell>
			<Cell><Data ss:Type="Number">-0.1</Data></Cell>
			<Cell><Data ss:Type="Number">-0.93</Data></Cell>
			<Cell><Data ss:Type="Number">22.7</Data></Cell>
			<Cell><Data ss:Type="Number">39.6</Data></Cell>
			<Cell><Data ss:Type="Number">0</Data></Cell>
			<Cell><Data ss:Type="Number">0</Data></Cell>
			<Cell><Data ss:Type="String">2023-12-07 16:43:33.245893</Data></Cell>
		</Row>
		<Row>
			<Cell><Data ss:Type="String">1176</Data></Cell>
			<Cell><Data ss:Type="Number">0.33</Data></Cell>
			<Cell><Data ss:Type="Number">-10.13</Data></Cell>
			<Cell><Data ss:Type="Number">0.14</Data></Cell>
			<Cell><Data ss:Type="Number">-9.51</Data></Cell>
			<Cell><Data ss:Type="Number">-0.07</Data></Cell>
			<Cell><Data ss:Type="Number">-0.92</Data></Cell>
			<Cell><Data ss:Type="Number">22.7</Data></Cell>
			<Cell><Data ss:Type="Number">39.6</Data></Cell>
			<Cell><Data ss:Type="Number">0</Data></Cell>
			<Cell><Data ss:Type="Number">0</Data></Cell>
			<Cell><Data ss:Type="String">2023-12-07 16:43:33.200476</Data></Cell>
		</Row>
		<Row>
			<Cell><Data ss:Type="String">1175</Data></Cell>
			<Cell><Data ss:Type="Number">0.23</Data></Cell>
			<Cell><Data ss:Type="Number">-10.13</Data></Cell>
			<Cell><Data ss:Type="Number">0.14</Data></Cell>
			<Cell><Data ss:Type="Number">-9.51</Data></Cell>
			<Cell><Data ss:Type="Number">-0.07</Data></Cell>
			<Cell><Data ss:Type="Number">-0.9</Data></Cell>
			<Cell><Data ss:Type="Number">22.7</Data></Cell>
			<Cell><Data ss:Type="Number">39.6</Data></Cell>
			<Cell><Data ss:Type="Number">0</Data></Cell>
			<Cell><Data ss:Type="Number">0</Data></Cell>
			<Cell><Data ss:Type="String">2023-12-07 16:43:33.198775</Data></Cell>
		</Row>
		<Row>
			<Cell><Data ss:Type="String">1174</Data></Cell>
			<Cell><Data ss:Type="Number">0.27</Data></Cell>
			<Cell><Data ss:Type="Number">-9.96</Data></Cell>
			<Cell><Data ss:Type="Number">0.01</Data></Cell>
			<Cell><Data ss:Type="Number">-9.42</Data></Cell>
			<Cell><Data ss:Type="Number">-0.08</Data></Cell>
			<Cell><Data ss:Type="Number">-0.92</Data></Cell>
			<Cell><Data ss:Type="Number">22.7</Data></Cell>
			<Cell><Data ss:Type="Number">39.6</Data></Cell>
			<Cell><Data ss:Type="Number">0</Data></Cell>
			<Cell><Data ss:Type="Number">0</Data></Cell>
			<Cell><Data ss:Type="String">2023-12-07 16:43:33.153282</Data></Cell>
		</Row>
		<Row>
			<Cell><Data ss:Type="String">1173</Data></Cell>
			<Cell><Data ss:Type="Number">0.3</Data></Cell>
			<Cell><Data ss:Type="Number">-10.05</Data></Cell>
			<Cell><Data ss:Type="Number">0.13</Data></Cell>
			<Cell><Data ss:Type="Number">-9.47</Data></Cell>
			<Cell><Data ss:Type="Number">-0.08</Data></Cell>
			<Cell><Data ss:Type="Number">-0.94</Data></Cell>
			<Cell><Data ss:Type="Number">22.7</Data></Cell>
			<Cell><Data ss:Type="Number">39.6</Data></Cell>
			<Cell><Data ss:Type="Number">0</Data></Cell>
			<Cell><Data ss:Type="Number">0</Data></Cell>
			<Cell><Data ss:Type="String">2023-12-07 16:43:33.113648</Data></Cell>
		</Row>
		<Row>
			<Cell><Data ss:Type="String">1172</Data></Cell>
			<Cell><Data ss:Type="Number">0.25</Data></Cell>
			<Cell><Data ss:Type="Number">-10.1</Data></Cell>
			<Cell><Data ss:Type="Number">0.14</Data></Cell>
			<Cell><Data ss:Type="Number">-9.53</Data></Cell>
			<Cell><Data ss:Type="Number">-0.07</Data></Cell>
			<Cell><Data ss:Type="Number">-0.9</Data></Cell>
			<Cell><Data ss:Type="Number">22.7</Data></Cell>
			<Cell><Data ss:Type="Number">39.6</Data></Cell>
			<Cell><Data ss:Type="Number">0</Data></Cell>
			<Cell><Data ss:Type="Number">0</Data></Cell>
			<Cell><Data ss:Type="String">2023-12-07 16:43:33.111483</Data></Cell>
		</Row>
		<Row>
			<Cell><Data ss:Type="String">1171</Data></Cell>
			<Cell><Data ss:Type="Number">0.36</Data></Cell>
			<Cell><Data ss:Type="Number">-10.2</Data></Cell>
			<Cell><Data ss:Type="Number">0.22</Data></Cell>
			<Cell><Data ss:Type="Number">-9.53</Data></Cell>
			<Cell><Data ss:Type="Number">-0.08</Data></Cell>
			<Cell><Data ss:Type="Number">-0.91</Data></Cell>
			<Cell><Data ss:Type="Number">22.7</Data></Cell>
			<Cell><Data ss:Type="Number">39.6</Data></Cell>
			<Cell><Data ss:Type="Number">0</Data></Cell>
			<Cell><Data ss:Type="Number">0</Data></Cell>
			<Cell><Data ss:Type="String">2023-12-07 16:43:33.109117</Data></Cell>
		</Row>
		<Row>
			<Cell><Data ss:Type="String">1170</Data></Cell>
			<Cell><Data ss:Type="Number">0.19</Data></Cell>
			<Cell><Data ss:Type="Number">-10.17</Data></Cell>
			<Cell><Data ss:Type="Number">0.21</Data></Cell>
			<Cell><Data ss:Type="Number">-9.48</Data></Cell>
			<Cell><Data ss:Type="Number">-0.06</Data></Cell>
			<Cell><Data ss:Type="Number">-0.89</Data></Cell>
			<Cell><Data ss:Type="Number">22.7</Data></Cell>
			<Cell><Data ss:Type="Number">39.6</Data></Cell>
			<Cell><Data ss:Type="Number">0</Data></Cell>
			<Cell><Data ss:Type="Number">0</Data></Cell>
			<Cell><Data ss:Type="String">2023-12-07 16:43:33.107408</Data></Cell>
		</Row>
		<Row>
			<Cell><Data ss:Type="String">1169</Data></Cell>
			<Cell><Data ss:Type="Number">0.3</Data></Cell>
			<Cell><Data ss:Type="Number">-9.93</Data></Cell>
			<Cell><Data ss:Type="Number">0.09</Data></Cell>
			<Cell><Data ss:Type="Number">-9.42</Data></Cell>
			<Cell><Data ss:Type="Number">-0.06</Data></Cell>
			<Cell><Data ss:Type="Number">-0.96</Data></Cell>
			<Cell><Data ss:Type="Number">22.7</Data></Cell>
			<Cell><Data ss:Type="Number">39.6</Data></Cell>
			<Cell><Data ss:Type="Number">0</Data></Cell>
			<Cell><Data ss:Type="Number">0</Data></Cell>
			<Cell><Data ss:Type="String">2023-12-07 16:43:33.105785</Data></Cell>
		</Row>
		<Row>
			<Cell><Data ss:Type="String">1168</Data></Cell>
			<Cell><Data ss:Type="Number">0.25</Data></Cell>
			<Cell><Data ss:Type="Number">-9.98</Data></Cell>
			<Cell><Data ss:Type="Number">0.1</Data></Cell>
			<Cell><Data ss:Type="Number">-9.45</Data></Cell>
			<Cell><Data ss:Type="Number">-0.06</Data></Cell>
			<Cell><Data ss:Type="Number">-0.94</Data></Cell>
			<Cell><Data ss:Type="Number">22.7</Data></Cell>
			<Cell><Data ss:Type="Number">39.6</Data></Cell>
			<Cell><Data ss:Type="Number">0</Data></Cell>
			<Cell><Data ss:Type="Number">0</Data></Cell>
			<Cell><Data ss:Type="String">2023-12-07 16:43:33.103716</Data></Cell>
		</Row>
		<Row>
			<Cell><Data ss:Type="String">1167</Data></Cell>
			<Cell><Data ss:Type="Number">0.27</Data></Cell>
			<Cell><Data ss:Type="Number">-9.98</Data></Cell>
			<Cell><Data ss:Type="Number">0.08</Data></Cell>
			<Cell><Data ss:Type="Number">-9.49</Data></Cell>
			<Cell><Data ss:Type="Number">-0.07</Data></Cell>
			<Cell><Data ss:Type="Number">-0.93</Data></Cell>
			<Cell><Data ss:Type="Number">22.7</Data></Cell>
			<Cell><Data ss:Type="Number">39.6</Data></Cell>
			<Cell><Data ss:Type="Number">0</Data></Cell>
			<Cell><Data ss:Type="Number">0</Data></Cell>
			<Cell><Data ss:Type="String">2023-12-07 16:43:33.101533</Data></Cell>
		</Row>
		<Row>
			<Cell><Data ss:Type="String">1166</Data></Cell>
			<Cell><Data ss:Type="Number">0.26</Data></Cell>
			<Cell><Data ss:Type="Number">-10.24</Data></Cell>
			<Cell><Data ss:Type="Number">0.16</Data></Cell>
			<Cell><Data ss:Type="Number">-9.52</Data></Cell>
			<Cell><Data ss:Type="Number">-0.08</Data></Cell>
			<Cell><Data ss:Type="Number">-0.89</Data></Cell>
			<Cell><Data ss:Type="Number">22.7</Data></Cell>
			<Cell><Data ss:Type="Number">39.6</Data></Cell>
			<Cell><Data ss:Type="Number">0</Data></Cell>
			<Cell><Data ss:Type="Number">0</Data></Cell>
			<Cell><Data ss:Type="String">2023-12-07 16:43:32.873687</Data></Cell>
		</Row>
		<Row>
			<Cell><Data ss:Type="String">1165</Data></Cell>
			<Cell><Data ss:Type="Number">0.27</Data></Cell>
			<Cell><Data ss:Type="Number">-10.18</Data></Cell>
			<Cell><Data ss:Type="Number">0.15</Data></Cell>
			<Cell><Data ss:Type="Number">-9.5</Data></Cell>
			<Cell><Data ss:Type="Number">-0.05</Data></Cell>
			<Cell><Data ss:Type="Number">-0.9</Data></Cell>
			<Cell><Data ss:Type="Number">22.7</Data></Cell>
			<Cell><Data ss:Type="Number">39.6</Data></Cell>
			<Cell><Data ss:Type="Number">0</Data></Cell>
			<Cell><Data ss:Type="Number">0</Data></Cell>
			<Cell><Data ss:Type="String">2023-12-07 16:43:32.831489</Data></Cell>
		</Row>
		<Row>
			<Cell><Data ss:Type="String">1164</Data></Cell>
			<Cell><Data ss:Type="Number">0.27</Data></Cell>
			<Cell><Data ss:Type="Number">-10.04</Data></Cell>
			<Cell><Data ss:Type="Number">0.16</Data></Cell>
			<Cell><Data ss:Type="Number">-9.41</Data></Cell>
			<Cell><Data ss:Type="Number">-0.05</Data></Cell>
			<Cell><Data ss:Type="Number">-0.91</Data></Cell>
			<Cell><Data ss:Type="Number">22.7</Data></Cell>
			<Cell><Data ss:Type="Number">39.6</Data></Cell>
			<Cell><Data ss:Type="Number">0</Data></Cell>
			<Cell><Data ss:Type="Number">0</Data></Cell>
			<Cell><Data ss:Type="String">2023-12-07 16:43:32.829115</Data></Cell>
		</Row>
		<Row>
			<Cell><Data ss:Type="String">1163</Data></Cell>
			<Cell><Data ss:Type="Number">0.32</Data></Cell>
			<Cell><Data ss:Type="Number">-10.06</Data></Cell>
			<Cell><Data ss:Type="Number">0.12</Data></Cell>
			<Cell><Data ss:Type="Number">-9.47</Data></Cell>
			<Cell><Data ss:Type="Number">-0.09</Data></Cell>
			<Cell><Data ss:Type="Number">-0.94</Data></Cell>
			<Cell><Data ss:Type="Number">22.7</Data></Cell>
			<Cell><Data ss:Type="Number">39.6</Data></Cell>
			<Cell><Data ss:Type="Number">0</Data></Cell>
			<Cell><Data ss:Type="Number">0</Data></Cell>
			<Cell><Data ss:Type="String">2023-12-07 16:43:32.782629</Data></Cell>
		</Row>
		<Row>
			<Cell><Data ss:Type="String">1162</Data></Cell>
			<Cell><Data ss:Type="Number">0.28</Data></Cell>
			<Cell><Data ss:Type="Number">-10.25</Data></Cell>
			<Cell><Data ss:Type="Number">0.2</Data></Cell>
			<Cell><Data ss:Type="Number">-9.55</Data></Cell>
			<Cell><Data ss:Type="Number">-0.09</Data></Cell>
			<Cell><Data ss:Type="Number">-0.9</Data></Cell>
			<Cell><Data ss:Type="Number">22.7</Data></Cell>
			<Cell><Data ss:Type="Number">39.6</Data></Cell>
			<Cell><Data ss:Type="Number">0</Data></Cell>
			<Cell><Data ss:Type="Number">0</Data></Cell>
			<Cell><Data ss:Type="String">2023-12-07 16:43:32.736584</Data></Cell>
		</Row>
		<Row>
			<Cell><Data ss:Type="String">1161</Data></Cell>
			<Cell><Data ss:Type="Number">0.31</Data></Cell>
			<Cell><Data ss:Type="Number">-10.14</Data></Cell>
			<Cell><Data ss:Type="Number">0.19</Data></Cell>
			<Cell><Data ss:Type="Number">-9.48</Data></Cell>
			<Cell><Data ss:Type="Number">-0.07</Data></Cell>
			<Cell><Data ss:Type="Number">-0.91</Data></Cell>
			<Cell><Data ss:Type="Number">22.7</Data></Cell>
			<Cell><Data ss:Type="Number">39.6</Data></Cell>
			<Cell><Data ss:Type="Number">0</Data></Cell>
			<Cell><Data ss:Type="Number">0</Data></Cell>
			<Cell><Data ss:Type="String">2023-12-07 16:43:32.695064</Data></Cell>
		</Row>
		<Row>
			<Cell><Data ss:Type="String">1160</Data></Cell>
			<Cell><Data ss:Type="Number">0.24</Data></Cell>
			<Cell><Data ss:Type="Number">-10.09</Data></Cell>
			<Cell><Data ss:Type="Number">0.29</Data></Cell>
			<Cell><Data ss:Type="Number">-9.44</Data></Cell>
			<Cell><Data ss:Type="Number">-0.08</Data></Cell>
			<Cell><Data ss:Type="Number">-0.93</Data></Cell>
			<Cell><Data ss:Type="Number">22.7</Data></Cell>
			<Cell><Data ss:Type="Number">39.6</Data></Cell>
			<Cell><Data ss:Type="Number">0</Data></Cell>
			<Cell><Data ss:Type="Number">0</Data></Cell>
			<Cell><Data ss:Type="String">2023-12-07 16:43:32.692640</Data></Cell>
		</Row>
		<Row>
			<Cell><Data ss:Type="String">1159</Data></Cell>
			<Cell><Data ss:Type="Number">0.27</Data></Cell>
			<Cell><Data ss:Type="Number">-9.99</Data></Cell>
			<Cell><Data ss:Type="Number">0.07</Data></Cell>
			<Cell><Data ss:Type="Number">-9.45</Data></Cell>
			<Cell><Data ss:Type="Number">-0.08</Data></Cell>
			<Cell><Data ss:Type="Number">-0.91</Data></Cell>
			<Cell><Data ss:Type="Number">22.7</Data></Cell>
			<Cell><Data ss:Type="Number">39.6</Data></Cell>
			<Cell><Data ss:Type="Number">0</Data></Cell>
			<Cell><Data ss:Type="Number">0</Data></Cell>
			<Cell><Data ss:Type="String">2023-12-07 16:43:32.644903</Data></Cell>
		</Row>
		<Row>
			<Cell><Data ss:Type="String">1158</Data></Cell>
			<Cell><Data ss:Type="Number">0.29</Data></Cell>
			<Cell><Data ss:Type="Number">-10.09</Data></Cell>
			<Cell><Data ss:Type="Number">0.14</Data></Cell>
			<Cell><Data ss:Type="Number">-9.47</Data></Cell>
			<Cell><Data ss:Type="Number">-0.06</Data></Cell>
			<Cell><Data ss:Type="Number">-0.91</Data></Cell>
			<Cell><Data ss:Type="Number">22.7</Data></Cell>
			<Cell><Data ss:Type="Number">39.6</Data></Cell>
			<Cell><Data ss:Type="Number">0</Data></Cell>
			<Cell><Data ss:Type="Number">0</Data></Cell>
			<Cell><Data ss:Type="String">2023-12-07 16:43:32.601766</Data></Cell>
		</Row>
		<Row>
			<Cell><Data ss:Type="String">1157</Data></Cell>
			<Cell><Data ss:Type="Number">0.31</Data></Cell>
			<Cell><Data ss:Type="Number">-10.17</Data></Cell>
			<Cell><Data ss:Type="Number">0.14</Data></Cell>
			<Cell><Data ss:Type="Number">-9.54</Data></Cell>
			<Cell><Data ss:Type="Number">-0.08</Data></Cell>
			<Cell><Data ss:Type="Number">-0.93</Data></Cell>
			<Cell><Data ss:Type="Number">22.7</Data></Cell>
			<Cell><Data ss:Type="Number">39.6</Data></Cell>
			<Cell><Data ss:Type="Number">0</Data></Cell>
			<Cell><Data ss:Type="Number">0</Data></Cell>
			<Cell><Data ss:Type="String">2023-12-07 16:43:32.599996</Data></Cell>
		</Row>
		<Row>
			<Cell><Data ss:Type="String">1156</Data></Cell>
			<Cell><Data ss:Type="Number">0.31</Data></Cell>
			<Cell><Data ss:Type="Number">-10.22</Data></Cell>
			<Cell><Data ss:Type="Number">0.11</Data></Cell>
			<Cell><Data ss:Type="Number">-9.5</Data></Cell>
			<Cell><Data ss:Type="Number">-0.07</Data></Cell>
			<Cell><Data ss:Type="Number">-0.89</Data></Cell>
			<Cell><Data ss:Type="Number">22.7</Data></Cell>
			<Cell><Data ss:Type="Number">39.6</Data></Cell>
			<Cell><Data ss:Type="Number">0</Data></Cell>
			<Cell><Data ss:Type="Number">0</Data></Cell>
			<Cell><Data ss:Type="String">2023-12-07 16:43:32.598005</Data></Cell>
		</Row>
		<Row>
			<Cell><Data ss:Type="String">1155</Data></Cell>
			<Cell><Data ss:Type="Number">0.29</Data></Cell>
			<Cell><Data ss:Type="Number">-10.25</Data></Cell>
			<Cell><Data ss:Type="Number">0.11</Data></Cell>
			<Cell><Data ss:Type="Number">-9.47</Data></Cell>
			<Cell><Data ss:Type="Number">-0.09</Data></Cell>
			<Cell><Data ss:Type="Number">-0.9</Data></Cell>
			<Cell><Data ss:Type="Number">22.7</Data></Cell>
			<Cell><Data ss:Type="Number">39.6</Data></Cell>
			<Cell><Data ss:Type="Number">0</Data></Cell>
			<Cell><Data ss:Type="Number">0</Data></Cell>
			<Cell><Data ss:Type="String">2023-12-07 16:43:32.595790</Data></Cell>
		</Row>
		<Row>
			<Cell><Data ss:Type="String">1154</Data></Cell>
			<Cell><Data ss:Type="Number">0.23</Data></Cell>
			<Cell><Data ss:Type="Number">-9.9</Data></Cell>
			<Cell><Data ss:Type="Number">0.25</Data></Cell>
			<Cell><Data ss:Type="Number">-9.45</Data></Cell>
			<Cell><Data ss:Type="Number">-0.08</Data></Cell>
			<Cell><Data ss:Type="Number">-0.95</Data></Cell>
			<Cell><Data ss:Type="Number">22.7</Data></Cell>
			<Cell><Data ss:Type="Number">39.6</Data></Cell>
			<Cell><Data ss:Type="Number">0</Data></Cell>
			<Cell><Data ss:Type="Number">0</Data></Cell>
			<Cell><Data ss:Type="String">2023-12-07 16:43:32.593571</Data></Cell>
		</Row>
		<Row>
			<Cell><Data ss:Type="String">1153</Data></Cell>
			<Cell><Data ss:Type="Number">0.3</Data></Cell>
			<Cell><Data ss:Type="Number">-10.1</Data></Cell>
			<Cell><Data ss:Type="Number">0.18</Data></Cell>
			<Cell><Data ss:Type="Number">-9.49</Data></Cell>
			<Cell><Data ss:Type="Number">-0.08</Data></Cell>
			<Cell><Data ss:Type="Number">-0.9</Data></Cell>
			<Cell><Data ss:Type="Number">22.7</Data></Cell>
			<Cell><Data ss:Type="Number">39.6</Data></Cell>
			<Cell><Data ss:Type="Number">0</Data></Cell>
			<Cell><Data ss:Type="Number">0</Data></Cell>
			<Cell><Data ss:Type="String">2023-12-07 16:43:32.445755</Data></Cell>
		</Row>
		<Row>
			<Cell><Data ss:Type="String">1152</Data></Cell>
			<Cell><Data ss:Type="Number">0.26</Data></Cell>
			<Cell><Data ss:Type="Number">-10.18</Data></Cell>
			<Cell><Data ss:Type="Number">0.12</Data></Cell>
			<Cell><Data ss:Type="Number">-9.57</Data></Cell>
			<Cell><Data ss:Type="Number">-0.05</Data></Cell>
			<Cell><Data ss:Type="Number">-0.92</Data></Cell>
			<Cell><Data ss:Type="Number">22.7</Data></Cell>
			<Cell><Data ss:Type="Number">39.6</Data></Cell>
			<Cell><Data ss:Type="Number">0</Data></Cell>
			<Cell><Data ss:Type="Number">0</Data></Cell>
			<Cell><Data ss:Type="String">2023-12-07 16:43:32.401405</Data></Cell>
		</Row>
		<Row>
			<Cell><Data ss:Type="String">1151</Data></Cell>
			<Cell><Data ss:Type="Number">0.27</Data></Cell>
			<Cell><Data ss:Type="Number">-10.18</Data></Cell>
			<Cell><Data ss:Type="Number">0.2</Data></Cell>
			<Cell><Data ss:Type="Number">-9.48</Data></Cell>
			<Cell><Data ss:Type="Number">-0.08</Data></Cell>
			<Cell><Data ss:Type="Number">-0.89</Data></Cell>
			<Cell><Data ss:Type="Number">22.7</Data></Cell>
			<Cell><Data ss:Type="Number">39.6</Data></Cell>
			<Cell><Data ss:Type="Number">0</Data></Cell>
			<Cell><Data ss:Type="Number">0</Data></Cell>
			<Cell><Data ss:Type="String">2023-12-07 16:43:32.399673</Data></Cell>
		</Row>
		<Row>
			<Cell><Data ss:Type="String">1150</Data></Cell>
			<Cell><Data ss:Type="Number">0.34</Data></Cell>
			<Cell><Data ss:Type="Number">-10.01</Data></Cell>
			<Cell><Data ss:Type="Number">0.15</Data></Cell>
			<Cell><Data ss:Type="Number">-9.45</Data></Cell>
			<Cell><Data ss:Type="Number">-0.09</Data></Cell>
			<Cell><Data ss:Type="Number">-0.92</Data></Cell>
			<Cell><Data ss:Type="Number">22.7</Data></Cell>
			<Cell><Data ss:Type="Number">39.6</Data></Cell>
			<Cell><Data ss:Type="Number">0</Data></Cell>
			<Cell><Data ss:Type="Number">0</Data></Cell>
			<Cell><Data ss:Type="String">2023-12-07 16:43:32.354770</Data></Cell>
		</Row>
		<Row>
			<Cell><Data ss:Type="String">1149</Data></Cell>
			<Cell><Data ss:Type="Number">0.28</Data></Cell>
			<Cell><Data ss:Type="Number">-9.95</Data></Cell>
			<Cell><Data ss:Type="Number">0.07</Data></Cell>
			<Cell><Data ss:Type="Number">-9.45</Data></Cell>
			<Cell><Data ss:Type="Number">-0.08</Data></Cell>
			<Cell><Data ss:Type="Number">-0.97</Data></Cell>
			<Cell><Data ss:Type="Number">22.7</Data></Cell>
			<Cell><Data ss:Type="Number">39.6</Data></Cell>
			<Cell><Data ss:Type="Number">0</Data></Cell>
			<Cell><Data ss:Type="Number">0</Data></Cell>
			<Cell><Data ss:Type="String">2023-12-07 16:43:32.307013</Data></Cell>
		</Row>
		<Row>
			<Cell><Data ss:Type="String">1148</Data></Cell>
			<Cell><Data ss:Type="Number">0.25</Data></Cell>
			<Cell><Data ss:Type="Number">-9.98</Data></Cell>
			<Cell><Data ss:Type="Number">0.11</Data></Cell>
			<Cell><Data ss:Type="Number">-9.43</Data></Cell>
			<Cell><Data ss:Type="Number">-0.02</Data></Cell>
			<Cell><Data ss:Type="Number">-0.87</Data></Cell>
			<Cell><Data ss:Type="Number">22.7</Data></Cell>
			<Cell><Data ss:Type="Number">39.6</Data></Cell>
			<Cell><Data ss:Type="Number">0</Data></Cell>
			<Cell><Data ss:Type="Number">0</Data></Cell>
			<Cell><Data ss:Type="String">2023-12-07 16:43:32.263859</Data></Cell>
		</Row>
		<Row>
			<Cell><Data ss:Type="String">1147</Data></Cell>
			<Cell><Data ss:Type="Number">0.45</Data></Cell>
			<Cell><Data ss:Type="Number">-10.22</Data></Cell>
			<Cell><Data ss:Type="Number">0.21</Data></Cell>
			<Cell><Data ss:Type="Number">-9.57</Data></Cell>
			<Cell><Data ss:Type="Number">-0.15</Data></Cell>
			<Cell><Data ss:Type="Number">-0.95</Data></Cell>
			<Cell><Data ss:Type="Number">22.7</Data></Cell>
			<Cell><Data ss:Type="Number">39.6</Data></Cell>
			<Cell><Data ss:Type="Number">0</Data></Cell>
			<Cell><Data ss:Type="Number">0</Data></Cell>
			<Cell><Data ss:Type="String">2023-12-07 16:43:32.261030</Data></Cell>
		</Row>
		<Row>
			<Cell><Data ss:Type="String">1146</Data></Cell>
			<Cell><Data ss:Type="Number">-0.05</Data></Cell>
			<Cell><Data ss:Type="Number">-10.08</Data></Cell>
			<Cell><Data ss:Type="Number">0.32</Data></Cell>
			<Cell><Data ss:Type="Number">-9.41</Data></Cell>
			<Cell><Data ss:Type="Number">-0.1</Data></Cell>
			<Cell><Data ss:Type="Number">-0.85</Data></Cell>
			<Cell><Data ss:Type="Number">22.7</Data></Cell>
			<Cell><Data ss:Type="Number">39.6</Data></Cell>
			<Cell><Data ss:Type="Number">0</Data></Cell>
			<Cell><Data ss:Type="Number">0</Data></Cell>
			<Cell><Data ss:Type="String">2023-12-07 16:43:32.223436</Data></Cell>
		</Row>
		<Row>
			<Cell><Data ss:Type="String">1145</Data></Cell>
			<Cell><Data ss:Type="Number">0</Data></Cell>
			<Cell><Data ss:Type="Number">-10.04</Data></Cell>
			<Cell><Data ss:Type="Number">-0.14</Data></Cell>
			<Cell><Data ss:Type="Number">-9.46</Data></Cell>
			<Cell><Data ss:Type="Number">0.05</Data></Cell>
			<Cell><Data ss:Type="Number">-0.96</Data></Cell>
			<Cell><Data ss:Type="Number">22.7</Data></Cell>
			<Cell><Data ss:Type="Number">39.6</Data></Cell>
			<Cell><Data ss:Type="Number">0</Data></Cell>
			<Cell><Data ss:Type="Number">0</Data></Cell>
			<Cell><Data ss:Type="String">2023-12-07 16:43:32.221899</Data></Cell>
		</Row>
		<Row>
			<Cell><Data ss:Type="String">1144</Data></Cell>
			<Cell><Data ss:Type="Number">0.37</Data></Cell>
			<Cell><Data ss:Type="Number">-9.99</Data></Cell>
			<Cell><Data ss:Type="Number">0.05</Data></Cell>
			<Cell><Data ss:Type="Number">-9.46</Data></Cell>
			<Cell><Data ss:Type="Number">0.02</Data></Cell>
			<Cell><Data ss:Type="Number">-0.95</Data></Cell>
			<Cell><Data ss:Type="Number">22.7</Data></Cell>
			<Cell><Data ss:Type="Number">39.6</Data></Cell>
			<Cell><Data ss:Type="Number">0</Data></Cell>
			<Cell><Data ss:Type="Number">0</Data></Cell>
			<Cell><Data ss:Type="String">2023-12-07 16:43:32.220260</Data></Cell>
		</Row>
		<Row>
			<Cell><Data ss:Type="String">1143</Data></Cell>
			<Cell><Data ss:Type="Number">1</Data></Cell>
			<Cell><Data ss:Type="Number">-9.97</Data></Cell>
			<Cell><Data ss:Type="Number">0.6</Data></Cell>
			<Cell><Data ss:Type="Number">-9.44</Data></Cell>
			<Cell><Data ss:Type="Number">-0.6</Data></Cell>
			<Cell><Data ss:Type="Number">-0.82</Data></Cell>
			<Cell><Data ss:Type="Number">22.7</Data></Cell>
			<Cell><Data ss:Type="Number">39.6</Data></Cell>
			<Cell><Data ss:Type="Number">0</Data></Cell>
			<Cell><Data ss:Type="Number">0</Data></Cell>
			<Cell><Data ss:Type="String">2023-12-07 16:43:32.218669</Data></Cell>
		</Row>
		<Row>
			<Cell><Data ss:Type="String">1142</Data></Cell>
			<Cell><Data ss:Type="Number">-0.3</Data></Cell>
			<Cell><Data ss:Type="Number">-10.29</Data></Cell>
			<Cell><Data ss:Type="Number">-0.46</Data></Cell>
			<Cell><Data ss:Type="Number">-9.62</Data></Cell>
			<Cell><Data ss:Type="Number">0.24</Data></Cell>
			<Cell><Data ss:Type="Number">-0.99</Data></Cell>
			<Cell><Data ss:Type="Number">22.7</Data></Cell>
			<Cell><Data ss:Type="Number">39.6</Data></Cell>
			<Cell><Data ss:Type="Number">0</Data></Cell>
			<Cell><Data ss:Type="Number">0</Data></Cell>
			<Cell><Data ss:Type="String">2023-12-07 16:43:32.216891</Data></Cell>
		</Row>
		<Row>
			<Cell><Data ss:Type="String">1141</Data></Cell>
			<Cell><Data ss:Type="Number">-0.66</Data></Cell>
			<Cell><Data ss:Type="Number">-10.1</Data></Cell>
			<Cell><Data ss:Type="Number">-0.37</Data></Cell>
			<Cell><Data ss:Type="Number">-9.45</Data></Cell>
			<Cell><Data ss:Type="Number">0.56</Data></Cell>
			<Cell><Data ss:Type="Number">-0.95</Data></Cell>
			<Cell><Data ss:Type="Number">22.7</Data></Cell>
			<Cell><Data ss:Type="Number">39.6</Data></Cell>
			<Cell><Data ss:Type="Number">0</Data></Cell>
			<Cell><Data ss:Type="Number">0</Data></Cell>
			<Cell><Data ss:Type="String">2023-12-07 16:43:32.215118</Data></Cell>
		</Row>
		<Row>
			<Cell><Data ss:Type="String">1140</Data></Cell>
			<Cell><Data ss:Type="Number">-0.98</Data></Cell>
			<Cell><Data ss:Type="Number">-9.89</Data></Cell>
			<Cell><Data ss:Type="Number">1.46</Data></Cell>
			<Cell><Data ss:Type="Number">-9.29</Data></Cell>
			<Cell><Data ss:Type="Number">-0.9</Data></Cell>
			<Cell><Data ss:Type="Number">-0.91</Data></Cell>
			<Cell><Data ss:Type="Number">22.7</Data></Cell>
			<Cell><Data ss:Type="Number">39.6</Data></Cell>
			<Cell><Data ss:Type="Number">0</Data></Cell>
			<Cell><Data ss:Type="Number">0</Data></Cell>
			<Cell><Data ss:Type="String">2023-12-07 16:43:32.210358</Data></Cell>
		</Row>
		<Row>
			<Cell><Data ss:Type="String">1139</Data></Cell>
			<Cell><Data ss:Type="Number">2</Data></Cell>
			<Cell><Data ss:Type="Number">-10.32</Data></Cell>
			<Cell><Data ss:Type="Number">0.87</Data></Cell>
			<Cell><Data ss:Type="Number">-9.32</Data></Cell>
			<Cell><Data ss:Type="Number">-1.17</Data></Cell>
			<Cell><Data ss:Type="Number">-0.98</Data></Cell>
			<Cell><Data ss:Type="Number">22.7</Data></Cell>
			<Cell><Data ss:Type="Number">39.6</Data></Cell>
			<Cell><Data ss:Type="Number">0</Data></Cell>
			<Cell><Data ss:Type="Number">0</Data></Cell>
			<Cell><Data ss:Type="String">2023-12-07 16:43:31.980152</Data></Cell>
		</Row>
		<Row>
			<Cell><Data ss:Type="String">1138</Data></Cell>
			<Cell><Data ss:Type="Number">0.19</Data></Cell>
			<Cell><Data ss:Type="Number">-14.61</Data></Cell>
			<Cell><Data ss:Type="Number">0.53</Data></Cell>
			<Cell><Data ss:Type="Number">-10.58</Data></Cell>
			<Cell><Data ss:Type="Number">0.27</Data></Cell>
			<Cell><Data ss:Type="Number">-1.07</Data></Cell>
			<Cell><Data ss:Type="Number">22.7</Data></Cell>
			<Cell><Data ss:Type="Number">39.6</Data></Cell>
			<Cell><Data ss:Type="Number">0</Data></Cell>
			<Cell><Data ss:Type="Number">0</Data></Cell>
			<Cell><Data ss:Type="String">2023-12-07 16:43:31.977706</Data></Cell>
		</Row>
		<Row>
			<Cell><Data ss:Type="String">1137</Data></Cell>
			<Cell><Data ss:Type="Number">0.17</Data></Cell>
			<Cell><Data ss:Type="Number">-10.38</Data></Cell>
			<Cell><Data ss:Type="Number">0.51</Data></Cell>
			<Cell><Data ss:Type="Number">-9.47</Data></Cell>
			<Cell><Data ss:Type="Number">-0.03</Data></Cell>
			<Cell><Data ss:Type="Number">-0.85</Data></Cell>
			<Cell><Data ss:Type="Number">22.7</Data></Cell>
			<Cell><Data ss:Type="Number">39.6</Data></Cell>
			<Cell><Data ss:Type="Number">0</Data></Cell>
			<Cell><Data ss:Type="Number">0</Data></Cell>
			<Cell><Data ss:Type="String">2023-12-07 16:43:31.908463</Data></Cell>
		</Row>
		<Row>
			<Cell><Data ss:Type="String">1136</Data></Cell>
			<Cell><Data ss:Type="Number">-0.01</Data></Cell>
			<Cell><Data ss:Type="Number">-10.2</Data></Cell>
			<Cell><Data ss:Type="Number">0.05</Data></Cell>
			<Cell><Data ss:Type="Number">-9.39</Data></Cell>
			<Cell><Data ss:Type="Number">0.05</Data></Cell>
			<Cell><Data ss:Type="Number">-0.89</Data></Cell>
			<Cell><Data ss:Type="Number">22.7</Data></Cell>
			<Cell><Data ss:Type="Number">39.6</Data></Cell>
			<Cell><Data ss:Type="Number">0</Data></Cell>
			<Cell><Data ss:Type="Number">0</Data></Cell>
			<Cell><Data ss:Type="String">2023-12-07 16:43:31.865984</Data></Cell>
		</Row>
		<Row>
			<Cell><Data ss:Type="String">1135</Data></Cell>
			<Cell><Data ss:Type="Number">1</Data></Cell>
			<Cell><Data ss:Type="Number">-10.03</Data></Cell>
			<Cell><Data ss:Type="Number">0.13</Data></Cell>
			<Cell><Data ss:Type="Number">-9.41</Data></Cell>
			<Cell><Data ss:Type="Number">-0.08</Data></Cell>
			<Cell><Data ss:Type="Number">-0.91</Data></Cell>
			<Cell><Data ss:Type="Number">22.7</Data></Cell>
			<Cell><Data ss:Type="Number">39.6</Data></Cell>
			<Cell><Data ss:Type="Number">0</Data></Cell>
			<Cell><Data ss:Type="Number">0</Data></Cell>
			<Cell><Data ss:Type="String">2023-12-07 16:43:31.863062</Data></Cell>
		</Row>
		<Row>
			<Cell><Data ss:Type="String">1134</Data></Cell>
			<Cell><Data ss:Type="Number">0.72</Data></Cell>
			<Cell><Data ss:Type="Number">-9.88</Data></Cell>
			<Cell><Data ss:Type="Number">0.08</Data></Cell>
			<Cell><Data ss:Type="Number">-9.64</Data></Cell>
			<Cell><Data ss:Type="Number">-0.04</Data></Cell>
			<Cell><Data ss:Type="Number">-0.92</Data></Cell>
			<Cell><Data ss:Type="Number">22.7</Data></Cell>
			<Cell><Data ss:Type="Number">39.6</Data></Cell>
			<Cell><Data ss:Type="Number">0</Data></Cell>
			<Cell><Data ss:Type="Number">0</Data></Cell>
			<Cell><Data ss:Type="String">2023-12-07 16:43:31.815820</Data></Cell>
		</Row>
		<Row>
			<Cell><Data ss:Type="String">1133</Data></Cell>
			<Cell><Data ss:Type="Number">0.41</Data></Cell>
			<Cell><Data ss:Type="Number">-10.55</Data></Cell>
			<Cell><Data ss:Type="Number">-0.04</Data></Cell>
			<Cell><Data ss:Type="Number">-9.61</Data></Cell>
			<Cell><Data ss:Type="Number">-0.01</Data></Cell>
			<Cell><Data ss:Type="Number">-0.93</Data></Cell>
			<Cell><Data ss:Type="Number">22.7</Data></Cell>
			<Cell><Data ss:Type="Number">39.6</Data></Cell>
			<Cell><Data ss:Type="Number">0</Data></Cell>
			<Cell><Data ss:Type="Number">0</Data></Cell>
			<Cell><Data ss:Type="String">2023-12-07 16:43:31.770961</Data></Cell>
		</Row>
		<Row>
			<Cell><Data ss:Type="String">1132</Data></Cell>
			<Cell><Data ss:Type="Number">0.03</Data></Cell>
			<Cell><Data ss:Type="Number">-10.82</Data></Cell>
			<Cell><Data ss:Type="Number">0.3</Data></Cell>
			<Cell><Data ss:Type="Number">-9.73</Data></Cell>
			<Cell><Data ss:Type="Number">-0.02</Data></Cell>
			<Cell><Data ss:Type="Number">-0.81</Data></Cell>
			<Cell><Data ss:Type="Number">22.7</Data></Cell>
			<Cell><Data ss:Type="Number">39.6</Data></Cell>
			<Cell><Data ss:Type="Number">0</Data></Cell>
			<Cell><Data ss:Type="Number">0</Data></Cell>
			<Cell><Data ss:Type="String">2023-12-07 16:43:31.726601</Data></Cell>
		</Row>
		<Row>
			<Cell><Data ss:Type="String">1131</Data></Cell>
			<Cell><Data ss:Type="Number">0.37</Data></Cell>
			<Cell><Data ss:Type="Number">-9.67</Data></Cell>
			<Cell><Data ss:Type="Number">-0.05</Data></Cell>
			<Cell><Data ss:Type="Number">-9.37</Data></Cell>
			<Cell><Data ss:Type="Number">-0.05</Data></Cell>
			<Cell><Data ss:Type="Number">-0.96</Data></Cell>
			<Cell><Data ss:Type="Number">22.7</Data></Cell>
			<Cell><Data ss:Type="Number">39.6</Data></Cell>
			<Cell><Data ss:Type="Number">0</Data></Cell>
			<Cell><Data ss:Type="Number">0</Data></Cell>
			<Cell><Data ss:Type="String">2023-12-07 16:43:31.723819</Data></Cell>
		</Row>
		<Row>
			<Cell><Data ss:Type="String">1130</Data></Cell>
			<Cell><Data ss:Type="Number">0.61</Data></Cell>
			<Cell><Data ss:Type="Number">-9.34</Data></Cell>
			<Cell><Data ss:Type="Number">0.5</Data></Cell>
			<Cell><Data ss:Type="Number">-9.5</Data></Cell>
			<Cell><Data ss:Type="Number">-0.11</Data></Cell>
			<Cell><Data ss:Type="Number">-0.87</Data></Cell>
			<Cell><Data ss:Type="Number">22.7</Data></Cell>
			<Cell><Data ss:Type="Number">39.6</Data></Cell>
			<Cell><Data ss:Type="Number">0</Data></Cell>
			<Cell><Data ss:Type="Number">0</Data></Cell>
			<Cell><Data ss:Type="String">2023-12-07 16:43:31.673877</Data></Cell>
		</Row>
		<Row>
			<Cell><Data ss:Type="String">1129</Data></Cell>
			<Cell><Data ss:Type="Number">0.55</Data></Cell>
			<Cell><Data ss:Type="Number">-9.39</Data></Cell>
			<Cell><Data ss:Type="Number">0.11</Data></Cell>
			<Cell><Data ss:Type="Number">-9.24</Data></Cell>
			<Cell><Data ss:Type="Number">-0.1</Data></Cell>
			<Cell><Data ss:Type="Number">-0.91</Data></Cell>
			<Cell><Data ss:Type="Number">22.7</Data></Cell>
			<Cell><Data ss:Type="Number">39.6</Data></Cell>
			<Cell><Data ss:Type="Number">0</Data></Cell>
			<Cell><Data ss:Type="Number">0</Data></Cell>
			<Cell><Data ss:Type="String">2023-12-07 16:43:31.672002</Data></Cell>
		</Row>
		<Row>
			<Cell><Data ss:Type="String">1128</Data></Cell>
			<Cell><Data ss:Type="Number">0.22</Data></Cell>
			<Cell><Data ss:Type="Number">-9.71</Data></Cell>
			<Cell><Data ss:Type="Number">0.48</Data></Cell>
			<Cell><Data ss:Type="Number">-9.37</Data></Cell>
			<Cell><Data ss:Type="Number">-0.04</Data></Cell>
			<Cell><Data ss:Type="Number">-0.93</Data></Cell>
			<Cell><Data ss:Type="Number">22.7</Data></Cell>
			<Cell><Data ss:Type="Number">39.5</Data></Cell>
			<Cell><Data ss:Type="Number">0</Data></Cell>
			<Cell><Data ss:Type="Number">0</Data></Cell>
			<Cell><Data ss:Type="String">2023-12-07 16:43:31.670097</Data></Cell>
		</Row>
		<Row>
			<Cell><Data ss:Type="String">1127</Data></Cell>
			<Cell><Data ss:Type="Number">0.34</Data></Cell>
			<Cell><Data ss:Type="Number">-9.86</Data></Cell>
			<Cell><Data ss:Type="Number">-0.06</Data></Cell>
			<Cell><Data ss:Type="Number">-9.33</Data></Cell>
			<Cell><Data ss:Type="Number">-0.08</Data></Cell>
			<Cell><Data ss:Type="Number">-0.93</Data></Cell>
			<Cell><Data ss:Type="Number">22.7</Data></Cell>
			<Cell><Data ss:Type="Number">39.5</Data></Cell>
			<Cell><Data ss:Type="Number">0</Data></Cell>
			<Cell><Data ss:Type="Number">0</Data></Cell>
			<Cell><Data ss:Type="String">2023-12-07 16:43:31.668392</Data></Cell>
		</Row>
		<Row>
			<Cell><Data ss:Type="String">1126</Data></Cell>
			<Cell><Data ss:Type="Number">0.47</Data></Cell>
			<Cell><Data ss:Type="Number">-10.4</Data></Cell>
			<Cell><Data ss:Type="Number">0.31</Data></Cell>
			<Cell><Data ss:Type="Number">-9.62</Data></Cell>
			<Cell><Data ss:Type="Number">-0.07</Data></Cell>
			<Cell><Data ss:Type="Number">-0.88</Data></Cell>
			<Cell><Data ss:Type="Number">22.7</Data></Cell>
			<Cell><Data ss:Type="Number">39.5</Data></Cell>
			<Cell><Data ss:Type="Number">0</Data></Cell>
			<Cell><Data ss:Type="Number">0</Data></Cell>
			<Cell><Data ss:Type="String">2023-12-07 16:43:31.666513</Data></Cell>
		</Row>
		<Row>
			<Cell><Data ss:Type="String">1125</Data></Cell>
			<Cell><Data ss:Type="Number">0.68</Data></Cell>
			<Cell><Data ss:Type="Number">-10.51</Data></Cell>
			<Cell><Data ss:Type="Number">0.4</Data></Cell>
			<Cell><Data ss:Type="Number">-9.53</Data></Cell>
			<Cell><Data ss:Type="Number">-0.05</Data></Cell>
			<Cell><Data ss:Type="Number">-0.86</Data></Cell>
			<Cell><Data ss:Type="Number">22.7</Data></Cell>
			<Cell><Data ss:Type="Number">39.5</Data></Cell>
			<Cell><Data ss:Type="Number">0</Data></Cell>
			<Cell><Data ss:Type="Number">0</Data></Cell>
			<Cell><Data ss:Type="String">2023-12-07 16:43:31.664416</Data></Cell>
		</Row>
		<Row>
			<Cell><Data ss:Type="String">1124</Data></Cell>
			<Cell><Data ss:Type="Number">0.18</Data></Cell>
			<Cell><Data ss:Type="Number">-9.74</Data></Cell>
			<Cell><Data ss:Type="Number">0.16</Data></Cell>
			<Cell><Data ss:Type="Number">-9.49</Data></Cell>
			<Cell><Data ss:Type="Number">0.02</Data></Cell>
			<Cell><Data ss:Type="Number">-0.95</Data></Cell>
			<Cell><Data ss:Type="Number">22.7</Data></Cell>
			<Cell><Data ss:Type="Number">39.5</Data></Cell>
			<Cell><Data ss:Type="Number">0</Data></Cell>
			<Cell><Data ss:Type="Number">0</Data></Cell>
			<Cell><Data ss:Type="String">2023-12-07 16:43:31.662105</Data></Cell>
		</Row>
		<Row>
			<Cell><Data ss:Type="String">1123</Data></Cell>
			<Cell><Data ss:Type="Number">0.25</Data></Cell>
			<Cell><Data ss:Type="Number">-9.47</Data></Cell>
			<Cell><Data ss:Type="Number">0.35</Data></Cell>
			<Cell><Data ss:Type="Number">-9.5</Data></Cell>
			<Cell><Data ss:Type="Number">-0.16</Data></Cell>
			<Cell><Data ss:Type="Number">-0.96</Data></Cell>
			<Cell><Data ss:Type="Number">22.7</Data></Cell>
			<Cell><Data ss:Type="Number">39.5</Data></Cell>
			<Cell><Data ss:Type="Number">0</Data></Cell>
			<Cell><Data ss:Type="Number">0</Data></Cell>
			<Cell><Data ss:Type="String">2023-12-07 16:43:31.417877</Data></Cell>
		</Row>
		<Row>
			<Cell><Data ss:Type="String">1122</Data></Cell>
			<Cell><Data ss:Type="Number">-0.19</Data></Cell>
			<Cell><Data ss:Type="Number">-10.52</Data></Cell>
			<Cell><Data ss:Type="Number">-0.4</Data></Cell>
			<Cell><Data ss:Type="Number">-9.63</Data></Cell>
			<Cell><Data ss:Type="Number">-0.03</Data></Cell>
			<Cell><Data ss:Type="Number">-0.91</Data></Cell>
			<Cell><Data ss:Type="Number">22.7</Data></Cell>
			<Cell><Data ss:Type="Number">39.5</Data></Cell>
			<Cell><Data ss:Type="Number">0</Data></Cell>
			<Cell><Data ss:Type="Number">0</Data></Cell>
			<Cell><Data ss:Type="String">2023-12-07 16:43:31.414147</Data></Cell>
		</Row>
		<Row>
			<Cell><Data ss:Type="String">1121</Data></Cell>
			<Cell><Data ss:Type="Number">0.3</Data></Cell>
			<Cell><Data ss:Type="Number">-10.17</Data></Cell>
			<Cell><Data ss:Type="Number">-0.08</Data></Cell>
			<Cell><Data ss:Type="Number">-9.46</Data></Cell>
			<Cell><Data ss:Type="Number">-0.18</Data></Cell>
			<Cell><Data ss:Type="Number">-0.94</Data></Cell>
			<Cell><Data ss:Type="Number">22.7</Data></Cell>
			<Cell><Data ss:Type="Number">39.5</Data></Cell>
			<Cell><Data ss:Type="Number">0</Data></Cell>
			<Cell><Data ss:Type="Number">0</Data></Cell>
			<Cell><Data ss:Type="String">2023-12-07 16:43:31.368622</Data></Cell>
		</Row>
		<Row>
			<Cell><Data ss:Type="String">1120</Data></Cell>
			<Cell><Data ss:Type="Number">0.35</Data></Cell>
			<Cell><Data ss:Type="Number">-9.26</Data></Cell>
			<Cell><Data ss:Type="Number">0</Data></Cell>
			<Cell><Data ss:Type="Number">-9.31</Data></Cell>
			<Cell><Data ss:Type="Number">0.02</Data></Cell>
			<Cell><Data ss:Type="Number">-0.94</Data></Cell>
			<Cell><Data ss:Type="Number">22.7</Data></Cell>
			<Cell><Data ss:Type="Number">39.5</Data></Cell>
			<Cell><Data ss:Type="Number">0</Data></Cell>
			<Cell><Data ss:Type="Number">0</Data></Cell>
			<Cell><Data ss:Type="String">2023-12-07 16:43:31.322103</Data></Cell>
		</Row>
		<Row>
			<Cell><Data ss:Type="String">1119</Data></Cell>
			<Cell><Data ss:Type="Number">0.09</Data></Cell>
			<Cell><Data ss:Type="Number">-9.97</Data></Cell>
			<Cell><Data ss:Type="Number">0.3</Data></Cell>
			<Cell><Data ss:Type="Number">-9.43</Data></Cell>
			<Cell><Data ss:Type="Number">-0.11</Data></Cell>
			<Cell><Data ss:Type="Number">-0.95</Data></Cell>
			<Cell><Data ss:Type="Number">22.7</Data></Cell>
			<Cell><Data ss:Type="Number">39.5</Data></Cell>
			<Cell><Data ss:Type="Number">0</Data></Cell>
			<Cell><Data ss:Type="Number">0</Data></Cell>
			<Cell><Data ss:Type="String">2023-12-07 16:43:31.320053</Data></Cell>
		</Row>
		<Row>
			<Cell><Data ss:Type="String">1118</Data></Cell>
			<Cell><Data ss:Type="Number">0.49</Data></Cell>
			<Cell><Data ss:Type="Number">-10.48</Data></Cell>
			<Cell><Data ss:Type="Number">0.28</Data></Cell>
			<Cell><Data ss:Type="Number">-9.66</Data></Cell>
			<Cell><Data ss:Type="Number">-0.07</Data></Cell>
			<Cell><Data ss:Type="Number">-0.92</Data></Cell>
			<Cell><Data ss:Type="Number">22.7</Data></Cell>
			<Cell><Data ss:Type="Number">39.5</Data></Cell>
			<Cell><Data ss:Type="Number">0</Data></Cell>
			<Cell><Data ss:Type="Number">0</Data></Cell>
			<Cell><Data ss:Type="String">2023-12-07 16:43:31.317840</Data></Cell>
		</Row>
		<Row>
			<Cell><Data ss:Type="String">1117</Data></Cell>
			<Cell><Data ss:Type="Number">0.42</Data></Cell>
			<Cell><Data ss:Type="Number">-10.17</Data></Cell>
			<Cell><Data ss:Type="Number">0.39</Data></Cell>
			<Cell><Data ss:Type="Number">-9.62</Data></Cell>
			<Cell><Data ss:Type="Number">-0.01</Data></Cell>
			<Cell><Data ss:Type="Number">-0.86</Data></Cell>
			<Cell><Data ss:Type="Number">22.7</Data></Cell>
			<Cell><Data ss:Type="Number">39.5</Data></Cell>
			<Cell><Data ss:Type="Number">0</Data></Cell>
			<Cell><Data ss:Type="Number">0</Data></Cell>
			<Cell><Data ss:Type="String">2023-12-07 16:43:31.315876</Data></Cell>
		</Row>
		<Row>
			<Cell><Data ss:Type="String">1116</Data></Cell>
			<Cell><Data ss:Type="Number">0.57</Data></Cell>
			<Cell><Data ss:Type="Number">-10.55</Data></Cell>
			<Cell><Data ss:Type="Number">0.05</Data></Cell>
			<Cell><Data ss:Type="Number">-9.65</Data></Cell>
			<Cell><Data ss:Type="Number">-0.1</Data></Cell>
			<Cell><Data ss:Type="Number">-0.93</Data></Cell>
			<Cell><Data ss:Type="Number">22.7</Data></Cell>
			<Cell><Data ss:Type="Number">39.5</Data></Cell>
			<Cell><Data ss:Type="Number">0</Data></Cell>
			<Cell><Data ss:Type="Number">0</Data></Cell>
			<Cell><Data ss:Type="String">2023-12-07 16:43:31.314071</Data></Cell>
		</Row>
		<Row>
			<Cell><Data ss:Type="String">1115</Data></Cell>
			<Cell><Data ss:Type="Number">0.4</Data></Cell>
			<Cell><Data ss:Type="Number">-10.22</Data></Cell>
			<Cell><Data ss:Type="Number">0.06</Data></Cell>
			<Cell><Data ss:Type="Number">-9.42</Data></Cell>
			<Cell><Data ss:Type="Number">-0.05</Data></Cell>
			<Cell><Data ss:Type="Number">-0.88</Data></Cell>
			<Cell><Data ss:Type="Number">22.7</Data></Cell>
			<Cell><Data ss:Type="Number">39.5</Data></Cell>
			<Cell><Data ss:Type="Number">0</Data></Cell>
			<Cell><Data ss:Type="Number">0</Data></Cell>
			<Cell><Data ss:Type="String">2023-12-07 16:43:31.311769</Data></Cell>
		</Row>
		<Row>
			<Cell><Data ss:Type="String">1114</Data></Cell>
			<Cell><Data ss:Type="Number">0.59</Data></Cell>
			<Cell><Data ss:Type="Number">-10.44</Data></Cell>
			<Cell><Data ss:Type="Number">0.22</Data></Cell>
			<Cell><Data ss:Type="Number">-9.48</Data></Cell>
			<Cell><Data ss:Type="Number">-0.12</Data></Cell>
			<Cell><Data ss:Type="Number">-0.91</Data></Cell>
			<Cell><Data ss:Type="Number">22.7</Data></Cell>
			<Cell><Data ss:Type="Number">39.5</Data></Cell>
			<Cell><Data ss:Type="Number">0</Data></Cell>
			<Cell><Data ss:Type="Number">0</Data></Cell>
			<Cell><Data ss:Type="String">2023-12-07 16:43:31.308880</Data></Cell>
		</Row>
		<Row>
			<Cell><Data ss:Type="String">1113</Data></Cell>
			<Cell><Data ss:Type="Number">0.25</Data></Cell>
			<Cell><Data ss:Type="Number">-10.63</Data></Cell>
			<Cell><Data ss:Type="Number">0.3</Data></Cell>
			<Cell><Data ss:Type="Number">-9.58</Data></Cell>
			<Cell><Data ss:Type="Number">0.01</Data></Cell>
			<Cell><Data ss:Type="Number">-0.99</Data></Cell>
			<Cell><Data ss:Type="Number">22.7</Data></Cell>
			<Cell><Data ss:Type="Number">39.5</Data></Cell>
			<Cell><Data ss:Type="Number">0</Data></Cell>
			<Cell><Data ss:Type="Number">0</Data></Cell>
			<Cell><Data ss:Type="String">2023-12-07 16:43:31.304310</Data></Cell>
		</Row>
		<Row>
			<Cell><Data ss:Type="String">1112</Data></Cell>
			<Cell><Data ss:Type="Number">0.28</Data></Cell>
			<Cell><Data ss:Type="Number">-9.95</Data></Cell>
			<Cell><Data ss:Type="Number">0.26</Data></Cell>
			<Cell><Data ss:Type="Number">-9.38</Data></Cell>
			<Cell><Data ss:Type="Number">-0.14</Data></Cell>
			<Cell><Data ss:Type="Number">-0.82</Data></Cell>
			<Cell><Data ss:Type="Number">22.7</Data></Cell>
			<Cell><Data ss:Type="Number">39.5</Data></Cell>
			<Cell><Data ss:Type="Number">0</Data></Cell>
			<Cell><Data ss:Type="Number">0</Data></Cell>
			<Cell><Data ss:Type="String">2023-12-07 16:43:31.065599</Data></Cell>
		</Row>
		<Row>
			<Cell><Data ss:Type="String">1111</Data></Cell>
			<Cell><Data ss:Type="Number">0.43</Data></Cell>
			<Cell><Data ss:Type="Number">-9.76</Data></Cell>
			<Cell><Data ss:Type="Number">0.03</Data></Cell>
			<Cell><Data ss:Type="Number">-9.37</Data></Cell>
			<Cell><Data ss:Type="Number">-0.1</Data></Cell>
			<Cell><Data ss:Type="Number">-0.99</Data></Cell>
			<Cell><Data ss:Type="Number">22.7</Data></Cell>
			<Cell><Data ss:Type="Number">39.5</Data></Cell>
			<Cell><Data ss:Type="Number">0</Data></Cell>
			<Cell><Data ss:Type="Number">0</Data></Cell>
			<Cell><Data ss:Type="String">2023-12-07 16:43:31.063315</Data></Cell>
		</Row>
		<Row>
			<Cell><Data ss:Type="String">1110</Data></Cell>
			<Cell><Data ss:Type="Number">0.29</Data></Cell>
			<Cell><Data ss:Type="Number">-9.8</Data></Cell>
			<Cell><Data ss:Type="Number">-0.1</Data></Cell>
			<Cell><Data ss:Type="Number">-9.45</Data></Cell>
			<Cell><Data ss:Type="Number">-0.04</Data></Cell>
			<Cell><Data ss:Type="Number">-0.81</Data></Cell>
			<Cell><Data ss:Type="Number">22.7</Data></Cell>
			<Cell><Data ss:Type="Number">39.5</Data></Cell>
			<Cell><Data ss:Type="Number">0</Data></Cell>
			<Cell><Data ss:Type="Number">0</Data></Cell>
			<Cell><Data ss:Type="String">2023-12-07 16:43:31.060466</Data></Cell>
		</Row>
		<Row>
			<Cell><Data ss:Type="String">1109</Data></Cell>
			<Cell><Data ss:Type="Number">-0.28</Data></Cell>
			<Cell><Data ss:Type="Number">-9.73</Data></Cell>
			<Cell><Data ss:Type="Number">0.04</Data></Cell>
			<Cell><Data ss:Type="Number">-9.55</Data></Cell>
			<Cell><Data ss:Type="Number">-0</Data></Cell>
			<Cell><Data ss:Type="Number">-0.93</Data></Cell>
			<Cell><Data ss:Type="Number">22.7</Data></Cell>
			<Cell><Data ss:Type="Number">39.5</Data></Cell>
			<Cell><Data ss:Type="Number">0</Data></Cell>
			<Cell><Data ss:Type="Number">0</Data></Cell>
			<Cell><Data ss:Type="String">2023-12-07 16:43:31.057835</Data></Cell>
		</Row>
		<Row>
			<Cell><Data ss:Type="String">1108</Data></Cell>
			<Cell><Data ss:Type="Number">-0.17</Data></Cell>
			<Cell><Data ss:Type="Number">-10.69</Data></Cell>
			<Cell><Data ss:Type="Number">0.57</Data></Cell>
			<Cell><Data ss:Type="Number">-9.71</Data></Cell>
			<Cell><Data ss:Type="Number">0.03</Data></Cell>
			<Cell><Data ss:Type="Number">-0.84</Data></Cell>
			<Cell><Data ss:Type="Number">22.7</Data></Cell>
			<Cell><Data ss:Type="Number">39.5</Data></Cell>
			<Cell><Data ss:Type="Number">0</Data></Cell>
			<Cell><Data ss:Type="Number">0</Data></Cell>
			<Cell><Data ss:Type="String">2023-12-07 16:43:31.055666</Data></Cell>
		</Row>
		<Row>
			<Cell><Data ss:Type="String">1107</Data></Cell>
			<Cell><Data ss:Type="Number">-0.45</Data></Cell>
			<Cell><Data ss:Type="Number">-10.36</Data></Cell>
			<Cell><Data ss:Type="Number">0.55</Data></Cell>
			<Cell><Data ss:Type="Number">-9.52</Data></Cell>
			<Cell><Data ss:Type="Number">0</Data></Cell>
			<Cell><Data ss:Type="Number">-0.83</Data></Cell>
			<Cell><Data ss:Type="Number">22.7</Data></Cell>
			<Cell><Data ss:Type="Number">39.5</Data></Cell>
			<Cell><Data ss:Type="Number">0</Data></Cell>
			<Cell><Data ss:Type="Number">0</Data></Cell>
			<Cell><Data ss:Type="String">2023-12-07 16:43:30.879126</Data></Cell>
		</Row>
		<Row>
			<Cell><Data ss:Type="String">1106</Data></Cell>
			<Cell><Data ss:Type="Number">-1.79</Data></Cell>
			<Cell><Data ss:Type="Number">-10.33</Data></Cell>
			<Cell><Data ss:Type="Number">-0.93</Data></Cell>
			<Cell><Data ss:Type="Number">-9.59</Data></Cell>
			<Cell><Data ss:Type="Number">0.77</Data></Cell>
			<Cell><Data ss:Type="Number">-1.22</Data></Cell>
			<Cell><Data ss:Type="Number">22.7</Data></Cell>
			<Cell><Data ss:Type="Number">39.5</Data></Cell>
			<Cell><Data ss:Type="Number">0</Data></Cell>
			<Cell><Data ss:Type="Number">0</Data></Cell>
			<Cell><Data ss:Type="String">2023-12-07 16:43:30.875254</Data></Cell>
		</Row>
		<Row>
			<Cell><Data ss:Type="String">1105</Data></Cell>
			<Cell><Data ss:Type="Number">1.24</Data></Cell>
			<Cell><Data ss:Type="Number">-9.81</Data></Cell>
			<Cell><Data ss:Type="Number">-0.6</Data></Cell>
			<Cell><Data ss:Type="Number">-8.86</Data></Cell>
			<Cell><Data ss:Type="Number">1</Data></Cell>
			<Cell><Data ss:Type="Number">-1.19</Data></Cell>
			<Cell><Data ss:Type="Number">22.7</Data></Cell>
			<Cell><Data ss:Type="Number">39.5</Data></Cell>
			<Cell><Data ss:Type="Number">0</Data></Cell>
			<Cell><Data ss:Type="Number">0</Data></Cell>
			<Cell><Data ss:Type="String">2023-12-07 16:43:30.742770</Data></Cell>
		</Row>
		<Row>
			<Cell><Data ss:Type="String">1104</Data></Cell>
			<Cell><Data ss:Type="Number">0.31</Data></Cell>
			<Cell><Data ss:Type="Number">-9.06</Data></Cell>
			<Cell><Data ss:Type="Number">0.43</Data></Cell>
			<Cell><Data ss:Type="Number">-9.33</Data></Cell>
			<Cell><Data ss:Type="Number">-0.22</Data></Cell>
			<Cell><Data ss:Type="Number">-0.87</Data></Cell>
			<Cell><Data ss:Type="Number">22.7</Data></Cell>
			<Cell><Data ss:Type="Number">39.5</Data></Cell>
			<Cell><Data ss:Type="Number">0</Data></Cell>
			<Cell><Data ss:Type="Number">0</Data></Cell>
			<Cell><Data ss:Type="String">2023-12-07 16:43:30.740567</Data></Cell>
		</Row>
		<Row>
			<Cell><Data ss:Type="String">1103</Data></Cell>
			<Cell><Data ss:Type="Number">0.28</Data></Cell>
			<Cell><Data ss:Type="Number">-10.02</Data></Cell>
			<Cell><Data ss:Type="Number">0.17</Data></Cell>
			<Cell><Data ss:Type="Number">-9.44</Data></Cell>
			<Cell><Data ss:Type="Number">-0.1</Data></Cell>
			<Cell><Data ss:Type="Number">-0.92</Data></Cell>
			<Cell><Data ss:Type="Number">22.7</Data></Cell>
			<Cell><Data ss:Type="Number">39.5</Data></Cell>
			<Cell><Data ss:Type="Number">0</Data></Cell>
			<Cell><Data ss:Type="Number">0</Data></Cell>
			<Cell><Data ss:Type="String">2023-12-07 16:43:30.738788</Data></Cell>
		</Row>
		<Row>
			<Cell><Data ss:Type="String">1102</Data></Cell>
			<Cell><Data ss:Type="Number">0.33</Data></Cell>
			<Cell><Data ss:Type="Number">-10.1</Data></Cell>
			<Cell><Data ss:Type="Number">0.12</Data></Cell>
			<Cell><Data ss:Type="Number">-9.49</Data></Cell>
			<Cell><Data ss:Type="Number">-0.09</Data></Cell>
			<Cell><Data ss:Type="Number">-0.92</Data></Cell>
			<Cell><Data ss:Type="Number">22.7</Data></Cell>
			<Cell><Data ss:Type="Number">39.5</Data></Cell>
			<Cell><Data ss:Type="Number">0</Data></Cell>
			<Cell><Data ss:Type="Number">0</Data></Cell>
			<Cell><Data ss:Type="String">2023-12-07 16:43:30.736909</Data></Cell>
		</Row>
		<Row>
			<Cell><Data ss:Type="String">1101</Data></Cell>
			<Cell><Data ss:Type="Number">0.27</Data></Cell>
			<Cell><Data ss:Type="Number">-10.18</Data></Cell>
			<Cell><Data ss:Type="Number">0.13</Data></Cell>
			<Cell><Data ss:Type="Number">-9.53</Data></Cell>
			<Cell><Data ss:Type="Number">-0.06</Data></Cell>
			<Cell><Data ss:Type="Number">-0.86</Data></Cell>
			<Cell><Data ss:Type="Number">22.7</Data></Cell>
			<Cell><Data ss:Type="Number">39.5</Data></Cell>
			<Cell><Data ss:Type="Number">0</Data></Cell>
			<Cell><Data ss:Type="Number">0</Data></Cell>
			<Cell><Data ss:Type="String">2023-12-07 16:43:30.734945</Data></Cell>
		</Row>
		<Row>
			<Cell><Data ss:Type="String">1100</Data></Cell>
			<Cell><Data ss:Type="Number">0.31</Data></Cell>
			<Cell><Data ss:Type="Number">-10.27</Data></Cell>
			<Cell><Data ss:Type="Number">0.16</Data></Cell>
			<Cell><Data ss:Type="Number">-9.49</Data></Cell>
			<Cell><Data ss:Type="Number">-0.07</Data></Cell>
			<Cell><Data ss:Type="Number">-0.91</Data></Cell>
			<Cell><Data ss:Type="Number">22.7</Data></Cell>
			<Cell><Data ss:Type="Number">39.5</Data></Cell>
			<Cell><Data ss:Type="Number">0</Data></Cell>
			<Cell><Data ss:Type="Number">0</Data></Cell>
			<Cell><Data ss:Type="String">2023-12-07 16:43:30.732808</Data></Cell>
		</Row>
		<Row>
			<Cell><Data ss:Type="String">1099</Data></Cell>
			<Cell><Data ss:Type="Number">0.29</Data></Cell>
			<Cell><Data ss:Type="Number">-9.88</Data></Cell>
			<Cell><Data ss:Type="Number">0.13</Data></Cell>
			<Cell><Data ss:Type="Number">-9.44</Data></Cell>
			<Cell><Data ss:Type="Number">-0.06</Data></Cell>
			<Cell><Data ss:Type="Number">-0.92</Data></Cell>
			<Cell><Data ss:Type="Number">22.7</Data></Cell>
			<Cell><Data ss:Type="Number">39.5</Data></Cell>
			<Cell><Data ss:Type="Number">0</Data></Cell>
			<Cell><Data ss:Type="Number">0</Data></Cell>
			<Cell><Data ss:Type="String">2023-12-07 16:43:30.730511</Data></Cell>
		</Row>
		<Row>
			<Cell><Data ss:Type="String">1098</Data></Cell>
			<Cell><Data ss:Type="Number">0.26</Data></Cell>
			<Cell><Data ss:Type="Number">-10.21</Data></Cell>
			<Cell><Data ss:Type="Number">0.31</Data></Cell>
			<Cell><Data ss:Type="Number">-9.53</Data></Cell>
			<Cell><Data ss:Type="Number">-0.06</Data></Cell>
			<Cell><Data ss:Type="Number">-0.89</Data></Cell>
			<Cell><Data ss:Type="Number">22.7</Data></Cell>
			<Cell><Data ss:Type="Number">39.5</Data></Cell>
			<Cell><Data ss:Type="Number">0</Data></Cell>
			<Cell><Data ss:Type="Number">0</Data></Cell>
			<Cell><Data ss:Type="String">2023-12-07 16:43:30.494537</Data></Cell>
		</Row>
		<Row>
			<Cell><Data ss:Type="String">1097</Data></Cell>
			<Cell><Data ss:Type="Number">0.31</Data></Cell>
			<Cell><Data ss:Type="Number">-10.23</Data></Cell>
			<Cell><Data ss:Type="Number">0.13</Data></Cell>
			<Cell><Data ss:Type="Number">-9.51</Data></Cell>
			<Cell><Data ss:Type="Number">-0.08</Data></Cell>
			<Cell><Data ss:Type="Number">-0.9</Data></Cell>
			<Cell><Data ss:Type="Number">22.7</Data></Cell>
			<Cell><Data ss:Type="Number">39.5</Data></Cell>
			<Cell><Data ss:Type="Number">0</Data></Cell>
			<Cell><Data ss:Type="Number">0</Data></Cell>
			<Cell><Data ss:Type="String">2023-12-07 16:43:30.456005</Data></Cell>
		</Row>
		<Row>
			<Cell><Data ss:Type="String">1096</Data></Cell>
			<Cell><Data ss:Type="Number">0.28</Data></Cell>
			<Cell><Data ss:Type="Number">-10.09</Data></Cell>
			<Cell><Data ss:Type="Number">0.15</Data></Cell>
			<Cell><Data ss:Type="Number">-9.43</Data></Cell>
			<Cell><Data ss:Type="Number">-0.06</Data></Cell>
			<Cell><Data ss:Type="Number">-0.9</Data></Cell>
			<Cell><Data ss:Type="Number">22.7</Data></Cell>
			<Cell><Data ss:Type="Number">39.5</Data></Cell>
			<Cell><Data ss:Type="Number">0</Data></Cell>
			<Cell><Data ss:Type="Number">0</Data></Cell>
			<Cell><Data ss:Type="String">2023-12-07 16:43:30.454349</Data></Cell>
		</Row>
		<Row>
			<Cell><Data ss:Type="String">1095</Data></Cell>
			<Cell><Data ss:Type="Number">0.32</Data></Cell>
			<Cell><Data ss:Type="Number">-10.01</Data></Cell>
			<Cell><Data ss:Type="Number">0.14</Data></Cell>
			<Cell><Data ss:Type="Number">-9.43</Data></Cell>
			<Cell><Data ss:Type="Number">-0.09</Data></Cell>
			<Cell><Data ss:Type="Number">-0.92</Data></Cell>
			<Cell><Data ss:Type="Number">22.7</Data></Cell>
			<Cell><Data ss:Type="Number">39.5</Data></Cell>
			<Cell><Data ss:Type="Number">0</Data></Cell>
			<Cell><Data ss:Type="Number">0</Data></Cell>
			<Cell><Data ss:Type="String">2023-12-07 16:43:30.452357</Data></Cell>
		</Row>
		<Row>
			<Cell><Data ss:Type="String">1094</Data></Cell>
			<Cell><Data ss:Type="Number">0.28</Data></Cell>
			<Cell><Data ss:Type="Number">-9.91</Data></Cell>
			<Cell><Data ss:Type="Number">0.04</Data></Cell>
			<Cell><Data ss:Type="Number">-9.42</Data></Cell>
			<Cell><Data ss:Type="Number">-0.09</Data></Cell>
			<Cell><Data ss:Type="Number">-0.94</Data></Cell>
			<Cell><Data ss:Type="Number">22.7</Data></Cell>
			<Cell><Data ss:Type="Number">39.5</Data></Cell>
			<Cell><Data ss:Type="Number">0</Data></Cell>
			<Cell><Data ss:Type="Number">0</Data></Cell>
			<Cell><Data ss:Type="String">2023-12-07 16:43:30.450401</Data></Cell>
		</Row>
		<Row>
			<Cell><Data ss:Type="String">1093</Data></Cell>
			<Cell><Data ss:Type="Number">0.3</Data></Cell>
			<Cell><Data ss:Type="Number">-10.15</Data></Cell>
			<Cell><Data ss:Type="Number">0.19</Data></Cell>
			<Cell><Data ss:Type="Number">-9.5</Data></Cell>
			<Cell><Data ss:Type="Number">-0.08</Data></Cell>
			<Cell><Data ss:Type="Number">-0.91</Data></Cell>
			<Cell><Data ss:Type="Number">22.7</Data></Cell>
			<Cell><Data ss:Type="Number">39.5</Data></Cell>
			<Cell><Data ss:Type="Number">0</Data></Cell>
			<Cell><Data ss:Type="Number">0</Data></Cell>
			<Cell><Data ss:Type="String">2023-12-07 16:43:30.448465</Data></Cell>
		</Row>
		<Row>
			<Cell><Data ss:Type="String">1092</Data></Cell>
			<Cell><Data ss:Type="Number">0.27</Data></Cell>
			<Cell><Data ss:Type="Number">-10.27</Data></Cell>
			<Cell><Data ss:Type="Number">0.2</Data></Cell>
			<Cell><Data ss:Type="Number">-9.54</Data></Cell>
			<Cell><Data ss:Type="Number">-0.06</Data></Cell>
			<Cell><Data ss:Type="Number">-0.88</Data></Cell>
			<Cell><Data ss:Type="Number">22.7</Data></Cell>
			<Cell><Data ss:Type="Number">39.5</Data></Cell>
			<Cell><Data ss:Type="Number">0</Data></Cell>
			<Cell><Data ss:Type="Number">0</Data></Cell>
			<Cell><Data ss:Type="String">2023-12-07 16:43:30.445975</Data></Cell>
		</Row>
		<Row>
			<Cell><Data ss:Type="String">1091</Data></Cell>
			<Cell><Data ss:Type="Number">0.25</Data></Cell>
			<Cell><Data ss:Type="Number">-10</Data></Cell>
			<Cell><Data ss:Type="Number">0.14</Data></Cell>
			<Cell><Data ss:Type="Number">-9.44</Data></Cell>
			<Cell><Data ss:Type="Number">-0.07</Data></Cell>
			<Cell><Data ss:Type="Number">-0.89</Data></Cell>
			<Cell><Data ss:Type="Number">22.7</Data></Cell>
			<Cell><Data ss:Type="Number">39.5</Data></Cell>
			<Cell><Data ss:Type="Number">0</Data></Cell>
			<Cell><Data ss:Type="Number">0</Data></Cell>
			<Cell><Data ss:Type="String">2023-12-07 16:43:30.443268</Data></Cell>
		</Row>
		<Row>
			<Cell><Data ss:Type="String">1090</Data></Cell>
			<Cell><Data ss:Type="Number">0.31</Data></Cell>
			<Cell><Data ss:Type="Number">-9.96</Data></Cell>
			<Cell><Data ss:Type="Number">0.1</Data></Cell>
			<Cell><Data ss:Type="Number">-9.43</Data></Cell>
			<Cell><Data ss:Type="Number">-0.09</Data></Cell>
			<Cell><Data ss:Type="Number">-0.92</Data></Cell>
			<Cell><Data ss:Type="Number">22.7</Data></Cell>
			<Cell><Data ss:Type="Number">39.5</Data></Cell>
			<Cell><Data ss:Type="Number">0</Data></Cell>
			<Cell><Data ss:Type="Number">0</Data></Cell>
			<Cell><Data ss:Type="String">2023-12-07 16:43:30.229602</Data></Cell>
		</Row>
		<Row>
			<Cell><Data ss:Type="String">1089</Data></Cell>
			<Cell><Data ss:Type="Number">0.34</Data></Cell>
			<Cell><Data ss:Type="Number">-9.94</Data></Cell>
			<Cell><Data ss:Type="Number">0.19</Data></Cell>
			<Cell><Data ss:Type="Number">-9.48</Data></Cell>
			<Cell><Data ss:Type="Number">-0.09</Data></Cell>
			<Cell><Data ss:Type="Number">-0.88</Data></Cell>
			<Cell><Data ss:Type="Number">22.7</Data></Cell>
			<Cell><Data ss:Type="Number">39.5</Data></Cell>
			<Cell><Data ss:Type="Number">0</Data></Cell>
			<Cell><Data ss:Type="Number">0</Data></Cell>
			<Cell><Data ss:Type="String">2023-12-07 16:43:30.184827</Data></Cell>
		</Row>
		<Row>
			<Cell><Data ss:Type="String">1088</Data></Cell>
			<Cell><Data ss:Type="Number">0.17</Data></Cell>
			<Cell><Data ss:Type="Number">-10.21</Data></Cell>
			<Cell><Data ss:Type="Number">0.17</Data></Cell>
			<Cell><Data ss:Type="Number">-9.55</Data></Cell>
			<Cell><Data ss:Type="Number">-0.08</Data></Cell>
			<Cell><Data ss:Type="Number">-0.89</Data></Cell>
			<Cell><Data ss:Type="Number">22.7</Data></Cell>
			<Cell><Data ss:Type="Number">39.5</Data></Cell>
			<Cell><Data ss:Type="Number">0</Data></Cell>
			<Cell><Data ss:Type="Number">0</Data></Cell>
			<Cell><Data ss:Type="String">2023-12-07 16:43:30.183303</Data></Cell>
		</Row>
		<Row>
			<Cell><Data ss:Type="String">1087</Data></Cell>
			<Cell><Data ss:Type="Number">0.3</Data></Cell>
			<Cell><Data ss:Type="Number">-10.12</Data></Cell>
			<Cell><Data ss:Type="Number">0.25</Data></Cell>
			<Cell><Data ss:Type="Number">-9.46</Data></Cell>
			<Cell><Data ss:Type="Number">-0.11</Data></Cell>
			<Cell><Data ss:Type="Number">-0.9</Data></Cell>
			<Cell><Data ss:Type="Number">22.7</Data></Cell>
			<Cell><Data ss:Type="Number">39.5</Data></Cell>
			<Cell><Data ss:Type="Number">0</Data></Cell>
			<Cell><Data ss:Type="Number">0</Data></Cell>
			<Cell><Data ss:Type="String">2023-12-07 16:43:30.139102</Data></Cell>
		</Row>
		<Row>
			<Cell><Data ss:Type="String">1086</Data></Cell>
			<Cell><Data ss:Type="Number">0.25</Data></Cell>
			<Cell><Data ss:Type="Number">-9.94</Data></Cell>
			<Cell><Data ss:Type="Number">0.12</Data></Cell>
			<Cell><Data ss:Type="Number">-9.4</Data></Cell>
			<Cell><Data ss:Type="Number">-0.05</Data></Cell>
			<Cell><Data ss:Type="Number">-0.9</Data></Cell>
			<Cell><Data ss:Type="Number">22.7</Data></Cell>
			<Cell><Data ss:Type="Number">39.5</Data></Cell>
			<Cell><Data ss:Type="Number">0</Data></Cell>
			<Cell><Data ss:Type="Number">0</Data></Cell>
			<Cell><Data ss:Type="String">2023-12-07 16:43:30.137590</Data></Cell>
		</Row>
		<Row>
			<Cell><Data ss:Type="String">1085</Data></Cell>
			<Cell><Data ss:Type="Number">0.31</Data></Cell>
			<Cell><Data ss:Type="Number">-9.93</Data></Cell>
			<Cell><Data ss:Type="Number">0.22</Data></Cell>
			<Cell><Data ss:Type="Number">-9.49</Data></Cell>
			<Cell><Data ss:Type="Number">-0.09</Data></Cell>
			<Cell><Data ss:Type="Number">-0.91</Data></Cell>
			<Cell><Data ss:Type="Number">22.7</Data></Cell>
			<Cell><Data ss:Type="Number">39.5</Data></Cell>
			<Cell><Data ss:Type="Number">0</Data></Cell>
			<Cell><Data ss:Type="Number">0</Data></Cell>
			<Cell><Data ss:Type="String">2023-12-07 16:43:30.136087</Data></Cell>
		</Row>
		<Row>
			<Cell><Data ss:Type="String">1084</Data></Cell>
			<Cell><Data ss:Type="Number">0.21</Data></Cell>
			<Cell><Data ss:Type="Number">-10.21</Data></Cell>
			<Cell><Data ss:Type="Number">0.11</Data></Cell>
			<Cell><Data ss:Type="Number">-9.55</Data></Cell>
			<Cell><Data ss:Type="Number">-0.07</Data></Cell>
			<Cell><Data ss:Type="Number">-0.88</Data></Cell>
			<Cell><Data ss:Type="Number">22.7</Data></Cell>
			<Cell><Data ss:Type="Number">39.5</Data></Cell>
			<Cell><Data ss:Type="Number">0</Data></Cell>
			<Cell><Data ss:Type="Number">0</Data></Cell>
			<Cell><Data ss:Type="String">2023-12-07 16:43:30.133880</Data></Cell>
		</Row>
		<Row>
			<Cell><Data ss:Type="String">1083</Data></Cell>
			<Cell><Data ss:Type="Number">0.28</Data></Cell>
			<Cell><Data ss:Type="Number">-10.06</Data></Cell>
			<Cell><Data ss:Type="Number">0.13</Data></Cell>
			<Cell><Data ss:Type="Number">-9.5</Data></Cell>
			<Cell><Data ss:Type="Number">-0.06</Data></Cell>
			<Cell><Data ss:Type="Number">-0.92</Data></Cell>
			<Cell><Data ss:Type="Number">22.7</Data></Cell>
			<Cell><Data ss:Type="Number">39.5</Data></Cell>
			<Cell><Data ss:Type="Number">0</Data></Cell>
			<Cell><Data ss:Type="Number">0</Data></Cell>
			<Cell><Data ss:Type="String">2023-12-07 16:43:29.983188</Data></Cell>
		</Row>
		<Row>
			<Cell><Data ss:Type="String">1082</Data></Cell>
			<Cell><Data ss:Type="Number">0.26</Data></Cell>
			<Cell><Data ss:Type="Number">-10.02</Data></Cell>
			<Cell><Data ss:Type="Number">0.2</Data></Cell>
			<Cell><Data ss:Type="Number">-9.46</Data></Cell>
			<Cell><Data ss:Type="Number">-0.07</Data></Cell>
			<Cell><Data ss:Type="Number">-0.91</Data></Cell>
			<Cell><Data ss:Type="Number">22.7</Data></Cell>
			<Cell><Data ss:Type="Number">39.5</Data></Cell>
			<Cell><Data ss:Type="Number">0</Data></Cell>
			<Cell><Data ss:Type="Number">0</Data></Cell>
			<Cell><Data ss:Type="String">2023-12-07 16:43:29.939200</Data></Cell>
		</Row>
		<Row>
			<Cell><Data ss:Type="String">1081</Data></Cell>
			<Cell><Data ss:Type="Number">0.24</Data></Cell>
			<Cell><Data ss:Type="Number">-9.96</Data></Cell>
			<Cell><Data ss:Type="Number">0.1</Data></Cell>
			<Cell><Data ss:Type="Number">-9.44</Data></Cell>
			<Cell><Data ss:Type="Number">-0.08</Data></Cell>
			<Cell><Data ss:Type="Number">-0.88</Data></Cell>
			<Cell><Data ss:Type="Number">22.7</Data></Cell>
			<Cell><Data ss:Type="Number">39.5</Data></Cell>
			<Cell><Data ss:Type="Number">0</Data></Cell>
			<Cell><Data ss:Type="Number">0</Data></Cell>
			<Cell><Data ss:Type="String">2023-12-07 16:43:29.937307</Data></Cell>
		</Row>
		<Row>
			<Cell><Data ss:Type="String">1080</Data></Cell>
			<Cell><Data ss:Type="Number">0.27</Data></Cell>
			<Cell><Data ss:Type="Number">-10.15</Data></Cell>
			<Cell><Data ss:Type="Number">0.19</Data></Cell>
			<Cell><Data ss:Type="Number">-9.5</Data></Cell>
			<Cell><Data ss:Type="Number">-0.1</Data></Cell>
			<Cell><Data ss:Type="Number">-0.92</Data></Cell>
			<Cell><Data ss:Type="Number">22.7</Data></Cell>
			<Cell><Data ss:Type="Number">39.5</Data></Cell>
			<Cell><Data ss:Type="Number">0</Data></Cell>
			<Cell><Data ss:Type="Number">0</Data></Cell>
			<Cell><Data ss:Type="String">2023-12-07 16:43:29.890036</Data></Cell>
		</Row>
		<Row>
			<Cell><Data ss:Type="String">1079</Data></Cell>
			<Cell><Data ss:Type="Number">0.27</Data></Cell>
			<Cell><Data ss:Type="Number">-10.28</Data></Cell>
			<Cell><Data ss:Type="Number">0.14</Data></Cell>
			<Cell><Data ss:Type="Number">-9.56</Data></Cell>
			<Cell><Data ss:Type="Number">-0.07</Data></Cell>
			<Cell><Data ss:Type="Number">-0.87</Data></Cell>
			<Cell><Data ss:Type="Number">22.7</Data></Cell>
			<Cell><Data ss:Type="Number">39.5</Data></Cell>
			<Cell><Data ss:Type="Number">0</Data></Cell>
			<Cell><Data ss:Type="Number">0</Data></Cell>
			<Cell><Data ss:Type="String">2023-12-07 16:43:29.847997</Data></Cell>
		</Row>
		<Row>
			<Cell><Data ss:Type="String">1078</Data></Cell>
			<Cell><Data ss:Type="Number">0.26</Data></Cell>
			<Cell><Data ss:Type="Number">-10.22</Data></Cell>
			<Cell><Data ss:Type="Number">0.18</Data></Cell>
			<Cell><Data ss:Type="Number">-9.48</Data></Cell>
			<Cell><Data ss:Type="Number">-0.06</Data></Cell>
			<Cell><Data ss:Type="Number">-0.95</Data></Cell>
			<Cell><Data ss:Type="Number">22.7</Data></Cell>
			<Cell><Data ss:Type="Number">39.5</Data></Cell>
			<Cell><Data ss:Type="Number">0</Data></Cell>
			<Cell><Data ss:Type="Number">0</Data></Cell>
			<Cell><Data ss:Type="String">2023-12-07 16:43:29.846183</Data></Cell>
		</Row>
		<Row>
			<Cell><Data ss:Type="String">1077</Data></Cell>
			<Cell><Data ss:Type="Number">0.29</Data></Cell>
			<Cell><Data ss:Type="Number">-9.93</Data></Cell>
			<Cell><Data ss:Type="Number">0.14</Data></Cell>
			<Cell><Data ss:Type="Number">-9.42</Data></Cell>
			<Cell><Data ss:Type="Number">-0.11</Data></Cell>
			<Cell><Data ss:Type="Number">-0.91</Data></Cell>
			<Cell><Data ss:Type="Number">22.7</Data></Cell>
			<Cell><Data ss:Type="Number">39.5</Data></Cell>
			<Cell><Data ss:Type="Number">0</Data></Cell>
			<Cell><Data ss:Type="Number">0</Data></Cell>
			<Cell><Data ss:Type="String">2023-12-07 16:43:29.802453</Data></Cell>
		</Row>
		<Row>
			<Cell><Data ss:Type="String">1076</Data></Cell>
			<Cell><Data ss:Type="Number">0.33</Data></Cell>
			<Cell><Data ss:Type="Number">-10.15</Data></Cell>
			<Cell><Data ss:Type="Number">0.16</Data></Cell>
			<Cell><Data ss:Type="Number">-9.54</Data></Cell>
			<Cell><Data ss:Type="Number">-0.09</Data></Cell>
			<Cell><Data ss:Type="Number">-0.93</Data></Cell>
			<Cell><Data ss:Type="Number">22.7</Data></Cell>
			<Cell><Data ss:Type="Number">39.5</Data></Cell>
			<Cell><Data ss:Type="Number">0</Data></Cell>
			<Cell><Data ss:Type="Number">0</Data></Cell>
			<Cell><Data ss:Type="String">2023-12-07 16:43:29.753817</Data></Cell>
		</Row>
		<Row>
			<Cell><Data ss:Type="String">1075</Data></Cell>
			<Cell><Data ss:Type="Number">0.28</Data></Cell>
			<Cell><Data ss:Type="Number">-10.2</Data></Cell>
			<Cell><Data ss:Type="Number">0.2</Data></Cell>
			<Cell><Data ss:Type="Number">-9.54</Data></Cell>
			<Cell><Data ss:Type="Number">-0.06</Data></Cell>
			<Cell><Data ss:Type="Number">-0.88</Data></Cell>
			<Cell><Data ss:Type="Number">22.7</Data></Cell>
			<Cell><Data ss:Type="Number">39.5</Data></Cell>
			<Cell><Data ss:Type="Number">0</Data></Cell>
			<Cell><Data ss:Type="Number">0</Data></Cell>
			<Cell><Data ss:Type="String">2023-12-07 16:43:29.712607</Data></Cell>
		</Row>
		<Row>
			<Cell><Data ss:Type="String">1074</Data></Cell>
			<Cell><Data ss:Type="Number">0.3</Data></Cell>
			<Cell><Data ss:Type="Number">-10.25</Data></Cell>
			<Cell><Data ss:Type="Number">0.17</Data></Cell>
			<Cell><Data ss:Type="Number">-9.52</Data></Cell>
			<Cell><Data ss:Type="Number">-0.08</Data></Cell>
			<Cell><Data ss:Type="Number">-0.9</Data></Cell>
			<Cell><Data ss:Type="Number">22.7</Data></Cell>
			<Cell><Data ss:Type="Number">39.5</Data></Cell>
			<Cell><Data ss:Type="Number">0</Data></Cell>
			<Cell><Data ss:Type="Number">0</Data></Cell>
			<Cell><Data ss:Type="String">2023-12-07 16:43:29.709465</Data></Cell>
		</Row>
		<Row>
			<Cell><Data ss:Type="String">1073</Data></Cell>
			<Cell><Data ss:Type="Number">0.35</Data></Cell>
			<Cell><Data ss:Type="Number">-9.99</Data></Cell>
			<Cell><Data ss:Type="Number">0.16</Data></Cell>
			<Cell><Data ss:Type="Number">-9.44</Data></Cell>
			<Cell><Data ss:Type="Number">-0.05</Data></Cell>
			<Cell><Data ss:Type="Number">-0.95</Data></Cell>
			<Cell><Data ss:Type="Number">22.7</Data></Cell>
			<Cell><Data ss:Type="Number">39.5</Data></Cell>
			<Cell><Data ss:Type="Number">0</Data></Cell>
			<Cell><Data ss:Type="Number">0</Data></Cell>
			<Cell><Data ss:Type="String">2023-12-07 16:43:29.662074</Data></Cell>
		</Row>
		<Row>
			<Cell><Data ss:Type="String">1072</Data></Cell>
			<Cell><Data ss:Type="Number">0.31</Data></Cell>
			<Cell><Data ss:Type="Number">-10.12</Data></Cell>
			<Cell><Data ss:Type="Number">0.29</Data></Cell>
			<Cell><Data ss:Type="Number">-9.47</Data></Cell>
			<Cell><Data ss:Type="Number">-0.08</Data></Cell>
			<Cell><Data ss:Type="Number">-0.89</Data></Cell>
			<Cell><Data ss:Type="Number">22.7</Data></Cell>
			<Cell><Data ss:Type="Number">39.5</Data></Cell>
			<Cell><Data ss:Type="Number">0</Data></Cell>
			<Cell><Data ss:Type="Number">0</Data></Cell>
			<Cell><Data ss:Type="String">2023-12-07 16:43:29.615243</Data></Cell>
		</Row>
		<Row>
			<Cell><Data ss:Type="String">1071</Data></Cell>
			<Cell><Data ss:Type="Number">0.28</Data></Cell>
			<Cell><Data ss:Type="Number">-10.02</Data></Cell>
			<Cell><Data ss:Type="Number">0.15</Data></Cell>
			<Cell><Data ss:Type="Number">-9.45</Data></Cell>
			<Cell><Data ss:Type="Number">-0.09</Data></Cell>
			<Cell><Data ss:Type="Number">-0.92</Data></Cell>
			<Cell><Data ss:Type="Number">22.7</Data></Cell>
			<Cell><Data ss:Type="Number">39.5</Data></Cell>
			<Cell><Data ss:Type="Number">0</Data></Cell>
			<Cell><Data ss:Type="Number">0</Data></Cell>
			<Cell><Data ss:Type="String">2023-12-07 16:43:29.571816</Data></Cell>
		</Row>
		<Row>
			<Cell><Data ss:Type="String">1070</Data></Cell>
			<Cell><Data ss:Type="Number">0.26</Data></Cell>
			<Cell><Data ss:Type="Number">-9.93</Data></Cell>
			<Cell><Data ss:Type="Number">0.15</Data></Cell>
			<Cell><Data ss:Type="Number">-9.44</Data></Cell>
			<Cell><Data ss:Type="Number">-0.03</Data></Cell>
			<Cell><Data ss:Type="Number">-0.92</Data></Cell>
			<Cell><Data ss:Type="Number">22.7</Data></Cell>
			<Cell><Data ss:Type="Number">39.5</Data></Cell>
			<Cell><Data ss:Type="Number">0</Data></Cell>
			<Cell><Data ss:Type="Number">0</Data></Cell>
			<Cell><Data ss:Type="String">2023-12-07 16:43:29.569577</Data></Cell>
		</Row>
		<Row>
			<Cell><Data ss:Type="String">1069</Data></Cell>
			<Cell><Data ss:Type="Number">0.39</Data></Cell>
			<Cell><Data ss:Type="Number">-10.15</Data></Cell>
			<Cell><Data ss:Type="Number">0.22</Data></Cell>
			<Cell><Data ss:Type="Number">-9.49</Data></Cell>
			<Cell><Data ss:Type="Number">-0.09</Data></Cell>
			<Cell><Data ss:Type="Number">-0.88</Data></Cell>
			<Cell><Data ss:Type="Number">22.7</Data></Cell>
			<Cell><Data ss:Type="Number">39.5</Data></Cell>
			<Cell><Data ss:Type="Number">0</Data></Cell>
			<Cell><Data ss:Type="Number">0</Data></Cell>
			<Cell><Data ss:Type="String">2023-12-07 16:43:29.523142</Data></Cell>
		</Row>
		<Row>
			<Cell><Data ss:Type="String">1068</Data></Cell>
			<Cell><Data ss:Type="Number">0.36</Data></Cell>
			<Cell><Data ss:Type="Number">-10.23</Data></Cell>
			<Cell><Data ss:Type="Number">0.03</Data></Cell>
			<Cell><Data ss:Type="Number">-9.57</Data></Cell>
			<Cell><Data ss:Type="Number">-0.1</Data></Cell>
			<Cell><Data ss:Type="Number">-0.95</Data></Cell>
			<Cell><Data ss:Type="Number">22.7</Data></Cell>
			<Cell><Data ss:Type="Number">39.5</Data></Cell>
			<Cell><Data ss:Type="Number">0</Data></Cell>
			<Cell><Data ss:Type="Number">0</Data></Cell>
			<Cell><Data ss:Type="String">2023-12-07 16:43:29.520554</Data></Cell>
		</Row>
		<Row>
			<Cell><Data ss:Type="String">1067</Data></Cell>
			<Cell><Data ss:Type="Number">0.19</Data></Cell>
			<Cell><Data ss:Type="Number">-9.99</Data></Cell>
			<Cell><Data ss:Type="Number">0.19</Data></Cell>
			<Cell><Data ss:Type="Number">-9.45</Data></Cell>
			<Cell><Data ss:Type="Number">-0.03</Data></Cell>
			<Cell><Data ss:Type="Number">-0.85</Data></Cell>
			<Cell><Data ss:Type="Number">22.7</Data></Cell>
			<Cell><Data ss:Type="Number">39.5</Data></Cell>
			<Cell><Data ss:Type="Number">0</Data></Cell>
			<Cell><Data ss:Type="Number">0</Data></Cell>
			<Cell><Data ss:Type="String">2023-12-07 16:43:29.465756</Data></Cell>
		</Row>
		<Row>
			<Cell><Data ss:Type="String">1066</Data></Cell>
			<Cell><Data ss:Type="Number">0.29</Data></Cell>
			<Cell><Data ss:Type="Number">-9.96</Data></Cell>
			<Cell><Data ss:Type="Number">0.01</Data></Cell>
			<Cell><Data ss:Type="Number">-9.44</Data></Cell>
			<Cell><Data ss:Type="Number">-0.08</Data></Cell>
			<Cell><Data ss:Type="Number">-0.97</Data></Cell>
			<Cell><Data ss:Type="Number">22.7</Data></Cell>
			<Cell><Data ss:Type="Number">39.5</Data></Cell>
			<Cell><Data ss:Type="Number">0</Data></Cell>
			<Cell><Data ss:Type="Number">0</Data></Cell>
			<Cell><Data ss:Type="String">2023-12-07 16:43:29.463438</Data></Cell>
		</Row>
		<Row>
			<Cell><Data ss:Type="String">1065</Data></Cell>
			<Cell><Data ss:Type="Number">0.32</Data></Cell>
			<Cell><Data ss:Type="Number">-9.89</Data></Cell>
			<Cell><Data ss:Type="Number">0.25</Data></Cell>
			<Cell><Data ss:Type="Number">-9.44</Data></Cell>
			<Cell><Data ss:Type="Number">-0.04</Data></Cell>
			<Cell><Data ss:Type="Number">-0.91</Data></Cell>
			<Cell><Data ss:Type="Number">22.7</Data></Cell>
			<Cell><Data ss:Type="Number">39.5</Data></Cell>
			<Cell><Data ss:Type="Number">0</Data></Cell>
			<Cell><Data ss:Type="Number">0</Data></Cell>
			<Cell><Data ss:Type="String">2023-12-07 16:43:29.460526</Data></Cell>
		</Row>
		<Row>
			<Cell><Data ss:Type="String">1064</Data></Cell>
			<Cell><Data ss:Type="Number">-0.13</Data></Cell>
			<Cell><Data ss:Type="Number">-10.05</Data></Cell>
			<Cell><Data ss:Type="Number">0.22</Data></Cell>
			<Cell><Data ss:Type="Number">-9.51</Data></Cell>
			<Cell><Data ss:Type="Number">-0.24</Data></Cell>
			<Cell><Data ss:Type="Number">-0.88</Data></Cell>
			<Cell><Data ss:Type="Number">22.7</Data></Cell>
			<Cell><Data ss:Type="Number">39.5</Data></Cell>
			<Cell><Data ss:Type="Number">0</Data></Cell>
			<Cell><Data ss:Type="Number">0</Data></Cell>
			<Cell><Data ss:Type="String">2023-12-07 16:43:29.457688</Data></Cell>
		</Row>
		<Row>
			<Cell><Data ss:Type="String">1063</Data></Cell>
			<Cell><Data ss:Type="Number">0.1</Data></Cell>
			<Cell><Data ss:Type="Number">-10.23</Data></Cell>
			<Cell><Data ss:Type="Number">-0.09</Data></Cell>
			<Cell><Data ss:Type="Number">-9.56</Data></Cell>
			<Cell><Data ss:Type="Number">0.01</Data></Cell>
			<Cell><Data ss:Type="Number">-0.92</Data></Cell>
			<Cell><Data ss:Type="Number">22.7</Data></Cell>
			<Cell><Data ss:Type="Number">39.5</Data></Cell>
			<Cell><Data ss:Type="Number">0</Data></Cell>
			<Cell><Data ss:Type="Number">0</Data></Cell>
			<Cell><Data ss:Type="String">2023-12-07 16:43:29.455921</Data></Cell>
		</Row>
		<Row>
			<Cell><Data ss:Type="String">1062</Data></Cell>
			<Cell><Data ss:Type="Number">0.6</Data></Cell>
			<Cell><Data ss:Type="Number">-10.12</Data></Cell>
			<Cell><Data ss:Type="Number">-0.05</Data></Cell>
			<Cell><Data ss:Type="Number">-9.47</Data></Cell>
			<Cell><Data ss:Type="Number">0.12</Data></Cell>
			<Cell><Data ss:Type="Number">-0.9</Data></Cell>
			<Cell><Data ss:Type="Number">22.7</Data></Cell>
			<Cell><Data ss:Type="Number">39.5</Data></Cell>
			<Cell><Data ss:Type="Number">0</Data></Cell>
			<Cell><Data ss:Type="Number">0</Data></Cell>
			<Cell><Data ss:Type="String">2023-12-07 16:43:29.454055</Data></Cell>
		</Row>
		<Row>
			<Cell><Data ss:Type="String">1061</Data></Cell>
			<Cell><Data ss:Type="Number">0.14</Data></Cell>
			<Cell><Data ss:Type="Number">-9.97</Data></Cell>
			<Cell><Data ss:Type="Number">-0.12</Data></Cell>
			<Cell><Data ss:Type="Number">-9.43</Data></Cell>
			<Cell><Data ss:Type="Number">0.09</Data></Cell>
			<Cell><Data ss:Type="Number">-1.03</Data></Cell>
			<Cell><Data ss:Type="Number">22.7</Data></Cell>
			<Cell><Data ss:Type="Number">39.5</Data></Cell>
			<Cell><Data ss:Type="Number">0</Data></Cell>
			<Cell><Data ss:Type="Number">0</Data></Cell>
			<Cell><Data ss:Type="String">2023-12-07 16:43:29.452118</Data></Cell>
		</Row>
		<Row>
			<Cell><Data ss:Type="String">1060</Data></Cell>
			<Cell><Data ss:Type="Number">1.43</Data></Cell>
			<Cell><Data ss:Type="Number">-9.78</Data></Cell>
			<Cell><Data ss:Type="Number">0.78</Data></Cell>
			<Cell><Data ss:Type="Number">-9.37</Data></Cell>
			<Cell><Data ss:Type="Number">-0.68</Data></Cell>
			<Cell><Data ss:Type="Number">-0.83</Data></Cell>
			<Cell><Data ss:Type="Number">22.7</Data></Cell>
			<Cell><Data ss:Type="Number">39.5</Data></Cell>
			<Cell><Data ss:Type="Number">0</Data></Cell>
			<Cell><Data ss:Type="Number">0</Data></Cell>
			<Cell><Data ss:Type="String">2023-12-07 16:43:29.223332</Data></Cell>
		</Row>
		<Row>
			<Cell><Data ss:Type="String">1059</Data></Cell>
			<Cell><Data ss:Type="Number">-0.01</Data></Cell>
			<Cell><Data ss:Type="Number">-10.17</Data></Cell>
			<Cell><Data ss:Type="Number">0.26</Data></Cell>
			<Cell><Data ss:Type="Number">-9.52</Data></Cell>
			<Cell><Data ss:Type="Number">-0.28</Data></Cell>
			<Cell><Data ss:Type="Number">-0.8</Data></Cell>
			<Cell><Data ss:Type="Number">22.7</Data></Cell>
			<Cell><Data ss:Type="Number">39.5</Data></Cell>
			<Cell><Data ss:Type="Number">0</Data></Cell>
			<Cell><Data ss:Type="Number">0</Data></Cell>
			<Cell><Data ss:Type="String">2023-12-07 16:43:29.221300</Data></Cell>
		</Row>
		<Row>
			<Cell><Data ss:Type="String">1058</Data></Cell>
			<Cell><Data ss:Type="Number">4.49</Data></Cell>
			<Cell><Data ss:Type="Number">-10.53</Data></Cell>
			<Cell><Data ss:Type="Number">-1.27</Data></Cell>
			<Cell><Data ss:Type="Number">-9.69</Data></Cell>
			<Cell><Data ss:Type="Number">1.03</Data></Cell>
			<Cell><Data ss:Type="Number">-1.13</Data></Cell>
			<Cell><Data ss:Type="Number">22.7</Data></Cell>
			<Cell><Data ss:Type="Number">39.5</Data></Cell>
			<Cell><Data ss:Type="Number">0</Data></Cell>
			<Cell><Data ss:Type="Number">0</Data></Cell>
			<Cell><Data ss:Type="String">2023-12-07 16:43:29.219331</Data></Cell>
		</Row>
		<Row>
			<Cell><Data ss:Type="String">1057</Data></Cell>
			<Cell><Data ss:Type="Number">-0.26</Data></Cell>
			<Cell><Data ss:Type="Number">-11.35</Data></Cell>
			<Cell><Data ss:Type="Number">0.76</Data></Cell>
			<Cell><Data ss:Type="Number">-9.29</Data></Cell>
			<Cell><Data ss:Type="Number">0.62</Data></Cell>
			<Cell><Data ss:Type="Number">-1</Data></Cell>
			<Cell><Data ss:Type="Number">22.7</Data></Cell>
			<Cell><Data ss:Type="Number">39.5</Data></Cell>
			<Cell><Data ss:Type="Number">0</Data></Cell>
			<Cell><Data ss:Type="Number">0</Data></Cell>
			<Cell><Data ss:Type="String">2023-12-07 16:43:29.217409</Data></Cell>
		</Row>
		<Row>
			<Cell><Data ss:Type="String">1056</Data></Cell>
			<Cell><Data ss:Type="Number">1.48</Data></Cell>
			<Cell><Data ss:Type="Number">-9.32</Data></Cell>
			<Cell><Data ss:Type="Number">0.69</Data></Cell>
			<Cell><Data ss:Type="Number">-8.47</Data></Cell>
			<Cell><Data ss:Type="Number">-0.54</Data></Cell>
			<Cell><Data ss:Type="Number">-0.71</Data></Cell>
			<Cell><Data ss:Type="Number">22.7</Data></Cell>
			<Cell><Data ss:Type="Number">39.5</Data></Cell>
			<Cell><Data ss:Type="Number">0</Data></Cell>
			<Cell><Data ss:Type="Number">0</Data></Cell>
			<Cell><Data ss:Type="String">2023-12-07 16:43:29.215201</Data></Cell>
		</Row>
		<Row>
			<Cell><Data ss:Type="String">1055</Data></Cell>
			<Cell><Data ss:Type="Number">0.17</Data></Cell>
			<Cell><Data ss:Type="Number">-9.67</Data></Cell>
			<Cell><Data ss:Type="Number">0.18</Data></Cell>
			<Cell><Data ss:Type="Number">-9.44</Data></Cell>
			<Cell><Data ss:Type="Number">-0.12</Data></Cell>
			<Cell><Data ss:Type="Number">-0.91</Data></Cell>
			<Cell><Data ss:Type="Number">22.7</Data></Cell>
			<Cell><Data ss:Type="Number">39.5</Data></Cell>
			<Cell><Data ss:Type="Number">0</Data></Cell>
			<Cell><Data ss:Type="Number">0</Data></Cell>
			<Cell><Data ss:Type="String">2023-12-07 16:43:29.212984</Data></Cell>
		</Row>
		<Row>
			<Cell><Data ss:Type="String">1054</Data></Cell>
			<Cell><Data ss:Type="Number">-0.28</Data></Cell>
			<Cell><Data ss:Type="Number">-10.13</Data></Cell>
			<Cell><Data ss:Type="Number">-0.34</Data></Cell>
			<Cell><Data ss:Type="Number">-9.46</Data></Cell>
			<Cell><Data ss:Type="Number">-0.04</Data></Cell>
			<Cell><Data ss:Type="Number">-0.9</Data></Cell>
			<Cell><Data ss:Type="Number">22.7</Data></Cell>
			<Cell><Data ss:Type="Number">39.5</Data></Cell>
			<Cell><Data ss:Type="Number">0</Data></Cell>
			<Cell><Data ss:Type="Number">0</Data></Cell>
			<Cell><Data ss:Type="String">2023-12-07 16:43:29.005992</Data></Cell>
		</Row>
		<Row>
			<Cell><Data ss:Type="String">1053</Data></Cell>
			<Cell><Data ss:Type="Number">-0.28</Data></Cell>
			<Cell><Data ss:Type="Number">-10.37</Data></Cell>
			<Cell><Data ss:Type="Number">0.16</Data></Cell>
			<Cell><Data ss:Type="Number">-9.54</Data></Cell>
			<Cell><Data ss:Type="Number">-0.08</Data></Cell>
			<Cell><Data ss:Type="Number">-0.88</Data></Cell>
			<Cell><Data ss:Type="Number">22.7</Data></Cell>
			<Cell><Data ss:Type="Number">39.5</Data></Cell>
			<Cell><Data ss:Type="Number">0</Data></Cell>
			<Cell><Data ss:Type="Number">0</Data></Cell>
			<Cell><Data ss:Type="String">2023-12-07 16:43:29.003883</Data></Cell>
		</Row>
		<Row>
			<Cell><Data ss:Type="String">1052</Data></Cell>
			<Cell><Data ss:Type="Number">0.03</Data></Cell>
			<Cell><Data ss:Type="Number">-10.17</Data></Cell>
			<Cell><Data ss:Type="Number">0.25</Data></Cell>
			<Cell><Data ss:Type="Number">-9.52</Data></Cell>
			<Cell><Data ss:Type="Number">-0.07</Data></Cell>
			<Cell><Data ss:Type="Number">-0.9</Data></Cell>
			<Cell><Data ss:Type="Number">22.7</Data></Cell>
			<Cell><Data ss:Type="Number">39.5</Data></Cell>
			<Cell><Data ss:Type="Number">0</Data></Cell>
			<Cell><Data ss:Type="Number">0</Data></Cell>
			<Cell><Data ss:Type="String">2023-12-07 16:43:28.955370</Data></Cell>
		</Row>
		<Row>
			<Cell><Data ss:Type="String">1051</Data></Cell>
			<Cell><Data ss:Type="Number">0.73</Data></Cell>
			<Cell><Data ss:Type="Number">-9.84</Data></Cell>
			<Cell><Data ss:Type="Number">0.05</Data></Cell>
			<Cell><Data ss:Type="Number">-9.34</Data></Cell>
			<Cell><Data ss:Type="Number">-0.1</Data></Cell>
			<Cell><Data ss:Type="Number">-0.97</Data></Cell>
			<Cell><Data ss:Type="Number">22.7</Data></Cell>
			<Cell><Data ss:Type="Number">39.5</Data></Cell>
			<Cell><Data ss:Type="Number">0</Data></Cell>
			<Cell><Data ss:Type="Number">0</Data></Cell>
			<Cell><Data ss:Type="String">2023-12-07 16:43:28.897098</Data></Cell>
		</Row>
		<Row>
			<Cell><Data ss:Type="String">1050</Data></Cell>
			<Cell><Data ss:Type="Number">0.6</Data></Cell>
			<Cell><Data ss:Type="Number">-10.36</Data></Cell>
			<Cell><Data ss:Type="Number">0.04</Data></Cell>
			<Cell><Data ss:Type="Number">-9.51</Data></Cell>
			<Cell><Data ss:Type="Number">-0.1</Data></Cell>
			<Cell><Data ss:Type="Number">-0.93</Data></Cell>
			<Cell><Data ss:Type="Number">22.7</Data></Cell>
			<Cell><Data ss:Type="Number">39.5</Data></Cell>
			<Cell><Data ss:Type="Number">0</Data></Cell>
			<Cell><Data ss:Type="Number">0</Data></Cell>
			<Cell><Data ss:Type="String">2023-12-07 16:43:28.894593</Data></Cell>
		</Row>
		<Row>
			<Cell><Data ss:Type="String">1049</Data></Cell>
			<Cell><Data ss:Type="Number">0.76</Data></Cell>
			<Cell><Data ss:Type="Number">-9.87</Data></Cell>
			<Cell><Data ss:Type="Number">0.17</Data></Cell>
			<Cell><Data ss:Type="Number">-9.56</Data></Cell>
			<Cell><Data ss:Type="Number">-0.1</Data></Cell>
			<Cell><Data ss:Type="Number">-0.83</Data></Cell>
			<Cell><Data ss:Type="Number">22.7</Data></Cell>
			<Cell><Data ss:Type="Number">39.5</Data></Cell>
			<Cell><Data ss:Type="Number">0</Data></Cell>
			<Cell><Data ss:Type="Number">0</Data></Cell>
			<Cell><Data ss:Type="String">2023-12-07 16:43:28.850529</Data></Cell>
		</Row>
		<Row>
			<Cell><Data ss:Type="String">1048</Data></Cell>
			<Cell><Data ss:Type="Number">0.44</Data></Cell>
			<Cell><Data ss:Type="Number">-10.53</Data></Cell>
			<Cell><Data ss:Type="Number">0.01</Data></Cell>
			<Cell><Data ss:Type="Number">-9.49</Data></Cell>
			<Cell><Data ss:Type="Number">-0.1</Data></Cell>
			<Cell><Data ss:Type="Number">-0.94</Data></Cell>
			<Cell><Data ss:Type="Number">22.7</Data></Cell>
			<Cell><Data ss:Type="Number">39.5</Data></Cell>
			<Cell><Data ss:Type="Number">0</Data></Cell>
			<Cell><Data ss:Type="Number">0</Data></Cell>
			<Cell><Data ss:Type="String">2023-12-07 16:43:28.848232</Data></Cell>
		</Row>
		<Row>
			<Cell><Data ss:Type="String">1047</Data></Cell>
			<Cell><Data ss:Type="Number">0.58</Data></Cell>
			<Cell><Data ss:Type="Number">-9.93</Data></Cell>
			<Cell><Data ss:Type="Number">0.11</Data></Cell>
			<Cell><Data ss:Type="Number">-9.6</Data></Cell>
			<Cell><Data ss:Type="Number">-0.04</Data></Cell>
			<Cell><Data ss:Type="Number">-0.89</Data></Cell>
			<Cell><Data ss:Type="Number">22.7</Data></Cell>
			<Cell><Data ss:Type="Number">39.5</Data></Cell>
			<Cell><Data ss:Type="Number">0</Data></Cell>
			<Cell><Data ss:Type="Number">0</Data></Cell>
			<Cell><Data ss:Type="String">2023-12-07 16:43:28.845616</Data></Cell>
		</Row>
		<Row>
			<Cell><Data ss:Type="String">1046</Data></Cell>
			<Cell><Data ss:Type="Number">0.14</Data></Cell>
			<Cell><Data ss:Type="Number">-10.11</Data></Cell>
			<Cell><Data ss:Type="Number">0.08</Data></Cell>
			<Cell><Data ss:Type="Number">-9.34</Data></Cell>
			<Cell><Data ss:Type="Number">-0.05</Data></Cell>
			<Cell><Data ss:Type="Number">-0.99</Data></Cell>
			<Cell><Data ss:Type="Number">22.7</Data></Cell>
			<Cell><Data ss:Type="Number">39.5</Data></Cell>
			<Cell><Data ss:Type="Number">0</Data></Cell>
			<Cell><Data ss:Type="Number">0</Data></Cell>
			<Cell><Data ss:Type="String">2023-12-07 16:43:28.842657</Data></Cell>
		</Row>
		<Row>
			<Cell><Data ss:Type="String">1045</Data></Cell>
			<Cell><Data ss:Type="Number">0.3</Data></Cell>
			<Cell><Data ss:Type="Number">-10.16</Data></Cell>
			<Cell><Data ss:Type="Number">-0.15</Data></Cell>
			<Cell><Data ss:Type="Number">-9.5</Data></Cell>
			<Cell><Data ss:Type="Number">-0.1</Data></Cell>
			<Cell><Data ss:Type="Number">-0.89</Data></Cell>
			<Cell><Data ss:Type="Number">22.7</Data></Cell>
			<Cell><Data ss:Type="Number">39.5</Data></Cell>
			<Cell><Data ss:Type="Number">0</Data></Cell>
			<Cell><Data ss:Type="Number">0</Data></Cell>
			<Cell><Data ss:Type="String">2023-12-07 16:43:28.840255</Data></Cell>
		</Row>
		<Row>
			<Cell><Data ss:Type="String">1044</Data></Cell>
			<Cell><Data ss:Type="Number">0.49</Data></Cell>
			<Cell><Data ss:Type="Number">-9.93</Data></Cell>
			<Cell><Data ss:Type="Number">-0.31</Data></Cell>
			<Cell><Data ss:Type="Number">-9.56</Data></Cell>
			<Cell><Data ss:Type="Number">-0.05</Data></Cell>
			<Cell><Data ss:Type="Number">-0.91</Data></Cell>
			<Cell><Data ss:Type="Number">22.7</Data></Cell>
			<Cell><Data ss:Type="Number">39.5</Data></Cell>
			<Cell><Data ss:Type="Number">0</Data></Cell>
			<Cell><Data ss:Type="Number">0</Data></Cell>
			<Cell><Data ss:Type="String">2023-12-07 16:43:28.838384</Data></Cell>
		</Row>
		<Row>
			<Cell><Data ss:Type="String">1043</Data></Cell>
			<Cell><Data ss:Type="Number">0.6</Data></Cell>
			<Cell><Data ss:Type="Number">-10.22</Data></Cell>
			<Cell><Data ss:Type="Number">0.26</Data></Cell>
			<Cell><Data ss:Type="Number">-9.5</Data></Cell>
			<Cell><Data ss:Type="Number">-0.1</Data></Cell>
			<Cell><Data ss:Type="Number">-0.87</Data></Cell>
			<Cell><Data ss:Type="Number">22.7</Data></Cell>
			<Cell><Data ss:Type="Number">39.5</Data></Cell>
			<Cell><Data ss:Type="Number">0</Data></Cell>
			<Cell><Data ss:Type="Number">0</Data></Cell>
			<Cell><Data ss:Type="String">2023-12-07 16:43:28.836484</Data></Cell>
		</Row>
		<Row>
			<Cell><Data ss:Type="String">1042</Data></Cell>
			<Cell><Data ss:Type="Number">0.15</Data></Cell>
			<Cell><Data ss:Type="Number">-10.23</Data></Cell>
			<Cell><Data ss:Type="Number">0.04</Data></Cell>
			<Cell><Data ss:Type="Number">-9.49</Data></Cell>
			<Cell><Data ss:Type="Number">-0.05</Data></Cell>
			<Cell><Data ss:Type="Number">-0.91</Data></Cell>
			<Cell><Data ss:Type="Number">22.7</Data></Cell>
			<Cell><Data ss:Type="Number">39.5</Data></Cell>
			<Cell><Data ss:Type="Number">0</Data></Cell>
			<Cell><Data ss:Type="Number">0</Data></Cell>
			<Cell><Data ss:Type="String">2023-12-07 16:43:28.604521</Data></Cell>
		</Row>
		<Row>
			<Cell><Data ss:Type="String">1041</Data></Cell>
			<Cell><Data ss:Type="Number">0.04</Data></Cell>
			<Cell><Data ss:Type="Number">-9.51</Data></Cell>
			<Cell><Data ss:Type="Number">-0.2</Data></Cell>
			<Cell><Data ss:Type="Number">-9.27</Data></Cell>
			<Cell><Data ss:Type="Number">-0.07</Data></Cell>
			<Cell><Data ss:Type="Number">-0.96</Data></Cell>
			<Cell><Data ss:Type="Number">22.7</Data></Cell>
			<Cell><Data ss:Type="Number">39.5</Data></Cell>
			<Cell><Data ss:Type="Number">0</Data></Cell>
			<Cell><Data ss:Type="Number">0</Data></Cell>
			<Cell><Data ss:Type="String">2023-12-07 16:43:28.602564</Data></Cell>
		</Row>
		<Row>
			<Cell><Data ss:Type="String">1040</Data></Cell>
			<Cell><Data ss:Type="Number">0.39</Data></Cell>
			<Cell><Data ss:Type="Number">-9.99</Data></Cell>
			<Cell><Data ss:Type="Number">-0.11</Data></Cell>
			<Cell><Data ss:Type="Number">-9.38</Data></Cell>
			<Cell><Data ss:Type="Number">-0.1</Data></Cell>
			<Cell><Data ss:Type="Number">-0.89</Data></Cell>
			<Cell><Data ss:Type="Number">22.7</Data></Cell>
			<Cell><Data ss:Type="Number">39.5</Data></Cell>
			<Cell><Data ss:Type="Number">0</Data></Cell>
			<Cell><Data ss:Type="Number">0</Data></Cell>
			<Cell><Data ss:Type="String">2023-12-07 16:43:28.600571</Data></Cell>
		</Row>
		<Row>
			<Cell><Data ss:Type="String">1039</Data></Cell>
			<Cell><Data ss:Type="Number">0.39</Data></Cell>
			<Cell><Data ss:Type="Number">-9.93</Data></Cell>
			<Cell><Data ss:Type="Number">0.04</Data></Cell>
			<Cell><Data ss:Type="Number">-9.49</Data></Cell>
			<Cell><Data ss:Type="Number">-0.13</Data></Cell>
			<Cell><Data ss:Type="Number">-0.94</Data></Cell>
			<Cell><Data ss:Type="Number">22.7</Data></Cell>
			<Cell><Data ss:Type="Number">39.5</Data></Cell>
			<Cell><Data ss:Type="Number">0</Data></Cell>
			<Cell><Data ss:Type="Number">0</Data></Cell>
			<Cell><Data ss:Type="String">2023-12-07 16:43:28.598353</Data></Cell>
		</Row>
		<Row>
			<Cell><Data ss:Type="String">1038</Data></Cell>
			<Cell><Data ss:Type="Number">-0.17</Data></Cell>
			<Cell><Data ss:Type="Number">-10.04</Data></Cell>
			<Cell><Data ss:Type="Number">-0.16</Data></Cell>
			<Cell><Data ss:Type="Number">-9.69</Data></Cell>
			<Cell><Data ss:Type="Number">-0.06</Data></Cell>
			<Cell><Data ss:Type="Number">-0.84</Data></Cell>
			<Cell><Data ss:Type="Number">22.7</Data></Cell>
			<Cell><Data ss:Type="Number">39.5</Data></Cell>
			<Cell><Data ss:Type="Number">0</Data></Cell>
			<Cell><Data ss:Type="Number">0</Data></Cell>
			<Cell><Data ss:Type="String">2023-12-07 16:43:28.468392</Data></Cell>
		</Row>
		<Row>
			<Cell><Data ss:Type="String">1037</Data></Cell>
			<Cell><Data ss:Type="Number">0.14</Data></Cell>
			<Cell><Data ss:Type="Number">-9.43</Data></Cell>
			<Cell><Data ss:Type="Number">-0.06</Data></Cell>
			<Cell><Data ss:Type="Number">-9.31</Data></Cell>
			<Cell><Data ss:Type="Number">-0.04</Data></Cell>
			<Cell><Data ss:Type="Number">-0.94</Data></Cell>
			<Cell><Data ss:Type="Number">22.7</Data></Cell>
			<Cell><Data ss:Type="Number">39.5</Data></Cell>
			<Cell><Data ss:Type="Number">0</Data></Cell>
			<Cell><Data ss:Type="Number">0</Data></Cell>
			<Cell><Data ss:Type="String">2023-12-07 16:43:28.466310</Data></Cell>
		</Row>
		<Row>
			<Cell><Data ss:Type="String">1036</Data></Cell>
			<Cell><Data ss:Type="Number">0.28</Data></Cell>
			<Cell><Data ss:Type="Number">-10.04</Data></Cell>
			<Cell><Data ss:Type="Number">0.29</Data></Cell>
			<Cell><Data ss:Type="Number">-9.54</Data></Cell>
			<Cell><Data ss:Type="Number">-0.01</Data></Cell>
			<Cell><Data ss:Type="Number">-0.92</Data></Cell>
			<Cell><Data ss:Type="Number">22.7</Data></Cell>
			<Cell><Data ss:Type="Number">39.5</Data></Cell>
			<Cell><Data ss:Type="Number">0</Data></Cell>
			<Cell><Data ss:Type="Number">0</Data></Cell>
			<Cell><Data ss:Type="String">2023-12-07 16:43:28.423435</Data></Cell>
		</Row>
		<Row>
			<Cell><Data ss:Type="String">1035</Data></Cell>
			<Cell><Data ss:Type="Number">0.25</Data></Cell>
			<Cell><Data ss:Type="Number">-9.91</Data></Cell>
			<Cell><Data ss:Type="Number">0.44</Data></Cell>
			<Cell><Data ss:Type="Number">-9.33</Data></Cell>
			<Cell><Data ss:Type="Number">0.03</Data></Cell>
			<Cell><Data ss:Type="Number">-0.9</Data></Cell>
			<Cell><Data ss:Type="Number">22.7</Data></Cell>
			<Cell><Data ss:Type="Number">39.5</Data></Cell>
			<Cell><Data ss:Type="Number">0</Data></Cell>
			<Cell><Data ss:Type="Number">0</Data></Cell>
			<Cell><Data ss:Type="String">2023-12-07 16:43:28.374374</Data></Cell>
		</Row>
		<Row>
			<Cell><Data ss:Type="String">1034</Data></Cell>
			<Cell><Data ss:Type="Number">0.6</Data></Cell>
			<Cell><Data ss:Type="Number">-10.3</Data></Cell>
			<Cell><Data ss:Type="Number">-0.08</Data></Cell>
			<Cell><Data ss:Type="Number">-9.5</Data></Cell>
			<Cell><Data ss:Type="Number">-0.11</Data></Cell>
			<Cell><Data ss:Type="Number">-0.9</Data></Cell>
			<Cell><Data ss:Type="Number">22.7</Data></Cell>
			<Cell><Data ss:Type="Number">39.5</Data></Cell>
			<Cell><Data ss:Type="Number">0</Data></Cell>
			<Cell><Data ss:Type="Number">0</Data></Cell>
			<Cell><Data ss:Type="String">2023-12-07 16:43:28.331264</Data></Cell>
		</Row>
		<Row>
			<Cell><Data ss:Type="String">1033</Data></Cell>
			<Cell><Data ss:Type="Number">0.46</Data></Cell>
			<Cell><Data ss:Type="Number">-10.31</Data></Cell>
			<Cell><Data ss:Type="Number">0.27</Data></Cell>
			<Cell><Data ss:Type="Number">-9.56</Data></Cell>
			<Cell><Data ss:Type="Number">-0.11</Data></Cell>
			<Cell><Data ss:Type="Number">-0.93</Data></Cell>
			<Cell><Data ss:Type="Number">22.7</Data></Cell>
			<Cell><Data ss:Type="Number">39.5</Data></Cell>
			<Cell><Data ss:Type="Number">0</Data></Cell>
			<Cell><Data ss:Type="Number">0</Data></Cell>
			<Cell><Data ss:Type="String">2023-12-07 16:43:28.329432</Data></Cell>
		</Row>
		<Row>
			<Cell><Data ss:Type="String">1032</Data></Cell>
			<Cell><Data ss:Type="Number">0.63</Data></Cell>
			<Cell><Data ss:Type="Number">-9.59</Data></Cell>
			<Cell><Data ss:Type="Number">0.57</Data></Cell>
			<Cell><Data ss:Type="Number">-9.45</Data></Cell>
			<Cell><Data ss:Type="Number">-0.09</Data></Cell>
			<Cell><Data ss:Type="Number">-0.81</Data></Cell>
			<Cell><Data ss:Type="Number">22.7</Data></Cell>
			<Cell><Data ss:Type="Number">39.5</Data></Cell>
			<Cell><Data ss:Type="Number">0</Data></Cell>
			<Cell><Data ss:Type="Number">0</Data></Cell>
			<Cell><Data ss:Type="String">2023-12-07 16:43:28.283034</Data></Cell>
		</Row>
		<Row>
			<Cell><Data ss:Type="String">1031</Data></Cell>
			<Cell><Data ss:Type="Number">0.18</Data></Cell>
			<Cell><Data ss:Type="Number">-9.87</Data></Cell>
			<Cell><Data ss:Type="Number">-0.13</Data></Cell>
			<Cell><Data ss:Type="Number">-9.27</Data></Cell>
			<Cell><Data ss:Type="Number">0.02</Data></Cell>
			<Cell><Data ss:Type="Number">-0.95</Data></Cell>
			<Cell><Data ss:Type="Number">22.7</Data></Cell>
			<Cell><Data ss:Type="Number">39.5</Data></Cell>
			<Cell><Data ss:Type="Number">0</Data></Cell>
			<Cell><Data ss:Type="Number">0</Data></Cell>
			<Cell><Data ss:Type="String">2023-12-07 16:43:28.239918</Data></Cell>
		</Row>
		<Row>
			<Cell><Data ss:Type="String">1030</Data></Cell>
			<Cell><Data ss:Type="Number">0.51</Data></Cell>
			<Cell><Data ss:Type="Number">-10.43</Data></Cell>
			<Cell><Data ss:Type="Number">0.09</Data></Cell>
			<Cell><Data ss:Type="Number">-9.55</Data></Cell>
			<Cell><Data ss:Type="Number">-0.14</Data></Cell>
			<Cell><Data ss:Type="Number">-0.98</Data></Cell>
			<Cell><Data ss:Type="Number">22.7</Data></Cell>
			<Cell><Data ss:Type="Number">39.5</Data></Cell>
			<Cell><Data ss:Type="Number">0</Data></Cell>
			<Cell><Data ss:Type="Number">0</Data></Cell>
			<Cell><Data ss:Type="String">2023-12-07 16:43:28.187666</Data></Cell>
		</Row>
		<Row>
			<Cell><Data ss:Type="String">1029</Data></Cell>
			<Cell><Data ss:Type="Number">0.49</Data></Cell>
			<Cell><Data ss:Type="Number">-10.18</Data></Cell>
			<Cell><Data ss:Type="Number">0.46</Data></Cell>
			<Cell><Data ss:Type="Number">-9.48</Data></Cell>
			<Cell><Data ss:Type="Number">-0.09</Data></Cell>
			<Cell><Data ss:Type="Number">-0.84</Data></Cell>
			<Cell><Data ss:Type="Number">22.7</Data></Cell>
			<Cell><Data ss:Type="Number">39.5</Data></Cell>
			<Cell><Data ss:Type="Number">0</Data></Cell>
			<Cell><Data ss:Type="Number">0</Data></Cell>
			<Cell><Data ss:Type="String">2023-12-07 16:43:28.185814</Data></Cell>
		</Row>
		<Row>
			<Cell><Data ss:Type="String">1028</Data></Cell>
			<Cell><Data ss:Type="Number">0</Data></Cell>
			<Cell><Data ss:Type="Number">-10.71</Data></Cell>
			<Cell><Data ss:Type="Number">-0.17</Data></Cell>
			<Cell><Data ss:Type="Number">-9.61</Data></Cell>
			<Cell><Data ss:Type="Number">-0.04</Data></Cell>
			<Cell><Data ss:Type="Number">-0.92</Data></Cell>
			<Cell><Data ss:Type="Number">22.7</Data></Cell>
			<Cell><Data ss:Type="Number">39.5</Data></Cell>
			<Cell><Data ss:Type="Number">0</Data></Cell>
			<Cell><Data ss:Type="Number">0</Data></Cell>
			<Cell><Data ss:Type="String">2023-12-07 16:43:28.184284</Data></Cell>
		</Row>
		<Row>
			<Cell><Data ss:Type="String">1027</Data></Cell>
			<Cell><Data ss:Type="Number">0.25</Data></Cell>
			<Cell><Data ss:Type="Number">-9.78</Data></Cell>
			<Cell><Data ss:Type="Number">0.24</Data></Cell>
			<Cell><Data ss:Type="Number">-9.39</Data></Cell>
			<Cell><Data ss:Type="Number">0.04</Data></Cell>
			<Cell><Data ss:Type="Number">-0.96</Data></Cell>
			<Cell><Data ss:Type="Number">22.7</Data></Cell>
			<Cell><Data ss:Type="Number">39.5</Data></Cell>
			<Cell><Data ss:Type="Number">0</Data></Cell>
			<Cell><Data ss:Type="Number">0</Data></Cell>
			<Cell><Data ss:Type="String">2023-12-07 16:43:28.182554</Data></Cell>
		</Row>
		<Row>
			<Cell><Data ss:Type="String">1026</Data></Cell>
			<Cell><Data ss:Type="Number">1.08</Data></Cell>
			<Cell><Data ss:Type="Number">-10.12</Data></Cell>
			<Cell><Data ss:Type="Number">0.59</Data></Cell>
			<Cell><Data ss:Type="Number">-9.49</Data></Cell>
			<Cell><Data ss:Type="Number">-0.62</Data></Cell>
			<Cell><Data ss:Type="Number">-0.85</Data></Cell>
			<Cell><Data ss:Type="Number">22.7</Data></Cell>
			<Cell><Data ss:Type="Number">39.5</Data></Cell>
			<Cell><Data ss:Type="Number">0</Data></Cell>
			<Cell><Data ss:Type="Number">0</Data></Cell>
			<Cell><Data ss:Type="String">2023-12-07 16:43:28.180461</Data></Cell>
		</Row>
		<Row>
			<Cell><Data ss:Type="String">1025</Data></Cell>
			<Cell><Data ss:Type="Number">-1.36</Data></Cell>
			<Cell><Data ss:Type="Number">-10.33</Data></Cell>
			<Cell><Data ss:Type="Number">-0.24</Data></Cell>
			<Cell><Data ss:Type="Number">-9.62</Data></Cell>
			<Cell><Data ss:Type="Number">-0.1</Data></Cell>
			<Cell><Data ss:Type="Number">-0.9</Data></Cell>
			<Cell><Data ss:Type="Number">22.7</Data></Cell>
			<Cell><Data ss:Type="Number">39.5</Data></Cell>
			<Cell><Data ss:Type="Number">0</Data></Cell>
			<Cell><Data ss:Type="Number">0</Data></Cell>
			<Cell><Data ss:Type="String">2023-12-07 16:43:27.963832</Data></Cell>
		</Row>
		<Row>
			<Cell><Data ss:Type="String">1024</Data></Cell>
			<Cell><Data ss:Type="Number">-1.38</Data></Cell>
			<Cell><Data ss:Type="Number">-9.81</Data></Cell>
			<Cell><Data ss:Type="Number">-0.61</Data></Cell>
			<Cell><Data ss:Type="Number">-9.29</Data></Cell>
			<Cell><Data ss:Type="Number">0.7</Data></Cell>
			<Cell><Data ss:Type="Number">-1.05</Data></Cell>
			<Cell><Data ss:Type="Number">22.7</Data></Cell>
			<Cell><Data ss:Type="Number">39.5</Data></Cell>
			<Cell><Data ss:Type="Number">0</Data></Cell>
			<Cell><Data ss:Type="Number">0</Data></Cell>
			<Cell><Data ss:Type="String">2023-12-07 16:43:27.961351</Data></Cell>
		</Row>
		<Row>
			<Cell><Data ss:Type="String">1023</Data></Cell>
			<Cell><Data ss:Type="Number">0.03</Data></Cell>
			<Cell><Data ss:Type="Number">-9.55</Data></Cell>
			<Cell><Data ss:Type="Number">-0.11</Data></Cell>
			<Cell><Data ss:Type="Number">-9.24</Data></Cell>
			<Cell><Data ss:Type="Number">0.35</Data></Cell>
			<Cell><Data ss:Type="Number">-0.91</Data></Cell>
			<Cell><Data ss:Type="Number">22.7</Data></Cell>
			<Cell><Data ss:Type="Number">39.5</Data></Cell>
			<Cell><Data ss:Type="Number">0</Data></Cell>
			<Cell><Data ss:Type="Number">0</Data></Cell>
			<Cell><Data ss:Type="String">2023-12-07 16:43:27.921236</Data></Cell>
		</Row>
		<Row>
			<Cell><Data ss:Type="String">1022</Data></Cell>
			<Cell><Data ss:Type="Number">0.37</Data></Cell>
			<Cell><Data ss:Type="Number">-11.04</Data></Cell>
			<Cell><Data ss:Type="Number">1.62</Data></Cell>
			<Cell><Data ss:Type="Number">-10.3</Data></Cell>
			<Cell><Data ss:Type="Number">-2.05</Data></Cell>
			<Cell><Data ss:Type="Number">-0.64</Data></Cell>
			<Cell><Data ss:Type="Number">22.7</Data></Cell>
			<Cell><Data ss:Type="Number">39.5</Data></Cell>
			<Cell><Data ss:Type="Number">0</Data></Cell>
			<Cell><Data ss:Type="Number">0</Data></Cell>
			<Cell><Data ss:Type="String">2023-12-07 16:43:27.919444</Data></Cell>
		</Row>
		<Row>
			<Cell><Data ss:Type="String">1021</Data></Cell>
			<Cell><Data ss:Type="Number">0.31</Data></Cell>
			<Cell><Data ss:Type="Number">-10.09</Data></Cell>
			<Cell><Data ss:Type="Number">-0.03</Data></Cell>
			<Cell><Data ss:Type="Number">-9.54</Data></Cell>
			<Cell><Data ss:Type="Number">-0.08</Data></Cell>
			<Cell><Data ss:Type="Number">-0.89</Data></Cell>
			<Cell><Data ss:Type="Number">22.7</Data></Cell>
			<Cell><Data ss:Type="Number">39.5</Data></Cell>
			<Cell><Data ss:Type="Number">0</Data></Cell>
			<Cell><Data ss:Type="Number">0</Data></Cell>
			<Cell><Data ss:Type="String">2023-12-07 16:43:27.917916</Data></Cell>
		</Row>
		<Row>
			<Cell><Data ss:Type="String">1020</Data></Cell>
			<Cell><Data ss:Type="Number">0.28</Data></Cell>
			<Cell><Data ss:Type="Number">-10.12</Data></Cell>
			<Cell><Data ss:Type="Number">0.21</Data></Cell>
			<Cell><Data ss:Type="Number">-9.52</Data></Cell>
			<Cell><Data ss:Type="Number">-0.08</Data></Cell>
			<Cell><Data ss:Type="Number">-0.89</Data></Cell>
			<Cell><Data ss:Type="Number">22.7</Data></Cell>
			<Cell><Data ss:Type="Number">39.5</Data></Cell>
			<Cell><Data ss:Type="Number">0</Data></Cell>
			<Cell><Data ss:Type="Number">0</Data></Cell>
			<Cell><Data ss:Type="String">2023-12-07 16:43:27.916246</Data></Cell>
		</Row>
		<Row>
			<Cell><Data ss:Type="String">1019</Data></Cell>
			<Cell><Data ss:Type="Number">0.28</Data></Cell>
			<Cell><Data ss:Type="Number">-10.02</Data></Cell>
			<Cell><Data ss:Type="Number">0.14</Data></Cell>
			<Cell><Data ss:Type="Number">-9.46</Data></Cell>
			<Cell><Data ss:Type="Number">-0.08</Data></Cell>
			<Cell><Data ss:Type="Number">-0.91</Data></Cell>
			<Cell><Data ss:Type="Number">22.7</Data></Cell>
			<Cell><Data ss:Type="Number">39.5</Data></Cell>
			<Cell><Data ss:Type="Number">0</Data></Cell>
			<Cell><Data ss:Type="Number">0</Data></Cell>
			<Cell><Data ss:Type="String">2023-12-07 16:43:27.914601</Data></Cell>
		</Row>
		<Row>
			<Cell><Data ss:Type="String">1018</Data></Cell>
			<Cell><Data ss:Type="Number">0.28</Data></Cell>
			<Cell><Data ss:Type="Number">-10.01</Data></Cell>
			<Cell><Data ss:Type="Number">0.13</Data></Cell>
			<Cell><Data ss:Type="Number">-9.43</Data></Cell>
			<Cell><Data ss:Type="Number">-0.07</Data></Cell>
			<Cell><Data ss:Type="Number">-0.92</Data></Cell>
			<Cell><Data ss:Type="Number">22.7</Data></Cell>
			<Cell><Data ss:Type="Number">39.5</Data></Cell>
			<Cell><Data ss:Type="Number">0</Data></Cell>
			<Cell><Data ss:Type="Number">0</Data></Cell>
			<Cell><Data ss:Type="String">2023-12-07 16:43:27.912562</Data></Cell>
		</Row>
		<Row>
			<Cell><Data ss:Type="String">1017</Data></Cell>
			<Cell><Data ss:Type="Number">0.25</Data></Cell>
			<Cell><Data ss:Type="Number">-9.98</Data></Cell>
			<Cell><Data ss:Type="Number">0.08</Data></Cell>
			<Cell><Data ss:Type="Number">-9.46</Data></Cell>
			<Cell><Data ss:Type="Number">-0.09</Data></Cell>
			<Cell><Data ss:Type="Number">-0.89</Data></Cell>
			<Cell><Data ss:Type="Number">22.7</Data></Cell>
			<Cell><Data ss:Type="Number">39.5</Data></Cell>
			<Cell><Data ss:Type="Number">0</Data></Cell>
			<Cell><Data ss:Type="Number">0</Data></Cell>
			<Cell><Data ss:Type="String">2023-12-07 16:43:27.907175</Data></Cell>
		</Row>
		<Row>
			<Cell><Data ss:Type="String">1016</Data></Cell>
			<Cell><Data ss:Type="Number">0.26</Data></Cell>
			<Cell><Data ss:Type="Number">-10.15</Data></Cell>
			<Cell><Data ss:Type="Number">0.14</Data></Cell>
			<Cell><Data ss:Type="Number">-9.54</Data></Cell>
			<Cell><Data ss:Type="Number">-0.08</Data></Cell>
			<Cell><Data ss:Type="Number">-0.9</Data></Cell>
			<Cell><Data ss:Type="Number">22.7</Data></Cell>
			<Cell><Data ss:Type="Number">39.5</Data></Cell>
			<Cell><Data ss:Type="Number">0</Data></Cell>
			<Cell><Data ss:Type="Number">0</Data></Cell>
			<Cell><Data ss:Type="String">2023-12-07 16:43:27.678227</Data></Cell>
		</Row>
		<Row>
			<Cell><Data ss:Type="String">1015</Data></Cell>
			<Cell><Data ss:Type="Number">0.29</Data></Cell>
			<Cell><Data ss:Type="Number">-10.08</Data></Cell>
			<Cell><Data ss:Type="Number">0.02</Data></Cell>
			<Cell><Data ss:Type="Number">-9.5</Data></Cell>
			<Cell><Data ss:Type="Number">-0.09</Data></Cell>
			<Cell><Data ss:Type="Number">-0.91</Data></Cell>
			<Cell><Data ss:Type="Number">22.7</Data></Cell>
			<Cell><Data ss:Type="Number">39.5</Data></Cell>
			<Cell><Data ss:Type="Number">0</Data></Cell>
			<Cell><Data ss:Type="Number">0</Data></Cell>
			<Cell><Data ss:Type="String">2023-12-07 16:43:27.618501</Data></Cell>
		</Row>
		<Row>
			<Cell><Data ss:Type="String">1014</Data></Cell>
			<Cell><Data ss:Type="Number">0.27</Data></Cell>
			<Cell><Data ss:Type="Number">-10.17</Data></Cell>
			<Cell><Data ss:Type="Number">0.11</Data></Cell>
			<Cell><Data ss:Type="Number">-9.54</Data></Cell>
			<Cell><Data ss:Type="Number">-0.06</Data></Cell>
			<Cell><Data ss:Type="Number">-0.9</Data></Cell>
			<Cell><Data ss:Type="Number">22.7</Data></Cell>
			<Cell><Data ss:Type="Number">39.5</Data></Cell>
			<Cell><Data ss:Type="Number">0</Data></Cell>
			<Cell><Data ss:Type="Number">0</Data></Cell>
			<Cell><Data ss:Type="String">2023-12-07 16:43:27.616806</Data></Cell>
		</Row>
		<Row>
			<Cell><Data ss:Type="String">1013</Data></Cell>
			<Cell><Data ss:Type="Number">0.31</Data></Cell>
			<Cell><Data ss:Type="Number">-10.2</Data></Cell>
			<Cell><Data ss:Type="Number">0.2</Data></Cell>
			<Cell><Data ss:Type="Number">-9.53</Data></Cell>
			<Cell><Data ss:Type="Number">-0.08</Data></Cell>
			<Cell><Data ss:Type="Number">-0.91</Data></Cell>
			<Cell><Data ss:Type="Number">22.7</Data></Cell>
			<Cell><Data ss:Type="Number">39.5</Data></Cell>
			<Cell><Data ss:Type="Number">0</Data></Cell>
			<Cell><Data ss:Type="Number">0</Data></Cell>
			<Cell><Data ss:Type="String">2023-12-07 16:43:27.615126</Data></Cell>
		</Row>
		<Row>
			<Cell><Data ss:Type="String">1012</Data></Cell>
			<Cell><Data ss:Type="Number">0.2</Data></Cell>
			<Cell><Data ss:Type="Number">-10.18</Data></Cell>
			<Cell><Data ss:Type="Number">0.07</Data></Cell>
			<Cell><Data ss:Type="Number">-9.51</Data></Cell>
			<Cell><Data ss:Type="Number">-0.06</Data></Cell>
			<Cell><Data ss:Type="Number">-0.91</Data></Cell>
			<Cell><Data ss:Type="Number">22.7</Data></Cell>
			<Cell><Data ss:Type="Number">39.5</Data></Cell>
			<Cell><Data ss:Type="Number">0</Data></Cell>
			<Cell><Data ss:Type="Number">0</Data></Cell>
			<Cell><Data ss:Type="String">2023-12-07 16:43:27.612839</Data></Cell>
		</Row>
		<Row>
			<Cell><Data ss:Type="String">1011</Data></Cell>
			<Cell><Data ss:Type="Number">0.3</Data></Cell>
			<Cell><Data ss:Type="Number">-9.9</Data></Cell>
			<Cell><Data ss:Type="Number">0.08</Data></Cell>
			<Cell><Data ss:Type="Number">-9.43</Data></Cell>
			<Cell><Data ss:Type="Number">-0.07</Data></Cell>
			<Cell><Data ss:Type="Number">-0.92</Data></Cell>
			<Cell><Data ss:Type="Number">22.7</Data></Cell>
			<Cell><Data ss:Type="Number">39.5</Data></Cell>
			<Cell><Data ss:Type="Number">0</Data></Cell>
			<Cell><Data ss:Type="Number">0</Data></Cell>
			<Cell><Data ss:Type="String">2023-12-07 16:43:27.610166</Data></Cell>
		</Row>
		<Row>
			<Cell><Data ss:Type="String">1010</Data></Cell>
			<Cell><Data ss:Type="Number">0.32</Data></Cell>
			<Cell><Data ss:Type="Number">-9.98</Data></Cell>
			<Cell><Data ss:Type="Number">0.1</Data></Cell>
			<Cell><Data ss:Type="Number">-9.46</Data></Cell>
			<Cell><Data ss:Type="Number">-0.07</Data></Cell>
			<Cell><Data ss:Type="Number">-0.93</Data></Cell>
			<Cell><Data ss:Type="Number">22.7</Data></Cell>
			<Cell><Data ss:Type="Number">39.5</Data></Cell>
			<Cell><Data ss:Type="Number">0</Data></Cell>
			<Cell><Data ss:Type="Number">0</Data></Cell>
			<Cell><Data ss:Type="String">2023-12-07 16:43:27.608054</Data></Cell>
		</Row>
		<Row>
			<Cell><Data ss:Type="String">1009</Data></Cell>
			<Cell><Data ss:Type="Number">0.27</Data></Cell>
			<Cell><Data ss:Type="Number">-10.07</Data></Cell>
			<Cell><Data ss:Type="Number">0.11</Data></Cell>
			<Cell><Data ss:Type="Number">-9.49</Data></Cell>
			<Cell><Data ss:Type="Number">-0.08</Data></Cell>
			<Cell><Data ss:Type="Number">-0.93</Data></Cell>
			<Cell><Data ss:Type="Number">22.7</Data></Cell>
			<Cell><Data ss:Type="Number">39.5</Data></Cell>
			<Cell><Data ss:Type="Number">0</Data></Cell>
			<Cell><Data ss:Type="Number">0</Data></Cell>
			<Cell><Data ss:Type="String">2023-12-07 16:43:27.606143</Data></Cell>
		</Row>
		<Row>
			<Cell><Data ss:Type="String">1008</Data></Cell>
			<Cell><Data ss:Type="Number">0.33</Data></Cell>
			<Cell><Data ss:Type="Number">-10.18</Data></Cell>
			<Cell><Data ss:Type="Number">0.14</Data></Cell>
			<Cell><Data ss:Type="Number">-9.51</Data></Cell>
			<Cell><Data ss:Type="Number">-0.09</Data></Cell>
			<Cell><Data ss:Type="Number">-0.91</Data></Cell>
			<Cell><Data ss:Type="Number">22.7</Data></Cell>
			<Cell><Data ss:Type="Number">39.5</Data></Cell>
			<Cell><Data ss:Type="Number">0</Data></Cell>
			<Cell><Data ss:Type="Number">0</Data></Cell>
			<Cell><Data ss:Type="String">2023-12-07 16:43:27.603916</Data></Cell>
		</Row>
		<Row>
			<Cell><Data ss:Type="String">1007</Data></Cell>
			<Cell><Data ss:Type="Number">0.28</Data></Cell>
			<Cell><Data ss:Type="Number">-10.16</Data></Cell>
			<Cell><Data ss:Type="Number">0.21</Data></Cell>
			<Cell><Data ss:Type="Number">-9.53</Data></Cell>
			<Cell><Data ss:Type="Number">-0.07</Data></Cell>
			<Cell><Data ss:Type="Number">-0.9</Data></Cell>
			<Cell><Data ss:Type="Number">22.7</Data></Cell>
			<Cell><Data ss:Type="Number">39.5</Data></Cell>
			<Cell><Data ss:Type="Number">0</Data></Cell>
			<Cell><Data ss:Type="Number">0</Data></Cell>
			<Cell><Data ss:Type="String">2023-12-07 16:43:27.380151</Data></Cell>
		</Row>
		<Row>
			<Cell><Data ss:Type="String">1006</Data></Cell>
			<Cell><Data ss:Type="Number">0.27</Data></Cell>
			<Cell><Data ss:Type="Number">-10.07</Data></Cell>
			<Cell><Data ss:Type="Number">0.15</Data></Cell>
			<Cell><Data ss:Type="Number">-9.47</Data></Cell>
			<Cell><Data ss:Type="Number">-0.08</Data></Cell>
			<Cell><Data ss:Type="Number">-0.91</Data></Cell>
			<Cell><Data ss:Type="Number">22.7</Data></Cell>
			<Cell><Data ss:Type="Number">39.5</Data></Cell>
			<Cell><Data ss:Type="Number">0</Data></Cell>
			<Cell><Data ss:Type="Number">0</Data></Cell>
			<Cell><Data ss:Type="String">2023-12-07 16:43:27.377406</Data></Cell>
		</Row>
		<Row>
			<Cell><Data ss:Type="String">1005</Data></Cell>
			<Cell><Data ss:Type="Number">0.29</Data></Cell>
			<Cell><Data ss:Type="Number">-9.98</Data></Cell>
			<Cell><Data ss:Type="Number">0.13</Data></Cell>
			<Cell><Data ss:Type="Number">-9.41</Data></Cell>
			<Cell><Data ss:Type="Number">-0.07</Data></Cell>
			<Cell><Data ss:Type="Number">-0.96</Data></Cell>
			<Cell><Data ss:Type="Number">22.7</Data></Cell>
			<Cell><Data ss:Type="Number">39.5</Data></Cell>
			<Cell><Data ss:Type="Number">0</Data></Cell>
			<Cell><Data ss:Type="Number">0</Data></Cell>
			<Cell><Data ss:Type="String">2023-12-07 16:43:27.374990</Data></Cell>
		</Row>
		<Row>
			<Cell><Data ss:Type="String">1004</Data></Cell>
			<Cell><Data ss:Type="Number">0.31</Data></Cell>
			<Cell><Data ss:Type="Number">-10.02</Data></Cell>
			<Cell><Data ss:Type="Number">0.12</Data></Cell>
			<Cell><Data ss:Type="Number">-9.46</Data></Cell>
			<Cell><Data ss:Type="Number">-0.07</Data></Cell>
			<Cell><Data ss:Type="Number">-0.94</Data></Cell>
			<Cell><Data ss:Type="Number">22.7</Data></Cell>
			<Cell><Data ss:Type="Number">39.5</Data></Cell>
			<Cell><Data ss:Type="Number">0</Data></Cell>
			<Cell><Data ss:Type="Number">0</Data></Cell>
			<Cell><Data ss:Type="String">2023-12-07 16:43:27.372980</Data></Cell>
		</Row>
		<Row>
			<Cell><Data ss:Type="String">1003</Data></Cell>
			<Cell><Data ss:Type="Number">0.3</Data></Cell>
			<Cell><Data ss:Type="Number">-10.01</Data></Cell>
			<Cell><Data ss:Type="Number">0.14</Data></Cell>
			<Cell><Data ss:Type="Number">-9.49</Data></Cell>
			<Cell><Data ss:Type="Number">-0.07</Data></Cell>
			<Cell><Data ss:Type="Number">-0.93</Data></Cell>
			<Cell><Data ss:Type="Number">22.7</Data></Cell>
			<Cell><Data ss:Type="Number">39.5</Data></Cell>
			<Cell><Data ss:Type="Number">0</Data></Cell>
			<Cell><Data ss:Type="Number">0</Data></Cell>
			<Cell><Data ss:Type="String">2023-12-07 16:43:27.371229</Data></Cell>
		</Row>
		<Row>
			<Cell><Data ss:Type="String">1002</Data></Cell>
			<Cell><Data ss:Type="Number">0.3</Data></Cell>
			<Cell><Data ss:Type="Number">-10.24</Data></Cell>
			<Cell><Data ss:Type="Number">0.21</Data></Cell>
			<Cell><Data ss:Type="Number">-9.53</Data></Cell>
			<Cell><Data ss:Type="Number">-0.06</Data></Cell>
			<Cell><Data ss:Type="Number">-0.88</Data></Cell>
			<Cell><Data ss:Type="Number">22.7</Data></Cell>
			<Cell><Data ss:Type="Number">39.5</Data></Cell>
			<Cell><Data ss:Type="Number">0</Data></Cell>
			<Cell><Data ss:Type="Number">0</Data></Cell>
			<Cell><Data ss:Type="String">2023-12-07 16:43:27.369028</Data></Cell>
		</Row>
		<Row>
			<Cell><Data ss:Type="String">1001</Data></Cell>
			<Cell><Data ss:Type="Number">0.25</Data></Cell>
			<Cell><Data ss:Type="Number">-10.11</Data></Cell>
			<Cell><Data ss:Type="Number">0.25</Data></Cell>
			<Cell><Data ss:Type="Number">-9.48</Data></Cell>
			<Cell><Data ss:Type="Number">-0.06</Data></Cell>
			<Cell><Data ss:Type="Number">-0.91</Data></Cell>
			<Cell><Data ss:Type="Number">22.7</Data></Cell>
			<Cell><Data ss:Type="Number">39.5</Data></Cell>
			<Cell><Data ss:Type="Number">0</Data></Cell>
			<Cell><Data ss:Type="Number">0</Data></Cell>
			<Cell><Data ss:Type="String">2023-12-07 16:43:27.163090</Data></Cell>
		</Row>
		<Row>
			<Cell><Data ss:Type="String">1000</Data></Cell>
			<Cell><Data ss:Type="Number">0.25</Data></Cell>
			<Cell><Data ss:Type="Number">-9.97</Data></Cell>
			<Cell><Data ss:Type="Number">0.05</Data></Cell>
			<Cell><Data ss:Type="Number">-9.44</Data></Cell>
			<Cell><Data ss:Type="Number">-0.07</Data></Cell>
			<Cell><Data ss:Type="Number">-0.93</Data></Cell>
			<Cell><Data ss:Type="Number">22.7</Data></Cell>
			<Cell><Data ss:Type="Number">39.5</Data></Cell>
			<Cell><Data ss:Type="Number">0</Data></Cell>
			<Cell><Data ss:Type="Number">0</Data></Cell>
			<Cell><Data ss:Type="String">2023-12-07 16:43:27.117541</Data></Cell>
		</Row>
		<Row>
			<Cell><Data ss:Type="String">999</Data></Cell>
			<Cell><Data ss:Type="Number">0.25</Data></Cell>
			<Cell><Data ss:Type="Number">-9.97</Data></Cell>
			<Cell><Data ss:Type="Number">0.08</Data></Cell>
			<Cell><Data ss:Type="Number">-9.49</Data></Cell>
			<Cell><Data ss:Type="Number">-0.08</Data></Cell>
			<Cell><Data ss:Type="Number">-0.93</Data></Cell>
			<Cell><Data ss:Type="Number">22.7</Data></Cell>
			<Cell><Data ss:Type="Number">39.5</Data></Cell>
			<Cell><Data ss:Type="Number">0</Data></Cell>
			<Cell><Data ss:Type="Number">0</Data></Cell>
			<Cell><Data ss:Type="String">2023-12-07 16:43:27.115844</Data></Cell>
		</Row>
		<Row>
			<Cell><Data ss:Type="String">998</Data></Cell>
			<Cell><Data ss:Type="Number">0.29</Data></Cell>
			<Cell><Data ss:Type="Number">-10.18</Data></Cell>
			<Cell><Data ss:Type="Number">0.18</Data></Cell>
			<Cell><Data ss:Type="Number">-9.53</Data></Cell>
			<Cell><Data ss:Type="Number">-0.06</Data></Cell>
			<Cell><Data ss:Type="Number">-0.91</Data></Cell>
			<Cell><Data ss:Type="Number">22.7</Data></Cell>
			<Cell><Data ss:Type="Number">39.5</Data></Cell>
			<Cell><Data ss:Type="Number">0</Data></Cell>
			<Cell><Data ss:Type="Number">0</Data></Cell>
			<Cell><Data ss:Type="String">2023-12-07 16:43:27.070468</Data></Cell>
		</Row>
		<Row>
			<Cell><Data ss:Type="String">997</Data></Cell>
			<Cell><Data ss:Type="Number">0.3</Data></Cell>
			<Cell><Data ss:Type="Number">-10.22</Data></Cell>
			<Cell><Data ss:Type="Number">0.16</Data></Cell>
			<Cell><Data ss:Type="Number">-9.51</Data></Cell>
			<Cell><Data ss:Type="Number">-0.07</Data></Cell>
			<Cell><Data ss:Type="Number">-0.91</Data></Cell>
			<Cell><Data ss:Type="Number">22.7</Data></Cell>
			<Cell><Data ss:Type="Number">39.5</Data></Cell>
			<Cell><Data ss:Type="Number">0</Data></Cell>
			<Cell><Data ss:Type="Number">0</Data></Cell>
			<Cell><Data ss:Type="String">2023-12-07 16:43:27.024173</Data></Cell>
		</Row>
		<Row>
			<Cell><Data ss:Type="String">996</Data></Cell>
			<Cell><Data ss:Type="Number">0.3</Data></Cell>
			<Cell><Data ss:Type="Number">-10.09</Data></Cell>
			<Cell><Data ss:Type="Number">0.08</Data></Cell>
			<Cell><Data ss:Type="Number">-9.45</Data></Cell>
			<Cell><Data ss:Type="Number">-0.07</Data></Cell>
			<Cell><Data ss:Type="Number">-0.93</Data></Cell>
			<Cell><Data ss:Type="Number">22.7</Data></Cell>
			<Cell><Data ss:Type="Number">39.5</Data></Cell>
			<Cell><Data ss:Type="Number">0</Data></Cell>
			<Cell><Data ss:Type="Number">0</Data></Cell>
			<Cell><Data ss:Type="String">2023-12-07 16:43:26.983301</Data></Cell>
		</Row>
		<Row>
			<Cell><Data ss:Type="String">995</Data></Cell>
			<Cell><Data ss:Type="Number">0.25</Data></Cell>
			<Cell><Data ss:Type="Number">-9.96</Data></Cell>
			<Cell><Data ss:Type="Number">0.13</Data></Cell>
			<Cell><Data ss:Type="Number">-9.47</Data></Cell>
			<Cell><Data ss:Type="Number">-0.07</Data></Cell>
			<Cell><Data ss:Type="Number">-0.92</Data></Cell>
			<Cell><Data ss:Type="Number">22.7</Data></Cell>
			<Cell><Data ss:Type="Number">39.5</Data></Cell>
			<Cell><Data ss:Type="Number">0</Data></Cell>
			<Cell><Data ss:Type="Number">0</Data></Cell>
			<Cell><Data ss:Type="String">2023-12-07 16:43:26.979390</Data></Cell>
		</Row>
		<Row>
			<Cell><Data ss:Type="String">994</Data></Cell>
			<Cell><Data ss:Type="Number">0.41</Data></Cell>
			<Cell><Data ss:Type="Number">-9.98</Data></Cell>
			<Cell><Data ss:Type="Number">0.1</Data></Cell>
			<Cell><Data ss:Type="Number">-9.5</Data></Cell>
			<Cell><Data ss:Type="Number">-0.08</Data></Cell>
			<Cell><Data ss:Type="Number">-0.93</Data></Cell>
			<Cell><Data ss:Type="Number">22.7</Data></Cell>
			<Cell><Data ss:Type="Number">39.5</Data></Cell>
			<Cell><Data ss:Type="Number">0</Data></Cell>
			<Cell><Data ss:Type="Number">0</Data></Cell>
			<Cell><Data ss:Type="String">2023-12-07 16:43:26.938116</Data></Cell>
		</Row>
		<Row>
			<Cell><Data ss:Type="String">993</Data></Cell>
			<Cell><Data ss:Type="Number">0.26</Data></Cell>
			<Cell><Data ss:Type="Number">-10.21</Data></Cell>
			<Cell><Data ss:Type="Number">0.09</Data></Cell>
			<Cell><Data ss:Type="Number">-9.53</Data></Cell>
			<Cell><Data ss:Type="Number">-0.06</Data></Cell>
			<Cell><Data ss:Type="Number">-0.91</Data></Cell>
			<Cell><Data ss:Type="Number">22.7</Data></Cell>
			<Cell><Data ss:Type="Number">39.5</Data></Cell>
			<Cell><Data ss:Type="Number">0</Data></Cell>
			<Cell><Data ss:Type="Number">0</Data></Cell>
			<Cell><Data ss:Type="String">2023-12-07 16:43:26.936298</Data></Cell>
		</Row>
		<Row>
			<Cell><Data ss:Type="String">992</Data></Cell>
			<Cell><Data ss:Type="Number">0.26</Data></Cell>
			<Cell><Data ss:Type="Number">-10.13</Data></Cell>
			<Cell><Data ss:Type="Number">0.16</Data></Cell>
			<Cell><Data ss:Type="Number">-9.5</Data></Cell>
			<Cell><Data ss:Type="Number">-0.08</Data></Cell>
			<Cell><Data ss:Type="Number">-0.88</Data></Cell>
			<Cell><Data ss:Type="Number">22.7</Data></Cell>
			<Cell><Data ss:Type="Number">39.5</Data></Cell>
			<Cell><Data ss:Type="Number">0</Data></Cell>
			<Cell><Data ss:Type="Number">0</Data></Cell>
			<Cell><Data ss:Type="String">2023-12-07 16:43:26.934541</Data></Cell>
		</Row>
		<Row>
			<Cell><Data ss:Type="String">991</Data></Cell>
			<Cell><Data ss:Type="Number">0.29</Data></Cell>
			<Cell><Data ss:Type="Number">-9.99</Data></Cell>
			<Cell><Data ss:Type="Number">0.2</Data></Cell>
			<Cell><Data ss:Type="Number">-9.46</Data></Cell>
			<Cell><Data ss:Type="Number">-0.06</Data></Cell>
			<Cell><Data ss:Type="Number">-0.92</Data></Cell>
			<Cell><Data ss:Type="Number">22.7</Data></Cell>
			<Cell><Data ss:Type="Number">39.5</Data></Cell>
			<Cell><Data ss:Type="Number">0</Data></Cell>
			<Cell><Data ss:Type="Number">0</Data></Cell>
			<Cell><Data ss:Type="String">2023-12-07 16:43:26.932307</Data></Cell>
		</Row>
		<Row>
			<Cell><Data ss:Type="String">990</Data></Cell>
			<Cell><Data ss:Type="Number">0.25</Data></Cell>
			<Cell><Data ss:Type="Number">-9.94</Data></Cell>
			<Cell><Data ss:Type="Number">0.11</Data></Cell>
			<Cell><Data ss:Type="Number">-9.45</Data></Cell>
			<Cell><Data ss:Type="Number">-0.09</Data></Cell>
			<Cell><Data ss:Type="Number">-0.93</Data></Cell>
			<Cell><Data ss:Type="Number">22.7</Data></Cell>
			<Cell><Data ss:Type="Number">39.5</Data></Cell>
			<Cell><Data ss:Type="Number">0</Data></Cell>
			<Cell><Data ss:Type="Number">0</Data></Cell>
			<Cell><Data ss:Type="String">2023-12-07 16:43:26.929997</Data></Cell>
		</Row>
		<Row>
			<Cell><Data ss:Type="String">989</Data></Cell>
			<Cell><Data ss:Type="Number">0.31</Data></Cell>
			<Cell><Data ss:Type="Number">-9.94</Data></Cell>
			<Cell><Data ss:Type="Number">0.12</Data></Cell>
			<Cell><Data ss:Type="Number">-9.49</Data></Cell>
			<Cell><Data ss:Type="Number">-0.07</Data></Cell>
			<Cell><Data ss:Type="Number">-0.93</Data></Cell>
			<Cell><Data ss:Type="Number">22.7</Data></Cell>
			<Cell><Data ss:Type="Number">39.5</Data></Cell>
			<Cell><Data ss:Type="Number">0</Data></Cell>
			<Cell><Data ss:Type="Number">0</Data></Cell>
			<Cell><Data ss:Type="String">2023-12-07 16:43:26.927114</Data></Cell>
		</Row>
		<Row>
			<Cell><Data ss:Type="String">988</Data></Cell>
			<Cell><Data ss:Type="Number">0.31</Data></Cell>
			<Cell><Data ss:Type="Number">-10.15</Data></Cell>
			<Cell><Data ss:Type="Number">0.19</Data></Cell>
			<Cell><Data ss:Type="Number">-9.51</Data></Cell>
			<Cell><Data ss:Type="Number">-0.09</Data></Cell>
			<Cell><Data ss:Type="Number">-0.92</Data></Cell>
			<Cell><Data ss:Type="Number">22.7</Data></Cell>
			<Cell><Data ss:Type="Number">39.5</Data></Cell>
			<Cell><Data ss:Type="Number">0</Data></Cell>
			<Cell><Data ss:Type="Number">0</Data></Cell>
			<Cell><Data ss:Type="String">2023-12-07 16:43:26.924066</Data></Cell>
		</Row>
		<Row>
			<Cell><Data ss:Type="String">987</Data></Cell>
			<Cell><Data ss:Type="Number">0.39</Data></Cell>
			<Cell><Data ss:Type="Number">-10.23</Data></Cell>
			<Cell><Data ss:Type="Number">0.14</Data></Cell>
			<Cell><Data ss:Type="Number">-9.5</Data></Cell>
			<Cell><Data ss:Type="Number">-0.06</Data></Cell>
			<Cell><Data ss:Type="Number">-0.91</Data></Cell>
			<Cell><Data ss:Type="Number">22.7</Data></Cell>
			<Cell><Data ss:Type="Number">39.5</Data></Cell>
			<Cell><Data ss:Type="Number">0</Data></Cell>
			<Cell><Data ss:Type="Number">0</Data></Cell>
			<Cell><Data ss:Type="String">2023-12-07 16:43:26.694310</Data></Cell>
		</Row>
		<Row>
			<Cell><Data ss:Type="String">986</Data></Cell>
			<Cell><Data ss:Type="Number">0.26</Data></Cell>
			<Cell><Data ss:Type="Number">-9.99</Data></Cell>
			<Cell><Data ss:Type="Number">0.11</Data></Cell>
			<Cell><Data ss:Type="Number">-9.43</Data></Cell>
			<Cell><Data ss:Type="Number">-0.06</Data></Cell>
			<Cell><Data ss:Type="Number">-0.91</Data></Cell>
			<Cell><Data ss:Type="Number">22.7</Data></Cell>
			<Cell><Data ss:Type="Number">39.5</Data></Cell>
			<Cell><Data ss:Type="Number">0</Data></Cell>
			<Cell><Data ss:Type="Number">0</Data></Cell>
			<Cell><Data ss:Type="String">2023-12-07 16:43:26.684921</Data></Cell>
		</Row>
		<Row>
			<Cell><Data ss:Type="String">985</Data></Cell>
			<Cell><Data ss:Type="Number">0.25</Data></Cell>
			<Cell><Data ss:Type="Number">-9.98</Data></Cell>
			<Cell><Data ss:Type="Number">0.08</Data></Cell>
			<Cell><Data ss:Type="Number">-9.42</Data></Cell>
			<Cell><Data ss:Type="Number">-0.07</Data></Cell>
			<Cell><Data ss:Type="Number">-0.97</Data></Cell>
			<Cell><Data ss:Type="Number">22.7</Data></Cell>
			<Cell><Data ss:Type="Number">39.5</Data></Cell>
			<Cell><Data ss:Type="Number">0</Data></Cell>
			<Cell><Data ss:Type="Number">0</Data></Cell>
			<Cell><Data ss:Type="String">2023-12-07 16:43:26.683107</Data></Cell>
		</Row>
		<Row>
			<Cell><Data ss:Type="String">984</Data></Cell>
			<Cell><Data ss:Type="Number">0.28</Data></Cell>
			<Cell><Data ss:Type="Number">-9.99</Data></Cell>
			<Cell><Data ss:Type="Number">0.1</Data></Cell>
			<Cell><Data ss:Type="Number">-9.45</Data></Cell>
			<Cell><Data ss:Type="Number">-0.08</Data></Cell>
			<Cell><Data ss:Type="Number">-0.91</Data></Cell>
			<Cell><Data ss:Type="Number">22.7</Data></Cell>
			<Cell><Data ss:Type="Number">39.5</Data></Cell>
			<Cell><Data ss:Type="Number">0</Data></Cell>
			<Cell><Data ss:Type="Number">0</Data></Cell>
			<Cell><Data ss:Type="String">2023-12-07 16:43:26.681297</Data></Cell>
		</Row>
		<Row>
			<Cell><Data ss:Type="String">983</Data></Cell>
			<Cell><Data ss:Type="Number">0.32</Data></Cell>
			<Cell><Data ss:Type="Number">-10.06</Data></Cell>
			<Cell><Data ss:Type="Number">0.04</Data></Cell>
			<Cell><Data ss:Type="Number">-9.55</Data></Cell>
			<Cell><Data ss:Type="Number">-0.08</Data></Cell>
			<Cell><Data ss:Type="Number">-0.9</Data></Cell>
			<Cell><Data ss:Type="Number">22.7</Data></Cell>
			<Cell><Data ss:Type="Number">39.5</Data></Cell>
			<Cell><Data ss:Type="Number">0</Data></Cell>
			<Cell><Data ss:Type="Number">0</Data></Cell>
			<Cell><Data ss:Type="String">2023-12-07 16:43:26.679115</Data></Cell>
		</Row>
		<Row>
			<Cell><Data ss:Type="String">982</Data></Cell>
			<Cell><Data ss:Type="Number">0.25</Data></Cell>
			<Cell><Data ss:Type="Number">-10.23</Data></Cell>
			<Cell><Data ss:Type="Number">0.27</Data></Cell>
			<Cell><Data ss:Type="Number">-9.53</Data></Cell>
			<Cell><Data ss:Type="Number">-0.07</Data></Cell>
			<Cell><Data ss:Type="Number">-0.89</Data></Cell>
			<Cell><Data ss:Type="Number">22.7</Data></Cell>
			<Cell><Data ss:Type="Number">39.5</Data></Cell>
			<Cell><Data ss:Type="Number">0</Data></Cell>
			<Cell><Data ss:Type="Number">0</Data></Cell>
			<Cell><Data ss:Type="String">2023-12-07 16:43:26.676281</Data></Cell>
		</Row>
		<Row>
			<Cell><Data ss:Type="String">981</Data></Cell>
			<Cell><Data ss:Type="Number">0.26</Data></Cell>
			<Cell><Data ss:Type="Number">-10.11</Data></Cell>
			<Cell><Data ss:Type="Number">0.16</Data></Cell>
			<Cell><Data ss:Type="Number">-9.5</Data></Cell>
			<Cell><Data ss:Type="Number">-0.07</Data></Cell>
			<Cell><Data ss:Type="Number">-0.89</Data></Cell>
			<Cell><Data ss:Type="Number">22.7</Data></Cell>
			<Cell><Data ss:Type="Number">39.5</Data></Cell>
			<Cell><Data ss:Type="Number">0</Data></Cell>
			<Cell><Data ss:Type="Number">0</Data></Cell>
			<Cell><Data ss:Type="String">2023-12-07 16:43:26.674076</Data></Cell>
		</Row>
		<Row>
			<Cell><Data ss:Type="String">980</Data></Cell>
			<Cell><Data ss:Type="Number">0.25</Data></Cell>
			<Cell><Data ss:Type="Number">-10.04</Data></Cell>
			<Cell><Data ss:Type="Number">0.14</Data></Cell>
			<Cell><Data ss:Type="Number">-9.45</Data></Cell>
			<Cell><Data ss:Type="Number">-0.07</Data></Cell>
			<Cell><Data ss:Type="Number">-0.93</Data></Cell>
			<Cell><Data ss:Type="Number">22.7</Data></Cell>
			<Cell><Data ss:Type="Number">39.5</Data></Cell>
			<Cell><Data ss:Type="Number">0</Data></Cell>
			<Cell><Data ss:Type="Number">0</Data></Cell>
			<Cell><Data ss:Type="String">2023-12-07 16:43:26.672165</Data></Cell>
		</Row>
		<Row>
			<Cell><Data ss:Type="String">979</Data></Cell>
			<Cell><Data ss:Type="Number">0.3</Data></Cell>
			<Cell><Data ss:Type="Number">-10.01</Data></Cell>
			<Cell><Data ss:Type="Number">0.1</Data></Cell>
			<Cell><Data ss:Type="Number">-9.5</Data></Cell>
			<Cell><Data ss:Type="Number">-0.1</Data></Cell>
			<Cell><Data ss:Type="Number">-0.89</Data></Cell>
			<Cell><Data ss:Type="Number">22.7</Data></Cell>
			<Cell><Data ss:Type="Number">39.5</Data></Cell>
			<Cell><Data ss:Type="Number">0</Data></Cell>
			<Cell><Data ss:Type="Number">0</Data></Cell>
			<Cell><Data ss:Type="String">2023-12-07 16:43:26.444294</Data></Cell>
		</Row>
		<Row>
			<Cell><Data ss:Type="String">978</Data></Cell>
			<Cell><Data ss:Type="Number">0.25</Data></Cell>
			<Cell><Data ss:Type="Number">-10.14</Data></Cell>
			<Cell><Data ss:Type="Number">-0.01</Data></Cell>
			<Cell><Data ss:Type="Number">-9.52</Data></Cell>
			<Cell><Data ss:Type="Number">-0.04</Data></Cell>
			<Cell><Data ss:Type="Number">-0.92</Data></Cell>
			<Cell><Data ss:Type="Number">22.7</Data></Cell>
			<Cell><Data ss:Type="Number">39.5</Data></Cell>
			<Cell><Data ss:Type="Number">0</Data></Cell>
			<Cell><Data ss:Type="Number">0</Data></Cell>
			<Cell><Data ss:Type="String">2023-12-07 16:43:26.397712</Data></Cell>
		</Row>
		<Row>
			<Cell><Data ss:Type="String">977</Data></Cell>
			<Cell><Data ss:Type="Number">0.39</Data></Cell>
			<Cell><Data ss:Type="Number">-10.19</Data></Cell>
			<Cell><Data ss:Type="Number">0.2</Data></Cell>
			<Cell><Data ss:Type="Number">-9.54</Data></Cell>
			<Cell><Data ss:Type="Number">-0.05</Data></Cell>
			<Cell><Data ss:Type="Number">-0.93</Data></Cell>
			<Cell><Data ss:Type="Number">22.7</Data></Cell>
			<Cell><Data ss:Type="Number">39.5</Data></Cell>
			<Cell><Data ss:Type="Number">0</Data></Cell>
			<Cell><Data ss:Type="Number">0</Data></Cell>
			<Cell><Data ss:Type="String">2023-12-07 16:43:26.394822</Data></Cell>
		</Row>
		<Row>
			<Cell><Data ss:Type="String">976</Data></Cell>
			<Cell><Data ss:Type="Number">0.34</Data></Cell>
			<Cell><Data ss:Type="Number">-10</Data></Cell>
			<Cell><Data ss:Type="Number">0.26</Data></Cell>
			<Cell><Data ss:Type="Number">-9.45</Data></Cell>
			<Cell><Data ss:Type="Number">-0.1</Data></Cell>
			<Cell><Data ss:Type="Number">-0.85</Data></Cell>
			<Cell><Data ss:Type="Number">22.7</Data></Cell>
			<Cell><Data ss:Type="Number">39.5</Data></Cell>
			<Cell><Data ss:Type="Number">0</Data></Cell>
			<Cell><Data ss:Type="Number">0</Data></Cell>
			<Cell><Data ss:Type="String">2023-12-07 16:43:26.391687</Data></Cell>
		</Row>
		<Row>
			<Cell><Data ss:Type="String">975</Data></Cell>
			<Cell><Data ss:Type="Number">0.29</Data></Cell>
			<Cell><Data ss:Type="Number">-10.04</Data></Cell>
			<Cell><Data ss:Type="Number">0.11</Data></Cell>
			<Cell><Data ss:Type="Number">-9.47</Data></Cell>
			<Cell><Data ss:Type="Number">-0.12</Data></Cell>
			<Cell><Data ss:Type="Number">-0.97</Data></Cell>
			<Cell><Data ss:Type="Number">22.7</Data></Cell>
			<Cell><Data ss:Type="Number">39.5</Data></Cell>
			<Cell><Data ss:Type="Number">0</Data></Cell>
			<Cell><Data ss:Type="Number">0</Data></Cell>
			<Cell><Data ss:Type="String">2023-12-07 16:43:26.389539</Data></Cell>
		</Row>
		<Row>
			<Cell><Data ss:Type="String">974</Data></Cell>
			<Cell><Data ss:Type="Number">0.05</Data></Cell>
			<Cell><Data ss:Type="Number">-9.93</Data></Cell>
			<Cell><Data ss:Type="Number">-0.01</Data></Cell>
			<Cell><Data ss:Type="Number">-9.42</Data></Cell>
			<Cell><Data ss:Type="Number">0.11</Data></Cell>
			<Cell><Data ss:Type="Number">-0.92</Data></Cell>
			<Cell><Data ss:Type="Number">22.7</Data></Cell>
			<Cell><Data ss:Type="Number">39.5</Data></Cell>
			<Cell><Data ss:Type="Number">0</Data></Cell>
			<Cell><Data ss:Type="Number">0</Data></Cell>
			<Cell><Data ss:Type="String">2023-12-07 16:43:26.387639</Data></Cell>
		</Row>
		<Row>
			<Cell><Data ss:Type="String">973</Data></Cell>
			<Cell><Data ss:Type="Number">0.68</Data></Cell>
			<Cell><Data ss:Type="Number">-10.04</Data></Cell>
			<Cell><Data ss:Type="Number">0.15</Data></Cell>
			<Cell><Data ss:Type="Number">-9.51</Data></Cell>
			<Cell><Data ss:Type="Number">-0.16</Data></Cell>
			<Cell><Data ss:Type="Number">-0.98</Data></Cell>
			<Cell><Data ss:Type="Number">22.7</Data></Cell>
			<Cell><Data ss:Type="Number">39.5</Data></Cell>
			<Cell><Data ss:Type="Number">0</Data></Cell>
			<Cell><Data ss:Type="Number">0</Data></Cell>
			<Cell><Data ss:Type="String">2023-12-07 16:43:26.386037</Data></Cell>
		</Row>
		<Row>
			<Cell><Data ss:Type="String">972</Data></Cell>
			<Cell><Data ss:Type="Number">-0.41</Data></Cell>
			<Cell><Data ss:Type="Number">-10.23</Data></Cell>
			<Cell><Data ss:Type="Number">0.47</Data></Cell>
			<Cell><Data ss:Type="Number">-9.54</Data></Cell>
			<Cell><Data ss:Type="Number">-0.33</Data></Cell>
			<Cell><Data ss:Type="Number">-0.87</Data></Cell>
			<Cell><Data ss:Type="Number">22.7</Data></Cell>
			<Cell><Data ss:Type="Number">39.5</Data></Cell>
			<Cell><Data ss:Type="Number">0</Data></Cell>
			<Cell><Data ss:Type="Number">0</Data></Cell>
			<Cell><Data ss:Type="String">2023-12-07 16:43:26.384522</Data></Cell>
		</Row>
		<Row>
			<Cell><Data ss:Type="String">971</Data></Cell>
			<Cell><Data ss:Type="Number">0.1</Data></Cell>
			<Cell><Data ss:Type="Number">-9.97</Data></Cell>
			<Cell><Data ss:Type="Number">-0.08</Data></Cell>
			<Cell><Data ss:Type="Number">-9.42</Data></Cell>
			<Cell><Data ss:Type="Number">-0.04</Data></Cell>
			<Cell><Data ss:Type="Number">-0.89</Data></Cell>
			<Cell><Data ss:Type="Number">22.7</Data></Cell>
			<Cell><Data ss:Type="Number">39.5</Data></Cell>
			<Cell><Data ss:Type="Number">0</Data></Cell>
			<Cell><Data ss:Type="Number">0</Data></Cell>
			<Cell><Data ss:Type="String">2023-12-07 16:43:26.155924</Data></Cell>
		</Row>
		<Row>
			<Cell><Data ss:Type="String">970</Data></Cell>
			<Cell><Data ss:Type="Number">-0.51</Data></Cell>
			<Cell><Data ss:Type="Number">-10.06</Data></Cell>
			<Cell><Data ss:Type="Number">-0.4</Data></Cell>
			<Cell><Data ss:Type="Number">-9.54</Data></Cell>
			<Cell><Data ss:Type="Number">0.56</Data></Cell>
			<Cell><Data ss:Type="Number">-1.04</Data></Cell>
			<Cell><Data ss:Type="Number">22.7</Data></Cell>
			<Cell><Data ss:Type="Number">39.5</Data></Cell>
			<Cell><Data ss:Type="Number">0</Data></Cell>
			<Cell><Data ss:Type="Number">0</Data></Cell>
			<Cell><Data ss:Type="String">2023-12-07 16:43:26.152085</Data></Cell>
		</Row>
		<Row>
			<Cell><Data ss:Type="String">969</Data></Cell>
			<Cell><Data ss:Type="Number">-0.45</Data></Cell>
			<Cell><Data ss:Type="Number">-9.71</Data></Cell>
			<Cell><Data ss:Type="Number">0.86</Data></Cell>
			<Cell><Data ss:Type="Number">-9.41</Data></Cell>
			<Cell><Data ss:Type="Number">-0.58</Data></Cell>
			<Cell><Data ss:Type="Number">-0.83</Data></Cell>
			<Cell><Data ss:Type="Number">22.7</Data></Cell>
			<Cell><Data ss:Type="Number">39.5</Data></Cell>
			<Cell><Data ss:Type="Number">0</Data></Cell>
			<Cell><Data ss:Type="Number">0</Data></Cell>
			<Cell><Data ss:Type="String">2023-12-07 16:43:26.150505</Data></Cell>
		</Row>
		<Row>
			<Cell><Data ss:Type="String">968</Data></Cell>
			<Cell><Data ss:Type="Number">1.29</Data></Cell>
			<Cell><Data ss:Type="Number">-10.09</Data></Cell>
			<Cell><Data ss:Type="Number">0.76</Data></Cell>
			<Cell><Data ss:Type="Number">-9.5</Data></Cell>
			<Cell><Data ss:Type="Number">-0.82</Data></Cell>
			<Cell><Data ss:Type="Number">-0.92</Data></Cell>
			<Cell><Data ss:Type="Number">22.7</Data></Cell>
			<Cell><Data ss:Type="Number">39.5</Data></Cell>
			<Cell><Data ss:Type="Number">0</Data></Cell>
			<Cell><Data ss:Type="Number">0</Data></Cell>
			<Cell><Data ss:Type="String">2023-12-07 16:43:26.148656</Data></Cell>
		</Row>
		<Row>
			<Cell><Data ss:Type="String">967</Data></Cell>
			<Cell><Data ss:Type="Number">-3.41</Data></Cell>
			<Cell><Data ss:Type="Number">-11.21</Data></Cell>
			<Cell><Data ss:Type="Number">-1.54</Data></Cell>
			<Cell><Data ss:Type="Number">-9.89</Data></Cell>
			<Cell><Data ss:Type="Number">2.01</Data></Cell>
			<Cell><Data ss:Type="Number">-1.19</Data></Cell>
			<Cell><Data ss:Type="Number">22.7</Data></Cell>
			<Cell><Data ss:Type="Number">39.5</Data></Cell>
			<Cell><Data ss:Type="Number">0</Data></Cell>
			<Cell><Data ss:Type="Number">0</Data></Cell>
			<Cell><Data ss:Type="String">2023-12-07 16:43:26.146673</Data></Cell>
		</Row>
		<Row>
			<Cell><Data ss:Type="String">966</Data></Cell>
			<Cell><Data ss:Type="Number">3.09</Data></Cell>
			<Cell><Data ss:Type="Number">-12.02</Data></Cell>
			<Cell><Data ss:Type="Number">-1.35</Data></Cell>
			<Cell><Data ss:Type="Number">-18</Data></Cell>
			<Cell><Data ss:Type="Number">1.21</Data></Cell>
			<Cell><Data ss:Type="Number">-0.43</Data></Cell>
			<Cell><Data ss:Type="Number">22.7</Data></Cell>
			<Cell><Data ss:Type="Number">39.5</Data></Cell>
			<Cell><Data ss:Type="Number">0</Data></Cell>
			<Cell><Data ss:Type="Number">0</Data></Cell>
			<Cell><Data ss:Type="String">2023-12-07 16:43:26.143822</Data></Cell>
		</Row>
		<Row>
			<Cell><Data ss:Type="String">965</Data></Cell>
			<Cell><Data ss:Type="Number">-0.12</Data></Cell>
			<Cell><Data ss:Type="Number">-9.68</Data></Cell>
			<Cell><Data ss:Type="Number">-0.01</Data></Cell>
			<Cell><Data ss:Type="Number">-9.26</Data></Cell>
			<Cell><Data ss:Type="Number">0.03</Data></Cell>
			<Cell><Data ss:Type="Number">-0.95</Data></Cell>
			<Cell><Data ss:Type="Number">22.7</Data></Cell>
			<Cell><Data ss:Type="Number">39.5</Data></Cell>
			<Cell><Data ss:Type="Number">0</Data></Cell>
			<Cell><Data ss:Type="Number">0</Data></Cell>
			<Cell><Data ss:Type="String">2023-12-07 16:43:25.951506</Data></Cell>
		</Row>
		<Row>
			<Cell><Data ss:Type="String">964</Data></Cell>
			<Cell><Data ss:Type="Number">0.33</Data></Cell>
			<Cell><Data ss:Type="Number">-9.96</Data></Cell>
			<Cell><Data ss:Type="Number">0.2</Data></Cell>
			<Cell><Data ss:Type="Number">-9.41</Data></Cell>
			<Cell><Data ss:Type="Number">-0.17</Data></Cell>
			<Cell><Data ss:Type="Number">-0.98</Data></Cell>
			<Cell><Data ss:Type="Number">22.7</Data></Cell>
			<Cell><Data ss:Type="Number">39.5</Data></Cell>
			<Cell><Data ss:Type="Number">0</Data></Cell>
			<Cell><Data ss:Type="Number">0</Data></Cell>
			<Cell><Data ss:Type="String">2023-12-07 16:43:25.949047</Data></Cell>
		</Row>
		<Row>
			<Cell><Data ss:Type="String">963</Data></Cell>
			<Cell><Data ss:Type="Number">0.4</Data></Cell>
			<Cell><Data ss:Type="Number">-10.21</Data></Cell>
			<Cell><Data ss:Type="Number">0.08</Data></Cell>
			<Cell><Data ss:Type="Number">-9.44</Data></Cell>
			<Cell><Data ss:Type="Number">-0.06</Data></Cell>
			<Cell><Data ss:Type="Number">-0.88</Data></Cell>
			<Cell><Data ss:Type="Number">22.7</Data></Cell>
			<Cell><Data ss:Type="Number">39.5</Data></Cell>
			<Cell><Data ss:Type="Number">0</Data></Cell>
			<Cell><Data ss:Type="Number">0</Data></Cell>
			<Cell><Data ss:Type="String">2023-12-07 16:43:25.902735</Data></Cell>
		</Row>
		<Row>
			<Cell><Data ss:Type="String">962</Data></Cell>
			<Cell><Data ss:Type="Number">-0.01</Data></Cell>
			<Cell><Data ss:Type="Number">-9.85</Data></Cell>
			<Cell><Data ss:Type="Number">0.25</Data></Cell>
			<Cell><Data ss:Type="Number">-9.36</Data></Cell>
			<Cell><Data ss:Type="Number">-0.17</Data></Cell>
			<Cell><Data ss:Type="Number">-0.95</Data></Cell>
			<Cell><Data ss:Type="Number">22.7</Data></Cell>
			<Cell><Data ss:Type="Number">39.5</Data></Cell>
			<Cell><Data ss:Type="Number">0</Data></Cell>
			<Cell><Data ss:Type="Number">0</Data></Cell>
			<Cell><Data ss:Type="String">2023-12-07 16:43:25.847189</Data></Cell>
		</Row>
		<Row>
			<Cell><Data ss:Type="String">961</Data></Cell>
			<Cell><Data ss:Type="Number">0.4</Data></Cell>
			<Cell><Data ss:Type="Number">-9.67</Data></Cell>
			<Cell><Data ss:Type="Number">0.24</Data></Cell>
			<Cell><Data ss:Type="Number">-9.3</Data></Cell>
			<Cell><Data ss:Type="Number">-0.09</Data></Cell>
			<Cell><Data ss:Type="Number">-0.94</Data></Cell>
			<Cell><Data ss:Type="Number">22.7</Data></Cell>
			<Cell><Data ss:Type="Number">39.5</Data></Cell>
			<Cell><Data ss:Type="Number">0</Data></Cell>
			<Cell><Data ss:Type="Number">0</Data></Cell>
			<Cell><Data ss:Type="String">2023-12-07 16:43:25.843685</Data></Cell>
		</Row>
		<Row>
			<Cell><Data ss:Type="String">960</Data></Cell>
			<Cell><Data ss:Type="Number">0.3</Data></Cell>
			<Cell><Data ss:Type="Number">-9.65</Data></Cell>
			<Cell><Data ss:Type="Number">-0.13</Data></Cell>
			<Cell><Data ss:Type="Number">-9.45</Data></Cell>
			<Cell><Data ss:Type="Number">-0.12</Data></Cell>
			<Cell><Data ss:Type="Number">-0.94</Data></Cell>
			<Cell><Data ss:Type="Number">22.7</Data></Cell>
			<Cell><Data ss:Type="Number">39.5</Data></Cell>
			<Cell><Data ss:Type="Number">0</Data></Cell>
			<Cell><Data ss:Type="Number">0</Data></Cell>
			<Cell><Data ss:Type="String">2023-12-07 16:43:25.840925</Data></Cell>
		</Row>
		<Row>
			<Cell><Data ss:Type="String">959</Data></Cell>
			<Cell><Data ss:Type="Number">0.09</Data></Cell>
			<Cell><Data ss:Type="Number">-10.11</Data></Cell>
			<Cell><Data ss:Type="Number">0.03</Data></Cell>
			<Cell><Data ss:Type="Number">-9.6</Data></Cell>
			<Cell><Data ss:Type="Number">-0.07</Data></Cell>
			<Cell><Data ss:Type="Number">-0.95</Data></Cell>
			<Cell><Data ss:Type="Number">22.7</Data></Cell>
			<Cell><Data ss:Type="Number">39.5</Data></Cell>
			<Cell><Data ss:Type="Number">0</Data></Cell>
			<Cell><Data ss:Type="Number">0</Data></Cell>
			<Cell><Data ss:Type="String">2023-12-07 16:43:25.838829</Data></Cell>
		</Row>
		<Row>
			<Cell><Data ss:Type="String">958</Data></Cell>
			<Cell><Data ss:Type="Number">0.36</Data></Cell>
			<Cell><Data ss:Type="Number">-9.55</Data></Cell>
			<Cell><Data ss:Type="Number">0.32</Data></Cell>
			<Cell><Data ss:Type="Number">-9.56</Data></Cell>
			<Cell><Data ss:Type="Number">-0.06</Data></Cell>
			<Cell><Data ss:Type="Number">-0.87</Data></Cell>
			<Cell><Data ss:Type="Number">22.7</Data></Cell>
			<Cell><Data ss:Type="Number">39.5</Data></Cell>
			<Cell><Data ss:Type="Number">0</Data></Cell>
			<Cell><Data ss:Type="Number">0</Data></Cell>
			<Cell><Data ss:Type="String">2023-12-07 16:43:25.836922</Data></Cell>
		</Row>
		<Row>
			<Cell><Data ss:Type="String">957</Data></Cell>
			<Cell><Data ss:Type="Number">0.25</Data></Cell>
			<Cell><Data ss:Type="Number">-10.1</Data></Cell>
			<Cell><Data ss:Type="Number">0.28</Data></Cell>
			<Cell><Data ss:Type="Number">-9.45</Data></Cell>
			<Cell><Data ss:Type="Number">-0.04</Data></Cell>
			<Cell><Data ss:Type="Number">-0.85</Data></Cell>
			<Cell><Data ss:Type="Number">22.7</Data></Cell>
			<Cell><Data ss:Type="Number">39.5</Data></Cell>
			<Cell><Data ss:Type="Number">0</Data></Cell>
			<Cell><Data ss:Type="Number">0</Data></Cell>
			<Cell><Data ss:Type="String">2023-12-07 16:43:25.835202</Data></Cell>
		</Row>
		<Row>
			<Cell><Data ss:Type="String">956</Data></Cell>
			<Cell><Data ss:Type="Number">0.18</Data></Cell>
			<Cell><Data ss:Type="Number">-9.53</Data></Cell>
			<Cell><Data ss:Type="Number">0.07</Data></Cell>
			<Cell><Data ss:Type="Number">-9.43</Data></Cell>
			<Cell><Data ss:Type="Number">-0.04</Data></Cell>
			<Cell><Data ss:Type="Number">-0.87</Data></Cell>
			<Cell><Data ss:Type="Number">22.7</Data></Cell>
			<Cell><Data ss:Type="Number">39.5</Data></Cell>
			<Cell><Data ss:Type="Number">0</Data></Cell>
			<Cell><Data ss:Type="Number">0</Data></Cell>
			<Cell><Data ss:Type="String">2023-12-07 16:43:25.833276</Data></Cell>
		</Row>
		<Row>
			<Cell><Data ss:Type="String">955</Data></Cell>
			<Cell><Data ss:Type="Number">0.43</Data></Cell>
			<Cell><Data ss:Type="Number">-9.97</Data></Cell>
			<Cell><Data ss:Type="Number">0.26</Data></Cell>
			<Cell><Data ss:Type="Number">-9.52</Data></Cell>
			<Cell><Data ss:Type="Number">-0.1</Data></Cell>
			<Cell><Data ss:Type="Number">-0.93</Data></Cell>
			<Cell><Data ss:Type="Number">22.7</Data></Cell>
			<Cell><Data ss:Type="Number">39.5</Data></Cell>
			<Cell><Data ss:Type="Number">0</Data></Cell>
			<Cell><Data ss:Type="Number">0</Data></Cell>
			<Cell><Data ss:Type="String">2023-12-07 16:43:25.614313</Data></Cell>
		</Row>
		<Row>
			<Cell><Data ss:Type="String">954</Data></Cell>
			<Cell><Data ss:Type="Number">0.22</Data></Cell>
			<Cell><Data ss:Type="Number">-9.89</Data></Cell>
			<Cell><Data ss:Type="Number">0.29</Data></Cell>
			<Cell><Data ss:Type="Number">-9.39</Data></Cell>
			<Cell><Data ss:Type="Number">-0.05</Data></Cell>
			<Cell><Data ss:Type="Number">-0.88</Data></Cell>
			<Cell><Data ss:Type="Number">22.7</Data></Cell>
			<Cell><Data ss:Type="Number">39.5</Data></Cell>
			<Cell><Data ss:Type="Number">0</Data></Cell>
			<Cell><Data ss:Type="Number">0</Data></Cell>
			<Cell><Data ss:Type="String">2023-12-07 16:43:25.611425</Data></Cell>
		</Row>
		<Row>
			<Cell><Data ss:Type="String">953</Data></Cell>
			<Cell><Data ss:Type="Number">0.01</Data></Cell>
			<Cell><Data ss:Type="Number">-11.08</Data></Cell>
			<Cell><Data ss:Type="Number">0.06</Data></Cell>
			<Cell><Data ss:Type="Number">-9.65</Data></Cell>
			<Cell><Data ss:Type="Number">-0.04</Data></Cell>
			<Cell><Data ss:Type="Number">-0.85</Data></Cell>
			<Cell><Data ss:Type="Number">22.7</Data></Cell>
			<Cell><Data ss:Type="Number">39.5</Data></Cell>
			<Cell><Data ss:Type="Number">0</Data></Cell>
			<Cell><Data ss:Type="Number">0</Data></Cell>
			<Cell><Data ss:Type="String">2023-12-07 16:43:25.564569</Data></Cell>
		</Row>
		<Row>
			<Cell><Data ss:Type="String">952</Data></Cell>
			<Cell><Data ss:Type="Number">0.44</Data></Cell>
			<Cell><Data ss:Type="Number">-10.34</Data></Cell>
			<Cell><Data ss:Type="Number">0.13</Data></Cell>
			<Cell><Data ss:Type="Number">-9.53</Data></Cell>
			<Cell><Data ss:Type="Number">-0.11</Data></Cell>
			<Cell><Data ss:Type="Number">-0.96</Data></Cell>
			<Cell><Data ss:Type="Number">22.7</Data></Cell>
			<Cell><Data ss:Type="Number">39.6</Data></Cell>
			<Cell><Data ss:Type="Number">0</Data></Cell>
			<Cell><Data ss:Type="Number">0</Data></Cell>
			<Cell><Data ss:Type="String">2023-12-07 16:43:25.502091</Data></Cell>
		</Row>
		<Row>
			<Cell><Data ss:Type="String">951</Data></Cell>
			<Cell><Data ss:Type="Number">0.27</Data></Cell>
			<Cell><Data ss:Type="Number">-9.92</Data></Cell>
			<Cell><Data ss:Type="Number">0.05</Data></Cell>
			<Cell><Data ss:Type="Number">-9.33</Data></Cell>
			<Cell><Data ss:Type="Number">-0.08</Data></Cell>
			<Cell><Data ss:Type="Number">-0.91</Data></Cell>
			<Cell><Data ss:Type="Number">22.7</Data></Cell>
			<Cell><Data ss:Type="Number">39.6</Data></Cell>
			<Cell><Data ss:Type="Number">0</Data></Cell>
			<Cell><Data ss:Type="Number">0</Data></Cell>
			<Cell><Data ss:Type="String">2023-12-07 16:43:25.500205</Data></Cell>
		</Row>
		<Row>
			<Cell><Data ss:Type="String">950</Data></Cell>
			<Cell><Data ss:Type="Number">0.01</Data></Cell>
			<Cell><Data ss:Type="Number">-10.39</Data></Cell>
			<Cell><Data ss:Type="Number">0.14</Data></Cell>
			<Cell><Data ss:Type="Number">-9.48</Data></Cell>
			<Cell><Data ss:Type="Number">-0.11</Data></Cell>
			<Cell><Data ss:Type="Number">-0.86</Data></Cell>
			<Cell><Data ss:Type="Number">22.7</Data></Cell>
			<Cell><Data ss:Type="Number">39.6</Data></Cell>
			<Cell><Data ss:Type="Number">0</Data></Cell>
			<Cell><Data ss:Type="Number">0</Data></Cell>
			<Cell><Data ss:Type="String">2023-12-07 16:43:25.498569</Data></Cell>
		</Row>
		<Row>
			<Cell><Data ss:Type="String">949</Data></Cell>
			<Cell><Data ss:Type="Number">0.42</Data></Cell>
			<Cell><Data ss:Type="Number">-10.09</Data></Cell>
			<Cell><Data ss:Type="Number">0.28</Data></Cell>
			<Cell><Data ss:Type="Number">-9.43</Data></Cell>
			<Cell><Data ss:Type="Number">-0.13</Data></Cell>
			<Cell><Data ss:Type="Number">-0.99</Data></Cell>
			<Cell><Data ss:Type="Number">22.7</Data></Cell>
			<Cell><Data ss:Type="Number">39.6</Data></Cell>
			<Cell><Data ss:Type="Number">0</Data></Cell>
			<Cell><Data ss:Type="Number">0</Data></Cell>
			<Cell><Data ss:Type="String">2023-12-07 16:43:25.496824</Data></Cell>
		</Row>
		<Row>
			<Cell><Data ss:Type="String">948</Data></Cell>
			<Cell><Data ss:Type="Number">0.69</Data></Cell>
			<Cell><Data ss:Type="Number">-10.43</Data></Cell>
			<Cell><Data ss:Type="Number">0.29</Data></Cell>
			<Cell><Data ss:Type="Number">-9.53</Data></Cell>
			<Cell><Data ss:Type="Number">-0.03</Data></Cell>
			<Cell><Data ss:Type="Number">-0.87</Data></Cell>
			<Cell><Data ss:Type="Number">22.7</Data></Cell>
			<Cell><Data ss:Type="Number">39.6</Data></Cell>
			<Cell><Data ss:Type="Number">0</Data></Cell>
			<Cell><Data ss:Type="Number">0</Data></Cell>
			<Cell><Data ss:Type="String">2023-12-07 16:43:25.272853</Data></Cell>
		</Row>
		<Row>
			<Cell><Data ss:Type="String">947</Data></Cell>
			<Cell><Data ss:Type="Number">0.71</Data></Cell>
			<Cell><Data ss:Type="Number">-10.38</Data></Cell>
			<Cell><Data ss:Type="Number">-0.14</Data></Cell>
			<Cell><Data ss:Type="Number">-9.61</Data></Cell>
			<Cell><Data ss:Type="Number">-0.12</Data></Cell>
			<Cell><Data ss:Type="Number">-0.96</Data></Cell>
			<Cell><Data ss:Type="Number">22.7</Data></Cell>
			<Cell><Data ss:Type="Number">39.6</Data></Cell>
			<Cell><Data ss:Type="Number">0</Data></Cell>
			<Cell><Data ss:Type="Number">0</Data></Cell>
			<Cell><Data ss:Type="String">2023-12-07 16:43:25.230382</Data></Cell>
		</Row>
		<Row>
			<Cell><Data ss:Type="String">946</Data></Cell>
			<Cell><Data ss:Type="Number">0.15</Data></Cell>
			<Cell><Data ss:Type="Number">-10.29</Data></Cell>
			<Cell><Data ss:Type="Number">0.1</Data></Cell>
			<Cell><Data ss:Type="Number">-9.56</Data></Cell>
			<Cell><Data ss:Type="Number">-0.03</Data></Cell>
			<Cell><Data ss:Type="Number">-0.89</Data></Cell>
			<Cell><Data ss:Type="Number">22.7</Data></Cell>
			<Cell><Data ss:Type="Number">39.6</Data></Cell>
			<Cell><Data ss:Type="Number">0</Data></Cell>
			<Cell><Data ss:Type="Number">0</Data></Cell>
			<Cell><Data ss:Type="String">2023-12-07 16:43:25.227606</Data></Cell>
		</Row>
		<Row>
			<Cell><Data ss:Type="String">945</Data></Cell>
			<Cell><Data ss:Type="Number">0.1</Data></Cell>
			<Cell><Data ss:Type="Number">-10.45</Data></Cell>
			<Cell><Data ss:Type="Number">0.31</Data></Cell>
			<Cell><Data ss:Type="Number">-9.46</Data></Cell>
			<Cell><Data ss:Type="Number">-0.23</Data></Cell>
			<Cell><Data ss:Type="Number">-0.93</Data></Cell>
			<Cell><Data ss:Type="Number">22.7</Data></Cell>
			<Cell><Data ss:Type="Number">39.6</Data></Cell>
			<Cell><Data ss:Type="Number">0</Data></Cell>
			<Cell><Data ss:Type="Number">0</Data></Cell>
			<Cell><Data ss:Type="String">2023-12-07 16:43:25.180854</Data></Cell>
		</Row>
		<Row>
			<Cell><Data ss:Type="String">944</Data></Cell>
			<Cell><Data ss:Type="Number">-0.47</Data></Cell>
			<Cell><Data ss:Type="Number">-10.08</Data></Cell>
			<Cell><Data ss:Type="Number">-0.24</Data></Cell>
			<Cell><Data ss:Type="Number">-9.48</Data></Cell>
			<Cell><Data ss:Type="Number">-0.04</Data></Cell>
			<Cell><Data ss:Type="Number">-0.89</Data></Cell>
			<Cell><Data ss:Type="Number">22.7</Data></Cell>
			<Cell><Data ss:Type="Number">39.6</Data></Cell>
			<Cell><Data ss:Type="Number">0</Data></Cell>
			<Cell><Data ss:Type="Number">0</Data></Cell>
			<Cell><Data ss:Type="String">2023-12-07 16:43:25.136083</Data></Cell>
		</Row>
		<Row>
			<Cell><Data ss:Type="String">943</Data></Cell>
			<Cell><Data ss:Type="Number">0.73</Data></Cell>
			<Cell><Data ss:Type="Number">-10.04</Data></Cell>
			<Cell><Data ss:Type="Number">0.17</Data></Cell>
			<Cell><Data ss:Type="Number">-9.54</Data></Cell>
			<Cell><Data ss:Type="Number">-0.08</Data></Cell>
			<Cell><Data ss:Type="Number">-0.87</Data></Cell>
			<Cell><Data ss:Type="Number">22.7</Data></Cell>
			<Cell><Data ss:Type="Number">39.6</Data></Cell>
			<Cell><Data ss:Type="Number">0</Data></Cell>
			<Cell><Data ss:Type="Number">0</Data></Cell>
			<Cell><Data ss:Type="String">2023-12-07 16:43:25.134355</Data></Cell>
		</Row>
		<Row>
			<Cell><Data ss:Type="String">942</Data></Cell>
			<Cell><Data ss:Type="Number">-0.25</Data></Cell>
			<Cell><Data ss:Type="Number">-10.82</Data></Cell>
			<Cell><Data ss:Type="Number">0.58</Data></Cell>
			<Cell><Data ss:Type="Number">-9.74</Data></Cell>
			<Cell><Data ss:Type="Number">-0.02</Data></Cell>
			<Cell><Data ss:Type="Number">-0.87</Data></Cell>
			<Cell><Data ss:Type="Number">22.7</Data></Cell>
			<Cell><Data ss:Type="Number">39.6</Data></Cell>
			<Cell><Data ss:Type="Number">0</Data></Cell>
			<Cell><Data ss:Type="Number">0</Data></Cell>
			<Cell><Data ss:Type="String">2023-12-07 16:43:25.088685</Data></Cell>
		</Row>
		<Row>
			<Cell><Data ss:Type="String">941</Data></Cell>
			<Cell><Data ss:Type="Number">0.27</Data></Cell>
			<Cell><Data ss:Type="Number">-10.08</Data></Cell>
			<Cell><Data ss:Type="Number">0.19</Data></Cell>
			<Cell><Data ss:Type="Number">-9.45</Data></Cell>
			<Cell><Data ss:Type="Number">-0.09</Data></Cell>
			<Cell><Data ss:Type="Number">-0.88</Data></Cell>
			<Cell><Data ss:Type="Number">22.7</Data></Cell>
			<Cell><Data ss:Type="Number">39.6</Data></Cell>
			<Cell><Data ss:Type="Number">0</Data></Cell>
			<Cell><Data ss:Type="Number">0</Data></Cell>
			<Cell><Data ss:Type="String">2023-12-07 16:43:25.042982</Data></Cell>
		</Row>
		<Row>
			<Cell><Data ss:Type="String">940</Data></Cell>
			<Cell><Data ss:Type="Number">0.82</Data></Cell>
			<Cell><Data ss:Type="Number">-9.41</Data></Cell>
			<Cell><Data ss:Type="Number">0.3</Data></Cell>
			<Cell><Data ss:Type="Number">-9.38</Data></Cell>
			<Cell><Data ss:Type="Number">-0.16</Data></Cell>
			<Cell><Data ss:Type="Number">-0.96</Data></Cell>
			<Cell><Data ss:Type="Number">22.7</Data></Cell>
			<Cell><Data ss:Type="Number">39.6</Data></Cell>
			<Cell><Data ss:Type="Number">0</Data></Cell>
			<Cell><Data ss:Type="Number">0</Data></Cell>
			<Cell><Data ss:Type="String">2023-12-07 16:43:24.998573</Data></Cell>
		</Row>
		<Row>
			<Cell><Data ss:Type="String">939</Data></Cell>
			<Cell><Data ss:Type="Number">0.43</Data></Cell>
			<Cell><Data ss:Type="Number">-10.19</Data></Cell>
			<Cell><Data ss:Type="Number">0.21</Data></Cell>
			<Cell><Data ss:Type="Number">-9.56</Data></Cell>
			<Cell><Data ss:Type="Number">0.11</Data></Cell>
			<Cell><Data ss:Type="Number">-0.93</Data></Cell>
			<Cell><Data ss:Type="Number">22.7</Data></Cell>
			<Cell><Data ss:Type="Number">39.6</Data></Cell>
			<Cell><Data ss:Type="Number">0</Data></Cell>
			<Cell><Data ss:Type="Number">0</Data></Cell>
			<Cell><Data ss:Type="String">2023-12-07 16:43:24.996843</Data></Cell>
		</Row>
		<Row>
			<Cell><Data ss:Type="String">938</Data></Cell>
			<Cell><Data ss:Type="Number">0.33</Data></Cell>
			<Cell><Data ss:Type="Number">-10.46</Data></Cell>
			<Cell><Data ss:Type="Number">-0.54</Data></Cell>
			<Cell><Data ss:Type="Number">-9.59</Data></Cell>
			<Cell><Data ss:Type="Number">0.11</Data></Cell>
			<Cell><Data ss:Type="Number">-0.88</Data></Cell>
			<Cell><Data ss:Type="Number">22.7</Data></Cell>
			<Cell><Data ss:Type="Number">39.6</Data></Cell>
			<Cell><Data ss:Type="Number">0</Data></Cell>
			<Cell><Data ss:Type="Number">0</Data></Cell>
			<Cell><Data ss:Type="String">2023-12-07 16:43:24.950872</Data></Cell>
		</Row>
		<Row>
			<Cell><Data ss:Type="String">937</Data></Cell>
			<Cell><Data ss:Type="Number">-0.38</Data></Cell>
			<Cell><Data ss:Type="Number">-9.81</Data></Cell>
			<Cell><Data ss:Type="Number">0.1</Data></Cell>
			<Cell><Data ss:Type="Number">-9.45</Data></Cell>
			<Cell><Data ss:Type="Number">-0.16</Data></Cell>
			<Cell><Data ss:Type="Number">-0.93</Data></Cell>
			<Cell><Data ss:Type="Number">22.7</Data></Cell>
			<Cell><Data ss:Type="Number">39.6</Data></Cell>
			<Cell><Data ss:Type="Number">0</Data></Cell>
			<Cell><Data ss:Type="Number">0</Data></Cell>
			<Cell><Data ss:Type="String">2023-12-07 16:43:24.907621</Data></Cell>
		</Row>
		<Row>
			<Cell><Data ss:Type="String">936</Data></Cell>
			<Cell><Data ss:Type="Number">0.46</Data></Cell>
			<Cell><Data ss:Type="Number">-10.25</Data></Cell>
			<Cell><Data ss:Type="Number">0.37</Data></Cell>
			<Cell><Data ss:Type="Number">-9.15</Data></Cell>
			<Cell><Data ss:Type="Number">-0.71</Data></Cell>
			<Cell><Data ss:Type="Number">-0.82</Data></Cell>
			<Cell><Data ss:Type="Number">22.7</Data></Cell>
			<Cell><Data ss:Type="Number">39.6</Data></Cell>
			<Cell><Data ss:Type="Number">0</Data></Cell>
			<Cell><Data ss:Type="Number">0</Data></Cell>
			<Cell><Data ss:Type="String">2023-12-07 16:43:24.861369</Data></Cell>
		</Row>
		<Row>
			<Cell><Data ss:Type="String">935</Data></Cell>
			<Cell><Data ss:Type="Number">-0.59</Data></Cell>
			<Cell><Data ss:Type="Number">-10.14</Data></Cell>
			<Cell><Data ss:Type="Number">-0.56</Data></Cell>
			<Cell><Data ss:Type="Number">-9.48</Data></Cell>
			<Cell><Data ss:Type="Number">0.02</Data></Cell>
			<Cell><Data ss:Type="Number">-0.85</Data></Cell>
			<Cell><Data ss:Type="Number">22.7</Data></Cell>
			<Cell><Data ss:Type="Number">39.6</Data></Cell>
			<Cell><Data ss:Type="Number">0</Data></Cell>
			<Cell><Data ss:Type="Number">0</Data></Cell>
			<Cell><Data ss:Type="String">2023-12-07 16:43:24.859026</Data></Cell>
		</Row>
		<Row>
			<Cell><Data ss:Type="String">934</Data></Cell>
			<Cell><Data ss:Type="Number">-2.15</Data></Cell>
			<Cell><Data ss:Type="Number">-10.41</Data></Cell>
			<Cell><Data ss:Type="Number">-1.49</Data></Cell>
			<Cell><Data ss:Type="Number">-9.66</Data></Cell>
			<Cell><Data ss:Type="Number">0.76</Data></Cell>
			<Cell><Data ss:Type="Number">-1.2</Data></Cell>
			<Cell><Data ss:Type="Number">22.7</Data></Cell>
			<Cell><Data ss:Type="Number">39.6</Data></Cell>
			<Cell><Data ss:Type="Number">0</Data></Cell>
			<Cell><Data ss:Type="Number">0</Data></Cell>
			<Cell><Data ss:Type="String">2023-12-07 16:43:24.813439</Data></Cell>
		</Row>
		<Row>
			<Cell><Data ss:Type="String">933</Data></Cell>
			<Cell><Data ss:Type="Number">2.37</Data></Cell>
			<Cell><Data ss:Type="Number">-10.62</Data></Cell>
			<Cell><Data ss:Type="Number">0.65</Data></Cell>
			<Cell><Data ss:Type="Number">-9.44</Data></Cell>
			<Cell><Data ss:Type="Number">0.29</Data></Cell>
			<Cell><Data ss:Type="Number">-0.85</Data></Cell>
			<Cell><Data ss:Type="Number">22.7</Data></Cell>
			<Cell><Data ss:Type="Number">39.6</Data></Cell>
			<Cell><Data ss:Type="Number">0</Data></Cell>
			<Cell><Data ss:Type="Number">0</Data></Cell>
			<Cell><Data ss:Type="String">2023-12-07 16:43:24.781305</Data></Cell>
		</Row>
		<Row>
			<Cell><Data ss:Type="String">932</Data></Cell>
			<Cell><Data ss:Type="Number">0.29</Data></Cell>
			<Cell><Data ss:Type="Number">-3.46</Data></Cell>
			<Cell><Data ss:Type="Number">0.14</Data></Cell>
			<Cell><Data ss:Type="Number">-8.39</Data></Cell>
			<Cell><Data ss:Type="Number">-0.69</Data></Cell>
			<Cell><Data ss:Type="Number">-0.69</Data></Cell>
			<Cell><Data ss:Type="Number">22.7</Data></Cell>
			<Cell><Data ss:Type="Number">39.6</Data></Cell>
			<Cell><Data ss:Type="Number">0</Data></Cell>
			<Cell><Data ss:Type="Number">0</Data></Cell>
			<Cell><Data ss:Type="String">2023-12-07 16:43:24.778992</Data></Cell>
		</Row>
		<Row>
			<Cell><Data ss:Type="String">931</Data></Cell>
			<Cell><Data ss:Type="Number">0.25</Data></Cell>
			<Cell><Data ss:Type="Number">-9.93</Data></Cell>
			<Cell><Data ss:Type="Number">0.25</Data></Cell>
			<Cell><Data ss:Type="Number">-9.44</Data></Cell>
			<Cell><Data ss:Type="Number">-0.06</Data></Cell>
			<Cell><Data ss:Type="Number">-0.89</Data></Cell>
			<Cell><Data ss:Type="Number">22.7</Data></Cell>
			<Cell><Data ss:Type="Number">39.6</Data></Cell>
			<Cell><Data ss:Type="Number">0</Data></Cell>
			<Cell><Data ss:Type="Number">0</Data></Cell>
			<Cell><Data ss:Type="String">2023-12-07 16:43:24.776808</Data></Cell>
		</Row>
		<Row>
			<Cell><Data ss:Type="String">930</Data></Cell>
			<Cell><Data ss:Type="Number">0.28</Data></Cell>
			<Cell><Data ss:Type="Number">-9.97</Data></Cell>
			<Cell><Data ss:Type="Number">0.12</Data></Cell>
			<Cell><Data ss:Type="Number">-9.43</Data></Cell>
			<Cell><Data ss:Type="Number">-0.09</Data></Cell>
			<Cell><Data ss:Type="Number">-0.92</Data></Cell>
			<Cell><Data ss:Type="Number">22.7</Data></Cell>
			<Cell><Data ss:Type="Number">39.6</Data></Cell>
			<Cell><Data ss:Type="Number">0</Data></Cell>
			<Cell><Data ss:Type="Number">0</Data></Cell>
			<Cell><Data ss:Type="String">2023-12-07 16:43:24.774271</Data></Cell>
		</Row>
		<Row>
			<Cell><Data ss:Type="String">929</Data></Cell>
			<Cell><Data ss:Type="Number">0.3</Data></Cell>
			<Cell><Data ss:Type="Number">-10.05</Data></Cell>
			<Cell><Data ss:Type="Number">0.15</Data></Cell>
			<Cell><Data ss:Type="Number">-9.45</Data></Cell>
			<Cell><Data ss:Type="Number">-0.08</Data></Cell>
			<Cell><Data ss:Type="Number">-0.91</Data></Cell>
			<Cell><Data ss:Type="Number">22.7</Data></Cell>
			<Cell><Data ss:Type="Number">39.6</Data></Cell>
			<Cell><Data ss:Type="Number">0</Data></Cell>
			<Cell><Data ss:Type="Number">0</Data></Cell>
			<Cell><Data ss:Type="String">2023-12-07 16:43:24.772546</Data></Cell>
		</Row>
		<Row>
			<Cell><Data ss:Type="String">928</Data></Cell>
			<Cell><Data ss:Type="Number">0.32</Data></Cell>
			<Cell><Data ss:Type="Number">-10.15</Data></Cell>
			<Cell><Data ss:Type="Number">0.21</Data></Cell>
			<Cell><Data ss:Type="Number">-9.52</Data></Cell>
			<Cell><Data ss:Type="Number">-0.06</Data></Cell>
			<Cell><Data ss:Type="Number">-0.9</Data></Cell>
			<Cell><Data ss:Type="Number">22.7</Data></Cell>
			<Cell><Data ss:Type="Number">39.6</Data></Cell>
			<Cell><Data ss:Type="Number">0</Data></Cell>
			<Cell><Data ss:Type="Number">0</Data></Cell>
			<Cell><Data ss:Type="String">2023-12-07 16:43:24.770471</Data></Cell>
		</Row>
		<Row>
			<Cell><Data ss:Type="String">927</Data></Cell>
			<Cell><Data ss:Type="Number">0.36</Data></Cell>
			<Cell><Data ss:Type="Number">-10.24</Data></Cell>
			<Cell><Data ss:Type="Number">0.19</Data></Cell>
			<Cell><Data ss:Type="Number">-9.55</Data></Cell>
			<Cell><Data ss:Type="Number">-0.08</Data></Cell>
			<Cell><Data ss:Type="Number">-0.86</Data></Cell>
			<Cell><Data ss:Type="Number">22.7</Data></Cell>
			<Cell><Data ss:Type="Number">39.6</Data></Cell>
			<Cell><Data ss:Type="Number">0</Data></Cell>
			<Cell><Data ss:Type="Number">0</Data></Cell>
			<Cell><Data ss:Type="String">2023-12-07 16:43:24.765441</Data></Cell>
		</Row>
		<Row>
			<Cell><Data ss:Type="String">926</Data></Cell>
			<Cell><Data ss:Type="Number">0.26</Data></Cell>
			<Cell><Data ss:Type="Number">-10.2</Data></Cell>
			<Cell><Data ss:Type="Number">0.28</Data></Cell>
			<Cell><Data ss:Type="Number">-9.47</Data></Cell>
			<Cell><Data ss:Type="Number">-0.08</Data></Cell>
			<Cell><Data ss:Type="Number">-0.91</Data></Cell>
			<Cell><Data ss:Type="Number">22.7</Data></Cell>
			<Cell><Data ss:Type="Number">39.6</Data></Cell>
			<Cell><Data ss:Type="Number">0</Data></Cell>
			<Cell><Data ss:Type="Number">0</Data></Cell>
			<Cell><Data ss:Type="String">2023-12-07 16:43:24.547916</Data></Cell>
		</Row>
		<Row>
			<Cell><Data ss:Type="String">925</Data></Cell>
			<Cell><Data ss:Type="Number">0.27</Data></Cell>
			<Cell><Data ss:Type="Number">-9.94</Data></Cell>
			<Cell><Data ss:Type="Number">0.17</Data></Cell>
			<Cell><Data ss:Type="Number">-9.43</Data></Cell>
			<Cell><Data ss:Type="Number">-0.09</Data></Cell>
			<Cell><Data ss:Type="Number">-0.9</Data></Cell>
			<Cell><Data ss:Type="Number">22.7</Data></Cell>
			<Cell><Data ss:Type="Number">39.6</Data></Cell>
			<Cell><Data ss:Type="Number">0</Data></Cell>
			<Cell><Data ss:Type="Number">0</Data></Cell>
			<Cell><Data ss:Type="String">2023-12-07 16:43:24.545497</Data></Cell>
		</Row>
		<Row>
			<Cell><Data ss:Type="String">924</Data></Cell>
			<Cell><Data ss:Type="Number">0.23</Data></Cell>
			<Cell><Data ss:Type="Number">-9.96</Data></Cell>
			<Cell><Data ss:Type="Number">0.14</Data></Cell>
			<Cell><Data ss:Type="Number">-9.47</Data></Cell>
			<Cell><Data ss:Type="Number">-0.07</Data></Cell>
			<Cell><Data ss:Type="Number">-0.9</Data></Cell>
			<Cell><Data ss:Type="Number">22.7</Data></Cell>
			<Cell><Data ss:Type="Number">39.6</Data></Cell>
			<Cell><Data ss:Type="Number">0</Data></Cell>
			<Cell><Data ss:Type="Number">0</Data></Cell>
			<Cell><Data ss:Type="String">2023-12-07 16:43:24.490818</Data></Cell>
		</Row>
		<Row>
			<Cell><Data ss:Type="String">923</Data></Cell>
			<Cell><Data ss:Type="Number">0.3</Data></Cell>
			<Cell><Data ss:Type="Number">-10.21</Data></Cell>
			<Cell><Data ss:Type="Number">0.23</Data></Cell>
			<Cell><Data ss:Type="Number">-9.52</Data></Cell>
			<Cell><Data ss:Type="Number">-0.07</Data></Cell>
			<Cell><Data ss:Type="Number">-0.88</Data></Cell>
			<Cell><Data ss:Type="Number">22.7</Data></Cell>
			<Cell><Data ss:Type="Number">39.6</Data></Cell>
			<Cell><Data ss:Type="Number">0</Data></Cell>
			<Cell><Data ss:Type="Number">0</Data></Cell>
			<Cell><Data ss:Type="String">2023-12-07 16:43:24.445736</Data></Cell>
		</Row>
		<Row>
			<Cell><Data ss:Type="String">922</Data></Cell>
			<Cell><Data ss:Type="Number">0.4</Data></Cell>
			<Cell><Data ss:Type="Number">-10.22</Data></Cell>
			<Cell><Data ss:Type="Number">0.19</Data></Cell>
			<Cell><Data ss:Type="Number">-9.48</Data></Cell>
			<Cell><Data ss:Type="Number">-0.08</Data></Cell>
			<Cell><Data ss:Type="Number">-0.9</Data></Cell>
			<Cell><Data ss:Type="Number">22.7</Data></Cell>
			<Cell><Data ss:Type="Number">39.6</Data></Cell>
			<Cell><Data ss:Type="Number">0</Data></Cell>
			<Cell><Data ss:Type="Number">0</Data></Cell>
			<Cell><Data ss:Type="String">2023-12-07 16:43:24.403245</Data></Cell>
		</Row>
		<Row>
			<Cell><Data ss:Type="String">921</Data></Cell>
			<Cell><Data ss:Type="Number">0.25</Data></Cell>
			<Cell><Data ss:Type="Number">-9.96</Data></Cell>
			<Cell><Data ss:Type="Number">0.15</Data></Cell>
			<Cell><Data ss:Type="Number">-9.41</Data></Cell>
			<Cell><Data ss:Type="Number">-0.06</Data></Cell>
			<Cell><Data ss:Type="Number">-0.94</Data></Cell>
			<Cell><Data ss:Type="Number">22.7</Data></Cell>
			<Cell><Data ss:Type="Number">39.6</Data></Cell>
			<Cell><Data ss:Type="Number">0</Data></Cell>
			<Cell><Data ss:Type="Number">0</Data></Cell>
			<Cell><Data ss:Type="String">2023-12-07 16:43:24.401030</Data></Cell>
		</Row>
		<Row>
			<Cell><Data ss:Type="String">920</Data></Cell>
			<Cell><Data ss:Type="Number">0.29</Data></Cell>
			<Cell><Data ss:Type="Number">-9.91</Data></Cell>
			<Cell><Data ss:Type="Number">0.1</Data></Cell>
			<Cell><Data ss:Type="Number">-9.42</Data></Cell>
			<Cell><Data ss:Type="Number">-0.07</Data></Cell>
			<Cell><Data ss:Type="Number">-0.91</Data></Cell>
			<Cell><Data ss:Type="Number">22.7</Data></Cell>
			<Cell><Data ss:Type="Number">39.6</Data></Cell>
			<Cell><Data ss:Type="Number">0</Data></Cell>
			<Cell><Data ss:Type="Number">0</Data></Cell>
			<Cell><Data ss:Type="String">2023-12-07 16:43:24.354745</Data></Cell>
		</Row>
		<Row>
			<Cell><Data ss:Type="String">919</Data></Cell>
			<Cell><Data ss:Type="Number">0.29</Data></Cell>
			<Cell><Data ss:Type="Number">-9.98</Data></Cell>
			<Cell><Data ss:Type="Number">0</Data></Cell>
			<Cell><Data ss:Type="Number">-9.5</Data></Cell>
			<Cell><Data ss:Type="Number">-0.06</Data></Cell>
			<Cell><Data ss:Type="Number">-0.93</Data></Cell>
			<Cell><Data ss:Type="Number">22.7</Data></Cell>
			<Cell><Data ss:Type="Number">39.6</Data></Cell>
			<Cell><Data ss:Type="Number">0</Data></Cell>
			<Cell><Data ss:Type="Number">0</Data></Cell>
			<Cell><Data ss:Type="String">2023-12-07 16:43:24.307146</Data></Cell>
		</Row>
		<Row>
			<Cell><Data ss:Type="String">918</Data></Cell>
			<Cell><Data ss:Type="Number">0.33</Data></Cell>
			<Cell><Data ss:Type="Number">-10.11</Data></Cell>
			<Cell><Data ss:Type="Number">0.32</Data></Cell>
			<Cell><Data ss:Type="Number">-9.53</Data></Cell>
			<Cell><Data ss:Type="Number">-0.09</Data></Cell>
			<Cell><Data ss:Type="Number">-0.91</Data></Cell>
			<Cell><Data ss:Type="Number">22.7</Data></Cell>
			<Cell><Data ss:Type="Number">39.6</Data></Cell>
			<Cell><Data ss:Type="Number">0</Data></Cell>
			<Cell><Data ss:Type="Number">0</Data></Cell>
			<Cell><Data ss:Type="String">2023-12-07 16:43:24.263681</Data></Cell>
		</Row>
		<Row>
			<Cell><Data ss:Type="String">917</Data></Cell>
			<Cell><Data ss:Type="Number">0.33</Data></Cell>
			<Cell><Data ss:Type="Number">-10.23</Data></Cell>
			<Cell><Data ss:Type="Number">0.19</Data></Cell>
			<Cell><Data ss:Type="Number">-9.54</Data></Cell>
			<Cell><Data ss:Type="Number">-0.07</Data></Cell>
			<Cell><Data ss:Type="Number">-0.88</Data></Cell>
			<Cell><Data ss:Type="Number">22.7</Data></Cell>
			<Cell><Data ss:Type="Number">39.6</Data></Cell>
			<Cell><Data ss:Type="Number">0</Data></Cell>
			<Cell><Data ss:Type="Number">0</Data></Cell>
			<Cell><Data ss:Type="String">2023-12-07 16:43:24.261239</Data></Cell>
		</Row>
		<Row>
			<Cell><Data ss:Type="String">916</Data></Cell>
			<Cell><Data ss:Type="Number">0.28</Data></Cell>
			<Cell><Data ss:Type="Number">-9.89</Data></Cell>
			<Cell><Data ss:Type="Number">0.13</Data></Cell>
			<Cell><Data ss:Type="Number">-9.42</Data></Cell>
			<Cell><Data ss:Type="Number">-0.07</Data></Cell>
			<Cell><Data ss:Type="Number">-0.93</Data></Cell>
			<Cell><Data ss:Type="Number">22.7</Data></Cell>
			<Cell><Data ss:Type="Number">39.6</Data></Cell>
			<Cell><Data ss:Type="Number">0</Data></Cell>
			<Cell><Data ss:Type="Number">0</Data></Cell>
			<Cell><Data ss:Type="String">2023-12-07 16:43:24.215361</Data></Cell>
		</Row>
		<Row>
			<Cell><Data ss:Type="String">915</Data></Cell>
			<Cell><Data ss:Type="Number">0.3</Data></Cell>
			<Cell><Data ss:Type="Number">-9.96</Data></Cell>
			<Cell><Data ss:Type="Number">0.15</Data></Cell>
			<Cell><Data ss:Type="Number">-9.42</Data></Cell>
			<Cell><Data ss:Type="Number">-0.08</Data></Cell>
			<Cell><Data ss:Type="Number">-0.91</Data></Cell>
			<Cell><Data ss:Type="Number">22.7</Data></Cell>
			<Cell><Data ss:Type="Number">39.6</Data></Cell>
			<Cell><Data ss:Type="Number">0</Data></Cell>
			<Cell><Data ss:Type="Number">0</Data></Cell>
			<Cell><Data ss:Type="String">2023-12-07 16:43:24.171773</Data></Cell>
		</Row>
		<Row>
			<Cell><Data ss:Type="String">914</Data></Cell>
			<Cell><Data ss:Type="Number">0.28</Data></Cell>
			<Cell><Data ss:Type="Number">-10.02</Data></Cell>
			<Cell><Data ss:Type="Number">0.1</Data></Cell>
			<Cell><Data ss:Type="Number">-9.53</Data></Cell>
			<Cell><Data ss:Type="Number">-0.1</Data></Cell>
			<Cell><Data ss:Type="Number">-0.93</Data></Cell>
			<Cell><Data ss:Type="Number">22.7</Data></Cell>
			<Cell><Data ss:Type="Number">39.6</Data></Cell>
			<Cell><Data ss:Type="Number">0</Data></Cell>
			<Cell><Data ss:Type="Number">0</Data></Cell>
			<Cell><Data ss:Type="String">2023-12-07 16:43:24.169630</Data></Cell>
		</Row>
		<Row>
			<Cell><Data ss:Type="String">913</Data></Cell>
			<Cell><Data ss:Type="Number">0.3</Data></Cell>
			<Cell><Data ss:Type="Number">-10.19</Data></Cell>
			<Cell><Data ss:Type="Number">0.16</Data></Cell>
			<Cell><Data ss:Type="Number">-9.51</Data></Cell>
			<Cell><Data ss:Type="Number">-0.08</Data></Cell>
			<Cell><Data ss:Type="Number">-0.91</Data></Cell>
			<Cell><Data ss:Type="Number">22.7</Data></Cell>
			<Cell><Data ss:Type="Number">39.6</Data></Cell>
			<Cell><Data ss:Type="Number">0</Data></Cell>
			<Cell><Data ss:Type="Number">0</Data></Cell>
			<Cell><Data ss:Type="String">2023-12-07 16:43:24.124350</Data></Cell>
		</Row>
		<Row>
			<Cell><Data ss:Type="String">912</Data></Cell>
			<Cell><Data ss:Type="Number">0.28</Data></Cell>
			<Cell><Data ss:Type="Number">-10.14</Data></Cell>
			<Cell><Data ss:Type="Number">0.18</Data></Cell>
			<Cell><Data ss:Type="Number">-9.46</Data></Cell>
			<Cell><Data ss:Type="Number">-0.09</Data></Cell>
			<Cell><Data ss:Type="Number">-0.91</Data></Cell>
			<Cell><Data ss:Type="Number">22.7</Data></Cell>
			<Cell><Data ss:Type="Number">39.6</Data></Cell>
			<Cell><Data ss:Type="Number">0</Data></Cell>
			<Cell><Data ss:Type="Number">0</Data></Cell>
			<Cell><Data ss:Type="String">2023-12-07 16:43:24.079028</Data></Cell>
		</Row>
		<Row>
			<Cell><Data ss:Type="String">911</Data></Cell>
			<Cell><Data ss:Type="Number">0.22</Data></Cell>
			<Cell><Data ss:Type="Number">-9.98</Data></Cell>
			<Cell><Data ss:Type="Number">0.06</Data></Cell>
			<Cell><Data ss:Type="Number">-9.4</Data></Cell>
			<Cell><Data ss:Type="Number">-0.06</Data></Cell>
			<Cell><Data ss:Type="Number">-0.92</Data></Cell>
			<Cell><Data ss:Type="Number">22.7</Data></Cell>
			<Cell><Data ss:Type="Number">39.6</Data></Cell>
			<Cell><Data ss:Type="Number">0</Data></Cell>
			<Cell><Data ss:Type="Number">0</Data></Cell>
			<Cell><Data ss:Type="String">2023-12-07 16:43:24.034024</Data></Cell>
		</Row>
		<Row>
			<Cell><Data ss:Type="String">910</Data></Cell>
			<Cell><Data ss:Type="Number">0.3</Data></Cell>
			<Cell><Data ss:Type="Number">-10.05</Data></Cell>
			<Cell><Data ss:Type="Number">0.14</Data></Cell>
			<Cell><Data ss:Type="Number">-9.42</Data></Cell>
			<Cell><Data ss:Type="Number">-0.1</Data></Cell>
			<Cell><Data ss:Type="Number">-0.92</Data></Cell>
			<Cell><Data ss:Type="Number">22.7</Data></Cell>
			<Cell><Data ss:Type="Number">39.6</Data></Cell>
			<Cell><Data ss:Type="Number">0</Data></Cell>
			<Cell><Data ss:Type="Number">0</Data></Cell>
			<Cell><Data ss:Type="String">2023-12-07 16:43:24.032165</Data></Cell>
		</Row>
		<Row>
			<Cell><Data ss:Type="String">909</Data></Cell>
			<Cell><Data ss:Type="Number">0.25</Data></Cell>
			<Cell><Data ss:Type="Number">-10.12</Data></Cell>
			<Cell><Data ss:Type="Number">0.15</Data></Cell>
			<Cell><Data ss:Type="Number">-9.53</Data></Cell>
			<Cell><Data ss:Type="Number">-0.09</Data></Cell>
			<Cell><Data ss:Type="Number">-0.88</Data></Cell>
			<Cell><Data ss:Type="Number">22.7</Data></Cell>
			<Cell><Data ss:Type="Number">39.6</Data></Cell>
			<Cell><Data ss:Type="Number">0</Data></Cell>
			<Cell><Data ss:Type="Number">0</Data></Cell>
			<Cell><Data ss:Type="String">2023-12-07 16:43:23.988163</Data></Cell>
		</Row>
		<Row>
			<Cell><Data ss:Type="String">908</Data></Cell>
			<Cell><Data ss:Type="Number">0.26</Data></Cell>
			<Cell><Data ss:Type="Number">-10.11</Data></Cell>
			<Cell><Data ss:Type="Number">0.17</Data></Cell>
			<Cell><Data ss:Type="Number">-9.49</Data></Cell>
			<Cell><Data ss:Type="Number">-0.09</Data></Cell>
			<Cell><Data ss:Type="Number">-0.87</Data></Cell>
			<Cell><Data ss:Type="Number">22.7</Data></Cell>
			<Cell><Data ss:Type="Number">39.6</Data></Cell>
			<Cell><Data ss:Type="Number">0</Data></Cell>
			<Cell><Data ss:Type="Number">0</Data></Cell>
			<Cell><Data ss:Type="String">2023-12-07 16:43:23.934309</Data></Cell>
		</Row>
		<Row>
			<Cell><Data ss:Type="String">907</Data></Cell>
			<Cell><Data ss:Type="Number">0.3</Data></Cell>
			<Cell><Data ss:Type="Number">-10.06</Data></Cell>
			<Cell><Data ss:Type="Number">0.17</Data></Cell>
			<Cell><Data ss:Type="Number">-9.47</Data></Cell>
			<Cell><Data ss:Type="Number">-0.07</Data></Cell>
			<Cell><Data ss:Type="Number">-0.91</Data></Cell>
			<Cell><Data ss:Type="Number">22.7</Data></Cell>
			<Cell><Data ss:Type="Number">39.6</Data></Cell>
			<Cell><Data ss:Type="Number">0</Data></Cell>
			<Cell><Data ss:Type="Number">0</Data></Cell>
			<Cell><Data ss:Type="String">2023-12-07 16:43:23.926018</Data></Cell>
		</Row>
		<Row>
			<Cell><Data ss:Type="String">906</Data></Cell>
			<Cell><Data ss:Type="Number">0.34</Data></Cell>
			<Cell><Data ss:Type="Number">-9.93</Data></Cell>
			<Cell><Data ss:Type="Number">0.32</Data></Cell>
			<Cell><Data ss:Type="Number">-9.43</Data></Cell>
			<Cell><Data ss:Type="Number">-0.07</Data></Cell>
			<Cell><Data ss:Type="Number">-0.93</Data></Cell>
			<Cell><Data ss:Type="Number">22.7</Data></Cell>
			<Cell><Data ss:Type="Number">39.6</Data></Cell>
			<Cell><Data ss:Type="Number">0</Data></Cell>
			<Cell><Data ss:Type="Number">0</Data></Cell>
			<Cell><Data ss:Type="String">2023-12-07 16:43:23.878304</Data></Cell>
		</Row>
		<Row>
			<Cell><Data ss:Type="String">905</Data></Cell>
			<Cell><Data ss:Type="Number">0.3</Data></Cell>
			<Cell><Data ss:Type="Number">-10.1</Data></Cell>
			<Cell><Data ss:Type="Number">0.1</Data></Cell>
			<Cell><Data ss:Type="Number">-9.45</Data></Cell>
			<Cell><Data ss:Type="Number">-0.06</Data></Cell>
			<Cell><Data ss:Type="Number">-0.92</Data></Cell>
			<Cell><Data ss:Type="Number">22.7</Data></Cell>
			<Cell><Data ss:Type="Number">39.6</Data></Cell>
			<Cell><Data ss:Type="Number">0</Data></Cell>
			<Cell><Data ss:Type="Number">0</Data></Cell>
			<Cell><Data ss:Type="String">2023-12-07 16:43:23.835716</Data></Cell>
		</Row>
		<Row>
			<Cell><Data ss:Type="String">904</Data></Cell>
			<Cell><Data ss:Type="Number">0.31</Data></Cell>
			<Cell><Data ss:Type="Number">-10.16</Data></Cell>
			<Cell><Data ss:Type="Number">0.18</Data></Cell>
			<Cell><Data ss:Type="Number">-9.52</Data></Cell>
			<Cell><Data ss:Type="Number">-0.07</Data></Cell>
			<Cell><Data ss:Type="Number">-0.92</Data></Cell>
			<Cell><Data ss:Type="Number">22.7</Data></Cell>
			<Cell><Data ss:Type="Number">39.6</Data></Cell>
			<Cell><Data ss:Type="Number">0</Data></Cell>
			<Cell><Data ss:Type="Number">0</Data></Cell>
			<Cell><Data ss:Type="String">2023-12-07 16:43:23.833496</Data></Cell>
		</Row>
		<Row>
			<Cell><Data ss:Type="String">903</Data></Cell>
			<Cell><Data ss:Type="Number">0.27</Data></Cell>
			<Cell><Data ss:Type="Number">-10.26</Data></Cell>
			<Cell><Data ss:Type="Number">0.06</Data></Cell>
			<Cell><Data ss:Type="Number">-9.5</Data></Cell>
			<Cell><Data ss:Type="Number">-0.06</Data></Cell>
			<Cell><Data ss:Type="Number">-0.91</Data></Cell>
			<Cell><Data ss:Type="Number">22.7</Data></Cell>
			<Cell><Data ss:Type="Number">39.6</Data></Cell>
			<Cell><Data ss:Type="Number">0</Data></Cell>
			<Cell><Data ss:Type="Number">0</Data></Cell>
			<Cell><Data ss:Type="String">2023-12-07 16:43:23.787246</Data></Cell>
		</Row>
		<Row>
			<Cell><Data ss:Type="String">902</Data></Cell>
			<Cell><Data ss:Type="Number">0.27</Data></Cell>
			<Cell><Data ss:Type="Number">-10</Data></Cell>
			<Cell><Data ss:Type="Number">0.13</Data></Cell>
			<Cell><Data ss:Type="Number">-9.45</Data></Cell>
			<Cell><Data ss:Type="Number">-0.09</Data></Cell>
			<Cell><Data ss:Type="Number">-0.92</Data></Cell>
			<Cell><Data ss:Type="Number">22.7</Data></Cell>
			<Cell><Data ss:Type="Number">39.6</Data></Cell>
			<Cell><Data ss:Type="Number">0</Data></Cell>
			<Cell><Data ss:Type="Number">0</Data></Cell>
			<Cell><Data ss:Type="String">2023-12-07 16:43:23.741138</Data></Cell>
		</Row>
		<Row>
			<Cell><Data ss:Type="String">901</Data></Cell>
			<Cell><Data ss:Type="Number">0.28</Data></Cell>
			<Cell><Data ss:Type="Number">-9.89</Data></Cell>
			<Cell><Data ss:Type="Number">0.31</Data></Cell>
			<Cell><Data ss:Type="Number">-9.45</Data></Cell>
			<Cell><Data ss:Type="Number">-0.06</Data></Cell>
			<Cell><Data ss:Type="Number">-0.89</Data></Cell>
			<Cell><Data ss:Type="Number">22.7</Data></Cell>
			<Cell><Data ss:Type="Number">39.6</Data></Cell>
			<Cell><Data ss:Type="Number">0</Data></Cell>
			<Cell><Data ss:Type="Number">0</Data></Cell>
			<Cell><Data ss:Type="String">2023-12-07 16:43:23.698312</Data></Cell>
		</Row>
		<Row>
			<Cell><Data ss:Type="String">900</Data></Cell>
			<Cell><Data ss:Type="Number">0.31</Data></Cell>
			<Cell><Data ss:Type="Number">-10.2</Data></Cell>
			<Cell><Data ss:Type="Number">0.16</Data></Cell>
			<Cell><Data ss:Type="Number">-9.53</Data></Cell>
			<Cell><Data ss:Type="Number">-0.09</Data></Cell>
			<Cell><Data ss:Type="Number">-0.91</Data></Cell>
			<Cell><Data ss:Type="Number">22.7</Data></Cell>
			<Cell><Data ss:Type="Number">39.6</Data></Cell>
			<Cell><Data ss:Type="Number">0</Data></Cell>
			<Cell><Data ss:Type="Number">0</Data></Cell>
			<Cell><Data ss:Type="String">2023-12-07 16:43:23.696210</Data></Cell>
		</Row>
		<Row>
			<Cell><Data ss:Type="String">899</Data></Cell>
			<Cell><Data ss:Type="Number">0.3</Data></Cell>
			<Cell><Data ss:Type="Number">-10.24</Data></Cell>
			<Cell><Data ss:Type="Number">0.17</Data></Cell>
			<Cell><Data ss:Type="Number">-9.55</Data></Cell>
			<Cell><Data ss:Type="Number">-0.07</Data></Cell>
			<Cell><Data ss:Type="Number">-0.88</Data></Cell>
			<Cell><Data ss:Type="Number">22.7</Data></Cell>
			<Cell><Data ss:Type="Number">39.6</Data></Cell>
			<Cell><Data ss:Type="Number">0</Data></Cell>
			<Cell><Data ss:Type="Number">0</Data></Cell>
			<Cell><Data ss:Type="String">2023-12-07 16:43:23.693412</Data></Cell>
		</Row>
		<Row>
			<Cell><Data ss:Type="String">898</Data></Cell>
			<Cell><Data ss:Type="Number">0.3</Data></Cell>
			<Cell><Data ss:Type="Number">-10.17</Data></Cell>
			<Cell><Data ss:Type="Number">0.15</Data></Cell>
			<Cell><Data ss:Type="Number">-9.5</Data></Cell>
			<Cell><Data ss:Type="Number">-0.06</Data></Cell>
			<Cell><Data ss:Type="Number">-0.91</Data></Cell>
			<Cell><Data ss:Type="Number">22.7</Data></Cell>
			<Cell><Data ss:Type="Number">39.6</Data></Cell>
			<Cell><Data ss:Type="Number">0</Data></Cell>
			<Cell><Data ss:Type="Number">0</Data></Cell>
			<Cell><Data ss:Type="String">2023-12-07 16:43:23.691277</Data></Cell>
		</Row>
		<Row>
			<Cell><Data ss:Type="String">897</Data></Cell>
			<Cell><Data ss:Type="Number">0.32</Data></Cell>
			<Cell><Data ss:Type="Number">-10.2</Data></Cell>
			<Cell><Data ss:Type="Number">0.23</Data></Cell>
			<Cell><Data ss:Type="Number">-9.45</Data></Cell>
			<Cell><Data ss:Type="Number">-0.08</Data></Cell>
			<Cell><Data ss:Type="Number">-0.9</Data></Cell>
			<Cell><Data ss:Type="Number">22.7</Data></Cell>
			<Cell><Data ss:Type="Number">39.6</Data></Cell>
			<Cell><Data ss:Type="Number">0</Data></Cell>
			<Cell><Data ss:Type="Number">0</Data></Cell>
			<Cell><Data ss:Type="String">2023-12-07 16:43:23.689406</Data></Cell>
		</Row>
		<Row>
			<Cell><Data ss:Type="String">896</Data></Cell>
			<Cell><Data ss:Type="Number">0.32</Data></Cell>
			<Cell><Data ss:Type="Number">-10.22</Data></Cell>
			<Cell><Data ss:Type="Number">0.24</Data></Cell>
			<Cell><Data ss:Type="Number">-9.55</Data></Cell>
			<Cell><Data ss:Type="Number">-0.07</Data></Cell>
			<Cell><Data ss:Type="Number">-0.86</Data></Cell>
			<Cell><Data ss:Type="Number">22.7</Data></Cell>
			<Cell><Data ss:Type="Number">39.6</Data></Cell>
			<Cell><Data ss:Type="Number">0</Data></Cell>
			<Cell><Data ss:Type="Number">0</Data></Cell>
			<Cell><Data ss:Type="String">2023-12-07 16:43:23.687700</Data></Cell>
		</Row>
		<Row>
			<Cell><Data ss:Type="String">895</Data></Cell>
			<Cell><Data ss:Type="Number">0.25</Data></Cell>
			<Cell><Data ss:Type="Number">-10.16</Data></Cell>
			<Cell><Data ss:Type="Number">0.24</Data></Cell>
			<Cell><Data ss:Type="Number">-9.45</Data></Cell>
			<Cell><Data ss:Type="Number">-0.08</Data></Cell>
			<Cell><Data ss:Type="Number">-0.92</Data></Cell>
			<Cell><Data ss:Type="Number">22.7</Data></Cell>
			<Cell><Data ss:Type="Number">39.6</Data></Cell>
			<Cell><Data ss:Type="Number">0</Data></Cell>
			<Cell><Data ss:Type="Number">0</Data></Cell>
			<Cell><Data ss:Type="String">2023-12-07 16:43:23.682587</Data></Cell>
		</Row>
		<Row>
			<Cell><Data ss:Type="String">894</Data></Cell>
			<Cell><Data ss:Type="Number">0.28</Data></Cell>
			<Cell><Data ss:Type="Number">-10.02</Data></Cell>
			<Cell><Data ss:Type="Number">0.31</Data></Cell>
			<Cell><Data ss:Type="Number">-9.42</Data></Cell>
			<Cell><Data ss:Type="Number">-0.08</Data></Cell>
			<Cell><Data ss:Type="Number">-0.89</Data></Cell>
			<Cell><Data ss:Type="Number">22.7</Data></Cell>
			<Cell><Data ss:Type="Number">39.6</Data></Cell>
			<Cell><Data ss:Type="Number">0</Data></Cell>
			<Cell><Data ss:Type="Number">0</Data></Cell>
			<Cell><Data ss:Type="String">2023-12-07 16:43:23.467029</Data></Cell>
		</Row>
		<Row>
			<Cell><Data ss:Type="String">893</Data></Cell>
			<Cell><Data ss:Type="Number">0.22</Data></Cell>
			<Cell><Data ss:Type="Number">-10</Data></Cell>
			<Cell><Data ss:Type="Number">0.1</Data></Cell>
			<Cell><Data ss:Type="Number">-9.45</Data></Cell>
			<Cell><Data ss:Type="Number">-0.08</Data></Cell>
			<Cell><Data ss:Type="Number">-0.93</Data></Cell>
			<Cell><Data ss:Type="Number">22.7</Data></Cell>
			<Cell><Data ss:Type="Number">39.6</Data></Cell>
			<Cell><Data ss:Type="Number">0</Data></Cell>
			<Cell><Data ss:Type="Number">0</Data></Cell>
			<Cell><Data ss:Type="String">2023-12-07 16:43:23.465079</Data></Cell>
		</Row>
		<Row>
			<Cell><Data ss:Type="String">892</Data></Cell>
			<Cell><Data ss:Type="Number">0.3</Data></Cell>
			<Cell><Data ss:Type="Number">-10.22</Data></Cell>
			<Cell><Data ss:Type="Number">0.22</Data></Cell>
			<Cell><Data ss:Type="Number">-9.54</Data></Cell>
			<Cell><Data ss:Type="Number">-0.06</Data></Cell>
			<Cell><Data ss:Type="Number">-0.89</Data></Cell>
			<Cell><Data ss:Type="Number">22.7</Data></Cell>
			<Cell><Data ss:Type="Number">39.6</Data></Cell>
			<Cell><Data ss:Type="Number">0</Data></Cell>
			<Cell><Data ss:Type="Number">0</Data></Cell>
			<Cell><Data ss:Type="String">2023-12-07 16:43:23.418322</Data></Cell>
		</Row>
		<Row>
			<Cell><Data ss:Type="String">891</Data></Cell>
			<Cell><Data ss:Type="Number">0.34</Data></Cell>
			<Cell><Data ss:Type="Number">-10.22</Data></Cell>
			<Cell><Data ss:Type="Number">0.18</Data></Cell>
			<Cell><Data ss:Type="Number">-9.52</Data></Cell>
			<Cell><Data ss:Type="Number">-0.1</Data></Cell>
			<Cell><Data ss:Type="Number">-0.88</Data></Cell>
			<Cell><Data ss:Type="Number">22.7</Data></Cell>
			<Cell><Data ss:Type="Number">39.6</Data></Cell>
			<Cell><Data ss:Type="Number">0</Data></Cell>
			<Cell><Data ss:Type="Number">0</Data></Cell>
			<Cell><Data ss:Type="String">2023-12-07 16:43:23.377057</Data></Cell>
		</Row>
		<Row>
			<Cell><Data ss:Type="String">890</Data></Cell>
			<Cell><Data ss:Type="Number">0.25</Data></Cell>
			<Cell><Data ss:Type="Number">-10.09</Data></Cell>
			<Cell><Data ss:Type="Number">0.14</Data></Cell>
			<Cell><Data ss:Type="Number">-9.45</Data></Cell>
			<Cell><Data ss:Type="Number">-0.05</Data></Cell>
			<Cell><Data ss:Type="Number">-0.93</Data></Cell>
			<Cell><Data ss:Type="Number">22.7</Data></Cell>
			<Cell><Data ss:Type="Number">39.6</Data></Cell>
			<Cell><Data ss:Type="Number">0</Data></Cell>
			<Cell><Data ss:Type="Number">0</Data></Cell>
			<Cell><Data ss:Type="String">2023-12-07 16:43:23.374860</Data></Cell>
		</Row>
		<Row>
			<Cell><Data ss:Type="String">889</Data></Cell>
			<Cell><Data ss:Type="Number">0.3</Data></Cell>
			<Cell><Data ss:Type="Number">-9.96</Data></Cell>
			<Cell><Data ss:Type="Number">0.22</Data></Cell>
			<Cell><Data ss:Type="Number">-9.4</Data></Cell>
			<Cell><Data ss:Type="Number">-0.08</Data></Cell>
			<Cell><Data ss:Type="Number">-0.91</Data></Cell>
			<Cell><Data ss:Type="Number">22.7</Data></Cell>
			<Cell><Data ss:Type="Number">39.6</Data></Cell>
			<Cell><Data ss:Type="Number">0</Data></Cell>
			<Cell><Data ss:Type="Number">0</Data></Cell>
			<Cell><Data ss:Type="String">2023-12-07 16:43:23.372688</Data></Cell>
		</Row>
		<Row>
			<Cell><Data ss:Type="String">888</Data></Cell>
			<Cell><Data ss:Type="Number">0.4</Data></Cell>
			<Cell><Data ss:Type="Number">-9.87</Data></Cell>
			<Cell><Data ss:Type="Number">0.05</Data></Cell>
			<Cell><Data ss:Type="Number">-9.46</Data></Cell>
			<Cell><Data ss:Type="Number">-0.07</Data></Cell>
			<Cell><Data ss:Type="Number">-0.92</Data></Cell>
			<Cell><Data ss:Type="Number">22.7</Data></Cell>
			<Cell><Data ss:Type="Number">39.6</Data></Cell>
			<Cell><Data ss:Type="Number">0</Data></Cell>
			<Cell><Data ss:Type="Number">0</Data></Cell>
			<Cell><Data ss:Type="String">2023-12-07 16:43:23.370768</Data></Cell>
		</Row>
		<Row>
			<Cell><Data ss:Type="String">887</Data></Cell>
			<Cell><Data ss:Type="Number">0.31</Data></Cell>
			<Cell><Data ss:Type="Number">-10.14</Data></Cell>
			<Cell><Data ss:Type="Number">0.17</Data></Cell>
			<Cell><Data ss:Type="Number">-9.47</Data></Cell>
			<Cell><Data ss:Type="Number">-0.08</Data></Cell>
			<Cell><Data ss:Type="Number">-0.9</Data></Cell>
			<Cell><Data ss:Type="Number">22.7</Data></Cell>
			<Cell><Data ss:Type="Number">39.6</Data></Cell>
			<Cell><Data ss:Type="Number">0</Data></Cell>
			<Cell><Data ss:Type="Number">0</Data></Cell>
			<Cell><Data ss:Type="String">2023-12-07 16:43:23.368801</Data></Cell>
		</Row>
		<Row>
			<Cell><Data ss:Type="String">886</Data></Cell>
			<Cell><Data ss:Type="Number">0.31</Data></Cell>
			<Cell><Data ss:Type="Number">-10.2</Data></Cell>
			<Cell><Data ss:Type="Number">0.21</Data></Cell>
			<Cell><Data ss:Type="Number">-9.56</Data></Cell>
			<Cell><Data ss:Type="Number">-0.07</Data></Cell>
			<Cell><Data ss:Type="Number">-0.89</Data></Cell>
			<Cell><Data ss:Type="Number">22.7</Data></Cell>
			<Cell><Data ss:Type="Number">39.6</Data></Cell>
			<Cell><Data ss:Type="Number">0</Data></Cell>
			<Cell><Data ss:Type="Number">0</Data></Cell>
			<Cell><Data ss:Type="String">2023-12-07 16:43:23.367058</Data></Cell>
		</Row>
		<Row>
			<Cell><Data ss:Type="String">885</Data></Cell>
			<Cell><Data ss:Type="Number">0.32</Data></Cell>
			<Cell><Data ss:Type="Number">-10.19</Data></Cell>
			<Cell><Data ss:Type="Number">0.14</Data></Cell>
			<Cell><Data ss:Type="Number">-9.5</Data></Cell>
			<Cell><Data ss:Type="Number">-0.07</Data></Cell>
			<Cell><Data ss:Type="Number">-0.94</Data></Cell>
			<Cell><Data ss:Type="Number">22.7</Data></Cell>
			<Cell><Data ss:Type="Number">39.6</Data></Cell>
			<Cell><Data ss:Type="Number">0</Data></Cell>
			<Cell><Data ss:Type="Number">0</Data></Cell>
			<Cell><Data ss:Type="String">2023-12-07 16:43:23.361787</Data></Cell>
		</Row>
		<Row>
			<Cell><Data ss:Type="String">884</Data></Cell>
			<Cell><Data ss:Type="Number">0.25</Data></Cell>
			<Cell><Data ss:Type="Number">-9.91</Data></Cell>
			<Cell><Data ss:Type="Number">0.15</Data></Cell>
			<Cell><Data ss:Type="Number">-9.44</Data></Cell>
			<Cell><Data ss:Type="Number">-0.08</Data></Cell>
			<Cell><Data ss:Type="Number">-0.88</Data></Cell>
			<Cell><Data ss:Type="Number">22.7</Data></Cell>
			<Cell><Data ss:Type="Number">39.6</Data></Cell>
			<Cell><Data ss:Type="Number">0</Data></Cell>
			<Cell><Data ss:Type="Number">0</Data></Cell>
			<Cell><Data ss:Type="String">2023-12-07 16:43:23.129799</Data></Cell>
		</Row>
		<Row>
			<Cell><Data ss:Type="String">883</Data></Cell>
			<Cell><Data ss:Type="Number">0.25</Data></Cell>
			<Cell><Data ss:Type="Number">-10.26</Data></Cell>
			<Cell><Data ss:Type="Number">0.1</Data></Cell>
			<Cell><Data ss:Type="Number">-9.52</Data></Cell>
			<Cell><Data ss:Type="Number">-0.08</Data></Cell>
			<Cell><Data ss:Type="Number">-0.93</Data></Cell>
			<Cell><Data ss:Type="Number">22.7</Data></Cell>
			<Cell><Data ss:Type="Number">39.6</Data></Cell>
			<Cell><Data ss:Type="Number">0</Data></Cell>
			<Cell><Data ss:Type="Number">0</Data></Cell>
			<Cell><Data ss:Type="String">2023-12-07 16:43:23.127606</Data></Cell>
		</Row>
		<Row>
			<Cell><Data ss:Type="String">882</Data></Cell>
			<Cell><Data ss:Type="Number">0.49</Data></Cell>
			<Cell><Data ss:Type="Number">-10.12</Data></Cell>
			<Cell><Data ss:Type="Number">0.19</Data></Cell>
			<Cell><Data ss:Type="Number">-9.43</Data></Cell>
			<Cell><Data ss:Type="Number">0</Data></Cell>
			<Cell><Data ss:Type="Number">-0.93</Data></Cell>
			<Cell><Data ss:Type="Number">22.7</Data></Cell>
			<Cell><Data ss:Type="Number">39.6</Data></Cell>
			<Cell><Data ss:Type="Number">0</Data></Cell>
			<Cell><Data ss:Type="Number">0</Data></Cell>
			<Cell><Data ss:Type="String">2023-12-07 16:43:23.079818</Data></Cell>
		</Row>
		<Row>
			<Cell><Data ss:Type="String">881</Data></Cell>
			<Cell><Data ss:Type="Number">0.51</Data></Cell>
			<Cell><Data ss:Type="Number">-9.91</Data></Cell>
			<Cell><Data ss:Type="Number">0.34</Data></Cell>
			<Cell><Data ss:Type="Number">-9.42</Data></Cell>
			<Cell><Data ss:Type="Number">-0.21</Data></Cell>
			<Cell><Data ss:Type="Number">-0.88</Data></Cell>
			<Cell><Data ss:Type="Number">22.7</Data></Cell>
			<Cell><Data ss:Type="Number">39.6</Data></Cell>
			<Cell><Data ss:Type="Number">0</Data></Cell>
			<Cell><Data ss:Type="Number">0</Data></Cell>
			<Cell><Data ss:Type="String">2023-12-07 16:43:23.077299</Data></Cell>
		</Row>
		<Row>
			<Cell><Data ss:Type="String">880</Data></Cell>
			<Cell><Data ss:Type="Number">0.29</Data></Cell>
			<Cell><Data ss:Type="Number">-9.95</Data></Cell>
			<Cell><Data ss:Type="Number">0.23</Data></Cell>
			<Cell><Data ss:Type="Number">-9.46</Data></Cell>
			<Cell><Data ss:Type="Number">-0.13</Data></Cell>
			<Cell><Data ss:Type="Number">-0.95</Data></Cell>
			<Cell><Data ss:Type="Number">22.7</Data></Cell>
			<Cell><Data ss:Type="Number">39.6</Data></Cell>
			<Cell><Data ss:Type="Number">0</Data></Cell>
			<Cell><Data ss:Type="Number">0</Data></Cell>
			<Cell><Data ss:Type="String">2023-12-07 16:43:23.074677</Data></Cell>
		</Row>
		<Row>
			<Cell><Data ss:Type="String">879</Data></Cell>
			<Cell><Data ss:Type="Number">0.05</Data></Cell>
			<Cell><Data ss:Type="Number">-10.17</Data></Cell>
			<Cell><Data ss:Type="Number">-0.05</Data></Cell>
			<Cell><Data ss:Type="Number">-9.54</Data></Cell>
			<Cell><Data ss:Type="Number">0</Data></Cell>
			<Cell><Data ss:Type="Number">-0.87</Data></Cell>
			<Cell><Data ss:Type="Number">22.7</Data></Cell>
			<Cell><Data ss:Type="Number">39.6</Data></Cell>
			<Cell><Data ss:Type="Number">0</Data></Cell>
			<Cell><Data ss:Type="Number">0</Data></Cell>
			<Cell><Data ss:Type="String">2023-12-07 16:43:23.072887</Data></Cell>
		</Row>
		<Row>
			<Cell><Data ss:Type="String">878</Data></Cell>
			<Cell><Data ss:Type="Number">-0.3</Data></Cell>
			<Cell><Data ss:Type="Number">-10.28</Data></Cell>
			<Cell><Data ss:Type="Number">-0.08</Data></Cell>
			<Cell><Data ss:Type="Number">-9.57</Data></Cell>
			<Cell><Data ss:Type="Number">0.31</Data></Cell>
			<Cell><Data ss:Type="Number">-1.02</Data></Cell>
			<Cell><Data ss:Type="Number">22.7</Data></Cell>
			<Cell><Data ss:Type="Number">39.6</Data></Cell>
			<Cell><Data ss:Type="Number">0</Data></Cell>
			<Cell><Data ss:Type="Number">0</Data></Cell>
			<Cell><Data ss:Type="String">2023-12-07 16:43:23.071040</Data></Cell>
		</Row>
		<Row>
			<Cell><Data ss:Type="String">877</Data></Cell>
			<Cell><Data ss:Type="Number">1.12</Data></Cell>
			<Cell><Data ss:Type="Number">-9.93</Data></Cell>
			<Cell><Data ss:Type="Number">0.43</Data></Cell>
			<Cell><Data ss:Type="Number">-9.39</Data></Cell>
			<Cell><Data ss:Type="Number">-0.24</Data></Cell>
			<Cell><Data ss:Type="Number">-0.92</Data></Cell>
			<Cell><Data ss:Type="Number">22.7</Data></Cell>
			<Cell><Data ss:Type="Number">39.6</Data></Cell>
			<Cell><Data ss:Type="Number">0</Data></Cell>
			<Cell><Data ss:Type="Number">0</Data></Cell>
			<Cell><Data ss:Type="String">2023-12-07 16:43:23.069306</Data></Cell>
		</Row>
		<Row>
			<Cell><Data ss:Type="String">876</Data></Cell>
			<Cell><Data ss:Type="Number">1.08</Data></Cell>
			<Cell><Data ss:Type="Number">-9.92</Data></Cell>
			<Cell><Data ss:Type="Number">0.9</Data></Cell>
			<Cell><Data ss:Type="Number">-9.37</Data></Cell>
			<Cell><Data ss:Type="Number">-0.83</Data></Cell>
			<Cell><Data ss:Type="Number">-0.72</Data></Cell>
			<Cell><Data ss:Type="Number">22.7</Data></Cell>
			<Cell><Data ss:Type="Number">39.6</Data></Cell>
			<Cell><Data ss:Type="Number">0</Data></Cell>
			<Cell><Data ss:Type="Number">0</Data></Cell>
			<Cell><Data ss:Type="String">2023-12-07 16:43:23.064479</Data></Cell>
		</Row>
		<Row>
			<Cell><Data ss:Type="String">875</Data></Cell>
			<Cell><Data ss:Type="Number">-3.67</Data></Cell>
			<Cell><Data ss:Type="Number">-9.76</Data></Cell>
			<Cell><Data ss:Type="Number">1.75</Data></Cell>
			<Cell><Data ss:Type="Number">-9.34</Data></Cell>
			<Cell><Data ss:Type="Number">-1.33</Data></Cell>
			<Cell><Data ss:Type="Number">-0.99</Data></Cell>
			<Cell><Data ss:Type="Number">22.7</Data></Cell>
			<Cell><Data ss:Type="Number">39.6</Data></Cell>
			<Cell><Data ss:Type="Number">0</Data></Cell>
			<Cell><Data ss:Type="Number">0</Data></Cell>
			<Cell><Data ss:Type="String">2023-12-07 16:43:22.815540</Data></Cell>
		</Row>
		<Row>
			<Cell><Data ss:Type="String">874</Data></Cell>
			<Cell><Data ss:Type="Number">1.61</Data></Cell>
			<Cell><Data ss:Type="Number">-11.63</Data></Cell>
			<Cell><Data ss:Type="Number">3.33</Data></Cell>
			<Cell><Data ss:Type="Number">-9.68</Data></Cell>
			<Cell><Data ss:Type="Number">-1.3</Data></Cell>
			<Cell><Data ss:Type="Number">0.16</Data></Cell>
			<Cell><Data ss:Type="Number">22.7</Data></Cell>
			<Cell><Data ss:Type="Number">39.6</Data></Cell>
			<Cell><Data ss:Type="Number">0</Data></Cell>
			<Cell><Data ss:Type="Number">0</Data></Cell>
			<Cell><Data ss:Type="String">2023-12-07 16:43:22.813843</Data></Cell>
		</Row>
		<Row>
			<Cell><Data ss:Type="String">873</Data></Cell>
			<Cell><Data ss:Type="Number">0.03</Data></Cell>
			<Cell><Data ss:Type="Number">-10.21</Data></Cell>
			<Cell><Data ss:Type="Number">0.25</Data></Cell>
			<Cell><Data ss:Type="Number">-9.46</Data></Cell>
			<Cell><Data ss:Type="Number">-0.04</Data></Cell>
			<Cell><Data ss:Type="Number">-0.88</Data></Cell>
			<Cell><Data ss:Type="Number">22.7</Data></Cell>
			<Cell><Data ss:Type="Number">39.6</Data></Cell>
			<Cell><Data ss:Type="Number">0</Data></Cell>
			<Cell><Data ss:Type="Number">0</Data></Cell>
			<Cell><Data ss:Type="String">2023-12-07 16:43:22.774888</Data></Cell>
		</Row>
		<Row>
			<Cell><Data ss:Type="String">872</Data></Cell>
			<Cell><Data ss:Type="Number">0.38</Data></Cell>
			<Cell><Data ss:Type="Number">-10.39</Data></Cell>
			<Cell><Data ss:Type="Number">-0.06</Data></Cell>
			<Cell><Data ss:Type="Number">-9.5</Data></Cell>
			<Cell><Data ss:Type="Number">-0.17</Data></Cell>
			<Cell><Data ss:Type="Number">-0.89</Data></Cell>
			<Cell><Data ss:Type="Number">22.7</Data></Cell>
			<Cell><Data ss:Type="Number">39.6</Data></Cell>
			<Cell><Data ss:Type="Number">0</Data></Cell>
			<Cell><Data ss:Type="Number">0</Data></Cell>
			<Cell><Data ss:Type="String">2023-12-07 16:43:22.728210</Data></Cell>
		</Row>
		<Row>
			<Cell><Data ss:Type="String">871</Data></Cell>
			<Cell><Data ss:Type="Number">0.24</Data></Cell>
			<Cell><Data ss:Type="Number">-10.02</Data></Cell>
			<Cell><Data ss:Type="Number">0.35</Data></Cell>
			<Cell><Data ss:Type="Number">-9.48</Data></Cell>
			<Cell><Data ss:Type="Number">-0.05</Data></Cell>
			<Cell><Data ss:Type="Number">-0.89</Data></Cell>
			<Cell><Data ss:Type="Number">22.7</Data></Cell>
			<Cell><Data ss:Type="Number">39.6</Data></Cell>
			<Cell><Data ss:Type="Number">0</Data></Cell>
			<Cell><Data ss:Type="Number">0</Data></Cell>
			<Cell><Data ss:Type="String">2023-12-07 16:43:22.684560</Data></Cell>
		</Row>
		<Row>
			<Cell><Data ss:Type="String">870</Data></Cell>
			<Cell><Data ss:Type="Number">0.38</Data></Cell>
			<Cell><Data ss:Type="Number">-9.76</Data></Cell>
			<Cell><Data ss:Type="Number">0.09</Data></Cell>
			<Cell><Data ss:Type="Number">-9.39</Data></Cell>
			<Cell><Data ss:Type="Number">-0.11</Data></Cell>
			<Cell><Data ss:Type="Number">-0.98</Data></Cell>
			<Cell><Data ss:Type="Number">22.7</Data></Cell>
			<Cell><Data ss:Type="Number">39.6</Data></Cell>
			<Cell><Data ss:Type="Number">0</Data></Cell>
			<Cell><Data ss:Type="Number">0</Data></Cell>
			<Cell><Data ss:Type="String">2023-12-07 16:43:22.682784</Data></Cell>
		</Row>
		<Row>
			<Cell><Data ss:Type="String">869</Data></Cell>
			<Cell><Data ss:Type="Number">1.39</Data></Cell>
			<Cell><Data ss:Type="Number">-10.31</Data></Cell>
			<Cell><Data ss:Type="Number">0.1</Data></Cell>
			<Cell><Data ss:Type="Number">-9.51</Data></Cell>
			<Cell><Data ss:Type="Number">-0.06</Data></Cell>
			<Cell><Data ss:Type="Number">-0.91</Data></Cell>
			<Cell><Data ss:Type="Number">22.7</Data></Cell>
			<Cell><Data ss:Type="Number">39.6</Data></Cell>
			<Cell><Data ss:Type="Number">0</Data></Cell>
			<Cell><Data ss:Type="Number">0</Data></Cell>
			<Cell><Data ss:Type="String">2023-12-07 16:43:22.635864</Data></Cell>
		</Row>
		<Row>
			<Cell><Data ss:Type="String">868</Data></Cell>
			<Cell><Data ss:Type="Number">0.97</Data></Cell>
			<Cell><Data ss:Type="Number">-10.47</Data></Cell>
			<Cell><Data ss:Type="Number">-0.05</Data></Cell>
			<Cell><Data ss:Type="Number">-9.59</Data></Cell>
			<Cell><Data ss:Type="Number">-0.11</Data></Cell>
			<Cell><Data ss:Type="Number">-0.9</Data></Cell>
			<Cell><Data ss:Type="Number">22.7</Data></Cell>
			<Cell><Data ss:Type="Number">39.6</Data></Cell>
			<Cell><Data ss:Type="Number">0</Data></Cell>
			<Cell><Data ss:Type="Number">0</Data></Cell>
			<Cell><Data ss:Type="String">2023-12-07 16:43:22.591073</Data></Cell>
		</Row>
		<Row>
			<Cell><Data ss:Type="String">867</Data></Cell>
			<Cell><Data ss:Type="Number">-0.08</Data></Cell>
			<Cell><Data ss:Type="Number">-10.67</Data></Cell>
			<Cell><Data ss:Type="Number">-0.25</Data></Cell>
			<Cell><Data ss:Type="Number">-9.46</Data></Cell>
			<Cell><Data ss:Type="Number">0.02</Data></Cell>
			<Cell><Data ss:Type="Number">-0.87</Data></Cell>
			<Cell><Data ss:Type="Number">22.7</Data></Cell>
			<Cell><Data ss:Type="Number">39.6</Data></Cell>
			<Cell><Data ss:Type="Number">0</Data></Cell>
			<Cell><Data ss:Type="Number">0</Data></Cell>
			<Cell><Data ss:Type="String">2023-12-07 16:43:22.589350</Data></Cell>
		</Row>
		<Row>
			<Cell><Data ss:Type="String">866</Data></Cell>
			<Cell><Data ss:Type="Number">0.08</Data></Cell>
			<Cell><Data ss:Type="Number">-9.47</Data></Cell>
			<Cell><Data ss:Type="Number">-0.4</Data></Cell>
			<Cell><Data ss:Type="Number">-9.37</Data></Cell>
			<Cell><Data ss:Type="Number">-0.01</Data></Cell>
			<Cell><Data ss:Type="Number">-0.96</Data></Cell>
			<Cell><Data ss:Type="Number">22.7</Data></Cell>
			<Cell><Data ss:Type="Number">39.6</Data></Cell>
			<Cell><Data ss:Type="Number">0</Data></Cell>
			<Cell><Data ss:Type="Number">0</Data></Cell>
			<Cell><Data ss:Type="String">2023-12-07 16:43:22.544579</Data></Cell>
		</Row>
		<Row>
			<Cell><Data ss:Type="String">865</Data></Cell>
			<Cell><Data ss:Type="Number">0.58</Data></Cell>
			<Cell><Data ss:Type="Number">-10.07</Data></Cell>
			<Cell><Data ss:Type="Number">-0.15</Data></Cell>
			<Cell><Data ss:Type="Number">-9.52</Data></Cell>
			<Cell><Data ss:Type="Number">-0.04</Data></Cell>
			<Cell><Data ss:Type="Number">-0.92</Data></Cell>
			<Cell><Data ss:Type="Number">22.7</Data></Cell>
			<Cell><Data ss:Type="Number">39.6</Data></Cell>
			<Cell><Data ss:Type="Number">0</Data></Cell>
			<Cell><Data ss:Type="Number">0</Data></Cell>
			<Cell><Data ss:Type="String">2023-12-07 16:43:22.498308</Data></Cell>
		</Row>
		<Row>
			<Cell><Data ss:Type="String">864</Data></Cell>
			<Cell><Data ss:Type="Number">0.23</Data></Cell>
			<Cell><Data ss:Type="Number">-10.93</Data></Cell>
			<Cell><Data ss:Type="Number">0.12</Data></Cell>
			<Cell><Data ss:Type="Number">-9.65</Data></Cell>
			<Cell><Data ss:Type="Number">-0.09</Data></Cell>
			<Cell><Data ss:Type="Number">-0.83</Data></Cell>
			<Cell><Data ss:Type="Number">22.7</Data></Cell>
			<Cell><Data ss:Type="Number">39.6</Data></Cell>
			<Cell><Data ss:Type="Number">0</Data></Cell>
			<Cell><Data ss:Type="Number">0</Data></Cell>
			<Cell><Data ss:Type="String">2023-12-07 16:43:22.455749</Data></Cell>
		</Row>
		<Row>
			<Cell><Data ss:Type="String">863</Data></Cell>
			<Cell><Data ss:Type="Number">0.25</Data></Cell>
			<Cell><Data ss:Type="Number">-9.46</Data></Cell>
			<Cell><Data ss:Type="Number">0.06</Data></Cell>
			<Cell><Data ss:Type="Number">-9.35</Data></Cell>
			<Cell><Data ss:Type="Number">-0.07</Data></Cell>
			<Cell><Data ss:Type="Number">-0.92</Data></Cell>
			<Cell><Data ss:Type="Number">22.7</Data></Cell>
			<Cell><Data ss:Type="Number">39.6</Data></Cell>
			<Cell><Data ss:Type="Number">0</Data></Cell>
			<Cell><Data ss:Type="Number">0</Data></Cell>
			<Cell><Data ss:Type="String">2023-12-07 16:43:22.453707</Data></Cell>
		</Row>
		<Row>
			<Cell><Data ss:Type="String">862</Data></Cell>
			<Cell><Data ss:Type="Number">0.16</Data></Cell>
			<Cell><Data ss:Type="Number">-9.75</Data></Cell>
			<Cell><Data ss:Type="Number">-0.03</Data></Cell>
			<Cell><Data ss:Type="Number">-9.42</Data></Cell>
			<Cell><Data ss:Type="Number">0</Data></Cell>
			<Cell><Data ss:Type="Number">-0.97</Data></Cell>
			<Cell><Data ss:Type="Number">22.7</Data></Cell>
			<Cell><Data ss:Type="Number">39.6</Data></Cell>
			<Cell><Data ss:Type="Number">0</Data></Cell>
			<Cell><Data ss:Type="Number">0</Data></Cell>
			<Cell><Data ss:Type="String">2023-12-07 16:43:22.394925</Data></Cell>
		</Row>
		<Row>
			<Cell><Data ss:Type="String">861</Data></Cell>
			<Cell><Data ss:Type="Number">0.16</Data></Cell>
			<Cell><Data ss:Type="Number">-9.69</Data></Cell>
			<Cell><Data ss:Type="Number">-0.03</Data></Cell>
			<Cell><Data ss:Type="Number">-9.37</Data></Cell>
			<Cell><Data ss:Type="Number">-0.1</Data></Cell>
			<Cell><Data ss:Type="Number">-0.94</Data></Cell>
			<Cell><Data ss:Type="Number">22.7</Data></Cell>
			<Cell><Data ss:Type="Number">39.6</Data></Cell>
			<Cell><Data ss:Type="Number">0</Data></Cell>
			<Cell><Data ss:Type="Number">0</Data></Cell>
			<Cell><Data ss:Type="String">2023-12-07 16:43:22.392473</Data></Cell>
		</Row>
		<Row>
			<Cell><Data ss:Type="String">860</Data></Cell>
			<Cell><Data ss:Type="Number">0.55</Data></Cell>
			<Cell><Data ss:Type="Number">-10.14</Data></Cell>
			<Cell><Data ss:Type="Number">0.3</Data></Cell>
			<Cell><Data ss:Type="Number">-9.6</Data></Cell>
			<Cell><Data ss:Type="Number">-0.05</Data></Cell>
			<Cell><Data ss:Type="Number">-0.86</Data></Cell>
			<Cell><Data ss:Type="Number">22.7</Data></Cell>
			<Cell><Data ss:Type="Number">39.6</Data></Cell>
			<Cell><Data ss:Type="Number">0</Data></Cell>
			<Cell><Data ss:Type="Number">0</Data></Cell>
			<Cell><Data ss:Type="String">2023-12-07 16:43:22.390006</Data></Cell>
		</Row>
		<Row>
			<Cell><Data ss:Type="String">859</Data></Cell>
			<Cell><Data ss:Type="Number">0.5</Data></Cell>
			<Cell><Data ss:Type="Number">-10.14</Data></Cell>
			<Cell><Data ss:Type="Number">0.01</Data></Cell>
			<Cell><Data ss:Type="Number">-9.61</Data></Cell>
			<Cell><Data ss:Type="Number">-0.09</Data></Cell>
			<Cell><Data ss:Type="Number">-0.89</Data></Cell>
			<Cell><Data ss:Type="Number">22.7</Data></Cell>
			<Cell><Data ss:Type="Number">39.6</Data></Cell>
			<Cell><Data ss:Type="Number">0</Data></Cell>
			<Cell><Data ss:Type="Number">0</Data></Cell>
			<Cell><Data ss:Type="String">2023-12-07 16:43:22.387858</Data></Cell>
		</Row>
		<Row>
			<Cell><Data ss:Type="String">858</Data></Cell>
			<Cell><Data ss:Type="Number">0.56</Data></Cell>
			<Cell><Data ss:Type="Number">-10.22</Data></Cell>
			<Cell><Data ss:Type="Number">-0.19</Data></Cell>
			<Cell><Data ss:Type="Number">-9.5</Data></Cell>
			<Cell><Data ss:Type="Number">-0.08</Data></Cell>
			<Cell><Data ss:Type="Number">-0.91</Data></Cell>
			<Cell><Data ss:Type="Number">22.7</Data></Cell>
			<Cell><Data ss:Type="Number">39.6</Data></Cell>
			<Cell><Data ss:Type="Number">0</Data></Cell>
			<Cell><Data ss:Type="Number">0</Data></Cell>
			<Cell><Data ss:Type="String">2023-12-07 16:43:22.386088</Data></Cell>
		</Row>
		<Row>
			<Cell><Data ss:Type="String">857</Data></Cell>
			<Cell><Data ss:Type="Number">0.47</Data></Cell>
			<Cell><Data ss:Type="Number">-10.39</Data></Cell>
			<Cell><Data ss:Type="Number">0.63</Data></Cell>
			<Cell><Data ss:Type="Number">-9.54</Data></Cell>
			<Cell><Data ss:Type="Number">-0</Data></Cell>
			<Cell><Data ss:Type="Number">-0.89</Data></Cell>
			<Cell><Data ss:Type="Number">22.7</Data></Cell>
			<Cell><Data ss:Type="Number">39.6</Data></Cell>
			<Cell><Data ss:Type="Number">0</Data></Cell>
			<Cell><Data ss:Type="Number">0</Data></Cell>
			<Cell><Data ss:Type="String">2023-12-07 16:43:22.384167</Data></Cell>
		</Row>
		<Row>
			<Cell><Data ss:Type="String">856</Data></Cell>
			<Cell><Data ss:Type="Number">0.2</Data></Cell>
			<Cell><Data ss:Type="Number">-10.05</Data></Cell>
			<Cell><Data ss:Type="Number">0.19</Data></Cell>
			<Cell><Data ss:Type="Number">-9.32</Data></Cell>
			<Cell><Data ss:Type="Number">-0.06</Data></Cell>
			<Cell><Data ss:Type="Number">-0.9</Data></Cell>
			<Cell><Data ss:Type="Number">22.7</Data></Cell>
			<Cell><Data ss:Type="Number">39.6</Data></Cell>
			<Cell><Data ss:Type="Number">0</Data></Cell>
			<Cell><Data ss:Type="Number">0</Data></Cell>
			<Cell><Data ss:Type="String">2023-12-07 16:43:22.382103</Data></Cell>
		</Row>
		<Row>
			<Cell><Data ss:Type="String">855</Data></Cell>
			<Cell><Data ss:Type="Number">0.25</Data></Cell>
			<Cell><Data ss:Type="Number">-10.07</Data></Cell>
			<Cell><Data ss:Type="Number">-0.08</Data></Cell>
			<Cell><Data ss:Type="Number">-9.5</Data></Cell>
			<Cell><Data ss:Type="Number">-0.08</Data></Cell>
			<Cell><Data ss:Type="Number">-0.92</Data></Cell>
			<Cell><Data ss:Type="Number">22.7</Data></Cell>
			<Cell><Data ss:Type="Number">39.6</Data></Cell>
			<Cell><Data ss:Type="Number">0</Data></Cell>
			<Cell><Data ss:Type="Number">0</Data></Cell>
			<Cell><Data ss:Type="String">2023-12-07 16:43:22.198930</Data></Cell>
		</Row>
		<Row>
			<Cell><Data ss:Type="String">854</Data></Cell>
			<Cell><Data ss:Type="Number">0.49</Data></Cell>
			<Cell><Data ss:Type="Number">-9.94</Data></Cell>
			<Cell><Data ss:Type="Number">-0.02</Data></Cell>
			<Cell><Data ss:Type="Number">-9.54</Data></Cell>
			<Cell><Data ss:Type="Number">-0.09</Data></Cell>
			<Cell><Data ss:Type="Number">-0.91</Data></Cell>
			<Cell><Data ss:Type="Number">22.7</Data></Cell>
			<Cell><Data ss:Type="Number">39.6</Data></Cell>
			<Cell><Data ss:Type="Number">0</Data></Cell>
			<Cell><Data ss:Type="Number">0</Data></Cell>
			<Cell><Data ss:Type="String">2023-12-07 16:43:22.196693</Data></Cell>
		</Row>
		<Row>
			<Cell><Data ss:Type="String">853</Data></Cell>
			<Cell><Data ss:Type="Number">0.83</Data></Cell>
			<Cell><Data ss:Type="Number">-10.04</Data></Cell>
			<Cell><Data ss:Type="Number">0.02</Data></Cell>
			<Cell><Data ss:Type="Number">-9.42</Data></Cell>
			<Cell><Data ss:Type="Number">-0.06</Data></Cell>
			<Cell><Data ss:Type="Number">-0.89</Data></Cell>
			<Cell><Data ss:Type="Number">22.7</Data></Cell>
			<Cell><Data ss:Type="Number">39.6</Data></Cell>
			<Cell><Data ss:Type="Number">0</Data></Cell>
			<Cell><Data ss:Type="Number">0</Data></Cell>
			<Cell><Data ss:Type="String">2023-12-07 16:43:22.193897</Data></Cell>
		</Row>
		<Row>
			<Cell><Data ss:Type="String">852</Data></Cell>
			<Cell><Data ss:Type="Number">0</Data></Cell>
			<Cell><Data ss:Type="Number">-10.1</Data></Cell>
			<Cell><Data ss:Type="Number">-0.04</Data></Cell>
			<Cell><Data ss:Type="Number">-9.52</Data></Cell>
			<Cell><Data ss:Type="Number">-0.11</Data></Cell>
			<Cell><Data ss:Type="Number">-0.92</Data></Cell>
			<Cell><Data ss:Type="Number">22.7</Data></Cell>
			<Cell><Data ss:Type="Number">39.6</Data></Cell>
			<Cell><Data ss:Type="Number">0</Data></Cell>
			<Cell><Data ss:Type="Number">0</Data></Cell>
			<Cell><Data ss:Type="String">2023-12-07 16:43:22.190873</Data></Cell>
		</Row>
		<Row>
			<Cell><Data ss:Type="String">851</Data></Cell>
			<Cell><Data ss:Type="Number">0.04</Data></Cell>
			<Cell><Data ss:Type="Number">-9.93</Data></Cell>
			<Cell><Data ss:Type="Number">0.14</Data></Cell>
			<Cell><Data ss:Type="Number">-9.33</Data></Cell>
			<Cell><Data ss:Type="Number">-0.06</Data></Cell>
			<Cell><Data ss:Type="Number">-0.87</Data></Cell>
			<Cell><Data ss:Type="Number">22.7</Data></Cell>
			<Cell><Data ss:Type="Number">39.6</Data></Cell>
			<Cell><Data ss:Type="Number">0</Data></Cell>
			<Cell><Data ss:Type="Number">0</Data></Cell>
			<Cell><Data ss:Type="String">2023-12-07 16:43:22.189199</Data></Cell>
		</Row>
		<Row>
			<Cell><Data ss:Type="String">850</Data></Cell>
			<Cell><Data ss:Type="Number">0.74</Data></Cell>
			<Cell><Data ss:Type="Number">-9.98</Data></Cell>
			<Cell><Data ss:Type="Number">0.38</Data></Cell>
			<Cell><Data ss:Type="Number">-9.45</Data></Cell>
			<Cell><Data ss:Type="Number">-0.09</Data></Cell>
			<Cell><Data ss:Type="Number">-1.02</Data></Cell>
			<Cell><Data ss:Type="Number">22.7</Data></Cell>
			<Cell><Data ss:Type="Number">39.6</Data></Cell>
			<Cell><Data ss:Type="Number">0</Data></Cell>
			<Cell><Data ss:Type="Number">0</Data></Cell>
			<Cell><Data ss:Type="String">2023-12-07 16:43:22.187457</Data></Cell>
		</Row>
		<Row>
			<Cell><Data ss:Type="String">849</Data></Cell>
			<Cell><Data ss:Type="Number">0.27</Data></Cell>
			<Cell><Data ss:Type="Number">-10.06</Data></Cell>
			<Cell><Data ss:Type="Number">0.36</Data></Cell>
			<Cell><Data ss:Type="Number">-9.58</Data></Cell>
			<Cell><Data ss:Type="Number">-0.07</Data></Cell>
			<Cell><Data ss:Type="Number">-0.85</Data></Cell>
			<Cell><Data ss:Type="Number">22.7</Data></Cell>
			<Cell><Data ss:Type="Number">39.6</Data></Cell>
			<Cell><Data ss:Type="Number">0</Data></Cell>
			<Cell><Data ss:Type="Number">0</Data></Cell>
			<Cell><Data ss:Type="String">2023-12-07 16:43:22.146936</Data></Cell>
		</Row>
		<Row>
			<Cell><Data ss:Type="String">848</Data></Cell>
			<Cell><Data ss:Type="Number">0.12</Data></Cell>
			<Cell><Data ss:Type="Number">-9.84</Data></Cell>
			<Cell><Data ss:Type="Number">-0.18</Data></Cell>
			<Cell><Data ss:Type="Number">-9.36</Data></Cell>
			<Cell><Data ss:Type="Number">-0</Data></Cell>
			<Cell><Data ss:Type="Number">-0.85</Data></Cell>
			<Cell><Data ss:Type="Number">22.7</Data></Cell>
			<Cell><Data ss:Type="Number">39.6</Data></Cell>
			<Cell><Data ss:Type="Number">0</Data></Cell>
			<Cell><Data ss:Type="Number">0</Data></Cell>
			<Cell><Data ss:Type="String">2023-12-07 16:43:21.923519</Data></Cell>
		</Row>
		<Row>
			<Cell><Data ss:Type="String">847</Data></Cell>
			<Cell><Data ss:Type="Number">0.9</Data></Cell>
			<Cell><Data ss:Type="Number">-10.14</Data></Cell>
			<Cell><Data ss:Type="Number">-0.1</Data></Cell>
			<Cell><Data ss:Type="Number">-9.26</Data></Cell>
			<Cell><Data ss:Type="Number">-0.08</Data></Cell>
			<Cell><Data ss:Type="Number">-1.01</Data></Cell>
			<Cell><Data ss:Type="Number">22.7</Data></Cell>
			<Cell><Data ss:Type="Number">39.6</Data></Cell>
			<Cell><Data ss:Type="Number">0</Data></Cell>
			<Cell><Data ss:Type="Number">0</Data></Cell>
			<Cell><Data ss:Type="String">2023-12-07 16:43:21.921818</Data></Cell>
		</Row>
		<Row>
			<Cell><Data ss:Type="String">846</Data></Cell>
			<Cell><Data ss:Type="Number">0.3</Data></Cell>
			<Cell><Data ss:Type="Number">-10.01</Data></Cell>
			<Cell><Data ss:Type="Number">0.1</Data></Cell>
			<Cell><Data ss:Type="Number">-9.53</Data></Cell>
			<Cell><Data ss:Type="Number">-0.06</Data></Cell>
			<Cell><Data ss:Type="Number">-0.89</Data></Cell>
			<Cell><Data ss:Type="Number">22.7</Data></Cell>
			<Cell><Data ss:Type="Number">39.6</Data></Cell>
			<Cell><Data ss:Type="Number">0</Data></Cell>
			<Cell><Data ss:Type="Number">0</Data></Cell>
			<Cell><Data ss:Type="String">2023-12-07 16:43:21.870072</Data></Cell>
		</Row>
		<Row>
			<Cell><Data ss:Type="String">845</Data></Cell>
			<Cell><Data ss:Type="Number">-0.06</Data></Cell>
			<Cell><Data ss:Type="Number">-9.98</Data></Cell>
			<Cell><Data ss:Type="Number">-0.03</Data></Cell>
			<Cell><Data ss:Type="Number">-9.56</Data></Cell>
			<Cell><Data ss:Type="Number">-0.2</Data></Cell>
			<Cell><Data ss:Type="Number">-0.94</Data></Cell>
			<Cell><Data ss:Type="Number">22.7</Data></Cell>
			<Cell><Data ss:Type="Number">39.6</Data></Cell>
			<Cell><Data ss:Type="Number">0</Data></Cell>
			<Cell><Data ss:Type="Number">0</Data></Cell>
			<Cell><Data ss:Type="String">2023-12-07 16:43:21.823535</Data></Cell>
		</Row>
		<Row>
			<Cell><Data ss:Type="String">844</Data></Cell>
			<Cell><Data ss:Type="Number">0.33</Data></Cell>
			<Cell><Data ss:Type="Number">-10.11</Data></Cell>
			<Cell><Data ss:Type="Number">0.13</Data></Cell>
			<Cell><Data ss:Type="Number">-9.41</Data></Cell>
			<Cell><Data ss:Type="Number">-0.02</Data></Cell>
			<Cell><Data ss:Type="Number">-0.88</Data></Cell>
			<Cell><Data ss:Type="Number">22.7</Data></Cell>
			<Cell><Data ss:Type="Number">39.6</Data></Cell>
			<Cell><Data ss:Type="Number">0</Data></Cell>
			<Cell><Data ss:Type="Number">0</Data></Cell>
			<Cell><Data ss:Type="String">2023-12-07 16:43:21.781004</Data></Cell>
		</Row>
		<Row>
			<Cell><Data ss:Type="String">843</Data></Cell>
			<Cell><Data ss:Type="Number">-0.15</Data></Cell>
			<Cell><Data ss:Type="Number">-10.23</Data></Cell>
			<Cell><Data ss:Type="Number">-0.28</Data></Cell>
			<Cell><Data ss:Type="Number">-9.35</Data></Cell>
			<Cell><Data ss:Type="Number">0.1</Data></Cell>
			<Cell><Data ss:Type="Number">-0.99</Data></Cell>
			<Cell><Data ss:Type="Number">22.7</Data></Cell>
			<Cell><Data ss:Type="Number">39.6</Data></Cell>
			<Cell><Data ss:Type="Number">0</Data></Cell>
			<Cell><Data ss:Type="Number">0</Data></Cell>
			<Cell><Data ss:Type="String">2023-12-07 16:43:21.778549</Data></Cell>
		</Row>
		<Row>
			<Cell><Data ss:Type="String">842</Data></Cell>
			<Cell><Data ss:Type="Number">0.58</Data></Cell>
			<Cell><Data ss:Type="Number">-9.89</Data></Cell>
			<Cell><Data ss:Type="Number">0.07</Data></Cell>
			<Cell><Data ss:Type="Number">-9.55</Data></Cell>
			<Cell><Data ss:Type="Number">-0.09</Data></Cell>
			<Cell><Data ss:Type="Number">-0.97</Data></Cell>
			<Cell><Data ss:Type="Number">22.7</Data></Cell>
			<Cell><Data ss:Type="Number">39.6</Data></Cell>
			<Cell><Data ss:Type="Number">0</Data></Cell>
			<Cell><Data ss:Type="Number">0</Data></Cell>
			<Cell><Data ss:Type="String">2023-12-07 16:43:21.735237</Data></Cell>
		</Row>
		<Row>
			<Cell><Data ss:Type="String">841</Data></Cell>
			<Cell><Data ss:Type="Number">0.76</Data></Cell>
			<Cell><Data ss:Type="Number">-9.7</Data></Cell>
			<Cell><Data ss:Type="Number">0.53</Data></Cell>
			<Cell><Data ss:Type="Number">-9.54</Data></Cell>
			<Cell><Data ss:Type="Number">-0.59</Data></Cell>
			<Cell><Data ss:Type="Number">-0.82</Data></Cell>
			<Cell><Data ss:Type="Number">22.7</Data></Cell>
			<Cell><Data ss:Type="Number">39.6</Data></Cell>
			<Cell><Data ss:Type="Number">0</Data></Cell>
			<Cell><Data ss:Type="Number">0</Data></Cell>
			<Cell><Data ss:Type="String">2023-12-07 16:43:21.688348</Data></Cell>
		</Row>
		<Row>
			<Cell><Data ss:Type="String">840</Data></Cell>
			<Cell><Data ss:Type="Number">-0.74</Data></Cell>
			<Cell><Data ss:Type="Number">-10.4</Data></Cell>
			<Cell><Data ss:Type="Number">-0.1</Data></Cell>
			<Cell><Data ss:Type="Number">-9.53</Data></Cell>
			<Cell><Data ss:Type="Number">0.21</Data></Cell>
			<Cell><Data ss:Type="Number">-0.94</Data></Cell>
			<Cell><Data ss:Type="Number">22.7</Data></Cell>
			<Cell><Data ss:Type="Number">39.6</Data></Cell>
			<Cell><Data ss:Type="Number">0</Data></Cell>
			<Cell><Data ss:Type="Number">0</Data></Cell>
			<Cell><Data ss:Type="String">2023-12-07 16:43:21.686566</Data></Cell>
		</Row>
		<Row>
			<Cell><Data ss:Type="String">839</Data></Cell>
			<Cell><Data ss:Type="Number">0.46</Data></Cell>
			<Cell><Data ss:Type="Number">-9.26</Data></Cell>
			<Cell><Data ss:Type="Number">0.13</Data></Cell>
			<Cell><Data ss:Type="Number">-9.34</Data></Cell>
			<Cell><Data ss:Type="Number">0.47</Data></Cell>
			<Cell><Data ss:Type="Number">-0.97</Data></Cell>
			<Cell><Data ss:Type="Number">22.7</Data></Cell>
			<Cell><Data ss:Type="Number">39.6</Data></Cell>
			<Cell><Data ss:Type="Number">0</Data></Cell>
			<Cell><Data ss:Type="Number">0</Data></Cell>
			<Cell><Data ss:Type="String">2023-12-07 16:43:21.631462</Data></Cell>
		</Row>
		<Row>
			<Cell><Data ss:Type="String">838</Data></Cell>
			<Cell><Data ss:Type="Number">-2.69</Data></Cell>
			<Cell><Data ss:Type="Number">-9.83</Data></Cell>
			<Cell><Data ss:Type="Number">1.69</Data></Cell>
			<Cell><Data ss:Type="Number">-9.55</Data></Cell>
			<Cell><Data ss:Type="Number">-1.25</Data></Cell>
			<Cell><Data ss:Type="Number">-0.77</Data></Cell>
			<Cell><Data ss:Type="Number">22.7</Data></Cell>
			<Cell><Data ss:Type="Number">39.6</Data></Cell>
			<Cell><Data ss:Type="Number">0</Data></Cell>
			<Cell><Data ss:Type="Number">0</Data></Cell>
			<Cell><Data ss:Type="String">2023-12-07 16:43:21.582912</Data></Cell>
		</Row>
		<Row>
			<Cell><Data ss:Type="String">837</Data></Cell>
			<Cell><Data ss:Type="Number">-0.75</Data></Cell>
			<Cell><Data ss:Type="Number">-8.94</Data></Cell>
			<Cell><Data ss:Type="Number">0.01</Data></Cell>
			<Cell><Data ss:Type="Number">-9.4</Data></Cell>
			<Cell><Data ss:Type="Number">0.08</Data></Cell>
			<Cell><Data ss:Type="Number">-1.14</Data></Cell>
			<Cell><Data ss:Type="Number">22.7</Data></Cell>
			<Cell><Data ss:Type="Number">39.6</Data></Cell>
			<Cell><Data ss:Type="Number">0</Data></Cell>
			<Cell><Data ss:Type="Number">0</Data></Cell>
			<Cell><Data ss:Type="String">2023-12-07 16:43:21.580927</Data></Cell>
		</Row>
		<Row>
			<Cell><Data ss:Type="String">836</Data></Cell>
			<Cell><Data ss:Type="Number">0.36</Data></Cell>
			<Cell><Data ss:Type="Number">-9.97</Data></Cell>
			<Cell><Data ss:Type="Number">0.35</Data></Cell>
			<Cell><Data ss:Type="Number">-9.43</Data></Cell>
			<Cell><Data ss:Type="Number">-0.06</Data></Cell>
			<Cell><Data ss:Type="Number">-0.96</Data></Cell>
			<Cell><Data ss:Type="Number">22.7</Data></Cell>
			<Cell><Data ss:Type="Number">39.6</Data></Cell>
			<Cell><Data ss:Type="Number">0</Data></Cell>
			<Cell><Data ss:Type="Number">0</Data></Cell>
			<Cell><Data ss:Type="String">2023-12-07 16:43:21.534209</Data></Cell>
		</Row>
		<Row>
			<Cell><Data ss:Type="String">835</Data></Cell>
			<Cell><Data ss:Type="Number">0.36</Data></Cell>
			<Cell><Data ss:Type="Number">-10.09</Data></Cell>
			<Cell><Data ss:Type="Number">0.12</Data></Cell>
			<Cell><Data ss:Type="Number">-9.51</Data></Cell>
			<Cell><Data ss:Type="Number">-0.07</Data></Cell>
			<Cell><Data ss:Type="Number">-0.92</Data></Cell>
			<Cell><Data ss:Type="Number">22.7</Data></Cell>
			<Cell><Data ss:Type="Number">39.6</Data></Cell>
			<Cell><Data ss:Type="Number">0</Data></Cell>
			<Cell><Data ss:Type="Number">0</Data></Cell>
			<Cell><Data ss:Type="String">2023-12-07 16:43:21.488449</Data></Cell>
		</Row>
		<Row>
			<Cell><Data ss:Type="String">834</Data></Cell>
			<Cell><Data ss:Type="Number">0.27</Data></Cell>
			<Cell><Data ss:Type="Number">-10.12</Data></Cell>
			<Cell><Data ss:Type="Number">0.16</Data></Cell>
			<Cell><Data ss:Type="Number">-9.53</Data></Cell>
			<Cell><Data ss:Type="Number">-0.08</Data></Cell>
			<Cell><Data ss:Type="Number">-0.91</Data></Cell>
			<Cell><Data ss:Type="Number">22.7</Data></Cell>
			<Cell><Data ss:Type="Number">39.6</Data></Cell>
			<Cell><Data ss:Type="Number">0</Data></Cell>
			<Cell><Data ss:Type="Number">0</Data></Cell>
			<Cell><Data ss:Type="String">2023-12-07 16:43:21.446989</Data></Cell>
		</Row>
		<Row>
			<Cell><Data ss:Type="String">833</Data></Cell>
			<Cell><Data ss:Type="Number">0.32</Data></Cell>
			<Cell><Data ss:Type="Number">-10.1</Data></Cell>
			<Cell><Data ss:Type="Number">0.16</Data></Cell>
			<Cell><Data ss:Type="Number">-9.45</Data></Cell>
			<Cell><Data ss:Type="Number">-0.09</Data></Cell>
			<Cell><Data ss:Type="Number">-0.93</Data></Cell>
			<Cell><Data ss:Type="Number">22.7</Data></Cell>
			<Cell><Data ss:Type="Number">39.6</Data></Cell>
			<Cell><Data ss:Type="Number">0</Data></Cell>
			<Cell><Data ss:Type="Number">0</Data></Cell>
			<Cell><Data ss:Type="String">2023-12-07 16:43:21.444315</Data></Cell>
		</Row>
		<Row>
			<Cell><Data ss:Type="String">832</Data></Cell>
			<Cell><Data ss:Type="Number">0.23</Data></Cell>
			<Cell><Data ss:Type="Number">-10.04</Data></Cell>
			<Cell><Data ss:Type="Number">0.14</Data></Cell>
			<Cell><Data ss:Type="Number">-9.44</Data></Cell>
			<Cell><Data ss:Type="Number">-0.08</Data></Cell>
			<Cell><Data ss:Type="Number">-0.97</Data></Cell>
			<Cell><Data ss:Type="Number">22.7</Data></Cell>
			<Cell><Data ss:Type="Number">39.6</Data></Cell>
			<Cell><Data ss:Type="Number">0</Data></Cell>
			<Cell><Data ss:Type="Number">0</Data></Cell>
			<Cell><Data ss:Type="String">2023-12-07 16:43:21.397142</Data></Cell>
		</Row>
		<Row>
			<Cell><Data ss:Type="String">831</Data></Cell>
			<Cell><Data ss:Type="Number">0.29</Data></Cell>
			<Cell><Data ss:Type="Number">-10.09</Data></Cell>
			<Cell><Data ss:Type="Number">0.11</Data></Cell>
			<Cell><Data ss:Type="Number">-9.45</Data></Cell>
			<Cell><Data ss:Type="Number">-0.1</Data></Cell>
			<Cell><Data ss:Type="Number">-0.92</Data></Cell>
			<Cell><Data ss:Type="Number">22.7</Data></Cell>
			<Cell><Data ss:Type="Number">39.6</Data></Cell>
			<Cell><Data ss:Type="Number">0</Data></Cell>
			<Cell><Data ss:Type="Number">0</Data></Cell>
			<Cell><Data ss:Type="String">2023-12-07 16:43:21.347992</Data></Cell>
		</Row>
		<Row>
			<Cell><Data ss:Type="String">830</Data></Cell>
			<Cell><Data ss:Type="Number">0.3</Data></Cell>
			<Cell><Data ss:Type="Number">-10.14</Data></Cell>
			<Cell><Data ss:Type="Number">0.18</Data></Cell>
			<Cell><Data ss:Type="Number">-9.51</Data></Cell>
			<Cell><Data ss:Type="Number">-0.08</Data></Cell>
			<Cell><Data ss:Type="Number">-0.91</Data></Cell>
			<Cell><Data ss:Type="Number">22.7</Data></Cell>
			<Cell><Data ss:Type="Number">39.6</Data></Cell>
			<Cell><Data ss:Type="Number">0</Data></Cell>
			<Cell><Data ss:Type="Number">0</Data></Cell>
			<Cell><Data ss:Type="String">2023-12-07 16:43:21.345831</Data></Cell>
		</Row>
		<Row>
			<Cell><Data ss:Type="String">829</Data></Cell>
			<Cell><Data ss:Type="Number">0.3</Data></Cell>
			<Cell><Data ss:Type="Number">-10.12</Data></Cell>
			<Cell><Data ss:Type="Number">0.16</Data></Cell>
			<Cell><Data ss:Type="Number">-9.5</Data></Cell>
			<Cell><Data ss:Type="Number">-0.08</Data></Cell>
			<Cell><Data ss:Type="Number">-0.9</Data></Cell>
			<Cell><Data ss:Type="Number">22.7</Data></Cell>
			<Cell><Data ss:Type="Number">39.6</Data></Cell>
			<Cell><Data ss:Type="Number">0</Data></Cell>
			<Cell><Data ss:Type="Number">0</Data></Cell>
			<Cell><Data ss:Type="String">2023-12-07 16:43:21.302774</Data></Cell>
		</Row>
		<Row>
			<Cell><Data ss:Type="String">828</Data></Cell>
			<Cell><Data ss:Type="Number">0.27</Data></Cell>
			<Cell><Data ss:Type="Number">-10.03</Data></Cell>
			<Cell><Data ss:Type="Number">0.15</Data></Cell>
			<Cell><Data ss:Type="Number">-9.42</Data></Cell>
			<Cell><Data ss:Type="Number">-0.07</Data></Cell>
			<Cell><Data ss:Type="Number">-0.93</Data></Cell>
			<Cell><Data ss:Type="Number">22.7</Data></Cell>
			<Cell><Data ss:Type="Number">39.6</Data></Cell>
			<Cell><Data ss:Type="Number">0</Data></Cell>
			<Cell><Data ss:Type="Number">0</Data></Cell>
			<Cell><Data ss:Type="String">2023-12-07 16:43:21.247831</Data></Cell>
		</Row>
		<Row>
			<Cell><Data ss:Type="String">827</Data></Cell>
			<Cell><Data ss:Type="Number">0.25</Data></Cell>
			<Cell><Data ss:Type="Number">-9.97</Data></Cell>
			<Cell><Data ss:Type="Number">0.07</Data></Cell>
			<Cell><Data ss:Type="Number">-9.44</Data></Cell>
			<Cell><Data ss:Type="Number">-0.08</Data></Cell>
			<Cell><Data ss:Type="Number">-0.97</Data></Cell>
			<Cell><Data ss:Type="Number">22.7</Data></Cell>
			<Cell><Data ss:Type="Number">39.6</Data></Cell>
			<Cell><Data ss:Type="Number">0</Data></Cell>
			<Cell><Data ss:Type="Number">0</Data></Cell>
			<Cell><Data ss:Type="String">2023-12-07 16:43:21.245362</Data></Cell>
		</Row>
		<Row>
			<Cell><Data ss:Type="String">826</Data></Cell>
			<Cell><Data ss:Type="Number">0.36</Data></Cell>
			<Cell><Data ss:Type="Number">-10.15</Data></Cell>
			<Cell><Data ss:Type="Number">0.08</Data></Cell>
			<Cell><Data ss:Type="Number">-9.52</Data></Cell>
			<Cell><Data ss:Type="Number">-0.08</Data></Cell>
			<Cell><Data ss:Type="Number">-0.89</Data></Cell>
			<Cell><Data ss:Type="Number">22.7</Data></Cell>
			<Cell><Data ss:Type="Number">39.6</Data></Cell>
			<Cell><Data ss:Type="Number">0</Data></Cell>
			<Cell><Data ss:Type="Number">0</Data></Cell>
			<Cell><Data ss:Type="String">2023-12-07 16:43:21.201283</Data></Cell>
		</Row>
		<Row>
			<Cell><Data ss:Type="String">825</Data></Cell>
			<Cell><Data ss:Type="Number">0.31</Data></Cell>
			<Cell><Data ss:Type="Number">-10.2</Data></Cell>
			<Cell><Data ss:Type="Number">0.21</Data></Cell>
			<Cell><Data ss:Type="Number">-9.52</Data></Cell>
			<Cell><Data ss:Type="Number">-0.08</Data></Cell>
			<Cell><Data ss:Type="Number">-0.88</Data></Cell>
			<Cell><Data ss:Type="Number">22.7</Data></Cell>
			<Cell><Data ss:Type="Number">39.6</Data></Cell>
			<Cell><Data ss:Type="Number">0</Data></Cell>
			<Cell><Data ss:Type="Number">0</Data></Cell>
			<Cell><Data ss:Type="String">2023-12-07 16:43:21.152775</Data></Cell>
		</Row>
		<Row>
			<Cell><Data ss:Type="String">824</Data></Cell>
			<Cell><Data ss:Type="Number">0.29</Data></Cell>
			<Cell><Data ss:Type="Number">-10.07</Data></Cell>
			<Cell><Data ss:Type="Number">0.15</Data></Cell>
			<Cell><Data ss:Type="Number">-9.45</Data></Cell>
			<Cell><Data ss:Type="Number">-0.06</Data></Cell>
			<Cell><Data ss:Type="Number">-0.92</Data></Cell>
			<Cell><Data ss:Type="Number">22.7</Data></Cell>
			<Cell><Data ss:Type="Number">39.6</Data></Cell>
			<Cell><Data ss:Type="Number">0</Data></Cell>
			<Cell><Data ss:Type="Number">0</Data></Cell>
			<Cell><Data ss:Type="String">2023-12-07 16:43:21.110106</Data></Cell>
		</Row>
		<Row>
			<Cell><Data ss:Type="String">823</Data></Cell>
			<Cell><Data ss:Type="Number">0.26</Data></Cell>
			<Cell><Data ss:Type="Number">-10.03</Data></Cell>
			<Cell><Data ss:Type="Number">0.16</Data></Cell>
			<Cell><Data ss:Type="Number">-9.43</Data></Cell>
			<Cell><Data ss:Type="Number">-0.07</Data></Cell>
			<Cell><Data ss:Type="Number">-0.94</Data></Cell>
			<Cell><Data ss:Type="Number">22.7</Data></Cell>
			<Cell><Data ss:Type="Number">39.6</Data></Cell>
			<Cell><Data ss:Type="Number">0</Data></Cell>
			<Cell><Data ss:Type="Number">0</Data></Cell>
			<Cell><Data ss:Type="String">2023-12-07 16:43:21.108059</Data></Cell>
		</Row>
		<Row>
			<Cell><Data ss:Type="String">822</Data></Cell>
			<Cell><Data ss:Type="Number">0.31</Data></Cell>
			<Cell><Data ss:Type="Number">-10.08</Data></Cell>
			<Cell><Data ss:Type="Number">0.1</Data></Cell>
			<Cell><Data ss:Type="Number">-9.49</Data></Cell>
			<Cell><Data ss:Type="Number">-0.06</Data></Cell>
			<Cell><Data ss:Type="Number">-0.94</Data></Cell>
			<Cell><Data ss:Type="Number">22.7</Data></Cell>
			<Cell><Data ss:Type="Number">39.6</Data></Cell>
			<Cell><Data ss:Type="Number">0</Data></Cell>
			<Cell><Data ss:Type="Number">0</Data></Cell>
			<Cell><Data ss:Type="String">2023-12-07 16:43:21.060912</Data></Cell>
		</Row>
		<Row>
			<Cell><Data ss:Type="String">821</Data></Cell>
			<Cell><Data ss:Type="Number">0.32</Data></Cell>
			<Cell><Data ss:Type="Number">-10.11</Data></Cell>
			<Cell><Data ss:Type="Number">0.11</Data></Cell>
			<Cell><Data ss:Type="Number">-9.53</Data></Cell>
			<Cell><Data ss:Type="Number">-0.06</Data></Cell>
			<Cell><Data ss:Type="Number">-0.93</Data></Cell>
			<Cell><Data ss:Type="Number">22.7</Data></Cell>
			<Cell><Data ss:Type="Number">39.6</Data></Cell>
			<Cell><Data ss:Type="Number">0</Data></Cell>
			<Cell><Data ss:Type="Number">0</Data></Cell>
			<Cell><Data ss:Type="String">2023-12-07 16:43:21.016460</Data></Cell>
		</Row>
		<Row>
			<Cell><Data ss:Type="String">820</Data></Cell>
			<Cell><Data ss:Type="Number">0.28</Data></Cell>
			<Cell><Data ss:Type="Number">-10.23</Data></Cell>
			<Cell><Data ss:Type="Number">0.21</Data></Cell>
			<Cell><Data ss:Type="Number">-9.54</Data></Cell>
			<Cell><Data ss:Type="Number">-0.07</Data></Cell>
			<Cell><Data ss:Type="Number">-0.9</Data></Cell>
			<Cell><Data ss:Type="Number">22.7</Data></Cell>
			<Cell><Data ss:Type="Number">39.6</Data></Cell>
			<Cell><Data ss:Type="Number">0</Data></Cell>
			<Cell><Data ss:Type="Number">0</Data></Cell>
			<Cell><Data ss:Type="String">2023-12-07 16:43:20.970580</Data></Cell>
		</Row>
		<Row>
			<Cell><Data ss:Type="String">819</Data></Cell>
			<Cell><Data ss:Type="Number">0.23</Data></Cell>
			<Cell><Data ss:Type="Number">-10</Data></Cell>
			<Cell><Data ss:Type="Number">0.14</Data></Cell>
			<Cell><Data ss:Type="Number">-9.47</Data></Cell>
			<Cell><Data ss:Type="Number">-0.05</Data></Cell>
			<Cell><Data ss:Type="Number">-0.93</Data></Cell>
			<Cell><Data ss:Type="Number">22.7</Data></Cell>
			<Cell><Data ss:Type="Number">39.6</Data></Cell>
			<Cell><Data ss:Type="Number">0</Data></Cell>
			<Cell><Data ss:Type="Number">0</Data></Cell>
			<Cell><Data ss:Type="String">2023-12-07 16:43:20.968450</Data></Cell>
		</Row>
		<Row>
			<Cell><Data ss:Type="String">818</Data></Cell>
			<Cell><Data ss:Type="Number">0.31</Data></Cell>
			<Cell><Data ss:Type="Number">-9.95</Data></Cell>
			<Cell><Data ss:Type="Number">0.09</Data></Cell>
			<Cell><Data ss:Type="Number">-9.43</Data></Cell>
			<Cell><Data ss:Type="Number">-0.06</Data></Cell>
			<Cell><Data ss:Type="Number">-0.94</Data></Cell>
			<Cell><Data ss:Type="Number">22.7</Data></Cell>
			<Cell><Data ss:Type="Number">39.6</Data></Cell>
			<Cell><Data ss:Type="Number">0</Data></Cell>
			<Cell><Data ss:Type="Number">0</Data></Cell>
			<Cell><Data ss:Type="String">2023-12-07 16:43:20.921491</Data></Cell>
		</Row>
		<Row>
			<Cell><Data ss:Type="String">817</Data></Cell>
			<Cell><Data ss:Type="Number">0.44</Data></Cell>
			<Cell><Data ss:Type="Number">-9.99</Data></Cell>
			<Cell><Data ss:Type="Number">0.08</Data></Cell>
			<Cell><Data ss:Type="Number">-9.47</Data></Cell>
			<Cell><Data ss:Type="Number">-0.06</Data></Cell>
			<Cell><Data ss:Type="Number">-0.93</Data></Cell>
			<Cell><Data ss:Type="Number">22.7</Data></Cell>
			<Cell><Data ss:Type="Number">39.6</Data></Cell>
			<Cell><Data ss:Type="Number">0</Data></Cell>
			<Cell><Data ss:Type="Number">0</Data></Cell>
			<Cell><Data ss:Type="String">2023-12-07 16:43:20.919464</Data></Cell>
		</Row>
		<Row>
			<Cell><Data ss:Type="String">816</Data></Cell>
			<Cell><Data ss:Type="Number">0.34</Data></Cell>
			<Cell><Data ss:Type="Number">-10.13</Data></Cell>
			<Cell><Data ss:Type="Number">0.16</Data></Cell>
			<Cell><Data ss:Type="Number">-9.52</Data></Cell>
			<Cell><Data ss:Type="Number">-0.08</Data></Cell>
			<Cell><Data ss:Type="Number">-0.91</Data></Cell>
			<Cell><Data ss:Type="Number">22.7</Data></Cell>
			<Cell><Data ss:Type="Number">39.6</Data></Cell>
			<Cell><Data ss:Type="Number">0</Data></Cell>
			<Cell><Data ss:Type="Number">0</Data></Cell>
			<Cell><Data ss:Type="String">2023-12-07 16:43:20.917672</Data></Cell>
		</Row>
		<Row>
			<Cell><Data ss:Type="String">815</Data></Cell>
			<Cell><Data ss:Type="Number">0.33</Data></Cell>
			<Cell><Data ss:Type="Number">-10.27</Data></Cell>
			<Cell><Data ss:Type="Number">0.22</Data></Cell>
			<Cell><Data ss:Type="Number">-9.53</Data></Cell>
			<Cell><Data ss:Type="Number">-0.07</Data></Cell>
			<Cell><Data ss:Type="Number">-0.9</Data></Cell>
			<Cell><Data ss:Type="Number">22.7</Data></Cell>
			<Cell><Data ss:Type="Number">39.6</Data></Cell>
			<Cell><Data ss:Type="Number">0</Data></Cell>
			<Cell><Data ss:Type="Number">0</Data></Cell>
			<Cell><Data ss:Type="String">2023-12-07 16:43:20.803235</Data></Cell>
		</Row>
		<Row>
			<Cell><Data ss:Type="String">814</Data></Cell>
			<Cell><Data ss:Type="Number">0.33</Data></Cell>
			<Cell><Data ss:Type="Number">-10.13</Data></Cell>
			<Cell><Data ss:Type="Number">0.39</Data></Cell>
			<Cell><Data ss:Type="Number">-9.44</Data></Cell>
			<Cell><Data ss:Type="Number">-0.07</Data></Cell>
			<Cell><Data ss:Type="Number">-0.91</Data></Cell>
			<Cell><Data ss:Type="Number">22.7</Data></Cell>
			<Cell><Data ss:Type="Number">39.6</Data></Cell>
			<Cell><Data ss:Type="Number">0</Data></Cell>
			<Cell><Data ss:Type="Number">0</Data></Cell>
			<Cell><Data ss:Type="String">2023-12-07 16:43:20.799686</Data></Cell>
		</Row>
		<Row>
			<Cell><Data ss:Type="String">813</Data></Cell>
			<Cell><Data ss:Type="Number">0.31</Data></Cell>
			<Cell><Data ss:Type="Number">-10.03</Data></Cell>
			<Cell><Data ss:Type="Number">0.09</Data></Cell>
			<Cell><Data ss:Type="Number">-9.41</Data></Cell>
			<Cell><Data ss:Type="Number">-0.06</Data></Cell>
			<Cell><Data ss:Type="Number">-0.92</Data></Cell>
			<Cell><Data ss:Type="Number">22.7</Data></Cell>
			<Cell><Data ss:Type="Number">39.6</Data></Cell>
			<Cell><Data ss:Type="Number">0</Data></Cell>
			<Cell><Data ss:Type="Number">0</Data></Cell>
			<Cell><Data ss:Type="String">2023-12-07 16:43:20.754384</Data></Cell>
		</Row>
		<Row>
			<Cell><Data ss:Type="String">812</Data></Cell>
			<Cell><Data ss:Type="Number">0.39</Data></Cell>
			<Cell><Data ss:Type="Number">-10.02</Data></Cell>
			<Cell><Data ss:Type="Number">0.13</Data></Cell>
			<Cell><Data ss:Type="Number">-9.5</Data></Cell>
			<Cell><Data ss:Type="Number">-0.09</Data></Cell>
			<Cell><Data ss:Type="Number">-0.96</Data></Cell>
			<Cell><Data ss:Type="Number">22.7</Data></Cell>
			<Cell><Data ss:Type="Number">39.6</Data></Cell>
			<Cell><Data ss:Type="Number">0</Data></Cell>
			<Cell><Data ss:Type="Number">0</Data></Cell>
			<Cell><Data ss:Type="String">2023-12-07 16:43:20.714465</Data></Cell>
		</Row>
		<Row>
			<Cell><Data ss:Type="String">811</Data></Cell>
			<Cell><Data ss:Type="Number">0.3</Data></Cell>
			<Cell><Data ss:Type="Number">-10.19</Data></Cell>
			<Cell><Data ss:Type="Number">0.14</Data></Cell>
			<Cell><Data ss:Type="Number">-9.52</Data></Cell>
			<Cell><Data ss:Type="Number">-0.09</Data></Cell>
			<Cell><Data ss:Type="Number">-0.91</Data></Cell>
			<Cell><Data ss:Type="Number">22.7</Data></Cell>
			<Cell><Data ss:Type="Number">39.6</Data></Cell>
			<Cell><Data ss:Type="Number">0</Data></Cell>
			<Cell><Data ss:Type="Number">0</Data></Cell>
			<Cell><Data ss:Type="String">2023-12-07 16:43:20.712276</Data></Cell>
		</Row>
		<Row>
			<Cell><Data ss:Type="String">810</Data></Cell>
			<Cell><Data ss:Type="Number">0.26</Data></Cell>
			<Cell><Data ss:Type="Number">-10.24</Data></Cell>
			<Cell><Data ss:Type="Number">0.15</Data></Cell>
			<Cell><Data ss:Type="Number">-9.47</Data></Cell>
			<Cell><Data ss:Type="Number">-0.07</Data></Cell>
			<Cell><Data ss:Type="Number">-0.91</Data></Cell>
			<Cell><Data ss:Type="Number">22.7</Data></Cell>
			<Cell><Data ss:Type="Number">39.6</Data></Cell>
			<Cell><Data ss:Type="Number">0</Data></Cell>
			<Cell><Data ss:Type="Number">0</Data></Cell>
			<Cell><Data ss:Type="String">2023-12-07 16:43:20.665784</Data></Cell>
		</Row>
		<Row>
			<Cell><Data ss:Type="String">809</Data></Cell>
			<Cell><Data ss:Type="Number">0.26</Data></Cell>
			<Cell><Data ss:Type="Number">-10.02</Data></Cell>
			<Cell><Data ss:Type="Number">0.27</Data></Cell>
			<Cell><Data ss:Type="Number">-9.44</Data></Cell>
			<Cell><Data ss:Type="Number">-0.05</Data></Cell>
			<Cell><Data ss:Type="Number">-0.91</Data></Cell>
			<Cell><Data ss:Type="Number">22.7</Data></Cell>
			<Cell><Data ss:Type="Number">39.6</Data></Cell>
			<Cell><Data ss:Type="Number">0</Data></Cell>
			<Cell><Data ss:Type="Number">0</Data></Cell>
			<Cell><Data ss:Type="String">2023-12-07 16:43:20.602051</Data></Cell>
		</Row>
		<Row>
			<Cell><Data ss:Type="String">808</Data></Cell>
			<Cell><Data ss:Type="Number">0.3</Data></Cell>
			<Cell><Data ss:Type="Number">-9.95</Data></Cell>
			<Cell><Data ss:Type="Number">0.11</Data></Cell>
			<Cell><Data ss:Type="Number">-9.47</Data></Cell>
			<Cell><Data ss:Type="Number">-0.11</Data></Cell>
			<Cell><Data ss:Type="Number">-0.95</Data></Cell>
			<Cell><Data ss:Type="Number">22.7</Data></Cell>
			<Cell><Data ss:Type="Number">39.6</Data></Cell>
			<Cell><Data ss:Type="Number">0</Data></Cell>
			<Cell><Data ss:Type="Number">0</Data></Cell>
			<Cell><Data ss:Type="String">2023-12-07 16:43:20.600256</Data></Cell>
		</Row>
		<Row>
			<Cell><Data ss:Type="String">807</Data></Cell>
			<Cell><Data ss:Type="Number">0.2</Data></Cell>
			<Cell><Data ss:Type="Number">-10.07</Data></Cell>
			<Cell><Data ss:Type="Number">0.16</Data></Cell>
			<Cell><Data ss:Type="Number">-9.55</Data></Cell>
			<Cell><Data ss:Type="Number">-0.05</Data></Cell>
			<Cell><Data ss:Type="Number">-0.89</Data></Cell>
			<Cell><Data ss:Type="Number">22.7</Data></Cell>
			<Cell><Data ss:Type="Number">39.6</Data></Cell>
			<Cell><Data ss:Type="Number">0</Data></Cell>
			<Cell><Data ss:Type="Number">0</Data></Cell>
			<Cell><Data ss:Type="String">2023-12-07 16:43:20.554607</Data></Cell>
		</Row>
		<Row>
			<Cell><Data ss:Type="String">806</Data></Cell>
			<Cell><Data ss:Type="Number">0.3</Data></Cell>
			<Cell><Data ss:Type="Number">-10.22</Data></Cell>
			<Cell><Data ss:Type="Number">0.09</Data></Cell>
			<Cell><Data ss:Type="Number">-9.51</Data></Cell>
			<Cell><Data ss:Type="Number">-0.09</Data></Cell>
			<Cell><Data ss:Type="Number">-0.92</Data></Cell>
			<Cell><Data ss:Type="Number">22.7</Data></Cell>
			<Cell><Data ss:Type="Number">39.6</Data></Cell>
			<Cell><Data ss:Type="Number">0</Data></Cell>
			<Cell><Data ss:Type="Number">0</Data></Cell>
			<Cell><Data ss:Type="String">2023-12-07 16:43:20.511906</Data></Cell>
		</Row>
		<Row>
			<Cell><Data ss:Type="String">805</Data></Cell>
			<Cell><Data ss:Type="Number">0.29</Data></Cell>
			<Cell><Data ss:Type="Number">-10.14</Data></Cell>
			<Cell><Data ss:Type="Number">0.18</Data></Cell>
			<Cell><Data ss:Type="Number">-9.45</Data></Cell>
			<Cell><Data ss:Type="Number">-0.07</Data></Cell>
			<Cell><Data ss:Type="Number">-0.87</Data></Cell>
			<Cell><Data ss:Type="Number">22.7</Data></Cell>
			<Cell><Data ss:Type="Number">39.6</Data></Cell>
			<Cell><Data ss:Type="Number">0</Data></Cell>
			<Cell><Data ss:Type="Number">0</Data></Cell>
			<Cell><Data ss:Type="String">2023-12-07 16:43:20.509266</Data></Cell>
		</Row>
		<Row>
			<Cell><Data ss:Type="String">804</Data></Cell>
			<Cell><Data ss:Type="Number">0.3</Data></Cell>
			<Cell><Data ss:Type="Number">-9.99</Data></Cell>
			<Cell><Data ss:Type="Number">0.07</Data></Cell>
			<Cell><Data ss:Type="Number">-9.43</Data></Cell>
			<Cell><Data ss:Type="Number">-0.08</Data></Cell>
			<Cell><Data ss:Type="Number">-0.95</Data></Cell>
			<Cell><Data ss:Type="Number">22.7</Data></Cell>
			<Cell><Data ss:Type="Number">39.6</Data></Cell>
			<Cell><Data ss:Type="Number">0</Data></Cell>
			<Cell><Data ss:Type="Number">0</Data></Cell>
			<Cell><Data ss:Type="String">2023-12-07 16:43:20.464902</Data></Cell>
		</Row>
		<Row>
			<Cell><Data ss:Type="String">803</Data></Cell>
			<Cell><Data ss:Type="Number">0.3</Data></Cell>
			<Cell><Data ss:Type="Number">-10.05</Data></Cell>
			<Cell><Data ss:Type="Number">0.14</Data></Cell>
			<Cell><Data ss:Type="Number">-9.45</Data></Cell>
			<Cell><Data ss:Type="Number">-0.07</Data></Cell>
			<Cell><Data ss:Type="Number">-0.91</Data></Cell>
			<Cell><Data ss:Type="Number">22.7</Data></Cell>
			<Cell><Data ss:Type="Number">39.6</Data></Cell>
			<Cell><Data ss:Type="Number">0</Data></Cell>
			<Cell><Data ss:Type="Number">0</Data></Cell>
			<Cell><Data ss:Type="String">2023-12-07 16:43:20.406144</Data></Cell>
		</Row>
		<Row>
			<Cell><Data ss:Type="String">802</Data></Cell>
			<Cell><Data ss:Type="Number">0.28</Data></Cell>
			<Cell><Data ss:Type="Number">-10.14</Data></Cell>
			<Cell><Data ss:Type="Number">0.1</Data></Cell>
			<Cell><Data ss:Type="Number">-9.54</Data></Cell>
			<Cell><Data ss:Type="Number">-0.08</Data></Cell>
			<Cell><Data ss:Type="Number">-0.94</Data></Cell>
			<Cell><Data ss:Type="Number">22.7</Data></Cell>
			<Cell><Data ss:Type="Number">39.6</Data></Cell>
			<Cell><Data ss:Type="Number">0</Data></Cell>
			<Cell><Data ss:Type="Number">0</Data></Cell>
			<Cell><Data ss:Type="String">2023-12-07 16:43:20.404547</Data></Cell>
		</Row>
		<Row>
			<Cell><Data ss:Type="String">801</Data></Cell>
			<Cell><Data ss:Type="Number">0.37</Data></Cell>
			<Cell><Data ss:Type="Number">-10.15</Data></Cell>
			<Cell><Data ss:Type="Number">0.18</Data></Cell>
			<Cell><Data ss:Type="Number">-9.47</Data></Cell>
			<Cell><Data ss:Type="Number">-0.05</Data></Cell>
			<Cell><Data ss:Type="Number">-0.94</Data></Cell>
			<Cell><Data ss:Type="Number">22.7</Data></Cell>
			<Cell><Data ss:Type="Number">39.6</Data></Cell>
			<Cell><Data ss:Type="Number">0</Data></Cell>
			<Cell><Data ss:Type="Number">0</Data></Cell>
			<Cell><Data ss:Type="String">2023-12-07 16:43:20.354851</Data></Cell>
		</Row>
		<Row>
			<Cell><Data ss:Type="String">800</Data></Cell>
			<Cell><Data ss:Type="Number">0.29</Data></Cell>
			<Cell><Data ss:Type="Number">-9.94</Data></Cell>
			<Cell><Data ss:Type="Number">0.09</Data></Cell>
			<Cell><Data ss:Type="Number">-9.41</Data></Cell>
			<Cell><Data ss:Type="Number">-0.07</Data></Cell>
			<Cell><Data ss:Type="Number">-0.92</Data></Cell>
			<Cell><Data ss:Type="Number">22.7</Data></Cell>
			<Cell><Data ss:Type="Number">39.6</Data></Cell>
			<Cell><Data ss:Type="Number">0</Data></Cell>
			<Cell><Data ss:Type="Number">0</Data></Cell>
			<Cell><Data ss:Type="String">2023-12-07 16:43:20.307111</Data></Cell>
		</Row>
		<Row>
			<Cell><Data ss:Type="String">799</Data></Cell>
			<Cell><Data ss:Type="Number">0.29</Data></Cell>
			<Cell><Data ss:Type="Number">-10.19</Data></Cell>
			<Cell><Data ss:Type="Number">0.11</Data></Cell>
			<Cell><Data ss:Type="Number">-9.56</Data></Cell>
			<Cell><Data ss:Type="Number">-0.06</Data></Cell>
			<Cell><Data ss:Type="Number">-0.92</Data></Cell>
			<Cell><Data ss:Type="Number">22.7</Data></Cell>
			<Cell><Data ss:Type="Number">39.6</Data></Cell>
			<Cell><Data ss:Type="Number">0</Data></Cell>
			<Cell><Data ss:Type="Number">0</Data></Cell>
			<Cell><Data ss:Type="String">2023-12-07 16:43:20.305421</Data></Cell>
		</Row>
		<Row>
			<Cell><Data ss:Type="String">798</Data></Cell>
			<Cell><Data ss:Type="Number">0.3</Data></Cell>
			<Cell><Data ss:Type="Number">-10.17</Data></Cell>
			<Cell><Data ss:Type="Number">0.08</Data></Cell>
			<Cell><Data ss:Type="Number">-9.51</Data></Cell>
			<Cell><Data ss:Type="Number">-0.06</Data></Cell>
			<Cell><Data ss:Type="Number">-0.89</Data></Cell>
			<Cell><Data ss:Type="Number">22.7</Data></Cell>
			<Cell><Data ss:Type="Number">39.6</Data></Cell>
			<Cell><Data ss:Type="Number">0</Data></Cell>
			<Cell><Data ss:Type="Number">0</Data></Cell>
			<Cell><Data ss:Type="String">2023-12-07 16:43:20.233318</Data></Cell>
		</Row>
		<Row>
			<Cell><Data ss:Type="String">797</Data></Cell>
			<Cell><Data ss:Type="Number">0.34</Data></Cell>
			<Cell><Data ss:Type="Number">-10.03</Data></Cell>
			<Cell><Data ss:Type="Number">0.19</Data></Cell>
			<Cell><Data ss:Type="Number">-9.43</Data></Cell>
			<Cell><Data ss:Type="Number">-0.08</Data></Cell>
			<Cell><Data ss:Type="Number">-0.91</Data></Cell>
			<Cell><Data ss:Type="Number">22.7</Data></Cell>
			<Cell><Data ss:Type="Number">39.6</Data></Cell>
			<Cell><Data ss:Type="Number">0</Data></Cell>
			<Cell><Data ss:Type="Number">0</Data></Cell>
			<Cell><Data ss:Type="String">2023-12-07 16:43:20.231612</Data></Cell>
		</Row>
		<Row>
			<Cell><Data ss:Type="String">796</Data></Cell>
			<Cell><Data ss:Type="Number">0.2</Data></Cell>
			<Cell><Data ss:Type="Number">-9.9</Data></Cell>
			<Cell><Data ss:Type="Number">0.14</Data></Cell>
			<Cell><Data ss:Type="Number">-9.47</Data></Cell>
			<Cell><Data ss:Type="Number">-0.15</Data></Cell>
			<Cell><Data ss:Type="Number">-0.99</Data></Cell>
			<Cell><Data ss:Type="Number">22.7</Data></Cell>
			<Cell><Data ss:Type="Number">39.6</Data></Cell>
			<Cell><Data ss:Type="Number">0</Data></Cell>
			<Cell><Data ss:Type="Number">0</Data></Cell>
			<Cell><Data ss:Type="String">2023-12-07 16:43:20.186934</Data></Cell>
		</Row>
		<Row>
			<Cell><Data ss:Type="String">795</Data></Cell>
			<Cell><Data ss:Type="Number">0.09</Data></Cell>
			<Cell><Data ss:Type="Number">-9.96</Data></Cell>
			<Cell><Data ss:Type="Number">0.13</Data></Cell>
			<Cell><Data ss:Type="Number">-9.42</Data></Cell>
			<Cell><Data ss:Type="Number">-0.12</Data></Cell>
			<Cell><Data ss:Type="Number">-0.89</Data></Cell>
			<Cell><Data ss:Type="Number">22.7</Data></Cell>
			<Cell><Data ss:Type="Number">39.6</Data></Cell>
			<Cell><Data ss:Type="Number">0</Data></Cell>
			<Cell><Data ss:Type="Number">0</Data></Cell>
			<Cell><Data ss:Type="String">2023-12-07 16:43:20.122870</Data></Cell>
		</Row>
		<Row>
			<Cell><Data ss:Type="String">794</Data></Cell>
			<Cell><Data ss:Type="Number">0.26</Data></Cell>
			<Cell><Data ss:Type="Number">-10.06</Data></Cell>
			<Cell><Data ss:Type="Number">0.01</Data></Cell>
			<Cell><Data ss:Type="Number">-9.48</Data></Cell>
			<Cell><Data ss:Type="Number">-0.07</Data></Cell>
			<Cell><Data ss:Type="Number">-0.96</Data></Cell>
			<Cell><Data ss:Type="Number">22.7</Data></Cell>
			<Cell><Data ss:Type="Number">39.6</Data></Cell>
			<Cell><Data ss:Type="Number">0</Data></Cell>
			<Cell><Data ss:Type="Number">0</Data></Cell>
			<Cell><Data ss:Type="String">2023-12-07 16:43:20.094919</Data></Cell>
		</Row>
		<Row>
			<Cell><Data ss:Type="String">793</Data></Cell>
			<Cell><Data ss:Type="Number">0.13</Data></Cell>
			<Cell><Data ss:Type="Number">-10.13</Data></Cell>
			<Cell><Data ss:Type="Number">0.02</Data></Cell>
			<Cell><Data ss:Type="Number">-9.5</Data></Cell>
			<Cell><Data ss:Type="Number">0.08</Data></Cell>
			<Cell><Data ss:Type="Number">-0.97</Data></Cell>
			<Cell><Data ss:Type="Number">22.7</Data></Cell>
			<Cell><Data ss:Type="Number">39.6</Data></Cell>
			<Cell><Data ss:Type="Number">0</Data></Cell>
			<Cell><Data ss:Type="Number">0</Data></Cell>
			<Cell><Data ss:Type="String">2023-12-07 16:43:20.092495</Data></Cell>
		</Row>
		<Row>
			<Cell><Data ss:Type="String">792</Data></Cell>
			<Cell><Data ss:Type="Number">0.62</Data></Cell>
			<Cell><Data ss:Type="Number">-10.06</Data></Cell>
			<Cell><Data ss:Type="Number">0.31</Data></Cell>
			<Cell><Data ss:Type="Number">-9.47</Data></Cell>
			<Cell><Data ss:Type="Number">-0.22</Data></Cell>
			<Cell><Data ss:Type="Number">-0.86</Data></Cell>
			<Cell><Data ss:Type="Number">22.7</Data></Cell>
			<Cell><Data ss:Type="Number">39.6</Data></Cell>
			<Cell><Data ss:Type="Number">0</Data></Cell>
			<Cell><Data ss:Type="Number">0</Data></Cell>
			<Cell><Data ss:Type="String">2023-12-07 16:43:20.046673</Data></Cell>
		</Row>
		<Row>
			<Cell><Data ss:Type="String">791</Data></Cell>
			<Cell><Data ss:Type="Number">-0.56</Data></Cell>
			<Cell><Data ss:Type="Number">-10.11</Data></Cell>
			<Cell><Data ss:Type="Number">0.27</Data></Cell>
			<Cell><Data ss:Type="Number">-9.48</Data></Cell>
			<Cell><Data ss:Type="Number">-0.31</Data></Cell>
			<Cell><Data ss:Type="Number">-0.91</Data></Cell>
			<Cell><Data ss:Type="Number">22.7</Data></Cell>
			<Cell><Data ss:Type="Number">39.6</Data></Cell>
			<Cell><Data ss:Type="Number">0</Data></Cell>
			<Cell><Data ss:Type="Number">0</Data></Cell>
			<Cell><Data ss:Type="String">2023-12-07 16:43:20.009037</Data></Cell>
		</Row>
		<Row>
			<Cell><Data ss:Type="String">790</Data></Cell>
			<Cell><Data ss:Type="Number">-0.43</Data></Cell>
			<Cell><Data ss:Type="Number">-10.12</Data></Cell>
			<Cell><Data ss:Type="Number">-0.16</Data></Cell>
			<Cell><Data ss:Type="Number">-9.47</Data></Cell>
			<Cell><Data ss:Type="Number">0.24</Data></Cell>
			<Cell><Data ss:Type="Number">-0.98</Data></Cell>
			<Cell><Data ss:Type="Number">22.7</Data></Cell>
			<Cell><Data ss:Type="Number">39.6</Data></Cell>
			<Cell><Data ss:Type="Number">0</Data></Cell>
			<Cell><Data ss:Type="Number">0</Data></Cell>
			<Cell><Data ss:Type="String">2023-12-07 16:43:20.007083</Data></Cell>
		</Row>
		<Row>
			<Cell><Data ss:Type="String">789</Data></Cell>
			<Cell><Data ss:Type="Number">0.08</Data></Cell>
			<Cell><Data ss:Type="Number">-10.15</Data></Cell>
			<Cell><Data ss:Type="Number">-0.11</Data></Cell>
			<Cell><Data ss:Type="Number">-9.49</Data></Cell>
			<Cell><Data ss:Type="Number">0.35</Data></Cell>
			<Cell><Data ss:Type="Number">-0.97</Data></Cell>
			<Cell><Data ss:Type="Number">22.7</Data></Cell>
			<Cell><Data ss:Type="Number">39.6</Data></Cell>
			<Cell><Data ss:Type="Number">0</Data></Cell>
			<Cell><Data ss:Type="Number">0</Data></Cell>
			<Cell><Data ss:Type="String">2023-12-07 16:43:20.005315</Data></Cell>
		</Row>
		<Row>
			<Cell><Data ss:Type="String">788</Data></Cell>
			<Cell><Data ss:Type="Number">-1.79</Data></Cell>
			<Cell><Data ss:Type="Number">-9.99</Data></Cell>
			<Cell><Data ss:Type="Number">0.96</Data></Cell>
			<Cell><Data ss:Type="Number">-9.53</Data></Cell>
			<Cell><Data ss:Type="Number">-1.23</Data></Cell>
			<Cell><Data ss:Type="Number">-0.96</Data></Cell>
			<Cell><Data ss:Type="Number">22.7</Data></Cell>
			<Cell><Data ss:Type="Number">39.6</Data></Cell>
			<Cell><Data ss:Type="Number">0</Data></Cell>
			<Cell><Data ss:Type="Number">0</Data></Cell>
			<Cell><Data ss:Type="String">2023-12-07 16:43:20.003722</Data></Cell>
		</Row>
		<Row>
			<Cell><Data ss:Type="String">787</Data></Cell>
			<Cell><Data ss:Type="Number">-0.49</Data></Cell>
			<Cell><Data ss:Type="Number">-9.94</Data></Cell>
			<Cell><Data ss:Type="Number">-0.91</Data></Cell>
			<Cell><Data ss:Type="Number">-9.37</Data></Cell>
			<Cell><Data ss:Type="Number">0.11</Data></Cell>
			<Cell><Data ss:Type="Number">-0.6</Data></Cell>
			<Cell><Data ss:Type="Number">22.7</Data></Cell>
			<Cell><Data ss:Type="Number">39.6</Data></Cell>
			<Cell><Data ss:Type="Number">0</Data></Cell>
			<Cell><Data ss:Type="Number">0</Data></Cell>
			<Cell><Data ss:Type="String">2023-12-07 16:43:20.001677</Data></Cell>
		</Row>
		<Row>
			<Cell><Data ss:Type="String">786</Data></Cell>
			<Cell><Data ss:Type="Number">-0.38</Data></Cell>
			<Cell><Data ss:Type="Number">-6.26</Data></Cell>
			<Cell><Data ss:Type="Number">-0.45</Data></Cell>
			<Cell><Data ss:Type="Number">-9.28</Data></Cell>
			<Cell><Data ss:Type="Number">1.89</Data></Cell>
			<Cell><Data ss:Type="Number">-0.56</Data></Cell>
			<Cell><Data ss:Type="Number">22.7</Data></Cell>
			<Cell><Data ss:Type="Number">39.6</Data></Cell>
			<Cell><Data ss:Type="Number">0</Data></Cell>
			<Cell><Data ss:Type="Number">0</Data></Cell>
			<Cell><Data ss:Type="String">2023-12-07 16:43:19.999646</Data></Cell>
		</Row>
		<Row>
			<Cell><Data ss:Type="String">785</Data></Cell>
			<Cell><Data ss:Type="Number">0.44</Data></Cell>
			<Cell><Data ss:Type="Number">-10.35</Data></Cell>
			<Cell><Data ss:Type="Number">0.39</Data></Cell>
			<Cell><Data ss:Type="Number">-9.44</Data></Cell>
			<Cell><Data ss:Type="Number">-0.04</Data></Cell>
			<Cell><Data ss:Type="Number">-0.91</Data></Cell>
			<Cell><Data ss:Type="Number">22.7</Data></Cell>
			<Cell><Data ss:Type="Number">39.6</Data></Cell>
			<Cell><Data ss:Type="Number">0</Data></Cell>
			<Cell><Data ss:Type="Number">0</Data></Cell>
			<Cell><Data ss:Type="String">2023-12-07 16:43:19.996856</Data></Cell>
		</Row>
		<Row>
			<Cell><Data ss:Type="String">784</Data></Cell>
			<Cell><Data ss:Type="Number">0.62</Data></Cell>
			<Cell><Data ss:Type="Number">-10.27</Data></Cell>
			<Cell><Data ss:Type="Number">0.36</Data></Cell>
			<Cell><Data ss:Type="Number">-9.55</Data></Cell>
			<Cell><Data ss:Type="Number">-0.17</Data></Cell>
			<Cell><Data ss:Type="Number">-0.91</Data></Cell>
			<Cell><Data ss:Type="Number">22.7</Data></Cell>
			<Cell><Data ss:Type="Number">39.6</Data></Cell>
			<Cell><Data ss:Type="Number">0</Data></Cell>
			<Cell><Data ss:Type="Number">0</Data></Cell>
			<Cell><Data ss:Type="String">2023-12-07 16:43:19.784969</Data></Cell>
		</Row>
		<Row>
			<Cell><Data ss:Type="String">783</Data></Cell>
			<Cell><Data ss:Type="Number">0.15</Data></Cell>
			<Cell><Data ss:Type="Number">-9.86</Data></Cell>
			<Cell><Data ss:Type="Number">0.12</Data></Cell>
			<Cell><Data ss:Type="Number">-9.58</Data></Cell>
			<Cell><Data ss:Type="Number">-0.05</Data></Cell>
			<Cell><Data ss:Type="Number">-0.91</Data></Cell>
			<Cell><Data ss:Type="Number">22.7</Data></Cell>
			<Cell><Data ss:Type="Number">39.6</Data></Cell>
			<Cell><Data ss:Type="Number">0</Data></Cell>
			<Cell><Data ss:Type="Number">0</Data></Cell>
			<Cell><Data ss:Type="String">2023-12-07 16:43:19.738827</Data></Cell>
		</Row>
		<Row>
			<Cell><Data ss:Type="String">782</Data></Cell>
			<Cell><Data ss:Type="Number">-0.02</Data></Cell>
			<Cell><Data ss:Type="Number">-10.4</Data></Cell>
			<Cell><Data ss:Type="Number">0.07</Data></Cell>
			<Cell><Data ss:Type="Number">-9.4</Data></Cell>
			<Cell><Data ss:Type="Number">-0.08</Data></Cell>
			<Cell><Data ss:Type="Number">-0.91</Data></Cell>
			<Cell><Data ss:Type="Number">22.7</Data></Cell>
			<Cell><Data ss:Type="Number">39.6</Data></Cell>
			<Cell><Data ss:Type="Number">0</Data></Cell>
			<Cell><Data ss:Type="Number">0</Data></Cell>
			<Cell><Data ss:Type="String">2023-12-07 16:43:19.695093</Data></Cell>
		</Row>
		<Row>
			<Cell><Data ss:Type="String">781</Data></Cell>
			<Cell><Data ss:Type="Number">0.18</Data></Cell>
			<Cell><Data ss:Type="Number">-10.2</Data></Cell>
			<Cell><Data ss:Type="Number">-0.13</Data></Cell>
			<Cell><Data ss:Type="Number">-9.46</Data></Cell>
			<Cell><Data ss:Type="Number">-0.14</Data></Cell>
			<Cell><Data ss:Type="Number">-1</Data></Cell>
			<Cell><Data ss:Type="Number">22.7</Data></Cell>
			<Cell><Data ss:Type="Number">39.6</Data></Cell>
			<Cell><Data ss:Type="Number">0</Data></Cell>
			<Cell><Data ss:Type="Number">0</Data></Cell>
			<Cell><Data ss:Type="String">2023-12-07 16:43:19.692376</Data></Cell>
		</Row>
		<Row>
			<Cell><Data ss:Type="String">780</Data></Cell>
			<Cell><Data ss:Type="Number">0.41</Data></Cell>
			<Cell><Data ss:Type="Number">-9.53</Data></Cell>
			<Cell><Data ss:Type="Number">0.21</Data></Cell>
			<Cell><Data ss:Type="Number">-9.37</Data></Cell>
			<Cell><Data ss:Type="Number">-0.1</Data></Cell>
			<Cell><Data ss:Type="Number">-0.89</Data></Cell>
			<Cell><Data ss:Type="Number">22.7</Data></Cell>
			<Cell><Data ss:Type="Number">39.6</Data></Cell>
			<Cell><Data ss:Type="Number">0</Data></Cell>
			<Cell><Data ss:Type="Number">0</Data></Cell>
			<Cell><Data ss:Type="String">2023-12-07 16:43:19.646982</Data></Cell>
		</Row>
		<Row>
			<Cell><Data ss:Type="String">779</Data></Cell>
			<Cell><Data ss:Type="Number">0.27</Data></Cell>
			<Cell><Data ss:Type="Number">-10.15</Data></Cell>
			<Cell><Data ss:Type="Number">0.4</Data></Cell>
			<Cell><Data ss:Type="Number">-9.38</Data></Cell>
			<Cell><Data ss:Type="Number">-0.22</Data></Cell>
			<Cell><Data ss:Type="Number">-0.96</Data></Cell>
			<Cell><Data ss:Type="Number">22.7</Data></Cell>
			<Cell><Data ss:Type="Number">39.6</Data></Cell>
			<Cell><Data ss:Type="Number">0</Data></Cell>
			<Cell><Data ss:Type="Number">0</Data></Cell>
			<Cell><Data ss:Type="String">2023-12-07 16:43:19.600524</Data></Cell>
		</Row>
		<Row>
			<Cell><Data ss:Type="String">778</Data></Cell>
			<Cell><Data ss:Type="Number">0.23</Data></Cell>
			<Cell><Data ss:Type="Number">-9.62</Data></Cell>
			<Cell><Data ss:Type="Number">0.11</Data></Cell>
			<Cell><Data ss:Type="Number">-9.37</Data></Cell>
			<Cell><Data ss:Type="Number">-0.03</Data></Cell>
			<Cell><Data ss:Type="Number">-0.85</Data></Cell>
			<Cell><Data ss:Type="Number">22.7</Data></Cell>
			<Cell><Data ss:Type="Number">39.6</Data></Cell>
			<Cell><Data ss:Type="Number">0</Data></Cell>
			<Cell><Data ss:Type="Number">0</Data></Cell>
			<Cell><Data ss:Type="String">2023-12-07 16:43:19.555856</Data></Cell>
		</Row>
		<Row>
			<Cell><Data ss:Type="String">777</Data></Cell>
			<Cell><Data ss:Type="Number">-0.14</Data></Cell>
			<Cell><Data ss:Type="Number">-9.71</Data></Cell>
			<Cell><Data ss:Type="Number">0.19</Data></Cell>
			<Cell><Data ss:Type="Number">-9.44</Data></Cell>
			<Cell><Data ss:Type="Number">-0.07</Data></Cell>
			<Cell><Data ss:Type="Number">-0.93</Data></Cell>
			<Cell><Data ss:Type="Number">22.7</Data></Cell>
			<Cell><Data ss:Type="Number">39.6</Data></Cell>
			<Cell><Data ss:Type="Number">0</Data></Cell>
			<Cell><Data ss:Type="Number">0</Data></Cell>
			<Cell><Data ss:Type="String">2023-12-07 16:43:19.554161</Data></Cell>
		</Row>
		<Row>
			<Cell><Data ss:Type="String">776</Data></Cell>
			<Cell><Data ss:Type="Number">0.39</Data></Cell>
			<Cell><Data ss:Type="Number">-9.84</Data></Cell>
			<Cell><Data ss:Type="Number">0.15</Data></Cell>
			<Cell><Data ss:Type="Number">-9.27</Data></Cell>
			<Cell><Data ss:Type="Number">0.03</Data></Cell>
			<Cell><Data ss:Type="Number">-0.9</Data></Cell>
			<Cell><Data ss:Type="Number">22.7</Data></Cell>
			<Cell><Data ss:Type="Number">39.6</Data></Cell>
			<Cell><Data ss:Type="Number">0</Data></Cell>
			<Cell><Data ss:Type="Number">0</Data></Cell>
			<Cell><Data ss:Type="String">2023-12-07 16:43:19.508517</Data></Cell>
		</Row>
		<Row>
			<Cell><Data ss:Type="String">775</Data></Cell>
			<Cell><Data ss:Type="Number">0.33</Data></Cell>
			<Cell><Data ss:Type="Number">-9.24</Data></Cell>
			<Cell><Data ss:Type="Number">0.45</Data></Cell>
			<Cell><Data ss:Type="Number">-9.24</Data></Cell>
			<Cell><Data ss:Type="Number">-0.13</Data></Cell>
			<Cell><Data ss:Type="Number">-0.97</Data></Cell>
			<Cell><Data ss:Type="Number">22.7</Data></Cell>
			<Cell><Data ss:Type="Number">39.7</Data></Cell>
			<Cell><Data ss:Type="Number">0</Data></Cell>
			<Cell><Data ss:Type="Number">0</Data></Cell>
			<Cell><Data ss:Type="String">2023-12-07 16:43:19.463190</Data></Cell>
		</Row>
		<Row>
			<Cell><Data ss:Type="String">774</Data></Cell>
			<Cell><Data ss:Type="Number">0.63</Data></Cell>
			<Cell><Data ss:Type="Number">-9.88</Data></Cell>
			<Cell><Data ss:Type="Number">0.27</Data></Cell>
			<Cell><Data ss:Type="Number">-9.41</Data></Cell>
			<Cell><Data ss:Type="Number">-0.11</Data></Cell>
			<Cell><Data ss:Type="Number">-0.96</Data></Cell>
			<Cell><Data ss:Type="Number">22.7</Data></Cell>
			<Cell><Data ss:Type="Number">39.7</Data></Cell>
			<Cell><Data ss:Type="Number">0</Data></Cell>
			<Cell><Data ss:Type="Number">0</Data></Cell>
			<Cell><Data ss:Type="String">2023-12-07 16:43:19.420072</Data></Cell>
		</Row>
		<Row>
			<Cell><Data ss:Type="String">773</Data></Cell>
			<Cell><Data ss:Type="Number">0.25</Data></Cell>
			<Cell><Data ss:Type="Number">-10.27</Data></Cell>
			<Cell><Data ss:Type="Number">0.45</Data></Cell>
			<Cell><Data ss:Type="Number">-9.62</Data></Cell>
			<Cell><Data ss:Type="Number">-0.05</Data></Cell>
			<Cell><Data ss:Type="Number">-0.88</Data></Cell>
			<Cell><Data ss:Type="Number">22.7</Data></Cell>
			<Cell><Data ss:Type="Number">39.7</Data></Cell>
			<Cell><Data ss:Type="Number">0</Data></Cell>
			<Cell><Data ss:Type="Number">0</Data></Cell>
			<Cell><Data ss:Type="String">2023-12-07 16:43:19.418049</Data></Cell>
		</Row>
		<Row>
			<Cell><Data ss:Type="String">772</Data></Cell>
			<Cell><Data ss:Type="Number">0.57</Data></Cell>
			<Cell><Data ss:Type="Number">-10.18</Data></Cell>
			<Cell><Data ss:Type="Number">0.32</Data></Cell>
			<Cell><Data ss:Type="Number">-9.49</Data></Cell>
			<Cell><Data ss:Type="Number">-0.08</Data></Cell>
			<Cell><Data ss:Type="Number">-0.94</Data></Cell>
			<Cell><Data ss:Type="Number">22.7</Data></Cell>
			<Cell><Data ss:Type="Number">39.7</Data></Cell>
			<Cell><Data ss:Type="Number">0</Data></Cell>
			<Cell><Data ss:Type="Number">0</Data></Cell>
			<Cell><Data ss:Type="String">2023-12-07 16:43:19.384324</Data></Cell>
		</Row>
		<Row>
			<Cell><Data ss:Type="String">771</Data></Cell>
			<Cell><Data ss:Type="Number">0.5</Data></Cell>
			<Cell><Data ss:Type="Number">-9.84</Data></Cell>
			<Cell><Data ss:Type="Number">0.17</Data></Cell>
			<Cell><Data ss:Type="Number">-9.34</Data></Cell>
			<Cell><Data ss:Type="Number">-0.09</Data></Cell>
			<Cell><Data ss:Type="Number">-0.87</Data></Cell>
			<Cell><Data ss:Type="Number">22.7</Data></Cell>
			<Cell><Data ss:Type="Number">39.7</Data></Cell>
			<Cell><Data ss:Type="Number">0</Data></Cell>
			<Cell><Data ss:Type="Number">0</Data></Cell>
			<Cell><Data ss:Type="String">2023-12-07 16:43:19.382090</Data></Cell>
		</Row>
		<Row>
			<Cell><Data ss:Type="String">770</Data></Cell>
			<Cell><Data ss:Type="Number">0.69</Data></Cell>
			<Cell><Data ss:Type="Number">-9.78</Data></Cell>
			<Cell><Data ss:Type="Number">0.17</Data></Cell>
			<Cell><Data ss:Type="Number">-9.49</Data></Cell>
			<Cell><Data ss:Type="Number">-0.07</Data></Cell>
			<Cell><Data ss:Type="Number">-1.01</Data></Cell>
			<Cell><Data ss:Type="Number">22.7</Data></Cell>
			<Cell><Data ss:Type="Number">39.7</Data></Cell>
			<Cell><Data ss:Type="Number">0</Data></Cell>
			<Cell><Data ss:Type="Number">0</Data></Cell>
			<Cell><Data ss:Type="String">2023-12-07 16:43:19.379480</Data></Cell>
		</Row>
		<Row>
			<Cell><Data ss:Type="String">769</Data></Cell>
			<Cell><Data ss:Type="Number">-0.02</Data></Cell>
			<Cell><Data ss:Type="Number">-9.88</Data></Cell>
			<Cell><Data ss:Type="Number">-0.33</Data></Cell>
			<Cell><Data ss:Type="Number">-9.49</Data></Cell>
			<Cell><Data ss:Type="Number">-0.01</Data></Cell>
			<Cell><Data ss:Type="Number">-0.94</Data></Cell>
			<Cell><Data ss:Type="Number">22.7</Data></Cell>
			<Cell><Data ss:Type="Number">39.7</Data></Cell>
			<Cell><Data ss:Type="Number">0</Data></Cell>
			<Cell><Data ss:Type="Number">0</Data></Cell>
			<Cell><Data ss:Type="String">2023-12-07 16:43:19.375932</Data></Cell>
		</Row>
		<Row>
			<Cell><Data ss:Type="String">768</Data></Cell>
			<Cell><Data ss:Type="Number">0.1</Data></Cell>
			<Cell><Data ss:Type="Number">-9.94</Data></Cell>
			<Cell><Data ss:Type="Number">0.34</Data></Cell>
			<Cell><Data ss:Type="Number">-9.48</Data></Cell>
			<Cell><Data ss:Type="Number">-0.07</Data></Cell>
			<Cell><Data ss:Type="Number">-0.88</Data></Cell>
			<Cell><Data ss:Type="Number">22.7</Data></Cell>
			<Cell><Data ss:Type="Number">39.7</Data></Cell>
			<Cell><Data ss:Type="Number">0</Data></Cell>
			<Cell><Data ss:Type="Number">0</Data></Cell>
			<Cell><Data ss:Type="String">2023-12-07 16:43:19.373303</Data></Cell>
		</Row>
		<Row>
			<Cell><Data ss:Type="String">767</Data></Cell>
			<Cell><Data ss:Type="Number">0.41</Data></Cell>
			<Cell><Data ss:Type="Number">-9.91</Data></Cell>
			<Cell><Data ss:Type="Number">0.34</Data></Cell>
			<Cell><Data ss:Type="Number">-9.53</Data></Cell>
			<Cell><Data ss:Type="Number">-0.02</Data></Cell>
			<Cell><Data ss:Type="Number">-0.87</Data></Cell>
			<Cell><Data ss:Type="Number">22.7</Data></Cell>
			<Cell><Data ss:Type="Number">39.7</Data></Cell>
			<Cell><Data ss:Type="Number">0</Data></Cell>
			<Cell><Data ss:Type="Number">0</Data></Cell>
			<Cell><Data ss:Type="String">2023-12-07 16:43:19.370826</Data></Cell>
		</Row>
		<Row>
			<Cell><Data ss:Type="String">766</Data></Cell>
			<Cell><Data ss:Type="Number">0.39</Data></Cell>
			<Cell><Data ss:Type="Number">-9.9</Data></Cell>
			<Cell><Data ss:Type="Number">0.22</Data></Cell>
			<Cell><Data ss:Type="Number">-9.39</Data></Cell>
			<Cell><Data ss:Type="Number">-0.08</Data></Cell>
			<Cell><Data ss:Type="Number">-0.92</Data></Cell>
			<Cell><Data ss:Type="Number">22.7</Data></Cell>
			<Cell><Data ss:Type="Number">39.7</Data></Cell>
			<Cell><Data ss:Type="Number">0</Data></Cell>
			<Cell><Data ss:Type="Number">0</Data></Cell>
			<Cell><Data ss:Type="String">2023-12-07 16:43:19.367990</Data></Cell>
		</Row>
		<Row>
			<Cell><Data ss:Type="String">765</Data></Cell>
			<Cell><Data ss:Type="Number">1.01</Data></Cell>
			<Cell><Data ss:Type="Number">-10.12</Data></Cell>
			<Cell><Data ss:Type="Number">0.15</Data></Cell>
			<Cell><Data ss:Type="Number">-9.45</Data></Cell>
			<Cell><Data ss:Type="Number">-0.05</Data></Cell>
			<Cell><Data ss:Type="Number">-0.99</Data></Cell>
			<Cell><Data ss:Type="Number">22.7</Data></Cell>
			<Cell><Data ss:Type="Number">39.7</Data></Cell>
			<Cell><Data ss:Type="Number">0</Data></Cell>
			<Cell><Data ss:Type="Number">0</Data></Cell>
			<Cell><Data ss:Type="String">2023-12-07 16:43:19.134338</Data></Cell>
		</Row>
		<Row>
			<Cell><Data ss:Type="String">764</Data></Cell>
			<Cell><Data ss:Type="Number">0.47</Data></Cell>
			<Cell><Data ss:Type="Number">-10.38</Data></Cell>
			<Cell><Data ss:Type="Number">0.14</Data></Cell>
			<Cell><Data ss:Type="Number">-9.48</Data></Cell>
			<Cell><Data ss:Type="Number">-0.1</Data></Cell>
			<Cell><Data ss:Type="Number">-0.9</Data></Cell>
			<Cell><Data ss:Type="Number">22.7</Data></Cell>
			<Cell><Data ss:Type="Number">39.7</Data></Cell>
			<Cell><Data ss:Type="Number">0</Data></Cell>
			<Cell><Data ss:Type="Number">0</Data></Cell>
			<Cell><Data ss:Type="String">2023-12-07 16:43:19.132458</Data></Cell>
		</Row>
		<Row>
			<Cell><Data ss:Type="String">763</Data></Cell>
			<Cell><Data ss:Type="Number">-0.3</Data></Cell>
			<Cell><Data ss:Type="Number">-10.3</Data></Cell>
			<Cell><Data ss:Type="Number">0.31</Data></Cell>
			<Cell><Data ss:Type="Number">-9.49</Data></Cell>
			<Cell><Data ss:Type="Number">-0.04</Data></Cell>
			<Cell><Data ss:Type="Number">-0.92</Data></Cell>
			<Cell><Data ss:Type="Number">22.7</Data></Cell>
			<Cell><Data ss:Type="Number">39.7</Data></Cell>
			<Cell><Data ss:Type="Number">0</Data></Cell>
			<Cell><Data ss:Type="Number">0</Data></Cell>
			<Cell><Data ss:Type="String">2023-12-07 16:43:19.084215</Data></Cell>
		</Row>
		<Row>
			<Cell><Data ss:Type="String">762</Data></Cell>
			<Cell><Data ss:Type="Number">0.09</Data></Cell>
			<Cell><Data ss:Type="Number">-9.45</Data></Cell>
			<Cell><Data ss:Type="Number">0.24</Data></Cell>
			<Cell><Data ss:Type="Number">-9.53</Data></Cell>
			<Cell><Data ss:Type="Number">-0.1</Data></Cell>
			<Cell><Data ss:Type="Number">-0.96</Data></Cell>
			<Cell><Data ss:Type="Number">22.7</Data></Cell>
			<Cell><Data ss:Type="Number">39.7</Data></Cell>
			<Cell><Data ss:Type="Number">0</Data></Cell>
			<Cell><Data ss:Type="Number">0</Data></Cell>
			<Cell><Data ss:Type="String">2023-12-07 16:43:19.082561</Data></Cell>
		</Row>
		<Row>
			<Cell><Data ss:Type="String">761</Data></Cell>
			<Cell><Data ss:Type="Number">0.54</Data></Cell>
			<Cell><Data ss:Type="Number">-10.47</Data></Cell>
			<Cell><Data ss:Type="Number">0.27</Data></Cell>
			<Cell><Data ss:Type="Number">-9.54</Data></Cell>
			<Cell><Data ss:Type="Number">-0.04</Data></Cell>
			<Cell><Data ss:Type="Number">-0.86</Data></Cell>
			<Cell><Data ss:Type="Number">22.7</Data></Cell>
			<Cell><Data ss:Type="Number">39.7</Data></Cell>
			<Cell><Data ss:Type="Number">0</Data></Cell>
			<Cell><Data ss:Type="Number">0</Data></Cell>
			<Cell><Data ss:Type="String">2023-12-07 16:43:19.080659</Data></Cell>
		</Row>
		<Row>
			<Cell><Data ss:Type="String">760</Data></Cell>
			<Cell><Data ss:Type="Number">0.36</Data></Cell>
			<Cell><Data ss:Type="Number">-10.21</Data></Cell>
			<Cell><Data ss:Type="Number">0.01</Data></Cell>
			<Cell><Data ss:Type="Number">-9.52</Data></Cell>
			<Cell><Data ss:Type="Number">-0.1</Data></Cell>
			<Cell><Data ss:Type="Number">-0.94</Data></Cell>
			<Cell><Data ss:Type="Number">22.7</Data></Cell>
			<Cell><Data ss:Type="Number">39.7</Data></Cell>
			<Cell><Data ss:Type="Number">0</Data></Cell>
			<Cell><Data ss:Type="Number">0</Data></Cell>
			<Cell><Data ss:Type="String">2023-12-07 16:43:19.077658</Data></Cell>
		</Row>
		<Row>
			<Cell><Data ss:Type="String">759</Data></Cell>
			<Cell><Data ss:Type="Number">0.15</Data></Cell>
			<Cell><Data ss:Type="Number">-9.92</Data></Cell>
			<Cell><Data ss:Type="Number">0.1</Data></Cell>
			<Cell><Data ss:Type="Number">-9.48</Data></Cell>
			<Cell><Data ss:Type="Number">-0.08</Data></Cell>
			<Cell><Data ss:Type="Number">-0.91</Data></Cell>
			<Cell><Data ss:Type="Number">22.7</Data></Cell>
			<Cell><Data ss:Type="Number">39.7</Data></Cell>
			<Cell><Data ss:Type="Number">0</Data></Cell>
			<Cell><Data ss:Type="Number">0</Data></Cell>
			<Cell><Data ss:Type="String">2023-12-07 16:43:19.074641</Data></Cell>
		</Row>
		<Row>
			<Cell><Data ss:Type="String">758</Data></Cell>
			<Cell><Data ss:Type="Number">0.47</Data></Cell>
			<Cell><Data ss:Type="Number">-9.4</Data></Cell>
			<Cell><Data ss:Type="Number">0.04</Data></Cell>
			<Cell><Data ss:Type="Number">-9.25</Data></Cell>
			<Cell><Data ss:Type="Number">-0.13</Data></Cell>
			<Cell><Data ss:Type="Number">-0.94</Data></Cell>
			<Cell><Data ss:Type="Number">22.7</Data></Cell>
			<Cell><Data ss:Type="Number">39.7</Data></Cell>
			<Cell><Data ss:Type="Number">0</Data></Cell>
			<Cell><Data ss:Type="Number">0</Data></Cell>
			<Cell><Data ss:Type="String">2023-12-07 16:43:18.885276</Data></Cell>
		</Row>
		<Row>
			<Cell><Data ss:Type="String">757</Data></Cell>
			<Cell><Data ss:Type="Number">0.18</Data></Cell>
			<Cell><Data ss:Type="Number">-10.04</Data></Cell>
			<Cell><Data ss:Type="Number">0.28</Data></Cell>
			<Cell><Data ss:Type="Number">-9.44</Data></Cell>
			<Cell><Data ss:Type="Number">0.01</Data></Cell>
			<Cell><Data ss:Type="Number">-0.96</Data></Cell>
			<Cell><Data ss:Type="Number">22.7</Data></Cell>
			<Cell><Data ss:Type="Number">39.7</Data></Cell>
			<Cell><Data ss:Type="Number">0</Data></Cell>
			<Cell><Data ss:Type="Number">0</Data></Cell>
			<Cell><Data ss:Type="String">2023-12-07 16:43:18.883593</Data></Cell>
		</Row>
		<Row>
			<Cell><Data ss:Type="String">756</Data></Cell>
			<Cell><Data ss:Type="Number">-0.13</Data></Cell>
			<Cell><Data ss:Type="Number">-10.68</Data></Cell>
			<Cell><Data ss:Type="Number">0.41</Data></Cell>
			<Cell><Data ss:Type="Number">-9.64</Data></Cell>
			<Cell><Data ss:Type="Number">-0.02</Data></Cell>
			<Cell><Data ss:Type="Number">-0.85</Data></Cell>
			<Cell><Data ss:Type="Number">22.7</Data></Cell>
			<Cell><Data ss:Type="Number">39.7</Data></Cell>
			<Cell><Data ss:Type="Number">0</Data></Cell>
			<Cell><Data ss:Type="Number">0</Data></Cell>
			<Cell><Data ss:Type="String">2023-12-07 16:43:18.837355</Data></Cell>
		</Row>
		<Row>
			<Cell><Data ss:Type="String">755</Data></Cell>
			<Cell><Data ss:Type="Number">0.47</Data></Cell>
			<Cell><Data ss:Type="Number">-10.69</Data></Cell>
			<Cell><Data ss:Type="Number">0.33</Data></Cell>
			<Cell><Data ss:Type="Number">-9.65</Data></Cell>
			<Cell><Data ss:Type="Number">-0.25</Data></Cell>
			<Cell><Data ss:Type="Number">-0.91</Data></Cell>
			<Cell><Data ss:Type="Number">22.7</Data></Cell>
			<Cell><Data ss:Type="Number">39.7</Data></Cell>
			<Cell><Data ss:Type="Number">0</Data></Cell>
			<Cell><Data ss:Type="Number">0</Data></Cell>
			<Cell><Data ss:Type="String">2023-12-07 16:43:18.792424</Data></Cell>
		</Row>
		<Row>
			<Cell><Data ss:Type="String">754</Data></Cell>
			<Cell><Data ss:Type="Number">0.73</Data></Cell>
			<Cell><Data ss:Type="Number">-9.62</Data></Cell>
			<Cell><Data ss:Type="Number">0.02</Data></Cell>
			<Cell><Data ss:Type="Number">-9.42</Data></Cell>
			<Cell><Data ss:Type="Number">-0.21</Data></Cell>
			<Cell><Data ss:Type="Number">-0.83</Data></Cell>
			<Cell><Data ss:Type="Number">22.7</Data></Cell>
			<Cell><Data ss:Type="Number">39.7</Data></Cell>
			<Cell><Data ss:Type="Number">0</Data></Cell>
			<Cell><Data ss:Type="Number">0</Data></Cell>
			<Cell><Data ss:Type="String">2023-12-07 16:43:18.748135</Data></Cell>
		</Row>
		<Row>
			<Cell><Data ss:Type="String">753</Data></Cell>
			<Cell><Data ss:Type="Number">-0.39</Data></Cell>
			<Cell><Data ss:Type="Number">-9.84</Data></Cell>
			<Cell><Data ss:Type="Number">-0.42</Data></Cell>
			<Cell><Data ss:Type="Number">-9.46</Data></Cell>
			<Cell><Data ss:Type="Number">0.33</Data></Cell>
			<Cell><Data ss:Type="Number">-0.97</Data></Cell>
			<Cell><Data ss:Type="Number">22.7</Data></Cell>
			<Cell><Data ss:Type="Number">39.7</Data></Cell>
			<Cell><Data ss:Type="Number">0</Data></Cell>
			<Cell><Data ss:Type="Number">0</Data></Cell>
			<Cell><Data ss:Type="String">2023-12-07 16:43:18.745850</Data></Cell>
		</Row>
		<Row>
			<Cell><Data ss:Type="String">752</Data></Cell>
			<Cell><Data ss:Type="Number">1.14</Data></Cell>
			<Cell><Data ss:Type="Number">-9.89</Data></Cell>
			<Cell><Data ss:Type="Number">0.15</Data></Cell>
			<Cell><Data ss:Type="Number">-9.52</Data></Cell>
			<Cell><Data ss:Type="Number">0.09</Data></Cell>
			<Cell><Data ss:Type="Number">-0.97</Data></Cell>
			<Cell><Data ss:Type="Number">22.7</Data></Cell>
			<Cell><Data ss:Type="Number">39.7</Data></Cell>
			<Cell><Data ss:Type="Number">0</Data></Cell>
			<Cell><Data ss:Type="Number">0</Data></Cell>
			<Cell><Data ss:Type="String">2023-12-07 16:43:18.700485</Data></Cell>
		</Row>
		<Row>
			<Cell><Data ss:Type="String">751</Data></Cell>
			<Cell><Data ss:Type="Number">1.71</Data></Cell>
			<Cell><Data ss:Type="Number">-9.9</Data></Cell>
			<Cell><Data ss:Type="Number">1.22</Data></Cell>
			<Cell><Data ss:Type="Number">-9.41</Data></Cell>
			<Cell><Data ss:Type="Number">-0.63</Data></Cell>
			<Cell><Data ss:Type="Number">-0.68</Data></Cell>
			<Cell><Data ss:Type="Number">22.7</Data></Cell>
			<Cell><Data ss:Type="Number">39.7</Data></Cell>
			<Cell><Data ss:Type="Number">0</Data></Cell>
			<Cell><Data ss:Type="Number">0</Data></Cell>
			<Cell><Data ss:Type="String">2023-12-07 16:43:18.663390</Data></Cell>
		</Row>
		<Row>
			<Cell><Data ss:Type="String">750</Data></Cell>
			<Cell><Data ss:Type="Number">-3.86</Data></Cell>
			<Cell><Data ss:Type="Number">-10.23</Data></Cell>
			<Cell><Data ss:Type="Number">0.72</Data></Cell>
			<Cell><Data ss:Type="Number">-9.48</Data></Cell>
			<Cell><Data ss:Type="Number">-0.9</Data></Cell>
			<Cell><Data ss:Type="Number">-0.95</Data></Cell>
			<Cell><Data ss:Type="Number">22.7</Data></Cell>
			<Cell><Data ss:Type="Number">39.7</Data></Cell>
			<Cell><Data ss:Type="Number">0</Data></Cell>
			<Cell><Data ss:Type="Number">0</Data></Cell>
			<Cell><Data ss:Type="String">2023-12-07 16:43:18.659676</Data></Cell>
		</Row>
		<Row>
			<Cell><Data ss:Type="String">749</Data></Cell>
			<Cell><Data ss:Type="Number">-3.45</Data></Cell>
			<Cell><Data ss:Type="Number">-9.89</Data></Cell>
			<Cell><Data ss:Type="Number">-1.27</Data></Cell>
			<Cell><Data ss:Type="Number">-9.22</Data></Cell>
			<Cell><Data ss:Type="Number">1.3</Data></Cell>
			<Cell><Data ss:Type="Number">-0.79</Data></Cell>
			<Cell><Data ss:Type="Number">22.7</Data></Cell>
			<Cell><Data ss:Type="Number">39.7</Data></Cell>
			<Cell><Data ss:Type="Number">0</Data></Cell>
			<Cell><Data ss:Type="Number">0</Data></Cell>
			<Cell><Data ss:Type="String">2023-12-07 16:43:18.656815</Data></Cell>
		</Row>
		<Row>
			<Cell><Data ss:Type="String">748</Data></Cell>
			<Cell><Data ss:Type="Number">0.26</Data></Cell>
			<Cell><Data ss:Type="Number">-9.95</Data></Cell>
			<Cell><Data ss:Type="Number">0.13</Data></Cell>
			<Cell><Data ss:Type="Number">-9.42</Data></Cell>
			<Cell><Data ss:Type="Number">-0.06</Data></Cell>
			<Cell><Data ss:Type="Number">-0.92</Data></Cell>
			<Cell><Data ss:Type="Number">22.7</Data></Cell>
			<Cell><Data ss:Type="Number">39.7</Data></Cell>
			<Cell><Data ss:Type="Number">0</Data></Cell>
			<Cell><Data ss:Type="Number">0</Data></Cell>
			<Cell><Data ss:Type="String">2023-12-07 16:43:18.654298</Data></Cell>
		</Row>
		<Row>
			<Cell><Data ss:Type="String">747</Data></Cell>
			<Cell><Data ss:Type="Number">0.32</Data></Cell>
			<Cell><Data ss:Type="Number">-9.91</Data></Cell>
			<Cell><Data ss:Type="Number">0.13</Data></Cell>
			<Cell><Data ss:Type="Number">-9.43</Data></Cell>
			<Cell><Data ss:Type="Number">-0.11</Data></Cell>
			<Cell><Data ss:Type="Number">-0.93</Data></Cell>
			<Cell><Data ss:Type="Number">22.7</Data></Cell>
			<Cell><Data ss:Type="Number">39.7</Data></Cell>
			<Cell><Data ss:Type="Number">0</Data></Cell>
			<Cell><Data ss:Type="Number">0</Data></Cell>
			<Cell><Data ss:Type="String">2023-12-07 16:43:18.652293</Data></Cell>
		</Row>
		<Row>
			<Cell><Data ss:Type="String">746</Data></Cell>
			<Cell><Data ss:Type="Number">0.25</Data></Cell>
			<Cell><Data ss:Type="Number">-10.07</Data></Cell>
			<Cell><Data ss:Type="Number">0.15</Data></Cell>
			<Cell><Data ss:Type="Number">-9.51</Data></Cell>
			<Cell><Data ss:Type="Number">-0.06</Data></Cell>
			<Cell><Data ss:Type="Number">-0.9</Data></Cell>
			<Cell><Data ss:Type="Number">22.7</Data></Cell>
			<Cell><Data ss:Type="Number">39.7</Data></Cell>
			<Cell><Data ss:Type="Number">0</Data></Cell>
			<Cell><Data ss:Type="Number">0</Data></Cell>
			<Cell><Data ss:Type="String">2023-12-07 16:43:18.650223</Data></Cell>
		</Row>
		<Row>
			<Cell><Data ss:Type="String">745</Data></Cell>
			<Cell><Data ss:Type="Number">0.3</Data></Cell>
			<Cell><Data ss:Type="Number">-10.1</Data></Cell>
			<Cell><Data ss:Type="Number">0.16</Data></Cell>
			<Cell><Data ss:Type="Number">-9.53</Data></Cell>
			<Cell><Data ss:Type="Number">-0.09</Data></Cell>
			<Cell><Data ss:Type="Number">-0.91</Data></Cell>
			<Cell><Data ss:Type="Number">22.7</Data></Cell>
			<Cell><Data ss:Type="Number">39.7</Data></Cell>
			<Cell><Data ss:Type="Number">0</Data></Cell>
			<Cell><Data ss:Type="Number">0</Data></Cell>
			<Cell><Data ss:Type="String">2023-12-07 16:43:18.647931</Data></Cell>
		</Row>
		<Row>
			<Cell><Data ss:Type="String">744</Data></Cell>
			<Cell><Data ss:Type="Number">0.29</Data></Cell>
			<Cell><Data ss:Type="Number">-10.18</Data></Cell>
			<Cell><Data ss:Type="Number">0.22</Data></Cell>
			<Cell><Data ss:Type="Number">-9.48</Data></Cell>
			<Cell><Data ss:Type="Number">-0.08</Data></Cell>
			<Cell><Data ss:Type="Number">-0.89</Data></Cell>
			<Cell><Data ss:Type="Number">22.7</Data></Cell>
			<Cell><Data ss:Type="Number">39.7</Data></Cell>
			<Cell><Data ss:Type="Number">0</Data></Cell>
			<Cell><Data ss:Type="Number">0</Data></Cell>
			<Cell><Data ss:Type="String">2023-12-07 16:43:18.645266</Data></Cell>
		</Row>
		<Row>
			<Cell><Data ss:Type="String">743</Data></Cell>
			<Cell><Data ss:Type="Number">0.27</Data></Cell>
			<Cell><Data ss:Type="Number">-10.06</Data></Cell>
			<Cell><Data ss:Type="Number">-0.04</Data></Cell>
			<Cell><Data ss:Type="Number">-9.45</Data></Cell>
			<Cell><Data ss:Type="Number">-0.05</Data></Cell>
			<Cell><Data ss:Type="Number">-0.91</Data></Cell>
			<Cell><Data ss:Type="Number">22.7</Data></Cell>
			<Cell><Data ss:Type="Number">39.7</Data></Cell>
			<Cell><Data ss:Type="Number">0</Data></Cell>
			<Cell><Data ss:Type="Number">0</Data></Cell>
			<Cell><Data ss:Type="String">2023-12-07 16:43:18.410082</Data></Cell>
		</Row>
		<Row>
			<Cell><Data ss:Type="String">742</Data></Cell>
			<Cell><Data ss:Type="Number">0.33</Data></Cell>
			<Cell><Data ss:Type="Number">-9.96</Data></Cell>
			<Cell><Data ss:Type="Number">0.1</Data></Cell>
			<Cell><Data ss:Type="Number">-9.44</Data></Cell>
			<Cell><Data ss:Type="Number">-0.09</Data></Cell>
			<Cell><Data ss:Type="Number">-0.91</Data></Cell>
			<Cell><Data ss:Type="Number">22.7</Data></Cell>
			<Cell><Data ss:Type="Number">39.7</Data></Cell>
			<Cell><Data ss:Type="Number">0</Data></Cell>
			<Cell><Data ss:Type="Number">0</Data></Cell>
			<Cell><Data ss:Type="String">2023-12-07 16:43:18.407490</Data></Cell>
		</Row>
		<Row>
			<Cell><Data ss:Type="String">741</Data></Cell>
			<Cell><Data ss:Type="Number">0.26</Data></Cell>
			<Cell><Data ss:Type="Number">-10.11</Data></Cell>
			<Cell><Data ss:Type="Number">0.16</Data></Cell>
			<Cell><Data ss:Type="Number">-9.53</Data></Cell>
			<Cell><Data ss:Type="Number">-0.07</Data></Cell>
			<Cell><Data ss:Type="Number">-0.9</Data></Cell>
			<Cell><Data ss:Type="Number">22.7</Data></Cell>
			<Cell><Data ss:Type="Number">39.7</Data></Cell>
			<Cell><Data ss:Type="Number">0</Data></Cell>
			<Cell><Data ss:Type="Number">0</Data></Cell>
			<Cell><Data ss:Type="String">2023-12-07 16:43:18.405119</Data></Cell>
		</Row>
		<Row>
			<Cell><Data ss:Type="String">740</Data></Cell>
			<Cell><Data ss:Type="Number">0.3</Data></Cell>
			<Cell><Data ss:Type="Number">-10.21</Data></Cell>
			<Cell><Data ss:Type="Number">0.14</Data></Cell>
			<Cell><Data ss:Type="Number">-9.56</Data></Cell>
			<Cell><Data ss:Type="Number">-0.06</Data></Cell>
			<Cell><Data ss:Type="Number">-0.89</Data></Cell>
			<Cell><Data ss:Type="Number">22.7</Data></Cell>
			<Cell><Data ss:Type="Number">39.7</Data></Cell>
			<Cell><Data ss:Type="Number">0</Data></Cell>
			<Cell><Data ss:Type="Number">0</Data></Cell>
			<Cell><Data ss:Type="String">2023-12-07 16:43:18.402674</Data></Cell>
		</Row>
		<Row>
			<Cell><Data ss:Type="String">739</Data></Cell>
			<Cell><Data ss:Type="Number">0.29</Data></Cell>
			<Cell><Data ss:Type="Number">-10.27</Data></Cell>
			<Cell><Data ss:Type="Number">0.16</Data></Cell>
			<Cell><Data ss:Type="Number">-9.54</Data></Cell>
			<Cell><Data ss:Type="Number">-0.06</Data></Cell>
			<Cell><Data ss:Type="Number">-0.9</Data></Cell>
			<Cell><Data ss:Type="Number">22.7</Data></Cell>
			<Cell><Data ss:Type="Number">39.7</Data></Cell>
			<Cell><Data ss:Type="Number">0</Data></Cell>
			<Cell><Data ss:Type="Number">0</Data></Cell>
			<Cell><Data ss:Type="String">2023-12-07 16:43:18.400626</Data></Cell>
		</Row>
		<Row>
			<Cell><Data ss:Type="String">738</Data></Cell>
			<Cell><Data ss:Type="Number">0.36</Data></Cell>
			<Cell><Data ss:Type="Number">-10.11</Data></Cell>
			<Cell><Data ss:Type="Number">0.15</Data></Cell>
			<Cell><Data ss:Type="Number">-9.46</Data></Cell>
			<Cell><Data ss:Type="Number">-0.06</Data></Cell>
			<Cell><Data ss:Type="Number">-0.93</Data></Cell>
			<Cell><Data ss:Type="Number">22.7</Data></Cell>
			<Cell><Data ss:Type="Number">39.7</Data></Cell>
			<Cell><Data ss:Type="Number">0</Data></Cell>
			<Cell><Data ss:Type="Number">0</Data></Cell>
			<Cell><Data ss:Type="String">2023-12-07 16:43:18.398488</Data></Cell>
		</Row>
		<Row>
			<Cell><Data ss:Type="String">737</Data></Cell>
			<Cell><Data ss:Type="Number">0.32</Data></Cell>
			<Cell><Data ss:Type="Number">-9.94</Data></Cell>
			<Cell><Data ss:Type="Number">0.13</Data></Cell>
			<Cell><Data ss:Type="Number">-9.41</Data></Cell>
			<Cell><Data ss:Type="Number">-0.08</Data></Cell>
			<Cell><Data ss:Type="Number">-0.91</Data></Cell>
			<Cell><Data ss:Type="Number">22.7</Data></Cell>
			<Cell><Data ss:Type="Number">39.7</Data></Cell>
			<Cell><Data ss:Type="Number">0</Data></Cell>
			<Cell><Data ss:Type="Number">0</Data></Cell>
			<Cell><Data ss:Type="String">2023-12-07 16:43:18.396127</Data></Cell>
		</Row>
		<Row>
			<Cell><Data ss:Type="String">736</Data></Cell>
			<Cell><Data ss:Type="Number">0.27</Data></Cell>
			<Cell><Data ss:Type="Number">-9.95</Data></Cell>
			<Cell><Data ss:Type="Number">0.17</Data></Cell>
			<Cell><Data ss:Type="Number">-9.48</Data></Cell>
			<Cell><Data ss:Type="Number">-0.07</Data></Cell>
			<Cell><Data ss:Type="Number">-0.91</Data></Cell>
			<Cell><Data ss:Type="Number">22.7</Data></Cell>
			<Cell><Data ss:Type="Number">39.7</Data></Cell>
			<Cell><Data ss:Type="Number">0</Data></Cell>
			<Cell><Data ss:Type="Number">0</Data></Cell>
			<Cell><Data ss:Type="String">2023-12-07 16:43:18.165630</Data></Cell>
		</Row>
		<Row>
			<Cell><Data ss:Type="String">735</Data></Cell>
			<Cell><Data ss:Type="Number">0.31</Data></Cell>
			<Cell><Data ss:Type="Number">-10.06</Data></Cell>
			<Cell><Data ss:Type="Number">0.07</Data></Cell>
			<Cell><Data ss:Type="Number">-9.52</Data></Cell>
			<Cell><Data ss:Type="Number">-0.1</Data></Cell>
			<Cell><Data ss:Type="Number">-0.91</Data></Cell>
			<Cell><Data ss:Type="Number">22.7</Data></Cell>
			<Cell><Data ss:Type="Number">39.7</Data></Cell>
			<Cell><Data ss:Type="Number">0</Data></Cell>
			<Cell><Data ss:Type="Number">0</Data></Cell>
			<Cell><Data ss:Type="String">2023-12-07 16:43:18.162642</Data></Cell>
		</Row>
		<Row>
			<Cell><Data ss:Type="String">734</Data></Cell>
			<Cell><Data ss:Type="Number">0.3</Data></Cell>
			<Cell><Data ss:Type="Number">-10.28</Data></Cell>
			<Cell><Data ss:Type="Number">0.2</Data></Cell>
			<Cell><Data ss:Type="Number">-9.55</Data></Cell>
			<Cell><Data ss:Type="Number">-0.1</Data></Cell>
			<Cell><Data ss:Type="Number">-0.9</Data></Cell>
			<Cell><Data ss:Type="Number">22.7</Data></Cell>
			<Cell><Data ss:Type="Number">39.7</Data></Cell>
			<Cell><Data ss:Type="Number">0</Data></Cell>
			<Cell><Data ss:Type="Number">0</Data></Cell>
			<Cell><Data ss:Type="String">2023-12-07 16:43:18.159774</Data></Cell>
		</Row>
		<Row>
			<Cell><Data ss:Type="String">733</Data></Cell>
			<Cell><Data ss:Type="Number">0.29</Data></Cell>
			<Cell><Data ss:Type="Number">-10.16</Data></Cell>
			<Cell><Data ss:Type="Number">0.19</Data></Cell>
			<Cell><Data ss:Type="Number">-9.48</Data></Cell>
			<Cell><Data ss:Type="Number">-0.07</Data></Cell>
			<Cell><Data ss:Type="Number">-0.91</Data></Cell>
			<Cell><Data ss:Type="Number">22.7</Data></Cell>
			<Cell><Data ss:Type="Number">39.7</Data></Cell>
			<Cell><Data ss:Type="Number">0</Data></Cell>
			<Cell><Data ss:Type="Number">0</Data></Cell>
			<Cell><Data ss:Type="String">2023-12-07 16:43:18.157398</Data></Cell>
		</Row>
		<Row>
			<Cell><Data ss:Type="String">732</Data></Cell>
			<Cell><Data ss:Type="Number">0.31</Data></Cell>
			<Cell><Data ss:Type="Number">-10.04</Data></Cell>
			<Cell><Data ss:Type="Number">0.17</Data></Cell>
			<Cell><Data ss:Type="Number">-9.41</Data></Cell>
			<Cell><Data ss:Type="Number">-0.06</Data></Cell>
			<Cell><Data ss:Type="Number">-0.9</Data></Cell>
			<Cell><Data ss:Type="Number">22.7</Data></Cell>
			<Cell><Data ss:Type="Number">39.7</Data></Cell>
			<Cell><Data ss:Type="Number">0</Data></Cell>
			<Cell><Data ss:Type="Number">0</Data></Cell>
			<Cell><Data ss:Type="String">2023-12-07 16:43:18.155487</Data></Cell>
		</Row>
		<Row>
			<Cell><Data ss:Type="String">731</Data></Cell>
			<Cell><Data ss:Type="Number">0.27</Data></Cell>
			<Cell><Data ss:Type="Number">-9.96</Data></Cell>
			<Cell><Data ss:Type="Number">0.12</Data></Cell>
			<Cell><Data ss:Type="Number">-9.42</Data></Cell>
			<Cell><Data ss:Type="Number">-0.07</Data></Cell>
			<Cell><Data ss:Type="Number">-0.94</Data></Cell>
			<Cell><Data ss:Type="Number">22.7</Data></Cell>
			<Cell><Data ss:Type="Number">39.7</Data></Cell>
			<Cell><Data ss:Type="Number">0</Data></Cell>
			<Cell><Data ss:Type="Number">0</Data></Cell>
			<Cell><Data ss:Type="String">2023-12-07 16:43:18.153069</Data></Cell>
		</Row>
		<Row>
			<Cell><Data ss:Type="String">730</Data></Cell>
			<Cell><Data ss:Type="Number">0.3</Data></Cell>
			<Cell><Data ss:Type="Number">-10.12</Data></Cell>
			<Cell><Data ss:Type="Number">0.18</Data></Cell>
			<Cell><Data ss:Type="Number">-9.48</Data></Cell>
			<Cell><Data ss:Type="Number">-0.08</Data></Cell>
			<Cell><Data ss:Type="Number">-0.92</Data></Cell>
			<Cell><Data ss:Type="Number">22.7</Data></Cell>
			<Cell><Data ss:Type="Number">39.7</Data></Cell>
			<Cell><Data ss:Type="Number">0</Data></Cell>
			<Cell><Data ss:Type="Number">0</Data></Cell>
			<Cell><Data ss:Type="String">2023-12-07 16:43:17.950210</Data></Cell>
		</Row>
		<Row>
			<Cell><Data ss:Type="String">729</Data></Cell>
			<Cell><Data ss:Type="Number">0.37</Data></Cell>
			<Cell><Data ss:Type="Number">-10.18</Data></Cell>
			<Cell><Data ss:Type="Number">0.21</Data></Cell>
			<Cell><Data ss:Type="Number">-9.54</Data></Cell>
			<Cell><Data ss:Type="Number">-0.07</Data></Cell>
			<Cell><Data ss:Type="Number">-0.89</Data></Cell>
			<Cell><Data ss:Type="Number">22.7</Data></Cell>
			<Cell><Data ss:Type="Number">39.7</Data></Cell>
			<Cell><Data ss:Type="Number">0</Data></Cell>
			<Cell><Data ss:Type="Number">0</Data></Cell>
			<Cell><Data ss:Type="String">2023-12-07 16:43:17.948417</Data></Cell>
		</Row>
		<Row>
			<Cell><Data ss:Type="String">728</Data></Cell>
			<Cell><Data ss:Type="Number">0.28</Data></Cell>
			<Cell><Data ss:Type="Number">-10.02</Data></Cell>
			<Cell><Data ss:Type="Number">0.11</Data></Cell>
			<Cell><Data ss:Type="Number">-9.46</Data></Cell>
			<Cell><Data ss:Type="Number">-0.06</Data></Cell>
			<Cell><Data ss:Type="Number">-0.92</Data></Cell>
			<Cell><Data ss:Type="Number">22.7</Data></Cell>
			<Cell><Data ss:Type="Number">39.7</Data></Cell>
			<Cell><Data ss:Type="Number">0</Data></Cell>
			<Cell><Data ss:Type="Number">0</Data></Cell>
			<Cell><Data ss:Type="String">2023-12-07 16:43:17.901036</Data></Cell>
		</Row>
		<Row>
			<Cell><Data ss:Type="String">727</Data></Cell>
			<Cell><Data ss:Type="Number">0.25</Data></Cell>
			<Cell><Data ss:Type="Number">-9.98</Data></Cell>
			<Cell><Data ss:Type="Number">0.16</Data></Cell>
			<Cell><Data ss:Type="Number">-9.42</Data></Cell>
			<Cell><Data ss:Type="Number">-0.1</Data></Cell>
			<Cell><Data ss:Type="Number">-0.91</Data></Cell>
			<Cell><Data ss:Type="Number">22.7</Data></Cell>
			<Cell><Data ss:Type="Number">39.7</Data></Cell>
			<Cell><Data ss:Type="Number">0</Data></Cell>
			<Cell><Data ss:Type="Number">0</Data></Cell>
			<Cell><Data ss:Type="String">2023-12-07 16:43:17.856945</Data></Cell>
		</Row>
		<Row>
			<Cell><Data ss:Type="String">726</Data></Cell>
			<Cell><Data ss:Type="Number">0.26</Data></Cell>
			<Cell><Data ss:Type="Number">-10.27</Data></Cell>
			<Cell><Data ss:Type="Number">0.19</Data></Cell>
			<Cell><Data ss:Type="Number">-9.56</Data></Cell>
			<Cell><Data ss:Type="Number">-0.07</Data></Cell>
			<Cell><Data ss:Type="Number">-0.9</Data></Cell>
			<Cell><Data ss:Type="Number">22.7</Data></Cell>
			<Cell><Data ss:Type="Number">39.7</Data></Cell>
			<Cell><Data ss:Type="Number">0</Data></Cell>
			<Cell><Data ss:Type="Number">0</Data></Cell>
			<Cell><Data ss:Type="String">2023-12-07 16:43:17.855067</Data></Cell>
		</Row>
		<Row>
			<Cell><Data ss:Type="String">725</Data></Cell>
			<Cell><Data ss:Type="Number">0.24</Data></Cell>
			<Cell><Data ss:Type="Number">-10.01</Data></Cell>
			<Cell><Data ss:Type="Number">0.17</Data></Cell>
			<Cell><Data ss:Type="Number">-9.43</Data></Cell>
			<Cell><Data ss:Type="Number">-0.06</Data></Cell>
			<Cell><Data ss:Type="Number">-0.92</Data></Cell>
			<Cell><Data ss:Type="Number">22.7</Data></Cell>
			<Cell><Data ss:Type="Number">39.7</Data></Cell>
			<Cell><Data ss:Type="Number">0</Data></Cell>
			<Cell><Data ss:Type="Number">0</Data></Cell>
			<Cell><Data ss:Type="String">2023-12-07 16:43:17.792758</Data></Cell>
		</Row>
		<Row>
			<Cell><Data ss:Type="String">724</Data></Cell>
			<Cell><Data ss:Type="Number">0.3</Data></Cell>
			<Cell><Data ss:Type="Number">-9.95</Data></Cell>
			<Cell><Data ss:Type="Number">0.12</Data></Cell>
			<Cell><Data ss:Type="Number">-9.42</Data></Cell>
			<Cell><Data ss:Type="Number">-0.07</Data></Cell>
			<Cell><Data ss:Type="Number">-0.93</Data></Cell>
			<Cell><Data ss:Type="Number">22.7</Data></Cell>
			<Cell><Data ss:Type="Number">39.7</Data></Cell>
			<Cell><Data ss:Type="Number">0</Data></Cell>
			<Cell><Data ss:Type="Number">0</Data></Cell>
			<Cell><Data ss:Type="String">2023-12-07 16:43:17.789994</Data></Cell>
		</Row>
		<Row>
			<Cell><Data ss:Type="String">723</Data></Cell>
			<Cell><Data ss:Type="Number">0.4</Data></Cell>
			<Cell><Data ss:Type="Number">-9.9</Data></Cell>
			<Cell><Data ss:Type="Number">0.07</Data></Cell>
			<Cell><Data ss:Type="Number">-9.48</Data></Cell>
			<Cell><Data ss:Type="Number">-0.07</Data></Cell>
			<Cell><Data ss:Type="Number">-0.9</Data></Cell>
			<Cell><Data ss:Type="Number">22.7</Data></Cell>
			<Cell><Data ss:Type="Number">39.7</Data></Cell>
			<Cell><Data ss:Type="Number">0</Data></Cell>
			<Cell><Data ss:Type="Number">0</Data></Cell>
			<Cell><Data ss:Type="String">2023-12-07 16:43:17.788101</Data></Cell>
		</Row>
		<Row>
			<Cell><Data ss:Type="String">722</Data></Cell>
			<Cell><Data ss:Type="Number">0.29</Data></Cell>
			<Cell><Data ss:Type="Number">-10.25</Data></Cell>
			<Cell><Data ss:Type="Number">0.15</Data></Cell>
			<Cell><Data ss:Type="Number">-9.54</Data></Cell>
			<Cell><Data ss:Type="Number">-0.07</Data></Cell>
			<Cell><Data ss:Type="Number">-0.91</Data></Cell>
			<Cell><Data ss:Type="Number">22.7</Data></Cell>
			<Cell><Data ss:Type="Number">39.7</Data></Cell>
			<Cell><Data ss:Type="Number">0</Data></Cell>
			<Cell><Data ss:Type="Number">0</Data></Cell>
			<Cell><Data ss:Type="String">2023-12-07 16:43:17.786240</Data></Cell>
		</Row>
		<Row>
			<Cell><Data ss:Type="String">721</Data></Cell>
			<Cell><Data ss:Type="Number">0.33</Data></Cell>
			<Cell><Data ss:Type="Number">-10.22</Data></Cell>
			<Cell><Data ss:Type="Number">0.19</Data></Cell>
			<Cell><Data ss:Type="Number">-9.51</Data></Cell>
			<Cell><Data ss:Type="Number">-0.07</Data></Cell>
			<Cell><Data ss:Type="Number">-0.89</Data></Cell>
			<Cell><Data ss:Type="Number">22.7</Data></Cell>
			<Cell><Data ss:Type="Number">39.7</Data></Cell>
			<Cell><Data ss:Type="Number">0</Data></Cell>
			<Cell><Data ss:Type="Number">0</Data></Cell>
			<Cell><Data ss:Type="String">2023-12-07 16:43:17.784283</Data></Cell>
		</Row>
		<Row>
			<Cell><Data ss:Type="String">720</Data></Cell>
			<Cell><Data ss:Type="Number">0.25</Data></Cell>
			<Cell><Data ss:Type="Number">-10.08</Data></Cell>
			<Cell><Data ss:Type="Number">0.18</Data></Cell>
			<Cell><Data ss:Type="Number">-9.45</Data></Cell>
			<Cell><Data ss:Type="Number">-0.07</Data></Cell>
			<Cell><Data ss:Type="Number">-0.89</Data></Cell>
			<Cell><Data ss:Type="Number">22.7</Data></Cell>
			<Cell><Data ss:Type="Number">39.7</Data></Cell>
			<Cell><Data ss:Type="Number">0</Data></Cell>
			<Cell><Data ss:Type="Number">0</Data></Cell>
			<Cell><Data ss:Type="String">2023-12-07 16:43:17.782263</Data></Cell>
		</Row>
		<Row>
			<Cell><Data ss:Type="String">719</Data></Cell>
			<Cell><Data ss:Type="Number">0.32</Data></Cell>
			<Cell><Data ss:Type="Number">-9.95</Data></Cell>
			<Cell><Data ss:Type="Number">0.14</Data></Cell>
			<Cell><Data ss:Type="Number">-9.42</Data></Cell>
			<Cell><Data ss:Type="Number">-0.1</Data></Cell>
			<Cell><Data ss:Type="Number">-0.94</Data></Cell>
			<Cell><Data ss:Type="Number">22.7</Data></Cell>
			<Cell><Data ss:Type="Number">39.7</Data></Cell>
			<Cell><Data ss:Type="Number">0</Data></Cell>
			<Cell><Data ss:Type="Number">0</Data></Cell>
			<Cell><Data ss:Type="String">2023-12-07 16:43:17.780205</Data></Cell>
		</Row>
		<Row>
			<Cell><Data ss:Type="String">718</Data></Cell>
			<Cell><Data ss:Type="Number">0.27</Data></Cell>
			<Cell><Data ss:Type="Number">-9.97</Data></Cell>
			<Cell><Data ss:Type="Number">0.17</Data></Cell>
			<Cell><Data ss:Type="Number">-9.5</Data></Cell>
			<Cell><Data ss:Type="Number">-0.08</Data></Cell>
			<Cell><Data ss:Type="Number">-0.91</Data></Cell>
			<Cell><Data ss:Type="Number">22.7</Data></Cell>
			<Cell><Data ss:Type="Number">39.7</Data></Cell>
			<Cell><Data ss:Type="Number">0</Data></Cell>
			<Cell><Data ss:Type="Number">0</Data></Cell>
			<Cell><Data ss:Type="String">2023-12-07 16:43:17.777568</Data></Cell>
		</Row>
		<Row>
			<Cell><Data ss:Type="String">717</Data></Cell>
			<Cell><Data ss:Type="Number">0.31</Data></Cell>
			<Cell><Data ss:Type="Number">-10.22</Data></Cell>
			<Cell><Data ss:Type="Number">0.2</Data></Cell>
			<Cell><Data ss:Type="Number">-9.55</Data></Cell>
			<Cell><Data ss:Type="Number">-0.06</Data></Cell>
			<Cell><Data ss:Type="Number">-0.89</Data></Cell>
			<Cell><Data ss:Type="Number">22.7</Data></Cell>
			<Cell><Data ss:Type="Number">39.7</Data></Cell>
			<Cell><Data ss:Type="Number">0</Data></Cell>
			<Cell><Data ss:Type="Number">0</Data></Cell>
			<Cell><Data ss:Type="String">2023-12-07 16:43:17.540923</Data></Cell>
		</Row>
		<Row>
			<Cell><Data ss:Type="String">716</Data></Cell>
			<Cell><Data ss:Type="Number">0.28</Data></Cell>
			<Cell><Data ss:Type="Number">-10.2</Data></Cell>
			<Cell><Data ss:Type="Number">0.14</Data></Cell>
			<Cell><Data ss:Type="Number">-9.51</Data></Cell>
			<Cell><Data ss:Type="Number">-0.07</Data></Cell>
			<Cell><Data ss:Type="Number">-0.91</Data></Cell>
			<Cell><Data ss:Type="Number">22.7</Data></Cell>
			<Cell><Data ss:Type="Number">39.7</Data></Cell>
			<Cell><Data ss:Type="Number">0</Data></Cell>
			<Cell><Data ss:Type="Number">0</Data></Cell>
			<Cell><Data ss:Type="String">2023-12-07 16:43:17.538971</Data></Cell>
		</Row>
		<Row>
			<Cell><Data ss:Type="String">715</Data></Cell>
			<Cell><Data ss:Type="Number">0.27</Data></Cell>
			<Cell><Data ss:Type="Number">-10.21</Data></Cell>
			<Cell><Data ss:Type="Number">0.2</Data></Cell>
			<Cell><Data ss:Type="Number">-9.56</Data></Cell>
			<Cell><Data ss:Type="Number">-0.06</Data></Cell>
			<Cell><Data ss:Type="Number">-0.93</Data></Cell>
			<Cell><Data ss:Type="Number">22.7</Data></Cell>
			<Cell><Data ss:Type="Number">39.7</Data></Cell>
			<Cell><Data ss:Type="Number">0</Data></Cell>
			<Cell><Data ss:Type="Number">0</Data></Cell>
			<Cell><Data ss:Type="String">2023-12-07 16:43:17.434393</Data></Cell>
		</Row>
		<Row>
			<Cell><Data ss:Type="String">714</Data></Cell>
			<Cell><Data ss:Type="Number">0.28</Data></Cell>
			<Cell><Data ss:Type="Number">-10.19</Data></Cell>
			<Cell><Data ss:Type="Number">0.19</Data></Cell>
			<Cell><Data ss:Type="Number">-9.49</Data></Cell>
			<Cell><Data ss:Type="Number">-0.08</Data></Cell>
			<Cell><Data ss:Type="Number">-0.89</Data></Cell>
			<Cell><Data ss:Type="Number">22.7</Data></Cell>
			<Cell><Data ss:Type="Number">39.7</Data></Cell>
			<Cell><Data ss:Type="Number">0</Data></Cell>
			<Cell><Data ss:Type="Number">0</Data></Cell>
			<Cell><Data ss:Type="String">2023-12-07 16:43:17.432530</Data></Cell>
		</Row>
		<Row>
			<Cell><Data ss:Type="String">713</Data></Cell>
			<Cell><Data ss:Type="Number">0.29</Data></Cell>
			<Cell><Data ss:Type="Number">-10.01</Data></Cell>
			<Cell><Data ss:Type="Number">0.1</Data></Cell>
			<Cell><Data ss:Type="Number">-9.42</Data></Cell>
			<Cell><Data ss:Type="Number">-0.07</Data></Cell>
			<Cell><Data ss:Type="Number">-0.92</Data></Cell>
			<Cell><Data ss:Type="Number">22.7</Data></Cell>
			<Cell><Data ss:Type="Number">39.7</Data></Cell>
			<Cell><Data ss:Type="Number">0</Data></Cell>
			<Cell><Data ss:Type="Number">0</Data></Cell>
			<Cell><Data ss:Type="String">2023-12-07 16:43:17.430335</Data></Cell>
		</Row>
		<Row>
			<Cell><Data ss:Type="String">712</Data></Cell>
			<Cell><Data ss:Type="Number">0.24</Data></Cell>
			<Cell><Data ss:Type="Number">-10.01</Data></Cell>
			<Cell><Data ss:Type="Number">0.16</Data></Cell>
			<Cell><Data ss:Type="Number">-9.44</Data></Cell>
			<Cell><Data ss:Type="Number">-0.07</Data></Cell>
			<Cell><Data ss:Type="Number">-0.94</Data></Cell>
			<Cell><Data ss:Type="Number">22.7</Data></Cell>
			<Cell><Data ss:Type="Number">39.7</Data></Cell>
			<Cell><Data ss:Type="Number">0</Data></Cell>
			<Cell><Data ss:Type="Number">0</Data></Cell>
			<Cell><Data ss:Type="String">2023-12-07 16:43:17.216369</Data></Cell>
		</Row>
		<Row>
			<Cell><Data ss:Type="String">711</Data></Cell>
			<Cell><Data ss:Type="Number">0.3</Data></Cell>
			<Cell><Data ss:Type="Number">-10.12</Data></Cell>
			<Cell><Data ss:Type="Number">0.25</Data></Cell>
			<Cell><Data ss:Type="Number">-9.51</Data></Cell>
			<Cell><Data ss:Type="Number">-0.07</Data></Cell>
			<Cell><Data ss:Type="Number">-0.86</Data></Cell>
			<Cell><Data ss:Type="Number">22.7</Data></Cell>
			<Cell><Data ss:Type="Number">39.7</Data></Cell>
			<Cell><Data ss:Type="Number">0</Data></Cell>
			<Cell><Data ss:Type="Number">0</Data></Cell>
			<Cell><Data ss:Type="String">2023-12-07 16:43:17.214597</Data></Cell>
		</Row>
		<Row>
			<Cell><Data ss:Type="String">710</Data></Cell>
			<Cell><Data ss:Type="Number">0.39</Data></Cell>
			<Cell><Data ss:Type="Number">-10.26</Data></Cell>
			<Cell><Data ss:Type="Number">0.16</Data></Cell>
			<Cell><Data ss:Type="Number">-9.55</Data></Cell>
			<Cell><Data ss:Type="Number">-0.13</Data></Cell>
			<Cell><Data ss:Type="Number">-0.92</Data></Cell>
			<Cell><Data ss:Type="Number">22.7</Data></Cell>
			<Cell><Data ss:Type="Number">39.7</Data></Cell>
			<Cell><Data ss:Type="Number">0</Data></Cell>
			<Cell><Data ss:Type="Number">0</Data></Cell>
			<Cell><Data ss:Type="String">2023-12-07 16:43:17.167108</Data></Cell>
		</Row>
		<Row>
			<Cell><Data ss:Type="String">709</Data></Cell>
			<Cell><Data ss:Type="Number">0.18</Data></Cell>
			<Cell><Data ss:Type="Number">-10.19</Data></Cell>
			<Cell><Data ss:Type="Number">0.12</Data></Cell>
			<Cell><Data ss:Type="Number">-9.45</Data></Cell>
			<Cell><Data ss:Type="Number">-0.05</Data></Cell>
			<Cell><Data ss:Type="Number">-0.83</Data></Cell>
			<Cell><Data ss:Type="Number">22.7</Data></Cell>
			<Cell><Data ss:Type="Number">39.7</Data></Cell>
			<Cell><Data ss:Type="Number">0</Data></Cell>
			<Cell><Data ss:Type="Number">0</Data></Cell>
			<Cell><Data ss:Type="String">2023-12-07 16:43:17.165395</Data></Cell>
		</Row>
		<Row>
			<Cell><Data ss:Type="String">708</Data></Cell>
			<Cell><Data ss:Type="Number">0.16</Data></Cell>
			<Cell><Data ss:Type="Number">-9.96</Data></Cell>
			<Cell><Data ss:Type="Number">-0.06</Data></Cell>
			<Cell><Data ss:Type="Number">-9.46</Data></Cell>
			<Cell><Data ss:Type="Number">-0.04</Data></Cell>
			<Cell><Data ss:Type="Number">-0.99</Data></Cell>
			<Cell><Data ss:Type="Number">22.7</Data></Cell>
			<Cell><Data ss:Type="Number">39.7</Data></Cell>
			<Cell><Data ss:Type="Number">0</Data></Cell>
			<Cell><Data ss:Type="Number">0</Data></Cell>
			<Cell><Data ss:Type="String">2023-12-07 16:43:17.163197</Data></Cell>
		</Row>
		<Row>
			<Cell><Data ss:Type="String">707</Data></Cell>
			<Cell><Data ss:Type="Number">0.2</Data></Cell>
			<Cell><Data ss:Type="Number">-9.89</Data></Cell>
			<Cell><Data ss:Type="Number">0.09</Data></Cell>
			<Cell><Data ss:Type="Number">-9.42</Data></Cell>
			<Cell><Data ss:Type="Number">0.05</Data></Cell>
			<Cell><Data ss:Type="Number">-0.93</Data></Cell>
			<Cell><Data ss:Type="Number">22.7</Data></Cell>
			<Cell><Data ss:Type="Number">39.7</Data></Cell>
			<Cell><Data ss:Type="Number">0</Data></Cell>
			<Cell><Data ss:Type="Number">0</Data></Cell>
			<Cell><Data ss:Type="String">2023-12-07 16:43:17.160746</Data></Cell>
		</Row>
		<Row>
			<Cell><Data ss:Type="String">706</Data></Cell>
			<Cell><Data ss:Type="Number">0.82</Data></Cell>
			<Cell><Data ss:Type="Number">-9.92</Data></Cell>
			<Cell><Data ss:Type="Number">0.4</Data></Cell>
			<Cell><Data ss:Type="Number">-9.46</Data></Cell>
			<Cell><Data ss:Type="Number">-0.34</Data></Cell>
			<Cell><Data ss:Type="Number">-0.85</Data></Cell>
			<Cell><Data ss:Type="Number">22.7</Data></Cell>
			<Cell><Data ss:Type="Number">39.7</Data></Cell>
			<Cell><Data ss:Type="Number">0</Data></Cell>
			<Cell><Data ss:Type="Number">0</Data></Cell>
			<Cell><Data ss:Type="String">2023-12-07 16:43:17.158322</Data></Cell>
		</Row>
		<Row>
			<Cell><Data ss:Type="String">705</Data></Cell>
			<Cell><Data ss:Type="Number">0.02</Data></Cell>
			<Cell><Data ss:Type="Number">-10.15</Data></Cell>
			<Cell><Data ss:Type="Number">0.1</Data></Cell>
			<Cell><Data ss:Type="Number">-9.6</Data></Cell>
			<Cell><Data ss:Type="Number">-0.19</Data></Cell>
			<Cell><Data ss:Type="Number">-0.9</Data></Cell>
			<Cell><Data ss:Type="Number">22.7</Data></Cell>
			<Cell><Data ss:Type="Number">39.7</Data></Cell>
			<Cell><Data ss:Type="Number">0</Data></Cell>
			<Cell><Data ss:Type="Number">0</Data></Cell>
			<Cell><Data ss:Type="String">2023-12-07 16:43:17.156481</Data></Cell>
		</Row>
		<Row>
			<Cell><Data ss:Type="String">704</Data></Cell>
			<Cell><Data ss:Type="Number">-0.5</Data></Cell>
			<Cell><Data ss:Type="Number">-10.12</Data></Cell>
			<Cell><Data ss:Type="Number">-0.16</Data></Cell>
			<Cell><Data ss:Type="Number">-9.43</Data></Cell>
			<Cell><Data ss:Type="Number">0.15</Data></Cell>
			<Cell><Data ss:Type="Number">-0.85</Data></Cell>
			<Cell><Data ss:Type="Number">22.7</Data></Cell>
			<Cell><Data ss:Type="Number">39.7</Data></Cell>
			<Cell><Data ss:Type="Number">0</Data></Cell>
			<Cell><Data ss:Type="Number">0</Data></Cell>
			<Cell><Data ss:Type="String">2023-12-07 16:43:17.153656</Data></Cell>
		</Row>
		<Row>
			<Cell><Data ss:Type="String">703</Data></Cell>
			<Cell><Data ss:Type="Number">-0.88</Data></Cell>
			<Cell><Data ss:Type="Number">-10.07</Data></Cell>
			<Cell><Data ss:Type="Number">-0.9</Data></Cell>
			<Cell><Data ss:Type="Number">-9.51</Data></Cell>
			<Cell><Data ss:Type="Number">0.72</Data></Cell>
			<Cell><Data ss:Type="Number">-1.13</Data></Cell>
			<Cell><Data ss:Type="Number">22.7</Data></Cell>
			<Cell><Data ss:Type="Number">39.7</Data></Cell>
			<Cell><Data ss:Type="Number">0</Data></Cell>
			<Cell><Data ss:Type="Number">0</Data></Cell>
			<Cell><Data ss:Type="String">2023-12-07 16:43:16.932066</Data></Cell>
		</Row>
		<Row>
			<Cell><Data ss:Type="String">702</Data></Cell>
			<Cell><Data ss:Type="Number">1.84</Data></Cell>
			<Cell><Data ss:Type="Number">-9.96</Data></Cell>
			<Cell><Data ss:Type="Number">0.88</Data></Cell>
			<Cell><Data ss:Type="Number">-9.44</Data></Cell>
			<Cell><Data ss:Type="Number">-0.46</Data></Cell>
			<Cell><Data ss:Type="Number">-0.85</Data></Cell>
			<Cell><Data ss:Type="Number">22.7</Data></Cell>
			<Cell><Data ss:Type="Number">39.7</Data></Cell>
			<Cell><Data ss:Type="Number">0</Data></Cell>
			<Cell><Data ss:Type="Number">0</Data></Cell>
			<Cell><Data ss:Type="String">2023-12-07 16:43:16.929730</Data></Cell>
		</Row>
		<Row>
			<Cell><Data ss:Type="String">701</Data></Cell>
			<Cell><Data ss:Type="Number">3.39</Data></Cell>
			<Cell><Data ss:Type="Number">-10.38</Data></Cell>
			<Cell><Data ss:Type="Number">1.73</Data></Cell>
			<Cell><Data ss:Type="Number">-9.53</Data></Cell>
			<Cell><Data ss:Type="Number">-1.79</Data></Cell>
			<Cell><Data ss:Type="Number">-0.63</Data></Cell>
			<Cell><Data ss:Type="Number">22.7</Data></Cell>
			<Cell><Data ss:Type="Number">39.7</Data></Cell>
			<Cell><Data ss:Type="Number">0</Data></Cell>
			<Cell><Data ss:Type="Number">0</Data></Cell>
			<Cell><Data ss:Type="String">2023-12-07 16:43:16.927127</Data></Cell>
		</Row>
		<Row>
			<Cell><Data ss:Type="String">700</Data></Cell>
			<Cell><Data ss:Type="Number">0.44</Data></Cell>
			<Cell><Data ss:Type="Number">2.8</Data></Cell>
			<Cell><Data ss:Type="Number">-0.36</Data></Cell>
			<Cell><Data ss:Type="Number">-0.96</Data></Cell>
			<Cell><Data ss:Type="Number">-0.64</Data></Cell>
			<Cell><Data ss:Type="Number">-1.57</Data></Cell>
			<Cell><Data ss:Type="Number">22.7</Data></Cell>
			<Cell><Data ss:Type="Number">39.7</Data></Cell>
			<Cell><Data ss:Type="Number">0</Data></Cell>
			<Cell><Data ss:Type="Number">0</Data></Cell>
			<Cell><Data ss:Type="String">2023-12-07 16:43:16.923993</Data></Cell>
		</Row>
		<Row>
			<Cell><Data ss:Type="String">699</Data></Cell>
			<Cell><Data ss:Type="Number">0.3</Data></Cell>
			<Cell><Data ss:Type="Number">-9.97</Data></Cell>
			<Cell><Data ss:Type="Number">0.15</Data></Cell>
			<Cell><Data ss:Type="Number">-9.43</Data></Cell>
			<Cell><Data ss:Type="Number">-0.13</Data></Cell>
			<Cell><Data ss:Type="Number">-0.87</Data></Cell>
			<Cell><Data ss:Type="Number">22.7</Data></Cell>
			<Cell><Data ss:Type="Number">39.7</Data></Cell>
			<Cell><Data ss:Type="Number">0</Data></Cell>
			<Cell><Data ss:Type="Number">0</Data></Cell>
			<Cell><Data ss:Type="String">2023-12-07 16:43:16.765713</Data></Cell>
		</Row>
		<Row>
			<Cell><Data ss:Type="String">698</Data></Cell>
			<Cell><Data ss:Type="Number">0.61</Data></Cell>
			<Cell><Data ss:Type="Number">-10.12</Data></Cell>
			<Cell><Data ss:Type="Number">0.39</Data></Cell>
			<Cell><Data ss:Type="Number">-9.49</Data></Cell>
			<Cell><Data ss:Type="Number">-0.06</Data></Cell>
			<Cell><Data ss:Type="Number">-0.9</Data></Cell>
			<Cell><Data ss:Type="Number">22.7</Data></Cell>
			<Cell><Data ss:Type="Number">39.7</Data></Cell>
			<Cell><Data ss:Type="Number">0</Data></Cell>
			<Cell><Data ss:Type="Number">0</Data></Cell>
			<Cell><Data ss:Type="String">2023-12-07 16:43:16.763823</Data></Cell>
		</Row>
		<Row>
			<Cell><Data ss:Type="String">697</Data></Cell>
			<Cell><Data ss:Type="Number">0.86</Data></Cell>
			<Cell><Data ss:Type="Number">-9.67</Data></Cell>
			<Cell><Data ss:Type="Number">0.09</Data></Cell>
			<Cell><Data ss:Type="Number">-9.53</Data></Cell>
			<Cell><Data ss:Type="Number">-0.05</Data></Cell>
			<Cell><Data ss:Type="Number">-0.9</Data></Cell>
			<Cell><Data ss:Type="Number">22.7</Data></Cell>
			<Cell><Data ss:Type="Number">39.7</Data></Cell>
			<Cell><Data ss:Type="Number">0</Data></Cell>
			<Cell><Data ss:Type="Number">0</Data></Cell>
			<Cell><Data ss:Type="String">2023-12-07 16:43:16.717854</Data></Cell>
		</Row>
		<Row>
			<Cell><Data ss:Type="String">696</Data></Cell>
			<Cell><Data ss:Type="Number">0.57</Data></Cell>
			<Cell><Data ss:Type="Number">-9.8</Data></Cell>
			<Cell><Data ss:Type="Number">0.16</Data></Cell>
			<Cell><Data ss:Type="Number">-9.44</Data></Cell>
			<Cell><Data ss:Type="Number">-0.09</Data></Cell>
			<Cell><Data ss:Type="Number">-0.93</Data></Cell>
			<Cell><Data ss:Type="Number">22.7</Data></Cell>
			<Cell><Data ss:Type="Number">39.7</Data></Cell>
			<Cell><Data ss:Type="Number">0</Data></Cell>
			<Cell><Data ss:Type="Number">0</Data></Cell>
			<Cell><Data ss:Type="String">2023-12-07 16:43:16.674424</Data></Cell>
		</Row>
		<Row>
			<Cell><Data ss:Type="String">695</Data></Cell>
			<Cell><Data ss:Type="Number">0.58</Data></Cell>
			<Cell><Data ss:Type="Number">-10.29</Data></Cell>
			<Cell><Data ss:Type="Number">0.15</Data></Cell>
			<Cell><Data ss:Type="Number">-9.53</Data></Cell>
			<Cell><Data ss:Type="Number">-0.11</Data></Cell>
			<Cell><Data ss:Type="Number">-0.86</Data></Cell>
			<Cell><Data ss:Type="Number">22.7</Data></Cell>
			<Cell><Data ss:Type="Number">39.7</Data></Cell>
			<Cell><Data ss:Type="Number">0</Data></Cell>
			<Cell><Data ss:Type="Number">0</Data></Cell>
			<Cell><Data ss:Type="String">2023-12-07 16:43:16.629884</Data></Cell>
		</Row>
		<Row>
			<Cell><Data ss:Type="String">694</Data></Cell>
			<Cell><Data ss:Type="Number">0.13</Data></Cell>
			<Cell><Data ss:Type="Number">-10</Data></Cell>
			<Cell><Data ss:Type="Number">0.12</Data></Cell>
			<Cell><Data ss:Type="Number">-9.37</Data></Cell>
			<Cell><Data ss:Type="Number">-0.05</Data></Cell>
			<Cell><Data ss:Type="Number">-0.89</Data></Cell>
			<Cell><Data ss:Type="Number">22.7</Data></Cell>
			<Cell><Data ss:Type="Number">39.7</Data></Cell>
			<Cell><Data ss:Type="Number">0</Data></Cell>
			<Cell><Data ss:Type="Number">0</Data></Cell>
			<Cell><Data ss:Type="String">2023-12-07 16:43:16.627353</Data></Cell>
		</Row>
		<Row>
			<Cell><Data ss:Type="String">693</Data></Cell>
			<Cell><Data ss:Type="Number">0.28</Data></Cell>
			<Cell><Data ss:Type="Number">-9.57</Data></Cell>
			<Cell><Data ss:Type="Number">0.29</Data></Cell>
			<Cell><Data ss:Type="Number">-9.45</Data></Cell>
			<Cell><Data ss:Type="Number">-0.01</Data></Cell>
			<Cell><Data ss:Type="Number">-0.9</Data></Cell>
			<Cell><Data ss:Type="Number">22.7</Data></Cell>
			<Cell><Data ss:Type="Number">39.7</Data></Cell>
			<Cell><Data ss:Type="Number">0</Data></Cell>
			<Cell><Data ss:Type="Number">0</Data></Cell>
			<Cell><Data ss:Type="String">2023-12-07 16:43:16.580894</Data></Cell>
		</Row>
		<Row>
			<Cell><Data ss:Type="String">692</Data></Cell>
			<Cell><Data ss:Type="Number">0.51</Data></Cell>
			<Cell><Data ss:Type="Number">-9.93</Data></Cell>
			<Cell><Data ss:Type="Number">0.06</Data></Cell>
			<Cell><Data ss:Type="Number">-9.62</Data></Cell>
			<Cell><Data ss:Type="Number">-0.06</Data></Cell>
			<Cell><Data ss:Type="Number">-0.94</Data></Cell>
			<Cell><Data ss:Type="Number">22.7</Data></Cell>
			<Cell><Data ss:Type="Number">39.7</Data></Cell>
			<Cell><Data ss:Type="Number">0</Data></Cell>
			<Cell><Data ss:Type="Number">0</Data></Cell>
			<Cell><Data ss:Type="String">2023-12-07 16:43:16.536642</Data></Cell>
		</Row>
		<Row>
			<Cell><Data ss:Type="String">691</Data></Cell>
			<Cell><Data ss:Type="Number">0.45</Data></Cell>
			<Cell><Data ss:Type="Number">-10.27</Data></Cell>
			<Cell><Data ss:Type="Number">-0.06</Data></Cell>
			<Cell><Data ss:Type="Number">-9.53</Data></Cell>
			<Cell><Data ss:Type="Number">-0.05</Data></Cell>
			<Cell><Data ss:Type="Number">-0.87</Data></Cell>
			<Cell><Data ss:Type="Number">22.7</Data></Cell>
			<Cell><Data ss:Type="Number">39.7</Data></Cell>
			<Cell><Data ss:Type="Number">0</Data></Cell>
			<Cell><Data ss:Type="Number">0</Data></Cell>
			<Cell><Data ss:Type="String">2023-12-07 16:43:16.534857</Data></Cell>
		</Row>
		<Row>
			<Cell><Data ss:Type="String">690</Data></Cell>
			<Cell><Data ss:Type="Number">0</Data></Cell>
			<Cell><Data ss:Type="Number">-10.06</Data></Cell>
			<Cell><Data ss:Type="Number">0.21</Data></Cell>
			<Cell><Data ss:Type="Number">-9.44</Data></Cell>
			<Cell><Data ss:Type="Number">-0.06</Data></Cell>
			<Cell><Data ss:Type="Number">-0.9</Data></Cell>
			<Cell><Data ss:Type="Number">22.7</Data></Cell>
			<Cell><Data ss:Type="Number">39.7</Data></Cell>
			<Cell><Data ss:Type="Number">0</Data></Cell>
			<Cell><Data ss:Type="Number">0</Data></Cell>
			<Cell><Data ss:Type="String">2023-12-07 16:43:16.489109</Data></Cell>
		</Row>
		<Row>
			<Cell><Data ss:Type="String">689</Data></Cell>
			<Cell><Data ss:Type="Number">0.35</Data></Cell>
			<Cell><Data ss:Type="Number">-9.95</Data></Cell>
			<Cell><Data ss:Type="Number">0.11</Data></Cell>
			<Cell><Data ss:Type="Number">-9.37</Data></Cell>
			<Cell><Data ss:Type="Number">-0</Data></Cell>
			<Cell><Data ss:Type="Number">-0.95</Data></Cell>
			<Cell><Data ss:Type="Number">22.7</Data></Cell>
			<Cell><Data ss:Type="Number">39.7</Data></Cell>
			<Cell><Data ss:Type="Number">0</Data></Cell>
			<Cell><Data ss:Type="Number">0</Data></Cell>
			<Cell><Data ss:Type="String">2023-12-07 16:43:16.444757</Data></Cell>
		</Row>
		<Row>
			<Cell><Data ss:Type="String">688</Data></Cell>
			<Cell><Data ss:Type="Number">0.7</Data></Cell>
			<Cell><Data ss:Type="Number">-9.94</Data></Cell>
			<Cell><Data ss:Type="Number">0.28</Data></Cell>
			<Cell><Data ss:Type="Number">-9.43</Data></Cell>
			<Cell><Data ss:Type="Number">-0.17</Data></Cell>
			<Cell><Data ss:Type="Number">-0.9</Data></Cell>
			<Cell><Data ss:Type="Number">22.7</Data></Cell>
			<Cell><Data ss:Type="Number">39.7</Data></Cell>
			<Cell><Data ss:Type="Number">0</Data></Cell>
			<Cell><Data ss:Type="Number">0</Data></Cell>
			<Cell><Data ss:Type="String">2023-12-07 16:43:16.401823</Data></Cell>
		</Row>
		<Row>
			<Cell><Data ss:Type="String">687</Data></Cell>
			<Cell><Data ss:Type="Number">0.3</Data></Cell>
			<Cell><Data ss:Type="Number">-10.31</Data></Cell>
			<Cell><Data ss:Type="Number">0.01</Data></Cell>
			<Cell><Data ss:Type="Number">-9.53</Data></Cell>
			<Cell><Data ss:Type="Number">-0.09</Data></Cell>
			<Cell><Data ss:Type="Number">-0.92</Data></Cell>
			<Cell><Data ss:Type="Number">22.7</Data></Cell>
			<Cell><Data ss:Type="Number">39.7</Data></Cell>
			<Cell><Data ss:Type="Number">0</Data></Cell>
			<Cell><Data ss:Type="Number">0</Data></Cell>
			<Cell><Data ss:Type="String">2023-12-07 16:43:16.399891</Data></Cell>
		</Row>
		<Row>
			<Cell><Data ss:Type="String">686</Data></Cell>
			<Cell><Data ss:Type="Number">1.12</Data></Cell>
			<Cell><Data ss:Type="Number">-10.39</Data></Cell>
			<Cell><Data ss:Type="Number">0.05</Data></Cell>
			<Cell><Data ss:Type="Number">-9.49</Data></Cell>
			<Cell><Data ss:Type="Number">-0.04</Data></Cell>
			<Cell><Data ss:Type="Number">-0.87</Data></Cell>
			<Cell><Data ss:Type="Number">22.7</Data></Cell>
			<Cell><Data ss:Type="Number">39.7</Data></Cell>
			<Cell><Data ss:Type="Number">0</Data></Cell>
			<Cell><Data ss:Type="Number">0</Data></Cell>
			<Cell><Data ss:Type="String">2023-12-07 16:43:16.351583</Data></Cell>
		</Row>
		<Row>
			<Cell><Data ss:Type="String">685</Data></Cell>
			<Cell><Data ss:Type="Number">0.49</Data></Cell>
			<Cell><Data ss:Type="Number">-10</Data></Cell>
			<Cell><Data ss:Type="Number">1.08</Data></Cell>
			<Cell><Data ss:Type="Number">-9.35</Data></Cell>
			<Cell><Data ss:Type="Number">-0.04</Data></Cell>
			<Cell><Data ss:Type="Number">-0.95</Data></Cell>
			<Cell><Data ss:Type="Number">22.7</Data></Cell>
			<Cell><Data ss:Type="Number">39.7</Data></Cell>
			<Cell><Data ss:Type="Number">0</Data></Cell>
			<Cell><Data ss:Type="Number">0</Data></Cell>
			<Cell><Data ss:Type="String">2023-12-07 16:43:16.313525</Data></Cell>
		</Row>
		<Row>
			<Cell><Data ss:Type="String">684</Data></Cell>
			<Cell><Data ss:Type="Number">0.61</Data></Cell>
			<Cell><Data ss:Type="Number">-9.78</Data></Cell>
			<Cell><Data ss:Type="Number">0.6</Data></Cell>
			<Cell><Data ss:Type="Number">-9.41</Data></Cell>
			<Cell><Data ss:Type="Number">-0.08</Data></Cell>
			<Cell><Data ss:Type="Number">-0.94</Data></Cell>
			<Cell><Data ss:Type="Number">22.7</Data></Cell>
			<Cell><Data ss:Type="Number">39.7</Data></Cell>
			<Cell><Data ss:Type="Number">0</Data></Cell>
			<Cell><Data ss:Type="Number">0</Data></Cell>
			<Cell><Data ss:Type="String">2023-12-07 16:43:16.310602</Data></Cell>
		</Row>
		<Row>
			<Cell><Data ss:Type="String">683</Data></Cell>
			<Cell><Data ss:Type="Number">0.2</Data></Cell>
			<Cell><Data ss:Type="Number">-10.43</Data></Cell>
			<Cell><Data ss:Type="Number">0.16</Data></Cell>
			<Cell><Data ss:Type="Number">-9.59</Data></Cell>
			<Cell><Data ss:Type="Number">-0.11</Data></Cell>
			<Cell><Data ss:Type="Number">-0.94</Data></Cell>
			<Cell><Data ss:Type="Number">22.7</Data></Cell>
			<Cell><Data ss:Type="Number">39.7</Data></Cell>
			<Cell><Data ss:Type="Number">0</Data></Cell>
			<Cell><Data ss:Type="Number">0</Data></Cell>
			<Cell><Data ss:Type="String">2023-12-07 16:43:16.247058</Data></Cell>
		</Row>
		<Row>
			<Cell><Data ss:Type="String">682</Data></Cell>
			<Cell><Data ss:Type="Number">0.25</Data></Cell>
			<Cell><Data ss:Type="Number">-10.39</Data></Cell>
			<Cell><Data ss:Type="Number">0.23</Data></Cell>
			<Cell><Data ss:Type="Number">-9.6</Data></Cell>
			<Cell><Data ss:Type="Number">-0.13</Data></Cell>
			<Cell><Data ss:Type="Number">-0.89</Data></Cell>
			<Cell><Data ss:Type="Number">22.7</Data></Cell>
			<Cell><Data ss:Type="Number">39.7</Data></Cell>
			<Cell><Data ss:Type="Number">0</Data></Cell>
			<Cell><Data ss:Type="Number">0</Data></Cell>
			<Cell><Data ss:Type="String">2023-12-07 16:43:16.244186</Data></Cell>
		</Row>
		<Row>
			<Cell><Data ss:Type="String">681</Data></Cell>
			<Cell><Data ss:Type="Number">0.18</Data></Cell>
			<Cell><Data ss:Type="Number">-10.13</Data></Cell>
			<Cell><Data ss:Type="Number">0.28</Data></Cell>
			<Cell><Data ss:Type="Number">-9.53</Data></Cell>
			<Cell><Data ss:Type="Number">0.02</Data></Cell>
			<Cell><Data ss:Type="Number">-0.89</Data></Cell>
			<Cell><Data ss:Type="Number">22.7</Data></Cell>
			<Cell><Data ss:Type="Number">39.7</Data></Cell>
			<Cell><Data ss:Type="Number">0</Data></Cell>
			<Cell><Data ss:Type="Number">0</Data></Cell>
			<Cell><Data ss:Type="String">2023-12-07 16:43:16.241142</Data></Cell>
		</Row>
		<Row>
			<Cell><Data ss:Type="String">680</Data></Cell>
			<Cell><Data ss:Type="Number">0.25</Data></Cell>
			<Cell><Data ss:Type="Number">-9.82</Data></Cell>
			<Cell><Data ss:Type="Number">-0.09</Data></Cell>
			<Cell><Data ss:Type="Number">-9.49</Data></Cell>
			<Cell><Data ss:Type="Number">-0.1</Data></Cell>
			<Cell><Data ss:Type="Number">-0.94</Data></Cell>
			<Cell><Data ss:Type="Number">22.7</Data></Cell>
			<Cell><Data ss:Type="Number">39.7</Data></Cell>
			<Cell><Data ss:Type="Number">0</Data></Cell>
			<Cell><Data ss:Type="Number">0</Data></Cell>
			<Cell><Data ss:Type="String">2023-12-07 16:43:16.239353</Data></Cell>
		</Row>
		<Row>
			<Cell><Data ss:Type="String">679</Data></Cell>
			<Cell><Data ss:Type="Number">0.02</Data></Cell>
			<Cell><Data ss:Type="Number">-9.81</Data></Cell>
			<Cell><Data ss:Type="Number">0.17</Data></Cell>
			<Cell><Data ss:Type="Number">-9.4</Data></Cell>
			<Cell><Data ss:Type="Number">-0.09</Data></Cell>
			<Cell><Data ss:Type="Number">-0.91</Data></Cell>
			<Cell><Data ss:Type="Number">22.7</Data></Cell>
			<Cell><Data ss:Type="Number">39.7</Data></Cell>
			<Cell><Data ss:Type="Number">0</Data></Cell>
			<Cell><Data ss:Type="Number">0</Data></Cell>
			<Cell><Data ss:Type="String">2023-12-07 16:43:16.237703</Data></Cell>
		</Row>
		<Row>
			<Cell><Data ss:Type="String">678</Data></Cell>
			<Cell><Data ss:Type="Number">0.43</Data></Cell>
			<Cell><Data ss:Type="Number">-9.78</Data></Cell>
			<Cell><Data ss:Type="Number">0.01</Data></Cell>
			<Cell><Data ss:Type="Number">-9.46</Data></Cell>
			<Cell><Data ss:Type="Number">-0.06</Data></Cell>
			<Cell><Data ss:Type="Number">-0.94</Data></Cell>
			<Cell><Data ss:Type="Number">22.7</Data></Cell>
			<Cell><Data ss:Type="Number">39.7</Data></Cell>
			<Cell><Data ss:Type="Number">0</Data></Cell>
			<Cell><Data ss:Type="Number">0</Data></Cell>
			<Cell><Data ss:Type="String">2023-12-07 16:43:16.235845</Data></Cell>
		</Row>
		<Row>
			<Cell><Data ss:Type="String">677</Data></Cell>
			<Cell><Data ss:Type="Number">1.07</Data></Cell>
			<Cell><Data ss:Type="Number">-10.36</Data></Cell>
			<Cell><Data ss:Type="Number">0.62</Data></Cell>
			<Cell><Data ss:Type="Number">-9.57</Data></Cell>
			<Cell><Data ss:Type="Number">-0.14</Data></Cell>
			<Cell><Data ss:Type="Number">-0.84</Data></Cell>
			<Cell><Data ss:Type="Number">22.7</Data></Cell>
			<Cell><Data ss:Type="Number">39.7</Data></Cell>
			<Cell><Data ss:Type="Number">0</Data></Cell>
			<Cell><Data ss:Type="Number">0</Data></Cell>
			<Cell><Data ss:Type="String">2023-12-07 16:43:16.233879</Data></Cell>
		</Row>
		<Row>
			<Cell><Data ss:Type="String">676</Data></Cell>
			<Cell><Data ss:Type="Number">1.36</Data></Cell>
			<Cell><Data ss:Type="Number">-10.67</Data></Cell>
			<Cell><Data ss:Type="Number">0.7</Data></Cell>
			<Cell><Data ss:Type="Number">-9.44</Data></Cell>
			<Cell><Data ss:Type="Number">-0.16</Data></Cell>
			<Cell><Data ss:Type="Number">-0.85</Data></Cell>
			<Cell><Data ss:Type="Number">22.7</Data></Cell>
			<Cell><Data ss:Type="Number">39.7</Data></Cell>
			<Cell><Data ss:Type="Number">0</Data></Cell>
			<Cell><Data ss:Type="Number">0</Data></Cell>
			<Cell><Data ss:Type="String">2023-12-07 16:43:16.016473</Data></Cell>
		</Row>
		<Row>
			<Cell><Data ss:Type="String">675</Data></Cell>
			<Cell><Data ss:Type="Number">0.21</Data></Cell>
			<Cell><Data ss:Type="Number">-10.15</Data></Cell>
			<Cell><Data ss:Type="Number">0.1</Data></Cell>
			<Cell><Data ss:Type="Number">-9.48</Data></Cell>
			<Cell><Data ss:Type="Number">-0.08</Data></Cell>
			<Cell><Data ss:Type="Number">-0.9</Data></Cell>
			<Cell><Data ss:Type="Number">22.7</Data></Cell>
			<Cell><Data ss:Type="Number">39.7</Data></Cell>
			<Cell><Data ss:Type="Number">0</Data></Cell>
			<Cell><Data ss:Type="Number">0</Data></Cell>
			<Cell><Data ss:Type="String">2023-12-07 16:43:16.014531</Data></Cell>
		</Row>
		<Row>
			<Cell><Data ss:Type="String">674</Data></Cell>
			<Cell><Data ss:Type="Number">0.21</Data></Cell>
			<Cell><Data ss:Type="Number">-9.68</Data></Cell>
			<Cell><Data ss:Type="Number">0.12</Data></Cell>
			<Cell><Data ss:Type="Number">-9.39</Data></Cell>
			<Cell><Data ss:Type="Number">0</Data></Cell>
			<Cell><Data ss:Type="Number">-0.88</Data></Cell>
			<Cell><Data ss:Type="Number">22.7</Data></Cell>
			<Cell><Data ss:Type="Number">39.7</Data></Cell>
			<Cell><Data ss:Type="Number">0</Data></Cell>
			<Cell><Data ss:Type="Number">0</Data></Cell>
			<Cell><Data ss:Type="String">2023-12-07 16:43:16.011624</Data></Cell>
		</Row>
		<Row>
			<Cell><Data ss:Type="String">673</Data></Cell>
			<Cell><Data ss:Type="Number">0.51</Data></Cell>
			<Cell><Data ss:Type="Number">-8.92</Data></Cell>
			<Cell><Data ss:Type="Number">0.33</Data></Cell>
			<Cell><Data ss:Type="Number">-9.37</Data></Cell>
			<Cell><Data ss:Type="Number">-0.15</Data></Cell>
			<Cell><Data ss:Type="Number">-0.88</Data></Cell>
			<Cell><Data ss:Type="Number">22.7</Data></Cell>
			<Cell><Data ss:Type="Number">39.7</Data></Cell>
			<Cell><Data ss:Type="Number">0</Data></Cell>
			<Cell><Data ss:Type="Number">0</Data></Cell>
			<Cell><Data ss:Type="String">2023-12-07 16:43:16.008346</Data></Cell>
		</Row>
		<Row>
			<Cell><Data ss:Type="String">672</Data></Cell>
			<Cell><Data ss:Type="Number">0.17</Data></Cell>
			<Cell><Data ss:Type="Number">-10.16</Data></Cell>
			<Cell><Data ss:Type="Number">0.14</Data></Cell>
			<Cell><Data ss:Type="Number">-9.48</Data></Cell>
			<Cell><Data ss:Type="Number">-0.12</Data></Cell>
			<Cell><Data ss:Type="Number">-0.93</Data></Cell>
			<Cell><Data ss:Type="Number">22.7</Data></Cell>
			<Cell><Data ss:Type="Number">39.7</Data></Cell>
			<Cell><Data ss:Type="Number">0</Data></Cell>
			<Cell><Data ss:Type="Number">0</Data></Cell>
			<Cell><Data ss:Type="String">2023-12-07 16:43:16.005835</Data></Cell>
		</Row>
		<Row>
			<Cell><Data ss:Type="String">671</Data></Cell>
			<Cell><Data ss:Type="Number">0.39</Data></Cell>
			<Cell><Data ss:Type="Number">-10.4</Data></Cell>
			<Cell><Data ss:Type="Number">0.24</Data></Cell>
			<Cell><Data ss:Type="Number">-9.59</Data></Cell>
			<Cell><Data ss:Type="Number">-0.03</Data></Cell>
			<Cell><Data ss:Type="Number">-0.9</Data></Cell>
			<Cell><Data ss:Type="Number">22.7</Data></Cell>
			<Cell><Data ss:Type="Number">39.7</Data></Cell>
			<Cell><Data ss:Type="Number">0</Data></Cell>
			<Cell><Data ss:Type="Number">0</Data></Cell>
			<Cell><Data ss:Type="String">2023-12-07 16:43:15.832981</Data></Cell>
		</Row>
		<Row>
			<Cell><Data ss:Type="String">670</Data></Cell>
			<Cell><Data ss:Type="Number">-0.06</Data></Cell>
			<Cell><Data ss:Type="Number">-10.06</Data></Cell>
			<Cell><Data ss:Type="Number">-0.08</Data></Cell>
			<Cell><Data ss:Type="Number">-9.43</Data></Cell>
			<Cell><Data ss:Type="Number">0.11</Data></Cell>
			<Cell><Data ss:Type="Number">-0.99</Data></Cell>
			<Cell><Data ss:Type="Number">22.7</Data></Cell>
			<Cell><Data ss:Type="Number">39.7</Data></Cell>
			<Cell><Data ss:Type="Number">0</Data></Cell>
			<Cell><Data ss:Type="Number">0</Data></Cell>
			<Cell><Data ss:Type="String">2023-12-07 16:43:15.831056</Data></Cell>
		</Row>
		<Row>
			<Cell><Data ss:Type="String">669</Data></Cell>
			<Cell><Data ss:Type="Number">0.69</Data></Cell>
			<Cell><Data ss:Type="Number">-9.7</Data></Cell>
			<Cell><Data ss:Type="Number">0.3</Data></Cell>
			<Cell><Data ss:Type="Number">-9.37</Data></Cell>
			<Cell><Data ss:Type="Number">-0.23</Data></Cell>
			<Cell><Data ss:Type="Number">-0.89</Data></Cell>
			<Cell><Data ss:Type="Number">22.7</Data></Cell>
			<Cell><Data ss:Type="Number">39.7</Data></Cell>
			<Cell><Data ss:Type="Number">0</Data></Cell>
			<Cell><Data ss:Type="Number">0</Data></Cell>
			<Cell><Data ss:Type="String">2023-12-07 16:43:15.784270</Data></Cell>
		</Row>
		<Row>
			<Cell><Data ss:Type="String">668</Data></Cell>
			<Cell><Data ss:Type="Number">0.31</Data></Cell>
			<Cell><Data ss:Type="Number">-10.45</Data></Cell>
			<Cell><Data ss:Type="Number">0.07</Data></Cell>
			<Cell><Data ss:Type="Number">-9.53</Data></Cell>
			<Cell><Data ss:Type="Number">-0.29</Data></Cell>
			<Cell><Data ss:Type="Number">-0.97</Data></Cell>
			<Cell><Data ss:Type="Number">22.7</Data></Cell>
			<Cell><Data ss:Type="Number">39.7</Data></Cell>
			<Cell><Data ss:Type="Number">0</Data></Cell>
			<Cell><Data ss:Type="Number">0</Data></Cell>
			<Cell><Data ss:Type="String">2023-12-07 16:43:15.738770</Data></Cell>
		</Row>
		<Row>
			<Cell><Data ss:Type="String">667</Data></Cell>
			<Cell><Data ss:Type="Number">-0.53</Data></Cell>
			<Cell><Data ss:Type="Number">-10.33</Data></Cell>
			<Cell><Data ss:Type="Number">-0.09</Data></Cell>
			<Cell><Data ss:Type="Number">-9.56</Data></Cell>
			<Cell><Data ss:Type="Number">0.29</Data></Cell>
			<Cell><Data ss:Type="Number">-0.94</Data></Cell>
			<Cell><Data ss:Type="Number">22.7</Data></Cell>
			<Cell><Data ss:Type="Number">39.7</Data></Cell>
			<Cell><Data ss:Type="Number">0</Data></Cell>
			<Cell><Data ss:Type="Number">0</Data></Cell>
			<Cell><Data ss:Type="String">2023-12-07 16:43:15.696954</Data></Cell>
		</Row>
		<Row>
			<Cell><Data ss:Type="String">666</Data></Cell>
			<Cell><Data ss:Type="Number">0.2</Data></Cell>
			<Cell><Data ss:Type="Number">-9.84</Data></Cell>
			<Cell><Data ss:Type="Number">-0.11</Data></Cell>
			<Cell><Data ss:Type="Number">-9.37</Data></Cell>
			<Cell><Data ss:Type="Number">0.14</Data></Cell>
			<Cell><Data ss:Type="Number">-0.92</Data></Cell>
			<Cell><Data ss:Type="Number">22.7</Data></Cell>
			<Cell><Data ss:Type="Number">39.7</Data></Cell>
			<Cell><Data ss:Type="Number">0</Data></Cell>
			<Cell><Data ss:Type="Number">0</Data></Cell>
			<Cell><Data ss:Type="String">2023-12-07 16:43:15.694671</Data></Cell>
		</Row>
		<Row>
			<Cell><Data ss:Type="String">665</Data></Cell>
			<Cell><Data ss:Type="Number">2.04</Data></Cell>
			<Cell><Data ss:Type="Number">-9.9</Data></Cell>
			<Cell><Data ss:Type="Number">0.91</Data></Cell>
			<Cell><Data ss:Type="Number">-9.48</Data></Cell>
			<Cell><Data ss:Type="Number">-1.19</Data></Cell>
			<Cell><Data ss:Type="Number">-0.98</Data></Cell>
			<Cell><Data ss:Type="Number">22.7</Data></Cell>
			<Cell><Data ss:Type="Number">39.7</Data></Cell>
			<Cell><Data ss:Type="Number">0</Data></Cell>
			<Cell><Data ss:Type="Number">0</Data></Cell>
			<Cell><Data ss:Type="String">2023-12-07 16:43:15.647439</Data></Cell>
		</Row>
		<Row>
			<Cell><Data ss:Type="String">664</Data></Cell>
			<Cell><Data ss:Type="Number">-1.42</Data></Cell>
			<Cell><Data ss:Type="Number">-10.25</Data></Cell>
			<Cell><Data ss:Type="Number">0.42</Data></Cell>
			<Cell><Data ss:Type="Number">-9.6</Data></Cell>
			<Cell><Data ss:Type="Number">0.1</Data></Cell>
			<Cell><Data ss:Type="Number">-0.64</Data></Cell>
			<Cell><Data ss:Type="Number">22.7</Data></Cell>
			<Cell><Data ss:Type="Number">39.7</Data></Cell>
			<Cell><Data ss:Type="Number">0</Data></Cell>
			<Cell><Data ss:Type="Number">0</Data></Cell>
			<Cell><Data ss:Type="String">2023-12-07 16:43:15.609707</Data></Cell>
		</Row>
		<Row>
			<Cell><Data ss:Type="String">663</Data></Cell>
			<Cell><Data ss:Type="Number">-2.24</Data></Cell>
			<Cell><Data ss:Type="Number">-12.19</Data></Cell>
			<Cell><Data ss:Type="Number">-2.12</Data></Cell>
			<Cell><Data ss:Type="Number">-10.53</Data></Cell>
			<Cell><Data ss:Type="Number">2.14</Data></Cell>
			<Cell><Data ss:Type="Number">-1.57</Data></Cell>
			<Cell><Data ss:Type="Number">22.7</Data></Cell>
			<Cell><Data ss:Type="Number">39.7</Data></Cell>
			<Cell><Data ss:Type="Number">0</Data></Cell>
			<Cell><Data ss:Type="Number">0</Data></Cell>
			<Cell><Data ss:Type="String">2023-12-07 16:43:15.606921</Data></Cell>
		</Row>
		<Row>
			<Cell><Data ss:Type="String">662</Data></Cell>
			<Cell><Data ss:Type="Number">0.36</Data></Cell>
			<Cell><Data ss:Type="Number">-10.24</Data></Cell>
			<Cell><Data ss:Type="Number">0.06</Data></Cell>
			<Cell><Data ss:Type="Number">-9.51</Data></Cell>
			<Cell><Data ss:Type="Number">-0.06</Data></Cell>
			<Cell><Data ss:Type="Number">-0.88</Data></Cell>
			<Cell><Data ss:Type="Number">22.7</Data></Cell>
			<Cell><Data ss:Type="Number">39.7</Data></Cell>
			<Cell><Data ss:Type="Number">0</Data></Cell>
			<Cell><Data ss:Type="Number">0</Data></Cell>
			<Cell><Data ss:Type="String">2023-12-07 16:43:15.604632</Data></Cell>
		</Row>
		<Row>
			<Cell><Data ss:Type="String">661</Data></Cell>
			<Cell><Data ss:Type="Number">0.27</Data></Cell>
			<Cell><Data ss:Type="Number">-9.98</Data></Cell>
			<Cell><Data ss:Type="Number">0.15</Data></Cell>
			<Cell><Data ss:Type="Number">-9.46</Data></Cell>
			<Cell><Data ss:Type="Number">-0.05</Data></Cell>
			<Cell><Data ss:Type="Number">-0.92</Data></Cell>
			<Cell><Data ss:Type="Number">22.7</Data></Cell>
			<Cell><Data ss:Type="Number">39.7</Data></Cell>
			<Cell><Data ss:Type="Number">0</Data></Cell>
			<Cell><Data ss:Type="Number">0</Data></Cell>
			<Cell><Data ss:Type="String">2023-12-07 16:43:15.602310</Data></Cell>
		</Row>
		<Row>
			<Cell><Data ss:Type="String">660</Data></Cell>
			<Cell><Data ss:Type="Number">0.35</Data></Cell>
			<Cell><Data ss:Type="Number">-10.17</Data></Cell>
			<Cell><Data ss:Type="Number">0.16</Data></Cell>
			<Cell><Data ss:Type="Number">-9.53</Data></Cell>
			<Cell><Data ss:Type="Number">-0.06</Data></Cell>
			<Cell><Data ss:Type="Number">-0.9</Data></Cell>
			<Cell><Data ss:Type="Number">22.7</Data></Cell>
			<Cell><Data ss:Type="Number">39.7</Data></Cell>
			<Cell><Data ss:Type="Number">0</Data></Cell>
			<Cell><Data ss:Type="Number">0</Data></Cell>
			<Cell><Data ss:Type="String">2023-12-07 16:43:15.600096</Data></Cell>
		</Row>
		<Row>
			<Cell><Data ss:Type="String">659</Data></Cell>
			<Cell><Data ss:Type="Number">0.32</Data></Cell>
			<Cell><Data ss:Type="Number">-10.2</Data></Cell>
			<Cell><Data ss:Type="Number">0.12</Data></Cell>
			<Cell><Data ss:Type="Number">-9.49</Data></Cell>
			<Cell><Data ss:Type="Number">-0.08</Data></Cell>
			<Cell><Data ss:Type="Number">-0.89</Data></Cell>
			<Cell><Data ss:Type="Number">22.7</Data></Cell>
			<Cell><Data ss:Type="Number">39.7</Data></Cell>
			<Cell><Data ss:Type="Number">0</Data></Cell>
			<Cell><Data ss:Type="Number">0</Data></Cell>
			<Cell><Data ss:Type="String">2023-12-07 16:43:15.597930</Data></Cell>
		</Row>
		<Row>
			<Cell><Data ss:Type="String">658</Data></Cell>
			<Cell><Data ss:Type="Number">0.25</Data></Cell>
			<Cell><Data ss:Type="Number">-10.12</Data></Cell>
			<Cell><Data ss:Type="Number">0.03</Data></Cell>
			<Cell><Data ss:Type="Number">-9.44</Data></Cell>
			<Cell><Data ss:Type="Number">-0.05</Data></Cell>
			<Cell><Data ss:Type="Number">-0.92</Data></Cell>
			<Cell><Data ss:Type="Number">22.7</Data></Cell>
			<Cell><Data ss:Type="Number">39.7</Data></Cell>
			<Cell><Data ss:Type="Number">0</Data></Cell>
			<Cell><Data ss:Type="Number">0</Data></Cell>
			<Cell><Data ss:Type="String">2023-12-07 16:43:15.596055</Data></Cell>
		</Row>
		<Row>
			<Cell><Data ss:Type="String">657</Data></Cell>
			<Cell><Data ss:Type="Number">0.29</Data></Cell>
			<Cell><Data ss:Type="Number">-9.95</Data></Cell>
			<Cell><Data ss:Type="Number">0.07</Data></Cell>
			<Cell><Data ss:Type="Number">-9.44</Data></Cell>
			<Cell><Data ss:Type="Number">-0.07</Data></Cell>
			<Cell><Data ss:Type="Number">-0.93</Data></Cell>
			<Cell><Data ss:Type="Number">22.7</Data></Cell>
			<Cell><Data ss:Type="Number">39.7</Data></Cell>
			<Cell><Data ss:Type="Number">0</Data></Cell>
			<Cell><Data ss:Type="Number">0</Data></Cell>
			<Cell><Data ss:Type="String">2023-12-07 16:43:15.581687</Data></Cell>
		</Row>
		<Row>
			<Cell><Data ss:Type="String">656</Data></Cell>
			<Cell><Data ss:Type="Number">0.33</Data></Cell>
			<Cell><Data ss:Type="Number">-10.01</Data></Cell>
			<Cell><Data ss:Type="Number">0.07</Data></Cell>
			<Cell><Data ss:Type="Number">-9.5</Data></Cell>
			<Cell><Data ss:Type="Number">-0.05</Data></Cell>
			<Cell><Data ss:Type="Number">-0.95</Data></Cell>
			<Cell><Data ss:Type="Number">22.7</Data></Cell>
			<Cell><Data ss:Type="Number">39.7</Data></Cell>
			<Cell><Data ss:Type="Number">0</Data></Cell>
			<Cell><Data ss:Type="Number">0</Data></Cell>
			<Cell><Data ss:Type="String">2023-12-07 16:43:15.346517</Data></Cell>
		</Row>
		<Row>
			<Cell><Data ss:Type="String">655</Data></Cell>
			<Cell><Data ss:Type="Number">0.32</Data></Cell>
			<Cell><Data ss:Type="Number">-10.17</Data></Cell>
			<Cell><Data ss:Type="Number">0.05</Data></Cell>
			<Cell><Data ss:Type="Number">-9.54</Data></Cell>
			<Cell><Data ss:Type="Number">-0.06</Data></Cell>
			<Cell><Data ss:Type="Number">-0.91</Data></Cell>
			<Cell><Data ss:Type="Number">22.7</Data></Cell>
			<Cell><Data ss:Type="Number">39.7</Data></Cell>
			<Cell><Data ss:Type="Number">0</Data></Cell>
			<Cell><Data ss:Type="Number">0</Data></Cell>
			<Cell><Data ss:Type="String">2023-12-07 16:43:15.344175</Data></Cell>
		</Row>
		<Row>
			<Cell><Data ss:Type="String">654</Data></Cell>
			<Cell><Data ss:Type="Number">0.29</Data></Cell>
			<Cell><Data ss:Type="Number">-10.2</Data></Cell>
			<Cell><Data ss:Type="Number">0.18</Data></Cell>
			<Cell><Data ss:Type="Number">-9.5</Data></Cell>
			<Cell><Data ss:Type="Number">-0.07</Data></Cell>
			<Cell><Data ss:Type="Number">-0.89</Data></Cell>
			<Cell><Data ss:Type="Number">22.7</Data></Cell>
			<Cell><Data ss:Type="Number">39.7</Data></Cell>
			<Cell><Data ss:Type="Number">0</Data></Cell>
			<Cell><Data ss:Type="Number">0</Data></Cell>
			<Cell><Data ss:Type="String">2023-12-07 16:43:15.341952</Data></Cell>
		</Row>
		<Row>
			<Cell><Data ss:Type="String">653</Data></Cell>
			<Cell><Data ss:Type="Number">0.3</Data></Cell>
			<Cell><Data ss:Type="Number">-10.09</Data></Cell>
			<Cell><Data ss:Type="Number">0.13</Data></Cell>
			<Cell><Data ss:Type="Number">-9.48</Data></Cell>
			<Cell><Data ss:Type="Number">-0.09</Data></Cell>
			<Cell><Data ss:Type="Number">-0.93</Data></Cell>
			<Cell><Data ss:Type="Number">22.7</Data></Cell>
			<Cell><Data ss:Type="Number">39.7</Data></Cell>
			<Cell><Data ss:Type="Number">0</Data></Cell>
			<Cell><Data ss:Type="Number">0</Data></Cell>
			<Cell><Data ss:Type="String">2023-12-07 16:43:15.340057</Data></Cell>
		</Row>
		<Row>
			<Cell><Data ss:Type="String">652</Data></Cell>
			<Cell><Data ss:Type="Number">0.2</Data></Cell>
			<Cell><Data ss:Type="Number">-10.01</Data></Cell>
			<Cell><Data ss:Type="Number">0.13</Data></Cell>
			<Cell><Data ss:Type="Number">-9.43</Data></Cell>
			<Cell><Data ss:Type="Number">-0.06</Data></Cell>
			<Cell><Data ss:Type="Number">-0.94</Data></Cell>
			<Cell><Data ss:Type="Number">22.7</Data></Cell>
			<Cell><Data ss:Type="Number">39.7</Data></Cell>
			<Cell><Data ss:Type="Number">0</Data></Cell>
			<Cell><Data ss:Type="Number">0</Data></Cell>
			<Cell><Data ss:Type="String">2023-12-07 16:43:15.338441</Data></Cell>
		</Row>
		<Row>
			<Cell><Data ss:Type="String">651</Data></Cell>
			<Cell><Data ss:Type="Number">0.34</Data></Cell>
			<Cell><Data ss:Type="Number">-10.03</Data></Cell>
			<Cell><Data ss:Type="Number">-0.08</Data></Cell>
			<Cell><Data ss:Type="Number">-9.46</Data></Cell>
			<Cell><Data ss:Type="Number">-0.1</Data></Cell>
			<Cell><Data ss:Type="Number">-0.95</Data></Cell>
			<Cell><Data ss:Type="Number">22.7</Data></Cell>
			<Cell><Data ss:Type="Number">39.7</Data></Cell>
			<Cell><Data ss:Type="Number">0</Data></Cell>
			<Cell><Data ss:Type="Number">0</Data></Cell>
			<Cell><Data ss:Type="String">2023-12-07 16:43:15.336701</Data></Cell>
		</Row>
		<Row>
			<Cell><Data ss:Type="String">650</Data></Cell>
			<Cell><Data ss:Type="Number">0.25</Data></Cell>
			<Cell><Data ss:Type="Number">-9.97</Data></Cell>
			<Cell><Data ss:Type="Number">0.11</Data></Cell>
			<Cell><Data ss:Type="Number">-9.43</Data></Cell>
			<Cell><Data ss:Type="Number">-0.07</Data></Cell>
			<Cell><Data ss:Type="Number">-0.93</Data></Cell>
			<Cell><Data ss:Type="Number">22.7</Data></Cell>
			<Cell><Data ss:Type="Number">39.7</Data></Cell>
			<Cell><Data ss:Type="Number">0</Data></Cell>
			<Cell><Data ss:Type="Number">0</Data></Cell>
			<Cell><Data ss:Type="String">2023-12-07 16:43:15.334367</Data></Cell>
		</Row>
		<Row>
			<Cell><Data ss:Type="String">649</Data></Cell>
			<Cell><Data ss:Type="Number">0.26</Data></Cell>
			<Cell><Data ss:Type="Number">-10.02</Data></Cell>
			<Cell><Data ss:Type="Number">0.09</Data></Cell>
			<Cell><Data ss:Type="Number">-9.45</Data></Cell>
			<Cell><Data ss:Type="Number">-0.09</Data></Cell>
			<Cell><Data ss:Type="Number">-0.97</Data></Cell>
			<Cell><Data ss:Type="Number">22.7</Data></Cell>
			<Cell><Data ss:Type="Number">39.7</Data></Cell>
			<Cell><Data ss:Type="Number">0</Data></Cell>
			<Cell><Data ss:Type="Number">0</Data></Cell>
			<Cell><Data ss:Type="String">2023-12-07 16:43:15.093929</Data></Cell>
		</Row>
		<Row>
			<Cell><Data ss:Type="String">648</Data></Cell>
			<Cell><Data ss:Type="Number">0.29</Data></Cell>
			<Cell><Data ss:Type="Number">-10.11</Data></Cell>
			<Cell><Data ss:Type="Number">0.1</Data></Cell>
			<Cell><Data ss:Type="Number">-9.5</Data></Cell>
			<Cell><Data ss:Type="Number">-0.07</Data></Cell>
			<Cell><Data ss:Type="Number">-0.9</Data></Cell>
			<Cell><Data ss:Type="Number">22.7</Data></Cell>
			<Cell><Data ss:Type="Number">39.7</Data></Cell>
			<Cell><Data ss:Type="Number">0</Data></Cell>
			<Cell><Data ss:Type="Number">0</Data></Cell>
			<Cell><Data ss:Type="String">2023-12-07 16:43:15.091524</Data></Cell>
		</Row>
		<Row>
			<Cell><Data ss:Type="String">647</Data></Cell>
			<Cell><Data ss:Type="Number">0.32</Data></Cell>
			<Cell><Data ss:Type="Number">-10.13</Data></Cell>
			<Cell><Data ss:Type="Number">0.18</Data></Cell>
			<Cell><Data ss:Type="Number">-9.54</Data></Cell>
			<Cell><Data ss:Type="Number">-0.08</Data></Cell>
			<Cell><Data ss:Type="Number">-0.9</Data></Cell>
			<Cell><Data ss:Type="Number">22.7</Data></Cell>
			<Cell><Data ss:Type="Number">39.7</Data></Cell>
			<Cell><Data ss:Type="Number">0</Data></Cell>
			<Cell><Data ss:Type="Number">0</Data></Cell>
			<Cell><Data ss:Type="String">2023-12-07 16:43:15.089626</Data></Cell>
		</Row>
		<Row>
			<Cell><Data ss:Type="String">646</Data></Cell>
			<Cell><Data ss:Type="Number">0.29</Data></Cell>
			<Cell><Data ss:Type="Number">-10.24</Data></Cell>
			<Cell><Data ss:Type="Number">0.23</Data></Cell>
			<Cell><Data ss:Type="Number">-9.53</Data></Cell>
			<Cell><Data ss:Type="Number">-0.06</Data></Cell>
			<Cell><Data ss:Type="Number">-0.89</Data></Cell>
			<Cell><Data ss:Type="Number">22.7</Data></Cell>
			<Cell><Data ss:Type="Number">39.7</Data></Cell>
			<Cell><Data ss:Type="Number">0</Data></Cell>
			<Cell><Data ss:Type="Number">0</Data></Cell>
			<Cell><Data ss:Type="String">2023-12-07 16:43:15.087666</Data></Cell>
		</Row>
		<Row>
			<Cell><Data ss:Type="String">645</Data></Cell>
			<Cell><Data ss:Type="Number">0.24</Data></Cell>
			<Cell><Data ss:Type="Number">-10.22</Data></Cell>
			<Cell><Data ss:Type="Number">0.02</Data></Cell>
			<Cell><Data ss:Type="Number">-9.45</Data></Cell>
			<Cell><Data ss:Type="Number">-0.04</Data></Cell>
			<Cell><Data ss:Type="Number">-0.9</Data></Cell>
			<Cell><Data ss:Type="Number">22.7</Data></Cell>
			<Cell><Data ss:Type="Number">39.7</Data></Cell>
			<Cell><Data ss:Type="Number">0</Data></Cell>
			<Cell><Data ss:Type="Number">0</Data></Cell>
			<Cell><Data ss:Type="String">2023-12-07 16:43:15.085634</Data></Cell>
		</Row>
		<Row>
			<Cell><Data ss:Type="String">644</Data></Cell>
			<Cell><Data ss:Type="Number">0.29</Data></Cell>
			<Cell><Data ss:Type="Number">-9.93</Data></Cell>
			<Cell><Data ss:Type="Number">0.04</Data></Cell>
			<Cell><Data ss:Type="Number">-9.42</Data></Cell>
			<Cell><Data ss:Type="Number">-0.07</Data></Cell>
			<Cell><Data ss:Type="Number">-0.95</Data></Cell>
			<Cell><Data ss:Type="Number">22.7</Data></Cell>
			<Cell><Data ss:Type="Number">39.7</Data></Cell>
			<Cell><Data ss:Type="Number">0</Data></Cell>
			<Cell><Data ss:Type="Number">0</Data></Cell>
			<Cell><Data ss:Type="String">2023-12-07 16:43:15.083456</Data></Cell>
		</Row>
		<Row>
			<Cell><Data ss:Type="String">643</Data></Cell>
			<Cell><Data ss:Type="Number">0.31</Data></Cell>
			<Cell><Data ss:Type="Number">-10.04</Data></Cell>
			<Cell><Data ss:Type="Number">0.1</Data></Cell>
			<Cell><Data ss:Type="Number">-9.48</Data></Cell>
			<Cell><Data ss:Type="Number">-0.08</Data></Cell>
			<Cell><Data ss:Type="Number">-0.92</Data></Cell>
			<Cell><Data ss:Type="Number">22.7</Data></Cell>
			<Cell><Data ss:Type="Number">39.7</Data></Cell>
			<Cell><Data ss:Type="Number">0</Data></Cell>
			<Cell><Data ss:Type="Number">0</Data></Cell>
			<Cell><Data ss:Type="String">2023-12-07 16:43:15.081894</Data></Cell>
		</Row>
		<Row>
			<Cell><Data ss:Type="String">642</Data></Cell>
			<Cell><Data ss:Type="Number">0.38</Data></Cell>
			<Cell><Data ss:Type="Number">-10.07</Data></Cell>
			<Cell><Data ss:Type="Number">0.25</Data></Cell>
			<Cell><Data ss:Type="Number">-9.51</Data></Cell>
			<Cell><Data ss:Type="Number">-0.09</Data></Cell>
			<Cell><Data ss:Type="Number">-0.92</Data></Cell>
			<Cell><Data ss:Type="Number">22.7</Data></Cell>
			<Cell><Data ss:Type="Number">39.7</Data></Cell>
			<Cell><Data ss:Type="Number">0</Data></Cell>
			<Cell><Data ss:Type="Number">0</Data></Cell>
			<Cell><Data ss:Type="String">2023-12-07 16:43:15.079835</Data></Cell>
		</Row>
		<Row>
			<Cell><Data ss:Type="String">641</Data></Cell>
			<Cell><Data ss:Type="Number">0.32</Data></Cell>
			<Cell><Data ss:Type="Number">-10.23</Data></Cell>
			<Cell><Data ss:Type="Number">0.19</Data></Cell>
			<Cell><Data ss:Type="Number">-9.52</Data></Cell>
			<Cell><Data ss:Type="Number">-0.06</Data></Cell>
			<Cell><Data ss:Type="Number">-0.92</Data></Cell>
			<Cell><Data ss:Type="Number">22.7</Data></Cell>
			<Cell><Data ss:Type="Number">39.7</Data></Cell>
			<Cell><Data ss:Type="Number">0</Data></Cell>
			<Cell><Data ss:Type="Number">0</Data></Cell>
			<Cell><Data ss:Type="String">2023-12-07 16:43:14.848608</Data></Cell>
		</Row>
		<Row>
			<Cell><Data ss:Type="String">640</Data></Cell>
			<Cell><Data ss:Type="Number">0.25</Data></Cell>
			<Cell><Data ss:Type="Number">-10.13</Data></Cell>
			<Cell><Data ss:Type="Number">0.19</Data></Cell>
			<Cell><Data ss:Type="Number">-9.42</Data></Cell>
			<Cell><Data ss:Type="Number">-0.04</Data></Cell>
			<Cell><Data ss:Type="Number">-0.93</Data></Cell>
			<Cell><Data ss:Type="Number">22.7</Data></Cell>
			<Cell><Data ss:Type="Number">39.7</Data></Cell>
			<Cell><Data ss:Type="Number">0</Data></Cell>
			<Cell><Data ss:Type="Number">0</Data></Cell>
			<Cell><Data ss:Type="String">2023-12-07 16:43:14.799348</Data></Cell>
		</Row>
		<Row>
			<Cell><Data ss:Type="String">639</Data></Cell>
			<Cell><Data ss:Type="Number">0.28</Data></Cell>
			<Cell><Data ss:Type="Number">-10.17</Data></Cell>
			<Cell><Data ss:Type="Number">0.19</Data></Cell>
			<Cell><Data ss:Type="Number">-9.46</Data></Cell>
			<Cell><Data ss:Type="Number">-0.05</Data></Cell>
			<Cell><Data ss:Type="Number">-0.91</Data></Cell>
			<Cell><Data ss:Type="Number">22.7</Data></Cell>
			<Cell><Data ss:Type="Number">39.7</Data></Cell>
			<Cell><Data ss:Type="Number">0</Data></Cell>
			<Cell><Data ss:Type="Number">0</Data></Cell>
			<Cell><Data ss:Type="String">2023-12-07 16:43:14.748704</Data></Cell>
		</Row>
		<Row>
			<Cell><Data ss:Type="String">638</Data></Cell>
			<Cell><Data ss:Type="Number">0.3</Data></Cell>
			<Cell><Data ss:Type="Number">-9.94</Data></Cell>
			<Cell><Data ss:Type="Number">0.1</Data></Cell>
			<Cell><Data ss:Type="Number">-9.45</Data></Cell>
			<Cell><Data ss:Type="Number">-0.07</Data></Cell>
			<Cell><Data ss:Type="Number">-0.96</Data></Cell>
			<Cell><Data ss:Type="Number">22.7</Data></Cell>
			<Cell><Data ss:Type="Number">39.7</Data></Cell>
			<Cell><Data ss:Type="Number">0</Data></Cell>
			<Cell><Data ss:Type="Number">0</Data></Cell>
			<Cell><Data ss:Type="String">2023-12-07 16:43:14.746863</Data></Cell>
		</Row>
		<Row>
			<Cell><Data ss:Type="String">637</Data></Cell>
			<Cell><Data ss:Type="Number">0.34</Data></Cell>
			<Cell><Data ss:Type="Number">-10.01</Data></Cell>
			<Cell><Data ss:Type="Number">0.26</Data></Cell>
			<Cell><Data ss:Type="Number">-9.47</Data></Cell>
			<Cell><Data ss:Type="Number">-0.07</Data></Cell>
			<Cell><Data ss:Type="Number">-0.94</Data></Cell>
			<Cell><Data ss:Type="Number">22.7</Data></Cell>
			<Cell><Data ss:Type="Number">39.7</Data></Cell>
			<Cell><Data ss:Type="Number">0</Data></Cell>
			<Cell><Data ss:Type="Number">0</Data></Cell>
			<Cell><Data ss:Type="String">2023-12-07 16:43:14.709093</Data></Cell>
		</Row>
		<Row>
			<Cell><Data ss:Type="String">636</Data></Cell>
			<Cell><Data ss:Type="Number">0.36</Data></Cell>
			<Cell><Data ss:Type="Number">-10.2</Data></Cell>
			<Cell><Data ss:Type="Number">0.19</Data></Cell>
			<Cell><Data ss:Type="Number">-9.52</Data></Cell>
			<Cell><Data ss:Type="Number">-0.08</Data></Cell>
			<Cell><Data ss:Type="Number">-0.94</Data></Cell>
			<Cell><Data ss:Type="Number">22.7</Data></Cell>
			<Cell><Data ss:Type="Number">39.7</Data></Cell>
			<Cell><Data ss:Type="Number">0</Data></Cell>
			<Cell><Data ss:Type="Number">0</Data></Cell>
			<Cell><Data ss:Type="String">2023-12-07 16:43:14.706923</Data></Cell>
		</Row>
		<Row>
			<Cell><Data ss:Type="String">635</Data></Cell>
			<Cell><Data ss:Type="Number">0.26</Data></Cell>
			<Cell><Data ss:Type="Number">-10.25</Data></Cell>
			<Cell><Data ss:Type="Number">0.19</Data></Cell>
			<Cell><Data ss:Type="Number">-9.51</Data></Cell>
			<Cell><Data ss:Type="Number">-0.08</Data></Cell>
			<Cell><Data ss:Type="Number">-0.91</Data></Cell>
			<Cell><Data ss:Type="Number">22.7</Data></Cell>
			<Cell><Data ss:Type="Number">39.7</Data></Cell>
			<Cell><Data ss:Type="Number">0</Data></Cell>
			<Cell><Data ss:Type="Number">0</Data></Cell>
			<Cell><Data ss:Type="String">2023-12-07 16:43:14.704788</Data></Cell>
		</Row>
		<Row>
			<Cell><Data ss:Type="String">634</Data></Cell>
			<Cell><Data ss:Type="Number">0.29</Data></Cell>
			<Cell><Data ss:Type="Number">-10.17</Data></Cell>
			<Cell><Data ss:Type="Number">0.23</Data></Cell>
			<Cell><Data ss:Type="Number">-9.47</Data></Cell>
			<Cell><Data ss:Type="Number">-0.07</Data></Cell>
			<Cell><Data ss:Type="Number">-0.93</Data></Cell>
			<Cell><Data ss:Type="Number">22.7</Data></Cell>
			<Cell><Data ss:Type="Number">39.7</Data></Cell>
			<Cell><Data ss:Type="Number">0</Data></Cell>
			<Cell><Data ss:Type="Number">0</Data></Cell>
			<Cell><Data ss:Type="String">2023-12-07 16:43:14.702753</Data></Cell>
		</Row>
		<Row>
			<Cell><Data ss:Type="String">633</Data></Cell>
			<Cell><Data ss:Type="Number">0.3</Data></Cell>
			<Cell><Data ss:Type="Number">-10.06</Data></Cell>
			<Cell><Data ss:Type="Number">0.11</Data></Cell>
			<Cell><Data ss:Type="Number">-9.45</Data></Cell>
			<Cell><Data ss:Type="Number">-0.05</Data></Cell>
			<Cell><Data ss:Type="Number">-0.95</Data></Cell>
			<Cell><Data ss:Type="Number">22.7</Data></Cell>
			<Cell><Data ss:Type="Number">39.7</Data></Cell>
			<Cell><Data ss:Type="Number">0</Data></Cell>
			<Cell><Data ss:Type="Number">0</Data></Cell>
			<Cell><Data ss:Type="String">2023-12-07 16:43:14.700682</Data></Cell>
		</Row>
		<Row>
			<Cell><Data ss:Type="String">632</Data></Cell>
			<Cell><Data ss:Type="Number">0.34</Data></Cell>
			<Cell><Data ss:Type="Number">-10</Data></Cell>
			<Cell><Data ss:Type="Number">0.29</Data></Cell>
			<Cell><Data ss:Type="Number">-9.46</Data></Cell>
			<Cell><Data ss:Type="Number">-0.06</Data></Cell>
			<Cell><Data ss:Type="Number">-0.94</Data></Cell>
			<Cell><Data ss:Type="Number">22.7</Data></Cell>
			<Cell><Data ss:Type="Number">39.7</Data></Cell>
			<Cell><Data ss:Type="Number">0</Data></Cell>
			<Cell><Data ss:Type="Number">0</Data></Cell>
			<Cell><Data ss:Type="String">2023-12-07 16:43:14.698562</Data></Cell>
		</Row>
		<Row>
			<Cell><Data ss:Type="String">631</Data></Cell>
			<Cell><Data ss:Type="Number">0.29</Data></Cell>
			<Cell><Data ss:Type="Number">-10.08</Data></Cell>
			<Cell><Data ss:Type="Number">0.01</Data></Cell>
			<Cell><Data ss:Type="Number">-9.52</Data></Cell>
			<Cell><Data ss:Type="Number">-0.1</Data></Cell>
			<Cell><Data ss:Type="Number">-0.92</Data></Cell>
			<Cell><Data ss:Type="Number">22.7</Data></Cell>
			<Cell><Data ss:Type="Number">39.7</Data></Cell>
			<Cell><Data ss:Type="Number">0</Data></Cell>
			<Cell><Data ss:Type="Number">0</Data></Cell>
			<Cell><Data ss:Type="String">2023-12-07 16:43:14.696280</Data></Cell>
		</Row>
		<Row>
			<Cell><Data ss:Type="String">630</Data></Cell>
			<Cell><Data ss:Type="Number">0.25</Data></Cell>
			<Cell><Data ss:Type="Number">-10.21</Data></Cell>
			<Cell><Data ss:Type="Number">0.19</Data></Cell>
			<Cell><Data ss:Type="Number">-9.55</Data></Cell>
			<Cell><Data ss:Type="Number">-0.07</Data></Cell>
			<Cell><Data ss:Type="Number">-0.94</Data></Cell>
			<Cell><Data ss:Type="Number">22.7</Data></Cell>
			<Cell><Data ss:Type="Number">39.7</Data></Cell>
			<Cell><Data ss:Type="Number">0</Data></Cell>
			<Cell><Data ss:Type="Number">0</Data></Cell>
			<Cell><Data ss:Type="String">2023-12-07 16:43:14.476211</Data></Cell>
		</Row>
		<Row>
			<Cell><Data ss:Type="String">629</Data></Cell>
			<Cell><Data ss:Type="Number">0.25</Data></Cell>
			<Cell><Data ss:Type="Number">-10.06</Data></Cell>
			<Cell><Data ss:Type="Number">0.18</Data></Cell>
			<Cell><Data ss:Type="Number">-9.44</Data></Cell>
			<Cell><Data ss:Type="Number">-0.05</Data></Cell>
			<Cell><Data ss:Type="Number">-0.89</Data></Cell>
			<Cell><Data ss:Type="Number">22.7</Data></Cell>
			<Cell><Data ss:Type="Number">39.7</Data></Cell>
			<Cell><Data ss:Type="Number">0</Data></Cell>
			<Cell><Data ss:Type="Number">0</Data></Cell>
			<Cell><Data ss:Type="String">2023-12-07 16:43:14.473815</Data></Cell>
		</Row>
		<Row>
			<Cell><Data ss:Type="String">628</Data></Cell>
			<Cell><Data ss:Type="Number">0.22</Data></Cell>
			<Cell><Data ss:Type="Number">-10.06</Data></Cell>
			<Cell><Data ss:Type="Number">0.12</Data></Cell>
			<Cell><Data ss:Type="Number">-9.44</Data></Cell>
			<Cell><Data ss:Type="Number">-0.08</Data></Cell>
			<Cell><Data ss:Type="Number">-0.95</Data></Cell>
			<Cell><Data ss:Type="Number">22.7</Data></Cell>
			<Cell><Data ss:Type="Number">39.7</Data></Cell>
			<Cell><Data ss:Type="Number">0</Data></Cell>
			<Cell><Data ss:Type="Number">0</Data></Cell>
			<Cell><Data ss:Type="String">2023-12-07 16:43:14.472088</Data></Cell>
		</Row>
		<Row>
			<Cell><Data ss:Type="String">627</Data></Cell>
			<Cell><Data ss:Type="Number">0.31</Data></Cell>
			<Cell><Data ss:Type="Number">-9.97</Data></Cell>
			<Cell><Data ss:Type="Number">-0.03</Data></Cell>
			<Cell><Data ss:Type="Number">-9.44</Data></Cell>
			<Cell><Data ss:Type="Number">-0.09</Data></Cell>
			<Cell><Data ss:Type="Number">-0.95</Data></Cell>
			<Cell><Data ss:Type="Number">22.7</Data></Cell>
			<Cell><Data ss:Type="Number">39.7</Data></Cell>
			<Cell><Data ss:Type="Number">0</Data></Cell>
			<Cell><Data ss:Type="Number">0</Data></Cell>
			<Cell><Data ss:Type="String">2023-12-07 16:43:14.470324</Data></Cell>
		</Row>
		<Row>
			<Cell><Data ss:Type="String">626</Data></Cell>
			<Cell><Data ss:Type="Number">0.29</Data></Cell>
			<Cell><Data ss:Type="Number">-10.14</Data></Cell>
			<Cell><Data ss:Type="Number">0.16</Data></Cell>
			<Cell><Data ss:Type="Number">-9.53</Data></Cell>
			<Cell><Data ss:Type="Number">-0.09</Data></Cell>
			<Cell><Data ss:Type="Number">-0.92</Data></Cell>
			<Cell><Data ss:Type="Number">22.7</Data></Cell>
			<Cell><Data ss:Type="Number">39.7</Data></Cell>
			<Cell><Data ss:Type="Number">0</Data></Cell>
			<Cell><Data ss:Type="Number">0</Data></Cell>
			<Cell><Data ss:Type="String">2023-12-07 16:43:14.468655</Data></Cell>
		</Row>
		<Row>
			<Cell><Data ss:Type="String">625</Data></Cell>
			<Cell><Data ss:Type="Number">0.27</Data></Cell>
			<Cell><Data ss:Type="Number">-10.24</Data></Cell>
			<Cell><Data ss:Type="Number">0.21</Data></Cell>
			<Cell><Data ss:Type="Number">-9.56</Data></Cell>
			<Cell><Data ss:Type="Number">-0.08</Data></Cell>
			<Cell><Data ss:Type="Number">-0.91</Data></Cell>
			<Cell><Data ss:Type="Number">22.7</Data></Cell>
			<Cell><Data ss:Type="Number">39.7</Data></Cell>
			<Cell><Data ss:Type="Number">0</Data></Cell>
			<Cell><Data ss:Type="Number">0</Data></Cell>
			<Cell><Data ss:Type="String">2023-12-07 16:43:14.467137</Data></Cell>
		</Row>
		<Row>
			<Cell><Data ss:Type="String">624</Data></Cell>
			<Cell><Data ss:Type="Number">0.25</Data></Cell>
			<Cell><Data ss:Type="Number">-10.13</Data></Cell>
			<Cell><Data ss:Type="Number">0.1</Data></Cell>
			<Cell><Data ss:Type="Number">-9.47</Data></Cell>
			<Cell><Data ss:Type="Number">-0.04</Data></Cell>
			<Cell><Data ss:Type="Number">-0.85</Data></Cell>
			<Cell><Data ss:Type="Number">22.7</Data></Cell>
			<Cell><Data ss:Type="Number">39.7</Data></Cell>
			<Cell><Data ss:Type="Number">0</Data></Cell>
			<Cell><Data ss:Type="Number">0</Data></Cell>
			<Cell><Data ss:Type="String">2023-12-07 16:43:14.465150</Data></Cell>
		</Row>
		<Row>
			<Cell><Data ss:Type="String">623</Data></Cell>
			<Cell><Data ss:Type="Number">0.27</Data></Cell>
			<Cell><Data ss:Type="Number">-10.05</Data></Cell>
			<Cell><Data ss:Type="Number">0.1</Data></Cell>
			<Cell><Data ss:Type="Number">-9.44</Data></Cell>
			<Cell><Data ss:Type="Number">-0.06</Data></Cell>
			<Cell><Data ss:Type="Number">-0.95</Data></Cell>
			<Cell><Data ss:Type="Number">22.7</Data></Cell>
			<Cell><Data ss:Type="Number">39.7</Data></Cell>
			<Cell><Data ss:Type="Number">0</Data></Cell>
			<Cell><Data ss:Type="Number">0</Data></Cell>
			<Cell><Data ss:Type="String">2023-12-07 16:43:14.235038</Data></Cell>
		</Row>
		<Row>
			<Cell><Data ss:Type="String">622</Data></Cell>
			<Cell><Data ss:Type="Number">0.31</Data></Cell>
			<Cell><Data ss:Type="Number">-9.9</Data></Cell>
			<Cell><Data ss:Type="Number">0.15</Data></Cell>
			<Cell><Data ss:Type="Number">-9.43</Data></Cell>
			<Cell><Data ss:Type="Number">-0.09</Data></Cell>
			<Cell><Data ss:Type="Number">-0.91</Data></Cell>
			<Cell><Data ss:Type="Number">22.7</Data></Cell>
			<Cell><Data ss:Type="Number">39.7</Data></Cell>
			<Cell><Data ss:Type="Number">0</Data></Cell>
			<Cell><Data ss:Type="Number">0</Data></Cell>
			<Cell><Data ss:Type="String">2023-12-07 16:43:14.187914</Data></Cell>
		</Row>
		<Row>
			<Cell><Data ss:Type="String">621</Data></Cell>
			<Cell><Data ss:Type="Number">0.28</Data></Cell>
			<Cell><Data ss:Type="Number">-9.97</Data></Cell>
			<Cell><Data ss:Type="Number">-0.06</Data></Cell>
			<Cell><Data ss:Type="Number">-9.52</Data></Cell>
			<Cell><Data ss:Type="Number">-0.1</Data></Cell>
			<Cell><Data ss:Type="Number">-0.91</Data></Cell>
			<Cell><Data ss:Type="Number">22.7</Data></Cell>
			<Cell><Data ss:Type="Number">39.7</Data></Cell>
			<Cell><Data ss:Type="Number">0</Data></Cell>
			<Cell><Data ss:Type="Number">0</Data></Cell>
			<Cell><Data ss:Type="String">2023-12-07 16:43:14.185967</Data></Cell>
		</Row>
		<Row>
			<Cell><Data ss:Type="String">620</Data></Cell>
			<Cell><Data ss:Type="Number">0.1</Data></Cell>
			<Cell><Data ss:Type="Number">-10.26</Data></Cell>
			<Cell><Data ss:Type="Number">-0.03</Data></Cell>
			<Cell><Data ss:Type="Number">-9.55</Data></Cell>
			<Cell><Data ss:Type="Number">-0.02</Data></Cell>
			<Cell><Data ss:Type="Number">-0.96</Data></Cell>
			<Cell><Data ss:Type="Number">22.7</Data></Cell>
			<Cell><Data ss:Type="Number">39.7</Data></Cell>
			<Cell><Data ss:Type="Number">0</Data></Cell>
			<Cell><Data ss:Type="Number">0</Data></Cell>
			<Cell><Data ss:Type="String">2023-12-07 16:43:14.138088</Data></Cell>
		</Row>
		<Row>
			<Cell><Data ss:Type="String">619</Data></Cell>
			<Cell><Data ss:Type="Number">0.34</Data></Cell>
			<Cell><Data ss:Type="Number">-10.08</Data></Cell>
			<Cell><Data ss:Type="Number">0.21</Data></Cell>
			<Cell><Data ss:Type="Number">-9.41</Data></Cell>
			<Cell><Data ss:Type="Number">0</Data></Cell>
			<Cell><Data ss:Type="Number">-0.88</Data></Cell>
			<Cell><Data ss:Type="Number">22.7</Data></Cell>
			<Cell><Data ss:Type="Number">39.7</Data></Cell>
			<Cell><Data ss:Type="Number">0</Data></Cell>
			<Cell><Data ss:Type="Number">0</Data></Cell>
			<Cell><Data ss:Type="String">2023-12-07 16:43:14.096726</Data></Cell>
		</Row>
		<Row>
			<Cell><Data ss:Type="String">618</Data></Cell>
			<Cell><Data ss:Type="Number">0.66</Data></Cell>
			<Cell><Data ss:Type="Number">-10</Data></Cell>
			<Cell><Data ss:Type="Number">0.22</Data></Cell>
			<Cell><Data ss:Type="Number">-9.45</Data></Cell>
			<Cell><Data ss:Type="Number">-0.29</Data></Cell>
			<Cell><Data ss:Type="Number">-0.97</Data></Cell>
			<Cell><Data ss:Type="Number">22.7</Data></Cell>
			<Cell><Data ss:Type="Number">39.7</Data></Cell>
			<Cell><Data ss:Type="Number">0</Data></Cell>
			<Cell><Data ss:Type="Number">0</Data></Cell>
			<Cell><Data ss:Type="String">2023-12-07 16:43:14.093644</Data></Cell>
		</Row>
		<Row>
			<Cell><Data ss:Type="String">617</Data></Cell>
			<Cell><Data ss:Type="Number">-0.01</Data></Cell>
			<Cell><Data ss:Type="Number">-9.91</Data></Cell>
			<Cell><Data ss:Type="Number">0.05</Data></Cell>
			<Cell><Data ss:Type="Number">-9.49</Data></Cell>
			<Cell><Data ss:Type="Number">-0.1</Data></Cell>
			<Cell><Data ss:Type="Number">-0.88</Data></Cell>
			<Cell><Data ss:Type="Number">22.7</Data></Cell>
			<Cell><Data ss:Type="Number">39.7</Data></Cell>
			<Cell><Data ss:Type="Number">0</Data></Cell>
			<Cell><Data ss:Type="Number">0</Data></Cell>
			<Cell><Data ss:Type="String">2023-12-07 16:43:14.047245</Data></Cell>
		</Row>
		<Row>
			<Cell><Data ss:Type="String">616</Data></Cell>
			<Cell><Data ss:Type="Number">-0.37</Data></Cell>
			<Cell><Data ss:Type="Number">-10.24</Data></Cell>
			<Cell><Data ss:Type="Number">-0.22</Data></Cell>
			<Cell><Data ss:Type="Number">-9.52</Data></Cell>
			<Cell><Data ss:Type="Number">0.31</Data></Cell>
			<Cell><Data ss:Type="Number">-0.91</Data></Cell>
			<Cell><Data ss:Type="Number">22.7</Data></Cell>
			<Cell><Data ss:Type="Number">39.7</Data></Cell>
			<Cell><Data ss:Type="Number">0</Data></Cell>
			<Cell><Data ss:Type="Number">0</Data></Cell>
			<Cell><Data ss:Type="String">2023-12-07 16:43:13.997212</Data></Cell>
		</Row>
		<Row>
			<Cell><Data ss:Type="String">615</Data></Cell>
			<Cell><Data ss:Type="Number">0.42</Data></Cell>
			<Cell><Data ss:Type="Number">-10.13</Data></Cell>
			<Cell><Data ss:Type="Number">0.43</Data></Cell>
			<Cell><Data ss:Type="Number">-9.53</Data></Cell>
			<Cell><Data ss:Type="Number">-0.34</Data></Cell>
			<Cell><Data ss:Type="Number">-0.94</Data></Cell>
			<Cell><Data ss:Type="Number">22.7</Data></Cell>
			<Cell><Data ss:Type="Number">39.7</Data></Cell>
			<Cell><Data ss:Type="Number">0</Data></Cell>
			<Cell><Data ss:Type="Number">0</Data></Cell>
			<Cell><Data ss:Type="String">2023-12-07 16:43:13.956384</Data></Cell>
		</Row>
		<Row>
			<Cell><Data ss:Type="String">614</Data></Cell>
			<Cell><Data ss:Type="Number">1.5</Data></Cell>
			<Cell><Data ss:Type="Number">-10</Data></Cell>
			<Cell><Data ss:Type="Number">0.56</Data></Cell>
			<Cell><Data ss:Type="Number">-9.37</Data></Cell>
			<Cell><Data ss:Type="Number">-0.77</Data></Cell>
			<Cell><Data ss:Type="Number">-0.72</Data></Cell>
			<Cell><Data ss:Type="Number">22.7</Data></Cell>
			<Cell><Data ss:Type="Number">39.7</Data></Cell>
			<Cell><Data ss:Type="Number">0</Data></Cell>
			<Cell><Data ss:Type="Number">0</Data></Cell>
			<Cell><Data ss:Type="String">2023-12-07 16:43:13.954604</Data></Cell>
		</Row>
		<Row>
			<Cell><Data ss:Type="String">613</Data></Cell>
			<Cell><Data ss:Type="Number">-1.61</Data></Cell>
			<Cell><Data ss:Type="Number">-10.47</Data></Cell>
			<Cell><Data ss:Type="Number">-0.74</Data></Cell>
			<Cell><Data ss:Type="Number">-9.63</Data></Cell>
			<Cell><Data ss:Type="Number">0.53</Data></Cell>
			<Cell><Data ss:Type="Number">-1.05</Data></Cell>
			<Cell><Data ss:Type="Number">22.7</Data></Cell>
			<Cell><Data ss:Type="Number">39.7</Data></Cell>
			<Cell><Data ss:Type="Number">0</Data></Cell>
			<Cell><Data ss:Type="Number">0</Data></Cell>
			<Cell><Data ss:Type="String">2023-12-07 16:43:13.909995</Data></Cell>
		</Row>
		<Row>
			<Cell><Data ss:Type="String">612</Data></Cell>
			<Cell><Data ss:Type="Number">-0.02</Data></Cell>
			<Cell><Data ss:Type="Number">-9.14</Data></Cell>
			<Cell><Data ss:Type="Number">-1.08</Data></Cell>
			<Cell><Data ss:Type="Number">-9.34</Data></Cell>
			<Cell><Data ss:Type="Number">1.13</Data></Cell>
			<Cell><Data ss:Type="Number">-0.95</Data></Cell>
			<Cell><Data ss:Type="Number">22.7</Data></Cell>
			<Cell><Data ss:Type="Number">39.7</Data></Cell>
			<Cell><Data ss:Type="Number">0</Data></Cell>
			<Cell><Data ss:Type="Number">0</Data></Cell>
			<Cell><Data ss:Type="String">2023-12-07 16:43:13.865658</Data></Cell>
		</Row>
		<Row>
			<Cell><Data ss:Type="String">611</Data></Cell>
			<Cell><Data ss:Type="Number">7.08</Data></Cell>
			<Cell><Data ss:Type="Number">-3.23</Data></Cell>
			<Cell><Data ss:Type="Number">1.38</Data></Cell>
			<Cell><Data ss:Type="Number">-11.51</Data></Cell>
			<Cell><Data ss:Type="Number">-3.06</Data></Cell>
			<Cell><Data ss:Type="Number">-1</Data></Cell>
			<Cell><Data ss:Type="Number">22.7</Data></Cell>
			<Cell><Data ss:Type="Number">39.7</Data></Cell>
			<Cell><Data ss:Type="Number">0</Data></Cell>
			<Cell><Data ss:Type="Number">0</Data></Cell>
			<Cell><Data ss:Type="String">2023-12-07 16:43:13.831759</Data></Cell>
		</Row>
		<Row>
			<Cell><Data ss:Type="String">610</Data></Cell>
			<Cell><Data ss:Type="Number">0.42</Data></Cell>
			<Cell><Data ss:Type="Number">-10.28</Data></Cell>
			<Cell><Data ss:Type="Number">0.1</Data></Cell>
			<Cell><Data ss:Type="Number">-9.45</Data></Cell>
			<Cell><Data ss:Type="Number">-0.02</Data></Cell>
			<Cell><Data ss:Type="Number">-0.88</Data></Cell>
			<Cell><Data ss:Type="Number">22.7</Data></Cell>
			<Cell><Data ss:Type="Number">39.7</Data></Cell>
			<Cell><Data ss:Type="Number">0</Data></Cell>
			<Cell><Data ss:Type="Number">0</Data></Cell>
			<Cell><Data ss:Type="String">2023-12-07 16:43:13.829781</Data></Cell>
		</Row>
		<Row>
			<Cell><Data ss:Type="String">609</Data></Cell>
			<Cell><Data ss:Type="Number">0.56</Data></Cell>
			<Cell><Data ss:Type="Number">-9.41</Data></Cell>
			<Cell><Data ss:Type="Number">0.49</Data></Cell>
			<Cell><Data ss:Type="Number">-9.38</Data></Cell>
			<Cell><Data ss:Type="Number">-0.1</Data></Cell>
			<Cell><Data ss:Type="Number">-0.88</Data></Cell>
			<Cell><Data ss:Type="Number">22.7</Data></Cell>
			<Cell><Data ss:Type="Number">39.7</Data></Cell>
			<Cell><Data ss:Type="Number">0</Data></Cell>
			<Cell><Data ss:Type="Number">0</Data></Cell>
			<Cell><Data ss:Type="String">2023-12-07 16:43:13.826790</Data></Cell>
		</Row>
		<Row>
			<Cell><Data ss:Type="String">608</Data></Cell>
			<Cell><Data ss:Type="Number">0.32</Data></Cell>
			<Cell><Data ss:Type="Number">-9.71</Data></Cell>
			<Cell><Data ss:Type="Number">0.42</Data></Cell>
			<Cell><Data ss:Type="Number">-9.49</Data></Cell>
			<Cell><Data ss:Type="Number">-0.04</Data></Cell>
			<Cell><Data ss:Type="Number">-0.86</Data></Cell>
			<Cell><Data ss:Type="Number">22.7</Data></Cell>
			<Cell><Data ss:Type="Number">39.7</Data></Cell>
			<Cell><Data ss:Type="Number">0</Data></Cell>
			<Cell><Data ss:Type="Number">0</Data></Cell>
			<Cell><Data ss:Type="String">2023-12-07 16:43:13.824359</Data></Cell>
		</Row>
		<Row>
			<Cell><Data ss:Type="String">607</Data></Cell>
			<Cell><Data ss:Type="Number">0.03</Data></Cell>
			<Cell><Data ss:Type="Number">-10.56</Data></Cell>
			<Cell><Data ss:Type="Number">0.29</Data></Cell>
			<Cell><Data ss:Type="Number">-9.69</Data></Cell>
			<Cell><Data ss:Type="Number">-0.14</Data></Cell>
			<Cell><Data ss:Type="Number">-0.88</Data></Cell>
			<Cell><Data ss:Type="Number">22.7</Data></Cell>
			<Cell><Data ss:Type="Number">39.7</Data></Cell>
			<Cell><Data ss:Type="Number">0</Data></Cell>
			<Cell><Data ss:Type="Number">0</Data></Cell>
			<Cell><Data ss:Type="String">2023-12-07 16:43:13.822610</Data></Cell>
		</Row>
		<Row>
			<Cell><Data ss:Type="String">606</Data></Cell>
			<Cell><Data ss:Type="Number">0.37</Data></Cell>
			<Cell><Data ss:Type="Number">-10.52</Data></Cell>
			<Cell><Data ss:Type="Number">0</Data></Cell>
			<Cell><Data ss:Type="Number">-9.6</Data></Cell>
			<Cell><Data ss:Type="Number">-0.09</Data></Cell>
			<Cell><Data ss:Type="Number">-0.91</Data></Cell>
			<Cell><Data ss:Type="Number">22.7</Data></Cell>
			<Cell><Data ss:Type="Number">39.7</Data></Cell>
			<Cell><Data ss:Type="Number">0</Data></Cell>
			<Cell><Data ss:Type="Number">0</Data></Cell>
			<Cell><Data ss:Type="String">2023-12-07 16:43:13.820640</Data></Cell>
		</Row>
		<Row>
			<Cell><Data ss:Type="String">605</Data></Cell>
			<Cell><Data ss:Type="Number">0.23</Data></Cell>
			<Cell><Data ss:Type="Number">-9.77</Data></Cell>
			<Cell><Data ss:Type="Number">0.25</Data></Cell>
			<Cell><Data ss:Type="Number">-9.54</Data></Cell>
			<Cell><Data ss:Type="Number">0.02</Data></Cell>
			<Cell><Data ss:Type="Number">-0.88</Data></Cell>
			<Cell><Data ss:Type="Number">22.7</Data></Cell>
			<Cell><Data ss:Type="Number">39.7</Data></Cell>
			<Cell><Data ss:Type="Number">0</Data></Cell>
			<Cell><Data ss:Type="Number">0</Data></Cell>
			<Cell><Data ss:Type="String">2023-12-07 16:43:13.818781</Data></Cell>
		</Row>
		<Row>
			<Cell><Data ss:Type="String">604</Data></Cell>
			<Cell><Data ss:Type="Number">0.96</Data></Cell>
			<Cell><Data ss:Type="Number">-9.73</Data></Cell>
			<Cell><Data ss:Type="Number">0.14</Data></Cell>
			<Cell><Data ss:Type="Number">-9.35</Data></Cell>
			<Cell><Data ss:Type="Number">-0.04</Data></Cell>
			<Cell><Data ss:Type="Number">-0.95</Data></Cell>
			<Cell><Data ss:Type="Number">22.7</Data></Cell>
			<Cell><Data ss:Type="Number">39.7</Data></Cell>
			<Cell><Data ss:Type="Number">0</Data></Cell>
			<Cell><Data ss:Type="Number">0</Data></Cell>
			<Cell><Data ss:Type="String">2023-12-07 16:43:13.595792</Data></Cell>
		</Row>
		<Row>
			<Cell><Data ss:Type="String">603</Data></Cell>
			<Cell><Data ss:Type="Number">0.64</Data></Cell>
			<Cell><Data ss:Type="Number">-9.49</Data></Cell>
			<Cell><Data ss:Type="Number">0.07</Data></Cell>
			<Cell><Data ss:Type="Number">-9.25</Data></Cell>
			<Cell><Data ss:Type="Number">-0.1</Data></Cell>
			<Cell><Data ss:Type="Number">-0.93</Data></Cell>
			<Cell><Data ss:Type="Number">22.7</Data></Cell>
			<Cell><Data ss:Type="Number">39.7</Data></Cell>
			<Cell><Data ss:Type="Number">0</Data></Cell>
			<Cell><Data ss:Type="Number">0</Data></Cell>
			<Cell><Data ss:Type="String">2023-12-07 16:43:13.593177</Data></Cell>
		</Row>
		<Row>
			<Cell><Data ss:Type="String">602</Data></Cell>
			<Cell><Data ss:Type="Number">0.28</Data></Cell>
			<Cell><Data ss:Type="Number">-10.07</Data></Cell>
			<Cell><Data ss:Type="Number">0.27</Data></Cell>
			<Cell><Data ss:Type="Number">-9.59</Data></Cell>
			<Cell><Data ss:Type="Number">-0.05</Data></Cell>
			<Cell><Data ss:Type="Number">-0.91</Data></Cell>
			<Cell><Data ss:Type="Number">22.7</Data></Cell>
			<Cell><Data ss:Type="Number">39.7</Data></Cell>
			<Cell><Data ss:Type="Number">0</Data></Cell>
			<Cell><Data ss:Type="Number">0</Data></Cell>
			<Cell><Data ss:Type="String">2023-12-07 16:43:13.544395</Data></Cell>
		</Row>
		<Row>
			<Cell><Data ss:Type="String">601</Data></Cell>
			<Cell><Data ss:Type="Number">-0.02</Data></Cell>
			<Cell><Data ss:Type="Number">-10.45</Data></Cell>
			<Cell><Data ss:Type="Number">-0.06</Data></Cell>
			<Cell><Data ss:Type="Number">-9.49</Data></Cell>
			<Cell><Data ss:Type="Number">-0.03</Data></Cell>
			<Cell><Data ss:Type="Number">-0.9</Data></Cell>
			<Cell><Data ss:Type="Number">22.7</Data></Cell>
			<Cell><Data ss:Type="Number">39.7</Data></Cell>
			<Cell><Data ss:Type="Number">0</Data></Cell>
			<Cell><Data ss:Type="Number">0</Data></Cell>
			<Cell><Data ss:Type="String">2023-12-07 16:43:13.495745</Data></Cell>
		</Row>
		<Row>
			<Cell><Data ss:Type="String">600</Data></Cell>
			<Cell><Data ss:Type="Number">-0.06</Data></Cell>
			<Cell><Data ss:Type="Number">-9.97</Data></Cell>
			<Cell><Data ss:Type="Number">-0.2</Data></Cell>
			<Cell><Data ss:Type="Number">-9.43</Data></Cell>
			<Cell><Data ss:Type="Number">-0.06</Data></Cell>
			<Cell><Data ss:Type="Number">-1</Data></Cell>
			<Cell><Data ss:Type="Number">22.7</Data></Cell>
			<Cell><Data ss:Type="Number">39.7</Data></Cell>
			<Cell><Data ss:Type="Number">0</Data></Cell>
			<Cell><Data ss:Type="Number">0</Data></Cell>
			<Cell><Data ss:Type="String">2023-12-07 16:43:13.451099</Data></Cell>
		</Row>
		<Row>
			<Cell><Data ss:Type="String">599</Data></Cell>
			<Cell><Data ss:Type="Number">-0.01</Data></Cell>
			<Cell><Data ss:Type="Number">-9.42</Data></Cell>
			<Cell><Data ss:Type="Number">-0.17</Data></Cell>
			<Cell><Data ss:Type="Number">-9.24</Data></Cell>
			<Cell><Data ss:Type="Number">0.04</Data></Cell>
			<Cell><Data ss:Type="Number">-0.87</Data></Cell>
			<Cell><Data ss:Type="Number">22.7</Data></Cell>
			<Cell><Data ss:Type="Number">39.7</Data></Cell>
			<Cell><Data ss:Type="Number">0</Data></Cell>
			<Cell><Data ss:Type="Number">0</Data></Cell>
			<Cell><Data ss:Type="String">2023-12-07 16:43:13.449085</Data></Cell>
		</Row>
		<Row>
			<Cell><Data ss:Type="String">598</Data></Cell>
			<Cell><Data ss:Type="Number">-0.21</Data></Cell>
			<Cell><Data ss:Type="Number">-9.85</Data></Cell>
			<Cell><Data ss:Type="Number">-0.24</Data></Cell>
			<Cell><Data ss:Type="Number">-9.38</Data></Cell>
			<Cell><Data ss:Type="Number">-0.16</Data></Cell>
			<Cell><Data ss:Type="Number">-0.94</Data></Cell>
			<Cell><Data ss:Type="Number">22.7</Data></Cell>
			<Cell><Data ss:Type="Number">39.7</Data></Cell>
			<Cell><Data ss:Type="Number">0</Data></Cell>
			<Cell><Data ss:Type="Number">0</Data></Cell>
			<Cell><Data ss:Type="String">2023-12-07 16:43:13.403379</Data></Cell>
		</Row>
		<Row>
			<Cell><Data ss:Type="String">597</Data></Cell>
			<Cell><Data ss:Type="Number">0</Data></Cell>
			<Cell><Data ss:Type="Number">-10.41</Data></Cell>
			<Cell><Data ss:Type="Number">0.05</Data></Cell>
			<Cell><Data ss:Type="Number">-9.68</Data></Cell>
			<Cell><Data ss:Type="Number">-0.1</Data></Cell>
			<Cell><Data ss:Type="Number">-0.93</Data></Cell>
			<Cell><Data ss:Type="Number">22.7</Data></Cell>
			<Cell><Data ss:Type="Number">39.7</Data></Cell>
			<Cell><Data ss:Type="Number">0</Data></Cell>
			<Cell><Data ss:Type="Number">0</Data></Cell>
			<Cell><Data ss:Type="String">2023-12-07 16:43:13.361349</Data></Cell>
		</Row>
		<Row>
			<Cell><Data ss:Type="String">596</Data></Cell>
			<Cell><Data ss:Type="Number">0.07</Data></Cell>
			<Cell><Data ss:Type="Number">-10.3</Data></Cell>
			<Cell><Data ss:Type="Number">0.04</Data></Cell>
			<Cell><Data ss:Type="Number">-9.45</Data></Cell>
			<Cell><Data ss:Type="Number">-0.05</Data></Cell>
			<Cell><Data ss:Type="Number">-0.89</Data></Cell>
			<Cell><Data ss:Type="Number">22.7</Data></Cell>
			<Cell><Data ss:Type="Number">39.7</Data></Cell>
			<Cell><Data ss:Type="Number">0</Data></Cell>
			<Cell><Data ss:Type="Number">0</Data></Cell>
			<Cell><Data ss:Type="String">2023-12-07 16:43:13.313986</Data></Cell>
		</Row>
		<Row>
			<Cell><Data ss:Type="String">595</Data></Cell>
			<Cell><Data ss:Type="Number">0.5</Data></Cell>
			<Cell><Data ss:Type="Number">-10.01</Data></Cell>
			<Cell><Data ss:Type="Number">0.54</Data></Cell>
			<Cell><Data ss:Type="Number">-9.42</Data></Cell>
			<Cell><Data ss:Type="Number">0</Data></Cell>
			<Cell><Data ss:Type="Number">-0.86</Data></Cell>
			<Cell><Data ss:Type="Number">22.7</Data></Cell>
			<Cell><Data ss:Type="Number">39.7</Data></Cell>
			<Cell><Data ss:Type="Number">0</Data></Cell>
			<Cell><Data ss:Type="Number">0</Data></Cell>
			<Cell><Data ss:Type="String">2023-12-07 16:43:13.311815</Data></Cell>
		</Row>
		<Row>
			<Cell><Data ss:Type="String">594</Data></Cell>
			<Cell><Data ss:Type="Number">0.57</Data></Cell>
			<Cell><Data ss:Type="Number">-10.26</Data></Cell>
			<Cell><Data ss:Type="Number">0.28</Data></Cell>
			<Cell><Data ss:Type="Number">-9.44</Data></Cell>
			<Cell><Data ss:Type="Number">-0.09</Data></Cell>
			<Cell><Data ss:Type="Number">-0.86</Data></Cell>
			<Cell><Data ss:Type="Number">22.7</Data></Cell>
			<Cell><Data ss:Type="Number">39.7</Data></Cell>
			<Cell><Data ss:Type="Number">0</Data></Cell>
			<Cell><Data ss:Type="Number">0</Data></Cell>
			<Cell><Data ss:Type="String">2023-12-07 16:43:13.265646</Data></Cell>
		</Row>
		<Row>
			<Cell><Data ss:Type="String">593</Data></Cell>
			<Cell><Data ss:Type="Number">0.25</Data></Cell>
			<Cell><Data ss:Type="Number">-9.9</Data></Cell>
			<Cell><Data ss:Type="Number">0.02</Data></Cell>
			<Cell><Data ss:Type="Number">-9.43</Data></Cell>
			<Cell><Data ss:Type="Number">-0.11</Data></Cell>
			<Cell><Data ss:Type="Number">-0.94</Data></Cell>
			<Cell><Data ss:Type="Number">22.7</Data></Cell>
			<Cell><Data ss:Type="Number">39.7</Data></Cell>
			<Cell><Data ss:Type="Number">0</Data></Cell>
			<Cell><Data ss:Type="Number">0</Data></Cell>
			<Cell><Data ss:Type="String">2023-12-07 16:43:13.220535</Data></Cell>
		</Row>
		<Row>
			<Cell><Data ss:Type="String">592</Data></Cell>
			<Cell><Data ss:Type="Number">0.23</Data></Cell>
			<Cell><Data ss:Type="Number">-10.36</Data></Cell>
			<Cell><Data ss:Type="Number">-0.33</Data></Cell>
			<Cell><Data ss:Type="Number">-9.54</Data></Cell>
			<Cell><Data ss:Type="Number">-0.08</Data></Cell>
			<Cell><Data ss:Type="Number">-0.94</Data></Cell>
			<Cell><Data ss:Type="Number">22.7</Data></Cell>
			<Cell><Data ss:Type="Number">39.7</Data></Cell>
			<Cell><Data ss:Type="Number">0</Data></Cell>
			<Cell><Data ss:Type="Number">0</Data></Cell>
			<Cell><Data ss:Type="String">2023-12-07 16:43:13.218263</Data></Cell>
		</Row>
		<Row>
			<Cell><Data ss:Type="String">591</Data></Cell>
			<Cell><Data ss:Type="Number">0.26</Data></Cell>
			<Cell><Data ss:Type="Number">-10.35</Data></Cell>
			<Cell><Data ss:Type="Number">0.24</Data></Cell>
			<Cell><Data ss:Type="Number">-9.47</Data></Cell>
			<Cell><Data ss:Type="Number">-0.03</Data></Cell>
			<Cell><Data ss:Type="Number">-0.9</Data></Cell>
			<Cell><Data ss:Type="Number">22.7</Data></Cell>
			<Cell><Data ss:Type="Number">39.7</Data></Cell>
			<Cell><Data ss:Type="Number">0</Data></Cell>
			<Cell><Data ss:Type="Number">0</Data></Cell>
			<Cell><Data ss:Type="String">2023-12-07 16:43:13.215634</Data></Cell>
		</Row>
		<Row>
			<Cell><Data ss:Type="String">590</Data></Cell>
			<Cell><Data ss:Type="Number">0.26</Data></Cell>
			<Cell><Data ss:Type="Number">-10.33</Data></Cell>
			<Cell><Data ss:Type="Number">-0.06</Data></Cell>
			<Cell><Data ss:Type="Number">-9.48</Data></Cell>
			<Cell><Data ss:Type="Number">-0.06</Data></Cell>
			<Cell><Data ss:Type="Number">-0.91</Data></Cell>
			<Cell><Data ss:Type="Number">22.7</Data></Cell>
			<Cell><Data ss:Type="Number">39.7</Data></Cell>
			<Cell><Data ss:Type="Number">0</Data></Cell>
			<Cell><Data ss:Type="Number">0</Data></Cell>
			<Cell><Data ss:Type="String">2023-12-07 16:43:13.213607</Data></Cell>
		</Row>
		<Row>
			<Cell><Data ss:Type="String">589</Data></Cell>
			<Cell><Data ss:Type="Number">0.62</Data></Cell>
			<Cell><Data ss:Type="Number">-10.33</Data></Cell>
			<Cell><Data ss:Type="Number">0.14</Data></Cell>
			<Cell><Data ss:Type="Number">-9.46</Data></Cell>
			<Cell><Data ss:Type="Number">-0.07</Data></Cell>
			<Cell><Data ss:Type="Number">-0.96</Data></Cell>
			<Cell><Data ss:Type="Number">22.7</Data></Cell>
			<Cell><Data ss:Type="Number">39.7</Data></Cell>
			<Cell><Data ss:Type="Number">0</Data></Cell>
			<Cell><Data ss:Type="Number">0</Data></Cell>
			<Cell><Data ss:Type="String">2023-12-07 16:43:13.210583</Data></Cell>
		</Row>
		<Row>
			<Cell><Data ss:Type="String">588</Data></Cell>
			<Cell><Data ss:Type="Number">0.78</Data></Cell>
			<Cell><Data ss:Type="Number">-10.06</Data></Cell>
			<Cell><Data ss:Type="Number">0.16</Data></Cell>
			<Cell><Data ss:Type="Number">-9.52</Data></Cell>
			<Cell><Data ss:Type="Number">-0.05</Data></Cell>
			<Cell><Data ss:Type="Number">-0.88</Data></Cell>
			<Cell><Data ss:Type="Number">22.7</Data></Cell>
			<Cell><Data ss:Type="Number">39.7</Data></Cell>
			<Cell><Data ss:Type="Number">0</Data></Cell>
			<Cell><Data ss:Type="Number">0</Data></Cell>
			<Cell><Data ss:Type="String">2023-12-07 16:43:13.207771</Data></Cell>
		</Row>
		<Row>
			<Cell><Data ss:Type="String">587</Data></Cell>
			<Cell><Data ss:Type="Number">0.09</Data></Cell>
			<Cell><Data ss:Type="Number">-10.37</Data></Cell>
			<Cell><Data ss:Type="Number">-0.12</Data></Cell>
			<Cell><Data ss:Type="Number">-9.52</Data></Cell>
			<Cell><Data ss:Type="Number">-0.07</Data></Cell>
			<Cell><Data ss:Type="Number">-0.92</Data></Cell>
			<Cell><Data ss:Type="Number">22.7</Data></Cell>
			<Cell><Data ss:Type="Number">39.7</Data></Cell>
			<Cell><Data ss:Type="Number">0</Data></Cell>
			<Cell><Data ss:Type="Number">0</Data></Cell>
			<Cell><Data ss:Type="String">2023-12-07 16:43:13.205864</Data></Cell>
		</Row>
		<Row>
			<Cell><Data ss:Type="String">586</Data></Cell>
			<Cell><Data ss:Type="Number">0.63</Data></Cell>
			<Cell><Data ss:Type="Number">-10.07</Data></Cell>
			<Cell><Data ss:Type="Number">0.18</Data></Cell>
			<Cell><Data ss:Type="Number">-9.54</Data></Cell>
			<Cell><Data ss:Type="Number">-0.07</Data></Cell>
			<Cell><Data ss:Type="Number">-0.91</Data></Cell>
			<Cell><Data ss:Type="Number">22.7</Data></Cell>
			<Cell><Data ss:Type="Number">39.7</Data></Cell>
			<Cell><Data ss:Type="Number">0</Data></Cell>
			<Cell><Data ss:Type="Number">0</Data></Cell>
			<Cell><Data ss:Type="String">2023-12-07 16:43:12.981462</Data></Cell>
		</Row>
		<Row>
			<Cell><Data ss:Type="String">585</Data></Cell>
			<Cell><Data ss:Type="Number">0.93</Data></Cell>
			<Cell><Data ss:Type="Number">-9.85</Data></Cell>
			<Cell><Data ss:Type="Number">0.11</Data></Cell>
			<Cell><Data ss:Type="Number">-9.4</Data></Cell>
			<Cell><Data ss:Type="Number">-0.11</Data></Cell>
			<Cell><Data ss:Type="Number">-0.87</Data></Cell>
			<Cell><Data ss:Type="Number">22.7</Data></Cell>
			<Cell><Data ss:Type="Number">39.7</Data></Cell>
			<Cell><Data ss:Type="Number">0</Data></Cell>
			<Cell><Data ss:Type="Number">0</Data></Cell>
			<Cell><Data ss:Type="String">2023-12-07 16:43:12.978899</Data></Cell>
		</Row>
		<Row>
			<Cell><Data ss:Type="String">584</Data></Cell>
			<Cell><Data ss:Type="Number">-0.12</Data></Cell>
			<Cell><Data ss:Type="Number">-9.81</Data></Cell>
			<Cell><Data ss:Type="Number">-0.11</Data></Cell>
			<Cell><Data ss:Type="Number">-9.48</Data></Cell>
			<Cell><Data ss:Type="Number">-0.02</Data></Cell>
			<Cell><Data ss:Type="Number">-0.97</Data></Cell>
			<Cell><Data ss:Type="Number">22.7</Data></Cell>
			<Cell><Data ss:Type="Number">39.7</Data></Cell>
			<Cell><Data ss:Type="Number">0</Data></Cell>
			<Cell><Data ss:Type="Number">0</Data></Cell>
			<Cell><Data ss:Type="String">2023-12-07 16:43:12.923878</Data></Cell>
		</Row>
		<Row>
			<Cell><Data ss:Type="String">583</Data></Cell>
			<Cell><Data ss:Type="Number">0.11</Data></Cell>
			<Cell><Data ss:Type="Number">-9.84</Data></Cell>
			<Cell><Data ss:Type="Number">0.05</Data></Cell>
			<Cell><Data ss:Type="Number">-9.51</Data></Cell>
			<Cell><Data ss:Type="Number">-0.03</Data></Cell>
			<Cell><Data ss:Type="Number">-0.87</Data></Cell>
			<Cell><Data ss:Type="Number">22.7</Data></Cell>
			<Cell><Data ss:Type="Number">39.7</Data></Cell>
			<Cell><Data ss:Type="Number">0</Data></Cell>
			<Cell><Data ss:Type="Number">0</Data></Cell>
			<Cell><Data ss:Type="String">2023-12-07 16:43:12.921961</Data></Cell>
		</Row>
		<Row>
			<Cell><Data ss:Type="String">582</Data></Cell>
			<Cell><Data ss:Type="Number">-0.49</Data></Cell>
			<Cell><Data ss:Type="Number">-10.23</Data></Cell>
			<Cell><Data ss:Type="Number">0.14</Data></Cell>
			<Cell><Data ss:Type="Number">-9.5</Data></Cell>
			<Cell><Data ss:Type="Number">-0.17</Data></Cell>
			<Cell><Data ss:Type="Number">-1.01</Data></Cell>
			<Cell><Data ss:Type="Number">22.7</Data></Cell>
			<Cell><Data ss:Type="Number">39.7</Data></Cell>
			<Cell><Data ss:Type="Number">0</Data></Cell>
			<Cell><Data ss:Type="Number">0</Data></Cell>
			<Cell><Data ss:Type="String">2023-12-07 16:43:12.920159</Data></Cell>
		</Row>
		<Row>
			<Cell><Data ss:Type="String">581</Data></Cell>
			<Cell><Data ss:Type="Number">-0.23</Data></Cell>
			<Cell><Data ss:Type="Number">-9.72</Data></Cell>
			<Cell><Data ss:Type="Number">0.38</Data></Cell>
			<Cell><Data ss:Type="Number">-9.32</Data></Cell>
			<Cell><Data ss:Type="Number">-0.07</Data></Cell>
			<Cell><Data ss:Type="Number">-0.85</Data></Cell>
			<Cell><Data ss:Type="Number">22.7</Data></Cell>
			<Cell><Data ss:Type="Number">39.7</Data></Cell>
			<Cell><Data ss:Type="Number">0</Data></Cell>
			<Cell><Data ss:Type="Number">0</Data></Cell>
			<Cell><Data ss:Type="String">2023-12-07 16:43:12.918363</Data></Cell>
		</Row>
		<Row>
			<Cell><Data ss:Type="String">580</Data></Cell>
			<Cell><Data ss:Type="Number">0.57</Data></Cell>
			<Cell><Data ss:Type="Number">-10.43</Data></Cell>
			<Cell><Data ss:Type="Number">-0.29</Data></Cell>
			<Cell><Data ss:Type="Number">-9.49</Data></Cell>
			<Cell><Data ss:Type="Number">0.14</Data></Cell>
			<Cell><Data ss:Type="Number">-0.96</Data></Cell>
			<Cell><Data ss:Type="Number">22.7</Data></Cell>
			<Cell><Data ss:Type="Number">39.7</Data></Cell>
			<Cell><Data ss:Type="Number">0</Data></Cell>
			<Cell><Data ss:Type="Number">0</Data></Cell>
			<Cell><Data ss:Type="String">2023-12-07 16:43:12.916562</Data></Cell>
		</Row>
		<Row>
			<Cell><Data ss:Type="String">579</Data></Cell>
			<Cell><Data ss:Type="Number">0.7</Data></Cell>
			<Cell><Data ss:Type="Number">-10.07</Data></Cell>
			<Cell><Data ss:Type="Number">0.31</Data></Cell>
			<Cell><Data ss:Type="Number">-9.55</Data></Cell>
			<Cell><Data ss:Type="Number">-0.03</Data></Cell>
			<Cell><Data ss:Type="Number">-0.91</Data></Cell>
			<Cell><Data ss:Type="Number">22.7</Data></Cell>
			<Cell><Data ss:Type="Number">39.7</Data></Cell>
			<Cell><Data ss:Type="Number">0</Data></Cell>
			<Cell><Data ss:Type="Number">0</Data></Cell>
			<Cell><Data ss:Type="String">2023-12-07 16:43:12.914419</Data></Cell>
		</Row>
		<Row>
			<Cell><Data ss:Type="String">578</Data></Cell>
			<Cell><Data ss:Type="Number">1.42</Data></Cell>
			<Cell><Data ss:Type="Number">-10.27</Data></Cell>
			<Cell><Data ss:Type="Number">0.26</Data></Cell>
			<Cell><Data ss:Type="Number">-9.52</Data></Cell>
			<Cell><Data ss:Type="Number">-0.49</Data></Cell>
			<Cell><Data ss:Type="Number">-0.75</Data></Cell>
			<Cell><Data ss:Type="Number">22.7</Data></Cell>
			<Cell><Data ss:Type="Number">39.7</Data></Cell>
			<Cell><Data ss:Type="Number">0</Data></Cell>
			<Cell><Data ss:Type="Number">0</Data></Cell>
			<Cell><Data ss:Type="String">2023-12-07 16:43:12.911598</Data></Cell>
		</Row>
		<Row>
			<Cell><Data ss:Type="String">577</Data></Cell>
			<Cell><Data ss:Type="Number">-0.09</Data></Cell>
			<Cell><Data ss:Type="Number">-10.95</Data></Cell>
			<Cell><Data ss:Type="Number">-0.13</Data></Cell>
			<Cell><Data ss:Type="Number">-9.78</Data></Cell>
			<Cell><Data ss:Type="Number">-0.13</Data></Cell>
			<Cell><Data ss:Type="Number">-0.96</Data></Cell>
			<Cell><Data ss:Type="Number">22.7</Data></Cell>
			<Cell><Data ss:Type="Number">39.7</Data></Cell>
			<Cell><Data ss:Type="Number">0</Data></Cell>
			<Cell><Data ss:Type="Number">0</Data></Cell>
			<Cell><Data ss:Type="String">2023-12-07 16:43:12.908641</Data></Cell>
		</Row>
		<Row>
			<Cell><Data ss:Type="String">576</Data></Cell>
			<Cell><Data ss:Type="Number">-0.71</Data></Cell>
			<Cell><Data ss:Type="Number">-9.87</Data></Cell>
			<Cell><Data ss:Type="Number">-0.65</Data></Cell>
			<Cell><Data ss:Type="Number">-9.36</Data></Cell>
			<Cell><Data ss:Type="Number">0.85</Data></Cell>
			<Cell><Data ss:Type="Number">-0.88</Data></Cell>
			<Cell><Data ss:Type="Number">22.7</Data></Cell>
			<Cell><Data ss:Type="Number">39.7</Data></Cell>
			<Cell><Data ss:Type="Number">0</Data></Cell>
			<Cell><Data ss:Type="Number">0</Data></Cell>
			<Cell><Data ss:Type="String">2023-12-07 16:43:12.871096</Data></Cell>
		</Row>
		<Row>
			<Cell><Data ss:Type="String">575</Data></Cell>
			<Cell><Data ss:Type="Number">-2.68</Data></Cell>
			<Cell><Data ss:Type="Number">-10.19</Data></Cell>
			<Cell><Data ss:Type="Number">-1.95</Data></Cell>
			<Cell><Data ss:Type="Number">-9.43</Data></Cell>
			<Cell><Data ss:Type="Number">1.47</Data></Cell>
			<Cell><Data ss:Type="Number">-1.22</Data></Cell>
			<Cell><Data ss:Type="Number">22.7</Data></Cell>
			<Cell><Data ss:Type="Number">39.7</Data></Cell>
			<Cell><Data ss:Type="Number">0</Data></Cell>
			<Cell><Data ss:Type="Number">0</Data></Cell>
			<Cell><Data ss:Type="String">2023-12-07 16:43:12.638394</Data></Cell>
		</Row>
		<Row>
			<Cell><Data ss:Type="String">574</Data></Cell>
			<Cell><Data ss:Type="Number">6.15</Data></Cell>
			<Cell><Data ss:Type="Number">-7.35</Data></Cell>
			<Cell><Data ss:Type="Number">1.88</Data></Cell>
			<Cell><Data ss:Type="Number">-7.3</Data></Cell>
			<Cell><Data ss:Type="Number">-0.89</Data></Cell>
			<Cell><Data ss:Type="Number">-0.53</Data></Cell>
			<Cell><Data ss:Type="Number">22.7</Data></Cell>
			<Cell><Data ss:Type="Number">39.7</Data></Cell>
			<Cell><Data ss:Type="Number">0</Data></Cell>
			<Cell><Data ss:Type="Number">0</Data></Cell>
			<Cell><Data ss:Type="String">2023-12-07 16:43:12.589779</Data></Cell>
		</Row>
		<Row>
			<Cell><Data ss:Type="String">573</Data></Cell>
			<Cell><Data ss:Type="Number">0.33</Data></Cell>
			<Cell><Data ss:Type="Number">-10.18</Data></Cell>
			<Cell><Data ss:Type="Number">0.15</Data></Cell>
			<Cell><Data ss:Type="Number">-9.53</Data></Cell>
			<Cell><Data ss:Type="Number">-0.07</Data></Cell>
			<Cell><Data ss:Type="Number">-0.91</Data></Cell>
			<Cell><Data ss:Type="Number">22.7</Data></Cell>
			<Cell><Data ss:Type="Number">39.7</Data></Cell>
			<Cell><Data ss:Type="Number">0</Data></Cell>
			<Cell><Data ss:Type="Number">0</Data></Cell>
			<Cell><Data ss:Type="String">2023-12-07 16:43:12.587996</Data></Cell>
		</Row>
		<Row>
			<Cell><Data ss:Type="String">572</Data></Cell>
			<Cell><Data ss:Type="Number">0.31</Data></Cell>
			<Cell><Data ss:Type="Number">-10.23</Data></Cell>
			<Cell><Data ss:Type="Number">0.16</Data></Cell>
			<Cell><Data ss:Type="Number">-9.54</Data></Cell>
			<Cell><Data ss:Type="Number">-0.07</Data></Cell>
			<Cell><Data ss:Type="Number">-0.9</Data></Cell>
			<Cell><Data ss:Type="Number">22.7</Data></Cell>
			<Cell><Data ss:Type="Number">39.7</Data></Cell>
			<Cell><Data ss:Type="Number">0</Data></Cell>
			<Cell><Data ss:Type="Number">0</Data></Cell>
			<Cell><Data ss:Type="String">2023-12-07 16:43:12.586287</Data></Cell>
		</Row>
		<Row>
			<Cell><Data ss:Type="String">571</Data></Cell>
			<Cell><Data ss:Type="Number">0.27</Data></Cell>
			<Cell><Data ss:Type="Number">-10.18</Data></Cell>
			<Cell><Data ss:Type="Number">0.1</Data></Cell>
			<Cell><Data ss:Type="Number">-9.45</Data></Cell>
			<Cell><Data ss:Type="Number">-0.08</Data></Cell>
			<Cell><Data ss:Type="Number">-0.91</Data></Cell>
			<Cell><Data ss:Type="Number">22.7</Data></Cell>
			<Cell><Data ss:Type="Number">39.7</Data></Cell>
			<Cell><Data ss:Type="Number">0</Data></Cell>
			<Cell><Data ss:Type="Number">0</Data></Cell>
			<Cell><Data ss:Type="String">2023-12-07 16:43:12.584732</Data></Cell>
		</Row>
		<Row>
			<Cell><Data ss:Type="String">570</Data></Cell>
			<Cell><Data ss:Type="Number">0.25</Data></Cell>
			<Cell><Data ss:Type="Number">-9.93</Data></Cell>
			<Cell><Data ss:Type="Number">0.09</Data></Cell>
			<Cell><Data ss:Type="Number">-9.44</Data></Cell>
			<Cell><Data ss:Type="Number">-0.05</Data></Cell>
			<Cell><Data ss:Type="Number">-0.92</Data></Cell>
			<Cell><Data ss:Type="Number">22.7</Data></Cell>
			<Cell><Data ss:Type="Number">39.7</Data></Cell>
			<Cell><Data ss:Type="Number">0</Data></Cell>
			<Cell><Data ss:Type="Number">0</Data></Cell>
			<Cell><Data ss:Type="String">2023-12-07 16:43:12.583214</Data></Cell>
		</Row>
		<Row>
			<Cell><Data ss:Type="String">569</Data></Cell>
			<Cell><Data ss:Type="Number">0.28</Data></Cell>
			<Cell><Data ss:Type="Number">-9.96</Data></Cell>
			<Cell><Data ss:Type="Number">0.16</Data></Cell>
			<Cell><Data ss:Type="Number">-9.45</Data></Cell>
			<Cell><Data ss:Type="Number">-0.09</Data></Cell>
			<Cell><Data ss:Type="Number">-0.92</Data></Cell>
			<Cell><Data ss:Type="Number">22.7</Data></Cell>
			<Cell><Data ss:Type="Number">39.7</Data></Cell>
			<Cell><Data ss:Type="Number">0</Data></Cell>
			<Cell><Data ss:Type="Number">0</Data></Cell>
			<Cell><Data ss:Type="String">2023-12-07 16:43:12.581494</Data></Cell>
		</Row>
		<Row>
			<Cell><Data ss:Type="String">568</Data></Cell>
			<Cell><Data ss:Type="Number">0.25</Data></Cell>
			<Cell><Data ss:Type="Number">-10.07</Data></Cell>
			<Cell><Data ss:Type="Number">0.11</Data></Cell>
			<Cell><Data ss:Type="Number">-9.52</Data></Cell>
			<Cell><Data ss:Type="Number">-0.06</Data></Cell>
			<Cell><Data ss:Type="Number">-0.89</Data></Cell>
			<Cell><Data ss:Type="Number">22.7</Data></Cell>
			<Cell><Data ss:Type="Number">39.7</Data></Cell>
			<Cell><Data ss:Type="Number">0</Data></Cell>
			<Cell><Data ss:Type="Number">0</Data></Cell>
			<Cell><Data ss:Type="String">2023-12-07 16:43:12.579704</Data></Cell>
		</Row>
		<Row>
			<Cell><Data ss:Type="String">567</Data></Cell>
			<Cell><Data ss:Type="Number">0.3</Data></Cell>
			<Cell><Data ss:Type="Number">-10.2</Data></Cell>
			<Cell><Data ss:Type="Number">0.22</Data></Cell>
			<Cell><Data ss:Type="Number">-9.53</Data></Cell>
			<Cell><Data ss:Type="Number">-0.08</Data></Cell>
			<Cell><Data ss:Type="Number">-0.91</Data></Cell>
			<Cell><Data ss:Type="Number">22.7</Data></Cell>
			<Cell><Data ss:Type="Number">39.7</Data></Cell>
			<Cell><Data ss:Type="Number">0</Data></Cell>
			<Cell><Data ss:Type="Number">0</Data></Cell>
			<Cell><Data ss:Type="String">2023-12-07 16:43:12.348503</Data></Cell>
		</Row>
		<Row>
			<Cell><Data ss:Type="String">566</Data></Cell>
			<Cell><Data ss:Type="Number">0.32</Data></Cell>
			<Cell><Data ss:Type="Number">-10.15</Data></Cell>
			<Cell><Data ss:Type="Number">0.21</Data></Cell>
			<Cell><Data ss:Type="Number">-9.46</Data></Cell>
			<Cell><Data ss:Type="Number">-0.08</Data></Cell>
			<Cell><Data ss:Type="Number">-0.89</Data></Cell>
			<Cell><Data ss:Type="Number">22.7</Data></Cell>
			<Cell><Data ss:Type="Number">39.7</Data></Cell>
			<Cell><Data ss:Type="Number">0</Data></Cell>
			<Cell><Data ss:Type="Number">0</Data></Cell>
			<Cell><Data ss:Type="String">2023-12-07 16:43:12.346383</Data></Cell>
		</Row>
		<Row>
			<Cell><Data ss:Type="String">565</Data></Cell>
			<Cell><Data ss:Type="Number">0.31</Data></Cell>
			<Cell><Data ss:Type="Number">-10.31</Data></Cell>
			<Cell><Data ss:Type="Number">0.21</Data></Cell>
			<Cell><Data ss:Type="Number">-9.58</Data></Cell>
			<Cell><Data ss:Type="Number">-0.09</Data></Cell>
			<Cell><Data ss:Type="Number">-0.88</Data></Cell>
			<Cell><Data ss:Type="Number">22.7</Data></Cell>
			<Cell><Data ss:Type="Number">39.7</Data></Cell>
			<Cell><Data ss:Type="Number">0</Data></Cell>
			<Cell><Data ss:Type="Number">0</Data></Cell>
			<Cell><Data ss:Type="String">2023-12-07 16:43:12.299329</Data></Cell>
		</Row>
		<Row>
			<Cell><Data ss:Type="String">564</Data></Cell>
			<Cell><Data ss:Type="Number">0.25</Data></Cell>
			<Cell><Data ss:Type="Number">-10.17</Data></Cell>
			<Cell><Data ss:Type="Number">0.19</Data></Cell>
			<Cell><Data ss:Type="Number">-9.49</Data></Cell>
			<Cell><Data ss:Type="Number">-0.08</Data></Cell>
			<Cell><Data ss:Type="Number">-0.92</Data></Cell>
			<Cell><Data ss:Type="Number">22.7</Data></Cell>
			<Cell><Data ss:Type="Number">39.7</Data></Cell>
			<Cell><Data ss:Type="Number">0</Data></Cell>
			<Cell><Data ss:Type="Number">0</Data></Cell>
			<Cell><Data ss:Type="String">2023-12-07 16:43:12.253295</Data></Cell>
		</Row>
		<Row>
			<Cell><Data ss:Type="String">563</Data></Cell>
			<Cell><Data ss:Type="Number">0.3</Data></Cell>
			<Cell><Data ss:Type="Number">-10.07</Data></Cell>
			<Cell><Data ss:Type="Number">-0.09</Data></Cell>
			<Cell><Data ss:Type="Number">-9.39</Data></Cell>
			<Cell><Data ss:Type="Number">-0.08</Data></Cell>
			<Cell><Data ss:Type="Number">-0.91</Data></Cell>
			<Cell><Data ss:Type="Number">22.7</Data></Cell>
			<Cell><Data ss:Type="Number">39.7</Data></Cell>
			<Cell><Data ss:Type="Number">0</Data></Cell>
			<Cell><Data ss:Type="Number">0</Data></Cell>
			<Cell><Data ss:Type="String">2023-12-07 16:43:12.208417</Data></Cell>
		</Row>
		<Row>
			<Cell><Data ss:Type="String">562</Data></Cell>
			<Cell><Data ss:Type="Number">0.3</Data></Cell>
			<Cell><Data ss:Type="Number">-9.99</Data></Cell>
			<Cell><Data ss:Type="Number">0.11</Data></Cell>
			<Cell><Data ss:Type="Number">-9.45</Data></Cell>
			<Cell><Data ss:Type="Number">-0.07</Data></Cell>
			<Cell><Data ss:Type="Number">-0.94</Data></Cell>
			<Cell><Data ss:Type="Number">22.7</Data></Cell>
			<Cell><Data ss:Type="Number">39.7</Data></Cell>
			<Cell><Data ss:Type="Number">0</Data></Cell>
			<Cell><Data ss:Type="Number">0</Data></Cell>
			<Cell><Data ss:Type="String">2023-12-07 16:43:12.206641</Data></Cell>
		</Row>
		<Row>
			<Cell><Data ss:Type="String">561</Data></Cell>
			<Cell><Data ss:Type="Number">0.32</Data></Cell>
			<Cell><Data ss:Type="Number">-10.04</Data></Cell>
			<Cell><Data ss:Type="Number">0.09</Data></Cell>
			<Cell><Data ss:Type="Number">-9.53</Data></Cell>
			<Cell><Data ss:Type="Number">-0.07</Data></Cell>
			<Cell><Data ss:Type="Number">-0.89</Data></Cell>
			<Cell><Data ss:Type="Number">22.7</Data></Cell>
			<Cell><Data ss:Type="Number">39.7</Data></Cell>
			<Cell><Data ss:Type="Number">0</Data></Cell>
			<Cell><Data ss:Type="Number">0</Data></Cell>
			<Cell><Data ss:Type="String">2023-12-07 16:43:12.161873</Data></Cell>
		</Row>
		<Row>
			<Cell><Data ss:Type="String">560</Data></Cell>
			<Cell><Data ss:Type="Number">0.33</Data></Cell>
			<Cell><Data ss:Type="Number">-10.22</Data></Cell>
			<Cell><Data ss:Type="Number">0.17</Data></Cell>
			<Cell><Data ss:Type="Number">-9.53</Data></Cell>
			<Cell><Data ss:Type="Number">-0.07</Data></Cell>
			<Cell><Data ss:Type="Number">-0.9</Data></Cell>
			<Cell><Data ss:Type="Number">22.7</Data></Cell>
			<Cell><Data ss:Type="Number">39.7</Data></Cell>
			<Cell><Data ss:Type="Number">0</Data></Cell>
			<Cell><Data ss:Type="Number">0</Data></Cell>
			<Cell><Data ss:Type="String">2023-12-07 16:43:12.116459</Data></Cell>
		</Row>
		<Row>
			<Cell><Data ss:Type="String">559</Data></Cell>
			<Cell><Data ss:Type="Number">0.29</Data></Cell>
			<Cell><Data ss:Type="Number">-10.26</Data></Cell>
			<Cell><Data ss:Type="Number">0.17</Data></Cell>
			<Cell><Data ss:Type="Number">-9.57</Data></Cell>
			<Cell><Data ss:Type="Number">-0.09</Data></Cell>
			<Cell><Data ss:Type="Number">-0.9</Data></Cell>
			<Cell><Data ss:Type="Number">22.7</Data></Cell>
			<Cell><Data ss:Type="Number">39.7</Data></Cell>
			<Cell><Data ss:Type="Number">0</Data></Cell>
			<Cell><Data ss:Type="Number">0</Data></Cell>
			<Cell><Data ss:Type="String">2023-12-07 16:43:12.060649</Data></Cell>
		</Row>
		<Row>
			<Cell><Data ss:Type="String">558</Data></Cell>
			<Cell><Data ss:Type="Number">0.45</Data></Cell>
			<Cell><Data ss:Type="Number">-10.19</Data></Cell>
			<Cell><Data ss:Type="Number">0.33</Data></Cell>
			<Cell><Data ss:Type="Number">-9.48</Data></Cell>
			<Cell><Data ss:Type="Number">-0.06</Data></Cell>
			<Cell><Data ss:Type="Number">-0.91</Data></Cell>
			<Cell><Data ss:Type="Number">22.7</Data></Cell>
			<Cell><Data ss:Type="Number">39.7</Data></Cell>
			<Cell><Data ss:Type="Number">0</Data></Cell>
			<Cell><Data ss:Type="Number">0</Data></Cell>
			<Cell><Data ss:Type="String">2023-12-07 16:43:12.040883</Data></Cell>
		</Row>
		<Row>
			<Cell><Data ss:Type="String">557</Data></Cell>
			<Cell><Data ss:Type="Number">0.32</Data></Cell>
			<Cell><Data ss:Type="Number">-9.95</Data></Cell>
			<Cell><Data ss:Type="Number">0.17</Data></Cell>
			<Cell><Data ss:Type="Number">-9.42</Data></Cell>
			<Cell><Data ss:Type="Number">-0.08</Data></Cell>
			<Cell><Data ss:Type="Number">-0.93</Data></Cell>
			<Cell><Data ss:Type="Number">22.7</Data></Cell>
			<Cell><Data ss:Type="Number">39.7</Data></Cell>
			<Cell><Data ss:Type="Number">0</Data></Cell>
			<Cell><Data ss:Type="Number">0</Data></Cell>
			<Cell><Data ss:Type="String">2023-12-07 16:43:11.996989</Data></Cell>
		</Row>
		<Row>
			<Cell><Data ss:Type="String">556</Data></Cell>
			<Cell><Data ss:Type="Number">0.33</Data></Cell>
			<Cell><Data ss:Type="Number">-9.89</Data></Cell>
			<Cell><Data ss:Type="Number">0.15</Data></Cell>
			<Cell><Data ss:Type="Number">-9.43</Data></Cell>
			<Cell><Data ss:Type="Number">-0.07</Data></Cell>
			<Cell><Data ss:Type="Number">-0.9</Data></Cell>
			<Cell><Data ss:Type="Number">22.7</Data></Cell>
			<Cell><Data ss:Type="Number">39.7</Data></Cell>
			<Cell><Data ss:Type="Number">0</Data></Cell>
			<Cell><Data ss:Type="Number">0</Data></Cell>
			<Cell><Data ss:Type="String">2023-12-07 16:43:11.994504</Data></Cell>
		</Row>
		<Row>
			<Cell><Data ss:Type="String">555</Data></Cell>
			<Cell><Data ss:Type="Number">0.3</Data></Cell>
			<Cell><Data ss:Type="Number">-10.01</Data></Cell>
			<Cell><Data ss:Type="Number">0.05</Data></Cell>
			<Cell><Data ss:Type="Number">-9.54</Data></Cell>
			<Cell><Data ss:Type="Number">-0.07</Data></Cell>
			<Cell><Data ss:Type="Number">-0.9</Data></Cell>
			<Cell><Data ss:Type="Number">22.7</Data></Cell>
			<Cell><Data ss:Type="Number">39.7</Data></Cell>
			<Cell><Data ss:Type="Number">0</Data></Cell>
			<Cell><Data ss:Type="Number">0</Data></Cell>
			<Cell><Data ss:Type="String">2023-12-07 16:43:11.948346</Data></Cell>
		</Row>
		<Row>
			<Cell><Data ss:Type="String">554</Data></Cell>
			<Cell><Data ss:Type="Number">0.34</Data></Cell>
			<Cell><Data ss:Type="Number">-10.23</Data></Cell>
			<Cell><Data ss:Type="Number">0.18</Data></Cell>
			<Cell><Data ss:Type="Number">-9.52</Data></Cell>
			<Cell><Data ss:Type="Number">-0.07</Data></Cell>
			<Cell><Data ss:Type="Number">-0.9</Data></Cell>
			<Cell><Data ss:Type="Number">22.7</Data></Cell>
			<Cell><Data ss:Type="Number">39.7</Data></Cell>
			<Cell><Data ss:Type="Number">0</Data></Cell>
			<Cell><Data ss:Type="Number">0</Data></Cell>
			<Cell><Data ss:Type="String">2023-12-07 16:43:11.907447</Data></Cell>
		</Row>
		<Row>
			<Cell><Data ss:Type="String">553</Data></Cell>
			<Cell><Data ss:Type="Number">0.18</Data></Cell>
			<Cell><Data ss:Type="Number">-10.12</Data></Cell>
			<Cell><Data ss:Type="Number">0.16</Data></Cell>
			<Cell><Data ss:Type="Number">-9.46</Data></Cell>
			<Cell><Data ss:Type="Number">-0.07</Data></Cell>
			<Cell><Data ss:Type="Number">-0.92</Data></Cell>
			<Cell><Data ss:Type="Number">22.7</Data></Cell>
			<Cell><Data ss:Type="Number">39.7</Data></Cell>
			<Cell><Data ss:Type="Number">0</Data></Cell>
			<Cell><Data ss:Type="Number">0</Data></Cell>
			<Cell><Data ss:Type="String">2023-12-07 16:43:11.905670</Data></Cell>
		</Row>
		<Row>
			<Cell><Data ss:Type="String">552</Data></Cell>
			<Cell><Data ss:Type="Number">0.28</Data></Cell>
			<Cell><Data ss:Type="Number">-9.95</Data></Cell>
			<Cell><Data ss:Type="Number">0.15</Data></Cell>
			<Cell><Data ss:Type="Number">-9.42</Data></Cell>
			<Cell><Data ss:Type="Number">-0.09</Data></Cell>
			<Cell><Data ss:Type="Number">-0.92</Data></Cell>
			<Cell><Data ss:Type="Number">22.7</Data></Cell>
			<Cell><Data ss:Type="Number">39.7</Data></Cell>
			<Cell><Data ss:Type="Number">0</Data></Cell>
			<Cell><Data ss:Type="Number">0</Data></Cell>
			<Cell><Data ss:Type="String">2023-12-07 16:43:11.856127</Data></Cell>
		</Row>
		<Row>
			<Cell><Data ss:Type="String">551</Data></Cell>
			<Cell><Data ss:Type="Number">0.4</Data></Cell>
			<Cell><Data ss:Type="Number">-9.97</Data></Cell>
			<Cell><Data ss:Type="Number">0.12</Data></Cell>
			<Cell><Data ss:Type="Number">-9.46</Data></Cell>
			<Cell><Data ss:Type="Number">-0.08</Data></Cell>
			<Cell><Data ss:Type="Number">-0.9</Data></Cell>
			<Cell><Data ss:Type="Number">22.7</Data></Cell>
			<Cell><Data ss:Type="Number">39.7</Data></Cell>
			<Cell><Data ss:Type="Number">0</Data></Cell>
			<Cell><Data ss:Type="Number">0</Data></Cell>
			<Cell><Data ss:Type="String">2023-12-07 16:43:11.810932</Data></Cell>
		</Row>
		<Row>
			<Cell><Data ss:Type="String">550</Data></Cell>
			<Cell><Data ss:Type="Number">0.3</Data></Cell>
			<Cell><Data ss:Type="Number">-10.27</Data></Cell>
			<Cell><Data ss:Type="Number">-0.09</Data></Cell>
			<Cell><Data ss:Type="Number">-9.54</Data></Cell>
			<Cell><Data ss:Type="Number">-0.05</Data></Cell>
			<Cell><Data ss:Type="Number">-0.91</Data></Cell>
			<Cell><Data ss:Type="Number">22.7</Data></Cell>
			<Cell><Data ss:Type="Number">39.7</Data></Cell>
			<Cell><Data ss:Type="Number">0</Data></Cell>
			<Cell><Data ss:Type="Number">0</Data></Cell>
			<Cell><Data ss:Type="String">2023-12-07 16:43:11.769616</Data></Cell>
		</Row>
		<Row>
			<Cell><Data ss:Type="String">549</Data></Cell>
			<Cell><Data ss:Type="Number">0.29</Data></Cell>
			<Cell><Data ss:Type="Number">-10.27</Data></Cell>
			<Cell><Data ss:Type="Number">0.18</Data></Cell>
			<Cell><Data ss:Type="Number">-9.46</Data></Cell>
			<Cell><Data ss:Type="Number">-0.09</Data></Cell>
			<Cell><Data ss:Type="Number">-0.89</Data></Cell>
			<Cell><Data ss:Type="Number">22.7</Data></Cell>
			<Cell><Data ss:Type="Number">39.7</Data></Cell>
			<Cell><Data ss:Type="Number">0</Data></Cell>
			<Cell><Data ss:Type="Number">0</Data></Cell>
			<Cell><Data ss:Type="String">2023-12-07 16:43:11.767328</Data></Cell>
		</Row>
		<Row>
			<Cell><Data ss:Type="String">548</Data></Cell>
			<Cell><Data ss:Type="Number">0.28</Data></Cell>
			<Cell><Data ss:Type="Number">-9.91</Data></Cell>
			<Cell><Data ss:Type="Number">0.13</Data></Cell>
			<Cell><Data ss:Type="Number">-9.43</Data></Cell>
			<Cell><Data ss:Type="Number">-0.08</Data></Cell>
			<Cell><Data ss:Type="Number">-0.94</Data></Cell>
			<Cell><Data ss:Type="Number">22.7</Data></Cell>
			<Cell><Data ss:Type="Number">39.7</Data></Cell>
			<Cell><Data ss:Type="Number">0</Data></Cell>
			<Cell><Data ss:Type="Number">0</Data></Cell>
			<Cell><Data ss:Type="String">2023-12-07 16:43:11.718913</Data></Cell>
		</Row>
		<Row>
			<Cell><Data ss:Type="String">547</Data></Cell>
			<Cell><Data ss:Type="Number">0.36</Data></Cell>
			<Cell><Data ss:Type="Number">-10.15</Data></Cell>
			<Cell><Data ss:Type="Number">0.18</Data></Cell>
			<Cell><Data ss:Type="Number">-9.5</Data></Cell>
			<Cell><Data ss:Type="Number">-0.1</Data></Cell>
			<Cell><Data ss:Type="Number">-0.92</Data></Cell>
			<Cell><Data ss:Type="Number">22.7</Data></Cell>
			<Cell><Data ss:Type="Number">39.7</Data></Cell>
			<Cell><Data ss:Type="Number">0</Data></Cell>
			<Cell><Data ss:Type="Number">0</Data></Cell>
			<Cell><Data ss:Type="String">2023-12-07 16:43:11.672998</Data></Cell>
		</Row>
		<Row>
			<Cell><Data ss:Type="String">546</Data></Cell>
			<Cell><Data ss:Type="Number">0.29</Data></Cell>
			<Cell><Data ss:Type="Number">-10.24</Data></Cell>
			<Cell><Data ss:Type="Number">0.21</Data></Cell>
			<Cell><Data ss:Type="Number">-9.54</Data></Cell>
			<Cell><Data ss:Type="Number">-0.06</Data></Cell>
			<Cell><Data ss:Type="Number">-0.88</Data></Cell>
			<Cell><Data ss:Type="Number">22.7</Data></Cell>
			<Cell><Data ss:Type="Number">39.7</Data></Cell>
			<Cell><Data ss:Type="Number">0</Data></Cell>
			<Cell><Data ss:Type="Number">0</Data></Cell>
			<Cell><Data ss:Type="String">2023-12-07 16:43:11.630730</Data></Cell>
		</Row>
		<Row>
			<Cell><Data ss:Type="String">545</Data></Cell>
			<Cell><Data ss:Type="Number">0.23</Data></Cell>
			<Cell><Data ss:Type="Number">-10.19</Data></Cell>
			<Cell><Data ss:Type="Number">0.1</Data></Cell>
			<Cell><Data ss:Type="Number">-9.48</Data></Cell>
			<Cell><Data ss:Type="Number">-0.08</Data></Cell>
			<Cell><Data ss:Type="Number">-0.92</Data></Cell>
			<Cell><Data ss:Type="Number">22.7</Data></Cell>
			<Cell><Data ss:Type="Number">39.7</Data></Cell>
			<Cell><Data ss:Type="Number">0</Data></Cell>
			<Cell><Data ss:Type="Number">0</Data></Cell>
			<Cell><Data ss:Type="String">2023-12-07 16:43:11.628377</Data></Cell>
		</Row>
		<Row>
			<Cell><Data ss:Type="String">544</Data></Cell>
			<Cell><Data ss:Type="Number">0.32</Data></Cell>
			<Cell><Data ss:Type="Number">-9.96</Data></Cell>
			<Cell><Data ss:Type="Number">0.17</Data></Cell>
			<Cell><Data ss:Type="Number">-9.41</Data></Cell>
			<Cell><Data ss:Type="Number">-0.06</Data></Cell>
			<Cell><Data ss:Type="Number">-0.91</Data></Cell>
			<Cell><Data ss:Type="Number">22.7</Data></Cell>
			<Cell><Data ss:Type="Number">39.7</Data></Cell>
			<Cell><Data ss:Type="Number">0</Data></Cell>
			<Cell><Data ss:Type="Number">0</Data></Cell>
			<Cell><Data ss:Type="String">2023-12-07 16:43:11.581594</Data></Cell>
		</Row>
		<Row>
			<Cell><Data ss:Type="String">543</Data></Cell>
			<Cell><Data ss:Type="Number">0.28</Data></Cell>
			<Cell><Data ss:Type="Number">-9.95</Data></Cell>
			<Cell><Data ss:Type="Number">0.12</Data></Cell>
			<Cell><Data ss:Type="Number">-9.46</Data></Cell>
			<Cell><Data ss:Type="Number">-0.1</Data></Cell>
			<Cell><Data ss:Type="Number">-0.91</Data></Cell>
			<Cell><Data ss:Type="Number">22.7</Data></Cell>
			<Cell><Data ss:Type="Number">39.7</Data></Cell>
			<Cell><Data ss:Type="Number">0</Data></Cell>
			<Cell><Data ss:Type="Number">0</Data></Cell>
			<Cell><Data ss:Type="String">2023-12-07 16:43:11.538818</Data></Cell>
		</Row>
		<Row>
			<Cell><Data ss:Type="String">542</Data></Cell>
			<Cell><Data ss:Type="Number">0.29</Data></Cell>
			<Cell><Data ss:Type="Number">-10.21</Data></Cell>
			<Cell><Data ss:Type="Number">0.24</Data></Cell>
			<Cell><Data ss:Type="Number">-9.51</Data></Cell>
			<Cell><Data ss:Type="Number">-0.07</Data></Cell>
			<Cell><Data ss:Type="Number">-0.91</Data></Cell>
			<Cell><Data ss:Type="Number">22.7</Data></Cell>
			<Cell><Data ss:Type="Number">39.7</Data></Cell>
			<Cell><Data ss:Type="Number">0</Data></Cell>
			<Cell><Data ss:Type="Number">0</Data></Cell>
			<Cell><Data ss:Type="String">2023-12-07 16:43:11.537210</Data></Cell>
		</Row>
		<Row>
			<Cell><Data ss:Type="String">541</Data></Cell>
			<Cell><Data ss:Type="Number">0.23</Data></Cell>
			<Cell><Data ss:Type="Number">-10.28</Data></Cell>
			<Cell><Data ss:Type="Number">0.17</Data></Cell>
			<Cell><Data ss:Type="Number">-9.53</Data></Cell>
			<Cell><Data ss:Type="Number">-0.1</Data></Cell>
			<Cell><Data ss:Type="Number">-0.88</Data></Cell>
			<Cell><Data ss:Type="Number">22.7</Data></Cell>
			<Cell><Data ss:Type="Number">39.7</Data></Cell>
			<Cell><Data ss:Type="Number">0</Data></Cell>
			<Cell><Data ss:Type="Number">0</Data></Cell>
			<Cell><Data ss:Type="String">2023-12-07 16:43:11.488863</Data></Cell>
		</Row>
		<Row>
			<Cell><Data ss:Type="String">540</Data></Cell>
			<Cell><Data ss:Type="Number">0.32</Data></Cell>
			<Cell><Data ss:Type="Number">-10.21</Data></Cell>
			<Cell><Data ss:Type="Number">0.16</Data></Cell>
			<Cell><Data ss:Type="Number">-9.56</Data></Cell>
			<Cell><Data ss:Type="Number">-0.08</Data></Cell>
			<Cell><Data ss:Type="Number">-0.88</Data></Cell>
			<Cell><Data ss:Type="Number">22.7</Data></Cell>
			<Cell><Data ss:Type="Number">39.7</Data></Cell>
			<Cell><Data ss:Type="Number">0</Data></Cell>
			<Cell><Data ss:Type="Number">0</Data></Cell>
			<Cell><Data ss:Type="String">2023-12-07 16:43:11.444762</Data></Cell>
		</Row>
		<Row>
			<Cell><Data ss:Type="String">539</Data></Cell>
			<Cell><Data ss:Type="Number">0.45</Data></Cell>
			<Cell><Data ss:Type="Number">-10.17</Data></Cell>
			<Cell><Data ss:Type="Number">0.26</Data></Cell>
			<Cell><Data ss:Type="Number">-9.5</Data></Cell>
			<Cell><Data ss:Type="Number">-0.06</Data></Cell>
			<Cell><Data ss:Type="Number">-0.91</Data></Cell>
			<Cell><Data ss:Type="Number">22.7</Data></Cell>
			<Cell><Data ss:Type="Number">39.7</Data></Cell>
			<Cell><Data ss:Type="Number">0</Data></Cell>
			<Cell><Data ss:Type="Number">0</Data></Cell>
			<Cell><Data ss:Type="String">2023-12-07 16:43:11.403760</Data></Cell>
		</Row>
		<Row>
			<Cell><Data ss:Type="String">538</Data></Cell>
			<Cell><Data ss:Type="Number">0.29</Data></Cell>
			<Cell><Data ss:Type="Number">-10.01</Data></Cell>
			<Cell><Data ss:Type="Number">0.16</Data></Cell>
			<Cell><Data ss:Type="Number">-9.42</Data></Cell>
			<Cell><Data ss:Type="Number">-0.07</Data></Cell>
			<Cell><Data ss:Type="Number">-0.91</Data></Cell>
			<Cell><Data ss:Type="Number">22.7</Data></Cell>
			<Cell><Data ss:Type="Number">39.7</Data></Cell>
			<Cell><Data ss:Type="Number">0</Data></Cell>
			<Cell><Data ss:Type="Number">0</Data></Cell>
			<Cell><Data ss:Type="String">2023-12-07 16:43:11.402190</Data></Cell>
		</Row>
		<Row>
			<Cell><Data ss:Type="String">537</Data></Cell>
			<Cell><Data ss:Type="Number">0.26</Data></Cell>
			<Cell><Data ss:Type="Number">-9.92</Data></Cell>
			<Cell><Data ss:Type="Number">0.14</Data></Cell>
			<Cell><Data ss:Type="Number">-9.4</Data></Cell>
			<Cell><Data ss:Type="Number">-0.07</Data></Cell>
			<Cell><Data ss:Type="Number">-0.91</Data></Cell>
			<Cell><Data ss:Type="Number">22.7</Data></Cell>
			<Cell><Data ss:Type="Number">39.7</Data></Cell>
			<Cell><Data ss:Type="Number">0</Data></Cell>
			<Cell><Data ss:Type="Number">0</Data></Cell>
			<Cell><Data ss:Type="String">2023-12-07 16:43:11.400557</Data></Cell>
		</Row>
		<Row>
			<Cell><Data ss:Type="String">536</Data></Cell>
			<Cell><Data ss:Type="Number">0.34</Data></Cell>
			<Cell><Data ss:Type="Number">-9.95</Data></Cell>
			<Cell><Data ss:Type="Number">0.17</Data></Cell>
			<Cell><Data ss:Type="Number">-9.42</Data></Cell>
			<Cell><Data ss:Type="Number">-0.08</Data></Cell>
			<Cell><Data ss:Type="Number">-0.89</Data></Cell>
			<Cell><Data ss:Type="Number">22.7</Data></Cell>
			<Cell><Data ss:Type="Number">39.7</Data></Cell>
			<Cell><Data ss:Type="Number">0</Data></Cell>
			<Cell><Data ss:Type="Number">0</Data></Cell>
			<Cell><Data ss:Type="String">2023-12-07 16:43:11.398781</Data></Cell>
		</Row>
		<Row>
			<Cell><Data ss:Type="String">535</Data></Cell>
			<Cell><Data ss:Type="Number">0.27</Data></Cell>
			<Cell><Data ss:Type="Number">-10.07</Data></Cell>
			<Cell><Data ss:Type="Number">0.14</Data></Cell>
			<Cell><Data ss:Type="Number">-9.51</Data></Cell>
			<Cell><Data ss:Type="Number">-0.1</Data></Cell>
			<Cell><Data ss:Type="Number">-0.95</Data></Cell>
			<Cell><Data ss:Type="Number">22.7</Data></Cell>
			<Cell><Data ss:Type="Number">39.7</Data></Cell>
			<Cell><Data ss:Type="Number">0</Data></Cell>
			<Cell><Data ss:Type="Number">0</Data></Cell>
			<Cell><Data ss:Type="String">2023-12-07 16:43:11.396868</Data></Cell>
		</Row>
		<Row>
			<Cell><Data ss:Type="String">534</Data></Cell>
			<Cell><Data ss:Type="Number">0.23</Data></Cell>
			<Cell><Data ss:Type="Number">-10.23</Data></Cell>
			<Cell><Data ss:Type="Number">0.16</Data></Cell>
			<Cell><Data ss:Type="Number">-9.47</Data></Cell>
			<Cell><Data ss:Type="Number">-0.02</Data></Cell>
			<Cell><Data ss:Type="Number">-0.88</Data></Cell>
			<Cell><Data ss:Type="Number">22.7</Data></Cell>
			<Cell><Data ss:Type="Number">39.7</Data></Cell>
			<Cell><Data ss:Type="Number">0</Data></Cell>
			<Cell><Data ss:Type="Number">0</Data></Cell>
			<Cell><Data ss:Type="String">2023-12-07 16:43:11.394937</Data></Cell>
		</Row>
		<Row>
			<Cell><Data ss:Type="String">533</Data></Cell>
			<Cell><Data ss:Type="Number">0.29</Data></Cell>
			<Cell><Data ss:Type="Number">-10.2</Data></Cell>
			<Cell><Data ss:Type="Number">0.07</Data></Cell>
			<Cell><Data ss:Type="Number">-9.46</Data></Cell>
			<Cell><Data ss:Type="Number">-0.08</Data></Cell>
			<Cell><Data ss:Type="Number">-0.96</Data></Cell>
			<Cell><Data ss:Type="Number">22.7</Data></Cell>
			<Cell><Data ss:Type="Number">39.7</Data></Cell>
			<Cell><Data ss:Type="Number">0</Data></Cell>
			<Cell><Data ss:Type="Number">0</Data></Cell>
			<Cell><Data ss:Type="String">2023-12-07 16:43:11.197923</Data></Cell>
		</Row>
		<Row>
			<Cell><Data ss:Type="String">532</Data></Cell>
			<Cell><Data ss:Type="Number">0.44</Data></Cell>
			<Cell><Data ss:Type="Number">-10.01</Data></Cell>
			<Cell><Data ss:Type="Number">0.26</Data></Cell>
			<Cell><Data ss:Type="Number">-9.41</Data></Cell>
			<Cell><Data ss:Type="Number">-0.03</Data></Cell>
			<Cell><Data ss:Type="Number">-0.9</Data></Cell>
			<Cell><Data ss:Type="Number">22.7</Data></Cell>
			<Cell><Data ss:Type="Number">39.7</Data></Cell>
			<Cell><Data ss:Type="Number">0</Data></Cell>
			<Cell><Data ss:Type="Number">0</Data></Cell>
			<Cell><Data ss:Type="String">2023-12-07 16:43:11.154017</Data></Cell>
		</Row>
		<Row>
			<Cell><Data ss:Type="String">531</Data></Cell>
			<Cell><Data ss:Type="Number">0.56</Data></Cell>
			<Cell><Data ss:Type="Number">-9.99</Data></Cell>
			<Cell><Data ss:Type="Number">0.28</Data></Cell>
			<Cell><Data ss:Type="Number">-9.46</Data></Cell>
			<Cell><Data ss:Type="Number">-0.25</Data></Cell>
			<Cell><Data ss:Type="Number">-0.9</Data></Cell>
			<Cell><Data ss:Type="Number">22.7</Data></Cell>
			<Cell><Data ss:Type="Number">39.7</Data></Cell>
			<Cell><Data ss:Type="Number">0</Data></Cell>
			<Cell><Data ss:Type="Number">0</Data></Cell>
			<Cell><Data ss:Type="String">2023-12-07 16:43:11.151960</Data></Cell>
		</Row>
		<Row>
			<Cell><Data ss:Type="String">530</Data></Cell>
			<Cell><Data ss:Type="Number">0.11</Data></Cell>
			<Cell><Data ss:Type="Number">-10.09</Data></Cell>
			<Cell><Data ss:Type="Number">0.06</Data></Cell>
			<Cell><Data ss:Type="Number">-9.53</Data></Cell>
			<Cell><Data ss:Type="Number">-0.04</Data></Cell>
			<Cell><Data ss:Type="Number">-0.91</Data></Cell>
			<Cell><Data ss:Type="Number">22.7</Data></Cell>
			<Cell><Data ss:Type="Number">39.7</Data></Cell>
			<Cell><Data ss:Type="Number">0</Data></Cell>
			<Cell><Data ss:Type="Number">0</Data></Cell>
			<Cell><Data ss:Type="String">2023-12-07 16:43:11.106038</Data></Cell>
		</Row>
		<Row>
			<Cell><Data ss:Type="String">529</Data></Cell>
			<Cell><Data ss:Type="Number">0.06</Data></Cell>
			<Cell><Data ss:Type="Number">-10.22</Data></Cell>
			<Cell><Data ss:Type="Number">-0.18</Data></Cell>
			<Cell><Data ss:Type="Number">-9.52</Data></Cell>
			<Cell><Data ss:Type="Number">0.09</Data></Cell>
			<Cell><Data ss:Type="Number">-0.87</Data></Cell>
			<Cell><Data ss:Type="Number">22.7</Data></Cell>
			<Cell><Data ss:Type="Number">39.7</Data></Cell>
			<Cell><Data ss:Type="Number">0</Data></Cell>
			<Cell><Data ss:Type="Number">0</Data></Cell>
			<Cell><Data ss:Type="String">2023-12-07 16:43:11.063304</Data></Cell>
		</Row>
		<Row>
			<Cell><Data ss:Type="String">528</Data></Cell>
			<Cell><Data ss:Type="Number">0.17</Data></Cell>
			<Cell><Data ss:Type="Number">-10.11</Data></Cell>
			<Cell><Data ss:Type="Number">-0.04</Data></Cell>
			<Cell><Data ss:Type="Number">-9.46</Data></Cell>
			<Cell><Data ss:Type="Number">0.24</Data></Cell>
			<Cell><Data ss:Type="Number">-1.01</Data></Cell>
			<Cell><Data ss:Type="Number">22.7</Data></Cell>
			<Cell><Data ss:Type="Number">39.7</Data></Cell>
			<Cell><Data ss:Type="Number">0</Data></Cell>
			<Cell><Data ss:Type="Number">0</Data></Cell>
			<Cell><Data ss:Type="String">2023-12-07 16:43:11.060141</Data></Cell>
		</Row>
		<Row>
			<Cell><Data ss:Type="String">527</Data></Cell>
			<Cell><Data ss:Type="Number">1.38</Data></Cell>
			<Cell><Data ss:Type="Number">-9.82</Data></Cell>
			<Cell><Data ss:Type="Number">0.77</Data></Cell>
			<Cell><Data ss:Type="Number">-9.34</Data></Cell>
			<Cell><Data ss:Type="Number">-0.59</Data></Cell>
			<Cell><Data ss:Type="Number">-0.85</Data></Cell>
			<Cell><Data ss:Type="Number">22.7</Data></Cell>
			<Cell><Data ss:Type="Number">39.7</Data></Cell>
			<Cell><Data ss:Type="Number">0</Data></Cell>
			<Cell><Data ss:Type="Number">0</Data></Cell>
			<Cell><Data ss:Type="String">2023-12-07 16:43:11.014796</Data></Cell>
		</Row>
		<Row>
			<Cell><Data ss:Type="String">526</Data></Cell>
			<Cell><Data ss:Type="Number">0.92</Data></Cell>
			<Cell><Data ss:Type="Number">-10.06</Data></Cell>
			<Cell><Data ss:Type="Number">0.81</Data></Cell>
			<Cell><Data ss:Type="Number">-9.47</Data></Cell>
			<Cell><Data ss:Type="Number">-0.71</Data></Cell>
			<Cell><Data ss:Type="Number">-0.71</Data></Cell>
			<Cell><Data ss:Type="Number">22.7</Data></Cell>
			<Cell><Data ss:Type="Number">39.7</Data></Cell>
			<Cell><Data ss:Type="Number">0</Data></Cell>
			<Cell><Data ss:Type="Number">0</Data></Cell>
			<Cell><Data ss:Type="String">2023-12-07 16:43:10.971080</Data></Cell>
		</Row>
		<Row>
			<Cell><Data ss:Type="String">525</Data></Cell>
			<Cell><Data ss:Type="Number">-2.3</Data></Cell>
			<Cell><Data ss:Type="Number">-10.48</Data></Cell>
			<Cell><Data ss:Type="Number">-1.14</Data></Cell>
			<Cell><Data ss:Type="Number">-9.69</Data></Cell>
			<Cell><Data ss:Type="Number">0.46</Data></Cell>
			<Cell><Data ss:Type="Number">-1.1</Data></Cell>
			<Cell><Data ss:Type="Number">22.7</Data></Cell>
			<Cell><Data ss:Type="Number">39.7</Data></Cell>
			<Cell><Data ss:Type="Number">0</Data></Cell>
			<Cell><Data ss:Type="Number">0</Data></Cell>
			<Cell><Data ss:Type="String">2023-12-07 16:43:10.924662</Data></Cell>
		</Row>
		<Row>
			<Cell><Data ss:Type="String">524</Data></Cell>
			<Cell><Data ss:Type="Number">-3.74</Data></Cell>
			<Cell><Data ss:Type="Number">-9.86</Data></Cell>
			<Cell><Data ss:Type="Number">-1.41</Data></Cell>
			<Cell><Data ss:Type="Number">-9.16</Data></Cell>
			<Cell><Data ss:Type="Number">1.97</Data></Cell>
			<Cell><Data ss:Type="Number">-0.85</Data></Cell>
			<Cell><Data ss:Type="Number">22.7</Data></Cell>
			<Cell><Data ss:Type="Number">39.7</Data></Cell>
			<Cell><Data ss:Type="Number">0</Data></Cell>
			<Cell><Data ss:Type="Number">0</Data></Cell>
			<Cell><Data ss:Type="String">2023-12-07 16:43:10.922884</Data></Cell>
		</Row>
		<Row>
			<Cell><Data ss:Type="String">523</Data></Cell>
			<Cell><Data ss:Type="Number">0.16</Data></Cell>
			<Cell><Data ss:Type="Number">-10.47</Data></Cell>
			<Cell><Data ss:Type="Number">0.51</Data></Cell>
			<Cell><Data ss:Type="Number">-9.3</Data></Cell>
			<Cell><Data ss:Type="Number">-0.1</Data></Cell>
			<Cell><Data ss:Type="Number">-0.88</Data></Cell>
			<Cell><Data ss:Type="Number">22.7</Data></Cell>
			<Cell><Data ss:Type="Number">39.7</Data></Cell>
			<Cell><Data ss:Type="Number">0</Data></Cell>
			<Cell><Data ss:Type="Number">0</Data></Cell>
			<Cell><Data ss:Type="String">2023-12-07 16:43:10.879482</Data></Cell>
		</Row>
		<Row>
			<Cell><Data ss:Type="String">522</Data></Cell>
			<Cell><Data ss:Type="Number">-0.06</Data></Cell>
			<Cell><Data ss:Type="Number">-10.03</Data></Cell>
			<Cell><Data ss:Type="Number">0.27</Data></Cell>
			<Cell><Data ss:Type="Number">-9.49</Data></Cell>
			<Cell><Data ss:Type="Number">-0.1</Data></Cell>
			<Cell><Data ss:Type="Number">-0.93</Data></Cell>
			<Cell><Data ss:Type="Number">22.7</Data></Cell>
			<Cell><Data ss:Type="Number">39.7</Data></Cell>
			<Cell><Data ss:Type="Number">0</Data></Cell>
			<Cell><Data ss:Type="Number">0</Data></Cell>
			<Cell><Data ss:Type="String">2023-12-07 16:43:10.830918</Data></Cell>
		</Row>
		<Row>
			<Cell><Data ss:Type="String">521</Data></Cell>
			<Cell><Data ss:Type="Number">0.38</Data></Cell>
			<Cell><Data ss:Type="Number">-10.1</Data></Cell>
			<Cell><Data ss:Type="Number">0.09</Data></Cell>
			<Cell><Data ss:Type="Number">-9.54</Data></Cell>
			<Cell><Data ss:Type="Number">-0.02</Data></Cell>
			<Cell><Data ss:Type="Number">-0.86</Data></Cell>
			<Cell><Data ss:Type="Number">22.7</Data></Cell>
			<Cell><Data ss:Type="Number">39.7</Data></Cell>
			<Cell><Data ss:Type="Number">0</Data></Cell>
			<Cell><Data ss:Type="Number">0</Data></Cell>
			<Cell><Data ss:Type="String">2023-12-07 16:43:10.788652</Data></Cell>
		</Row>
		<Row>
			<Cell><Data ss:Type="String">520</Data></Cell>
			<Cell><Data ss:Type="Number">0.87</Data></Cell>
			<Cell><Data ss:Type="Number">-10.14</Data></Cell>
			<Cell><Data ss:Type="Number">0.03</Data></Cell>
			<Cell><Data ss:Type="Number">-9.55</Data></Cell>
			<Cell><Data ss:Type="Number">-0.08</Data></Cell>
			<Cell><Data ss:Type="Number">-0.93</Data></Cell>
			<Cell><Data ss:Type="Number">22.7</Data></Cell>
			<Cell><Data ss:Type="Number">39.7</Data></Cell>
			<Cell><Data ss:Type="Number">0</Data></Cell>
			<Cell><Data ss:Type="Number">0</Data></Cell>
			<Cell><Data ss:Type="String">2023-12-07 16:43:10.786381</Data></Cell>
		</Row>
		<Row>
			<Cell><Data ss:Type="String">519</Data></Cell>
			<Cell><Data ss:Type="Number">0.71</Data></Cell>
			<Cell><Data ss:Type="Number">-9.78</Data></Cell>
			<Cell><Data ss:Type="Number">0.08</Data></Cell>
			<Cell><Data ss:Type="Number">-9.57</Data></Cell>
			<Cell><Data ss:Type="Number">-0.11</Data></Cell>
			<Cell><Data ss:Type="Number">-0.88</Data></Cell>
			<Cell><Data ss:Type="Number">22.7</Data></Cell>
			<Cell><Data ss:Type="Number">39.7</Data></Cell>
			<Cell><Data ss:Type="Number">0</Data></Cell>
			<Cell><Data ss:Type="Number">0</Data></Cell>
			<Cell><Data ss:Type="String">2023-12-07 16:43:10.740105</Data></Cell>
		</Row>
		<Row>
			<Cell><Data ss:Type="String">518</Data></Cell>
			<Cell><Data ss:Type="Number">0.88</Data></Cell>
			<Cell><Data ss:Type="Number">-10.37</Data></Cell>
			<Cell><Data ss:Type="Number">0.25</Data></Cell>
			<Cell><Data ss:Type="Number">-9.57</Data></Cell>
			<Cell><Data ss:Type="Number">-0.02</Data></Cell>
			<Cell><Data ss:Type="Number">-0.9</Data></Cell>
			<Cell><Data ss:Type="Number">22.7</Data></Cell>
			<Cell><Data ss:Type="Number">39.7</Data></Cell>
			<Cell><Data ss:Type="Number">0</Data></Cell>
			<Cell><Data ss:Type="Number">0</Data></Cell>
			<Cell><Data ss:Type="String">2023-12-07 16:43:10.695243</Data></Cell>
		</Row>
		<Row>
			<Cell><Data ss:Type="String">517</Data></Cell>
			<Cell><Data ss:Type="Number">0.1</Data></Cell>
			<Cell><Data ss:Type="Number">-10.35</Data></Cell>
			<Cell><Data ss:Type="Number">0.36</Data></Cell>
			<Cell><Data ss:Type="Number">-9.65</Data></Cell>
			<Cell><Data ss:Type="Number">-0.07</Data></Cell>
			<Cell><Data ss:Type="Number">-0.87</Data></Cell>
			<Cell><Data ss:Type="Number">22.7</Data></Cell>
			<Cell><Data ss:Type="Number">39.7</Data></Cell>
			<Cell><Data ss:Type="Number">0</Data></Cell>
			<Cell><Data ss:Type="Number">0</Data></Cell>
			<Cell><Data ss:Type="String">2023-12-07 16:43:10.649862</Data></Cell>
		</Row>
		<Row>
			<Cell><Data ss:Type="String">516</Data></Cell>
			<Cell><Data ss:Type="Number">0.24</Data></Cell>
			<Cell><Data ss:Type="Number">-10.13</Data></Cell>
			<Cell><Data ss:Type="Number">0.05</Data></Cell>
			<Cell><Data ss:Type="Number">-9.53</Data></Cell>
			<Cell><Data ss:Type="Number">-0</Data></Cell>
			<Cell><Data ss:Type="Number">-0.86</Data></Cell>
			<Cell><Data ss:Type="Number">22.7</Data></Cell>
			<Cell><Data ss:Type="Number">39.7</Data></Cell>
			<Cell><Data ss:Type="Number">0</Data></Cell>
			<Cell><Data ss:Type="Number">0</Data></Cell>
			<Cell><Data ss:Type="String">2023-12-07 16:43:10.647913</Data></Cell>
		</Row>
		<Row>
			<Cell><Data ss:Type="String">515</Data></Cell>
			<Cell><Data ss:Type="Number">0.2</Data></Cell>
			<Cell><Data ss:Type="Number">-9.65</Data></Cell>
			<Cell><Data ss:Type="Number">0.16</Data></Cell>
			<Cell><Data ss:Type="Number">-9.36</Data></Cell>
			<Cell><Data ss:Type="Number">-0.15</Data></Cell>
			<Cell><Data ss:Type="Number">-0.92</Data></Cell>
			<Cell><Data ss:Type="Number">22.7</Data></Cell>
			<Cell><Data ss:Type="Number">39.7</Data></Cell>
			<Cell><Data ss:Type="Number">0</Data></Cell>
			<Cell><Data ss:Type="Number">0</Data></Cell>
			<Cell><Data ss:Type="String">2023-12-07 16:43:10.602130</Data></Cell>
		</Row>
		<Row>
			<Cell><Data ss:Type="String">514</Data></Cell>
			<Cell><Data ss:Type="Number">0.75</Data></Cell>
			<Cell><Data ss:Type="Number">-9.25</Data></Cell>
			<Cell><Data ss:Type="Number">0.05</Data></Cell>
			<Cell><Data ss:Type="Number">-9.47</Data></Cell>
			<Cell><Data ss:Type="Number">-0.07</Data></Cell>
			<Cell><Data ss:Type="Number">-0.95</Data></Cell>
			<Cell><Data ss:Type="Number">22.7</Data></Cell>
			<Cell><Data ss:Type="Number">39.7</Data></Cell>
			<Cell><Data ss:Type="Number">0</Data></Cell>
			<Cell><Data ss:Type="Number">0</Data></Cell>
			<Cell><Data ss:Type="String">2023-12-07 16:43:10.557956</Data></Cell>
		</Row>
		<Row>
			<Cell><Data ss:Type="String">513</Data></Cell>
			<Cell><Data ss:Type="Number">0.35</Data></Cell>
			<Cell><Data ss:Type="Number">-9.93</Data></Cell>
			<Cell><Data ss:Type="Number">0.15</Data></Cell>
			<Cell><Data ss:Type="Number">-9.47</Data></Cell>
			<Cell><Data ss:Type="Number">-0.09</Data></Cell>
			<Cell><Data ss:Type="Number">-0.97</Data></Cell>
			<Cell><Data ss:Type="Number">22.7</Data></Cell>
			<Cell><Data ss:Type="Number">39.7</Data></Cell>
			<Cell><Data ss:Type="Number">0</Data></Cell>
			<Cell><Data ss:Type="Number">0</Data></Cell>
			<Cell><Data ss:Type="String">2023-12-07 16:43:10.556006</Data></Cell>
		</Row>
		<Row>
			<Cell><Data ss:Type="String">512</Data></Cell>
			<Cell><Data ss:Type="Number">0.33</Data></Cell>
			<Cell><Data ss:Type="Number">-10.57</Data></Cell>
			<Cell><Data ss:Type="Number">0</Data></Cell>
			<Cell><Data ss:Type="Number">-9.52</Data></Cell>
			<Cell><Data ss:Type="Number">-0.05</Data></Cell>
			<Cell><Data ss:Type="Number">-0.89</Data></Cell>
			<Cell><Data ss:Type="Number">22.7</Data></Cell>
			<Cell><Data ss:Type="Number">39.7</Data></Cell>
			<Cell><Data ss:Type="Number">0</Data></Cell>
			<Cell><Data ss:Type="Number">0</Data></Cell>
			<Cell><Data ss:Type="String">2023-12-07 16:43:10.513675</Data></Cell>
		</Row>
		<Row>
			<Cell><Data ss:Type="String">511</Data></Cell>
			<Cell><Data ss:Type="Number">0.55</Data></Cell>
			<Cell><Data ss:Type="Number">-10.31</Data></Cell>
			<Cell><Data ss:Type="Number">0.27</Data></Cell>
			<Cell><Data ss:Type="Number">-9.46</Data></Cell>
			<Cell><Data ss:Type="Number">-0.04</Data></Cell>
			<Cell><Data ss:Type="Number">-0.91</Data></Cell>
			<Cell><Data ss:Type="Number">22.7</Data></Cell>
			<Cell><Data ss:Type="Number">39.7</Data></Cell>
			<Cell><Data ss:Type="Number">0</Data></Cell>
			<Cell><Data ss:Type="Number">0</Data></Cell>
			<Cell><Data ss:Type="String">2023-12-07 16:43:10.464359</Data></Cell>
		</Row>
		<Row>
			<Cell><Data ss:Type="String">510</Data></Cell>
			<Cell><Data ss:Type="Number">-0.18</Data></Cell>
			<Cell><Data ss:Type="Number">-9.63</Data></Cell>
			<Cell><Data ss:Type="Number">-0.24</Data></Cell>
			<Cell><Data ss:Type="Number">-9.34</Data></Cell>
			<Cell><Data ss:Type="Number">-0.1</Data></Cell>
			<Cell><Data ss:Type="Number">-0.93</Data></Cell>
			<Cell><Data ss:Type="Number">22.7</Data></Cell>
			<Cell><Data ss:Type="Number">39.7</Data></Cell>
			<Cell><Data ss:Type="Number">0</Data></Cell>
			<Cell><Data ss:Type="Number">0</Data></Cell>
			<Cell><Data ss:Type="String">2023-12-07 16:43:10.434416</Data></Cell>
		</Row>
		<Row>
			<Cell><Data ss:Type="String">509</Data></Cell>
			<Cell><Data ss:Type="Number">-0.16</Data></Cell>
			<Cell><Data ss:Type="Number">-10.16</Data></Cell>
			<Cell><Data ss:Type="Number">-0.57</Data></Cell>
			<Cell><Data ss:Type="Number">-9.55</Data></Cell>
			<Cell><Data ss:Type="Number">-0.08</Data></Cell>
			<Cell><Data ss:Type="Number">-0.96</Data></Cell>
			<Cell><Data ss:Type="Number">22.7</Data></Cell>
			<Cell><Data ss:Type="Number">39.7</Data></Cell>
			<Cell><Data ss:Type="Number">0</Data></Cell>
			<Cell><Data ss:Type="Number">0</Data></Cell>
			<Cell><Data ss:Type="String">2023-12-07 16:43:10.432326</Data></Cell>
		</Row>
		<Row>
			<Cell><Data ss:Type="String">508</Data></Cell>
			<Cell><Data ss:Type="Number">0.13</Data></Cell>
			<Cell><Data ss:Type="Number">-10.91</Data></Cell>
			<Cell><Data ss:Type="Number">0.11</Data></Cell>
			<Cell><Data ss:Type="Number">-9.58</Data></Cell>
			<Cell><Data ss:Type="Number">-0.11</Data></Cell>
			<Cell><Data ss:Type="Number">-0.87</Data></Cell>
			<Cell><Data ss:Type="Number">22.7</Data></Cell>
			<Cell><Data ss:Type="Number">39.7</Data></Cell>
			<Cell><Data ss:Type="Number">0</Data></Cell>
			<Cell><Data ss:Type="Number">0</Data></Cell>
			<Cell><Data ss:Type="String">2023-12-07 16:43:10.429593</Data></Cell>
		</Row>
		<Row>
			<Cell><Data ss:Type="String">507</Data></Cell>
			<Cell><Data ss:Type="Number">0.22</Data></Cell>
			<Cell><Data ss:Type="Number">-10.21</Data></Cell>
			<Cell><Data ss:Type="Number">0.1</Data></Cell>
			<Cell><Data ss:Type="Number">-9.55</Data></Cell>
			<Cell><Data ss:Type="Number">-0.04</Data></Cell>
			<Cell><Data ss:Type="Number">-0.94</Data></Cell>
			<Cell><Data ss:Type="Number">22.7</Data></Cell>
			<Cell><Data ss:Type="Number">39.7</Data></Cell>
			<Cell><Data ss:Type="Number">0</Data></Cell>
			<Cell><Data ss:Type="Number">0</Data></Cell>
			<Cell><Data ss:Type="String">2023-12-07 16:43:10.426509</Data></Cell>
		</Row>
		<Row>
			<Cell><Data ss:Type="String">506</Data></Cell>
			<Cell><Data ss:Type="Number">0.22</Data></Cell>
			<Cell><Data ss:Type="Number">-10.16</Data></Cell>
			<Cell><Data ss:Type="Number">-0.22</Data></Cell>
			<Cell><Data ss:Type="Number">-9.37</Data></Cell>
			<Cell><Data ss:Type="Number">-0.07</Data></Cell>
			<Cell><Data ss:Type="Number">-0.93</Data></Cell>
			<Cell><Data ss:Type="Number">22.7</Data></Cell>
			<Cell><Data ss:Type="Number">39.7</Data></Cell>
			<Cell><Data ss:Type="Number">0</Data></Cell>
			<Cell><Data ss:Type="Number">0</Data></Cell>
			<Cell><Data ss:Type="String">2023-12-07 16:43:10.423939</Data></Cell>
		</Row>
		<Row>
			<Cell><Data ss:Type="String">505</Data></Cell>
			<Cell><Data ss:Type="Number">0.43</Data></Cell>
			<Cell><Data ss:Type="Number">-10.8</Data></Cell>
			<Cell><Data ss:Type="Number">0.37</Data></Cell>
			<Cell><Data ss:Type="Number">-9.47</Data></Cell>
			<Cell><Data ss:Type="Number">-0.05</Data></Cell>
			<Cell><Data ss:Type="Number">-0.97</Data></Cell>
			<Cell><Data ss:Type="Number">22.7</Data></Cell>
			<Cell><Data ss:Type="Number">39.7</Data></Cell>
			<Cell><Data ss:Type="Number">0</Data></Cell>
			<Cell><Data ss:Type="Number">0</Data></Cell>
			<Cell><Data ss:Type="String">2023-12-07 16:43:10.421710</Data></Cell>
		</Row>
		<Row>
			<Cell><Data ss:Type="String">504</Data></Cell>
			<Cell><Data ss:Type="Number">0.17</Data></Cell>
			<Cell><Data ss:Type="Number">-10.01</Data></Cell>
			<Cell><Data ss:Type="Number">-0.05</Data></Cell>
			<Cell><Data ss:Type="Number">-9.45</Data></Cell>
			<Cell><Data ss:Type="Number">-0.08</Data></Cell>
			<Cell><Data ss:Type="Number">-0.96</Data></Cell>
			<Cell><Data ss:Type="Number">22.7</Data></Cell>
			<Cell><Data ss:Type="Number">39.7</Data></Cell>
			<Cell><Data ss:Type="Number">0</Data></Cell>
			<Cell><Data ss:Type="Number">0</Data></Cell>
			<Cell><Data ss:Type="String">2023-12-07 16:43:10.419442</Data></Cell>
		</Row>
		<Row>
			<Cell><Data ss:Type="String">503</Data></Cell>
			<Cell><Data ss:Type="Number">0.16</Data></Cell>
			<Cell><Data ss:Type="Number">-10.21</Data></Cell>
			<Cell><Data ss:Type="Number">0.3</Data></Cell>
			<Cell><Data ss:Type="Number">-9.52</Data></Cell>
			<Cell><Data ss:Type="Number">-0.06</Data></Cell>
			<Cell><Data ss:Type="Number">-0.85</Data></Cell>
			<Cell><Data ss:Type="Number">22.7</Data></Cell>
			<Cell><Data ss:Type="Number">39.7</Data></Cell>
			<Cell><Data ss:Type="Number">0</Data></Cell>
			<Cell><Data ss:Type="Number">0</Data></Cell>
			<Cell><Data ss:Type="String">2023-12-07 16:43:10.415249</Data></Cell>
		</Row>
		<Row>
			<Cell><Data ss:Type="String">502</Data></Cell>
			<Cell><Data ss:Type="Number">0.44</Data></Cell>
			<Cell><Data ss:Type="Number">-10.21</Data></Cell>
			<Cell><Data ss:Type="Number">0.11</Data></Cell>
			<Cell><Data ss:Type="Number">-9.42</Data></Cell>
			<Cell><Data ss:Type="Number">-0.1</Data></Cell>
			<Cell><Data ss:Type="Number">-0.98</Data></Cell>
			<Cell><Data ss:Type="Number">22.7</Data></Cell>
			<Cell><Data ss:Type="Number">39.7</Data></Cell>
			<Cell><Data ss:Type="Number">0</Data></Cell>
			<Cell><Data ss:Type="Number">0</Data></Cell>
			<Cell><Data ss:Type="String">2023-12-07 16:43:10.176454</Data></Cell>
		</Row>
		<Row>
			<Cell><Data ss:Type="String">501</Data></Cell>
			<Cell><Data ss:Type="Number">-0.05</Data></Cell>
			<Cell><Data ss:Type="Number">-9.89</Data></Cell>
			<Cell><Data ss:Type="Number">0.1</Data></Cell>
			<Cell><Data ss:Type="Number">-9.48</Data></Cell>
			<Cell><Data ss:Type="Number">-0.02</Data></Cell>
			<Cell><Data ss:Type="Number">-0.91</Data></Cell>
			<Cell><Data ss:Type="Number">22.7</Data></Cell>
			<Cell><Data ss:Type="Number">39.7</Data></Cell>
			<Cell><Data ss:Type="Number">0</Data></Cell>
			<Cell><Data ss:Type="Number">0</Data></Cell>
			<Cell><Data ss:Type="String">2023-12-07 16:43:10.174376</Data></Cell>
		</Row>
		<Row>
			<Cell><Data ss:Type="String">500</Data></Cell>
			<Cell><Data ss:Type="Number">-0.11</Data></Cell>
			<Cell><Data ss:Type="Number">-9.89</Data></Cell>
			<Cell><Data ss:Type="Number">0.25</Data></Cell>
			<Cell><Data ss:Type="Number">-9.36</Data></Cell>
			<Cell><Data ss:Type="Number">-0.09</Data></Cell>
			<Cell><Data ss:Type="Number">-0.92</Data></Cell>
			<Cell><Data ss:Type="Number">22.7</Data></Cell>
			<Cell><Data ss:Type="Number">39.7</Data></Cell>
			<Cell><Data ss:Type="Number">0</Data></Cell>
			<Cell><Data ss:Type="Number">0</Data></Cell>
			<Cell><Data ss:Type="String">2023-12-07 16:43:10.172636</Data></Cell>
		</Row>
		<Row>
			<Cell><Data ss:Type="String">499</Data></Cell>
			<Cell><Data ss:Type="Number">0.29</Data></Cell>
			<Cell><Data ss:Type="Number">-9.54</Data></Cell>
			<Cell><Data ss:Type="Number">0.31</Data></Cell>
			<Cell><Data ss:Type="Number">-9.32</Data></Cell>
			<Cell><Data ss:Type="Number">-0.1</Data></Cell>
			<Cell><Data ss:Type="Number">-0.91</Data></Cell>
			<Cell><Data ss:Type="Number">22.7</Data></Cell>
			<Cell><Data ss:Type="Number">39.7</Data></Cell>
			<Cell><Data ss:Type="Number">0</Data></Cell>
			<Cell><Data ss:Type="Number">0</Data></Cell>
			<Cell><Data ss:Type="String">2023-12-07 16:43:10.170712</Data></Cell>
		</Row>
		<Row>
			<Cell><Data ss:Type="String">498</Data></Cell>
			<Cell><Data ss:Type="Number">0.24</Data></Cell>
			<Cell><Data ss:Type="Number">-10.44</Data></Cell>
			<Cell><Data ss:Type="Number">0.26</Data></Cell>
			<Cell><Data ss:Type="Number">-9.57</Data></Cell>
			<Cell><Data ss:Type="Number">0.01</Data></Cell>
			<Cell><Data ss:Type="Number">-0.88</Data></Cell>
			<Cell><Data ss:Type="Number">22.7</Data></Cell>
			<Cell><Data ss:Type="Number">39.7</Data></Cell>
			<Cell><Data ss:Type="Number">0</Data></Cell>
			<Cell><Data ss:Type="Number">0</Data></Cell>
			<Cell><Data ss:Type="String">2023-12-07 16:43:10.168998</Data></Cell>
		</Row>
		<Row>
			<Cell><Data ss:Type="String">497</Data></Cell>
			<Cell><Data ss:Type="Number">0.52</Data></Cell>
			<Cell><Data ss:Type="Number">-9.74</Data></Cell>
			<Cell><Data ss:Type="Number">0.37</Data></Cell>
			<Cell><Data ss:Type="Number">-9.37</Data></Cell>
			<Cell><Data ss:Type="Number">-0.11</Data></Cell>
			<Cell><Data ss:Type="Number">-0.96</Data></Cell>
			<Cell><Data ss:Type="Number">22.7</Data></Cell>
			<Cell><Data ss:Type="Number">39.7</Data></Cell>
			<Cell><Data ss:Type="Number">0</Data></Cell>
			<Cell><Data ss:Type="Number">0</Data></Cell>
			<Cell><Data ss:Type="String">2023-12-07 16:43:10.004770</Data></Cell>
		</Row>
		<Row>
			<Cell><Data ss:Type="String">496</Data></Cell>
			<Cell><Data ss:Type="Number">0.06</Data></Cell>
			<Cell><Data ss:Type="Number">-10.32</Data></Cell>
			<Cell><Data ss:Type="Number">0.35</Data></Cell>
			<Cell><Data ss:Type="Number">-9.49</Data></Cell>
			<Cell><Data ss:Type="Number">-0.03</Data></Cell>
			<Cell><Data ss:Type="Number">-0.84</Data></Cell>
			<Cell><Data ss:Type="Number">22.7</Data></Cell>
			<Cell><Data ss:Type="Number">39.7</Data></Cell>
			<Cell><Data ss:Type="Number">0</Data></Cell>
			<Cell><Data ss:Type="Number">0</Data></Cell>
			<Cell><Data ss:Type="String">2023-12-07 16:43:09.961935</Data></Cell>
		</Row>
		<Row>
			<Cell><Data ss:Type="String">495</Data></Cell>
			<Cell><Data ss:Type="Number">-0.22</Data></Cell>
			<Cell><Data ss:Type="Number">-10.38</Data></Cell>
			<Cell><Data ss:Type="Number">-0.03</Data></Cell>
			<Cell><Data ss:Type="Number">-9.61</Data></Cell>
			<Cell><Data ss:Type="Number">-0.07</Data></Cell>
			<Cell><Data ss:Type="Number">-1.03</Data></Cell>
			<Cell><Data ss:Type="Number">22.7</Data></Cell>
			<Cell><Data ss:Type="Number">39.7</Data></Cell>
			<Cell><Data ss:Type="Number">0</Data></Cell>
			<Cell><Data ss:Type="Number">0</Data></Cell>
			<Cell><Data ss:Type="String">2023-12-07 16:43:09.959543</Data></Cell>
		</Row>
		<Row>
			<Cell><Data ss:Type="String">494</Data></Cell>
			<Cell><Data ss:Type="Number">0.38</Data></Cell>
			<Cell><Data ss:Type="Number">-10.2</Data></Cell>
			<Cell><Data ss:Type="Number">0.34</Data></Cell>
			<Cell><Data ss:Type="Number">-9.44</Data></Cell>
			<Cell><Data ss:Type="Number">0</Data></Cell>
			<Cell><Data ss:Type="Number">-0.84</Data></Cell>
			<Cell><Data ss:Type="Number">22.7</Data></Cell>
			<Cell><Data ss:Type="Number">39.7</Data></Cell>
			<Cell><Data ss:Type="Number">0</Data></Cell>
			<Cell><Data ss:Type="Number">0</Data></Cell>
			<Cell><Data ss:Type="String">2023-12-07 16:43:09.912449</Data></Cell>
		</Row>
		<Row>
			<Cell><Data ss:Type="String">493</Data></Cell>
			<Cell><Data ss:Type="Number">0.54</Data></Cell>
			<Cell><Data ss:Type="Number">-9.76</Data></Cell>
			<Cell><Data ss:Type="Number">0.44</Data></Cell>
			<Cell><Data ss:Type="Number">-9.49</Data></Cell>
			<Cell><Data ss:Type="Number">-0.27</Data></Cell>
			<Cell><Data ss:Type="Number">-0.98</Data></Cell>
			<Cell><Data ss:Type="Number">22.7</Data></Cell>
			<Cell><Data ss:Type="Number">39.7</Data></Cell>
			<Cell><Data ss:Type="Number">0</Data></Cell>
			<Cell><Data ss:Type="Number">0</Data></Cell>
			<Cell><Data ss:Type="String">2023-12-07 16:43:09.866452</Data></Cell>
		</Row>
		<Row>
			<Cell><Data ss:Type="String">492</Data></Cell>
			<Cell><Data ss:Type="Number">0.31</Data></Cell>
			<Cell><Data ss:Type="Number">-10.26</Data></Cell>
			<Cell><Data ss:Type="Number">0.29</Data></Cell>
			<Cell><Data ss:Type="Number">-9.5</Data></Cell>
			<Cell><Data ss:Type="Number">0.03</Data></Cell>
			<Cell><Data ss:Type="Number">-0.9</Data></Cell>
			<Cell><Data ss:Type="Number">22.7</Data></Cell>
			<Cell><Data ss:Type="Number">39.7</Data></Cell>
			<Cell><Data ss:Type="Number">0</Data></Cell>
			<Cell><Data ss:Type="Number">0</Data></Cell>
			<Cell><Data ss:Type="String">2023-12-07 16:43:09.815984</Data></Cell>
		</Row>
		<Row>
			<Cell><Data ss:Type="String">491</Data></Cell>
			<Cell><Data ss:Type="Number">-0.44</Data></Cell>
			<Cell><Data ss:Type="Number">-9.51</Data></Cell>
			<Cell><Data ss:Type="Number">-0.06</Data></Cell>
			<Cell><Data ss:Type="Number">-9.44</Data></Cell>
			<Cell><Data ss:Type="Number">0.3</Data></Cell>
			<Cell><Data ss:Type="Number">-0.96</Data></Cell>
			<Cell><Data ss:Type="Number">22.7</Data></Cell>
			<Cell><Data ss:Type="Number">39.7</Data></Cell>
			<Cell><Data ss:Type="Number">0</Data></Cell>
			<Cell><Data ss:Type="Number">0</Data></Cell>
			<Cell><Data ss:Type="String">2023-12-07 16:43:09.813136</Data></Cell>
		</Row>
		<Row>
			<Cell><Data ss:Type="String">490</Data></Cell>
			<Cell><Data ss:Type="Number">1.14</Data></Cell>
			<Cell><Data ss:Type="Number">-9.96</Data></Cell>
			<Cell><Data ss:Type="Number">0.64</Data></Cell>
			<Cell><Data ss:Type="Number">-9.49</Data></Cell>
			<Cell><Data ss:Type="Number">-0.32</Data></Cell>
			<Cell><Data ss:Type="Number">-1.01</Data></Cell>
			<Cell><Data ss:Type="Number">22.7</Data></Cell>
			<Cell><Data ss:Type="Number">39.7</Data></Cell>
			<Cell><Data ss:Type="Number">0</Data></Cell>
			<Cell><Data ss:Type="Number">0</Data></Cell>
			<Cell><Data ss:Type="String">2023-12-07 16:43:09.811411</Data></Cell>
		</Row>
		<Row>
			<Cell><Data ss:Type="String">489</Data></Cell>
			<Cell><Data ss:Type="Number">0.21</Data></Cell>
			<Cell><Data ss:Type="Number">-10.17</Data></Cell>
			<Cell><Data ss:Type="Number">0.43</Data></Cell>
			<Cell><Data ss:Type="Number">-9.51</Data></Cell>
			<Cell><Data ss:Type="Number">-0.38</Data></Cell>
			<Cell><Data ss:Type="Number">-0.77</Data></Cell>
			<Cell><Data ss:Type="Number">22.7</Data></Cell>
			<Cell><Data ss:Type="Number">39.7</Data></Cell>
			<Cell><Data ss:Type="Number">0</Data></Cell>
			<Cell><Data ss:Type="Number">0</Data></Cell>
			<Cell><Data ss:Type="String">2023-12-07 16:43:09.808516</Data></Cell>
		</Row>
		<Row>
			<Cell><Data ss:Type="String">488</Data></Cell>
			<Cell><Data ss:Type="Number">3.29</Data></Cell>
			<Cell><Data ss:Type="Number">-10.78</Data></Cell>
			<Cell><Data ss:Type="Number">-0.76</Data></Cell>
			<Cell><Data ss:Type="Number">-9.73</Data></Cell>
			<Cell><Data ss:Type="Number">1.15</Data></Cell>
			<Cell><Data ss:Type="Number">-1.12</Data></Cell>
			<Cell><Data ss:Type="Number">22.7</Data></Cell>
			<Cell><Data ss:Type="Number">39.7</Data></Cell>
			<Cell><Data ss:Type="Number">0</Data></Cell>
			<Cell><Data ss:Type="Number">0</Data></Cell>
			<Cell><Data ss:Type="String">2023-12-07 16:43:09.806644</Data></Cell>
		</Row>
		<Row>
			<Cell><Data ss:Type="String">487</Data></Cell>
			<Cell><Data ss:Type="Number">2.12</Data></Cell>
			<Cell><Data ss:Type="Number">-9.11</Data></Cell>
			<Cell><Data ss:Type="Number">2.49</Data></Cell>
			<Cell><Data ss:Type="Number">-9.18</Data></Cell>
			<Cell><Data ss:Type="Number">-0.49</Data></Cell>
			<Cell><Data ss:Type="Number">-0.83</Data></Cell>
			<Cell><Data ss:Type="Number">22.7</Data></Cell>
			<Cell><Data ss:Type="Number">39.7</Data></Cell>
			<Cell><Data ss:Type="Number">0</Data></Cell>
			<Cell><Data ss:Type="Number">0</Data></Cell>
			<Cell><Data ss:Type="String">2023-12-07 16:43:09.805077</Data></Cell>
		</Row>
		<Row>
			<Cell><Data ss:Type="String">486</Data></Cell>
			<Cell><Data ss:Type="Number">4.25</Data></Cell>
			<Cell><Data ss:Type="Number">-9.51</Data></Cell>
			<Cell><Data ss:Type="Number">2.85</Data></Cell>
			<Cell><Data ss:Type="Number">-11.22</Data></Cell>
			<Cell><Data ss:Type="Number">-2.2</Data></Cell>
			<Cell><Data ss:Type="Number">-0.45</Data></Cell>
			<Cell><Data ss:Type="Number">22.7</Data></Cell>
			<Cell><Data ss:Type="Number">39.7</Data></Cell>
			<Cell><Data ss:Type="Number">0</Data></Cell>
			<Cell><Data ss:Type="Number">0</Data></Cell>
			<Cell><Data ss:Type="String">2023-12-07 16:43:09.803285</Data></Cell>
		</Row>
		<Row>
			<Cell><Data ss:Type="String">485</Data></Cell>
			<Cell><Data ss:Type="Number">0.36</Data></Cell>
			<Cell><Data ss:Type="Number">-10.17</Data></Cell>
			<Cell><Data ss:Type="Number">0.15</Data></Cell>
			<Cell><Data ss:Type="Number">-9.53</Data></Cell>
			<Cell><Data ss:Type="Number">-0.08</Data></Cell>
			<Cell><Data ss:Type="Number">-0.9</Data></Cell>
			<Cell><Data ss:Type="Number">22.7</Data></Cell>
			<Cell><Data ss:Type="Number">39.7</Data></Cell>
			<Cell><Data ss:Type="Number">0</Data></Cell>
			<Cell><Data ss:Type="Number">0</Data></Cell>
			<Cell><Data ss:Type="String">2023-12-07 16:43:09.801340</Data></Cell>
		</Row>
		<Row>
			<Cell><Data ss:Type="String">484</Data></Cell>
			<Cell><Data ss:Type="Number">0.35</Data></Cell>
			<Cell><Data ss:Type="Number">-10.25</Data></Cell>
			<Cell><Data ss:Type="Number">0.11</Data></Cell>
			<Cell><Data ss:Type="Number">-9.49</Data></Cell>
			<Cell><Data ss:Type="Number">-0.07</Data></Cell>
			<Cell><Data ss:Type="Number">-0.89</Data></Cell>
			<Cell><Data ss:Type="Number">22.7</Data></Cell>
			<Cell><Data ss:Type="Number">39.7</Data></Cell>
			<Cell><Data ss:Type="Number">0</Data></Cell>
			<Cell><Data ss:Type="Number">0</Data></Cell>
			<Cell><Data ss:Type="String">2023-12-07 16:43:09.562142</Data></Cell>
		</Row>
		<Row>
			<Cell><Data ss:Type="String">483</Data></Cell>
			<Cell><Data ss:Type="Number">0.32</Data></Cell>
			<Cell><Data ss:Type="Number">-10</Data></Cell>
			<Cell><Data ss:Type="Number">0.14</Data></Cell>
			<Cell><Data ss:Type="Number">-9.42</Data></Cell>
			<Cell><Data ss:Type="Number">-0.07</Data></Cell>
			<Cell><Data ss:Type="Number">-0.91</Data></Cell>
			<Cell><Data ss:Type="Number">22.7</Data></Cell>
			<Cell><Data ss:Type="Number">39.7</Data></Cell>
			<Cell><Data ss:Type="Number">0</Data></Cell>
			<Cell><Data ss:Type="Number">0</Data></Cell>
			<Cell><Data ss:Type="String">2023-12-07 16:43:09.559380</Data></Cell>
		</Row>
		<Row>
			<Cell><Data ss:Type="String">482</Data></Cell>
			<Cell><Data ss:Type="Number">0.3</Data></Cell>
			<Cell><Data ss:Type="Number">-9.96</Data></Cell>
			<Cell><Data ss:Type="Number">0.1</Data></Cell>
			<Cell><Data ss:Type="Number">-9.44</Data></Cell>
			<Cell><Data ss:Type="Number">-0.06</Data></Cell>
			<Cell><Data ss:Type="Number">-0.92</Data></Cell>
			<Cell><Data ss:Type="Number">22.7</Data></Cell>
			<Cell><Data ss:Type="Number">39.7</Data></Cell>
			<Cell><Data ss:Type="Number">0</Data></Cell>
			<Cell><Data ss:Type="Number">0</Data></Cell>
			<Cell><Data ss:Type="String">2023-12-07 16:43:09.557306</Data></Cell>
		</Row>
		<Row>
			<Cell><Data ss:Type="String">481</Data></Cell>
			<Cell><Data ss:Type="Number">0.31</Data></Cell>
			<Cell><Data ss:Type="Number">-10.03</Data></Cell>
			<Cell><Data ss:Type="Number">0.07</Data></Cell>
			<Cell><Data ss:Type="Number">-9.5</Data></Cell>
			<Cell><Data ss:Type="Number">-0.07</Data></Cell>
			<Cell><Data ss:Type="Number">-0.96</Data></Cell>
			<Cell><Data ss:Type="Number">22.7</Data></Cell>
			<Cell><Data ss:Type="Number">39.7</Data></Cell>
			<Cell><Data ss:Type="Number">0</Data></Cell>
			<Cell><Data ss:Type="Number">0</Data></Cell>
			<Cell><Data ss:Type="String">2023-12-07 16:43:09.555297</Data></Cell>
		</Row>
		<Row>
			<Cell><Data ss:Type="String">480</Data></Cell>
			<Cell><Data ss:Type="Number">0.29</Data></Cell>
			<Cell><Data ss:Type="Number">-9.97</Data></Cell>
			<Cell><Data ss:Type="Number">0.13</Data></Cell>
			<Cell><Data ss:Type="Number">-9.44</Data></Cell>
			<Cell><Data ss:Type="Number">-0.08</Data></Cell>
			<Cell><Data ss:Type="Number">-0.93</Data></Cell>
			<Cell><Data ss:Type="Number">22.7</Data></Cell>
			<Cell><Data ss:Type="Number">39.7</Data></Cell>
			<Cell><Data ss:Type="Number">0</Data></Cell>
			<Cell><Data ss:Type="Number">0</Data></Cell>
			<Cell><Data ss:Type="String">2023-12-07 16:43:09.553414</Data></Cell>
		</Row>
		<Row>
			<Cell><Data ss:Type="String">479</Data></Cell>
			<Cell><Data ss:Type="Number">0.21</Data></Cell>
			<Cell><Data ss:Type="Number">-9.95</Data></Cell>
			<Cell><Data ss:Type="Number">-0.02</Data></Cell>
			<Cell><Data ss:Type="Number">-9.5</Data></Cell>
			<Cell><Data ss:Type="Number">-0.07</Data></Cell>
			<Cell><Data ss:Type="Number">-0.93</Data></Cell>
			<Cell><Data ss:Type="Number">22.7</Data></Cell>
			<Cell><Data ss:Type="Number">39.7</Data></Cell>
			<Cell><Data ss:Type="Number">0</Data></Cell>
			<Cell><Data ss:Type="Number">0</Data></Cell>
			<Cell><Data ss:Type="String">2023-12-07 16:43:09.364731</Data></Cell>
		</Row>
		<Row>
			<Cell><Data ss:Type="String">478</Data></Cell>
			<Cell><Data ss:Type="Number">0.31</Data></Cell>
			<Cell><Data ss:Type="Number">-10.17</Data></Cell>
			<Cell><Data ss:Type="Number">0.18</Data></Cell>
			<Cell><Data ss:Type="Number">-9.53</Data></Cell>
			<Cell><Data ss:Type="Number">-0.08</Data></Cell>
			<Cell><Data ss:Type="Number">-0.91</Data></Cell>
			<Cell><Data ss:Type="Number">22.7</Data></Cell>
			<Cell><Data ss:Type="Number">39.7</Data></Cell>
			<Cell><Data ss:Type="Number">0</Data></Cell>
			<Cell><Data ss:Type="Number">0</Data></Cell>
			<Cell><Data ss:Type="String">2023-12-07 16:43:09.362576</Data></Cell>
		</Row>
		<Row>
			<Cell><Data ss:Type="String">477</Data></Cell>
			<Cell><Data ss:Type="Number">0.37</Data></Cell>
			<Cell><Data ss:Type="Number">-10.23</Data></Cell>
			<Cell><Data ss:Type="Number">0.2</Data></Cell>
			<Cell><Data ss:Type="Number">-9.49</Data></Cell>
			<Cell><Data ss:Type="Number">-0.05</Data></Cell>
			<Cell><Data ss:Type="Number">-0.9</Data></Cell>
			<Cell><Data ss:Type="Number">22.7</Data></Cell>
			<Cell><Data ss:Type="Number">39.7</Data></Cell>
			<Cell><Data ss:Type="Number">0</Data></Cell>
			<Cell><Data ss:Type="Number">0</Data></Cell>
			<Cell><Data ss:Type="String">2023-12-07 16:43:09.314888</Data></Cell>
		</Row>
		<Row>
			<Cell><Data ss:Type="String">476</Data></Cell>
			<Cell><Data ss:Type="Number">0.25</Data></Cell>
			<Cell><Data ss:Type="Number">-10.16</Data></Cell>
			<Cell><Data ss:Type="Number">0.29</Data></Cell>
			<Cell><Data ss:Type="Number">-9.44</Data></Cell>
			<Cell><Data ss:Type="Number">-0.05</Data></Cell>
			<Cell><Data ss:Type="Number">-0.93</Data></Cell>
			<Cell><Data ss:Type="Number">22.7</Data></Cell>
			<Cell><Data ss:Type="Number">39.7</Data></Cell>
			<Cell><Data ss:Type="Number">0</Data></Cell>
			<Cell><Data ss:Type="Number">0</Data></Cell>
			<Cell><Data ss:Type="String">2023-12-07 16:43:09.272847</Data></Cell>
		</Row>
		<Row>
			<Cell><Data ss:Type="String">475</Data></Cell>
			<Cell><Data ss:Type="Number">0.33</Data></Cell>
			<Cell><Data ss:Type="Number">-10.08</Data></Cell>
			<Cell><Data ss:Type="Number">0.09</Data></Cell>
			<Cell><Data ss:Type="Number">-9.47</Data></Cell>
			<Cell><Data ss:Type="Number">-0.08</Data></Cell>
			<Cell><Data ss:Type="Number">-0.92</Data></Cell>
			<Cell><Data ss:Type="Number">22.7</Data></Cell>
			<Cell><Data ss:Type="Number">39.7</Data></Cell>
			<Cell><Data ss:Type="Number">0</Data></Cell>
			<Cell><Data ss:Type="Number">0</Data></Cell>
			<Cell><Data ss:Type="String">2023-12-07 16:43:09.270908</Data></Cell>
		</Row>
		<Row>
			<Cell><Data ss:Type="String">474</Data></Cell>
			<Cell><Data ss:Type="Number">0.27</Data></Cell>
			<Cell><Data ss:Type="Number">-10.18</Data></Cell>
			<Cell><Data ss:Type="Number">0.14</Data></Cell>
			<Cell><Data ss:Type="Number">-9.53</Data></Cell>
			<Cell><Data ss:Type="Number">-0.06</Data></Cell>
			<Cell><Data ss:Type="Number">-0.89</Data></Cell>
			<Cell><Data ss:Type="Number">22.7</Data></Cell>
			<Cell><Data ss:Type="Number">39.7</Data></Cell>
			<Cell><Data ss:Type="Number">0</Data></Cell>
			<Cell><Data ss:Type="Number">0</Data></Cell>
			<Cell><Data ss:Type="String">2023-12-07 16:43:09.215447</Data></Cell>
		</Row>
		<Row>
			<Cell><Data ss:Type="String">473</Data></Cell>
			<Cell><Data ss:Type="Number">0.23</Data></Cell>
			<Cell><Data ss:Type="Number">-10.16</Data></Cell>
			<Cell><Data ss:Type="Number">0.2</Data></Cell>
			<Cell><Data ss:Type="Number">-9.52</Data></Cell>
			<Cell><Data ss:Type="Number">-0.07</Data></Cell>
			<Cell><Data ss:Type="Number">-0.9</Data></Cell>
			<Cell><Data ss:Type="Number">22.7</Data></Cell>
			<Cell><Data ss:Type="Number">39.7</Data></Cell>
			<Cell><Data ss:Type="Number">0</Data></Cell>
			<Cell><Data ss:Type="Number">0</Data></Cell>
			<Cell><Data ss:Type="String">2023-12-07 16:43:09.212291</Data></Cell>
		</Row>
		<Row>
			<Cell><Data ss:Type="String">472</Data></Cell>
			<Cell><Data ss:Type="Number">0.26</Data></Cell>
			<Cell><Data ss:Type="Number">-9.98</Data></Cell>
			<Cell><Data ss:Type="Number">0.13</Data></Cell>
			<Cell><Data ss:Type="Number">-9.42</Data></Cell>
			<Cell><Data ss:Type="Number">-0.07</Data></Cell>
			<Cell><Data ss:Type="Number">-0.9</Data></Cell>
			<Cell><Data ss:Type="Number">22.7</Data></Cell>
			<Cell><Data ss:Type="Number">39.7</Data></Cell>
			<Cell><Data ss:Type="Number">0</Data></Cell>
			<Cell><Data ss:Type="Number">0</Data></Cell>
			<Cell><Data ss:Type="String">2023-12-07 16:43:09.160508</Data></Cell>
		</Row>
		<Row>
			<Cell><Data ss:Type="String">471</Data></Cell>
			<Cell><Data ss:Type="Number">0.26</Data></Cell>
			<Cell><Data ss:Type="Number">-10.01</Data></Cell>
			<Cell><Data ss:Type="Number">0.07</Data></Cell>
			<Cell><Data ss:Type="Number">-9.45</Data></Cell>
			<Cell><Data ss:Type="Number">-0.08</Data></Cell>
			<Cell><Data ss:Type="Number">-0.94</Data></Cell>
			<Cell><Data ss:Type="Number">22.7</Data></Cell>
			<Cell><Data ss:Type="Number">39.7</Data></Cell>
			<Cell><Data ss:Type="Number">0</Data></Cell>
			<Cell><Data ss:Type="Number">0</Data></Cell>
			<Cell><Data ss:Type="String">2023-12-07 16:43:09.114883</Data></Cell>
		</Row>
		<Row>
			<Cell><Data ss:Type="String">470</Data></Cell>
			<Cell><Data ss:Type="Number">0.27</Data></Cell>
			<Cell><Data ss:Type="Number">-9.96</Data></Cell>
			<Cell><Data ss:Type="Number">0.16</Data></Cell>
			<Cell><Data ss:Type="Number">-9.49</Data></Cell>
			<Cell><Data ss:Type="Number">-0.08</Data></Cell>
			<Cell><Data ss:Type="Number">-0.92</Data></Cell>
			<Cell><Data ss:Type="Number">22.7</Data></Cell>
			<Cell><Data ss:Type="Number">39.7</Data></Cell>
			<Cell><Data ss:Type="Number">0</Data></Cell>
			<Cell><Data ss:Type="Number">0</Data></Cell>
			<Cell><Data ss:Type="String">2023-12-07 16:43:09.073896</Data></Cell>
		</Row>
		<Row>
			<Cell><Data ss:Type="String">469</Data></Cell>
			<Cell><Data ss:Type="Number">0.26</Data></Cell>
			<Cell><Data ss:Type="Number">-10.22</Data></Cell>
			<Cell><Data ss:Type="Number">0.15</Data></Cell>
			<Cell><Data ss:Type="Number">-9.55</Data></Cell>
			<Cell><Data ss:Type="Number">-0.07</Data></Cell>
			<Cell><Data ss:Type="Number">-0.92</Data></Cell>
			<Cell><Data ss:Type="Number">22.7</Data></Cell>
			<Cell><Data ss:Type="Number">39.7</Data></Cell>
			<Cell><Data ss:Type="Number">0</Data></Cell>
			<Cell><Data ss:Type="Number">0</Data></Cell>
			<Cell><Data ss:Type="String">2023-12-07 16:43:09.071928</Data></Cell>
		</Row>
		<Row>
			<Cell><Data ss:Type="String">468</Data></Cell>
			<Cell><Data ss:Type="Number">0.32</Data></Cell>
			<Cell><Data ss:Type="Number">-10.22</Data></Cell>
			<Cell><Data ss:Type="Number">0.25</Data></Cell>
			<Cell><Data ss:Type="Number">-9.45</Data></Cell>
			<Cell><Data ss:Type="Number">-0.07</Data></Cell>
			<Cell><Data ss:Type="Number">-0.91</Data></Cell>
			<Cell><Data ss:Type="Number">22.7</Data></Cell>
			<Cell><Data ss:Type="Number">39.7</Data></Cell>
			<Cell><Data ss:Type="Number">0</Data></Cell>
			<Cell><Data ss:Type="Number">0</Data></Cell>
			<Cell><Data ss:Type="String">2023-12-07 16:43:09.021572</Data></Cell>
		</Row>
		<Row>
			<Cell><Data ss:Type="String">467</Data></Cell>
			<Cell><Data ss:Type="Number">0.42</Data></Cell>
			<Cell><Data ss:Type="Number">-9.95</Data></Cell>
			<Cell><Data ss:Type="Number">0.01</Data></Cell>
			<Cell><Data ss:Type="Number">-9.42</Data></Cell>
			<Cell><Data ss:Type="Number">-0.06</Data></Cell>
			<Cell><Data ss:Type="Number">-0.94</Data></Cell>
			<Cell><Data ss:Type="Number">22.7</Data></Cell>
			<Cell><Data ss:Type="Number">39.7</Data></Cell>
			<Cell><Data ss:Type="Number">0</Data></Cell>
			<Cell><Data ss:Type="Number">0</Data></Cell>
			<Cell><Data ss:Type="String">2023-12-07 16:43:08.976791</Data></Cell>
		</Row>
		<Row>
			<Cell><Data ss:Type="String">466</Data></Cell>
			<Cell><Data ss:Type="Number">0.34</Data></Cell>
			<Cell><Data ss:Type="Number">-10.15</Data></Cell>
			<Cell><Data ss:Type="Number">0.26</Data></Cell>
			<Cell><Data ss:Type="Number">-9.47</Data></Cell>
			<Cell><Data ss:Type="Number">-0.08</Data></Cell>
			<Cell><Data ss:Type="Number">-0.95</Data></Cell>
			<Cell><Data ss:Type="Number">22.7</Data></Cell>
			<Cell><Data ss:Type="Number">39.7</Data></Cell>
			<Cell><Data ss:Type="Number">0</Data></Cell>
			<Cell><Data ss:Type="Number">0</Data></Cell>
			<Cell><Data ss:Type="String">2023-12-07 16:43:08.934641</Data></Cell>
		</Row>
		<Row>
			<Cell><Data ss:Type="String">465</Data></Cell>
			<Cell><Data ss:Type="Number">0.31</Data></Cell>
			<Cell><Data ss:Type="Number">-10.14</Data></Cell>
			<Cell><Data ss:Type="Number">0.16</Data></Cell>
			<Cell><Data ss:Type="Number">-9.52</Data></Cell>
			<Cell><Data ss:Type="Number">-0.07</Data></Cell>
			<Cell><Data ss:Type="Number">-0.91</Data></Cell>
			<Cell><Data ss:Type="Number">22.7</Data></Cell>
			<Cell><Data ss:Type="Number">39.7</Data></Cell>
			<Cell><Data ss:Type="Number">0</Data></Cell>
			<Cell><Data ss:Type="Number">0</Data></Cell>
			<Cell><Data ss:Type="String">2023-12-07 16:43:08.933004</Data></Cell>
		</Row>
		<Row>
			<Cell><Data ss:Type="String">464</Data></Cell>
			<Cell><Data ss:Type="Number">0.25</Data></Cell>
			<Cell><Data ss:Type="Number">-10.12</Data></Cell>
			<Cell><Data ss:Type="Number">0.36</Data></Cell>
			<Cell><Data ss:Type="Number">-9.49</Data></Cell>
			<Cell><Data ss:Type="Number">-0.07</Data></Cell>
			<Cell><Data ss:Type="Number">-0.9</Data></Cell>
			<Cell><Data ss:Type="Number">22.7</Data></Cell>
			<Cell><Data ss:Type="Number">39.7</Data></Cell>
			<Cell><Data ss:Type="Number">0</Data></Cell>
			<Cell><Data ss:Type="Number">0</Data></Cell>
			<Cell><Data ss:Type="String">2023-12-07 16:43:08.884025</Data></Cell>
		</Row>
		<Row>
			<Cell><Data ss:Type="String">463</Data></Cell>
			<Cell><Data ss:Type="Number">0.25</Data></Cell>
			<Cell><Data ss:Type="Number">-9.98</Data></Cell>
			<Cell><Data ss:Type="Number">0.09</Data></Cell>
			<Cell><Data ss:Type="Number">-9.44</Data></Cell>
			<Cell><Data ss:Type="Number">-0.08</Data></Cell>
			<Cell><Data ss:Type="Number">-0.92</Data></Cell>
			<Cell><Data ss:Type="Number">22.7</Data></Cell>
			<Cell><Data ss:Type="Number">39.7</Data></Cell>
			<Cell><Data ss:Type="Number">0</Data></Cell>
			<Cell><Data ss:Type="Number">0</Data></Cell>
			<Cell><Data ss:Type="String">2023-12-07 16:43:08.839165</Data></Cell>
		</Row>
		<Row>
			<Cell><Data ss:Type="String">462</Data></Cell>
			<Cell><Data ss:Type="Number">0.25</Data></Cell>
			<Cell><Data ss:Type="Number">-9.94</Data></Cell>
			<Cell><Data ss:Type="Number">0.11</Data></Cell>
			<Cell><Data ss:Type="Number">-9.45</Data></Cell>
			<Cell><Data ss:Type="Number">-0.06</Data></Cell>
			<Cell><Data ss:Type="Number">-0.94</Data></Cell>
			<Cell><Data ss:Type="Number">22.7</Data></Cell>
			<Cell><Data ss:Type="Number">39.7</Data></Cell>
			<Cell><Data ss:Type="Number">0</Data></Cell>
			<Cell><Data ss:Type="Number">0</Data></Cell>
			<Cell><Data ss:Type="String">2023-12-07 16:43:08.837541</Data></Cell>
		</Row>
		<Row>
			<Cell><Data ss:Type="String">461</Data></Cell>
			<Cell><Data ss:Type="Number">0.3</Data></Cell>
			<Cell><Data ss:Type="Number">-9.93</Data></Cell>
			<Cell><Data ss:Type="Number">0.07</Data></Cell>
			<Cell><Data ss:Type="Number">-9.54</Data></Cell>
			<Cell><Data ss:Type="Number">-0.07</Data></Cell>
			<Cell><Data ss:Type="Number">-0.94</Data></Cell>
			<Cell><Data ss:Type="Number">22.7</Data></Cell>
			<Cell><Data ss:Type="Number">39.7</Data></Cell>
			<Cell><Data ss:Type="Number">0</Data></Cell>
			<Cell><Data ss:Type="Number">0</Data></Cell>
			<Cell><Data ss:Type="String">2023-12-07 16:43:08.797393</Data></Cell>
		</Row>
		<Row>
			<Cell><Data ss:Type="String">460</Data></Cell>
			<Cell><Data ss:Type="Number">0.27</Data></Cell>
			<Cell><Data ss:Type="Number">-10.2</Data></Cell>
			<Cell><Data ss:Type="Number">0.18</Data></Cell>
			<Cell><Data ss:Type="Number">-9.53</Data></Cell>
			<Cell><Data ss:Type="Number">-0.07</Data></Cell>
			<Cell><Data ss:Type="Number">-0.91</Data></Cell>
			<Cell><Data ss:Type="Number">22.7</Data></Cell>
			<Cell><Data ss:Type="Number">39.7</Data></Cell>
			<Cell><Data ss:Type="Number">0</Data></Cell>
			<Cell><Data ss:Type="Number">0</Data></Cell>
			<Cell><Data ss:Type="String">2023-12-07 16:43:08.747216</Data></Cell>
		</Row>
		<Row>
			<Cell><Data ss:Type="String">459</Data></Cell>
			<Cell><Data ss:Type="Number">0.3</Data></Cell>
			<Cell><Data ss:Type="Number">-10.16</Data></Cell>
			<Cell><Data ss:Type="Number">0.07</Data></Cell>
			<Cell><Data ss:Type="Number">-9.48</Data></Cell>
			<Cell><Data ss:Type="Number">-0.07</Data></Cell>
			<Cell><Data ss:Type="Number">-0.89</Data></Cell>
			<Cell><Data ss:Type="Number">22.7</Data></Cell>
			<Cell><Data ss:Type="Number">39.7</Data></Cell>
			<Cell><Data ss:Type="Number">0</Data></Cell>
			<Cell><Data ss:Type="Number">0</Data></Cell>
			<Cell><Data ss:Type="String">2023-12-07 16:43:08.701064</Data></Cell>
		</Row>
		<Row>
			<Cell><Data ss:Type="String">458</Data></Cell>
			<Cell><Data ss:Type="Number">0.28</Data></Cell>
			<Cell><Data ss:Type="Number">-9.98</Data></Cell>
			<Cell><Data ss:Type="Number">0.14</Data></Cell>
			<Cell><Data ss:Type="Number">-9.42</Data></Cell>
			<Cell><Data ss:Type="Number">-0.08</Data></Cell>
			<Cell><Data ss:Type="Number">-0.93</Data></Cell>
			<Cell><Data ss:Type="Number">22.7</Data></Cell>
			<Cell><Data ss:Type="Number">39.7</Data></Cell>
			<Cell><Data ss:Type="Number">0</Data></Cell>
			<Cell><Data ss:Type="Number">0</Data></Cell>
			<Cell><Data ss:Type="String">2023-12-07 16:43:08.699400</Data></Cell>
		</Row>
		<Row>
			<Cell><Data ss:Type="String">457</Data></Cell>
			<Cell><Data ss:Type="Number">0.32</Data></Cell>
			<Cell><Data ss:Type="Number">-9.98</Data></Cell>
			<Cell><Data ss:Type="Number">0.07</Data></Cell>
			<Cell><Data ss:Type="Number">-9.46</Data></Cell>
			<Cell><Data ss:Type="Number">-0.08</Data></Cell>
			<Cell><Data ss:Type="Number">-0.93</Data></Cell>
			<Cell><Data ss:Type="Number">22.7</Data></Cell>
			<Cell><Data ss:Type="Number">39.7</Data></Cell>
			<Cell><Data ss:Type="Number">0</Data></Cell>
			<Cell><Data ss:Type="Number">0</Data></Cell>
			<Cell><Data ss:Type="String">2023-12-07 16:43:08.654115</Data></Cell>
		</Row>
		<Row>
			<Cell><Data ss:Type="String">456</Data></Cell>
			<Cell><Data ss:Type="Number">0.29</Data></Cell>
			<Cell><Data ss:Type="Number">-10.22</Data></Cell>
			<Cell><Data ss:Type="Number">0.21</Data></Cell>
			<Cell><Data ss:Type="Number">-9.53</Data></Cell>
			<Cell><Data ss:Type="Number">-0.08</Data></Cell>
			<Cell><Data ss:Type="Number">-0.88</Data></Cell>
			<Cell><Data ss:Type="Number">22.7</Data></Cell>
			<Cell><Data ss:Type="Number">39.7</Data></Cell>
			<Cell><Data ss:Type="Number">0</Data></Cell>
			<Cell><Data ss:Type="Number">0</Data></Cell>
			<Cell><Data ss:Type="String">2023-12-07 16:43:08.607080</Data></Cell>
		</Row>
		<Row>
			<Cell><Data ss:Type="String">455</Data></Cell>
			<Cell><Data ss:Type="Number">0.27</Data></Cell>
			<Cell><Data ss:Type="Number">-10.19</Data></Cell>
			<Cell><Data ss:Type="Number">0.16</Data></Cell>
			<Cell><Data ss:Type="Number">-9.52</Data></Cell>
			<Cell><Data ss:Type="Number">-0.06</Data></Cell>
			<Cell><Data ss:Type="Number">-0.89</Data></Cell>
			<Cell><Data ss:Type="Number">22.7</Data></Cell>
			<Cell><Data ss:Type="Number">39.7</Data></Cell>
			<Cell><Data ss:Type="Number">0</Data></Cell>
			<Cell><Data ss:Type="Number">0</Data></Cell>
			<Cell><Data ss:Type="String">2023-12-07 16:43:08.563674</Data></Cell>
		</Row>
		<Row>
			<Cell><Data ss:Type="String">454</Data></Cell>
			<Cell><Data ss:Type="Number">0.24</Data></Cell>
			<Cell><Data ss:Type="Number">-10.12</Data></Cell>
			<Cell><Data ss:Type="Number">0.11</Data></Cell>
			<Cell><Data ss:Type="Number">-9.43</Data></Cell>
			<Cell><Data ss:Type="Number">-0.08</Data></Cell>
			<Cell><Data ss:Type="Number">-0.92</Data></Cell>
			<Cell><Data ss:Type="Number">22.7</Data></Cell>
			<Cell><Data ss:Type="Number">39.7</Data></Cell>
			<Cell><Data ss:Type="Number">0</Data></Cell>
			<Cell><Data ss:Type="Number">0</Data></Cell>
			<Cell><Data ss:Type="String">2023-12-07 16:43:08.561322</Data></Cell>
		</Row>
		<Row>
			<Cell><Data ss:Type="String">453</Data></Cell>
			<Cell><Data ss:Type="Number">0.27</Data></Cell>
			<Cell><Data ss:Type="Number">-9.97</Data></Cell>
			<Cell><Data ss:Type="Number">0.1</Data></Cell>
			<Cell><Data ss:Type="Number">-9.44</Data></Cell>
			<Cell><Data ss:Type="Number">-0.06</Data></Cell>
			<Cell><Data ss:Type="Number">-0.95</Data></Cell>
			<Cell><Data ss:Type="Number">22.7</Data></Cell>
			<Cell><Data ss:Type="Number">39.7</Data></Cell>
			<Cell><Data ss:Type="Number">0</Data></Cell>
			<Cell><Data ss:Type="Number">0</Data></Cell>
			<Cell><Data ss:Type="String">2023-12-07 16:43:08.514565</Data></Cell>
		</Row>
		<Row>
			<Cell><Data ss:Type="String">452</Data></Cell>
			<Cell><Data ss:Type="Number">0.25</Data></Cell>
			<Cell><Data ss:Type="Number">-10.01</Data></Cell>
			<Cell><Data ss:Type="Number">0.13</Data></Cell>
			<Cell><Data ss:Type="Number">-9.46</Data></Cell>
			<Cell><Data ss:Type="Number">-0.08</Data></Cell>
			<Cell><Data ss:Type="Number">-0.94</Data></Cell>
			<Cell><Data ss:Type="Number">22.7</Data></Cell>
			<Cell><Data ss:Type="Number">39.7</Data></Cell>
			<Cell><Data ss:Type="Number">0</Data></Cell>
			<Cell><Data ss:Type="Number">0</Data></Cell>
			<Cell><Data ss:Type="String">2023-12-07 16:43:08.469312</Data></Cell>
		</Row>
		<Row>
			<Cell><Data ss:Type="String">451</Data></Cell>
			<Cell><Data ss:Type="Number">0.29</Data></Cell>
			<Cell><Data ss:Type="Number">-10.21</Data></Cell>
			<Cell><Data ss:Type="Number">0.2</Data></Cell>
			<Cell><Data ss:Type="Number">-9.53</Data></Cell>
			<Cell><Data ss:Type="Number">-0.05</Data></Cell>
			<Cell><Data ss:Type="Number">-0.88</Data></Cell>
			<Cell><Data ss:Type="Number">22.7</Data></Cell>
			<Cell><Data ss:Type="Number">39.7</Data></Cell>
			<Cell><Data ss:Type="Number">0</Data></Cell>
			<Cell><Data ss:Type="Number">0</Data></Cell>
			<Cell><Data ss:Type="String">2023-12-07 16:43:08.467597</Data></Cell>
		</Row>
		<Row>
			<Cell><Data ss:Type="String">450</Data></Cell>
			<Cell><Data ss:Type="Number">0.29</Data></Cell>
			<Cell><Data ss:Type="Number">-10.17</Data></Cell>
			<Cell><Data ss:Type="Number">0.14</Data></Cell>
			<Cell><Data ss:Type="Number">-9.5</Data></Cell>
			<Cell><Data ss:Type="Number">-0.06</Data></Cell>
			<Cell><Data ss:Type="Number">-0.94</Data></Cell>
			<Cell><Data ss:Type="Number">22.7</Data></Cell>
			<Cell><Data ss:Type="Number">39.7</Data></Cell>
			<Cell><Data ss:Type="Number">0</Data></Cell>
			<Cell><Data ss:Type="Number">0</Data></Cell>
			<Cell><Data ss:Type="String">2023-12-07 16:43:08.423050</Data></Cell>
		</Row>
		<Row>
			<Cell><Data ss:Type="String">449</Data></Cell>
			<Cell><Data ss:Type="Number">0.2</Data></Cell>
			<Cell><Data ss:Type="Number">-10</Data></Cell>
			<Cell><Data ss:Type="Number">0.27</Data></Cell>
			<Cell><Data ss:Type="Number">-9.41</Data></Cell>
			<Cell><Data ss:Type="Number">-0.09</Data></Cell>
			<Cell><Data ss:Type="Number">-0.91</Data></Cell>
			<Cell><Data ss:Type="Number">22.7</Data></Cell>
			<Cell><Data ss:Type="Number">39.7</Data></Cell>
			<Cell><Data ss:Type="Number">0</Data></Cell>
			<Cell><Data ss:Type="Number">0</Data></Cell>
			<Cell><Data ss:Type="String">2023-12-07 16:43:08.378164</Data></Cell>
		</Row>
		<Row>
			<Cell><Data ss:Type="String">448</Data></Cell>
			<Cell><Data ss:Type="Number">0.28</Data></Cell>
			<Cell><Data ss:Type="Number">-10.05</Data></Cell>
			<Cell><Data ss:Type="Number">0.1</Data></Cell>
			<Cell><Data ss:Type="Number">-9.45</Data></Cell>
			<Cell><Data ss:Type="Number">-0.08</Data></Cell>
			<Cell><Data ss:Type="Number">-0.91</Data></Cell>
			<Cell><Data ss:Type="Number">22.7</Data></Cell>
			<Cell><Data ss:Type="Number">39.7</Data></Cell>
			<Cell><Data ss:Type="Number">0</Data></Cell>
			<Cell><Data ss:Type="Number">0</Data></Cell>
			<Cell><Data ss:Type="String">2023-12-07 16:43:08.332988</Data></Cell>
		</Row>
		<Row>
			<Cell><Data ss:Type="String">447</Data></Cell>
			<Cell><Data ss:Type="Number">0.24</Data></Cell>
			<Cell><Data ss:Type="Number">-10.1</Data></Cell>
			<Cell><Data ss:Type="Number">0.13</Data></Cell>
			<Cell><Data ss:Type="Number">-9.53</Data></Cell>
			<Cell><Data ss:Type="Number">-0.1</Data></Cell>
			<Cell><Data ss:Type="Number">-0.95</Data></Cell>
			<Cell><Data ss:Type="Number">22.7</Data></Cell>
			<Cell><Data ss:Type="Number">39.7</Data></Cell>
			<Cell><Data ss:Type="Number">0</Data></Cell>
			<Cell><Data ss:Type="Number">0</Data></Cell>
			<Cell><Data ss:Type="String">2023-12-07 16:43:08.331361</Data></Cell>
		</Row>
		<Row>
			<Cell><Data ss:Type="String">446</Data></Cell>
			<Cell><Data ss:Type="Number">0.31</Data></Cell>
			<Cell><Data ss:Type="Number">-10.2</Data></Cell>
			<Cell><Data ss:Type="Number">0.02</Data></Cell>
			<Cell><Data ss:Type="Number">-9.51</Data></Cell>
			<Cell><Data ss:Type="Number">-0.1</Data></Cell>
			<Cell><Data ss:Type="Number">-0.88</Data></Cell>
			<Cell><Data ss:Type="Number">22.7</Data></Cell>
			<Cell><Data ss:Type="Number">39.7</Data></Cell>
			<Cell><Data ss:Type="Number">0</Data></Cell>
			<Cell><Data ss:Type="Number">0</Data></Cell>
			<Cell><Data ss:Type="String">2023-12-07 16:43:08.285046</Data></Cell>
		</Row>
		<Row>
			<Cell><Data ss:Type="String">445</Data></Cell>
			<Cell><Data ss:Type="Number">0.2</Data></Cell>
			<Cell><Data ss:Type="Number">-10.17</Data></Cell>
			<Cell><Data ss:Type="Number">0.1</Data></Cell>
			<Cell><Data ss:Type="Number">-9.52</Data></Cell>
			<Cell><Data ss:Type="Number">-0.02</Data></Cell>
			<Cell><Data ss:Type="Number">-0.93</Data></Cell>
			<Cell><Data ss:Type="Number">22.7</Data></Cell>
			<Cell><Data ss:Type="Number">39.7</Data></Cell>
			<Cell><Data ss:Type="Number">0</Data></Cell>
			<Cell><Data ss:Type="Number">0</Data></Cell>
			<Cell><Data ss:Type="String">2023-12-07 16:43:08.240984</Data></Cell>
		</Row>
		<Row>
			<Cell><Data ss:Type="String">444</Data></Cell>
			<Cell><Data ss:Type="Number">0.38</Data></Cell>
			<Cell><Data ss:Type="Number">-9.96</Data></Cell>
			<Cell><Data ss:Type="Number">0.11</Data></Cell>
			<Cell><Data ss:Type="Number">-9.46</Data></Cell>
			<Cell><Data ss:Type="Number">-0.07</Data></Cell>
			<Cell><Data ss:Type="Number">-0.97</Data></Cell>
			<Cell><Data ss:Type="Number">22.7</Data></Cell>
			<Cell><Data ss:Type="Number">39.7</Data></Cell>
			<Cell><Data ss:Type="Number">0</Data></Cell>
			<Cell><Data ss:Type="Number">0</Data></Cell>
			<Cell><Data ss:Type="String">2023-12-07 16:43:08.239203</Data></Cell>
		</Row>
		<Row>
			<Cell><Data ss:Type="String">443</Data></Cell>
			<Cell><Data ss:Type="Number">0.36</Data></Cell>
			<Cell><Data ss:Type="Number">-9.98</Data></Cell>
			<Cell><Data ss:Type="Number">0.21</Data></Cell>
			<Cell><Data ss:Type="Number">-9.5</Data></Cell>
			<Cell><Data ss:Type="Number">-0.1</Data></Cell>
			<Cell><Data ss:Type="Number">-0.87</Data></Cell>
			<Cell><Data ss:Type="Number">22.7</Data></Cell>
			<Cell><Data ss:Type="Number">39.7</Data></Cell>
			<Cell><Data ss:Type="Number">0</Data></Cell>
			<Cell><Data ss:Type="Number">0</Data></Cell>
			<Cell><Data ss:Type="String">2023-12-07 16:43:08.185928</Data></Cell>
		</Row>
		<Row>
			<Cell><Data ss:Type="String">442</Data></Cell>
			<Cell><Data ss:Type="Number">0.28</Data></Cell>
			<Cell><Data ss:Type="Number">-10.25</Data></Cell>
			<Cell><Data ss:Type="Number">0.17</Data></Cell>
			<Cell><Data ss:Type="Number">-9.52</Data></Cell>
			<Cell><Data ss:Type="Number">-0.13</Data></Cell>
			<Cell><Data ss:Type="Number">-0.96</Data></Cell>
			<Cell><Data ss:Type="Number">22.7</Data></Cell>
			<Cell><Data ss:Type="Number">39.7</Data></Cell>
			<Cell><Data ss:Type="Number">0</Data></Cell>
			<Cell><Data ss:Type="Number">0</Data></Cell>
			<Cell><Data ss:Type="String">2023-12-07 16:43:08.133595</Data></Cell>
		</Row>
		<Row>
			<Cell><Data ss:Type="String">441</Data></Cell>
			<Cell><Data ss:Type="Number">0.58</Data></Cell>
			<Cell><Data ss:Type="Number">-10.11</Data></Cell>
			<Cell><Data ss:Type="Number">0.08</Data></Cell>
			<Cell><Data ss:Type="Number">-9.41</Data></Cell>
			<Cell><Data ss:Type="Number">0.12</Data></Cell>
			<Cell><Data ss:Type="Number">-0.85</Data></Cell>
			<Cell><Data ss:Type="Number">22.7</Data></Cell>
			<Cell><Data ss:Type="Number">39.7</Data></Cell>
			<Cell><Data ss:Type="Number">0</Data></Cell>
			<Cell><Data ss:Type="Number">0</Data></Cell>
			<Cell><Data ss:Type="String">2023-12-07 16:43:08.131543</Data></Cell>
		</Row>
		<Row>
			<Cell><Data ss:Type="String">440</Data></Cell>
			<Cell><Data ss:Type="Number">0.38</Data></Cell>
			<Cell><Data ss:Type="Number">-9.92</Data></Cell>
			<Cell><Data ss:Type="Number">-0.03</Data></Cell>
			<Cell><Data ss:Type="Number">-9.51</Data></Cell>
			<Cell><Data ss:Type="Number">-0.06</Data></Cell>
			<Cell><Data ss:Type="Number">-0.98</Data></Cell>
			<Cell><Data ss:Type="Number">22.7</Data></Cell>
			<Cell><Data ss:Type="Number">39.7</Data></Cell>
			<Cell><Data ss:Type="Number">0</Data></Cell>
			<Cell><Data ss:Type="Number">0</Data></Cell>
			<Cell><Data ss:Type="String">2023-12-07 16:43:08.085356</Data></Cell>
		</Row>
		<Row>
			<Cell><Data ss:Type="String">439</Data></Cell>
			<Cell><Data ss:Type="Number">-0.29</Data></Cell>
			<Cell><Data ss:Type="Number">-9.97</Data></Cell>
			<Cell><Data ss:Type="Number">0.43</Data></Cell>
			<Cell><Data ss:Type="Number">-9.48</Data></Cell>
			<Cell><Data ss:Type="Number">-0.33</Data></Cell>
			<Cell><Data ss:Type="Number">-0.87</Data></Cell>
			<Cell><Data ss:Type="Number">22.7</Data></Cell>
			<Cell><Data ss:Type="Number">39.7</Data></Cell>
			<Cell><Data ss:Type="Number">0</Data></Cell>
			<Cell><Data ss:Type="Number">0</Data></Cell>
			<Cell><Data ss:Type="String">2023-12-07 16:43:08.039864</Data></Cell>
		</Row>
		<Row>
			<Cell><Data ss:Type="String">438</Data></Cell>
			<Cell><Data ss:Type="Number">0.07</Data></Cell>
			<Cell><Data ss:Type="Number">-10.22</Data></Cell>
			<Cell><Data ss:Type="Number">0.19</Data></Cell>
			<Cell><Data ss:Type="Number">-9.52</Data></Cell>
			<Cell><Data ss:Type="Number">-0.08</Data></Cell>
			<Cell><Data ss:Type="Number">-0.88</Data></Cell>
			<Cell><Data ss:Type="Number">22.7</Data></Cell>
			<Cell><Data ss:Type="Number">39.7</Data></Cell>
			<Cell><Data ss:Type="Number">0</Data></Cell>
			<Cell><Data ss:Type="Number">0</Data></Cell>
			<Cell><Data ss:Type="String">2023-12-07 16:43:07.998491</Data></Cell>
		</Row>
		<Row>
			<Cell><Data ss:Type="String">437</Data></Cell>
			<Cell><Data ss:Type="Number">-0.78</Data></Cell>
			<Cell><Data ss:Type="Number">-10.14</Data></Cell>
			<Cell><Data ss:Type="Number">-0.57</Data></Cell>
			<Cell><Data ss:Type="Number">-9.52</Data></Cell>
			<Cell><Data ss:Type="Number">0.55</Data></Cell>
			<Cell><Data ss:Type="Number">-1.07</Data></Cell>
			<Cell><Data ss:Type="Number">22.7</Data></Cell>
			<Cell><Data ss:Type="Number">39.7</Data></Cell>
			<Cell><Data ss:Type="Number">0</Data></Cell>
			<Cell><Data ss:Type="Number">0</Data></Cell>
			<Cell><Data ss:Type="String">2023-12-07 16:43:07.994678</Data></Cell>
		</Row>
		<Row>
			<Cell><Data ss:Type="String">436</Data></Cell>
			<Cell><Data ss:Type="Number">1.31</Data></Cell>
			<Cell><Data ss:Type="Number">-9.76</Data></Cell>
			<Cell><Data ss:Type="Number">0.47</Data></Cell>
			<Cell><Data ss:Type="Number">-9.4</Data></Cell>
			<Cell><Data ss:Type="Number">-0.25</Data></Cell>
			<Cell><Data ss:Type="Number">-0.87</Data></Cell>
			<Cell><Data ss:Type="Number">22.7</Data></Cell>
			<Cell><Data ss:Type="Number">39.7</Data></Cell>
			<Cell><Data ss:Type="Number">0</Data></Cell>
			<Cell><Data ss:Type="Number">0</Data></Cell>
			<Cell><Data ss:Type="String">2023-12-07 16:43:07.957727</Data></Cell>
		</Row>
		<Row>
			<Cell><Data ss:Type="String">435</Data></Cell>
			<Cell><Data ss:Type="Number">1.25</Data></Cell>
			<Cell><Data ss:Type="Number">-9.96</Data></Cell>
			<Cell><Data ss:Type="Number">0.65</Data></Cell>
			<Cell><Data ss:Type="Number">-9.52</Data></Cell>
			<Cell><Data ss:Type="Number">-1.14</Data></Cell>
			<Cell><Data ss:Type="Number">-0.77</Data></Cell>
			<Cell><Data ss:Type="Number">22.7</Data></Cell>
			<Cell><Data ss:Type="Number">39.7</Data></Cell>
			<Cell><Data ss:Type="Number">0</Data></Cell>
			<Cell><Data ss:Type="Number">0</Data></Cell>
			<Cell><Data ss:Type="String">2023-12-07 16:43:07.956035</Data></Cell>
		</Row>
		<Row>
			<Cell><Data ss:Type="String">434</Data></Cell>
			<Cell><Data ss:Type="Number">4.78</Data></Cell>
			<Cell><Data ss:Type="Number">-11.38</Data></Cell>
			<Cell><Data ss:Type="Number">-2.02</Data></Cell>
			<Cell><Data ss:Type="Number">-10.01</Data></Cell>
			<Cell><Data ss:Type="Number">1.91</Data></Cell>
			<Cell><Data ss:Type="Number">-1.07</Data></Cell>
			<Cell><Data ss:Type="Number">22.7</Data></Cell>
			<Cell><Data ss:Type="Number">39.7</Data></Cell>
			<Cell><Data ss:Type="Number">0</Data></Cell>
			<Cell><Data ss:Type="Number">0</Data></Cell>
			<Cell><Data ss:Type="String">2023-12-07 16:43:07.954391</Data></Cell>
		</Row>
		<Row>
			<Cell><Data ss:Type="String">433</Data></Cell>
			<Cell><Data ss:Type="Number">-2.78</Data></Cell>
			<Cell><Data ss:Type="Number">-16.99</Data></Cell>
			<Cell><Data ss:Type="Number">-0.23</Data></Cell>
			<Cell><Data ss:Type="Number">-17.56</Data></Cell>
			<Cell><Data ss:Type="Number">1.53</Data></Cell>
			<Cell><Data ss:Type="Number">-0.48</Data></Cell>
			<Cell><Data ss:Type="Number">22.7</Data></Cell>
			<Cell><Data ss:Type="Number">39.7</Data></Cell>
			<Cell><Data ss:Type="Number">0</Data></Cell>
			<Cell><Data ss:Type="Number">0</Data></Cell>
			<Cell><Data ss:Type="String">2023-12-07 16:43:07.952810</Data></Cell>
		</Row>
		<Row>
			<Cell><Data ss:Type="String">432</Data></Cell>
			<Cell><Data ss:Type="Number">0.23</Data></Cell>
			<Cell><Data ss:Type="Number">-9.93</Data></Cell>
			<Cell><Data ss:Type="Number">0.07</Data></Cell>
			<Cell><Data ss:Type="Number">-9.41</Data></Cell>
			<Cell><Data ss:Type="Number">-0.04</Data></Cell>
			<Cell><Data ss:Type="Number">-0.85</Data></Cell>
			<Cell><Data ss:Type="Number">22.7</Data></Cell>
			<Cell><Data ss:Type="Number">39.7</Data></Cell>
			<Cell><Data ss:Type="Number">0</Data></Cell>
			<Cell><Data ss:Type="Number">0</Data></Cell>
			<Cell><Data ss:Type="String">2023-12-07 16:43:07.951082</Data></Cell>
		</Row>
		<Row>
			<Cell><Data ss:Type="String">431</Data></Cell>
			<Cell><Data ss:Type="Number">0.25</Data></Cell>
			<Cell><Data ss:Type="Number">-10.01</Data></Cell>
			<Cell><Data ss:Type="Number">0.28</Data></Cell>
			<Cell><Data ss:Type="Number">-9.59</Data></Cell>
			<Cell><Data ss:Type="Number">-0.06</Data></Cell>
			<Cell><Data ss:Type="Number">-0.92</Data></Cell>
			<Cell><Data ss:Type="Number">22.7</Data></Cell>
			<Cell><Data ss:Type="Number">39.7</Data></Cell>
			<Cell><Data ss:Type="Number">0</Data></Cell>
			<Cell><Data ss:Type="Number">0</Data></Cell>
			<Cell><Data ss:Type="String">2023-12-07 16:43:07.949199</Data></Cell>
		</Row>
		<Row>
			<Cell><Data ss:Type="String">430</Data></Cell>
			<Cell><Data ss:Type="Number">0.5</Data></Cell>
			<Cell><Data ss:Type="Number">-9.49</Data></Cell>
			<Cell><Data ss:Type="Number">-0.02</Data></Cell>
			<Cell><Data ss:Type="Number">-9.4</Data></Cell>
			<Cell><Data ss:Type="Number">-0.06</Data></Cell>
			<Cell><Data ss:Type="Number">-0.92</Data></Cell>
			<Cell><Data ss:Type="Number">22.7</Data></Cell>
			<Cell><Data ss:Type="Number">39.7</Data></Cell>
			<Cell><Data ss:Type="Number">0</Data></Cell>
			<Cell><Data ss:Type="Number">0</Data></Cell>
			<Cell><Data ss:Type="String">2023-12-07 16:43:07.947055</Data></Cell>
		</Row>
		<Row>
			<Cell><Data ss:Type="String">429</Data></Cell>
			<Cell><Data ss:Type="Number">0.67</Data></Cell>
			<Cell><Data ss:Type="Number">-9.71</Data></Cell>
			<Cell><Data ss:Type="Number">0.19</Data></Cell>
			<Cell><Data ss:Type="Number">-9.42</Data></Cell>
			<Cell><Data ss:Type="Number">-0.11</Data></Cell>
			<Cell><Data ss:Type="Number">-0.89</Data></Cell>
			<Cell><Data ss:Type="Number">22.7</Data></Cell>
			<Cell><Data ss:Type="Number">39.7</Data></Cell>
			<Cell><Data ss:Type="Number">0</Data></Cell>
			<Cell><Data ss:Type="Number">0</Data></Cell>
			<Cell><Data ss:Type="String">2023-12-07 16:43:07.716002</Data></Cell>
		</Row>
		<Row>
			<Cell><Data ss:Type="String">428</Data></Cell>
			<Cell><Data ss:Type="Number">0.33</Data></Cell>
			<Cell><Data ss:Type="Number">-9.77</Data></Cell>
			<Cell><Data ss:Type="Number">0.19</Data></Cell>
			<Cell><Data ss:Type="Number">-9.4</Data></Cell>
			<Cell><Data ss:Type="Number">-0.08</Data></Cell>
			<Cell><Data ss:Type="Number">-0.93</Data></Cell>
			<Cell><Data ss:Type="Number">22.7</Data></Cell>
			<Cell><Data ss:Type="Number">39.7</Data></Cell>
			<Cell><Data ss:Type="Number">0</Data></Cell>
			<Cell><Data ss:Type="Number">0</Data></Cell>
			<Cell><Data ss:Type="String">2023-12-07 16:43:07.671571</Data></Cell>
		</Row>
		<Row>
			<Cell><Data ss:Type="String">427</Data></Cell>
			<Cell><Data ss:Type="Number">0.11</Data></Cell>
			<Cell><Data ss:Type="Number">-9.8</Data></Cell>
			<Cell><Data ss:Type="Number">0.37</Data></Cell>
			<Cell><Data ss:Type="Number">-9.45</Data></Cell>
			<Cell><Data ss:Type="Number">-0.02</Data></Cell>
			<Cell><Data ss:Type="Number">-0.9</Data></Cell>
			<Cell><Data ss:Type="Number">22.7</Data></Cell>
			<Cell><Data ss:Type="Number">39.7</Data></Cell>
			<Cell><Data ss:Type="Number">0</Data></Cell>
			<Cell><Data ss:Type="Number">0</Data></Cell>
			<Cell><Data ss:Type="String">2023-12-07 16:43:07.626271</Data></Cell>
		</Row>
		<Row>
			<Cell><Data ss:Type="String">426</Data></Cell>
			<Cell><Data ss:Type="Number">0.19</Data></Cell>
			<Cell><Data ss:Type="Number">-10.08</Data></Cell>
			<Cell><Data ss:Type="Number">0.03</Data></Cell>
			<Cell><Data ss:Type="Number">-9.46</Data></Cell>
			<Cell><Data ss:Type="Number">-0.11</Data></Cell>
			<Cell><Data ss:Type="Number">-1.02</Data></Cell>
			<Cell><Data ss:Type="Number">22.7</Data></Cell>
			<Cell><Data ss:Type="Number">39.7</Data></Cell>
			<Cell><Data ss:Type="Number">0</Data></Cell>
			<Cell><Data ss:Type="Number">0</Data></Cell>
			<Cell><Data ss:Type="String">2023-12-07 16:43:07.624449</Data></Cell>
		</Row>
		<Row>
			<Cell><Data ss:Type="String">425</Data></Cell>
			<Cell><Data ss:Type="Number">0.2</Data></Cell>
			<Cell><Data ss:Type="Number">-10.02</Data></Cell>
			<Cell><Data ss:Type="Number">0.21</Data></Cell>
			<Cell><Data ss:Type="Number">-9.56</Data></Cell>
			<Cell><Data ss:Type="Number">-0.07</Data></Cell>
			<Cell><Data ss:Type="Number">-0.89</Data></Cell>
			<Cell><Data ss:Type="Number">22.7</Data></Cell>
			<Cell><Data ss:Type="Number">39.7</Data></Cell>
			<Cell><Data ss:Type="Number">0</Data></Cell>
			<Cell><Data ss:Type="Number">0</Data></Cell>
			<Cell><Data ss:Type="String">2023-12-07 16:43:07.579078</Data></Cell>
		</Row>
		<Row>
			<Cell><Data ss:Type="String">424</Data></Cell>
			<Cell><Data ss:Type="Number">0.24</Data></Cell>
			<Cell><Data ss:Type="Number">-9.84</Data></Cell>
			<Cell><Data ss:Type="Number">0.25</Data></Cell>
			<Cell><Data ss:Type="Number">-9.53</Data></Cell>
			<Cell><Data ss:Type="Number">0</Data></Cell>
			<Cell><Data ss:Type="Number">-0.91</Data></Cell>
			<Cell><Data ss:Type="Number">22.7</Data></Cell>
			<Cell><Data ss:Type="Number">39.7</Data></Cell>
			<Cell><Data ss:Type="Number">0</Data></Cell>
			<Cell><Data ss:Type="Number">0</Data></Cell>
			<Cell><Data ss:Type="String">2023-12-07 16:43:07.535366</Data></Cell>
		</Row>
		<Row>
			<Cell><Data ss:Type="String">423</Data></Cell>
			<Cell><Data ss:Type="Number">0.16</Data></Cell>
			<Cell><Data ss:Type="Number">-9.9</Data></Cell>
			<Cell><Data ss:Type="Number">-0.16</Data></Cell>
			<Cell><Data ss:Type="Number">-9.37</Data></Cell>
			<Cell><Data ss:Type="Number">-0.06</Data></Cell>
			<Cell><Data ss:Type="Number">-0.95</Data></Cell>
			<Cell><Data ss:Type="Number">22.7</Data></Cell>
			<Cell><Data ss:Type="Number">39.7</Data></Cell>
			<Cell><Data ss:Type="Number">0</Data></Cell>
			<Cell><Data ss:Type="Number">0</Data></Cell>
			<Cell><Data ss:Type="String">2023-12-07 16:43:07.533466</Data></Cell>
		</Row>
		<Row>
			<Cell><Data ss:Type="String">422</Data></Cell>
			<Cell><Data ss:Type="Number">0.31</Data></Cell>
			<Cell><Data ss:Type="Number">-9.91</Data></Cell>
			<Cell><Data ss:Type="Number">0.23</Data></Cell>
			<Cell><Data ss:Type="Number">-9.51</Data></Cell>
			<Cell><Data ss:Type="Number">-0.05</Data></Cell>
			<Cell><Data ss:Type="Number">-0.88</Data></Cell>
			<Cell><Data ss:Type="Number">22.7</Data></Cell>
			<Cell><Data ss:Type="Number">39.7</Data></Cell>
			<Cell><Data ss:Type="Number">0</Data></Cell>
			<Cell><Data ss:Type="Number">0</Data></Cell>
			<Cell><Data ss:Type="String">2023-12-07 16:43:07.487183</Data></Cell>
		</Row>
		<Row>
			<Cell><Data ss:Type="String">421</Data></Cell>
			<Cell><Data ss:Type="Number">0.62</Data></Cell>
			<Cell><Data ss:Type="Number">-9.93</Data></Cell>
			<Cell><Data ss:Type="Number">0.18</Data></Cell>
			<Cell><Data ss:Type="Number">-9.51</Data></Cell>
			<Cell><Data ss:Type="Number">-0.04</Data></Cell>
			<Cell><Data ss:Type="Number">-0.89</Data></Cell>
			<Cell><Data ss:Type="Number">22.7</Data></Cell>
			<Cell><Data ss:Type="Number">39.7</Data></Cell>
			<Cell><Data ss:Type="Number">0</Data></Cell>
			<Cell><Data ss:Type="Number">0</Data></Cell>
			<Cell><Data ss:Type="String">2023-12-07 16:43:07.441126</Data></Cell>
		</Row>
		<Row>
			<Cell><Data ss:Type="String">420</Data></Cell>
			<Cell><Data ss:Type="Number">0.54</Data></Cell>
			<Cell><Data ss:Type="Number">-10.51</Data></Cell>
			<Cell><Data ss:Type="Number">0.03</Data></Cell>
			<Cell><Data ss:Type="Number">-9.56</Data></Cell>
			<Cell><Data ss:Type="Number">-0.12</Data></Cell>
			<Cell><Data ss:Type="Number">-0.94</Data></Cell>
			<Cell><Data ss:Type="Number">22.7</Data></Cell>
			<Cell><Data ss:Type="Number">39.7</Data></Cell>
			<Cell><Data ss:Type="Number">0</Data></Cell>
			<Cell><Data ss:Type="Number">0</Data></Cell>
			<Cell><Data ss:Type="String">2023-12-07 16:43:07.403380</Data></Cell>
		</Row>
		<Row>
			<Cell><Data ss:Type="String">419</Data></Cell>
			<Cell><Data ss:Type="Number">0.55</Data></Cell>
			<Cell><Data ss:Type="Number">-11.02</Data></Cell>
			<Cell><Data ss:Type="Number">0.12</Data></Cell>
			<Cell><Data ss:Type="Number">-9.55</Data></Cell>
			<Cell><Data ss:Type="Number">-0.03</Data></Cell>
			<Cell><Data ss:Type="Number">-0.89</Data></Cell>
			<Cell><Data ss:Type="Number">22.7</Data></Cell>
			<Cell><Data ss:Type="Number">39.7</Data></Cell>
			<Cell><Data ss:Type="Number">0</Data></Cell>
			<Cell><Data ss:Type="Number">0</Data></Cell>
			<Cell><Data ss:Type="String">2023-12-07 16:43:07.401115</Data></Cell>
		</Row>
		<Row>
			<Cell><Data ss:Type="String">418</Data></Cell>
			<Cell><Data ss:Type="Number">-0.05</Data></Cell>
			<Cell><Data ss:Type="Number">-10.73</Data></Cell>
			<Cell><Data ss:Type="Number">0.03</Data></Cell>
			<Cell><Data ss:Type="Number">-9.53</Data></Cell>
			<Cell><Data ss:Type="Number">-0.08</Data></Cell>
			<Cell><Data ss:Type="Number">-0.88</Data></Cell>
			<Cell><Data ss:Type="Number">22.7</Data></Cell>
			<Cell><Data ss:Type="Number">39.7</Data></Cell>
			<Cell><Data ss:Type="Number">0</Data></Cell>
			<Cell><Data ss:Type="Number">0</Data></Cell>
			<Cell><Data ss:Type="String">2023-12-07 16:43:07.336783</Data></Cell>
		</Row>
		<Row>
			<Cell><Data ss:Type="String">417</Data></Cell>
			<Cell><Data ss:Type="Number">0.22</Data></Cell>
			<Cell><Data ss:Type="Number">-9.89</Data></Cell>
			<Cell><Data ss:Type="Number">0.33</Data></Cell>
			<Cell><Data ss:Type="Number">-9.34</Data></Cell>
			<Cell><Data ss:Type="Number">-0.04</Data></Cell>
			<Cell><Data ss:Type="Number">-0.9</Data></Cell>
			<Cell><Data ss:Type="Number">22.7</Data></Cell>
			<Cell><Data ss:Type="Number">39.7</Data></Cell>
			<Cell><Data ss:Type="Number">0</Data></Cell>
			<Cell><Data ss:Type="Number">0</Data></Cell>
			<Cell><Data ss:Type="String">2023-12-07 16:43:07.334857</Data></Cell>
		</Row>
		<Row>
			<Cell><Data ss:Type="String">416</Data></Cell>
			<Cell><Data ss:Type="Number">0.29</Data></Cell>
			<Cell><Data ss:Type="Number">-9.96</Data></Cell>
			<Cell><Data ss:Type="Number">0.07</Data></Cell>
			<Cell><Data ss:Type="Number">-9.41</Data></Cell>
			<Cell><Data ss:Type="Number">-0.1</Data></Cell>
			<Cell><Data ss:Type="Number">-0.92</Data></Cell>
			<Cell><Data ss:Type="Number">22.7</Data></Cell>
			<Cell><Data ss:Type="Number">39.7</Data></Cell>
			<Cell><Data ss:Type="Number">0</Data></Cell>
			<Cell><Data ss:Type="Number">0</Data></Cell>
			<Cell><Data ss:Type="String">2023-12-07 16:43:07.333015</Data></Cell>
		</Row>
		<Row>
			<Cell><Data ss:Type="String">415</Data></Cell>
			<Cell><Data ss:Type="Number">0.36</Data></Cell>
			<Cell><Data ss:Type="Number">-9.83</Data></Cell>
			<Cell><Data ss:Type="Number">0.03</Data></Cell>
			<Cell><Data ss:Type="Number">-9.47</Data></Cell>
			<Cell><Data ss:Type="Number">-0.12</Data></Cell>
			<Cell><Data ss:Type="Number">-0.96</Data></Cell>
			<Cell><Data ss:Type="Number">22.7</Data></Cell>
			<Cell><Data ss:Type="Number">39.7</Data></Cell>
			<Cell><Data ss:Type="Number">0</Data></Cell>
			<Cell><Data ss:Type="Number">0</Data></Cell>
			<Cell><Data ss:Type="String">2023-12-07 16:43:07.330983</Data></Cell>
		</Row>
		<Row>
			<Cell><Data ss:Type="String">414</Data></Cell>
			<Cell><Data ss:Type="Number">0.34</Data></Cell>
			<Cell><Data ss:Type="Number">-10.34</Data></Cell>
			<Cell><Data ss:Type="Number">0.09</Data></Cell>
			<Cell><Data ss:Type="Number">-9.6</Data></Cell>
			<Cell><Data ss:Type="Number">-0.07</Data></Cell>
			<Cell><Data ss:Type="Number">-0.89</Data></Cell>
			<Cell><Data ss:Type="Number">22.7</Data></Cell>
			<Cell><Data ss:Type="Number">39.7</Data></Cell>
			<Cell><Data ss:Type="Number">0</Data></Cell>
			<Cell><Data ss:Type="Number">0</Data></Cell>
			<Cell><Data ss:Type="String">2023-12-07 16:43:07.328636</Data></Cell>
		</Row>
		<Row>
			<Cell><Data ss:Type="String">413</Data></Cell>
			<Cell><Data ss:Type="Number">0.55</Data></Cell>
			<Cell><Data ss:Type="Number">-9.9</Data></Cell>
			<Cell><Data ss:Type="Number">0.26</Data></Cell>
			<Cell><Data ss:Type="Number">-9.52</Data></Cell>
			<Cell><Data ss:Type="Number">-0.1</Data></Cell>
			<Cell><Data ss:Type="Number">-0.94</Data></Cell>
			<Cell><Data ss:Type="Number">22.7</Data></Cell>
			<Cell><Data ss:Type="Number">39.7</Data></Cell>
			<Cell><Data ss:Type="Number">0</Data></Cell>
			<Cell><Data ss:Type="Number">0</Data></Cell>
			<Cell><Data ss:Type="String">2023-12-07 16:43:07.325800</Data></Cell>
		</Row>
		<Row>
			<Cell><Data ss:Type="String">412</Data></Cell>
			<Cell><Data ss:Type="Number">-0.09</Data></Cell>
			<Cell><Data ss:Type="Number">-10.06</Data></Cell>
			<Cell><Data ss:Type="Number">0.22</Data></Cell>
			<Cell><Data ss:Type="Number">-9.32</Data></Cell>
			<Cell><Data ss:Type="Number">-0.1</Data></Cell>
			<Cell><Data ss:Type="Number">-0.85</Data></Cell>
			<Cell><Data ss:Type="Number">22.7</Data></Cell>
			<Cell><Data ss:Type="Number">39.7</Data></Cell>
			<Cell><Data ss:Type="Number">0</Data></Cell>
			<Cell><Data ss:Type="Number">0</Data></Cell>
			<Cell><Data ss:Type="String">2023-12-07 16:43:07.323552</Data></Cell>
		</Row>
		<Row>
			<Cell><Data ss:Type="String">411</Data></Cell>
			<Cell><Data ss:Type="Number">0.01</Data></Cell>
			<Cell><Data ss:Type="Number">-9.85</Data></Cell>
			<Cell><Data ss:Type="Number">-0.04</Data></Cell>
			<Cell><Data ss:Type="Number">-9.45</Data></Cell>
			<Cell><Data ss:Type="Number">-0.09</Data></Cell>
			<Cell><Data ss:Type="Number">-1</Data></Cell>
			<Cell><Data ss:Type="Number">22.7</Data></Cell>
			<Cell><Data ss:Type="Number">39.7</Data></Cell>
			<Cell><Data ss:Type="Number">0</Data></Cell>
			<Cell><Data ss:Type="Number">0</Data></Cell>
			<Cell><Data ss:Type="String">2023-12-07 16:43:07.099133</Data></Cell>
		</Row>
		<Row>
			<Cell><Data ss:Type="String">410</Data></Cell>
			<Cell><Data ss:Type="Number">0.14</Data></Cell>
			<Cell><Data ss:Type="Number">-10.35</Data></Cell>
			<Cell><Data ss:Type="Number">0.1</Data></Cell>
			<Cell><Data ss:Type="Number">-9.51</Data></Cell>
			<Cell><Data ss:Type="Number">-0.05</Data></Cell>
			<Cell><Data ss:Type="Number">-0.87</Data></Cell>
			<Cell><Data ss:Type="Number">22.7</Data></Cell>
			<Cell><Data ss:Type="Number">39.7</Data></Cell>
			<Cell><Data ss:Type="Number">0</Data></Cell>
			<Cell><Data ss:Type="Number">0</Data></Cell>
			<Cell><Data ss:Type="String">2023-12-07 16:43:07.097170</Data></Cell>
		</Row>
		<Row>
			<Cell><Data ss:Type="String">409</Data></Cell>
			<Cell><Data ss:Type="Number">0.47</Data></Cell>
			<Cell><Data ss:Type="Number">-10.46</Data></Cell>
			<Cell><Data ss:Type="Number">0.25</Data></Cell>
			<Cell><Data ss:Type="Number">-9.5</Data></Cell>
			<Cell><Data ss:Type="Number">-0.09</Data></Cell>
			<Cell><Data ss:Type="Number">-0.92</Data></Cell>
			<Cell><Data ss:Type="Number">22.7</Data></Cell>
			<Cell><Data ss:Type="Number">39.7</Data></Cell>
			<Cell><Data ss:Type="Number">0</Data></Cell>
			<Cell><Data ss:Type="Number">0</Data></Cell>
			<Cell><Data ss:Type="String">2023-12-07 16:43:07.094465</Data></Cell>
		</Row>
		<Row>
			<Cell><Data ss:Type="String">408</Data></Cell>
			<Cell><Data ss:Type="Number">1.09</Data></Cell>
			<Cell><Data ss:Type="Number">-9.92</Data></Cell>
			<Cell><Data ss:Type="Number">0.15</Data></Cell>
			<Cell><Data ss:Type="Number">-9.46</Data></Cell>
			<Cell><Data ss:Type="Number">-0.1</Data></Cell>
			<Cell><Data ss:Type="Number">-0.97</Data></Cell>
			<Cell><Data ss:Type="Number">22.7</Data></Cell>
			<Cell><Data ss:Type="Number">39.7</Data></Cell>
			<Cell><Data ss:Type="Number">0</Data></Cell>
			<Cell><Data ss:Type="Number">0</Data></Cell>
			<Cell><Data ss:Type="String">2023-12-07 16:43:06.983902</Data></Cell>
		</Row>
		<Row>
			<Cell><Data ss:Type="String">407</Data></Cell>
			<Cell><Data ss:Type="Number">0.88</Data></Cell>
			<Cell><Data ss:Type="Number">-9.74</Data></Cell>
			<Cell><Data ss:Type="Number">0.69</Data></Cell>
			<Cell><Data ss:Type="Number">-9.39</Data></Cell>
			<Cell><Data ss:Type="Number">-0.15</Data></Cell>
			<Cell><Data ss:Type="Number">-0.87</Data></Cell>
			<Cell><Data ss:Type="Number">22.7</Data></Cell>
			<Cell><Data ss:Type="Number">39.7</Data></Cell>
			<Cell><Data ss:Type="Number">0</Data></Cell>
			<Cell><Data ss:Type="Number">0</Data></Cell>
			<Cell><Data ss:Type="String">2023-12-07 16:43:06.982152</Data></Cell>
		</Row>
		<Row>
			<Cell><Data ss:Type="String">406</Data></Cell>
			<Cell><Data ss:Type="Number">0.01</Data></Cell>
			<Cell><Data ss:Type="Number">-10.25</Data></Cell>
			<Cell><Data ss:Type="Number">0.54</Data></Cell>
			<Cell><Data ss:Type="Number">-9.49</Data></Cell>
			<Cell><Data ss:Type="Number">-0.1</Data></Cell>
			<Cell><Data ss:Type="Number">-0.94</Data></Cell>
			<Cell><Data ss:Type="Number">22.7</Data></Cell>
			<Cell><Data ss:Type="Number">39.7</Data></Cell>
			<Cell><Data ss:Type="Number">0</Data></Cell>
			<Cell><Data ss:Type="Number">0</Data></Cell>
			<Cell><Data ss:Type="String">2023-12-07 16:43:06.934900</Data></Cell>
		</Row>
		<Row>
			<Cell><Data ss:Type="String">405</Data></Cell>
			<Cell><Data ss:Type="Number">-0.21</Data></Cell>
			<Cell><Data ss:Type="Number">-9.98</Data></Cell>
			<Cell><Data ss:Type="Number">0.24</Data></Cell>
			<Cell><Data ss:Type="Number">-9.42</Data></Cell>
			<Cell><Data ss:Type="Number">-0.06</Data></Cell>
			<Cell><Data ss:Type="Number">-0.8</Data></Cell>
			<Cell><Data ss:Type="Number">22.7</Data></Cell>
			<Cell><Data ss:Type="Number">39.7</Data></Cell>
			<Cell><Data ss:Type="Number">0</Data></Cell>
			<Cell><Data ss:Type="Number">0</Data></Cell>
			<Cell><Data ss:Type="String">2023-12-07 16:43:06.880517</Data></Cell>
		</Row>
		<Row>
			<Cell><Data ss:Type="String">404</Data></Cell>
			<Cell><Data ss:Type="Number">0.04</Data></Cell>
			<Cell><Data ss:Type="Number">-9.87</Data></Cell>
			<Cell><Data ss:Type="Number">0.06</Data></Cell>
			<Cell><Data ss:Type="Number">-9.38</Data></Cell>
			<Cell><Data ss:Type="Number">-0.04</Data></Cell>
			<Cell><Data ss:Type="Number">-0.98</Data></Cell>
			<Cell><Data ss:Type="Number">22.7</Data></Cell>
			<Cell><Data ss:Type="Number">39.7</Data></Cell>
			<Cell><Data ss:Type="Number">0</Data></Cell>
			<Cell><Data ss:Type="Number">0</Data></Cell>
			<Cell><Data ss:Type="String">2023-12-07 16:43:06.873687</Data></Cell>
		</Row>
		<Row>
			<Cell><Data ss:Type="String">403</Data></Cell>
			<Cell><Data ss:Type="Number">0.27</Data></Cell>
			<Cell><Data ss:Type="Number">-10.52</Data></Cell>
			<Cell><Data ss:Type="Number">0.48</Data></Cell>
			<Cell><Data ss:Type="Number">-9.58</Data></Cell>
			<Cell><Data ss:Type="Number">-0</Data></Cell>
			<Cell><Data ss:Type="Number">-0.84</Data></Cell>
			<Cell><Data ss:Type="Number">22.7</Data></Cell>
			<Cell><Data ss:Type="Number">39.7</Data></Cell>
			<Cell><Data ss:Type="Number">0</Data></Cell>
			<Cell><Data ss:Type="Number">0</Data></Cell>
			<Cell><Data ss:Type="String">2023-12-07 16:43:06.828930</Data></Cell>
		</Row>
		<Row>
			<Cell><Data ss:Type="String">402</Data></Cell>
			<Cell><Data ss:Type="Number">0.75</Data></Cell>
			<Cell><Data ss:Type="Number">-10.12</Data></Cell>
			<Cell><Data ss:Type="Number">0.07</Data></Cell>
			<Cell><Data ss:Type="Number">-9.39</Data></Cell>
			<Cell><Data ss:Type="Number">-0.32</Data></Cell>
			<Cell><Data ss:Type="Number">-0.85</Data></Cell>
			<Cell><Data ss:Type="Number">22.7</Data></Cell>
			<Cell><Data ss:Type="Number">39.7</Data></Cell>
			<Cell><Data ss:Type="Number">0</Data></Cell>
			<Cell><Data ss:Type="Number">0</Data></Cell>
			<Cell><Data ss:Type="String">2023-12-07 16:43:06.790193</Data></Cell>
		</Row>
		<Row>
			<Cell><Data ss:Type="String">401</Data></Cell>
			<Cell><Data ss:Type="Number">0.03</Data></Cell>
			<Cell><Data ss:Type="Number">-10.05</Data></Cell>
			<Cell><Data ss:Type="Number">0.01</Data></Cell>
			<Cell><Data ss:Type="Number">-9.49</Data></Cell>
			<Cell><Data ss:Type="Number">-0.09</Data></Cell>
			<Cell><Data ss:Type="Number">-0.96</Data></Cell>
			<Cell><Data ss:Type="Number">22.7</Data></Cell>
			<Cell><Data ss:Type="Number">39.7</Data></Cell>
			<Cell><Data ss:Type="Number">0</Data></Cell>
			<Cell><Data ss:Type="Number">0</Data></Cell>
			<Cell><Data ss:Type="String">2023-12-07 16:43:06.788527</Data></Cell>
		</Row>
		<Row>
			<Cell><Data ss:Type="String">400</Data></Cell>
			<Cell><Data ss:Type="Number">-1.25</Data></Cell>
			<Cell><Data ss:Type="Number">-9.75</Data></Cell>
			<Cell><Data ss:Type="Number">-0.69</Data></Cell>
			<Cell><Data ss:Type="Number">-9.45</Data></Cell>
			<Cell><Data ss:Type="Number">0.09</Data></Cell>
			<Cell><Data ss:Type="Number">-0.86</Data></Cell>
			<Cell><Data ss:Type="Number">22.7</Data></Cell>
			<Cell><Data ss:Type="Number">39.7</Data></Cell>
			<Cell><Data ss:Type="Number">0</Data></Cell>
			<Cell><Data ss:Type="Number">0</Data></Cell>
			<Cell><Data ss:Type="String">2023-12-07 16:43:06.786422</Data></Cell>
		</Row>
		<Row>
			<Cell><Data ss:Type="String">399</Data></Cell>
			<Cell><Data ss:Type="Number">-0.19</Data></Cell>
			<Cell><Data ss:Type="Number">-9.93</Data></Cell>
			<Cell><Data ss:Type="Number">0.28</Data></Cell>
			<Cell><Data ss:Type="Number">-9.41</Data></Cell>
			<Cell><Data ss:Type="Number">-0.35</Data></Cell>
			<Cell><Data ss:Type="Number">-0.78</Data></Cell>
			<Cell><Data ss:Type="Number">22.7</Data></Cell>
			<Cell><Data ss:Type="Number">39.7</Data></Cell>
			<Cell><Data ss:Type="Number">0</Data></Cell>
			<Cell><Data ss:Type="Number">0</Data></Cell>
			<Cell><Data ss:Type="String">2023-12-07 16:43:06.669193</Data></Cell>
		</Row>
		<Row>
			<Cell><Data ss:Type="String">398</Data></Cell>
			<Cell><Data ss:Type="Number">-1.94</Data></Cell>
			<Cell><Data ss:Type="Number">-9.95</Data></Cell>
			<Cell><Data ss:Type="Number">-1.54</Data></Cell>
			<Cell><Data ss:Type="Number">-9.54</Data></Cell>
			<Cell><Data ss:Type="Number">0.63</Data></Cell>
			<Cell><Data ss:Type="Number">-1.23</Data></Cell>
			<Cell><Data ss:Type="Number">22.7</Data></Cell>
			<Cell><Data ss:Type="Number">39.7</Data></Cell>
			<Cell><Data ss:Type="Number">0</Data></Cell>
			<Cell><Data ss:Type="Number">0</Data></Cell>
			<Cell><Data ss:Type="String">2023-12-07 16:43:06.663347</Data></Cell>
		</Row>
		<Row>
			<Cell><Data ss:Type="String">397</Data></Cell>
			<Cell><Data ss:Type="Number">2.45</Data></Cell>
			<Cell><Data ss:Type="Number">-10.24</Data></Cell>
			<Cell><Data ss:Type="Number">0.04</Data></Cell>
			<Cell><Data ss:Type="Number">-9.19</Data></Cell>
			<Cell><Data ss:Type="Number">0.49</Data></Cell>
			<Cell><Data ss:Type="Number">-1.03</Data></Cell>
			<Cell><Data ss:Type="Number">22.7</Data></Cell>
			<Cell><Data ss:Type="Number">39.7</Data></Cell>
			<Cell><Data ss:Type="Number">0</Data></Cell>
			<Cell><Data ss:Type="Number">0</Data></Cell>
			<Cell><Data ss:Type="String">2023-12-07 16:43:06.614300</Data></Cell>
		</Row>
		<Row>
			<Cell><Data ss:Type="String">396</Data></Cell>
			<Cell><Data ss:Type="Number">0.3</Data></Cell>
			<Cell><Data ss:Type="Number">-10.29</Data></Cell>
			<Cell><Data ss:Type="Number">0.12</Data></Cell>
			<Cell><Data ss:Type="Number">-8.94</Data></Cell>
			<Cell><Data ss:Type="Number">-0.51</Data></Cell>
			<Cell><Data ss:Type="Number">-0.76</Data></Cell>
			<Cell><Data ss:Type="Number">22.7</Data></Cell>
			<Cell><Data ss:Type="Number">39.7</Data></Cell>
			<Cell><Data ss:Type="Number">0</Data></Cell>
			<Cell><Data ss:Type="Number">0</Data></Cell>
			<Cell><Data ss:Type="String">2023-12-07 16:43:06.569431</Data></Cell>
		</Row>
		<Row>
			<Cell><Data ss:Type="String">395</Data></Cell>
			<Cell><Data ss:Type="Number">0.28</Data></Cell>
			<Cell><Data ss:Type="Number">-10.19</Data></Cell>
			<Cell><Data ss:Type="Number">0.19</Data></Cell>
			<Cell><Data ss:Type="Number">-9.48</Data></Cell>
			<Cell><Data ss:Type="Number">-0.06</Data></Cell>
			<Cell><Data ss:Type="Number">-0.86</Data></Cell>
			<Cell><Data ss:Type="Number">22.7</Data></Cell>
			<Cell><Data ss:Type="Number">39.7</Data></Cell>
			<Cell><Data ss:Type="Number">0</Data></Cell>
			<Cell><Data ss:Type="Number">0</Data></Cell>
			<Cell><Data ss:Type="String">2023-12-07 16:43:06.567746</Data></Cell>
		</Row>
		<Row>
			<Cell><Data ss:Type="String">394</Data></Cell>
			<Cell><Data ss:Type="Number">0.25</Data></Cell>
			<Cell><Data ss:Type="Number">-9.97</Data></Cell>
			<Cell><Data ss:Type="Number">0.11</Data></Cell>
			<Cell><Data ss:Type="Number">-9.39</Data></Cell>
			<Cell><Data ss:Type="Number">-0.06</Data></Cell>
			<Cell><Data ss:Type="Number">-0.92</Data></Cell>
			<Cell><Data ss:Type="Number">22.7</Data></Cell>
			<Cell><Data ss:Type="Number">39.7</Data></Cell>
			<Cell><Data ss:Type="Number">0</Data></Cell>
			<Cell><Data ss:Type="Number">0</Data></Cell>
			<Cell><Data ss:Type="String">2023-12-07 16:43:06.521277</Data></Cell>
		</Row>
		<Row>
			<Cell><Data ss:Type="String">393</Data></Cell>
			<Cell><Data ss:Type="Number">0.38</Data></Cell>
			<Cell><Data ss:Type="Number">-9.96</Data></Cell>
			<Cell><Data ss:Type="Number">0.14</Data></Cell>
			<Cell><Data ss:Type="Number">-9.49</Data></Cell>
			<Cell><Data ss:Type="Number">-0.09</Data></Cell>
			<Cell><Data ss:Type="Number">-0.92</Data></Cell>
			<Cell><Data ss:Type="Number">22.7</Data></Cell>
			<Cell><Data ss:Type="Number">39.7</Data></Cell>
			<Cell><Data ss:Type="Number">0</Data></Cell>
			<Cell><Data ss:Type="Number">0</Data></Cell>
			<Cell><Data ss:Type="String">2023-12-07 16:43:06.483512</Data></Cell>
		</Row>
		<Row>
			<Cell><Data ss:Type="String">392</Data></Cell>
			<Cell><Data ss:Type="Number">0.32</Data></Cell>
			<Cell><Data ss:Type="Number">-10.23</Data></Cell>
			<Cell><Data ss:Type="Number">0.2</Data></Cell>
			<Cell><Data ss:Type="Number">-9.56</Data></Cell>
			<Cell><Data ss:Type="Number">-0.08</Data></Cell>
			<Cell><Data ss:Type="Number">-0.89</Data></Cell>
			<Cell><Data ss:Type="Number">22.7</Data></Cell>
			<Cell><Data ss:Type="Number">39.7</Data></Cell>
			<Cell><Data ss:Type="Number">0</Data></Cell>
			<Cell><Data ss:Type="Number">0</Data></Cell>
			<Cell><Data ss:Type="String">2023-12-07 16:43:06.481678</Data></Cell>
		</Row>
		<Row>
			<Cell><Data ss:Type="String">391</Data></Cell>
			<Cell><Data ss:Type="Number">0.25</Data></Cell>
			<Cell><Data ss:Type="Number">-9.99</Data></Cell>
			<Cell><Data ss:Type="Number">0.14</Data></Cell>
			<Cell><Data ss:Type="Number">-9.45</Data></Cell>
			<Cell><Data ss:Type="Number">-0.07</Data></Cell>
			<Cell><Data ss:Type="Number">-0.93</Data></Cell>
			<Cell><Data ss:Type="Number">22.7</Data></Cell>
			<Cell><Data ss:Type="Number">39.7</Data></Cell>
			<Cell><Data ss:Type="Number">0</Data></Cell>
			<Cell><Data ss:Type="Number">0</Data></Cell>
			<Cell><Data ss:Type="String">2023-12-07 16:43:06.479518</Data></Cell>
		</Row>
		<Row>
			<Cell><Data ss:Type="String">390</Data></Cell>
			<Cell><Data ss:Type="Number">0.32</Data></Cell>
			<Cell><Data ss:Type="Number">-9.94</Data></Cell>
			<Cell><Data ss:Type="Number">0.12</Data></Cell>
			<Cell><Data ss:Type="Number">-9.44</Data></Cell>
			<Cell><Data ss:Type="Number">-0.09</Data></Cell>
			<Cell><Data ss:Type="Number">-0.95</Data></Cell>
			<Cell><Data ss:Type="Number">22.7</Data></Cell>
			<Cell><Data ss:Type="Number">39.7</Data></Cell>
			<Cell><Data ss:Type="Number">0</Data></Cell>
			<Cell><Data ss:Type="Number">0</Data></Cell>
			<Cell><Data ss:Type="String">2023-12-07 16:43:06.403864</Data></Cell>
		</Row>
		<Row>
			<Cell><Data ss:Type="String">389</Data></Cell>
			<Cell><Data ss:Type="Number">0.27</Data></Cell>
			<Cell><Data ss:Type="Number">-10.01</Data></Cell>
			<Cell><Data ss:Type="Number">0.15</Data></Cell>
			<Cell><Data ss:Type="Number">-9.47</Data></Cell>
			<Cell><Data ss:Type="Number">-0.06</Data></Cell>
			<Cell><Data ss:Type="Number">-0.91</Data></Cell>
			<Cell><Data ss:Type="Number">22.7</Data></Cell>
			<Cell><Data ss:Type="Number">39.7</Data></Cell>
			<Cell><Data ss:Type="Number">0</Data></Cell>
			<Cell><Data ss:Type="Number">0</Data></Cell>
			<Cell><Data ss:Type="String">2023-12-07 16:43:06.401654</Data></Cell>
		</Row>
		<Row>
			<Cell><Data ss:Type="String">388</Data></Cell>
			<Cell><Data ss:Type="Number">0.29</Data></Cell>
			<Cell><Data ss:Type="Number">-10.12</Data></Cell>
			<Cell><Data ss:Type="Number">0.18</Data></Cell>
			<Cell><Data ss:Type="Number">-9.55</Data></Cell>
			<Cell><Data ss:Type="Number">-0.08</Data></Cell>
			<Cell><Data ss:Type="Number">-0.91</Data></Cell>
			<Cell><Data ss:Type="Number">22.7</Data></Cell>
			<Cell><Data ss:Type="Number">39.7</Data></Cell>
			<Cell><Data ss:Type="Number">0</Data></Cell>
			<Cell><Data ss:Type="Number">0</Data></Cell>
			<Cell><Data ss:Type="String">2023-12-07 16:43:06.399705</Data></Cell>
		</Row>
		<Row>
			<Cell><Data ss:Type="String">387</Data></Cell>
			<Cell><Data ss:Type="Number">0.17</Data></Cell>
			<Cell><Data ss:Type="Number">-10.14</Data></Cell>
			<Cell><Data ss:Type="Number">0.27</Data></Cell>
			<Cell><Data ss:Type="Number">-9.56</Data></Cell>
			<Cell><Data ss:Type="Number">-0.06</Data></Cell>
			<Cell><Data ss:Type="Number">-0.89</Data></Cell>
			<Cell><Data ss:Type="Number">22.7</Data></Cell>
			<Cell><Data ss:Type="Number">39.7</Data></Cell>
			<Cell><Data ss:Type="Number">0</Data></Cell>
			<Cell><Data ss:Type="Number">0</Data></Cell>
			<Cell><Data ss:Type="String">2023-12-07 16:43:06.397264</Data></Cell>
		</Row>
		<Row>
			<Cell><Data ss:Type="String">386</Data></Cell>
			<Cell><Data ss:Type="Number">0.24</Data></Cell>
			<Cell><Data ss:Type="Number">-10.23</Data></Cell>
			<Cell><Data ss:Type="Number">0.14</Data></Cell>
			<Cell><Data ss:Type="Number">-9.5</Data></Cell>
			<Cell><Data ss:Type="Number">-0.08</Data></Cell>
			<Cell><Data ss:Type="Number">-0.91</Data></Cell>
			<Cell><Data ss:Type="Number">22.7</Data></Cell>
			<Cell><Data ss:Type="Number">39.7</Data></Cell>
			<Cell><Data ss:Type="Number">0</Data></Cell>
			<Cell><Data ss:Type="Number">0</Data></Cell>
			<Cell><Data ss:Type="String">2023-12-07 16:43:06.394225</Data></Cell>
		</Row>
		<Row>
			<Cell><Data ss:Type="String">385</Data></Cell>
			<Cell><Data ss:Type="Number">0.37</Data></Cell>
			<Cell><Data ss:Type="Number">-10.03</Data></Cell>
			<Cell><Data ss:Type="Number">0.11</Data></Cell>
			<Cell><Data ss:Type="Number">-9.44</Data></Cell>
			<Cell><Data ss:Type="Number">-0.08</Data></Cell>
			<Cell><Data ss:Type="Number">-0.92</Data></Cell>
			<Cell><Data ss:Type="Number">22.7</Data></Cell>
			<Cell><Data ss:Type="Number">39.7</Data></Cell>
			<Cell><Data ss:Type="Number">0</Data></Cell>
			<Cell><Data ss:Type="Number">0</Data></Cell>
			<Cell><Data ss:Type="String">2023-12-07 16:43:06.391872</Data></Cell>
		</Row>
		<Row>
			<Cell><Data ss:Type="String">384</Data></Cell>
			<Cell><Data ss:Type="Number">0.29</Data></Cell>
			<Cell><Data ss:Type="Number">-10.02</Data></Cell>
			<Cell><Data ss:Type="Number">0.17</Data></Cell>
			<Cell><Data ss:Type="Number">-9.48</Data></Cell>
			<Cell><Data ss:Type="Number">-0.08</Data></Cell>
			<Cell><Data ss:Type="Number">-0.94</Data></Cell>
			<Cell><Data ss:Type="Number">22.7</Data></Cell>
			<Cell><Data ss:Type="Number">39.7</Data></Cell>
			<Cell><Data ss:Type="Number">0</Data></Cell>
			<Cell><Data ss:Type="Number">0</Data></Cell>
			<Cell><Data ss:Type="String">2023-12-07 16:43:06.389588</Data></Cell>
		</Row>
		<Row>
			<Cell><Data ss:Type="String">383</Data></Cell>
			<Cell><Data ss:Type="Number">0.32</Data></Cell>
			<Cell><Data ss:Type="Number">-10.14</Data></Cell>
			<Cell><Data ss:Type="Number">0.19</Data></Cell>
			<Cell><Data ss:Type="Number">-9.54</Data></Cell>
			<Cell><Data ss:Type="Number">-0.08</Data></Cell>
			<Cell><Data ss:Type="Number">-0.92</Data></Cell>
			<Cell><Data ss:Type="Number">22.7</Data></Cell>
			<Cell><Data ss:Type="Number">39.7</Data></Cell>
			<Cell><Data ss:Type="Number">0</Data></Cell>
			<Cell><Data ss:Type="Number">0</Data></Cell>
			<Cell><Data ss:Type="String">2023-12-07 16:43:06.169935</Data></Cell>
		</Row>
		<Row>
			<Cell><Data ss:Type="String">382</Data></Cell>
			<Cell><Data ss:Type="Number">0.27</Data></Cell>
			<Cell><Data ss:Type="Number">-10.25</Data></Cell>
			<Cell><Data ss:Type="Number">0.19</Data></Cell>
			<Cell><Data ss:Type="Number">-9.56</Data></Cell>
			<Cell><Data ss:Type="Number">-0.07</Data></Cell>
			<Cell><Data ss:Type="Number">-0.89</Data></Cell>
			<Cell><Data ss:Type="Number">22.7</Data></Cell>
			<Cell><Data ss:Type="Number">39.7</Data></Cell>
			<Cell><Data ss:Type="Number">0</Data></Cell>
			<Cell><Data ss:Type="Number">0</Data></Cell>
			<Cell><Data ss:Type="String">2023-12-07 16:43:06.167646</Data></Cell>
		</Row>
		<Row>
			<Cell><Data ss:Type="String">381</Data></Cell>
			<Cell><Data ss:Type="Number">0.29</Data></Cell>
			<Cell><Data ss:Type="Number">-10.25</Data></Cell>
			<Cell><Data ss:Type="Number">0.16</Data></Cell>
			<Cell><Data ss:Type="Number">-9.51</Data></Cell>
			<Cell><Data ss:Type="Number">-0.07</Data></Cell>
			<Cell><Data ss:Type="Number">-0.92</Data></Cell>
			<Cell><Data ss:Type="Number">22.7</Data></Cell>
			<Cell><Data ss:Type="Number">39.7</Data></Cell>
			<Cell><Data ss:Type="Number">0</Data></Cell>
			<Cell><Data ss:Type="Number">0</Data></Cell>
			<Cell><Data ss:Type="String">2023-12-07 16:43:06.165389</Data></Cell>
		</Row>
		<Row>
			<Cell><Data ss:Type="String">380</Data></Cell>
			<Cell><Data ss:Type="Number">0.28</Data></Cell>
			<Cell><Data ss:Type="Number">-10.16</Data></Cell>
			<Cell><Data ss:Type="Number">0.22</Data></Cell>
			<Cell><Data ss:Type="Number">-9.44</Data></Cell>
			<Cell><Data ss:Type="Number">-0.07</Data></Cell>
			<Cell><Data ss:Type="Number">-0.91</Data></Cell>
			<Cell><Data ss:Type="Number">22.7</Data></Cell>
			<Cell><Data ss:Type="Number">39.7</Data></Cell>
			<Cell><Data ss:Type="Number">0</Data></Cell>
			<Cell><Data ss:Type="Number">0</Data></Cell>
			<Cell><Data ss:Type="String">2023-12-07 16:43:06.162812</Data></Cell>
		</Row>
		<Row>
			<Cell><Data ss:Type="String">379</Data></Cell>
			<Cell><Data ss:Type="Number">0.28</Data></Cell>
			<Cell><Data ss:Type="Number">-10.05</Data></Cell>
			<Cell><Data ss:Type="Number">0.14</Data></Cell>
			<Cell><Data ss:Type="Number">-9.44</Data></Cell>
			<Cell><Data ss:Type="Number">-0.05</Data></Cell>
			<Cell><Data ss:Type="Number">-0.95</Data></Cell>
			<Cell><Data ss:Type="Number">22.7</Data></Cell>
			<Cell><Data ss:Type="Number">39.7</Data></Cell>
			<Cell><Data ss:Type="Number">0</Data></Cell>
			<Cell><Data ss:Type="Number">0</Data></Cell>
			<Cell><Data ss:Type="String">2023-12-07 16:43:06.160170</Data></Cell>
		</Row>
		<Row>
			<Cell><Data ss:Type="String">378</Data></Cell>
			<Cell><Data ss:Type="Number">0.34</Data></Cell>
			<Cell><Data ss:Type="Number">-10</Data></Cell>
			<Cell><Data ss:Type="Number">0.14</Data></Cell>
			<Cell><Data ss:Type="Number">-9.45</Data></Cell>
			<Cell><Data ss:Type="Number">-0.08</Data></Cell>
			<Cell><Data ss:Type="Number">-0.91</Data></Cell>
			<Cell><Data ss:Type="Number">22.7</Data></Cell>
			<Cell><Data ss:Type="Number">39.7</Data></Cell>
			<Cell><Data ss:Type="Number">0</Data></Cell>
			<Cell><Data ss:Type="Number">0</Data></Cell>
			<Cell><Data ss:Type="String">2023-12-07 16:43:06.157894</Data></Cell>
		</Row>
		<Row>
			<Cell><Data ss:Type="String">377</Data></Cell>
			<Cell><Data ss:Type="Number">0.28</Data></Cell>
			<Cell><Data ss:Type="Number">-10.27</Data></Cell>
			<Cell><Data ss:Type="Number">0.16</Data></Cell>
			<Cell><Data ss:Type="Number">-9.53</Data></Cell>
			<Cell><Data ss:Type="Number">-0.07</Data></Cell>
			<Cell><Data ss:Type="Number">-0.89</Data></Cell>
			<Cell><Data ss:Type="Number">22.7</Data></Cell>
			<Cell><Data ss:Type="Number">39.7</Data></Cell>
			<Cell><Data ss:Type="Number">0</Data></Cell>
			<Cell><Data ss:Type="Number">0</Data></Cell>
			<Cell><Data ss:Type="String">2023-12-07 16:43:06.156042</Data></Cell>
		</Row>
		<Row>
			<Cell><Data ss:Type="String">376</Data></Cell>
			<Cell><Data ss:Type="Number">0.29</Data></Cell>
			<Cell><Data ss:Type="Number">-10.15</Data></Cell>
			<Cell><Data ss:Type="Number">0.17</Data></Cell>
			<Cell><Data ss:Type="Number">-9.46</Data></Cell>
			<Cell><Data ss:Type="Number">-0.06</Data></Cell>
			<Cell><Data ss:Type="Number">-0.91</Data></Cell>
			<Cell><Data ss:Type="Number">22.7</Data></Cell>
			<Cell><Data ss:Type="Number">39.7</Data></Cell>
			<Cell><Data ss:Type="Number">0</Data></Cell>
			<Cell><Data ss:Type="Number">0</Data></Cell>
			<Cell><Data ss:Type="String">2023-12-07 16:43:05.922986</Data></Cell>
		</Row>
		<Row>
			<Cell><Data ss:Type="String">375</Data></Cell>
			<Cell><Data ss:Type="Number">0.29</Data></Cell>
			<Cell><Data ss:Type="Number">-10.1</Data></Cell>
			<Cell><Data ss:Type="Number">0.19</Data></Cell>
			<Cell><Data ss:Type="Number">-9.43</Data></Cell>
			<Cell><Data ss:Type="Number">-0.06</Data></Cell>
			<Cell><Data ss:Type="Number">-0.91</Data></Cell>
			<Cell><Data ss:Type="Number">22.7</Data></Cell>
			<Cell><Data ss:Type="Number">39.7</Data></Cell>
			<Cell><Data ss:Type="Number">0</Data></Cell>
			<Cell><Data ss:Type="Number">0</Data></Cell>
			<Cell><Data ss:Type="String">2023-12-07 16:43:05.879868</Data></Cell>
		</Row>
		<Row>
			<Cell><Data ss:Type="String">374</Data></Cell>
			<Cell><Data ss:Type="Number">0.26</Data></Cell>
			<Cell><Data ss:Type="Number">-9.93</Data></Cell>
			<Cell><Data ss:Type="Number">0.11</Data></Cell>
			<Cell><Data ss:Type="Number">-9.44</Data></Cell>
			<Cell><Data ss:Type="Number">-0.1</Data></Cell>
			<Cell><Data ss:Type="Number">-0.95</Data></Cell>
			<Cell><Data ss:Type="Number">22.7</Data></Cell>
			<Cell><Data ss:Type="Number">39.7</Data></Cell>
			<Cell><Data ss:Type="Number">0</Data></Cell>
			<Cell><Data ss:Type="Number">0</Data></Cell>
			<Cell><Data ss:Type="String">2023-12-07 16:43:05.876827</Data></Cell>
		</Row>
		<Row>
			<Cell><Data ss:Type="String">373</Data></Cell>
			<Cell><Data ss:Type="Number">0.43</Data></Cell>
			<Cell><Data ss:Type="Number">-10.09</Data></Cell>
			<Cell><Data ss:Type="Number">0.2</Data></Cell>
			<Cell><Data ss:Type="Number">-9.53</Data></Cell>
			<Cell><Data ss:Type="Number">-0.06</Data></Cell>
			<Cell><Data ss:Type="Number">-0.9</Data></Cell>
			<Cell><Data ss:Type="Number">22.7</Data></Cell>
			<Cell><Data ss:Type="Number">39.7</Data></Cell>
			<Cell><Data ss:Type="Number">0</Data></Cell>
			<Cell><Data ss:Type="Number">0</Data></Cell>
			<Cell><Data ss:Type="String">2023-12-07 16:43:05.830176</Data></Cell>
		</Row>
		<Row>
			<Cell><Data ss:Type="String">372</Data></Cell>
			<Cell><Data ss:Type="Number">0.29</Data></Cell>
			<Cell><Data ss:Type="Number">-10.27</Data></Cell>
			<Cell><Data ss:Type="Number">0.18</Data></Cell>
			<Cell><Data ss:Type="Number">-9.57</Data></Cell>
			<Cell><Data ss:Type="Number">-0.09</Data></Cell>
			<Cell><Data ss:Type="Number">-0.89</Data></Cell>
			<Cell><Data ss:Type="Number">22.7</Data></Cell>
			<Cell><Data ss:Type="Number">39.7</Data></Cell>
			<Cell><Data ss:Type="Number">0</Data></Cell>
			<Cell><Data ss:Type="Number">0</Data></Cell>
			<Cell><Data ss:Type="String">2023-12-07 16:43:05.785338</Data></Cell>
		</Row>
		<Row>
			<Cell><Data ss:Type="String">371</Data></Cell>
			<Cell><Data ss:Type="Number">0.29</Data></Cell>
			<Cell><Data ss:Type="Number">-10.13</Data></Cell>
			<Cell><Data ss:Type="Number">0.08</Data></Cell>
			<Cell><Data ss:Type="Number">-9.51</Data></Cell>
			<Cell><Data ss:Type="Number">-0.06</Data></Cell>
			<Cell><Data ss:Type="Number">-0.88</Data></Cell>
			<Cell><Data ss:Type="Number">22.7</Data></Cell>
			<Cell><Data ss:Type="Number">39.7</Data></Cell>
			<Cell><Data ss:Type="Number">0</Data></Cell>
			<Cell><Data ss:Type="Number">0</Data></Cell>
			<Cell><Data ss:Type="String">2023-12-07 16:43:05.740068</Data></Cell>
		</Row>
		<Row>
			<Cell><Data ss:Type="String">370</Data></Cell>
			<Cell><Data ss:Type="Number">0.29</Data></Cell>
			<Cell><Data ss:Type="Number">-10.01</Data></Cell>
			<Cell><Data ss:Type="Number">0.14</Data></Cell>
			<Cell><Data ss:Type="Number">-9.42</Data></Cell>
			<Cell><Data ss:Type="Number">-0.09</Data></Cell>
			<Cell><Data ss:Type="Number">-0.92</Data></Cell>
			<Cell><Data ss:Type="Number">22.7</Data></Cell>
			<Cell><Data ss:Type="Number">39.7</Data></Cell>
			<Cell><Data ss:Type="Number">0</Data></Cell>
			<Cell><Data ss:Type="Number">0</Data></Cell>
			<Cell><Data ss:Type="String">2023-12-07 16:43:05.738161</Data></Cell>
		</Row>
		<Row>
			<Cell><Data ss:Type="String">369</Data></Cell>
			<Cell><Data ss:Type="Number">0.33</Data></Cell>
			<Cell><Data ss:Type="Number">-10.03</Data></Cell>
			<Cell><Data ss:Type="Number">0.16</Data></Cell>
			<Cell><Data ss:Type="Number">-9.5</Data></Cell>
			<Cell><Data ss:Type="Number">-0.06</Data></Cell>
			<Cell><Data ss:Type="Number">-0.91</Data></Cell>
			<Cell><Data ss:Type="Number">22.7</Data></Cell>
			<Cell><Data ss:Type="Number">39.7</Data></Cell>
			<Cell><Data ss:Type="Number">0</Data></Cell>
			<Cell><Data ss:Type="Number">0</Data></Cell>
			<Cell><Data ss:Type="String">2023-12-07 16:43:05.692973</Data></Cell>
		</Row>
		<Row>
			<Cell><Data ss:Type="String">368</Data></Cell>
			<Cell><Data ss:Type="Number">0.28</Data></Cell>
			<Cell><Data ss:Type="Number">-10.1</Data></Cell>
			<Cell><Data ss:Type="Number">0.11</Data></Cell>
			<Cell><Data ss:Type="Number">-9.54</Data></Cell>
			<Cell><Data ss:Type="Number">-0.07</Data></Cell>
			<Cell><Data ss:Type="Number">-0.91</Data></Cell>
			<Cell><Data ss:Type="Number">22.7</Data></Cell>
			<Cell><Data ss:Type="Number">39.7</Data></Cell>
			<Cell><Data ss:Type="Number">0</Data></Cell>
			<Cell><Data ss:Type="Number">0</Data></Cell>
			<Cell><Data ss:Type="String">2023-12-07 16:43:05.647744</Data></Cell>
		</Row>
		<Row>
			<Cell><Data ss:Type="String">367</Data></Cell>
			<Cell><Data ss:Type="Number">0.29</Data></Cell>
			<Cell><Data ss:Type="Number">-10.21</Data></Cell>
			<Cell><Data ss:Type="Number">0.18</Data></Cell>
			<Cell><Data ss:Type="Number">-9.53</Data></Cell>
			<Cell><Data ss:Type="Number">-0.08</Data></Cell>
			<Cell><Data ss:Type="Number">-0.9</Data></Cell>
			<Cell><Data ss:Type="Number">22.7</Data></Cell>
			<Cell><Data ss:Type="Number">39.7</Data></Cell>
			<Cell><Data ss:Type="Number">0</Data></Cell>
			<Cell><Data ss:Type="Number">0</Data></Cell>
			<Cell><Data ss:Type="String">2023-12-07 16:43:05.603048</Data></Cell>
		</Row>
		<Row>
			<Cell><Data ss:Type="String">366</Data></Cell>
			<Cell><Data ss:Type="Number">0.26</Data></Cell>
			<Cell><Data ss:Type="Number">-10.04</Data></Cell>
			<Cell><Data ss:Type="Number">0.14</Data></Cell>
			<Cell><Data ss:Type="Number">-9.42</Data></Cell>
			<Cell><Data ss:Type="Number">-0.08</Data></Cell>
			<Cell><Data ss:Type="Number">-0.92</Data></Cell>
			<Cell><Data ss:Type="Number">22.7</Data></Cell>
			<Cell><Data ss:Type="Number">39.7</Data></Cell>
			<Cell><Data ss:Type="Number">0</Data></Cell>
			<Cell><Data ss:Type="Number">0</Data></Cell>
			<Cell><Data ss:Type="String">2023-12-07 16:43:05.601295</Data></Cell>
		</Row>
		<Row>
			<Cell><Data ss:Type="String">365</Data></Cell>
			<Cell><Data ss:Type="Number">0.38</Data></Cell>
			<Cell><Data ss:Type="Number">-9.96</Data></Cell>
			<Cell><Data ss:Type="Number">0.05</Data></Cell>
			<Cell><Data ss:Type="Number">-9.43</Data></Cell>
			<Cell><Data ss:Type="Number">-0.08</Data></Cell>
			<Cell><Data ss:Type="Number">-0.89</Data></Cell>
			<Cell><Data ss:Type="Number">22.7</Data></Cell>
			<Cell><Data ss:Type="Number">39.7</Data></Cell>
			<Cell><Data ss:Type="Number">0</Data></Cell>
			<Cell><Data ss:Type="Number">0</Data></Cell>
			<Cell><Data ss:Type="String">2023-12-07 16:43:05.565025</Data></Cell>
		</Row>
		<Row>
			<Cell><Data ss:Type="String">364</Data></Cell>
			<Cell><Data ss:Type="Number">0.28</Data></Cell>
			<Cell><Data ss:Type="Number">-10.1</Data></Cell>
			<Cell><Data ss:Type="Number">0.19</Data></Cell>
			<Cell><Data ss:Type="Number">-9.5</Data></Cell>
			<Cell><Data ss:Type="Number">-0.07</Data></Cell>
			<Cell><Data ss:Type="Number">-0.91</Data></Cell>
			<Cell><Data ss:Type="Number">22.7</Data></Cell>
			<Cell><Data ss:Type="Number">39.7</Data></Cell>
			<Cell><Data ss:Type="Number">0</Data></Cell>
			<Cell><Data ss:Type="Number">0</Data></Cell>
			<Cell><Data ss:Type="String">2023-12-07 16:43:05.562307</Data></Cell>
		</Row>
		<Row>
			<Cell><Data ss:Type="String">363</Data></Cell>
			<Cell><Data ss:Type="Number">0.44</Data></Cell>
			<Cell><Data ss:Type="Number">-10.18</Data></Cell>
			<Cell><Data ss:Type="Number">0.16</Data></Cell>
			<Cell><Data ss:Type="Number">-9.52</Data></Cell>
			<Cell><Data ss:Type="Number">-0.08</Data></Cell>
			<Cell><Data ss:Type="Number">-0.9</Data></Cell>
			<Cell><Data ss:Type="Number">22.7</Data></Cell>
			<Cell><Data ss:Type="Number">39.7</Data></Cell>
			<Cell><Data ss:Type="Number">0</Data></Cell>
			<Cell><Data ss:Type="Number">0</Data></Cell>
			<Cell><Data ss:Type="String">2023-12-07 16:43:05.559728</Data></Cell>
		</Row>
		<Row>
			<Cell><Data ss:Type="String">362</Data></Cell>
			<Cell><Data ss:Type="Number">0.28</Data></Cell>
			<Cell><Data ss:Type="Number">-10.1</Data></Cell>
			<Cell><Data ss:Type="Number">0.25</Data></Cell>
			<Cell><Data ss:Type="Number">-9.51</Data></Cell>
			<Cell><Data ss:Type="Number">-0.09</Data></Cell>
			<Cell><Data ss:Type="Number">-0.9</Data></Cell>
			<Cell><Data ss:Type="Number">22.7</Data></Cell>
			<Cell><Data ss:Type="Number">39.7</Data></Cell>
			<Cell><Data ss:Type="Number">0</Data></Cell>
			<Cell><Data ss:Type="Number">0</Data></Cell>
			<Cell><Data ss:Type="String">2023-12-07 16:43:05.557252</Data></Cell>
		</Row>
		<Row>
			<Cell><Data ss:Type="String">361</Data></Cell>
			<Cell><Data ss:Type="Number">0.33</Data></Cell>
			<Cell><Data ss:Type="Number">-9.97</Data></Cell>
			<Cell><Data ss:Type="Number">0.12</Data></Cell>
			<Cell><Data ss:Type="Number">-9.42</Data></Cell>
			<Cell><Data ss:Type="Number">-0.06</Data></Cell>
			<Cell><Data ss:Type="Number">-0.94</Data></Cell>
			<Cell><Data ss:Type="Number">22.7</Data></Cell>
			<Cell><Data ss:Type="Number">39.7</Data></Cell>
			<Cell><Data ss:Type="Number">0</Data></Cell>
			<Cell><Data ss:Type="Number">0</Data></Cell>
			<Cell><Data ss:Type="String">2023-12-07 16:43:05.405738</Data></Cell>
		</Row>
		<Row>
			<Cell><Data ss:Type="String">360</Data></Cell>
			<Cell><Data ss:Type="Number">0.28</Data></Cell>
			<Cell><Data ss:Type="Number">-10.12</Data></Cell>
			<Cell><Data ss:Type="Number">0.15</Data></Cell>
			<Cell><Data ss:Type="Number">-9.53</Data></Cell>
			<Cell><Data ss:Type="Number">-0.1</Data></Cell>
			<Cell><Data ss:Type="Number">-0.93</Data></Cell>
			<Cell><Data ss:Type="Number">22.7</Data></Cell>
			<Cell><Data ss:Type="Number">39.7</Data></Cell>
			<Cell><Data ss:Type="Number">0</Data></Cell>
			<Cell><Data ss:Type="Number">0</Data></Cell>
			<Cell><Data ss:Type="String">2023-12-07 16:43:05.403369</Data></Cell>
		</Row>
		<Row>
			<Cell><Data ss:Type="String">359</Data></Cell>
			<Cell><Data ss:Type="Number">0.28</Data></Cell>
			<Cell><Data ss:Type="Number">-10.01</Data></Cell>
			<Cell><Data ss:Type="Number">0.15</Data></Cell>
			<Cell><Data ss:Type="Number">-9.41</Data></Cell>
			<Cell><Data ss:Type="Number">-0.08</Data></Cell>
			<Cell><Data ss:Type="Number">-0.91</Data></Cell>
			<Cell><Data ss:Type="Number">22.7</Data></Cell>
			<Cell><Data ss:Type="Number">39.7</Data></Cell>
			<Cell><Data ss:Type="Number">0</Data></Cell>
			<Cell><Data ss:Type="Number">0</Data></Cell>
			<Cell><Data ss:Type="String">2023-12-07 16:43:05.355890</Data></Cell>
		</Row>
		<Row>
			<Cell><Data ss:Type="String">358</Data></Cell>
			<Cell><Data ss:Type="Number">0.19</Data></Cell>
			<Cell><Data ss:Type="Number">-9.88</Data></Cell>
			<Cell><Data ss:Type="Number">0.25</Data></Cell>
			<Cell><Data ss:Type="Number">-9.46</Data></Cell>
			<Cell><Data ss:Type="Number">-0.07</Data></Cell>
			<Cell><Data ss:Type="Number">-0.92</Data></Cell>
			<Cell><Data ss:Type="Number">22.7</Data></Cell>
			<Cell><Data ss:Type="Number">39.7</Data></Cell>
			<Cell><Data ss:Type="Number">0</Data></Cell>
			<Cell><Data ss:Type="Number">0</Data></Cell>
			<Cell><Data ss:Type="String">2023-12-07 16:43:05.309325</Data></Cell>
		</Row>
		<Row>
			<Cell><Data ss:Type="String">357</Data></Cell>
			<Cell><Data ss:Type="Number">0.28</Data></Cell>
			<Cell><Data ss:Type="Number">-10.1</Data></Cell>
			<Cell><Data ss:Type="Number">0.14</Data></Cell>
			<Cell><Data ss:Type="Number">-9.5</Data></Cell>
			<Cell><Data ss:Type="Number">-0.08</Data></Cell>
			<Cell><Data ss:Type="Number">-0.91</Data></Cell>
			<Cell><Data ss:Type="Number">22.7</Data></Cell>
			<Cell><Data ss:Type="Number">39.7</Data></Cell>
			<Cell><Data ss:Type="Number">0</Data></Cell>
			<Cell><Data ss:Type="Number">0</Data></Cell>
			<Cell><Data ss:Type="String">2023-12-07 16:43:05.267642</Data></Cell>
		</Row>
		<Row>
			<Cell><Data ss:Type="String">356</Data></Cell>
			<Cell><Data ss:Type="Number">0.36</Data></Cell>
			<Cell><Data ss:Type="Number">-10.25</Data></Cell>
			<Cell><Data ss:Type="Number">0.17</Data></Cell>
			<Cell><Data ss:Type="Number">-9.55</Data></Cell>
			<Cell><Data ss:Type="Number">-0.08</Data></Cell>
			<Cell><Data ss:Type="Number">-0.89</Data></Cell>
			<Cell><Data ss:Type="Number">22.7</Data></Cell>
			<Cell><Data ss:Type="Number">39.7</Data></Cell>
			<Cell><Data ss:Type="Number">0</Data></Cell>
			<Cell><Data ss:Type="Number">0</Data></Cell>
			<Cell><Data ss:Type="String">2023-12-07 16:43:05.265018</Data></Cell>
		</Row>
		<Row>
			<Cell><Data ss:Type="String">355</Data></Cell>
			<Cell><Data ss:Type="Number">0.31</Data></Cell>
			<Cell><Data ss:Type="Number">-10.21</Data></Cell>
			<Cell><Data ss:Type="Number">0.13</Data></Cell>
			<Cell><Data ss:Type="Number">-9.48</Data></Cell>
			<Cell><Data ss:Type="Number">-0.05</Data></Cell>
			<Cell><Data ss:Type="Number">-0.94</Data></Cell>
			<Cell><Data ss:Type="Number">22.7</Data></Cell>
			<Cell><Data ss:Type="Number">39.7</Data></Cell>
			<Cell><Data ss:Type="Number">0</Data></Cell>
			<Cell><Data ss:Type="Number">0</Data></Cell>
			<Cell><Data ss:Type="String">2023-12-07 16:43:05.216802</Data></Cell>
		</Row>
		<Row>
			<Cell><Data ss:Type="String">354</Data></Cell>
			<Cell><Data ss:Type="Number">0.31</Data></Cell>
			<Cell><Data ss:Type="Number">-9.97</Data></Cell>
			<Cell><Data ss:Type="Number">0.14</Data></Cell>
			<Cell><Data ss:Type="Number">-9.42</Data></Cell>
			<Cell><Data ss:Type="Number">-0.1</Data></Cell>
			<Cell><Data ss:Type="Number">-0.92</Data></Cell>
			<Cell><Data ss:Type="Number">22.7</Data></Cell>
			<Cell><Data ss:Type="Number">39.7</Data></Cell>
			<Cell><Data ss:Type="Number">0</Data></Cell>
			<Cell><Data ss:Type="Number">0</Data></Cell>
			<Cell><Data ss:Type="String">2023-12-07 16:43:05.178437</Data></Cell>
		</Row>
		<Row>
			<Cell><Data ss:Type="String">353</Data></Cell>
			<Cell><Data ss:Type="Number">0.28</Data></Cell>
			<Cell><Data ss:Type="Number">-9.89</Data></Cell>
			<Cell><Data ss:Type="Number">0.1</Data></Cell>
			<Cell><Data ss:Type="Number">-9.42</Data></Cell>
			<Cell><Data ss:Type="Number">-0.05</Data></Cell>
			<Cell><Data ss:Type="Number">-0.94</Data></Cell>
			<Cell><Data ss:Type="Number">22.7</Data></Cell>
			<Cell><Data ss:Type="Number">39.7</Data></Cell>
			<Cell><Data ss:Type="Number">0</Data></Cell>
			<Cell><Data ss:Type="Number">0</Data></Cell>
			<Cell><Data ss:Type="String">2023-12-07 16:43:05.175865</Data></Cell>
		</Row>
		<Row>
			<Cell><Data ss:Type="String">352</Data></Cell>
			<Cell><Data ss:Type="Number">0.3</Data></Cell>
			<Cell><Data ss:Type="Number">-9.92</Data></Cell>
			<Cell><Data ss:Type="Number">0.17</Data></Cell>
			<Cell><Data ss:Type="Number">-9.44</Data></Cell>
			<Cell><Data ss:Type="Number">-0.07</Data></Cell>
			<Cell><Data ss:Type="Number">-0.95</Data></Cell>
			<Cell><Data ss:Type="Number">22.7</Data></Cell>
			<Cell><Data ss:Type="Number">39.7</Data></Cell>
			<Cell><Data ss:Type="Number">0</Data></Cell>
			<Cell><Data ss:Type="Number">0</Data></Cell>
			<Cell><Data ss:Type="String">2023-12-07 16:43:05.173619</Data></Cell>
		</Row>
		<Row>
			<Cell><Data ss:Type="String">351</Data></Cell>
			<Cell><Data ss:Type="Number">0.26</Data></Cell>
			<Cell><Data ss:Type="Number">-10.1</Data></Cell>
			<Cell><Data ss:Type="Number">0.12</Data></Cell>
			<Cell><Data ss:Type="Number">-9.56</Data></Cell>
			<Cell><Data ss:Type="Number">-0.1</Data></Cell>
			<Cell><Data ss:Type="Number">-0.86</Data></Cell>
			<Cell><Data ss:Type="Number">22.7</Data></Cell>
			<Cell><Data ss:Type="Number">39.7</Data></Cell>
			<Cell><Data ss:Type="Number">0</Data></Cell>
			<Cell><Data ss:Type="Number">0</Data></Cell>
			<Cell><Data ss:Type="String">2023-12-07 16:43:05.171600</Data></Cell>
		</Row>
		<Row>
			<Cell><Data ss:Type="String">350</Data></Cell>
			<Cell><Data ss:Type="Number">0.27</Data></Cell>
			<Cell><Data ss:Type="Number">-10.11</Data></Cell>
			<Cell><Data ss:Type="Number">0.25</Data></Cell>
			<Cell><Data ss:Type="Number">-9.56</Data></Cell>
			<Cell><Data ss:Type="Number">-0.05</Data></Cell>
			<Cell><Data ss:Type="Number">-0.94</Data></Cell>
			<Cell><Data ss:Type="Number">22.7</Data></Cell>
			<Cell><Data ss:Type="Number">39.7</Data></Cell>
			<Cell><Data ss:Type="Number">0</Data></Cell>
			<Cell><Data ss:Type="Number">0</Data></Cell>
			<Cell><Data ss:Type="String">2023-12-07 16:43:05.169596</Data></Cell>
		</Row>
		<Row>
			<Cell><Data ss:Type="String">349</Data></Cell>
			<Cell><Data ss:Type="Number">0.19</Data></Cell>
			<Cell><Data ss:Type="Number">-10.13</Data></Cell>
			<Cell><Data ss:Type="Number">0.17</Data></Cell>
			<Cell><Data ss:Type="Number">-9.48</Data></Cell>
			<Cell><Data ss:Type="Number">-0.03</Data></Cell>
			<Cell><Data ss:Type="Number">-0.87</Data></Cell>
			<Cell><Data ss:Type="Number">22.7</Data></Cell>
			<Cell><Data ss:Type="Number">39.7</Data></Cell>
			<Cell><Data ss:Type="Number">0</Data></Cell>
			<Cell><Data ss:Type="Number">0</Data></Cell>
			<Cell><Data ss:Type="String">2023-12-07 16:43:05.167498</Data></Cell>
		</Row>
		<Row>
			<Cell><Data ss:Type="String">348</Data></Cell>
			<Cell><Data ss:Type="Number">0.32</Data></Cell>
			<Cell><Data ss:Type="Number">-9.98</Data></Cell>
			<Cell><Data ss:Type="Number">0.05</Data></Cell>
			<Cell><Data ss:Type="Number">-9.43</Data></Cell>
			<Cell><Data ss:Type="Number">-0.04</Data></Cell>
			<Cell><Data ss:Type="Number">-0.97</Data></Cell>
			<Cell><Data ss:Type="Number">22.7</Data></Cell>
			<Cell><Data ss:Type="Number">39.7</Data></Cell>
			<Cell><Data ss:Type="Number">0</Data></Cell>
			<Cell><Data ss:Type="Number">0</Data></Cell>
			<Cell><Data ss:Type="String">2023-12-07 16:43:05.165294</Data></Cell>
		</Row>
		<Row>
			<Cell><Data ss:Type="String">347</Data></Cell>
			<Cell><Data ss:Type="Number">0.52</Data></Cell>
			<Cell><Data ss:Type="Number">-10.07</Data></Cell>
			<Cell><Data ss:Type="Number">0.26</Data></Cell>
			<Cell><Data ss:Type="Number">-9.49</Data></Cell>
			<Cell><Data ss:Type="Number">-0.13</Data></Cell>
			<Cell><Data ss:Type="Number">-0.9</Data></Cell>
			<Cell><Data ss:Type="Number">22.7</Data></Cell>
			<Cell><Data ss:Type="Number">39.7</Data></Cell>
			<Cell><Data ss:Type="Number">0</Data></Cell>
			<Cell><Data ss:Type="Number">0</Data></Cell>
			<Cell><Data ss:Type="String">2023-12-07 16:43:05.163034</Data></Cell>
		</Row>
		<Row>
			<Cell><Data ss:Type="String">346</Data></Cell>
			<Cell><Data ss:Type="Number">0.5</Data></Cell>
			<Cell><Data ss:Type="Number">-10.12</Data></Cell>
			<Cell><Data ss:Type="Number">0.32</Data></Cell>
			<Cell><Data ss:Type="Number">-9.54</Data></Cell>
			<Cell><Data ss:Type="Number">-0.27</Data></Cell>
			<Cell><Data ss:Type="Number">-0.86</Data></Cell>
			<Cell><Data ss:Type="Number">22.7</Data></Cell>
			<Cell><Data ss:Type="Number">39.7</Data></Cell>
			<Cell><Data ss:Type="Number">0</Data></Cell>
			<Cell><Data ss:Type="Number">0</Data></Cell>
			<Cell><Data ss:Type="String">2023-12-07 16:43:04.929361</Data></Cell>
		</Row>
		<Row>
			<Cell><Data ss:Type="String">345</Data></Cell>
			<Cell><Data ss:Type="Number">-0.35</Data></Cell>
			<Cell><Data ss:Type="Number">-10.34</Data></Cell>
			<Cell><Data ss:Type="Number">-0.2</Data></Cell>
			<Cell><Data ss:Type="Number">-9.55</Data></Cell>
			<Cell><Data ss:Type="Number">0.14</Data></Cell>
			<Cell><Data ss:Type="Number">-0.99</Data></Cell>
			<Cell><Data ss:Type="Number">22.7</Data></Cell>
			<Cell><Data ss:Type="Number">39.7</Data></Cell>
			<Cell><Data ss:Type="Number">0</Data></Cell>
			<Cell><Data ss:Type="Number">0</Data></Cell>
			<Cell><Data ss:Type="String">2023-12-07 16:43:04.927267</Data></Cell>
		</Row>
		<Row>
			<Cell><Data ss:Type="String">344</Data></Cell>
			<Cell><Data ss:Type="Number">-0.28</Data></Cell>
			<Cell><Data ss:Type="Number">-10.03</Data></Cell>
			<Cell><Data ss:Type="Number">-0.28</Data></Cell>
			<Cell><Data ss:Type="Number">-9.43</Data></Cell>
			<Cell><Data ss:Type="Number">0.3</Data></Cell>
			<Cell><Data ss:Type="Number">-0.89</Data></Cell>
			<Cell><Data ss:Type="Number">22.7</Data></Cell>
			<Cell><Data ss:Type="Number">39.7</Data></Cell>
			<Cell><Data ss:Type="Number">0</Data></Cell>
			<Cell><Data ss:Type="Number">0</Data></Cell>
			<Cell><Data ss:Type="String">2023-12-07 16:43:04.924487</Data></Cell>
		</Row>
		<Row>
			<Cell><Data ss:Type="String">343</Data></Cell>
			<Cell><Data ss:Type="Number">1.26</Data></Cell>
			<Cell><Data ss:Type="Number">-9.86</Data></Cell>
			<Cell><Data ss:Type="Number">0.37</Data></Cell>
			<Cell><Data ss:Type="Number">-9.44</Data></Cell>
			<Cell><Data ss:Type="Number">-0.28</Data></Cell>
			<Cell><Data ss:Type="Number">-1.04</Data></Cell>
			<Cell><Data ss:Type="Number">22.7</Data></Cell>
			<Cell><Data ss:Type="Number">39.7</Data></Cell>
			<Cell><Data ss:Type="Number">0</Data></Cell>
			<Cell><Data ss:Type="Number">0</Data></Cell>
			<Cell><Data ss:Type="String">2023-12-07 16:43:04.922658</Data></Cell>
		</Row>
		<Row>
			<Cell><Data ss:Type="String">342</Data></Cell>
			<Cell><Data ss:Type="Number">-2.99</Data></Cell>
			<Cell><Data ss:Type="Number">-9.76</Data></Cell>
			<Cell><Data ss:Type="Number">1.28</Data></Cell>
			<Cell><Data ss:Type="Number">-9.34</Data></Cell>
			<Cell><Data ss:Type="Number">-1.1</Data></Cell>
			<Cell><Data ss:Type="Number">-0.62</Data></Cell>
			<Cell><Data ss:Type="Number">22.7</Data></Cell>
			<Cell><Data ss:Type="Number">39.7</Data></Cell>
			<Cell><Data ss:Type="Number">0</Data></Cell>
			<Cell><Data ss:Type="Number">0</Data></Cell>
			<Cell><Data ss:Type="String">2023-12-07 16:43:04.921084</Data></Cell>
		</Row>
		<Row>
			<Cell><Data ss:Type="String">341</Data></Cell>
			<Cell><Data ss:Type="Number">-1.97</Data></Cell>
			<Cell><Data ss:Type="Number">-10.7</Data></Cell>
			<Cell><Data ss:Type="Number">-1.92</Data></Cell>
			<Cell><Data ss:Type="Number">-9.9</Data></Cell>
			<Cell><Data ss:Type="Number">0.62</Data></Cell>
			<Cell><Data ss:Type="Number">-0.98</Data></Cell>
			<Cell><Data ss:Type="Number">22.7</Data></Cell>
			<Cell><Data ss:Type="Number">39.7</Data></Cell>
			<Cell><Data ss:Type="Number">0</Data></Cell>
			<Cell><Data ss:Type="Number">0</Data></Cell>
			<Cell><Data ss:Type="String">2023-12-07 16:43:04.919346</Data></Cell>
		</Row>
		<Row>
			<Cell><Data ss:Type="String">340</Data></Cell>
			<Cell><Data ss:Type="Number">-1.97</Data></Cell>
			<Cell><Data ss:Type="Number">-4.26</Data></Cell>
			<Cell><Data ss:Type="Number">-2.82</Data></Cell>
			<Cell><Data ss:Type="Number">-7.96</Data></Cell>
			<Cell><Data ss:Type="Number">2.66</Data></Cell>
			<Cell><Data ss:Type="Number">-0.48</Data></Cell>
			<Cell><Data ss:Type="Number">22.7</Data></Cell>
			<Cell><Data ss:Type="Number">39.7</Data></Cell>
			<Cell><Data ss:Type="Number">0</Data></Cell>
			<Cell><Data ss:Type="Number">0</Data></Cell>
			<Cell><Data ss:Type="String">2023-12-07 16:43:04.914500</Data></Cell>
		</Row>
		<Row>
			<Cell><Data ss:Type="String">339</Data></Cell>
			<Cell><Data ss:Type="Number">0.47</Data></Cell>
			<Cell><Data ss:Type="Number">-10.23</Data></Cell>
			<Cell><Data ss:Type="Number">0.49</Data></Cell>
			<Cell><Data ss:Type="Number">-9.47</Data></Cell>
			<Cell><Data ss:Type="Number">-0.05</Data></Cell>
			<Cell><Data ss:Type="Number">-0.89</Data></Cell>
			<Cell><Data ss:Type="Number">22.7</Data></Cell>
			<Cell><Data ss:Type="Number">39.7</Data></Cell>
			<Cell><Data ss:Type="Number">0</Data></Cell>
			<Cell><Data ss:Type="Number">0</Data></Cell>
			<Cell><Data ss:Type="String">2023-12-07 16:43:04.680511</Data></Cell>
		</Row>
		<Row>
			<Cell><Data ss:Type="String">338</Data></Cell>
			<Cell><Data ss:Type="Number">0</Data></Cell>
			<Cell><Data ss:Type="Number">-10.52</Data></Cell>
			<Cell><Data ss:Type="Number">0.51</Data></Cell>
			<Cell><Data ss:Type="Number">-9.68</Data></Cell>
			<Cell><Data ss:Type="Number">-0.12</Data></Cell>
			<Cell><Data ss:Type="Number">-0.91</Data></Cell>
			<Cell><Data ss:Type="Number">22.7</Data></Cell>
			<Cell><Data ss:Type="Number">39.7</Data></Cell>
			<Cell><Data ss:Type="Number">0</Data></Cell>
			<Cell><Data ss:Type="Number">0</Data></Cell>
			<Cell><Data ss:Type="String">2023-12-07 16:43:04.640354</Data></Cell>
		</Row>
		<Row>
			<Cell><Data ss:Type="String">337</Data></Cell>
			<Cell><Data ss:Type="Number">0.32</Data></Cell>
			<Cell><Data ss:Type="Number">-9.85</Data></Cell>
			<Cell><Data ss:Type="Number">-0.18</Data></Cell>
			<Cell><Data ss:Type="Number">-9.55</Data></Cell>
			<Cell><Data ss:Type="Number">-0.1</Data></Cell>
			<Cell><Data ss:Type="Number">-0.88</Data></Cell>
			<Cell><Data ss:Type="Number">22.7</Data></Cell>
			<Cell><Data ss:Type="Number">39.7</Data></Cell>
			<Cell><Data ss:Type="Number">0</Data></Cell>
			<Cell><Data ss:Type="Number">0</Data></Cell>
			<Cell><Data ss:Type="String">2023-12-07 16:43:04.638329</Data></Cell>
		</Row>
		<Row>
			<Cell><Data ss:Type="String">336</Data></Cell>
			<Cell><Data ss:Type="Number">-0.35</Data></Cell>
			<Cell><Data ss:Type="Number">-9.84</Data></Cell>
			<Cell><Data ss:Type="Number">0.09</Data></Cell>
			<Cell><Data ss:Type="Number">-9.56</Data></Cell>
			<Cell><Data ss:Type="Number">-0.09</Data></Cell>
			<Cell><Data ss:Type="Number">-0.87</Data></Cell>
			<Cell><Data ss:Type="Number">22.7</Data></Cell>
			<Cell><Data ss:Type="Number">39.7</Data></Cell>
			<Cell><Data ss:Type="Number">0</Data></Cell>
			<Cell><Data ss:Type="Number">0</Data></Cell>
			<Cell><Data ss:Type="String">2023-12-07 16:43:04.636156</Data></Cell>
		</Row>
		<Row>
			<Cell><Data ss:Type="String">335</Data></Cell>
			<Cell><Data ss:Type="Number">0.24</Data></Cell>
			<Cell><Data ss:Type="Number">-9.46</Data></Cell>
			<Cell><Data ss:Type="Number">0.04</Data></Cell>
			<Cell><Data ss:Type="Number">-9.28</Data></Cell>
			<Cell><Data ss:Type="Number">-0.13</Data></Cell>
			<Cell><Data ss:Type="Number">-0.85</Data></Cell>
			<Cell><Data ss:Type="Number">22.7</Data></Cell>
			<Cell><Data ss:Type="Number">39.7</Data></Cell>
			<Cell><Data ss:Type="Number">0</Data></Cell>
			<Cell><Data ss:Type="Number">0</Data></Cell>
			<Cell><Data ss:Type="String">2023-12-07 16:43:04.534374</Data></Cell>
		</Row>
		<Row>
			<Cell><Data ss:Type="String">334</Data></Cell>
			<Cell><Data ss:Type="Number">-0.07</Data></Cell>
			<Cell><Data ss:Type="Number">-9.96</Data></Cell>
			<Cell><Data ss:Type="Number">-0.23</Data></Cell>
			<Cell><Data ss:Type="Number">-9.37</Data></Cell>
			<Cell><Data ss:Type="Number">-0.06</Data></Cell>
			<Cell><Data ss:Type="Number">-0.91</Data></Cell>
			<Cell><Data ss:Type="Number">22.7</Data></Cell>
			<Cell><Data ss:Type="Number">39.7</Data></Cell>
			<Cell><Data ss:Type="Number">0</Data></Cell>
			<Cell><Data ss:Type="Number">0</Data></Cell>
			<Cell><Data ss:Type="String">2023-12-07 16:43:04.530223</Data></Cell>
		</Row>
		<Row>
			<Cell><Data ss:Type="String">333</Data></Cell>
			<Cell><Data ss:Type="Number">0.7</Data></Cell>
			<Cell><Data ss:Type="Number">-10.05</Data></Cell>
			<Cell><Data ss:Type="Number">0.03</Data></Cell>
			<Cell><Data ss:Type="Number">-9.53</Data></Cell>
			<Cell><Data ss:Type="Number">-0.08</Data></Cell>
			<Cell><Data ss:Type="Number">-0.93</Data></Cell>
			<Cell><Data ss:Type="Number">22.7</Data></Cell>
			<Cell><Data ss:Type="Number">39.7</Data></Cell>
			<Cell><Data ss:Type="Number">0</Data></Cell>
			<Cell><Data ss:Type="Number">0</Data></Cell>
			<Cell><Data ss:Type="String">2023-12-07 16:43:04.480838</Data></Cell>
		</Row>
		<Row>
			<Cell><Data ss:Type="String">332</Data></Cell>
			<Cell><Data ss:Type="Number">-0.04</Data></Cell>
			<Cell><Data ss:Type="Number">-10.61</Data></Cell>
			<Cell><Data ss:Type="Number">0.33</Data></Cell>
			<Cell><Data ss:Type="Number">-9.71</Data></Cell>
			<Cell><Data ss:Type="Number">-0.08</Data></Cell>
			<Cell><Data ss:Type="Number">-0.9</Data></Cell>
			<Cell><Data ss:Type="Number">22.7</Data></Cell>
			<Cell><Data ss:Type="Number">39.7</Data></Cell>
			<Cell><Data ss:Type="Number">0</Data></Cell>
			<Cell><Data ss:Type="Number">0</Data></Cell>
			<Cell><Data ss:Type="String">2023-12-07 16:43:04.436121</Data></Cell>
		</Row>
		<Row>
			<Cell><Data ss:Type="String">331</Data></Cell>
			<Cell><Data ss:Type="Number">-0.3</Data></Cell>
			<Cell><Data ss:Type="Number">-9.91</Data></Cell>
			<Cell><Data ss:Type="Number">0.29</Data></Cell>
			<Cell><Data ss:Type="Number">-9.41</Data></Cell>
			<Cell><Data ss:Type="Number">-0.05</Data></Cell>
			<Cell><Data ss:Type="Number">-0.87</Data></Cell>
			<Cell><Data ss:Type="Number">22.7</Data></Cell>
			<Cell><Data ss:Type="Number">39.7</Data></Cell>
			<Cell><Data ss:Type="Number">0</Data></Cell>
			<Cell><Data ss:Type="Number">0</Data></Cell>
			<Cell><Data ss:Type="String">2023-12-07 16:43:04.433929</Data></Cell>
		</Row>
		<Row>
			<Cell><Data ss:Type="String">330</Data></Cell>
			<Cell><Data ss:Type="Number">0.45</Data></Cell>
			<Cell><Data ss:Type="Number">-9.61</Data></Cell>
			<Cell><Data ss:Type="Number">0.63</Data></Cell>
			<Cell><Data ss:Type="Number">-9.34</Data></Cell>
			<Cell><Data ss:Type="Number">-0.03</Data></Cell>
			<Cell><Data ss:Type="Number">-0.99</Data></Cell>
			<Cell><Data ss:Type="Number">22.7</Data></Cell>
			<Cell><Data ss:Type="Number">39.7</Data></Cell>
			<Cell><Data ss:Type="Number">0</Data></Cell>
			<Cell><Data ss:Type="Number">0</Data></Cell>
			<Cell><Data ss:Type="String">2023-12-07 16:43:04.387878</Data></Cell>
		</Row>
		<Row>
			<Cell><Data ss:Type="String">329</Data></Cell>
			<Cell><Data ss:Type="Number">0.21</Data></Cell>
			<Cell><Data ss:Type="Number">-9.75</Data></Cell>
			<Cell><Data ss:Type="Number">0.1</Data></Cell>
			<Cell><Data ss:Type="Number">-9.5</Data></Cell>
			<Cell><Data ss:Type="Number">-0.11</Data></Cell>
			<Cell><Data ss:Type="Number">-0.9</Data></Cell>
			<Cell><Data ss:Type="Number">22.7</Data></Cell>
			<Cell><Data ss:Type="Number">39.7</Data></Cell>
			<Cell><Data ss:Type="Number">0</Data></Cell>
			<Cell><Data ss:Type="Number">0</Data></Cell>
			<Cell><Data ss:Type="String">2023-12-07 16:43:04.333284</Data></Cell>
		</Row>
		<Row>
			<Cell><Data ss:Type="String">328</Data></Cell>
			<Cell><Data ss:Type="Number">0.42</Data></Cell>
			<Cell><Data ss:Type="Number">-10.13</Data></Cell>
			<Cell><Data ss:Type="Number">0.17</Data></Cell>
			<Cell><Data ss:Type="Number">-9.5</Data></Cell>
			<Cell><Data ss:Type="Number">-0.06</Data></Cell>
			<Cell><Data ss:Type="Number">-0.92</Data></Cell>
			<Cell><Data ss:Type="Number">22.7</Data></Cell>
			<Cell><Data ss:Type="Number">39.7</Data></Cell>
			<Cell><Data ss:Type="Number">0</Data></Cell>
			<Cell><Data ss:Type="Number">0</Data></Cell>
			<Cell><Data ss:Type="String">2023-12-07 16:43:04.331117</Data></Cell>
		</Row>
		<Row>
			<Cell><Data ss:Type="String">327</Data></Cell>
			<Cell><Data ss:Type="Number">0.2</Data></Cell>
			<Cell><Data ss:Type="Number">-9.65</Data></Cell>
			<Cell><Data ss:Type="Number">-0.19</Data></Cell>
			<Cell><Data ss:Type="Number">-9.37</Data></Cell>
			<Cell><Data ss:Type="Number">-0.09</Data></Cell>
			<Cell><Data ss:Type="Number">-0.97</Data></Cell>
			<Cell><Data ss:Type="Number">22.7</Data></Cell>
			<Cell><Data ss:Type="Number">39.7</Data></Cell>
			<Cell><Data ss:Type="Number">0</Data></Cell>
			<Cell><Data ss:Type="Number">0</Data></Cell>
			<Cell><Data ss:Type="String">2023-12-07 16:43:04.328626</Data></Cell>
		</Row>
		<Row>
			<Cell><Data ss:Type="String">326</Data></Cell>
			<Cell><Data ss:Type="Number">-0.16</Data></Cell>
			<Cell><Data ss:Type="Number">-9.99</Data></Cell>
			<Cell><Data ss:Type="Number">-0.11</Data></Cell>
			<Cell><Data ss:Type="Number">-9.46</Data></Cell>
			<Cell><Data ss:Type="Number">0.02</Data></Cell>
			<Cell><Data ss:Type="Number">-0.9</Data></Cell>
			<Cell><Data ss:Type="Number">22.7</Data></Cell>
			<Cell><Data ss:Type="Number">39.7</Data></Cell>
			<Cell><Data ss:Type="Number">0</Data></Cell>
			<Cell><Data ss:Type="Number">0</Data></Cell>
			<Cell><Data ss:Type="String">2023-12-07 16:43:04.244253</Data></Cell>
		</Row>
		<Row>
			<Cell><Data ss:Type="String">325</Data></Cell>
			<Cell><Data ss:Type="Number">0.36</Data></Cell>
			<Cell><Data ss:Type="Number">-9.86</Data></Cell>
			<Cell><Data ss:Type="Number">0.17</Data></Cell>
			<Cell><Data ss:Type="Number">-9.49</Data></Cell>
			<Cell><Data ss:Type="Number">-0.09</Data></Cell>
			<Cell><Data ss:Type="Number">-0.88</Data></Cell>
			<Cell><Data ss:Type="Number">22.7</Data></Cell>
			<Cell><Data ss:Type="Number">39.7</Data></Cell>
			<Cell><Data ss:Type="Number">0</Data></Cell>
			<Cell><Data ss:Type="Number">0</Data></Cell>
			<Cell><Data ss:Type="String">2023-12-07 16:43:04.241101</Data></Cell>
		</Row>
		<Row>
			<Cell><Data ss:Type="String">324</Data></Cell>
			<Cell><Data ss:Type="Number">0.39</Data></Cell>
			<Cell><Data ss:Type="Number">-10.69</Data></Cell>
			<Cell><Data ss:Type="Number">0.01</Data></Cell>
			<Cell><Data ss:Type="Number">-9.47</Data></Cell>
			<Cell><Data ss:Type="Number">-0.04</Data></Cell>
			<Cell><Data ss:Type="Number">-0.91</Data></Cell>
			<Cell><Data ss:Type="Number">22.7</Data></Cell>
			<Cell><Data ss:Type="Number">39.7</Data></Cell>
			<Cell><Data ss:Type="Number">0</Data></Cell>
			<Cell><Data ss:Type="Number">0</Data></Cell>
			<Cell><Data ss:Type="String">2023-12-07 16:43:04.238837</Data></Cell>
		</Row>
		<Row>
			<Cell><Data ss:Type="String">323</Data></Cell>
			<Cell><Data ss:Type="Number">0.53</Data></Cell>
			<Cell><Data ss:Type="Number">-10.3</Data></Cell>
			<Cell><Data ss:Type="Number">-0.35</Data></Cell>
			<Cell><Data ss:Type="Number">-9.5</Data></Cell>
			<Cell><Data ss:Type="Number">-0.12</Data></Cell>
			<Cell><Data ss:Type="Number">-0.97</Data></Cell>
			<Cell><Data ss:Type="Number">22.7</Data></Cell>
			<Cell><Data ss:Type="Number">39.7</Data></Cell>
			<Cell><Data ss:Type="Number">0</Data></Cell>
			<Cell><Data ss:Type="Number">0</Data></Cell>
			<Cell><Data ss:Type="String">2023-12-07 16:43:04.236713</Data></Cell>
		</Row>
		<Row>
			<Cell><Data ss:Type="String">322</Data></Cell>
			<Cell><Data ss:Type="Number">0.16</Data></Cell>
			<Cell><Data ss:Type="Number">-9.82</Data></Cell>
			<Cell><Data ss:Type="Number">0.34</Data></Cell>
			<Cell><Data ss:Type="Number">-9.46</Data></Cell>
			<Cell><Data ss:Type="Number">-0.03</Data></Cell>
			<Cell><Data ss:Type="Number">-0.9</Data></Cell>
			<Cell><Data ss:Type="Number">22.7</Data></Cell>
			<Cell><Data ss:Type="Number">39.7</Data></Cell>
			<Cell><Data ss:Type="Number">0</Data></Cell>
			<Cell><Data ss:Type="Number">0</Data></Cell>
			<Cell><Data ss:Type="String">2023-12-07 16:43:04.234571</Data></Cell>
		</Row>
		<Row>
			<Cell><Data ss:Type="String">321</Data></Cell>
			<Cell><Data ss:Type="Number">-0.11</Data></Cell>
			<Cell><Data ss:Type="Number">-10.56</Data></Cell>
			<Cell><Data ss:Type="Number">-0.11</Data></Cell>
			<Cell><Data ss:Type="Number">-9.47</Data></Cell>
			<Cell><Data ss:Type="Number">-0.09</Data></Cell>
			<Cell><Data ss:Type="Number">-0.93</Data></Cell>
			<Cell><Data ss:Type="Number">22.7</Data></Cell>
			<Cell><Data ss:Type="Number">39.7</Data></Cell>
			<Cell><Data ss:Type="Number">0</Data></Cell>
			<Cell><Data ss:Type="Number">0</Data></Cell>
			<Cell><Data ss:Type="String">2023-12-07 16:43:04.232507</Data></Cell>
		</Row>
		<Row>
			<Cell><Data ss:Type="String">320</Data></Cell>
			<Cell><Data ss:Type="Number">0.46</Data></Cell>
			<Cell><Data ss:Type="Number">-10.21</Data></Cell>
			<Cell><Data ss:Type="Number">0.17</Data></Cell>
			<Cell><Data ss:Type="Number">-9.55</Data></Cell>
			<Cell><Data ss:Type="Number">-0.09</Data></Cell>
			<Cell><Data ss:Type="Number">-0.92</Data></Cell>
			<Cell><Data ss:Type="Number">22.7</Data></Cell>
			<Cell><Data ss:Type="Number">39.7</Data></Cell>
			<Cell><Data ss:Type="Number">0</Data></Cell>
			<Cell><Data ss:Type="Number">0</Data></Cell>
			<Cell><Data ss:Type="String">2023-12-07 16:43:04.230231</Data></Cell>
		</Row>
		<Row>
			<Cell><Data ss:Type="String">319</Data></Cell>
			<Cell><Data ss:Type="Number">0.42</Data></Cell>
			<Cell><Data ss:Type="Number">-10.01</Data></Cell>
			<Cell><Data ss:Type="Number">0.04</Data></Cell>
			<Cell><Data ss:Type="Number">-9.38</Data></Cell>
			<Cell><Data ss:Type="Number">-0.17</Data></Cell>
			<Cell><Data ss:Type="Number">-0.88</Data></Cell>
			<Cell><Data ss:Type="Number">22.7</Data></Cell>
			<Cell><Data ss:Type="Number">39.7</Data></Cell>
			<Cell><Data ss:Type="Number">0</Data></Cell>
			<Cell><Data ss:Type="Number">0</Data></Cell>
			<Cell><Data ss:Type="String">2023-12-07 16:43:03.988753</Data></Cell>
		</Row>
		<Row>
			<Cell><Data ss:Type="String">318</Data></Cell>
			<Cell><Data ss:Type="Number">0.08</Data></Cell>
			<Cell><Data ss:Type="Number">-10.4</Data></Cell>
			<Cell><Data ss:Type="Number">-0.14</Data></Cell>
			<Cell><Data ss:Type="Number">-9.58</Data></Cell>
			<Cell><Data ss:Type="Number">0.08</Data></Cell>
			<Cell><Data ss:Type="Number">-0.98</Data></Cell>
			<Cell><Data ss:Type="Number">22.7</Data></Cell>
			<Cell><Data ss:Type="Number">39.7</Data></Cell>
			<Cell><Data ss:Type="Number">0</Data></Cell>
			<Cell><Data ss:Type="Number">0</Data></Cell>
			<Cell><Data ss:Type="String">2023-12-07 16:43:03.986797</Data></Cell>
		</Row>
		<Row>
			<Cell><Data ss:Type="String">317</Data></Cell>
			<Cell><Data ss:Type="Number">0.18</Data></Cell>
			<Cell><Data ss:Type="Number">-8.99</Data></Cell>
			<Cell><Data ss:Type="Number">0.36</Data></Cell>
			<Cell><Data ss:Type="Number">-9.22</Data></Cell>
			<Cell><Data ss:Type="Number">-0.07</Data></Cell>
			<Cell><Data ss:Type="Number">-0.93</Data></Cell>
			<Cell><Data ss:Type="Number">22.7</Data></Cell>
			<Cell><Data ss:Type="Number">39.7</Data></Cell>
			<Cell><Data ss:Type="Number">0</Data></Cell>
			<Cell><Data ss:Type="Number">0</Data></Cell>
			<Cell><Data ss:Type="String">2023-12-07 16:43:03.984451</Data></Cell>
		</Row>
		<Row>
			<Cell><Data ss:Type="String">316</Data></Cell>
			<Cell><Data ss:Type="Number">0.71</Data></Cell>
			<Cell><Data ss:Type="Number">-10.58</Data></Cell>
			<Cell><Data ss:Type="Number">0.42</Data></Cell>
			<Cell><Data ss:Type="Number">-9.63</Data></Cell>
			<Cell><Data ss:Type="Number">-0.04</Data></Cell>
			<Cell><Data ss:Type="Number">-0.91</Data></Cell>
			<Cell><Data ss:Type="Number">22.7</Data></Cell>
			<Cell><Data ss:Type="Number">39.7</Data></Cell>
			<Cell><Data ss:Type="Number">0</Data></Cell>
			<Cell><Data ss:Type="Number">0</Data></Cell>
			<Cell><Data ss:Type="String">2023-12-07 16:43:03.866733</Data></Cell>
		</Row>
		<Row>
			<Cell><Data ss:Type="String">315</Data></Cell>
			<Cell><Data ss:Type="Number">0.09</Data></Cell>
			<Cell><Data ss:Type="Number">-9.85</Data></Cell>
			<Cell><Data ss:Type="Number">0.18</Data></Cell>
			<Cell><Data ss:Type="Number">-9.66</Data></Cell>
			<Cell><Data ss:Type="Number">-0.18</Data></Cell>
			<Cell><Data ss:Type="Number">-0.82</Data></Cell>
			<Cell><Data ss:Type="Number">22.7</Data></Cell>
			<Cell><Data ss:Type="Number">39.7</Data></Cell>
			<Cell><Data ss:Type="Number">0</Data></Cell>
			<Cell><Data ss:Type="Number">0</Data></Cell>
			<Cell><Data ss:Type="String">2023-12-07 16:43:03.823879</Data></Cell>
		</Row>
		<Row>
			<Cell><Data ss:Type="String">314</Data></Cell>
			<Cell><Data ss:Type="Number">0.66</Data></Cell>
			<Cell><Data ss:Type="Number">-10.18</Data></Cell>
			<Cell><Data ss:Type="Number">0.27</Data></Cell>
			<Cell><Data ss:Type="Number">-9.48</Data></Cell>
			<Cell><Data ss:Type="Number">-0.07</Data></Cell>
			<Cell><Data ss:Type="Number">-0.88</Data></Cell>
			<Cell><Data ss:Type="Number">22.7</Data></Cell>
			<Cell><Data ss:Type="Number">39.7</Data></Cell>
			<Cell><Data ss:Type="Number">0</Data></Cell>
			<Cell><Data ss:Type="Number">0</Data></Cell>
			<Cell><Data ss:Type="String">2023-12-07 16:43:03.821984</Data></Cell>
		</Row>
		<Row>
			<Cell><Data ss:Type="String">313</Data></Cell>
			<Cell><Data ss:Type="Number">0.37</Data></Cell>
			<Cell><Data ss:Type="Number">-10.41</Data></Cell>
			<Cell><Data ss:Type="Number">-0.12</Data></Cell>
			<Cell><Data ss:Type="Number">-9.66</Data></Cell>
			<Cell><Data ss:Type="Number">-0.08</Data></Cell>
			<Cell><Data ss:Type="Number">-1.03</Data></Cell>
			<Cell><Data ss:Type="Number">22.7</Data></Cell>
			<Cell><Data ss:Type="Number">39.7</Data></Cell>
			<Cell><Data ss:Type="Number">0</Data></Cell>
			<Cell><Data ss:Type="Number">0</Data></Cell>
			<Cell><Data ss:Type="String">2023-12-07 16:43:03.773192</Data></Cell>
		</Row>
		<Row>
			<Cell><Data ss:Type="String">312</Data></Cell>
			<Cell><Data ss:Type="Number">0.33</Data></Cell>
			<Cell><Data ss:Type="Number">-10.34</Data></Cell>
			<Cell><Data ss:Type="Number">0.38</Data></Cell>
			<Cell><Data ss:Type="Number">-9.45</Data></Cell>
			<Cell><Data ss:Type="Number">-0.06</Data></Cell>
			<Cell><Data ss:Type="Number">-0.87</Data></Cell>
			<Cell><Data ss:Type="Number">22.7</Data></Cell>
			<Cell><Data ss:Type="Number">39.7</Data></Cell>
			<Cell><Data ss:Type="Number">0</Data></Cell>
			<Cell><Data ss:Type="Number">0</Data></Cell>
			<Cell><Data ss:Type="String">2023-12-07 16:43:03.732679</Data></Cell>
		</Row>
		<Row>
			<Cell><Data ss:Type="String">311</Data></Cell>
			<Cell><Data ss:Type="Number">0.3</Data></Cell>
			<Cell><Data ss:Type="Number">-10.53</Data></Cell>
			<Cell><Data ss:Type="Number">0.04</Data></Cell>
			<Cell><Data ss:Type="Number">-9.59</Data></Cell>
			<Cell><Data ss:Type="Number">-0.28</Data></Cell>
			<Cell><Data ss:Type="Number">-0.93</Data></Cell>
			<Cell><Data ss:Type="Number">22.7</Data></Cell>
			<Cell><Data ss:Type="Number">39.7</Data></Cell>
			<Cell><Data ss:Type="Number">0</Data></Cell>
			<Cell><Data ss:Type="Number">0</Data></Cell>
			<Cell><Data ss:Type="String">2023-12-07 16:43:03.730871</Data></Cell>
		</Row>
		<Row>
			<Cell><Data ss:Type="String">310</Data></Cell>
			<Cell><Data ss:Type="Number">0.15</Data></Cell>
			<Cell><Data ss:Type="Number">-9.52</Data></Cell>
			<Cell><Data ss:Type="Number">0.29</Data></Cell>
			<Cell><Data ss:Type="Number">-9.38</Data></Cell>
			<Cell><Data ss:Type="Number">-0.05</Data></Cell>
			<Cell><Data ss:Type="Number">-0.84</Data></Cell>
			<Cell><Data ss:Type="Number">22.7</Data></Cell>
			<Cell><Data ss:Type="Number">39.7</Data></Cell>
			<Cell><Data ss:Type="Number">0</Data></Cell>
			<Cell><Data ss:Type="Number">0</Data></Cell>
			<Cell><Data ss:Type="String">2023-12-07 16:43:03.674448</Data></Cell>
		</Row>
		<Row>
			<Cell><Data ss:Type="String">309</Data></Cell>
			<Cell><Data ss:Type="Number">-0.31</Data></Cell>
			<Cell><Data ss:Type="Number">-9.71</Data></Cell>
			<Cell><Data ss:Type="Number">-0.22</Data></Cell>
			<Cell><Data ss:Type="Number">-9.47</Data></Cell>
			<Cell><Data ss:Type="Number">0.3</Data></Cell>
			<Cell><Data ss:Type="Number">-0.94</Data></Cell>
			<Cell><Data ss:Type="Number">22.7</Data></Cell>
			<Cell><Data ss:Type="Number">39.7</Data></Cell>
			<Cell><Data ss:Type="Number">0</Data></Cell>
			<Cell><Data ss:Type="Number">0</Data></Cell>
			<Cell><Data ss:Type="String">2023-12-07 16:43:03.621763</Data></Cell>
		</Row>
		<Row>
			<Cell><Data ss:Type="String">308</Data></Cell>
			<Cell><Data ss:Type="Number">0.82</Data></Cell>
			<Cell><Data ss:Type="Number">-9.99</Data></Cell>
			<Cell><Data ss:Type="Number">0.11</Data></Cell>
			<Cell><Data ss:Type="Number">-9.54</Data></Cell>
			<Cell><Data ss:Type="Number">-0.16</Data></Cell>
			<Cell><Data ss:Type="Number">-1</Data></Cell>
			<Cell><Data ss:Type="Number">22.7</Data></Cell>
			<Cell><Data ss:Type="Number">39.7</Data></Cell>
			<Cell><Data ss:Type="Number">0</Data></Cell>
			<Cell><Data ss:Type="Number">0</Data></Cell>
			<Cell><Data ss:Type="String">2023-12-07 16:43:03.620058</Data></Cell>
		</Row>
		<Row>
			<Cell><Data ss:Type="String">307</Data></Cell>
			<Cell><Data ss:Type="Number">0.76</Data></Cell>
			<Cell><Data ss:Type="Number">-10.11</Data></Cell>
			<Cell><Data ss:Type="Number">0.7</Data></Cell>
			<Cell><Data ss:Type="Number">-9.46</Data></Cell>
			<Cell><Data ss:Type="Number">-0.9</Data></Cell>
			<Cell><Data ss:Type="Number">-0.68</Data></Cell>
			<Cell><Data ss:Type="Number">22.7</Data></Cell>
			<Cell><Data ss:Type="Number">39.7</Data></Cell>
			<Cell><Data ss:Type="Number">0</Data></Cell>
			<Cell><Data ss:Type="Number">0</Data></Cell>
			<Cell><Data ss:Type="String">2023-12-07 16:43:03.573730</Data></Cell>
		</Row>
		<Row>
			<Cell><Data ss:Type="String">306</Data></Cell>
			<Cell><Data ss:Type="Number">-1.45</Data></Cell>
			<Cell><Data ss:Type="Number">-11.26</Data></Cell>
			<Cell><Data ss:Type="Number">-0.71</Data></Cell>
			<Cell><Data ss:Type="Number">-9.54</Data></Cell>
			<Cell><Data ss:Type="Number">0.04</Data></Cell>
			<Cell><Data ss:Type="Number">-1.06</Data></Cell>
			<Cell><Data ss:Type="Number">22.7</Data></Cell>
			<Cell><Data ss:Type="Number">39.7</Data></Cell>
			<Cell><Data ss:Type="Number">0</Data></Cell>
			<Cell><Data ss:Type="Number">0</Data></Cell>
			<Cell><Data ss:Type="String">2023-12-07 16:43:03.528901</Data></Cell>
		</Row>
		<Row>
			<Cell><Data ss:Type="String">305</Data></Cell>
			<Cell><Data ss:Type="Number">2.36</Data></Cell>
			<Cell><Data ss:Type="Number">-7.71</Data></Cell>
			<Cell><Data ss:Type="Number">-1.38</Data></Cell>
			<Cell><Data ss:Type="Number">-9.22</Data></Cell>
			<Cell><Data ss:Type="Number">1.58</Data></Cell>
			<Cell><Data ss:Type="Number">-1.11</Data></Cell>
			<Cell><Data ss:Type="Number">22.7</Data></Cell>
			<Cell><Data ss:Type="Number">39.7</Data></Cell>
			<Cell><Data ss:Type="Number">0</Data></Cell>
			<Cell><Data ss:Type="Number">0</Data></Cell>
			<Cell><Data ss:Type="String">2023-12-07 16:43:03.485242</Data></Cell>
		</Row>
		<Row>
			<Cell><Data ss:Type="String">304</Data></Cell>
			<Cell><Data ss:Type="Number">0.31</Data></Cell>
			<Cell><Data ss:Type="Number">-10.08</Data></Cell>
			<Cell><Data ss:Type="Number">-0.66</Data></Cell>
			<Cell><Data ss:Type="Number">-14.02</Data></Cell>
			<Cell><Data ss:Type="Number">-2.13</Data></Cell>
			<Cell><Data ss:Type="Number">-1.18</Data></Cell>
			<Cell><Data ss:Type="Number">22.7</Data></Cell>
			<Cell><Data ss:Type="Number">39.7</Data></Cell>
			<Cell><Data ss:Type="Number">0</Data></Cell>
			<Cell><Data ss:Type="Number">0</Data></Cell>
			<Cell><Data ss:Type="String">2023-12-07 16:43:03.483200</Data></Cell>
		</Row>
		<Row>
			<Cell><Data ss:Type="String">303</Data></Cell>
			<Cell><Data ss:Type="Number">0.28</Data></Cell>
			<Cell><Data ss:Type="Number">-10.18</Data></Cell>
			<Cell><Data ss:Type="Number">0.17</Data></Cell>
			<Cell><Data ss:Type="Number">-9.51</Data></Cell>
			<Cell><Data ss:Type="Number">-0.06</Data></Cell>
			<Cell><Data ss:Type="Number">-0.9</Data></Cell>
			<Cell><Data ss:Type="Number">22.7</Data></Cell>
			<Cell><Data ss:Type="Number">39.7</Data></Cell>
			<Cell><Data ss:Type="Number">0</Data></Cell>
			<Cell><Data ss:Type="Number">0</Data></Cell>
			<Cell><Data ss:Type="String">2023-12-07 16:43:03.437030</Data></Cell>
		</Row>
		<Row>
			<Cell><Data ss:Type="String">302</Data></Cell>
			<Cell><Data ss:Type="Number">0.26</Data></Cell>
			<Cell><Data ss:Type="Number">-10.07</Data></Cell>
			<Cell><Data ss:Type="Number">0.18</Data></Cell>
			<Cell><Data ss:Type="Number">-9.46</Data></Cell>
			<Cell><Data ss:Type="Number">-0.09</Data></Cell>
			<Cell><Data ss:Type="Number">-0.91</Data></Cell>
			<Cell><Data ss:Type="Number">22.7</Data></Cell>
			<Cell><Data ss:Type="Number">39.7</Data></Cell>
			<Cell><Data ss:Type="Number">0</Data></Cell>
			<Cell><Data ss:Type="Number">0</Data></Cell>
			<Cell><Data ss:Type="String">2023-12-07 16:43:03.400093</Data></Cell>
		</Row>
		<Row>
			<Cell><Data ss:Type="String">301</Data></Cell>
			<Cell><Data ss:Type="Number">0.41</Data></Cell>
			<Cell><Data ss:Type="Number">-10.18</Data></Cell>
			<Cell><Data ss:Type="Number">0.13</Data></Cell>
			<Cell><Data ss:Type="Number">-9.52</Data></Cell>
			<Cell><Data ss:Type="Number">-0.06</Data></Cell>
			<Cell><Data ss:Type="Number">-0.87</Data></Cell>
			<Cell><Data ss:Type="Number">22.7</Data></Cell>
			<Cell><Data ss:Type="Number">39.7</Data></Cell>
			<Cell><Data ss:Type="Number">0</Data></Cell>
			<Cell><Data ss:Type="Number">0</Data></Cell>
			<Cell><Data ss:Type="String">2023-12-07 16:43:03.398103</Data></Cell>
		</Row>
		<Row>
			<Cell><Data ss:Type="String">300</Data></Cell>
			<Cell><Data ss:Type="Number">0.26</Data></Cell>
			<Cell><Data ss:Type="Number">-10.09</Data></Cell>
			<Cell><Data ss:Type="Number">0.32</Data></Cell>
			<Cell><Data ss:Type="Number">-9.48</Data></Cell>
			<Cell><Data ss:Type="Number">-0.07</Data></Cell>
			<Cell><Data ss:Type="Number">-0.92</Data></Cell>
			<Cell><Data ss:Type="Number">22.7</Data></Cell>
			<Cell><Data ss:Type="Number">39.7</Data></Cell>
			<Cell><Data ss:Type="Number">0</Data></Cell>
			<Cell><Data ss:Type="Number">0</Data></Cell>
			<Cell><Data ss:Type="String">2023-12-07 16:43:03.395323</Data></Cell>
		</Row>
		<Row>
			<Cell><Data ss:Type="String">299</Data></Cell>
			<Cell><Data ss:Type="Number">0.25</Data></Cell>
			<Cell><Data ss:Type="Number">-10.09</Data></Cell>
			<Cell><Data ss:Type="Number">0.22</Data></Cell>
			<Cell><Data ss:Type="Number">-9.46</Data></Cell>
			<Cell><Data ss:Type="Number">-0.08</Data></Cell>
			<Cell><Data ss:Type="Number">-0.93</Data></Cell>
			<Cell><Data ss:Type="Number">22.7</Data></Cell>
			<Cell><Data ss:Type="Number">39.7</Data></Cell>
			<Cell><Data ss:Type="Number">0</Data></Cell>
			<Cell><Data ss:Type="Number">0</Data></Cell>
			<Cell><Data ss:Type="String">2023-12-07 16:43:03.392285</Data></Cell>
		</Row>
		<Row>
			<Cell><Data ss:Type="String">298</Data></Cell>
			<Cell><Data ss:Type="Number">0.25</Data></Cell>
			<Cell><Data ss:Type="Number">-9.93</Data></Cell>
			<Cell><Data ss:Type="Number">0.11</Data></Cell>
			<Cell><Data ss:Type="Number">-9.41</Data></Cell>
			<Cell><Data ss:Type="Number">-0.06</Data></Cell>
			<Cell><Data ss:Type="Number">-0.94</Data></Cell>
			<Cell><Data ss:Type="Number">22.7</Data></Cell>
			<Cell><Data ss:Type="Number">39.7</Data></Cell>
			<Cell><Data ss:Type="Number">0</Data></Cell>
			<Cell><Data ss:Type="Number">0</Data></Cell>
			<Cell><Data ss:Type="String">2023-12-07 16:43:03.389988</Data></Cell>
		</Row>
		<Row>
			<Cell><Data ss:Type="String">297</Data></Cell>
			<Cell><Data ss:Type="Number">0.32</Data></Cell>
			<Cell><Data ss:Type="Number">-9.97</Data></Cell>
			<Cell><Data ss:Type="Number">0.09</Data></Cell>
			<Cell><Data ss:Type="Number">-9.46</Data></Cell>
			<Cell><Data ss:Type="Number">-0.11</Data></Cell>
			<Cell><Data ss:Type="Number">-0.94</Data></Cell>
			<Cell><Data ss:Type="Number">22.7</Data></Cell>
			<Cell><Data ss:Type="Number">39.7</Data></Cell>
			<Cell><Data ss:Type="Number">0</Data></Cell>
			<Cell><Data ss:Type="Number">0</Data></Cell>
			<Cell><Data ss:Type="String">2023-12-07 16:43:03.388070</Data></Cell>
		</Row>
		<Row>
			<Cell><Data ss:Type="String">296</Data></Cell>
			<Cell><Data ss:Type="Number">0.25</Data></Cell>
			<Cell><Data ss:Type="Number">-10.17</Data></Cell>
			<Cell><Data ss:Type="Number">0.19</Data></Cell>
			<Cell><Data ss:Type="Number">-9.54</Data></Cell>
			<Cell><Data ss:Type="Number">-0.07</Data></Cell>
			<Cell><Data ss:Type="Number">-0.9</Data></Cell>
			<Cell><Data ss:Type="Number">22.7</Data></Cell>
			<Cell><Data ss:Type="Number">39.7</Data></Cell>
			<Cell><Data ss:Type="Number">0</Data></Cell>
			<Cell><Data ss:Type="Number">0</Data></Cell>
			<Cell><Data ss:Type="String">2023-12-07 16:43:03.386258</Data></Cell>
		</Row>
		<Row>
			<Cell><Data ss:Type="String">295</Data></Cell>
			<Cell><Data ss:Type="Number">0.31</Data></Cell>
			<Cell><Data ss:Type="Number">-10.22</Data></Cell>
			<Cell><Data ss:Type="Number">0.21</Data></Cell>
			<Cell><Data ss:Type="Number">-9.47</Data></Cell>
			<Cell><Data ss:Type="Number">-0.06</Data></Cell>
			<Cell><Data ss:Type="Number">-0.91</Data></Cell>
			<Cell><Data ss:Type="Number">22.7</Data></Cell>
			<Cell><Data ss:Type="Number">39.7</Data></Cell>
			<Cell><Data ss:Type="Number">0</Data></Cell>
			<Cell><Data ss:Type="Number">0</Data></Cell>
			<Cell><Data ss:Type="String">2023-12-07 16:43:03.148749</Data></Cell>
		</Row>
		<Row>
			<Cell><Data ss:Type="String">294</Data></Cell>
			<Cell><Data ss:Type="Number">0.31</Data></Cell>
			<Cell><Data ss:Type="Number">-9.98</Data></Cell>
			<Cell><Data ss:Type="Number">0.1</Data></Cell>
			<Cell><Data ss:Type="Number">-9.45</Data></Cell>
			<Cell><Data ss:Type="Number">-0.07</Data></Cell>
			<Cell><Data ss:Type="Number">-0.93</Data></Cell>
			<Cell><Data ss:Type="Number">22.7</Data></Cell>
			<Cell><Data ss:Type="Number">39.7</Data></Cell>
			<Cell><Data ss:Type="Number">0</Data></Cell>
			<Cell><Data ss:Type="Number">0</Data></Cell>
			<Cell><Data ss:Type="String">2023-12-07 16:43:03.146195</Data></Cell>
		</Row>
		<Row>
			<Cell><Data ss:Type="String">293</Data></Cell>
			<Cell><Data ss:Type="Number">0.24</Data></Cell>
			<Cell><Data ss:Type="Number">-9.91</Data></Cell>
			<Cell><Data ss:Type="Number">0.07</Data></Cell>
			<Cell><Data ss:Type="Number">-9.44</Data></Cell>
			<Cell><Data ss:Type="Number">-0.06</Data></Cell>
			<Cell><Data ss:Type="Number">-0.93</Data></Cell>
			<Cell><Data ss:Type="Number">22.7</Data></Cell>
			<Cell><Data ss:Type="Number">39.7</Data></Cell>
			<Cell><Data ss:Type="Number">0</Data></Cell>
			<Cell><Data ss:Type="Number">0</Data></Cell>
			<Cell><Data ss:Type="String">2023-12-07 16:43:03.109353</Data></Cell>
		</Row>
		<Row>
			<Cell><Data ss:Type="String">292</Data></Cell>
			<Cell><Data ss:Type="Number">0.27</Data></Cell>
			<Cell><Data ss:Type="Number">-10.07</Data></Cell>
			<Cell><Data ss:Type="Number">0.12</Data></Cell>
			<Cell><Data ss:Type="Number">-9.49</Data></Cell>
			<Cell><Data ss:Type="Number">-0.06</Data></Cell>
			<Cell><Data ss:Type="Number">-0.93</Data></Cell>
			<Cell><Data ss:Type="Number">22.7</Data></Cell>
			<Cell><Data ss:Type="Number">39.7</Data></Cell>
			<Cell><Data ss:Type="Number">0</Data></Cell>
			<Cell><Data ss:Type="Number">0</Data></Cell>
			<Cell><Data ss:Type="String">2023-12-07 16:43:03.107456</Data></Cell>
		</Row>
		<Row>
			<Cell><Data ss:Type="String">291</Data></Cell>
			<Cell><Data ss:Type="Number">0.3</Data></Cell>
			<Cell><Data ss:Type="Number">-10.1</Data></Cell>
			<Cell><Data ss:Type="Number">0.11</Data></Cell>
			<Cell><Data ss:Type="Number">-9.53</Data></Cell>
			<Cell><Data ss:Type="Number">-0.07</Data></Cell>
			<Cell><Data ss:Type="Number">-0.92</Data></Cell>
			<Cell><Data ss:Type="Number">22.7</Data></Cell>
			<Cell><Data ss:Type="Number">39.7</Data></Cell>
			<Cell><Data ss:Type="Number">0</Data></Cell>
			<Cell><Data ss:Type="Number">0</Data></Cell>
			<Cell><Data ss:Type="String">2023-12-07 16:43:03.105758</Data></Cell>
		</Row>
		<Row>
			<Cell><Data ss:Type="String">290</Data></Cell>
			<Cell><Data ss:Type="Number">0.31</Data></Cell>
			<Cell><Data ss:Type="Number">-10.15</Data></Cell>
			<Cell><Data ss:Type="Number">0.12</Data></Cell>
			<Cell><Data ss:Type="Number">-9.51</Data></Cell>
			<Cell><Data ss:Type="Number">-0.06</Data></Cell>
			<Cell><Data ss:Type="Number">-0.91</Data></Cell>
			<Cell><Data ss:Type="Number">22.7</Data></Cell>
			<Cell><Data ss:Type="Number">39.7</Data></Cell>
			<Cell><Data ss:Type="Number">0</Data></Cell>
			<Cell><Data ss:Type="Number">0</Data></Cell>
			<Cell><Data ss:Type="String">2023-12-07 16:43:03.103824</Data></Cell>
		</Row>
		<Row>
			<Cell><Data ss:Type="String">289</Data></Cell>
			<Cell><Data ss:Type="Number">0.08</Data></Cell>
			<Cell><Data ss:Type="Number">-10.11</Data></Cell>
			<Cell><Data ss:Type="Number">0.14</Data></Cell>
			<Cell><Data ss:Type="Number">-9.47</Data></Cell>
			<Cell><Data ss:Type="Number">-0.06</Data></Cell>
			<Cell><Data ss:Type="Number">-0.91</Data></Cell>
			<Cell><Data ss:Type="Number">22.7</Data></Cell>
			<Cell><Data ss:Type="Number">39.7</Data></Cell>
			<Cell><Data ss:Type="Number">0</Data></Cell>
			<Cell><Data ss:Type="Number">0</Data></Cell>
			<Cell><Data ss:Type="String">2023-12-07 16:43:03.101884</Data></Cell>
		</Row>
		<Row>
			<Cell><Data ss:Type="String">288</Data></Cell>
			<Cell><Data ss:Type="Number">0.29</Data></Cell>
			<Cell><Data ss:Type="Number">-9.92</Data></Cell>
			<Cell><Data ss:Type="Number">0.11</Data></Cell>
			<Cell><Data ss:Type="Number">-9.42</Data></Cell>
			<Cell><Data ss:Type="Number">-0.09</Data></Cell>
			<Cell><Data ss:Type="Number">-0.97</Data></Cell>
			<Cell><Data ss:Type="Number">22.7</Data></Cell>
			<Cell><Data ss:Type="Number">39.7</Data></Cell>
			<Cell><Data ss:Type="Number">0</Data></Cell>
			<Cell><Data ss:Type="Number">0</Data></Cell>
			<Cell><Data ss:Type="String">2023-12-07 16:43:03.099887</Data></Cell>
		</Row>
		<Row>
			<Cell><Data ss:Type="String">287</Data></Cell>
			<Cell><Data ss:Type="Number">0.32</Data></Cell>
			<Cell><Data ss:Type="Number">-10.08</Data></Cell>
			<Cell><Data ss:Type="Number">0.11</Data></Cell>
			<Cell><Data ss:Type="Number">-9.5</Data></Cell>
			<Cell><Data ss:Type="Number">-0.1</Data></Cell>
			<Cell><Data ss:Type="Number">-0.93</Data></Cell>
			<Cell><Data ss:Type="Number">22.7</Data></Cell>
			<Cell><Data ss:Type="Number">39.7</Data></Cell>
			<Cell><Data ss:Type="Number">0</Data></Cell>
			<Cell><Data ss:Type="Number">0</Data></Cell>
			<Cell><Data ss:Type="String">2023-12-07 16:43:02.887960</Data></Cell>
		</Row>
		<Row>
			<Cell><Data ss:Type="String">286</Data></Cell>
			<Cell><Data ss:Type="Number">0.27</Data></Cell>
			<Cell><Data ss:Type="Number">-10.17</Data></Cell>
			<Cell><Data ss:Type="Number">-0.07</Data></Cell>
			<Cell><Data ss:Type="Number">-9.53</Data></Cell>
			<Cell><Data ss:Type="Number">-0.07</Data></Cell>
			<Cell><Data ss:Type="Number">-0.86</Data></Cell>
			<Cell><Data ss:Type="Number">22.7</Data></Cell>
			<Cell><Data ss:Type="Number">39.7</Data></Cell>
			<Cell><Data ss:Type="Number">0</Data></Cell>
			<Cell><Data ss:Type="Number">0</Data></Cell>
			<Cell><Data ss:Type="String">2023-12-07 16:43:02.885146</Data></Cell>
		</Row>
		<Row>
			<Cell><Data ss:Type="String">285</Data></Cell>
			<Cell><Data ss:Type="Number">0.27</Data></Cell>
			<Cell><Data ss:Type="Number">-10.13</Data></Cell>
			<Cell><Data ss:Type="Number">0.11</Data></Cell>
			<Cell><Data ss:Type="Number">-9.47</Data></Cell>
			<Cell><Data ss:Type="Number">-0.07</Data></Cell>
			<Cell><Data ss:Type="Number">-0.94</Data></Cell>
			<Cell><Data ss:Type="Number">22.7</Data></Cell>
			<Cell><Data ss:Type="Number">39.7</Data></Cell>
			<Cell><Data ss:Type="Number">0</Data></Cell>
			<Cell><Data ss:Type="Number">0</Data></Cell>
			<Cell><Data ss:Type="String">2023-12-07 16:43:02.838102</Data></Cell>
		</Row>
		<Row>
			<Cell><Data ss:Type="String">284</Data></Cell>
			<Cell><Data ss:Type="Number">0.25</Data></Cell>
			<Cell><Data ss:Type="Number">-10.07</Data></Cell>
			<Cell><Data ss:Type="Number">0.18</Data></Cell>
			<Cell><Data ss:Type="Number">-9.42</Data></Cell>
			<Cell><Data ss:Type="Number">-0.07</Data></Cell>
			<Cell><Data ss:Type="Number">-0.94</Data></Cell>
			<Cell><Data ss:Type="Number">22.7</Data></Cell>
			<Cell><Data ss:Type="Number">39.7</Data></Cell>
			<Cell><Data ss:Type="Number">0</Data></Cell>
			<Cell><Data ss:Type="Number">0</Data></Cell>
			<Cell><Data ss:Type="String">2023-12-07 16:43:02.801243</Data></Cell>
		</Row>
		<Row>
			<Cell><Data ss:Type="String">283</Data></Cell>
			<Cell><Data ss:Type="Number">0.21</Data></Cell>
			<Cell><Data ss:Type="Number">-10.03</Data></Cell>
			<Cell><Data ss:Type="Number">0.13</Data></Cell>
			<Cell><Data ss:Type="Number">-9.42</Data></Cell>
			<Cell><Data ss:Type="Number">-0.07</Data></Cell>
			<Cell><Data ss:Type="Number">-0.98</Data></Cell>
			<Cell><Data ss:Type="Number">22.7</Data></Cell>
			<Cell><Data ss:Type="Number">39.7</Data></Cell>
			<Cell><Data ss:Type="Number">0</Data></Cell>
			<Cell><Data ss:Type="Number">0</Data></Cell>
			<Cell><Data ss:Type="String">2023-12-07 16:43:02.799199</Data></Cell>
		</Row>
		<Row>
			<Cell><Data ss:Type="String">282</Data></Cell>
			<Cell><Data ss:Type="Number">0.31</Data></Cell>
			<Cell><Data ss:Type="Number">-9.97</Data></Cell>
			<Cell><Data ss:Type="Number">0.04</Data></Cell>
			<Cell><Data ss:Type="Number">-9.49</Data></Cell>
			<Cell><Data ss:Type="Number">-0.07</Data></Cell>
			<Cell><Data ss:Type="Number">-0.96</Data></Cell>
			<Cell><Data ss:Type="Number">22.7</Data></Cell>
			<Cell><Data ss:Type="Number">39.7</Data></Cell>
			<Cell><Data ss:Type="Number">0</Data></Cell>
			<Cell><Data ss:Type="Number">0</Data></Cell>
			<Cell><Data ss:Type="String">2023-12-07 16:43:02.796877</Data></Cell>
		</Row>
		<Row>
			<Cell><Data ss:Type="String">281</Data></Cell>
			<Cell><Data ss:Type="Number">0.23</Data></Cell>
			<Cell><Data ss:Type="Number">-10.21</Data></Cell>
			<Cell><Data ss:Type="Number">0.21</Data></Cell>
			<Cell><Data ss:Type="Number">-9.54</Data></Cell>
			<Cell><Data ss:Type="Number">-0.08</Data></Cell>
			<Cell><Data ss:Type="Number">-0.91</Data></Cell>
			<Cell><Data ss:Type="Number">22.7</Data></Cell>
			<Cell><Data ss:Type="Number">39.7</Data></Cell>
			<Cell><Data ss:Type="Number">0</Data></Cell>
			<Cell><Data ss:Type="Number">0</Data></Cell>
			<Cell><Data ss:Type="String">2023-12-07 16:43:02.793167</Data></Cell>
		</Row>
		<Row>
			<Cell><Data ss:Type="String">280</Data></Cell>
			<Cell><Data ss:Type="Number">0.27</Data></Cell>
			<Cell><Data ss:Type="Number">-10.06</Data></Cell>
			<Cell><Data ss:Type="Number">0.19</Data></Cell>
			<Cell><Data ss:Type="Number">-9.47</Data></Cell>
			<Cell><Data ss:Type="Number">-0.07</Data></Cell>
			<Cell><Data ss:Type="Number">-0.9</Data></Cell>
			<Cell><Data ss:Type="Number">22.7</Data></Cell>
			<Cell><Data ss:Type="Number">39.7</Data></Cell>
			<Cell><Data ss:Type="Number">0</Data></Cell>
			<Cell><Data ss:Type="Number">0</Data></Cell>
			<Cell><Data ss:Type="String">2023-12-07 16:43:02.653815</Data></Cell>
		</Row>
		<Row>
			<Cell><Data ss:Type="String">279</Data></Cell>
			<Cell><Data ss:Type="Number">0.26</Data></Cell>
			<Cell><Data ss:Type="Number">-10.01</Data></Cell>
			<Cell><Data ss:Type="Number">0.12</Data></Cell>
			<Cell><Data ss:Type="Number">-9.45</Data></Cell>
			<Cell><Data ss:Type="Number">-0.09</Data></Cell>
			<Cell><Data ss:Type="Number">-0.94</Data></Cell>
			<Cell><Data ss:Type="Number">22.7</Data></Cell>
			<Cell><Data ss:Type="Number">39.7</Data></Cell>
			<Cell><Data ss:Type="Number">0</Data></Cell>
			<Cell><Data ss:Type="Number">0</Data></Cell>
			<Cell><Data ss:Type="String">2023-12-07 16:43:02.610760</Data></Cell>
		</Row>
		<Row>
			<Cell><Data ss:Type="String">278</Data></Cell>
			<Cell><Data ss:Type="Number">0.34</Data></Cell>
			<Cell><Data ss:Type="Number">-9.97</Data></Cell>
			<Cell><Data ss:Type="Number">0.13</Data></Cell>
			<Cell><Data ss:Type="Number">-9.45</Data></Cell>
			<Cell><Data ss:Type="Number">-0.08</Data></Cell>
			<Cell><Data ss:Type="Number">-0.91</Data></Cell>
			<Cell><Data ss:Type="Number">22.7</Data></Cell>
			<Cell><Data ss:Type="Number">39.7</Data></Cell>
			<Cell><Data ss:Type="Number">0</Data></Cell>
			<Cell><Data ss:Type="Number">0</Data></Cell>
			<Cell><Data ss:Type="String">2023-12-07 16:43:02.608476</Data></Cell>
		</Row>
		<Row>
			<Cell><Data ss:Type="String">277</Data></Cell>
			<Cell><Data ss:Type="Number">0.32</Data></Cell>
			<Cell><Data ss:Type="Number">-10.15</Data></Cell>
			<Cell><Data ss:Type="Number">0.17</Data></Cell>
			<Cell><Data ss:Type="Number">-9.5</Data></Cell>
			<Cell><Data ss:Type="Number">-0.08</Data></Cell>
			<Cell><Data ss:Type="Number">-0.92</Data></Cell>
			<Cell><Data ss:Type="Number">22.7</Data></Cell>
			<Cell><Data ss:Type="Number">39.7</Data></Cell>
			<Cell><Data ss:Type="Number">0</Data></Cell>
			<Cell><Data ss:Type="Number">0</Data></Cell>
			<Cell><Data ss:Type="String">2023-12-07 16:43:02.564145</Data></Cell>
		</Row>
		<Row>
			<Cell><Data ss:Type="String">276</Data></Cell>
			<Cell><Data ss:Type="Number">0.3</Data></Cell>
			<Cell><Data ss:Type="Number">-10.17</Data></Cell>
			<Cell><Data ss:Type="Number">0.19</Data></Cell>
			<Cell><Data ss:Type="Number">-9.55</Data></Cell>
			<Cell><Data ss:Type="Number">-0.08</Data></Cell>
			<Cell><Data ss:Type="Number">-0.89</Data></Cell>
			<Cell><Data ss:Type="Number">22.7</Data></Cell>
			<Cell><Data ss:Type="Number">39.7</Data></Cell>
			<Cell><Data ss:Type="Number">0</Data></Cell>
			<Cell><Data ss:Type="Number">0</Data></Cell>
			<Cell><Data ss:Type="String">2023-12-07 16:43:02.518635</Data></Cell>
		</Row>
		<Row>
			<Cell><Data ss:Type="String">275</Data></Cell>
			<Cell><Data ss:Type="Number">0.25</Data></Cell>
			<Cell><Data ss:Type="Number">-10.17</Data></Cell>
			<Cell><Data ss:Type="Number">0.21</Data></Cell>
			<Cell><Data ss:Type="Number">-9.45</Data></Cell>
			<Cell><Data ss:Type="Number">-0.05</Data></Cell>
			<Cell><Data ss:Type="Number">-0.89</Data></Cell>
			<Cell><Data ss:Type="Number">22.7</Data></Cell>
			<Cell><Data ss:Type="Number">39.7</Data></Cell>
			<Cell><Data ss:Type="Number">0</Data></Cell>
			<Cell><Data ss:Type="Number">0</Data></Cell>
			<Cell><Data ss:Type="String">2023-12-07 16:43:02.516820</Data></Cell>
		</Row>
		<Row>
			<Cell><Data ss:Type="String">274</Data></Cell>
			<Cell><Data ss:Type="Number">0.39</Data></Cell>
			<Cell><Data ss:Type="Number">-9.96</Data></Cell>
			<Cell><Data ss:Type="Number">0.08</Data></Cell>
			<Cell><Data ss:Type="Number">-9.44</Data></Cell>
			<Cell><Data ss:Type="Number">-0.07</Data></Cell>
			<Cell><Data ss:Type="Number">-0.94</Data></Cell>
			<Cell><Data ss:Type="Number">22.7</Data></Cell>
			<Cell><Data ss:Type="Number">39.7</Data></Cell>
			<Cell><Data ss:Type="Number">0</Data></Cell>
			<Cell><Data ss:Type="Number">0</Data></Cell>
			<Cell><Data ss:Type="String">2023-12-07 16:43:02.470539</Data></Cell>
		</Row>
		<Row>
			<Cell><Data ss:Type="String">273</Data></Cell>
			<Cell><Data ss:Type="Number">0.31</Data></Cell>
			<Cell><Data ss:Type="Number">-10.17</Data></Cell>
			<Cell><Data ss:Type="Number">0.18</Data></Cell>
			<Cell><Data ss:Type="Number">-9.51</Data></Cell>
			<Cell><Data ss:Type="Number">-0.09</Data></Cell>
			<Cell><Data ss:Type="Number">-0.91</Data></Cell>
			<Cell><Data ss:Type="Number">22.7</Data></Cell>
			<Cell><Data ss:Type="Number">39.7</Data></Cell>
			<Cell><Data ss:Type="Number">0</Data></Cell>
			<Cell><Data ss:Type="Number">0</Data></Cell>
			<Cell><Data ss:Type="String">2023-12-07 16:43:02.424019</Data></Cell>
		</Row>
		<Row>
			<Cell><Data ss:Type="String">272</Data></Cell>
			<Cell><Data ss:Type="Number">0.33</Data></Cell>
			<Cell><Data ss:Type="Number">-10.21</Data></Cell>
			<Cell><Data ss:Type="Number">0.19</Data></Cell>
			<Cell><Data ss:Type="Number">-9.55</Data></Cell>
			<Cell><Data ss:Type="Number">-0.09</Data></Cell>
			<Cell><Data ss:Type="Number">-0.92</Data></Cell>
			<Cell><Data ss:Type="Number">22.7</Data></Cell>
			<Cell><Data ss:Type="Number">39.7</Data></Cell>
			<Cell><Data ss:Type="Number">0</Data></Cell>
			<Cell><Data ss:Type="Number">0</Data></Cell>
			<Cell><Data ss:Type="String">2023-12-07 16:43:02.383819</Data></Cell>
		</Row>
		<Row>
			<Cell><Data ss:Type="String">271</Data></Cell>
			<Cell><Data ss:Type="Number">0.23</Data></Cell>
			<Cell><Data ss:Type="Number">-10.23</Data></Cell>
			<Cell><Data ss:Type="Number">0.16</Data></Cell>
			<Cell><Data ss:Type="Number">-9.48</Data></Cell>
			<Cell><Data ss:Type="Number">-0.07</Data></Cell>
			<Cell><Data ss:Type="Number">-0.9</Data></Cell>
			<Cell><Data ss:Type="Number">22.7</Data></Cell>
			<Cell><Data ss:Type="Number">39.7</Data></Cell>
			<Cell><Data ss:Type="Number">0</Data></Cell>
			<Cell><Data ss:Type="Number">0</Data></Cell>
			<Cell><Data ss:Type="String">2023-12-07 16:43:02.381921</Data></Cell>
		</Row>
		<Row>
			<Cell><Data ss:Type="String">270</Data></Cell>
			<Cell><Data ss:Type="Number">0.24</Data></Cell>
			<Cell><Data ss:Type="Number">-9.95</Data></Cell>
			<Cell><Data ss:Type="Number">0.11</Data></Cell>
			<Cell><Data ss:Type="Number">-9.39</Data></Cell>
			<Cell><Data ss:Type="Number">-0.06</Data></Cell>
			<Cell><Data ss:Type="Number">-0.88</Data></Cell>
			<Cell><Data ss:Type="Number">22.7</Data></Cell>
			<Cell><Data ss:Type="Number">39.7</Data></Cell>
			<Cell><Data ss:Type="Number">0</Data></Cell>
			<Cell><Data ss:Type="Number">0</Data></Cell>
			<Cell><Data ss:Type="String">2023-12-07 16:43:02.333731</Data></Cell>
		</Row>
		<Row>
			<Cell><Data ss:Type="String">269</Data></Cell>
			<Cell><Data ss:Type="Number">0.27</Data></Cell>
			<Cell><Data ss:Type="Number">-10.01</Data></Cell>
			<Cell><Data ss:Type="Number">0.09</Data></Cell>
			<Cell><Data ss:Type="Number">-9.48</Data></Cell>
			<Cell><Data ss:Type="Number">-0.08</Data></Cell>
			<Cell><Data ss:Type="Number">-0.94</Data></Cell>
			<Cell><Data ss:Type="Number">22.7</Data></Cell>
			<Cell><Data ss:Type="Number">39.7</Data></Cell>
			<Cell><Data ss:Type="Number">0</Data></Cell>
			<Cell><Data ss:Type="Number">0</Data></Cell>
			<Cell><Data ss:Type="String">2023-12-07 16:43:02.290434</Data></Cell>
		</Row>
		<Row>
			<Cell><Data ss:Type="String">268</Data></Cell>
			<Cell><Data ss:Type="Number">0.33</Data></Cell>
			<Cell><Data ss:Type="Number">-10.15</Data></Cell>
			<Cell><Data ss:Type="Number">0.19</Data></Cell>
			<Cell><Data ss:Type="Number">-9.52</Data></Cell>
			<Cell><Data ss:Type="Number">-0.06</Data></Cell>
			<Cell><Data ss:Type="Number">-0.91</Data></Cell>
			<Cell><Data ss:Type="Number">22.7</Data></Cell>
			<Cell><Data ss:Type="Number">39.7</Data></Cell>
			<Cell><Data ss:Type="Number">0</Data></Cell>
			<Cell><Data ss:Type="Number">0</Data></Cell>
			<Cell><Data ss:Type="String">2023-12-07 16:43:02.288337</Data></Cell>
		</Row>
		<Row>
			<Cell><Data ss:Type="String">267</Data></Cell>
			<Cell><Data ss:Type="Number">0.26</Data></Cell>
			<Cell><Data ss:Type="Number">-10.07</Data></Cell>
			<Cell><Data ss:Type="Number">0.21</Data></Cell>
			<Cell><Data ss:Type="Number">-9.46</Data></Cell>
			<Cell><Data ss:Type="Number">-0.06</Data></Cell>
			<Cell><Data ss:Type="Number">-0.89</Data></Cell>
			<Cell><Data ss:Type="Number">22.7</Data></Cell>
			<Cell><Data ss:Type="Number">39.7</Data></Cell>
			<Cell><Data ss:Type="Number">0</Data></Cell>
			<Cell><Data ss:Type="Number">0</Data></Cell>
			<Cell><Data ss:Type="String">2023-12-07 16:43:02.236772</Data></Cell>
		</Row>
		<Row>
			<Cell><Data ss:Type="String">266</Data></Cell>
			<Cell><Data ss:Type="Number">0.35</Data></Cell>
			<Cell><Data ss:Type="Number">-9.97</Data></Cell>
			<Cell><Data ss:Type="Number">0.09</Data></Cell>
			<Cell><Data ss:Type="Number">-9.43</Data></Cell>
			<Cell><Data ss:Type="Number">-0.12</Data></Cell>
			<Cell><Data ss:Type="Number">-0.98</Data></Cell>
			<Cell><Data ss:Type="Number">22.7</Data></Cell>
			<Cell><Data ss:Type="Number">39.7</Data></Cell>
			<Cell><Data ss:Type="Number">0</Data></Cell>
			<Cell><Data ss:Type="Number">0</Data></Cell>
			<Cell><Data ss:Type="String">2023-12-07 16:43:02.187568</Data></Cell>
		</Row>
		<Row>
			<Cell><Data ss:Type="String">265</Data></Cell>
			<Cell><Data ss:Type="Number">0.2</Data></Cell>
			<Cell><Data ss:Type="Number">-9.91</Data></Cell>
			<Cell><Data ss:Type="Number">0.09</Data></Cell>
			<Cell><Data ss:Type="Number">-9.42</Data></Cell>
			<Cell><Data ss:Type="Number">-0.01</Data></Cell>
			<Cell><Data ss:Type="Number">-0.87</Data></Cell>
			<Cell><Data ss:Type="Number">22.7</Data></Cell>
			<Cell><Data ss:Type="Number">39.7</Data></Cell>
			<Cell><Data ss:Type="Number">0</Data></Cell>
			<Cell><Data ss:Type="Number">0</Data></Cell>
			<Cell><Data ss:Type="String">2023-12-07 16:43:02.186053</Data></Cell>
		</Row>
		<Row>
			<Cell><Data ss:Type="String">264</Data></Cell>
			<Cell><Data ss:Type="Number">0.34</Data></Cell>
			<Cell><Data ss:Type="Number">-10.07</Data></Cell>
			<Cell><Data ss:Type="Number">0.1</Data></Cell>
			<Cell><Data ss:Type="Number">-9.52</Data></Cell>
			<Cell><Data ss:Type="Number">-0.13</Data></Cell>
			<Cell><Data ss:Type="Number">-0.99</Data></Cell>
			<Cell><Data ss:Type="Number">22.7</Data></Cell>
			<Cell><Data ss:Type="Number">39.7</Data></Cell>
			<Cell><Data ss:Type="Number">0</Data></Cell>
			<Cell><Data ss:Type="Number">0</Data></Cell>
			<Cell><Data ss:Type="String">2023-12-07 16:43:02.184483</Data></Cell>
		</Row>
		<Row>
			<Cell><Data ss:Type="String">263</Data></Cell>
			<Cell><Data ss:Type="Number">0.38</Data></Cell>
			<Cell><Data ss:Type="Number">-9.99</Data></Cell>
			<Cell><Data ss:Type="Number">0.09</Data></Cell>
			<Cell><Data ss:Type="Number">-9.48</Data></Cell>
			<Cell><Data ss:Type="Number">-0.1</Data></Cell>
			<Cell><Data ss:Type="Number">-0.85</Data></Cell>
			<Cell><Data ss:Type="Number">22.7</Data></Cell>
			<Cell><Data ss:Type="Number">39.7</Data></Cell>
			<Cell><Data ss:Type="Number">0</Data></Cell>
			<Cell><Data ss:Type="Number">0</Data></Cell>
			<Cell><Data ss:Type="String">2023-12-07 16:43:02.182206</Data></Cell>
		</Row>
		<Row>
			<Cell><Data ss:Type="String">262</Data></Cell>
			<Cell><Data ss:Type="Number">0.21</Data></Cell>
			<Cell><Data ss:Type="Number">-10.17</Data></Cell>
			<Cell><Data ss:Type="Number">0.11</Data></Cell>
			<Cell><Data ss:Type="Number">-9.51</Data></Cell>
			<Cell><Data ss:Type="Number">-0.07</Data></Cell>
			<Cell><Data ss:Type="Number">-0.9</Data></Cell>
			<Cell><Data ss:Type="Number">22.7</Data></Cell>
			<Cell><Data ss:Type="Number">39.7</Data></Cell>
			<Cell><Data ss:Type="Number">0</Data></Cell>
			<Cell><Data ss:Type="Number">0</Data></Cell>
			<Cell><Data ss:Type="String">2023-12-07 16:43:02.178957</Data></Cell>
		</Row>
		<Row>
			<Cell><Data ss:Type="String">261</Data></Cell>
			<Cell><Data ss:Type="Number">-0.02</Data></Cell>
			<Cell><Data ss:Type="Number">-10.04</Data></Cell>
			<Cell><Data ss:Type="Number">-0.09</Data></Cell>
			<Cell><Data ss:Type="Number">-9.47</Data></Cell>
			<Cell><Data ss:Type="Number">0.11</Data></Cell>
			<Cell><Data ss:Type="Number">-0.98</Data></Cell>
			<Cell><Data ss:Type="Number">22.7</Data></Cell>
			<Cell><Data ss:Type="Number">39.7</Data></Cell>
			<Cell><Data ss:Type="Number">0</Data></Cell>
			<Cell><Data ss:Type="Number">0</Data></Cell>
			<Cell><Data ss:Type="String">2023-12-07 16:43:02.027962</Data></Cell>
		</Row>
		<Row>
			<Cell><Data ss:Type="String">260</Data></Cell>
			<Cell><Data ss:Type="Number">0.62</Data></Cell>
			<Cell><Data ss:Type="Number">-9.93</Data></Cell>
			<Cell><Data ss:Type="Number">0.19</Data></Cell>
			<Cell><Data ss:Type="Number">-9.4</Data></Cell>
			<Cell><Data ss:Type="Number">-0.17</Data></Cell>
			<Cell><Data ss:Type="Number">-0.87</Data></Cell>
			<Cell><Data ss:Type="Number">22.7</Data></Cell>
			<Cell><Data ss:Type="Number">39.7</Data></Cell>
			<Cell><Data ss:Type="Number">0</Data></Cell>
			<Cell><Data ss:Type="Number">0</Data></Cell>
			<Cell><Data ss:Type="String">2023-12-07 16:43:01.984137</Data></Cell>
		</Row>
		<Row>
			<Cell><Data ss:Type="String">259</Data></Cell>
			<Cell><Data ss:Type="Number">0.53</Data></Cell>
			<Cell><Data ss:Type="Number">-10.09</Data></Cell>
			<Cell><Data ss:Type="Number">0.26</Data></Cell>
			<Cell><Data ss:Type="Number">-9.55</Data></Cell>
			<Cell><Data ss:Type="Number">-0.41</Data></Cell>
			<Cell><Data ss:Type="Number">-0.92</Data></Cell>
			<Cell><Data ss:Type="Number">22.7</Data></Cell>
			<Cell><Data ss:Type="Number">39.7</Data></Cell>
			<Cell><Data ss:Type="Number">0</Data></Cell>
			<Cell><Data ss:Type="Number">0</Data></Cell>
			<Cell><Data ss:Type="String">2023-12-07 16:43:01.982502</Data></Cell>
		</Row>
		<Row>
			<Cell><Data ss:Type="String">258</Data></Cell>
			<Cell><Data ss:Type="Number">-0.45</Data></Cell>
			<Cell><Data ss:Type="Number">-10.25</Data></Cell>
			<Cell><Data ss:Type="Number">-0.09</Data></Cell>
			<Cell><Data ss:Type="Number">-9.53</Data></Cell>
			<Cell><Data ss:Type="Number">0.23</Data></Cell>
			<Cell><Data ss:Type="Number">-0.9</Data></Cell>
			<Cell><Data ss:Type="Number">22.7</Data></Cell>
			<Cell><Data ss:Type="Number">39.7</Data></Cell>
			<Cell><Data ss:Type="Number">0</Data></Cell>
			<Cell><Data ss:Type="Number">0</Data></Cell>
			<Cell><Data ss:Type="String">2023-12-07 16:43:01.936176</Data></Cell>
		</Row>
		<Row>
			<Cell><Data ss:Type="String">257</Data></Cell>
			<Cell><Data ss:Type="Number">2.22</Data></Cell>
			<Cell><Data ss:Type="Number">-10.11</Data></Cell>
			<Cell><Data ss:Type="Number">-0.04</Data></Cell>
			<Cell><Data ss:Type="Number">-9.42</Data></Cell>
			<Cell><Data ss:Type="Number">0.59</Data></Cell>
			<Cell><Data ss:Type="Number">-0.96</Data></Cell>
			<Cell><Data ss:Type="Number">22.7</Data></Cell>
			<Cell><Data ss:Type="Number">39.7</Data></Cell>
			<Cell><Data ss:Type="Number">0</Data></Cell>
			<Cell><Data ss:Type="Number">0</Data></Cell>
			<Cell><Data ss:Type="String">2023-12-07 16:43:01.884844</Data></Cell>
		</Row>
		<Row>
			<Cell><Data ss:Type="String">256</Data></Cell>
			<Cell><Data ss:Type="Number">2.1</Data></Cell>
			<Cell><Data ss:Type="Number">-9.9</Data></Cell>
			<Cell><Data ss:Type="Number">0.74</Data></Cell>
			<Cell><Data ss:Type="Number">-9.48</Data></Cell>
			<Cell><Data ss:Type="Number">-1.04</Data></Cell>
			<Cell><Data ss:Type="Number">-1.03</Data></Cell>
			<Cell><Data ss:Type="Number">22.7</Data></Cell>
			<Cell><Data ss:Type="Number">39.7</Data></Cell>
			<Cell><Data ss:Type="Number">0</Data></Cell>
			<Cell><Data ss:Type="Number">0</Data></Cell>
			<Cell><Data ss:Type="String">2023-12-07 16:43:01.880003</Data></Cell>
		</Row>
		<Row>
			<Cell><Data ss:Type="String">255</Data></Cell>
			<Cell><Data ss:Type="Number">-0.79</Data></Cell>
			<Cell><Data ss:Type="Number">-9.87</Data></Cell>
			<Cell><Data ss:Type="Number">0.17</Data></Cell>
			<Cell><Data ss:Type="Number">-9.46</Data></Cell>
			<Cell><Data ss:Type="Number">-0.04</Data></Cell>
			<Cell><Data ss:Type="Number">-0.62</Data></Cell>
			<Cell><Data ss:Type="Number">22.7</Data></Cell>
			<Cell><Data ss:Type="Number">39.7</Data></Cell>
			<Cell><Data ss:Type="Number">0</Data></Cell>
			<Cell><Data ss:Type="Number">0</Data></Cell>
			<Cell><Data ss:Type="String">2023-12-07 16:43:01.877353</Data></Cell>
		</Row>
		<Row>
			<Cell><Data ss:Type="String">254</Data></Cell>
			<Cell><Data ss:Type="Number">0.1</Data></Cell>
			<Cell><Data ss:Type="Number">-7.22</Data></Cell>
			<Cell><Data ss:Type="Number">-1.01</Data></Cell>
			<Cell><Data ss:Type="Number">-9.17</Data></Cell>
			<Cell><Data ss:Type="Number">2.15</Data></Cell>
			<Cell><Data ss:Type="Number">-0.64</Data></Cell>
			<Cell><Data ss:Type="Number">22.7</Data></Cell>
			<Cell><Data ss:Type="Number">39.7</Data></Cell>
			<Cell><Data ss:Type="Number">0</Data></Cell>
			<Cell><Data ss:Type="Number">0</Data></Cell>
			<Cell><Data ss:Type="String">2023-12-07 16:43:01.874909</Data></Cell>
		</Row>
		<Row>
			<Cell><Data ss:Type="String">253</Data></Cell>
			<Cell><Data ss:Type="Number">0.23</Data></Cell>
			<Cell><Data ss:Type="Number">-11.17</Data></Cell>
			<Cell><Data ss:Type="Number">-0.04</Data></Cell>
			<Cell><Data ss:Type="Number">-9.61</Data></Cell>
			<Cell><Data ss:Type="Number">0.01</Data></Cell>
			<Cell><Data ss:Type="Number">-0.9</Data></Cell>
			<Cell><Data ss:Type="Number">22.7</Data></Cell>
			<Cell><Data ss:Type="Number">39.7</Data></Cell>
			<Cell><Data ss:Type="Number">0</Data></Cell>
			<Cell><Data ss:Type="Number">0</Data></Cell>
			<Cell><Data ss:Type="String">2023-12-07 16:43:01.873229</Data></Cell>
		</Row>
		<Row>
			<Cell><Data ss:Type="String">252</Data></Cell>
			<Cell><Data ss:Type="Number">0.59</Data></Cell>
			<Cell><Data ss:Type="Number">-10.18</Data></Cell>
			<Cell><Data ss:Type="Number">0.41</Data></Cell>
			<Cell><Data ss:Type="Number">-9.51</Data></Cell>
			<Cell><Data ss:Type="Number">-0.05</Data></Cell>
			<Cell><Data ss:Type="Number">-0.93</Data></Cell>
			<Cell><Data ss:Type="Number">22.7</Data></Cell>
			<Cell><Data ss:Type="Number">39.7</Data></Cell>
			<Cell><Data ss:Type="Number">0</Data></Cell>
			<Cell><Data ss:Type="Number">0</Data></Cell>
			<Cell><Data ss:Type="String">2023-12-07 16:43:01.871317</Data></Cell>
		</Row>
		<Row>
			<Cell><Data ss:Type="String">251</Data></Cell>
			<Cell><Data ss:Type="Number">0.54</Data></Cell>
			<Cell><Data ss:Type="Number">-9.97</Data></Cell>
			<Cell><Data ss:Type="Number">-0.07</Data></Cell>
			<Cell><Data ss:Type="Number">-9.43</Data></Cell>
			<Cell><Data ss:Type="Number">-0.15</Data></Cell>
			<Cell><Data ss:Type="Number">-1.03</Data></Cell>
			<Cell><Data ss:Type="Number">22.7</Data></Cell>
			<Cell><Data ss:Type="Number">39.7</Data></Cell>
			<Cell><Data ss:Type="Number">0</Data></Cell>
			<Cell><Data ss:Type="Number">0</Data></Cell>
			<Cell><Data ss:Type="String">2023-12-07 16:43:01.678717</Data></Cell>
		</Row>
		<Row>
			<Cell><Data ss:Type="String">250</Data></Cell>
			<Cell><Data ss:Type="Number">0.45</Data></Cell>
			<Cell><Data ss:Type="Number">-10.25</Data></Cell>
			<Cell><Data ss:Type="Number">0.14</Data></Cell>
			<Cell><Data ss:Type="Number">-9.55</Data></Cell>
			<Cell><Data ss:Type="Number">-0.02</Data></Cell>
			<Cell><Data ss:Type="Number">-0.9</Data></Cell>
			<Cell><Data ss:Type="Number">22.7</Data></Cell>
			<Cell><Data ss:Type="Number">39.7</Data></Cell>
			<Cell><Data ss:Type="Number">0</Data></Cell>
			<Cell><Data ss:Type="Number">0</Data></Cell>
			<Cell><Data ss:Type="String">2023-12-07 16:43:01.675649</Data></Cell>
		</Row>
		<Row>
			<Cell><Data ss:Type="String">249</Data></Cell>
			<Cell><Data ss:Type="Number">0.51</Data></Cell>
			<Cell><Data ss:Type="Number">-9.59</Data></Cell>
			<Cell><Data ss:Type="Number">0.43</Data></Cell>
			<Cell><Data ss:Type="Number">-9.48</Data></Cell>
			<Cell><Data ss:Type="Number">-0.03</Data></Cell>
			<Cell><Data ss:Type="Number">-0.88</Data></Cell>
			<Cell><Data ss:Type="Number">22.7</Data></Cell>
			<Cell><Data ss:Type="Number">39.7</Data></Cell>
			<Cell><Data ss:Type="Number">0</Data></Cell>
			<Cell><Data ss:Type="Number">0</Data></Cell>
			<Cell><Data ss:Type="String">2023-12-07 16:43:01.627842</Data></Cell>
		</Row>
		<Row>
			<Cell><Data ss:Type="String">248</Data></Cell>
			<Cell><Data ss:Type="Number">0.31</Data></Cell>
			<Cell><Data ss:Type="Number">-10.2</Data></Cell>
			<Cell><Data ss:Type="Number">0.07</Data></Cell>
			<Cell><Data ss:Type="Number">-9.44</Data></Cell>
			<Cell><Data ss:Type="Number">-0.06</Data></Cell>
			<Cell><Data ss:Type="Number">-0.89</Data></Cell>
			<Cell><Data ss:Type="Number">22.7</Data></Cell>
			<Cell><Data ss:Type="Number">39.7</Data></Cell>
			<Cell><Data ss:Type="Number">0</Data></Cell>
			<Cell><Data ss:Type="Number">0</Data></Cell>
			<Cell><Data ss:Type="String">2023-12-07 16:43:01.583404</Data></Cell>
		</Row>
		<Row>
			<Cell><Data ss:Type="String">247</Data></Cell>
			<Cell><Data ss:Type="Number">0.42</Data></Cell>
			<Cell><Data ss:Type="Number">-10.34</Data></Cell>
			<Cell><Data ss:Type="Number">0.31</Data></Cell>
			<Cell><Data ss:Type="Number">-9.41</Data></Cell>
			<Cell><Data ss:Type="Number">-0.14</Data></Cell>
			<Cell><Data ss:Type="Number">-0.98</Data></Cell>
			<Cell><Data ss:Type="Number">22.7</Data></Cell>
			<Cell><Data ss:Type="Number">39.7</Data></Cell>
			<Cell><Data ss:Type="Number">0</Data></Cell>
			<Cell><Data ss:Type="Number">0</Data></Cell>
			<Cell><Data ss:Type="String">2023-12-07 16:43:01.581531</Data></Cell>
		</Row>
		<Row>
			<Cell><Data ss:Type="String">246</Data></Cell>
			<Cell><Data ss:Type="Number">0.19</Data></Cell>
			<Cell><Data ss:Type="Number">-9.88</Data></Cell>
			<Cell><Data ss:Type="Number">0.25</Data></Cell>
			<Cell><Data ss:Type="Number">-9.43</Data></Cell>
			<Cell><Data ss:Type="Number">-0.03</Data></Cell>
			<Cell><Data ss:Type="Number">-0.94</Data></Cell>
			<Cell><Data ss:Type="Number">22.7</Data></Cell>
			<Cell><Data ss:Type="Number">39.7</Data></Cell>
			<Cell><Data ss:Type="Number">0</Data></Cell>
			<Cell><Data ss:Type="Number">0</Data></Cell>
			<Cell><Data ss:Type="String">2023-12-07 16:43:01.534661</Data></Cell>
		</Row>
		<Row>
			<Cell><Data ss:Type="String">245</Data></Cell>
			<Cell><Data ss:Type="Number">0.39</Data></Cell>
			<Cell><Data ss:Type="Number">-9.42</Data></Cell>
			<Cell><Data ss:Type="Number">-0.09</Data></Cell>
			<Cell><Data ss:Type="Number">-9.43</Data></Cell>
			<Cell><Data ss:Type="Number">-0.08</Data></Cell>
			<Cell><Data ss:Type="Number">-0.87</Data></Cell>
			<Cell><Data ss:Type="Number">22.7</Data></Cell>
			<Cell><Data ss:Type="Number">39.7</Data></Cell>
			<Cell><Data ss:Type="Number">0</Data></Cell>
			<Cell><Data ss:Type="Number">0</Data></Cell>
			<Cell><Data ss:Type="String">2023-12-07 16:43:01.488751</Data></Cell>
		</Row>
		<Row>
			<Cell><Data ss:Type="String">244</Data></Cell>
			<Cell><Data ss:Type="Number">0.57</Data></Cell>
			<Cell><Data ss:Type="Number">-9.99</Data></Cell>
			<Cell><Data ss:Type="Number">-0.05</Data></Cell>
			<Cell><Data ss:Type="Number">-9.39</Data></Cell>
			<Cell><Data ss:Type="Number">-0.12</Data></Cell>
			<Cell><Data ss:Type="Number">-0.92</Data></Cell>
			<Cell><Data ss:Type="Number">22.7</Data></Cell>
			<Cell><Data ss:Type="Number">39.7</Data></Cell>
			<Cell><Data ss:Type="Number">0</Data></Cell>
			<Cell><Data ss:Type="Number">0</Data></Cell>
			<Cell><Data ss:Type="String">2023-12-07 16:43:01.446862</Data></Cell>
		</Row>
		<Row>
			<Cell><Data ss:Type="String">243</Data></Cell>
			<Cell><Data ss:Type="Number">0.32</Data></Cell>
			<Cell><Data ss:Type="Number">-9.89</Data></Cell>
			<Cell><Data ss:Type="Number">0.34</Data></Cell>
			<Cell><Data ss:Type="Number">-9.52</Data></Cell>
			<Cell><Data ss:Type="Number">-0.13</Data></Cell>
			<Cell><Data ss:Type="Number">-0.9</Data></Cell>
			<Cell><Data ss:Type="Number">22.7</Data></Cell>
			<Cell><Data ss:Type="Number">39.7</Data></Cell>
			<Cell><Data ss:Type="Number">0</Data></Cell>
			<Cell><Data ss:Type="Number">0</Data></Cell>
			<Cell><Data ss:Type="String">2023-12-07 16:43:01.443940</Data></Cell>
		</Row>
		<Row>
			<Cell><Data ss:Type="String">242</Data></Cell>
			<Cell><Data ss:Type="Number">0.13</Data></Cell>
			<Cell><Data ss:Type="Number">-9.92</Data></Cell>
			<Cell><Data ss:Type="Number">0.33</Data></Cell>
			<Cell><Data ss:Type="Number">-9.42</Data></Cell>
			<Cell><Data ss:Type="Number">-0.04</Data></Cell>
			<Cell><Data ss:Type="Number">-0.93</Data></Cell>
			<Cell><Data ss:Type="Number">22.7</Data></Cell>
			<Cell><Data ss:Type="Number">39.7</Data></Cell>
			<Cell><Data ss:Type="Number">0</Data></Cell>
			<Cell><Data ss:Type="Number">0</Data></Cell>
			<Cell><Data ss:Type="String">2023-12-07 16:43:01.396917</Data></Cell>
		</Row>
		<Row>
			<Cell><Data ss:Type="String">241</Data></Cell>
			<Cell><Data ss:Type="Number">0.03</Data></Cell>
			<Cell><Data ss:Type="Number">-10.8</Data></Cell>
			<Cell><Data ss:Type="Number">0.24</Data></Cell>
			<Cell><Data ss:Type="Number">-9.76</Data></Cell>
			<Cell><Data ss:Type="Number">-0.1</Data></Cell>
			<Cell><Data ss:Type="Number">-0.9</Data></Cell>
			<Cell><Data ss:Type="Number">22.7</Data></Cell>
			<Cell><Data ss:Type="Number">39.7</Data></Cell>
			<Cell><Data ss:Type="Number">0</Data></Cell>
			<Cell><Data ss:Type="Number">0</Data></Cell>
			<Cell><Data ss:Type="String">2023-12-07 16:43:01.349240</Data></Cell>
		</Row>
		<Row>
			<Cell><Data ss:Type="String">240</Data></Cell>
			<Cell><Data ss:Type="Number">0.94</Data></Cell>
			<Cell><Data ss:Type="Number">-9.79</Data></Cell>
			<Cell><Data ss:Type="Number">0.48</Data></Cell>
			<Cell><Data ss:Type="Number">-9.51</Data></Cell>
			<Cell><Data ss:Type="Number">-0.04</Data></Cell>
			<Cell><Data ss:Type="Number">-0.91</Data></Cell>
			<Cell><Data ss:Type="Number">22.7</Data></Cell>
			<Cell><Data ss:Type="Number">39.7</Data></Cell>
			<Cell><Data ss:Type="Number">0</Data></Cell>
			<Cell><Data ss:Type="Number">0</Data></Cell>
			<Cell><Data ss:Type="String">2023-12-07 16:43:01.283216</Data></Cell>
		</Row>
		<Row>
			<Cell><Data ss:Type="String">239</Data></Cell>
			<Cell><Data ss:Type="Number">-0.18</Data></Cell>
			<Cell><Data ss:Type="Number">-10.57</Data></Cell>
			<Cell><Data ss:Type="Number">-0.2</Data></Cell>
			<Cell><Data ss:Type="Number">-9.67</Data></Cell>
			<Cell><Data ss:Type="Number">-0.04</Data></Cell>
			<Cell><Data ss:Type="Number">-0.92</Data></Cell>
			<Cell><Data ss:Type="Number">22.7</Data></Cell>
			<Cell><Data ss:Type="Number">39.7</Data></Cell>
			<Cell><Data ss:Type="Number">0</Data></Cell>
			<Cell><Data ss:Type="Number">0</Data></Cell>
			<Cell><Data ss:Type="String">2023-12-07 16:43:01.269632</Data></Cell>
		</Row>
		<Row>
			<Cell><Data ss:Type="String">238</Data></Cell>
			<Cell><Data ss:Type="Number">0.12</Data></Cell>
			<Cell><Data ss:Type="Number">-9.78</Data></Cell>
			<Cell><Data ss:Type="Number">0.21</Data></Cell>
			<Cell><Data ss:Type="Number">-9.3</Data></Cell>
			<Cell><Data ss:Type="Number">-0.07</Data></Cell>
			<Cell><Data ss:Type="Number">-0.93</Data></Cell>
			<Cell><Data ss:Type="Number">22.7</Data></Cell>
			<Cell><Data ss:Type="Number">39.7</Data></Cell>
			<Cell><Data ss:Type="Number">0</Data></Cell>
			<Cell><Data ss:Type="Number">0</Data></Cell>
			<Cell><Data ss:Type="String">2023-12-07 16:43:01.267833</Data></Cell>
		</Row>
		<Row>
			<Cell><Data ss:Type="String">237</Data></Cell>
			<Cell><Data ss:Type="Number">0.2</Data></Cell>
			<Cell><Data ss:Type="Number">-10.12</Data></Cell>
			<Cell><Data ss:Type="Number">0.09</Data></Cell>
			<Cell><Data ss:Type="Number">-9.39</Data></Cell>
			<Cell><Data ss:Type="Number">-0.15</Data></Cell>
			<Cell><Data ss:Type="Number">-0.92</Data></Cell>
			<Cell><Data ss:Type="Number">22.7</Data></Cell>
			<Cell><Data ss:Type="Number">39.7</Data></Cell>
			<Cell><Data ss:Type="Number">0</Data></Cell>
			<Cell><Data ss:Type="Number">0</Data></Cell>
			<Cell><Data ss:Type="String">2023-12-07 16:43:01.266208</Data></Cell>
		</Row>
		<Row>
			<Cell><Data ss:Type="String">236</Data></Cell>
			<Cell><Data ss:Type="Number">0.52</Data></Cell>
			<Cell><Data ss:Type="Number">-9.85</Data></Cell>
			<Cell><Data ss:Type="Number">-0.05</Data></Cell>
			<Cell><Data ss:Type="Number">-9.4</Data></Cell>
			<Cell><Data ss:Type="Number">-0.06</Data></Cell>
			<Cell><Data ss:Type="Number">-1.01</Data></Cell>
			<Cell><Data ss:Type="Number">22.7</Data></Cell>
			<Cell><Data ss:Type="Number">39.7</Data></Cell>
			<Cell><Data ss:Type="Number">0</Data></Cell>
			<Cell><Data ss:Type="Number">0</Data></Cell>
			<Cell><Data ss:Type="String">2023-12-07 16:43:01.264395</Data></Cell>
		</Row>
		<Row>
			<Cell><Data ss:Type="String">235</Data></Cell>
			<Cell><Data ss:Type="Number">0.06</Data></Cell>
			<Cell><Data ss:Type="Number">-10.25</Data></Cell>
			<Cell><Data ss:Type="Number">0.41</Data></Cell>
			<Cell><Data ss:Type="Number">-9.59</Data></Cell>
			<Cell><Data ss:Type="Number">-0.11</Data></Cell>
			<Cell><Data ss:Type="Number">-0.92</Data></Cell>
			<Cell><Data ss:Type="Number">22.7</Data></Cell>
			<Cell><Data ss:Type="Number">39.7</Data></Cell>
			<Cell><Data ss:Type="Number">0</Data></Cell>
			<Cell><Data ss:Type="Number">0</Data></Cell>
			<Cell><Data ss:Type="String">2023-12-07 16:43:01.262053</Data></Cell>
		</Row>
		<Row>
			<Cell><Data ss:Type="String">234</Data></Cell>
			<Cell><Data ss:Type="Number">-0.04</Data></Cell>
			<Cell><Data ss:Type="Number">-10.6</Data></Cell>
			<Cell><Data ss:Type="Number">-0.21</Data></Cell>
			<Cell><Data ss:Type="Number">-9.6</Data></Cell>
			<Cell><Data ss:Type="Number">-0.08</Data></Cell>
			<Cell><Data ss:Type="Number">-0.91</Data></Cell>
			<Cell><Data ss:Type="Number">22.7</Data></Cell>
			<Cell><Data ss:Type="Number">39.7</Data></Cell>
			<Cell><Data ss:Type="Number">0</Data></Cell>
			<Cell><Data ss:Type="Number">0</Data></Cell>
			<Cell><Data ss:Type="String">2023-12-07 16:43:01.259511</Data></Cell>
		</Row>
		<Row>
			<Cell><Data ss:Type="String">233</Data></Cell>
			<Cell><Data ss:Type="Number">0.48</Data></Cell>
			<Cell><Data ss:Type="Number">-9.93</Data></Cell>
			<Cell><Data ss:Type="Number">0.11</Data></Cell>
			<Cell><Data ss:Type="Number">-9.52</Data></Cell>
			<Cell><Data ss:Type="Number">-0.06</Data></Cell>
			<Cell><Data ss:Type="Number">-0.85</Data></Cell>
			<Cell><Data ss:Type="Number">22.7</Data></Cell>
			<Cell><Data ss:Type="Number">39.7</Data></Cell>
			<Cell><Data ss:Type="Number">0</Data></Cell>
			<Cell><Data ss:Type="Number">0</Data></Cell>
			<Cell><Data ss:Type="String">2023-12-07 16:43:01.054793</Data></Cell>
		</Row>
		<Row>
			<Cell><Data ss:Type="String">232</Data></Cell>
			<Cell><Data ss:Type="Number">0.06</Data></Cell>
			<Cell><Data ss:Type="Number">-9.5</Data></Cell>
			<Cell><Data ss:Type="Number">-0.25</Data></Cell>
			<Cell><Data ss:Type="Number">-9.27</Data></Cell>
			<Cell><Data ss:Type="Number">-0.06</Data></Cell>
			<Cell><Data ss:Type="Number">-0.93</Data></Cell>
			<Cell><Data ss:Type="Number">22.7</Data></Cell>
			<Cell><Data ss:Type="Number">39.7</Data></Cell>
			<Cell><Data ss:Type="Number">0</Data></Cell>
			<Cell><Data ss:Type="Number">0</Data></Cell>
			<Cell><Data ss:Type="String">2023-12-07 16:43:01.052866</Data></Cell>
		</Row>
		<Row>
			<Cell><Data ss:Type="String">231</Data></Cell>
			<Cell><Data ss:Type="Number">0.01</Data></Cell>
			<Cell><Data ss:Type="Number">-10.25</Data></Cell>
			<Cell><Data ss:Type="Number">0.09</Data></Cell>
			<Cell><Data ss:Type="Number">-9.41</Data></Cell>
			<Cell><Data ss:Type="Number">-0.07</Data></Cell>
			<Cell><Data ss:Type="Number">-0.91</Data></Cell>
			<Cell><Data ss:Type="Number">22.7</Data></Cell>
			<Cell><Data ss:Type="Number">39.7</Data></Cell>
			<Cell><Data ss:Type="Number">0</Data></Cell>
			<Cell><Data ss:Type="Number">0</Data></Cell>
			<Cell><Data ss:Type="String">2023-12-07 16:43:00.998777</Data></Cell>
		</Row>
		<Row>
			<Cell><Data ss:Type="String">230</Data></Cell>
			<Cell><Data ss:Type="Number">0.11</Data></Cell>
			<Cell><Data ss:Type="Number">-10.16</Data></Cell>
			<Cell><Data ss:Type="Number">-0.01</Data></Cell>
			<Cell><Data ss:Type="Number">-9.46</Data></Cell>
			<Cell><Data ss:Type="Number">-0.12</Data></Cell>
			<Cell><Data ss:Type="Number">-0.91</Data></Cell>
			<Cell><Data ss:Type="Number">22.7</Data></Cell>
			<Cell><Data ss:Type="Number">39.7</Data></Cell>
			<Cell><Data ss:Type="Number">0</Data></Cell>
			<Cell><Data ss:Type="Number">0</Data></Cell>
			<Cell><Data ss:Type="String">2023-12-07 16:43:00.958470</Data></Cell>
		</Row>
		<Row>
			<Cell><Data ss:Type="String">229</Data></Cell>
			<Cell><Data ss:Type="Number">0.55</Data></Cell>
			<Cell><Data ss:Type="Number">-9.88</Data></Cell>
			<Cell><Data ss:Type="Number">-0.08</Data></Cell>
			<Cell><Data ss:Type="Number">-9.63</Data></Cell>
			<Cell><Data ss:Type="Number">-0.08</Data></Cell>
			<Cell><Data ss:Type="Number">-0.84</Data></Cell>
			<Cell><Data ss:Type="Number">22.7</Data></Cell>
			<Cell><Data ss:Type="Number">39.7</Data></Cell>
			<Cell><Data ss:Type="Number">0</Data></Cell>
			<Cell><Data ss:Type="Number">0</Data></Cell>
			<Cell><Data ss:Type="String">2023-12-07 16:43:00.956539</Data></Cell>
		</Row>
		<Row>
			<Cell><Data ss:Type="String">228</Data></Cell>
			<Cell><Data ss:Type="Number">0.38</Data></Cell>
			<Cell><Data ss:Type="Number">-10.03</Data></Cell>
			<Cell><Data ss:Type="Number">0.16</Data></Cell>
			<Cell><Data ss:Type="Number">-9.38</Data></Cell>
			<Cell><Data ss:Type="Number">-0.04</Data></Cell>
			<Cell><Data ss:Type="Number">-0.89</Data></Cell>
			<Cell><Data ss:Type="Number">22.7</Data></Cell>
			<Cell><Data ss:Type="Number">39.7</Data></Cell>
			<Cell><Data ss:Type="Number">0</Data></Cell>
			<Cell><Data ss:Type="Number">0</Data></Cell>
			<Cell><Data ss:Type="String">2023-12-07 16:43:00.954843</Data></Cell>
		</Row>
		<Row>
			<Cell><Data ss:Type="String">227</Data></Cell>
			<Cell><Data ss:Type="Number">0.77</Data></Cell>
			<Cell><Data ss:Type="Number">-9.94</Data></Cell>
			<Cell><Data ss:Type="Number">0.21</Data></Cell>
			<Cell><Data ss:Type="Number">-9.49</Data></Cell>
			<Cell><Data ss:Type="Number">-0.1</Data></Cell>
			<Cell><Data ss:Type="Number">-0.98</Data></Cell>
			<Cell><Data ss:Type="Number">22.7</Data></Cell>
			<Cell><Data ss:Type="Number">39.7</Data></Cell>
			<Cell><Data ss:Type="Number">0</Data></Cell>
			<Cell><Data ss:Type="Number">0</Data></Cell>
			<Cell><Data ss:Type="String">2023-12-07 16:43:00.953258</Data></Cell>
		</Row>
		<Row>
			<Cell><Data ss:Type="String">226</Data></Cell>
			<Cell><Data ss:Type="Number">0.83</Data></Cell>
			<Cell><Data ss:Type="Number">-10.14</Data></Cell>
			<Cell><Data ss:Type="Number">0.36</Data></Cell>
			<Cell><Data ss:Type="Number">-9.54</Data></Cell>
			<Cell><Data ss:Type="Number">-0.07</Data></Cell>
			<Cell><Data ss:Type="Number">-0.85</Data></Cell>
			<Cell><Data ss:Type="Number">22.7</Data></Cell>
			<Cell><Data ss:Type="Number">39.7</Data></Cell>
			<Cell><Data ss:Type="Number">0</Data></Cell>
			<Cell><Data ss:Type="Number">0</Data></Cell>
			<Cell><Data ss:Type="String">2023-12-07 16:43:00.951463</Data></Cell>
		</Row>
		<Row>
			<Cell><Data ss:Type="String">225</Data></Cell>
			<Cell><Data ss:Type="Number">0.37</Data></Cell>
			<Cell><Data ss:Type="Number">-10.24</Data></Cell>
			<Cell><Data ss:Type="Number">0.07</Data></Cell>
			<Cell><Data ss:Type="Number">-9.48</Data></Cell>
			<Cell><Data ss:Type="Number">-0</Data></Cell>
			<Cell><Data ss:Type="Number">-0.97</Data></Cell>
			<Cell><Data ss:Type="Number">22.7</Data></Cell>
			<Cell><Data ss:Type="Number">39.7</Data></Cell>
			<Cell><Data ss:Type="Number">0</Data></Cell>
			<Cell><Data ss:Type="Number">0</Data></Cell>
			<Cell><Data ss:Type="String">2023-12-07 16:43:00.949698</Data></Cell>
		</Row>
		<Row>
			<Cell><Data ss:Type="String">224</Data></Cell>
			<Cell><Data ss:Type="Number">1.32</Data></Cell>
			<Cell><Data ss:Type="Number">-10.01</Data></Cell>
			<Cell><Data ss:Type="Number">0.15</Data></Cell>
			<Cell><Data ss:Type="Number">-9.56</Data></Cell>
			<Cell><Data ss:Type="Number">0.09</Data></Cell>
			<Cell><Data ss:Type="Number">-0.88</Data></Cell>
			<Cell><Data ss:Type="Number">22.7</Data></Cell>
			<Cell><Data ss:Type="Number">39.7</Data></Cell>
			<Cell><Data ss:Type="Number">0</Data></Cell>
			<Cell><Data ss:Type="Number">0</Data></Cell>
			<Cell><Data ss:Type="String">2023-12-07 16:43:00.745416</Data></Cell>
		</Row>
		<Row>
			<Cell><Data ss:Type="String">223</Data></Cell>
			<Cell><Data ss:Type="Number">1.27</Data></Cell>
			<Cell><Data ss:Type="Number">-10.15</Data></Cell>
			<Cell><Data ss:Type="Number">0.7</Data></Cell>
			<Cell><Data ss:Type="Number">-9.46</Data></Cell>
			<Cell><Data ss:Type="Number">-0.32</Data></Cell>
			<Cell><Data ss:Type="Number">-0.87</Data></Cell>
			<Cell><Data ss:Type="Number">22.7</Data></Cell>
			<Cell><Data ss:Type="Number">39.7</Data></Cell>
			<Cell><Data ss:Type="Number">0</Data></Cell>
			<Cell><Data ss:Type="Number">0</Data></Cell>
			<Cell><Data ss:Type="String">2023-12-07 16:43:00.738064</Data></Cell>
		</Row>
		<Row>
			<Cell><Data ss:Type="String">222</Data></Cell>
			<Cell><Data ss:Type="Number">-0.48</Data></Cell>
			<Cell><Data ss:Type="Number">-10.28</Data></Cell>
			<Cell><Data ss:Type="Number">0.42</Data></Cell>
			<Cell><Data ss:Type="Number">-9.55</Data></Cell>
			<Cell><Data ss:Type="Number">-0.28</Data></Cell>
			<Cell><Data ss:Type="Number">-0.92</Data></Cell>
			<Cell><Data ss:Type="Number">22.7</Data></Cell>
			<Cell><Data ss:Type="Number">39.7</Data></Cell>
			<Cell><Data ss:Type="Number">0</Data></Cell>
			<Cell><Data ss:Type="Number">0</Data></Cell>
			<Cell><Data ss:Type="String">2023-12-07 16:43:00.692630</Data></Cell>
		</Row>
		<Row>
			<Cell><Data ss:Type="String">221</Data></Cell>
			<Cell><Data ss:Type="Number">-0.21</Data></Cell>
			<Cell><Data ss:Type="Number">-10.09</Data></Cell>
			<Cell><Data ss:Type="Number">-0.02</Data></Cell>
			<Cell><Data ss:Type="Number">-9.62</Data></Cell>
			<Cell><Data ss:Type="Number">0.02</Data></Cell>
			<Cell><Data ss:Type="Number">-0.82</Data></Cell>
			<Cell><Data ss:Type="Number">22.7</Data></Cell>
			<Cell><Data ss:Type="Number">39.7</Data></Cell>
			<Cell><Data ss:Type="Number">0</Data></Cell>
			<Cell><Data ss:Type="Number">0</Data></Cell>
			<Cell><Data ss:Type="String">2023-12-07 16:43:00.652363</Data></Cell>
		</Row>
		<Row>
			<Cell><Data ss:Type="String">220</Data></Cell>
			<Cell><Data ss:Type="Number">-1.89</Data></Cell>
			<Cell><Data ss:Type="Number">-11</Data></Cell>
			<Cell><Data ss:Type="Number">-1.26</Data></Cell>
			<Cell><Data ss:Type="Number">-9.71</Data></Cell>
			<Cell><Data ss:Type="Number">0.74</Data></Cell>
			<Cell><Data ss:Type="Number">-1.08</Data></Cell>
			<Cell><Data ss:Type="Number">22.7</Data></Cell>
			<Cell><Data ss:Type="Number">39.7</Data></Cell>
			<Cell><Data ss:Type="Number">0</Data></Cell>
			<Cell><Data ss:Type="Number">0</Data></Cell>
			<Cell><Data ss:Type="String">2023-12-07 16:43:00.650194</Data></Cell>
		</Row>
		<Row>
			<Cell><Data ss:Type="String">219</Data></Cell>
			<Cell><Data ss:Type="Number">2.11</Data></Cell>
			<Cell><Data ss:Type="Number">-9.87</Data></Cell>
			<Cell><Data ss:Type="Number">1.1</Data></Cell>
			<Cell><Data ss:Type="Number">-9.36</Data></Cell>
			<Cell><Data ss:Type="Number">-0.65</Data></Cell>
			<Cell><Data ss:Type="Number">-0.82</Data></Cell>
			<Cell><Data ss:Type="Number">22.7</Data></Cell>
			<Cell><Data ss:Type="Number">39.7</Data></Cell>
			<Cell><Data ss:Type="Number">0</Data></Cell>
			<Cell><Data ss:Type="Number">0</Data></Cell>
			<Cell><Data ss:Type="String">2023-12-07 16:43:00.648227</Data></Cell>
		</Row>
		<Row>
			<Cell><Data ss:Type="String">218</Data></Cell>
			<Cell><Data ss:Type="Number">2.75</Data></Cell>
			<Cell><Data ss:Type="Number">-11.03</Data></Cell>
			<Cell><Data ss:Type="Number">2.01</Data></Cell>
			<Cell><Data ss:Type="Number">-8.9</Data></Cell>
			<Cell><Data ss:Type="Number">-1.69</Data></Cell>
			<Cell><Data ss:Type="Number">-0.92</Data></Cell>
			<Cell><Data ss:Type="Number">22.7</Data></Cell>
			<Cell><Data ss:Type="Number">39.7</Data></Cell>
			<Cell><Data ss:Type="Number">0</Data></Cell>
			<Cell><Data ss:Type="Number">0</Data></Cell>
			<Cell><Data ss:Type="String">2023-12-07 16:43:00.645528</Data></Cell>
		</Row>
		<Row>
			<Cell><Data ss:Type="String">217</Data></Cell>
			<Cell><Data ss:Type="Number">-1.71</Data></Cell>
			<Cell><Data ss:Type="Number">-2.73</Data></Cell>
			<Cell><Data ss:Type="Number">0.02</Data></Cell>
			<Cell><Data ss:Type="Number">-1.27</Data></Cell>
			<Cell><Data ss:Type="Number">-0.17</Data></Cell>
			<Cell><Data ss:Type="Number">-1.87</Data></Cell>
			<Cell><Data ss:Type="Number">22.7</Data></Cell>
			<Cell><Data ss:Type="Number">39.7</Data></Cell>
			<Cell><Data ss:Type="Number">0</Data></Cell>
			<Cell><Data ss:Type="Number">0</Data></Cell>
			<Cell><Data ss:Type="String">2023-12-07 16:43:00.642240</Data></Cell>
		</Row>
		<Row>
			<Cell><Data ss:Type="String">216</Data></Cell>
			<Cell><Data ss:Type="Number">0.27</Data></Cell>
			<Cell><Data ss:Type="Number">-10.16</Data></Cell>
			<Cell><Data ss:Type="Number">0.24</Data></Cell>
			<Cell><Data ss:Type="Number">-9.54</Data></Cell>
			<Cell><Data ss:Type="Number">-0.06</Data></Cell>
			<Cell><Data ss:Type="Number">-0.86</Data></Cell>
			<Cell><Data ss:Type="Number">22.7</Data></Cell>
			<Cell><Data ss:Type="Number">39.7</Data></Cell>
			<Cell><Data ss:Type="Number">0</Data></Cell>
			<Cell><Data ss:Type="Number">0</Data></Cell>
			<Cell><Data ss:Type="String">2023-12-07 16:43:00.483303</Data></Cell>
		</Row>
		<Row>
			<Cell><Data ss:Type="String">215</Data></Cell>
			<Cell><Data ss:Type="Number">0.32</Data></Cell>
			<Cell><Data ss:Type="Number">-10.07</Data></Cell>
			<Cell><Data ss:Type="Number">0.11</Data></Cell>
			<Cell><Data ss:Type="Number">-9.45</Data></Cell>
			<Cell><Data ss:Type="Number">-0.07</Data></Cell>
			<Cell><Data ss:Type="Number">-0.92</Data></Cell>
			<Cell><Data ss:Type="Number">22.7</Data></Cell>
			<Cell><Data ss:Type="Number">39.7</Data></Cell>
			<Cell><Data ss:Type="Number">0</Data></Cell>
			<Cell><Data ss:Type="Number">0</Data></Cell>
			<Cell><Data ss:Type="String">2023-12-07 16:43:00.480907</Data></Cell>
		</Row>
		<Row>
			<Cell><Data ss:Type="String">214</Data></Cell>
			<Cell><Data ss:Type="Number">0.27</Data></Cell>
			<Cell><Data ss:Type="Number">-10</Data></Cell>
			<Cell><Data ss:Type="Number">0.16</Data></Cell>
			<Cell><Data ss:Type="Number">-9.42</Data></Cell>
			<Cell><Data ss:Type="Number">-0.07</Data></Cell>
			<Cell><Data ss:Type="Number">-0.92</Data></Cell>
			<Cell><Data ss:Type="Number">22.7</Data></Cell>
			<Cell><Data ss:Type="Number">39.7</Data></Cell>
			<Cell><Data ss:Type="Number">0</Data></Cell>
			<Cell><Data ss:Type="Number">0</Data></Cell>
			<Cell><Data ss:Type="String">2023-12-07 16:43:00.433614</Data></Cell>
		</Row>
		<Row>
			<Cell><Data ss:Type="String">213</Data></Cell>
			<Cell><Data ss:Type="Number">0.27</Data></Cell>
			<Cell><Data ss:Type="Number">-9.95</Data></Cell>
			<Cell><Data ss:Type="Number">0.05</Data></Cell>
			<Cell><Data ss:Type="Number">-9.43</Data></Cell>
			<Cell><Data ss:Type="Number">-0.08</Data></Cell>
			<Cell><Data ss:Type="Number">-0.94</Data></Cell>
			<Cell><Data ss:Type="Number">22.7</Data></Cell>
			<Cell><Data ss:Type="Number">39.7</Data></Cell>
			<Cell><Data ss:Type="Number">0</Data></Cell>
			<Cell><Data ss:Type="Number">0</Data></Cell>
			<Cell><Data ss:Type="String">2023-12-07 16:43:00.387684</Data></Cell>
		</Row>
		<Row>
			<Cell><Data ss:Type="String">212</Data></Cell>
			<Cell><Data ss:Type="Number">0.33</Data></Cell>
			<Cell><Data ss:Type="Number">-10.16</Data></Cell>
			<Cell><Data ss:Type="Number">0.16</Data></Cell>
			<Cell><Data ss:Type="Number">-9.54</Data></Cell>
			<Cell><Data ss:Type="Number">-0.07</Data></Cell>
			<Cell><Data ss:Type="Number">-0.87</Data></Cell>
			<Cell><Data ss:Type="Number">22.7</Data></Cell>
			<Cell><Data ss:Type="Number">39.7</Data></Cell>
			<Cell><Data ss:Type="Number">0</Data></Cell>
			<Cell><Data ss:Type="Number">0</Data></Cell>
			<Cell><Data ss:Type="String">2023-12-07 16:43:00.385539</Data></Cell>
		</Row>
		<Row>
			<Cell><Data ss:Type="String">211</Data></Cell>
			<Cell><Data ss:Type="Number">0.25</Data></Cell>
			<Cell><Data ss:Type="Number">-10.2</Data></Cell>
			<Cell><Data ss:Type="Number">0.22</Data></Cell>
			<Cell><Data ss:Type="Number">-9.55</Data></Cell>
			<Cell><Data ss:Type="Number">-0.06</Data></Cell>
			<Cell><Data ss:Type="Number">-0.86</Data></Cell>
			<Cell><Data ss:Type="Number">22.7</Data></Cell>
			<Cell><Data ss:Type="Number">39.7</Data></Cell>
			<Cell><Data ss:Type="Number">0</Data></Cell>
			<Cell><Data ss:Type="Number">0</Data></Cell>
			<Cell><Data ss:Type="String">2023-12-07 16:43:00.339822</Data></Cell>
		</Row>
		<Row>
			<Cell><Data ss:Type="String">210</Data></Cell>
			<Cell><Data ss:Type="Number">0.29</Data></Cell>
			<Cell><Data ss:Type="Number">-10.25</Data></Cell>
			<Cell><Data ss:Type="Number">0.25</Data></Cell>
			<Cell><Data ss:Type="Number">-9.49</Data></Cell>
			<Cell><Data ss:Type="Number">-0.09</Data></Cell>
			<Cell><Data ss:Type="Number">-0.9</Data></Cell>
			<Cell><Data ss:Type="Number">22.7</Data></Cell>
			<Cell><Data ss:Type="Number">39.7</Data></Cell>
			<Cell><Data ss:Type="Number">0</Data></Cell>
			<Cell><Data ss:Type="Number">0</Data></Cell>
			<Cell><Data ss:Type="String">2023-12-07 16:43:00.337679</Data></Cell>
		</Row>
		<Row>
			<Cell><Data ss:Type="String">209</Data></Cell>
			<Cell><Data ss:Type="Number">0.25</Data></Cell>
			<Cell><Data ss:Type="Number">-9.97</Data></Cell>
			<Cell><Data ss:Type="Number">0.22</Data></Cell>
			<Cell><Data ss:Type="Number">-9.42</Data></Cell>
			<Cell><Data ss:Type="Number">-0.06</Data></Cell>
			<Cell><Data ss:Type="Number">-0.91</Data></Cell>
			<Cell><Data ss:Type="Number">22.7</Data></Cell>
			<Cell><Data ss:Type="Number">39.7</Data></Cell>
			<Cell><Data ss:Type="Number">0</Data></Cell>
			<Cell><Data ss:Type="Number">0</Data></Cell>
			<Cell><Data ss:Type="String">2023-12-07 16:43:00.335298</Data></Cell>
		</Row>
		<Row>
			<Cell><Data ss:Type="String">208</Data></Cell>
			<Cell><Data ss:Type="Number">0.3</Data></Cell>
			<Cell><Data ss:Type="Number">-10.13</Data></Cell>
			<Cell><Data ss:Type="Number">0.04</Data></Cell>
			<Cell><Data ss:Type="Number">-9.51</Data></Cell>
			<Cell><Data ss:Type="Number">-0.07</Data></Cell>
			<Cell><Data ss:Type="Number">-0.93</Data></Cell>
			<Cell><Data ss:Type="Number">22.7</Data></Cell>
			<Cell><Data ss:Type="Number">39.7</Data></Cell>
			<Cell><Data ss:Type="Number">0</Data></Cell>
			<Cell><Data ss:Type="Number">0</Data></Cell>
			<Cell><Data ss:Type="String">2023-12-07 16:43:00.221756</Data></Cell>
		</Row>
		<Row>
			<Cell><Data ss:Type="String">207</Data></Cell>
			<Cell><Data ss:Type="Number">0.3</Data></Cell>
			<Cell><Data ss:Type="Number">-10.18</Data></Cell>
			<Cell><Data ss:Type="Number">0.21</Data></Cell>
			<Cell><Data ss:Type="Number">-9.55</Data></Cell>
			<Cell><Data ss:Type="Number">-0.07</Data></Cell>
			<Cell><Data ss:Type="Number">-0.9</Data></Cell>
			<Cell><Data ss:Type="Number">22.7</Data></Cell>
			<Cell><Data ss:Type="Number">39.7</Data></Cell>
			<Cell><Data ss:Type="Number">0</Data></Cell>
			<Cell><Data ss:Type="Number">0</Data></Cell>
			<Cell><Data ss:Type="String">2023-12-07 16:43:00.220073</Data></Cell>
		</Row>
		<Row>
			<Cell><Data ss:Type="String">206</Data></Cell>
			<Cell><Data ss:Type="Number">0.3</Data></Cell>
			<Cell><Data ss:Type="Number">-10.28</Data></Cell>
			<Cell><Data ss:Type="Number">0.17</Data></Cell>
			<Cell><Data ss:Type="Number">-9.49</Data></Cell>
			<Cell><Data ss:Type="Number">-0.09</Data></Cell>
			<Cell><Data ss:Type="Number">-0.89</Data></Cell>
			<Cell><Data ss:Type="Number">22.7</Data></Cell>
			<Cell><Data ss:Type="Number">39.7</Data></Cell>
			<Cell><Data ss:Type="Number">0</Data></Cell>
			<Cell><Data ss:Type="Number">0</Data></Cell>
			<Cell><Data ss:Type="String">2023-12-07 16:43:00.171394</Data></Cell>
		</Row>
		<Row>
			<Cell><Data ss:Type="String">205</Data></Cell>
			<Cell><Data ss:Type="Number">0.33</Data></Cell>
			<Cell><Data ss:Type="Number">-9.99</Data></Cell>
			<Cell><Data ss:Type="Number">0.12</Data></Cell>
			<Cell><Data ss:Type="Number">-9.43</Data></Cell>
			<Cell><Data ss:Type="Number">-0.09</Data></Cell>
			<Cell><Data ss:Type="Number">-0.93</Data></Cell>
			<Cell><Data ss:Type="Number">22.7</Data></Cell>
			<Cell><Data ss:Type="Number">39.7</Data></Cell>
			<Cell><Data ss:Type="Number">0</Data></Cell>
			<Cell><Data ss:Type="Number">0</Data></Cell>
			<Cell><Data ss:Type="String">2023-12-07 16:43:00.128268</Data></Cell>
		</Row>
		<Row>
			<Cell><Data ss:Type="String">204</Data></Cell>
			<Cell><Data ss:Type="Number">0.4</Data></Cell>
			<Cell><Data ss:Type="Number">-9.92</Data></Cell>
			<Cell><Data ss:Type="Number">0.14</Data></Cell>
			<Cell><Data ss:Type="Number">-9.42</Data></Cell>
			<Cell><Data ss:Type="Number">-0.06</Data></Cell>
			<Cell><Data ss:Type="Number">-0.91</Data></Cell>
			<Cell><Data ss:Type="Number">22.7</Data></Cell>
			<Cell><Data ss:Type="Number">39.7</Data></Cell>
			<Cell><Data ss:Type="Number">0</Data></Cell>
			<Cell><Data ss:Type="Number">0</Data></Cell>
			<Cell><Data ss:Type="String">2023-12-07 16:43:00.082810</Data></Cell>
		</Row>
		<Row>
			<Cell><Data ss:Type="String">203</Data></Cell>
			<Cell><Data ss:Type="Number">0.29</Data></Cell>
			<Cell><Data ss:Type="Number">-9.97</Data></Cell>
			<Cell><Data ss:Type="Number">0.14</Data></Cell>
			<Cell><Data ss:Type="Number">-9.52</Data></Cell>
			<Cell><Data ss:Type="Number">-0.11</Data></Cell>
			<Cell><Data ss:Type="Number">-0.94</Data></Cell>
			<Cell><Data ss:Type="Number">22.7</Data></Cell>
			<Cell><Data ss:Type="Number">39.7</Data></Cell>
			<Cell><Data ss:Type="Number">0</Data></Cell>
			<Cell><Data ss:Type="Number">0</Data></Cell>
			<Cell><Data ss:Type="String">2023-12-07 16:43:00.081198</Data></Cell>
		</Row>
		<Row>
			<Cell><Data ss:Type="String">202</Data></Cell>
			<Cell><Data ss:Type="Number">0.33</Data></Cell>
			<Cell><Data ss:Type="Number">-10.22</Data></Cell>
			<Cell><Data ss:Type="Number">0.17</Data></Cell>
			<Cell><Data ss:Type="Number">-9.52</Data></Cell>
			<Cell><Data ss:Type="Number">-0.06</Data></Cell>
			<Cell><Data ss:Type="Number">-0.89</Data></Cell>
			<Cell><Data ss:Type="Number">22.7</Data></Cell>
			<Cell><Data ss:Type="Number">39.7</Data></Cell>
			<Cell><Data ss:Type="Number">0</Data></Cell>
			<Cell><Data ss:Type="Number">0</Data></Cell>
			<Cell><Data ss:Type="String">2023-12-07 16:43:00.029824</Data></Cell>
		</Row>
		<Row>
			<Cell><Data ss:Type="String">201</Data></Cell>
			<Cell><Data ss:Type="Number">0.3</Data></Cell>
			<Cell><Data ss:Type="Number">-10.23</Data></Cell>
			<Cell><Data ss:Type="Number">0.2</Data></Cell>
			<Cell><Data ss:Type="Number">-9.51</Data></Cell>
			<Cell><Data ss:Type="Number">-0.09</Data></Cell>
			<Cell><Data ss:Type="Number">-0.91</Data></Cell>
			<Cell><Data ss:Type="Number">22.7</Data></Cell>
			<Cell><Data ss:Type="Number">39.7</Data></Cell>
			<Cell><Data ss:Type="Number">0</Data></Cell>
			<Cell><Data ss:Type="Number">0</Data></Cell>
			<Cell><Data ss:Type="String">2023-12-07 16:42:59.989539</Data></Cell>
		</Row>
		<Row>
			<Cell><Data ss:Type="String">200</Data></Cell>
			<Cell><Data ss:Type="Number">0.34</Data></Cell>
			<Cell><Data ss:Type="Number">-10.15</Data></Cell>
			<Cell><Data ss:Type="Number">0.12</Data></Cell>
			<Cell><Data ss:Type="Number">-9.4</Data></Cell>
			<Cell><Data ss:Type="Number">-0.07</Data></Cell>
			<Cell><Data ss:Type="Number">-0.92</Data></Cell>
			<Cell><Data ss:Type="Number">22.7</Data></Cell>
			<Cell><Data ss:Type="Number">39.7</Data></Cell>
			<Cell><Data ss:Type="Number">0</Data></Cell>
			<Cell><Data ss:Type="Number">0</Data></Cell>
			<Cell><Data ss:Type="String">2023-12-07 16:42:59.987851</Data></Cell>
		</Row>
		<Row>
			<Cell><Data ss:Type="String">199</Data></Cell>
			<Cell><Data ss:Type="Number">0.27</Data></Cell>
			<Cell><Data ss:Type="Number">-10.05</Data></Cell>
			<Cell><Data ss:Type="Number">0.26</Data></Cell>
			<Cell><Data ss:Type="Number">-9.42</Data></Cell>
			<Cell><Data ss:Type="Number">-0.09</Data></Cell>
			<Cell><Data ss:Type="Number">-0.96</Data></Cell>
			<Cell><Data ss:Type="Number">22.7</Data></Cell>
			<Cell><Data ss:Type="Number">39.7</Data></Cell>
			<Cell><Data ss:Type="Number">0</Data></Cell>
			<Cell><Data ss:Type="Number">0</Data></Cell>
			<Cell><Data ss:Type="String">2023-12-07 16:42:59.986254</Data></Cell>
		</Row>
		<Row>
			<Cell><Data ss:Type="String">198</Data></Cell>
			<Cell><Data ss:Type="Number">0.3</Data></Cell>
			<Cell><Data ss:Type="Number">-10.02</Data></Cell>
			<Cell><Data ss:Type="Number">0.18</Data></Cell>
			<Cell><Data ss:Type="Number">-9.47</Data></Cell>
			<Cell><Data ss:Type="Number">-0.07</Data></Cell>
			<Cell><Data ss:Type="Number">-0.91</Data></Cell>
			<Cell><Data ss:Type="Number">22.7</Data></Cell>
			<Cell><Data ss:Type="Number">39.7</Data></Cell>
			<Cell><Data ss:Type="Number">0</Data></Cell>
			<Cell><Data ss:Type="Number">0</Data></Cell>
			<Cell><Data ss:Type="String">2023-12-07 16:42:59.984495</Data></Cell>
		</Row>
		<Row>
			<Cell><Data ss:Type="String">197</Data></Cell>
			<Cell><Data ss:Type="Number">0.3</Data></Cell>
			<Cell><Data ss:Type="Number">-10.17</Data></Cell>
			<Cell><Data ss:Type="Number">0.21</Data></Cell>
			<Cell><Data ss:Type="Number">-9.51</Data></Cell>
			<Cell><Data ss:Type="Number">-0.09</Data></Cell>
			<Cell><Data ss:Type="Number">-0.9</Data></Cell>
			<Cell><Data ss:Type="Number">22.7</Data></Cell>
			<Cell><Data ss:Type="Number">39.7</Data></Cell>
			<Cell><Data ss:Type="Number">0</Data></Cell>
			<Cell><Data ss:Type="Number">0</Data></Cell>
			<Cell><Data ss:Type="String">2023-12-07 16:42:59.982709</Data></Cell>
		</Row>
		<Row>
			<Cell><Data ss:Type="String">196</Data></Cell>
			<Cell><Data ss:Type="Number">0.29</Data></Cell>
			<Cell><Data ss:Type="Number">-10.27</Data></Cell>
			<Cell><Data ss:Type="Number">0.2</Data></Cell>
			<Cell><Data ss:Type="Number">-9.54</Data></Cell>
			<Cell><Data ss:Type="Number">-0.09</Data></Cell>
			<Cell><Data ss:Type="Number">-0.87</Data></Cell>
			<Cell><Data ss:Type="Number">22.7</Data></Cell>
			<Cell><Data ss:Type="Number">39.7</Data></Cell>
			<Cell><Data ss:Type="Number">0</Data></Cell>
			<Cell><Data ss:Type="Number">0</Data></Cell>
			<Cell><Data ss:Type="String">2023-12-07 16:42:59.980855</Data></Cell>
		</Row>
		<Row>
			<Cell><Data ss:Type="String">195</Data></Cell>
			<Cell><Data ss:Type="Number">0.28</Data></Cell>
			<Cell><Data ss:Type="Number">-10.2</Data></Cell>
			<Cell><Data ss:Type="Number">0.15</Data></Cell>
			<Cell><Data ss:Type="Number">-9.48</Data></Cell>
			<Cell><Data ss:Type="Number">-0.07</Data></Cell>
			<Cell><Data ss:Type="Number">-0.92</Data></Cell>
			<Cell><Data ss:Type="Number">22.7</Data></Cell>
			<Cell><Data ss:Type="Number">39.7</Data></Cell>
			<Cell><Data ss:Type="Number">0</Data></Cell>
			<Cell><Data ss:Type="Number">0</Data></Cell>
			<Cell><Data ss:Type="String">2023-12-07 16:42:59.977910</Data></Cell>
		</Row>
		<Row>
			<Cell><Data ss:Type="String">194</Data></Cell>
			<Cell><Data ss:Type="Number">0.28</Data></Cell>
			<Cell><Data ss:Type="Number">-9.95</Data></Cell>
			<Cell><Data ss:Type="Number">0.11</Data></Cell>
			<Cell><Data ss:Type="Number">-9.4</Data></Cell>
			<Cell><Data ss:Type="Number">-0.06</Data></Cell>
			<Cell><Data ss:Type="Number">-0.95</Data></Cell>
			<Cell><Data ss:Type="Number">22.7</Data></Cell>
			<Cell><Data ss:Type="Number">39.7</Data></Cell>
			<Cell><Data ss:Type="Number">0</Data></Cell>
			<Cell><Data ss:Type="Number">0</Data></Cell>
			<Cell><Data ss:Type="String">2023-12-07 16:42:59.975260</Data></Cell>
		</Row>
		<Row>
			<Cell><Data ss:Type="String">193</Data></Cell>
			<Cell><Data ss:Type="Number">0.27</Data></Cell>
			<Cell><Data ss:Type="Number">-9.95</Data></Cell>
			<Cell><Data ss:Type="Number">0.16</Data></Cell>
			<Cell><Data ss:Type="Number">-9.5</Data></Cell>
			<Cell><Data ss:Type="Number">-0.09</Data></Cell>
			<Cell><Data ss:Type="Number">-0.91</Data></Cell>
			<Cell><Data ss:Type="Number">22.7</Data></Cell>
			<Cell><Data ss:Type="Number">39.7</Data></Cell>
			<Cell><Data ss:Type="Number">0</Data></Cell>
			<Cell><Data ss:Type="Number">0</Data></Cell>
			<Cell><Data ss:Type="String">2023-12-07 16:42:59.746852</Data></Cell>
		</Row>
		<Row>
			<Cell><Data ss:Type="String">192</Data></Cell>
			<Cell><Data ss:Type="Number">0.31</Data></Cell>
			<Cell><Data ss:Type="Number">-10.19</Data></Cell>
			<Cell><Data ss:Type="Number">0.2</Data></Cell>
			<Cell><Data ss:Type="Number">-9.53</Data></Cell>
			<Cell><Data ss:Type="Number">-0.08</Data></Cell>
			<Cell><Data ss:Type="Number">-0.9</Data></Cell>
			<Cell><Data ss:Type="Number">22.7</Data></Cell>
			<Cell><Data ss:Type="Number">39.7</Data></Cell>
			<Cell><Data ss:Type="Number">0</Data></Cell>
			<Cell><Data ss:Type="Number">0</Data></Cell>
			<Cell><Data ss:Type="String">2023-12-07 16:42:59.696092</Data></Cell>
		</Row>
		<Row>
			<Cell><Data ss:Type="String">191</Data></Cell>
			<Cell><Data ss:Type="Number">0.29</Data></Cell>
			<Cell><Data ss:Type="Number">-10.26</Data></Cell>
			<Cell><Data ss:Type="Number">0.19</Data></Cell>
			<Cell><Data ss:Type="Number">-9.56</Data></Cell>
			<Cell><Data ss:Type="Number">-0.07</Data></Cell>
			<Cell><Data ss:Type="Number">-0.91</Data></Cell>
			<Cell><Data ss:Type="Number">22.7</Data></Cell>
			<Cell><Data ss:Type="Number">39.7</Data></Cell>
			<Cell><Data ss:Type="Number">0</Data></Cell>
			<Cell><Data ss:Type="Number">0</Data></Cell>
			<Cell><Data ss:Type="String">2023-12-07 16:42:59.651857</Data></Cell>
		</Row>
		<Row>
			<Cell><Data ss:Type="String">190</Data></Cell>
			<Cell><Data ss:Type="Number">0.25</Data></Cell>
			<Cell><Data ss:Type="Number">-9.91</Data></Cell>
			<Cell><Data ss:Type="Number">0.13</Data></Cell>
			<Cell><Data ss:Type="Number">-9.42</Data></Cell>
			<Cell><Data ss:Type="Number">-0.06</Data></Cell>
			<Cell><Data ss:Type="Number">-0.93</Data></Cell>
			<Cell><Data ss:Type="Number">22.7</Data></Cell>
			<Cell><Data ss:Type="Number">39.7</Data></Cell>
			<Cell><Data ss:Type="Number">0</Data></Cell>
			<Cell><Data ss:Type="Number">0</Data></Cell>
			<Cell><Data ss:Type="String">2023-12-07 16:42:59.650003</Data></Cell>
		</Row>
		<Row>
			<Cell><Data ss:Type="String">189</Data></Cell>
			<Cell><Data ss:Type="Number">0.3</Data></Cell>
			<Cell><Data ss:Type="Number">-9.93</Data></Cell>
			<Cell><Data ss:Type="Number">0.16</Data></Cell>
			<Cell><Data ss:Type="Number">-9.45</Data></Cell>
			<Cell><Data ss:Type="Number">-0.08</Data></Cell>
			<Cell><Data ss:Type="Number">-0.94</Data></Cell>
			<Cell><Data ss:Type="Number">22.7</Data></Cell>
			<Cell><Data ss:Type="Number">39.7</Data></Cell>
			<Cell><Data ss:Type="Number">0</Data></Cell>
			<Cell><Data ss:Type="Number">0</Data></Cell>
			<Cell><Data ss:Type="String">2023-12-07 16:42:59.604716</Data></Cell>
		</Row>
		<Row>
			<Cell><Data ss:Type="String">188</Data></Cell>
			<Cell><Data ss:Type="Number">0.35</Data></Cell>
			<Cell><Data ss:Type="Number">-9.92</Data></Cell>
			<Cell><Data ss:Type="Number">0.08</Data></Cell>
			<Cell><Data ss:Type="Number">-9.51</Data></Cell>
			<Cell><Data ss:Type="Number">-0.08</Data></Cell>
			<Cell><Data ss:Type="Number">-0.92</Data></Cell>
			<Cell><Data ss:Type="Number">22.7</Data></Cell>
			<Cell><Data ss:Type="Number">39.7</Data></Cell>
			<Cell><Data ss:Type="Number">0</Data></Cell>
			<Cell><Data ss:Type="Number">0</Data></Cell>
			<Cell><Data ss:Type="String">2023-12-07 16:42:59.603107</Data></Cell>
		</Row>
		<Row>
			<Cell><Data ss:Type="String">187</Data></Cell>
			<Cell><Data ss:Type="Number">0.26</Data></Cell>
			<Cell><Data ss:Type="Number">-10.24</Data></Cell>
			<Cell><Data ss:Type="Number">0.19</Data></Cell>
			<Cell><Data ss:Type="Number">-9.55</Data></Cell>
			<Cell><Data ss:Type="Number">-0.06</Data></Cell>
			<Cell><Data ss:Type="Number">-0.85</Data></Cell>
			<Cell><Data ss:Type="Number">22.7</Data></Cell>
			<Cell><Data ss:Type="Number">39.7</Data></Cell>
			<Cell><Data ss:Type="Number">0</Data></Cell>
			<Cell><Data ss:Type="Number">0</Data></Cell>
			<Cell><Data ss:Type="String">2023-12-07 16:42:59.601247</Data></Cell>
		</Row>
		<Row>
			<Cell><Data ss:Type="String">186</Data></Cell>
			<Cell><Data ss:Type="Number">0.29</Data></Cell>
			<Cell><Data ss:Type="Number">-10.21</Data></Cell>
			<Cell><Data ss:Type="Number">0.2</Data></Cell>
			<Cell><Data ss:Type="Number">-9.52</Data></Cell>
			<Cell><Data ss:Type="Number">-0.08</Data></Cell>
			<Cell><Data ss:Type="Number">-0.9</Data></Cell>
			<Cell><Data ss:Type="Number">22.7</Data></Cell>
			<Cell><Data ss:Type="Number">39.7</Data></Cell>
			<Cell><Data ss:Type="Number">0</Data></Cell>
			<Cell><Data ss:Type="Number">0</Data></Cell>
			<Cell><Data ss:Type="String">2023-12-07 16:42:59.599132</Data></Cell>
		</Row>
		<Row>
			<Cell><Data ss:Type="String">185</Data></Cell>
			<Cell><Data ss:Type="Number">0.29</Data></Cell>
			<Cell><Data ss:Type="Number">-10.06</Data></Cell>
			<Cell><Data ss:Type="Number">0.14</Data></Cell>
			<Cell><Data ss:Type="Number">-9.45</Data></Cell>
			<Cell><Data ss:Type="Number">-0.07</Data></Cell>
			<Cell><Data ss:Type="Number">-0.91</Data></Cell>
			<Cell><Data ss:Type="Number">22.7</Data></Cell>
			<Cell><Data ss:Type="Number">39.7</Data></Cell>
			<Cell><Data ss:Type="Number">0</Data></Cell>
			<Cell><Data ss:Type="Number">0</Data></Cell>
			<Cell><Data ss:Type="String">2023-12-07 16:42:59.596828</Data></Cell>
		</Row>
		<Row>
			<Cell><Data ss:Type="String">184</Data></Cell>
			<Cell><Data ss:Type="Number">0.31</Data></Cell>
			<Cell><Data ss:Type="Number">-10</Data></Cell>
			<Cell><Data ss:Type="Number">0.12</Data></Cell>
			<Cell><Data ss:Type="Number">-9.43</Data></Cell>
			<Cell><Data ss:Type="Number">-0.07</Data></Cell>
			<Cell><Data ss:Type="Number">-0.96</Data></Cell>
			<Cell><Data ss:Type="Number">22.7</Data></Cell>
			<Cell><Data ss:Type="Number">39.7</Data></Cell>
			<Cell><Data ss:Type="Number">0</Data></Cell>
			<Cell><Data ss:Type="Number">0</Data></Cell>
			<Cell><Data ss:Type="String">2023-12-07 16:42:59.594191</Data></Cell>
		</Row>
		<Row>
			<Cell><Data ss:Type="String">183</Data></Cell>
			<Cell><Data ss:Type="Number">0.28</Data></Cell>
			<Cell><Data ss:Type="Number">-10.04</Data></Cell>
			<Cell><Data ss:Type="Number">0.16</Data></Cell>
			<Cell><Data ss:Type="Number">-9.48</Data></Cell>
			<Cell><Data ss:Type="Number">-0.07</Data></Cell>
			<Cell><Data ss:Type="Number">-0.91</Data></Cell>
			<Cell><Data ss:Type="Number">22.7</Data></Cell>
			<Cell><Data ss:Type="Number">39.7</Data></Cell>
			<Cell><Data ss:Type="Number">0</Data></Cell>
			<Cell><Data ss:Type="Number">0</Data></Cell>
			<Cell><Data ss:Type="String">2023-12-07 16:42:59.591613</Data></Cell>
		</Row>
		<Row>
			<Cell><Data ss:Type="String">182</Data></Cell>
			<Cell><Data ss:Type="Number">0.29</Data></Cell>
			<Cell><Data ss:Type="Number">-10.13</Data></Cell>
			<Cell><Data ss:Type="Number">0.16</Data></Cell>
			<Cell><Data ss:Type="Number">-9.55</Data></Cell>
			<Cell><Data ss:Type="Number">-0.07</Data></Cell>
			<Cell><Data ss:Type="Number">-0.9</Data></Cell>
			<Cell><Data ss:Type="Number">22.7</Data></Cell>
			<Cell><Data ss:Type="Number">39.7</Data></Cell>
			<Cell><Data ss:Type="Number">0</Data></Cell>
			<Cell><Data ss:Type="Number">0</Data></Cell>
			<Cell><Data ss:Type="String">2023-12-07 16:42:59.364060</Data></Cell>
		</Row>
		<Row>
			<Cell><Data ss:Type="String">181</Data></Cell>
			<Cell><Data ss:Type="Number">0.33</Data></Cell>
			<Cell><Data ss:Type="Number">-10.03</Data></Cell>
			<Cell><Data ss:Type="Number">0.21</Data></Cell>
			<Cell><Data ss:Type="Number">-9.46</Data></Cell>
			<Cell><Data ss:Type="Number">-0.07</Data></Cell>
			<Cell><Data ss:Type="Number">-0.93</Data></Cell>
			<Cell><Data ss:Type="Number">22.7</Data></Cell>
			<Cell><Data ss:Type="Number">39.7</Data></Cell>
			<Cell><Data ss:Type="Number">0</Data></Cell>
			<Cell><Data ss:Type="Number">0</Data></Cell>
			<Cell><Data ss:Type="String">2023-12-07 16:42:59.361392</Data></Cell>
		</Row>
		<Row>
			<Cell><Data ss:Type="String">180</Data></Cell>
			<Cell><Data ss:Type="Number">0.34</Data></Cell>
			<Cell><Data ss:Type="Number">-10.11</Data></Cell>
			<Cell><Data ss:Type="Number">0.18</Data></Cell>
			<Cell><Data ss:Type="Number">-9.52</Data></Cell>
			<Cell><Data ss:Type="Number">-0.08</Data></Cell>
			<Cell><Data ss:Type="Number">-0.93</Data></Cell>
			<Cell><Data ss:Type="Number">22.7</Data></Cell>
			<Cell><Data ss:Type="Number">39.7</Data></Cell>
			<Cell><Data ss:Type="Number">0</Data></Cell>
			<Cell><Data ss:Type="Number">0</Data></Cell>
			<Cell><Data ss:Type="String">2023-12-07 16:42:59.359072</Data></Cell>
		</Row>
		<Row>
			<Cell><Data ss:Type="String">179</Data></Cell>
			<Cell><Data ss:Type="Number">0.25</Data></Cell>
			<Cell><Data ss:Type="Number">-10.19</Data></Cell>
			<Cell><Data ss:Type="Number">0.15</Data></Cell>
			<Cell><Data ss:Type="Number">-9.52</Data></Cell>
			<Cell><Data ss:Type="Number">-0.06</Data></Cell>
			<Cell><Data ss:Type="Number">-0.91</Data></Cell>
			<Cell><Data ss:Type="Number">22.7</Data></Cell>
			<Cell><Data ss:Type="Number">39.7</Data></Cell>
			<Cell><Data ss:Type="Number">0</Data></Cell>
			<Cell><Data ss:Type="Number">0</Data></Cell>
			<Cell><Data ss:Type="String">2023-12-07 16:42:59.357190</Data></Cell>
		</Row>
		<Row>
			<Cell><Data ss:Type="String">178</Data></Cell>
			<Cell><Data ss:Type="Number">0.27</Data></Cell>
			<Cell><Data ss:Type="Number">-10.25</Data></Cell>
			<Cell><Data ss:Type="Number">0.19</Data></Cell>
			<Cell><Data ss:Type="Number">-9.5</Data></Cell>
			<Cell><Data ss:Type="Number">-0.09</Data></Cell>
			<Cell><Data ss:Type="Number">-0.87</Data></Cell>
			<Cell><Data ss:Type="Number">22.7</Data></Cell>
			<Cell><Data ss:Type="Number">39.7</Data></Cell>
			<Cell><Data ss:Type="Number">0</Data></Cell>
			<Cell><Data ss:Type="Number">0</Data></Cell>
			<Cell><Data ss:Type="String">2023-12-07 16:42:59.355584</Data></Cell>
		</Row>
		<Row>
			<Cell><Data ss:Type="String">177</Data></Cell>
			<Cell><Data ss:Type="Number">0.24</Data></Cell>
			<Cell><Data ss:Type="Number">-10.19</Data></Cell>
			<Cell><Data ss:Type="Number">0.27</Data></Cell>
			<Cell><Data ss:Type="Number">-9.48</Data></Cell>
			<Cell><Data ss:Type="Number">-0.04</Data></Cell>
			<Cell><Data ss:Type="Number">-0.93</Data></Cell>
			<Cell><Data ss:Type="Number">22.7</Data></Cell>
			<Cell><Data ss:Type="Number">39.7</Data></Cell>
			<Cell><Data ss:Type="Number">0</Data></Cell>
			<Cell><Data ss:Type="Number">0</Data></Cell>
			<Cell><Data ss:Type="String">2023-12-07 16:42:59.353904</Data></Cell>
		</Row>
		<Row>
			<Cell><Data ss:Type="String">176</Data></Cell>
			<Cell><Data ss:Type="Number">0.3</Data></Cell>
			<Cell><Data ss:Type="Number">-9.94</Data></Cell>
			<Cell><Data ss:Type="Number">0.19</Data></Cell>
			<Cell><Data ss:Type="Number">-9.41</Data></Cell>
			<Cell><Data ss:Type="Number">-0.09</Data></Cell>
			<Cell><Data ss:Type="Number">-0.93</Data></Cell>
			<Cell><Data ss:Type="Number">22.7</Data></Cell>
			<Cell><Data ss:Type="Number">39.7</Data></Cell>
			<Cell><Data ss:Type="Number">0</Data></Cell>
			<Cell><Data ss:Type="Number">0</Data></Cell>
			<Cell><Data ss:Type="String">2023-12-07 16:42:59.351832</Data></Cell>
		</Row>
		<Row>
			<Cell><Data ss:Type="String">175</Data></Cell>
			<Cell><Data ss:Type="Number">0.31</Data></Cell>
			<Cell><Data ss:Type="Number">-10.05</Data></Cell>
			<Cell><Data ss:Type="Number">0.1</Data></Cell>
			<Cell><Data ss:Type="Number">-9.53</Data></Cell>
			<Cell><Data ss:Type="Number">-0.13</Data></Cell>
			<Cell><Data ss:Type="Number">-0.85</Data></Cell>
			<Cell><Data ss:Type="Number">22.7</Data></Cell>
			<Cell><Data ss:Type="Number">39.7</Data></Cell>
			<Cell><Data ss:Type="Number">0</Data></Cell>
			<Cell><Data ss:Type="Number">0</Data></Cell>
			<Cell><Data ss:Type="String">2023-12-07 16:42:59.112168</Data></Cell>
		</Row>
		<Row>
			<Cell><Data ss:Type="String">174</Data></Cell>
			<Cell><Data ss:Type="Number">0.23</Data></Cell>
			<Cell><Data ss:Type="Number">-10.24</Data></Cell>
			<Cell><Data ss:Type="Number">0.14</Data></Cell>
			<Cell><Data ss:Type="Number">-9.58</Data></Cell>
			<Cell><Data ss:Type="Number">-0.09</Data></Cell>
			<Cell><Data ss:Type="Number">-0.96</Data></Cell>
			<Cell><Data ss:Type="Number">22.7</Data></Cell>
			<Cell><Data ss:Type="Number">39.7</Data></Cell>
			<Cell><Data ss:Type="Number">0</Data></Cell>
			<Cell><Data ss:Type="Number">0</Data></Cell>
			<Cell><Data ss:Type="String">2023-12-07 16:42:59.109892</Data></Cell>
		</Row>
		<Row>
			<Cell><Data ss:Type="String">173</Data></Cell>
			<Cell><Data ss:Type="Number">0.23</Data></Cell>
			<Cell><Data ss:Type="Number">-10.2</Data></Cell>
			<Cell><Data ss:Type="Number">0.15</Data></Cell>
			<Cell><Data ss:Type="Number">-9.48</Data></Cell>
			<Cell><Data ss:Type="Number">-0</Data></Cell>
			<Cell><Data ss:Type="Number">-0.86</Data></Cell>
			<Cell><Data ss:Type="Number">22.7</Data></Cell>
			<Cell><Data ss:Type="Number">39.7</Data></Cell>
			<Cell><Data ss:Type="Number">0</Data></Cell>
			<Cell><Data ss:Type="Number">0</Data></Cell>
			<Cell><Data ss:Type="String">2023-12-07 16:42:59.107900</Data></Cell>
		</Row>
		<Row>
			<Cell><Data ss:Type="String">172</Data></Cell>
			<Cell><Data ss:Type="Number">0.22</Data></Cell>
			<Cell><Data ss:Type="Number">-10.01</Data></Cell>
			<Cell><Data ss:Type="Number">0.14</Data></Cell>
			<Cell><Data ss:Type="Number">-9.46</Data></Cell>
			<Cell><Data ss:Type="Number">-0.04</Data></Cell>
			<Cell><Data ss:Type="Number">-0.99</Data></Cell>
			<Cell><Data ss:Type="Number">22.7</Data></Cell>
			<Cell><Data ss:Type="Number">39.7</Data></Cell>
			<Cell><Data ss:Type="Number">0</Data></Cell>
			<Cell><Data ss:Type="Number">0</Data></Cell>
			<Cell><Data ss:Type="String">2023-12-07 16:42:59.106198</Data></Cell>
		</Row>
		<Row>
			<Cell><Data ss:Type="String">171</Data></Cell>
			<Cell><Data ss:Type="Number">0.55</Data></Cell>
			<Cell><Data ss:Type="Number">-9.95</Data></Cell>
			<Cell><Data ss:Type="Number">0.34</Data></Cell>
			<Cell><Data ss:Type="Number">-9.45</Data></Cell>
			<Cell><Data ss:Type="Number">-0.14</Data></Cell>
			<Cell><Data ss:Type="Number">-0.84</Data></Cell>
			<Cell><Data ss:Type="Number">22.7</Data></Cell>
			<Cell><Data ss:Type="Number">39.7</Data></Cell>
			<Cell><Data ss:Type="Number">0</Data></Cell>
			<Cell><Data ss:Type="Number">0</Data></Cell>
			<Cell><Data ss:Type="String">2023-12-07 16:42:58.975141</Data></Cell>
		</Row>
		<Row>
			<Cell><Data ss:Type="String">170</Data></Cell>
			<Cell><Data ss:Type="Number">0.36</Data></Cell>
			<Cell><Data ss:Type="Number">-10.06</Data></Cell>
			<Cell><Data ss:Type="Number">0.22</Data></Cell>
			<Cell><Data ss:Type="Number">-9.48</Data></Cell>
			<Cell><Data ss:Type="Number">-0.34</Data></Cell>
			<Cell><Data ss:Type="Number">-0.87</Data></Cell>
			<Cell><Data ss:Type="Number">22.7</Data></Cell>
			<Cell><Data ss:Type="Number">39.7</Data></Cell>
			<Cell><Data ss:Type="Number">0</Data></Cell>
			<Cell><Data ss:Type="Number">0</Data></Cell>
			<Cell><Data ss:Type="String">2023-12-07 16:42:58.971535</Data></Cell>
		</Row>
		<Row>
			<Cell><Data ss:Type="String">169</Data></Cell>
			<Cell><Data ss:Type="Number">-0.18</Data></Cell>
			<Cell><Data ss:Type="Number">-10.28</Data></Cell>
			<Cell><Data ss:Type="Number">-0.02</Data></Cell>
			<Cell><Data ss:Type="Number">-9.55</Data></Cell>
			<Cell><Data ss:Type="Number">0.1</Data></Cell>
			<Cell><Data ss:Type="Number">-0.95</Data></Cell>
			<Cell><Data ss:Type="Number">22.7</Data></Cell>
			<Cell><Data ss:Type="Number">39.7</Data></Cell>
			<Cell><Data ss:Type="Number">0</Data></Cell>
			<Cell><Data ss:Type="Number">0</Data></Cell>
			<Cell><Data ss:Type="String">2023-12-07 16:42:58.926071</Data></Cell>
		</Row>
		<Row>
			<Cell><Data ss:Type="String">168</Data></Cell>
			<Cell><Data ss:Type="Number">1.49</Data></Cell>
			<Cell><Data ss:Type="Number">-10.16</Data></Cell>
			<Cell><Data ss:Type="Number">-0.23</Data></Cell>
			<Cell><Data ss:Type="Number">-9.45</Data></Cell>
			<Cell><Data ss:Type="Number">0.32</Data></Cell>
			<Cell><Data ss:Type="Number">-0.88</Data></Cell>
			<Cell><Data ss:Type="Number">22.7</Data></Cell>
			<Cell><Data ss:Type="Number">39.7</Data></Cell>
			<Cell><Data ss:Type="Number">0</Data></Cell>
			<Cell><Data ss:Type="Number">0</Data></Cell>
			<Cell><Data ss:Type="String">2023-12-07 16:42:58.882168</Data></Cell>
		</Row>
		<Row>
			<Cell><Data ss:Type="String">167</Data></Cell>
			<Cell><Data ss:Type="Number">0.53</Data></Cell>
			<Cell><Data ss:Type="Number">-9.89</Data></Cell>
			<Cell><Data ss:Type="Number">-0.17</Data></Cell>
			<Cell><Data ss:Type="Number">-9.44</Data></Cell>
			<Cell><Data ss:Type="Number">0.06</Data></Cell>
			<Cell><Data ss:Type="Number">-1.08</Data></Cell>
			<Cell><Data ss:Type="Number">22.7</Data></Cell>
			<Cell><Data ss:Type="Number">39.7</Data></Cell>
			<Cell><Data ss:Type="Number">0</Data></Cell>
			<Cell><Data ss:Type="Number">0</Data></Cell>
			<Cell><Data ss:Type="String">2023-12-07 16:42:58.880123</Data></Cell>
		</Row>
		<Row>
			<Cell><Data ss:Type="String">166</Data></Cell>
			<Cell><Data ss:Type="Number">0.94</Data></Cell>
			<Cell><Data ss:Type="Number">-9.91</Data></Cell>
			<Cell><Data ss:Type="Number">0.29</Data></Cell>
			<Cell><Data ss:Type="Number">-9.39</Data></Cell>
			<Cell><Data ss:Type="Number">0.05</Data></Cell>
			<Cell><Data ss:Type="Number">-0.96</Data></Cell>
			<Cell><Data ss:Type="Number">22.7</Data></Cell>
			<Cell><Data ss:Type="Number">39.7</Data></Cell>
			<Cell><Data ss:Type="Number">0</Data></Cell>
			<Cell><Data ss:Type="Number">0</Data></Cell>
			<Cell><Data ss:Type="String">2023-12-07 16:42:58.833849</Data></Cell>
		</Row>
		<Row>
			<Cell><Data ss:Type="String">165</Data></Cell>
			<Cell><Data ss:Type="Number">3.62</Data></Cell>
			<Cell><Data ss:Type="Number">-10.52</Data></Cell>
			<Cell><Data ss:Type="Number">2.37</Data></Cell>
			<Cell><Data ss:Type="Number">-9.39</Data></Cell>
			<Cell><Data ss:Type="Number">-1.56</Data></Cell>
			<Cell><Data ss:Type="Number">-0.57</Data></Cell>
			<Cell><Data ss:Type="Number">22.7</Data></Cell>
			<Cell><Data ss:Type="Number">39.7</Data></Cell>
			<Cell><Data ss:Type="Number">0</Data></Cell>
			<Cell><Data ss:Type="Number">0</Data></Cell>
			<Cell><Data ss:Type="String">2023-12-07 16:42:58.788302</Data></Cell>
		</Row>
		<Row>
			<Cell><Data ss:Type="String">164</Data></Cell>
			<Cell><Data ss:Type="Number">1.56</Data></Cell>
			<Cell><Data ss:Type="Number">5.11</Data></Cell>
			<Cell><Data ss:Type="Number">-0.22</Data></Cell>
			<Cell><Data ss:Type="Number">-1.29</Data></Cell>
			<Cell><Data ss:Type="Number">-1.44</Data></Cell>
			<Cell><Data ss:Type="Number">-1.32</Data></Cell>
			<Cell><Data ss:Type="Number">22.7</Data></Cell>
			<Cell><Data ss:Type="Number">39.7</Data></Cell>
			<Cell><Data ss:Type="Number">0</Data></Cell>
			<Cell><Data ss:Type="Number">0</Data></Cell>
			<Cell><Data ss:Type="String">2023-12-07 16:42:58.748179</Data></Cell>
		</Row>
		<Row>
			<Cell><Data ss:Type="String">163</Data></Cell>
			<Cell><Data ss:Type="Number">0.23</Data></Cell>
			<Cell><Data ss:Type="Number">-10.04</Data></Cell>
			<Cell><Data ss:Type="Number">0.31</Data></Cell>
			<Cell><Data ss:Type="Number">-9.43</Data></Cell>
			<Cell><Data ss:Type="Number">-0.08</Data></Cell>
			<Cell><Data ss:Type="Number">-0.92</Data></Cell>
			<Cell><Data ss:Type="Number">22.7</Data></Cell>
			<Cell><Data ss:Type="Number">39.7</Data></Cell>
			<Cell><Data ss:Type="Number">0</Data></Cell>
			<Cell><Data ss:Type="Number">0</Data></Cell>
			<Cell><Data ss:Type="String">2023-12-07 16:42:58.746182</Data></Cell>
		</Row>
		<Row>
			<Cell><Data ss:Type="String">162</Data></Cell>
			<Cell><Data ss:Type="Number">0.05</Data></Cell>
			<Cell><Data ss:Type="Number">-10.15</Data></Cell>
			<Cell><Data ss:Type="Number">0.39</Data></Cell>
			<Cell><Data ss:Type="Number">-9.56</Data></Cell>
			<Cell><Data ss:Type="Number">-0.08</Data></Cell>
			<Cell><Data ss:Type="Number">-0.87</Data></Cell>
			<Cell><Data ss:Type="Number">22.7</Data></Cell>
			<Cell><Data ss:Type="Number">39.7</Data></Cell>
			<Cell><Data ss:Type="Number">0</Data></Cell>
			<Cell><Data ss:Type="Number">0</Data></Cell>
			<Cell><Data ss:Type="String">2023-12-07 16:42:58.698520</Data></Cell>
		</Row>
		<Row>
			<Cell><Data ss:Type="String">161</Data></Cell>
			<Cell><Data ss:Type="Number">0</Data></Cell>
			<Cell><Data ss:Type="Number">-9.7</Data></Cell>
			<Cell><Data ss:Type="Number">-0.09</Data></Cell>
			<Cell><Data ss:Type="Number">-9.41</Data></Cell>
			<Cell><Data ss:Type="Number">0.04</Data></Cell>
			<Cell><Data ss:Type="Number">-1</Data></Cell>
			<Cell><Data ss:Type="Number">22.7</Data></Cell>
			<Cell><Data ss:Type="Number">39.7</Data></Cell>
			<Cell><Data ss:Type="Number">0</Data></Cell>
			<Cell><Data ss:Type="Number">0</Data></Cell>
			<Cell><Data ss:Type="String">2023-12-07 16:42:58.651442</Data></Cell>
		</Row>
		<Row>
			<Cell><Data ss:Type="String">160</Data></Cell>
			<Cell><Data ss:Type="Number">-0.3</Data></Cell>
			<Cell><Data ss:Type="Number">-9.98</Data></Cell>
			<Cell><Data ss:Type="Number">-0.22</Data></Cell>
			<Cell><Data ss:Type="Number">-9.45</Data></Cell>
			<Cell><Data ss:Type="Number">-0.02</Data></Cell>
			<Cell><Data ss:Type="Number">-0.9</Data></Cell>
			<Cell><Data ss:Type="Number">22.7</Data></Cell>
			<Cell><Data ss:Type="Number">39.7</Data></Cell>
			<Cell><Data ss:Type="Number">0</Data></Cell>
			<Cell><Data ss:Type="Number">0</Data></Cell>
			<Cell><Data ss:Type="String">2023-12-07 16:42:58.592738</Data></Cell>
		</Row>
		<Row>
			<Cell><Data ss:Type="String">159</Data></Cell>
			<Cell><Data ss:Type="Number">0.4</Data></Cell>
			<Cell><Data ss:Type="Number">-9.91</Data></Cell>
			<Cell><Data ss:Type="Number">0.17</Data></Cell>
			<Cell><Data ss:Type="Number">-9.55</Data></Cell>
			<Cell><Data ss:Type="Number">-0.09</Data></Cell>
			<Cell><Data ss:Type="Number">-0.96</Data></Cell>
			<Cell><Data ss:Type="Number">22.7</Data></Cell>
			<Cell><Data ss:Type="Number">39.7</Data></Cell>
			<Cell><Data ss:Type="Number">0</Data></Cell>
			<Cell><Data ss:Type="Number">0</Data></Cell>
			<Cell><Data ss:Type="String">2023-12-07 16:42:58.590385</Data></Cell>
		</Row>
		<Row>
			<Cell><Data ss:Type="String">158</Data></Cell>
			<Cell><Data ss:Type="Number">0.47</Data></Cell>
			<Cell><Data ss:Type="Number">-10.15</Data></Cell>
			<Cell><Data ss:Type="Number">0.32</Data></Cell>
			<Cell><Data ss:Type="Number">-9.54</Data></Cell>
			<Cell><Data ss:Type="Number">-0.08</Data></Cell>
			<Cell><Data ss:Type="Number">-0.88</Data></Cell>
			<Cell><Data ss:Type="Number">22.7</Data></Cell>
			<Cell><Data ss:Type="Number">39.7</Data></Cell>
			<Cell><Data ss:Type="Number">0</Data></Cell>
			<Cell><Data ss:Type="Number">0</Data></Cell>
			<Cell><Data ss:Type="String">2023-12-07 16:42:58.543276</Data></Cell>
		</Row>
		<Row>
			<Cell><Data ss:Type="String">157</Data></Cell>
			<Cell><Data ss:Type="Number">-0.1</Data></Cell>
			<Cell><Data ss:Type="Number">-10.15</Data></Cell>
			<Cell><Data ss:Type="Number">0.26</Data></Cell>
			<Cell><Data ss:Type="Number">-9.51</Data></Cell>
			<Cell><Data ss:Type="Number">-0.03</Data></Cell>
			<Cell><Data ss:Type="Number">-0.86</Data></Cell>
			<Cell><Data ss:Type="Number">22.7</Data></Cell>
			<Cell><Data ss:Type="Number">39.7</Data></Cell>
			<Cell><Data ss:Type="Number">0</Data></Cell>
			<Cell><Data ss:Type="Number">0</Data></Cell>
			<Cell><Data ss:Type="String">2023-12-07 16:42:58.505244</Data></Cell>
		</Row>
		<Row>
			<Cell><Data ss:Type="String">156</Data></Cell>
			<Cell><Data ss:Type="Number">-0.14</Data></Cell>
			<Cell><Data ss:Type="Number">-9.57</Data></Cell>
			<Cell><Data ss:Type="Number">0.26</Data></Cell>
			<Cell><Data ss:Type="Number">-9.37</Data></Cell>
			<Cell><Data ss:Type="Number">-0.1</Data></Cell>
			<Cell><Data ss:Type="Number">-0.93</Data></Cell>
			<Cell><Data ss:Type="Number">22.7</Data></Cell>
			<Cell><Data ss:Type="Number">39.7</Data></Cell>
			<Cell><Data ss:Type="Number">0</Data></Cell>
			<Cell><Data ss:Type="Number">0</Data></Cell>
			<Cell><Data ss:Type="String">2023-12-07 16:42:58.503749</Data></Cell>
		</Row>
		<Row>
			<Cell><Data ss:Type="String">155</Data></Cell>
			<Cell><Data ss:Type="Number">0.53</Data></Cell>
			<Cell><Data ss:Type="Number">-9.85</Data></Cell>
			<Cell><Data ss:Type="Number">0.26</Data></Cell>
			<Cell><Data ss:Type="Number">-9.43</Data></Cell>
			<Cell><Data ss:Type="Number">-0.15</Data></Cell>
			<Cell><Data ss:Type="Number">-0.87</Data></Cell>
			<Cell><Data ss:Type="Number">22.7</Data></Cell>
			<Cell><Data ss:Type="Number">39.7</Data></Cell>
			<Cell><Data ss:Type="Number">0</Data></Cell>
			<Cell><Data ss:Type="Number">0</Data></Cell>
			<Cell><Data ss:Type="String">2023-12-07 16:42:58.501749</Data></Cell>
		</Row>
		<Row>
			<Cell><Data ss:Type="String">154</Data></Cell>
			<Cell><Data ss:Type="Number">0.27</Data></Cell>
			<Cell><Data ss:Type="Number">-10.24</Data></Cell>
			<Cell><Data ss:Type="Number">-0.02</Data></Cell>
			<Cell><Data ss:Type="Number">-9.44</Data></Cell>
			<Cell><Data ss:Type="Number">-0.07</Data></Cell>
			<Cell><Data ss:Type="Number">-0.9</Data></Cell>
			<Cell><Data ss:Type="Number">22.7</Data></Cell>
			<Cell><Data ss:Type="Number">39.7</Data></Cell>
			<Cell><Data ss:Type="Number">0</Data></Cell>
			<Cell><Data ss:Type="Number">0</Data></Cell>
			<Cell><Data ss:Type="String">2023-12-07 16:42:58.499741</Data></Cell>
		</Row>
		<Row>
			<Cell><Data ss:Type="String">153</Data></Cell>
			<Cell><Data ss:Type="Number">-0.13</Data></Cell>
			<Cell><Data ss:Type="Number">-10.48</Data></Cell>
			<Cell><Data ss:Type="Number">0.2</Data></Cell>
			<Cell><Data ss:Type="Number">-9.56</Data></Cell>
			<Cell><Data ss:Type="Number">-0.01</Data></Cell>
			<Cell><Data ss:Type="Number">-0.84</Data></Cell>
			<Cell><Data ss:Type="Number">22.7</Data></Cell>
			<Cell><Data ss:Type="Number">39.7</Data></Cell>
			<Cell><Data ss:Type="Number">0</Data></Cell>
			<Cell><Data ss:Type="Number">0</Data></Cell>
			<Cell><Data ss:Type="String">2023-12-07 16:42:58.497119</Data></Cell>
		</Row>
		<Row>
			<Cell><Data ss:Type="String">152</Data></Cell>
			<Cell><Data ss:Type="Number">0.27</Data></Cell>
			<Cell><Data ss:Type="Number">-9.78</Data></Cell>
			<Cell><Data ss:Type="Number">0.4</Data></Cell>
			<Cell><Data ss:Type="Number">-9.59</Data></Cell>
			<Cell><Data ss:Type="Number">-0.02</Data></Cell>
			<Cell><Data ss:Type="Number">-0.91</Data></Cell>
			<Cell><Data ss:Type="Number">22.7</Data></Cell>
			<Cell><Data ss:Type="Number">39.7</Data></Cell>
			<Cell><Data ss:Type="Number">0</Data></Cell>
			<Cell><Data ss:Type="Number">0</Data></Cell>
			<Cell><Data ss:Type="String">2023-12-07 16:42:58.494625</Data></Cell>
		</Row>
		<Row>
			<Cell><Data ss:Type="String">151</Data></Cell>
			<Cell><Data ss:Type="Number">0.04</Data></Cell>
			<Cell><Data ss:Type="Number">-9.96</Data></Cell>
			<Cell><Data ss:Type="Number">0.09</Data></Cell>
			<Cell><Data ss:Type="Number">-9.41</Data></Cell>
			<Cell><Data ss:Type="Number">-0.06</Data></Cell>
			<Cell><Data ss:Type="Number">-0.92</Data></Cell>
			<Cell><Data ss:Type="Number">22.7</Data></Cell>
			<Cell><Data ss:Type="Number">39.7</Data></Cell>
			<Cell><Data ss:Type="Number">0</Data></Cell>
			<Cell><Data ss:Type="Number">0</Data></Cell>
			<Cell><Data ss:Type="String">2023-12-07 16:42:58.491964</Data></Cell>
		</Row>
		<Row>
			<Cell><Data ss:Type="String">150</Data></Cell>
			<Cell><Data ss:Type="Number">0.34</Data></Cell>
			<Cell><Data ss:Type="Number">-9.88</Data></Cell>
			<Cell><Data ss:Type="Number">0.29</Data></Cell>
			<Cell><Data ss:Type="Number">-9.5</Data></Cell>
			<Cell><Data ss:Type="Number">-0.1</Data></Cell>
			<Cell><Data ss:Type="Number">-0.96</Data></Cell>
			<Cell><Data ss:Type="Number">22.7</Data></Cell>
			<Cell><Data ss:Type="Number">39.7</Data></Cell>
			<Cell><Data ss:Type="Number">0</Data></Cell>
			<Cell><Data ss:Type="Number">0</Data></Cell>
			<Cell><Data ss:Type="String">2023-12-07 16:42:58.272399</Data></Cell>
		</Row>
		<Row>
			<Cell><Data ss:Type="String">149</Data></Cell>
			<Cell><Data ss:Type="Number">0.16</Data></Cell>
			<Cell><Data ss:Type="Number">-10.16</Data></Cell>
			<Cell><Data ss:Type="Number">0.11</Data></Cell>
			<Cell><Data ss:Type="Number">-9.52</Data></Cell>
			<Cell><Data ss:Type="Number">-0.14</Data></Cell>
			<Cell><Data ss:Type="Number">-0.91</Data></Cell>
			<Cell><Data ss:Type="Number">22.7</Data></Cell>
			<Cell><Data ss:Type="Number">39.7</Data></Cell>
			<Cell><Data ss:Type="Number">0</Data></Cell>
			<Cell><Data ss:Type="Number">0</Data></Cell>
			<Cell><Data ss:Type="String">2023-12-07 16:42:58.224445</Data></Cell>
		</Row>
		<Row>
			<Cell><Data ss:Type="String">148</Data></Cell>
			<Cell><Data ss:Type="Number">0.37</Data></Cell>
			<Cell><Data ss:Type="Number">-10.34</Data></Cell>
			<Cell><Data ss:Type="Number">0.36</Data></Cell>
			<Cell><Data ss:Type="Number">-9.64</Data></Cell>
			<Cell><Data ss:Type="Number">0.01</Data></Cell>
			<Cell><Data ss:Type="Number">-0.96</Data></Cell>
			<Cell><Data ss:Type="Number">22.7</Data></Cell>
			<Cell><Data ss:Type="Number">39.7</Data></Cell>
			<Cell><Data ss:Type="Number">0</Data></Cell>
			<Cell><Data ss:Type="Number">0</Data></Cell>
			<Cell><Data ss:Type="String">2023-12-07 16:42:58.222642</Data></Cell>
		</Row>
		<Row>
			<Cell><Data ss:Type="String">147</Data></Cell>
			<Cell><Data ss:Type="Number">0.41</Data></Cell>
			<Cell><Data ss:Type="Number">-10.09</Data></Cell>
			<Cell><Data ss:Type="Number">0.62</Data></Cell>
			<Cell><Data ss:Type="Number">-9.39</Data></Cell>
			<Cell><Data ss:Type="Number">-0.11</Data></Cell>
			<Cell><Data ss:Type="Number">-0.88</Data></Cell>
			<Cell><Data ss:Type="Number">22.7</Data></Cell>
			<Cell><Data ss:Type="Number">39.7</Data></Cell>
			<Cell><Data ss:Type="Number">0</Data></Cell>
			<Cell><Data ss:Type="Number">0</Data></Cell>
			<Cell><Data ss:Type="String">2023-12-07 16:42:58.176739</Data></Cell>
		</Row>
		<Row>
			<Cell><Data ss:Type="String">146</Data></Cell>
			<Cell><Data ss:Type="Number">-0.05</Data></Cell>
			<Cell><Data ss:Type="Number">-9.58</Data></Cell>
			<Cell><Data ss:Type="Number">-0.12</Data></Cell>
			<Cell><Data ss:Type="Number">-9.39</Data></Cell>
			<Cell><Data ss:Type="Number">-0.04</Data></Cell>
			<Cell><Data ss:Type="Number">-0.97</Data></Cell>
			<Cell><Data ss:Type="Number">22.7</Data></Cell>
			<Cell><Data ss:Type="Number">39.7</Data></Cell>
			<Cell><Data ss:Type="Number">0</Data></Cell>
			<Cell><Data ss:Type="Number">0</Data></Cell>
			<Cell><Data ss:Type="String">2023-12-07 16:42:58.134137</Data></Cell>
		</Row>
		<Row>
			<Cell><Data ss:Type="String">145</Data></Cell>
			<Cell><Data ss:Type="Number">0.42</Data></Cell>
			<Cell><Data ss:Type="Number">-9.83</Data></Cell>
			<Cell><Data ss:Type="Number">0.09</Data></Cell>
			<Cell><Data ss:Type="Number">-9.5</Data></Cell>
			<Cell><Data ss:Type="Number">-0.06</Data></Cell>
			<Cell><Data ss:Type="Number">-0.85</Data></Cell>
			<Cell><Data ss:Type="Number">22.7</Data></Cell>
			<Cell><Data ss:Type="Number">39.7</Data></Cell>
			<Cell><Data ss:Type="Number">0</Data></Cell>
			<Cell><Data ss:Type="Number">0</Data></Cell>
			<Cell><Data ss:Type="String">2023-12-07 16:42:58.132045</Data></Cell>
		</Row>
		<Row>
			<Cell><Data ss:Type="String">144</Data></Cell>
			<Cell><Data ss:Type="Number">0.23</Data></Cell>
			<Cell><Data ss:Type="Number">-10.4</Data></Cell>
			<Cell><Data ss:Type="Number">-0.06</Data></Cell>
			<Cell><Data ss:Type="Number">-9.47</Data></Cell>
			<Cell><Data ss:Type="Number">0.03</Data></Cell>
			<Cell><Data ss:Type="Number">-0.89</Data></Cell>
			<Cell><Data ss:Type="Number">22.7</Data></Cell>
			<Cell><Data ss:Type="Number">39.7</Data></Cell>
			<Cell><Data ss:Type="Number">0</Data></Cell>
			<Cell><Data ss:Type="Number">0</Data></Cell>
			<Cell><Data ss:Type="String">2023-12-07 16:42:58.084731</Data></Cell>
		</Row>
		<Row>
			<Cell><Data ss:Type="String">143</Data></Cell>
			<Cell><Data ss:Type="Number">0.35</Data></Cell>
			<Cell><Data ss:Type="Number">-9.3</Data></Cell>
			<Cell><Data ss:Type="Number">0.33</Data></Cell>
			<Cell><Data ss:Type="Number">-9.34</Data></Cell>
			<Cell><Data ss:Type="Number">-0.08</Data></Cell>
			<Cell><Data ss:Type="Number">-0.92</Data></Cell>
			<Cell><Data ss:Type="Number">22.7</Data></Cell>
			<Cell><Data ss:Type="Number">39.7</Data></Cell>
			<Cell><Data ss:Type="Number">0</Data></Cell>
			<Cell><Data ss:Type="Number">0</Data></Cell>
			<Cell><Data ss:Type="String">2023-12-07 16:42:58.038890</Data></Cell>
		</Row>
		<Row>
			<Cell><Data ss:Type="String">142</Data></Cell>
			<Cell><Data ss:Type="Number">0.02</Data></Cell>
			<Cell><Data ss:Type="Number">-10.36</Data></Cell>
			<Cell><Data ss:Type="Number">-0.25</Data></Cell>
			<Cell><Data ss:Type="Number">-9.31</Data></Cell>
			<Cell><Data ss:Type="Number">-0.02</Data></Cell>
			<Cell><Data ss:Type="Number">-0.95</Data></Cell>
			<Cell><Data ss:Type="Number">22.7</Data></Cell>
			<Cell><Data ss:Type="Number">39.7</Data></Cell>
			<Cell><Data ss:Type="Number">0</Data></Cell>
			<Cell><Data ss:Type="Number">0</Data></Cell>
			<Cell><Data ss:Type="String">2023-12-07 16:42:57.997047</Data></Cell>
		</Row>
		<Row>
			<Cell><Data ss:Type="String">141</Data></Cell>
			<Cell><Data ss:Type="Number">0.21</Data></Cell>
			<Cell><Data ss:Type="Number">-9.59</Data></Cell>
			<Cell><Data ss:Type="Number">0.16</Data></Cell>
			<Cell><Data ss:Type="Number">-9.5</Data></Cell>
			<Cell><Data ss:Type="Number">-0.04</Data></Cell>
			<Cell><Data ss:Type="Number">-0.88</Data></Cell>
			<Cell><Data ss:Type="Number">22.7</Data></Cell>
			<Cell><Data ss:Type="Number">39.7</Data></Cell>
			<Cell><Data ss:Type="Number">0</Data></Cell>
			<Cell><Data ss:Type="Number">0</Data></Cell>
			<Cell><Data ss:Type="String">2023-12-07 16:42:57.994260</Data></Cell>
		</Row>
		<Row>
			<Cell><Data ss:Type="String">140</Data></Cell>
			<Cell><Data ss:Type="Number">0.45</Data></Cell>
			<Cell><Data ss:Type="Number">-10.09</Data></Cell>
			<Cell><Data ss:Type="Number">0.28</Data></Cell>
			<Cell><Data ss:Type="Number">-9.45</Data></Cell>
			<Cell><Data ss:Type="Number">-0.07</Data></Cell>
			<Cell><Data ss:Type="Number">-0.9</Data></Cell>
			<Cell><Data ss:Type="Number">22.7</Data></Cell>
			<Cell><Data ss:Type="Number">39.7</Data></Cell>
			<Cell><Data ss:Type="Number">0</Data></Cell>
			<Cell><Data ss:Type="Number">0</Data></Cell>
			<Cell><Data ss:Type="String">2023-12-07 16:42:57.948881</Data></Cell>
		</Row>
		<Row>
			<Cell><Data ss:Type="String">139</Data></Cell>
			<Cell><Data ss:Type="Number">0.58</Data></Cell>
			<Cell><Data ss:Type="Number">-10.32</Data></Cell>
			<Cell><Data ss:Type="Number">0.26</Data></Cell>
			<Cell><Data ss:Type="Number">-9.42</Data></Cell>
			<Cell><Data ss:Type="Number">-0.01</Data></Cell>
			<Cell><Data ss:Type="Number">-0.97</Data></Cell>
			<Cell><Data ss:Type="Number">22.7</Data></Cell>
			<Cell><Data ss:Type="Number">39.7</Data></Cell>
			<Cell><Data ss:Type="Number">0</Data></Cell>
			<Cell><Data ss:Type="Number">0</Data></Cell>
			<Cell><Data ss:Type="String">2023-12-07 16:42:57.903276</Data></Cell>
		</Row>
		<Row>
			<Cell><Data ss:Type="String">138</Data></Cell>
			<Cell><Data ss:Type="Number">0.4</Data></Cell>
			<Cell><Data ss:Type="Number">-9.72</Data></Cell>
			<Cell><Data ss:Type="Number">0.34</Data></Cell>
			<Cell><Data ss:Type="Number">-9.41</Data></Cell>
			<Cell><Data ss:Type="Number">-0.14</Data></Cell>
			<Cell><Data ss:Type="Number">-0.95</Data></Cell>
			<Cell><Data ss:Type="Number">22.7</Data></Cell>
			<Cell><Data ss:Type="Number">39.7</Data></Cell>
			<Cell><Data ss:Type="Number">0</Data></Cell>
			<Cell><Data ss:Type="Number">0</Data></Cell>
			<Cell><Data ss:Type="String">2023-12-07 16:42:57.901558</Data></Cell>
		</Row>
		<Row>
			<Cell><Data ss:Type="String">137</Data></Cell>
			<Cell><Data ss:Type="Number">0</Data></Cell>
			<Cell><Data ss:Type="Number">-9.79</Data></Cell>
			<Cell><Data ss:Type="Number">0.34</Data></Cell>
			<Cell><Data ss:Type="Number">-9.44</Data></Cell>
			<Cell><Data ss:Type="Number">-0.08</Data></Cell>
			<Cell><Data ss:Type="Number">-0.89</Data></Cell>
			<Cell><Data ss:Type="Number">22.7</Data></Cell>
			<Cell><Data ss:Type="Number">39.7</Data></Cell>
			<Cell><Data ss:Type="Number">0</Data></Cell>
			<Cell><Data ss:Type="Number">0</Data></Cell>
			<Cell><Data ss:Type="String">2023-12-07 16:42:57.853538</Data></Cell>
		</Row>
		<Row>
			<Cell><Data ss:Type="String">136</Data></Cell>
			<Cell><Data ss:Type="Number">0.58</Data></Cell>
			<Cell><Data ss:Type="Number">-9.91</Data></Cell>
			<Cell><Data ss:Type="Number">0.14</Data></Cell>
			<Cell><Data ss:Type="Number">-9.52</Data></Cell>
			<Cell><Data ss:Type="Number">-0.06</Data></Cell>
			<Cell><Data ss:Type="Number">-0.97</Data></Cell>
			<Cell><Data ss:Type="Number">22.7</Data></Cell>
			<Cell><Data ss:Type="Number">39.7</Data></Cell>
			<Cell><Data ss:Type="Number">0</Data></Cell>
			<Cell><Data ss:Type="Number">0</Data></Cell>
			<Cell><Data ss:Type="String">2023-12-07 16:42:57.814425</Data></Cell>
		</Row>
		<Row>
			<Cell><Data ss:Type="String">135</Data></Cell>
			<Cell><Data ss:Type="Number">0.23</Data></Cell>
			<Cell><Data ss:Type="Number">-10.04</Data></Cell>
			<Cell><Data ss:Type="Number">0.33</Data></Cell>
			<Cell><Data ss:Type="Number">-9.44</Data></Cell>
			<Cell><Data ss:Type="Number">0.07</Data></Cell>
			<Cell><Data ss:Type="Number">-0.81</Data></Cell>
			<Cell><Data ss:Type="Number">22.7</Data></Cell>
			<Cell><Data ss:Type="Number">39.7</Data></Cell>
			<Cell><Data ss:Type="Number">0</Data></Cell>
			<Cell><Data ss:Type="Number">0</Data></Cell>
			<Cell><Data ss:Type="String">2023-12-07 16:42:57.812180</Data></Cell>
		</Row>
		<Row>
			<Cell><Data ss:Type="String">134</Data></Cell>
			<Cell><Data ss:Type="Number">0.42</Data></Cell>
			<Cell><Data ss:Type="Number">-10.38</Data></Cell>
			<Cell><Data ss:Type="Number">-0.24</Data></Cell>
			<Cell><Data ss:Type="Number">-9.48</Data></Cell>
			<Cell><Data ss:Type="Number">-0.22</Data></Cell>
			<Cell><Data ss:Type="Number">-0.99</Data></Cell>
			<Cell><Data ss:Type="Number">22.7</Data></Cell>
			<Cell><Data ss:Type="Number">39.7</Data></Cell>
			<Cell><Data ss:Type="Number">0</Data></Cell>
			<Cell><Data ss:Type="Number">0</Data></Cell>
			<Cell><Data ss:Type="String">2023-12-07 16:42:57.809701</Data></Cell>
		</Row>
		<Row>
			<Cell><Data ss:Type="String">133</Data></Cell>
			<Cell><Data ss:Type="Number">-0.64</Data></Cell>
			<Cell><Data ss:Type="Number">-10.36</Data></Cell>
			<Cell><Data ss:Type="Number">0.03</Data></Cell>
			<Cell><Data ss:Type="Number">-9.33</Data></Cell>
			<Cell><Data ss:Type="Number">-0.24</Data></Cell>
			<Cell><Data ss:Type="Number">-0.87</Data></Cell>
			<Cell><Data ss:Type="Number">22.7</Data></Cell>
			<Cell><Data ss:Type="Number">39.7</Data></Cell>
			<Cell><Data ss:Type="Number">0</Data></Cell>
			<Cell><Data ss:Type="Number">0</Data></Cell>
			<Cell><Data ss:Type="String">2023-12-07 16:42:57.807632</Data></Cell>
		</Row>
		<Row>
			<Cell><Data ss:Type="String">132</Data></Cell>
			<Cell><Data ss:Type="Number">0.81</Data></Cell>
			<Cell><Data ss:Type="Number">-9.56</Data></Cell>
			<Cell><Data ss:Type="Number">-0.49</Data></Cell>
			<Cell><Data ss:Type="Number">-9.55</Data></Cell>
			<Cell><Data ss:Type="Number">0.25</Data></Cell>
			<Cell><Data ss:Type="Number">-0.96</Data></Cell>
			<Cell><Data ss:Type="Number">22.7</Data></Cell>
			<Cell><Data ss:Type="Number">39.7</Data></Cell>
			<Cell><Data ss:Type="Number">0</Data></Cell>
			<Cell><Data ss:Type="Number">0</Data></Cell>
			<Cell><Data ss:Type="String">2023-12-07 16:42:57.805734</Data></Cell>
		</Row>
		<Row>
			<Cell><Data ss:Type="String">131</Data></Cell>
			<Cell><Data ss:Type="Number">0.25</Data></Cell>
			<Cell><Data ss:Type="Number">-9.93</Data></Cell>
			<Cell><Data ss:Type="Number">0.65</Data></Cell>
			<Cell><Data ss:Type="Number">-9.61</Data></Cell>
			<Cell><Data ss:Type="Number">0.09</Data></Cell>
			<Cell><Data ss:Type="Number">-1</Data></Cell>
			<Cell><Data ss:Type="Number">22.7</Data></Cell>
			<Cell><Data ss:Type="Number">39.7</Data></Cell>
			<Cell><Data ss:Type="Number">0</Data></Cell>
			<Cell><Data ss:Type="Number">0</Data></Cell>
			<Cell><Data ss:Type="String">2023-12-07 16:42:57.803526</Data></Cell>
		</Row>
		<Row>
			<Cell><Data ss:Type="String">130</Data></Cell>
			<Cell><Data ss:Type="Number">-1.29</Data></Cell>
			<Cell><Data ss:Type="Number">-9.92</Data></Cell>
			<Cell><Data ss:Type="Number">1</Data></Cell>
			<Cell><Data ss:Type="Number">-9.34</Data></Cell>
			<Cell><Data ss:Type="Number">-0.99</Data></Cell>
			<Cell><Data ss:Type="Number">-0.73</Data></Cell>
			<Cell><Data ss:Type="Number">22.7</Data></Cell>
			<Cell><Data ss:Type="Number">39.7</Data></Cell>
			<Cell><Data ss:Type="Number">0</Data></Cell>
			<Cell><Data ss:Type="Number">0</Data></Cell>
			<Cell><Data ss:Type="String">2023-12-07 16:42:57.801428</Data></Cell>
		</Row>
		<Row>
			<Cell><Data ss:Type="String">129</Data></Cell>
			<Cell><Data ss:Type="Number">0.32</Data></Cell>
			<Cell><Data ss:Type="Number">-9.63</Data></Cell>
			<Cell><Data ss:Type="Number">0.48</Data></Cell>
			<Cell><Data ss:Type="Number">-9.52</Data></Cell>
			<Cell><Data ss:Type="Number">-0.01</Data></Cell>
			<Cell><Data ss:Type="Number">-0.95</Data></Cell>
			<Cell><Data ss:Type="Number">22.7</Data></Cell>
			<Cell><Data ss:Type="Number">39.7</Data></Cell>
			<Cell><Data ss:Type="Number">0</Data></Cell>
			<Cell><Data ss:Type="Number">0</Data></Cell>
			<Cell><Data ss:Type="String">2023-12-07 16:42:57.579274</Data></Cell>
		</Row>
		<Row>
			<Cell><Data ss:Type="String">128</Data></Cell>
			<Cell><Data ss:Type="Number">-1.09</Data></Cell>
			<Cell><Data ss:Type="Number">-9.8</Data></Cell>
			<Cell><Data ss:Type="Number">-0.43</Data></Cell>
			<Cell><Data ss:Type="Number">-9.42</Data></Cell>
			<Cell><Data ss:Type="Number">1.52</Data></Cell>
			<Cell><Data ss:Type="Number">-1</Data></Cell>
			<Cell><Data ss:Type="Number">22.7</Data></Cell>
			<Cell><Data ss:Type="Number">39.7</Data></Cell>
			<Cell><Data ss:Type="Number">0</Data></Cell>
			<Cell><Data ss:Type="Number">0</Data></Cell>
			<Cell><Data ss:Type="String">2023-12-07 16:42:57.576730</Data></Cell>
		</Row>
		<Row>
			<Cell><Data ss:Type="String">127</Data></Cell>
			<Cell><Data ss:Type="Number">4.79</Data></Cell>
			<Cell><Data ss:Type="Number">-14.2</Data></Cell>
			<Cell><Data ss:Type="Number">0.43</Data></Cell>
			<Cell><Data ss:Type="Number">-14.26</Data></Cell>
			<Cell><Data ss:Type="Number">-2.02</Data></Cell>
			<Cell><Data ss:Type="Number">-1.2</Data></Cell>
			<Cell><Data ss:Type="Number">22.7</Data></Cell>
			<Cell><Data ss:Type="Number">39.7</Data></Cell>
			<Cell><Data ss:Type="Number">0</Data></Cell>
			<Cell><Data ss:Type="Number">0</Data></Cell>
			<Cell><Data ss:Type="String">2023-12-07 16:42:57.574450</Data></Cell>
		</Row>
		<Row>
			<Cell><Data ss:Type="String">126</Data></Cell>
			<Cell><Data ss:Type="Number">0.37</Data></Cell>
			<Cell><Data ss:Type="Number">-10.12</Data></Cell>
			<Cell><Data ss:Type="Number">0.17</Data></Cell>
			<Cell><Data ss:Type="Number">-9.51</Data></Cell>
			<Cell><Data ss:Type="Number">-0.08</Data></Cell>
			<Cell><Data ss:Type="Number">-0.9</Data></Cell>
			<Cell><Data ss:Type="Number">22.7</Data></Cell>
			<Cell><Data ss:Type="Number">39.7</Data></Cell>
			<Cell><Data ss:Type="Number">0</Data></Cell>
			<Cell><Data ss:Type="Number">0</Data></Cell>
			<Cell><Data ss:Type="String">2023-12-07 16:42:57.572639</Data></Cell>
		</Row>
		<Row>
			<Cell><Data ss:Type="String">125</Data></Cell>
			<Cell><Data ss:Type="Number">0.29</Data></Cell>
			<Cell><Data ss:Type="Number">-10.21</Data></Cell>
			<Cell><Data ss:Type="Number">0.19</Data></Cell>
			<Cell><Data ss:Type="Number">-9.47</Data></Cell>
			<Cell><Data ss:Type="Number">-0.08</Data></Cell>
			<Cell><Data ss:Type="Number">-0.91</Data></Cell>
			<Cell><Data ss:Type="Number">22.7</Data></Cell>
			<Cell><Data ss:Type="Number">39.7</Data></Cell>
			<Cell><Data ss:Type="Number">0</Data></Cell>
			<Cell><Data ss:Type="Number">0</Data></Cell>
			<Cell><Data ss:Type="String">2023-12-07 16:42:57.570390</Data></Cell>
		</Row>
		<Row>
			<Cell><Data ss:Type="String">124</Data></Cell>
			<Cell><Data ss:Type="Number">0.25</Data></Cell>
			<Cell><Data ss:Type="Number">-9.99</Data></Cell>
			<Cell><Data ss:Type="Number">0.12</Data></Cell>
			<Cell><Data ss:Type="Number">-9.43</Data></Cell>
			<Cell><Data ss:Type="Number">-0.07</Data></Cell>
			<Cell><Data ss:Type="Number">-0.92</Data></Cell>
			<Cell><Data ss:Type="Number">22.7</Data></Cell>
			<Cell><Data ss:Type="Number">39.7</Data></Cell>
			<Cell><Data ss:Type="Number">0</Data></Cell>
			<Cell><Data ss:Type="Number">0</Data></Cell>
			<Cell><Data ss:Type="String">2023-12-07 16:42:57.409594</Data></Cell>
		</Row>
		<Row>
			<Cell><Data ss:Type="String">123</Data></Cell>
			<Cell><Data ss:Type="Number">0.28</Data></Cell>
			<Cell><Data ss:Type="Number">-10.03</Data></Cell>
			<Cell><Data ss:Type="Number">0.14</Data></Cell>
			<Cell><Data ss:Type="Number">-9.46</Data></Cell>
			<Cell><Data ss:Type="Number">-0.09</Data></Cell>
			<Cell><Data ss:Type="Number">-0.94</Data></Cell>
			<Cell><Data ss:Type="Number">22.7</Data></Cell>
			<Cell><Data ss:Type="Number">39.7</Data></Cell>
			<Cell><Data ss:Type="Number">0</Data></Cell>
			<Cell><Data ss:Type="Number">0</Data></Cell>
			<Cell><Data ss:Type="String">2023-12-07 16:42:57.365924</Data></Cell>
		</Row>
		<Row>
			<Cell><Data ss:Type="String">122</Data></Cell>
			<Cell><Data ss:Type="Number">0.31</Data></Cell>
			<Cell><Data ss:Type="Number">-10.1</Data></Cell>
			<Cell><Data ss:Type="Number">0.1</Data></Cell>
			<Cell><Data ss:Type="Number">-9.5</Data></Cell>
			<Cell><Data ss:Type="Number">-0.07</Data></Cell>
			<Cell><Data ss:Type="Number">-0.91</Data></Cell>
			<Cell><Data ss:Type="Number">22.7</Data></Cell>
			<Cell><Data ss:Type="Number">39.7</Data></Cell>
			<Cell><Data ss:Type="Number">0</Data></Cell>
			<Cell><Data ss:Type="Number">0</Data></Cell>
			<Cell><Data ss:Type="String">2023-12-07 16:42:57.364205</Data></Cell>
		</Row>
		<Row>
			<Cell><Data ss:Type="String">121</Data></Cell>
			<Cell><Data ss:Type="Number">0.33</Data></Cell>
			<Cell><Data ss:Type="Number">-9.96</Data></Cell>
			<Cell><Data ss:Type="Number">0.08</Data></Cell>
			<Cell><Data ss:Type="Number">-9.46</Data></Cell>
			<Cell><Data ss:Type="Number">-0.07</Data></Cell>
			<Cell><Data ss:Type="Number">-0.94</Data></Cell>
			<Cell><Data ss:Type="Number">22.7</Data></Cell>
			<Cell><Data ss:Type="Number">39.7</Data></Cell>
			<Cell><Data ss:Type="Number">0</Data></Cell>
			<Cell><Data ss:Type="Number">0</Data></Cell>
			<Cell><Data ss:Type="String">2023-12-07 16:42:57.315810</Data></Cell>
		</Row>
		<Row>
			<Cell><Data ss:Type="String">120</Data></Cell>
			<Cell><Data ss:Type="Number">0.3</Data></Cell>
			<Cell><Data ss:Type="Number">-10.06</Data></Cell>
			<Cell><Data ss:Type="Number">0</Data></Cell>
			<Cell><Data ss:Type="Number">-9.52</Data></Cell>
			<Cell><Data ss:Type="Number">-0.1</Data></Cell>
			<Cell><Data ss:Type="Number">-0.92</Data></Cell>
			<Cell><Data ss:Type="Number">22.7</Data></Cell>
			<Cell><Data ss:Type="Number">39.7</Data></Cell>
			<Cell><Data ss:Type="Number">0</Data></Cell>
			<Cell><Data ss:Type="Number">0</Data></Cell>
			<Cell><Data ss:Type="String">2023-12-07 16:42:57.270782</Data></Cell>
		</Row>
		<Row>
			<Cell><Data ss:Type="String">119</Data></Cell>
			<Cell><Data ss:Type="Number">0.31</Data></Cell>
			<Cell><Data ss:Type="Number">-10.23</Data></Cell>
			<Cell><Data ss:Type="Number">0.19</Data></Cell>
			<Cell><Data ss:Type="Number">-9.53</Data></Cell>
			<Cell><Data ss:Type="Number">-0.09</Data></Cell>
			<Cell><Data ss:Type="Number">-0.9</Data></Cell>
			<Cell><Data ss:Type="Number">22.7</Data></Cell>
			<Cell><Data ss:Type="Number">39.7</Data></Cell>
			<Cell><Data ss:Type="Number">0</Data></Cell>
			<Cell><Data ss:Type="Number">0</Data></Cell>
			<Cell><Data ss:Type="String">2023-12-07 16:42:57.227189</Data></Cell>
		</Row>
		<Row>
			<Cell><Data ss:Type="String">118</Data></Cell>
			<Cell><Data ss:Type="Number">0.3</Data></Cell>
			<Cell><Data ss:Type="Number">-10.15</Data></Cell>
			<Cell><Data ss:Type="Number">0.16</Data></Cell>
			<Cell><Data ss:Type="Number">-9.49</Data></Cell>
			<Cell><Data ss:Type="Number">-0.09</Data></Cell>
			<Cell><Data ss:Type="Number">-0.89</Data></Cell>
			<Cell><Data ss:Type="Number">22.7</Data></Cell>
			<Cell><Data ss:Type="Number">39.7</Data></Cell>
			<Cell><Data ss:Type="Number">0</Data></Cell>
			<Cell><Data ss:Type="Number">0</Data></Cell>
			<Cell><Data ss:Type="String">2023-12-07 16:42:57.225293</Data></Cell>
		</Row>
		<Row>
			<Cell><Data ss:Type="String">117</Data></Cell>
			<Cell><Data ss:Type="Number">0.31</Data></Cell>
			<Cell><Data ss:Type="Number">-9.98</Data></Cell>
			<Cell><Data ss:Type="Number">0.08</Data></Cell>
			<Cell><Data ss:Type="Number">-9.44</Data></Cell>
			<Cell><Data ss:Type="Number">-0.08</Data></Cell>
			<Cell><Data ss:Type="Number">-0.95</Data></Cell>
			<Cell><Data ss:Type="Number">22.7</Data></Cell>
			<Cell><Data ss:Type="Number">39.7</Data></Cell>
			<Cell><Data ss:Type="Number">0</Data></Cell>
			<Cell><Data ss:Type="Number">0</Data></Cell>
			<Cell><Data ss:Type="String">2023-12-07 16:42:57.179531</Data></Cell>
		</Row>
		<Row>
			<Cell><Data ss:Type="String">116</Data></Cell>
			<Cell><Data ss:Type="Number">0.34</Data></Cell>
			<Cell><Data ss:Type="Number">-9.98</Data></Cell>
			<Cell><Data ss:Type="Number">0.06</Data></Cell>
			<Cell><Data ss:Type="Number">-9.5</Data></Cell>
			<Cell><Data ss:Type="Number">-0.07</Data></Cell>
			<Cell><Data ss:Type="Number">-0.92</Data></Cell>
			<Cell><Data ss:Type="Number">22.7</Data></Cell>
			<Cell><Data ss:Type="Number">39.7</Data></Cell>
			<Cell><Data ss:Type="Number">0</Data></Cell>
			<Cell><Data ss:Type="Number">0</Data></Cell>
			<Cell><Data ss:Type="String">2023-12-07 16:42:57.132483</Data></Cell>
		</Row>
		<Row>
			<Cell><Data ss:Type="String">115</Data></Cell>
			<Cell><Data ss:Type="Number">0.32</Data></Cell>
			<Cell><Data ss:Type="Number">-10.17</Data></Cell>
			<Cell><Data ss:Type="Number">-0.11</Data></Cell>
			<Cell><Data ss:Type="Number">-9.51</Data></Cell>
			<Cell><Data ss:Type="Number">-0.1</Data></Cell>
			<Cell><Data ss:Type="Number">-0.91</Data></Cell>
			<Cell><Data ss:Type="Number">22.7</Data></Cell>
			<Cell><Data ss:Type="Number">39.7</Data></Cell>
			<Cell><Data ss:Type="Number">0</Data></Cell>
			<Cell><Data ss:Type="Number">0</Data></Cell>
			<Cell><Data ss:Type="String">2023-12-07 16:42:57.089901</Data></Cell>
		</Row>
		<Row>
			<Cell><Data ss:Type="String">114</Data></Cell>
			<Cell><Data ss:Type="Number">0.26</Data></Cell>
			<Cell><Data ss:Type="Number">-10.16</Data></Cell>
			<Cell><Data ss:Type="Number">0.21</Data></Cell>
			<Cell><Data ss:Type="Number">-9.5</Data></Cell>
			<Cell><Data ss:Type="Number">-0.06</Data></Cell>
			<Cell><Data ss:Type="Number">-0.9</Data></Cell>
			<Cell><Data ss:Type="Number">22.7</Data></Cell>
			<Cell><Data ss:Type="Number">39.7</Data></Cell>
			<Cell><Data ss:Type="Number">0</Data></Cell>
			<Cell><Data ss:Type="Number">0</Data></Cell>
			<Cell><Data ss:Type="String">2023-12-07 16:42:57.087994</Data></Cell>
		</Row>
		<Row>
			<Cell><Data ss:Type="String">113</Data></Cell>
			<Cell><Data ss:Type="Number">0.21</Data></Cell>
			<Cell><Data ss:Type="Number">-10.05</Data></Cell>
			<Cell><Data ss:Type="Number">0.09</Data></Cell>
			<Cell><Data ss:Type="Number">-9.42</Data></Cell>
			<Cell><Data ss:Type="Number">-0.07</Data></Cell>
			<Cell><Data ss:Type="Number">-0.91</Data></Cell>
			<Cell><Data ss:Type="Number">22.7</Data></Cell>
			<Cell><Data ss:Type="Number">39.7</Data></Cell>
			<Cell><Data ss:Type="Number">0</Data></Cell>
			<Cell><Data ss:Type="Number">0</Data></Cell>
			<Cell><Data ss:Type="String">2023-12-07 16:42:57.040319</Data></Cell>
		</Row>
		<Row>
			<Cell><Data ss:Type="String">112</Data></Cell>
			<Cell><Data ss:Type="Number">0.41</Data></Cell>
			<Cell><Data ss:Type="Number">-10</Data></Cell>
			<Cell><Data ss:Type="Number">0.28</Data></Cell>
			<Cell><Data ss:Type="Number">-9.44</Data></Cell>
			<Cell><Data ss:Type="Number">-0.09</Data></Cell>
			<Cell><Data ss:Type="Number">-0.91</Data></Cell>
			<Cell><Data ss:Type="Number">22.7</Data></Cell>
			<Cell><Data ss:Type="Number">39.7</Data></Cell>
			<Cell><Data ss:Type="Number">0</Data></Cell>
			<Cell><Data ss:Type="Number">0</Data></Cell>
			<Cell><Data ss:Type="String">2023-12-07 16:42:56.995230</Data></Cell>
		</Row>
		<Row>
			<Cell><Data ss:Type="String">111</Data></Cell>
			<Cell><Data ss:Type="Number">0.29</Data></Cell>
			<Cell><Data ss:Type="Number">-10.06</Data></Cell>
			<Cell><Data ss:Type="Number">0.09</Data></Cell>
			<Cell><Data ss:Type="Number">-9.49</Data></Cell>
			<Cell><Data ss:Type="Number">-0.07</Data></Cell>
			<Cell><Data ss:Type="Number">-0.94</Data></Cell>
			<Cell><Data ss:Type="Number">22.7</Data></Cell>
			<Cell><Data ss:Type="Number">39.7</Data></Cell>
			<Cell><Data ss:Type="Number">0</Data></Cell>
			<Cell><Data ss:Type="Number">0</Data></Cell>
			<Cell><Data ss:Type="String">2023-12-07 16:42:56.951549</Data></Cell>
		</Row>
		<Row>
			<Cell><Data ss:Type="String">110</Data></Cell>
			<Cell><Data ss:Type="Number">0.29</Data></Cell>
			<Cell><Data ss:Type="Number">-10.19</Data></Cell>
			<Cell><Data ss:Type="Number">0.14</Data></Cell>
			<Cell><Data ss:Type="Number">-9.53</Data></Cell>
			<Cell><Data ss:Type="Number">-0.06</Data></Cell>
			<Cell><Data ss:Type="Number">-0.89</Data></Cell>
			<Cell><Data ss:Type="Number">22.7</Data></Cell>
			<Cell><Data ss:Type="Number">39.7</Data></Cell>
			<Cell><Data ss:Type="Number">0</Data></Cell>
			<Cell><Data ss:Type="Number">0</Data></Cell>
			<Cell><Data ss:Type="String">2023-12-07 16:42:56.949399</Data></Cell>
		</Row>
		<Row>
			<Cell><Data ss:Type="String">109</Data></Cell>
			<Cell><Data ss:Type="Number">0.27</Data></Cell>
			<Cell><Data ss:Type="Number">-10.06</Data></Cell>
			<Cell><Data ss:Type="Number">0.19</Data></Cell>
			<Cell><Data ss:Type="Number">-9.48</Data></Cell>
			<Cell><Data ss:Type="Number">-0.09</Data></Cell>
			<Cell><Data ss:Type="Number">-0.91</Data></Cell>
			<Cell><Data ss:Type="Number">22.7</Data></Cell>
			<Cell><Data ss:Type="Number">39.7</Data></Cell>
			<Cell><Data ss:Type="Number">0</Data></Cell>
			<Cell><Data ss:Type="Number">0</Data></Cell>
			<Cell><Data ss:Type="String">2023-12-07 16:42:56.907648</Data></Cell>
		</Row>
		<Row>
			<Cell><Data ss:Type="String">108</Data></Cell>
			<Cell><Data ss:Type="Number">0.26</Data></Cell>
			<Cell><Data ss:Type="Number">-9.99</Data></Cell>
			<Cell><Data ss:Type="Number">0.15</Data></Cell>
			<Cell><Data ss:Type="Number">-9.44</Data></Cell>
			<Cell><Data ss:Type="Number">-0.07</Data></Cell>
			<Cell><Data ss:Type="Number">-0.91</Data></Cell>
			<Cell><Data ss:Type="Number">22.7</Data></Cell>
			<Cell><Data ss:Type="Number">39.7</Data></Cell>
			<Cell><Data ss:Type="Number">0</Data></Cell>
			<Cell><Data ss:Type="Number">0</Data></Cell>
			<Cell><Data ss:Type="String">2023-12-07 16:42:56.905757</Data></Cell>
		</Row>
		<Row>
			<Cell><Data ss:Type="String">107</Data></Cell>
			<Cell><Data ss:Type="Number">0.32</Data></Cell>
			<Cell><Data ss:Type="Number">-9.95</Data></Cell>
			<Cell><Data ss:Type="Number">0.11</Data></Cell>
			<Cell><Data ss:Type="Number">-9.44</Data></Cell>
			<Cell><Data ss:Type="Number">-0.06</Data></Cell>
			<Cell><Data ss:Type="Number">-0.93</Data></Cell>
			<Cell><Data ss:Type="Number">22.7</Data></Cell>
			<Cell><Data ss:Type="Number">39.7</Data></Cell>
			<Cell><Data ss:Type="Number">0</Data></Cell>
			<Cell><Data ss:Type="Number">0</Data></Cell>
			<Cell><Data ss:Type="String">2023-12-07 16:42:56.903897</Data></Cell>
		</Row>
		<Row>
			<Cell><Data ss:Type="String">106</Data></Cell>
			<Cell><Data ss:Type="Number">0.29</Data></Cell>
			<Cell><Data ss:Type="Number">-10.01</Data></Cell>
			<Cell><Data ss:Type="Number">0.06</Data></Cell>
			<Cell><Data ss:Type="Number">-9.5</Data></Cell>
			<Cell><Data ss:Type="Number">-0.08</Data></Cell>
			<Cell><Data ss:Type="Number">-0.95</Data></Cell>
			<Cell><Data ss:Type="Number">22.7</Data></Cell>
			<Cell><Data ss:Type="Number">39.7</Data></Cell>
			<Cell><Data ss:Type="Number">0</Data></Cell>
			<Cell><Data ss:Type="Number">0</Data></Cell>
			<Cell><Data ss:Type="String">2023-12-07 16:42:56.901888</Data></Cell>
		</Row>
		<Row>
			<Cell><Data ss:Type="String">105</Data></Cell>
			<Cell><Data ss:Type="Number">0.28</Data></Cell>
			<Cell><Data ss:Type="Number">-10.02</Data></Cell>
			<Cell><Data ss:Type="Number">0.08</Data></Cell>
			<Cell><Data ss:Type="Number">-9.52</Data></Cell>
			<Cell><Data ss:Type="Number">-0.07</Data></Cell>
			<Cell><Data ss:Type="Number">-0.92</Data></Cell>
			<Cell><Data ss:Type="Number">22.7</Data></Cell>
			<Cell><Data ss:Type="Number">39.7</Data></Cell>
			<Cell><Data ss:Type="Number">0</Data></Cell>
			<Cell><Data ss:Type="Number">0</Data></Cell>
			<Cell><Data ss:Type="String">2023-12-07 16:42:56.899415</Data></Cell>
		</Row>
		<Row>
			<Cell><Data ss:Type="String">104</Data></Cell>
			<Cell><Data ss:Type="Number">0.23</Data></Cell>
			<Cell><Data ss:Type="Number">-10.23</Data></Cell>
			<Cell><Data ss:Type="Number">0.19</Data></Cell>
			<Cell><Data ss:Type="Number">-9.52</Data></Cell>
			<Cell><Data ss:Type="Number">-0.07</Data></Cell>
			<Cell><Data ss:Type="Number">-0.89</Data></Cell>
			<Cell><Data ss:Type="Number">22.7</Data></Cell>
			<Cell><Data ss:Type="Number">39.7</Data></Cell>
			<Cell><Data ss:Type="Number">0</Data></Cell>
			<Cell><Data ss:Type="Number">0</Data></Cell>
			<Cell><Data ss:Type="String">2023-12-07 16:42:56.896887</Data></Cell>
		</Row>
		<Row>
			<Cell><Data ss:Type="String">103</Data></Cell>
			<Cell><Data ss:Type="Number">0.29</Data></Cell>
			<Cell><Data ss:Type="Number">-10.01</Data></Cell>
			<Cell><Data ss:Type="Number">0.15</Data></Cell>
			<Cell><Data ss:Type="Number">-9.45</Data></Cell>
			<Cell><Data ss:Type="Number">-0.1</Data></Cell>
			<Cell><Data ss:Type="Number">-0.92</Data></Cell>
			<Cell><Data ss:Type="Number">22.7</Data></Cell>
			<Cell><Data ss:Type="Number">39.7</Data></Cell>
			<Cell><Data ss:Type="Number">0</Data></Cell>
			<Cell><Data ss:Type="Number">0</Data></Cell>
			<Cell><Data ss:Type="String">2023-12-07 16:42:56.894050</Data></Cell>
		</Row>
		<Row>
			<Cell><Data ss:Type="String">102</Data></Cell>
			<Cell><Data ss:Type="Number">0.22</Data></Cell>
			<Cell><Data ss:Type="Number">-10.11</Data></Cell>
			<Cell><Data ss:Type="Number">0.11</Data></Cell>
			<Cell><Data ss:Type="Number">-9.5</Data></Cell>
			<Cell><Data ss:Type="Number">-0.05</Data></Cell>
			<Cell><Data ss:Type="Number">-0.92</Data></Cell>
			<Cell><Data ss:Type="Number">22.7</Data></Cell>
			<Cell><Data ss:Type="Number">39.7</Data></Cell>
			<Cell><Data ss:Type="Number">0</Data></Cell>
			<Cell><Data ss:Type="Number">0</Data></Cell>
			<Cell><Data ss:Type="String">2023-12-07 16:42:56.667554</Data></Cell>
		</Row>
		<Row>
			<Cell><Data ss:Type="String">101</Data></Cell>
			<Cell><Data ss:Type="Number">0.26</Data></Cell>
			<Cell><Data ss:Type="Number">-10.18</Data></Cell>
			<Cell><Data ss:Type="Number">0.33</Data></Cell>
			<Cell><Data ss:Type="Number">-9.52</Data></Cell>
			<Cell><Data ss:Type="Number">-0.08</Data></Cell>
			<Cell><Data ss:Type="Number">-0.89</Data></Cell>
			<Cell><Data ss:Type="Number">22.7</Data></Cell>
			<Cell><Data ss:Type="Number">39.7</Data></Cell>
			<Cell><Data ss:Type="Number">0</Data></Cell>
			<Cell><Data ss:Type="Number">0</Data></Cell>
			<Cell><Data ss:Type="String">2023-12-07 16:42:56.665803</Data></Cell>
		</Row>
		<Row>
			<Cell><Data ss:Type="String">100</Data></Cell>
			<Cell><Data ss:Type="Number">0.26</Data></Cell>
			<Cell><Data ss:Type="Number">-10.05</Data></Cell>
			<Cell><Data ss:Type="Number">0.14</Data></Cell>
			<Cell><Data ss:Type="Number">-9.45</Data></Cell>
			<Cell><Data ss:Type="Number">-0.05</Data></Cell>
			<Cell><Data ss:Type="Number">-0.93</Data></Cell>
			<Cell><Data ss:Type="Number">22.7</Data></Cell>
			<Cell><Data ss:Type="Number">39.7</Data></Cell>
			<Cell><Data ss:Type="Number">0</Data></Cell>
			<Cell><Data ss:Type="Number">0</Data></Cell>
			<Cell><Data ss:Type="String">2023-12-07 16:42:56.585774</Data></Cell>
		</Row>
		<Row>
			<Cell><Data ss:Type="String">99</Data></Cell>
			<Cell><Data ss:Type="Number">0.31</Data></Cell>
			<Cell><Data ss:Type="Number">-9.98</Data></Cell>
			<Cell><Data ss:Type="Number">0.09</Data></Cell>
			<Cell><Data ss:Type="Number">-9.45</Data></Cell>
			<Cell><Data ss:Type="Number">-0.08</Data></Cell>
			<Cell><Data ss:Type="Number">-0.95</Data></Cell>
			<Cell><Data ss:Type="Number">22.7</Data></Cell>
			<Cell><Data ss:Type="Number">39.7</Data></Cell>
			<Cell><Data ss:Type="Number">0</Data></Cell>
			<Cell><Data ss:Type="Number">0</Data></Cell>
			<Cell><Data ss:Type="String">2023-12-07 16:42:56.584146</Data></Cell>
		</Row>
		<Row>
			<Cell><Data ss:Type="String">98</Data></Cell>
			<Cell><Data ss:Type="Number">0.32</Data></Cell>
			<Cell><Data ss:Type="Number">-10.1</Data></Cell>
			<Cell><Data ss:Type="Number">0.14</Data></Cell>
			<Cell><Data ss:Type="Number">-9.49</Data></Cell>
			<Cell><Data ss:Type="Number">-0.09</Data></Cell>
			<Cell><Data ss:Type="Number">-0.92</Data></Cell>
			<Cell><Data ss:Type="Number">22.7</Data></Cell>
			<Cell><Data ss:Type="Number">39.7</Data></Cell>
			<Cell><Data ss:Type="Number">0</Data></Cell>
			<Cell><Data ss:Type="Number">0</Data></Cell>
			<Cell><Data ss:Type="String">2023-12-07 16:42:56.528475</Data></Cell>
		</Row>
		<Row>
			<Cell><Data ss:Type="String">97</Data></Cell>
			<Cell><Data ss:Type="Number">0.33</Data></Cell>
			<Cell><Data ss:Type="Number">-10.15</Data></Cell>
			<Cell><Data ss:Type="Number">0.16</Data></Cell>
			<Cell><Data ss:Type="Number">-9.52</Data></Cell>
			<Cell><Data ss:Type="Number">-0.08</Data></Cell>
			<Cell><Data ss:Type="Number">-0.91</Data></Cell>
			<Cell><Data ss:Type="Number">22.7</Data></Cell>
			<Cell><Data ss:Type="Number">39.7</Data></Cell>
			<Cell><Data ss:Type="Number">0</Data></Cell>
			<Cell><Data ss:Type="Number">0</Data></Cell>
			<Cell><Data ss:Type="String">2023-12-07 16:42:56.526273</Data></Cell>
		</Row>
		<Row>
			<Cell><Data ss:Type="String">96</Data></Cell>
			<Cell><Data ss:Type="Number">0.33</Data></Cell>
			<Cell><Data ss:Type="Number">-10.23</Data></Cell>
			<Cell><Data ss:Type="Number">0.19</Data></Cell>
			<Cell><Data ss:Type="Number">-9.53</Data></Cell>
			<Cell><Data ss:Type="Number">-0.08</Data></Cell>
			<Cell><Data ss:Type="Number">-0.9</Data></Cell>
			<Cell><Data ss:Type="Number">22.7</Data></Cell>
			<Cell><Data ss:Type="Number">39.7</Data></Cell>
			<Cell><Data ss:Type="Number">0</Data></Cell>
			<Cell><Data ss:Type="Number">0</Data></Cell>
			<Cell><Data ss:Type="String">2023-12-07 16:42:56.524247</Data></Cell>
		</Row>
		<Row>
			<Cell><Data ss:Type="String">95</Data></Cell>
			<Cell><Data ss:Type="Number">0.33</Data></Cell>
			<Cell><Data ss:Type="Number">-10.19</Data></Cell>
			<Cell><Data ss:Type="Number">0.42</Data></Cell>
			<Cell><Data ss:Type="Number">-9.46</Data></Cell>
			<Cell><Data ss:Type="Number">-0.05</Data></Cell>
			<Cell><Data ss:Type="Number">-0.89</Data></Cell>
			<Cell><Data ss:Type="Number">22.7</Data></Cell>
			<Cell><Data ss:Type="Number">39.7</Data></Cell>
			<Cell><Data ss:Type="Number">0</Data></Cell>
			<Cell><Data ss:Type="Number">0</Data></Cell>
			<Cell><Data ss:Type="String">2023-12-07 16:42:56.522567</Data></Cell>
		</Row>
		<Row>
			<Cell><Data ss:Type="String">94</Data></Cell>
			<Cell><Data ss:Type="Number">0.28</Data></Cell>
			<Cell><Data ss:Type="Number">-10.09</Data></Cell>
			<Cell><Data ss:Type="Number">0.03</Data></Cell>
			<Cell><Data ss:Type="Number">-9.44</Data></Cell>
			<Cell><Data ss:Type="Number">-0.09</Data></Cell>
			<Cell><Data ss:Type="Number">-0.92</Data></Cell>
			<Cell><Data ss:Type="Number">22.7</Data></Cell>
			<Cell><Data ss:Type="Number">39.7</Data></Cell>
			<Cell><Data ss:Type="Number">0</Data></Cell>
			<Cell><Data ss:Type="Number">0</Data></Cell>
			<Cell><Data ss:Type="String">2023-12-07 16:42:56.520941</Data></Cell>
		</Row>
		<Row>
			<Cell><Data ss:Type="String">93</Data></Cell>
			<Cell><Data ss:Type="Number">0.25</Data></Cell>
			<Cell><Data ss:Type="Number">-9.99</Data></Cell>
			<Cell><Data ss:Type="Number">0.12</Data></Cell>
			<Cell><Data ss:Type="Number">-9.41</Data></Cell>
			<Cell><Data ss:Type="Number">-0.05</Data></Cell>
			<Cell><Data ss:Type="Number">-0.94</Data></Cell>
			<Cell><Data ss:Type="Number">22.7</Data></Cell>
			<Cell><Data ss:Type="Number">39.7</Data></Cell>
			<Cell><Data ss:Type="Number">0</Data></Cell>
			<Cell><Data ss:Type="Number">0</Data></Cell>
			<Cell><Data ss:Type="String">2023-12-07 16:42:56.519264</Data></Cell>
		</Row>
		<Row>
			<Cell><Data ss:Type="String">92</Data></Cell>
			<Cell><Data ss:Type="Number">0.25</Data></Cell>
			<Cell><Data ss:Type="Number">-10.09</Data></Cell>
			<Cell><Data ss:Type="Number">0.12</Data></Cell>
			<Cell><Data ss:Type="Number">-9.46</Data></Cell>
			<Cell><Data ss:Type="Number">-0.06</Data></Cell>
			<Cell><Data ss:Type="Number">-0.92</Data></Cell>
			<Cell><Data ss:Type="Number">22.7</Data></Cell>
			<Cell><Data ss:Type="Number">39.7</Data></Cell>
			<Cell><Data ss:Type="Number">0</Data></Cell>
			<Cell><Data ss:Type="Number">0</Data></Cell>
			<Cell><Data ss:Type="String">2023-12-07 16:42:56.517302</Data></Cell>
		</Row>
		<Row>
			<Cell><Data ss:Type="String">91</Data></Cell>
			<Cell><Data ss:Type="Number">0.26</Data></Cell>
			<Cell><Data ss:Type="Number">-9.97</Data></Cell>
			<Cell><Data ss:Type="Number">0.25</Data></Cell>
			<Cell><Data ss:Type="Number">-9.42</Data></Cell>
			<Cell><Data ss:Type="Number">-0.08</Data></Cell>
			<Cell><Data ss:Type="Number">-0.91</Data></Cell>
			<Cell><Data ss:Type="Number">22.7</Data></Cell>
			<Cell><Data ss:Type="Number">39.7</Data></Cell>
			<Cell><Data ss:Type="Number">0</Data></Cell>
			<Cell><Data ss:Type="Number">0</Data></Cell>
			<Cell><Data ss:Type="String">2023-12-07 16:42:56.284829</Data></Cell>
		</Row>
		<Row>
			<Cell><Data ss:Type="String">90</Data></Cell>
			<Cell><Data ss:Type="Number">0.28</Data></Cell>
			<Cell><Data ss:Type="Number">-10.03</Data></Cell>
			<Cell><Data ss:Type="Number">0.13</Data></Cell>
			<Cell><Data ss:Type="Number">-9.51</Data></Cell>
			<Cell><Data ss:Type="Number">-0.07</Data></Cell>
			<Cell><Data ss:Type="Number">-0.93</Data></Cell>
			<Cell><Data ss:Type="Number">22.7</Data></Cell>
			<Cell><Data ss:Type="Number">39.7</Data></Cell>
			<Cell><Data ss:Type="Number">0</Data></Cell>
			<Cell><Data ss:Type="Number">0</Data></Cell>
			<Cell><Data ss:Type="String">2023-12-07 16:42:56.280054</Data></Cell>
		</Row>
		<Row>
			<Cell><Data ss:Type="String">89</Data></Cell>
			<Cell><Data ss:Type="Number">0.35</Data></Cell>
			<Cell><Data ss:Type="Number">-10.07</Data></Cell>
			<Cell><Data ss:Type="Number">0.11</Data></Cell>
			<Cell><Data ss:Type="Number">-9.52</Data></Cell>
			<Cell><Data ss:Type="Number">-0.09</Data></Cell>
			<Cell><Data ss:Type="Number">-0.94</Data></Cell>
			<Cell><Data ss:Type="Number">22.7</Data></Cell>
			<Cell><Data ss:Type="Number">39.7</Data></Cell>
			<Cell><Data ss:Type="Number">0</Data></Cell>
			<Cell><Data ss:Type="Number">0</Data></Cell>
			<Cell><Data ss:Type="String">2023-12-07 16:42:56.276796</Data></Cell>
		</Row>
		<Row>
			<Cell><Data ss:Type="String">88</Data></Cell>
			<Cell><Data ss:Type="Number">0.26</Data></Cell>
			<Cell><Data ss:Type="Number">-10.18</Data></Cell>
			<Cell><Data ss:Type="Number">0.22</Data></Cell>
			<Cell><Data ss:Type="Number">-9.52</Data></Cell>
			<Cell><Data ss:Type="Number">-0.07</Data></Cell>
			<Cell><Data ss:Type="Number">-0.88</Data></Cell>
			<Cell><Data ss:Type="Number">22.7</Data></Cell>
			<Cell><Data ss:Type="Number">39.7</Data></Cell>
			<Cell><Data ss:Type="Number">0</Data></Cell>
			<Cell><Data ss:Type="Number">0</Data></Cell>
			<Cell><Data ss:Type="String">2023-12-07 16:42:56.274105</Data></Cell>
		</Row>
		<Row>
			<Cell><Data ss:Type="String">87</Data></Cell>
			<Cell><Data ss:Type="Number">0.27</Data></Cell>
			<Cell><Data ss:Type="Number">-10.06</Data></Cell>
			<Cell><Data ss:Type="Number">0.16</Data></Cell>
			<Cell><Data ss:Type="Number">-9.47</Data></Cell>
			<Cell><Data ss:Type="Number">-0.07</Data></Cell>
			<Cell><Data ss:Type="Number">-0.96</Data></Cell>
			<Cell><Data ss:Type="Number">22.7</Data></Cell>
			<Cell><Data ss:Type="Number">39.7</Data></Cell>
			<Cell><Data ss:Type="Number">0</Data></Cell>
			<Cell><Data ss:Type="Number">0</Data></Cell>
			<Cell><Data ss:Type="String">2023-12-07 16:42:56.271920</Data></Cell>
		</Row>
		<Row>
			<Cell><Data ss:Type="String">86</Data></Cell>
			<Cell><Data ss:Type="Number">0.3</Data></Cell>
			<Cell><Data ss:Type="Number">-9.99</Data></Cell>
			<Cell><Data ss:Type="Number">0.15</Data></Cell>
			<Cell><Data ss:Type="Number">-9.42</Data></Cell>
			<Cell><Data ss:Type="Number">-0.09</Data></Cell>
			<Cell><Data ss:Type="Number">-0.91</Data></Cell>
			<Cell><Data ss:Type="Number">22.7</Data></Cell>
			<Cell><Data ss:Type="Number">39.7</Data></Cell>
			<Cell><Data ss:Type="Number">0</Data></Cell>
			<Cell><Data ss:Type="Number">0</Data></Cell>
			<Cell><Data ss:Type="String">2023-12-07 16:42:56.270073</Data></Cell>
		</Row>
		<Row>
			<Cell><Data ss:Type="String">85</Data></Cell>
			<Cell><Data ss:Type="Number">0.33</Data></Cell>
			<Cell><Data ss:Type="Number">-9.97</Data></Cell>
			<Cell><Data ss:Type="Number">0.01</Data></Cell>
			<Cell><Data ss:Type="Number">-9.49</Data></Cell>
			<Cell><Data ss:Type="Number">-0.09</Data></Cell>
			<Cell><Data ss:Type="Number">-0.93</Data></Cell>
			<Cell><Data ss:Type="Number">22.7</Data></Cell>
			<Cell><Data ss:Type="Number">39.7</Data></Cell>
			<Cell><Data ss:Type="Number">0</Data></Cell>
			<Cell><Data ss:Type="Number">0</Data></Cell>
			<Cell><Data ss:Type="String">2023-12-07 16:42:56.267747</Data></Cell>
		</Row>
		<Row>
			<Cell><Data ss:Type="String">84</Data></Cell>
			<Cell><Data ss:Type="Number">0.25</Data></Cell>
			<Cell><Data ss:Type="Number">-10.16</Data></Cell>
			<Cell><Data ss:Type="Number">0.17</Data></Cell>
			<Cell><Data ss:Type="Number">-9.56</Data></Cell>
			<Cell><Data ss:Type="Number">-0.09</Data></Cell>
			<Cell><Data ss:Type="Number">-0.92</Data></Cell>
			<Cell><Data ss:Type="Number">22.7</Data></Cell>
			<Cell><Data ss:Type="Number">39.7</Data></Cell>
			<Cell><Data ss:Type="Number">0</Data></Cell>
			<Cell><Data ss:Type="Number">0</Data></Cell>
			<Cell><Data ss:Type="String">2023-12-07 16:42:56.265623</Data></Cell>
		</Row>
		<Row>
			<Cell><Data ss:Type="String">83</Data></Cell>
			<Cell><Data ss:Type="Number">0.27</Data></Cell>
			<Cell><Data ss:Type="Number">-10.04</Data></Cell>
			<Cell><Data ss:Type="Number">0.18</Data></Cell>
			<Cell><Data ss:Type="Number">-9.47</Data></Cell>
			<Cell><Data ss:Type="Number">-0.05</Data></Cell>
			<Cell><Data ss:Type="Number">-0.86</Data></Cell>
			<Cell><Data ss:Type="Number">22.7</Data></Cell>
			<Cell><Data ss:Type="Number">39.7</Data></Cell>
			<Cell><Data ss:Type="Number">0</Data></Cell>
			<Cell><Data ss:Type="Number">0</Data></Cell>
			<Cell><Data ss:Type="String">2023-12-07 16:42:56.038997</Data></Cell>
		</Row>
		<Row>
			<Cell><Data ss:Type="String">82</Data></Cell>
			<Cell><Data ss:Type="Number">0.36</Data></Cell>
			<Cell><Data ss:Type="Number">-10.03</Data></Cell>
			<Cell><Data ss:Type="Number">0.06</Data></Cell>
			<Cell><Data ss:Type="Number">-9.48</Data></Cell>
			<Cell><Data ss:Type="Number">-0.06</Data></Cell>
			<Cell><Data ss:Type="Number">-0.97</Data></Cell>
			<Cell><Data ss:Type="Number">22.7</Data></Cell>
			<Cell><Data ss:Type="Number">39.7</Data></Cell>
			<Cell><Data ss:Type="Number">0</Data></Cell>
			<Cell><Data ss:Type="Number">0</Data></Cell>
			<Cell><Data ss:Type="String">2023-12-07 16:42:56.036966</Data></Cell>
		</Row>
		<Row>
			<Cell><Data ss:Type="String">81</Data></Cell>
			<Cell><Data ss:Type="Number">0.38</Data></Cell>
			<Cell><Data ss:Type="Number">-9.96</Data></Cell>
			<Cell><Data ss:Type="Number">0.18</Data></Cell>
			<Cell><Data ss:Type="Number">-9.44</Data></Cell>
			<Cell><Data ss:Type="Number">-0.11</Data></Cell>
			<Cell><Data ss:Type="Number">-0.87</Data></Cell>
			<Cell><Data ss:Type="Number">22.7</Data></Cell>
			<Cell><Data ss:Type="Number">39.7</Data></Cell>
			<Cell><Data ss:Type="Number">0</Data></Cell>
			<Cell><Data ss:Type="Number">0</Data></Cell>
			<Cell><Data ss:Type="String">2023-12-07 16:42:56.034757</Data></Cell>
		</Row>
		<Row>
			<Cell><Data ss:Type="String">80</Data></Cell>
			<Cell><Data ss:Type="Number">0.18</Data></Cell>
			<Cell><Data ss:Type="Number">-10</Data></Cell>
			<Cell><Data ss:Type="Number">0.22</Data></Cell>
			<Cell><Data ss:Type="Number">-9.4</Data></Cell>
			<Cell><Data ss:Type="Number">-0.12</Data></Cell>
			<Cell><Data ss:Type="Number">-0.9</Data></Cell>
			<Cell><Data ss:Type="Number">22.7</Data></Cell>
			<Cell><Data ss:Type="Number">39.7</Data></Cell>
			<Cell><Data ss:Type="Number">0</Data></Cell>
			<Cell><Data ss:Type="Number">0</Data></Cell>
			<Cell><Data ss:Type="String">2023-12-07 16:42:55.904250</Data></Cell>
		</Row>
		<Row>
			<Cell><Data ss:Type="String">79</Data></Cell>
			<Cell><Data ss:Type="Number">0.3</Data></Cell>
			<Cell><Data ss:Type="Number">-10.08</Data></Cell>
			<Cell><Data ss:Type="Number">0.09</Data></Cell>
			<Cell><Data ss:Type="Number">-9.51</Data></Cell>
			<Cell><Data ss:Type="Number">-0.13</Data></Cell>
			<Cell><Data ss:Type="Number">-0.99</Data></Cell>
			<Cell><Data ss:Type="Number">22.7</Data></Cell>
			<Cell><Data ss:Type="Number">39.7</Data></Cell>
			<Cell><Data ss:Type="Number">0</Data></Cell>
			<Cell><Data ss:Type="Number">0</Data></Cell>
			<Cell><Data ss:Type="String">2023-12-07 16:42:55.902384</Data></Cell>
		</Row>
		<Row>
			<Cell><Data ss:Type="String">78</Data></Cell>
			<Cell><Data ss:Type="Number">0.67</Data></Cell>
			<Cell><Data ss:Type="Number">-10.05</Data></Cell>
			<Cell><Data ss:Type="Number">0.04</Data></Cell>
			<Cell><Data ss:Type="Number">-9.5</Data></Cell>
			<Cell><Data ss:Type="Number">0.09</Data></Cell>
			<Cell><Data ss:Type="Number">-0.87</Data></Cell>
			<Cell><Data ss:Type="Number">22.7</Data></Cell>
			<Cell><Data ss:Type="Number">39.7</Data></Cell>
			<Cell><Data ss:Type="Number">0</Data></Cell>
			<Cell><Data ss:Type="Number">0</Data></Cell>
			<Cell><Data ss:Type="String">2023-12-07 16:42:55.863856</Data></Cell>
		</Row>
		<Row>
			<Cell><Data ss:Type="String">77</Data></Cell>
			<Cell><Data ss:Type="Number">0.4</Data></Cell>
			<Cell><Data ss:Type="Number">-10.25</Data></Cell>
			<Cell><Data ss:Type="Number">0.15</Data></Cell>
			<Cell><Data ss:Type="Number">-9.53</Data></Cell>
			<Cell><Data ss:Type="Number">-0.1</Data></Cell>
			<Cell><Data ss:Type="Number">-0.92</Data></Cell>
			<Cell><Data ss:Type="Number">22.7</Data></Cell>
			<Cell><Data ss:Type="Number">39.7</Data></Cell>
			<Cell><Data ss:Type="Number">0</Data></Cell>
			<Cell><Data ss:Type="Number">0</Data></Cell>
			<Cell><Data ss:Type="String">2023-12-07 16:42:55.816132</Data></Cell>
		</Row>
		<Row>
			<Cell><Data ss:Type="String">76</Data></Cell>
			<Cell><Data ss:Type="Number">0.7</Data></Cell>
			<Cell><Data ss:Type="Number">-10.01</Data></Cell>
			<Cell><Data ss:Type="Number">0.47</Data></Cell>
			<Cell><Data ss:Type="Number">-9.47</Data></Cell>
			<Cell><Data ss:Type="Number">-0.29</Data></Cell>
			<Cell><Data ss:Type="Number">-0.85</Data></Cell>
			<Cell><Data ss:Type="Number">22.7</Data></Cell>
			<Cell><Data ss:Type="Number">39.7</Data></Cell>
			<Cell><Data ss:Type="Number">0</Data></Cell>
			<Cell><Data ss:Type="Number">0</Data></Cell>
			<Cell><Data ss:Type="String">2023-12-07 16:42:55.776640</Data></Cell>
		</Row>
		<Row>
			<Cell><Data ss:Type="String">75</Data></Cell>
			<Cell><Data ss:Type="Number">-0.26</Data></Cell>
			<Cell><Data ss:Type="Number">-10.04</Data></Cell>
			<Cell><Data ss:Type="Number">-0.24</Data></Cell>
			<Cell><Data ss:Type="Number">-9.41</Data></Cell>
			<Cell><Data ss:Type="Number">-0.03</Data></Cell>
			<Cell><Data ss:Type="Number">-0.89</Data></Cell>
			<Cell><Data ss:Type="Number">22.7</Data></Cell>
			<Cell><Data ss:Type="Number">39.7</Data></Cell>
			<Cell><Data ss:Type="Number">0</Data></Cell>
			<Cell><Data ss:Type="Number">0</Data></Cell>
			<Cell><Data ss:Type="String">2023-12-07 16:42:55.774257</Data></Cell>
		</Row>
		<Row>
			<Cell><Data ss:Type="String">74</Data></Cell>
			<Cell><Data ss:Type="Number">-0.45</Data></Cell>
			<Cell><Data ss:Type="Number">-10.25</Data></Cell>
			<Cell><Data ss:Type="Number">-0.43</Data></Cell>
			<Cell><Data ss:Type="Number">-9.61</Data></Cell>
			<Cell><Data ss:Type="Number">0.51</Data></Cell>
			<Cell><Data ss:Type="Number">-1.06</Data></Cell>
			<Cell><Data ss:Type="Number">22.7</Data></Cell>
			<Cell><Data ss:Type="Number">39.7</Data></Cell>
			<Cell><Data ss:Type="Number">0</Data></Cell>
			<Cell><Data ss:Type="Number">0</Data></Cell>
			<Cell><Data ss:Type="String">2023-12-07 16:42:55.725924</Data></Cell>
		</Row>
		<Row>
			<Cell><Data ss:Type="String">73</Data></Cell>
			<Cell><Data ss:Type="Number">1.79</Data></Cell>
			<Cell><Data ss:Type="Number">-9.93</Data></Cell>
			<Cell><Data ss:Type="Number">0.99</Data></Cell>
			<Cell><Data ss:Type="Number">-9.38</Data></Cell>
			<Cell><Data ss:Type="Number">-0.75</Data></Cell>
			<Cell><Data ss:Type="Number">-0.79</Data></Cell>
			<Cell><Data ss:Type="Number">22.7</Data></Cell>
			<Cell><Data ss:Type="Number">39.7</Data></Cell>
			<Cell><Data ss:Type="Number">0</Data></Cell>
			<Cell><Data ss:Type="Number">0</Data></Cell>
			<Cell><Data ss:Type="String">2023-12-07 16:42:55.682702</Data></Cell>
		</Row>
		<Row>
			<Cell><Data ss:Type="String">72</Data></Cell>
			<Cell><Data ss:Type="Number">1.21</Data></Cell>
			<Cell><Data ss:Type="Number">-9.97</Data></Cell>
			<Cell><Data ss:Type="Number">0.6</Data></Cell>
			<Cell><Data ss:Type="Number">-9.46</Data></Cell>
			<Cell><Data ss:Type="Number">-0.83</Data></Cell>
			<Cell><Data ss:Type="Number">-0.89</Data></Cell>
			<Cell><Data ss:Type="Number">22.7</Data></Cell>
			<Cell><Data ss:Type="Number">39.7</Data></Cell>
			<Cell><Data ss:Type="Number">0</Data></Cell>
			<Cell><Data ss:Type="Number">0</Data></Cell>
			<Cell><Data ss:Type="String">2023-12-07 16:42:55.680589</Data></Cell>
		</Row>
		<Row>
			<Cell><Data ss:Type="String">71</Data></Cell>
			<Cell><Data ss:Type="Number">-3.82</Data></Cell>
			<Cell><Data ss:Type="Number">-10.62</Data></Cell>
			<Cell><Data ss:Type="Number">-2.24</Data></Cell>
			<Cell><Data ss:Type="Number">-9.97</Data></Cell>
			<Cell><Data ss:Type="Number">1.98</Data></Cell>
			<Cell><Data ss:Type="Number">-1.14</Data></Cell>
			<Cell><Data ss:Type="Number">22.7</Data></Cell>
			<Cell><Data ss:Type="Number">39.7</Data></Cell>
			<Cell><Data ss:Type="Number">0</Data></Cell>
			<Cell><Data ss:Type="Number">0</Data></Cell>
			<Cell><Data ss:Type="String">2023-12-07 16:42:55.633749</Data></Cell>
		</Row>
		<Row>
			<Cell><Data ss:Type="String">70</Data></Cell>
			<Cell><Data ss:Type="Number">-0.19</Data></Cell>
			<Cell><Data ss:Type="Number">-17.55</Data></Cell>
			<Cell><Data ss:Type="Number">-0.88</Data></Cell>
			<Cell><Data ss:Type="Number">-15.89</Data></Cell>
			<Cell><Data ss:Type="Number">1.61</Data></Cell>
			<Cell><Data ss:Type="Number">-0.73</Data></Cell>
			<Cell><Data ss:Type="Number">22.7</Data></Cell>
			<Cell><Data ss:Type="Number">39.7</Data></Cell>
			<Cell><Data ss:Type="Number">0</Data></Cell>
			<Cell><Data ss:Type="Number">0</Data></Cell>
			<Cell><Data ss:Type="String">2023-12-07 16:42:55.586840</Data></Cell>
		</Row>
		<Row>
			<Cell><Data ss:Type="String">69</Data></Cell>
			<Cell><Data ss:Type="Number">0.02</Data></Cell>
			<Cell><Data ss:Type="Number">-10.12</Data></Cell>
			<Cell><Data ss:Type="Number">0.17</Data></Cell>
			<Cell><Data ss:Type="Number">-9.44</Data></Cell>
			<Cell><Data ss:Type="Number">-0.03</Data></Cell>
			<Cell><Data ss:Type="Number">-0.89</Data></Cell>
			<Cell><Data ss:Type="Number">22.7</Data></Cell>
			<Cell><Data ss:Type="Number">39.7</Data></Cell>
			<Cell><Data ss:Type="Number">0</Data></Cell>
			<Cell><Data ss:Type="Number">0</Data></Cell>
			<Cell><Data ss:Type="String">2023-12-07 16:42:55.543017</Data></Cell>
		</Row>
		<Row>
			<Cell><Data ss:Type="String">68</Data></Cell>
			<Cell><Data ss:Type="Number">0.63</Data></Cell>
			<Cell><Data ss:Type="Number">-9.93</Data></Cell>
			<Cell><Data ss:Type="Number">0.12</Data></Cell>
			<Cell><Data ss:Type="Number">-9.49</Data></Cell>
			<Cell><Data ss:Type="Number">-0.13</Data></Cell>
			<Cell><Data ss:Type="Number">-0.99</Data></Cell>
			<Cell><Data ss:Type="Number">22.7</Data></Cell>
			<Cell><Data ss:Type="Number">39.7</Data></Cell>
			<Cell><Data ss:Type="Number">0</Data></Cell>
			<Cell><Data ss:Type="Number">0</Data></Cell>
			<Cell><Data ss:Type="String">2023-12-07 16:42:55.541004</Data></Cell>
		</Row>
		<Row>
			<Cell><Data ss:Type="String">67</Data></Cell>
			<Cell><Data ss:Type="Number">0.38</Data></Cell>
			<Cell><Data ss:Type="Number">-10.03</Data></Cell>
			<Cell><Data ss:Type="Number">0.15</Data></Cell>
			<Cell><Data ss:Type="Number">-9.4</Data></Cell>
			<Cell><Data ss:Type="Number">-0.03</Data></Cell>
			<Cell><Data ss:Type="Number">-0.89</Data></Cell>
			<Cell><Data ss:Type="Number">22.7</Data></Cell>
			<Cell><Data ss:Type="Number">39.7</Data></Cell>
			<Cell><Data ss:Type="Number">0</Data></Cell>
			<Cell><Data ss:Type="Number">0</Data></Cell>
			<Cell><Data ss:Type="String">2023-12-07 16:42:55.495293</Data></Cell>
		</Row>
		<Row>
			<Cell><Data ss:Type="String">66</Data></Cell>
			<Cell><Data ss:Type="Number">0.2</Data></Cell>
			<Cell><Data ss:Type="Number">-10.4</Data></Cell>
			<Cell><Data ss:Type="Number">-0.14</Data></Cell>
			<Cell><Data ss:Type="Number">-9.45</Data></Cell>
			<Cell><Data ss:Type="Number">-0.1</Data></Cell>
			<Cell><Data ss:Type="Number">-0.91</Data></Cell>
			<Cell><Data ss:Type="Number">22.7</Data></Cell>
			<Cell><Data ss:Type="Number">39.7</Data></Cell>
			<Cell><Data ss:Type="Number">0</Data></Cell>
			<Cell><Data ss:Type="Number">0</Data></Cell>
			<Cell><Data ss:Type="String">2023-12-07 16:42:55.449336</Data></Cell>
		</Row>
		<Row>
			<Cell><Data ss:Type="String">65</Data></Cell>
			<Cell><Data ss:Type="Number">0.25</Data></Cell>
			<Cell><Data ss:Type="Number">-10.69</Data></Cell>
			<Cell><Data ss:Type="Number">0.01</Data></Cell>
			<Cell><Data ss:Type="Number">-9.49</Data></Cell>
			<Cell><Data ss:Type="Number">-0.1</Data></Cell>
			<Cell><Data ss:Type="Number">-0.98</Data></Cell>
			<Cell><Data ss:Type="Number">22.7</Data></Cell>
			<Cell><Data ss:Type="Number">39.7</Data></Cell>
			<Cell><Data ss:Type="Number">0</Data></Cell>
			<Cell><Data ss:Type="Number">0</Data></Cell>
			<Cell><Data ss:Type="String">2023-12-07 16:42:55.406209</Data></Cell>
		</Row>
		<Row>
			<Cell><Data ss:Type="String">64</Data></Cell>
			<Cell><Data ss:Type="Number">0.72</Data></Cell>
			<Cell><Data ss:Type="Number">-9.6</Data></Cell>
			<Cell><Data ss:Type="Number">0.15</Data></Cell>
			<Cell><Data ss:Type="Number">-9.49</Data></Cell>
			<Cell><Data ss:Type="Number">-0.19</Data></Cell>
			<Cell><Data ss:Type="Number">-0.89</Data></Cell>
			<Cell><Data ss:Type="Number">22.7</Data></Cell>
			<Cell><Data ss:Type="Number">39.7</Data></Cell>
			<Cell><Data ss:Type="Number">0</Data></Cell>
			<Cell><Data ss:Type="Number">0</Data></Cell>
			<Cell><Data ss:Type="String">2023-12-07 16:42:55.404484</Data></Cell>
		</Row>
		<Row>
			<Cell><Data ss:Type="String">63</Data></Cell>
			<Cell><Data ss:Type="Number">0.27</Data></Cell>
			<Cell><Data ss:Type="Number">-10.44</Data></Cell>
			<Cell><Data ss:Type="Number">-0.04</Data></Cell>
			<Cell><Data ss:Type="Number">-9.36</Data></Cell>
			<Cell><Data ss:Type="Number">-0.05</Data></Cell>
			<Cell><Data ss:Type="Number">-0.98</Data></Cell>
			<Cell><Data ss:Type="Number">22.7</Data></Cell>
			<Cell><Data ss:Type="Number">39.7</Data></Cell>
			<Cell><Data ss:Type="Number">0</Data></Cell>
			<Cell><Data ss:Type="Number">0</Data></Cell>
			<Cell><Data ss:Type="String">2023-12-07 16:42:55.357965</Data></Cell>
		</Row>
		<Row>
			<Cell><Data ss:Type="String">62</Data></Cell>
			<Cell><Data ss:Type="Number">0.04</Data></Cell>
			<Cell><Data ss:Type="Number">-10.39</Data></Cell>
			<Cell><Data ss:Type="Number">0.24</Data></Cell>
			<Cell><Data ss:Type="Number">-9.4</Data></Cell>
			<Cell><Data ss:Type="Number">-0.06</Data></Cell>
			<Cell><Data ss:Type="Number">-0.94</Data></Cell>
			<Cell><Data ss:Type="Number">22.7</Data></Cell>
			<Cell><Data ss:Type="Number">39.7</Data></Cell>
			<Cell><Data ss:Type="Number">0</Data></Cell>
			<Cell><Data ss:Type="Number">0</Data></Cell>
			<Cell><Data ss:Type="String">2023-12-07 16:42:55.322608</Data></Cell>
		</Row>
		<Row>
			<Cell><Data ss:Type="String">61</Data></Cell>
			<Cell><Data ss:Type="Number">0.18</Data></Cell>
			<Cell><Data ss:Type="Number">-9.47</Data></Cell>
			<Cell><Data ss:Type="Number">-0.16</Data></Cell>
			<Cell><Data ss:Type="Number">-9.31</Data></Cell>
			<Cell><Data ss:Type="Number">-0.11</Data></Cell>
			<Cell><Data ss:Type="Number">-1.01</Data></Cell>
			<Cell><Data ss:Type="Number">22.7</Data></Cell>
			<Cell><Data ss:Type="Number">39.7</Data></Cell>
			<Cell><Data ss:Type="Number">0</Data></Cell>
			<Cell><Data ss:Type="Number">0</Data></Cell>
			<Cell><Data ss:Type="String">2023-12-07 16:42:55.319935</Data></Cell>
		</Row>
		<Row>
			<Cell><Data ss:Type="String">60</Data></Cell>
			<Cell><Data ss:Type="Number">0.27</Data></Cell>
			<Cell><Data ss:Type="Number">-9.86</Data></Cell>
			<Cell><Data ss:Type="Number">0.3</Data></Cell>
			<Cell><Data ss:Type="Number">-9.48</Data></Cell>
			<Cell><Data ss:Type="Number">-0.03</Data></Cell>
			<Cell><Data ss:Type="Number">-0.87</Data></Cell>
			<Cell><Data ss:Type="Number">22.8</Data></Cell>
			<Cell><Data ss:Type="Number">39.8</Data></Cell>
			<Cell><Data ss:Type="Number">0</Data></Cell>
			<Cell><Data ss:Type="Number">0</Data></Cell>
			<Cell><Data ss:Type="String">2023-12-07 16:42:55.317620</Data></Cell>
		</Row>
		<Row>
			<Cell><Data ss:Type="String">59</Data></Cell>
			<Cell><Data ss:Type="Number">0.2</Data></Cell>
			<Cell><Data ss:Type="Number">-10.24</Data></Cell>
			<Cell><Data ss:Type="Number">-0.26</Data></Cell>
			<Cell><Data ss:Type="Number">-9.59</Data></Cell>
			<Cell><Data ss:Type="Number">-0.15</Data></Cell>
			<Cell><Data ss:Type="Number">-0.89</Data></Cell>
			<Cell><Data ss:Type="Number">22.8</Data></Cell>
			<Cell><Data ss:Type="Number">39.8</Data></Cell>
			<Cell><Data ss:Type="Number">0</Data></Cell>
			<Cell><Data ss:Type="Number">0</Data></Cell>
			<Cell><Data ss:Type="String">2023-12-07 16:42:55.315458</Data></Cell>
		</Row>
		<Row>
			<Cell><Data ss:Type="String">58</Data></Cell>
			<Cell><Data ss:Type="Number">-0.01</Data></Cell>
			<Cell><Data ss:Type="Number">-10.77</Data></Cell>
			<Cell><Data ss:Type="Number">-0.1</Data></Cell>
			<Cell><Data ss:Type="Number">-9.66</Data></Cell>
			<Cell><Data ss:Type="Number">-0.01</Data></Cell>
			<Cell><Data ss:Type="Number">-0.91</Data></Cell>
			<Cell><Data ss:Type="Number">22.8</Data></Cell>
			<Cell><Data ss:Type="Number">39.8</Data></Cell>
			<Cell><Data ss:Type="Number">0</Data></Cell>
			<Cell><Data ss:Type="Number">0</Data></Cell>
			<Cell><Data ss:Type="String">2023-12-07 16:42:55.312355</Data></Cell>
		</Row>
		<Row>
			<Cell><Data ss:Type="String">57</Data></Cell>
			<Cell><Data ss:Type="Number">0.09</Data></Cell>
			<Cell><Data ss:Type="Number">-9.88</Data></Cell>
			<Cell><Data ss:Type="Number">0.25</Data></Cell>
			<Cell><Data ss:Type="Number">-9.5</Data></Cell>
			<Cell><Data ss:Type="Number">-0.04</Data></Cell>
			<Cell><Data ss:Type="Number">-0.93</Data></Cell>
			<Cell><Data ss:Type="Number">22.8</Data></Cell>
			<Cell><Data ss:Type="Number">39.8</Data></Cell>
			<Cell><Data ss:Type="Number">0</Data></Cell>
			<Cell><Data ss:Type="Number">0</Data></Cell>
			<Cell><Data ss:Type="String">2023-12-07 16:42:55.309488</Data></Cell>
		</Row>
		<Row>
			<Cell><Data ss:Type="String">56</Data></Cell>
			<Cell><Data ss:Type="Number">0.26</Data></Cell>
			<Cell><Data ss:Type="Number">-9.97</Data></Cell>
			<Cell><Data ss:Type="Number">-0.16</Data></Cell>
			<Cell><Data ss:Type="Number">-9.38</Data></Cell>
			<Cell><Data ss:Type="Number">-0.08</Data></Cell>
			<Cell><Data ss:Type="Number">-0.97</Data></Cell>
			<Cell><Data ss:Type="Number">22.8</Data></Cell>
			<Cell><Data ss:Type="Number">39.8</Data></Cell>
			<Cell><Data ss:Type="Number">0</Data></Cell>
			<Cell><Data ss:Type="Number">0</Data></Cell>
			<Cell><Data ss:Type="String">2023-12-07 16:42:55.307236</Data></Cell>
		</Row>
		<Row>
			<Cell><Data ss:Type="String">55</Data></Cell>
			<Cell><Data ss:Type="Number">0.17</Data></Cell>
			<Cell><Data ss:Type="Number">-9.83</Data></Cell>
			<Cell><Data ss:Type="Number">0.3</Data></Cell>
			<Cell><Data ss:Type="Number">-9.44</Data></Cell>
			<Cell><Data ss:Type="Number">-0.07</Data></Cell>
			<Cell><Data ss:Type="Number">-0.94</Data></Cell>
			<Cell><Data ss:Type="Number">22.8</Data></Cell>
			<Cell><Data ss:Type="Number">39.8</Data></Cell>
			<Cell><Data ss:Type="Number">0</Data></Cell>
			<Cell><Data ss:Type="Number">0</Data></Cell>
			<Cell><Data ss:Type="String">2023-12-07 16:42:55.067343</Data></Cell>
		</Row>
		<Row>
			<Cell><Data ss:Type="String">54</Data></Cell>
			<Cell><Data ss:Type="Number">0.47</Data></Cell>
			<Cell><Data ss:Type="Number">-10.52</Data></Cell>
			<Cell><Data ss:Type="Number">-0.01</Data></Cell>
			<Cell><Data ss:Type="Number">-9.5</Data></Cell>
			<Cell><Data ss:Type="Number">-0.02</Data></Cell>
			<Cell><Data ss:Type="Number">-0.89</Data></Cell>
			<Cell><Data ss:Type="Number">22.8</Data></Cell>
			<Cell><Data ss:Type="Number">39.8</Data></Cell>
			<Cell><Data ss:Type="Number">0</Data></Cell>
			<Cell><Data ss:Type="Number">0</Data></Cell>
			<Cell><Data ss:Type="String">2023-12-07 16:42:55.065713</Data></Cell>
		</Row>
		<Row>
			<Cell><Data ss:Type="String">53</Data></Cell>
			<Cell><Data ss:Type="Number">0.35</Data></Cell>
			<Cell><Data ss:Type="Number">-9.91</Data></Cell>
			<Cell><Data ss:Type="Number">0.2</Data></Cell>
			<Cell><Data ss:Type="Number">-9.32</Data></Cell>
			<Cell><Data ss:Type="Number">-0.12</Data></Cell>
			<Cell><Data ss:Type="Number">-0.91</Data></Cell>
			<Cell><Data ss:Type="Number">22.8</Data></Cell>
			<Cell><Data ss:Type="Number">39.8</Data></Cell>
			<Cell><Data ss:Type="Number">0</Data></Cell>
			<Cell><Data ss:Type="Number">0</Data></Cell>
			<Cell><Data ss:Type="String">2023-12-07 16:42:55.018715</Data></Cell>
		</Row>
		<Row>
			<Cell><Data ss:Type="String">52</Data></Cell>
			<Cell><Data ss:Type="Number">0.2</Data></Cell>
			<Cell><Data ss:Type="Number">-10.26</Data></Cell>
			<Cell><Data ss:Type="Number">0.35</Data></Cell>
			<Cell><Data ss:Type="Number">-9.41</Data></Cell>
			<Cell><Data ss:Type="Number">-0.04</Data></Cell>
			<Cell><Data ss:Type="Number">-0.88</Data></Cell>
			<Cell><Data ss:Type="Number">22.8</Data></Cell>
			<Cell><Data ss:Type="Number">39.8</Data></Cell>
			<Cell><Data ss:Type="Number">0</Data></Cell>
			<Cell><Data ss:Type="Number">0</Data></Cell>
			<Cell><Data ss:Type="String">2023-12-07 16:42:54.972547</Data></Cell>
		</Row>
		<Row>
			<Cell><Data ss:Type="String">51</Data></Cell>
			<Cell><Data ss:Type="Number">0.05</Data></Cell>
			<Cell><Data ss:Type="Number">-9.99</Data></Cell>
			<Cell><Data ss:Type="Number">-0.25</Data></Cell>
			<Cell><Data ss:Type="Number">-9.47</Data></Cell>
			<Cell><Data ss:Type="Number">-0.01</Data></Cell>
			<Cell><Data ss:Type="Number">-0.93</Data></Cell>
			<Cell><Data ss:Type="Number">22.8</Data></Cell>
			<Cell><Data ss:Type="Number">39.8</Data></Cell>
			<Cell><Data ss:Type="Number">0</Data></Cell>
			<Cell><Data ss:Type="Number">0</Data></Cell>
			<Cell><Data ss:Type="String">2023-12-07 16:42:54.930592</Data></Cell>
		</Row>
		<Row>
			<Cell><Data ss:Type="String">50</Data></Cell>
			<Cell><Data ss:Type="Number">0.39</Data></Cell>
			<Cell><Data ss:Type="Number">-10.01</Data></Cell>
			<Cell><Data ss:Type="Number">0.12</Data></Cell>
			<Cell><Data ss:Type="Number">-9.56</Data></Cell>
			<Cell><Data ss:Type="Number">-0.09</Data></Cell>
			<Cell><Data ss:Type="Number">-0.86</Data></Cell>
			<Cell><Data ss:Type="Number">22.8</Data></Cell>
			<Cell><Data ss:Type="Number">39.8</Data></Cell>
			<Cell><Data ss:Type="Number">0</Data></Cell>
			<Cell><Data ss:Type="Number">0</Data></Cell>
			<Cell><Data ss:Type="String">2023-12-07 16:42:54.927991</Data></Cell>
		</Row>
		<Row>
			<Cell><Data ss:Type="String">49</Data></Cell>
			<Cell><Data ss:Type="Number">-0.15</Data></Cell>
			<Cell><Data ss:Type="Number">-10.08</Data></Cell>
			<Cell><Data ss:Type="Number">0.25</Data></Cell>
			<Cell><Data ss:Type="Number">-9.4</Data></Cell>
			<Cell><Data ss:Type="Number">-0.05</Data></Cell>
			<Cell><Data ss:Type="Number">-0.86</Data></Cell>
			<Cell><Data ss:Type="Number">22.8</Data></Cell>
			<Cell><Data ss:Type="Number">39.8</Data></Cell>
			<Cell><Data ss:Type="Number">0</Data></Cell>
			<Cell><Data ss:Type="Number">0</Data></Cell>
			<Cell><Data ss:Type="String">2023-12-07 16:42:54.881548</Data></Cell>
		</Row>
		<Row>
			<Cell><Data ss:Type="String">48</Data></Cell>
			<Cell><Data ss:Type="Number">0.16</Data></Cell>
			<Cell><Data ss:Type="Number">-10.07</Data></Cell>
			<Cell><Data ss:Type="Number">0.3</Data></Cell>
			<Cell><Data ss:Type="Number">-9.38</Data></Cell>
			<Cell><Data ss:Type="Number">-0.12</Data></Cell>
			<Cell><Data ss:Type="Number">-0.95</Data></Cell>
			<Cell><Data ss:Type="Number">22.8</Data></Cell>
			<Cell><Data ss:Type="Number">39.8</Data></Cell>
			<Cell><Data ss:Type="Number">0</Data></Cell>
			<Cell><Data ss:Type="Number">0</Data></Cell>
			<Cell><Data ss:Type="String">2023-12-07 16:42:54.849312</Data></Cell>
		</Row>
		<Row>
			<Cell><Data ss:Type="String">47</Data></Cell>
			<Cell><Data ss:Type="Number">0.27</Data></Cell>
			<Cell><Data ss:Type="Number">-10.33</Data></Cell>
			<Cell><Data ss:Type="Number">-0.44</Data></Cell>
			<Cell><Data ss:Type="Number">-9.4</Data></Cell>
			<Cell><Data ss:Type="Number">0.04</Data></Cell>
			<Cell><Data ss:Type="Number">-0.88</Data></Cell>
			<Cell><Data ss:Type="Number">22.8</Data></Cell>
			<Cell><Data ss:Type="Number">39.8</Data></Cell>
			<Cell><Data ss:Type="Number">0</Data></Cell>
			<Cell><Data ss:Type="Number">0</Data></Cell>
			<Cell><Data ss:Type="String">2023-12-07 16:42:54.847087</Data></Cell>
		</Row>
		<Row>
			<Cell><Data ss:Type="String">46</Data></Cell>
			<Cell><Data ss:Type="Number">0.22</Data></Cell>
			<Cell><Data ss:Type="Number">-9.83</Data></Cell>
			<Cell><Data ss:Type="Number">-0.25</Data></Cell>
			<Cell><Data ss:Type="Number">-9.43</Data></Cell>
			<Cell><Data ss:Type="Number">-0.2</Data></Cell>
			<Cell><Data ss:Type="Number">-0.95</Data></Cell>
			<Cell><Data ss:Type="Number">22.8</Data></Cell>
			<Cell><Data ss:Type="Number">39.8</Data></Cell>
			<Cell><Data ss:Type="Number">0</Data></Cell>
			<Cell><Data ss:Type="Number">0</Data></Cell>
			<Cell><Data ss:Type="String">2023-12-07 16:42:54.844727</Data></Cell>
		</Row>
		<Row>
			<Cell><Data ss:Type="String">45</Data></Cell>
			<Cell><Data ss:Type="Number">-0.08</Data></Cell>
			<Cell><Data ss:Type="Number">-10.54</Data></Cell>
			<Cell><Data ss:Type="Number">0.22</Data></Cell>
			<Cell><Data ss:Type="Number">-9.69</Data></Cell>
			<Cell><Data ss:Type="Number">-0.02</Data></Cell>
			<Cell><Data ss:Type="Number">-0.86</Data></Cell>
			<Cell><Data ss:Type="Number">22.8</Data></Cell>
			<Cell><Data ss:Type="Number">39.8</Data></Cell>
			<Cell><Data ss:Type="Number">0</Data></Cell>
			<Cell><Data ss:Type="Number">0</Data></Cell>
			<Cell><Data ss:Type="String">2023-12-07 16:42:54.842110</Data></Cell>
		</Row>
		<Row>
			<Cell><Data ss:Type="String">44</Data></Cell>
			<Cell><Data ss:Type="Number">0.07</Data></Cell>
			<Cell><Data ss:Type="Number">-10.48</Data></Cell>
			<Cell><Data ss:Type="Number">0.39</Data></Cell>
			<Cell><Data ss:Type="Number">-9.61</Data></Cell>
			<Cell><Data ss:Type="Number">-0.11</Data></Cell>
			<Cell><Data ss:Type="Number">-0.87</Data></Cell>
			<Cell><Data ss:Type="Number">22.8</Data></Cell>
			<Cell><Data ss:Type="Number">39.8</Data></Cell>
			<Cell><Data ss:Type="Number">0</Data></Cell>
			<Cell><Data ss:Type="Number">0</Data></Cell>
			<Cell><Data ss:Type="String">2023-12-07 16:42:54.840262</Data></Cell>
		</Row>
		<Row>
			<Cell><Data ss:Type="String">43</Data></Cell>
			<Cell><Data ss:Type="Number">0.13</Data></Cell>
			<Cell><Data ss:Type="Number">-10.53</Data></Cell>
			<Cell><Data ss:Type="Number">0.16</Data></Cell>
			<Cell><Data ss:Type="Number">-9.45</Data></Cell>
			<Cell><Data ss:Type="Number">-0.04</Data></Cell>
			<Cell><Data ss:Type="Number">-0.89</Data></Cell>
			<Cell><Data ss:Type="Number">22.8</Data></Cell>
			<Cell><Data ss:Type="Number">39.8</Data></Cell>
			<Cell><Data ss:Type="Number">0</Data></Cell>
			<Cell><Data ss:Type="Number">0</Data></Cell>
			<Cell><Data ss:Type="String">2023-12-07 16:42:54.838657</Data></Cell>
		</Row>
		<Row>
			<Cell><Data ss:Type="String">42</Data></Cell>
			<Cell><Data ss:Type="Number">-0.07</Data></Cell>
			<Cell><Data ss:Type="Number">-9.94</Data></Cell>
			<Cell><Data ss:Type="Number">-0.08</Data></Cell>
			<Cell><Data ss:Type="Number">-9.43</Data></Cell>
			<Cell><Data ss:Type="Number">0.06</Data></Cell>
			<Cell><Data ss:Type="Number">-0.89</Data></Cell>
			<Cell><Data ss:Type="Number">22.8</Data></Cell>
			<Cell><Data ss:Type="Number">39.8</Data></Cell>
			<Cell><Data ss:Type="Number">0</Data></Cell>
			<Cell><Data ss:Type="Number">0</Data></Cell>
			<Cell><Data ss:Type="String">2023-12-07 16:42:54.836783</Data></Cell>
		</Row>
		<Row>
			<Cell><Data ss:Type="String">41</Data></Cell>
			<Cell><Data ss:Type="Number">1.04</Data></Cell>
			<Cell><Data ss:Type="Number">-10.29</Data></Cell>
			<Cell><Data ss:Type="Number">0.25</Data></Cell>
			<Cell><Data ss:Type="Number">-9.76</Data></Cell>
			<Cell><Data ss:Type="Number">-0.03</Data></Cell>
			<Cell><Data ss:Type="Number">-0.95</Data></Cell>
			<Cell><Data ss:Type="Number">22.8</Data></Cell>
			<Cell><Data ss:Type="Number">39.8</Data></Cell>
			<Cell><Data ss:Type="Number">0</Data></Cell>
			<Cell><Data ss:Type="Number">0</Data></Cell>
			<Cell><Data ss:Type="String">2023-12-07 16:42:54.805633</Data></Cell>
		</Row>
		<Row>
			<Cell><Data ss:Type="String">40</Data></Cell>
			<Cell><Data ss:Type="Number">1.19</Data></Cell>
			<Cell><Data ss:Type="Number">-10.1</Data></Cell>
			<Cell><Data ss:Type="Number">0.27</Data></Cell>
			<Cell><Data ss:Type="Number">-9.45</Data></Cell>
			<Cell><Data ss:Type="Number">-0.25</Data></Cell>
			<Cell><Data ss:Type="Number">-0.83</Data></Cell>
			<Cell><Data ss:Type="Number">22.8</Data></Cell>
			<Cell><Data ss:Type="Number">39.8</Data></Cell>
			<Cell><Data ss:Type="Number">0</Data></Cell>
			<Cell><Data ss:Type="Number">0</Data></Cell>
			<Cell><Data ss:Type="String">2023-12-07 16:42:54.564117</Data></Cell>
		</Row>
		<Row>
			<Cell><Data ss:Type="String">39</Data></Cell>
			<Cell><Data ss:Type="Number">0.71</Data></Cell>
			<Cell><Data ss:Type="Number">-10.47</Data></Cell>
			<Cell><Data ss:Type="Number">0.32</Data></Cell>
			<Cell><Data ss:Type="Number">-9.53</Data></Cell>
			<Cell><Data ss:Type="Number">-0.1</Data></Cell>
			<Cell><Data ss:Type="Number">-0.85</Data></Cell>
			<Cell><Data ss:Type="Number">22.8</Data></Cell>
			<Cell><Data ss:Type="Number">39.8</Data></Cell>
			<Cell><Data ss:Type="Number">0</Data></Cell>
			<Cell><Data ss:Type="Number">0</Data></Cell>
			<Cell><Data ss:Type="String">2023-12-07 16:42:54.561875</Data></Cell>
		</Row>
		<Row>
			<Cell><Data ss:Type="String">38</Data></Cell>
			<Cell><Data ss:Type="Number">0.29</Data></Cell>
			<Cell><Data ss:Type="Number">-10.01</Data></Cell>
			<Cell><Data ss:Type="Number">-0.31</Data></Cell>
			<Cell><Data ss:Type="Number">-9.53</Data></Cell>
			<Cell><Data ss:Type="Number">0.32</Data></Cell>
			<Cell><Data ss:Type="Number">-0.98</Data></Cell>
			<Cell><Data ss:Type="Number">22.8</Data></Cell>
			<Cell><Data ss:Type="Number">39.8</Data></Cell>
			<Cell><Data ss:Type="Number">0</Data></Cell>
			<Cell><Data ss:Type="Number">0</Data></Cell>
			<Cell><Data ss:Type="String">2023-12-07 16:42:54.513401</Data></Cell>
		</Row>
		<Row>
			<Cell><Data ss:Type="String">37</Data></Cell>
			<Cell><Data ss:Type="Number">0.19</Data></Cell>
			<Cell><Data ss:Type="Number">-9.72</Data></Cell>
			<Cell><Data ss:Type="Number">0.34</Data></Cell>
			<Cell><Data ss:Type="Number">-9.36</Data></Cell>
			<Cell><Data ss:Type="Number">-0.07</Data></Cell>
			<Cell><Data ss:Type="Number">-0.84</Data></Cell>
			<Cell><Data ss:Type="Number">22.8</Data></Cell>
			<Cell><Data ss:Type="Number">39.8</Data></Cell>
			<Cell><Data ss:Type="Number">0</Data></Cell>
			<Cell><Data ss:Type="Number">0</Data></Cell>
			<Cell><Data ss:Type="String">2023-12-07 16:42:54.468443</Data></Cell>
		</Row>
		<Row>
			<Cell><Data ss:Type="String">36</Data></Cell>
			<Cell><Data ss:Type="Number">2.1</Data></Cell>
			<Cell><Data ss:Type="Number">-9.58</Data></Cell>
			<Cell><Data ss:Type="Number">0.73</Data></Cell>
			<Cell><Data ss:Type="Number">-9.58</Data></Cell>
			<Cell><Data ss:Type="Number">-0.53</Data></Cell>
			<Cell><Data ss:Type="Number">-0.94</Data></Cell>
			<Cell><Data ss:Type="Number">22.8</Data></Cell>
			<Cell><Data ss:Type="Number">39.8</Data></Cell>
			<Cell><Data ss:Type="Number">0</Data></Cell>
			<Cell><Data ss:Type="Number">0</Data></Cell>
			<Cell><Data ss:Type="String">2023-12-07 16:42:54.466350</Data></Cell>
		</Row>
		<Row>
			<Cell><Data ss:Type="String">35</Data></Cell>
			<Cell><Data ss:Type="Number">1</Data></Cell>
			<Cell><Data ss:Type="Number">-9.89</Data></Cell>
			<Cell><Data ss:Type="Number">1.19</Data></Cell>
			<Cell><Data ss:Type="Number">-9.4</Data></Cell>
			<Cell><Data ss:Type="Number">-0.85</Data></Cell>
			<Cell><Data ss:Type="Number">-0.64</Data></Cell>
			<Cell><Data ss:Type="Number">22.8</Data></Cell>
			<Cell><Data ss:Type="Number">39.8</Data></Cell>
			<Cell><Data ss:Type="Number">0</Data></Cell>
			<Cell><Data ss:Type="Number">0</Data></Cell>
			<Cell><Data ss:Type="String">2023-12-07 16:42:54.420587</Data></Cell>
		</Row>
		<Row>
			<Cell><Data ss:Type="String">34</Data></Cell>
			<Cell><Data ss:Type="Number">-1.24</Data></Cell>
			<Cell><Data ss:Type="Number">-10.54</Data></Cell>
			<Cell><Data ss:Type="Number">-1.68</Data></Cell>
			<Cell><Data ss:Type="Number">-9.62</Data></Cell>
			<Cell><Data ss:Type="Number">0.47</Data></Cell>
			<Cell><Data ss:Type="Number">-1.2</Data></Cell>
			<Cell><Data ss:Type="Number">22.8</Data></Cell>
			<Cell><Data ss:Type="Number">39.8</Data></Cell>
			<Cell><Data ss:Type="Number">0</Data></Cell>
			<Cell><Data ss:Type="Number">0</Data></Cell>
			<Cell><Data ss:Type="String">2023-12-07 16:42:54.374187</Data></Cell>
		</Row>
		<Row>
			<Cell><Data ss:Type="String">33</Data></Cell>
			<Cell><Data ss:Type="Number">1.08</Data></Cell>
			<Cell><Data ss:Type="Number">-8.61</Data></Cell>
			<Cell><Data ss:Type="Number">0.57</Data></Cell>
			<Cell><Data ss:Type="Number">-7.6</Data></Cell>
			<Cell><Data ss:Type="Number">1.71</Data></Cell>
			<Cell><Data ss:Type="Number">-1.47</Data></Cell>
			<Cell><Data ss:Type="Number">22.8</Data></Cell>
			<Cell><Data ss:Type="Number">39.8</Data></Cell>
			<Cell><Data ss:Type="Number">0</Data></Cell>
			<Cell><Data ss:Type="Number">0</Data></Cell>
			<Cell><Data ss:Type="String">2023-12-07 16:42:54.331443</Data></Cell>
		</Row>
		<Row>
			<Cell><Data ss:Type="String">32</Data></Cell>
			<Cell><Data ss:Type="Number">0.36</Data></Cell>
			<Cell><Data ss:Type="Number">-9.98</Data></Cell>
			<Cell><Data ss:Type="Number">0.13</Data></Cell>
			<Cell><Data ss:Type="Number">-9.47</Data></Cell>
			<Cell><Data ss:Type="Number">-0.08</Data></Cell>
			<Cell><Data ss:Type="Number">-0.92</Data></Cell>
			<Cell><Data ss:Type="Number">22.8</Data></Cell>
			<Cell><Data ss:Type="Number">39.8</Data></Cell>
			<Cell><Data ss:Type="Number">0</Data></Cell>
			<Cell><Data ss:Type="Number">0</Data></Cell>
			<Cell><Data ss:Type="String">2023-12-07 16:42:54.329057</Data></Cell>
		</Row>
		<Row>
			<Cell><Data ss:Type="String">31</Data></Cell>
			<Cell><Data ss:Type="Number">0.32</Data></Cell>
			<Cell><Data ss:Type="Number">-10.2</Data></Cell>
			<Cell><Data ss:Type="Number">0.2</Data></Cell>
			<Cell><Data ss:Type="Number">-9.54</Data></Cell>
			<Cell><Data ss:Type="Number">-0.08</Data></Cell>
			<Cell><Data ss:Type="Number">-0.88</Data></Cell>
			<Cell><Data ss:Type="Number">22.8</Data></Cell>
			<Cell><Data ss:Type="Number">39.8</Data></Cell>
			<Cell><Data ss:Type="Number">0</Data></Cell>
			<Cell><Data ss:Type="Number">0</Data></Cell>
			<Cell><Data ss:Type="String">2023-12-07 16:42:54.282290</Data></Cell>
		</Row>
		<Row>
			<Cell><Data ss:Type="String">30</Data></Cell>
			<Cell><Data ss:Type="Number">0.3</Data></Cell>
			<Cell><Data ss:Type="Number">-10.27</Data></Cell>
			<Cell><Data ss:Type="Number">0.21</Data></Cell>
			<Cell><Data ss:Type="Number">-9.56</Data></Cell>
			<Cell><Data ss:Type="Number">-0.06</Data></Cell>
			<Cell><Data ss:Type="Number">-0.89</Data></Cell>
			<Cell><Data ss:Type="Number">22.8</Data></Cell>
			<Cell><Data ss:Type="Number">39.8</Data></Cell>
			<Cell><Data ss:Type="Number">0</Data></Cell>
			<Cell><Data ss:Type="Number">0</Data></Cell>
			<Cell><Data ss:Type="String">2023-12-07 16:42:54.238824</Data></Cell>
		</Row>
		<Row>
			<Cell><Data ss:Type="String">29</Data></Cell>
			<Cell><Data ss:Type="Number">0.3</Data></Cell>
			<Cell><Data ss:Type="Number">-10</Data></Cell>
			<Cell><Data ss:Type="Number">0.07</Data></Cell>
			<Cell><Data ss:Type="Number">-9.42</Data></Cell>
			<Cell><Data ss:Type="Number">-0.07</Data></Cell>
			<Cell><Data ss:Type="Number">-0.93</Data></Cell>
			<Cell><Data ss:Type="Number">22.8</Data></Cell>
			<Cell><Data ss:Type="Number">39.8</Data></Cell>
			<Cell><Data ss:Type="Number">0</Data></Cell>
			<Cell><Data ss:Type="Number">0</Data></Cell>
			<Cell><Data ss:Type="String">2023-12-07 16:42:54.236621</Data></Cell>
		</Row>
		<Row>
			<Cell><Data ss:Type="String">28</Data></Cell>
			<Cell><Data ss:Type="Number">0.29</Data></Cell>
			<Cell><Data ss:Type="Number">-9.94</Data></Cell>
			<Cell><Data ss:Type="Number">0.13</Data></Cell>
			<Cell><Data ss:Type="Number">-9.43</Data></Cell>
			<Cell><Data ss:Type="Number">-0.07</Data></Cell>
			<Cell><Data ss:Type="Number">-0.91</Data></Cell>
			<Cell><Data ss:Type="Number">22.8</Data></Cell>
			<Cell><Data ss:Type="Number">39.8</Data></Cell>
			<Cell><Data ss:Type="Number">0</Data></Cell>
			<Cell><Data ss:Type="Number">0</Data></Cell>
			<Cell><Data ss:Type="String">2023-12-07 16:42:54.182935</Data></Cell>
		</Row>
		<Row>
			<Cell><Data ss:Type="String">27</Data></Cell>
			<Cell><Data ss:Type="Number">0.31</Data></Cell>
			<Cell><Data ss:Type="Number">-9.99</Data></Cell>
			<Cell><Data ss:Type="Number">0.11</Data></Cell>
			<Cell><Data ss:Type="Number">-9.51</Data></Cell>
			<Cell><Data ss:Type="Number">-0.09</Data></Cell>
			<Cell><Data ss:Type="Number">-0.92</Data></Cell>
			<Cell><Data ss:Type="Number">22.8</Data></Cell>
			<Cell><Data ss:Type="Number">39.8</Data></Cell>
			<Cell><Data ss:Type="Number">0</Data></Cell>
			<Cell><Data ss:Type="Number">0</Data></Cell>
			<Cell><Data ss:Type="String">2023-12-07 16:42:54.180171</Data></Cell>
		</Row>
		<Row>
			<Cell><Data ss:Type="String">26</Data></Cell>
			<Cell><Data ss:Type="Number">0.24</Data></Cell>
			<Cell><Data ss:Type="Number">-10.1</Data></Cell>
			<Cell><Data ss:Type="Number">0.02</Data></Cell>
			<Cell><Data ss:Type="Number">-9.52</Data></Cell>
			<Cell><Data ss:Type="Number">-0.07</Data></Cell>
			<Cell><Data ss:Type="Number">-0.91</Data></Cell>
			<Cell><Data ss:Type="Number">22.8</Data></Cell>
			<Cell><Data ss:Type="Number">39.8</Data></Cell>
			<Cell><Data ss:Type="Number">0</Data></Cell>
			<Cell><Data ss:Type="Number">0</Data></Cell>
			<Cell><Data ss:Type="String">2023-12-07 16:42:54.177849</Data></Cell>
		</Row>
		<Row>
			<Cell><Data ss:Type="String">25</Data></Cell>
			<Cell><Data ss:Type="Number">0.26</Data></Cell>
			<Cell><Data ss:Type="Number">-10.23</Data></Cell>
			<Cell><Data ss:Type="Number">0.18</Data></Cell>
			<Cell><Data ss:Type="Number">-9.53</Data></Cell>
			<Cell><Data ss:Type="Number">-0.07</Data></Cell>
			<Cell><Data ss:Type="Number">-0.87</Data></Cell>
			<Cell><Data ss:Type="Number">22.8</Data></Cell>
			<Cell><Data ss:Type="Number">39.8</Data></Cell>
			<Cell><Data ss:Type="Number">0</Data></Cell>
			<Cell><Data ss:Type="Number">0</Data></Cell>
			<Cell><Data ss:Type="String">2023-12-07 16:42:54.174613</Data></Cell>
		</Row>
		<Row>
			<Cell><Data ss:Type="String">24</Data></Cell>
			<Cell><Data ss:Type="Number">0.27</Data></Cell>
			<Cell><Data ss:Type="Number">-10.06</Data></Cell>
			<Cell><Data ss:Type="Number">0.13</Data></Cell>
			<Cell><Data ss:Type="Number">-9.47</Data></Cell>
			<Cell><Data ss:Type="Number">-0.06</Data></Cell>
			<Cell><Data ss:Type="Number">-0.95</Data></Cell>
			<Cell><Data ss:Type="Number">22.8</Data></Cell>
			<Cell><Data ss:Type="Number">39.8</Data></Cell>
			<Cell><Data ss:Type="Number">0</Data></Cell>
			<Cell><Data ss:Type="Number">0</Data></Cell>
			<Cell><Data ss:Type="String">2023-12-07 16:42:54.172819</Data></Cell>
		</Row>
		<Row>
			<Cell><Data ss:Type="String">23</Data></Cell>
			<Cell><Data ss:Type="Number">0.25</Data></Cell>
			<Cell><Data ss:Type="Number">-10.01</Data></Cell>
			<Cell><Data ss:Type="Number">0.18</Data></Cell>
			<Cell><Data ss:Type="Number">-9.41</Data></Cell>
			<Cell><Data ss:Type="Number">-0.09</Data></Cell>
			<Cell><Data ss:Type="Number">-0.91</Data></Cell>
			<Cell><Data ss:Type="Number">22.8</Data></Cell>
			<Cell><Data ss:Type="Number">39.8</Data></Cell>
			<Cell><Data ss:Type="Number">0</Data></Cell>
			<Cell><Data ss:Type="Number">0</Data></Cell>
			<Cell><Data ss:Type="String">2023-12-07 16:42:54.170836</Data></Cell>
		</Row>
		<Row>
			<Cell><Data ss:Type="String">22</Data></Cell>
			<Cell><Data ss:Type="Number">0.27</Data></Cell>
			<Cell><Data ss:Type="Number">-10.07</Data></Cell>
			<Cell><Data ss:Type="Number">0.11</Data></Cell>
			<Cell><Data ss:Type="Number">-9.52</Data></Cell>
			<Cell><Data ss:Type="Number">-0.08</Data></Cell>
			<Cell><Data ss:Type="Number">-0.9</Data></Cell>
			<Cell><Data ss:Type="Number">22.8</Data></Cell>
			<Cell><Data ss:Type="Number">39.8</Data></Cell>
			<Cell><Data ss:Type="Number">0</Data></Cell>
			<Cell><Data ss:Type="Number">0</Data></Cell>
			<Cell><Data ss:Type="String">2023-12-07 16:42:54.169195</Data></Cell>
		</Row>
		<Row>
			<Cell><Data ss:Type="String">21</Data></Cell>
			<Cell><Data ss:Type="Number">0.34</Data></Cell>
			<Cell><Data ss:Type="Number">-10.17</Data></Cell>
			<Cell><Data ss:Type="Number">0.19</Data></Cell>
			<Cell><Data ss:Type="Number">-9.54</Data></Cell>
			<Cell><Data ss:Type="Number">-0.07</Data></Cell>
			<Cell><Data ss:Type="Number">-0.9</Data></Cell>
			<Cell><Data ss:Type="Number">22.8</Data></Cell>
			<Cell><Data ss:Type="Number">39.8</Data></Cell>
			<Cell><Data ss:Type="Number">0</Data></Cell>
			<Cell><Data ss:Type="Number">0</Data></Cell>
			<Cell><Data ss:Type="String">2023-12-07 16:42:53.933048</Data></Cell>
		</Row>
		<Row>
			<Cell><Data ss:Type="String">20</Data></Cell>
			<Cell><Data ss:Type="Number">0.26</Data></Cell>
			<Cell><Data ss:Type="Number">-10.09</Data></Cell>
			<Cell><Data ss:Type="Number">0.16</Data></Cell>
			<Cell><Data ss:Type="Number">-9.47</Data></Cell>
			<Cell><Data ss:Type="Number">-0.09</Data></Cell>
			<Cell><Data ss:Type="Number">-0.87</Data></Cell>
			<Cell><Data ss:Type="Number">22.8</Data></Cell>
			<Cell><Data ss:Type="Number">39.8</Data></Cell>
			<Cell><Data ss:Type="Number">0</Data></Cell>
			<Cell><Data ss:Type="Number">0</Data></Cell>
			<Cell><Data ss:Type="String">2023-12-07 16:42:53.930922</Data></Cell>
		</Row>
		<Row>
			<Cell><Data ss:Type="String">19</Data></Cell>
			<Cell><Data ss:Type="Number">0.27</Data></Cell>
			<Cell><Data ss:Type="Number">-9.95</Data></Cell>
			<Cell><Data ss:Type="Number">0.08</Data></Cell>
			<Cell><Data ss:Type="Number">-9.44</Data></Cell>
			<Cell><Data ss:Type="Number">-0.07</Data></Cell>
			<Cell><Data ss:Type="Number">-0.92</Data></Cell>
			<Cell><Data ss:Type="Number">22.8</Data></Cell>
			<Cell><Data ss:Type="Number">39.8</Data></Cell>
			<Cell><Data ss:Type="Number">0</Data></Cell>
			<Cell><Data ss:Type="Number">0</Data></Cell>
			<Cell><Data ss:Type="String">2023-12-07 16:42:53.884576</Data></Cell>
		</Row>
		<Row>
			<Cell><Data ss:Type="String">18</Data></Cell>
			<Cell><Data ss:Type="Number">0.27</Data></Cell>
			<Cell><Data ss:Type="Number">-10.05</Data></Cell>
			<Cell><Data ss:Type="Number">0.09</Data></Cell>
			<Cell><Data ss:Type="Number">-9.45</Data></Cell>
			<Cell><Data ss:Type="Number">-0.08</Data></Cell>
			<Cell><Data ss:Type="Number">-0.93</Data></Cell>
			<Cell><Data ss:Type="Number">22.8</Data></Cell>
			<Cell><Data ss:Type="Number">39.8</Data></Cell>
			<Cell><Data ss:Type="Number">0</Data></Cell>
			<Cell><Data ss:Type="Number">0</Data></Cell>
			<Cell><Data ss:Type="String">2023-12-07 16:42:53.841266</Data></Cell>
		</Row>
		<Row>
			<Cell><Data ss:Type="String">17</Data></Cell>
			<Cell><Data ss:Type="Number">0.25</Data></Cell>
			<Cell><Data ss:Type="Number">-10.15</Data></Cell>
			<Cell><Data ss:Type="Number">0.07</Data></Cell>
			<Cell><Data ss:Type="Number">-9.55</Data></Cell>
			<Cell><Data ss:Type="Number">-0.08</Data></Cell>
			<Cell><Data ss:Type="Number">-0.92</Data></Cell>
			<Cell><Data ss:Type="Number">22.8</Data></Cell>
			<Cell><Data ss:Type="Number">39.8</Data></Cell>
			<Cell><Data ss:Type="Number">0</Data></Cell>
			<Cell><Data ss:Type="Number">0</Data></Cell>
			<Cell><Data ss:Type="String">2023-12-07 16:42:53.839434</Data></Cell>
		</Row>
		<Row>
			<Cell><Data ss:Type="String">16</Data></Cell>
			<Cell><Data ss:Type="Number">0.26</Data></Cell>
			<Cell><Data ss:Type="Number">-10.09</Data></Cell>
			<Cell><Data ss:Type="Number">0.17</Data></Cell>
			<Cell><Data ss:Type="Number">-9.46</Data></Cell>
			<Cell><Data ss:Type="Number">-0.06</Data></Cell>
			<Cell><Data ss:Type="Number">-0.91</Data></Cell>
			<Cell><Data ss:Type="Number">22.8</Data></Cell>
			<Cell><Data ss:Type="Number">39.8</Data></Cell>
			<Cell><Data ss:Type="Number">0</Data></Cell>
			<Cell><Data ss:Type="Number">0</Data></Cell>
			<Cell><Data ss:Type="String">2023-12-07 16:42:53.782332</Data></Cell>
		</Row>
		<Row>
			<Cell><Data ss:Type="String">15</Data></Cell>
			<Cell><Data ss:Type="Number">0.32</Data></Cell>
			<Cell><Data ss:Type="Number">-10.03</Data></Cell>
			<Cell><Data ss:Type="Number">0.18</Data></Cell>
			<Cell><Data ss:Type="Number">-9.44</Data></Cell>
			<Cell><Data ss:Type="Number">-0.08</Data></Cell>
			<Cell><Data ss:Type="Number">-0.9</Data></Cell>
			<Cell><Data ss:Type="Number">22.8</Data></Cell>
			<Cell><Data ss:Type="Number">39.8</Data></Cell>
			<Cell><Data ss:Type="Number">0</Data></Cell>
			<Cell><Data ss:Type="Number">0</Data></Cell>
			<Cell><Data ss:Type="String">2023-12-07 16:42:53.734268</Data></Cell>
		</Row>
		<Row>
			<Cell><Data ss:Type="String">14</Data></Cell>
			<Cell><Data ss:Type="Number">0.26</Data></Cell>
			<Cell><Data ss:Type="Number">-9.89</Data></Cell>
			<Cell><Data ss:Type="Number">0.14</Data></Cell>
			<Cell><Data ss:Type="Number">-9.44</Data></Cell>
			<Cell><Data ss:Type="Number">-0.06</Data></Cell>
			<Cell><Data ss:Type="Number">-0.93</Data></Cell>
			<Cell><Data ss:Type="Number">22.8</Data></Cell>
			<Cell><Data ss:Type="Number">39.8</Data></Cell>
			<Cell><Data ss:Type="Number">0</Data></Cell>
			<Cell><Data ss:Type="Number">0</Data></Cell>
			<Cell><Data ss:Type="String">2023-12-07 16:42:53.732206</Data></Cell>
		</Row>
		<Row>
			<Cell><Data ss:Type="String">13</Data></Cell>
			<Cell><Data ss:Type="Number">0.32</Data></Cell>
			<Cell><Data ss:Type="Number">-10.12</Data></Cell>
			<Cell><Data ss:Type="Number">0.18</Data></Cell>
			<Cell><Data ss:Type="Number">-9.52</Data></Cell>
			<Cell><Data ss:Type="Number">-0.08</Data></Cell>
			<Cell><Data ss:Type="Number">-0.91</Data></Cell>
			<Cell><Data ss:Type="Number">22.8</Data></Cell>
			<Cell><Data ss:Type="Number">39.8</Data></Cell>
			<Cell><Data ss:Type="Number">0</Data></Cell>
			<Cell><Data ss:Type="Number">0</Data></Cell>
			<Cell><Data ss:Type="String">2023-12-07 16:42:53.685167</Data></Cell>
		</Row>
		<Row>
			<Cell><Data ss:Type="String">12</Data></Cell>
			<Cell><Data ss:Type="Number">0.33</Data></Cell>
			<Cell><Data ss:Type="Number">-10.28</Data></Cell>
			<Cell><Data ss:Type="Number">0.19</Data></Cell>
			<Cell><Data ss:Type="Number">-9.56</Data></Cell>
			<Cell><Data ss:Type="Number">-0.08</Data></Cell>
			<Cell><Data ss:Type="Number">-0.9</Data></Cell>
			<Cell><Data ss:Type="Number">22.8</Data></Cell>
			<Cell><Data ss:Type="Number">39.8</Data></Cell>
			<Cell><Data ss:Type="Number">0</Data></Cell>
			<Cell><Data ss:Type="Number">0</Data></Cell>
			<Cell><Data ss:Type="String">2023-12-07 16:42:53.639137</Data></Cell>
		</Row>
		<Row>
			<Cell><Data ss:Type="String">11</Data></Cell>
			<Cell><Data ss:Type="Number">0.29</Data></Cell>
			<Cell><Data ss:Type="Number">-10.07</Data></Cell>
			<Cell><Data ss:Type="Number">0.15</Data></Cell>
			<Cell><Data ss:Type="Number">-9.45</Data></Cell>
			<Cell><Data ss:Type="Number">-0.06</Data></Cell>
			<Cell><Data ss:Type="Number">-0.93</Data></Cell>
			<Cell><Data ss:Type="Number">22.8</Data></Cell>
			<Cell><Data ss:Type="Number">39.8</Data></Cell>
			<Cell><Data ss:Type="Number">0</Data></Cell>
			<Cell><Data ss:Type="Number">0</Data></Cell>
			<Cell><Data ss:Type="String">2023-12-07 16:42:53.590931</Data></Cell>
		</Row>
		<Row>
			<Cell><Data ss:Type="String">10</Data></Cell>
			<Cell><Data ss:Type="Number">0.28</Data></Cell>
			<Cell><Data ss:Type="Number">-10</Data></Cell>
			<Cell><Data ss:Type="Number">0.15</Data></Cell>
			<Cell><Data ss:Type="Number">-9.43</Data></Cell>
			<Cell><Data ss:Type="Number">-0.07</Data></Cell>
			<Cell><Data ss:Type="Number">-0.92</Data></Cell>
			<Cell><Data ss:Type="Number">22.8</Data></Cell>
			<Cell><Data ss:Type="Number">39.8</Data></Cell>
			<Cell><Data ss:Type="Number">0</Data></Cell>
			<Cell><Data ss:Type="Number">0</Data></Cell>
			<Cell><Data ss:Type="String">2023-12-07 16:42:53.586700</Data></Cell>
		</Row>
		<Row>
			<Cell><Data ss:Type="String">9</Data></Cell>
			<Cell><Data ss:Type="Number">0.28</Data></Cell>
			<Cell><Data ss:Type="Number">-9.98</Data></Cell>
			<Cell><Data ss:Type="Number">0.11</Data></Cell>
			<Cell><Data ss:Type="Number">-9.44</Data></Cell>
			<Cell><Data ss:Type="Number">-0.07</Data></Cell>
			<Cell><Data ss:Type="Number">-0.93</Data></Cell>
			<Cell><Data ss:Type="Number">22.8</Data></Cell>
			<Cell><Data ss:Type="Number">39.8</Data></Cell>
			<Cell><Data ss:Type="Number">0</Data></Cell>
			<Cell><Data ss:Type="Number">0</Data></Cell>
			<Cell><Data ss:Type="String">2023-12-07 16:42:53.585103</Data></Cell>
		</Row>
		<Row>
			<Cell><Data ss:Type="String">8</Data></Cell>
			<Cell><Data ss:Type="Number">0.3</Data></Cell>
			<Cell><Data ss:Type="Number">-10.01</Data></Cell>
			<Cell><Data ss:Type="Number">0.12</Data></Cell>
			<Cell><Data ss:Type="Number">-9.48</Data></Cell>
			<Cell><Data ss:Type="Number">-0.09</Data></Cell>
			<Cell><Data ss:Type="Number">-0.89</Data></Cell>
			<Cell><Data ss:Type="Number">22.8</Data></Cell>
			<Cell><Data ss:Type="Number">39.8</Data></Cell>
			<Cell><Data ss:Type="Number">0</Data></Cell>
			<Cell><Data ss:Type="Number">0</Data></Cell>
			<Cell><Data ss:Type="String">2023-12-07 16:42:53.583410</Data></Cell>
		</Row>
		<Row>
			<Cell><Data ss:Type="String">7</Data></Cell>
			<Cell><Data ss:Type="Number">0.28</Data></Cell>
			<Cell><Data ss:Type="Number">-10.13</Data></Cell>
			<Cell><Data ss:Type="Number">0.1</Data></Cell>
			<Cell><Data ss:Type="Number">-9.46</Data></Cell>
			<Cell><Data ss:Type="Number">-0.08</Data></Cell>
			<Cell><Data ss:Type="Number">-0.9</Data></Cell>
			<Cell><Data ss:Type="Number">22.8</Data></Cell>
			<Cell><Data ss:Type="Number">39.8</Data></Cell>
			<Cell><Data ss:Type="Number">0</Data></Cell>
			<Cell><Data ss:Type="Number">0</Data></Cell>
			<Cell><Data ss:Type="String">2023-12-07 16:42:53.581458</Data></Cell>
		</Row>
		<Row>
			<Cell><Data ss:Type="String">6</Data></Cell>
			<Cell><Data ss:Type="Number">0.45</Data></Cell>
			<Cell><Data ss:Type="Number">-9.94</Data></Cell>
			<Cell><Data ss:Type="Number">0.15</Data></Cell>
			<Cell><Data ss:Type="Number">-9.45</Data></Cell>
			<Cell><Data ss:Type="Number">-0.05</Data></Cell>
			<Cell><Data ss:Type="Number">-0.92</Data></Cell>
			<Cell><Data ss:Type="Number">22.8</Data></Cell>
			<Cell><Data ss:Type="Number">39.8</Data></Cell>
			<Cell><Data ss:Type="Number">0</Data></Cell>
			<Cell><Data ss:Type="Number">0</Data></Cell>
			<Cell><Data ss:Type="String">2023-12-07 16:42:53.578682</Data></Cell>
		</Row>
		<Row>
			<Cell><Data ss:Type="String">5</Data></Cell>
			<Cell><Data ss:Type="Number">0.27</Data></Cell>
			<Cell><Data ss:Type="Number">-10.21</Data></Cell>
			<Cell><Data ss:Type="Number">0.04</Data></Cell>
			<Cell><Data ss:Type="Number">-9.51</Data></Cell>
			<Cell><Data ss:Type="Number">-0.09</Data></Cell>
			<Cell><Data ss:Type="Number">-0.91</Data></Cell>
			<Cell><Data ss:Type="Number">22.8</Data></Cell>
			<Cell><Data ss:Type="Number">39.8</Data></Cell>
			<Cell><Data ss:Type="Number">0</Data></Cell>
			<Cell><Data ss:Type="Number">0</Data></Cell>
			<Cell><Data ss:Type="String">2023-12-07 16:42:53.411924</Data></Cell>
		</Row>
		<Row>
			<Cell><Data ss:Type="String">4</Data></Cell>
			<Cell><Data ss:Type="Number">0.25</Data></Cell>
			<Cell><Data ss:Type="Number">-10.3</Data></Cell>
			<Cell><Data ss:Type="Number">0.19</Data></Cell>
			<Cell><Data ss:Type="Number">-9.56</Data></Cell>
			<Cell><Data ss:Type="Number">-0.07</Data></Cell>
			<Cell><Data ss:Type="Number">-0.88</Data></Cell>
			<Cell><Data ss:Type="Number">22.8</Data></Cell>
			<Cell><Data ss:Type="Number">39.8</Data></Cell>
			<Cell><Data ss:Type="Number">0</Data></Cell>
			<Cell><Data ss:Type="Number">0</Data></Cell>
			<Cell><Data ss:Type="String">2023-12-07 16:42:53.365762</Data></Cell>
		</Row>
		<Row>
			<Cell><Data ss:Type="String">3</Data></Cell>
			<Cell><Data ss:Type="Number">0.27</Data></Cell>
			<Cell><Data ss:Type="Number">-10.07</Data></Cell>
			<Cell><Data ss:Type="Number">0.2</Data></Cell>
			<Cell><Data ss:Type="Number">-9.43</Data></Cell>
			<Cell><Data ss:Type="Number">-0.07</Data></Cell>
			<Cell><Data ss:Type="Number">-0.92</Data></Cell>
			<Cell><Data ss:Type="Number">22.8</Data></Cell>
			<Cell><Data ss:Type="Number">39.8</Data></Cell>
			<Cell><Data ss:Type="Number">0</Data></Cell>
			<Cell><Data ss:Type="Number">0</Data></Cell>
			<Cell><Data ss:Type="String">2023-12-07 16:42:53.363838</Data></Cell>
		</Row>
		<Row>
			<Cell><Data ss:Type="String">2</Data></Cell>
			<Cell><Data ss:Type="Number">0.27</Data></Cell>
			<Cell><Data ss:Type="Number">-9.93</Data></Cell>
			<Cell><Data ss:Type="Number">0.11</Data></Cell>
			<Cell><Data ss:Type="Number">-9.44</Data></Cell>
			<Cell><Data ss:Type="Number">-0.06</Data></Cell>
			<Cell><Data ss:Type="Number">-0.9</Data></Cell>
			<Cell><Data ss:Type="Number">22.8</Data></Cell>
			<Cell><Data ss:Type="Number">39.8</Data></Cell>
			<Cell><Data ss:Type="Number">0</Data></Cell>
			<Cell><Data ss:Type="Number">0</Data></Cell>
			<Cell><Data ss:Type="String">2023-12-07 16:42:53.318455</Data></Cell>
		</Row>
		<Row>
			<Cell><Data ss:Type="String">1</Data></Cell>
			<Cell><Data ss:Type="Number">0.29</Data></Cell>
			<Cell><Data ss:Type="Number">-9.99</Data></Cell>
			<Cell><Data ss:Type="Number">0.16</Data></Cell>
			<Cell><Data ss:Type="Number">-9.45</Data></Cell>
			<Cell><Data ss:Type="Number">-0.08</Data></Cell>
			<Cell><Data ss:Type="Number">-0.92</Data></Cell>
			<Cell><Data ss:Type="Number">22.8</Data></Cell>
			<Cell><Data ss:Type="Number">39.8</Data></Cell>
			<Cell><Data ss:Type="Number">0</Data></Cell>
			<Cell><Data ss:Type="Number">0</Data></Cell>
			<Cell><Data ss:Type="String">2023-12-07 16:42:53.271976</Data></Cell>
		</Row>	</Table>
</Worksheet>
</Workbook>
