<?xml version="1.0"?>
<?mso-application progid="Excel.Sheet"?>
<Workbook xmlns="urn:schemas-microsoft-com:office:spreadsheet"
 xmlns:o="urn:schemas-microsoft-com:office:office"
 xmlns:x="urn:schemas-microsoft-com:office:excel"
 xmlns:ss="urn:schemas-microsoft-com:office:spreadsheet"
 xmlns:html="http://www.w3.org/TR/REC-html40">
 <DocumentProperties xmlns="urn:schemas-microsoft-com:office:office">
  <LastAuthor>TÃ¡ssio Neves</LastAuthor>
  <LastSaved>2023-12-07T15:03:55Z</LastSaved>
  <Version>16.00</Version>
 </DocumentProperties>
 <OfficeDocumentSettings xmlns="urn:schemas-microsoft-com:office:office">
  <AllowPNG/>
 </OfficeDocumentSettings>
 <ExcelWorkbook xmlns="urn:schemas-microsoft-com:office:excel">
  <WindowHeight>8676</WindowHeight>
  <WindowWidth>23040</WindowWidth>
  <WindowTopX>32767</WindowTopX>
  <WindowTopY>32767</WindowTopY>
  <ProtectStructure>False</ProtectStructure>
  <ProtectWindows>False</ProtectWindows>
 </ExcelWorkbook>
 <Styles>
  <Style ss:ID="Default" ss:Name="Normal">
   <Alignment ss:Vertical="Bottom"/>
   <Borders/>
   <Font ss:FontName="Calibri" x:Family="Swiss" ss:Size="11" ss:Color="#000000"/>
   <Interior/>
   <NumberFormat/>
   <Protection/>
  </Style>
 </Styles>
 <Worksheet ss:Name="Table1">
  <Table ss:ExpandedColumnCount="12" ss:ExpandedRowCount="825" x:FullColumns="1"
   x:FullRows="1" ss:DefaultRowHeight="14.4">
   <Column ss:AutoFitWidth="0" ss:Width="109.8"/>
   <Column ss:Index="12" ss:AutoFitWidth="0" ss:Width="109.8"/>
   <Row>
    <Cell><Data ss:Type="String">ID</Data></Cell>
    <Cell><Data ss:Type="String">acc_1_x</Data></Cell>
    <Cell><Data ss:Type="String">acc_1_y</Data></Cell>
    <Cell><Data ss:Type="String">acc_1_z</Data></Cell>
    <Cell><Data ss:Type="String">acc_2_x</Data></Cell>
    <Cell><Data ss:Type="String">acc_2_y</Data></Cell>
    <Cell><Data ss:Type="String">acc_2_z</Data></Cell>
    <Cell><Data ss:Type="String">lastTemp</Data></Cell>
    <Cell><Data ss:Type="String">lastHum</Data></Cell>
    <Cell><Data ss:Type="String">tempKistler1</Data></Cell>
    <Cell><Data ss:Type="String">data_10</Data></Cell>
    <Cell><Data ss:Type="String">date</Data></Cell>
   </Row>
   <Row>
    <Cell><Data ss:Type="String">824</Data></Cell>
    <Cell><Data ss:Type="Number">0.31</Data></Cell>
    <Cell><Data ss:Type="Number">-10.09</Data></Cell>
    <Cell><Data ss:Type="Number">0.17</Data></Cell>
    <Cell><Data ss:Type="Number">-9.5500000000000007</Data></Cell>
    <Cell><Data ss:Type="Number">-7.0000000000000007E-2</Data></Cell>
    <Cell><Data ss:Type="Number">-0.89</Data></Cell>
    <Cell><Data ss:Type="Number">21.9</Data></Cell>
    <Cell><Data ss:Type="Number">40.4</Data></Cell>
    <Cell><Data ss:Type="Number">0</Data></Cell>
    <Cell><Data ss:Type="Number">0</Data></Cell>
    <Cell><Data ss:Type="String">2023-12-07 15:37:10.920945</Data></Cell>
   </Row>
   <Row>
    <Cell><Data ss:Type="String">823</Data></Cell>
    <Cell><Data ss:Type="Number">0.26</Data></Cell>
    <Cell><Data ss:Type="Number">-10.24</Data></Cell>
    <Cell><Data ss:Type="Number">0.18</Data></Cell>
    <Cell><Data ss:Type="Number">-9.5299999999999994</Data></Cell>
    <Cell><Data ss:Type="Number">-0.08</Data></Cell>
    <Cell><Data ss:Type="Number">-0.89</Data></Cell>
    <Cell><Data ss:Type="Number">21.9</Data></Cell>
    <Cell><Data ss:Type="Number">40.4</Data></Cell>
    <Cell><Data ss:Type="Number">0</Data></Cell>
    <Cell><Data ss:Type="Number">0</Data></Cell>
    <Cell><Data ss:Type="String">2023-12-07 15:37:10.918584</Data></Cell>
   </Row>
   <Row>
    <Cell><Data ss:Type="String">822</Data></Cell>
    <Cell><Data ss:Type="Number">0.25</Data></Cell>
    <Cell><Data ss:Type="Number">-10.08</Data></Cell>
    <Cell><Data ss:Type="Number">0.09</Data></Cell>
    <Cell><Data ss:Type="Number">-9.43</Data></Cell>
    <Cell><Data ss:Type="Number">-0.08</Data></Cell>
    <Cell><Data ss:Type="Number">-0.92</Data></Cell>
    <Cell><Data ss:Type="Number">21.9</Data></Cell>
    <Cell><Data ss:Type="Number">40.4</Data></Cell>
    <Cell><Data ss:Type="Number">0</Data></Cell>
    <Cell><Data ss:Type="Number">0</Data></Cell>
    <Cell><Data ss:Type="String">2023-12-07 15:37:10.864528</Data></Cell>
   </Row>
   <Row>
    <Cell><Data ss:Type="String">821</Data></Cell>
    <Cell><Data ss:Type="Number">0.34</Data></Cell>
    <Cell><Data ss:Type="Number">-9.98</Data></Cell>
    <Cell><Data ss:Type="Number">0.11</Data></Cell>
    <Cell><Data ss:Type="Number">-9.42</Data></Cell>
    <Cell><Data ss:Type="Number">-0.06</Data></Cell>
    <Cell><Data ss:Type="Number">-0.91</Data></Cell>
    <Cell><Data ss:Type="Number">21.9</Data></Cell>
    <Cell><Data ss:Type="Number">40.4</Data></Cell>
    <Cell><Data ss:Type="Number">0</Data></Cell>
    <Cell><Data ss:Type="Number">0</Data></Cell>
    <Cell><Data ss:Type="String">2023-12-07 15:37:10.862312</Data></Cell>
   </Row>
   <Row>
    <Cell><Data ss:Type="String">820</Data></Cell>
    <Cell><Data ss:Type="Number">0.26</Data></Cell>
    <Cell><Data ss:Type="Number">-9.92</Data></Cell>
    <Cell><Data ss:Type="Number">0.12</Data></Cell>
    <Cell><Data ss:Type="Number">-9.43</Data></Cell>
    <Cell><Data ss:Type="Number">-0.08</Data></Cell>
    <Cell><Data ss:Type="Number">-0.92</Data></Cell>
    <Cell><Data ss:Type="Number">21.9</Data></Cell>
    <Cell><Data ss:Type="Number">40.4</Data></Cell>
    <Cell><Data ss:Type="Number">0</Data></Cell>
    <Cell><Data ss:Type="Number">0</Data></Cell>
    <Cell><Data ss:Type="String">2023-12-07 15:37:10.859692</Data></Cell>
   </Row>
   <Row>
    <Cell><Data ss:Type="String">819</Data></Cell>
    <Cell><Data ss:Type="Number">0.26</Data></Cell>
    <Cell><Data ss:Type="Number">-9.9499999999999993</Data></Cell>
    <Cell><Data ss:Type="Number">0.16</Data></Cell>
    <Cell><Data ss:Type="Number">-9.48</Data></Cell>
    <Cell><Data ss:Type="Number">-0.06</Data></Cell>
    <Cell><Data ss:Type="Number">-0.91</Data></Cell>
    <Cell><Data ss:Type="Number">21.9</Data></Cell>
    <Cell><Data ss:Type="Number">40.4</Data></Cell>
    <Cell><Data ss:Type="Number">0</Data></Cell>
    <Cell><Data ss:Type="Number">0</Data></Cell>
    <Cell><Data ss:Type="String">2023-12-07 15:37:10.857096</Data></Cell>
   </Row>
   <Row>
    <Cell><Data ss:Type="String">818</Data></Cell>
    <Cell><Data ss:Type="Number">0.27</Data></Cell>
    <Cell><Data ss:Type="Number">-10.09</Data></Cell>
    <Cell><Data ss:Type="Number">0.16</Data></Cell>
    <Cell><Data ss:Type="Number">-9.5399999999999991</Data></Cell>
    <Cell><Data ss:Type="Number">-0.09</Data></Cell>
    <Cell><Data ss:Type="Number">-0.88</Data></Cell>
    <Cell><Data ss:Type="Number">21.9</Data></Cell>
    <Cell><Data ss:Type="Number">40.4</Data></Cell>
    <Cell><Data ss:Type="Number">0</Data></Cell>
    <Cell><Data ss:Type="Number">0</Data></Cell>
    <Cell><Data ss:Type="String">2023-12-07 15:37:10.854680</Data></Cell>
   </Row>
   <Row>
    <Cell><Data ss:Type="String">817</Data></Cell>
    <Cell><Data ss:Type="Number">0.26</Data></Cell>
    <Cell><Data ss:Type="Number">-10.210000000000001</Data></Cell>
    <Cell><Data ss:Type="Number">0.06</Data></Cell>
    <Cell><Data ss:Type="Number">-9.5399999999999991</Data></Cell>
    <Cell><Data ss:Type="Number">-0.05</Data></Cell>
    <Cell><Data ss:Type="Number">-0.9</Data></Cell>
    <Cell><Data ss:Type="Number">21.9</Data></Cell>
    <Cell><Data ss:Type="Number">40.4</Data></Cell>
    <Cell><Data ss:Type="Number">0</Data></Cell>
    <Cell><Data ss:Type="Number">0</Data></Cell>
    <Cell><Data ss:Type="String">2023-12-07 15:37:10.852920</Data></Cell>
   </Row>
   <Row>
    <Cell><Data ss:Type="String">816</Data></Cell>
    <Cell><Data ss:Type="Number">0.28999999999999998</Data></Cell>
    <Cell><Data ss:Type="Number">-10.16</Data></Cell>
    <Cell><Data ss:Type="Number">0.17</Data></Cell>
    <Cell><Data ss:Type="Number">-9.49</Data></Cell>
    <Cell><Data ss:Type="Number">-0.09</Data></Cell>
    <Cell><Data ss:Type="Number">-0.89</Data></Cell>
    <Cell><Data ss:Type="Number">21.9</Data></Cell>
    <Cell><Data ss:Type="Number">40.4</Data></Cell>
    <Cell><Data ss:Type="Number">0</Data></Cell>
    <Cell><Data ss:Type="Number">0</Data></Cell>
    <Cell><Data ss:Type="String">2023-12-07 15:37:10.850866</Data></Cell>
   </Row>
   <Row>
    <Cell><Data ss:Type="String">815</Data></Cell>
    <Cell><Data ss:Type="Number">0.27</Data></Cell>
    <Cell><Data ss:Type="Number">-9.9700000000000006</Data></Cell>
    <Cell><Data ss:Type="Number">0.15</Data></Cell>
    <Cell><Data ss:Type="Number">-9.43</Data></Cell>
    <Cell><Data ss:Type="Number">-0.08</Data></Cell>
    <Cell><Data ss:Type="Number">-0.91</Data></Cell>
    <Cell><Data ss:Type="Number">21.9</Data></Cell>
    <Cell><Data ss:Type="Number">40.4</Data></Cell>
    <Cell><Data ss:Type="Number">0</Data></Cell>
    <Cell><Data ss:Type="Number">0</Data></Cell>
    <Cell><Data ss:Type="String">2023-12-07 15:37:10.629709</Data></Cell>
   </Row>
   <Row>
    <Cell><Data ss:Type="String">814</Data></Cell>
    <Cell><Data ss:Type="Number">0.28000000000000003</Data></Cell>
    <Cell><Data ss:Type="Number">-10.039999999999999</Data></Cell>
    <Cell><Data ss:Type="Number">0.13</Data></Cell>
    <Cell><Data ss:Type="Number">-9.48</Data></Cell>
    <Cell><Data ss:Type="Number">-7.0000000000000007E-2</Data></Cell>
    <Cell><Data ss:Type="Number">-0.91</Data></Cell>
    <Cell><Data ss:Type="Number">21.9</Data></Cell>
    <Cell><Data ss:Type="Number">40.4</Data></Cell>
    <Cell><Data ss:Type="Number">0</Data></Cell>
    <Cell><Data ss:Type="Number">0</Data></Cell>
    <Cell><Data ss:Type="String">2023-12-07 15:37:10.627032</Data></Cell>
   </Row>
   <Row>
    <Cell><Data ss:Type="String">813</Data></Cell>
    <Cell><Data ss:Type="Number">0.3</Data></Cell>
    <Cell><Data ss:Type="Number">-10.19</Data></Cell>
    <Cell><Data ss:Type="Number">0.04</Data></Cell>
    <Cell><Data ss:Type="Number">-9.52</Data></Cell>
    <Cell><Data ss:Type="Number">-0.1</Data></Cell>
    <Cell><Data ss:Type="Number">-0.86</Data></Cell>
    <Cell><Data ss:Type="Number">21.9</Data></Cell>
    <Cell><Data ss:Type="Number">40.4</Data></Cell>
    <Cell><Data ss:Type="Number">0</Data></Cell>
    <Cell><Data ss:Type="Number">0</Data></Cell>
    <Cell><Data ss:Type="String">2023-12-07 15:37:10.570491</Data></Cell>
   </Row>
   <Row>
    <Cell><Data ss:Type="String">812</Data></Cell>
    <Cell><Data ss:Type="Number">0.28999999999999998</Data></Cell>
    <Cell><Data ss:Type="Number">-10.1</Data></Cell>
    <Cell><Data ss:Type="Number">0.13</Data></Cell>
    <Cell><Data ss:Type="Number">-9.5</Data></Cell>
    <Cell><Data ss:Type="Number">-7.0000000000000007E-2</Data></Cell>
    <Cell><Data ss:Type="Number">-0.87</Data></Cell>
    <Cell><Data ss:Type="Number">21.9</Data></Cell>
    <Cell><Data ss:Type="Number">40.4</Data></Cell>
    <Cell><Data ss:Type="Number">0</Data></Cell>
    <Cell><Data ss:Type="Number">0</Data></Cell>
    <Cell><Data ss:Type="String">2023-12-07 15:37:10.568533</Data></Cell>
   </Row>
   <Row>
    <Cell><Data ss:Type="String">811</Data></Cell>
    <Cell><Data ss:Type="Number">0.28000000000000003</Data></Cell>
    <Cell><Data ss:Type="Number">-10.08</Data></Cell>
    <Cell><Data ss:Type="Number">0.16</Data></Cell>
    <Cell><Data ss:Type="Number">-9.4600000000000009</Data></Cell>
    <Cell><Data ss:Type="Number">-0.09</Data></Cell>
    <Cell><Data ss:Type="Number">-0.91</Data></Cell>
    <Cell><Data ss:Type="Number">21.9</Data></Cell>
    <Cell><Data ss:Type="Number">40.4</Data></Cell>
    <Cell><Data ss:Type="Number">0</Data></Cell>
    <Cell><Data ss:Type="Number">0</Data></Cell>
    <Cell><Data ss:Type="String">2023-12-07 15:37:10.566765</Data></Cell>
   </Row>
   <Row>
    <Cell><Data ss:Type="String">810</Data></Cell>
    <Cell><Data ss:Type="Number">0.26</Data></Cell>
    <Cell><Data ss:Type="Number">-9.94</Data></Cell>
    <Cell><Data ss:Type="Number">0.05</Data></Cell>
    <Cell><Data ss:Type="Number">-9.41</Data></Cell>
    <Cell><Data ss:Type="Number">-0.08</Data></Cell>
    <Cell><Data ss:Type="Number">-0.9</Data></Cell>
    <Cell><Data ss:Type="Number">21.9</Data></Cell>
    <Cell><Data ss:Type="Number">40.4</Data></Cell>
    <Cell><Data ss:Type="Number">0</Data></Cell>
    <Cell><Data ss:Type="Number">0</Data></Cell>
    <Cell><Data ss:Type="String">2023-12-07 15:37:10.564879</Data></Cell>
   </Row>
   <Row>
    <Cell><Data ss:Type="String">809</Data></Cell>
    <Cell><Data ss:Type="Number">0.28999999999999998</Data></Cell>
    <Cell><Data ss:Type="Number">-9.9</Data></Cell>
    <Cell><Data ss:Type="Number">0.11</Data></Cell>
    <Cell><Data ss:Type="Number">-9.4700000000000006</Data></Cell>
    <Cell><Data ss:Type="Number">-7.0000000000000007E-2</Data></Cell>
    <Cell><Data ss:Type="Number">-0.87</Data></Cell>
    <Cell><Data ss:Type="Number">21.9</Data></Cell>
    <Cell><Data ss:Type="Number">40.4</Data></Cell>
    <Cell><Data ss:Type="Number">0</Data></Cell>
    <Cell><Data ss:Type="Number">0</Data></Cell>
    <Cell><Data ss:Type="String">2023-12-07 15:37:10.561916</Data></Cell>
   </Row>
   <Row>
    <Cell><Data ss:Type="String">808</Data></Cell>
    <Cell><Data ss:Type="Number">0.35</Data></Cell>
    <Cell><Data ss:Type="Number">-10.09</Data></Cell>
    <Cell><Data ss:Type="Number">0.19</Data></Cell>
    <Cell><Data ss:Type="Number">-9.5399999999999991</Data></Cell>
    <Cell><Data ss:Type="Number">-0.09</Data></Cell>
    <Cell><Data ss:Type="Number">-0.87</Data></Cell>
    <Cell><Data ss:Type="Number">21.9</Data></Cell>
    <Cell><Data ss:Type="Number">40.4</Data></Cell>
    <Cell><Data ss:Type="Number">0</Data></Cell>
    <Cell><Data ss:Type="Number">0</Data></Cell>
    <Cell><Data ss:Type="String">2023-12-07 15:37:10.558835</Data></Cell>
   </Row>
   <Row>
    <Cell><Data ss:Type="String">807</Data></Cell>
    <Cell><Data ss:Type="Number">0.27</Data></Cell>
    <Cell><Data ss:Type="Number">-10.039999999999999</Data></Cell>
    <Cell><Data ss:Type="Number">0.13</Data></Cell>
    <Cell><Data ss:Type="Number">-9.42</Data></Cell>
    <Cell><Data ss:Type="Number">-0.06</Data></Cell>
    <Cell><Data ss:Type="Number">-0.9</Data></Cell>
    <Cell><Data ss:Type="Number">21.9</Data></Cell>
    <Cell><Data ss:Type="Number">40.4</Data></Cell>
    <Cell><Data ss:Type="Number">0</Data></Cell>
    <Cell><Data ss:Type="Number">0</Data></Cell>
    <Cell><Data ss:Type="String">2023-12-07 15:37:10.553652</Data></Cell>
   </Row>
   <Row>
    <Cell><Data ss:Type="String">806</Data></Cell>
    <Cell><Data ss:Type="Number">0.31</Data></Cell>
    <Cell><Data ss:Type="Number">-9.9700000000000006</Data></Cell>
    <Cell><Data ss:Type="Number">0.14000000000000001</Data></Cell>
    <Cell><Data ss:Type="Number">-9.49</Data></Cell>
    <Cell><Data ss:Type="Number">-7.0000000000000007E-2</Data></Cell>
    <Cell><Data ss:Type="Number">-0.89</Data></Cell>
    <Cell><Data ss:Type="Number">21.9</Data></Cell>
    <Cell><Data ss:Type="Number">40.4</Data></Cell>
    <Cell><Data ss:Type="Number">0</Data></Cell>
    <Cell><Data ss:Type="Number">0</Data></Cell>
    <Cell><Data ss:Type="String">2023-12-07 15:37:10.319431</Data></Cell>
   </Row>
   <Row>
    <Cell><Data ss:Type="String">805</Data></Cell>
    <Cell><Data ss:Type="Number">0.36</Data></Cell>
    <Cell><Data ss:Type="Number">-10.039999999999999</Data></Cell>
    <Cell><Data ss:Type="Number">0.13</Data></Cell>
    <Cell><Data ss:Type="Number">-9.5299999999999994</Data></Cell>
    <Cell><Data ss:Type="Number">-0.06</Data></Cell>
    <Cell><Data ss:Type="Number">-0.89</Data></Cell>
    <Cell><Data ss:Type="Number">21.9</Data></Cell>
    <Cell><Data ss:Type="Number">40.4</Data></Cell>
    <Cell><Data ss:Type="Number">0</Data></Cell>
    <Cell><Data ss:Type="Number">0</Data></Cell>
    <Cell><Data ss:Type="String">2023-12-07 15:37:10.312914</Data></Cell>
   </Row>
   <Row>
    <Cell><Data ss:Type="String">804</Data></Cell>
    <Cell><Data ss:Type="Number">0.27</Data></Cell>
    <Cell><Data ss:Type="Number">-10.17</Data></Cell>
    <Cell><Data ss:Type="Number">0.13</Data></Cell>
    <Cell><Data ss:Type="Number">-9.5</Data></Cell>
    <Cell><Data ss:Type="Number">-0.09</Data></Cell>
    <Cell><Data ss:Type="Number">-0.92</Data></Cell>
    <Cell><Data ss:Type="Number">21.9</Data></Cell>
    <Cell><Data ss:Type="Number">40.4</Data></Cell>
    <Cell><Data ss:Type="Number">0</Data></Cell>
    <Cell><Data ss:Type="Number">0</Data></Cell>
    <Cell><Data ss:Type="String">2023-12-07 15:37:10.310649</Data></Cell>
   </Row>
   <Row>
    <Cell><Data ss:Type="String">803</Data></Cell>
    <Cell><Data ss:Type="Number">0.26</Data></Cell>
    <Cell><Data ss:Type="Number">-10.06</Data></Cell>
    <Cell><Data ss:Type="Number">0.13</Data></Cell>
    <Cell><Data ss:Type="Number">-9.49</Data></Cell>
    <Cell><Data ss:Type="Number">-0.1</Data></Cell>
    <Cell><Data ss:Type="Number">-0.91</Data></Cell>
    <Cell><Data ss:Type="Number">21.9</Data></Cell>
    <Cell><Data ss:Type="Number">40.4</Data></Cell>
    <Cell><Data ss:Type="Number">0</Data></Cell>
    <Cell><Data ss:Type="Number">0</Data></Cell>
    <Cell><Data ss:Type="String">2023-12-07 15:37:10.308128</Data></Cell>
   </Row>
   <Row>
    <Cell><Data ss:Type="String">802</Data></Cell>
    <Cell><Data ss:Type="Number">0.28000000000000003</Data></Cell>
    <Cell><Data ss:Type="Number">-9.9499999999999993</Data></Cell>
    <Cell><Data ss:Type="Number">0.11</Data></Cell>
    <Cell><Data ss:Type="Number">-9.42</Data></Cell>
    <Cell><Data ss:Type="Number">-0.06</Data></Cell>
    <Cell><Data ss:Type="Number">-0.92</Data></Cell>
    <Cell><Data ss:Type="Number">21.9</Data></Cell>
    <Cell><Data ss:Type="Number">40.4</Data></Cell>
    <Cell><Data ss:Type="Number">0</Data></Cell>
    <Cell><Data ss:Type="Number">0</Data></Cell>
    <Cell><Data ss:Type="String">2023-12-07 15:37:10.306473</Data></Cell>
   </Row>
   <Row>
    <Cell><Data ss:Type="String">801</Data></Cell>
    <Cell><Data ss:Type="Number">0.34</Data></Cell>
    <Cell><Data ss:Type="Number">-9.89</Data></Cell>
    <Cell><Data ss:Type="Number">0.14000000000000001</Data></Cell>
    <Cell><Data ss:Type="Number">-9.42</Data></Cell>
    <Cell><Data ss:Type="Number">-7.0000000000000007E-2</Data></Cell>
    <Cell><Data ss:Type="Number">-0.94</Data></Cell>
    <Cell><Data ss:Type="Number">21.9</Data></Cell>
    <Cell><Data ss:Type="Number">40.4</Data></Cell>
    <Cell><Data ss:Type="Number">0</Data></Cell>
    <Cell><Data ss:Type="Number">0</Data></Cell>
    <Cell><Data ss:Type="String">2023-12-07 15:37:10.304650</Data></Cell>
   </Row>
   <Row>
    <Cell><Data ss:Type="String">800</Data></Cell>
    <Cell><Data ss:Type="Number">0.27</Data></Cell>
    <Cell><Data ss:Type="Number">-10.15</Data></Cell>
    <Cell><Data ss:Type="Number">0.17</Data></Cell>
    <Cell><Data ss:Type="Number">-9.5299999999999994</Data></Cell>
    <Cell><Data ss:Type="Number">-7.0000000000000007E-2</Data></Cell>
    <Cell><Data ss:Type="Number">-0.92</Data></Cell>
    <Cell><Data ss:Type="Number">21.9</Data></Cell>
    <Cell><Data ss:Type="Number">40.4</Data></Cell>
    <Cell><Data ss:Type="Number">0</Data></Cell>
    <Cell><Data ss:Type="Number">0</Data></Cell>
    <Cell><Data ss:Type="String">2023-12-07 15:37:10.302708</Data></Cell>
   </Row>
   <Row>
    <Cell><Data ss:Type="String">799</Data></Cell>
    <Cell><Data ss:Type="Number">0.35</Data></Cell>
    <Cell><Data ss:Type="Number">-10.29</Data></Cell>
    <Cell><Data ss:Type="Number">0.22</Data></Cell>
    <Cell><Data ss:Type="Number">-9.51</Data></Cell>
    <Cell><Data ss:Type="Number">-7.0000000000000007E-2</Data></Cell>
    <Cell><Data ss:Type="Number">-0.89</Data></Cell>
    <Cell><Data ss:Type="Number">21.9</Data></Cell>
    <Cell><Data ss:Type="Number">40.4</Data></Cell>
    <Cell><Data ss:Type="Number">0</Data></Cell>
    <Cell><Data ss:Type="Number">0</Data></Cell>
    <Cell><Data ss:Type="String">2023-12-07 15:37:10.106983</Data></Cell>
   </Row>
   <Row>
    <Cell><Data ss:Type="String">798</Data></Cell>
    <Cell><Data ss:Type="Number">0.35</Data></Cell>
    <Cell><Data ss:Type="Number">-10.18</Data></Cell>
    <Cell><Data ss:Type="Number">0.15</Data></Cell>
    <Cell><Data ss:Type="Number">-9.5299999999999994</Data></Cell>
    <Cell><Data ss:Type="Number">-0.06</Data></Cell>
    <Cell><Data ss:Type="Number">-0.91</Data></Cell>
    <Cell><Data ss:Type="Number">21.9</Data></Cell>
    <Cell><Data ss:Type="Number">40.4</Data></Cell>
    <Cell><Data ss:Type="Number">0</Data></Cell>
    <Cell><Data ss:Type="Number">0</Data></Cell>
    <Cell><Data ss:Type="String">2023-12-07 15:37:10.040835</Data></Cell>
   </Row>
   <Row>
    <Cell><Data ss:Type="String">797</Data></Cell>
    <Cell><Data ss:Type="Number">0.27</Data></Cell>
    <Cell><Data ss:Type="Number">-10.15</Data></Cell>
    <Cell><Data ss:Type="Number">0.15</Data></Cell>
    <Cell><Data ss:Type="Number">-9.5299999999999994</Data></Cell>
    <Cell><Data ss:Type="Number">-0.09</Data></Cell>
    <Cell><Data ss:Type="Number">-0.89</Data></Cell>
    <Cell><Data ss:Type="Number">21.9</Data></Cell>
    <Cell><Data ss:Type="Number">40.4</Data></Cell>
    <Cell><Data ss:Type="Number">0</Data></Cell>
    <Cell><Data ss:Type="Number">0</Data></Cell>
    <Cell><Data ss:Type="String">2023-12-07 15:37:10.035576</Data></Cell>
   </Row>
   <Row>
    <Cell><Data ss:Type="String">796</Data></Cell>
    <Cell><Data ss:Type="Number">0.27</Data></Cell>
    <Cell><Data ss:Type="Number">-10.02</Data></Cell>
    <Cell><Data ss:Type="Number">0.15</Data></Cell>
    <Cell><Data ss:Type="Number">-9.43</Data></Cell>
    <Cell><Data ss:Type="Number">-0.08</Data></Cell>
    <Cell><Data ss:Type="Number">-0.92</Data></Cell>
    <Cell><Data ss:Type="Number">21.9</Data></Cell>
    <Cell><Data ss:Type="Number">40.4</Data></Cell>
    <Cell><Data ss:Type="Number">0</Data></Cell>
    <Cell><Data ss:Type="Number">0</Data></Cell>
    <Cell><Data ss:Type="String">2023-12-07 15:37:09.991495</Data></Cell>
   </Row>
   <Row>
    <Cell><Data ss:Type="String">795</Data></Cell>
    <Cell><Data ss:Type="Number">0.32</Data></Cell>
    <Cell><Data ss:Type="Number">-9.9499999999999993</Data></Cell>
    <Cell><Data ss:Type="Number">0.15</Data></Cell>
    <Cell><Data ss:Type="Number">-9.42</Data></Cell>
    <Cell><Data ss:Type="Number">-0.08</Data></Cell>
    <Cell><Data ss:Type="Number">-0.95</Data></Cell>
    <Cell><Data ss:Type="Number">21.9</Data></Cell>
    <Cell><Data ss:Type="Number">40.4</Data></Cell>
    <Cell><Data ss:Type="Number">0</Data></Cell>
    <Cell><Data ss:Type="Number">0</Data></Cell>
    <Cell><Data ss:Type="String">2023-12-07 15:37:09.947020</Data></Cell>
   </Row>
   <Row>
    <Cell><Data ss:Type="String">794</Data></Cell>
    <Cell><Data ss:Type="Number">0.34</Data></Cell>
    <Cell><Data ss:Type="Number">-9.9499999999999993</Data></Cell>
    <Cell><Data ss:Type="Number">0.16</Data></Cell>
    <Cell><Data ss:Type="Number">-9.49</Data></Cell>
    <Cell><Data ss:Type="Number">-7.0000000000000007E-2</Data></Cell>
    <Cell><Data ss:Type="Number">-0.9</Data></Cell>
    <Cell><Data ss:Type="Number">21.9</Data></Cell>
    <Cell><Data ss:Type="Number">40.4</Data></Cell>
    <Cell><Data ss:Type="Number">0</Data></Cell>
    <Cell><Data ss:Type="Number">0</Data></Cell>
    <Cell><Data ss:Type="String">2023-12-07 15:37:09.944799</Data></Cell>
   </Row>
   <Row>
    <Cell><Data ss:Type="String">793</Data></Cell>
    <Cell><Data ss:Type="Number">0.26</Data></Cell>
    <Cell><Data ss:Type="Number">-10.16</Data></Cell>
    <Cell><Data ss:Type="Number">0.18</Data></Cell>
    <Cell><Data ss:Type="Number">-9.48</Data></Cell>
    <Cell><Data ss:Type="Number">-7.0000000000000007E-2</Data></Cell>
    <Cell><Data ss:Type="Number">-0.9</Data></Cell>
    <Cell><Data ss:Type="Number">21.9</Data></Cell>
    <Cell><Data ss:Type="Number">40.4</Data></Cell>
    <Cell><Data ss:Type="Number">0</Data></Cell>
    <Cell><Data ss:Type="Number">0</Data></Cell>
    <Cell><Data ss:Type="String">2023-12-07 15:37:09.898915</Data></Cell>
   </Row>
   <Row>
    <Cell><Data ss:Type="String">792</Data></Cell>
    <Cell><Data ss:Type="Number">0.31</Data></Cell>
    <Cell><Data ss:Type="Number">-10.050000000000001</Data></Cell>
    <Cell><Data ss:Type="Number">0.18</Data></Cell>
    <Cell><Data ss:Type="Number">-9.41</Data></Cell>
    <Cell><Data ss:Type="Number">-7.0000000000000007E-2</Data></Cell>
    <Cell><Data ss:Type="Number">-0.92</Data></Cell>
    <Cell><Data ss:Type="Number">21.9</Data></Cell>
    <Cell><Data ss:Type="Number">40.4</Data></Cell>
    <Cell><Data ss:Type="Number">0</Data></Cell>
    <Cell><Data ss:Type="Number">0</Data></Cell>
    <Cell><Data ss:Type="String">2023-12-07 15:37:09.851354</Data></Cell>
   </Row>
   <Row>
    <Cell><Data ss:Type="String">791</Data></Cell>
    <Cell><Data ss:Type="Number">0.26</Data></Cell>
    <Cell><Data ss:Type="Number">-9.9700000000000006</Data></Cell>
    <Cell><Data ss:Type="Number">0.1</Data></Cell>
    <Cell><Data ss:Type="Number">-9.44</Data></Cell>
    <Cell><Data ss:Type="Number">-0.06</Data></Cell>
    <Cell><Data ss:Type="Number">-0.91</Data></Cell>
    <Cell><Data ss:Type="Number">21.9</Data></Cell>
    <Cell><Data ss:Type="Number">40.4</Data></Cell>
    <Cell><Data ss:Type="Number">0</Data></Cell>
    <Cell><Data ss:Type="Number">0</Data></Cell>
    <Cell><Data ss:Type="String">2023-12-07 15:37:09.806895</Data></Cell>
   </Row>
   <Row>
    <Cell><Data ss:Type="String">790</Data></Cell>
    <Cell><Data ss:Type="Number">0.32</Data></Cell>
    <Cell><Data ss:Type="Number">-10.11</Data></Cell>
    <Cell><Data ss:Type="Number">0.17</Data></Cell>
    <Cell><Data ss:Type="Number">-9.5299999999999994</Data></Cell>
    <Cell><Data ss:Type="Number">-0.06</Data></Cell>
    <Cell><Data ss:Type="Number">-0.89</Data></Cell>
    <Cell><Data ss:Type="Number">21.9</Data></Cell>
    <Cell><Data ss:Type="Number">40.4</Data></Cell>
    <Cell><Data ss:Type="Number">0</Data></Cell>
    <Cell><Data ss:Type="Number">0</Data></Cell>
    <Cell><Data ss:Type="String">2023-12-07 15:37:09.805374</Data></Cell>
   </Row>
   <Row>
    <Cell><Data ss:Type="String">789</Data></Cell>
    <Cell><Data ss:Type="Number">0.22</Data></Cell>
    <Cell><Data ss:Type="Number">-10.199999999999999</Data></Cell>
    <Cell><Data ss:Type="Number">0.3</Data></Cell>
    <Cell><Data ss:Type="Number">-9.56</Data></Cell>
    <Cell><Data ss:Type="Number">-0.11</Data></Cell>
    <Cell><Data ss:Type="Number">-0.88</Data></Cell>
    <Cell><Data ss:Type="Number">21.9</Data></Cell>
    <Cell><Data ss:Type="Number">40.4</Data></Cell>
    <Cell><Data ss:Type="Number">0</Data></Cell>
    <Cell><Data ss:Type="Number">0</Data></Cell>
    <Cell><Data ss:Type="String">2023-12-07 15:37:09.760670</Data></Cell>
   </Row>
   <Row>
    <Cell><Data ss:Type="String">788</Data></Cell>
    <Cell><Data ss:Type="Number">0.25</Data></Cell>
    <Cell><Data ss:Type="Number">-10.18</Data></Cell>
    <Cell><Data ss:Type="Number">0.18</Data></Cell>
    <Cell><Data ss:Type="Number">-9.49</Data></Cell>
    <Cell><Data ss:Type="Number">-0.06</Data></Cell>
    <Cell><Data ss:Type="Number">-0.9</Data></Cell>
    <Cell><Data ss:Type="Number">21.9</Data></Cell>
    <Cell><Data ss:Type="Number">40.4</Data></Cell>
    <Cell><Data ss:Type="Number">0</Data></Cell>
    <Cell><Data ss:Type="Number">0</Data></Cell>
    <Cell><Data ss:Type="String">2023-12-07 15:37:09.714816</Data></Cell>
   </Row>
   <Row>
    <Cell><Data ss:Type="String">787</Data></Cell>
    <Cell><Data ss:Type="Number">0.18</Data></Cell>
    <Cell><Data ss:Type="Number">-10</Data></Cell>
    <Cell><Data ss:Type="Number">0.14000000000000001</Data></Cell>
    <Cell><Data ss:Type="Number">-9.42</Data></Cell>
    <Cell><Data ss:Type="Number">-0.08</Data></Cell>
    <Cell><Data ss:Type="Number">-0.88</Data></Cell>
    <Cell><Data ss:Type="Number">21.9</Data></Cell>
    <Cell><Data ss:Type="Number">40.4</Data></Cell>
    <Cell><Data ss:Type="Number">0</Data></Cell>
    <Cell><Data ss:Type="Number">0</Data></Cell>
    <Cell><Data ss:Type="String">2023-12-07 15:37:09.712873</Data></Cell>
   </Row>
   <Row>
    <Cell><Data ss:Type="String">786</Data></Cell>
    <Cell><Data ss:Type="Number">0.26</Data></Cell>
    <Cell><Data ss:Type="Number">-10.06</Data></Cell>
    <Cell><Data ss:Type="Number">0.19</Data></Cell>
    <Cell><Data ss:Type="Number">-9.4600000000000009</Data></Cell>
    <Cell><Data ss:Type="Number">-0.06</Data></Cell>
    <Cell><Data ss:Type="Number">-0.88</Data></Cell>
    <Cell><Data ss:Type="Number">21.9</Data></Cell>
    <Cell><Data ss:Type="Number">40.4</Data></Cell>
    <Cell><Data ss:Type="Number">0</Data></Cell>
    <Cell><Data ss:Type="Number">0</Data></Cell>
    <Cell><Data ss:Type="String">2023-12-07 15:37:09.666035</Data></Cell>
   </Row>
   <Row>
    <Cell><Data ss:Type="String">785</Data></Cell>
    <Cell><Data ss:Type="Number">0.33</Data></Cell>
    <Cell><Data ss:Type="Number">-10.210000000000001</Data></Cell>
    <Cell><Data ss:Type="Number">0.17</Data></Cell>
    <Cell><Data ss:Type="Number">-9.5399999999999991</Data></Cell>
    <Cell><Data ss:Type="Number">-0.06</Data></Cell>
    <Cell><Data ss:Type="Number">-0.9</Data></Cell>
    <Cell><Data ss:Type="Number">21.9</Data></Cell>
    <Cell><Data ss:Type="Number">40.4</Data></Cell>
    <Cell><Data ss:Type="Number">0</Data></Cell>
    <Cell><Data ss:Type="Number">0</Data></Cell>
    <Cell><Data ss:Type="String">2023-12-07 15:37:09.621159</Data></Cell>
   </Row>
   <Row>
    <Cell><Data ss:Type="String">784</Data></Cell>
    <Cell><Data ss:Type="Number">0.33</Data></Cell>
    <Cell><Data ss:Type="Number">-10.26</Data></Cell>
    <Cell><Data ss:Type="Number">0.16</Data></Cell>
    <Cell><Data ss:Type="Number">-9.5299999999999994</Data></Cell>
    <Cell><Data ss:Type="Number">-7.0000000000000007E-2</Data></Cell>
    <Cell><Data ss:Type="Number">-0.9</Data></Cell>
    <Cell><Data ss:Type="Number">21.9</Data></Cell>
    <Cell><Data ss:Type="Number">40.4</Data></Cell>
    <Cell><Data ss:Type="Number">0</Data></Cell>
    <Cell><Data ss:Type="Number">0</Data></Cell>
    <Cell><Data ss:Type="String">2023-12-07 15:37:09.579361</Data></Cell>
   </Row>
   <Row>
    <Cell><Data ss:Type="String">783</Data></Cell>
    <Cell><Data ss:Type="Number">0.33</Data></Cell>
    <Cell><Data ss:Type="Number">-10.17</Data></Cell>
    <Cell><Data ss:Type="Number">0.15</Data></Cell>
    <Cell><Data ss:Type="Number">-9.5399999999999991</Data></Cell>
    <Cell><Data ss:Type="Number">-0.08</Data></Cell>
    <Cell><Data ss:Type="Number">-0.89</Data></Cell>
    <Cell><Data ss:Type="Number">21.9</Data></Cell>
    <Cell><Data ss:Type="Number">40.4</Data></Cell>
    <Cell><Data ss:Type="Number">0</Data></Cell>
    <Cell><Data ss:Type="Number">0</Data></Cell>
    <Cell><Data ss:Type="String">2023-12-07 15:37:09.576521</Data></Cell>
   </Row>
   <Row>
    <Cell><Data ss:Type="String">782</Data></Cell>
    <Cell><Data ss:Type="Number">0.3</Data></Cell>
    <Cell><Data ss:Type="Number">-10.23</Data></Cell>
    <Cell><Data ss:Type="Number">0.15</Data></Cell>
    <Cell><Data ss:Type="Number">-9.5299999999999994</Data></Cell>
    <Cell><Data ss:Type="Number">-0.06</Data></Cell>
    <Cell><Data ss:Type="Number">-0.88</Data></Cell>
    <Cell><Data ss:Type="Number">21.9</Data></Cell>
    <Cell><Data ss:Type="Number">40.4</Data></Cell>
    <Cell><Data ss:Type="Number">0</Data></Cell>
    <Cell><Data ss:Type="Number">0</Data></Cell>
    <Cell><Data ss:Type="String">2023-12-07 15:37:09.530348</Data></Cell>
   </Row>
   <Row>
    <Cell><Data ss:Type="String">781</Data></Cell>
    <Cell><Data ss:Type="Number">0.26</Data></Cell>
    <Cell><Data ss:Type="Number">-10.01</Data></Cell>
    <Cell><Data ss:Type="Number">0.12</Data></Cell>
    <Cell><Data ss:Type="Number">-9.41</Data></Cell>
    <Cell><Data ss:Type="Number">-7.0000000000000007E-2</Data></Cell>
    <Cell><Data ss:Type="Number">-0.93</Data></Cell>
    <Cell><Data ss:Type="Number">21.9</Data></Cell>
    <Cell><Data ss:Type="Number">40.4</Data></Cell>
    <Cell><Data ss:Type="Number">0</Data></Cell>
    <Cell><Data ss:Type="Number">0</Data></Cell>
    <Cell><Data ss:Type="String">2023-12-07 15:37:09.483867</Data></Cell>
   </Row>
   <Row>
    <Cell><Data ss:Type="String">780</Data></Cell>
    <Cell><Data ss:Type="Number">0.31</Data></Cell>
    <Cell><Data ss:Type="Number">-9.9</Data></Cell>
    <Cell><Data ss:Type="Number">0.15</Data></Cell>
    <Cell><Data ss:Type="Number">-9.42</Data></Cell>
    <Cell><Data ss:Type="Number">-0.06</Data></Cell>
    <Cell><Data ss:Type="Number">-0.91</Data></Cell>
    <Cell><Data ss:Type="Number">21.9</Data></Cell>
    <Cell><Data ss:Type="Number">40.4</Data></Cell>
    <Cell><Data ss:Type="Number">0</Data></Cell>
    <Cell><Data ss:Type="Number">0</Data></Cell>
    <Cell><Data ss:Type="String">2023-12-07 15:37:09.443457</Data></Cell>
   </Row>
   <Row>
    <Cell><Data ss:Type="String">779</Data></Cell>
    <Cell><Data ss:Type="Number">0.28000000000000003</Data></Cell>
    <Cell><Data ss:Type="Number">-9.9</Data></Cell>
    <Cell><Data ss:Type="Number">0.16</Data></Cell>
    <Cell><Data ss:Type="Number">-9.4600000000000009</Data></Cell>
    <Cell><Data ss:Type="Number">-0.09</Data></Cell>
    <Cell><Data ss:Type="Number">-0.9</Data></Cell>
    <Cell><Data ss:Type="Number">21.9</Data></Cell>
    <Cell><Data ss:Type="Number">40.4</Data></Cell>
    <Cell><Data ss:Type="Number">0</Data></Cell>
    <Cell><Data ss:Type="Number">0</Data></Cell>
    <Cell><Data ss:Type="String">2023-12-07 15:37:09.440809</Data></Cell>
   </Row>
   <Row>
    <Cell><Data ss:Type="String">778</Data></Cell>
    <Cell><Data ss:Type="Number">0.35</Data></Cell>
    <Cell><Data ss:Type="Number">-10.199999999999999</Data></Cell>
    <Cell><Data ss:Type="Number">0.19</Data></Cell>
    <Cell><Data ss:Type="Number">-9.5500000000000007</Data></Cell>
    <Cell><Data ss:Type="Number">-7.0000000000000007E-2</Data></Cell>
    <Cell><Data ss:Type="Number">-0.86</Data></Cell>
    <Cell><Data ss:Type="Number">21.9</Data></Cell>
    <Cell><Data ss:Type="Number">40.4</Data></Cell>
    <Cell><Data ss:Type="Number">0</Data></Cell>
    <Cell><Data ss:Type="Number">0</Data></Cell>
    <Cell><Data ss:Type="String">2023-12-07 15:37:09.394036</Data></Cell>
   </Row>
   <Row>
    <Cell><Data ss:Type="String">777</Data></Cell>
    <Cell><Data ss:Type="Number">0.26</Data></Cell>
    <Cell><Data ss:Type="Number">-10</Data></Cell>
    <Cell><Data ss:Type="Number">0.1</Data></Cell>
    <Cell><Data ss:Type="Number">-9.4600000000000009</Data></Cell>
    <Cell><Data ss:Type="Number">-0.06</Data></Cell>
    <Cell><Data ss:Type="Number">-0.92</Data></Cell>
    <Cell><Data ss:Type="Number">21.9</Data></Cell>
    <Cell><Data ss:Type="Number">40.4</Data></Cell>
    <Cell><Data ss:Type="Number">0</Data></Cell>
    <Cell><Data ss:Type="Number">0</Data></Cell>
    <Cell><Data ss:Type="String">2023-12-07 15:37:09.347146</Data></Cell>
   </Row>
   <Row>
    <Cell><Data ss:Type="String">776</Data></Cell>
    <Cell><Data ss:Type="Number">0.28999999999999998</Data></Cell>
    <Cell><Data ss:Type="Number">-9.9600000000000009</Data></Cell>
    <Cell><Data ss:Type="Number">0.15</Data></Cell>
    <Cell><Data ss:Type="Number">-9.42</Data></Cell>
    <Cell><Data ss:Type="Number">-0.08</Data></Cell>
    <Cell><Data ss:Type="Number">-0.92</Data></Cell>
    <Cell><Data ss:Type="Number">21.9</Data></Cell>
    <Cell><Data ss:Type="Number">40.4</Data></Cell>
    <Cell><Data ss:Type="Number">0</Data></Cell>
    <Cell><Data ss:Type="Number">0</Data></Cell>
    <Cell><Data ss:Type="String">2023-12-07 15:37:09.303836</Data></Cell>
   </Row>
   <Row>
    <Cell><Data ss:Type="String">775</Data></Cell>
    <Cell><Data ss:Type="Number">0.28000000000000003</Data></Cell>
    <Cell><Data ss:Type="Number">-9.9700000000000006</Data></Cell>
    <Cell><Data ss:Type="Number">0.13</Data></Cell>
    <Cell><Data ss:Type="Number">-9.4499999999999993</Data></Cell>
    <Cell><Data ss:Type="Number">-0.08</Data></Cell>
    <Cell><Data ss:Type="Number">-0.93</Data></Cell>
    <Cell><Data ss:Type="Number">21.9</Data></Cell>
    <Cell><Data ss:Type="Number">40.4</Data></Cell>
    <Cell><Data ss:Type="Number">0</Data></Cell>
    <Cell><Data ss:Type="Number">0</Data></Cell>
    <Cell><Data ss:Type="String">2023-12-07 15:37:09.301702</Data></Cell>
   </Row>
   <Row>
    <Cell><Data ss:Type="String">774</Data></Cell>
    <Cell><Data ss:Type="Number">0.27</Data></Cell>
    <Cell><Data ss:Type="Number">-10.18</Data></Cell>
    <Cell><Data ss:Type="Number">0.21</Data></Cell>
    <Cell><Data ss:Type="Number">-9.5299999999999994</Data></Cell>
    <Cell><Data ss:Type="Number">-0.08</Data></Cell>
    <Cell><Data ss:Type="Number">-0.9</Data></Cell>
    <Cell><Data ss:Type="Number">21.9</Data></Cell>
    <Cell><Data ss:Type="Number">40.4</Data></Cell>
    <Cell><Data ss:Type="Number">0</Data></Cell>
    <Cell><Data ss:Type="Number">0</Data></Cell>
    <Cell><Data ss:Type="String">2023-12-07 15:37:09.254885</Data></Cell>
   </Row>
   <Row>
    <Cell><Data ss:Type="String">773</Data></Cell>
    <Cell><Data ss:Type="Number">0.3</Data></Cell>
    <Cell><Data ss:Type="Number">-10.24</Data></Cell>
    <Cell><Data ss:Type="Number">0.17</Data></Cell>
    <Cell><Data ss:Type="Number">-9.58</Data></Cell>
    <Cell><Data ss:Type="Number">-0.08</Data></Cell>
    <Cell><Data ss:Type="Number">-0.89</Data></Cell>
    <Cell><Data ss:Type="Number">21.9</Data></Cell>
    <Cell><Data ss:Type="Number">40.4</Data></Cell>
    <Cell><Data ss:Type="Number">0</Data></Cell>
    <Cell><Data ss:Type="Number">0</Data></Cell>
    <Cell><Data ss:Type="String">2023-12-07 15:37:09.213061</Data></Cell>
   </Row>
   <Row>
    <Cell><Data ss:Type="String">772</Data></Cell>
    <Cell><Data ss:Type="Number">0.3</Data></Cell>
    <Cell><Data ss:Type="Number">-10.220000000000001</Data></Cell>
    <Cell><Data ss:Type="Number">0.16</Data></Cell>
    <Cell><Data ss:Type="Number">-9.4700000000000006</Data></Cell>
    <Cell><Data ss:Type="Number">-7.0000000000000007E-2</Data></Cell>
    <Cell><Data ss:Type="Number">-0.91</Data></Cell>
    <Cell><Data ss:Type="Number">21.9</Data></Cell>
    <Cell><Data ss:Type="Number">40.4</Data></Cell>
    <Cell><Data ss:Type="Number">0</Data></Cell>
    <Cell><Data ss:Type="Number">0</Data></Cell>
    <Cell><Data ss:Type="String">2023-12-07 15:37:09.210510</Data></Cell>
   </Row>
   <Row>
    <Cell><Data ss:Type="String">771</Data></Cell>
    <Cell><Data ss:Type="Number">0.28999999999999998</Data></Cell>
    <Cell><Data ss:Type="Number">-9.92</Data></Cell>
    <Cell><Data ss:Type="Number">0.09</Data></Cell>
    <Cell><Data ss:Type="Number">-9.41</Data></Cell>
    <Cell><Data ss:Type="Number">-0.06</Data></Cell>
    <Cell><Data ss:Type="Number">-0.93</Data></Cell>
    <Cell><Data ss:Type="Number">21.9</Data></Cell>
    <Cell><Data ss:Type="Number">40.4</Data></Cell>
    <Cell><Data ss:Type="Number">0</Data></Cell>
    <Cell><Data ss:Type="Number">0</Data></Cell>
    <Cell><Data ss:Type="String">2023-12-07 15:37:09.161931</Data></Cell>
   </Row>
   <Row>
    <Cell><Data ss:Type="String">770</Data></Cell>
    <Cell><Data ss:Type="Number">0.41</Data></Cell>
    <Cell><Data ss:Type="Number">-9.9600000000000009</Data></Cell>
    <Cell><Data ss:Type="Number">0.13</Data></Cell>
    <Cell><Data ss:Type="Number">-9.48</Data></Cell>
    <Cell><Data ss:Type="Number">-0.09</Data></Cell>
    <Cell><Data ss:Type="Number">-0.88</Data></Cell>
    <Cell><Data ss:Type="Number">21.9</Data></Cell>
    <Cell><Data ss:Type="Number">40.4</Data></Cell>
    <Cell><Data ss:Type="Number">0</Data></Cell>
    <Cell><Data ss:Type="Number">0</Data></Cell>
    <Cell><Data ss:Type="String">2023-12-07 15:37:09.117803</Data></Cell>
   </Row>
   <Row>
    <Cell><Data ss:Type="String">769</Data></Cell>
    <Cell><Data ss:Type="Number">0.27</Data></Cell>
    <Cell><Data ss:Type="Number">-10.23</Data></Cell>
    <Cell><Data ss:Type="Number">0.19</Data></Cell>
    <Cell><Data ss:Type="Number">-9.56</Data></Cell>
    <Cell><Data ss:Type="Number">-0.06</Data></Cell>
    <Cell><Data ss:Type="Number">-0.88</Data></Cell>
    <Cell><Data ss:Type="Number">21.9</Data></Cell>
    <Cell><Data ss:Type="Number">40.4</Data></Cell>
    <Cell><Data ss:Type="Number">0</Data></Cell>
    <Cell><Data ss:Type="Number">0</Data></Cell>
    <Cell><Data ss:Type="String">2023-12-07 15:37:09.115768</Data></Cell>
   </Row>
   <Row>
    <Cell><Data ss:Type="String">768</Data></Cell>
    <Cell><Data ss:Type="Number">0.32</Data></Cell>
    <Cell><Data ss:Type="Number">-10.31</Data></Cell>
    <Cell><Data ss:Type="Number">0.18</Data></Cell>
    <Cell><Data ss:Type="Number">-9.52</Data></Cell>
    <Cell><Data ss:Type="Number">-0.08</Data></Cell>
    <Cell><Data ss:Type="Number">-0.89</Data></Cell>
    <Cell><Data ss:Type="Number">21.9</Data></Cell>
    <Cell><Data ss:Type="Number">40.4</Data></Cell>
    <Cell><Data ss:Type="Number">0</Data></Cell>
    <Cell><Data ss:Type="Number">0</Data></Cell>
    <Cell><Data ss:Type="String">2023-12-07 15:37:09.066653</Data></Cell>
   </Row>
   <Row>
    <Cell><Data ss:Type="String">767</Data></Cell>
    <Cell><Data ss:Type="Number">0.25</Data></Cell>
    <Cell><Data ss:Type="Number">-10.07</Data></Cell>
    <Cell><Data ss:Type="Number">0.27</Data></Cell>
    <Cell><Data ss:Type="Number">-9.41</Data></Cell>
    <Cell><Data ss:Type="Number">-0.05</Data></Cell>
    <Cell><Data ss:Type="Number">-0.9</Data></Cell>
    <Cell><Data ss:Type="Number">21.9</Data></Cell>
    <Cell><Data ss:Type="Number">40.4</Data></Cell>
    <Cell><Data ss:Type="Number">0</Data></Cell>
    <Cell><Data ss:Type="Number">0</Data></Cell>
    <Cell><Data ss:Type="String">2023-12-07 15:37:09.011960</Data></Cell>
   </Row>
   <Row>
    <Cell><Data ss:Type="String">766</Data></Cell>
    <Cell><Data ss:Type="Number">0.28000000000000003</Data></Cell>
    <Cell><Data ss:Type="Number">-9.9499999999999993</Data></Cell>
    <Cell><Data ss:Type="Number">0.12</Data></Cell>
    <Cell><Data ss:Type="Number">-9.44</Data></Cell>
    <Cell><Data ss:Type="Number">-0.09</Data></Cell>
    <Cell><Data ss:Type="Number">-0.89</Data></Cell>
    <Cell><Data ss:Type="Number">21.9</Data></Cell>
    <Cell><Data ss:Type="Number">40.4</Data></Cell>
    <Cell><Data ss:Type="Number">0</Data></Cell>
    <Cell><Data ss:Type="Number">0</Data></Cell>
    <Cell><Data ss:Type="String">2023-12-07 15:37:09.008959</Data></Cell>
   </Row>
   <Row>
    <Cell><Data ss:Type="String">765</Data></Cell>
    <Cell><Data ss:Type="Number">0.25</Data></Cell>
    <Cell><Data ss:Type="Number">-10.07</Data></Cell>
    <Cell><Data ss:Type="Number">0.26</Data></Cell>
    <Cell><Data ss:Type="Number">-9.52</Data></Cell>
    <Cell><Data ss:Type="Number">-0.09</Data></Cell>
    <Cell><Data ss:Type="Number">-0.89</Data></Cell>
    <Cell><Data ss:Type="Number">21.9</Data></Cell>
    <Cell><Data ss:Type="Number">40.4</Data></Cell>
    <Cell><Data ss:Type="Number">0</Data></Cell>
    <Cell><Data ss:Type="Number">0</Data></Cell>
    <Cell><Data ss:Type="String">2023-12-07 15:37:08.963061</Data></Cell>
   </Row>
   <Row>
    <Cell><Data ss:Type="String">764</Data></Cell>
    <Cell><Data ss:Type="Number">0.28999999999999998</Data></Cell>
    <Cell><Data ss:Type="Number">-10.18</Data></Cell>
    <Cell><Data ss:Type="Number">0.16</Data></Cell>
    <Cell><Data ss:Type="Number">-9.48</Data></Cell>
    <Cell><Data ss:Type="Number">-0.05</Data></Cell>
    <Cell><Data ss:Type="Number">-0.89</Data></Cell>
    <Cell><Data ss:Type="Number">21.9</Data></Cell>
    <Cell><Data ss:Type="Number">40.4</Data></Cell>
    <Cell><Data ss:Type="Number">0</Data></Cell>
    <Cell><Data ss:Type="Number">0</Data></Cell>
    <Cell><Data ss:Type="String">2023-12-07 15:37:08.916514</Data></Cell>
   </Row>
   <Row>
    <Cell><Data ss:Type="String">763</Data></Cell>
    <Cell><Data ss:Type="Number">0.32</Data></Cell>
    <Cell><Data ss:Type="Number">-10.11</Data></Cell>
    <Cell><Data ss:Type="Number">0.01</Data></Cell>
    <Cell><Data ss:Type="Number">-9.42</Data></Cell>
    <Cell><Data ss:Type="Number">-7.0000000000000007E-2</Data></Cell>
    <Cell><Data ss:Type="Number">-0.92</Data></Cell>
    <Cell><Data ss:Type="Number">21.9</Data></Cell>
    <Cell><Data ss:Type="Number">40.4</Data></Cell>
    <Cell><Data ss:Type="Number">0</Data></Cell>
    <Cell><Data ss:Type="Number">0</Data></Cell>
    <Cell><Data ss:Type="String">2023-12-07 15:37:08.872684</Data></Cell>
   </Row>
   <Row>
    <Cell><Data ss:Type="String">762</Data></Cell>
    <Cell><Data ss:Type="Number">0.27</Data></Cell>
    <Cell><Data ss:Type="Number">-9.92</Data></Cell>
    <Cell><Data ss:Type="Number">0.08</Data></Cell>
    <Cell><Data ss:Type="Number">-9.41</Data></Cell>
    <Cell><Data ss:Type="Number">-0.09</Data></Cell>
    <Cell><Data ss:Type="Number">-0.93</Data></Cell>
    <Cell><Data ss:Type="Number">21.9</Data></Cell>
    <Cell><Data ss:Type="Number">40.4</Data></Cell>
    <Cell><Data ss:Type="Number">0</Data></Cell>
    <Cell><Data ss:Type="Number">0</Data></Cell>
    <Cell><Data ss:Type="String">2023-12-07 15:37:08.870754</Data></Cell>
   </Row>
   <Row>
    <Cell><Data ss:Type="String">761</Data></Cell>
    <Cell><Data ss:Type="Number">0.22</Data></Cell>
    <Cell><Data ss:Type="Number">-10.029999999999999</Data></Cell>
    <Cell><Data ss:Type="Number">0.14000000000000001</Data></Cell>
    <Cell><Data ss:Type="Number">-9.5299999999999994</Data></Cell>
    <Cell><Data ss:Type="Number">-0.05</Data></Cell>
    <Cell><Data ss:Type="Number">-0.89</Data></Cell>
    <Cell><Data ss:Type="Number">21.9</Data></Cell>
    <Cell><Data ss:Type="Number">40.4</Data></Cell>
    <Cell><Data ss:Type="Number">0</Data></Cell>
    <Cell><Data ss:Type="Number">0</Data></Cell>
    <Cell><Data ss:Type="String">2023-12-07 15:37:08.824484</Data></Cell>
   </Row>
   <Row>
    <Cell><Data ss:Type="String">760</Data></Cell>
    <Cell><Data ss:Type="Number">0.33</Data></Cell>
    <Cell><Data ss:Type="Number">-10.24</Data></Cell>
    <Cell><Data ss:Type="Number">0.11</Data></Cell>
    <Cell><Data ss:Type="Number">-9.56</Data></Cell>
    <Cell><Data ss:Type="Number">-0.09</Data></Cell>
    <Cell><Data ss:Type="Number">-0.9</Data></Cell>
    <Cell><Data ss:Type="Number">21.9</Data></Cell>
    <Cell><Data ss:Type="Number">40.4</Data></Cell>
    <Cell><Data ss:Type="Number">0</Data></Cell>
    <Cell><Data ss:Type="Number">0</Data></Cell>
    <Cell><Data ss:Type="String">2023-12-07 15:37:08.780796</Data></Cell>
   </Row>
   <Row>
    <Cell><Data ss:Type="String">759</Data></Cell>
    <Cell><Data ss:Type="Number">0.27</Data></Cell>
    <Cell><Data ss:Type="Number">-10.130000000000001</Data></Cell>
    <Cell><Data ss:Type="Number">0.15</Data></Cell>
    <Cell><Data ss:Type="Number">-9.4700000000000006</Data></Cell>
    <Cell><Data ss:Type="Number">-0.06</Data></Cell>
    <Cell><Data ss:Type="Number">-0.91</Data></Cell>
    <Cell><Data ss:Type="Number">21.9</Data></Cell>
    <Cell><Data ss:Type="Number">40.4</Data></Cell>
    <Cell><Data ss:Type="Number">0</Data></Cell>
    <Cell><Data ss:Type="Number">0</Data></Cell>
    <Cell><Data ss:Type="String">2023-12-07 15:37:08.735092</Data></Cell>
   </Row>
   <Row>
    <Cell><Data ss:Type="String">758</Data></Cell>
    <Cell><Data ss:Type="Number">0.26</Data></Cell>
    <Cell><Data ss:Type="Number">-10</Data></Cell>
    <Cell><Data ss:Type="Number">0.13</Data></Cell>
    <Cell><Data ss:Type="Number">-9.42</Data></Cell>
    <Cell><Data ss:Type="Number">-0.08</Data></Cell>
    <Cell><Data ss:Type="Number">-0.92</Data></Cell>
    <Cell><Data ss:Type="Number">21.9</Data></Cell>
    <Cell><Data ss:Type="Number">40.4</Data></Cell>
    <Cell><Data ss:Type="Number">0</Data></Cell>
    <Cell><Data ss:Type="Number">0</Data></Cell>
    <Cell><Data ss:Type="String">2023-12-07 15:37:08.732998</Data></Cell>
   </Row>
   <Row>
    <Cell><Data ss:Type="String">757</Data></Cell>
    <Cell><Data ss:Type="Number">0.27</Data></Cell>
    <Cell><Data ss:Type="Number">-9.9600000000000009</Data></Cell>
    <Cell><Data ss:Type="Number">0.14000000000000001</Data></Cell>
    <Cell><Data ss:Type="Number">-9.4700000000000006</Data></Cell>
    <Cell><Data ss:Type="Number">-0.06</Data></Cell>
    <Cell><Data ss:Type="Number">-0.89</Data></Cell>
    <Cell><Data ss:Type="Number">21.9</Data></Cell>
    <Cell><Data ss:Type="Number">40.4</Data></Cell>
    <Cell><Data ss:Type="Number">0</Data></Cell>
    <Cell><Data ss:Type="Number">0</Data></Cell>
    <Cell><Data ss:Type="String">2023-12-07 15:37:08.684730</Data></Cell>
   </Row>
   <Row>
    <Cell><Data ss:Type="String">756</Data></Cell>
    <Cell><Data ss:Type="Number">0.25</Data></Cell>
    <Cell><Data ss:Type="Number">-10.119999999999999</Data></Cell>
    <Cell><Data ss:Type="Number">0.14000000000000001</Data></Cell>
    <Cell><Data ss:Type="Number">-9.5399999999999991</Data></Cell>
    <Cell><Data ss:Type="Number">-0.08</Data></Cell>
    <Cell><Data ss:Type="Number">-0.91</Data></Cell>
    <Cell><Data ss:Type="Number">21.9</Data></Cell>
    <Cell><Data ss:Type="Number">40.4</Data></Cell>
    <Cell><Data ss:Type="Number">0</Data></Cell>
    <Cell><Data ss:Type="Number">0</Data></Cell>
    <Cell><Data ss:Type="String">2023-12-07 15:37:08.647324</Data></Cell>
   </Row>
   <Row>
    <Cell><Data ss:Type="String">755</Data></Cell>
    <Cell><Data ss:Type="Number">0.28999999999999998</Data></Cell>
    <Cell><Data ss:Type="Number">-10.210000000000001</Data></Cell>
    <Cell><Data ss:Type="Number">-0.01</Data></Cell>
    <Cell><Data ss:Type="Number">-9.51</Data></Cell>
    <Cell><Data ss:Type="Number">-0.08</Data></Cell>
    <Cell><Data ss:Type="Number">-0.86</Data></Cell>
    <Cell><Data ss:Type="Number">21.9</Data></Cell>
    <Cell><Data ss:Type="Number">40.4</Data></Cell>
    <Cell><Data ss:Type="Number">0</Data></Cell>
    <Cell><Data ss:Type="Number">0</Data></Cell>
    <Cell><Data ss:Type="String">2023-12-07 15:37:08.644856</Data></Cell>
   </Row>
   <Row>
    <Cell><Data ss:Type="String">754</Data></Cell>
    <Cell><Data ss:Type="Number">0.27</Data></Cell>
    <Cell><Data ss:Type="Number">-10.07</Data></Cell>
    <Cell><Data ss:Type="Number">0.12</Data></Cell>
    <Cell><Data ss:Type="Number">-9.44</Data></Cell>
    <Cell><Data ss:Type="Number">-0.06</Data></Cell>
    <Cell><Data ss:Type="Number">-0.94</Data></Cell>
    <Cell><Data ss:Type="Number">21.9</Data></Cell>
    <Cell><Data ss:Type="Number">40.4</Data></Cell>
    <Cell><Data ss:Type="Number">0</Data></Cell>
    <Cell><Data ss:Type="Number">0</Data></Cell>
    <Cell><Data ss:Type="String">2023-12-07 15:37:08.642431</Data></Cell>
   </Row>
   <Row>
    <Cell><Data ss:Type="String">753</Data></Cell>
    <Cell><Data ss:Type="Number">0.28999999999999998</Data></Cell>
    <Cell><Data ss:Type="Number">-9.99</Data></Cell>
    <Cell><Data ss:Type="Number">0.14000000000000001</Data></Cell>
    <Cell><Data ss:Type="Number">-9.41</Data></Cell>
    <Cell><Data ss:Type="Number">-0.1</Data></Cell>
    <Cell><Data ss:Type="Number">-0.91</Data></Cell>
    <Cell><Data ss:Type="Number">21.9</Data></Cell>
    <Cell><Data ss:Type="Number">40.4</Data></Cell>
    <Cell><Data ss:Type="Number">0</Data></Cell>
    <Cell><Data ss:Type="Number">0</Data></Cell>
    <Cell><Data ss:Type="String">2023-12-07 15:37:08.640467</Data></Cell>
   </Row>
   <Row>
    <Cell><Data ss:Type="String">752</Data></Cell>
    <Cell><Data ss:Type="Number">0.41</Data></Cell>
    <Cell><Data ss:Type="Number">-9.93</Data></Cell>
    <Cell><Data ss:Type="Number">0.11</Data></Cell>
    <Cell><Data ss:Type="Number">-9.4700000000000006</Data></Cell>
    <Cell><Data ss:Type="Number">-7.0000000000000007E-2</Data></Cell>
    <Cell><Data ss:Type="Number">-0.91</Data></Cell>
    <Cell><Data ss:Type="Number">21.9</Data></Cell>
    <Cell><Data ss:Type="Number">40.4</Data></Cell>
    <Cell><Data ss:Type="Number">0</Data></Cell>
    <Cell><Data ss:Type="Number">0</Data></Cell>
    <Cell><Data ss:Type="String">2023-12-07 15:37:08.638618</Data></Cell>
   </Row>
   <Row>
    <Cell><Data ss:Type="String">751</Data></Cell>
    <Cell><Data ss:Type="Number">0.26</Data></Cell>
    <Cell><Data ss:Type="Number">-10.17</Data></Cell>
    <Cell><Data ss:Type="Number">0.19</Data></Cell>
    <Cell><Data ss:Type="Number">-9.51</Data></Cell>
    <Cell><Data ss:Type="Number">-7.0000000000000007E-2</Data></Cell>
    <Cell><Data ss:Type="Number">-0.89</Data></Cell>
    <Cell><Data ss:Type="Number">21.9</Data></Cell>
    <Cell><Data ss:Type="Number">40.4</Data></Cell>
    <Cell><Data ss:Type="Number">0</Data></Cell>
    <Cell><Data ss:Type="Number">0</Data></Cell>
    <Cell><Data ss:Type="String">2023-12-07 15:37:08.636833</Data></Cell>
   </Row>
   <Row>
    <Cell><Data ss:Type="String">750</Data></Cell>
    <Cell><Data ss:Type="Number">0.21</Data></Cell>
    <Cell><Data ss:Type="Number">-10.24</Data></Cell>
    <Cell><Data ss:Type="Number">0.18</Data></Cell>
    <Cell><Data ss:Type="Number">-9.56</Data></Cell>
    <Cell><Data ss:Type="Number">-7.0000000000000007E-2</Data></Cell>
    <Cell><Data ss:Type="Number">-0.89</Data></Cell>
    <Cell><Data ss:Type="Number">21.9</Data></Cell>
    <Cell><Data ss:Type="Number">40.4</Data></Cell>
    <Cell><Data ss:Type="Number">0</Data></Cell>
    <Cell><Data ss:Type="Number">0</Data></Cell>
    <Cell><Data ss:Type="String">2023-12-07 15:37:08.635315</Data></Cell>
   </Row>
   <Row>
    <Cell><Data ss:Type="String">749</Data></Cell>
    <Cell><Data ss:Type="Number">0.28999999999999998</Data></Cell>
    <Cell><Data ss:Type="Number">-9.9600000000000009</Data></Cell>
    <Cell><Data ss:Type="Number">-0.23</Data></Cell>
    <Cell><Data ss:Type="Number">-9.4499999999999993</Data></Cell>
    <Cell><Data ss:Type="Number">-0.06</Data></Cell>
    <Cell><Data ss:Type="Number">-0.92</Data></Cell>
    <Cell><Data ss:Type="Number">21.9</Data></Cell>
    <Cell><Data ss:Type="Number">40.4</Data></Cell>
    <Cell><Data ss:Type="Number">0</Data></Cell>
    <Cell><Data ss:Type="Number">0</Data></Cell>
    <Cell><Data ss:Type="String">2023-12-07 15:37:08.397105</Data></Cell>
   </Row>
   <Row>
    <Cell><Data ss:Type="String">748</Data></Cell>
    <Cell><Data ss:Type="Number">0.3</Data></Cell>
    <Cell><Data ss:Type="Number">-9.89</Data></Cell>
    <Cell><Data ss:Type="Number">0.11</Data></Cell>
    <Cell><Data ss:Type="Number">-9.43</Data></Cell>
    <Cell><Data ss:Type="Number">-0.08</Data></Cell>
    <Cell><Data ss:Type="Number">-0.91</Data></Cell>
    <Cell><Data ss:Type="Number">21.9</Data></Cell>
    <Cell><Data ss:Type="Number">40.4</Data></Cell>
    <Cell><Data ss:Type="Number">0</Data></Cell>
    <Cell><Data ss:Type="Number">0</Data></Cell>
    <Cell><Data ss:Type="String">2023-12-07 15:37:08.395441</Data></Cell>
   </Row>
   <Row>
    <Cell><Data ss:Type="String">747</Data></Cell>
    <Cell><Data ss:Type="Number">0.35</Data></Cell>
    <Cell><Data ss:Type="Number">-9.9700000000000006</Data></Cell>
    <Cell><Data ss:Type="Number">0.06</Data></Cell>
    <Cell><Data ss:Type="Number">-9.5</Data></Cell>
    <Cell><Data ss:Type="Number">-0.09</Data></Cell>
    <Cell><Data ss:Type="Number">-0.93</Data></Cell>
    <Cell><Data ss:Type="Number">21.9</Data></Cell>
    <Cell><Data ss:Type="Number">40.4</Data></Cell>
    <Cell><Data ss:Type="Number">0</Data></Cell>
    <Cell><Data ss:Type="Number">0</Data></Cell>
    <Cell><Data ss:Type="String">2023-12-07 15:37:08.349288</Data></Cell>
   </Row>
   <Row>
    <Cell><Data ss:Type="String">746</Data></Cell>
    <Cell><Data ss:Type="Number">0.3</Data></Cell>
    <Cell><Data ss:Type="Number">-10.24</Data></Cell>
    <Cell><Data ss:Type="Number">0.2</Data></Cell>
    <Cell><Data ss:Type="Number">-9.52</Data></Cell>
    <Cell><Data ss:Type="Number">-0.08</Data></Cell>
    <Cell><Data ss:Type="Number">-0.87</Data></Cell>
    <Cell><Data ss:Type="Number">21.9</Data></Cell>
    <Cell><Data ss:Type="Number">40.4</Data></Cell>
    <Cell><Data ss:Type="Number">0</Data></Cell>
    <Cell><Data ss:Type="Number">0</Data></Cell>
    <Cell><Data ss:Type="String">2023-12-07 15:37:08.304893</Data></Cell>
   </Row>
   <Row>
    <Cell><Data ss:Type="String">745</Data></Cell>
    <Cell><Data ss:Type="Number">0.37</Data></Cell>
    <Cell><Data ss:Type="Number">-10.19</Data></Cell>
    <Cell><Data ss:Type="Number">0.19</Data></Cell>
    <Cell><Data ss:Type="Number">-9.4600000000000009</Data></Cell>
    <Cell><Data ss:Type="Number">-0.08</Data></Cell>
    <Cell><Data ss:Type="Number">-0.92</Data></Cell>
    <Cell><Data ss:Type="Number">21.9</Data></Cell>
    <Cell><Data ss:Type="Number">40.4</Data></Cell>
    <Cell><Data ss:Type="Number">0</Data></Cell>
    <Cell><Data ss:Type="Number">0</Data></Cell>
    <Cell><Data ss:Type="String">2023-12-07 15:37:08.302938</Data></Cell>
   </Row>
   <Row>
    <Cell><Data ss:Type="String">744</Data></Cell>
    <Cell><Data ss:Type="Number">0.27</Data></Cell>
    <Cell><Data ss:Type="Number">-9.91</Data></Cell>
    <Cell><Data ss:Type="Number">0.05</Data></Cell>
    <Cell><Data ss:Type="Number">-9.43</Data></Cell>
    <Cell><Data ss:Type="Number">-0.05</Data></Cell>
    <Cell><Data ss:Type="Number">-0.97</Data></Cell>
    <Cell><Data ss:Type="Number">21.9</Data></Cell>
    <Cell><Data ss:Type="Number">40.4</Data></Cell>
    <Cell><Data ss:Type="Number">0</Data></Cell>
    <Cell><Data ss:Type="Number">0</Data></Cell>
    <Cell><Data ss:Type="String">2023-12-07 15:37:08.259234</Data></Cell>
   </Row>
   <Row>
    <Cell><Data ss:Type="String">743</Data></Cell>
    <Cell><Data ss:Type="Number">0.3</Data></Cell>
    <Cell><Data ss:Type="Number">-9.89</Data></Cell>
    <Cell><Data ss:Type="Number">0.19</Data></Cell>
    <Cell><Data ss:Type="Number">-9.39</Data></Cell>
    <Cell><Data ss:Type="Number">-0.08</Data></Cell>
    <Cell><Data ss:Type="Number">-0.92</Data></Cell>
    <Cell><Data ss:Type="Number">21.9</Data></Cell>
    <Cell><Data ss:Type="Number">40.4</Data></Cell>
    <Cell><Data ss:Type="Number">0</Data></Cell>
    <Cell><Data ss:Type="Number">0</Data></Cell>
    <Cell><Data ss:Type="String">2023-12-07 15:37:08.212589</Data></Cell>
   </Row>
   <Row>
    <Cell><Data ss:Type="String">742</Data></Cell>
    <Cell><Data ss:Type="Number">0.3</Data></Cell>
    <Cell><Data ss:Type="Number">-10.06</Data></Cell>
    <Cell><Data ss:Type="Number">0.09</Data></Cell>
    <Cell><Data ss:Type="Number">-9.52</Data></Cell>
    <Cell><Data ss:Type="Number">-0.09</Data></Cell>
    <Cell><Data ss:Type="Number">-0.89</Data></Cell>
    <Cell><Data ss:Type="Number">21.9</Data></Cell>
    <Cell><Data ss:Type="Number">40.4</Data></Cell>
    <Cell><Data ss:Type="Number">0</Data></Cell>
    <Cell><Data ss:Type="Number">0</Data></Cell>
    <Cell><Data ss:Type="String">2023-12-07 15:37:08.164602</Data></Cell>
   </Row>
   <Row>
    <Cell><Data ss:Type="String">741</Data></Cell>
    <Cell><Data ss:Type="Number">0.3</Data></Cell>
    <Cell><Data ss:Type="Number">-10.14</Data></Cell>
    <Cell><Data ss:Type="Number">0.09</Data></Cell>
    <Cell><Data ss:Type="Number">-9.5299999999999994</Data></Cell>
    <Cell><Data ss:Type="Number">-0.05</Data></Cell>
    <Cell><Data ss:Type="Number">-0.88</Data></Cell>
    <Cell><Data ss:Type="Number">21.9</Data></Cell>
    <Cell><Data ss:Type="Number">40.4</Data></Cell>
    <Cell><Data ss:Type="Number">0</Data></Cell>
    <Cell><Data ss:Type="Number">0</Data></Cell>
    <Cell><Data ss:Type="String">2023-12-07 15:37:08.162499</Data></Cell>
   </Row>
   <Row>
    <Cell><Data ss:Type="String">740</Data></Cell>
    <Cell><Data ss:Type="Number">0.26</Data></Cell>
    <Cell><Data ss:Type="Number">-10.17</Data></Cell>
    <Cell><Data ss:Type="Number">0.2</Data></Cell>
    <Cell><Data ss:Type="Number">-9.52</Data></Cell>
    <Cell><Data ss:Type="Number">-0.08</Data></Cell>
    <Cell><Data ss:Type="Number">-0.89</Data></Cell>
    <Cell><Data ss:Type="Number">21.9</Data></Cell>
    <Cell><Data ss:Type="Number">40.4</Data></Cell>
    <Cell><Data ss:Type="Number">0</Data></Cell>
    <Cell><Data ss:Type="Number">0</Data></Cell>
    <Cell><Data ss:Type="String">2023-12-07 15:37:08.159928</Data></Cell>
   </Row>
   <Row>
    <Cell><Data ss:Type="String">739</Data></Cell>
    <Cell><Data ss:Type="Number">0.27</Data></Cell>
    <Cell><Data ss:Type="Number">-9.9700000000000006</Data></Cell>
    <Cell><Data ss:Type="Number">0.11</Data></Cell>
    <Cell><Data ss:Type="Number">-9.44</Data></Cell>
    <Cell><Data ss:Type="Number">-0.1</Data></Cell>
    <Cell><Data ss:Type="Number">-0.95</Data></Cell>
    <Cell><Data ss:Type="Number">21.9</Data></Cell>
    <Cell><Data ss:Type="Number">40.4</Data></Cell>
    <Cell><Data ss:Type="Number">0</Data></Cell>
    <Cell><Data ss:Type="Number">0</Data></Cell>
    <Cell><Data ss:Type="String">2023-12-07 15:37:08.157690</Data></Cell>
   </Row>
   <Row>
    <Cell><Data ss:Type="String">738</Data></Cell>
    <Cell><Data ss:Type="Number">0.3</Data></Cell>
    <Cell><Data ss:Type="Number">-9.93</Data></Cell>
    <Cell><Data ss:Type="Number">0.19</Data></Cell>
    <Cell><Data ss:Type="Number">-9.39</Data></Cell>
    <Cell><Data ss:Type="Number">-0.1</Data></Cell>
    <Cell><Data ss:Type="Number">-0.85</Data></Cell>
    <Cell><Data ss:Type="Number">21.9</Data></Cell>
    <Cell><Data ss:Type="Number">40.4</Data></Cell>
    <Cell><Data ss:Type="Number">0</Data></Cell>
    <Cell><Data ss:Type="Number">0</Data></Cell>
    <Cell><Data ss:Type="String">2023-12-07 15:37:08.155874</Data></Cell>
   </Row>
   <Row>
    <Cell><Data ss:Type="String">737</Data></Cell>
    <Cell><Data ss:Type="Number">0.11</Data></Cell>
    <Cell><Data ss:Type="Number">-9.98</Data></Cell>
    <Cell><Data ss:Type="Number">-0.11</Data></Cell>
    <Cell><Data ss:Type="Number">-9.49</Data></Cell>
    <Cell><Data ss:Type="Number">-0.06</Data></Cell>
    <Cell><Data ss:Type="Number">-1</Data></Cell>
    <Cell><Data ss:Type="Number">21.9</Data></Cell>
    <Cell><Data ss:Type="Number">40.4</Data></Cell>
    <Cell><Data ss:Type="Number">0</Data></Cell>
    <Cell><Data ss:Type="Number">0</Data></Cell>
    <Cell><Data ss:Type="String">2023-12-07 15:37:08.154165</Data></Cell>
   </Row>
   <Row>
    <Cell><Data ss:Type="String">736</Data></Cell>
    <Cell><Data ss:Type="Number">0.37</Data></Cell>
    <Cell><Data ss:Type="Number">-10.17</Data></Cell>
    <Cell><Data ss:Type="Number">0.17</Data></Cell>
    <Cell><Data ss:Type="Number">-9.49</Data></Cell>
    <Cell><Data ss:Type="Number">0.05</Data></Cell>
    <Cell><Data ss:Type="Number">-0.86</Data></Cell>
    <Cell><Data ss:Type="Number">21.9</Data></Cell>
    <Cell><Data ss:Type="Number">40.4</Data></Cell>
    <Cell><Data ss:Type="Number">0</Data></Cell>
    <Cell><Data ss:Type="Number">0</Data></Cell>
    <Cell><Data ss:Type="String">2023-12-07 15:37:08.152322</Data></Cell>
   </Row>
   <Row>
    <Cell><Data ss:Type="String">735</Data></Cell>
    <Cell><Data ss:Type="Number">0.52</Data></Cell>
    <Cell><Data ss:Type="Number">-10.119999999999999</Data></Cell>
    <Cell><Data ss:Type="Number">0.44</Data></Cell>
    <Cell><Data ss:Type="Number">-9.5</Data></Cell>
    <Cell><Data ss:Type="Number">-7.0000000000000007E-2</Data></Cell>
    <Cell><Data ss:Type="Number">-0.96</Data></Cell>
    <Cell><Data ss:Type="Number">21.9</Data></Cell>
    <Cell><Data ss:Type="Number">40.4</Data></Cell>
    <Cell><Data ss:Type="Number">0</Data></Cell>
    <Cell><Data ss:Type="Number">0</Data></Cell>
    <Cell><Data ss:Type="String">2023-12-07 15:37:07.953265</Data></Cell>
   </Row>
   <Row>
    <Cell><Data ss:Type="String">734</Data></Cell>
    <Cell><Data ss:Type="Number">0.61</Data></Cell>
    <Cell><Data ss:Type="Number">-9.91</Data></Cell>
    <Cell><Data ss:Type="Number">0.31</Data></Cell>
    <Cell><Data ss:Type="Number">-9.42</Data></Cell>
    <Cell><Data ss:Type="Number">-0.17</Data></Cell>
    <Cell><Data ss:Type="Number">-0.88</Data></Cell>
    <Cell><Data ss:Type="Number">21.9</Data></Cell>
    <Cell><Data ss:Type="Number">40.4</Data></Cell>
    <Cell><Data ss:Type="Number">0</Data></Cell>
    <Cell><Data ss:Type="Number">0</Data></Cell>
    <Cell><Data ss:Type="String">2023-12-07 15:37:07.910761</Data></Cell>
   </Row>
   <Row>
    <Cell><Data ss:Type="String">733</Data></Cell>
    <Cell><Data ss:Type="Number">0.89</Data></Cell>
    <Cell><Data ss:Type="Number">-10.06</Data></Cell>
    <Cell><Data ss:Type="Number">0.49</Data></Cell>
    <Cell><Data ss:Type="Number">-9.48</Data></Cell>
    <Cell><Data ss:Type="Number">-0.41</Data></Cell>
    <Cell><Data ss:Type="Number">-0.81</Data></Cell>
    <Cell><Data ss:Type="Number">21.9</Data></Cell>
    <Cell><Data ss:Type="Number">40.4</Data></Cell>
    <Cell><Data ss:Type="Number">0</Data></Cell>
    <Cell><Data ss:Type="Number">0</Data></Cell>
    <Cell><Data ss:Type="String">2023-12-07 15:37:07.908243</Data></Cell>
   </Row>
   <Row>
    <Cell><Data ss:Type="String">732</Data></Cell>
    <Cell><Data ss:Type="Number">-0.55000000000000004</Data></Cell>
    <Cell><Data ss:Type="Number">-10.32</Data></Cell>
    <Cell><Data ss:Type="Number">-0.05</Data></Cell>
    <Cell><Data ss:Type="Number">-9.6</Data></Cell>
    <Cell><Data ss:Type="Number">-0.02</Data></Cell>
    <Cell><Data ss:Type="Number">-0.95</Data></Cell>
    <Cell><Data ss:Type="Number">21.9</Data></Cell>
    <Cell><Data ss:Type="Number">40.4</Data></Cell>
    <Cell><Data ss:Type="Number">0</Data></Cell>
    <Cell><Data ss:Type="Number">0</Data></Cell>
    <Cell><Data ss:Type="String">2023-12-07 15:37:07.853233</Data></Cell>
   </Row>
   <Row>
    <Cell><Data ss:Type="String">731</Data></Cell>
    <Cell><Data ss:Type="Number">-0.76</Data></Cell>
    <Cell><Data ss:Type="Number">-10.11</Data></Cell>
    <Cell><Data ss:Type="Number">-0.22</Data></Cell>
    <Cell><Data ss:Type="Number">-9.4600000000000009</Data></Cell>
    <Cell><Data ss:Type="Number">0.41</Data></Cell>
    <Cell><Data ss:Type="Number">-0.86</Data></Cell>
    <Cell><Data ss:Type="Number">21.9</Data></Cell>
    <Cell><Data ss:Type="Number">40.4</Data></Cell>
    <Cell><Data ss:Type="Number">0</Data></Cell>
    <Cell><Data ss:Type="Number">0</Data></Cell>
    <Cell><Data ss:Type="String">2023-12-07 15:37:07.851287</Data></Cell>
   </Row>
   <Row>
    <Cell><Data ss:Type="String">730</Data></Cell>
    <Cell><Data ss:Type="Number">0.13</Data></Cell>
    <Cell><Data ss:Type="Number">-10.050000000000001</Data></Cell>
    <Cell><Data ss:Type="Number">-0.26</Data></Cell>
    <Cell><Data ss:Type="Number">-9.51</Data></Cell>
    <Cell><Data ss:Type="Number">0.2</Data></Cell>
    <Cell><Data ss:Type="Number">-1.06</Data></Cell>
    <Cell><Data ss:Type="Number">21.9</Data></Cell>
    <Cell><Data ss:Type="Number">40.4</Data></Cell>
    <Cell><Data ss:Type="Number">0</Data></Cell>
    <Cell><Data ss:Type="Number">0</Data></Cell>
    <Cell><Data ss:Type="String">2023-12-07 15:37:07.849334</Data></Cell>
   </Row>
   <Row>
    <Cell><Data ss:Type="String">729</Data></Cell>
    <Cell><Data ss:Type="Number">2.4700000000000002</Data></Cell>
    <Cell><Data ss:Type="Number">-9.66</Data></Cell>
    <Cell><Data ss:Type="Number">1.53</Data></Cell>
    <Cell><Data ss:Type="Number">-9.33</Data></Cell>
    <Cell><Data ss:Type="Number">-1.24</Data></Cell>
    <Cell><Data ss:Type="Number">-0.63</Data></Cell>
    <Cell><Data ss:Type="Number">21.9</Data></Cell>
    <Cell><Data ss:Type="Number">40.4</Data></Cell>
    <Cell><Data ss:Type="Number">0</Data></Cell>
    <Cell><Data ss:Type="Number">0</Data></Cell>
    <Cell><Data ss:Type="String">2023-12-07 15:37:07.847557</Data></Cell>
   </Row>
   <Row>
    <Cell><Data ss:Type="String">728</Data></Cell>
    <Cell><Data ss:Type="Number">-3.36</Data></Cell>
    <Cell><Data ss:Type="Number">-10.55</Data></Cell>
    <Cell><Data ss:Type="Number">0.1</Data></Cell>
    <Cell><Data ss:Type="Number">-9.4600000000000009</Data></Cell>
    <Cell><Data ss:Type="Number">-0.56999999999999995</Data></Cell>
    <Cell><Data ss:Type="Number">-0.89</Data></Cell>
    <Cell><Data ss:Type="Number">21.9</Data></Cell>
    <Cell><Data ss:Type="Number">40.4</Data></Cell>
    <Cell><Data ss:Type="Number">0</Data></Cell>
    <Cell><Data ss:Type="Number">0</Data></Cell>
    <Cell><Data ss:Type="String">2023-12-07 15:37:07.845270</Data></Cell>
   </Row>
   <Row>
    <Cell><Data ss:Type="String">727</Data></Cell>
    <Cell><Data ss:Type="Number">-5.42</Data></Cell>
    <Cell><Data ss:Type="Number">-7.53</Data></Cell>
    <Cell><Data ss:Type="Number">-1.48</Data></Cell>
    <Cell><Data ss:Type="Number">-6.42</Data></Cell>
    <Cell><Data ss:Type="Number">2.1800000000000002</Data></Cell>
    <Cell><Data ss:Type="Number">-1.19</Data></Cell>
    <Cell><Data ss:Type="Number">21.9</Data></Cell>
    <Cell><Data ss:Type="Number">40.4</Data></Cell>
    <Cell><Data ss:Type="Number">0</Data></Cell>
    <Cell><Data ss:Type="Number">0</Data></Cell>
    <Cell><Data ss:Type="String">2023-12-07 15:37:07.842661</Data></Cell>
   </Row>
   <Row>
    <Cell><Data ss:Type="String">726</Data></Cell>
    <Cell><Data ss:Type="Number">0.9</Data></Cell>
    <Cell><Data ss:Type="Number">-10.35</Data></Cell>
    <Cell><Data ss:Type="Number">0.25</Data></Cell>
    <Cell><Data ss:Type="Number">-9.4499999999999993</Data></Cell>
    <Cell><Data ss:Type="Number">-0.04</Data></Cell>
    <Cell><Data ss:Type="Number">-0.93</Data></Cell>
    <Cell><Data ss:Type="Number">21.9</Data></Cell>
    <Cell><Data ss:Type="Number">40.4</Data></Cell>
    <Cell><Data ss:Type="Number">0</Data></Cell>
    <Cell><Data ss:Type="Number">0</Data></Cell>
    <Cell><Data ss:Type="String">2023-12-07 15:37:07.837276</Data></Cell>
   </Row>
   <Row>
    <Cell><Data ss:Type="String">725</Data></Cell>
    <Cell><Data ss:Type="Number">0.78</Data></Cell>
    <Cell><Data ss:Type="Number">-10.01</Data></Cell>
    <Cell><Data ss:Type="Number">0.11</Data></Cell>
    <Cell><Data ss:Type="Number">-9.39</Data></Cell>
    <Cell><Data ss:Type="Number">-0.1</Data></Cell>
    <Cell><Data ss:Type="Number">-0.92</Data></Cell>
    <Cell><Data ss:Type="Number">21.9</Data></Cell>
    <Cell><Data ss:Type="Number">40.4</Data></Cell>
    <Cell><Data ss:Type="Number">0</Data></Cell>
    <Cell><Data ss:Type="Number">0</Data></Cell>
    <Cell><Data ss:Type="String">2023-12-07 15:37:07.599161</Data></Cell>
   </Row>
   <Row>
    <Cell><Data ss:Type="String">724</Data></Cell>
    <Cell><Data ss:Type="Number">0.05</Data></Cell>
    <Cell><Data ss:Type="Number">-9.8800000000000008</Data></Cell>
    <Cell><Data ss:Type="Number">0.45</Data></Cell>
    <Cell><Data ss:Type="Number">-9.4600000000000009</Data></Cell>
    <Cell><Data ss:Type="Number">-0.05</Data></Cell>
    <Cell><Data ss:Type="Number">-0.88</Data></Cell>
    <Cell><Data ss:Type="Number">21.9</Data></Cell>
    <Cell><Data ss:Type="Number">40.4</Data></Cell>
    <Cell><Data ss:Type="Number">0</Data></Cell>
    <Cell><Data ss:Type="Number">0</Data></Cell>
    <Cell><Data ss:Type="String">2023-12-07 15:37:07.597362</Data></Cell>
   </Row>
   <Row>
    <Cell><Data ss:Type="String">723</Data></Cell>
    <Cell><Data ss:Type="Number">0.36</Data></Cell>
    <Cell><Data ss:Type="Number">-10.53</Data></Cell>
    <Cell><Data ss:Type="Number">-0.17</Data></Cell>
    <Cell><Data ss:Type="Number">-9.6300000000000008</Data></Cell>
    <Cell><Data ss:Type="Number">-0.14000000000000001</Data></Cell>
    <Cell><Data ss:Type="Number">-0.92</Data></Cell>
    <Cell><Data ss:Type="Number">21.9</Data></Cell>
    <Cell><Data ss:Type="Number">40.4</Data></Cell>
    <Cell><Data ss:Type="Number">0</Data></Cell>
    <Cell><Data ss:Type="Number">0</Data></Cell>
    <Cell><Data ss:Type="String">2023-12-07 15:37:07.546567</Data></Cell>
   </Row>
   <Row>
    <Cell><Data ss:Type="String">722</Data></Cell>
    <Cell><Data ss:Type="Number">0.3</Data></Cell>
    <Cell><Data ss:Type="Number">-9.89</Data></Cell>
    <Cell><Data ss:Type="Number">-0.11</Data></Cell>
    <Cell><Data ss:Type="Number">-9.4499999999999993</Data></Cell>
    <Cell><Data ss:Type="Number">-0.04</Data></Cell>
    <Cell><Data ss:Type="Number">-0.91</Data></Cell>
    <Cell><Data ss:Type="Number">21.9</Data></Cell>
    <Cell><Data ss:Type="Number">40.5</Data></Cell>
    <Cell><Data ss:Type="Number">0</Data></Cell>
    <Cell><Data ss:Type="Number">0</Data></Cell>
    <Cell><Data ss:Type="String">2023-12-07 15:37:07.544034</Data></Cell>
   </Row>
   <Row>
    <Cell><Data ss:Type="String">721</Data></Cell>
    <Cell><Data ss:Type="Number">0.89</Data></Cell>
    <Cell><Data ss:Type="Number">-9.66</Data></Cell>
    <Cell><Data ss:Type="Number">-0.25</Data></Cell>
    <Cell><Data ss:Type="Number">-9.4700000000000006</Data></Cell>
    <Cell><Data ss:Type="Number">-0.15</Data></Cell>
    <Cell><Data ss:Type="Number">-0.91</Data></Cell>
    <Cell><Data ss:Type="Number">21.9</Data></Cell>
    <Cell><Data ss:Type="Number">40.5</Data></Cell>
    <Cell><Data ss:Type="Number">0</Data></Cell>
    <Cell><Data ss:Type="Number">0</Data></Cell>
    <Cell><Data ss:Type="String">2023-12-07 15:37:07.541319</Data></Cell>
   </Row>
   <Row>
    <Cell><Data ss:Type="String">720</Data></Cell>
    <Cell><Data ss:Type="Number">0.36</Data></Cell>
    <Cell><Data ss:Type="Number">-9.64</Data></Cell>
    <Cell><Data ss:Type="Number">-0.2</Data></Cell>
    <Cell><Data ss:Type="Number">-9.3000000000000007</Data></Cell>
    <Cell><Data ss:Type="Number">-0.05</Data></Cell>
    <Cell><Data ss:Type="Number">-0.89</Data></Cell>
    <Cell><Data ss:Type="Number">21.9</Data></Cell>
    <Cell><Data ss:Type="Number">40.5</Data></Cell>
    <Cell><Data ss:Type="Number">0</Data></Cell>
    <Cell><Data ss:Type="Number">0</Data></Cell>
    <Cell><Data ss:Type="String">2023-12-07 15:37:07.539441</Data></Cell>
   </Row>
   <Row>
    <Cell><Data ss:Type="String">719</Data></Cell>
    <Cell><Data ss:Type="Number">0.62</Data></Cell>
    <Cell><Data ss:Type="Number">-10.11</Data></Cell>
    <Cell><Data ss:Type="Number">0.3</Data></Cell>
    <Cell><Data ss:Type="Number">-9.5399999999999991</Data></Cell>
    <Cell><Data ss:Type="Number">-0.1</Data></Cell>
    <Cell><Data ss:Type="Number">-0.97</Data></Cell>
    <Cell><Data ss:Type="Number">21.9</Data></Cell>
    <Cell><Data ss:Type="Number">40.5</Data></Cell>
    <Cell><Data ss:Type="Number">0</Data></Cell>
    <Cell><Data ss:Type="Number">0</Data></Cell>
    <Cell><Data ss:Type="String">2023-12-07 15:37:07.537654</Data></Cell>
   </Row>
   <Row>
    <Cell><Data ss:Type="String">718</Data></Cell>
    <Cell><Data ss:Type="Number">0.24</Data></Cell>
    <Cell><Data ss:Type="Number">-10.07</Data></Cell>
    <Cell><Data ss:Type="Number">0.04</Data></Cell>
    <Cell><Data ss:Type="Number">-9.56</Data></Cell>
    <Cell><Data ss:Type="Number">-0.03</Data></Cell>
    <Cell><Data ss:Type="Number">-0.88</Data></Cell>
    <Cell><Data ss:Type="Number">21.9</Data></Cell>
    <Cell><Data ss:Type="Number">40.5</Data></Cell>
    <Cell><Data ss:Type="Number">0</Data></Cell>
    <Cell><Data ss:Type="Number">0</Data></Cell>
    <Cell><Data ss:Type="String">2023-12-07 15:37:07.346685</Data></Cell>
   </Row>
   <Row>
    <Cell><Data ss:Type="String">717</Data></Cell>
    <Cell><Data ss:Type="Number">0.54</Data></Cell>
    <Cell><Data ss:Type="Number">-10.31</Data></Cell>
    <Cell><Data ss:Type="Number">-0.13</Data></Cell>
    <Cell><Data ss:Type="Number">-9.69</Data></Cell>
    <Cell><Data ss:Type="Number">-0.08</Data></Cell>
    <Cell><Data ss:Type="Number">-0.9</Data></Cell>
    <Cell><Data ss:Type="Number">21.9</Data></Cell>
    <Cell><Data ss:Type="Number">40.5</Data></Cell>
    <Cell><Data ss:Type="Number">0</Data></Cell>
    <Cell><Data ss:Type="Number">0</Data></Cell>
    <Cell><Data ss:Type="String">2023-12-07 15:37:07.322650</Data></Cell>
   </Row>
   <Row>
    <Cell><Data ss:Type="String">716</Data></Cell>
    <Cell><Data ss:Type="Number">0.4</Data></Cell>
    <Cell><Data ss:Type="Number">-10.06</Data></Cell>
    <Cell><Data ss:Type="Number">0.56999999999999995</Data></Cell>
    <Cell><Data ss:Type="Number">-9.48</Data></Cell>
    <Cell><Data ss:Type="Number">-0.06</Data></Cell>
    <Cell><Data ss:Type="Number">-0.87</Data></Cell>
    <Cell><Data ss:Type="Number">21.9</Data></Cell>
    <Cell><Data ss:Type="Number">40.5</Data></Cell>
    <Cell><Data ss:Type="Number">0</Data></Cell>
    <Cell><Data ss:Type="Number">0</Data></Cell>
    <Cell><Data ss:Type="String">2023-12-07 15:37:07.320564</Data></Cell>
   </Row>
   <Row>
    <Cell><Data ss:Type="String">715</Data></Cell>
    <Cell><Data ss:Type="Number">0.15</Data></Cell>
    <Cell><Data ss:Type="Number">-9.49</Data></Cell>
    <Cell><Data ss:Type="Number">0.15</Data></Cell>
    <Cell><Data ss:Type="Number">-9.2899999999999991</Data></Cell>
    <Cell><Data ss:Type="Number">-0.1</Data></Cell>
    <Cell><Data ss:Type="Number">-0.94</Data></Cell>
    <Cell><Data ss:Type="Number">21.9</Data></Cell>
    <Cell><Data ss:Type="Number">40.5</Data></Cell>
    <Cell><Data ss:Type="Number">0</Data></Cell>
    <Cell><Data ss:Type="Number">0</Data></Cell>
    <Cell><Data ss:Type="String">2023-12-07 15:37:07.276441</Data></Cell>
   </Row>
   <Row>
    <Cell><Data ss:Type="String">714</Data></Cell>
    <Cell><Data ss:Type="Number">0.08</Data></Cell>
    <Cell><Data ss:Type="Number">-9.57</Data></Cell>
    <Cell><Data ss:Type="Number">0.4</Data></Cell>
    <Cell><Data ss:Type="Number">-9.5500000000000007</Data></Cell>
    <Cell><Data ss:Type="Number">-0.09</Data></Cell>
    <Cell><Data ss:Type="Number">-0.93</Data></Cell>
    <Cell><Data ss:Type="Number">21.9</Data></Cell>
    <Cell><Data ss:Type="Number">40.5</Data></Cell>
    <Cell><Data ss:Type="Number">0</Data></Cell>
    <Cell><Data ss:Type="Number">0</Data></Cell>
    <Cell><Data ss:Type="String">2023-12-07 15:37:07.229841</Data></Cell>
   </Row>
   <Row>
    <Cell><Data ss:Type="String">713</Data></Cell>
    <Cell><Data ss:Type="Number">0.32</Data></Cell>
    <Cell><Data ss:Type="Number">-10.42</Data></Cell>
    <Cell><Data ss:Type="Number">-0.54</Data></Cell>
    <Cell><Data ss:Type="Number">-9.6300000000000008</Data></Cell>
    <Cell><Data ss:Type="Number">-0.01</Data></Cell>
    <Cell><Data ss:Type="Number">-0.85</Data></Cell>
    <Cell><Data ss:Type="Number">21.9</Data></Cell>
    <Cell><Data ss:Type="Number">40.5</Data></Cell>
    <Cell><Data ss:Type="Number">0</Data></Cell>
    <Cell><Data ss:Type="Number">0</Data></Cell>
    <Cell><Data ss:Type="String">2023-12-07 15:37:07.183675</Data></Cell>
   </Row>
   <Row>
    <Cell><Data ss:Type="String">712</Data></Cell>
    <Cell><Data ss:Type="Number">0.41</Data></Cell>
    <Cell><Data ss:Type="Number">-9.91</Data></Cell>
    <Cell><Data ss:Type="Number">0.04</Data></Cell>
    <Cell><Data ss:Type="Number">-9.5</Data></Cell>
    <Cell><Data ss:Type="Number">-0.1</Data></Cell>
    <Cell><Data ss:Type="Number">-0.88</Data></Cell>
    <Cell><Data ss:Type="Number">21.9</Data></Cell>
    <Cell><Data ss:Type="Number">40.5</Data></Cell>
    <Cell><Data ss:Type="Number">0</Data></Cell>
    <Cell><Data ss:Type="Number">0</Data></Cell>
    <Cell><Data ss:Type="String">2023-12-07 15:37:07.182001</Data></Cell>
   </Row>
   <Row>
    <Cell><Data ss:Type="String">711</Data></Cell>
    <Cell><Data ss:Type="Number">-0.19</Data></Cell>
    <Cell><Data ss:Type="Number">-10.25</Data></Cell>
    <Cell><Data ss:Type="Number">0.01</Data></Cell>
    <Cell><Data ss:Type="Number">-9.4</Data></Cell>
    <Cell><Data ss:Type="Number">-0.11</Data></Cell>
    <Cell><Data ss:Type="Number">-0.93</Data></Cell>
    <Cell><Data ss:Type="Number">21.9</Data></Cell>
    <Cell><Data ss:Type="Number">40.5</Data></Cell>
    <Cell><Data ss:Type="Number">0</Data></Cell>
    <Cell><Data ss:Type="Number">0</Data></Cell>
    <Cell><Data ss:Type="String">2023-12-07 15:37:07.136427</Data></Cell>
   </Row>
   <Row>
    <Cell><Data ss:Type="String">710</Data></Cell>
    <Cell><Data ss:Type="Number">-0.13</Data></Cell>
    <Cell><Data ss:Type="Number">-9.83</Data></Cell>
    <Cell><Data ss:Type="Number">0</Data></Cell>
    <Cell><Data ss:Type="Number">-9.3699999999999992</Data></Cell>
    <Cell><Data ss:Type="Number">-0.1</Data></Cell>
    <Cell><Data ss:Type="Number">-0.91</Data></Cell>
    <Cell><Data ss:Type="Number">21.9</Data></Cell>
    <Cell><Data ss:Type="Number">40.5</Data></Cell>
    <Cell><Data ss:Type="Number">0</Data></Cell>
    <Cell><Data ss:Type="Number">0</Data></Cell>
    <Cell><Data ss:Type="String">2023-12-07 15:37:07.090975</Data></Cell>
   </Row>
   <Row>
    <Cell><Data ss:Type="String">709</Data></Cell>
    <Cell><Data ss:Type="Number">0.32</Data></Cell>
    <Cell><Data ss:Type="Number">-10.66</Data></Cell>
    <Cell><Data ss:Type="Number">-0.09</Data></Cell>
    <Cell><Data ss:Type="Number">-9.59</Data></Cell>
    <Cell><Data ss:Type="Number">-0.09</Data></Cell>
    <Cell><Data ss:Type="Number">-0.92</Data></Cell>
    <Cell><Data ss:Type="Number">21.9</Data></Cell>
    <Cell><Data ss:Type="Number">40.5</Data></Cell>
    <Cell><Data ss:Type="Number">0</Data></Cell>
    <Cell><Data ss:Type="Number">0</Data></Cell>
    <Cell><Data ss:Type="String">2023-12-07 15:37:07.049181</Data></Cell>
   </Row>
   <Row>
    <Cell><Data ss:Type="String">708</Data></Cell>
    <Cell><Data ss:Type="Number">-0.08</Data></Cell>
    <Cell><Data ss:Type="Number">-9.69</Data></Cell>
    <Cell><Data ss:Type="Number">-0.05</Data></Cell>
    <Cell><Data ss:Type="Number">-9.4700000000000006</Data></Cell>
    <Cell><Data ss:Type="Number">-0.03</Data></Cell>
    <Cell><Data ss:Type="Number">-0.9</Data></Cell>
    <Cell><Data ss:Type="Number">21.9</Data></Cell>
    <Cell><Data ss:Type="Number">40.5</Data></Cell>
    <Cell><Data ss:Type="Number">0</Data></Cell>
    <Cell><Data ss:Type="Number">0</Data></Cell>
    <Cell><Data ss:Type="String">2023-12-07 15:37:07.047137</Data></Cell>
   </Row>
   <Row>
    <Cell><Data ss:Type="String">707</Data></Cell>
    <Cell><Data ss:Type="Number">0.57999999999999996</Data></Cell>
    <Cell><Data ss:Type="Number">-10.27</Data></Cell>
    <Cell><Data ss:Type="Number">0.25</Data></Cell>
    <Cell><Data ss:Type="Number">-9.5399999999999991</Data></Cell>
    <Cell><Data ss:Type="Number">-7.0000000000000007E-2</Data></Cell>
    <Cell><Data ss:Type="Number">-0.88</Data></Cell>
    <Cell><Data ss:Type="Number">21.9</Data></Cell>
    <Cell><Data ss:Type="Number">40.5</Data></Cell>
    <Cell><Data ss:Type="Number">0</Data></Cell>
    <Cell><Data ss:Type="Number">0</Data></Cell>
    <Cell><Data ss:Type="String">2023-12-07 15:37:06.998957</Data></Cell>
   </Row>
   <Row>
    <Cell><Data ss:Type="String">706</Data></Cell>
    <Cell><Data ss:Type="Number">0.03</Data></Cell>
    <Cell><Data ss:Type="Number">-9.6999999999999993</Data></Cell>
    <Cell><Data ss:Type="Number">0.37</Data></Cell>
    <Cell><Data ss:Type="Number">-9.34</Data></Cell>
    <Cell><Data ss:Type="Number">-0.03</Data></Cell>
    <Cell><Data ss:Type="Number">-0.95</Data></Cell>
    <Cell><Data ss:Type="Number">21.9</Data></Cell>
    <Cell><Data ss:Type="Number">40.5</Data></Cell>
    <Cell><Data ss:Type="Number">0</Data></Cell>
    <Cell><Data ss:Type="Number">0</Data></Cell>
    <Cell><Data ss:Type="String">2023-12-07 15:37:06.959012</Data></Cell>
   </Row>
   <Row>
    <Cell><Data ss:Type="String">705</Data></Cell>
    <Cell><Data ss:Type="Number">-0.1</Data></Cell>
    <Cell><Data ss:Type="Number">-10.28</Data></Cell>
    <Cell><Data ss:Type="Number">0.28000000000000003</Data></Cell>
    <Cell><Data ss:Type="Number">-9.52</Data></Cell>
    <Cell><Data ss:Type="Number">-0.06</Data></Cell>
    <Cell><Data ss:Type="Number">-0.85</Data></Cell>
    <Cell><Data ss:Type="Number">21.9</Data></Cell>
    <Cell><Data ss:Type="Number">40.5</Data></Cell>
    <Cell><Data ss:Type="Number">0</Data></Cell>
    <Cell><Data ss:Type="Number">0</Data></Cell>
    <Cell><Data ss:Type="String">2023-12-07 15:37:06.956915</Data></Cell>
   </Row>
   <Row>
    <Cell><Data ss:Type="String">704</Data></Cell>
    <Cell><Data ss:Type="Number">0.28999999999999998</Data></Cell>
    <Cell><Data ss:Type="Number">-10.24</Data></Cell>
    <Cell><Data ss:Type="Number">-0.25</Data></Cell>
    <Cell><Data ss:Type="Number">-9.5399999999999991</Data></Cell>
    <Cell><Data ss:Type="Number">-0.12</Data></Cell>
    <Cell><Data ss:Type="Number">-0.95</Data></Cell>
    <Cell><Data ss:Type="Number">21.9</Data></Cell>
    <Cell><Data ss:Type="Number">40.5</Data></Cell>
    <Cell><Data ss:Type="Number">0</Data></Cell>
    <Cell><Data ss:Type="Number">0</Data></Cell>
    <Cell><Data ss:Type="String">2023-12-07 15:37:06.906697</Data></Cell>
   </Row>
   <Row>
    <Cell><Data ss:Type="String">703</Data></Cell>
    <Cell><Data ss:Type="Number">0.12</Data></Cell>
    <Cell><Data ss:Type="Number">-10.14</Data></Cell>
    <Cell><Data ss:Type="Number">0.08</Data></Cell>
    <Cell><Data ss:Type="Number">-9.42</Data></Cell>
    <Cell><Data ss:Type="Number">-7.0000000000000007E-2</Data></Cell>
    <Cell><Data ss:Type="Number">-0.91</Data></Cell>
    <Cell><Data ss:Type="Number">21.9</Data></Cell>
    <Cell><Data ss:Type="Number">40.5</Data></Cell>
    <Cell><Data ss:Type="Number">0</Data></Cell>
    <Cell><Data ss:Type="Number">0</Data></Cell>
    <Cell><Data ss:Type="String">2023-12-07 15:37:06.874776</Data></Cell>
   </Row>
   <Row>
    <Cell><Data ss:Type="String">702</Data></Cell>
    <Cell><Data ss:Type="Number">-7.0000000000000007E-2</Data></Cell>
    <Cell><Data ss:Type="Number">-9.69</Data></Cell>
    <Cell><Data ss:Type="Number">-0.01</Data></Cell>
    <Cell><Data ss:Type="Number">-9.1199999999999992</Data></Cell>
    <Cell><Data ss:Type="Number">0</Data></Cell>
    <Cell><Data ss:Type="Number">-0.88</Data></Cell>
    <Cell><Data ss:Type="Number">21.9</Data></Cell>
    <Cell><Data ss:Type="Number">40.5</Data></Cell>
    <Cell><Data ss:Type="Number">0</Data></Cell>
    <Cell><Data ss:Type="Number">0</Data></Cell>
    <Cell><Data ss:Type="String">2023-12-07 15:37:06.873103</Data></Cell>
   </Row>
   <Row>
    <Cell><Data ss:Type="String">701</Data></Cell>
    <Cell><Data ss:Type="Number">0.57999999999999996</Data></Cell>
    <Cell><Data ss:Type="Number">-10.49</Data></Cell>
    <Cell><Data ss:Type="Number">0.15</Data></Cell>
    <Cell><Data ss:Type="Number">-9.52</Data></Cell>
    <Cell><Data ss:Type="Number">-7.0000000000000007E-2</Data></Cell>
    <Cell><Data ss:Type="Number">-1.02</Data></Cell>
    <Cell><Data ss:Type="Number">21.9</Data></Cell>
    <Cell><Data ss:Type="Number">40.5</Data></Cell>
    <Cell><Data ss:Type="Number">0</Data></Cell>
    <Cell><Data ss:Type="Number">0</Data></Cell>
    <Cell><Data ss:Type="String">2023-12-07 15:37:06.871512</Data></Cell>
   </Row>
   <Row>
    <Cell><Data ss:Type="String">700</Data></Cell>
    <Cell><Data ss:Type="Number">0.32</Data></Cell>
    <Cell><Data ss:Type="Number">-9.19</Data></Cell>
    <Cell><Data ss:Type="Number">0.74</Data></Cell>
    <Cell><Data ss:Type="Number">-9.61</Data></Cell>
    <Cell><Data ss:Type="Number">-0.09</Data></Cell>
    <Cell><Data ss:Type="Number">-0.81</Data></Cell>
    <Cell><Data ss:Type="Number">21.9</Data></Cell>
    <Cell><Data ss:Type="Number">40.5</Data></Cell>
    <Cell><Data ss:Type="Number">0</Data></Cell>
    <Cell><Data ss:Type="Number">0</Data></Cell>
    <Cell><Data ss:Type="String">2023-12-07 15:37:06.870010</Data></Cell>
   </Row>
   <Row>
    <Cell><Data ss:Type="String">699</Data></Cell>
    <Cell><Data ss:Type="Number">0.61</Data></Cell>
    <Cell><Data ss:Type="Number">-10.32</Data></Cell>
    <Cell><Data ss:Type="Number">0.22</Data></Cell>
    <Cell><Data ss:Type="Number">-9.5399999999999991</Data></Cell>
    <Cell><Data ss:Type="Number">-0.17</Data></Cell>
    <Cell><Data ss:Type="Number">-0.98</Data></Cell>
    <Cell><Data ss:Type="Number">21.9</Data></Cell>
    <Cell><Data ss:Type="Number">40.5</Data></Cell>
    <Cell><Data ss:Type="Number">0</Data></Cell>
    <Cell><Data ss:Type="Number">0</Data></Cell>
    <Cell><Data ss:Type="String">2023-12-07 15:37:06.868062</Data></Cell>
   </Row>
   <Row>
    <Cell><Data ss:Type="String">698</Data></Cell>
    <Cell><Data ss:Type="Number">-0.2</Data></Cell>
    <Cell><Data ss:Type="Number">-9.2899999999999991</Data></Cell>
    <Cell><Data ss:Type="Number">0.52</Data></Cell>
    <Cell><Data ss:Type="Number">-9.43</Data></Cell>
    <Cell><Data ss:Type="Number">0.27</Data></Cell>
    <Cell><Data ss:Type="Number">-0.85</Data></Cell>
    <Cell><Data ss:Type="Number">21.9</Data></Cell>
    <Cell><Data ss:Type="Number">40.5</Data></Cell>
    <Cell><Data ss:Type="Number">0</Data></Cell>
    <Cell><Data ss:Type="Number">0</Data></Cell>
    <Cell><Data ss:Type="String">2023-12-07 15:37:06.866377</Data></Cell>
   </Row>
   <Row>
    <Cell><Data ss:Type="String">697</Data></Cell>
    <Cell><Data ss:Type="Number">0.57999999999999996</Data></Cell>
    <Cell><Data ss:Type="Number">-10</Data></Cell>
    <Cell><Data ss:Type="Number">0.24</Data></Cell>
    <Cell><Data ss:Type="Number">-9.3699999999999992</Data></Cell>
    <Cell><Data ss:Type="Number">-0.11</Data></Cell>
    <Cell><Data ss:Type="Number">-0.98</Data></Cell>
    <Cell><Data ss:Type="Number">21.9</Data></Cell>
    <Cell><Data ss:Type="Number">40.5</Data></Cell>
    <Cell><Data ss:Type="Number">0</Data></Cell>
    <Cell><Data ss:Type="Number">0</Data></Cell>
    <Cell><Data ss:Type="String">2023-12-07 15:37:06.861404</Data></Cell>
   </Row>
   <Row>
    <Cell><Data ss:Type="String">696</Data></Cell>
    <Cell><Data ss:Type="Number">0.99</Data></Cell>
    <Cell><Data ss:Type="Number">-10.08</Data></Cell>
    <Cell><Data ss:Type="Number">0.61</Data></Cell>
    <Cell><Data ss:Type="Number">-9.32</Data></Cell>
    <Cell><Data ss:Type="Number">-0.39</Data></Cell>
    <Cell><Data ss:Type="Number">-0.9</Data></Cell>
    <Cell><Data ss:Type="Number">21.9</Data></Cell>
    <Cell><Data ss:Type="Number">40.5</Data></Cell>
    <Cell><Data ss:Type="Number">0</Data></Cell>
    <Cell><Data ss:Type="Number">0</Data></Cell>
    <Cell><Data ss:Type="String">2023-12-07 15:37:06.636454</Data></Cell>
   </Row>
   <Row>
    <Cell><Data ss:Type="String">695</Data></Cell>
    <Cell><Data ss:Type="Number">-0.17</Data></Cell>
    <Cell><Data ss:Type="Number">-9.77</Data></Cell>
    <Cell><Data ss:Type="Number">0.19</Data></Cell>
    <Cell><Data ss:Type="Number">-9.52</Data></Cell>
    <Cell><Data ss:Type="Number">0.03</Data></Cell>
    <Cell><Data ss:Type="Number">-0.81</Data></Cell>
    <Cell><Data ss:Type="Number">21.9</Data></Cell>
    <Cell><Data ss:Type="Number">40.5</Data></Cell>
    <Cell><Data ss:Type="Number">0</Data></Cell>
    <Cell><Data ss:Type="Number">0</Data></Cell>
    <Cell><Data ss:Type="String">2023-12-07 15:37:06.634616</Data></Cell>
   </Row>
   <Row>
    <Cell><Data ss:Type="String">694</Data></Cell>
    <Cell><Data ss:Type="Number">-1.23</Data></Cell>
    <Cell><Data ss:Type="Number">-10.33</Data></Cell>
    <Cell><Data ss:Type="Number">-0.61</Data></Cell>
    <Cell><Data ss:Type="Number">-9.64</Data></Cell>
    <Cell><Data ss:Type="Number">0.72</Data></Cell>
    <Cell><Data ss:Type="Number">-1.06</Data></Cell>
    <Cell><Data ss:Type="Number">21.9</Data></Cell>
    <Cell><Data ss:Type="Number">40.5</Data></Cell>
    <Cell><Data ss:Type="Number">0</Data></Cell>
    <Cell><Data ss:Type="Number">0</Data></Cell>
    <Cell><Data ss:Type="String">2023-12-07 15:37:06.568931</Data></Cell>
   </Row>
   <Row>
    <Cell><Data ss:Type="String">693</Data></Cell>
    <Cell><Data ss:Type="Number">1.78</Data></Cell>
    <Cell><Data ss:Type="Number">-10.119999999999999</Data></Cell>
    <Cell><Data ss:Type="Number">0.77</Data></Cell>
    <Cell><Data ss:Type="Number">-9.25</Data></Cell>
    <Cell><Data ss:Type="Number">-0.22</Data></Cell>
    <Cell><Data ss:Type="Number">-0.96</Data></Cell>
    <Cell><Data ss:Type="Number">21.9</Data></Cell>
    <Cell><Data ss:Type="Number">40.5</Data></Cell>
    <Cell><Data ss:Type="Number">0</Data></Cell>
    <Cell><Data ss:Type="Number">0</Data></Cell>
    <Cell><Data ss:Type="String">2023-12-07 15:37:06.531994</Data></Cell>
   </Row>
   <Row>
    <Cell><Data ss:Type="String">692</Data></Cell>
    <Cell><Data ss:Type="Number">-2.67</Data></Cell>
    <Cell><Data ss:Type="Number">-9.16</Data></Cell>
    <Cell><Data ss:Type="Number">0.43</Data></Cell>
    <Cell><Data ss:Type="Number">-9.64</Data></Cell>
    <Cell><Data ss:Type="Number">-1.22</Data></Cell>
    <Cell><Data ss:Type="Number">-0.81</Data></Cell>
    <Cell><Data ss:Type="Number">21.9</Data></Cell>
    <Cell><Data ss:Type="Number">40.5</Data></Cell>
    <Cell><Data ss:Type="Number">0</Data></Cell>
    <Cell><Data ss:Type="Number">0</Data></Cell>
    <Cell><Data ss:Type="String">2023-12-07 15:37:06.529659</Data></Cell>
   </Row>
   <Row>
    <Cell><Data ss:Type="String">691</Data></Cell>
    <Cell><Data ss:Type="Number">-3.5</Data></Cell>
    <Cell><Data ss:Type="Number">-10.39</Data></Cell>
    <Cell><Data ss:Type="Number">-1.41</Data></Cell>
    <Cell><Data ss:Type="Number">-9.42</Data></Cell>
    <Cell><Data ss:Type="Number">1.21</Data></Cell>
    <Cell><Data ss:Type="Number">-1.03</Data></Cell>
    <Cell><Data ss:Type="Number">21.9</Data></Cell>
    <Cell><Data ss:Type="Number">40.5</Data></Cell>
    <Cell><Data ss:Type="Number">0</Data></Cell>
    <Cell><Data ss:Type="Number">0</Data></Cell>
    <Cell><Data ss:Type="String">2023-12-07 15:37:06.527241</Data></Cell>
   </Row>
   <Row>
    <Cell><Data ss:Type="String">690</Data></Cell>
    <Cell><Data ss:Type="Number">-2.72</Data></Cell>
    <Cell><Data ss:Type="Number">-14.52</Data></Cell>
    <Cell><Data ss:Type="Number">-1.61</Data></Cell>
    <Cell><Data ss:Type="Number">-15.8</Data></Cell>
    <Cell><Data ss:Type="Number">1.7</Data></Cell>
    <Cell><Data ss:Type="Number">-0.55000000000000004</Data></Cell>
    <Cell><Data ss:Type="Number">21.9</Data></Cell>
    <Cell><Data ss:Type="Number">40.5</Data></Cell>
    <Cell><Data ss:Type="Number">0</Data></Cell>
    <Cell><Data ss:Type="Number">0</Data></Cell>
    <Cell><Data ss:Type="String">2023-12-07 15:37:06.524532</Data></Cell>
   </Row>
   <Row>
    <Cell><Data ss:Type="String">689</Data></Cell>
    <Cell><Data ss:Type="Number">0.3</Data></Cell>
    <Cell><Data ss:Type="Number">-10.210000000000001</Data></Cell>
    <Cell><Data ss:Type="Number">0.21</Data></Cell>
    <Cell><Data ss:Type="Number">-9.5500000000000007</Data></Cell>
    <Cell><Data ss:Type="Number">-0.08</Data></Cell>
    <Cell><Data ss:Type="Number">-0.9</Data></Cell>
    <Cell><Data ss:Type="Number">21.9</Data></Cell>
    <Cell><Data ss:Type="Number">40.5</Data></Cell>
    <Cell><Data ss:Type="Number">0</Data></Cell>
    <Cell><Data ss:Type="Number">0</Data></Cell>
    <Cell><Data ss:Type="String">2023-12-07 15:37:06.521650</Data></Cell>
   </Row>
   <Row>
    <Cell><Data ss:Type="String">688</Data></Cell>
    <Cell><Data ss:Type="Number">0.27</Data></Cell>
    <Cell><Data ss:Type="Number">-10.210000000000001</Data></Cell>
    <Cell><Data ss:Type="Number">0.37</Data></Cell>
    <Cell><Data ss:Type="Number">-9.49</Data></Cell>
    <Cell><Data ss:Type="Number">-0.05</Data></Cell>
    <Cell><Data ss:Type="Number">-0.92</Data></Cell>
    <Cell><Data ss:Type="Number">21.9</Data></Cell>
    <Cell><Data ss:Type="Number">40.5</Data></Cell>
    <Cell><Data ss:Type="Number">0</Data></Cell>
    <Cell><Data ss:Type="Number">0</Data></Cell>
    <Cell><Data ss:Type="String">2023-12-07 15:37:06.519868</Data></Cell>
   </Row>
   <Row>
    <Cell><Data ss:Type="String">687</Data></Cell>
    <Cell><Data ss:Type="Number">0.27</Data></Cell>
    <Cell><Data ss:Type="Number">-9.99</Data></Cell>
    <Cell><Data ss:Type="Number">7.0000000000000007E-2</Data></Cell>
    <Cell><Data ss:Type="Number">-9.42</Data></Cell>
    <Cell><Data ss:Type="Number">-7.0000000000000007E-2</Data></Cell>
    <Cell><Data ss:Type="Number">-0.91</Data></Cell>
    <Cell><Data ss:Type="Number">21.9</Data></Cell>
    <Cell><Data ss:Type="Number">40.5</Data></Cell>
    <Cell><Data ss:Type="Number">0</Data></Cell>
    <Cell><Data ss:Type="Number">0</Data></Cell>
    <Cell><Data ss:Type="String">2023-12-07 15:37:06.514431</Data></Cell>
   </Row>
   <Row>
    <Cell><Data ss:Type="String">686</Data></Cell>
    <Cell><Data ss:Type="Number">0.28999999999999998</Data></Cell>
    <Cell><Data ss:Type="Number">-9.93</Data></Cell>
    <Cell><Data ss:Type="Number">0.09</Data></Cell>
    <Cell><Data ss:Type="Number">-9.42</Data></Cell>
    <Cell><Data ss:Type="Number">-0.06</Data></Cell>
    <Cell><Data ss:Type="Number">-0.94</Data></Cell>
    <Cell><Data ss:Type="Number">21.9</Data></Cell>
    <Cell><Data ss:Type="Number">40.5</Data></Cell>
    <Cell><Data ss:Type="Number">0</Data></Cell>
    <Cell><Data ss:Type="Number">0</Data></Cell>
    <Cell><Data ss:Type="String">2023-12-07 15:37:06.284223</Data></Cell>
   </Row>
   <Row>
    <Cell><Data ss:Type="String">685</Data></Cell>
    <Cell><Data ss:Type="Number">0.25</Data></Cell>
    <Cell><Data ss:Type="Number">-10.039999999999999</Data></Cell>
    <Cell><Data ss:Type="Number">0.11</Data></Cell>
    <Cell><Data ss:Type="Number">-9.51</Data></Cell>
    <Cell><Data ss:Type="Number">-7.0000000000000007E-2</Data></Cell>
    <Cell><Data ss:Type="Number">-0.88</Data></Cell>
    <Cell><Data ss:Type="Number">21.9</Data></Cell>
    <Cell><Data ss:Type="Number">40.5</Data></Cell>
    <Cell><Data ss:Type="Number">0</Data></Cell>
    <Cell><Data ss:Type="Number">0</Data></Cell>
    <Cell><Data ss:Type="String">2023-12-07 15:37:06.282089</Data></Cell>
   </Row>
   <Row>
    <Cell><Data ss:Type="String">684</Data></Cell>
    <Cell><Data ss:Type="Number">0.28999999999999998</Data></Cell>
    <Cell><Data ss:Type="Number">-10.24</Data></Cell>
    <Cell><Data ss:Type="Number">0.19</Data></Cell>
    <Cell><Data ss:Type="Number">-9.52</Data></Cell>
    <Cell><Data ss:Type="Number">-7.0000000000000007E-2</Data></Cell>
    <Cell><Data ss:Type="Number">-0.9</Data></Cell>
    <Cell><Data ss:Type="Number">21.9</Data></Cell>
    <Cell><Data ss:Type="Number">40.5</Data></Cell>
    <Cell><Data ss:Type="Number">0</Data></Cell>
    <Cell><Data ss:Type="Number">0</Data></Cell>
    <Cell><Data ss:Type="String">2023-12-07 15:37:06.230650</Data></Cell>
   </Row>
   <Row>
    <Cell><Data ss:Type="String">683</Data></Cell>
    <Cell><Data ss:Type="Number">0.42</Data></Cell>
    <Cell><Data ss:Type="Number">-10.15</Data></Cell>
    <Cell><Data ss:Type="Number">0.21</Data></Cell>
    <Cell><Data ss:Type="Number">-9.4600000000000009</Data></Cell>
    <Cell><Data ss:Type="Number">-0.06</Data></Cell>
    <Cell><Data ss:Type="Number">-0.92</Data></Cell>
    <Cell><Data ss:Type="Number">21.9</Data></Cell>
    <Cell><Data ss:Type="Number">40.5</Data></Cell>
    <Cell><Data ss:Type="Number">0</Data></Cell>
    <Cell><Data ss:Type="Number">0</Data></Cell>
    <Cell><Data ss:Type="String">2023-12-07 15:37:06.185699</Data></Cell>
   </Row>
   <Row>
    <Cell><Data ss:Type="String">682</Data></Cell>
    <Cell><Data ss:Type="Number">0.28000000000000003</Data></Cell>
    <Cell><Data ss:Type="Number">-9.91</Data></Cell>
    <Cell><Data ss:Type="Number">0.1</Data></Cell>
    <Cell><Data ss:Type="Number">-9.41</Data></Cell>
    <Cell><Data ss:Type="Number">-7.0000000000000007E-2</Data></Cell>
    <Cell><Data ss:Type="Number">-0.93</Data></Cell>
    <Cell><Data ss:Type="Number">21.9</Data></Cell>
    <Cell><Data ss:Type="Number">40.5</Data></Cell>
    <Cell><Data ss:Type="Number">0</Data></Cell>
    <Cell><Data ss:Type="Number">0</Data></Cell>
    <Cell><Data ss:Type="String">2023-12-07 15:37:06.183879</Data></Cell>
   </Row>
   <Row>
    <Cell><Data ss:Type="String">681</Data></Cell>
    <Cell><Data ss:Type="Number">0.3</Data></Cell>
    <Cell><Data ss:Type="Number">-10.02</Data></Cell>
    <Cell><Data ss:Type="Number">0.09</Data></Cell>
    <Cell><Data ss:Type="Number">-9.49</Data></Cell>
    <Cell><Data ss:Type="Number">-0.06</Data></Cell>
    <Cell><Data ss:Type="Number">-0.92</Data></Cell>
    <Cell><Data ss:Type="Number">21.9</Data></Cell>
    <Cell><Data ss:Type="Number">40.5</Data></Cell>
    <Cell><Data ss:Type="Number">0</Data></Cell>
    <Cell><Data ss:Type="Number">0</Data></Cell>
    <Cell><Data ss:Type="String">2023-12-07 15:37:06.139087</Data></Cell>
   </Row>
   <Row>
    <Cell><Data ss:Type="String">680</Data></Cell>
    <Cell><Data ss:Type="Number">0.3</Data></Cell>
    <Cell><Data ss:Type="Number">-10.1</Data></Cell>
    <Cell><Data ss:Type="Number">0.15</Data></Cell>
    <Cell><Data ss:Type="Number">-9.5</Data></Cell>
    <Cell><Data ss:Type="Number">-0.08</Data></Cell>
    <Cell><Data ss:Type="Number">-0.9</Data></Cell>
    <Cell><Data ss:Type="Number">21.9</Data></Cell>
    <Cell><Data ss:Type="Number">40.5</Data></Cell>
    <Cell><Data ss:Type="Number">0</Data></Cell>
    <Cell><Data ss:Type="Number">0</Data></Cell>
    <Cell><Data ss:Type="String">2023-12-07 15:37:06.091930</Data></Cell>
   </Row>
   <Row>
    <Cell><Data ss:Type="String">679</Data></Cell>
    <Cell><Data ss:Type="Number">0.25</Data></Cell>
    <Cell><Data ss:Type="Number">-10.16</Data></Cell>
    <Cell><Data ss:Type="Number">0.19</Data></Cell>
    <Cell><Data ss:Type="Number">-9.5500000000000007</Data></Cell>
    <Cell><Data ss:Type="Number">-0.06</Data></Cell>
    <Cell><Data ss:Type="Number">-0.9</Data></Cell>
    <Cell><Data ss:Type="Number">21.9</Data></Cell>
    <Cell><Data ss:Type="Number">40.5</Data></Cell>
    <Cell><Data ss:Type="Number">0</Data></Cell>
    <Cell><Data ss:Type="Number">0</Data></Cell>
    <Cell><Data ss:Type="String">2023-12-07 15:37:06.049385</Data></Cell>
   </Row>
   <Row>
    <Cell><Data ss:Type="String">678</Data></Cell>
    <Cell><Data ss:Type="Number">0.23</Data></Cell>
    <Cell><Data ss:Type="Number">-10.09</Data></Cell>
    <Cell><Data ss:Type="Number">0.14000000000000001</Data></Cell>
    <Cell><Data ss:Type="Number">-9.49</Data></Cell>
    <Cell><Data ss:Type="Number">-0.04</Data></Cell>
    <Cell><Data ss:Type="Number">-0.92</Data></Cell>
    <Cell><Data ss:Type="Number">21.9</Data></Cell>
    <Cell><Data ss:Type="Number">40.5</Data></Cell>
    <Cell><Data ss:Type="Number">0</Data></Cell>
    <Cell><Data ss:Type="Number">0</Data></Cell>
    <Cell><Data ss:Type="String">2023-12-07 15:37:06.047207</Data></Cell>
   </Row>
   <Row>
    <Cell><Data ss:Type="String">677</Data></Cell>
    <Cell><Data ss:Type="Number">0.26</Data></Cell>
    <Cell><Data ss:Type="Number">-9.99</Data></Cell>
    <Cell><Data ss:Type="Number">0.11</Data></Cell>
    <Cell><Data ss:Type="Number">-9.42</Data></Cell>
    <Cell><Data ss:Type="Number">-0.08</Data></Cell>
    <Cell><Data ss:Type="Number">-0.91</Data></Cell>
    <Cell><Data ss:Type="Number">21.9</Data></Cell>
    <Cell><Data ss:Type="Number">40.5</Data></Cell>
    <Cell><Data ss:Type="Number">0</Data></Cell>
    <Cell><Data ss:Type="Number">0</Data></Cell>
    <Cell><Data ss:Type="String">2023-12-07 15:37:06.003472</Data></Cell>
   </Row>
   <Row>
    <Cell><Data ss:Type="String">676</Data></Cell>
    <Cell><Data ss:Type="Number">0.31</Data></Cell>
    <Cell><Data ss:Type="Number">-10.050000000000001</Data></Cell>
    <Cell><Data ss:Type="Number">0.11</Data></Cell>
    <Cell><Data ss:Type="Number">-9.4700000000000006</Data></Cell>
    <Cell><Data ss:Type="Number">-0.1</Data></Cell>
    <Cell><Data ss:Type="Number">-0.93</Data></Cell>
    <Cell><Data ss:Type="Number">21.9</Data></Cell>
    <Cell><Data ss:Type="Number">40.5</Data></Cell>
    <Cell><Data ss:Type="Number">0</Data></Cell>
    <Cell><Data ss:Type="Number">0</Data></Cell>
    <Cell><Data ss:Type="String">2023-12-07 15:37:06.001589</Data></Cell>
   </Row>
   <Row>
    <Cell><Data ss:Type="String">675</Data></Cell>
    <Cell><Data ss:Type="Number">0.31</Data></Cell>
    <Cell><Data ss:Type="Number">-10.130000000000001</Data></Cell>
    <Cell><Data ss:Type="Number">0.18</Data></Cell>
    <Cell><Data ss:Type="Number">-9.5500000000000007</Data></Cell>
    <Cell><Data ss:Type="Number">-0.08</Data></Cell>
    <Cell><Data ss:Type="Number">-0.88</Data></Cell>
    <Cell><Data ss:Type="Number">21.9</Data></Cell>
    <Cell><Data ss:Type="Number">40.5</Data></Cell>
    <Cell><Data ss:Type="Number">0</Data></Cell>
    <Cell><Data ss:Type="Number">0</Data></Cell>
    <Cell><Data ss:Type="String">2023-12-07 15:37:05.927055</Data></Cell>
   </Row>
   <Row>
    <Cell><Data ss:Type="String">674</Data></Cell>
    <Cell><Data ss:Type="Number">0.33</Data></Cell>
    <Cell><Data ss:Type="Number">-10.220000000000001</Data></Cell>
    <Cell><Data ss:Type="Number">0.2</Data></Cell>
    <Cell><Data ss:Type="Number">-9.5500000000000007</Data></Cell>
    <Cell><Data ss:Type="Number">-0.06</Data></Cell>
    <Cell><Data ss:Type="Number">-0.88</Data></Cell>
    <Cell><Data ss:Type="Number">21.9</Data></Cell>
    <Cell><Data ss:Type="Number">40.5</Data></Cell>
    <Cell><Data ss:Type="Number">0</Data></Cell>
    <Cell><Data ss:Type="Number">0</Data></Cell>
    <Cell><Data ss:Type="String">2023-12-07 15:37:05.880731</Data></Cell>
   </Row>
   <Row>
    <Cell><Data ss:Type="String">673</Data></Cell>
    <Cell><Data ss:Type="Number">0.27</Data></Cell>
    <Cell><Data ss:Type="Number">-10.01</Data></Cell>
    <Cell><Data ss:Type="Number">0.12</Data></Cell>
    <Cell><Data ss:Type="Number">-9.43</Data></Cell>
    <Cell><Data ss:Type="Number">-0.06</Data></Cell>
    <Cell><Data ss:Type="Number">-0.94</Data></Cell>
    <Cell><Data ss:Type="Number">21.9</Data></Cell>
    <Cell><Data ss:Type="Number">40.5</Data></Cell>
    <Cell><Data ss:Type="Number">0</Data></Cell>
    <Cell><Data ss:Type="Number">0</Data></Cell>
    <Cell><Data ss:Type="String">2023-12-07 15:37:05.878141</Data></Cell>
   </Row>
   <Row>
    <Cell><Data ss:Type="String">672</Data></Cell>
    <Cell><Data ss:Type="Number">0.36</Data></Cell>
    <Cell><Data ss:Type="Number">-9.93</Data></Cell>
    <Cell><Data ss:Type="Number">0.09</Data></Cell>
    <Cell><Data ss:Type="Number">-9.42</Data></Cell>
    <Cell><Data ss:Type="Number">-0.08</Data></Cell>
    <Cell><Data ss:Type="Number">-0.93</Data></Cell>
    <Cell><Data ss:Type="Number">21.9</Data></Cell>
    <Cell><Data ss:Type="Number">40.5</Data></Cell>
    <Cell><Data ss:Type="Number">0</Data></Cell>
    <Cell><Data ss:Type="Number">0</Data></Cell>
    <Cell><Data ss:Type="String">2023-12-07 15:37:05.832194</Data></Cell>
   </Row>
   <Row>
    <Cell><Data ss:Type="String">671</Data></Cell>
    <Cell><Data ss:Type="Number">0.25</Data></Cell>
    <Cell><Data ss:Type="Number">-9.9600000000000009</Data></Cell>
    <Cell><Data ss:Type="Number">0.1</Data></Cell>
    <Cell><Data ss:Type="Number">-9.4600000000000009</Data></Cell>
    <Cell><Data ss:Type="Number">-0.08</Data></Cell>
    <Cell><Data ss:Type="Number">-0.92</Data></Cell>
    <Cell><Data ss:Type="Number">21.9</Data></Cell>
    <Cell><Data ss:Type="Number">40.5</Data></Cell>
    <Cell><Data ss:Type="Number">0</Data></Cell>
    <Cell><Data ss:Type="Number">0</Data></Cell>
    <Cell><Data ss:Type="String">2023-12-07 15:37:05.787339</Data></Cell>
   </Row>
   <Row>
    <Cell><Data ss:Type="String">670</Data></Cell>
    <Cell><Data ss:Type="Number">0.3</Data></Cell>
    <Cell><Data ss:Type="Number">-9.99</Data></Cell>
    <Cell><Data ss:Type="Number">0.35</Data></Cell>
    <Cell><Data ss:Type="Number">-9.52</Data></Cell>
    <Cell><Data ss:Type="Number">-0.09</Data></Cell>
    <Cell><Data ss:Type="Number">-0.9</Data></Cell>
    <Cell><Data ss:Type="Number">21.9</Data></Cell>
    <Cell><Data ss:Type="Number">40.5</Data></Cell>
    <Cell><Data ss:Type="Number">0</Data></Cell>
    <Cell><Data ss:Type="Number">0</Data></Cell>
    <Cell><Data ss:Type="String">2023-12-07 15:37:05.785363</Data></Cell>
   </Row>
   <Row>
    <Cell><Data ss:Type="String">669</Data></Cell>
    <Cell><Data ss:Type="Number">0.31</Data></Cell>
    <Cell><Data ss:Type="Number">-10.27</Data></Cell>
    <Cell><Data ss:Type="Number">0.17</Data></Cell>
    <Cell><Data ss:Type="Number">-9.51</Data></Cell>
    <Cell><Data ss:Type="Number">-7.0000000000000007E-2</Data></Cell>
    <Cell><Data ss:Type="Number">-0.88</Data></Cell>
    <Cell><Data ss:Type="Number">21.9</Data></Cell>
    <Cell><Data ss:Type="Number">40.5</Data></Cell>
    <Cell><Data ss:Type="Number">0</Data></Cell>
    <Cell><Data ss:Type="Number">0</Data></Cell>
    <Cell><Data ss:Type="String">2023-12-07 15:37:05.740073</Data></Cell>
   </Row>
   <Row>
    <Cell><Data ss:Type="String">668</Data></Cell>
    <Cell><Data ss:Type="Number">0.25</Data></Cell>
    <Cell><Data ss:Type="Number">-9.92</Data></Cell>
    <Cell><Data ss:Type="Number">0.1</Data></Cell>
    <Cell><Data ss:Type="Number">-9.42</Data></Cell>
    <Cell><Data ss:Type="Number">-0.06</Data></Cell>
    <Cell><Data ss:Type="Number">-0.94</Data></Cell>
    <Cell><Data ss:Type="Number">21.9</Data></Cell>
    <Cell><Data ss:Type="Number">40.5</Data></Cell>
    <Cell><Data ss:Type="Number">0</Data></Cell>
    <Cell><Data ss:Type="Number">0</Data></Cell>
    <Cell><Data ss:Type="String">2023-12-07 15:37:05.695103</Data></Cell>
   </Row>
   <Row>
    <Cell><Data ss:Type="String">667</Data></Cell>
    <Cell><Data ss:Type="Number">0.27</Data></Cell>
    <Cell><Data ss:Type="Number">-9.93</Data></Cell>
    <Cell><Data ss:Type="Number">0.13</Data></Cell>
    <Cell><Data ss:Type="Number">-9.43</Data></Cell>
    <Cell><Data ss:Type="Number">-0.06</Data></Cell>
    <Cell><Data ss:Type="Number">-0.93</Data></Cell>
    <Cell><Data ss:Type="Number">21.9</Data></Cell>
    <Cell><Data ss:Type="Number">40.5</Data></Cell>
    <Cell><Data ss:Type="Number">0</Data></Cell>
    <Cell><Data ss:Type="Number">0</Data></Cell>
    <Cell><Data ss:Type="String">2023-12-07 15:37:05.651756</Data></Cell>
   </Row>
   <Row>
    <Cell><Data ss:Type="String">666</Data></Cell>
    <Cell><Data ss:Type="Number">0.25</Data></Cell>
    <Cell><Data ss:Type="Number">-10.039999999999999</Data></Cell>
    <Cell><Data ss:Type="Number">0.11</Data></Cell>
    <Cell><Data ss:Type="Number">-9.5399999999999991</Data></Cell>
    <Cell><Data ss:Type="Number">-0.09</Data></Cell>
    <Cell><Data ss:Type="Number">-0.88</Data></Cell>
    <Cell><Data ss:Type="Number">21.9</Data></Cell>
    <Cell><Data ss:Type="Number">40.5</Data></Cell>
    <Cell><Data ss:Type="Number">0</Data></Cell>
    <Cell><Data ss:Type="Number">0</Data></Cell>
    <Cell><Data ss:Type="String">2023-12-07 15:37:05.649866</Data></Cell>
   </Row>
   <Row>
    <Cell><Data ss:Type="String">665</Data></Cell>
    <Cell><Data ss:Type="Number">0.3</Data></Cell>
    <Cell><Data ss:Type="Number">-10.220000000000001</Data></Cell>
    <Cell><Data ss:Type="Number">0.19</Data></Cell>
    <Cell><Data ss:Type="Number">-9.5299999999999994</Data></Cell>
    <Cell><Data ss:Type="Number">-0.06</Data></Cell>
    <Cell><Data ss:Type="Number">-0.88</Data></Cell>
    <Cell><Data ss:Type="Number">21.9</Data></Cell>
    <Cell><Data ss:Type="Number">40.5</Data></Cell>
    <Cell><Data ss:Type="Number">0</Data></Cell>
    <Cell><Data ss:Type="Number">0</Data></Cell>
    <Cell><Data ss:Type="String">2023-12-07 15:37:05.603167</Data></Cell>
   </Row>
   <Row>
    <Cell><Data ss:Type="String">664</Data></Cell>
    <Cell><Data ss:Type="Number">0.4</Data></Cell>
    <Cell><Data ss:Type="Number">-10.15</Data></Cell>
    <Cell><Data ss:Type="Number">0.17</Data></Cell>
    <Cell><Data ss:Type="Number">-9.5</Data></Cell>
    <Cell><Data ss:Type="Number">-0.09</Data></Cell>
    <Cell><Data ss:Type="Number">-0.91</Data></Cell>
    <Cell><Data ss:Type="Number">21.9</Data></Cell>
    <Cell><Data ss:Type="Number">40.5</Data></Cell>
    <Cell><Data ss:Type="Number">0</Data></Cell>
    <Cell><Data ss:Type="Number">0</Data></Cell>
    <Cell><Data ss:Type="String">2023-12-07 15:37:05.557243</Data></Cell>
   </Row>
   <Row>
    <Cell><Data ss:Type="String">663</Data></Cell>
    <Cell><Data ss:Type="Number">0.35</Data></Cell>
    <Cell><Data ss:Type="Number">-10.26</Data></Cell>
    <Cell><Data ss:Type="Number">0.2</Data></Cell>
    <Cell><Data ss:Type="Number">-9.57</Data></Cell>
    <Cell><Data ss:Type="Number">-0.06</Data></Cell>
    <Cell><Data ss:Type="Number">-0.91</Data></Cell>
    <Cell><Data ss:Type="Number">21.9</Data></Cell>
    <Cell><Data ss:Type="Number">40.5</Data></Cell>
    <Cell><Data ss:Type="Number">0</Data></Cell>
    <Cell><Data ss:Type="Number">0</Data></Cell>
    <Cell><Data ss:Type="String">2023-12-07 15:37:05.513219</Data></Cell>
   </Row>
   <Row>
    <Cell><Data ss:Type="String">662</Data></Cell>
    <Cell><Data ss:Type="Number">0.25</Data></Cell>
    <Cell><Data ss:Type="Number">-10.199999999999999</Data></Cell>
    <Cell><Data ss:Type="Number">0.17</Data></Cell>
    <Cell><Data ss:Type="Number">-9.4499999999999993</Data></Cell>
    <Cell><Data ss:Type="Number">-0.05</Data></Cell>
    <Cell><Data ss:Type="Number">-0.91</Data></Cell>
    <Cell><Data ss:Type="Number">21.9</Data></Cell>
    <Cell><Data ss:Type="Number">40.5</Data></Cell>
    <Cell><Data ss:Type="Number">0</Data></Cell>
    <Cell><Data ss:Type="Number">0</Data></Cell>
    <Cell><Data ss:Type="String">2023-12-07 15:37:05.511464</Data></Cell>
   </Row>
   <Row>
    <Cell><Data ss:Type="String">661</Data></Cell>
    <Cell><Data ss:Type="Number">0.31</Data></Cell>
    <Cell><Data ss:Type="Number">-9.98</Data></Cell>
    <Cell><Data ss:Type="Number">0.14000000000000001</Data></Cell>
    <Cell><Data ss:Type="Number">-9.43</Data></Cell>
    <Cell><Data ss:Type="Number">-7.0000000000000007E-2</Data></Cell>
    <Cell><Data ss:Type="Number">-0.93</Data></Cell>
    <Cell><Data ss:Type="Number">21.9</Data></Cell>
    <Cell><Data ss:Type="Number">40.5</Data></Cell>
    <Cell><Data ss:Type="Number">0</Data></Cell>
    <Cell><Data ss:Type="Number">0</Data></Cell>
    <Cell><Data ss:Type="String">2023-12-07 15:37:05.464828</Data></Cell>
   </Row>
   <Row>
    <Cell><Data ss:Type="String">660</Data></Cell>
    <Cell><Data ss:Type="Number">0.27</Data></Cell>
    <Cell><Data ss:Type="Number">-9.9700000000000006</Data></Cell>
    <Cell><Data ss:Type="Number">-0.08</Data></Cell>
    <Cell><Data ss:Type="Number">-9.4700000000000006</Data></Cell>
    <Cell><Data ss:Type="Number">-0.09</Data></Cell>
    <Cell><Data ss:Type="Number">-0.92</Data></Cell>
    <Cell><Data ss:Type="Number">21.9</Data></Cell>
    <Cell><Data ss:Type="Number">40.5</Data></Cell>
    <Cell><Data ss:Type="Number">0</Data></Cell>
    <Cell><Data ss:Type="Number">0</Data></Cell>
    <Cell><Data ss:Type="String">2023-12-07 15:37:05.409994</Data></Cell>
   </Row>
   <Row>
    <Cell><Data ss:Type="String">659</Data></Cell>
    <Cell><Data ss:Type="Number">0.31</Data></Cell>
    <Cell><Data ss:Type="Number">-10.210000000000001</Data></Cell>
    <Cell><Data ss:Type="Number">0.12</Data></Cell>
    <Cell><Data ss:Type="Number">-9.5299999999999994</Data></Cell>
    <Cell><Data ss:Type="Number">-7.0000000000000007E-2</Data></Cell>
    <Cell><Data ss:Type="Number">-0.9</Data></Cell>
    <Cell><Data ss:Type="Number">21.9</Data></Cell>
    <Cell><Data ss:Type="Number">40.5</Data></Cell>
    <Cell><Data ss:Type="Number">0</Data></Cell>
    <Cell><Data ss:Type="Number">0</Data></Cell>
    <Cell><Data ss:Type="String">2023-12-07 15:37:05.405250</Data></Cell>
   </Row>
   <Row>
    <Cell><Data ss:Type="String">658</Data></Cell>
    <Cell><Data ss:Type="Number">0.3</Data></Cell>
    <Cell><Data ss:Type="Number">-10.23</Data></Cell>
    <Cell><Data ss:Type="Number">0.21</Data></Cell>
    <Cell><Data ss:Type="Number">-9.5299999999999994</Data></Cell>
    <Cell><Data ss:Type="Number">-0.08</Data></Cell>
    <Cell><Data ss:Type="Number">-0.92</Data></Cell>
    <Cell><Data ss:Type="Number">21.9</Data></Cell>
    <Cell><Data ss:Type="Number">40.5</Data></Cell>
    <Cell><Data ss:Type="Number">0</Data></Cell>
    <Cell><Data ss:Type="Number">0</Data></Cell>
    <Cell><Data ss:Type="String">2023-12-07 15:37:05.403267</Data></Cell>
   </Row>
   <Row>
    <Cell><Data ss:Type="String">657</Data></Cell>
    <Cell><Data ss:Type="Number">0.24</Data></Cell>
    <Cell><Data ss:Type="Number">-10.11</Data></Cell>
    <Cell><Data ss:Type="Number">0.14000000000000001</Data></Cell>
    <Cell><Data ss:Type="Number">-9.4499999999999993</Data></Cell>
    <Cell><Data ss:Type="Number">-0.06</Data></Cell>
    <Cell><Data ss:Type="Number">-0.89</Data></Cell>
    <Cell><Data ss:Type="Number">21.9</Data></Cell>
    <Cell><Data ss:Type="Number">40.5</Data></Cell>
    <Cell><Data ss:Type="Number">0</Data></Cell>
    <Cell><Data ss:Type="Number">0</Data></Cell>
    <Cell><Data ss:Type="String">2023-12-07 15:37:05.401223</Data></Cell>
   </Row>
   <Row>
    <Cell><Data ss:Type="String">656</Data></Cell>
    <Cell><Data ss:Type="Number">0.25</Data></Cell>
    <Cell><Data ss:Type="Number">-10.02</Data></Cell>
    <Cell><Data ss:Type="Number">0</Data></Cell>
    <Cell><Data ss:Type="Number">-9.4</Data></Cell>
    <Cell><Data ss:Type="Number">-7.0000000000000007E-2</Data></Cell>
    <Cell><Data ss:Type="Number">-0.95</Data></Cell>
    <Cell><Data ss:Type="Number">21.9</Data></Cell>
    <Cell><Data ss:Type="Number">40.5</Data></Cell>
    <Cell><Data ss:Type="Number">0</Data></Cell>
    <Cell><Data ss:Type="Number">0</Data></Cell>
    <Cell><Data ss:Type="String">2023-12-07 15:37:05.399238</Data></Cell>
   </Row>
   <Row>
    <Cell><Data ss:Type="String">655</Data></Cell>
    <Cell><Data ss:Type="Number">0.28000000000000003</Data></Cell>
    <Cell><Data ss:Type="Number">-10.050000000000001</Data></Cell>
    <Cell><Data ss:Type="Number">0.13</Data></Cell>
    <Cell><Data ss:Type="Number">-9.4700000000000006</Data></Cell>
    <Cell><Data ss:Type="Number">-0.08</Data></Cell>
    <Cell><Data ss:Type="Number">-0.93</Data></Cell>
    <Cell><Data ss:Type="Number">21.9</Data></Cell>
    <Cell><Data ss:Type="Number">40.5</Data></Cell>
    <Cell><Data ss:Type="Number">0</Data></Cell>
    <Cell><Data ss:Type="Number">0</Data></Cell>
    <Cell><Data ss:Type="String">2023-12-07 15:37:05.397284</Data></Cell>
   </Row>
   <Row>
    <Cell><Data ss:Type="String">654</Data></Cell>
    <Cell><Data ss:Type="Number">0.3</Data></Cell>
    <Cell><Data ss:Type="Number">-10.07</Data></Cell>
    <Cell><Data ss:Type="Number">0.17</Data></Cell>
    <Cell><Data ss:Type="Number">-9.51</Data></Cell>
    <Cell><Data ss:Type="Number">-7.0000000000000007E-2</Data></Cell>
    <Cell><Data ss:Type="Number">-0.92</Data></Cell>
    <Cell><Data ss:Type="Number">21.9</Data></Cell>
    <Cell><Data ss:Type="Number">40.5</Data></Cell>
    <Cell><Data ss:Type="Number">0</Data></Cell>
    <Cell><Data ss:Type="Number">0</Data></Cell>
    <Cell><Data ss:Type="String">2023-12-07 15:37:05.387712</Data></Cell>
   </Row>
   <Row>
    <Cell><Data ss:Type="String">653</Data></Cell>
    <Cell><Data ss:Type="Number">0.31</Data></Cell>
    <Cell><Data ss:Type="Number">-10.220000000000001</Data></Cell>
    <Cell><Data ss:Type="Number">0.18</Data></Cell>
    <Cell><Data ss:Type="Number">-9.5299999999999994</Data></Cell>
    <Cell><Data ss:Type="Number">-0.09</Data></Cell>
    <Cell><Data ss:Type="Number">-0.86</Data></Cell>
    <Cell><Data ss:Type="Number">21.9</Data></Cell>
    <Cell><Data ss:Type="Number">40.5</Data></Cell>
    <Cell><Data ss:Type="Number">0</Data></Cell>
    <Cell><Data ss:Type="Number">0</Data></Cell>
    <Cell><Data ss:Type="String">2023-12-07 15:37:05.174176</Data></Cell>
   </Row>
   <Row>
    <Cell><Data ss:Type="String">652</Data></Cell>
    <Cell><Data ss:Type="Number">0.24</Data></Cell>
    <Cell><Data ss:Type="Number">-10.039999999999999</Data></Cell>
    <Cell><Data ss:Type="Number">0.14000000000000001</Data></Cell>
    <Cell><Data ss:Type="Number">-9.42</Data></Cell>
    <Cell><Data ss:Type="Number">-0.05</Data></Cell>
    <Cell><Data ss:Type="Number">-0.92</Data></Cell>
    <Cell><Data ss:Type="Number">21.9</Data></Cell>
    <Cell><Data ss:Type="Number">40.5</Data></Cell>
    <Cell><Data ss:Type="Number">0</Data></Cell>
    <Cell><Data ss:Type="Number">0</Data></Cell>
    <Cell><Data ss:Type="String">2023-12-07 15:37:05.172341</Data></Cell>
   </Row>
   <Row>
    <Cell><Data ss:Type="String">651</Data></Cell>
    <Cell><Data ss:Type="Number">0.28000000000000003</Data></Cell>
    <Cell><Data ss:Type="Number">-9.9600000000000009</Data></Cell>
    <Cell><Data ss:Type="Number">0.12</Data></Cell>
    <Cell><Data ss:Type="Number">-9.43</Data></Cell>
    <Cell><Data ss:Type="Number">-0.06</Data></Cell>
    <Cell><Data ss:Type="Number">-0.93</Data></Cell>
    <Cell><Data ss:Type="Number">21.9</Data></Cell>
    <Cell><Data ss:Type="Number">40.5</Data></Cell>
    <Cell><Data ss:Type="Number">0</Data></Cell>
    <Cell><Data ss:Type="Number">0</Data></Cell>
    <Cell><Data ss:Type="String">2023-12-07 15:37:05.114107</Data></Cell>
   </Row>
   <Row>
    <Cell><Data ss:Type="String">650</Data></Cell>
    <Cell><Data ss:Type="Number">0.3</Data></Cell>
    <Cell><Data ss:Type="Number">-10.11</Data></Cell>
    <Cell><Data ss:Type="Number">0.14000000000000001</Data></Cell>
    <Cell><Data ss:Type="Number">-9.52</Data></Cell>
    <Cell><Data ss:Type="Number">-0.08</Data></Cell>
    <Cell><Data ss:Type="Number">-0.93</Data></Cell>
    <Cell><Data ss:Type="Number">21.9</Data></Cell>
    <Cell><Data ss:Type="Number">40.5</Data></Cell>
    <Cell><Data ss:Type="Number">0</Data></Cell>
    <Cell><Data ss:Type="Number">0</Data></Cell>
    <Cell><Data ss:Type="String">2023-12-07 15:37:05.112340</Data></Cell>
   </Row>
   <Row>
    <Cell><Data ss:Type="String">649</Data></Cell>
    <Cell><Data ss:Type="Number">0.22</Data></Cell>
    <Cell><Data ss:Type="Number">-10.210000000000001</Data></Cell>
    <Cell><Data ss:Type="Number">7.0000000000000007E-2</Data></Cell>
    <Cell><Data ss:Type="Number">-9.51</Data></Cell>
    <Cell><Data ss:Type="Number">-7.0000000000000007E-2</Data></Cell>
    <Cell><Data ss:Type="Number">-0.89</Data></Cell>
    <Cell><Data ss:Type="Number">21.9</Data></Cell>
    <Cell><Data ss:Type="Number">40.5</Data></Cell>
    <Cell><Data ss:Type="Number">0</Data></Cell>
    <Cell><Data ss:Type="Number">0</Data></Cell>
    <Cell><Data ss:Type="String">2023-12-07 15:37:05.069445</Data></Cell>
   </Row>
   <Row>
    <Cell><Data ss:Type="String">648</Data></Cell>
    <Cell><Data ss:Type="Number">0.28000000000000003</Data></Cell>
    <Cell><Data ss:Type="Number">-10.19</Data></Cell>
    <Cell><Data ss:Type="Number">0.17</Data></Cell>
    <Cell><Data ss:Type="Number">-9.5</Data></Cell>
    <Cell><Data ss:Type="Number">-0.08</Data></Cell>
    <Cell><Data ss:Type="Number">-0.9</Data></Cell>
    <Cell><Data ss:Type="Number">21.9</Data></Cell>
    <Cell><Data ss:Type="Number">40.5</Data></Cell>
    <Cell><Data ss:Type="Number">0</Data></Cell>
    <Cell><Data ss:Type="Number">0</Data></Cell>
    <Cell><Data ss:Type="String">2023-12-07 15:37:05.067743</Data></Cell>
   </Row>
   <Row>
    <Cell><Data ss:Type="String">647</Data></Cell>
    <Cell><Data ss:Type="Number">0.25</Data></Cell>
    <Cell><Data ss:Type="Number">-10.01</Data></Cell>
    <Cell><Data ss:Type="Number">0.16</Data></Cell>
    <Cell><Data ss:Type="Number">-9.44</Data></Cell>
    <Cell><Data ss:Type="Number">-0.05</Data></Cell>
    <Cell><Data ss:Type="Number">-0.92</Data></Cell>
    <Cell><Data ss:Type="Number">21.9</Data></Cell>
    <Cell><Data ss:Type="Number">40.5</Data></Cell>
    <Cell><Data ss:Type="Number">0</Data></Cell>
    <Cell><Data ss:Type="Number">0</Data></Cell>
    <Cell><Data ss:Type="String">2023-12-07 15:37:05.065939</Data></Cell>
   </Row>
   <Row>
    <Cell><Data ss:Type="String">646</Data></Cell>
    <Cell><Data ss:Type="Number">0.34</Data></Cell>
    <Cell><Data ss:Type="Number">-9.9499999999999993</Data></Cell>
    <Cell><Data ss:Type="Number">7.0000000000000007E-2</Data></Cell>
    <Cell><Data ss:Type="Number">-9.42</Data></Cell>
    <Cell><Data ss:Type="Number">-0.09</Data></Cell>
    <Cell><Data ss:Type="Number">-0.96</Data></Cell>
    <Cell><Data ss:Type="Number">21.9</Data></Cell>
    <Cell><Data ss:Type="Number">40.5</Data></Cell>
    <Cell><Data ss:Type="Number">0</Data></Cell>
    <Cell><Data ss:Type="Number">0</Data></Cell>
    <Cell><Data ss:Type="String">2023-12-07 15:37:05.063912</Data></Cell>
   </Row>
   <Row>
    <Cell><Data ss:Type="String">645</Data></Cell>
    <Cell><Data ss:Type="Number">0.28999999999999998</Data></Cell>
    <Cell><Data ss:Type="Number">-9.9499999999999993</Data></Cell>
    <Cell><Data ss:Type="Number">0.12</Data></Cell>
    <Cell><Data ss:Type="Number">-9.4700000000000006</Data></Cell>
    <Cell><Data ss:Type="Number">-7.0000000000000007E-2</Data></Cell>
    <Cell><Data ss:Type="Number">-0.91</Data></Cell>
    <Cell><Data ss:Type="Number">21.9</Data></Cell>
    <Cell><Data ss:Type="Number">40.5</Data></Cell>
    <Cell><Data ss:Type="Number">0</Data></Cell>
    <Cell><Data ss:Type="Number">0</Data></Cell>
    <Cell><Data ss:Type="String">2023-12-07 15:37:05.061228</Data></Cell>
   </Row>
   <Row>
    <Cell><Data ss:Type="String">644</Data></Cell>
    <Cell><Data ss:Type="Number">0.28999999999999998</Data></Cell>
    <Cell><Data ss:Type="Number">-10.130000000000001</Data></Cell>
    <Cell><Data ss:Type="Number">0.18</Data></Cell>
    <Cell><Data ss:Type="Number">-9.5299999999999994</Data></Cell>
    <Cell><Data ss:Type="Number">-0.08</Data></Cell>
    <Cell><Data ss:Type="Number">-0.9</Data></Cell>
    <Cell><Data ss:Type="Number">21.9</Data></Cell>
    <Cell><Data ss:Type="Number">40.5</Data></Cell>
    <Cell><Data ss:Type="Number">0</Data></Cell>
    <Cell><Data ss:Type="Number">0</Data></Cell>
    <Cell><Data ss:Type="String">2023-12-07 15:37:05.058680</Data></Cell>
   </Row>
   <Row>
    <Cell><Data ss:Type="String">643</Data></Cell>
    <Cell><Data ss:Type="Number">0.31</Data></Cell>
    <Cell><Data ss:Type="Number">-10.23</Data></Cell>
    <Cell><Data ss:Type="Number">0.18</Data></Cell>
    <Cell><Data ss:Type="Number">-9.5</Data></Cell>
    <Cell><Data ss:Type="Number">-0.08</Data></Cell>
    <Cell><Data ss:Type="Number">-0.87</Data></Cell>
    <Cell><Data ss:Type="Number">21.9</Data></Cell>
    <Cell><Data ss:Type="Number">40.5</Data></Cell>
    <Cell><Data ss:Type="Number">0</Data></Cell>
    <Cell><Data ss:Type="Number">0</Data></Cell>
    <Cell><Data ss:Type="String">2023-12-07 15:37:05.056348</Data></Cell>
   </Row>
   <Row>
    <Cell><Data ss:Type="String">642</Data></Cell>
    <Cell><Data ss:Type="Number">0.13</Data></Cell>
    <Cell><Data ss:Type="Number">-9.93</Data></Cell>
    <Cell><Data ss:Type="Number">0.08</Data></Cell>
    <Cell><Data ss:Type="Number">-9.4499999999999993</Data></Cell>
    <Cell><Data ss:Type="Number">-0.08</Data></Cell>
    <Cell><Data ss:Type="Number">-0.95</Data></Cell>
    <Cell><Data ss:Type="Number">21.9</Data></Cell>
    <Cell><Data ss:Type="Number">40.5</Data></Cell>
    <Cell><Data ss:Type="Number">0</Data></Cell>
    <Cell><Data ss:Type="Number">0</Data></Cell>
    <Cell><Data ss:Type="String">2023-12-07 15:37:04.827334</Data></Cell>
   </Row>
   <Row>
    <Cell><Data ss:Type="String">641</Data></Cell>
    <Cell><Data ss:Type="Number">0.28999999999999998</Data></Cell>
    <Cell><Data ss:Type="Number">-10.14</Data></Cell>
    <Cell><Data ss:Type="Number">0.17</Data></Cell>
    <Cell><Data ss:Type="Number">-9.51</Data></Cell>
    <Cell><Data ss:Type="Number">-7.0000000000000007E-2</Data></Cell>
    <Cell><Data ss:Type="Number">-0.91</Data></Cell>
    <Cell><Data ss:Type="Number">21.9</Data></Cell>
    <Cell><Data ss:Type="Number">40.5</Data></Cell>
    <Cell><Data ss:Type="Number">0</Data></Cell>
    <Cell><Data ss:Type="Number">0</Data></Cell>
    <Cell><Data ss:Type="String">2023-12-07 15:37:04.777323</Data></Cell>
   </Row>
   <Row>
    <Cell><Data ss:Type="String">640</Data></Cell>
    <Cell><Data ss:Type="Number">0.27</Data></Cell>
    <Cell><Data ss:Type="Number">-10.18</Data></Cell>
    <Cell><Data ss:Type="Number">0.24</Data></Cell>
    <Cell><Data ss:Type="Number">-9.5399999999999991</Data></Cell>
    <Cell><Data ss:Type="Number">-0.1</Data></Cell>
    <Cell><Data ss:Type="Number">-0.88</Data></Cell>
    <Cell><Data ss:Type="Number">21.9</Data></Cell>
    <Cell><Data ss:Type="Number">40.5</Data></Cell>
    <Cell><Data ss:Type="Number">0</Data></Cell>
    <Cell><Data ss:Type="Number">0</Data></Cell>
    <Cell><Data ss:Type="String">2023-12-07 15:37:04.774560</Data></Cell>
   </Row>
   <Row>
    <Cell><Data ss:Type="String">639</Data></Cell>
    <Cell><Data ss:Type="Number">0.27</Data></Cell>
    <Cell><Data ss:Type="Number">-10.19</Data></Cell>
    <Cell><Data ss:Type="Number">0.19</Data></Cell>
    <Cell><Data ss:Type="Number">-9.4700000000000006</Data></Cell>
    <Cell><Data ss:Type="Number">-0.03</Data></Cell>
    <Cell><Data ss:Type="Number">-0.91</Data></Cell>
    <Cell><Data ss:Type="Number">21.9</Data></Cell>
    <Cell><Data ss:Type="Number">40.5</Data></Cell>
    <Cell><Data ss:Type="Number">0</Data></Cell>
    <Cell><Data ss:Type="Number">0</Data></Cell>
    <Cell><Data ss:Type="String">2023-12-07 15:37:04.772611</Data></Cell>
   </Row>
   <Row>
    <Cell><Data ss:Type="String">638</Data></Cell>
    <Cell><Data ss:Type="Number">0.28000000000000003</Data></Cell>
    <Cell><Data ss:Type="Number">-9.9600000000000009</Data></Cell>
    <Cell><Data ss:Type="Number">0.12</Data></Cell>
    <Cell><Data ss:Type="Number">-9.41</Data></Cell>
    <Cell><Data ss:Type="Number">-0.08</Data></Cell>
    <Cell><Data ss:Type="Number">-0.95</Data></Cell>
    <Cell><Data ss:Type="Number">21.9</Data></Cell>
    <Cell><Data ss:Type="Number">40.5</Data></Cell>
    <Cell><Data ss:Type="Number">0</Data></Cell>
    <Cell><Data ss:Type="Number">0</Data></Cell>
    <Cell><Data ss:Type="String">2023-12-07 15:37:04.664628</Data></Cell>
   </Row>
   <Row>
    <Cell><Data ss:Type="String">637</Data></Cell>
    <Cell><Data ss:Type="Number">0.3</Data></Cell>
    <Cell><Data ss:Type="Number">-10.1</Data></Cell>
    <Cell><Data ss:Type="Number">0.14000000000000001</Data></Cell>
    <Cell><Data ss:Type="Number">-9.49</Data></Cell>
    <Cell><Data ss:Type="Number">-0.08</Data></Cell>
    <Cell><Data ss:Type="Number">-0.92</Data></Cell>
    <Cell><Data ss:Type="Number">21.9</Data></Cell>
    <Cell><Data ss:Type="Number">40.5</Data></Cell>
    <Cell><Data ss:Type="Number">0</Data></Cell>
    <Cell><Data ss:Type="Number">0</Data></Cell>
    <Cell><Data ss:Type="String">2023-12-07 15:37:04.662182</Data></Cell>
   </Row>
   <Row>
    <Cell><Data ss:Type="String">636</Data></Cell>
    <Cell><Data ss:Type="Number">0.3</Data></Cell>
    <Cell><Data ss:Type="Number">-10.24</Data></Cell>
    <Cell><Data ss:Type="Number">0.17</Data></Cell>
    <Cell><Data ss:Type="Number">-9.57</Data></Cell>
    <Cell><Data ss:Type="Number">-7.0000000000000007E-2</Data></Cell>
    <Cell><Data ss:Type="Number">-0.89</Data></Cell>
    <Cell><Data ss:Type="Number">21.9</Data></Cell>
    <Cell><Data ss:Type="Number">40.5</Data></Cell>
    <Cell><Data ss:Type="Number">0</Data></Cell>
    <Cell><Data ss:Type="Number">0</Data></Cell>
    <Cell><Data ss:Type="String">2023-12-07 15:37:04.620323</Data></Cell>
   </Row>
   <Row>
    <Cell><Data ss:Type="String">635</Data></Cell>
    <Cell><Data ss:Type="Number">0.35</Data></Cell>
    <Cell><Data ss:Type="Number">-10.28</Data></Cell>
    <Cell><Data ss:Type="Number">0.23</Data></Cell>
    <Cell><Data ss:Type="Number">-9.5</Data></Cell>
    <Cell><Data ss:Type="Number">-0.05</Data></Cell>
    <Cell><Data ss:Type="Number">-0.91</Data></Cell>
    <Cell><Data ss:Type="Number">21.9</Data></Cell>
    <Cell><Data ss:Type="Number">40.5</Data></Cell>
    <Cell><Data ss:Type="Number">0</Data></Cell>
    <Cell><Data ss:Type="Number">0</Data></Cell>
    <Cell><Data ss:Type="String">2023-12-07 15:37:04.575209</Data></Cell>
   </Row>
   <Row>
    <Cell><Data ss:Type="String">634</Data></Cell>
    <Cell><Data ss:Type="Number">0.4</Data></Cell>
    <Cell><Data ss:Type="Number">-9.9700000000000006</Data></Cell>
    <Cell><Data ss:Type="Number">0.08</Data></Cell>
    <Cell><Data ss:Type="Number">-9.42</Data></Cell>
    <Cell><Data ss:Type="Number">-0.08</Data></Cell>
    <Cell><Data ss:Type="Number">-0.9</Data></Cell>
    <Cell><Data ss:Type="Number">21.9</Data></Cell>
    <Cell><Data ss:Type="Number">40.5</Data></Cell>
    <Cell><Data ss:Type="Number">0</Data></Cell>
    <Cell><Data ss:Type="Number">0</Data></Cell>
    <Cell><Data ss:Type="String">2023-12-07 15:37:04.534616</Data></Cell>
   </Row>
   <Row>
    <Cell><Data ss:Type="String">633</Data></Cell>
    <Cell><Data ss:Type="Number">0.28999999999999998</Data></Cell>
    <Cell><Data ss:Type="Number">-10.07</Data></Cell>
    <Cell><Data ss:Type="Number">0.24</Data></Cell>
    <Cell><Data ss:Type="Number">-9.4700000000000006</Data></Cell>
    <Cell><Data ss:Type="Number">-0.09</Data></Cell>
    <Cell><Data ss:Type="Number">-0.93</Data></Cell>
    <Cell><Data ss:Type="Number">21.9</Data></Cell>
    <Cell><Data ss:Type="Number">40.5</Data></Cell>
    <Cell><Data ss:Type="Number">0</Data></Cell>
    <Cell><Data ss:Type="Number">0</Data></Cell>
    <Cell><Data ss:Type="String">2023-12-07 15:37:04.530228</Data></Cell>
   </Row>
   <Row>
    <Cell><Data ss:Type="String">632</Data></Cell>
    <Cell><Data ss:Type="Number">0.31</Data></Cell>
    <Cell><Data ss:Type="Number">-10.15</Data></Cell>
    <Cell><Data ss:Type="Number">0.17</Data></Cell>
    <Cell><Data ss:Type="Number">-9.5299999999999994</Data></Cell>
    <Cell><Data ss:Type="Number">-0.08</Data></Cell>
    <Cell><Data ss:Type="Number">-0.91</Data></Cell>
    <Cell><Data ss:Type="Number">21.9</Data></Cell>
    <Cell><Data ss:Type="Number">40.5</Data></Cell>
    <Cell><Data ss:Type="Number">0</Data></Cell>
    <Cell><Data ss:Type="Number">0</Data></Cell>
    <Cell><Data ss:Type="String">2023-12-07 15:37:04.483377</Data></Cell>
   </Row>
   <Row>
    <Cell><Data ss:Type="String">631</Data></Cell>
    <Cell><Data ss:Type="Number">0.28000000000000003</Data></Cell>
    <Cell><Data ss:Type="Number">-10.26</Data></Cell>
    <Cell><Data ss:Type="Number">0.17</Data></Cell>
    <Cell><Data ss:Type="Number">-9.5500000000000007</Data></Cell>
    <Cell><Data ss:Type="Number">-0.08</Data></Cell>
    <Cell><Data ss:Type="Number">-0.89</Data></Cell>
    <Cell><Data ss:Type="Number">21.9</Data></Cell>
    <Cell><Data ss:Type="Number">40.5</Data></Cell>
    <Cell><Data ss:Type="Number">0</Data></Cell>
    <Cell><Data ss:Type="Number">0</Data></Cell>
    <Cell><Data ss:Type="String">2023-12-07 15:37:04.438194</Data></Cell>
   </Row>
   <Row>
    <Cell><Data ss:Type="String">630</Data></Cell>
    <Cell><Data ss:Type="Number">0.26</Data></Cell>
    <Cell><Data ss:Type="Number">-10.01</Data></Cell>
    <Cell><Data ss:Type="Number">0.12</Data></Cell>
    <Cell><Data ss:Type="Number">-9.44</Data></Cell>
    <Cell><Data ss:Type="Number">-0.06</Data></Cell>
    <Cell><Data ss:Type="Number">-0.93</Data></Cell>
    <Cell><Data ss:Type="Number">21.9</Data></Cell>
    <Cell><Data ss:Type="Number">40.5</Data></Cell>
    <Cell><Data ss:Type="Number">0</Data></Cell>
    <Cell><Data ss:Type="Number">0</Data></Cell>
    <Cell><Data ss:Type="String">2023-12-07 15:37:04.436600</Data></Cell>
   </Row>
   <Row>
    <Cell><Data ss:Type="String">629</Data></Cell>
    <Cell><Data ss:Type="Number">0.3</Data></Cell>
    <Cell><Data ss:Type="Number">-9.99</Data></Cell>
    <Cell><Data ss:Type="Number">0.16</Data></Cell>
    <Cell><Data ss:Type="Number">-9.4499999999999993</Data></Cell>
    <Cell><Data ss:Type="Number">-7.0000000000000007E-2</Data></Cell>
    <Cell><Data ss:Type="Number">-0.91</Data></Cell>
    <Cell><Data ss:Type="Number">21.9</Data></Cell>
    <Cell><Data ss:Type="Number">40.5</Data></Cell>
    <Cell><Data ss:Type="Number">0</Data></Cell>
    <Cell><Data ss:Type="Number">0</Data></Cell>
    <Cell><Data ss:Type="String">2023-12-07 15:37:04.390570</Data></Cell>
   </Row>
   <Row>
    <Cell><Data ss:Type="String">628</Data></Cell>
    <Cell><Data ss:Type="Number">0.3</Data></Cell>
    <Cell><Data ss:Type="Number">-10.15</Data></Cell>
    <Cell><Data ss:Type="Number">0.12</Data></Cell>
    <Cell><Data ss:Type="Number">-9.52</Data></Cell>
    <Cell><Data ss:Type="Number">-0.08</Data></Cell>
    <Cell><Data ss:Type="Number">-0.91</Data></Cell>
    <Cell><Data ss:Type="Number">21.9</Data></Cell>
    <Cell><Data ss:Type="Number">40.5</Data></Cell>
    <Cell><Data ss:Type="Number">0</Data></Cell>
    <Cell><Data ss:Type="Number">0</Data></Cell>
    <Cell><Data ss:Type="String">2023-12-07 15:37:04.345105</Data></Cell>
   </Row>
   <Row>
    <Cell><Data ss:Type="String">627</Data></Cell>
    <Cell><Data ss:Type="Number">0.33</Data></Cell>
    <Cell><Data ss:Type="Number">-10.19</Data></Cell>
    <Cell><Data ss:Type="Number">0.18</Data></Cell>
    <Cell><Data ss:Type="Number">-9.5399999999999991</Data></Cell>
    <Cell><Data ss:Type="Number">-0.06</Data></Cell>
    <Cell><Data ss:Type="Number">-0.91</Data></Cell>
    <Cell><Data ss:Type="Number">21.9</Data></Cell>
    <Cell><Data ss:Type="Number">40.5</Data></Cell>
    <Cell><Data ss:Type="Number">0</Data></Cell>
    <Cell><Data ss:Type="Number">0</Data></Cell>
    <Cell><Data ss:Type="String">2023-12-07 15:37:04.301412</Data></Cell>
   </Row>
   <Row>
    <Cell><Data ss:Type="String">626</Data></Cell>
    <Cell><Data ss:Type="Number">0.25</Data></Cell>
    <Cell><Data ss:Type="Number">-10.210000000000001</Data></Cell>
    <Cell><Data ss:Type="Number">0.18</Data></Cell>
    <Cell><Data ss:Type="Number">-9.5</Data></Cell>
    <Cell><Data ss:Type="Number">-0.06</Data></Cell>
    <Cell><Data ss:Type="Number">-0.9</Data></Cell>
    <Cell><Data ss:Type="Number">21.9</Data></Cell>
    <Cell><Data ss:Type="Number">40.5</Data></Cell>
    <Cell><Data ss:Type="Number">0</Data></Cell>
    <Cell><Data ss:Type="Number">0</Data></Cell>
    <Cell><Data ss:Type="String">2023-12-07 15:37:04.299683</Data></Cell>
   </Row>
   <Row>
    <Cell><Data ss:Type="String">625</Data></Cell>
    <Cell><Data ss:Type="Number">0.32</Data></Cell>
    <Cell><Data ss:Type="Number">-9.9499999999999993</Data></Cell>
    <Cell><Data ss:Type="Number">-0.03</Data></Cell>
    <Cell><Data ss:Type="Number">-9.42</Data></Cell>
    <Cell><Data ss:Type="Number">-0.06</Data></Cell>
    <Cell><Data ss:Type="Number">-0.93</Data></Cell>
    <Cell><Data ss:Type="Number">21.9</Data></Cell>
    <Cell><Data ss:Type="Number">40.5</Data></Cell>
    <Cell><Data ss:Type="Number">0</Data></Cell>
    <Cell><Data ss:Type="Number">0</Data></Cell>
    <Cell><Data ss:Type="String">2023-12-07 15:37:04.252893</Data></Cell>
   </Row>
   <Row>
    <Cell><Data ss:Type="String">624</Data></Cell>
    <Cell><Data ss:Type="Number">0.3</Data></Cell>
    <Cell><Data ss:Type="Number">-10.130000000000001</Data></Cell>
    <Cell><Data ss:Type="Number">0.11</Data></Cell>
    <Cell><Data ss:Type="Number">-9.49</Data></Cell>
    <Cell><Data ss:Type="Number">-0.08</Data></Cell>
    <Cell><Data ss:Type="Number">-0.94</Data></Cell>
    <Cell><Data ss:Type="Number">21.9</Data></Cell>
    <Cell><Data ss:Type="Number">40.5</Data></Cell>
    <Cell><Data ss:Type="Number">0</Data></Cell>
    <Cell><Data ss:Type="Number">0</Data></Cell>
    <Cell><Data ss:Type="String">2023-12-07 15:37:04.205573</Data></Cell>
   </Row>
   <Row>
    <Cell><Data ss:Type="String">623</Data></Cell>
    <Cell><Data ss:Type="Number">0.26</Data></Cell>
    <Cell><Data ss:Type="Number">-10.210000000000001</Data></Cell>
    <Cell><Data ss:Type="Number">0.19</Data></Cell>
    <Cell><Data ss:Type="Number">-9.5399999999999991</Data></Cell>
    <Cell><Data ss:Type="Number">-7.0000000000000007E-2</Data></Cell>
    <Cell><Data ss:Type="Number">-0.89</Data></Cell>
    <Cell><Data ss:Type="Number">21.9</Data></Cell>
    <Cell><Data ss:Type="Number">40.5</Data></Cell>
    <Cell><Data ss:Type="Number">0</Data></Cell>
    <Cell><Data ss:Type="Number">0</Data></Cell>
    <Cell><Data ss:Type="String">2023-12-07 15:37:04.167962</Data></Cell>
   </Row>
   <Row>
    <Cell><Data ss:Type="String">622</Data></Cell>
    <Cell><Data ss:Type="Number">0.28000000000000003</Data></Cell>
    <Cell><Data ss:Type="Number">-10.199999999999999</Data></Cell>
    <Cell><Data ss:Type="Number">0.11</Data></Cell>
    <Cell><Data ss:Type="Number">-9.51</Data></Cell>
    <Cell><Data ss:Type="Number">-0.05</Data></Cell>
    <Cell><Data ss:Type="Number">-0.89</Data></Cell>
    <Cell><Data ss:Type="Number">21.9</Data></Cell>
    <Cell><Data ss:Type="Number">40.5</Data></Cell>
    <Cell><Data ss:Type="Number">0</Data></Cell>
    <Cell><Data ss:Type="Number">0</Data></Cell>
    <Cell><Data ss:Type="String">2023-12-07 15:37:04.165982</Data></Cell>
   </Row>
   <Row>
    <Cell><Data ss:Type="String">621</Data></Cell>
    <Cell><Data ss:Type="Number">0.38</Data></Cell>
    <Cell><Data ss:Type="Number">-10.15</Data></Cell>
    <Cell><Data ss:Type="Number">0.16</Data></Cell>
    <Cell><Data ss:Type="Number">-9.4600000000000009</Data></Cell>
    <Cell><Data ss:Type="Number">-0.08</Data></Cell>
    <Cell><Data ss:Type="Number">-0.91</Data></Cell>
    <Cell><Data ss:Type="Number">21.9</Data></Cell>
    <Cell><Data ss:Type="Number">40.5</Data></Cell>
    <Cell><Data ss:Type="Number">0</Data></Cell>
    <Cell><Data ss:Type="Number">0</Data></Cell>
    <Cell><Data ss:Type="String">2023-12-07 15:37:04.164015</Data></Cell>
   </Row>
   <Row>
    <Cell><Data ss:Type="String">620</Data></Cell>
    <Cell><Data ss:Type="Number">0.31</Data></Cell>
    <Cell><Data ss:Type="Number">-9.94</Data></Cell>
    <Cell><Data ss:Type="Number">0.06</Data></Cell>
    <Cell><Data ss:Type="Number">-9.42</Data></Cell>
    <Cell><Data ss:Type="Number">-0.06</Data></Cell>
    <Cell><Data ss:Type="Number">-0.97</Data></Cell>
    <Cell><Data ss:Type="Number">21.9</Data></Cell>
    <Cell><Data ss:Type="Number">40.5</Data></Cell>
    <Cell><Data ss:Type="Number">0</Data></Cell>
    <Cell><Data ss:Type="Number">0</Data></Cell>
    <Cell><Data ss:Type="String">2023-12-07 15:37:04.161162</Data></Cell>
   </Row>
   <Row>
    <Cell><Data ss:Type="String">619</Data></Cell>
    <Cell><Data ss:Type="Number">0.27</Data></Cell>
    <Cell><Data ss:Type="Number">-9.99</Data></Cell>
    <Cell><Data ss:Type="Number">0.11</Data></Cell>
    <Cell><Data ss:Type="Number">-9.49</Data></Cell>
    <Cell><Data ss:Type="Number">-7.0000000000000007E-2</Data></Cell>
    <Cell><Data ss:Type="Number">-0.91</Data></Cell>
    <Cell><Data ss:Type="Number">21.9</Data></Cell>
    <Cell><Data ss:Type="Number">40.5</Data></Cell>
    <Cell><Data ss:Type="Number">0</Data></Cell>
    <Cell><Data ss:Type="Number">0</Data></Cell>
    <Cell><Data ss:Type="String">2023-12-07 15:37:04.158243</Data></Cell>
   </Row>
   <Row>
    <Cell><Data ss:Type="String">618</Data></Cell>
    <Cell><Data ss:Type="Number">0.16</Data></Cell>
    <Cell><Data ss:Type="Number">-10.09</Data></Cell>
    <Cell><Data ss:Type="Number">0.17</Data></Cell>
    <Cell><Data ss:Type="Number">-9.5500000000000007</Data></Cell>
    <Cell><Data ss:Type="Number">-0.06</Data></Cell>
    <Cell><Data ss:Type="Number">-0.88</Data></Cell>
    <Cell><Data ss:Type="Number">21.9</Data></Cell>
    <Cell><Data ss:Type="Number">40.5</Data></Cell>
    <Cell><Data ss:Type="Number">0</Data></Cell>
    <Cell><Data ss:Type="Number">0</Data></Cell>
    <Cell><Data ss:Type="String">2023-12-07 15:37:04.009144</Data></Cell>
   </Row>
   <Row>
    <Cell><Data ss:Type="String">617</Data></Cell>
    <Cell><Data ss:Type="Number">0.27</Data></Cell>
    <Cell><Data ss:Type="Number">-10.18</Data></Cell>
    <Cell><Data ss:Type="Number">0.18</Data></Cell>
    <Cell><Data ss:Type="Number">-9.52</Data></Cell>
    <Cell><Data ss:Type="Number">-0.09</Data></Cell>
    <Cell><Data ss:Type="Number">-0.92</Data></Cell>
    <Cell><Data ss:Type="Number">21.9</Data></Cell>
    <Cell><Data ss:Type="Number">40.5</Data></Cell>
    <Cell><Data ss:Type="Number">0</Data></Cell>
    <Cell><Data ss:Type="Number">0</Data></Cell>
    <Cell><Data ss:Type="String">2023-12-07 15:37:03.989475</Data></Cell>
   </Row>
   <Row>
    <Cell><Data ss:Type="String">616</Data></Cell>
    <Cell><Data ss:Type="Number">0.26</Data></Cell>
    <Cell><Data ss:Type="Number">-10.1</Data></Cell>
    <Cell><Data ss:Type="Number">0.18</Data></Cell>
    <Cell><Data ss:Type="Number">-9.44</Data></Cell>
    <Cell><Data ss:Type="Number">-7.0000000000000007E-2</Data></Cell>
    <Cell><Data ss:Type="Number">-0.9</Data></Cell>
    <Cell><Data ss:Type="Number">21.9</Data></Cell>
    <Cell><Data ss:Type="Number">40.5</Data></Cell>
    <Cell><Data ss:Type="Number">0</Data></Cell>
    <Cell><Data ss:Type="Number">0</Data></Cell>
    <Cell><Data ss:Type="String">2023-12-07 15:37:03.987301</Data></Cell>
   </Row>
   <Row>
    <Cell><Data ss:Type="String">615</Data></Cell>
    <Cell><Data ss:Type="Number">0.28999999999999998</Data></Cell>
    <Cell><Data ss:Type="Number">-10.01</Data></Cell>
    <Cell><Data ss:Type="Number">0.08</Data></Cell>
    <Cell><Data ss:Type="Number">-9.41</Data></Cell>
    <Cell><Data ss:Type="Number">-0.08</Data></Cell>
    <Cell><Data ss:Type="Number">-0.96</Data></Cell>
    <Cell><Data ss:Type="Number">21.9</Data></Cell>
    <Cell><Data ss:Type="Number">40.5</Data></Cell>
    <Cell><Data ss:Type="Number">0</Data></Cell>
    <Cell><Data ss:Type="Number">0</Data></Cell>
    <Cell><Data ss:Type="String">2023-12-07 15:37:03.917260</Data></Cell>
   </Row>
   <Row>
    <Cell><Data ss:Type="String">614</Data></Cell>
    <Cell><Data ss:Type="Number">0.32</Data></Cell>
    <Cell><Data ss:Type="Number">-9.9700000000000006</Data></Cell>
    <Cell><Data ss:Type="Number">0.21</Data></Cell>
    <Cell><Data ss:Type="Number">-9.4600000000000009</Data></Cell>
    <Cell><Data ss:Type="Number">-0.08</Data></Cell>
    <Cell><Data ss:Type="Number">-0.93</Data></Cell>
    <Cell><Data ss:Type="Number">21.9</Data></Cell>
    <Cell><Data ss:Type="Number">40.5</Data></Cell>
    <Cell><Data ss:Type="Number">0</Data></Cell>
    <Cell><Data ss:Type="Number">0</Data></Cell>
    <Cell><Data ss:Type="String">2023-12-07 15:37:03.871002</Data></Cell>
   </Row>
   <Row>
    <Cell><Data ss:Type="String">613</Data></Cell>
    <Cell><Data ss:Type="Number">0.3</Data></Cell>
    <Cell><Data ss:Type="Number">-10.15</Data></Cell>
    <Cell><Data ss:Type="Number">0.16</Data></Cell>
    <Cell><Data ss:Type="Number">-9.5399999999999991</Data></Cell>
    <Cell><Data ss:Type="Number">-7.0000000000000007E-2</Data></Cell>
    <Cell><Data ss:Type="Number">-0.9</Data></Cell>
    <Cell><Data ss:Type="Number">21.9</Data></Cell>
    <Cell><Data ss:Type="Number">40.5</Data></Cell>
    <Cell><Data ss:Type="Number">0</Data></Cell>
    <Cell><Data ss:Type="Number">0</Data></Cell>
    <Cell><Data ss:Type="String">2023-12-07 15:37:03.869137</Data></Cell>
   </Row>
   <Row>
    <Cell><Data ss:Type="String">612</Data></Cell>
    <Cell><Data ss:Type="Number">0.28000000000000003</Data></Cell>
    <Cell><Data ss:Type="Number">-10.24</Data></Cell>
    <Cell><Data ss:Type="Number">0.35</Data></Cell>
    <Cell><Data ss:Type="Number">-9.51</Data></Cell>
    <Cell><Data ss:Type="Number">-7.0000000000000007E-2</Data></Cell>
    <Cell><Data ss:Type="Number">-0.88</Data></Cell>
    <Cell><Data ss:Type="Number">21.9</Data></Cell>
    <Cell><Data ss:Type="Number">40.5</Data></Cell>
    <Cell><Data ss:Type="Number">0</Data></Cell>
    <Cell><Data ss:Type="Number">0</Data></Cell>
    <Cell><Data ss:Type="String">2023-12-07 15:37:03.822707</Data></Cell>
   </Row>
   <Row>
    <Cell><Data ss:Type="String">611</Data></Cell>
    <Cell><Data ss:Type="Number">0.25</Data></Cell>
    <Cell><Data ss:Type="Number">-10.050000000000001</Data></Cell>
    <Cell><Data ss:Type="Number">0.09</Data></Cell>
    <Cell><Data ss:Type="Number">-9.4499999999999993</Data></Cell>
    <Cell><Data ss:Type="Number">-0.05</Data></Cell>
    <Cell><Data ss:Type="Number">-0.91</Data></Cell>
    <Cell><Data ss:Type="Number">21.9</Data></Cell>
    <Cell><Data ss:Type="Number">40.5</Data></Cell>
    <Cell><Data ss:Type="Number">0</Data></Cell>
    <Cell><Data ss:Type="Number">0</Data></Cell>
    <Cell><Data ss:Type="String">2023-12-07 15:37:03.778104</Data></Cell>
   </Row>
   <Row>
    <Cell><Data ss:Type="String">610</Data></Cell>
    <Cell><Data ss:Type="Number">0.27</Data></Cell>
    <Cell><Data ss:Type="Number">-9.94</Data></Cell>
    <Cell><Data ss:Type="Number">0.1</Data></Cell>
    <Cell><Data ss:Type="Number">-9.41</Data></Cell>
    <Cell><Data ss:Type="Number">-7.0000000000000007E-2</Data></Cell>
    <Cell><Data ss:Type="Number">-0.96</Data></Cell>
    <Cell><Data ss:Type="Number">21.9</Data></Cell>
    <Cell><Data ss:Type="Number">40.5</Data></Cell>
    <Cell><Data ss:Type="Number">0</Data></Cell>
    <Cell><Data ss:Type="Number">0</Data></Cell>
    <Cell><Data ss:Type="String">2023-12-07 15:37:03.733374</Data></Cell>
   </Row>
   <Row>
    <Cell><Data ss:Type="String">609</Data></Cell>
    <Cell><Data ss:Type="Number">0.31</Data></Cell>
    <Cell><Data ss:Type="Number">-10.14</Data></Cell>
    <Cell><Data ss:Type="Number">0.12</Data></Cell>
    <Cell><Data ss:Type="Number">-9.52</Data></Cell>
    <Cell><Data ss:Type="Number">-0.08</Data></Cell>
    <Cell><Data ss:Type="Number">-0.94</Data></Cell>
    <Cell><Data ss:Type="Number">21.9</Data></Cell>
    <Cell><Data ss:Type="Number">40.5</Data></Cell>
    <Cell><Data ss:Type="Number">0</Data></Cell>
    <Cell><Data ss:Type="Number">0</Data></Cell>
    <Cell><Data ss:Type="String">2023-12-07 15:37:03.731736</Data></Cell>
   </Row>
   <Row>
    <Cell><Data ss:Type="String">608</Data></Cell>
    <Cell><Data ss:Type="Number">0.24</Data></Cell>
    <Cell><Data ss:Type="Number">-10.29</Data></Cell>
    <Cell><Data ss:Type="Number">0.18</Data></Cell>
    <Cell><Data ss:Type="Number">-9.5399999999999991</Data></Cell>
    <Cell><Data ss:Type="Number">-0.09</Data></Cell>
    <Cell><Data ss:Type="Number">-0.87</Data></Cell>
    <Cell><Data ss:Type="Number">21.9</Data></Cell>
    <Cell><Data ss:Type="Number">40.5</Data></Cell>
    <Cell><Data ss:Type="Number">0</Data></Cell>
    <Cell><Data ss:Type="Number">0</Data></Cell>
    <Cell><Data ss:Type="String">2023-12-07 15:37:03.685888</Data></Cell>
   </Row>
   <Row>
    <Cell><Data ss:Type="String">607</Data></Cell>
    <Cell><Data ss:Type="Number">0.25</Data></Cell>
    <Cell><Data ss:Type="Number">-10.02</Data></Cell>
    <Cell><Data ss:Type="Number">0.16</Data></Cell>
    <Cell><Data ss:Type="Number">-9.4499999999999993</Data></Cell>
    <Cell><Data ss:Type="Number">-0.08</Data></Cell>
    <Cell><Data ss:Type="Number">-0.92</Data></Cell>
    <Cell><Data ss:Type="Number">21.9</Data></Cell>
    <Cell><Data ss:Type="Number">40.5</Data></Cell>
    <Cell><Data ss:Type="Number">0</Data></Cell>
    <Cell><Data ss:Type="Number">0</Data></Cell>
    <Cell><Data ss:Type="String">2023-12-07 15:37:03.639473</Data></Cell>
   </Row>
   <Row>
    <Cell><Data ss:Type="String">606</Data></Cell>
    <Cell><Data ss:Type="Number">0.28999999999999998</Data></Cell>
    <Cell><Data ss:Type="Number">-9.9600000000000009</Data></Cell>
    <Cell><Data ss:Type="Number">0.1</Data></Cell>
    <Cell><Data ss:Type="Number">-9.39</Data></Cell>
    <Cell><Data ss:Type="Number">-7.0000000000000007E-2</Data></Cell>
    <Cell><Data ss:Type="Number">-0.9</Data></Cell>
    <Cell><Data ss:Type="Number">21.9</Data></Cell>
    <Cell><Data ss:Type="Number">40.5</Data></Cell>
    <Cell><Data ss:Type="Number">0</Data></Cell>
    <Cell><Data ss:Type="Number">0</Data></Cell>
    <Cell><Data ss:Type="String">2023-12-07 15:37:03.595167</Data></Cell>
   </Row>
   <Row>
    <Cell><Data ss:Type="String">605</Data></Cell>
    <Cell><Data ss:Type="Number">0.28999999999999998</Data></Cell>
    <Cell><Data ss:Type="Number">-10.130000000000001</Data></Cell>
    <Cell><Data ss:Type="Number">0.13</Data></Cell>
    <Cell><Data ss:Type="Number">-9.5299999999999994</Data></Cell>
    <Cell><Data ss:Type="Number">-0.09</Data></Cell>
    <Cell><Data ss:Type="Number">-0.9</Data></Cell>
    <Cell><Data ss:Type="Number">21.9</Data></Cell>
    <Cell><Data ss:Type="Number">40.5</Data></Cell>
    <Cell><Data ss:Type="Number">0</Data></Cell>
    <Cell><Data ss:Type="Number">0</Data></Cell>
    <Cell><Data ss:Type="String">2023-12-07 15:37:03.592444</Data></Cell>
   </Row>
   <Row>
    <Cell><Data ss:Type="String">604</Data></Cell>
    <Cell><Data ss:Type="Number">0.3</Data></Cell>
    <Cell><Data ss:Type="Number">-10.199999999999999</Data></Cell>
    <Cell><Data ss:Type="Number">0.14000000000000001</Data></Cell>
    <Cell><Data ss:Type="Number">-9.5299999999999994</Data></Cell>
    <Cell><Data ss:Type="Number">-0.05</Data></Cell>
    <Cell><Data ss:Type="Number">-0.91</Data></Cell>
    <Cell><Data ss:Type="Number">21.9</Data></Cell>
    <Cell><Data ss:Type="Number">40.5</Data></Cell>
    <Cell><Data ss:Type="Number">0</Data></Cell>
    <Cell><Data ss:Type="Number">0</Data></Cell>
    <Cell><Data ss:Type="String">2023-12-07 15:37:03.549329</Data></Cell>
   </Row>
   <Row>
    <Cell><Data ss:Type="String">603</Data></Cell>
    <Cell><Data ss:Type="Number">0.34</Data></Cell>
    <Cell><Data ss:Type="Number">-10.050000000000001</Data></Cell>
    <Cell><Data ss:Type="Number">0.1</Data></Cell>
    <Cell><Data ss:Type="Number">-9.5</Data></Cell>
    <Cell><Data ss:Type="Number">-0.08</Data></Cell>
    <Cell><Data ss:Type="Number">-0.91</Data></Cell>
    <Cell><Data ss:Type="Number">21.9</Data></Cell>
    <Cell><Data ss:Type="Number">40.5</Data></Cell>
    <Cell><Data ss:Type="Number">0</Data></Cell>
    <Cell><Data ss:Type="Number">0</Data></Cell>
    <Cell><Data ss:Type="String">2023-12-07 15:37:03.547556</Data></Cell>
   </Row>
   <Row>
    <Cell><Data ss:Type="String">602</Data></Cell>
    <Cell><Data ss:Type="Number">0.36</Data></Cell>
    <Cell><Data ss:Type="Number">-10.210000000000001</Data></Cell>
    <Cell><Data ss:Type="Number">0.19</Data></Cell>
    <Cell><Data ss:Type="Number">-9.4600000000000009</Data></Cell>
    <Cell><Data ss:Type="Number">-7.0000000000000007E-2</Data></Cell>
    <Cell><Data ss:Type="Number">-0.91</Data></Cell>
    <Cell><Data ss:Type="Number">21.9</Data></Cell>
    <Cell><Data ss:Type="Number">40.5</Data></Cell>
    <Cell><Data ss:Type="Number">0</Data></Cell>
    <Cell><Data ss:Type="Number">0</Data></Cell>
    <Cell><Data ss:Type="String">2023-12-07 15:37:03.545289</Data></Cell>
   </Row>
   <Row>
    <Cell><Data ss:Type="String">601</Data></Cell>
    <Cell><Data ss:Type="Number">0.27</Data></Cell>
    <Cell><Data ss:Type="Number">-9.9499999999999993</Data></Cell>
    <Cell><Data ss:Type="Number">0.05</Data></Cell>
    <Cell><Data ss:Type="Number">-9.41</Data></Cell>
    <Cell><Data ss:Type="Number">-0.03</Data></Cell>
    <Cell><Data ss:Type="Number">-0.95</Data></Cell>
    <Cell><Data ss:Type="Number">21.9</Data></Cell>
    <Cell><Data ss:Type="Number">40.5</Data></Cell>
    <Cell><Data ss:Type="Number">0</Data></Cell>
    <Cell><Data ss:Type="Number">0</Data></Cell>
    <Cell><Data ss:Type="String">2023-12-07 15:37:03.439938</Data></Cell>
   </Row>
   <Row>
    <Cell><Data ss:Type="String">600</Data></Cell>
    <Cell><Data ss:Type="Number">0.35</Data></Cell>
    <Cell><Data ss:Type="Number">-9.99</Data></Cell>
    <Cell><Data ss:Type="Number">0.14000000000000001</Data></Cell>
    <Cell><Data ss:Type="Number">-9.4600000000000009</Data></Cell>
    <Cell><Data ss:Type="Number">-0.11</Data></Cell>
    <Cell><Data ss:Type="Number">-0.92</Data></Cell>
    <Cell><Data ss:Type="Number">21.9</Data></Cell>
    <Cell><Data ss:Type="Number">40.5</Data></Cell>
    <Cell><Data ss:Type="Number">0</Data></Cell>
    <Cell><Data ss:Type="Number">0</Data></Cell>
    <Cell><Data ss:Type="String">2023-12-07 15:37:03.395980</Data></Cell>
   </Row>
   <Row>
    <Cell><Data ss:Type="String">599</Data></Cell>
    <Cell><Data ss:Type="Number">0.28000000000000003</Data></Cell>
    <Cell><Data ss:Type="Number">-10.11</Data></Cell>
    <Cell><Data ss:Type="Number">0.11</Data></Cell>
    <Cell><Data ss:Type="Number">-9.56</Data></Cell>
    <Cell><Data ss:Type="Number">-0.06</Data></Cell>
    <Cell><Data ss:Type="Number">-0.89</Data></Cell>
    <Cell><Data ss:Type="Number">21.9</Data></Cell>
    <Cell><Data ss:Type="Number">40.5</Data></Cell>
    <Cell><Data ss:Type="Number">0</Data></Cell>
    <Cell><Data ss:Type="Number">0</Data></Cell>
    <Cell><Data ss:Type="String">2023-12-07 15:37:03.393413</Data></Cell>
   </Row>
   <Row>
    <Cell><Data ss:Type="String">598</Data></Cell>
    <Cell><Data ss:Type="Number">0.26</Data></Cell>
    <Cell><Data ss:Type="Number">-10.17</Data></Cell>
    <Cell><Data ss:Type="Number">0.15</Data></Cell>
    <Cell><Data ss:Type="Number">-9.52</Data></Cell>
    <Cell><Data ss:Type="Number">-7.0000000000000007E-2</Data></Cell>
    <Cell><Data ss:Type="Number">-0.89</Data></Cell>
    <Cell><Data ss:Type="Number">21.9</Data></Cell>
    <Cell><Data ss:Type="Number">40.5</Data></Cell>
    <Cell><Data ss:Type="Number">0</Data></Cell>
    <Cell><Data ss:Type="Number">0</Data></Cell>
    <Cell><Data ss:Type="String">2023-12-07 15:37:03.347946</Data></Cell>
   </Row>
   <Row>
    <Cell><Data ss:Type="String">597</Data></Cell>
    <Cell><Data ss:Type="Number">0.25</Data></Cell>
    <Cell><Data ss:Type="Number">-10.130000000000001</Data></Cell>
    <Cell><Data ss:Type="Number">0.18</Data></Cell>
    <Cell><Data ss:Type="Number">-9.43</Data></Cell>
    <Cell><Data ss:Type="Number">-0.09</Data></Cell>
    <Cell><Data ss:Type="Number">-0.89</Data></Cell>
    <Cell><Data ss:Type="Number">21.9</Data></Cell>
    <Cell><Data ss:Type="Number">40.5</Data></Cell>
    <Cell><Data ss:Type="Number">0</Data></Cell>
    <Cell><Data ss:Type="Number">0</Data></Cell>
    <Cell><Data ss:Type="String">2023-12-07 15:37:03.301595</Data></Cell>
   </Row>
   <Row>
    <Cell><Data ss:Type="String">596</Data></Cell>
    <Cell><Data ss:Type="Number">0.22</Data></Cell>
    <Cell><Data ss:Type="Number">-10.02</Data></Cell>
    <Cell><Data ss:Type="Number">0.11</Data></Cell>
    <Cell><Data ss:Type="Number">-9.43</Data></Cell>
    <Cell><Data ss:Type="Number">-0.06</Data></Cell>
    <Cell><Data ss:Type="Number">-0.96</Data></Cell>
    <Cell><Data ss:Type="Number">21.9</Data></Cell>
    <Cell><Data ss:Type="Number">40.5</Data></Cell>
    <Cell><Data ss:Type="Number">0</Data></Cell>
    <Cell><Data ss:Type="Number">0</Data></Cell>
    <Cell><Data ss:Type="String">2023-12-07 15:37:03.257670</Data></Cell>
   </Row>
   <Row>
    <Cell><Data ss:Type="String">595</Data></Cell>
    <Cell><Data ss:Type="Number">0.23</Data></Cell>
    <Cell><Data ss:Type="Number">-10.039999999999999</Data></Cell>
    <Cell><Data ss:Type="Number">0.1</Data></Cell>
    <Cell><Data ss:Type="Number">-9.4499999999999993</Data></Cell>
    <Cell><Data ss:Type="Number">-0.08</Data></Cell>
    <Cell><Data ss:Type="Number">-0.9</Data></Cell>
    <Cell><Data ss:Type="Number">21.9</Data></Cell>
    <Cell><Data ss:Type="Number">40.5</Data></Cell>
    <Cell><Data ss:Type="Number">0</Data></Cell>
    <Cell><Data ss:Type="Number">0</Data></Cell>
    <Cell><Data ss:Type="String">2023-12-07 15:37:03.255871</Data></Cell>
   </Row>
   <Row>
    <Cell><Data ss:Type="String">594</Data></Cell>
    <Cell><Data ss:Type="Number">0.28999999999999998</Data></Cell>
    <Cell><Data ss:Type="Number">-10.25</Data></Cell>
    <Cell><Data ss:Type="Number">0.2</Data></Cell>
    <Cell><Data ss:Type="Number">-9.56</Data></Cell>
    <Cell><Data ss:Type="Number">-0.06</Data></Cell>
    <Cell><Data ss:Type="Number">-0.89</Data></Cell>
    <Cell><Data ss:Type="Number">21.9</Data></Cell>
    <Cell><Data ss:Type="Number">40.5</Data></Cell>
    <Cell><Data ss:Type="Number">0</Data></Cell>
    <Cell><Data ss:Type="Number">0</Data></Cell>
    <Cell><Data ss:Type="String">2023-12-07 15:37:03.210204</Data></Cell>
   </Row>
   <Row>
    <Cell><Data ss:Type="String">593</Data></Cell>
    <Cell><Data ss:Type="Number">0.25</Data></Cell>
    <Cell><Data ss:Type="Number">-10.09</Data></Cell>
    <Cell><Data ss:Type="Number">0.18</Data></Cell>
    <Cell><Data ss:Type="Number">-9.44</Data></Cell>
    <Cell><Data ss:Type="Number">-7.0000000000000007E-2</Data></Cell>
    <Cell><Data ss:Type="Number">-0.93</Data></Cell>
    <Cell><Data ss:Type="Number">21.9</Data></Cell>
    <Cell><Data ss:Type="Number">40.5</Data></Cell>
    <Cell><Data ss:Type="Number">0</Data></Cell>
    <Cell><Data ss:Type="Number">0</Data></Cell>
    <Cell><Data ss:Type="String">2023-12-07 15:37:03.164066</Data></Cell>
   </Row>
   <Row>
    <Cell><Data ss:Type="String">592</Data></Cell>
    <Cell><Data ss:Type="Number">0.28000000000000003</Data></Cell>
    <Cell><Data ss:Type="Number">-10</Data></Cell>
    <Cell><Data ss:Type="Number">0.27</Data></Cell>
    <Cell><Data ss:Type="Number">-9.41</Data></Cell>
    <Cell><Data ss:Type="Number">-0.08</Data></Cell>
    <Cell><Data ss:Type="Number">-0.93</Data></Cell>
    <Cell><Data ss:Type="Number">21.9</Data></Cell>
    <Cell><Data ss:Type="Number">40.5</Data></Cell>
    <Cell><Data ss:Type="Number">0</Data></Cell>
    <Cell><Data ss:Type="Number">0</Data></Cell>
    <Cell><Data ss:Type="String">2023-12-07 15:37:03.120745</Data></Cell>
   </Row>
   <Row>
    <Cell><Data ss:Type="String">591</Data></Cell>
    <Cell><Data ss:Type="Number">0.28999999999999998</Data></Cell>
    <Cell><Data ss:Type="Number">-10.02</Data></Cell>
    <Cell><Data ss:Type="Number">0.1</Data></Cell>
    <Cell><Data ss:Type="Number">-9.5</Data></Cell>
    <Cell><Data ss:Type="Number">-0.08</Data></Cell>
    <Cell><Data ss:Type="Number">-0.95</Data></Cell>
    <Cell><Data ss:Type="Number">21.9</Data></Cell>
    <Cell><Data ss:Type="Number">40.5</Data></Cell>
    <Cell><Data ss:Type="Number">0</Data></Cell>
    <Cell><Data ss:Type="Number">0</Data></Cell>
    <Cell><Data ss:Type="String">2023-12-07 15:37:03.118440</Data></Cell>
   </Row>
   <Row>
    <Cell><Data ss:Type="String">590</Data></Cell>
    <Cell><Data ss:Type="Number">0.28000000000000003</Data></Cell>
    <Cell><Data ss:Type="Number">-10.08</Data></Cell>
    <Cell><Data ss:Type="Number">0.15</Data></Cell>
    <Cell><Data ss:Type="Number">-9.5</Data></Cell>
    <Cell><Data ss:Type="Number">-0.06</Data></Cell>
    <Cell><Data ss:Type="Number">-0.88</Data></Cell>
    <Cell><Data ss:Type="Number">21.9</Data></Cell>
    <Cell><Data ss:Type="Number">40.5</Data></Cell>
    <Cell><Data ss:Type="Number">0</Data></Cell>
    <Cell><Data ss:Type="Number">0</Data></Cell>
    <Cell><Data ss:Type="String">2023-12-07 15:37:03.071882</Data></Cell>
   </Row>
   <Row>
    <Cell><Data ss:Type="String">589</Data></Cell>
    <Cell><Data ss:Type="Number">0.26</Data></Cell>
    <Cell><Data ss:Type="Number">-10.25</Data></Cell>
    <Cell><Data ss:Type="Number">0.16</Data></Cell>
    <Cell><Data ss:Type="Number">-9.5399999999999991</Data></Cell>
    <Cell><Data ss:Type="Number">-0.09</Data></Cell>
    <Cell><Data ss:Type="Number">-0.89</Data></Cell>
    <Cell><Data ss:Type="Number">21.9</Data></Cell>
    <Cell><Data ss:Type="Number">40.5</Data></Cell>
    <Cell><Data ss:Type="Number">0</Data></Cell>
    <Cell><Data ss:Type="Number">0</Data></Cell>
    <Cell><Data ss:Type="String">2023-12-07 15:37:03.032069</Data></Cell>
   </Row>
   <Row>
    <Cell><Data ss:Type="String">588</Data></Cell>
    <Cell><Data ss:Type="Number">0.26</Data></Cell>
    <Cell><Data ss:Type="Number">-10.02</Data></Cell>
    <Cell><Data ss:Type="Number">0.15</Data></Cell>
    <Cell><Data ss:Type="Number">-9.4700000000000006</Data></Cell>
    <Cell><Data ss:Type="Number">-0.06</Data></Cell>
    <Cell><Data ss:Type="Number">-0.9</Data></Cell>
    <Cell><Data ss:Type="Number">21.9</Data></Cell>
    <Cell><Data ss:Type="Number">40.5</Data></Cell>
    <Cell><Data ss:Type="Number">0</Data></Cell>
    <Cell><Data ss:Type="Number">0</Data></Cell>
    <Cell><Data ss:Type="String">2023-12-07 15:37:03.030226</Data></Cell>
   </Row>
   <Row>
    <Cell><Data ss:Type="String">587</Data></Cell>
    <Cell><Data ss:Type="Number">0.25</Data></Cell>
    <Cell><Data ss:Type="Number">-9.98</Data></Cell>
    <Cell><Data ss:Type="Number">0.14000000000000001</Data></Cell>
    <Cell><Data ss:Type="Number">-9.4</Data></Cell>
    <Cell><Data ss:Type="Number">-0.08</Data></Cell>
    <Cell><Data ss:Type="Number">-0.92</Data></Cell>
    <Cell><Data ss:Type="Number">21.9</Data></Cell>
    <Cell><Data ss:Type="Number">40.5</Data></Cell>
    <Cell><Data ss:Type="Number">0</Data></Cell>
    <Cell><Data ss:Type="Number">0</Data></Cell>
    <Cell><Data ss:Type="String">2023-12-07 15:37:03.011461</Data></Cell>
   </Row>
   <Row>
    <Cell><Data ss:Type="String">586</Data></Cell>
    <Cell><Data ss:Type="Number">0.2</Data></Cell>
    <Cell><Data ss:Type="Number">-9.9499999999999993</Data></Cell>
    <Cell><Data ss:Type="Number">0.02</Data></Cell>
    <Cell><Data ss:Type="Number">-9.49</Data></Cell>
    <Cell><Data ss:Type="Number">-0.04</Data></Cell>
    <Cell><Data ss:Type="Number">-0.98</Data></Cell>
    <Cell><Data ss:Type="Number">21.9</Data></Cell>
    <Cell><Data ss:Type="Number">40.5</Data></Cell>
    <Cell><Data ss:Type="Number">0</Data></Cell>
    <Cell><Data ss:Type="Number">0</Data></Cell>
    <Cell><Data ss:Type="String">2023-12-07 15:37:03.008698</Data></Cell>
   </Row>
   <Row>
    <Cell><Data ss:Type="String">585</Data></Cell>
    <Cell><Data ss:Type="Number">0.38</Data></Cell>
    <Cell><Data ss:Type="Number">-9.9600000000000009</Data></Cell>
    <Cell><Data ss:Type="Number">0.13</Data></Cell>
    <Cell><Data ss:Type="Number">-9.49</Data></Cell>
    <Cell><Data ss:Type="Number">-0.05</Data></Cell>
    <Cell><Data ss:Type="Number">-0.85</Data></Cell>
    <Cell><Data ss:Type="Number">21.9</Data></Cell>
    <Cell><Data ss:Type="Number">40.5</Data></Cell>
    <Cell><Data ss:Type="Number">0</Data></Cell>
    <Cell><Data ss:Type="Number">0</Data></Cell>
    <Cell><Data ss:Type="String">2023-12-07 15:37:03.006642</Data></Cell>
   </Row>
   <Row>
    <Cell><Data ss:Type="String">584</Data></Cell>
    <Cell><Data ss:Type="Number">0.04</Data></Cell>
    <Cell><Data ss:Type="Number">-10.3</Data></Cell>
    <Cell><Data ss:Type="Number">0.2</Data></Cell>
    <Cell><Data ss:Type="Number">-9.59</Data></Cell>
    <Cell><Data ss:Type="Number">-0.17</Data></Cell>
    <Cell><Data ss:Type="Number">-0.92</Data></Cell>
    <Cell><Data ss:Type="Number">21.9</Data></Cell>
    <Cell><Data ss:Type="Number">40.5</Data></Cell>
    <Cell><Data ss:Type="Number">0</Data></Cell>
    <Cell><Data ss:Type="Number">0</Data></Cell>
    <Cell><Data ss:Type="String">2023-12-07 15:37:03.004760</Data></Cell>
   </Row>
   <Row>
    <Cell><Data ss:Type="String">583</Data></Cell>
    <Cell><Data ss:Type="Number">0.37</Data></Cell>
    <Cell><Data ss:Type="Number">-10.15</Data></Cell>
    <Cell><Data ss:Type="Number">0.06</Data></Cell>
    <Cell><Data ss:Type="Number">-9.51</Data></Cell>
    <Cell><Data ss:Type="Number">0.01</Data></Cell>
    <Cell><Data ss:Type="Number">-0.86</Data></Cell>
    <Cell><Data ss:Type="Number">21.9</Data></Cell>
    <Cell><Data ss:Type="Number">40.5</Data></Cell>
    <Cell><Data ss:Type="Number">0</Data></Cell>
    <Cell><Data ss:Type="Number">0</Data></Cell>
    <Cell><Data ss:Type="String">2023-12-07 15:37:03.002918</Data></Cell>
   </Row>
   <Row>
    <Cell><Data ss:Type="String">582</Data></Cell>
    <Cell><Data ss:Type="Number">0.15</Data></Cell>
    <Cell><Data ss:Type="Number">-10.09</Data></Cell>
    <Cell><Data ss:Type="Number">0.05</Data></Cell>
    <Cell><Data ss:Type="Number">-9.5</Data></Cell>
    <Cell><Data ss:Type="Number">0.02</Data></Cell>
    <Cell><Data ss:Type="Number">-0.94</Data></Cell>
    <Cell><Data ss:Type="Number">21.9</Data></Cell>
    <Cell><Data ss:Type="Number">40.5</Data></Cell>
    <Cell><Data ss:Type="Number">0</Data></Cell>
    <Cell><Data ss:Type="Number">0</Data></Cell>
    <Cell><Data ss:Type="String">2023-12-07 15:37:03.000940</Data></Cell>
   </Row>
   <Row>
    <Cell><Data ss:Type="String">581</Data></Cell>
    <Cell><Data ss:Type="Number">0.57999999999999996</Data></Cell>
    <Cell><Data ss:Type="Number">-9.9499999999999993</Data></Cell>
    <Cell><Data ss:Type="Number">0.28000000000000003</Data></Cell>
    <Cell><Data ss:Type="Number">-9.44</Data></Cell>
    <Cell><Data ss:Type="Number">-0.2</Data></Cell>
    <Cell><Data ss:Type="Number">-0.92</Data></Cell>
    <Cell><Data ss:Type="Number">21.9</Data></Cell>
    <Cell><Data ss:Type="Number">40.5</Data></Cell>
    <Cell><Data ss:Type="Number">0</Data></Cell>
    <Cell><Data ss:Type="Number">0</Data></Cell>
    <Cell><Data ss:Type="String">2023-12-07 15:37:02.930422</Data></Cell>
   </Row>
   <Row>
    <Cell><Data ss:Type="String">580</Data></Cell>
    <Cell><Data ss:Type="Number">0.25</Data></Cell>
    <Cell><Data ss:Type="Number">-9.99</Data></Cell>
    <Cell><Data ss:Type="Number">0.15</Data></Cell>
    <Cell><Data ss:Type="Number">-9.42</Data></Cell>
    <Cell><Data ss:Type="Number">-0.22</Data></Cell>
    <Cell><Data ss:Type="Number">-0.85</Data></Cell>
    <Cell><Data ss:Type="Number">21.9</Data></Cell>
    <Cell><Data ss:Type="Number">40.5</Data></Cell>
    <Cell><Data ss:Type="Number">0</Data></Cell>
    <Cell><Data ss:Type="Number">0</Data></Cell>
    <Cell><Data ss:Type="String">2023-12-07 15:37:02.722992</Data></Cell>
   </Row>
   <Row>
    <Cell><Data ss:Type="String">579</Data></Cell>
    <Cell><Data ss:Type="Number">-0.43</Data></Cell>
    <Cell><Data ss:Type="Number">-10.32</Data></Cell>
    <Cell><Data ss:Type="Number">-0.21</Data></Cell>
    <Cell><Data ss:Type="Number">-9.6199999999999992</Data></Cell>
    <Cell><Data ss:Type="Number">0.19</Data></Cell>
    <Cell><Data ss:Type="Number">-0.95</Data></Cell>
    <Cell><Data ss:Type="Number">21.9</Data></Cell>
    <Cell><Data ss:Type="Number">40.5</Data></Cell>
    <Cell><Data ss:Type="Number">0</Data></Cell>
    <Cell><Data ss:Type="Number">0</Data></Cell>
    <Cell><Data ss:Type="String">2023-12-07 15:37:02.721047</Data></Cell>
   </Row>
   <Row>
    <Cell><Data ss:Type="String">578</Data></Cell>
    <Cell><Data ss:Type="Number">-0.3</Data></Cell>
    <Cell><Data ss:Type="Number">-10.029999999999999</Data></Cell>
    <Cell><Data ss:Type="Number">-0.22</Data></Cell>
    <Cell><Data ss:Type="Number">-9.42</Data></Cell>
    <Cell><Data ss:Type="Number">0.4</Data></Cell>
    <Cell><Data ss:Type="Number">-0.97</Data></Cell>
    <Cell><Data ss:Type="Number">21.9</Data></Cell>
    <Cell><Data ss:Type="Number">40.5</Data></Cell>
    <Cell><Data ss:Type="Number">0</Data></Cell>
    <Cell><Data ss:Type="Number">0</Data></Cell>
    <Cell><Data ss:Type="String">2023-12-07 15:37:02.672145</Data></Cell>
   </Row>
   <Row>
    <Cell><Data ss:Type="String">577</Data></Cell>
    <Cell><Data ss:Type="Number">1.77</Data></Cell>
    <Cell><Data ss:Type="Number">-9.7200000000000006</Data></Cell>
    <Cell><Data ss:Type="Number">0.7</Data></Cell>
    <Cell><Data ss:Type="Number">-9.35</Data></Cell>
    <Cell><Data ss:Type="Number">-0.63</Data></Cell>
    <Cell><Data ss:Type="Number">-0.86</Data></Cell>
    <Cell><Data ss:Type="Number">21.9</Data></Cell>
    <Cell><Data ss:Type="Number">40.5</Data></Cell>
    <Cell><Data ss:Type="Number">0</Data></Cell>
    <Cell><Data ss:Type="Number">0</Data></Cell>
    <Cell><Data ss:Type="String">2023-12-07 15:37:02.630300</Data></Cell>
   </Row>
   <Row>
    <Cell><Data ss:Type="String">576</Data></Cell>
    <Cell><Data ss:Type="Number">-2.85</Data></Cell>
    <Cell><Data ss:Type="Number">-10.1</Data></Cell>
    <Cell><Data ss:Type="Number">0.71</Data></Cell>
    <Cell><Data ss:Type="Number">-9.51</Data></Cell>
    <Cell><Data ss:Type="Number">-1.1200000000000001</Data></Cell>
    <Cell><Data ss:Type="Number">-0.9</Data></Cell>
    <Cell><Data ss:Type="Number">21.9</Data></Cell>
    <Cell><Data ss:Type="Number">40.5</Data></Cell>
    <Cell><Data ss:Type="Number">0</Data></Cell>
    <Cell><Data ss:Type="Number">0</Data></Cell>
    <Cell><Data ss:Type="String">2023-12-07 15:37:02.627588</Data></Cell>
   </Row>
   <Row>
    <Cell><Data ss:Type="String">575</Data></Cell>
    <Cell><Data ss:Type="Number">-2.2000000000000002</Data></Cell>
    <Cell><Data ss:Type="Number">-9.94</Data></Cell>
    <Cell><Data ss:Type="Number">-1.05</Data></Cell>
    <Cell><Data ss:Type="Number">-9.5299999999999994</Data></Cell>
    <Cell><Data ss:Type="Number">1.1499999999999999</Data></Cell>
    <Cell><Data ss:Type="Number">-0.95</Data></Cell>
    <Cell><Data ss:Type="Number">21.9</Data></Cell>
    <Cell><Data ss:Type="Number">40.5</Data></Cell>
    <Cell><Data ss:Type="Number">0</Data></Cell>
    <Cell><Data ss:Type="Number">0</Data></Cell>
    <Cell><Data ss:Type="String">2023-12-07 15:37:02.578611</Data></Cell>
   </Row>
   <Row>
    <Cell><Data ss:Type="String">574</Data></Cell>
    <Cell><Data ss:Type="Number">-1.5</Data></Cell>
    <Cell><Data ss:Type="Number">-7.19</Data></Cell>
    <Cell><Data ss:Type="Number">-2.04</Data></Cell>
    <Cell><Data ss:Type="Number">-9.7100000000000009</Data></Cell>
    <Cell><Data ss:Type="Number">0.56000000000000005</Data></Cell>
    <Cell><Data ss:Type="Number">-1.59</Data></Cell>
    <Cell><Data ss:Type="Number">21.9</Data></Cell>
    <Cell><Data ss:Type="Number">40.5</Data></Cell>
    <Cell><Data ss:Type="Number">0</Data></Cell>
    <Cell><Data ss:Type="Number">0</Data></Cell>
    <Cell><Data ss:Type="String">2023-12-07 15:37:02.575227</Data></Cell>
   </Row>
   <Row>
    <Cell><Data ss:Type="String">573</Data></Cell>
    <Cell><Data ss:Type="Number">0.45</Data></Cell>
    <Cell><Data ss:Type="Number">-10.050000000000001</Data></Cell>
    <Cell><Data ss:Type="Number">7.0000000000000007E-2</Data></Cell>
    <Cell><Data ss:Type="Number">-9.3800000000000008</Data></Cell>
    <Cell><Data ss:Type="Number">-0.1</Data></Cell>
    <Cell><Data ss:Type="Number">-0.96</Data></Cell>
    <Cell><Data ss:Type="Number">21.9</Data></Cell>
    <Cell><Data ss:Type="Number">40.5</Data></Cell>
    <Cell><Data ss:Type="Number">0</Data></Cell>
    <Cell><Data ss:Type="Number">0</Data></Cell>
    <Cell><Data ss:Type="String">2023-12-07 15:37:02.572554</Data></Cell>
   </Row>
   <Row>
    <Cell><Data ss:Type="String">572</Data></Cell>
    <Cell><Data ss:Type="Number">0.78</Data></Cell>
    <Cell><Data ss:Type="Number">-9.75</Data></Cell>
    <Cell><Data ss:Type="Number">0.24</Data></Cell>
    <Cell><Data ss:Type="Number">-9.5500000000000007</Data></Cell>
    <Cell><Data ss:Type="Number">-0.11</Data></Cell>
    <Cell><Data ss:Type="Number">-0.85</Data></Cell>
    <Cell><Data ss:Type="Number">21.9</Data></Cell>
    <Cell><Data ss:Type="Number">40.5</Data></Cell>
    <Cell><Data ss:Type="Number">0</Data></Cell>
    <Cell><Data ss:Type="Number">0</Data></Cell>
    <Cell><Data ss:Type="String">2023-12-07 15:37:02.570078</Data></Cell>
   </Row>
   <Row>
    <Cell><Data ss:Type="String">571</Data></Cell>
    <Cell><Data ss:Type="Number">0.2</Data></Cell>
    <Cell><Data ss:Type="Number">-9.89</Data></Cell>
    <Cell><Data ss:Type="Number">0.3</Data></Cell>
    <Cell><Data ss:Type="Number">-9.65</Data></Cell>
    <Cell><Data ss:Type="Number">-0.02</Data></Cell>
    <Cell><Data ss:Type="Number">-0.88</Data></Cell>
    <Cell><Data ss:Type="Number">21.9</Data></Cell>
    <Cell><Data ss:Type="Number">40.5</Data></Cell>
    <Cell><Data ss:Type="Number">0</Data></Cell>
    <Cell><Data ss:Type="Number">0</Data></Cell>
    <Cell><Data ss:Type="String">2023-12-07 15:37:02.567551</Data></Cell>
   </Row>
   <Row>
    <Cell><Data ss:Type="String">570</Data></Cell>
    <Cell><Data ss:Type="Number">0.09</Data></Cell>
    <Cell><Data ss:Type="Number">-9.9499999999999993</Data></Cell>
    <Cell><Data ss:Type="Number">0.18</Data></Cell>
    <Cell><Data ss:Type="Number">-9.7100000000000009</Data></Cell>
    <Cell><Data ss:Type="Number">-0.06</Data></Cell>
    <Cell><Data ss:Type="Number">-0.91</Data></Cell>
    <Cell><Data ss:Type="Number">21.9</Data></Cell>
    <Cell><Data ss:Type="Number">40.5</Data></Cell>
    <Cell><Data ss:Type="Number">0</Data></Cell>
    <Cell><Data ss:Type="Number">0</Data></Cell>
    <Cell><Data ss:Type="String">2023-12-07 15:37:02.565092</Data></Cell>
   </Row>
   <Row>
    <Cell><Data ss:Type="String">569</Data></Cell>
    <Cell><Data ss:Type="Number">0.35</Data></Cell>
    <Cell><Data ss:Type="Number">-9.44</Data></Cell>
    <Cell><Data ss:Type="Number">-0.19</Data></Cell>
    <Cell><Data ss:Type="Number">-9.36</Data></Cell>
    <Cell><Data ss:Type="Number">-0.03</Data></Cell>
    <Cell><Data ss:Type="Number">-1</Data></Cell>
    <Cell><Data ss:Type="Number">21.9</Data></Cell>
    <Cell><Data ss:Type="Number">40.5</Data></Cell>
    <Cell><Data ss:Type="Number">0</Data></Cell>
    <Cell><Data ss:Type="Number">0</Data></Cell>
    <Cell><Data ss:Type="String">2023-12-07 15:37:02.562504</Data></Cell>
   </Row>
   <Row>
    <Cell><Data ss:Type="String">568</Data></Cell>
    <Cell><Data ss:Type="Number">0.39</Data></Cell>
    <Cell><Data ss:Type="Number">-10.64</Data></Cell>
    <Cell><Data ss:Type="Number">0.24</Data></Cell>
    <Cell><Data ss:Type="Number">-9.69</Data></Cell>
    <Cell><Data ss:Type="Number">-0.09</Data></Cell>
    <Cell><Data ss:Type="Number">-0.89</Data></Cell>
    <Cell><Data ss:Type="Number">21.9</Data></Cell>
    <Cell><Data ss:Type="Number">40.5</Data></Cell>
    <Cell><Data ss:Type="Number">0</Data></Cell>
    <Cell><Data ss:Type="Number">0</Data></Cell>
    <Cell><Data ss:Type="String">2023-12-07 15:37:02.322001</Data></Cell>
   </Row>
   <Row>
    <Cell><Data ss:Type="String">567</Data></Cell>
    <Cell><Data ss:Type="Number">0.11</Data></Cell>
    <Cell><Data ss:Type="Number">-10.52</Data></Cell>
    <Cell><Data ss:Type="Number">-0.05</Data></Cell>
    <Cell><Data ss:Type="Number">-9.4600000000000009</Data></Cell>
    <Cell><Data ss:Type="Number">-0.1</Data></Cell>
    <Cell><Data ss:Type="Number">-0.95</Data></Cell>
    <Cell><Data ss:Type="Number">21.9</Data></Cell>
    <Cell><Data ss:Type="Number">40.5</Data></Cell>
    <Cell><Data ss:Type="Number">0</Data></Cell>
    <Cell><Data ss:Type="Number">0</Data></Cell>
    <Cell><Data ss:Type="String">2023-12-07 15:37:02.320506</Data></Cell>
   </Row>
   <Row>
    <Cell><Data ss:Type="String">566</Data></Cell>
    <Cell><Data ss:Type="Number">0.46</Data></Cell>
    <Cell><Data ss:Type="Number">-10.31</Data></Cell>
    <Cell><Data ss:Type="Number">0.39</Data></Cell>
    <Cell><Data ss:Type="Number">-9.39</Data></Cell>
    <Cell><Data ss:Type="Number">-0.08</Data></Cell>
    <Cell><Data ss:Type="Number">-0.86</Data></Cell>
    <Cell><Data ss:Type="Number">21.9</Data></Cell>
    <Cell><Data ss:Type="Number">40.5</Data></Cell>
    <Cell><Data ss:Type="Number">0</Data></Cell>
    <Cell><Data ss:Type="Number">0</Data></Cell>
    <Cell><Data ss:Type="String">2023-12-07 15:37:02.318861</Data></Cell>
   </Row>
   <Row>
    <Cell><Data ss:Type="String">565</Data></Cell>
    <Cell><Data ss:Type="Number">0.28000000000000003</Data></Cell>
    <Cell><Data ss:Type="Number">-10.14</Data></Cell>
    <Cell><Data ss:Type="Number">0</Data></Cell>
    <Cell><Data ss:Type="Number">-9.4700000000000006</Data></Cell>
    <Cell><Data ss:Type="Number">-0.09</Data></Cell>
    <Cell><Data ss:Type="Number">-0.93</Data></Cell>
    <Cell><Data ss:Type="Number">21.9</Data></Cell>
    <Cell><Data ss:Type="Number">40.5</Data></Cell>
    <Cell><Data ss:Type="Number">0</Data></Cell>
    <Cell><Data ss:Type="Number">0</Data></Cell>
    <Cell><Data ss:Type="String">2023-12-07 15:37:02.317099</Data></Cell>
   </Row>
   <Row>
    <Cell><Data ss:Type="String">564</Data></Cell>
    <Cell><Data ss:Type="Number">0.72</Data></Cell>
    <Cell><Data ss:Type="Number">-9.82</Data></Cell>
    <Cell><Data ss:Type="Number">0.09</Data></Cell>
    <Cell><Data ss:Type="Number">-9.4</Data></Cell>
    <Cell><Data ss:Type="Number">-0.1</Data></Cell>
    <Cell><Data ss:Type="Number">-0.95</Data></Cell>
    <Cell><Data ss:Type="Number">21.9</Data></Cell>
    <Cell><Data ss:Type="Number">40.5</Data></Cell>
    <Cell><Data ss:Type="Number">0</Data></Cell>
    <Cell><Data ss:Type="Number">0</Data></Cell>
    <Cell><Data ss:Type="String">2023-12-07 15:37:02.315566</Data></Cell>
   </Row>
   <Row>
    <Cell><Data ss:Type="String">563</Data></Cell>
    <Cell><Data ss:Type="Number">0.67</Data></Cell>
    <Cell><Data ss:Type="Number">-10.02</Data></Cell>
    <Cell><Data ss:Type="Number">-0.12</Data></Cell>
    <Cell><Data ss:Type="Number">-9.58</Data></Cell>
    <Cell><Data ss:Type="Number">-7.0000000000000007E-2</Data></Cell>
    <Cell><Data ss:Type="Number">-0.88</Data></Cell>
    <Cell><Data ss:Type="Number">21.9</Data></Cell>
    <Cell><Data ss:Type="Number">40.5</Data></Cell>
    <Cell><Data ss:Type="Number">0</Data></Cell>
    <Cell><Data ss:Type="Number">0</Data></Cell>
    <Cell><Data ss:Type="String">2023-12-07 15:37:02.313651</Data></Cell>
   </Row>
   <Row>
    <Cell><Data ss:Type="String">562</Data></Cell>
    <Cell><Data ss:Type="Number">0.76</Data></Cell>
    <Cell><Data ss:Type="Number">-10.210000000000001</Data></Cell>
    <Cell><Data ss:Type="Number">0.02</Data></Cell>
    <Cell><Data ss:Type="Number">-9.6199999999999992</Data></Cell>
    <Cell><Data ss:Type="Number">-0.02</Data></Cell>
    <Cell><Data ss:Type="Number">-0.85</Data></Cell>
    <Cell><Data ss:Type="Number">21.9</Data></Cell>
    <Cell><Data ss:Type="Number">40.5</Data></Cell>
    <Cell><Data ss:Type="Number">0</Data></Cell>
    <Cell><Data ss:Type="Number">0</Data></Cell>
    <Cell><Data ss:Type="String">2023-12-07 15:37:02.311472</Data></Cell>
   </Row>
   <Row>
    <Cell><Data ss:Type="String">561</Data></Cell>
    <Cell><Data ss:Type="Number">0.13</Data></Cell>
    <Cell><Data ss:Type="Number">-9.94</Data></Cell>
    <Cell><Data ss:Type="Number">0.17</Data></Cell>
    <Cell><Data ss:Type="Number">-9.27</Data></Cell>
    <Cell><Data ss:Type="Number">-0.13</Data></Cell>
    <Cell><Data ss:Type="Number">-0.92</Data></Cell>
    <Cell><Data ss:Type="Number">21.9</Data></Cell>
    <Cell><Data ss:Type="Number">40.5</Data></Cell>
    <Cell><Data ss:Type="Number">0</Data></Cell>
    <Cell><Data ss:Type="Number">0</Data></Cell>
    <Cell><Data ss:Type="String">2023-12-07 15:37:02.308620</Data></Cell>
   </Row>
   <Row>
    <Cell><Data ss:Type="String">560</Data></Cell>
    <Cell><Data ss:Type="Number">0.57999999999999996</Data></Cell>
    <Cell><Data ss:Type="Number">-9.6</Data></Cell>
    <Cell><Data ss:Type="Number">-0.13</Data></Cell>
    <Cell><Data ss:Type="Number">-9.35</Data></Cell>
    <Cell><Data ss:Type="Number">-7.0000000000000007E-2</Data></Cell>
    <Cell><Data ss:Type="Number">-0.99</Data></Cell>
    <Cell><Data ss:Type="Number">21.9</Data></Cell>
    <Cell><Data ss:Type="Number">40.5</Data></Cell>
    <Cell><Data ss:Type="Number">0</Data></Cell>
    <Cell><Data ss:Type="Number">0</Data></Cell>
    <Cell><Data ss:Type="String">2023-12-07 15:37:02.075564</Data></Cell>
   </Row>
   <Row>
    <Cell><Data ss:Type="String">559</Data></Cell>
    <Cell><Data ss:Type="Number">0.3</Data></Cell>
    <Cell><Data ss:Type="Number">-10.36</Data></Cell>
    <Cell><Data ss:Type="Number">0.22</Data></Cell>
    <Cell><Data ss:Type="Number">-9.59</Data></Cell>
    <Cell><Data ss:Type="Number">-0.12</Data></Cell>
    <Cell><Data ss:Type="Number">-0.87</Data></Cell>
    <Cell><Data ss:Type="Number">21.9</Data></Cell>
    <Cell><Data ss:Type="Number">40.5</Data></Cell>
    <Cell><Data ss:Type="Number">0</Data></Cell>
    <Cell><Data ss:Type="Number">0</Data></Cell>
    <Cell><Data ss:Type="String">2023-12-07 15:37:02.030476</Data></Cell>
   </Row>
   <Row>
    <Cell><Data ss:Type="String">558</Data></Cell>
    <Cell><Data ss:Type="Number">0.01</Data></Cell>
    <Cell><Data ss:Type="Number">-10.01</Data></Cell>
    <Cell><Data ss:Type="Number">-0.05</Data></Cell>
    <Cell><Data ss:Type="Number">-9.4499999999999993</Data></Cell>
    <Cell><Data ss:Type="Number">-0.05</Data></Cell>
    <Cell><Data ss:Type="Number">-0.95</Data></Cell>
    <Cell><Data ss:Type="Number">21.9</Data></Cell>
    <Cell><Data ss:Type="Number">40.5</Data></Cell>
    <Cell><Data ss:Type="Number">0</Data></Cell>
    <Cell><Data ss:Type="Number">0</Data></Cell>
    <Cell><Data ss:Type="String">2023-12-07 15:37:01.971239</Data></Cell>
   </Row>
   <Row>
    <Cell><Data ss:Type="String">557</Data></Cell>
    <Cell><Data ss:Type="Number">0.5</Data></Cell>
    <Cell><Data ss:Type="Number">-9.92</Data></Cell>
    <Cell><Data ss:Type="Number">0.49</Data></Cell>
    <Cell><Data ss:Type="Number">-9.75</Data></Cell>
    <Cell><Data ss:Type="Number">-0.08</Data></Cell>
    <Cell><Data ss:Type="Number">-0.83</Data></Cell>
    <Cell><Data ss:Type="Number">21.9</Data></Cell>
    <Cell><Data ss:Type="Number">40.5</Data></Cell>
    <Cell><Data ss:Type="Number">0</Data></Cell>
    <Cell><Data ss:Type="Number">0</Data></Cell>
    <Cell><Data ss:Type="String">2023-12-07 15:37:01.967685</Data></Cell>
   </Row>
   <Row>
    <Cell><Data ss:Type="String">556</Data></Cell>
    <Cell><Data ss:Type="Number">0.09</Data></Cell>
    <Cell><Data ss:Type="Number">-10.29</Data></Cell>
    <Cell><Data ss:Type="Number">0.31</Data></Cell>
    <Cell><Data ss:Type="Number">-9.4600000000000009</Data></Cell>
    <Cell><Data ss:Type="Number">0</Data></Cell>
    <Cell><Data ss:Type="Number">-0.93</Data></Cell>
    <Cell><Data ss:Type="Number">21.9</Data></Cell>
    <Cell><Data ss:Type="Number">40.5</Data></Cell>
    <Cell><Data ss:Type="Number">0</Data></Cell>
    <Cell><Data ss:Type="Number">0</Data></Cell>
    <Cell><Data ss:Type="String">2023-12-07 15:37:01.925110</Data></Cell>
   </Row>
   <Row>
    <Cell><Data ss:Type="String">555</Data></Cell>
    <Cell><Data ss:Type="Number">0.25</Data></Cell>
    <Cell><Data ss:Type="Number">-10.33</Data></Cell>
    <Cell><Data ss:Type="Number">0.12</Data></Cell>
    <Cell><Data ss:Type="Number">-9.33</Data></Cell>
    <Cell><Data ss:Type="Number">-0.08</Data></Cell>
    <Cell><Data ss:Type="Number">-0.9</Data></Cell>
    <Cell><Data ss:Type="Number">21.9</Data></Cell>
    <Cell><Data ss:Type="Number">40.5</Data></Cell>
    <Cell><Data ss:Type="Number">0</Data></Cell>
    <Cell><Data ss:Type="Number">0</Data></Cell>
    <Cell><Data ss:Type="String">2023-12-07 15:37:01.879943</Data></Cell>
   </Row>
   <Row>
    <Cell><Data ss:Type="String">554</Data></Cell>
    <Cell><Data ss:Type="Number">0.27</Data></Cell>
    <Cell><Data ss:Type="Number">-10.119999999999999</Data></Cell>
    <Cell><Data ss:Type="Number">-0.25</Data></Cell>
    <Cell><Data ss:Type="Number">-9.43</Data></Cell>
    <Cell><Data ss:Type="Number">-0.16</Data></Cell>
    <Cell><Data ss:Type="Number">-0.88</Data></Cell>
    <Cell><Data ss:Type="Number">21.9</Data></Cell>
    <Cell><Data ss:Type="Number">40.5</Data></Cell>
    <Cell><Data ss:Type="Number">0</Data></Cell>
    <Cell><Data ss:Type="Number">0</Data></Cell>
    <Cell><Data ss:Type="String">2023-12-07 15:37:01.877096</Data></Cell>
   </Row>
   <Row>
    <Cell><Data ss:Type="String">553</Data></Cell>
    <Cell><Data ss:Type="Number">0.49</Data></Cell>
    <Cell><Data ss:Type="Number">-10.050000000000001</Data></Cell>
    <Cell><Data ss:Type="Number">0.24</Data></Cell>
    <Cell><Data ss:Type="Number">-9.51</Data></Cell>
    <Cell><Data ss:Type="Number">-0.02</Data></Cell>
    <Cell><Data ss:Type="Number">-0.88</Data></Cell>
    <Cell><Data ss:Type="Number">21.9</Data></Cell>
    <Cell><Data ss:Type="Number">40.5</Data></Cell>
    <Cell><Data ss:Type="Number">0</Data></Cell>
    <Cell><Data ss:Type="Number">0</Data></Cell>
    <Cell><Data ss:Type="String">2023-12-07 15:37:01.830820</Data></Cell>
   </Row>
   <Row>
    <Cell><Data ss:Type="String">552</Data></Cell>
    <Cell><Data ss:Type="Number">0.6</Data></Cell>
    <Cell><Data ss:Type="Number">-10.34</Data></Cell>
    <Cell><Data ss:Type="Number">0.17</Data></Cell>
    <Cell><Data ss:Type="Number">-9.65</Data></Cell>
    <Cell><Data ss:Type="Number">-0.03</Data></Cell>
    <Cell><Data ss:Type="Number">-0.91</Data></Cell>
    <Cell><Data ss:Type="Number">21.9</Data></Cell>
    <Cell><Data ss:Type="Number">40.5</Data></Cell>
    <Cell><Data ss:Type="Number">0</Data></Cell>
    <Cell><Data ss:Type="Number">0</Data></Cell>
    <Cell><Data ss:Type="String">2023-12-07 15:37:01.783833</Data></Cell>
   </Row>
   <Row>
    <Cell><Data ss:Type="String">551</Data></Cell>
    <Cell><Data ss:Type="Number">-0.01</Data></Cell>
    <Cell><Data ss:Type="Number">-9.6199999999999992</Data></Cell>
    <Cell><Data ss:Type="Number">0.01</Data></Cell>
    <Cell><Data ss:Type="Number">-9.27</Data></Cell>
    <Cell><Data ss:Type="Number">-0.04</Data></Cell>
    <Cell><Data ss:Type="Number">-0.91</Data></Cell>
    <Cell><Data ss:Type="Number">21.9</Data></Cell>
    <Cell><Data ss:Type="Number">40.5</Data></Cell>
    <Cell><Data ss:Type="Number">0</Data></Cell>
    <Cell><Data ss:Type="Number">0</Data></Cell>
    <Cell><Data ss:Type="String">2023-12-07 15:37:01.739977</Data></Cell>
   </Row>
   <Row>
    <Cell><Data ss:Type="String">550</Data></Cell>
    <Cell><Data ss:Type="Number">0.43</Data></Cell>
    <Cell><Data ss:Type="Number">-10.09</Data></Cell>
    <Cell><Data ss:Type="Number">-0.05</Data></Cell>
    <Cell><Data ss:Type="Number">-9.6</Data></Cell>
    <Cell><Data ss:Type="Number">-0.08</Data></Cell>
    <Cell><Data ss:Type="Number">-0.95</Data></Cell>
    <Cell><Data ss:Type="Number">21.9</Data></Cell>
    <Cell><Data ss:Type="Number">40.5</Data></Cell>
    <Cell><Data ss:Type="Number">0</Data></Cell>
    <Cell><Data ss:Type="Number">0</Data></Cell>
    <Cell><Data ss:Type="String">2023-12-07 15:37:01.738107</Data></Cell>
   </Row>
   <Row>
    <Cell><Data ss:Type="String">549</Data></Cell>
    <Cell><Data ss:Type="Number">0.4</Data></Cell>
    <Cell><Data ss:Type="Number">-10.24</Data></Cell>
    <Cell><Data ss:Type="Number">0.33</Data></Cell>
    <Cell><Data ss:Type="Number">-9.5500000000000007</Data></Cell>
    <Cell><Data ss:Type="Number">-0.04</Data></Cell>
    <Cell><Data ss:Type="Number">-0.91</Data></Cell>
    <Cell><Data ss:Type="Number">21.9</Data></Cell>
    <Cell><Data ss:Type="Number">40.5</Data></Cell>
    <Cell><Data ss:Type="Number">0</Data></Cell>
    <Cell><Data ss:Type="Number">0</Data></Cell>
    <Cell><Data ss:Type="String">2023-12-07 15:37:01.695383</Data></Cell>
   </Row>
   <Row>
    <Cell><Data ss:Type="String">548</Data></Cell>
    <Cell><Data ss:Type="Number">0.85</Data></Cell>
    <Cell><Data ss:Type="Number">-10.050000000000001</Data></Cell>
    <Cell><Data ss:Type="Number">0.19</Data></Cell>
    <Cell><Data ss:Type="Number">-9.5399999999999991</Data></Cell>
    <Cell><Data ss:Type="Number">-0.1</Data></Cell>
    <Cell><Data ss:Type="Number">-0.9</Data></Cell>
    <Cell><Data ss:Type="Number">21.9</Data></Cell>
    <Cell><Data ss:Type="Number">40.5</Data></Cell>
    <Cell><Data ss:Type="Number">0</Data></Cell>
    <Cell><Data ss:Type="Number">0</Data></Cell>
    <Cell><Data ss:Type="String">2023-12-07 15:37:01.649884</Data></Cell>
   </Row>
   <Row>
    <Cell><Data ss:Type="String">547</Data></Cell>
    <Cell><Data ss:Type="Number">0.92</Data></Cell>
    <Cell><Data ss:Type="Number">-10.14</Data></Cell>
    <Cell><Data ss:Type="Number">0.4</Data></Cell>
    <Cell><Data ss:Type="Number">-9.41</Data></Cell>
    <Cell><Data ss:Type="Number">-0.05</Data></Cell>
    <Cell><Data ss:Type="Number">-0.89</Data></Cell>
    <Cell><Data ss:Type="Number">21.9</Data></Cell>
    <Cell><Data ss:Type="Number">40.5</Data></Cell>
    <Cell><Data ss:Type="Number">0</Data></Cell>
    <Cell><Data ss:Type="Number">0</Data></Cell>
    <Cell><Data ss:Type="String">2023-12-07 15:37:01.647833</Data></Cell>
   </Row>
   <Row>
    <Cell><Data ss:Type="String">546</Data></Cell>
    <Cell><Data ss:Type="Number">0.84</Data></Cell>
    <Cell><Data ss:Type="Number">-9.6999999999999993</Data></Cell>
    <Cell><Data ss:Type="Number">0.05</Data></Cell>
    <Cell><Data ss:Type="Number">-9.4600000000000009</Data></Cell>
    <Cell><Data ss:Type="Number">-0.06</Data></Cell>
    <Cell><Data ss:Type="Number">-0.91</Data></Cell>
    <Cell><Data ss:Type="Number">21.9</Data></Cell>
    <Cell><Data ss:Type="Number">40.5</Data></Cell>
    <Cell><Data ss:Type="Number">0</Data></Cell>
    <Cell><Data ss:Type="Number">0</Data></Cell>
    <Cell><Data ss:Type="String">2023-12-07 15:37:01.587643</Data></Cell>
   </Row>
   <Row>
    <Cell><Data ss:Type="String">545</Data></Cell>
    <Cell><Data ss:Type="Number">0.48</Data></Cell>
    <Cell><Data ss:Type="Number">-9.77</Data></Cell>
    <Cell><Data ss:Type="Number">-0.12</Data></Cell>
    <Cell><Data ss:Type="Number">-9.6999999999999993</Data></Cell>
    <Cell><Data ss:Type="Number">0.09</Data></Cell>
    <Cell><Data ss:Type="Number">-0.98</Data></Cell>
    <Cell><Data ss:Type="Number">21.9</Data></Cell>
    <Cell><Data ss:Type="Number">40.5</Data></Cell>
    <Cell><Data ss:Type="Number">0</Data></Cell>
    <Cell><Data ss:Type="Number">0</Data></Cell>
    <Cell><Data ss:Type="String">2023-12-07 15:37:01.542751</Data></Cell>
   </Row>
   <Row>
    <Cell><Data ss:Type="String">544</Data></Cell>
    <Cell><Data ss:Type="Number">0.37</Data></Cell>
    <Cell><Data ss:Type="Number">-10.29</Data></Cell>
    <Cell><Data ss:Type="Number">0.25</Data></Cell>
    <Cell><Data ss:Type="Number">-9.6</Data></Cell>
    <Cell><Data ss:Type="Number">-0.11</Data></Cell>
    <Cell><Data ss:Type="Number">-0.8</Data></Cell>
    <Cell><Data ss:Type="Number">21.9</Data></Cell>
    <Cell><Data ss:Type="Number">40.5</Data></Cell>
    <Cell><Data ss:Type="Number">0</Data></Cell>
    <Cell><Data ss:Type="Number">0</Data></Cell>
    <Cell><Data ss:Type="String">2023-12-07 15:37:01.540330</Data></Cell>
   </Row>
   <Row>
    <Cell><Data ss:Type="String">543</Data></Cell>
    <Cell><Data ss:Type="Number">0.37</Data></Cell>
    <Cell><Data ss:Type="Number">-10.130000000000001</Data></Cell>
    <Cell><Data ss:Type="Number">0.37</Data></Cell>
    <Cell><Data ss:Type="Number">-9.6300000000000008</Data></Cell>
    <Cell><Data ss:Type="Number">0.02</Data></Cell>
    <Cell><Data ss:Type="Number">-0.96</Data></Cell>
    <Cell><Data ss:Type="Number">21.9</Data></Cell>
    <Cell><Data ss:Type="Number">40.5</Data></Cell>
    <Cell><Data ss:Type="Number">0</Data></Cell>
    <Cell><Data ss:Type="Number">0</Data></Cell>
    <Cell><Data ss:Type="String">2023-12-07 15:37:01.495160</Data></Cell>
   </Row>
   <Row>
    <Cell><Data ss:Type="String">542</Data></Cell>
    <Cell><Data ss:Type="Number">0.42</Data></Cell>
    <Cell><Data ss:Type="Number">-10.38</Data></Cell>
    <Cell><Data ss:Type="Number">0.78</Data></Cell>
    <Cell><Data ss:Type="Number">-9.44</Data></Cell>
    <Cell><Data ss:Type="Number">-0.27</Data></Cell>
    <Cell><Data ss:Type="Number">-0.87</Data></Cell>
    <Cell><Data ss:Type="Number">21.9</Data></Cell>
    <Cell><Data ss:Type="Number">40.6</Data></Cell>
    <Cell><Data ss:Type="Number">0</Data></Cell>
    <Cell><Data ss:Type="Number">0</Data></Cell>
    <Cell><Data ss:Type="String">2023-12-07 15:37:01.448037</Data></Cell>
   </Row>
   <Row>
    <Cell><Data ss:Type="String">541</Data></Cell>
    <Cell><Data ss:Type="Number">1.99</Data></Cell>
    <Cell><Data ss:Type="Number">-10.38</Data></Cell>
    <Cell><Data ss:Type="Number">0.86</Data></Cell>
    <Cell><Data ss:Type="Number">-9.3800000000000008</Data></Cell>
    <Cell><Data ss:Type="Number">-0.65</Data></Cell>
    <Cell><Data ss:Type="Number">-0.74</Data></Cell>
    <Cell><Data ss:Type="Number">21.9</Data></Cell>
    <Cell><Data ss:Type="Number">40.6</Data></Cell>
    <Cell><Data ss:Type="Number">0</Data></Cell>
    <Cell><Data ss:Type="Number">0</Data></Cell>
    <Cell><Data ss:Type="String">2023-12-07 15:37:01.403556</Data></Cell>
   </Row>
   <Row>
    <Cell><Data ss:Type="String">540</Data></Cell>
    <Cell><Data ss:Type="Number">-0.5</Data></Cell>
    <Cell><Data ss:Type="Number">-10.119999999999999</Data></Cell>
    <Cell><Data ss:Type="Number">-0.94</Data></Cell>
    <Cell><Data ss:Type="Number">-9.56</Data></Cell>
    <Cell><Data ss:Type="Number">0.06</Data></Cell>
    <Cell><Data ss:Type="Number">-1.07</Data></Cell>
    <Cell><Data ss:Type="Number">21.9</Data></Cell>
    <Cell><Data ss:Type="Number">40.6</Data></Cell>
    <Cell><Data ss:Type="Number">0</Data></Cell>
    <Cell><Data ss:Type="Number">0</Data></Cell>
    <Cell><Data ss:Type="String">2023-12-07 15:37:01.401768</Data></Cell>
   </Row>
   <Row>
    <Cell><Data ss:Type="String">539</Data></Cell>
    <Cell><Data ss:Type="Number">-1.9</Data></Cell>
    <Cell><Data ss:Type="Number">-10.35</Data></Cell>
    <Cell><Data ss:Type="Number">-0.83</Data></Cell>
    <Cell><Data ss:Type="Number">-9.57</Data></Cell>
    <Cell><Data ss:Type="Number">0.84</Data></Cell>
    <Cell><Data ss:Type="Number">-0.82</Data></Cell>
    <Cell><Data ss:Type="Number">21.9</Data></Cell>
    <Cell><Data ss:Type="Number">40.6</Data></Cell>
    <Cell><Data ss:Type="Number">0</Data></Cell>
    <Cell><Data ss:Type="Number">0</Data></Cell>
    <Cell><Data ss:Type="String">2023-12-07 15:37:01.355741</Data></Cell>
   </Row>
   <Row>
    <Cell><Data ss:Type="String">538</Data></Cell>
    <Cell><Data ss:Type="Number">0.31</Data></Cell>
    <Cell><Data ss:Type="Number">-10.210000000000001</Data></Cell>
    <Cell><Data ss:Type="Number">-1.31</Data></Cell>
    <Cell><Data ss:Type="Number">-9.33</Data></Cell>
    <Cell><Data ss:Type="Number">0.56999999999999995</Data></Cell>
    <Cell><Data ss:Type="Number">-1.4</Data></Cell>
    <Cell><Data ss:Type="Number">21.9</Data></Cell>
    <Cell><Data ss:Type="Number">40.6</Data></Cell>
    <Cell><Data ss:Type="Number">0</Data></Cell>
    <Cell><Data ss:Type="Number">0</Data></Cell>
    <Cell><Data ss:Type="String">2023-12-07 15:37:01.310732</Data></Cell>
   </Row>
   <Row>
    <Cell><Data ss:Type="String">537</Data></Cell>
    <Cell><Data ss:Type="Number">2.86</Data></Cell>
    <Cell><Data ss:Type="Number">-9.0299999999999994</Data></Cell>
    <Cell><Data ss:Type="Number">1.66</Data></Cell>
    <Cell><Data ss:Type="Number">-7.67</Data></Cell>
    <Cell><Data ss:Type="Number">-2.14</Data></Cell>
    <Cell><Data ss:Type="Number">-0.73</Data></Cell>
    <Cell><Data ss:Type="Number">21.9</Data></Cell>
    <Cell><Data ss:Type="Number">40.6</Data></Cell>
    <Cell><Data ss:Type="Number">0</Data></Cell>
    <Cell><Data ss:Type="Number">0</Data></Cell>
    <Cell><Data ss:Type="String">2023-12-07 15:37:01.267110</Data></Cell>
   </Row>
   <Row>
    <Cell><Data ss:Type="String">536</Data></Cell>
    <Cell><Data ss:Type="Number">0.28999999999999998</Data></Cell>
    <Cell><Data ss:Type="Number">-10.039999999999999</Data></Cell>
    <Cell><Data ss:Type="Number">0.21</Data></Cell>
    <Cell><Data ss:Type="Number">-9.4</Data></Cell>
    <Cell><Data ss:Type="Number">-0.08</Data></Cell>
    <Cell><Data ss:Type="Number">-0.91</Data></Cell>
    <Cell><Data ss:Type="Number">21.9</Data></Cell>
    <Cell><Data ss:Type="Number">40.6</Data></Cell>
    <Cell><Data ss:Type="Number">0</Data></Cell>
    <Cell><Data ss:Type="Number">0</Data></Cell>
    <Cell><Data ss:Type="String">2023-12-07 15:37:01.265231</Data></Cell>
   </Row>
   <Row>
    <Cell><Data ss:Type="String">535</Data></Cell>
    <Cell><Data ss:Type="Number">0.28999999999999998</Data></Cell>
    <Cell><Data ss:Type="Number">-10.07</Data></Cell>
    <Cell><Data ss:Type="Number">0.18</Data></Cell>
    <Cell><Data ss:Type="Number">-9.48</Data></Cell>
    <Cell><Data ss:Type="Number">-7.0000000000000007E-2</Data></Cell>
    <Cell><Data ss:Type="Number">-0.91</Data></Cell>
    <Cell><Data ss:Type="Number">21.9</Data></Cell>
    <Cell><Data ss:Type="Number">40.6</Data></Cell>
    <Cell><Data ss:Type="Number">0</Data></Cell>
    <Cell><Data ss:Type="Number">0</Data></Cell>
    <Cell><Data ss:Type="String">2023-12-07 15:37:01.218617</Data></Cell>
   </Row>
   <Row>
    <Cell><Data ss:Type="String">534</Data></Cell>
    <Cell><Data ss:Type="Number">0.31</Data></Cell>
    <Cell><Data ss:Type="Number">-10.16</Data></Cell>
    <Cell><Data ss:Type="Number">0.18</Data></Cell>
    <Cell><Data ss:Type="Number">-9.5399999999999991</Data></Cell>
    <Cell><Data ss:Type="Number">-0.06</Data></Cell>
    <Cell><Data ss:Type="Number">-0.91</Data></Cell>
    <Cell><Data ss:Type="Number">21.9</Data></Cell>
    <Cell><Data ss:Type="Number">40.6</Data></Cell>
    <Cell><Data ss:Type="Number">0</Data></Cell>
    <Cell><Data ss:Type="Number">0</Data></Cell>
    <Cell><Data ss:Type="String">2023-12-07 15:37:01.172318</Data></Cell>
   </Row>
   <Row>
    <Cell><Data ss:Type="String">533</Data></Cell>
    <Cell><Data ss:Type="Number">0.25</Data></Cell>
    <Cell><Data ss:Type="Number">-10.3</Data></Cell>
    <Cell><Data ss:Type="Number">0.19</Data></Cell>
    <Cell><Data ss:Type="Number">-9.5500000000000007</Data></Cell>
    <Cell><Data ss:Type="Number">-0.09</Data></Cell>
    <Cell><Data ss:Type="Number">-0.88</Data></Cell>
    <Cell><Data ss:Type="Number">21.9</Data></Cell>
    <Cell><Data ss:Type="Number">40.6</Data></Cell>
    <Cell><Data ss:Type="Number">0</Data></Cell>
    <Cell><Data ss:Type="Number">0</Data></Cell>
    <Cell><Data ss:Type="String">2023-12-07 15:37:01.130838</Data></Cell>
   </Row>
   <Row>
    <Cell><Data ss:Type="String">532</Data></Cell>
    <Cell><Data ss:Type="Number">0.28000000000000003</Data></Cell>
    <Cell><Data ss:Type="Number">-10.01</Data></Cell>
    <Cell><Data ss:Type="Number">0.12</Data></Cell>
    <Cell><Data ss:Type="Number">-9.4499999999999993</Data></Cell>
    <Cell><Data ss:Type="Number">-7.0000000000000007E-2</Data></Cell>
    <Cell><Data ss:Type="Number">-0.92</Data></Cell>
    <Cell><Data ss:Type="Number">21.9</Data></Cell>
    <Cell><Data ss:Type="Number">40.6</Data></Cell>
    <Cell><Data ss:Type="Number">0</Data></Cell>
    <Cell><Data ss:Type="Number">0</Data></Cell>
    <Cell><Data ss:Type="String">2023-12-07 15:37:01.128192</Data></Cell>
   </Row>
   <Row>
    <Cell><Data ss:Type="String">531</Data></Cell>
    <Cell><Data ss:Type="Number">0.33</Data></Cell>
    <Cell><Data ss:Type="Number">-10</Data></Cell>
    <Cell><Data ss:Type="Number">0.16</Data></Cell>
    <Cell><Data ss:Type="Number">-9.44</Data></Cell>
    <Cell><Data ss:Type="Number">-0.08</Data></Cell>
    <Cell><Data ss:Type="Number">-0.94</Data></Cell>
    <Cell><Data ss:Type="Number">21.9</Data></Cell>
    <Cell><Data ss:Type="Number">40.6</Data></Cell>
    <Cell><Data ss:Type="Number">0</Data></Cell>
    <Cell><Data ss:Type="Number">0</Data></Cell>
    <Cell><Data ss:Type="String">2023-12-07 15:37:01.082576</Data></Cell>
   </Row>
   <Row>
    <Cell><Data ss:Type="String">530</Data></Cell>
    <Cell><Data ss:Type="Number">0.31</Data></Cell>
    <Cell><Data ss:Type="Number">-10.1</Data></Cell>
    <Cell><Data ss:Type="Number">0.19</Data></Cell>
    <Cell><Data ss:Type="Number">-9.49</Data></Cell>
    <Cell><Data ss:Type="Number">-0.08</Data></Cell>
    <Cell><Data ss:Type="Number">-0.87</Data></Cell>
    <Cell><Data ss:Type="Number">21.9</Data></Cell>
    <Cell><Data ss:Type="Number">40.6</Data></Cell>
    <Cell><Data ss:Type="Number">0</Data></Cell>
    <Cell><Data ss:Type="Number">0</Data></Cell>
    <Cell><Data ss:Type="String">2023-12-07 15:37:01.037185</Data></Cell>
   </Row>
   <Row>
    <Cell><Data ss:Type="String">529</Data></Cell>
    <Cell><Data ss:Type="Number">0.25</Data></Cell>
    <Cell><Data ss:Type="Number">-10.27</Data></Cell>
    <Cell><Data ss:Type="Number">0.24</Data></Cell>
    <Cell><Data ss:Type="Number">-9.5399999999999991</Data></Cell>
    <Cell><Data ss:Type="Number">-7.0000000000000007E-2</Data></Cell>
    <Cell><Data ss:Type="Number">-0.88</Data></Cell>
    <Cell><Data ss:Type="Number">21.9</Data></Cell>
    <Cell><Data ss:Type="Number">40.6</Data></Cell>
    <Cell><Data ss:Type="Number">0</Data></Cell>
    <Cell><Data ss:Type="Number">0</Data></Cell>
    <Cell><Data ss:Type="String">2023-12-07 15:37:01.035250</Data></Cell>
   </Row>
   <Row>
    <Cell><Data ss:Type="String">528</Data></Cell>
    <Cell><Data ss:Type="Number">0.3</Data></Cell>
    <Cell><Data ss:Type="Number">-10.06</Data></Cell>
    <Cell><Data ss:Type="Number">0.16</Data></Cell>
    <Cell><Data ss:Type="Number">-9.4700000000000006</Data></Cell>
    <Cell><Data ss:Type="Number">-0.09</Data></Cell>
    <Cell><Data ss:Type="Number">-0.89</Data></Cell>
    <Cell><Data ss:Type="Number">21.9</Data></Cell>
    <Cell><Data ss:Type="Number">40.6</Data></Cell>
    <Cell><Data ss:Type="Number">0</Data></Cell>
    <Cell><Data ss:Type="Number">0</Data></Cell>
    <Cell><Data ss:Type="String">2023-12-07 15:37:00.990504</Data></Cell>
   </Row>
   <Row>
    <Cell><Data ss:Type="String">527</Data></Cell>
    <Cell><Data ss:Type="Number">0.26</Data></Cell>
    <Cell><Data ss:Type="Number">-9.9600000000000009</Data></Cell>
    <Cell><Data ss:Type="Number">0.09</Data></Cell>
    <Cell><Data ss:Type="Number">-9.43</Data></Cell>
    <Cell><Data ss:Type="Number">-0.06</Data></Cell>
    <Cell><Data ss:Type="Number">-0.91</Data></Cell>
    <Cell><Data ss:Type="Number">21.9</Data></Cell>
    <Cell><Data ss:Type="Number">40.6</Data></Cell>
    <Cell><Data ss:Type="Number">0</Data></Cell>
    <Cell><Data ss:Type="Number">0</Data></Cell>
    <Cell><Data ss:Type="String">2023-12-07 15:37:00.945582</Data></Cell>
   </Row>
   <Row>
    <Cell><Data ss:Type="String">526</Data></Cell>
    <Cell><Data ss:Type="Number">0.31</Data></Cell>
    <Cell><Data ss:Type="Number">-9.91</Data></Cell>
    <Cell><Data ss:Type="Number">0.12</Data></Cell>
    <Cell><Data ss:Type="Number">-9.4600000000000009</Data></Cell>
    <Cell><Data ss:Type="Number">-0.09</Data></Cell>
    <Cell><Data ss:Type="Number">-0.94</Data></Cell>
    <Cell><Data ss:Type="Number">21.9</Data></Cell>
    <Cell><Data ss:Type="Number">40.6</Data></Cell>
    <Cell><Data ss:Type="Number">0</Data></Cell>
    <Cell><Data ss:Type="Number">0</Data></Cell>
    <Cell><Data ss:Type="String">2023-12-07 15:37:00.901223</Data></Cell>
   </Row>
   <Row>
    <Cell><Data ss:Type="String">525</Data></Cell>
    <Cell><Data ss:Type="Number">0.28000000000000003</Data></Cell>
    <Cell><Data ss:Type="Number">-10.199999999999999</Data></Cell>
    <Cell><Data ss:Type="Number">0.19</Data></Cell>
    <Cell><Data ss:Type="Number">-9.5399999999999991</Data></Cell>
    <Cell><Data ss:Type="Number">-7.0000000000000007E-2</Data></Cell>
    <Cell><Data ss:Type="Number">-0.85</Data></Cell>
    <Cell><Data ss:Type="Number">21.9</Data></Cell>
    <Cell><Data ss:Type="Number">40.6</Data></Cell>
    <Cell><Data ss:Type="Number">0</Data></Cell>
    <Cell><Data ss:Type="Number">0</Data></Cell>
    <Cell><Data ss:Type="String">2023-12-07 15:37:00.899307</Data></Cell>
   </Row>
   <Row>
    <Cell><Data ss:Type="String">524</Data></Cell>
    <Cell><Data ss:Type="Number">0.26</Data></Cell>
    <Cell><Data ss:Type="Number">-10.16</Data></Cell>
    <Cell><Data ss:Type="Number">0.14000000000000001</Data></Cell>
    <Cell><Data ss:Type="Number">-9.49</Data></Cell>
    <Cell><Data ss:Type="Number">-0.1</Data></Cell>
    <Cell><Data ss:Type="Number">-0.89</Data></Cell>
    <Cell><Data ss:Type="Number">21.9</Data></Cell>
    <Cell><Data ss:Type="Number">40.6</Data></Cell>
    <Cell><Data ss:Type="Number">0</Data></Cell>
    <Cell><Data ss:Type="Number">0</Data></Cell>
    <Cell><Data ss:Type="String">2023-12-07 15:37:00.853212</Data></Cell>
   </Row>
   <Row>
    <Cell><Data ss:Type="String">523</Data></Cell>
    <Cell><Data ss:Type="Number">0.24</Data></Cell>
    <Cell><Data ss:Type="Number">-10</Data></Cell>
    <Cell><Data ss:Type="Number">0.11</Data></Cell>
    <Cell><Data ss:Type="Number">-9.41</Data></Cell>
    <Cell><Data ss:Type="Number">-7.0000000000000007E-2</Data></Cell>
    <Cell><Data ss:Type="Number">-0.9</Data></Cell>
    <Cell><Data ss:Type="Number">21.9</Data></Cell>
    <Cell><Data ss:Type="Number">40.6</Data></Cell>
    <Cell><Data ss:Type="Number">0</Data></Cell>
    <Cell><Data ss:Type="Number">0</Data></Cell>
    <Cell><Data ss:Type="String">2023-12-07 15:37:00.807177</Data></Cell>
   </Row>
   <Row>
    <Cell><Data ss:Type="String">522</Data></Cell>
    <Cell><Data ss:Type="Number">0.32</Data></Cell>
    <Cell><Data ss:Type="Number">-9.92</Data></Cell>
    <Cell><Data ss:Type="Number">0.15</Data></Cell>
    <Cell><Data ss:Type="Number">-9.48</Data></Cell>
    <Cell><Data ss:Type="Number">-0.08</Data></Cell>
    <Cell><Data ss:Type="Number">-0.93</Data></Cell>
    <Cell><Data ss:Type="Number">21.9</Data></Cell>
    <Cell><Data ss:Type="Number">40.6</Data></Cell>
    <Cell><Data ss:Type="Number">0</Data></Cell>
    <Cell><Data ss:Type="Number">0</Data></Cell>
    <Cell><Data ss:Type="String">2023-12-07 15:37:00.764910</Data></Cell>
   </Row>
   <Row>
    <Cell><Data ss:Type="String">521</Data></Cell>
    <Cell><Data ss:Type="Number">0.38</Data></Cell>
    <Cell><Data ss:Type="Number">-10.16</Data></Cell>
    <Cell><Data ss:Type="Number">0.21</Data></Cell>
    <Cell><Data ss:Type="Number">-9.52</Data></Cell>
    <Cell><Data ss:Type="Number">-7.0000000000000007E-2</Data></Cell>
    <Cell><Data ss:Type="Number">-0.88</Data></Cell>
    <Cell><Data ss:Type="Number">21.9</Data></Cell>
    <Cell><Data ss:Type="Number">40.6</Data></Cell>
    <Cell><Data ss:Type="Number">0</Data></Cell>
    <Cell><Data ss:Type="Number">0</Data></Cell>
    <Cell><Data ss:Type="String">2023-12-07 15:37:00.762452</Data></Cell>
   </Row>
   <Row>
    <Cell><Data ss:Type="String">520</Data></Cell>
    <Cell><Data ss:Type="Number">0.27</Data></Cell>
    <Cell><Data ss:Type="Number">-10.1</Data></Cell>
    <Cell><Data ss:Type="Number">0.09</Data></Cell>
    <Cell><Data ss:Type="Number">-9.51</Data></Cell>
    <Cell><Data ss:Type="Number">-0.06</Data></Cell>
    <Cell><Data ss:Type="Number">-0.9</Data></Cell>
    <Cell><Data ss:Type="Number">21.9</Data></Cell>
    <Cell><Data ss:Type="Number">40.6</Data></Cell>
    <Cell><Data ss:Type="Number">0</Data></Cell>
    <Cell><Data ss:Type="Number">0</Data></Cell>
    <Cell><Data ss:Type="String">2023-12-07 15:37:00.718717</Data></Cell>
   </Row>
   <Row>
    <Cell><Data ss:Type="String">519</Data></Cell>
    <Cell><Data ss:Type="Number">0.26</Data></Cell>
    <Cell><Data ss:Type="Number">-10</Data></Cell>
    <Cell><Data ss:Type="Number">0.12</Data></Cell>
    <Cell><Data ss:Type="Number">-9.42</Data></Cell>
    <Cell><Data ss:Type="Number">-0.06</Data></Cell>
    <Cell><Data ss:Type="Number">-0.89</Data></Cell>
    <Cell><Data ss:Type="Number">21.9</Data></Cell>
    <Cell><Data ss:Type="Number">40.6</Data></Cell>
    <Cell><Data ss:Type="Number">0</Data></Cell>
    <Cell><Data ss:Type="Number">0</Data></Cell>
    <Cell><Data ss:Type="String">2023-12-07 15:37:00.666951</Data></Cell>
   </Row>
   <Row>
    <Cell><Data ss:Type="String">518</Data></Cell>
    <Cell><Data ss:Type="Number">0.31</Data></Cell>
    <Cell><Data ss:Type="Number">-10.039999999999999</Data></Cell>
    <Cell><Data ss:Type="Number">-0.01</Data></Cell>
    <Cell><Data ss:Type="Number">-9.44</Data></Cell>
    <Cell><Data ss:Type="Number">-0.08</Data></Cell>
    <Cell><Data ss:Type="Number">-0.9</Data></Cell>
    <Cell><Data ss:Type="Number">21.9</Data></Cell>
    <Cell><Data ss:Type="Number">40.6</Data></Cell>
    <Cell><Data ss:Type="Number">0</Data></Cell>
    <Cell><Data ss:Type="Number">0</Data></Cell>
    <Cell><Data ss:Type="String">2023-12-07 15:37:00.664463</Data></Cell>
   </Row>
   <Row>
    <Cell><Data ss:Type="String">517</Data></Cell>
    <Cell><Data ss:Type="Number">0.25</Data></Cell>
    <Cell><Data ss:Type="Number">-10.130000000000001</Data></Cell>
    <Cell><Data ss:Type="Number">0.19</Data></Cell>
    <Cell><Data ss:Type="Number">-9.5399999999999991</Data></Cell>
    <Cell><Data ss:Type="Number">-0.08</Data></Cell>
    <Cell><Data ss:Type="Number">-0.88</Data></Cell>
    <Cell><Data ss:Type="Number">21.9</Data></Cell>
    <Cell><Data ss:Type="Number">40.6</Data></Cell>
    <Cell><Data ss:Type="Number">0</Data></Cell>
    <Cell><Data ss:Type="Number">0</Data></Cell>
    <Cell><Data ss:Type="String">2023-12-07 15:37:00.610016</Data></Cell>
   </Row>
   <Row>
    <Cell><Data ss:Type="String">516</Data></Cell>
    <Cell><Data ss:Type="Number">0.25</Data></Cell>
    <Cell><Data ss:Type="Number">-10.220000000000001</Data></Cell>
    <Cell><Data ss:Type="Number">0.01</Data></Cell>
    <Cell><Data ss:Type="Number">-9.5299999999999994</Data></Cell>
    <Cell><Data ss:Type="Number">-0.05</Data></Cell>
    <Cell><Data ss:Type="Number">-0.91</Data></Cell>
    <Cell><Data ss:Type="Number">21.9</Data></Cell>
    <Cell><Data ss:Type="Number">40.6</Data></Cell>
    <Cell><Data ss:Type="Number">0</Data></Cell>
    <Cell><Data ss:Type="Number">0</Data></Cell>
    <Cell><Data ss:Type="String">2023-12-07 15:37:00.565205</Data></Cell>
   </Row>
   <Row>
    <Cell><Data ss:Type="String">515</Data></Cell>
    <Cell><Data ss:Type="Number">0.26</Data></Cell>
    <Cell><Data ss:Type="Number">-10.11</Data></Cell>
    <Cell><Data ss:Type="Number">0.19</Data></Cell>
    <Cell><Data ss:Type="Number">-9.42</Data></Cell>
    <Cell><Data ss:Type="Number">-0.08</Data></Cell>
    <Cell><Data ss:Type="Number">-0.91</Data></Cell>
    <Cell><Data ss:Type="Number">21.9</Data></Cell>
    <Cell><Data ss:Type="Number">40.6</Data></Cell>
    <Cell><Data ss:Type="Number">0</Data></Cell>
    <Cell><Data ss:Type="Number">0</Data></Cell>
    <Cell><Data ss:Type="String">2023-12-07 15:37:00.562730</Data></Cell>
   </Row>
   <Row>
    <Cell><Data ss:Type="String">514</Data></Cell>
    <Cell><Data ss:Type="Number">0.3</Data></Cell>
    <Cell><Data ss:Type="Number">-9.94</Data></Cell>
    <Cell><Data ss:Type="Number">0.12</Data></Cell>
    <Cell><Data ss:Type="Number">-9.5</Data></Cell>
    <Cell><Data ss:Type="Number">-7.0000000000000007E-2</Data></Cell>
    <Cell><Data ss:Type="Number">-0.87</Data></Cell>
    <Cell><Data ss:Type="Number">21.9</Data></Cell>
    <Cell><Data ss:Type="Number">40.6</Data></Cell>
    <Cell><Data ss:Type="Number">0</Data></Cell>
    <Cell><Data ss:Type="Number">0</Data></Cell>
    <Cell><Data ss:Type="String">2023-12-07 15:37:00.516315</Data></Cell>
   </Row>
   <Row>
    <Cell><Data ss:Type="String">513</Data></Cell>
    <Cell><Data ss:Type="Number">0.36</Data></Cell>
    <Cell><Data ss:Type="Number">-10.119999999999999</Data></Cell>
    <Cell><Data ss:Type="Number">0.16</Data></Cell>
    <Cell><Data ss:Type="Number">-9.5299999999999994</Data></Cell>
    <Cell><Data ss:Type="Number">-0.09</Data></Cell>
    <Cell><Data ss:Type="Number">-0.91</Data></Cell>
    <Cell><Data ss:Type="Number">21.9</Data></Cell>
    <Cell><Data ss:Type="Number">40.6</Data></Cell>
    <Cell><Data ss:Type="Number">0</Data></Cell>
    <Cell><Data ss:Type="Number">0</Data></Cell>
    <Cell><Data ss:Type="String">2023-12-07 15:37:00.481814</Data></Cell>
   </Row>
   <Row>
    <Cell><Data ss:Type="String">512</Data></Cell>
    <Cell><Data ss:Type="Number">0.3</Data></Cell>
    <Cell><Data ss:Type="Number">-10.199999999999999</Data></Cell>
    <Cell><Data ss:Type="Number">0.28999999999999998</Data></Cell>
    <Cell><Data ss:Type="Number">-9.56</Data></Cell>
    <Cell><Data ss:Type="Number">-0.09</Data></Cell>
    <Cell><Data ss:Type="Number">-0.87</Data></Cell>
    <Cell><Data ss:Type="Number">21.9</Data></Cell>
    <Cell><Data ss:Type="Number">40.6</Data></Cell>
    <Cell><Data ss:Type="Number">0</Data></Cell>
    <Cell><Data ss:Type="Number">0</Data></Cell>
    <Cell><Data ss:Type="String">2023-12-07 15:37:00.479411</Data></Cell>
   </Row>
   <Row>
    <Cell><Data ss:Type="String">511</Data></Cell>
    <Cell><Data ss:Type="Number">0.26</Data></Cell>
    <Cell><Data ss:Type="Number">-10.050000000000001</Data></Cell>
    <Cell><Data ss:Type="Number">0.15</Data></Cell>
    <Cell><Data ss:Type="Number">-9.4700000000000006</Data></Cell>
    <Cell><Data ss:Type="Number">-0.06</Data></Cell>
    <Cell><Data ss:Type="Number">-0.9</Data></Cell>
    <Cell><Data ss:Type="Number">21.9</Data></Cell>
    <Cell><Data ss:Type="Number">40.6</Data></Cell>
    <Cell><Data ss:Type="Number">0</Data></Cell>
    <Cell><Data ss:Type="Number">0</Data></Cell>
    <Cell><Data ss:Type="String">2023-12-07 15:37:00.476313</Data></Cell>
   </Row>
   <Row>
    <Cell><Data ss:Type="String">510</Data></Cell>
    <Cell><Data ss:Type="Number">0.3</Data></Cell>
    <Cell><Data ss:Type="Number">-9.9700000000000006</Data></Cell>
    <Cell><Data ss:Type="Number">0.17</Data></Cell>
    <Cell><Data ss:Type="Number">-9.44</Data></Cell>
    <Cell><Data ss:Type="Number">-0.08</Data></Cell>
    <Cell><Data ss:Type="Number">-0.89</Data></Cell>
    <Cell><Data ss:Type="Number">21.9</Data></Cell>
    <Cell><Data ss:Type="Number">40.6</Data></Cell>
    <Cell><Data ss:Type="Number">0</Data></Cell>
    <Cell><Data ss:Type="Number">0</Data></Cell>
    <Cell><Data ss:Type="String">2023-12-07 15:37:00.473943</Data></Cell>
   </Row>
   <Row>
    <Cell><Data ss:Type="String">509</Data></Cell>
    <Cell><Data ss:Type="Number">0.26</Data></Cell>
    <Cell><Data ss:Type="Number">-9.89</Data></Cell>
    <Cell><Data ss:Type="Number">0.12</Data></Cell>
    <Cell><Data ss:Type="Number">-9.43</Data></Cell>
    <Cell><Data ss:Type="Number">-0.08</Data></Cell>
    <Cell><Data ss:Type="Number">-0.96</Data></Cell>
    <Cell><Data ss:Type="Number">21.9</Data></Cell>
    <Cell><Data ss:Type="Number">40.6</Data></Cell>
    <Cell><Data ss:Type="Number">0</Data></Cell>
    <Cell><Data ss:Type="Number">0</Data></Cell>
    <Cell><Data ss:Type="String">2023-12-07 15:37:00.472145</Data></Cell>
   </Row>
   <Row>
    <Cell><Data ss:Type="String">508</Data></Cell>
    <Cell><Data ss:Type="Number">0.39</Data></Cell>
    <Cell><Data ss:Type="Number">-10.130000000000001</Data></Cell>
    <Cell><Data ss:Type="Number">0.16</Data></Cell>
    <Cell><Data ss:Type="Number">-9.5299999999999994</Data></Cell>
    <Cell><Data ss:Type="Number">-7.0000000000000007E-2</Data></Cell>
    <Cell><Data ss:Type="Number">-0.89</Data></Cell>
    <Cell><Data ss:Type="Number">21.9</Data></Cell>
    <Cell><Data ss:Type="Number">40.6</Data></Cell>
    <Cell><Data ss:Type="Number">0</Data></Cell>
    <Cell><Data ss:Type="Number">0</Data></Cell>
    <Cell><Data ss:Type="String">2023-12-07 15:37:00.326871</Data></Cell>
   </Row>
   <Row>
    <Cell><Data ss:Type="String">507</Data></Cell>
    <Cell><Data ss:Type="Number">0.28999999999999998</Data></Cell>
    <Cell><Data ss:Type="Number">-10.119999999999999</Data></Cell>
    <Cell><Data ss:Type="Number">0.16</Data></Cell>
    <Cell><Data ss:Type="Number">-9.52</Data></Cell>
    <Cell><Data ss:Type="Number">-0.06</Data></Cell>
    <Cell><Data ss:Type="Number">-0.87</Data></Cell>
    <Cell><Data ss:Type="Number">21.9</Data></Cell>
    <Cell><Data ss:Type="Number">40.6</Data></Cell>
    <Cell><Data ss:Type="Number">0</Data></Cell>
    <Cell><Data ss:Type="Number">0</Data></Cell>
    <Cell><Data ss:Type="String">2023-12-07 15:37:00.268752</Data></Cell>
   </Row>
   <Row>
    <Cell><Data ss:Type="String">506</Data></Cell>
    <Cell><Data ss:Type="Number">0.28999999999999998</Data></Cell>
    <Cell><Data ss:Type="Number">-10.01</Data></Cell>
    <Cell><Data ss:Type="Number">0.09</Data></Cell>
    <Cell><Data ss:Type="Number">-9.44</Data></Cell>
    <Cell><Data ss:Type="Number">-0.08</Data></Cell>
    <Cell><Data ss:Type="Number">-0.89</Data></Cell>
    <Cell><Data ss:Type="Number">21.9</Data></Cell>
    <Cell><Data ss:Type="Number">40.6</Data></Cell>
    <Cell><Data ss:Type="Number">0</Data></Cell>
    <Cell><Data ss:Type="Number">0</Data></Cell>
    <Cell><Data ss:Type="String">2023-12-07 15:37:00.224205</Data></Cell>
   </Row>
   <Row>
    <Cell><Data ss:Type="String">505</Data></Cell>
    <Cell><Data ss:Type="Number">0.41</Data></Cell>
    <Cell><Data ss:Type="Number">-9.91</Data></Cell>
    <Cell><Data ss:Type="Number">0.1</Data></Cell>
    <Cell><Data ss:Type="Number">-9.43</Data></Cell>
    <Cell><Data ss:Type="Number">-7.0000000000000007E-2</Data></Cell>
    <Cell><Data ss:Type="Number">-0.9</Data></Cell>
    <Cell><Data ss:Type="Number">21.9</Data></Cell>
    <Cell><Data ss:Type="Number">40.6</Data></Cell>
    <Cell><Data ss:Type="Number">0</Data></Cell>
    <Cell><Data ss:Type="Number">0</Data></Cell>
    <Cell><Data ss:Type="String">2023-12-07 15:37:00.221918</Data></Cell>
   </Row>
   <Row>
    <Cell><Data ss:Type="String">504</Data></Cell>
    <Cell><Data ss:Type="Number">0.28999999999999998</Data></Cell>
    <Cell><Data ss:Type="Number">-10.15</Data></Cell>
    <Cell><Data ss:Type="Number">0.13</Data></Cell>
    <Cell><Data ss:Type="Number">-9.52</Data></Cell>
    <Cell><Data ss:Type="Number">-7.0000000000000007E-2</Data></Cell>
    <Cell><Data ss:Type="Number">-0.89</Data></Cell>
    <Cell><Data ss:Type="Number">21.9</Data></Cell>
    <Cell><Data ss:Type="Number">40.6</Data></Cell>
    <Cell><Data ss:Type="Number">0</Data></Cell>
    <Cell><Data ss:Type="Number">0</Data></Cell>
    <Cell><Data ss:Type="String">2023-12-07 15:37:00.175247</Data></Cell>
   </Row>
   <Row>
    <Cell><Data ss:Type="String">503</Data></Cell>
    <Cell><Data ss:Type="Number">0.28999999999999998</Data></Cell>
    <Cell><Data ss:Type="Number">-10.199999999999999</Data></Cell>
    <Cell><Data ss:Type="Number">0.17</Data></Cell>
    <Cell><Data ss:Type="Number">-9.5399999999999991</Data></Cell>
    <Cell><Data ss:Type="Number">-0.08</Data></Cell>
    <Cell><Data ss:Type="Number">-0.88</Data></Cell>
    <Cell><Data ss:Type="Number">21.9</Data></Cell>
    <Cell><Data ss:Type="Number">40.6</Data></Cell>
    <Cell><Data ss:Type="Number">0</Data></Cell>
    <Cell><Data ss:Type="Number">0</Data></Cell>
    <Cell><Data ss:Type="String">2023-12-07 15:37:00.132551</Data></Cell>
   </Row>
   <Row>
    <Cell><Data ss:Type="String">502</Data></Cell>
    <Cell><Data ss:Type="Number">0.21</Data></Cell>
    <Cell><Data ss:Type="Number">-10.23</Data></Cell>
    <Cell><Data ss:Type="Number">0.14000000000000001</Data></Cell>
    <Cell><Data ss:Type="Number">-9.5299999999999994</Data></Cell>
    <Cell><Data ss:Type="Number">-0.08</Data></Cell>
    <Cell><Data ss:Type="Number">-0.87</Data></Cell>
    <Cell><Data ss:Type="Number">21.9</Data></Cell>
    <Cell><Data ss:Type="Number">40.6</Data></Cell>
    <Cell><Data ss:Type="Number">0</Data></Cell>
    <Cell><Data ss:Type="Number">0</Data></Cell>
    <Cell><Data ss:Type="String">2023-12-07 15:37:00.130817</Data></Cell>
   </Row>
   <Row>
    <Cell><Data ss:Type="String">501</Data></Cell>
    <Cell><Data ss:Type="Number">0.31</Data></Cell>
    <Cell><Data ss:Type="Number">-9.93</Data></Cell>
    <Cell><Data ss:Type="Number">0.1</Data></Cell>
    <Cell><Data ss:Type="Number">-9.4</Data></Cell>
    <Cell><Data ss:Type="Number">-7.0000000000000007E-2</Data></Cell>
    <Cell><Data ss:Type="Number">-0.92</Data></Cell>
    <Cell><Data ss:Type="Number">21.9</Data></Cell>
    <Cell><Data ss:Type="Number">40.6</Data></Cell>
    <Cell><Data ss:Type="Number">0</Data></Cell>
    <Cell><Data ss:Type="Number">0</Data></Cell>
    <Cell><Data ss:Type="String">2023-12-07 15:37:00.084104</Data></Cell>
   </Row>
   <Row>
    <Cell><Data ss:Type="String">500</Data></Cell>
    <Cell><Data ss:Type="Number">0.25</Data></Cell>
    <Cell><Data ss:Type="Number">-9.9499999999999993</Data></Cell>
    <Cell><Data ss:Type="Number">0.16</Data></Cell>
    <Cell><Data ss:Type="Number">-9.4499999999999993</Data></Cell>
    <Cell><Data ss:Type="Number">-0.06</Data></Cell>
    <Cell><Data ss:Type="Number">-0.89</Data></Cell>
    <Cell><Data ss:Type="Number">21.9</Data></Cell>
    <Cell><Data ss:Type="Number">40.6</Data></Cell>
    <Cell><Data ss:Type="Number">0</Data></Cell>
    <Cell><Data ss:Type="Number">0</Data></Cell>
    <Cell><Data ss:Type="String">2023-12-07 15:37:00.037801</Data></Cell>
   </Row>
   <Row>
    <Cell><Data ss:Type="String">499</Data></Cell>
    <Cell><Data ss:Type="Number">0.35</Data></Cell>
    <Cell><Data ss:Type="Number">-10.02</Data></Cell>
    <Cell><Data ss:Type="Number">0.25</Data></Cell>
    <Cell><Data ss:Type="Number">-9.5299999999999994</Data></Cell>
    <Cell><Data ss:Type="Number">-7.0000000000000007E-2</Data></Cell>
    <Cell><Data ss:Type="Number">-0.9</Data></Cell>
    <Cell><Data ss:Type="Number">21.9</Data></Cell>
    <Cell><Data ss:Type="Number">40.6</Data></Cell>
    <Cell><Data ss:Type="Number">0</Data></Cell>
    <Cell><Data ss:Type="Number">0</Data></Cell>
    <Cell><Data ss:Type="String">2023-12-07 15:36:59.997701</Data></Cell>
   </Row>
   <Row>
    <Cell><Data ss:Type="String">498</Data></Cell>
    <Cell><Data ss:Type="Number">0.28000000000000003</Data></Cell>
    <Cell><Data ss:Type="Number">-10.199999999999999</Data></Cell>
    <Cell><Data ss:Type="Number">0.18</Data></Cell>
    <Cell><Data ss:Type="Number">-9.52</Data></Cell>
    <Cell><Data ss:Type="Number">-0.06</Data></Cell>
    <Cell><Data ss:Type="Number">-0.88</Data></Cell>
    <Cell><Data ss:Type="Number">21.9</Data></Cell>
    <Cell><Data ss:Type="Number">40.6</Data></Cell>
    <Cell><Data ss:Type="Number">0</Data></Cell>
    <Cell><Data ss:Type="Number">0</Data></Cell>
    <Cell><Data ss:Type="String">2023-12-07 15:36:59.994419</Data></Cell>
   </Row>
   <Row>
    <Cell><Data ss:Type="String">497</Data></Cell>
    <Cell><Data ss:Type="Number">0.31</Data></Cell>
    <Cell><Data ss:Type="Number">-10.19</Data></Cell>
    <Cell><Data ss:Type="Number">0.15</Data></Cell>
    <Cell><Data ss:Type="Number">-9.4700000000000006</Data></Cell>
    <Cell><Data ss:Type="Number">-7.0000000000000007E-2</Data></Cell>
    <Cell><Data ss:Type="Number">-0.91</Data></Cell>
    <Cell><Data ss:Type="Number">21.9</Data></Cell>
    <Cell><Data ss:Type="Number">40.6</Data></Cell>
    <Cell><Data ss:Type="Number">0</Data></Cell>
    <Cell><Data ss:Type="Number">0</Data></Cell>
    <Cell><Data ss:Type="String">2023-12-07 15:36:59.946164</Data></Cell>
   </Row>
   <Row>
    <Cell><Data ss:Type="String">496</Data></Cell>
    <Cell><Data ss:Type="Number">0.26</Data></Cell>
    <Cell><Data ss:Type="Number">-9.9600000000000009</Data></Cell>
    <Cell><Data ss:Type="Number">0.11</Data></Cell>
    <Cell><Data ss:Type="Number">-9.42</Data></Cell>
    <Cell><Data ss:Type="Number">-0.08</Data></Cell>
    <Cell><Data ss:Type="Number">-0.93</Data></Cell>
    <Cell><Data ss:Type="Number">21.9</Data></Cell>
    <Cell><Data ss:Type="Number">40.6</Data></Cell>
    <Cell><Data ss:Type="Number">0</Data></Cell>
    <Cell><Data ss:Type="Number">0</Data></Cell>
    <Cell><Data ss:Type="String">2023-12-07 15:36:59.891131</Data></Cell>
   </Row>
   <Row>
    <Cell><Data ss:Type="String">495</Data></Cell>
    <Cell><Data ss:Type="Number">0.34</Data></Cell>
    <Cell><Data ss:Type="Number">-9.93</Data></Cell>
    <Cell><Data ss:Type="Number">0.17</Data></Cell>
    <Cell><Data ss:Type="Number">-9.4700000000000006</Data></Cell>
    <Cell><Data ss:Type="Number">-0.08</Data></Cell>
    <Cell><Data ss:Type="Number">-0.88</Data></Cell>
    <Cell><Data ss:Type="Number">21.9</Data></Cell>
    <Cell><Data ss:Type="Number">40.6</Data></Cell>
    <Cell><Data ss:Type="Number">0</Data></Cell>
    <Cell><Data ss:Type="Number">0</Data></Cell>
    <Cell><Data ss:Type="String">2023-12-07 15:36:59.885949</Data></Cell>
   </Row>
   <Row>
    <Cell><Data ss:Type="String">494</Data></Cell>
    <Cell><Data ss:Type="Number">0.28000000000000003</Data></Cell>
    <Cell><Data ss:Type="Number">-10.119999999999999</Data></Cell>
    <Cell><Data ss:Type="Number">0.47</Data></Cell>
    <Cell><Data ss:Type="Number">-9.57</Data></Cell>
    <Cell><Data ss:Type="Number">-0.06</Data></Cell>
    <Cell><Data ss:Type="Number">-0.89</Data></Cell>
    <Cell><Data ss:Type="Number">21.9</Data></Cell>
    <Cell><Data ss:Type="Number">40.6</Data></Cell>
    <Cell><Data ss:Type="Number">0</Data></Cell>
    <Cell><Data ss:Type="Number">0</Data></Cell>
    <Cell><Data ss:Type="String">2023-12-07 15:36:59.838500</Data></Cell>
   </Row>
   <Row>
    <Cell><Data ss:Type="String">493</Data></Cell>
    <Cell><Data ss:Type="Number">0.28999999999999998</Data></Cell>
    <Cell><Data ss:Type="Number">-10.210000000000001</Data></Cell>
    <Cell><Data ss:Type="Number">0.2</Data></Cell>
    <Cell><Data ss:Type="Number">-9.5399999999999991</Data></Cell>
    <Cell><Data ss:Type="Number">-7.0000000000000007E-2</Data></Cell>
    <Cell><Data ss:Type="Number">-0.9</Data></Cell>
    <Cell><Data ss:Type="Number">21.9</Data></Cell>
    <Cell><Data ss:Type="Number">40.6</Data></Cell>
    <Cell><Data ss:Type="Number">0</Data></Cell>
    <Cell><Data ss:Type="Number">0</Data></Cell>
    <Cell><Data ss:Type="String">2023-12-07 15:36:59.796148</Data></Cell>
   </Row>
   <Row>
    <Cell><Data ss:Type="String">492</Data></Cell>
    <Cell><Data ss:Type="Number">0.23</Data></Cell>
    <Cell><Data ss:Type="Number">-10.050000000000001</Data></Cell>
    <Cell><Data ss:Type="Number">0.14000000000000001</Data></Cell>
    <Cell><Data ss:Type="Number">-9.44</Data></Cell>
    <Cell><Data ss:Type="Number">-0.08</Data></Cell>
    <Cell><Data ss:Type="Number">-0.9</Data></Cell>
    <Cell><Data ss:Type="Number">21.9</Data></Cell>
    <Cell><Data ss:Type="Number">40.6</Data></Cell>
    <Cell><Data ss:Type="Number">0</Data></Cell>
    <Cell><Data ss:Type="Number">0</Data></Cell>
    <Cell><Data ss:Type="String">2023-12-07 15:36:59.794079</Data></Cell>
   </Row>
   <Row>
    <Cell><Data ss:Type="String">491</Data></Cell>
    <Cell><Data ss:Type="Number">0.28000000000000003</Data></Cell>
    <Cell><Data ss:Type="Number">-9.9499999999999993</Data></Cell>
    <Cell><Data ss:Type="Number">0.06</Data></Cell>
    <Cell><Data ss:Type="Number">-9.43</Data></Cell>
    <Cell><Data ss:Type="Number">-0.1</Data></Cell>
    <Cell><Data ss:Type="Number">-0.91</Data></Cell>
    <Cell><Data ss:Type="Number">21.9</Data></Cell>
    <Cell><Data ss:Type="Number">40.6</Data></Cell>
    <Cell><Data ss:Type="Number">0</Data></Cell>
    <Cell><Data ss:Type="Number">0</Data></Cell>
    <Cell><Data ss:Type="String">2023-12-07 15:36:59.747907</Data></Cell>
   </Row>
   <Row>
    <Cell><Data ss:Type="String">490</Data></Cell>
    <Cell><Data ss:Type="Number">0.28999999999999998</Data></Cell>
    <Cell><Data ss:Type="Number">-10.07</Data></Cell>
    <Cell><Data ss:Type="Number">0.17</Data></Cell>
    <Cell><Data ss:Type="Number">-9.5</Data></Cell>
    <Cell><Data ss:Type="Number">-0.05</Data></Cell>
    <Cell><Data ss:Type="Number">-0.89</Data></Cell>
    <Cell><Data ss:Type="Number">21.9</Data></Cell>
    <Cell><Data ss:Type="Number">40.6</Data></Cell>
    <Cell><Data ss:Type="Number">0</Data></Cell>
    <Cell><Data ss:Type="Number">0</Data></Cell>
    <Cell><Data ss:Type="String">2023-12-07 15:36:59.693059</Data></Cell>
   </Row>
   <Row>
    <Cell><Data ss:Type="String">489</Data></Cell>
    <Cell><Data ss:Type="Number">0.34</Data></Cell>
    <Cell><Data ss:Type="Number">-10.220000000000001</Data></Cell>
    <Cell><Data ss:Type="Number">0.17</Data></Cell>
    <Cell><Data ss:Type="Number">-9.5500000000000007</Data></Cell>
    <Cell><Data ss:Type="Number">-0.09</Data></Cell>
    <Cell><Data ss:Type="Number">-0.89</Data></Cell>
    <Cell><Data ss:Type="Number">21.9</Data></Cell>
    <Cell><Data ss:Type="Number">40.6</Data></Cell>
    <Cell><Data ss:Type="Number">0</Data></Cell>
    <Cell><Data ss:Type="Number">0</Data></Cell>
    <Cell><Data ss:Type="String">2023-12-07 15:36:59.690880</Data></Cell>
   </Row>
   <Row>
    <Cell><Data ss:Type="String">488</Data></Cell>
    <Cell><Data ss:Type="Number">0.27</Data></Cell>
    <Cell><Data ss:Type="Number">-10.11</Data></Cell>
    <Cell><Data ss:Type="Number">0.14000000000000001</Data></Cell>
    <Cell><Data ss:Type="Number">-9.44</Data></Cell>
    <Cell><Data ss:Type="Number">-0.06</Data></Cell>
    <Cell><Data ss:Type="Number">-0.89</Data></Cell>
    <Cell><Data ss:Type="Number">21.9</Data></Cell>
    <Cell><Data ss:Type="Number">40.6</Data></Cell>
    <Cell><Data ss:Type="Number">0</Data></Cell>
    <Cell><Data ss:Type="Number">0</Data></Cell>
    <Cell><Data ss:Type="String">2023-12-07 15:36:59.640439</Data></Cell>
   </Row>
   <Row>
    <Cell><Data ss:Type="String">487</Data></Cell>
    <Cell><Data ss:Type="Number">0.25</Data></Cell>
    <Cell><Data ss:Type="Number">-10.01</Data></Cell>
    <Cell><Data ss:Type="Number">0.13</Data></Cell>
    <Cell><Data ss:Type="Number">-9.39</Data></Cell>
    <Cell><Data ss:Type="Number">-0.08</Data></Cell>
    <Cell><Data ss:Type="Number">-0.92</Data></Cell>
    <Cell><Data ss:Type="Number">21.9</Data></Cell>
    <Cell><Data ss:Type="Number">40.6</Data></Cell>
    <Cell><Data ss:Type="Number">0</Data></Cell>
    <Cell><Data ss:Type="Number">0</Data></Cell>
    <Cell><Data ss:Type="String">2023-12-07 15:36:59.596205</Data></Cell>
   </Row>
   <Row>
    <Cell><Data ss:Type="String">486</Data></Cell>
    <Cell><Data ss:Type="Number">0.3</Data></Cell>
    <Cell><Data ss:Type="Number">-10.029999999999999</Data></Cell>
    <Cell><Data ss:Type="Number">0.16</Data></Cell>
    <Cell><Data ss:Type="Number">-9.48</Data></Cell>
    <Cell><Data ss:Type="Number">-0.09</Data></Cell>
    <Cell><Data ss:Type="Number">-0.88</Data></Cell>
    <Cell><Data ss:Type="Number">21.9</Data></Cell>
    <Cell><Data ss:Type="Number">40.6</Data></Cell>
    <Cell><Data ss:Type="Number">0</Data></Cell>
    <Cell><Data ss:Type="Number">0</Data></Cell>
    <Cell><Data ss:Type="String">2023-12-07 15:36:59.593240</Data></Cell>
   </Row>
   <Row>
    <Cell><Data ss:Type="String">485</Data></Cell>
    <Cell><Data ss:Type="Number">0.28999999999999998</Data></Cell>
    <Cell><Data ss:Type="Number">-10.17</Data></Cell>
    <Cell><Data ss:Type="Number">0.15</Data></Cell>
    <Cell><Data ss:Type="Number">-9.5500000000000007</Data></Cell>
    <Cell><Data ss:Type="Number">-7.0000000000000007E-2</Data></Cell>
    <Cell><Data ss:Type="Number">-0.91</Data></Cell>
    <Cell><Data ss:Type="Number">21.9</Data></Cell>
    <Cell><Data ss:Type="Number">40.6</Data></Cell>
    <Cell><Data ss:Type="Number">0</Data></Cell>
    <Cell><Data ss:Type="Number">0</Data></Cell>
    <Cell><Data ss:Type="String">2023-12-07 15:36:59.554321</Data></Cell>
   </Row>
   <Row>
    <Cell><Data ss:Type="String">484</Data></Cell>
    <Cell><Data ss:Type="Number">0.33</Data></Cell>
    <Cell><Data ss:Type="Number">-10.26</Data></Cell>
    <Cell><Data ss:Type="Number">0.19</Data></Cell>
    <Cell><Data ss:Type="Number">-9.5399999999999991</Data></Cell>
    <Cell><Data ss:Type="Number">-7.0000000000000007E-2</Data></Cell>
    <Cell><Data ss:Type="Number">-0.87</Data></Cell>
    <Cell><Data ss:Type="Number">21.9</Data></Cell>
    <Cell><Data ss:Type="Number">40.6</Data></Cell>
    <Cell><Data ss:Type="Number">0</Data></Cell>
    <Cell><Data ss:Type="Number">0</Data></Cell>
    <Cell><Data ss:Type="String">2023-12-07 15:36:59.552130</Data></Cell>
   </Row>
   <Row>
    <Cell><Data ss:Type="String">483</Data></Cell>
    <Cell><Data ss:Type="Number">0.28999999999999998</Data></Cell>
    <Cell><Data ss:Type="Number">-10.130000000000001</Data></Cell>
    <Cell><Data ss:Type="Number">0.14000000000000001</Data></Cell>
    <Cell><Data ss:Type="Number">-9.5500000000000007</Data></Cell>
    <Cell><Data ss:Type="Number">-0.09</Data></Cell>
    <Cell><Data ss:Type="Number">-0.86</Data></Cell>
    <Cell><Data ss:Type="Number">21.9</Data></Cell>
    <Cell><Data ss:Type="Number">40.6</Data></Cell>
    <Cell><Data ss:Type="Number">0</Data></Cell>
    <Cell><Data ss:Type="Number">0</Data></Cell>
    <Cell><Data ss:Type="String">2023-12-07 15:36:59.550352</Data></Cell>
   </Row>
   <Row>
    <Cell><Data ss:Type="String">482</Data></Cell>
    <Cell><Data ss:Type="Number">0.3</Data></Cell>
    <Cell><Data ss:Type="Number">-10</Data></Cell>
    <Cell><Data ss:Type="Number">0.09</Data></Cell>
    <Cell><Data ss:Type="Number">-9.42</Data></Cell>
    <Cell><Data ss:Type="Number">-0.09</Data></Cell>
    <Cell><Data ss:Type="Number">-0.91</Data></Cell>
    <Cell><Data ss:Type="Number">21.9</Data></Cell>
    <Cell><Data ss:Type="Number">40.700000000000003</Data></Cell>
    <Cell><Data ss:Type="Number">0</Data></Cell>
    <Cell><Data ss:Type="Number">0</Data></Cell>
    <Cell><Data ss:Type="String">2023-12-07 15:36:59.447669</Data></Cell>
   </Row>
   <Row>
    <Cell><Data ss:Type="String">481</Data></Cell>
    <Cell><Data ss:Type="Number">0.32</Data></Cell>
    <Cell><Data ss:Type="Number">-9.8800000000000008</Data></Cell>
    <Cell><Data ss:Type="Number">0.11</Data></Cell>
    <Cell><Data ss:Type="Number">-9.44</Data></Cell>
    <Cell><Data ss:Type="Number">-7.0000000000000007E-2</Data></Cell>
    <Cell><Data ss:Type="Number">-0.91</Data></Cell>
    <Cell><Data ss:Type="Number">21.9</Data></Cell>
    <Cell><Data ss:Type="Number">40.700000000000003</Data></Cell>
    <Cell><Data ss:Type="Number">0</Data></Cell>
    <Cell><Data ss:Type="Number">0</Data></Cell>
    <Cell><Data ss:Type="String">2023-12-07 15:36:59.382643</Data></Cell>
   </Row>
   <Row>
    <Cell><Data ss:Type="String">480</Data></Cell>
    <Cell><Data ss:Type="Number">0.28000000000000003</Data></Cell>
    <Cell><Data ss:Type="Number">-10.17</Data></Cell>
    <Cell><Data ss:Type="Number">0.18</Data></Cell>
    <Cell><Data ss:Type="Number">-9.52</Data></Cell>
    <Cell><Data ss:Type="Number">-7.0000000000000007E-2</Data></Cell>
    <Cell><Data ss:Type="Number">-0.89</Data></Cell>
    <Cell><Data ss:Type="Number">21.9</Data></Cell>
    <Cell><Data ss:Type="Number">40.700000000000003</Data></Cell>
    <Cell><Data ss:Type="Number">0</Data></Cell>
    <Cell><Data ss:Type="Number">0</Data></Cell>
    <Cell><Data ss:Type="String">2023-12-07 15:36:59.380171</Data></Cell>
   </Row>
   <Row>
    <Cell><Data ss:Type="String">479</Data></Cell>
    <Cell><Data ss:Type="Number">0.33</Data></Cell>
    <Cell><Data ss:Type="Number">-10.25</Data></Cell>
    <Cell><Data ss:Type="Number">0.18</Data></Cell>
    <Cell><Data ss:Type="Number">-9.5500000000000007</Data></Cell>
    <Cell><Data ss:Type="Number">-7.0000000000000007E-2</Data></Cell>
    <Cell><Data ss:Type="Number">-0.88</Data></Cell>
    <Cell><Data ss:Type="Number">21.9</Data></Cell>
    <Cell><Data ss:Type="Number">40.700000000000003</Data></Cell>
    <Cell><Data ss:Type="Number">0</Data></Cell>
    <Cell><Data ss:Type="Number">0</Data></Cell>
    <Cell><Data ss:Type="String">2023-12-07 15:36:59.334611</Data></Cell>
   </Row>
   <Row>
    <Cell><Data ss:Type="String">478</Data></Cell>
    <Cell><Data ss:Type="Number">0.28999999999999998</Data></Cell>
    <Cell><Data ss:Type="Number">-10.17</Data></Cell>
    <Cell><Data ss:Type="Number">0.18</Data></Cell>
    <Cell><Data ss:Type="Number">-9.5399999999999991</Data></Cell>
    <Cell><Data ss:Type="Number">-7.0000000000000007E-2</Data></Cell>
    <Cell><Data ss:Type="Number">-0.89</Data></Cell>
    <Cell><Data ss:Type="Number">21.9</Data></Cell>
    <Cell><Data ss:Type="Number">40.700000000000003</Data></Cell>
    <Cell><Data ss:Type="Number">0</Data></Cell>
    <Cell><Data ss:Type="Number">0</Data></Cell>
    <Cell><Data ss:Type="String">2023-12-07 15:36:59.270617</Data></Cell>
   </Row>
   <Row>
    <Cell><Data ss:Type="String">477</Data></Cell>
    <Cell><Data ss:Type="Number">0.28999999999999998</Data></Cell>
    <Cell><Data ss:Type="Number">-10.17</Data></Cell>
    <Cell><Data ss:Type="Number">0.16</Data></Cell>
    <Cell><Data ss:Type="Number">-9.52</Data></Cell>
    <Cell><Data ss:Type="Number">-0.08</Data></Cell>
    <Cell><Data ss:Type="Number">-0.89</Data></Cell>
    <Cell><Data ss:Type="Number">21.9</Data></Cell>
    <Cell><Data ss:Type="Number">40.700000000000003</Data></Cell>
    <Cell><Data ss:Type="Number">0</Data></Cell>
    <Cell><Data ss:Type="Number">0</Data></Cell>
    <Cell><Data ss:Type="String">2023-12-07 15:36:59.253672</Data></Cell>
   </Row>
   <Row>
    <Cell><Data ss:Type="String">476</Data></Cell>
    <Cell><Data ss:Type="Number">0.26</Data></Cell>
    <Cell><Data ss:Type="Number">-9.9600000000000009</Data></Cell>
    <Cell><Data ss:Type="Number">0.09</Data></Cell>
    <Cell><Data ss:Type="Number">-9.42</Data></Cell>
    <Cell><Data ss:Type="Number">-0.05</Data></Cell>
    <Cell><Data ss:Type="Number">-0.92</Data></Cell>
    <Cell><Data ss:Type="Number">21.9</Data></Cell>
    <Cell><Data ss:Type="Number">40.700000000000003</Data></Cell>
    <Cell><Data ss:Type="Number">0</Data></Cell>
    <Cell><Data ss:Type="Number">0</Data></Cell>
    <Cell><Data ss:Type="String">2023-12-07 15:36:59.251635</Data></Cell>
   </Row>
   <Row>
    <Cell><Data ss:Type="String">475</Data></Cell>
    <Cell><Data ss:Type="Number">0.31</Data></Cell>
    <Cell><Data ss:Type="Number">-9.93</Data></Cell>
    <Cell><Data ss:Type="Number">0.14000000000000001</Data></Cell>
    <Cell><Data ss:Type="Number">-9.4</Data></Cell>
    <Cell><Data ss:Type="Number">-0.08</Data></Cell>
    <Cell><Data ss:Type="Number">-0.93</Data></Cell>
    <Cell><Data ss:Type="Number">21.9</Data></Cell>
    <Cell><Data ss:Type="Number">40.700000000000003</Data></Cell>
    <Cell><Data ss:Type="Number">0</Data></Cell>
    <Cell><Data ss:Type="Number">0</Data></Cell>
    <Cell><Data ss:Type="String">2023-12-07 15:36:59.249668</Data></Cell>
   </Row>
   <Row>
    <Cell><Data ss:Type="String">474</Data></Cell>
    <Cell><Data ss:Type="Number">0.3</Data></Cell>
    <Cell><Data ss:Type="Number">-9.9499999999999993</Data></Cell>
    <Cell><Data ss:Type="Number">0.1</Data></Cell>
    <Cell><Data ss:Type="Number">-9.4499999999999993</Data></Cell>
    <Cell><Data ss:Type="Number">-0.08</Data></Cell>
    <Cell><Data ss:Type="Number">-0.92</Data></Cell>
    <Cell><Data ss:Type="Number">21.9</Data></Cell>
    <Cell><Data ss:Type="Number">40.700000000000003</Data></Cell>
    <Cell><Data ss:Type="Number">0</Data></Cell>
    <Cell><Data ss:Type="Number">0</Data></Cell>
    <Cell><Data ss:Type="String">2023-12-07 15:36:59.247669</Data></Cell>
   </Row>
   <Row>
    <Cell><Data ss:Type="String">473</Data></Cell>
    <Cell><Data ss:Type="Number">0.25</Data></Cell>
    <Cell><Data ss:Type="Number">-10.26</Data></Cell>
    <Cell><Data ss:Type="Number">0.22</Data></Cell>
    <Cell><Data ss:Type="Number">-9.5399999999999991</Data></Cell>
    <Cell><Data ss:Type="Number">-0.06</Data></Cell>
    <Cell><Data ss:Type="Number">-0.89</Data></Cell>
    <Cell><Data ss:Type="Number">21.9</Data></Cell>
    <Cell><Data ss:Type="Number">40.700000000000003</Data></Cell>
    <Cell><Data ss:Type="Number">0</Data></Cell>
    <Cell><Data ss:Type="Number">0</Data></Cell>
    <Cell><Data ss:Type="String">2023-12-07 15:36:59.244209</Data></Cell>
   </Row>
   <Row>
    <Cell><Data ss:Type="String">472</Data></Cell>
    <Cell><Data ss:Type="Number">0.32</Data></Cell>
    <Cell><Data ss:Type="Number">-10.28</Data></Cell>
    <Cell><Data ss:Type="Number">0.16</Data></Cell>
    <Cell><Data ss:Type="Number">-9.51</Data></Cell>
    <Cell><Data ss:Type="Number">-7.0000000000000007E-2</Data></Cell>
    <Cell><Data ss:Type="Number">-0.88</Data></Cell>
    <Cell><Data ss:Type="Number">21.9</Data></Cell>
    <Cell><Data ss:Type="Number">40.700000000000003</Data></Cell>
    <Cell><Data ss:Type="Number">0</Data></Cell>
    <Cell><Data ss:Type="Number">0</Data></Cell>
    <Cell><Data ss:Type="String">2023-12-07 15:36:59.075702</Data></Cell>
   </Row>
   <Row>
    <Cell><Data ss:Type="String">471</Data></Cell>
    <Cell><Data ss:Type="Number">0.28000000000000003</Data></Cell>
    <Cell><Data ss:Type="Number">-9.89</Data></Cell>
    <Cell><Data ss:Type="Number">0.12</Data></Cell>
    <Cell><Data ss:Type="Number">-9.41</Data></Cell>
    <Cell><Data ss:Type="Number">-0.06</Data></Cell>
    <Cell><Data ss:Type="Number">-0.93</Data></Cell>
    <Cell><Data ss:Type="Number">21.9</Data></Cell>
    <Cell><Data ss:Type="Number">40.700000000000003</Data></Cell>
    <Cell><Data ss:Type="Number">0</Data></Cell>
    <Cell><Data ss:Type="Number">0</Data></Cell>
    <Cell><Data ss:Type="String">2023-12-07 15:36:59.073222</Data></Cell>
   </Row>
   <Row>
    <Cell><Data ss:Type="String">470</Data></Cell>
    <Cell><Data ss:Type="Number">0.28999999999999998</Data></Cell>
    <Cell><Data ss:Type="Number">-9.99</Data></Cell>
    <Cell><Data ss:Type="Number">0.14000000000000001</Data></Cell>
    <Cell><Data ss:Type="Number">-9.44</Data></Cell>
    <Cell><Data ss:Type="Number">-7.0000000000000007E-2</Data></Cell>
    <Cell><Data ss:Type="Number">-0.91</Data></Cell>
    <Cell><Data ss:Type="Number">21.9</Data></Cell>
    <Cell><Data ss:Type="Number">40.700000000000003</Data></Cell>
    <Cell><Data ss:Type="Number">0</Data></Cell>
    <Cell><Data ss:Type="Number">0</Data></Cell>
    <Cell><Data ss:Type="String">2023-12-07 15:36:59.026318</Data></Cell>
   </Row>
   <Row>
    <Cell><Data ss:Type="String">469</Data></Cell>
    <Cell><Data ss:Type="Number">0.26</Data></Cell>
    <Cell><Data ss:Type="Number">-9.9600000000000009</Data></Cell>
    <Cell><Data ss:Type="Number">0.12</Data></Cell>
    <Cell><Data ss:Type="Number">-9.5399999999999991</Data></Cell>
    <Cell><Data ss:Type="Number">-0.06</Data></Cell>
    <Cell><Data ss:Type="Number">-0.92</Data></Cell>
    <Cell><Data ss:Type="Number">21.9</Data></Cell>
    <Cell><Data ss:Type="Number">40.700000000000003</Data></Cell>
    <Cell><Data ss:Type="Number">0</Data></Cell>
    <Cell><Data ss:Type="Number">0</Data></Cell>
    <Cell><Data ss:Type="String">2023-12-07 15:36:58.983928</Data></Cell>
   </Row>
   <Row>
    <Cell><Data ss:Type="String">468</Data></Cell>
    <Cell><Data ss:Type="Number">0.26</Data></Cell>
    <Cell><Data ss:Type="Number">-10.23</Data></Cell>
    <Cell><Data ss:Type="Number">0.14000000000000001</Data></Cell>
    <Cell><Data ss:Type="Number">-9.5500000000000007</Data></Cell>
    <Cell><Data ss:Type="Number">-0.06</Data></Cell>
    <Cell><Data ss:Type="Number">-0.88</Data></Cell>
    <Cell><Data ss:Type="Number">21.9</Data></Cell>
    <Cell><Data ss:Type="Number">40.700000000000003</Data></Cell>
    <Cell><Data ss:Type="Number">0</Data></Cell>
    <Cell><Data ss:Type="Number">0</Data></Cell>
    <Cell><Data ss:Type="String">2023-12-07 15:36:58.981933</Data></Cell>
   </Row>
   <Row>
    <Cell><Data ss:Type="String">467</Data></Cell>
    <Cell><Data ss:Type="Number">0.3</Data></Cell>
    <Cell><Data ss:Type="Number">-10.199999999999999</Data></Cell>
    <Cell><Data ss:Type="Number">0.18</Data></Cell>
    <Cell><Data ss:Type="Number">-9.49</Data></Cell>
    <Cell><Data ss:Type="Number">-0.11</Data></Cell>
    <Cell><Data ss:Type="Number">-0.88</Data></Cell>
    <Cell><Data ss:Type="Number">21.9</Data></Cell>
    <Cell><Data ss:Type="Number">40.700000000000003</Data></Cell>
    <Cell><Data ss:Type="Number">0</Data></Cell>
    <Cell><Data ss:Type="Number">0</Data></Cell>
    <Cell><Data ss:Type="String">2023-12-07 15:36:58.934585</Data></Cell>
   </Row>
   <Row>
    <Cell><Data ss:Type="String">466</Data></Cell>
    <Cell><Data ss:Type="Number">0.25</Data></Cell>
    <Cell><Data ss:Type="Number">-10.029999999999999</Data></Cell>
    <Cell><Data ss:Type="Number">0.08</Data></Cell>
    <Cell><Data ss:Type="Number">-9.39</Data></Cell>
    <Cell><Data ss:Type="Number">-0.06</Data></Cell>
    <Cell><Data ss:Type="Number">-0.9</Data></Cell>
    <Cell><Data ss:Type="Number">21.9</Data></Cell>
    <Cell><Data ss:Type="Number">40.700000000000003</Data></Cell>
    <Cell><Data ss:Type="Number">0</Data></Cell>
    <Cell><Data ss:Type="Number">0</Data></Cell>
    <Cell><Data ss:Type="String">2023-12-07 15:36:58.888209</Data></Cell>
   </Row>
   <Row>
    <Cell><Data ss:Type="String">465</Data></Cell>
    <Cell><Data ss:Type="Number">0.25</Data></Cell>
    <Cell><Data ss:Type="Number">-9.99</Data></Cell>
    <Cell><Data ss:Type="Number">0.14000000000000001</Data></Cell>
    <Cell><Data ss:Type="Number">-9.44</Data></Cell>
    <Cell><Data ss:Type="Number">-0.08</Data></Cell>
    <Cell><Data ss:Type="Number">-0.93</Data></Cell>
    <Cell><Data ss:Type="Number">21.9</Data></Cell>
    <Cell><Data ss:Type="Number">40.700000000000003</Data></Cell>
    <Cell><Data ss:Type="Number">0</Data></Cell>
    <Cell><Data ss:Type="Number">0</Data></Cell>
    <Cell><Data ss:Type="String">2023-12-07 15:36:58.847165</Data></Cell>
   </Row>
   <Row>
    <Cell><Data ss:Type="String">464</Data></Cell>
    <Cell><Data ss:Type="Number">0.32</Data></Cell>
    <Cell><Data ss:Type="Number">-10.17</Data></Cell>
    <Cell><Data ss:Type="Number">0.25</Data></Cell>
    <Cell><Data ss:Type="Number">-9.56</Data></Cell>
    <Cell><Data ss:Type="Number">-0.08</Data></Cell>
    <Cell><Data ss:Type="Number">-0.88</Data></Cell>
    <Cell><Data ss:Type="Number">21.9</Data></Cell>
    <Cell><Data ss:Type="Number">40.700000000000003</Data></Cell>
    <Cell><Data ss:Type="Number">0</Data></Cell>
    <Cell><Data ss:Type="Number">0</Data></Cell>
    <Cell><Data ss:Type="String">2023-12-07 15:36:58.844223</Data></Cell>
   </Row>
   <Row>
    <Cell><Data ss:Type="String">463</Data></Cell>
    <Cell><Data ss:Type="Number">0.27</Data></Cell>
    <Cell><Data ss:Type="Number">-10.210000000000001</Data></Cell>
    <Cell><Data ss:Type="Number">0.12</Data></Cell>
    <Cell><Data ss:Type="Number">-9.5</Data></Cell>
    <Cell><Data ss:Type="Number">-0.08</Data></Cell>
    <Cell><Data ss:Type="Number">-0.89</Data></Cell>
    <Cell><Data ss:Type="Number">21.9</Data></Cell>
    <Cell><Data ss:Type="Number">40.700000000000003</Data></Cell>
    <Cell><Data ss:Type="Number">0</Data></Cell>
    <Cell><Data ss:Type="Number">0</Data></Cell>
    <Cell><Data ss:Type="String">2023-12-07 15:36:58.797555</Data></Cell>
   </Row>
   <Row>
    <Cell><Data ss:Type="String">462</Data></Cell>
    <Cell><Data ss:Type="Number">0.27</Data></Cell>
    <Cell><Data ss:Type="Number">-10.09</Data></Cell>
    <Cell><Data ss:Type="Number">0.14000000000000001</Data></Cell>
    <Cell><Data ss:Type="Number">-9.43</Data></Cell>
    <Cell><Data ss:Type="Number">-7.0000000000000007E-2</Data></Cell>
    <Cell><Data ss:Type="Number">-0.91</Data></Cell>
    <Cell><Data ss:Type="Number">21.9</Data></Cell>
    <Cell><Data ss:Type="Number">40.700000000000003</Data></Cell>
    <Cell><Data ss:Type="Number">0</Data></Cell>
    <Cell><Data ss:Type="Number">0</Data></Cell>
    <Cell><Data ss:Type="String">2023-12-07 15:36:58.751186</Data></Cell>
   </Row>
   <Row>
    <Cell><Data ss:Type="String">461</Data></Cell>
    <Cell><Data ss:Type="Number">0.25</Data></Cell>
    <Cell><Data ss:Type="Number">-9.9700000000000006</Data></Cell>
    <Cell><Data ss:Type="Number">0.21</Data></Cell>
    <Cell><Data ss:Type="Number">-9.41</Data></Cell>
    <Cell><Data ss:Type="Number">-0.06</Data></Cell>
    <Cell><Data ss:Type="Number">-0.93</Data></Cell>
    <Cell><Data ss:Type="Number">21.9</Data></Cell>
    <Cell><Data ss:Type="Number">40.700000000000003</Data></Cell>
    <Cell><Data ss:Type="Number">0</Data></Cell>
    <Cell><Data ss:Type="Number">0</Data></Cell>
    <Cell><Data ss:Type="String">2023-12-07 15:36:58.706866</Data></Cell>
   </Row>
   <Row>
    <Cell><Data ss:Type="String">460</Data></Cell>
    <Cell><Data ss:Type="Number">0.3</Data></Cell>
    <Cell><Data ss:Type="Number">-10.039999999999999</Data></Cell>
    <Cell><Data ss:Type="Number">0.18</Data></Cell>
    <Cell><Data ss:Type="Number">-9.48</Data></Cell>
    <Cell><Data ss:Type="Number">-7.0000000000000007E-2</Data></Cell>
    <Cell><Data ss:Type="Number">-0.91</Data></Cell>
    <Cell><Data ss:Type="Number">21.9</Data></Cell>
    <Cell><Data ss:Type="Number">40.700000000000003</Data></Cell>
    <Cell><Data ss:Type="Number">0</Data></Cell>
    <Cell><Data ss:Type="Number">0</Data></Cell>
    <Cell><Data ss:Type="String">2023-12-07 15:36:58.705059</Data></Cell>
   </Row>
   <Row>
    <Cell><Data ss:Type="String">459</Data></Cell>
    <Cell><Data ss:Type="Number">0.27</Data></Cell>
    <Cell><Data ss:Type="Number">-10.199999999999999</Data></Cell>
    <Cell><Data ss:Type="Number">0.21</Data></Cell>
    <Cell><Data ss:Type="Number">-9.5500000000000007</Data></Cell>
    <Cell><Data ss:Type="Number">-0.06</Data></Cell>
    <Cell><Data ss:Type="Number">-0.88</Data></Cell>
    <Cell><Data ss:Type="Number">21.9</Data></Cell>
    <Cell><Data ss:Type="Number">40.700000000000003</Data></Cell>
    <Cell><Data ss:Type="Number">0</Data></Cell>
    <Cell><Data ss:Type="Number">0</Data></Cell>
    <Cell><Data ss:Type="String">2023-12-07 15:36:58.660938</Data></Cell>
   </Row>
   <Row>
    <Cell><Data ss:Type="String">458</Data></Cell>
    <Cell><Data ss:Type="Number">0.26</Data></Cell>
    <Cell><Data ss:Type="Number">-10.24</Data></Cell>
    <Cell><Data ss:Type="Number">0.16</Data></Cell>
    <Cell><Data ss:Type="Number">-9.51</Data></Cell>
    <Cell><Data ss:Type="Number">-0.06</Data></Cell>
    <Cell><Data ss:Type="Number">-0.88</Data></Cell>
    <Cell><Data ss:Type="Number">21.9</Data></Cell>
    <Cell><Data ss:Type="Number">40.700000000000003</Data></Cell>
    <Cell><Data ss:Type="Number">0</Data></Cell>
    <Cell><Data ss:Type="Number">0</Data></Cell>
    <Cell><Data ss:Type="String">2023-12-07 15:36:58.615319</Data></Cell>
   </Row>
   <Row>
    <Cell><Data ss:Type="String">457</Data></Cell>
    <Cell><Data ss:Type="Number">0.18</Data></Cell>
    <Cell><Data ss:Type="Number">-10.039999999999999</Data></Cell>
    <Cell><Data ss:Type="Number">0.16</Data></Cell>
    <Cell><Data ss:Type="Number">-9.4</Data></Cell>
    <Cell><Data ss:Type="Number">-7.0000000000000007E-2</Data></Cell>
    <Cell><Data ss:Type="Number">-0.92</Data></Cell>
    <Cell><Data ss:Type="Number">21.9</Data></Cell>
    <Cell><Data ss:Type="Number">40.700000000000003</Data></Cell>
    <Cell><Data ss:Type="Number">0</Data></Cell>
    <Cell><Data ss:Type="Number">0</Data></Cell>
    <Cell><Data ss:Type="String">2023-12-07 15:36:58.613611</Data></Cell>
   </Row>
   <Row>
    <Cell><Data ss:Type="String">456</Data></Cell>
    <Cell><Data ss:Type="Number">0.28000000000000003</Data></Cell>
    <Cell><Data ss:Type="Number">-10.07</Data></Cell>
    <Cell><Data ss:Type="Number">0.17</Data></Cell>
    <Cell><Data ss:Type="Number">-9.4700000000000006</Data></Cell>
    <Cell><Data ss:Type="Number">-0.06</Data></Cell>
    <Cell><Data ss:Type="Number">-0.92</Data></Cell>
    <Cell><Data ss:Type="Number">21.9</Data></Cell>
    <Cell><Data ss:Type="Number">40.700000000000003</Data></Cell>
    <Cell><Data ss:Type="Number">0</Data></Cell>
    <Cell><Data ss:Type="Number">0</Data></Cell>
    <Cell><Data ss:Type="String">2023-12-07 15:36:58.572718</Data></Cell>
   </Row>
   <Row>
    <Cell><Data ss:Type="String">455</Data></Cell>
    <Cell><Data ss:Type="Number">0.28999999999999998</Data></Cell>
    <Cell><Data ss:Type="Number">-10.130000000000001</Data></Cell>
    <Cell><Data ss:Type="Number">0.21</Data></Cell>
    <Cell><Data ss:Type="Number">-9.52</Data></Cell>
    <Cell><Data ss:Type="Number">-0.08</Data></Cell>
    <Cell><Data ss:Type="Number">-0.89</Data></Cell>
    <Cell><Data ss:Type="Number">21.9</Data></Cell>
    <Cell><Data ss:Type="Number">40.700000000000003</Data></Cell>
    <Cell><Data ss:Type="Number">0</Data></Cell>
    <Cell><Data ss:Type="Number">0</Data></Cell>
    <Cell><Data ss:Type="String">2023-12-07 15:36:58.571244</Data></Cell>
   </Row>
   <Row>
    <Cell><Data ss:Type="String">454</Data></Cell>
    <Cell><Data ss:Type="Number">0.27</Data></Cell>
    <Cell><Data ss:Type="Number">-10.220000000000001</Data></Cell>
    <Cell><Data ss:Type="Number">0.21</Data></Cell>
    <Cell><Data ss:Type="Number">-9.5500000000000007</Data></Cell>
    <Cell><Data ss:Type="Number">-7.0000000000000007E-2</Data></Cell>
    <Cell><Data ss:Type="Number">-0.87</Data></Cell>
    <Cell><Data ss:Type="Number">21.9</Data></Cell>
    <Cell><Data ss:Type="Number">40.700000000000003</Data></Cell>
    <Cell><Data ss:Type="Number">0</Data></Cell>
    <Cell><Data ss:Type="Number">0</Data></Cell>
    <Cell><Data ss:Type="String">2023-12-07 15:36:58.569836</Data></Cell>
   </Row>
   <Row>
    <Cell><Data ss:Type="String">453</Data></Cell>
    <Cell><Data ss:Type="Number">0.27</Data></Cell>
    <Cell><Data ss:Type="Number">-10.01</Data></Cell>
    <Cell><Data ss:Type="Number">0.16</Data></Cell>
    <Cell><Data ss:Type="Number">-9.43</Data></Cell>
    <Cell><Data ss:Type="Number">-0.06</Data></Cell>
    <Cell><Data ss:Type="Number">-0.91</Data></Cell>
    <Cell><Data ss:Type="Number">21.9</Data></Cell>
    <Cell><Data ss:Type="Number">40.700000000000003</Data></Cell>
    <Cell><Data ss:Type="Number">0</Data></Cell>
    <Cell><Data ss:Type="Number">0</Data></Cell>
    <Cell><Data ss:Type="String">2023-12-07 15:36:58.568201</Data></Cell>
   </Row>
   <Row>
    <Cell><Data ss:Type="String">452</Data></Cell>
    <Cell><Data ss:Type="Number">0.3</Data></Cell>
    <Cell><Data ss:Type="Number">-9.94</Data></Cell>
    <Cell><Data ss:Type="Number">0.15</Data></Cell>
    <Cell><Data ss:Type="Number">-9.43</Data></Cell>
    <Cell><Data ss:Type="Number">-7.0000000000000007E-2</Data></Cell>
    <Cell><Data ss:Type="Number">-0.89</Data></Cell>
    <Cell><Data ss:Type="Number">21.9</Data></Cell>
    <Cell><Data ss:Type="Number">40.700000000000003</Data></Cell>
    <Cell><Data ss:Type="Number">0</Data></Cell>
    <Cell><Data ss:Type="Number">0</Data></Cell>
    <Cell><Data ss:Type="String">2023-12-07 15:36:58.566635</Data></Cell>
   </Row>
   <Row>
    <Cell><Data ss:Type="String">451</Data></Cell>
    <Cell><Data ss:Type="Number">0.26</Data></Cell>
    <Cell><Data ss:Type="Number">-9.9600000000000009</Data></Cell>
    <Cell><Data ss:Type="Number">0.11</Data></Cell>
    <Cell><Data ss:Type="Number">-9.44</Data></Cell>
    <Cell><Data ss:Type="Number">-0.06</Data></Cell>
    <Cell><Data ss:Type="Number">-0.94</Data></Cell>
    <Cell><Data ss:Type="Number">21.9</Data></Cell>
    <Cell><Data ss:Type="Number">40.700000000000003</Data></Cell>
    <Cell><Data ss:Type="Number">0</Data></Cell>
    <Cell><Data ss:Type="Number">0</Data></Cell>
    <Cell><Data ss:Type="String">2023-12-07 15:36:58.564864</Data></Cell>
   </Row>
   <Row>
    <Cell><Data ss:Type="String">450</Data></Cell>
    <Cell><Data ss:Type="Number">0.42</Data></Cell>
    <Cell><Data ss:Type="Number">-10.220000000000001</Data></Cell>
    <Cell><Data ss:Type="Number">0.08</Data></Cell>
    <Cell><Data ss:Type="Number">-9.52</Data></Cell>
    <Cell><Data ss:Type="Number">-7.0000000000000007E-2</Data></Cell>
    <Cell><Data ss:Type="Number">-0.86</Data></Cell>
    <Cell><Data ss:Type="Number">21.9</Data></Cell>
    <Cell><Data ss:Type="Number">40.700000000000003</Data></Cell>
    <Cell><Data ss:Type="Number">0</Data></Cell>
    <Cell><Data ss:Type="Number">0</Data></Cell>
    <Cell><Data ss:Type="String">2023-12-07 15:36:58.561715</Data></Cell>
   </Row>
   <Row>
    <Cell><Data ss:Type="String">449</Data></Cell>
    <Cell><Data ss:Type="Number">0.31</Data></Cell>
    <Cell><Data ss:Type="Number">-10.25</Data></Cell>
    <Cell><Data ss:Type="Number">0.17</Data></Cell>
    <Cell><Data ss:Type="Number">-9.52</Data></Cell>
    <Cell><Data ss:Type="Number">-0.1</Data></Cell>
    <Cell><Data ss:Type="Number">-0.89</Data></Cell>
    <Cell><Data ss:Type="Number">21.9</Data></Cell>
    <Cell><Data ss:Type="Number">40.700000000000003</Data></Cell>
    <Cell><Data ss:Type="Number">0</Data></Cell>
    <Cell><Data ss:Type="Number">0</Data></Cell>
    <Cell><Data ss:Type="String">2023-12-07 15:36:58.333293</Data></Cell>
   </Row>
   <Row>
    <Cell><Data ss:Type="String">448</Data></Cell>
    <Cell><Data ss:Type="Number">0.3</Data></Cell>
    <Cell><Data ss:Type="Number">-9.9499999999999993</Data></Cell>
    <Cell><Data ss:Type="Number">0.16</Data></Cell>
    <Cell><Data ss:Type="Number">-9.44</Data></Cell>
    <Cell><Data ss:Type="Number">-0.06</Data></Cell>
    <Cell><Data ss:Type="Number">-0.92</Data></Cell>
    <Cell><Data ss:Type="Number">21.9</Data></Cell>
    <Cell><Data ss:Type="Number">40.700000000000003</Data></Cell>
    <Cell><Data ss:Type="Number">0</Data></Cell>
    <Cell><Data ss:Type="Number">0</Data></Cell>
    <Cell><Data ss:Type="String">2023-12-07 15:36:58.331535</Data></Cell>
   </Row>
   <Row>
    <Cell><Data ss:Type="String">447</Data></Cell>
    <Cell><Data ss:Type="Number">0.3</Data></Cell>
    <Cell><Data ss:Type="Number">-9.9</Data></Cell>
    <Cell><Data ss:Type="Number">0.11</Data></Cell>
    <Cell><Data ss:Type="Number">-9.4</Data></Cell>
    <Cell><Data ss:Type="Number">-0.08</Data></Cell>
    <Cell><Data ss:Type="Number">-0.91</Data></Cell>
    <Cell><Data ss:Type="Number">21.9</Data></Cell>
    <Cell><Data ss:Type="Number">40.700000000000003</Data></Cell>
    <Cell><Data ss:Type="Number">0</Data></Cell>
    <Cell><Data ss:Type="Number">0</Data></Cell>
    <Cell><Data ss:Type="String">2023-12-07 15:36:58.329203</Data></Cell>
   </Row>
   <Row>
    <Cell><Data ss:Type="String">446</Data></Cell>
    <Cell><Data ss:Type="Number">0.33</Data></Cell>
    <Cell><Data ss:Type="Number">-9.94</Data></Cell>
    <Cell><Data ss:Type="Number">0.1</Data></Cell>
    <Cell><Data ss:Type="Number">-9.5</Data></Cell>
    <Cell><Data ss:Type="Number">-0.06</Data></Cell>
    <Cell><Data ss:Type="Number">-0.94</Data></Cell>
    <Cell><Data ss:Type="Number">21.9</Data></Cell>
    <Cell><Data ss:Type="Number">40.700000000000003</Data></Cell>
    <Cell><Data ss:Type="Number">0</Data></Cell>
    <Cell><Data ss:Type="Number">0</Data></Cell>
    <Cell><Data ss:Type="String">2023-12-07 15:36:58.326827</Data></Cell>
   </Row>
   <Row>
    <Cell><Data ss:Type="String">445</Data></Cell>
    <Cell><Data ss:Type="Number">0.25</Data></Cell>
    <Cell><Data ss:Type="Number">-10.24</Data></Cell>
    <Cell><Data ss:Type="Number">0.38</Data></Cell>
    <Cell><Data ss:Type="Number">-9.52</Data></Cell>
    <Cell><Data ss:Type="Number">-0.04</Data></Cell>
    <Cell><Data ss:Type="Number">-0.84</Data></Cell>
    <Cell><Data ss:Type="Number">21.9</Data></Cell>
    <Cell><Data ss:Type="Number">40.700000000000003</Data></Cell>
    <Cell><Data ss:Type="Number">0</Data></Cell>
    <Cell><Data ss:Type="Number">0</Data></Cell>
    <Cell><Data ss:Type="String">2023-12-07 15:36:58.324660</Data></Cell>
   </Row>
   <Row>
    <Cell><Data ss:Type="String">444</Data></Cell>
    <Cell><Data ss:Type="Number">0.45</Data></Cell>
    <Cell><Data ss:Type="Number">-10.25</Data></Cell>
    <Cell><Data ss:Type="Number">0.21</Data></Cell>
    <Cell><Data ss:Type="Number">-9.57</Data></Cell>
    <Cell><Data ss:Type="Number">-0.17</Data></Cell>
    <Cell><Data ss:Type="Number">-0.91</Data></Cell>
    <Cell><Data ss:Type="Number">21.9</Data></Cell>
    <Cell><Data ss:Type="Number">40.700000000000003</Data></Cell>
    <Cell><Data ss:Type="Number">0</Data></Cell>
    <Cell><Data ss:Type="Number">0</Data></Cell>
    <Cell><Data ss:Type="String">2023-12-07 15:36:58.322603</Data></Cell>
   </Row>
   <Row>
    <Cell><Data ss:Type="String">443</Data></Cell>
    <Cell><Data ss:Type="Number">0.22</Data></Cell>
    <Cell><Data ss:Type="Number">-10.02</Data></Cell>
    <Cell><Data ss:Type="Number">0.23</Data></Cell>
    <Cell><Data ss:Type="Number">-9.43</Data></Cell>
    <Cell><Data ss:Type="Number">-0.06</Data></Cell>
    <Cell><Data ss:Type="Number">-0.87</Data></Cell>
    <Cell><Data ss:Type="Number">21.9</Data></Cell>
    <Cell><Data ss:Type="Number">40.700000000000003</Data></Cell>
    <Cell><Data ss:Type="Number">0</Data></Cell>
    <Cell><Data ss:Type="Number">0</Data></Cell>
    <Cell><Data ss:Type="String">2023-12-07 15:36:58.113240</Data></Cell>
   </Row>
   <Row>
    <Cell><Data ss:Type="String">442</Data></Cell>
    <Cell><Data ss:Type="Number">0.23</Data></Cell>
    <Cell><Data ss:Type="Number">-10.08</Data></Cell>
    <Cell><Data ss:Type="Number">-0.03</Data></Cell>
    <Cell><Data ss:Type="Number">-9.43</Data></Cell>
    <Cell><Data ss:Type="Number">-7.0000000000000007E-2</Data></Cell>
    <Cell><Data ss:Type="Number">-0.9</Data></Cell>
    <Cell><Data ss:Type="Number">21.9</Data></Cell>
    <Cell><Data ss:Type="Number">40.700000000000003</Data></Cell>
    <Cell><Data ss:Type="Number">0</Data></Cell>
    <Cell><Data ss:Type="Number">0</Data></Cell>
    <Cell><Data ss:Type="String">2023-12-07 15:36:58.110220</Data></Cell>
   </Row>
   <Row>
    <Cell><Data ss:Type="String">441</Data></Cell>
    <Cell><Data ss:Type="Number">-0.04</Data></Cell>
    <Cell><Data ss:Type="Number">-10.119999999999999</Data></Cell>
    <Cell><Data ss:Type="Number">-0.11</Data></Cell>
    <Cell><Data ss:Type="Number">-9.56</Data></Cell>
    <Cell><Data ss:Type="Number">0.2</Data></Cell>
    <Cell><Data ss:Type="Number">-0.96</Data></Cell>
    <Cell><Data ss:Type="Number">21.9</Data></Cell>
    <Cell><Data ss:Type="Number">40.700000000000003</Data></Cell>
    <Cell><Data ss:Type="Number">0</Data></Cell>
    <Cell><Data ss:Type="Number">0</Data></Cell>
    <Cell><Data ss:Type="String">2023-12-07 15:36:58.062291</Data></Cell>
   </Row>
   <Row>
    <Cell><Data ss:Type="String">440</Data></Cell>
    <Cell><Data ss:Type="Number">0.8</Data></Cell>
    <Cell><Data ss:Type="Number">-10.14</Data></Cell>
    <Cell><Data ss:Type="Number">0.44</Data></Cell>
    <Cell><Data ss:Type="Number">-9.52</Data></Cell>
    <Cell><Data ss:Type="Number">-0.21</Data></Cell>
    <Cell><Data ss:Type="Number">-0.82</Data></Cell>
    <Cell><Data ss:Type="Number">21.9</Data></Cell>
    <Cell><Data ss:Type="Number">40.700000000000003</Data></Cell>
    <Cell><Data ss:Type="Number">0</Data></Cell>
    <Cell><Data ss:Type="Number">0</Data></Cell>
    <Cell><Data ss:Type="String">2023-12-07 15:36:58.015528</Data></Cell>
   </Row>
   <Row>
    <Cell><Data ss:Type="String">439</Data></Cell>
    <Cell><Data ss:Type="Number">1.05</Data></Cell>
    <Cell><Data ss:Type="Number">-10.16</Data></Cell>
    <Cell><Data ss:Type="Number">0.51</Data></Cell>
    <Cell><Data ss:Type="Number">-9.5399999999999991</Data></Cell>
    <Cell><Data ss:Type="Number">-0.44</Data></Cell>
    <Cell><Data ss:Type="Number">-0.9</Data></Cell>
    <Cell><Data ss:Type="Number">21.9</Data></Cell>
    <Cell><Data ss:Type="Number">40.700000000000003</Data></Cell>
    <Cell><Data ss:Type="Number">0</Data></Cell>
    <Cell><Data ss:Type="Number">0</Data></Cell>
    <Cell><Data ss:Type="String">2023-12-07 15:36:58.013582</Data></Cell>
   </Row>
   <Row>
    <Cell><Data ss:Type="String">438</Data></Cell>
    <Cell><Data ss:Type="Number">1.1499999999999999</Data></Cell>
    <Cell><Data ss:Type="Number">-9.94</Data></Cell>
    <Cell><Data ss:Type="Number">0.24</Data></Cell>
    <Cell><Data ss:Type="Number">-9.3699999999999992</Data></Cell>
    <Cell><Data ss:Type="Number">-0.51</Data></Cell>
    <Cell><Data ss:Type="Number">-0.8</Data></Cell>
    <Cell><Data ss:Type="Number">21.9</Data></Cell>
    <Cell><Data ss:Type="Number">40.700000000000003</Data></Cell>
    <Cell><Data ss:Type="Number">0</Data></Cell>
    <Cell><Data ss:Type="Number">0</Data></Cell>
    <Cell><Data ss:Type="String">2023-12-07 15:36:57.965701</Data></Cell>
   </Row>
   <Row>
    <Cell><Data ss:Type="String">437</Data></Cell>
    <Cell><Data ss:Type="Number">-1.1299999999999999</Data></Cell>
    <Cell><Data ss:Type="Number">-10.26</Data></Cell>
    <Cell><Data ss:Type="Number">-0.56999999999999995</Data></Cell>
    <Cell><Data ss:Type="Number">-9.56</Data></Cell>
    <Cell><Data ss:Type="Number">0.15</Data></Cell>
    <Cell><Data ss:Type="Number">-0.88</Data></Cell>
    <Cell><Data ss:Type="Number">21.9</Data></Cell>
    <Cell><Data ss:Type="Number">40.700000000000003</Data></Cell>
    <Cell><Data ss:Type="Number">0</Data></Cell>
    <Cell><Data ss:Type="Number">0</Data></Cell>
    <Cell><Data ss:Type="String">2023-12-07 15:36:57.920321</Data></Cell>
   </Row>
   <Row>
    <Cell><Data ss:Type="String">436</Data></Cell>
    <Cell><Data ss:Type="Number">-1.89</Data></Cell>
    <Cell><Data ss:Type="Number">-9.9499999999999993</Data></Cell>
    <Cell><Data ss:Type="Number">-0.68</Data></Cell>
    <Cell><Data ss:Type="Number">-9.66</Data></Cell>
    <Cell><Data ss:Type="Number">1.1000000000000001</Data></Cell>
    <Cell><Data ss:Type="Number">-1.1399999999999999</Data></Cell>
    <Cell><Data ss:Type="Number">21.9</Data></Cell>
    <Cell><Data ss:Type="Number">40.700000000000003</Data></Cell>
    <Cell><Data ss:Type="Number">0</Data></Cell>
    <Cell><Data ss:Type="Number">0</Data></Cell>
    <Cell><Data ss:Type="String">2023-12-07 15:36:57.876242</Data></Cell>
   </Row>
   <Row>
    <Cell><Data ss:Type="String">435</Data></Cell>
    <Cell><Data ss:Type="Number">2.33</Data></Cell>
    <Cell><Data ss:Type="Number">-8.59</Data></Cell>
    <Cell><Data ss:Type="Number">0.25</Data></Cell>
    <Cell><Data ss:Type="Number">-8.93</Data></Cell>
    <Cell><Data ss:Type="Number">-0.31</Data></Cell>
    <Cell><Data ss:Type="Number">-0.92</Data></Cell>
    <Cell><Data ss:Type="Number">21.9</Data></Cell>
    <Cell><Data ss:Type="Number">40.700000000000003</Data></Cell>
    <Cell><Data ss:Type="Number">0</Data></Cell>
    <Cell><Data ss:Type="Number">0</Data></Cell>
    <Cell><Data ss:Type="String">2023-12-07 15:36:57.874073</Data></Cell>
   </Row>
   <Row>
    <Cell><Data ss:Type="String">434</Data></Cell>
    <Cell><Data ss:Type="Number">0.88</Data></Cell>
    <Cell><Data ss:Type="Number">-9.9499999999999993</Data></Cell>
    <Cell><Data ss:Type="Number">-0.09</Data></Cell>
    <Cell><Data ss:Type="Number">-8.4600000000000009</Data></Cell>
    <Cell><Data ss:Type="Number">-0.51</Data></Cell>
    <Cell><Data ss:Type="Number">-0.72</Data></Cell>
    <Cell><Data ss:Type="Number">21.9</Data></Cell>
    <Cell><Data ss:Type="Number">40.700000000000003</Data></Cell>
    <Cell><Data ss:Type="Number">0</Data></Cell>
    <Cell><Data ss:Type="Number">0</Data></Cell>
    <Cell><Data ss:Type="String">2023-12-07 15:36:57.829630</Data></Cell>
   </Row>
   <Row>
    <Cell><Data ss:Type="String">433</Data></Cell>
    <Cell><Data ss:Type="Number">0.09</Data></Cell>
    <Cell><Data ss:Type="Number">-10</Data></Cell>
    <Cell><Data ss:Type="Number">-0.17</Data></Cell>
    <Cell><Data ss:Type="Number">-9.52</Data></Cell>
    <Cell><Data ss:Type="Number">-0.04</Data></Cell>
    <Cell><Data ss:Type="Number">-0.92</Data></Cell>
    <Cell><Data ss:Type="Number">21.9</Data></Cell>
    <Cell><Data ss:Type="Number">40.700000000000003</Data></Cell>
    <Cell><Data ss:Type="Number">0</Data></Cell>
    <Cell><Data ss:Type="Number">0</Data></Cell>
    <Cell><Data ss:Type="String">2023-12-07 15:36:57.782781</Data></Cell>
   </Row>
   <Row>
    <Cell><Data ss:Type="String">432</Data></Cell>
    <Cell><Data ss:Type="Number">0.31</Data></Cell>
    <Cell><Data ss:Type="Number">-10.23</Data></Cell>
    <Cell><Data ss:Type="Number">0.01</Data></Cell>
    <Cell><Data ss:Type="Number">-9.48</Data></Cell>
    <Cell><Data ss:Type="Number">-0.1</Data></Cell>
    <Cell><Data ss:Type="Number">-0.9</Data></Cell>
    <Cell><Data ss:Type="Number">21.9</Data></Cell>
    <Cell><Data ss:Type="Number">40.700000000000003</Data></Cell>
    <Cell><Data ss:Type="Number">0</Data></Cell>
    <Cell><Data ss:Type="Number">0</Data></Cell>
    <Cell><Data ss:Type="String">2023-12-07 15:36:57.739088</Data></Cell>
   </Row>
   <Row>
    <Cell><Data ss:Type="String">431</Data></Cell>
    <Cell><Data ss:Type="Number">0.1</Data></Cell>
    <Cell><Data ss:Type="Number">-10.36</Data></Cell>
    <Cell><Data ss:Type="Number">0.16</Data></Cell>
    <Cell><Data ss:Type="Number">-9.61</Data></Cell>
    <Cell><Data ss:Type="Number">0</Data></Cell>
    <Cell><Data ss:Type="Number">-0.92</Data></Cell>
    <Cell><Data ss:Type="Number">21.9</Data></Cell>
    <Cell><Data ss:Type="Number">40.700000000000003</Data></Cell>
    <Cell><Data ss:Type="Number">0</Data></Cell>
    <Cell><Data ss:Type="Number">0</Data></Cell>
    <Cell><Data ss:Type="String">2023-12-07 15:36:57.736841</Data></Cell>
   </Row>
   <Row>
    <Cell><Data ss:Type="String">430</Data></Cell>
    <Cell><Data ss:Type="Number">-0.15</Data></Cell>
    <Cell><Data ss:Type="Number">-10.24</Data></Cell>
    <Cell><Data ss:Type="Number">-0.51</Data></Cell>
    <Cell><Data ss:Type="Number">-9.43</Data></Cell>
    <Cell><Data ss:Type="Number">-0.11</Data></Cell>
    <Cell><Data ss:Type="Number">-0.91</Data></Cell>
    <Cell><Data ss:Type="Number">21.9</Data></Cell>
    <Cell><Data ss:Type="Number">40.700000000000003</Data></Cell>
    <Cell><Data ss:Type="Number">0</Data></Cell>
    <Cell><Data ss:Type="Number">0</Data></Cell>
    <Cell><Data ss:Type="String">2023-12-07 15:36:57.697162</Data></Cell>
   </Row>
   <Row>
    <Cell><Data ss:Type="String">429</Data></Cell>
    <Cell><Data ss:Type="Number">0.54</Data></Cell>
    <Cell><Data ss:Type="Number">-10.1</Data></Cell>
    <Cell><Data ss:Type="Number">-0.24</Data></Cell>
    <Cell><Data ss:Type="Number">-9.4700000000000006</Data></Cell>
    <Cell><Data ss:Type="Number">-0.04</Data></Cell>
    <Cell><Data ss:Type="Number">-0.89</Data></Cell>
    <Cell><Data ss:Type="Number">21.9</Data></Cell>
    <Cell><Data ss:Type="Number">40.700000000000003</Data></Cell>
    <Cell><Data ss:Type="Number">0</Data></Cell>
    <Cell><Data ss:Type="Number">0</Data></Cell>
    <Cell><Data ss:Type="String">2023-12-07 15:36:57.694512</Data></Cell>
   </Row>
   <Row>
    <Cell><Data ss:Type="String">428</Data></Cell>
    <Cell><Data ss:Type="Number">-0.41</Data></Cell>
    <Cell><Data ss:Type="Number">-10.75</Data></Cell>
    <Cell><Data ss:Type="Number">-0.24</Data></Cell>
    <Cell><Data ss:Type="Number">-9.6300000000000008</Data></Cell>
    <Cell><Data ss:Type="Number">-0.16</Data></Cell>
    <Cell><Data ss:Type="Number">-0.93</Data></Cell>
    <Cell><Data ss:Type="Number">21.9</Data></Cell>
    <Cell><Data ss:Type="Number">40.700000000000003</Data></Cell>
    <Cell><Data ss:Type="Number">0</Data></Cell>
    <Cell><Data ss:Type="Number">0</Data></Cell>
    <Cell><Data ss:Type="String">2023-12-07 15:36:57.691747</Data></Cell>
   </Row>
   <Row>
    <Cell><Data ss:Type="String">427</Data></Cell>
    <Cell><Data ss:Type="Number">1.07</Data></Cell>
    <Cell><Data ss:Type="Number">-9.9700000000000006</Data></Cell>
    <Cell><Data ss:Type="Number">0.39</Data></Cell>
    <Cell><Data ss:Type="Number">-9.3800000000000008</Data></Cell>
    <Cell><Data ss:Type="Number">-0.06</Data></Cell>
    <Cell><Data ss:Type="Number">-0.94</Data></Cell>
    <Cell><Data ss:Type="Number">21.9</Data></Cell>
    <Cell><Data ss:Type="Number">40.700000000000003</Data></Cell>
    <Cell><Data ss:Type="Number">0</Data></Cell>
    <Cell><Data ss:Type="Number">0</Data></Cell>
    <Cell><Data ss:Type="String">2023-12-07 15:36:57.689589</Data></Cell>
   </Row>
   <Row>
    <Cell><Data ss:Type="String">426</Data></Cell>
    <Cell><Data ss:Type="Number">0.2</Data></Cell>
    <Cell><Data ss:Type="Number">-10.32</Data></Cell>
    <Cell><Data ss:Type="Number">0.06</Data></Cell>
    <Cell><Data ss:Type="Number">-9.42</Data></Cell>
    <Cell><Data ss:Type="Number">-7.0000000000000007E-2</Data></Cell>
    <Cell><Data ss:Type="Number">-0.98</Data></Cell>
    <Cell><Data ss:Type="Number">21.9</Data></Cell>
    <Cell><Data ss:Type="Number">40.700000000000003</Data></Cell>
    <Cell><Data ss:Type="Number">0</Data></Cell>
    <Cell><Data ss:Type="Number">0</Data></Cell>
    <Cell><Data ss:Type="String">2023-12-07 15:36:57.687713</Data></Cell>
   </Row>
   <Row>
    <Cell><Data ss:Type="String">425</Data></Cell>
    <Cell><Data ss:Type="Number">-0.09</Data></Cell>
    <Cell><Data ss:Type="Number">-9.49</Data></Cell>
    <Cell><Data ss:Type="Number">0.03</Data></Cell>
    <Cell><Data ss:Type="Number">-9.39</Data></Cell>
    <Cell><Data ss:Type="Number">-0.04</Data></Cell>
    <Cell><Data ss:Type="Number">-0.91</Data></Cell>
    <Cell><Data ss:Type="Number">21.9</Data></Cell>
    <Cell><Data ss:Type="Number">40.700000000000003</Data></Cell>
    <Cell><Data ss:Type="Number">0</Data></Cell>
    <Cell><Data ss:Type="Number">0</Data></Cell>
    <Cell><Data ss:Type="String">2023-12-07 15:36:57.686158</Data></Cell>
   </Row>
   <Row>
    <Cell><Data ss:Type="String">424</Data></Cell>
    <Cell><Data ss:Type="Number">0.53</Data></Cell>
    <Cell><Data ss:Type="Number">-10.02</Data></Cell>
    <Cell><Data ss:Type="Number">-0.13</Data></Cell>
    <Cell><Data ss:Type="Number">-9.5399999999999991</Data></Cell>
    <Cell><Data ss:Type="Number">-0.12</Data></Cell>
    <Cell><Data ss:Type="Number">-0.88</Data></Cell>
    <Cell><Data ss:Type="Number">21.9</Data></Cell>
    <Cell><Data ss:Type="Number">40.700000000000003</Data></Cell>
    <Cell><Data ss:Type="Number">0</Data></Cell>
    <Cell><Data ss:Type="Number">0</Data></Cell>
    <Cell><Data ss:Type="String">2023-12-07 15:36:57.680999</Data></Cell>
   </Row>
   <Row>
    <Cell><Data ss:Type="String">423</Data></Cell>
    <Cell><Data ss:Type="Number">0.43</Data></Cell>
    <Cell><Data ss:Type="Number">-10.119999999999999</Data></Cell>
    <Cell><Data ss:Type="Number">0.06</Data></Cell>
    <Cell><Data ss:Type="Number">-9.42</Data></Cell>
    <Cell><Data ss:Type="Number">-0.09</Data></Cell>
    <Cell><Data ss:Type="Number">-0.94</Data></Cell>
    <Cell><Data ss:Type="Number">21.9</Data></Cell>
    <Cell><Data ss:Type="Number">40.700000000000003</Data></Cell>
    <Cell><Data ss:Type="Number">0</Data></Cell>
    <Cell><Data ss:Type="Number">0</Data></Cell>
    <Cell><Data ss:Type="String">2023-12-07 15:36:57.449445</Data></Cell>
   </Row>
   <Row>
    <Cell><Data ss:Type="String">422</Data></Cell>
    <Cell><Data ss:Type="Number">0.19</Data></Cell>
    <Cell><Data ss:Type="Number">-10.09</Data></Cell>
    <Cell><Data ss:Type="Number">0.36</Data></Cell>
    <Cell><Data ss:Type="Number">-9.65</Data></Cell>
    <Cell><Data ss:Type="Number">-0.13</Data></Cell>
    <Cell><Data ss:Type="Number">-0.89</Data></Cell>
    <Cell><Data ss:Type="Number">21.9</Data></Cell>
    <Cell><Data ss:Type="Number">40.700000000000003</Data></Cell>
    <Cell><Data ss:Type="Number">0</Data></Cell>
    <Cell><Data ss:Type="Number">0</Data></Cell>
    <Cell><Data ss:Type="String">2023-12-07 15:36:57.403245</Data></Cell>
   </Row>
   <Row>
    <Cell><Data ss:Type="String">421</Data></Cell>
    <Cell><Data ss:Type="Number">0.27</Data></Cell>
    <Cell><Data ss:Type="Number">-9.75</Data></Cell>
    <Cell><Data ss:Type="Number">-0.22</Data></Cell>
    <Cell><Data ss:Type="Number">-9.4499999999999993</Data></Cell>
    <Cell><Data ss:Type="Number">-0.02</Data></Cell>
    <Cell><Data ss:Type="Number">-0.91</Data></Cell>
    <Cell><Data ss:Type="Number">21.9</Data></Cell>
    <Cell><Data ss:Type="Number">40.700000000000003</Data></Cell>
    <Cell><Data ss:Type="Number">0</Data></Cell>
    <Cell><Data ss:Type="Number">0</Data></Cell>
    <Cell><Data ss:Type="String">2023-12-07 15:36:57.401538</Data></Cell>
   </Row>
   <Row>
    <Cell><Data ss:Type="String">420</Data></Cell>
    <Cell><Data ss:Type="Number">0.06</Data></Cell>
    <Cell><Data ss:Type="Number">-10.029999999999999</Data></Cell>
    <Cell><Data ss:Type="Number">0.2</Data></Cell>
    <Cell><Data ss:Type="Number">-9.49</Data></Cell>
    <Cell><Data ss:Type="Number">-0.05</Data></Cell>
    <Cell><Data ss:Type="Number">-0.96</Data></Cell>
    <Cell><Data ss:Type="Number">21.9</Data></Cell>
    <Cell><Data ss:Type="Number">40.700000000000003</Data></Cell>
    <Cell><Data ss:Type="Number">0</Data></Cell>
    <Cell><Data ss:Type="Number">0</Data></Cell>
    <Cell><Data ss:Type="String">2023-12-07 15:36:57.352918</Data></Cell>
   </Row>
   <Row>
    <Cell><Data ss:Type="String">419</Data></Cell>
    <Cell><Data ss:Type="Number">0.42</Data></Cell>
    <Cell><Data ss:Type="Number">-9.7100000000000009</Data></Cell>
    <Cell><Data ss:Type="Number">-0.06</Data></Cell>
    <Cell><Data ss:Type="Number">-9.33</Data></Cell>
    <Cell><Data ss:Type="Number">-0.06</Data></Cell>
    <Cell><Data ss:Type="Number">-0.96</Data></Cell>
    <Cell><Data ss:Type="Number">21.9</Data></Cell>
    <Cell><Data ss:Type="Number">40.700000000000003</Data></Cell>
    <Cell><Data ss:Type="Number">0</Data></Cell>
    <Cell><Data ss:Type="Number">0</Data></Cell>
    <Cell><Data ss:Type="String">2023-12-07 15:36:57.297351</Data></Cell>
   </Row>
   <Row>
    <Cell><Data ss:Type="String">418</Data></Cell>
    <Cell><Data ss:Type="Number">-0.02</Data></Cell>
    <Cell><Data ss:Type="Number">-9.68</Data></Cell>
    <Cell><Data ss:Type="Number">0.59</Data></Cell>
    <Cell><Data ss:Type="Number">-9.56</Data></Cell>
    <Cell><Data ss:Type="Number">-0.06</Data></Cell>
    <Cell><Data ss:Type="Number">-0.88</Data></Cell>
    <Cell><Data ss:Type="Number">21.9</Data></Cell>
    <Cell><Data ss:Type="Number">40.700000000000003</Data></Cell>
    <Cell><Data ss:Type="Number">0</Data></Cell>
    <Cell><Data ss:Type="Number">0</Data></Cell>
    <Cell><Data ss:Type="String">2023-12-07 15:36:57.291244</Data></Cell>
   </Row>
   <Row>
    <Cell><Data ss:Type="String">417</Data></Cell>
    <Cell><Data ss:Type="Number">0.31</Data></Cell>
    <Cell><Data ss:Type="Number">-11.1</Data></Cell>
    <Cell><Data ss:Type="Number">-0.35</Data></Cell>
    <Cell><Data ss:Type="Number">-9.6300000000000008</Data></Cell>
    <Cell><Data ss:Type="Number">-0.15</Data></Cell>
    <Cell><Data ss:Type="Number">-0.89</Data></Cell>
    <Cell><Data ss:Type="Number">21.9</Data></Cell>
    <Cell><Data ss:Type="Number">40.700000000000003</Data></Cell>
    <Cell><Data ss:Type="Number">0</Data></Cell>
    <Cell><Data ss:Type="Number">0</Data></Cell>
    <Cell><Data ss:Type="String">2023-12-07 15:36:57.246171</Data></Cell>
   </Row>
   <Row>
    <Cell><Data ss:Type="String">416</Data></Cell>
    <Cell><Data ss:Type="Number">0.36</Data></Cell>
    <Cell><Data ss:Type="Number">-9.93</Data></Cell>
    <Cell><Data ss:Type="Number">-0.1</Data></Cell>
    <Cell><Data ss:Type="Number">-9.44</Data></Cell>
    <Cell><Data ss:Type="Number">-0.08</Data></Cell>
    <Cell><Data ss:Type="Number">-0.88</Data></Cell>
    <Cell><Data ss:Type="Number">21.9</Data></Cell>
    <Cell><Data ss:Type="Number">40.700000000000003</Data></Cell>
    <Cell><Data ss:Type="Number">0</Data></Cell>
    <Cell><Data ss:Type="Number">0</Data></Cell>
    <Cell><Data ss:Type="String">2023-12-07 15:36:57.203743</Data></Cell>
   </Row>
   <Row>
    <Cell><Data ss:Type="String">415</Data></Cell>
    <Cell><Data ss:Type="Number">0.33</Data></Cell>
    <Cell><Data ss:Type="Number">-9.7799999999999994</Data></Cell>
    <Cell><Data ss:Type="Number">-0.03</Data></Cell>
    <Cell><Data ss:Type="Number">-9.25</Data></Cell>
    <Cell><Data ss:Type="Number">-0.06</Data></Cell>
    <Cell><Data ss:Type="Number">-0.96</Data></Cell>
    <Cell><Data ss:Type="Number">21.9</Data></Cell>
    <Cell><Data ss:Type="Number">40.700000000000003</Data></Cell>
    <Cell><Data ss:Type="Number">0</Data></Cell>
    <Cell><Data ss:Type="Number">0</Data></Cell>
    <Cell><Data ss:Type="String">2023-12-07 15:36:57.202089</Data></Cell>
   </Row>
   <Row>
    <Cell><Data ss:Type="String">414</Data></Cell>
    <Cell><Data ss:Type="Number">-0.13</Data></Cell>
    <Cell><Data ss:Type="Number">-10.27</Data></Cell>
    <Cell><Data ss:Type="Number">0.22</Data></Cell>
    <Cell><Data ss:Type="Number">-9.57</Data></Cell>
    <Cell><Data ss:Type="Number">-0.06</Data></Cell>
    <Cell><Data ss:Type="Number">-0.87</Data></Cell>
    <Cell><Data ss:Type="Number">21.9</Data></Cell>
    <Cell><Data ss:Type="Number">40.700000000000003</Data></Cell>
    <Cell><Data ss:Type="Number">0</Data></Cell>
    <Cell><Data ss:Type="Number">0</Data></Cell>
    <Cell><Data ss:Type="String">2023-12-07 15:36:57.153344</Data></Cell>
   </Row>
   <Row>
    <Cell><Data ss:Type="String">413</Data></Cell>
    <Cell><Data ss:Type="Number">0.23</Data></Cell>
    <Cell><Data ss:Type="Number">-9.94</Data></Cell>
    <Cell><Data ss:Type="Number">0.16</Data></Cell>
    <Cell><Data ss:Type="Number">-9.42</Data></Cell>
    <Cell><Data ss:Type="Number">-0.09</Data></Cell>
    <Cell><Data ss:Type="Number">-0.94</Data></Cell>
    <Cell><Data ss:Type="Number">21.9</Data></Cell>
    <Cell><Data ss:Type="Number">40.700000000000003</Data></Cell>
    <Cell><Data ss:Type="Number">0</Data></Cell>
    <Cell><Data ss:Type="Number">0</Data></Cell>
    <Cell><Data ss:Type="String">2023-12-07 15:36:57.100056</Data></Cell>
   </Row>
   <Row>
    <Cell><Data ss:Type="String">412</Data></Cell>
    <Cell><Data ss:Type="Number">0.08</Data></Cell>
    <Cell><Data ss:Type="Number">-10.44</Data></Cell>
    <Cell><Data ss:Type="Number">0.06</Data></Cell>
    <Cell><Data ss:Type="Number">-9.3800000000000008</Data></Cell>
    <Cell><Data ss:Type="Number">-0.09</Data></Cell>
    <Cell><Data ss:Type="Number">-0.9</Data></Cell>
    <Cell><Data ss:Type="Number">21.9</Data></Cell>
    <Cell><Data ss:Type="Number">40.700000000000003</Data></Cell>
    <Cell><Data ss:Type="Number">0</Data></Cell>
    <Cell><Data ss:Type="Number">0</Data></Cell>
    <Cell><Data ss:Type="String">2023-12-07 15:36:57.098263</Data></Cell>
   </Row>
   <Row>
    <Cell><Data ss:Type="String">411</Data></Cell>
    <Cell><Data ss:Type="Number">0.54</Data></Cell>
    <Cell><Data ss:Type="Number">-9.7100000000000009</Data></Cell>
    <Cell><Data ss:Type="Number">0.08</Data></Cell>
    <Cell><Data ss:Type="Number">-9.42</Data></Cell>
    <Cell><Data ss:Type="Number">-7.0000000000000007E-2</Data></Cell>
    <Cell><Data ss:Type="Number">-0.93</Data></Cell>
    <Cell><Data ss:Type="Number">21.9</Data></Cell>
    <Cell><Data ss:Type="Number">40.700000000000003</Data></Cell>
    <Cell><Data ss:Type="Number">0</Data></Cell>
    <Cell><Data ss:Type="Number">0</Data></Cell>
    <Cell><Data ss:Type="String">2023-12-07 15:36:57.096115</Data></Cell>
   </Row>
   <Row>
    <Cell><Data ss:Type="String">410</Data></Cell>
    <Cell><Data ss:Type="Number">0.44</Data></Cell>
    <Cell><Data ss:Type="Number">-9.59</Data></Cell>
    <Cell><Data ss:Type="Number">0.3</Data></Cell>
    <Cell><Data ss:Type="Number">-9.32</Data></Cell>
    <Cell><Data ss:Type="Number">-0.1</Data></Cell>
    <Cell><Data ss:Type="Number">-0.93</Data></Cell>
    <Cell><Data ss:Type="Number">21.9</Data></Cell>
    <Cell><Data ss:Type="Number">40.700000000000003</Data></Cell>
    <Cell><Data ss:Type="Number">0</Data></Cell>
    <Cell><Data ss:Type="Number">0</Data></Cell>
    <Cell><Data ss:Type="String">2023-12-07 15:36:57.093291</Data></Cell>
   </Row>
   <Row>
    <Cell><Data ss:Type="String">409</Data></Cell>
    <Cell><Data ss:Type="Number">0.36</Data></Cell>
    <Cell><Data ss:Type="Number">-9.91</Data></Cell>
    <Cell><Data ss:Type="Number">-0.02</Data></Cell>
    <Cell><Data ss:Type="Number">-9.5399999999999991</Data></Cell>
    <Cell><Data ss:Type="Number">0.03</Data></Cell>
    <Cell><Data ss:Type="Number">-0.88</Data></Cell>
    <Cell><Data ss:Type="Number">21.9</Data></Cell>
    <Cell><Data ss:Type="Number">40.700000000000003</Data></Cell>
    <Cell><Data ss:Type="Number">0</Data></Cell>
    <Cell><Data ss:Type="Number">0</Data></Cell>
    <Cell><Data ss:Type="String">2023-12-07 15:36:56.957906</Data></Cell>
   </Row>
   <Row>
    <Cell><Data ss:Type="String">408</Data></Cell>
    <Cell><Data ss:Type="Number">0.15</Data></Cell>
    <Cell><Data ss:Type="Number">-10.51</Data></Cell>
    <Cell><Data ss:Type="Number">0</Data></Cell>
    <Cell><Data ss:Type="Number">-9.5500000000000007</Data></Cell>
    <Cell><Data ss:Type="Number">-0.1</Data></Cell>
    <Cell><Data ss:Type="Number">-0.95</Data></Cell>
    <Cell><Data ss:Type="Number">21.9</Data></Cell>
    <Cell><Data ss:Type="Number">40.700000000000003</Data></Cell>
    <Cell><Data ss:Type="Number">0</Data></Cell>
    <Cell><Data ss:Type="Number">0</Data></Cell>
    <Cell><Data ss:Type="String">2023-12-07 15:36:56.953998</Data></Cell>
   </Row>
   <Row>
    <Cell><Data ss:Type="String">407</Data></Cell>
    <Cell><Data ss:Type="Number">-0.02</Data></Cell>
    <Cell><Data ss:Type="Number">-10.1</Data></Cell>
    <Cell><Data ss:Type="Number">-0.1</Data></Cell>
    <Cell><Data ss:Type="Number">-9.33</Data></Cell>
    <Cell><Data ss:Type="Number">-0.11</Data></Cell>
    <Cell><Data ss:Type="Number">-0.82</Data></Cell>
    <Cell><Data ss:Type="Number">21.9</Data></Cell>
    <Cell><Data ss:Type="Number">40.700000000000003</Data></Cell>
    <Cell><Data ss:Type="Number">0</Data></Cell>
    <Cell><Data ss:Type="Number">0</Data></Cell>
    <Cell><Data ss:Type="String">2023-12-07 15:36:56.909366</Data></Cell>
   </Row>
   <Row>
    <Cell><Data ss:Type="String">406</Data></Cell>
    <Cell><Data ss:Type="Number">0.31</Data></Cell>
    <Cell><Data ss:Type="Number">-10.07</Data></Cell>
    <Cell><Data ss:Type="Number">0.2</Data></Cell>
    <Cell><Data ss:Type="Number">-9.5500000000000007</Data></Cell>
    <Cell><Data ss:Type="Number">-0.09</Data></Cell>
    <Cell><Data ss:Type="Number">-0.94</Data></Cell>
    <Cell><Data ss:Type="Number">21.9</Data></Cell>
    <Cell><Data ss:Type="Number">40.700000000000003</Data></Cell>
    <Cell><Data ss:Type="Number">0</Data></Cell>
    <Cell><Data ss:Type="Number">0</Data></Cell>
    <Cell><Data ss:Type="String">2023-12-07 15:36:56.864909</Data></Cell>
   </Row>
   <Row>
    <Cell><Data ss:Type="String">405</Data></Cell>
    <Cell><Data ss:Type="Number">0.11</Data></Cell>
    <Cell><Data ss:Type="Number">-9.57</Data></Cell>
    <Cell><Data ss:Type="Number">-0.02</Data></Cell>
    <Cell><Data ss:Type="Number">-9.5299999999999994</Data></Cell>
    <Cell><Data ss:Type="Number">0.16</Data></Cell>
    <Cell><Data ss:Type="Number">-0.88</Data></Cell>
    <Cell><Data ss:Type="Number">21.9</Data></Cell>
    <Cell><Data ss:Type="Number">40.700000000000003</Data></Cell>
    <Cell><Data ss:Type="Number">0</Data></Cell>
    <Cell><Data ss:Type="Number">0</Data></Cell>
    <Cell><Data ss:Type="String">2023-12-07 15:36:56.863054</Data></Cell>
   </Row>
   <Row>
    <Cell><Data ss:Type="String">404</Data></Cell>
    <Cell><Data ss:Type="Number">0.21</Data></Cell>
    <Cell><Data ss:Type="Number">-9.68</Data></Cell>
    <Cell><Data ss:Type="Number">7.0000000000000007E-2</Data></Cell>
    <Cell><Data ss:Type="Number">-9.4</Data></Cell>
    <Cell><Data ss:Type="Number">0.11</Data></Cell>
    <Cell><Data ss:Type="Number">-0.99</Data></Cell>
    <Cell><Data ss:Type="Number">21.9</Data></Cell>
    <Cell><Data ss:Type="Number">40.700000000000003</Data></Cell>
    <Cell><Data ss:Type="Number">0</Data></Cell>
    <Cell><Data ss:Type="Number">0</Data></Cell>
    <Cell><Data ss:Type="String">2023-12-07 15:36:56.817037</Data></Cell>
   </Row>
   <Row>
    <Cell><Data ss:Type="String">403</Data></Cell>
    <Cell><Data ss:Type="Number">0.66</Data></Cell>
    <Cell><Data ss:Type="Number">-9.8699999999999992</Data></Cell>
    <Cell><Data ss:Type="Number">0.24</Data></Cell>
    <Cell><Data ss:Type="Number">-9.49</Data></Cell>
    <Cell><Data ss:Type="Number">-0.14000000000000001</Data></Cell>
    <Cell><Data ss:Type="Number">-0.96</Data></Cell>
    <Cell><Data ss:Type="Number">21.9</Data></Cell>
    <Cell><Data ss:Type="Number">40.700000000000003</Data></Cell>
    <Cell><Data ss:Type="Number">0</Data></Cell>
    <Cell><Data ss:Type="Number">0</Data></Cell>
    <Cell><Data ss:Type="String">2023-12-07 15:36:56.770737</Data></Cell>
   </Row>
   <Row>
    <Cell><Data ss:Type="String">402</Data></Cell>
    <Cell><Data ss:Type="Number">0.89</Data></Cell>
    <Cell><Data ss:Type="Number">-10.199999999999999</Data></Cell>
    <Cell><Data ss:Type="Number">0.48</Data></Cell>
    <Cell><Data ss:Type="Number">-9.56</Data></Cell>
    <Cell><Data ss:Type="Number">-0.66</Data></Cell>
    <Cell><Data ss:Type="Number">-0.68</Data></Cell>
    <Cell><Data ss:Type="Number">21.9</Data></Cell>
    <Cell><Data ss:Type="Number">40.700000000000003</Data></Cell>
    <Cell><Data ss:Type="Number">0</Data></Cell>
    <Cell><Data ss:Type="Number">0</Data></Cell>
    <Cell><Data ss:Type="String">2023-12-07 15:36:56.726106</Data></Cell>
   </Row>
   <Row>
    <Cell><Data ss:Type="String">401</Data></Cell>
    <Cell><Data ss:Type="Number">-0.12</Data></Cell>
    <Cell><Data ss:Type="Number">-10.4</Data></Cell>
    <Cell><Data ss:Type="Number">7.0000000000000007E-2</Data></Cell>
    <Cell><Data ss:Type="Number">-9.59</Data></Cell>
    <Cell><Data ss:Type="Number">-0.02</Data></Cell>
    <Cell><Data ss:Type="Number">-0.91</Data></Cell>
    <Cell><Data ss:Type="Number">21.9</Data></Cell>
    <Cell><Data ss:Type="Number">40.700000000000003</Data></Cell>
    <Cell><Data ss:Type="Number">0</Data></Cell>
    <Cell><Data ss:Type="Number">0</Data></Cell>
    <Cell><Data ss:Type="String">2023-12-07 15:36:56.724161</Data></Cell>
   </Row>
   <Row>
    <Cell><Data ss:Type="String">400</Data></Cell>
    <Cell><Data ss:Type="Number">-1.59</Data></Cell>
    <Cell><Data ss:Type="Number">-10.199999999999999</Data></Cell>
    <Cell><Data ss:Type="Number">-0.77</Data></Cell>
    <Cell><Data ss:Type="Number">-9.6300000000000008</Data></Cell>
    <Cell><Data ss:Type="Number">0.86</Data></Cell>
    <Cell><Data ss:Type="Number">-1.07</Data></Cell>
    <Cell><Data ss:Type="Number">21.9</Data></Cell>
    <Cell><Data ss:Type="Number">40.700000000000003</Data></Cell>
    <Cell><Data ss:Type="Number">0</Data></Cell>
    <Cell><Data ss:Type="Number">0</Data></Cell>
    <Cell><Data ss:Type="String">2023-12-07 15:36:56.681566</Data></Cell>
   </Row>
   <Row>
    <Cell><Data ss:Type="String">399</Data></Cell>
    <Cell><Data ss:Type="Number">2.4300000000000002</Data></Cell>
    <Cell><Data ss:Type="Number">-9.36</Data></Cell>
    <Cell><Data ss:Type="Number">1.08</Data></Cell>
    <Cell><Data ss:Type="Number">-9.43</Data></Cell>
    <Cell><Data ss:Type="Number">-0.57999999999999996</Data></Cell>
    <Cell><Data ss:Type="Number">-0.72</Data></Cell>
    <Cell><Data ss:Type="Number">21.9</Data></Cell>
    <Cell><Data ss:Type="Number">40.700000000000003</Data></Cell>
    <Cell><Data ss:Type="Number">0</Data></Cell>
    <Cell><Data ss:Type="Number">0</Data></Cell>
    <Cell><Data ss:Type="String">2023-12-07 15:36:56.633745</Data></Cell>
   </Row>
   <Row>
    <Cell><Data ss:Type="String">398</Data></Cell>
    <Cell><Data ss:Type="Number">-1.62</Data></Cell>
    <Cell><Data ss:Type="Number">-12.39</Data></Cell>
    <Cell><Data ss:Type="Number">-1.63</Data></Cell>
    <Cell><Data ss:Type="Number">-10.75</Data></Cell>
    <Cell><Data ss:Type="Number">1.97</Data></Cell>
    <Cell><Data ss:Type="Number">-1.76</Data></Cell>
    <Cell><Data ss:Type="Number">21.9</Data></Cell>
    <Cell><Data ss:Type="Number">40.700000000000003</Data></Cell>
    <Cell><Data ss:Type="Number">0</Data></Cell>
    <Cell><Data ss:Type="Number">0</Data></Cell>
    <Cell><Data ss:Type="String">2023-12-07 15:36:56.573967</Data></Cell>
   </Row>
   <Row>
    <Cell><Data ss:Type="String">397</Data></Cell>
    <Cell><Data ss:Type="Number">0.25</Data></Cell>
    <Cell><Data ss:Type="Number">-10.24</Data></Cell>
    <Cell><Data ss:Type="Number">0.22</Data></Cell>
    <Cell><Data ss:Type="Number">-9.5399999999999991</Data></Cell>
    <Cell><Data ss:Type="Number">-7.0000000000000007E-2</Data></Cell>
    <Cell><Data ss:Type="Number">-0.86</Data></Cell>
    <Cell><Data ss:Type="Number">21.9</Data></Cell>
    <Cell><Data ss:Type="Number">40.700000000000003</Data></Cell>
    <Cell><Data ss:Type="Number">0</Data></Cell>
    <Cell><Data ss:Type="Number">0</Data></Cell>
    <Cell><Data ss:Type="String">2023-12-07 15:36:56.545848</Data></Cell>
   </Row>
   <Row>
    <Cell><Data ss:Type="String">396</Data></Cell>
    <Cell><Data ss:Type="Number">0.25</Data></Cell>
    <Cell><Data ss:Type="Number">-10.16</Data></Cell>
    <Cell><Data ss:Type="Number">0.17</Data></Cell>
    <Cell><Data ss:Type="Number">-9.48</Data></Cell>
    <Cell><Data ss:Type="Number">-0.06</Data></Cell>
    <Cell><Data ss:Type="Number">-0.9</Data></Cell>
    <Cell><Data ss:Type="Number">21.9</Data></Cell>
    <Cell><Data ss:Type="Number">40.700000000000003</Data></Cell>
    <Cell><Data ss:Type="Number">0</Data></Cell>
    <Cell><Data ss:Type="Number">0</Data></Cell>
    <Cell><Data ss:Type="String">2023-12-07 15:36:56.543440</Data></Cell>
   </Row>
   <Row>
    <Cell><Data ss:Type="String">395</Data></Cell>
    <Cell><Data ss:Type="Number">0.28999999999999998</Data></Cell>
    <Cell><Data ss:Type="Number">-10.039999999999999</Data></Cell>
    <Cell><Data ss:Type="Number">0.12</Data></Cell>
    <Cell><Data ss:Type="Number">-9.42</Data></Cell>
    <Cell><Data ss:Type="Number">-0.09</Data></Cell>
    <Cell><Data ss:Type="Number">-0.93</Data></Cell>
    <Cell><Data ss:Type="Number">21.9</Data></Cell>
    <Cell><Data ss:Type="Number">40.700000000000003</Data></Cell>
    <Cell><Data ss:Type="Number">0</Data></Cell>
    <Cell><Data ss:Type="Number">0</Data></Cell>
    <Cell><Data ss:Type="String">2023-12-07 15:36:56.541235</Data></Cell>
   </Row>
   <Row>
    <Cell><Data ss:Type="String">394</Data></Cell>
    <Cell><Data ss:Type="Number">0.34</Data></Cell>
    <Cell><Data ss:Type="Number">-10</Data></Cell>
    <Cell><Data ss:Type="Number">0.1</Data></Cell>
    <Cell><Data ss:Type="Number">-9.4499999999999993</Data></Cell>
    <Cell><Data ss:Type="Number">-7.0000000000000007E-2</Data></Cell>
    <Cell><Data ss:Type="Number">-0.92</Data></Cell>
    <Cell><Data ss:Type="Number">21.9</Data></Cell>
    <Cell><Data ss:Type="Number">40.700000000000003</Data></Cell>
    <Cell><Data ss:Type="Number">0</Data></Cell>
    <Cell><Data ss:Type="Number">0</Data></Cell>
    <Cell><Data ss:Type="String">2023-12-07 15:36:56.491356</Data></Cell>
   </Row>
   <Row>
    <Cell><Data ss:Type="String">393</Data></Cell>
    <Cell><Data ss:Type="Number">0.3</Data></Cell>
    <Cell><Data ss:Type="Number">-10.09</Data></Cell>
    <Cell><Data ss:Type="Number">0.11</Data></Cell>
    <Cell><Data ss:Type="Number">-9.48</Data></Cell>
    <Cell><Data ss:Type="Number">-0.09</Data></Cell>
    <Cell><Data ss:Type="Number">-0.9</Data></Cell>
    <Cell><Data ss:Type="Number">21.9</Data></Cell>
    <Cell><Data ss:Type="Number">40.700000000000003</Data></Cell>
    <Cell><Data ss:Type="Number">0</Data></Cell>
    <Cell><Data ss:Type="Number">0</Data></Cell>
    <Cell><Data ss:Type="String">2023-12-07 15:36:56.418125</Data></Cell>
   </Row>
   <Row>
    <Cell><Data ss:Type="String">392</Data></Cell>
    <Cell><Data ss:Type="Number">0.3</Data></Cell>
    <Cell><Data ss:Type="Number">-10.19</Data></Cell>
    <Cell><Data ss:Type="Number">0.19</Data></Cell>
    <Cell><Data ss:Type="Number">-9.5399999999999991</Data></Cell>
    <Cell><Data ss:Type="Number">-0.08</Data></Cell>
    <Cell><Data ss:Type="Number">-0.89</Data></Cell>
    <Cell><Data ss:Type="Number">21.9</Data></Cell>
    <Cell><Data ss:Type="Number">40.700000000000003</Data></Cell>
    <Cell><Data ss:Type="Number">0</Data></Cell>
    <Cell><Data ss:Type="Number">0</Data></Cell>
    <Cell><Data ss:Type="String">2023-12-07 15:36:56.376567</Data></Cell>
   </Row>
   <Row>
    <Cell><Data ss:Type="String">391</Data></Cell>
    <Cell><Data ss:Type="Number">0.23</Data></Cell>
    <Cell><Data ss:Type="Number">-10.1</Data></Cell>
    <Cell><Data ss:Type="Number">0.14000000000000001</Data></Cell>
    <Cell><Data ss:Type="Number">-9.49</Data></Cell>
    <Cell><Data ss:Type="Number">-0.05</Data></Cell>
    <Cell><Data ss:Type="Number">-0.89</Data></Cell>
    <Cell><Data ss:Type="Number">21.9</Data></Cell>
    <Cell><Data ss:Type="Number">40.700000000000003</Data></Cell>
    <Cell><Data ss:Type="Number">0</Data></Cell>
    <Cell><Data ss:Type="Number">0</Data></Cell>
    <Cell><Data ss:Type="String">2023-12-07 15:36:56.374443</Data></Cell>
   </Row>
   <Row>
    <Cell><Data ss:Type="String">390</Data></Cell>
    <Cell><Data ss:Type="Number">0.26</Data></Cell>
    <Cell><Data ss:Type="Number">-10.01</Data></Cell>
    <Cell><Data ss:Type="Number">0.16</Data></Cell>
    <Cell><Data ss:Type="Number">-9.4</Data></Cell>
    <Cell><Data ss:Type="Number">-0.08</Data></Cell>
    <Cell><Data ss:Type="Number">-0.91</Data></Cell>
    <Cell><Data ss:Type="Number">21.9</Data></Cell>
    <Cell><Data ss:Type="Number">40.700000000000003</Data></Cell>
    <Cell><Data ss:Type="Number">0</Data></Cell>
    <Cell><Data ss:Type="Number">0</Data></Cell>
    <Cell><Data ss:Type="String">2023-12-07 15:36:56.326108</Data></Cell>
   </Row>
   <Row>
    <Cell><Data ss:Type="String">389</Data></Cell>
    <Cell><Data ss:Type="Number">0.32</Data></Cell>
    <Cell><Data ss:Type="Number">-9.89</Data></Cell>
    <Cell><Data ss:Type="Number">0.08</Data></Cell>
    <Cell><Data ss:Type="Number">-9.43</Data></Cell>
    <Cell><Data ss:Type="Number">-0.08</Data></Cell>
    <Cell><Data ss:Type="Number">-0.95</Data></Cell>
    <Cell><Data ss:Type="Number">21.9</Data></Cell>
    <Cell><Data ss:Type="Number">40.700000000000003</Data></Cell>
    <Cell><Data ss:Type="Number">0</Data></Cell>
    <Cell><Data ss:Type="Number">0</Data></Cell>
    <Cell><Data ss:Type="String">2023-12-07 15:36:56.283276</Data></Cell>
   </Row>
   <Row>
    <Cell><Data ss:Type="String">388</Data></Cell>
    <Cell><Data ss:Type="Number">0.34</Data></Cell>
    <Cell><Data ss:Type="Number">-10.119999999999999</Data></Cell>
    <Cell><Data ss:Type="Number">0.13</Data></Cell>
    <Cell><Data ss:Type="Number">-9.5299999999999994</Data></Cell>
    <Cell><Data ss:Type="Number">-0.08</Data></Cell>
    <Cell><Data ss:Type="Number">-0.89</Data></Cell>
    <Cell><Data ss:Type="Number">21.9</Data></Cell>
    <Cell><Data ss:Type="Number">40.700000000000003</Data></Cell>
    <Cell><Data ss:Type="Number">0</Data></Cell>
    <Cell><Data ss:Type="Number">0</Data></Cell>
    <Cell><Data ss:Type="String">2023-12-07 15:36:56.281346</Data></Cell>
   </Row>
   <Row>
    <Cell><Data ss:Type="String">387</Data></Cell>
    <Cell><Data ss:Type="Number">0.33</Data></Cell>
    <Cell><Data ss:Type="Number">-10.26</Data></Cell>
    <Cell><Data ss:Type="Number">0.14000000000000001</Data></Cell>
    <Cell><Data ss:Type="Number">-9.51</Data></Cell>
    <Cell><Data ss:Type="Number">-0.08</Data></Cell>
    <Cell><Data ss:Type="Number">-0.9</Data></Cell>
    <Cell><Data ss:Type="Number">21.9</Data></Cell>
    <Cell><Data ss:Type="Number">40.700000000000003</Data></Cell>
    <Cell><Data ss:Type="Number">0</Data></Cell>
    <Cell><Data ss:Type="Number">0</Data></Cell>
    <Cell><Data ss:Type="String">2023-12-07 15:36:56.233962</Data></Cell>
   </Row>
   <Row>
    <Cell><Data ss:Type="String">386</Data></Cell>
    <Cell><Data ss:Type="Number">0.26</Data></Cell>
    <Cell><Data ss:Type="Number">-10.039999999999999</Data></Cell>
    <Cell><Data ss:Type="Number">0.13</Data></Cell>
    <Cell><Data ss:Type="Number">-9.4499999999999993</Data></Cell>
    <Cell><Data ss:Type="Number">-7.0000000000000007E-2</Data></Cell>
    <Cell><Data ss:Type="Number">-0.93</Data></Cell>
    <Cell><Data ss:Type="Number">21.9</Data></Cell>
    <Cell><Data ss:Type="Number">40.700000000000003</Data></Cell>
    <Cell><Data ss:Type="Number">0</Data></Cell>
    <Cell><Data ss:Type="Number">0</Data></Cell>
    <Cell><Data ss:Type="String">2023-12-07 15:36:56.188568</Data></Cell>
   </Row>
   <Row>
    <Cell><Data ss:Type="String">385</Data></Cell>
    <Cell><Data ss:Type="Number">0.28000000000000003</Data></Cell>
    <Cell><Data ss:Type="Number">-9.9499999999999993</Data></Cell>
    <Cell><Data ss:Type="Number">7.0000000000000007E-2</Data></Cell>
    <Cell><Data ss:Type="Number">-9.42</Data></Cell>
    <Cell><Data ss:Type="Number">-0.05</Data></Cell>
    <Cell><Data ss:Type="Number">-0.94</Data></Cell>
    <Cell><Data ss:Type="Number">21.9</Data></Cell>
    <Cell><Data ss:Type="Number">40.700000000000003</Data></Cell>
    <Cell><Data ss:Type="Number">0</Data></Cell>
    <Cell><Data ss:Type="Number">0</Data></Cell>
    <Cell><Data ss:Type="String">2023-12-07 15:36:56.145309</Data></Cell>
   </Row>
   <Row>
    <Cell><Data ss:Type="String">384</Data></Cell>
    <Cell><Data ss:Type="Number">0.32</Data></Cell>
    <Cell><Data ss:Type="Number">-10.130000000000001</Data></Cell>
    <Cell><Data ss:Type="Number">0.13</Data></Cell>
    <Cell><Data ss:Type="Number">-9.5</Data></Cell>
    <Cell><Data ss:Type="Number">-0.09</Data></Cell>
    <Cell><Data ss:Type="Number">-0.92</Data></Cell>
    <Cell><Data ss:Type="Number">21.9</Data></Cell>
    <Cell><Data ss:Type="Number">40.700000000000003</Data></Cell>
    <Cell><Data ss:Type="Number">0</Data></Cell>
    <Cell><Data ss:Type="Number">0</Data></Cell>
    <Cell><Data ss:Type="String">2023-12-07 15:36:56.142616</Data></Cell>
   </Row>
   <Row>
    <Cell><Data ss:Type="String">383</Data></Cell>
    <Cell><Data ss:Type="Number">0.28999999999999998</Data></Cell>
    <Cell><Data ss:Type="Number">-10.210000000000001</Data></Cell>
    <Cell><Data ss:Type="Number">0.16</Data></Cell>
    <Cell><Data ss:Type="Number">-9.56</Data></Cell>
    <Cell><Data ss:Type="Number">-7.0000000000000007E-2</Data></Cell>
    <Cell><Data ss:Type="Number">-0.92</Data></Cell>
    <Cell><Data ss:Type="Number">21.9</Data></Cell>
    <Cell><Data ss:Type="Number">40.700000000000003</Data></Cell>
    <Cell><Data ss:Type="Number">0</Data></Cell>
    <Cell><Data ss:Type="Number">0</Data></Cell>
    <Cell><Data ss:Type="String">2023-12-07 15:36:56.108039</Data></Cell>
   </Row>
   <Row>
    <Cell><Data ss:Type="String">382</Data></Cell>
    <Cell><Data ss:Type="Number">0.26</Data></Cell>
    <Cell><Data ss:Type="Number">-10.23</Data></Cell>
    <Cell><Data ss:Type="Number">0.23</Data></Cell>
    <Cell><Data ss:Type="Number">-9.52</Data></Cell>
    <Cell><Data ss:Type="Number">-7.0000000000000007E-2</Data></Cell>
    <Cell><Data ss:Type="Number">-0.9</Data></Cell>
    <Cell><Data ss:Type="Number">21.9</Data></Cell>
    <Cell><Data ss:Type="Number">40.700000000000003</Data></Cell>
    <Cell><Data ss:Type="Number">0</Data></Cell>
    <Cell><Data ss:Type="Number">0</Data></Cell>
    <Cell><Data ss:Type="String">2023-12-07 15:36:56.106452</Data></Cell>
   </Row>
   <Row>
    <Cell><Data ss:Type="String">381</Data></Cell>
    <Cell><Data ss:Type="Number">0.3</Data></Cell>
    <Cell><Data ss:Type="Number">-10.119999999999999</Data></Cell>
    <Cell><Data ss:Type="Number">0.24</Data></Cell>
    <Cell><Data ss:Type="Number">-9.42</Data></Cell>
    <Cell><Data ss:Type="Number">-0.05</Data></Cell>
    <Cell><Data ss:Type="Number">-0.92</Data></Cell>
    <Cell><Data ss:Type="Number">21.9</Data></Cell>
    <Cell><Data ss:Type="Number">40.700000000000003</Data></Cell>
    <Cell><Data ss:Type="Number">0</Data></Cell>
    <Cell><Data ss:Type="Number">0</Data></Cell>
    <Cell><Data ss:Type="String">2023-12-07 15:36:56.104836</Data></Cell>
   </Row>
   <Row>
    <Cell><Data ss:Type="String">380</Data></Cell>
    <Cell><Data ss:Type="Number">0.27</Data></Cell>
    <Cell><Data ss:Type="Number">-9.93</Data></Cell>
    <Cell><Data ss:Type="Number">0.16</Data></Cell>
    <Cell><Data ss:Type="Number">-9.41</Data></Cell>
    <Cell><Data ss:Type="Number">-0.08</Data></Cell>
    <Cell><Data ss:Type="Number">-0.92</Data></Cell>
    <Cell><Data ss:Type="Number">21.9</Data></Cell>
    <Cell><Data ss:Type="Number">40.700000000000003</Data></Cell>
    <Cell><Data ss:Type="Number">0</Data></Cell>
    <Cell><Data ss:Type="Number">0</Data></Cell>
    <Cell><Data ss:Type="String">2023-12-07 15:36:56.103329</Data></Cell>
   </Row>
   <Row>
    <Cell><Data ss:Type="String">379</Data></Cell>
    <Cell><Data ss:Type="Number">0.27</Data></Cell>
    <Cell><Data ss:Type="Number">-9.9499999999999993</Data></Cell>
    <Cell><Data ss:Type="Number">0.06</Data></Cell>
    <Cell><Data ss:Type="Number">-9.4700000000000006</Data></Cell>
    <Cell><Data ss:Type="Number">-0.09</Data></Cell>
    <Cell><Data ss:Type="Number">-0.94</Data></Cell>
    <Cell><Data ss:Type="Number">21.9</Data></Cell>
    <Cell><Data ss:Type="Number">40.700000000000003</Data></Cell>
    <Cell><Data ss:Type="Number">0</Data></Cell>
    <Cell><Data ss:Type="Number">0</Data></Cell>
    <Cell><Data ss:Type="String">2023-12-07 15:36:56.101461</Data></Cell>
   </Row>
   <Row>
    <Cell><Data ss:Type="String">378</Data></Cell>
    <Cell><Data ss:Type="Number">0.27</Data></Cell>
    <Cell><Data ss:Type="Number">-10.07</Data></Cell>
    <Cell><Data ss:Type="Number">0.15</Data></Cell>
    <Cell><Data ss:Type="Number">-9.52</Data></Cell>
    <Cell><Data ss:Type="Number">-7.0000000000000007E-2</Data></Cell>
    <Cell><Data ss:Type="Number">-0.93</Data></Cell>
    <Cell><Data ss:Type="Number">21.9</Data></Cell>
    <Cell><Data ss:Type="Number">40.700000000000003</Data></Cell>
    <Cell><Data ss:Type="Number">0</Data></Cell>
    <Cell><Data ss:Type="Number">0</Data></Cell>
    <Cell><Data ss:Type="String">2023-12-07 15:36:56.099693</Data></Cell>
   </Row>
   <Row>
    <Cell><Data ss:Type="String">377</Data></Cell>
    <Cell><Data ss:Type="Number">0.26</Data></Cell>
    <Cell><Data ss:Type="Number">-10.23</Data></Cell>
    <Cell><Data ss:Type="Number">0.17</Data></Cell>
    <Cell><Data ss:Type="Number">-9.5299999999999994</Data></Cell>
    <Cell><Data ss:Type="Number">-0.06</Data></Cell>
    <Cell><Data ss:Type="Number">-0.9</Data></Cell>
    <Cell><Data ss:Type="Number">21.9</Data></Cell>
    <Cell><Data ss:Type="Number">40.700000000000003</Data></Cell>
    <Cell><Data ss:Type="Number">0</Data></Cell>
    <Cell><Data ss:Type="Number">0</Data></Cell>
    <Cell><Data ss:Type="String">2023-12-07 15:36:56.094973</Data></Cell>
   </Row>
   <Row>
    <Cell><Data ss:Type="String">376</Data></Cell>
    <Cell><Data ss:Type="Number">0.25</Data></Cell>
    <Cell><Data ss:Type="Number">-10.119999999999999</Data></Cell>
    <Cell><Data ss:Type="Number">0.14000000000000001</Data></Cell>
    <Cell><Data ss:Type="Number">-9.4700000000000006</Data></Cell>
    <Cell><Data ss:Type="Number">-0.05</Data></Cell>
    <Cell><Data ss:Type="Number">-0.87</Data></Cell>
    <Cell><Data ss:Type="Number">21.9</Data></Cell>
    <Cell><Data ss:Type="Number">40.700000000000003</Data></Cell>
    <Cell><Data ss:Type="Number">0</Data></Cell>
    <Cell><Data ss:Type="Number">0</Data></Cell>
    <Cell><Data ss:Type="String">2023-12-07 15:36:55.866103</Data></Cell>
   </Row>
   <Row>
    <Cell><Data ss:Type="String">375</Data></Cell>
    <Cell><Data ss:Type="Number">0.25</Data></Cell>
    <Cell><Data ss:Type="Number">-9.9700000000000006</Data></Cell>
    <Cell><Data ss:Type="Number">-0.01</Data></Cell>
    <Cell><Data ss:Type="Number">-9.49</Data></Cell>
    <Cell><Data ss:Type="Number">-0.06</Data></Cell>
    <Cell><Data ss:Type="Number">-0.9</Data></Cell>
    <Cell><Data ss:Type="Number">21.9</Data></Cell>
    <Cell><Data ss:Type="Number">40.700000000000003</Data></Cell>
    <Cell><Data ss:Type="Number">0</Data></Cell>
    <Cell><Data ss:Type="Number">0</Data></Cell>
    <Cell><Data ss:Type="String">2023-12-07 15:36:55.864422</Data></Cell>
   </Row>
   <Row>
    <Cell><Data ss:Type="String">374</Data></Cell>
    <Cell><Data ss:Type="Number">0.33</Data></Cell>
    <Cell><Data ss:Type="Number">-10.19</Data></Cell>
    <Cell><Data ss:Type="Number">0.16</Data></Cell>
    <Cell><Data ss:Type="Number">-9.5500000000000007</Data></Cell>
    <Cell><Data ss:Type="Number">-0.09</Data></Cell>
    <Cell><Data ss:Type="Number">-0.89</Data></Cell>
    <Cell><Data ss:Type="Number">21.9</Data></Cell>
    <Cell><Data ss:Type="Number">40.700000000000003</Data></Cell>
    <Cell><Data ss:Type="Number">0</Data></Cell>
    <Cell><Data ss:Type="Number">0</Data></Cell>
    <Cell><Data ss:Type="String">2023-12-07 15:36:55.795611</Data></Cell>
   </Row>
   <Row>
    <Cell><Data ss:Type="String">373</Data></Cell>
    <Cell><Data ss:Type="Number">0.28999999999999998</Data></Cell>
    <Cell><Data ss:Type="Number">-10.199999999999999</Data></Cell>
    <Cell><Data ss:Type="Number">0.17</Data></Cell>
    <Cell><Data ss:Type="Number">-9.51</Data></Cell>
    <Cell><Data ss:Type="Number">-0.06</Data></Cell>
    <Cell><Data ss:Type="Number">-0.91</Data></Cell>
    <Cell><Data ss:Type="Number">21.9</Data></Cell>
    <Cell><Data ss:Type="Number">40.700000000000003</Data></Cell>
    <Cell><Data ss:Type="Number">0</Data></Cell>
    <Cell><Data ss:Type="Number">0</Data></Cell>
    <Cell><Data ss:Type="String">2023-12-07 15:36:55.749320</Data></Cell>
   </Row>
   <Row>
    <Cell><Data ss:Type="String">372</Data></Cell>
    <Cell><Data ss:Type="Number">0.27</Data></Cell>
    <Cell><Data ss:Type="Number">-10.130000000000001</Data></Cell>
    <Cell><Data ss:Type="Number">0.14000000000000001</Data></Cell>
    <Cell><Data ss:Type="Number">-9.44</Data></Cell>
    <Cell><Data ss:Type="Number">-7.0000000000000007E-2</Data></Cell>
    <Cell><Data ss:Type="Number">-0.92</Data></Cell>
    <Cell><Data ss:Type="Number">21.9</Data></Cell>
    <Cell><Data ss:Type="Number">40.700000000000003</Data></Cell>
    <Cell><Data ss:Type="Number">0</Data></Cell>
    <Cell><Data ss:Type="Number">0</Data></Cell>
    <Cell><Data ss:Type="String">2023-12-07 15:36:55.747559</Data></Cell>
   </Row>
   <Row>
    <Cell><Data ss:Type="String">371</Data></Cell>
    <Cell><Data ss:Type="Number">0.31</Data></Cell>
    <Cell><Data ss:Type="Number">-9.92</Data></Cell>
    <Cell><Data ss:Type="Number">0.09</Data></Cell>
    <Cell><Data ss:Type="Number">-9.42</Data></Cell>
    <Cell><Data ss:Type="Number">-7.0000000000000007E-2</Data></Cell>
    <Cell><Data ss:Type="Number">-0.96</Data></Cell>
    <Cell><Data ss:Type="Number">21.9</Data></Cell>
    <Cell><Data ss:Type="Number">40.700000000000003</Data></Cell>
    <Cell><Data ss:Type="Number">0</Data></Cell>
    <Cell><Data ss:Type="Number">0</Data></Cell>
    <Cell><Data ss:Type="String">2023-12-07 15:36:55.701482</Data></Cell>
   </Row>
   <Row>
    <Cell><Data ss:Type="String">370</Data></Cell>
    <Cell><Data ss:Type="Number">0.36</Data></Cell>
    <Cell><Data ss:Type="Number">-10.1</Data></Cell>
    <Cell><Data ss:Type="Number">0.14000000000000001</Data></Cell>
    <Cell><Data ss:Type="Number">-9.49</Data></Cell>
    <Cell><Data ss:Type="Number">-7.0000000000000007E-2</Data></Cell>
    <Cell><Data ss:Type="Number">-0.89</Data></Cell>
    <Cell><Data ss:Type="Number">21.9</Data></Cell>
    <Cell><Data ss:Type="Number">40.700000000000003</Data></Cell>
    <Cell><Data ss:Type="Number">0</Data></Cell>
    <Cell><Data ss:Type="Number">0</Data></Cell>
    <Cell><Data ss:Type="String">2023-12-07 15:36:55.657408</Data></Cell>
   </Row>
   <Row>
    <Cell><Data ss:Type="String">369</Data></Cell>
    <Cell><Data ss:Type="Number">0.27</Data></Cell>
    <Cell><Data ss:Type="Number">-10.14</Data></Cell>
    <Cell><Data ss:Type="Number">0.19</Data></Cell>
    <Cell><Data ss:Type="Number">-9.5500000000000007</Data></Cell>
    <Cell><Data ss:Type="Number">-7.0000000000000007E-2</Data></Cell>
    <Cell><Data ss:Type="Number">-0.91</Data></Cell>
    <Cell><Data ss:Type="Number">21.9</Data></Cell>
    <Cell><Data ss:Type="Number">40.700000000000003</Data></Cell>
    <Cell><Data ss:Type="Number">0</Data></Cell>
    <Cell><Data ss:Type="Number">0</Data></Cell>
    <Cell><Data ss:Type="String">2023-12-07 15:36:55.611550</Data></Cell>
   </Row>
   <Row>
    <Cell><Data ss:Type="String">368</Data></Cell>
    <Cell><Data ss:Type="Number">0.27</Data></Cell>
    <Cell><Data ss:Type="Number">-10.130000000000001</Data></Cell>
    <Cell><Data ss:Type="Number">0.19</Data></Cell>
    <Cell><Data ss:Type="Number">-9.4600000000000009</Data></Cell>
    <Cell><Data ss:Type="Number">-0.04</Data></Cell>
    <Cell><Data ss:Type="Number">-0.93</Data></Cell>
    <Cell><Data ss:Type="Number">21.9</Data></Cell>
    <Cell><Data ss:Type="Number">40.700000000000003</Data></Cell>
    <Cell><Data ss:Type="Number">0</Data></Cell>
    <Cell><Data ss:Type="Number">0</Data></Cell>
    <Cell><Data ss:Type="String">2023-12-07 15:36:55.609024</Data></Cell>
   </Row>
   <Row>
    <Cell><Data ss:Type="String">367</Data></Cell>
    <Cell><Data ss:Type="Number">0.3</Data></Cell>
    <Cell><Data ss:Type="Number">-9.9700000000000006</Data></Cell>
    <Cell><Data ss:Type="Number">0.2</Data></Cell>
    <Cell><Data ss:Type="Number">-9.4</Data></Cell>
    <Cell><Data ss:Type="Number">-0.08</Data></Cell>
    <Cell><Data ss:Type="Number">-0.92</Data></Cell>
    <Cell><Data ss:Type="Number">21.9</Data></Cell>
    <Cell><Data ss:Type="Number">40.700000000000003</Data></Cell>
    <Cell><Data ss:Type="Number">0</Data></Cell>
    <Cell><Data ss:Type="Number">0</Data></Cell>
    <Cell><Data ss:Type="String">2023-12-07 15:36:55.566166</Data></Cell>
   </Row>
   <Row>
    <Cell><Data ss:Type="String">366</Data></Cell>
    <Cell><Data ss:Type="Number">0.36</Data></Cell>
    <Cell><Data ss:Type="Number">-10.01</Data></Cell>
    <Cell><Data ss:Type="Number">0.12</Data></Cell>
    <Cell><Data ss:Type="Number">-9.43</Data></Cell>
    <Cell><Data ss:Type="Number">-0.08</Data></Cell>
    <Cell><Data ss:Type="Number">-0.94</Data></Cell>
    <Cell><Data ss:Type="Number">21.9</Data></Cell>
    <Cell><Data ss:Type="Number">40.700000000000003</Data></Cell>
    <Cell><Data ss:Type="Number">0</Data></Cell>
    <Cell><Data ss:Type="Number">0</Data></Cell>
    <Cell><Data ss:Type="String">2023-12-07 15:36:55.564426</Data></Cell>
   </Row>
   <Row>
    <Cell><Data ss:Type="String">365</Data></Cell>
    <Cell><Data ss:Type="Number">0.32</Data></Cell>
    <Cell><Data ss:Type="Number">-10.1</Data></Cell>
    <Cell><Data ss:Type="Number">0.2</Data></Cell>
    <Cell><Data ss:Type="Number">-9.49</Data></Cell>
    <Cell><Data ss:Type="Number">-7.0000000000000007E-2</Data></Cell>
    <Cell><Data ss:Type="Number">-0.88</Data></Cell>
    <Cell><Data ss:Type="Number">21.9</Data></Cell>
    <Cell><Data ss:Type="Number">40.700000000000003</Data></Cell>
    <Cell><Data ss:Type="Number">0</Data></Cell>
    <Cell><Data ss:Type="Number">0</Data></Cell>
    <Cell><Data ss:Type="String">2023-12-07 15:36:55.561642</Data></Cell>
   </Row>
   <Row>
    <Cell><Data ss:Type="String">364</Data></Cell>
    <Cell><Data ss:Type="Number">0.25</Data></Cell>
    <Cell><Data ss:Type="Number">-10.199999999999999</Data></Cell>
    <Cell><Data ss:Type="Number">0.19</Data></Cell>
    <Cell><Data ss:Type="Number">-9.5500000000000007</Data></Cell>
    <Cell><Data ss:Type="Number">-0.1</Data></Cell>
    <Cell><Data ss:Type="Number">-0.88</Data></Cell>
    <Cell><Data ss:Type="Number">21.9</Data></Cell>
    <Cell><Data ss:Type="Number">40.700000000000003</Data></Cell>
    <Cell><Data ss:Type="Number">0</Data></Cell>
    <Cell><Data ss:Type="Number">0</Data></Cell>
    <Cell><Data ss:Type="String">2023-12-07 15:36:55.559211</Data></Cell>
   </Row>
   <Row>
    <Cell><Data ss:Type="String">363</Data></Cell>
    <Cell><Data ss:Type="Number">0.27</Data></Cell>
    <Cell><Data ss:Type="Number">-10.08</Data></Cell>
    <Cell><Data ss:Type="Number">0.13</Data></Cell>
    <Cell><Data ss:Type="Number">-9.5</Data></Cell>
    <Cell><Data ss:Type="Number">-0.09</Data></Cell>
    <Cell><Data ss:Type="Number">-0.91</Data></Cell>
    <Cell><Data ss:Type="Number">21.9</Data></Cell>
    <Cell><Data ss:Type="Number">40.700000000000003</Data></Cell>
    <Cell><Data ss:Type="Number">0</Data></Cell>
    <Cell><Data ss:Type="Number">0</Data></Cell>
    <Cell><Data ss:Type="String">2023-12-07 15:36:55.556824</Data></Cell>
   </Row>
   <Row>
    <Cell><Data ss:Type="String">362</Data></Cell>
    <Cell><Data ss:Type="Number">0.31</Data></Cell>
    <Cell><Data ss:Type="Number">-10.17</Data></Cell>
    <Cell><Data ss:Type="Number">0.15</Data></Cell>
    <Cell><Data ss:Type="Number">-9.52</Data></Cell>
    <Cell><Data ss:Type="Number">-0.09</Data></Cell>
    <Cell><Data ss:Type="Number">-0.91</Data></Cell>
    <Cell><Data ss:Type="Number">21.9</Data></Cell>
    <Cell><Data ss:Type="Number">40.700000000000003</Data></Cell>
    <Cell><Data ss:Type="Number">0</Data></Cell>
    <Cell><Data ss:Type="Number">0</Data></Cell>
    <Cell><Data ss:Type="String">2023-12-07 15:36:55.380865</Data></Cell>
   </Row>
   <Row>
    <Cell><Data ss:Type="String">361</Data></Cell>
    <Cell><Data ss:Type="Number">0.31</Data></Cell>
    <Cell><Data ss:Type="Number">-10.24</Data></Cell>
    <Cell><Data ss:Type="Number">0.22</Data></Cell>
    <Cell><Data ss:Type="Number">-9.5</Data></Cell>
    <Cell><Data ss:Type="Number">-0.06</Data></Cell>
    <Cell><Data ss:Type="Number">-0.89</Data></Cell>
    <Cell><Data ss:Type="Number">21.9</Data></Cell>
    <Cell><Data ss:Type="Number">40.700000000000003</Data></Cell>
    <Cell><Data ss:Type="Number">0</Data></Cell>
    <Cell><Data ss:Type="Number">0</Data></Cell>
    <Cell><Data ss:Type="String">2023-12-07 15:36:55.378559</Data></Cell>
   </Row>
   <Row>
    <Cell><Data ss:Type="String">360</Data></Cell>
    <Cell><Data ss:Type="Number">0.25</Data></Cell>
    <Cell><Data ss:Type="Number">-10</Data></Cell>
    <Cell><Data ss:Type="Number">0.09</Data></Cell>
    <Cell><Data ss:Type="Number">-9.44</Data></Cell>
    <Cell><Data ss:Type="Number">-0.05</Data></Cell>
    <Cell><Data ss:Type="Number">-0.92</Data></Cell>
    <Cell><Data ss:Type="Number">21.9</Data></Cell>
    <Cell><Data ss:Type="Number">40.700000000000003</Data></Cell>
    <Cell><Data ss:Type="Number">0</Data></Cell>
    <Cell><Data ss:Type="Number">0</Data></Cell>
    <Cell><Data ss:Type="String">2023-12-07 15:36:55.332111</Data></Cell>
   </Row>
   <Row>
    <Cell><Data ss:Type="String">359</Data></Cell>
    <Cell><Data ss:Type="Number">0.28000000000000003</Data></Cell>
    <Cell><Data ss:Type="Number">-9.9600000000000009</Data></Cell>
    <Cell><Data ss:Type="Number">0.13</Data></Cell>
    <Cell><Data ss:Type="Number">-9.4499999999999993</Data></Cell>
    <Cell><Data ss:Type="Number">-7.0000000000000007E-2</Data></Cell>
    <Cell><Data ss:Type="Number">-0.89</Data></Cell>
    <Cell><Data ss:Type="Number">21.9</Data></Cell>
    <Cell><Data ss:Type="Number">40.700000000000003</Data></Cell>
    <Cell><Data ss:Type="Number">0</Data></Cell>
    <Cell><Data ss:Type="Number">0</Data></Cell>
    <Cell><Data ss:Type="String">2023-12-07 15:36:55.285970</Data></Cell>
   </Row>
   <Row>
    <Cell><Data ss:Type="String">358</Data></Cell>
    <Cell><Data ss:Type="Number">0.26</Data></Cell>
    <Cell><Data ss:Type="Number">-9.9499999999999993</Data></Cell>
    <Cell><Data ss:Type="Number">0.03</Data></Cell>
    <Cell><Data ss:Type="Number">-9.4600000000000009</Data></Cell>
    <Cell><Data ss:Type="Number">-0.06</Data></Cell>
    <Cell><Data ss:Type="Number">-0.94</Data></Cell>
    <Cell><Data ss:Type="Number">21.9</Data></Cell>
    <Cell><Data ss:Type="Number">40.700000000000003</Data></Cell>
    <Cell><Data ss:Type="Number">0</Data></Cell>
    <Cell><Data ss:Type="Number">0</Data></Cell>
    <Cell><Data ss:Type="String">2023-12-07 15:36:55.242975</Data></Cell>
   </Row>
   <Row>
    <Cell><Data ss:Type="String">357</Data></Cell>
    <Cell><Data ss:Type="Number">0.31</Data></Cell>
    <Cell><Data ss:Type="Number">-10.23</Data></Cell>
    <Cell><Data ss:Type="Number">0.15</Data></Cell>
    <Cell><Data ss:Type="Number">-9.51</Data></Cell>
    <Cell><Data ss:Type="Number">-0.05</Data></Cell>
    <Cell><Data ss:Type="Number">-0.89</Data></Cell>
    <Cell><Data ss:Type="Number">21.9</Data></Cell>
    <Cell><Data ss:Type="Number">40.700000000000003</Data></Cell>
    <Cell><Data ss:Type="Number">0</Data></Cell>
    <Cell><Data ss:Type="Number">0</Data></Cell>
    <Cell><Data ss:Type="String">2023-12-07 15:36:55.240812</Data></Cell>
   </Row>
   <Row>
    <Cell><Data ss:Type="String">356</Data></Cell>
    <Cell><Data ss:Type="Number">0.32</Data></Cell>
    <Cell><Data ss:Type="Number">-10.039999999999999</Data></Cell>
    <Cell><Data ss:Type="Number">0.17</Data></Cell>
    <Cell><Data ss:Type="Number">-9.48</Data></Cell>
    <Cell><Data ss:Type="Number">-0.06</Data></Cell>
    <Cell><Data ss:Type="Number">-0.88</Data></Cell>
    <Cell><Data ss:Type="Number">21.9</Data></Cell>
    <Cell><Data ss:Type="Number">40.700000000000003</Data></Cell>
    <Cell><Data ss:Type="Number">0</Data></Cell>
    <Cell><Data ss:Type="Number">0</Data></Cell>
    <Cell><Data ss:Type="String">2023-12-07 15:36:55.193866</Data></Cell>
   </Row>
   <Row>
    <Cell><Data ss:Type="String">355</Data></Cell>
    <Cell><Data ss:Type="Number">0.25</Data></Cell>
    <Cell><Data ss:Type="Number">-9.9700000000000006</Data></Cell>
    <Cell><Data ss:Type="Number">0.06</Data></Cell>
    <Cell><Data ss:Type="Number">-9.44</Data></Cell>
    <Cell><Data ss:Type="Number">-0.06</Data></Cell>
    <Cell><Data ss:Type="Number">-0.95</Data></Cell>
    <Cell><Data ss:Type="Number">21.9</Data></Cell>
    <Cell><Data ss:Type="Number">40.700000000000003</Data></Cell>
    <Cell><Data ss:Type="Number">0</Data></Cell>
    <Cell><Data ss:Type="Number">0</Data></Cell>
    <Cell><Data ss:Type="String">2023-12-07 15:36:55.146954</Data></Cell>
   </Row>
   <Row>
    <Cell><Data ss:Type="String">354</Data></Cell>
    <Cell><Data ss:Type="Number">0.3</Data></Cell>
    <Cell><Data ss:Type="Number">-9.9499999999999993</Data></Cell>
    <Cell><Data ss:Type="Number">0.1</Data></Cell>
    <Cell><Data ss:Type="Number">-9.4700000000000006</Data></Cell>
    <Cell><Data ss:Type="Number">-0.08</Data></Cell>
    <Cell><Data ss:Type="Number">-0.94</Data></Cell>
    <Cell><Data ss:Type="Number">21.9</Data></Cell>
    <Cell><Data ss:Type="Number">40.700000000000003</Data></Cell>
    <Cell><Data ss:Type="Number">0</Data></Cell>
    <Cell><Data ss:Type="Number">0</Data></Cell>
    <Cell><Data ss:Type="String">2023-12-07 15:36:55.102788</Data></Cell>
   </Row>
   <Row>
    <Cell><Data ss:Type="String">353</Data></Cell>
    <Cell><Data ss:Type="Number">0.33</Data></Cell>
    <Cell><Data ss:Type="Number">-10.26</Data></Cell>
    <Cell><Data ss:Type="Number">0.18</Data></Cell>
    <Cell><Data ss:Type="Number">-9.5500000000000007</Data></Cell>
    <Cell><Data ss:Type="Number">-0.09</Data></Cell>
    <Cell><Data ss:Type="Number">-0.94</Data></Cell>
    <Cell><Data ss:Type="Number">21.9</Data></Cell>
    <Cell><Data ss:Type="Number">40.700000000000003</Data></Cell>
    <Cell><Data ss:Type="Number">0</Data></Cell>
    <Cell><Data ss:Type="Number">0</Data></Cell>
    <Cell><Data ss:Type="String">2023-12-07 15:36:55.100969</Data></Cell>
   </Row>
   <Row>
    <Cell><Data ss:Type="String">352</Data></Cell>
    <Cell><Data ss:Type="Number">0.31</Data></Cell>
    <Cell><Data ss:Type="Number">-10.23</Data></Cell>
    <Cell><Data ss:Type="Number">0.2</Data></Cell>
    <Cell><Data ss:Type="Number">-9.5</Data></Cell>
    <Cell><Data ss:Type="Number">-0.06</Data></Cell>
    <Cell><Data ss:Type="Number">-0.92</Data></Cell>
    <Cell><Data ss:Type="Number">21.9</Data></Cell>
    <Cell><Data ss:Type="Number">40.700000000000003</Data></Cell>
    <Cell><Data ss:Type="Number">0</Data></Cell>
    <Cell><Data ss:Type="Number">0</Data></Cell>
    <Cell><Data ss:Type="String">2023-12-07 15:36:55.057462</Data></Cell>
   </Row>
   <Row>
    <Cell><Data ss:Type="String">351</Data></Cell>
    <Cell><Data ss:Type="Number">0.33</Data></Cell>
    <Cell><Data ss:Type="Number">-10.16</Data></Cell>
    <Cell><Data ss:Type="Number">0.22</Data></Cell>
    <Cell><Data ss:Type="Number">-9.44</Data></Cell>
    <Cell><Data ss:Type="Number">-7.0000000000000007E-2</Data></Cell>
    <Cell><Data ss:Type="Number">-0.91</Data></Cell>
    <Cell><Data ss:Type="Number">21.9</Data></Cell>
    <Cell><Data ss:Type="Number">40.700000000000003</Data></Cell>
    <Cell><Data ss:Type="Number">0</Data></Cell>
    <Cell><Data ss:Type="Number">0</Data></Cell>
    <Cell><Data ss:Type="String">2023-12-07 15:36:55.012488</Data></Cell>
   </Row>
   <Row>
    <Cell><Data ss:Type="String">350</Data></Cell>
    <Cell><Data ss:Type="Number">0.24</Data></Cell>
    <Cell><Data ss:Type="Number">-9.9</Data></Cell>
    <Cell><Data ss:Type="Number">0.08</Data></Cell>
    <Cell><Data ss:Type="Number">-9.42</Data></Cell>
    <Cell><Data ss:Type="Number">-7.0000000000000007E-2</Data></Cell>
    <Cell><Data ss:Type="Number">-0.92</Data></Cell>
    <Cell><Data ss:Type="Number">21.9</Data></Cell>
    <Cell><Data ss:Type="Number">40.700000000000003</Data></Cell>
    <Cell><Data ss:Type="Number">0</Data></Cell>
    <Cell><Data ss:Type="Number">0</Data></Cell>
    <Cell><Data ss:Type="String">2023-12-07 15:36:55.009102</Data></Cell>
   </Row>
   <Row>
    <Cell><Data ss:Type="String">349</Data></Cell>
    <Cell><Data ss:Type="Number">0.32</Data></Cell>
    <Cell><Data ss:Type="Number">-9.9499999999999993</Data></Cell>
    <Cell><Data ss:Type="Number">0.14000000000000001</Data></Cell>
    <Cell><Data ss:Type="Number">-9.5</Data></Cell>
    <Cell><Data ss:Type="Number">-0.1</Data></Cell>
    <Cell><Data ss:Type="Number">-0.91</Data></Cell>
    <Cell><Data ss:Type="Number">21.9</Data></Cell>
    <Cell><Data ss:Type="Number">40.700000000000003</Data></Cell>
    <Cell><Data ss:Type="Number">0</Data></Cell>
    <Cell><Data ss:Type="Number">0</Data></Cell>
    <Cell><Data ss:Type="String">2023-12-07 15:36:54.979352</Data></Cell>
   </Row>
   <Row>
    <Cell><Data ss:Type="String">348</Data></Cell>
    <Cell><Data ss:Type="Number">0.38</Data></Cell>
    <Cell><Data ss:Type="Number">-10.15</Data></Cell>
    <Cell><Data ss:Type="Number">0.09</Data></Cell>
    <Cell><Data ss:Type="Number">-9.57</Data></Cell>
    <Cell><Data ss:Type="Number">-0.09</Data></Cell>
    <Cell><Data ss:Type="Number">-0.88</Data></Cell>
    <Cell><Data ss:Type="Number">21.9</Data></Cell>
    <Cell><Data ss:Type="Number">40.700000000000003</Data></Cell>
    <Cell><Data ss:Type="Number">0</Data></Cell>
    <Cell><Data ss:Type="Number">0</Data></Cell>
    <Cell><Data ss:Type="String">2023-12-07 15:36:54.976586</Data></Cell>
   </Row>
   <Row>
    <Cell><Data ss:Type="String">347</Data></Cell>
    <Cell><Data ss:Type="Number">0.28000000000000003</Data></Cell>
    <Cell><Data ss:Type="Number">-10.14</Data></Cell>
    <Cell><Data ss:Type="Number">0.09</Data></Cell>
    <Cell><Data ss:Type="Number">-9.52</Data></Cell>
    <Cell><Data ss:Type="Number">-0.08</Data></Cell>
    <Cell><Data ss:Type="Number">-0.88</Data></Cell>
    <Cell><Data ss:Type="Number">21.9</Data></Cell>
    <Cell><Data ss:Type="Number">40.700000000000003</Data></Cell>
    <Cell><Data ss:Type="Number">0</Data></Cell>
    <Cell><Data ss:Type="Number">0</Data></Cell>
    <Cell><Data ss:Type="String">2023-12-07 15:36:54.974275</Data></Cell>
   </Row>
   <Row>
    <Cell><Data ss:Type="String">346</Data></Cell>
    <Cell><Data ss:Type="Number">0.26</Data></Cell>
    <Cell><Data ss:Type="Number">-10.08</Data></Cell>
    <Cell><Data ss:Type="Number">0.18</Data></Cell>
    <Cell><Data ss:Type="Number">-9.48</Data></Cell>
    <Cell><Data ss:Type="Number">-0.05</Data></Cell>
    <Cell><Data ss:Type="Number">-0.9</Data></Cell>
    <Cell><Data ss:Type="Number">21.9</Data></Cell>
    <Cell><Data ss:Type="Number">40.700000000000003</Data></Cell>
    <Cell><Data ss:Type="Number">0</Data></Cell>
    <Cell><Data ss:Type="Number">0</Data></Cell>
    <Cell><Data ss:Type="String">2023-12-07 15:36:54.972619</Data></Cell>
   </Row>
   <Row>
    <Cell><Data ss:Type="String">345</Data></Cell>
    <Cell><Data ss:Type="Number">0.26</Data></Cell>
    <Cell><Data ss:Type="Number">-9.99</Data></Cell>
    <Cell><Data ss:Type="Number">0.14000000000000001</Data></Cell>
    <Cell><Data ss:Type="Number">-9.42</Data></Cell>
    <Cell><Data ss:Type="Number">-0.08</Data></Cell>
    <Cell><Data ss:Type="Number">-0.94</Data></Cell>
    <Cell><Data ss:Type="Number">21.9</Data></Cell>
    <Cell><Data ss:Type="Number">40.700000000000003</Data></Cell>
    <Cell><Data ss:Type="Number">0</Data></Cell>
    <Cell><Data ss:Type="Number">0</Data></Cell>
    <Cell><Data ss:Type="String">2023-12-07 15:36:54.970859</Data></Cell>
   </Row>
   <Row>
    <Cell><Data ss:Type="String">344</Data></Cell>
    <Cell><Data ss:Type="Number">0.28999999999999998</Data></Cell>
    <Cell><Data ss:Type="Number">-9.94</Data></Cell>
    <Cell><Data ss:Type="Number">0.09</Data></Cell>
    <Cell><Data ss:Type="Number">-9.44</Data></Cell>
    <Cell><Data ss:Type="Number">-7.0000000000000007E-2</Data></Cell>
    <Cell><Data ss:Type="Number">-0.92</Data></Cell>
    <Cell><Data ss:Type="Number">21.9</Data></Cell>
    <Cell><Data ss:Type="Number">40.700000000000003</Data></Cell>
    <Cell><Data ss:Type="Number">0</Data></Cell>
    <Cell><Data ss:Type="Number">0</Data></Cell>
    <Cell><Data ss:Type="String">2023-12-07 15:36:54.969245</Data></Cell>
   </Row>
   <Row>
    <Cell><Data ss:Type="String">343</Data></Cell>
    <Cell><Data ss:Type="Number">0.34</Data></Cell>
    <Cell><Data ss:Type="Number">-9.9700000000000006</Data></Cell>
    <Cell><Data ss:Type="Number">0.03</Data></Cell>
    <Cell><Data ss:Type="Number">-9.51</Data></Cell>
    <Cell><Data ss:Type="Number">-0.1</Data></Cell>
    <Cell><Data ss:Type="Number">-0.92</Data></Cell>
    <Cell><Data ss:Type="Number">21.9</Data></Cell>
    <Cell><Data ss:Type="Number">40.700000000000003</Data></Cell>
    <Cell><Data ss:Type="Number">0</Data></Cell>
    <Cell><Data ss:Type="Number">0</Data></Cell>
    <Cell><Data ss:Type="String">2023-12-07 15:36:54.967666</Data></Cell>
   </Row>
   <Row>
    <Cell><Data ss:Type="String">342</Data></Cell>
    <Cell><Data ss:Type="Number">0.32</Data></Cell>
    <Cell><Data ss:Type="Number">-10.210000000000001</Data></Cell>
    <Cell><Data ss:Type="Number">0.25</Data></Cell>
    <Cell><Data ss:Type="Number">-9.5</Data></Cell>
    <Cell><Data ss:Type="Number">-7.0000000000000007E-2</Data></Cell>
    <Cell><Data ss:Type="Number">-0.88</Data></Cell>
    <Cell><Data ss:Type="Number">21.9</Data></Cell>
    <Cell><Data ss:Type="Number">40.700000000000003</Data></Cell>
    <Cell><Data ss:Type="Number">0</Data></Cell>
    <Cell><Data ss:Type="Number">0</Data></Cell>
    <Cell><Data ss:Type="String">2023-12-07 15:36:54.918354</Data></Cell>
   </Row>
   <Row>
    <Cell><Data ss:Type="String">341</Data></Cell>
    <Cell><Data ss:Type="Number">0.25</Data></Cell>
    <Cell><Data ss:Type="Number">-10.28</Data></Cell>
    <Cell><Data ss:Type="Number">0.17</Data></Cell>
    <Cell><Data ss:Type="Number">-9.5</Data></Cell>
    <Cell><Data ss:Type="Number">-0.08</Data></Cell>
    <Cell><Data ss:Type="Number">-0.9</Data></Cell>
    <Cell><Data ss:Type="Number">21.9</Data></Cell>
    <Cell><Data ss:Type="Number">40.700000000000003</Data></Cell>
    <Cell><Data ss:Type="Number">0</Data></Cell>
    <Cell><Data ss:Type="Number">0</Data></Cell>
    <Cell><Data ss:Type="String">2023-12-07 15:36:54.691466</Data></Cell>
   </Row>
   <Row>
    <Cell><Data ss:Type="String">340</Data></Cell>
    <Cell><Data ss:Type="Number">0.26</Data></Cell>
    <Cell><Data ss:Type="Number">-9.93</Data></Cell>
    <Cell><Data ss:Type="Number">0.12</Data></Cell>
    <Cell><Data ss:Type="Number">-9.41</Data></Cell>
    <Cell><Data ss:Type="Number">-0.09</Data></Cell>
    <Cell><Data ss:Type="Number">-0.97</Data></Cell>
    <Cell><Data ss:Type="Number">21.9</Data></Cell>
    <Cell><Data ss:Type="Number">40.700000000000003</Data></Cell>
    <Cell><Data ss:Type="Number">0</Data></Cell>
    <Cell><Data ss:Type="Number">0</Data></Cell>
    <Cell><Data ss:Type="String">2023-12-07 15:36:54.643081</Data></Cell>
   </Row>
   <Row>
    <Cell><Data ss:Type="String">339</Data></Cell>
    <Cell><Data ss:Type="Number">0.27</Data></Cell>
    <Cell><Data ss:Type="Number">-9.94</Data></Cell>
    <Cell><Data ss:Type="Number">0.08</Data></Cell>
    <Cell><Data ss:Type="Number">-9.4600000000000009</Data></Cell>
    <Cell><Data ss:Type="Number">-0.06</Data></Cell>
    <Cell><Data ss:Type="Number">-0.94</Data></Cell>
    <Cell><Data ss:Type="Number">21.9</Data></Cell>
    <Cell><Data ss:Type="Number">40.700000000000003</Data></Cell>
    <Cell><Data ss:Type="Number">0</Data></Cell>
    <Cell><Data ss:Type="Number">0</Data></Cell>
    <Cell><Data ss:Type="String">2023-12-07 15:36:54.640848</Data></Cell>
   </Row>
   <Row>
    <Cell><Data ss:Type="String">338</Data></Cell>
    <Cell><Data ss:Type="Number">0.33</Data></Cell>
    <Cell><Data ss:Type="Number">-10.27</Data></Cell>
    <Cell><Data ss:Type="Number">0.17</Data></Cell>
    <Cell><Data ss:Type="Number">-9.56</Data></Cell>
    <Cell><Data ss:Type="Number">-0.08</Data></Cell>
    <Cell><Data ss:Type="Number">-0.91</Data></Cell>
    <Cell><Data ss:Type="Number">21.9</Data></Cell>
    <Cell><Data ss:Type="Number">40.700000000000003</Data></Cell>
    <Cell><Data ss:Type="Number">0</Data></Cell>
    <Cell><Data ss:Type="Number">0</Data></Cell>
    <Cell><Data ss:Type="String">2023-12-07 15:36:54.595333</Data></Cell>
   </Row>
   <Row>
    <Cell><Data ss:Type="String">337</Data></Cell>
    <Cell><Data ss:Type="Number">0.45</Data></Cell>
    <Cell><Data ss:Type="Number">-10.16</Data></Cell>
    <Cell><Data ss:Type="Number">0.16</Data></Cell>
    <Cell><Data ss:Type="Number">-9.5</Data></Cell>
    <Cell><Data ss:Type="Number">-0.06</Data></Cell>
    <Cell><Data ss:Type="Number">-0.88</Data></Cell>
    <Cell><Data ss:Type="Number">21.9</Data></Cell>
    <Cell><Data ss:Type="Number">40.700000000000003</Data></Cell>
    <Cell><Data ss:Type="Number">0</Data></Cell>
    <Cell><Data ss:Type="Number">0</Data></Cell>
    <Cell><Data ss:Type="String">2023-12-07 15:36:54.549539</Data></Cell>
   </Row>
   <Row>
    <Cell><Data ss:Type="String">336</Data></Cell>
    <Cell><Data ss:Type="Number">0.32</Data></Cell>
    <Cell><Data ss:Type="Number">-9.99</Data></Cell>
    <Cell><Data ss:Type="Number">0.15</Data></Cell>
    <Cell><Data ss:Type="Number">-9.43</Data></Cell>
    <Cell><Data ss:Type="Number">-7.0000000000000007E-2</Data></Cell>
    <Cell><Data ss:Type="Number">-0.91</Data></Cell>
    <Cell><Data ss:Type="Number">21.9</Data></Cell>
    <Cell><Data ss:Type="Number">40.700000000000003</Data></Cell>
    <Cell><Data ss:Type="Number">0</Data></Cell>
    <Cell><Data ss:Type="Number">0</Data></Cell>
    <Cell><Data ss:Type="String">2023-12-07 15:36:54.547685</Data></Cell>
   </Row>
   <Row>
    <Cell><Data ss:Type="String">335</Data></Cell>
    <Cell><Data ss:Type="Number">0.3</Data></Cell>
    <Cell><Data ss:Type="Number">-9.9700000000000006</Data></Cell>
    <Cell><Data ss:Type="Number">0.08</Data></Cell>
    <Cell><Data ss:Type="Number">-9.42</Data></Cell>
    <Cell><Data ss:Type="Number">-0.08</Data></Cell>
    <Cell><Data ss:Type="Number">-0.95</Data></Cell>
    <Cell><Data ss:Type="Number">21.9</Data></Cell>
    <Cell><Data ss:Type="Number">40.700000000000003</Data></Cell>
    <Cell><Data ss:Type="Number">0</Data></Cell>
    <Cell><Data ss:Type="Number">0</Data></Cell>
    <Cell><Data ss:Type="String">2023-12-07 15:36:54.474699</Data></Cell>
   </Row>
   <Row>
    <Cell><Data ss:Type="String">334</Data></Cell>
    <Cell><Data ss:Type="Number">0.39</Data></Cell>
    <Cell><Data ss:Type="Number">-10.08</Data></Cell>
    <Cell><Data ss:Type="Number">0.14000000000000001</Data></Cell>
    <Cell><Data ss:Type="Number">-9.5</Data></Cell>
    <Cell><Data ss:Type="Number">-0.08</Data></Cell>
    <Cell><Data ss:Type="Number">-0.9</Data></Cell>
    <Cell><Data ss:Type="Number">21.9</Data></Cell>
    <Cell><Data ss:Type="Number">40.700000000000003</Data></Cell>
    <Cell><Data ss:Type="Number">0</Data></Cell>
    <Cell><Data ss:Type="Number">0</Data></Cell>
    <Cell><Data ss:Type="String">2023-12-07 15:36:54.472659</Data></Cell>
   </Row>
   <Row>
    <Cell><Data ss:Type="String">333</Data></Cell>
    <Cell><Data ss:Type="Number">0.25</Data></Cell>
    <Cell><Data ss:Type="Number">-10.23</Data></Cell>
    <Cell><Data ss:Type="Number">0.19</Data></Cell>
    <Cell><Data ss:Type="Number">-9.5500000000000007</Data></Cell>
    <Cell><Data ss:Type="Number">-0.08</Data></Cell>
    <Cell><Data ss:Type="Number">-0.88</Data></Cell>
    <Cell><Data ss:Type="Number">21.9</Data></Cell>
    <Cell><Data ss:Type="Number">40.700000000000003</Data></Cell>
    <Cell><Data ss:Type="Number">0</Data></Cell>
    <Cell><Data ss:Type="Number">0</Data></Cell>
    <Cell><Data ss:Type="String">2023-12-07 15:36:54.429512</Data></Cell>
   </Row>
   <Row>
    <Cell><Data ss:Type="String">332</Data></Cell>
    <Cell><Data ss:Type="Number">0.23</Data></Cell>
    <Cell><Data ss:Type="Number">-10.17</Data></Cell>
    <Cell><Data ss:Type="Number">0.19</Data></Cell>
    <Cell><Data ss:Type="Number">-9.5</Data></Cell>
    <Cell><Data ss:Type="Number">-0.03</Data></Cell>
    <Cell><Data ss:Type="Number">-0.87</Data></Cell>
    <Cell><Data ss:Type="Number">21.9</Data></Cell>
    <Cell><Data ss:Type="Number">40.700000000000003</Data></Cell>
    <Cell><Data ss:Type="Number">0</Data></Cell>
    <Cell><Data ss:Type="Number">0</Data></Cell>
    <Cell><Data ss:Type="String">2023-12-07 15:36:54.382090</Data></Cell>
   </Row>
   <Row>
    <Cell><Data ss:Type="String">331</Data></Cell>
    <Cell><Data ss:Type="Number">0.25</Data></Cell>
    <Cell><Data ss:Type="Number">-10.1</Data></Cell>
    <Cell><Data ss:Type="Number">0.15</Data></Cell>
    <Cell><Data ss:Type="Number">-9.4499999999999993</Data></Cell>
    <Cell><Data ss:Type="Number">-0.09</Data></Cell>
    <Cell><Data ss:Type="Number">-0.91</Data></Cell>
    <Cell><Data ss:Type="Number">21.9</Data></Cell>
    <Cell><Data ss:Type="Number">40.700000000000003</Data></Cell>
    <Cell><Data ss:Type="Number">0</Data></Cell>
    <Cell><Data ss:Type="Number">0</Data></Cell>
    <Cell><Data ss:Type="String">2023-12-07 15:36:54.380260</Data></Cell>
   </Row>
   <Row>
    <Cell><Data ss:Type="String">330</Data></Cell>
    <Cell><Data ss:Type="Number">0.25</Data></Cell>
    <Cell><Data ss:Type="Number">-10.01</Data></Cell>
    <Cell><Data ss:Type="Number">0.14000000000000001</Data></Cell>
    <Cell><Data ss:Type="Number">-9.48</Data></Cell>
    <Cell><Data ss:Type="Number">-0.08</Data></Cell>
    <Cell><Data ss:Type="Number">-0.92</Data></Cell>
    <Cell><Data ss:Type="Number">21.9</Data></Cell>
    <Cell><Data ss:Type="Number">40.700000000000003</Data></Cell>
    <Cell><Data ss:Type="Number">0</Data></Cell>
    <Cell><Data ss:Type="Number">0</Data></Cell>
    <Cell><Data ss:Type="String">2023-12-07 15:36:54.333786</Data></Cell>
   </Row>
   <Row>
    <Cell><Data ss:Type="String">329</Data></Cell>
    <Cell><Data ss:Type="Number">0.23</Data></Cell>
    <Cell><Data ss:Type="Number">-10.11</Data></Cell>
    <Cell><Data ss:Type="Number">0.01</Data></Cell>
    <Cell><Data ss:Type="Number">-9.5</Data></Cell>
    <Cell><Data ss:Type="Number">-7.0000000000000007E-2</Data></Cell>
    <Cell><Data ss:Type="Number">-0.9</Data></Cell>
    <Cell><Data ss:Type="Number">21.9</Data></Cell>
    <Cell><Data ss:Type="Number">40.700000000000003</Data></Cell>
    <Cell><Data ss:Type="Number">0</Data></Cell>
    <Cell><Data ss:Type="Number">0</Data></Cell>
    <Cell><Data ss:Type="String">2023-12-07 15:36:54.286528</Data></Cell>
   </Row>
   <Row>
    <Cell><Data ss:Type="String">328</Data></Cell>
    <Cell><Data ss:Type="Number">0.3</Data></Cell>
    <Cell><Data ss:Type="Number">-10.18</Data></Cell>
    <Cell><Data ss:Type="Number">0.18</Data></Cell>
    <Cell><Data ss:Type="Number">-9.5500000000000007</Data></Cell>
    <Cell><Data ss:Type="Number">-0.08</Data></Cell>
    <Cell><Data ss:Type="Number">-0.88</Data></Cell>
    <Cell><Data ss:Type="Number">21.9</Data></Cell>
    <Cell><Data ss:Type="Number">40.700000000000003</Data></Cell>
    <Cell><Data ss:Type="Number">0</Data></Cell>
    <Cell><Data ss:Type="Number">0</Data></Cell>
    <Cell><Data ss:Type="String">2023-12-07 15:36:54.244339</Data></Cell>
   </Row>
   <Row>
    <Cell><Data ss:Type="String">327</Data></Cell>
    <Cell><Data ss:Type="Number">0.34</Data></Cell>
    <Cell><Data ss:Type="Number">-10.029999999999999</Data></Cell>
    <Cell><Data ss:Type="Number">0.14000000000000001</Data></Cell>
    <Cell><Data ss:Type="Number">-9.44</Data></Cell>
    <Cell><Data ss:Type="Number">-0.06</Data></Cell>
    <Cell><Data ss:Type="Number">-0.9</Data></Cell>
    <Cell><Data ss:Type="Number">21.9</Data></Cell>
    <Cell><Data ss:Type="Number">40.700000000000003</Data></Cell>
    <Cell><Data ss:Type="Number">0</Data></Cell>
    <Cell><Data ss:Type="Number">0</Data></Cell>
    <Cell><Data ss:Type="String">2023-12-07 15:36:54.241880</Data></Cell>
   </Row>
   <Row>
    <Cell><Data ss:Type="String">326</Data></Cell>
    <Cell><Data ss:Type="Number">0.28999999999999998</Data></Cell>
    <Cell><Data ss:Type="Number">-9.92</Data></Cell>
    <Cell><Data ss:Type="Number">-0.05</Data></Cell>
    <Cell><Data ss:Type="Number">-9.43</Data></Cell>
    <Cell><Data ss:Type="Number">-0.09</Data></Cell>
    <Cell><Data ss:Type="Number">-0.95</Data></Cell>
    <Cell><Data ss:Type="Number">21.9</Data></Cell>
    <Cell><Data ss:Type="Number">40.700000000000003</Data></Cell>
    <Cell><Data ss:Type="Number">0</Data></Cell>
    <Cell><Data ss:Type="Number">0</Data></Cell>
    <Cell><Data ss:Type="String">2023-12-07 15:36:54.195541</Data></Cell>
   </Row>
   <Row>
    <Cell><Data ss:Type="String">325</Data></Cell>
    <Cell><Data ss:Type="Number">0.26</Data></Cell>
    <Cell><Data ss:Type="Number">-10.119999999999999</Data></Cell>
    <Cell><Data ss:Type="Number">0.24</Data></Cell>
    <Cell><Data ss:Type="Number">-9.52</Data></Cell>
    <Cell><Data ss:Type="Number">-7.0000000000000007E-2</Data></Cell>
    <Cell><Data ss:Type="Number">-0.87</Data></Cell>
    <Cell><Data ss:Type="Number">21.9</Data></Cell>
    <Cell><Data ss:Type="Number">40.700000000000003</Data></Cell>
    <Cell><Data ss:Type="Number">0</Data></Cell>
    <Cell><Data ss:Type="Number">0</Data></Cell>
    <Cell><Data ss:Type="String">2023-12-07 15:36:54.149201</Data></Cell>
   </Row>
   <Row>
    <Cell><Data ss:Type="String">324</Data></Cell>
    <Cell><Data ss:Type="Number">0.26</Data></Cell>
    <Cell><Data ss:Type="Number">-10</Data></Cell>
    <Cell><Data ss:Type="Number">7.0000000000000007E-2</Data></Cell>
    <Cell><Data ss:Type="Number">-9.42</Data></Cell>
    <Cell><Data ss:Type="Number">-0.06</Data></Cell>
    <Cell><Data ss:Type="Number">-0.91</Data></Cell>
    <Cell><Data ss:Type="Number">21.9</Data></Cell>
    <Cell><Data ss:Type="Number">40.700000000000003</Data></Cell>
    <Cell><Data ss:Type="Number">0</Data></Cell>
    <Cell><Data ss:Type="Number">0</Data></Cell>
    <Cell><Data ss:Type="String">2023-12-07 15:36:54.098662</Data></Cell>
   </Row>
   <Row>
    <Cell><Data ss:Type="String">323</Data></Cell>
    <Cell><Data ss:Type="Number">0.3</Data></Cell>
    <Cell><Data ss:Type="Number">-10.06</Data></Cell>
    <Cell><Data ss:Type="Number">0.13</Data></Cell>
    <Cell><Data ss:Type="Number">-9.48</Data></Cell>
    <Cell><Data ss:Type="Number">-7.0000000000000007E-2</Data></Cell>
    <Cell><Data ss:Type="Number">-0.93</Data></Cell>
    <Cell><Data ss:Type="Number">21.9</Data></Cell>
    <Cell><Data ss:Type="Number">40.700000000000003</Data></Cell>
    <Cell><Data ss:Type="Number">0</Data></Cell>
    <Cell><Data ss:Type="Number">0</Data></Cell>
    <Cell><Data ss:Type="String">2023-12-07 15:36:54.094834</Data></Cell>
   </Row>
   <Row>
    <Cell><Data ss:Type="String">322</Data></Cell>
    <Cell><Data ss:Type="Number">0.28999999999999998</Data></Cell>
    <Cell><Data ss:Type="Number">-10.15</Data></Cell>
    <Cell><Data ss:Type="Number">0.15</Data></Cell>
    <Cell><Data ss:Type="Number">-9.5299999999999994</Data></Cell>
    <Cell><Data ss:Type="Number">-0.06</Data></Cell>
    <Cell><Data ss:Type="Number">-0.9</Data></Cell>
    <Cell><Data ss:Type="Number">21.9</Data></Cell>
    <Cell><Data ss:Type="Number">40.700000000000003</Data></Cell>
    <Cell><Data ss:Type="Number">0</Data></Cell>
    <Cell><Data ss:Type="Number">0</Data></Cell>
    <Cell><Data ss:Type="String">2023-12-07 15:36:54.042582</Data></Cell>
   </Row>
   <Row>
    <Cell><Data ss:Type="String">321</Data></Cell>
    <Cell><Data ss:Type="Number">0.3</Data></Cell>
    <Cell><Data ss:Type="Number">-10.29</Data></Cell>
    <Cell><Data ss:Type="Number">0.14000000000000001</Data></Cell>
    <Cell><Data ss:Type="Number">-9.5299999999999994</Data></Cell>
    <Cell><Data ss:Type="Number">-0.06</Data></Cell>
    <Cell><Data ss:Type="Number">-0.88</Data></Cell>
    <Cell><Data ss:Type="Number">21.9</Data></Cell>
    <Cell><Data ss:Type="Number">40.700000000000003</Data></Cell>
    <Cell><Data ss:Type="Number">0</Data></Cell>
    <Cell><Data ss:Type="Number">0</Data></Cell>
    <Cell><Data ss:Type="String">2023-12-07 15:36:54.040727</Data></Cell>
   </Row>
   <Row>
    <Cell><Data ss:Type="String">320</Data></Cell>
    <Cell><Data ss:Type="Number">0.26</Data></Cell>
    <Cell><Data ss:Type="Number">-10.01</Data></Cell>
    <Cell><Data ss:Type="Number">0.12</Data></Cell>
    <Cell><Data ss:Type="Number">-9.43</Data></Cell>
    <Cell><Data ss:Type="Number">-0.06</Data></Cell>
    <Cell><Data ss:Type="Number">-0.91</Data></Cell>
    <Cell><Data ss:Type="Number">21.9</Data></Cell>
    <Cell><Data ss:Type="Number">40.700000000000003</Data></Cell>
    <Cell><Data ss:Type="Number">0</Data></Cell>
    <Cell><Data ss:Type="Number">0</Data></Cell>
    <Cell><Data ss:Type="String">2023-12-07 15:36:53.995045</Data></Cell>
   </Row>
   <Row>
    <Cell><Data ss:Type="String">319</Data></Cell>
    <Cell><Data ss:Type="Number">0.25</Data></Cell>
    <Cell><Data ss:Type="Number">-9.92</Data></Cell>
    <Cell><Data ss:Type="Number">0.19</Data></Cell>
    <Cell><Data ss:Type="Number">-9.4600000000000009</Data></Cell>
    <Cell><Data ss:Type="Number">-0.08</Data></Cell>
    <Cell><Data ss:Type="Number">-0.91</Data></Cell>
    <Cell><Data ss:Type="Number">21.9</Data></Cell>
    <Cell><Data ss:Type="Number">40.700000000000003</Data></Cell>
    <Cell><Data ss:Type="Number">0</Data></Cell>
    <Cell><Data ss:Type="Number">0</Data></Cell>
    <Cell><Data ss:Type="String">2023-12-07 15:36:53.948001</Data></Cell>
   </Row>
   <Row>
    <Cell><Data ss:Type="String">318</Data></Cell>
    <Cell><Data ss:Type="Number">0.28000000000000003</Data></Cell>
    <Cell><Data ss:Type="Number">-9.92</Data></Cell>
    <Cell><Data ss:Type="Number">-0.05</Data></Cell>
    <Cell><Data ss:Type="Number">-9.41</Data></Cell>
    <Cell><Data ss:Type="Number">-0.08</Data></Cell>
    <Cell><Data ss:Type="Number">-0.91</Data></Cell>
    <Cell><Data ss:Type="Number">21.9</Data></Cell>
    <Cell><Data ss:Type="Number">40.700000000000003</Data></Cell>
    <Cell><Data ss:Type="Number">0</Data></Cell>
    <Cell><Data ss:Type="Number">0</Data></Cell>
    <Cell><Data ss:Type="String">2023-12-07 15:36:53.889550</Data></Cell>
   </Row>
   <Row>
    <Cell><Data ss:Type="String">317</Data></Cell>
    <Cell><Data ss:Type="Number">0.27</Data></Cell>
    <Cell><Data ss:Type="Number">-9.99</Data></Cell>
    <Cell><Data ss:Type="Number">0.09</Data></Cell>
    <Cell><Data ss:Type="Number">-9.44</Data></Cell>
    <Cell><Data ss:Type="Number">-0.06</Data></Cell>
    <Cell><Data ss:Type="Number">-0.93</Data></Cell>
    <Cell><Data ss:Type="Number">21.9</Data></Cell>
    <Cell><Data ss:Type="Number">40.700000000000003</Data></Cell>
    <Cell><Data ss:Type="Number">0</Data></Cell>
    <Cell><Data ss:Type="Number">0</Data></Cell>
    <Cell><Data ss:Type="String">2023-12-07 15:36:53.871343</Data></Cell>
   </Row>
   <Row>
    <Cell><Data ss:Type="String">316</Data></Cell>
    <Cell><Data ss:Type="Number">0.37</Data></Cell>
    <Cell><Data ss:Type="Number">-10.08</Data></Cell>
    <Cell><Data ss:Type="Number">0.11</Data></Cell>
    <Cell><Data ss:Type="Number">-9.4700000000000006</Data></Cell>
    <Cell><Data ss:Type="Number">-0.1</Data></Cell>
    <Cell><Data ss:Type="Number">-0.92</Data></Cell>
    <Cell><Data ss:Type="Number">21.9</Data></Cell>
    <Cell><Data ss:Type="Number">40.700000000000003</Data></Cell>
    <Cell><Data ss:Type="Number">0</Data></Cell>
    <Cell><Data ss:Type="Number">0</Data></Cell>
    <Cell><Data ss:Type="String">2023-12-07 15:36:53.827638</Data></Cell>
   </Row>
   <Row>
    <Cell><Data ss:Type="String">315</Data></Cell>
    <Cell><Data ss:Type="Number">0.27</Data></Cell>
    <Cell><Data ss:Type="Number">-10.16</Data></Cell>
    <Cell><Data ss:Type="Number">0.22</Data></Cell>
    <Cell><Data ss:Type="Number">-9.5299999999999994</Data></Cell>
    <Cell><Data ss:Type="Number">-0.05</Data></Cell>
    <Cell><Data ss:Type="Number">-0.88</Data></Cell>
    <Cell><Data ss:Type="Number">21.9</Data></Cell>
    <Cell><Data ss:Type="Number">40.700000000000003</Data></Cell>
    <Cell><Data ss:Type="Number">0</Data></Cell>
    <Cell><Data ss:Type="Number">0</Data></Cell>
    <Cell><Data ss:Type="String">2023-12-07 15:36:53.825158</Data></Cell>
   </Row>
   <Row>
    <Cell><Data ss:Type="String">314</Data></Cell>
    <Cell><Data ss:Type="Number">0.3</Data></Cell>
    <Cell><Data ss:Type="Number">-10.25</Data></Cell>
    <Cell><Data ss:Type="Number">0.22</Data></Cell>
    <Cell><Data ss:Type="Number">-9.5500000000000007</Data></Cell>
    <Cell><Data ss:Type="Number">-7.0000000000000007E-2</Data></Cell>
    <Cell><Data ss:Type="Number">-0.9</Data></Cell>
    <Cell><Data ss:Type="Number">21.9</Data></Cell>
    <Cell><Data ss:Type="Number">40.700000000000003</Data></Cell>
    <Cell><Data ss:Type="Number">0</Data></Cell>
    <Cell><Data ss:Type="Number">0</Data></Cell>
    <Cell><Data ss:Type="String">2023-12-07 15:36:53.781443</Data></Cell>
   </Row>
   <Row>
    <Cell><Data ss:Type="String">313</Data></Cell>
    <Cell><Data ss:Type="Number">0.27</Data></Cell>
    <Cell><Data ss:Type="Number">-10.16</Data></Cell>
    <Cell><Data ss:Type="Number">0.14000000000000001</Data></Cell>
    <Cell><Data ss:Type="Number">-9.4499999999999993</Data></Cell>
    <Cell><Data ss:Type="Number">-0.05</Data></Cell>
    <Cell><Data ss:Type="Number">-0.91</Data></Cell>
    <Cell><Data ss:Type="Number">21.9</Data></Cell>
    <Cell><Data ss:Type="Number">40.700000000000003</Data></Cell>
    <Cell><Data ss:Type="Number">0</Data></Cell>
    <Cell><Data ss:Type="Number">0</Data></Cell>
    <Cell><Data ss:Type="String">2023-12-07 15:36:53.732110</Data></Cell>
   </Row>
   <Row>
    <Cell><Data ss:Type="String">312</Data></Cell>
    <Cell><Data ss:Type="Number">0.27</Data></Cell>
    <Cell><Data ss:Type="Number">-9.98</Data></Cell>
    <Cell><Data ss:Type="Number">0.1</Data></Cell>
    <Cell><Data ss:Type="Number">-9.4499999999999993</Data></Cell>
    <Cell><Data ss:Type="Number">-7.0000000000000007E-2</Data></Cell>
    <Cell><Data ss:Type="Number">-0.93</Data></Cell>
    <Cell><Data ss:Type="Number">21.9</Data></Cell>
    <Cell><Data ss:Type="Number">40.700000000000003</Data></Cell>
    <Cell><Data ss:Type="Number">0</Data></Cell>
    <Cell><Data ss:Type="Number">0</Data></Cell>
    <Cell><Data ss:Type="String">2023-12-07 15:36:53.730176</Data></Cell>
   </Row>
   <Row>
    <Cell><Data ss:Type="String">311</Data></Cell>
    <Cell><Data ss:Type="Number">0.3</Data></Cell>
    <Cell><Data ss:Type="Number">-10.15</Data></Cell>
    <Cell><Data ss:Type="Number">0.12</Data></Cell>
    <Cell><Data ss:Type="Number">-9.49</Data></Cell>
    <Cell><Data ss:Type="Number">-0.08</Data></Cell>
    <Cell><Data ss:Type="Number">-0.92</Data></Cell>
    <Cell><Data ss:Type="Number">21.9</Data></Cell>
    <Cell><Data ss:Type="Number">40.700000000000003</Data></Cell>
    <Cell><Data ss:Type="Number">0</Data></Cell>
    <Cell><Data ss:Type="Number">0</Data></Cell>
    <Cell><Data ss:Type="String">2023-12-07 15:36:53.673098</Data></Cell>
   </Row>
   <Row>
    <Cell><Data ss:Type="String">310</Data></Cell>
    <Cell><Data ss:Type="Number">0.28000000000000003</Data></Cell>
    <Cell><Data ss:Type="Number">-10.24</Data></Cell>
    <Cell><Data ss:Type="Number">0.12</Data></Cell>
    <Cell><Data ss:Type="Number">-9.56</Data></Cell>
    <Cell><Data ss:Type="Number">-7.0000000000000007E-2</Data></Cell>
    <Cell><Data ss:Type="Number">-0.91</Data></Cell>
    <Cell><Data ss:Type="Number">21.9</Data></Cell>
    <Cell><Data ss:Type="Number">40.700000000000003</Data></Cell>
    <Cell><Data ss:Type="Number">0</Data></Cell>
    <Cell><Data ss:Type="Number">0</Data></Cell>
    <Cell><Data ss:Type="String">2023-12-07 15:36:53.631395</Data></Cell>
   </Row>
   <Row>
    <Cell><Data ss:Type="String">309</Data></Cell>
    <Cell><Data ss:Type="Number">0.28000000000000003</Data></Cell>
    <Cell><Data ss:Type="Number">-10.210000000000001</Data></Cell>
    <Cell><Data ss:Type="Number">0.22</Data></Cell>
    <Cell><Data ss:Type="Number">-9.49</Data></Cell>
    <Cell><Data ss:Type="Number">-7.0000000000000007E-2</Data></Cell>
    <Cell><Data ss:Type="Number">-0.9</Data></Cell>
    <Cell><Data ss:Type="Number">21.9</Data></Cell>
    <Cell><Data ss:Type="Number">40.700000000000003</Data></Cell>
    <Cell><Data ss:Type="Number">0</Data></Cell>
    <Cell><Data ss:Type="Number">0</Data></Cell>
    <Cell><Data ss:Type="String">2023-12-07 15:36:53.629294</Data></Cell>
   </Row>
   <Row>
    <Cell><Data ss:Type="String">308</Data></Cell>
    <Cell><Data ss:Type="Number">0.27</Data></Cell>
    <Cell><Data ss:Type="Number">-10.07</Data></Cell>
    <Cell><Data ss:Type="Number">0.3</Data></Cell>
    <Cell><Data ss:Type="Number">-9.42</Data></Cell>
    <Cell><Data ss:Type="Number">-0.06</Data></Cell>
    <Cell><Data ss:Type="Number">-0.9</Data></Cell>
    <Cell><Data ss:Type="Number">21.9</Data></Cell>
    <Cell><Data ss:Type="Number">40.700000000000003</Data></Cell>
    <Cell><Data ss:Type="Number">0</Data></Cell>
    <Cell><Data ss:Type="Number">0</Data></Cell>
    <Cell><Data ss:Type="String">2023-12-07 15:36:53.583257</Data></Cell>
   </Row>
   <Row>
    <Cell><Data ss:Type="String">307</Data></Cell>
    <Cell><Data ss:Type="Number">0.32</Data></Cell>
    <Cell><Data ss:Type="Number">-9.93</Data></Cell>
    <Cell><Data ss:Type="Number">0.09</Data></Cell>
    <Cell><Data ss:Type="Number">-9.4499999999999993</Data></Cell>
    <Cell><Data ss:Type="Number">-0.08</Data></Cell>
    <Cell><Data ss:Type="Number">-0.95</Data></Cell>
    <Cell><Data ss:Type="Number">21.9</Data></Cell>
    <Cell><Data ss:Type="Number">40.700000000000003</Data></Cell>
    <Cell><Data ss:Type="Number">0</Data></Cell>
    <Cell><Data ss:Type="Number">0</Data></Cell>
    <Cell><Data ss:Type="String">2023-12-07 15:36:53.581579</Data></Cell>
   </Row>
   <Row>
    <Cell><Data ss:Type="String">306</Data></Cell>
    <Cell><Data ss:Type="Number">0.28000000000000003</Data></Cell>
    <Cell><Data ss:Type="Number">-10</Data></Cell>
    <Cell><Data ss:Type="Number">0.1</Data></Cell>
    <Cell><Data ss:Type="Number">-9.5</Data></Cell>
    <Cell><Data ss:Type="Number">-7.0000000000000007E-2</Data></Cell>
    <Cell><Data ss:Type="Number">-0.89</Data></Cell>
    <Cell><Data ss:Type="Number">21.9</Data></Cell>
    <Cell><Data ss:Type="Number">40.700000000000003</Data></Cell>
    <Cell><Data ss:Type="Number">0</Data></Cell>
    <Cell><Data ss:Type="Number">0</Data></Cell>
    <Cell><Data ss:Type="String">2023-12-07 15:36:53.531523</Data></Cell>
   </Row>
   <Row>
    <Cell><Data ss:Type="String">305</Data></Cell>
    <Cell><Data ss:Type="Number">0.36</Data></Cell>
    <Cell><Data ss:Type="Number">-10.15</Data></Cell>
    <Cell><Data ss:Type="Number">0.11</Data></Cell>
    <Cell><Data ss:Type="Number">-9.5299999999999994</Data></Cell>
    <Cell><Data ss:Type="Number">-7.0000000000000007E-2</Data></Cell>
    <Cell><Data ss:Type="Number">-0.91</Data></Cell>
    <Cell><Data ss:Type="Number">21.9</Data></Cell>
    <Cell><Data ss:Type="Number">40.700000000000003</Data></Cell>
    <Cell><Data ss:Type="Number">0</Data></Cell>
    <Cell><Data ss:Type="Number">0</Data></Cell>
    <Cell><Data ss:Type="String">2023-12-07 15:36:53.469614</Data></Cell>
   </Row>
   <Row>
    <Cell><Data ss:Type="String">304</Data></Cell>
    <Cell><Data ss:Type="Number">0.33</Data></Cell>
    <Cell><Data ss:Type="Number">-10.130000000000001</Data></Cell>
    <Cell><Data ss:Type="Number">0.22</Data></Cell>
    <Cell><Data ss:Type="Number">-9.4700000000000006</Data></Cell>
    <Cell><Data ss:Type="Number">-0.1</Data></Cell>
    <Cell><Data ss:Type="Number">-0.92</Data></Cell>
    <Cell><Data ss:Type="Number">21.9</Data></Cell>
    <Cell><Data ss:Type="Number">40.700000000000003</Data></Cell>
    <Cell><Data ss:Type="Number">0</Data></Cell>
    <Cell><Data ss:Type="Number">0</Data></Cell>
    <Cell><Data ss:Type="String">2023-12-07 15:36:53.467942</Data></Cell>
   </Row>
   <Row>
    <Cell><Data ss:Type="String">303</Data></Cell>
    <Cell><Data ss:Type="Number">0.36</Data></Cell>
    <Cell><Data ss:Type="Number">-10.17</Data></Cell>
    <Cell><Data ss:Type="Number">0.26</Data></Cell>
    <Cell><Data ss:Type="Number">-9.5</Data></Cell>
    <Cell><Data ss:Type="Number">-0.08</Data></Cell>
    <Cell><Data ss:Type="Number">-0.86</Data></Cell>
    <Cell><Data ss:Type="Number">21.9</Data></Cell>
    <Cell><Data ss:Type="Number">40.700000000000003</Data></Cell>
    <Cell><Data ss:Type="Number">0</Data></Cell>
    <Cell><Data ss:Type="Number">0</Data></Cell>
    <Cell><Data ss:Type="String">2023-12-07 15:36:53.413904</Data></Cell>
   </Row>
   <Row>
    <Cell><Data ss:Type="String">302</Data></Cell>
    <Cell><Data ss:Type="Number">0.4</Data></Cell>
    <Cell><Data ss:Type="Number">-10.23</Data></Cell>
    <Cell><Data ss:Type="Number">0.11</Data></Cell>
    <Cell><Data ss:Type="Number">-9.48</Data></Cell>
    <Cell><Data ss:Type="Number">-0.15</Data></Cell>
    <Cell><Data ss:Type="Number">-0.95</Data></Cell>
    <Cell><Data ss:Type="Number">21.9</Data></Cell>
    <Cell><Data ss:Type="Number">40.700000000000003</Data></Cell>
    <Cell><Data ss:Type="Number">0</Data></Cell>
    <Cell><Data ss:Type="Number">0</Data></Cell>
    <Cell><Data ss:Type="String">2023-12-07 15:36:53.366814</Data></Cell>
   </Row>
   <Row>
    <Cell><Data ss:Type="String">301</Data></Cell>
    <Cell><Data ss:Type="Number">0.15</Data></Cell>
    <Cell><Data ss:Type="Number">-10.15</Data></Cell>
    <Cell><Data ss:Type="Number">-0.01</Data></Cell>
    <Cell><Data ss:Type="Number">-9.3800000000000008</Data></Cell>
    <Cell><Data ss:Type="Number">0.01</Data></Cell>
    <Cell><Data ss:Type="Number">-0.9</Data></Cell>
    <Cell><Data ss:Type="Number">21.9</Data></Cell>
    <Cell><Data ss:Type="Number">40.700000000000003</Data></Cell>
    <Cell><Data ss:Type="Number">0</Data></Cell>
    <Cell><Data ss:Type="Number">0</Data></Cell>
    <Cell><Data ss:Type="String">2023-12-07 15:36:53.323438</Data></Cell>
   </Row>
   <Row>
    <Cell><Data ss:Type="String">300</Data></Cell>
    <Cell><Data ss:Type="Number">0.22</Data></Cell>
    <Cell><Data ss:Type="Number">-9.98</Data></Cell>
    <Cell><Data ss:Type="Number">-0.03</Data></Cell>
    <Cell><Data ss:Type="Number">-9.4600000000000009</Data></Cell>
    <Cell><Data ss:Type="Number">0</Data></Cell>
    <Cell><Data ss:Type="Number">-0.97</Data></Cell>
    <Cell><Data ss:Type="Number">21.9</Data></Cell>
    <Cell><Data ss:Type="Number">40.700000000000003</Data></Cell>
    <Cell><Data ss:Type="Number">0</Data></Cell>
    <Cell><Data ss:Type="Number">0</Data></Cell>
    <Cell><Data ss:Type="String">2023-12-07 15:36:53.321610</Data></Cell>
   </Row>
   <Row>
    <Cell><Data ss:Type="String">299</Data></Cell>
    <Cell><Data ss:Type="Number">0.65</Data></Cell>
    <Cell><Data ss:Type="Number">-10.039999999999999</Data></Cell>
    <Cell><Data ss:Type="Number">0.28000000000000003</Data></Cell>
    <Cell><Data ss:Type="Number">-9.48</Data></Cell>
    <Cell><Data ss:Type="Number">-0.21</Data></Cell>
    <Cell><Data ss:Type="Number">-0.92</Data></Cell>
    <Cell><Data ss:Type="Number">21.9</Data></Cell>
    <Cell><Data ss:Type="Number">40.700000000000003</Data></Cell>
    <Cell><Data ss:Type="Number">0</Data></Cell>
    <Cell><Data ss:Type="Number">0</Data></Cell>
    <Cell><Data ss:Type="String">2023-12-07 15:36:53.274303</Data></Cell>
   </Row>
   <Row>
    <Cell><Data ss:Type="String">298</Data></Cell>
    <Cell><Data ss:Type="Number">0.21</Data></Cell>
    <Cell><Data ss:Type="Number">-10.28</Data></Cell>
    <Cell><Data ss:Type="Number">0.2</Data></Cell>
    <Cell><Data ss:Type="Number">-9.52</Data></Cell>
    <Cell><Data ss:Type="Number">-0.19</Data></Cell>
    <Cell><Data ss:Type="Number">-0.82</Data></Cell>
    <Cell><Data ss:Type="Number">21.9</Data></Cell>
    <Cell><Data ss:Type="Number">40.700000000000003</Data></Cell>
    <Cell><Data ss:Type="Number">0</Data></Cell>
    <Cell><Data ss:Type="Number">0</Data></Cell>
    <Cell><Data ss:Type="String">2023-12-07 15:36:53.231690</Data></Cell>
   </Row>
   <Row>
    <Cell><Data ss:Type="String">297</Data></Cell>
    <Cell><Data ss:Type="Number">0.67</Data></Cell>
    <Cell><Data ss:Type="Number">-10.220000000000001</Data></Cell>
    <Cell><Data ss:Type="Number">-0.2</Data></Cell>
    <Cell><Data ss:Type="Number">-9.56</Data></Cell>
    <Cell><Data ss:Type="Number">0.37</Data></Cell>
    <Cell><Data ss:Type="Number">-1.01</Data></Cell>
    <Cell><Data ss:Type="Number">21.9</Data></Cell>
    <Cell><Data ss:Type="Number">40.700000000000003</Data></Cell>
    <Cell><Data ss:Type="Number">0</Data></Cell>
    <Cell><Data ss:Type="Number">0</Data></Cell>
    <Cell><Data ss:Type="String">2023-12-07 15:36:53.229498</Data></Cell>
   </Row>
   <Row>
    <Cell><Data ss:Type="String">296</Data></Cell>
    <Cell><Data ss:Type="Number">-0.22</Data></Cell>
    <Cell><Data ss:Type="Number">-9.9600000000000009</Data></Cell>
    <Cell><Data ss:Type="Number">-0.16</Data></Cell>
    <Cell><Data ss:Type="Number">-9.43</Data></Cell>
    <Cell><Data ss:Type="Number">0.32</Data></Cell>
    <Cell><Data ss:Type="Number">-0.96</Data></Cell>
    <Cell><Data ss:Type="Number">21.9</Data></Cell>
    <Cell><Data ss:Type="Number">40.700000000000003</Data></Cell>
    <Cell><Data ss:Type="Number">0</Data></Cell>
    <Cell><Data ss:Type="Number">0</Data></Cell>
    <Cell><Data ss:Type="String">2023-12-07 15:36:53.182627</Data></Cell>
   </Row>
   <Row>
    <Cell><Data ss:Type="String">295</Data></Cell>
    <Cell><Data ss:Type="Number">1.72</Data></Cell>
    <Cell><Data ss:Type="Number">-9.7799999999999994</Data></Cell>
    <Cell><Data ss:Type="Number">0.63</Data></Cell>
    <Cell><Data ss:Type="Number">-9.4700000000000006</Data></Cell>
    <Cell><Data ss:Type="Number">-0.68</Data></Cell>
    <Cell><Data ss:Type="Number">-0.84</Data></Cell>
    <Cell><Data ss:Type="Number">21.9</Data></Cell>
    <Cell><Data ss:Type="Number">40.700000000000003</Data></Cell>
    <Cell><Data ss:Type="Number">0</Data></Cell>
    <Cell><Data ss:Type="Number">0</Data></Cell>
    <Cell><Data ss:Type="String">2023-12-07 15:36:53.137246</Data></Cell>
   </Row>
   <Row>
    <Cell><Data ss:Type="String">294</Data></Cell>
    <Cell><Data ss:Type="Number">-0.32</Data></Cell>
    <Cell><Data ss:Type="Number">-10.33</Data></Cell>
    <Cell><Data ss:Type="Number">-0.12</Data></Cell>
    <Cell><Data ss:Type="Number">-9.6199999999999992</Data></Cell>
    <Cell><Data ss:Type="Number">-0.42</Data></Cell>
    <Cell><Data ss:Type="Number">-0.91</Data></Cell>
    <Cell><Data ss:Type="Number">21.9</Data></Cell>
    <Cell><Data ss:Type="Number">40.700000000000003</Data></Cell>
    <Cell><Data ss:Type="Number">0</Data></Cell>
    <Cell><Data ss:Type="Number">0</Data></Cell>
    <Cell><Data ss:Type="String">2023-12-07 15:36:53.094509</Data></Cell>
   </Row>
   <Row>
    <Cell><Data ss:Type="String">293</Data></Cell>
    <Cell><Data ss:Type="Number">-2.7</Data></Cell>
    <Cell><Data ss:Type="Number">-10.37</Data></Cell>
    <Cell><Data ss:Type="Number">-0.99</Data></Cell>
    <Cell><Data ss:Type="Number">-9.5</Data></Cell>
    <Cell><Data ss:Type="Number">1.51</Data></Cell>
    <Cell><Data ss:Type="Number">-0.87</Data></Cell>
    <Cell><Data ss:Type="Number">21.9</Data></Cell>
    <Cell><Data ss:Type="Number">40.700000000000003</Data></Cell>
    <Cell><Data ss:Type="Number">0</Data></Cell>
    <Cell><Data ss:Type="Number">0</Data></Cell>
    <Cell><Data ss:Type="String">2023-12-07 15:36:53.091885</Data></Cell>
   </Row>
   <Row>
    <Cell><Data ss:Type="String">292</Data></Cell>
    <Cell><Data ss:Type="Number">2.79</Data></Cell>
    <Cell><Data ss:Type="Number">-8.9600000000000009</Data></Cell>
    <Cell><Data ss:Type="Number">1.23</Data></Cell>
    <Cell><Data ss:Type="Number">-10.07</Data></Cell>
    <Cell><Data ss:Type="Number">-0.15</Data></Cell>
    <Cell><Data ss:Type="Number">-1.95</Data></Cell>
    <Cell><Data ss:Type="Number">21.9</Data></Cell>
    <Cell><Data ss:Type="Number">40.700000000000003</Data></Cell>
    <Cell><Data ss:Type="Number">0</Data></Cell>
    <Cell><Data ss:Type="Number">0</Data></Cell>
    <Cell><Data ss:Type="String">2023-12-07 15:36:53.045327</Data></Cell>
   </Row>
   <Row>
    <Cell><Data ss:Type="String">291</Data></Cell>
    <Cell><Data ss:Type="Number">0.37</Data></Cell>
    <Cell><Data ss:Type="Number">-10.029999999999999</Data></Cell>
    <Cell><Data ss:Type="Number">0.2</Data></Cell>
    <Cell><Data ss:Type="Number">-9.5500000000000007</Data></Cell>
    <Cell><Data ss:Type="Number">-0.04</Data></Cell>
    <Cell><Data ss:Type="Number">-0.88</Data></Cell>
    <Cell><Data ss:Type="Number">21.9</Data></Cell>
    <Cell><Data ss:Type="Number">40.700000000000003</Data></Cell>
    <Cell><Data ss:Type="Number">0</Data></Cell>
    <Cell><Data ss:Type="Number">0</Data></Cell>
    <Cell><Data ss:Type="String">2023-12-07 15:36:52.999628</Data></Cell>
   </Row>
   <Row>
    <Cell><Data ss:Type="String">290</Data></Cell>
    <Cell><Data ss:Type="Number">0.57999999999999996</Data></Cell>
    <Cell><Data ss:Type="Number">-10.16</Data></Cell>
    <Cell><Data ss:Type="Number">-0.04</Data></Cell>
    <Cell><Data ss:Type="Number">-9.58</Data></Cell>
    <Cell><Data ss:Type="Number">-0.16</Data></Cell>
    <Cell><Data ss:Type="Number">-0.94</Data></Cell>
    <Cell><Data ss:Type="Number">21.9</Data></Cell>
    <Cell><Data ss:Type="Number">40.700000000000003</Data></Cell>
    <Cell><Data ss:Type="Number">0</Data></Cell>
    <Cell><Data ss:Type="Number">0</Data></Cell>
    <Cell><Data ss:Type="String">2023-12-07 15:36:52.955004</Data></Cell>
   </Row>
   <Row>
    <Cell><Data ss:Type="String">289</Data></Cell>
    <Cell><Data ss:Type="Number">-0.01</Data></Cell>
    <Cell><Data ss:Type="Number">-10.92</Data></Cell>
    <Cell><Data ss:Type="Number">0.18</Data></Cell>
    <Cell><Data ss:Type="Number">-9.58</Data></Cell>
    <Cell><Data ss:Type="Number">-0.03</Data></Cell>
    <Cell><Data ss:Type="Number">-0.86</Data></Cell>
    <Cell><Data ss:Type="Number">21.9</Data></Cell>
    <Cell><Data ss:Type="Number">40.700000000000003</Data></Cell>
    <Cell><Data ss:Type="Number">0</Data></Cell>
    <Cell><Data ss:Type="Number">0</Data></Cell>
    <Cell><Data ss:Type="String">2023-12-07 15:36:52.953152</Data></Cell>
   </Row>
   <Row>
    <Cell><Data ss:Type="String">288</Data></Cell>
    <Cell><Data ss:Type="Number">0.93</Data></Cell>
    <Cell><Data ss:Type="Number">-10.1</Data></Cell>
    <Cell><Data ss:Type="Number">0.22</Data></Cell>
    <Cell><Data ss:Type="Number">-9.51</Data></Cell>
    <Cell><Data ss:Type="Number">-0.19</Data></Cell>
    <Cell><Data ss:Type="Number">-0.91</Data></Cell>
    <Cell><Data ss:Type="Number">21.9</Data></Cell>
    <Cell><Data ss:Type="Number">40.700000000000003</Data></Cell>
    <Cell><Data ss:Type="Number">0</Data></Cell>
    <Cell><Data ss:Type="Number">0</Data></Cell>
    <Cell><Data ss:Type="String">2023-12-07 15:36:52.907795</Data></Cell>
   </Row>
   <Row>
    <Cell><Data ss:Type="String">287</Data></Cell>
    <Cell><Data ss:Type="Number">0.25</Data></Cell>
    <Cell><Data ss:Type="Number">-9.92</Data></Cell>
    <Cell><Data ss:Type="Number">0.23</Data></Cell>
    <Cell><Data ss:Type="Number">-9.2799999999999994</Data></Cell>
    <Cell><Data ss:Type="Number">-0.14000000000000001</Data></Cell>
    <Cell><Data ss:Type="Number">-0.98</Data></Cell>
    <Cell><Data ss:Type="Number">21.9</Data></Cell>
    <Cell><Data ss:Type="Number">40.700000000000003</Data></Cell>
    <Cell><Data ss:Type="Number">0</Data></Cell>
    <Cell><Data ss:Type="Number">0</Data></Cell>
    <Cell><Data ss:Type="String">2023-12-07 15:36:52.864798</Data></Cell>
   </Row>
   <Row>
    <Cell><Data ss:Type="String">286</Data></Cell>
    <Cell><Data ss:Type="Number">0.5</Data></Cell>
    <Cell><Data ss:Type="Number">-9.93</Data></Cell>
    <Cell><Data ss:Type="Number">-7.0000000000000007E-2</Data></Cell>
    <Cell><Data ss:Type="Number">-9.4499999999999993</Data></Cell>
    <Cell><Data ss:Type="Number">-0.06</Data></Cell>
    <Cell><Data ss:Type="Number">-0.91</Data></Cell>
    <Cell><Data ss:Type="Number">21.9</Data></Cell>
    <Cell><Data ss:Type="Number">40.700000000000003</Data></Cell>
    <Cell><Data ss:Type="Number">0</Data></Cell>
    <Cell><Data ss:Type="Number">0</Data></Cell>
    <Cell><Data ss:Type="String">2023-12-07 15:36:52.862394</Data></Cell>
   </Row>
   <Row>
    <Cell><Data ss:Type="String">285</Data></Cell>
    <Cell><Data ss:Type="Number">0.61</Data></Cell>
    <Cell><Data ss:Type="Number">-9.74</Data></Cell>
    <Cell><Data ss:Type="Number">0.39</Data></Cell>
    <Cell><Data ss:Type="Number">-9.5399999999999991</Data></Cell>
    <Cell><Data ss:Type="Number">-0.12</Data></Cell>
    <Cell><Data ss:Type="Number">-0.87</Data></Cell>
    <Cell><Data ss:Type="Number">21.9</Data></Cell>
    <Cell><Data ss:Type="Number">40.700000000000003</Data></Cell>
    <Cell><Data ss:Type="Number">0</Data></Cell>
    <Cell><Data ss:Type="Number">0</Data></Cell>
    <Cell><Data ss:Type="String">2023-12-07 15:36:52.815976</Data></Cell>
   </Row>
   <Row>
    <Cell><Data ss:Type="String">284</Data></Cell>
    <Cell><Data ss:Type="Number">-0.05</Data></Cell>
    <Cell><Data ss:Type="Number">-9.74</Data></Cell>
    <Cell><Data ss:Type="Number">0.19</Data></Cell>
    <Cell><Data ss:Type="Number">-9.48</Data></Cell>
    <Cell><Data ss:Type="Number">-0.04</Data></Cell>
    <Cell><Data ss:Type="Number">-0.9</Data></Cell>
    <Cell><Data ss:Type="Number">21.9</Data></Cell>
    <Cell><Data ss:Type="Number">40.700000000000003</Data></Cell>
    <Cell><Data ss:Type="Number">0</Data></Cell>
    <Cell><Data ss:Type="Number">0</Data></Cell>
    <Cell><Data ss:Type="String">2023-12-07 15:36:52.769825</Data></Cell>
   </Row>
   <Row>
    <Cell><Data ss:Type="String">283</Data></Cell>
    <Cell><Data ss:Type="Number">0.23</Data></Cell>
    <Cell><Data ss:Type="Number">-10.3</Data></Cell>
    <Cell><Data ss:Type="Number">0.25</Data></Cell>
    <Cell><Data ss:Type="Number">-9.56</Data></Cell>
    <Cell><Data ss:Type="Number">-0.08</Data></Cell>
    <Cell><Data ss:Type="Number">-0.89</Data></Cell>
    <Cell><Data ss:Type="Number">21.9</Data></Cell>
    <Cell><Data ss:Type="Number">40.700000000000003</Data></Cell>
    <Cell><Data ss:Type="Number">0</Data></Cell>
    <Cell><Data ss:Type="Number">0</Data></Cell>
    <Cell><Data ss:Type="String">2023-12-07 15:36:52.727578</Data></Cell>
   </Row>
   <Row>
    <Cell><Data ss:Type="String">282</Data></Cell>
    <Cell><Data ss:Type="Number">0.49</Data></Cell>
    <Cell><Data ss:Type="Number">-10</Data></Cell>
    <Cell><Data ss:Type="Number">0.17</Data></Cell>
    <Cell><Data ss:Type="Number">-9.2200000000000006</Data></Cell>
    <Cell><Data ss:Type="Number">-0.06</Data></Cell>
    <Cell><Data ss:Type="Number">-0.98</Data></Cell>
    <Cell><Data ss:Type="Number">21.9</Data></Cell>
    <Cell><Data ss:Type="Number">40.700000000000003</Data></Cell>
    <Cell><Data ss:Type="Number">0</Data></Cell>
    <Cell><Data ss:Type="Number">0</Data></Cell>
    <Cell><Data ss:Type="String">2023-12-07 15:36:52.725049</Data></Cell>
   </Row>
   <Row>
    <Cell><Data ss:Type="String">281</Data></Cell>
    <Cell><Data ss:Type="Number">0.41</Data></Cell>
    <Cell><Data ss:Type="Number">-10.34</Data></Cell>
    <Cell><Data ss:Type="Number">0</Data></Cell>
    <Cell><Data ss:Type="Number">-9.5</Data></Cell>
    <Cell><Data ss:Type="Number">-0.09</Data></Cell>
    <Cell><Data ss:Type="Number">-0.91</Data></Cell>
    <Cell><Data ss:Type="Number">21.9</Data></Cell>
    <Cell><Data ss:Type="Number">40.700000000000003</Data></Cell>
    <Cell><Data ss:Type="Number">0</Data></Cell>
    <Cell><Data ss:Type="Number">0</Data></Cell>
    <Cell><Data ss:Type="String">2023-12-07 15:36:52.677768</Data></Cell>
   </Row>
   <Row>
    <Cell><Data ss:Type="String">280</Data></Cell>
    <Cell><Data ss:Type="Number">0.37</Data></Cell>
    <Cell><Data ss:Type="Number">-10.18</Data></Cell>
    <Cell><Data ss:Type="Number">-0.28999999999999998</Data></Cell>
    <Cell><Data ss:Type="Number">-9.59</Data></Cell>
    <Cell><Data ss:Type="Number">-0.06</Data></Cell>
    <Cell><Data ss:Type="Number">-0.9</Data></Cell>
    <Cell><Data ss:Type="Number">21.9</Data></Cell>
    <Cell><Data ss:Type="Number">40.700000000000003</Data></Cell>
    <Cell><Data ss:Type="Number">0</Data></Cell>
    <Cell><Data ss:Type="Number">0</Data></Cell>
    <Cell><Data ss:Type="String">2023-12-07 15:36:52.632508</Data></Cell>
   </Row>
   <Row>
    <Cell><Data ss:Type="String">279</Data></Cell>
    <Cell><Data ss:Type="Number">0.25</Data></Cell>
    <Cell><Data ss:Type="Number">-10.52</Data></Cell>
    <Cell><Data ss:Type="Number">-0.2</Data></Cell>
    <Cell><Data ss:Type="Number">-9.6199999999999992</Data></Cell>
    <Cell><Data ss:Type="Number">-0.1</Data></Cell>
    <Cell><Data ss:Type="Number">-0.87</Data></Cell>
    <Cell><Data ss:Type="Number">21.9</Data></Cell>
    <Cell><Data ss:Type="Number">40.700000000000003</Data></Cell>
    <Cell><Data ss:Type="Number">0</Data></Cell>
    <Cell><Data ss:Type="Number">0</Data></Cell>
    <Cell><Data ss:Type="String">2023-12-07 15:36:52.587923</Data></Cell>
   </Row>
   <Row>
    <Cell><Data ss:Type="String">278</Data></Cell>
    <Cell><Data ss:Type="Number">0.4</Data></Cell>
    <Cell><Data ss:Type="Number">-9.81</Data></Cell>
    <Cell><Data ss:Type="Number">-0.08</Data></Cell>
    <Cell><Data ss:Type="Number">-9.33</Data></Cell>
    <Cell><Data ss:Type="Number">-0.08</Data></Cell>
    <Cell><Data ss:Type="Number">-0.92</Data></Cell>
    <Cell><Data ss:Type="Number">21.9</Data></Cell>
    <Cell><Data ss:Type="Number">40.700000000000003</Data></Cell>
    <Cell><Data ss:Type="Number">0</Data></Cell>
    <Cell><Data ss:Type="Number">0</Data></Cell>
    <Cell><Data ss:Type="String">2023-12-07 15:36:52.586206</Data></Cell>
   </Row>
   <Row>
    <Cell><Data ss:Type="String">277</Data></Cell>
    <Cell><Data ss:Type="Number">0.26</Data></Cell>
    <Cell><Data ss:Type="Number">-9.84</Data></Cell>
    <Cell><Data ss:Type="Number">0.61</Data></Cell>
    <Cell><Data ss:Type="Number">-9.43</Data></Cell>
    <Cell><Data ss:Type="Number">-0.04</Data></Cell>
    <Cell><Data ss:Type="Number">-0.9</Data></Cell>
    <Cell><Data ss:Type="Number">21.9</Data></Cell>
    <Cell><Data ss:Type="Number">40.700000000000003</Data></Cell>
    <Cell><Data ss:Type="Number">0</Data></Cell>
    <Cell><Data ss:Type="Number">0</Data></Cell>
    <Cell><Data ss:Type="String">2023-12-07 15:36:52.539292</Data></Cell>
   </Row>
   <Row>
    <Cell><Data ss:Type="String">276</Data></Cell>
    <Cell><Data ss:Type="Number">0.13</Data></Cell>
    <Cell><Data ss:Type="Number">-9.56</Data></Cell>
    <Cell><Data ss:Type="Number">0.39</Data></Cell>
    <Cell><Data ss:Type="Number">-9.33</Data></Cell>
    <Cell><Data ss:Type="Number">-0.11</Data></Cell>
    <Cell><Data ss:Type="Number">-0.88</Data></Cell>
    <Cell><Data ss:Type="Number">21.9</Data></Cell>
    <Cell><Data ss:Type="Number">40.700000000000003</Data></Cell>
    <Cell><Data ss:Type="Number">0</Data></Cell>
    <Cell><Data ss:Type="Number">0</Data></Cell>
    <Cell><Data ss:Type="String">2023-12-07 15:36:52.497546</Data></Cell>
   </Row>
   <Row>
    <Cell><Data ss:Type="String">275</Data></Cell>
    <Cell><Data ss:Type="Number">0.11</Data></Cell>
    <Cell><Data ss:Type="Number">-10.48</Data></Cell>
    <Cell><Data ss:Type="Number">0.52</Data></Cell>
    <Cell><Data ss:Type="Number">-9.61</Data></Cell>
    <Cell><Data ss:Type="Number">-0.02</Data></Cell>
    <Cell><Data ss:Type="Number">-0.87</Data></Cell>
    <Cell><Data ss:Type="Number">21.9</Data></Cell>
    <Cell><Data ss:Type="Number">40.700000000000003</Data></Cell>
    <Cell><Data ss:Type="Number">0</Data></Cell>
    <Cell><Data ss:Type="Number">0</Data></Cell>
    <Cell><Data ss:Type="String">2023-12-07 15:36:52.494952</Data></Cell>
   </Row>
   <Row>
    <Cell><Data ss:Type="String">274</Data></Cell>
    <Cell><Data ss:Type="Number">0.83</Data></Cell>
    <Cell><Data ss:Type="Number">-9.75</Data></Cell>
    <Cell><Data ss:Type="Number">0.41</Data></Cell>
    <Cell><Data ss:Type="Number">-9.4700000000000006</Data></Cell>
    <Cell><Data ss:Type="Number">-0.13</Data></Cell>
    <Cell><Data ss:Type="Number">-0.92</Data></Cell>
    <Cell><Data ss:Type="Number">21.9</Data></Cell>
    <Cell><Data ss:Type="Number">40.700000000000003</Data></Cell>
    <Cell><Data ss:Type="Number">0</Data></Cell>
    <Cell><Data ss:Type="Number">0</Data></Cell>
    <Cell><Data ss:Type="String">2023-12-07 15:36:52.448044</Data></Cell>
   </Row>
   <Row>
    <Cell><Data ss:Type="String">273</Data></Cell>
    <Cell><Data ss:Type="Number">-0.02</Data></Cell>
    <Cell><Data ss:Type="Number">-9.69</Data></Cell>
    <Cell><Data ss:Type="Number">0.02</Data></Cell>
    <Cell><Data ss:Type="Number">-9.2899999999999991</Data></Cell>
    <Cell><Data ss:Type="Number">0.01</Data></Cell>
    <Cell><Data ss:Type="Number">-0.88</Data></Cell>
    <Cell><Data ss:Type="Number">21.9</Data></Cell>
    <Cell><Data ss:Type="Number">40.700000000000003</Data></Cell>
    <Cell><Data ss:Type="Number">0</Data></Cell>
    <Cell><Data ss:Type="Number">0</Data></Cell>
    <Cell><Data ss:Type="String">2023-12-07 15:36:52.405312</Data></Cell>
   </Row>
   <Row>
    <Cell><Data ss:Type="String">272</Data></Cell>
    <Cell><Data ss:Type="Number">-0.31</Data></Cell>
    <Cell><Data ss:Type="Number">-9.86</Data></Cell>
    <Cell><Data ss:Type="Number">-0.18</Data></Cell>
    <Cell><Data ss:Type="Number">-9.52</Data></Cell>
    <Cell><Data ss:Type="Number">-7.0000000000000007E-2</Data></Cell>
    <Cell><Data ss:Type="Number">-0.89</Data></Cell>
    <Cell><Data ss:Type="Number">21.9</Data></Cell>
    <Cell><Data ss:Type="Number">40.700000000000003</Data></Cell>
    <Cell><Data ss:Type="Number">0</Data></Cell>
    <Cell><Data ss:Type="Number">0</Data></Cell>
    <Cell><Data ss:Type="String">2023-12-07 15:36:52.403451</Data></Cell>
   </Row>
   <Row>
    <Cell><Data ss:Type="String">271</Data></Cell>
    <Cell><Data ss:Type="Number">0.02</Data></Cell>
    <Cell><Data ss:Type="Number">-9.57</Data></Cell>
    <Cell><Data ss:Type="Number">-0.21</Data></Cell>
    <Cell><Data ss:Type="Number">-9.39</Data></Cell>
    <Cell><Data ss:Type="Number">-0.08</Data></Cell>
    <Cell><Data ss:Type="Number">-0.95</Data></Cell>
    <Cell><Data ss:Type="Number">21.9</Data></Cell>
    <Cell><Data ss:Type="Number">40.700000000000003</Data></Cell>
    <Cell><Data ss:Type="Number">0</Data></Cell>
    <Cell><Data ss:Type="Number">0</Data></Cell>
    <Cell><Data ss:Type="String">2023-12-07 15:36:52.401104</Data></Cell>
   </Row>
   <Row>
    <Cell><Data ss:Type="String">270</Data></Cell>
    <Cell><Data ss:Type="Number">-0.08</Data></Cell>
    <Cell><Data ss:Type="Number">-10.43</Data></Cell>
    <Cell><Data ss:Type="Number">0.28000000000000003</Data></Cell>
    <Cell><Data ss:Type="Number">-9.6199999999999992</Data></Cell>
    <Cell><Data ss:Type="Number">-0.04</Data></Cell>
    <Cell><Data ss:Type="Number">-0.82</Data></Cell>
    <Cell><Data ss:Type="Number">21.9</Data></Cell>
    <Cell><Data ss:Type="Number">40.700000000000003</Data></Cell>
    <Cell><Data ss:Type="Number">0</Data></Cell>
    <Cell><Data ss:Type="Number">0</Data></Cell>
    <Cell><Data ss:Type="String">2023-12-07 15:36:52.398449</Data></Cell>
   </Row>
   <Row>
    <Cell><Data ss:Type="String">269</Data></Cell>
    <Cell><Data ss:Type="Number">0.65</Data></Cell>
    <Cell><Data ss:Type="Number">-10.35</Data></Cell>
    <Cell><Data ss:Type="Number">0.09</Data></Cell>
    <Cell><Data ss:Type="Number">-9.57</Data></Cell>
    <Cell><Data ss:Type="Number">-0.03</Data></Cell>
    <Cell><Data ss:Type="Number">-0.9</Data></Cell>
    <Cell><Data ss:Type="Number">21.9</Data></Cell>
    <Cell><Data ss:Type="Number">40.700000000000003</Data></Cell>
    <Cell><Data ss:Type="Number">0</Data></Cell>
    <Cell><Data ss:Type="Number">0</Data></Cell>
    <Cell><Data ss:Type="String">2023-12-07 15:36:52.395699</Data></Cell>
   </Row>
   <Row>
    <Cell><Data ss:Type="String">268</Data></Cell>
    <Cell><Data ss:Type="Number">0.26</Data></Cell>
    <Cell><Data ss:Type="Number">-10.06</Data></Cell>
    <Cell><Data ss:Type="Number">0.15</Data></Cell>
    <Cell><Data ss:Type="Number">-9.34</Data></Cell>
    <Cell><Data ss:Type="Number">-0.09</Data></Cell>
    <Cell><Data ss:Type="Number">-0.89</Data></Cell>
    <Cell><Data ss:Type="Number">21.9</Data></Cell>
    <Cell><Data ss:Type="Number">40.700000000000003</Data></Cell>
    <Cell><Data ss:Type="Number">0</Data></Cell>
    <Cell><Data ss:Type="Number">0</Data></Cell>
    <Cell><Data ss:Type="String">2023-12-07 15:36:52.392506</Data></Cell>
   </Row>
   <Row>
    <Cell><Data ss:Type="String">267</Data></Cell>
    <Cell><Data ss:Type="Number">0.79</Data></Cell>
    <Cell><Data ss:Type="Number">-9.8699999999999992</Data></Cell>
    <Cell><Data ss:Type="Number">0.04</Data></Cell>
    <Cell><Data ss:Type="Number">-9.36</Data></Cell>
    <Cell><Data ss:Type="Number">-0.1</Data></Cell>
    <Cell><Data ss:Type="Number">-0.99</Data></Cell>
    <Cell><Data ss:Type="Number">21.9</Data></Cell>
    <Cell><Data ss:Type="Number">40.700000000000003</Data></Cell>
    <Cell><Data ss:Type="Number">0</Data></Cell>
    <Cell><Data ss:Type="Number">0</Data></Cell>
    <Cell><Data ss:Type="String">2023-12-07 15:36:52.390363</Data></Cell>
   </Row>
   <Row>
    <Cell><Data ss:Type="String">266</Data></Cell>
    <Cell><Data ss:Type="Number">0.19</Data></Cell>
    <Cell><Data ss:Type="Number">-10.45</Data></Cell>
    <Cell><Data ss:Type="Number">0.17</Data></Cell>
    <Cell><Data ss:Type="Number">-9.68</Data></Cell>
    <Cell><Data ss:Type="Number">-0.06</Data></Cell>
    <Cell><Data ss:Type="Number">-0.85</Data></Cell>
    <Cell><Data ss:Type="Number">21.9</Data></Cell>
    <Cell><Data ss:Type="Number">40.700000000000003</Data></Cell>
    <Cell><Data ss:Type="Number">0</Data></Cell>
    <Cell><Data ss:Type="Number">0</Data></Cell>
    <Cell><Data ss:Type="String">2023-12-07 15:36:52.159041</Data></Cell>
   </Row>
   <Row>
    <Cell><Data ss:Type="String">265</Data></Cell>
    <Cell><Data ss:Type="Number">-0.44</Data></Cell>
    <Cell><Data ss:Type="Number">-9.69</Data></Cell>
    <Cell><Data ss:Type="Number">-0.42</Data></Cell>
    <Cell><Data ss:Type="Number">-9.49</Data></Cell>
    <Cell><Data ss:Type="Number">-0.17</Data></Cell>
    <Cell><Data ss:Type="Number">-0.85</Data></Cell>
    <Cell><Data ss:Type="Number">21.9</Data></Cell>
    <Cell><Data ss:Type="Number">40.700000000000003</Data></Cell>
    <Cell><Data ss:Type="Number">0</Data></Cell>
    <Cell><Data ss:Type="Number">0</Data></Cell>
    <Cell><Data ss:Type="String">2023-12-07 15:36:52.156789</Data></Cell>
   </Row>
   <Row>
    <Cell><Data ss:Type="String">264</Data></Cell>
    <Cell><Data ss:Type="Number">-0.34</Data></Cell>
    <Cell><Data ss:Type="Number">-10.199999999999999</Data></Cell>
    <Cell><Data ss:Type="Number">0.1</Data></Cell>
    <Cell><Data ss:Type="Number">-9.51</Data></Cell>
    <Cell><Data ss:Type="Number">-0.04</Data></Cell>
    <Cell><Data ss:Type="Number">-0.93</Data></Cell>
    <Cell><Data ss:Type="Number">21.9</Data></Cell>
    <Cell><Data ss:Type="Number">40.700000000000003</Data></Cell>
    <Cell><Data ss:Type="Number">0</Data></Cell>
    <Cell><Data ss:Type="Number">0</Data></Cell>
    <Cell><Data ss:Type="String">2023-12-07 15:36:52.155084</Data></Cell>
   </Row>
   <Row>
    <Cell><Data ss:Type="String">263</Data></Cell>
    <Cell><Data ss:Type="Number">-0.19</Data></Cell>
    <Cell><Data ss:Type="Number">-9.7200000000000006</Data></Cell>
    <Cell><Data ss:Type="Number">0.12</Data></Cell>
    <Cell><Data ss:Type="Number">-9.36</Data></Cell>
    <Cell><Data ss:Type="Number">-0.04</Data></Cell>
    <Cell><Data ss:Type="Number">-0.84</Data></Cell>
    <Cell><Data ss:Type="Number">21.9</Data></Cell>
    <Cell><Data ss:Type="Number">40.700000000000003</Data></Cell>
    <Cell><Data ss:Type="Number">0</Data></Cell>
    <Cell><Data ss:Type="Number">0</Data></Cell>
    <Cell><Data ss:Type="String">2023-12-07 15:36:52.153294</Data></Cell>
   </Row>
   <Row>
    <Cell><Data ss:Type="String">262</Data></Cell>
    <Cell><Data ss:Type="Number">0.3</Data></Cell>
    <Cell><Data ss:Type="Number">-9.81</Data></Cell>
    <Cell><Data ss:Type="Number">-0.01</Data></Cell>
    <Cell><Data ss:Type="Number">-9.43</Data></Cell>
    <Cell><Data ss:Type="Number">-0.08</Data></Cell>
    <Cell><Data ss:Type="Number">-0.98</Data></Cell>
    <Cell><Data ss:Type="Number">21.9</Data></Cell>
    <Cell><Data ss:Type="Number">40.700000000000003</Data></Cell>
    <Cell><Data ss:Type="Number">0</Data></Cell>
    <Cell><Data ss:Type="Number">0</Data></Cell>
    <Cell><Data ss:Type="String">2023-12-07 15:36:52.151681</Data></Cell>
   </Row>
   <Row>
    <Cell><Data ss:Type="String">261</Data></Cell>
    <Cell><Data ss:Type="Number">0.14000000000000001</Data></Cell>
    <Cell><Data ss:Type="Number">-10.33</Data></Cell>
    <Cell><Data ss:Type="Number">0.39</Data></Cell>
    <Cell><Data ss:Type="Number">-9.56</Data></Cell>
    <Cell><Data ss:Type="Number">-0.17</Data></Cell>
    <Cell><Data ss:Type="Number">-0.78</Data></Cell>
    <Cell><Data ss:Type="Number">21.9</Data></Cell>
    <Cell><Data ss:Type="Number">40.700000000000003</Data></Cell>
    <Cell><Data ss:Type="Number">0</Data></Cell>
    <Cell><Data ss:Type="Number">0</Data></Cell>
    <Cell><Data ss:Type="String">2023-12-07 15:36:52.150112</Data></Cell>
   </Row>
   <Row>
    <Cell><Data ss:Type="String">260</Data></Cell>
    <Cell><Data ss:Type="Number">-0.41</Data></Cell>
    <Cell><Data ss:Type="Number">-10.14</Data></Cell>
    <Cell><Data ss:Type="Number">-0.18</Data></Cell>
    <Cell><Data ss:Type="Number">-9.59</Data></Cell>
    <Cell><Data ss:Type="Number">-0.03</Data></Cell>
    <Cell><Data ss:Type="Number">-0.88</Data></Cell>
    <Cell><Data ss:Type="Number">21.9</Data></Cell>
    <Cell><Data ss:Type="Number">40.700000000000003</Data></Cell>
    <Cell><Data ss:Type="Number">0</Data></Cell>
    <Cell><Data ss:Type="Number">0</Data></Cell>
    <Cell><Data ss:Type="String">2023-12-07 15:36:52.148341</Data></Cell>
   </Row>
   <Row>
    <Cell><Data ss:Type="String">259</Data></Cell>
    <Cell><Data ss:Type="Number">-0.22</Data></Cell>
    <Cell><Data ss:Type="Number">-9.9600000000000009</Data></Cell>
    <Cell><Data ss:Type="Number">-0.5</Data></Cell>
    <Cell><Data ss:Type="Number">-9.43</Data></Cell>
    <Cell><Data ss:Type="Number">0.38</Data></Cell>
    <Cell><Data ss:Type="Number">-1</Data></Cell>
    <Cell><Data ss:Type="Number">21.9</Data></Cell>
    <Cell><Data ss:Type="Number">40.700000000000003</Data></Cell>
    <Cell><Data ss:Type="Number">0</Data></Cell>
    <Cell><Data ss:Type="Number">0</Data></Cell>
    <Cell><Data ss:Type="String">2023-12-07 15:36:52.146332</Data></Cell>
   </Row>
   <Row>
    <Cell><Data ss:Type="String">258</Data></Cell>
    <Cell><Data ss:Type="Number">1.07</Data></Cell>
    <Cell><Data ss:Type="Number">-10.1</Data></Cell>
    <Cell><Data ss:Type="Number">0.32</Data></Cell>
    <Cell><Data ss:Type="Number">-9.41</Data></Cell>
    <Cell><Data ss:Type="Number">0.08</Data></Cell>
    <Cell><Data ss:Type="Number">-0.87</Data></Cell>
    <Cell><Data ss:Type="Number">21.9</Data></Cell>
    <Cell><Data ss:Type="Number">40.700000000000003</Data></Cell>
    <Cell><Data ss:Type="Number">0</Data></Cell>
    <Cell><Data ss:Type="Number">0</Data></Cell>
    <Cell><Data ss:Type="String">2023-12-07 15:36:51.910874</Data></Cell>
   </Row>
   <Row>
    <Cell><Data ss:Type="String">257</Data></Cell>
    <Cell><Data ss:Type="Number">1.36</Data></Cell>
    <Cell><Data ss:Type="Number">-9.65</Data></Cell>
    <Cell><Data ss:Type="Number">0.9</Data></Cell>
    <Cell><Data ss:Type="Number">-9.3800000000000008</Data></Cell>
    <Cell><Data ss:Type="Number">-0.68</Data></Cell>
    <Cell><Data ss:Type="Number">-0.96</Data></Cell>
    <Cell><Data ss:Type="Number">21.9</Data></Cell>
    <Cell><Data ss:Type="Number">40.700000000000003</Data></Cell>
    <Cell><Data ss:Type="Number">0</Data></Cell>
    <Cell><Data ss:Type="Number">0</Data></Cell>
    <Cell><Data ss:Type="String">2023-12-07 15:36:51.867336</Data></Cell>
   </Row>
   <Row>
    <Cell><Data ss:Type="String">256</Data></Cell>
    <Cell><Data ss:Type="Number">7.0000000000000007E-2</Data></Cell>
    <Cell><Data ss:Type="Number">-10.23</Data></Cell>
    <Cell><Data ss:Type="Number">0.82</Data></Cell>
    <Cell><Data ss:Type="Number">-9.43</Data></Cell>
    <Cell><Data ss:Type="Number">-0.28000000000000003</Data></Cell>
    <Cell><Data ss:Type="Number">-0.67</Data></Cell>
    <Cell><Data ss:Type="Number">21.9</Data></Cell>
    <Cell><Data ss:Type="Number">40.700000000000003</Data></Cell>
    <Cell><Data ss:Type="Number">0</Data></Cell>
    <Cell><Data ss:Type="Number">0</Data></Cell>
    <Cell><Data ss:Type="String">2023-12-07 15:36:51.865555</Data></Cell>
   </Row>
   <Row>
    <Cell><Data ss:Type="String">255</Data></Cell>
    <Cell><Data ss:Type="Number">-3.62</Data></Cell>
    <Cell><Data ss:Type="Number">-11.82</Data></Cell>
    <Cell><Data ss:Type="Number">-1.56</Data></Cell>
    <Cell><Data ss:Type="Number">-10.11</Data></Cell>
    <Cell><Data ss:Type="Number">1.61</Data></Cell>
    <Cell><Data ss:Type="Number">-1.17</Data></Cell>
    <Cell><Data ss:Type="Number">21.9</Data></Cell>
    <Cell><Data ss:Type="Number">40.700000000000003</Data></Cell>
    <Cell><Data ss:Type="Number">0</Data></Cell>
    <Cell><Data ss:Type="Number">0</Data></Cell>
    <Cell><Data ss:Type="String">2023-12-07 15:36:51.862939</Data></Cell>
   </Row>
   <Row>
    <Cell><Data ss:Type="String">254</Data></Cell>
    <Cell><Data ss:Type="Number">1.1200000000000001</Data></Cell>
    <Cell><Data ss:Type="Number">-9.48</Data></Cell>
    <Cell><Data ss:Type="Number">1.2</Data></Cell>
    <Cell><Data ss:Type="Number">-7.59</Data></Cell>
    <Cell><Data ss:Type="Number">0.23</Data></Cell>
    <Cell><Data ss:Type="Number">-0.39</Data></Cell>
    <Cell><Data ss:Type="Number">21.9</Data></Cell>
    <Cell><Data ss:Type="Number">40.700000000000003</Data></Cell>
    <Cell><Data ss:Type="Number">0</Data></Cell>
    <Cell><Data ss:Type="Number">0</Data></Cell>
    <Cell><Data ss:Type="String">2023-12-07 15:36:51.860260</Data></Cell>
   </Row>
   <Row>
    <Cell><Data ss:Type="String">253</Data></Cell>
    <Cell><Data ss:Type="Number">0.3</Data></Cell>
    <Cell><Data ss:Type="Number">-10.27</Data></Cell>
    <Cell><Data ss:Type="Number">0.15</Data></Cell>
    <Cell><Data ss:Type="Number">-9.5399999999999991</Data></Cell>
    <Cell><Data ss:Type="Number">-7.0000000000000007E-2</Data></Cell>
    <Cell><Data ss:Type="Number">-0.9</Data></Cell>
    <Cell><Data ss:Type="Number">21.9</Data></Cell>
    <Cell><Data ss:Type="Number">40.700000000000003</Data></Cell>
    <Cell><Data ss:Type="Number">0</Data></Cell>
    <Cell><Data ss:Type="Number">0</Data></Cell>
    <Cell><Data ss:Type="String">2023-12-07 15:36:51.857783</Data></Cell>
   </Row>
   <Row>
    <Cell><Data ss:Type="String">252</Data></Cell>
    <Cell><Data ss:Type="Number">0.28999999999999998</Data></Cell>
    <Cell><Data ss:Type="Number">-10.220000000000001</Data></Cell>
    <Cell><Data ss:Type="Number">0.18</Data></Cell>
    <Cell><Data ss:Type="Number">-9.51</Data></Cell>
    <Cell><Data ss:Type="Number">-0.06</Data></Cell>
    <Cell><Data ss:Type="Number">-0.89</Data></Cell>
    <Cell><Data ss:Type="Number">21.9</Data></Cell>
    <Cell><Data ss:Type="Number">40.700000000000003</Data></Cell>
    <Cell><Data ss:Type="Number">0</Data></Cell>
    <Cell><Data ss:Type="Number">0</Data></Cell>
    <Cell><Data ss:Type="String">2023-12-07 15:36:51.856045</Data></Cell>
   </Row>
   <Row>
    <Cell><Data ss:Type="String">251</Data></Cell>
    <Cell><Data ss:Type="Number">0.27</Data></Cell>
    <Cell><Data ss:Type="Number">-10.18</Data></Cell>
    <Cell><Data ss:Type="Number">0.15</Data></Cell>
    <Cell><Data ss:Type="Number">-9.4700000000000006</Data></Cell>
    <Cell><Data ss:Type="Number">-0.09</Data></Cell>
    <Cell><Data ss:Type="Number">-0.9</Data></Cell>
    <Cell><Data ss:Type="Number">21.9</Data></Cell>
    <Cell><Data ss:Type="Number">40.700000000000003</Data></Cell>
    <Cell><Data ss:Type="Number">0</Data></Cell>
    <Cell><Data ss:Type="Number">0</Data></Cell>
    <Cell><Data ss:Type="String">2023-12-07 15:36:51.854452</Data></Cell>
   </Row>
   <Row>
    <Cell><Data ss:Type="String">250</Data></Cell>
    <Cell><Data ss:Type="Number">0.28000000000000003</Data></Cell>
    <Cell><Data ss:Type="Number">-10.029999999999999</Data></Cell>
    <Cell><Data ss:Type="Number">0.12</Data></Cell>
    <Cell><Data ss:Type="Number">-9.41</Data></Cell>
    <Cell><Data ss:Type="Number">-0.06</Data></Cell>
    <Cell><Data ss:Type="Number">-0.91</Data></Cell>
    <Cell><Data ss:Type="Number">21.9</Data></Cell>
    <Cell><Data ss:Type="Number">40.700000000000003</Data></Cell>
    <Cell><Data ss:Type="Number">0</Data></Cell>
    <Cell><Data ss:Type="Number">0</Data></Cell>
    <Cell><Data ss:Type="String">2023-12-07 15:36:51.849803</Data></Cell>
   </Row>
   <Row>
    <Cell><Data ss:Type="String">249</Data></Cell>
    <Cell><Data ss:Type="Number">0.31</Data></Cell>
    <Cell><Data ss:Type="Number">-10.01</Data></Cell>
    <Cell><Data ss:Type="Number">0.17</Data></Cell>
    <Cell><Data ss:Type="Number">-9.48</Data></Cell>
    <Cell><Data ss:Type="Number">-0.09</Data></Cell>
    <Cell><Data ss:Type="Number">-0.91</Data></Cell>
    <Cell><Data ss:Type="Number">21.9</Data></Cell>
    <Cell><Data ss:Type="Number">40.700000000000003</Data></Cell>
    <Cell><Data ss:Type="Number">0</Data></Cell>
    <Cell><Data ss:Type="Number">0</Data></Cell>
    <Cell><Data ss:Type="String">2023-12-07 15:36:51.621173</Data></Cell>
   </Row>
   <Row>
    <Cell><Data ss:Type="String">248</Data></Cell>
    <Cell><Data ss:Type="Number">0.27</Data></Cell>
    <Cell><Data ss:Type="Number">-10.130000000000001</Data></Cell>
    <Cell><Data ss:Type="Number">0.17</Data></Cell>
    <Cell><Data ss:Type="Number">-9.5500000000000007</Data></Cell>
    <Cell><Data ss:Type="Number">-0.09</Data></Cell>
    <Cell><Data ss:Type="Number">-0.85</Data></Cell>
    <Cell><Data ss:Type="Number">21.9</Data></Cell>
    <Cell><Data ss:Type="Number">40.700000000000003</Data></Cell>
    <Cell><Data ss:Type="Number">0</Data></Cell>
    <Cell><Data ss:Type="Number">0</Data></Cell>
    <Cell><Data ss:Type="String">2023-12-07 15:36:51.571498</Data></Cell>
   </Row>
   <Row>
    <Cell><Data ss:Type="String">247</Data></Cell>
    <Cell><Data ss:Type="Number">0.28000000000000003</Data></Cell>
    <Cell><Data ss:Type="Number">-10.15</Data></Cell>
    <Cell><Data ss:Type="Number">0.12</Data></Cell>
    <Cell><Data ss:Type="Number">-9.49</Data></Cell>
    <Cell><Data ss:Type="Number">-0.06</Data></Cell>
    <Cell><Data ss:Type="Number">-0.91</Data></Cell>
    <Cell><Data ss:Type="Number">21.9</Data></Cell>
    <Cell><Data ss:Type="Number">40.700000000000003</Data></Cell>
    <Cell><Data ss:Type="Number">0</Data></Cell>
    <Cell><Data ss:Type="Number">0</Data></Cell>
    <Cell><Data ss:Type="String">2023-12-07 15:36:51.569786</Data></Cell>
   </Row>
   <Row>
    <Cell><Data ss:Type="String">246</Data></Cell>
    <Cell><Data ss:Type="Number">0.28000000000000003</Data></Cell>
    <Cell><Data ss:Type="Number">-10.09</Data></Cell>
    <Cell><Data ss:Type="Number">0.17</Data></Cell>
    <Cell><Data ss:Type="Number">-9.51</Data></Cell>
    <Cell><Data ss:Type="Number">-0.05</Data></Cell>
    <Cell><Data ss:Type="Number">-0.89</Data></Cell>
    <Cell><Data ss:Type="Number">21.9</Data></Cell>
    <Cell><Data ss:Type="Number">40.700000000000003</Data></Cell>
    <Cell><Data ss:Type="Number">0</Data></Cell>
    <Cell><Data ss:Type="Number">0</Data></Cell>
    <Cell><Data ss:Type="String">2023-12-07 15:36:51.524801</Data></Cell>
   </Row>
   <Row>
    <Cell><Data ss:Type="String">245</Data></Cell>
    <Cell><Data ss:Type="Number">0.12</Data></Cell>
    <Cell><Data ss:Type="Number">-10.199999999999999</Data></Cell>
    <Cell><Data ss:Type="Number">0.01</Data></Cell>
    <Cell><Data ss:Type="Number">-9.56</Data></Cell>
    <Cell><Data ss:Type="Number">-0.08</Data></Cell>
    <Cell><Data ss:Type="Number">-0.85</Data></Cell>
    <Cell><Data ss:Type="Number">21.9</Data></Cell>
    <Cell><Data ss:Type="Number">40.700000000000003</Data></Cell>
    <Cell><Data ss:Type="Number">0</Data></Cell>
    <Cell><Data ss:Type="Number">0</Data></Cell>
    <Cell><Data ss:Type="String">2023-12-07 15:36:51.472924</Data></Cell>
   </Row>
   <Row>
    <Cell><Data ss:Type="String">244</Data></Cell>
    <Cell><Data ss:Type="Number">0.25</Data></Cell>
    <Cell><Data ss:Type="Number">-10.09</Data></Cell>
    <Cell><Data ss:Type="Number">0.13</Data></Cell>
    <Cell><Data ss:Type="Number">-9.49</Data></Cell>
    <Cell><Data ss:Type="Number">-0.05</Data></Cell>
    <Cell><Data ss:Type="Number">-0.92</Data></Cell>
    <Cell><Data ss:Type="Number">21.9</Data></Cell>
    <Cell><Data ss:Type="Number">40.700000000000003</Data></Cell>
    <Cell><Data ss:Type="Number">0</Data></Cell>
    <Cell><Data ss:Type="Number">0</Data></Cell>
    <Cell><Data ss:Type="String">2023-12-07 15:36:51.471377</Data></Cell>
   </Row>
   <Row>
    <Cell><Data ss:Type="String">243</Data></Cell>
    <Cell><Data ss:Type="Number">0.3</Data></Cell>
    <Cell><Data ss:Type="Number">-10.01</Data></Cell>
    <Cell><Data ss:Type="Number">0.16</Data></Cell>
    <Cell><Data ss:Type="Number">-9.4499999999999993</Data></Cell>
    <Cell><Data ss:Type="Number">-0.1</Data></Cell>
    <Cell><Data ss:Type="Number">-0.92</Data></Cell>
    <Cell><Data ss:Type="Number">21.9</Data></Cell>
    <Cell><Data ss:Type="Number">40.700000000000003</Data></Cell>
    <Cell><Data ss:Type="Number">0</Data></Cell>
    <Cell><Data ss:Type="Number">0</Data></Cell>
    <Cell><Data ss:Type="String">2023-12-07 15:36:51.469331</Data></Cell>
   </Row>
   <Row>
    <Cell><Data ss:Type="String">242</Data></Cell>
    <Cell><Data ss:Type="Number">0.21</Data></Cell>
    <Cell><Data ss:Type="Number">-10.220000000000001</Data></Cell>
    <Cell><Data ss:Type="Number">0.3</Data></Cell>
    <Cell><Data ss:Type="Number">-9.5399999999999991</Data></Cell>
    <Cell><Data ss:Type="Number">-0.08</Data></Cell>
    <Cell><Data ss:Type="Number">-0.9</Data></Cell>
    <Cell><Data ss:Type="Number">21.9</Data></Cell>
    <Cell><Data ss:Type="Number">40.700000000000003</Data></Cell>
    <Cell><Data ss:Type="Number">0</Data></Cell>
    <Cell><Data ss:Type="Number">0</Data></Cell>
    <Cell><Data ss:Type="String">2023-12-07 15:36:51.467586</Data></Cell>
   </Row>
   <Row>
    <Cell><Data ss:Type="String">241</Data></Cell>
    <Cell><Data ss:Type="Number">0.25</Data></Cell>
    <Cell><Data ss:Type="Number">-10.17</Data></Cell>
    <Cell><Data ss:Type="Number">0.4</Data></Cell>
    <Cell><Data ss:Type="Number">-9.48</Data></Cell>
    <Cell><Data ss:Type="Number">-7.0000000000000007E-2</Data></Cell>
    <Cell><Data ss:Type="Number">-0.91</Data></Cell>
    <Cell><Data ss:Type="Number">21.9</Data></Cell>
    <Cell><Data ss:Type="Number">40.700000000000003</Data></Cell>
    <Cell><Data ss:Type="Number">0</Data></Cell>
    <Cell><Data ss:Type="Number">0</Data></Cell>
    <Cell><Data ss:Type="String">2023-12-07 15:36:51.465851</Data></Cell>
   </Row>
   <Row>
    <Cell><Data ss:Type="String">240</Data></Cell>
    <Cell><Data ss:Type="Number">0.27</Data></Cell>
    <Cell><Data ss:Type="Number">-9.98</Data></Cell>
    <Cell><Data ss:Type="Number">0.16</Data></Cell>
    <Cell><Data ss:Type="Number">-9.42</Data></Cell>
    <Cell><Data ss:Type="Number">-7.0000000000000007E-2</Data></Cell>
    <Cell><Data ss:Type="Number">-0.92</Data></Cell>
    <Cell><Data ss:Type="Number">21.9</Data></Cell>
    <Cell><Data ss:Type="Number">40.700000000000003</Data></Cell>
    <Cell><Data ss:Type="Number">0</Data></Cell>
    <Cell><Data ss:Type="Number">0</Data></Cell>
    <Cell><Data ss:Type="String">2023-12-07 15:36:51.463963</Data></Cell>
   </Row>
   <Row>
    <Cell><Data ss:Type="String">239</Data></Cell>
    <Cell><Data ss:Type="Number">0.15</Data></Cell>
    <Cell><Data ss:Type="Number">-9.92</Data></Cell>
    <Cell><Data ss:Type="Number">0.1</Data></Cell>
    <Cell><Data ss:Type="Number">-9.43</Data></Cell>
    <Cell><Data ss:Type="Number">-0.06</Data></Cell>
    <Cell><Data ss:Type="Number">-0.92</Data></Cell>
    <Cell><Data ss:Type="Number">21.9</Data></Cell>
    <Cell><Data ss:Type="Number">40.700000000000003</Data></Cell>
    <Cell><Data ss:Type="Number">0</Data></Cell>
    <Cell><Data ss:Type="Number">0</Data></Cell>
    <Cell><Data ss:Type="String">2023-12-07 15:36:51.460999</Data></Cell>
   </Row>
   <Row>
    <Cell><Data ss:Type="String">238</Data></Cell>
    <Cell><Data ss:Type="Number">0.24</Data></Cell>
    <Cell><Data ss:Type="Number">-9.93</Data></Cell>
    <Cell><Data ss:Type="Number">0.1</Data></Cell>
    <Cell><Data ss:Type="Number">-9.4499999999999993</Data></Cell>
    <Cell><Data ss:Type="Number">-0.06</Data></Cell>
    <Cell><Data ss:Type="Number">-0.91</Data></Cell>
    <Cell><Data ss:Type="Number">21.9</Data></Cell>
    <Cell><Data ss:Type="Number">40.700000000000003</Data></Cell>
    <Cell><Data ss:Type="Number">0</Data></Cell>
    <Cell><Data ss:Type="Number">0</Data></Cell>
    <Cell><Data ss:Type="String">2023-12-07 15:36:51.212001</Data></Cell>
   </Row>
   <Row>
    <Cell><Data ss:Type="String">237</Data></Cell>
    <Cell><Data ss:Type="Number">0.31</Data></Cell>
    <Cell><Data ss:Type="Number">-10.09</Data></Cell>
    <Cell><Data ss:Type="Number">0.16</Data></Cell>
    <Cell><Data ss:Type="Number">-9.4700000000000006</Data></Cell>
    <Cell><Data ss:Type="Number">-7.0000000000000007E-2</Data></Cell>
    <Cell><Data ss:Type="Number">-0.9</Data></Cell>
    <Cell><Data ss:Type="Number">21.9</Data></Cell>
    <Cell><Data ss:Type="Number">40.700000000000003</Data></Cell>
    <Cell><Data ss:Type="Number">0</Data></Cell>
    <Cell><Data ss:Type="Number">0</Data></Cell>
    <Cell><Data ss:Type="String">2023-12-07 15:36:51.186314</Data></Cell>
   </Row>
   <Row>
    <Cell><Data ss:Type="String">236</Data></Cell>
    <Cell><Data ss:Type="Number">0.28000000000000003</Data></Cell>
    <Cell><Data ss:Type="Number">-10.220000000000001</Data></Cell>
    <Cell><Data ss:Type="Number">0.15</Data></Cell>
    <Cell><Data ss:Type="Number">-9.56</Data></Cell>
    <Cell><Data ss:Type="Number">-0.08</Data></Cell>
    <Cell><Data ss:Type="Number">-0.93</Data></Cell>
    <Cell><Data ss:Type="Number">21.9</Data></Cell>
    <Cell><Data ss:Type="Number">40.700000000000003</Data></Cell>
    <Cell><Data ss:Type="Number">0</Data></Cell>
    <Cell><Data ss:Type="Number">0</Data></Cell>
    <Cell><Data ss:Type="String">2023-12-07 15:36:51.184493</Data></Cell>
   </Row>
   <Row>
    <Cell><Data ss:Type="String">235</Data></Cell>
    <Cell><Data ss:Type="Number">0.3</Data></Cell>
    <Cell><Data ss:Type="Number">-10.24</Data></Cell>
    <Cell><Data ss:Type="Number">0.2</Data></Cell>
    <Cell><Data ss:Type="Number">-9.52</Data></Cell>
    <Cell><Data ss:Type="Number">-0.06</Data></Cell>
    <Cell><Data ss:Type="Number">-0.89</Data></Cell>
    <Cell><Data ss:Type="Number">21.9</Data></Cell>
    <Cell><Data ss:Type="Number">40.700000000000003</Data></Cell>
    <Cell><Data ss:Type="Number">0</Data></Cell>
    <Cell><Data ss:Type="Number">0</Data></Cell>
    <Cell><Data ss:Type="String">2023-12-07 15:36:51.138729</Data></Cell>
   </Row>
   <Row>
    <Cell><Data ss:Type="String">234</Data></Cell>
    <Cell><Data ss:Type="Number">0.28999999999999998</Data></Cell>
    <Cell><Data ss:Type="Number">-9.9600000000000009</Data></Cell>
    <Cell><Data ss:Type="Number">0.13</Data></Cell>
    <Cell><Data ss:Type="Number">-9.44</Data></Cell>
    <Cell><Data ss:Type="Number">-0.09</Data></Cell>
    <Cell><Data ss:Type="Number">-0.93</Data></Cell>
    <Cell><Data ss:Type="Number">21.9</Data></Cell>
    <Cell><Data ss:Type="Number">40.700000000000003</Data></Cell>
    <Cell><Data ss:Type="Number">0</Data></Cell>
    <Cell><Data ss:Type="Number">0</Data></Cell>
    <Cell><Data ss:Type="String">2023-12-07 15:36:51.095593</Data></Cell>
   </Row>
   <Row>
    <Cell><Data ss:Type="String">233</Data></Cell>
    <Cell><Data ss:Type="Number">0.25</Data></Cell>
    <Cell><Data ss:Type="Number">-9.9</Data></Cell>
    <Cell><Data ss:Type="Number">0.16</Data></Cell>
    <Cell><Data ss:Type="Number">-9.41</Data></Cell>
    <Cell><Data ss:Type="Number">-7.0000000000000007E-2</Data></Cell>
    <Cell><Data ss:Type="Number">-0.92</Data></Cell>
    <Cell><Data ss:Type="Number">21.9</Data></Cell>
    <Cell><Data ss:Type="Number">40.700000000000003</Data></Cell>
    <Cell><Data ss:Type="Number">0</Data></Cell>
    <Cell><Data ss:Type="Number">0</Data></Cell>
    <Cell><Data ss:Type="String">2023-12-07 15:36:51.051406</Data></Cell>
   </Row>
   <Row>
    <Cell><Data ss:Type="String">232</Data></Cell>
    <Cell><Data ss:Type="Number">0.31</Data></Cell>
    <Cell><Data ss:Type="Number">-9.9499999999999993</Data></Cell>
    <Cell><Data ss:Type="Number">0.14000000000000001</Data></Cell>
    <Cell><Data ss:Type="Number">-9.4700000000000006</Data></Cell>
    <Cell><Data ss:Type="Number">-7.0000000000000007E-2</Data></Cell>
    <Cell><Data ss:Type="Number">-0.92</Data></Cell>
    <Cell><Data ss:Type="Number">21.9</Data></Cell>
    <Cell><Data ss:Type="Number">40.700000000000003</Data></Cell>
    <Cell><Data ss:Type="Number">0</Data></Cell>
    <Cell><Data ss:Type="Number">0</Data></Cell>
    <Cell><Data ss:Type="String">2023-12-07 15:36:51.049635</Data></Cell>
   </Row>
   <Row>
    <Cell><Data ss:Type="String">231</Data></Cell>
    <Cell><Data ss:Type="Number">0.28000000000000003</Data></Cell>
    <Cell><Data ss:Type="Number">-10.220000000000001</Data></Cell>
    <Cell><Data ss:Type="Number">0.16</Data></Cell>
    <Cell><Data ss:Type="Number">-9.5399999999999991</Data></Cell>
    <Cell><Data ss:Type="Number">-0.08</Data></Cell>
    <Cell><Data ss:Type="Number">-0.89</Data></Cell>
    <Cell><Data ss:Type="Number">21.9</Data></Cell>
    <Cell><Data ss:Type="Number">40.700000000000003</Data></Cell>
    <Cell><Data ss:Type="Number">0</Data></Cell>
    <Cell><Data ss:Type="Number">0</Data></Cell>
    <Cell><Data ss:Type="String">2023-12-07 15:36:51.001153</Data></Cell>
   </Row>
   <Row>
    <Cell><Data ss:Type="String">230</Data></Cell>
    <Cell><Data ss:Type="Number">0.31</Data></Cell>
    <Cell><Data ss:Type="Number">-10.23</Data></Cell>
    <Cell><Data ss:Type="Number">0.18</Data></Cell>
    <Cell><Data ss:Type="Number">-9.4700000000000006</Data></Cell>
    <Cell><Data ss:Type="Number">-0.04</Data></Cell>
    <Cell><Data ss:Type="Number">-0.88</Data></Cell>
    <Cell><Data ss:Type="Number">21.9</Data></Cell>
    <Cell><Data ss:Type="Number">40.700000000000003</Data></Cell>
    <Cell><Data ss:Type="Number">0</Data></Cell>
    <Cell><Data ss:Type="Number">0</Data></Cell>
    <Cell><Data ss:Type="String">2023-12-07 15:36:50.957311</Data></Cell>
   </Row>
   <Row>
    <Cell><Data ss:Type="String">229</Data></Cell>
    <Cell><Data ss:Type="Number">0.32</Data></Cell>
    <Cell><Data ss:Type="Number">-10.130000000000001</Data></Cell>
    <Cell><Data ss:Type="Number">0.18</Data></Cell>
    <Cell><Data ss:Type="Number">-9.4700000000000006</Data></Cell>
    <Cell><Data ss:Type="Number">-0.09</Data></Cell>
    <Cell><Data ss:Type="Number">-0.91</Data></Cell>
    <Cell><Data ss:Type="Number">21.9</Data></Cell>
    <Cell><Data ss:Type="Number">40.700000000000003</Data></Cell>
    <Cell><Data ss:Type="Number">0</Data></Cell>
    <Cell><Data ss:Type="Number">0</Data></Cell>
    <Cell><Data ss:Type="String">2023-12-07 15:36:50.955499</Data></Cell>
   </Row>
   <Row>
    <Cell><Data ss:Type="String">228</Data></Cell>
    <Cell><Data ss:Type="Number">0.25</Data></Cell>
    <Cell><Data ss:Type="Number">-9.99</Data></Cell>
    <Cell><Data ss:Type="Number">-0.01</Data></Cell>
    <Cell><Data ss:Type="Number">-9.41</Data></Cell>
    <Cell><Data ss:Type="Number">-7.0000000000000007E-2</Data></Cell>
    <Cell><Data ss:Type="Number">-0.91</Data></Cell>
    <Cell><Data ss:Type="Number">21.9</Data></Cell>
    <Cell><Data ss:Type="Number">40.700000000000003</Data></Cell>
    <Cell><Data ss:Type="Number">0</Data></Cell>
    <Cell><Data ss:Type="Number">0</Data></Cell>
    <Cell><Data ss:Type="String">2023-12-07 15:36:50.953715</Data></Cell>
   </Row>
   <Row>
    <Cell><Data ss:Type="String">227</Data></Cell>
    <Cell><Data ss:Type="Number">0.24</Data></Cell>
    <Cell><Data ss:Type="Number">-9.91</Data></Cell>
    <Cell><Data ss:Type="Number">0.14000000000000001</Data></Cell>
    <Cell><Data ss:Type="Number">-9.44</Data></Cell>
    <Cell><Data ss:Type="Number">-0.08</Data></Cell>
    <Cell><Data ss:Type="Number">-0.91</Data></Cell>
    <Cell><Data ss:Type="Number">21.9</Data></Cell>
    <Cell><Data ss:Type="Number">40.700000000000003</Data></Cell>
    <Cell><Data ss:Type="Number">0</Data></Cell>
    <Cell><Data ss:Type="Number">0</Data></Cell>
    <Cell><Data ss:Type="String">2023-12-07 15:36:50.951770</Data></Cell>
   </Row>
   <Row>
    <Cell><Data ss:Type="String">226</Data></Cell>
    <Cell><Data ss:Type="Number">0.28999999999999998</Data></Cell>
    <Cell><Data ss:Type="Number">-10.130000000000001</Data></Cell>
    <Cell><Data ss:Type="Number">0.09</Data></Cell>
    <Cell><Data ss:Type="Number">-9.51</Data></Cell>
    <Cell><Data ss:Type="Number">-0.06</Data></Cell>
    <Cell><Data ss:Type="Number">-0.9</Data></Cell>
    <Cell><Data ss:Type="Number">21.9</Data></Cell>
    <Cell><Data ss:Type="Number">40.700000000000003</Data></Cell>
    <Cell><Data ss:Type="Number">0</Data></Cell>
    <Cell><Data ss:Type="Number">0</Data></Cell>
    <Cell><Data ss:Type="String">2023-12-07 15:36:50.949550</Data></Cell>
   </Row>
   <Row>
    <Cell><Data ss:Type="String">225</Data></Cell>
    <Cell><Data ss:Type="Number">0.28999999999999998</Data></Cell>
    <Cell><Data ss:Type="Number">-10.199999999999999</Data></Cell>
    <Cell><Data ss:Type="Number">0.16</Data></Cell>
    <Cell><Data ss:Type="Number">-9.5299999999999994</Data></Cell>
    <Cell><Data ss:Type="Number">-7.0000000000000007E-2</Data></Cell>
    <Cell><Data ss:Type="Number">-0.87</Data></Cell>
    <Cell><Data ss:Type="Number">21.9</Data></Cell>
    <Cell><Data ss:Type="Number">40.700000000000003</Data></Cell>
    <Cell><Data ss:Type="Number">0</Data></Cell>
    <Cell><Data ss:Type="Number">0</Data></Cell>
    <Cell><Data ss:Type="String">2023-12-07 15:36:50.810360</Data></Cell>
   </Row>
   <Row>
    <Cell><Data ss:Type="String">224</Data></Cell>
    <Cell><Data ss:Type="Number">0.27</Data></Cell>
    <Cell><Data ss:Type="Number">-10.28</Data></Cell>
    <Cell><Data ss:Type="Number">0.19</Data></Cell>
    <Cell><Data ss:Type="Number">-9.56</Data></Cell>
    <Cell><Data ss:Type="Number">-0.06</Data></Cell>
    <Cell><Data ss:Type="Number">-0.9</Data></Cell>
    <Cell><Data ss:Type="Number">21.9</Data></Cell>
    <Cell><Data ss:Type="Number">40.700000000000003</Data></Cell>
    <Cell><Data ss:Type="Number">0</Data></Cell>
    <Cell><Data ss:Type="Number">0</Data></Cell>
    <Cell><Data ss:Type="String">2023-12-07 15:36:50.756887</Data></Cell>
   </Row>
   <Row>
    <Cell><Data ss:Type="String">223</Data></Cell>
    <Cell><Data ss:Type="Number">0.24</Data></Cell>
    <Cell><Data ss:Type="Number">-9.9499999999999993</Data></Cell>
    <Cell><Data ss:Type="Number">0.1</Data></Cell>
    <Cell><Data ss:Type="Number">-9.43</Data></Cell>
    <Cell><Data ss:Type="Number">-0.08</Data></Cell>
    <Cell><Data ss:Type="Number">-0.92</Data></Cell>
    <Cell><Data ss:Type="Number">21.9</Data></Cell>
    <Cell><Data ss:Type="Number">40.700000000000003</Data></Cell>
    <Cell><Data ss:Type="Number">0</Data></Cell>
    <Cell><Data ss:Type="Number">0</Data></Cell>
    <Cell><Data ss:Type="String">2023-12-07 15:36:50.755084</Data></Cell>
   </Row>
   <Row>
    <Cell><Data ss:Type="String">222</Data></Cell>
    <Cell><Data ss:Type="Number">0.35</Data></Cell>
    <Cell><Data ss:Type="Number">-9.9</Data></Cell>
    <Cell><Data ss:Type="Number">0.13</Data></Cell>
    <Cell><Data ss:Type="Number">-9.43</Data></Cell>
    <Cell><Data ss:Type="Number">-0.09</Data></Cell>
    <Cell><Data ss:Type="Number">-0.93</Data></Cell>
    <Cell><Data ss:Type="Number">21.9</Data></Cell>
    <Cell><Data ss:Type="Number">40.700000000000003</Data></Cell>
    <Cell><Data ss:Type="Number">0</Data></Cell>
    <Cell><Data ss:Type="Number">0</Data></Cell>
    <Cell><Data ss:Type="String">2023-12-07 15:36:50.709187</Data></Cell>
   </Row>
   <Row>
    <Cell><Data ss:Type="String">221</Data></Cell>
    <Cell><Data ss:Type="Number">0.27</Data></Cell>
    <Cell><Data ss:Type="Number">-9.92</Data></Cell>
    <Cell><Data ss:Type="Number">0.15</Data></Cell>
    <Cell><Data ss:Type="Number">-9.4600000000000009</Data></Cell>
    <Cell><Data ss:Type="Number">-0.08</Data></Cell>
    <Cell><Data ss:Type="Number">-0.91</Data></Cell>
    <Cell><Data ss:Type="Number">21.9</Data></Cell>
    <Cell><Data ss:Type="Number">40.700000000000003</Data></Cell>
    <Cell><Data ss:Type="Number">0</Data></Cell>
    <Cell><Data ss:Type="Number">0</Data></Cell>
    <Cell><Data ss:Type="String">2023-12-07 15:36:50.666320</Data></Cell>
   </Row>
   <Row>
    <Cell><Data ss:Type="String">220</Data></Cell>
    <Cell><Data ss:Type="Number">0.27</Data></Cell>
    <Cell><Data ss:Type="Number">-10.28</Data></Cell>
    <Cell><Data ss:Type="Number">0.11</Data></Cell>
    <Cell><Data ss:Type="Number">-9.52</Data></Cell>
    <Cell><Data ss:Type="Number">-7.0000000000000007E-2</Data></Cell>
    <Cell><Data ss:Type="Number">-0.9</Data></Cell>
    <Cell><Data ss:Type="Number">21.9</Data></Cell>
    <Cell><Data ss:Type="Number">40.700000000000003</Data></Cell>
    <Cell><Data ss:Type="Number">0</Data></Cell>
    <Cell><Data ss:Type="Number">0</Data></Cell>
    <Cell><Data ss:Type="String">2023-12-07 15:36:50.664414</Data></Cell>
   </Row>
   <Row>
    <Cell><Data ss:Type="String">219</Data></Cell>
    <Cell><Data ss:Type="Number">0.34</Data></Cell>
    <Cell><Data ss:Type="Number">-10.27</Data></Cell>
    <Cell><Data ss:Type="Number">0.18</Data></Cell>
    <Cell><Data ss:Type="Number">-9.5299999999999994</Data></Cell>
    <Cell><Data ss:Type="Number">-0.08</Data></Cell>
    <Cell><Data ss:Type="Number">-0.87</Data></Cell>
    <Cell><Data ss:Type="Number">21.9</Data></Cell>
    <Cell><Data ss:Type="Number">40.700000000000003</Data></Cell>
    <Cell><Data ss:Type="Number">0</Data></Cell>
    <Cell><Data ss:Type="Number">0</Data></Cell>
    <Cell><Data ss:Type="String">2023-12-07 15:36:50.616862</Data></Cell>
   </Row>
   <Row>
    <Cell><Data ss:Type="String">218</Data></Cell>
    <Cell><Data ss:Type="Number">0.26</Data></Cell>
    <Cell><Data ss:Type="Number">-10.08</Data></Cell>
    <Cell><Data ss:Type="Number">0.18</Data></Cell>
    <Cell><Data ss:Type="Number">-9.4499999999999993</Data></Cell>
    <Cell><Data ss:Type="Number">-0.04</Data></Cell>
    <Cell><Data ss:Type="Number">-0.89</Data></Cell>
    <Cell><Data ss:Type="Number">21.9</Data></Cell>
    <Cell><Data ss:Type="Number">40.700000000000003</Data></Cell>
    <Cell><Data ss:Type="Number">0</Data></Cell>
    <Cell><Data ss:Type="Number">0</Data></Cell>
    <Cell><Data ss:Type="String">2023-12-07 15:36:50.614946</Data></Cell>
   </Row>
   <Row>
    <Cell><Data ss:Type="String">217</Data></Cell>
    <Cell><Data ss:Type="Number">0.3</Data></Cell>
    <Cell><Data ss:Type="Number">-10.029999999999999</Data></Cell>
    <Cell><Data ss:Type="Number">0.11</Data></Cell>
    <Cell><Data ss:Type="Number">-9.42</Data></Cell>
    <Cell><Data ss:Type="Number">-0.09</Data></Cell>
    <Cell><Data ss:Type="Number">-0.94</Data></Cell>
    <Cell><Data ss:Type="Number">21.9</Data></Cell>
    <Cell><Data ss:Type="Number">40.700000000000003</Data></Cell>
    <Cell><Data ss:Type="Number">0</Data></Cell>
    <Cell><Data ss:Type="Number">0</Data></Cell>
    <Cell><Data ss:Type="String">2023-12-07 15:36:50.611987</Data></Cell>
   </Row>
   <Row>
    <Cell><Data ss:Type="String">216</Data></Cell>
    <Cell><Data ss:Type="Number">0.28999999999999998</Data></Cell>
    <Cell><Data ss:Type="Number">-10.01</Data></Cell>
    <Cell><Data ss:Type="Number">0.14000000000000001</Data></Cell>
    <Cell><Data ss:Type="Number">-9.48</Data></Cell>
    <Cell><Data ss:Type="Number">-0.06</Data></Cell>
    <Cell><Data ss:Type="Number">-0.88</Data></Cell>
    <Cell><Data ss:Type="Number">21.9</Data></Cell>
    <Cell><Data ss:Type="Number">40.700000000000003</Data></Cell>
    <Cell><Data ss:Type="Number">0</Data></Cell>
    <Cell><Data ss:Type="Number">0</Data></Cell>
    <Cell><Data ss:Type="String">2023-12-07 15:36:50.483152</Data></Cell>
   </Row>
   <Row>
    <Cell><Data ss:Type="String">215</Data></Cell>
    <Cell><Data ss:Type="Number">0.31</Data></Cell>
    <Cell><Data ss:Type="Number">-10.18</Data></Cell>
    <Cell><Data ss:Type="Number">0.2</Data></Cell>
    <Cell><Data ss:Type="Number">-9.5500000000000007</Data></Cell>
    <Cell><Data ss:Type="Number">-7.0000000000000007E-2</Data></Cell>
    <Cell><Data ss:Type="Number">-0.89</Data></Cell>
    <Cell><Data ss:Type="Number">21.9</Data></Cell>
    <Cell><Data ss:Type="Number">40.700000000000003</Data></Cell>
    <Cell><Data ss:Type="Number">0</Data></Cell>
    <Cell><Data ss:Type="Number">0</Data></Cell>
    <Cell><Data ss:Type="String">2023-12-07 15:36:50.477802</Data></Cell>
   </Row>
   <Row>
    <Cell><Data ss:Type="String">214</Data></Cell>
    <Cell><Data ss:Type="Number">0.32</Data></Cell>
    <Cell><Data ss:Type="Number">-10.25</Data></Cell>
    <Cell><Data ss:Type="Number">0.17</Data></Cell>
    <Cell><Data ss:Type="Number">-9.56</Data></Cell>
    <Cell><Data ss:Type="Number">-0.09</Data></Cell>
    <Cell><Data ss:Type="Number">-0.87</Data></Cell>
    <Cell><Data ss:Type="Number">21.9</Data></Cell>
    <Cell><Data ss:Type="Number">40.700000000000003</Data></Cell>
    <Cell><Data ss:Type="Number">0</Data></Cell>
    <Cell><Data ss:Type="Number">0</Data></Cell>
    <Cell><Data ss:Type="String">2023-12-07 15:36:50.435126</Data></Cell>
   </Row>
   <Row>
    <Cell><Data ss:Type="String">213</Data></Cell>
    <Cell><Data ss:Type="Number">0.27</Data></Cell>
    <Cell><Data ss:Type="Number">-10.210000000000001</Data></Cell>
    <Cell><Data ss:Type="Number">0.16</Data></Cell>
    <Cell><Data ss:Type="Number">-9.52</Data></Cell>
    <Cell><Data ss:Type="Number">-0.05</Data></Cell>
    <Cell><Data ss:Type="Number">-0.88</Data></Cell>
    <Cell><Data ss:Type="Number">21.9</Data></Cell>
    <Cell><Data ss:Type="Number">40.700000000000003</Data></Cell>
    <Cell><Data ss:Type="Number">0</Data></Cell>
    <Cell><Data ss:Type="Number">0</Data></Cell>
    <Cell><Data ss:Type="String">2023-12-07 15:36:50.387007</Data></Cell>
   </Row>
   <Row>
    <Cell><Data ss:Type="String">212</Data></Cell>
    <Cell><Data ss:Type="Number">0.28000000000000003</Data></Cell>
    <Cell><Data ss:Type="Number">-10.18</Data></Cell>
    <Cell><Data ss:Type="Number">0.18</Data></Cell>
    <Cell><Data ss:Type="Number">-9.43</Data></Cell>
    <Cell><Data ss:Type="Number">-0.1</Data></Cell>
    <Cell><Data ss:Type="Number">-0.91</Data></Cell>
    <Cell><Data ss:Type="Number">21.9</Data></Cell>
    <Cell><Data ss:Type="Number">40.700000000000003</Data></Cell>
    <Cell><Data ss:Type="Number">0</Data></Cell>
    <Cell><Data ss:Type="Number">0</Data></Cell>
    <Cell><Data ss:Type="String">2023-12-07 15:36:50.385206</Data></Cell>
   </Row>
   <Row>
    <Cell><Data ss:Type="String">211</Data></Cell>
    <Cell><Data ss:Type="Number">0.44</Data></Cell>
    <Cell><Data ss:Type="Number">-9.91</Data></Cell>
    <Cell><Data ss:Type="Number">0.14000000000000001</Data></Cell>
    <Cell><Data ss:Type="Number">-9.43</Data></Cell>
    <Cell><Data ss:Type="Number">-0.05</Data></Cell>
    <Cell><Data ss:Type="Number">-0.93</Data></Cell>
    <Cell><Data ss:Type="Number">21.9</Data></Cell>
    <Cell><Data ss:Type="Number">40.700000000000003</Data></Cell>
    <Cell><Data ss:Type="Number">0</Data></Cell>
    <Cell><Data ss:Type="Number">0</Data></Cell>
    <Cell><Data ss:Type="String">2023-12-07 15:36:50.339785</Data></Cell>
   </Row>
   <Row>
    <Cell><Data ss:Type="String">210</Data></Cell>
    <Cell><Data ss:Type="Number">0.33</Data></Cell>
    <Cell><Data ss:Type="Number">-9.9700000000000006</Data></Cell>
    <Cell><Data ss:Type="Number">0.14000000000000001</Data></Cell>
    <Cell><Data ss:Type="Number">-9.43</Data></Cell>
    <Cell><Data ss:Type="Number">-0.08</Data></Cell>
    <Cell><Data ss:Type="Number">-0.91</Data></Cell>
    <Cell><Data ss:Type="Number">21.9</Data></Cell>
    <Cell><Data ss:Type="Number">40.700000000000003</Data></Cell>
    <Cell><Data ss:Type="Number">0</Data></Cell>
    <Cell><Data ss:Type="Number">0</Data></Cell>
    <Cell><Data ss:Type="String">2023-12-07 15:36:50.298964</Data></Cell>
   </Row>
   <Row>
    <Cell><Data ss:Type="String">209</Data></Cell>
    <Cell><Data ss:Type="Number">0.32</Data></Cell>
    <Cell><Data ss:Type="Number">-10.31</Data></Cell>
    <Cell><Data ss:Type="Number">0.04</Data></Cell>
    <Cell><Data ss:Type="Number">-9.5</Data></Cell>
    <Cell><Data ss:Type="Number">-0.08</Data></Cell>
    <Cell><Data ss:Type="Number">-0.88</Data></Cell>
    <Cell><Data ss:Type="Number">21.9</Data></Cell>
    <Cell><Data ss:Type="Number">40.700000000000003</Data></Cell>
    <Cell><Data ss:Type="Number">0</Data></Cell>
    <Cell><Data ss:Type="Number">0</Data></Cell>
    <Cell><Data ss:Type="String">2023-12-07 15:36:50.296941</Data></Cell>
   </Row>
   <Row>
    <Cell><Data ss:Type="String">208</Data></Cell>
    <Cell><Data ss:Type="Number">0.25</Data></Cell>
    <Cell><Data ss:Type="Number">-10.24</Data></Cell>
    <Cell><Data ss:Type="Number">0.17</Data></Cell>
    <Cell><Data ss:Type="Number">-9.4600000000000009</Data></Cell>
    <Cell><Data ss:Type="Number">-0.06</Data></Cell>
    <Cell><Data ss:Type="Number">-0.9</Data></Cell>
    <Cell><Data ss:Type="Number">21.9</Data></Cell>
    <Cell><Data ss:Type="Number">40.700000000000003</Data></Cell>
    <Cell><Data ss:Type="Number">0</Data></Cell>
    <Cell><Data ss:Type="Number">0</Data></Cell>
    <Cell><Data ss:Type="String">2023-12-07 15:36:50.254990</Data></Cell>
   </Row>
   <Row>
    <Cell><Data ss:Type="String">207</Data></Cell>
    <Cell><Data ss:Type="Number">0.15</Data></Cell>
    <Cell><Data ss:Type="Number">-10.050000000000001</Data></Cell>
    <Cell><Data ss:Type="Number">0.25</Data></Cell>
    <Cell><Data ss:Type="Number">-9.41</Data></Cell>
    <Cell><Data ss:Type="Number">-0.09</Data></Cell>
    <Cell><Data ss:Type="Number">-0.91</Data></Cell>
    <Cell><Data ss:Type="Number">21.9</Data></Cell>
    <Cell><Data ss:Type="Number">40.700000000000003</Data></Cell>
    <Cell><Data ss:Type="Number">0</Data></Cell>
    <Cell><Data ss:Type="Number">0</Data></Cell>
    <Cell><Data ss:Type="String">2023-12-07 15:36:50.253214</Data></Cell>
   </Row>
   <Row>
    <Cell><Data ss:Type="String">206</Data></Cell>
    <Cell><Data ss:Type="Number">0.47</Data></Cell>
    <Cell><Data ss:Type="Number">-9.9700000000000006</Data></Cell>
    <Cell><Data ss:Type="Number">0.16</Data></Cell>
    <Cell><Data ss:Type="Number">-9.44</Data></Cell>
    <Cell><Data ss:Type="Number">-0.04</Data></Cell>
    <Cell><Data ss:Type="Number">-0.91</Data></Cell>
    <Cell><Data ss:Type="Number">21.9</Data></Cell>
    <Cell><Data ss:Type="Number">40.700000000000003</Data></Cell>
    <Cell><Data ss:Type="Number">0</Data></Cell>
    <Cell><Data ss:Type="Number">0</Data></Cell>
    <Cell><Data ss:Type="String">2023-12-07 15:36:50.251316</Data></Cell>
   </Row>
   <Row>
    <Cell><Data ss:Type="String">205</Data></Cell>
    <Cell><Data ss:Type="Number">0.25</Data></Cell>
    <Cell><Data ss:Type="Number">-10.11</Data></Cell>
    <Cell><Data ss:Type="Number">0.43</Data></Cell>
    <Cell><Data ss:Type="Number">-9.4700000000000006</Data></Cell>
    <Cell><Data ss:Type="Number">-0.1</Data></Cell>
    <Cell><Data ss:Type="Number">-0.9</Data></Cell>
    <Cell><Data ss:Type="Number">21.9</Data></Cell>
    <Cell><Data ss:Type="Number">40.700000000000003</Data></Cell>
    <Cell><Data ss:Type="Number">0</Data></Cell>
    <Cell><Data ss:Type="Number">0</Data></Cell>
    <Cell><Data ss:Type="String">2023-12-07 15:36:50.249296</Data></Cell>
   </Row>
   <Row>
    <Cell><Data ss:Type="String">204</Data></Cell>
    <Cell><Data ss:Type="Number">0.28999999999999998</Data></Cell>
    <Cell><Data ss:Type="Number">-10.23</Data></Cell>
    <Cell><Data ss:Type="Number">0.12</Data></Cell>
    <Cell><Data ss:Type="Number">-9.52</Data></Cell>
    <Cell><Data ss:Type="Number">-0.08</Data></Cell>
    <Cell><Data ss:Type="Number">-0.89</Data></Cell>
    <Cell><Data ss:Type="Number">21.9</Data></Cell>
    <Cell><Data ss:Type="Number">40.700000000000003</Data></Cell>
    <Cell><Data ss:Type="Number">0</Data></Cell>
    <Cell><Data ss:Type="Number">0</Data></Cell>
    <Cell><Data ss:Type="String">2023-12-07 15:36:50.247332</Data></Cell>
   </Row>
   <Row>
    <Cell><Data ss:Type="String">203</Data></Cell>
    <Cell><Data ss:Type="Number">0.32</Data></Cell>
    <Cell><Data ss:Type="Number">-10.28</Data></Cell>
    <Cell><Data ss:Type="Number">0.14000000000000001</Data></Cell>
    <Cell><Data ss:Type="Number">-9.57</Data></Cell>
    <Cell><Data ss:Type="Number">-0.08</Data></Cell>
    <Cell><Data ss:Type="Number">-0.89</Data></Cell>
    <Cell><Data ss:Type="Number">21.9</Data></Cell>
    <Cell><Data ss:Type="Number">40.700000000000003</Data></Cell>
    <Cell><Data ss:Type="Number">0</Data></Cell>
    <Cell><Data ss:Type="Number">0</Data></Cell>
    <Cell><Data ss:Type="String">2023-12-07 15:36:50.244327</Data></Cell>
   </Row>
   <Row>
    <Cell><Data ss:Type="String">202</Data></Cell>
    <Cell><Data ss:Type="Number">0.28999999999999998</Data></Cell>
    <Cell><Data ss:Type="Number">-10.01</Data></Cell>
    <Cell><Data ss:Type="Number">0.15</Data></Cell>
    <Cell><Data ss:Type="Number">-9.41</Data></Cell>
    <Cell><Data ss:Type="Number">-0.09</Data></Cell>
    <Cell><Data ss:Type="Number">-0.87</Data></Cell>
    <Cell><Data ss:Type="Number">21.9</Data></Cell>
    <Cell><Data ss:Type="Number">40.700000000000003</Data></Cell>
    <Cell><Data ss:Type="Number">0</Data></Cell>
    <Cell><Data ss:Type="Number">0</Data></Cell>
    <Cell><Data ss:Type="String">2023-12-07 15:36:50.237157</Data></Cell>
   </Row>
   <Row>
    <Cell><Data ss:Type="String">201</Data></Cell>
    <Cell><Data ss:Type="Number">0.28999999999999998</Data></Cell>
    <Cell><Data ss:Type="Number">-9.94</Data></Cell>
    <Cell><Data ss:Type="Number">7.0000000000000007E-2</Data></Cell>
    <Cell><Data ss:Type="Number">-9.42</Data></Cell>
    <Cell><Data ss:Type="Number">-0.06</Data></Cell>
    <Cell><Data ss:Type="Number">-0.92</Data></Cell>
    <Cell><Data ss:Type="Number">21.9</Data></Cell>
    <Cell><Data ss:Type="Number">40.700000000000003</Data></Cell>
    <Cell><Data ss:Type="Number">0</Data></Cell>
    <Cell><Data ss:Type="Number">0</Data></Cell>
    <Cell><Data ss:Type="String">2023-12-07 15:36:50.019107</Data></Cell>
   </Row>
   <Row>
    <Cell><Data ss:Type="String">200</Data></Cell>
    <Cell><Data ss:Type="Number">0.28999999999999998</Data></Cell>
    <Cell><Data ss:Type="Number">-9.89</Data></Cell>
    <Cell><Data ss:Type="Number">0.21</Data></Cell>
    <Cell><Data ss:Type="Number">-9.43</Data></Cell>
    <Cell><Data ss:Type="Number">-0.08</Data></Cell>
    <Cell><Data ss:Type="Number">-0.89</Data></Cell>
    <Cell><Data ss:Type="Number">21.9</Data></Cell>
    <Cell><Data ss:Type="Number">40.700000000000003</Data></Cell>
    <Cell><Data ss:Type="Number">0</Data></Cell>
    <Cell><Data ss:Type="Number">0</Data></Cell>
    <Cell><Data ss:Type="String">2023-12-07 15:36:50.017256</Data></Cell>
   </Row>
   <Row>
    <Cell><Data ss:Type="String">199</Data></Cell>
    <Cell><Data ss:Type="Number">0.27</Data></Cell>
    <Cell><Data ss:Type="Number">-10.07</Data></Cell>
    <Cell><Data ss:Type="Number">0.17</Data></Cell>
    <Cell><Data ss:Type="Number">-9.5</Data></Cell>
    <Cell><Data ss:Type="Number">-7.0000000000000007E-2</Data></Cell>
    <Cell><Data ss:Type="Number">-0.89</Data></Cell>
    <Cell><Data ss:Type="Number">21.9</Data></Cell>
    <Cell><Data ss:Type="Number">40.700000000000003</Data></Cell>
    <Cell><Data ss:Type="Number">0</Data></Cell>
    <Cell><Data ss:Type="Number">0</Data></Cell>
    <Cell><Data ss:Type="String">2023-12-07 15:36:50.015345</Data></Cell>
   </Row>
   <Row>
    <Cell><Data ss:Type="String">198</Data></Cell>
    <Cell><Data ss:Type="Number">0.31</Data></Cell>
    <Cell><Data ss:Type="Number">-10.210000000000001</Data></Cell>
    <Cell><Data ss:Type="Number">0.21</Data></Cell>
    <Cell><Data ss:Type="Number">-9.5299999999999994</Data></Cell>
    <Cell><Data ss:Type="Number">-0.06</Data></Cell>
    <Cell><Data ss:Type="Number">-0.91</Data></Cell>
    <Cell><Data ss:Type="Number">21.9</Data></Cell>
    <Cell><Data ss:Type="Number">40.700000000000003</Data></Cell>
    <Cell><Data ss:Type="Number">0</Data></Cell>
    <Cell><Data ss:Type="Number">0</Data></Cell>
    <Cell><Data ss:Type="String">2023-12-07 15:36:50.012603</Data></Cell>
   </Row>
   <Row>
    <Cell><Data ss:Type="String">197</Data></Cell>
    <Cell><Data ss:Type="Number">0.28000000000000003</Data></Cell>
    <Cell><Data ss:Type="Number">-10.28</Data></Cell>
    <Cell><Data ss:Type="Number">0.2</Data></Cell>
    <Cell><Data ss:Type="Number">-9.5399999999999991</Data></Cell>
    <Cell><Data ss:Type="Number">-7.0000000000000007E-2</Data></Cell>
    <Cell><Data ss:Type="Number">-0.86</Data></Cell>
    <Cell><Data ss:Type="Number">21.9</Data></Cell>
    <Cell><Data ss:Type="Number">40.700000000000003</Data></Cell>
    <Cell><Data ss:Type="Number">0</Data></Cell>
    <Cell><Data ss:Type="Number">0</Data></Cell>
    <Cell><Data ss:Type="String">2023-12-07 15:36:50.010019</Data></Cell>
   </Row>
   <Row>
    <Cell><Data ss:Type="String">196</Data></Cell>
    <Cell><Data ss:Type="Number">0.27</Data></Cell>
    <Cell><Data ss:Type="Number">-10.19</Data></Cell>
    <Cell><Data ss:Type="Number">0.14000000000000001</Data></Cell>
    <Cell><Data ss:Type="Number">-9.5</Data></Cell>
    <Cell><Data ss:Type="Number">-0.06</Data></Cell>
    <Cell><Data ss:Type="Number">-0.91</Data></Cell>
    <Cell><Data ss:Type="Number">21.9</Data></Cell>
    <Cell><Data ss:Type="Number">40.700000000000003</Data></Cell>
    <Cell><Data ss:Type="Number">0</Data></Cell>
    <Cell><Data ss:Type="Number">0</Data></Cell>
    <Cell><Data ss:Type="String">2023-12-07 15:36:50.007647</Data></Cell>
   </Row>
   <Row>
    <Cell><Data ss:Type="String">195</Data></Cell>
    <Cell><Data ss:Type="Number">0.3</Data></Cell>
    <Cell><Data ss:Type="Number">-9.89</Data></Cell>
    <Cell><Data ss:Type="Number">0.19</Data></Cell>
    <Cell><Data ss:Type="Number">-9.41</Data></Cell>
    <Cell><Data ss:Type="Number">-0.09</Data></Cell>
    <Cell><Data ss:Type="Number">-0.91</Data></Cell>
    <Cell><Data ss:Type="Number">21.9</Data></Cell>
    <Cell><Data ss:Type="Number">40.700000000000003</Data></Cell>
    <Cell><Data ss:Type="Number">0</Data></Cell>
    <Cell><Data ss:Type="Number">0</Data></Cell>
    <Cell><Data ss:Type="String">2023-12-07 15:36:50.005561</Data></Cell>
   </Row>
   <Row>
    <Cell><Data ss:Type="String">194</Data></Cell>
    <Cell><Data ss:Type="Number">0.26</Data></Cell>
    <Cell><Data ss:Type="Number">-9.94</Data></Cell>
    <Cell><Data ss:Type="Number">0.11</Data></Cell>
    <Cell><Data ss:Type="Number">-9.4499999999999993</Data></Cell>
    <Cell><Data ss:Type="Number">-0.06</Data></Cell>
    <Cell><Data ss:Type="Number">-0.94</Data></Cell>
    <Cell><Data ss:Type="Number">21.9</Data></Cell>
    <Cell><Data ss:Type="Number">40.700000000000003</Data></Cell>
    <Cell><Data ss:Type="Number">0</Data></Cell>
    <Cell><Data ss:Type="Number">0</Data></Cell>
    <Cell><Data ss:Type="String">2023-12-07 15:36:49.776700</Data></Cell>
   </Row>
   <Row>
    <Cell><Data ss:Type="String">193</Data></Cell>
    <Cell><Data ss:Type="Number">0.45</Data></Cell>
    <Cell><Data ss:Type="Number">-10.210000000000001</Data></Cell>
    <Cell><Data ss:Type="Number">0.15</Data></Cell>
    <Cell><Data ss:Type="Number">-9.5399999999999991</Data></Cell>
    <Cell><Data ss:Type="Number">-0.05</Data></Cell>
    <Cell><Data ss:Type="Number">-0.88</Data></Cell>
    <Cell><Data ss:Type="Number">21.9</Data></Cell>
    <Cell><Data ss:Type="Number">40.700000000000003</Data></Cell>
    <Cell><Data ss:Type="Number">0</Data></Cell>
    <Cell><Data ss:Type="Number">0</Data></Cell>
    <Cell><Data ss:Type="String">2023-12-07 15:36:49.774101</Data></Cell>
   </Row>
   <Row>
    <Cell><Data ss:Type="String">192</Data></Cell>
    <Cell><Data ss:Type="Number">0.31</Data></Cell>
    <Cell><Data ss:Type="Number">-10.24</Data></Cell>
    <Cell><Data ss:Type="Number">0.02</Data></Cell>
    <Cell><Data ss:Type="Number">-9.5500000000000007</Data></Cell>
    <Cell><Data ss:Type="Number">-0.09</Data></Cell>
    <Cell><Data ss:Type="Number">-0.87</Data></Cell>
    <Cell><Data ss:Type="Number">21.9</Data></Cell>
    <Cell><Data ss:Type="Number">40.700000000000003</Data></Cell>
    <Cell><Data ss:Type="Number">0</Data></Cell>
    <Cell><Data ss:Type="Number">0</Data></Cell>
    <Cell><Data ss:Type="String">2023-12-07 15:36:49.725955</Data></Cell>
   </Row>
   <Row>
    <Cell><Data ss:Type="String">191</Data></Cell>
    <Cell><Data ss:Type="Number">0.21</Data></Cell>
    <Cell><Data ss:Type="Number">-10.15</Data></Cell>
    <Cell><Data ss:Type="Number">0.1</Data></Cell>
    <Cell><Data ss:Type="Number">-9.51</Data></Cell>
    <Cell><Data ss:Type="Number">-0.05</Data></Cell>
    <Cell><Data ss:Type="Number">-0.93</Data></Cell>
    <Cell><Data ss:Type="Number">21.9</Data></Cell>
    <Cell><Data ss:Type="Number">40.700000000000003</Data></Cell>
    <Cell><Data ss:Type="Number">0</Data></Cell>
    <Cell><Data ss:Type="Number">0</Data></Cell>
    <Cell><Data ss:Type="String">2023-12-07 15:36:49.723921</Data></Cell>
   </Row>
   <Row>
    <Cell><Data ss:Type="String">190</Data></Cell>
    <Cell><Data ss:Type="Number">0.27</Data></Cell>
    <Cell><Data ss:Type="Number">-10.01</Data></Cell>
    <Cell><Data ss:Type="Number">0.17</Data></Cell>
    <Cell><Data ss:Type="Number">-9.41</Data></Cell>
    <Cell><Data ss:Type="Number">-0.1</Data></Cell>
    <Cell><Data ss:Type="Number">-0.86</Data></Cell>
    <Cell><Data ss:Type="Number">21.9</Data></Cell>
    <Cell><Data ss:Type="Number">40.700000000000003</Data></Cell>
    <Cell><Data ss:Type="Number">0</Data></Cell>
    <Cell><Data ss:Type="Number">0</Data></Cell>
    <Cell><Data ss:Type="String">2023-12-07 15:36:49.722063</Data></Cell>
   </Row>
   <Row>
    <Cell><Data ss:Type="String">189</Data></Cell>
    <Cell><Data ss:Type="Number">0.21</Data></Cell>
    <Cell><Data ss:Type="Number">-9.9499999999999993</Data></Cell>
    <Cell><Data ss:Type="Number">0.03</Data></Cell>
    <Cell><Data ss:Type="Number">-9.4600000000000009</Data></Cell>
    <Cell><Data ss:Type="Number">-0.04</Data></Cell>
    <Cell><Data ss:Type="Number">-0.94</Data></Cell>
    <Cell><Data ss:Type="Number">21.9</Data></Cell>
    <Cell><Data ss:Type="Number">40.700000000000003</Data></Cell>
    <Cell><Data ss:Type="Number">0</Data></Cell>
    <Cell><Data ss:Type="Number">0</Data></Cell>
    <Cell><Data ss:Type="String">2023-12-07 15:36:49.719990</Data></Cell>
   </Row>
   <Row>
    <Cell><Data ss:Type="String">188</Data></Cell>
    <Cell><Data ss:Type="Number">0.27</Data></Cell>
    <Cell><Data ss:Type="Number">-9.86</Data></Cell>
    <Cell><Data ss:Type="Number">0.17</Data></Cell>
    <Cell><Data ss:Type="Number">-9.42</Data></Cell>
    <Cell><Data ss:Type="Number">-0.02</Data></Cell>
    <Cell><Data ss:Type="Number">-0.87</Data></Cell>
    <Cell><Data ss:Type="Number">21.9</Data></Cell>
    <Cell><Data ss:Type="Number">40.700000000000003</Data></Cell>
    <Cell><Data ss:Type="Number">0</Data></Cell>
    <Cell><Data ss:Type="Number">0</Data></Cell>
    <Cell><Data ss:Type="String">2023-12-07 15:36:49.573420</Data></Cell>
   </Row>
   <Row>
    <Cell><Data ss:Type="String">187</Data></Cell>
    <Cell><Data ss:Type="Number">0.46</Data></Cell>
    <Cell><Data ss:Type="Number">-10.26</Data></Cell>
    <Cell><Data ss:Type="Number">0.16</Data></Cell>
    <Cell><Data ss:Type="Number">-9.58</Data></Cell>
    <Cell><Data ss:Type="Number">-0.13</Data></Cell>
    <Cell><Data ss:Type="Number">-0.92</Data></Cell>
    <Cell><Data ss:Type="Number">21.9</Data></Cell>
    <Cell><Data ss:Type="Number">40.700000000000003</Data></Cell>
    <Cell><Data ss:Type="Number">0</Data></Cell>
    <Cell><Data ss:Type="Number">0</Data></Cell>
    <Cell><Data ss:Type="String">2023-12-07 15:36:49.571567</Data></Cell>
   </Row>
   <Row>
    <Cell><Data ss:Type="String">186</Data></Cell>
    <Cell><Data ss:Type="Number">0.32</Data></Cell>
    <Cell><Data ss:Type="Number">-10.14</Data></Cell>
    <Cell><Data ss:Type="Number">0.27</Data></Cell>
    <Cell><Data ss:Type="Number">-9.48</Data></Cell>
    <Cell><Data ss:Type="Number">-0.13</Data></Cell>
    <Cell><Data ss:Type="Number">-0.88</Data></Cell>
    <Cell><Data ss:Type="Number">21.9</Data></Cell>
    <Cell><Data ss:Type="Number">40.700000000000003</Data></Cell>
    <Cell><Data ss:Type="Number">0</Data></Cell>
    <Cell><Data ss:Type="Number">0</Data></Cell>
    <Cell><Data ss:Type="String">2023-12-07 15:36:49.508822</Data></Cell>
   </Row>
   <Row>
    <Cell><Data ss:Type="String">185</Data></Cell>
    <Cell><Data ss:Type="Number">7.0000000000000007E-2</Data></Cell>
    <Cell><Data ss:Type="Number">-10.27</Data></Cell>
    <Cell><Data ss:Type="Number">0.08</Data></Cell>
    <Cell><Data ss:Type="Number">-9.5</Data></Cell>
    <Cell><Data ss:Type="Number">-0.08</Data></Cell>
    <Cell><Data ss:Type="Number">-0.91</Data></Cell>
    <Cell><Data ss:Type="Number">21.9</Data></Cell>
    <Cell><Data ss:Type="Number">40.700000000000003</Data></Cell>
    <Cell><Data ss:Type="Number">0</Data></Cell>
    <Cell><Data ss:Type="Number">0</Data></Cell>
    <Cell><Data ss:Type="String">2023-12-07 15:36:49.464943</Data></Cell>
   </Row>
   <Row>
    <Cell><Data ss:Type="String">184</Data></Cell>
    <Cell><Data ss:Type="Number">0.98</Data></Cell>
    <Cell><Data ss:Type="Number">-10</Data></Cell>
    <Cell><Data ss:Type="Number">-0.17</Data></Cell>
    <Cell><Data ss:Type="Number">-9.48</Data></Cell>
    <Cell><Data ss:Type="Number">0.21</Data></Cell>
    <Cell><Data ss:Type="Number">-1</Data></Cell>
    <Cell><Data ss:Type="Number">21.9</Data></Cell>
    <Cell><Data ss:Type="Number">40.700000000000003</Data></Cell>
    <Cell><Data ss:Type="Number">0</Data></Cell>
    <Cell><Data ss:Type="Number">0</Data></Cell>
    <Cell><Data ss:Type="String">2023-12-07 15:36:49.462670</Data></Cell>
   </Row>
   <Row>
    <Cell><Data ss:Type="String">183</Data></Cell>
    <Cell><Data ss:Type="Number">0.5</Data></Cell>
    <Cell><Data ss:Type="Number">-9.98</Data></Cell>
    <Cell><Data ss:Type="Number">0.33</Data></Cell>
    <Cell><Data ss:Type="Number">-9.39</Data></Cell>
    <Cell><Data ss:Type="Number">-0.16</Data></Cell>
    <Cell><Data ss:Type="Number">-0.82</Data></Cell>
    <Cell><Data ss:Type="Number">21.9</Data></Cell>
    <Cell><Data ss:Type="Number">40.700000000000003</Data></Cell>
    <Cell><Data ss:Type="Number">0</Data></Cell>
    <Cell><Data ss:Type="Number">0</Data></Cell>
    <Cell><Data ss:Type="String">2023-12-07 15:36:49.425650</Data></Cell>
   </Row>
   <Row>
    <Cell><Data ss:Type="String">182</Data></Cell>
    <Cell><Data ss:Type="Number">1.05</Data></Cell>
    <Cell><Data ss:Type="Number">-10.15</Data></Cell>
    <Cell><Data ss:Type="Number">0.51</Data></Cell>
    <Cell><Data ss:Type="Number">-9.5500000000000007</Data></Cell>
    <Cell><Data ss:Type="Number">-0.45</Data></Cell>
    <Cell><Data ss:Type="Number">-0.91</Data></Cell>
    <Cell><Data ss:Type="Number">21.9</Data></Cell>
    <Cell><Data ss:Type="Number">40.700000000000003</Data></Cell>
    <Cell><Data ss:Type="Number">0</Data></Cell>
    <Cell><Data ss:Type="Number">0</Data></Cell>
    <Cell><Data ss:Type="String">2023-12-07 15:36:49.423128</Data></Cell>
   </Row>
   <Row>
    <Cell><Data ss:Type="String">181</Data></Cell>
    <Cell><Data ss:Type="Number">-0.28999999999999998</Data></Cell>
    <Cell><Data ss:Type="Number">-9.82</Data></Cell>
    <Cell><Data ss:Type="Number">0.91</Data></Cell>
    <Cell><Data ss:Type="Number">-9.3800000000000008</Data></Cell>
    <Cell><Data ss:Type="Number">-0.66</Data></Cell>
    <Cell><Data ss:Type="Number">-0.81</Data></Cell>
    <Cell><Data ss:Type="Number">21.9</Data></Cell>
    <Cell><Data ss:Type="Number">40.700000000000003</Data></Cell>
    <Cell><Data ss:Type="Number">0</Data></Cell>
    <Cell><Data ss:Type="Number">0</Data></Cell>
    <Cell><Data ss:Type="String">2023-12-07 15:36:49.420547</Data></Cell>
   </Row>
   <Row>
    <Cell><Data ss:Type="String">180</Data></Cell>
    <Cell><Data ss:Type="Number">1.1000000000000001</Data></Cell>
    <Cell><Data ss:Type="Number">-10.08</Data></Cell>
    <Cell><Data ss:Type="Number">-0.14000000000000001</Data></Cell>
    <Cell><Data ss:Type="Number">-9.4499999999999993</Data></Cell>
    <Cell><Data ss:Type="Number">-0.62</Data></Cell>
    <Cell><Data ss:Type="Number">-0.75</Data></Cell>
    <Cell><Data ss:Type="Number">21.9</Data></Cell>
    <Cell><Data ss:Type="Number">40.700000000000003</Data></Cell>
    <Cell><Data ss:Type="Number">0</Data></Cell>
    <Cell><Data ss:Type="Number">0</Data></Cell>
    <Cell><Data ss:Type="String">2023-12-07 15:36:49.417858</Data></Cell>
   </Row>
   <Row>
    <Cell><Data ss:Type="String">179</Data></Cell>
    <Cell><Data ss:Type="Number">-0.39</Data></Cell>
    <Cell><Data ss:Type="Number">-10.72</Data></Cell>
    <Cell><Data ss:Type="Number">-1.0900000000000001</Data></Cell>
    <Cell><Data ss:Type="Number">-9.67</Data></Cell>
    <Cell><Data ss:Type="Number">0.45</Data></Cell>
    <Cell><Data ss:Type="Number">-1.0900000000000001</Data></Cell>
    <Cell><Data ss:Type="Number">21.9</Data></Cell>
    <Cell><Data ss:Type="Number">40.700000000000003</Data></Cell>
    <Cell><Data ss:Type="Number">0</Data></Cell>
    <Cell><Data ss:Type="Number">0</Data></Cell>
    <Cell><Data ss:Type="String">2023-12-07 15:36:49.415222</Data></Cell>
   </Row>
   <Row>
    <Cell><Data ss:Type="String">178</Data></Cell>
    <Cell><Data ss:Type="Number">-3.77</Data></Cell>
    <Cell><Data ss:Type="Number">-10.63</Data></Cell>
    <Cell><Data ss:Type="Number">-1.25</Data></Cell>
    <Cell><Data ss:Type="Number">-9.5299999999999994</Data></Cell>
    <Cell><Data ss:Type="Number">1.97</Data></Cell>
    <Cell><Data ss:Type="Number">-0.78</Data></Cell>
    <Cell><Data ss:Type="Number">21.9</Data></Cell>
    <Cell><Data ss:Type="Number">40.700000000000003</Data></Cell>
    <Cell><Data ss:Type="Number">0</Data></Cell>
    <Cell><Data ss:Type="Number">0</Data></Cell>
    <Cell><Data ss:Type="String">2023-12-07 15:36:49.247645</Data></Cell>
   </Row>
   <Row>
    <Cell><Data ss:Type="String">177</Data></Cell>
    <Cell><Data ss:Type="Number">0.28999999999999998</Data></Cell>
    <Cell><Data ss:Type="Number">-10.1</Data></Cell>
    <Cell><Data ss:Type="Number">0.26</Data></Cell>
    <Cell><Data ss:Type="Number">-9.41</Data></Cell>
    <Cell><Data ss:Type="Number">-7.0000000000000007E-2</Data></Cell>
    <Cell><Data ss:Type="Number">-0.9</Data></Cell>
    <Cell><Data ss:Type="Number">21.9</Data></Cell>
    <Cell><Data ss:Type="Number">40.700000000000003</Data></Cell>
    <Cell><Data ss:Type="Number">0</Data></Cell>
    <Cell><Data ss:Type="Number">0</Data></Cell>
    <Cell><Data ss:Type="String">2023-12-07 15:36:49.201505</Data></Cell>
   </Row>
   <Row>
    <Cell><Data ss:Type="String">176</Data></Cell>
    <Cell><Data ss:Type="Number">0.34</Data></Cell>
    <Cell><Data ss:Type="Number">-9.42</Data></Cell>
    <Cell><Data ss:Type="Number">-0.02</Data></Cell>
    <Cell><Data ss:Type="Number">-9.4700000000000006</Data></Cell>
    <Cell><Data ss:Type="Number">-0.08</Data></Cell>
    <Cell><Data ss:Type="Number">-0.95</Data></Cell>
    <Cell><Data ss:Type="Number">21.9</Data></Cell>
    <Cell><Data ss:Type="Number">40.700000000000003</Data></Cell>
    <Cell><Data ss:Type="Number">0</Data></Cell>
    <Cell><Data ss:Type="Number">0</Data></Cell>
    <Cell><Data ss:Type="String">2023-12-07 15:36:49.199926</Data></Cell>
   </Row>
   <Row>
    <Cell><Data ss:Type="String">175</Data></Cell>
    <Cell><Data ss:Type="Number">0.65</Data></Cell>
    <Cell><Data ss:Type="Number">-10.08</Data></Cell>
    <Cell><Data ss:Type="Number">0.25</Data></Cell>
    <Cell><Data ss:Type="Number">-9.49</Data></Cell>
    <Cell><Data ss:Type="Number">-0.13</Data></Cell>
    <Cell><Data ss:Type="Number">-0.89</Data></Cell>
    <Cell><Data ss:Type="Number">21.9</Data></Cell>
    <Cell><Data ss:Type="Number">40.700000000000003</Data></Cell>
    <Cell><Data ss:Type="Number">0</Data></Cell>
    <Cell><Data ss:Type="Number">0</Data></Cell>
    <Cell><Data ss:Type="String">2023-12-07 15:36:49.153997</Data></Cell>
   </Row>
   <Row>
    <Cell><Data ss:Type="String">174</Data></Cell>
    <Cell><Data ss:Type="Number">0.72</Data></Cell>
    <Cell><Data ss:Type="Number">-10.16</Data></Cell>
    <Cell><Data ss:Type="Number">0.28000000000000003</Data></Cell>
    <Cell><Data ss:Type="Number">-9.5399999999999991</Data></Cell>
    <Cell><Data ss:Type="Number">-0.12</Data></Cell>
    <Cell><Data ss:Type="Number">-0.87</Data></Cell>
    <Cell><Data ss:Type="Number">21.9</Data></Cell>
    <Cell><Data ss:Type="Number">40.700000000000003</Data></Cell>
    <Cell><Data ss:Type="Number">0</Data></Cell>
    <Cell><Data ss:Type="Number">0</Data></Cell>
    <Cell><Data ss:Type="String">2023-12-07 15:36:49.095723</Data></Cell>
   </Row>
   <Row>
    <Cell><Data ss:Type="String">173</Data></Cell>
    <Cell><Data ss:Type="Number">0.44</Data></Cell>
    <Cell><Data ss:Type="Number">-10.31</Data></Cell>
    <Cell><Data ss:Type="Number">0.36</Data></Cell>
    <Cell><Data ss:Type="Number">-9.5399999999999991</Data></Cell>
    <Cell><Data ss:Type="Number">-0.08</Data></Cell>
    <Cell><Data ss:Type="Number">-0.91</Data></Cell>
    <Cell><Data ss:Type="Number">21.9</Data></Cell>
    <Cell><Data ss:Type="Number">40.700000000000003</Data></Cell>
    <Cell><Data ss:Type="Number">0</Data></Cell>
    <Cell><Data ss:Type="Number">0</Data></Cell>
    <Cell><Data ss:Type="String">2023-12-07 15:36:49.092972</Data></Cell>
   </Row>
   <Row>
    <Cell><Data ss:Type="String">172</Data></Cell>
    <Cell><Data ss:Type="Number">0.22</Data></Cell>
    <Cell><Data ss:Type="Number">-9.43</Data></Cell>
    <Cell><Data ss:Type="Number">0.1</Data></Cell>
    <Cell><Data ss:Type="Number">-9.2799999999999994</Data></Cell>
    <Cell><Data ss:Type="Number">0</Data></Cell>
    <Cell><Data ss:Type="Number">-0.89</Data></Cell>
    <Cell><Data ss:Type="Number">21.9</Data></Cell>
    <Cell><Data ss:Type="Number">40.700000000000003</Data></Cell>
    <Cell><Data ss:Type="Number">0</Data></Cell>
    <Cell><Data ss:Type="Number">0</Data></Cell>
    <Cell><Data ss:Type="String">2023-12-07 15:36:49.049204</Data></Cell>
   </Row>
   <Row>
    <Cell><Data ss:Type="String">171</Data></Cell>
    <Cell><Data ss:Type="Number">0.78</Data></Cell>
    <Cell><Data ss:Type="Number">-9.7899999999999991</Data></Cell>
    <Cell><Data ss:Type="Number">-0.03</Data></Cell>
    <Cell><Data ss:Type="Number">-9.41</Data></Cell>
    <Cell><Data ss:Type="Number">-7.0000000000000007E-2</Data></Cell>
    <Cell><Data ss:Type="Number">-0.91</Data></Cell>
    <Cell><Data ss:Type="Number">21.9</Data></Cell>
    <Cell><Data ss:Type="Number">40.700000000000003</Data></Cell>
    <Cell><Data ss:Type="Number">0</Data></Cell>
    <Cell><Data ss:Type="Number">0</Data></Cell>
    <Cell><Data ss:Type="String">2023-12-07 15:36:48.997117</Data></Cell>
   </Row>
   <Row>
    <Cell><Data ss:Type="String">170</Data></Cell>
    <Cell><Data ss:Type="Number">0.76</Data></Cell>
    <Cell><Data ss:Type="Number">-10.1</Data></Cell>
    <Cell><Data ss:Type="Number">0.24</Data></Cell>
    <Cell><Data ss:Type="Number">-9.5500000000000007</Data></Cell>
    <Cell><Data ss:Type="Number">-0.05</Data></Cell>
    <Cell><Data ss:Type="Number">-0.86</Data></Cell>
    <Cell><Data ss:Type="Number">21.9</Data></Cell>
    <Cell><Data ss:Type="Number">40.700000000000003</Data></Cell>
    <Cell><Data ss:Type="Number">0</Data></Cell>
    <Cell><Data ss:Type="Number">0</Data></Cell>
    <Cell><Data ss:Type="String">2023-12-07 15:36:48.994621</Data></Cell>
   </Row>
   <Row>
    <Cell><Data ss:Type="String">169</Data></Cell>
    <Cell><Data ss:Type="Number">0.36</Data></Cell>
    <Cell><Data ss:Type="Number">-10.18</Data></Cell>
    <Cell><Data ss:Type="Number">0.06</Data></Cell>
    <Cell><Data ss:Type="Number">-9.66</Data></Cell>
    <Cell><Data ss:Type="Number">-0.14000000000000001</Data></Cell>
    <Cell><Data ss:Type="Number">-0.93</Data></Cell>
    <Cell><Data ss:Type="Number">21.9</Data></Cell>
    <Cell><Data ss:Type="Number">40.700000000000003</Data></Cell>
    <Cell><Data ss:Type="Number">0</Data></Cell>
    <Cell><Data ss:Type="Number">0</Data></Cell>
    <Cell><Data ss:Type="String">2023-12-07 15:36:48.991848</Data></Cell>
   </Row>
   <Row>
    <Cell><Data ss:Type="String">168</Data></Cell>
    <Cell><Data ss:Type="Number">1.29</Data></Cell>
    <Cell><Data ss:Type="Number">-9.48</Data></Cell>
    <Cell><Data ss:Type="Number">0.4</Data></Cell>
    <Cell><Data ss:Type="Number">-9.6</Data></Cell>
    <Cell><Data ss:Type="Number">-0.04</Data></Cell>
    <Cell><Data ss:Type="Number">-0.86</Data></Cell>
    <Cell><Data ss:Type="Number">21.9</Data></Cell>
    <Cell><Data ss:Type="Number">40.700000000000003</Data></Cell>
    <Cell><Data ss:Type="Number">0</Data></Cell>
    <Cell><Data ss:Type="Number">0</Data></Cell>
    <Cell><Data ss:Type="String">2023-12-07 15:36:48.989892</Data></Cell>
   </Row>
   <Row>
    <Cell><Data ss:Type="String">167</Data></Cell>
    <Cell><Data ss:Type="Number">0.16</Data></Cell>
    <Cell><Data ss:Type="Number">-10.06</Data></Cell>
    <Cell><Data ss:Type="Number">0.45</Data></Cell>
    <Cell><Data ss:Type="Number">-9.5</Data></Cell>
    <Cell><Data ss:Type="Number">-0.05</Data></Cell>
    <Cell><Data ss:Type="Number">-0.93</Data></Cell>
    <Cell><Data ss:Type="Number">21.9</Data></Cell>
    <Cell><Data ss:Type="Number">40.700000000000003</Data></Cell>
    <Cell><Data ss:Type="Number">0</Data></Cell>
    <Cell><Data ss:Type="Number">0</Data></Cell>
    <Cell><Data ss:Type="String">2023-12-07 15:36:48.988051</Data></Cell>
   </Row>
   <Row>
    <Cell><Data ss:Type="String">166</Data></Cell>
    <Cell><Data ss:Type="Number">0.13</Data></Cell>
    <Cell><Data ss:Type="Number">-9.57</Data></Cell>
    <Cell><Data ss:Type="Number">0.64</Data></Cell>
    <Cell><Data ss:Type="Number">-9.3699999999999992</Data></Cell>
    <Cell><Data ss:Type="Number">-0.04</Data></Cell>
    <Cell><Data ss:Type="Number">-0.95</Data></Cell>
    <Cell><Data ss:Type="Number">21.9</Data></Cell>
    <Cell><Data ss:Type="Number">40.700000000000003</Data></Cell>
    <Cell><Data ss:Type="Number">0</Data></Cell>
    <Cell><Data ss:Type="Number">0</Data></Cell>
    <Cell><Data ss:Type="String">2023-12-07 15:36:48.986216</Data></Cell>
   </Row>
   <Row>
    <Cell><Data ss:Type="String">165</Data></Cell>
    <Cell><Data ss:Type="Number">0.38</Data></Cell>
    <Cell><Data ss:Type="Number">-10.71</Data></Cell>
    <Cell><Data ss:Type="Number">-0.04</Data></Cell>
    <Cell><Data ss:Type="Number">-9.74</Data></Cell>
    <Cell><Data ss:Type="Number">-0.13</Data></Cell>
    <Cell><Data ss:Type="Number">-0.88</Data></Cell>
    <Cell><Data ss:Type="Number">21.9</Data></Cell>
    <Cell><Data ss:Type="Number">40.700000000000003</Data></Cell>
    <Cell><Data ss:Type="Number">0</Data></Cell>
    <Cell><Data ss:Type="Number">0</Data></Cell>
    <Cell><Data ss:Type="String">2023-12-07 15:36:48.984348</Data></Cell>
   </Row>
   <Row>
    <Cell><Data ss:Type="String">164</Data></Cell>
    <Cell><Data ss:Type="Number">0.44</Data></Cell>
    <Cell><Data ss:Type="Number">-9.7799999999999994</Data></Cell>
    <Cell><Data ss:Type="Number">7.0000000000000007E-2</Data></Cell>
    <Cell><Data ss:Type="Number">-9.3800000000000008</Data></Cell>
    <Cell><Data ss:Type="Number">-0.06</Data></Cell>
    <Cell><Data ss:Type="Number">-0.95</Data></Cell>
    <Cell><Data ss:Type="Number">21.9</Data></Cell>
    <Cell><Data ss:Type="Number">40.700000000000003</Data></Cell>
    <Cell><Data ss:Type="Number">0</Data></Cell>
    <Cell><Data ss:Type="Number">0</Data></Cell>
    <Cell><Data ss:Type="String">2023-12-07 15:36:48.978425</Data></Cell>
   </Row>
   <Row>
    <Cell><Data ss:Type="String">163</Data></Cell>
    <Cell><Data ss:Type="Number">0.38</Data></Cell>
    <Cell><Data ss:Type="Number">-10.119999999999999</Data></Cell>
    <Cell><Data ss:Type="Number">0.46</Data></Cell>
    <Cell><Data ss:Type="Number">-9.3800000000000008</Data></Cell>
    <Cell><Data ss:Type="Number">-0.03</Data></Cell>
    <Cell><Data ss:Type="Number">-0.9</Data></Cell>
    <Cell><Data ss:Type="Number">21.9</Data></Cell>
    <Cell><Data ss:Type="Number">40.700000000000003</Data></Cell>
    <Cell><Data ss:Type="Number">0</Data></Cell>
    <Cell><Data ss:Type="Number">0</Data></Cell>
    <Cell><Data ss:Type="String">2023-12-07 15:36:48.740105</Data></Cell>
   </Row>
   <Row>
    <Cell><Data ss:Type="String">162</Data></Cell>
    <Cell><Data ss:Type="Number">0.09</Data></Cell>
    <Cell><Data ss:Type="Number">-10.27</Data></Cell>
    <Cell><Data ss:Type="Number">0.17</Data></Cell>
    <Cell><Data ss:Type="Number">-9.66</Data></Cell>
    <Cell><Data ss:Type="Number">-0.15</Data></Cell>
    <Cell><Data ss:Type="Number">-0.9</Data></Cell>
    <Cell><Data ss:Type="Number">21.9</Data></Cell>
    <Cell><Data ss:Type="Number">40.700000000000003</Data></Cell>
    <Cell><Data ss:Type="Number">0</Data></Cell>
    <Cell><Data ss:Type="Number">0</Data></Cell>
    <Cell><Data ss:Type="String">2023-12-07 15:36:48.697843</Data></Cell>
   </Row>
   <Row>
    <Cell><Data ss:Type="String">161</Data></Cell>
    <Cell><Data ss:Type="Number">0.26</Data></Cell>
    <Cell><Data ss:Type="Number">-10.15</Data></Cell>
    <Cell><Data ss:Type="Number">0.34</Data></Cell>
    <Cell><Data ss:Type="Number">-9.6199999999999992</Data></Cell>
    <Cell><Data ss:Type="Number">-7.0000000000000007E-2</Data></Cell>
    <Cell><Data ss:Type="Number">-0.91</Data></Cell>
    <Cell><Data ss:Type="Number">21.9</Data></Cell>
    <Cell><Data ss:Type="Number">40.700000000000003</Data></Cell>
    <Cell><Data ss:Type="Number">0</Data></Cell>
    <Cell><Data ss:Type="Number">0</Data></Cell>
    <Cell><Data ss:Type="String">2023-12-07 15:36:48.695206</Data></Cell>
   </Row>
   <Row>
    <Cell><Data ss:Type="String">160</Data></Cell>
    <Cell><Data ss:Type="Number">0.19</Data></Cell>
    <Cell><Data ss:Type="Number">-9.93</Data></Cell>
    <Cell><Data ss:Type="Number">-0.13</Data></Cell>
    <Cell><Data ss:Type="Number">-9.41</Data></Cell>
    <Cell><Data ss:Type="Number">-7.0000000000000007E-2</Data></Cell>
    <Cell><Data ss:Type="Number">-0.93</Data></Cell>
    <Cell><Data ss:Type="Number">21.9</Data></Cell>
    <Cell><Data ss:Type="Number">40.700000000000003</Data></Cell>
    <Cell><Data ss:Type="Number">0</Data></Cell>
    <Cell><Data ss:Type="Number">0</Data></Cell>
    <Cell><Data ss:Type="String">2023-12-07 15:36:48.647754</Data></Cell>
   </Row>
   <Row>
    <Cell><Data ss:Type="String">159</Data></Cell>
    <Cell><Data ss:Type="Number">0.24</Data></Cell>
    <Cell><Data ss:Type="Number">-10.17</Data></Cell>
    <Cell><Data ss:Type="Number">-0.21</Data></Cell>
    <Cell><Data ss:Type="Number">-9.44</Data></Cell>
    <Cell><Data ss:Type="Number">-0.09</Data></Cell>
    <Cell><Data ss:Type="Number">-0.96</Data></Cell>
    <Cell><Data ss:Type="Number">21.9</Data></Cell>
    <Cell><Data ss:Type="Number">40.700000000000003</Data></Cell>
    <Cell><Data ss:Type="Number">0</Data></Cell>
    <Cell><Data ss:Type="Number">0</Data></Cell>
    <Cell><Data ss:Type="String">2023-12-07 15:36:48.602475</Data></Cell>
   </Row>
   <Row>
    <Cell><Data ss:Type="String">158</Data></Cell>
    <Cell><Data ss:Type="Number">0.82</Data></Cell>
    <Cell><Data ss:Type="Number">-9.68</Data></Cell>
    <Cell><Data ss:Type="Number">0.43</Data></Cell>
    <Cell><Data ss:Type="Number">-9.42</Data></Cell>
    <Cell><Data ss:Type="Number">-0.04</Data></Cell>
    <Cell><Data ss:Type="Number">-0.89</Data></Cell>
    <Cell><Data ss:Type="Number">21.9</Data></Cell>
    <Cell><Data ss:Type="Number">40.700000000000003</Data></Cell>
    <Cell><Data ss:Type="Number">0</Data></Cell>
    <Cell><Data ss:Type="Number">0</Data></Cell>
    <Cell><Data ss:Type="String">2023-12-07 15:36:48.546249</Data></Cell>
   </Row>
   <Row>
    <Cell><Data ss:Type="String">157</Data></Cell>
    <Cell><Data ss:Type="Number">0.24</Data></Cell>
    <Cell><Data ss:Type="Number">-9.58</Data></Cell>
    <Cell><Data ss:Type="Number">-0.36</Data></Cell>
    <Cell><Data ss:Type="Number">-9.44</Data></Cell>
    <Cell><Data ss:Type="Number">-0.04</Data></Cell>
    <Cell><Data ss:Type="Number">-0.96</Data></Cell>
    <Cell><Data ss:Type="Number">21.9</Data></Cell>
    <Cell><Data ss:Type="Number">40.700000000000003</Data></Cell>
    <Cell><Data ss:Type="Number">0</Data></Cell>
    <Cell><Data ss:Type="Number">0</Data></Cell>
    <Cell><Data ss:Type="String">2023-12-07 15:36:48.511191</Data></Cell>
   </Row>
   <Row>
    <Cell><Data ss:Type="String">156</Data></Cell>
    <Cell><Data ss:Type="Number">0.44</Data></Cell>
    <Cell><Data ss:Type="Number">-10.050000000000001</Data></Cell>
    <Cell><Data ss:Type="Number">0.13</Data></Cell>
    <Cell><Data ss:Type="Number">-9.49</Data></Cell>
    <Cell><Data ss:Type="Number">-0.11</Data></Cell>
    <Cell><Data ss:Type="Number">-0.86</Data></Cell>
    <Cell><Data ss:Type="Number">21.9</Data></Cell>
    <Cell><Data ss:Type="Number">40.700000000000003</Data></Cell>
    <Cell><Data ss:Type="Number">0</Data></Cell>
    <Cell><Data ss:Type="Number">0</Data></Cell>
    <Cell><Data ss:Type="String">2023-12-07 15:36:48.464217</Data></Cell>
   </Row>
   <Row>
    <Cell><Data ss:Type="String">155</Data></Cell>
    <Cell><Data ss:Type="Number">0.2</Data></Cell>
    <Cell><Data ss:Type="Number">-10.31</Data></Cell>
    <Cell><Data ss:Type="Number">-0.16</Data></Cell>
    <Cell><Data ss:Type="Number">-9.56</Data></Cell>
    <Cell><Data ss:Type="Number">-0.02</Data></Cell>
    <Cell><Data ss:Type="Number">-0.94</Data></Cell>
    <Cell><Data ss:Type="Number">21.9</Data></Cell>
    <Cell><Data ss:Type="Number">40.700000000000003</Data></Cell>
    <Cell><Data ss:Type="Number">0</Data></Cell>
    <Cell><Data ss:Type="Number">0</Data></Cell>
    <Cell><Data ss:Type="String">2023-12-07 15:36:48.422411</Data></Cell>
   </Row>
   <Row>
    <Cell><Data ss:Type="String">154</Data></Cell>
    <Cell><Data ss:Type="Number">0.18</Data></Cell>
    <Cell><Data ss:Type="Number">-10.08</Data></Cell>
    <Cell><Data ss:Type="Number">0.22</Data></Cell>
    <Cell><Data ss:Type="Number">-9.39</Data></Cell>
    <Cell><Data ss:Type="Number">-0.11</Data></Cell>
    <Cell><Data ss:Type="Number">-0.91</Data></Cell>
    <Cell><Data ss:Type="Number">21.9</Data></Cell>
    <Cell><Data ss:Type="Number">40.700000000000003</Data></Cell>
    <Cell><Data ss:Type="Number">0</Data></Cell>
    <Cell><Data ss:Type="Number">0</Data></Cell>
    <Cell><Data ss:Type="String">2023-12-07 15:36:48.420156</Data></Cell>
   </Row>
   <Row>
    <Cell><Data ss:Type="String">153</Data></Cell>
    <Cell><Data ss:Type="Number">0.19</Data></Cell>
    <Cell><Data ss:Type="Number">-9.91</Data></Cell>
    <Cell><Data ss:Type="Number">-0.15</Data></Cell>
    <Cell><Data ss:Type="Number">-9.33</Data></Cell>
    <Cell><Data ss:Type="Number">-0.04</Data></Cell>
    <Cell><Data ss:Type="Number">-0.92</Data></Cell>
    <Cell><Data ss:Type="Number">21.9</Data></Cell>
    <Cell><Data ss:Type="Number">40.700000000000003</Data></Cell>
    <Cell><Data ss:Type="Number">0</Data></Cell>
    <Cell><Data ss:Type="Number">0</Data></Cell>
    <Cell><Data ss:Type="String">2023-12-07 15:36:48.372145</Data></Cell>
   </Row>
   <Row>
    <Cell><Data ss:Type="String">152</Data></Cell>
    <Cell><Data ss:Type="Number">0.49</Data></Cell>
    <Cell><Data ss:Type="Number">-9.89</Data></Cell>
    <Cell><Data ss:Type="Number">0.18</Data></Cell>
    <Cell><Data ss:Type="Number">-9.4600000000000009</Data></Cell>
    <Cell><Data ss:Type="Number">-0.17</Data></Cell>
    <Cell><Data ss:Type="Number">-1.02</Data></Cell>
    <Cell><Data ss:Type="Number">21.9</Data></Cell>
    <Cell><Data ss:Type="Number">40.700000000000003</Data></Cell>
    <Cell><Data ss:Type="Number">0</Data></Cell>
    <Cell><Data ss:Type="Number">0</Data></Cell>
    <Cell><Data ss:Type="String">2023-12-07 15:36:48.326854</Data></Cell>
   </Row>
   <Row>
    <Cell><Data ss:Type="String">151</Data></Cell>
    <Cell><Data ss:Type="Number">0.18</Data></Cell>
    <Cell><Data ss:Type="Number">-9.02</Data></Cell>
    <Cell><Data ss:Type="Number">1</Data></Cell>
    <Cell><Data ss:Type="Number">-9.5500000000000007</Data></Cell>
    <Cell><Data ss:Type="Number">-0.15</Data></Cell>
    <Cell><Data ss:Type="Number">-0.75</Data></Cell>
    <Cell><Data ss:Type="Number">21.9</Data></Cell>
    <Cell><Data ss:Type="Number">40.700000000000003</Data></Cell>
    <Cell><Data ss:Type="Number">0</Data></Cell>
    <Cell><Data ss:Type="Number">0</Data></Cell>
    <Cell><Data ss:Type="String">2023-12-07 15:36:48.286998</Data></Cell>
   </Row>
   <Row>
    <Cell><Data ss:Type="String">150</Data></Cell>
    <Cell><Data ss:Type="Number">0.09</Data></Cell>
    <Cell><Data ss:Type="Number">-10.45</Data></Cell>
    <Cell><Data ss:Type="Number">-7.0000000000000007E-2</Data></Cell>
    <Cell><Data ss:Type="Number">-9.59</Data></Cell>
    <Cell><Data ss:Type="Number">-0.06</Data></Cell>
    <Cell><Data ss:Type="Number">-0.98</Data></Cell>
    <Cell><Data ss:Type="Number">21.9</Data></Cell>
    <Cell><Data ss:Type="Number">40.700000000000003</Data></Cell>
    <Cell><Data ss:Type="Number">0</Data></Cell>
    <Cell><Data ss:Type="Number">0</Data></Cell>
    <Cell><Data ss:Type="String">2023-12-07 15:36:48.284844</Data></Cell>
   </Row>
   <Row>
    <Cell><Data ss:Type="String">149</Data></Cell>
    <Cell><Data ss:Type="Number">-0.15</Data></Cell>
    <Cell><Data ss:Type="Number">-9.83</Data></Cell>
    <Cell><Data ss:Type="Number">-0.16</Data></Cell>
    <Cell><Data ss:Type="Number">-9.4700000000000006</Data></Cell>
    <Cell><Data ss:Type="Number">0.1</Data></Cell>
    <Cell><Data ss:Type="Number">-0.83</Data></Cell>
    <Cell><Data ss:Type="Number">21.9</Data></Cell>
    <Cell><Data ss:Type="Number">40.700000000000003</Data></Cell>
    <Cell><Data ss:Type="Number">0</Data></Cell>
    <Cell><Data ss:Type="Number">0</Data></Cell>
    <Cell><Data ss:Type="String">2023-12-07 15:36:48.235158</Data></Cell>
   </Row>
   <Row>
    <Cell><Data ss:Type="String">148</Data></Cell>
    <Cell><Data ss:Type="Number">0.28000000000000003</Data></Cell>
    <Cell><Data ss:Type="Number">-10.119999999999999</Data></Cell>
    <Cell><Data ss:Type="Number">0.34</Data></Cell>
    <Cell><Data ss:Type="Number">-9.41</Data></Cell>
    <Cell><Data ss:Type="Number">-0.27</Data></Cell>
    <Cell><Data ss:Type="Number">-0.95</Data></Cell>
    <Cell><Data ss:Type="Number">21.9</Data></Cell>
    <Cell><Data ss:Type="Number">40.700000000000003</Data></Cell>
    <Cell><Data ss:Type="Number">0</Data></Cell>
    <Cell><Data ss:Type="Number">0</Data></Cell>
    <Cell><Data ss:Type="String">2023-12-07 15:36:48.186141</Data></Cell>
   </Row>
   <Row>
    <Cell><Data ss:Type="String">147</Data></Cell>
    <Cell><Data ss:Type="Number">0.48</Data></Cell>
    <Cell><Data ss:Type="Number">-10.49</Data></Cell>
    <Cell><Data ss:Type="Number">0.26</Data></Cell>
    <Cell><Data ss:Type="Number">-9.49</Data></Cell>
    <Cell><Data ss:Type="Number">-0.3</Data></Cell>
    <Cell><Data ss:Type="Number">-0.92</Data></Cell>
    <Cell><Data ss:Type="Number">21.9</Data></Cell>
    <Cell><Data ss:Type="Number">40.700000000000003</Data></Cell>
    <Cell><Data ss:Type="Number">0</Data></Cell>
    <Cell><Data ss:Type="Number">0</Data></Cell>
    <Cell><Data ss:Type="String">2023-12-07 15:36:48.183950</Data></Cell>
   </Row>
   <Row>
    <Cell><Data ss:Type="String">146</Data></Cell>
    <Cell><Data ss:Type="Number">-0.28999999999999998</Data></Cell>
    <Cell><Data ss:Type="Number">-10.46</Data></Cell>
    <Cell><Data ss:Type="Number">-0.21</Data></Cell>
    <Cell><Data ss:Type="Number">-9.6300000000000008</Data></Cell>
    <Cell><Data ss:Type="Number">0.3</Data></Cell>
    <Cell><Data ss:Type="Number">-0.91</Data></Cell>
    <Cell><Data ss:Type="Number">21.9</Data></Cell>
    <Cell><Data ss:Type="Number">40.700000000000003</Data></Cell>
    <Cell><Data ss:Type="Number">0</Data></Cell>
    <Cell><Data ss:Type="Number">0</Data></Cell>
    <Cell><Data ss:Type="String">2023-12-07 15:36:48.115975</Data></Cell>
   </Row>
   <Row>
    <Cell><Data ss:Type="String">145</Data></Cell>
    <Cell><Data ss:Type="Number">0.98</Data></Cell>
    <Cell><Data ss:Type="Number">-10.7</Data></Cell>
    <Cell><Data ss:Type="Number">-0.06</Data></Cell>
    <Cell><Data ss:Type="Number">-9.73</Data></Cell>
    <Cell><Data ss:Type="Number">0.21</Data></Cell>
    <Cell><Data ss:Type="Number">-1</Data></Cell>
    <Cell><Data ss:Type="Number">21.9</Data></Cell>
    <Cell><Data ss:Type="Number">40.700000000000003</Data></Cell>
    <Cell><Data ss:Type="Number">0</Data></Cell>
    <Cell><Data ss:Type="Number">0</Data></Cell>
    <Cell><Data ss:Type="String">2023-12-07 15:36:48.113990</Data></Cell>
   </Row>
   <Row>
    <Cell><Data ss:Type="String">144</Data></Cell>
    <Cell><Data ss:Type="Number">-2.2400000000000002</Data></Cell>
    <Cell><Data ss:Type="Number">-10.210000000000001</Data></Cell>
    <Cell><Data ss:Type="Number">0.78</Data></Cell>
    <Cell><Data ss:Type="Number">-9.33</Data></Cell>
    <Cell><Data ss:Type="Number">-1.03</Data></Cell>
    <Cell><Data ss:Type="Number">-0.67</Data></Cell>
    <Cell><Data ss:Type="Number">21.9</Data></Cell>
    <Cell><Data ss:Type="Number">40.700000000000003</Data></Cell>
    <Cell><Data ss:Type="Number">0</Data></Cell>
    <Cell><Data ss:Type="Number">0</Data></Cell>
    <Cell><Data ss:Type="String">2023-12-07 15:36:48.066531</Data></Cell>
   </Row>
   <Row>
    <Cell><Data ss:Type="String">143</Data></Cell>
    <Cell><Data ss:Type="Number">-0.71</Data></Cell>
    <Cell><Data ss:Type="Number">-9.8800000000000008</Data></Cell>
    <Cell><Data ss:Type="Number">-0.32</Data></Cell>
    <Cell><Data ss:Type="Number">-9.59</Data></Cell>
    <Cell><Data ss:Type="Number">0.26</Data></Cell>
    <Cell><Data ss:Type="Number">-1.05</Data></Cell>
    <Cell><Data ss:Type="Number">21.9</Data></Cell>
    <Cell><Data ss:Type="Number">40.700000000000003</Data></Cell>
    <Cell><Data ss:Type="Number">0</Data></Cell>
    <Cell><Data ss:Type="Number">0</Data></Cell>
    <Cell><Data ss:Type="String">2023-12-07 15:36:48.022644</Data></Cell>
   </Row>
   <Row>
    <Cell><Data ss:Type="String">142</Data></Cell>
    <Cell><Data ss:Type="Number">-2.27</Data></Cell>
    <Cell><Data ss:Type="Number">-9.77</Data></Cell>
    <Cell><Data ss:Type="Number">-0.81</Data></Cell>
    <Cell><Data ss:Type="Number">-9.4</Data></Cell>
    <Cell><Data ss:Type="Number">1.64</Data></Cell>
    <Cell><Data ss:Type="Number">-0.85</Data></Cell>
    <Cell><Data ss:Type="Number">21.9</Data></Cell>
    <Cell><Data ss:Type="Number">40.700000000000003</Data></Cell>
    <Cell><Data ss:Type="Number">0</Data></Cell>
    <Cell><Data ss:Type="Number">0</Data></Cell>
    <Cell><Data ss:Type="String">2023-12-07 15:36:48.020687</Data></Cell>
   </Row>
   <Row>
    <Cell><Data ss:Type="String">141</Data></Cell>
    <Cell><Data ss:Type="Number">4.87</Data></Cell>
    <Cell><Data ss:Type="Number">-13.11</Data></Cell>
    <Cell><Data ss:Type="Number">1.26</Data></Cell>
    <Cell><Data ss:Type="Number">-14.78</Data></Cell>
    <Cell><Data ss:Type="Number">-1.58</Data></Cell>
    <Cell><Data ss:Type="Number">-1</Data></Cell>
    <Cell><Data ss:Type="Number">21.9</Data></Cell>
    <Cell><Data ss:Type="Number">40.700000000000003</Data></Cell>
    <Cell><Data ss:Type="Number">0</Data></Cell>
    <Cell><Data ss:Type="Number">0</Data></Cell>
    <Cell><Data ss:Type="String">2023-12-07 15:36:47.978172</Data></Cell>
   </Row>
   <Row>
    <Cell><Data ss:Type="String">140</Data></Cell>
    <Cell><Data ss:Type="Number">0.32</Data></Cell>
    <Cell><Data ss:Type="Number">-10.08</Data></Cell>
    <Cell><Data ss:Type="Number">0.2</Data></Cell>
    <Cell><Data ss:Type="Number">-9.52</Data></Cell>
    <Cell><Data ss:Type="Number">-0.08</Data></Cell>
    <Cell><Data ss:Type="Number">-0.88</Data></Cell>
    <Cell><Data ss:Type="Number">21.9</Data></Cell>
    <Cell><Data ss:Type="Number">40.700000000000003</Data></Cell>
    <Cell><Data ss:Type="Number">0</Data></Cell>
    <Cell><Data ss:Type="Number">0</Data></Cell>
    <Cell><Data ss:Type="String">2023-12-07 15:36:47.931889</Data></Cell>
   </Row>
   <Row>
    <Cell><Data ss:Type="String">139</Data></Cell>
    <Cell><Data ss:Type="Number">0.26</Data></Cell>
    <Cell><Data ss:Type="Number">-10.199999999999999</Data></Cell>
    <Cell><Data ss:Type="Number">0.2</Data></Cell>
    <Cell><Data ss:Type="Number">-9.4499999999999993</Data></Cell>
    <Cell><Data ss:Type="Number">-0.06</Data></Cell>
    <Cell><Data ss:Type="Number">-0.91</Data></Cell>
    <Cell><Data ss:Type="Number">21.9</Data></Cell>
    <Cell><Data ss:Type="Number">40.700000000000003</Data></Cell>
    <Cell><Data ss:Type="Number">0</Data></Cell>
    <Cell><Data ss:Type="Number">0</Data></Cell>
    <Cell><Data ss:Type="String">2023-12-07 15:36:47.929493</Data></Cell>
   </Row>
   <Row>
    <Cell><Data ss:Type="String">138</Data></Cell>
    <Cell><Data ss:Type="Number">0.25</Data></Cell>
    <Cell><Data ss:Type="Number">-10.07</Data></Cell>
    <Cell><Data ss:Type="Number">0.17</Data></Cell>
    <Cell><Data ss:Type="Number">-9.44</Data></Cell>
    <Cell><Data ss:Type="Number">-7.0000000000000007E-2</Data></Cell>
    <Cell><Data ss:Type="Number">-0.91</Data></Cell>
    <Cell><Data ss:Type="Number">21.9</Data></Cell>
    <Cell><Data ss:Type="Number">40.700000000000003</Data></Cell>
    <Cell><Data ss:Type="Number">0</Data></Cell>
    <Cell><Data ss:Type="Number">0</Data></Cell>
    <Cell><Data ss:Type="String">2023-12-07 15:36:47.889429</Data></Cell>
   </Row>
   <Row>
    <Cell><Data ss:Type="String">137</Data></Cell>
    <Cell><Data ss:Type="Number">0.23</Data></Cell>
    <Cell><Data ss:Type="Number">-9.99</Data></Cell>
    <Cell><Data ss:Type="Number">0.12</Data></Cell>
    <Cell><Data ss:Type="Number">-9.43</Data></Cell>
    <Cell><Data ss:Type="Number">-7.0000000000000007E-2</Data></Cell>
    <Cell><Data ss:Type="Number">-0.95</Data></Cell>
    <Cell><Data ss:Type="Number">21.9</Data></Cell>
    <Cell><Data ss:Type="Number">40.700000000000003</Data></Cell>
    <Cell><Data ss:Type="Number">0</Data></Cell>
    <Cell><Data ss:Type="Number">0</Data></Cell>
    <Cell><Data ss:Type="String">2023-12-07 15:36:47.886912</Data></Cell>
   </Row>
   <Row>
    <Cell><Data ss:Type="String">136</Data></Cell>
    <Cell><Data ss:Type="Number">0.39</Data></Cell>
    <Cell><Data ss:Type="Number">-9.93</Data></Cell>
    <Cell><Data ss:Type="Number">0.09</Data></Cell>
    <Cell><Data ss:Type="Number">-9.43</Data></Cell>
    <Cell><Data ss:Type="Number">-0.08</Data></Cell>
    <Cell><Data ss:Type="Number">-0.97</Data></Cell>
    <Cell><Data ss:Type="Number">21.9</Data></Cell>
    <Cell><Data ss:Type="Number">40.700000000000003</Data></Cell>
    <Cell><Data ss:Type="Number">0</Data></Cell>
    <Cell><Data ss:Type="Number">0</Data></Cell>
    <Cell><Data ss:Type="String">2023-12-07 15:36:47.884038</Data></Cell>
   </Row>
   <Row>
    <Cell><Data ss:Type="String">135</Data></Cell>
    <Cell><Data ss:Type="Number">0.38</Data></Cell>
    <Cell><Data ss:Type="Number">-10.09</Data></Cell>
    <Cell><Data ss:Type="Number">-0.02</Data></Cell>
    <Cell><Data ss:Type="Number">-9.48</Data></Cell>
    <Cell><Data ss:Type="Number">-0.09</Data></Cell>
    <Cell><Data ss:Type="Number">-0.92</Data></Cell>
    <Cell><Data ss:Type="Number">21.9</Data></Cell>
    <Cell><Data ss:Type="Number">40.700000000000003</Data></Cell>
    <Cell><Data ss:Type="Number">0</Data></Cell>
    <Cell><Data ss:Type="Number">0</Data></Cell>
    <Cell><Data ss:Type="String">2023-12-07 15:36:47.882236</Data></Cell>
   </Row>
   <Row>
    <Cell><Data ss:Type="String">134</Data></Cell>
    <Cell><Data ss:Type="Number">0.25</Data></Cell>
    <Cell><Data ss:Type="Number">-10.27</Data></Cell>
    <Cell><Data ss:Type="Number">0.1</Data></Cell>
    <Cell><Data ss:Type="Number">-9.56</Data></Cell>
    <Cell><Data ss:Type="Number">-7.0000000000000007E-2</Data></Cell>
    <Cell><Data ss:Type="Number">-0.9</Data></Cell>
    <Cell><Data ss:Type="Number">21.9</Data></Cell>
    <Cell><Data ss:Type="Number">40.700000000000003</Data></Cell>
    <Cell><Data ss:Type="Number">0</Data></Cell>
    <Cell><Data ss:Type="Number">0</Data></Cell>
    <Cell><Data ss:Type="String">2023-12-07 15:36:47.879996</Data></Cell>
   </Row>
   <Row>
    <Cell><Data ss:Type="String">133</Data></Cell>
    <Cell><Data ss:Type="Number">0.27</Data></Cell>
    <Cell><Data ss:Type="Number">-10.220000000000001</Data></Cell>
    <Cell><Data ss:Type="Number">0.16</Data></Cell>
    <Cell><Data ss:Type="Number">-9.5</Data></Cell>
    <Cell><Data ss:Type="Number">-7.0000000000000007E-2</Data></Cell>
    <Cell><Data ss:Type="Number">-0.88</Data></Cell>
    <Cell><Data ss:Type="Number">21.9</Data></Cell>
    <Cell><Data ss:Type="Number">40.700000000000003</Data></Cell>
    <Cell><Data ss:Type="Number">0</Data></Cell>
    <Cell><Data ss:Type="Number">0</Data></Cell>
    <Cell><Data ss:Type="String">2023-12-07 15:36:47.877522</Data></Cell>
   </Row>
   <Row>
    <Cell><Data ss:Type="String">132</Data></Cell>
    <Cell><Data ss:Type="Number">0.28000000000000003</Data></Cell>
    <Cell><Data ss:Type="Number">-10.09</Data></Cell>
    <Cell><Data ss:Type="Number">0.18</Data></Cell>
    <Cell><Data ss:Type="Number">-9.49</Data></Cell>
    <Cell><Data ss:Type="Number">-7.0000000000000007E-2</Data></Cell>
    <Cell><Data ss:Type="Number">-0.88</Data></Cell>
    <Cell><Data ss:Type="Number">21.9</Data></Cell>
    <Cell><Data ss:Type="Number">40.700000000000003</Data></Cell>
    <Cell><Data ss:Type="Number">0</Data></Cell>
    <Cell><Data ss:Type="Number">0</Data></Cell>
    <Cell><Data ss:Type="String">2023-12-07 15:36:47.654753</Data></Cell>
   </Row>
   <Row>
    <Cell><Data ss:Type="String">131</Data></Cell>
    <Cell><Data ss:Type="Number">0.12</Data></Cell>
    <Cell><Data ss:Type="Number">-10.02</Data></Cell>
    <Cell><Data ss:Type="Number">0.15</Data></Cell>
    <Cell><Data ss:Type="Number">-9.41</Data></Cell>
    <Cell><Data ss:Type="Number">-7.0000000000000007E-2</Data></Cell>
    <Cell><Data ss:Type="Number">-0.94</Data></Cell>
    <Cell><Data ss:Type="Number">21.9</Data></Cell>
    <Cell><Data ss:Type="Number">40.700000000000003</Data></Cell>
    <Cell><Data ss:Type="Number">0</Data></Cell>
    <Cell><Data ss:Type="Number">0</Data></Cell>
    <Cell><Data ss:Type="String">2023-12-07 15:36:47.652815</Data></Cell>
   </Row>
   <Row>
    <Cell><Data ss:Type="String">130</Data></Cell>
    <Cell><Data ss:Type="Number">0.25</Data></Cell>
    <Cell><Data ss:Type="Number">-10.02</Data></Cell>
    <Cell><Data ss:Type="Number">0.12</Data></Cell>
    <Cell><Data ss:Type="Number">-9.4700000000000006</Data></Cell>
    <Cell><Data ss:Type="Number">-0.06</Data></Cell>
    <Cell><Data ss:Type="Number">-0.93</Data></Cell>
    <Cell><Data ss:Type="Number">21.9</Data></Cell>
    <Cell><Data ss:Type="Number">40.700000000000003</Data></Cell>
    <Cell><Data ss:Type="Number">0</Data></Cell>
    <Cell><Data ss:Type="Number">0</Data></Cell>
    <Cell><Data ss:Type="String">2023-12-07 15:36:47.607945</Data></Cell>
   </Row>
   <Row>
    <Cell><Data ss:Type="String">129</Data></Cell>
    <Cell><Data ss:Type="Number">0.31</Data></Cell>
    <Cell><Data ss:Type="Number">-10.15</Data></Cell>
    <Cell><Data ss:Type="Number">0.19</Data></Cell>
    <Cell><Data ss:Type="Number">-9.5399999999999991</Data></Cell>
    <Cell><Data ss:Type="Number">-0.1</Data></Cell>
    <Cell><Data ss:Type="Number">-0.91</Data></Cell>
    <Cell><Data ss:Type="Number">21.9</Data></Cell>
    <Cell><Data ss:Type="Number">40.700000000000003</Data></Cell>
    <Cell><Data ss:Type="Number">0</Data></Cell>
    <Cell><Data ss:Type="Number">0</Data></Cell>
    <Cell><Data ss:Type="String">2023-12-07 15:36:47.565227</Data></Cell>
   </Row>
   <Row>
    <Cell><Data ss:Type="String">128</Data></Cell>
    <Cell><Data ss:Type="Number">0.26</Data></Cell>
    <Cell><Data ss:Type="Number">-10.199999999999999</Data></Cell>
    <Cell><Data ss:Type="Number">0.2</Data></Cell>
    <Cell><Data ss:Type="Number">-9.5399999999999991</Data></Cell>
    <Cell><Data ss:Type="Number">-7.0000000000000007E-2</Data></Cell>
    <Cell><Data ss:Type="Number">-0.91</Data></Cell>
    <Cell><Data ss:Type="Number">21.9</Data></Cell>
    <Cell><Data ss:Type="Number">40.700000000000003</Data></Cell>
    <Cell><Data ss:Type="Number">0</Data></Cell>
    <Cell><Data ss:Type="Number">0</Data></Cell>
    <Cell><Data ss:Type="String">2023-12-07 15:36:47.562471</Data></Cell>
   </Row>
   <Row>
    <Cell><Data ss:Type="String">127</Data></Cell>
    <Cell><Data ss:Type="Number">0.19</Data></Cell>
    <Cell><Data ss:Type="Number">-10.06</Data></Cell>
    <Cell><Data ss:Type="Number">0.17</Data></Cell>
    <Cell><Data ss:Type="Number">-9.4499999999999993</Data></Cell>
    <Cell><Data ss:Type="Number">-0.06</Data></Cell>
    <Cell><Data ss:Type="Number">-0.95</Data></Cell>
    <Cell><Data ss:Type="Number">21.9</Data></Cell>
    <Cell><Data ss:Type="Number">40.700000000000003</Data></Cell>
    <Cell><Data ss:Type="Number">0</Data></Cell>
    <Cell><Data ss:Type="Number">0</Data></Cell>
    <Cell><Data ss:Type="String">2023-12-07 15:36:47.514806</Data></Cell>
   </Row>
   <Row>
    <Cell><Data ss:Type="String">126</Data></Cell>
    <Cell><Data ss:Type="Number">0.25</Data></Cell>
    <Cell><Data ss:Type="Number">-9.99</Data></Cell>
    <Cell><Data ss:Type="Number">-7.0000000000000007E-2</Data></Cell>
    <Cell><Data ss:Type="Number">-9.43</Data></Cell>
    <Cell><Data ss:Type="Number">-7.0000000000000007E-2</Data></Cell>
    <Cell><Data ss:Type="Number">-0.93</Data></Cell>
    <Cell><Data ss:Type="Number">21.9</Data></Cell>
    <Cell><Data ss:Type="Number">40.700000000000003</Data></Cell>
    <Cell><Data ss:Type="Number">0</Data></Cell>
    <Cell><Data ss:Type="Number">0</Data></Cell>
    <Cell><Data ss:Type="String">2023-12-07 15:36:47.469030</Data></Cell>
   </Row>
   <Row>
    <Cell><Data ss:Type="String">125</Data></Cell>
    <Cell><Data ss:Type="Number">0.33</Data></Cell>
    <Cell><Data ss:Type="Number">-10.119999999999999</Data></Cell>
    <Cell><Data ss:Type="Number">0.14000000000000001</Data></Cell>
    <Cell><Data ss:Type="Number">-9.4700000000000006</Data></Cell>
    <Cell><Data ss:Type="Number">-0.09</Data></Cell>
    <Cell><Data ss:Type="Number">-0.89</Data></Cell>
    <Cell><Data ss:Type="Number">21.9</Data></Cell>
    <Cell><Data ss:Type="Number">40.700000000000003</Data></Cell>
    <Cell><Data ss:Type="Number">0</Data></Cell>
    <Cell><Data ss:Type="Number">0</Data></Cell>
    <Cell><Data ss:Type="String">2023-12-07 15:36:47.425008</Data></Cell>
   </Row>
   <Row>
    <Cell><Data ss:Type="String">124</Data></Cell>
    <Cell><Data ss:Type="Number">0.31</Data></Cell>
    <Cell><Data ss:Type="Number">-10.199999999999999</Data></Cell>
    <Cell><Data ss:Type="Number">0.16</Data></Cell>
    <Cell><Data ss:Type="Number">-9.5500000000000007</Data></Cell>
    <Cell><Data ss:Type="Number">-0.08</Data></Cell>
    <Cell><Data ss:Type="Number">-0.91</Data></Cell>
    <Cell><Data ss:Type="Number">21.9</Data></Cell>
    <Cell><Data ss:Type="Number">40.700000000000003</Data></Cell>
    <Cell><Data ss:Type="Number">0</Data></Cell>
    <Cell><Data ss:Type="Number">0</Data></Cell>
    <Cell><Data ss:Type="String">2023-12-07 15:36:47.423241</Data></Cell>
   </Row>
   <Row>
    <Cell><Data ss:Type="String">123</Data></Cell>
    <Cell><Data ss:Type="Number">0.26</Data></Cell>
    <Cell><Data ss:Type="Number">-10.199999999999999</Data></Cell>
    <Cell><Data ss:Type="Number">0.15</Data></Cell>
    <Cell><Data ss:Type="Number">-9.5</Data></Cell>
    <Cell><Data ss:Type="Number">-0.06</Data></Cell>
    <Cell><Data ss:Type="Number">-0.87</Data></Cell>
    <Cell><Data ss:Type="Number">21.9</Data></Cell>
    <Cell><Data ss:Type="Number">40.700000000000003</Data></Cell>
    <Cell><Data ss:Type="Number">0</Data></Cell>
    <Cell><Data ss:Type="Number">0</Data></Cell>
    <Cell><Data ss:Type="String">2023-12-07 15:36:47.378636</Data></Cell>
   </Row>
   <Row>
    <Cell><Data ss:Type="String">122</Data></Cell>
    <Cell><Data ss:Type="Number">0.27</Data></Cell>
    <Cell><Data ss:Type="Number">-10.119999999999999</Data></Cell>
    <Cell><Data ss:Type="Number">0.16</Data></Cell>
    <Cell><Data ss:Type="Number">-9.51</Data></Cell>
    <Cell><Data ss:Type="Number">-0.06</Data></Cell>
    <Cell><Data ss:Type="Number">-0.91</Data></Cell>
    <Cell><Data ss:Type="Number">21.9</Data></Cell>
    <Cell><Data ss:Type="Number">40.700000000000003</Data></Cell>
    <Cell><Data ss:Type="Number">0</Data></Cell>
    <Cell><Data ss:Type="Number">0</Data></Cell>
    <Cell><Data ss:Type="String">2023-12-07 15:36:47.332133</Data></Cell>
   </Row>
   <Row>
    <Cell><Data ss:Type="String">121</Data></Cell>
    <Cell><Data ss:Type="Number">0.28999999999999998</Data></Cell>
    <Cell><Data ss:Type="Number">-10.23</Data></Cell>
    <Cell><Data ss:Type="Number">0.19</Data></Cell>
    <Cell><Data ss:Type="Number">-9.56</Data></Cell>
    <Cell><Data ss:Type="Number">-7.0000000000000007E-2</Data></Cell>
    <Cell><Data ss:Type="Number">-0.88</Data></Cell>
    <Cell><Data ss:Type="Number">21.9</Data></Cell>
    <Cell><Data ss:Type="Number">40.700000000000003</Data></Cell>
    <Cell><Data ss:Type="Number">0</Data></Cell>
    <Cell><Data ss:Type="Number">0</Data></Cell>
    <Cell><Data ss:Type="String">2023-12-07 15:36:47.286495</Data></Cell>
   </Row>
   <Row>
    <Cell><Data ss:Type="String">120</Data></Cell>
    <Cell><Data ss:Type="Number">0.27</Data></Cell>
    <Cell><Data ss:Type="Number">-10.18</Data></Cell>
    <Cell><Data ss:Type="Number">0.18</Data></Cell>
    <Cell><Data ss:Type="Number">-9.49</Data></Cell>
    <Cell><Data ss:Type="Number">-0.04</Data></Cell>
    <Cell><Data ss:Type="Number">-0.88</Data></Cell>
    <Cell><Data ss:Type="Number">21.9</Data></Cell>
    <Cell><Data ss:Type="Number">40.700000000000003</Data></Cell>
    <Cell><Data ss:Type="Number">0</Data></Cell>
    <Cell><Data ss:Type="Number">0</Data></Cell>
    <Cell><Data ss:Type="String">2023-12-07 15:36:47.284840</Data></Cell>
   </Row>
   <Row>
    <Cell><Data ss:Type="String">119</Data></Cell>
    <Cell><Data ss:Type="Number">0.31</Data></Cell>
    <Cell><Data ss:Type="Number">-10.09</Data></Cell>
    <Cell><Data ss:Type="Number">0.18</Data></Cell>
    <Cell><Data ss:Type="Number">-9.4499999999999993</Data></Cell>
    <Cell><Data ss:Type="Number">-0.08</Data></Cell>
    <Cell><Data ss:Type="Number">-0.91</Data></Cell>
    <Cell><Data ss:Type="Number">21.9</Data></Cell>
    <Cell><Data ss:Type="Number">40.700000000000003</Data></Cell>
    <Cell><Data ss:Type="Number">0</Data></Cell>
    <Cell><Data ss:Type="Number">0</Data></Cell>
    <Cell><Data ss:Type="String">2023-12-07 15:36:47.240684</Data></Cell>
   </Row>
   <Row>
    <Cell><Data ss:Type="String">118</Data></Cell>
    <Cell><Data ss:Type="Number">0.32</Data></Cell>
    <Cell><Data ss:Type="Number">-9.9499999999999993</Data></Cell>
    <Cell><Data ss:Type="Number">0.19</Data></Cell>
    <Cell><Data ss:Type="Number">-9.41</Data></Cell>
    <Cell><Data ss:Type="Number">-0.06</Data></Cell>
    <Cell><Data ss:Type="Number">-0.94</Data></Cell>
    <Cell><Data ss:Type="Number">21.9</Data></Cell>
    <Cell><Data ss:Type="Number">40.700000000000003</Data></Cell>
    <Cell><Data ss:Type="Number">0</Data></Cell>
    <Cell><Data ss:Type="Number">0</Data></Cell>
    <Cell><Data ss:Type="String">2023-12-07 15:36:47.193549</Data></Cell>
   </Row>
   <Row>
    <Cell><Data ss:Type="String">117</Data></Cell>
    <Cell><Data ss:Type="Number">0.25</Data></Cell>
    <Cell><Data ss:Type="Number">-10.1</Data></Cell>
    <Cell><Data ss:Type="Number">0.2</Data></Cell>
    <Cell><Data ss:Type="Number">-9.4700000000000006</Data></Cell>
    <Cell><Data ss:Type="Number">-0.06</Data></Cell>
    <Cell><Data ss:Type="Number">-0.94</Data></Cell>
    <Cell><Data ss:Type="Number">21.9</Data></Cell>
    <Cell><Data ss:Type="Number">40.700000000000003</Data></Cell>
    <Cell><Data ss:Type="Number">0</Data></Cell>
    <Cell><Data ss:Type="Number">0</Data></Cell>
    <Cell><Data ss:Type="String">2023-12-07 15:36:47.191570</Data></Cell>
   </Row>
   <Row>
    <Cell><Data ss:Type="String">116</Data></Cell>
    <Cell><Data ss:Type="Number">0.35</Data></Cell>
    <Cell><Data ss:Type="Number">-10.16</Data></Cell>
    <Cell><Data ss:Type="Number">0.11</Data></Cell>
    <Cell><Data ss:Type="Number">-9.5</Data></Cell>
    <Cell><Data ss:Type="Number">-0.11</Data></Cell>
    <Cell><Data ss:Type="Number">-0.94</Data></Cell>
    <Cell><Data ss:Type="Number">21.9</Data></Cell>
    <Cell><Data ss:Type="Number">40.700000000000003</Data></Cell>
    <Cell><Data ss:Type="Number">0</Data></Cell>
    <Cell><Data ss:Type="Number">0</Data></Cell>
    <Cell><Data ss:Type="String">2023-12-07 15:36:47.189893</Data></Cell>
   </Row>
   <Row>
    <Cell><Data ss:Type="String">115</Data></Cell>
    <Cell><Data ss:Type="Number">0.32</Data></Cell>
    <Cell><Data ss:Type="Number">-10.17</Data></Cell>
    <Cell><Data ss:Type="Number">0.17</Data></Cell>
    <Cell><Data ss:Type="Number">-9.5500000000000007</Data></Cell>
    <Cell><Data ss:Type="Number">-0.08</Data></Cell>
    <Cell><Data ss:Type="Number">-0.92</Data></Cell>
    <Cell><Data ss:Type="Number">21.9</Data></Cell>
    <Cell><Data ss:Type="Number">40.700000000000003</Data></Cell>
    <Cell><Data ss:Type="Number">0</Data></Cell>
    <Cell><Data ss:Type="Number">0</Data></Cell>
    <Cell><Data ss:Type="String">2023-12-07 15:36:47.188049</Data></Cell>
   </Row>
   <Row>
    <Cell><Data ss:Type="String">114</Data></Cell>
    <Cell><Data ss:Type="Number">0.28000000000000003</Data></Cell>
    <Cell><Data ss:Type="Number">-10.199999999999999</Data></Cell>
    <Cell><Data ss:Type="Number">0.22</Data></Cell>
    <Cell><Data ss:Type="Number">-9.5399999999999991</Data></Cell>
    <Cell><Data ss:Type="Number">-0.06</Data></Cell>
    <Cell><Data ss:Type="Number">-0.87</Data></Cell>
    <Cell><Data ss:Type="Number">21.9</Data></Cell>
    <Cell><Data ss:Type="Number">40.700000000000003</Data></Cell>
    <Cell><Data ss:Type="Number">0</Data></Cell>
    <Cell><Data ss:Type="Number">0</Data></Cell>
    <Cell><Data ss:Type="String">2023-12-07 15:36:47.186517</Data></Cell>
   </Row>
   <Row>
    <Cell><Data ss:Type="String">113</Data></Cell>
    <Cell><Data ss:Type="Number">0.28000000000000003</Data></Cell>
    <Cell><Data ss:Type="Number">-10.119999999999999</Data></Cell>
    <Cell><Data ss:Type="Number">0.12</Data></Cell>
    <Cell><Data ss:Type="Number">-9.49</Data></Cell>
    <Cell><Data ss:Type="Number">-7.0000000000000007E-2</Data></Cell>
    <Cell><Data ss:Type="Number">-0.96</Data></Cell>
    <Cell><Data ss:Type="Number">21.9</Data></Cell>
    <Cell><Data ss:Type="Number">40.700000000000003</Data></Cell>
    <Cell><Data ss:Type="Number">0</Data></Cell>
    <Cell><Data ss:Type="Number">0</Data></Cell>
    <Cell><Data ss:Type="String">2023-12-07 15:36:47.184673</Data></Cell>
   </Row>
   <Row>
    <Cell><Data ss:Type="String">112</Data></Cell>
    <Cell><Data ss:Type="Number">0.27</Data></Cell>
    <Cell><Data ss:Type="Number">-10</Data></Cell>
    <Cell><Data ss:Type="Number">0.14000000000000001</Data></Cell>
    <Cell><Data ss:Type="Number">-9.44</Data></Cell>
    <Cell><Data ss:Type="Number">-0.06</Data></Cell>
    <Cell><Data ss:Type="Number">-0.88</Data></Cell>
    <Cell><Data ss:Type="Number">21.9</Data></Cell>
    <Cell><Data ss:Type="Number">40.700000000000003</Data></Cell>
    <Cell><Data ss:Type="Number">0</Data></Cell>
    <Cell><Data ss:Type="Number">0</Data></Cell>
    <Cell><Data ss:Type="String">2023-12-07 15:36:47.183085</Data></Cell>
   </Row>
   <Row>
    <Cell><Data ss:Type="String">111</Data></Cell>
    <Cell><Data ss:Type="Number">0.28000000000000003</Data></Cell>
    <Cell><Data ss:Type="Number">-10</Data></Cell>
    <Cell><Data ss:Type="Number">7.0000000000000007E-2</Data></Cell>
    <Cell><Data ss:Type="Number">-9.4499999999999993</Data></Cell>
    <Cell><Data ss:Type="Number">-0.08</Data></Cell>
    <Cell><Data ss:Type="Number">-0.96</Data></Cell>
    <Cell><Data ss:Type="Number">21.9</Data></Cell>
    <Cell><Data ss:Type="Number">40.700000000000003</Data></Cell>
    <Cell><Data ss:Type="Number">0</Data></Cell>
    <Cell><Data ss:Type="Number">0</Data></Cell>
    <Cell><Data ss:Type="String">2023-12-07 15:36:46.965699</Data></Cell>
   </Row>
   <Row>
    <Cell><Data ss:Type="String">110</Data></Cell>
    <Cell><Data ss:Type="Number">0.27</Data></Cell>
    <Cell><Data ss:Type="Number">-9.94</Data></Cell>
    <Cell><Data ss:Type="Number">0.08</Data></Cell>
    <Cell><Data ss:Type="Number">-9.4600000000000009</Data></Cell>
    <Cell><Data ss:Type="Number">-7.0000000000000007E-2</Data></Cell>
    <Cell><Data ss:Type="Number">-0.92</Data></Cell>
    <Cell><Data ss:Type="Number">21.9</Data></Cell>
    <Cell><Data ss:Type="Number">40.700000000000003</Data></Cell>
    <Cell><Data ss:Type="Number">0</Data></Cell>
    <Cell><Data ss:Type="Number">0</Data></Cell>
    <Cell><Data ss:Type="String">2023-12-07 15:36:46.963147</Data></Cell>
   </Row>
   <Row>
    <Cell><Data ss:Type="String">109</Data></Cell>
    <Cell><Data ss:Type="Number">0.35</Data></Cell>
    <Cell><Data ss:Type="Number">-9.99</Data></Cell>
    <Cell><Data ss:Type="Number">0.12</Data></Cell>
    <Cell><Data ss:Type="Number">-9.5</Data></Cell>
    <Cell><Data ss:Type="Number">-0.08</Data></Cell>
    <Cell><Data ss:Type="Number">-0.91</Data></Cell>
    <Cell><Data ss:Type="Number">21.9</Data></Cell>
    <Cell><Data ss:Type="Number">40.700000000000003</Data></Cell>
    <Cell><Data ss:Type="Number">0</Data></Cell>
    <Cell><Data ss:Type="Number">0</Data></Cell>
    <Cell><Data ss:Type="String">2023-12-07 15:36:46.960475</Data></Cell>
   </Row>
   <Row>
    <Cell><Data ss:Type="String">108</Data></Cell>
    <Cell><Data ss:Type="Number">0.23</Data></Cell>
    <Cell><Data ss:Type="Number">-10.17</Data></Cell>
    <Cell><Data ss:Type="Number">0.11</Data></Cell>
    <Cell><Data ss:Type="Number">-9.5500000000000007</Data></Cell>
    <Cell><Data ss:Type="Number">-7.0000000000000007E-2</Data></Cell>
    <Cell><Data ss:Type="Number">-0.92</Data></Cell>
    <Cell><Data ss:Type="Number">21.9</Data></Cell>
    <Cell><Data ss:Type="Number">40.700000000000003</Data></Cell>
    <Cell><Data ss:Type="Number">0</Data></Cell>
    <Cell><Data ss:Type="Number">0</Data></Cell>
    <Cell><Data ss:Type="String">2023-12-07 15:36:46.958347</Data></Cell>
   </Row>
   <Row>
    <Cell><Data ss:Type="String">107</Data></Cell>
    <Cell><Data ss:Type="Number">0.26</Data></Cell>
    <Cell><Data ss:Type="Number">-10.199999999999999</Data></Cell>
    <Cell><Data ss:Type="Number">0.11</Data></Cell>
    <Cell><Data ss:Type="Number">-9.5</Data></Cell>
    <Cell><Data ss:Type="Number">-0.05</Data></Cell>
    <Cell><Data ss:Type="Number">-0.85</Data></Cell>
    <Cell><Data ss:Type="Number">21.9</Data></Cell>
    <Cell><Data ss:Type="Number">40.700000000000003</Data></Cell>
    <Cell><Data ss:Type="Number">0</Data></Cell>
    <Cell><Data ss:Type="Number">0</Data></Cell>
    <Cell><Data ss:Type="String">2023-12-07 15:36:46.956719</Data></Cell>
   </Row>
   <Row>
    <Cell><Data ss:Type="String">106</Data></Cell>
    <Cell><Data ss:Type="Number">0.27</Data></Cell>
    <Cell><Data ss:Type="Number">-10.050000000000001</Data></Cell>
    <Cell><Data ss:Type="Number">7.0000000000000007E-2</Data></Cell>
    <Cell><Data ss:Type="Number">-9.43</Data></Cell>
    <Cell><Data ss:Type="Number">-0.03</Data></Cell>
    <Cell><Data ss:Type="Number">-0.96</Data></Cell>
    <Cell><Data ss:Type="Number">21.9</Data></Cell>
    <Cell><Data ss:Type="Number">40.700000000000003</Data></Cell>
    <Cell><Data ss:Type="Number">0</Data></Cell>
    <Cell><Data ss:Type="Number">0</Data></Cell>
    <Cell><Data ss:Type="String">2023-12-07 15:36:46.954881</Data></Cell>
   </Row>
   <Row>
    <Cell><Data ss:Type="String">105</Data></Cell>
    <Cell><Data ss:Type="Number">0.12</Data></Cell>
    <Cell><Data ss:Type="Number">-9.93</Data></Cell>
    <Cell><Data ss:Type="Number">0.14000000000000001</Data></Cell>
    <Cell><Data ss:Type="Number">-9.42</Data></Cell>
    <Cell><Data ss:Type="Number">-0.15</Data></Cell>
    <Cell><Data ss:Type="Number">-0.93</Data></Cell>
    <Cell><Data ss:Type="Number">21.9</Data></Cell>
    <Cell><Data ss:Type="Number">40.700000000000003</Data></Cell>
    <Cell><Data ss:Type="Number">0</Data></Cell>
    <Cell><Data ss:Type="Number">0</Data></Cell>
    <Cell><Data ss:Type="String">2023-12-07 15:36:46.779309</Data></Cell>
   </Row>
   <Row>
    <Cell><Data ss:Type="String">104</Data></Cell>
    <Cell><Data ss:Type="Number">0.4</Data></Cell>
    <Cell><Data ss:Type="Number">-10</Data></Cell>
    <Cell><Data ss:Type="Number">0.01</Data></Cell>
    <Cell><Data ss:Type="Number">-9.4700000000000006</Data></Cell>
    <Cell><Data ss:Type="Number">-0.04</Data></Cell>
    <Cell><Data ss:Type="Number">-0.88</Data></Cell>
    <Cell><Data ss:Type="Number">21.9</Data></Cell>
    <Cell><Data ss:Type="Number">40.700000000000003</Data></Cell>
    <Cell><Data ss:Type="Number">0</Data></Cell>
    <Cell><Data ss:Type="Number">0</Data></Cell>
    <Cell><Data ss:Type="String">2023-12-07 15:36:46.734423</Data></Cell>
   </Row>
   <Row>
    <Cell><Data ss:Type="String">103</Data></Cell>
    <Cell><Data ss:Type="Number">0.13</Data></Cell>
    <Cell><Data ss:Type="Number">-10.210000000000001</Data></Cell>
    <Cell><Data ss:Type="Number">0.02</Data></Cell>
    <Cell><Data ss:Type="Number">-9.57</Data></Cell>
    <Cell><Data ss:Type="Number">0.03</Data></Cell>
    <Cell><Data ss:Type="Number">-0.96</Data></Cell>
    <Cell><Data ss:Type="Number">21.9</Data></Cell>
    <Cell><Data ss:Type="Number">40.700000000000003</Data></Cell>
    <Cell><Data ss:Type="Number">0</Data></Cell>
    <Cell><Data ss:Type="Number">0</Data></Cell>
    <Cell><Data ss:Type="String">2023-12-07 15:36:46.732812</Data></Cell>
   </Row>
   <Row>
    <Cell><Data ss:Type="String">102</Data></Cell>
    <Cell><Data ss:Type="Number">0.56000000000000005</Data></Cell>
    <Cell><Data ss:Type="Number">-10.14</Data></Cell>
    <Cell><Data ss:Type="Number">0.33</Data></Cell>
    <Cell><Data ss:Type="Number">-9.48</Data></Cell>
    <Cell><Data ss:Type="Number">-0.15</Data></Cell>
    <Cell><Data ss:Type="Number">-0.79</Data></Cell>
    <Cell><Data ss:Type="Number">21.9</Data></Cell>
    <Cell><Data ss:Type="Number">40.700000000000003</Data></Cell>
    <Cell><Data ss:Type="Number">0</Data></Cell>
    <Cell><Data ss:Type="Number">0</Data></Cell>
    <Cell><Data ss:Type="String">2023-12-07 15:36:46.684523</Data></Cell>
   </Row>
   <Row>
    <Cell><Data ss:Type="String">101</Data></Cell>
    <Cell><Data ss:Type="Number">0.57999999999999996</Data></Cell>
    <Cell><Data ss:Type="Number">-9.9600000000000009</Data></Cell>
    <Cell><Data ss:Type="Number">0.22</Data></Cell>
    <Cell><Data ss:Type="Number">-9.4600000000000009</Data></Cell>
    <Cell><Data ss:Type="Number">-0.32</Data></Cell>
    <Cell><Data ss:Type="Number">-0.93</Data></Cell>
    <Cell><Data ss:Type="Number">21.9</Data></Cell>
    <Cell><Data ss:Type="Number">40.700000000000003</Data></Cell>
    <Cell><Data ss:Type="Number">0</Data></Cell>
    <Cell><Data ss:Type="Number">0</Data></Cell>
    <Cell><Data ss:Type="String">2023-12-07 15:36:46.640800</Data></Cell>
   </Row>
   <Row>
    <Cell><Data ss:Type="String">100</Data></Cell>
    <Cell><Data ss:Type="Number">0.42</Data></Cell>
    <Cell><Data ss:Type="Number">-9.99</Data></Cell>
    <Cell><Data ss:Type="Number">-0.06</Data></Cell>
    <Cell><Data ss:Type="Number">-9.41</Data></Cell>
    <Cell><Data ss:Type="Number">0.23</Data></Cell>
    <Cell><Data ss:Type="Number">-0.91</Data></Cell>
    <Cell><Data ss:Type="Number">21.9</Data></Cell>
    <Cell><Data ss:Type="Number">40.700000000000003</Data></Cell>
    <Cell><Data ss:Type="Number">0</Data></Cell>
    <Cell><Data ss:Type="Number">0</Data></Cell>
    <Cell><Data ss:Type="String">2023-12-07 15:36:46.597671</Data></Cell>
   </Row>
   <Row>
    <Cell><Data ss:Type="String">99</Data></Cell>
    <Cell><Data ss:Type="Number">-0.33</Data></Cell>
    <Cell><Data ss:Type="Number">-10.26</Data></Cell>
    <Cell><Data ss:Type="Number">7.0000000000000007E-2</Data></Cell>
    <Cell><Data ss:Type="Number">-9.5399999999999991</Data></Cell>
    <Cell><Data ss:Type="Number">0.3</Data></Cell>
    <Cell><Data ss:Type="Number">-0.93</Data></Cell>
    <Cell><Data ss:Type="Number">21.9</Data></Cell>
    <Cell><Data ss:Type="Number">40.700000000000003</Data></Cell>
    <Cell><Data ss:Type="Number">0</Data></Cell>
    <Cell><Data ss:Type="Number">0</Data></Cell>
    <Cell><Data ss:Type="String">2023-12-07 15:36:46.595328</Data></Cell>
   </Row>
   <Row>
    <Cell><Data ss:Type="String">98</Data></Cell>
    <Cell><Data ss:Type="Number">-1.08</Data></Cell>
    <Cell><Data ss:Type="Number">-10.210000000000001</Data></Cell>
    <Cell><Data ss:Type="Number">0.56999999999999995</Data></Cell>
    <Cell><Data ss:Type="Number">-9.5399999999999991</Data></Cell>
    <Cell><Data ss:Type="Number">-0.47</Data></Cell>
    <Cell><Data ss:Type="Number">-0.9</Data></Cell>
    <Cell><Data ss:Type="Number">21.9</Data></Cell>
    <Cell><Data ss:Type="Number">40.700000000000003</Data></Cell>
    <Cell><Data ss:Type="Number">0</Data></Cell>
    <Cell><Data ss:Type="Number">0</Data></Cell>
    <Cell><Data ss:Type="String">2023-12-07 15:36:46.555343</Data></Cell>
   </Row>
   <Row>
    <Cell><Data ss:Type="String">97</Data></Cell>
    <Cell><Data ss:Type="Number">0.17</Data></Cell>
    <Cell><Data ss:Type="Number">-10.119999999999999</Data></Cell>
    <Cell><Data ss:Type="Number">0.41</Data></Cell>
    <Cell><Data ss:Type="Number">-9.43</Data></Cell>
    <Cell><Data ss:Type="Number">-0.25</Data></Cell>
    <Cell><Data ss:Type="Number">-0.73</Data></Cell>
    <Cell><Data ss:Type="Number">21.9</Data></Cell>
    <Cell><Data ss:Type="Number">40.700000000000003</Data></Cell>
    <Cell><Data ss:Type="Number">0</Data></Cell>
    <Cell><Data ss:Type="Number">0</Data></Cell>
    <Cell><Data ss:Type="String">2023-12-07 15:36:46.553800</Data></Cell>
   </Row>
   <Row>
    <Cell><Data ss:Type="String">96</Data></Cell>
    <Cell><Data ss:Type="Number">-1.34</Data></Cell>
    <Cell><Data ss:Type="Number">-10.210000000000001</Data></Cell>
    <Cell><Data ss:Type="Number">-1.19</Data></Cell>
    <Cell><Data ss:Type="Number">-9.59</Data></Cell>
    <Cell><Data ss:Type="Number">1.1100000000000001</Data></Cell>
    <Cell><Data ss:Type="Number">-1.24</Data></Cell>
    <Cell><Data ss:Type="Number">21.9</Data></Cell>
    <Cell><Data ss:Type="Number">40.700000000000003</Data></Cell>
    <Cell><Data ss:Type="Number">0</Data></Cell>
    <Cell><Data ss:Type="Number">0</Data></Cell>
    <Cell><Data ss:Type="String">2023-12-07 15:36:46.552085</Data></Cell>
   </Row>
   <Row>
    <Cell><Data ss:Type="String">95</Data></Cell>
    <Cell><Data ss:Type="Number">3.38</Data></Cell>
    <Cell><Data ss:Type="Number">-8.92</Data></Cell>
    <Cell><Data ss:Type="Number">1.3</Data></Cell>
    <Cell><Data ss:Type="Number">-9.14</Data></Cell>
    <Cell><Data ss:Type="Number">-1.33</Data></Cell>
    <Cell><Data ss:Type="Number">-0.57999999999999996</Data></Cell>
    <Cell><Data ss:Type="Number">21.9</Data></Cell>
    <Cell><Data ss:Type="Number">40.700000000000003</Data></Cell>
    <Cell><Data ss:Type="Number">0</Data></Cell>
    <Cell><Data ss:Type="Number">0</Data></Cell>
    <Cell><Data ss:Type="String">2023-12-07 15:36:46.550159</Data></Cell>
   </Row>
   <Row>
    <Cell><Data ss:Type="String">94</Data></Cell>
    <Cell><Data ss:Type="Number">-3.53</Data></Cell>
    <Cell><Data ss:Type="Number">-4.49</Data></Cell>
    <Cell><Data ss:Type="Number">-1.07</Data></Cell>
    <Cell><Data ss:Type="Number">-13.67</Data></Cell>
    <Cell><Data ss:Type="Number">-0.76</Data></Cell>
    <Cell><Data ss:Type="Number">-0.4</Data></Cell>
    <Cell><Data ss:Type="Number">21.9</Data></Cell>
    <Cell><Data ss:Type="Number">40.700000000000003</Data></Cell>
    <Cell><Data ss:Type="Number">0</Data></Cell>
    <Cell><Data ss:Type="Number">0</Data></Cell>
    <Cell><Data ss:Type="String">2023-12-07 15:36:46.547940</Data></Cell>
   </Row>
   <Row>
    <Cell><Data ss:Type="String">93</Data></Cell>
    <Cell><Data ss:Type="Number">0.16</Data></Cell>
    <Cell><Data ss:Type="Number">-9.85</Data></Cell>
    <Cell><Data ss:Type="Number">0.42</Data></Cell>
    <Cell><Data ss:Type="Number">-9.42</Data></Cell>
    <Cell><Data ss:Type="Number">0</Data></Cell>
    <Cell><Data ss:Type="Number">-0.85</Data></Cell>
    <Cell><Data ss:Type="Number">21.9</Data></Cell>
    <Cell><Data ss:Type="Number">40.700000000000003</Data></Cell>
    <Cell><Data ss:Type="Number">0</Data></Cell>
    <Cell><Data ss:Type="Number">0</Data></Cell>
    <Cell><Data ss:Type="String">2023-12-07 15:36:46.544750</Data></Cell>
   </Row>
   <Row>
    <Cell><Data ss:Type="String">92</Data></Cell>
    <Cell><Data ss:Type="Number">0.09</Data></Cell>
    <Cell><Data ss:Type="Number">-10.029999999999999</Data></Cell>
    <Cell><Data ss:Type="Number">-0.3</Data></Cell>
    <Cell><Data ss:Type="Number">-9.48</Data></Cell>
    <Cell><Data ss:Type="Number">-0.05</Data></Cell>
    <Cell><Data ss:Type="Number">-0.95</Data></Cell>
    <Cell><Data ss:Type="Number">21.9</Data></Cell>
    <Cell><Data ss:Type="Number">40.700000000000003</Data></Cell>
    <Cell><Data ss:Type="Number">0</Data></Cell>
    <Cell><Data ss:Type="Number">0</Data></Cell>
    <Cell><Data ss:Type="String">2023-12-07 15:36:46.539045</Data></Cell>
   </Row>
   <Row>
    <Cell><Data ss:Type="String">91</Data></Cell>
    <Cell><Data ss:Type="Number">0.25</Data></Cell>
    <Cell><Data ss:Type="Number">-9.86</Data></Cell>
    <Cell><Data ss:Type="Number">0.05</Data></Cell>
    <Cell><Data ss:Type="Number">-9.41</Data></Cell>
    <Cell><Data ss:Type="Number">-0.06</Data></Cell>
    <Cell><Data ss:Type="Number">-0.92</Data></Cell>
    <Cell><Data ss:Type="Number">21.9</Data></Cell>
    <Cell><Data ss:Type="Number">40.700000000000003</Data></Cell>
    <Cell><Data ss:Type="Number">0</Data></Cell>
    <Cell><Data ss:Type="Number">0</Data></Cell>
    <Cell><Data ss:Type="String">2023-12-07 15:36:46.306645</Data></Cell>
   </Row>
   <Row>
    <Cell><Data ss:Type="String">90</Data></Cell>
    <Cell><Data ss:Type="Number">0.43</Data></Cell>
    <Cell><Data ss:Type="Number">-9.64</Data></Cell>
    <Cell><Data ss:Type="Number">-0.15</Data></Cell>
    <Cell><Data ss:Type="Number">-9.58</Data></Cell>
    <Cell><Data ss:Type="Number">-0.01</Data></Cell>
    <Cell><Data ss:Type="Number">-0.89</Data></Cell>
    <Cell><Data ss:Type="Number">21.9</Data></Cell>
    <Cell><Data ss:Type="Number">40.700000000000003</Data></Cell>
    <Cell><Data ss:Type="Number">0</Data></Cell>
    <Cell><Data ss:Type="Number">0</Data></Cell>
    <Cell><Data ss:Type="String">2023-12-07 15:36:46.304962</Data></Cell>
   </Row>
   <Row>
    <Cell><Data ss:Type="String">89</Data></Cell>
    <Cell><Data ss:Type="Number">0.53</Data></Cell>
    <Cell><Data ss:Type="Number">-10.31</Data></Cell>
    <Cell><Data ss:Type="Number">0.09</Data></Cell>
    <Cell><Data ss:Type="Number">-9.4600000000000009</Data></Cell>
    <Cell><Data ss:Type="Number">-0.04</Data></Cell>
    <Cell><Data ss:Type="Number">-0.93</Data></Cell>
    <Cell><Data ss:Type="Number">21.9</Data></Cell>
    <Cell><Data ss:Type="Number">40.700000000000003</Data></Cell>
    <Cell><Data ss:Type="Number">0</Data></Cell>
    <Cell><Data ss:Type="Number">0</Data></Cell>
    <Cell><Data ss:Type="String">2023-12-07 15:36:46.303219</Data></Cell>
   </Row>
   <Row>
    <Cell><Data ss:Type="String">88</Data></Cell>
    <Cell><Data ss:Type="Number">0.31</Data></Cell>
    <Cell><Data ss:Type="Number">-9.81</Data></Cell>
    <Cell><Data ss:Type="Number">-0.14000000000000001</Data></Cell>
    <Cell><Data ss:Type="Number">-9.4499999999999993</Data></Cell>
    <Cell><Data ss:Type="Number">-0.09</Data></Cell>
    <Cell><Data ss:Type="Number">-0.88</Data></Cell>
    <Cell><Data ss:Type="Number">21.9</Data></Cell>
    <Cell><Data ss:Type="Number">40.700000000000003</Data></Cell>
    <Cell><Data ss:Type="Number">0</Data></Cell>
    <Cell><Data ss:Type="Number">0</Data></Cell>
    <Cell><Data ss:Type="String">2023-12-07 15:36:46.301586</Data></Cell>
   </Row>
   <Row>
    <Cell><Data ss:Type="String">87</Data></Cell>
    <Cell><Data ss:Type="Number">0.67</Data></Cell>
    <Cell><Data ss:Type="Number">-9.8699999999999992</Data></Cell>
    <Cell><Data ss:Type="Number">-0.09</Data></Cell>
    <Cell><Data ss:Type="Number">-9.4700000000000006</Data></Cell>
    <Cell><Data ss:Type="Number">-0.05</Data></Cell>
    <Cell><Data ss:Type="Number">-0.95</Data></Cell>
    <Cell><Data ss:Type="Number">21.9</Data></Cell>
    <Cell><Data ss:Type="Number">40.700000000000003</Data></Cell>
    <Cell><Data ss:Type="Number">0</Data></Cell>
    <Cell><Data ss:Type="Number">0</Data></Cell>
    <Cell><Data ss:Type="String">2023-12-07 15:36:46.299943</Data></Cell>
   </Row>
   <Row>
    <Cell><Data ss:Type="String">86</Data></Cell>
    <Cell><Data ss:Type="Number">0.05</Data></Cell>
    <Cell><Data ss:Type="Number">-9.7100000000000009</Data></Cell>
    <Cell><Data ss:Type="Number">-0.13</Data></Cell>
    <Cell><Data ss:Type="Number">-9.4</Data></Cell>
    <Cell><Data ss:Type="Number">-0.1</Data></Cell>
    <Cell><Data ss:Type="Number">-0.9</Data></Cell>
    <Cell><Data ss:Type="Number">21.9</Data></Cell>
    <Cell><Data ss:Type="Number">40.700000000000003</Data></Cell>
    <Cell><Data ss:Type="Number">0</Data></Cell>
    <Cell><Data ss:Type="Number">0</Data></Cell>
    <Cell><Data ss:Type="String">2023-12-07 15:36:46.298186</Data></Cell>
   </Row>
   <Row>
    <Cell><Data ss:Type="String">85</Data></Cell>
    <Cell><Data ss:Type="Number">0.27</Data></Cell>
    <Cell><Data ss:Type="Number">-9.8800000000000008</Data></Cell>
    <Cell><Data ss:Type="Number">-0.01</Data></Cell>
    <Cell><Data ss:Type="Number">-9.4</Data></Cell>
    <Cell><Data ss:Type="Number">-0.1</Data></Cell>
    <Cell><Data ss:Type="Number">-0.93</Data></Cell>
    <Cell><Data ss:Type="Number">21.9</Data></Cell>
    <Cell><Data ss:Type="Number">40.700000000000003</Data></Cell>
    <Cell><Data ss:Type="Number">0</Data></Cell>
    <Cell><Data ss:Type="Number">0</Data></Cell>
    <Cell><Data ss:Type="String">2023-12-07 15:36:46.295740</Data></Cell>
   </Row>
   <Row>
    <Cell><Data ss:Type="String">84</Data></Cell>
    <Cell><Data ss:Type="Number">0.51</Data></Cell>
    <Cell><Data ss:Type="Number">-10.199999999999999</Data></Cell>
    <Cell><Data ss:Type="Number">0.15</Data></Cell>
    <Cell><Data ss:Type="Number">-9.5399999999999991</Data></Cell>
    <Cell><Data ss:Type="Number">-0.08</Data></Cell>
    <Cell><Data ss:Type="Number">-0.89</Data></Cell>
    <Cell><Data ss:Type="Number">21.9</Data></Cell>
    <Cell><Data ss:Type="Number">40.700000000000003</Data></Cell>
    <Cell><Data ss:Type="Number">0</Data></Cell>
    <Cell><Data ss:Type="Number">0</Data></Cell>
    <Cell><Data ss:Type="String">2023-12-07 15:36:46.262741</Data></Cell>
   </Row>
   <Row>
    <Cell><Data ss:Type="String">83</Data></Cell>
    <Cell><Data ss:Type="Number">0.54</Data></Cell>
    <Cell><Data ss:Type="Number">-10.050000000000001</Data></Cell>
    <Cell><Data ss:Type="Number">0.76</Data></Cell>
    <Cell><Data ss:Type="Number">-9.4499999999999993</Data></Cell>
    <Cell><Data ss:Type="Number">-0.06</Data></Cell>
    <Cell><Data ss:Type="Number">-0.88</Data></Cell>
    <Cell><Data ss:Type="Number">21.9</Data></Cell>
    <Cell><Data ss:Type="Number">40.700000000000003</Data></Cell>
    <Cell><Data ss:Type="Number">0</Data></Cell>
    <Cell><Data ss:Type="Number">0</Data></Cell>
    <Cell><Data ss:Type="String">2023-12-07 15:36:46.038608</Data></Cell>
   </Row>
   <Row>
    <Cell><Data ss:Type="String">82</Data></Cell>
    <Cell><Data ss:Type="Number">0.39</Data></Cell>
    <Cell><Data ss:Type="Number">-9.93</Data></Cell>
    <Cell><Data ss:Type="Number">-0.2</Data></Cell>
    <Cell><Data ss:Type="Number">-9.36</Data></Cell>
    <Cell><Data ss:Type="Number">-0.08</Data></Cell>
    <Cell><Data ss:Type="Number">-0.92</Data></Cell>
    <Cell><Data ss:Type="Number">21.9</Data></Cell>
    <Cell><Data ss:Type="Number">40.700000000000003</Data></Cell>
    <Cell><Data ss:Type="Number">0</Data></Cell>
    <Cell><Data ss:Type="Number">0</Data></Cell>
    <Cell><Data ss:Type="String">2023-12-07 15:36:46.036774</Data></Cell>
   </Row>
   <Row>
    <Cell><Data ss:Type="String">81</Data></Cell>
    <Cell><Data ss:Type="Number">0.65</Data></Cell>
    <Cell><Data ss:Type="Number">-9.56</Data></Cell>
    <Cell><Data ss:Type="Number">0.19</Data></Cell>
    <Cell><Data ss:Type="Number">-9.4</Data></Cell>
    <Cell><Data ss:Type="Number">-0.11</Data></Cell>
    <Cell><Data ss:Type="Number">-0.88</Data></Cell>
    <Cell><Data ss:Type="Number">21.9</Data></Cell>
    <Cell><Data ss:Type="Number">40.700000000000003</Data></Cell>
    <Cell><Data ss:Type="Number">0</Data></Cell>
    <Cell><Data ss:Type="Number">0</Data></Cell>
    <Cell><Data ss:Type="String">2023-12-07 15:36:46.035203</Data></Cell>
   </Row>
   <Row>
    <Cell><Data ss:Type="String">80</Data></Cell>
    <Cell><Data ss:Type="Number">0.23</Data></Cell>
    <Cell><Data ss:Type="Number">-9.94</Data></Cell>
    <Cell><Data ss:Type="Number">-0.02</Data></Cell>
    <Cell><Data ss:Type="Number">-9.5</Data></Cell>
    <Cell><Data ss:Type="Number">-0.04</Data></Cell>
    <Cell><Data ss:Type="Number">-0.98</Data></Cell>
    <Cell><Data ss:Type="Number">21.9</Data></Cell>
    <Cell><Data ss:Type="Number">40.700000000000003</Data></Cell>
    <Cell><Data ss:Type="Number">0</Data></Cell>
    <Cell><Data ss:Type="Number">0</Data></Cell>
    <Cell><Data ss:Type="String">2023-12-07 15:36:46.033348</Data></Cell>
   </Row>
   <Row>
    <Cell><Data ss:Type="String">79</Data></Cell>
    <Cell><Data ss:Type="Number">0.28000000000000003</Data></Cell>
    <Cell><Data ss:Type="Number">-10.29</Data></Cell>
    <Cell><Data ss:Type="Number">0.01</Data></Cell>
    <Cell><Data ss:Type="Number">-9.4600000000000009</Data></Cell>
    <Cell><Data ss:Type="Number">-0.02</Data></Cell>
    <Cell><Data ss:Type="Number">-0.86</Data></Cell>
    <Cell><Data ss:Type="Number">21.9</Data></Cell>
    <Cell><Data ss:Type="Number">40.700000000000003</Data></Cell>
    <Cell><Data ss:Type="Number">0</Data></Cell>
    <Cell><Data ss:Type="Number">0</Data></Cell>
    <Cell><Data ss:Type="String">2023-12-07 15:36:45.892372</Data></Cell>
   </Row>
   <Row>
    <Cell><Data ss:Type="String">78</Data></Cell>
    <Cell><Data ss:Type="Number">0.63</Data></Cell>
    <Cell><Data ss:Type="Number">-10.1</Data></Cell>
    <Cell><Data ss:Type="Number">0.1</Data></Cell>
    <Cell><Data ss:Type="Number">-9.51</Data></Cell>
    <Cell><Data ss:Type="Number">-0.11</Data></Cell>
    <Cell><Data ss:Type="Number">-0.91</Data></Cell>
    <Cell><Data ss:Type="Number">21.9</Data></Cell>
    <Cell><Data ss:Type="Number">40.700000000000003</Data></Cell>
    <Cell><Data ss:Type="Number">0</Data></Cell>
    <Cell><Data ss:Type="Number">0</Data></Cell>
    <Cell><Data ss:Type="String">2023-12-07 15:36:45.890173</Data></Cell>
   </Row>
   <Row>
    <Cell><Data ss:Type="String">77</Data></Cell>
    <Cell><Data ss:Type="Number">0.53</Data></Cell>
    <Cell><Data ss:Type="Number">-10.039999999999999</Data></Cell>
    <Cell><Data ss:Type="Number">0.15</Data></Cell>
    <Cell><Data ss:Type="Number">-9.27</Data></Cell>
    <Cell><Data ss:Type="Number">0</Data></Cell>
    <Cell><Data ss:Type="Number">-0.93</Data></Cell>
    <Cell><Data ss:Type="Number">21.9</Data></Cell>
    <Cell><Data ss:Type="Number">40.700000000000003</Data></Cell>
    <Cell><Data ss:Type="Number">0</Data></Cell>
    <Cell><Data ss:Type="Number">0</Data></Cell>
    <Cell><Data ss:Type="String">2023-12-07 15:36:45.888022</Data></Cell>
   </Row>
   <Row>
    <Cell><Data ss:Type="String">76</Data></Cell>
    <Cell><Data ss:Type="Number">0.2</Data></Cell>
    <Cell><Data ss:Type="Number">-10.16</Data></Cell>
    <Cell><Data ss:Type="Number">0.11</Data></Cell>
    <Cell><Data ss:Type="Number">-9.51</Data></Cell>
    <Cell><Data ss:Type="Number">-0.06</Data></Cell>
    <Cell><Data ss:Type="Number">-0.92</Data></Cell>
    <Cell><Data ss:Type="Number">21.9</Data></Cell>
    <Cell><Data ss:Type="Number">40.700000000000003</Data></Cell>
    <Cell><Data ss:Type="Number">0</Data></Cell>
    <Cell><Data ss:Type="Number">0</Data></Cell>
    <Cell><Data ss:Type="String">2023-12-07 15:36:45.885787</Data></Cell>
   </Row>
   <Row>
    <Cell><Data ss:Type="String">75</Data></Cell>
    <Cell><Data ss:Type="Number">0.63</Data></Cell>
    <Cell><Data ss:Type="Number">-9.81</Data></Cell>
    <Cell><Data ss:Type="Number">0.08</Data></Cell>
    <Cell><Data ss:Type="Number">-9.69</Data></Cell>
    <Cell><Data ss:Type="Number">-0.1</Data></Cell>
    <Cell><Data ss:Type="Number">-0.89</Data></Cell>
    <Cell><Data ss:Type="Number">21.9</Data></Cell>
    <Cell><Data ss:Type="Number">40.700000000000003</Data></Cell>
    <Cell><Data ss:Type="Number">0</Data></Cell>
    <Cell><Data ss:Type="Number">0</Data></Cell>
    <Cell><Data ss:Type="String">2023-12-07 15:36:45.728171</Data></Cell>
   </Row>
   <Row>
    <Cell><Data ss:Type="String">74</Data></Cell>
    <Cell><Data ss:Type="Number">0.57999999999999996</Data></Cell>
    <Cell><Data ss:Type="Number">-10.16</Data></Cell>
    <Cell><Data ss:Type="Number">0.09</Data></Cell>
    <Cell><Data ss:Type="Number">-9.66</Data></Cell>
    <Cell><Data ss:Type="Number">-0.04</Data></Cell>
    <Cell><Data ss:Type="Number">-0.9</Data></Cell>
    <Cell><Data ss:Type="Number">21.9</Data></Cell>
    <Cell><Data ss:Type="Number">40.700000000000003</Data></Cell>
    <Cell><Data ss:Type="Number">0</Data></Cell>
    <Cell><Data ss:Type="Number">0</Data></Cell>
    <Cell><Data ss:Type="String">2023-12-07 15:36:45.724770</Data></Cell>
   </Row>
   <Row>
    <Cell><Data ss:Type="String">73</Data></Cell>
    <Cell><Data ss:Type="Number">0.49</Data></Cell>
    <Cell><Data ss:Type="Number">-10.039999999999999</Data></Cell>
    <Cell><Data ss:Type="Number">0.18</Data></Cell>
    <Cell><Data ss:Type="Number">-9.4499999999999993</Data></Cell>
    <Cell><Data ss:Type="Number">-0.04</Data></Cell>
    <Cell><Data ss:Type="Number">-0.98</Data></Cell>
    <Cell><Data ss:Type="Number">21.9</Data></Cell>
    <Cell><Data ss:Type="Number">40.700000000000003</Data></Cell>
    <Cell><Data ss:Type="Number">0</Data></Cell>
    <Cell><Data ss:Type="Number">0</Data></Cell>
    <Cell><Data ss:Type="String">2023-12-07 15:36:45.675657</Data></Cell>
   </Row>
   <Row>
    <Cell><Data ss:Type="String">72</Data></Cell>
    <Cell><Data ss:Type="Number">0.62</Data></Cell>
    <Cell><Data ss:Type="Number">-10.19</Data></Cell>
    <Cell><Data ss:Type="Number">0.18</Data></Cell>
    <Cell><Data ss:Type="Number">-9.34</Data></Cell>
    <Cell><Data ss:Type="Number">-0.11</Data></Cell>
    <Cell><Data ss:Type="Number">-0.91</Data></Cell>
    <Cell><Data ss:Type="Number">21.9</Data></Cell>
    <Cell><Data ss:Type="Number">40.700000000000003</Data></Cell>
    <Cell><Data ss:Type="Number">0</Data></Cell>
    <Cell><Data ss:Type="Number">0</Data></Cell>
    <Cell><Data ss:Type="String">2023-12-07 15:36:45.634255</Data></Cell>
   </Row>
   <Row>
    <Cell><Data ss:Type="String">71</Data></Cell>
    <Cell><Data ss:Type="Number">0.15</Data></Cell>
    <Cell><Data ss:Type="Number">-9.4700000000000006</Data></Cell>
    <Cell><Data ss:Type="Number">0.06</Data></Cell>
    <Cell><Data ss:Type="Number">-9.3800000000000008</Data></Cell>
    <Cell><Data ss:Type="Number">-0.14000000000000001</Data></Cell>
    <Cell><Data ss:Type="Number">-0.95</Data></Cell>
    <Cell><Data ss:Type="Number">21.9</Data></Cell>
    <Cell><Data ss:Type="Number">40.700000000000003</Data></Cell>
    <Cell><Data ss:Type="Number">0</Data></Cell>
    <Cell><Data ss:Type="Number">0</Data></Cell>
    <Cell><Data ss:Type="String">2023-12-07 15:36:45.632219</Data></Cell>
   </Row>
   <Row>
    <Cell><Data ss:Type="String">70</Data></Cell>
    <Cell><Data ss:Type="Number">0.15</Data></Cell>
    <Cell><Data ss:Type="Number">-9.9600000000000009</Data></Cell>
    <Cell><Data ss:Type="Number">0.19</Data></Cell>
    <Cell><Data ss:Type="Number">-9.49</Data></Cell>
    <Cell><Data ss:Type="Number">0</Data></Cell>
    <Cell><Data ss:Type="Number">-0.87</Data></Cell>
    <Cell><Data ss:Type="Number">21.9</Data></Cell>
    <Cell><Data ss:Type="Number">40.700000000000003</Data></Cell>
    <Cell><Data ss:Type="Number">0</Data></Cell>
    <Cell><Data ss:Type="Number">0</Data></Cell>
    <Cell><Data ss:Type="String">2023-12-07 15:36:45.583988</Data></Cell>
   </Row>
   <Row>
    <Cell><Data ss:Type="String">69</Data></Cell>
    <Cell><Data ss:Type="Number">0.64</Data></Cell>
    <Cell><Data ss:Type="Number">-10.27</Data></Cell>
    <Cell><Data ss:Type="Number">0.31</Data></Cell>
    <Cell><Data ss:Type="Number">-9.7200000000000006</Data></Cell>
    <Cell><Data ss:Type="Number">-0.05</Data></Cell>
    <Cell><Data ss:Type="Number">-0.87</Data></Cell>
    <Cell><Data ss:Type="Number">21.9</Data></Cell>
    <Cell><Data ss:Type="Number">40.700000000000003</Data></Cell>
    <Cell><Data ss:Type="Number">0</Data></Cell>
    <Cell><Data ss:Type="Number">0</Data></Cell>
    <Cell><Data ss:Type="String">2023-12-07 15:36:45.539462</Data></Cell>
   </Row>
   <Row>
    <Cell><Data ss:Type="String">68</Data></Cell>
    <Cell><Data ss:Type="Number">0.66</Data></Cell>
    <Cell><Data ss:Type="Number">-10.28</Data></Cell>
    <Cell><Data ss:Type="Number">0.15</Data></Cell>
    <Cell><Data ss:Type="Number">-9.59</Data></Cell>
    <Cell><Data ss:Type="Number">-0.14000000000000001</Data></Cell>
    <Cell><Data ss:Type="Number">-0.88</Data></Cell>
    <Cell><Data ss:Type="Number">21.9</Data></Cell>
    <Cell><Data ss:Type="Number">40.700000000000003</Data></Cell>
    <Cell><Data ss:Type="Number">0</Data></Cell>
    <Cell><Data ss:Type="Number">0</Data></Cell>
    <Cell><Data ss:Type="String">2023-12-07 15:36:45.496009</Data></Cell>
   </Row>
   <Row>
    <Cell><Data ss:Type="String">67</Data></Cell>
    <Cell><Data ss:Type="Number">0.45</Data></Cell>
    <Cell><Data ss:Type="Number">-9.74</Data></Cell>
    <Cell><Data ss:Type="Number">0.41</Data></Cell>
    <Cell><Data ss:Type="Number">-9.4700000000000006</Data></Cell>
    <Cell><Data ss:Type="Number">-0.12</Data></Cell>
    <Cell><Data ss:Type="Number">-0.86</Data></Cell>
    <Cell><Data ss:Type="Number">21.9</Data></Cell>
    <Cell><Data ss:Type="Number">40.700000000000003</Data></Cell>
    <Cell><Data ss:Type="Number">0</Data></Cell>
    <Cell><Data ss:Type="Number">0</Data></Cell>
    <Cell><Data ss:Type="String">2023-12-07 15:36:45.493325</Data></Cell>
   </Row>
   <Row>
    <Cell><Data ss:Type="String">66</Data></Cell>
    <Cell><Data ss:Type="Number">-0.28000000000000003</Data></Cell>
    <Cell><Data ss:Type="Number">-9.59</Data></Cell>
    <Cell><Data ss:Type="Number">-0.02</Data></Cell>
    <Cell><Data ss:Type="Number">-9.5500000000000007</Data></Cell>
    <Cell><Data ss:Type="Number">0.04</Data></Cell>
    <Cell><Data ss:Type="Number">-1.02</Data></Cell>
    <Cell><Data ss:Type="Number">21.9</Data></Cell>
    <Cell><Data ss:Type="Number">40.700000000000003</Data></Cell>
    <Cell><Data ss:Type="Number">0</Data></Cell>
    <Cell><Data ss:Type="Number">0</Data></Cell>
    <Cell><Data ss:Type="String">2023-12-07 15:36:45.447686</Data></Cell>
   </Row>
   <Row>
    <Cell><Data ss:Type="String">65</Data></Cell>
    <Cell><Data ss:Type="Number">-0.03</Data></Cell>
    <Cell><Data ss:Type="Number">-9.6999999999999993</Data></Cell>
    <Cell><Data ss:Type="Number">0.18</Data></Cell>
    <Cell><Data ss:Type="Number">-9.35</Data></Cell>
    <Cell><Data ss:Type="Number">0.06</Data></Cell>
    <Cell><Data ss:Type="Number">-0.87</Data></Cell>
    <Cell><Data ss:Type="Number">21.9</Data></Cell>
    <Cell><Data ss:Type="Number">40.700000000000003</Data></Cell>
    <Cell><Data ss:Type="Number">0</Data></Cell>
    <Cell><Data ss:Type="Number">0</Data></Cell>
    <Cell><Data ss:Type="String">2023-12-07 15:36:45.401469</Data></Cell>
   </Row>
   <Row>
    <Cell><Data ss:Type="String">64</Data></Cell>
    <Cell><Data ss:Type="Number">-0.21</Data></Cell>
    <Cell><Data ss:Type="Number">-10.42</Data></Cell>
    <Cell><Data ss:Type="Number">-0.02</Data></Cell>
    <Cell><Data ss:Type="Number">-9.65</Data></Cell>
    <Cell><Data ss:Type="Number">-0.17</Data></Cell>
    <Cell><Data ss:Type="Number">-0.94</Data></Cell>
    <Cell><Data ss:Type="Number">21.9</Data></Cell>
    <Cell><Data ss:Type="Number">40.700000000000003</Data></Cell>
    <Cell><Data ss:Type="Number">0</Data></Cell>
    <Cell><Data ss:Type="Number">0</Data></Cell>
    <Cell><Data ss:Type="String">2023-12-07 15:36:45.357887</Data></Cell>
   </Row>
   <Row>
    <Cell><Data ss:Type="String">63</Data></Cell>
    <Cell><Data ss:Type="Number">-0.24</Data></Cell>
    <Cell><Data ss:Type="Number">-10.37</Data></Cell>
    <Cell><Data ss:Type="Number">0.83</Data></Cell>
    <Cell><Data ss:Type="Number">-9.4700000000000006</Data></Cell>
    <Cell><Data ss:Type="Number">-0.37</Data></Cell>
    <Cell><Data ss:Type="Number">-0.83</Data></Cell>
    <Cell><Data ss:Type="Number">21.9</Data></Cell>
    <Cell><Data ss:Type="Number">40.700000000000003</Data></Cell>
    <Cell><Data ss:Type="Number">0</Data></Cell>
    <Cell><Data ss:Type="Number">0</Data></Cell>
    <Cell><Data ss:Type="String">2023-12-07 15:36:45.355667</Data></Cell>
   </Row>
   <Row>
    <Cell><Data ss:Type="String">62</Data></Cell>
    <Cell><Data ss:Type="Number">2.06</Data></Cell>
    <Cell><Data ss:Type="Number">-10.039999999999999</Data></Cell>
    <Cell><Data ss:Type="Number">1</Data></Cell>
    <Cell><Data ss:Type="Number">-9.51</Data></Cell>
    <Cell><Data ss:Type="Number">-0.65</Data></Cell>
    <Cell><Data ss:Type="Number">-0.72</Data></Cell>
    <Cell><Data ss:Type="Number">21.9</Data></Cell>
    <Cell><Data ss:Type="Number">40.700000000000003</Data></Cell>
    <Cell><Data ss:Type="Number">0</Data></Cell>
    <Cell><Data ss:Type="Number">0</Data></Cell>
    <Cell><Data ss:Type="String">2023-12-07 15:36:45.310494</Data></Cell>
   </Row>
   <Row>
    <Cell><Data ss:Type="String">61</Data></Cell>
    <Cell><Data ss:Type="Number">-0.06</Data></Cell>
    <Cell><Data ss:Type="Number">-10.47</Data></Cell>
    <Cell><Data ss:Type="Number">0.25</Data></Cell>
    <Cell><Data ss:Type="Number">-9.44</Data></Cell>
    <Cell><Data ss:Type="Number">-0.38</Data></Cell>
    <Cell><Data ss:Type="Number">-1</Data></Cell>
    <Cell><Data ss:Type="Number">22.1</Data></Cell>
    <Cell><Data ss:Type="Number">40.6</Data></Cell>
    <Cell><Data ss:Type="Number">0</Data></Cell>
    <Cell><Data ss:Type="Number">0</Data></Cell>
    <Cell><Data ss:Type="String">2023-12-07 15:36:45.251384</Data></Cell>
   </Row>
   <Row>
    <Cell><Data ss:Type="String">60</Data></Cell>
    <Cell><Data ss:Type="Number">-1.67</Data></Cell>
    <Cell><Data ss:Type="Number">-10.06</Data></Cell>
    <Cell><Data ss:Type="Number">-0.66</Data></Cell>
    <Cell><Data ss:Type="Number">-9.36</Data></Cell>
    <Cell><Data ss:Type="Number">0.62</Data></Cell>
    <Cell><Data ss:Type="Number">-0.84</Data></Cell>
    <Cell><Data ss:Type="Number">22.1</Data></Cell>
    <Cell><Data ss:Type="Number">40.6</Data></Cell>
    <Cell><Data ss:Type="Number">0</Data></Cell>
    <Cell><Data ss:Type="Number">0</Data></Cell>
    <Cell><Data ss:Type="String">2023-12-07 15:36:45.249594</Data></Cell>
   </Row>
   <Row>
    <Cell><Data ss:Type="String">59</Data></Cell>
    <Cell><Data ss:Type="Number">0.38</Data></Cell>
    <Cell><Data ss:Type="Number">-9.73</Data></Cell>
    <Cell><Data ss:Type="Number">-1.4</Data></Cell>
    <Cell><Data ss:Type="Number">-9.36</Data></Cell>
    <Cell><Data ss:Type="Number">1.04</Data></Cell>
    <Cell><Data ss:Type="Number">-1.39</Data></Cell>
    <Cell><Data ss:Type="Number">22.1</Data></Cell>
    <Cell><Data ss:Type="Number">40.6</Data></Cell>
    <Cell><Data ss:Type="Number">0</Data></Cell>
    <Cell><Data ss:Type="Number">0</Data></Cell>
    <Cell><Data ss:Type="String">2023-12-07 15:36:45.202939</Data></Cell>
   </Row>
   <Row>
    <Cell><Data ss:Type="String">58</Data></Cell>
    <Cell><Data ss:Type="Number">2.57</Data></Cell>
    <Cell><Data ss:Type="Number">-10.4</Data></Cell>
    <Cell><Data ss:Type="Number">1.41</Data></Cell>
    <Cell><Data ss:Type="Number">-7.77</Data></Cell>
    <Cell><Data ss:Type="Number">-2.0099999999999998</Data></Cell>
    <Cell><Data ss:Type="Number">-0.82</Data></Cell>
    <Cell><Data ss:Type="Number">22.1</Data></Cell>
    <Cell><Data ss:Type="Number">40.6</Data></Cell>
    <Cell><Data ss:Type="Number">0</Data></Cell>
    <Cell><Data ss:Type="Number">0</Data></Cell>
    <Cell><Data ss:Type="String">2023-12-07 15:36:45.160449</Data></Cell>
   </Row>
   <Row>
    <Cell><Data ss:Type="String">57</Data></Cell>
    <Cell><Data ss:Type="Number">0.25</Data></Cell>
    <Cell><Data ss:Type="Number">-10</Data></Cell>
    <Cell><Data ss:Type="Number">0.01</Data></Cell>
    <Cell><Data ss:Type="Number">-9.5399999999999991</Data></Cell>
    <Cell><Data ss:Type="Number">-7.0000000000000007E-2</Data></Cell>
    <Cell><Data ss:Type="Number">-0.88</Data></Cell>
    <Cell><Data ss:Type="Number">22.1</Data></Cell>
    <Cell><Data ss:Type="Number">40.6</Data></Cell>
    <Cell><Data ss:Type="Number">0</Data></Cell>
    <Cell><Data ss:Type="Number">0</Data></Cell>
    <Cell><Data ss:Type="String">2023-12-07 15:36:45.157670</Data></Cell>
   </Row>
   <Row>
    <Cell><Data ss:Type="String">56</Data></Cell>
    <Cell><Data ss:Type="Number">0.31</Data></Cell>
    <Cell><Data ss:Type="Number">-10.3</Data></Cell>
    <Cell><Data ss:Type="Number">0.25</Data></Cell>
    <Cell><Data ss:Type="Number">-9.5399999999999991</Data></Cell>
    <Cell><Data ss:Type="Number">-0.08</Data></Cell>
    <Cell><Data ss:Type="Number">-0.88</Data></Cell>
    <Cell><Data ss:Type="Number">22.1</Data></Cell>
    <Cell><Data ss:Type="Number">40.6</Data></Cell>
    <Cell><Data ss:Type="Number">0</Data></Cell>
    <Cell><Data ss:Type="Number">0</Data></Cell>
    <Cell><Data ss:Type="String">2023-12-07 15:36:45.120163</Data></Cell>
   </Row>
   <Row>
    <Cell><Data ss:Type="String">55</Data></Cell>
    <Cell><Data ss:Type="Number">0.28000000000000003</Data></Cell>
    <Cell><Data ss:Type="Number">-10.15</Data></Cell>
    <Cell><Data ss:Type="Number">0.13</Data></Cell>
    <Cell><Data ss:Type="Number">-9.5</Data></Cell>
    <Cell><Data ss:Type="Number">-0.09</Data></Cell>
    <Cell><Data ss:Type="Number">-0.89</Data></Cell>
    <Cell><Data ss:Type="Number">22.1</Data></Cell>
    <Cell><Data ss:Type="Number">40.6</Data></Cell>
    <Cell><Data ss:Type="Number">0</Data></Cell>
    <Cell><Data ss:Type="Number">0</Data></Cell>
    <Cell><Data ss:Type="String">2023-12-07 15:36:45.118033</Data></Cell>
   </Row>
   <Row>
    <Cell><Data ss:Type="String">54</Data></Cell>
    <Cell><Data ss:Type="Number">0.28000000000000003</Data></Cell>
    <Cell><Data ss:Type="Number">-9.89</Data></Cell>
    <Cell><Data ss:Type="Number">0.17</Data></Cell>
    <Cell><Data ss:Type="Number">-9.42</Data></Cell>
    <Cell><Data ss:Type="Number">-7.0000000000000007E-2</Data></Cell>
    <Cell><Data ss:Type="Number">-0.95</Data></Cell>
    <Cell><Data ss:Type="Number">22.1</Data></Cell>
    <Cell><Data ss:Type="Number">40.6</Data></Cell>
    <Cell><Data ss:Type="Number">0</Data></Cell>
    <Cell><Data ss:Type="Number">0</Data></Cell>
    <Cell><Data ss:Type="String">2023-12-07 15:36:45.115078</Data></Cell>
   </Row>
   <Row>
    <Cell><Data ss:Type="String">53</Data></Cell>
    <Cell><Data ss:Type="Number">0.26</Data></Cell>
    <Cell><Data ss:Type="Number">-9.9600000000000009</Data></Cell>
    <Cell><Data ss:Type="Number">0.15</Data></Cell>
    <Cell><Data ss:Type="Number">-9.4700000000000006</Data></Cell>
    <Cell><Data ss:Type="Number">-0.06</Data></Cell>
    <Cell><Data ss:Type="Number">-0.9</Data></Cell>
    <Cell><Data ss:Type="Number">22.1</Data></Cell>
    <Cell><Data ss:Type="Number">40.6</Data></Cell>
    <Cell><Data ss:Type="Number">0</Data></Cell>
    <Cell><Data ss:Type="Number">0</Data></Cell>
    <Cell><Data ss:Type="String">2023-12-07 15:36:45.008128</Data></Cell>
   </Row>
   <Row>
    <Cell><Data ss:Type="String">52</Data></Cell>
    <Cell><Data ss:Type="Number">0.32</Data></Cell>
    <Cell><Data ss:Type="Number">-10.1</Data></Cell>
    <Cell><Data ss:Type="Number">0.21</Data></Cell>
    <Cell><Data ss:Type="Number">-9.52</Data></Cell>
    <Cell><Data ss:Type="Number">-0.08</Data></Cell>
    <Cell><Data ss:Type="Number">-0.91</Data></Cell>
    <Cell><Data ss:Type="Number">22.1</Data></Cell>
    <Cell><Data ss:Type="Number">40.6</Data></Cell>
    <Cell><Data ss:Type="Number">0</Data></Cell>
    <Cell><Data ss:Type="Number">0</Data></Cell>
    <Cell><Data ss:Type="String">2023-12-07 15:36:44.961952</Data></Cell>
   </Row>
   <Row>
    <Cell><Data ss:Type="String">51</Data></Cell>
    <Cell><Data ss:Type="Number">0.19</Data></Cell>
    <Cell><Data ss:Type="Number">-10.23</Data></Cell>
    <Cell><Data ss:Type="Number">0.08</Data></Cell>
    <Cell><Data ss:Type="Number">-9.56</Data></Cell>
    <Cell><Data ss:Type="Number">-7.0000000000000007E-2</Data></Cell>
    <Cell><Data ss:Type="Number">-0.88</Data></Cell>
    <Cell><Data ss:Type="Number">22.1</Data></Cell>
    <Cell><Data ss:Type="Number">40.6</Data></Cell>
    <Cell><Data ss:Type="Number">0</Data></Cell>
    <Cell><Data ss:Type="Number">0</Data></Cell>
    <Cell><Data ss:Type="String">2023-12-07 15:36:44.959084</Data></Cell>
   </Row>
   <Row>
    <Cell><Data ss:Type="String">50</Data></Cell>
    <Cell><Data ss:Type="Number">0.27</Data></Cell>
    <Cell><Data ss:Type="Number">-10.08</Data></Cell>
    <Cell><Data ss:Type="Number">0.13</Data></Cell>
    <Cell><Data ss:Type="Number">-9.4700000000000006</Data></Cell>
    <Cell><Data ss:Type="Number">-0.05</Data></Cell>
    <Cell><Data ss:Type="Number">-0.88</Data></Cell>
    <Cell><Data ss:Type="Number">22.1</Data></Cell>
    <Cell><Data ss:Type="Number">40.6</Data></Cell>
    <Cell><Data ss:Type="Number">0</Data></Cell>
    <Cell><Data ss:Type="Number">0</Data></Cell>
    <Cell><Data ss:Type="String">2023-12-07 15:36:44.914482</Data></Cell>
   </Row>
   <Row>
    <Cell><Data ss:Type="String">49</Data></Cell>
    <Cell><Data ss:Type="Number">0.34</Data></Cell>
    <Cell><Data ss:Type="Number">-9.99</Data></Cell>
    <Cell><Data ss:Type="Number">0.16</Data></Cell>
    <Cell><Data ss:Type="Number">-9.48</Data></Cell>
    <Cell><Data ss:Type="Number">-0.09</Data></Cell>
    <Cell><Data ss:Type="Number">-0.9</Data></Cell>
    <Cell><Data ss:Type="Number">22.1</Data></Cell>
    <Cell><Data ss:Type="Number">40.6</Data></Cell>
    <Cell><Data ss:Type="Number">0</Data></Cell>
    <Cell><Data ss:Type="Number">0</Data></Cell>
    <Cell><Data ss:Type="String">2023-12-07 15:36:44.866169</Data></Cell>
   </Row>
   <Row>
    <Cell><Data ss:Type="String">48</Data></Cell>
    <Cell><Data ss:Type="Number">0.26</Data></Cell>
    <Cell><Data ss:Type="Number">-9.93</Data></Cell>
    <Cell><Data ss:Type="Number">0.15</Data></Cell>
    <Cell><Data ss:Type="Number">-9.3800000000000008</Data></Cell>
    <Cell><Data ss:Type="Number">-0.05</Data></Cell>
    <Cell><Data ss:Type="Number">-0.9</Data></Cell>
    <Cell><Data ss:Type="Number">22.1</Data></Cell>
    <Cell><Data ss:Type="Number">40.6</Data></Cell>
    <Cell><Data ss:Type="Number">0</Data></Cell>
    <Cell><Data ss:Type="Number">0</Data></Cell>
    <Cell><Data ss:Type="String">2023-12-07 15:36:44.821868</Data></Cell>
   </Row>
   <Row>
    <Cell><Data ss:Type="String">47</Data></Cell>
    <Cell><Data ss:Type="Number">0.28999999999999998</Data></Cell>
    <Cell><Data ss:Type="Number">-9.91</Data></Cell>
    <Cell><Data ss:Type="Number">0.13</Data></Cell>
    <Cell><Data ss:Type="Number">-9.49</Data></Cell>
    <Cell><Data ss:Type="Number">-7.0000000000000007E-2</Data></Cell>
    <Cell><Data ss:Type="Number">-0.94</Data></Cell>
    <Cell><Data ss:Type="Number">22.1</Data></Cell>
    <Cell><Data ss:Type="Number">40.6</Data></Cell>
    <Cell><Data ss:Type="Number">0</Data></Cell>
    <Cell><Data ss:Type="Number">0</Data></Cell>
    <Cell><Data ss:Type="String">2023-12-07 15:36:44.819652</Data></Cell>
   </Row>
   <Row>
    <Cell><Data ss:Type="String">46</Data></Cell>
    <Cell><Data ss:Type="Number">0.28000000000000003</Data></Cell>
    <Cell><Data ss:Type="Number">-10.039999999999999</Data></Cell>
    <Cell><Data ss:Type="Number">0.15</Data></Cell>
    <Cell><Data ss:Type="Number">-9.5500000000000007</Data></Cell>
    <Cell><Data ss:Type="Number">-0.09</Data></Cell>
    <Cell><Data ss:Type="Number">-0.88</Data></Cell>
    <Cell><Data ss:Type="Number">22.1</Data></Cell>
    <Cell><Data ss:Type="Number">40.6</Data></Cell>
    <Cell><Data ss:Type="Number">0</Data></Cell>
    <Cell><Data ss:Type="Number">0</Data></Cell>
    <Cell><Data ss:Type="String">2023-12-07 15:36:44.782958</Data></Cell>
   </Row>
   <Row>
    <Cell><Data ss:Type="String">45</Data></Cell>
    <Cell><Data ss:Type="Number">0.35</Data></Cell>
    <Cell><Data ss:Type="Number">-10.19</Data></Cell>
    <Cell><Data ss:Type="Number">-0.02</Data></Cell>
    <Cell><Data ss:Type="Number">-9.5299999999999994</Data></Cell>
    <Cell><Data ss:Type="Number">-0.06</Data></Cell>
    <Cell><Data ss:Type="Number">-0.88</Data></Cell>
    <Cell><Data ss:Type="Number">22.1</Data></Cell>
    <Cell><Data ss:Type="Number">40.6</Data></Cell>
    <Cell><Data ss:Type="Number">0</Data></Cell>
    <Cell><Data ss:Type="Number">0</Data></Cell>
    <Cell><Data ss:Type="String">2023-12-07 15:36:44.781099</Data></Cell>
   </Row>
   <Row>
    <Cell><Data ss:Type="String">44</Data></Cell>
    <Cell><Data ss:Type="Number">0.39</Data></Cell>
    <Cell><Data ss:Type="Number">-10.119999999999999</Data></Cell>
    <Cell><Data ss:Type="Number">0.18</Data></Cell>
    <Cell><Data ss:Type="Number">-9.5</Data></Cell>
    <Cell><Data ss:Type="Number">-0.08</Data></Cell>
    <Cell><Data ss:Type="Number">-0.89</Data></Cell>
    <Cell><Data ss:Type="Number">22.1</Data></Cell>
    <Cell><Data ss:Type="Number">40.6</Data></Cell>
    <Cell><Data ss:Type="Number">0</Data></Cell>
    <Cell><Data ss:Type="Number">0</Data></Cell>
    <Cell><Data ss:Type="String">2023-12-07 15:36:44.778486</Data></Cell>
   </Row>
   <Row>
    <Cell><Data ss:Type="String">43</Data></Cell>
    <Cell><Data ss:Type="Number">0.31</Data></Cell>
    <Cell><Data ss:Type="Number">-10.01</Data></Cell>
    <Cell><Data ss:Type="Number">0.08</Data></Cell>
    <Cell><Data ss:Type="Number">-9.43</Data></Cell>
    <Cell><Data ss:Type="Number">-0.06</Data></Cell>
    <Cell><Data ss:Type="Number">-0.89</Data></Cell>
    <Cell><Data ss:Type="Number">22.1</Data></Cell>
    <Cell><Data ss:Type="Number">40.6</Data></Cell>
    <Cell><Data ss:Type="Number">0</Data></Cell>
    <Cell><Data ss:Type="Number">0</Data></Cell>
    <Cell><Data ss:Type="String">2023-12-07 15:36:44.775833</Data></Cell>
   </Row>
   <Row>
    <Cell><Data ss:Type="String">42</Data></Cell>
    <Cell><Data ss:Type="Number">0.28999999999999998</Data></Cell>
    <Cell><Data ss:Type="Number">-9.91</Data></Cell>
    <Cell><Data ss:Type="Number">0.1</Data></Cell>
    <Cell><Data ss:Type="Number">-9.41</Data></Cell>
    <Cell><Data ss:Type="Number">-0.1</Data></Cell>
    <Cell><Data ss:Type="Number">-0.95</Data></Cell>
    <Cell><Data ss:Type="Number">22.1</Data></Cell>
    <Cell><Data ss:Type="Number">40.6</Data></Cell>
    <Cell><Data ss:Type="Number">0</Data></Cell>
    <Cell><Data ss:Type="Number">0</Data></Cell>
    <Cell><Data ss:Type="String">2023-12-07 15:36:44.774155</Data></Cell>
   </Row>
   <Row>
    <Cell><Data ss:Type="String">41</Data></Cell>
    <Cell><Data ss:Type="Number">0.25</Data></Cell>
    <Cell><Data ss:Type="Number">-9.94</Data></Cell>
    <Cell><Data ss:Type="Number">0.16</Data></Cell>
    <Cell><Data ss:Type="Number">-9.41</Data></Cell>
    <Cell><Data ss:Type="Number">-0.06</Data></Cell>
    <Cell><Data ss:Type="Number">-0.9</Data></Cell>
    <Cell><Data ss:Type="Number">22.1</Data></Cell>
    <Cell><Data ss:Type="Number">40.6</Data></Cell>
    <Cell><Data ss:Type="Number">0</Data></Cell>
    <Cell><Data ss:Type="Number">0</Data></Cell>
    <Cell><Data ss:Type="String">2023-12-07 15:36:44.772606</Data></Cell>
   </Row>
   <Row>
    <Cell><Data ss:Type="String">40</Data></Cell>
    <Cell><Data ss:Type="Number">0.28999999999999998</Data></Cell>
    <Cell><Data ss:Type="Number">-10.09</Data></Cell>
    <Cell><Data ss:Type="Number">0.17</Data></Cell>
    <Cell><Data ss:Type="Number">-9.5299999999999994</Data></Cell>
    <Cell><Data ss:Type="Number">-0.09</Data></Cell>
    <Cell><Data ss:Type="Number">-0.91</Data></Cell>
    <Cell><Data ss:Type="Number">22.1</Data></Cell>
    <Cell><Data ss:Type="Number">40.6</Data></Cell>
    <Cell><Data ss:Type="Number">0</Data></Cell>
    <Cell><Data ss:Type="Number">0</Data></Cell>
    <Cell><Data ss:Type="String">2023-12-07 15:36:44.770785</Data></Cell>
   </Row>
   <Row>
    <Cell><Data ss:Type="String">39</Data></Cell>
    <Cell><Data ss:Type="Number">0.32</Data></Cell>
    <Cell><Data ss:Type="Number">-10.210000000000001</Data></Cell>
    <Cell><Data ss:Type="Number">0.13</Data></Cell>
    <Cell><Data ss:Type="Number">-9.5500000000000007</Data></Cell>
    <Cell><Data ss:Type="Number">-0.08</Data></Cell>
    <Cell><Data ss:Type="Number">-0.88</Data></Cell>
    <Cell><Data ss:Type="Number">22.1</Data></Cell>
    <Cell><Data ss:Type="Number">40.6</Data></Cell>
    <Cell><Data ss:Type="Number">0</Data></Cell>
    <Cell><Data ss:Type="Number">0</Data></Cell>
    <Cell><Data ss:Type="String">2023-12-07 15:36:44.731140</Data></Cell>
   </Row>
   <Row>
    <Cell><Data ss:Type="String">38</Data></Cell>
    <Cell><Data ss:Type="Number">0.45</Data></Cell>
    <Cell><Data ss:Type="Number">-10.24</Data></Cell>
    <Cell><Data ss:Type="Number">0.14000000000000001</Data></Cell>
    <Cell><Data ss:Type="Number">-9.5299999999999994</Data></Cell>
    <Cell><Data ss:Type="Number">-7.0000000000000007E-2</Data></Cell>
    <Cell><Data ss:Type="Number">-0.88</Data></Cell>
    <Cell><Data ss:Type="Number">22.1</Data></Cell>
    <Cell><Data ss:Type="Number">40.6</Data></Cell>
    <Cell><Data ss:Type="Number">0</Data></Cell>
    <Cell><Data ss:Type="Number">0</Data></Cell>
    <Cell><Data ss:Type="String">2023-12-07 15:36:44.505523</Data></Cell>
   </Row>
   <Row>
    <Cell><Data ss:Type="String">37</Data></Cell>
    <Cell><Data ss:Type="Number">0.28000000000000003</Data></Cell>
    <Cell><Data ss:Type="Number">-10.039999999999999</Data></Cell>
    <Cell><Data ss:Type="Number">0.08</Data></Cell>
    <Cell><Data ss:Type="Number">-9.49</Data></Cell>
    <Cell><Data ss:Type="Number">-0.09</Data></Cell>
    <Cell><Data ss:Type="Number">-0.91</Data></Cell>
    <Cell><Data ss:Type="Number">22.1</Data></Cell>
    <Cell><Data ss:Type="Number">40.6</Data></Cell>
    <Cell><Data ss:Type="Number">0</Data></Cell>
    <Cell><Data ss:Type="Number">0</Data></Cell>
    <Cell><Data ss:Type="String">2023-12-07 15:36:44.503908</Data></Cell>
   </Row>
   <Row>
    <Cell><Data ss:Type="String">36</Data></Cell>
    <Cell><Data ss:Type="Number">0.3</Data></Cell>
    <Cell><Data ss:Type="Number">-9.9499999999999993</Data></Cell>
    <Cell><Data ss:Type="Number">0.11</Data></Cell>
    <Cell><Data ss:Type="Number">-9.4</Data></Cell>
    <Cell><Data ss:Type="Number">-7.0000000000000007E-2</Data></Cell>
    <Cell><Data ss:Type="Number">-0.89</Data></Cell>
    <Cell><Data ss:Type="Number">22.1</Data></Cell>
    <Cell><Data ss:Type="Number">40.6</Data></Cell>
    <Cell><Data ss:Type="Number">0</Data></Cell>
    <Cell><Data ss:Type="Number">0</Data></Cell>
    <Cell><Data ss:Type="String">2023-12-07 15:36:44.502401</Data></Cell>
   </Row>
   <Row>
    <Cell><Data ss:Type="String">35</Data></Cell>
    <Cell><Data ss:Type="Number">0.37</Data></Cell>
    <Cell><Data ss:Type="Number">-9.92</Data></Cell>
    <Cell><Data ss:Type="Number">0.08</Data></Cell>
    <Cell><Data ss:Type="Number">-9.44</Data></Cell>
    <Cell><Data ss:Type="Number">-0.06</Data></Cell>
    <Cell><Data ss:Type="Number">-0.93</Data></Cell>
    <Cell><Data ss:Type="Number">22.1</Data></Cell>
    <Cell><Data ss:Type="Number">40.6</Data></Cell>
    <Cell><Data ss:Type="Number">0</Data></Cell>
    <Cell><Data ss:Type="Number">0</Data></Cell>
    <Cell><Data ss:Type="String">2023-12-07 15:36:44.500538</Data></Cell>
   </Row>
   <Row>
    <Cell><Data ss:Type="String">34</Data></Cell>
    <Cell><Data ss:Type="Number">0.31</Data></Cell>
    <Cell><Data ss:Type="Number">-10.24</Data></Cell>
    <Cell><Data ss:Type="Number">0.18</Data></Cell>
    <Cell><Data ss:Type="Number">-9.56</Data></Cell>
    <Cell><Data ss:Type="Number">-0.1</Data></Cell>
    <Cell><Data ss:Type="Number">-0.89</Data></Cell>
    <Cell><Data ss:Type="Number">22.1</Data></Cell>
    <Cell><Data ss:Type="Number">40.6</Data></Cell>
    <Cell><Data ss:Type="Number">0</Data></Cell>
    <Cell><Data ss:Type="Number">0</Data></Cell>
    <Cell><Data ss:Type="String">2023-12-07 15:36:44.498639</Data></Cell>
   </Row>
   <Row>
    <Cell><Data ss:Type="String">33</Data></Cell>
    <Cell><Data ss:Type="Number">0.28999999999999998</Data></Cell>
    <Cell><Data ss:Type="Number">-10.210000000000001</Data></Cell>
    <Cell><Data ss:Type="Number">0.14000000000000001</Data></Cell>
    <Cell><Data ss:Type="Number">-9.52</Data></Cell>
    <Cell><Data ss:Type="Number">-0.05</Data></Cell>
    <Cell><Data ss:Type="Number">-0.88</Data></Cell>
    <Cell><Data ss:Type="Number">22.1</Data></Cell>
    <Cell><Data ss:Type="Number">40.6</Data></Cell>
    <Cell><Data ss:Type="Number">0</Data></Cell>
    <Cell><Data ss:Type="Number">0</Data></Cell>
    <Cell><Data ss:Type="String">2023-12-07 15:36:44.343806</Data></Cell>
   </Row>
   <Row>
    <Cell><Data ss:Type="String">32</Data></Cell>
    <Cell><Data ss:Type="Number">0.33</Data></Cell>
    <Cell><Data ss:Type="Number">-10.18</Data></Cell>
    <Cell><Data ss:Type="Number">0.13</Data></Cell>
    <Cell><Data ss:Type="Number">-9.52</Data></Cell>
    <Cell><Data ss:Type="Number">-0.1</Data></Cell>
    <Cell><Data ss:Type="Number">-0.91</Data></Cell>
    <Cell><Data ss:Type="Number">22.1</Data></Cell>
    <Cell><Data ss:Type="Number">40.6</Data></Cell>
    <Cell><Data ss:Type="Number">0</Data></Cell>
    <Cell><Data ss:Type="Number">0</Data></Cell>
    <Cell><Data ss:Type="String">2023-12-07 15:36:44.301348</Data></Cell>
   </Row>
   <Row>
    <Cell><Data ss:Type="String">31</Data></Cell>
    <Cell><Data ss:Type="Number">0.23</Data></Cell>
    <Cell><Data ss:Type="Number">-10</Data></Cell>
    <Cell><Data ss:Type="Number">0.13</Data></Cell>
    <Cell><Data ss:Type="Number">-9.4</Data></Cell>
    <Cell><Data ss:Type="Number">-0.01</Data></Cell>
    <Cell><Data ss:Type="Number">-0.88</Data></Cell>
    <Cell><Data ss:Type="Number">22.1</Data></Cell>
    <Cell><Data ss:Type="Number">40.6</Data></Cell>
    <Cell><Data ss:Type="Number">0</Data></Cell>
    <Cell><Data ss:Type="Number">0</Data></Cell>
    <Cell><Data ss:Type="String">2023-12-07 15:36:44.299642</Data></Cell>
   </Row>
   <Row>
    <Cell><Data ss:Type="String">30</Data></Cell>
    <Cell><Data ss:Type="Number">0.19</Data></Cell>
    <Cell><Data ss:Type="Number">-10.07</Data></Cell>
    <Cell><Data ss:Type="Number">0.11</Data></Cell>
    <Cell><Data ss:Type="Number">-9.4499999999999993</Data></Cell>
    <Cell><Data ss:Type="Number">-0.12</Data></Cell>
    <Cell><Data ss:Type="Number">-0.97</Data></Cell>
    <Cell><Data ss:Type="Number">22.1</Data></Cell>
    <Cell><Data ss:Type="Number">40.6</Data></Cell>
    <Cell><Data ss:Type="Number">0</Data></Cell>
    <Cell><Data ss:Type="Number">0</Data></Cell>
    <Cell><Data ss:Type="String">2023-12-07 15:36:44.253849</Data></Cell>
   </Row>
   <Row>
    <Cell><Data ss:Type="String">29</Data></Cell>
    <Cell><Data ss:Type="Number">0.5</Data></Cell>
    <Cell><Data ss:Type="Number">-10.11</Data></Cell>
    <Cell><Data ss:Type="Number">0.1</Data></Cell>
    <Cell><Data ss:Type="Number">-9.4700000000000006</Data></Cell>
    <Cell><Data ss:Type="Number">-0.03</Data></Cell>
    <Cell><Data ss:Type="Number">-0.85</Data></Cell>
    <Cell><Data ss:Type="Number">22.1</Data></Cell>
    <Cell><Data ss:Type="Number">40.6</Data></Cell>
    <Cell><Data ss:Type="Number">0</Data></Cell>
    <Cell><Data ss:Type="Number">0</Data></Cell>
    <Cell><Data ss:Type="String">2023-12-07 15:36:44.205902</Data></Cell>
   </Row>
   <Row>
    <Cell><Data ss:Type="String">28</Data></Cell>
    <Cell><Data ss:Type="Number">0.28999999999999998</Data></Cell>
    <Cell><Data ss:Type="Number">-10.220000000000001</Data></Cell>
    <Cell><Data ss:Type="Number">0.14000000000000001</Data></Cell>
    <Cell><Data ss:Type="Number">-9.5399999999999991</Data></Cell>
    <Cell><Data ss:Type="Number">-0.12</Data></Cell>
    <Cell><Data ss:Type="Number">-0.95</Data></Cell>
    <Cell><Data ss:Type="Number">22.1</Data></Cell>
    <Cell><Data ss:Type="Number">40.6</Data></Cell>
    <Cell><Data ss:Type="Number">0</Data></Cell>
    <Cell><Data ss:Type="Number">0</Data></Cell>
    <Cell><Data ss:Type="String">2023-12-07 15:36:44.163223</Data></Cell>
   </Row>
   <Row>
    <Cell><Data ss:Type="String">27</Data></Cell>
    <Cell><Data ss:Type="Number">0.2</Data></Cell>
    <Cell><Data ss:Type="Number">-10.25</Data></Cell>
    <Cell><Data ss:Type="Number">0.23</Data></Cell>
    <Cell><Data ss:Type="Number">-9.5500000000000007</Data></Cell>
    <Cell><Data ss:Type="Number">-0.03</Data></Cell>
    <Cell><Data ss:Type="Number">-0.86</Data></Cell>
    <Cell><Data ss:Type="Number">22.1</Data></Cell>
    <Cell><Data ss:Type="Number">40.6</Data></Cell>
    <Cell><Data ss:Type="Number">0</Data></Cell>
    <Cell><Data ss:Type="Number">0</Data></Cell>
    <Cell><Data ss:Type="String">2023-12-07 15:36:44.161140</Data></Cell>
   </Row>
   <Row>
    <Cell><Data ss:Type="String">26</Data></Cell>
    <Cell><Data ss:Type="Number">0.38</Data></Cell>
    <Cell><Data ss:Type="Number">-10.3</Data></Cell>
    <Cell><Data ss:Type="Number">0.17</Data></Cell>
    <Cell><Data ss:Type="Number">-9.44</Data></Cell>
    <Cell><Data ss:Type="Number">-0.08</Data></Cell>
    <Cell><Data ss:Type="Number">-0.9</Data></Cell>
    <Cell><Data ss:Type="Number">22.1</Data></Cell>
    <Cell><Data ss:Type="Number">40.6</Data></Cell>
    <Cell><Data ss:Type="Number">0</Data></Cell>
    <Cell><Data ss:Type="Number">0</Data></Cell>
    <Cell><Data ss:Type="String">2023-12-07 15:36:44.124084</Data></Cell>
   </Row>
   <Row>
    <Cell><Data ss:Type="String">25</Data></Cell>
    <Cell><Data ss:Type="Number">0.28999999999999998</Data></Cell>
    <Cell><Data ss:Type="Number">-10.08</Data></Cell>
    <Cell><Data ss:Type="Number">0.17</Data></Cell>
    <Cell><Data ss:Type="Number">-9.44</Data></Cell>
    <Cell><Data ss:Type="Number">-0.09</Data></Cell>
    <Cell><Data ss:Type="Number">-0.92</Data></Cell>
    <Cell><Data ss:Type="Number">22.1</Data></Cell>
    <Cell><Data ss:Type="Number">40.6</Data></Cell>
    <Cell><Data ss:Type="Number">0</Data></Cell>
    <Cell><Data ss:Type="Number">0</Data></Cell>
    <Cell><Data ss:Type="String">2023-12-07 15:36:44.122492</Data></Cell>
   </Row>
   <Row>
    <Cell><Data ss:Type="String">24</Data></Cell>
    <Cell><Data ss:Type="Number">0.25</Data></Cell>
    <Cell><Data ss:Type="Number">-9.98</Data></Cell>
    <Cell><Data ss:Type="Number">0.11</Data></Cell>
    <Cell><Data ss:Type="Number">-9.42</Data></Cell>
    <Cell><Data ss:Type="Number">-0.08</Data></Cell>
    <Cell><Data ss:Type="Number">-0.91</Data></Cell>
    <Cell><Data ss:Type="Number">22.1</Data></Cell>
    <Cell><Data ss:Type="Number">40.6</Data></Cell>
    <Cell><Data ss:Type="Number">0</Data></Cell>
    <Cell><Data ss:Type="Number">0</Data></Cell>
    <Cell><Data ss:Type="String">2023-12-07 15:36:44.120905</Data></Cell>
   </Row>
   <Row>
    <Cell><Data ss:Type="String">23</Data></Cell>
    <Cell><Data ss:Type="Number">0.33</Data></Cell>
    <Cell><Data ss:Type="Number">-9.93</Data></Cell>
    <Cell><Data ss:Type="Number">0.05</Data></Cell>
    <Cell><Data ss:Type="Number">-9.4700000000000006</Data></Cell>
    <Cell><Data ss:Type="Number">-0.08</Data></Cell>
    <Cell><Data ss:Type="Number">-0.91</Data></Cell>
    <Cell><Data ss:Type="Number">22.1</Data></Cell>
    <Cell><Data ss:Type="Number">40.6</Data></Cell>
    <Cell><Data ss:Type="Number">0</Data></Cell>
    <Cell><Data ss:Type="Number">0</Data></Cell>
    <Cell><Data ss:Type="String">2023-12-07 15:36:44.119145</Data></Cell>
   </Row>
   <Row>
    <Cell><Data ss:Type="String">22</Data></Cell>
    <Cell><Data ss:Type="Number">0.28000000000000003</Data></Cell>
    <Cell><Data ss:Type="Number">-9.89</Data></Cell>
    <Cell><Data ss:Type="Number">0.11</Data></Cell>
    <Cell><Data ss:Type="Number">-9.52</Data></Cell>
    <Cell><Data ss:Type="Number">-7.0000000000000007E-2</Data></Cell>
    <Cell><Data ss:Type="Number">-0.89</Data></Cell>
    <Cell><Data ss:Type="Number">22.1</Data></Cell>
    <Cell><Data ss:Type="Number">40.6</Data></Cell>
    <Cell><Data ss:Type="Number">0</Data></Cell>
    <Cell><Data ss:Type="Number">0</Data></Cell>
    <Cell><Data ss:Type="String">2023-12-07 15:36:44.117304</Data></Cell>
   </Row>
   <Row>
    <Cell><Data ss:Type="String">21</Data></Cell>
    <Cell><Data ss:Type="Number">0.25</Data></Cell>
    <Cell><Data ss:Type="Number">-10.09</Data></Cell>
    <Cell><Data ss:Type="Number">0.09</Data></Cell>
    <Cell><Data ss:Type="Number">-9.5299999999999994</Data></Cell>
    <Cell><Data ss:Type="Number">-0.11</Data></Cell>
    <Cell><Data ss:Type="Number">-0.88</Data></Cell>
    <Cell><Data ss:Type="Number">22.1</Data></Cell>
    <Cell><Data ss:Type="Number">40.6</Data></Cell>
    <Cell><Data ss:Type="Number">0</Data></Cell>
    <Cell><Data ss:Type="Number">0</Data></Cell>
    <Cell><Data ss:Type="String">2023-12-07 15:36:44.115483</Data></Cell>
   </Row>
   <Row>
    <Cell><Data ss:Type="String">20</Data></Cell>
    <Cell><Data ss:Type="Number">0.3</Data></Cell>
    <Cell><Data ss:Type="Number">-10.18</Data></Cell>
    <Cell><Data ss:Type="Number">0.19</Data></Cell>
    <Cell><Data ss:Type="Number">-9.5500000000000007</Data></Cell>
    <Cell><Data ss:Type="Number">-0.04</Data></Cell>
    <Cell><Data ss:Type="Number">-0.85</Data></Cell>
    <Cell><Data ss:Type="Number">22.1</Data></Cell>
    <Cell><Data ss:Type="Number">40.6</Data></Cell>
    <Cell><Data ss:Type="Number">0</Data></Cell>
    <Cell><Data ss:Type="Number">0</Data></Cell>
    <Cell><Data ss:Type="String">2023-12-07 15:36:44.112287</Data></Cell>
   </Row>
   <Row>
    <Cell><Data ss:Type="String">19</Data></Cell>
    <Cell><Data ss:Type="Number">0.34</Data></Cell>
    <Cell><Data ss:Type="Number">-10.119999999999999</Data></Cell>
    <Cell><Data ss:Type="Number">0.12</Data></Cell>
    <Cell><Data ss:Type="Number">-9.4700000000000006</Data></Cell>
    <Cell><Data ss:Type="Number">-0.08</Data></Cell>
    <Cell><Data ss:Type="Number">-0.92</Data></Cell>
    <Cell><Data ss:Type="Number">22.1</Data></Cell>
    <Cell><Data ss:Type="Number">40.6</Data></Cell>
    <Cell><Data ss:Type="Number">0</Data></Cell>
    <Cell><Data ss:Type="Number">0</Data></Cell>
    <Cell><Data ss:Type="String">2023-12-07 15:36:43.891096</Data></Cell>
   </Row>
   <Row>
    <Cell><Data ss:Type="String">18</Data></Cell>
    <Cell><Data ss:Type="Number">0.32</Data></Cell>
    <Cell><Data ss:Type="Number">-9.98</Data></Cell>
    <Cell><Data ss:Type="Number">0.17</Data></Cell>
    <Cell><Data ss:Type="Number">-9.42</Data></Cell>
    <Cell><Data ss:Type="Number">-7.0000000000000007E-2</Data></Cell>
    <Cell><Data ss:Type="Number">-0.9</Data></Cell>
    <Cell><Data ss:Type="Number">22.1</Data></Cell>
    <Cell><Data ss:Type="Number">40.6</Data></Cell>
    <Cell><Data ss:Type="Number">0</Data></Cell>
    <Cell><Data ss:Type="Number">0</Data></Cell>
    <Cell><Data ss:Type="String">2023-12-07 15:36:43.836284</Data></Cell>
   </Row>
   <Row>
    <Cell><Data ss:Type="String">17</Data></Cell>
    <Cell><Data ss:Type="Number">0.25</Data></Cell>
    <Cell><Data ss:Type="Number">-9.99</Data></Cell>
    <Cell><Data ss:Type="Number">0.12</Data></Cell>
    <Cell><Data ss:Type="Number">-9.44</Data></Cell>
    <Cell><Data ss:Type="Number">-7.0000000000000007E-2</Data></Cell>
    <Cell><Data ss:Type="Number">-0.91</Data></Cell>
    <Cell><Data ss:Type="Number">22.1</Data></Cell>
    <Cell><Data ss:Type="Number">40.6</Data></Cell>
    <Cell><Data ss:Type="Number">0</Data></Cell>
    <Cell><Data ss:Type="Number">0</Data></Cell>
    <Cell><Data ss:Type="String">2023-12-07 15:36:43.834554</Data></Cell>
   </Row>
   <Row>
    <Cell><Data ss:Type="String">16</Data></Cell>
    <Cell><Data ss:Type="Number">0.28000000000000003</Data></Cell>
    <Cell><Data ss:Type="Number">-9.91</Data></Cell>
    <Cell><Data ss:Type="Number">0.12</Data></Cell>
    <Cell><Data ss:Type="Number">-9.44</Data></Cell>
    <Cell><Data ss:Type="Number">-0.08</Data></Cell>
    <Cell><Data ss:Type="Number">-0.91</Data></Cell>
    <Cell><Data ss:Type="Number">22.1</Data></Cell>
    <Cell><Data ss:Type="Number">40.6</Data></Cell>
    <Cell><Data ss:Type="Number">0</Data></Cell>
    <Cell><Data ss:Type="Number">0</Data></Cell>
    <Cell><Data ss:Type="String">2023-12-07 15:36:43.832914</Data></Cell>
   </Row>
   <Row>
    <Cell><Data ss:Type="String">15</Data></Cell>
    <Cell><Data ss:Type="Number">0.27</Data></Cell>
    <Cell><Data ss:Type="Number">-10.050000000000001</Data></Cell>
    <Cell><Data ss:Type="Number">0.17</Data></Cell>
    <Cell><Data ss:Type="Number">-9.51</Data></Cell>
    <Cell><Data ss:Type="Number">-0.06</Data></Cell>
    <Cell><Data ss:Type="Number">-0.88</Data></Cell>
    <Cell><Data ss:Type="Number">22.1</Data></Cell>
    <Cell><Data ss:Type="Number">40.6</Data></Cell>
    <Cell><Data ss:Type="Number">0</Data></Cell>
    <Cell><Data ss:Type="Number">0</Data></Cell>
    <Cell><Data ss:Type="String">2023-12-07 15:36:43.831205</Data></Cell>
   </Row>
   <Row>
    <Cell><Data ss:Type="String">14</Data></Cell>
    <Cell><Data ss:Type="Number">0.3</Data></Cell>
    <Cell><Data ss:Type="Number">-10.15</Data></Cell>
    <Cell><Data ss:Type="Number">0.18</Data></Cell>
    <Cell><Data ss:Type="Number">-9.5500000000000007</Data></Cell>
    <Cell><Data ss:Type="Number">-7.0000000000000007E-2</Data></Cell>
    <Cell><Data ss:Type="Number">-0.88</Data></Cell>
    <Cell><Data ss:Type="Number">22.1</Data></Cell>
    <Cell><Data ss:Type="Number">40.6</Data></Cell>
    <Cell><Data ss:Type="Number">0</Data></Cell>
    <Cell><Data ss:Type="Number">0</Data></Cell>
    <Cell><Data ss:Type="String">2023-12-07 15:36:43.828886</Data></Cell>
   </Row>
   <Row>
    <Cell><Data ss:Type="String">13</Data></Cell>
    <Cell><Data ss:Type="Number">0.27</Data></Cell>
    <Cell><Data ss:Type="Number">-10.18</Data></Cell>
    <Cell><Data ss:Type="Number">0.17</Data></Cell>
    <Cell><Data ss:Type="Number">-9.5</Data></Cell>
    <Cell><Data ss:Type="Number">-0.08</Data></Cell>
    <Cell><Data ss:Type="Number">-0.9</Data></Cell>
    <Cell><Data ss:Type="Number">22.1</Data></Cell>
    <Cell><Data ss:Type="Number">40.6</Data></Cell>
    <Cell><Data ss:Type="Number">0</Data></Cell>
    <Cell><Data ss:Type="Number">0</Data></Cell>
    <Cell><Data ss:Type="String">2023-12-07 15:36:43.826708</Data></Cell>
   </Row>
   <Row>
    <Cell><Data ss:Type="String">12</Data></Cell>
    <Cell><Data ss:Type="Number">0.26</Data></Cell>
    <Cell><Data ss:Type="Number">-10.18</Data></Cell>
    <Cell><Data ss:Type="Number">0.17</Data></Cell>
    <Cell><Data ss:Type="Number">-9.51</Data></Cell>
    <Cell><Data ss:Type="Number">-0.08</Data></Cell>
    <Cell><Data ss:Type="Number">-0.88</Data></Cell>
    <Cell><Data ss:Type="Number">22.1</Data></Cell>
    <Cell><Data ss:Type="Number">40.6</Data></Cell>
    <Cell><Data ss:Type="Number">0</Data></Cell>
    <Cell><Data ss:Type="Number">0</Data></Cell>
    <Cell><Data ss:Type="String">2023-12-07 15:36:43.824678</Data></Cell>
   </Row>
   <Row>
    <Cell><Data ss:Type="String">11</Data></Cell>
    <Cell><Data ss:Type="Number">0.32</Data></Cell>
    <Cell><Data ss:Type="Number">-9.9700000000000006</Data></Cell>
    <Cell><Data ss:Type="Number">0.1</Data></Cell>
    <Cell><Data ss:Type="Number">-9.43</Data></Cell>
    <Cell><Data ss:Type="Number">-7.0000000000000007E-2</Data></Cell>
    <Cell><Data ss:Type="Number">-0.89</Data></Cell>
    <Cell><Data ss:Type="Number">22.1</Data></Cell>
    <Cell><Data ss:Type="Number">40.6</Data></Cell>
    <Cell><Data ss:Type="Number">0</Data></Cell>
    <Cell><Data ss:Type="Number">0</Data></Cell>
    <Cell><Data ss:Type="String">2023-12-07 15:36:43.823015</Data></Cell>
   </Row>
   <Row>
    <Cell><Data ss:Type="String">10</Data></Cell>
    <Cell><Data ss:Type="Number">0.31</Data></Cell>
    <Cell><Data ss:Type="Number">-9.9499999999999993</Data></Cell>
    <Cell><Data ss:Type="Number">0.15</Data></Cell>
    <Cell><Data ss:Type="Number">-9.43</Data></Cell>
    <Cell><Data ss:Type="Number">-0.1</Data></Cell>
    <Cell><Data ss:Type="Number">-0.93</Data></Cell>
    <Cell><Data ss:Type="Number">22.1</Data></Cell>
    <Cell><Data ss:Type="Number">40.6</Data></Cell>
    <Cell><Data ss:Type="Number">0</Data></Cell>
    <Cell><Data ss:Type="Number">0</Data></Cell>
    <Cell><Data ss:Type="String">2023-12-07 15:36:43.589621</Data></Cell>
   </Row>
   <Row>
    <Cell><Data ss:Type="String">9</Data></Cell>
    <Cell><Data ss:Type="Number">0.28000000000000003</Data></Cell>
    <Cell><Data ss:Type="Number">-10.01</Data></Cell>
    <Cell><Data ss:Type="Number">0.15</Data></Cell>
    <Cell><Data ss:Type="Number">-9.44</Data></Cell>
    <Cell><Data ss:Type="Number">-0.06</Data></Cell>
    <Cell><Data ss:Type="Number">-0.89</Data></Cell>
    <Cell><Data ss:Type="Number">22.1</Data></Cell>
    <Cell><Data ss:Type="Number">40.6</Data></Cell>
    <Cell><Data ss:Type="Number">0</Data></Cell>
    <Cell><Data ss:Type="Number">0</Data></Cell>
    <Cell><Data ss:Type="String">2023-12-07 15:36:43.587844</Data></Cell>
   </Row>
   <Row>
    <Cell><Data ss:Type="String">8</Data></Cell>
    <Cell><Data ss:Type="Number">0.3</Data></Cell>
    <Cell><Data ss:Type="Number">-10.029999999999999</Data></Cell>
    <Cell><Data ss:Type="Number">0.11</Data></Cell>
    <Cell><Data ss:Type="Number">-9.4</Data></Cell>
    <Cell><Data ss:Type="Number">-0.09</Data></Cell>
    <Cell><Data ss:Type="Number">-0.91</Data></Cell>
    <Cell><Data ss:Type="Number">22.1</Data></Cell>
    <Cell><Data ss:Type="Number">40.6</Data></Cell>
    <Cell><Data ss:Type="Number">0</Data></Cell>
    <Cell><Data ss:Type="Number">0</Data></Cell>
    <Cell><Data ss:Type="String">2023-12-07 15:36:43.585781</Data></Cell>
   </Row>
   <Row>
    <Cell><Data ss:Type="String">7</Data></Cell>
    <Cell><Data ss:Type="Number">0.25</Data></Cell>
    <Cell><Data ss:Type="Number">-10.050000000000001</Data></Cell>
    <Cell><Data ss:Type="Number">-0.05</Data></Cell>
    <Cell><Data ss:Type="Number">-9.43</Data></Cell>
    <Cell><Data ss:Type="Number">-0.03</Data></Cell>
    <Cell><Data ss:Type="Number">-0.89</Data></Cell>
    <Cell><Data ss:Type="Number">22.1</Data></Cell>
    <Cell><Data ss:Type="Number">40.6</Data></Cell>
    <Cell><Data ss:Type="Number">0</Data></Cell>
    <Cell><Data ss:Type="Number">0</Data></Cell>
    <Cell><Data ss:Type="String">2023-12-07 15:36:43.489981</Data></Cell>
   </Row>
   <Row>
    <Cell><Data ss:Type="String">6</Data></Cell>
    <Cell><Data ss:Type="Number">0.34</Data></Cell>
    <Cell><Data ss:Type="Number">-10.14</Data></Cell>
    <Cell><Data ss:Type="Number">0.09</Data></Cell>
    <Cell><Data ss:Type="Number">-9.49</Data></Cell>
    <Cell><Data ss:Type="Number">-0.09</Data></Cell>
    <Cell><Data ss:Type="Number">-0.9</Data></Cell>
    <Cell><Data ss:Type="Number">22.1</Data></Cell>
    <Cell><Data ss:Type="Number">40.6</Data></Cell>
    <Cell><Data ss:Type="Number">0</Data></Cell>
    <Cell><Data ss:Type="Number">0</Data></Cell>
    <Cell><Data ss:Type="String">2023-12-07 15:36:43.487657</Data></Cell>
   </Row>
   <Row>
    <Cell><Data ss:Type="String">5</Data></Cell>
    <Cell><Data ss:Type="Number">0.27</Data></Cell>
    <Cell><Data ss:Type="Number">-10.17</Data></Cell>
    <Cell><Data ss:Type="Number">0.21</Data></Cell>
    <Cell><Data ss:Type="Number">-9.5399999999999991</Data></Cell>
    <Cell><Data ss:Type="Number">-0.06</Data></Cell>
    <Cell><Data ss:Type="Number">-0.88</Data></Cell>
    <Cell><Data ss:Type="Number">22.1</Data></Cell>
    <Cell><Data ss:Type="Number">40.6</Data></Cell>
    <Cell><Data ss:Type="Number">0</Data></Cell>
    <Cell><Data ss:Type="Number">0</Data></Cell>
    <Cell><Data ss:Type="String">2023-12-07 15:36:43.485181</Data></Cell>
   </Row>
   <Row>
    <Cell><Data ss:Type="String">4</Data></Cell>
    <Cell><Data ss:Type="Number">0.27</Data></Cell>
    <Cell><Data ss:Type="Number">-10.26</Data></Cell>
    <Cell><Data ss:Type="Number">0.17</Data></Cell>
    <Cell><Data ss:Type="Number">-9.5399999999999991</Data></Cell>
    <Cell><Data ss:Type="Number">-7.0000000000000007E-2</Data></Cell>
    <Cell><Data ss:Type="Number">-0.88</Data></Cell>
    <Cell><Data ss:Type="Number">22.1</Data></Cell>
    <Cell><Data ss:Type="Number">40.6</Data></Cell>
    <Cell><Data ss:Type="Number">0</Data></Cell>
    <Cell><Data ss:Type="Number">0</Data></Cell>
    <Cell><Data ss:Type="String">2023-12-07 15:36:43.483515</Data></Cell>
   </Row>
   <Row>
    <Cell><Data ss:Type="String">3</Data></Cell>
    <Cell><Data ss:Type="Number">0.28999999999999998</Data></Cell>
    <Cell><Data ss:Type="Number">-10.23</Data></Cell>
    <Cell><Data ss:Type="Number">0.12</Data></Cell>
    <Cell><Data ss:Type="Number">-9.5</Data></Cell>
    <Cell><Data ss:Type="Number">-0.09</Data></Cell>
    <Cell><Data ss:Type="Number">-0.89</Data></Cell>
    <Cell><Data ss:Type="Number">22.1</Data></Cell>
    <Cell><Data ss:Type="Number">40.6</Data></Cell>
    <Cell><Data ss:Type="Number">0</Data></Cell>
    <Cell><Data ss:Type="Number">0</Data></Cell>
    <Cell><Data ss:Type="String">2023-12-07 15:36:43.481358</Data></Cell>
   </Row>
   <Row>
    <Cell><Data ss:Type="String">2</Data></Cell>
    <Cell><Data ss:Type="Number">0.28999999999999998</Data></Cell>
    <Cell><Data ss:Type="Number">-9.98</Data></Cell>
    <Cell><Data ss:Type="Number">0.12</Data></Cell>
    <Cell><Data ss:Type="Number">-9.41</Data></Cell>
    <Cell><Data ss:Type="Number">-0.04</Data></Cell>
    <Cell><Data ss:Type="Number">-0.92</Data></Cell>
    <Cell><Data ss:Type="Number">22.1</Data></Cell>
    <Cell><Data ss:Type="Number">40.6</Data></Cell>
    <Cell><Data ss:Type="Number">0</Data></Cell>
    <Cell><Data ss:Type="Number">0</Data></Cell>
    <Cell><Data ss:Type="String">2023-12-07 15:36:43.478949</Data></Cell>
   </Row>
   <Row>
    <Cell><Data ss:Type="String">1</Data></Cell>
    <Cell><Data ss:Type="Number">0.23</Data></Cell>
    <Cell><Data ss:Type="Number">-10.220000000000001</Data></Cell>
    <Cell><Data ss:Type="Number">0.14000000000000001</Data></Cell>
    <Cell><Data ss:Type="Number">-9.52</Data></Cell>
    <Cell><Data ss:Type="Number">-7.0000000000000007E-2</Data></Cell>
    <Cell><Data ss:Type="Number">-0.89</Data></Cell>
    <Cell><Data ss:Type="Number">22.1</Data></Cell>
    <Cell><Data ss:Type="Number">40.6</Data></Cell>
    <Cell><Data ss:Type="Number">0</Data></Cell>
    <Cell><Data ss:Type="Number">0</Data></Cell>
    <Cell><Data ss:Type="String">2023-12-07 15:36:43.475670</Data></Cell>
   </Row>
  </Table>
  <WorksheetOptions xmlns="urn:schemas-microsoft-com:office:excel">
   <Zoom>72</Zoom>
   <Selected/>
   <Panes>
    <Pane>
     <Number>3</Number>
     <ActiveRow>31</ActiveRow>
     <ActiveCol>22</ActiveCol>
    </Pane>
   </Panes>
   <ProtectObjects>False</ProtectObjects>
   <ProtectScenarios>False</ProtectScenarios>
  </WorksheetOptions>
 </Worksheet>
</Workbook>
