<?xml version="1.0" encoding="UTF-8"?>
<?mso-application progid="Excel.Sheet"?>
<Workbook xmlns="urn:schemas-microsoft-com:office:spreadsheet"
xmlns:o="urn:schemas-microsoft-com:office:office"
xmlns:x="urn:schemas-microsoft-com:office:excel"
xmlns:ss="urn:schemas-microsoft-com:office:spreadsheet"
xmlns:html="http://www.w3.org/TR/REC-html40">
<Worksheet ss:Name="Table1">
	<Table>
		<Column ss:Index="1" ss:AutoFitWidth="0" ss:Width="110"/>
		<Column ss:Index="12" ss:AutoFitWidth="0" ss:Width="110"/>
		<Row>
			<Cell><Data ss:Type="String">ID</Data></Cell>
			<Cell><Data ss:Type="String">acc_1_x</Data></Cell>
			<Cell><Data ss:Type="String">acc_1_y</Data></Cell>
			<Cell><Data ss:Type="String">acc_1_z</Data></Cell>
			<Cell><Data ss:Type="String">acc_2_x</Data></Cell>
			<Cell><Data ss:Type="String">acc_2_y</Data></Cell>
			<Cell><Data ss:Type="String">acc_2_z</Data></Cell>
			<Cell><Data ss:Type="String">lastTemp</Data></Cell>
			<Cell><Data ss:Type="String">lastHum</Data></Cell>
			<Cell><Data ss:Type="String">tempKistler1</Data></Cell>
			<Cell><Data ss:Type="String">data_10</Data></Cell>
			<Cell><Data ss:Type="String">date</Data></Cell>
		</Row>

		<Row>
			<Cell><Data ss:Type="String">1923</Data></Cell>
			<Cell><Data ss:Type="Number">0.33</Data></Cell>
			<Cell><Data ss:Type="Number">-9.9</Data></Cell>
			<Cell><Data ss:Type="Number">0.16</Data></Cell>
			<Cell><Data ss:Type="Number">-9.41</Data></Cell>
			<Cell><Data ss:Type="Number">-0.08</Data></Cell>
			<Cell><Data ss:Type="Number">-0.91</Data></Cell>
			<Cell><Data ss:Type="Number">23</Data></Cell>
			<Cell><Data ss:Type="Number">39.1</Data></Cell>
			<Cell><Data ss:Type="Number">0</Data></Cell>
			<Cell><Data ss:Type="Number">0</Data></Cell>
			<Cell><Data ss:Type="String">2023-12-07 16:50:22.201455</Data></Cell>
		</Row>
		<Row>
			<Cell><Data ss:Type="String">1922</Data></Cell>
			<Cell><Data ss:Type="Number">0.25</Data></Cell>
			<Cell><Data ss:Type="Number">-9.89</Data></Cell>
			<Cell><Data ss:Type="Number">0.18</Data></Cell>
			<Cell><Data ss:Type="Number">-9.52</Data></Cell>
			<Cell><Data ss:Type="Number">-0.07</Data></Cell>
			<Cell><Data ss:Type="Number">-0.91</Data></Cell>
			<Cell><Data ss:Type="Number">23</Data></Cell>
			<Cell><Data ss:Type="Number">39.1</Data></Cell>
			<Cell><Data ss:Type="Number">0</Data></Cell>
			<Cell><Data ss:Type="Number">0</Data></Cell>
			<Cell><Data ss:Type="String">2023-12-07 16:50:22.146530</Data></Cell>
		</Row>
		<Row>
			<Cell><Data ss:Type="String">1921</Data></Cell>
			<Cell><Data ss:Type="Number">0.25</Data></Cell>
			<Cell><Data ss:Type="Number">-10.28</Data></Cell>
			<Cell><Data ss:Type="Number">0.14</Data></Cell>
			<Cell><Data ss:Type="Number">-9.54</Data></Cell>
			<Cell><Data ss:Type="Number">-0.08</Data></Cell>
			<Cell><Data ss:Type="Number">-0.91</Data></Cell>
			<Cell><Data ss:Type="Number">23</Data></Cell>
			<Cell><Data ss:Type="Number">39.1</Data></Cell>
			<Cell><Data ss:Type="Number">0</Data></Cell>
			<Cell><Data ss:Type="Number">0</Data></Cell>
			<Cell><Data ss:Type="String">2023-12-07 16:50:22.141627</Data></Cell>
		</Row>
		<Row>
			<Cell><Data ss:Type="String">1920</Data></Cell>
			<Cell><Data ss:Type="Number">0.26</Data></Cell>
			<Cell><Data ss:Type="Number">-10.24</Data></Cell>
			<Cell><Data ss:Type="Number">0.16</Data></Cell>
			<Cell><Data ss:Type="Number">-9.46</Data></Cell>
			<Cell><Data ss:Type="Number">-0.08</Data></Cell>
			<Cell><Data ss:Type="Number">-0.9</Data></Cell>
			<Cell><Data ss:Type="Number">23</Data></Cell>
			<Cell><Data ss:Type="Number">39.1</Data></Cell>
			<Cell><Data ss:Type="Number">0</Data></Cell>
			<Cell><Data ss:Type="Number">0</Data></Cell>
			<Cell><Data ss:Type="String">2023-12-07 16:50:22.099332</Data></Cell>
		</Row>
		<Row>
			<Cell><Data ss:Type="String">1919</Data></Cell>
			<Cell><Data ss:Type="Number">0.32</Data></Cell>
			<Cell><Data ss:Type="Number">-10.15</Data></Cell>
			<Cell><Data ss:Type="Number">0.17</Data></Cell>
			<Cell><Data ss:Type="Number">-9.45</Data></Cell>
			<Cell><Data ss:Type="Number">-0.07</Data></Cell>
			<Cell><Data ss:Type="Number">-0.89</Data></Cell>
			<Cell><Data ss:Type="Number">23</Data></Cell>
			<Cell><Data ss:Type="Number">39.1</Data></Cell>
			<Cell><Data ss:Type="Number">0</Data></Cell>
			<Cell><Data ss:Type="Number">0</Data></Cell>
			<Cell><Data ss:Type="String">2023-12-07 16:50:22.097436</Data></Cell>
		</Row>
		<Row>
			<Cell><Data ss:Type="String">1918</Data></Cell>
			<Cell><Data ss:Type="Number">0.27</Data></Cell>
			<Cell><Data ss:Type="Number">-10.23</Data></Cell>
			<Cell><Data ss:Type="Number">0.18</Data></Cell>
			<Cell><Data ss:Type="Number">-9.53</Data></Cell>
			<Cell><Data ss:Type="Number">-0.07</Data></Cell>
			<Cell><Data ss:Type="Number">-0.9</Data></Cell>
			<Cell><Data ss:Type="Number">23</Data></Cell>
			<Cell><Data ss:Type="Number">39.1</Data></Cell>
			<Cell><Data ss:Type="Number">0</Data></Cell>
			<Cell><Data ss:Type="Number">0</Data></Cell>
			<Cell><Data ss:Type="String">2023-12-07 16:50:22.095234</Data></Cell>
		</Row>
		<Row>
			<Cell><Data ss:Type="String">1917</Data></Cell>
			<Cell><Data ss:Type="Number">0.26</Data></Cell>
			<Cell><Data ss:Type="Number">-10.19</Data></Cell>
			<Cell><Data ss:Type="Number">0.13</Data></Cell>
			<Cell><Data ss:Type="Number">-9.42</Data></Cell>
			<Cell><Data ss:Type="Number">-0.06</Data></Cell>
			<Cell><Data ss:Type="Number">-0.92</Data></Cell>
			<Cell><Data ss:Type="Number">23</Data></Cell>
			<Cell><Data ss:Type="Number">39.1</Data></Cell>
			<Cell><Data ss:Type="Number">0</Data></Cell>
			<Cell><Data ss:Type="Number">0</Data></Cell>
			<Cell><Data ss:Type="String">2023-12-07 16:50:21.989153</Data></Cell>
		</Row>
		<Row>
			<Cell><Data ss:Type="String">1916</Data></Cell>
			<Cell><Data ss:Type="Number">0.3</Data></Cell>
			<Cell><Data ss:Type="Number">-9.92</Data></Cell>
			<Cell><Data ss:Type="Number">0.14</Data></Cell>
			<Cell><Data ss:Type="Number">-9.4</Data></Cell>
			<Cell><Data ss:Type="Number">-0.07</Data></Cell>
			<Cell><Data ss:Type="Number">-0.93</Data></Cell>
			<Cell><Data ss:Type="Number">23</Data></Cell>
			<Cell><Data ss:Type="Number">39.1</Data></Cell>
			<Cell><Data ss:Type="Number">0</Data></Cell>
			<Cell><Data ss:Type="Number">0</Data></Cell>
			<Cell><Data ss:Type="String">2023-12-07 16:50:21.986093</Data></Cell>
		</Row>
		<Row>
			<Cell><Data ss:Type="String">1915</Data></Cell>
			<Cell><Data ss:Type="Number">0.29</Data></Cell>
			<Cell><Data ss:Type="Number">-10</Data></Cell>
			<Cell><Data ss:Type="Number">0.15</Data></Cell>
			<Cell><Data ss:Type="Number">-9.45</Data></Cell>
			<Cell><Data ss:Type="Number">-0.06</Data></Cell>
			<Cell><Data ss:Type="Number">-0.92</Data></Cell>
			<Cell><Data ss:Type="Number">23</Data></Cell>
			<Cell><Data ss:Type="Number">39.1</Data></Cell>
			<Cell><Data ss:Type="Number">0</Data></Cell>
			<Cell><Data ss:Type="Number">0</Data></Cell>
			<Cell><Data ss:Type="String">2023-12-07 16:50:21.935573</Data></Cell>
		</Row>
		<Row>
			<Cell><Data ss:Type="String">1914</Data></Cell>
			<Cell><Data ss:Type="Number">0.33</Data></Cell>
			<Cell><Data ss:Type="Number">-10.3</Data></Cell>
			<Cell><Data ss:Type="Number">0.18</Data></Cell>
			<Cell><Data ss:Type="Number">-9.56</Data></Cell>
			<Cell><Data ss:Type="Number">-0.11</Data></Cell>
			<Cell><Data ss:Type="Number">-0.91</Data></Cell>
			<Cell><Data ss:Type="Number">23</Data></Cell>
			<Cell><Data ss:Type="Number">39.1</Data></Cell>
			<Cell><Data ss:Type="Number">0</Data></Cell>
			<Cell><Data ss:Type="Number">0</Data></Cell>
			<Cell><Data ss:Type="String">2023-12-07 16:50:21.933444</Data></Cell>
		</Row>
		<Row>
			<Cell><Data ss:Type="String">1913</Data></Cell>
			<Cell><Data ss:Type="Number">0.23</Data></Cell>
			<Cell><Data ss:Type="Number">-10.19</Data></Cell>
			<Cell><Data ss:Type="Number">0.15</Data></Cell>
			<Cell><Data ss:Type="Number">-9.46</Data></Cell>
			<Cell><Data ss:Type="Number">-0.02</Data></Cell>
			<Cell><Data ss:Type="Number">-0.88</Data></Cell>
			<Cell><Data ss:Type="Number">23</Data></Cell>
			<Cell><Data ss:Type="Number">39.1</Data></Cell>
			<Cell><Data ss:Type="Number">0</Data></Cell>
			<Cell><Data ss:Type="Number">0</Data></Cell>
			<Cell><Data ss:Type="String">2023-12-07 16:50:21.874222</Data></Cell>
		</Row>
		<Row>
			<Cell><Data ss:Type="String">1912</Data></Cell>
			<Cell><Data ss:Type="Number">0.32</Data></Cell>
			<Cell><Data ss:Type="Number">-10.24</Data></Cell>
			<Cell><Data ss:Type="Number">0.16</Data></Cell>
			<Cell><Data ss:Type="Number">-9.57</Data></Cell>
			<Cell><Data ss:Type="Number">-0.08</Data></Cell>
			<Cell><Data ss:Type="Number">-0.91</Data></Cell>
			<Cell><Data ss:Type="Number">23</Data></Cell>
			<Cell><Data ss:Type="Number">39.1</Data></Cell>
			<Cell><Data ss:Type="Number">0</Data></Cell>
			<Cell><Data ss:Type="Number">0</Data></Cell>
			<Cell><Data ss:Type="String">2023-12-07 16:50:21.815504</Data></Cell>
		</Row>
		<Row>
			<Cell><Data ss:Type="String">1911</Data></Cell>
			<Cell><Data ss:Type="Number">0.3</Data></Cell>
			<Cell><Data ss:Type="Number">-10.12</Data></Cell>
			<Cell><Data ss:Type="Number">0.04</Data></Cell>
			<Cell><Data ss:Type="Number">-9.55</Data></Cell>
			<Cell><Data ss:Type="Number">-0.07</Data></Cell>
			<Cell><Data ss:Type="Number">-0.9</Data></Cell>
			<Cell><Data ss:Type="Number">23</Data></Cell>
			<Cell><Data ss:Type="Number">39.1</Data></Cell>
			<Cell><Data ss:Type="Number">0</Data></Cell>
			<Cell><Data ss:Type="Number">0</Data></Cell>
			<Cell><Data ss:Type="String">2023-12-07 16:50:21.758166</Data></Cell>
		</Row>
		<Row>
			<Cell><Data ss:Type="String">1910</Data></Cell>
			<Cell><Data ss:Type="Number">0.26</Data></Cell>
			<Cell><Data ss:Type="Number">-10.22</Data></Cell>
			<Cell><Data ss:Type="Number">0.22</Data></Cell>
			<Cell><Data ss:Type="Number">-9.54</Data></Cell>
			<Cell><Data ss:Type="Number">-0.06</Data></Cell>
			<Cell><Data ss:Type="Number">-0.87</Data></Cell>
			<Cell><Data ss:Type="Number">23</Data></Cell>
			<Cell><Data ss:Type="Number">39.1</Data></Cell>
			<Cell><Data ss:Type="Number">0</Data></Cell>
			<Cell><Data ss:Type="Number">0</Data></Cell>
			<Cell><Data ss:Type="String">2023-12-07 16:50:21.755453</Data></Cell>
		</Row>
		<Row>
			<Cell><Data ss:Type="String">1909</Data></Cell>
			<Cell><Data ss:Type="Number">0.27</Data></Cell>
			<Cell><Data ss:Type="Number">-10.02</Data></Cell>
			<Cell><Data ss:Type="Number">0.12</Data></Cell>
			<Cell><Data ss:Type="Number">-9.42</Data></Cell>
			<Cell><Data ss:Type="Number">-0.1</Data></Cell>
			<Cell><Data ss:Type="Number">-0.92</Data></Cell>
			<Cell><Data ss:Type="Number">23</Data></Cell>
			<Cell><Data ss:Type="Number">39.1</Data></Cell>
			<Cell><Data ss:Type="Number">0</Data></Cell>
			<Cell><Data ss:Type="Number">0</Data></Cell>
			<Cell><Data ss:Type="String">2023-12-07 16:50:21.710992</Data></Cell>
		</Row>
		<Row>
			<Cell><Data ss:Type="String">1908</Data></Cell>
			<Cell><Data ss:Type="Number">0.23</Data></Cell>
			<Cell><Data ss:Type="Number">-9.95</Data></Cell>
			<Cell><Data ss:Type="Number">0.19</Data></Cell>
			<Cell><Data ss:Type="Number">-9.43</Data></Cell>
			<Cell><Data ss:Type="Number">-0.06</Data></Cell>
			<Cell><Data ss:Type="Number">-0.88</Data></Cell>
			<Cell><Data ss:Type="Number">23</Data></Cell>
			<Cell><Data ss:Type="Number">39.1</Data></Cell>
			<Cell><Data ss:Type="Number">0</Data></Cell>
			<Cell><Data ss:Type="Number">0</Data></Cell>
			<Cell><Data ss:Type="String">2023-12-07 16:50:21.664526</Data></Cell>
		</Row>
		<Row>
			<Cell><Data ss:Type="String">1907</Data></Cell>
			<Cell><Data ss:Type="Number">0.27</Data></Cell>
			<Cell><Data ss:Type="Number">-10.12</Data></Cell>
			<Cell><Data ss:Type="Number">0.11</Data></Cell>
			<Cell><Data ss:Type="Number">-9.5</Data></Cell>
			<Cell><Data ss:Type="Number">-0.1</Data></Cell>
			<Cell><Data ss:Type="Number">-0.92</Data></Cell>
			<Cell><Data ss:Type="Number">23</Data></Cell>
			<Cell><Data ss:Type="Number">39.1</Data></Cell>
			<Cell><Data ss:Type="Number">0</Data></Cell>
			<Cell><Data ss:Type="Number">0</Data></Cell>
			<Cell><Data ss:Type="String">2023-12-07 16:50:21.662521</Data></Cell>
		</Row>
		<Row>
			<Cell><Data ss:Type="String">1906</Data></Cell>
			<Cell><Data ss:Type="Number">0.29</Data></Cell>
			<Cell><Data ss:Type="Number">-10.16</Data></Cell>
			<Cell><Data ss:Type="Number">0.25</Data></Cell>
			<Cell><Data ss:Type="Number">-9.54</Data></Cell>
			<Cell><Data ss:Type="Number">-0.08</Data></Cell>
			<Cell><Data ss:Type="Number">-0.87</Data></Cell>
			<Cell><Data ss:Type="Number">23</Data></Cell>
			<Cell><Data ss:Type="Number">39.1</Data></Cell>
			<Cell><Data ss:Type="Number">0</Data></Cell>
			<Cell><Data ss:Type="Number">0</Data></Cell>
			<Cell><Data ss:Type="String">2023-12-07 16:50:21.617238</Data></Cell>
		</Row>
		<Row>
			<Cell><Data ss:Type="String">1905</Data></Cell>
			<Cell><Data ss:Type="Number">0.29</Data></Cell>
			<Cell><Data ss:Type="Number">-10.15</Data></Cell>
			<Cell><Data ss:Type="Number">0.19</Data></Cell>
			<Cell><Data ss:Type="Number">-9.45</Data></Cell>
			<Cell><Data ss:Type="Number">-0.07</Data></Cell>
			<Cell><Data ss:Type="Number">-0.91</Data></Cell>
			<Cell><Data ss:Type="Number">23</Data></Cell>
			<Cell><Data ss:Type="Number">39.1</Data></Cell>
			<Cell><Data ss:Type="Number">0</Data></Cell>
			<Cell><Data ss:Type="Number">0</Data></Cell>
			<Cell><Data ss:Type="String">2023-12-07 16:50:21.571198</Data></Cell>
		</Row>
		<Row>
			<Cell><Data ss:Type="String">1904</Data></Cell>
			<Cell><Data ss:Type="Number">0.29</Data></Cell>
			<Cell><Data ss:Type="Number">-10</Data></Cell>
			<Cell><Data ss:Type="Number">0.1</Data></Cell>
			<Cell><Data ss:Type="Number">-9.41</Data></Cell>
			<Cell><Data ss:Type="Number">-0.06</Data></Cell>
			<Cell><Data ss:Type="Number">-0.91</Data></Cell>
			<Cell><Data ss:Type="Number">23</Data></Cell>
			<Cell><Data ss:Type="Number">39.1</Data></Cell>
			<Cell><Data ss:Type="Number">0</Data></Cell>
			<Cell><Data ss:Type="Number">0</Data></Cell>
			<Cell><Data ss:Type="String">2023-12-07 16:50:21.527699</Data></Cell>
		</Row>
		<Row>
			<Cell><Data ss:Type="String">1903</Data></Cell>
			<Cell><Data ss:Type="Number">0.3</Data></Cell>
			<Cell><Data ss:Type="Number">-10.08</Data></Cell>
			<Cell><Data ss:Type="Number">0.16</Data></Cell>
			<Cell><Data ss:Type="Number">-9.45</Data></Cell>
			<Cell><Data ss:Type="Number">-0.08</Data></Cell>
			<Cell><Data ss:Type="Number">-0.93</Data></Cell>
			<Cell><Data ss:Type="Number">23</Data></Cell>
			<Cell><Data ss:Type="Number">39.1</Data></Cell>
			<Cell><Data ss:Type="Number">0</Data></Cell>
			<Cell><Data ss:Type="Number">0</Data></Cell>
			<Cell><Data ss:Type="String">2023-12-07 16:50:21.525256</Data></Cell>
		</Row>
		<Row>
			<Cell><Data ss:Type="String">1902</Data></Cell>
			<Cell><Data ss:Type="Number">0.27</Data></Cell>
			<Cell><Data ss:Type="Number">-10.17</Data></Cell>
			<Cell><Data ss:Type="Number">0.12</Data></Cell>
			<Cell><Data ss:Type="Number">-9.57</Data></Cell>
			<Cell><Data ss:Type="Number">-0.1</Data></Cell>
			<Cell><Data ss:Type="Number">-0.9</Data></Cell>
			<Cell><Data ss:Type="Number">23</Data></Cell>
			<Cell><Data ss:Type="Number">39.1</Data></Cell>
			<Cell><Data ss:Type="Number">0</Data></Cell>
			<Cell><Data ss:Type="Number">0</Data></Cell>
			<Cell><Data ss:Type="String">2023-12-07 16:50:21.480457</Data></Cell>
		</Row>
		<Row>
			<Cell><Data ss:Type="String">1901</Data></Cell>
			<Cell><Data ss:Type="Number">0.26</Data></Cell>
			<Cell><Data ss:Type="Number">-10.17</Data></Cell>
			<Cell><Data ss:Type="Number">0.19</Data></Cell>
			<Cell><Data ss:Type="Number">-9.51</Data></Cell>
			<Cell><Data ss:Type="Number">-0.06</Data></Cell>
			<Cell><Data ss:Type="Number">-0.89</Data></Cell>
			<Cell><Data ss:Type="Number">23</Data></Cell>
			<Cell><Data ss:Type="Number">39.1</Data></Cell>
			<Cell><Data ss:Type="Number">0</Data></Cell>
			<Cell><Data ss:Type="Number">0</Data></Cell>
			<Cell><Data ss:Type="String">2023-12-07 16:50:21.434233</Data></Cell>
		</Row>
		<Row>
			<Cell><Data ss:Type="String">1900</Data></Cell>
			<Cell><Data ss:Type="Number">0.29</Data></Cell>
			<Cell><Data ss:Type="Number">-10.05</Data></Cell>
			<Cell><Data ss:Type="Number">0.19</Data></Cell>
			<Cell><Data ss:Type="Number">-9.42</Data></Cell>
			<Cell><Data ss:Type="Number">-0.06</Data></Cell>
			<Cell><Data ss:Type="Number">-0.93</Data></Cell>
			<Cell><Data ss:Type="Number">23</Data></Cell>
			<Cell><Data ss:Type="Number">39.1</Data></Cell>
			<Cell><Data ss:Type="Number">0</Data></Cell>
			<Cell><Data ss:Type="Number">0</Data></Cell>
			<Cell><Data ss:Type="String">2023-12-07 16:50:21.431924</Data></Cell>
		</Row>
		<Row>
			<Cell><Data ss:Type="String">1899</Data></Cell>
			<Cell><Data ss:Type="Number">0.3</Data></Cell>
			<Cell><Data ss:Type="Number">-9.89</Data></Cell>
			<Cell><Data ss:Type="Number">0.13</Data></Cell>
			<Cell><Data ss:Type="Number">-9.42</Data></Cell>
			<Cell><Data ss:Type="Number">-0.05</Data></Cell>
			<Cell><Data ss:Type="Number">-0.92</Data></Cell>
			<Cell><Data ss:Type="Number">23</Data></Cell>
			<Cell><Data ss:Type="Number">39.1</Data></Cell>
			<Cell><Data ss:Type="Number">0</Data></Cell>
			<Cell><Data ss:Type="Number">0</Data></Cell>
			<Cell><Data ss:Type="String">2023-12-07 16:50:21.386709</Data></Cell>
		</Row>
		<Row>
			<Cell><Data ss:Type="String">1898</Data></Cell>
			<Cell><Data ss:Type="Number">0.3</Data></Cell>
			<Cell><Data ss:Type="Number">-10.12</Data></Cell>
			<Cell><Data ss:Type="Number">0.17</Data></Cell>
			<Cell><Data ss:Type="Number">-9.48</Data></Cell>
			<Cell><Data ss:Type="Number">-0.07</Data></Cell>
			<Cell><Data ss:Type="Number">-0.91</Data></Cell>
			<Cell><Data ss:Type="Number">23</Data></Cell>
			<Cell><Data ss:Type="Number">39.1</Data></Cell>
			<Cell><Data ss:Type="Number">0</Data></Cell>
			<Cell><Data ss:Type="Number">0</Data></Cell>
			<Cell><Data ss:Type="String">2023-12-07 16:50:21.343057</Data></Cell>
		</Row>
		<Row>
			<Cell><Data ss:Type="String">1897</Data></Cell>
			<Cell><Data ss:Type="Number">0.3</Data></Cell>
			<Cell><Data ss:Type="Number">-10.19</Data></Cell>
			<Cell><Data ss:Type="Number">0.26</Data></Cell>
			<Cell><Data ss:Type="Number">-9.55</Data></Cell>
			<Cell><Data ss:Type="Number">-0.1</Data></Cell>
			<Cell><Data ss:Type="Number">-0.89</Data></Cell>
			<Cell><Data ss:Type="Number">23</Data></Cell>
			<Cell><Data ss:Type="Number">39.1</Data></Cell>
			<Cell><Data ss:Type="Number">0</Data></Cell>
			<Cell><Data ss:Type="Number">0</Data></Cell>
			<Cell><Data ss:Type="String">2023-12-07 16:50:21.290769</Data></Cell>
		</Row>
		<Row>
			<Cell><Data ss:Type="String">1896</Data></Cell>
			<Cell><Data ss:Type="Number">0.25</Data></Cell>
			<Cell><Data ss:Type="Number">-10.06</Data></Cell>
			<Cell><Data ss:Type="Number">0.17</Data></Cell>
			<Cell><Data ss:Type="Number">-9.45</Data></Cell>
			<Cell><Data ss:Type="Number">-0.06</Data></Cell>
			<Cell><Data ss:Type="Number">-0.9</Data></Cell>
			<Cell><Data ss:Type="Number">23</Data></Cell>
			<Cell><Data ss:Type="Number">39.1</Data></Cell>
			<Cell><Data ss:Type="Number">0</Data></Cell>
			<Cell><Data ss:Type="Number">0</Data></Cell>
			<Cell><Data ss:Type="String">2023-12-07 16:50:21.285665</Data></Cell>
		</Row>
		<Row>
			<Cell><Data ss:Type="String">1895</Data></Cell>
			<Cell><Data ss:Type="Number">0.19</Data></Cell>
			<Cell><Data ss:Type="Number">-9.98</Data></Cell>
			<Cell><Data ss:Type="Number">0.13</Data></Cell>
			<Cell><Data ss:Type="Number">-9.41</Data></Cell>
			<Cell><Data ss:Type="Number">-0.09</Data></Cell>
			<Cell><Data ss:Type="Number">-0.91</Data></Cell>
			<Cell><Data ss:Type="Number">23</Data></Cell>
			<Cell><Data ss:Type="Number">39.1</Data></Cell>
			<Cell><Data ss:Type="Number">0</Data></Cell>
			<Cell><Data ss:Type="Number">0</Data></Cell>
			<Cell><Data ss:Type="String">2023-12-07 16:50:21.235274</Data></Cell>
		</Row>
		<Row>
			<Cell><Data ss:Type="String">1894</Data></Cell>
			<Cell><Data ss:Type="Number">0.26</Data></Cell>
			<Cell><Data ss:Type="Number">-10.12</Data></Cell>
			<Cell><Data ss:Type="Number">0</Data></Cell>
			<Cell><Data ss:Type="Number">-9.44</Data></Cell>
			<Cell><Data ss:Type="Number">-0.05</Data></Cell>
			<Cell><Data ss:Type="Number">-0.91</Data></Cell>
			<Cell><Data ss:Type="Number">23</Data></Cell>
			<Cell><Data ss:Type="Number">39.1</Data></Cell>
			<Cell><Data ss:Type="Number">0</Data></Cell>
			<Cell><Data ss:Type="Number">0</Data></Cell>
			<Cell><Data ss:Type="String">2023-12-07 16:50:21.191950</Data></Cell>
		</Row>
		<Row>
			<Cell><Data ss:Type="String">1893</Data></Cell>
			<Cell><Data ss:Type="Number">0.27</Data></Cell>
			<Cell><Data ss:Type="Number">-10.19</Data></Cell>
			<Cell><Data ss:Type="Number">0.19</Data></Cell>
			<Cell><Data ss:Type="Number">-9.54</Data></Cell>
			<Cell><Data ss:Type="Number">-0.07</Data></Cell>
			<Cell><Data ss:Type="Number">-0.89</Data></Cell>
			<Cell><Data ss:Type="Number">23</Data></Cell>
			<Cell><Data ss:Type="Number">39.1</Data></Cell>
			<Cell><Data ss:Type="Number">0</Data></Cell>
			<Cell><Data ss:Type="Number">0</Data></Cell>
			<Cell><Data ss:Type="String">2023-12-07 16:50:21.189364</Data></Cell>
		</Row>
		<Row>
			<Cell><Data ss:Type="String">1892</Data></Cell>
			<Cell><Data ss:Type="Number">0.31</Data></Cell>
			<Cell><Data ss:Type="Number">-10.26</Data></Cell>
			<Cell><Data ss:Type="Number">0.32</Data></Cell>
			<Cell><Data ss:Type="Number">-9.54</Data></Cell>
			<Cell><Data ss:Type="Number">-0.07</Data></Cell>
			<Cell><Data ss:Type="Number">-0.86</Data></Cell>
			<Cell><Data ss:Type="Number">23</Data></Cell>
			<Cell><Data ss:Type="Number">39.1</Data></Cell>
			<Cell><Data ss:Type="Number">0</Data></Cell>
			<Cell><Data ss:Type="Number">0</Data></Cell>
			<Cell><Data ss:Type="String">2023-12-07 16:50:21.145633</Data></Cell>
		</Row>
		<Row>
			<Cell><Data ss:Type="String">1891</Data></Cell>
			<Cell><Data ss:Type="Number">0.36</Data></Cell>
			<Cell><Data ss:Type="Number">-10</Data></Cell>
			<Cell><Data ss:Type="Number">0.13</Data></Cell>
			<Cell><Data ss:Type="Number">-9.45</Data></Cell>
			<Cell><Data ss:Type="Number">-0.06</Data></Cell>
			<Cell><Data ss:Type="Number">-0.92</Data></Cell>
			<Cell><Data ss:Type="Number">23</Data></Cell>
			<Cell><Data ss:Type="Number">39.1</Data></Cell>
			<Cell><Data ss:Type="Number">0</Data></Cell>
			<Cell><Data ss:Type="Number">0</Data></Cell>
			<Cell><Data ss:Type="String">2023-12-07 16:50:21.100381</Data></Cell>
		</Row>
		<Row>
			<Cell><Data ss:Type="String">1890</Data></Cell>
			<Cell><Data ss:Type="Number">0.29</Data></Cell>
			<Cell><Data ss:Type="Number">-10</Data></Cell>
			<Cell><Data ss:Type="Number">0.09</Data></Cell>
			<Cell><Data ss:Type="Number">-9.45</Data></Cell>
			<Cell><Data ss:Type="Number">-0.12</Data></Cell>
			<Cell><Data ss:Type="Number">-0.94</Data></Cell>
			<Cell><Data ss:Type="Number">23</Data></Cell>
			<Cell><Data ss:Type="Number">39.1</Data></Cell>
			<Cell><Data ss:Type="Number">0</Data></Cell>
			<Cell><Data ss:Type="Number">0</Data></Cell>
			<Cell><Data ss:Type="String">2023-12-07 16:50:21.098447</Data></Cell>
		</Row>
		<Row>
			<Cell><Data ss:Type="String">1889</Data></Cell>
			<Cell><Data ss:Type="Number">0.25</Data></Cell>
			<Cell><Data ss:Type="Number">-10.1</Data></Cell>
			<Cell><Data ss:Type="Number">0.19</Data></Cell>
			<Cell><Data ss:Type="Number">-9.5</Data></Cell>
			<Cell><Data ss:Type="Number">-0.07</Data></Cell>
			<Cell><Data ss:Type="Number">-0.87</Data></Cell>
			<Cell><Data ss:Type="Number">23</Data></Cell>
			<Cell><Data ss:Type="Number">39.1</Data></Cell>
			<Cell><Data ss:Type="Number">0</Data></Cell>
			<Cell><Data ss:Type="Number">0</Data></Cell>
			<Cell><Data ss:Type="String">2023-12-07 16:50:21.054968</Data></Cell>
		</Row>
		<Row>
			<Cell><Data ss:Type="String">1888</Data></Cell>
			<Cell><Data ss:Type="Number">0.27</Data></Cell>
			<Cell><Data ss:Type="Number">-10.25</Data></Cell>
			<Cell><Data ss:Type="Number">0.16</Data></Cell>
			<Cell><Data ss:Type="Number">-9.56</Data></Cell>
			<Cell><Data ss:Type="Number">-0.08</Data></Cell>
			<Cell><Data ss:Type="Number">-0.88</Data></Cell>
			<Cell><Data ss:Type="Number">23</Data></Cell>
			<Cell><Data ss:Type="Number">39.1</Data></Cell>
			<Cell><Data ss:Type="Number">0</Data></Cell>
			<Cell><Data ss:Type="Number">0</Data></Cell>
			<Cell><Data ss:Type="String">2023-12-07 16:50:21.052449</Data></Cell>
		</Row>
		<Row>
			<Cell><Data ss:Type="String">1887</Data></Cell>
			<Cell><Data ss:Type="Number">0.3</Data></Cell>
			<Cell><Data ss:Type="Number">-10.29</Data></Cell>
			<Cell><Data ss:Type="Number">0.2</Data></Cell>
			<Cell><Data ss:Type="Number">-9.54</Data></Cell>
			<Cell><Data ss:Type="Number">-0.09</Data></Cell>
			<Cell><Data ss:Type="Number">-0.92</Data></Cell>
			<Cell><Data ss:Type="Number">23</Data></Cell>
			<Cell><Data ss:Type="Number">39.1</Data></Cell>
			<Cell><Data ss:Type="Number">0</Data></Cell>
			<Cell><Data ss:Type="Number">0</Data></Cell>
			<Cell><Data ss:Type="String">2023-12-07 16:50:21.050204</Data></Cell>
		</Row>
		<Row>
			<Cell><Data ss:Type="String">1886</Data></Cell>
			<Cell><Data ss:Type="Number">0.3</Data></Cell>
			<Cell><Data ss:Type="Number">-10.08</Data></Cell>
			<Cell><Data ss:Type="Number">0.14</Data></Cell>
			<Cell><Data ss:Type="Number">-9.46</Data></Cell>
			<Cell><Data ss:Type="Number">-0.07</Data></Cell>
			<Cell><Data ss:Type="Number">-0.9</Data></Cell>
			<Cell><Data ss:Type="Number">23</Data></Cell>
			<Cell><Data ss:Type="Number">39.1</Data></Cell>
			<Cell><Data ss:Type="Number">0</Data></Cell>
			<Cell><Data ss:Type="Number">0</Data></Cell>
			<Cell><Data ss:Type="String">2023-12-07 16:50:21.048348</Data></Cell>
		</Row>
		<Row>
			<Cell><Data ss:Type="String">1885</Data></Cell>
			<Cell><Data ss:Type="Number">0.21</Data></Cell>
			<Cell><Data ss:Type="Number">-10</Data></Cell>
			<Cell><Data ss:Type="Number">0.3</Data></Cell>
			<Cell><Data ss:Type="Number">-9.41</Data></Cell>
			<Cell><Data ss:Type="Number">-0.09</Data></Cell>
			<Cell><Data ss:Type="Number">-0.9</Data></Cell>
			<Cell><Data ss:Type="Number">23</Data></Cell>
			<Cell><Data ss:Type="Number">39.1</Data></Cell>
			<Cell><Data ss:Type="Number">0</Data></Cell>
			<Cell><Data ss:Type="Number">0</Data></Cell>
			<Cell><Data ss:Type="String">2023-12-07 16:50:21.046315</Data></Cell>
		</Row>
		<Row>
			<Cell><Data ss:Type="String">1884</Data></Cell>
			<Cell><Data ss:Type="Number">0.27</Data></Cell>
			<Cell><Data ss:Type="Number">-10</Data></Cell>
			<Cell><Data ss:Type="Number">0.13</Data></Cell>
			<Cell><Data ss:Type="Number">-9.47</Data></Cell>
			<Cell><Data ss:Type="Number">-0.07</Data></Cell>
			<Cell><Data ss:Type="Number">-0.9</Data></Cell>
			<Cell><Data ss:Type="Number">23</Data></Cell>
			<Cell><Data ss:Type="Number">39.1</Data></Cell>
			<Cell><Data ss:Type="Number">0</Data></Cell>
			<Cell><Data ss:Type="Number">0</Data></Cell>
			<Cell><Data ss:Type="String">2023-12-07 16:50:21.044527</Data></Cell>
		</Row>
		<Row>
			<Cell><Data ss:Type="String">1883</Data></Cell>
			<Cell><Data ss:Type="Number">0.31</Data></Cell>
			<Cell><Data ss:Type="Number">-10.13</Data></Cell>
			<Cell><Data ss:Type="Number">0.16</Data></Cell>
			<Cell><Data ss:Type="Number">-9.49</Data></Cell>
			<Cell><Data ss:Type="Number">-0.08</Data></Cell>
			<Cell><Data ss:Type="Number">-0.91</Data></Cell>
			<Cell><Data ss:Type="Number">23</Data></Cell>
			<Cell><Data ss:Type="Number">39.1</Data></Cell>
			<Cell><Data ss:Type="Number">0</Data></Cell>
			<Cell><Data ss:Type="Number">0</Data></Cell>
			<Cell><Data ss:Type="String">2023-12-07 16:50:21.042551</Data></Cell>
		</Row>
		<Row>
			<Cell><Data ss:Type="String">1882</Data></Cell>
			<Cell><Data ss:Type="Number">0.35</Data></Cell>
			<Cell><Data ss:Type="Number">-10.18</Data></Cell>
			<Cell><Data ss:Type="Number">0.2</Data></Cell>
			<Cell><Data ss:Type="Number">-9.54</Data></Cell>
			<Cell><Data ss:Type="Number">-0.08</Data></Cell>
			<Cell><Data ss:Type="Number">-0.88</Data></Cell>
			<Cell><Data ss:Type="Number">23</Data></Cell>
			<Cell><Data ss:Type="Number">39.1</Data></Cell>
			<Cell><Data ss:Type="Number">0</Data></Cell>
			<Cell><Data ss:Type="Number">0</Data></Cell>
			<Cell><Data ss:Type="String">2023-12-07 16:50:20.813322</Data></Cell>
		</Row>
		<Row>
			<Cell><Data ss:Type="String">1881</Data></Cell>
			<Cell><Data ss:Type="Number">0.23</Data></Cell>
			<Cell><Data ss:Type="Number">-10.14</Data></Cell>
			<Cell><Data ss:Type="Number">0.2</Data></Cell>
			<Cell><Data ss:Type="Number">-9.51</Data></Cell>
			<Cell><Data ss:Type="Number">-0.06</Data></Cell>
			<Cell><Data ss:Type="Number">-0.91</Data></Cell>
			<Cell><Data ss:Type="Number">23</Data></Cell>
			<Cell><Data ss:Type="Number">39.1</Data></Cell>
			<Cell><Data ss:Type="Number">0</Data></Cell>
			<Cell><Data ss:Type="Number">0</Data></Cell>
			<Cell><Data ss:Type="String">2023-12-07 16:50:20.765129</Data></Cell>
		</Row>
		<Row>
			<Cell><Data ss:Type="String">1880</Data></Cell>
			<Cell><Data ss:Type="Number">0.27</Data></Cell>
			<Cell><Data ss:Type="Number">-9.99</Data></Cell>
			<Cell><Data ss:Type="Number">0.14</Data></Cell>
			<Cell><Data ss:Type="Number">-9.43</Data></Cell>
			<Cell><Data ss:Type="Number">-0.07</Data></Cell>
			<Cell><Data ss:Type="Number">-0.91</Data></Cell>
			<Cell><Data ss:Type="Number">23</Data></Cell>
			<Cell><Data ss:Type="Number">39.1</Data></Cell>
			<Cell><Data ss:Type="Number">0</Data></Cell>
			<Cell><Data ss:Type="Number">0</Data></Cell>
			<Cell><Data ss:Type="String">2023-12-07 16:50:20.763148</Data></Cell>
		</Row>
		<Row>
			<Cell><Data ss:Type="String">1879</Data></Cell>
			<Cell><Data ss:Type="Number">0.27</Data></Cell>
			<Cell><Data ss:Type="Number">-10.03</Data></Cell>
			<Cell><Data ss:Type="Number">0.12</Data></Cell>
			<Cell><Data ss:Type="Number">-9.45</Data></Cell>
			<Cell><Data ss:Type="Number">-0.06</Data></Cell>
			<Cell><Data ss:Type="Number">-0.93</Data></Cell>
			<Cell><Data ss:Type="Number">23</Data></Cell>
			<Cell><Data ss:Type="Number">39.1</Data></Cell>
			<Cell><Data ss:Type="Number">0</Data></Cell>
			<Cell><Data ss:Type="Number">0</Data></Cell>
			<Cell><Data ss:Type="String">2023-12-07 16:50:20.714371</Data></Cell>
		</Row>
		<Row>
			<Cell><Data ss:Type="String">1878</Data></Cell>
			<Cell><Data ss:Type="Number">0.33</Data></Cell>
			<Cell><Data ss:Type="Number">-10.17</Data></Cell>
			<Cell><Data ss:Type="Number">0.16</Data></Cell>
			<Cell><Data ss:Type="Number">-9.54</Data></Cell>
			<Cell><Data ss:Type="Number">-0.07</Data></Cell>
			<Cell><Data ss:Type="Number">-0.91</Data></Cell>
			<Cell><Data ss:Type="Number">23</Data></Cell>
			<Cell><Data ss:Type="Number">39.1</Data></Cell>
			<Cell><Data ss:Type="Number">0</Data></Cell>
			<Cell><Data ss:Type="Number">0</Data></Cell>
			<Cell><Data ss:Type="String">2023-12-07 16:50:20.668894</Data></Cell>
		</Row>
		<Row>
			<Cell><Data ss:Type="String">1877</Data></Cell>
			<Cell><Data ss:Type="Number">0.29</Data></Cell>
			<Cell><Data ss:Type="Number">-10.27</Data></Cell>
			<Cell><Data ss:Type="Number">0.19</Data></Cell>
			<Cell><Data ss:Type="Number">-9.55</Data></Cell>
			<Cell><Data ss:Type="Number">-0.07</Data></Cell>
			<Cell><Data ss:Type="Number">-0.91</Data></Cell>
			<Cell><Data ss:Type="Number">23</Data></Cell>
			<Cell><Data ss:Type="Number">39.1</Data></Cell>
			<Cell><Data ss:Type="Number">0</Data></Cell>
			<Cell><Data ss:Type="Number">0</Data></Cell>
			<Cell><Data ss:Type="String">2023-12-07 16:50:20.624734</Data></Cell>
		</Row>
		<Row>
			<Cell><Data ss:Type="String">1876</Data></Cell>
			<Cell><Data ss:Type="Number">0.29</Data></Cell>
			<Cell><Data ss:Type="Number">-9.99</Data></Cell>
			<Cell><Data ss:Type="Number">0.12</Data></Cell>
			<Cell><Data ss:Type="Number">-9.44</Data></Cell>
			<Cell><Data ss:Type="Number">-0.07</Data></Cell>
			<Cell><Data ss:Type="Number">-0.92</Data></Cell>
			<Cell><Data ss:Type="Number">23</Data></Cell>
			<Cell><Data ss:Type="Number">39.1</Data></Cell>
			<Cell><Data ss:Type="Number">0</Data></Cell>
			<Cell><Data ss:Type="Number">0</Data></Cell>
			<Cell><Data ss:Type="String">2023-12-07 16:50:20.622594</Data></Cell>
		</Row>
		<Row>
			<Cell><Data ss:Type="String">1875</Data></Cell>
			<Cell><Data ss:Type="Number">0.18</Data></Cell>
			<Cell><Data ss:Type="Number">-9.93</Data></Cell>
			<Cell><Data ss:Type="Number">0.13</Data></Cell>
			<Cell><Data ss:Type="Number">-9.45</Data></Cell>
			<Cell><Data ss:Type="Number">-0.06</Data></Cell>
			<Cell><Data ss:Type="Number">-0.91</Data></Cell>
			<Cell><Data ss:Type="Number">23</Data></Cell>
			<Cell><Data ss:Type="Number">39.1</Data></Cell>
			<Cell><Data ss:Type="Number">0</Data></Cell>
			<Cell><Data ss:Type="Number">0</Data></Cell>
			<Cell><Data ss:Type="String">2023-12-07 16:50:20.577452</Data></Cell>
		</Row>
		<Row>
			<Cell><Data ss:Type="String">1874</Data></Cell>
			<Cell><Data ss:Type="Number">0.28</Data></Cell>
			<Cell><Data ss:Type="Number">-9.89</Data></Cell>
			<Cell><Data ss:Type="Number">0.13</Data></Cell>
			<Cell><Data ss:Type="Number">-9.49</Data></Cell>
			<Cell><Data ss:Type="Number">-0.06</Data></Cell>
			<Cell><Data ss:Type="Number">-0.92</Data></Cell>
			<Cell><Data ss:Type="Number">23</Data></Cell>
			<Cell><Data ss:Type="Number">39.1</Data></Cell>
			<Cell><Data ss:Type="Number">0</Data></Cell>
			<Cell><Data ss:Type="Number">0</Data></Cell>
			<Cell><Data ss:Type="String">2023-12-07 16:50:20.533001</Data></Cell>
		</Row>
		<Row>
			<Cell><Data ss:Type="String">1873</Data></Cell>
			<Cell><Data ss:Type="Number">0.29</Data></Cell>
			<Cell><Data ss:Type="Number">-10.24</Data></Cell>
			<Cell><Data ss:Type="Number">0.2</Data></Cell>
			<Cell><Data ss:Type="Number">-9.54</Data></Cell>
			<Cell><Data ss:Type="Number">-0.07</Data></Cell>
			<Cell><Data ss:Type="Number">-0.87</Data></Cell>
			<Cell><Data ss:Type="Number">23</Data></Cell>
			<Cell><Data ss:Type="Number">39.1</Data></Cell>
			<Cell><Data ss:Type="Number">0</Data></Cell>
			<Cell><Data ss:Type="Number">0</Data></Cell>
			<Cell><Data ss:Type="String">2023-12-07 16:50:20.530885</Data></Cell>
		</Row>
		<Row>
			<Cell><Data ss:Type="String">1872</Data></Cell>
			<Cell><Data ss:Type="Number">0.22</Data></Cell>
			<Cell><Data ss:Type="Number">-10.25</Data></Cell>
			<Cell><Data ss:Type="Number">0.23</Data></Cell>
			<Cell><Data ss:Type="Number">-9.5</Data></Cell>
			<Cell><Data ss:Type="Number">-0.08</Data></Cell>
			<Cell><Data ss:Type="Number">-0.91</Data></Cell>
			<Cell><Data ss:Type="Number">23</Data></Cell>
			<Cell><Data ss:Type="Number">39.1</Data></Cell>
			<Cell><Data ss:Type="Number">0</Data></Cell>
			<Cell><Data ss:Type="Number">0</Data></Cell>
			<Cell><Data ss:Type="String">2023-12-07 16:50:20.485626</Data></Cell>
		</Row>
		<Row>
			<Cell><Data ss:Type="String">1871</Data></Cell>
			<Cell><Data ss:Type="Number">0.29</Data></Cell>
			<Cell><Data ss:Type="Number">-9.92</Data></Cell>
			<Cell><Data ss:Type="Number">0.17</Data></Cell>
			<Cell><Data ss:Type="Number">-9.4</Data></Cell>
			<Cell><Data ss:Type="Number">-0.05</Data></Cell>
			<Cell><Data ss:Type="Number">-0.92</Data></Cell>
			<Cell><Data ss:Type="Number">23</Data></Cell>
			<Cell><Data ss:Type="Number">39.1</Data></Cell>
			<Cell><Data ss:Type="Number">0</Data></Cell>
			<Cell><Data ss:Type="Number">0</Data></Cell>
			<Cell><Data ss:Type="String">2023-12-07 16:50:20.439815</Data></Cell>
		</Row>
		<Row>
			<Cell><Data ss:Type="String">1870</Data></Cell>
			<Cell><Data ss:Type="Number">0.3</Data></Cell>
			<Cell><Data ss:Type="Number">-10.09</Data></Cell>
			<Cell><Data ss:Type="Number">0.12</Data></Cell>
			<Cell><Data ss:Type="Number">-9.51</Data></Cell>
			<Cell><Data ss:Type="Number">-0.09</Data></Cell>
			<Cell><Data ss:Type="Number">-0.89</Data></Cell>
			<Cell><Data ss:Type="Number">23</Data></Cell>
			<Cell><Data ss:Type="Number">39.1</Data></Cell>
			<Cell><Data ss:Type="Number">0</Data></Cell>
			<Cell><Data ss:Type="Number">0</Data></Cell>
			<Cell><Data ss:Type="String">2023-12-07 16:50:20.397037</Data></Cell>
		</Row>
		<Row>
			<Cell><Data ss:Type="String">1869</Data></Cell>
			<Cell><Data ss:Type="Number">0.29</Data></Cell>
			<Cell><Data ss:Type="Number">-10.21</Data></Cell>
			<Cell><Data ss:Type="Number">0.14</Data></Cell>
			<Cell><Data ss:Type="Number">-9.56</Data></Cell>
			<Cell><Data ss:Type="Number">-0.08</Data></Cell>
			<Cell><Data ss:Type="Number">-0.91</Data></Cell>
			<Cell><Data ss:Type="Number">23</Data></Cell>
			<Cell><Data ss:Type="Number">39.1</Data></Cell>
			<Cell><Data ss:Type="Number">0</Data></Cell>
			<Cell><Data ss:Type="Number">0</Data></Cell>
			<Cell><Data ss:Type="String">2023-12-07 16:50:20.394473</Data></Cell>
		</Row>
		<Row>
			<Cell><Data ss:Type="String">1868</Data></Cell>
			<Cell><Data ss:Type="Number">0.19</Data></Cell>
			<Cell><Data ss:Type="Number">-10.3</Data></Cell>
			<Cell><Data ss:Type="Number">0.17</Data></Cell>
			<Cell><Data ss:Type="Number">-9.49</Data></Cell>
			<Cell><Data ss:Type="Number">-0.07</Data></Cell>
			<Cell><Data ss:Type="Number">-0.92</Data></Cell>
			<Cell><Data ss:Type="Number">23</Data></Cell>
			<Cell><Data ss:Type="Number">39.1</Data></Cell>
			<Cell><Data ss:Type="Number">0</Data></Cell>
			<Cell><Data ss:Type="Number">0</Data></Cell>
			<Cell><Data ss:Type="String">2023-12-07 16:50:20.348332</Data></Cell>
		</Row>
		<Row>
			<Cell><Data ss:Type="String">1867</Data></Cell>
			<Cell><Data ss:Type="Number">0.29</Data></Cell>
			<Cell><Data ss:Type="Number">-10</Data></Cell>
			<Cell><Data ss:Type="Number">0.13</Data></Cell>
			<Cell><Data ss:Type="Number">-9.46</Data></Cell>
			<Cell><Data ss:Type="Number">-0.09</Data></Cell>
			<Cell><Data ss:Type="Number">-0.91</Data></Cell>
			<Cell><Data ss:Type="Number">23</Data></Cell>
			<Cell><Data ss:Type="Number">39.1</Data></Cell>
			<Cell><Data ss:Type="Number">0</Data></Cell>
			<Cell><Data ss:Type="Number">0</Data></Cell>
			<Cell><Data ss:Type="String">2023-12-07 16:50:20.305012</Data></Cell>
		</Row>
		<Row>
			<Cell><Data ss:Type="String">1866</Data></Cell>
			<Cell><Data ss:Type="Number">0.26</Data></Cell>
			<Cell><Data ss:Type="Number">-9.94</Data></Cell>
			<Cell><Data ss:Type="Number">0.17</Data></Cell>
			<Cell><Data ss:Type="Number">-9.44</Data></Cell>
			<Cell><Data ss:Type="Number">-0.07</Data></Cell>
			<Cell><Data ss:Type="Number">-0.9</Data></Cell>
			<Cell><Data ss:Type="Number">23</Data></Cell>
			<Cell><Data ss:Type="Number">39.1</Data></Cell>
			<Cell><Data ss:Type="Number">0</Data></Cell>
			<Cell><Data ss:Type="Number">0</Data></Cell>
			<Cell><Data ss:Type="String">2023-12-07 16:50:20.302531</Data></Cell>
		</Row>
		<Row>
			<Cell><Data ss:Type="String">1865</Data></Cell>
			<Cell><Data ss:Type="Number">0.25</Data></Cell>
			<Cell><Data ss:Type="Number">-9.99</Data></Cell>
			<Cell><Data ss:Type="Number">0.11</Data></Cell>
			<Cell><Data ss:Type="Number">-9.47</Data></Cell>
			<Cell><Data ss:Type="Number">-0.07</Data></Cell>
			<Cell><Data ss:Type="Number">-0.89</Data></Cell>
			<Cell><Data ss:Type="Number">23</Data></Cell>
			<Cell><Data ss:Type="Number">39.1</Data></Cell>
			<Cell><Data ss:Type="Number">0</Data></Cell>
			<Cell><Data ss:Type="Number">0</Data></Cell>
			<Cell><Data ss:Type="String">2023-12-07 16:50:20.257436</Data></Cell>
		</Row>
		<Row>
			<Cell><Data ss:Type="String">1864</Data></Cell>
			<Cell><Data ss:Type="Number">0.29</Data></Cell>
			<Cell><Data ss:Type="Number">-10.22</Data></Cell>
			<Cell><Data ss:Type="Number">0.22</Data></Cell>
			<Cell><Data ss:Type="Number">-9.53</Data></Cell>
			<Cell><Data ss:Type="Number">-0.08</Data></Cell>
			<Cell><Data ss:Type="Number">-0.95</Data></Cell>
			<Cell><Data ss:Type="Number">23</Data></Cell>
			<Cell><Data ss:Type="Number">39.1</Data></Cell>
			<Cell><Data ss:Type="Number">0</Data></Cell>
			<Cell><Data ss:Type="Number">0</Data></Cell>
			<Cell><Data ss:Type="String">2023-12-07 16:50:20.254744</Data></Cell>
		</Row>
		<Row>
			<Cell><Data ss:Type="String">1863</Data></Cell>
			<Cell><Data ss:Type="Number">0.3</Data></Cell>
			<Cell><Data ss:Type="Number">-10.28</Data></Cell>
			<Cell><Data ss:Type="Number">0.2</Data></Cell>
			<Cell><Data ss:Type="Number">-9.54</Data></Cell>
			<Cell><Data ss:Type="Number">-0.07</Data></Cell>
			<Cell><Data ss:Type="Number">-0.86</Data></Cell>
			<Cell><Data ss:Type="Number">23</Data></Cell>
			<Cell><Data ss:Type="Number">39.1</Data></Cell>
			<Cell><Data ss:Type="Number">0</Data></Cell>
			<Cell><Data ss:Type="Number">0</Data></Cell>
			<Cell><Data ss:Type="String">2023-12-07 16:50:20.252166</Data></Cell>
		</Row>
		<Row>
			<Cell><Data ss:Type="String">1862</Data></Cell>
			<Cell><Data ss:Type="Number">0.28</Data></Cell>
			<Cell><Data ss:Type="Number">-10.21</Data></Cell>
			<Cell><Data ss:Type="Number">0.27</Data></Cell>
			<Cell><Data ss:Type="Number">-9.48</Data></Cell>
			<Cell><Data ss:Type="Number">-0.09</Data></Cell>
			<Cell><Data ss:Type="Number">-0.92</Data></Cell>
			<Cell><Data ss:Type="Number">23</Data></Cell>
			<Cell><Data ss:Type="Number">39.1</Data></Cell>
			<Cell><Data ss:Type="Number">0</Data></Cell>
			<Cell><Data ss:Type="Number">0</Data></Cell>
			<Cell><Data ss:Type="String">2023-12-07 16:50:20.122304</Data></Cell>
		</Row>
		<Row>
			<Cell><Data ss:Type="String">1861</Data></Cell>
			<Cell><Data ss:Type="Number">0.25</Data></Cell>
			<Cell><Data ss:Type="Number">-9.89</Data></Cell>
			<Cell><Data ss:Type="Number">0.12</Data></Cell>
			<Cell><Data ss:Type="Number">-9.42</Data></Cell>
			<Cell><Data ss:Type="Number">-0.09</Data></Cell>
			<Cell><Data ss:Type="Number">-0.95</Data></Cell>
			<Cell><Data ss:Type="Number">23</Data></Cell>
			<Cell><Data ss:Type="Number">39.1</Data></Cell>
			<Cell><Data ss:Type="Number">0</Data></Cell>
			<Cell><Data ss:Type="Number">0</Data></Cell>
			<Cell><Data ss:Type="String">2023-12-07 16:50:20.119035</Data></Cell>
		</Row>
		<Row>
			<Cell><Data ss:Type="String">1860</Data></Cell>
			<Cell><Data ss:Type="Number">0.3</Data></Cell>
			<Cell><Data ss:Type="Number">-9.99</Data></Cell>
			<Cell><Data ss:Type="Number">0.14</Data></Cell>
			<Cell><Data ss:Type="Number">-9.49</Data></Cell>
			<Cell><Data ss:Type="Number">-0.06</Data></Cell>
			<Cell><Data ss:Type="Number">-0.91</Data></Cell>
			<Cell><Data ss:Type="Number">23</Data></Cell>
			<Cell><Data ss:Type="Number">39.1</Data></Cell>
			<Cell><Data ss:Type="Number">0</Data></Cell>
			<Cell><Data ss:Type="Number">0</Data></Cell>
			<Cell><Data ss:Type="String">2023-12-07 16:50:20.073259</Data></Cell>
		</Row>
		<Row>
			<Cell><Data ss:Type="String">1859</Data></Cell>
			<Cell><Data ss:Type="Number">0.21</Data></Cell>
			<Cell><Data ss:Type="Number">-10.2</Data></Cell>
			<Cell><Data ss:Type="Number">0.22</Data></Cell>
			<Cell><Data ss:Type="Number">-9.54</Data></Cell>
			<Cell><Data ss:Type="Number">-0.12</Data></Cell>
			<Cell><Data ss:Type="Number">-0.92</Data></Cell>
			<Cell><Data ss:Type="Number">23</Data></Cell>
			<Cell><Data ss:Type="Number">39.1</Data></Cell>
			<Cell><Data ss:Type="Number">0</Data></Cell>
			<Cell><Data ss:Type="Number">0</Data></Cell>
			<Cell><Data ss:Type="String">2023-12-07 16:50:20.029818</Data></Cell>
		</Row>
		<Row>
			<Cell><Data ss:Type="String">1858</Data></Cell>
			<Cell><Data ss:Type="Number">0.27</Data></Cell>
			<Cell><Data ss:Type="Number">-10.21</Data></Cell>
			<Cell><Data ss:Type="Number">0.18</Data></Cell>
			<Cell><Data ss:Type="Number">-9.51</Data></Cell>
			<Cell><Data ss:Type="Number">-0.06</Data></Cell>
			<Cell><Data ss:Type="Number">-0.85</Data></Cell>
			<Cell><Data ss:Type="Number">23</Data></Cell>
			<Cell><Data ss:Type="Number">39.1</Data></Cell>
			<Cell><Data ss:Type="Number">0</Data></Cell>
			<Cell><Data ss:Type="Number">0</Data></Cell>
			<Cell><Data ss:Type="String">2023-12-07 16:50:20.027067</Data></Cell>
		</Row>
		<Row>
			<Cell><Data ss:Type="String">1857</Data></Cell>
			<Cell><Data ss:Type="Number">0.45</Data></Cell>
			<Cell><Data ss:Type="Number">-10.13</Data></Cell>
			<Cell><Data ss:Type="Number">0.08</Data></Cell>
			<Cell><Data ss:Type="Number">-9.44</Data></Cell>
			<Cell><Data ss:Type="Number">-0.1</Data></Cell>
			<Cell><Data ss:Type="Number">-0.91</Data></Cell>
			<Cell><Data ss:Type="Number">23</Data></Cell>
			<Cell><Data ss:Type="Number">39.1</Data></Cell>
			<Cell><Data ss:Type="Number">0</Data></Cell>
			<Cell><Data ss:Type="Number">0</Data></Cell>
			<Cell><Data ss:Type="String">2023-12-07 16:50:19.981618</Data></Cell>
		</Row>
		<Row>
			<Cell><Data ss:Type="String">1856</Data></Cell>
			<Cell><Data ss:Type="Number">0.27</Data></Cell>
			<Cell><Data ss:Type="Number">-9.94</Data></Cell>
			<Cell><Data ss:Type="Number">0.16</Data></Cell>
			<Cell><Data ss:Type="Number">-9.42</Data></Cell>
			<Cell><Data ss:Type="Number">-0.05</Data></Cell>
			<Cell><Data ss:Type="Number">-0.89</Data></Cell>
			<Cell><Data ss:Type="Number">23</Data></Cell>
			<Cell><Data ss:Type="Number">39.1</Data></Cell>
			<Cell><Data ss:Type="Number">0</Data></Cell>
			<Cell><Data ss:Type="Number">0</Data></Cell>
			<Cell><Data ss:Type="String">2023-12-07 16:50:19.938965</Data></Cell>
		</Row>
		<Row>
			<Cell><Data ss:Type="String">1855</Data></Cell>
			<Cell><Data ss:Type="Number">0.43</Data></Cell>
			<Cell><Data ss:Type="Number">-10.06</Data></Cell>
			<Cell><Data ss:Type="Number">0.12</Data></Cell>
			<Cell><Data ss:Type="Number">-9.53</Data></Cell>
			<Cell><Data ss:Type="Number">-0.07</Data></Cell>
			<Cell><Data ss:Type="Number">-0.91</Data></Cell>
			<Cell><Data ss:Type="Number">23</Data></Cell>
			<Cell><Data ss:Type="Number">39.1</Data></Cell>
			<Cell><Data ss:Type="Number">0</Data></Cell>
			<Cell><Data ss:Type="Number">0</Data></Cell>
			<Cell><Data ss:Type="String">2023-12-07 16:50:19.935895</Data></Cell>
		</Row>
		<Row>
			<Cell><Data ss:Type="String">1854</Data></Cell>
			<Cell><Data ss:Type="Number">0.28</Data></Cell>
			<Cell><Data ss:Type="Number">-10.29</Data></Cell>
			<Cell><Data ss:Type="Number">0.15</Data></Cell>
			<Cell><Data ss:Type="Number">-9.57</Data></Cell>
			<Cell><Data ss:Type="Number">-0.04</Data></Cell>
			<Cell><Data ss:Type="Number">-0.93</Data></Cell>
			<Cell><Data ss:Type="Number">23</Data></Cell>
			<Cell><Data ss:Type="Number">39.1</Data></Cell>
			<Cell><Data ss:Type="Number">0</Data></Cell>
			<Cell><Data ss:Type="Number">0</Data></Cell>
			<Cell><Data ss:Type="String">2023-12-07 16:50:19.890722</Data></Cell>
		</Row>
		<Row>
			<Cell><Data ss:Type="String">1853</Data></Cell>
			<Cell><Data ss:Type="Number">0.25</Data></Cell>
			<Cell><Data ss:Type="Number">-10.08</Data></Cell>
			<Cell><Data ss:Type="Number">0.19</Data></Cell>
			<Cell><Data ss:Type="Number">-9.46</Data></Cell>
			<Cell><Data ss:Type="Number">-0.05</Data></Cell>
			<Cell><Data ss:Type="Number">-0.87</Data></Cell>
			<Cell><Data ss:Type="Number">23</Data></Cell>
			<Cell><Data ss:Type="Number">39.1</Data></Cell>
			<Cell><Data ss:Type="Number">0</Data></Cell>
			<Cell><Data ss:Type="Number">0</Data></Cell>
			<Cell><Data ss:Type="String">2023-12-07 16:50:19.888104</Data></Cell>
		</Row>
		<Row>
			<Cell><Data ss:Type="String">1852</Data></Cell>
			<Cell><Data ss:Type="Number">0.29</Data></Cell>
			<Cell><Data ss:Type="Number">-10.19</Data></Cell>
			<Cell><Data ss:Type="Number">0.18</Data></Cell>
			<Cell><Data ss:Type="Number">-9.59</Data></Cell>
			<Cell><Data ss:Type="Number">-0.1</Data></Cell>
			<Cell><Data ss:Type="Number">-0.92</Data></Cell>
			<Cell><Data ss:Type="Number">23</Data></Cell>
			<Cell><Data ss:Type="Number">39.1</Data></Cell>
			<Cell><Data ss:Type="Number">0</Data></Cell>
			<Cell><Data ss:Type="Number">0</Data></Cell>
			<Cell><Data ss:Type="String">2023-12-07 16:50:19.885685</Data></Cell>
		</Row>
		<Row>
			<Cell><Data ss:Type="String">1851</Data></Cell>
			<Cell><Data ss:Type="Number">0.32</Data></Cell>
			<Cell><Data ss:Type="Number">-10.14</Data></Cell>
			<Cell><Data ss:Type="Number">0.18</Data></Cell>
			<Cell><Data ss:Type="Number">-9.5</Data></Cell>
			<Cell><Data ss:Type="Number">-0.1</Data></Cell>
			<Cell><Data ss:Type="Number">-0.85</Data></Cell>
			<Cell><Data ss:Type="Number">23</Data></Cell>
			<Cell><Data ss:Type="Number">39.1</Data></Cell>
			<Cell><Data ss:Type="Number">0</Data></Cell>
			<Cell><Data ss:Type="Number">0</Data></Cell>
			<Cell><Data ss:Type="String">2023-12-07 16:50:19.883681</Data></Cell>
		</Row>
		<Row>
			<Cell><Data ss:Type="String">1850</Data></Cell>
			<Cell><Data ss:Type="Number">0.36</Data></Cell>
			<Cell><Data ss:Type="Number">-10.06</Data></Cell>
			<Cell><Data ss:Type="Number">0.17</Data></Cell>
			<Cell><Data ss:Type="Number">-9.45</Data></Cell>
			<Cell><Data ss:Type="Number">-0.16</Data></Cell>
			<Cell><Data ss:Type="Number">-0.94</Data></Cell>
			<Cell><Data ss:Type="Number">23</Data></Cell>
			<Cell><Data ss:Type="Number">39.1</Data></Cell>
			<Cell><Data ss:Type="Number">0</Data></Cell>
			<Cell><Data ss:Type="Number">0</Data></Cell>
			<Cell><Data ss:Type="String">2023-12-07 16:50:19.881858</Data></Cell>
		</Row>
		<Row>
			<Cell><Data ss:Type="String">1849</Data></Cell>
			<Cell><Data ss:Type="Number">0.01</Data></Cell>
			<Cell><Data ss:Type="Number">-10</Data></Cell>
			<Cell><Data ss:Type="Number">0</Data></Cell>
			<Cell><Data ss:Type="Number">-9.44</Data></Cell>
			<Cell><Data ss:Type="Number">0.1</Data></Cell>
			<Cell><Data ss:Type="Number">-0.95</Data></Cell>
			<Cell><Data ss:Type="Number">23</Data></Cell>
			<Cell><Data ss:Type="Number">39.1</Data></Cell>
			<Cell><Data ss:Type="Number">0</Data></Cell>
			<Cell><Data ss:Type="Number">0</Data></Cell>
			<Cell><Data ss:Type="String">2023-12-07 16:50:19.879626</Data></Cell>
		</Row>
		<Row>
			<Cell><Data ss:Type="String">1848</Data></Cell>
			<Cell><Data ss:Type="Number">0.12</Data></Cell>
			<Cell><Data ss:Type="Number">-10.07</Data></Cell>
			<Cell><Data ss:Type="Number">-0.12</Data></Cell>
			<Cell><Data ss:Type="Number">-9.5</Data></Cell>
			<Cell><Data ss:Type="Number">0.06</Data></Cell>
			<Cell><Data ss:Type="Number">-0.85</Data></Cell>
			<Cell><Data ss:Type="Number">23</Data></Cell>
			<Cell><Data ss:Type="Number">39.1</Data></Cell>
			<Cell><Data ss:Type="Number">0</Data></Cell>
			<Cell><Data ss:Type="Number">0</Data></Cell>
			<Cell><Data ss:Type="String">2023-12-07 16:50:19.874438</Data></Cell>
		</Row>
		<Row>
			<Cell><Data ss:Type="String">1847</Data></Cell>
			<Cell><Data ss:Type="Number">0.8</Data></Cell>
			<Cell><Data ss:Type="Number">-10.19</Data></Cell>
			<Cell><Data ss:Type="Number">0.32</Data></Cell>
			<Cell><Data ss:Type="Number">-9.56</Data></Cell>
			<Cell><Data ss:Type="Number">-0.15</Data></Cell>
			<Cell><Data ss:Type="Number">-0.97</Data></Cell>
			<Cell><Data ss:Type="Number">23</Data></Cell>
			<Cell><Data ss:Type="Number">39.1</Data></Cell>
			<Cell><Data ss:Type="Number">0</Data></Cell>
			<Cell><Data ss:Type="Number">0</Data></Cell>
			<Cell><Data ss:Type="String">2023-12-07 16:50:19.636159</Data></Cell>
		</Row>
		<Row>
			<Cell><Data ss:Type="String">1846</Data></Cell>
			<Cell><Data ss:Type="Number">1.29</Data></Cell>
			<Cell><Data ss:Type="Number">-10.21</Data></Cell>
			<Cell><Data ss:Type="Number">0.64</Data></Cell>
			<Cell><Data ss:Type="Number">-9.45</Data></Cell>
			<Cell><Data ss:Type="Number">-0.64</Data></Cell>
			<Cell><Data ss:Type="Number">-0.76</Data></Cell>
			<Cell><Data ss:Type="Number">23</Data></Cell>
			<Cell><Data ss:Type="Number">39.1</Data></Cell>
			<Cell><Data ss:Type="Number">0</Data></Cell>
			<Cell><Data ss:Type="Number">0</Data></Cell>
			<Cell><Data ss:Type="String">2023-12-07 16:50:19.633616</Data></Cell>
		</Row>
		<Row>
			<Cell><Data ss:Type="String">1845</Data></Cell>
			<Cell><Data ss:Type="Number">-0.49</Data></Cell>
			<Cell><Data ss:Type="Number">-10.13</Data></Cell>
			<Cell><Data ss:Type="Number">-0.03</Data></Cell>
			<Cell><Data ss:Type="Number">-9.45</Data></Cell>
			<Cell><Data ss:Type="Number">0.08</Data></Cell>
			<Cell><Data ss:Type="Number">-0.9</Data></Cell>
			<Cell><Data ss:Type="Number">23</Data></Cell>
			<Cell><Data ss:Type="Number">39.1</Data></Cell>
			<Cell><Data ss:Type="Number">0</Data></Cell>
			<Cell><Data ss:Type="Number">0</Data></Cell>
			<Cell><Data ss:Type="String">2023-12-07 16:50:19.631288</Data></Cell>
		</Row>
		<Row>
			<Cell><Data ss:Type="String">1844</Data></Cell>
			<Cell><Data ss:Type="Number">3.26</Data></Cell>
			<Cell><Data ss:Type="Number">-9.91</Data></Cell>
			<Cell><Data ss:Type="Number">-1.24</Data></Cell>
			<Cell><Data ss:Type="Number">-9.58</Data></Cell>
			<Cell><Data ss:Type="Number">0.99</Data></Cell>
			<Cell><Data ss:Type="Number">-1.14</Data></Cell>
			<Cell><Data ss:Type="Number">23</Data></Cell>
			<Cell><Data ss:Type="Number">39.1</Data></Cell>
			<Cell><Data ss:Type="Number">0</Data></Cell>
			<Cell><Data ss:Type="Number">0</Data></Cell>
			<Cell><Data ss:Type="String">2023-12-07 16:50:19.629145</Data></Cell>
		</Row>
		<Row>
			<Cell><Data ss:Type="String">1843</Data></Cell>
			<Cell><Data ss:Type="Number">-0.77</Data></Cell>
			<Cell><Data ss:Type="Number">-8.63</Data></Cell>
			<Cell><Data ss:Type="Number">1.52</Data></Cell>
			<Cell><Data ss:Type="Number">-8.97</Data></Cell>
			<Cell><Data ss:Type="Number">-0.54</Data></Cell>
			<Cell><Data ss:Type="Number">-0.91</Data></Cell>
			<Cell><Data ss:Type="Number">23</Data></Cell>
			<Cell><Data ss:Type="Number">39.1</Data></Cell>
			<Cell><Data ss:Type="Number">0</Data></Cell>
			<Cell><Data ss:Type="Number">0</Data></Cell>
			<Cell><Data ss:Type="String">2023-12-07 16:50:19.627129</Data></Cell>
		</Row>
		<Row>
			<Cell><Data ss:Type="String">1842</Data></Cell>
			<Cell><Data ss:Type="Number">2.34</Data></Cell>
			<Cell><Data ss:Type="Number">-5.58</Data></Cell>
			<Cell><Data ss:Type="Number">0.76</Data></Cell>
			<Cell><Data ss:Type="Number">-6.25</Data></Cell>
			<Cell><Data ss:Type="Number">-1.09</Data></Cell>
			<Cell><Data ss:Type="Number">-0.78</Data></Cell>
			<Cell><Data ss:Type="Number">23</Data></Cell>
			<Cell><Data ss:Type="Number">39.1</Data></Cell>
			<Cell><Data ss:Type="Number">0</Data></Cell>
			<Cell><Data ss:Type="Number">0</Data></Cell>
			<Cell><Data ss:Type="String">2023-12-07 16:50:19.625081</Data></Cell>
		</Row>
		<Row>
			<Cell><Data ss:Type="String">1841</Data></Cell>
			<Cell><Data ss:Type="Number">0.39</Data></Cell>
			<Cell><Data ss:Type="Number">-9.92</Data></Cell>
			<Cell><Data ss:Type="Number">-0.04</Data></Cell>
			<Cell><Data ss:Type="Number">-9.45</Data></Cell>
			<Cell><Data ss:Type="Number">-0.05</Data></Cell>
			<Cell><Data ss:Type="Number">-0.89</Data></Cell>
			<Cell><Data ss:Type="Number">23</Data></Cell>
			<Cell><Data ss:Type="Number">39.1</Data></Cell>
			<Cell><Data ss:Type="Number">0</Data></Cell>
			<Cell><Data ss:Type="Number">0</Data></Cell>
			<Cell><Data ss:Type="String">2023-12-07 16:50:19.622705</Data></Cell>
		</Row>
		<Row>
			<Cell><Data ss:Type="String">1840</Data></Cell>
			<Cell><Data ss:Type="Number">1.27</Data></Cell>
			<Cell><Data ss:Type="Number">-9.41</Data></Cell>
			<Cell><Data ss:Type="Number">0.27</Data></Cell>
			<Cell><Data ss:Type="Number">-9.38</Data></Cell>
			<Cell><Data ss:Type="Number">-0.13</Data></Cell>
			<Cell><Data ss:Type="Number">-0.9</Data></Cell>
			<Cell><Data ss:Type="Number">23</Data></Cell>
			<Cell><Data ss:Type="Number">39.1</Data></Cell>
			<Cell><Data ss:Type="Number">0</Data></Cell>
			<Cell><Data ss:Type="Number">0</Data></Cell>
			<Cell><Data ss:Type="String">2023-12-07 16:50:19.385482</Data></Cell>
		</Row>
		<Row>
			<Cell><Data ss:Type="String">1839</Data></Cell>
			<Cell><Data ss:Type="Number">0.35</Data></Cell>
			<Cell><Data ss:Type="Number">-9.97</Data></Cell>
			<Cell><Data ss:Type="Number">0.05</Data></Cell>
			<Cell><Data ss:Type="Number">-9.43</Data></Cell>
			<Cell><Data ss:Type="Number">-0.07</Data></Cell>
			<Cell><Data ss:Type="Number">-0.96</Data></Cell>
			<Cell><Data ss:Type="Number">23</Data></Cell>
			<Cell><Data ss:Type="Number">39.1</Data></Cell>
			<Cell><Data ss:Type="Number">0</Data></Cell>
			<Cell><Data ss:Type="Number">0</Data></Cell>
			<Cell><Data ss:Type="String">2023-12-07 16:50:19.381765</Data></Cell>
		</Row>
		<Row>
			<Cell><Data ss:Type="String">1838</Data></Cell>
			<Cell><Data ss:Type="Number">0.32</Data></Cell>
			<Cell><Data ss:Type="Number">-9.74</Data></Cell>
			<Cell><Data ss:Type="Number">0.78</Data></Cell>
			<Cell><Data ss:Type="Number">-9.54</Data></Cell>
			<Cell><Data ss:Type="Number">-0.08</Data></Cell>
			<Cell><Data ss:Type="Number">-0.91</Data></Cell>
			<Cell><Data ss:Type="Number">23</Data></Cell>
			<Cell><Data ss:Type="Number">39.1</Data></Cell>
			<Cell><Data ss:Type="Number">0</Data></Cell>
			<Cell><Data ss:Type="Number">0</Data></Cell>
			<Cell><Data ss:Type="String">2023-12-07 16:50:19.335975</Data></Cell>
		</Row>
		<Row>
			<Cell><Data ss:Type="String">1837</Data></Cell>
			<Cell><Data ss:Type="Number">0.48</Data></Cell>
			<Cell><Data ss:Type="Number">-10.1</Data></Cell>
			<Cell><Data ss:Type="Number">0.25</Data></Cell>
			<Cell><Data ss:Type="Number">-9.57</Data></Cell>
			<Cell><Data ss:Type="Number">-0.09</Data></Cell>
			<Cell><Data ss:Type="Number">-0.88</Data></Cell>
			<Cell><Data ss:Type="Number">23</Data></Cell>
			<Cell><Data ss:Type="Number">39.1</Data></Cell>
			<Cell><Data ss:Type="Number">0</Data></Cell>
			<Cell><Data ss:Type="Number">0</Data></Cell>
			<Cell><Data ss:Type="String">2023-12-07 16:50:19.334021</Data></Cell>
		</Row>
		<Row>
			<Cell><Data ss:Type="String">1836</Data></Cell>
			<Cell><Data ss:Type="Number">0.55</Data></Cell>
			<Cell><Data ss:Type="Number">-9.76</Data></Cell>
			<Cell><Data ss:Type="Number">0.04</Data></Cell>
			<Cell><Data ss:Type="Number">-9.38</Data></Cell>
			<Cell><Data ss:Type="Number">-0.1</Data></Cell>
			<Cell><Data ss:Type="Number">-0.92</Data></Cell>
			<Cell><Data ss:Type="Number">23</Data></Cell>
			<Cell><Data ss:Type="Number">39.1</Data></Cell>
			<Cell><Data ss:Type="Number">0</Data></Cell>
			<Cell><Data ss:Type="Number">0</Data></Cell>
			<Cell><Data ss:Type="String">2023-12-07 16:50:19.332411</Data></Cell>
		</Row>
		<Row>
			<Cell><Data ss:Type="String">1835</Data></Cell>
			<Cell><Data ss:Type="Number">0.33</Data></Cell>
			<Cell><Data ss:Type="Number">-9.79</Data></Cell>
			<Cell><Data ss:Type="Number">0.57</Data></Cell>
			<Cell><Data ss:Type="Number">-9.56</Data></Cell>
			<Cell><Data ss:Type="Number">-0.01</Data></Cell>
			<Cell><Data ss:Type="Number">-0.93</Data></Cell>
			<Cell><Data ss:Type="Number">23</Data></Cell>
			<Cell><Data ss:Type="Number">39.1</Data></Cell>
			<Cell><Data ss:Type="Number">0</Data></Cell>
			<Cell><Data ss:Type="Number">0</Data></Cell>
			<Cell><Data ss:Type="String">2023-12-07 16:50:19.330293</Data></Cell>
		</Row>
		<Row>
			<Cell><Data ss:Type="String">1834</Data></Cell>
			<Cell><Data ss:Type="Number">0.39</Data></Cell>
			<Cell><Data ss:Type="Number">-10.16</Data></Cell>
			<Cell><Data ss:Type="Number">-0.1</Data></Cell>
			<Cell><Data ss:Type="Number">-9.57</Data></Cell>
			<Cell><Data ss:Type="Number">-0.06</Data></Cell>
			<Cell><Data ss:Type="Number">-0.91</Data></Cell>
			<Cell><Data ss:Type="Number">23</Data></Cell>
			<Cell><Data ss:Type="Number">39.1</Data></Cell>
			<Cell><Data ss:Type="Number">0</Data></Cell>
			<Cell><Data ss:Type="Number">0</Data></Cell>
			<Cell><Data ss:Type="String">2023-12-07 16:50:19.182994</Data></Cell>
		</Row>
		<Row>
			<Cell><Data ss:Type="String">1833</Data></Cell>
			<Cell><Data ss:Type="Number">-0.01</Data></Cell>
			<Cell><Data ss:Type="Number">-10.01</Data></Cell>
			<Cell><Data ss:Type="Number">0.36</Data></Cell>
			<Cell><Data ss:Type="Number">-9.43</Data></Cell>
			<Cell><Data ss:Type="Number">-0.07</Data></Cell>
			<Cell><Data ss:Type="Number">-0.86</Data></Cell>
			<Cell><Data ss:Type="Number">23</Data></Cell>
			<Cell><Data ss:Type="Number">39.1</Data></Cell>
			<Cell><Data ss:Type="Number">0</Data></Cell>
			<Cell><Data ss:Type="Number">0</Data></Cell>
			<Cell><Data ss:Type="String">2023-12-07 16:50:19.181271</Data></Cell>
		</Row>
		<Row>
			<Cell><Data ss:Type="String">1832</Data></Cell>
			<Cell><Data ss:Type="Number">0.05</Data></Cell>
			<Cell><Data ss:Type="Number">-9.44</Data></Cell>
			<Cell><Data ss:Type="Number">-0.42</Data></Cell>
			<Cell><Data ss:Type="Number">-9.26</Data></Cell>
			<Cell><Data ss:Type="Number">-0.05</Data></Cell>
			<Cell><Data ss:Type="Number">-0.97</Data></Cell>
			<Cell><Data ss:Type="Number">23</Data></Cell>
			<Cell><Data ss:Type="Number">39.1</Data></Cell>
			<Cell><Data ss:Type="Number">0</Data></Cell>
			<Cell><Data ss:Type="Number">0</Data></Cell>
			<Cell><Data ss:Type="String">2023-12-07 16:50:19.138837</Data></Cell>
		</Row>
		<Row>
			<Cell><Data ss:Type="String">1831</Data></Cell>
			<Cell><Data ss:Type="Number">0.05</Data></Cell>
			<Cell><Data ss:Type="Number">-9.89</Data></Cell>
			<Cell><Data ss:Type="Number">0.25</Data></Cell>
			<Cell><Data ss:Type="Number">-9.45</Data></Cell>
			<Cell><Data ss:Type="Number">-0.05</Data></Cell>
			<Cell><Data ss:Type="Number">-0.9</Data></Cell>
			<Cell><Data ss:Type="Number">23</Data></Cell>
			<Cell><Data ss:Type="Number">39.1</Data></Cell>
			<Cell><Data ss:Type="Number">0</Data></Cell>
			<Cell><Data ss:Type="Number">0</Data></Cell>
			<Cell><Data ss:Type="String">2023-12-07 16:50:19.072893</Data></Cell>
		</Row>
		<Row>
			<Cell><Data ss:Type="String">1830</Data></Cell>
			<Cell><Data ss:Type="Number">0.41</Data></Cell>
			<Cell><Data ss:Type="Number">-9.89</Data></Cell>
			<Cell><Data ss:Type="Number">0.29</Data></Cell>
			<Cell><Data ss:Type="Number">-9.42</Data></Cell>
			<Cell><Data ss:Type="Number">-0.06</Data></Cell>
			<Cell><Data ss:Type="Number">-0.92</Data></Cell>
			<Cell><Data ss:Type="Number">23</Data></Cell>
			<Cell><Data ss:Type="Number">39.1</Data></Cell>
			<Cell><Data ss:Type="Number">0</Data></Cell>
			<Cell><Data ss:Type="Number">0</Data></Cell>
			<Cell><Data ss:Type="String">2023-12-07 16:50:19.049137</Data></Cell>
		</Row>
		<Row>
			<Cell><Data ss:Type="String">1829</Data></Cell>
			<Cell><Data ss:Type="Number">-0.03</Data></Cell>
			<Cell><Data ss:Type="Number">-9.92</Data></Cell>
			<Cell><Data ss:Type="Number">0.23</Data></Cell>
			<Cell><Data ss:Type="Number">-9.55</Data></Cell>
			<Cell><Data ss:Type="Number">-0.05</Data></Cell>
			<Cell><Data ss:Type="Number">-0.93</Data></Cell>
			<Cell><Data ss:Type="Number">23</Data></Cell>
			<Cell><Data ss:Type="Number">39.1</Data></Cell>
			<Cell><Data ss:Type="Number">0</Data></Cell>
			<Cell><Data ss:Type="Number">0</Data></Cell>
			<Cell><Data ss:Type="String">2023-12-07 16:50:19.047491</Data></Cell>
		</Row>
		<Row>
			<Cell><Data ss:Type="String">1828</Data></Cell>
			<Cell><Data ss:Type="Number">-0.06</Data></Cell>
			<Cell><Data ss:Type="Number">-10.09</Data></Cell>
			<Cell><Data ss:Type="Number">-0.34</Data></Cell>
			<Cell><Data ss:Type="Number">-9.4</Data></Cell>
			<Cell><Data ss:Type="Number">-0.02</Data></Cell>
			<Cell><Data ss:Type="Number">-0.91</Data></Cell>
			<Cell><Data ss:Type="Number">23</Data></Cell>
			<Cell><Data ss:Type="Number">39.1</Data></Cell>
			<Cell><Data ss:Type="Number">0</Data></Cell>
			<Cell><Data ss:Type="Number">0</Data></Cell>
			<Cell><Data ss:Type="String">2023-12-07 16:50:18.996590</Data></Cell>
		</Row>
		<Row>
			<Cell><Data ss:Type="String">1827</Data></Cell>
			<Cell><Data ss:Type="Number">0.43</Data></Cell>
			<Cell><Data ss:Type="Number">-10.08</Data></Cell>
			<Cell><Data ss:Type="Number">0.21</Data></Cell>
			<Cell><Data ss:Type="Number">-9.53</Data></Cell>
			<Cell><Data ss:Type="Number">-0.11</Data></Cell>
			<Cell><Data ss:Type="Number">-0.9</Data></Cell>
			<Cell><Data ss:Type="Number">23</Data></Cell>
			<Cell><Data ss:Type="Number">39.1</Data></Cell>
			<Cell><Data ss:Type="Number">0</Data></Cell>
			<Cell><Data ss:Type="Number">0</Data></Cell>
			<Cell><Data ss:Type="String">2023-12-07 16:50:18.959223</Data></Cell>
		</Row>
		<Row>
			<Cell><Data ss:Type="String">1826</Data></Cell>
			<Cell><Data ss:Type="Number">0.23</Data></Cell>
			<Cell><Data ss:Type="Number">-10.25</Data></Cell>
			<Cell><Data ss:Type="Number">-0.24</Data></Cell>
			<Cell><Data ss:Type="Number">-9.54</Data></Cell>
			<Cell><Data ss:Type="Number">-0.07</Data></Cell>
			<Cell><Data ss:Type="Number">-0.95</Data></Cell>
			<Cell><Data ss:Type="Number">23</Data></Cell>
			<Cell><Data ss:Type="Number">39.1</Data></Cell>
			<Cell><Data ss:Type="Number">0</Data></Cell>
			<Cell><Data ss:Type="Number">0</Data></Cell>
			<Cell><Data ss:Type="String">2023-12-07 16:50:18.957602</Data></Cell>
		</Row>
		<Row>
			<Cell><Data ss:Type="String">1825</Data></Cell>
			<Cell><Data ss:Type="Number">0.5</Data></Cell>
			<Cell><Data ss:Type="Number">-10.1</Data></Cell>
			<Cell><Data ss:Type="Number">0.01</Data></Cell>
			<Cell><Data ss:Type="Number">-9.52</Data></Cell>
			<Cell><Data ss:Type="Number">-0.05</Data></Cell>
			<Cell><Data ss:Type="Number">-0.85</Data></Cell>
			<Cell><Data ss:Type="Number">23</Data></Cell>
			<Cell><Data ss:Type="Number">39.1</Data></Cell>
			<Cell><Data ss:Type="Number">0</Data></Cell>
			<Cell><Data ss:Type="Number">0</Data></Cell>
			<Cell><Data ss:Type="String">2023-12-07 16:50:18.955999</Data></Cell>
		</Row>
		<Row>
			<Cell><Data ss:Type="String">1824</Data></Cell>
			<Cell><Data ss:Type="Number">0.27</Data></Cell>
			<Cell><Data ss:Type="Number">-9.88</Data></Cell>
			<Cell><Data ss:Type="Number">0.25</Data></Cell>
			<Cell><Data ss:Type="Number">-9.5</Data></Cell>
			<Cell><Data ss:Type="Number">-0.1</Data></Cell>
			<Cell><Data ss:Type="Number">-0.99</Data></Cell>
			<Cell><Data ss:Type="Number">23</Data></Cell>
			<Cell><Data ss:Type="Number">39.1</Data></Cell>
			<Cell><Data ss:Type="Number">0</Data></Cell>
			<Cell><Data ss:Type="Number">0</Data></Cell>
			<Cell><Data ss:Type="String">2023-12-07 16:50:18.953428</Data></Cell>
		</Row>
		<Row>
			<Cell><Data ss:Type="String">1823</Data></Cell>
			<Cell><Data ss:Type="Number">0.58</Data></Cell>
			<Cell><Data ss:Type="Number">-10.92</Data></Cell>
			<Cell><Data ss:Type="Number">0.7</Data></Cell>
			<Cell><Data ss:Type="Number">-9.76</Data></Cell>
			<Cell><Data ss:Type="Number">-0.11</Data></Cell>
			<Cell><Data ss:Type="Number">-0.89</Data></Cell>
			<Cell><Data ss:Type="Number">23</Data></Cell>
			<Cell><Data ss:Type="Number">39.1</Data></Cell>
			<Cell><Data ss:Type="Number">0</Data></Cell>
			<Cell><Data ss:Type="Number">0</Data></Cell>
			<Cell><Data ss:Type="String">2023-12-07 16:50:18.950600</Data></Cell>
		</Row>
		<Row>
			<Cell><Data ss:Type="String">1822</Data></Cell>
			<Cell><Data ss:Type="Number">0.37</Data></Cell>
			<Cell><Data ss:Type="Number">-9.62</Data></Cell>
			<Cell><Data ss:Type="Number">0.04</Data></Cell>
			<Cell><Data ss:Type="Number">-9.36</Data></Cell>
			<Cell><Data ss:Type="Number">-0.07</Data></Cell>
			<Cell><Data ss:Type="Number">-0.91</Data></Cell>
			<Cell><Data ss:Type="Number">23</Data></Cell>
			<Cell><Data ss:Type="Number">39.1</Data></Cell>
			<Cell><Data ss:Type="Number">0</Data></Cell>
			<Cell><Data ss:Type="Number">0</Data></Cell>
			<Cell><Data ss:Type="String">2023-12-07 16:50:18.948761</Data></Cell>
		</Row>
		<Row>
			<Cell><Data ss:Type="String">1821</Data></Cell>
			<Cell><Data ss:Type="Number">0.1</Data></Cell>
			<Cell><Data ss:Type="Number">-10.07</Data></Cell>
			<Cell><Data ss:Type="Number">0.1</Data></Cell>
			<Cell><Data ss:Type="Number">-9.32</Data></Cell>
			<Cell><Data ss:Type="Number">-0.04</Data></Cell>
			<Cell><Data ss:Type="Number">-0.97</Data></Cell>
			<Cell><Data ss:Type="Number">23</Data></Cell>
			<Cell><Data ss:Type="Number">39.1</Data></Cell>
			<Cell><Data ss:Type="Number">0</Data></Cell>
			<Cell><Data ss:Type="Number">0</Data></Cell>
			<Cell><Data ss:Type="String">2023-12-07 16:50:18.946802</Data></Cell>
		</Row>
		<Row>
			<Cell><Data ss:Type="String">1820</Data></Cell>
			<Cell><Data ss:Type="Number">0.62</Data></Cell>
			<Cell><Data ss:Type="Number">-9.89</Data></Cell>
			<Cell><Data ss:Type="Number">0.13</Data></Cell>
			<Cell><Data ss:Type="Number">-9.37</Data></Cell>
			<Cell><Data ss:Type="Number">-0.07</Data></Cell>
			<Cell><Data ss:Type="Number">-0.87</Data></Cell>
			<Cell><Data ss:Type="Number">23</Data></Cell>
			<Cell><Data ss:Type="Number">39.1</Data></Cell>
			<Cell><Data ss:Type="Number">0</Data></Cell>
			<Cell><Data ss:Type="Number">0</Data></Cell>
			<Cell><Data ss:Type="String">2023-12-07 16:50:18.724266</Data></Cell>
		</Row>
		<Row>
			<Cell><Data ss:Type="String">1819</Data></Cell>
			<Cell><Data ss:Type="Number">0.24</Data></Cell>
			<Cell><Data ss:Type="Number">-9.94</Data></Cell>
			<Cell><Data ss:Type="Number">0.05</Data></Cell>
			<Cell><Data ss:Type="Number">-9.52</Data></Cell>
			<Cell><Data ss:Type="Number">-0.06</Data></Cell>
			<Cell><Data ss:Type="Number">-0.95</Data></Cell>
			<Cell><Data ss:Type="Number">23</Data></Cell>
			<Cell><Data ss:Type="Number">39.1</Data></Cell>
			<Cell><Data ss:Type="Number">0</Data></Cell>
			<Cell><Data ss:Type="Number">0</Data></Cell>
			<Cell><Data ss:Type="String">2023-12-07 16:50:18.721562</Data></Cell>
		</Row>
		<Row>
			<Cell><Data ss:Type="String">1818</Data></Cell>
			<Cell><Data ss:Type="Number">0.25</Data></Cell>
			<Cell><Data ss:Type="Number">-9.99</Data></Cell>
			<Cell><Data ss:Type="Number">0.11</Data></Cell>
			<Cell><Data ss:Type="Number">-9.56</Data></Cell>
			<Cell><Data ss:Type="Number">-0.07</Data></Cell>
			<Cell><Data ss:Type="Number">-0.82</Data></Cell>
			<Cell><Data ss:Type="Number">23</Data></Cell>
			<Cell><Data ss:Type="Number">39.1</Data></Cell>
			<Cell><Data ss:Type="Number">0</Data></Cell>
			<Cell><Data ss:Type="Number">0</Data></Cell>
			<Cell><Data ss:Type="String">2023-12-07 16:50:18.718608</Data></Cell>
		</Row>
		<Row>
			<Cell><Data ss:Type="String">1817</Data></Cell>
			<Cell><Data ss:Type="Number">0.41</Data></Cell>
			<Cell><Data ss:Type="Number">-9.49</Data></Cell>
			<Cell><Data ss:Type="Number">-0.04</Data></Cell>
			<Cell><Data ss:Type="Number">-9.26</Data></Cell>
			<Cell><Data ss:Type="Number">-0.04</Data></Cell>
			<Cell><Data ss:Type="Number">-0.96</Data></Cell>
			<Cell><Data ss:Type="Number">23</Data></Cell>
			<Cell><Data ss:Type="Number">39.1</Data></Cell>
			<Cell><Data ss:Type="Number">0</Data></Cell>
			<Cell><Data ss:Type="Number">0</Data></Cell>
			<Cell><Data ss:Type="String">2023-12-07 16:50:18.716268</Data></Cell>
		</Row>
		<Row>
			<Cell><Data ss:Type="String">1816</Data></Cell>
			<Cell><Data ss:Type="Number">-0.01</Data></Cell>
			<Cell><Data ss:Type="Number">-9.89</Data></Cell>
			<Cell><Data ss:Type="Number">0.18</Data></Cell>
			<Cell><Data ss:Type="Number">-9.5</Data></Cell>
			<Cell><Data ss:Type="Number">0.01</Data></Cell>
			<Cell><Data ss:Type="Number">-0.88</Data></Cell>
			<Cell><Data ss:Type="Number">23</Data></Cell>
			<Cell><Data ss:Type="Number">39.1</Data></Cell>
			<Cell><Data ss:Type="Number">0</Data></Cell>
			<Cell><Data ss:Type="Number">0</Data></Cell>
			<Cell><Data ss:Type="String">2023-12-07 16:50:18.612990</Data></Cell>
		</Row>
		<Row>
			<Cell><Data ss:Type="String">1815</Data></Cell>
			<Cell><Data ss:Type="Number">0.43</Data></Cell>
			<Cell><Data ss:Type="Number">-9.95</Data></Cell>
			<Cell><Data ss:Type="Number">0.11</Data></Cell>
			<Cell><Data ss:Type="Number">-9.41</Data></Cell>
			<Cell><Data ss:Type="Number">-0.11</Data></Cell>
			<Cell><Data ss:Type="Number">-0.84</Data></Cell>
			<Cell><Data ss:Type="Number">23</Data></Cell>
			<Cell><Data ss:Type="Number">39.1</Data></Cell>
			<Cell><Data ss:Type="Number">0</Data></Cell>
			<Cell><Data ss:Type="Number">0</Data></Cell>
			<Cell><Data ss:Type="String">2023-12-07 16:50:18.611099</Data></Cell>
		</Row>
		<Row>
			<Cell><Data ss:Type="String">1814</Data></Cell>
			<Cell><Data ss:Type="Number">0.36</Data></Cell>
			<Cell><Data ss:Type="Number">-10.41</Data></Cell>
			<Cell><Data ss:Type="Number">0.08</Data></Cell>
			<Cell><Data ss:Type="Number">-9.65</Data></Cell>
			<Cell><Data ss:Type="Number">-0.16</Data></Cell>
			<Cell><Data ss:Type="Number">-0.99</Data></Cell>
			<Cell><Data ss:Type="Number">23</Data></Cell>
			<Cell><Data ss:Type="Number">39.1</Data></Cell>
			<Cell><Data ss:Type="Number">0</Data></Cell>
			<Cell><Data ss:Type="Number">0</Data></Cell>
			<Cell><Data ss:Type="String">2023-12-07 16:50:18.609341</Data></Cell>
		</Row>
		<Row>
			<Cell><Data ss:Type="String">1813</Data></Cell>
			<Cell><Data ss:Type="Number">0.66</Data></Cell>
			<Cell><Data ss:Type="Number">-9.67</Data></Cell>
			<Cell><Data ss:Type="Number">-0.14</Data></Cell>
			<Cell><Data ss:Type="Number">-9.45</Data></Cell>
			<Cell><Data ss:Type="Number">0.13</Data></Cell>
			<Cell><Data ss:Type="Number">-0.85</Data></Cell>
			<Cell><Data ss:Type="Number">23</Data></Cell>
			<Cell><Data ss:Type="Number">39.1</Data></Cell>
			<Cell><Data ss:Type="Number">0</Data></Cell>
			<Cell><Data ss:Type="Number">0</Data></Cell>
			<Cell><Data ss:Type="String">2023-12-07 16:50:18.607681</Data></Cell>
		</Row>
		<Row>
			<Cell><Data ss:Type="String">1812</Data></Cell>
			<Cell><Data ss:Type="Number">0.33</Data></Cell>
			<Cell><Data ss:Type="Number">-10.14</Data></Cell>
			<Cell><Data ss:Type="Number">-0.01</Data></Cell>
			<Cell><Data ss:Type="Number">-9.47</Data></Cell>
			<Cell><Data ss:Type="Number">-0.16</Data></Cell>
			<Cell><Data ss:Type="Number">-0.95</Data></Cell>
			<Cell><Data ss:Type="Number">23</Data></Cell>
			<Cell><Data ss:Type="Number">39.1</Data></Cell>
			<Cell><Data ss:Type="Number">0</Data></Cell>
			<Cell><Data ss:Type="Number">0</Data></Cell>
			<Cell><Data ss:Type="String">2023-12-07 16:50:18.605840</Data></Cell>
		</Row>
		<Row>
			<Cell><Data ss:Type="String">1811</Data></Cell>
			<Cell><Data ss:Type="Number">0.76</Data></Cell>
			<Cell><Data ss:Type="Number">-9.77</Data></Cell>
			<Cell><Data ss:Type="Number">0.59</Data></Cell>
			<Cell><Data ss:Type="Number">-9.29</Data></Cell>
			<Cell><Data ss:Type="Number">-0.24</Data></Cell>
			<Cell><Data ss:Type="Number">-0.84</Data></Cell>
			<Cell><Data ss:Type="Number">23</Data></Cell>
			<Cell><Data ss:Type="Number">39.1</Data></Cell>
			<Cell><Data ss:Type="Number">0</Data></Cell>
			<Cell><Data ss:Type="Number">0</Data></Cell>
			<Cell><Data ss:Type="String">2023-12-07 16:50:18.603301</Data></Cell>
		</Row>
		<Row>
			<Cell><Data ss:Type="String">1810</Data></Cell>
			<Cell><Data ss:Type="Number">-0.37</Data></Cell>
			<Cell><Data ss:Type="Number">-9.72</Data></Cell>
			<Cell><Data ss:Type="Number">-0.35</Data></Cell>
			<Cell><Data ss:Type="Number">-9.42</Data></Cell>
			<Cell><Data ss:Type="Number">0.18</Data></Cell>
			<Cell><Data ss:Type="Number">-0.94</Data></Cell>
			<Cell><Data ss:Type="Number">23</Data></Cell>
			<Cell><Data ss:Type="Number">39.1</Data></Cell>
			<Cell><Data ss:Type="Number">0</Data></Cell>
			<Cell><Data ss:Type="Number">0</Data></Cell>
			<Cell><Data ss:Type="String">2023-12-07 16:50:18.600125</Data></Cell>
		</Row>
		<Row>
			<Cell><Data ss:Type="String">1809</Data></Cell>
			<Cell><Data ss:Type="Number">-0.5</Data></Cell>
			<Cell><Data ss:Type="Number">-9.83</Data></Cell>
			<Cell><Data ss:Type="Number">-0.81</Data></Cell>
			<Cell><Data ss:Type="Number">-9.52</Data></Cell>
			<Cell><Data ss:Type="Number">0.29</Data></Cell>
			<Cell><Data ss:Type="Number">-1.04</Data></Cell>
			<Cell><Data ss:Type="Number">23</Data></Cell>
			<Cell><Data ss:Type="Number">39.1</Data></Cell>
			<Cell><Data ss:Type="Number">0</Data></Cell>
			<Cell><Data ss:Type="Number">0</Data></Cell>
			<Cell><Data ss:Type="String">2023-12-07 16:50:18.370125</Data></Cell>
		</Row>
		<Row>
			<Cell><Data ss:Type="String">1808</Data></Cell>
			<Cell><Data ss:Type="Number">-1.27</Data></Cell>
			<Cell><Data ss:Type="Number">-10.03</Data></Cell>
			<Cell><Data ss:Type="Number">1.09</Data></Cell>
			<Cell><Data ss:Type="Number">-9.4</Data></Cell>
			<Cell><Data ss:Type="Number">-0.83</Data></Cell>
			<Cell><Data ss:Type="Number">-0.77</Data></Cell>
			<Cell><Data ss:Type="Number">23</Data></Cell>
			<Cell><Data ss:Type="Number">39.1</Data></Cell>
			<Cell><Data ss:Type="Number">0</Data></Cell>
			<Cell><Data ss:Type="Number">0</Data></Cell>
			<Cell><Data ss:Type="String">2023-12-07 16:50:18.323578</Data></Cell>
		</Row>
		<Row>
			<Cell><Data ss:Type="String">1807</Data></Cell>
			<Cell><Data ss:Type="Number">-3.36</Data></Cell>
			<Cell><Data ss:Type="Number">-10.41</Data></Cell>
			<Cell><Data ss:Type="Number">0.11</Data></Cell>
			<Cell><Data ss:Type="Number">-9.69</Data></Cell>
			<Cell><Data ss:Type="Number">-0.44</Data></Cell>
			<Cell><Data ss:Type="Number">-0.83</Data></Cell>
			<Cell><Data ss:Type="Number">23</Data></Cell>
			<Cell><Data ss:Type="Number">39.1</Data></Cell>
			<Cell><Data ss:Type="Number">0</Data></Cell>
			<Cell><Data ss:Type="Number">0</Data></Cell>
			<Cell><Data ss:Type="String">2023-12-07 16:50:18.278323</Data></Cell>
		</Row>
		<Row>
			<Cell><Data ss:Type="String">1806</Data></Cell>
			<Cell><Data ss:Type="Number">-2.78</Data></Cell>
			<Cell><Data ss:Type="Number">-11.73</Data></Cell>
			<Cell><Data ss:Type="Number">-1.33</Data></Cell>
			<Cell><Data ss:Type="Number">-10.08</Data></Cell>
			<Cell><Data ss:Type="Number">1.48</Data></Cell>
			<Cell><Data ss:Type="Number">-0.94</Data></Cell>
			<Cell><Data ss:Type="Number">23</Data></Cell>
			<Cell><Data ss:Type="Number">39.1</Data></Cell>
			<Cell><Data ss:Type="Number">0</Data></Cell>
			<Cell><Data ss:Type="Number">0</Data></Cell>
			<Cell><Data ss:Type="String">2023-12-07 16:50:18.276729</Data></Cell>
		</Row>
		<Row>
			<Cell><Data ss:Type="String">1805</Data></Cell>
			<Cell><Data ss:Type="Number">0.01</Data></Cell>
			<Cell><Data ss:Type="Number">-16.01</Data></Cell>
			<Cell><Data ss:Type="Number">-0.41</Data></Cell>
			<Cell><Data ss:Type="Number">-15.96</Data></Cell>
			<Cell><Data ss:Type="Number">0.55</Data></Cell>
			<Cell><Data ss:Type="Number">-0.46</Data></Cell>
			<Cell><Data ss:Type="Number">23</Data></Cell>
			<Cell><Data ss:Type="Number">39.1</Data></Cell>
			<Cell><Data ss:Type="Number">0</Data></Cell>
			<Cell><Data ss:Type="Number">0</Data></Cell>
			<Cell><Data ss:Type="String">2023-12-07 16:50:18.231961</Data></Cell>
		</Row>
		<Row>
			<Cell><Data ss:Type="String">1804</Data></Cell>
			<Cell><Data ss:Type="Number">0.28</Data></Cell>
			<Cell><Data ss:Type="Number">-10.18</Data></Cell>
			<Cell><Data ss:Type="Number">0.21</Data></Cell>
			<Cell><Data ss:Type="Number">-9.54</Data></Cell>
			<Cell><Data ss:Type="Number">-0.07</Data></Cell>
			<Cell><Data ss:Type="Number">-0.88</Data></Cell>
			<Cell><Data ss:Type="Number">23</Data></Cell>
			<Cell><Data ss:Type="Number">39.1</Data></Cell>
			<Cell><Data ss:Type="Number">0</Data></Cell>
			<Cell><Data ss:Type="Number">0</Data></Cell>
			<Cell><Data ss:Type="String">2023-12-07 16:50:18.185565</Data></Cell>
		</Row>
		<Row>
			<Cell><Data ss:Type="String">1803</Data></Cell>
			<Cell><Data ss:Type="Number">0.45</Data></Cell>
			<Cell><Data ss:Type="Number">-10.15</Data></Cell>
			<Cell><Data ss:Type="Number">0.2</Data></Cell>
			<Cell><Data ss:Type="Number">-9.48</Data></Cell>
			<Cell><Data ss:Type="Number">-0.06</Data></Cell>
			<Cell><Data ss:Type="Number">-0.92</Data></Cell>
			<Cell><Data ss:Type="Number">23</Data></Cell>
			<Cell><Data ss:Type="Number">39.1</Data></Cell>
			<Cell><Data ss:Type="Number">0</Data></Cell>
			<Cell><Data ss:Type="Number">0</Data></Cell>
			<Cell><Data ss:Type="String">2023-12-07 16:50:18.141534</Data></Cell>
		</Row>
		<Row>
			<Cell><Data ss:Type="String">1802</Data></Cell>
			<Cell><Data ss:Type="Number">0.25</Data></Cell>
			<Cell><Data ss:Type="Number">-10.03</Data></Cell>
			<Cell><Data ss:Type="Number">0.09</Data></Cell>
			<Cell><Data ss:Type="Number">-9.45</Data></Cell>
			<Cell><Data ss:Type="Number">-0.07</Data></Cell>
			<Cell><Data ss:Type="Number">-0.95</Data></Cell>
			<Cell><Data ss:Type="Number">23</Data></Cell>
			<Cell><Data ss:Type="Number">39.1</Data></Cell>
			<Cell><Data ss:Type="Number">0</Data></Cell>
			<Cell><Data ss:Type="Number">0</Data></Cell>
			<Cell><Data ss:Type="String">2023-12-07 16:50:18.139818</Data></Cell>
		</Row>
		<Row>
			<Cell><Data ss:Type="String">1801</Data></Cell>
			<Cell><Data ss:Type="Number">0.29</Data></Cell>
			<Cell><Data ss:Type="Number">-9.92</Data></Cell>
			<Cell><Data ss:Type="Number">0.07</Data></Cell>
			<Cell><Data ss:Type="Number">-9.45</Data></Cell>
			<Cell><Data ss:Type="Number">-0.09</Data></Cell>
			<Cell><Data ss:Type="Number">-0.96</Data></Cell>
			<Cell><Data ss:Type="Number">23</Data></Cell>
			<Cell><Data ss:Type="Number">39.1</Data></Cell>
			<Cell><Data ss:Type="Number">0</Data></Cell>
			<Cell><Data ss:Type="Number">0</Data></Cell>
			<Cell><Data ss:Type="String">2023-12-07 16:50:18.094539</Data></Cell>
		</Row>
		<Row>
			<Cell><Data ss:Type="String">1800</Data></Cell>
			<Cell><Data ss:Type="Number">0.28</Data></Cell>
			<Cell><Data ss:Type="Number">-10.01</Data></Cell>
			<Cell><Data ss:Type="Number">0.1</Data></Cell>
			<Cell><Data ss:Type="Number">-9.46</Data></Cell>
			<Cell><Data ss:Type="Number">-0.07</Data></Cell>
			<Cell><Data ss:Type="Number">-0.95</Data></Cell>
			<Cell><Data ss:Type="Number">23</Data></Cell>
			<Cell><Data ss:Type="Number">39.1</Data></Cell>
			<Cell><Data ss:Type="Number">0</Data></Cell>
			<Cell><Data ss:Type="Number">0</Data></Cell>
			<Cell><Data ss:Type="String">2023-12-07 16:50:18.050776</Data></Cell>
		</Row>
		<Row>
			<Cell><Data ss:Type="String">1799</Data></Cell>
			<Cell><Data ss:Type="Number">0.25</Data></Cell>
			<Cell><Data ss:Type="Number">-10.2</Data></Cell>
			<Cell><Data ss:Type="Number">0.21</Data></Cell>
			<Cell><Data ss:Type="Number">-9.53</Data></Cell>
			<Cell><Data ss:Type="Number">-0.07</Data></Cell>
			<Cell><Data ss:Type="Number">-0.89</Data></Cell>
			<Cell><Data ss:Type="Number">23</Data></Cell>
			<Cell><Data ss:Type="Number">39.1</Data></Cell>
			<Cell><Data ss:Type="Number">0</Data></Cell>
			<Cell><Data ss:Type="Number">0</Data></Cell>
			<Cell><Data ss:Type="String">2023-12-07 16:50:18.049040</Data></Cell>
		</Row>
		<Row>
			<Cell><Data ss:Type="String">1798</Data></Cell>
			<Cell><Data ss:Type="Number">0.27</Data></Cell>
			<Cell><Data ss:Type="Number">-10.13</Data></Cell>
			<Cell><Data ss:Type="Number">0.15</Data></Cell>
			<Cell><Data ss:Type="Number">-9.45</Data></Cell>
			<Cell><Data ss:Type="Number">-0.05</Data></Cell>
			<Cell><Data ss:Type="Number">-0.88</Data></Cell>
			<Cell><Data ss:Type="Number">23</Data></Cell>
			<Cell><Data ss:Type="Number">39.1</Data></Cell>
			<Cell><Data ss:Type="Number">0</Data></Cell>
			<Cell><Data ss:Type="Number">0</Data></Cell>
			<Cell><Data ss:Type="String">2023-12-07 16:50:18.012786</Data></Cell>
		</Row>
		<Row>
			<Cell><Data ss:Type="String">1797</Data></Cell>
			<Cell><Data ss:Type="Number">0.25</Data></Cell>
			<Cell><Data ss:Type="Number">-10.1</Data></Cell>
			<Cell><Data ss:Type="Number">0.05</Data></Cell>
			<Cell><Data ss:Type="Number">-9.45</Data></Cell>
			<Cell><Data ss:Type="Number">-0.07</Data></Cell>
			<Cell><Data ss:Type="Number">-0.92</Data></Cell>
			<Cell><Data ss:Type="Number">23</Data></Cell>
			<Cell><Data ss:Type="Number">39.1</Data></Cell>
			<Cell><Data ss:Type="Number">0</Data></Cell>
			<Cell><Data ss:Type="Number">0</Data></Cell>
			<Cell><Data ss:Type="String">2023-12-07 16:50:18.011206</Data></Cell>
		</Row>
		<Row>
			<Cell><Data ss:Type="String">1796</Data></Cell>
			<Cell><Data ss:Type="Number">0.26</Data></Cell>
			<Cell><Data ss:Type="Number">-10.03</Data></Cell>
			<Cell><Data ss:Type="Number">0.05</Data></Cell>
			<Cell><Data ss:Type="Number">-9.43</Data></Cell>
			<Cell><Data ss:Type="Number">-0.07</Data></Cell>
			<Cell><Data ss:Type="Number">-0.96</Data></Cell>
			<Cell><Data ss:Type="Number">23</Data></Cell>
			<Cell><Data ss:Type="Number">39.1</Data></Cell>
			<Cell><Data ss:Type="Number">0</Data></Cell>
			<Cell><Data ss:Type="Number">0</Data></Cell>
			<Cell><Data ss:Type="String">2023-12-07 16:50:18.008963</Data></Cell>
		</Row>
		<Row>
			<Cell><Data ss:Type="String">1795</Data></Cell>
			<Cell><Data ss:Type="Number">0.25</Data></Cell>
			<Cell><Data ss:Type="Number">-10.08</Data></Cell>
			<Cell><Data ss:Type="Number">0.1</Data></Cell>
			<Cell><Data ss:Type="Number">-9.51</Data></Cell>
			<Cell><Data ss:Type="Number">-0.06</Data></Cell>
			<Cell><Data ss:Type="Number">-0.91</Data></Cell>
			<Cell><Data ss:Type="Number">23</Data></Cell>
			<Cell><Data ss:Type="Number">39.1</Data></Cell>
			<Cell><Data ss:Type="Number">0</Data></Cell>
			<Cell><Data ss:Type="Number">0</Data></Cell>
			<Cell><Data ss:Type="String">2023-12-07 16:50:18.006686</Data></Cell>
		</Row>
		<Row>
			<Cell><Data ss:Type="String">1794</Data></Cell>
			<Cell><Data ss:Type="Number">0.25</Data></Cell>
			<Cell><Data ss:Type="Number">-10.14</Data></Cell>
			<Cell><Data ss:Type="Number">0.17</Data></Cell>
			<Cell><Data ss:Type="Number">-9.51</Data></Cell>
			<Cell><Data ss:Type="Number">-0.07</Data></Cell>
			<Cell><Data ss:Type="Number">-0.89</Data></Cell>
			<Cell><Data ss:Type="Number">23</Data></Cell>
			<Cell><Data ss:Type="Number">39.1</Data></Cell>
			<Cell><Data ss:Type="Number">0</Data></Cell>
			<Cell><Data ss:Type="Number">0</Data></Cell>
			<Cell><Data ss:Type="String">2023-12-07 16:50:18.003707</Data></Cell>
		</Row>
		<Row>
			<Cell><Data ss:Type="String">1793</Data></Cell>
			<Cell><Data ss:Type="Number">0.27</Data></Cell>
			<Cell><Data ss:Type="Number">-10.17</Data></Cell>
			<Cell><Data ss:Type="Number">0.25</Data></Cell>
			<Cell><Data ss:Type="Number">-9.48</Data></Cell>
			<Cell><Data ss:Type="Number">-0.06</Data></Cell>
			<Cell><Data ss:Type="Number">-0.88</Data></Cell>
			<Cell><Data ss:Type="Number">23</Data></Cell>
			<Cell><Data ss:Type="Number">39.1</Data></Cell>
			<Cell><Data ss:Type="Number">0</Data></Cell>
			<Cell><Data ss:Type="Number">0</Data></Cell>
			<Cell><Data ss:Type="String">2023-12-07 16:50:18.001316</Data></Cell>
		</Row>
		<Row>
			<Cell><Data ss:Type="String">1792</Data></Cell>
			<Cell><Data ss:Type="Number">0.3</Data></Cell>
			<Cell><Data ss:Type="Number">-10.19</Data></Cell>
			<Cell><Data ss:Type="Number">0.17</Data></Cell>
			<Cell><Data ss:Type="Number">-9.5</Data></Cell>
			<Cell><Data ss:Type="Number">-0.08</Data></Cell>
			<Cell><Data ss:Type="Number">-0.91</Data></Cell>
			<Cell><Data ss:Type="Number">23</Data></Cell>
			<Cell><Data ss:Type="Number">39.1</Data></Cell>
			<Cell><Data ss:Type="Number">0</Data></Cell>
			<Cell><Data ss:Type="Number">0</Data></Cell>
			<Cell><Data ss:Type="String">2023-12-07 16:50:17.996365</Data></Cell>
		</Row>
		<Row>
			<Cell><Data ss:Type="String">1791</Data></Cell>
			<Cell><Data ss:Type="Number">0.26</Data></Cell>
			<Cell><Data ss:Type="Number">-10.15</Data></Cell>
			<Cell><Data ss:Type="Number">0.18</Data></Cell>
			<Cell><Data ss:Type="Number">-9.49</Data></Cell>
			<Cell><Data ss:Type="Number">-0.04</Data></Cell>
			<Cell><Data ss:Type="Number">-0.88</Data></Cell>
			<Cell><Data ss:Type="Number">23</Data></Cell>
			<Cell><Data ss:Type="Number">39.1</Data></Cell>
			<Cell><Data ss:Type="Number">0</Data></Cell>
			<Cell><Data ss:Type="Number">0</Data></Cell>
			<Cell><Data ss:Type="String">2023-12-07 16:50:17.771213</Data></Cell>
		</Row>
		<Row>
			<Cell><Data ss:Type="String">1790</Data></Cell>
			<Cell><Data ss:Type="Number">0.25</Data></Cell>
			<Cell><Data ss:Type="Number">-10.05</Data></Cell>
			<Cell><Data ss:Type="Number">0.16</Data></Cell>
			<Cell><Data ss:Type="Number">-9.45</Data></Cell>
			<Cell><Data ss:Type="Number">-0.05</Data></Cell>
			<Cell><Data ss:Type="Number">-0.93</Data></Cell>
			<Cell><Data ss:Type="Number">23</Data></Cell>
			<Cell><Data ss:Type="Number">39.1</Data></Cell>
			<Cell><Data ss:Type="Number">0</Data></Cell>
			<Cell><Data ss:Type="Number">0</Data></Cell>
			<Cell><Data ss:Type="String">2023-12-07 16:50:17.768793</Data></Cell>
		</Row>
		<Row>
			<Cell><Data ss:Type="String">1789</Data></Cell>
			<Cell><Data ss:Type="Number">0.29</Data></Cell>
			<Cell><Data ss:Type="Number">-10.01</Data></Cell>
			<Cell><Data ss:Type="Number">0.13</Data></Cell>
			<Cell><Data ss:Type="Number">-9.44</Data></Cell>
			<Cell><Data ss:Type="Number">-0.07</Data></Cell>
			<Cell><Data ss:Type="Number">-0.94</Data></Cell>
			<Cell><Data ss:Type="Number">23</Data></Cell>
			<Cell><Data ss:Type="Number">39.1</Data></Cell>
			<Cell><Data ss:Type="Number">0</Data></Cell>
			<Cell><Data ss:Type="Number">0</Data></Cell>
			<Cell><Data ss:Type="String">2023-12-07 16:50:17.766652</Data></Cell>
		</Row>
		<Row>
			<Cell><Data ss:Type="String">1788</Data></Cell>
			<Cell><Data ss:Type="Number">0.31</Data></Cell>
			<Cell><Data ss:Type="Number">-9.89</Data></Cell>
			<Cell><Data ss:Type="Number">0.06</Data></Cell>
			<Cell><Data ss:Type="Number">-9.5</Data></Cell>
			<Cell><Data ss:Type="Number">-0.09</Data></Cell>
			<Cell><Data ss:Type="Number">-0.92</Data></Cell>
			<Cell><Data ss:Type="Number">23</Data></Cell>
			<Cell><Data ss:Type="Number">39.1</Data></Cell>
			<Cell><Data ss:Type="Number">0</Data></Cell>
			<Cell><Data ss:Type="Number">0</Data></Cell>
			<Cell><Data ss:Type="String">2023-12-07 16:50:17.764977</Data></Cell>
		</Row>
		<Row>
			<Cell><Data ss:Type="String">1787</Data></Cell>
			<Cell><Data ss:Type="Number">0.31</Data></Cell>
			<Cell><Data ss:Type="Number">-10.15</Data></Cell>
			<Cell><Data ss:Type="Number">0.18</Data></Cell>
			<Cell><Data ss:Type="Number">-9.5</Data></Cell>
			<Cell><Data ss:Type="Number">-0.05</Data></Cell>
			<Cell><Data ss:Type="Number">-0.91</Data></Cell>
			<Cell><Data ss:Type="Number">23</Data></Cell>
			<Cell><Data ss:Type="Number">39.1</Data></Cell>
			<Cell><Data ss:Type="Number">0</Data></Cell>
			<Cell><Data ss:Type="Number">0</Data></Cell>
			<Cell><Data ss:Type="String">2023-12-07 16:50:17.763389</Data></Cell>
		</Row>
		<Row>
			<Cell><Data ss:Type="String">1786</Data></Cell>
			<Cell><Data ss:Type="Number">0.27</Data></Cell>
			<Cell><Data ss:Type="Number">-10.21</Data></Cell>
			<Cell><Data ss:Type="Number">0.2</Data></Cell>
			<Cell><Data ss:Type="Number">-9.54</Data></Cell>
			<Cell><Data ss:Type="Number">-0.06</Data></Cell>
			<Cell><Data ss:Type="Number">-0.89</Data></Cell>
			<Cell><Data ss:Type="Number">23</Data></Cell>
			<Cell><Data ss:Type="Number">39.1</Data></Cell>
			<Cell><Data ss:Type="Number">0</Data></Cell>
			<Cell><Data ss:Type="Number">0</Data></Cell>
			<Cell><Data ss:Type="String">2023-12-07 16:50:17.761619</Data></Cell>
		</Row>
		<Row>
			<Cell><Data ss:Type="String">1785</Data></Cell>
			<Cell><Data ss:Type="Number">0.28</Data></Cell>
			<Cell><Data ss:Type="Number">-10.09</Data></Cell>
			<Cell><Data ss:Type="Number">0.26</Data></Cell>
			<Cell><Data ss:Type="Number">-9.46</Data></Cell>
			<Cell><Data ss:Type="Number">-0.05</Data></Cell>
			<Cell><Data ss:Type="Number">-0.9</Data></Cell>
			<Cell><Data ss:Type="Number">23</Data></Cell>
			<Cell><Data ss:Type="Number">39.1</Data></Cell>
			<Cell><Data ss:Type="Number">0</Data></Cell>
			<Cell><Data ss:Type="Number">0</Data></Cell>
			<Cell><Data ss:Type="String">2023-12-07 16:50:17.759357</Data></Cell>
		</Row>
		<Row>
			<Cell><Data ss:Type="String">1784</Data></Cell>
			<Cell><Data ss:Type="Number">0.26</Data></Cell>
			<Cell><Data ss:Type="Number">-9.99</Data></Cell>
			<Cell><Data ss:Type="Number">0.14</Data></Cell>
			<Cell><Data ss:Type="Number">-9.44</Data></Cell>
			<Cell><Data ss:Type="Number">-0.06</Data></Cell>
			<Cell><Data ss:Type="Number">-0.94</Data></Cell>
			<Cell><Data ss:Type="Number">23</Data></Cell>
			<Cell><Data ss:Type="Number">39.1</Data></Cell>
			<Cell><Data ss:Type="Number">0</Data></Cell>
			<Cell><Data ss:Type="Number">0</Data></Cell>
			<Cell><Data ss:Type="String">2023-12-07 16:50:17.529964</Data></Cell>
		</Row>
		<Row>
			<Cell><Data ss:Type="String">1783</Data></Cell>
			<Cell><Data ss:Type="Number">0.29</Data></Cell>
			<Cell><Data ss:Type="Number">-9.96</Data></Cell>
			<Cell><Data ss:Type="Number">0.06</Data></Cell>
			<Cell><Data ss:Type="Number">-9.48</Data></Cell>
			<Cell><Data ss:Type="Number">-0.08</Data></Cell>
			<Cell><Data ss:Type="Number">-0.94</Data></Cell>
			<Cell><Data ss:Type="Number">23</Data></Cell>
			<Cell><Data ss:Type="Number">39.1</Data></Cell>
			<Cell><Data ss:Type="Number">0</Data></Cell>
			<Cell><Data ss:Type="Number">0</Data></Cell>
			<Cell><Data ss:Type="String">2023-12-07 16:50:17.486552</Data></Cell>
		</Row>
		<Row>
			<Cell><Data ss:Type="String">1782</Data></Cell>
			<Cell><Data ss:Type="Number">0.29</Data></Cell>
			<Cell><Data ss:Type="Number">-10.12</Data></Cell>
			<Cell><Data ss:Type="Number">0.15</Data></Cell>
			<Cell><Data ss:Type="Number">-9.5</Data></Cell>
			<Cell><Data ss:Type="Number">-0.1</Data></Cell>
			<Cell><Data ss:Type="Number">-0.93</Data></Cell>
			<Cell><Data ss:Type="Number">23</Data></Cell>
			<Cell><Data ss:Type="Number">39.1</Data></Cell>
			<Cell><Data ss:Type="Number">0</Data></Cell>
			<Cell><Data ss:Type="Number">0</Data></Cell>
			<Cell><Data ss:Type="String">2023-12-07 16:50:17.483986</Data></Cell>
		</Row>
		<Row>
			<Cell><Data ss:Type="String">1781</Data></Cell>
			<Cell><Data ss:Type="Number">0.25</Data></Cell>
			<Cell><Data ss:Type="Number">-10.2</Data></Cell>
			<Cell><Data ss:Type="Number">0.17</Data></Cell>
			<Cell><Data ss:Type="Number">-9.53</Data></Cell>
			<Cell><Data ss:Type="Number">-0.05</Data></Cell>
			<Cell><Data ss:Type="Number">-0.91</Data></Cell>
			<Cell><Data ss:Type="Number">23</Data></Cell>
			<Cell><Data ss:Type="Number">39.1</Data></Cell>
			<Cell><Data ss:Type="Number">0</Data></Cell>
			<Cell><Data ss:Type="Number">0</Data></Cell>
			<Cell><Data ss:Type="String">2023-12-07 16:50:17.482377</Data></Cell>
		</Row>
		<Row>
			<Cell><Data ss:Type="String">1780</Data></Cell>
			<Cell><Data ss:Type="Number">0.28</Data></Cell>
			<Cell><Data ss:Type="Number">-10.09</Data></Cell>
			<Cell><Data ss:Type="Number">0.16</Data></Cell>
			<Cell><Data ss:Type="Number">-9.47</Data></Cell>
			<Cell><Data ss:Type="Number">-0.07</Data></Cell>
			<Cell><Data ss:Type="Number">-0.88</Data></Cell>
			<Cell><Data ss:Type="Number">23</Data></Cell>
			<Cell><Data ss:Type="Number">39.1</Data></Cell>
			<Cell><Data ss:Type="Number">0</Data></Cell>
			<Cell><Data ss:Type="Number">0</Data></Cell>
			<Cell><Data ss:Type="String">2023-12-07 16:50:17.480718</Data></Cell>
		</Row>
		<Row>
			<Cell><Data ss:Type="String">1779</Data></Cell>
			<Cell><Data ss:Type="Number">0.28</Data></Cell>
			<Cell><Data ss:Type="Number">-10.04</Data></Cell>
			<Cell><Data ss:Type="Number">0.3</Data></Cell>
			<Cell><Data ss:Type="Number">-9.42</Data></Cell>
			<Cell><Data ss:Type="Number">-0.06</Data></Cell>
			<Cell><Data ss:Type="Number">-0.93</Data></Cell>
			<Cell><Data ss:Type="Number">23</Data></Cell>
			<Cell><Data ss:Type="Number">39.1</Data></Cell>
			<Cell><Data ss:Type="Number">0</Data></Cell>
			<Cell><Data ss:Type="Number">0</Data></Cell>
			<Cell><Data ss:Type="String">2023-12-07 16:50:17.478288</Data></Cell>
		</Row>
		<Row>
			<Cell><Data ss:Type="String">1778</Data></Cell>
			<Cell><Data ss:Type="Number">0.31</Data></Cell>
			<Cell><Data ss:Type="Number">-10.01</Data></Cell>
			<Cell><Data ss:Type="Number">0.09</Data></Cell>
			<Cell><Data ss:Type="Number">-9.45</Data></Cell>
			<Cell><Data ss:Type="Number">-0.11</Data></Cell>
			<Cell><Data ss:Type="Number">-0.99</Data></Cell>
			<Cell><Data ss:Type="Number">23</Data></Cell>
			<Cell><Data ss:Type="Number">39.1</Data></Cell>
			<Cell><Data ss:Type="Number">0</Data></Cell>
			<Cell><Data ss:Type="Number">0</Data></Cell>
			<Cell><Data ss:Type="String">2023-12-07 16:50:17.476380</Data></Cell>
		</Row>
		<Row>
			<Cell><Data ss:Type="String">1777</Data></Cell>
			<Cell><Data ss:Type="Number">0.42</Data></Cell>
			<Cell><Data ss:Type="Number">-10.05</Data></Cell>
			<Cell><Data ss:Type="Number">0.11</Data></Cell>
			<Cell><Data ss:Type="Number">-9.5</Data></Cell>
			<Cell><Data ss:Type="Number">-0.02</Data></Cell>
			<Cell><Data ss:Type="Number">-0.88</Data></Cell>
			<Cell><Data ss:Type="Number">23</Data></Cell>
			<Cell><Data ss:Type="Number">39.1</Data></Cell>
			<Cell><Data ss:Type="Number">0</Data></Cell>
			<Cell><Data ss:Type="Number">0</Data></Cell>
			<Cell><Data ss:Type="String">2023-12-07 16:50:17.474653</Data></Cell>
		</Row>
		<Row>
			<Cell><Data ss:Type="String">1776</Data></Cell>
			<Cell><Data ss:Type="Number">0.37</Data></Cell>
			<Cell><Data ss:Type="Number">-10.23</Data></Cell>
			<Cell><Data ss:Type="Number">0.11</Data></Cell>
			<Cell><Data ss:Type="Number">-9.53</Data></Cell>
			<Cell><Data ss:Type="Number">-0.11</Data></Cell>
			<Cell><Data ss:Type="Number">-0.94</Data></Cell>
			<Cell><Data ss:Type="Number">23</Data></Cell>
			<Cell><Data ss:Type="Number">39.1</Data></Cell>
			<Cell><Data ss:Type="Number">0</Data></Cell>
			<Cell><Data ss:Type="Number">0</Data></Cell>
			<Cell><Data ss:Type="String">2023-12-07 16:50:17.240050</Data></Cell>
		</Row>
		<Row>
			<Cell><Data ss:Type="String">1775</Data></Cell>
			<Cell><Data ss:Type="Number">0.28</Data></Cell>
			<Cell><Data ss:Type="Number">-9.99</Data></Cell>
			<Cell><Data ss:Type="Number">0.25</Data></Cell>
			<Cell><Data ss:Type="Number">-9.43</Data></Cell>
			<Cell><Data ss:Type="Number">-0.09</Data></Cell>
			<Cell><Data ss:Type="Number">-0.86</Data></Cell>
			<Cell><Data ss:Type="Number">23</Data></Cell>
			<Cell><Data ss:Type="Number">39.1</Data></Cell>
			<Cell><Data ss:Type="Number">0</Data></Cell>
			<Cell><Data ss:Type="Number">0</Data></Cell>
			<Cell><Data ss:Type="String">2023-12-07 16:50:17.234595</Data></Cell>
		</Row>
		<Row>
			<Cell><Data ss:Type="String">1774</Data></Cell>
			<Cell><Data ss:Type="Number">0.29</Data></Cell>
			<Cell><Data ss:Type="Number">-10.11</Data></Cell>
			<Cell><Data ss:Type="Number">0.25</Data></Cell>
			<Cell><Data ss:Type="Number">-9.44</Data></Cell>
			<Cell><Data ss:Type="Number">-0.03</Data></Cell>
			<Cell><Data ss:Type="Number">-0.94</Data></Cell>
			<Cell><Data ss:Type="Number">23</Data></Cell>
			<Cell><Data ss:Type="Number">39.1</Data></Cell>
			<Cell><Data ss:Type="Number">0</Data></Cell>
			<Cell><Data ss:Type="Number">0</Data></Cell>
			<Cell><Data ss:Type="String">2023-12-07 16:50:17.188468</Data></Cell>
		</Row>
		<Row>
			<Cell><Data ss:Type="String">1773</Data></Cell>
			<Cell><Data ss:Type="Number">0.09</Data></Cell>
			<Cell><Data ss:Type="Number">-10.08</Data></Cell>
			<Cell><Data ss:Type="Number">-0.03</Data></Cell>
			<Cell><Data ss:Type="Number">-9.49</Data></Cell>
			<Cell><Data ss:Type="Number">0.06</Data></Cell>
			<Cell><Data ss:Type="Number">-0.97</Data></Cell>
			<Cell><Data ss:Type="Number">23</Data></Cell>
			<Cell><Data ss:Type="Number">39.1</Data></Cell>
			<Cell><Data ss:Type="Number">0</Data></Cell>
			<Cell><Data ss:Type="Number">0</Data></Cell>
			<Cell><Data ss:Type="String">2023-12-07 16:50:17.144198</Data></Cell>
		</Row>
		<Row>
			<Cell><Data ss:Type="String">1772</Data></Cell>
			<Cell><Data ss:Type="Number">0.78</Data></Cell>
			<Cell><Data ss:Type="Number">-10.07</Data></Cell>
			<Cell><Data ss:Type="Number">0.35</Data></Cell>
			<Cell><Data ss:Type="Number">-9.47</Data></Cell>
			<Cell><Data ss:Type="Number">-0.26</Data></Cell>
			<Cell><Data ss:Type="Number">-0.84</Data></Cell>
			<Cell><Data ss:Type="Number">23</Data></Cell>
			<Cell><Data ss:Type="Number">39.1</Data></Cell>
			<Cell><Data ss:Type="Number">0</Data></Cell>
			<Cell><Data ss:Type="Number">0</Data></Cell>
			<Cell><Data ss:Type="String">2023-12-07 16:50:17.142669</Data></Cell>
		</Row>
		<Row>
			<Cell><Data ss:Type="String">1771</Data></Cell>
			<Cell><Data ss:Type="Number">0.56</Data></Cell>
			<Cell><Data ss:Type="Number">-10.11</Data></Cell>
			<Cell><Data ss:Type="Number">0.34</Data></Cell>
			<Cell><Data ss:Type="Number">-9.53</Data></Cell>
			<Cell><Data ss:Type="Number">-0.22</Data></Cell>
			<Cell><Data ss:Type="Number">-0.89</Data></Cell>
			<Cell><Data ss:Type="Number">23</Data></Cell>
			<Cell><Data ss:Type="Number">39.1</Data></Cell>
			<Cell><Data ss:Type="Number">0</Data></Cell>
			<Cell><Data ss:Type="Number">0</Data></Cell>
			<Cell><Data ss:Type="String">2023-12-07 16:50:17.095050</Data></Cell>
		</Row>
		<Row>
			<Cell><Data ss:Type="String">1770</Data></Cell>
			<Cell><Data ss:Type="Number">0.79</Data></Cell>
			<Cell><Data ss:Type="Number">-10.04</Data></Cell>
			<Cell><Data ss:Type="Number">-0.3</Data></Cell>
			<Cell><Data ss:Type="Number">-9.46</Data></Cell>
			<Cell><Data ss:Type="Number">0.31</Data></Cell>
			<Cell><Data ss:Type="Number">-0.95</Data></Cell>
			<Cell><Data ss:Type="Number">23</Data></Cell>
			<Cell><Data ss:Type="Number">39.1</Data></Cell>
			<Cell><Data ss:Type="Number">0</Data></Cell>
			<Cell><Data ss:Type="Number">0</Data></Cell>
			<Cell><Data ss:Type="String">2023-12-07 16:50:17.040052</Data></Cell>
		</Row>
		<Row>
			<Cell><Data ss:Type="String">1769</Data></Cell>
			<Cell><Data ss:Type="Number">-0.14</Data></Cell>
			<Cell><Data ss:Type="Number">-10.08</Data></Cell>
			<Cell><Data ss:Type="Number">-0.21</Data></Cell>
			<Cell><Data ss:Type="Number">-9.43</Data></Cell>
			<Cell><Data ss:Type="Number">0.4</Data></Cell>
			<Cell><Data ss:Type="Number">-0.99</Data></Cell>
			<Cell><Data ss:Type="Number">23</Data></Cell>
			<Cell><Data ss:Type="Number">39.1</Data></Cell>
			<Cell><Data ss:Type="Number">0</Data></Cell>
			<Cell><Data ss:Type="Number">0</Data></Cell>
			<Cell><Data ss:Type="String">2023-12-07 16:50:17.034919</Data></Cell>
		</Row>
		<Row>
			<Cell><Data ss:Type="String">1768</Data></Cell>
			<Cell><Data ss:Type="Number">2.29</Data></Cell>
			<Cell><Data ss:Type="Number">-9.94</Data></Cell>
			<Cell><Data ss:Type="Number">0.97</Data></Cell>
			<Cell><Data ss:Type="Number">-9.53</Data></Cell>
			<Cell><Data ss:Type="Number">-1.19</Data></Cell>
			<Cell><Data ss:Type="Number">-0.99</Data></Cell>
			<Cell><Data ss:Type="Number">23</Data></Cell>
			<Cell><Data ss:Type="Number">39.1</Data></Cell>
			<Cell><Data ss:Type="Number">0</Data></Cell>
			<Cell><Data ss:Type="Number">0</Data></Cell>
			<Cell><Data ss:Type="String">2023-12-07 16:50:16.989142</Data></Cell>
		</Row>
		<Row>
			<Cell><Data ss:Type="String">1767</Data></Cell>
			<Cell><Data ss:Type="Number">-1.62</Data></Cell>
			<Cell><Data ss:Type="Number">-10.23</Data></Cell>
			<Cell><Data ss:Type="Number">-0.72</Data></Cell>
			<Cell><Data ss:Type="Number">-9.56</Data></Cell>
			<Cell><Data ss:Type="Number">0.39</Data></Cell>
			<Cell><Data ss:Type="Number">-0.64</Data></Cell>
			<Cell><Data ss:Type="Number">23</Data></Cell>
			<Cell><Data ss:Type="Number">39.1</Data></Cell>
			<Cell><Data ss:Type="Number">0</Data></Cell>
			<Cell><Data ss:Type="Number">0</Data></Cell>
			<Cell><Data ss:Type="String">2023-12-07 16:50:16.943775</Data></Cell>
		</Row>
		<Row>
			<Cell><Data ss:Type="String">1766</Data></Cell>
			<Cell><Data ss:Type="Number">-0.16</Data></Cell>
			<Cell><Data ss:Type="Number">-7.27</Data></Cell>
			<Cell><Data ss:Type="Number">-0.16</Data></Cell>
			<Cell><Data ss:Type="Number">-9.23</Data></Cell>
			<Cell><Data ss:Type="Number">2.11</Data></Cell>
			<Cell><Data ss:Type="Number">-0.61</Data></Cell>
			<Cell><Data ss:Type="Number">23</Data></Cell>
			<Cell><Data ss:Type="Number">39.1</Data></Cell>
			<Cell><Data ss:Type="Number">0</Data></Cell>
			<Cell><Data ss:Type="Number">0</Data></Cell>
			<Cell><Data ss:Type="String">2023-12-07 16:50:16.941972</Data></Cell>
		</Row>
		<Row>
			<Cell><Data ss:Type="String">1765</Data></Cell>
			<Cell><Data ss:Type="Number">0.55</Data></Cell>
			<Cell><Data ss:Type="Number">-9.66</Data></Cell>
			<Cell><Data ss:Type="Number">0.19</Data></Cell>
			<Cell><Data ss:Type="Number">-9.42</Data></Cell>
			<Cell><Data ss:Type="Number">-0.09</Data></Cell>
			<Cell><Data ss:Type="Number">-0.94</Data></Cell>
			<Cell><Data ss:Type="Number">23</Data></Cell>
			<Cell><Data ss:Type="Number">39.1</Data></Cell>
			<Cell><Data ss:Type="Number">0</Data></Cell>
			<Cell><Data ss:Type="Number">0</Data></Cell>
			<Cell><Data ss:Type="String">2023-12-07 16:50:16.897988</Data></Cell>
		</Row>
		<Row>
			<Cell><Data ss:Type="String">1764</Data></Cell>
			<Cell><Data ss:Type="Number">0.7</Data></Cell>
			<Cell><Data ss:Type="Number">-10.12</Data></Cell>
			<Cell><Data ss:Type="Number">0.09</Data></Cell>
			<Cell><Data ss:Type="Number">-9.55</Data></Cell>
			<Cell><Data ss:Type="Number">-0.22</Data></Cell>
			<Cell><Data ss:Type="Number">-0.94</Data></Cell>
			<Cell><Data ss:Type="Number">23</Data></Cell>
			<Cell><Data ss:Type="Number">39.1</Data></Cell>
			<Cell><Data ss:Type="Number">0</Data></Cell>
			<Cell><Data ss:Type="Number">0</Data></Cell>
			<Cell><Data ss:Type="String">2023-12-07 16:50:16.849866</Data></Cell>
		</Row>
		<Row>
			<Cell><Data ss:Type="String">1763</Data></Cell>
			<Cell><Data ss:Type="Number">0.5</Data></Cell>
			<Cell><Data ss:Type="Number">-9.76</Data></Cell>
			<Cell><Data ss:Type="Number">0.6</Data></Cell>
			<Cell><Data ss:Type="Number">-9.6</Data></Cell>
			<Cell><Data ss:Type="Number">-0.06</Data></Cell>
			<Cell><Data ss:Type="Number">-0.83</Data></Cell>
			<Cell><Data ss:Type="Number">23</Data></Cell>
			<Cell><Data ss:Type="Number">39.1</Data></Cell>
			<Cell><Data ss:Type="Number">0</Data></Cell>
			<Cell><Data ss:Type="Number">0</Data></Cell>
			<Cell><Data ss:Type="String">2023-12-07 16:50:16.807703</Data></Cell>
		</Row>
		<Row>
			<Cell><Data ss:Type="String">1762</Data></Cell>
			<Cell><Data ss:Type="Number">0.38</Data></Cell>
			<Cell><Data ss:Type="Number">-9.86</Data></Cell>
			<Cell><Data ss:Type="Number">0.05</Data></Cell>
			<Cell><Data ss:Type="Number">-9.45</Data></Cell>
			<Cell><Data ss:Type="Number">-0.08</Data></Cell>
			<Cell><Data ss:Type="Number">-0.92</Data></Cell>
			<Cell><Data ss:Type="Number">23</Data></Cell>
			<Cell><Data ss:Type="Number">39.1</Data></Cell>
			<Cell><Data ss:Type="Number">0</Data></Cell>
			<Cell><Data ss:Type="Number">0</Data></Cell>
			<Cell><Data ss:Type="String">2023-12-07 16:50:16.805968</Data></Cell>
		</Row>
		<Row>
			<Cell><Data ss:Type="String">1761</Data></Cell>
			<Cell><Data ss:Type="Number">0.35</Data></Cell>
			<Cell><Data ss:Type="Number">-9.91</Data></Cell>
			<Cell><Data ss:Type="Number">0</Data></Cell>
			<Cell><Data ss:Type="Number">-9.33</Data></Cell>
			<Cell><Data ss:Type="Number">-0.06</Data></Cell>
			<Cell><Data ss:Type="Number">-0.91</Data></Cell>
			<Cell><Data ss:Type="Number">23</Data></Cell>
			<Cell><Data ss:Type="Number">39.1</Data></Cell>
			<Cell><Data ss:Type="Number">0</Data></Cell>
			<Cell><Data ss:Type="Number">0</Data></Cell>
			<Cell><Data ss:Type="String">2023-12-07 16:50:16.755785</Data></Cell>
		</Row>
		<Row>
			<Cell><Data ss:Type="String">1760</Data></Cell>
			<Cell><Data ss:Type="Number">0.54</Data></Cell>
			<Cell><Data ss:Type="Number">-9.52</Data></Cell>
			<Cell><Data ss:Type="Number">0.02</Data></Cell>
			<Cell><Data ss:Type="Number">-9.48</Data></Cell>
			<Cell><Data ss:Type="Number">-0.02</Data></Cell>
			<Cell><Data ss:Type="Number">-0.86</Data></Cell>
			<Cell><Data ss:Type="Number">23</Data></Cell>
			<Cell><Data ss:Type="Number">39.1</Data></Cell>
			<Cell><Data ss:Type="Number">0</Data></Cell>
			<Cell><Data ss:Type="Number">0</Data></Cell>
			<Cell><Data ss:Type="String">2023-12-07 16:50:16.753228</Data></Cell>
		</Row>
		<Row>
			<Cell><Data ss:Type="String">1759</Data></Cell>
			<Cell><Data ss:Type="Number">0.16</Data></Cell>
			<Cell><Data ss:Type="Number">-10.36</Data></Cell>
			<Cell><Data ss:Type="Number">-0.01</Data></Cell>
			<Cell><Data ss:Type="Number">-9.62</Data></Cell>
			<Cell><Data ss:Type="Number">-0.14</Data></Cell>
			<Cell><Data ss:Type="Number">-0.96</Data></Cell>
			<Cell><Data ss:Type="Number">23</Data></Cell>
			<Cell><Data ss:Type="Number">39.1</Data></Cell>
			<Cell><Data ss:Type="Number">0</Data></Cell>
			<Cell><Data ss:Type="Number">0</Data></Cell>
			<Cell><Data ss:Type="String">2023-12-07 16:50:16.750669</Data></Cell>
		</Row>
		<Row>
			<Cell><Data ss:Type="String">1758</Data></Cell>
			<Cell><Data ss:Type="Number">0.26</Data></Cell>
			<Cell><Data ss:Type="Number">-9.43</Data></Cell>
			<Cell><Data ss:Type="Number">0.1</Data></Cell>
			<Cell><Data ss:Type="Number">-9.27</Data></Cell>
			<Cell><Data ss:Type="Number">-0.02</Data></Cell>
			<Cell><Data ss:Type="Number">-0.87</Data></Cell>
			<Cell><Data ss:Type="Number">23</Data></Cell>
			<Cell><Data ss:Type="Number">39.1</Data></Cell>
			<Cell><Data ss:Type="Number">0</Data></Cell>
			<Cell><Data ss:Type="Number">0</Data></Cell>
			<Cell><Data ss:Type="String">2023-12-07 16:50:16.748953</Data></Cell>
		</Row>
		<Row>
			<Cell><Data ss:Type="String">1757</Data></Cell>
			<Cell><Data ss:Type="Number">0.93</Data></Cell>
			<Cell><Data ss:Type="Number">-10.48</Data></Cell>
			<Cell><Data ss:Type="Number">0.07</Data></Cell>
			<Cell><Data ss:Type="Number">-9.45</Data></Cell>
			<Cell><Data ss:Type="Number">-0.13</Data></Cell>
			<Cell><Data ss:Type="Number">-0.9</Data></Cell>
			<Cell><Data ss:Type="Number">23</Data></Cell>
			<Cell><Data ss:Type="Number">39.1</Data></Cell>
			<Cell><Data ss:Type="Number">0</Data></Cell>
			<Cell><Data ss:Type="Number">0</Data></Cell>
			<Cell><Data ss:Type="String">2023-12-07 16:50:16.747246</Data></Cell>
		</Row>
		<Row>
			<Cell><Data ss:Type="String">1756</Data></Cell>
			<Cell><Data ss:Type="Number">0.41</Data></Cell>
			<Cell><Data ss:Type="Number">-9.89</Data></Cell>
			<Cell><Data ss:Type="Number">0.07</Data></Cell>
			<Cell><Data ss:Type="Number">-9.45</Data></Cell>
			<Cell><Data ss:Type="Number">-0.07</Data></Cell>
			<Cell><Data ss:Type="Number">-0.89</Data></Cell>
			<Cell><Data ss:Type="Number">23</Data></Cell>
			<Cell><Data ss:Type="Number">39.1</Data></Cell>
			<Cell><Data ss:Type="Number">0</Data></Cell>
			<Cell><Data ss:Type="Number">0</Data></Cell>
			<Cell><Data ss:Type="String">2023-12-07 16:50:16.745637</Data></Cell>
		</Row>
		<Row>
			<Cell><Data ss:Type="String">1755</Data></Cell>
			<Cell><Data ss:Type="Number">0.47</Data></Cell>
			<Cell><Data ss:Type="Number">-10.44</Data></Cell>
			<Cell><Data ss:Type="Number">-0.12</Data></Cell>
			<Cell><Data ss:Type="Number">-9.53</Data></Cell>
			<Cell><Data ss:Type="Number">-0.08</Data></Cell>
			<Cell><Data ss:Type="Number">-0.89</Data></Cell>
			<Cell><Data ss:Type="Number">23</Data></Cell>
			<Cell><Data ss:Type="Number">39.1</Data></Cell>
			<Cell><Data ss:Type="Number">0</Data></Cell>
			<Cell><Data ss:Type="Number">0</Data></Cell>
			<Cell><Data ss:Type="String">2023-12-07 16:50:16.740737</Data></Cell>
		</Row>
		<Row>
			<Cell><Data ss:Type="String">1754</Data></Cell>
			<Cell><Data ss:Type="Number">0.16</Data></Cell>
			<Cell><Data ss:Type="Number">-9.9</Data></Cell>
			<Cell><Data ss:Type="Number">-0.17</Data></Cell>
			<Cell><Data ss:Type="Number">-9.5</Data></Cell>
			<Cell><Data ss:Type="Number">-0.06</Data></Cell>
			<Cell><Data ss:Type="Number">-0.92</Data></Cell>
			<Cell><Data ss:Type="Number">23</Data></Cell>
			<Cell><Data ss:Type="Number">39.1</Data></Cell>
			<Cell><Data ss:Type="Number">0</Data></Cell>
			<Cell><Data ss:Type="Number">0</Data></Cell>
			<Cell><Data ss:Type="String">2023-12-07 16:50:16.500646</Data></Cell>
		</Row>
		<Row>
			<Cell><Data ss:Type="String">1753</Data></Cell>
			<Cell><Data ss:Type="Number">0.5</Data></Cell>
			<Cell><Data ss:Type="Number">-9.5</Data></Cell>
			<Cell><Data ss:Type="Number">0.18</Data></Cell>
			<Cell><Data ss:Type="Number">-9.44</Data></Cell>
			<Cell><Data ss:Type="Number">-0.13</Data></Cell>
			<Cell><Data ss:Type="Number">-0.88</Data></Cell>
			<Cell><Data ss:Type="Number">23</Data></Cell>
			<Cell><Data ss:Type="Number">39.1</Data></Cell>
			<Cell><Data ss:Type="Number">0</Data></Cell>
			<Cell><Data ss:Type="Number">0</Data></Cell>
			<Cell><Data ss:Type="String">2023-12-07 16:50:16.498981</Data></Cell>
		</Row>
		<Row>
			<Cell><Data ss:Type="String">1752</Data></Cell>
			<Cell><Data ss:Type="Number">0.5</Data></Cell>
			<Cell><Data ss:Type="Number">-9.68</Data></Cell>
			<Cell><Data ss:Type="Number">-0.05</Data></Cell>
			<Cell><Data ss:Type="Number">-9.42</Data></Cell>
			<Cell><Data ss:Type="Number">-0.08</Data></Cell>
			<Cell><Data ss:Type="Number">-0.95</Data></Cell>
			<Cell><Data ss:Type="Number">23</Data></Cell>
			<Cell><Data ss:Type="Number">39.1</Data></Cell>
			<Cell><Data ss:Type="Number">0</Data></Cell>
			<Cell><Data ss:Type="Number">0</Data></Cell>
			<Cell><Data ss:Type="String">2023-12-07 16:50:16.456635</Data></Cell>
		</Row>
		<Row>
			<Cell><Data ss:Type="String">1751</Data></Cell>
			<Cell><Data ss:Type="Number">0.7</Data></Cell>
			<Cell><Data ss:Type="Number">-10.24</Data></Cell>
			<Cell><Data ss:Type="Number">0.19</Data></Cell>
			<Cell><Data ss:Type="Number">-9.61</Data></Cell>
			<Cell><Data ss:Type="Number">-0.17</Data></Cell>
			<Cell><Data ss:Type="Number">-0.89</Data></Cell>
			<Cell><Data ss:Type="Number">23</Data></Cell>
			<Cell><Data ss:Type="Number">39.1</Data></Cell>
			<Cell><Data ss:Type="Number">0</Data></Cell>
			<Cell><Data ss:Type="Number">0</Data></Cell>
			<Cell><Data ss:Type="String">2023-12-07 16:50:16.395819</Data></Cell>
		</Row>
		<Row>
			<Cell><Data ss:Type="String">1750</Data></Cell>
			<Cell><Data ss:Type="Number">0.44</Data></Cell>
			<Cell><Data ss:Type="Number">-9.5</Data></Cell>
			<Cell><Data ss:Type="Number">0.35</Data></Cell>
			<Cell><Data ss:Type="Number">-9.44</Data></Cell>
			<Cell><Data ss:Type="Number">-0.11</Data></Cell>
			<Cell><Data ss:Type="Number">-0.95</Data></Cell>
			<Cell><Data ss:Type="Number">23</Data></Cell>
			<Cell><Data ss:Type="Number">39.1</Data></Cell>
			<Cell><Data ss:Type="Number">0</Data></Cell>
			<Cell><Data ss:Type="Number">0</Data></Cell>
			<Cell><Data ss:Type="String">2023-12-07 16:50:16.394249</Data></Cell>
		</Row>
		<Row>
			<Cell><Data ss:Type="String">1749</Data></Cell>
			<Cell><Data ss:Type="Number">0.48</Data></Cell>
			<Cell><Data ss:Type="Number">-10.45</Data></Cell>
			<Cell><Data ss:Type="Number">0.25</Data></Cell>
			<Cell><Data ss:Type="Number">-9.52</Data></Cell>
			<Cell><Data ss:Type="Number">-0.06</Data></Cell>
			<Cell><Data ss:Type="Number">-0.86</Data></Cell>
			<Cell><Data ss:Type="Number">23</Data></Cell>
			<Cell><Data ss:Type="Number">39.1</Data></Cell>
			<Cell><Data ss:Type="Number">0</Data></Cell>
			<Cell><Data ss:Type="Number">0</Data></Cell>
			<Cell><Data ss:Type="String">2023-12-07 16:50:16.392363</Data></Cell>
		</Row>
		<Row>
			<Cell><Data ss:Type="String">1748</Data></Cell>
			<Cell><Data ss:Type="Number">0.17</Data></Cell>
			<Cell><Data ss:Type="Number">-9.36</Data></Cell>
			<Cell><Data ss:Type="Number">0.08</Data></Cell>
			<Cell><Data ss:Type="Number">-9.49</Data></Cell>
			<Cell><Data ss:Type="Number">-0.05</Data></Cell>
			<Cell><Data ss:Type="Number">-0.93</Data></Cell>
			<Cell><Data ss:Type="Number">23</Data></Cell>
			<Cell><Data ss:Type="Number">39.1</Data></Cell>
			<Cell><Data ss:Type="Number">0</Data></Cell>
			<Cell><Data ss:Type="Number">0</Data></Cell>
			<Cell><Data ss:Type="String">2023-12-07 16:50:16.390158</Data></Cell>
		</Row>
		<Row>
			<Cell><Data ss:Type="String">1747</Data></Cell>
			<Cell><Data ss:Type="Number">0.2</Data></Cell>
			<Cell><Data ss:Type="Number">-9.8</Data></Cell>
			<Cell><Data ss:Type="Number">-0.01</Data></Cell>
			<Cell><Data ss:Type="Number">-9.39</Data></Cell>
			<Cell><Data ss:Type="Number">-0.05</Data></Cell>
			<Cell><Data ss:Type="Number">-0.94</Data></Cell>
			<Cell><Data ss:Type="Number">23</Data></Cell>
			<Cell><Data ss:Type="Number">39.1</Data></Cell>
			<Cell><Data ss:Type="Number">0</Data></Cell>
			<Cell><Data ss:Type="Number">0</Data></Cell>
			<Cell><Data ss:Type="String">2023-12-07 16:50:16.267120</Data></Cell>
		</Row>
		<Row>
			<Cell><Data ss:Type="String">1746</Data></Cell>
			<Cell><Data ss:Type="Number">-0.15</Data></Cell>
			<Cell><Data ss:Type="Number">-9.93</Data></Cell>
			<Cell><Data ss:Type="Number">-0.07</Data></Cell>
			<Cell><Data ss:Type="Number">-9.56</Data></Cell>
			<Cell><Data ss:Type="Number">-0.11</Data></Cell>
			<Cell><Data ss:Type="Number">-0.89</Data></Cell>
			<Cell><Data ss:Type="Number">23</Data></Cell>
			<Cell><Data ss:Type="Number">39.1</Data></Cell>
			<Cell><Data ss:Type="Number">0</Data></Cell>
			<Cell><Data ss:Type="Number">0</Data></Cell>
			<Cell><Data ss:Type="String">2023-12-07 16:50:16.265268</Data></Cell>
		</Row>
		<Row>
			<Cell><Data ss:Type="String">1745</Data></Cell>
			<Cell><Data ss:Type="Number">0.66</Data></Cell>
			<Cell><Data ss:Type="Number">-10.11</Data></Cell>
			<Cell><Data ss:Type="Number">0.33</Data></Cell>
			<Cell><Data ss:Type="Number">-9.46</Data></Cell>
			<Cell><Data ss:Type="Number">-0.03</Data></Cell>
			<Cell><Data ss:Type="Number">-0.94</Data></Cell>
			<Cell><Data ss:Type="Number">23</Data></Cell>
			<Cell><Data ss:Type="Number">39.1</Data></Cell>
			<Cell><Data ss:Type="Number">0</Data></Cell>
			<Cell><Data ss:Type="Number">0</Data></Cell>
			<Cell><Data ss:Type="String">2023-12-07 16:50:16.263374</Data></Cell>
		</Row>
		<Row>
			<Cell><Data ss:Type="String">1744</Data></Cell>
			<Cell><Data ss:Type="Number">-0.01</Data></Cell>
			<Cell><Data ss:Type="Number">-10.3</Data></Cell>
			<Cell><Data ss:Type="Number">0.17</Data></Cell>
			<Cell><Data ss:Type="Number">-9.36</Data></Cell>
			<Cell><Data ss:Type="Number">-0.08</Data></Cell>
			<Cell><Data ss:Type="Number">-0.85</Data></Cell>
			<Cell><Data ss:Type="Number">23</Data></Cell>
			<Cell><Data ss:Type="Number">39.1</Data></Cell>
			<Cell><Data ss:Type="Number">0</Data></Cell>
			<Cell><Data ss:Type="Number">0</Data></Cell>
			<Cell><Data ss:Type="String">2023-12-07 16:50:16.261852</Data></Cell>
		</Row>
		<Row>
			<Cell><Data ss:Type="String">1743</Data></Cell>
			<Cell><Data ss:Type="Number">0.2</Data></Cell>
			<Cell><Data ss:Type="Number">-9.68</Data></Cell>
			<Cell><Data ss:Type="Number">0.45</Data></Cell>
			<Cell><Data ss:Type="Number">-9.38</Data></Cell>
			<Cell><Data ss:Type="Number">0.01</Data></Cell>
			<Cell><Data ss:Type="Number">-0.91</Data></Cell>
			<Cell><Data ss:Type="Number">23</Data></Cell>
			<Cell><Data ss:Type="Number">39.1</Data></Cell>
			<Cell><Data ss:Type="Number">0</Data></Cell>
			<Cell><Data ss:Type="Number">0</Data></Cell>
			<Cell><Data ss:Type="String">2023-12-07 16:50:16.260319</Data></Cell>
		</Row>
		<Row>
			<Cell><Data ss:Type="String">1742</Data></Cell>
			<Cell><Data ss:Type="Number">-0.16</Data></Cell>
			<Cell><Data ss:Type="Number">-10.41</Data></Cell>
			<Cell><Data ss:Type="Number">0.09</Data></Cell>
			<Cell><Data ss:Type="Number">-9.63</Data></Cell>
			<Cell><Data ss:Type="Number">-0.1</Data></Cell>
			<Cell><Data ss:Type="Number">-0.91</Data></Cell>
			<Cell><Data ss:Type="Number">23</Data></Cell>
			<Cell><Data ss:Type="Number">39.1</Data></Cell>
			<Cell><Data ss:Type="Number">0</Data></Cell>
			<Cell><Data ss:Type="Number">0</Data></Cell>
			<Cell><Data ss:Type="String">2023-12-07 16:50:16.258396</Data></Cell>
		</Row>
		<Row>
			<Cell><Data ss:Type="String">1741</Data></Cell>
			<Cell><Data ss:Type="Number">-0.3</Data></Cell>
			<Cell><Data ss:Type="Number">-10.32</Data></Cell>
			<Cell><Data ss:Type="Number">0.15</Data></Cell>
			<Cell><Data ss:Type="Number">-9.39</Data></Cell>
			<Cell><Data ss:Type="Number">-0.08</Data></Cell>
			<Cell><Data ss:Type="Number">-0.92</Data></Cell>
			<Cell><Data ss:Type="Number">23</Data></Cell>
			<Cell><Data ss:Type="Number">39.1</Data></Cell>
			<Cell><Data ss:Type="Number">0</Data></Cell>
			<Cell><Data ss:Type="Number">0</Data></Cell>
			<Cell><Data ss:Type="String">2023-12-07 16:50:16.071727</Data></Cell>
		</Row>
		<Row>
			<Cell><Data ss:Type="String">1740</Data></Cell>
			<Cell><Data ss:Type="Number">0.15</Data></Cell>
			<Cell><Data ss:Type="Number">-10.44</Data></Cell>
			<Cell><Data ss:Type="Number">0.09</Data></Cell>
			<Cell><Data ss:Type="Number">-9.55</Data></Cell>
			<Cell><Data ss:Type="Number">-0.06</Data></Cell>
			<Cell><Data ss:Type="Number">-0.86</Data></Cell>
			<Cell><Data ss:Type="Number">23</Data></Cell>
			<Cell><Data ss:Type="Number">39.1</Data></Cell>
			<Cell><Data ss:Type="Number">0</Data></Cell>
			<Cell><Data ss:Type="Number">0</Data></Cell>
			<Cell><Data ss:Type="String">2023-12-07 16:50:16.024615</Data></Cell>
		</Row>
		<Row>
			<Cell><Data ss:Type="String">1739</Data></Cell>
			<Cell><Data ss:Type="Number">0.29</Data></Cell>
			<Cell><Data ss:Type="Number">-10.13</Data></Cell>
			<Cell><Data ss:Type="Number">0.04</Data></Cell>
			<Cell><Data ss:Type="Number">-9.33</Data></Cell>
			<Cell><Data ss:Type="Number">-0.12</Data></Cell>
			<Cell><Data ss:Type="Number">-0.92</Data></Cell>
			<Cell><Data ss:Type="Number">23</Data></Cell>
			<Cell><Data ss:Type="Number">39.1</Data></Cell>
			<Cell><Data ss:Type="Number">0</Data></Cell>
			<Cell><Data ss:Type="Number">0</Data></Cell>
			<Cell><Data ss:Type="String">2023-12-07 16:50:16.022629</Data></Cell>
		</Row>
		<Row>
			<Cell><Data ss:Type="String">1738</Data></Cell>
			<Cell><Data ss:Type="Number">0.25</Data></Cell>
			<Cell><Data ss:Type="Number">-10.21</Data></Cell>
			<Cell><Data ss:Type="Number">0.21</Data></Cell>
			<Cell><Data ss:Type="Number">-9.41</Data></Cell>
			<Cell><Data ss:Type="Number">-0.08</Data></Cell>
			<Cell><Data ss:Type="Number">-0.95</Data></Cell>
			<Cell><Data ss:Type="Number">23</Data></Cell>
			<Cell><Data ss:Type="Number">39.1</Data></Cell>
			<Cell><Data ss:Type="Number">0</Data></Cell>
			<Cell><Data ss:Type="Number">0</Data></Cell>
			<Cell><Data ss:Type="String">2023-12-07 16:50:15.976913</Data></Cell>
		</Row>
		<Row>
			<Cell><Data ss:Type="String">1737</Data></Cell>
			<Cell><Data ss:Type="Number">0.43</Data></Cell>
			<Cell><Data ss:Type="Number">-10.19</Data></Cell>
			<Cell><Data ss:Type="Number">-0.12</Data></Cell>
			<Cell><Data ss:Type="Number">-9.54</Data></Cell>
			<Cell><Data ss:Type="Number">-0.03</Data></Cell>
			<Cell><Data ss:Type="Number">-0.98</Data></Cell>
			<Cell><Data ss:Type="Number">23</Data></Cell>
			<Cell><Data ss:Type="Number">39.1</Data></Cell>
			<Cell><Data ss:Type="Number">0</Data></Cell>
			<Cell><Data ss:Type="Number">0</Data></Cell>
			<Cell><Data ss:Type="String">2023-12-07 16:50:15.931814</Data></Cell>
		</Row>
		<Row>
			<Cell><Data ss:Type="String">1736</Data></Cell>
			<Cell><Data ss:Type="Number">0.03</Data></Cell>
			<Cell><Data ss:Type="Number">-10.66</Data></Cell>
			<Cell><Data ss:Type="Number">-0.03</Data></Cell>
			<Cell><Data ss:Type="Number">-9.62</Data></Cell>
			<Cell><Data ss:Type="Number">0.02</Data></Cell>
			<Cell><Data ss:Type="Number">-0.9</Data></Cell>
			<Cell><Data ss:Type="Number">23</Data></Cell>
			<Cell><Data ss:Type="Number">39.1</Data></Cell>
			<Cell><Data ss:Type="Number">0</Data></Cell>
			<Cell><Data ss:Type="Number">0</Data></Cell>
			<Cell><Data ss:Type="String">2023-12-07 16:50:15.929775</Data></Cell>
		</Row>
		<Row>
			<Cell><Data ss:Type="String">1735</Data></Cell>
			<Cell><Data ss:Type="Number">-0.06</Data></Cell>
			<Cell><Data ss:Type="Number">-10.14</Data></Cell>
			<Cell><Data ss:Type="Number">-0.28</Data></Cell>
			<Cell><Data ss:Type="Number">-9.44</Data></Cell>
			<Cell><Data ss:Type="Number">-0.02</Data></Cell>
			<Cell><Data ss:Type="Number">-0.97</Data></Cell>
			<Cell><Data ss:Type="Number">23</Data></Cell>
			<Cell><Data ss:Type="Number">39.1</Data></Cell>
			<Cell><Data ss:Type="Number">0</Data></Cell>
			<Cell><Data ss:Type="Number">0</Data></Cell>
			<Cell><Data ss:Type="String">2023-12-07 16:50:15.884730</Data></Cell>
		</Row>
		<Row>
			<Cell><Data ss:Type="String">1734</Data></Cell>
			<Cell><Data ss:Type="Number">0.33</Data></Cell>
			<Cell><Data ss:Type="Number">-9.67</Data></Cell>
			<Cell><Data ss:Type="Number">-0.02</Data></Cell>
			<Cell><Data ss:Type="Number">-9.39</Data></Cell>
			<Cell><Data ss:Type="Number">-0.28</Data></Cell>
			<Cell><Data ss:Type="Number">-0.93</Data></Cell>
			<Cell><Data ss:Type="Number">23</Data></Cell>
			<Cell><Data ss:Type="Number">39.1</Data></Cell>
			<Cell><Data ss:Type="Number">0</Data></Cell>
			<Cell><Data ss:Type="Number">0</Data></Cell>
			<Cell><Data ss:Type="String">2023-12-07 16:50:15.837538</Data></Cell>
		</Row>
		<Row>
			<Cell><Data ss:Type="String">1733</Data></Cell>
			<Cell><Data ss:Type="Number">0.53</Data></Cell>
			<Cell><Data ss:Type="Number">-10.05</Data></Cell>
			<Cell><Data ss:Type="Number">0.14</Data></Cell>
			<Cell><Data ss:Type="Number">-9.62</Data></Cell>
			<Cell><Data ss:Type="Number">-0.25</Data></Cell>
			<Cell><Data ss:Type="Number">-0.85</Data></Cell>
			<Cell><Data ss:Type="Number">23</Data></Cell>
			<Cell><Data ss:Type="Number">39.1</Data></Cell>
			<Cell><Data ss:Type="Number">0</Data></Cell>
			<Cell><Data ss:Type="Number">0</Data></Cell>
			<Cell><Data ss:Type="String">2023-12-07 16:50:15.792720</Data></Cell>
		</Row>
		<Row>
			<Cell><Data ss:Type="String">1732</Data></Cell>
			<Cell><Data ss:Type="Number">0.71</Data></Cell>
			<Cell><Data ss:Type="Number">-10.23</Data></Cell>
			<Cell><Data ss:Type="Number">0.54</Data></Cell>
			<Cell><Data ss:Type="Number">-9.46</Data></Cell>
			<Cell><Data ss:Type="Number">-0.51</Data></Cell>
			<Cell><Data ss:Type="Number">-1.04</Data></Cell>
			<Cell><Data ss:Type="Number">23</Data></Cell>
			<Cell><Data ss:Type="Number">39.1</Data></Cell>
			<Cell><Data ss:Type="Number">0</Data></Cell>
			<Cell><Data ss:Type="Number">0</Data></Cell>
			<Cell><Data ss:Type="String">2023-12-07 16:50:15.791016</Data></Cell>
		</Row>
		<Row>
			<Cell><Data ss:Type="String">1731</Data></Cell>
			<Cell><Data ss:Type="Number">-2.27</Data></Cell>
			<Cell><Data ss:Type="Number">-10.43</Data></Cell>
			<Cell><Data ss:Type="Number">-0.8</Data></Cell>
			<Cell><Data ss:Type="Number">-9.6</Data></Cell>
			<Cell><Data ss:Type="Number">0.22</Data></Cell>
			<Cell><Data ss:Type="Number">-0.72</Data></Cell>
			<Cell><Data ss:Type="Number">23</Data></Cell>
			<Cell><Data ss:Type="Number">39.1</Data></Cell>
			<Cell><Data ss:Type="Number">0</Data></Cell>
			<Cell><Data ss:Type="Number">0</Data></Cell>
			<Cell><Data ss:Type="String">2023-12-07 16:50:15.745957</Data></Cell>
		</Row>
		<Row>
			<Cell><Data ss:Type="String">1730</Data></Cell>
			<Cell><Data ss:Type="Number">-3.6</Data></Cell>
			<Cell><Data ss:Type="Number">-10.7</Data></Cell>
			<Cell><Data ss:Type="Number">-2</Data></Cell>
			<Cell><Data ss:Type="Number">-9.57</Data></Cell>
			<Cell><Data ss:Type="Number">1.52</Data></Cell>
			<Cell><Data ss:Type="Number">-1.2</Data></Cell>
			<Cell><Data ss:Type="Number">23</Data></Cell>
			<Cell><Data ss:Type="Number">39.1</Data></Cell>
			<Cell><Data ss:Type="Number">0</Data></Cell>
			<Cell><Data ss:Type="Number">0</Data></Cell>
			<Cell><Data ss:Type="String">2023-12-07 16:50:15.700240</Data></Cell>
		</Row>
		<Row>
			<Cell><Data ss:Type="String">1729</Data></Cell>
			<Cell><Data ss:Type="Number">0.31</Data></Cell>
			<Cell><Data ss:Type="Number">-8.14</Data></Cell>
			<Cell><Data ss:Type="Number">0.47</Data></Cell>
			<Cell><Data ss:Type="Number">-7.24</Data></Cell>
			<Cell><Data ss:Type="Number">-0.38</Data></Cell>
			<Cell><Data ss:Type="Number">-0.38</Data></Cell>
			<Cell><Data ss:Type="Number">23</Data></Cell>
			<Cell><Data ss:Type="Number">39.1</Data></Cell>
			<Cell><Data ss:Type="Number">0</Data></Cell>
			<Cell><Data ss:Type="Number">0</Data></Cell>
			<Cell><Data ss:Type="String">2023-12-07 16:50:15.657583</Data></Cell>
		</Row>
		<Row>
			<Cell><Data ss:Type="String">1728</Data></Cell>
			<Cell><Data ss:Type="Number">0.31</Data></Cell>
			<Cell><Data ss:Type="Number">-10.09</Data></Cell>
			<Cell><Data ss:Type="Number">0.1</Data></Cell>
			<Cell><Data ss:Type="Number">-9.43</Data></Cell>
			<Cell><Data ss:Type="Number">-0.08</Data></Cell>
			<Cell><Data ss:Type="Number">-0.92</Data></Cell>
			<Cell><Data ss:Type="Number">23</Data></Cell>
			<Cell><Data ss:Type="Number">39.1</Data></Cell>
			<Cell><Data ss:Type="Number">0</Data></Cell>
			<Cell><Data ss:Type="Number">0</Data></Cell>
			<Cell><Data ss:Type="String">2023-12-07 16:50:15.655832</Data></Cell>
		</Row>
		<Row>
			<Cell><Data ss:Type="String">1727</Data></Cell>
			<Cell><Data ss:Type="Number">0.29</Data></Cell>
			<Cell><Data ss:Type="Number">-9.98</Data></Cell>
			<Cell><Data ss:Type="Number">0.11</Data></Cell>
			<Cell><Data ss:Type="Number">-9.47</Data></Cell>
			<Cell><Data ss:Type="Number">-0.09</Data></Cell>
			<Cell><Data ss:Type="Number">-0.94</Data></Cell>
			<Cell><Data ss:Type="Number">23</Data></Cell>
			<Cell><Data ss:Type="Number">39.1</Data></Cell>
			<Cell><Data ss:Type="Number">0</Data></Cell>
			<Cell><Data ss:Type="Number">0</Data></Cell>
			<Cell><Data ss:Type="String">2023-12-07 16:50:15.609378</Data></Cell>
		</Row>
		<Row>
			<Cell><Data ss:Type="String">1726</Data></Cell>
			<Cell><Data ss:Type="Number">0.28</Data></Cell>
			<Cell><Data ss:Type="Number">-10.21</Data></Cell>
			<Cell><Data ss:Type="Number">0.16</Data></Cell>
			<Cell><Data ss:Type="Number">-9.5</Data></Cell>
			<Cell><Data ss:Type="Number">-0.08</Data></Cell>
			<Cell><Data ss:Type="Number">-0.9</Data></Cell>
			<Cell><Data ss:Type="Number">23</Data></Cell>
			<Cell><Data ss:Type="Number">39.1</Data></Cell>
			<Cell><Data ss:Type="Number">0</Data></Cell>
			<Cell><Data ss:Type="Number">0</Data></Cell>
			<Cell><Data ss:Type="String">2023-12-07 16:50:15.565806</Data></Cell>
		</Row>
		<Row>
			<Cell><Data ss:Type="String">1725</Data></Cell>
			<Cell><Data ss:Type="Number">0.3</Data></Cell>
			<Cell><Data ss:Type="Number">-10.22</Data></Cell>
			<Cell><Data ss:Type="Number">0.19</Data></Cell>
			<Cell><Data ss:Type="Number">-9.51</Data></Cell>
			<Cell><Data ss:Type="Number">-0.06</Data></Cell>
			<Cell><Data ss:Type="Number">-0.88</Data></Cell>
			<Cell><Data ss:Type="Number">23</Data></Cell>
			<Cell><Data ss:Type="Number">39.1</Data></Cell>
			<Cell><Data ss:Type="Number">0</Data></Cell>
			<Cell><Data ss:Type="Number">0</Data></Cell>
			<Cell><Data ss:Type="String">2023-12-07 16:50:15.518884</Data></Cell>
		</Row>
		<Row>
			<Cell><Data ss:Type="String">1724</Data></Cell>
			<Cell><Data ss:Type="Number">0.3</Data></Cell>
			<Cell><Data ss:Type="Number">-9.96</Data></Cell>
			<Cell><Data ss:Type="Number">0.14</Data></Cell>
			<Cell><Data ss:Type="Number">-9.45</Data></Cell>
			<Cell><Data ss:Type="Number">-0.06</Data></Cell>
			<Cell><Data ss:Type="Number">-0.93</Data></Cell>
			<Cell><Data ss:Type="Number">23</Data></Cell>
			<Cell><Data ss:Type="Number">39.1</Data></Cell>
			<Cell><Data ss:Type="Number">0</Data></Cell>
			<Cell><Data ss:Type="Number">0</Data></Cell>
			<Cell><Data ss:Type="String">2023-12-07 16:50:15.516715</Data></Cell>
		</Row>
		<Row>
			<Cell><Data ss:Type="String">1723</Data></Cell>
			<Cell><Data ss:Type="Number">0.3</Data></Cell>
			<Cell><Data ss:Type="Number">-9.97</Data></Cell>
			<Cell><Data ss:Type="Number">0.14</Data></Cell>
			<Cell><Data ss:Type="Number">-9.46</Data></Cell>
			<Cell><Data ss:Type="Number">-0.09</Data></Cell>
			<Cell><Data ss:Type="Number">-0.89</Data></Cell>
			<Cell><Data ss:Type="Number">23</Data></Cell>
			<Cell><Data ss:Type="Number">39.1</Data></Cell>
			<Cell><Data ss:Type="Number">0</Data></Cell>
			<Cell><Data ss:Type="Number">0</Data></Cell>
			<Cell><Data ss:Type="String">2023-12-07 16:50:15.471824</Data></Cell>
		</Row>
		<Row>
			<Cell><Data ss:Type="String">1722</Data></Cell>
			<Cell><Data ss:Type="Number">0.39</Data></Cell>
			<Cell><Data ss:Type="Number">-10.03</Data></Cell>
			<Cell><Data ss:Type="Number">0.12</Data></Cell>
			<Cell><Data ss:Type="Number">-9.49</Data></Cell>
			<Cell><Data ss:Type="Number">-0.1</Data></Cell>
			<Cell><Data ss:Type="Number">-0.93</Data></Cell>
			<Cell><Data ss:Type="Number">23</Data></Cell>
			<Cell><Data ss:Type="Number">39.1</Data></Cell>
			<Cell><Data ss:Type="Number">0</Data></Cell>
			<Cell><Data ss:Type="Number">0</Data></Cell>
			<Cell><Data ss:Type="String">2023-12-07 16:50:15.425236</Data></Cell>
		</Row>
		<Row>
			<Cell><Data ss:Type="String">1721</Data></Cell>
			<Cell><Data ss:Type="Number">0.27</Data></Cell>
			<Cell><Data ss:Type="Number">-10.17</Data></Cell>
			<Cell><Data ss:Type="Number">0.18</Data></Cell>
			<Cell><Data ss:Type="Number">-9.52</Data></Cell>
			<Cell><Data ss:Type="Number">-0.05</Data></Cell>
			<Cell><Data ss:Type="Number">-0.89</Data></Cell>
			<Cell><Data ss:Type="Number">23</Data></Cell>
			<Cell><Data ss:Type="Number">39.1</Data></Cell>
			<Cell><Data ss:Type="Number">0</Data></Cell>
			<Cell><Data ss:Type="Number">0</Data></Cell>
			<Cell><Data ss:Type="String">2023-12-07 16:50:15.380622</Data></Cell>
		</Row>
		<Row>
			<Cell><Data ss:Type="String">1720</Data></Cell>
			<Cell><Data ss:Type="Number">0.32</Data></Cell>
			<Cell><Data ss:Type="Number">-10.12</Data></Cell>
			<Cell><Data ss:Type="Number">0.17</Data></Cell>
			<Cell><Data ss:Type="Number">-9.49</Data></Cell>
			<Cell><Data ss:Type="Number">-0.08</Data></Cell>
			<Cell><Data ss:Type="Number">-0.9</Data></Cell>
			<Cell><Data ss:Type="Number">23</Data></Cell>
			<Cell><Data ss:Type="Number">39.1</Data></Cell>
			<Cell><Data ss:Type="Number">0</Data></Cell>
			<Cell><Data ss:Type="Number">0</Data></Cell>
			<Cell><Data ss:Type="String">2023-12-07 16:50:15.379073</Data></Cell>
		</Row>
		<Row>
			<Cell><Data ss:Type="String">1719</Data></Cell>
			<Cell><Data ss:Type="Number">0.25</Data></Cell>
			<Cell><Data ss:Type="Number">-10.01</Data></Cell>
			<Cell><Data ss:Type="Number">0.13</Data></Cell>
			<Cell><Data ss:Type="Number">-9.42</Data></Cell>
			<Cell><Data ss:Type="Number">-0.08</Data></Cell>
			<Cell><Data ss:Type="Number">-0.9</Data></Cell>
			<Cell><Data ss:Type="Number">23</Data></Cell>
			<Cell><Data ss:Type="Number">39.1</Data></Cell>
			<Cell><Data ss:Type="Number">0</Data></Cell>
			<Cell><Data ss:Type="Number">0</Data></Cell>
			<Cell><Data ss:Type="String">2023-12-07 16:50:15.338271</Data></Cell>
		</Row>
		<Row>
			<Cell><Data ss:Type="String">1718</Data></Cell>
			<Cell><Data ss:Type="Number">0.31</Data></Cell>
			<Cell><Data ss:Type="Number">-9.98</Data></Cell>
			<Cell><Data ss:Type="Number">0.13</Data></Cell>
			<Cell><Data ss:Type="Number">-9.49</Data></Cell>
			<Cell><Data ss:Type="Number">-0.09</Data></Cell>
			<Cell><Data ss:Type="Number">-0.9</Data></Cell>
			<Cell><Data ss:Type="Number">23</Data></Cell>
			<Cell><Data ss:Type="Number">39.1</Data></Cell>
			<Cell><Data ss:Type="Number">0</Data></Cell>
			<Cell><Data ss:Type="Number">0</Data></Cell>
			<Cell><Data ss:Type="String">2023-12-07 16:50:15.336558</Data></Cell>
		</Row>
		<Row>
			<Cell><Data ss:Type="String">1717</Data></Cell>
			<Cell><Data ss:Type="Number">0.3</Data></Cell>
			<Cell><Data ss:Type="Number">-10.14</Data></Cell>
			<Cell><Data ss:Type="Number">0.03</Data></Cell>
			<Cell><Data ss:Type="Number">-9.52</Data></Cell>
			<Cell><Data ss:Type="Number">-0.06</Data></Cell>
			<Cell><Data ss:Type="Number">-0.9</Data></Cell>
			<Cell><Data ss:Type="Number">23</Data></Cell>
			<Cell><Data ss:Type="Number">39.1</Data></Cell>
			<Cell><Data ss:Type="Number">0</Data></Cell>
			<Cell><Data ss:Type="Number">0</Data></Cell>
			<Cell><Data ss:Type="String">2023-12-07 16:50:15.272312</Data></Cell>
		</Row>
		<Row>
			<Cell><Data ss:Type="String">1716</Data></Cell>
			<Cell><Data ss:Type="Number">0.24</Data></Cell>
			<Cell><Data ss:Type="Number">-10.11</Data></Cell>
			<Cell><Data ss:Type="Number">0.07</Data></Cell>
			<Cell><Data ss:Type="Number">-9.52</Data></Cell>
			<Cell><Data ss:Type="Number">-0.07</Data></Cell>
			<Cell><Data ss:Type="Number">-0.91</Data></Cell>
			<Cell><Data ss:Type="Number">23</Data></Cell>
			<Cell><Data ss:Type="Number">39.1</Data></Cell>
			<Cell><Data ss:Type="Number">0</Data></Cell>
			<Cell><Data ss:Type="Number">0</Data></Cell>
			<Cell><Data ss:Type="String">2023-12-07 16:50:15.270606</Data></Cell>
		</Row>
		<Row>
			<Cell><Data ss:Type="String">1715</Data></Cell>
			<Cell><Data ss:Type="Number">0.26</Data></Cell>
			<Cell><Data ss:Type="Number">-10.13</Data></Cell>
			<Cell><Data ss:Type="Number">0.15</Data></Cell>
			<Cell><Data ss:Type="Number">-9.48</Data></Cell>
			<Cell><Data ss:Type="Number">-0.07</Data></Cell>
			<Cell><Data ss:Type="Number">-0.92</Data></Cell>
			<Cell><Data ss:Type="Number">23</Data></Cell>
			<Cell><Data ss:Type="Number">39.1</Data></Cell>
			<Cell><Data ss:Type="Number">0</Data></Cell>
			<Cell><Data ss:Type="Number">0</Data></Cell>
			<Cell><Data ss:Type="String">2023-12-07 16:50:15.268936</Data></Cell>
		</Row>
		<Row>
			<Cell><Data ss:Type="String">1714</Data></Cell>
			<Cell><Data ss:Type="Number">0.29</Data></Cell>
			<Cell><Data ss:Type="Number">-9.97</Data></Cell>
			<Cell><Data ss:Type="Number">0.07</Data></Cell>
			<Cell><Data ss:Type="Number">-9.44</Data></Cell>
			<Cell><Data ss:Type="Number">-0.08</Data></Cell>
			<Cell><Data ss:Type="Number">-0.92</Data></Cell>
			<Cell><Data ss:Type="Number">23</Data></Cell>
			<Cell><Data ss:Type="Number">39.1</Data></Cell>
			<Cell><Data ss:Type="Number">0</Data></Cell>
			<Cell><Data ss:Type="Number">0</Data></Cell>
			<Cell><Data ss:Type="String">2023-12-07 16:50:15.267199</Data></Cell>
		</Row>
		<Row>
			<Cell><Data ss:Type="String">1713</Data></Cell>
			<Cell><Data ss:Type="Number">0.25</Data></Cell>
			<Cell><Data ss:Type="Number">-9.97</Data></Cell>
			<Cell><Data ss:Type="Number">0.12</Data></Cell>
			<Cell><Data ss:Type="Number">-9.42</Data></Cell>
			<Cell><Data ss:Type="Number">-0.07</Data></Cell>
			<Cell><Data ss:Type="Number">-0.92</Data></Cell>
			<Cell><Data ss:Type="Number">23</Data></Cell>
			<Cell><Data ss:Type="Number">39.1</Data></Cell>
			<Cell><Data ss:Type="Number">0</Data></Cell>
			<Cell><Data ss:Type="Number">0</Data></Cell>
			<Cell><Data ss:Type="String">2023-12-07 16:50:15.265585</Data></Cell>
		</Row>
		<Row>
			<Cell><Data ss:Type="String">1712</Data></Cell>
			<Cell><Data ss:Type="Number">0.49</Data></Cell>
			<Cell><Data ss:Type="Number">-9.97</Data></Cell>
			<Cell><Data ss:Type="Number">0.08</Data></Cell>
			<Cell><Data ss:Type="Number">-9.46</Data></Cell>
			<Cell><Data ss:Type="Number">-0.06</Data></Cell>
			<Cell><Data ss:Type="Number">-0.95</Data></Cell>
			<Cell><Data ss:Type="Number">23</Data></Cell>
			<Cell><Data ss:Type="Number">39.1</Data></Cell>
			<Cell><Data ss:Type="Number">0</Data></Cell>
			<Cell><Data ss:Type="Number">0</Data></Cell>
			<Cell><Data ss:Type="String">2023-12-07 16:50:15.263952</Data></Cell>
		</Row>
		<Row>
			<Cell><Data ss:Type="String">1711</Data></Cell>
			<Cell><Data ss:Type="Number">0.26</Data></Cell>
			<Cell><Data ss:Type="Number">-10.21</Data></Cell>
			<Cell><Data ss:Type="Number">0.18</Data></Cell>
			<Cell><Data ss:Type="Number">-9.51</Data></Cell>
			<Cell><Data ss:Type="Number">-0.05</Data></Cell>
			<Cell><Data ss:Type="Number">-0.91</Data></Cell>
			<Cell><Data ss:Type="Number">23</Data></Cell>
			<Cell><Data ss:Type="Number">39.1</Data></Cell>
			<Cell><Data ss:Type="Number">0</Data></Cell>
			<Cell><Data ss:Type="Number">0</Data></Cell>
			<Cell><Data ss:Type="String">2023-12-07 16:50:15.259462</Data></Cell>
		</Row>
		<Row>
			<Cell><Data ss:Type="String">1710</Data></Cell>
			<Cell><Data ss:Type="Number">0.27</Data></Cell>
			<Cell><Data ss:Type="Number">-10.28</Data></Cell>
			<Cell><Data ss:Type="Number">0.17</Data></Cell>
			<Cell><Data ss:Type="Number">-9.52</Data></Cell>
			<Cell><Data ss:Type="Number">-0.1</Data></Cell>
			<Cell><Data ss:Type="Number">-0.9</Data></Cell>
			<Cell><Data ss:Type="Number">23</Data></Cell>
			<Cell><Data ss:Type="Number">39.1</Data></Cell>
			<Cell><Data ss:Type="Number">0</Data></Cell>
			<Cell><Data ss:Type="Number">0</Data></Cell>
			<Cell><Data ss:Type="String">2023-12-07 16:50:15.043532</Data></Cell>
		</Row>
		<Row>
			<Cell><Data ss:Type="String">1709</Data></Cell>
			<Cell><Data ss:Type="Number">0.25</Data></Cell>
			<Cell><Data ss:Type="Number">-10.06</Data></Cell>
			<Cell><Data ss:Type="Number">0.16</Data></Cell>
			<Cell><Data ss:Type="Number">-9.45</Data></Cell>
			<Cell><Data ss:Type="Number">-0.06</Data></Cell>
			<Cell><Data ss:Type="Number">-0.9</Data></Cell>
			<Cell><Data ss:Type="Number">23</Data></Cell>
			<Cell><Data ss:Type="Number">39.1</Data></Cell>
			<Cell><Data ss:Type="Number">0</Data></Cell>
			<Cell><Data ss:Type="Number">0</Data></Cell>
			<Cell><Data ss:Type="String">2023-12-07 16:50:15.040459</Data></Cell>
		</Row>
		<Row>
			<Cell><Data ss:Type="String">1708</Data></Cell>
			<Cell><Data ss:Type="Number">0.27</Data></Cell>
			<Cell><Data ss:Type="Number">-10.03</Data></Cell>
			<Cell><Data ss:Type="Number">0.13</Data></Cell>
			<Cell><Data ss:Type="Number">-9.45</Data></Cell>
			<Cell><Data ss:Type="Number">-0.08</Data></Cell>
			<Cell><Data ss:Type="Number">-0.91</Data></Cell>
			<Cell><Data ss:Type="Number">23</Data></Cell>
			<Cell><Data ss:Type="Number">39.1</Data></Cell>
			<Cell><Data ss:Type="Number">0</Data></Cell>
			<Cell><Data ss:Type="Number">0</Data></Cell>
			<Cell><Data ss:Type="String">2023-12-07 16:50:15.038659</Data></Cell>
		</Row>
		<Row>
			<Cell><Data ss:Type="String">1707</Data></Cell>
			<Cell><Data ss:Type="Number">0.33</Data></Cell>
			<Cell><Data ss:Type="Number">-9.99</Data></Cell>
			<Cell><Data ss:Type="Number">0.05</Data></Cell>
			<Cell><Data ss:Type="Number">-9.45</Data></Cell>
			<Cell><Data ss:Type="Number">-0.05</Data></Cell>
			<Cell><Data ss:Type="Number">-0.89</Data></Cell>
			<Cell><Data ss:Type="Number">23</Data></Cell>
			<Cell><Data ss:Type="Number">39.1</Data></Cell>
			<Cell><Data ss:Type="Number">0</Data></Cell>
			<Cell><Data ss:Type="Number">0</Data></Cell>
			<Cell><Data ss:Type="String">2023-12-07 16:50:15.036769</Data></Cell>
		</Row>
		<Row>
			<Cell><Data ss:Type="String">1706</Data></Cell>
			<Cell><Data ss:Type="Number">0.31</Data></Cell>
			<Cell><Data ss:Type="Number">-10.19</Data></Cell>
			<Cell><Data ss:Type="Number">0.25</Data></Cell>
			<Cell><Data ss:Type="Number">-9.55</Data></Cell>
			<Cell><Data ss:Type="Number">-0.08</Data></Cell>
			<Cell><Data ss:Type="Number">-0.89</Data></Cell>
			<Cell><Data ss:Type="Number">23</Data></Cell>
			<Cell><Data ss:Type="Number">39.1</Data></Cell>
			<Cell><Data ss:Type="Number">0</Data></Cell>
			<Cell><Data ss:Type="Number">0</Data></Cell>
			<Cell><Data ss:Type="String">2023-12-07 16:50:15.034960</Data></Cell>
		</Row>
		<Row>
			<Cell><Data ss:Type="String">1705</Data></Cell>
			<Cell><Data ss:Type="Number">0.25</Data></Cell>
			<Cell><Data ss:Type="Number">-10.16</Data></Cell>
			<Cell><Data ss:Type="Number">0.17</Data></Cell>
			<Cell><Data ss:Type="Number">-9.51</Data></Cell>
			<Cell><Data ss:Type="Number">-0.06</Data></Cell>
			<Cell><Data ss:Type="Number">-0.92</Data></Cell>
			<Cell><Data ss:Type="Number">23</Data></Cell>
			<Cell><Data ss:Type="Number">39.1</Data></Cell>
			<Cell><Data ss:Type="Number">0</Data></Cell>
			<Cell><Data ss:Type="Number">0</Data></Cell>
			<Cell><Data ss:Type="String">2023-12-07 16:50:14.861010</Data></Cell>
		</Row>
		<Row>
			<Cell><Data ss:Type="String">1704</Data></Cell>
			<Cell><Data ss:Type="Number">0.3</Data></Cell>
			<Cell><Data ss:Type="Number">-10.08</Data></Cell>
			<Cell><Data ss:Type="Number">0.13</Data></Cell>
			<Cell><Data ss:Type="Number">-9.44</Data></Cell>
			<Cell><Data ss:Type="Number">-0.07</Data></Cell>
			<Cell><Data ss:Type="Number">-0.9</Data></Cell>
			<Cell><Data ss:Type="Number">23</Data></Cell>
			<Cell><Data ss:Type="Number">39.1</Data></Cell>
			<Cell><Data ss:Type="Number">0</Data></Cell>
			<Cell><Data ss:Type="Number">0</Data></Cell>
			<Cell><Data ss:Type="String">2023-12-07 16:50:14.859285</Data></Cell>
		</Row>
		<Row>
			<Cell><Data ss:Type="String">1703</Data></Cell>
			<Cell><Data ss:Type="Number">0.25</Data></Cell>
			<Cell><Data ss:Type="Number">-9.99</Data></Cell>
			<Cell><Data ss:Type="Number">0.13</Data></Cell>
			<Cell><Data ss:Type="Number">-9.44</Data></Cell>
			<Cell><Data ss:Type="Number">-0.05</Data></Cell>
			<Cell><Data ss:Type="Number">-0.93</Data></Cell>
			<Cell><Data ss:Type="Number">23</Data></Cell>
			<Cell><Data ss:Type="Number">39.1</Data></Cell>
			<Cell><Data ss:Type="Number">0</Data></Cell>
			<Cell><Data ss:Type="Number">0</Data></Cell>
			<Cell><Data ss:Type="String">2023-12-07 16:50:14.811655</Data></Cell>
		</Row>
		<Row>
			<Cell><Data ss:Type="String">1702</Data></Cell>
			<Cell><Data ss:Type="Number">0.3</Data></Cell>
			<Cell><Data ss:Type="Number">-10.04</Data></Cell>
			<Cell><Data ss:Type="Number">0.14</Data></Cell>
			<Cell><Data ss:Type="Number">-9.52</Data></Cell>
			<Cell><Data ss:Type="Number">-0.08</Data></Cell>
			<Cell><Data ss:Type="Number">-0.9</Data></Cell>
			<Cell><Data ss:Type="Number">23</Data></Cell>
			<Cell><Data ss:Type="Number">39.1</Data></Cell>
			<Cell><Data ss:Type="Number">0</Data></Cell>
			<Cell><Data ss:Type="Number">0</Data></Cell>
			<Cell><Data ss:Type="String">2023-12-07 16:50:14.765503</Data></Cell>
		</Row>
		<Row>
			<Cell><Data ss:Type="String">1701</Data></Cell>
			<Cell><Data ss:Type="Number">0.26</Data></Cell>
			<Cell><Data ss:Type="Number">-10.14</Data></Cell>
			<Cell><Data ss:Type="Number">0.06</Data></Cell>
			<Cell><Data ss:Type="Number">-9.53</Data></Cell>
			<Cell><Data ss:Type="Number">-0.04</Data></Cell>
			<Cell><Data ss:Type="Number">-0.89</Data></Cell>
			<Cell><Data ss:Type="Number">23</Data></Cell>
			<Cell><Data ss:Type="Number">39.1</Data></Cell>
			<Cell><Data ss:Type="Number">0</Data></Cell>
			<Cell><Data ss:Type="Number">0</Data></Cell>
			<Cell><Data ss:Type="String">2023-12-07 16:50:14.726615</Data></Cell>
		</Row>
		<Row>
			<Cell><Data ss:Type="String">1700</Data></Cell>
			<Cell><Data ss:Type="Number">0.29</Data></Cell>
			<Cell><Data ss:Type="Number">-10.09</Data></Cell>
			<Cell><Data ss:Type="Number">0.17</Data></Cell>
			<Cell><Data ss:Type="Number">-9.53</Data></Cell>
			<Cell><Data ss:Type="Number">-0.08</Data></Cell>
			<Cell><Data ss:Type="Number">-0.93</Data></Cell>
			<Cell><Data ss:Type="Number">23</Data></Cell>
			<Cell><Data ss:Type="Number">39.1</Data></Cell>
			<Cell><Data ss:Type="Number">0</Data></Cell>
			<Cell><Data ss:Type="Number">0</Data></Cell>
			<Cell><Data ss:Type="String">2023-12-07 16:50:14.724942</Data></Cell>
		</Row>
		<Row>
			<Cell><Data ss:Type="String">1699</Data></Cell>
			<Cell><Data ss:Type="Number">0.31</Data></Cell>
			<Cell><Data ss:Type="Number">-9.99</Data></Cell>
			<Cell><Data ss:Type="Number">0.13</Data></Cell>
			<Cell><Data ss:Type="Number">-9.42</Data></Cell>
			<Cell><Data ss:Type="Number">-0.08</Data></Cell>
			<Cell><Data ss:Type="Number">-0.88</Data></Cell>
			<Cell><Data ss:Type="Number">23</Data></Cell>
			<Cell><Data ss:Type="Number">39.1</Data></Cell>
			<Cell><Data ss:Type="Number">0</Data></Cell>
			<Cell><Data ss:Type="Number">0</Data></Cell>
			<Cell><Data ss:Type="String">2023-12-07 16:50:14.722752</Data></Cell>
		</Row>
		<Row>
			<Cell><Data ss:Type="String">1698</Data></Cell>
			<Cell><Data ss:Type="Number">0.3</Data></Cell>
			<Cell><Data ss:Type="Number">-10.08</Data></Cell>
			<Cell><Data ss:Type="Number">0.16</Data></Cell>
			<Cell><Data ss:Type="Number">-9.47</Data></Cell>
			<Cell><Data ss:Type="Number">-0.11</Data></Cell>
			<Cell><Data ss:Type="Number">-0.96</Data></Cell>
			<Cell><Data ss:Type="Number">23</Data></Cell>
			<Cell><Data ss:Type="Number">39.1</Data></Cell>
			<Cell><Data ss:Type="Number">0</Data></Cell>
			<Cell><Data ss:Type="Number">0</Data></Cell>
			<Cell><Data ss:Type="String">2023-12-07 16:50:14.618458</Data></Cell>
		</Row>
		<Row>
			<Cell><Data ss:Type="String">1697</Data></Cell>
			<Cell><Data ss:Type="Number">0.25</Data></Cell>
			<Cell><Data ss:Type="Number">-10.12</Data></Cell>
			<Cell><Data ss:Type="Number">0.16</Data></Cell>
			<Cell><Data ss:Type="Number">-9.53</Data></Cell>
			<Cell><Data ss:Type="Number">-0.05</Data></Cell>
			<Cell><Data ss:Type="Number">-0.86</Data></Cell>
			<Cell><Data ss:Type="Number">23</Data></Cell>
			<Cell><Data ss:Type="Number">39.1</Data></Cell>
			<Cell><Data ss:Type="Number">0</Data></Cell>
			<Cell><Data ss:Type="Number">0</Data></Cell>
			<Cell><Data ss:Type="String">2023-12-07 16:50:14.611364</Data></Cell>
		</Row>
		<Row>
			<Cell><Data ss:Type="String">1696</Data></Cell>
			<Cell><Data ss:Type="Number">0.49</Data></Cell>
			<Cell><Data ss:Type="Number">-10.13</Data></Cell>
			<Cell><Data ss:Type="Number">0.1</Data></Cell>
			<Cell><Data ss:Type="Number">-9.53</Data></Cell>
			<Cell><Data ss:Type="Number">-0.03</Data></Cell>
			<Cell><Data ss:Type="Number">-0.94</Data></Cell>
			<Cell><Data ss:Type="Number">23</Data></Cell>
			<Cell><Data ss:Type="Number">39.1</Data></Cell>
			<Cell><Data ss:Type="Number">0</Data></Cell>
			<Cell><Data ss:Type="Number">0</Data></Cell>
			<Cell><Data ss:Type="String">2023-12-07 16:50:14.563593</Data></Cell>
		</Row>
		<Row>
			<Cell><Data ss:Type="String">1695</Data></Cell>
			<Cell><Data ss:Type="Number">0.3</Data></Cell>
			<Cell><Data ss:Type="Number">-10.02</Data></Cell>
			<Cell><Data ss:Type="Number">0.18</Data></Cell>
			<Cell><Data ss:Type="Number">-9.49</Data></Cell>
			<Cell><Data ss:Type="Number">-0.05</Data></Cell>
			<Cell><Data ss:Type="Number">-0.9</Data></Cell>
			<Cell><Data ss:Type="Number">23</Data></Cell>
			<Cell><Data ss:Type="Number">39.1</Data></Cell>
			<Cell><Data ss:Type="Number">0</Data></Cell>
			<Cell><Data ss:Type="Number">0</Data></Cell>
			<Cell><Data ss:Type="String">2023-12-07 16:50:14.520608</Data></Cell>
		</Row>
		<Row>
			<Cell><Data ss:Type="String">1694</Data></Cell>
			<Cell><Data ss:Type="Number">-0.2</Data></Cell>
			<Cell><Data ss:Type="Number">-9.92</Data></Cell>
			<Cell><Data ss:Type="Number">0.41</Data></Cell>
			<Cell><Data ss:Type="Number">-9.41</Data></Cell>
			<Cell><Data ss:Type="Number">-0.31</Data></Cell>
			<Cell><Data ss:Type="Number">-0.85</Data></Cell>
			<Cell><Data ss:Type="Number">23</Data></Cell>
			<Cell><Data ss:Type="Number">39.1</Data></Cell>
			<Cell><Data ss:Type="Number">0</Data></Cell>
			<Cell><Data ss:Type="Number">0</Data></Cell>
			<Cell><Data ss:Type="String">2023-12-07 16:50:14.518006</Data></Cell>
		</Row>
		<Row>
			<Cell><Data ss:Type="String">1693</Data></Cell>
			<Cell><Data ss:Type="Number">0.35</Data></Cell>
			<Cell><Data ss:Type="Number">-10.13</Data></Cell>
			<Cell><Data ss:Type="Number">0.28</Data></Cell>
			<Cell><Data ss:Type="Number">-9.49</Data></Cell>
			<Cell><Data ss:Type="Number">-0.11</Data></Cell>
			<Cell><Data ss:Type="Number">-0.98</Data></Cell>
			<Cell><Data ss:Type="Number">23</Data></Cell>
			<Cell><Data ss:Type="Number">39.1</Data></Cell>
			<Cell><Data ss:Type="Number">0</Data></Cell>
			<Cell><Data ss:Type="Number">0</Data></Cell>
			<Cell><Data ss:Type="String">2023-12-07 16:50:14.471571</Data></Cell>
		</Row>
		<Row>
			<Cell><Data ss:Type="String">1692</Data></Cell>
			<Cell><Data ss:Type="Number">0.45</Data></Cell>
			<Cell><Data ss:Type="Number">-10.28</Data></Cell>
			<Cell><Data ss:Type="Number">-0.24</Data></Cell>
			<Cell><Data ss:Type="Number">-9.53</Data></Cell>
			<Cell><Data ss:Type="Number">0.3</Data></Cell>
			<Cell><Data ss:Type="Number">-0.85</Data></Cell>
			<Cell><Data ss:Type="Number">23</Data></Cell>
			<Cell><Data ss:Type="Number">39.1</Data></Cell>
			<Cell><Data ss:Type="Number">0</Data></Cell>
			<Cell><Data ss:Type="Number">0</Data></Cell>
			<Cell><Data ss:Type="String">2023-12-07 16:50:14.416041</Data></Cell>
		</Row>
		<Row>
			<Cell><Data ss:Type="String">1691</Data></Cell>
			<Cell><Data ss:Type="Number">-0.72</Data></Cell>
			<Cell><Data ss:Type="Number">-10.24</Data></Cell>
			<Cell><Data ss:Type="Number">-0.15</Data></Cell>
			<Cell><Data ss:Type="Number">-9.55</Data></Cell>
			<Cell><Data ss:Type="Number">0.48</Data></Cell>
			<Cell><Data ss:Type="Number">-1.09</Data></Cell>
			<Cell><Data ss:Type="Number">23</Data></Cell>
			<Cell><Data ss:Type="Number">39.1</Data></Cell>
			<Cell><Data ss:Type="Number">0</Data></Cell>
			<Cell><Data ss:Type="Number">0</Data></Cell>
			<Cell><Data ss:Type="String">2023-12-07 16:50:14.414355</Data></Cell>
		</Row>
		<Row>
			<Cell><Data ss:Type="String">1690</Data></Cell>
			<Cell><Data ss:Type="Number">2.19</Data></Cell>
			<Cell><Data ss:Type="Number">-9.96</Data></Cell>
			<Cell><Data ss:Type="Number">1.3</Data></Cell>
			<Cell><Data ss:Type="Number">-9.38</Data></Cell>
			<Cell><Data ss:Type="Number">-0.69</Data></Cell>
			<Cell><Data ss:Type="Number">-0.77</Data></Cell>
			<Cell><Data ss:Type="Number">23</Data></Cell>
			<Cell><Data ss:Type="Number">39.1</Data></Cell>
			<Cell><Data ss:Type="Number">0</Data></Cell>
			<Cell><Data ss:Type="Number">0</Data></Cell>
			<Cell><Data ss:Type="String">2023-12-07 16:50:14.357942</Data></Cell>
		</Row>
		<Row>
			<Cell><Data ss:Type="String">1689</Data></Cell>
			<Cell><Data ss:Type="Number">1.28</Data></Cell>
			<Cell><Data ss:Type="Number">-9.2</Data></Cell>
			<Cell><Data ss:Type="Number">0.77</Data></Cell>
			<Cell><Data ss:Type="Number">-9.37</Data></Cell>
			<Cell><Data ss:Type="Number">-1.7</Data></Cell>
			<Cell><Data ss:Type="Number">-0.74</Data></Cell>
			<Cell><Data ss:Type="Number">23</Data></Cell>
			<Cell><Data ss:Type="Number">39.1</Data></Cell>
			<Cell><Data ss:Type="Number">0</Data></Cell>
			<Cell><Data ss:Type="Number">0</Data></Cell>
			<Cell><Data ss:Type="String">2023-12-07 16:50:14.355781</Data></Cell>
		</Row>
		<Row>
			<Cell><Data ss:Type="String">1688</Data></Cell>
			<Cell><Data ss:Type="Number">-1.76</Data></Cell>
			<Cell><Data ss:Type="Number">-9.22</Data></Cell>
			<Cell><Data ss:Type="Number">1.26</Data></Cell>
			<Cell><Data ss:Type="Number">-3.92</Data></Cell>
			<Cell><Data ss:Type="Number">1.38</Data></Cell>
			<Cell><Data ss:Type="Number">-1.58</Data></Cell>
			<Cell><Data ss:Type="Number">23</Data></Cell>
			<Cell><Data ss:Type="Number">39.1</Data></Cell>
			<Cell><Data ss:Type="Number">0</Data></Cell>
			<Cell><Data ss:Type="Number">0</Data></Cell>
			<Cell><Data ss:Type="String">2023-12-07 16:50:14.353110</Data></Cell>
		</Row>
		<Row>
			<Cell><Data ss:Type="String">1687</Data></Cell>
			<Cell><Data ss:Type="Number">-0.08</Data></Cell>
			<Cell><Data ss:Type="Number">-10.5</Data></Cell>
			<Cell><Data ss:Type="Number">-0.29</Data></Cell>
			<Cell><Data ss:Type="Number">-9.64</Data></Cell>
			<Cell><Data ss:Type="Number">-0.01</Data></Cell>
			<Cell><Data ss:Type="Number">-0.91</Data></Cell>
			<Cell><Data ss:Type="Number">23</Data></Cell>
			<Cell><Data ss:Type="Number">39.1</Data></Cell>
			<Cell><Data ss:Type="Number">0</Data></Cell>
			<Cell><Data ss:Type="Number">0</Data></Cell>
			<Cell><Data ss:Type="String">2023-12-07 16:50:14.350319</Data></Cell>
		</Row>
		<Row>
			<Cell><Data ss:Type="String">1686</Data></Cell>
			<Cell><Data ss:Type="Number">0.21</Data></Cell>
			<Cell><Data ss:Type="Number">-10.36</Data></Cell>
			<Cell><Data ss:Type="Number">0.27</Data></Cell>
			<Cell><Data ss:Type="Number">-9.45</Data></Cell>
			<Cell><Data ss:Type="Number">-0.07</Data></Cell>
			<Cell><Data ss:Type="Number">-0.85</Data></Cell>
			<Cell><Data ss:Type="Number">23</Data></Cell>
			<Cell><Data ss:Type="Number">39.1</Data></Cell>
			<Cell><Data ss:Type="Number">0</Data></Cell>
			<Cell><Data ss:Type="Number">0</Data></Cell>
			<Cell><Data ss:Type="String">2023-12-07 16:50:14.347997</Data></Cell>
		</Row>
		<Row>
			<Cell><Data ss:Type="String">1685</Data></Cell>
			<Cell><Data ss:Type="Number">0.27</Data></Cell>
			<Cell><Data ss:Type="Number">-9.88</Data></Cell>
			<Cell><Data ss:Type="Number">0.06</Data></Cell>
			<Cell><Data ss:Type="Number">-9.43</Data></Cell>
			<Cell><Data ss:Type="Number">-0.12</Data></Cell>
			<Cell><Data ss:Type="Number">-0.86</Data></Cell>
			<Cell><Data ss:Type="Number">23</Data></Cell>
			<Cell><Data ss:Type="Number">39.1</Data></Cell>
			<Cell><Data ss:Type="Number">0</Data></Cell>
			<Cell><Data ss:Type="Number">0</Data></Cell>
			<Cell><Data ss:Type="String">2023-12-07 16:50:14.346064</Data></Cell>
		</Row>
		<Row>
			<Cell><Data ss:Type="String">1684</Data></Cell>
			<Cell><Data ss:Type="Number">0.59</Data></Cell>
			<Cell><Data ss:Type="Number">-10.17</Data></Cell>
			<Cell><Data ss:Type="Number">-0.1</Data></Cell>
			<Cell><Data ss:Type="Number">-9.42</Data></Cell>
			<Cell><Data ss:Type="Number">-0.08</Data></Cell>
			<Cell><Data ss:Type="Number">-0.93</Data></Cell>
			<Cell><Data ss:Type="Number">23</Data></Cell>
			<Cell><Data ss:Type="Number">39.1</Data></Cell>
			<Cell><Data ss:Type="Number">0</Data></Cell>
			<Cell><Data ss:Type="Number">0</Data></Cell>
			<Cell><Data ss:Type="String">2023-12-07 16:50:14.344040</Data></Cell>
		</Row>
		<Row>
			<Cell><Data ss:Type="String">1683</Data></Cell>
			<Cell><Data ss:Type="Number">0.64</Data></Cell>
			<Cell><Data ss:Type="Number">-10.12</Data></Cell>
			<Cell><Data ss:Type="Number">-0.2</Data></Cell>
			<Cell><Data ss:Type="Number">-9.51</Data></Cell>
			<Cell><Data ss:Type="Number">-0.09</Data></Cell>
			<Cell><Data ss:Type="Number">-0.87</Data></Cell>
			<Cell><Data ss:Type="Number">23</Data></Cell>
			<Cell><Data ss:Type="Number">39.1</Data></Cell>
			<Cell><Data ss:Type="Number">0</Data></Cell>
			<Cell><Data ss:Type="Number">0</Data></Cell>
			<Cell><Data ss:Type="String">2023-12-07 16:50:14.338633</Data></Cell>
		</Row>
		<Row>
			<Cell><Data ss:Type="String">1682</Data></Cell>
			<Cell><Data ss:Type="Number">-0.05</Data></Cell>
			<Cell><Data ss:Type="Number">-9.44</Data></Cell>
			<Cell><Data ss:Type="Number">0.73</Data></Cell>
			<Cell><Data ss:Type="Number">-9.47</Data></Cell>
			<Cell><Data ss:Type="Number">-0.07</Data></Cell>
			<Cell><Data ss:Type="Number">-0.82</Data></Cell>
			<Cell><Data ss:Type="Number">23</Data></Cell>
			<Cell><Data ss:Type="Number">39.1</Data></Cell>
			<Cell><Data ss:Type="Number">0</Data></Cell>
			<Cell><Data ss:Type="Number">0</Data></Cell>
			<Cell><Data ss:Type="String">2023-12-07 16:50:14.111631</Data></Cell>
		</Row>
		<Row>
			<Cell><Data ss:Type="String">1681</Data></Cell>
			<Cell><Data ss:Type="Number">0.6</Data></Cell>
			<Cell><Data ss:Type="Number">-10.23</Data></Cell>
			<Cell><Data ss:Type="Number">-0.2</Data></Cell>
			<Cell><Data ss:Type="Number">-9.46</Data></Cell>
			<Cell><Data ss:Type="Number">-0.08</Data></Cell>
			<Cell><Data ss:Type="Number">-0.88</Data></Cell>
			<Cell><Data ss:Type="Number">23</Data></Cell>
			<Cell><Data ss:Type="Number">39.1</Data></Cell>
			<Cell><Data ss:Type="Number">0</Data></Cell>
			<Cell><Data ss:Type="Number">0</Data></Cell>
			<Cell><Data ss:Type="String">2023-12-07 16:50:14.109813</Data></Cell>
		</Row>
		<Row>
			<Cell><Data ss:Type="String">1680</Data></Cell>
			<Cell><Data ss:Type="Number">0.25</Data></Cell>
			<Cell><Data ss:Type="Number">-10.3</Data></Cell>
			<Cell><Data ss:Type="Number">0.14</Data></Cell>
			<Cell><Data ss:Type="Number">-9.61</Data></Cell>
			<Cell><Data ss:Type="Number">-0.09</Data></Cell>
			<Cell><Data ss:Type="Number">-0.9</Data></Cell>
			<Cell><Data ss:Type="Number">23</Data></Cell>
			<Cell><Data ss:Type="Number">39.1</Data></Cell>
			<Cell><Data ss:Type="Number">0</Data></Cell>
			<Cell><Data ss:Type="Number">0</Data></Cell>
			<Cell><Data ss:Type="String">2023-12-07 16:50:14.107779</Data></Cell>
		</Row>
		<Row>
			<Cell><Data ss:Type="String">1679</Data></Cell>
			<Cell><Data ss:Type="Number">-0.34</Data></Cell>
			<Cell><Data ss:Type="Number">-10.13</Data></Cell>
			<Cell><Data ss:Type="Number">0.14</Data></Cell>
			<Cell><Data ss:Type="Number">-9.53</Data></Cell>
			<Cell><Data ss:Type="Number">-0.07</Data></Cell>
			<Cell><Data ss:Type="Number">-0.9</Data></Cell>
			<Cell><Data ss:Type="Number">23</Data></Cell>
			<Cell><Data ss:Type="Number">39.1</Data></Cell>
			<Cell><Data ss:Type="Number">0</Data></Cell>
			<Cell><Data ss:Type="Number">0</Data></Cell>
			<Cell><Data ss:Type="String">2023-12-07 16:50:13.984592</Data></Cell>
		</Row>
		<Row>
			<Cell><Data ss:Type="String">1678</Data></Cell>
			<Cell><Data ss:Type="Number">0.39</Data></Cell>
			<Cell><Data ss:Type="Number">-10.22</Data></Cell>
			<Cell><Data ss:Type="Number">0.25</Data></Cell>
			<Cell><Data ss:Type="Number">-9.5</Data></Cell>
			<Cell><Data ss:Type="Number">-0.08</Data></Cell>
			<Cell><Data ss:Type="Number">-0.91</Data></Cell>
			<Cell><Data ss:Type="Number">23</Data></Cell>
			<Cell><Data ss:Type="Number">39.1</Data></Cell>
			<Cell><Data ss:Type="Number">0</Data></Cell>
			<Cell><Data ss:Type="Number">0</Data></Cell>
			<Cell><Data ss:Type="String">2023-12-07 16:50:13.982319</Data></Cell>
		</Row>
		<Row>
			<Cell><Data ss:Type="String">1677</Data></Cell>
			<Cell><Data ss:Type="Number">0.43</Data></Cell>
			<Cell><Data ss:Type="Number">-9.87</Data></Cell>
			<Cell><Data ss:Type="Number">0.35</Data></Cell>
			<Cell><Data ss:Type="Number">-9.52</Data></Cell>
			<Cell><Data ss:Type="Number">-0.08</Data></Cell>
			<Cell><Data ss:Type="Number">-0.86</Data></Cell>
			<Cell><Data ss:Type="Number">23</Data></Cell>
			<Cell><Data ss:Type="Number">39.1</Data></Cell>
			<Cell><Data ss:Type="Number">0</Data></Cell>
			<Cell><Data ss:Type="Number">0</Data></Cell>
			<Cell><Data ss:Type="String">2023-12-07 16:50:13.937227</Data></Cell>
		</Row>
		<Row>
			<Cell><Data ss:Type="String">1676</Data></Cell>
			<Cell><Data ss:Type="Number">0.5</Data></Cell>
			<Cell><Data ss:Type="Number">-9.78</Data></Cell>
			<Cell><Data ss:Type="Number">0.48</Data></Cell>
			<Cell><Data ss:Type="Number">-9.4</Data></Cell>
			<Cell><Data ss:Type="Number">-0.09</Data></Cell>
			<Cell><Data ss:Type="Number">-0.86</Data></Cell>
			<Cell><Data ss:Type="Number">23</Data></Cell>
			<Cell><Data ss:Type="Number">39.1</Data></Cell>
			<Cell><Data ss:Type="Number">0</Data></Cell>
			<Cell><Data ss:Type="Number">0</Data></Cell>
			<Cell><Data ss:Type="String">2023-12-07 16:50:13.891200</Data></Cell>
		</Row>
		<Row>
			<Cell><Data ss:Type="String">1675</Data></Cell>
			<Cell><Data ss:Type="Number">0.11</Data></Cell>
			<Cell><Data ss:Type="Number">-10.4</Data></Cell>
			<Cell><Data ss:Type="Number">0.2</Data></Cell>
			<Cell><Data ss:Type="Number">-9.56</Data></Cell>
			<Cell><Data ss:Type="Number">-0.05</Data></Cell>
			<Cell><Data ss:Type="Number">-0.86</Data></Cell>
			<Cell><Data ss:Type="Number">23</Data></Cell>
			<Cell><Data ss:Type="Number">39.1</Data></Cell>
			<Cell><Data ss:Type="Number">0</Data></Cell>
			<Cell><Data ss:Type="Number">0</Data></Cell>
			<Cell><Data ss:Type="String">2023-12-07 16:50:13.847019</Data></Cell>
		</Row>
		<Row>
			<Cell><Data ss:Type="String">1674</Data></Cell>
			<Cell><Data ss:Type="Number">0.01</Data></Cell>
			<Cell><Data ss:Type="Number">-10.15</Data></Cell>
			<Cell><Data ss:Type="Number">0.2</Data></Cell>
			<Cell><Data ss:Type="Number">-9.37</Data></Cell>
			<Cell><Data ss:Type="Number">-0.04</Data></Cell>
			<Cell><Data ss:Type="Number">-0.93</Data></Cell>
			<Cell><Data ss:Type="Number">23</Data></Cell>
			<Cell><Data ss:Type="Number">39.1</Data></Cell>
			<Cell><Data ss:Type="Number">0</Data></Cell>
			<Cell><Data ss:Type="Number">0</Data></Cell>
			<Cell><Data ss:Type="String">2023-12-07 16:50:13.845038</Data></Cell>
		</Row>
		<Row>
			<Cell><Data ss:Type="String">1673</Data></Cell>
			<Cell><Data ss:Type="Number">0.45</Data></Cell>
			<Cell><Data ss:Type="Number">-10.41</Data></Cell>
			<Cell><Data ss:Type="Number">0.12</Data></Cell>
			<Cell><Data ss:Type="Number">-9.42</Data></Cell>
			<Cell><Data ss:Type="Number">-0.06</Data></Cell>
			<Cell><Data ss:Type="Number">-0.9</Data></Cell>
			<Cell><Data ss:Type="Number">23</Data></Cell>
			<Cell><Data ss:Type="Number">39.1</Data></Cell>
			<Cell><Data ss:Type="Number">0</Data></Cell>
			<Cell><Data ss:Type="Number">0</Data></Cell>
			<Cell><Data ss:Type="String">2023-12-07 16:50:13.799688</Data></Cell>
		</Row>
		<Row>
			<Cell><Data ss:Type="String">1672</Data></Cell>
			<Cell><Data ss:Type="Number">0.09</Data></Cell>
			<Cell><Data ss:Type="Number">-9.7</Data></Cell>
			<Cell><Data ss:Type="Number">0.25</Data></Cell>
			<Cell><Data ss:Type="Number">-9.4</Data></Cell>
			<Cell><Data ss:Type="Number">-0.04</Data></Cell>
			<Cell><Data ss:Type="Number">-0.96</Data></Cell>
			<Cell><Data ss:Type="Number">23</Data></Cell>
			<Cell><Data ss:Type="Number">39.1</Data></Cell>
			<Cell><Data ss:Type="Number">0</Data></Cell>
			<Cell><Data ss:Type="Number">0</Data></Cell>
			<Cell><Data ss:Type="String">2023-12-07 16:50:13.756569</Data></Cell>
		</Row>
		<Row>
			<Cell><Data ss:Type="String">1671</Data></Cell>
			<Cell><Data ss:Type="Number">-0.01</Data></Cell>
			<Cell><Data ss:Type="Number">-10.9</Data></Cell>
			<Cell><Data ss:Type="Number">-0.02</Data></Cell>
			<Cell><Data ss:Type="Number">-9.67</Data></Cell>
			<Cell><Data ss:Type="Number">-0.09</Data></Cell>
			<Cell><Data ss:Type="Number">-0.89</Data></Cell>
			<Cell><Data ss:Type="Number">23</Data></Cell>
			<Cell><Data ss:Type="Number">39.1</Data></Cell>
			<Cell><Data ss:Type="Number">0</Data></Cell>
			<Cell><Data ss:Type="Number">0</Data></Cell>
			<Cell><Data ss:Type="String">2023-12-07 16:50:13.701711</Data></Cell>
		</Row>
		<Row>
			<Cell><Data ss:Type="String">1670</Data></Cell>
			<Cell><Data ss:Type="Number">0.2</Data></Cell>
			<Cell><Data ss:Type="Number">-10.1</Data></Cell>
			<Cell><Data ss:Type="Number">0</Data></Cell>
			<Cell><Data ss:Type="Number">-9.56</Data></Cell>
			<Cell><Data ss:Type="Number">-0.03</Data></Cell>
			<Cell><Data ss:Type="Number">-0.89</Data></Cell>
			<Cell><Data ss:Type="Number">23</Data></Cell>
			<Cell><Data ss:Type="Number">39.1</Data></Cell>
			<Cell><Data ss:Type="Number">0</Data></Cell>
			<Cell><Data ss:Type="Number">0</Data></Cell>
			<Cell><Data ss:Type="String">2023-12-07 16:50:13.699412</Data></Cell>
		</Row>
		<Row>
			<Cell><Data ss:Type="String">1669</Data></Cell>
			<Cell><Data ss:Type="Number">-0.06</Data></Cell>
			<Cell><Data ss:Type="Number">-9.97</Data></Cell>
			<Cell><Data ss:Type="Number">0.23</Data></Cell>
			<Cell><Data ss:Type="Number">-9.52</Data></Cell>
			<Cell><Data ss:Type="Number">-0.07</Data></Cell>
			<Cell><Data ss:Type="Number">-0.85</Data></Cell>
			<Cell><Data ss:Type="Number">23</Data></Cell>
			<Cell><Data ss:Type="Number">39.1</Data></Cell>
			<Cell><Data ss:Type="Number">0</Data></Cell>
			<Cell><Data ss:Type="Number">0</Data></Cell>
			<Cell><Data ss:Type="String">2023-12-07 16:50:13.697435</Data></Cell>
		</Row>
		<Row>
			<Cell><Data ss:Type="String">1668</Data></Cell>
			<Cell><Data ss:Type="Number">0.09</Data></Cell>
			<Cell><Data ss:Type="Number">-10.21</Data></Cell>
			<Cell><Data ss:Type="Number">0.16</Data></Cell>
			<Cell><Data ss:Type="Number">-9.41</Data></Cell>
			<Cell><Data ss:Type="Number">-0.14</Data></Cell>
			<Cell><Data ss:Type="Number">-0.99</Data></Cell>
			<Cell><Data ss:Type="Number">23</Data></Cell>
			<Cell><Data ss:Type="Number">39.1</Data></Cell>
			<Cell><Data ss:Type="Number">0</Data></Cell>
			<Cell><Data ss:Type="Number">0</Data></Cell>
			<Cell><Data ss:Type="String">2023-12-07 16:50:13.695335</Data></Cell>
		</Row>
		<Row>
			<Cell><Data ss:Type="String">1667</Data></Cell>
			<Cell><Data ss:Type="Number">0.24</Data></Cell>
			<Cell><Data ss:Type="Number">-9.69</Data></Cell>
			<Cell><Data ss:Type="Number">0.71</Data></Cell>
			<Cell><Data ss:Type="Number">-9.46</Data></Cell>
			<Cell><Data ss:Type="Number">-0.08</Data></Cell>
			<Cell><Data ss:Type="Number">-0.87</Data></Cell>
			<Cell><Data ss:Type="Number">23</Data></Cell>
			<Cell><Data ss:Type="Number">39.1</Data></Cell>
			<Cell><Data ss:Type="Number">0</Data></Cell>
			<Cell><Data ss:Type="Number">0</Data></Cell>
			<Cell><Data ss:Type="String">2023-12-07 16:50:13.539047</Data></Cell>
		</Row>
		<Row>
			<Cell><Data ss:Type="String">1666</Data></Cell>
			<Cell><Data ss:Type="Number">0.27</Data></Cell>
			<Cell><Data ss:Type="Number">-9.8</Data></Cell>
			<Cell><Data ss:Type="Number">0.24</Data></Cell>
			<Cell><Data ss:Type="Number">-9.51</Data></Cell>
			<Cell><Data ss:Type="Number">-0.09</Data></Cell>
			<Cell><Data ss:Type="Number">-0.95</Data></Cell>
			<Cell><Data ss:Type="Number">23</Data></Cell>
			<Cell><Data ss:Type="Number">39.1</Data></Cell>
			<Cell><Data ss:Type="Number">0</Data></Cell>
			<Cell><Data ss:Type="Number">0</Data></Cell>
			<Cell><Data ss:Type="String">2023-12-07 16:50:13.507592</Data></Cell>
		</Row>
		<Row>
			<Cell><Data ss:Type="String">1665</Data></Cell>
			<Cell><Data ss:Type="Number">0.17</Data></Cell>
			<Cell><Data ss:Type="Number">-10.95</Data></Cell>
			<Cell><Data ss:Type="Number">0.34</Data></Cell>
			<Cell><Data ss:Type="Number">-9.72</Data></Cell>
			<Cell><Data ss:Type="Number">-0.03</Data></Cell>
			<Cell><Data ss:Type="Number">-0.84</Data></Cell>
			<Cell><Data ss:Type="Number">23</Data></Cell>
			<Cell><Data ss:Type="Number">39.1</Data></Cell>
			<Cell><Data ss:Type="Number">0</Data></Cell>
			<Cell><Data ss:Type="Number">0</Data></Cell>
			<Cell><Data ss:Type="String">2023-12-07 16:50:13.504165</Data></Cell>
		</Row>
		<Row>
			<Cell><Data ss:Type="String">1664</Data></Cell>
			<Cell><Data ss:Type="Number">0.09</Data></Cell>
			<Cell><Data ss:Type="Number">-10.72</Data></Cell>
			<Cell><Data ss:Type="Number">0.11</Data></Cell>
			<Cell><Data ss:Type="Number">-9.49</Data></Cell>
			<Cell><Data ss:Type="Number">-0.1</Data></Cell>
			<Cell><Data ss:Type="Number">-0.87</Data></Cell>
			<Cell><Data ss:Type="Number">23</Data></Cell>
			<Cell><Data ss:Type="Number">39.1</Data></Cell>
			<Cell><Data ss:Type="Number">0</Data></Cell>
			<Cell><Data ss:Type="Number">0</Data></Cell>
			<Cell><Data ss:Type="String">2023-12-07 16:50:13.500300</Data></Cell>
		</Row>
		<Row>
			<Cell><Data ss:Type="String">1663</Data></Cell>
			<Cell><Data ss:Type="Number">0.46</Data></Cell>
			<Cell><Data ss:Type="Number">-9.92</Data></Cell>
			<Cell><Data ss:Type="Number">0.03</Data></Cell>
			<Cell><Data ss:Type="Number">-9.36</Data></Cell>
			<Cell><Data ss:Type="Number">-0.08</Data></Cell>
			<Cell><Data ss:Type="Number">-0.92</Data></Cell>
			<Cell><Data ss:Type="Number">23</Data></Cell>
			<Cell><Data ss:Type="Number">39.1</Data></Cell>
			<Cell><Data ss:Type="Number">0</Data></Cell>
			<Cell><Data ss:Type="Number">0</Data></Cell>
			<Cell><Data ss:Type="String">2023-12-07 16:50:13.498001</Data></Cell>
		</Row>
		<Row>
			<Cell><Data ss:Type="String">1662</Data></Cell>
			<Cell><Data ss:Type="Number">0.41</Data></Cell>
			<Cell><Data ss:Type="Number">-10.14</Data></Cell>
			<Cell><Data ss:Type="Number">0.02</Data></Cell>
			<Cell><Data ss:Type="Number">-9.38</Data></Cell>
			<Cell><Data ss:Type="Number">-0.01</Data></Cell>
			<Cell><Data ss:Type="Number">-0.89</Data></Cell>
			<Cell><Data ss:Type="Number">23</Data></Cell>
			<Cell><Data ss:Type="Number">39.1</Data></Cell>
			<Cell><Data ss:Type="Number">0</Data></Cell>
			<Cell><Data ss:Type="Number">0</Data></Cell>
			<Cell><Data ss:Type="String">2023-12-07 16:50:13.495889</Data></Cell>
		</Row>
		<Row>
			<Cell><Data ss:Type="String">1661</Data></Cell>
			<Cell><Data ss:Type="Number">0.53</Data></Cell>
			<Cell><Data ss:Type="Number">-9.68</Data></Cell>
			<Cell><Data ss:Type="Number">-0.25</Data></Cell>
			<Cell><Data ss:Type="Number">-9.57</Data></Cell>
			<Cell><Data ss:Type="Number">-0.23</Data></Cell>
			<Cell><Data ss:Type="Number">-0.96</Data></Cell>
			<Cell><Data ss:Type="Number">23</Data></Cell>
			<Cell><Data ss:Type="Number">39.1</Data></Cell>
			<Cell><Data ss:Type="Number">0</Data></Cell>
			<Cell><Data ss:Type="Number">0</Data></Cell>
			<Cell><Data ss:Type="String">2023-12-07 16:50:13.493609</Data></Cell>
		</Row>
		<Row>
			<Cell><Data ss:Type="String">1660</Data></Cell>
			<Cell><Data ss:Type="Number">-0.25</Data></Cell>
			<Cell><Data ss:Type="Number">-9.78</Data></Cell>
			<Cell><Data ss:Type="Number">0.12</Data></Cell>
			<Cell><Data ss:Type="Number">-9.51</Data></Cell>
			<Cell><Data ss:Type="Number">-0.09</Data></Cell>
			<Cell><Data ss:Type="Number">-0.85</Data></Cell>
			<Cell><Data ss:Type="Number">23</Data></Cell>
			<Cell><Data ss:Type="Number">39.1</Data></Cell>
			<Cell><Data ss:Type="Number">0</Data></Cell>
			<Cell><Data ss:Type="Number">0</Data></Cell>
			<Cell><Data ss:Type="String">2023-12-07 16:50:13.295231</Data></Cell>
		</Row>
		<Row>
			<Cell><Data ss:Type="String">1659</Data></Cell>
			<Cell><Data ss:Type="Number">-0.33</Data></Cell>
			<Cell><Data ss:Type="Number">-9.87</Data></Cell>
			<Cell><Data ss:Type="Number">-0.67</Data></Cell>
			<Cell><Data ss:Type="Number">-9.52</Data></Cell>
			<Cell><Data ss:Type="Number">0.06</Data></Cell>
			<Cell><Data ss:Type="Number">-0.93</Data></Cell>
			<Cell><Data ss:Type="Number">23</Data></Cell>
			<Cell><Data ss:Type="Number">39.1</Data></Cell>
			<Cell><Data ss:Type="Number">0</Data></Cell>
			<Cell><Data ss:Type="Number">0</Data></Cell>
			<Cell><Data ss:Type="String">2023-12-07 16:50:13.292889</Data></Cell>
		</Row>
		<Row>
			<Cell><Data ss:Type="String">1658</Data></Cell>
			<Cell><Data ss:Type="Number">0.89</Data></Cell>
			<Cell><Data ss:Type="Number">-9.56</Data></Cell>
			<Cell><Data ss:Type="Number">0.09</Data></Cell>
			<Cell><Data ss:Type="Number">-9.37</Data></Cell>
			<Cell><Data ss:Type="Number">-0.01</Data></Cell>
			<Cell><Data ss:Type="Number">-1.01</Data></Cell>
			<Cell><Data ss:Type="Number">23</Data></Cell>
			<Cell><Data ss:Type="Number">39.1</Data></Cell>
			<Cell><Data ss:Type="Number">0</Data></Cell>
			<Cell><Data ss:Type="Number">0</Data></Cell>
			<Cell><Data ss:Type="String">2023-12-07 16:50:13.246920</Data></Cell>
		</Row>
		<Row>
			<Cell><Data ss:Type="String">1657</Data></Cell>
			<Cell><Data ss:Type="Number">1.12</Data></Cell>
			<Cell><Data ss:Type="Number">-10.29</Data></Cell>
			<Cell><Data ss:Type="Number">0.44</Data></Cell>
			<Cell><Data ss:Type="Number">-9.5</Data></Cell>
			<Cell><Data ss:Type="Number">-0.55</Data></Cell>
			<Cell><Data ss:Type="Number">-0.85</Data></Cell>
			<Cell><Data ss:Type="Number">23</Data></Cell>
			<Cell><Data ss:Type="Number">39.1</Data></Cell>
			<Cell><Data ss:Type="Number">0</Data></Cell>
			<Cell><Data ss:Type="Number">0</Data></Cell>
			<Cell><Data ss:Type="String">2023-12-07 16:50:13.202349</Data></Cell>
		</Row>
		<Row>
			<Cell><Data ss:Type="String">1656</Data></Cell>
			<Cell><Data ss:Type="Number">-0.25</Data></Cell>
			<Cell><Data ss:Type="Number">-10.18</Data></Cell>
			<Cell><Data ss:Type="Number">-0.25</Data></Cell>
			<Cell><Data ss:Type="Number">-9.55</Data></Cell>
			<Cell><Data ss:Type="Number">0.06</Data></Cell>
			<Cell><Data ss:Type="Number">-0.95</Data></Cell>
			<Cell><Data ss:Type="Number">23</Data></Cell>
			<Cell><Data ss:Type="Number">39.1</Data></Cell>
			<Cell><Data ss:Type="Number">0</Data></Cell>
			<Cell><Data ss:Type="Number">0</Data></Cell>
			<Cell><Data ss:Type="String">2023-12-07 16:50:13.159196</Data></Cell>
		</Row>
		<Row>
			<Cell><Data ss:Type="String">1655</Data></Cell>
			<Cell><Data ss:Type="Number">-0.56</Data></Cell>
			<Cell><Data ss:Type="Number">-10.2</Data></Cell>
			<Cell><Data ss:Type="Number">-0.79</Data></Cell>
			<Cell><Data ss:Type="Number">-9.45</Data></Cell>
			<Cell><Data ss:Type="Number">0.57</Data></Cell>
			<Cell><Data ss:Type="Number">-0.99</Data></Cell>
			<Cell><Data ss:Type="Number">23</Data></Cell>
			<Cell><Data ss:Type="Number">39.1</Data></Cell>
			<Cell><Data ss:Type="Number">0</Data></Cell>
			<Cell><Data ss:Type="Number">0</Data></Cell>
			<Cell><Data ss:Type="String">2023-12-07 16:50:13.157143</Data></Cell>
		</Row>
		<Row>
			<Cell><Data ss:Type="String">1654</Data></Cell>
			<Cell><Data ss:Type="Number">2.68</Data></Cell>
			<Cell><Data ss:Type="Number">-9.72</Data></Cell>
			<Cell><Data ss:Type="Number">1.3</Data></Cell>
			<Cell><Data ss:Type="Number">-9.52</Data></Cell>
			<Cell><Data ss:Type="Number">-0.94</Data></Cell>
			<Cell><Data ss:Type="Number">-0.75</Data></Cell>
			<Cell><Data ss:Type="Number">23</Data></Cell>
			<Cell><Data ss:Type="Number">39.1</Data></Cell>
			<Cell><Data ss:Type="Number">0</Data></Cell>
			<Cell><Data ss:Type="Number">0</Data></Cell>
			<Cell><Data ss:Type="String">2023-12-07 16:50:13.112478</Data></Cell>
		</Row>
		<Row>
			<Cell><Data ss:Type="String">1653</Data></Cell>
			<Cell><Data ss:Type="Number">0.13</Data></Cell>
			<Cell><Data ss:Type="Number">-9.09</Data></Cell>
			<Cell><Data ss:Type="Number">0.4</Data></Cell>
			<Cell><Data ss:Type="Number">-9.39</Data></Cell>
			<Cell><Data ss:Type="Number">-1.16</Data></Cell>
			<Cell><Data ss:Type="Number">-0.69</Data></Cell>
			<Cell><Data ss:Type="Number">23</Data></Cell>
			<Cell><Data ss:Type="Number">39.1</Data></Cell>
			<Cell><Data ss:Type="Number">0</Data></Cell>
			<Cell><Data ss:Type="Number">0</Data></Cell>
			<Cell><Data ss:Type="String">2023-12-07 16:50:13.059774</Data></Cell>
		</Row>
		<Row>
			<Cell><Data ss:Type="String">1652</Data></Cell>
			<Cell><Data ss:Type="Number">-2.02</Data></Cell>
			<Cell><Data ss:Type="Number">-15.08</Data></Cell>
			<Cell><Data ss:Type="Number">-0.1</Data></Cell>
			<Cell><Data ss:Type="Number">-11.25</Data></Cell>
			<Cell><Data ss:Type="Number">0.45</Data></Cell>
			<Cell><Data ss:Type="Number">-1.09</Data></Cell>
			<Cell><Data ss:Type="Number">23</Data></Cell>
			<Cell><Data ss:Type="Number">39.1</Data></Cell>
			<Cell><Data ss:Type="Number">0</Data></Cell>
			<Cell><Data ss:Type="Number">0</Data></Cell>
			<Cell><Data ss:Type="String">2023-12-07 16:50:13.050118</Data></Cell>
		</Row>
		<Row>
			<Cell><Data ss:Type="String">1651</Data></Cell>
			<Cell><Data ss:Type="Number">0.25</Data></Cell>
			<Cell><Data ss:Type="Number">-10.18</Data></Cell>
			<Cell><Data ss:Type="Number">0.18</Data></Cell>
			<Cell><Data ss:Type="Number">-9.51</Data></Cell>
			<Cell><Data ss:Type="Number">-0.06</Data></Cell>
			<Cell><Data ss:Type="Number">-0.88</Data></Cell>
			<Cell><Data ss:Type="Number">23</Data></Cell>
			<Cell><Data ss:Type="Number">39.1</Data></Cell>
			<Cell><Data ss:Type="Number">0</Data></Cell>
			<Cell><Data ss:Type="Number">0</Data></Cell>
			<Cell><Data ss:Type="String">2023-12-07 16:50:13.048046</Data></Cell>
		</Row>
		<Row>
			<Cell><Data ss:Type="String">1650</Data></Cell>
			<Cell><Data ss:Type="Number">0.31</Data></Cell>
			<Cell><Data ss:Type="Number">-10.1</Data></Cell>
			<Cell><Data ss:Type="Number">0.2</Data></Cell>
			<Cell><Data ss:Type="Number">-9.49</Data></Cell>
			<Cell><Data ss:Type="Number">-0.06</Data></Cell>
			<Cell><Data ss:Type="Number">-0.89</Data></Cell>
			<Cell><Data ss:Type="Number">23</Data></Cell>
			<Cell><Data ss:Type="Number">39.1</Data></Cell>
			<Cell><Data ss:Type="Number">0</Data></Cell>
			<Cell><Data ss:Type="Number">0</Data></Cell>
			<Cell><Data ss:Type="String">2023-12-07 16:50:12.987903</Data></Cell>
		</Row>
		<Row>
			<Cell><Data ss:Type="String">1649</Data></Cell>
			<Cell><Data ss:Type="Number">0.27</Data></Cell>
			<Cell><Data ss:Type="Number">-10.08</Data></Cell>
			<Cell><Data ss:Type="Number">0.19</Data></Cell>
			<Cell><Data ss:Type="Number">-9.44</Data></Cell>
			<Cell><Data ss:Type="Number">-0.06</Data></Cell>
			<Cell><Data ss:Type="Number">-0.92</Data></Cell>
			<Cell><Data ss:Type="Number">23</Data></Cell>
			<Cell><Data ss:Type="Number">39.1</Data></Cell>
			<Cell><Data ss:Type="Number">0</Data></Cell>
			<Cell><Data ss:Type="Number">0</Data></Cell>
			<Cell><Data ss:Type="String">2023-12-07 16:50:12.943208</Data></Cell>
		</Row>
		<Row>
			<Cell><Data ss:Type="String">1648</Data></Cell>
			<Cell><Data ss:Type="Number">0.31</Data></Cell>
			<Cell><Data ss:Type="Number">-10.01</Data></Cell>
			<Cell><Data ss:Type="Number">0.06</Data></Cell>
			<Cell><Data ss:Type="Number">-9.46</Data></Cell>
			<Cell><Data ss:Type="Number">-0.11</Data></Cell>
			<Cell><Data ss:Type="Number">-0.94</Data></Cell>
			<Cell><Data ss:Type="Number">23</Data></Cell>
			<Cell><Data ss:Type="Number">39.1</Data></Cell>
			<Cell><Data ss:Type="Number">0</Data></Cell>
			<Cell><Data ss:Type="Number">0</Data></Cell>
			<Cell><Data ss:Type="String">2023-12-07 16:50:12.941153</Data></Cell>
		</Row>
		<Row>
			<Cell><Data ss:Type="String">1647</Data></Cell>
			<Cell><Data ss:Type="Number">0.28</Data></Cell>
			<Cell><Data ss:Type="Number">-10.08</Data></Cell>
			<Cell><Data ss:Type="Number">0.04</Data></Cell>
			<Cell><Data ss:Type="Number">-9.52</Data></Cell>
			<Cell><Data ss:Type="Number">-0.08</Data></Cell>
			<Cell><Data ss:Type="Number">-0.91</Data></Cell>
			<Cell><Data ss:Type="Number">23</Data></Cell>
			<Cell><Data ss:Type="Number">39.1</Data></Cell>
			<Cell><Data ss:Type="Number">0</Data></Cell>
			<Cell><Data ss:Type="Number">0</Data></Cell>
			<Cell><Data ss:Type="String">2023-12-07 16:50:12.896349</Data></Cell>
		</Row>
		<Row>
			<Cell><Data ss:Type="String">1646</Data></Cell>
			<Cell><Data ss:Type="Number">0.27</Data></Cell>
			<Cell><Data ss:Type="Number">-10.11</Data></Cell>
			<Cell><Data ss:Type="Number">0.22</Data></Cell>
			<Cell><Data ss:Type="Number">-9.54</Data></Cell>
			<Cell><Data ss:Type="Number">-0.07</Data></Cell>
			<Cell><Data ss:Type="Number">-0.89</Data></Cell>
			<Cell><Data ss:Type="Number">23</Data></Cell>
			<Cell><Data ss:Type="Number">39.1</Data></Cell>
			<Cell><Data ss:Type="Number">0</Data></Cell>
			<Cell><Data ss:Type="Number">0</Data></Cell>
			<Cell><Data ss:Type="String">2023-12-07 16:50:12.834026</Data></Cell>
		</Row>
		<Row>
			<Cell><Data ss:Type="String">1645</Data></Cell>
			<Cell><Data ss:Type="Number">0.25</Data></Cell>
			<Cell><Data ss:Type="Number">-10.06</Data></Cell>
			<Cell><Data ss:Type="Number">0.16</Data></Cell>
			<Cell><Data ss:Type="Number">-9.45</Data></Cell>
			<Cell><Data ss:Type="Number">-0.07</Data></Cell>
			<Cell><Data ss:Type="Number">-0.94</Data></Cell>
			<Cell><Data ss:Type="Number">23</Data></Cell>
			<Cell><Data ss:Type="Number">39.1</Data></Cell>
			<Cell><Data ss:Type="Number">0</Data></Cell>
			<Cell><Data ss:Type="Number">0</Data></Cell>
			<Cell><Data ss:Type="String">2023-12-07 16:50:12.832150</Data></Cell>
		</Row>
		<Row>
			<Cell><Data ss:Type="String">1644</Data></Cell>
			<Cell><Data ss:Type="Number">0.25</Data></Cell>
			<Cell><Data ss:Type="Number">-9.98</Data></Cell>
			<Cell><Data ss:Type="Number">0.18</Data></Cell>
			<Cell><Data ss:Type="Number">-9.42</Data></Cell>
			<Cell><Data ss:Type="Number">-0.06</Data></Cell>
			<Cell><Data ss:Type="Number">-0.94</Data></Cell>
			<Cell><Data ss:Type="Number">23</Data></Cell>
			<Cell><Data ss:Type="Number">39.1</Data></Cell>
			<Cell><Data ss:Type="Number">0</Data></Cell>
			<Cell><Data ss:Type="Number">0</Data></Cell>
			<Cell><Data ss:Type="String">2023-12-07 16:50:12.792565</Data></Cell>
		</Row>
		<Row>
			<Cell><Data ss:Type="String">1643</Data></Cell>
			<Cell><Data ss:Type="Number">0.3</Data></Cell>
			<Cell><Data ss:Type="Number">-10.04</Data></Cell>
			<Cell><Data ss:Type="Number">0.12</Data></Cell>
			<Cell><Data ss:Type="Number">-9.47</Data></Cell>
			<Cell><Data ss:Type="Number">-0.09</Data></Cell>
			<Cell><Data ss:Type="Number">-0.94</Data></Cell>
			<Cell><Data ss:Type="Number">23</Data></Cell>
			<Cell><Data ss:Type="Number">39.1</Data></Cell>
			<Cell><Data ss:Type="Number">0</Data></Cell>
			<Cell><Data ss:Type="Number">0</Data></Cell>
			<Cell><Data ss:Type="String">2023-12-07 16:50:12.790650</Data></Cell>
		</Row>
		<Row>
			<Cell><Data ss:Type="String">1642</Data></Cell>
			<Cell><Data ss:Type="Number">0.26</Data></Cell>
			<Cell><Data ss:Type="Number">-10.13</Data></Cell>
			<Cell><Data ss:Type="Number">0.15</Data></Cell>
			<Cell><Data ss:Type="Number">-9.5</Data></Cell>
			<Cell><Data ss:Type="Number">-0.07</Data></Cell>
			<Cell><Data ss:Type="Number">-0.92</Data></Cell>
			<Cell><Data ss:Type="Number">23</Data></Cell>
			<Cell><Data ss:Type="Number">39.1</Data></Cell>
			<Cell><Data ss:Type="Number">0</Data></Cell>
			<Cell><Data ss:Type="Number">0</Data></Cell>
			<Cell><Data ss:Type="String">2023-12-07 16:50:12.788427</Data></Cell>
		</Row>
		<Row>
			<Cell><Data ss:Type="String">1641</Data></Cell>
			<Cell><Data ss:Type="Number">0.31</Data></Cell>
			<Cell><Data ss:Type="Number">-10.16</Data></Cell>
			<Cell><Data ss:Type="Number">0.18</Data></Cell>
			<Cell><Data ss:Type="Number">-9.53</Data></Cell>
			<Cell><Data ss:Type="Number">-0.09</Data></Cell>
			<Cell><Data ss:Type="Number">-0.9</Data></Cell>
			<Cell><Data ss:Type="Number">23</Data></Cell>
			<Cell><Data ss:Type="Number">39.1</Data></Cell>
			<Cell><Data ss:Type="Number">0</Data></Cell>
			<Cell><Data ss:Type="Number">0</Data></Cell>
			<Cell><Data ss:Type="String">2023-12-07 16:50:12.785749</Data></Cell>
		</Row>
		<Row>
			<Cell><Data ss:Type="String">1640</Data></Cell>
			<Cell><Data ss:Type="Number">0.25</Data></Cell>
			<Cell><Data ss:Type="Number">-10.22</Data></Cell>
			<Cell><Data ss:Type="Number">0.04</Data></Cell>
			<Cell><Data ss:Type="Number">-9.5</Data></Cell>
			<Cell><Data ss:Type="Number">-0.07</Data></Cell>
			<Cell><Data ss:Type="Number">-0.89</Data></Cell>
			<Cell><Data ss:Type="Number">23</Data></Cell>
			<Cell><Data ss:Type="Number">39.1</Data></Cell>
			<Cell><Data ss:Type="Number">0</Data></Cell>
			<Cell><Data ss:Type="Number">0</Data></Cell>
			<Cell><Data ss:Type="String">2023-12-07 16:50:12.783509</Data></Cell>
		</Row>
		<Row>
			<Cell><Data ss:Type="String">1639</Data></Cell>
			<Cell><Data ss:Type="Number">0.25</Data></Cell>
			<Cell><Data ss:Type="Number">-10.01</Data></Cell>
			<Cell><Data ss:Type="Number">0.09</Data></Cell>
			<Cell><Data ss:Type="Number">-9.43</Data></Cell>
			<Cell><Data ss:Type="Number">-0.06</Data></Cell>
			<Cell><Data ss:Type="Number">-0.95</Data></Cell>
			<Cell><Data ss:Type="Number">23</Data></Cell>
			<Cell><Data ss:Type="Number">39.1</Data></Cell>
			<Cell><Data ss:Type="Number">0</Data></Cell>
			<Cell><Data ss:Type="Number">0</Data></Cell>
			<Cell><Data ss:Type="String">2023-12-07 16:50:12.781607</Data></Cell>
		</Row>
		<Row>
			<Cell><Data ss:Type="String">1638</Data></Cell>
			<Cell><Data ss:Type="Number">0.37</Data></Cell>
			<Cell><Data ss:Type="Number">-10</Data></Cell>
			<Cell><Data ss:Type="Number">0.07</Data></Cell>
			<Cell><Data ss:Type="Number">-9.46</Data></Cell>
			<Cell><Data ss:Type="Number">-0.09</Data></Cell>
			<Cell><Data ss:Type="Number">-0.97</Data></Cell>
			<Cell><Data ss:Type="Number">23</Data></Cell>
			<Cell><Data ss:Type="Number">39.1</Data></Cell>
			<Cell><Data ss:Type="Number">0</Data></Cell>
			<Cell><Data ss:Type="Number">0</Data></Cell>
			<Cell><Data ss:Type="String">2023-12-07 16:50:12.775633</Data></Cell>
		</Row>
		<Row>
			<Cell><Data ss:Type="String">1637</Data></Cell>
			<Cell><Data ss:Type="Number">0.25</Data></Cell>
			<Cell><Data ss:Type="Number">-10.1</Data></Cell>
			<Cell><Data ss:Type="Number">0.15</Data></Cell>
			<Cell><Data ss:Type="Number">-9.51</Data></Cell>
			<Cell><Data ss:Type="Number">-0.05</Data></Cell>
			<Cell><Data ss:Type="Number">-0.92</Data></Cell>
			<Cell><Data ss:Type="Number">23</Data></Cell>
			<Cell><Data ss:Type="Number">39.1</Data></Cell>
			<Cell><Data ss:Type="Number">0</Data></Cell>
			<Cell><Data ss:Type="Number">0</Data></Cell>
			<Cell><Data ss:Type="String">2023-12-07 16:50:12.545753</Data></Cell>
		</Row>
		<Row>
			<Cell><Data ss:Type="String">1636</Data></Cell>
			<Cell><Data ss:Type="Number">0.28</Data></Cell>
			<Cell><Data ss:Type="Number">-10.14</Data></Cell>
			<Cell><Data ss:Type="Number">0.12</Data></Cell>
			<Cell><Data ss:Type="Number">-9.51</Data></Cell>
			<Cell><Data ss:Type="Number">-0.08</Data></Cell>
			<Cell><Data ss:Type="Number">-0.9</Data></Cell>
			<Cell><Data ss:Type="Number">23</Data></Cell>
			<Cell><Data ss:Type="Number">39.1</Data></Cell>
			<Cell><Data ss:Type="Number">0</Data></Cell>
			<Cell><Data ss:Type="Number">0</Data></Cell>
			<Cell><Data ss:Type="String">2023-12-07 16:50:12.498476</Data></Cell>
		</Row>
		<Row>
			<Cell><Data ss:Type="String">1635</Data></Cell>
			<Cell><Data ss:Type="Number">0.26</Data></Cell>
			<Cell><Data ss:Type="Number">-10.16</Data></Cell>
			<Cell><Data ss:Type="Number">0.23</Data></Cell>
			<Cell><Data ss:Type="Number">-9.5</Data></Cell>
			<Cell><Data ss:Type="Number">-0.05</Data></Cell>
			<Cell><Data ss:Type="Number">-0.88</Data></Cell>
			<Cell><Data ss:Type="Number">23</Data></Cell>
			<Cell><Data ss:Type="Number">39.1</Data></Cell>
			<Cell><Data ss:Type="Number">0</Data></Cell>
			<Cell><Data ss:Type="Number">0</Data></Cell>
			<Cell><Data ss:Type="String">2023-12-07 16:50:12.496558</Data></Cell>
		</Row>
		<Row>
			<Cell><Data ss:Type="String">1634</Data></Cell>
			<Cell><Data ss:Type="Number">0.28</Data></Cell>
			<Cell><Data ss:Type="Number">-9.99</Data></Cell>
			<Cell><Data ss:Type="Number">0.05</Data></Cell>
			<Cell><Data ss:Type="Number">-9.44</Data></Cell>
			<Cell><Data ss:Type="Number">-0.07</Data></Cell>
			<Cell><Data ss:Type="Number">-0.97</Data></Cell>
			<Cell><Data ss:Type="Number">23</Data></Cell>
			<Cell><Data ss:Type="Number">39.1</Data></Cell>
			<Cell><Data ss:Type="Number">0</Data></Cell>
			<Cell><Data ss:Type="Number">0</Data></Cell>
			<Cell><Data ss:Type="String">2023-12-07 16:50:12.453967</Data></Cell>
		</Row>
		<Row>
			<Cell><Data ss:Type="String">1633</Data></Cell>
			<Cell><Data ss:Type="Number">0.26</Data></Cell>
			<Cell><Data ss:Type="Number">-10</Data></Cell>
			<Cell><Data ss:Type="Number">0.16</Data></Cell>
			<Cell><Data ss:Type="Number">-9.47</Data></Cell>
			<Cell><Data ss:Type="Number">-0.05</Data></Cell>
			<Cell><Data ss:Type="Number">-0.95</Data></Cell>
			<Cell><Data ss:Type="Number">23</Data></Cell>
			<Cell><Data ss:Type="Number">39.1</Data></Cell>
			<Cell><Data ss:Type="Number">0</Data></Cell>
			<Cell><Data ss:Type="Number">0</Data></Cell>
			<Cell><Data ss:Type="String">2023-12-07 16:50:12.405561</Data></Cell>
		</Row>
		<Row>
			<Cell><Data ss:Type="String">1632</Data></Cell>
			<Cell><Data ss:Type="Number">0.28</Data></Cell>
			<Cell><Data ss:Type="Number">-10.1</Data></Cell>
			<Cell><Data ss:Type="Number">0.05</Data></Cell>
			<Cell><Data ss:Type="Number">-9.52</Data></Cell>
			<Cell><Data ss:Type="Number">-0.08</Data></Cell>
			<Cell><Data ss:Type="Number">-0.93</Data></Cell>
			<Cell><Data ss:Type="Number">23</Data></Cell>
			<Cell><Data ss:Type="Number">39.1</Data></Cell>
			<Cell><Data ss:Type="Number">0</Data></Cell>
			<Cell><Data ss:Type="Number">0</Data></Cell>
			<Cell><Data ss:Type="String">2023-12-07 16:50:12.359739</Data></Cell>
		</Row>
		<Row>
			<Cell><Data ss:Type="String">1631</Data></Cell>
			<Cell><Data ss:Type="Number">0.31</Data></Cell>
			<Cell><Data ss:Type="Number">-10.17</Data></Cell>
			<Cell><Data ss:Type="Number">0.22</Data></Cell>
			<Cell><Data ss:Type="Number">-9.5</Data></Cell>
			<Cell><Data ss:Type="Number">-0.05</Data></Cell>
			<Cell><Data ss:Type="Number">-0.9</Data></Cell>
			<Cell><Data ss:Type="Number">23</Data></Cell>
			<Cell><Data ss:Type="Number">39.1</Data></Cell>
			<Cell><Data ss:Type="Number">0</Data></Cell>
			<Cell><Data ss:Type="Number">0</Data></Cell>
			<Cell><Data ss:Type="String">2023-12-07 16:50:12.357777</Data></Cell>
		</Row>
		<Row>
			<Cell><Data ss:Type="String">1630</Data></Cell>
			<Cell><Data ss:Type="Number">0.25</Data></Cell>
			<Cell><Data ss:Type="Number">-10.15</Data></Cell>
			<Cell><Data ss:Type="Number">0.05</Data></Cell>
			<Cell><Data ss:Type="Number">-9.44</Data></Cell>
			<Cell><Data ss:Type="Number">-0.05</Data></Cell>
			<Cell><Data ss:Type="Number">-0.94</Data></Cell>
			<Cell><Data ss:Type="Number">23</Data></Cell>
			<Cell><Data ss:Type="Number">39.1</Data></Cell>
			<Cell><Data ss:Type="Number">0</Data></Cell>
			<Cell><Data ss:Type="Number">0</Data></Cell>
			<Cell><Data ss:Type="String">2023-12-07 16:50:12.313216</Data></Cell>
		</Row>
		<Row>
			<Cell><Data ss:Type="String">1629</Data></Cell>
			<Cell><Data ss:Type="Number">0.29</Data></Cell>
			<Cell><Data ss:Type="Number">-9.99</Data></Cell>
			<Cell><Data ss:Type="Number">0.08</Data></Cell>
			<Cell><Data ss:Type="Number">-9.44</Data></Cell>
			<Cell><Data ss:Type="Number">-0.08</Data></Cell>
			<Cell><Data ss:Type="Number">-0.93</Data></Cell>
			<Cell><Data ss:Type="Number">23</Data></Cell>
			<Cell><Data ss:Type="Number">39.1</Data></Cell>
			<Cell><Data ss:Type="Number">0</Data></Cell>
			<Cell><Data ss:Type="Number">0</Data></Cell>
			<Cell><Data ss:Type="String">2023-12-07 16:50:12.266842</Data></Cell>
		</Row>
		<Row>
			<Cell><Data ss:Type="String">1628</Data></Cell>
			<Cell><Data ss:Type="Number">0.32</Data></Cell>
			<Cell><Data ss:Type="Number">-10</Data></Cell>
			<Cell><Data ss:Type="Number">0.13</Data></Cell>
			<Cell><Data ss:Type="Number">-9.48</Data></Cell>
			<Cell><Data ss:Type="Number">-0.1</Data></Cell>
			<Cell><Data ss:Type="Number">-0.92</Data></Cell>
			<Cell><Data ss:Type="Number">23</Data></Cell>
			<Cell><Data ss:Type="Number">39.1</Data></Cell>
			<Cell><Data ss:Type="Number">0</Data></Cell>
			<Cell><Data ss:Type="Number">0</Data></Cell>
			<Cell><Data ss:Type="String">2023-12-07 16:50:12.265215</Data></Cell>
		</Row>
		<Row>
			<Cell><Data ss:Type="String">1627</Data></Cell>
			<Cell><Data ss:Type="Number">0.25</Data></Cell>
			<Cell><Data ss:Type="Number">-10.23</Data></Cell>
			<Cell><Data ss:Type="Number">0.19</Data></Cell>
			<Cell><Data ss:Type="Number">-9.55</Data></Cell>
			<Cell><Data ss:Type="Number">-0.09</Data></Cell>
			<Cell><Data ss:Type="Number">-0.91</Data></Cell>
			<Cell><Data ss:Type="Number">23</Data></Cell>
			<Cell><Data ss:Type="Number">39.1</Data></Cell>
			<Cell><Data ss:Type="Number">0</Data></Cell>
			<Cell><Data ss:Type="Number">0</Data></Cell>
			<Cell><Data ss:Type="String">2023-12-07 16:50:12.219863</Data></Cell>
		</Row>
		<Row>
			<Cell><Data ss:Type="String">1626</Data></Cell>
			<Cell><Data ss:Type="Number">0.22</Data></Cell>
			<Cell><Data ss:Type="Number">-10</Data></Cell>
			<Cell><Data ss:Type="Number">0.18</Data></Cell>
			<Cell><Data ss:Type="Number">-9.43</Data></Cell>
			<Cell><Data ss:Type="Number">-0.06</Data></Cell>
			<Cell><Data ss:Type="Number">-0.88</Data></Cell>
			<Cell><Data ss:Type="Number">23</Data></Cell>
			<Cell><Data ss:Type="Number">39.1</Data></Cell>
			<Cell><Data ss:Type="Number">0</Data></Cell>
			<Cell><Data ss:Type="Number">0</Data></Cell>
			<Cell><Data ss:Type="String">2023-12-07 16:50:12.173852</Data></Cell>
		</Row>
		<Row>
			<Cell><Data ss:Type="String">1625</Data></Cell>
			<Cell><Data ss:Type="Number">0.29</Data></Cell>
			<Cell><Data ss:Type="Number">-9.98</Data></Cell>
			<Cell><Data ss:Type="Number">0.13</Data></Cell>
			<Cell><Data ss:Type="Number">-9.45</Data></Cell>
			<Cell><Data ss:Type="Number">-0.08</Data></Cell>
			<Cell><Data ss:Type="Number">-0.94</Data></Cell>
			<Cell><Data ss:Type="Number">23</Data></Cell>
			<Cell><Data ss:Type="Number">39.1</Data></Cell>
			<Cell><Data ss:Type="Number">0</Data></Cell>
			<Cell><Data ss:Type="Number">0</Data></Cell>
			<Cell><Data ss:Type="String">2023-12-07 16:50:12.128168</Data></Cell>
		</Row>
		<Row>
			<Cell><Data ss:Type="String">1624</Data></Cell>
			<Cell><Data ss:Type="Number">0.3</Data></Cell>
			<Cell><Data ss:Type="Number">-10.01</Data></Cell>
			<Cell><Data ss:Type="Number">-0.01</Data></Cell>
			<Cell><Data ss:Type="Number">-9.52</Data></Cell>
			<Cell><Data ss:Type="Number">-0.08</Data></Cell>
			<Cell><Data ss:Type="Number">-0.94</Data></Cell>
			<Cell><Data ss:Type="Number">23</Data></Cell>
			<Cell><Data ss:Type="Number">39.1</Data></Cell>
			<Cell><Data ss:Type="Number">0</Data></Cell>
			<Cell><Data ss:Type="Number">0</Data></Cell>
			<Cell><Data ss:Type="String">2023-12-07 16:50:12.126416</Data></Cell>
		</Row>
		<Row>
			<Cell><Data ss:Type="String">1623</Data></Cell>
			<Cell><Data ss:Type="Number">0.27</Data></Cell>
			<Cell><Data ss:Type="Number">-10.17</Data></Cell>
			<Cell><Data ss:Type="Number">0.19</Data></Cell>
			<Cell><Data ss:Type="Number">-9.5</Data></Cell>
			<Cell><Data ss:Type="Number">-0.05</Data></Cell>
			<Cell><Data ss:Type="Number">-0.89</Data></Cell>
			<Cell><Data ss:Type="Number">23</Data></Cell>
			<Cell><Data ss:Type="Number">39.1</Data></Cell>
			<Cell><Data ss:Type="Number">0</Data></Cell>
			<Cell><Data ss:Type="Number">0</Data></Cell>
			<Cell><Data ss:Type="String">2023-12-07 16:50:12.081791</Data></Cell>
		</Row>
		<Row>
			<Cell><Data ss:Type="String">1622</Data></Cell>
			<Cell><Data ss:Type="Number">0.35</Data></Cell>
			<Cell><Data ss:Type="Number">-10.22</Data></Cell>
			<Cell><Data ss:Type="Number">0.19</Data></Cell>
			<Cell><Data ss:Type="Number">-9.54</Data></Cell>
			<Cell><Data ss:Type="Number">-0.13</Data></Cell>
			<Cell><Data ss:Type="Number">-0.92</Data></Cell>
			<Cell><Data ss:Type="Number">23</Data></Cell>
			<Cell><Data ss:Type="Number">39.1</Data></Cell>
			<Cell><Data ss:Type="Number">0</Data></Cell>
			<Cell><Data ss:Type="Number">0</Data></Cell>
			<Cell><Data ss:Type="String">2023-12-07 16:50:12.035582</Data></Cell>
		</Row>
		<Row>
			<Cell><Data ss:Type="String">1621</Data></Cell>
			<Cell><Data ss:Type="Number">0.25</Data></Cell>
			<Cell><Data ss:Type="Number">-10.03</Data></Cell>
			<Cell><Data ss:Type="Number">0.22</Data></Cell>
			<Cell><Data ss:Type="Number">-9.45</Data></Cell>
			<Cell><Data ss:Type="Number">-0.06</Data></Cell>
			<Cell><Data ss:Type="Number">-0.88</Data></Cell>
			<Cell><Data ss:Type="Number">23</Data></Cell>
			<Cell><Data ss:Type="Number">39.1</Data></Cell>
			<Cell><Data ss:Type="Number">0</Data></Cell>
			<Cell><Data ss:Type="Number">0</Data></Cell>
			<Cell><Data ss:Type="String">2023-12-07 16:50:11.993101</Data></Cell>
		</Row>
		<Row>
			<Cell><Data ss:Type="String">1620</Data></Cell>
			<Cell><Data ss:Type="Number">0.2</Data></Cell>
			<Cell><Data ss:Type="Number">-10.14</Data></Cell>
			<Cell><Data ss:Type="Number">0.18</Data></Cell>
			<Cell><Data ss:Type="Number">-9.46</Data></Cell>
			<Cell><Data ss:Type="Number">-0.04</Data></Cell>
			<Cell><Data ss:Type="Number">-0.98</Data></Cell>
			<Cell><Data ss:Type="Number">23</Data></Cell>
			<Cell><Data ss:Type="Number">39.1</Data></Cell>
			<Cell><Data ss:Type="Number">0</Data></Cell>
			<Cell><Data ss:Type="Number">0</Data></Cell>
			<Cell><Data ss:Type="String">2023-12-07 16:50:11.990824</Data></Cell>
		</Row>
		<Row>
			<Cell><Data ss:Type="String">1619</Data></Cell>
			<Cell><Data ss:Type="Number">0.34</Data></Cell>
			<Cell><Data ss:Type="Number">-10.07</Data></Cell>
			<Cell><Data ss:Type="Number">0.03</Data></Cell>
			<Cell><Data ss:Type="Number">-9.51</Data></Cell>
			<Cell><Data ss:Type="Number">-0.04</Data></Cell>
			<Cell><Data ss:Type="Number">-0.95</Data></Cell>
			<Cell><Data ss:Type="Number">23</Data></Cell>
			<Cell><Data ss:Type="Number">39.1</Data></Cell>
			<Cell><Data ss:Type="Number">0</Data></Cell>
			<Cell><Data ss:Type="Number">0</Data></Cell>
			<Cell><Data ss:Type="String">2023-12-07 16:50:11.942216</Data></Cell>
		</Row>
		<Row>
			<Cell><Data ss:Type="String">1618</Data></Cell>
			<Cell><Data ss:Type="Number">0.5</Data></Cell>
			<Cell><Data ss:Type="Number">-10.11</Data></Cell>
			<Cell><Data ss:Type="Number">0.13</Data></Cell>
			<Cell><Data ss:Type="Number">-9.48</Data></Cell>
			<Cell><Data ss:Type="Number">-0.19</Data></Cell>
			<Cell><Data ss:Type="Number">-0.86</Data></Cell>
			<Cell><Data ss:Type="Number">23</Data></Cell>
			<Cell><Data ss:Type="Number">39.1</Data></Cell>
			<Cell><Data ss:Type="Number">0</Data></Cell>
			<Cell><Data ss:Type="Number">0</Data></Cell>
			<Cell><Data ss:Type="String">2023-12-07 16:50:11.898980</Data></Cell>
		</Row>
		<Row>
			<Cell><Data ss:Type="String">1617</Data></Cell>
			<Cell><Data ss:Type="Number">0.12</Data></Cell>
			<Cell><Data ss:Type="Number">-10.2</Data></Cell>
			<Cell><Data ss:Type="Number">0.14</Data></Cell>
			<Cell><Data ss:Type="Number">-9.52</Data></Cell>
			<Cell><Data ss:Type="Number">-0.1</Data></Cell>
			<Cell><Data ss:Type="Number">-0.93</Data></Cell>
			<Cell><Data ss:Type="Number">23</Data></Cell>
			<Cell><Data ss:Type="Number">39.1</Data></Cell>
			<Cell><Data ss:Type="Number">0</Data></Cell>
			<Cell><Data ss:Type="Number">0</Data></Cell>
			<Cell><Data ss:Type="String">2023-12-07 16:50:11.897213</Data></Cell>
		</Row>
		<Row>
			<Cell><Data ss:Type="String">1616</Data></Cell>
			<Cell><Data ss:Type="Number">-0.12</Data></Cell>
			<Cell><Data ss:Type="Number">-10.04</Data></Cell>
			<Cell><Data ss:Type="Number">0.01</Data></Cell>
			<Cell><Data ss:Type="Number">-9.42</Data></Cell>
			<Cell><Data ss:Type="Number">0.18</Data></Cell>
			<Cell><Data ss:Type="Number">-0.9</Data></Cell>
			<Cell><Data ss:Type="Number">23</Data></Cell>
			<Cell><Data ss:Type="Number">39.1</Data></Cell>
			<Cell><Data ss:Type="Number">0</Data></Cell>
			<Cell><Data ss:Type="Number">0</Data></Cell>
			<Cell><Data ss:Type="String">2023-12-07 16:50:11.854134</Data></Cell>
		</Row>
		<Row>
			<Cell><Data ss:Type="String">1615</Data></Cell>
			<Cell><Data ss:Type="Number">0.63</Data></Cell>
			<Cell><Data ss:Type="Number">-10.01</Data></Cell>
			<Cell><Data ss:Type="Number">0.18</Data></Cell>
			<Cell><Data ss:Type="Number">-9.48</Data></Cell>
			<Cell><Data ss:Type="Number">-0.14</Data></Cell>
			<Cell><Data ss:Type="Number">-0.92</Data></Cell>
			<Cell><Data ss:Type="Number">23</Data></Cell>
			<Cell><Data ss:Type="Number">39.1</Data></Cell>
			<Cell><Data ss:Type="Number">0</Data></Cell>
			<Cell><Data ss:Type="Number">0</Data></Cell>
			<Cell><Data ss:Type="String">2023-12-07 16:50:11.806761</Data></Cell>
		</Row>
		<Row>
			<Cell><Data ss:Type="String">1614</Data></Cell>
			<Cell><Data ss:Type="Number">0.76</Data></Cell>
			<Cell><Data ss:Type="Number">-10.06</Data></Cell>
			<Cell><Data ss:Type="Number">0.37</Data></Cell>
			<Cell><Data ss:Type="Number">-9.51</Data></Cell>
			<Cell><Data ss:Type="Number">-0.56</Data></Cell>
			<Cell><Data ss:Type="Number">-0.89</Data></Cell>
			<Cell><Data ss:Type="Number">23</Data></Cell>
			<Cell><Data ss:Type="Number">39.1</Data></Cell>
			<Cell><Data ss:Type="Number">0</Data></Cell>
			<Cell><Data ss:Type="Number">0</Data></Cell>
			<Cell><Data ss:Type="String">2023-12-07 16:50:11.764888</Data></Cell>
		</Row>
		<Row>
			<Cell><Data ss:Type="String">1613</Data></Cell>
			<Cell><Data ss:Type="Number">1.23</Data></Cell>
			<Cell><Data ss:Type="Number">-9.92</Data></Cell>
			<Cell><Data ss:Type="Number">0.86</Data></Cell>
			<Cell><Data ss:Type="Number">-9.38</Data></Cell>
			<Cell><Data ss:Type="Number">-0.84</Data></Cell>
			<Cell><Data ss:Type="Number">-0.74</Data></Cell>
			<Cell><Data ss:Type="Number">23</Data></Cell>
			<Cell><Data ss:Type="Number">39.1</Data></Cell>
			<Cell><Data ss:Type="Number">0</Data></Cell>
			<Cell><Data ss:Type="Number">0</Data></Cell>
			<Cell><Data ss:Type="String">2023-12-07 16:50:11.763048</Data></Cell>
		</Row>
		<Row>
			<Cell><Data ss:Type="String">1612</Data></Cell>
			<Cell><Data ss:Type="Number">-0.26</Data></Cell>
			<Cell><Data ss:Type="Number">-10.34</Data></Cell>
			<Cell><Data ss:Type="Number">-0.41</Data></Cell>
			<Cell><Data ss:Type="Number">-9.55</Data></Cell>
			<Cell><Data ss:Type="Number">-0.13</Data></Cell>
			<Cell><Data ss:Type="Number">-1.04</Data></Cell>
			<Cell><Data ss:Type="Number">23</Data></Cell>
			<Cell><Data ss:Type="Number">39.1</Data></Cell>
			<Cell><Data ss:Type="Number">0</Data></Cell>
			<Cell><Data ss:Type="Number">0</Data></Cell>
			<Cell><Data ss:Type="String">2023-12-07 16:50:11.713900</Data></Cell>
		</Row>
		<Row>
			<Cell><Data ss:Type="String">1611</Data></Cell>
			<Cell><Data ss:Type="Number">-2.07</Data></Cell>
			<Cell><Data ss:Type="Number">-10.34</Data></Cell>
			<Cell><Data ss:Type="Number">-1.54</Data></Cell>
			<Cell><Data ss:Type="Number">-9.44</Data></Cell>
			<Cell><Data ss:Type="Number">1.14</Data></Cell>
			<Cell><Data ss:Type="Number">-1.01</Data></Cell>
			<Cell><Data ss:Type="Number">23</Data></Cell>
			<Cell><Data ss:Type="Number">39.1</Data></Cell>
			<Cell><Data ss:Type="Number">0</Data></Cell>
			<Cell><Data ss:Type="Number">0</Data></Cell>
			<Cell><Data ss:Type="String">2023-12-07 16:50:11.660701</Data></Cell>
		</Row>
		<Row>
			<Cell><Data ss:Type="String">1610</Data></Cell>
			<Cell><Data ss:Type="Number">4.66</Data></Cell>
			<Cell><Data ss:Type="Number">-6.07</Data></Cell>
			<Cell><Data ss:Type="Number">-0.86</Data></Cell>
			<Cell><Data ss:Type="Number">-13.23</Data></Cell>
			<Cell><Data ss:Type="Number">-2.15</Data></Cell>
			<Cell><Data ss:Type="Number">-0.82</Data></Cell>
			<Cell><Data ss:Type="Number">23</Data></Cell>
			<Cell><Data ss:Type="Number">39.1</Data></Cell>
			<Cell><Data ss:Type="Number">0</Data></Cell>
			<Cell><Data ss:Type="Number">0</Data></Cell>
			<Cell><Data ss:Type="String">2023-12-07 16:50:11.658871</Data></Cell>
		</Row>
		<Row>
			<Cell><Data ss:Type="String">1609</Data></Cell>
			<Cell><Data ss:Type="Number">0.56</Data></Cell>
			<Cell><Data ss:Type="Number">-9.7</Data></Cell>
			<Cell><Data ss:Type="Number">0.03</Data></Cell>
			<Cell><Data ss:Type="Number">-9.27</Data></Cell>
			<Cell><Data ss:Type="Number">-0.07</Data></Cell>
			<Cell><Data ss:Type="Number">-0.95</Data></Cell>
			<Cell><Data ss:Type="Number">23</Data></Cell>
			<Cell><Data ss:Type="Number">39.1</Data></Cell>
			<Cell><Data ss:Type="Number">0</Data></Cell>
			<Cell><Data ss:Type="Number">0</Data></Cell>
			<Cell><Data ss:Type="String">2023-12-07 16:50:11.656642</Data></Cell>
		</Row>
		<Row>
			<Cell><Data ss:Type="String">1608</Data></Cell>
			<Cell><Data ss:Type="Number">0.33</Data></Cell>
			<Cell><Data ss:Type="Number">-10.67</Data></Cell>
			<Cell><Data ss:Type="Number">-0.02</Data></Cell>
			<Cell><Data ss:Type="Number">-9.75</Data></Cell>
			<Cell><Data ss:Type="Number">-0.09</Data></Cell>
			<Cell><Data ss:Type="Number">-0.86</Data></Cell>
			<Cell><Data ss:Type="Number">23</Data></Cell>
			<Cell><Data ss:Type="Number">39.1</Data></Cell>
			<Cell><Data ss:Type="Number">0</Data></Cell>
			<Cell><Data ss:Type="Number">0</Data></Cell>
			<Cell><Data ss:Type="String">2023-12-07 16:50:11.653764</Data></Cell>
		</Row>
		<Row>
			<Cell><Data ss:Type="String">1607</Data></Cell>
			<Cell><Data ss:Type="Number">0.15</Data></Cell>
			<Cell><Data ss:Type="Number">-10.9</Data></Cell>
			<Cell><Data ss:Type="Number">0</Data></Cell>
			<Cell><Data ss:Type="Number">-9.46</Data></Cell>
			<Cell><Data ss:Type="Number">-0.05</Data></Cell>
			<Cell><Data ss:Type="Number">-0.95</Data></Cell>
			<Cell><Data ss:Type="Number">23</Data></Cell>
			<Cell><Data ss:Type="Number">39.1</Data></Cell>
			<Cell><Data ss:Type="Number">0</Data></Cell>
			<Cell><Data ss:Type="Number">0</Data></Cell>
			<Cell><Data ss:Type="String">2023-12-07 16:50:11.650810</Data></Cell>
		</Row>
		<Row>
			<Cell><Data ss:Type="String">1606</Data></Cell>
			<Cell><Data ss:Type="Number">-0.16</Data></Cell>
			<Cell><Data ss:Type="Number">-9.95</Data></Cell>
			<Cell><Data ss:Type="Number">-0.18</Data></Cell>
			<Cell><Data ss:Type="Number">-9.35</Data></Cell>
			<Cell><Data ss:Type="Number">-0.17</Data></Cell>
			<Cell><Data ss:Type="Number">-0.93</Data></Cell>
			<Cell><Data ss:Type="Number">23</Data></Cell>
			<Cell><Data ss:Type="Number">39.1</Data></Cell>
			<Cell><Data ss:Type="Number">0</Data></Cell>
			<Cell><Data ss:Type="Number">0</Data></Cell>
			<Cell><Data ss:Type="String">2023-12-07 16:50:11.484766</Data></Cell>
		</Row>
		<Row>
			<Cell><Data ss:Type="String">1605</Data></Cell>
			<Cell><Data ss:Type="Number">0.25</Data></Cell>
			<Cell><Data ss:Type="Number">-9.52</Data></Cell>
			<Cell><Data ss:Type="Number">0.35</Data></Cell>
			<Cell><Data ss:Type="Number">-9.35</Data></Cell>
			<Cell><Data ss:Type="Number">0.01</Data></Cell>
			<Cell><Data ss:Type="Number">-0.95</Data></Cell>
			<Cell><Data ss:Type="Number">23</Data></Cell>
			<Cell><Data ss:Type="Number">39.1</Data></Cell>
			<Cell><Data ss:Type="Number">0</Data></Cell>
			<Cell><Data ss:Type="Number">0</Data></Cell>
			<Cell><Data ss:Type="String">2023-12-07 16:50:11.482772</Data></Cell>
		</Row>
		<Row>
			<Cell><Data ss:Type="String">1604</Data></Cell>
			<Cell><Data ss:Type="Number">0.62</Data></Cell>
			<Cell><Data ss:Type="Number">-9.63</Data></Cell>
			<Cell><Data ss:Type="Number">0.6</Data></Cell>
			<Cell><Data ss:Type="Number">-9.48</Data></Cell>
			<Cell><Data ss:Type="Number">-0.16</Data></Cell>
			<Cell><Data ss:Type="Number">-0.96</Data></Cell>
			<Cell><Data ss:Type="Number">23</Data></Cell>
			<Cell><Data ss:Type="Number">39.1</Data></Cell>
			<Cell><Data ss:Type="Number">0</Data></Cell>
			<Cell><Data ss:Type="Number">0</Data></Cell>
			<Cell><Data ss:Type="String">2023-12-07 16:50:11.435320</Data></Cell>
		</Row>
		<Row>
			<Cell><Data ss:Type="String">1603</Data></Cell>
			<Cell><Data ss:Type="Number">0.03</Data></Cell>
			<Cell><Data ss:Type="Number">-10.43</Data></Cell>
			<Cell><Data ss:Type="Number">0.4</Data></Cell>
			<Cell><Data ss:Type="Number">-9.6</Data></Cell>
			<Cell><Data ss:Type="Number">-0.1</Data></Cell>
			<Cell><Data ss:Type="Number">-0.91</Data></Cell>
			<Cell><Data ss:Type="Number">23</Data></Cell>
			<Cell><Data ss:Type="Number">39.1</Data></Cell>
			<Cell><Data ss:Type="Number">0</Data></Cell>
			<Cell><Data ss:Type="Number">0</Data></Cell>
			<Cell><Data ss:Type="String">2023-12-07 16:50:11.379080</Data></Cell>
		</Row>
		<Row>
			<Cell><Data ss:Type="String">1602</Data></Cell>
			<Cell><Data ss:Type="Number">0.38</Data></Cell>
			<Cell><Data ss:Type="Number">-9.3</Data></Cell>
			<Cell><Data ss:Type="Number">0.52</Data></Cell>
			<Cell><Data ss:Type="Number">-9.36</Data></Cell>
			<Cell><Data ss:Type="Number">-0.08</Data></Cell>
			<Cell><Data ss:Type="Number">-0.89</Data></Cell>
			<Cell><Data ss:Type="Number">23</Data></Cell>
			<Cell><Data ss:Type="Number">39.1</Data></Cell>
			<Cell><Data ss:Type="Number">0</Data></Cell>
			<Cell><Data ss:Type="Number">0</Data></Cell>
			<Cell><Data ss:Type="String">2023-12-07 16:50:11.375219</Data></Cell>
		</Row>
		<Row>
			<Cell><Data ss:Type="String">1601</Data></Cell>
			<Cell><Data ss:Type="Number">0.32</Data></Cell>
			<Cell><Data ss:Type="Number">-10.47</Data></Cell>
			<Cell><Data ss:Type="Number">-0.13</Data></Cell>
			<Cell><Data ss:Type="Number">-9.34</Data></Cell>
			<Cell><Data ss:Type="Number">-0.06</Data></Cell>
			<Cell><Data ss:Type="Number">-1.03</Data></Cell>
			<Cell><Data ss:Type="Number">23</Data></Cell>
			<Cell><Data ss:Type="Number">39.1</Data></Cell>
			<Cell><Data ss:Type="Number">0</Data></Cell>
			<Cell><Data ss:Type="Number">0</Data></Cell>
			<Cell><Data ss:Type="String">2023-12-07 16:50:11.328517</Data></Cell>
		</Row>
		<Row>
			<Cell><Data ss:Type="String">1600</Data></Cell>
			<Cell><Data ss:Type="Number">0.51</Data></Cell>
			<Cell><Data ss:Type="Number">-9.89</Data></Cell>
			<Cell><Data ss:Type="Number">-0.07</Data></Cell>
			<Cell><Data ss:Type="Number">-9.43</Data></Cell>
			<Cell><Data ss:Type="Number">-0.07</Data></Cell>
			<Cell><Data ss:Type="Number">-0.9</Data></Cell>
			<Cell><Data ss:Type="Number">23</Data></Cell>
			<Cell><Data ss:Type="Number">39.1</Data></Cell>
			<Cell><Data ss:Type="Number">0</Data></Cell>
			<Cell><Data ss:Type="Number">0</Data></Cell>
			<Cell><Data ss:Type="String">2023-12-07 16:50:11.285803</Data></Cell>
		</Row>
		<Row>
			<Cell><Data ss:Type="String">1599</Data></Cell>
			<Cell><Data ss:Type="Number">0.14</Data></Cell>
			<Cell><Data ss:Type="Number">-10.34</Data></Cell>
			<Cell><Data ss:Type="Number">0.43</Data></Cell>
			<Cell><Data ss:Type="Number">-9.59</Data></Cell>
			<Cell><Data ss:Type="Number">-0.12</Data></Cell>
			<Cell><Data ss:Type="Number">-0.88</Data></Cell>
			<Cell><Data ss:Type="Number">23</Data></Cell>
			<Cell><Data ss:Type="Number">39.1</Data></Cell>
			<Cell><Data ss:Type="Number">0</Data></Cell>
			<Cell><Data ss:Type="Number">0</Data></Cell>
			<Cell><Data ss:Type="String">2023-12-07 16:50:11.283740</Data></Cell>
		</Row>
		<Row>
			<Cell><Data ss:Type="String">1598</Data></Cell>
			<Cell><Data ss:Type="Number">0.39</Data></Cell>
			<Cell><Data ss:Type="Number">-10.28</Data></Cell>
			<Cell><Data ss:Type="Number">-0.14</Data></Cell>
			<Cell><Data ss:Type="Number">-9.55</Data></Cell>
			<Cell><Data ss:Type="Number">-0.13</Data></Cell>
			<Cell><Data ss:Type="Number">-0.96</Data></Cell>
			<Cell><Data ss:Type="Number">23</Data></Cell>
			<Cell><Data ss:Type="Number">39.1</Data></Cell>
			<Cell><Data ss:Type="Number">0</Data></Cell>
			<Cell><Data ss:Type="Number">0</Data></Cell>
			<Cell><Data ss:Type="String">2023-12-07 16:50:11.239746</Data></Cell>
		</Row>
		<Row>
			<Cell><Data ss:Type="String">1597</Data></Cell>
			<Cell><Data ss:Type="Number">0.14</Data></Cell>
			<Cell><Data ss:Type="Number">-10.33</Data></Cell>
			<Cell><Data ss:Type="Number">-0.04</Data></Cell>
			<Cell><Data ss:Type="Number">-9.53</Data></Cell>
			<Cell><Data ss:Type="Number">-0.07</Data></Cell>
			<Cell><Data ss:Type="Number">-0.89</Data></Cell>
			<Cell><Data ss:Type="Number">23</Data></Cell>
			<Cell><Data ss:Type="Number">39.1</Data></Cell>
			<Cell><Data ss:Type="Number">0</Data></Cell>
			<Cell><Data ss:Type="Number">0</Data></Cell>
			<Cell><Data ss:Type="String">2023-12-07 16:50:11.191493</Data></Cell>
		</Row>
		<Row>
			<Cell><Data ss:Type="String">1596</Data></Cell>
			<Cell><Data ss:Type="Number">0.29</Data></Cell>
			<Cell><Data ss:Type="Number">-10.26</Data></Cell>
			<Cell><Data ss:Type="Number">0.06</Data></Cell>
			<Cell><Data ss:Type="Number">-9.49</Data></Cell>
			<Cell><Data ss:Type="Number">-0.01</Data></Cell>
			<Cell><Data ss:Type="Number">-0.92</Data></Cell>
			<Cell><Data ss:Type="Number">23</Data></Cell>
			<Cell><Data ss:Type="Number">39.1</Data></Cell>
			<Cell><Data ss:Type="Number">0</Data></Cell>
			<Cell><Data ss:Type="Number">0</Data></Cell>
			<Cell><Data ss:Type="String">2023-12-07 16:50:11.148513</Data></Cell>
		</Row>
		<Row>
			<Cell><Data ss:Type="String">1595</Data></Cell>
			<Cell><Data ss:Type="Number">0.51</Data></Cell>
			<Cell><Data ss:Type="Number">-10.23</Data></Cell>
			<Cell><Data ss:Type="Number">0.52</Data></Cell>
			<Cell><Data ss:Type="Number">-9.3</Data></Cell>
			<Cell><Data ss:Type="Number">-0.1</Data></Cell>
			<Cell><Data ss:Type="Number">-0.88</Data></Cell>
			<Cell><Data ss:Type="Number">23</Data></Cell>
			<Cell><Data ss:Type="Number">39.1</Data></Cell>
			<Cell><Data ss:Type="Number">0</Data></Cell>
			<Cell><Data ss:Type="Number">0</Data></Cell>
			<Cell><Data ss:Type="String">2023-12-07 16:50:11.146742</Data></Cell>
		</Row>
		<Row>
			<Cell><Data ss:Type="String">1594</Data></Cell>
			<Cell><Data ss:Type="Number">0.44</Data></Cell>
			<Cell><Data ss:Type="Number">-9.72</Data></Cell>
			<Cell><Data ss:Type="Number">-0.09</Data></Cell>
			<Cell><Data ss:Type="Number">-9.44</Data></Cell>
			<Cell><Data ss:Type="Number">-0.07</Data></Cell>
			<Cell><Data ss:Type="Number">-0.98</Data></Cell>
			<Cell><Data ss:Type="Number">23</Data></Cell>
			<Cell><Data ss:Type="Number">39.1</Data></Cell>
			<Cell><Data ss:Type="Number">0</Data></Cell>
			<Cell><Data ss:Type="Number">0</Data></Cell>
			<Cell><Data ss:Type="String">2023-12-07 16:50:11.102232</Data></Cell>
		</Row>
		<Row>
			<Cell><Data ss:Type="String">1593</Data></Cell>
			<Cell><Data ss:Type="Number">0.05</Data></Cell>
			<Cell><Data ss:Type="Number">-10.37</Data></Cell>
			<Cell><Data ss:Type="Number">-0.2</Data></Cell>
			<Cell><Data ss:Type="Number">-9.68</Data></Cell>
			<Cell><Data ss:Type="Number">-0</Data></Cell>
			<Cell><Data ss:Type="Number">-0.86</Data></Cell>
			<Cell><Data ss:Type="Number">23</Data></Cell>
			<Cell><Data ss:Type="Number">39.1</Data></Cell>
			<Cell><Data ss:Type="Number">0</Data></Cell>
			<Cell><Data ss:Type="Number">0</Data></Cell>
			<Cell><Data ss:Type="String">2023-12-07 16:50:11.055681</Data></Cell>
		</Row>
		<Row>
			<Cell><Data ss:Type="String">1592</Data></Cell>
			<Cell><Data ss:Type="Number">0.34</Data></Cell>
			<Cell><Data ss:Type="Number">-10.38</Data></Cell>
			<Cell><Data ss:Type="Number">0.44</Data></Cell>
			<Cell><Data ss:Type="Number">-9.61</Data></Cell>
			<Cell><Data ss:Type="Number">-0.05</Data></Cell>
			<Cell><Data ss:Type="Number">-0.88</Data></Cell>
			<Cell><Data ss:Type="Number">23</Data></Cell>
			<Cell><Data ss:Type="Number">39.1</Data></Cell>
			<Cell><Data ss:Type="Number">0</Data></Cell>
			<Cell><Data ss:Type="Number">0</Data></Cell>
			<Cell><Data ss:Type="String">2023-12-07 16:50:10.997257</Data></Cell>
		</Row>
		<Row>
			<Cell><Data ss:Type="String">1591</Data></Cell>
			<Cell><Data ss:Type="Number">0.52</Data></Cell>
			<Cell><Data ss:Type="Number">-9.81</Data></Cell>
			<Cell><Data ss:Type="Number">-0.14</Data></Cell>
			<Cell><Data ss:Type="Number">-9.46</Data></Cell>
			<Cell><Data ss:Type="Number">-0.11</Data></Cell>
			<Cell><Data ss:Type="Number">-0.88</Data></Cell>
			<Cell><Data ss:Type="Number">23</Data></Cell>
			<Cell><Data ss:Type="Number">39.1</Data></Cell>
			<Cell><Data ss:Type="Number">0</Data></Cell>
			<Cell><Data ss:Type="Number">0</Data></Cell>
			<Cell><Data ss:Type="String">2023-12-07 16:50:10.995354</Data></Cell>
		</Row>
		<Row>
			<Cell><Data ss:Type="String">1590</Data></Cell>
			<Cell><Data ss:Type="Number">0.17</Data></Cell>
			<Cell><Data ss:Type="Number">-10.07</Data></Cell>
			<Cell><Data ss:Type="Number">0</Data></Cell>
			<Cell><Data ss:Type="Number">-9.35</Data></Cell>
			<Cell><Data ss:Type="Number">-0.04</Data></Cell>
			<Cell><Data ss:Type="Number">-0.95</Data></Cell>
			<Cell><Data ss:Type="Number">23</Data></Cell>
			<Cell><Data ss:Type="Number">39.1</Data></Cell>
			<Cell><Data ss:Type="Number">0</Data></Cell>
			<Cell><Data ss:Type="Number">0</Data></Cell>
			<Cell><Data ss:Type="String">2023-12-07 16:50:10.953469</Data></Cell>
		</Row>
		<Row>
			<Cell><Data ss:Type="String">1589</Data></Cell>
			<Cell><Data ss:Type="Number">-0.22</Data></Cell>
			<Cell><Data ss:Type="Number">-10.25</Data></Cell>
			<Cell><Data ss:Type="Number">0.25</Data></Cell>
			<Cell><Data ss:Type="Number">-9.5</Data></Cell>
			<Cell><Data ss:Type="Number">-0.01</Data></Cell>
			<Cell><Data ss:Type="Number">-0.93</Data></Cell>
			<Cell><Data ss:Type="Number">23</Data></Cell>
			<Cell><Data ss:Type="Number">39.1</Data></Cell>
			<Cell><Data ss:Type="Number">0</Data></Cell>
			<Cell><Data ss:Type="Number">0</Data></Cell>
			<Cell><Data ss:Type="String">2023-12-07 16:50:10.898958</Data></Cell>
		</Row>
		<Row>
			<Cell><Data ss:Type="String">1588</Data></Cell>
			<Cell><Data ss:Type="Number">0.48</Data></Cell>
			<Cell><Data ss:Type="Number">-10.25</Data></Cell>
			<Cell><Data ss:Type="Number">-0.04</Data></Cell>
			<Cell><Data ss:Type="Number">-9.49</Data></Cell>
			<Cell><Data ss:Type="Number">-0.13</Data></Cell>
			<Cell><Data ss:Type="Number">-0.92</Data></Cell>
			<Cell><Data ss:Type="Number">23</Data></Cell>
			<Cell><Data ss:Type="Number">39.1</Data></Cell>
			<Cell><Data ss:Type="Number">0</Data></Cell>
			<Cell><Data ss:Type="Number">0</Data></Cell>
			<Cell><Data ss:Type="String">2023-12-07 16:50:10.891264</Data></Cell>
		</Row>
		<Row>
			<Cell><Data ss:Type="String">1587</Data></Cell>
			<Cell><Data ss:Type="Number">0.49</Data></Cell>
			<Cell><Data ss:Type="Number">-10.32</Data></Cell>
			<Cell><Data ss:Type="Number">0</Data></Cell>
			<Cell><Data ss:Type="Number">-9.49</Data></Cell>
			<Cell><Data ss:Type="Number">-0.03</Data></Cell>
			<Cell><Data ss:Type="Number">-0.91</Data></Cell>
			<Cell><Data ss:Type="Number">23</Data></Cell>
			<Cell><Data ss:Type="Number">39.1</Data></Cell>
			<Cell><Data ss:Type="Number">0</Data></Cell>
			<Cell><Data ss:Type="Number">0</Data></Cell>
			<Cell><Data ss:Type="String">2023-12-07 16:50:10.842860</Data></Cell>
		</Row>
		<Row>
			<Cell><Data ss:Type="String">1586</Data></Cell>
			<Cell><Data ss:Type="Number">0.06</Data></Cell>
			<Cell><Data ss:Type="Number">-9.93</Data></Cell>
			<Cell><Data ss:Type="Number">0.15</Data></Cell>
			<Cell><Data ss:Type="Number">-9.47</Data></Cell>
			<Cell><Data ss:Type="Number">-0.14</Data></Cell>
			<Cell><Data ss:Type="Number">-0.91</Data></Cell>
			<Cell><Data ss:Type="Number">23</Data></Cell>
			<Cell><Data ss:Type="Number">39.1</Data></Cell>
			<Cell><Data ss:Type="Number">0</Data></Cell>
			<Cell><Data ss:Type="Number">0</Data></Cell>
			<Cell><Data ss:Type="String">2023-12-07 16:50:10.799141</Data></Cell>
		</Row>
		<Row>
			<Cell><Data ss:Type="String">1585</Data></Cell>
			<Cell><Data ss:Type="Number">0.59</Data></Cell>
			<Cell><Data ss:Type="Number">-9.95</Data></Cell>
			<Cell><Data ss:Type="Number">0.32</Data></Cell>
			<Cell><Data ss:Type="Number">-9.5</Data></Cell>
			<Cell><Data ss:Type="Number">-0.08</Data></Cell>
			<Cell><Data ss:Type="Number">-0.91</Data></Cell>
			<Cell><Data ss:Type="Number">23</Data></Cell>
			<Cell><Data ss:Type="Number">39.1</Data></Cell>
			<Cell><Data ss:Type="Number">0</Data></Cell>
			<Cell><Data ss:Type="Number">0</Data></Cell>
			<Cell><Data ss:Type="String">2023-12-07 16:50:10.796795</Data></Cell>
		</Row>
		<Row>
			<Cell><Data ss:Type="String">1584</Data></Cell>
			<Cell><Data ss:Type="Number">-0.02</Data></Cell>
			<Cell><Data ss:Type="Number">-9.87</Data></Cell>
			<Cell><Data ss:Type="Number">-0.01</Data></Cell>
			<Cell><Data ss:Type="Number">-9.55</Data></Cell>
			<Cell><Data ss:Type="Number">-0.12</Data></Cell>
			<Cell><Data ss:Type="Number">-0.89</Data></Cell>
			<Cell><Data ss:Type="Number">23</Data></Cell>
			<Cell><Data ss:Type="Number">39.1</Data></Cell>
			<Cell><Data ss:Type="Number">0</Data></Cell>
			<Cell><Data ss:Type="Number">0</Data></Cell>
			<Cell><Data ss:Type="String">2023-12-07 16:50:10.750479</Data></Cell>
		</Row>
		<Row>
			<Cell><Data ss:Type="String">1583</Data></Cell>
			<Cell><Data ss:Type="Number">0.11</Data></Cell>
			<Cell><Data ss:Type="Number">-9.87</Data></Cell>
			<Cell><Data ss:Type="Number">0.18</Data></Cell>
			<Cell><Data ss:Type="Number">-9.44</Data></Cell>
			<Cell><Data ss:Type="Number">-0.07</Data></Cell>
			<Cell><Data ss:Type="Number">-0.92</Data></Cell>
			<Cell><Data ss:Type="Number">23</Data></Cell>
			<Cell><Data ss:Type="Number">39.1</Data></Cell>
			<Cell><Data ss:Type="Number">0</Data></Cell>
			<Cell><Data ss:Type="Number">0</Data></Cell>
			<Cell><Data ss:Type="String">2023-12-07 16:50:10.708020</Data></Cell>
		</Row>
		<Row>
			<Cell><Data ss:Type="String">1582</Data></Cell>
			<Cell><Data ss:Type="Number">0.13</Data></Cell>
			<Cell><Data ss:Type="Number">-9.89</Data></Cell>
			<Cell><Data ss:Type="Number">0.33</Data></Cell>
			<Cell><Data ss:Type="Number">-9.46</Data></Cell>
			<Cell><Data ss:Type="Number">-0.12</Data></Cell>
			<Cell><Data ss:Type="Number">-0.88</Data></Cell>
			<Cell><Data ss:Type="Number">23</Data></Cell>
			<Cell><Data ss:Type="Number">39.1</Data></Cell>
			<Cell><Data ss:Type="Number">0</Data></Cell>
			<Cell><Data ss:Type="Number">0</Data></Cell>
			<Cell><Data ss:Type="String">2023-12-07 16:50:10.663001</Data></Cell>
		</Row>
		<Row>
			<Cell><Data ss:Type="String">1581</Data></Cell>
			<Cell><Data ss:Type="Number">0.21</Data></Cell>
			<Cell><Data ss:Type="Number">-9.83</Data></Cell>
			<Cell><Data ss:Type="Number">0.07</Data></Cell>
			<Cell><Data ss:Type="Number">-9.47</Data></Cell>
			<Cell><Data ss:Type="Number">-0.11</Data></Cell>
			<Cell><Data ss:Type="Number">-0.91</Data></Cell>
			<Cell><Data ss:Type="Number">23</Data></Cell>
			<Cell><Data ss:Type="Number">39.1</Data></Cell>
			<Cell><Data ss:Type="Number">0</Data></Cell>
			<Cell><Data ss:Type="Number">0</Data></Cell>
			<Cell><Data ss:Type="String">2023-12-07 16:50:10.660954</Data></Cell>
		</Row>
		<Row>
			<Cell><Data ss:Type="String">1580</Data></Cell>
			<Cell><Data ss:Type="Number">-0.38</Data></Cell>
			<Cell><Data ss:Type="Number">-10.6</Data></Cell>
			<Cell><Data ss:Type="Number">0.05</Data></Cell>
			<Cell><Data ss:Type="Number">-9.66</Data></Cell>
			<Cell><Data ss:Type="Number">0.11</Data></Cell>
			<Cell><Data ss:Type="Number">-0.94</Data></Cell>
			<Cell><Data ss:Type="Number">23</Data></Cell>
			<Cell><Data ss:Type="Number">39.1</Data></Cell>
			<Cell><Data ss:Type="Number">0</Data></Cell>
			<Cell><Data ss:Type="Number">0</Data></Cell>
			<Cell><Data ss:Type="String">2023-12-07 16:50:10.614142</Data></Cell>
		</Row>
		<Row>
			<Cell><Data ss:Type="String">1579</Data></Cell>
			<Cell><Data ss:Type="Number">-0.17</Data></Cell>
			<Cell><Data ss:Type="Number">-9.95</Data></Cell>
			<Cell><Data ss:Type="Number">0.15</Data></Cell>
			<Cell><Data ss:Type="Number">-9.44</Data></Cell>
			<Cell><Data ss:Type="Number">-0.13</Data></Cell>
			<Cell><Data ss:Type="Number">-0.9</Data></Cell>
			<Cell><Data ss:Type="Number">23</Data></Cell>
			<Cell><Data ss:Type="Number">39.1</Data></Cell>
			<Cell><Data ss:Type="Number">0</Data></Cell>
			<Cell><Data ss:Type="Number">0</Data></Cell>
			<Cell><Data ss:Type="String">2023-12-07 16:50:10.571482</Data></Cell>
		</Row>
		<Row>
			<Cell><Data ss:Type="String">1578</Data></Cell>
			<Cell><Data ss:Type="Number">-0.23</Data></Cell>
			<Cell><Data ss:Type="Number">-10.07</Data></Cell>
			<Cell><Data ss:Type="Number">0.65</Data></Cell>
			<Cell><Data ss:Type="Number">-9.54</Data></Cell>
			<Cell><Data ss:Type="Number">-0.28</Data></Cell>
			<Cell><Data ss:Type="Number">-0.89</Data></Cell>
			<Cell><Data ss:Type="Number">23</Data></Cell>
			<Cell><Data ss:Type="Number">39.1</Data></Cell>
			<Cell><Data ss:Type="Number">0</Data></Cell>
			<Cell><Data ss:Type="Number">0</Data></Cell>
			<Cell><Data ss:Type="String">2023-12-07 16:50:10.568551</Data></Cell>
		</Row>
		<Row>
			<Cell><Data ss:Type="String">1577</Data></Cell>
			<Cell><Data ss:Type="Number">0.13</Data></Cell>
			<Cell><Data ss:Type="Number">-10.52</Data></Cell>
			<Cell><Data ss:Type="Number">-0.12</Data></Cell>
			<Cell><Data ss:Type="Number">-9.42</Data></Cell>
			<Cell><Data ss:Type="Number">-0.47</Data></Cell>
			<Cell><Data ss:Type="Number">-0.81</Data></Cell>
			<Cell><Data ss:Type="Number">23</Data></Cell>
			<Cell><Data ss:Type="Number">39.1</Data></Cell>
			<Cell><Data ss:Type="Number">0</Data></Cell>
			<Cell><Data ss:Type="Number">0</Data></Cell>
			<Cell><Data ss:Type="String">2023-12-07 16:50:10.523442</Data></Cell>
		</Row>
		<Row>
			<Cell><Data ss:Type="String">1576</Data></Cell>
			<Cell><Data ss:Type="Number">-0.85</Data></Cell>
			<Cell><Data ss:Type="Number">-10.41</Data></Cell>
			<Cell><Data ss:Type="Number">-0.28</Data></Cell>
			<Cell><Data ss:Type="Number">-9.59</Data></Cell>
			<Cell><Data ss:Type="Number">0.44</Data></Cell>
			<Cell><Data ss:Type="Number">-0.93</Data></Cell>
			<Cell><Data ss:Type="Number">23</Data></Cell>
			<Cell><Data ss:Type="Number">39.1</Data></Cell>
			<Cell><Data ss:Type="Number">0</Data></Cell>
			<Cell><Data ss:Type="Number">0</Data></Cell>
			<Cell><Data ss:Type="String">2023-12-07 16:50:10.477019</Data></Cell>
		</Row>
		<Row>
			<Cell><Data ss:Type="String">1575</Data></Cell>
			<Cell><Data ss:Type="Number">1.69</Data></Cell>
			<Cell><Data ss:Type="Number">-10.33</Data></Cell>
			<Cell><Data ss:Type="Number">-0.4</Data></Cell>
			<Cell><Data ss:Type="Number">-9.68</Data></Cell>
			<Cell><Data ss:Type="Number">1.04</Data></Cell>
			<Cell><Data ss:Type="Number">-1.05</Data></Cell>
			<Cell><Data ss:Type="Number">23</Data></Cell>
			<Cell><Data ss:Type="Number">39.1</Data></Cell>
			<Cell><Data ss:Type="Number">0</Data></Cell>
			<Cell><Data ss:Type="Number">0</Data></Cell>
			<Cell><Data ss:Type="String">2023-12-07 16:50:10.433318</Data></Cell>
		</Row>
		<Row>
			<Cell><Data ss:Type="String">1574</Data></Cell>
			<Cell><Data ss:Type="Number">-0.39</Data></Cell>
			<Cell><Data ss:Type="Number">-9.85</Data></Cell>
			<Cell><Data ss:Type="Number">-1.35</Data></Cell>
			<Cell><Data ss:Type="Number">-9.2</Data></Cell>
			<Cell><Data ss:Type="Number">0.57</Data></Cell>
			<Cell><Data ss:Type="Number">-1.01</Data></Cell>
			<Cell><Data ss:Type="Number">23</Data></Cell>
			<Cell><Data ss:Type="Number">39.1</Data></Cell>
			<Cell><Data ss:Type="Number">0</Data></Cell>
			<Cell><Data ss:Type="Number">0</Data></Cell>
			<Cell><Data ss:Type="String">2023-12-07 16:50:10.431389</Data></Cell>
		</Row>
		<Row>
			<Cell><Data ss:Type="String">1573</Data></Cell>
			<Cell><Data ss:Type="Number">1.32</Data></Cell>
			<Cell><Data ss:Type="Number">-9.27</Data></Cell>
			<Cell><Data ss:Type="Number">0.37</Data></Cell>
			<Cell><Data ss:Type="Number">-8.77</Data></Cell>
			<Cell><Data ss:Type="Number">-0.56</Data></Cell>
			<Cell><Data ss:Type="Number">-0.74</Data></Cell>
			<Cell><Data ss:Type="Number">23</Data></Cell>
			<Cell><Data ss:Type="Number">39.1</Data></Cell>
			<Cell><Data ss:Type="Number">0</Data></Cell>
			<Cell><Data ss:Type="Number">0</Data></Cell>
			<Cell><Data ss:Type="String">2023-12-07 16:50:10.388259</Data></Cell>
		</Row>
		<Row>
			<Cell><Data ss:Type="String">1572</Data></Cell>
			<Cell><Data ss:Type="Number">0.25</Data></Cell>
			<Cell><Data ss:Type="Number">-9.96</Data></Cell>
			<Cell><Data ss:Type="Number">0.16</Data></Cell>
			<Cell><Data ss:Type="Number">-9.48</Data></Cell>
			<Cell><Data ss:Type="Number">-0.06</Data></Cell>
			<Cell><Data ss:Type="Number">-0.9</Data></Cell>
			<Cell><Data ss:Type="Number">23</Data></Cell>
			<Cell><Data ss:Type="Number">39.1</Data></Cell>
			<Cell><Data ss:Type="Number">0</Data></Cell>
			<Cell><Data ss:Type="Number">0</Data></Cell>
			<Cell><Data ss:Type="String">2023-12-07 16:50:10.386471</Data></Cell>
		</Row>
		<Row>
			<Cell><Data ss:Type="String">1571</Data></Cell>
			<Cell><Data ss:Type="Number">0.27</Data></Cell>
			<Cell><Data ss:Type="Number">-10.13</Data></Cell>
			<Cell><Data ss:Type="Number">0.19</Data></Cell>
			<Cell><Data ss:Type="Number">-9.53</Data></Cell>
			<Cell><Data ss:Type="Number">-0.07</Data></Cell>
			<Cell><Data ss:Type="Number">-0.91</Data></Cell>
			<Cell><Data ss:Type="Number">23</Data></Cell>
			<Cell><Data ss:Type="Number">39.1</Data></Cell>
			<Cell><Data ss:Type="Number">0</Data></Cell>
			<Cell><Data ss:Type="Number">0</Data></Cell>
			<Cell><Data ss:Type="String">2023-12-07 16:50:10.384977</Data></Cell>
		</Row>
		<Row>
			<Cell><Data ss:Type="String">1570</Data></Cell>
			<Cell><Data ss:Type="Number">0.26</Data></Cell>
			<Cell><Data ss:Type="Number">-10.16</Data></Cell>
			<Cell><Data ss:Type="Number">0.16</Data></Cell>
			<Cell><Data ss:Type="Number">-9.54</Data></Cell>
			<Cell><Data ss:Type="Number">-0.07</Data></Cell>
			<Cell><Data ss:Type="Number">-0.88</Data></Cell>
			<Cell><Data ss:Type="Number">23</Data></Cell>
			<Cell><Data ss:Type="Number">39.1</Data></Cell>
			<Cell><Data ss:Type="Number">0</Data></Cell>
			<Cell><Data ss:Type="Number">0</Data></Cell>
			<Cell><Data ss:Type="String">2023-12-07 16:50:10.383046</Data></Cell>
		</Row>
		<Row>
			<Cell><Data ss:Type="String">1569</Data></Cell>
			<Cell><Data ss:Type="Number">0.28</Data></Cell>
			<Cell><Data ss:Type="Number">-10.12</Data></Cell>
			<Cell><Data ss:Type="Number">0.1</Data></Cell>
			<Cell><Data ss:Type="Number">-9.46</Data></Cell>
			<Cell><Data ss:Type="Number">-0.08</Data></Cell>
			<Cell><Data ss:Type="Number">-0.92</Data></Cell>
			<Cell><Data ss:Type="Number">23</Data></Cell>
			<Cell><Data ss:Type="Number">39.1</Data></Cell>
			<Cell><Data ss:Type="Number">0</Data></Cell>
			<Cell><Data ss:Type="Number">0</Data></Cell>
			<Cell><Data ss:Type="String">2023-12-07 16:50:10.380894</Data></Cell>
		</Row>
		<Row>
			<Cell><Data ss:Type="String">1568</Data></Cell>
			<Cell><Data ss:Type="Number">0.25</Data></Cell>
			<Cell><Data ss:Type="Number">-10.01</Data></Cell>
			<Cell><Data ss:Type="Number">0.16</Data></Cell>
			<Cell><Data ss:Type="Number">-9.44</Data></Cell>
			<Cell><Data ss:Type="Number">-0.09</Data></Cell>
			<Cell><Data ss:Type="Number">-0.9</Data></Cell>
			<Cell><Data ss:Type="Number">23</Data></Cell>
			<Cell><Data ss:Type="Number">39.1</Data></Cell>
			<Cell><Data ss:Type="Number">0</Data></Cell>
			<Cell><Data ss:Type="Number">0</Data></Cell>
			<Cell><Data ss:Type="String">2023-12-07 16:50:10.378899</Data></Cell>
		</Row>
		<Row>
			<Cell><Data ss:Type="String">1567</Data></Cell>
			<Cell><Data ss:Type="Number">0.25</Data></Cell>
			<Cell><Data ss:Type="Number">-10.09</Data></Cell>
			<Cell><Data ss:Type="Number">0.11</Data></Cell>
			<Cell><Data ss:Type="Number">-9.51</Data></Cell>
			<Cell><Data ss:Type="Number">-0.08</Data></Cell>
			<Cell><Data ss:Type="Number">-0.9</Data></Cell>
			<Cell><Data ss:Type="Number">23</Data></Cell>
			<Cell><Data ss:Type="Number">39.1</Data></Cell>
			<Cell><Data ss:Type="Number">0</Data></Cell>
			<Cell><Data ss:Type="Number">0</Data></Cell>
			<Cell><Data ss:Type="String">2023-12-07 16:50:10.376566</Data></Cell>
		</Row>
		<Row>
			<Cell><Data ss:Type="String">1566</Data></Cell>
			<Cell><Data ss:Type="Number">0.3</Data></Cell>
			<Cell><Data ss:Type="Number">-10.16</Data></Cell>
			<Cell><Data ss:Type="Number">0.09</Data></Cell>
			<Cell><Data ss:Type="Number">-9.52</Data></Cell>
			<Cell><Data ss:Type="Number">-0.08</Data></Cell>
			<Cell><Data ss:Type="Number">-0.91</Data></Cell>
			<Cell><Data ss:Type="Number">23</Data></Cell>
			<Cell><Data ss:Type="Number">39.1</Data></Cell>
			<Cell><Data ss:Type="Number">0</Data></Cell>
			<Cell><Data ss:Type="Number">0</Data></Cell>
			<Cell><Data ss:Type="String">2023-12-07 16:50:10.142989</Data></Cell>
		</Row>
		<Row>
			<Cell><Data ss:Type="String">1565</Data></Cell>
			<Cell><Data ss:Type="Number">0.25</Data></Cell>
			<Cell><Data ss:Type="Number">-10.11</Data></Cell>
			<Cell><Data ss:Type="Number">0.15</Data></Cell>
			<Cell><Data ss:Type="Number">-9.48</Data></Cell>
			<Cell><Data ss:Type="Number">-0.07</Data></Cell>
			<Cell><Data ss:Type="Number">-0.91</Data></Cell>
			<Cell><Data ss:Type="Number">23</Data></Cell>
			<Cell><Data ss:Type="Number">39.1</Data></Cell>
			<Cell><Data ss:Type="Number">0</Data></Cell>
			<Cell><Data ss:Type="Number">0</Data></Cell>
			<Cell><Data ss:Type="String">2023-12-07 16:50:10.096327</Data></Cell>
		</Row>
		<Row>
			<Cell><Data ss:Type="String">1564</Data></Cell>
			<Cell><Data ss:Type="Number">0.27</Data></Cell>
			<Cell><Data ss:Type="Number">-10</Data></Cell>
			<Cell><Data ss:Type="Number">0.13</Data></Cell>
			<Cell><Data ss:Type="Number">-9.42</Data></Cell>
			<Cell><Data ss:Type="Number">-0.06</Data></Cell>
			<Cell><Data ss:Type="Number">-0.93</Data></Cell>
			<Cell><Data ss:Type="Number">23</Data></Cell>
			<Cell><Data ss:Type="Number">39.1</Data></Cell>
			<Cell><Data ss:Type="Number">0</Data></Cell>
			<Cell><Data ss:Type="Number">0</Data></Cell>
			<Cell><Data ss:Type="String">2023-12-07 16:50:10.094201</Data></Cell>
		</Row>
		<Row>
			<Cell><Data ss:Type="String">1563</Data></Cell>
			<Cell><Data ss:Type="Number">0.29</Data></Cell>
			<Cell><Data ss:Type="Number">-10.11</Data></Cell>
			<Cell><Data ss:Type="Number">0.16</Data></Cell>
			<Cell><Data ss:Type="Number">-9.47</Data></Cell>
			<Cell><Data ss:Type="Number">-0.07</Data></Cell>
			<Cell><Data ss:Type="Number">-0.91</Data></Cell>
			<Cell><Data ss:Type="Number">23</Data></Cell>
			<Cell><Data ss:Type="Number">39.1</Data></Cell>
			<Cell><Data ss:Type="Number">0</Data></Cell>
			<Cell><Data ss:Type="Number">0</Data></Cell>
			<Cell><Data ss:Type="String">2023-12-07 16:50:10.047991</Data></Cell>
		</Row>
		<Row>
			<Cell><Data ss:Type="String">1562</Data></Cell>
			<Cell><Data ss:Type="Number">0.29</Data></Cell>
			<Cell><Data ss:Type="Number">-10.11</Data></Cell>
			<Cell><Data ss:Type="Number">0.15</Data></Cell>
			<Cell><Data ss:Type="Number">-9.51</Data></Cell>
			<Cell><Data ss:Type="Number">-0.07</Data></Cell>
			<Cell><Data ss:Type="Number">-0.89</Data></Cell>
			<Cell><Data ss:Type="Number">23</Data></Cell>
			<Cell><Data ss:Type="Number">39.1</Data></Cell>
			<Cell><Data ss:Type="Number">0</Data></Cell>
			<Cell><Data ss:Type="Number">0</Data></Cell>
			<Cell><Data ss:Type="String">2023-12-07 16:50:10.003792</Data></Cell>
		</Row>
		<Row>
			<Cell><Data ss:Type="String">1561</Data></Cell>
			<Cell><Data ss:Type="Number">0.3</Data></Cell>
			<Cell><Data ss:Type="Number">-10.21</Data></Cell>
			<Cell><Data ss:Type="Number">0.08</Data></Cell>
			<Cell><Data ss:Type="Number">-9.51</Data></Cell>
			<Cell><Data ss:Type="Number">-0.06</Data></Cell>
			<Cell><Data ss:Type="Number">-0.92</Data></Cell>
			<Cell><Data ss:Type="Number">23</Data></Cell>
			<Cell><Data ss:Type="Number">39.1</Data></Cell>
			<Cell><Data ss:Type="Number">0</Data></Cell>
			<Cell><Data ss:Type="Number">0</Data></Cell>
			<Cell><Data ss:Type="String">2023-12-07 16:50:10.001211</Data></Cell>
		</Row>
		<Row>
			<Cell><Data ss:Type="String">1560</Data></Cell>
			<Cell><Data ss:Type="Number">0.25</Data></Cell>
			<Cell><Data ss:Type="Number">-10</Data></Cell>
			<Cell><Data ss:Type="Number">0.14</Data></Cell>
			<Cell><Data ss:Type="Number">-9.41</Data></Cell>
			<Cell><Data ss:Type="Number">-0.06</Data></Cell>
			<Cell><Data ss:Type="Number">-0.92</Data></Cell>
			<Cell><Data ss:Type="Number">23</Data></Cell>
			<Cell><Data ss:Type="Number">39.1</Data></Cell>
			<Cell><Data ss:Type="Number">0</Data></Cell>
			<Cell><Data ss:Type="Number">0</Data></Cell>
			<Cell><Data ss:Type="String">2023-12-07 16:50:09.950698</Data></Cell>
		</Row>
		<Row>
			<Cell><Data ss:Type="String">1559</Data></Cell>
			<Cell><Data ss:Type="Number">0.32</Data></Cell>
			<Cell><Data ss:Type="Number">-9.97</Data></Cell>
			<Cell><Data ss:Type="Number">0.31</Data></Cell>
			<Cell><Data ss:Type="Number">-9.47</Data></Cell>
			<Cell><Data ss:Type="Number">-0.09</Data></Cell>
			<Cell><Data ss:Type="Number">-0.94</Data></Cell>
			<Cell><Data ss:Type="Number">23</Data></Cell>
			<Cell><Data ss:Type="Number">39.1</Data></Cell>
			<Cell><Data ss:Type="Number">0</Data></Cell>
			<Cell><Data ss:Type="Number">0</Data></Cell>
			<Cell><Data ss:Type="String">2023-12-07 16:50:09.895273</Data></Cell>
		</Row>
		<Row>
			<Cell><Data ss:Type="String">1558</Data></Cell>
			<Cell><Data ss:Type="Number">0.12</Data></Cell>
			<Cell><Data ss:Type="Number">-10.1</Data></Cell>
			<Cell><Data ss:Type="Number">0.15</Data></Cell>
			<Cell><Data ss:Type="Number">-9.5</Data></Cell>
			<Cell><Data ss:Type="Number">-0.07</Data></Cell>
			<Cell><Data ss:Type="Number">-0.9</Data></Cell>
			<Cell><Data ss:Type="Number">23</Data></Cell>
			<Cell><Data ss:Type="Number">39.1</Data></Cell>
			<Cell><Data ss:Type="Number">0</Data></Cell>
			<Cell><Data ss:Type="Number">0</Data></Cell>
			<Cell><Data ss:Type="String">2023-12-07 16:50:09.893307</Data></Cell>
		</Row>
		<Row>
			<Cell><Data ss:Type="String">1557</Data></Cell>
			<Cell><Data ss:Type="Number">0.27</Data></Cell>
			<Cell><Data ss:Type="Number">-10.22</Data></Cell>
			<Cell><Data ss:Type="Number">0.15</Data></Cell>
			<Cell><Data ss:Type="Number">-9.53</Data></Cell>
			<Cell><Data ss:Type="Number">-0.06</Data></Cell>
			<Cell><Data ss:Type="Number">-0.9</Data></Cell>
			<Cell><Data ss:Type="Number">23</Data></Cell>
			<Cell><Data ss:Type="Number">39.1</Data></Cell>
			<Cell><Data ss:Type="Number">0</Data></Cell>
			<Cell><Data ss:Type="Number">0</Data></Cell>
			<Cell><Data ss:Type="String">2023-12-07 16:50:09.847453</Data></Cell>
		</Row>
		<Row>
			<Cell><Data ss:Type="String">1556</Data></Cell>
			<Cell><Data ss:Type="Number">0.31</Data></Cell>
			<Cell><Data ss:Type="Number">-10.09</Data></Cell>
			<Cell><Data ss:Type="Number">0.18</Data></Cell>
			<Cell><Data ss:Type="Number">-9.46</Data></Cell>
			<Cell><Data ss:Type="Number">-0.06</Data></Cell>
			<Cell><Data ss:Type="Number">-0.9</Data></Cell>
			<Cell><Data ss:Type="Number">23</Data></Cell>
			<Cell><Data ss:Type="Number">39.1</Data></Cell>
			<Cell><Data ss:Type="Number">0</Data></Cell>
			<Cell><Data ss:Type="Number">0</Data></Cell>
			<Cell><Data ss:Type="String">2023-12-07 16:50:09.803710</Data></Cell>
		</Row>
		<Row>
			<Cell><Data ss:Type="String">1555</Data></Cell>
			<Cell><Data ss:Type="Number">0.33</Data></Cell>
			<Cell><Data ss:Type="Number">-9.98</Data></Cell>
			<Cell><Data ss:Type="Number">0.15</Data></Cell>
			<Cell><Data ss:Type="Number">-9.44</Data></Cell>
			<Cell><Data ss:Type="Number">-0.08</Data></Cell>
			<Cell><Data ss:Type="Number">-0.93</Data></Cell>
			<Cell><Data ss:Type="Number">23</Data></Cell>
			<Cell><Data ss:Type="Number">39.1</Data></Cell>
			<Cell><Data ss:Type="Number">0</Data></Cell>
			<Cell><Data ss:Type="Number">0</Data></Cell>
			<Cell><Data ss:Type="String">2023-12-07 16:50:09.759481</Data></Cell>
		</Row>
		<Row>
			<Cell><Data ss:Type="String">1554</Data></Cell>
			<Cell><Data ss:Type="Number">0.28</Data></Cell>
			<Cell><Data ss:Type="Number">-10.06</Data></Cell>
			<Cell><Data ss:Type="Number">0.11</Data></Cell>
			<Cell><Data ss:Type="Number">-9.48</Data></Cell>
			<Cell><Data ss:Type="Number">-0.06</Data></Cell>
			<Cell><Data ss:Type="Number">-0.89</Data></Cell>
			<Cell><Data ss:Type="Number">23</Data></Cell>
			<Cell><Data ss:Type="Number">39.1</Data></Cell>
			<Cell><Data ss:Type="Number">0</Data></Cell>
			<Cell><Data ss:Type="Number">0</Data></Cell>
			<Cell><Data ss:Type="String">2023-12-07 16:50:09.756898</Data></Cell>
		</Row>
		<Row>
			<Cell><Data ss:Type="String">1553</Data></Cell>
			<Cell><Data ss:Type="Number">0.31</Data></Cell>
			<Cell><Data ss:Type="Number">-9.97</Data></Cell>
			<Cell><Data ss:Type="Number">0.15</Data></Cell>
			<Cell><Data ss:Type="Number">-9.46</Data></Cell>
			<Cell><Data ss:Type="Number">-0.08</Data></Cell>
			<Cell><Data ss:Type="Number">-0.89</Data></Cell>
			<Cell><Data ss:Type="Number">23</Data></Cell>
			<Cell><Data ss:Type="Number">39.1</Data></Cell>
			<Cell><Data ss:Type="Number">0</Data></Cell>
			<Cell><Data ss:Type="Number">0</Data></Cell>
			<Cell><Data ss:Type="String">2023-12-07 16:50:09.712811</Data></Cell>
		</Row>
		<Row>
			<Cell><Data ss:Type="String">1552</Data></Cell>
			<Cell><Data ss:Type="Number">0.3</Data></Cell>
			<Cell><Data ss:Type="Number">-10.07</Data></Cell>
			<Cell><Data ss:Type="Number">0.15</Data></Cell>
			<Cell><Data ss:Type="Number">-9.49</Data></Cell>
			<Cell><Data ss:Type="Number">-0.06</Data></Cell>
			<Cell><Data ss:Type="Number">-0.94</Data></Cell>
			<Cell><Data ss:Type="Number">23</Data></Cell>
			<Cell><Data ss:Type="Number">39.1</Data></Cell>
			<Cell><Data ss:Type="Number">0</Data></Cell>
			<Cell><Data ss:Type="Number">0</Data></Cell>
			<Cell><Data ss:Type="String">2023-12-07 16:50:09.650221</Data></Cell>
		</Row>
		<Row>
			<Cell><Data ss:Type="String">1551</Data></Cell>
			<Cell><Data ss:Type="Number">0.33</Data></Cell>
			<Cell><Data ss:Type="Number">-10.09</Data></Cell>
			<Cell><Data ss:Type="Number">0.14</Data></Cell>
			<Cell><Data ss:Type="Number">-9.53</Data></Cell>
			<Cell><Data ss:Type="Number">-0.09</Data></Cell>
			<Cell><Data ss:Type="Number">-0.88</Data></Cell>
			<Cell><Data ss:Type="Number">23</Data></Cell>
			<Cell><Data ss:Type="Number">39.1</Data></Cell>
			<Cell><Data ss:Type="Number">0</Data></Cell>
			<Cell><Data ss:Type="Number">0</Data></Cell>
			<Cell><Data ss:Type="String">2023-12-07 16:50:09.648307</Data></Cell>
		</Row>
		<Row>
			<Cell><Data ss:Type="String">1550</Data></Cell>
			<Cell><Data ss:Type="Number">0.25</Data></Cell>
			<Cell><Data ss:Type="Number">-10.1</Data></Cell>
			<Cell><Data ss:Type="Number">0.14</Data></Cell>
			<Cell><Data ss:Type="Number">-9.44</Data></Cell>
			<Cell><Data ss:Type="Number">-0.06</Data></Cell>
			<Cell><Data ss:Type="Number">-0.9</Data></Cell>
			<Cell><Data ss:Type="Number">23</Data></Cell>
			<Cell><Data ss:Type="Number">39.1</Data></Cell>
			<Cell><Data ss:Type="Number">0</Data></Cell>
			<Cell><Data ss:Type="Number">0</Data></Cell>
			<Cell><Data ss:Type="String">2023-12-07 16:50:09.603857</Data></Cell>
		</Row>
		<Row>
			<Cell><Data ss:Type="String">1549</Data></Cell>
			<Cell><Data ss:Type="Number">0.16</Data></Cell>
			<Cell><Data ss:Type="Number">-10.07</Data></Cell>
			<Cell><Data ss:Type="Number">0.17</Data></Cell>
			<Cell><Data ss:Type="Number">-9.44</Data></Cell>
			<Cell><Data ss:Type="Number">-0.08</Data></Cell>
			<Cell><Data ss:Type="Number">-0.94</Data></Cell>
			<Cell><Data ss:Type="Number">23</Data></Cell>
			<Cell><Data ss:Type="Number">39.1</Data></Cell>
			<Cell><Data ss:Type="Number">0</Data></Cell>
			<Cell><Data ss:Type="Number">0</Data></Cell>
			<Cell><Data ss:Type="String">2023-12-07 16:50:09.559681</Data></Cell>
		</Row>
		<Row>
			<Cell><Data ss:Type="String">1548</Data></Cell>
			<Cell><Data ss:Type="Number">0.27</Data></Cell>
			<Cell><Data ss:Type="Number">-9.96</Data></Cell>
			<Cell><Data ss:Type="Number">0.16</Data></Cell>
			<Cell><Data ss:Type="Number">-9.45</Data></Cell>
			<Cell><Data ss:Type="Number">-0.06</Data></Cell>
			<Cell><Data ss:Type="Number">-0.86</Data></Cell>
			<Cell><Data ss:Type="Number">23</Data></Cell>
			<Cell><Data ss:Type="Number">39.1</Data></Cell>
			<Cell><Data ss:Type="Number">0</Data></Cell>
			<Cell><Data ss:Type="Number">0</Data></Cell>
			<Cell><Data ss:Type="String">2023-12-07 16:50:09.557689</Data></Cell>
		</Row>
		<Row>
			<Cell><Data ss:Type="String">1547</Data></Cell>
			<Cell><Data ss:Type="Number">0.39</Data></Cell>
			<Cell><Data ss:Type="Number">-10.09</Data></Cell>
			<Cell><Data ss:Type="Number">0.1</Data></Cell>
			<Cell><Data ss:Type="Number">-9.51</Data></Cell>
			<Cell><Data ss:Type="Number">-0.13</Data></Cell>
			<Cell><Data ss:Type="Number">-0.96</Data></Cell>
			<Cell><Data ss:Type="Number">23</Data></Cell>
			<Cell><Data ss:Type="Number">39.1</Data></Cell>
			<Cell><Data ss:Type="Number">0</Data></Cell>
			<Cell><Data ss:Type="Number">0</Data></Cell>
			<Cell><Data ss:Type="String">2023-12-07 16:50:09.511479</Data></Cell>
		</Row>
		<Row>
			<Cell><Data ss:Type="String">1546</Data></Cell>
			<Cell><Data ss:Type="Number">0.19</Data></Cell>
			<Cell><Data ss:Type="Number">-10.19</Data></Cell>
			<Cell><Data ss:Type="Number">0.17</Data></Cell>
			<Cell><Data ss:Type="Number">-9.54</Data></Cell>
			<Cell><Data ss:Type="Number">-0.07</Data></Cell>
			<Cell><Data ss:Type="Number">-0.83</Data></Cell>
			<Cell><Data ss:Type="Number">23</Data></Cell>
			<Cell><Data ss:Type="Number">39.1</Data></Cell>
			<Cell><Data ss:Type="Number">0</Data></Cell>
			<Cell><Data ss:Type="Number">0</Data></Cell>
			<Cell><Data ss:Type="String">2023-12-07 16:50:09.465150</Data></Cell>
		</Row>
		<Row>
			<Cell><Data ss:Type="String">1545</Data></Cell>
			<Cell><Data ss:Type="Number">0.24</Data></Cell>
			<Cell><Data ss:Type="Number">-10.07</Data></Cell>
			<Cell><Data ss:Type="Number">0.02</Data></Cell>
			<Cell><Data ss:Type="Number">-9.49</Data></Cell>
			<Cell><Data ss:Type="Number">-0.05</Data></Cell>
			<Cell><Data ss:Type="Number">-0.92</Data></Cell>
			<Cell><Data ss:Type="Number">23</Data></Cell>
			<Cell><Data ss:Type="Number">39.1</Data></Cell>
			<Cell><Data ss:Type="Number">0</Data></Cell>
			<Cell><Data ss:Type="Number">0</Data></Cell>
			<Cell><Data ss:Type="String">2023-12-07 16:50:09.422410</Data></Cell>
		</Row>
		<Row>
			<Cell><Data ss:Type="String">1544</Data></Cell>
			<Cell><Data ss:Type="Number">0.03</Data></Cell>
			<Cell><Data ss:Type="Number">-9.92</Data></Cell>
			<Cell><Data ss:Type="Number">-0.04</Data></Cell>
			<Cell><Data ss:Type="Number">-9.44</Data></Cell>
			<Cell><Data ss:Type="Number">0.11</Data></Cell>
			<Cell><Data ss:Type="Number">-0.94</Data></Cell>
			<Cell><Data ss:Type="Number">23</Data></Cell>
			<Cell><Data ss:Type="Number">39.1</Data></Cell>
			<Cell><Data ss:Type="Number">0</Data></Cell>
			<Cell><Data ss:Type="Number">0</Data></Cell>
			<Cell><Data ss:Type="String">2023-12-07 16:50:09.420019</Data></Cell>
		</Row>
		<Row>
			<Cell><Data ss:Type="String">1543</Data></Cell>
			<Cell><Data ss:Type="Number">0.52</Data></Cell>
			<Cell><Data ss:Type="Number">-10.08</Data></Cell>
			<Cell><Data ss:Type="Number">0.18</Data></Cell>
			<Cell><Data ss:Type="Number">-9.46</Data></Cell>
			<Cell><Data ss:Type="Number">-0.15</Data></Cell>
			<Cell><Data ss:Type="Number">-0.86</Data></Cell>
			<Cell><Data ss:Type="Number">23</Data></Cell>
			<Cell><Data ss:Type="Number">39.1</Data></Cell>
			<Cell><Data ss:Type="Number">0</Data></Cell>
			<Cell><Data ss:Type="Number">0</Data></Cell>
			<Cell><Data ss:Type="String">2023-12-07 16:50:09.374220</Data></Cell>
		</Row>
		<Row>
			<Cell><Data ss:Type="String">1542</Data></Cell>
			<Cell><Data ss:Type="Number">0.76</Data></Cell>
			<Cell><Data ss:Type="Number">-10.21</Data></Cell>
			<Cell><Data ss:Type="Number">0.5</Data></Cell>
			<Cell><Data ss:Type="Number">-9.59</Data></Cell>
			<Cell><Data ss:Type="Number">-0.31</Data></Cell>
			<Cell><Data ss:Type="Number">-0.91</Data></Cell>
			<Cell><Data ss:Type="Number">23</Data></Cell>
			<Cell><Data ss:Type="Number">39.1</Data></Cell>
			<Cell><Data ss:Type="Number">0</Data></Cell>
			<Cell><Data ss:Type="Number">0</Data></Cell>
			<Cell><Data ss:Type="String">2023-12-07 16:50:09.326688</Data></Cell>
		</Row>
		<Row>
			<Cell><Data ss:Type="String">1541</Data></Cell>
			<Cell><Data ss:Type="Number">-0.19</Data></Cell>
			<Cell><Data ss:Type="Number">-10.11</Data></Cell>
			<Cell><Data ss:Type="Number">0.04</Data></Cell>
			<Cell><Data ss:Type="Number">-9.46</Data></Cell>
			<Cell><Data ss:Type="Number">-0.2</Data></Cell>
			<Cell><Data ss:Type="Number">-0.81</Data></Cell>
			<Cell><Data ss:Type="Number">23</Data></Cell>
			<Cell><Data ss:Type="Number">39.1</Data></Cell>
			<Cell><Data ss:Type="Number">0</Data></Cell>
			<Cell><Data ss:Type="Number">0</Data></Cell>
			<Cell><Data ss:Type="String">2023-12-07 16:50:09.282092</Data></Cell>
		</Row>
		<Row>
			<Cell><Data ss:Type="String">1540</Data></Cell>
			<Cell><Data ss:Type="Number">-1.22</Data></Cell>
			<Cell><Data ss:Type="Number">-10.12</Data></Cell>
			<Cell><Data ss:Type="Number">-0.87</Data></Cell>
			<Cell><Data ss:Type="Number">-9.51</Data></Cell>
			<Cell><Data ss:Type="Number">0.68</Data></Cell>
			<Cell><Data ss:Type="Number">-1.07</Data></Cell>
			<Cell><Data ss:Type="Number">23</Data></Cell>
			<Cell><Data ss:Type="Number">39.1</Data></Cell>
			<Cell><Data ss:Type="Number">0</Data></Cell>
			<Cell><Data ss:Type="Number">0</Data></Cell>
			<Cell><Data ss:Type="String">2023-12-07 16:50:09.280500</Data></Cell>
		</Row>
		<Row>
			<Cell><Data ss:Type="String">1539</Data></Cell>
			<Cell><Data ss:Type="Number">0.83</Data></Cell>
			<Cell><Data ss:Type="Number">-9.68</Data></Cell>
			<Cell><Data ss:Type="Number">0.1</Data></Cell>
			<Cell><Data ss:Type="Number">-9.36</Data></Cell>
			<Cell><Data ss:Type="Number">0.34</Data></Cell>
			<Cell><Data ss:Type="Number">-1.03</Data></Cell>
			<Cell><Data ss:Type="Number">23</Data></Cell>
			<Cell><Data ss:Type="Number">39.1</Data></Cell>
			<Cell><Data ss:Type="Number">0</Data></Cell>
			<Cell><Data ss:Type="Number">0</Data></Cell>
			<Cell><Data ss:Type="String">2023-12-07 16:50:09.234543</Data></Cell>
		</Row>
		<Row>
			<Cell><Data ss:Type="String">1538</Data></Cell>
			<Cell><Data ss:Type="Number">2.61</Data></Cell>
			<Cell><Data ss:Type="Number">-11.09</Data></Cell>
			<Cell><Data ss:Type="Number">2.08</Data></Cell>
			<Cell><Data ss:Type="Number">-9.36</Data></Cell>
			<Cell><Data ss:Type="Number">-1.43</Data></Cell>
			<Cell><Data ss:Type="Number">-0.62</Data></Cell>
			<Cell><Data ss:Type="Number">23</Data></Cell>
			<Cell><Data ss:Type="Number">39.1</Data></Cell>
			<Cell><Data ss:Type="Number">0</Data></Cell>
			<Cell><Data ss:Type="Number">0</Data></Cell>
			<Cell><Data ss:Type="String">2023-12-07 16:50:09.188524</Data></Cell>
		</Row>
		<Row>
			<Cell><Data ss:Type="String">1537</Data></Cell>
			<Cell><Data ss:Type="Number">0.57</Data></Cell>
			<Cell><Data ss:Type="Number">5.27</Data></Cell>
			<Cell><Data ss:Type="Number">-0.08</Data></Cell>
			<Cell><Data ss:Type="Number">-2.43</Data></Cell>
			<Cell><Data ss:Type="Number">-1.59</Data></Cell>
			<Cell><Data ss:Type="Number">-1.05</Data></Cell>
			<Cell><Data ss:Type="Number">23</Data></Cell>
			<Cell><Data ss:Type="Number">39.1</Data></Cell>
			<Cell><Data ss:Type="Number">0</Data></Cell>
			<Cell><Data ss:Type="Number">0</Data></Cell>
			<Cell><Data ss:Type="String">2023-12-07 16:50:09.185572</Data></Cell>
		</Row>
		<Row>
			<Cell><Data ss:Type="String">1536</Data></Cell>
			<Cell><Data ss:Type="Number">0.76</Data></Cell>
			<Cell><Data ss:Type="Number">-9.95</Data></Cell>
			<Cell><Data ss:Type="Number">0.52</Data></Cell>
			<Cell><Data ss:Type="Number">-9.38</Data></Cell>
			<Cell><Data ss:Type="Number">-0.08</Data></Cell>
			<Cell><Data ss:Type="Number">-0.95</Data></Cell>
			<Cell><Data ss:Type="Number">23</Data></Cell>
			<Cell><Data ss:Type="Number">39.1</Data></Cell>
			<Cell><Data ss:Type="Number">0</Data></Cell>
			<Cell><Data ss:Type="Number">0</Data></Cell>
			<Cell><Data ss:Type="String">2023-12-07 16:50:09.137153</Data></Cell>
		</Row>
		<Row>
			<Cell><Data ss:Type="String">1535</Data></Cell>
			<Cell><Data ss:Type="Number">-0.16</Data></Cell>
			<Cell><Data ss:Type="Number">-9.75</Data></Cell>
			<Cell><Data ss:Type="Number">0.28</Data></Cell>
			<Cell><Data ss:Type="Number">-9.33</Data></Cell>
			<Cell><Data ss:Type="Number">-0.12</Data></Cell>
			<Cell><Data ss:Type="Number">-0.85</Data></Cell>
			<Cell><Data ss:Type="Number">23</Data></Cell>
			<Cell><Data ss:Type="Number">39.1</Data></Cell>
			<Cell><Data ss:Type="Number">0</Data></Cell>
			<Cell><Data ss:Type="Number">0</Data></Cell>
			<Cell><Data ss:Type="String">2023-12-07 16:50:09.133933</Data></Cell>
		</Row>
		<Row>
			<Cell><Data ss:Type="String">1534</Data></Cell>
			<Cell><Data ss:Type="Number">-0.01</Data></Cell>
			<Cell><Data ss:Type="Number">-9.98</Data></Cell>
			<Cell><Data ss:Type="Number">-0.02</Data></Cell>
			<Cell><Data ss:Type="Number">-9.53</Data></Cell>
			<Cell><Data ss:Type="Number">-0.04</Data></Cell>
			<Cell><Data ss:Type="Number">-0.96</Data></Cell>
			<Cell><Data ss:Type="Number">23</Data></Cell>
			<Cell><Data ss:Type="Number">39.1</Data></Cell>
			<Cell><Data ss:Type="Number">0</Data></Cell>
			<Cell><Data ss:Type="Number">0</Data></Cell>
			<Cell><Data ss:Type="String">2023-12-07 16:50:09.131341</Data></Cell>
		</Row>
		<Row>
			<Cell><Data ss:Type="String">1533</Data></Cell>
			<Cell><Data ss:Type="Number">0.02</Data></Cell>
			<Cell><Data ss:Type="Number">-9.47</Data></Cell>
			<Cell><Data ss:Type="Number">0.05</Data></Cell>
			<Cell><Data ss:Type="Number">-9.49</Data></Cell>
			<Cell><Data ss:Type="Number">-0.1</Data></Cell>
			<Cell><Data ss:Type="Number">-0.89</Data></Cell>
			<Cell><Data ss:Type="Number">23</Data></Cell>
			<Cell><Data ss:Type="Number">39.1</Data></Cell>
			<Cell><Data ss:Type="Number">0</Data></Cell>
			<Cell><Data ss:Type="Number">0</Data></Cell>
			<Cell><Data ss:Type="String">2023-12-07 16:50:09.128944</Data></Cell>
		</Row>
		<Row>
			<Cell><Data ss:Type="String">1532</Data></Cell>
			<Cell><Data ss:Type="Number">1.06</Data></Cell>
			<Cell><Data ss:Type="Number">-10.71</Data></Cell>
			<Cell><Data ss:Type="Number">0.17</Data></Cell>
			<Cell><Data ss:Type="Number">-9.68</Data></Cell>
			<Cell><Data ss:Type="Number">-0.11</Data></Cell>
			<Cell><Data ss:Type="Number">-0.9</Data></Cell>
			<Cell><Data ss:Type="Number">23</Data></Cell>
			<Cell><Data ss:Type="Number">39.1</Data></Cell>
			<Cell><Data ss:Type="Number">0</Data></Cell>
			<Cell><Data ss:Type="Number">0</Data></Cell>
			<Cell><Data ss:Type="String">2023-12-07 16:50:09.126426</Data></Cell>
		</Row>
		<Row>
			<Cell><Data ss:Type="String">1531</Data></Cell>
			<Cell><Data ss:Type="Number">-0.08</Data></Cell>
			<Cell><Data ss:Type="Number">-10.37</Data></Cell>
			<Cell><Data ss:Type="Number">-0.16</Data></Cell>
			<Cell><Data ss:Type="Number">-9.47</Data></Cell>
			<Cell><Data ss:Type="Number">-0.1</Data></Cell>
			<Cell><Data ss:Type="Number">-0.92</Data></Cell>
			<Cell><Data ss:Type="Number">23</Data></Cell>
			<Cell><Data ss:Type="Number">39.1</Data></Cell>
			<Cell><Data ss:Type="Number">0</Data></Cell>
			<Cell><Data ss:Type="Number">0</Data></Cell>
			<Cell><Data ss:Type="String">2023-12-07 16:50:09.123850</Data></Cell>
		</Row>
		<Row>
			<Cell><Data ss:Type="String">1530</Data></Cell>
			<Cell><Data ss:Type="Number">0.12</Data></Cell>
			<Cell><Data ss:Type="Number">-9.67</Data></Cell>
			<Cell><Data ss:Type="Number">-0.08</Data></Cell>
			<Cell><Data ss:Type="Number">-9.44</Data></Cell>
			<Cell><Data ss:Type="Number">0</Data></Cell>
			<Cell><Data ss:Type="Number">-0.91</Data></Cell>
			<Cell><Data ss:Type="Number">23</Data></Cell>
			<Cell><Data ss:Type="Number">39.1</Data></Cell>
			<Cell><Data ss:Type="Number">0</Data></Cell>
			<Cell><Data ss:Type="Number">0</Data></Cell>
			<Cell><Data ss:Type="String">2023-12-07 16:50:09.121651</Data></Cell>
		</Row>
		<Row>
			<Cell><Data ss:Type="String">1529</Data></Cell>
			<Cell><Data ss:Type="Number">0.03</Data></Cell>
			<Cell><Data ss:Type="Number">-9.69</Data></Cell>
			<Cell><Data ss:Type="Number">-0.43</Data></Cell>
			<Cell><Data ss:Type="Number">-9.46</Data></Cell>
			<Cell><Data ss:Type="Number">-0.07</Data></Cell>
			<Cell><Data ss:Type="Number">-1</Data></Cell>
			<Cell><Data ss:Type="Number">23</Data></Cell>
			<Cell><Data ss:Type="Number">39.1</Data></Cell>
			<Cell><Data ss:Type="Number">0</Data></Cell>
			<Cell><Data ss:Type="Number">0</Data></Cell>
			<Cell><Data ss:Type="String">2023-12-07 16:50:08.883412</Data></Cell>
		</Row>
		<Row>
			<Cell><Data ss:Type="String">1528</Data></Cell>
			<Cell><Data ss:Type="Number">0.19</Data></Cell>
			<Cell><Data ss:Type="Number">-9.55</Data></Cell>
			<Cell><Data ss:Type="Number">0.2</Data></Cell>
			<Cell><Data ss:Type="Number">-9.59</Data></Cell>
			<Cell><Data ss:Type="Number">-0.06</Data></Cell>
			<Cell><Data ss:Type="Number">-0.85</Data></Cell>
			<Cell><Data ss:Type="Number">23</Data></Cell>
			<Cell><Data ss:Type="Number">39.1</Data></Cell>
			<Cell><Data ss:Type="Number">0</Data></Cell>
			<Cell><Data ss:Type="Number">0</Data></Cell>
			<Cell><Data ss:Type="String">2023-12-07 16:50:08.881598</Data></Cell>
		</Row>
		<Row>
			<Cell><Data ss:Type="String">1527</Data></Cell>
			<Cell><Data ss:Type="Number">0.18</Data></Cell>
			<Cell><Data ss:Type="Number">-10.15</Data></Cell>
			<Cell><Data ss:Type="Number">0.18</Data></Cell>
			<Cell><Data ss:Type="Number">-9.49</Data></Cell>
			<Cell><Data ss:Type="Number">-0.1</Data></Cell>
			<Cell><Data ss:Type="Number">-0.98</Data></Cell>
			<Cell><Data ss:Type="Number">23</Data></Cell>
			<Cell><Data ss:Type="Number">39.1</Data></Cell>
			<Cell><Data ss:Type="Number">0</Data></Cell>
			<Cell><Data ss:Type="Number">0</Data></Cell>
			<Cell><Data ss:Type="String">2023-12-07 16:50:08.826155</Data></Cell>
		</Row>
		<Row>
			<Cell><Data ss:Type="String">1526</Data></Cell>
			<Cell><Data ss:Type="Number">0.03</Data></Cell>
			<Cell><Data ss:Type="Number">-9.78</Data></Cell>
			<Cell><Data ss:Type="Number">0.4</Data></Cell>
			<Cell><Data ss:Type="Number">-9.41</Data></Cell>
			<Cell><Data ss:Type="Number">-0.05</Data></Cell>
			<Cell><Data ss:Type="Number">-0.87</Data></Cell>
			<Cell><Data ss:Type="Number">23</Data></Cell>
			<Cell><Data ss:Type="Number">39.1</Data></Cell>
			<Cell><Data ss:Type="Number">0</Data></Cell>
			<Cell><Data ss:Type="Number">0</Data></Cell>
			<Cell><Data ss:Type="String">2023-12-07 16:50:08.824101</Data></Cell>
		</Row>
		<Row>
			<Cell><Data ss:Type="String">1525</Data></Cell>
			<Cell><Data ss:Type="Number">0.3</Data></Cell>
			<Cell><Data ss:Type="Number">-9.83</Data></Cell>
			<Cell><Data ss:Type="Number">0.08</Data></Cell>
			<Cell><Data ss:Type="Number">-9.43</Data></Cell>
			<Cell><Data ss:Type="Number">-0.1</Data></Cell>
			<Cell><Data ss:Type="Number">-0.96</Data></Cell>
			<Cell><Data ss:Type="Number">23</Data></Cell>
			<Cell><Data ss:Type="Number">39.1</Data></Cell>
			<Cell><Data ss:Type="Number">0</Data></Cell>
			<Cell><Data ss:Type="Number">0</Data></Cell>
			<Cell><Data ss:Type="String">2023-12-07 16:50:08.821058</Data></Cell>
		</Row>
		<Row>
			<Cell><Data ss:Type="String">1524</Data></Cell>
			<Cell><Data ss:Type="Number">0.51</Data></Cell>
			<Cell><Data ss:Type="Number">-9.42</Data></Cell>
			<Cell><Data ss:Type="Number">0.37</Data></Cell>
			<Cell><Data ss:Type="Number">-9.5</Data></Cell>
			<Cell><Data ss:Type="Number">-0.07</Data></Cell>
			<Cell><Data ss:Type="Number">-0.86</Data></Cell>
			<Cell><Data ss:Type="Number">23</Data></Cell>
			<Cell><Data ss:Type="Number">39.1</Data></Cell>
			<Cell><Data ss:Type="Number">0</Data></Cell>
			<Cell><Data ss:Type="Number">0</Data></Cell>
			<Cell><Data ss:Type="String">2023-12-07 16:50:08.818683</Data></Cell>
		</Row>
		<Row>
			<Cell><Data ss:Type="String">1523</Data></Cell>
			<Cell><Data ss:Type="Number">0.5</Data></Cell>
			<Cell><Data ss:Type="Number">-10.08</Data></Cell>
			<Cell><Data ss:Type="Number">0.32</Data></Cell>
			<Cell><Data ss:Type="Number">-9.58</Data></Cell>
			<Cell><Data ss:Type="Number">0.05</Data></Cell>
			<Cell><Data ss:Type="Number">-0.89</Data></Cell>
			<Cell><Data ss:Type="Number">23</Data></Cell>
			<Cell><Data ss:Type="Number">39.1</Data></Cell>
			<Cell><Data ss:Type="Number">0</Data></Cell>
			<Cell><Data ss:Type="Number">0</Data></Cell>
			<Cell><Data ss:Type="String">2023-12-07 16:50:08.816560</Data></Cell>
		</Row>
		<Row>
			<Cell><Data ss:Type="String">1522</Data></Cell>
			<Cell><Data ss:Type="Number">0.5</Data></Cell>
			<Cell><Data ss:Type="Number">-10.09</Data></Cell>
			<Cell><Data ss:Type="Number">0.03</Data></Cell>
			<Cell><Data ss:Type="Number">-9.48</Data></Cell>
			<Cell><Data ss:Type="Number">-0.1</Data></Cell>
			<Cell><Data ss:Type="Number">-0.93</Data></Cell>
			<Cell><Data ss:Type="Number">23</Data></Cell>
			<Cell><Data ss:Type="Number">39.1</Data></Cell>
			<Cell><Data ss:Type="Number">0</Data></Cell>
			<Cell><Data ss:Type="Number">0</Data></Cell>
			<Cell><Data ss:Type="String">2023-12-07 16:50:08.814653</Data></Cell>
		</Row>
		<Row>
			<Cell><Data ss:Type="String">1521</Data></Cell>
			<Cell><Data ss:Type="Number">0.27</Data></Cell>
			<Cell><Data ss:Type="Number">-9.89</Data></Cell>
			<Cell><Data ss:Type="Number">0.31</Data></Cell>
			<Cell><Data ss:Type="Number">-9.46</Data></Cell>
			<Cell><Data ss:Type="Number">-0.09</Data></Cell>
			<Cell><Data ss:Type="Number">-0.86</Data></Cell>
			<Cell><Data ss:Type="Number">23</Data></Cell>
			<Cell><Data ss:Type="Number">39.1</Data></Cell>
			<Cell><Data ss:Type="Number">0</Data></Cell>
			<Cell><Data ss:Type="Number">0</Data></Cell>
			<Cell><Data ss:Type="String">2023-12-07 16:50:08.812940</Data></Cell>
		</Row>
		<Row>
			<Cell><Data ss:Type="String">1520</Data></Cell>
			<Cell><Data ss:Type="Number">0.1</Data></Cell>
			<Cell><Data ss:Type="Number">-9.13</Data></Cell>
			<Cell><Data ss:Type="Number">0.05</Data></Cell>
			<Cell><Data ss:Type="Number">-9.49</Data></Cell>
			<Cell><Data ss:Type="Number">-0.06</Data></Cell>
			<Cell><Data ss:Type="Number">-0.92</Data></Cell>
			<Cell><Data ss:Type="Number">23</Data></Cell>
			<Cell><Data ss:Type="Number">39.1</Data></Cell>
			<Cell><Data ss:Type="Number">0</Data></Cell>
			<Cell><Data ss:Type="Number">0</Data></Cell>
			<Cell><Data ss:Type="String">2023-12-07 16:50:08.811011</Data></Cell>
		</Row>
		<Row>
			<Cell><Data ss:Type="String">1519</Data></Cell>
			<Cell><Data ss:Type="Number">0.67</Data></Cell>
			<Cell><Data ss:Type="Number">-9.97</Data></Cell>
			<Cell><Data ss:Type="Number">0.51</Data></Cell>
			<Cell><Data ss:Type="Number">-9.49</Data></Cell>
			<Cell><Data ss:Type="Number">-0.11</Data></Cell>
			<Cell><Data ss:Type="Number">-0.9</Data></Cell>
			<Cell><Data ss:Type="Number">23</Data></Cell>
			<Cell><Data ss:Type="Number">39.1</Data></Cell>
			<Cell><Data ss:Type="Number">0</Data></Cell>
			<Cell><Data ss:Type="Number">0</Data></Cell>
			<Cell><Data ss:Type="String">2023-12-07 16:50:08.580376</Data></Cell>
		</Row>
		<Row>
			<Cell><Data ss:Type="String">1518</Data></Cell>
			<Cell><Data ss:Type="Number">0.21</Data></Cell>
			<Cell><Data ss:Type="Number">-9.89</Data></Cell>
			<Cell><Data ss:Type="Number">0.18</Data></Cell>
			<Cell><Data ss:Type="Number">-9.46</Data></Cell>
			<Cell><Data ss:Type="Number">-0.13</Data></Cell>
			<Cell><Data ss:Type="Number">-0.92</Data></Cell>
			<Cell><Data ss:Type="Number">23</Data></Cell>
			<Cell><Data ss:Type="Number">39.1</Data></Cell>
			<Cell><Data ss:Type="Number">0</Data></Cell>
			<Cell><Data ss:Type="Number">0</Data></Cell>
			<Cell><Data ss:Type="String">2023-12-07 16:50:08.578274</Data></Cell>
		</Row>
		<Row>
			<Cell><Data ss:Type="String">1517</Data></Cell>
			<Cell><Data ss:Type="Number">0.27</Data></Cell>
			<Cell><Data ss:Type="Number">-10.11</Data></Cell>
			<Cell><Data ss:Type="Number">-0.25</Data></Cell>
			<Cell><Data ss:Type="Number">-9.48</Data></Cell>
			<Cell><Data ss:Type="Number">-0.07</Data></Cell>
			<Cell><Data ss:Type="Number">-0.89</Data></Cell>
			<Cell><Data ss:Type="Number">23</Data></Cell>
			<Cell><Data ss:Type="Number">39.1</Data></Cell>
			<Cell><Data ss:Type="Number">0</Data></Cell>
			<Cell><Data ss:Type="Number">0</Data></Cell>
			<Cell><Data ss:Type="String">2023-12-07 16:50:08.494746</Data></Cell>
		</Row>
		<Row>
			<Cell><Data ss:Type="String">1516</Data></Cell>
			<Cell><Data ss:Type="Number">0.1</Data></Cell>
			<Cell><Data ss:Type="Number">-10.01</Data></Cell>
			<Cell><Data ss:Type="Number">0.22</Data></Cell>
			<Cell><Data ss:Type="Number">-9.58</Data></Cell>
			<Cell><Data ss:Type="Number">-0.01</Data></Cell>
			<Cell><Data ss:Type="Number">-0.88</Data></Cell>
			<Cell><Data ss:Type="Number">23</Data></Cell>
			<Cell><Data ss:Type="Number">39.1</Data></Cell>
			<Cell><Data ss:Type="Number">0</Data></Cell>
			<Cell><Data ss:Type="Number">0</Data></Cell>
			<Cell><Data ss:Type="String">2023-12-07 16:50:08.450328</Data></Cell>
		</Row>
		<Row>
			<Cell><Data ss:Type="String">1515</Data></Cell>
			<Cell><Data ss:Type="Number">0.43</Data></Cell>
			<Cell><Data ss:Type="Number">-10.4</Data></Cell>
			<Cell><Data ss:Type="Number">0.18</Data></Cell>
			<Cell><Data ss:Type="Number">-9.62</Data></Cell>
			<Cell><Data ss:Type="Number">-0.11</Data></Cell>
			<Cell><Data ss:Type="Number">-0.88</Data></Cell>
			<Cell><Data ss:Type="Number">23</Data></Cell>
			<Cell><Data ss:Type="Number">39.1</Data></Cell>
			<Cell><Data ss:Type="Number">0</Data></Cell>
			<Cell><Data ss:Type="Number">0</Data></Cell>
			<Cell><Data ss:Type="String">2023-12-07 16:50:08.448229</Data></Cell>
		</Row>
		<Row>
			<Cell><Data ss:Type="String">1514</Data></Cell>
			<Cell><Data ss:Type="Number">0.57</Data></Cell>
			<Cell><Data ss:Type="Number">-9.52</Data></Cell>
			<Cell><Data ss:Type="Number">0.23</Data></Cell>
			<Cell><Data ss:Type="Number">-9.53</Data></Cell>
			<Cell><Data ss:Type="Number">-0.02</Data></Cell>
			<Cell><Data ss:Type="Number">-0.94</Data></Cell>
			<Cell><Data ss:Type="Number">23</Data></Cell>
			<Cell><Data ss:Type="Number">39.1</Data></Cell>
			<Cell><Data ss:Type="Number">0</Data></Cell>
			<Cell><Data ss:Type="Number">0</Data></Cell>
			<Cell><Data ss:Type="String">2023-12-07 16:50:08.402878</Data></Cell>
		</Row>
		<Row>
			<Cell><Data ss:Type="String">1513</Data></Cell>
			<Cell><Data ss:Type="Number">0.05</Data></Cell>
			<Cell><Data ss:Type="Number">-10.33</Data></Cell>
			<Cell><Data ss:Type="Number">0.23</Data></Cell>
			<Cell><Data ss:Type="Number">-9.62</Data></Cell>
			<Cell><Data ss:Type="Number">0.05</Data></Cell>
			<Cell><Data ss:Type="Number">-0.92</Data></Cell>
			<Cell><Data ss:Type="Number">23</Data></Cell>
			<Cell><Data ss:Type="Number">39.1</Data></Cell>
			<Cell><Data ss:Type="Number">0</Data></Cell>
			<Cell><Data ss:Type="Number">0</Data></Cell>
			<Cell><Data ss:Type="String">2023-12-07 16:50:08.356817</Data></Cell>
		</Row>
		<Row>
			<Cell><Data ss:Type="String">1512</Data></Cell>
			<Cell><Data ss:Type="Number">0.22</Data></Cell>
			<Cell><Data ss:Type="Number">-9.87</Data></Cell>
			<Cell><Data ss:Type="Number">-0.04</Data></Cell>
			<Cell><Data ss:Type="Number">-9.31</Data></Cell>
			<Cell><Data ss:Type="Number">-0.08</Data></Cell>
			<Cell><Data ss:Type="Number">-0.95</Data></Cell>
			<Cell><Data ss:Type="Number">23</Data></Cell>
			<Cell><Data ss:Type="Number">39.1</Data></Cell>
			<Cell><Data ss:Type="Number">0</Data></Cell>
			<Cell><Data ss:Type="Number">0</Data></Cell>
			<Cell><Data ss:Type="String">2023-12-07 16:50:08.312553</Data></Cell>
		</Row>
		<Row>
			<Cell><Data ss:Type="String">1511</Data></Cell>
			<Cell><Data ss:Type="Number">-0.23</Data></Cell>
			<Cell><Data ss:Type="Number">-10.25</Data></Cell>
			<Cell><Data ss:Type="Number">0.43</Data></Cell>
			<Cell><Data ss:Type="Number">-9.36</Data></Cell>
			<Cell><Data ss:Type="Number">-0.18</Data></Cell>
			<Cell><Data ss:Type="Number">-0.81</Data></Cell>
			<Cell><Data ss:Type="Number">23</Data></Cell>
			<Cell><Data ss:Type="Number">39.1</Data></Cell>
			<Cell><Data ss:Type="Number">0</Data></Cell>
			<Cell><Data ss:Type="Number">0</Data></Cell>
			<Cell><Data ss:Type="String">2023-12-07 16:50:08.310662</Data></Cell>
		</Row>
		<Row>
			<Cell><Data ss:Type="String">1510</Data></Cell>
			<Cell><Data ss:Type="Number">0.16</Data></Cell>
			<Cell><Data ss:Type="Number">-10.69</Data></Cell>
			<Cell><Data ss:Type="Number">-0.26</Data></Cell>
			<Cell><Data ss:Type="Number">-9.53</Data></Cell>
			<Cell><Data ss:Type="Number">0.01</Data></Cell>
			<Cell><Data ss:Type="Number">-1.01</Data></Cell>
			<Cell><Data ss:Type="Number">23</Data></Cell>
			<Cell><Data ss:Type="Number">39.1</Data></Cell>
			<Cell><Data ss:Type="Number">0</Data></Cell>
			<Cell><Data ss:Type="Number">0</Data></Cell>
			<Cell><Data ss:Type="String">2023-12-07 16:50:08.308707</Data></Cell>
		</Row>
		<Row>
			<Cell><Data ss:Type="String">1509</Data></Cell>
			<Cell><Data ss:Type="Number">1.02</Data></Cell>
			<Cell><Data ss:Type="Number">-10.24</Data></Cell>
			<Cell><Data ss:Type="Number">-0.25</Data></Cell>
			<Cell><Data ss:Type="Number">-9.41</Data></Cell>
			<Cell><Data ss:Type="Number">0</Data></Cell>
			<Cell><Data ss:Type="Number">-0.89</Data></Cell>
			<Cell><Data ss:Type="Number">23</Data></Cell>
			<Cell><Data ss:Type="Number">39.1</Data></Cell>
			<Cell><Data ss:Type="Number">0</Data></Cell>
			<Cell><Data ss:Type="Number">0</Data></Cell>
			<Cell><Data ss:Type="String">2023-12-07 16:50:08.306179</Data></Cell>
		</Row>
		<Row>
			<Cell><Data ss:Type="String">1508</Data></Cell>
			<Cell><Data ss:Type="Number">0.77</Data></Cell>
			<Cell><Data ss:Type="Number">-9.57</Data></Cell>
			<Cell><Data ss:Type="Number">0.41</Data></Cell>
			<Cell><Data ss:Type="Number">-9.42</Data></Cell>
			<Cell><Data ss:Type="Number">-0.25</Data></Cell>
			<Cell><Data ss:Type="Number">-0.89</Data></Cell>
			<Cell><Data ss:Type="Number">23</Data></Cell>
			<Cell><Data ss:Type="Number">39.1</Data></Cell>
			<Cell><Data ss:Type="Number">0</Data></Cell>
			<Cell><Data ss:Type="Number">0</Data></Cell>
			<Cell><Data ss:Type="String">2023-12-07 16:50:08.302558</Data></Cell>
		</Row>
		<Row>
			<Cell><Data ss:Type="String">1507</Data></Cell>
			<Cell><Data ss:Type="Number">0.32</Data></Cell>
			<Cell><Data ss:Type="Number">-9.02</Data></Cell>
			<Cell><Data ss:Type="Number">0.61</Data></Cell>
			<Cell><Data ss:Type="Number">-9.52</Data></Cell>
			<Cell><Data ss:Type="Number">-0.55</Data></Cell>
			<Cell><Data ss:Type="Number">-0.89</Data></Cell>
			<Cell><Data ss:Type="Number">23</Data></Cell>
			<Cell><Data ss:Type="Number">39.1</Data></Cell>
			<Cell><Data ss:Type="Number">0</Data></Cell>
			<Cell><Data ss:Type="Number">0</Data></Cell>
			<Cell><Data ss:Type="String">2023-12-07 16:50:08.064495</Data></Cell>
		</Row>
		<Row>
			<Cell><Data ss:Type="String">1506</Data></Cell>
			<Cell><Data ss:Type="Number">-0.96</Data></Cell>
			<Cell><Data ss:Type="Number">-10.02</Data></Cell>
			<Cell><Data ss:Type="Number">-0.4</Data></Cell>
			<Cell><Data ss:Type="Number">-9.35</Data></Cell>
			<Cell><Data ss:Type="Number">0.63</Data></Cell>
			<Cell><Data ss:Type="Number">-0.94</Data></Cell>
			<Cell><Data ss:Type="Number">23</Data></Cell>
			<Cell><Data ss:Type="Number">39.1</Data></Cell>
			<Cell><Data ss:Type="Number">0</Data></Cell>
			<Cell><Data ss:Type="Number">0</Data></Cell>
			<Cell><Data ss:Type="String">2023-12-07 16:50:08.018962</Data></Cell>
		</Row>
		<Row>
			<Cell><Data ss:Type="String">1505</Data></Cell>
			<Cell><Data ss:Type="Number">0.54</Data></Cell>
			<Cell><Data ss:Type="Number">-9.72</Data></Cell>
			<Cell><Data ss:Type="Number">-0.24</Data></Cell>
			<Cell><Data ss:Type="Number">-9.7</Data></Cell>
			<Cell><Data ss:Type="Number">0.41</Data></Cell>
			<Cell><Data ss:Type="Number">-1.24</Data></Cell>
			<Cell><Data ss:Type="Number">23</Data></Cell>
			<Cell><Data ss:Type="Number">39.1</Data></Cell>
			<Cell><Data ss:Type="Number">0</Data></Cell>
			<Cell><Data ss:Type="Number">0</Data></Cell>
			<Cell><Data ss:Type="String">2023-12-07 16:50:08.016706</Data></Cell>
		</Row>
		<Row>
			<Cell><Data ss:Type="String">1504</Data></Cell>
			<Cell><Data ss:Type="Number">2.13</Data></Cell>
			<Cell><Data ss:Type="Number">-9.98</Data></Cell>
			<Cell><Data ss:Type="Number">1.29</Data></Cell>
			<Cell><Data ss:Type="Number">-9.5</Data></Cell>
			<Cell><Data ss:Type="Number">-1.39</Data></Cell>
			<Cell><Data ss:Type="Number">-0.7</Data></Cell>
			<Cell><Data ss:Type="Number">23</Data></Cell>
			<Cell><Data ss:Type="Number">39.1</Data></Cell>
			<Cell><Data ss:Type="Number">0</Data></Cell>
			<Cell><Data ss:Type="Number">0</Data></Cell>
			<Cell><Data ss:Type="String">2023-12-07 16:50:07.971864</Data></Cell>
		</Row>
		<Row>
			<Cell><Data ss:Type="String">1503</Data></Cell>
			<Cell><Data ss:Type="Number">-1.92</Data></Cell>
			<Cell><Data ss:Type="Number">-13.89</Data></Cell>
			<Cell><Data ss:Type="Number">-0.44</Data></Cell>
			<Cell><Data ss:Type="Number">-11.8</Data></Cell>
			<Cell><Data ss:Type="Number">0.85</Data></Cell>
			<Cell><Data ss:Type="Number">-1.22</Data></Cell>
			<Cell><Data ss:Type="Number">23</Data></Cell>
			<Cell><Data ss:Type="Number">39.1</Data></Cell>
			<Cell><Data ss:Type="Number">0</Data></Cell>
			<Cell><Data ss:Type="Number">0</Data></Cell>
			<Cell><Data ss:Type="String">2023-12-07 16:50:07.925316</Data></Cell>
		</Row>
		<Row>
			<Cell><Data ss:Type="String">1502</Data></Cell>
			<Cell><Data ss:Type="Number">0.37</Data></Cell>
			<Cell><Data ss:Type="Number">-10.12</Data></Cell>
			<Cell><Data ss:Type="Number">0.18</Data></Cell>
			<Cell><Data ss:Type="Number">-9.48</Data></Cell>
			<Cell><Data ss:Type="Number">-0.06</Data></Cell>
			<Cell><Data ss:Type="Number">-0.89</Data></Cell>
			<Cell><Data ss:Type="Number">23</Data></Cell>
			<Cell><Data ss:Type="Number">39.1</Data></Cell>
			<Cell><Data ss:Type="Number">0</Data></Cell>
			<Cell><Data ss:Type="Number">0</Data></Cell>
			<Cell><Data ss:Type="String">2023-12-07 16:50:07.881328</Data></Cell>
		</Row>
		<Row>
			<Cell><Data ss:Type="String">1501</Data></Cell>
			<Cell><Data ss:Type="Number">0.25</Data></Cell>
			<Cell><Data ss:Type="Number">-10.01</Data></Cell>
			<Cell><Data ss:Type="Number">0.14</Data></Cell>
			<Cell><Data ss:Type="Number">-9.43</Data></Cell>
			<Cell><Data ss:Type="Number">-0.08</Data></Cell>
			<Cell><Data ss:Type="Number">-0.96</Data></Cell>
			<Cell><Data ss:Type="Number">23</Data></Cell>
			<Cell><Data ss:Type="Number">39.1</Data></Cell>
			<Cell><Data ss:Type="Number">0</Data></Cell>
			<Cell><Data ss:Type="Number">0</Data></Cell>
			<Cell><Data ss:Type="String">2023-12-07 16:50:07.879401</Data></Cell>
		</Row>
		<Row>
			<Cell><Data ss:Type="String">1500</Data></Cell>
			<Cell><Data ss:Type="Number">0.25</Data></Cell>
			<Cell><Data ss:Type="Number">-10.02</Data></Cell>
			<Cell><Data ss:Type="Number">0.26</Data></Cell>
			<Cell><Data ss:Type="Number">-9.53</Data></Cell>
			<Cell><Data ss:Type="Number">-0.07</Data></Cell>
			<Cell><Data ss:Type="Number">-0.89</Data></Cell>
			<Cell><Data ss:Type="Number">23</Data></Cell>
			<Cell><Data ss:Type="Number">39.1</Data></Cell>
			<Cell><Data ss:Type="Number">0</Data></Cell>
			<Cell><Data ss:Type="Number">0</Data></Cell>
			<Cell><Data ss:Type="String">2023-12-07 16:50:07.832811</Data></Cell>
		</Row>
		<Row>
			<Cell><Data ss:Type="String">1499</Data></Cell>
			<Cell><Data ss:Type="Number">0.27</Data></Cell>
			<Cell><Data ss:Type="Number">-10.19</Data></Cell>
			<Cell><Data ss:Type="Number">0.15</Data></Cell>
			<Cell><Data ss:Type="Number">-9.52</Data></Cell>
			<Cell><Data ss:Type="Number">-0.06</Data></Cell>
			<Cell><Data ss:Type="Number">-0.88</Data></Cell>
			<Cell><Data ss:Type="Number">23</Data></Cell>
			<Cell><Data ss:Type="Number">39.1</Data></Cell>
			<Cell><Data ss:Type="Number">0</Data></Cell>
			<Cell><Data ss:Type="Number">0</Data></Cell>
			<Cell><Data ss:Type="String">2023-12-07 16:50:07.787645</Data></Cell>
		</Row>
		<Row>
			<Cell><Data ss:Type="String">1498</Data></Cell>
			<Cell><Data ss:Type="Number">0.27</Data></Cell>
			<Cell><Data ss:Type="Number">-10.16</Data></Cell>
			<Cell><Data ss:Type="Number">0.13</Data></Cell>
			<Cell><Data ss:Type="Number">-9.49</Data></Cell>
			<Cell><Data ss:Type="Number">-0.04</Data></Cell>
			<Cell><Data ss:Type="Number">-0.91</Data></Cell>
			<Cell><Data ss:Type="Number">23</Data></Cell>
			<Cell><Data ss:Type="Number">39.1</Data></Cell>
			<Cell><Data ss:Type="Number">0</Data></Cell>
			<Cell><Data ss:Type="Number">0</Data></Cell>
			<Cell><Data ss:Type="String">2023-12-07 16:50:07.742925</Data></Cell>
		</Row>
		<Row>
			<Cell><Data ss:Type="String">1497</Data></Cell>
			<Cell><Data ss:Type="Number">0.38</Data></Cell>
			<Cell><Data ss:Type="Number">-9.95</Data></Cell>
			<Cell><Data ss:Type="Number">-0.05</Data></Cell>
			<Cell><Data ss:Type="Number">-9.44</Data></Cell>
			<Cell><Data ss:Type="Number">-0.05</Data></Cell>
			<Cell><Data ss:Type="Number">-0.91</Data></Cell>
			<Cell><Data ss:Type="Number">23</Data></Cell>
			<Cell><Data ss:Type="Number">39.1</Data></Cell>
			<Cell><Data ss:Type="Number">0</Data></Cell>
			<Cell><Data ss:Type="Number">0</Data></Cell>
			<Cell><Data ss:Type="String">2023-12-07 16:50:07.741308</Data></Cell>
		</Row>
		<Row>
			<Cell><Data ss:Type="String">1496</Data></Cell>
			<Cell><Data ss:Type="Number">0.26</Data></Cell>
			<Cell><Data ss:Type="Number">-10.12</Data></Cell>
			<Cell><Data ss:Type="Number">0.27</Data></Cell>
			<Cell><Data ss:Type="Number">-9.43</Data></Cell>
			<Cell><Data ss:Type="Number">-0.07</Data></Cell>
			<Cell><Data ss:Type="Number">-0.91</Data></Cell>
			<Cell><Data ss:Type="Number">23</Data></Cell>
			<Cell><Data ss:Type="Number">39.1</Data></Cell>
			<Cell><Data ss:Type="Number">0</Data></Cell>
			<Cell><Data ss:Type="Number">0</Data></Cell>
			<Cell><Data ss:Type="String">2023-12-07 16:50:07.695431</Data></Cell>
		</Row>
		<Row>
			<Cell><Data ss:Type="String">1495</Data></Cell>
			<Cell><Data ss:Type="Number">0.26</Data></Cell>
			<Cell><Data ss:Type="Number">-10.04</Data></Cell>
			<Cell><Data ss:Type="Number">0.15</Data></Cell>
			<Cell><Data ss:Type="Number">-9.44</Data></Cell>
			<Cell><Data ss:Type="Number">-0.08</Data></Cell>
			<Cell><Data ss:Type="Number">-0.91</Data></Cell>
			<Cell><Data ss:Type="Number">23</Data></Cell>
			<Cell><Data ss:Type="Number">39.1</Data></Cell>
			<Cell><Data ss:Type="Number">0</Data></Cell>
			<Cell><Data ss:Type="Number">0</Data></Cell>
			<Cell><Data ss:Type="String">2023-12-07 16:50:07.649371</Data></Cell>
		</Row>
		<Row>
			<Cell><Data ss:Type="String">1494</Data></Cell>
			<Cell><Data ss:Type="Number">0.22</Data></Cell>
			<Cell><Data ss:Type="Number">-9.95</Data></Cell>
			<Cell><Data ss:Type="Number">0.09</Data></Cell>
			<Cell><Data ss:Type="Number">-9.46</Data></Cell>
			<Cell><Data ss:Type="Number">-0.08</Data></Cell>
			<Cell><Data ss:Type="Number">-0.93</Data></Cell>
			<Cell><Data ss:Type="Number">23</Data></Cell>
			<Cell><Data ss:Type="Number">39.1</Data></Cell>
			<Cell><Data ss:Type="Number">0</Data></Cell>
			<Cell><Data ss:Type="Number">0</Data></Cell>
			<Cell><Data ss:Type="String">2023-12-07 16:50:07.606933</Data></Cell>
		</Row>
		<Row>
			<Cell><Data ss:Type="String">1493</Data></Cell>
			<Cell><Data ss:Type="Number">0.3</Data></Cell>
			<Cell><Data ss:Type="Number">-10.17</Data></Cell>
			<Cell><Data ss:Type="Number">0.29</Data></Cell>
			<Cell><Data ss:Type="Number">-9.52</Data></Cell>
			<Cell><Data ss:Type="Number">-0.08</Data></Cell>
			<Cell><Data ss:Type="Number">-0.92</Data></Cell>
			<Cell><Data ss:Type="Number">23</Data></Cell>
			<Cell><Data ss:Type="Number">39.1</Data></Cell>
			<Cell><Data ss:Type="Number">0</Data></Cell>
			<Cell><Data ss:Type="Number">0</Data></Cell>
			<Cell><Data ss:Type="String">2023-12-07 16:50:07.604276</Data></Cell>
		</Row>
		<Row>
			<Cell><Data ss:Type="String">1492</Data></Cell>
			<Cell><Data ss:Type="Number">0.24</Data></Cell>
			<Cell><Data ss:Type="Number">-10.16</Data></Cell>
			<Cell><Data ss:Type="Number">0.32</Data></Cell>
			<Cell><Data ss:Type="Number">-9.49</Data></Cell>
			<Cell><Data ss:Type="Number">-0.06</Data></Cell>
			<Cell><Data ss:Type="Number">-0.91</Data></Cell>
			<Cell><Data ss:Type="Number">23</Data></Cell>
			<Cell><Data ss:Type="Number">39.1</Data></Cell>
			<Cell><Data ss:Type="Number">0</Data></Cell>
			<Cell><Data ss:Type="Number">0</Data></Cell>
			<Cell><Data ss:Type="String">2023-12-07 16:50:07.557422</Data></Cell>
		</Row>
		<Row>
			<Cell><Data ss:Type="String">1491</Data></Cell>
			<Cell><Data ss:Type="Number">0.3</Data></Cell>
			<Cell><Data ss:Type="Number">-10.17</Data></Cell>
			<Cell><Data ss:Type="Number">0.29</Data></Cell>
			<Cell><Data ss:Type="Number">-9.44</Data></Cell>
			<Cell><Data ss:Type="Number">-0.08</Data></Cell>
			<Cell><Data ss:Type="Number">-0.92</Data></Cell>
			<Cell><Data ss:Type="Number">23</Data></Cell>
			<Cell><Data ss:Type="Number">39.1</Data></Cell>
			<Cell><Data ss:Type="Number">0</Data></Cell>
			<Cell><Data ss:Type="Number">0</Data></Cell>
			<Cell><Data ss:Type="String">2023-12-07 16:50:07.514508</Data></Cell>
		</Row>
		<Row>
			<Cell><Data ss:Type="String">1490</Data></Cell>
			<Cell><Data ss:Type="Number">0.29</Data></Cell>
			<Cell><Data ss:Type="Number">-10.02</Data></Cell>
			<Cell><Data ss:Type="Number">0.09</Data></Cell>
			<Cell><Data ss:Type="Number">-9.48</Data></Cell>
			<Cell><Data ss:Type="Number">-0.07</Data></Cell>
			<Cell><Data ss:Type="Number">-0.94</Data></Cell>
			<Cell><Data ss:Type="Number">23</Data></Cell>
			<Cell><Data ss:Type="Number">39.1</Data></Cell>
			<Cell><Data ss:Type="Number">0</Data></Cell>
			<Cell><Data ss:Type="Number">0</Data></Cell>
			<Cell><Data ss:Type="String">2023-12-07 16:50:07.512662</Data></Cell>
		</Row>
		<Row>
			<Cell><Data ss:Type="String">1489</Data></Cell>
			<Cell><Data ss:Type="Number">0.27</Data></Cell>
			<Cell><Data ss:Type="Number">-9.94</Data></Cell>
			<Cell><Data ss:Type="Number">0.18</Data></Cell>
			<Cell><Data ss:Type="Number">-9.51</Data></Cell>
			<Cell><Data ss:Type="Number">-0.1</Data></Cell>
			<Cell><Data ss:Type="Number">-0.93</Data></Cell>
			<Cell><Data ss:Type="Number">23</Data></Cell>
			<Cell><Data ss:Type="Number">39.1</Data></Cell>
			<Cell><Data ss:Type="Number">0</Data></Cell>
			<Cell><Data ss:Type="Number">0</Data></Cell>
			<Cell><Data ss:Type="String">2023-12-07 16:50:07.466296</Data></Cell>
		</Row>
		<Row>
			<Cell><Data ss:Type="String">1488</Data></Cell>
			<Cell><Data ss:Type="Number">0.25</Data></Cell>
			<Cell><Data ss:Type="Number">-10.2</Data></Cell>
			<Cell><Data ss:Type="Number">0.19</Data></Cell>
			<Cell><Data ss:Type="Number">-9.52</Data></Cell>
			<Cell><Data ss:Type="Number">-0.06</Data></Cell>
			<Cell><Data ss:Type="Number">-0.87</Data></Cell>
			<Cell><Data ss:Type="Number">23</Data></Cell>
			<Cell><Data ss:Type="Number">39.1</Data></Cell>
			<Cell><Data ss:Type="Number">0</Data></Cell>
			<Cell><Data ss:Type="Number">0</Data></Cell>
			<Cell><Data ss:Type="String">2023-12-07 16:50:07.419821</Data></Cell>
		</Row>
		<Row>
			<Cell><Data ss:Type="String">1487</Data></Cell>
			<Cell><Data ss:Type="Number">0.29</Data></Cell>
			<Cell><Data ss:Type="Number">-10.2</Data></Cell>
			<Cell><Data ss:Type="Number">0.17</Data></Cell>
			<Cell><Data ss:Type="Number">-9.5</Data></Cell>
			<Cell><Data ss:Type="Number">-0.06</Data></Cell>
			<Cell><Data ss:Type="Number">-0.9</Data></Cell>
			<Cell><Data ss:Type="Number">23</Data></Cell>
			<Cell><Data ss:Type="Number">39.1</Data></Cell>
			<Cell><Data ss:Type="Number">0</Data></Cell>
			<Cell><Data ss:Type="Number">0</Data></Cell>
			<Cell><Data ss:Type="String">2023-12-07 16:50:07.376285</Data></Cell>
		</Row>
		<Row>
			<Cell><Data ss:Type="String">1486</Data></Cell>
			<Cell><Data ss:Type="Number">0.28</Data></Cell>
			<Cell><Data ss:Type="Number">-10.03</Data></Cell>
			<Cell><Data ss:Type="Number">0.38</Data></Cell>
			<Cell><Data ss:Type="Number">-9.43</Data></Cell>
			<Cell><Data ss:Type="Number">-0.04</Data></Cell>
			<Cell><Data ss:Type="Number">-0.92</Data></Cell>
			<Cell><Data ss:Type="Number">23</Data></Cell>
			<Cell><Data ss:Type="Number">39.1</Data></Cell>
			<Cell><Data ss:Type="Number">0</Data></Cell>
			<Cell><Data ss:Type="Number">0</Data></Cell>
			<Cell><Data ss:Type="String">2023-12-07 16:50:07.374222</Data></Cell>
		</Row>
		<Row>
			<Cell><Data ss:Type="String">1485</Data></Cell>
			<Cell><Data ss:Type="Number">0.3</Data></Cell>
			<Cell><Data ss:Type="Number">-10.01</Data></Cell>
			<Cell><Data ss:Type="Number">0.08</Data></Cell>
			<Cell><Data ss:Type="Number">-9.49</Data></Cell>
			<Cell><Data ss:Type="Number">-0.1</Data></Cell>
			<Cell><Data ss:Type="Number">-0.97</Data></Cell>
			<Cell><Data ss:Type="Number">23</Data></Cell>
			<Cell><Data ss:Type="Number">39.1</Data></Cell>
			<Cell><Data ss:Type="Number">0</Data></Cell>
			<Cell><Data ss:Type="Number">0</Data></Cell>
			<Cell><Data ss:Type="String">2023-12-07 16:50:07.327125</Data></Cell>
		</Row>
		<Row>
			<Cell><Data ss:Type="String">1484</Data></Cell>
			<Cell><Data ss:Type="Number">0.29</Data></Cell>
			<Cell><Data ss:Type="Number">-10.18</Data></Cell>
			<Cell><Data ss:Type="Number">0.22</Data></Cell>
			<Cell><Data ss:Type="Number">-9.52</Data></Cell>
			<Cell><Data ss:Type="Number">-0.05</Data></Cell>
			<Cell><Data ss:Type="Number">-0.91</Data></Cell>
			<Cell><Data ss:Type="Number">23</Data></Cell>
			<Cell><Data ss:Type="Number">39.1</Data></Cell>
			<Cell><Data ss:Type="Number">0</Data></Cell>
			<Cell><Data ss:Type="Number">0</Data></Cell>
			<Cell><Data ss:Type="String">2023-12-07 16:50:07.288355</Data></Cell>
		</Row>
		<Row>
			<Cell><Data ss:Type="String">1483</Data></Cell>
			<Cell><Data ss:Type="Number">0.25</Data></Cell>
			<Cell><Data ss:Type="Number">-10.16</Data></Cell>
			<Cell><Data ss:Type="Number">0.15</Data></Cell>
			<Cell><Data ss:Type="Number">-9.52</Data></Cell>
			<Cell><Data ss:Type="Number">-0.06</Data></Cell>
			<Cell><Data ss:Type="Number">-0.91</Data></Cell>
			<Cell><Data ss:Type="Number">23</Data></Cell>
			<Cell><Data ss:Type="Number">39.1</Data></Cell>
			<Cell><Data ss:Type="Number">0</Data></Cell>
			<Cell><Data ss:Type="Number">0</Data></Cell>
			<Cell><Data ss:Type="String">2023-12-07 16:50:07.284846</Data></Cell>
		</Row>
		<Row>
			<Cell><Data ss:Type="String">1482</Data></Cell>
			<Cell><Data ss:Type="Number">0.26</Data></Cell>
			<Cell><Data ss:Type="Number">-10.09</Data></Cell>
			<Cell><Data ss:Type="Number">0.15</Data></Cell>
			<Cell><Data ss:Type="Number">-9.5</Data></Cell>
			<Cell><Data ss:Type="Number">-0.06</Data></Cell>
			<Cell><Data ss:Type="Number">-0.93</Data></Cell>
			<Cell><Data ss:Type="Number">23</Data></Cell>
			<Cell><Data ss:Type="Number">39.1</Data></Cell>
			<Cell><Data ss:Type="Number">0</Data></Cell>
			<Cell><Data ss:Type="Number">0</Data></Cell>
			<Cell><Data ss:Type="String">2023-12-07 16:50:07.282588</Data></Cell>
		</Row>
		<Row>
			<Cell><Data ss:Type="String">1481</Data></Cell>
			<Cell><Data ss:Type="Number">0.24</Data></Cell>
			<Cell><Data ss:Type="Number">-10.03</Data></Cell>
			<Cell><Data ss:Type="Number">0.18</Data></Cell>
			<Cell><Data ss:Type="Number">-9.43</Data></Cell>
			<Cell><Data ss:Type="Number">-0.08</Data></Cell>
			<Cell><Data ss:Type="Number">-0.92</Data></Cell>
			<Cell><Data ss:Type="Number">23</Data></Cell>
			<Cell><Data ss:Type="Number">39.1</Data></Cell>
			<Cell><Data ss:Type="Number">0</Data></Cell>
			<Cell><Data ss:Type="Number">0</Data></Cell>
			<Cell><Data ss:Type="String">2023-12-07 16:50:07.280546</Data></Cell>
		</Row>
		<Row>
			<Cell><Data ss:Type="String">1480</Data></Cell>
			<Cell><Data ss:Type="Number">0.29</Data></Cell>
			<Cell><Data ss:Type="Number">-10.04</Data></Cell>
			<Cell><Data ss:Type="Number">0.01</Data></Cell>
			<Cell><Data ss:Type="Number">-9.48</Data></Cell>
			<Cell><Data ss:Type="Number">-0.05</Data></Cell>
			<Cell><Data ss:Type="Number">-0.97</Data></Cell>
			<Cell><Data ss:Type="Number">23</Data></Cell>
			<Cell><Data ss:Type="Number">39.1</Data></Cell>
			<Cell><Data ss:Type="Number">0</Data></Cell>
			<Cell><Data ss:Type="Number">0</Data></Cell>
			<Cell><Data ss:Type="String">2023-12-07 16:50:07.278361</Data></Cell>
		</Row>
		<Row>
			<Cell><Data ss:Type="String">1479</Data></Cell>
			<Cell><Data ss:Type="Number">0.33</Data></Cell>
			<Cell><Data ss:Type="Number">-10.12</Data></Cell>
			<Cell><Data ss:Type="Number">0.12</Data></Cell>
			<Cell><Data ss:Type="Number">-9.5</Data></Cell>
			<Cell><Data ss:Type="Number">-0.08</Data></Cell>
			<Cell><Data ss:Type="Number">-0.93</Data></Cell>
			<Cell><Data ss:Type="Number">23</Data></Cell>
			<Cell><Data ss:Type="Number">39.1</Data></Cell>
			<Cell><Data ss:Type="Number">0</Data></Cell>
			<Cell><Data ss:Type="Number">0</Data></Cell>
			<Cell><Data ss:Type="String">2023-12-07 16:50:07.275850</Data></Cell>
		</Row>
		<Row>
			<Cell><Data ss:Type="String">1478</Data></Cell>
			<Cell><Data ss:Type="Number">0.28</Data></Cell>
			<Cell><Data ss:Type="Number">-10.17</Data></Cell>
			<Cell><Data ss:Type="Number">0.2</Data></Cell>
			<Cell><Data ss:Type="Number">-9.48</Data></Cell>
			<Cell><Data ss:Type="Number">-0.05</Data></Cell>
			<Cell><Data ss:Type="Number">-0.86</Data></Cell>
			<Cell><Data ss:Type="Number">23</Data></Cell>
			<Cell><Data ss:Type="Number">39.1</Data></Cell>
			<Cell><Data ss:Type="Number">0</Data></Cell>
			<Cell><Data ss:Type="Number">0</Data></Cell>
			<Cell><Data ss:Type="String">2023-12-07 16:50:07.273554</Data></Cell>
		</Row>
		<Row>
			<Cell><Data ss:Type="String">1477</Data></Cell>
			<Cell><Data ss:Type="Number">0.21</Data></Cell>
			<Cell><Data ss:Type="Number">-10.27</Data></Cell>
			<Cell><Data ss:Type="Number">0.06</Data></Cell>
			<Cell><Data ss:Type="Number">-9.49</Data></Cell>
			<Cell><Data ss:Type="Number">-0.09</Data></Cell>
			<Cell><Data ss:Type="Number">-0.91</Data></Cell>
			<Cell><Data ss:Type="Number">23</Data></Cell>
			<Cell><Data ss:Type="Number">39.1</Data></Cell>
			<Cell><Data ss:Type="Number">0</Data></Cell>
			<Cell><Data ss:Type="Number">0</Data></Cell>
			<Cell><Data ss:Type="String">2023-12-07 16:50:07.054024</Data></Cell>
		</Row>
		<Row>
			<Cell><Data ss:Type="String">1476</Data></Cell>
			<Cell><Data ss:Type="Number">0.23</Data></Cell>
			<Cell><Data ss:Type="Number">-10.09</Data></Cell>
			<Cell><Data ss:Type="Number">0.03</Data></Cell>
			<Cell><Data ss:Type="Number">-9.39</Data></Cell>
			<Cell><Data ss:Type="Number">0.02</Data></Cell>
			<Cell><Data ss:Type="Number">-0.86</Data></Cell>
			<Cell><Data ss:Type="Number">23</Data></Cell>
			<Cell><Data ss:Type="Number">39.1</Data></Cell>
			<Cell><Data ss:Type="Number">0</Data></Cell>
			<Cell><Data ss:Type="Number">0</Data></Cell>
			<Cell><Data ss:Type="String">2023-12-07 16:50:07.050992</Data></Cell>
		</Row>
		<Row>
			<Cell><Data ss:Type="String">1475</Data></Cell>
			<Cell><Data ss:Type="Number">0.44</Data></Cell>
			<Cell><Data ss:Type="Number">-10.14</Data></Cell>
			<Cell><Data ss:Type="Number">0.26</Data></Cell>
			<Cell><Data ss:Type="Number">-9.46</Data></Cell>
			<Cell><Data ss:Type="Number">-0.18</Data></Cell>
			<Cell><Data ss:Type="Number">-0.97</Data></Cell>
			<Cell><Data ss:Type="Number">23</Data></Cell>
			<Cell><Data ss:Type="Number">39.1</Data></Cell>
			<Cell><Data ss:Type="Number">0</Data></Cell>
			<Cell><Data ss:Type="Number">0</Data></Cell>
			<Cell><Data ss:Type="String">2023-12-07 16:50:07.048820</Data></Cell>
		</Row>
		<Row>
			<Cell><Data ss:Type="String">1474</Data></Cell>
			<Cell><Data ss:Type="Number">0.29</Data></Cell>
			<Cell><Data ss:Type="Number">-10</Data></Cell>
			<Cell><Data ss:Type="Number">0.2</Data></Cell>
			<Cell><Data ss:Type="Number">-9.4</Data></Cell>
			<Cell><Data ss:Type="Number">-0.06</Data></Cell>
			<Cell><Data ss:Type="Number">-0.9</Data></Cell>
			<Cell><Data ss:Type="Number">23</Data></Cell>
			<Cell><Data ss:Type="Number">39.1</Data></Cell>
			<Cell><Data ss:Type="Number">0</Data></Cell>
			<Cell><Data ss:Type="Number">0</Data></Cell>
			<Cell><Data ss:Type="String">2023-12-07 16:50:07.046890</Data></Cell>
		</Row>
		<Row>
			<Cell><Data ss:Type="String">1473</Data></Cell>
			<Cell><Data ss:Type="Number">0.02</Data></Cell>
			<Cell><Data ss:Type="Number">-10.15</Data></Cell>
			<Cell><Data ss:Type="Number">-0.13</Data></Cell>
			<Cell><Data ss:Type="Number">-9.53</Data></Cell>
			<Cell><Data ss:Type="Number">0.08</Data></Cell>
			<Cell><Data ss:Type="Number">-0.96</Data></Cell>
			<Cell><Data ss:Type="Number">23</Data></Cell>
			<Cell><Data ss:Type="Number">39.1</Data></Cell>
			<Cell><Data ss:Type="Number">0</Data></Cell>
			<Cell><Data ss:Type="Number">0</Data></Cell>
			<Cell><Data ss:Type="String">2023-12-07 16:50:07.044601</Data></Cell>
		</Row>
		<Row>
			<Cell><Data ss:Type="String">1472</Data></Cell>
			<Cell><Data ss:Type="Number">0.71</Data></Cell>
			<Cell><Data ss:Type="Number">-10.12</Data></Cell>
			<Cell><Data ss:Type="Number">0.32</Data></Cell>
			<Cell><Data ss:Type="Number">-9.55</Data></Cell>
			<Cell><Data ss:Type="Number">-0.02</Data></Cell>
			<Cell><Data ss:Type="Number">-0.91</Data></Cell>
			<Cell><Data ss:Type="Number">23</Data></Cell>
			<Cell><Data ss:Type="Number">39.1</Data></Cell>
			<Cell><Data ss:Type="Number">0</Data></Cell>
			<Cell><Data ss:Type="Number">0</Data></Cell>
			<Cell><Data ss:Type="String">2023-12-07 16:50:07.042621</Data></Cell>
		</Row>
		<Row>
			<Cell><Data ss:Type="String">1471</Data></Cell>
			<Cell><Data ss:Type="Number">-0.73</Data></Cell>
			<Cell><Data ss:Type="Number">-9.97</Data></Cell>
			<Cell><Data ss:Type="Number">0.56</Data></Cell>
			<Cell><Data ss:Type="Number">-9.41</Data></Cell>
			<Cell><Data ss:Type="Number">-0.53</Data></Cell>
			<Cell><Data ss:Type="Number">-0.8</Data></Cell>
			<Cell><Data ss:Type="Number">23</Data></Cell>
			<Cell><Data ss:Type="Number">39.1</Data></Cell>
			<Cell><Data ss:Type="Number">0</Data></Cell>
			<Cell><Data ss:Type="Number">0</Data></Cell>
			<Cell><Data ss:Type="String">2023-12-07 16:50:06.840327</Data></Cell>
		</Row>
		<Row>
			<Cell><Data ss:Type="String">1470</Data></Cell>
			<Cell><Data ss:Type="Number">-0.18</Data></Cell>
			<Cell><Data ss:Type="Number">-10.16</Data></Cell>
			<Cell><Data ss:Type="Number">-0.46</Data></Cell>
			<Cell><Data ss:Type="Number">-9.51</Data></Cell>
			<Cell><Data ss:Type="Number">0.01</Data></Cell>
			<Cell><Data ss:Type="Number">-0.95</Data></Cell>
			<Cell><Data ss:Type="Number">23</Data></Cell>
			<Cell><Data ss:Type="Number">39.1</Data></Cell>
			<Cell><Data ss:Type="Number">0</Data></Cell>
			<Cell><Data ss:Type="Number">0</Data></Cell>
			<Cell><Data ss:Type="String">2023-12-07 16:50:06.837898</Data></Cell>
		</Row>
		<Row>
			<Cell><Data ss:Type="String">1469</Data></Cell>
			<Cell><Data ss:Type="Number">-0.85</Data></Cell>
			<Cell><Data ss:Type="Number">-10.13</Data></Cell>
			<Cell><Data ss:Type="Number">-0.52</Data></Cell>
			<Cell><Data ss:Type="Number">-9.5</Data></Cell>
			<Cell><Data ss:Type="Number">0.75</Data></Cell>
			<Cell><Data ss:Type="Number">-1.02</Data></Cell>
			<Cell><Data ss:Type="Number">23</Data></Cell>
			<Cell><Data ss:Type="Number">39.1</Data></Cell>
			<Cell><Data ss:Type="Number">0</Data></Cell>
			<Cell><Data ss:Type="Number">0</Data></Cell>
			<Cell><Data ss:Type="String">2023-12-07 16:50:06.792474</Data></Cell>
		</Row>
		<Row>
			<Cell><Data ss:Type="String">1468</Data></Cell>
			<Cell><Data ss:Type="Number">0.18</Data></Cell>
			<Cell><Data ss:Type="Number">-10.16</Data></Cell>
			<Cell><Data ss:Type="Number">1.34</Data></Cell>
			<Cell><Data ss:Type="Number">-9.39</Data></Cell>
			<Cell><Data ss:Type="Number">-0.84</Data></Cell>
			<Cell><Data ss:Type="Number">-0.95</Data></Cell>
			<Cell><Data ss:Type="Number">23</Data></Cell>
			<Cell><Data ss:Type="Number">39.1</Data></Cell>
			<Cell><Data ss:Type="Number">0</Data></Cell>
			<Cell><Data ss:Type="Number">0</Data></Cell>
			<Cell><Data ss:Type="String">2023-12-07 16:50:06.745100</Data></Cell>
		</Row>
		<Row>
			<Cell><Data ss:Type="String">1467</Data></Cell>
			<Cell><Data ss:Type="Number">-2.07</Data></Cell>
			<Cell><Data ss:Type="Number">-9.99</Data></Cell>
			<Cell><Data ss:Type="Number">1.19</Data></Cell>
			<Cell><Data ss:Type="Number">-9.43</Data></Cell>
			<Cell><Data ss:Type="Number">-1.19</Data></Cell>
			<Cell><Data ss:Type="Number">-1.02</Data></Cell>
			<Cell><Data ss:Type="Number">23</Data></Cell>
			<Cell><Data ss:Type="Number">39.1</Data></Cell>
			<Cell><Data ss:Type="Number">0</Data></Cell>
			<Cell><Data ss:Type="Number">0</Data></Cell>
			<Cell><Data ss:Type="String">2023-12-07 16:50:06.742885</Data></Cell>
		</Row>
		<Row>
			<Cell><Data ss:Type="String">1466</Data></Cell>
			<Cell><Data ss:Type="Number">-1.24</Data></Cell>
			<Cell><Data ss:Type="Number">-12.44</Data></Cell>
			<Cell><Data ss:Type="Number">0.31</Data></Cell>
			<Cell><Data ss:Type="Number">-12.34</Data></Cell>
			<Cell><Data ss:Type="Number">0.7</Data></Cell>
			<Cell><Data ss:Type="Number">-1.06</Data></Cell>
			<Cell><Data ss:Type="Number">23</Data></Cell>
			<Cell><Data ss:Type="Number">39.1</Data></Cell>
			<Cell><Data ss:Type="Number">0</Data></Cell>
			<Cell><Data ss:Type="Number">0</Data></Cell>
			<Cell><Data ss:Type="String">2023-12-07 16:50:06.740826</Data></Cell>
		</Row>
		<Row>
			<Cell><Data ss:Type="String">1465</Data></Cell>
			<Cell><Data ss:Type="Number">0.57</Data></Cell>
			<Cell><Data ss:Type="Number">-9.94</Data></Cell>
			<Cell><Data ss:Type="Number">0.18</Data></Cell>
			<Cell><Data ss:Type="Number">-9.46</Data></Cell>
			<Cell><Data ss:Type="Number">-0.13</Data></Cell>
			<Cell><Data ss:Type="Number">-0.94</Data></Cell>
			<Cell><Data ss:Type="Number">23</Data></Cell>
			<Cell><Data ss:Type="Number">39.1</Data></Cell>
			<Cell><Data ss:Type="Number">0</Data></Cell>
			<Cell><Data ss:Type="Number">0</Data></Cell>
			<Cell><Data ss:Type="String">2023-12-07 16:50:06.738562</Data></Cell>
		</Row>
		<Row>
			<Cell><Data ss:Type="String">1464</Data></Cell>
			<Cell><Data ss:Type="Number">0.22</Data></Cell>
			<Cell><Data ss:Type="Number">-10.23</Data></Cell>
			<Cell><Data ss:Type="Number">-0.04</Data></Cell>
			<Cell><Data ss:Type="Number">-9.47</Data></Cell>
			<Cell><Data ss:Type="Number">-0.09</Data></Cell>
			<Cell><Data ss:Type="Number">-0.88</Data></Cell>
			<Cell><Data ss:Type="Number">23</Data></Cell>
			<Cell><Data ss:Type="Number">39.1</Data></Cell>
			<Cell><Data ss:Type="Number">0</Data></Cell>
			<Cell><Data ss:Type="Number">0</Data></Cell>
			<Cell><Data ss:Type="String">2023-12-07 16:50:06.608712</Data></Cell>
		</Row>
		<Row>
			<Cell><Data ss:Type="String">1463</Data></Cell>
			<Cell><Data ss:Type="Number">0.43</Data></Cell>
			<Cell><Data ss:Type="Number">-9.98</Data></Cell>
			<Cell><Data ss:Type="Number">0.57</Data></Cell>
			<Cell><Data ss:Type="Number">-9.59</Data></Cell>
			<Cell><Data ss:Type="Number">-0.04</Data></Cell>
			<Cell><Data ss:Type="Number">-0.84</Data></Cell>
			<Cell><Data ss:Type="Number">23</Data></Cell>
			<Cell><Data ss:Type="Number">39.1</Data></Cell>
			<Cell><Data ss:Type="Number">0</Data></Cell>
			<Cell><Data ss:Type="Number">0</Data></Cell>
			<Cell><Data ss:Type="String">2023-12-07 16:50:06.606993</Data></Cell>
		</Row>
		<Row>
			<Cell><Data ss:Type="String">1462</Data></Cell>
			<Cell><Data ss:Type="Number">0.18</Data></Cell>
			<Cell><Data ss:Type="Number">-10.33</Data></Cell>
			<Cell><Data ss:Type="Number">0.59</Data></Cell>
			<Cell><Data ss:Type="Number">-9.55</Data></Cell>
			<Cell><Data ss:Type="Number">-0.05</Data></Cell>
			<Cell><Data ss:Type="Number">-0.97</Data></Cell>
			<Cell><Data ss:Type="Number">23</Data></Cell>
			<Cell><Data ss:Type="Number">39.1</Data></Cell>
			<Cell><Data ss:Type="Number">0</Data></Cell>
			<Cell><Data ss:Type="Number">0</Data></Cell>
			<Cell><Data ss:Type="String">2023-12-07 16:50:06.561903</Data></Cell>
		</Row>
		<Row>
			<Cell><Data ss:Type="String">1461</Data></Cell>
			<Cell><Data ss:Type="Number">0.29</Data></Cell>
			<Cell><Data ss:Type="Number">-9.46</Data></Cell>
			<Cell><Data ss:Type="Number">0.19</Data></Cell>
			<Cell><Data ss:Type="Number">-9.39</Data></Cell>
			<Cell><Data ss:Type="Number">-0.04</Data></Cell>
			<Cell><Data ss:Type="Number">-0.88</Data></Cell>
			<Cell><Data ss:Type="Number">23</Data></Cell>
			<Cell><Data ss:Type="Number">39.1</Data></Cell>
			<Cell><Data ss:Type="Number">0</Data></Cell>
			<Cell><Data ss:Type="Number">0</Data></Cell>
			<Cell><Data ss:Type="String">2023-12-07 16:50:06.560138</Data></Cell>
		</Row>
		<Row>
			<Cell><Data ss:Type="String">1460</Data></Cell>
			<Cell><Data ss:Type="Number">-0.01</Data></Cell>
			<Cell><Data ss:Type="Number">-10.33</Data></Cell>
			<Cell><Data ss:Type="Number">0.52</Data></Cell>
			<Cell><Data ss:Type="Number">-9.7</Data></Cell>
			<Cell><Data ss:Type="Number">-0.1</Data></Cell>
			<Cell><Data ss:Type="Number">-0.96</Data></Cell>
			<Cell><Data ss:Type="Number">23</Data></Cell>
			<Cell><Data ss:Type="Number">39.1</Data></Cell>
			<Cell><Data ss:Type="Number">0</Data></Cell>
			<Cell><Data ss:Type="Number">0</Data></Cell>
			<Cell><Data ss:Type="String">2023-12-07 16:50:06.509385</Data></Cell>
		</Row>
		<Row>
			<Cell><Data ss:Type="String">1459</Data></Cell>
			<Cell><Data ss:Type="Number">0.32</Data></Cell>
			<Cell><Data ss:Type="Number">-9.92</Data></Cell>
			<Cell><Data ss:Type="Number">-0.11</Data></Cell>
			<Cell><Data ss:Type="Number">-9.47</Data></Cell>
			<Cell><Data ss:Type="Number">-0.02</Data></Cell>
			<Cell><Data ss:Type="Number">-0.92</Data></Cell>
			<Cell><Data ss:Type="Number">23</Data></Cell>
			<Cell><Data ss:Type="Number">39.1</Data></Cell>
			<Cell><Data ss:Type="Number">0</Data></Cell>
			<Cell><Data ss:Type="Number">0</Data></Cell>
			<Cell><Data ss:Type="String">2023-12-07 16:50:06.454283</Data></Cell>
		</Row>
		<Row>
			<Cell><Data ss:Type="String">1458</Data></Cell>
			<Cell><Data ss:Type="Number">0.36</Data></Cell>
			<Cell><Data ss:Type="Number">-9.83</Data></Cell>
			<Cell><Data ss:Type="Number">0.31</Data></Cell>
			<Cell><Data ss:Type="Number">-9.43</Data></Cell>
			<Cell><Data ss:Type="Number">-0.03</Data></Cell>
			<Cell><Data ss:Type="Number">-0.91</Data></Cell>
			<Cell><Data ss:Type="Number">23</Data></Cell>
			<Cell><Data ss:Type="Number">39.1</Data></Cell>
			<Cell><Data ss:Type="Number">0</Data></Cell>
			<Cell><Data ss:Type="Number">0</Data></Cell>
			<Cell><Data ss:Type="String">2023-12-07 16:50:06.409460</Data></Cell>
		</Row>
		<Row>
			<Cell><Data ss:Type="String">1457</Data></Cell>
			<Cell><Data ss:Type="Number">0.1</Data></Cell>
			<Cell><Data ss:Type="Number">-10.11</Data></Cell>
			<Cell><Data ss:Type="Number">0.19</Data></Cell>
			<Cell><Data ss:Type="Number">-9.36</Data></Cell>
			<Cell><Data ss:Type="Number">-0.09</Data></Cell>
			<Cell><Data ss:Type="Number">-0.91</Data></Cell>
			<Cell><Data ss:Type="Number">23</Data></Cell>
			<Cell><Data ss:Type="Number">39.1</Data></Cell>
			<Cell><Data ss:Type="Number">0</Data></Cell>
			<Cell><Data ss:Type="Number">0</Data></Cell>
			<Cell><Data ss:Type="String">2023-12-07 16:50:06.407719</Data></Cell>
		</Row>
		<Row>
			<Cell><Data ss:Type="String">1456</Data></Cell>
			<Cell><Data ss:Type="Number">0.23</Data></Cell>
			<Cell><Data ss:Type="Number">-9.83</Data></Cell>
			<Cell><Data ss:Type="Number">0.04</Data></Cell>
			<Cell><Data ss:Type="Number">-9.33</Data></Cell>
			<Cell><Data ss:Type="Number">-0.03</Data></Cell>
			<Cell><Data ss:Type="Number">-0.94</Data></Cell>
			<Cell><Data ss:Type="Number">23</Data></Cell>
			<Cell><Data ss:Type="Number">39.1</Data></Cell>
			<Cell><Data ss:Type="Number">0</Data></Cell>
			<Cell><Data ss:Type="Number">0</Data></Cell>
			<Cell><Data ss:Type="String">2023-12-07 16:50:06.367333</Data></Cell>
		</Row>
		<Row>
			<Cell><Data ss:Type="String">1455</Data></Cell>
			<Cell><Data ss:Type="Number">0.32</Data></Cell>
			<Cell><Data ss:Type="Number">-10.22</Data></Cell>
			<Cell><Data ss:Type="Number">0.26</Data></Cell>
			<Cell><Data ss:Type="Number">-9.42</Data></Cell>
			<Cell><Data ss:Type="Number">-0.11</Data></Cell>
			<Cell><Data ss:Type="Number">-0.94</Data></Cell>
			<Cell><Data ss:Type="Number">23</Data></Cell>
			<Cell><Data ss:Type="Number">39.1</Data></Cell>
			<Cell><Data ss:Type="Number">0</Data></Cell>
			<Cell><Data ss:Type="Number">0</Data></Cell>
			<Cell><Data ss:Type="String">2023-12-07 16:50:06.365357</Data></Cell>
		</Row>
		<Row>
			<Cell><Data ss:Type="String">1454</Data></Cell>
			<Cell><Data ss:Type="Number">0.62</Data></Cell>
			<Cell><Data ss:Type="Number">-9.59</Data></Cell>
			<Cell><Data ss:Type="Number">0.04</Data></Cell>
			<Cell><Data ss:Type="Number">-9.43</Data></Cell>
			<Cell><Data ss:Type="Number">-0.05</Data></Cell>
			<Cell><Data ss:Type="Number">-0.91</Data></Cell>
			<Cell><Data ss:Type="Number">23</Data></Cell>
			<Cell><Data ss:Type="Number">39.1</Data></Cell>
			<Cell><Data ss:Type="Number">0</Data></Cell>
			<Cell><Data ss:Type="Number">0</Data></Cell>
			<Cell><Data ss:Type="String">2023-12-07 16:50:06.363250</Data></Cell>
		</Row>
		<Row>
			<Cell><Data ss:Type="String">1453</Data></Cell>
			<Cell><Data ss:Type="Number">0.6</Data></Cell>
			<Cell><Data ss:Type="Number">-10.33</Data></Cell>
			<Cell><Data ss:Type="Number">0.65</Data></Cell>
			<Cell><Data ss:Type="Number">-9.55</Data></Cell>
			<Cell><Data ss:Type="Number">-0.14</Data></Cell>
			<Cell><Data ss:Type="Number">-0.86</Data></Cell>
			<Cell><Data ss:Type="Number">23</Data></Cell>
			<Cell><Data ss:Type="Number">39.1</Data></Cell>
			<Cell><Data ss:Type="Number">0</Data></Cell>
			<Cell><Data ss:Type="Number">0</Data></Cell>
			<Cell><Data ss:Type="String">2023-12-07 16:50:06.360671</Data></Cell>
		</Row>
		<Row>
			<Cell><Data ss:Type="String">1452</Data></Cell>
			<Cell><Data ss:Type="Number">0.76</Data></Cell>
			<Cell><Data ss:Type="Number">-10.13</Data></Cell>
			<Cell><Data ss:Type="Number">0.15</Data></Cell>
			<Cell><Data ss:Type="Number">-9.46</Data></Cell>
			<Cell><Data ss:Type="Number">-0.03</Data></Cell>
			<Cell><Data ss:Type="Number">-0.93</Data></Cell>
			<Cell><Data ss:Type="Number">23</Data></Cell>
			<Cell><Data ss:Type="Number">39.1</Data></Cell>
			<Cell><Data ss:Type="Number">0</Data></Cell>
			<Cell><Data ss:Type="Number">0</Data></Cell>
			<Cell><Data ss:Type="String">2023-12-07 16:50:06.358814</Data></Cell>
		</Row>
		<Row>
			<Cell><Data ss:Type="String">1451</Data></Cell>
			<Cell><Data ss:Type="Number">0.41</Data></Cell>
			<Cell><Data ss:Type="Number">-9.44</Data></Cell>
			<Cell><Data ss:Type="Number">0.13</Data></Cell>
			<Cell><Data ss:Type="Number">-9.33</Data></Cell>
			<Cell><Data ss:Type="Number">-0.07</Data></Cell>
			<Cell><Data ss:Type="Number">-0.93</Data></Cell>
			<Cell><Data ss:Type="Number">23</Data></Cell>
			<Cell><Data ss:Type="Number">39.1</Data></Cell>
			<Cell><Data ss:Type="Number">0</Data></Cell>
			<Cell><Data ss:Type="Number">0</Data></Cell>
			<Cell><Data ss:Type="String">2023-12-07 16:50:06.357088</Data></Cell>
		</Row>
		<Row>
			<Cell><Data ss:Type="String">1450</Data></Cell>
			<Cell><Data ss:Type="Number">0.17</Data></Cell>
			<Cell><Data ss:Type="Number">-9.89</Data></Cell>
			<Cell><Data ss:Type="Number">0.11</Data></Cell>
			<Cell><Data ss:Type="Number">-9.32</Data></Cell>
			<Cell><Data ss:Type="Number">-0.04</Data></Cell>
			<Cell><Data ss:Type="Number">-0.88</Data></Cell>
			<Cell><Data ss:Type="Number">23</Data></Cell>
			<Cell><Data ss:Type="Number">39.1</Data></Cell>
			<Cell><Data ss:Type="Number">0</Data></Cell>
			<Cell><Data ss:Type="Number">0</Data></Cell>
			<Cell><Data ss:Type="String">2023-12-07 16:50:06.354654</Data></Cell>
		</Row>
		<Row>
			<Cell><Data ss:Type="String">1449</Data></Cell>
			<Cell><Data ss:Type="Number">0.14</Data></Cell>
			<Cell><Data ss:Type="Number">-10.01</Data></Cell>
			<Cell><Data ss:Type="Number">-0.03</Data></Cell>
			<Cell><Data ss:Type="Number">-9.6</Data></Cell>
			<Cell><Data ss:Type="Number">-0.04</Data></Cell>
			<Cell><Data ss:Type="Number">-0.87</Data></Cell>
			<Cell><Data ss:Type="Number">23</Data></Cell>
			<Cell><Data ss:Type="Number">39.1</Data></Cell>
			<Cell><Data ss:Type="Number">0</Data></Cell>
			<Cell><Data ss:Type="Number">0</Data></Cell>
			<Cell><Data ss:Type="String">2023-12-07 16:50:06.125389</Data></Cell>
		</Row>
		<Row>
			<Cell><Data ss:Type="String">1448</Data></Cell>
			<Cell><Data ss:Type="Number">0.3</Data></Cell>
			<Cell><Data ss:Type="Number">-10.67</Data></Cell>
			<Cell><Data ss:Type="Number">0.2</Data></Cell>
			<Cell><Data ss:Type="Number">-9.42</Data></Cell>
			<Cell><Data ss:Type="Number">-0.04</Data></Cell>
			<Cell><Data ss:Type="Number">-0.93</Data></Cell>
			<Cell><Data ss:Type="Number">23</Data></Cell>
			<Cell><Data ss:Type="Number">39.1</Data></Cell>
			<Cell><Data ss:Type="Number">0</Data></Cell>
			<Cell><Data ss:Type="Number">0</Data></Cell>
			<Cell><Data ss:Type="String">2023-12-07 16:50:06.122792</Data></Cell>
		</Row>
		<Row>
			<Cell><Data ss:Type="String">1447</Data></Cell>
			<Cell><Data ss:Type="Number">0.04</Data></Cell>
			<Cell><Data ss:Type="Number">-10.17</Data></Cell>
			<Cell><Data ss:Type="Number">0.17</Data></Cell>
			<Cell><Data ss:Type="Number">-9.47</Data></Cell>
			<Cell><Data ss:Type="Number">-0.02</Data></Cell>
			<Cell><Data ss:Type="Number">-0.89</Data></Cell>
			<Cell><Data ss:Type="Number">23</Data></Cell>
			<Cell><Data ss:Type="Number">39.1</Data></Cell>
			<Cell><Data ss:Type="Number">0</Data></Cell>
			<Cell><Data ss:Type="Number">0</Data></Cell>
			<Cell><Data ss:Type="String">2023-12-07 16:50:06.119532</Data></Cell>
		</Row>
		<Row>
			<Cell><Data ss:Type="String">1446</Data></Cell>
			<Cell><Data ss:Type="Number">0.44</Data></Cell>
			<Cell><Data ss:Type="Number">-9.9</Data></Cell>
			<Cell><Data ss:Type="Number">0.06</Data></Cell>
			<Cell><Data ss:Type="Number">-9.37</Data></Cell>
			<Cell><Data ss:Type="Number">-0.15</Data></Cell>
			<Cell><Data ss:Type="Number">-0.95</Data></Cell>
			<Cell><Data ss:Type="Number">23</Data></Cell>
			<Cell><Data ss:Type="Number">39.1</Data></Cell>
			<Cell><Data ss:Type="Number">0</Data></Cell>
			<Cell><Data ss:Type="Number">0</Data></Cell>
			<Cell><Data ss:Type="String">2023-12-07 16:50:06.117171</Data></Cell>
		</Row>
		<Row>
			<Cell><Data ss:Type="String">1445</Data></Cell>
			<Cell><Data ss:Type="Number">-0.26</Data></Cell>
			<Cell><Data ss:Type="Number">-9.95</Data></Cell>
			<Cell><Data ss:Type="Number">0.01</Data></Cell>
			<Cell><Data ss:Type="Number">-9.32</Data></Cell>
			<Cell><Data ss:Type="Number">-0.01</Data></Cell>
			<Cell><Data ss:Type="Number">-0.91</Data></Cell>
			<Cell><Data ss:Type="Number">23</Data></Cell>
			<Cell><Data ss:Type="Number">39.1</Data></Cell>
			<Cell><Data ss:Type="Number">0</Data></Cell>
			<Cell><Data ss:Type="Number">0</Data></Cell>
			<Cell><Data ss:Type="String">2023-12-07 16:50:06.115321</Data></Cell>
		</Row>
		<Row>
			<Cell><Data ss:Type="String">1444</Data></Cell>
			<Cell><Data ss:Type="Number">0.4</Data></Cell>
			<Cell><Data ss:Type="Number">-9.89</Data></Cell>
			<Cell><Data ss:Type="Number">0.53</Data></Cell>
			<Cell><Data ss:Type="Number">-9.39</Data></Cell>
			<Cell><Data ss:Type="Number">-0.12</Data></Cell>
			<Cell><Data ss:Type="Number">-0.89</Data></Cell>
			<Cell><Data ss:Type="Number">23</Data></Cell>
			<Cell><Data ss:Type="Number">39.1</Data></Cell>
			<Cell><Data ss:Type="Number">0</Data></Cell>
			<Cell><Data ss:Type="Number">0</Data></Cell>
			<Cell><Data ss:Type="String">2023-12-07 16:50:06.113477</Data></Cell>
		</Row>
		<Row>
			<Cell><Data ss:Type="String">1443</Data></Cell>
			<Cell><Data ss:Type="Number">0.14</Data></Cell>
			<Cell><Data ss:Type="Number">-10.05</Data></Cell>
			<Cell><Data ss:Type="Number">-0.09</Data></Cell>
			<Cell><Data ss:Type="Number">-9.42</Data></Cell>
			<Cell><Data ss:Type="Number">-0</Data></Cell>
			<Cell><Data ss:Type="Number">-0.9</Data></Cell>
			<Cell><Data ss:Type="Number">23</Data></Cell>
			<Cell><Data ss:Type="Number">39.1</Data></Cell>
			<Cell><Data ss:Type="Number">0</Data></Cell>
			<Cell><Data ss:Type="Number">0</Data></Cell>
			<Cell><Data ss:Type="String">2023-12-07 16:50:06.111618</Data></Cell>
		</Row>
		<Row>
			<Cell><Data ss:Type="String">1442</Data></Cell>
			<Cell><Data ss:Type="Number">0.12</Data></Cell>
			<Cell><Data ss:Type="Number">-10.17</Data></Cell>
			<Cell><Data ss:Type="Number">0.02</Data></Cell>
			<Cell><Data ss:Type="Number">-9.45</Data></Cell>
			<Cell><Data ss:Type="Number">-0.15</Data></Cell>
			<Cell><Data ss:Type="Number">-0.94</Data></Cell>
			<Cell><Data ss:Type="Number">23</Data></Cell>
			<Cell><Data ss:Type="Number">39.1</Data></Cell>
			<Cell><Data ss:Type="Number">0</Data></Cell>
			<Cell><Data ss:Type="Number">0</Data></Cell>
			<Cell><Data ss:Type="String">2023-12-07 16:50:05.875791</Data></Cell>
		</Row>
		<Row>
			<Cell><Data ss:Type="String">1441</Data></Cell>
			<Cell><Data ss:Type="Number">0.55</Data></Cell>
			<Cell><Data ss:Type="Number">-10.62</Data></Cell>
			<Cell><Data ss:Type="Number">0.42</Data></Cell>
			<Cell><Data ss:Type="Number">-9.59</Data></Cell>
			<Cell><Data ss:Type="Number">-0.07</Data></Cell>
			<Cell><Data ss:Type="Number">-0.9</Data></Cell>
			<Cell><Data ss:Type="Number">23</Data></Cell>
			<Cell><Data ss:Type="Number">39.1</Data></Cell>
			<Cell><Data ss:Type="Number">0</Data></Cell>
			<Cell><Data ss:Type="Number">0</Data></Cell>
			<Cell><Data ss:Type="String">2023-12-07 16:50:05.873845</Data></Cell>
		</Row>
		<Row>
			<Cell><Data ss:Type="String">1440</Data></Cell>
			<Cell><Data ss:Type="Number">0.66</Data></Cell>
			<Cell><Data ss:Type="Number">-10.24</Data></Cell>
			<Cell><Data ss:Type="Number">0.28</Data></Cell>
			<Cell><Data ss:Type="Number">-9.47</Data></Cell>
			<Cell><Data ss:Type="Number">-0.11</Data></Cell>
			<Cell><Data ss:Type="Number">-0.88</Data></Cell>
			<Cell><Data ss:Type="Number">23</Data></Cell>
			<Cell><Data ss:Type="Number">39.1</Data></Cell>
			<Cell><Data ss:Type="Number">0</Data></Cell>
			<Cell><Data ss:Type="Number">0</Data></Cell>
			<Cell><Data ss:Type="String">2023-12-07 16:50:05.827166</Data></Cell>
		</Row>
		<Row>
			<Cell><Data ss:Type="String">1439</Data></Cell>
			<Cell><Data ss:Type="Number">0.87</Data></Cell>
			<Cell><Data ss:Type="Number">-9.5</Data></Cell>
			<Cell><Data ss:Type="Number">0.2</Data></Cell>
			<Cell><Data ss:Type="Number">-9.29</Data></Cell>
			<Cell><Data ss:Type="Number">-0.09</Data></Cell>
			<Cell><Data ss:Type="Number">-1.01</Data></Cell>
			<Cell><Data ss:Type="Number">23</Data></Cell>
			<Cell><Data ss:Type="Number">39.1</Data></Cell>
			<Cell><Data ss:Type="Number">0</Data></Cell>
			<Cell><Data ss:Type="Number">0</Data></Cell>
			<Cell><Data ss:Type="String">2023-12-07 16:50:05.824811</Data></Cell>
		</Row>
		<Row>
			<Cell><Data ss:Type="String">1438</Data></Cell>
			<Cell><Data ss:Type="Number">-0.1</Data></Cell>
			<Cell><Data ss:Type="Number">-9.99</Data></Cell>
			<Cell><Data ss:Type="Number">0.04</Data></Cell>
			<Cell><Data ss:Type="Number">-9.48</Data></Cell>
			<Cell><Data ss:Type="Number">-0.03</Data></Cell>
			<Cell><Data ss:Type="Number">-0.86</Data></Cell>
			<Cell><Data ss:Type="Number">23</Data></Cell>
			<Cell><Data ss:Type="Number">39.1</Data></Cell>
			<Cell><Data ss:Type="Number">0</Data></Cell>
			<Cell><Data ss:Type="Number">0</Data></Cell>
			<Cell><Data ss:Type="String">2023-12-07 16:50:05.821770</Data></Cell>
		</Row>
		<Row>
			<Cell><Data ss:Type="String">1437</Data></Cell>
			<Cell><Data ss:Type="Number">0.15</Data></Cell>
			<Cell><Data ss:Type="Number">-10.04</Data></Cell>
			<Cell><Data ss:Type="Number">0.14</Data></Cell>
			<Cell><Data ss:Type="Number">-9.63</Data></Cell>
			<Cell><Data ss:Type="Number">-0.07</Data></Cell>
			<Cell><Data ss:Type="Number">-0.95</Data></Cell>
			<Cell><Data ss:Type="Number">23</Data></Cell>
			<Cell><Data ss:Type="Number">39.1</Data></Cell>
			<Cell><Data ss:Type="Number">0</Data></Cell>
			<Cell><Data ss:Type="Number">0</Data></Cell>
			<Cell><Data ss:Type="String">2023-12-07 16:50:05.818807</Data></Cell>
		</Row>
		<Row>
			<Cell><Data ss:Type="String">1436</Data></Cell>
			<Cell><Data ss:Type="Number">0.69</Data></Cell>
			<Cell><Data ss:Type="Number">-10</Data></Cell>
			<Cell><Data ss:Type="Number">-0.01</Data></Cell>
			<Cell><Data ss:Type="Number">-9.57</Data></Cell>
			<Cell><Data ss:Type="Number">0.13</Data></Cell>
			<Cell><Data ss:Type="Number">-0.94</Data></Cell>
			<Cell><Data ss:Type="Number">23</Data></Cell>
			<Cell><Data ss:Type="Number">39.1</Data></Cell>
			<Cell><Data ss:Type="Number">0</Data></Cell>
			<Cell><Data ss:Type="Number">0</Data></Cell>
			<Cell><Data ss:Type="String">2023-12-07 16:50:05.816319</Data></Cell>
		</Row>
		<Row>
			<Cell><Data ss:Type="String">1435</Data></Cell>
			<Cell><Data ss:Type="Number">2</Data></Cell>
			<Cell><Data ss:Type="Number">-10.59</Data></Cell>
			<Cell><Data ss:Type="Number">0.66</Data></Cell>
			<Cell><Data ss:Type="Number">-9.74</Data></Cell>
			<Cell><Data ss:Type="Number">-0.34</Data></Cell>
			<Cell><Data ss:Type="Number">-0.84</Data></Cell>
			<Cell><Data ss:Type="Number">23</Data></Cell>
			<Cell><Data ss:Type="Number">39.1</Data></Cell>
			<Cell><Data ss:Type="Number">0</Data></Cell>
			<Cell><Data ss:Type="Number">0</Data></Cell>
			<Cell><Data ss:Type="String">2023-12-07 16:50:05.813963</Data></Cell>
		</Row>
		<Row>
			<Cell><Data ss:Type="String">1434</Data></Cell>
			<Cell><Data ss:Type="Number">0.45</Data></Cell>
			<Cell><Data ss:Type="Number">-10.32</Data></Cell>
			<Cell><Data ss:Type="Number">0.18</Data></Cell>
			<Cell><Data ss:Type="Number">-9.55</Data></Cell>
			<Cell><Data ss:Type="Number">0.08</Data></Cell>
			<Cell><Data ss:Type="Number">-0.98</Data></Cell>
			<Cell><Data ss:Type="Number">23</Data></Cell>
			<Cell><Data ss:Type="Number">39.1</Data></Cell>
			<Cell><Data ss:Type="Number">0</Data></Cell>
			<Cell><Data ss:Type="Number">0</Data></Cell>
			<Cell><Data ss:Type="String">2023-12-07 16:50:05.588559</Data></Cell>
		</Row>
		<Row>
			<Cell><Data ss:Type="String">1433</Data></Cell>
			<Cell><Data ss:Type="Number">1.43</Data></Cell>
			<Cell><Data ss:Type="Number">-9.6</Data></Cell>
			<Cell><Data ss:Type="Number">0.86</Data></Cell>
			<Cell><Data ss:Type="Number">-9.43</Data></Cell>
			<Cell><Data ss:Type="Number">-0.62</Data></Cell>
			<Cell><Data ss:Type="Number">-0.83</Data></Cell>
			<Cell><Data ss:Type="Number">23</Data></Cell>
			<Cell><Data ss:Type="Number">39.1</Data></Cell>
			<Cell><Data ss:Type="Number">0</Data></Cell>
			<Cell><Data ss:Type="Number">0</Data></Cell>
			<Cell><Data ss:Type="String">2023-12-07 16:50:05.570132</Data></Cell>
		</Row>
		<Row>
			<Cell><Data ss:Type="String">1432</Data></Cell>
			<Cell><Data ss:Type="Number">-2.5</Data></Cell>
			<Cell><Data ss:Type="Number">-10.08</Data></Cell>
			<Cell><Data ss:Type="Number">0.27</Data></Cell>
			<Cell><Data ss:Type="Number">-9.43</Data></Cell>
			<Cell><Data ss:Type="Number">-0.37</Data></Cell>
			<Cell><Data ss:Type="Number">-0.75</Data></Cell>
			<Cell><Data ss:Type="Number">23</Data></Cell>
			<Cell><Data ss:Type="Number">39.1</Data></Cell>
			<Cell><Data ss:Type="Number">0</Data></Cell>
			<Cell><Data ss:Type="Number">0</Data></Cell>
			<Cell><Data ss:Type="String">2023-12-07 16:50:05.567570</Data></Cell>
		</Row>
		<Row>
			<Cell><Data ss:Type="String">1431</Data></Cell>
			<Cell><Data ss:Type="Number">-2.07</Data></Cell>
			<Cell><Data ss:Type="Number">-10.15</Data></Cell>
			<Cell><Data ss:Type="Number">-1.47</Data></Cell>
			<Cell><Data ss:Type="Number">-9.45</Data></Cell>
			<Cell><Data ss:Type="Number">0.95</Data></Cell>
			<Cell><Data ss:Type="Number">-1.24</Data></Cell>
			<Cell><Data ss:Type="Number">23</Data></Cell>
			<Cell><Data ss:Type="Number">39.1</Data></Cell>
			<Cell><Data ss:Type="Number">0</Data></Cell>
			<Cell><Data ss:Type="Number">0</Data></Cell>
			<Cell><Data ss:Type="String">2023-12-07 16:50:05.508919</Data></Cell>
		</Row>
		<Row>
			<Cell><Data ss:Type="String">1430</Data></Cell>
			<Cell><Data ss:Type="Number">-3.51</Data></Cell>
			<Cell><Data ss:Type="Number">-10.11</Data></Cell>
			<Cell><Data ss:Type="Number">-2.75</Data></Cell>
			<Cell><Data ss:Type="Number">-8.59</Data></Cell>
			<Cell><Data ss:Type="Number">1.55</Data></Cell>
			<Cell><Data ss:Type="Number">-1.21</Data></Cell>
			<Cell><Data ss:Type="Number">23</Data></Cell>
			<Cell><Data ss:Type="Number">39.1</Data></Cell>
			<Cell><Data ss:Type="Number">0</Data></Cell>
			<Cell><Data ss:Type="Number">0</Data></Cell>
			<Cell><Data ss:Type="String">2023-12-07 16:50:05.506991</Data></Cell>
		</Row>
		<Row>
			<Cell><Data ss:Type="String">1429</Data></Cell>
			<Cell><Data ss:Type="Number">0.27</Data></Cell>
			<Cell><Data ss:Type="Number">-10.25</Data></Cell>
			<Cell><Data ss:Type="Number">0.18</Data></Cell>
			<Cell><Data ss:Type="Number">-9.54</Data></Cell>
			<Cell><Data ss:Type="Number">-0.06</Data></Cell>
			<Cell><Data ss:Type="Number">-0.89</Data></Cell>
			<Cell><Data ss:Type="Number">23</Data></Cell>
			<Cell><Data ss:Type="Number">39.1</Data></Cell>
			<Cell><Data ss:Type="Number">0</Data></Cell>
			<Cell><Data ss:Type="Number">0</Data></Cell>
			<Cell><Data ss:Type="String">2023-12-07 16:50:05.441724</Data></Cell>
		</Row>
		<Row>
			<Cell><Data ss:Type="String">1428</Data></Cell>
			<Cell><Data ss:Type="Number">0.25</Data></Cell>
			<Cell><Data ss:Type="Number">-10.13</Data></Cell>
			<Cell><Data ss:Type="Number">0.19</Data></Cell>
			<Cell><Data ss:Type="Number">-9.49</Data></Cell>
			<Cell><Data ss:Type="Number">-0.07</Data></Cell>
			<Cell><Data ss:Type="Number">-0.88</Data></Cell>
			<Cell><Data ss:Type="Number">23</Data></Cell>
			<Cell><Data ss:Type="Number">39.1</Data></Cell>
			<Cell><Data ss:Type="Number">0</Data></Cell>
			<Cell><Data ss:Type="Number">0</Data></Cell>
			<Cell><Data ss:Type="String">2023-12-07 16:50:05.440019</Data></Cell>
		</Row>
		<Row>
			<Cell><Data ss:Type="String">1427</Data></Cell>
			<Cell><Data ss:Type="Number">0.28</Data></Cell>
			<Cell><Data ss:Type="Number">-10.1</Data></Cell>
			<Cell><Data ss:Type="Number">0.17</Data></Cell>
			<Cell><Data ss:Type="Number">-9.45</Data></Cell>
			<Cell><Data ss:Type="Number">-0.08</Data></Cell>
			<Cell><Data ss:Type="Number">-0.91</Data></Cell>
			<Cell><Data ss:Type="Number">23</Data></Cell>
			<Cell><Data ss:Type="Number">39.1</Data></Cell>
			<Cell><Data ss:Type="Number">0</Data></Cell>
			<Cell><Data ss:Type="Number">0</Data></Cell>
			<Cell><Data ss:Type="String">2023-12-07 16:50:05.437291</Data></Cell>
		</Row>
		<Row>
			<Cell><Data ss:Type="String">1426</Data></Cell>
			<Cell><Data ss:Type="Number">0.28</Data></Cell>
			<Cell><Data ss:Type="Number">-10.01</Data></Cell>
			<Cell><Data ss:Type="Number">0.15</Data></Cell>
			<Cell><Data ss:Type="Number">-9.44</Data></Cell>
			<Cell><Data ss:Type="Number">-0.08</Data></Cell>
			<Cell><Data ss:Type="Number">-0.91</Data></Cell>
			<Cell><Data ss:Type="Number">23</Data></Cell>
			<Cell><Data ss:Type="Number">39.1</Data></Cell>
			<Cell><Data ss:Type="Number">0</Data></Cell>
			<Cell><Data ss:Type="Number">0</Data></Cell>
			<Cell><Data ss:Type="String">2023-12-07 16:50:05.434757</Data></Cell>
		</Row>
		<Row>
			<Cell><Data ss:Type="String">1425</Data></Cell>
			<Cell><Data ss:Type="Number">0.21</Data></Cell>
			<Cell><Data ss:Type="Number">-9.96</Data></Cell>
			<Cell><Data ss:Type="Number">0.08</Data></Cell>
			<Cell><Data ss:Type="Number">-9.43</Data></Cell>
			<Cell><Data ss:Type="Number">-0.06</Data></Cell>
			<Cell><Data ss:Type="Number">-0.89</Data></Cell>
			<Cell><Data ss:Type="Number">23</Data></Cell>
			<Cell><Data ss:Type="Number">39.1</Data></Cell>
			<Cell><Data ss:Type="Number">0</Data></Cell>
			<Cell><Data ss:Type="Number">0</Data></Cell>
			<Cell><Data ss:Type="String">2023-12-07 16:50:05.432842</Data></Cell>
		</Row>
		<Row>
			<Cell><Data ss:Type="String">1424</Data></Cell>
			<Cell><Data ss:Type="Number">0.27</Data></Cell>
			<Cell><Data ss:Type="Number">-10.17</Data></Cell>
			<Cell><Data ss:Type="Number">0.15</Data></Cell>
			<Cell><Data ss:Type="Number">-9.49</Data></Cell>
			<Cell><Data ss:Type="Number">-0.07</Data></Cell>
			<Cell><Data ss:Type="Number">-0.88</Data></Cell>
			<Cell><Data ss:Type="Number">23</Data></Cell>
			<Cell><Data ss:Type="Number">39.1</Data></Cell>
			<Cell><Data ss:Type="Number">0</Data></Cell>
			<Cell><Data ss:Type="Number">0</Data></Cell>
			<Cell><Data ss:Type="String">2023-12-07 16:50:05.431163</Data></Cell>
		</Row>
		<Row>
			<Cell><Data ss:Type="String">1423</Data></Cell>
			<Cell><Data ss:Type="Number">0.28</Data></Cell>
			<Cell><Data ss:Type="Number">-10.17</Data></Cell>
			<Cell><Data ss:Type="Number">0.2</Data></Cell>
			<Cell><Data ss:Type="Number">-9.53</Data></Cell>
			<Cell><Data ss:Type="Number">-0.08</Data></Cell>
			<Cell><Data ss:Type="Number">-0.87</Data></Cell>
			<Cell><Data ss:Type="Number">23</Data></Cell>
			<Cell><Data ss:Type="Number">39.1</Data></Cell>
			<Cell><Data ss:Type="Number">0</Data></Cell>
			<Cell><Data ss:Type="Number">0</Data></Cell>
			<Cell><Data ss:Type="String">2023-12-07 16:50:05.429018</Data></Cell>
		</Row>
		<Row>
			<Cell><Data ss:Type="String">1422</Data></Cell>
			<Cell><Data ss:Type="Number">0.3</Data></Cell>
			<Cell><Data ss:Type="Number">-10.31</Data></Cell>
			<Cell><Data ss:Type="Number">0.11</Data></Cell>
			<Cell><Data ss:Type="Number">-9.5</Data></Cell>
			<Cell><Data ss:Type="Number">-0.06</Data></Cell>
			<Cell><Data ss:Type="Number">-0.89</Data></Cell>
			<Cell><Data ss:Type="Number">23</Data></Cell>
			<Cell><Data ss:Type="Number">39.1</Data></Cell>
			<Cell><Data ss:Type="Number">0</Data></Cell>
			<Cell><Data ss:Type="Number">0</Data></Cell>
			<Cell><Data ss:Type="String">2023-12-07 16:50:05.211850</Data></Cell>
		</Row>
		<Row>
			<Cell><Data ss:Type="String">1421</Data></Cell>
			<Cell><Data ss:Type="Number">0.28</Data></Cell>
			<Cell><Data ss:Type="Number">-9.99</Data></Cell>
			<Cell><Data ss:Type="Number">0.09</Data></Cell>
			<Cell><Data ss:Type="Number">-9.43</Data></Cell>
			<Cell><Data ss:Type="Number">-0.07</Data></Cell>
			<Cell><Data ss:Type="Number">-0.91</Data></Cell>
			<Cell><Data ss:Type="Number">23</Data></Cell>
			<Cell><Data ss:Type="Number">39.1</Data></Cell>
			<Cell><Data ss:Type="Number">0</Data></Cell>
			<Cell><Data ss:Type="Number">0</Data></Cell>
			<Cell><Data ss:Type="String">2023-12-07 16:50:05.210175</Data></Cell>
		</Row>
		<Row>
			<Cell><Data ss:Type="String">1420</Data></Cell>
			<Cell><Data ss:Type="Number">0.25</Data></Cell>
			<Cell><Data ss:Type="Number">-9.89</Data></Cell>
			<Cell><Data ss:Type="Number">0.15</Data></Cell>
			<Cell><Data ss:Type="Number">-9.43</Data></Cell>
			<Cell><Data ss:Type="Number">-0.06</Data></Cell>
			<Cell><Data ss:Type="Number">-0.91</Data></Cell>
			<Cell><Data ss:Type="Number">23</Data></Cell>
			<Cell><Data ss:Type="Number">39.1</Data></Cell>
			<Cell><Data ss:Type="Number">0</Data></Cell>
			<Cell><Data ss:Type="Number">0</Data></Cell>
			<Cell><Data ss:Type="String">2023-12-07 16:50:05.208211</Data></Cell>
		</Row>
		<Row>
			<Cell><Data ss:Type="String">1419</Data></Cell>
			<Cell><Data ss:Type="Number">0.27</Data></Cell>
			<Cell><Data ss:Type="Number">-10.03</Data></Cell>
			<Cell><Data ss:Type="Number">0.06</Data></Cell>
			<Cell><Data ss:Type="Number">-9.51</Data></Cell>
			<Cell><Data ss:Type="Number">-0.07</Data></Cell>
			<Cell><Data ss:Type="Number">-0.92</Data></Cell>
			<Cell><Data ss:Type="Number">23</Data></Cell>
			<Cell><Data ss:Type="Number">39.1</Data></Cell>
			<Cell><Data ss:Type="Number">0</Data></Cell>
			<Cell><Data ss:Type="Number">0</Data></Cell>
			<Cell><Data ss:Type="String">2023-12-07 16:50:05.205969</Data></Cell>
		</Row>
		<Row>
			<Cell><Data ss:Type="String">1418</Data></Cell>
			<Cell><Data ss:Type="Number">0.28</Data></Cell>
			<Cell><Data ss:Type="Number">-10.18</Data></Cell>
			<Cell><Data ss:Type="Number">0.18</Data></Cell>
			<Cell><Data ss:Type="Number">-9.51</Data></Cell>
			<Cell><Data ss:Type="Number">-0.07</Data></Cell>
			<Cell><Data ss:Type="Number">-0.9</Data></Cell>
			<Cell><Data ss:Type="Number">23</Data></Cell>
			<Cell><Data ss:Type="Number">39.1</Data></Cell>
			<Cell><Data ss:Type="Number">0</Data></Cell>
			<Cell><Data ss:Type="Number">0</Data></Cell>
			<Cell><Data ss:Type="String">2023-12-07 16:50:05.203160</Data></Cell>
		</Row>
		<Row>
			<Cell><Data ss:Type="String">1417</Data></Cell>
			<Cell><Data ss:Type="Number">0.26</Data></Cell>
			<Cell><Data ss:Type="Number">-10.2</Data></Cell>
			<Cell><Data ss:Type="Number">0.09</Data></Cell>
			<Cell><Data ss:Type="Number">-9.45</Data></Cell>
			<Cell><Data ss:Type="Number">-0.06</Data></Cell>
			<Cell><Data ss:Type="Number">-0.89</Data></Cell>
			<Cell><Data ss:Type="Number">23</Data></Cell>
			<Cell><Data ss:Type="Number">39.1</Data></Cell>
			<Cell><Data ss:Type="Number">0</Data></Cell>
			<Cell><Data ss:Type="Number">0</Data></Cell>
			<Cell><Data ss:Type="String">2023-12-07 16:50:05.029244</Data></Cell>
		</Row>
		<Row>
			<Cell><Data ss:Type="String">1416</Data></Cell>
			<Cell><Data ss:Type="Number">0.26</Data></Cell>
			<Cell><Data ss:Type="Number">-9.97</Data></Cell>
			<Cell><Data ss:Type="Number">0.14</Data></Cell>
			<Cell><Data ss:Type="Number">-9.45</Data></Cell>
			<Cell><Data ss:Type="Number">-0.09</Data></Cell>
			<Cell><Data ss:Type="Number">-0.94</Data></Cell>
			<Cell><Data ss:Type="Number">23</Data></Cell>
			<Cell><Data ss:Type="Number">39.1</Data></Cell>
			<Cell><Data ss:Type="Number">0</Data></Cell>
			<Cell><Data ss:Type="Number">0</Data></Cell>
			<Cell><Data ss:Type="String">2023-12-07 16:50:05.027468</Data></Cell>
		</Row>
		<Row>
			<Cell><Data ss:Type="String">1415</Data></Cell>
			<Cell><Data ss:Type="Number">0.3</Data></Cell>
			<Cell><Data ss:Type="Number">-9.96</Data></Cell>
			<Cell><Data ss:Type="Number">0.14</Data></Cell>
			<Cell><Data ss:Type="Number">-9.46</Data></Cell>
			<Cell><Data ss:Type="Number">-0.06</Data></Cell>
			<Cell><Data ss:Type="Number">-0.89</Data></Cell>
			<Cell><Data ss:Type="Number">23</Data></Cell>
			<Cell><Data ss:Type="Number">39.1</Data></Cell>
			<Cell><Data ss:Type="Number">0</Data></Cell>
			<Cell><Data ss:Type="Number">0</Data></Cell>
			<Cell><Data ss:Type="String">2023-12-07 16:50:04.980310</Data></Cell>
		</Row>
		<Row>
			<Cell><Data ss:Type="String">1414</Data></Cell>
			<Cell><Data ss:Type="Number">0.31</Data></Cell>
			<Cell><Data ss:Type="Number">-10.07</Data></Cell>
			<Cell><Data ss:Type="Number">0.08</Data></Cell>
			<Cell><Data ss:Type="Number">-9.56</Data></Cell>
			<Cell><Data ss:Type="Number">-0.09</Data></Cell>
			<Cell><Data ss:Type="Number">-0.92</Data></Cell>
			<Cell><Data ss:Type="Number">23</Data></Cell>
			<Cell><Data ss:Type="Number">39.1</Data></Cell>
			<Cell><Data ss:Type="Number">0</Data></Cell>
			<Cell><Data ss:Type="Number">0</Data></Cell>
			<Cell><Data ss:Type="String">2023-12-07 16:50:04.934223</Data></Cell>
		</Row>
		<Row>
			<Cell><Data ss:Type="String">1413</Data></Cell>
			<Cell><Data ss:Type="Number">0.25</Data></Cell>
			<Cell><Data ss:Type="Number">-10.19</Data></Cell>
			<Cell><Data ss:Type="Number">0.23</Data></Cell>
			<Cell><Data ss:Type="Number">-9.51</Data></Cell>
			<Cell><Data ss:Type="Number">-0.06</Data></Cell>
			<Cell><Data ss:Type="Number">-0.88</Data></Cell>
			<Cell><Data ss:Type="Number">23</Data></Cell>
			<Cell><Data ss:Type="Number">39.1</Data></Cell>
			<Cell><Data ss:Type="Number">0</Data></Cell>
			<Cell><Data ss:Type="Number">0</Data></Cell>
			<Cell><Data ss:Type="String">2023-12-07 16:50:04.895520</Data></Cell>
		</Row>
		<Row>
			<Cell><Data ss:Type="String">1412</Data></Cell>
			<Cell><Data ss:Type="Number">0.29</Data></Cell>
			<Cell><Data ss:Type="Number">-10.13</Data></Cell>
			<Cell><Data ss:Type="Number">0.15</Data></Cell>
			<Cell><Data ss:Type="Number">-9.47</Data></Cell>
			<Cell><Data ss:Type="Number">-0.09</Data></Cell>
			<Cell><Data ss:Type="Number">-0.91</Data></Cell>
			<Cell><Data ss:Type="Number">23</Data></Cell>
			<Cell><Data ss:Type="Number">39.1</Data></Cell>
			<Cell><Data ss:Type="Number">0</Data></Cell>
			<Cell><Data ss:Type="Number">0</Data></Cell>
			<Cell><Data ss:Type="String">2023-12-07 16:50:04.893821</Data></Cell>
		</Row>
		<Row>
			<Cell><Data ss:Type="String">1411</Data></Cell>
			<Cell><Data ss:Type="Number">0.28</Data></Cell>
			<Cell><Data ss:Type="Number">-10</Data></Cell>
			<Cell><Data ss:Type="Number">0.15</Data></Cell>
			<Cell><Data ss:Type="Number">-9.42</Data></Cell>
			<Cell><Data ss:Type="Number">-0.08</Data></Cell>
			<Cell><Data ss:Type="Number">-0.89</Data></Cell>
			<Cell><Data ss:Type="Number">23</Data></Cell>
			<Cell><Data ss:Type="Number">39.1</Data></Cell>
			<Cell><Data ss:Type="Number">0</Data></Cell>
			<Cell><Data ss:Type="Number">0</Data></Cell>
			<Cell><Data ss:Type="String">2023-12-07 16:50:04.892037</Data></Cell>
		</Row>
		<Row>
			<Cell><Data ss:Type="String">1410</Data></Cell>
			<Cell><Data ss:Type="Number">0.28</Data></Cell>
			<Cell><Data ss:Type="Number">-10.07</Data></Cell>
			<Cell><Data ss:Type="Number">0.15</Data></Cell>
			<Cell><Data ss:Type="Number">-9.5</Data></Cell>
			<Cell><Data ss:Type="Number">-0.08</Data></Cell>
			<Cell><Data ss:Type="Number">-0.89</Data></Cell>
			<Cell><Data ss:Type="Number">23</Data></Cell>
			<Cell><Data ss:Type="Number">39.1</Data></Cell>
			<Cell><Data ss:Type="Number">0</Data></Cell>
			<Cell><Data ss:Type="Number">0</Data></Cell>
			<Cell><Data ss:Type="String">2023-12-07 16:50:04.791505</Data></Cell>
		</Row>
		<Row>
			<Cell><Data ss:Type="String">1409</Data></Cell>
			<Cell><Data ss:Type="Number">0.28</Data></Cell>
			<Cell><Data ss:Type="Number">-10.11</Data></Cell>
			<Cell><Data ss:Type="Number">0.16</Data></Cell>
			<Cell><Data ss:Type="Number">-9.54</Data></Cell>
			<Cell><Data ss:Type="Number">-0.07</Data></Cell>
			<Cell><Data ss:Type="Number">-0.91</Data></Cell>
			<Cell><Data ss:Type="Number">23</Data></Cell>
			<Cell><Data ss:Type="Number">39.1</Data></Cell>
			<Cell><Data ss:Type="Number">0</Data></Cell>
			<Cell><Data ss:Type="Number">0</Data></Cell>
			<Cell><Data ss:Type="String">2023-12-07 16:50:04.770624</Data></Cell>
		</Row>
		<Row>
			<Cell><Data ss:Type="String">1408</Data></Cell>
			<Cell><Data ss:Type="Number">0.25</Data></Cell>
			<Cell><Data ss:Type="Number">-10.17</Data></Cell>
			<Cell><Data ss:Type="Number">0.14</Data></Cell>
			<Cell><Data ss:Type="Number">-9.52</Data></Cell>
			<Cell><Data ss:Type="Number">-0.05</Data></Cell>
			<Cell><Data ss:Type="Number">-0.88</Data></Cell>
			<Cell><Data ss:Type="Number">23</Data></Cell>
			<Cell><Data ss:Type="Number">39.1</Data></Cell>
			<Cell><Data ss:Type="Number">0</Data></Cell>
			<Cell><Data ss:Type="Number">0</Data></Cell>
			<Cell><Data ss:Type="String">2023-12-07 16:50:04.724896</Data></Cell>
		</Row>
		<Row>
			<Cell><Data ss:Type="String">1407</Data></Cell>
			<Cell><Data ss:Type="Number">0.3</Data></Cell>
			<Cell><Data ss:Type="Number">-10.09</Data></Cell>
			<Cell><Data ss:Type="Number">0.13</Data></Cell>
			<Cell><Data ss:Type="Number">-9.49</Data></Cell>
			<Cell><Data ss:Type="Number">-0.09</Data></Cell>
			<Cell><Data ss:Type="Number">-0.92</Data></Cell>
			<Cell><Data ss:Type="Number">23</Data></Cell>
			<Cell><Data ss:Type="Number">39.1</Data></Cell>
			<Cell><Data ss:Type="Number">0</Data></Cell>
			<Cell><Data ss:Type="Number">0</Data></Cell>
			<Cell><Data ss:Type="String">2023-12-07 16:50:04.722310</Data></Cell>
		</Row>
		<Row>
			<Cell><Data ss:Type="String">1406</Data></Cell>
			<Cell><Data ss:Type="Number">0.27</Data></Cell>
			<Cell><Data ss:Type="Number">-9.94</Data></Cell>
			<Cell><Data ss:Type="Number">0.15</Data></Cell>
			<Cell><Data ss:Type="Number">-9.43</Data></Cell>
			<Cell><Data ss:Type="Number">-0.07</Data></Cell>
			<Cell><Data ss:Type="Number">-0.89</Data></Cell>
			<Cell><Data ss:Type="Number">23</Data></Cell>
			<Cell><Data ss:Type="Number">39.1</Data></Cell>
			<Cell><Data ss:Type="Number">0</Data></Cell>
			<Cell><Data ss:Type="Number">0</Data></Cell>
			<Cell><Data ss:Type="String">2023-12-07 16:50:04.675288</Data></Cell>
		</Row>
		<Row>
			<Cell><Data ss:Type="String">1405</Data></Cell>
			<Cell><Data ss:Type="Number">0.25</Data></Cell>
			<Cell><Data ss:Type="Number">-9.95</Data></Cell>
			<Cell><Data ss:Type="Number">0.09</Data></Cell>
			<Cell><Data ss:Type="Number">-9.45</Data></Cell>
			<Cell><Data ss:Type="Number">-0.08</Data></Cell>
			<Cell><Data ss:Type="Number">-0.94</Data></Cell>
			<Cell><Data ss:Type="Number">23</Data></Cell>
			<Cell><Data ss:Type="Number">39.1</Data></Cell>
			<Cell><Data ss:Type="Number">0</Data></Cell>
			<Cell><Data ss:Type="Number">0</Data></Cell>
			<Cell><Data ss:Type="String">2023-12-07 16:50:04.632287</Data></Cell>
		</Row>
		<Row>
			<Cell><Data ss:Type="String">1404</Data></Cell>
			<Cell><Data ss:Type="Number">0.34</Data></Cell>
			<Cell><Data ss:Type="Number">-10.15</Data></Cell>
			<Cell><Data ss:Type="Number">0.19</Data></Cell>
			<Cell><Data ss:Type="Number">-9.53</Data></Cell>
			<Cell><Data ss:Type="Number">-0.1</Data></Cell>
			<Cell><Data ss:Type="Number">-0.9</Data></Cell>
			<Cell><Data ss:Type="Number">23</Data></Cell>
			<Cell><Data ss:Type="Number">39.1</Data></Cell>
			<Cell><Data ss:Type="Number">0</Data></Cell>
			<Cell><Data ss:Type="Number">0</Data></Cell>
			<Cell><Data ss:Type="String">2023-12-07 16:50:04.630452</Data></Cell>
		</Row>
		<Row>
			<Cell><Data ss:Type="String">1403</Data></Cell>
			<Cell><Data ss:Type="Number">0.28</Data></Cell>
			<Cell><Data ss:Type="Number">-10.18</Data></Cell>
			<Cell><Data ss:Type="Number">0.15</Data></Cell>
			<Cell><Data ss:Type="Number">-9.5</Data></Cell>
			<Cell><Data ss:Type="Number">-0.11</Data></Cell>
			<Cell><Data ss:Type="Number">-0.87</Data></Cell>
			<Cell><Data ss:Type="Number">23</Data></Cell>
			<Cell><Data ss:Type="Number">39.1</Data></Cell>
			<Cell><Data ss:Type="Number">0</Data></Cell>
			<Cell><Data ss:Type="Number">0</Data></Cell>
			<Cell><Data ss:Type="String">2023-12-07 16:50:04.587054</Data></Cell>
		</Row>
		<Row>
			<Cell><Data ss:Type="String">1402</Data></Cell>
			<Cell><Data ss:Type="Number">0.17</Data></Cell>
			<Cell><Data ss:Type="Number">-10.08</Data></Cell>
			<Cell><Data ss:Type="Number">0.13</Data></Cell>
			<Cell><Data ss:Type="Number">-9.46</Data></Cell>
			<Cell><Data ss:Type="Number">-0.04</Data></Cell>
			<Cell><Data ss:Type="Number">-0.95</Data></Cell>
			<Cell><Data ss:Type="Number">23</Data></Cell>
			<Cell><Data ss:Type="Number">39.1</Data></Cell>
			<Cell><Data ss:Type="Number">0</Data></Cell>
			<Cell><Data ss:Type="Number">0</Data></Cell>
			<Cell><Data ss:Type="String">2023-12-07 16:50:04.584660</Data></Cell>
		</Row>
		<Row>
			<Cell><Data ss:Type="String">1401</Data></Cell>
			<Cell><Data ss:Type="Number">0.17</Data></Cell>
			<Cell><Data ss:Type="Number">-10.01</Data></Cell>
			<Cell><Data ss:Type="Number">0.11</Data></Cell>
			<Cell><Data ss:Type="Number">-9.42</Data></Cell>
			<Cell><Data ss:Type="Number">0.01</Data></Cell>
			<Cell><Data ss:Type="Number">-0.88</Data></Cell>
			<Cell><Data ss:Type="Number">23</Data></Cell>
			<Cell><Data ss:Type="Number">39.1</Data></Cell>
			<Cell><Data ss:Type="Number">0</Data></Cell>
			<Cell><Data ss:Type="Number">0</Data></Cell>
			<Cell><Data ss:Type="String">2023-12-07 16:50:04.512312</Data></Cell>
		</Row>
		<Row>
			<Cell><Data ss:Type="String">1400</Data></Cell>
			<Cell><Data ss:Type="Number">0.53</Data></Cell>
			<Cell><Data ss:Type="Number">-10.02</Data></Cell>
			<Cell><Data ss:Type="Number">0.28</Data></Cell>
			<Cell><Data ss:Type="Number">-9.49</Data></Cell>
			<Cell><Data ss:Type="Number">-0.07</Data></Cell>
			<Cell><Data ss:Type="Number">-0.97</Data></Cell>
			<Cell><Data ss:Type="Number">23</Data></Cell>
			<Cell><Data ss:Type="Number">39.1</Data></Cell>
			<Cell><Data ss:Type="Number">0</Data></Cell>
			<Cell><Data ss:Type="Number">0</Data></Cell>
			<Cell><Data ss:Type="String">2023-12-07 16:50:04.461568</Data></Cell>
		</Row>
		<Row>
			<Cell><Data ss:Type="String">1399</Data></Cell>
			<Cell><Data ss:Type="Number">0.77</Data></Cell>
			<Cell><Data ss:Type="Number">-10.15</Data></Cell>
			<Cell><Data ss:Type="Number">0.52</Data></Cell>
			<Cell><Data ss:Type="Number">-9.51</Data></Cell>
			<Cell><Data ss:Type="Number">-0.36</Data></Cell>
			<Cell><Data ss:Type="Number">-0.84</Data></Cell>
			<Cell><Data ss:Type="Number">23</Data></Cell>
			<Cell><Data ss:Type="Number">39.1</Data></Cell>
			<Cell><Data ss:Type="Number">0</Data></Cell>
			<Cell><Data ss:Type="Number">0</Data></Cell>
			<Cell><Data ss:Type="String">2023-12-07 16:50:04.459458</Data></Cell>
		</Row>
		<Row>
			<Cell><Data ss:Type="String">1398</Data></Cell>
			<Cell><Data ss:Type="Number">-0.02</Data></Cell>
			<Cell><Data ss:Type="Number">-10.3</Data></Cell>
			<Cell><Data ss:Type="Number">0.21</Data></Cell>
			<Cell><Data ss:Type="Number">-9.44</Data></Cell>
			<Cell><Data ss:Type="Number">-0.27</Data></Cell>
			<Cell><Data ss:Type="Number">-0.82</Data></Cell>
			<Cell><Data ss:Type="Number">23</Data></Cell>
			<Cell><Data ss:Type="Number">39.1</Data></Cell>
			<Cell><Data ss:Type="Number">0</Data></Cell>
			<Cell><Data ss:Type="Number">0</Data></Cell>
			<Cell><Data ss:Type="String">2023-12-07 16:50:04.413859</Data></Cell>
		</Row>
		<Row>
			<Cell><Data ss:Type="String">1397</Data></Cell>
			<Cell><Data ss:Type="Number">-0.62</Data></Cell>
			<Cell><Data ss:Type="Number">-10.1</Data></Cell>
			<Cell><Data ss:Type="Number">-0.45</Data></Cell>
			<Cell><Data ss:Type="Number">-9.53</Data></Cell>
			<Cell><Data ss:Type="Number">0.34</Data></Cell>
			<Cell><Data ss:Type="Number">-1.08</Data></Cell>
			<Cell><Data ss:Type="Number">23</Data></Cell>
			<Cell><Data ss:Type="Number">39.1</Data></Cell>
			<Cell><Data ss:Type="Number">0</Data></Cell>
			<Cell><Data ss:Type="Number">0</Data></Cell>
			<Cell><Data ss:Type="String">2023-12-07 16:50:04.368031</Data></Cell>
		</Row>
		<Row>
			<Cell><Data ss:Type="String">1396</Data></Cell>
			<Cell><Data ss:Type="Number">0.01</Data></Cell>
			<Cell><Data ss:Type="Number">-9.84</Data></Cell>
			<Cell><Data ss:Type="Number">-0.27</Data></Cell>
			<Cell><Data ss:Type="Number">-9.41</Data></Cell>
			<Cell><Data ss:Type="Number">0.57</Data></Cell>
			<Cell><Data ss:Type="Number">-0.84</Data></Cell>
			<Cell><Data ss:Type="Number">23</Data></Cell>
			<Cell><Data ss:Type="Number">39.1</Data></Cell>
			<Cell><Data ss:Type="Number">0</Data></Cell>
			<Cell><Data ss:Type="Number">0</Data></Cell>
			<Cell><Data ss:Type="String">2023-12-07 16:50:04.325269</Data></Cell>
		</Row>
		<Row>
			<Cell><Data ss:Type="String">1395</Data></Cell>
			<Cell><Data ss:Type="Number">2.34</Data></Cell>
			<Cell><Data ss:Type="Number">-10.31</Data></Cell>
			<Cell><Data ss:Type="Number">0.7</Data></Cell>
			<Cell><Data ss:Type="Number">-9.54</Data></Cell>
			<Cell><Data ss:Type="Number">-0.88</Data></Cell>
			<Cell><Data ss:Type="Number">-1.09</Data></Cell>
			<Cell><Data ss:Type="Number">23</Data></Cell>
			<Cell><Data ss:Type="Number">39.1</Data></Cell>
			<Cell><Data ss:Type="Number">0</Data></Cell>
			<Cell><Data ss:Type="Number">0</Data></Cell>
			<Cell><Data ss:Type="String">2023-12-07 16:50:04.322702</Data></Cell>
		</Row>
		<Row>
			<Cell><Data ss:Type="String">1394</Data></Cell>
			<Cell><Data ss:Type="Number">3.09</Data></Cell>
			<Cell><Data ss:Type="Number">-9.34</Data></Cell>
			<Cell><Data ss:Type="Number">3.78</Data></Cell>
			<Cell><Data ss:Type="Number">-8.53</Data></Cell>
			<Cell><Data ss:Type="Number">-2</Data></Cell>
			<Cell><Data ss:Type="Number">-0.53</Data></Cell>
			<Cell><Data ss:Type="Number">23</Data></Cell>
			<Cell><Data ss:Type="Number">39.1</Data></Cell>
			<Cell><Data ss:Type="Number">0</Data></Cell>
			<Cell><Data ss:Type="Number">0</Data></Cell>
			<Cell><Data ss:Type="String">2023-12-07 16:50:04.289769</Data></Cell>
		</Row>
		<Row>
			<Cell><Data ss:Type="String">1393</Data></Cell>
			<Cell><Data ss:Type="Number">0.43</Data></Cell>
			<Cell><Data ss:Type="Number">-9.48</Data></Cell>
			<Cell><Data ss:Type="Number">0.21</Data></Cell>
			<Cell><Data ss:Type="Number">-9.35</Data></Cell>
			<Cell><Data ss:Type="Number">0.04</Data></Cell>
			<Cell><Data ss:Type="Number">-0.85</Data></Cell>
			<Cell><Data ss:Type="Number">23</Data></Cell>
			<Cell><Data ss:Type="Number">39.1</Data></Cell>
			<Cell><Data ss:Type="Number">0</Data></Cell>
			<Cell><Data ss:Type="Number">0</Data></Cell>
			<Cell><Data ss:Type="String">2023-12-07 16:50:04.287106</Data></Cell>
		</Row>
		<Row>
			<Cell><Data ss:Type="String">1392</Data></Cell>
			<Cell><Data ss:Type="Number">0.17</Data></Cell>
			<Cell><Data ss:Type="Number">-10.06</Data></Cell>
			<Cell><Data ss:Type="Number">0.61</Data></Cell>
			<Cell><Data ss:Type="Number">-9.57</Data></Cell>
			<Cell><Data ss:Type="Number">-0.12</Data></Cell>
			<Cell><Data ss:Type="Number">-0.9</Data></Cell>
			<Cell><Data ss:Type="Number">23</Data></Cell>
			<Cell><Data ss:Type="Number">39.1</Data></Cell>
			<Cell><Data ss:Type="Number">0</Data></Cell>
			<Cell><Data ss:Type="Number">0</Data></Cell>
			<Cell><Data ss:Type="String">2023-12-07 16:50:04.284524</Data></Cell>
		</Row>
		<Row>
			<Cell><Data ss:Type="String">1391</Data></Cell>
			<Cell><Data ss:Type="Number">-0.01</Data></Cell>
			<Cell><Data ss:Type="Number">-9.89</Data></Cell>
			<Cell><Data ss:Type="Number">0.25</Data></Cell>
			<Cell><Data ss:Type="Number">-9.45</Data></Cell>
			<Cell><Data ss:Type="Number">-0.06</Data></Cell>
			<Cell><Data ss:Type="Number">-0.93</Data></Cell>
			<Cell><Data ss:Type="Number">23</Data></Cell>
			<Cell><Data ss:Type="Number">39.1</Data></Cell>
			<Cell><Data ss:Type="Number">0</Data></Cell>
			<Cell><Data ss:Type="Number">0</Data></Cell>
			<Cell><Data ss:Type="String">2023-12-07 16:50:04.282665</Data></Cell>
		</Row>
		<Row>
			<Cell><Data ss:Type="String">1390</Data></Cell>
			<Cell><Data ss:Type="Number">0.09</Data></Cell>
			<Cell><Data ss:Type="Number">-9.39</Data></Cell>
			<Cell><Data ss:Type="Number">-0.11</Data></Cell>
			<Cell><Data ss:Type="Number">-9.39</Data></Cell>
			<Cell><Data ss:Type="Number">-0.1</Data></Cell>
			<Cell><Data ss:Type="Number">-0.96</Data></Cell>
			<Cell><Data ss:Type="Number">23</Data></Cell>
			<Cell><Data ss:Type="Number">39.1</Data></Cell>
			<Cell><Data ss:Type="Number">0</Data></Cell>
			<Cell><Data ss:Type="Number">0</Data></Cell>
			<Cell><Data ss:Type="String">2023-12-07 16:50:04.280625</Data></Cell>
		</Row>
		<Row>
			<Cell><Data ss:Type="String">1389</Data></Cell>
			<Cell><Data ss:Type="Number">0.03</Data></Cell>
			<Cell><Data ss:Type="Number">-10.18</Data></Cell>
			<Cell><Data ss:Type="Number">0.31</Data></Cell>
			<Cell><Data ss:Type="Number">-9.53</Data></Cell>
			<Cell><Data ss:Type="Number">0</Data></Cell>
			<Cell><Data ss:Type="Number">-0.9</Data></Cell>
			<Cell><Data ss:Type="Number">23</Data></Cell>
			<Cell><Data ss:Type="Number">39.1</Data></Cell>
			<Cell><Data ss:Type="Number">0</Data></Cell>
			<Cell><Data ss:Type="Number">0</Data></Cell>
			<Cell><Data ss:Type="String">2023-12-07 16:50:04.278719</Data></Cell>
		</Row>
		<Row>
			<Cell><Data ss:Type="String">1388</Data></Cell>
			<Cell><Data ss:Type="Number">-0.07</Data></Cell>
			<Cell><Data ss:Type="Number">-10.09</Data></Cell>
			<Cell><Data ss:Type="Number">0.27</Data></Cell>
			<Cell><Data ss:Type="Number">-9.45</Data></Cell>
			<Cell><Data ss:Type="Number">-0.03</Data></Cell>
			<Cell><Data ss:Type="Number">-0.96</Data></Cell>
			<Cell><Data ss:Type="Number">23</Data></Cell>
			<Cell><Data ss:Type="Number">39.1</Data></Cell>
			<Cell><Data ss:Type="Number">0</Data></Cell>
			<Cell><Data ss:Type="Number">0</Data></Cell>
			<Cell><Data ss:Type="String">2023-12-07 16:50:04.276844</Data></Cell>
		</Row>
		<Row>
			<Cell><Data ss:Type="String">1387</Data></Cell>
			<Cell><Data ss:Type="Number">0.74</Data></Cell>
			<Cell><Data ss:Type="Number">-9.67</Data></Cell>
			<Cell><Data ss:Type="Number">0.1</Data></Cell>
			<Cell><Data ss:Type="Number">-9.51</Data></Cell>
			<Cell><Data ss:Type="Number">-0.1</Data></Cell>
			<Cell><Data ss:Type="Number">-0.89</Data></Cell>
			<Cell><Data ss:Type="Number">23</Data></Cell>
			<Cell><Data ss:Type="Number">39.1</Data></Cell>
			<Cell><Data ss:Type="Number">0</Data></Cell>
			<Cell><Data ss:Type="Number">0</Data></Cell>
			<Cell><Data ss:Type="String">2023-12-07 16:50:04.060391</Data></Cell>
		</Row>
		<Row>
			<Cell><Data ss:Type="String">1386</Data></Cell>
			<Cell><Data ss:Type="Number">0.34</Data></Cell>
			<Cell><Data ss:Type="Number">-9.87</Data></Cell>
			<Cell><Data ss:Type="Number">-0.06</Data></Cell>
			<Cell><Data ss:Type="Number">-9.47</Data></Cell>
			<Cell><Data ss:Type="Number">-0.05</Data></Cell>
			<Cell><Data ss:Type="Number">-0.95</Data></Cell>
			<Cell><Data ss:Type="Number">23</Data></Cell>
			<Cell><Data ss:Type="Number">39.1</Data></Cell>
			<Cell><Data ss:Type="Number">0</Data></Cell>
			<Cell><Data ss:Type="Number">0</Data></Cell>
			<Cell><Data ss:Type="String">2023-12-07 16:50:04.003248</Data></Cell>
		</Row>
		<Row>
			<Cell><Data ss:Type="String">1385</Data></Cell>
			<Cell><Data ss:Type="Number">-0.07</Data></Cell>
			<Cell><Data ss:Type="Number">-10.01</Data></Cell>
			<Cell><Data ss:Type="Number">0.18</Data></Cell>
			<Cell><Data ss:Type="Number">-9.41</Data></Cell>
			<Cell><Data ss:Type="Number">-0.09</Data></Cell>
			<Cell><Data ss:Type="Number">-0.93</Data></Cell>
			<Cell><Data ss:Type="Number">23</Data></Cell>
			<Cell><Data ss:Type="Number">39.1</Data></Cell>
			<Cell><Data ss:Type="Number">0</Data></Cell>
			<Cell><Data ss:Type="Number">0</Data></Cell>
			<Cell><Data ss:Type="String">2023-12-07 16:50:03.958078</Data></Cell>
		</Row>
		<Row>
			<Cell><Data ss:Type="String">1384</Data></Cell>
			<Cell><Data ss:Type="Number">-0.08</Data></Cell>
			<Cell><Data ss:Type="Number">-10.49</Data></Cell>
			<Cell><Data ss:Type="Number">0.24</Data></Cell>
			<Cell><Data ss:Type="Number">-9.62</Data></Cell>
			<Cell><Data ss:Type="Number">-0.04</Data></Cell>
			<Cell><Data ss:Type="Number">-0.87</Data></Cell>
			<Cell><Data ss:Type="Number">23</Data></Cell>
			<Cell><Data ss:Type="Number">39.1</Data></Cell>
			<Cell><Data ss:Type="Number">0</Data></Cell>
			<Cell><Data ss:Type="Number">0</Data></Cell>
			<Cell><Data ss:Type="String">2023-12-07 16:50:03.956279</Data></Cell>
		</Row>
		<Row>
			<Cell><Data ss:Type="String">1383</Data></Cell>
			<Cell><Data ss:Type="Number">0.17</Data></Cell>
			<Cell><Data ss:Type="Number">-10.24</Data></Cell>
			<Cell><Data ss:Type="Number">0.52</Data></Cell>
			<Cell><Data ss:Type="Number">-9.48</Data></Cell>
			<Cell><Data ss:Type="Number">-0.07</Data></Cell>
			<Cell><Data ss:Type="Number">-0.9</Data></Cell>
			<Cell><Data ss:Type="Number">23</Data></Cell>
			<Cell><Data ss:Type="Number">39.1</Data></Cell>
			<Cell><Data ss:Type="Number">0</Data></Cell>
			<Cell><Data ss:Type="Number">0</Data></Cell>
			<Cell><Data ss:Type="String">2023-12-07 16:50:03.910018</Data></Cell>
		</Row>
		<Row>
			<Cell><Data ss:Type="String">1382</Data></Cell>
			<Cell><Data ss:Type="Number">0.04</Data></Cell>
			<Cell><Data ss:Type="Number">-9.86</Data></Cell>
			<Cell><Data ss:Type="Number">0.28</Data></Cell>
			<Cell><Data ss:Type="Number">-9.38</Data></Cell>
			<Cell><Data ss:Type="Number">-0.05</Data></Cell>
			<Cell><Data ss:Type="Number">-0.95</Data></Cell>
			<Cell><Data ss:Type="Number">23</Data></Cell>
			<Cell><Data ss:Type="Number">39.1</Data></Cell>
			<Cell><Data ss:Type="Number">0</Data></Cell>
			<Cell><Data ss:Type="Number">0</Data></Cell>
			<Cell><Data ss:Type="String">2023-12-07 16:50:03.868742</Data></Cell>
		</Row>
		<Row>
			<Cell><Data ss:Type="String">1381</Data></Cell>
			<Cell><Data ss:Type="Number">0.65</Data></Cell>
			<Cell><Data ss:Type="Number">-10</Data></Cell>
			<Cell><Data ss:Type="Number">0.1</Data></Cell>
			<Cell><Data ss:Type="Number">-9.5</Data></Cell>
			<Cell><Data ss:Type="Number">-0.09</Data></Cell>
			<Cell><Data ss:Type="Number">-0.97</Data></Cell>
			<Cell><Data ss:Type="Number">23</Data></Cell>
			<Cell><Data ss:Type="Number">39.1</Data></Cell>
			<Cell><Data ss:Type="Number">0</Data></Cell>
			<Cell><Data ss:Type="Number">0</Data></Cell>
			<Cell><Data ss:Type="String">2023-12-07 16:50:03.866360</Data></Cell>
		</Row>
		<Row>
			<Cell><Data ss:Type="String">1380</Data></Cell>
			<Cell><Data ss:Type="Number">-0.21</Data></Cell>
			<Cell><Data ss:Type="Number">-10.19</Data></Cell>
			<Cell><Data ss:Type="Number">-0.18</Data></Cell>
			<Cell><Data ss:Type="Number">-9.53</Data></Cell>
			<Cell><Data ss:Type="Number">0.01</Data></Cell>
			<Cell><Data ss:Type="Number">-0.88</Data></Cell>
			<Cell><Data ss:Type="Number">23</Data></Cell>
			<Cell><Data ss:Type="Number">39.1</Data></Cell>
			<Cell><Data ss:Type="Number">0</Data></Cell>
			<Cell><Data ss:Type="Number">0</Data></Cell>
			<Cell><Data ss:Type="String">2023-12-07 16:50:03.818643</Data></Cell>
		</Row>
		<Row>
			<Cell><Data ss:Type="String">1379</Data></Cell>
			<Cell><Data ss:Type="Number">0.25</Data></Cell>
			<Cell><Data ss:Type="Number">-10.03</Data></Cell>
			<Cell><Data ss:Type="Number">0.42</Data></Cell>
			<Cell><Data ss:Type="Number">-9.38</Data></Cell>
			<Cell><Data ss:Type="Number">-0.1</Data></Cell>
			<Cell><Data ss:Type="Number">-0.92</Data></Cell>
			<Cell><Data ss:Type="Number">23</Data></Cell>
			<Cell><Data ss:Type="Number">39.1</Data></Cell>
			<Cell><Data ss:Type="Number">0</Data></Cell>
			<Cell><Data ss:Type="Number">0</Data></Cell>
			<Cell><Data ss:Type="String">2023-12-07 16:50:03.775153</Data></Cell>
		</Row>
		<Row>
			<Cell><Data ss:Type="String">1378</Data></Cell>
			<Cell><Data ss:Type="Number">0.42</Data></Cell>
			<Cell><Data ss:Type="Number">-10.03</Data></Cell>
			<Cell><Data ss:Type="Number">0.2</Data></Cell>
			<Cell><Data ss:Type="Number">-9.48</Data></Cell>
			<Cell><Data ss:Type="Number">-0.08</Data></Cell>
			<Cell><Data ss:Type="Number">-0.87</Data></Cell>
			<Cell><Data ss:Type="Number">23</Data></Cell>
			<Cell><Data ss:Type="Number">39.1</Data></Cell>
			<Cell><Data ss:Type="Number">0</Data></Cell>
			<Cell><Data ss:Type="Number">0</Data></Cell>
			<Cell><Data ss:Type="String">2023-12-07 16:50:03.728649</Data></Cell>
		</Row>
		<Row>
			<Cell><Data ss:Type="String">1377</Data></Cell>
			<Cell><Data ss:Type="Number">0.36</Data></Cell>
			<Cell><Data ss:Type="Number">-9.99</Data></Cell>
			<Cell><Data ss:Type="Number">0.19</Data></Cell>
			<Cell><Data ss:Type="Number">-9.45</Data></Cell>
			<Cell><Data ss:Type="Number">-0.1</Data></Cell>
			<Cell><Data ss:Type="Number">-0.92</Data></Cell>
			<Cell><Data ss:Type="Number">23</Data></Cell>
			<Cell><Data ss:Type="Number">39.1</Data></Cell>
			<Cell><Data ss:Type="Number">0</Data></Cell>
			<Cell><Data ss:Type="Number">0</Data></Cell>
			<Cell><Data ss:Type="String">2023-12-07 16:50:03.726632</Data></Cell>
		</Row>
		<Row>
			<Cell><Data ss:Type="String">1376</Data></Cell>
			<Cell><Data ss:Type="Number">0.08</Data></Cell>
			<Cell><Data ss:Type="Number">-9.53</Data></Cell>
			<Cell><Data ss:Type="Number">0.1</Data></Cell>
			<Cell><Data ss:Type="Number">-9.5</Data></Cell>
			<Cell><Data ss:Type="Number">-0.11</Data></Cell>
			<Cell><Data ss:Type="Number">-0.86</Data></Cell>
			<Cell><Data ss:Type="Number">23</Data></Cell>
			<Cell><Data ss:Type="Number">39.1</Data></Cell>
			<Cell><Data ss:Type="Number">0</Data></Cell>
			<Cell><Data ss:Type="Number">0</Data></Cell>
			<Cell><Data ss:Type="String">2023-12-07 16:50:03.682044</Data></Cell>
		</Row>
		<Row>
			<Cell><Data ss:Type="String">1375</Data></Cell>
			<Cell><Data ss:Type="Number">0.04</Data></Cell>
			<Cell><Data ss:Type="Number">-10.48</Data></Cell>
			<Cell><Data ss:Type="Number">0.14</Data></Cell>
			<Cell><Data ss:Type="Number">-9.66</Data></Cell>
			<Cell><Data ss:Type="Number">-0.05</Data></Cell>
			<Cell><Data ss:Type="Number">-0.95</Data></Cell>
			<Cell><Data ss:Type="Number">23</Data></Cell>
			<Cell><Data ss:Type="Number">39.1</Data></Cell>
			<Cell><Data ss:Type="Number">0</Data></Cell>
			<Cell><Data ss:Type="Number">0</Data></Cell>
			<Cell><Data ss:Type="String">2023-12-07 16:50:03.679848</Data></Cell>
		</Row>
		<Row>
			<Cell><Data ss:Type="String">1374</Data></Cell>
			<Cell><Data ss:Type="Number">0.5</Data></Cell>
			<Cell><Data ss:Type="Number">-10.34</Data></Cell>
			<Cell><Data ss:Type="Number">0.25</Data></Cell>
			<Cell><Data ss:Type="Number">-9.49</Data></Cell>
			<Cell><Data ss:Type="Number">-0.06</Data></Cell>
			<Cell><Data ss:Type="Number">-0.92</Data></Cell>
			<Cell><Data ss:Type="Number">23</Data></Cell>
			<Cell><Data ss:Type="Number">39.1</Data></Cell>
			<Cell><Data ss:Type="Number">0</Data></Cell>
			<Cell><Data ss:Type="Number">0</Data></Cell>
			<Cell><Data ss:Type="String">2023-12-07 16:50:03.677599</Data></Cell>
		</Row>
		<Row>
			<Cell><Data ss:Type="String">1373</Data></Cell>
			<Cell><Data ss:Type="Number">0.38</Data></Cell>
			<Cell><Data ss:Type="Number">-9.57</Data></Cell>
			<Cell><Data ss:Type="Number">0.14</Data></Cell>
			<Cell><Data ss:Type="Number">-9.4</Data></Cell>
			<Cell><Data ss:Type="Number">-0.11</Data></Cell>
			<Cell><Data ss:Type="Number">-0.93</Data></Cell>
			<Cell><Data ss:Type="Number">23</Data></Cell>
			<Cell><Data ss:Type="Number">39.1</Data></Cell>
			<Cell><Data ss:Type="Number">0</Data></Cell>
			<Cell><Data ss:Type="Number">0</Data></Cell>
			<Cell><Data ss:Type="String">2023-12-07 16:50:03.675561</Data></Cell>
		</Row>
		<Row>
			<Cell><Data ss:Type="String">1372</Data></Cell>
			<Cell><Data ss:Type="Number">0.42</Data></Cell>
			<Cell><Data ss:Type="Number">-9.44</Data></Cell>
			<Cell><Data ss:Type="Number">0.32</Data></Cell>
			<Cell><Data ss:Type="Number">-9.43</Data></Cell>
			<Cell><Data ss:Type="Number">-0.13</Data></Cell>
			<Cell><Data ss:Type="Number">-0.97</Data></Cell>
			<Cell><Data ss:Type="Number">23</Data></Cell>
			<Cell><Data ss:Type="Number">39.1</Data></Cell>
			<Cell><Data ss:Type="Number">0</Data></Cell>
			<Cell><Data ss:Type="Number">0</Data></Cell>
			<Cell><Data ss:Type="String">2023-12-07 16:50:03.673425</Data></Cell>
		</Row>
		<Row>
			<Cell><Data ss:Type="String">1371</Data></Cell>
			<Cell><Data ss:Type="Number">0.61</Data></Cell>
			<Cell><Data ss:Type="Number">-10.26</Data></Cell>
			<Cell><Data ss:Type="Number">0.05</Data></Cell>
			<Cell><Data ss:Type="Number">-9.49</Data></Cell>
			<Cell><Data ss:Type="Number">-0.12</Data></Cell>
			<Cell><Data ss:Type="Number">-0.87</Data></Cell>
			<Cell><Data ss:Type="Number">23</Data></Cell>
			<Cell><Data ss:Type="Number">39.1</Data></Cell>
			<Cell><Data ss:Type="Number">0</Data></Cell>
			<Cell><Data ss:Type="Number">0</Data></Cell>
			<Cell><Data ss:Type="String">2023-12-07 16:50:03.669561</Data></Cell>
		</Row>
		<Row>
			<Cell><Data ss:Type="String">1370</Data></Cell>
			<Cell><Data ss:Type="Number">0.54</Data></Cell>
			<Cell><Data ss:Type="Number">-9.02</Data></Cell>
			<Cell><Data ss:Type="Number">-0.08</Data></Cell>
			<Cell><Data ss:Type="Number">-9.37</Data></Cell>
			<Cell><Data ss:Type="Number">-0.01</Data></Cell>
			<Cell><Data ss:Type="Number">-0.89</Data></Cell>
			<Cell><Data ss:Type="Number">23</Data></Cell>
			<Cell><Data ss:Type="Number">39.1</Data></Cell>
			<Cell><Data ss:Type="Number">0</Data></Cell>
			<Cell><Data ss:Type="Number">0</Data></Cell>
			<Cell><Data ss:Type="String">2023-12-07 16:50:03.453892</Data></Cell>
		</Row>
		<Row>
			<Cell><Data ss:Type="String">1369</Data></Cell>
			<Cell><Data ss:Type="Number">0.22</Data></Cell>
			<Cell><Data ss:Type="Number">-9.52</Data></Cell>
			<Cell><Data ss:Type="Number">-0.03</Data></Cell>
			<Cell><Data ss:Type="Number">-9.54</Data></Cell>
			<Cell><Data ss:Type="Number">-0.07</Data></Cell>
			<Cell><Data ss:Type="Number">-0.95</Data></Cell>
			<Cell><Data ss:Type="Number">23</Data></Cell>
			<Cell><Data ss:Type="Number">39.1</Data></Cell>
			<Cell><Data ss:Type="Number">0</Data></Cell>
			<Cell><Data ss:Type="Number">0</Data></Cell>
			<Cell><Data ss:Type="String">2023-12-07 16:50:03.451139</Data></Cell>
		</Row>
		<Row>
			<Cell><Data ss:Type="String">1368</Data></Cell>
			<Cell><Data ss:Type="Number">0.03</Data></Cell>
			<Cell><Data ss:Type="Number">-10.22</Data></Cell>
			<Cell><Data ss:Type="Number">-0.09</Data></Cell>
			<Cell><Data ss:Type="Number">-9.45</Data></Cell>
			<Cell><Data ss:Type="Number">-0.06</Data></Cell>
			<Cell><Data ss:Type="Number">-0.9</Data></Cell>
			<Cell><Data ss:Type="Number">23</Data></Cell>
			<Cell><Data ss:Type="Number">39.1</Data></Cell>
			<Cell><Data ss:Type="Number">0</Data></Cell>
			<Cell><Data ss:Type="Number">0</Data></Cell>
			<Cell><Data ss:Type="String">2023-12-07 16:50:03.406366</Data></Cell>
		</Row>
		<Row>
			<Cell><Data ss:Type="String">1367</Data></Cell>
			<Cell><Data ss:Type="Number">0.59</Data></Cell>
			<Cell><Data ss:Type="Number">-10.4</Data></Cell>
			<Cell><Data ss:Type="Number">0.05</Data></Cell>
			<Cell><Data ss:Type="Number">-9.49</Data></Cell>
			<Cell><Data ss:Type="Number">-0.13</Data></Cell>
			<Cell><Data ss:Type="Number">-0.9</Data></Cell>
			<Cell><Data ss:Type="Number">23</Data></Cell>
			<Cell><Data ss:Type="Number">39.1</Data></Cell>
			<Cell><Data ss:Type="Number">0</Data></Cell>
			<Cell><Data ss:Type="Number">0</Data></Cell>
			<Cell><Data ss:Type="String">2023-12-07 16:50:03.359609</Data></Cell>
		</Row>
		<Row>
			<Cell><Data ss:Type="String">1366</Data></Cell>
			<Cell><Data ss:Type="Number">0.77</Data></Cell>
			<Cell><Data ss:Type="Number">-10.09</Data></Cell>
			<Cell><Data ss:Type="Number">0.48</Data></Cell>
			<Cell><Data ss:Type="Number">-9.46</Data></Cell>
			<Cell><Data ss:Type="Number">-0.11</Data></Cell>
			<Cell><Data ss:Type="Number">-0.92</Data></Cell>
			<Cell><Data ss:Type="Number">23</Data></Cell>
			<Cell><Data ss:Type="Number">39.1</Data></Cell>
			<Cell><Data ss:Type="Number">0</Data></Cell>
			<Cell><Data ss:Type="Number">0</Data></Cell>
			<Cell><Data ss:Type="String">2023-12-07 16:50:03.357258</Data></Cell>
		</Row>
		<Row>
			<Cell><Data ss:Type="String">1365</Data></Cell>
			<Cell><Data ss:Type="Number">0.48</Data></Cell>
			<Cell><Data ss:Type="Number">-10.46</Data></Cell>
			<Cell><Data ss:Type="Number">0.2</Data></Cell>
			<Cell><Data ss:Type="Number">-9.55</Data></Cell>
			<Cell><Data ss:Type="Number">-0.18</Data></Cell>
			<Cell><Data ss:Type="Number">-0.83</Data></Cell>
			<Cell><Data ss:Type="Number">23</Data></Cell>
			<Cell><Data ss:Type="Number">39.1</Data></Cell>
			<Cell><Data ss:Type="Number">0</Data></Cell>
			<Cell><Data ss:Type="Number">0</Data></Cell>
			<Cell><Data ss:Type="String">2023-12-07 16:50:03.291366</Data></Cell>
		</Row>
		<Row>
			<Cell><Data ss:Type="String">1364</Data></Cell>
			<Cell><Data ss:Type="Number">-0.14</Data></Cell>
			<Cell><Data ss:Type="Number">-10.25</Data></Cell>
			<Cell><Data ss:Type="Number">-0.09</Data></Cell>
			<Cell><Data ss:Type="Number">-9.49</Data></Cell>
			<Cell><Data ss:Type="Number">0.04</Data></Cell>
			<Cell><Data ss:Type="Number">-0.98</Data></Cell>
			<Cell><Data ss:Type="Number">23</Data></Cell>
			<Cell><Data ss:Type="Number">39.1</Data></Cell>
			<Cell><Data ss:Type="Number">0</Data></Cell>
			<Cell><Data ss:Type="Number">0</Data></Cell>
			<Cell><Data ss:Type="String">2023-12-07 16:50:03.289225</Data></Cell>
		</Row>
		<Row>
			<Cell><Data ss:Type="String">1363</Data></Cell>
			<Cell><Data ss:Type="Number">0.81</Data></Cell>
			<Cell><Data ss:Type="Number">-9.97</Data></Cell>
			<Cell><Data ss:Type="Number">0.52</Data></Cell>
			<Cell><Data ss:Type="Number">-9.22</Data></Cell>
			<Cell><Data ss:Type="Number">0.03</Data></Cell>
			<Cell><Data ss:Type="Number">-0.87</Data></Cell>
			<Cell><Data ss:Type="Number">23</Data></Cell>
			<Cell><Data ss:Type="Number">39.1</Data></Cell>
			<Cell><Data ss:Type="Number">0</Data></Cell>
			<Cell><Data ss:Type="Number">0</Data></Cell>
			<Cell><Data ss:Type="String">2023-12-07 16:50:03.286318</Data></Cell>
		</Row>
		<Row>
			<Cell><Data ss:Type="String">1362</Data></Cell>
			<Cell><Data ss:Type="Number">-0.2</Data></Cell>
			<Cell><Data ss:Type="Number">-10.61</Data></Cell>
			<Cell><Data ss:Type="Number">0.53</Data></Cell>
			<Cell><Data ss:Type="Number">-9.7</Data></Cell>
			<Cell><Data ss:Type="Number">-0.33</Data></Cell>
			<Cell><Data ss:Type="Number">-0.86</Data></Cell>
			<Cell><Data ss:Type="Number">23</Data></Cell>
			<Cell><Data ss:Type="Number">39.1</Data></Cell>
			<Cell><Data ss:Type="Number">0</Data></Cell>
			<Cell><Data ss:Type="Number">0</Data></Cell>
			<Cell><Data ss:Type="String">2023-12-07 16:50:03.284191</Data></Cell>
		</Row>
		<Row>
			<Cell><Data ss:Type="String">1361</Data></Cell>
			<Cell><Data ss:Type="Number">0.48</Data></Cell>
			<Cell><Data ss:Type="Number">-9.82</Data></Cell>
			<Cell><Data ss:Type="Number">-0.05</Data></Cell>
			<Cell><Data ss:Type="Number">-9.5</Data></Cell>
			<Cell><Data ss:Type="Number">-0.22</Data></Cell>
			<Cell><Data ss:Type="Number">-0.95</Data></Cell>
			<Cell><Data ss:Type="Number">23</Data></Cell>
			<Cell><Data ss:Type="Number">39.1</Data></Cell>
			<Cell><Data ss:Type="Number">0</Data></Cell>
			<Cell><Data ss:Type="Number">0</Data></Cell>
			<Cell><Data ss:Type="String">2023-12-07 16:50:03.282444</Data></Cell>
		</Row>
		<Row>
			<Cell><Data ss:Type="String">1360</Data></Cell>
			<Cell><Data ss:Type="Number">-1.28</Data></Cell>
			<Cell><Data ss:Type="Number">-9.85</Data></Cell>
			<Cell><Data ss:Type="Number">-0.61</Data></Cell>
			<Cell><Data ss:Type="Number">-9.34</Data></Cell>
			<Cell><Data ss:Type="Number">0.77</Data></Cell>
			<Cell><Data ss:Type="Number">-0.89</Data></Cell>
			<Cell><Data ss:Type="Number">23</Data></Cell>
			<Cell><Data ss:Type="Number">39.1</Data></Cell>
			<Cell><Data ss:Type="Number">0</Data></Cell>
			<Cell><Data ss:Type="Number">0</Data></Cell>
			<Cell><Data ss:Type="String">2023-12-07 16:50:03.280429</Data></Cell>
		</Row>
		<Row>
			<Cell><Data ss:Type="String">1359</Data></Cell>
			<Cell><Data ss:Type="Number">0.63</Data></Cell>
			<Cell><Data ss:Type="Number">-9.88</Data></Cell>
			<Cell><Data ss:Type="Number">-0.12</Data></Cell>
			<Cell><Data ss:Type="Number">-9.46</Data></Cell>
			<Cell><Data ss:Type="Number">0.04</Data></Cell>
			<Cell><Data ss:Type="Number">-1.21</Data></Cell>
			<Cell><Data ss:Type="Number">23</Data></Cell>
			<Cell><Data ss:Type="Number">39.1</Data></Cell>
			<Cell><Data ss:Type="Number">0</Data></Cell>
			<Cell><Data ss:Type="Number">0</Data></Cell>
			<Cell><Data ss:Type="String">2023-12-07 16:50:03.278424</Data></Cell>
		</Row>
		<Row>
			<Cell><Data ss:Type="String">1358</Data></Cell>
			<Cell><Data ss:Type="Number">-2.89</Data></Cell>
			<Cell><Data ss:Type="Number">-9.42</Data></Cell>
			<Cell><Data ss:Type="Number">1.16</Data></Cell>
			<Cell><Data ss:Type="Number">-9.33</Data></Cell>
			<Cell><Data ss:Type="Number">-1.4</Data></Cell>
			<Cell><Data ss:Type="Number">-0.73</Data></Cell>
			<Cell><Data ss:Type="Number">23</Data></Cell>
			<Cell><Data ss:Type="Number">39.1</Data></Cell>
			<Cell><Data ss:Type="Number">0</Data></Cell>
			<Cell><Data ss:Type="Number">0</Data></Cell>
			<Cell><Data ss:Type="String">2023-12-07 16:50:03.049699</Data></Cell>
		</Row>
		<Row>
			<Cell><Data ss:Type="String">1357</Data></Cell>
			<Cell><Data ss:Type="Number">0.31</Data></Cell>
			<Cell><Data ss:Type="Number">-11.37</Data></Cell>
			<Cell><Data ss:Type="Number">-0.13</Data></Cell>
			<Cell><Data ss:Type="Number">-11.41</Data></Cell>
			<Cell><Data ss:Type="Number">1.01</Data></Cell>
			<Cell><Data ss:Type="Number">-1.27</Data></Cell>
			<Cell><Data ss:Type="Number">23</Data></Cell>
			<Cell><Data ss:Type="Number">39.1</Data></Cell>
			<Cell><Data ss:Type="Number">0</Data></Cell>
			<Cell><Data ss:Type="Number">0</Data></Cell>
			<Cell><Data ss:Type="String">2023-12-07 16:50:03.045563</Data></Cell>
		</Row>
		<Row>
			<Cell><Data ss:Type="String">1356</Data></Cell>
			<Cell><Data ss:Type="Number">0.28</Data></Cell>
			<Cell><Data ss:Type="Number">-10.24</Data></Cell>
			<Cell><Data ss:Type="Number">0.22</Data></Cell>
			<Cell><Data ss:Type="Number">-9.51</Data></Cell>
			<Cell><Data ss:Type="Number">-0.08</Data></Cell>
			<Cell><Data ss:Type="Number">-0.89</Data></Cell>
			<Cell><Data ss:Type="Number">23</Data></Cell>
			<Cell><Data ss:Type="Number">39.1</Data></Cell>
			<Cell><Data ss:Type="Number">0</Data></Cell>
			<Cell><Data ss:Type="Number">0</Data></Cell>
			<Cell><Data ss:Type="String">2023-12-07 16:50:02.992136</Data></Cell>
		</Row>
		<Row>
			<Cell><Data ss:Type="String">1355</Data></Cell>
			<Cell><Data ss:Type="Number">0.24</Data></Cell>
			<Cell><Data ss:Type="Number">-10.01</Data></Cell>
			<Cell><Data ss:Type="Number">0.18</Data></Cell>
			<Cell><Data ss:Type="Number">-9.42</Data></Cell>
			<Cell><Data ss:Type="Number">-0.06</Data></Cell>
			<Cell><Data ss:Type="Number">-0.91</Data></Cell>
			<Cell><Data ss:Type="Number">23</Data></Cell>
			<Cell><Data ss:Type="Number">39.1</Data></Cell>
			<Cell><Data ss:Type="Number">0</Data></Cell>
			<Cell><Data ss:Type="Number">0</Data></Cell>
			<Cell><Data ss:Type="String">2023-12-07 16:50:02.949628</Data></Cell>
		</Row>
		<Row>
			<Cell><Data ss:Type="String">1354</Data></Cell>
			<Cell><Data ss:Type="Number">0.26</Data></Cell>
			<Cell><Data ss:Type="Number">-9.93</Data></Cell>
			<Cell><Data ss:Type="Number">0.1</Data></Cell>
			<Cell><Data ss:Type="Number">-9.44</Data></Cell>
			<Cell><Data ss:Type="Number">-0.06</Data></Cell>
			<Cell><Data ss:Type="Number">-0.92</Data></Cell>
			<Cell><Data ss:Type="Number">23</Data></Cell>
			<Cell><Data ss:Type="Number">39.1</Data></Cell>
			<Cell><Data ss:Type="Number">0</Data></Cell>
			<Cell><Data ss:Type="Number">0</Data></Cell>
			<Cell><Data ss:Type="String">2023-12-07 16:50:02.892090</Data></Cell>
		</Row>
		<Row>
			<Cell><Data ss:Type="String">1353</Data></Cell>
			<Cell><Data ss:Type="Number">0.28</Data></Cell>
			<Cell><Data ss:Type="Number">-9.99</Data></Cell>
			<Cell><Data ss:Type="Number">0.1</Data></Cell>
			<Cell><Data ss:Type="Number">-9.47</Data></Cell>
			<Cell><Data ss:Type="Number">-0.09</Data></Cell>
			<Cell><Data ss:Type="Number">-0.93</Data></Cell>
			<Cell><Data ss:Type="Number">23</Data></Cell>
			<Cell><Data ss:Type="Number">39.1</Data></Cell>
			<Cell><Data ss:Type="Number">0</Data></Cell>
			<Cell><Data ss:Type="Number">0</Data></Cell>
			<Cell><Data ss:Type="String">2023-12-07 16:50:02.858650</Data></Cell>
		</Row>
		<Row>
			<Cell><Data ss:Type="String">1352</Data></Cell>
			<Cell><Data ss:Type="Number">0.26</Data></Cell>
			<Cell><Data ss:Type="Number">-10.1</Data></Cell>
			<Cell><Data ss:Type="Number">0.06</Data></Cell>
			<Cell><Data ss:Type="Number">-9.51</Data></Cell>
			<Cell><Data ss:Type="Number">-0.08</Data></Cell>
			<Cell><Data ss:Type="Number">-0.93</Data></Cell>
			<Cell><Data ss:Type="Number">23</Data></Cell>
			<Cell><Data ss:Type="Number">39.1</Data></Cell>
			<Cell><Data ss:Type="Number">0</Data></Cell>
			<Cell><Data ss:Type="Number">0</Data></Cell>
			<Cell><Data ss:Type="String">2023-12-07 16:50:02.856615</Data></Cell>
		</Row>
		<Row>
			<Cell><Data ss:Type="String">1351</Data></Cell>
			<Cell><Data ss:Type="Number">0.27</Data></Cell>
			<Cell><Data ss:Type="Number">-10.19</Data></Cell>
			<Cell><Data ss:Type="Number">0.18</Data></Cell>
			<Cell><Data ss:Type="Number">-9.5</Data></Cell>
			<Cell><Data ss:Type="Number">-0.06</Data></Cell>
			<Cell><Data ss:Type="Number">-0.89</Data></Cell>
			<Cell><Data ss:Type="Number">23</Data></Cell>
			<Cell><Data ss:Type="Number">39.1</Data></Cell>
			<Cell><Data ss:Type="Number">0</Data></Cell>
			<Cell><Data ss:Type="Number">0</Data></Cell>
			<Cell><Data ss:Type="String">2023-12-07 16:50:02.810298</Data></Cell>
		</Row>
		<Row>
			<Cell><Data ss:Type="String">1350</Data></Cell>
			<Cell><Data ss:Type="Number">0.32</Data></Cell>
			<Cell><Data ss:Type="Number">-10.16</Data></Cell>
			<Cell><Data ss:Type="Number">0.2</Data></Cell>
			<Cell><Data ss:Type="Number">-9.48</Data></Cell>
			<Cell><Data ss:Type="Number">-0.07</Data></Cell>
			<Cell><Data ss:Type="Number">-0.89</Data></Cell>
			<Cell><Data ss:Type="Number">23</Data></Cell>
			<Cell><Data ss:Type="Number">39.1</Data></Cell>
			<Cell><Data ss:Type="Number">0</Data></Cell>
			<Cell><Data ss:Type="Number">0</Data></Cell>
			<Cell><Data ss:Type="String">2023-12-07 16:50:02.769099</Data></Cell>
		</Row>
		<Row>
			<Cell><Data ss:Type="String">1349</Data></Cell>
			<Cell><Data ss:Type="Number">0.26</Data></Cell>
			<Cell><Data ss:Type="Number">-10.05</Data></Cell>
			<Cell><Data ss:Type="Number">0.28</Data></Cell>
			<Cell><Data ss:Type="Number">-9.43</Data></Cell>
			<Cell><Data ss:Type="Number">-0.06</Data></Cell>
			<Cell><Data ss:Type="Number">-0.93</Data></Cell>
			<Cell><Data ss:Type="Number">23</Data></Cell>
			<Cell><Data ss:Type="Number">39.1</Data></Cell>
			<Cell><Data ss:Type="Number">0</Data></Cell>
			<Cell><Data ss:Type="Number">0</Data></Cell>
			<Cell><Data ss:Type="String">2023-12-07 16:50:02.767149</Data></Cell>
		</Row>
		<Row>
			<Cell><Data ss:Type="String">1348</Data></Cell>
			<Cell><Data ss:Type="Number">0.3</Data></Cell>
			<Cell><Data ss:Type="Number">-10.08</Data></Cell>
			<Cell><Data ss:Type="Number">0.17</Data></Cell>
			<Cell><Data ss:Type="Number">-9.46</Data></Cell>
			<Cell><Data ss:Type="Number">-0.09</Data></Cell>
			<Cell><Data ss:Type="Number">-0.93</Data></Cell>
			<Cell><Data ss:Type="Number">23</Data></Cell>
			<Cell><Data ss:Type="Number">39.1</Data></Cell>
			<Cell><Data ss:Type="Number">0</Data></Cell>
			<Cell><Data ss:Type="Number">0</Data></Cell>
			<Cell><Data ss:Type="String">2023-12-07 16:50:02.718960</Data></Cell>
		</Row>
		<Row>
			<Cell><Data ss:Type="String">1347</Data></Cell>
			<Cell><Data ss:Type="Number">0.22</Data></Cell>
			<Cell><Data ss:Type="Number">-10.09</Data></Cell>
			<Cell><Data ss:Type="Number">0.08</Data></Cell>
			<Cell><Data ss:Type="Number">-9.52</Data></Cell>
			<Cell><Data ss:Type="Number">-0.06</Data></Cell>
			<Cell><Data ss:Type="Number">-0.91</Data></Cell>
			<Cell><Data ss:Type="Number">23</Data></Cell>
			<Cell><Data ss:Type="Number">39.1</Data></Cell>
			<Cell><Data ss:Type="Number">0</Data></Cell>
			<Cell><Data ss:Type="Number">0</Data></Cell>
			<Cell><Data ss:Type="String">2023-12-07 16:50:02.673424</Data></Cell>
		</Row>
		<Row>
			<Cell><Data ss:Type="String">1346</Data></Cell>
			<Cell><Data ss:Type="Number">0.44</Data></Cell>
			<Cell><Data ss:Type="Number">-10</Data></Cell>
			<Cell><Data ss:Type="Number">0.1</Data></Cell>
			<Cell><Data ss:Type="Number">-9.5</Data></Cell>
			<Cell><Data ss:Type="Number">-0.09</Data></Cell>
			<Cell><Data ss:Type="Number">-0.93</Data></Cell>
			<Cell><Data ss:Type="Number">23</Data></Cell>
			<Cell><Data ss:Type="Number">39.1</Data></Cell>
			<Cell><Data ss:Type="Number">0</Data></Cell>
			<Cell><Data ss:Type="Number">0</Data></Cell>
			<Cell><Data ss:Type="String">2023-12-07 16:50:02.638197</Data></Cell>
		</Row>
		<Row>
			<Cell><Data ss:Type="String">1345</Data></Cell>
			<Cell><Data ss:Type="Number">0.29</Data></Cell>
			<Cell><Data ss:Type="Number">-10.24</Data></Cell>
			<Cell><Data ss:Type="Number">0.18</Data></Cell>
			<Cell><Data ss:Type="Number">-9.53</Data></Cell>
			<Cell><Data ss:Type="Number">-0.08</Data></Cell>
			<Cell><Data ss:Type="Number">-0.91</Data></Cell>
			<Cell><Data ss:Type="Number">23</Data></Cell>
			<Cell><Data ss:Type="Number">39.1</Data></Cell>
			<Cell><Data ss:Type="Number">0</Data></Cell>
			<Cell><Data ss:Type="Number">0</Data></Cell>
			<Cell><Data ss:Type="String">2023-12-07 16:50:02.635290</Data></Cell>
		</Row>
		<Row>
			<Cell><Data ss:Type="String">1344</Data></Cell>
			<Cell><Data ss:Type="Number">0.31</Data></Cell>
			<Cell><Data ss:Type="Number">-10.21</Data></Cell>
			<Cell><Data ss:Type="Number">0.19</Data></Cell>
			<Cell><Data ss:Type="Number">-9.5</Data></Cell>
			<Cell><Data ss:Type="Number">-0.07</Data></Cell>
			<Cell><Data ss:Type="Number">-0.87</Data></Cell>
			<Cell><Data ss:Type="Number">23</Data></Cell>
			<Cell><Data ss:Type="Number">39.1</Data></Cell>
			<Cell><Data ss:Type="Number">0</Data></Cell>
			<Cell><Data ss:Type="Number">0</Data></Cell>
			<Cell><Data ss:Type="String">2023-12-07 16:50:02.631274</Data></Cell>
		</Row>
		<Row>
			<Cell><Data ss:Type="String">1343</Data></Cell>
			<Cell><Data ss:Type="Number">0.27</Data></Cell>
			<Cell><Data ss:Type="Number">-10.05</Data></Cell>
			<Cell><Data ss:Type="Number">0.13</Data></Cell>
			<Cell><Data ss:Type="Number">-9.43</Data></Cell>
			<Cell><Data ss:Type="Number">-0.06</Data></Cell>
			<Cell><Data ss:Type="Number">-0.89</Data></Cell>
			<Cell><Data ss:Type="Number">23</Data></Cell>
			<Cell><Data ss:Type="Number">39.1</Data></Cell>
			<Cell><Data ss:Type="Number">0</Data></Cell>
			<Cell><Data ss:Type="Number">0</Data></Cell>
			<Cell><Data ss:Type="String">2023-12-07 16:50:02.627408</Data></Cell>
		</Row>
		<Row>
			<Cell><Data ss:Type="String">1342</Data></Cell>
			<Cell><Data ss:Type="Number">0.25</Data></Cell>
			<Cell><Data ss:Type="Number">-10.06</Data></Cell>
			<Cell><Data ss:Type="Number">0.17</Data></Cell>
			<Cell><Data ss:Type="Number">-9.44</Data></Cell>
			<Cell><Data ss:Type="Number">-0.08</Data></Cell>
			<Cell><Data ss:Type="Number">-0.94</Data></Cell>
			<Cell><Data ss:Type="Number">23</Data></Cell>
			<Cell><Data ss:Type="Number">39.1</Data></Cell>
			<Cell><Data ss:Type="Number">0</Data></Cell>
			<Cell><Data ss:Type="Number">0</Data></Cell>
			<Cell><Data ss:Type="String">2023-12-07 16:50:02.621743</Data></Cell>
		</Row>
		<Row>
			<Cell><Data ss:Type="String">1341</Data></Cell>
			<Cell><Data ss:Type="Number">0.28</Data></Cell>
			<Cell><Data ss:Type="Number">-10.04</Data></Cell>
			<Cell><Data ss:Type="Number">0.11</Data></Cell>
			<Cell><Data ss:Type="Number">-9.45</Data></Cell>
			<Cell><Data ss:Type="Number">-0.07</Data></Cell>
			<Cell><Data ss:Type="Number">-0.92</Data></Cell>
			<Cell><Data ss:Type="Number">23</Data></Cell>
			<Cell><Data ss:Type="Number">39.1</Data></Cell>
			<Cell><Data ss:Type="Number">0</Data></Cell>
			<Cell><Data ss:Type="Number">0</Data></Cell>
			<Cell><Data ss:Type="String">2023-12-07 16:50:02.617030</Data></Cell>
		</Row>
		<Row>
			<Cell><Data ss:Type="String">1340</Data></Cell>
			<Cell><Data ss:Type="Number">0.32</Data></Cell>
			<Cell><Data ss:Type="Number">-10.13</Data></Cell>
			<Cell><Data ss:Type="Number">0.12</Data></Cell>
			<Cell><Data ss:Type="Number">-9.51</Data></Cell>
			<Cell><Data ss:Type="Number">-0.08</Data></Cell>
			<Cell><Data ss:Type="Number">-0.92</Data></Cell>
			<Cell><Data ss:Type="Number">23</Data></Cell>
			<Cell><Data ss:Type="Number">39.1</Data></Cell>
			<Cell><Data ss:Type="Number">0</Data></Cell>
			<Cell><Data ss:Type="Number">0</Data></Cell>
			<Cell><Data ss:Type="String">2023-12-07 16:50:02.442091</Data></Cell>
		</Row>
		<Row>
			<Cell><Data ss:Type="String">1339</Data></Cell>
			<Cell><Data ss:Type="Number">0.26</Data></Cell>
			<Cell><Data ss:Type="Number">-10.19</Data></Cell>
			<Cell><Data ss:Type="Number">0.19</Data></Cell>
			<Cell><Data ss:Type="Number">-9.54</Data></Cell>
			<Cell><Data ss:Type="Number">-0.06</Data></Cell>
			<Cell><Data ss:Type="Number">-0.9</Data></Cell>
			<Cell><Data ss:Type="Number">23</Data></Cell>
			<Cell><Data ss:Type="Number">39.1</Data></Cell>
			<Cell><Data ss:Type="Number">0</Data></Cell>
			<Cell><Data ss:Type="Number">0</Data></Cell>
			<Cell><Data ss:Type="String">2023-12-07 16:50:02.439686</Data></Cell>
		</Row>
		<Row>
			<Cell><Data ss:Type="String">1338</Data></Cell>
			<Cell><Data ss:Type="Number">0.24</Data></Cell>
			<Cell><Data ss:Type="Number">-10.02</Data></Cell>
			<Cell><Data ss:Type="Number">-0.1</Data></Cell>
			<Cell><Data ss:Type="Number">-9.48</Data></Cell>
			<Cell><Data ss:Type="Number">-0.06</Data></Cell>
			<Cell><Data ss:Type="Number">-0.91</Data></Cell>
			<Cell><Data ss:Type="Number">23</Data></Cell>
			<Cell><Data ss:Type="Number">39.1</Data></Cell>
			<Cell><Data ss:Type="Number">0</Data></Cell>
			<Cell><Data ss:Type="Number">0</Data></Cell>
			<Cell><Data ss:Type="String">2023-12-07 16:50:02.436850</Data></Cell>
		</Row>
		<Row>
			<Cell><Data ss:Type="String">1337</Data></Cell>
			<Cell><Data ss:Type="Number">0.27</Data></Cell>
			<Cell><Data ss:Type="Number">-10.02</Data></Cell>
			<Cell><Data ss:Type="Number">0.14</Data></Cell>
			<Cell><Data ss:Type="Number">-9.45</Data></Cell>
			<Cell><Data ss:Type="Number">-0.08</Data></Cell>
			<Cell><Data ss:Type="Number">-0.95</Data></Cell>
			<Cell><Data ss:Type="Number">23</Data></Cell>
			<Cell><Data ss:Type="Number">39.1</Data></Cell>
			<Cell><Data ss:Type="Number">0</Data></Cell>
			<Cell><Data ss:Type="Number">0</Data></Cell>
			<Cell><Data ss:Type="String">2023-12-07 16:50:02.434127</Data></Cell>
		</Row>
		<Row>
			<Cell><Data ss:Type="String">1336</Data></Cell>
			<Cell><Data ss:Type="Number">0.28</Data></Cell>
			<Cell><Data ss:Type="Number">-10</Data></Cell>
			<Cell><Data ss:Type="Number">0.21</Data></Cell>
			<Cell><Data ss:Type="Number">-9.45</Data></Cell>
			<Cell><Data ss:Type="Number">-0.1</Data></Cell>
			<Cell><Data ss:Type="Number">-0.95</Data></Cell>
			<Cell><Data ss:Type="Number">23</Data></Cell>
			<Cell><Data ss:Type="Number">39.1</Data></Cell>
			<Cell><Data ss:Type="Number">0</Data></Cell>
			<Cell><Data ss:Type="Number">0</Data></Cell>
			<Cell><Data ss:Type="String">2023-12-07 16:50:02.292007</Data></Cell>
		</Row>
		<Row>
			<Cell><Data ss:Type="String">1335</Data></Cell>
			<Cell><Data ss:Type="Number">0.29</Data></Cell>
			<Cell><Data ss:Type="Number">-10.15</Data></Cell>
			<Cell><Data ss:Type="Number">0.15</Data></Cell>
			<Cell><Data ss:Type="Number">-9.53</Data></Cell>
			<Cell><Data ss:Type="Number">-0.07</Data></Cell>
			<Cell><Data ss:Type="Number">-0.92</Data></Cell>
			<Cell><Data ss:Type="Number">23</Data></Cell>
			<Cell><Data ss:Type="Number">39.1</Data></Cell>
			<Cell><Data ss:Type="Number">0</Data></Cell>
			<Cell><Data ss:Type="Number">0</Data></Cell>
			<Cell><Data ss:Type="String">2023-12-07 16:50:02.289537</Data></Cell>
		</Row>
		<Row>
			<Cell><Data ss:Type="String">1334</Data></Cell>
			<Cell><Data ss:Type="Number">0.25</Data></Cell>
			<Cell><Data ss:Type="Number">-10.16</Data></Cell>
			<Cell><Data ss:Type="Number">0.18</Data></Cell>
			<Cell><Data ss:Type="Number">-9.51</Data></Cell>
			<Cell><Data ss:Type="Number">-0.07</Data></Cell>
			<Cell><Data ss:Type="Number">-0.94</Data></Cell>
			<Cell><Data ss:Type="Number">23</Data></Cell>
			<Cell><Data ss:Type="Number">39.1</Data></Cell>
			<Cell><Data ss:Type="Number">0</Data></Cell>
			<Cell><Data ss:Type="Number">0</Data></Cell>
			<Cell><Data ss:Type="String">2023-12-07 16:50:02.244916</Data></Cell>
		</Row>
		<Row>
			<Cell><Data ss:Type="String">1333</Data></Cell>
			<Cell><Data ss:Type="Number">0.3</Data></Cell>
			<Cell><Data ss:Type="Number">-10.23</Data></Cell>
			<Cell><Data ss:Type="Number">0.14</Data></Cell>
			<Cell><Data ss:Type="Number">-9.44</Data></Cell>
			<Cell><Data ss:Type="Number">-0.05</Data></Cell>
			<Cell><Data ss:Type="Number">-0.89</Data></Cell>
			<Cell><Data ss:Type="Number">23</Data></Cell>
			<Cell><Data ss:Type="Number">39.1</Data></Cell>
			<Cell><Data ss:Type="Number">0</Data></Cell>
			<Cell><Data ss:Type="Number">0</Data></Cell>
			<Cell><Data ss:Type="String">2023-12-07 16:50:02.197554</Data></Cell>
		</Row>
		<Row>
			<Cell><Data ss:Type="String">1332</Data></Cell>
			<Cell><Data ss:Type="Number">0.33</Data></Cell>
			<Cell><Data ss:Type="Number">-10.06</Data></Cell>
			<Cell><Data ss:Type="Number">0.1</Data></Cell>
			<Cell><Data ss:Type="Number">-9.45</Data></Cell>
			<Cell><Data ss:Type="Number">-0.13</Data></Cell>
			<Cell><Data ss:Type="Number">-1</Data></Cell>
			<Cell><Data ss:Type="Number">23</Data></Cell>
			<Cell><Data ss:Type="Number">39.1</Data></Cell>
			<Cell><Data ss:Type="Number">0</Data></Cell>
			<Cell><Data ss:Type="Number">0</Data></Cell>
			<Cell><Data ss:Type="String">2023-12-07 16:50:02.194908</Data></Cell>
		</Row>
		<Row>
			<Cell><Data ss:Type="String">1331</Data></Cell>
			<Cell><Data ss:Type="Number">0.2</Data></Cell>
			<Cell><Data ss:Type="Number">-10.04</Data></Cell>
			<Cell><Data ss:Type="Number">0.18</Data></Cell>
			<Cell><Data ss:Type="Number">-9.48</Data></Cell>
			<Cell><Data ss:Type="Number">-0.03</Data></Cell>
			<Cell><Data ss:Type="Number">-0.89</Data></Cell>
			<Cell><Data ss:Type="Number">23</Data></Cell>
			<Cell><Data ss:Type="Number">39.1</Data></Cell>
			<Cell><Data ss:Type="Number">0</Data></Cell>
			<Cell><Data ss:Type="Number">0</Data></Cell>
			<Cell><Data ss:Type="String">2023-12-07 16:50:02.148817</Data></Cell>
		</Row>
		<Row>
			<Cell><Data ss:Type="String">1330</Data></Cell>
			<Cell><Data ss:Type="Number">0.63</Data></Cell>
			<Cell><Data ss:Type="Number">-10.22</Data></Cell>
			<Cell><Data ss:Type="Number">0.05</Data></Cell>
			<Cell><Data ss:Type="Number">-9.54</Data></Cell>
			<Cell><Data ss:Type="Number">-0.02</Data></Cell>
			<Cell><Data ss:Type="Number">-0.95</Data></Cell>
			<Cell><Data ss:Type="Number">23</Data></Cell>
			<Cell><Data ss:Type="Number">39.1</Data></Cell>
			<Cell><Data ss:Type="Number">0</Data></Cell>
			<Cell><Data ss:Type="Number">0</Data></Cell>
			<Cell><Data ss:Type="String">2023-12-07 16:50:02.102634</Data></Cell>
		</Row>
		<Row>
			<Cell><Data ss:Type="String">1329</Data></Cell>
			<Cell><Data ss:Type="Number">0.41</Data></Cell>
			<Cell><Data ss:Type="Number">-10.01</Data></Cell>
			<Cell><Data ss:Type="Number">0.14</Data></Cell>
			<Cell><Data ss:Type="Number">-9.47</Data></Cell>
			<Cell><Data ss:Type="Number">-0.11</Data></Cell>
			<Cell><Data ss:Type="Number">-0.88</Data></Cell>
			<Cell><Data ss:Type="Number">23</Data></Cell>
			<Cell><Data ss:Type="Number">39.1</Data></Cell>
			<Cell><Data ss:Type="Number">0</Data></Cell>
			<Cell><Data ss:Type="Number">0</Data></Cell>
			<Cell><Data ss:Type="String">2023-12-07 16:50:02.064850</Data></Cell>
		</Row>
		<Row>
			<Cell><Data ss:Type="String">1328</Data></Cell>
			<Cell><Data ss:Type="Number">0.53</Data></Cell>
			<Cell><Data ss:Type="Number">-9.96</Data></Cell>
			<Cell><Data ss:Type="Number">0.28</Data></Cell>
			<Cell><Data ss:Type="Number">-9.41</Data></Cell>
			<Cell><Data ss:Type="Number">-0.29</Data></Cell>
			<Cell><Data ss:Type="Number">-0.88</Data></Cell>
			<Cell><Data ss:Type="Number">23</Data></Cell>
			<Cell><Data ss:Type="Number">39.1</Data></Cell>
			<Cell><Data ss:Type="Number">0</Data></Cell>
			<Cell><Data ss:Type="Number">0</Data></Cell>
			<Cell><Data ss:Type="String">2023-12-07 16:50:02.062904</Data></Cell>
		</Row>
		<Row>
			<Cell><Data ss:Type="String">1327</Data></Cell>
			<Cell><Data ss:Type="Number">-0.26</Data></Cell>
			<Cell><Data ss:Type="Number">-10.03</Data></Cell>
			<Cell><Data ss:Type="Number">-0.23</Data></Cell>
			<Cell><Data ss:Type="Number">-9.5</Data></Cell>
			<Cell><Data ss:Type="Number">0.2</Data></Cell>
			<Cell><Data ss:Type="Number">-1.01</Data></Cell>
			<Cell><Data ss:Type="Number">23</Data></Cell>
			<Cell><Data ss:Type="Number">39.1</Data></Cell>
			<Cell><Data ss:Type="Number">0</Data></Cell>
			<Cell><Data ss:Type="Number">0</Data></Cell>
			<Cell><Data ss:Type="String">2023-12-07 16:50:02.061030</Data></Cell>
		</Row>
		<Row>
			<Cell><Data ss:Type="String">1326</Data></Cell>
			<Cell><Data ss:Type="Number">0.66</Data></Cell>
			<Cell><Data ss:Type="Number">-9.99</Data></Cell>
			<Cell><Data ss:Type="Number">0.23</Data></Cell>
			<Cell><Data ss:Type="Number">-9.49</Data></Cell>
			<Cell><Data ss:Type="Number">-0.07</Data></Cell>
			<Cell><Data ss:Type="Number">-0.91</Data></Cell>
			<Cell><Data ss:Type="Number">23</Data></Cell>
			<Cell><Data ss:Type="Number">39.1</Data></Cell>
			<Cell><Data ss:Type="Number">0</Data></Cell>
			<Cell><Data ss:Type="Number">0</Data></Cell>
			<Cell><Data ss:Type="String">2023-12-07 16:50:02.059014</Data></Cell>
		</Row>
		<Row>
			<Cell><Data ss:Type="String">1325</Data></Cell>
			<Cell><Data ss:Type="Number">1.12</Data></Cell>
			<Cell><Data ss:Type="Number">-10.16</Data></Cell>
			<Cell><Data ss:Type="Number">0.62</Data></Cell>
			<Cell><Data ss:Type="Number">-9.52</Data></Cell>
			<Cell><Data ss:Type="Number">-0.67</Data></Cell>
			<Cell><Data ss:Type="Number">-0.88</Data></Cell>
			<Cell><Data ss:Type="Number">23</Data></Cell>
			<Cell><Data ss:Type="Number">39.1</Data></Cell>
			<Cell><Data ss:Type="Number">0</Data></Cell>
			<Cell><Data ss:Type="Number">0</Data></Cell>
			<Cell><Data ss:Type="String">2023-12-07 16:50:02.056761</Data></Cell>
		</Row>
		<Row>
			<Cell><Data ss:Type="String">1324</Data></Cell>
			<Cell><Data ss:Type="Number">-0.73</Data></Cell>
			<Cell><Data ss:Type="Number">-10.33</Data></Cell>
			<Cell><Data ss:Type="Number">-0.2</Data></Cell>
			<Cell><Data ss:Type="Number">-9.55</Data></Cell>
			<Cell><Data ss:Type="Number">0.12</Data></Cell>
			<Cell><Data ss:Type="Number">-0.95</Data></Cell>
			<Cell><Data ss:Type="Number">23</Data></Cell>
			<Cell><Data ss:Type="Number">39.1</Data></Cell>
			<Cell><Data ss:Type="Number">0</Data></Cell>
			<Cell><Data ss:Type="Number">0</Data></Cell>
			<Cell><Data ss:Type="String">2023-12-07 16:50:02.054382</Data></Cell>
		</Row>
		<Row>
			<Cell><Data ss:Type="String">1323</Data></Cell>
			<Cell><Data ss:Type="Number">-0.52</Data></Cell>
			<Cell><Data ss:Type="Number">-10.18</Data></Cell>
			<Cell><Data ss:Type="Number">-0.35</Data></Cell>
			<Cell><Data ss:Type="Number">-9.53</Data></Cell>
			<Cell><Data ss:Type="Number">1.23</Data></Cell>
			<Cell><Data ss:Type="Number">-0.87</Data></Cell>
			<Cell><Data ss:Type="Number">23</Data></Cell>
			<Cell><Data ss:Type="Number">39.1</Data></Cell>
			<Cell><Data ss:Type="Number">0</Data></Cell>
			<Cell><Data ss:Type="Number">0</Data></Cell>
			<Cell><Data ss:Type="String">2023-12-07 16:50:02.052133</Data></Cell>
		</Row>
		<Row>
			<Cell><Data ss:Type="String">1322</Data></Cell>
			<Cell><Data ss:Type="Number">2.24</Data></Cell>
			<Cell><Data ss:Type="Number">-9.79</Data></Cell>
			<Cell><Data ss:Type="Number">3</Data></Cell>
			<Cell><Data ss:Type="Number">-9.82</Data></Cell>
			<Cell><Data ss:Type="Number">-2.58</Data></Cell>
			<Cell><Data ss:Type="Number">-0.25</Data></Cell>
			<Cell><Data ss:Type="Number">23</Data></Cell>
			<Cell><Data ss:Type="Number">39.1</Data></Cell>
			<Cell><Data ss:Type="Number">0</Data></Cell>
			<Cell><Data ss:Type="Number">0</Data></Cell>
			<Cell><Data ss:Type="String">2023-12-07 16:50:01.827519</Data></Cell>
		</Row>
		<Row>
			<Cell><Data ss:Type="String">1321</Data></Cell>
			<Cell><Data ss:Type="Number">-0.12</Data></Cell>
			<Cell><Data ss:Type="Number">-11.85</Data></Cell>
			<Cell><Data ss:Type="Number">0.01</Data></Cell>
			<Cell><Data ss:Type="Number">-9.87</Data></Cell>
			<Cell><Data ss:Type="Number">-0.02</Data></Cell>
			<Cell><Data ss:Type="Number">-0.93</Data></Cell>
			<Cell><Data ss:Type="Number">23</Data></Cell>
			<Cell><Data ss:Type="Number">39.1</Data></Cell>
			<Cell><Data ss:Type="Number">0</Data></Cell>
			<Cell><Data ss:Type="Number">0</Data></Cell>
			<Cell><Data ss:Type="String">2023-12-07 16:50:01.825562</Data></Cell>
		</Row>
		<Row>
			<Cell><Data ss:Type="String">1320</Data></Cell>
			<Cell><Data ss:Type="Number">0.34</Data></Cell>
			<Cell><Data ss:Type="Number">-10.56</Data></Cell>
			<Cell><Data ss:Type="Number">0.06</Data></Cell>
			<Cell><Data ss:Type="Number">-9.59</Data></Cell>
			<Cell><Data ss:Type="Number">-0.1</Data></Cell>
			<Cell><Data ss:Type="Number">-0.91</Data></Cell>
			<Cell><Data ss:Type="Number">23</Data></Cell>
			<Cell><Data ss:Type="Number">39.1</Data></Cell>
			<Cell><Data ss:Type="Number">0</Data></Cell>
			<Cell><Data ss:Type="Number">0</Data></Cell>
			<Cell><Data ss:Type="String">2023-12-07 16:50:01.823520</Data></Cell>
		</Row>
		<Row>
			<Cell><Data ss:Type="String">1319</Data></Cell>
			<Cell><Data ss:Type="Number">0.45</Data></Cell>
			<Cell><Data ss:Type="Number">-9.78</Data></Cell>
			<Cell><Data ss:Type="Number">0.22</Data></Cell>
			<Cell><Data ss:Type="Number">-9.39</Data></Cell>
			<Cell><Data ss:Type="Number">-0.1</Data></Cell>
			<Cell><Data ss:Type="Number">-0.89</Data></Cell>
			<Cell><Data ss:Type="Number">23</Data></Cell>
			<Cell><Data ss:Type="Number">39.1</Data></Cell>
			<Cell><Data ss:Type="Number">0</Data></Cell>
			<Cell><Data ss:Type="Number">0</Data></Cell>
			<Cell><Data ss:Type="String">2023-12-07 16:50:01.820869</Data></Cell>
		</Row>
		<Row>
			<Cell><Data ss:Type="String">1318</Data></Cell>
			<Cell><Data ss:Type="Number">0.53</Data></Cell>
			<Cell><Data ss:Type="Number">-10.02</Data></Cell>
			<Cell><Data ss:Type="Number">0.25</Data></Cell>
			<Cell><Data ss:Type="Number">-9.42</Data></Cell>
			<Cell><Data ss:Type="Number">0.03</Data></Cell>
			<Cell><Data ss:Type="Number">-0.88</Data></Cell>
			<Cell><Data ss:Type="Number">23</Data></Cell>
			<Cell><Data ss:Type="Number">39.1</Data></Cell>
			<Cell><Data ss:Type="Number">0</Data></Cell>
			<Cell><Data ss:Type="Number">0</Data></Cell>
			<Cell><Data ss:Type="String">2023-12-07 16:50:01.711137</Data></Cell>
		</Row>
		<Row>
			<Cell><Data ss:Type="String">1317</Data></Cell>
			<Cell><Data ss:Type="Number">0.21</Data></Cell>
			<Cell><Data ss:Type="Number">-10.14</Data></Cell>
			<Cell><Data ss:Type="Number">-0.15</Data></Cell>
			<Cell><Data ss:Type="Number">-9.45</Data></Cell>
			<Cell><Data ss:Type="Number">-0.09</Data></Cell>
			<Cell><Data ss:Type="Number">-1.01</Data></Cell>
			<Cell><Data ss:Type="Number">23</Data></Cell>
			<Cell><Data ss:Type="Number">39.1</Data></Cell>
			<Cell><Data ss:Type="Number">0</Data></Cell>
			<Cell><Data ss:Type="Number">0</Data></Cell>
			<Cell><Data ss:Type="String">2023-12-07 16:50:01.708306</Data></Cell>
		</Row>
		<Row>
			<Cell><Data ss:Type="String">1316</Data></Cell>
			<Cell><Data ss:Type="Number">-0.02</Data></Cell>
			<Cell><Data ss:Type="Number">-9.77</Data></Cell>
			<Cell><Data ss:Type="Number">0.22</Data></Cell>
			<Cell><Data ss:Type="Number">-9.31</Data></Cell>
			<Cell><Data ss:Type="Number">-0.01</Data></Cell>
			<Cell><Data ss:Type="Number">-0.93</Data></Cell>
			<Cell><Data ss:Type="Number">23</Data></Cell>
			<Cell><Data ss:Type="Number">39.1</Data></Cell>
			<Cell><Data ss:Type="Number">0</Data></Cell>
			<Cell><Data ss:Type="Number">0</Data></Cell>
			<Cell><Data ss:Type="String">2023-12-07 16:50:01.704908</Data></Cell>
		</Row>
		<Row>
			<Cell><Data ss:Type="String">1315</Data></Cell>
			<Cell><Data ss:Type="Number">0.54</Data></Cell>
			<Cell><Data ss:Type="Number">-10.24</Data></Cell>
			<Cell><Data ss:Type="Number">-0.26</Data></Cell>
			<Cell><Data ss:Type="Number">-9.52</Data></Cell>
			<Cell><Data ss:Type="Number">-0.07</Data></Cell>
			<Cell><Data ss:Type="Number">-0.92</Data></Cell>
			<Cell><Data ss:Type="Number">22.9</Data></Cell>
			<Cell><Data ss:Type="Number">39.1</Data></Cell>
			<Cell><Data ss:Type="Number">0</Data></Cell>
			<Cell><Data ss:Type="Number">0</Data></Cell>
			<Cell><Data ss:Type="String">2023-12-07 16:50:01.701494</Data></Cell>
		</Row>
		<Row>
			<Cell><Data ss:Type="String">1314</Data></Cell>
			<Cell><Data ss:Type="Number">0.02</Data></Cell>
			<Cell><Data ss:Type="Number">-10.16</Data></Cell>
			<Cell><Data ss:Type="Number">0.32</Data></Cell>
			<Cell><Data ss:Type="Number">-9.58</Data></Cell>
			<Cell><Data ss:Type="Number">-0.03</Data></Cell>
			<Cell><Data ss:Type="Number">-0.89</Data></Cell>
			<Cell><Data ss:Type="Number">22.9</Data></Cell>
			<Cell><Data ss:Type="Number">39.1</Data></Cell>
			<Cell><Data ss:Type="Number">0</Data></Cell>
			<Cell><Data ss:Type="Number">0</Data></Cell>
			<Cell><Data ss:Type="String">2023-12-07 16:50:01.698749</Data></Cell>
		</Row>
		<Row>
			<Cell><Data ss:Type="String">1313</Data></Cell>
			<Cell><Data ss:Type="Number">0.21</Data></Cell>
			<Cell><Data ss:Type="Number">-9.84</Data></Cell>
			<Cell><Data ss:Type="Number">0.11</Data></Cell>
			<Cell><Data ss:Type="Number">-9.51</Data></Cell>
			<Cell><Data ss:Type="Number">-0.04</Data></Cell>
			<Cell><Data ss:Type="Number">-0.88</Data></Cell>
			<Cell><Data ss:Type="Number">22.9</Data></Cell>
			<Cell><Data ss:Type="Number">39.1</Data></Cell>
			<Cell><Data ss:Type="Number">0</Data></Cell>
			<Cell><Data ss:Type="Number">0</Data></Cell>
			<Cell><Data ss:Type="String">2023-12-07 16:50:01.696160</Data></Cell>
		</Row>
		<Row>
			<Cell><Data ss:Type="String">1312</Data></Cell>
			<Cell><Data ss:Type="Number">0.35</Data></Cell>
			<Cell><Data ss:Type="Number">-9.87</Data></Cell>
			<Cell><Data ss:Type="Number">0.08</Data></Cell>
			<Cell><Data ss:Type="Number">-9.28</Data></Cell>
			<Cell><Data ss:Type="Number">-0.08</Data></Cell>
			<Cell><Data ss:Type="Number">-0.91</Data></Cell>
			<Cell><Data ss:Type="Number">22.9</Data></Cell>
			<Cell><Data ss:Type="Number">39.1</Data></Cell>
			<Cell><Data ss:Type="Number">0</Data></Cell>
			<Cell><Data ss:Type="Number">0</Data></Cell>
			<Cell><Data ss:Type="String">2023-12-07 16:50:01.693241</Data></Cell>
		</Row>
		<Row>
			<Cell><Data ss:Type="String">1311</Data></Cell>
			<Cell><Data ss:Type="Number">0.39</Data></Cell>
			<Cell><Data ss:Type="Number">-10.49</Data></Cell>
			<Cell><Data ss:Type="Number">0.55</Data></Cell>
			<Cell><Data ss:Type="Number">-9.56</Data></Cell>
			<Cell><Data ss:Type="Number">-0.09</Data></Cell>
			<Cell><Data ss:Type="Number">-0.88</Data></Cell>
			<Cell><Data ss:Type="Number">22.9</Data></Cell>
			<Cell><Data ss:Type="Number">39.1</Data></Cell>
			<Cell><Data ss:Type="Number">0</Data></Cell>
			<Cell><Data ss:Type="Number">0</Data></Cell>
			<Cell><Data ss:Type="String">2023-12-07 16:50:01.447301</Data></Cell>
		</Row>
		<Row>
			<Cell><Data ss:Type="String">1310</Data></Cell>
			<Cell><Data ss:Type="Number">0.2</Data></Cell>
			<Cell><Data ss:Type="Number">-10.19</Data></Cell>
			<Cell><Data ss:Type="Number">-0.07</Data></Cell>
			<Cell><Data ss:Type="Number">-9.62</Data></Cell>
			<Cell><Data ss:Type="Number">-0.11</Data></Cell>
			<Cell><Data ss:Type="Number">-0.94</Data></Cell>
			<Cell><Data ss:Type="Number">22.9</Data></Cell>
			<Cell><Data ss:Type="Number">39.1</Data></Cell>
			<Cell><Data ss:Type="Number">0</Data></Cell>
			<Cell><Data ss:Type="Number">0</Data></Cell>
			<Cell><Data ss:Type="String">2023-12-07 16:50:01.445675</Data></Cell>
		</Row>
		<Row>
			<Cell><Data ss:Type="String">1309</Data></Cell>
			<Cell><Data ss:Type="Number">-0.13</Data></Cell>
			<Cell><Data ss:Type="Number">-10.41</Data></Cell>
			<Cell><Data ss:Type="Number">0.04</Data></Cell>
			<Cell><Data ss:Type="Number">-9.41</Data></Cell>
			<Cell><Data ss:Type="Number">-0.03</Data></Cell>
			<Cell><Data ss:Type="Number">-0.92</Data></Cell>
			<Cell><Data ss:Type="Number">22.9</Data></Cell>
			<Cell><Data ss:Type="Number">39.1</Data></Cell>
			<Cell><Data ss:Type="Number">0</Data></Cell>
			<Cell><Data ss:Type="Number">0</Data></Cell>
			<Cell><Data ss:Type="String">2023-12-07 16:50:01.398766</Data></Cell>
		</Row>
		<Row>
			<Cell><Data ss:Type="String">1308</Data></Cell>
			<Cell><Data ss:Type="Number">0.21</Data></Cell>
			<Cell><Data ss:Type="Number">-10.61</Data></Cell>
			<Cell><Data ss:Type="Number">-0.13</Data></Cell>
			<Cell><Data ss:Type="Number">-9.47</Data></Cell>
			<Cell><Data ss:Type="Number">-0.04</Data></Cell>
			<Cell><Data ss:Type="Number">-0.95</Data></Cell>
			<Cell><Data ss:Type="Number">22.9</Data></Cell>
			<Cell><Data ss:Type="Number">39.1</Data></Cell>
			<Cell><Data ss:Type="Number">0</Data></Cell>
			<Cell><Data ss:Type="Number">0</Data></Cell>
			<Cell><Data ss:Type="String">2023-12-07 16:50:01.357339</Data></Cell>
		</Row>
		<Row>
			<Cell><Data ss:Type="String">1307</Data></Cell>
			<Cell><Data ss:Type="Number">0.45</Data></Cell>
			<Cell><Data ss:Type="Number">-9.97</Data></Cell>
			<Cell><Data ss:Type="Number">-0.15</Data></Cell>
			<Cell><Data ss:Type="Number">-9.48</Data></Cell>
			<Cell><Data ss:Type="Number">-0.05</Data></Cell>
			<Cell><Data ss:Type="Number">-0.93</Data></Cell>
			<Cell><Data ss:Type="Number">22.9</Data></Cell>
			<Cell><Data ss:Type="Number">39.1</Data></Cell>
			<Cell><Data ss:Type="Number">0</Data></Cell>
			<Cell><Data ss:Type="Number">0</Data></Cell>
			<Cell><Data ss:Type="String">2023-12-07 16:50:01.352955</Data></Cell>
		</Row>
		<Row>
			<Cell><Data ss:Type="String">1306</Data></Cell>
			<Cell><Data ss:Type="Number">0.1</Data></Cell>
			<Cell><Data ss:Type="Number">-10.54</Data></Cell>
			<Cell><Data ss:Type="Number">-0.4</Data></Cell>
			<Cell><Data ss:Type="Number">-9.63</Data></Cell>
			<Cell><Data ss:Type="Number">0.02</Data></Cell>
			<Cell><Data ss:Type="Number">-0.95</Data></Cell>
			<Cell><Data ss:Type="Number">22.9</Data></Cell>
			<Cell><Data ss:Type="Number">39.1</Data></Cell>
			<Cell><Data ss:Type="Number">0</Data></Cell>
			<Cell><Data ss:Type="Number">0</Data></Cell>
			<Cell><Data ss:Type="String">2023-12-07 16:50:01.307394</Data></Cell>
		</Row>
		<Row>
			<Cell><Data ss:Type="String">1305</Data></Cell>
			<Cell><Data ss:Type="Number">0.24</Data></Cell>
			<Cell><Data ss:Type="Number">-10.08</Data></Cell>
			<Cell><Data ss:Type="Number">0.34</Data></Cell>
			<Cell><Data ss:Type="Number">-9.33</Data></Cell>
			<Cell><Data ss:Type="Number">-0.01</Data></Cell>
			<Cell><Data ss:Type="Number">-0.89</Data></Cell>
			<Cell><Data ss:Type="Number">22.9</Data></Cell>
			<Cell><Data ss:Type="Number">39.1</Data></Cell>
			<Cell><Data ss:Type="Number">0</Data></Cell>
			<Cell><Data ss:Type="Number">0</Data></Cell>
			<Cell><Data ss:Type="String">2023-12-07 16:50:01.261105</Data></Cell>
		</Row>
		<Row>
			<Cell><Data ss:Type="String">1304</Data></Cell>
			<Cell><Data ss:Type="Number">0.69</Data></Cell>
			<Cell><Data ss:Type="Number">-9.8</Data></Cell>
			<Cell><Data ss:Type="Number">0.24</Data></Cell>
			<Cell><Data ss:Type="Number">-9.53</Data></Cell>
			<Cell><Data ss:Type="Number">-0.11</Data></Cell>
			<Cell><Data ss:Type="Number">-1.02</Data></Cell>
			<Cell><Data ss:Type="Number">22.9</Data></Cell>
			<Cell><Data ss:Type="Number">39.1</Data></Cell>
			<Cell><Data ss:Type="Number">0</Data></Cell>
			<Cell><Data ss:Type="Number">0</Data></Cell>
			<Cell><Data ss:Type="String">2023-12-07 16:50:01.217051</Data></Cell>
		</Row>
		<Row>
			<Cell><Data ss:Type="String">1303</Data></Cell>
			<Cell><Data ss:Type="Number">0.63</Data></Cell>
			<Cell><Data ss:Type="Number">-9.86</Data></Cell>
			<Cell><Data ss:Type="Number">0.33</Data></Cell>
			<Cell><Data ss:Type="Number">-9.53</Data></Cell>
			<Cell><Data ss:Type="Number">-0</Data></Cell>
			<Cell><Data ss:Type="Number">-0.88</Data></Cell>
			<Cell><Data ss:Type="Number">22.9</Data></Cell>
			<Cell><Data ss:Type="Number">39.1</Data></Cell>
			<Cell><Data ss:Type="Number">0</Data></Cell>
			<Cell><Data ss:Type="Number">0</Data></Cell>
			<Cell><Data ss:Type="String">2023-12-07 16:50:01.215417</Data></Cell>
		</Row>
		<Row>
			<Cell><Data ss:Type="String">1302</Data></Cell>
			<Cell><Data ss:Type="Number">0.54</Data></Cell>
			<Cell><Data ss:Type="Number">-10.21</Data></Cell>
			<Cell><Data ss:Type="Number">-0.1</Data></Cell>
			<Cell><Data ss:Type="Number">-9.52</Data></Cell>
			<Cell><Data ss:Type="Number">-0.12</Data></Cell>
			<Cell><Data ss:Type="Number">-0.93</Data></Cell>
			<Cell><Data ss:Type="Number">22.9</Data></Cell>
			<Cell><Data ss:Type="Number">39.1</Data></Cell>
			<Cell><Data ss:Type="Number">0</Data></Cell>
			<Cell><Data ss:Type="Number">0</Data></Cell>
			<Cell><Data ss:Type="String">2023-12-07 16:50:01.213747</Data></Cell>
		</Row>
		<Row>
			<Cell><Data ss:Type="String">1301</Data></Cell>
			<Cell><Data ss:Type="Number">0.69</Data></Cell>
			<Cell><Data ss:Type="Number">-10.38</Data></Cell>
			<Cell><Data ss:Type="Number">0.37</Data></Cell>
			<Cell><Data ss:Type="Number">-9.7</Data></Cell>
			<Cell><Data ss:Type="Number">-0.04</Data></Cell>
			<Cell><Data ss:Type="Number">-0.9</Data></Cell>
			<Cell><Data ss:Type="Number">22.9</Data></Cell>
			<Cell><Data ss:Type="Number">39.1</Data></Cell>
			<Cell><Data ss:Type="Number">0</Data></Cell>
			<Cell><Data ss:Type="Number">0</Data></Cell>
			<Cell><Data ss:Type="String">2023-12-07 16:50:01.212048</Data></Cell>
		</Row>
		<Row>
			<Cell><Data ss:Type="String">1300</Data></Cell>
			<Cell><Data ss:Type="Number">0.54</Data></Cell>
			<Cell><Data ss:Type="Number">-9.89</Data></Cell>
			<Cell><Data ss:Type="Number">0.22</Data></Cell>
			<Cell><Data ss:Type="Number">-9.48</Data></Cell>
			<Cell><Data ss:Type="Number">-0.12</Data></Cell>
			<Cell><Data ss:Type="Number">-0.89</Data></Cell>
			<Cell><Data ss:Type="Number">22.9</Data></Cell>
			<Cell><Data ss:Type="Number">39.1</Data></Cell>
			<Cell><Data ss:Type="Number">0</Data></Cell>
			<Cell><Data ss:Type="Number">0</Data></Cell>
			<Cell><Data ss:Type="String">2023-12-07 16:50:01.210251</Data></Cell>
		</Row>
		<Row>
			<Cell><Data ss:Type="String">1299</Data></Cell>
			<Cell><Data ss:Type="Number">0.41</Data></Cell>
			<Cell><Data ss:Type="Number">-9.63</Data></Cell>
			<Cell><Data ss:Type="Number">0.09</Data></Cell>
			<Cell><Data ss:Type="Number">-9.34</Data></Cell>
			<Cell><Data ss:Type="Number">-0.06</Data></Cell>
			<Cell><Data ss:Type="Number">-0.99</Data></Cell>
			<Cell><Data ss:Type="Number">22.9</Data></Cell>
			<Cell><Data ss:Type="Number">39.1</Data></Cell>
			<Cell><Data ss:Type="Number">0</Data></Cell>
			<Cell><Data ss:Type="Number">0</Data></Cell>
			<Cell><Data ss:Type="String">2023-12-07 16:50:01.208471</Data></Cell>
		</Row>
		<Row>
			<Cell><Data ss:Type="String">1298</Data></Cell>
			<Cell><Data ss:Type="Number">0.68</Data></Cell>
			<Cell><Data ss:Type="Number">-9.37</Data></Cell>
			<Cell><Data ss:Type="Number">0.68</Data></Cell>
			<Cell><Data ss:Type="Number">-9.5</Data></Cell>
			<Cell><Data ss:Type="Number">-0.11</Data></Cell>
			<Cell><Data ss:Type="Number">-0.96</Data></Cell>
			<Cell><Data ss:Type="Number">22.9</Data></Cell>
			<Cell><Data ss:Type="Number">39.1</Data></Cell>
			<Cell><Data ss:Type="Number">0</Data></Cell>
			<Cell><Data ss:Type="Number">0</Data></Cell>
			<Cell><Data ss:Type="String">2023-12-07 16:50:01.206296</Data></Cell>
		</Row>
		<Row>
			<Cell><Data ss:Type="String">1297</Data></Cell>
			<Cell><Data ss:Type="Number">0.45</Data></Cell>
			<Cell><Data ss:Type="Number">-10</Data></Cell>
			<Cell><Data ss:Type="Number">0.41</Data></Cell>
			<Cell><Data ss:Type="Number">-9.56</Data></Cell>
			<Cell><Data ss:Type="Number">-0.12</Data></Cell>
			<Cell><Data ss:Type="Number">-0.9</Data></Cell>
			<Cell><Data ss:Type="Number">22.9</Data></Cell>
			<Cell><Data ss:Type="Number">39.1</Data></Cell>
			<Cell><Data ss:Type="Number">0</Data></Cell>
			<Cell><Data ss:Type="Number">0</Data></Cell>
			<Cell><Data ss:Type="String">2023-12-07 16:50:01.000601</Data></Cell>
		</Row>
		<Row>
			<Cell><Data ss:Type="String">1296</Data></Cell>
			<Cell><Data ss:Type="Number">-0.31</Data></Cell>
			<Cell><Data ss:Type="Number">-10.27</Data></Cell>
			<Cell><Data ss:Type="Number">0.04</Data></Cell>
			<Cell><Data ss:Type="Number">-9.43</Data></Cell>
			<Cell><Data ss:Type="Number">-0.02</Data></Cell>
			<Cell><Data ss:Type="Number">-0.93</Data></Cell>
			<Cell><Data ss:Type="Number">22.9</Data></Cell>
			<Cell><Data ss:Type="Number">39.1</Data></Cell>
			<Cell><Data ss:Type="Number">0</Data></Cell>
			<Cell><Data ss:Type="Number">0</Data></Cell>
			<Cell><Data ss:Type="String">2023-12-07 16:50:00.958105</Data></Cell>
		</Row>
		<Row>
			<Cell><Data ss:Type="String">1295</Data></Cell>
			<Cell><Data ss:Type="Number">0.21</Data></Cell>
			<Cell><Data ss:Type="Number">-10.13</Data></Cell>
			<Cell><Data ss:Type="Number">0.2</Data></Cell>
			<Cell><Data ss:Type="Number">-9.52</Data></Cell>
			<Cell><Data ss:Type="Number">-0.07</Data></Cell>
			<Cell><Data ss:Type="Number">-0.9</Data></Cell>
			<Cell><Data ss:Type="Number">22.9</Data></Cell>
			<Cell><Data ss:Type="Number">39.1</Data></Cell>
			<Cell><Data ss:Type="Number">0</Data></Cell>
			<Cell><Data ss:Type="Number">0</Data></Cell>
			<Cell><Data ss:Type="String">2023-12-07 16:50:00.955357</Data></Cell>
		</Row>
		<Row>
			<Cell><Data ss:Type="String">1294</Data></Cell>
			<Cell><Data ss:Type="Number">1.01</Data></Cell>
			<Cell><Data ss:Type="Number">-9.83</Data></Cell>
			<Cell><Data ss:Type="Number">0.39</Data></Cell>
			<Cell><Data ss:Type="Number">-9.44</Data></Cell>
			<Cell><Data ss:Type="Number">-0.04</Data></Cell>
			<Cell><Data ss:Type="Number">-0.93</Data></Cell>
			<Cell><Data ss:Type="Number">22.9</Data></Cell>
			<Cell><Data ss:Type="Number">39.1</Data></Cell>
			<Cell><Data ss:Type="Number">0</Data></Cell>
			<Cell><Data ss:Type="Number">0</Data></Cell>
			<Cell><Data ss:Type="String">2023-12-07 16:50:00.901281</Data></Cell>
		</Row>
		<Row>
			<Cell><Data ss:Type="String">1293</Data></Cell>
			<Cell><Data ss:Type="Number">0.41</Data></Cell>
			<Cell><Data ss:Type="Number">-9.67</Data></Cell>
			<Cell><Data ss:Type="Number">0.27</Data></Cell>
			<Cell><Data ss:Type="Number">-9.42</Data></Cell>
			<Cell><Data ss:Type="Number">-0.1</Data></Cell>
			<Cell><Data ss:Type="Number">-0.93</Data></Cell>
			<Cell><Data ss:Type="Number">22.9</Data></Cell>
			<Cell><Data ss:Type="Number">39.1</Data></Cell>
			<Cell><Data ss:Type="Number">0</Data></Cell>
			<Cell><Data ss:Type="Number">0</Data></Cell>
			<Cell><Data ss:Type="String">2023-12-07 16:50:00.898884</Data></Cell>
		</Row>
		<Row>
			<Cell><Data ss:Type="String">1292</Data></Cell>
			<Cell><Data ss:Type="Number">0.17</Data></Cell>
			<Cell><Data ss:Type="Number">-10.75</Data></Cell>
			<Cell><Data ss:Type="Number">-0.31</Data></Cell>
			<Cell><Data ss:Type="Number">-9.53</Data></Cell>
			<Cell><Data ss:Type="Number">-0.17</Data></Cell>
			<Cell><Data ss:Type="Number">-0.95</Data></Cell>
			<Cell><Data ss:Type="Number">22.9</Data></Cell>
			<Cell><Data ss:Type="Number">39.1</Data></Cell>
			<Cell><Data ss:Type="Number">0</Data></Cell>
			<Cell><Data ss:Type="Number">0</Data></Cell>
			<Cell><Data ss:Type="String">2023-12-07 16:50:00.826186</Data></Cell>
		</Row>
		<Row>
			<Cell><Data ss:Type="String">1291</Data></Cell>
			<Cell><Data ss:Type="Number">0.18</Data></Cell>
			<Cell><Data ss:Type="Number">-10.21</Data></Cell>
			<Cell><Data ss:Type="Number">-0.36</Data></Cell>
			<Cell><Data ss:Type="Number">-9.5</Data></Cell>
			<Cell><Data ss:Type="Number">0.05</Data></Cell>
			<Cell><Data ss:Type="Number">-0.92</Data></Cell>
			<Cell><Data ss:Type="Number">22.9</Data></Cell>
			<Cell><Data ss:Type="Number">39.1</Data></Cell>
			<Cell><Data ss:Type="Number">0</Data></Cell>
			<Cell><Data ss:Type="Number">0</Data></Cell>
			<Cell><Data ss:Type="String">2023-12-07 16:50:00.824099</Data></Cell>
		</Row>
		<Row>
			<Cell><Data ss:Type="String">1290</Data></Cell>
			<Cell><Data ss:Type="Number">0.47</Data></Cell>
			<Cell><Data ss:Type="Number">-10.06</Data></Cell>
			<Cell><Data ss:Type="Number">-0.21</Data></Cell>
			<Cell><Data ss:Type="Number">-9.22</Data></Cell>
			<Cell><Data ss:Type="Number">-0.02</Data></Cell>
			<Cell><Data ss:Type="Number">-0.87</Data></Cell>
			<Cell><Data ss:Type="Number">22.9</Data></Cell>
			<Cell><Data ss:Type="Number">39.1</Data></Cell>
			<Cell><Data ss:Type="Number">0</Data></Cell>
			<Cell><Data ss:Type="Number">0</Data></Cell>
			<Cell><Data ss:Type="String">2023-12-07 16:50:00.821438</Data></Cell>
		</Row>
		<Row>
			<Cell><Data ss:Type="String">1289</Data></Cell>
			<Cell><Data ss:Type="Number">0.63</Data></Cell>
			<Cell><Data ss:Type="Number">-9.83</Data></Cell>
			<Cell><Data ss:Type="Number">0.42</Data></Cell>
			<Cell><Data ss:Type="Number">-9.44</Data></Cell>
			<Cell><Data ss:Type="Number">-0.28</Data></Cell>
			<Cell><Data ss:Type="Number">-0.93</Data></Cell>
			<Cell><Data ss:Type="Number">22.9</Data></Cell>
			<Cell><Data ss:Type="Number">39.1</Data></Cell>
			<Cell><Data ss:Type="Number">0</Data></Cell>
			<Cell><Data ss:Type="Number">0</Data></Cell>
			<Cell><Data ss:Type="String">2023-12-07 16:50:00.818091</Data></Cell>
		</Row>
		<Row>
			<Cell><Data ss:Type="String">1288</Data></Cell>
			<Cell><Data ss:Type="Number">0.18</Data></Cell>
			<Cell><Data ss:Type="Number">-9.57</Data></Cell>
			<Cell><Data ss:Type="Number">0.42</Data></Cell>
			<Cell><Data ss:Type="Number">-9.31</Data></Cell>
			<Cell><Data ss:Type="Number">-0.57</Data></Cell>
			<Cell><Data ss:Type="Number">-0.8</Data></Cell>
			<Cell><Data ss:Type="Number">22.9</Data></Cell>
			<Cell><Data ss:Type="Number">39.1</Data></Cell>
			<Cell><Data ss:Type="Number">0</Data></Cell>
			<Cell><Data ss:Type="Number">0</Data></Cell>
			<Cell><Data ss:Type="String">2023-12-07 16:50:00.816396</Data></Cell>
		</Row>
		<Row>
			<Cell><Data ss:Type="String">1287</Data></Cell>
			<Cell><Data ss:Type="Number">-0.71</Data></Cell>
			<Cell><Data ss:Type="Number">-9.99</Data></Cell>
			<Cell><Data ss:Type="Number">-0.76</Data></Cell>
			<Cell><Data ss:Type="Number">-9.45</Data></Cell>
			<Cell><Data ss:Type="Number">0.55</Data></Cell>
			<Cell><Data ss:Type="Number">-0.99</Data></Cell>
			<Cell><Data ss:Type="Number">22.9</Data></Cell>
			<Cell><Data ss:Type="Number">39.1</Data></Cell>
			<Cell><Data ss:Type="Number">0</Data></Cell>
			<Cell><Data ss:Type="Number">0</Data></Cell>
			<Cell><Data ss:Type="String">2023-12-07 16:50:00.814663</Data></Cell>
		</Row>
		<Row>
			<Cell><Data ss:Type="String">1286</Data></Cell>
			<Cell><Data ss:Type="Number">0.81</Data></Cell>
			<Cell><Data ss:Type="Number">-9.68</Data></Cell>
			<Cell><Data ss:Type="Number">0.04</Data></Cell>
			<Cell><Data ss:Type="Number">-9.36</Data></Cell>
			<Cell><Data ss:Type="Number">0.28</Data></Cell>
			<Cell><Data ss:Type="Number">-1.08</Data></Cell>
			<Cell><Data ss:Type="Number">22.9</Data></Cell>
			<Cell><Data ss:Type="Number">39.1</Data></Cell>
			<Cell><Data ss:Type="Number">0</Data></Cell>
			<Cell><Data ss:Type="Number">0</Data></Cell>
			<Cell><Data ss:Type="String">2023-12-07 16:50:00.812058</Data></Cell>
		</Row>
		<Row>
			<Cell><Data ss:Type="String">1285</Data></Cell>
			<Cell><Data ss:Type="Number">3.09</Data></Cell>
			<Cell><Data ss:Type="Number">-10.54</Data></Cell>
			<Cell><Data ss:Type="Number">1.87</Data></Cell>
			<Cell><Data ss:Type="Number">-9.5</Data></Cell>
			<Cell><Data ss:Type="Number">-0.92</Data></Cell>
			<Cell><Data ss:Type="Number">-0.5</Data></Cell>
			<Cell><Data ss:Type="Number">22.9</Data></Cell>
			<Cell><Data ss:Type="Number">39.1</Data></Cell>
			<Cell><Data ss:Type="Number">0</Data></Cell>
			<Cell><Data ss:Type="Number">0</Data></Cell>
			<Cell><Data ss:Type="String">2023-12-07 16:50:00.810100</Data></Cell>
		</Row>
		<Row>
			<Cell><Data ss:Type="String">1284</Data></Cell>
			<Cell><Data ss:Type="Number">0.28</Data></Cell>
			<Cell><Data ss:Type="Number">-10.21</Data></Cell>
			<Cell><Data ss:Type="Number">0.17</Data></Cell>
			<Cell><Data ss:Type="Number">-9.55</Data></Cell>
			<Cell><Data ss:Type="Number">-0.06</Data></Cell>
			<Cell><Data ss:Type="Number">-0.91</Data></Cell>
			<Cell><Data ss:Type="Number">22.9</Data></Cell>
			<Cell><Data ss:Type="Number">39.1</Data></Cell>
			<Cell><Data ss:Type="Number">0</Data></Cell>
			<Cell><Data ss:Type="Number">0</Data></Cell>
			<Cell><Data ss:Type="String">2023-12-07 16:50:00.570764</Data></Cell>
		</Row>
		<Row>
			<Cell><Data ss:Type="String">1283</Data></Cell>
			<Cell><Data ss:Type="Number">0.24</Data></Cell>
			<Cell><Data ss:Type="Number">-10.19</Data></Cell>
			<Cell><Data ss:Type="Number">0.17</Data></Cell>
			<Cell><Data ss:Type="Number">-9.48</Data></Cell>
			<Cell><Data ss:Type="Number">-0.06</Data></Cell>
			<Cell><Data ss:Type="Number">-0.9</Data></Cell>
			<Cell><Data ss:Type="Number">22.9</Data></Cell>
			<Cell><Data ss:Type="Number">39.1</Data></Cell>
			<Cell><Data ss:Type="Number">0</Data></Cell>
			<Cell><Data ss:Type="Number">0</Data></Cell>
			<Cell><Data ss:Type="String">2023-12-07 16:50:00.529015</Data></Cell>
		</Row>
		<Row>
			<Cell><Data ss:Type="String">1282</Data></Cell>
			<Cell><Data ss:Type="Number">0.26</Data></Cell>
			<Cell><Data ss:Type="Number">-10.16</Data></Cell>
			<Cell><Data ss:Type="Number">0.16</Data></Cell>
			<Cell><Data ss:Type="Number">-9.49</Data></Cell>
			<Cell><Data ss:Type="Number">-0.08</Data></Cell>
			<Cell><Data ss:Type="Number">-0.89</Data></Cell>
			<Cell><Data ss:Type="Number">22.9</Data></Cell>
			<Cell><Data ss:Type="Number">39.1</Data></Cell>
			<Cell><Data ss:Type="Number">0</Data></Cell>
			<Cell><Data ss:Type="Number">0</Data></Cell>
			<Cell><Data ss:Type="String">2023-12-07 16:50:00.527141</Data></Cell>
		</Row>
		<Row>
			<Cell><Data ss:Type="String">1281</Data></Cell>
			<Cell><Data ss:Type="Number">0.21</Data></Cell>
			<Cell><Data ss:Type="Number">-10.1</Data></Cell>
			<Cell><Data ss:Type="Number">0.13</Data></Cell>
			<Cell><Data ss:Type="Number">-9.44</Data></Cell>
			<Cell><Data ss:Type="Number">-0.08</Data></Cell>
			<Cell><Data ss:Type="Number">-0.92</Data></Cell>
			<Cell><Data ss:Type="Number">22.9</Data></Cell>
			<Cell><Data ss:Type="Number">39.1</Data></Cell>
			<Cell><Data ss:Type="Number">0</Data></Cell>
			<Cell><Data ss:Type="Number">0</Data></Cell>
			<Cell><Data ss:Type="String">2023-12-07 16:50:00.525343</Data></Cell>
		</Row>
		<Row>
			<Cell><Data ss:Type="String">1280</Data></Cell>
			<Cell><Data ss:Type="Number">0.27</Data></Cell>
			<Cell><Data ss:Type="Number">-10.02</Data></Cell>
			<Cell><Data ss:Type="Number">0.11</Data></Cell>
			<Cell><Data ss:Type="Number">-9.45</Data></Cell>
			<Cell><Data ss:Type="Number">-0.07</Data></Cell>
			<Cell><Data ss:Type="Number">-0.91</Data></Cell>
			<Cell><Data ss:Type="Number">22.9</Data></Cell>
			<Cell><Data ss:Type="Number">39.1</Data></Cell>
			<Cell><Data ss:Type="Number">0</Data></Cell>
			<Cell><Data ss:Type="Number">0</Data></Cell>
			<Cell><Data ss:Type="String">2023-12-07 16:50:00.523408</Data></Cell>
		</Row>
		<Row>
			<Cell><Data ss:Type="String">1279</Data></Cell>
			<Cell><Data ss:Type="Number">0.31</Data></Cell>
			<Cell><Data ss:Type="Number">-10.08</Data></Cell>
			<Cell><Data ss:Type="Number">0.13</Data></Cell>
			<Cell><Data ss:Type="Number">-9.54</Data></Cell>
			<Cell><Data ss:Type="Number">-0.05</Data></Cell>
			<Cell><Data ss:Type="Number">-0.89</Data></Cell>
			<Cell><Data ss:Type="Number">22.9</Data></Cell>
			<Cell><Data ss:Type="Number">39.1</Data></Cell>
			<Cell><Data ss:Type="Number">0</Data></Cell>
			<Cell><Data ss:Type="Number">0</Data></Cell>
			<Cell><Data ss:Type="String">2023-12-07 16:50:00.520645</Data></Cell>
		</Row>
		<Row>
			<Cell><Data ss:Type="String">1278</Data></Cell>
			<Cell><Data ss:Type="Number">0.28</Data></Cell>
			<Cell><Data ss:Type="Number">-10.2</Data></Cell>
			<Cell><Data ss:Type="Number">0.29</Data></Cell>
			<Cell><Data ss:Type="Number">-9.5</Data></Cell>
			<Cell><Data ss:Type="Number">-0.07</Data></Cell>
			<Cell><Data ss:Type="Number">-0.89</Data></Cell>
			<Cell><Data ss:Type="Number">22.9</Data></Cell>
			<Cell><Data ss:Type="Number">39.1</Data></Cell>
			<Cell><Data ss:Type="Number">0</Data></Cell>
			<Cell><Data ss:Type="Number">0</Data></Cell>
			<Cell><Data ss:Type="String">2023-12-07 16:50:00.518071</Data></Cell>
		</Row>
		<Row>
			<Cell><Data ss:Type="String">1277</Data></Cell>
			<Cell><Data ss:Type="Number">0.3</Data></Cell>
			<Cell><Data ss:Type="Number">-10.14</Data></Cell>
			<Cell><Data ss:Type="Number">0.2</Data></Cell>
			<Cell><Data ss:Type="Number">-9.46</Data></Cell>
			<Cell><Data ss:Type="Number">-0.08</Data></Cell>
			<Cell><Data ss:Type="Number">-0.93</Data></Cell>
			<Cell><Data ss:Type="Number">22.9</Data></Cell>
			<Cell><Data ss:Type="Number">39.1</Data></Cell>
			<Cell><Data ss:Type="Number">0</Data></Cell>
			<Cell><Data ss:Type="Number">0</Data></Cell>
			<Cell><Data ss:Type="String">2023-12-07 16:50:00.516391</Data></Cell>
		</Row>
		<Row>
			<Cell><Data ss:Type="String">1276</Data></Cell>
			<Cell><Data ss:Type="Number">0.26</Data></Cell>
			<Cell><Data ss:Type="Number">-10</Data></Cell>
			<Cell><Data ss:Type="Number">0.07</Data></Cell>
			<Cell><Data ss:Type="Number">-9.44</Data></Cell>
			<Cell><Data ss:Type="Number">-0.07</Data></Cell>
			<Cell><Data ss:Type="Number">-0.93</Data></Cell>
			<Cell><Data ss:Type="Number">22.9</Data></Cell>
			<Cell><Data ss:Type="Number">39.1</Data></Cell>
			<Cell><Data ss:Type="Number">0</Data></Cell>
			<Cell><Data ss:Type="Number">0</Data></Cell>
			<Cell><Data ss:Type="String">2023-12-07 16:50:00.288439</Data></Cell>
		</Row>
		<Row>
			<Cell><Data ss:Type="String">1275</Data></Cell>
			<Cell><Data ss:Type="Number">0.28</Data></Cell>
			<Cell><Data ss:Type="Number">-10.09</Data></Cell>
			<Cell><Data ss:Type="Number">0.16</Data></Cell>
			<Cell><Data ss:Type="Number">-9.51</Data></Cell>
			<Cell><Data ss:Type="Number">-0.08</Data></Cell>
			<Cell><Data ss:Type="Number">-0.88</Data></Cell>
			<Cell><Data ss:Type="Number">22.9</Data></Cell>
			<Cell><Data ss:Type="Number">39.1</Data></Cell>
			<Cell><Data ss:Type="Number">0</Data></Cell>
			<Cell><Data ss:Type="Number">0</Data></Cell>
			<Cell><Data ss:Type="String">2023-12-07 16:50:00.286280</Data></Cell>
		</Row>
		<Row>
			<Cell><Data ss:Type="String">1274</Data></Cell>
			<Cell><Data ss:Type="Number">0.28</Data></Cell>
			<Cell><Data ss:Type="Number">-9.95</Data></Cell>
			<Cell><Data ss:Type="Number">0.13</Data></Cell>
			<Cell><Data ss:Type="Number">-9.45</Data></Cell>
			<Cell><Data ss:Type="Number">-0.08</Data></Cell>
			<Cell><Data ss:Type="Number">-0.92</Data></Cell>
			<Cell><Data ss:Type="Number">22.9</Data></Cell>
			<Cell><Data ss:Type="Number">39.1</Data></Cell>
			<Cell><Data ss:Type="Number">0</Data></Cell>
			<Cell><Data ss:Type="Number">0</Data></Cell>
			<Cell><Data ss:Type="String">2023-12-07 16:50:00.201344</Data></Cell>
		</Row>
		<Row>
			<Cell><Data ss:Type="String">1273</Data></Cell>
			<Cell><Data ss:Type="Number">0.28</Data></Cell>
			<Cell><Data ss:Type="Number">-10.06</Data></Cell>
			<Cell><Data ss:Type="Number">0.18</Data></Cell>
			<Cell><Data ss:Type="Number">-9.53</Data></Cell>
			<Cell><Data ss:Type="Number">-0.08</Data></Cell>
			<Cell><Data ss:Type="Number">-0.9</Data></Cell>
			<Cell><Data ss:Type="Number">22.9</Data></Cell>
			<Cell><Data ss:Type="Number">39.1</Data></Cell>
			<Cell><Data ss:Type="Number">0</Data></Cell>
			<Cell><Data ss:Type="Number">0</Data></Cell>
			<Cell><Data ss:Type="String">2023-12-07 16:50:00.198829</Data></Cell>
		</Row>
		<Row>
			<Cell><Data ss:Type="String">1272</Data></Cell>
			<Cell><Data ss:Type="Number">0.23</Data></Cell>
			<Cell><Data ss:Type="Number">-10.21</Data></Cell>
			<Cell><Data ss:Type="Number">0.17</Data></Cell>
			<Cell><Data ss:Type="Number">-9.5</Data></Cell>
			<Cell><Data ss:Type="Number">-0.05</Data></Cell>
			<Cell><Data ss:Type="Number">-0.9</Data></Cell>
			<Cell><Data ss:Type="Number">22.9</Data></Cell>
			<Cell><Data ss:Type="Number">39.1</Data></Cell>
			<Cell><Data ss:Type="Number">0</Data></Cell>
			<Cell><Data ss:Type="Number">0</Data></Cell>
			<Cell><Data ss:Type="String">2023-12-07 16:50:00.156322</Data></Cell>
		</Row>
		<Row>
			<Cell><Data ss:Type="String">1271</Data></Cell>
			<Cell><Data ss:Type="Number">0.22</Data></Cell>
			<Cell><Data ss:Type="Number">-10.16</Data></Cell>
			<Cell><Data ss:Type="Number">0.19</Data></Cell>
			<Cell><Data ss:Type="Number">-9.49</Data></Cell>
			<Cell><Data ss:Type="Number">-0.08</Data></Cell>
			<Cell><Data ss:Type="Number">-0.9</Data></Cell>
			<Cell><Data ss:Type="Number">22.9</Data></Cell>
			<Cell><Data ss:Type="Number">39.1</Data></Cell>
			<Cell><Data ss:Type="Number">0</Data></Cell>
			<Cell><Data ss:Type="Number">0</Data></Cell>
			<Cell><Data ss:Type="String">2023-12-07 16:50:00.109771</Data></Cell>
		</Row>
		<Row>
			<Cell><Data ss:Type="String">1270</Data></Cell>
			<Cell><Data ss:Type="Number">0.25</Data></Cell>
			<Cell><Data ss:Type="Number">-9.9</Data></Cell>
			<Cell><Data ss:Type="Number">0.11</Data></Cell>
			<Cell><Data ss:Type="Number">-9.44</Data></Cell>
			<Cell><Data ss:Type="Number">-0.07</Data></Cell>
			<Cell><Data ss:Type="Number">-0.92</Data></Cell>
			<Cell><Data ss:Type="Number">22.9</Data></Cell>
			<Cell><Data ss:Type="Number">39.1</Data></Cell>
			<Cell><Data ss:Type="Number">0</Data></Cell>
			<Cell><Data ss:Type="Number">0</Data></Cell>
			<Cell><Data ss:Type="String">2023-12-07 16:50:00.065511</Data></Cell>
		</Row>
		<Row>
			<Cell><Data ss:Type="String">1269</Data></Cell>
			<Cell><Data ss:Type="Number">0.36</Data></Cell>
			<Cell><Data ss:Type="Number">-10.02</Data></Cell>
			<Cell><Data ss:Type="Number">0.11</Data></Cell>
			<Cell><Data ss:Type="Number">-9.48</Data></Cell>
			<Cell><Data ss:Type="Number">-0.07</Data></Cell>
			<Cell><Data ss:Type="Number">-0.92</Data></Cell>
			<Cell><Data ss:Type="Number">22.9</Data></Cell>
			<Cell><Data ss:Type="Number">39.1</Data></Cell>
			<Cell><Data ss:Type="Number">0</Data></Cell>
			<Cell><Data ss:Type="Number">0</Data></Cell>
			<Cell><Data ss:Type="String">2023-12-07 16:50:00.063574</Data></Cell>
		</Row>
		<Row>
			<Cell><Data ss:Type="String">1268</Data></Cell>
			<Cell><Data ss:Type="Number">0.23</Data></Cell>
			<Cell><Data ss:Type="Number">-10.22</Data></Cell>
			<Cell><Data ss:Type="Number">0.21</Data></Cell>
			<Cell><Data ss:Type="Number">-9.57</Data></Cell>
			<Cell><Data ss:Type="Number">-0.08</Data></Cell>
			<Cell><Data ss:Type="Number">-0.89</Data></Cell>
			<Cell><Data ss:Type="Number">22.9</Data></Cell>
			<Cell><Data ss:Type="Number">39.1</Data></Cell>
			<Cell><Data ss:Type="Number">0</Data></Cell>
			<Cell><Data ss:Type="Number">0</Data></Cell>
			<Cell><Data ss:Type="String">2023-12-07 16:50:00.018489</Data></Cell>
		</Row>
		<Row>
			<Cell><Data ss:Type="String">1267</Data></Cell>
			<Cell><Data ss:Type="Number">0.25</Data></Cell>
			<Cell><Data ss:Type="Number">-10.18</Data></Cell>
			<Cell><Data ss:Type="Number">0.15</Data></Cell>
			<Cell><Data ss:Type="Number">-9.52</Data></Cell>
			<Cell><Data ss:Type="Number">-0.08</Data></Cell>
			<Cell><Data ss:Type="Number">-0.92</Data></Cell>
			<Cell><Data ss:Type="Number">22.9</Data></Cell>
			<Cell><Data ss:Type="Number">39.1</Data></Cell>
			<Cell><Data ss:Type="Number">0</Data></Cell>
			<Cell><Data ss:Type="Number">0</Data></Cell>
			<Cell><Data ss:Type="String">2023-12-07 16:49:59.977038</Data></Cell>
		</Row>
		<Row>
			<Cell><Data ss:Type="String">1266</Data></Cell>
			<Cell><Data ss:Type="Number">0.28</Data></Cell>
			<Cell><Data ss:Type="Number">-10.07</Data></Cell>
			<Cell><Data ss:Type="Number">0.2</Data></Cell>
			<Cell><Data ss:Type="Number">-9.45</Data></Cell>
			<Cell><Data ss:Type="Number">-0.08</Data></Cell>
			<Cell><Data ss:Type="Number">-0.88</Data></Cell>
			<Cell><Data ss:Type="Number">22.9</Data></Cell>
			<Cell><Data ss:Type="Number">39.1</Data></Cell>
			<Cell><Data ss:Type="Number">0</Data></Cell>
			<Cell><Data ss:Type="Number">0</Data></Cell>
			<Cell><Data ss:Type="String">2023-12-07 16:49:59.975235</Data></Cell>
		</Row>
		<Row>
			<Cell><Data ss:Type="String">1265</Data></Cell>
			<Cell><Data ss:Type="Number">0.22</Data></Cell>
			<Cell><Data ss:Type="Number">-9.98</Data></Cell>
			<Cell><Data ss:Type="Number">0.12</Data></Cell>
			<Cell><Data ss:Type="Number">-9.44</Data></Cell>
			<Cell><Data ss:Type="Number">-0.07</Data></Cell>
			<Cell><Data ss:Type="Number">-0.93</Data></Cell>
			<Cell><Data ss:Type="Number">22.9</Data></Cell>
			<Cell><Data ss:Type="Number">39.1</Data></Cell>
			<Cell><Data ss:Type="Number">0</Data></Cell>
			<Cell><Data ss:Type="Number">0</Data></Cell>
			<Cell><Data ss:Type="String">2023-12-07 16:49:59.925966</Data></Cell>
		</Row>
		<Row>
			<Cell><Data ss:Type="String">1264</Data></Cell>
			<Cell><Data ss:Type="Number">0.26</Data></Cell>
			<Cell><Data ss:Type="Number">-10.19</Data></Cell>
			<Cell><Data ss:Type="Number">0.17</Data></Cell>
			<Cell><Data ss:Type="Number">-9.54</Data></Cell>
			<Cell><Data ss:Type="Number">-0.06</Data></Cell>
			<Cell><Data ss:Type="Number">-0.91</Data></Cell>
			<Cell><Data ss:Type="Number">22.9</Data></Cell>
			<Cell><Data ss:Type="Number">39.1</Data></Cell>
			<Cell><Data ss:Type="Number">0</Data></Cell>
			<Cell><Data ss:Type="Number">0</Data></Cell>
			<Cell><Data ss:Type="String">2023-12-07 16:49:59.880466</Data></Cell>
		</Row>
		<Row>
			<Cell><Data ss:Type="String">1263</Data></Cell>
			<Cell><Data ss:Type="Number">0.33</Data></Cell>
			<Cell><Data ss:Type="Number">-10.22</Data></Cell>
			<Cell><Data ss:Type="Number">0.24</Data></Cell>
			<Cell><Data ss:Type="Number">-9.51</Data></Cell>
			<Cell><Data ss:Type="Number">-0.1</Data></Cell>
			<Cell><Data ss:Type="Number">-0.89</Data></Cell>
			<Cell><Data ss:Type="Number">22.9</Data></Cell>
			<Cell><Data ss:Type="Number">39.1</Data></Cell>
			<Cell><Data ss:Type="Number">0</Data></Cell>
			<Cell><Data ss:Type="Number">0</Data></Cell>
			<Cell><Data ss:Type="String">2023-12-07 16:49:59.835240</Data></Cell>
		</Row>
		<Row>
			<Cell><Data ss:Type="String">1262</Data></Cell>
			<Cell><Data ss:Type="Number">0.21</Data></Cell>
			<Cell><Data ss:Type="Number">-10.13</Data></Cell>
			<Cell><Data ss:Type="Number">0.12</Data></Cell>
			<Cell><Data ss:Type="Number">-9.49</Data></Cell>
			<Cell><Data ss:Type="Number">-0.06</Data></Cell>
			<Cell><Data ss:Type="Number">-0.96</Data></Cell>
			<Cell><Data ss:Type="Number">22.9</Data></Cell>
			<Cell><Data ss:Type="Number">39.1</Data></Cell>
			<Cell><Data ss:Type="Number">0</Data></Cell>
			<Cell><Data ss:Type="Number">0</Data></Cell>
			<Cell><Data ss:Type="String">2023-12-07 16:49:59.833021</Data></Cell>
		</Row>
		<Row>
			<Cell><Data ss:Type="String">1261</Data></Cell>
			<Cell><Data ss:Type="Number">0.3</Data></Cell>
			<Cell><Data ss:Type="Number">-9.97</Data></Cell>
			<Cell><Data ss:Type="Number">0.28</Data></Cell>
			<Cell><Data ss:Type="Number">-9.43</Data></Cell>
			<Cell><Data ss:Type="Number">-0.08</Data></Cell>
			<Cell><Data ss:Type="Number">-0.89</Data></Cell>
			<Cell><Data ss:Type="Number">22.9</Data></Cell>
			<Cell><Data ss:Type="Number">39.1</Data></Cell>
			<Cell><Data ss:Type="Number">0</Data></Cell>
			<Cell><Data ss:Type="Number">0</Data></Cell>
			<Cell><Data ss:Type="String">2023-12-07 16:49:59.788305</Data></Cell>
		</Row>
		<Row>
			<Cell><Data ss:Type="String">1260</Data></Cell>
			<Cell><Data ss:Type="Number">0.24</Data></Cell>
			<Cell><Data ss:Type="Number">-9.99</Data></Cell>
			<Cell><Data ss:Type="Number">0.09</Data></Cell>
			<Cell><Data ss:Type="Number">-9.47</Data></Cell>
			<Cell><Data ss:Type="Number">-0.05</Data></Cell>
			<Cell><Data ss:Type="Number">-0.9</Data></Cell>
			<Cell><Data ss:Type="Number">22.9</Data></Cell>
			<Cell><Data ss:Type="Number">39.1</Data></Cell>
			<Cell><Data ss:Type="Number">0</Data></Cell>
			<Cell><Data ss:Type="Number">0</Data></Cell>
			<Cell><Data ss:Type="String">2023-12-07 16:49:59.743581</Data></Cell>
		</Row>
		<Row>
			<Cell><Data ss:Type="String">1259</Data></Cell>
			<Cell><Data ss:Type="Number">0.37</Data></Cell>
			<Cell><Data ss:Type="Number">-10.12</Data></Cell>
			<Cell><Data ss:Type="Number">0.2</Data></Cell>
			<Cell><Data ss:Type="Number">-9.52</Data></Cell>
			<Cell><Data ss:Type="Number">-0.07</Data></Cell>
			<Cell><Data ss:Type="Number">-0.89</Data></Cell>
			<Cell><Data ss:Type="Number">22.9</Data></Cell>
			<Cell><Data ss:Type="Number">39.1</Data></Cell>
			<Cell><Data ss:Type="Number">0</Data></Cell>
			<Cell><Data ss:Type="Number">0</Data></Cell>
			<Cell><Data ss:Type="String">2023-12-07 16:49:59.741844</Data></Cell>
		</Row>
		<Row>
			<Cell><Data ss:Type="String">1258</Data></Cell>
			<Cell><Data ss:Type="Number">0.36</Data></Cell>
			<Cell><Data ss:Type="Number">-10.14</Data></Cell>
			<Cell><Data ss:Type="Number">0.25</Data></Cell>
			<Cell><Data ss:Type="Number">-9.49</Data></Cell>
			<Cell><Data ss:Type="Number">-0.1</Data></Cell>
			<Cell><Data ss:Type="Number">-0.85</Data></Cell>
			<Cell><Data ss:Type="Number">22.9</Data></Cell>
			<Cell><Data ss:Type="Number">39.1</Data></Cell>
			<Cell><Data ss:Type="Number">0</Data></Cell>
			<Cell><Data ss:Type="Number">0</Data></Cell>
			<Cell><Data ss:Type="String">2023-12-07 16:49:59.698219</Data></Cell>
		</Row>
		<Row>
			<Cell><Data ss:Type="String">1257</Data></Cell>
			<Cell><Data ss:Type="Number">0.35</Data></Cell>
			<Cell><Data ss:Type="Number">-10.03</Data></Cell>
			<Cell><Data ss:Type="Number">0.22</Data></Cell>
			<Cell><Data ss:Type="Number">-9.43</Data></Cell>
			<Cell><Data ss:Type="Number">-0.12</Data></Cell>
			<Cell><Data ss:Type="Number">-0.95</Data></Cell>
			<Cell><Data ss:Type="Number">22.9</Data></Cell>
			<Cell><Data ss:Type="Number">39.1</Data></Cell>
			<Cell><Data ss:Type="Number">0</Data></Cell>
			<Cell><Data ss:Type="Number">0</Data></Cell>
			<Cell><Data ss:Type="String">2023-12-07 16:49:59.650365</Data></Cell>
		</Row>
		<Row>
			<Cell><Data ss:Type="String">1256</Data></Cell>
			<Cell><Data ss:Type="Number">0.16</Data></Cell>
			<Cell><Data ss:Type="Number">-10.09</Data></Cell>
			<Cell><Data ss:Type="Number">0.3</Data></Cell>
			<Cell><Data ss:Type="Number">-9.47</Data></Cell>
			<Cell><Data ss:Type="Number">-0.16</Data></Cell>
			<Cell><Data ss:Type="Number">-0.85</Data></Cell>
			<Cell><Data ss:Type="Number">22.9</Data></Cell>
			<Cell><Data ss:Type="Number">39.1</Data></Cell>
			<Cell><Data ss:Type="Number">0</Data></Cell>
			<Cell><Data ss:Type="Number">0</Data></Cell>
			<Cell><Data ss:Type="String">2023-12-07 16:49:59.616322</Data></Cell>
		</Row>
		<Row>
			<Cell><Data ss:Type="String">1255</Data></Cell>
			<Cell><Data ss:Type="Number">0.46</Data></Cell>
			<Cell><Data ss:Type="Number">-10.01</Data></Cell>
			<Cell><Data ss:Type="Number">-0.08</Data></Cell>
			<Cell><Data ss:Type="Number">-9.43</Data></Cell>
			<Cell><Data ss:Type="Number">-0.24</Data></Cell>
			<Cell><Data ss:Type="Number">-0.89</Data></Cell>
			<Cell><Data ss:Type="Number">22.9</Data></Cell>
			<Cell><Data ss:Type="Number">39.1</Data></Cell>
			<Cell><Data ss:Type="Number">0</Data></Cell>
			<Cell><Data ss:Type="Number">0</Data></Cell>
			<Cell><Data ss:Type="String">2023-12-07 16:49:59.614505</Data></Cell>
		</Row>
		<Row>
			<Cell><Data ss:Type="String">1254</Data></Cell>
			<Cell><Data ss:Type="Number">-0.26</Data></Cell>
			<Cell><Data ss:Type="Number">-10.04</Data></Cell>
			<Cell><Data ss:Type="Number">-0.2</Data></Cell>
			<Cell><Data ss:Type="Number">-9.51</Data></Cell>
			<Cell><Data ss:Type="Number">0.16</Data></Cell>
			<Cell><Data ss:Type="Number">-1.01</Data></Cell>
			<Cell><Data ss:Type="Number">22.9</Data></Cell>
			<Cell><Data ss:Type="Number">39.1</Data></Cell>
			<Cell><Data ss:Type="Number">0</Data></Cell>
			<Cell><Data ss:Type="Number">0</Data></Cell>
			<Cell><Data ss:Type="String">2023-12-07 16:49:59.612630</Data></Cell>
		</Row>
		<Row>
			<Cell><Data ss:Type="String">1253</Data></Cell>
			<Cell><Data ss:Type="Number">0.19</Data></Cell>
			<Cell><Data ss:Type="Number">-9.93</Data></Cell>
			<Cell><Data ss:Type="Number">-0.06</Data></Cell>
			<Cell><Data ss:Type="Number">-9.45</Data></Cell>
			<Cell><Data ss:Type="Number">0.21</Data></Cell>
			<Cell><Data ss:Type="Number">-0.9</Data></Cell>
			<Cell><Data ss:Type="Number">22.9</Data></Cell>
			<Cell><Data ss:Type="Number">39.1</Data></Cell>
			<Cell><Data ss:Type="Number">0</Data></Cell>
			<Cell><Data ss:Type="Number">0</Data></Cell>
			<Cell><Data ss:Type="String">2023-12-07 16:49:59.610689</Data></Cell>
		</Row>
		<Row>
			<Cell><Data ss:Type="String">1252</Data></Cell>
			<Cell><Data ss:Type="Number">1.45</Data></Cell>
			<Cell><Data ss:Type="Number">-10.1</Data></Cell>
			<Cell><Data ss:Type="Number">0.8</Data></Cell>
			<Cell><Data ss:Type="Number">-9.54</Data></Cell>
			<Cell><Data ss:Type="Number">-0.47</Data></Cell>
			<Cell><Data ss:Type="Number">-1</Data></Cell>
			<Cell><Data ss:Type="Number">22.9</Data></Cell>
			<Cell><Data ss:Type="Number">39.1</Data></Cell>
			<Cell><Data ss:Type="Number">0</Data></Cell>
			<Cell><Data ss:Type="Number">0</Data></Cell>
			<Cell><Data ss:Type="String">2023-12-07 16:49:59.608743</Data></Cell>
		</Row>
		<Row>
			<Cell><Data ss:Type="String">1251</Data></Cell>
			<Cell><Data ss:Type="Number">1.44</Data></Cell>
			<Cell><Data ss:Type="Number">-10.31</Data></Cell>
			<Cell><Data ss:Type="Number">0.42</Data></Cell>
			<Cell><Data ss:Type="Number">-9.48</Data></Cell>
			<Cell><Data ss:Type="Number">-0.57</Data></Cell>
			<Cell><Data ss:Type="Number">-0.59</Data></Cell>
			<Cell><Data ss:Type="Number">22.9</Data></Cell>
			<Cell><Data ss:Type="Number">39.1</Data></Cell>
			<Cell><Data ss:Type="Number">0</Data></Cell>
			<Cell><Data ss:Type="Number">0</Data></Cell>
			<Cell><Data ss:Type="String">2023-12-07 16:49:59.606842</Data></Cell>
		</Row>
		<Row>
			<Cell><Data ss:Type="String">1250</Data></Cell>
			<Cell><Data ss:Type="Number">-2.83</Data></Cell>
			<Cell><Data ss:Type="Number">-11.43</Data></Cell>
			<Cell><Data ss:Type="Number">-1.73</Data></Cell>
			<Cell><Data ss:Type="Number">-9.89</Data></Cell>
			<Cell><Data ss:Type="Number">0.96</Data></Cell>
			<Cell><Data ss:Type="Number">-1.1</Data></Cell>
			<Cell><Data ss:Type="Number">22.9</Data></Cell>
			<Cell><Data ss:Type="Number">39.1</Data></Cell>
			<Cell><Data ss:Type="Number">0</Data></Cell>
			<Cell><Data ss:Type="Number">0</Data></Cell>
			<Cell><Data ss:Type="String">2023-12-07 16:49:59.604023</Data></Cell>
		</Row>
		<Row>
			<Cell><Data ss:Type="String">1249</Data></Cell>
			<Cell><Data ss:Type="Number">0.66</Data></Cell>
			<Cell><Data ss:Type="Number">-4.26</Data></Cell>
			<Cell><Data ss:Type="Number">-3.8</Data></Cell>
			<Cell><Data ss:Type="Number">-5.62</Data></Cell>
			<Cell><Data ss:Type="Number">0.88</Data></Cell>
			<Cell><Data ss:Type="Number">-1.63</Data></Cell>
			<Cell><Data ss:Type="Number">22.9</Data></Cell>
			<Cell><Data ss:Type="Number">39.1</Data></Cell>
			<Cell><Data ss:Type="Number">0</Data></Cell>
			<Cell><Data ss:Type="Number">0</Data></Cell>
			<Cell><Data ss:Type="String">2023-12-07 16:49:59.369124</Data></Cell>
		</Row>
		<Row>
			<Cell><Data ss:Type="String">1248</Data></Cell>
			<Cell><Data ss:Type="Number">-0.37</Data></Cell>
			<Cell><Data ss:Type="Number">-10.03</Data></Cell>
			<Cell><Data ss:Type="Number">0.35</Data></Cell>
			<Cell><Data ss:Type="Number">-9.58</Data></Cell>
			<Cell><Data ss:Type="Number">-0.03</Data></Cell>
			<Cell><Data ss:Type="Number">-0.95</Data></Cell>
			<Cell><Data ss:Type="Number">22.9</Data></Cell>
			<Cell><Data ss:Type="Number">39.1</Data></Cell>
			<Cell><Data ss:Type="Number">0</Data></Cell>
			<Cell><Data ss:Type="Number">0</Data></Cell>
			<Cell><Data ss:Type="String">2023-12-07 16:49:59.366752</Data></Cell>
		</Row>
		<Row>
			<Cell><Data ss:Type="String">1247</Data></Cell>
			<Cell><Data ss:Type="Number">0.14</Data></Cell>
			<Cell><Data ss:Type="Number">-10.72</Data></Cell>
			<Cell><Data ss:Type="Number">-0.06</Data></Cell>
			<Cell><Data ss:Type="Number">-9.5</Data></Cell>
			<Cell><Data ss:Type="Number">-0.04</Data></Cell>
			<Cell><Data ss:Type="Number">-0.91</Data></Cell>
			<Cell><Data ss:Type="Number">22.9</Data></Cell>
			<Cell><Data ss:Type="Number">39.1</Data></Cell>
			<Cell><Data ss:Type="Number">0</Data></Cell>
			<Cell><Data ss:Type="Number">0</Data></Cell>
			<Cell><Data ss:Type="String">2023-12-07 16:49:59.364902</Data></Cell>
		</Row>
		<Row>
			<Cell><Data ss:Type="String">1246</Data></Cell>
			<Cell><Data ss:Type="Number">-0.14</Data></Cell>
			<Cell><Data ss:Type="Number">-9.83</Data></Cell>
			<Cell><Data ss:Type="Number">0.09</Data></Cell>
			<Cell><Data ss:Type="Number">-9.33</Data></Cell>
			<Cell><Data ss:Type="Number">0.02</Data></Cell>
			<Cell><Data ss:Type="Number">-0.92</Data></Cell>
			<Cell><Data ss:Type="Number">22.9</Data></Cell>
			<Cell><Data ss:Type="Number">39.1</Data></Cell>
			<Cell><Data ss:Type="Number">0</Data></Cell>
			<Cell><Data ss:Type="Number">0</Data></Cell>
			<Cell><Data ss:Type="String">2023-12-07 16:49:59.362907</Data></Cell>
		</Row>
		<Row>
			<Cell><Data ss:Type="String">1245</Data></Cell>
			<Cell><Data ss:Type="Number">-0.29</Data></Cell>
			<Cell><Data ss:Type="Number">-10.09</Data></Cell>
			<Cell><Data ss:Type="Number">0.35</Data></Cell>
			<Cell><Data ss:Type="Number">-9.46</Data></Cell>
			<Cell><Data ss:Type="Number">-0.11</Data></Cell>
			<Cell><Data ss:Type="Number">-0.93</Data></Cell>
			<Cell><Data ss:Type="Number">22.9</Data></Cell>
			<Cell><Data ss:Type="Number">39.1</Data></Cell>
			<Cell><Data ss:Type="Number">0</Data></Cell>
			<Cell><Data ss:Type="Number">0</Data></Cell>
			<Cell><Data ss:Type="String">2023-12-07 16:49:59.250630</Data></Cell>
		</Row>
		<Row>
			<Cell><Data ss:Type="String">1244</Data></Cell>
			<Cell><Data ss:Type="Number">-0.52</Data></Cell>
			<Cell><Data ss:Type="Number">-9.61</Data></Cell>
			<Cell><Data ss:Type="Number">0.32</Data></Cell>
			<Cell><Data ss:Type="Number">-9.4</Data></Cell>
			<Cell><Data ss:Type="Number">-0.07</Data></Cell>
			<Cell><Data ss:Type="Number">-0.94</Data></Cell>
			<Cell><Data ss:Type="Number">22.9</Data></Cell>
			<Cell><Data ss:Type="Number">39.1</Data></Cell>
			<Cell><Data ss:Type="Number">0</Data></Cell>
			<Cell><Data ss:Type="Number">0</Data></Cell>
			<Cell><Data ss:Type="String">2023-12-07 16:49:59.206573</Data></Cell>
		</Row>
		<Row>
			<Cell><Data ss:Type="String">1243</Data></Cell>
			<Cell><Data ss:Type="Number">0.88</Data></Cell>
			<Cell><Data ss:Type="Number">-10.04</Data></Cell>
			<Cell><Data ss:Type="Number">0.07</Data></Cell>
			<Cell><Data ss:Type="Number">-9.47</Data></Cell>
			<Cell><Data ss:Type="Number">-0.13</Data></Cell>
			<Cell><Data ss:Type="Number">-0.9</Data></Cell>
			<Cell><Data ss:Type="Number">22.9</Data></Cell>
			<Cell><Data ss:Type="Number">39.1</Data></Cell>
			<Cell><Data ss:Type="Number">0</Data></Cell>
			<Cell><Data ss:Type="Number">0</Data></Cell>
			<Cell><Data ss:Type="String">2023-12-07 16:49:59.160709</Data></Cell>
		</Row>
		<Row>
			<Cell><Data ss:Type="String">1242</Data></Cell>
			<Cell><Data ss:Type="Number">0.61</Data></Cell>
			<Cell><Data ss:Type="Number">-10.63</Data></Cell>
			<Cell><Data ss:Type="Number">0.28</Data></Cell>
			<Cell><Data ss:Type="Number">-9.49</Data></Cell>
			<Cell><Data ss:Type="Number">-0.1</Data></Cell>
			<Cell><Data ss:Type="Number">-0.85</Data></Cell>
			<Cell><Data ss:Type="Number">22.9</Data></Cell>
			<Cell><Data ss:Type="Number">39.1</Data></Cell>
			<Cell><Data ss:Type="Number">0</Data></Cell>
			<Cell><Data ss:Type="Number">0</Data></Cell>
			<Cell><Data ss:Type="String">2023-12-07 16:49:59.158920</Data></Cell>
		</Row>
		<Row>
			<Cell><Data ss:Type="String">1241</Data></Cell>
			<Cell><Data ss:Type="Number">0.77</Data></Cell>
			<Cell><Data ss:Type="Number">-10.32</Data></Cell>
			<Cell><Data ss:Type="Number">0.09</Data></Cell>
			<Cell><Data ss:Type="Number">-9.6</Data></Cell>
			<Cell><Data ss:Type="Number">-0.13</Data></Cell>
			<Cell><Data ss:Type="Number">-0.93</Data></Cell>
			<Cell><Data ss:Type="Number">22.9</Data></Cell>
			<Cell><Data ss:Type="Number">39.1</Data></Cell>
			<Cell><Data ss:Type="Number">0</Data></Cell>
			<Cell><Data ss:Type="Number">0</Data></Cell>
			<Cell><Data ss:Type="String">2023-12-07 16:49:59.113697</Data></Cell>
		</Row>
		<Row>
			<Cell><Data ss:Type="String">1240</Data></Cell>
			<Cell><Data ss:Type="Number">0.13</Data></Cell>
			<Cell><Data ss:Type="Number">-10.15</Data></Cell>
			<Cell><Data ss:Type="Number">0.27</Data></Cell>
			<Cell><Data ss:Type="Number">-9.43</Data></Cell>
			<Cell><Data ss:Type="Number">-0.09</Data></Cell>
			<Cell><Data ss:Type="Number">-0.93</Data></Cell>
			<Cell><Data ss:Type="Number">22.9</Data></Cell>
			<Cell><Data ss:Type="Number">39.1</Data></Cell>
			<Cell><Data ss:Type="Number">0</Data></Cell>
			<Cell><Data ss:Type="Number">0</Data></Cell>
			<Cell><Data ss:Type="String">2023-12-07 16:49:59.072926</Data></Cell>
		</Row>
		<Row>
			<Cell><Data ss:Type="String">1239</Data></Cell>
			<Cell><Data ss:Type="Number">0.35</Data></Cell>
			<Cell><Data ss:Type="Number">-10.05</Data></Cell>
			<Cell><Data ss:Type="Number">0.21</Data></Cell>
			<Cell><Data ss:Type="Number">-9.51</Data></Cell>
			<Cell><Data ss:Type="Number">-0.1</Data></Cell>
			<Cell><Data ss:Type="Number">-0.9</Data></Cell>
			<Cell><Data ss:Type="Number">22.9</Data></Cell>
			<Cell><Data ss:Type="Number">39.1</Data></Cell>
			<Cell><Data ss:Type="Number">0</Data></Cell>
			<Cell><Data ss:Type="Number">0</Data></Cell>
			<Cell><Data ss:Type="String">2023-12-07 16:49:59.069817</Data></Cell>
		</Row>
		<Row>
			<Cell><Data ss:Type="String">1238</Data></Cell>
			<Cell><Data ss:Type="Number">-0.29</Data></Cell>
			<Cell><Data ss:Type="Number">-9.67</Data></Cell>
			<Cell><Data ss:Type="Number">0.21</Data></Cell>
			<Cell><Data ss:Type="Number">-9.62</Data></Cell>
			<Cell><Data ss:Type="Number">-0.07</Data></Cell>
			<Cell><Data ss:Type="Number">-0.88</Data></Cell>
			<Cell><Data ss:Type="Number">22.9</Data></Cell>
			<Cell><Data ss:Type="Number">39.1</Data></Cell>
			<Cell><Data ss:Type="Number">0</Data></Cell>
			<Cell><Data ss:Type="Number">0</Data></Cell>
			<Cell><Data ss:Type="String">2023-12-07 16:49:59.029644</Data></Cell>
		</Row>
		<Row>
			<Cell><Data ss:Type="String">1237</Data></Cell>
			<Cell><Data ss:Type="Number">0.66</Data></Cell>
			<Cell><Data ss:Type="Number">-10.55</Data></Cell>
			<Cell><Data ss:Type="Number">0.34</Data></Cell>
			<Cell><Data ss:Type="Number">-9.52</Data></Cell>
			<Cell><Data ss:Type="Number">-0.03</Data></Cell>
			<Cell><Data ss:Type="Number">-0.92</Data></Cell>
			<Cell><Data ss:Type="Number">22.9</Data></Cell>
			<Cell><Data ss:Type="Number">39.1</Data></Cell>
			<Cell><Data ss:Type="Number">0</Data></Cell>
			<Cell><Data ss:Type="Number">0</Data></Cell>
			<Cell><Data ss:Type="String">2023-12-07 16:49:59.027822</Data></Cell>
		</Row>
		<Row>
			<Cell><Data ss:Type="String">1236</Data></Cell>
			<Cell><Data ss:Type="Number">0.48</Data></Cell>
			<Cell><Data ss:Type="Number">-9.8</Data></Cell>
			<Cell><Data ss:Type="Number">0.03</Data></Cell>
			<Cell><Data ss:Type="Number">-9.39</Data></Cell>
			<Cell><Data ss:Type="Number">-0.07</Data></Cell>
			<Cell><Data ss:Type="Number">-0.96</Data></Cell>
			<Cell><Data ss:Type="Number">22.9</Data></Cell>
			<Cell><Data ss:Type="Number">39.1</Data></Cell>
			<Cell><Data ss:Type="Number">0</Data></Cell>
			<Cell><Data ss:Type="Number">0</Data></Cell>
			<Cell><Data ss:Type="String">2023-12-07 16:49:59.025963</Data></Cell>
		</Row>
		<Row>
			<Cell><Data ss:Type="String">1235</Data></Cell>
			<Cell><Data ss:Type="Number">-0.59</Data></Cell>
			<Cell><Data ss:Type="Number">-10.2</Data></Cell>
			<Cell><Data ss:Type="Number">0.35</Data></Cell>
			<Cell><Data ss:Type="Number">-9.37</Data></Cell>
			<Cell><Data ss:Type="Number">-0.13</Data></Cell>
			<Cell><Data ss:Type="Number">-0.89</Data></Cell>
			<Cell><Data ss:Type="Number">22.9</Data></Cell>
			<Cell><Data ss:Type="Number">39.1</Data></Cell>
			<Cell><Data ss:Type="Number">0</Data></Cell>
			<Cell><Data ss:Type="Number">0</Data></Cell>
			<Cell><Data ss:Type="String">2023-12-07 16:49:59.024149</Data></Cell>
		</Row>
		<Row>
			<Cell><Data ss:Type="String">1234</Data></Cell>
			<Cell><Data ss:Type="Number">-0.49</Data></Cell>
			<Cell><Data ss:Type="Number">-9.97</Data></Cell>
			<Cell><Data ss:Type="Number">-0.64</Data></Cell>
			<Cell><Data ss:Type="Number">-9.55</Data></Cell>
			<Cell><Data ss:Type="Number">-0.06</Data></Cell>
			<Cell><Data ss:Type="Number">-0.9</Data></Cell>
			<Cell><Data ss:Type="Number">22.9</Data></Cell>
			<Cell><Data ss:Type="Number">39.1</Data></Cell>
			<Cell><Data ss:Type="Number">0</Data></Cell>
			<Cell><Data ss:Type="Number">0</Data></Cell>
			<Cell><Data ss:Type="String">2023-12-07 16:49:59.022115</Data></Cell>
		</Row>
		<Row>
			<Cell><Data ss:Type="String">1233</Data></Cell>
			<Cell><Data ss:Type="Number">-0.05</Data></Cell>
			<Cell><Data ss:Type="Number">-9.94</Data></Cell>
			<Cell><Data ss:Type="Number">0.08</Data></Cell>
			<Cell><Data ss:Type="Number">-9.45</Data></Cell>
			<Cell><Data ss:Type="Number">-0.08</Data></Cell>
			<Cell><Data ss:Type="Number">-0.89</Data></Cell>
			<Cell><Data ss:Type="Number">22.9</Data></Cell>
			<Cell><Data ss:Type="Number">39.1</Data></Cell>
			<Cell><Data ss:Type="Number">0</Data></Cell>
			<Cell><Data ss:Type="Number">0</Data></Cell>
			<Cell><Data ss:Type="String">2023-12-07 16:49:59.019270</Data></Cell>
		</Row>
		<Row>
			<Cell><Data ss:Type="String">1232</Data></Cell>
			<Cell><Data ss:Type="Number">0.35</Data></Cell>
			<Cell><Data ss:Type="Number">-9.85</Data></Cell>
			<Cell><Data ss:Type="Number">-0.14</Data></Cell>
			<Cell><Data ss:Type="Number">-9.33</Data></Cell>
			<Cell><Data ss:Type="Number">-0.11</Data></Cell>
			<Cell><Data ss:Type="Number">-1.02</Data></Cell>
			<Cell><Data ss:Type="Number">22.9</Data></Cell>
			<Cell><Data ss:Type="Number">39.1</Data></Cell>
			<Cell><Data ss:Type="Number">0</Data></Cell>
			<Cell><Data ss:Type="Number">0</Data></Cell>
			<Cell><Data ss:Type="String">2023-12-07 16:49:59.016721</Data></Cell>
		</Row>
		<Row>
			<Cell><Data ss:Type="String">1231</Data></Cell>
			<Cell><Data ss:Type="Number">0.26</Data></Cell>
			<Cell><Data ss:Type="Number">-9.91</Data></Cell>
			<Cell><Data ss:Type="Number">-0.07</Data></Cell>
			<Cell><Data ss:Type="Number">-9.51</Data></Cell>
			<Cell><Data ss:Type="Number">-0.15</Data></Cell>
			<Cell><Data ss:Type="Number">-0.89</Data></Cell>
			<Cell><Data ss:Type="Number">22.9</Data></Cell>
			<Cell><Data ss:Type="Number">39.1</Data></Cell>
			<Cell><Data ss:Type="Number">0</Data></Cell>
			<Cell><Data ss:Type="Number">0</Data></Cell>
			<Cell><Data ss:Type="String">2023-12-07 16:49:58.781604</Data></Cell>
		</Row>
		<Row>
			<Cell><Data ss:Type="String">1230</Data></Cell>
			<Cell><Data ss:Type="Number">0.34</Data></Cell>
			<Cell><Data ss:Type="Number">-10.21</Data></Cell>
			<Cell><Data ss:Type="Number">0.21</Data></Cell>
			<Cell><Data ss:Type="Number">-9.54</Data></Cell>
			<Cell><Data ss:Type="Number">-0.11</Data></Cell>
			<Cell><Data ss:Type="Number">-0.91</Data></Cell>
			<Cell><Data ss:Type="Number">22.9</Data></Cell>
			<Cell><Data ss:Type="Number">39.1</Data></Cell>
			<Cell><Data ss:Type="Number">0</Data></Cell>
			<Cell><Data ss:Type="Number">0</Data></Cell>
			<Cell><Data ss:Type="String">2023-12-07 16:49:58.733019</Data></Cell>
		</Row>
		<Row>
			<Cell><Data ss:Type="String">1229</Data></Cell>
			<Cell><Data ss:Type="Number">0.36</Data></Cell>
			<Cell><Data ss:Type="Number">-10.29</Data></Cell>
			<Cell><Data ss:Type="Number">0.04</Data></Cell>
			<Cell><Data ss:Type="Number">-9.62</Data></Cell>
			<Cell><Data ss:Type="Number">-0.12</Data></Cell>
			<Cell><Data ss:Type="Number">-0.89</Data></Cell>
			<Cell><Data ss:Type="Number">22.9</Data></Cell>
			<Cell><Data ss:Type="Number">39.1</Data></Cell>
			<Cell><Data ss:Type="Number">0</Data></Cell>
			<Cell><Data ss:Type="Number">0</Data></Cell>
			<Cell><Data ss:Type="String">2023-12-07 16:49:58.731119</Data></Cell>
		</Row>
		<Row>
			<Cell><Data ss:Type="String">1228</Data></Cell>
			<Cell><Data ss:Type="Number">0.1</Data></Cell>
			<Cell><Data ss:Type="Number">-10.61</Data></Cell>
			<Cell><Data ss:Type="Number">0.02</Data></Cell>
			<Cell><Data ss:Type="Number">-9.62</Data></Cell>
			<Cell><Data ss:Type="Number">0</Data></Cell>
			<Cell><Data ss:Type="Number">-0.88</Data></Cell>
			<Cell><Data ss:Type="Number">22.9</Data></Cell>
			<Cell><Data ss:Type="Number">39.1</Data></Cell>
			<Cell><Data ss:Type="Number">0</Data></Cell>
			<Cell><Data ss:Type="Number">0</Data></Cell>
			<Cell><Data ss:Type="String">2023-12-07 16:49:58.684548</Data></Cell>
		</Row>
		<Row>
			<Cell><Data ss:Type="String">1227</Data></Cell>
			<Cell><Data ss:Type="Number">0.31</Data></Cell>
			<Cell><Data ss:Type="Number">-9.85</Data></Cell>
			<Cell><Data ss:Type="Number">-0.05</Data></Cell>
			<Cell><Data ss:Type="Number">-9.41</Data></Cell>
			<Cell><Data ss:Type="Number">-0.13</Data></Cell>
			<Cell><Data ss:Type="Number">-0.92</Data></Cell>
			<Cell><Data ss:Type="Number">22.9</Data></Cell>
			<Cell><Data ss:Type="Number">39.1</Data></Cell>
			<Cell><Data ss:Type="Number">0</Data></Cell>
			<Cell><Data ss:Type="Number">0</Data></Cell>
			<Cell><Data ss:Type="String">2023-12-07 16:49:58.639559</Data></Cell>
		</Row>
		<Row>
			<Cell><Data ss:Type="String">1226</Data></Cell>
			<Cell><Data ss:Type="Number">0.49</Data></Cell>
			<Cell><Data ss:Type="Number">-9.37</Data></Cell>
			<Cell><Data ss:Type="Number">0.39</Data></Cell>
			<Cell><Data ss:Type="Number">-9.4</Data></Cell>
			<Cell><Data ss:Type="Number">-0.02</Data></Cell>
			<Cell><Data ss:Type="Number">-0.89</Data></Cell>
			<Cell><Data ss:Type="Number">22.9</Data></Cell>
			<Cell><Data ss:Type="Number">39.1</Data></Cell>
			<Cell><Data ss:Type="Number">0</Data></Cell>
			<Cell><Data ss:Type="Number">0</Data></Cell>
			<Cell><Data ss:Type="String">2023-12-07 16:49:58.594850</Data></Cell>
		</Row>
		<Row>
			<Cell><Data ss:Type="String">1225</Data></Cell>
			<Cell><Data ss:Type="Number">0.01</Data></Cell>
			<Cell><Data ss:Type="Number">-9.66</Data></Cell>
			<Cell><Data ss:Type="Number">-0.07</Data></Cell>
			<Cell><Data ss:Type="Number">-9.35</Data></Cell>
			<Cell><Data ss:Type="Number">-0.06</Data></Cell>
			<Cell><Data ss:Type="Number">-0.92</Data></Cell>
			<Cell><Data ss:Type="Number">22.9</Data></Cell>
			<Cell><Data ss:Type="Number">39.1</Data></Cell>
			<Cell><Data ss:Type="Number">0</Data></Cell>
			<Cell><Data ss:Type="Number">0</Data></Cell>
			<Cell><Data ss:Type="String">2023-12-07 16:49:58.592454</Data></Cell>
		</Row>
		<Row>
			<Cell><Data ss:Type="String">1224</Data></Cell>
			<Cell><Data ss:Type="Number">-0.02</Data></Cell>
			<Cell><Data ss:Type="Number">-10.53</Data></Cell>
			<Cell><Data ss:Type="Number">-0.3</Data></Cell>
			<Cell><Data ss:Type="Number">-9.45</Data></Cell>
			<Cell><Data ss:Type="Number">0.01</Data></Cell>
			<Cell><Data ss:Type="Number">-0.86</Data></Cell>
			<Cell><Data ss:Type="Number">22.9</Data></Cell>
			<Cell><Data ss:Type="Number">39.1</Data></Cell>
			<Cell><Data ss:Type="Number">0</Data></Cell>
			<Cell><Data ss:Type="Number">0</Data></Cell>
			<Cell><Data ss:Type="String">2023-12-07 16:49:58.548008</Data></Cell>
		</Row>
		<Row>
			<Cell><Data ss:Type="String">1223</Data></Cell>
			<Cell><Data ss:Type="Number">0.31</Data></Cell>
			<Cell><Data ss:Type="Number">-9.59</Data></Cell>
			<Cell><Data ss:Type="Number">0.23</Data></Cell>
			<Cell><Data ss:Type="Number">-9.36</Data></Cell>
			<Cell><Data ss:Type="Number">-0.04</Data></Cell>
			<Cell><Data ss:Type="Number">-0.91</Data></Cell>
			<Cell><Data ss:Type="Number">22.9</Data></Cell>
			<Cell><Data ss:Type="Number">39.1</Data></Cell>
			<Cell><Data ss:Type="Number">0</Data></Cell>
			<Cell><Data ss:Type="Number">0</Data></Cell>
			<Cell><Data ss:Type="String">2023-12-07 16:49:58.502441</Data></Cell>
		</Row>
		<Row>
			<Cell><Data ss:Type="String">1222</Data></Cell>
			<Cell><Data ss:Type="Number">0.36</Data></Cell>
			<Cell><Data ss:Type="Number">-10.29</Data></Cell>
			<Cell><Data ss:Type="Number">0.26</Data></Cell>
			<Cell><Data ss:Type="Number">-9.55</Data></Cell>
			<Cell><Data ss:Type="Number">-0.13</Data></Cell>
			<Cell><Data ss:Type="Number">-0.93</Data></Cell>
			<Cell><Data ss:Type="Number">22.9</Data></Cell>
			<Cell><Data ss:Type="Number">39.1</Data></Cell>
			<Cell><Data ss:Type="Number">0</Data></Cell>
			<Cell><Data ss:Type="Number">0</Data></Cell>
			<Cell><Data ss:Type="String">2023-12-07 16:49:58.458413</Data></Cell>
		</Row>
		<Row>
			<Cell><Data ss:Type="String">1221</Data></Cell>
			<Cell><Data ss:Type="Number">0.3</Data></Cell>
			<Cell><Data ss:Type="Number">-10.43</Data></Cell>
			<Cell><Data ss:Type="Number">0.22</Data></Cell>
			<Cell><Data ss:Type="Number">-9.43</Data></Cell>
			<Cell><Data ss:Type="Number">-0.04</Data></Cell>
			<Cell><Data ss:Type="Number">-0.91</Data></Cell>
			<Cell><Data ss:Type="Number">22.9</Data></Cell>
			<Cell><Data ss:Type="Number">39.1</Data></Cell>
			<Cell><Data ss:Type="Number">0</Data></Cell>
			<Cell><Data ss:Type="Number">0</Data></Cell>
			<Cell><Data ss:Type="String">2023-12-07 16:49:58.456702</Data></Cell>
		</Row>
		<Row>
			<Cell><Data ss:Type="String">1220</Data></Cell>
			<Cell><Data ss:Type="Number">0.23</Data></Cell>
			<Cell><Data ss:Type="Number">-10.1</Data></Cell>
			<Cell><Data ss:Type="Number">-0.04</Data></Cell>
			<Cell><Data ss:Type="Number">-9.56</Data></Cell>
			<Cell><Data ss:Type="Number">-0.01</Data></Cell>
			<Cell><Data ss:Type="Number">-0.94</Data></Cell>
			<Cell><Data ss:Type="Number">22.9</Data></Cell>
			<Cell><Data ss:Type="Number">39.1</Data></Cell>
			<Cell><Data ss:Type="Number">0</Data></Cell>
			<Cell><Data ss:Type="Number">0</Data></Cell>
			<Cell><Data ss:Type="String">2023-12-07 16:49:58.412982</Data></Cell>
		</Row>
		<Row>
			<Cell><Data ss:Type="String">1219</Data></Cell>
			<Cell><Data ss:Type="Number">0.6</Data></Cell>
			<Cell><Data ss:Type="Number">-10.55</Data></Cell>
			<Cell><Data ss:Type="Number">0.07</Data></Cell>
			<Cell><Data ss:Type="Number">-9.54</Data></Cell>
			<Cell><Data ss:Type="Number">0</Data></Cell>
			<Cell><Data ss:Type="Number">-0.92</Data></Cell>
			<Cell><Data ss:Type="Number">22.9</Data></Cell>
			<Cell><Data ss:Type="Number">39.1</Data></Cell>
			<Cell><Data ss:Type="Number">0</Data></Cell>
			<Cell><Data ss:Type="Number">0</Data></Cell>
			<Cell><Data ss:Type="String">2023-12-07 16:49:58.363878</Data></Cell>
		</Row>
		<Row>
			<Cell><Data ss:Type="String">1218</Data></Cell>
			<Cell><Data ss:Type="Number">1</Data></Cell>
			<Cell><Data ss:Type="Number">-10.34</Data></Cell>
			<Cell><Data ss:Type="Number">0.58</Data></Cell>
			<Cell><Data ss:Type="Number">-9.41</Data></Cell>
			<Cell><Data ss:Type="Number">-0.3</Data></Cell>
			<Cell><Data ss:Type="Number">-0.84</Data></Cell>
			<Cell><Data ss:Type="Number">22.9</Data></Cell>
			<Cell><Data ss:Type="Number">39.1</Data></Cell>
			<Cell><Data ss:Type="Number">0</Data></Cell>
			<Cell><Data ss:Type="Number">0</Data></Cell>
			<Cell><Data ss:Type="String">2023-12-07 16:49:58.326465</Data></Cell>
		</Row>
		<Row>
			<Cell><Data ss:Type="String">1217</Data></Cell>
			<Cell><Data ss:Type="Number">-0.23</Data></Cell>
			<Cell><Data ss:Type="Number">-9.76</Data></Cell>
			<Cell><Data ss:Type="Number">-0.2</Data></Cell>
			<Cell><Data ss:Type="Number">-9.34</Data></Cell>
			<Cell><Data ss:Type="Number">0.05</Data></Cell>
			<Cell><Data ss:Type="Number">-0.97</Data></Cell>
			<Cell><Data ss:Type="Number">22.9</Data></Cell>
			<Cell><Data ss:Type="Number">39.1</Data></Cell>
			<Cell><Data ss:Type="Number">0</Data></Cell>
			<Cell><Data ss:Type="Number">0</Data></Cell>
			<Cell><Data ss:Type="String">2023-12-07 16:49:58.324879</Data></Cell>
		</Row>
		<Row>
			<Cell><Data ss:Type="String">1216</Data></Cell>
			<Cell><Data ss:Type="Number">2</Data></Cell>
			<Cell><Data ss:Type="Number">-9.27</Data></Cell>
			<Cell><Data ss:Type="Number">-0.03</Data></Cell>
			<Cell><Data ss:Type="Number">-9.66</Data></Cell>
			<Cell><Data ss:Type="Number">0.27</Data></Cell>
			<Cell><Data ss:Type="Number">-0.96</Data></Cell>
			<Cell><Data ss:Type="Number">22.9</Data></Cell>
			<Cell><Data ss:Type="Number">39.1</Data></Cell>
			<Cell><Data ss:Type="Number">0</Data></Cell>
			<Cell><Data ss:Type="Number">0</Data></Cell>
			<Cell><Data ss:Type="String">2023-12-07 16:49:58.323087</Data></Cell>
		</Row>
		<Row>
			<Cell><Data ss:Type="String">1215</Data></Cell>
			<Cell><Data ss:Type="Number">-0.73</Data></Cell>
			<Cell><Data ss:Type="Number">-10</Data></Cell>
			<Cell><Data ss:Type="Number">1.18</Data></Cell>
			<Cell><Data ss:Type="Number">-9.46</Data></Cell>
			<Cell><Data ss:Type="Number">-0.51</Data></Cell>
			<Cell><Data ss:Type="Number">-0.79</Data></Cell>
			<Cell><Data ss:Type="Number">22.9</Data></Cell>
			<Cell><Data ss:Type="Number">39.1</Data></Cell>
			<Cell><Data ss:Type="Number">0</Data></Cell>
			<Cell><Data ss:Type="Number">0</Data></Cell>
			<Cell><Data ss:Type="String">2023-12-07 16:49:58.320583</Data></Cell>
		</Row>
		<Row>
			<Cell><Data ss:Type="String">1214</Data></Cell>
			<Cell><Data ss:Type="Number">0.47</Data></Cell>
			<Cell><Data ss:Type="Number">-10.46</Data></Cell>
			<Cell><Data ss:Type="Number">0.82</Data></Cell>
			<Cell><Data ss:Type="Number">-9.64</Data></Cell>
			<Cell><Data ss:Type="Number">-0.23</Data></Cell>
			<Cell><Data ss:Type="Number">-0.89</Data></Cell>
			<Cell><Data ss:Type="Number">22.9</Data></Cell>
			<Cell><Data ss:Type="Number">39.1</Data></Cell>
			<Cell><Data ss:Type="Number">0</Data></Cell>
			<Cell><Data ss:Type="Number">0</Data></Cell>
			<Cell><Data ss:Type="String">2023-12-07 16:49:58.317724</Data></Cell>
		</Row>
		<Row>
			<Cell><Data ss:Type="String">1213</Data></Cell>
			<Cell><Data ss:Type="Number">-1.47</Data></Cell>
			<Cell><Data ss:Type="Number">-9.88</Data></Cell>
			<Cell><Data ss:Type="Number">-1.03</Data></Cell>
			<Cell><Data ss:Type="Number">-9.49</Data></Cell>
			<Cell><Data ss:Type="Number">1.17</Data></Cell>
			<Cell><Data ss:Type="Number">-0.88</Data></Cell>
			<Cell><Data ss:Type="Number">22.9</Data></Cell>
			<Cell><Data ss:Type="Number">39.1</Data></Cell>
			<Cell><Data ss:Type="Number">0</Data></Cell>
			<Cell><Data ss:Type="Number">0</Data></Cell>
			<Cell><Data ss:Type="String">2023-12-07 16:49:58.316164</Data></Cell>
		</Row>
		<Row>
			<Cell><Data ss:Type="String">1212</Data></Cell>
			<Cell><Data ss:Type="Number">3.56</Data></Cell>
			<Cell><Data ss:Type="Number">-9.64</Data></Cell>
			<Cell><Data ss:Type="Number">1.86</Data></Cell>
			<Cell><Data ss:Type="Number">-9.75</Data></Cell>
			<Cell><Data ss:Type="Number">-1.75</Data></Cell>
			<Cell><Data ss:Type="Number">-1.07</Data></Cell>
			<Cell><Data ss:Type="Number">22.9</Data></Cell>
			<Cell><Data ss:Type="Number">39.1</Data></Cell>
			<Cell><Data ss:Type="Number">0</Data></Cell>
			<Cell><Data ss:Type="Number">0</Data></Cell>
			<Cell><Data ss:Type="String">2023-12-07 16:49:58.314515</Data></Cell>
		</Row>
		<Row>
			<Cell><Data ss:Type="String">1211</Data></Cell>
			<Cell><Data ss:Type="Number">0.26</Data></Cell>
			<Cell><Data ss:Type="Number">-10.06</Data></Cell>
			<Cell><Data ss:Type="Number">0.09</Data></Cell>
			<Cell><Data ss:Type="Number">-9.5</Data></Cell>
			<Cell><Data ss:Type="Number">-0.07</Data></Cell>
			<Cell><Data ss:Type="Number">-0.91</Data></Cell>
			<Cell><Data ss:Type="Number">22.9</Data></Cell>
			<Cell><Data ss:Type="Number">39.1</Data></Cell>
			<Cell><Data ss:Type="Number">0</Data></Cell>
			<Cell><Data ss:Type="Number">0</Data></Cell>
			<Cell><Data ss:Type="String">2023-12-07 16:49:58.312750</Data></Cell>
		</Row>
		<Row>
			<Cell><Data ss:Type="String">1210</Data></Cell>
			<Cell><Data ss:Type="Number">0.3</Data></Cell>
			<Cell><Data ss:Type="Number">-10.13</Data></Cell>
			<Cell><Data ss:Type="Number">0.15</Data></Cell>
			<Cell><Data ss:Type="Number">-9.54</Data></Cell>
			<Cell><Data ss:Type="Number">-0.08</Data></Cell>
			<Cell><Data ss:Type="Number">-0.92</Data></Cell>
			<Cell><Data ss:Type="Number">22.9</Data></Cell>
			<Cell><Data ss:Type="Number">39.1</Data></Cell>
			<Cell><Data ss:Type="Number">0</Data></Cell>
			<Cell><Data ss:Type="Number">0</Data></Cell>
			<Cell><Data ss:Type="String">2023-12-07 16:49:58.081594</Data></Cell>
		</Row>
		<Row>
			<Cell><Data ss:Type="String">1209</Data></Cell>
			<Cell><Data ss:Type="Number">0.15</Data></Cell>
			<Cell><Data ss:Type="Number">-10.23</Data></Cell>
			<Cell><Data ss:Type="Number">0.07</Data></Cell>
			<Cell><Data ss:Type="Number">-9.49</Data></Cell>
			<Cell><Data ss:Type="Number">-0.07</Data></Cell>
			<Cell><Data ss:Type="Number">-0.9</Data></Cell>
			<Cell><Data ss:Type="Number">22.9</Data></Cell>
			<Cell><Data ss:Type="Number">39.1</Data></Cell>
			<Cell><Data ss:Type="Number">0</Data></Cell>
			<Cell><Data ss:Type="Number">0</Data></Cell>
			<Cell><Data ss:Type="String">2023-12-07 16:49:58.079819</Data></Cell>
		</Row>
		<Row>
			<Cell><Data ss:Type="String">1208</Data></Cell>
			<Cell><Data ss:Type="Number">0.18</Data></Cell>
			<Cell><Data ss:Type="Number">-10</Data></Cell>
			<Cell><Data ss:Type="Number">0.24</Data></Cell>
			<Cell><Data ss:Type="Number">-9.45</Data></Cell>
			<Cell><Data ss:Type="Number">-0.05</Data></Cell>
			<Cell><Data ss:Type="Number">-0.9</Data></Cell>
			<Cell><Data ss:Type="Number">22.9</Data></Cell>
			<Cell><Data ss:Type="Number">39.1</Data></Cell>
			<Cell><Data ss:Type="Number">0</Data></Cell>
			<Cell><Data ss:Type="Number">0</Data></Cell>
			<Cell><Data ss:Type="String">2023-12-07 16:49:58.078343</Data></Cell>
		</Row>
		<Row>
			<Cell><Data ss:Type="String">1207</Data></Cell>
			<Cell><Data ss:Type="Number">0.31</Data></Cell>
			<Cell><Data ss:Type="Number">-10.02</Data></Cell>
			<Cell><Data ss:Type="Number">0.1</Data></Cell>
			<Cell><Data ss:Type="Number">-9.45</Data></Cell>
			<Cell><Data ss:Type="Number">-0.07</Data></Cell>
			<Cell><Data ss:Type="Number">-0.94</Data></Cell>
			<Cell><Data ss:Type="Number">22.9</Data></Cell>
			<Cell><Data ss:Type="Number">39.1</Data></Cell>
			<Cell><Data ss:Type="Number">0</Data></Cell>
			<Cell><Data ss:Type="Number">0</Data></Cell>
			<Cell><Data ss:Type="String">2023-12-07 16:49:58.076760</Data></Cell>
		</Row>
		<Row>
			<Cell><Data ss:Type="String">1206</Data></Cell>
			<Cell><Data ss:Type="Number">0.26</Data></Cell>
			<Cell><Data ss:Type="Number">-9.99</Data></Cell>
			<Cell><Data ss:Type="Number">0.08</Data></Cell>
			<Cell><Data ss:Type="Number">-9.46</Data></Cell>
			<Cell><Data ss:Type="Number">-0.08</Data></Cell>
			<Cell><Data ss:Type="Number">-0.96</Data></Cell>
			<Cell><Data ss:Type="Number">22.9</Data></Cell>
			<Cell><Data ss:Type="Number">39.1</Data></Cell>
			<Cell><Data ss:Type="Number">0</Data></Cell>
			<Cell><Data ss:Type="Number">0</Data></Cell>
			<Cell><Data ss:Type="String">2023-12-07 16:49:58.075122</Data></Cell>
		</Row>
		<Row>
			<Cell><Data ss:Type="String">1205</Data></Cell>
			<Cell><Data ss:Type="Number">0.21</Data></Cell>
			<Cell><Data ss:Type="Number">-10.06</Data></Cell>
			<Cell><Data ss:Type="Number">0.13</Data></Cell>
			<Cell><Data ss:Type="Number">-9.47</Data></Cell>
			<Cell><Data ss:Type="Number">-0.09</Data></Cell>
			<Cell><Data ss:Type="Number">-0.95</Data></Cell>
			<Cell><Data ss:Type="Number">22.9</Data></Cell>
			<Cell><Data ss:Type="Number">39.1</Data></Cell>
			<Cell><Data ss:Type="Number">0</Data></Cell>
			<Cell><Data ss:Type="Number">0</Data></Cell>
			<Cell><Data ss:Type="String">2023-12-07 16:49:58.072663</Data></Cell>
		</Row>
		<Row>
			<Cell><Data ss:Type="String">1204</Data></Cell>
			<Cell><Data ss:Type="Number">0.3</Data></Cell>
			<Cell><Data ss:Type="Number">-10.05</Data></Cell>
			<Cell><Data ss:Type="Number">0.13</Data></Cell>
			<Cell><Data ss:Type="Number">-9.45</Data></Cell>
			<Cell><Data ss:Type="Number">-0.07</Data></Cell>
			<Cell><Data ss:Type="Number">-0.92</Data></Cell>
			<Cell><Data ss:Type="Number">22.9</Data></Cell>
			<Cell><Data ss:Type="Number">39.1</Data></Cell>
			<Cell><Data ss:Type="Number">0</Data></Cell>
			<Cell><Data ss:Type="Number">0</Data></Cell>
			<Cell><Data ss:Type="String">2023-12-07 16:49:58.066561</Data></Cell>
		</Row>
		<Row>
			<Cell><Data ss:Type="String">1203</Data></Cell>
			<Cell><Data ss:Type="Number">0.3</Data></Cell>
			<Cell><Data ss:Type="Number">-9.98</Data></Cell>
			<Cell><Data ss:Type="Number">0.11</Data></Cell>
			<Cell><Data ss:Type="Number">-9.45</Data></Cell>
			<Cell><Data ss:Type="Number">-0.06</Data></Cell>
			<Cell><Data ss:Type="Number">-0.93</Data></Cell>
			<Cell><Data ss:Type="Number">22.9</Data></Cell>
			<Cell><Data ss:Type="Number">39.1</Data></Cell>
			<Cell><Data ss:Type="Number">0</Data></Cell>
			<Cell><Data ss:Type="Number">0</Data></Cell>
			<Cell><Data ss:Type="String">2023-12-07 16:49:57.838571</Data></Cell>
		</Row>
		<Row>
			<Cell><Data ss:Type="String">1202</Data></Cell>
			<Cell><Data ss:Type="Number">0.34</Data></Cell>
			<Cell><Data ss:Type="Number">-10.07</Data></Cell>
			<Cell><Data ss:Type="Number">0.14</Data></Cell>
			<Cell><Data ss:Type="Number">-9.5</Data></Cell>
			<Cell><Data ss:Type="Number">-0.12</Data></Cell>
			<Cell><Data ss:Type="Number">-0.91</Data></Cell>
			<Cell><Data ss:Type="Number">22.9</Data></Cell>
			<Cell><Data ss:Type="Number">39.1</Data></Cell>
			<Cell><Data ss:Type="Number">0</Data></Cell>
			<Cell><Data ss:Type="Number">0</Data></Cell>
			<Cell><Data ss:Type="String">2023-12-07 16:49:57.835808</Data></Cell>
		</Row>
		<Row>
			<Cell><Data ss:Type="String">1201</Data></Cell>
			<Cell><Data ss:Type="Number">0.29</Data></Cell>
			<Cell><Data ss:Type="Number">-10.16</Data></Cell>
			<Cell><Data ss:Type="Number">0.28</Data></Cell>
			<Cell><Data ss:Type="Number">-9.53</Data></Cell>
			<Cell><Data ss:Type="Number">-0.05</Data></Cell>
			<Cell><Data ss:Type="Number">-0.9</Data></Cell>
			<Cell><Data ss:Type="Number">22.9</Data></Cell>
			<Cell><Data ss:Type="Number">39.1</Data></Cell>
			<Cell><Data ss:Type="Number">0</Data></Cell>
			<Cell><Data ss:Type="Number">0</Data></Cell>
			<Cell><Data ss:Type="String">2023-12-07 16:49:57.833783</Data></Cell>
		</Row>
		<Row>
			<Cell><Data ss:Type="String">1200</Data></Cell>
			<Cell><Data ss:Type="Number">0.26</Data></Cell>
			<Cell><Data ss:Type="Number">-10.07</Data></Cell>
			<Cell><Data ss:Type="Number">0.37</Data></Cell>
			<Cell><Data ss:Type="Number">-9.5</Data></Cell>
			<Cell><Data ss:Type="Number">-0.06</Data></Cell>
			<Cell><Data ss:Type="Number">-0.91</Data></Cell>
			<Cell><Data ss:Type="Number">22.9</Data></Cell>
			<Cell><Data ss:Type="Number">39.1</Data></Cell>
			<Cell><Data ss:Type="Number">0</Data></Cell>
			<Cell><Data ss:Type="Number">0</Data></Cell>
			<Cell><Data ss:Type="String">2023-12-07 16:49:57.831867</Data></Cell>
		</Row>
		<Row>
			<Cell><Data ss:Type="String">1199</Data></Cell>
			<Cell><Data ss:Type="Number">0.28</Data></Cell>
			<Cell><Data ss:Type="Number">-10.03</Data></Cell>
			<Cell><Data ss:Type="Number">0.17</Data></Cell>
			<Cell><Data ss:Type="Number">-9.46</Data></Cell>
			<Cell><Data ss:Type="Number">-0.06</Data></Cell>
			<Cell><Data ss:Type="Number">-0.89</Data></Cell>
			<Cell><Data ss:Type="Number">22.9</Data></Cell>
			<Cell><Data ss:Type="Number">39.1</Data></Cell>
			<Cell><Data ss:Type="Number">0</Data></Cell>
			<Cell><Data ss:Type="Number">0</Data></Cell>
			<Cell><Data ss:Type="String">2023-12-07 16:49:57.829885</Data></Cell>
		</Row>
		<Row>
			<Cell><Data ss:Type="String">1198</Data></Cell>
			<Cell><Data ss:Type="Number">0.29</Data></Cell>
			<Cell><Data ss:Type="Number">-9.97</Data></Cell>
			<Cell><Data ss:Type="Number">0.08</Data></Cell>
			<Cell><Data ss:Type="Number">-9.43</Data></Cell>
			<Cell><Data ss:Type="Number">-0.07</Data></Cell>
			<Cell><Data ss:Type="Number">-0.92</Data></Cell>
			<Cell><Data ss:Type="Number">22.9</Data></Cell>
			<Cell><Data ss:Type="Number">39.1</Data></Cell>
			<Cell><Data ss:Type="Number">0</Data></Cell>
			<Cell><Data ss:Type="Number">0</Data></Cell>
			<Cell><Data ss:Type="String">2023-12-07 16:49:57.828140</Data></Cell>
		</Row>
		<Row>
			<Cell><Data ss:Type="String">1197</Data></Cell>
			<Cell><Data ss:Type="Number">0.31</Data></Cell>
			<Cell><Data ss:Type="Number">-10.14</Data></Cell>
			<Cell><Data ss:Type="Number">0.15</Data></Cell>
			<Cell><Data ss:Type="Number">-9.48</Data></Cell>
			<Cell><Data ss:Type="Number">-0.08</Data></Cell>
			<Cell><Data ss:Type="Number">-0.94</Data></Cell>
			<Cell><Data ss:Type="Number">22.9</Data></Cell>
			<Cell><Data ss:Type="Number">39.1</Data></Cell>
			<Cell><Data ss:Type="Number">0</Data></Cell>
			<Cell><Data ss:Type="Number">0</Data></Cell>
			<Cell><Data ss:Type="String">2023-12-07 16:49:57.826248</Data></Cell>
		</Row>
		<Row>
			<Cell><Data ss:Type="String">1196</Data></Cell>
			<Cell><Data ss:Type="Number">0.27</Data></Cell>
			<Cell><Data ss:Type="Number">-10.04</Data></Cell>
			<Cell><Data ss:Type="Number">0.11</Data></Cell>
			<Cell><Data ss:Type="Number">-9.48</Data></Cell>
			<Cell><Data ss:Type="Number">-0.08</Data></Cell>
			<Cell><Data ss:Type="Number">-0.92</Data></Cell>
			<Cell><Data ss:Type="Number">22.9</Data></Cell>
			<Cell><Data ss:Type="Number">39.1</Data></Cell>
			<Cell><Data ss:Type="Number">0</Data></Cell>
			<Cell><Data ss:Type="Number">0</Data></Cell>
			<Cell><Data ss:Type="String">2023-12-07 16:49:57.607747</Data></Cell>
		</Row>
		<Row>
			<Cell><Data ss:Type="String">1195</Data></Cell>
			<Cell><Data ss:Type="Number">0.26</Data></Cell>
			<Cell><Data ss:Type="Number">-10.1</Data></Cell>
			<Cell><Data ss:Type="Number">-0.01</Data></Cell>
			<Cell><Data ss:Type="Number">-9.53</Data></Cell>
			<Cell><Data ss:Type="Number">-0.07</Data></Cell>
			<Cell><Data ss:Type="Number">-0.91</Data></Cell>
			<Cell><Data ss:Type="Number">22.9</Data></Cell>
			<Cell><Data ss:Type="Number">39.1</Data></Cell>
			<Cell><Data ss:Type="Number">0</Data></Cell>
			<Cell><Data ss:Type="Number">0</Data></Cell>
			<Cell><Data ss:Type="String">2023-12-07 16:49:57.563155</Data></Cell>
		</Row>
		<Row>
			<Cell><Data ss:Type="String">1194</Data></Cell>
			<Cell><Data ss:Type="Number">0.26</Data></Cell>
			<Cell><Data ss:Type="Number">-9.93</Data></Cell>
			<Cell><Data ss:Type="Number">0.21</Data></Cell>
			<Cell><Data ss:Type="Number">-9.5</Data></Cell>
			<Cell><Data ss:Type="Number">-0.08</Data></Cell>
			<Cell><Data ss:Type="Number">-0.94</Data></Cell>
			<Cell><Data ss:Type="Number">22.9</Data></Cell>
			<Cell><Data ss:Type="Number">39.1</Data></Cell>
			<Cell><Data ss:Type="Number">0</Data></Cell>
			<Cell><Data ss:Type="Number">0</Data></Cell>
			<Cell><Data ss:Type="String">2023-12-07 16:49:57.507694</Data></Cell>
		</Row>
		<Row>
			<Cell><Data ss:Type="String">1193</Data></Cell>
			<Cell><Data ss:Type="Number">0.32</Data></Cell>
			<Cell><Data ss:Type="Number">-10.2</Data></Cell>
			<Cell><Data ss:Type="Number">0.2</Data></Cell>
			<Cell><Data ss:Type="Number">-9.52</Data></Cell>
			<Cell><Data ss:Type="Number">-0.08</Data></Cell>
			<Cell><Data ss:Type="Number">-0.92</Data></Cell>
			<Cell><Data ss:Type="Number">22.9</Data></Cell>
			<Cell><Data ss:Type="Number">39.1</Data></Cell>
			<Cell><Data ss:Type="Number">0</Data></Cell>
			<Cell><Data ss:Type="Number">0</Data></Cell>
			<Cell><Data ss:Type="String">2023-12-07 16:49:57.488677</Data></Cell>
		</Row>
		<Row>
			<Cell><Data ss:Type="String">1192</Data></Cell>
			<Cell><Data ss:Type="Number">0.14</Data></Cell>
			<Cell><Data ss:Type="Number">-10.12</Data></Cell>
			<Cell><Data ss:Type="Number">0.18</Data></Cell>
			<Cell><Data ss:Type="Number">-9.5</Data></Cell>
			<Cell><Data ss:Type="Number">-0.07</Data></Cell>
			<Cell><Data ss:Type="Number">-0.92</Data></Cell>
			<Cell><Data ss:Type="Number">22.9</Data></Cell>
			<Cell><Data ss:Type="Number">39.1</Data></Cell>
			<Cell><Data ss:Type="Number">0</Data></Cell>
			<Cell><Data ss:Type="Number">0</Data></Cell>
			<Cell><Data ss:Type="String">2023-12-07 16:49:57.486363</Data></Cell>
		</Row>
		<Row>
			<Cell><Data ss:Type="String">1191</Data></Cell>
			<Cell><Data ss:Type="Number">0.22</Data></Cell>
			<Cell><Data ss:Type="Number">-10.06</Data></Cell>
			<Cell><Data ss:Type="Number">0.38</Data></Cell>
			<Cell><Data ss:Type="Number">-9.41</Data></Cell>
			<Cell><Data ss:Type="Number">-0.05</Data></Cell>
			<Cell><Data ss:Type="Number">-0.89</Data></Cell>
			<Cell><Data ss:Type="Number">22.9</Data></Cell>
			<Cell><Data ss:Type="Number">39.1</Data></Cell>
			<Cell><Data ss:Type="Number">0</Data></Cell>
			<Cell><Data ss:Type="Number">0</Data></Cell>
			<Cell><Data ss:Type="String">2023-12-07 16:49:57.436880</Data></Cell>
		</Row>
		<Row>
			<Cell><Data ss:Type="String">1190</Data></Cell>
			<Cell><Data ss:Type="Number">0.27</Data></Cell>
			<Cell><Data ss:Type="Number">-10.1</Data></Cell>
			<Cell><Data ss:Type="Number">0.09</Data></Cell>
			<Cell><Data ss:Type="Number">-9.49</Data></Cell>
			<Cell><Data ss:Type="Number">-0.09</Data></Cell>
			<Cell><Data ss:Type="Number">-0.97</Data></Cell>
			<Cell><Data ss:Type="Number">22.9</Data></Cell>
			<Cell><Data ss:Type="Number">39.1</Data></Cell>
			<Cell><Data ss:Type="Number">0</Data></Cell>
			<Cell><Data ss:Type="Number">0</Data></Cell>
			<Cell><Data ss:Type="String">2023-12-07 16:49:57.394128</Data></Cell>
		</Row>
		<Row>
			<Cell><Data ss:Type="String">1189</Data></Cell>
			<Cell><Data ss:Type="Number">0.28</Data></Cell>
			<Cell><Data ss:Type="Number">-10.12</Data></Cell>
			<Cell><Data ss:Type="Number">0.27</Data></Cell>
			<Cell><Data ss:Type="Number">-9.53</Data></Cell>
			<Cell><Data ss:Type="Number">-0.1</Data></Cell>
			<Cell><Data ss:Type="Number">-0.86</Data></Cell>
			<Cell><Data ss:Type="Number">22.9</Data></Cell>
			<Cell><Data ss:Type="Number">39.1</Data></Cell>
			<Cell><Data ss:Type="Number">0</Data></Cell>
			<Cell><Data ss:Type="Number">0</Data></Cell>
			<Cell><Data ss:Type="String">2023-12-07 16:49:57.349697</Data></Cell>
		</Row>
		<Row>
			<Cell><Data ss:Type="String">1188</Data></Cell>
			<Cell><Data ss:Type="Number">0.22</Data></Cell>
			<Cell><Data ss:Type="Number">-10.15</Data></Cell>
			<Cell><Data ss:Type="Number">0.17</Data></Cell>
			<Cell><Data ss:Type="Number">-9.47</Data></Cell>
			<Cell><Data ss:Type="Number">-0.08</Data></Cell>
			<Cell><Data ss:Type="Number">-0.9</Data></Cell>
			<Cell><Data ss:Type="Number">22.9</Data></Cell>
			<Cell><Data ss:Type="Number">39.1</Data></Cell>
			<Cell><Data ss:Type="Number">0</Data></Cell>
			<Cell><Data ss:Type="Number">0</Data></Cell>
			<Cell><Data ss:Type="String">2023-12-07 16:49:57.348067</Data></Cell>
		</Row>
		<Row>
			<Cell><Data ss:Type="String">1187</Data></Cell>
			<Cell><Data ss:Type="Number">0.11</Data></Cell>
			<Cell><Data ss:Type="Number">-10.02</Data></Cell>
			<Cell><Data ss:Type="Number">-0.04</Data></Cell>
			<Cell><Data ss:Type="Number">-9.45</Data></Cell>
			<Cell><Data ss:Type="Number">-0</Data></Cell>
			<Cell><Data ss:Type="Number">-0.96</Data></Cell>
			<Cell><Data ss:Type="Number">22.9</Data></Cell>
			<Cell><Data ss:Type="Number">39.1</Data></Cell>
			<Cell><Data ss:Type="Number">0</Data></Cell>
			<Cell><Data ss:Type="Number">0</Data></Cell>
			<Cell><Data ss:Type="String">2023-12-07 16:49:57.301227</Data></Cell>
		</Row>
		<Row>
			<Cell><Data ss:Type="String">1186</Data></Cell>
			<Cell><Data ss:Type="Number">0.35</Data></Cell>
			<Cell><Data ss:Type="Number">-9.95</Data></Cell>
			<Cell><Data ss:Type="Number">0.15</Data></Cell>
			<Cell><Data ss:Type="Number">-9.43</Data></Cell>
			<Cell><Data ss:Type="Number">-0.06</Data></Cell>
			<Cell><Data ss:Type="Number">-0.9</Data></Cell>
			<Cell><Data ss:Type="Number">22.9</Data></Cell>
			<Cell><Data ss:Type="Number">39.1</Data></Cell>
			<Cell><Data ss:Type="Number">0</Data></Cell>
			<Cell><Data ss:Type="Number">0</Data></Cell>
			<Cell><Data ss:Type="String">2023-12-07 16:49:57.257093</Data></Cell>
		</Row>
		<Row>
			<Cell><Data ss:Type="String">1185</Data></Cell>
			<Cell><Data ss:Type="Number">-0.18</Data></Cell>
			<Cell><Data ss:Type="Number">-10.07</Data></Cell>
			<Cell><Data ss:Type="Number">0.22</Data></Cell>
			<Cell><Data ss:Type="Number">-9.51</Data></Cell>
			<Cell><Data ss:Type="Number">-0.28</Data></Cell>
			<Cell><Data ss:Type="Number">-0.98</Data></Cell>
			<Cell><Data ss:Type="Number">22.9</Data></Cell>
			<Cell><Data ss:Type="Number">39.1</Data></Cell>
			<Cell><Data ss:Type="Number">0</Data></Cell>
			<Cell><Data ss:Type="Number">0</Data></Cell>
			<Cell><Data ss:Type="String">2023-12-07 16:49:57.217133</Data></Cell>
		</Row>
		<Row>
			<Cell><Data ss:Type="String">1184</Data></Cell>
			<Cell><Data ss:Type="Number">0.11</Data></Cell>
			<Cell><Data ss:Type="Number">-10.23</Data></Cell>
			<Cell><Data ss:Type="Number">0.17</Data></Cell>
			<Cell><Data ss:Type="Number">-9.53</Data></Cell>
			<Cell><Data ss:Type="Number">-0.04</Data></Cell>
			<Cell><Data ss:Type="Number">-0.84</Data></Cell>
			<Cell><Data ss:Type="Number">22.9</Data></Cell>
			<Cell><Data ss:Type="Number">39.1</Data></Cell>
			<Cell><Data ss:Type="Number">0</Data></Cell>
			<Cell><Data ss:Type="Number">0</Data></Cell>
			<Cell><Data ss:Type="String">2023-12-07 16:49:57.215462</Data></Cell>
		</Row>
		<Row>
			<Cell><Data ss:Type="String">1183</Data></Cell>
			<Cell><Data ss:Type="Number">1.27</Data></Cell>
			<Cell><Data ss:Type="Number">-10.15</Data></Cell>
			<Cell><Data ss:Type="Number">-0.12</Data></Cell>
			<Cell><Data ss:Type="Number">-9.49</Data></Cell>
			<Cell><Data ss:Type="Number">0.3</Data></Cell>
			<Cell><Data ss:Type="Number">-0.9</Data></Cell>
			<Cell><Data ss:Type="Number">22.9</Data></Cell>
			<Cell><Data ss:Type="Number">39.1</Data></Cell>
			<Cell><Data ss:Type="Number">0</Data></Cell>
			<Cell><Data ss:Type="Number">0</Data></Cell>
			<Cell><Data ss:Type="String">2023-12-07 16:49:57.213833</Data></Cell>
		</Row>
		<Row>
			<Cell><Data ss:Type="String">1182</Data></Cell>
			<Cell><Data ss:Type="Number">1.04</Data></Cell>
			<Cell><Data ss:Type="Number">-9.9</Data></Cell>
			<Cell><Data ss:Type="Number">0.21</Data></Cell>
			<Cell><Data ss:Type="Number">-9.47</Data></Cell>
			<Cell><Data ss:Type="Number">-0.34</Data></Cell>
			<Cell><Data ss:Type="Number">-0.99</Data></Cell>
			<Cell><Data ss:Type="Number">22.9</Data></Cell>
			<Cell><Data ss:Type="Number">39.1</Data></Cell>
			<Cell><Data ss:Type="Number">0</Data></Cell>
			<Cell><Data ss:Type="Number">0</Data></Cell>
			<Cell><Data ss:Type="String">2023-12-07 16:49:57.211887</Data></Cell>
		</Row>
		<Row>
			<Cell><Data ss:Type="String">1181</Data></Cell>
			<Cell><Data ss:Type="Number">0.86</Data></Cell>
			<Cell><Data ss:Type="Number">-9.88</Data></Cell>
			<Cell><Data ss:Type="Number">0.66</Data></Cell>
			<Cell><Data ss:Type="Number">-9.39</Data></Cell>
			<Cell><Data ss:Type="Number">-0.69</Data></Cell>
			<Cell><Data ss:Type="Number">-0.74</Data></Cell>
			<Cell><Data ss:Type="Number">22.9</Data></Cell>
			<Cell><Data ss:Type="Number">39.1</Data></Cell>
			<Cell><Data ss:Type="Number">0</Data></Cell>
			<Cell><Data ss:Type="Number">0</Data></Cell>
			<Cell><Data ss:Type="String">2023-12-07 16:49:57.089649</Data></Cell>
		</Row>
		<Row>
			<Cell><Data ss:Type="String">1180</Data></Cell>
			<Cell><Data ss:Type="Number">1.74</Data></Cell>
			<Cell><Data ss:Type="Number">-10.38</Data></Cell>
			<Cell><Data ss:Type="Number">-1.22</Data></Cell>
			<Cell><Data ss:Type="Number">-9.67</Data></Cell>
			<Cell><Data ss:Type="Number">0.95</Data></Cell>
			<Cell><Data ss:Type="Number">-1.11</Data></Cell>
			<Cell><Data ss:Type="Number">22.9</Data></Cell>
			<Cell><Data ss:Type="Number">39.1</Data></Cell>
			<Cell><Data ss:Type="Number">0</Data></Cell>
			<Cell><Data ss:Type="Number">0</Data></Cell>
			<Cell><Data ss:Type="String">2023-12-07 16:49:57.043107</Data></Cell>
		</Row>
		<Row>
			<Cell><Data ss:Type="String">1179</Data></Cell>
			<Cell><Data ss:Type="Number">-0.05</Data></Cell>
			<Cell><Data ss:Type="Number">-9.89</Data></Cell>
			<Cell><Data ss:Type="Number">0.33</Data></Cell>
			<Cell><Data ss:Type="Number">-9.48</Data></Cell>
			<Cell><Data ss:Type="Number">0.51</Data></Cell>
			<Cell><Data ss:Type="Number">-0.85</Data></Cell>
			<Cell><Data ss:Type="Number">22.9</Data></Cell>
			<Cell><Data ss:Type="Number">39.1</Data></Cell>
			<Cell><Data ss:Type="Number">0</Data></Cell>
			<Cell><Data ss:Type="Number">0</Data></Cell>
			<Cell><Data ss:Type="String">2023-12-07 16:49:57.040936</Data></Cell>
		</Row>
		<Row>
			<Cell><Data ss:Type="String">1178</Data></Cell>
			<Cell><Data ss:Type="Number">2.62</Data></Cell>
			<Cell><Data ss:Type="Number">-10.39</Data></Cell>
			<Cell><Data ss:Type="Number">3.12</Data></Cell>
			<Cell><Data ss:Type="Number">-12</Data></Cell>
			<Cell><Data ss:Type="Number">-2.5</Data></Cell>
			<Cell><Data ss:Type="Number">-1.34</Data></Cell>
			<Cell><Data ss:Type="Number">22.9</Data></Cell>
			<Cell><Data ss:Type="Number">39.1</Data></Cell>
			<Cell><Data ss:Type="Number">0</Data></Cell>
			<Cell><Data ss:Type="Number">0</Data></Cell>
			<Cell><Data ss:Type="String">2023-12-07 16:49:56.995180</Data></Cell>
		</Row>
		<Row>
			<Cell><Data ss:Type="String">1177</Data></Cell>
			<Cell><Data ss:Type="Number">0.04</Data></Cell>
			<Cell><Data ss:Type="Number">-10.68</Data></Cell>
			<Cell><Data ss:Type="Number">-0.32</Data></Cell>
			<Cell><Data ss:Type="Number">-9.41</Data></Cell>
			<Cell><Data ss:Type="Number">-0.06</Data></Cell>
			<Cell><Data ss:Type="Number">-0.97</Data></Cell>
			<Cell><Data ss:Type="Number">22.9</Data></Cell>
			<Cell><Data ss:Type="Number">39.1</Data></Cell>
			<Cell><Data ss:Type="Number">0</Data></Cell>
			<Cell><Data ss:Type="Number">0</Data></Cell>
			<Cell><Data ss:Type="String">2023-12-07 16:49:56.951993</Data></Cell>
		</Row>
		<Row>
			<Cell><Data ss:Type="String">1176</Data></Cell>
			<Cell><Data ss:Type="Number">-0.04</Data></Cell>
			<Cell><Data ss:Type="Number">-9.68</Data></Cell>
			<Cell><Data ss:Type="Number">0.41</Data></Cell>
			<Cell><Data ss:Type="Number">-9.45</Data></Cell>
			<Cell><Data ss:Type="Number">-0.04</Data></Cell>
			<Cell><Data ss:Type="Number">-0.87</Data></Cell>
			<Cell><Data ss:Type="Number">22.9</Data></Cell>
			<Cell><Data ss:Type="Number">39.1</Data></Cell>
			<Cell><Data ss:Type="Number">0</Data></Cell>
			<Cell><Data ss:Type="Number">0</Data></Cell>
			<Cell><Data ss:Type="String">2023-12-07 16:49:56.949735</Data></Cell>
		</Row>
		<Row>
			<Cell><Data ss:Type="String">1175</Data></Cell>
			<Cell><Data ss:Type="Number">0.15</Data></Cell>
			<Cell><Data ss:Type="Number">-10.19</Data></Cell>
			<Cell><Data ss:Type="Number">-0.01</Data></Cell>
			<Cell><Data ss:Type="Number">-9.59</Data></Cell>
			<Cell><Data ss:Type="Number">-0.08</Data></Cell>
			<Cell><Data ss:Type="Number">-0.93</Data></Cell>
			<Cell><Data ss:Type="Number">22.9</Data></Cell>
			<Cell><Data ss:Type="Number">39.1</Data></Cell>
			<Cell><Data ss:Type="Number">0</Data></Cell>
			<Cell><Data ss:Type="Number">0</Data></Cell>
			<Cell><Data ss:Type="String">2023-12-07 16:49:56.907016</Data></Cell>
		</Row>
		<Row>
			<Cell><Data ss:Type="String">1174</Data></Cell>
			<Cell><Data ss:Type="Number">0.03</Data></Cell>
			<Cell><Data ss:Type="Number">-10.39</Data></Cell>
			<Cell><Data ss:Type="Number">0.24</Data></Cell>
			<Cell><Data ss:Type="Number">-9.46</Data></Cell>
			<Cell><Data ss:Type="Number">-0.19</Data></Cell>
			<Cell><Data ss:Type="Number">-0.89</Data></Cell>
			<Cell><Data ss:Type="Number">22.9</Data></Cell>
			<Cell><Data ss:Type="Number">39.1</Data></Cell>
			<Cell><Data ss:Type="Number">0</Data></Cell>
			<Cell><Data ss:Type="Number">0</Data></Cell>
			<Cell><Data ss:Type="String">2023-12-07 16:49:56.904895</Data></Cell>
		</Row>
		<Row>
			<Cell><Data ss:Type="String">1173</Data></Cell>
			<Cell><Data ss:Type="Number">0.76</Data></Cell>
			<Cell><Data ss:Type="Number">-9.01</Data></Cell>
			<Cell><Data ss:Type="Number">0.39</Data></Cell>
			<Cell><Data ss:Type="Number">-9.6</Data></Cell>
			<Cell><Data ss:Type="Number">-0.08</Data></Cell>
			<Cell><Data ss:Type="Number">-0.91</Data></Cell>
			<Cell><Data ss:Type="Number">22.9</Data></Cell>
			<Cell><Data ss:Type="Number">39.1</Data></Cell>
			<Cell><Data ss:Type="Number">0</Data></Cell>
			<Cell><Data ss:Type="Number">0</Data></Cell>
			<Cell><Data ss:Type="String">2023-12-07 16:49:56.817021</Data></Cell>
		</Row>
		<Row>
			<Cell><Data ss:Type="String">1172</Data></Cell>
			<Cell><Data ss:Type="Number">0.17</Data></Cell>
			<Cell><Data ss:Type="Number">-10.21</Data></Cell>
			<Cell><Data ss:Type="Number">-0.11</Data></Cell>
			<Cell><Data ss:Type="Number">-9.45</Data></Cell>
			<Cell><Data ss:Type="Number">-0.08</Data></Cell>
			<Cell><Data ss:Type="Number">-0.94</Data></Cell>
			<Cell><Data ss:Type="Number">22.9</Data></Cell>
			<Cell><Data ss:Type="Number">39.1</Data></Cell>
			<Cell><Data ss:Type="Number">0</Data></Cell>
			<Cell><Data ss:Type="Number">0</Data></Cell>
			<Cell><Data ss:Type="String">2023-12-07 16:49:56.815317</Data></Cell>
		</Row>
		<Row>
			<Cell><Data ss:Type="String">1171</Data></Cell>
			<Cell><Data ss:Type="Number">0.34</Data></Cell>
			<Cell><Data ss:Type="Number">-9.91</Data></Cell>
			<Cell><Data ss:Type="Number">0.27</Data></Cell>
			<Cell><Data ss:Type="Number">-9.48</Data></Cell>
			<Cell><Data ss:Type="Number">-0</Data></Cell>
			<Cell><Data ss:Type="Number">-0.89</Data></Cell>
			<Cell><Data ss:Type="Number">22.9</Data></Cell>
			<Cell><Data ss:Type="Number">39.1</Data></Cell>
			<Cell><Data ss:Type="Number">0</Data></Cell>
			<Cell><Data ss:Type="Number">0</Data></Cell>
			<Cell><Data ss:Type="String">2023-12-07 16:49:56.765660</Data></Cell>
		</Row>
		<Row>
			<Cell><Data ss:Type="String">1170</Data></Cell>
			<Cell><Data ss:Type="Number">0.44</Data></Cell>
			<Cell><Data ss:Type="Number">-10.53</Data></Cell>
			<Cell><Data ss:Type="Number">-0.18</Data></Cell>
			<Cell><Data ss:Type="Number">-9.54</Data></Cell>
			<Cell><Data ss:Type="Number">-0.12</Data></Cell>
			<Cell><Data ss:Type="Number">-0.91</Data></Cell>
			<Cell><Data ss:Type="Number">22.9</Data></Cell>
			<Cell><Data ss:Type="Number">39.1</Data></Cell>
			<Cell><Data ss:Type="Number">0</Data></Cell>
			<Cell><Data ss:Type="Number">0</Data></Cell>
			<Cell><Data ss:Type="String">2023-12-07 16:49:56.721306</Data></Cell>
		</Row>
		<Row>
			<Cell><Data ss:Type="String">1169</Data></Cell>
			<Cell><Data ss:Type="Number">0.11</Data></Cell>
			<Cell><Data ss:Type="Number">-10.57</Data></Cell>
			<Cell><Data ss:Type="Number">0.02</Data></Cell>
			<Cell><Data ss:Type="Number">-9.56</Data></Cell>
			<Cell><Data ss:Type="Number">-0.13</Data></Cell>
			<Cell><Data ss:Type="Number">-0.9</Data></Cell>
			<Cell><Data ss:Type="Number">22.9</Data></Cell>
			<Cell><Data ss:Type="Number">39.1</Data></Cell>
			<Cell><Data ss:Type="Number">0</Data></Cell>
			<Cell><Data ss:Type="Number">0</Data></Cell>
			<Cell><Data ss:Type="String">2023-12-07 16:49:56.678113</Data></Cell>
		</Row>
		<Row>
			<Cell><Data ss:Type="String">1168</Data></Cell>
			<Cell><Data ss:Type="Number">0.12</Data></Cell>
			<Cell><Data ss:Type="Number">-10.25</Data></Cell>
			<Cell><Data ss:Type="Number">0.27</Data></Cell>
			<Cell><Data ss:Type="Number">-9.4</Data></Cell>
			<Cell><Data ss:Type="Number">-0.09</Data></Cell>
			<Cell><Data ss:Type="Number">-0.95</Data></Cell>
			<Cell><Data ss:Type="Number">22.9</Data></Cell>
			<Cell><Data ss:Type="Number">39.1</Data></Cell>
			<Cell><Data ss:Type="Number">0</Data></Cell>
			<Cell><Data ss:Type="Number">0</Data></Cell>
			<Cell><Data ss:Type="String">2023-12-07 16:49:56.676639</Data></Cell>
		</Row>
		<Row>
			<Cell><Data ss:Type="String">1167</Data></Cell>
			<Cell><Data ss:Type="Number">0.1</Data></Cell>
			<Cell><Data ss:Type="Number">-10.31</Data></Cell>
			<Cell><Data ss:Type="Number">-0.25</Data></Cell>
			<Cell><Data ss:Type="Number">-9.61</Data></Cell>
			<Cell><Data ss:Type="Number">-0.06</Data></Cell>
			<Cell><Data ss:Type="Number">-0.93</Data></Cell>
			<Cell><Data ss:Type="Number">22.9</Data></Cell>
			<Cell><Data ss:Type="Number">39.1</Data></Cell>
			<Cell><Data ss:Type="Number">0</Data></Cell>
			<Cell><Data ss:Type="Number">0</Data></Cell>
			<Cell><Data ss:Type="String">2023-12-07 16:49:56.628051</Data></Cell>
		</Row>
		<Row>
			<Cell><Data ss:Type="String">1166</Data></Cell>
			<Cell><Data ss:Type="Number">0.58</Data></Cell>
			<Cell><Data ss:Type="Number">-9.78</Data></Cell>
			<Cell><Data ss:Type="Number">0.16</Data></Cell>
			<Cell><Data ss:Type="Number">-9.43</Data></Cell>
			<Cell><Data ss:Type="Number">-0.07</Data></Cell>
			<Cell><Data ss:Type="Number">-0.91</Data></Cell>
			<Cell><Data ss:Type="Number">22.9</Data></Cell>
			<Cell><Data ss:Type="Number">39.1</Data></Cell>
			<Cell><Data ss:Type="Number">0</Data></Cell>
			<Cell><Data ss:Type="Number">0</Data></Cell>
			<Cell><Data ss:Type="String">2023-12-07 16:49:56.586835</Data></Cell>
		</Row>
		<Row>
			<Cell><Data ss:Type="String">1165</Data></Cell>
			<Cell><Data ss:Type="Number">-0.24</Data></Cell>
			<Cell><Data ss:Type="Number">-9.92</Data></Cell>
			<Cell><Data ss:Type="Number">-0.08</Data></Cell>
			<Cell><Data ss:Type="Number">-9.3</Data></Cell>
			<Cell><Data ss:Type="Number">-0.06</Data></Cell>
			<Cell><Data ss:Type="Number">-0.94</Data></Cell>
			<Cell><Data ss:Type="Number">22.9</Data></Cell>
			<Cell><Data ss:Type="Number">39.1</Data></Cell>
			<Cell><Data ss:Type="Number">0</Data></Cell>
			<Cell><Data ss:Type="Number">0</Data></Cell>
			<Cell><Data ss:Type="String">2023-12-07 16:49:56.584290</Data></Cell>
		</Row>
		<Row>
			<Cell><Data ss:Type="String">1164</Data></Cell>
			<Cell><Data ss:Type="Number">-0.14</Data></Cell>
			<Cell><Data ss:Type="Number">-10.1</Data></Cell>
			<Cell><Data ss:Type="Number">0.12</Data></Cell>
			<Cell><Data ss:Type="Number">-9.48</Data></Cell>
			<Cell><Data ss:Type="Number">-0.04</Data></Cell>
			<Cell><Data ss:Type="Number">-0.93</Data></Cell>
			<Cell><Data ss:Type="Number">22.9</Data></Cell>
			<Cell><Data ss:Type="Number">39.1</Data></Cell>
			<Cell><Data ss:Type="Number">0</Data></Cell>
			<Cell><Data ss:Type="Number">0</Data></Cell>
			<Cell><Data ss:Type="String">2023-12-07 16:49:56.582452</Data></Cell>
		</Row>
		<Row>
			<Cell><Data ss:Type="String">1163</Data></Cell>
			<Cell><Data ss:Type="Number">0.25</Data></Cell>
			<Cell><Data ss:Type="Number">-10.44</Data></Cell>
			<Cell><Data ss:Type="Number">0.37</Data></Cell>
			<Cell><Data ss:Type="Number">-9.59</Data></Cell>
			<Cell><Data ss:Type="Number">-0.12</Data></Cell>
			<Cell><Data ss:Type="Number">-0.9</Data></Cell>
			<Cell><Data ss:Type="Number">22.9</Data></Cell>
			<Cell><Data ss:Type="Number">39.1</Data></Cell>
			<Cell><Data ss:Type="Number">0</Data></Cell>
			<Cell><Data ss:Type="Number">0</Data></Cell>
			<Cell><Data ss:Type="String">2023-12-07 16:49:56.580674</Data></Cell>
		</Row>
		<Row>
			<Cell><Data ss:Type="String">1162</Data></Cell>
			<Cell><Data ss:Type="Number">0.61</Data></Cell>
			<Cell><Data ss:Type="Number">-10.12</Data></Cell>
			<Cell><Data ss:Type="Number">0.21</Data></Cell>
			<Cell><Data ss:Type="Number">-9.47</Data></Cell>
			<Cell><Data ss:Type="Number">-0.11</Data></Cell>
			<Cell><Data ss:Type="Number">-0.91</Data></Cell>
			<Cell><Data ss:Type="Number">22.9</Data></Cell>
			<Cell><Data ss:Type="Number">39.1</Data></Cell>
			<Cell><Data ss:Type="Number">0</Data></Cell>
			<Cell><Data ss:Type="Number">0</Data></Cell>
			<Cell><Data ss:Type="String">2023-12-07 16:49:56.578751</Data></Cell>
		</Row>
		<Row>
			<Cell><Data ss:Type="String">1161</Data></Cell>
			<Cell><Data ss:Type="Number">0.61</Data></Cell>
			<Cell><Data ss:Type="Number">-10.16</Data></Cell>
			<Cell><Data ss:Type="Number">0.41</Data></Cell>
			<Cell><Data ss:Type="Number">-9.52</Data></Cell>
			<Cell><Data ss:Type="Number">-0.07</Data></Cell>
			<Cell><Data ss:Type="Number">-0.93</Data></Cell>
			<Cell><Data ss:Type="Number">22.9</Data></Cell>
			<Cell><Data ss:Type="Number">39.1</Data></Cell>
			<Cell><Data ss:Type="Number">0</Data></Cell>
			<Cell><Data ss:Type="Number">0</Data></Cell>
			<Cell><Data ss:Type="String">2023-12-07 16:49:56.577167</Data></Cell>
		</Row>
		<Row>
			<Cell><Data ss:Type="String">1160</Data></Cell>
			<Cell><Data ss:Type="Number">0.45</Data></Cell>
			<Cell><Data ss:Type="Number">-10.31</Data></Cell>
			<Cell><Data ss:Type="Number">0.11</Data></Cell>
			<Cell><Data ss:Type="Number">-9.36</Data></Cell>
			<Cell><Data ss:Type="Number">-0.05</Data></Cell>
			<Cell><Data ss:Type="Number">-0.93</Data></Cell>
			<Cell><Data ss:Type="Number">22.9</Data></Cell>
			<Cell><Data ss:Type="Number">39.1</Data></Cell>
			<Cell><Data ss:Type="Number">0</Data></Cell>
			<Cell><Data ss:Type="Number">0</Data></Cell>
			<Cell><Data ss:Type="String">2023-12-07 16:49:56.575352</Data></Cell>
		</Row>
		<Row>
			<Cell><Data ss:Type="String">1159</Data></Cell>
			<Cell><Data ss:Type="Number">0.71</Data></Cell>
			<Cell><Data ss:Type="Number">-10.03</Data></Cell>
			<Cell><Data ss:Type="Number">-0.04</Data></Cell>
			<Cell><Data ss:Type="Number">-9.45</Data></Cell>
			<Cell><Data ss:Type="Number">-0.15</Data></Cell>
			<Cell><Data ss:Type="Number">-0.94</Data></Cell>
			<Cell><Data ss:Type="Number">22.9</Data></Cell>
			<Cell><Data ss:Type="Number">39.1</Data></Cell>
			<Cell><Data ss:Type="Number">0</Data></Cell>
			<Cell><Data ss:Type="Number">0</Data></Cell>
			<Cell><Data ss:Type="String">2023-12-07 16:49:56.340735</Data></Cell>
		</Row>
		<Row>
			<Cell><Data ss:Type="String">1158</Data></Cell>
			<Cell><Data ss:Type="Number">0.65</Data></Cell>
			<Cell><Data ss:Type="Number">-10.14</Data></Cell>
			<Cell><Data ss:Type="Number">0.61</Data></Cell>
			<Cell><Data ss:Type="Number">-9.55</Data></Cell>
			<Cell><Data ss:Type="Number">-0.11</Data></Cell>
			<Cell><Data ss:Type="Number">-0.91</Data></Cell>
			<Cell><Data ss:Type="Number">22.9</Data></Cell>
			<Cell><Data ss:Type="Number">39.1</Data></Cell>
			<Cell><Data ss:Type="Number">0</Data></Cell>
			<Cell><Data ss:Type="Number">0</Data></Cell>
			<Cell><Data ss:Type="String">2023-12-07 16:49:56.337923</Data></Cell>
		</Row>
		<Row>
			<Cell><Data ss:Type="String">1157</Data></Cell>
			<Cell><Data ss:Type="Number">0.35</Data></Cell>
			<Cell><Data ss:Type="Number">-10.15</Data></Cell>
			<Cell><Data ss:Type="Number">0.13</Data></Cell>
			<Cell><Data ss:Type="Number">-9.45</Data></Cell>
			<Cell><Data ss:Type="Number">-0.05</Data></Cell>
			<Cell><Data ss:Type="Number">-0.9</Data></Cell>
			<Cell><Data ss:Type="Number">22.9</Data></Cell>
			<Cell><Data ss:Type="Number">39.1</Data></Cell>
			<Cell><Data ss:Type="Number">0</Data></Cell>
			<Cell><Data ss:Type="Number">0</Data></Cell>
			<Cell><Data ss:Type="String">2023-12-07 16:49:56.298729</Data></Cell>
		</Row>
		<Row>
			<Cell><Data ss:Type="String">1156</Data></Cell>
			<Cell><Data ss:Type="Number">0.08</Data></Cell>
			<Cell><Data ss:Type="Number">-10.35</Data></Cell>
			<Cell><Data ss:Type="Number">0.23</Data></Cell>
			<Cell><Data ss:Type="Number">-9.37</Data></Cell>
			<Cell><Data ss:Type="Number">-0.11</Data></Cell>
			<Cell><Data ss:Type="Number">-1</Data></Cell>
			<Cell><Data ss:Type="Number">22.9</Data></Cell>
			<Cell><Data ss:Type="Number">39.1</Data></Cell>
			<Cell><Data ss:Type="Number">0</Data></Cell>
			<Cell><Data ss:Type="Number">0</Data></Cell>
			<Cell><Data ss:Type="String">2023-12-07 16:49:56.296902</Data></Cell>
		</Row>
		<Row>
			<Cell><Data ss:Type="String">1155</Data></Cell>
			<Cell><Data ss:Type="Number">0.17</Data></Cell>
			<Cell><Data ss:Type="Number">-10.13</Data></Cell>
			<Cell><Data ss:Type="Number">0.35</Data></Cell>
			<Cell><Data ss:Type="Number">-9.36</Data></Cell>
			<Cell><Data ss:Type="Number">-0.05</Data></Cell>
			<Cell><Data ss:Type="Number">-0.88</Data></Cell>
			<Cell><Data ss:Type="Number">22.9</Data></Cell>
			<Cell><Data ss:Type="Number">39.1</Data></Cell>
			<Cell><Data ss:Type="Number">0</Data></Cell>
			<Cell><Data ss:Type="Number">0</Data></Cell>
			<Cell><Data ss:Type="String">2023-12-07 16:49:56.294834</Data></Cell>
		</Row>
		<Row>
			<Cell><Data ss:Type="String">1154</Data></Cell>
			<Cell><Data ss:Type="Number">0.11</Data></Cell>
			<Cell><Data ss:Type="Number">-10.2</Data></Cell>
			<Cell><Data ss:Type="Number">-0.12</Data></Cell>
			<Cell><Data ss:Type="Number">-9.61</Data></Cell>
			<Cell><Data ss:Type="Number">-0.1</Data></Cell>
			<Cell><Data ss:Type="Number">-0.93</Data></Cell>
			<Cell><Data ss:Type="Number">22.9</Data></Cell>
			<Cell><Data ss:Type="Number">39.1</Data></Cell>
			<Cell><Data ss:Type="Number">0</Data></Cell>
			<Cell><Data ss:Type="Number">0</Data></Cell>
			<Cell><Data ss:Type="String">2023-12-07 16:49:56.293205</Data></Cell>
		</Row>
		<Row>
			<Cell><Data ss:Type="String">1153</Data></Cell>
			<Cell><Data ss:Type="Number">0.88</Data></Cell>
			<Cell><Data ss:Type="Number">-10.31</Data></Cell>
			<Cell><Data ss:Type="Number">0.65</Data></Cell>
			<Cell><Data ss:Type="Number">-9.3</Data></Cell>
			<Cell><Data ss:Type="Number">-0.09</Data></Cell>
			<Cell><Data ss:Type="Number">-0.97</Data></Cell>
			<Cell><Data ss:Type="Number">22.9</Data></Cell>
			<Cell><Data ss:Type="Number">39.1</Data></Cell>
			<Cell><Data ss:Type="Number">0</Data></Cell>
			<Cell><Data ss:Type="Number">0</Data></Cell>
			<Cell><Data ss:Type="String">2023-12-07 16:49:56.291196</Data></Cell>
		</Row>
		<Row>
			<Cell><Data ss:Type="String">1152</Data></Cell>
			<Cell><Data ss:Type="Number">0.48</Data></Cell>
			<Cell><Data ss:Type="Number">-10.44</Data></Cell>
			<Cell><Data ss:Type="Number">0.03</Data></Cell>
			<Cell><Data ss:Type="Number">-9.59</Data></Cell>
			<Cell><Data ss:Type="Number">-0.08</Data></Cell>
			<Cell><Data ss:Type="Number">-0.91</Data></Cell>
			<Cell><Data ss:Type="Number">22.9</Data></Cell>
			<Cell><Data ss:Type="Number">39.1</Data></Cell>
			<Cell><Data ss:Type="Number">0</Data></Cell>
			<Cell><Data ss:Type="Number">0</Data></Cell>
			<Cell><Data ss:Type="String">2023-12-07 16:49:56.109131</Data></Cell>
		</Row>
		<Row>
			<Cell><Data ss:Type="String">1151</Data></Cell>
			<Cell><Data ss:Type="Number">0.05</Data></Cell>
			<Cell><Data ss:Type="Number">-9.69</Data></Cell>
			<Cell><Data ss:Type="Number">-0.04</Data></Cell>
			<Cell><Data ss:Type="Number">-9.34</Data></Cell>
			<Cell><Data ss:Type="Number">-0.09</Data></Cell>
			<Cell><Data ss:Type="Number">-0.92</Data></Cell>
			<Cell><Data ss:Type="Number">22.9</Data></Cell>
			<Cell><Data ss:Type="Number">39.1</Data></Cell>
			<Cell><Data ss:Type="Number">0</Data></Cell>
			<Cell><Data ss:Type="Number">0</Data></Cell>
			<Cell><Data ss:Type="String">2023-12-07 16:49:56.107191</Data></Cell>
		</Row>
		<Row>
			<Cell><Data ss:Type="String">1150</Data></Cell>
			<Cell><Data ss:Type="Number">0.25</Data></Cell>
			<Cell><Data ss:Type="Number">-9.81</Data></Cell>
			<Cell><Data ss:Type="Number">0</Data></Cell>
			<Cell><Data ss:Type="Number">-9.41</Data></Cell>
			<Cell><Data ss:Type="Number">-0.11</Data></Cell>
			<Cell><Data ss:Type="Number">-0.89</Data></Cell>
			<Cell><Data ss:Type="Number">22.9</Data></Cell>
			<Cell><Data ss:Type="Number">39.1</Data></Cell>
			<Cell><Data ss:Type="Number">0</Data></Cell>
			<Cell><Data ss:Type="Number">0</Data></Cell>
			<Cell><Data ss:Type="String">2023-12-07 16:49:56.058339</Data></Cell>
		</Row>
		<Row>
			<Cell><Data ss:Type="String">1149</Data></Cell>
			<Cell><Data ss:Type="Number">0.58</Data></Cell>
			<Cell><Data ss:Type="Number">-10.32</Data></Cell>
			<Cell><Data ss:Type="Number">0.11</Data></Cell>
			<Cell><Data ss:Type="Number">-9.55</Data></Cell>
			<Cell><Data ss:Type="Number">-0.08</Data></Cell>
			<Cell><Data ss:Type="Number">-0.97</Data></Cell>
			<Cell><Data ss:Type="Number">22.9</Data></Cell>
			<Cell><Data ss:Type="Number">39.1</Data></Cell>
			<Cell><Data ss:Type="Number">0</Data></Cell>
			<Cell><Data ss:Type="Number">0</Data></Cell>
			<Cell><Data ss:Type="String">2023-12-07 16:49:56.014792</Data></Cell>
		</Row>
		<Row>
			<Cell><Data ss:Type="String">1148</Data></Cell>
			<Cell><Data ss:Type="Number">0.09</Data></Cell>
			<Cell><Data ss:Type="Number">-10.92</Data></Cell>
			<Cell><Data ss:Type="Number">-0.08</Data></Cell>
			<Cell><Data ss:Type="Number">-9.5</Data></Cell>
			<Cell><Data ss:Type="Number">0.02</Data></Cell>
			<Cell><Data ss:Type="Number">-0.83</Data></Cell>
			<Cell><Data ss:Type="Number">22.9</Data></Cell>
			<Cell><Data ss:Type="Number">39.1</Data></Cell>
			<Cell><Data ss:Type="Number">0</Data></Cell>
			<Cell><Data ss:Type="Number">0</Data></Cell>
			<Cell><Data ss:Type="String">2023-12-07 16:49:55.970686</Data></Cell>
		</Row>
		<Row>
			<Cell><Data ss:Type="String">1147</Data></Cell>
			<Cell><Data ss:Type="Number">0.22</Data></Cell>
			<Cell><Data ss:Type="Number">-9.96</Data></Cell>
			<Cell><Data ss:Type="Number">-0.21</Data></Cell>
			<Cell><Data ss:Type="Number">-9.43</Data></Cell>
			<Cell><Data ss:Type="Number">0.01</Data></Cell>
			<Cell><Data ss:Type="Number">-0.95</Data></Cell>
			<Cell><Data ss:Type="Number">22.9</Data></Cell>
			<Cell><Data ss:Type="Number">39.1</Data></Cell>
			<Cell><Data ss:Type="Number">0</Data></Cell>
			<Cell><Data ss:Type="Number">0</Data></Cell>
			<Cell><Data ss:Type="String">2023-12-07 16:49:55.968033</Data></Cell>
		</Row>
		<Row>
			<Cell><Data ss:Type="String">1146</Data></Cell>
			<Cell><Data ss:Type="Number">0.86</Data></Cell>
			<Cell><Data ss:Type="Number">-9.75</Data></Cell>
			<Cell><Data ss:Type="Number">0.88</Data></Cell>
			<Cell><Data ss:Type="Number">-9.37</Data></Cell>
			<Cell><Data ss:Type="Number">-0.36</Data></Cell>
			<Cell><Data ss:Type="Number">-0.85</Data></Cell>
			<Cell><Data ss:Type="Number">22.9</Data></Cell>
			<Cell><Data ss:Type="Number">39.1</Data></Cell>
			<Cell><Data ss:Type="Number">0</Data></Cell>
			<Cell><Data ss:Type="Number">0</Data></Cell>
			<Cell><Data ss:Type="String">2023-12-07 16:49:55.925838</Data></Cell>
		</Row>
		<Row>
			<Cell><Data ss:Type="String">1145</Data></Cell>
			<Cell><Data ss:Type="Number">0.72</Data></Cell>
			<Cell><Data ss:Type="Number">-9.76</Data></Cell>
			<Cell><Data ss:Type="Number">0.72</Data></Cell>
			<Cell><Data ss:Type="Number">-9.48</Data></Cell>
			<Cell><Data ss:Type="Number">-0.34</Data></Cell>
			<Cell><Data ss:Type="Number">-0.81</Data></Cell>
			<Cell><Data ss:Type="Number">22.9</Data></Cell>
			<Cell><Data ss:Type="Number">39.1</Data></Cell>
			<Cell><Data ss:Type="Number">0</Data></Cell>
			<Cell><Data ss:Type="Number">0</Data></Cell>
			<Cell><Data ss:Type="String">2023-12-07 16:49:55.866805</Data></Cell>
		</Row>
		<Row>
			<Cell><Data ss:Type="String">1144</Data></Cell>
			<Cell><Data ss:Type="Number">-1.28</Data></Cell>
			<Cell><Data ss:Type="Number">-10.43</Data></Cell>
			<Cell><Data ss:Type="Number">-0.84</Data></Cell>
			<Cell><Data ss:Type="Number">-9.56</Data></Cell>
			<Cell><Data ss:Type="Number">0.33</Data></Cell>
			<Cell><Data ss:Type="Number">-1.12</Data></Cell>
			<Cell><Data ss:Type="Number">22.9</Data></Cell>
			<Cell><Data ss:Type="Number">39.1</Data></Cell>
			<Cell><Data ss:Type="Number">0</Data></Cell>
			<Cell><Data ss:Type="Number">0</Data></Cell>
			<Cell><Data ss:Type="String">2023-12-07 16:49:55.865258</Data></Cell>
		</Row>
		<Row>
			<Cell><Data ss:Type="String">1143</Data></Cell>
			<Cell><Data ss:Type="Number">-1.34</Data></Cell>
			<Cell><Data ss:Type="Number">-10.26</Data></Cell>
			<Cell><Data ss:Type="Number">-0.78</Data></Cell>
			<Cell><Data ss:Type="Number">-9.49</Data></Cell>
			<Cell><Data ss:Type="Number">0.75</Data></Cell>
			<Cell><Data ss:Type="Number">-0.84</Data></Cell>
			<Cell><Data ss:Type="Number">22.9</Data></Cell>
			<Cell><Data ss:Type="Number">39.1</Data></Cell>
			<Cell><Data ss:Type="Number">0</Data></Cell>
			<Cell><Data ss:Type="Number">0</Data></Cell>
			<Cell><Data ss:Type="String">2023-12-07 16:49:55.816856</Data></Cell>
		</Row>
		<Row>
			<Cell><Data ss:Type="String">1142</Data></Cell>
			<Cell><Data ss:Type="Number">2.82</Data></Cell>
			<Cell><Data ss:Type="Number">-10.55</Data></Cell>
			<Cell><Data ss:Type="Number">1.57</Data></Cell>
			<Cell><Data ss:Type="Number">-9.64</Data></Cell>
			<Cell><Data ss:Type="Number">-0.95</Data></Cell>
			<Cell><Data ss:Type="Number">-0.95</Data></Cell>
			<Cell><Data ss:Type="Number">22.9</Data></Cell>
			<Cell><Data ss:Type="Number">39.1</Data></Cell>
			<Cell><Data ss:Type="Number">0</Data></Cell>
			<Cell><Data ss:Type="Number">0</Data></Cell>
			<Cell><Data ss:Type="String">2023-12-07 16:49:55.774733</Data></Cell>
		</Row>
		<Row>
			<Cell><Data ss:Type="String">1141</Data></Cell>
			<Cell><Data ss:Type="Number">-2.19</Data></Cell>
			<Cell><Data ss:Type="Number">-10.24</Data></Cell>
			<Cell><Data ss:Type="Number">1.32</Data></Cell>
			<Cell><Data ss:Type="Number">-9.05</Data></Cell>
			<Cell><Data ss:Type="Number">-1.74</Data></Cell>
			<Cell><Data ss:Type="Number">0.13</Data></Cell>
			<Cell><Data ss:Type="Number">22.9</Data></Cell>
			<Cell><Data ss:Type="Number">39.1</Data></Cell>
			<Cell><Data ss:Type="Number">0</Data></Cell>
			<Cell><Data ss:Type="Number">0</Data></Cell>
			<Cell><Data ss:Type="String">2023-12-07 16:49:55.771929</Data></Cell>
		</Row>
		<Row>
			<Cell><Data ss:Type="String">1140</Data></Cell>
			<Cell><Data ss:Type="Number">0.28</Data></Cell>
			<Cell><Data ss:Type="Number">-10.13</Data></Cell>
			<Cell><Data ss:Type="Number">0.09</Data></Cell>
			<Cell><Data ss:Type="Number">-9.53</Data></Cell>
			<Cell><Data ss:Type="Number">-0.08</Data></Cell>
			<Cell><Data ss:Type="Number">-0.89</Data></Cell>
			<Cell><Data ss:Type="Number">22.9</Data></Cell>
			<Cell><Data ss:Type="Number">39.1</Data></Cell>
			<Cell><Data ss:Type="Number">0</Data></Cell>
			<Cell><Data ss:Type="Number">0</Data></Cell>
			<Cell><Data ss:Type="String">2023-12-07 16:49:55.725364</Data></Cell>
		</Row>
		<Row>
			<Cell><Data ss:Type="String">1139</Data></Cell>
			<Cell><Data ss:Type="Number">0.25</Data></Cell>
			<Cell><Data ss:Type="Number">-10.18</Data></Cell>
			<Cell><Data ss:Type="Number">0.19</Data></Cell>
			<Cell><Data ss:Type="Number">-9.54</Data></Cell>
			<Cell><Data ss:Type="Number">-0.08</Data></Cell>
			<Cell><Data ss:Type="Number">-0.88</Data></Cell>
			<Cell><Data ss:Type="Number">22.9</Data></Cell>
			<Cell><Data ss:Type="Number">39.1</Data></Cell>
			<Cell><Data ss:Type="Number">0</Data></Cell>
			<Cell><Data ss:Type="Number">0</Data></Cell>
			<Cell><Data ss:Type="String">2023-12-07 16:49:55.677515</Data></Cell>
		</Row>
		<Row>
			<Cell><Data ss:Type="String">1138</Data></Cell>
			<Cell><Data ss:Type="Number">0.29</Data></Cell>
			<Cell><Data ss:Type="Number">-10.12</Data></Cell>
			<Cell><Data ss:Type="Number">0.19</Data></Cell>
			<Cell><Data ss:Type="Number">-9.47</Data></Cell>
			<Cell><Data ss:Type="Number">-0.06</Data></Cell>
			<Cell><Data ss:Type="Number">-0.92</Data></Cell>
			<Cell><Data ss:Type="Number">22.9</Data></Cell>
			<Cell><Data ss:Type="Number">39.1</Data></Cell>
			<Cell><Data ss:Type="Number">0</Data></Cell>
			<Cell><Data ss:Type="Number">0</Data></Cell>
			<Cell><Data ss:Type="String">2023-12-07 16:49:55.675574</Data></Cell>
		</Row>
		<Row>
			<Cell><Data ss:Type="String">1137</Data></Cell>
			<Cell><Data ss:Type="Number">0.25</Data></Cell>
			<Cell><Data ss:Type="Number">-9.98</Data></Cell>
			<Cell><Data ss:Type="Number">0.1</Data></Cell>
			<Cell><Data ss:Type="Number">-9.41</Data></Cell>
			<Cell><Data ss:Type="Number">-0.06</Data></Cell>
			<Cell><Data ss:Type="Number">-0.89</Data></Cell>
			<Cell><Data ss:Type="Number">22.9</Data></Cell>
			<Cell><Data ss:Type="Number">39.1</Data></Cell>
			<Cell><Data ss:Type="Number">0</Data></Cell>
			<Cell><Data ss:Type="Number">0</Data></Cell>
			<Cell><Data ss:Type="String">2023-12-07 16:49:55.607635</Data></Cell>
		</Row>
		<Row>
			<Cell><Data ss:Type="String">1136</Data></Cell>
			<Cell><Data ss:Type="Number">0.25</Data></Cell>
			<Cell><Data ss:Type="Number">-10.09</Data></Cell>
			<Cell><Data ss:Type="Number">0.13</Data></Cell>
			<Cell><Data ss:Type="Number">-9.49</Data></Cell>
			<Cell><Data ss:Type="Number">-0.07</Data></Cell>
			<Cell><Data ss:Type="Number">-0.91</Data></Cell>
			<Cell><Data ss:Type="Number">22.9</Data></Cell>
			<Cell><Data ss:Type="Number">39.1</Data></Cell>
			<Cell><Data ss:Type="Number">0</Data></Cell>
			<Cell><Data ss:Type="Number">0</Data></Cell>
			<Cell><Data ss:Type="String">2023-12-07 16:49:55.604762</Data></Cell>
		</Row>
		<Row>
			<Cell><Data ss:Type="String">1135</Data></Cell>
			<Cell><Data ss:Type="Number">0.26</Data></Cell>
			<Cell><Data ss:Type="Number">-10.09</Data></Cell>
			<Cell><Data ss:Type="Number">0.07</Data></Cell>
			<Cell><Data ss:Type="Number">-9.43</Data></Cell>
			<Cell><Data ss:Type="Number">-0.09</Data></Cell>
			<Cell><Data ss:Type="Number">-0.92</Data></Cell>
			<Cell><Data ss:Type="Number">22.9</Data></Cell>
			<Cell><Data ss:Type="Number">39.1</Data></Cell>
			<Cell><Data ss:Type="Number">0</Data></Cell>
			<Cell><Data ss:Type="Number">0</Data></Cell>
			<Cell><Data ss:Type="String">2023-12-07 16:49:55.556480</Data></Cell>
		</Row>
		<Row>
			<Cell><Data ss:Type="String">1134</Data></Cell>
			<Cell><Data ss:Type="Number">0.31</Data></Cell>
			<Cell><Data ss:Type="Number">-10.04</Data></Cell>
			<Cell><Data ss:Type="Number">0.08</Data></Cell>
			<Cell><Data ss:Type="Number">-9.47</Data></Cell>
			<Cell><Data ss:Type="Number">-0.06</Data></Cell>
			<Cell><Data ss:Type="Number">-0.93</Data></Cell>
			<Cell><Data ss:Type="Number">22.9</Data></Cell>
			<Cell><Data ss:Type="Number">39.1</Data></Cell>
			<Cell><Data ss:Type="Number">0</Data></Cell>
			<Cell><Data ss:Type="Number">0</Data></Cell>
			<Cell><Data ss:Type="String">2023-12-07 16:49:55.510484</Data></Cell>
		</Row>
		<Row>
			<Cell><Data ss:Type="String">1133</Data></Cell>
			<Cell><Data ss:Type="Number">0.21</Data></Cell>
			<Cell><Data ss:Type="Number">-10.14</Data></Cell>
			<Cell><Data ss:Type="Number">0.14</Data></Cell>
			<Cell><Data ss:Type="Number">-9.53</Data></Cell>
			<Cell><Data ss:Type="Number">-0.07</Data></Cell>
			<Cell><Data ss:Type="Number">-0.9</Data></Cell>
			<Cell><Data ss:Type="Number">22.9</Data></Cell>
			<Cell><Data ss:Type="Number">39.1</Data></Cell>
			<Cell><Data ss:Type="Number">0</Data></Cell>
			<Cell><Data ss:Type="Number">0</Data></Cell>
			<Cell><Data ss:Type="String">2023-12-07 16:49:55.468845</Data></Cell>
		</Row>
		<Row>
			<Cell><Data ss:Type="String">1132</Data></Cell>
			<Cell><Data ss:Type="Number">0.27</Data></Cell>
			<Cell><Data ss:Type="Number">-10.21</Data></Cell>
			<Cell><Data ss:Type="Number">0.03</Data></Cell>
			<Cell><Data ss:Type="Number">-9.53</Data></Cell>
			<Cell><Data ss:Type="Number">-0.08</Data></Cell>
			<Cell><Data ss:Type="Number">-0.87</Data></Cell>
			<Cell><Data ss:Type="Number">22.9</Data></Cell>
			<Cell><Data ss:Type="Number">39.1</Data></Cell>
			<Cell><Data ss:Type="Number">0</Data></Cell>
			<Cell><Data ss:Type="Number">0</Data></Cell>
			<Cell><Data ss:Type="String">2023-12-07 16:49:55.466893</Data></Cell>
		</Row>
		<Row>
			<Cell><Data ss:Type="String">1131</Data></Cell>
			<Cell><Data ss:Type="Number">0.25</Data></Cell>
			<Cell><Data ss:Type="Number">-10.03</Data></Cell>
			<Cell><Data ss:Type="Number">0.15</Data></Cell>
			<Cell><Data ss:Type="Number">-9.41</Data></Cell>
			<Cell><Data ss:Type="Number">-0.08</Data></Cell>
			<Cell><Data ss:Type="Number">-0.92</Data></Cell>
			<Cell><Data ss:Type="Number">22.9</Data></Cell>
			<Cell><Data ss:Type="Number">39.1</Data></Cell>
			<Cell><Data ss:Type="Number">0</Data></Cell>
			<Cell><Data ss:Type="Number">0</Data></Cell>
			<Cell><Data ss:Type="String">2023-12-07 16:49:55.418639</Data></Cell>
		</Row>
		<Row>
			<Cell><Data ss:Type="String">1130</Data></Cell>
			<Cell><Data ss:Type="Number">0.37</Data></Cell>
			<Cell><Data ss:Type="Number">-9.98</Data></Cell>
			<Cell><Data ss:Type="Number">0.13</Data></Cell>
			<Cell><Data ss:Type="Number">-9.42</Data></Cell>
			<Cell><Data ss:Type="Number">-0.06</Data></Cell>
			<Cell><Data ss:Type="Number">-0.91</Data></Cell>
			<Cell><Data ss:Type="Number">22.9</Data></Cell>
			<Cell><Data ss:Type="Number">39.1</Data></Cell>
			<Cell><Data ss:Type="Number">0</Data></Cell>
			<Cell><Data ss:Type="Number">0</Data></Cell>
			<Cell><Data ss:Type="String">2023-12-07 16:49:55.376616</Data></Cell>
		</Row>
		<Row>
			<Cell><Data ss:Type="String">1129</Data></Cell>
			<Cell><Data ss:Type="Number">0.3</Data></Cell>
			<Cell><Data ss:Type="Number">-10.1</Data></Cell>
			<Cell><Data ss:Type="Number">0.14</Data></Cell>
			<Cell><Data ss:Type="Number">-9.5</Data></Cell>
			<Cell><Data ss:Type="Number">-0.09</Data></Cell>
			<Cell><Data ss:Type="Number">-0.92</Data></Cell>
			<Cell><Data ss:Type="Number">22.9</Data></Cell>
			<Cell><Data ss:Type="Number">39.1</Data></Cell>
			<Cell><Data ss:Type="Number">0</Data></Cell>
			<Cell><Data ss:Type="Number">0</Data></Cell>
			<Cell><Data ss:Type="String">2023-12-07 16:49:55.374345</Data></Cell>
		</Row>
		<Row>
			<Cell><Data ss:Type="String">1128</Data></Cell>
			<Cell><Data ss:Type="Number">0.26</Data></Cell>
			<Cell><Data ss:Type="Number">-10.15</Data></Cell>
			<Cell><Data ss:Type="Number">0.15</Data></Cell>
			<Cell><Data ss:Type="Number">-9.52</Data></Cell>
			<Cell><Data ss:Type="Number">-0.06</Data></Cell>
			<Cell><Data ss:Type="Number">-0.91</Data></Cell>
			<Cell><Data ss:Type="Number">22.9</Data></Cell>
			<Cell><Data ss:Type="Number">39.1</Data></Cell>
			<Cell><Data ss:Type="Number">0</Data></Cell>
			<Cell><Data ss:Type="Number">0</Data></Cell>
			<Cell><Data ss:Type="String">2023-12-07 16:49:55.371835</Data></Cell>
		</Row>
		<Row>
			<Cell><Data ss:Type="String">1127</Data></Cell>
			<Cell><Data ss:Type="Number">0.27</Data></Cell>
			<Cell><Data ss:Type="Number">-10.19</Data></Cell>
			<Cell><Data ss:Type="Number">0.31</Data></Cell>
			<Cell><Data ss:Type="Number">-9.5</Data></Cell>
			<Cell><Data ss:Type="Number">-0.08</Data></Cell>
			<Cell><Data ss:Type="Number">-0.93</Data></Cell>
			<Cell><Data ss:Type="Number">22.9</Data></Cell>
			<Cell><Data ss:Type="Number">39.1</Data></Cell>
			<Cell><Data ss:Type="Number">0</Data></Cell>
			<Cell><Data ss:Type="Number">0</Data></Cell>
			<Cell><Data ss:Type="String">2023-12-07 16:49:55.369316</Data></Cell>
		</Row>
		<Row>
			<Cell><Data ss:Type="String">1126</Data></Cell>
			<Cell><Data ss:Type="Number">0.24</Data></Cell>
			<Cell><Data ss:Type="Number">-9.95</Data></Cell>
			<Cell><Data ss:Type="Number">0.12</Data></Cell>
			<Cell><Data ss:Type="Number">-9.43</Data></Cell>
			<Cell><Data ss:Type="Number">-0.04</Data></Cell>
			<Cell><Data ss:Type="Number">-0.91</Data></Cell>
			<Cell><Data ss:Type="Number">22.9</Data></Cell>
			<Cell><Data ss:Type="Number">39.1</Data></Cell>
			<Cell><Data ss:Type="Number">0</Data></Cell>
			<Cell><Data ss:Type="Number">0</Data></Cell>
			<Cell><Data ss:Type="String">2023-12-07 16:49:55.248933</Data></Cell>
		</Row>
		<Row>
			<Cell><Data ss:Type="String">1125</Data></Cell>
			<Cell><Data ss:Type="Number">0.27</Data></Cell>
			<Cell><Data ss:Type="Number">-9.98</Data></Cell>
			<Cell><Data ss:Type="Number">0.11</Data></Cell>
			<Cell><Data ss:Type="Number">-9.45</Data></Cell>
			<Cell><Data ss:Type="Number">-0.09</Data></Cell>
			<Cell><Data ss:Type="Number">-0.96</Data></Cell>
			<Cell><Data ss:Type="Number">22.9</Data></Cell>
			<Cell><Data ss:Type="Number">39.1</Data></Cell>
			<Cell><Data ss:Type="Number">0</Data></Cell>
			<Cell><Data ss:Type="Number">0</Data></Cell>
			<Cell><Data ss:Type="String">2023-12-07 16:49:55.206481</Data></Cell>
		</Row>
		<Row>
			<Cell><Data ss:Type="String">1124</Data></Cell>
			<Cell><Data ss:Type="Number">0.25</Data></Cell>
			<Cell><Data ss:Type="Number">-10.11</Data></Cell>
			<Cell><Data ss:Type="Number">0.17</Data></Cell>
			<Cell><Data ss:Type="Number">-9.52</Data></Cell>
			<Cell><Data ss:Type="Number">-0.06</Data></Cell>
			<Cell><Data ss:Type="Number">-0.87</Data></Cell>
			<Cell><Data ss:Type="Number">22.9</Data></Cell>
			<Cell><Data ss:Type="Number">39.1</Data></Cell>
			<Cell><Data ss:Type="Number">0</Data></Cell>
			<Cell><Data ss:Type="Number">0</Data></Cell>
			<Cell><Data ss:Type="String">2023-12-07 16:49:55.204095</Data></Cell>
		</Row>
		<Row>
			<Cell><Data ss:Type="String">1123</Data></Cell>
			<Cell><Data ss:Type="Number">0.31</Data></Cell>
			<Cell><Data ss:Type="Number">-10.24</Data></Cell>
			<Cell><Data ss:Type="Number">0.14</Data></Cell>
			<Cell><Data ss:Type="Number">-9.55</Data></Cell>
			<Cell><Data ss:Type="Number">-0.08</Data></Cell>
			<Cell><Data ss:Type="Number">-0.9</Data></Cell>
			<Cell><Data ss:Type="Number">22.9</Data></Cell>
			<Cell><Data ss:Type="Number">39.1</Data></Cell>
			<Cell><Data ss:Type="Number">0</Data></Cell>
			<Cell><Data ss:Type="Number">0</Data></Cell>
			<Cell><Data ss:Type="String">2023-12-07 16:49:55.157443</Data></Cell>
		</Row>
		<Row>
			<Cell><Data ss:Type="String">1122</Data></Cell>
			<Cell><Data ss:Type="Number">0.32</Data></Cell>
			<Cell><Data ss:Type="Number">-9.99</Data></Cell>
			<Cell><Data ss:Type="Number">0.16</Data></Cell>
			<Cell><Data ss:Type="Number">-9.43</Data></Cell>
			<Cell><Data ss:Type="Number">-0.08</Data></Cell>
			<Cell><Data ss:Type="Number">-0.92</Data></Cell>
			<Cell><Data ss:Type="Number">22.9</Data></Cell>
			<Cell><Data ss:Type="Number">39.1</Data></Cell>
			<Cell><Data ss:Type="Number">0</Data></Cell>
			<Cell><Data ss:Type="Number">0</Data></Cell>
			<Cell><Data ss:Type="String">2023-12-07 16:49:55.111391</Data></Cell>
		</Row>
		<Row>
			<Cell><Data ss:Type="String">1121</Data></Cell>
			<Cell><Data ss:Type="Number">0.31</Data></Cell>
			<Cell><Data ss:Type="Number">-9.96</Data></Cell>
			<Cell><Data ss:Type="Number">0.12</Data></Cell>
			<Cell><Data ss:Type="Number">-9.45</Data></Cell>
			<Cell><Data ss:Type="Number">-0.09</Data></Cell>
			<Cell><Data ss:Type="Number">-0.91</Data></Cell>
			<Cell><Data ss:Type="Number">22.9</Data></Cell>
			<Cell><Data ss:Type="Number">39.1</Data></Cell>
			<Cell><Data ss:Type="Number">0</Data></Cell>
			<Cell><Data ss:Type="Number">0</Data></Cell>
			<Cell><Data ss:Type="String">2023-12-07 16:49:55.065170</Data></Cell>
		</Row>
		<Row>
			<Cell><Data ss:Type="String">1120</Data></Cell>
			<Cell><Data ss:Type="Number">0.28</Data></Cell>
			<Cell><Data ss:Type="Number">-9.95</Data></Cell>
			<Cell><Data ss:Type="Number">0.06</Data></Cell>
			<Cell><Data ss:Type="Number">-9.48</Data></Cell>
			<Cell><Data ss:Type="Number">-0.06</Data></Cell>
			<Cell><Data ss:Type="Number">-0.93</Data></Cell>
			<Cell><Data ss:Type="Number">22.9</Data></Cell>
			<Cell><Data ss:Type="Number">39.1</Data></Cell>
			<Cell><Data ss:Type="Number">0</Data></Cell>
			<Cell><Data ss:Type="Number">0</Data></Cell>
			<Cell><Data ss:Type="String">2023-12-07 16:49:55.063500</Data></Cell>
		</Row>
		<Row>
			<Cell><Data ss:Type="String">1119</Data></Cell>
			<Cell><Data ss:Type="Number">0.29</Data></Cell>
			<Cell><Data ss:Type="Number">-10.13</Data></Cell>
			<Cell><Data ss:Type="Number">0.15</Data></Cell>
			<Cell><Data ss:Type="Number">-9.45</Data></Cell>
			<Cell><Data ss:Type="Number">-0.07</Data></Cell>
			<Cell><Data ss:Type="Number">-0.87</Data></Cell>
			<Cell><Data ss:Type="Number">22.9</Data></Cell>
			<Cell><Data ss:Type="Number">39.1</Data></Cell>
			<Cell><Data ss:Type="Number">0</Data></Cell>
			<Cell><Data ss:Type="Number">0</Data></Cell>
			<Cell><Data ss:Type="String">2023-12-07 16:49:55.061757</Data></Cell>
		</Row>
		<Row>
			<Cell><Data ss:Type="String">1118</Data></Cell>
			<Cell><Data ss:Type="Number">0.23</Data></Cell>
			<Cell><Data ss:Type="Number">-10</Data></Cell>
			<Cell><Data ss:Type="Number">0.07</Data></Cell>
			<Cell><Data ss:Type="Number">-9.44</Data></Cell>
			<Cell><Data ss:Type="Number">-0.08</Data></Cell>
			<Cell><Data ss:Type="Number">-0.95</Data></Cell>
			<Cell><Data ss:Type="Number">22.9</Data></Cell>
			<Cell><Data ss:Type="Number">39.1</Data></Cell>
			<Cell><Data ss:Type="Number">0</Data></Cell>
			<Cell><Data ss:Type="Number">0</Data></Cell>
			<Cell><Data ss:Type="String">2023-12-07 16:49:54.960509</Data></Cell>
		</Row>
		<Row>
			<Cell><Data ss:Type="String">1117</Data></Cell>
			<Cell><Data ss:Type="Number">0.3</Data></Cell>
			<Cell><Data ss:Type="Number">-10</Data></Cell>
			<Cell><Data ss:Type="Number">0.17</Data></Cell>
			<Cell><Data ss:Type="Number">-9.5</Data></Cell>
			<Cell><Data ss:Type="Number">-0.05</Data></Cell>
			<Cell><Data ss:Type="Number">-0.93</Data></Cell>
			<Cell><Data ss:Type="Number">22.9</Data></Cell>
			<Cell><Data ss:Type="Number">39.1</Data></Cell>
			<Cell><Data ss:Type="Number">0</Data></Cell>
			<Cell><Data ss:Type="Number">0</Data></Cell>
			<Cell><Data ss:Type="String">2023-12-07 16:49:54.958914</Data></Cell>
		</Row>
		<Row>
			<Cell><Data ss:Type="String">1116</Data></Cell>
			<Cell><Data ss:Type="Number">0.37</Data></Cell>
			<Cell><Data ss:Type="Number">-10.23</Data></Cell>
			<Cell><Data ss:Type="Number">0.27</Data></Cell>
			<Cell><Data ss:Type="Number">-9.53</Data></Cell>
			<Cell><Data ss:Type="Number">-0.13</Data></Cell>
			<Cell><Data ss:Type="Number">-0.88</Data></Cell>
			<Cell><Data ss:Type="Number">22.9</Data></Cell>
			<Cell><Data ss:Type="Number">39.1</Data></Cell>
			<Cell><Data ss:Type="Number">0</Data></Cell>
			<Cell><Data ss:Type="Number">0</Data></Cell>
			<Cell><Data ss:Type="String">2023-12-07 16:49:54.912360</Data></Cell>
		</Row>
		<Row>
			<Cell><Data ss:Type="String">1115</Data></Cell>
			<Cell><Data ss:Type="Number">0.26</Data></Cell>
			<Cell><Data ss:Type="Number">-10.15</Data></Cell>
			<Cell><Data ss:Type="Number">0.14</Data></Cell>
			<Cell><Data ss:Type="Number">-9.51</Data></Cell>
			<Cell><Data ss:Type="Number">-0.09</Data></Cell>
			<Cell><Data ss:Type="Number">-0.97</Data></Cell>
			<Cell><Data ss:Type="Number">22.9</Data></Cell>
			<Cell><Data ss:Type="Number">39.1</Data></Cell>
			<Cell><Data ss:Type="Number">0</Data></Cell>
			<Cell><Data ss:Type="Number">0</Data></Cell>
			<Cell><Data ss:Type="String">2023-12-07 16:49:54.867115</Data></Cell>
		</Row>
		<Row>
			<Cell><Data ss:Type="String">1114</Data></Cell>
			<Cell><Data ss:Type="Number">0.44</Data></Cell>
			<Cell><Data ss:Type="Number">-10.16</Data></Cell>
			<Cell><Data ss:Type="Number">0.33</Data></Cell>
			<Cell><Data ss:Type="Number">-9.48</Data></Cell>
			<Cell><Data ss:Type="Number">-0.16</Data></Cell>
			<Cell><Data ss:Type="Number">-0.84</Data></Cell>
			<Cell><Data ss:Type="Number">22.9</Data></Cell>
			<Cell><Data ss:Type="Number">39.1</Data></Cell>
			<Cell><Data ss:Type="Number">0</Data></Cell>
			<Cell><Data ss:Type="Number">0</Data></Cell>
			<Cell><Data ss:Type="String">2023-12-07 16:49:54.814542</Data></Cell>
		</Row>
		<Row>
			<Cell><Data ss:Type="String">1113</Data></Cell>
			<Cell><Data ss:Type="Number">0.36</Data></Cell>
			<Cell><Data ss:Type="Number">-10.25</Data></Cell>
			<Cell><Data ss:Type="Number">0.04</Data></Cell>
			<Cell><Data ss:Type="Number">-9.47</Data></Cell>
			<Cell><Data ss:Type="Number">-0.14</Data></Cell>
			<Cell><Data ss:Type="Number">-0.89</Data></Cell>
			<Cell><Data ss:Type="Number">22.9</Data></Cell>
			<Cell><Data ss:Type="Number">39.1</Data></Cell>
			<Cell><Data ss:Type="Number">0</Data></Cell>
			<Cell><Data ss:Type="Number">0</Data></Cell>
			<Cell><Data ss:Type="String">2023-12-07 16:49:54.792187</Data></Cell>
		</Row>
		<Row>
			<Cell><Data ss:Type="String">1112</Data></Cell>
			<Cell><Data ss:Type="Number">0.39</Data></Cell>
			<Cell><Data ss:Type="Number">-10.02</Data></Cell>
			<Cell><Data ss:Type="Number">-0.24</Data></Cell>
			<Cell><Data ss:Type="Number">-9.46</Data></Cell>
			<Cell><Data ss:Type="Number">0.23</Data></Cell>
			<Cell><Data ss:Type="Number">-1</Data></Cell>
			<Cell><Data ss:Type="Number">22.9</Data></Cell>
			<Cell><Data ss:Type="Number">39.1</Data></Cell>
			<Cell><Data ss:Type="Number">0</Data></Cell>
			<Cell><Data ss:Type="Number">0</Data></Cell>
			<Cell><Data ss:Type="String">2023-12-07 16:49:54.790353</Data></Cell>
		</Row>
		<Row>
			<Cell><Data ss:Type="String">1111</Data></Cell>
			<Cell><Data ss:Type="Number">-0.18</Data></Cell>
			<Cell><Data ss:Type="Number">-10.11</Data></Cell>
			<Cell><Data ss:Type="Number">-0.24</Data></Cell>
			<Cell><Data ss:Type="Number">-9.46</Data></Cell>
			<Cell><Data ss:Type="Number">0.25</Data></Cell>
			<Cell><Data ss:Type="Number">-0.9</Data></Cell>
			<Cell><Data ss:Type="Number">22.9</Data></Cell>
			<Cell><Data ss:Type="Number">39.1</Data></Cell>
			<Cell><Data ss:Type="Number">0</Data></Cell>
			<Cell><Data ss:Type="Number">0</Data></Cell>
			<Cell><Data ss:Type="String">2023-12-07 16:49:54.743860</Data></Cell>
		</Row>
		<Row>
			<Cell><Data ss:Type="String">1110</Data></Cell>
			<Cell><Data ss:Type="Number">1.05</Data></Cell>
			<Cell><Data ss:Type="Number">-10.09</Data></Cell>
			<Cell><Data ss:Type="Number">0.52</Data></Cell>
			<Cell><Data ss:Type="Number">-9.54</Data></Cell>
			<Cell><Data ss:Type="Number">-0.15</Data></Cell>
			<Cell><Data ss:Type="Number">-1.06</Data></Cell>
			<Cell><Data ss:Type="Number">22.9</Data></Cell>
			<Cell><Data ss:Type="Number">39.1</Data></Cell>
			<Cell><Data ss:Type="Number">0</Data></Cell>
			<Cell><Data ss:Type="Number">0</Data></Cell>
			<Cell><Data ss:Type="String">2023-12-07 16:49:54.698941</Data></Cell>
		</Row>
		<Row>
			<Cell><Data ss:Type="String">1109</Data></Cell>
			<Cell><Data ss:Type="Number">2.14</Data></Cell>
			<Cell><Data ss:Type="Number">-10.09</Data></Cell>
			<Cell><Data ss:Type="Number">1.17</Data></Cell>
			<Cell><Data ss:Type="Number">-9.34</Data></Cell>
			<Cell><Data ss:Type="Number">-1.15</Data></Cell>
			<Cell><Data ss:Type="Number">-0.63</Data></Cell>
			<Cell><Data ss:Type="Number">22.9</Data></Cell>
			<Cell><Data ss:Type="Number">39.1</Data></Cell>
			<Cell><Data ss:Type="Number">0</Data></Cell>
			<Cell><Data ss:Type="Number">0</Data></Cell>
			<Cell><Data ss:Type="String">2023-12-07 16:49:54.696940</Data></Cell>
		</Row>
		<Row>
			<Cell><Data ss:Type="String">1108</Data></Cell>
			<Cell><Data ss:Type="Number">-1.1</Data></Cell>
			<Cell><Data ss:Type="Number">-10.82</Data></Cell>
			<Cell><Data ss:Type="Number">-0.56</Data></Cell>
			<Cell><Data ss:Type="Number">-9.71</Data></Cell>
			<Cell><Data ss:Type="Number">0.4</Data></Cell>
			<Cell><Data ss:Type="Number">-1.02</Data></Cell>
			<Cell><Data ss:Type="Number">22.9</Data></Cell>
			<Cell><Data ss:Type="Number">39.1</Data></Cell>
			<Cell><Data ss:Type="Number">0</Data></Cell>
			<Cell><Data ss:Type="Number">0</Data></Cell>
			<Cell><Data ss:Type="String">2023-12-07 16:49:54.694942</Data></Cell>
		</Row>
		<Row>
			<Cell><Data ss:Type="String">1107</Data></Cell>
			<Cell><Data ss:Type="Number">-0.08</Data></Cell>
			<Cell><Data ss:Type="Number">-3.18</Data></Cell>
			<Cell><Data ss:Type="Number">-1.77</Data></Cell>
			<Cell><Data ss:Type="Number">-7.45</Data></Cell>
			<Cell><Data ss:Type="Number">2.46</Data></Cell>
			<Cell><Data ss:Type="Number">-0.45</Data></Cell>
			<Cell><Data ss:Type="Number">22.9</Data></Cell>
			<Cell><Data ss:Type="Number">39.1</Data></Cell>
			<Cell><Data ss:Type="Number">0</Data></Cell>
			<Cell><Data ss:Type="Number">0</Data></Cell>
			<Cell><Data ss:Type="String">2023-12-07 16:49:54.693180</Data></Cell>
		</Row>
		<Row>
			<Cell><Data ss:Type="String">1106</Data></Cell>
			<Cell><Data ss:Type="Number">0.38</Data></Cell>
			<Cell><Data ss:Type="Number">-10.4</Data></Cell>
			<Cell><Data ss:Type="Number">0.27</Data></Cell>
			<Cell><Data ss:Type="Number">-9.55</Data></Cell>
			<Cell><Data ss:Type="Number">-0.11</Data></Cell>
			<Cell><Data ss:Type="Number">-0.88</Data></Cell>
			<Cell><Data ss:Type="Number">22.9</Data></Cell>
			<Cell><Data ss:Type="Number">39.1</Data></Cell>
			<Cell><Data ss:Type="Number">0</Data></Cell>
			<Cell><Data ss:Type="Number">0</Data></Cell>
			<Cell><Data ss:Type="String">2023-12-07 16:49:54.690578</Data></Cell>
		</Row>
		<Row>
			<Cell><Data ss:Type="String">1105</Data></Cell>
			<Cell><Data ss:Type="Number">1.15</Data></Cell>
			<Cell><Data ss:Type="Number">-10.24</Data></Cell>
			<Cell><Data ss:Type="Number">0.4</Data></Cell>
			<Cell><Data ss:Type="Number">-9.53</Data></Cell>
			<Cell><Data ss:Type="Number">-0.16</Data></Cell>
			<Cell><Data ss:Type="Number">-0.86</Data></Cell>
			<Cell><Data ss:Type="Number">22.9</Data></Cell>
			<Cell><Data ss:Type="Number">39.1</Data></Cell>
			<Cell><Data ss:Type="Number">0</Data></Cell>
			<Cell><Data ss:Type="Number">0</Data></Cell>
			<Cell><Data ss:Type="String">2023-12-07 16:49:54.687898</Data></Cell>
		</Row>
		<Row>
			<Cell><Data ss:Type="String">1104</Data></Cell>
			<Cell><Data ss:Type="Number">0.36</Data></Cell>
			<Cell><Data ss:Type="Number">-10.38</Data></Cell>
			<Cell><Data ss:Type="Number">0.61</Data></Cell>
			<Cell><Data ss:Type="Number">-9.56</Data></Cell>
			<Cell><Data ss:Type="Number">-0.06</Data></Cell>
			<Cell><Data ss:Type="Number">-0.89</Data></Cell>
			<Cell><Data ss:Type="Number">22.9</Data></Cell>
			<Cell><Data ss:Type="Number">39.1</Data></Cell>
			<Cell><Data ss:Type="Number">0</Data></Cell>
			<Cell><Data ss:Type="Number">0</Data></Cell>
			<Cell><Data ss:Type="String">2023-12-07 16:49:54.685305</Data></Cell>
		</Row>
		<Row>
			<Cell><Data ss:Type="String">1103</Data></Cell>
			<Cell><Data ss:Type="Number">0</Data></Cell>
			<Cell><Data ss:Type="Number">-9.99</Data></Cell>
			<Cell><Data ss:Type="Number">-0.25</Data></Cell>
			<Cell><Data ss:Type="Number">-9.52</Data></Cell>
			<Cell><Data ss:Type="Number">-0.09</Data></Cell>
			<Cell><Data ss:Type="Number">-0.93</Data></Cell>
			<Cell><Data ss:Type="Number">22.9</Data></Cell>
			<Cell><Data ss:Type="Number">39.1</Data></Cell>
			<Cell><Data ss:Type="Number">0</Data></Cell>
			<Cell><Data ss:Type="Number">0</Data></Cell>
			<Cell><Data ss:Type="String">2023-12-07 16:49:54.451729</Data></Cell>
		</Row>
		<Row>
			<Cell><Data ss:Type="String">1102</Data></Cell>
			<Cell><Data ss:Type="Number">1.19</Data></Cell>
			<Cell><Data ss:Type="Number">-9.95</Data></Cell>
			<Cell><Data ss:Type="Number">0.56</Data></Cell>
			<Cell><Data ss:Type="Number">-9.41</Data></Cell>
			<Cell><Data ss:Type="Number">-0.1</Data></Cell>
			<Cell><Data ss:Type="Number">-0.88</Data></Cell>
			<Cell><Data ss:Type="Number">22.9</Data></Cell>
			<Cell><Data ss:Type="Number">39.1</Data></Cell>
			<Cell><Data ss:Type="Number">0</Data></Cell>
			<Cell><Data ss:Type="Number">0</Data></Cell>
			<Cell><Data ss:Type="String">2023-12-07 16:49:54.449160</Data></Cell>
		</Row>
		<Row>
			<Cell><Data ss:Type="String">1101</Data></Cell>
			<Cell><Data ss:Type="Number">0.01</Data></Cell>
			<Cell><Data ss:Type="Number">-10.24</Data></Cell>
			<Cell><Data ss:Type="Number">0.19</Data></Cell>
			<Cell><Data ss:Type="Number">-9.56</Data></Cell>
			<Cell><Data ss:Type="Number">-0.13</Data></Cell>
			<Cell><Data ss:Type="Number">-0.9</Data></Cell>
			<Cell><Data ss:Type="Number">22.9</Data></Cell>
			<Cell><Data ss:Type="Number">39.1</Data></Cell>
			<Cell><Data ss:Type="Number">0</Data></Cell>
			<Cell><Data ss:Type="Number">0</Data></Cell>
			<Cell><Data ss:Type="String">2023-12-07 16:49:54.446663</Data></Cell>
		</Row>
		<Row>
			<Cell><Data ss:Type="String">1100</Data></Cell>
			<Cell><Data ss:Type="Number">0.6</Data></Cell>
			<Cell><Data ss:Type="Number">-9.95</Data></Cell>
			<Cell><Data ss:Type="Number">0.43</Data></Cell>
			<Cell><Data ss:Type="Number">-9.53</Data></Cell>
			<Cell><Data ss:Type="Number">-0.06</Data></Cell>
			<Cell><Data ss:Type="Number">-0.87</Data></Cell>
			<Cell><Data ss:Type="Number">22.9</Data></Cell>
			<Cell><Data ss:Type="Number">39.1</Data></Cell>
			<Cell><Data ss:Type="Number">0</Data></Cell>
			<Cell><Data ss:Type="Number">0</Data></Cell>
			<Cell><Data ss:Type="String">2023-12-07 16:49:54.361015</Data></Cell>
		</Row>
		<Row>
			<Cell><Data ss:Type="String">1099</Data></Cell>
			<Cell><Data ss:Type="Number">0.27</Data></Cell>
			<Cell><Data ss:Type="Number">-9.72</Data></Cell>
			<Cell><Data ss:Type="Number">0.28</Data></Cell>
			<Cell><Data ss:Type="Number">-9.32</Data></Cell>
			<Cell><Data ss:Type="Number">-0.1</Data></Cell>
			<Cell><Data ss:Type="Number">-0.95</Data></Cell>
			<Cell><Data ss:Type="Number">22.9</Data></Cell>
			<Cell><Data ss:Type="Number">39.1</Data></Cell>
			<Cell><Data ss:Type="Number">0</Data></Cell>
			<Cell><Data ss:Type="Number">0</Data></Cell>
			<Cell><Data ss:Type="String">2023-12-07 16:49:54.359396</Data></Cell>
		</Row>
		<Row>
			<Cell><Data ss:Type="String">1098</Data></Cell>
			<Cell><Data ss:Type="Number">0.16</Data></Cell>
			<Cell><Data ss:Type="Number">-10.45</Data></Cell>
			<Cell><Data ss:Type="Number">-0.17</Data></Cell>
			<Cell><Data ss:Type="Number">-9.44</Data></Cell>
			<Cell><Data ss:Type="Number">-0.09</Data></Cell>
			<Cell><Data ss:Type="Number">-0.91</Data></Cell>
			<Cell><Data ss:Type="Number">22.9</Data></Cell>
			<Cell><Data ss:Type="Number">39.1</Data></Cell>
			<Cell><Data ss:Type="Number">0</Data></Cell>
			<Cell><Data ss:Type="Number">0</Data></Cell>
			<Cell><Data ss:Type="String">2023-12-07 16:49:54.356892</Data></Cell>
		</Row>
		<Row>
			<Cell><Data ss:Type="String">1097</Data></Cell>
			<Cell><Data ss:Type="Number">0.29</Data></Cell>
			<Cell><Data ss:Type="Number">-9.32</Data></Cell>
			<Cell><Data ss:Type="Number">0.26</Data></Cell>
			<Cell><Data ss:Type="Number">-9.35</Data></Cell>
			<Cell><Data ss:Type="Number">-0.05</Data></Cell>
			<Cell><Data ss:Type="Number">-0.91</Data></Cell>
			<Cell><Data ss:Type="Number">22.9</Data></Cell>
			<Cell><Data ss:Type="Number">39.1</Data></Cell>
			<Cell><Data ss:Type="Number">0</Data></Cell>
			<Cell><Data ss:Type="Number">0</Data></Cell>
			<Cell><Data ss:Type="String">2023-12-07 16:49:54.354436</Data></Cell>
		</Row>
		<Row>
			<Cell><Data ss:Type="String">1096</Data></Cell>
			<Cell><Data ss:Type="Number">0.64</Data></Cell>
			<Cell><Data ss:Type="Number">-9.29</Data></Cell>
			<Cell><Data ss:Type="Number">0.57</Data></Cell>
			<Cell><Data ss:Type="Number">-9.54</Data></Cell>
			<Cell><Data ss:Type="Number">-0.11</Data></Cell>
			<Cell><Data ss:Type="Number">-0.87</Data></Cell>
			<Cell><Data ss:Type="Number">22.9</Data></Cell>
			<Cell><Data ss:Type="Number">39.1</Data></Cell>
			<Cell><Data ss:Type="Number">0</Data></Cell>
			<Cell><Data ss:Type="Number">0</Data></Cell>
			<Cell><Data ss:Type="String">2023-12-07 16:49:54.352355</Data></Cell>
		</Row>
		<Row>
			<Cell><Data ss:Type="String">1095</Data></Cell>
			<Cell><Data ss:Type="Number">-0.1</Data></Cell>
			<Cell><Data ss:Type="Number">-10.41</Data></Cell>
			<Cell><Data ss:Type="Number">-0.32</Data></Cell>
			<Cell><Data ss:Type="Number">-9.58</Data></Cell>
			<Cell><Data ss:Type="Number">-0.09</Data></Cell>
			<Cell><Data ss:Type="Number">-0.9</Data></Cell>
			<Cell><Data ss:Type="Number">22.9</Data></Cell>
			<Cell><Data ss:Type="Number">39.1</Data></Cell>
			<Cell><Data ss:Type="Number">0</Data></Cell>
			<Cell><Data ss:Type="Number">0</Data></Cell>
			<Cell><Data ss:Type="String">2023-12-07 16:49:54.350256</Data></Cell>
		</Row>
		<Row>
			<Cell><Data ss:Type="String">1094</Data></Cell>
			<Cell><Data ss:Type="Number">-0.01</Data></Cell>
			<Cell><Data ss:Type="Number">-9.96</Data></Cell>
			<Cell><Data ss:Type="Number">0.17</Data></Cell>
			<Cell><Data ss:Type="Number">-9.48</Data></Cell>
			<Cell><Data ss:Type="Number">-0.08</Data></Cell>
			<Cell><Data ss:Type="Number">-0.92</Data></Cell>
			<Cell><Data ss:Type="Number">22.9</Data></Cell>
			<Cell><Data ss:Type="Number">39.1</Data></Cell>
			<Cell><Data ss:Type="Number">0</Data></Cell>
			<Cell><Data ss:Type="Number">0</Data></Cell>
			<Cell><Data ss:Type="String">2023-12-07 16:49:54.347965</Data></Cell>
		</Row>
		<Row>
			<Cell><Data ss:Type="String">1093</Data></Cell>
			<Cell><Data ss:Type="Number">0.33</Data></Cell>
			<Cell><Data ss:Type="Number">-10.32</Data></Cell>
			<Cell><Data ss:Type="Number">0.45</Data></Cell>
			<Cell><Data ss:Type="Number">-9.5</Data></Cell>
			<Cell><Data ss:Type="Number">-0.05</Data></Cell>
			<Cell><Data ss:Type="Number">-0.88</Data></Cell>
			<Cell><Data ss:Type="Number">22.9</Data></Cell>
			<Cell><Data ss:Type="Number">39.1</Data></Cell>
			<Cell><Data ss:Type="Number">0</Data></Cell>
			<Cell><Data ss:Type="Number">0</Data></Cell>
			<Cell><Data ss:Type="String">2023-12-07 16:49:54.136939</Data></Cell>
		</Row>
		<Row>
			<Cell><Data ss:Type="String">1092</Data></Cell>
			<Cell><Data ss:Type="Number">0.2</Data></Cell>
			<Cell><Data ss:Type="Number">-11.04</Data></Cell>
			<Cell><Data ss:Type="Number">0.06</Data></Cell>
			<Cell><Data ss:Type="Number">-9.68</Data></Cell>
			<Cell><Data ss:Type="Number">-0.1</Data></Cell>
			<Cell><Data ss:Type="Number">-0.95</Data></Cell>
			<Cell><Data ss:Type="Number">22.9</Data></Cell>
			<Cell><Data ss:Type="Number">39.1</Data></Cell>
			<Cell><Data ss:Type="Number">0</Data></Cell>
			<Cell><Data ss:Type="Number">0</Data></Cell>
			<Cell><Data ss:Type="String">2023-12-07 16:49:54.134393</Data></Cell>
		</Row>
		<Row>
			<Cell><Data ss:Type="String">1091</Data></Cell>
			<Cell><Data ss:Type="Number">0.52</Data></Cell>
			<Cell><Data ss:Type="Number">-10.18</Data></Cell>
			<Cell><Data ss:Type="Number">-0.09</Data></Cell>
			<Cell><Data ss:Type="Number">-9.44</Data></Cell>
			<Cell><Data ss:Type="Number">-0.07</Data></Cell>
			<Cell><Data ss:Type="Number">-0.9</Data></Cell>
			<Cell><Data ss:Type="Number">22.9</Data></Cell>
			<Cell><Data ss:Type="Number">39.1</Data></Cell>
			<Cell><Data ss:Type="Number">0</Data></Cell>
			<Cell><Data ss:Type="Number">0</Data></Cell>
			<Cell><Data ss:Type="String">2023-12-07 16:49:54.132651</Data></Cell>
		</Row>
		<Row>
			<Cell><Data ss:Type="String">1090</Data></Cell>
			<Cell><Data ss:Type="Number">0.65</Data></Cell>
			<Cell><Data ss:Type="Number">-10.29</Data></Cell>
			<Cell><Data ss:Type="Number">0.92</Data></Cell>
			<Cell><Data ss:Type="Number">-9.58</Data></Cell>
			<Cell><Data ss:Type="Number">-0.11</Data></Cell>
			<Cell><Data ss:Type="Number">-0.97</Data></Cell>
			<Cell><Data ss:Type="Number">22.9</Data></Cell>
			<Cell><Data ss:Type="Number">39.1</Data></Cell>
			<Cell><Data ss:Type="Number">0</Data></Cell>
			<Cell><Data ss:Type="Number">0</Data></Cell>
			<Cell><Data ss:Type="String">2023-12-07 16:49:54.130683</Data></Cell>
		</Row>
		<Row>
			<Cell><Data ss:Type="String">1089</Data></Cell>
			<Cell><Data ss:Type="Number">0.62</Data></Cell>
			<Cell><Data ss:Type="Number">-9.95</Data></Cell>
			<Cell><Data ss:Type="Number">-0.03</Data></Cell>
			<Cell><Data ss:Type="Number">-9.51</Data></Cell>
			<Cell><Data ss:Type="Number">-0.09</Data></Cell>
			<Cell><Data ss:Type="Number">-0.92</Data></Cell>
			<Cell><Data ss:Type="Number">22.9</Data></Cell>
			<Cell><Data ss:Type="Number">39.1</Data></Cell>
			<Cell><Data ss:Type="Number">0</Data></Cell>
			<Cell><Data ss:Type="Number">0</Data></Cell>
			<Cell><Data ss:Type="String">2023-12-07 16:49:54.128813</Data></Cell>
		</Row>
		<Row>
			<Cell><Data ss:Type="String">1088</Data></Cell>
			<Cell><Data ss:Type="Number">-0.39</Data></Cell>
			<Cell><Data ss:Type="Number">-10.18</Data></Cell>
			<Cell><Data ss:Type="Number">0.19</Data></Cell>
			<Cell><Data ss:Type="Number">-9.56</Data></Cell>
			<Cell><Data ss:Type="Number">-0.08</Data></Cell>
			<Cell><Data ss:Type="Number">-0.9</Data></Cell>
			<Cell><Data ss:Type="Number">22.9</Data></Cell>
			<Cell><Data ss:Type="Number">39.1</Data></Cell>
			<Cell><Data ss:Type="Number">0</Data></Cell>
			<Cell><Data ss:Type="Number">0</Data></Cell>
			<Cell><Data ss:Type="String">2023-12-07 16:49:54.126719</Data></Cell>
		</Row>
		<Row>
			<Cell><Data ss:Type="String">1087</Data></Cell>
			<Cell><Data ss:Type="Number">0.23</Data></Cell>
			<Cell><Data ss:Type="Number">-9.69</Data></Cell>
			<Cell><Data ss:Type="Number">0.23</Data></Cell>
			<Cell><Data ss:Type="Number">-9.56</Data></Cell>
			<Cell><Data ss:Type="Number">-0.12</Data></Cell>
			<Cell><Data ss:Type="Number">-0.93</Data></Cell>
			<Cell><Data ss:Type="Number">22.9</Data></Cell>
			<Cell><Data ss:Type="Number">39.1</Data></Cell>
			<Cell><Data ss:Type="Number">0</Data></Cell>
			<Cell><Data ss:Type="Number">0</Data></Cell>
			<Cell><Data ss:Type="String">2023-12-07 16:49:54.124714</Data></Cell>
		</Row>
		<Row>
			<Cell><Data ss:Type="String">1086</Data></Cell>
			<Cell><Data ss:Type="Number">-0.08</Data></Cell>
			<Cell><Data ss:Type="Number">-9.88</Data></Cell>
			<Cell><Data ss:Type="Number">0.12</Data></Cell>
			<Cell><Data ss:Type="Number">-9.45</Data></Cell>
			<Cell><Data ss:Type="Number">-0</Data></Cell>
			<Cell><Data ss:Type="Number">-0.87</Data></Cell>
			<Cell><Data ss:Type="Number">22.9</Data></Cell>
			<Cell><Data ss:Type="Number">39.1</Data></Cell>
			<Cell><Data ss:Type="Number">0</Data></Cell>
			<Cell><Data ss:Type="Number">0</Data></Cell>
			<Cell><Data ss:Type="String">2023-12-07 16:49:54.122117</Data></Cell>
		</Row>
		<Row>
			<Cell><Data ss:Type="String">1085</Data></Cell>
			<Cell><Data ss:Type="Number">0.14</Data></Cell>
			<Cell><Data ss:Type="Number">-9.53</Data></Cell>
			<Cell><Data ss:Type="Number">0.6</Data></Cell>
			<Cell><Data ss:Type="Number">-9.42</Data></Cell>
			<Cell><Data ss:Type="Number">-0.07</Data></Cell>
			<Cell><Data ss:Type="Number">-0.94</Data></Cell>
			<Cell><Data ss:Type="Number">22.9</Data></Cell>
			<Cell><Data ss:Type="Number">39.1</Data></Cell>
			<Cell><Data ss:Type="Number">0</Data></Cell>
			<Cell><Data ss:Type="Number">0</Data></Cell>
			<Cell><Data ss:Type="String">2023-12-07 16:49:54.066123</Data></Cell>
		</Row>
		<Row>
			<Cell><Data ss:Type="String">1084</Data></Cell>
			<Cell><Data ss:Type="Number">0.24</Data></Cell>
			<Cell><Data ss:Type="Number">-10.04</Data></Cell>
			<Cell><Data ss:Type="Number">-0.29</Data></Cell>
			<Cell><Data ss:Type="Number">-9.27</Data></Cell>
			<Cell><Data ss:Type="Number">-0.05</Data></Cell>
			<Cell><Data ss:Type="Number">-0.85</Data></Cell>
			<Cell><Data ss:Type="Number">22.9</Data></Cell>
			<Cell><Data ss:Type="Number">39.1</Data></Cell>
			<Cell><Data ss:Type="Number">0</Data></Cell>
			<Cell><Data ss:Type="Number">0</Data></Cell>
			<Cell><Data ss:Type="String">2023-12-07 16:49:53.837830</Data></Cell>
		</Row>
		<Row>
			<Cell><Data ss:Type="String">1083</Data></Cell>
			<Cell><Data ss:Type="Number">0.16</Data></Cell>
			<Cell><Data ss:Type="Number">-10</Data></Cell>
			<Cell><Data ss:Type="Number">0.25</Data></Cell>
			<Cell><Data ss:Type="Number">-9.47</Data></Cell>
			<Cell><Data ss:Type="Number">-0.06</Data></Cell>
			<Cell><Data ss:Type="Number">-0.97</Data></Cell>
			<Cell><Data ss:Type="Number">22.9</Data></Cell>
			<Cell><Data ss:Type="Number">39.1</Data></Cell>
			<Cell><Data ss:Type="Number">0</Data></Cell>
			<Cell><Data ss:Type="Number">0</Data></Cell>
			<Cell><Data ss:Type="String">2023-12-07 16:49:53.835118</Data></Cell>
		</Row>
		<Row>
			<Cell><Data ss:Type="String">1082</Data></Cell>
			<Cell><Data ss:Type="Number">0.1</Data></Cell>
			<Cell><Data ss:Type="Number">-10.4</Data></Cell>
			<Cell><Data ss:Type="Number">-0.23</Data></Cell>
			<Cell><Data ss:Type="Number">-9.39</Data></Cell>
			<Cell><Data ss:Type="Number">-0.11</Data></Cell>
			<Cell><Data ss:Type="Number">-0.85</Data></Cell>
			<Cell><Data ss:Type="Number">22.9</Data></Cell>
			<Cell><Data ss:Type="Number">39.1</Data></Cell>
			<Cell><Data ss:Type="Number">0</Data></Cell>
			<Cell><Data ss:Type="Number">0</Data></Cell>
			<Cell><Data ss:Type="String">2023-12-07 16:49:53.832959</Data></Cell>
		</Row>
		<Row>
			<Cell><Data ss:Type="String">1081</Data></Cell>
			<Cell><Data ss:Type="Number">-0.01</Data></Cell>
			<Cell><Data ss:Type="Number">-10.16</Data></Cell>
			<Cell><Data ss:Type="Number">-0.14</Data></Cell>
			<Cell><Data ss:Type="Number">-9.34</Data></Cell>
			<Cell><Data ss:Type="Number">-0.04</Data></Cell>
			<Cell><Data ss:Type="Number">-0.89</Data></Cell>
			<Cell><Data ss:Type="Number">22.9</Data></Cell>
			<Cell><Data ss:Type="Number">39.1</Data></Cell>
			<Cell><Data ss:Type="Number">0</Data></Cell>
			<Cell><Data ss:Type="Number">0</Data></Cell>
			<Cell><Data ss:Type="String">2023-12-07 16:49:53.732695</Data></Cell>
		</Row>
		<Row>
			<Cell><Data ss:Type="String">1080</Data></Cell>
			<Cell><Data ss:Type="Number">0.14</Data></Cell>
			<Cell><Data ss:Type="Number">-10.19</Data></Cell>
			<Cell><Data ss:Type="Number">0.17</Data></Cell>
			<Cell><Data ss:Type="Number">-9.47</Data></Cell>
			<Cell><Data ss:Type="Number">-0.11</Data></Cell>
			<Cell><Data ss:Type="Number">-0.9</Data></Cell>
			<Cell><Data ss:Type="Number">22.9</Data></Cell>
			<Cell><Data ss:Type="Number">39.1</Data></Cell>
			<Cell><Data ss:Type="Number">0</Data></Cell>
			<Cell><Data ss:Type="Number">0</Data></Cell>
			<Cell><Data ss:Type="String">2023-12-07 16:49:53.691444</Data></Cell>
		</Row>
		<Row>
			<Cell><Data ss:Type="String">1079</Data></Cell>
			<Cell><Data ss:Type="Number">-0.26</Data></Cell>
			<Cell><Data ss:Type="Number">-10.16</Data></Cell>
			<Cell><Data ss:Type="Number">0.24</Data></Cell>
			<Cell><Data ss:Type="Number">-9.56</Data></Cell>
			<Cell><Data ss:Type="Number">-0</Data></Cell>
			<Cell><Data ss:Type="Number">-0.96</Data></Cell>
			<Cell><Data ss:Type="Number">22.9</Data></Cell>
			<Cell><Data ss:Type="Number">39.1</Data></Cell>
			<Cell><Data ss:Type="Number">0</Data></Cell>
			<Cell><Data ss:Type="Number">0</Data></Cell>
			<Cell><Data ss:Type="String">2023-12-07 16:49:53.688126</Data></Cell>
		</Row>
		<Row>
			<Cell><Data ss:Type="String">1078</Data></Cell>
			<Cell><Data ss:Type="Number">0.32</Data></Cell>
			<Cell><Data ss:Type="Number">-10.12</Data></Cell>
			<Cell><Data ss:Type="Number">0.18</Data></Cell>
			<Cell><Data ss:Type="Number">-9.44</Data></Cell>
			<Cell><Data ss:Type="Number">-0</Data></Cell>
			<Cell><Data ss:Type="Number">-0.91</Data></Cell>
			<Cell><Data ss:Type="Number">22.9</Data></Cell>
			<Cell><Data ss:Type="Number">39.1</Data></Cell>
			<Cell><Data ss:Type="Number">0</Data></Cell>
			<Cell><Data ss:Type="Number">0</Data></Cell>
			<Cell><Data ss:Type="String">2023-12-07 16:49:53.643705</Data></Cell>
		</Row>
		<Row>
			<Cell><Data ss:Type="String">1077</Data></Cell>
			<Cell><Data ss:Type="Number">0.23</Data></Cell>
			<Cell><Data ss:Type="Number">-10.3</Data></Cell>
			<Cell><Data ss:Type="Number">0.42</Data></Cell>
			<Cell><Data ss:Type="Number">-9.66</Data></Cell>
			<Cell><Data ss:Type="Number">-0.01</Data></Cell>
			<Cell><Data ss:Type="Number">-0.93</Data></Cell>
			<Cell><Data ss:Type="Number">22.9</Data></Cell>
			<Cell><Data ss:Type="Number">39.1</Data></Cell>
			<Cell><Data ss:Type="Number">0</Data></Cell>
			<Cell><Data ss:Type="Number">0</Data></Cell>
			<Cell><Data ss:Type="String">2023-12-07 16:49:53.594500</Data></Cell>
		</Row>
		<Row>
			<Cell><Data ss:Type="String">1076</Data></Cell>
			<Cell><Data ss:Type="Number">0.77</Data></Cell>
			<Cell><Data ss:Type="Number">-9.74</Data></Cell>
			<Cell><Data ss:Type="Number">0.3</Data></Cell>
			<Cell><Data ss:Type="Number">-9.44</Data></Cell>
			<Cell><Data ss:Type="Number">-0.1</Data></Cell>
			<Cell><Data ss:Type="Number">-0.84</Data></Cell>
			<Cell><Data ss:Type="Number">22.9</Data></Cell>
			<Cell><Data ss:Type="Number">39.1</Data></Cell>
			<Cell><Data ss:Type="Number">0</Data></Cell>
			<Cell><Data ss:Type="Number">0</Data></Cell>
			<Cell><Data ss:Type="String">2023-12-07 16:49:53.554669</Data></Cell>
		</Row>
		<Row>
			<Cell><Data ss:Type="String">1075</Data></Cell>
			<Cell><Data ss:Type="Number">1.38</Data></Cell>
			<Cell><Data ss:Type="Number">-10.24</Data></Cell>
			<Cell><Data ss:Type="Number">0.6</Data></Cell>
			<Cell><Data ss:Type="Number">-9.58</Data></Cell>
			<Cell><Data ss:Type="Number">-0.37</Data></Cell>
			<Cell><Data ss:Type="Number">-0.88</Data></Cell>
			<Cell><Data ss:Type="Number">23</Data></Cell>
			<Cell><Data ss:Type="Number">39.1</Data></Cell>
			<Cell><Data ss:Type="Number">0</Data></Cell>
			<Cell><Data ss:Type="Number">0</Data></Cell>
			<Cell><Data ss:Type="String">2023-12-07 16:49:53.552238</Data></Cell>
		</Row>
		<Row>
			<Cell><Data ss:Type="String">1074</Data></Cell>
			<Cell><Data ss:Type="Number">0.64</Data></Cell>
			<Cell><Data ss:Type="Number">-10.56</Data></Cell>
			<Cell><Data ss:Type="Number">0.18</Data></Cell>
			<Cell><Data ss:Type="Number">-9.53</Data></Cell>
			<Cell><Data ss:Type="Number">-0.33</Data></Cell>
			<Cell><Data ss:Type="Number">-0.96</Data></Cell>
			<Cell><Data ss:Type="Number">23</Data></Cell>
			<Cell><Data ss:Type="Number">39.1</Data></Cell>
			<Cell><Data ss:Type="Number">0</Data></Cell>
			<Cell><Data ss:Type="Number">0</Data></Cell>
			<Cell><Data ss:Type="String">2023-12-07 16:49:53.504376</Data></Cell>
		</Row>
		<Row>
			<Cell><Data ss:Type="String">1073</Data></Cell>
			<Cell><Data ss:Type="Number">-1.14</Data></Cell>
			<Cell><Data ss:Type="Number">-10.06</Data></Cell>
			<Cell><Data ss:Type="Number">-0.64</Data></Cell>
			<Cell><Data ss:Type="Number">-9.5</Data></Cell>
			<Cell><Data ss:Type="Number">0.67</Data></Cell>
			<Cell><Data ss:Type="Number">-0.89</Data></Cell>
			<Cell><Data ss:Type="Number">23</Data></Cell>
			<Cell><Data ss:Type="Number">39.1</Data></Cell>
			<Cell><Data ss:Type="Number">0</Data></Cell>
			<Cell><Data ss:Type="Number">0</Data></Cell>
			<Cell><Data ss:Type="String">2023-12-07 16:49:53.461034</Data></Cell>
		</Row>
		<Row>
			<Cell><Data ss:Type="String">1072</Data></Cell>
			<Cell><Data ss:Type="Number">1.95</Data></Cell>
			<Cell><Data ss:Type="Number">-9.26</Data></Cell>
			<Cell><Data ss:Type="Number">1.09</Data></Cell>
			<Cell><Data ss:Type="Number">-9.7</Data></Cell>
			<Cell><Data ss:Type="Number">-0.1</Data></Cell>
			<Cell><Data ss:Type="Number">-1.12</Data></Cell>
			<Cell><Data ss:Type="Number">23</Data></Cell>
			<Cell><Data ss:Type="Number">39.1</Data></Cell>
			<Cell><Data ss:Type="Number">0</Data></Cell>
			<Cell><Data ss:Type="Number">0</Data></Cell>
			<Cell><Data ss:Type="String">2023-12-07 16:49:53.459375</Data></Cell>
		</Row>
		<Row>
			<Cell><Data ss:Type="String">1071</Data></Cell>
			<Cell><Data ss:Type="Number">2.35</Data></Cell>
			<Cell><Data ss:Type="Number">-9.51</Data></Cell>
			<Cell><Data ss:Type="Number">1.26</Data></Cell>
			<Cell><Data ss:Type="Number">-9.34</Data></Cell>
			<Cell><Data ss:Type="Number">-1.48</Data></Cell>
			<Cell><Data ss:Type="Number">-0.59</Data></Cell>
			<Cell><Data ss:Type="Number">23</Data></Cell>
			<Cell><Data ss:Type="Number">39.1</Data></Cell>
			<Cell><Data ss:Type="Number">0</Data></Cell>
			<Cell><Data ss:Type="Number">0</Data></Cell>
			<Cell><Data ss:Type="String">2023-12-07 16:49:53.457688</Data></Cell>
		</Row>
		<Row>
			<Cell><Data ss:Type="String">1070</Data></Cell>
			<Cell><Data ss:Type="Number">-2.28</Data></Cell>
			<Cell><Data ss:Type="Number">-9.6</Data></Cell>
			<Cell><Data ss:Type="Number">-0.82</Data></Cell>
			<Cell><Data ss:Type="Number">-10.59</Data></Cell>
			<Cell><Data ss:Type="Number">1.66</Data></Cell>
			<Cell><Data ss:Type="Number">-1.07</Data></Cell>
			<Cell><Data ss:Type="Number">23</Data></Cell>
			<Cell><Data ss:Type="Number">39.1</Data></Cell>
			<Cell><Data ss:Type="Number">0</Data></Cell>
			<Cell><Data ss:Type="Number">0</Data></Cell>
			<Cell><Data ss:Type="String">2023-12-07 16:49:53.454717</Data></Cell>
		</Row>
		<Row>
			<Cell><Data ss:Type="String">1069</Data></Cell>
			<Cell><Data ss:Type="Number">0.29</Data></Cell>
			<Cell><Data ss:Type="Number">-10.05</Data></Cell>
			<Cell><Data ss:Type="Number">0.07</Data></Cell>
			<Cell><Data ss:Type="Number">-9.44</Data></Cell>
			<Cell><Data ss:Type="Number">-0.06</Data></Cell>
			<Cell><Data ss:Type="Number">-0.93</Data></Cell>
			<Cell><Data ss:Type="Number">23</Data></Cell>
			<Cell><Data ss:Type="Number">39.1</Data></Cell>
			<Cell><Data ss:Type="Number">0</Data></Cell>
			<Cell><Data ss:Type="Number">0</Data></Cell>
			<Cell><Data ss:Type="String">2023-12-07 16:49:53.452086</Data></Cell>
		</Row>
		<Row>
			<Cell><Data ss:Type="String">1068</Data></Cell>
			<Cell><Data ss:Type="Number">0.26</Data></Cell>
			<Cell><Data ss:Type="Number">-10.03</Data></Cell>
			<Cell><Data ss:Type="Number">0.08</Data></Cell>
			<Cell><Data ss:Type="Number">-9.48</Data></Cell>
			<Cell><Data ss:Type="Number">-0.08</Data></Cell>
			<Cell><Data ss:Type="Number">-0.89</Data></Cell>
			<Cell><Data ss:Type="Number">23</Data></Cell>
			<Cell><Data ss:Type="Number">39.1</Data></Cell>
			<Cell><Data ss:Type="Number">0</Data></Cell>
			<Cell><Data ss:Type="Number">0</Data></Cell>
			<Cell><Data ss:Type="String">2023-12-07 16:49:53.450148</Data></Cell>
		</Row>
		<Row>
			<Cell><Data ss:Type="String">1067</Data></Cell>
			<Cell><Data ss:Type="Number">0.29</Data></Cell>
			<Cell><Data ss:Type="Number">-10.09</Data></Cell>
			<Cell><Data ss:Type="Number">0.16</Data></Cell>
			<Cell><Data ss:Type="Number">-9.51</Data></Cell>
			<Cell><Data ss:Type="Number">-0.08</Data></Cell>
			<Cell><Data ss:Type="Number">-0.92</Data></Cell>
			<Cell><Data ss:Type="Number">23</Data></Cell>
			<Cell><Data ss:Type="Number">39.1</Data></Cell>
			<Cell><Data ss:Type="Number">0</Data></Cell>
			<Cell><Data ss:Type="Number">0</Data></Cell>
			<Cell><Data ss:Type="String">2023-12-07 16:49:53.448325</Data></Cell>
		</Row>
		<Row>
			<Cell><Data ss:Type="String">1066</Data></Cell>
			<Cell><Data ss:Type="Number">0.43</Data></Cell>
			<Cell><Data ss:Type="Number">-10.15</Data></Cell>
			<Cell><Data ss:Type="Number">0.19</Data></Cell>
			<Cell><Data ss:Type="Number">-9.52</Data></Cell>
			<Cell><Data ss:Type="Number">-0.05</Data></Cell>
			<Cell><Data ss:Type="Number">-0.89</Data></Cell>
			<Cell><Data ss:Type="Number">23</Data></Cell>
			<Cell><Data ss:Type="Number">39.1</Data></Cell>
			<Cell><Data ss:Type="Number">0</Data></Cell>
			<Cell><Data ss:Type="Number">0</Data></Cell>
			<Cell><Data ss:Type="String">2023-12-07 16:49:53.229801</Data></Cell>
		</Row>
		<Row>
			<Cell><Data ss:Type="String">1065</Data></Cell>
			<Cell><Data ss:Type="Number">0.25</Data></Cell>
			<Cell><Data ss:Type="Number">-10.06</Data></Cell>
			<Cell><Data ss:Type="Number">0.12</Data></Cell>
			<Cell><Data ss:Type="Number">-9.47</Data></Cell>
			<Cell><Data ss:Type="Number">-0.06</Data></Cell>
			<Cell><Data ss:Type="Number">-0.9</Data></Cell>
			<Cell><Data ss:Type="Number">23</Data></Cell>
			<Cell><Data ss:Type="Number">39.1</Data></Cell>
			<Cell><Data ss:Type="Number">0</Data></Cell>
			<Cell><Data ss:Type="Number">0</Data></Cell>
			<Cell><Data ss:Type="String">2023-12-07 16:49:53.228275</Data></Cell>
		</Row>
		<Row>
			<Cell><Data ss:Type="String">1064</Data></Cell>
			<Cell><Data ss:Type="Number">0.29</Data></Cell>
			<Cell><Data ss:Type="Number">-10.01</Data></Cell>
			<Cell><Data ss:Type="Number">0.13</Data></Cell>
			<Cell><Data ss:Type="Number">-9.44</Data></Cell>
			<Cell><Data ss:Type="Number">-0.06</Data></Cell>
			<Cell><Data ss:Type="Number">-0.93</Data></Cell>
			<Cell><Data ss:Type="Number">23</Data></Cell>
			<Cell><Data ss:Type="Number">39.1</Data></Cell>
			<Cell><Data ss:Type="Number">0</Data></Cell>
			<Cell><Data ss:Type="Number">0</Data></Cell>
			<Cell><Data ss:Type="String">2023-12-07 16:49:53.226192</Data></Cell>
		</Row>
		<Row>
			<Cell><Data ss:Type="String">1063</Data></Cell>
			<Cell><Data ss:Type="Number">0.25</Data></Cell>
			<Cell><Data ss:Type="Number">-9.96</Data></Cell>
			<Cell><Data ss:Type="Number">0.09</Data></Cell>
			<Cell><Data ss:Type="Number">-9.44</Data></Cell>
			<Cell><Data ss:Type="Number">-0.08</Data></Cell>
			<Cell><Data ss:Type="Number">-0.93</Data></Cell>
			<Cell><Data ss:Type="Number">23</Data></Cell>
			<Cell><Data ss:Type="Number">39.1</Data></Cell>
			<Cell><Data ss:Type="Number">0</Data></Cell>
			<Cell><Data ss:Type="Number">0</Data></Cell>
			<Cell><Data ss:Type="String">2023-12-07 16:49:53.224194</Data></Cell>
		</Row>
		<Row>
			<Cell><Data ss:Type="String">1062</Data></Cell>
			<Cell><Data ss:Type="Number">0.33</Data></Cell>
			<Cell><Data ss:Type="Number">-10.04</Data></Cell>
			<Cell><Data ss:Type="Number">0.13</Data></Cell>
			<Cell><Data ss:Type="Number">-9.47</Data></Cell>
			<Cell><Data ss:Type="Number">-0.07</Data></Cell>
			<Cell><Data ss:Type="Number">-0.96</Data></Cell>
			<Cell><Data ss:Type="Number">23</Data></Cell>
			<Cell><Data ss:Type="Number">39.1</Data></Cell>
			<Cell><Data ss:Type="Number">0</Data></Cell>
			<Cell><Data ss:Type="Number">0</Data></Cell>
			<Cell><Data ss:Type="String">2023-12-07 16:49:53.221287</Data></Cell>
		</Row>
		<Row>
			<Cell><Data ss:Type="String">1061</Data></Cell>
			<Cell><Data ss:Type="Number">0.27</Data></Cell>
			<Cell><Data ss:Type="Number">-10.18</Data></Cell>
			<Cell><Data ss:Type="Number">0.24</Data></Cell>
			<Cell><Data ss:Type="Number">-9.52</Data></Cell>
			<Cell><Data ss:Type="Number">-0.07</Data></Cell>
			<Cell><Data ss:Type="Number">-0.88</Data></Cell>
			<Cell><Data ss:Type="Number">23</Data></Cell>
			<Cell><Data ss:Type="Number">39.1</Data></Cell>
			<Cell><Data ss:Type="Number">0</Data></Cell>
			<Cell><Data ss:Type="Number">0</Data></Cell>
			<Cell><Data ss:Type="String">2023-12-07 16:49:53.218583</Data></Cell>
		</Row>
		<Row>
			<Cell><Data ss:Type="String">1060</Data></Cell>
			<Cell><Data ss:Type="Number">0.25</Data></Cell>
			<Cell><Data ss:Type="Number">-10.18</Data></Cell>
			<Cell><Data ss:Type="Number">0.17</Data></Cell>
			<Cell><Data ss:Type="Number">-9.5</Data></Cell>
			<Cell><Data ss:Type="Number">-0.06</Data></Cell>
			<Cell><Data ss:Type="Number">-0.9</Data></Cell>
			<Cell><Data ss:Type="Number">23</Data></Cell>
			<Cell><Data ss:Type="Number">39.1</Data></Cell>
			<Cell><Data ss:Type="Number">0</Data></Cell>
			<Cell><Data ss:Type="Number">0</Data></Cell>
			<Cell><Data ss:Type="String">2023-12-07 16:49:53.018691</Data></Cell>
		</Row>
		<Row>
			<Cell><Data ss:Type="String">1059</Data></Cell>
			<Cell><Data ss:Type="Number">0.23</Data></Cell>
			<Cell><Data ss:Type="Number">-10.09</Data></Cell>
			<Cell><Data ss:Type="Number">0.17</Data></Cell>
			<Cell><Data ss:Type="Number">-9.45</Data></Cell>
			<Cell><Data ss:Type="Number">-0.09</Data></Cell>
			<Cell><Data ss:Type="Number">-0.9</Data></Cell>
			<Cell><Data ss:Type="Number">23</Data></Cell>
			<Cell><Data ss:Type="Number">39.1</Data></Cell>
			<Cell><Data ss:Type="Number">0</Data></Cell>
			<Cell><Data ss:Type="Number">0</Data></Cell>
			<Cell><Data ss:Type="String">2023-12-07 16:49:53.016717</Data></Cell>
		</Row>
		<Row>
			<Cell><Data ss:Type="String">1058</Data></Cell>
			<Cell><Data ss:Type="Number">0.26</Data></Cell>
			<Cell><Data ss:Type="Number">-9.98</Data></Cell>
			<Cell><Data ss:Type="Number">0.1</Data></Cell>
			<Cell><Data ss:Type="Number">-9.45</Data></Cell>
			<Cell><Data ss:Type="Number">-0.06</Data></Cell>
			<Cell><Data ss:Type="Number">-0.93</Data></Cell>
			<Cell><Data ss:Type="Number">23</Data></Cell>
			<Cell><Data ss:Type="Number">39.1</Data></Cell>
			<Cell><Data ss:Type="Number">0</Data></Cell>
			<Cell><Data ss:Type="Number">0</Data></Cell>
			<Cell><Data ss:Type="String">2023-12-07 16:49:52.968333</Data></Cell>
		</Row>
		<Row>
			<Cell><Data ss:Type="String">1057</Data></Cell>
			<Cell><Data ss:Type="Number">0.21</Data></Cell>
			<Cell><Data ss:Type="Number">-10.07</Data></Cell>
			<Cell><Data ss:Type="Number">0.09</Data></Cell>
			<Cell><Data ss:Type="Number">-9.51</Data></Cell>
			<Cell><Data ss:Type="Number">-0.1</Data></Cell>
			<Cell><Data ss:Type="Number">-0.92</Data></Cell>
			<Cell><Data ss:Type="Number">23</Data></Cell>
			<Cell><Data ss:Type="Number">39.1</Data></Cell>
			<Cell><Data ss:Type="Number">0</Data></Cell>
			<Cell><Data ss:Type="Number">0</Data></Cell>
			<Cell><Data ss:Type="String">2023-12-07 16:49:52.920048</Data></Cell>
		</Row>
		<Row>
			<Cell><Data ss:Type="String">1056</Data></Cell>
			<Cell><Data ss:Type="Number">0.25</Data></Cell>
			<Cell><Data ss:Type="Number">-10.14</Data></Cell>
			<Cell><Data ss:Type="Number">0.49</Data></Cell>
			<Cell><Data ss:Type="Number">-9.52</Data></Cell>
			<Cell><Data ss:Type="Number">-0.06</Data></Cell>
			<Cell><Data ss:Type="Number">-0.87</Data></Cell>
			<Cell><Data ss:Type="Number">23</Data></Cell>
			<Cell><Data ss:Type="Number">39.1</Data></Cell>
			<Cell><Data ss:Type="Number">0</Data></Cell>
			<Cell><Data ss:Type="Number">0</Data></Cell>
			<Cell><Data ss:Type="String">2023-12-07 16:49:52.917053</Data></Cell>
		</Row>
		<Row>
			<Cell><Data ss:Type="String">1055</Data></Cell>
			<Cell><Data ss:Type="Number">0.33</Data></Cell>
			<Cell><Data ss:Type="Number">-10.08</Data></Cell>
			<Cell><Data ss:Type="Number">0.15</Data></Cell>
			<Cell><Data ss:Type="Number">-9.48</Data></Cell>
			<Cell><Data ss:Type="Number">-0.05</Data></Cell>
			<Cell><Data ss:Type="Number">-0.91</Data></Cell>
			<Cell><Data ss:Type="Number">23</Data></Cell>
			<Cell><Data ss:Type="Number">39.1</Data></Cell>
			<Cell><Data ss:Type="Number">0</Data></Cell>
			<Cell><Data ss:Type="Number">0</Data></Cell>
			<Cell><Data ss:Type="String">2023-12-07 16:49:52.914653</Data></Cell>
		</Row>
		<Row>
			<Cell><Data ss:Type="String">1054</Data></Cell>
			<Cell><Data ss:Type="Number">0.31</Data></Cell>
			<Cell><Data ss:Type="Number">-10</Data></Cell>
			<Cell><Data ss:Type="Number">0.02</Data></Cell>
			<Cell><Data ss:Type="Number">-9.44</Data></Cell>
			<Cell><Data ss:Type="Number">-0.08</Data></Cell>
			<Cell><Data ss:Type="Number">-0.95</Data></Cell>
			<Cell><Data ss:Type="Number">23</Data></Cell>
			<Cell><Data ss:Type="Number">39.1</Data></Cell>
			<Cell><Data ss:Type="Number">0</Data></Cell>
			<Cell><Data ss:Type="Number">0</Data></Cell>
			<Cell><Data ss:Type="String">2023-12-07 16:49:52.911616</Data></Cell>
		</Row>
		<Row>
			<Cell><Data ss:Type="String">1053</Data></Cell>
			<Cell><Data ss:Type="Number">0.27</Data></Cell>
			<Cell><Data ss:Type="Number">-10.04</Data></Cell>
			<Cell><Data ss:Type="Number">0.07</Data></Cell>
			<Cell><Data ss:Type="Number">-9.46</Data></Cell>
			<Cell><Data ss:Type="Number">-0.08</Data></Cell>
			<Cell><Data ss:Type="Number">-0.93</Data></Cell>
			<Cell><Data ss:Type="Number">23</Data></Cell>
			<Cell><Data ss:Type="Number">39.1</Data></Cell>
			<Cell><Data ss:Type="Number">0</Data></Cell>
			<Cell><Data ss:Type="Number">0</Data></Cell>
			<Cell><Data ss:Type="String">2023-12-07 16:49:52.790517</Data></Cell>
		</Row>
		<Row>
			<Cell><Data ss:Type="String">1052</Data></Cell>
			<Cell><Data ss:Type="Number">0.24</Data></Cell>
			<Cell><Data ss:Type="Number">-10.14</Data></Cell>
			<Cell><Data ss:Type="Number">0.11</Data></Cell>
			<Cell><Data ss:Type="Number">-9.5</Data></Cell>
			<Cell><Data ss:Type="Number">-0.08</Data></Cell>
			<Cell><Data ss:Type="Number">-0.96</Data></Cell>
			<Cell><Data ss:Type="Number">23</Data></Cell>
			<Cell><Data ss:Type="Number">39.1</Data></Cell>
			<Cell><Data ss:Type="Number">0</Data></Cell>
			<Cell><Data ss:Type="Number">0</Data></Cell>
			<Cell><Data ss:Type="String">2023-12-07 16:49:52.787940</Data></Cell>
		</Row>
		<Row>
			<Cell><Data ss:Type="String">1051</Data></Cell>
			<Cell><Data ss:Type="Number">0.28</Data></Cell>
			<Cell><Data ss:Type="Number">-10.08</Data></Cell>
			<Cell><Data ss:Type="Number">0.16</Data></Cell>
			<Cell><Data ss:Type="Number">-9.52</Data></Cell>
			<Cell><Data ss:Type="Number">-0.06</Data></Cell>
			<Cell><Data ss:Type="Number">-0.89</Data></Cell>
			<Cell><Data ss:Type="Number">23</Data></Cell>
			<Cell><Data ss:Type="Number">39.1</Data></Cell>
			<Cell><Data ss:Type="Number">0</Data></Cell>
			<Cell><Data ss:Type="Number">0</Data></Cell>
			<Cell><Data ss:Type="String">2023-12-07 16:49:52.785759</Data></Cell>
		</Row>
		<Row>
			<Cell><Data ss:Type="String">1050</Data></Cell>
			<Cell><Data ss:Type="Number">0.22</Data></Cell>
			<Cell><Data ss:Type="Number">-10.22</Data></Cell>
			<Cell><Data ss:Type="Number">0.21</Data></Cell>
			<Cell><Data ss:Type="Number">-9.52</Data></Cell>
			<Cell><Data ss:Type="Number">-0.04</Data></Cell>
			<Cell><Data ss:Type="Number">-0.88</Data></Cell>
			<Cell><Data ss:Type="Number">23</Data></Cell>
			<Cell><Data ss:Type="Number">39.1</Data></Cell>
			<Cell><Data ss:Type="Number">0</Data></Cell>
			<Cell><Data ss:Type="Number">0</Data></Cell>
			<Cell><Data ss:Type="String">2023-12-07 16:49:52.783613</Data></Cell>
		</Row>
		<Row>
			<Cell><Data ss:Type="String">1049</Data></Cell>
			<Cell><Data ss:Type="Number">0.28</Data></Cell>
			<Cell><Data ss:Type="Number">-10.03</Data></Cell>
			<Cell><Data ss:Type="Number">-0.17</Data></Cell>
			<Cell><Data ss:Type="Number">-9.48</Data></Cell>
			<Cell><Data ss:Type="Number">-0.07</Data></Cell>
			<Cell><Data ss:Type="Number">-0.94</Data></Cell>
			<Cell><Data ss:Type="Number">23</Data></Cell>
			<Cell><Data ss:Type="Number">39.1</Data></Cell>
			<Cell><Data ss:Type="Number">0</Data></Cell>
			<Cell><Data ss:Type="Number">0</Data></Cell>
			<Cell><Data ss:Type="String">2023-12-07 16:49:52.781881</Data></Cell>
		</Row>
		<Row>
			<Cell><Data ss:Type="String">1048</Data></Cell>
			<Cell><Data ss:Type="Number">0.24</Data></Cell>
			<Cell><Data ss:Type="Number">-9.96</Data></Cell>
			<Cell><Data ss:Type="Number">0.14</Data></Cell>
			<Cell><Data ss:Type="Number">-9.4</Data></Cell>
			<Cell><Data ss:Type="Number">-0.04</Data></Cell>
			<Cell><Data ss:Type="Number">-0.91</Data></Cell>
			<Cell><Data ss:Type="Number">23</Data></Cell>
			<Cell><Data ss:Type="Number">39.1</Data></Cell>
			<Cell><Data ss:Type="Number">0</Data></Cell>
			<Cell><Data ss:Type="Number">0</Data></Cell>
			<Cell><Data ss:Type="String">2023-12-07 16:49:52.780202</Data></Cell>
		</Row>
		<Row>
			<Cell><Data ss:Type="String">1047</Data></Cell>
			<Cell><Data ss:Type="Number">0.39</Data></Cell>
			<Cell><Data ss:Type="Number">-10.06</Data></Cell>
			<Cell><Data ss:Type="Number">0.15</Data></Cell>
			<Cell><Data ss:Type="Number">-9.54</Data></Cell>
			<Cell><Data ss:Type="Number">-0.18</Data></Cell>
			<Cell><Data ss:Type="Number">-0.99</Data></Cell>
			<Cell><Data ss:Type="Number">23</Data></Cell>
			<Cell><Data ss:Type="Number">39.1</Data></Cell>
			<Cell><Data ss:Type="Number">0</Data></Cell>
			<Cell><Data ss:Type="Number">0</Data></Cell>
			<Cell><Data ss:Type="String">2023-12-07 16:49:52.778349</Data></Cell>
		</Row>
		<Row>
			<Cell><Data ss:Type="String">1046</Data></Cell>
			<Cell><Data ss:Type="Number">0.34</Data></Cell>
			<Cell><Data ss:Type="Number">-9.97</Data></Cell>
			<Cell><Data ss:Type="Number">0.3</Data></Cell>
			<Cell><Data ss:Type="Number">-9.41</Data></Cell>
			<Cell><Data ss:Type="Number">-0.11</Data></Cell>
			<Cell><Data ss:Type="Number">-0.89</Data></Cell>
			<Cell><Data ss:Type="Number">23</Data></Cell>
			<Cell><Data ss:Type="Number">39.1</Data></Cell>
			<Cell><Data ss:Type="Number">0</Data></Cell>
			<Cell><Data ss:Type="Number">0</Data></Cell>
			<Cell><Data ss:Type="String">2023-12-07 16:49:52.539563</Data></Cell>
		</Row>
		<Row>
			<Cell><Data ss:Type="String">1045</Data></Cell>
			<Cell><Data ss:Type="Number">0.2</Data></Cell>
			<Cell><Data ss:Type="Number">-10.06</Data></Cell>
			<Cell><Data ss:Type="Number">0.03</Data></Cell>
			<Cell><Data ss:Type="Number">-9.48</Data></Cell>
			<Cell><Data ss:Type="Number">-0.06</Data></Cell>
			<Cell><Data ss:Type="Number">-0.96</Data></Cell>
			<Cell><Data ss:Type="Number">23</Data></Cell>
			<Cell><Data ss:Type="Number">39.1</Data></Cell>
			<Cell><Data ss:Type="Number">0</Data></Cell>
			<Cell><Data ss:Type="Number">0</Data></Cell>
			<Cell><Data ss:Type="String">2023-12-07 16:49:52.537758</Data></Cell>
		</Row>
		<Row>
			<Cell><Data ss:Type="String">1044</Data></Cell>
			<Cell><Data ss:Type="Number">0.14</Data></Cell>
			<Cell><Data ss:Type="Number">-10.05</Data></Cell>
			<Cell><Data ss:Type="Number">0.02</Data></Cell>
			<Cell><Data ss:Type="Number">-9.47</Data></Cell>
			<Cell><Data ss:Type="Number">0.03</Data></Cell>
			<Cell><Data ss:Type="Number">-0.96</Data></Cell>
			<Cell><Data ss:Type="Number">23</Data></Cell>
			<Cell><Data ss:Type="Number">39.1</Data></Cell>
			<Cell><Data ss:Type="Number">0</Data></Cell>
			<Cell><Data ss:Type="Number">0</Data></Cell>
			<Cell><Data ss:Type="String">2023-12-07 16:49:52.535558</Data></Cell>
		</Row>
		<Row>
			<Cell><Data ss:Type="String">1043</Data></Cell>
			<Cell><Data ss:Type="Number">0.74</Data></Cell>
			<Cell><Data ss:Type="Number">-10.08</Data></Cell>
			<Cell><Data ss:Type="Number">0.36</Data></Cell>
			<Cell><Data ss:Type="Number">-9.44</Data></Cell>
			<Cell><Data ss:Type="Number">-0.33</Data></Cell>
			<Cell><Data ss:Type="Number">-0.87</Data></Cell>
			<Cell><Data ss:Type="Number">23</Data></Cell>
			<Cell><Data ss:Type="Number">39.1</Data></Cell>
			<Cell><Data ss:Type="Number">0</Data></Cell>
			<Cell><Data ss:Type="Number">0</Data></Cell>
			<Cell><Data ss:Type="String">2023-12-07 16:49:52.533438</Data></Cell>
		</Row>
		<Row>
			<Cell><Data ss:Type="String">1042</Data></Cell>
			<Cell><Data ss:Type="Number">0.35</Data></Cell>
			<Cell><Data ss:Type="Number">-10.18</Data></Cell>
			<Cell><Data ss:Type="Number">-0.07</Data></Cell>
			<Cell><Data ss:Type="Number">-9.56</Data></Cell>
			<Cell><Data ss:Type="Number">-0.14</Data></Cell>
			<Cell><Data ss:Type="Number">-0.94</Data></Cell>
			<Cell><Data ss:Type="Number">23</Data></Cell>
			<Cell><Data ss:Type="Number">39.1</Data></Cell>
			<Cell><Data ss:Type="Number">0</Data></Cell>
			<Cell><Data ss:Type="Number">0</Data></Cell>
			<Cell><Data ss:Type="String">2023-12-07 16:49:52.531819</Data></Cell>
		</Row>
		<Row>
			<Cell><Data ss:Type="String">1041</Data></Cell>
			<Cell><Data ss:Type="Number">-0.47</Data></Cell>
			<Cell><Data ss:Type="Number">-10.06</Data></Cell>
			<Cell><Data ss:Type="Number">-0.3</Data></Cell>
			<Cell><Data ss:Type="Number">-9.46</Data></Cell>
			<Cell><Data ss:Type="Number">0.37</Data></Cell>
			<Cell><Data ss:Type="Number">-0.96</Data></Cell>
			<Cell><Data ss:Type="Number">23</Data></Cell>
			<Cell><Data ss:Type="Number">39.1</Data></Cell>
			<Cell><Data ss:Type="Number">0</Data></Cell>
			<Cell><Data ss:Type="Number">0</Data></Cell>
			<Cell><Data ss:Type="String">2023-12-07 16:49:52.530033</Data></Cell>
		</Row>
		<Row>
			<Cell><Data ss:Type="String">1040</Data></Cell>
			<Cell><Data ss:Type="Number">0.71</Data></Cell>
			<Cell><Data ss:Type="Number">-9.93</Data></Cell>
			<Cell><Data ss:Type="Number">0.52</Data></Cell>
			<Cell><Data ss:Type="Number">-9.41</Data></Cell>
			<Cell><Data ss:Type="Number">-0.21</Data></Cell>
			<Cell><Data ss:Type="Number">-0.88</Data></Cell>
			<Cell><Data ss:Type="Number">23</Data></Cell>
			<Cell><Data ss:Type="Number">39.1</Data></Cell>
			<Cell><Data ss:Type="Number">0</Data></Cell>
			<Cell><Data ss:Type="Number">0</Data></Cell>
			<Cell><Data ss:Type="String">2023-12-07 16:49:52.528102</Data></Cell>
		</Row>
		<Row>
			<Cell><Data ss:Type="String">1039</Data></Cell>
			<Cell><Data ss:Type="Number">2.23</Data></Cell>
			<Cell><Data ss:Type="Number">-10</Data></Cell>
			<Cell><Data ss:Type="Number">1.01</Data></Cell>
			<Cell><Data ss:Type="Number">-9.5</Data></Cell>
			<Cell><Data ss:Type="Number">-1.2</Data></Cell>
			<Cell><Data ss:Type="Number">-0.9</Data></Cell>
			<Cell><Data ss:Type="Number">23</Data></Cell>
			<Cell><Data ss:Type="Number">39.1</Data></Cell>
			<Cell><Data ss:Type="Number">0</Data></Cell>
			<Cell><Data ss:Type="Number">0</Data></Cell>
			<Cell><Data ss:Type="String">2023-12-07 16:49:52.526002</Data></Cell>
		</Row>
		<Row>
			<Cell><Data ss:Type="String">1038</Data></Cell>
			<Cell><Data ss:Type="Number">-1.64</Data></Cell>
			<Cell><Data ss:Type="Number">-9.85</Data></Cell>
			<Cell><Data ss:Type="Number">-0.97</Data></Cell>
			<Cell><Data ss:Type="Number">-9.49</Data></Cell>
			<Cell><Data ss:Type="Number">0.84</Data></Cell>
			<Cell><Data ss:Type="Number">-0.84</Data></Cell>
			<Cell><Data ss:Type="Number">23</Data></Cell>
			<Cell><Data ss:Type="Number">39.1</Data></Cell>
			<Cell><Data ss:Type="Number">0</Data></Cell>
			<Cell><Data ss:Type="Number">0</Data></Cell>
			<Cell><Data ss:Type="String">2023-12-07 16:49:52.301668</Data></Cell>
		</Row>
		<Row>
			<Cell><Data ss:Type="String">1037</Data></Cell>
			<Cell><Data ss:Type="Number">0.36</Data></Cell>
			<Cell><Data ss:Type="Number">-12.05</Data></Cell>
			<Cell><Data ss:Type="Number">-2.28</Data></Cell>
			<Cell><Data ss:Type="Number">-10.57</Data></Cell>
			<Cell><Data ss:Type="Number">0.65</Data></Cell>
			<Cell><Data ss:Type="Number">-1.55</Data></Cell>
			<Cell><Data ss:Type="Number">23</Data></Cell>
			<Cell><Data ss:Type="Number">39.1</Data></Cell>
			<Cell><Data ss:Type="Number">0</Data></Cell>
			<Cell><Data ss:Type="Number">0</Data></Cell>
			<Cell><Data ss:Type="String">2023-12-07 16:49:52.299763</Data></Cell>
		</Row>
		<Row>
			<Cell><Data ss:Type="String">1036</Data></Cell>
			<Cell><Data ss:Type="Number">0</Data></Cell>
			<Cell><Data ss:Type="Number">-10.27</Data></Cell>
			<Cell><Data ss:Type="Number">-0.32</Data></Cell>
			<Cell><Data ss:Type="Number">-9.5</Data></Cell>
			<Cell><Data ss:Type="Number">-0.01</Data></Cell>
			<Cell><Data ss:Type="Number">-0.9</Data></Cell>
			<Cell><Data ss:Type="Number">23</Data></Cell>
			<Cell><Data ss:Type="Number">39.1</Data></Cell>
			<Cell><Data ss:Type="Number">0</Data></Cell>
			<Cell><Data ss:Type="Number">0</Data></Cell>
			<Cell><Data ss:Type="String">2023-12-07 16:49:52.298051</Data></Cell>
		</Row>
		<Row>
			<Cell><Data ss:Type="String">1035</Data></Cell>
			<Cell><Data ss:Type="Number">0.48</Data></Cell>
			<Cell><Data ss:Type="Number">-9.65</Data></Cell>
			<Cell><Data ss:Type="Number">0.48</Data></Cell>
			<Cell><Data ss:Type="Number">-9.45</Data></Cell>
			<Cell><Data ss:Type="Number">-0.1</Data></Cell>
			<Cell><Data ss:Type="Number">-0.9</Data></Cell>
			<Cell><Data ss:Type="Number">23</Data></Cell>
			<Cell><Data ss:Type="Number">39.1</Data></Cell>
			<Cell><Data ss:Type="Number">0</Data></Cell>
			<Cell><Data ss:Type="Number">0</Data></Cell>
			<Cell><Data ss:Type="String">2023-12-07 16:49:52.296412</Data></Cell>
		</Row>
		<Row>
			<Cell><Data ss:Type="String">1034</Data></Cell>
			<Cell><Data ss:Type="Number">0.04</Data></Cell>
			<Cell><Data ss:Type="Number">-9.27</Data></Cell>
			<Cell><Data ss:Type="Number">0.03</Data></Cell>
			<Cell><Data ss:Type="Number">-9.3</Data></Cell>
			<Cell><Data ss:Type="Number">-0.06</Data></Cell>
			<Cell><Data ss:Type="Number">-0.9</Data></Cell>
			<Cell><Data ss:Type="Number">23</Data></Cell>
			<Cell><Data ss:Type="Number">39.1</Data></Cell>
			<Cell><Data ss:Type="Number">0</Data></Cell>
			<Cell><Data ss:Type="Number">0</Data></Cell>
			<Cell><Data ss:Type="String">2023-12-07 16:49:52.131496</Data></Cell>
		</Row>
		<Row>
			<Cell><Data ss:Type="String">1033</Data></Cell>
			<Cell><Data ss:Type="Number">0.08</Data></Cell>
			<Cell><Data ss:Type="Number">-10.23</Data></Cell>
			<Cell><Data ss:Type="Number">-0.22</Data></Cell>
			<Cell><Data ss:Type="Number">-9.44</Data></Cell>
			<Cell><Data ss:Type="Number">-0.1</Data></Cell>
			<Cell><Data ss:Type="Number">-0.94</Data></Cell>
			<Cell><Data ss:Type="Number">23</Data></Cell>
			<Cell><Data ss:Type="Number">39.1</Data></Cell>
			<Cell><Data ss:Type="Number">0</Data></Cell>
			<Cell><Data ss:Type="Number">0</Data></Cell>
			<Cell><Data ss:Type="String">2023-12-07 16:49:52.127686</Data></Cell>
		</Row>
		<Row>
			<Cell><Data ss:Type="String">1032</Data></Cell>
			<Cell><Data ss:Type="Number">0.63</Data></Cell>
			<Cell><Data ss:Type="Number">-9.81</Data></Cell>
			<Cell><Data ss:Type="Number">0.49</Data></Cell>
			<Cell><Data ss:Type="Number">-9.59</Data></Cell>
			<Cell><Data ss:Type="Number">-0.04</Data></Cell>
			<Cell><Data ss:Type="Number">-0.9</Data></Cell>
			<Cell><Data ss:Type="Number">23</Data></Cell>
			<Cell><Data ss:Type="Number">39.1</Data></Cell>
			<Cell><Data ss:Type="Number">0</Data></Cell>
			<Cell><Data ss:Type="Number">0</Data></Cell>
			<Cell><Data ss:Type="String">2023-12-07 16:49:52.076153</Data></Cell>
		</Row>
		<Row>
			<Cell><Data ss:Type="String">1031</Data></Cell>
			<Cell><Data ss:Type="Number">0.41</Data></Cell>
			<Cell><Data ss:Type="Number">-10.02</Data></Cell>
			<Cell><Data ss:Type="Number">0.25</Data></Cell>
			<Cell><Data ss:Type="Number">-9.5</Data></Cell>
			<Cell><Data ss:Type="Number">-0.07</Data></Cell>
			<Cell><Data ss:Type="Number">-0.86</Data></Cell>
			<Cell><Data ss:Type="Number">23</Data></Cell>
			<Cell><Data ss:Type="Number">39.1</Data></Cell>
			<Cell><Data ss:Type="Number">0</Data></Cell>
			<Cell><Data ss:Type="Number">0</Data></Cell>
			<Cell><Data ss:Type="String">2023-12-07 16:49:52.032060</Data></Cell>
		</Row>
		<Row>
			<Cell><Data ss:Type="String">1030</Data></Cell>
			<Cell><Data ss:Type="Number">0.69</Data></Cell>
			<Cell><Data ss:Type="Number">-10.33</Data></Cell>
			<Cell><Data ss:Type="Number">0.36</Data></Cell>
			<Cell><Data ss:Type="Number">-9.46</Data></Cell>
			<Cell><Data ss:Type="Number">-0.16</Data></Cell>
			<Cell><Data ss:Type="Number">-0.89</Data></Cell>
			<Cell><Data ss:Type="Number">23</Data></Cell>
			<Cell><Data ss:Type="Number">39.1</Data></Cell>
			<Cell><Data ss:Type="Number">0</Data></Cell>
			<Cell><Data ss:Type="Number">0</Data></Cell>
			<Cell><Data ss:Type="String">2023-12-07 16:49:52.030232</Data></Cell>
		</Row>
		<Row>
			<Cell><Data ss:Type="String">1029</Data></Cell>
			<Cell><Data ss:Type="Number">-0.18</Data></Cell>
			<Cell><Data ss:Type="Number">-10.05</Data></Cell>
			<Cell><Data ss:Type="Number">0.21</Data></Cell>
			<Cell><Data ss:Type="Number">-9.27</Data></Cell>
			<Cell><Data ss:Type="Number">0.01</Data></Cell>
			<Cell><Data ss:Type="Number">-0.87</Data></Cell>
			<Cell><Data ss:Type="Number">23</Data></Cell>
			<Cell><Data ss:Type="Number">39.1</Data></Cell>
			<Cell><Data ss:Type="Number">0</Data></Cell>
			<Cell><Data ss:Type="Number">0</Data></Cell>
			<Cell><Data ss:Type="String">2023-12-07 16:49:51.991666</Data></Cell>
		</Row>
		<Row>
			<Cell><Data ss:Type="String">1028</Data></Cell>
			<Cell><Data ss:Type="Number">-0.12</Data></Cell>
			<Cell><Data ss:Type="Number">-9.87</Data></Cell>
			<Cell><Data ss:Type="Number">0.13</Data></Cell>
			<Cell><Data ss:Type="Number">-9.56</Data></Cell>
			<Cell><Data ss:Type="Number">-0</Data></Cell>
			<Cell><Data ss:Type="Number">-0.9</Data></Cell>
			<Cell><Data ss:Type="Number">23</Data></Cell>
			<Cell><Data ss:Type="Number">39.1</Data></Cell>
			<Cell><Data ss:Type="Number">0</Data></Cell>
			<Cell><Data ss:Type="Number">0</Data></Cell>
			<Cell><Data ss:Type="String">2023-12-07 16:49:51.989695</Data></Cell>
		</Row>
		<Row>
			<Cell><Data ss:Type="String">1027</Data></Cell>
			<Cell><Data ss:Type="Number">0.55</Data></Cell>
			<Cell><Data ss:Type="Number">-10.46</Data></Cell>
			<Cell><Data ss:Type="Number">-0.15</Data></Cell>
			<Cell><Data ss:Type="Number">-9.52</Data></Cell>
			<Cell><Data ss:Type="Number">-0.07</Data></Cell>
			<Cell><Data ss:Type="Number">-0.89</Data></Cell>
			<Cell><Data ss:Type="Number">23</Data></Cell>
			<Cell><Data ss:Type="Number">39.1</Data></Cell>
			<Cell><Data ss:Type="Number">0</Data></Cell>
			<Cell><Data ss:Type="Number">0</Data></Cell>
			<Cell><Data ss:Type="String">2023-12-07 16:49:51.929199</Data></Cell>
		</Row>
		<Row>
			<Cell><Data ss:Type="String">1026</Data></Cell>
			<Cell><Data ss:Type="Number">0.69</Data></Cell>
			<Cell><Data ss:Type="Number">-10.4</Data></Cell>
			<Cell><Data ss:Type="Number">0.36</Data></Cell>
			<Cell><Data ss:Type="Number">-9.55</Data></Cell>
			<Cell><Data ss:Type="Number">-0.1</Data></Cell>
			<Cell><Data ss:Type="Number">-0.86</Data></Cell>
			<Cell><Data ss:Type="Number">23</Data></Cell>
			<Cell><Data ss:Type="Number">39.1</Data></Cell>
			<Cell><Data ss:Type="Number">0</Data></Cell>
			<Cell><Data ss:Type="Number">0</Data></Cell>
			<Cell><Data ss:Type="String">2023-12-07 16:49:51.927463</Data></Cell>
		</Row>
		<Row>
			<Cell><Data ss:Type="String">1025</Data></Cell>
			<Cell><Data ss:Type="Number">0.04</Data></Cell>
			<Cell><Data ss:Type="Number">-9.88</Data></Cell>
			<Cell><Data ss:Type="Number">0.05</Data></Cell>
			<Cell><Data ss:Type="Number">-9.34</Data></Cell>
			<Cell><Data ss:Type="Number">-0.04</Data></Cell>
			<Cell><Data ss:Type="Number">-0.95</Data></Cell>
			<Cell><Data ss:Type="Number">23</Data></Cell>
			<Cell><Data ss:Type="Number">39.1</Data></Cell>
			<Cell><Data ss:Type="Number">0</Data></Cell>
			<Cell><Data ss:Type="Number">0</Data></Cell>
			<Cell><Data ss:Type="String">2023-12-07 16:49:51.925871</Data></Cell>
		</Row>
		<Row>
			<Cell><Data ss:Type="String">1024</Data></Cell>
			<Cell><Data ss:Type="Number">0.18</Data></Cell>
			<Cell><Data ss:Type="Number">-10.45</Data></Cell>
			<Cell><Data ss:Type="Number">0.12</Data></Cell>
			<Cell><Data ss:Type="Number">-9.44</Data></Cell>
			<Cell><Data ss:Type="Number">-0.05</Data></Cell>
			<Cell><Data ss:Type="Number">-0.91</Data></Cell>
			<Cell><Data ss:Type="Number">23</Data></Cell>
			<Cell><Data ss:Type="Number">39.1</Data></Cell>
			<Cell><Data ss:Type="Number">0</Data></Cell>
			<Cell><Data ss:Type="Number">0</Data></Cell>
			<Cell><Data ss:Type="String">2023-12-07 16:49:51.924067</Data></Cell>
		</Row>
		<Row>
			<Cell><Data ss:Type="String">1023</Data></Cell>
			<Cell><Data ss:Type="Number">0.59</Data></Cell>
			<Cell><Data ss:Type="Number">-9.89</Data></Cell>
			<Cell><Data ss:Type="Number">-0.01</Data></Cell>
			<Cell><Data ss:Type="Number">-9.47</Data></Cell>
			<Cell><Data ss:Type="Number">-0.12</Data></Cell>
			<Cell><Data ss:Type="Number">-1.03</Data></Cell>
			<Cell><Data ss:Type="Number">23</Data></Cell>
			<Cell><Data ss:Type="Number">39.1</Data></Cell>
			<Cell><Data ss:Type="Number">0</Data></Cell>
			<Cell><Data ss:Type="Number">0</Data></Cell>
			<Cell><Data ss:Type="String">2023-12-07 16:49:51.921717</Data></Cell>
		</Row>
		<Row>
			<Cell><Data ss:Type="String">1022</Data></Cell>
			<Cell><Data ss:Type="Number">-0.08</Data></Cell>
			<Cell><Data ss:Type="Number">-10.78</Data></Cell>
			<Cell><Data ss:Type="Number">0.13</Data></Cell>
			<Cell><Data ss:Type="Number">-9.58</Data></Cell>
			<Cell><Data ss:Type="Number">-0.03</Data></Cell>
			<Cell><Data ss:Type="Number">-0.85</Data></Cell>
			<Cell><Data ss:Type="Number">23</Data></Cell>
			<Cell><Data ss:Type="Number">39.1</Data></Cell>
			<Cell><Data ss:Type="Number">0</Data></Cell>
			<Cell><Data ss:Type="Number">0</Data></Cell>
			<Cell><Data ss:Type="String">2023-12-07 16:49:51.919292</Data></Cell>
		</Row>
		<Row>
			<Cell><Data ss:Type="String">1021</Data></Cell>
			<Cell><Data ss:Type="Number">0.46</Data></Cell>
			<Cell><Data ss:Type="Number">-9.52</Data></Cell>
			<Cell><Data ss:Type="Number">0.14</Data></Cell>
			<Cell><Data ss:Type="Number">-9.25</Data></Cell>
			<Cell><Data ss:Type="Number">-0.12</Data></Cell>
			<Cell><Data ss:Type="Number">-0.94</Data></Cell>
			<Cell><Data ss:Type="Number">23</Data></Cell>
			<Cell><Data ss:Type="Number">39.1</Data></Cell>
			<Cell><Data ss:Type="Number">0</Data></Cell>
			<Cell><Data ss:Type="Number">0</Data></Cell>
			<Cell><Data ss:Type="String">2023-12-07 16:49:51.914166</Data></Cell>
		</Row>
		<Row>
			<Cell><Data ss:Type="String">1020</Data></Cell>
			<Cell><Data ss:Type="Number">0.33</Data></Cell>
			<Cell><Data ss:Type="Number">-10.16</Data></Cell>
			<Cell><Data ss:Type="Number">0.58</Data></Cell>
			<Cell><Data ss:Type="Number">-9.49</Data></Cell>
			<Cell><Data ss:Type="Number">-0.06</Data></Cell>
			<Cell><Data ss:Type="Number">-0.9</Data></Cell>
			<Cell><Data ss:Type="Number">23</Data></Cell>
			<Cell><Data ss:Type="Number">39.1</Data></Cell>
			<Cell><Data ss:Type="Number">0</Data></Cell>
			<Cell><Data ss:Type="Number">0</Data></Cell>
			<Cell><Data ss:Type="String">2023-12-07 16:49:51.696951</Data></Cell>
		</Row>
		<Row>
			<Cell><Data ss:Type="String">1019</Data></Cell>
			<Cell><Data ss:Type="Number">0.61</Data></Cell>
			<Cell><Data ss:Type="Number">-9.96</Data></Cell>
			<Cell><Data ss:Type="Number">0.25</Data></Cell>
			<Cell><Data ss:Type="Number">-9.41</Data></Cell>
			<Cell><Data ss:Type="Number">-0.12</Data></Cell>
			<Cell><Data ss:Type="Number">-0.91</Data></Cell>
			<Cell><Data ss:Type="Number">23</Data></Cell>
			<Cell><Data ss:Type="Number">39.1</Data></Cell>
			<Cell><Data ss:Type="Number">0</Data></Cell>
			<Cell><Data ss:Type="Number">0</Data></Cell>
			<Cell><Data ss:Type="String">2023-12-07 16:49:51.695265</Data></Cell>
		</Row>
		<Row>
			<Cell><Data ss:Type="String">1018</Data></Cell>
			<Cell><Data ss:Type="Number">0.73</Data></Cell>
			<Cell><Data ss:Type="Number">-9.84</Data></Cell>
			<Cell><Data ss:Type="Number">0.32</Data></Cell>
			<Cell><Data ss:Type="Number">-9.51</Data></Cell>
			<Cell><Data ss:Type="Number">-0.03</Data></Cell>
			<Cell><Data ss:Type="Number">-0.94</Data></Cell>
			<Cell><Data ss:Type="Number">23</Data></Cell>
			<Cell><Data ss:Type="Number">39.1</Data></Cell>
			<Cell><Data ss:Type="Number">0</Data></Cell>
			<Cell><Data ss:Type="Number">0</Data></Cell>
			<Cell><Data ss:Type="String">2023-12-07 16:49:51.693792</Data></Cell>
		</Row>
		<Row>
			<Cell><Data ss:Type="String">1017</Data></Cell>
			<Cell><Data ss:Type="Number">-0.11</Data></Cell>
			<Cell><Data ss:Type="Number">-10.73</Data></Cell>
			<Cell><Data ss:Type="Number">0.11</Data></Cell>
			<Cell><Data ss:Type="Number">-9.51</Data></Cell>
			<Cell><Data ss:Type="Number">-0.12</Data></Cell>
			<Cell><Data ss:Type="Number">-0.84</Data></Cell>
			<Cell><Data ss:Type="Number">23</Data></Cell>
			<Cell><Data ss:Type="Number">39.1</Data></Cell>
			<Cell><Data ss:Type="Number">0</Data></Cell>
			<Cell><Data ss:Type="Number">0</Data></Cell>
			<Cell><Data ss:Type="String">2023-12-07 16:49:51.691927</Data></Cell>
		</Row>
		<Row>
			<Cell><Data ss:Type="String">1016</Data></Cell>
			<Cell><Data ss:Type="Number">0.21</Data></Cell>
			<Cell><Data ss:Type="Number">-10.56</Data></Cell>
			<Cell><Data ss:Type="Number">0.38</Data></Cell>
			<Cell><Data ss:Type="Number">-9.67</Data></Cell>
			<Cell><Data ss:Type="Number">-0.04</Data></Cell>
			<Cell><Data ss:Type="Number">-0.87</Data></Cell>
			<Cell><Data ss:Type="Number">23</Data></Cell>
			<Cell><Data ss:Type="Number">39.1</Data></Cell>
			<Cell><Data ss:Type="Number">0</Data></Cell>
			<Cell><Data ss:Type="Number">0</Data></Cell>
			<Cell><Data ss:Type="String">2023-12-07 16:49:51.689625</Data></Cell>
		</Row>
		<Row>
			<Cell><Data ss:Type="String">1015</Data></Cell>
			<Cell><Data ss:Type="Number">0.18</Data></Cell>
			<Cell><Data ss:Type="Number">-10.32</Data></Cell>
			<Cell><Data ss:Type="Number">0</Data></Cell>
			<Cell><Data ss:Type="Number">-9.45</Data></Cell>
			<Cell><Data ss:Type="Number">-0.1</Data></Cell>
			<Cell><Data ss:Type="Number">-0.9</Data></Cell>
			<Cell><Data ss:Type="Number">22.9</Data></Cell>
			<Cell><Data ss:Type="Number">39.1</Data></Cell>
			<Cell><Data ss:Type="Number">0</Data></Cell>
			<Cell><Data ss:Type="Number">0</Data></Cell>
			<Cell><Data ss:Type="String">2023-12-07 16:49:51.686604</Data></Cell>
		</Row>
		<Row>
			<Cell><Data ss:Type="String">1014</Data></Cell>
			<Cell><Data ss:Type="Number">0.21</Data></Cell>
			<Cell><Data ss:Type="Number">-9.76</Data></Cell>
			<Cell><Data ss:Type="Number">0.22</Data></Cell>
			<Cell><Data ss:Type="Number">-9.4</Data></Cell>
			<Cell><Data ss:Type="Number">-0.06</Data></Cell>
			<Cell><Data ss:Type="Number">-0.9</Data></Cell>
			<Cell><Data ss:Type="Number">22.9</Data></Cell>
			<Cell><Data ss:Type="Number">39.1</Data></Cell>
			<Cell><Data ss:Type="Number">0</Data></Cell>
			<Cell><Data ss:Type="Number">0</Data></Cell>
			<Cell><Data ss:Type="String">2023-12-07 16:49:51.681258</Data></Cell>
		</Row>
		<Row>
			<Cell><Data ss:Type="String">1013</Data></Cell>
			<Cell><Data ss:Type="Number">-0.01</Data></Cell>
			<Cell><Data ss:Type="Number">-10.19</Data></Cell>
			<Cell><Data ss:Type="Number">0.03</Data></Cell>
			<Cell><Data ss:Type="Number">-9.53</Data></Cell>
			<Cell><Data ss:Type="Number">-0.04</Data></Cell>
			<Cell><Data ss:Type="Number">-0.91</Data></Cell>
			<Cell><Data ss:Type="Number">22.9</Data></Cell>
			<Cell><Data ss:Type="Number">39.1</Data></Cell>
			<Cell><Data ss:Type="Number">0</Data></Cell>
			<Cell><Data ss:Type="Number">0</Data></Cell>
			<Cell><Data ss:Type="String">2023-12-07 16:49:51.453212</Data></Cell>
		</Row>
		<Row>
			<Cell><Data ss:Type="String">1012</Data></Cell>
			<Cell><Data ss:Type="Number">0.94</Data></Cell>
			<Cell><Data ss:Type="Number">-10.24</Data></Cell>
			<Cell><Data ss:Type="Number">0.04</Data></Cell>
			<Cell><Data ss:Type="Number">-9.49</Data></Cell>
			<Cell><Data ss:Type="Number">-0.07</Data></Cell>
			<Cell><Data ss:Type="Number">-0.85</Data></Cell>
			<Cell><Data ss:Type="Number">22.9</Data></Cell>
			<Cell><Data ss:Type="Number">39.1</Data></Cell>
			<Cell><Data ss:Type="Number">0</Data></Cell>
			<Cell><Data ss:Type="Number">0</Data></Cell>
			<Cell><Data ss:Type="String">2023-12-07 16:49:51.403266</Data></Cell>
		</Row>
		<Row>
			<Cell><Data ss:Type="String">1011</Data></Cell>
			<Cell><Data ss:Type="Number">0.51</Data></Cell>
			<Cell><Data ss:Type="Number">-10.34</Data></Cell>
			<Cell><Data ss:Type="Number">0.11</Data></Cell>
			<Cell><Data ss:Type="Number">-9.54</Data></Cell>
			<Cell><Data ss:Type="Number">-0.07</Data></Cell>
			<Cell><Data ss:Type="Number">-0.9</Data></Cell>
			<Cell><Data ss:Type="Number">22.9</Data></Cell>
			<Cell><Data ss:Type="Number">39.1</Data></Cell>
			<Cell><Data ss:Type="Number">0</Data></Cell>
			<Cell><Data ss:Type="Number">0</Data></Cell>
			<Cell><Data ss:Type="String">2023-12-07 16:49:51.400650</Data></Cell>
		</Row>
		<Row>
			<Cell><Data ss:Type="String">1010</Data></Cell>
			<Cell><Data ss:Type="Number">1.09</Data></Cell>
			<Cell><Data ss:Type="Number">-9.85</Data></Cell>
			<Cell><Data ss:Type="Number">0.27</Data></Cell>
			<Cell><Data ss:Type="Number">-9.33</Data></Cell>
			<Cell><Data ss:Type="Number">-0.07</Data></Cell>
			<Cell><Data ss:Type="Number">-0.89</Data></Cell>
			<Cell><Data ss:Type="Number">22.9</Data></Cell>
			<Cell><Data ss:Type="Number">39.1</Data></Cell>
			<Cell><Data ss:Type="Number">0</Data></Cell>
			<Cell><Data ss:Type="Number">0</Data></Cell>
			<Cell><Data ss:Type="String">2023-12-07 16:49:51.353134</Data></Cell>
		</Row>
		<Row>
			<Cell><Data ss:Type="String">1009</Data></Cell>
			<Cell><Data ss:Type="Number">0.35</Data></Cell>
			<Cell><Data ss:Type="Number">-9.97</Data></Cell>
			<Cell><Data ss:Type="Number">-0.11</Data></Cell>
			<Cell><Data ss:Type="Number">-9.47</Data></Cell>
			<Cell><Data ss:Type="Number">-0.04</Data></Cell>
			<Cell><Data ss:Type="Number">-0.88</Data></Cell>
			<Cell><Data ss:Type="Number">22.9</Data></Cell>
			<Cell><Data ss:Type="Number">39.1</Data></Cell>
			<Cell><Data ss:Type="Number">0</Data></Cell>
			<Cell><Data ss:Type="Number">0</Data></Cell>
			<Cell><Data ss:Type="String">2023-12-07 16:49:51.308118</Data></Cell>
		</Row>
		<Row>
			<Cell><Data ss:Type="String">1008</Data></Cell>
			<Cell><Data ss:Type="Number">0.6</Data></Cell>
			<Cell><Data ss:Type="Number">-10.14</Data></Cell>
			<Cell><Data ss:Type="Number">-0.01</Data></Cell>
			<Cell><Data ss:Type="Number">-9.43</Data></Cell>
			<Cell><Data ss:Type="Number">-0.08</Data></Cell>
			<Cell><Data ss:Type="Number">-1</Data></Cell>
			<Cell><Data ss:Type="Number">22.9</Data></Cell>
			<Cell><Data ss:Type="Number">39.1</Data></Cell>
			<Cell><Data ss:Type="Number">0</Data></Cell>
			<Cell><Data ss:Type="Number">0</Data></Cell>
			<Cell><Data ss:Type="String">2023-12-07 16:49:51.274889</Data></Cell>
		</Row>
		<Row>
			<Cell><Data ss:Type="String">1007</Data></Cell>
			<Cell><Data ss:Type="Number">1.1</Data></Cell>
			<Cell><Data ss:Type="Number">-9.91</Data></Cell>
			<Cell><Data ss:Type="Number">0.37</Data></Cell>
			<Cell><Data ss:Type="Number">-9.61</Data></Cell>
			<Cell><Data ss:Type="Number">-0.01</Data></Cell>
			<Cell><Data ss:Type="Number">-0.81</Data></Cell>
			<Cell><Data ss:Type="Number">22.9</Data></Cell>
			<Cell><Data ss:Type="Number">39.1</Data></Cell>
			<Cell><Data ss:Type="Number">0</Data></Cell>
			<Cell><Data ss:Type="Number">0</Data></Cell>
			<Cell><Data ss:Type="String">2023-12-07 16:49:51.272392</Data></Cell>
		</Row>
		<Row>
			<Cell><Data ss:Type="String">1006</Data></Cell>
			<Cell><Data ss:Type="Number">0.97</Data></Cell>
			<Cell><Data ss:Type="Number">-10.42</Data></Cell>
			<Cell><Data ss:Type="Number">0.31</Data></Cell>
			<Cell><Data ss:Type="Number">-9.69</Data></Cell>
			<Cell><Data ss:Type="Number">-0.2</Data></Cell>
			<Cell><Data ss:Type="Number">-0.91</Data></Cell>
			<Cell><Data ss:Type="Number">22.9</Data></Cell>
			<Cell><Data ss:Type="Number">39.1</Data></Cell>
			<Cell><Data ss:Type="Number">0</Data></Cell>
			<Cell><Data ss:Type="Number">0</Data></Cell>
			<Cell><Data ss:Type="String">2023-12-07 16:49:51.269765</Data></Cell>
		</Row>
		<Row>
			<Cell><Data ss:Type="String">1005</Data></Cell>
			<Cell><Data ss:Type="Number">0.91</Data></Cell>
			<Cell><Data ss:Type="Number">-9.98</Data></Cell>
			<Cell><Data ss:Type="Number">0.39</Data></Cell>
			<Cell><Data ss:Type="Number">-9.32</Data></Cell>
			<Cell><Data ss:Type="Number">-0.22</Data></Cell>
			<Cell><Data ss:Type="Number">-0.87</Data></Cell>
			<Cell><Data ss:Type="Number">22.9</Data></Cell>
			<Cell><Data ss:Type="Number">39.1</Data></Cell>
			<Cell><Data ss:Type="Number">0</Data></Cell>
			<Cell><Data ss:Type="Number">0</Data></Cell>
			<Cell><Data ss:Type="String">2023-12-07 16:49:51.267366</Data></Cell>
		</Row>
		<Row>
			<Cell><Data ss:Type="String">1004</Data></Cell>
			<Cell><Data ss:Type="Number">-1.47</Data></Cell>
			<Cell><Data ss:Type="Number">-9.94</Data></Cell>
			<Cell><Data ss:Type="Number">-0.62</Data></Cell>
			<Cell><Data ss:Type="Number">-9.45</Data></Cell>
			<Cell><Data ss:Type="Number">0.28</Data></Cell>
			<Cell><Data ss:Type="Number">-0.98</Data></Cell>
			<Cell><Data ss:Type="Number">22.9</Data></Cell>
			<Cell><Data ss:Type="Number">39.1</Data></Cell>
			<Cell><Data ss:Type="Number">0</Data></Cell>
			<Cell><Data ss:Type="Number">0</Data></Cell>
			<Cell><Data ss:Type="String">2023-12-07 16:49:51.265433</Data></Cell>
		</Row>
		<Row>
			<Cell><Data ss:Type="String">1003</Data></Cell>
			<Cell><Data ss:Type="Number">-0.09</Data></Cell>
			<Cell><Data ss:Type="Number">-9.97</Data></Cell>
			<Cell><Data ss:Type="Number">-0.58</Data></Cell>
			<Cell><Data ss:Type="Number">-9.49</Data></Cell>
			<Cell><Data ss:Type="Number">0.2</Data></Cell>
			<Cell><Data ss:Type="Number">-1.07</Data></Cell>
			<Cell><Data ss:Type="Number">22.9</Data></Cell>
			<Cell><Data ss:Type="Number">39.1</Data></Cell>
			<Cell><Data ss:Type="Number">0</Data></Cell>
			<Cell><Data ss:Type="Number">0</Data></Cell>
			<Cell><Data ss:Type="String">2023-12-07 16:49:51.263514</Data></Cell>
		</Row>
		<Row>
			<Cell><Data ss:Type="String">1002</Data></Cell>
			<Cell><Data ss:Type="Number">1.21</Data></Cell>
			<Cell><Data ss:Type="Number">-9.9</Data></Cell>
			<Cell><Data ss:Type="Number">1.22</Data></Cell>
			<Cell><Data ss:Type="Number">-9.37</Data></Cell>
			<Cell><Data ss:Type="Number">-0.6</Data></Cell>
			<Cell><Data ss:Type="Number">-0.68</Data></Cell>
			<Cell><Data ss:Type="Number">22.9</Data></Cell>
			<Cell><Data ss:Type="Number">39.1</Data></Cell>
			<Cell><Data ss:Type="Number">0</Data></Cell>
			<Cell><Data ss:Type="Number">0</Data></Cell>
			<Cell><Data ss:Type="String">2023-12-07 16:49:51.261377</Data></Cell>
		</Row>
		<Row>
			<Cell><Data ss:Type="String">1001</Data></Cell>
			<Cell><Data ss:Type="Number">-0.14</Data></Cell>
			<Cell><Data ss:Type="Number">-10.26</Data></Cell>
			<Cell><Data ss:Type="Number">0.72</Data></Cell>
			<Cell><Data ss:Type="Number">-9.62</Data></Cell>
			<Cell><Data ss:Type="Number">-1.16</Data></Cell>
			<Cell><Data ss:Type="Number">-0.9</Data></Cell>
			<Cell><Data ss:Type="Number">22.9</Data></Cell>
			<Cell><Data ss:Type="Number">39.1</Data></Cell>
			<Cell><Data ss:Type="Number">0</Data></Cell>
			<Cell><Data ss:Type="Number">0</Data></Cell>
			<Cell><Data ss:Type="String">2023-12-07 16:49:51.031784</Data></Cell>
		</Row>
		<Row>
			<Cell><Data ss:Type="String">1000</Data></Cell>
			<Cell><Data ss:Type="Number">-4.31</Data></Cell>
			<Cell><Data ss:Type="Number">-11.05</Data></Cell>
			<Cell><Data ss:Type="Number">-1.15</Data></Cell>
			<Cell><Data ss:Type="Number">-9.06</Data></Cell>
			<Cell><Data ss:Type="Number">0.88</Data></Cell>
			<Cell><Data ss:Type="Number">-0.75</Data></Cell>
			<Cell><Data ss:Type="Number">22.9</Data></Cell>
			<Cell><Data ss:Type="Number">39.1</Data></Cell>
			<Cell><Data ss:Type="Number">0</Data></Cell>
			<Cell><Data ss:Type="Number">0</Data></Cell>
			<Cell><Data ss:Type="String">2023-12-07 16:49:51.030070</Data></Cell>
		</Row>
		<Row>
			<Cell><Data ss:Type="String">999</Data></Cell>
			<Cell><Data ss:Type="Number">0.39</Data></Cell>
			<Cell><Data ss:Type="Number">-10.04</Data></Cell>
			<Cell><Data ss:Type="Number">0.14</Data></Cell>
			<Cell><Data ss:Type="Number">-9.45</Data></Cell>
			<Cell><Data ss:Type="Number">-0.09</Data></Cell>
			<Cell><Data ss:Type="Number">-0.92</Data></Cell>
			<Cell><Data ss:Type="Number">22.9</Data></Cell>
			<Cell><Data ss:Type="Number">39.1</Data></Cell>
			<Cell><Data ss:Type="Number">0</Data></Cell>
			<Cell><Data ss:Type="Number">0</Data></Cell>
			<Cell><Data ss:Type="String">2023-12-07 16:49:50.985468</Data></Cell>
		</Row>
		<Row>
			<Cell><Data ss:Type="String">998</Data></Cell>
			<Cell><Data ss:Type="Number">0.3</Data></Cell>
			<Cell><Data ss:Type="Number">-10.07</Data></Cell>
			<Cell><Data ss:Type="Number">0.09</Data></Cell>
			<Cell><Data ss:Type="Number">-9.45</Data></Cell>
			<Cell><Data ss:Type="Number">-0.07</Data></Cell>
			<Cell><Data ss:Type="Number">-0.9</Data></Cell>
			<Cell><Data ss:Type="Number">22.9</Data></Cell>
			<Cell><Data ss:Type="Number">39.1</Data></Cell>
			<Cell><Data ss:Type="Number">0</Data></Cell>
			<Cell><Data ss:Type="Number">0</Data></Cell>
			<Cell><Data ss:Type="String">2023-12-07 16:49:50.940335</Data></Cell>
		</Row>
		<Row>
			<Cell><Data ss:Type="String">997</Data></Cell>
			<Cell><Data ss:Type="Number">0.29</Data></Cell>
			<Cell><Data ss:Type="Number">-10.11</Data></Cell>
			<Cell><Data ss:Type="Number">0.12</Data></Cell>
			<Cell><Data ss:Type="Number">-9.5</Data></Cell>
			<Cell><Data ss:Type="Number">-0.08</Data></Cell>
			<Cell><Data ss:Type="Number">-0.91</Data></Cell>
			<Cell><Data ss:Type="Number">22.9</Data></Cell>
			<Cell><Data ss:Type="Number">39.1</Data></Cell>
			<Cell><Data ss:Type="Number">0</Data></Cell>
			<Cell><Data ss:Type="Number">0</Data></Cell>
			<Cell><Data ss:Type="String">2023-12-07 16:49:50.896803</Data></Cell>
		</Row>
		<Row>
			<Cell><Data ss:Type="String">996</Data></Cell>
			<Cell><Data ss:Type="Number">0.28</Data></Cell>
			<Cell><Data ss:Type="Number">-10.22</Data></Cell>
			<Cell><Data ss:Type="Number">0.2</Data></Cell>
			<Cell><Data ss:Type="Number">-9.55</Data></Cell>
			<Cell><Data ss:Type="Number">-0.08</Data></Cell>
			<Cell><Data ss:Type="Number">-0.86</Data></Cell>
			<Cell><Data ss:Type="Number">22.9</Data></Cell>
			<Cell><Data ss:Type="Number">39.1</Data></Cell>
			<Cell><Data ss:Type="Number">0</Data></Cell>
			<Cell><Data ss:Type="Number">0</Data></Cell>
			<Cell><Data ss:Type="String">2023-12-07 16:49:50.894519</Data></Cell>
		</Row>
		<Row>
			<Cell><Data ss:Type="String">995</Data></Cell>
			<Cell><Data ss:Type="Number">0.21</Data></Cell>
			<Cell><Data ss:Type="Number">-10.08</Data></Cell>
			<Cell><Data ss:Type="Number">0.15</Data></Cell>
			<Cell><Data ss:Type="Number">-9.46</Data></Cell>
			<Cell><Data ss:Type="Number">-0.06</Data></Cell>
			<Cell><Data ss:Type="Number">-0.91</Data></Cell>
			<Cell><Data ss:Type="Number">22.9</Data></Cell>
			<Cell><Data ss:Type="Number">39.1</Data></Cell>
			<Cell><Data ss:Type="Number">0</Data></Cell>
			<Cell><Data ss:Type="Number">0</Data></Cell>
			<Cell><Data ss:Type="String">2023-12-07 16:49:50.847832</Data></Cell>
		</Row>
		<Row>
			<Cell><Data ss:Type="String">994</Data></Cell>
			<Cell><Data ss:Type="Number">0.26</Data></Cell>
			<Cell><Data ss:Type="Number">-10.03</Data></Cell>
			<Cell><Data ss:Type="Number">0.14</Data></Cell>
			<Cell><Data ss:Type="Number">-9.45</Data></Cell>
			<Cell><Data ss:Type="Number">-0.09</Data></Cell>
			<Cell><Data ss:Type="Number">-0.91</Data></Cell>
			<Cell><Data ss:Type="Number">22.9</Data></Cell>
			<Cell><Data ss:Type="Number">39.1</Data></Cell>
			<Cell><Data ss:Type="Number">0</Data></Cell>
			<Cell><Data ss:Type="Number">0</Data></Cell>
			<Cell><Data ss:Type="String">2023-12-07 16:49:50.801780</Data></Cell>
		</Row>
		<Row>
			<Cell><Data ss:Type="String">993</Data></Cell>
			<Cell><Data ss:Type="Number">0.23</Data></Cell>
			<Cell><Data ss:Type="Number">-9.99</Data></Cell>
			<Cell><Data ss:Type="Number">0.12</Data></Cell>
			<Cell><Data ss:Type="Number">-9.45</Data></Cell>
			<Cell><Data ss:Type="Number">-0.08</Data></Cell>
			<Cell><Data ss:Type="Number">-0.92</Data></Cell>
			<Cell><Data ss:Type="Number">22.9</Data></Cell>
			<Cell><Data ss:Type="Number">39.1</Data></Cell>
			<Cell><Data ss:Type="Number">0</Data></Cell>
			<Cell><Data ss:Type="Number">0</Data></Cell>
			<Cell><Data ss:Type="String">2023-12-07 16:49:50.771954</Data></Cell>
		</Row>
		<Row>
			<Cell><Data ss:Type="String">992</Data></Cell>
			<Cell><Data ss:Type="Number">0.21</Data></Cell>
			<Cell><Data ss:Type="Number">-9.95</Data></Cell>
			<Cell><Data ss:Type="Number">0.16</Data></Cell>
			<Cell><Data ss:Type="Number">-9.49</Data></Cell>
			<Cell><Data ss:Type="Number">-0.05</Data></Cell>
			<Cell><Data ss:Type="Number">-0.89</Data></Cell>
			<Cell><Data ss:Type="Number">22.9</Data></Cell>
			<Cell><Data ss:Type="Number">39.1</Data></Cell>
			<Cell><Data ss:Type="Number">0</Data></Cell>
			<Cell><Data ss:Type="Number">0</Data></Cell>
			<Cell><Data ss:Type="String">2023-12-07 16:49:50.769720</Data></Cell>
		</Row>
		<Row>
			<Cell><Data ss:Type="String">991</Data></Cell>
			<Cell><Data ss:Type="Number">0.28</Data></Cell>
			<Cell><Data ss:Type="Number">-10.05</Data></Cell>
			<Cell><Data ss:Type="Number">0.26</Data></Cell>
			<Cell><Data ss:Type="Number">-9.55</Data></Cell>
			<Cell><Data ss:Type="Number">-0.09</Data></Cell>
			<Cell><Data ss:Type="Number">-0.9</Data></Cell>
			<Cell><Data ss:Type="Number">22.9</Data></Cell>
			<Cell><Data ss:Type="Number">39.1</Data></Cell>
			<Cell><Data ss:Type="Number">0</Data></Cell>
			<Cell><Data ss:Type="Number">0</Data></Cell>
			<Cell><Data ss:Type="String">2023-12-07 16:49:50.767698</Data></Cell>
		</Row>
		<Row>
			<Cell><Data ss:Type="String">990</Data></Cell>
			<Cell><Data ss:Type="Number">0.19</Data></Cell>
			<Cell><Data ss:Type="Number">-10.12</Data></Cell>
			<Cell><Data ss:Type="Number">0.15</Data></Cell>
			<Cell><Data ss:Type="Number">-9.48</Data></Cell>
			<Cell><Data ss:Type="Number">-0.03</Data></Cell>
			<Cell><Data ss:Type="Number">-0.89</Data></Cell>
			<Cell><Data ss:Type="Number">22.9</Data></Cell>
			<Cell><Data ss:Type="Number">39.1</Data></Cell>
			<Cell><Data ss:Type="Number">0</Data></Cell>
			<Cell><Data ss:Type="Number">0</Data></Cell>
			<Cell><Data ss:Type="String">2023-12-07 16:49:50.765785</Data></Cell>
		</Row>
		<Row>
			<Cell><Data ss:Type="String">989</Data></Cell>
			<Cell><Data ss:Type="Number">0.29</Data></Cell>
			<Cell><Data ss:Type="Number">-10.1</Data></Cell>
			<Cell><Data ss:Type="Number">0.19</Data></Cell>
			<Cell><Data ss:Type="Number">-9.49</Data></Cell>
			<Cell><Data ss:Type="Number">-0.06</Data></Cell>
			<Cell><Data ss:Type="Number">-0.92</Data></Cell>
			<Cell><Data ss:Type="Number">22.9</Data></Cell>
			<Cell><Data ss:Type="Number">39.1</Data></Cell>
			<Cell><Data ss:Type="Number">0</Data></Cell>
			<Cell><Data ss:Type="Number">0</Data></Cell>
			<Cell><Data ss:Type="String">2023-12-07 16:49:50.764237</Data></Cell>
		</Row>
		<Row>
			<Cell><Data ss:Type="String">988</Data></Cell>
			<Cell><Data ss:Type="Number">0.29</Data></Cell>
			<Cell><Data ss:Type="Number">-10.03</Data></Cell>
			<Cell><Data ss:Type="Number">0.09</Data></Cell>
			<Cell><Data ss:Type="Number">-9.41</Data></Cell>
			<Cell><Data ss:Type="Number">-0.06</Data></Cell>
			<Cell><Data ss:Type="Number">-0.91</Data></Cell>
			<Cell><Data ss:Type="Number">22.9</Data></Cell>
			<Cell><Data ss:Type="Number">39.1</Data></Cell>
			<Cell><Data ss:Type="Number">0</Data></Cell>
			<Cell><Data ss:Type="Number">0</Data></Cell>
			<Cell><Data ss:Type="String">2023-12-07 16:49:50.762543</Data></Cell>
		</Row>
		<Row>
			<Cell><Data ss:Type="String">987</Data></Cell>
			<Cell><Data ss:Type="Number">0.33</Data></Cell>
			<Cell><Data ss:Type="Number">-10.03</Data></Cell>
			<Cell><Data ss:Type="Number">0.12</Data></Cell>
			<Cell><Data ss:Type="Number">-9.46</Data></Cell>
			<Cell><Data ss:Type="Number">-0.1</Data></Cell>
			<Cell><Data ss:Type="Number">-0.93</Data></Cell>
			<Cell><Data ss:Type="Number">22.9</Data></Cell>
			<Cell><Data ss:Type="Number">39.1</Data></Cell>
			<Cell><Data ss:Type="Number">0</Data></Cell>
			<Cell><Data ss:Type="Number">0</Data></Cell>
			<Cell><Data ss:Type="String">2023-12-07 16:49:50.760512</Data></Cell>
		</Row>
		<Row>
			<Cell><Data ss:Type="String">986</Data></Cell>
			<Cell><Data ss:Type="Number">0.25</Data></Cell>
			<Cell><Data ss:Type="Number">-10.13</Data></Cell>
			<Cell><Data ss:Type="Number">0.15</Data></Cell>
			<Cell><Data ss:Type="Number">-9.52</Data></Cell>
			<Cell><Data ss:Type="Number">-0.06</Data></Cell>
			<Cell><Data ss:Type="Number">-0.9</Data></Cell>
			<Cell><Data ss:Type="Number">22.9</Data></Cell>
			<Cell><Data ss:Type="Number">39.1</Data></Cell>
			<Cell><Data ss:Type="Number">0</Data></Cell>
			<Cell><Data ss:Type="Number">0</Data></Cell>
			<Cell><Data ss:Type="String">2023-12-07 16:49:50.539909</Data></Cell>
		</Row>
		<Row>
			<Cell><Data ss:Type="String">985</Data></Cell>
			<Cell><Data ss:Type="Number">0.31</Data></Cell>
			<Cell><Data ss:Type="Number">-10.23</Data></Cell>
			<Cell><Data ss:Type="Number">0.22</Data></Cell>
			<Cell><Data ss:Type="Number">-9.52</Data></Cell>
			<Cell><Data ss:Type="Number">-0.06</Data></Cell>
			<Cell><Data ss:Type="Number">-0.92</Data></Cell>
			<Cell><Data ss:Type="Number">22.9</Data></Cell>
			<Cell><Data ss:Type="Number">39.1</Data></Cell>
			<Cell><Data ss:Type="Number">0</Data></Cell>
			<Cell><Data ss:Type="Number">0</Data></Cell>
			<Cell><Data ss:Type="String">2023-12-07 16:49:50.497923</Data></Cell>
		</Row>
		<Row>
			<Cell><Data ss:Type="String">984</Data></Cell>
			<Cell><Data ss:Type="Number">0.26</Data></Cell>
			<Cell><Data ss:Type="Number">-10.02</Data></Cell>
			<Cell><Data ss:Type="Number">0.19</Data></Cell>
			<Cell><Data ss:Type="Number">-9.44</Data></Cell>
			<Cell><Data ss:Type="Number">-0.06</Data></Cell>
			<Cell><Data ss:Type="Number">-0.87</Data></Cell>
			<Cell><Data ss:Type="Number">22.9</Data></Cell>
			<Cell><Data ss:Type="Number">39.1</Data></Cell>
			<Cell><Data ss:Type="Number">0</Data></Cell>
			<Cell><Data ss:Type="Number">0</Data></Cell>
			<Cell><Data ss:Type="String">2023-12-07 16:49:50.496027</Data></Cell>
		</Row>
		<Row>
			<Cell><Data ss:Type="String">983</Data></Cell>
			<Cell><Data ss:Type="Number">0.26</Data></Cell>
			<Cell><Data ss:Type="Number">-9.96</Data></Cell>
			<Cell><Data ss:Type="Number">0.13</Data></Cell>
			<Cell><Data ss:Type="Number">-9.44</Data></Cell>
			<Cell><Data ss:Type="Number">-0.1</Data></Cell>
			<Cell><Data ss:Type="Number">-0.94</Data></Cell>
			<Cell><Data ss:Type="Number">22.9</Data></Cell>
			<Cell><Data ss:Type="Number">39.1</Data></Cell>
			<Cell><Data ss:Type="Number">0</Data></Cell>
			<Cell><Data ss:Type="Number">0</Data></Cell>
			<Cell><Data ss:Type="String">2023-12-07 16:49:50.452069</Data></Cell>
		</Row>
		<Row>
			<Cell><Data ss:Type="String">982</Data></Cell>
			<Cell><Data ss:Type="Number">0.32</Data></Cell>
			<Cell><Data ss:Type="Number">-9.93</Data></Cell>
			<Cell><Data ss:Type="Number">0.22</Data></Cell>
			<Cell><Data ss:Type="Number">-9.48</Data></Cell>
			<Cell><Data ss:Type="Number">-0.04</Data></Cell>
			<Cell><Data ss:Type="Number">-0.92</Data></Cell>
			<Cell><Data ss:Type="Number">22.9</Data></Cell>
			<Cell><Data ss:Type="Number">39.1</Data></Cell>
			<Cell><Data ss:Type="Number">0</Data></Cell>
			<Cell><Data ss:Type="Number">0</Data></Cell>
			<Cell><Data ss:Type="String">2023-12-07 16:49:50.404539</Data></Cell>
		</Row>
		<Row>
			<Cell><Data ss:Type="String">981</Data></Cell>
			<Cell><Data ss:Type="Number">0.29</Data></Cell>
			<Cell><Data ss:Type="Number">-10.18</Data></Cell>
			<Cell><Data ss:Type="Number">0.15</Data></Cell>
			<Cell><Data ss:Type="Number">-9.54</Data></Cell>
			<Cell><Data ss:Type="Number">-0.06</Data></Cell>
			<Cell><Data ss:Type="Number">-0.9</Data></Cell>
			<Cell><Data ss:Type="Number">22.9</Data></Cell>
			<Cell><Data ss:Type="Number">39.1</Data></Cell>
			<Cell><Data ss:Type="Number">0</Data></Cell>
			<Cell><Data ss:Type="Number">0</Data></Cell>
			<Cell><Data ss:Type="String">2023-12-07 16:49:50.402262</Data></Cell>
		</Row>
		<Row>
			<Cell><Data ss:Type="String">980</Data></Cell>
			<Cell><Data ss:Type="Number">0.25</Data></Cell>
			<Cell><Data ss:Type="Number">-10.05</Data></Cell>
			<Cell><Data ss:Type="Number">0.08</Data></Cell>
			<Cell><Data ss:Type="Number">-9.48</Data></Cell>
			<Cell><Data ss:Type="Number">-0.07</Data></Cell>
			<Cell><Data ss:Type="Number">-0.94</Data></Cell>
			<Cell><Data ss:Type="Number">22.9</Data></Cell>
			<Cell><Data ss:Type="Number">39.1</Data></Cell>
			<Cell><Data ss:Type="Number">0</Data></Cell>
			<Cell><Data ss:Type="Number">0</Data></Cell>
			<Cell><Data ss:Type="String">2023-12-07 16:49:50.356484</Data></Cell>
		</Row>
		<Row>
			<Cell><Data ss:Type="String">979</Data></Cell>
			<Cell><Data ss:Type="Number">0.26</Data></Cell>
			<Cell><Data ss:Type="Number">-9.98</Data></Cell>
			<Cell><Data ss:Type="Number">0.18</Data></Cell>
			<Cell><Data ss:Type="Number">-9.44</Data></Cell>
			<Cell><Data ss:Type="Number">-0.07</Data></Cell>
			<Cell><Data ss:Type="Number">-0.89</Data></Cell>
			<Cell><Data ss:Type="Number">22.9</Data></Cell>
			<Cell><Data ss:Type="Number">39.1</Data></Cell>
			<Cell><Data ss:Type="Number">0</Data></Cell>
			<Cell><Data ss:Type="Number">0</Data></Cell>
			<Cell><Data ss:Type="String">2023-12-07 16:49:50.309680</Data></Cell>
		</Row>
		<Row>
			<Cell><Data ss:Type="String">978</Data></Cell>
			<Cell><Data ss:Type="Number">0.27</Data></Cell>
			<Cell><Data ss:Type="Number">-9.92</Data></Cell>
			<Cell><Data ss:Type="Number">0.05</Data></Cell>
			<Cell><Data ss:Type="Number">-9.47</Data></Cell>
			<Cell><Data ss:Type="Number">-0.08</Data></Cell>
			<Cell><Data ss:Type="Number">-0.96</Data></Cell>
			<Cell><Data ss:Type="Number">22.9</Data></Cell>
			<Cell><Data ss:Type="Number">39.1</Data></Cell>
			<Cell><Data ss:Type="Number">0</Data></Cell>
			<Cell><Data ss:Type="Number">0</Data></Cell>
			<Cell><Data ss:Type="String">2023-12-07 16:49:50.266452</Data></Cell>
		</Row>
		<Row>
			<Cell><Data ss:Type="String">977</Data></Cell>
			<Cell><Data ss:Type="Number">0.31</Data></Cell>
			<Cell><Data ss:Type="Number">-10.16</Data></Cell>
			<Cell><Data ss:Type="Number">0.25</Data></Cell>
			<Cell><Data ss:Type="Number">-9.53</Data></Cell>
			<Cell><Data ss:Type="Number">-0.09</Data></Cell>
			<Cell><Data ss:Type="Number">-0.93</Data></Cell>
			<Cell><Data ss:Type="Number">22.9</Data></Cell>
			<Cell><Data ss:Type="Number">39.1</Data></Cell>
			<Cell><Data ss:Type="Number">0</Data></Cell>
			<Cell><Data ss:Type="Number">0</Data></Cell>
			<Cell><Data ss:Type="String">2023-12-07 16:49:50.264342</Data></Cell>
		</Row>
		<Row>
			<Cell><Data ss:Type="String">976</Data></Cell>
			<Cell><Data ss:Type="Number">0.27</Data></Cell>
			<Cell><Data ss:Type="Number">-10.21</Data></Cell>
			<Cell><Data ss:Type="Number">0.18</Data></Cell>
			<Cell><Data ss:Type="Number">-9.53</Data></Cell>
			<Cell><Data ss:Type="Number">-0.07</Data></Cell>
			<Cell><Data ss:Type="Number">-0.88</Data></Cell>
			<Cell><Data ss:Type="Number">22.9</Data></Cell>
			<Cell><Data ss:Type="Number">39.1</Data></Cell>
			<Cell><Data ss:Type="Number">0</Data></Cell>
			<Cell><Data ss:Type="Number">0</Data></Cell>
			<Cell><Data ss:Type="String">2023-12-07 16:49:50.217710</Data></Cell>
		</Row>
		<Row>
			<Cell><Data ss:Type="String">975</Data></Cell>
			<Cell><Data ss:Type="Number">0.23</Data></Cell>
			<Cell><Data ss:Type="Number">-10.01</Data></Cell>
			<Cell><Data ss:Type="Number">0.06</Data></Cell>
			<Cell><Data ss:Type="Number">-9.46</Data></Cell>
			<Cell><Data ss:Type="Number">-0.03</Data></Cell>
			<Cell><Data ss:Type="Number">-0.96</Data></Cell>
			<Cell><Data ss:Type="Number">22.9</Data></Cell>
			<Cell><Data ss:Type="Number">39.1</Data></Cell>
			<Cell><Data ss:Type="Number">0</Data></Cell>
			<Cell><Data ss:Type="Number">0</Data></Cell>
			<Cell><Data ss:Type="String">2023-12-07 16:49:50.173529</Data></Cell>
		</Row>
		<Row>
			<Cell><Data ss:Type="String">974</Data></Cell>
			<Cell><Data ss:Type="Number">0.28</Data></Cell>
			<Cell><Data ss:Type="Number">-9.95</Data></Cell>
			<Cell><Data ss:Type="Number">0.1</Data></Cell>
			<Cell><Data ss:Type="Number">-9.39</Data></Cell>
			<Cell><Data ss:Type="Number">-0.06</Data></Cell>
			<Cell><Data ss:Type="Number">-0.86</Data></Cell>
			<Cell><Data ss:Type="Number">22.9</Data></Cell>
			<Cell><Data ss:Type="Number">39.1</Data></Cell>
			<Cell><Data ss:Type="Number">0</Data></Cell>
			<Cell><Data ss:Type="Number">0</Data></Cell>
			<Cell><Data ss:Type="String">2023-12-07 16:49:50.127991</Data></Cell>
		</Row>
		<Row>
			<Cell><Data ss:Type="String">973</Data></Cell>
			<Cell><Data ss:Type="Number">0.4</Data></Cell>
			<Cell><Data ss:Type="Number">-10.14</Data></Cell>
			<Cell><Data ss:Type="Number">0.13</Data></Cell>
			<Cell><Data ss:Type="Number">-9.55</Data></Cell>
			<Cell><Data ss:Type="Number">-0.12</Data></Cell>
			<Cell><Data ss:Type="Number">-0.94</Data></Cell>
			<Cell><Data ss:Type="Number">22.9</Data></Cell>
			<Cell><Data ss:Type="Number">39.1</Data></Cell>
			<Cell><Data ss:Type="Number">0</Data></Cell>
			<Cell><Data ss:Type="Number">0</Data></Cell>
			<Cell><Data ss:Type="String">2023-12-07 16:49:50.125511</Data></Cell>
		</Row>
		<Row>
			<Cell><Data ss:Type="String">972</Data></Cell>
			<Cell><Data ss:Type="Number">0.42</Data></Cell>
			<Cell><Data ss:Type="Number">-10.07</Data></Cell>
			<Cell><Data ss:Type="Number">0.29</Data></Cell>
			<Cell><Data ss:Type="Number">-9.49</Data></Cell>
			<Cell><Data ss:Type="Number">-0.15</Data></Cell>
			<Cell><Data ss:Type="Number">-0.86</Data></Cell>
			<Cell><Data ss:Type="Number">22.9</Data></Cell>
			<Cell><Data ss:Type="Number">39.1</Data></Cell>
			<Cell><Data ss:Type="Number">0</Data></Cell>
			<Cell><Data ss:Type="Number">0</Data></Cell>
			<Cell><Data ss:Type="String">2023-12-07 16:49:50.090053</Data></Cell>
		</Row>
		<Row>
			<Cell><Data ss:Type="String">971</Data></Cell>
			<Cell><Data ss:Type="Number">0.07</Data></Cell>
			<Cell><Data ss:Type="Number">-10.22</Data></Cell>
			<Cell><Data ss:Type="Number">-0.02</Data></Cell>
			<Cell><Data ss:Type="Number">-9.52</Data></Cell>
			<Cell><Data ss:Type="Number">-0.1</Data></Cell>
			<Cell><Data ss:Type="Number">-0.88</Data></Cell>
			<Cell><Data ss:Type="Number">22.9</Data></Cell>
			<Cell><Data ss:Type="Number">39.1</Data></Cell>
			<Cell><Data ss:Type="Number">0</Data></Cell>
			<Cell><Data ss:Type="Number">0</Data></Cell>
			<Cell><Data ss:Type="String">2023-12-07 16:49:50.087443</Data></Cell>
		</Row>
		<Row>
			<Cell><Data ss:Type="String">970</Data></Cell>
			<Cell><Data ss:Type="Number">0.85</Data></Cell>
			<Cell><Data ss:Type="Number">-10.06</Data></Cell>
			<Cell><Data ss:Type="Number">-0.24</Data></Cell>
			<Cell><Data ss:Type="Number">-9.46</Data></Cell>
			<Cell><Data ss:Type="Number">0.24</Data></Cell>
			<Cell><Data ss:Type="Number">-0.99</Data></Cell>
			<Cell><Data ss:Type="Number">22.9</Data></Cell>
			<Cell><Data ss:Type="Number">39.1</Data></Cell>
			<Cell><Data ss:Type="Number">0</Data></Cell>
			<Cell><Data ss:Type="Number">0</Data></Cell>
			<Cell><Data ss:Type="String">2023-12-07 16:49:50.085078</Data></Cell>
		</Row>
		<Row>
			<Cell><Data ss:Type="String">969</Data></Cell>
			<Cell><Data ss:Type="Number">0.54</Data></Cell>
			<Cell><Data ss:Type="Number">-9.9</Data></Cell>
			<Cell><Data ss:Type="Number">0.18</Data></Cell>
			<Cell><Data ss:Type="Number">-9.37</Data></Cell>
			<Cell><Data ss:Type="Number">-0.08</Data></Cell>
			<Cell><Data ss:Type="Number">-0.86</Data></Cell>
			<Cell><Data ss:Type="Number">22.9</Data></Cell>
			<Cell><Data ss:Type="Number">39.1</Data></Cell>
			<Cell><Data ss:Type="Number">0</Data></Cell>
			<Cell><Data ss:Type="Number">0</Data></Cell>
			<Cell><Data ss:Type="String">2023-12-07 16:49:50.082418</Data></Cell>
		</Row>
		<Row>
			<Cell><Data ss:Type="String">968</Data></Cell>
			<Cell><Data ss:Type="Number">1.36</Data></Cell>
			<Cell><Data ss:Type="Number">-10.06</Data></Cell>
			<Cell><Data ss:Type="Number">0.8</Data></Cell>
			<Cell><Data ss:Type="Number">-9.5</Data></Cell>
			<Cell><Data ss:Type="Number">-0.68</Data></Cell>
			<Cell><Data ss:Type="Number">-0.95</Data></Cell>
			<Cell><Data ss:Type="Number">22.9</Data></Cell>
			<Cell><Data ss:Type="Number">39.1</Data></Cell>
			<Cell><Data ss:Type="Number">0</Data></Cell>
			<Cell><Data ss:Type="Number">0</Data></Cell>
			<Cell><Data ss:Type="String">2023-12-07 16:49:50.079582</Data></Cell>
		</Row>
		<Row>
			<Cell><Data ss:Type="String">967</Data></Cell>
			<Cell><Data ss:Type="Number">-0.92</Data></Cell>
			<Cell><Data ss:Type="Number">-10.29</Data></Cell>
			<Cell><Data ss:Type="Number">-0.03</Data></Cell>
			<Cell><Data ss:Type="Number">-9.5</Data></Cell>
			<Cell><Data ss:Type="Number">0.19</Data></Cell>
			<Cell><Data ss:Type="Number">-0.72</Data></Cell>
			<Cell><Data ss:Type="Number">22.9</Data></Cell>
			<Cell><Data ss:Type="Number">39.1</Data></Cell>
			<Cell><Data ss:Type="Number">0</Data></Cell>
			<Cell><Data ss:Type="Number">0</Data></Cell>
			<Cell><Data ss:Type="String">2023-12-07 16:49:50.076994</Data></Cell>
		</Row>
		<Row>
			<Cell><Data ss:Type="String">966</Data></Cell>
			<Cell><Data ss:Type="Number">-2.53</Data></Cell>
			<Cell><Data ss:Type="Number">-10.71</Data></Cell>
			<Cell><Data ss:Type="Number">-1.93</Data></Cell>
			<Cell><Data ss:Type="Number">-9.78</Data></Cell>
			<Cell><Data ss:Type="Number">1.38</Data></Cell>
			<Cell><Data ss:Type="Number">-1.25</Data></Cell>
			<Cell><Data ss:Type="Number">22.9</Data></Cell>
			<Cell><Data ss:Type="Number">39.1</Data></Cell>
			<Cell><Data ss:Type="Number">0</Data></Cell>
			<Cell><Data ss:Type="Number">0</Data></Cell>
			<Cell><Data ss:Type="String">2023-12-07 16:49:50.074707</Data></Cell>
		</Row>
		<Row>
			<Cell><Data ss:Type="String">965</Data></Cell>
			<Cell><Data ss:Type="Number">0.48</Data></Cell>
			<Cell><Data ss:Type="Number">-8.43</Data></Cell>
			<Cell><Data ss:Type="Number">0.77</Data></Cell>
			<Cell><Data ss:Type="Number">-7.1</Data></Cell>
			<Cell><Data ss:Type="Number">0.62</Data></Cell>
			<Cell><Data ss:Type="Number">-1.93</Data></Cell>
			<Cell><Data ss:Type="Number">22.9</Data></Cell>
			<Cell><Data ss:Type="Number">39.1</Data></Cell>
			<Cell><Data ss:Type="Number">0</Data></Cell>
			<Cell><Data ss:Type="Number">0</Data></Cell>
			<Cell><Data ss:Type="String">2023-12-07 16:49:49.843857</Data></Cell>
		</Row>
		<Row>
			<Cell><Data ss:Type="String">964</Data></Cell>
			<Cell><Data ss:Type="Number">1.62</Data></Cell>
			<Cell><Data ss:Type="Number">-9.85</Data></Cell>
			<Cell><Data ss:Type="Number">0.45</Data></Cell>
			<Cell><Data ss:Type="Number">-9.45</Data></Cell>
			<Cell><Data ss:Type="Number">-0.05</Data></Cell>
			<Cell><Data ss:Type="Number">-0.94</Data></Cell>
			<Cell><Data ss:Type="Number">22.9</Data></Cell>
			<Cell><Data ss:Type="Number">39.1</Data></Cell>
			<Cell><Data ss:Type="Number">0</Data></Cell>
			<Cell><Data ss:Type="Number">0</Data></Cell>
			<Cell><Data ss:Type="String">2023-12-07 16:49:49.841992</Data></Cell>
		</Row>
		<Row>
			<Cell><Data ss:Type="String">963</Data></Cell>
			<Cell><Data ss:Type="Number">0.99</Data></Cell>
			<Cell><Data ss:Type="Number">-10.2</Data></Cell>
			<Cell><Data ss:Type="Number">0.75</Data></Cell>
			<Cell><Data ss:Type="Number">-9.61</Data></Cell>
			<Cell><Data ss:Type="Number">-0.05</Data></Cell>
			<Cell><Data ss:Type="Number">-0.96</Data></Cell>
			<Cell><Data ss:Type="Number">22.9</Data></Cell>
			<Cell><Data ss:Type="Number">39.1</Data></Cell>
			<Cell><Data ss:Type="Number">0</Data></Cell>
			<Cell><Data ss:Type="Number">0</Data></Cell>
			<Cell><Data ss:Type="String">2023-12-07 16:49:49.840022</Data></Cell>
		</Row>
		<Row>
			<Cell><Data ss:Type="String">962</Data></Cell>
			<Cell><Data ss:Type="Number">-0.19</Data></Cell>
			<Cell><Data ss:Type="Number">-10.48</Data></Cell>
			<Cell><Data ss:Type="Number">0.69</Data></Cell>
			<Cell><Data ss:Type="Number">-9.65</Data></Cell>
			<Cell><Data ss:Type="Number">-0.04</Data></Cell>
			<Cell><Data ss:Type="Number">-0.89</Data></Cell>
			<Cell><Data ss:Type="Number">22.9</Data></Cell>
			<Cell><Data ss:Type="Number">39.1</Data></Cell>
			<Cell><Data ss:Type="Number">0</Data></Cell>
			<Cell><Data ss:Type="Number">0</Data></Cell>
			<Cell><Data ss:Type="String">2023-12-07 16:49:49.838052</Data></Cell>
		</Row>
		<Row>
			<Cell><Data ss:Type="String">961</Data></Cell>
			<Cell><Data ss:Type="Number">0.02</Data></Cell>
			<Cell><Data ss:Type="Number">-10.48</Data></Cell>
			<Cell><Data ss:Type="Number">0</Data></Cell>
			<Cell><Data ss:Type="Number">-9.53</Data></Cell>
			<Cell><Data ss:Type="Number">-0.07</Data></Cell>
			<Cell><Data ss:Type="Number">-0.89</Data></Cell>
			<Cell><Data ss:Type="Number">22.9</Data></Cell>
			<Cell><Data ss:Type="Number">39.1</Data></Cell>
			<Cell><Data ss:Type="Number">0</Data></Cell>
			<Cell><Data ss:Type="Number">0</Data></Cell>
			<Cell><Data ss:Type="String">2023-12-07 16:49:49.835516</Data></Cell>
		</Row>
		<Row>
			<Cell><Data ss:Type="String">960</Data></Cell>
			<Cell><Data ss:Type="Number">0.09</Data></Cell>
			<Cell><Data ss:Type="Number">-10.02</Data></Cell>
			<Cell><Data ss:Type="Number">0.31</Data></Cell>
			<Cell><Data ss:Type="Number">-9.51</Data></Cell>
			<Cell><Data ss:Type="Number">-0.02</Data></Cell>
			<Cell><Data ss:Type="Number">-0.9</Data></Cell>
			<Cell><Data ss:Type="Number">22.9</Data></Cell>
			<Cell><Data ss:Type="Number">39.1</Data></Cell>
			<Cell><Data ss:Type="Number">0</Data></Cell>
			<Cell><Data ss:Type="Number">0</Data></Cell>
			<Cell><Data ss:Type="String">2023-12-07 16:49:49.833497</Data></Cell>
		</Row>
		<Row>
			<Cell><Data ss:Type="String">959</Data></Cell>
			<Cell><Data ss:Type="Number">0.31</Data></Cell>
			<Cell><Data ss:Type="Number">-9.52</Data></Cell>
			<Cell><Data ss:Type="Number">-0.62</Data></Cell>
			<Cell><Data ss:Type="Number">-9.53</Data></Cell>
			<Cell><Data ss:Type="Number">-0.13</Data></Cell>
			<Cell><Data ss:Type="Number">-0.89</Data></Cell>
			<Cell><Data ss:Type="Number">22.9</Data></Cell>
			<Cell><Data ss:Type="Number">39.1</Data></Cell>
			<Cell><Data ss:Type="Number">0</Data></Cell>
			<Cell><Data ss:Type="Number">0</Data></Cell>
			<Cell><Data ss:Type="String">2023-12-07 16:49:49.831520</Data></Cell>
		</Row>
		<Row>
			<Cell><Data ss:Type="String">958</Data></Cell>
			<Cell><Data ss:Type="Number">0.3</Data></Cell>
			<Cell><Data ss:Type="Number">-9.74</Data></Cell>
			<Cell><Data ss:Type="Number">-0.18</Data></Cell>
			<Cell><Data ss:Type="Number">-9.4</Data></Cell>
			<Cell><Data ss:Type="Number">-0.06</Data></Cell>
			<Cell><Data ss:Type="Number">-0.91</Data></Cell>
			<Cell><Data ss:Type="Number">22.9</Data></Cell>
			<Cell><Data ss:Type="Number">39.1</Data></Cell>
			<Cell><Data ss:Type="Number">0</Data></Cell>
			<Cell><Data ss:Type="Number">0</Data></Cell>
			<Cell><Data ss:Type="String">2023-12-07 16:49:49.592581</Data></Cell>
		</Row>
		<Row>
			<Cell><Data ss:Type="String">957</Data></Cell>
			<Cell><Data ss:Type="Number">0.54</Data></Cell>
			<Cell><Data ss:Type="Number">-9.51</Data></Cell>
			<Cell><Data ss:Type="Number">-0.09</Data></Cell>
			<Cell><Data ss:Type="Number">-9.41</Data></Cell>
			<Cell><Data ss:Type="Number">-0.06</Data></Cell>
			<Cell><Data ss:Type="Number">-0.96</Data></Cell>
			<Cell><Data ss:Type="Number">22.9</Data></Cell>
			<Cell><Data ss:Type="Number">39.1</Data></Cell>
			<Cell><Data ss:Type="Number">0</Data></Cell>
			<Cell><Data ss:Type="Number">0</Data></Cell>
			<Cell><Data ss:Type="String">2023-12-07 16:49:49.590893</Data></Cell>
		</Row>
		<Row>
			<Cell><Data ss:Type="String">956</Data></Cell>
			<Cell><Data ss:Type="Number">0.26</Data></Cell>
			<Cell><Data ss:Type="Number">-11.57</Data></Cell>
			<Cell><Data ss:Type="Number">0.32</Data></Cell>
			<Cell><Data ss:Type="Number">-9.57</Data></Cell>
			<Cell><Data ss:Type="Number">0.02</Data></Cell>
			<Cell><Data ss:Type="Number">-0.91</Data></Cell>
			<Cell><Data ss:Type="Number">22.9</Data></Cell>
			<Cell><Data ss:Type="Number">39.1</Data></Cell>
			<Cell><Data ss:Type="Number">0</Data></Cell>
			<Cell><Data ss:Type="Number">0</Data></Cell>
			<Cell><Data ss:Type="String">2023-12-07 16:49:49.543360</Data></Cell>
		</Row>
		<Row>
			<Cell><Data ss:Type="String">955</Data></Cell>
			<Cell><Data ss:Type="Number">0.67</Data></Cell>
			<Cell><Data ss:Type="Number">-10.19</Data></Cell>
			<Cell><Data ss:Type="Number">-0.66</Data></Cell>
			<Cell><Data ss:Type="Number">-9.43</Data></Cell>
			<Cell><Data ss:Type="Number">-0.16</Data></Cell>
			<Cell><Data ss:Type="Number">-1.02</Data></Cell>
			<Cell><Data ss:Type="Number">22.9</Data></Cell>
			<Cell><Data ss:Type="Number">39.1</Data></Cell>
			<Cell><Data ss:Type="Number">0</Data></Cell>
			<Cell><Data ss:Type="Number">0</Data></Cell>
			<Cell><Data ss:Type="String">2023-12-07 16:49:49.498075</Data></Cell>
		</Row>
		<Row>
			<Cell><Data ss:Type="String">954</Data></Cell>
			<Cell><Data ss:Type="Number">0.43</Data></Cell>
			<Cell><Data ss:Type="Number">-10.44</Data></Cell>
			<Cell><Data ss:Type="Number">0.29</Data></Cell>
			<Cell><Data ss:Type="Number">-9.56</Data></Cell>
			<Cell><Data ss:Type="Number">-0.13</Data></Cell>
			<Cell><Data ss:Type="Number">-0.9</Data></Cell>
			<Cell><Data ss:Type="Number">22.9</Data></Cell>
			<Cell><Data ss:Type="Number">39.1</Data></Cell>
			<Cell><Data ss:Type="Number">0</Data></Cell>
			<Cell><Data ss:Type="Number">0</Data></Cell>
			<Cell><Data ss:Type="String">2023-12-07 16:49:49.445385</Data></Cell>
		</Row>
		<Row>
			<Cell><Data ss:Type="String">953</Data></Cell>
			<Cell><Data ss:Type="Number">0.34</Data></Cell>
			<Cell><Data ss:Type="Number">-9.6</Data></Cell>
			<Cell><Data ss:Type="Number">0.06</Data></Cell>
			<Cell><Data ss:Type="Number">-9.41</Data></Cell>
			<Cell><Data ss:Type="Number">-0.09</Data></Cell>
			<Cell><Data ss:Type="Number">-0.95</Data></Cell>
			<Cell><Data ss:Type="Number">22.9</Data></Cell>
			<Cell><Data ss:Type="Number">39.1</Data></Cell>
			<Cell><Data ss:Type="Number">0</Data></Cell>
			<Cell><Data ss:Type="Number">0</Data></Cell>
			<Cell><Data ss:Type="String">2023-12-07 16:49:49.443605</Data></Cell>
		</Row>
		<Row>
			<Cell><Data ss:Type="String">952</Data></Cell>
			<Cell><Data ss:Type="Number">0.21</Data></Cell>
			<Cell><Data ss:Type="Number">-10.76</Data></Cell>
			<Cell><Data ss:Type="Number">0.13</Data></Cell>
			<Cell><Data ss:Type="Number">-9.42</Data></Cell>
			<Cell><Data ss:Type="Number">-0.04</Data></Cell>
			<Cell><Data ss:Type="Number">-0.9</Data></Cell>
			<Cell><Data ss:Type="Number">22.9</Data></Cell>
			<Cell><Data ss:Type="Number">39.1</Data></Cell>
			<Cell><Data ss:Type="Number">0</Data></Cell>
			<Cell><Data ss:Type="Number">0</Data></Cell>
			<Cell><Data ss:Type="String">2023-12-07 16:49:49.230478</Data></Cell>
		</Row>
		<Row>
			<Cell><Data ss:Type="String">951</Data></Cell>
			<Cell><Data ss:Type="Number">0.48</Data></Cell>
			<Cell><Data ss:Type="Number">-10.46</Data></Cell>
			<Cell><Data ss:Type="Number">0.11</Data></Cell>
			<Cell><Data ss:Type="Number">-9.47</Data></Cell>
			<Cell><Data ss:Type="Number">-0.06</Data></Cell>
			<Cell><Data ss:Type="Number">-0.84</Data></Cell>
			<Cell><Data ss:Type="Number">22.9</Data></Cell>
			<Cell><Data ss:Type="Number">39.1</Data></Cell>
			<Cell><Data ss:Type="Number">0</Data></Cell>
			<Cell><Data ss:Type="Number">0</Data></Cell>
			<Cell><Data ss:Type="String">2023-12-07 16:49:49.228783</Data></Cell>
		</Row>
		<Row>
			<Cell><Data ss:Type="String">950</Data></Cell>
			<Cell><Data ss:Type="Number">0.18</Data></Cell>
			<Cell><Data ss:Type="Number">-9.88</Data></Cell>
			<Cell><Data ss:Type="Number">-0.08</Data></Cell>
			<Cell><Data ss:Type="Number">-9.52</Data></Cell>
			<Cell><Data ss:Type="Number">-0.02</Data></Cell>
			<Cell><Data ss:Type="Number">-0.88</Data></Cell>
			<Cell><Data ss:Type="Number">22.9</Data></Cell>
			<Cell><Data ss:Type="Number">39.1</Data></Cell>
			<Cell><Data ss:Type="Number">0</Data></Cell>
			<Cell><Data ss:Type="Number">0</Data></Cell>
			<Cell><Data ss:Type="String">2023-12-07 16:49:49.227095</Data></Cell>
		</Row>
		<Row>
			<Cell><Data ss:Type="String">949</Data></Cell>
			<Cell><Data ss:Type="Number">0.25</Data></Cell>
			<Cell><Data ss:Type="Number">-10.54</Data></Cell>
			<Cell><Data ss:Type="Number">0.09</Data></Cell>
			<Cell><Data ss:Type="Number">-9.53</Data></Cell>
			<Cell><Data ss:Type="Number">-0.07</Data></Cell>
			<Cell><Data ss:Type="Number">-0.97</Data></Cell>
			<Cell><Data ss:Type="Number">22.9</Data></Cell>
			<Cell><Data ss:Type="Number">39.1</Data></Cell>
			<Cell><Data ss:Type="Number">0</Data></Cell>
			<Cell><Data ss:Type="Number">0</Data></Cell>
			<Cell><Data ss:Type="String">2023-12-07 16:49:49.224699</Data></Cell>
		</Row>
		<Row>
			<Cell><Data ss:Type="String">948</Data></Cell>
			<Cell><Data ss:Type="Number">0.26</Data></Cell>
			<Cell><Data ss:Type="Number">-9.39</Data></Cell>
			<Cell><Data ss:Type="Number">0.55</Data></Cell>
			<Cell><Data ss:Type="Number">-9.44</Data></Cell>
			<Cell><Data ss:Type="Number">-0.12</Data></Cell>
			<Cell><Data ss:Type="Number">-0.91</Data></Cell>
			<Cell><Data ss:Type="Number">22.9</Data></Cell>
			<Cell><Data ss:Type="Number">39.1</Data></Cell>
			<Cell><Data ss:Type="Number">0</Data></Cell>
			<Cell><Data ss:Type="Number">0</Data></Cell>
			<Cell><Data ss:Type="String">2023-12-07 16:49:49.084285</Data></Cell>
		</Row>
		<Row>
			<Cell><Data ss:Type="String">947</Data></Cell>
			<Cell><Data ss:Type="Number">-0.17</Data></Cell>
			<Cell><Data ss:Type="Number">-10.21</Data></Cell>
			<Cell><Data ss:Type="Number">-0.37</Data></Cell>
			<Cell><Data ss:Type="Number">-9.44</Data></Cell>
			<Cell><Data ss:Type="Number">-0.08</Data></Cell>
			<Cell><Data ss:Type="Number">-0.9</Data></Cell>
			<Cell><Data ss:Type="Number">22.9</Data></Cell>
			<Cell><Data ss:Type="Number">39.1</Data></Cell>
			<Cell><Data ss:Type="Number">0</Data></Cell>
			<Cell><Data ss:Type="Number">0</Data></Cell>
			<Cell><Data ss:Type="String">2023-12-07 16:49:49.082637</Data></Cell>
		</Row>
		<Row>
			<Cell><Data ss:Type="String">946</Data></Cell>
			<Cell><Data ss:Type="Number">0.21</Data></Cell>
			<Cell><Data ss:Type="Number">-10.22</Data></Cell>
			<Cell><Data ss:Type="Number">0.21</Data></Cell>
			<Cell><Data ss:Type="Number">-9.63</Data></Cell>
			<Cell><Data ss:Type="Number">-0.07</Data></Cell>
			<Cell><Data ss:Type="Number">-0.87</Data></Cell>
			<Cell><Data ss:Type="Number">22.9</Data></Cell>
			<Cell><Data ss:Type="Number">39.1</Data></Cell>
			<Cell><Data ss:Type="Number">0</Data></Cell>
			<Cell><Data ss:Type="Number">0</Data></Cell>
			<Cell><Data ss:Type="String">2023-12-07 16:49:49.036313</Data></Cell>
		</Row>
		<Row>
			<Cell><Data ss:Type="String">945</Data></Cell>
			<Cell><Data ss:Type="Number">0.41</Data></Cell>
			<Cell><Data ss:Type="Number">-9.87</Data></Cell>
			<Cell><Data ss:Type="Number">0.06</Data></Cell>
			<Cell><Data ss:Type="Number">-9.34</Data></Cell>
			<Cell><Data ss:Type="Number">-0.09</Data></Cell>
			<Cell><Data ss:Type="Number">-0.95</Data></Cell>
			<Cell><Data ss:Type="Number">22.9</Data></Cell>
			<Cell><Data ss:Type="Number">39.1</Data></Cell>
			<Cell><Data ss:Type="Number">0</Data></Cell>
			<Cell><Data ss:Type="Number">0</Data></Cell>
			<Cell><Data ss:Type="String">2023-12-07 16:49:48.990438</Data></Cell>
		</Row>
		<Row>
			<Cell><Data ss:Type="String">944</Data></Cell>
			<Cell><Data ss:Type="Number">0.18</Data></Cell>
			<Cell><Data ss:Type="Number">-10.37</Data></Cell>
			<Cell><Data ss:Type="Number">-0.01</Data></Cell>
			<Cell><Data ss:Type="Number">-9.43</Data></Cell>
			<Cell><Data ss:Type="Number">-0.16</Data></Cell>
			<Cell><Data ss:Type="Number">-0.93</Data></Cell>
			<Cell><Data ss:Type="Number">22.9</Data></Cell>
			<Cell><Data ss:Type="Number">39.1</Data></Cell>
			<Cell><Data ss:Type="Number">0</Data></Cell>
			<Cell><Data ss:Type="Number">0</Data></Cell>
			<Cell><Data ss:Type="String">2023-12-07 16:49:48.945586</Data></Cell>
		</Row>
		<Row>
			<Cell><Data ss:Type="String">943</Data></Cell>
			<Cell><Data ss:Type="Number">-0.05</Data></Cell>
			<Cell><Data ss:Type="Number">-10.27</Data></Cell>
			<Cell><Data ss:Type="Number">0.13</Data></Cell>
			<Cell><Data ss:Type="Number">-9.53</Data></Cell>
			<Cell><Data ss:Type="Number">0.01</Data></Cell>
			<Cell><Data ss:Type="Number">-0.84</Data></Cell>
			<Cell><Data ss:Type="Number">22.9</Data></Cell>
			<Cell><Data ss:Type="Number">39.1</Data></Cell>
			<Cell><Data ss:Type="Number">0</Data></Cell>
			<Cell><Data ss:Type="Number">0</Data></Cell>
			<Cell><Data ss:Type="String">2023-12-07 16:49:48.943767</Data></Cell>
		</Row>
		<Row>
			<Cell><Data ss:Type="String">942</Data></Cell>
			<Cell><Data ss:Type="Number">0.39</Data></Cell>
			<Cell><Data ss:Type="Number">-10.42</Data></Cell>
			<Cell><Data ss:Type="Number">0.19</Data></Cell>
			<Cell><Data ss:Type="Number">-9.68</Data></Cell>
			<Cell><Data ss:Type="Number">-0.01</Data></Cell>
			<Cell><Data ss:Type="Number">-0.94</Data></Cell>
			<Cell><Data ss:Type="Number">22.9</Data></Cell>
			<Cell><Data ss:Type="Number">39.1</Data></Cell>
			<Cell><Data ss:Type="Number">0</Data></Cell>
			<Cell><Data ss:Type="Number">0</Data></Cell>
			<Cell><Data ss:Type="String">2023-12-07 16:49:48.897929</Data></Cell>
		</Row>
		<Row>
			<Cell><Data ss:Type="String">941</Data></Cell>
			<Cell><Data ss:Type="Number">0.58</Data></Cell>
			<Cell><Data ss:Type="Number">-10.26</Data></Cell>
			<Cell><Data ss:Type="Number">0.38</Data></Cell>
			<Cell><Data ss:Type="Number">-9.41</Data></Cell>
			<Cell><Data ss:Type="Number">0.03</Data></Cell>
			<Cell><Data ss:Type="Number">-0.82</Data></Cell>
			<Cell><Data ss:Type="Number">22.9</Data></Cell>
			<Cell><Data ss:Type="Number">39.1</Data></Cell>
			<Cell><Data ss:Type="Number">0</Data></Cell>
			<Cell><Data ss:Type="Number">0</Data></Cell>
			<Cell><Data ss:Type="String">2023-12-07 16:49:48.857553</Data></Cell>
		</Row>
		<Row>
			<Cell><Data ss:Type="String">940</Data></Cell>
			<Cell><Data ss:Type="Number">0.88</Data></Cell>
			<Cell><Data ss:Type="Number">-9.7</Data></Cell>
			<Cell><Data ss:Type="Number">0.34</Data></Cell>
			<Cell><Data ss:Type="Number">-9.46</Data></Cell>
			<Cell><Data ss:Type="Number">-0.25</Data></Cell>
			<Cell><Data ss:Type="Number">-1</Data></Cell>
			<Cell><Data ss:Type="Number">22.9</Data></Cell>
			<Cell><Data ss:Type="Number">39.1</Data></Cell>
			<Cell><Data ss:Type="Number">0</Data></Cell>
			<Cell><Data ss:Type="Number">0</Data></Cell>
			<Cell><Data ss:Type="String">2023-12-07 16:49:48.855056</Data></Cell>
		</Row>
		<Row>
			<Cell><Data ss:Type="String">939</Data></Cell>
			<Cell><Data ss:Type="Number">-0.03</Data></Cell>
			<Cell><Data ss:Type="Number">-10.31</Data></Cell>
			<Cell><Data ss:Type="Number">-0.15</Data></Cell>
			<Cell><Data ss:Type="Number">-9.5</Data></Cell>
			<Cell><Data ss:Type="Number">-0.05</Data></Cell>
			<Cell><Data ss:Type="Number">-0.91</Data></Cell>
			<Cell><Data ss:Type="Number">22.9</Data></Cell>
			<Cell><Data ss:Type="Number">39.1</Data></Cell>
			<Cell><Data ss:Type="Number">0</Data></Cell>
			<Cell><Data ss:Type="Number">0</Data></Cell>
			<Cell><Data ss:Type="String">2023-12-07 16:49:48.852609</Data></Cell>
		</Row>
		<Row>
			<Cell><Data ss:Type="String">938</Data></Cell>
			<Cell><Data ss:Type="Number">-0.12</Data></Cell>
			<Cell><Data ss:Type="Number">-10.27</Data></Cell>
			<Cell><Data ss:Type="Number">-0.42</Data></Cell>
			<Cell><Data ss:Type="Number">-9.56</Data></Cell>
			<Cell><Data ss:Type="Number">0.28</Data></Cell>
			<Cell><Data ss:Type="Number">-0.9</Data></Cell>
			<Cell><Data ss:Type="Number">22.9</Data></Cell>
			<Cell><Data ss:Type="Number">39.1</Data></Cell>
			<Cell><Data ss:Type="Number">0</Data></Cell>
			<Cell><Data ss:Type="Number">0</Data></Cell>
			<Cell><Data ss:Type="String">2023-12-07 16:49:48.850252</Data></Cell>
		</Row>
		<Row>
			<Cell><Data ss:Type="String">937</Data></Cell>
			<Cell><Data ss:Type="Number">0.01</Data></Cell>
			<Cell><Data ss:Type="Number">-10.03</Data></Cell>
			<Cell><Data ss:Type="Number">0.46</Data></Cell>
			<Cell><Data ss:Type="Number">-9.51</Data></Cell>
			<Cell><Data ss:Type="Number">-0.47</Data></Cell>
			<Cell><Data ss:Type="Number">-0.94</Data></Cell>
			<Cell><Data ss:Type="Number">22.9</Data></Cell>
			<Cell><Data ss:Type="Number">39.1</Data></Cell>
			<Cell><Data ss:Type="Number">0</Data></Cell>
			<Cell><Data ss:Type="Number">0</Data></Cell>
			<Cell><Data ss:Type="String">2023-12-07 16:49:48.848409</Data></Cell>
		</Row>
		<Row>
			<Cell><Data ss:Type="String">936</Data></Cell>
			<Cell><Data ss:Type="Number">0.63</Data></Cell>
			<Cell><Data ss:Type="Number">-10.48</Data></Cell>
			<Cell><Data ss:Type="Number">0.32</Data></Cell>
			<Cell><Data ss:Type="Number">-9.47</Data></Cell>
			<Cell><Data ss:Type="Number">-0.39</Data></Cell>
			<Cell><Data ss:Type="Number">-0.7</Data></Cell>
			<Cell><Data ss:Type="Number">22.9</Data></Cell>
			<Cell><Data ss:Type="Number">39.1</Data></Cell>
			<Cell><Data ss:Type="Number">0</Data></Cell>
			<Cell><Data ss:Type="Number">0</Data></Cell>
			<Cell><Data ss:Type="String">2023-12-07 16:49:48.846702</Data></Cell>
		</Row>
		<Row>
			<Cell><Data ss:Type="String">935</Data></Cell>
			<Cell><Data ss:Type="Number">3.58</Data></Cell>
			<Cell><Data ss:Type="Number">-10.97</Data></Cell>
			<Cell><Data ss:Type="Number">-1.59</Data></Cell>
			<Cell><Data ss:Type="Number">-9.55</Data></Cell>
			<Cell><Data ss:Type="Number">1.09</Data></Cell>
			<Cell><Data ss:Type="Number">-1.22</Data></Cell>
			<Cell><Data ss:Type="Number">22.9</Data></Cell>
			<Cell><Data ss:Type="Number">39.1</Data></Cell>
			<Cell><Data ss:Type="Number">0</Data></Cell>
			<Cell><Data ss:Type="Number">0</Data></Cell>
			<Cell><Data ss:Type="String">2023-12-07 16:49:48.844879</Data></Cell>
		</Row>
		<Row>
			<Cell><Data ss:Type="String">934</Data></Cell>
			<Cell><Data ss:Type="Number">1.23</Data></Cell>
			<Cell><Data ss:Type="Number">-9.6</Data></Cell>
			<Cell><Data ss:Type="Number">1.71</Data></Cell>
			<Cell><Data ss:Type="Number">-9.2</Data></Cell>
			<Cell><Data ss:Type="Number">-0.44</Data></Cell>
			<Cell><Data ss:Type="Number">-0.85</Data></Cell>
			<Cell><Data ss:Type="Number">22.9</Data></Cell>
			<Cell><Data ss:Type="Number">39.1</Data></Cell>
			<Cell><Data ss:Type="Number">0</Data></Cell>
			<Cell><Data ss:Type="Number">0</Data></Cell>
			<Cell><Data ss:Type="String">2023-12-07 16:49:48.621188</Data></Cell>
		</Row>
		<Row>
			<Cell><Data ss:Type="String">933</Data></Cell>
			<Cell><Data ss:Type="Number">4.67</Data></Cell>
			<Cell><Data ss:Type="Number">-8.27</Data></Cell>
			<Cell><Data ss:Type="Number">3.58</Data></Cell>
			<Cell><Data ss:Type="Number">-11.26</Data></Cell>
			<Cell><Data ss:Type="Number">-2.14</Data></Cell>
			<Cell><Data ss:Type="Number">-0.44</Data></Cell>
			<Cell><Data ss:Type="Number">22.9</Data></Cell>
			<Cell><Data ss:Type="Number">39.1</Data></Cell>
			<Cell><Data ss:Type="Number">0</Data></Cell>
			<Cell><Data ss:Type="Number">0</Data></Cell>
			<Cell><Data ss:Type="String">2023-12-07 16:49:48.619146</Data></Cell>
		</Row>
		<Row>
			<Cell><Data ss:Type="String">932</Data></Cell>
			<Cell><Data ss:Type="Number">0.29</Data></Cell>
			<Cell><Data ss:Type="Number">-10.2</Data></Cell>
			<Cell><Data ss:Type="Number">0.2</Data></Cell>
			<Cell><Data ss:Type="Number">-9.5</Data></Cell>
			<Cell><Data ss:Type="Number">-0.07</Data></Cell>
			<Cell><Data ss:Type="Number">-0.89</Data></Cell>
			<Cell><Data ss:Type="Number">22.9</Data></Cell>
			<Cell><Data ss:Type="Number">39.1</Data></Cell>
			<Cell><Data ss:Type="Number">0</Data></Cell>
			<Cell><Data ss:Type="Number">0</Data></Cell>
			<Cell><Data ss:Type="String">2023-12-07 16:49:48.617219</Data></Cell>
		</Row>
		<Row>
			<Cell><Data ss:Type="String">931</Data></Cell>
			<Cell><Data ss:Type="Number">0.29</Data></Cell>
			<Cell><Data ss:Type="Number">-10.14</Data></Cell>
			<Cell><Data ss:Type="Number">0.17</Data></Cell>
			<Cell><Data ss:Type="Number">-9.49</Data></Cell>
			<Cell><Data ss:Type="Number">-0.06</Data></Cell>
			<Cell><Data ss:Type="Number">-0.89</Data></Cell>
			<Cell><Data ss:Type="Number">22.9</Data></Cell>
			<Cell><Data ss:Type="Number">39.1</Data></Cell>
			<Cell><Data ss:Type="Number">0</Data></Cell>
			<Cell><Data ss:Type="Number">0</Data></Cell>
			<Cell><Data ss:Type="String">2023-12-07 16:49:48.615046</Data></Cell>
		</Row>
		<Row>
			<Cell><Data ss:Type="String">930</Data></Cell>
			<Cell><Data ss:Type="Number">0.25</Data></Cell>
			<Cell><Data ss:Type="Number">-10.06</Data></Cell>
			<Cell><Data ss:Type="Number">0.16</Data></Cell>
			<Cell><Data ss:Type="Number">-9.45</Data></Cell>
			<Cell><Data ss:Type="Number">-0.06</Data></Cell>
			<Cell><Data ss:Type="Number">-0.91</Data></Cell>
			<Cell><Data ss:Type="Number">22.9</Data></Cell>
			<Cell><Data ss:Type="Number">39.1</Data></Cell>
			<Cell><Data ss:Type="Number">0</Data></Cell>
			<Cell><Data ss:Type="Number">0</Data></Cell>
			<Cell><Data ss:Type="String">2023-12-07 16:49:48.612714</Data></Cell>
		</Row>
		<Row>
			<Cell><Data ss:Type="String">929</Data></Cell>
			<Cell><Data ss:Type="Number">0.29</Data></Cell>
			<Cell><Data ss:Type="Number">-10</Data></Cell>
			<Cell><Data ss:Type="Number">0.14</Data></Cell>
			<Cell><Data ss:Type="Number">-9.44</Data></Cell>
			<Cell><Data ss:Type="Number">-0.07</Data></Cell>
			<Cell><Data ss:Type="Number">-0.92</Data></Cell>
			<Cell><Data ss:Type="Number">22.9</Data></Cell>
			<Cell><Data ss:Type="Number">39.1</Data></Cell>
			<Cell><Data ss:Type="Number">0</Data></Cell>
			<Cell><Data ss:Type="Number">0</Data></Cell>
			<Cell><Data ss:Type="String">2023-12-07 16:49:48.610376</Data></Cell>
		</Row>
		<Row>
			<Cell><Data ss:Type="String">928</Data></Cell>
			<Cell><Data ss:Type="Number">0.27</Data></Cell>
			<Cell><Data ss:Type="Number">-10.03</Data></Cell>
			<Cell><Data ss:Type="Number">0.09</Data></Cell>
			<Cell><Data ss:Type="Number">-9.52</Data></Cell>
			<Cell><Data ss:Type="Number">-0.09</Data></Cell>
			<Cell><Data ss:Type="Number">-0.91</Data></Cell>
			<Cell><Data ss:Type="Number">22.9</Data></Cell>
			<Cell><Data ss:Type="Number">39.1</Data></Cell>
			<Cell><Data ss:Type="Number">0</Data></Cell>
			<Cell><Data ss:Type="Number">0</Data></Cell>
			<Cell><Data ss:Type="String">2023-12-07 16:49:48.440311</Data></Cell>
		</Row>
		<Row>
			<Cell><Data ss:Type="String">927</Data></Cell>
			<Cell><Data ss:Type="Number">0.26</Data></Cell>
			<Cell><Data ss:Type="Number">-10.16</Data></Cell>
			<Cell><Data ss:Type="Number">0.2</Data></Cell>
			<Cell><Data ss:Type="Number">-9.51</Data></Cell>
			<Cell><Data ss:Type="Number">-0.07</Data></Cell>
			<Cell><Data ss:Type="Number">-0.87</Data></Cell>
			<Cell><Data ss:Type="Number">22.9</Data></Cell>
			<Cell><Data ss:Type="Number">39.1</Data></Cell>
			<Cell><Data ss:Type="Number">0</Data></Cell>
			<Cell><Data ss:Type="Number">0</Data></Cell>
			<Cell><Data ss:Type="String">2023-12-07 16:49:48.391197</Data></Cell>
		</Row>
		<Row>
			<Cell><Data ss:Type="String">926</Data></Cell>
			<Cell><Data ss:Type="Number">0.28</Data></Cell>
			<Cell><Data ss:Type="Number">-10.11</Data></Cell>
			<Cell><Data ss:Type="Number">0.2</Data></Cell>
			<Cell><Data ss:Type="Number">-9.5</Data></Cell>
			<Cell><Data ss:Type="Number">-0.06</Data></Cell>
			<Cell><Data ss:Type="Number">-0.9</Data></Cell>
			<Cell><Data ss:Type="Number">22.9</Data></Cell>
			<Cell><Data ss:Type="Number">39.1</Data></Cell>
			<Cell><Data ss:Type="Number">0</Data></Cell>
			<Cell><Data ss:Type="Number">0</Data></Cell>
			<Cell><Data ss:Type="String">2023-12-07 16:49:48.347403</Data></Cell>
		</Row>
		<Row>
			<Cell><Data ss:Type="String">925</Data></Cell>
			<Cell><Data ss:Type="Number">0.42</Data></Cell>
			<Cell><Data ss:Type="Number">-10.03</Data></Cell>
			<Cell><Data ss:Type="Number">0.04</Data></Cell>
			<Cell><Data ss:Type="Number">-9.43</Data></Cell>
			<Cell><Data ss:Type="Number">-0.06</Data></Cell>
			<Cell><Data ss:Type="Number">-0.93</Data></Cell>
			<Cell><Data ss:Type="Number">22.9</Data></Cell>
			<Cell><Data ss:Type="Number">39.1</Data></Cell>
			<Cell><Data ss:Type="Number">0</Data></Cell>
			<Cell><Data ss:Type="Number">0</Data></Cell>
			<Cell><Data ss:Type="String">2023-12-07 16:49:48.345520</Data></Cell>
		</Row>
		<Row>
			<Cell><Data ss:Type="String">924</Data></Cell>
			<Cell><Data ss:Type="Number">0.27</Data></Cell>
			<Cell><Data ss:Type="Number">-10.07</Data></Cell>
			<Cell><Data ss:Type="Number">0.12</Data></Cell>
			<Cell><Data ss:Type="Number">-9.43</Data></Cell>
			<Cell><Data ss:Type="Number">-0.08</Data></Cell>
			<Cell><Data ss:Type="Number">-0.95</Data></Cell>
			<Cell><Data ss:Type="Number">22.9</Data></Cell>
			<Cell><Data ss:Type="Number">39.1</Data></Cell>
			<Cell><Data ss:Type="Number">0</Data></Cell>
			<Cell><Data ss:Type="Number">0</Data></Cell>
			<Cell><Data ss:Type="String">2023-12-07 16:49:48.304647</Data></Cell>
		</Row>
		<Row>
			<Cell><Data ss:Type="String">923</Data></Cell>
			<Cell><Data ss:Type="Number">0.24</Data></Cell>
			<Cell><Data ss:Type="Number">-10.15</Data></Cell>
			<Cell><Data ss:Type="Number">0.25</Data></Cell>
			<Cell><Data ss:Type="Number">-9.54</Data></Cell>
			<Cell><Data ss:Type="Number">-0.06</Data></Cell>
			<Cell><Data ss:Type="Number">-0.91</Data></Cell>
			<Cell><Data ss:Type="Number">22.9</Data></Cell>
			<Cell><Data ss:Type="Number">39.1</Data></Cell>
			<Cell><Data ss:Type="Number">0</Data></Cell>
			<Cell><Data ss:Type="Number">0</Data></Cell>
			<Cell><Data ss:Type="String">2023-12-07 16:49:48.302631</Data></Cell>
		</Row>
		<Row>
			<Cell><Data ss:Type="String">922</Data></Cell>
			<Cell><Data ss:Type="Number">0.25</Data></Cell>
			<Cell><Data ss:Type="Number">-10.13</Data></Cell>
			<Cell><Data ss:Type="Number">0.18</Data></Cell>
			<Cell><Data ss:Type="Number">-9.51</Data></Cell>
			<Cell><Data ss:Type="Number">-0.06</Data></Cell>
			<Cell><Data ss:Type="Number">-0.88</Data></Cell>
			<Cell><Data ss:Type="Number">22.9</Data></Cell>
			<Cell><Data ss:Type="Number">39.1</Data></Cell>
			<Cell><Data ss:Type="Number">0</Data></Cell>
			<Cell><Data ss:Type="Number">0</Data></Cell>
			<Cell><Data ss:Type="String">2023-12-07 16:49:48.236130</Data></Cell>
		</Row>
		<Row>
			<Cell><Data ss:Type="String">921</Data></Cell>
			<Cell><Data ss:Type="Number">0.29</Data></Cell>
			<Cell><Data ss:Type="Number">-10.06</Data></Cell>
			<Cell><Data ss:Type="Number">0.18</Data></Cell>
			<Cell><Data ss:Type="Number">-9.48</Data></Cell>
			<Cell><Data ss:Type="Number">-0.07</Data></Cell>
			<Cell><Data ss:Type="Number">-0.88</Data></Cell>
			<Cell><Data ss:Type="Number">22.9</Data></Cell>
			<Cell><Data ss:Type="Number">39.1</Data></Cell>
			<Cell><Data ss:Type="Number">0</Data></Cell>
			<Cell><Data ss:Type="Number">0</Data></Cell>
			<Cell><Data ss:Type="String">2023-12-07 16:49:48.233878</Data></Cell>
		</Row>
		<Row>
			<Cell><Data ss:Type="String">920</Data></Cell>
			<Cell><Data ss:Type="Number">0.21</Data></Cell>
			<Cell><Data ss:Type="Number">-9.99</Data></Cell>
			<Cell><Data ss:Type="Number">0.12</Data></Cell>
			<Cell><Data ss:Type="Number">-9.43</Data></Cell>
			<Cell><Data ss:Type="Number">-0.05</Data></Cell>
			<Cell><Data ss:Type="Number">-0.9</Data></Cell>
			<Cell><Data ss:Type="Number">22.9</Data></Cell>
			<Cell><Data ss:Type="Number">39.1</Data></Cell>
			<Cell><Data ss:Type="Number">0</Data></Cell>
			<Cell><Data ss:Type="Number">0</Data></Cell>
			<Cell><Data ss:Type="String">2023-12-07 16:49:48.232242</Data></Cell>
		</Row>
		<Row>
			<Cell><Data ss:Type="String">919</Data></Cell>
			<Cell><Data ss:Type="Number">0.24</Data></Cell>
			<Cell><Data ss:Type="Number">-9.98</Data></Cell>
			<Cell><Data ss:Type="Number">0.14</Data></Cell>
			<Cell><Data ss:Type="Number">-9.43</Data></Cell>
			<Cell><Data ss:Type="Number">-0.09</Data></Cell>
			<Cell><Data ss:Type="Number">-0.96</Data></Cell>
			<Cell><Data ss:Type="Number">22.9</Data></Cell>
			<Cell><Data ss:Type="Number">39.1</Data></Cell>
			<Cell><Data ss:Type="Number">0</Data></Cell>
			<Cell><Data ss:Type="Number">0</Data></Cell>
			<Cell><Data ss:Type="String">2023-12-07 16:49:48.230504</Data></Cell>
		</Row>
		<Row>
			<Cell><Data ss:Type="String">918</Data></Cell>
			<Cell><Data ss:Type="Number">0.26</Data></Cell>
			<Cell><Data ss:Type="Number">-9.97</Data></Cell>
			<Cell><Data ss:Type="Number">0.04</Data></Cell>
			<Cell><Data ss:Type="Number">-9.49</Data></Cell>
			<Cell><Data ss:Type="Number">-0.08</Data></Cell>
			<Cell><Data ss:Type="Number">-0.95</Data></Cell>
			<Cell><Data ss:Type="Number">22.9</Data></Cell>
			<Cell><Data ss:Type="Number">39.1</Data></Cell>
			<Cell><Data ss:Type="Number">0</Data></Cell>
			<Cell><Data ss:Type="Number">0</Data></Cell>
			<Cell><Data ss:Type="String">2023-12-07 16:49:48.228814</Data></Cell>
		</Row>
		<Row>
			<Cell><Data ss:Type="String">917</Data></Cell>
			<Cell><Data ss:Type="Number">0.25</Data></Cell>
			<Cell><Data ss:Type="Number">-10.07</Data></Cell>
			<Cell><Data ss:Type="Number">0.09</Data></Cell>
			<Cell><Data ss:Type="Number">-9.52</Data></Cell>
			<Cell><Data ss:Type="Number">-0.07</Data></Cell>
			<Cell><Data ss:Type="Number">-0.91</Data></Cell>
			<Cell><Data ss:Type="Number">22.9</Data></Cell>
			<Cell><Data ss:Type="Number">39.1</Data></Cell>
			<Cell><Data ss:Type="Number">0</Data></Cell>
			<Cell><Data ss:Type="Number">0</Data></Cell>
			<Cell><Data ss:Type="String">2023-12-07 16:49:48.227116</Data></Cell>
		</Row>
		<Row>
			<Cell><Data ss:Type="String">916</Data></Cell>
			<Cell><Data ss:Type="Number">0.28</Data></Cell>
			<Cell><Data ss:Type="Number">-10.19</Data></Cell>
			<Cell><Data ss:Type="Number">0.22</Data></Cell>
			<Cell><Data ss:Type="Number">-9.51</Data></Cell>
			<Cell><Data ss:Type="Number">-0.07</Data></Cell>
			<Cell><Data ss:Type="Number">-0.9</Data></Cell>
			<Cell><Data ss:Type="Number">22.9</Data></Cell>
			<Cell><Data ss:Type="Number">39.1</Data></Cell>
			<Cell><Data ss:Type="Number">0</Data></Cell>
			<Cell><Data ss:Type="Number">0</Data></Cell>
			<Cell><Data ss:Type="String">2023-12-07 16:49:48.225221</Data></Cell>
		</Row>
		<Row>
			<Cell><Data ss:Type="String">915</Data></Cell>
			<Cell><Data ss:Type="Number">0.38</Data></Cell>
			<Cell><Data ss:Type="Number">-10.12</Data></Cell>
			<Cell><Data ss:Type="Number">0.13</Data></Cell>
			<Cell><Data ss:Type="Number">-9.46</Data></Cell>
			<Cell><Data ss:Type="Number">-0.05</Data></Cell>
			<Cell><Data ss:Type="Number">-0.94</Data></Cell>
			<Cell><Data ss:Type="Number">22.9</Data></Cell>
			<Cell><Data ss:Type="Number">39.1</Data></Cell>
			<Cell><Data ss:Type="Number">0</Data></Cell>
			<Cell><Data ss:Type="Number">0</Data></Cell>
			<Cell><Data ss:Type="String">2023-12-07 16:49:48.001710</Data></Cell>
		</Row>
		<Row>
			<Cell><Data ss:Type="String">914</Data></Cell>
			<Cell><Data ss:Type="Number">0.28</Data></Cell>
			<Cell><Data ss:Type="Number">-9.96</Data></Cell>
			<Cell><Data ss:Type="Number">0.53</Data></Cell>
			<Cell><Data ss:Type="Number">-9.42</Data></Cell>
			<Cell><Data ss:Type="Number">-0.09</Data></Cell>
			<Cell><Data ss:Type="Number">-0.94</Data></Cell>
			<Cell><Data ss:Type="Number">22.9</Data></Cell>
			<Cell><Data ss:Type="Number">39.1</Data></Cell>
			<Cell><Data ss:Type="Number">0</Data></Cell>
			<Cell><Data ss:Type="Number">0</Data></Cell>
			<Cell><Data ss:Type="String">2023-12-07 16:49:47.999710</Data></Cell>
		</Row>
		<Row>
			<Cell><Data ss:Type="String">913</Data></Cell>
			<Cell><Data ss:Type="Number">0.27</Data></Cell>
			<Cell><Data ss:Type="Number">-10.09</Data></Cell>
			<Cell><Data ss:Type="Number">0.11</Data></Cell>
			<Cell><Data ss:Type="Number">-9.45</Data></Cell>
			<Cell><Data ss:Type="Number">-0.07</Data></Cell>
			<Cell><Data ss:Type="Number">-0.96</Data></Cell>
			<Cell><Data ss:Type="Number">22.9</Data></Cell>
			<Cell><Data ss:Type="Number">39.1</Data></Cell>
			<Cell><Data ss:Type="Number">0</Data></Cell>
			<Cell><Data ss:Type="Number">0</Data></Cell>
			<Cell><Data ss:Type="String">2023-12-07 16:49:47.997787</Data></Cell>
		</Row>
		<Row>
			<Cell><Data ss:Type="String">912</Data></Cell>
			<Cell><Data ss:Type="Number">0.32</Data></Cell>
			<Cell><Data ss:Type="Number">-10.14</Data></Cell>
			<Cell><Data ss:Type="Number">0.03</Data></Cell>
			<Cell><Data ss:Type="Number">-9.5</Data></Cell>
			<Cell><Data ss:Type="Number">-0.07</Data></Cell>
			<Cell><Data ss:Type="Number">-0.92</Data></Cell>
			<Cell><Data ss:Type="Number">22.9</Data></Cell>
			<Cell><Data ss:Type="Number">39.1</Data></Cell>
			<Cell><Data ss:Type="Number">0</Data></Cell>
			<Cell><Data ss:Type="Number">0</Data></Cell>
			<Cell><Data ss:Type="String">2023-12-07 16:49:47.995693</Data></Cell>
		</Row>
		<Row>
			<Cell><Data ss:Type="String">911</Data></Cell>
			<Cell><Data ss:Type="Number">0.26</Data></Cell>
			<Cell><Data ss:Type="Number">-10.12</Data></Cell>
			<Cell><Data ss:Type="Number">0.2</Data></Cell>
			<Cell><Data ss:Type="Number">-9.48</Data></Cell>
			<Cell><Data ss:Type="Number">-0.06</Data></Cell>
			<Cell><Data ss:Type="Number">-0.89</Data></Cell>
			<Cell><Data ss:Type="Number">22.9</Data></Cell>
			<Cell><Data ss:Type="Number">39.1</Data></Cell>
			<Cell><Data ss:Type="Number">0</Data></Cell>
			<Cell><Data ss:Type="Number">0</Data></Cell>
			<Cell><Data ss:Type="String">2023-12-07 16:49:47.857382</Data></Cell>
		</Row>
		<Row>
			<Cell><Data ss:Type="String">910</Data></Cell>
			<Cell><Data ss:Type="Number">0.29</Data></Cell>
			<Cell><Data ss:Type="Number">-10.04</Data></Cell>
			<Cell><Data ss:Type="Number">0.16</Data></Cell>
			<Cell><Data ss:Type="Number">-9.46</Data></Cell>
			<Cell><Data ss:Type="Number">-0.06</Data></Cell>
			<Cell><Data ss:Type="Number">-0.93</Data></Cell>
			<Cell><Data ss:Type="Number">22.9</Data></Cell>
			<Cell><Data ss:Type="Number">39.1</Data></Cell>
			<Cell><Data ss:Type="Number">0</Data></Cell>
			<Cell><Data ss:Type="Number">0</Data></Cell>
			<Cell><Data ss:Type="String">2023-12-07 16:49:47.854545</Data></Cell>
		</Row>
		<Row>
			<Cell><Data ss:Type="String">909</Data></Cell>
			<Cell><Data ss:Type="Number">0.33</Data></Cell>
			<Cell><Data ss:Type="Number">-10.02</Data></Cell>
			<Cell><Data ss:Type="Number">0.03</Data></Cell>
			<Cell><Data ss:Type="Number">-9.45</Data></Cell>
			<Cell><Data ss:Type="Number">-0.07</Data></Cell>
			<Cell><Data ss:Type="Number">-0.93</Data></Cell>
			<Cell><Data ss:Type="Number">22.9</Data></Cell>
			<Cell><Data ss:Type="Number">39.1</Data></Cell>
			<Cell><Data ss:Type="Number">0</Data></Cell>
			<Cell><Data ss:Type="Number">0</Data></Cell>
			<Cell><Data ss:Type="String">2023-12-07 16:49:47.807826</Data></Cell>
		</Row>
		<Row>
			<Cell><Data ss:Type="String">908</Data></Cell>
			<Cell><Data ss:Type="Number">0.31</Data></Cell>
			<Cell><Data ss:Type="Number">-10.11</Data></Cell>
			<Cell><Data ss:Type="Number">0.1</Data></Cell>
			<Cell><Data ss:Type="Number">-9.53</Data></Cell>
			<Cell><Data ss:Type="Number">-0.06</Data></Cell>
			<Cell><Data ss:Type="Number">-0.93</Data></Cell>
			<Cell><Data ss:Type="Number">22.9</Data></Cell>
			<Cell><Data ss:Type="Number">39.1</Data></Cell>
			<Cell><Data ss:Type="Number">0</Data></Cell>
			<Cell><Data ss:Type="Number">0</Data></Cell>
			<Cell><Data ss:Type="String">2023-12-07 16:49:47.762508</Data></Cell>
		</Row>
		<Row>
			<Cell><Data ss:Type="String">907</Data></Cell>
			<Cell><Data ss:Type="Number">0.19</Data></Cell>
			<Cell><Data ss:Type="Number">-10.12</Data></Cell>
			<Cell><Data ss:Type="Number">0.13</Data></Cell>
			<Cell><Data ss:Type="Number">-9.53</Data></Cell>
			<Cell><Data ss:Type="Number">-0.09</Data></Cell>
			<Cell><Data ss:Type="Number">-0.93</Data></Cell>
			<Cell><Data ss:Type="Number">22.9</Data></Cell>
			<Cell><Data ss:Type="Number">39.1</Data></Cell>
			<Cell><Data ss:Type="Number">0</Data></Cell>
			<Cell><Data ss:Type="Number">0</Data></Cell>
			<Cell><Data ss:Type="String">2023-12-07 16:49:47.722691</Data></Cell>
		</Row>
		<Row>
			<Cell><Data ss:Type="String">906</Data></Cell>
			<Cell><Data ss:Type="Number">0.25</Data></Cell>
			<Cell><Data ss:Type="Number">-10.06</Data></Cell>
			<Cell><Data ss:Type="Number">0.21</Data></Cell>
			<Cell><Data ss:Type="Number">-9.49</Data></Cell>
			<Cell><Data ss:Type="Number">-0.05</Data></Cell>
			<Cell><Data ss:Type="Number">-0.9</Data></Cell>
			<Cell><Data ss:Type="Number">22.9</Data></Cell>
			<Cell><Data ss:Type="Number">39.1</Data></Cell>
			<Cell><Data ss:Type="Number">0</Data></Cell>
			<Cell><Data ss:Type="Number">0</Data></Cell>
			<Cell><Data ss:Type="String">2023-12-07 16:49:47.720160</Data></Cell>
		</Row>
		<Row>
			<Cell><Data ss:Type="String">905</Data></Cell>
			<Cell><Data ss:Type="Number">0.29</Data></Cell>
			<Cell><Data ss:Type="Number">-10.01</Data></Cell>
			<Cell><Data ss:Type="Number">0.25</Data></Cell>
			<Cell><Data ss:Type="Number">-9.45</Data></Cell>
			<Cell><Data ss:Type="Number">-0.09</Data></Cell>
			<Cell><Data ss:Type="Number">-0.96</Data></Cell>
			<Cell><Data ss:Type="Number">22.9</Data></Cell>
			<Cell><Data ss:Type="Number">39.1</Data></Cell>
			<Cell><Data ss:Type="Number">0</Data></Cell>
			<Cell><Data ss:Type="Number">0</Data></Cell>
			<Cell><Data ss:Type="String">2023-12-07 16:49:47.669892</Data></Cell>
		</Row>
		<Row>
			<Cell><Data ss:Type="String">904</Data></Cell>
			<Cell><Data ss:Type="Number">0.29</Data></Cell>
			<Cell><Data ss:Type="Number">-10.05</Data></Cell>
			<Cell><Data ss:Type="Number">0.14</Data></Cell>
			<Cell><Data ss:Type="Number">-9.46</Data></Cell>
			<Cell><Data ss:Type="Number">-0.1</Data></Cell>
			<Cell><Data ss:Type="Number">-0.91</Data></Cell>
			<Cell><Data ss:Type="Number">22.9</Data></Cell>
			<Cell><Data ss:Type="Number">39.1</Data></Cell>
			<Cell><Data ss:Type="Number">0</Data></Cell>
			<Cell><Data ss:Type="Number">0</Data></Cell>
			<Cell><Data ss:Type="String">2023-12-07 16:49:47.631979</Data></Cell>
		</Row>
		<Row>
			<Cell><Data ss:Type="String">903</Data></Cell>
			<Cell><Data ss:Type="Number">0.2</Data></Cell>
			<Cell><Data ss:Type="Number">-10.16</Data></Cell>
			<Cell><Data ss:Type="Number">0.02</Data></Cell>
			<Cell><Data ss:Type="Number">-9.56</Data></Cell>
			<Cell><Data ss:Type="Number">-0.05</Data></Cell>
			<Cell><Data ss:Type="Number">-0.92</Data></Cell>
			<Cell><Data ss:Type="Number">22.9</Data></Cell>
			<Cell><Data ss:Type="Number">39.1</Data></Cell>
			<Cell><Data ss:Type="Number">0</Data></Cell>
			<Cell><Data ss:Type="Number">0</Data></Cell>
			<Cell><Data ss:Type="String">2023-12-07 16:49:47.630013</Data></Cell>
		</Row>
		<Row>
			<Cell><Data ss:Type="String">902</Data></Cell>
			<Cell><Data ss:Type="Number">0.17</Data></Cell>
			<Cell><Data ss:Type="Number">-10.11</Data></Cell>
			<Cell><Data ss:Type="Number">0.21</Data></Cell>
			<Cell><Data ss:Type="Number">-9.5</Data></Cell>
			<Cell><Data ss:Type="Number">-0.03</Data></Cell>
			<Cell><Data ss:Type="Number">-0.94</Data></Cell>
			<Cell><Data ss:Type="Number">22.9</Data></Cell>
			<Cell><Data ss:Type="Number">39.1</Data></Cell>
			<Cell><Data ss:Type="Number">0</Data></Cell>
			<Cell><Data ss:Type="Number">0</Data></Cell>
			<Cell><Data ss:Type="String">2023-12-07 16:49:47.628177</Data></Cell>
		</Row>
		<Row>
			<Cell><Data ss:Type="String">901</Data></Cell>
			<Cell><Data ss:Type="Number">0.29</Data></Cell>
			<Cell><Data ss:Type="Number">-10.04</Data></Cell>
			<Cell><Data ss:Type="Number">0.09</Data></Cell>
			<Cell><Data ss:Type="Number">-9.45</Data></Cell>
			<Cell><Data ss:Type="Number">0</Data></Cell>
			<Cell><Data ss:Type="Number">-0.91</Data></Cell>
			<Cell><Data ss:Type="Number">22.9</Data></Cell>
			<Cell><Data ss:Type="Number">39.1</Data></Cell>
			<Cell><Data ss:Type="Number">0</Data></Cell>
			<Cell><Data ss:Type="Number">0</Data></Cell>
			<Cell><Data ss:Type="String">2023-12-07 16:49:47.626325</Data></Cell>
		</Row>
		<Row>
			<Cell><Data ss:Type="String">900</Data></Cell>
			<Cell><Data ss:Type="Number">-0.18</Data></Cell>
			<Cell><Data ss:Type="Number">-10.16</Data></Cell>
			<Cell><Data ss:Type="Number">0.29</Data></Cell>
			<Cell><Data ss:Type="Number">-9.55</Data></Cell>
			<Cell><Data ss:Type="Number">-0.26</Data></Cell>
			<Cell><Data ss:Type="Number">-0.89</Data></Cell>
			<Cell><Data ss:Type="Number">22.9</Data></Cell>
			<Cell><Data ss:Type="Number">39.1</Data></Cell>
			<Cell><Data ss:Type="Number">0</Data></Cell>
			<Cell><Data ss:Type="Number">0</Data></Cell>
			<Cell><Data ss:Type="String">2023-12-07 16:49:47.624648</Data></Cell>
		</Row>
		<Row>
			<Cell><Data ss:Type="String">899</Data></Cell>
			<Cell><Data ss:Type="Number">0.24</Data></Cell>
			<Cell><Data ss:Type="Number">-10.05</Data></Cell>
			<Cell><Data ss:Type="Number">-0.09</Data></Cell>
			<Cell><Data ss:Type="Number">-9.45</Data></Cell>
			<Cell><Data ss:Type="Number">-0.14</Data></Cell>
			<Cell><Data ss:Type="Number">-0.86</Data></Cell>
			<Cell><Data ss:Type="Number">22.9</Data></Cell>
			<Cell><Data ss:Type="Number">39.1</Data></Cell>
			<Cell><Data ss:Type="Number">0</Data></Cell>
			<Cell><Data ss:Type="Number">0</Data></Cell>
			<Cell><Data ss:Type="String">2023-12-07 16:49:47.622252</Data></Cell>
		</Row>
		<Row>
			<Cell><Data ss:Type="String">898</Data></Cell>
			<Cell><Data ss:Type="Number">1.16</Data></Cell>
			<Cell><Data ss:Type="Number">-10.05</Data></Cell>
			<Cell><Data ss:Type="Number">-0.22</Data></Cell>
			<Cell><Data ss:Type="Number">-9.44</Data></Cell>
			<Cell><Data ss:Type="Number">0.32</Data></Cell>
			<Cell><Data ss:Type="Number">-0.95</Data></Cell>
			<Cell><Data ss:Type="Number">22.9</Data></Cell>
			<Cell><Data ss:Type="Number">39.1</Data></Cell>
			<Cell><Data ss:Type="Number">0</Data></Cell>
			<Cell><Data ss:Type="Number">0</Data></Cell>
			<Cell><Data ss:Type="String">2023-12-07 16:49:47.618626</Data></Cell>
		</Row>
		<Row>
			<Cell><Data ss:Type="String">897</Data></Cell>
			<Cell><Data ss:Type="Number">0.6</Data></Cell>
			<Cell><Data ss:Type="Number">-9.89</Data></Cell>
			<Cell><Data ss:Type="Number">0.64</Data></Cell>
			<Cell><Data ss:Type="Number">-9.53</Data></Cell>
			<Cell><Data ss:Type="Number">-0.08</Data></Cell>
			<Cell><Data ss:Type="Number">-1.04</Data></Cell>
			<Cell><Data ss:Type="Number">22.9</Data></Cell>
			<Cell><Data ss:Type="Number">39.1</Data></Cell>
			<Cell><Data ss:Type="Number">0</Data></Cell>
			<Cell><Data ss:Type="Number">0</Data></Cell>
			<Cell><Data ss:Type="String">2023-12-07 16:49:47.384623</Data></Cell>
		</Row>
		<Row>
			<Cell><Data ss:Type="String">896</Data></Cell>
			<Cell><Data ss:Type="Number">1.43</Data></Cell>
			<Cell><Data ss:Type="Number">-10.04</Data></Cell>
			<Cell><Data ss:Type="Number">1.02</Data></Cell>
			<Cell><Data ss:Type="Number">-9.41</Data></Cell>
			<Cell><Data ss:Type="Number">-0.76</Data></Cell>
			<Cell><Data ss:Type="Number">-0.73</Data></Cell>
			<Cell><Data ss:Type="Number">22.9</Data></Cell>
			<Cell><Data ss:Type="Number">39.1</Data></Cell>
			<Cell><Data ss:Type="Number">0</Data></Cell>
			<Cell><Data ss:Type="Number">0</Data></Cell>
			<Cell><Data ss:Type="String">2023-12-07 16:49:47.382984</Data></Cell>
		</Row>
		<Row>
			<Cell><Data ss:Type="String">895</Data></Cell>
			<Cell><Data ss:Type="Number">-1.77</Data></Cell>
			<Cell><Data ss:Type="Number">-10.62</Data></Cell>
			<Cell><Data ss:Type="Number">-0.84</Data></Cell>
			<Cell><Data ss:Type="Number">-9.69</Data></Cell>
			<Cell><Data ss:Type="Number">0.66</Data></Cell>
			<Cell><Data ss:Type="Number">-1.02</Data></Cell>
			<Cell><Data ss:Type="Number">22.9</Data></Cell>
			<Cell><Data ss:Type="Number">39.1</Data></Cell>
			<Cell><Data ss:Type="Number">0</Data></Cell>
			<Cell><Data ss:Type="Number">0</Data></Cell>
			<Cell><Data ss:Type="String">2023-12-07 16:49:47.381202</Data></Cell>
		</Row>
		<Row>
			<Cell><Data ss:Type="String">894</Data></Cell>
			<Cell><Data ss:Type="Number">-0.43</Data></Cell>
			<Cell><Data ss:Type="Number">-9.89</Data></Cell>
			<Cell><Data ss:Type="Number">-1.52</Data></Cell>
			<Cell><Data ss:Type="Number">-9.4</Data></Cell>
			<Cell><Data ss:Type="Number">0.66</Data></Cell>
			<Cell><Data ss:Type="Number">-0.97</Data></Cell>
			<Cell><Data ss:Type="Number">22.9</Data></Cell>
			<Cell><Data ss:Type="Number">39.1</Data></Cell>
			<Cell><Data ss:Type="Number">0</Data></Cell>
			<Cell><Data ss:Type="Number">0</Data></Cell>
			<Cell><Data ss:Type="String">2023-12-07 16:49:47.276917</Data></Cell>
		</Row>
		<Row>
			<Cell><Data ss:Type="String">893</Data></Cell>
			<Cell><Data ss:Type="Number">5.62</Data></Cell>
			<Cell><Data ss:Type="Number">-2.97</Data></Cell>
			<Cell><Data ss:Type="Number">1.06</Data></Cell>
			<Cell><Data ss:Type="Number">-11.33</Data></Cell>
			<Cell><Data ss:Type="Number">-3.23</Data></Cell>
			<Cell><Data ss:Type="Number">-1.07</Data></Cell>
			<Cell><Data ss:Type="Number">22.9</Data></Cell>
			<Cell><Data ss:Type="Number">39.1</Data></Cell>
			<Cell><Data ss:Type="Number">0</Data></Cell>
			<Cell><Data ss:Type="Number">0</Data></Cell>
			<Cell><Data ss:Type="String">2023-12-07 16:49:47.269738</Data></Cell>
		</Row>
		<Row>
			<Cell><Data ss:Type="String">892</Data></Cell>
			<Cell><Data ss:Type="Number">0.18</Data></Cell>
			<Cell><Data ss:Type="Number">-10.35</Data></Cell>
			<Cell><Data ss:Type="Number">0.1</Data></Cell>
			<Cell><Data ss:Type="Number">-9.54</Data></Cell>
			<Cell><Data ss:Type="Number">-0.01</Data></Cell>
			<Cell><Data ss:Type="Number">-0.92</Data></Cell>
			<Cell><Data ss:Type="Number">22.9</Data></Cell>
			<Cell><Data ss:Type="Number">39.1</Data></Cell>
			<Cell><Data ss:Type="Number">0</Data></Cell>
			<Cell><Data ss:Type="Number">0</Data></Cell>
			<Cell><Data ss:Type="String">2023-12-07 16:49:47.225645</Data></Cell>
		</Row>
		<Row>
			<Cell><Data ss:Type="String">891</Data></Cell>
			<Cell><Data ss:Type="Number">0.49</Data></Cell>
			<Cell><Data ss:Type="Number">-9.95</Data></Cell>
			<Cell><Data ss:Type="Number">-0.15</Data></Cell>
			<Cell><Data ss:Type="Number">-9.54</Data></Cell>
			<Cell><Data ss:Type="Number">-0.11</Data></Cell>
			<Cell><Data ss:Type="Number">-0.94</Data></Cell>
			<Cell><Data ss:Type="Number">22.9</Data></Cell>
			<Cell><Data ss:Type="Number">39.1</Data></Cell>
			<Cell><Data ss:Type="Number">0</Data></Cell>
			<Cell><Data ss:Type="Number">0</Data></Cell>
			<Cell><Data ss:Type="String">2023-12-07 16:49:47.179440</Data></Cell>
		</Row>
		<Row>
			<Cell><Data ss:Type="String">890</Data></Cell>
			<Cell><Data ss:Type="Number">0.23</Data></Cell>
			<Cell><Data ss:Type="Number">-10.65</Data></Cell>
			<Cell><Data ss:Type="Number">0.36</Data></Cell>
			<Cell><Data ss:Type="Number">-9.48</Data></Cell>
			<Cell><Data ss:Type="Number">-0.02</Data></Cell>
			<Cell><Data ss:Type="Number">-0.88</Data></Cell>
			<Cell><Data ss:Type="Number">22.9</Data></Cell>
			<Cell><Data ss:Type="Number">39.1</Data></Cell>
			<Cell><Data ss:Type="Number">0</Data></Cell>
			<Cell><Data ss:Type="Number">0</Data></Cell>
			<Cell><Data ss:Type="String">2023-12-07 16:49:47.177697</Data></Cell>
		</Row>
		<Row>
			<Cell><Data ss:Type="String">889</Data></Cell>
			<Cell><Data ss:Type="Number">0.62</Data></Cell>
			<Cell><Data ss:Type="Number">-9.34</Data></Cell>
			<Cell><Data ss:Type="Number">0.44</Data></Cell>
			<Cell><Data ss:Type="Number">-9.32</Data></Cell>
			<Cell><Data ss:Type="Number">-0.14</Data></Cell>
			<Cell><Data ss:Type="Number">-0.92</Data></Cell>
			<Cell><Data ss:Type="Number">22.9</Data></Cell>
			<Cell><Data ss:Type="Number">39.1</Data></Cell>
			<Cell><Data ss:Type="Number">0</Data></Cell>
			<Cell><Data ss:Type="Number">0</Data></Cell>
			<Cell><Data ss:Type="String">2023-12-07 16:49:47.130809</Data></Cell>
		</Row>
		<Row>
			<Cell><Data ss:Type="String">888</Data></Cell>
			<Cell><Data ss:Type="Number">0.25</Data></Cell>
			<Cell><Data ss:Type="Number">-10.13</Data></Cell>
			<Cell><Data ss:Type="Number">0.25</Data></Cell>
			<Cell><Data ss:Type="Number">-9.71</Data></Cell>
			<Cell><Data ss:Type="Number">-0.02</Data></Cell>
			<Cell><Data ss:Type="Number">-0.85</Data></Cell>
			<Cell><Data ss:Type="Number">22.9</Data></Cell>
			<Cell><Data ss:Type="Number">39.1</Data></Cell>
			<Cell><Data ss:Type="Number">0</Data></Cell>
			<Cell><Data ss:Type="Number">0</Data></Cell>
			<Cell><Data ss:Type="String">2023-12-07 16:49:47.083984</Data></Cell>
		</Row>
		<Row>
			<Cell><Data ss:Type="String">887</Data></Cell>
			<Cell><Data ss:Type="Number">0.61</Data></Cell>
			<Cell><Data ss:Type="Number">-10.47</Data></Cell>
			<Cell><Data ss:Type="Number">0.12</Data></Cell>
			<Cell><Data ss:Type="Number">-9.5</Data></Cell>
			<Cell><Data ss:Type="Number">-0.13</Data></Cell>
			<Cell><Data ss:Type="Number">-0.92</Data></Cell>
			<Cell><Data ss:Type="Number">22.9</Data></Cell>
			<Cell><Data ss:Type="Number">39.1</Data></Cell>
			<Cell><Data ss:Type="Number">0</Data></Cell>
			<Cell><Data ss:Type="Number">0</Data></Cell>
			<Cell><Data ss:Type="String">2023-12-07 16:49:47.081667</Data></Cell>
		</Row>
		<Row>
			<Cell><Data ss:Type="String">886</Data></Cell>
			<Cell><Data ss:Type="Number">0.14</Data></Cell>
			<Cell><Data ss:Type="Number">-10.37</Data></Cell>
			<Cell><Data ss:Type="Number">0.15</Data></Cell>
			<Cell><Data ss:Type="Number">-9.57</Data></Cell>
			<Cell><Data ss:Type="Number">-0.06</Data></Cell>
			<Cell><Data ss:Type="Number">-0.82</Data></Cell>
			<Cell><Data ss:Type="Number">22.9</Data></Cell>
			<Cell><Data ss:Type="Number">39.1</Data></Cell>
			<Cell><Data ss:Type="Number">0</Data></Cell>
			<Cell><Data ss:Type="Number">0</Data></Cell>
			<Cell><Data ss:Type="String">2023-12-07 16:49:47.079687</Data></Cell>
		</Row>
		<Row>
			<Cell><Data ss:Type="String">885</Data></Cell>
			<Cell><Data ss:Type="Number">-0.25</Data></Cell>
			<Cell><Data ss:Type="Number">-10.13</Data></Cell>
			<Cell><Data ss:Type="Number">0.1</Data></Cell>
			<Cell><Data ss:Type="Number">-9.41</Data></Cell>
			<Cell><Data ss:Type="Number">-0.04</Data></Cell>
			<Cell><Data ss:Type="Number">-0.87</Data></Cell>
			<Cell><Data ss:Type="Number">22.9</Data></Cell>
			<Cell><Data ss:Type="Number">39.1</Data></Cell>
			<Cell><Data ss:Type="Number">0</Data></Cell>
			<Cell><Data ss:Type="Number">0</Data></Cell>
			<Cell><Data ss:Type="String">2023-12-07 16:49:47.077707</Data></Cell>
		</Row>
		<Row>
			<Cell><Data ss:Type="String">884</Data></Cell>
			<Cell><Data ss:Type="Number">0.26</Data></Cell>
			<Cell><Data ss:Type="Number">-9.51</Data></Cell>
			<Cell><Data ss:Type="Number">-0.06</Data></Cell>
			<Cell><Data ss:Type="Number">-9.25</Data></Cell>
			<Cell><Data ss:Type="Number">-0.06</Data></Cell>
			<Cell><Data ss:Type="Number">-0.9</Data></Cell>
			<Cell><Data ss:Type="Number">22.9</Data></Cell>
			<Cell><Data ss:Type="Number">39.1</Data></Cell>
			<Cell><Data ss:Type="Number">0</Data></Cell>
			<Cell><Data ss:Type="Number">0</Data></Cell>
			<Cell><Data ss:Type="String">2023-12-07 16:49:47.075973</Data></Cell>
		</Row>
		<Row>
			<Cell><Data ss:Type="String">883</Data></Cell>
			<Cell><Data ss:Type="Number">0.25</Data></Cell>
			<Cell><Data ss:Type="Number">-10.49</Data></Cell>
			<Cell><Data ss:Type="Number">0.02</Data></Cell>
			<Cell><Data ss:Type="Number">-9.44</Data></Cell>
			<Cell><Data ss:Type="Number">-0.09</Data></Cell>
			<Cell><Data ss:Type="Number">-0.88</Data></Cell>
			<Cell><Data ss:Type="Number">22.9</Data></Cell>
			<Cell><Data ss:Type="Number">39.1</Data></Cell>
			<Cell><Data ss:Type="Number">0</Data></Cell>
			<Cell><Data ss:Type="Number">0</Data></Cell>
			<Cell><Data ss:Type="String">2023-12-07 16:49:47.074104</Data></Cell>
		</Row>
		<Row>
			<Cell><Data ss:Type="String">882</Data></Cell>
			<Cell><Data ss:Type="Number">0.3</Data></Cell>
			<Cell><Data ss:Type="Number">-10.21</Data></Cell>
			<Cell><Data ss:Type="Number">0.36</Data></Cell>
			<Cell><Data ss:Type="Number">-9.61</Data></Cell>
			<Cell><Data ss:Type="Number">-0.08</Data></Cell>
			<Cell><Data ss:Type="Number">-0.9</Data></Cell>
			<Cell><Data ss:Type="Number">22.9</Data></Cell>
			<Cell><Data ss:Type="Number">39.1</Data></Cell>
			<Cell><Data ss:Type="Number">0</Data></Cell>
			<Cell><Data ss:Type="Number">0</Data></Cell>
			<Cell><Data ss:Type="String">2023-12-07 16:49:46.874275</Data></Cell>
		</Row>
		<Row>
			<Cell><Data ss:Type="String">881</Data></Cell>
			<Cell><Data ss:Type="Number">0.3</Data></Cell>
			<Cell><Data ss:Type="Number">-9.94</Data></Cell>
			<Cell><Data ss:Type="Number">0.05</Data></Cell>
			<Cell><Data ss:Type="Number">-9.42</Data></Cell>
			<Cell><Data ss:Type="Number">-0.06</Data></Cell>
			<Cell><Data ss:Type="Number">-0.9</Data></Cell>
			<Cell><Data ss:Type="Number">22.9</Data></Cell>
			<Cell><Data ss:Type="Number">39.1</Data></Cell>
			<Cell><Data ss:Type="Number">0</Data></Cell>
			<Cell><Data ss:Type="Number">0</Data></Cell>
			<Cell><Data ss:Type="String">2023-12-07 16:49:46.871580</Data></Cell>
		</Row>
		<Row>
			<Cell><Data ss:Type="String">880</Data></Cell>
			<Cell><Data ss:Type="Number">0.13</Data></Cell>
			<Cell><Data ss:Type="Number">-10.86</Data></Cell>
			<Cell><Data ss:Type="Number">-0.02</Data></Cell>
			<Cell><Data ss:Type="Number">-9.57</Data></Cell>
			<Cell><Data ss:Type="Number">-0.08</Data></Cell>
			<Cell><Data ss:Type="Number">-0.89</Data></Cell>
			<Cell><Data ss:Type="Number">22.9</Data></Cell>
			<Cell><Data ss:Type="Number">39.1</Data></Cell>
			<Cell><Data ss:Type="Number">0</Data></Cell>
			<Cell><Data ss:Type="Number">0</Data></Cell>
			<Cell><Data ss:Type="String">2023-12-07 16:49:46.823994</Data></Cell>
		</Row>
		<Row>
			<Cell><Data ss:Type="String">879</Data></Cell>
			<Cell><Data ss:Type="Number">0.09</Data></Cell>
			<Cell><Data ss:Type="Number">-9.83</Data></Cell>
			<Cell><Data ss:Type="Number">-0.01</Data></Cell>
			<Cell><Data ss:Type="Number">-9.45</Data></Cell>
			<Cell><Data ss:Type="Number">-0.06</Data></Cell>
			<Cell><Data ss:Type="Number">-0.91</Data></Cell>
			<Cell><Data ss:Type="Number">22.9</Data></Cell>
			<Cell><Data ss:Type="Number">39.1</Data></Cell>
			<Cell><Data ss:Type="Number">0</Data></Cell>
			<Cell><Data ss:Type="Number">0</Data></Cell>
			<Cell><Data ss:Type="String">2023-12-07 16:49:46.758281</Data></Cell>
		</Row>
		<Row>
			<Cell><Data ss:Type="String">878</Data></Cell>
			<Cell><Data ss:Type="Number">0.61</Data></Cell>
			<Cell><Data ss:Type="Number">-10.14</Data></Cell>
			<Cell><Data ss:Type="Number">0.11</Data></Cell>
			<Cell><Data ss:Type="Number">-9.47</Data></Cell>
			<Cell><Data ss:Type="Number">-0.07</Data></Cell>
			<Cell><Data ss:Type="Number">-0.92</Data></Cell>
			<Cell><Data ss:Type="Number">22.9</Data></Cell>
			<Cell><Data ss:Type="Number">39.1</Data></Cell>
			<Cell><Data ss:Type="Number">0</Data></Cell>
			<Cell><Data ss:Type="Number">0</Data></Cell>
			<Cell><Data ss:Type="String">2023-12-07 16:49:46.747390</Data></Cell>
		</Row>
		<Row>
			<Cell><Data ss:Type="String">877</Data></Cell>
			<Cell><Data ss:Type="Number">0.45</Data></Cell>
			<Cell><Data ss:Type="Number">-9.7</Data></Cell>
			<Cell><Data ss:Type="Number">0.12</Data></Cell>
			<Cell><Data ss:Type="Number">-9.39</Data></Cell>
			<Cell><Data ss:Type="Number">-0.05</Data></Cell>
			<Cell><Data ss:Type="Number">-0.94</Data></Cell>
			<Cell><Data ss:Type="Number">22.9</Data></Cell>
			<Cell><Data ss:Type="Number">39.1</Data></Cell>
			<Cell><Data ss:Type="Number">0</Data></Cell>
			<Cell><Data ss:Type="Number">0</Data></Cell>
			<Cell><Data ss:Type="String">2023-12-07 16:49:46.702071</Data></Cell>
		</Row>
		<Row>
			<Cell><Data ss:Type="String">876</Data></Cell>
			<Cell><Data ss:Type="Number">0.52</Data></Cell>
			<Cell><Data ss:Type="Number">-10.48</Data></Cell>
			<Cell><Data ss:Type="Number">0.34</Data></Cell>
			<Cell><Data ss:Type="Number">-9.59</Data></Cell>
			<Cell><Data ss:Type="Number">-0.06</Data></Cell>
			<Cell><Data ss:Type="Number">-0.91</Data></Cell>
			<Cell><Data ss:Type="Number">22.9</Data></Cell>
			<Cell><Data ss:Type="Number">39.1</Data></Cell>
			<Cell><Data ss:Type="Number">0</Data></Cell>
			<Cell><Data ss:Type="Number">0</Data></Cell>
			<Cell><Data ss:Type="String">2023-12-07 16:49:46.658205</Data></Cell>
		</Row>
		<Row>
			<Cell><Data ss:Type="String">875</Data></Cell>
			<Cell><Data ss:Type="Number">0.48</Data></Cell>
			<Cell><Data ss:Type="Number">-9.9</Data></Cell>
			<Cell><Data ss:Type="Number">0.46</Data></Cell>
			<Cell><Data ss:Type="Number">-9.5</Data></Cell>
			<Cell><Data ss:Type="Number">-0.01</Data></Cell>
			<Cell><Data ss:Type="Number">-0.9</Data></Cell>
			<Cell><Data ss:Type="Number">22.9</Data></Cell>
			<Cell><Data ss:Type="Number">39.1</Data></Cell>
			<Cell><Data ss:Type="Number">0</Data></Cell>
			<Cell><Data ss:Type="Number">0</Data></Cell>
			<Cell><Data ss:Type="String">2023-12-07 16:49:46.656439</Data></Cell>
		</Row>
		<Row>
			<Cell><Data ss:Type="String">874</Data></Cell>
			<Cell><Data ss:Type="Number">0.34</Data></Cell>
			<Cell><Data ss:Type="Number">-10.31</Data></Cell>
			<Cell><Data ss:Type="Number">0</Data></Cell>
			<Cell><Data ss:Type="Number">-9.58</Data></Cell>
			<Cell><Data ss:Type="Number">-0.11</Data></Cell>
			<Cell><Data ss:Type="Number">-0.87</Data></Cell>
			<Cell><Data ss:Type="Number">22.9</Data></Cell>
			<Cell><Data ss:Type="Number">39.1</Data></Cell>
			<Cell><Data ss:Type="Number">0</Data></Cell>
			<Cell><Data ss:Type="Number">0</Data></Cell>
			<Cell><Data ss:Type="String">2023-12-07 16:49:46.611891</Data></Cell>
		</Row>
		<Row>
			<Cell><Data ss:Type="String">873</Data></Cell>
			<Cell><Data ss:Type="Number">0.09</Data></Cell>
			<Cell><Data ss:Type="Number">-10.34</Data></Cell>
			<Cell><Data ss:Type="Number">0.25</Data></Cell>
			<Cell><Data ss:Type="Number">-9.73</Data></Cell>
			<Cell><Data ss:Type="Number">-0.15</Data></Cell>
			<Cell><Data ss:Type="Number">-0.9</Data></Cell>
			<Cell><Data ss:Type="Number">22.9</Data></Cell>
			<Cell><Data ss:Type="Number">39.1</Data></Cell>
			<Cell><Data ss:Type="Number">0</Data></Cell>
			<Cell><Data ss:Type="Number">0</Data></Cell>
			<Cell><Data ss:Type="String">2023-12-07 16:49:46.565437</Data></Cell>
		</Row>
		<Row>
			<Cell><Data ss:Type="String">872</Data></Cell>
			<Cell><Data ss:Type="Number">0.18</Data></Cell>
			<Cell><Data ss:Type="Number">-10.02</Data></Cell>
			<Cell><Data ss:Type="Number">0.25</Data></Cell>
			<Cell><Data ss:Type="Number">-9.48</Data></Cell>
			<Cell><Data ss:Type="Number">-0</Data></Cell>
			<Cell><Data ss:Type="Number">-0.86</Data></Cell>
			<Cell><Data ss:Type="Number">22.9</Data></Cell>
			<Cell><Data ss:Type="Number">39.1</Data></Cell>
			<Cell><Data ss:Type="Number">0</Data></Cell>
			<Cell><Data ss:Type="Number">0</Data></Cell>
			<Cell><Data ss:Type="String">2023-12-07 16:49:46.563679</Data></Cell>
		</Row>
		<Row>
			<Cell><Data ss:Type="String">871</Data></Cell>
			<Cell><Data ss:Type="Number">0.4</Data></Cell>
			<Cell><Data ss:Type="Number">-10.04</Data></Cell>
			<Cell><Data ss:Type="Number">-0.07</Data></Cell>
			<Cell><Data ss:Type="Number">-9.47</Data></Cell>
			<Cell><Data ss:Type="Number">-0.08</Data></Cell>
			<Cell><Data ss:Type="Number">-0.97</Data></Cell>
			<Cell><Data ss:Type="Number">22.9</Data></Cell>
			<Cell><Data ss:Type="Number">39.1</Data></Cell>
			<Cell><Data ss:Type="Number">0</Data></Cell>
			<Cell><Data ss:Type="Number">0</Data></Cell>
			<Cell><Data ss:Type="String">2023-12-07 16:49:46.519184</Data></Cell>
		</Row>
		<Row>
			<Cell><Data ss:Type="String">870</Data></Cell>
			<Cell><Data ss:Type="Number">-0.25</Data></Cell>
			<Cell><Data ss:Type="Number">-10.28</Data></Cell>
			<Cell><Data ss:Type="Number">-0.24</Data></Cell>
			<Cell><Data ss:Type="Number">-9.54</Data></Cell>
			<Cell><Data ss:Type="Number">-0.03</Data></Cell>
			<Cell><Data ss:Type="Number">-0.88</Data></Cell>
			<Cell><Data ss:Type="Number">22.9</Data></Cell>
			<Cell><Data ss:Type="Number">39.1</Data></Cell>
			<Cell><Data ss:Type="Number">0</Data></Cell>
			<Cell><Data ss:Type="Number">0</Data></Cell>
			<Cell><Data ss:Type="String">2023-12-07 16:49:46.474174</Data></Cell>
		</Row>
		<Row>
			<Cell><Data ss:Type="String">869</Data></Cell>
			<Cell><Data ss:Type="Number">0.25</Data></Cell>
			<Cell><Data ss:Type="Number">-9.63</Data></Cell>
			<Cell><Data ss:Type="Number">0.4</Data></Cell>
			<Cell><Data ss:Type="Number">-9.48</Data></Cell>
			<Cell><Data ss:Type="Number">-0.14</Data></Cell>
			<Cell><Data ss:Type="Number">-0.9</Data></Cell>
			<Cell><Data ss:Type="Number">22.9</Data></Cell>
			<Cell><Data ss:Type="Number">39.1</Data></Cell>
			<Cell><Data ss:Type="Number">0</Data></Cell>
			<Cell><Data ss:Type="Number">0</Data></Cell>
			<Cell><Data ss:Type="String">2023-12-07 16:49:46.428276</Data></Cell>
		</Row>
		<Row>
			<Cell><Data ss:Type="String">868</Data></Cell>
			<Cell><Data ss:Type="Number">0.22</Data></Cell>
			<Cell><Data ss:Type="Number">-10.07</Data></Cell>
			<Cell><Data ss:Type="Number">0.22</Data></Cell>
			<Cell><Data ss:Type="Number">-9.44</Data></Cell>
			<Cell><Data ss:Type="Number">-0.06</Data></Cell>
			<Cell><Data ss:Type="Number">-0.92</Data></Cell>
			<Cell><Data ss:Type="Number">22.9</Data></Cell>
			<Cell><Data ss:Type="Number">39.1</Data></Cell>
			<Cell><Data ss:Type="Number">0</Data></Cell>
			<Cell><Data ss:Type="Number">0</Data></Cell>
			<Cell><Data ss:Type="String">2023-12-07 16:49:46.426418</Data></Cell>
		</Row>
		<Row>
			<Cell><Data ss:Type="String">867</Data></Cell>
			<Cell><Data ss:Type="Number">0.23</Data></Cell>
			<Cell><Data ss:Type="Number">-9.82</Data></Cell>
			<Cell><Data ss:Type="Number">-0.08</Data></Cell>
			<Cell><Data ss:Type="Number">-9.37</Data></Cell>
			<Cell><Data ss:Type="Number">-0.1</Data></Cell>
			<Cell><Data ss:Type="Number">-0.9</Data></Cell>
			<Cell><Data ss:Type="Number">22.9</Data></Cell>
			<Cell><Data ss:Type="Number">39.1</Data></Cell>
			<Cell><Data ss:Type="Number">0</Data></Cell>
			<Cell><Data ss:Type="Number">0</Data></Cell>
			<Cell><Data ss:Type="String">2023-12-07 16:49:46.381595</Data></Cell>
		</Row>
		<Row>
			<Cell><Data ss:Type="String">866</Data></Cell>
			<Cell><Data ss:Type="Number">0.11</Data></Cell>
			<Cell><Data ss:Type="Number">-10.48</Data></Cell>
			<Cell><Data ss:Type="Number">-0.12</Data></Cell>
			<Cell><Data ss:Type="Number">-9.51</Data></Cell>
			<Cell><Data ss:Type="Number">-0.07</Data></Cell>
			<Cell><Data ss:Type="Number">-0.96</Data></Cell>
			<Cell><Data ss:Type="Number">22.9</Data></Cell>
			<Cell><Data ss:Type="Number">39.1</Data></Cell>
			<Cell><Data ss:Type="Number">0</Data></Cell>
			<Cell><Data ss:Type="Number">0</Data></Cell>
			<Cell><Data ss:Type="String">2023-12-07 16:49:46.334438</Data></Cell>
		</Row>
		<Row>
			<Cell><Data ss:Type="String">865</Data></Cell>
			<Cell><Data ss:Type="Number">-0.05</Data></Cell>
			<Cell><Data ss:Type="Number">-9.7</Data></Cell>
			<Cell><Data ss:Type="Number">0.17</Data></Cell>
			<Cell><Data ss:Type="Number">-9.41</Data></Cell>
			<Cell><Data ss:Type="Number">-0.04</Data></Cell>
			<Cell><Data ss:Type="Number">-0.88</Data></Cell>
			<Cell><Data ss:Type="Number">22.9</Data></Cell>
			<Cell><Data ss:Type="Number">39.1</Data></Cell>
			<Cell><Data ss:Type="Number">0</Data></Cell>
			<Cell><Data ss:Type="Number">0</Data></Cell>
			<Cell><Data ss:Type="String">2023-12-07 16:49:46.293932</Data></Cell>
		</Row>
		<Row>
			<Cell><Data ss:Type="String">864</Data></Cell>
			<Cell><Data ss:Type="Number">-0.08</Data></Cell>
			<Cell><Data ss:Type="Number">-9.86</Data></Cell>
			<Cell><Data ss:Type="Number">-0.08</Data></Cell>
			<Cell><Data ss:Type="Number">-9.39</Data></Cell>
			<Cell><Data ss:Type="Number">-0.01</Data></Cell>
			<Cell><Data ss:Type="Number">-1.01</Data></Cell>
			<Cell><Data ss:Type="Number">22.9</Data></Cell>
			<Cell><Data ss:Type="Number">39.1</Data></Cell>
			<Cell><Data ss:Type="Number">0</Data></Cell>
			<Cell><Data ss:Type="Number">0</Data></Cell>
			<Cell><Data ss:Type="String">2023-12-07 16:49:46.291118</Data></Cell>
		</Row>
		<Row>
			<Cell><Data ss:Type="String">863</Data></Cell>
			<Cell><Data ss:Type="Number">1.06</Data></Cell>
			<Cell><Data ss:Type="Number">-9.98</Data></Cell>
			<Cell><Data ss:Type="Number">0.26</Data></Cell>
			<Cell><Data ss:Type="Number">-9.48</Data></Cell>
			<Cell><Data ss:Type="Number">0.04</Data></Cell>
			<Cell><Data ss:Type="Number">-0.94</Data></Cell>
			<Cell><Data ss:Type="Number">22.9</Data></Cell>
			<Cell><Data ss:Type="Number">39.1</Data></Cell>
			<Cell><Data ss:Type="Number">0</Data></Cell>
			<Cell><Data ss:Type="Number">0</Data></Cell>
			<Cell><Data ss:Type="String">2023-12-07 16:49:46.245946</Data></Cell>
		</Row>
		<Row>
			<Cell><Data ss:Type="String">862</Data></Cell>
			<Cell><Data ss:Type="Number">1.25</Data></Cell>
			<Cell><Data ss:Type="Number">-10.79</Data></Cell>
			<Cell><Data ss:Type="Number">0.51</Data></Cell>
			<Cell><Data ss:Type="Number">-9.69</Data></Cell>
			<Cell><Data ss:Type="Number">-0.33</Data></Cell>
			<Cell><Data ss:Type="Number">-0.83</Data></Cell>
			<Cell><Data ss:Type="Number">22.9</Data></Cell>
			<Cell><Data ss:Type="Number">39.1</Data></Cell>
			<Cell><Data ss:Type="Number">0</Data></Cell>
			<Cell><Data ss:Type="Number">0</Data></Cell>
			<Cell><Data ss:Type="String">2023-12-07 16:49:46.197873</Data></Cell>
		</Row>
		<Row>
			<Cell><Data ss:Type="String">861</Data></Cell>
			<Cell><Data ss:Type="Number">-0.73</Data></Cell>
			<Cell><Data ss:Type="Number">-10.06</Data></Cell>
			<Cell><Data ss:Type="Number">0.19</Data></Cell>
			<Cell><Data ss:Type="Number">-9.49</Data></Cell>
			<Cell><Data ss:Type="Number">-0.34</Data></Cell>
			<Cell><Data ss:Type="Number">-0.86</Data></Cell>
			<Cell><Data ss:Type="Number">22.9</Data></Cell>
			<Cell><Data ss:Type="Number">39.1</Data></Cell>
			<Cell><Data ss:Type="Number">0</Data></Cell>
			<Cell><Data ss:Type="Number">0</Data></Cell>
			<Cell><Data ss:Type="String">2023-12-07 16:49:46.154021</Data></Cell>
		</Row>
		<Row>
			<Cell><Data ss:Type="String">860</Data></Cell>
			<Cell><Data ss:Type="Number">-0.66</Data></Cell>
			<Cell><Data ss:Type="Number">-9.71</Data></Cell>
			<Cell><Data ss:Type="Number">0.25</Data></Cell>
			<Cell><Data ss:Type="Number">-9.31</Data></Cell>
			<Cell><Data ss:Type="Number">-0.19</Data></Cell>
			<Cell><Data ss:Type="Number">-0.83</Data></Cell>
			<Cell><Data ss:Type="Number">22.9</Data></Cell>
			<Cell><Data ss:Type="Number">39.1</Data></Cell>
			<Cell><Data ss:Type="Number">0</Data></Cell>
			<Cell><Data ss:Type="Number">0</Data></Cell>
			<Cell><Data ss:Type="String">2023-12-07 16:49:46.151314</Data></Cell>
		</Row>
		<Row>
			<Cell><Data ss:Type="String">859</Data></Cell>
			<Cell><Data ss:Type="Number">-1.65</Data></Cell>
			<Cell><Data ss:Type="Number">-10.12</Data></Cell>
			<Cell><Data ss:Type="Number">-1.19</Data></Cell>
			<Cell><Data ss:Type="Number">-9.52</Data></Cell>
			<Cell><Data ss:Type="Number">0.82</Data></Cell>
			<Cell><Data ss:Type="Number">-1.11</Data></Cell>
			<Cell><Data ss:Type="Number">22.9</Data></Cell>
			<Cell><Data ss:Type="Number">39.1</Data></Cell>
			<Cell><Data ss:Type="Number">0</Data></Cell>
			<Cell><Data ss:Type="Number">0</Data></Cell>
			<Cell><Data ss:Type="String">2023-12-07 16:49:46.105344</Data></Cell>
		</Row>
		<Row>
			<Cell><Data ss:Type="String">858</Data></Cell>
			<Cell><Data ss:Type="Number">0.51</Data></Cell>
			<Cell><Data ss:Type="Number">-9.69</Data></Cell>
			<Cell><Data ss:Type="Number">0.04</Data></Cell>
			<Cell><Data ss:Type="Number">-9.4</Data></Cell>
			<Cell><Data ss:Type="Number">0.01</Data></Cell>
			<Cell><Data ss:Type="Number">-1.03</Data></Cell>
			<Cell><Data ss:Type="Number">22.9</Data></Cell>
			<Cell><Data ss:Type="Number">39.1</Data></Cell>
			<Cell><Data ss:Type="Number">0</Data></Cell>
			<Cell><Data ss:Type="Number">0</Data></Cell>
			<Cell><Data ss:Type="String">2023-12-07 16:49:46.061677</Data></Cell>
		</Row>
		<Row>
			<Cell><Data ss:Type="String">857</Data></Cell>
			<Cell><Data ss:Type="Number">3.66</Data></Cell>
			<Cell><Data ss:Type="Number">-8.81</Data></Cell>
			<Cell><Data ss:Type="Number">2.61</Data></Cell>
			<Cell><Data ss:Type="Number">-9.06</Data></Cell>
			<Cell><Data ss:Type="Number">-1.77</Data></Cell>
			<Cell><Data ss:Type="Number">-0.66</Data></Cell>
			<Cell><Data ss:Type="Number">22.9</Data></Cell>
			<Cell><Data ss:Type="Number">39.1</Data></Cell>
			<Cell><Data ss:Type="Number">0</Data></Cell>
			<Cell><Data ss:Type="Number">0</Data></Cell>
			<Cell><Data ss:Type="String">2023-12-07 16:49:46.059679</Data></Cell>
		</Row>
		<Row>
			<Cell><Data ss:Type="String">856</Data></Cell>
			<Cell><Data ss:Type="Number">0.71</Data></Cell>
			<Cell><Data ss:Type="Number">5.04</Data></Cell>
			<Cell><Data ss:Type="Number">-1.45</Data></Cell>
			<Cell><Data ss:Type="Number">-0.68</Data></Cell>
			<Cell><Data ss:Type="Number">-0.99</Data></Cell>
			<Cell><Data ss:Type="Number">-1.7</Data></Cell>
			<Cell><Data ss:Type="Number">22.9</Data></Cell>
			<Cell><Data ss:Type="Number">39.1</Data></Cell>
			<Cell><Data ss:Type="Number">0</Data></Cell>
			<Cell><Data ss:Type="Number">0</Data></Cell>
			<Cell><Data ss:Type="String">2023-12-07 16:49:46.013133</Data></Cell>
		</Row>
		<Row>
			<Cell><Data ss:Type="String">855</Data></Cell>
			<Cell><Data ss:Type="Number">0.3</Data></Cell>
			<Cell><Data ss:Type="Number">-10.04</Data></Cell>
			<Cell><Data ss:Type="Number">0.16</Data></Cell>
			<Cell><Data ss:Type="Number">-9.47</Data></Cell>
			<Cell><Data ss:Type="Number">-0.08</Data></Cell>
			<Cell><Data ss:Type="Number">-0.91</Data></Cell>
			<Cell><Data ss:Type="Number">22.9</Data></Cell>
			<Cell><Data ss:Type="Number">39.1</Data></Cell>
			<Cell><Data ss:Type="Number">0</Data></Cell>
			<Cell><Data ss:Type="Number">0</Data></Cell>
			<Cell><Data ss:Type="String">2023-12-07 16:49:45.967730</Data></Cell>
		</Row>
		<Row>
			<Cell><Data ss:Type="String">854</Data></Cell>
			<Cell><Data ss:Type="Number">0.28</Data></Cell>
			<Cell><Data ss:Type="Number">-10.14</Data></Cell>
			<Cell><Data ss:Type="Number">0.13</Data></Cell>
			<Cell><Data ss:Type="Number">-9.51</Data></Cell>
			<Cell><Data ss:Type="Number">-0.07</Data></Cell>
			<Cell><Data ss:Type="Number">-0.9</Data></Cell>
			<Cell><Data ss:Type="Number">22.9</Data></Cell>
			<Cell><Data ss:Type="Number">39.1</Data></Cell>
			<Cell><Data ss:Type="Number">0</Data></Cell>
			<Cell><Data ss:Type="Number">0</Data></Cell>
			<Cell><Data ss:Type="String">2023-12-07 16:49:45.924670</Data></Cell>
		</Row>
		<Row>
			<Cell><Data ss:Type="String">853</Data></Cell>
			<Cell><Data ss:Type="Number">0.25</Data></Cell>
			<Cell><Data ss:Type="Number">-10.15</Data></Cell>
			<Cell><Data ss:Type="Number">0.18</Data></Cell>
			<Cell><Data ss:Type="Number">-9.5</Data></Cell>
			<Cell><Data ss:Type="Number">-0.07</Data></Cell>
			<Cell><Data ss:Type="Number">-0.89</Data></Cell>
			<Cell><Data ss:Type="Number">22.9</Data></Cell>
			<Cell><Data ss:Type="Number">39.1</Data></Cell>
			<Cell><Data ss:Type="Number">0</Data></Cell>
			<Cell><Data ss:Type="Number">0</Data></Cell>
			<Cell><Data ss:Type="String">2023-12-07 16:49:45.922040</Data></Cell>
		</Row>
		<Row>
			<Cell><Data ss:Type="String">852</Data></Cell>
			<Cell><Data ss:Type="Number">0.28</Data></Cell>
			<Cell><Data ss:Type="Number">-10.07</Data></Cell>
			<Cell><Data ss:Type="Number">0.18</Data></Cell>
			<Cell><Data ss:Type="Number">-9.46</Data></Cell>
			<Cell><Data ss:Type="Number">-0.08</Data></Cell>
			<Cell><Data ss:Type="Number">-0.91</Data></Cell>
			<Cell><Data ss:Type="Number">22.9</Data></Cell>
			<Cell><Data ss:Type="Number">39.1</Data></Cell>
			<Cell><Data ss:Type="Number">0</Data></Cell>
			<Cell><Data ss:Type="Number">0</Data></Cell>
			<Cell><Data ss:Type="String">2023-12-07 16:49:45.875616</Data></Cell>
		</Row>
		<Row>
			<Cell><Data ss:Type="String">851</Data></Cell>
			<Cell><Data ss:Type="Number">0.22</Data></Cell>
			<Cell><Data ss:Type="Number">-10</Data></Cell>
			<Cell><Data ss:Type="Number">0.07</Data></Cell>
			<Cell><Data ss:Type="Number">-9.41</Data></Cell>
			<Cell><Data ss:Type="Number">-0.08</Data></Cell>
			<Cell><Data ss:Type="Number">-0.93</Data></Cell>
			<Cell><Data ss:Type="Number">22.9</Data></Cell>
			<Cell><Data ss:Type="Number">39.1</Data></Cell>
			<Cell><Data ss:Type="Number">0</Data></Cell>
			<Cell><Data ss:Type="Number">0</Data></Cell>
			<Cell><Data ss:Type="String">2023-12-07 16:49:45.832129</Data></Cell>
		</Row>
		<Row>
			<Cell><Data ss:Type="String">850</Data></Cell>
			<Cell><Data ss:Type="Number">0.34</Data></Cell>
			<Cell><Data ss:Type="Number">-10.09</Data></Cell>
			<Cell><Data ss:Type="Number">0.11</Data></Cell>
			<Cell><Data ss:Type="Number">-9.49</Data></Cell>
			<Cell><Data ss:Type="Number">-0.09</Data></Cell>
			<Cell><Data ss:Type="Number">-0.91</Data></Cell>
			<Cell><Data ss:Type="Number">22.9</Data></Cell>
			<Cell><Data ss:Type="Number">39.1</Data></Cell>
			<Cell><Data ss:Type="Number">0</Data></Cell>
			<Cell><Data ss:Type="Number">0</Data></Cell>
			<Cell><Data ss:Type="String">2023-12-07 16:49:45.786333</Data></Cell>
		</Row>
		<Row>
			<Cell><Data ss:Type="String">849</Data></Cell>
			<Cell><Data ss:Type="Number">0.25</Data></Cell>
			<Cell><Data ss:Type="Number">-10.2</Data></Cell>
			<Cell><Data ss:Type="Number">0.18</Data></Cell>
			<Cell><Data ss:Type="Number">-9.54</Data></Cell>
			<Cell><Data ss:Type="Number">-0.09</Data></Cell>
			<Cell><Data ss:Type="Number">-0.9</Data></Cell>
			<Cell><Data ss:Type="Number">22.9</Data></Cell>
			<Cell><Data ss:Type="Number">39.1</Data></Cell>
			<Cell><Data ss:Type="Number">0</Data></Cell>
			<Cell><Data ss:Type="Number">0</Data></Cell>
			<Cell><Data ss:Type="String">2023-12-07 16:49:45.784223</Data></Cell>
		</Row>
		<Row>
			<Cell><Data ss:Type="String">848</Data></Cell>
			<Cell><Data ss:Type="Number">0.25</Data></Cell>
			<Cell><Data ss:Type="Number">-10.07</Data></Cell>
			<Cell><Data ss:Type="Number">0.15</Data></Cell>
			<Cell><Data ss:Type="Number">-9.46</Data></Cell>
			<Cell><Data ss:Type="Number">-0.06</Data></Cell>
			<Cell><Data ss:Type="Number">-0.94</Data></Cell>
			<Cell><Data ss:Type="Number">22.9</Data></Cell>
			<Cell><Data ss:Type="Number">39.1</Data></Cell>
			<Cell><Data ss:Type="Number">0</Data></Cell>
			<Cell><Data ss:Type="Number">0</Data></Cell>
			<Cell><Data ss:Type="String">2023-12-07 16:49:45.741702</Data></Cell>
		</Row>
		<Row>
			<Cell><Data ss:Type="String">847</Data></Cell>
			<Cell><Data ss:Type="Number">0.31</Data></Cell>
			<Cell><Data ss:Type="Number">-9.99</Data></Cell>
			<Cell><Data ss:Type="Number">0.15</Data></Cell>
			<Cell><Data ss:Type="Number">-9.43</Data></Cell>
			<Cell><Data ss:Type="Number">-0.07</Data></Cell>
			<Cell><Data ss:Type="Number">-0.91</Data></Cell>
			<Cell><Data ss:Type="Number">22.9</Data></Cell>
			<Cell><Data ss:Type="Number">39.1</Data></Cell>
			<Cell><Data ss:Type="Number">0</Data></Cell>
			<Cell><Data ss:Type="Number">0</Data></Cell>
			<Cell><Data ss:Type="String">2023-12-07 16:49:45.694712</Data></Cell>
		</Row>
		<Row>
			<Cell><Data ss:Type="String">846</Data></Cell>
			<Cell><Data ss:Type="Number">0.32</Data></Cell>
			<Cell><Data ss:Type="Number">-10.02</Data></Cell>
			<Cell><Data ss:Type="Number">0.12</Data></Cell>
			<Cell><Data ss:Type="Number">-9.48</Data></Cell>
			<Cell><Data ss:Type="Number">-0.09</Data></Cell>
			<Cell><Data ss:Type="Number">-0.91</Data></Cell>
			<Cell><Data ss:Type="Number">22.9</Data></Cell>
			<Cell><Data ss:Type="Number">39.1</Data></Cell>
			<Cell><Data ss:Type="Number">0</Data></Cell>
			<Cell><Data ss:Type="Number">0</Data></Cell>
			<Cell><Data ss:Type="String">2023-12-07 16:49:45.692072</Data></Cell>
		</Row>
		<Row>
			<Cell><Data ss:Type="String">845</Data></Cell>
			<Cell><Data ss:Type="Number">0.29</Data></Cell>
			<Cell><Data ss:Type="Number">-10.15</Data></Cell>
			<Cell><Data ss:Type="Number">0.14</Data></Cell>
			<Cell><Data ss:Type="Number">-9.52</Data></Cell>
			<Cell><Data ss:Type="Number">-0.07</Data></Cell>
			<Cell><Data ss:Type="Number">-0.88</Data></Cell>
			<Cell><Data ss:Type="Number">22.9</Data></Cell>
			<Cell><Data ss:Type="Number">39.1</Data></Cell>
			<Cell><Data ss:Type="Number">0</Data></Cell>
			<Cell><Data ss:Type="Number">0</Data></Cell>
			<Cell><Data ss:Type="String">2023-12-07 16:49:45.646917</Data></Cell>
		</Row>
		<Row>
			<Cell><Data ss:Type="String">844</Data></Cell>
			<Cell><Data ss:Type="Number">0.3</Data></Cell>
			<Cell><Data ss:Type="Number">-10.21</Data></Cell>
			<Cell><Data ss:Type="Number">0.17</Data></Cell>
			<Cell><Data ss:Type="Number">-9.49</Data></Cell>
			<Cell><Data ss:Type="Number">-0.07</Data></Cell>
			<Cell><Data ss:Type="Number">-0.93</Data></Cell>
			<Cell><Data ss:Type="Number">22.9</Data></Cell>
			<Cell><Data ss:Type="Number">39.1</Data></Cell>
			<Cell><Data ss:Type="Number">0</Data></Cell>
			<Cell><Data ss:Type="Number">0</Data></Cell>
			<Cell><Data ss:Type="String">2023-12-07 16:49:45.600813</Data></Cell>
		</Row>
		<Row>
			<Cell><Data ss:Type="String">843</Data></Cell>
			<Cell><Data ss:Type="Number">0.28</Data></Cell>
			<Cell><Data ss:Type="Number">-9.98</Data></Cell>
			<Cell><Data ss:Type="Number">0.16</Data></Cell>
			<Cell><Data ss:Type="Number">-9.44</Data></Cell>
			<Cell><Data ss:Type="Number">-0.04</Data></Cell>
			<Cell><Data ss:Type="Number">-0.89</Data></Cell>
			<Cell><Data ss:Type="Number">22.9</Data></Cell>
			<Cell><Data ss:Type="Number">39.1</Data></Cell>
			<Cell><Data ss:Type="Number">0</Data></Cell>
			<Cell><Data ss:Type="Number">0</Data></Cell>
			<Cell><Data ss:Type="String">2023-12-07 16:49:45.557846</Data></Cell>
		</Row>
		<Row>
			<Cell><Data ss:Type="String">842</Data></Cell>
			<Cell><Data ss:Type="Number">0.32</Data></Cell>
			<Cell><Data ss:Type="Number">-10.02</Data></Cell>
			<Cell><Data ss:Type="Number">0.15</Data></Cell>
			<Cell><Data ss:Type="Number">-9.48</Data></Cell>
			<Cell><Data ss:Type="Number">-0.1</Data></Cell>
			<Cell><Data ss:Type="Number">-0.93</Data></Cell>
			<Cell><Data ss:Type="Number">22.9</Data></Cell>
			<Cell><Data ss:Type="Number">39.1</Data></Cell>
			<Cell><Data ss:Type="Number">0</Data></Cell>
			<Cell><Data ss:Type="Number">0</Data></Cell>
			<Cell><Data ss:Type="String">2023-12-07 16:49:45.554912</Data></Cell>
		</Row>
		<Row>
			<Cell><Data ss:Type="String">841</Data></Cell>
			<Cell><Data ss:Type="Number">0.27</Data></Cell>
			<Cell><Data ss:Type="Number">-10.01</Data></Cell>
			<Cell><Data ss:Type="Number">0.15</Data></Cell>
			<Cell><Data ss:Type="Number">-9.43</Data></Cell>
			<Cell><Data ss:Type="Number">-0.07</Data></Cell>
			<Cell><Data ss:Type="Number">-0.9</Data></Cell>
			<Cell><Data ss:Type="Number">22.9</Data></Cell>
			<Cell><Data ss:Type="Number">39.1</Data></Cell>
			<Cell><Data ss:Type="Number">0</Data></Cell>
			<Cell><Data ss:Type="Number">0</Data></Cell>
			<Cell><Data ss:Type="String">2023-12-07 16:49:45.510209</Data></Cell>
		</Row>
		<Row>
			<Cell><Data ss:Type="String">840</Data></Cell>
			<Cell><Data ss:Type="Number">0.27</Data></Cell>
			<Cell><Data ss:Type="Number">-10.14</Data></Cell>
			<Cell><Data ss:Type="Number">0.19</Data></Cell>
			<Cell><Data ss:Type="Number">-9.51</Data></Cell>
			<Cell><Data ss:Type="Number">-0.09</Data></Cell>
			<Cell><Data ss:Type="Number">-0.92</Data></Cell>
			<Cell><Data ss:Type="Number">22.9</Data></Cell>
			<Cell><Data ss:Type="Number">39.1</Data></Cell>
			<Cell><Data ss:Type="Number">0</Data></Cell>
			<Cell><Data ss:Type="Number">0</Data></Cell>
			<Cell><Data ss:Type="String">2023-12-07 16:49:45.461954</Data></Cell>
		</Row>
		<Row>
			<Cell><Data ss:Type="String">839</Data></Cell>
			<Cell><Data ss:Type="Number">0.25</Data></Cell>
			<Cell><Data ss:Type="Number">-10.17</Data></Cell>
			<Cell><Data ss:Type="Number">0.18</Data></Cell>
			<Cell><Data ss:Type="Number">-9.52</Data></Cell>
			<Cell><Data ss:Type="Number">-0.05</Data></Cell>
			<Cell><Data ss:Type="Number">-0.89</Data></Cell>
			<Cell><Data ss:Type="Number">22.9</Data></Cell>
			<Cell><Data ss:Type="Number">39.1</Data></Cell>
			<Cell><Data ss:Type="Number">0</Data></Cell>
			<Cell><Data ss:Type="Number">0</Data></Cell>
			<Cell><Data ss:Type="String">2023-12-07 16:49:45.416747</Data></Cell>
		</Row>
		<Row>
			<Cell><Data ss:Type="String">838</Data></Cell>
			<Cell><Data ss:Type="Number">0.3</Data></Cell>
			<Cell><Data ss:Type="Number">-10.19</Data></Cell>
			<Cell><Data ss:Type="Number">0.09</Data></Cell>
			<Cell><Data ss:Type="Number">-9.5</Data></Cell>
			<Cell><Data ss:Type="Number">-0.1</Data></Cell>
			<Cell><Data ss:Type="Number">-0.91</Data></Cell>
			<Cell><Data ss:Type="Number">22.9</Data></Cell>
			<Cell><Data ss:Type="Number">39.1</Data></Cell>
			<Cell><Data ss:Type="Number">0</Data></Cell>
			<Cell><Data ss:Type="Number">0</Data></Cell>
			<Cell><Data ss:Type="String">2023-12-07 16:49:45.414391</Data></Cell>
		</Row>
		<Row>
			<Cell><Data ss:Type="String">837</Data></Cell>
			<Cell><Data ss:Type="Number">0.19</Data></Cell>
			<Cell><Data ss:Type="Number">-9.95</Data></Cell>
			<Cell><Data ss:Type="Number">0.13</Data></Cell>
			<Cell><Data ss:Type="Number">-9.42</Data></Cell>
			<Cell><Data ss:Type="Number">-0.05</Data></Cell>
			<Cell><Data ss:Type="Number">-0.91</Data></Cell>
			<Cell><Data ss:Type="Number">22.9</Data></Cell>
			<Cell><Data ss:Type="Number">39.1</Data></Cell>
			<Cell><Data ss:Type="Number">0</Data></Cell>
			<Cell><Data ss:Type="Number">0</Data></Cell>
			<Cell><Data ss:Type="String">2023-12-07 16:49:45.372298</Data></Cell>
		</Row>
		<Row>
			<Cell><Data ss:Type="String">836</Data></Cell>
			<Cell><Data ss:Type="Number">0.33</Data></Cell>
			<Cell><Data ss:Type="Number">-9.99</Data></Cell>
			<Cell><Data ss:Type="Number">0.1</Data></Cell>
			<Cell><Data ss:Type="Number">-9.46</Data></Cell>
			<Cell><Data ss:Type="Number">-0.07</Data></Cell>
			<Cell><Data ss:Type="Number">-0.92</Data></Cell>
			<Cell><Data ss:Type="Number">22.9</Data></Cell>
			<Cell><Data ss:Type="Number">39.1</Data></Cell>
			<Cell><Data ss:Type="Number">0</Data></Cell>
			<Cell><Data ss:Type="Number">0</Data></Cell>
			<Cell><Data ss:Type="String">2023-12-07 16:49:45.326455</Data></Cell>
		</Row>
		<Row>
			<Cell><Data ss:Type="String">835</Data></Cell>
			<Cell><Data ss:Type="Number">0.26</Data></Cell>
			<Cell><Data ss:Type="Number">-10.16</Data></Cell>
			<Cell><Data ss:Type="Number">0.2</Data></Cell>
			<Cell><Data ss:Type="Number">-9.51</Data></Cell>
			<Cell><Data ss:Type="Number">-0.06</Data></Cell>
			<Cell><Data ss:Type="Number">-0.9</Data></Cell>
			<Cell><Data ss:Type="Number">22.9</Data></Cell>
			<Cell><Data ss:Type="Number">39.1</Data></Cell>
			<Cell><Data ss:Type="Number">0</Data></Cell>
			<Cell><Data ss:Type="Number">0</Data></Cell>
			<Cell><Data ss:Type="String">2023-12-07 16:49:45.282012</Data></Cell>
		</Row>
		<Row>
			<Cell><Data ss:Type="String">834</Data></Cell>
			<Cell><Data ss:Type="Number">0.23</Data></Cell>
			<Cell><Data ss:Type="Number">-10.17</Data></Cell>
			<Cell><Data ss:Type="Number">0.11</Data></Cell>
			<Cell><Data ss:Type="Number">-9.49</Data></Cell>
			<Cell><Data ss:Type="Number">-0.07</Data></Cell>
			<Cell><Data ss:Type="Number">-0.93</Data></Cell>
			<Cell><Data ss:Type="Number">22.9</Data></Cell>
			<Cell><Data ss:Type="Number">39.1</Data></Cell>
			<Cell><Data ss:Type="Number">0</Data></Cell>
			<Cell><Data ss:Type="Number">0</Data></Cell>
			<Cell><Data ss:Type="String">2023-12-07 16:49:45.279383</Data></Cell>
		</Row>
		<Row>
			<Cell><Data ss:Type="String">833</Data></Cell>
			<Cell><Data ss:Type="Number">0.29</Data></Cell>
			<Cell><Data ss:Type="Number">-9.95</Data></Cell>
			<Cell><Data ss:Type="Number">0.03</Data></Cell>
			<Cell><Data ss:Type="Number">-9.46</Data></Cell>
			<Cell><Data ss:Type="Number">-0.09</Data></Cell>
			<Cell><Data ss:Type="Number">-0.91</Data></Cell>
			<Cell><Data ss:Type="Number">22.9</Data></Cell>
			<Cell><Data ss:Type="Number">39.1</Data></Cell>
			<Cell><Data ss:Type="Number">0</Data></Cell>
			<Cell><Data ss:Type="Number">0</Data></Cell>
			<Cell><Data ss:Type="String">2023-12-07 16:49:45.236039</Data></Cell>
		</Row>
		<Row>
			<Cell><Data ss:Type="String">832</Data></Cell>
			<Cell><Data ss:Type="Number">0.25</Data></Cell>
			<Cell><Data ss:Type="Number">-9.89</Data></Cell>
			<Cell><Data ss:Type="Number">0.04</Data></Cell>
			<Cell><Data ss:Type="Number">-9.47</Data></Cell>
			<Cell><Data ss:Type="Number">-0.07</Data></Cell>
			<Cell><Data ss:Type="Number">-0.92</Data></Cell>
			<Cell><Data ss:Type="Number">22.9</Data></Cell>
			<Cell><Data ss:Type="Number">39.1</Data></Cell>
			<Cell><Data ss:Type="Number">0</Data></Cell>
			<Cell><Data ss:Type="Number">0</Data></Cell>
			<Cell><Data ss:Type="String">2023-12-07 16:49:45.233083</Data></Cell>
		</Row>
		<Row>
			<Cell><Data ss:Type="String">831</Data></Cell>
			<Cell><Data ss:Type="Number">0.32</Data></Cell>
			<Cell><Data ss:Type="Number">-10.12</Data></Cell>
			<Cell><Data ss:Type="Number">0.21</Data></Cell>
			<Cell><Data ss:Type="Number">-9.53</Data></Cell>
			<Cell><Data ss:Type="Number">-0.06</Data></Cell>
			<Cell><Data ss:Type="Number">-0.91</Data></Cell>
			<Cell><Data ss:Type="Number">22.9</Data></Cell>
			<Cell><Data ss:Type="Number">39.1</Data></Cell>
			<Cell><Data ss:Type="Number">0</Data></Cell>
			<Cell><Data ss:Type="Number">0</Data></Cell>
			<Cell><Data ss:Type="String">2023-12-07 16:49:45.158180</Data></Cell>
		</Row>
		<Row>
			<Cell><Data ss:Type="String">830</Data></Cell>
			<Cell><Data ss:Type="Number">0.32</Data></Cell>
			<Cell><Data ss:Type="Number">-10.24</Data></Cell>
			<Cell><Data ss:Type="Number">0.15</Data></Cell>
			<Cell><Data ss:Type="Number">-9.5</Data></Cell>
			<Cell><Data ss:Type="Number">-0.11</Data></Cell>
			<Cell><Data ss:Type="Number">-0.85</Data></Cell>
			<Cell><Data ss:Type="Number">22.9</Data></Cell>
			<Cell><Data ss:Type="Number">39.1</Data></Cell>
			<Cell><Data ss:Type="Number">0</Data></Cell>
			<Cell><Data ss:Type="Number">0</Data></Cell>
			<Cell><Data ss:Type="String">2023-12-07 16:49:45.112913</Data></Cell>
		</Row>
		<Row>
			<Cell><Data ss:Type="String">829</Data></Cell>
			<Cell><Data ss:Type="Number">0.26</Data></Cell>
			<Cell><Data ss:Type="Number">-10.01</Data></Cell>
			<Cell><Data ss:Type="Number">0.11</Data></Cell>
			<Cell><Data ss:Type="Number">-9.45</Data></Cell>
			<Cell><Data ss:Type="Number">-0.06</Data></Cell>
			<Cell><Data ss:Type="Number">-0.94</Data></Cell>
			<Cell><Data ss:Type="Number">22.9</Data></Cell>
			<Cell><Data ss:Type="Number">39.1</Data></Cell>
			<Cell><Data ss:Type="Number">0</Data></Cell>
			<Cell><Data ss:Type="Number">0</Data></Cell>
			<Cell><Data ss:Type="String">2023-12-07 16:49:45.110617</Data></Cell>
		</Row>
		<Row>
			<Cell><Data ss:Type="String">828</Data></Cell>
			<Cell><Data ss:Type="Number">0.28</Data></Cell>
			<Cell><Data ss:Type="Number">-9.99</Data></Cell>
			<Cell><Data ss:Type="Number">0.13</Data></Cell>
			<Cell><Data ss:Type="Number">-9.44</Data></Cell>
			<Cell><Data ss:Type="Number">-0.07</Data></Cell>
			<Cell><Data ss:Type="Number">-0.94</Data></Cell>
			<Cell><Data ss:Type="Number">22.9</Data></Cell>
			<Cell><Data ss:Type="Number">39.1</Data></Cell>
			<Cell><Data ss:Type="Number">0</Data></Cell>
			<Cell><Data ss:Type="Number">0</Data></Cell>
			<Cell><Data ss:Type="String">2023-12-07 16:49:45.064471</Data></Cell>
		</Row>
		<Row>
			<Cell><Data ss:Type="String">827</Data></Cell>
			<Cell><Data ss:Type="Number">0.23</Data></Cell>
			<Cell><Data ss:Type="Number">-10.13</Data></Cell>
			<Cell><Data ss:Type="Number">0.16</Data></Cell>
			<Cell><Data ss:Type="Number">-9.53</Data></Cell>
			<Cell><Data ss:Type="Number">-0.06</Data></Cell>
			<Cell><Data ss:Type="Number">-0.88</Data></Cell>
			<Cell><Data ss:Type="Number">22.9</Data></Cell>
			<Cell><Data ss:Type="Number">39.1</Data></Cell>
			<Cell><Data ss:Type="Number">0</Data></Cell>
			<Cell><Data ss:Type="Number">0</Data></Cell>
			<Cell><Data ss:Type="String">2023-12-07 16:49:45.022611</Data></Cell>
		</Row>
		<Row>
			<Cell><Data ss:Type="String">826</Data></Cell>
			<Cell><Data ss:Type="Number">0.31</Data></Cell>
			<Cell><Data ss:Type="Number">-10.15</Data></Cell>
			<Cell><Data ss:Type="Number">0.14</Data></Cell>
			<Cell><Data ss:Type="Number">-9.52</Data></Cell>
			<Cell><Data ss:Type="Number">-0.06</Data></Cell>
			<Cell><Data ss:Type="Number">-0.91</Data></Cell>
			<Cell><Data ss:Type="Number">22.9</Data></Cell>
			<Cell><Data ss:Type="Number">39.1</Data></Cell>
			<Cell><Data ss:Type="Number">0</Data></Cell>
			<Cell><Data ss:Type="Number">0</Data></Cell>
			<Cell><Data ss:Type="String">2023-12-07 16:49:44.976833</Data></Cell>
		</Row>
		<Row>
			<Cell><Data ss:Type="String">825</Data></Cell>
			<Cell><Data ss:Type="Number">0.24</Data></Cell>
			<Cell><Data ss:Type="Number">-9.92</Data></Cell>
			<Cell><Data ss:Type="Number">0.14</Data></Cell>
			<Cell><Data ss:Type="Number">-9.4</Data></Cell>
			<Cell><Data ss:Type="Number">-0.06</Data></Cell>
			<Cell><Data ss:Type="Number">-0.87</Data></Cell>
			<Cell><Data ss:Type="Number">22.9</Data></Cell>
			<Cell><Data ss:Type="Number">39.1</Data></Cell>
			<Cell><Data ss:Type="Number">0</Data></Cell>
			<Cell><Data ss:Type="Number">0</Data></Cell>
			<Cell><Data ss:Type="String">2023-12-07 16:49:44.974059</Data></Cell>
		</Row>
		<Row>
			<Cell><Data ss:Type="String">824</Data></Cell>
			<Cell><Data ss:Type="Number">0.33</Data></Cell>
			<Cell><Data ss:Type="Number">-9.97</Data></Cell>
			<Cell><Data ss:Type="Number">0.1</Data></Cell>
			<Cell><Data ss:Type="Number">-9.51</Data></Cell>
			<Cell><Data ss:Type="Number">-0.1</Data></Cell>
			<Cell><Data ss:Type="Number">-0.95</Data></Cell>
			<Cell><Data ss:Type="Number">22.9</Data></Cell>
			<Cell><Data ss:Type="Number">39.1</Data></Cell>
			<Cell><Data ss:Type="Number">0</Data></Cell>
			<Cell><Data ss:Type="Number">0</Data></Cell>
			<Cell><Data ss:Type="String">2023-12-07 16:49:44.918908</Data></Cell>
		</Row>
		<Row>
			<Cell><Data ss:Type="String">823</Data></Cell>
			<Cell><Data ss:Type="Number">0.26</Data></Cell>
			<Cell><Data ss:Type="Number">-10.09</Data></Cell>
			<Cell><Data ss:Type="Number">0.27</Data></Cell>
			<Cell><Data ss:Type="Number">-9.51</Data></Cell>
			<Cell><Data ss:Type="Number">-0.1</Data></Cell>
			<Cell><Data ss:Type="Number">-0.81</Data></Cell>
			<Cell><Data ss:Type="Number">22.9</Data></Cell>
			<Cell><Data ss:Type="Number">39.1</Data></Cell>
			<Cell><Data ss:Type="Number">0</Data></Cell>
			<Cell><Data ss:Type="Number">0</Data></Cell>
			<Cell><Data ss:Type="String">2023-12-07 16:49:44.916883</Data></Cell>
		</Row>
		<Row>
			<Cell><Data ss:Type="String">822</Data></Cell>
			<Cell><Data ss:Type="Number">0.25</Data></Cell>
			<Cell><Data ss:Type="Number">-10.23</Data></Cell>
			<Cell><Data ss:Type="Number">0.18</Data></Cell>
			<Cell><Data ss:Type="Number">-9.54</Data></Cell>
			<Cell><Data ss:Type="Number">-0.11</Data></Cell>
			<Cell><Data ss:Type="Number">-0.9</Data></Cell>
			<Cell><Data ss:Type="Number">22.9</Data></Cell>
			<Cell><Data ss:Type="Number">39.1</Data></Cell>
			<Cell><Data ss:Type="Number">0</Data></Cell>
			<Cell><Data ss:Type="Number">0</Data></Cell>
			<Cell><Data ss:Type="String">2023-12-07 16:49:44.914681</Data></Cell>
		</Row>
		<Row>
			<Cell><Data ss:Type="String">821</Data></Cell>
			<Cell><Data ss:Type="Number">0.7</Data></Cell>
			<Cell><Data ss:Type="Number">-10.05</Data></Cell>
			<Cell><Data ss:Type="Number">-0.02</Data></Cell>
			<Cell><Data ss:Type="Number">-9.46</Data></Cell>
			<Cell><Data ss:Type="Number">0.13</Data></Cell>
			<Cell><Data ss:Type="Number">-0.96</Data></Cell>
			<Cell><Data ss:Type="Number">22.9</Data></Cell>
			<Cell><Data ss:Type="Number">39.1</Data></Cell>
			<Cell><Data ss:Type="Number">0</Data></Cell>
			<Cell><Data ss:Type="Number">0</Data></Cell>
			<Cell><Data ss:Type="String">2023-12-07 16:49:44.912752</Data></Cell>
		</Row>
		<Row>
			<Cell><Data ss:Type="String">820</Data></Cell>
			<Cell><Data ss:Type="Number">0.37</Data></Cell>
			<Cell><Data ss:Type="Number">-10</Data></Cell>
			<Cell><Data ss:Type="Number">0.4</Data></Cell>
			<Cell><Data ss:Type="Number">-9.42</Data></Cell>
			<Cell><Data ss:Type="Number">-0.14</Data></Cell>
			<Cell><Data ss:Type="Number">-0.88</Data></Cell>
			<Cell><Data ss:Type="Number">22.9</Data></Cell>
			<Cell><Data ss:Type="Number">39.1</Data></Cell>
			<Cell><Data ss:Type="Number">0</Data></Cell>
			<Cell><Data ss:Type="Number">0</Data></Cell>
			<Cell><Data ss:Type="String">2023-12-07 16:49:44.910739</Data></Cell>
		</Row>
		<Row>
			<Cell><Data ss:Type="String">819</Data></Cell>
			<Cell><Data ss:Type="Number">0.77</Data></Cell>
			<Cell><Data ss:Type="Number">-10.13</Data></Cell>
			<Cell><Data ss:Type="Number">0.47</Data></Cell>
			<Cell><Data ss:Type="Number">-9.52</Data></Cell>
			<Cell><Data ss:Type="Number">-0.32</Data></Cell>
			<Cell><Data ss:Type="Number">-0.92</Data></Cell>
			<Cell><Data ss:Type="Number">22.9</Data></Cell>
			<Cell><Data ss:Type="Number">39.1</Data></Cell>
			<Cell><Data ss:Type="Number">0</Data></Cell>
			<Cell><Data ss:Type="Number">0</Data></Cell>
			<Cell><Data ss:Type="String">2023-12-07 16:49:44.908232</Data></Cell>
		</Row>
		<Row>
			<Cell><Data ss:Type="String">818</Data></Cell>
			<Cell><Data ss:Type="Number">0.16</Data></Cell>
			<Cell><Data ss:Type="Number">-10.16</Data></Cell>
			<Cell><Data ss:Type="Number">0.29</Data></Cell>
			<Cell><Data ss:Type="Number">-9.48</Data></Cell>
			<Cell><Data ss:Type="Number">-0.37</Data></Cell>
			<Cell><Data ss:Type="Number">-0.76</Data></Cell>
			<Cell><Data ss:Type="Number">22.9</Data></Cell>
			<Cell><Data ss:Type="Number">39.1</Data></Cell>
			<Cell><Data ss:Type="Number">0</Data></Cell>
			<Cell><Data ss:Type="Number">0</Data></Cell>
			<Cell><Data ss:Type="String">2023-12-07 16:49:44.905635</Data></Cell>
		</Row>
		<Row>
			<Cell><Data ss:Type="String">817</Data></Cell>
			<Cell><Data ss:Type="Number">-1.09</Data></Cell>
			<Cell><Data ss:Type="Number">-10.36</Data></Cell>
			<Cell><Data ss:Type="Number">-0.55</Data></Cell>
			<Cell><Data ss:Type="Number">-9.54</Data></Cell>
			<Cell><Data ss:Type="Number">0.52</Data></Cell>
			<Cell><Data ss:Type="Number">-1.01</Data></Cell>
			<Cell><Data ss:Type="Number">22.9</Data></Cell>
			<Cell><Data ss:Type="Number">39.1</Data></Cell>
			<Cell><Data ss:Type="Number">0</Data></Cell>
			<Cell><Data ss:Type="Number">0</Data></Cell>
			<Cell><Data ss:Type="String">2023-12-07 16:49:44.668932</Data></Cell>
		</Row>
		<Row>
			<Cell><Data ss:Type="String">816</Data></Cell>
			<Cell><Data ss:Type="Number">-1.52</Data></Cell>
			<Cell><Data ss:Type="Number">-10.26</Data></Cell>
			<Cell><Data ss:Type="Number">-1.26</Data></Cell>
			<Cell><Data ss:Type="Number">-9.45</Data></Cell>
			<Cell><Data ss:Type="Number">0.92</Data></Cell>
			<Cell><Data ss:Type="Number">-1.13</Data></Cell>
			<Cell><Data ss:Type="Number">22.9</Data></Cell>
			<Cell><Data ss:Type="Number">39.1</Data></Cell>
			<Cell><Data ss:Type="Number">0</Data></Cell>
			<Cell><Data ss:Type="Number">0</Data></Cell>
			<Cell><Data ss:Type="String">2023-12-07 16:49:44.666508</Data></Cell>
		</Row>
		<Row>
			<Cell><Data ss:Type="String">815</Data></Cell>
			<Cell><Data ss:Type="Number">2.3</Data></Cell>
			<Cell><Data ss:Type="Number">-8.41</Data></Cell>
			<Cell><Data ss:Type="Number">1.53</Data></Cell>
			<Cell><Data ss:Type="Number">-8.97</Data></Cell>
			<Cell><Data ss:Type="Number">-0.58</Data></Cell>
			<Cell><Data ss:Type="Number">-0.9</Data></Cell>
			<Cell><Data ss:Type="Number">22.9</Data></Cell>
			<Cell><Data ss:Type="Number">39.1</Data></Cell>
			<Cell><Data ss:Type="Number">0</Data></Cell>
			<Cell><Data ss:Type="Number">0</Data></Cell>
			<Cell><Data ss:Type="String">2023-12-07 16:49:44.621836</Data></Cell>
		</Row>
		<Row>
			<Cell><Data ss:Type="String">814</Data></Cell>
			<Cell><Data ss:Type="Number">1.13</Data></Cell>
			<Cell><Data ss:Type="Number">0.29</Data></Cell>
			<Cell><Data ss:Type="Number">-0.34</Data></Cell>
			<Cell><Data ss:Type="Number">-6.22</Data></Cell>
			<Cell><Data ss:Type="Number">-1.12</Data></Cell>
			<Cell><Data ss:Type="Number">-0.74</Data></Cell>
			<Cell><Data ss:Type="Number">22.9</Data></Cell>
			<Cell><Data ss:Type="Number">39.1</Data></Cell>
			<Cell><Data ss:Type="Number">0</Data></Cell>
			<Cell><Data ss:Type="Number">0</Data></Cell>
			<Cell><Data ss:Type="String">2023-12-07 16:49:44.619280</Data></Cell>
		</Row>
		<Row>
			<Cell><Data ss:Type="String">813</Data></Cell>
			<Cell><Data ss:Type="Number">0.22</Data></Cell>
			<Cell><Data ss:Type="Number">-10.43</Data></Cell>
			<Cell><Data ss:Type="Number">-0.27</Data></Cell>
			<Cell><Data ss:Type="Number">-9.35</Data></Cell>
			<Cell><Data ss:Type="Number">-0.01</Data></Cell>
			<Cell><Data ss:Type="Number">-0.91</Data></Cell>
			<Cell><Data ss:Type="Number">22.9</Data></Cell>
			<Cell><Data ss:Type="Number">39.1</Data></Cell>
			<Cell><Data ss:Type="Number">0</Data></Cell>
			<Cell><Data ss:Type="Number">0</Data></Cell>
			<Cell><Data ss:Type="String">2023-12-07 16:49:44.616640</Data></Cell>
		</Row>
		<Row>
			<Cell><Data ss:Type="String">812</Data></Cell>
			<Cell><Data ss:Type="Number">0.32</Data></Cell>
			<Cell><Data ss:Type="Number">-10.23</Data></Cell>
			<Cell><Data ss:Type="Number">0.12</Data></Cell>
			<Cell><Data ss:Type="Number">-9.5</Data></Cell>
			<Cell><Data ss:Type="Number">-0.1</Data></Cell>
			<Cell><Data ss:Type="Number">-0.92</Data></Cell>
			<Cell><Data ss:Type="Number">22.9</Data></Cell>
			<Cell><Data ss:Type="Number">39.1</Data></Cell>
			<Cell><Data ss:Type="Number">0</Data></Cell>
			<Cell><Data ss:Type="Number">0</Data></Cell>
			<Cell><Data ss:Type="String">2023-12-07 16:49:44.513148</Data></Cell>
		</Row>
		<Row>
			<Cell><Data ss:Type="String">811</Data></Cell>
			<Cell><Data ss:Type="Number">0.16</Data></Cell>
			<Cell><Data ss:Type="Number">-9.84</Data></Cell>
			<Cell><Data ss:Type="Number">0.1</Data></Cell>
			<Cell><Data ss:Type="Number">-9.55</Data></Cell>
			<Cell><Data ss:Type="Number">0.03</Data></Cell>
			<Cell><Data ss:Type="Number">-0.94</Data></Cell>
			<Cell><Data ss:Type="Number">22.9</Data></Cell>
			<Cell><Data ss:Type="Number">39.1</Data></Cell>
			<Cell><Data ss:Type="Number">0</Data></Cell>
			<Cell><Data ss:Type="Number">0</Data></Cell>
			<Cell><Data ss:Type="String">2023-12-07 16:49:44.469474</Data></Cell>
		</Row>
		<Row>
			<Cell><Data ss:Type="String">810</Data></Cell>
			<Cell><Data ss:Type="Number">0.9</Data></Cell>
			<Cell><Data ss:Type="Number">-10.29</Data></Cell>
			<Cell><Data ss:Type="Number">0.63</Data></Cell>
			<Cell><Data ss:Type="Number">-9.43</Data></Cell>
			<Cell><Data ss:Type="Number">-0.08</Data></Cell>
			<Cell><Data ss:Type="Number">-0.89</Data></Cell>
			<Cell><Data ss:Type="Number">22.9</Data></Cell>
			<Cell><Data ss:Type="Number">39.1</Data></Cell>
			<Cell><Data ss:Type="Number">0</Data></Cell>
			<Cell><Data ss:Type="Number">0</Data></Cell>
			<Cell><Data ss:Type="String">2023-12-07 16:49:44.467287</Data></Cell>
		</Row>
		<Row>
			<Cell><Data ss:Type="String">809</Data></Cell>
			<Cell><Data ss:Type="Number">0.47</Data></Cell>
			<Cell><Data ss:Type="Number">-10.48</Data></Cell>
			<Cell><Data ss:Type="Number">-0.02</Data></Cell>
			<Cell><Data ss:Type="Number">-9.56</Data></Cell>
			<Cell><Data ss:Type="Number">-0.04</Data></Cell>
			<Cell><Data ss:Type="Number">-0.87</Data></Cell>
			<Cell><Data ss:Type="Number">22.9</Data></Cell>
			<Cell><Data ss:Type="Number">39.1</Data></Cell>
			<Cell><Data ss:Type="Number">0</Data></Cell>
			<Cell><Data ss:Type="Number">0</Data></Cell>
			<Cell><Data ss:Type="String">2023-12-07 16:49:44.421261</Data></Cell>
		</Row>
		<Row>
			<Cell><Data ss:Type="String">808</Data></Cell>
			<Cell><Data ss:Type="Number">0.24</Data></Cell>
			<Cell><Data ss:Type="Number">-9.58</Data></Cell>
			<Cell><Data ss:Type="Number">0.15</Data></Cell>
			<Cell><Data ss:Type="Number">-9.43</Data></Cell>
			<Cell><Data ss:Type="Number">-0.06</Data></Cell>
			<Cell><Data ss:Type="Number">-0.92</Data></Cell>
			<Cell><Data ss:Type="Number">22.9</Data></Cell>
			<Cell><Data ss:Type="Number">39.1</Data></Cell>
			<Cell><Data ss:Type="Number">0</Data></Cell>
			<Cell><Data ss:Type="Number">0</Data></Cell>
			<Cell><Data ss:Type="String">2023-12-07 16:49:44.371847</Data></Cell>
		</Row>
		<Row>
			<Cell><Data ss:Type="String">807</Data></Cell>
			<Cell><Data ss:Type="Number">0.24</Data></Cell>
			<Cell><Data ss:Type="Number">-10.3</Data></Cell>
			<Cell><Data ss:Type="Number">0.41</Data></Cell>
			<Cell><Data ss:Type="Number">-9.55</Data></Cell>
			<Cell><Data ss:Type="Number">-0.09</Data></Cell>
			<Cell><Data ss:Type="Number">-0.89</Data></Cell>
			<Cell><Data ss:Type="Number">22.9</Data></Cell>
			<Cell><Data ss:Type="Number">39.1</Data></Cell>
			<Cell><Data ss:Type="Number">0</Data></Cell>
			<Cell><Data ss:Type="Number">0</Data></Cell>
			<Cell><Data ss:Type="String">2023-12-07 16:49:44.363909</Data></Cell>
		</Row>
		<Row>
			<Cell><Data ss:Type="String">806</Data></Cell>
			<Cell><Data ss:Type="Number">0.45</Data></Cell>
			<Cell><Data ss:Type="Number">-9.94</Data></Cell>
			<Cell><Data ss:Type="Number">0.43</Data></Cell>
			<Cell><Data ss:Type="Number">-9.5</Data></Cell>
			<Cell><Data ss:Type="Number">-0.08</Data></Cell>
			<Cell><Data ss:Type="Number">-0.92</Data></Cell>
			<Cell><Data ss:Type="Number">22.9</Data></Cell>
			<Cell><Data ss:Type="Number">39.1</Data></Cell>
			<Cell><Data ss:Type="Number">0</Data></Cell>
			<Cell><Data ss:Type="Number">0</Data></Cell>
			<Cell><Data ss:Type="String">2023-12-07 16:49:44.314191</Data></Cell>
		</Row>
		<Row>
			<Cell><Data ss:Type="String">805</Data></Cell>
			<Cell><Data ss:Type="Number">0.29</Data></Cell>
			<Cell><Data ss:Type="Number">-10.13</Data></Cell>
			<Cell><Data ss:Type="Number">-0.33</Data></Cell>
			<Cell><Data ss:Type="Number">-9.42</Data></Cell>
			<Cell><Data ss:Type="Number">-0.03</Data></Cell>
			<Cell><Data ss:Type="Number">-0.91</Data></Cell>
			<Cell><Data ss:Type="Number">22.9</Data></Cell>
			<Cell><Data ss:Type="Number">39.1</Data></Cell>
			<Cell><Data ss:Type="Number">0</Data></Cell>
			<Cell><Data ss:Type="Number">0</Data></Cell>
			<Cell><Data ss:Type="String">2023-12-07 16:49:44.312566</Data></Cell>
		</Row>
		<Row>
			<Cell><Data ss:Type="String">804</Data></Cell>
			<Cell><Data ss:Type="Number">0.28</Data></Cell>
			<Cell><Data ss:Type="Number">-9.48</Data></Cell>
			<Cell><Data ss:Type="Number">0.25</Data></Cell>
			<Cell><Data ss:Type="Number">-9.41</Data></Cell>
			<Cell><Data ss:Type="Number">-0.14</Data></Cell>
			<Cell><Data ss:Type="Number">-0.92</Data></Cell>
			<Cell><Data ss:Type="Number">22.9</Data></Cell>
			<Cell><Data ss:Type="Number">39.1</Data></Cell>
			<Cell><Data ss:Type="Number">0</Data></Cell>
			<Cell><Data ss:Type="Number">0</Data></Cell>
			<Cell><Data ss:Type="String">2023-12-07 16:49:44.310724</Data></Cell>
		</Row>
		<Row>
			<Cell><Data ss:Type="String">803</Data></Cell>
			<Cell><Data ss:Type="Number">0.61</Data></Cell>
			<Cell><Data ss:Type="Number">-9.66</Data></Cell>
			<Cell><Data ss:Type="Number">0.11</Data></Cell>
			<Cell><Data ss:Type="Number">-9.48</Data></Cell>
			<Cell><Data ss:Type="Number">-0.08</Data></Cell>
			<Cell><Data ss:Type="Number">-0.85</Data></Cell>
			<Cell><Data ss:Type="Number">22.9</Data></Cell>
			<Cell><Data ss:Type="Number">39.1</Data></Cell>
			<Cell><Data ss:Type="Number">0</Data></Cell>
			<Cell><Data ss:Type="Number">0</Data></Cell>
			<Cell><Data ss:Type="String">2023-12-07 16:49:44.308911</Data></Cell>
		</Row>
		<Row>
			<Cell><Data ss:Type="String">802</Data></Cell>
			<Cell><Data ss:Type="Number">0.6</Data></Cell>
			<Cell><Data ss:Type="Number">-10.45</Data></Cell>
			<Cell><Data ss:Type="Number">0.44</Data></Cell>
			<Cell><Data ss:Type="Number">-9.63</Data></Cell>
			<Cell><Data ss:Type="Number">-0.08</Data></Cell>
			<Cell><Data ss:Type="Number">-0.97</Data></Cell>
			<Cell><Data ss:Type="Number">22.9</Data></Cell>
			<Cell><Data ss:Type="Number">39.1</Data></Cell>
			<Cell><Data ss:Type="Number">0</Data></Cell>
			<Cell><Data ss:Type="Number">0</Data></Cell>
			<Cell><Data ss:Type="String">2023-12-07 16:49:44.161509</Data></Cell>
		</Row>
		<Row>
			<Cell><Data ss:Type="String">801</Data></Cell>
			<Cell><Data ss:Type="Number">0.29</Data></Cell>
			<Cell><Data ss:Type="Number">-10.05</Data></Cell>
			<Cell><Data ss:Type="Number">0.16</Data></Cell>
			<Cell><Data ss:Type="Number">-9.55</Data></Cell>
			<Cell><Data ss:Type="Number">-0.11</Data></Cell>
			<Cell><Data ss:Type="Number">-0.9</Data></Cell>
			<Cell><Data ss:Type="Number">22.9</Data></Cell>
			<Cell><Data ss:Type="Number">39.1</Data></Cell>
			<Cell><Data ss:Type="Number">0</Data></Cell>
			<Cell><Data ss:Type="Number">0</Data></Cell>
			<Cell><Data ss:Type="String">2023-12-07 16:49:44.159498</Data></Cell>
		</Row>
		<Row>
			<Cell><Data ss:Type="String">800</Data></Cell>
			<Cell><Data ss:Type="Number">-0.09</Data></Cell>
			<Cell><Data ss:Type="Number">-10.24</Data></Cell>
			<Cell><Data ss:Type="Number">0.25</Data></Cell>
			<Cell><Data ss:Type="Number">-9.56</Data></Cell>
			<Cell><Data ss:Type="Number">0.01</Data></Cell>
			<Cell><Data ss:Type="Number">-0.86</Data></Cell>
			<Cell><Data ss:Type="Number">22.9</Data></Cell>
			<Cell><Data ss:Type="Number">39.1</Data></Cell>
			<Cell><Data ss:Type="Number">0</Data></Cell>
			<Cell><Data ss:Type="Number">0</Data></Cell>
			<Cell><Data ss:Type="String">2023-12-07 16:49:44.113057</Data></Cell>
		</Row>
		<Row>
			<Cell><Data ss:Type="String">799</Data></Cell>
			<Cell><Data ss:Type="Number">-0.01</Data></Cell>
			<Cell><Data ss:Type="Number">-10.05</Data></Cell>
			<Cell><Data ss:Type="Number">0.07</Data></Cell>
			<Cell><Data ss:Type="Number">-9.44</Data></Cell>
			<Cell><Data ss:Type="Number">-0.02</Data></Cell>
			<Cell><Data ss:Type="Number">-0.91</Data></Cell>
			<Cell><Data ss:Type="Number">22.9</Data></Cell>
			<Cell><Data ss:Type="Number">39.1</Data></Cell>
			<Cell><Data ss:Type="Number">0</Data></Cell>
			<Cell><Data ss:Type="Number">0</Data></Cell>
			<Cell><Data ss:Type="String">2023-12-07 16:49:44.054766</Data></Cell>
		</Row>
		<Row>
			<Cell><Data ss:Type="String">798</Data></Cell>
			<Cell><Data ss:Type="Number">0.79</Data></Cell>
			<Cell><Data ss:Type="Number">-10.04</Data></Cell>
			<Cell><Data ss:Type="Number">0.36</Data></Cell>
			<Cell><Data ss:Type="Number">-9.39</Data></Cell>
			<Cell><Data ss:Type="Number">-0.11</Data></Cell>
			<Cell><Data ss:Type="Number">-0.92</Data></Cell>
			<Cell><Data ss:Type="Number">22.9</Data></Cell>
			<Cell><Data ss:Type="Number">39.1</Data></Cell>
			<Cell><Data ss:Type="Number">0</Data></Cell>
			<Cell><Data ss:Type="Number">0</Data></Cell>
			<Cell><Data ss:Type="String">2023-12-07 16:49:44.052410</Data></Cell>
		</Row>
		<Row>
			<Cell><Data ss:Type="String">797</Data></Cell>
			<Cell><Data ss:Type="Number">0.27</Data></Cell>
			<Cell><Data ss:Type="Number">-10.01</Data></Cell>
			<Cell><Data ss:Type="Number">-0.02</Data></Cell>
			<Cell><Data ss:Type="Number">-9.46</Data></Cell>
			<Cell><Data ss:Type="Number">-0.03</Data></Cell>
			<Cell><Data ss:Type="Number">-0.91</Data></Cell>
			<Cell><Data ss:Type="Number">22.9</Data></Cell>
			<Cell><Data ss:Type="Number">39.1</Data></Cell>
			<Cell><Data ss:Type="Number">0</Data></Cell>
			<Cell><Data ss:Type="Number">0</Data></Cell>
			<Cell><Data ss:Type="String">2023-12-07 16:49:44.004370</Data></Cell>
		</Row>
		<Row>
			<Cell><Data ss:Type="String">796</Data></Cell>
			<Cell><Data ss:Type="Number">0.12</Data></Cell>
			<Cell><Data ss:Type="Number">-9.22</Data></Cell>
			<Cell><Data ss:Type="Number">-0.05</Data></Cell>
			<Cell><Data ss:Type="Number">-9.33</Data></Cell>
			<Cell><Data ss:Type="Number">-0.04</Data></Cell>
			<Cell><Data ss:Type="Number">-0.95</Data></Cell>
			<Cell><Data ss:Type="Number">22.9</Data></Cell>
			<Cell><Data ss:Type="Number">39.1</Data></Cell>
			<Cell><Data ss:Type="Number">0</Data></Cell>
			<Cell><Data ss:Type="Number">0</Data></Cell>
			<Cell><Data ss:Type="String">2023-12-07 16:49:44.002181</Data></Cell>
		</Row>
		<Row>
			<Cell><Data ss:Type="String">795</Data></Cell>
			<Cell><Data ss:Type="Number">-0.01</Data></Cell>
			<Cell><Data ss:Type="Number">-9.51</Data></Cell>
			<Cell><Data ss:Type="Number">0.09</Data></Cell>
			<Cell><Data ss:Type="Number">-9.44</Data></Cell>
			<Cell><Data ss:Type="Number">-0.07</Data></Cell>
			<Cell><Data ss:Type="Number">-0.89</Data></Cell>
			<Cell><Data ss:Type="Number">22.9</Data></Cell>
			<Cell><Data ss:Type="Number">39.1</Data></Cell>
			<Cell><Data ss:Type="Number">0</Data></Cell>
			<Cell><Data ss:Type="Number">0</Data></Cell>
			<Cell><Data ss:Type="String">2023-12-07 16:49:43.931165</Data></Cell>
		</Row>
		<Row>
			<Cell><Data ss:Type="String">794</Data></Cell>
			<Cell><Data ss:Type="Number">-0.04</Data></Cell>
			<Cell><Data ss:Type="Number">-9.83</Data></Cell>
			<Cell><Data ss:Type="Number">0.22</Data></Cell>
			<Cell><Data ss:Type="Number">-9.43</Data></Cell>
			<Cell><Data ss:Type="Number">-0.09</Data></Cell>
			<Cell><Data ss:Type="Number">-0.94</Data></Cell>
			<Cell><Data ss:Type="Number">22.9</Data></Cell>
			<Cell><Data ss:Type="Number">39.1</Data></Cell>
			<Cell><Data ss:Type="Number">0</Data></Cell>
			<Cell><Data ss:Type="Number">0</Data></Cell>
			<Cell><Data ss:Type="String">2023-12-07 16:49:43.887543</Data></Cell>
		</Row>
		<Row>
			<Cell><Data ss:Type="String">793</Data></Cell>
			<Cell><Data ss:Type="Number">0.54</Data></Cell>
			<Cell><Data ss:Type="Number">-9.69</Data></Cell>
			<Cell><Data ss:Type="Number">0.58</Data></Cell>
			<Cell><Data ss:Type="Number">-9.53</Data></Cell>
			<Cell><Data ss:Type="Number">-0.1</Data></Cell>
			<Cell><Data ss:Type="Number">-0.93</Data></Cell>
			<Cell><Data ss:Type="Number">22.9</Data></Cell>
			<Cell><Data ss:Type="Number">39.1</Data></Cell>
			<Cell><Data ss:Type="Number">0</Data></Cell>
			<Cell><Data ss:Type="Number">0</Data></Cell>
			<Cell><Data ss:Type="String">2023-12-07 16:49:43.884858</Data></Cell>
		</Row>
		<Row>
			<Cell><Data ss:Type="String">792</Data></Cell>
			<Cell><Data ss:Type="Number">0.58</Data></Cell>
			<Cell><Data ss:Type="Number">-10.09</Data></Cell>
			<Cell><Data ss:Type="Number">0</Data></Cell>
			<Cell><Data ss:Type="Number">-9.49</Data></Cell>
			<Cell><Data ss:Type="Number">-0.01</Data></Cell>
			<Cell><Data ss:Type="Number">-0.89</Data></Cell>
			<Cell><Data ss:Type="Number">22.9</Data></Cell>
			<Cell><Data ss:Type="Number">39.1</Data></Cell>
			<Cell><Data ss:Type="Number">0</Data></Cell>
			<Cell><Data ss:Type="Number">0</Data></Cell>
			<Cell><Data ss:Type="String">2023-12-07 16:49:43.838785</Data></Cell>
		</Row>
		<Row>
			<Cell><Data ss:Type="String">791</Data></Cell>
			<Cell><Data ss:Type="Number">0.44</Data></Cell>
			<Cell><Data ss:Type="Number">-9.61</Data></Cell>
			<Cell><Data ss:Type="Number">-0.13</Data></Cell>
			<Cell><Data ss:Type="Number">-9.23</Data></Cell>
			<Cell><Data ss:Type="Number">-0.11</Data></Cell>
			<Cell><Data ss:Type="Number">-0.97</Data></Cell>
			<Cell><Data ss:Type="Number">22.9</Data></Cell>
			<Cell><Data ss:Type="Number">39.1</Data></Cell>
			<Cell><Data ss:Type="Number">0</Data></Cell>
			<Cell><Data ss:Type="Number">0</Data></Cell>
			<Cell><Data ss:Type="String">2023-12-07 16:49:43.797616</Data></Cell>
		</Row>
		<Row>
			<Cell><Data ss:Type="String">790</Data></Cell>
			<Cell><Data ss:Type="Number">0.23</Data></Cell>
			<Cell><Data ss:Type="Number">-9.76</Data></Cell>
			<Cell><Data ss:Type="Number">0.26</Data></Cell>
			<Cell><Data ss:Type="Number">-9.41</Data></Cell>
			<Cell><Data ss:Type="Number">-0.05</Data></Cell>
			<Cell><Data ss:Type="Number">-0.89</Data></Cell>
			<Cell><Data ss:Type="Number">22.9</Data></Cell>
			<Cell><Data ss:Type="Number">39.1</Data></Cell>
			<Cell><Data ss:Type="Number">0</Data></Cell>
			<Cell><Data ss:Type="Number">0</Data></Cell>
			<Cell><Data ss:Type="String">2023-12-07 16:49:43.795794</Data></Cell>
		</Row>
		<Row>
			<Cell><Data ss:Type="String">789</Data></Cell>
			<Cell><Data ss:Type="Number">0.52</Data></Cell>
			<Cell><Data ss:Type="Number">-10.64</Data></Cell>
			<Cell><Data ss:Type="Number">0.29</Data></Cell>
			<Cell><Data ss:Type="Number">-9.64</Data></Cell>
			<Cell><Data ss:Type="Number">-0.05</Data></Cell>
			<Cell><Data ss:Type="Number">-0.87</Data></Cell>
			<Cell><Data ss:Type="Number">22.9</Data></Cell>
			<Cell><Data ss:Type="Number">39.1</Data></Cell>
			<Cell><Data ss:Type="Number">0</Data></Cell>
			<Cell><Data ss:Type="Number">0</Data></Cell>
			<Cell><Data ss:Type="String">2023-12-07 16:49:43.745761</Data></Cell>
		</Row>
		<Row>
			<Cell><Data ss:Type="String">788</Data></Cell>
			<Cell><Data ss:Type="Number">0.18</Data></Cell>
			<Cell><Data ss:Type="Number">-10.2</Data></Cell>
			<Cell><Data ss:Type="Number">-0.08</Data></Cell>
			<Cell><Data ss:Type="Number">-9.55</Data></Cell>
			<Cell><Data ss:Type="Number">-0.06</Data></Cell>
			<Cell><Data ss:Type="Number">-0.95</Data></Cell>
			<Cell><Data ss:Type="Number">22.9</Data></Cell>
			<Cell><Data ss:Type="Number">39.1</Data></Cell>
			<Cell><Data ss:Type="Number">0</Data></Cell>
			<Cell><Data ss:Type="Number">0</Data></Cell>
			<Cell><Data ss:Type="String">2023-12-07 16:49:43.700470</Data></Cell>
		</Row>
		<Row>
			<Cell><Data ss:Type="String">787</Data></Cell>
			<Cell><Data ss:Type="Number">0.78</Data></Cell>
			<Cell><Data ss:Type="Number">-10.25</Data></Cell>
			<Cell><Data ss:Type="Number">0.49</Data></Cell>
			<Cell><Data ss:Type="Number">-9.44</Data></Cell>
			<Cell><Data ss:Type="Number">-0.12</Data></Cell>
			<Cell><Data ss:Type="Number">-0.85</Data></Cell>
			<Cell><Data ss:Type="Number">22.9</Data></Cell>
			<Cell><Data ss:Type="Number">39.1</Data></Cell>
			<Cell><Data ss:Type="Number">0</Data></Cell>
			<Cell><Data ss:Type="Number">0</Data></Cell>
			<Cell><Data ss:Type="String">2023-12-07 16:49:43.698674</Data></Cell>
		</Row>
		<Row>
			<Cell><Data ss:Type="String">786</Data></Cell>
			<Cell><Data ss:Type="Number">0.22</Data></Cell>
			<Cell><Data ss:Type="Number">-10.19</Data></Cell>
			<Cell><Data ss:Type="Number">0.22</Data></Cell>
			<Cell><Data ss:Type="Number">-9.49</Data></Cell>
			<Cell><Data ss:Type="Number">-0.14</Data></Cell>
			<Cell><Data ss:Type="Number">-0.98</Data></Cell>
			<Cell><Data ss:Type="Number">22.9</Data></Cell>
			<Cell><Data ss:Type="Number">39.1</Data></Cell>
			<Cell><Data ss:Type="Number">0</Data></Cell>
			<Cell><Data ss:Type="Number">0</Data></Cell>
			<Cell><Data ss:Type="String">2023-12-07 16:49:43.696864</Data></Cell>
		</Row>
		<Row>
			<Cell><Data ss:Type="String">785</Data></Cell>
			<Cell><Data ss:Type="Number">0.42</Data></Cell>
			<Cell><Data ss:Type="Number">-10.06</Data></Cell>
			<Cell><Data ss:Type="Number">0.22</Data></Cell>
			<Cell><Data ss:Type="Number">-9.43</Data></Cell>
			<Cell><Data ss:Type="Number">-0.07</Data></Cell>
			<Cell><Data ss:Type="Number">-0.89</Data></Cell>
			<Cell><Data ss:Type="Number">22.9</Data></Cell>
			<Cell><Data ss:Type="Number">39.1</Data></Cell>
			<Cell><Data ss:Type="Number">0</Data></Cell>
			<Cell><Data ss:Type="Number">0</Data></Cell>
			<Cell><Data ss:Type="String">2023-12-07 16:49:43.695146</Data></Cell>
		</Row>
		<Row>
			<Cell><Data ss:Type="String">784</Data></Cell>
			<Cell><Data ss:Type="Number">0.2</Data></Cell>
			<Cell><Data ss:Type="Number">-10.63</Data></Cell>
			<Cell><Data ss:Type="Number">0.04</Data></Cell>
			<Cell><Data ss:Type="Number">-9.59</Data></Cell>
			<Cell><Data ss:Type="Number">0.06</Data></Cell>
			<Cell><Data ss:Type="Number">-0.97</Data></Cell>
			<Cell><Data ss:Type="Number">22.9</Data></Cell>
			<Cell><Data ss:Type="Number">39.1</Data></Cell>
			<Cell><Data ss:Type="Number">0</Data></Cell>
			<Cell><Data ss:Type="Number">0</Data></Cell>
			<Cell><Data ss:Type="String">2023-12-07 16:49:43.563025</Data></Cell>
		</Row>
		<Row>
			<Cell><Data ss:Type="String">783</Data></Cell>
			<Cell><Data ss:Type="Number">1.04</Data></Cell>
			<Cell><Data ss:Type="Number">-10.38</Data></Cell>
			<Cell><Data ss:Type="Number">0.43</Data></Cell>
			<Cell><Data ss:Type="Number">-9.41</Data></Cell>
			<Cell><Data ss:Type="Number">-0.19</Data></Cell>
			<Cell><Data ss:Type="Number">-0.91</Data></Cell>
			<Cell><Data ss:Type="Number">22.9</Data></Cell>
			<Cell><Data ss:Type="Number">39.1</Data></Cell>
			<Cell><Data ss:Type="Number">0</Data></Cell>
			<Cell><Data ss:Type="Number">0</Data></Cell>
			<Cell><Data ss:Type="String">2023-12-07 16:49:43.519853</Data></Cell>
		</Row>
		<Row>
			<Cell><Data ss:Type="String">782</Data></Cell>
			<Cell><Data ss:Type="Number">0.53</Data></Cell>
			<Cell><Data ss:Type="Number">-10.04</Data></Cell>
			<Cell><Data ss:Type="Number">0.64</Data></Cell>
			<Cell><Data ss:Type="Number">-9.5</Data></Cell>
			<Cell><Data ss:Type="Number">-0.32</Data></Cell>
			<Cell><Data ss:Type="Number">-0.79</Data></Cell>
			<Cell><Data ss:Type="Number">22.9</Data></Cell>
			<Cell><Data ss:Type="Number">39.1</Data></Cell>
			<Cell><Data ss:Type="Number">0</Data></Cell>
			<Cell><Data ss:Type="Number">0</Data></Cell>
			<Cell><Data ss:Type="String">2023-12-07 16:49:43.517483</Data></Cell>
		</Row>
		<Row>
			<Cell><Data ss:Type="String">781</Data></Cell>
			<Cell><Data ss:Type="Number">0.93</Data></Cell>
			<Cell><Data ss:Type="Number">-10.11</Data></Cell>
			<Cell><Data ss:Type="Number">0.47</Data></Cell>
			<Cell><Data ss:Type="Number">-9.46</Data></Cell>
			<Cell><Data ss:Type="Number">-0.62</Data></Cell>
			<Cell><Data ss:Type="Number">-0.84</Data></Cell>
			<Cell><Data ss:Type="Number">22.9</Data></Cell>
			<Cell><Data ss:Type="Number">39.1</Data></Cell>
			<Cell><Data ss:Type="Number">0</Data></Cell>
			<Cell><Data ss:Type="Number">0</Data></Cell>
			<Cell><Data ss:Type="String">2023-12-07 16:49:43.471698</Data></Cell>
		</Row>
		<Row>
			<Cell><Data ss:Type="String">780</Data></Cell>
			<Cell><Data ss:Type="Number">-0.87</Data></Cell>
			<Cell><Data ss:Type="Number">-10.29</Data></Cell>
			<Cell><Data ss:Type="Number">-0.04</Data></Cell>
			<Cell><Data ss:Type="Number">-9.62</Data></Cell>
			<Cell><Data ss:Type="Number">-0.33</Data></Cell>
			<Cell><Data ss:Type="Number">-0.93</Data></Cell>
			<Cell><Data ss:Type="Number">22.9</Data></Cell>
			<Cell><Data ss:Type="Number">39.1</Data></Cell>
			<Cell><Data ss:Type="Number">0</Data></Cell>
			<Cell><Data ss:Type="Number">0</Data></Cell>
			<Cell><Data ss:Type="String">2023-12-07 16:49:43.425396</Data></Cell>
		</Row>
		<Row>
			<Cell><Data ss:Type="String">779</Data></Cell>
			<Cell><Data ss:Type="Number">-1.7</Data></Cell>
			<Cell><Data ss:Type="Number">-8.68</Data></Cell>
			<Cell><Data ss:Type="Number">-0.94</Data></Cell>
			<Cell><Data ss:Type="Number">-9.44</Data></Cell>
			<Cell><Data ss:Type="Number">1.12</Data></Cell>
			<Cell><Data ss:Type="Number">-0.89</Data></Cell>
			<Cell><Data ss:Type="Number">22.9</Data></Cell>
			<Cell><Data ss:Type="Number">39.1</Data></Cell>
			<Cell><Data ss:Type="Number">0</Data></Cell>
			<Cell><Data ss:Type="Number">0</Data></Cell>
			<Cell><Data ss:Type="String">2023-12-07 16:49:43.380931</Data></Cell>
		</Row>
		<Row>
			<Cell><Data ss:Type="String">778</Data></Cell>
			<Cell><Data ss:Type="Number">3.57</Data></Cell>
			<Cell><Data ss:Type="Number">-9.34</Data></Cell>
			<Cell><Data ss:Type="Number">0.6</Data></Cell>
			<Cell><Data ss:Type="Number">-9.58</Data></Cell>
			<Cell><Data ss:Type="Number">-1.33</Data></Cell>
			<Cell><Data ss:Type="Number">-0.97</Data></Cell>
			<Cell><Data ss:Type="Number">22.9</Data></Cell>
			<Cell><Data ss:Type="Number">39.1</Data></Cell>
			<Cell><Data ss:Type="Number">0</Data></Cell>
			<Cell><Data ss:Type="Number">0</Data></Cell>
			<Cell><Data ss:Type="String">2023-12-07 16:49:43.379069</Data></Cell>
		</Row>
		<Row>
			<Cell><Data ss:Type="String">777</Data></Cell>
			<Cell><Data ss:Type="Number">0.28</Data></Cell>
			<Cell><Data ss:Type="Number">-10.18</Data></Cell>
			<Cell><Data ss:Type="Number">0.21</Data></Cell>
			<Cell><Data ss:Type="Number">-9.54</Data></Cell>
			<Cell><Data ss:Type="Number">-0.06</Data></Cell>
			<Cell><Data ss:Type="Number">-0.9</Data></Cell>
			<Cell><Data ss:Type="Number">22.9</Data></Cell>
			<Cell><Data ss:Type="Number">39.1</Data></Cell>
			<Cell><Data ss:Type="Number">0</Data></Cell>
			<Cell><Data ss:Type="Number">0</Data></Cell>
			<Cell><Data ss:Type="String">2023-12-07 16:49:43.333817</Data></Cell>
		</Row>
		<Row>
			<Cell><Data ss:Type="String">776</Data></Cell>
			<Cell><Data ss:Type="Number">0.27</Data></Cell>
			<Cell><Data ss:Type="Number">-10.04</Data></Cell>
			<Cell><Data ss:Type="Number">0.12</Data></Cell>
			<Cell><Data ss:Type="Number">-9.47</Data></Cell>
			<Cell><Data ss:Type="Number">-0.06</Data></Cell>
			<Cell><Data ss:Type="Number">-0.91</Data></Cell>
			<Cell><Data ss:Type="Number">22.9</Data></Cell>
			<Cell><Data ss:Type="Number">39.1</Data></Cell>
			<Cell><Data ss:Type="Number">0</Data></Cell>
			<Cell><Data ss:Type="Number">0</Data></Cell>
			<Cell><Data ss:Type="String">2023-12-07 16:49:43.287962</Data></Cell>
		</Row>
		<Row>
			<Cell><Data ss:Type="String">775</Data></Cell>
			<Cell><Data ss:Type="Number">0.25</Data></Cell>
			<Cell><Data ss:Type="Number">-10.03</Data></Cell>
			<Cell><Data ss:Type="Number">0.12</Data></Cell>
			<Cell><Data ss:Type="Number">-9.43</Data></Cell>
			<Cell><Data ss:Type="Number">-0.06</Data></Cell>
			<Cell><Data ss:Type="Number">-0.92</Data></Cell>
			<Cell><Data ss:Type="Number">22.9</Data></Cell>
			<Cell><Data ss:Type="Number">39.1</Data></Cell>
			<Cell><Data ss:Type="Number">0</Data></Cell>
			<Cell><Data ss:Type="Number">0</Data></Cell>
			<Cell><Data ss:Type="String">2023-12-07 16:49:43.244272</Data></Cell>
		</Row>
		<Row>
			<Cell><Data ss:Type="String">774</Data></Cell>
			<Cell><Data ss:Type="Number">0.28</Data></Cell>
			<Cell><Data ss:Type="Number">-10.01</Data></Cell>
			<Cell><Data ss:Type="Number">0.22</Data></Cell>
			<Cell><Data ss:Type="Number">-9.48</Data></Cell>
			<Cell><Data ss:Type="Number">-0.1</Data></Cell>
			<Cell><Data ss:Type="Number">-0.95</Data></Cell>
			<Cell><Data ss:Type="Number">22.9</Data></Cell>
			<Cell><Data ss:Type="Number">39.1</Data></Cell>
			<Cell><Data ss:Type="Number">0</Data></Cell>
			<Cell><Data ss:Type="Number">0</Data></Cell>
			<Cell><Data ss:Type="String">2023-12-07 16:49:43.242143</Data></Cell>
		</Row>
		<Row>
			<Cell><Data ss:Type="String">773</Data></Cell>
			<Cell><Data ss:Type="Number">0.32</Data></Cell>
			<Cell><Data ss:Type="Number">-10.13</Data></Cell>
			<Cell><Data ss:Type="Number">0.19</Data></Cell>
			<Cell><Data ss:Type="Number">-9.53</Data></Cell>
			<Cell><Data ss:Type="Number">-0.08</Data></Cell>
			<Cell><Data ss:Type="Number">-0.92</Data></Cell>
			<Cell><Data ss:Type="Number">22.9</Data></Cell>
			<Cell><Data ss:Type="Number">39.1</Data></Cell>
			<Cell><Data ss:Type="Number">0</Data></Cell>
			<Cell><Data ss:Type="Number">0</Data></Cell>
			<Cell><Data ss:Type="String">2023-12-07 16:49:43.194635</Data></Cell>
		</Row>
		<Row>
			<Cell><Data ss:Type="String">772</Data></Cell>
			<Cell><Data ss:Type="Number">0.29</Data></Cell>
			<Cell><Data ss:Type="Number">-10.2</Data></Cell>
			<Cell><Data ss:Type="Number">0.21</Data></Cell>
			<Cell><Data ss:Type="Number">-9.49</Data></Cell>
			<Cell><Data ss:Type="Number">-0.08</Data></Cell>
			<Cell><Data ss:Type="Number">-0.91</Data></Cell>
			<Cell><Data ss:Type="Number">22.9</Data></Cell>
			<Cell><Data ss:Type="Number">39.1</Data></Cell>
			<Cell><Data ss:Type="Number">0</Data></Cell>
			<Cell><Data ss:Type="Number">0</Data></Cell>
			<Cell><Data ss:Type="String">2023-12-07 16:49:43.150335</Data></Cell>
		</Row>
		<Row>
			<Cell><Data ss:Type="String">771</Data></Cell>
			<Cell><Data ss:Type="Number">0.39</Data></Cell>
			<Cell><Data ss:Type="Number">-10.03</Data></Cell>
			<Cell><Data ss:Type="Number">0.18</Data></Cell>
			<Cell><Data ss:Type="Number">-9.43</Data></Cell>
			<Cell><Data ss:Type="Number">-0.07</Data></Cell>
			<Cell><Data ss:Type="Number">-0.9</Data></Cell>
			<Cell><Data ss:Type="Number">22.9</Data></Cell>
			<Cell><Data ss:Type="Number">39.1</Data></Cell>
			<Cell><Data ss:Type="Number">0</Data></Cell>
			<Cell><Data ss:Type="Number">0</Data></Cell>
			<Cell><Data ss:Type="String">2023-12-07 16:49:43.148578</Data></Cell>
		</Row>
		<Row>
			<Cell><Data ss:Type="String">770</Data></Cell>
			<Cell><Data ss:Type="Number">0.3</Data></Cell>
			<Cell><Data ss:Type="Number">-10.1</Data></Cell>
			<Cell><Data ss:Type="Number">0.21</Data></Cell>
			<Cell><Data ss:Type="Number">-9.48</Data></Cell>
			<Cell><Data ss:Type="Number">-0.09</Data></Cell>
			<Cell><Data ss:Type="Number">-0.96</Data></Cell>
			<Cell><Data ss:Type="Number">22.9</Data></Cell>
			<Cell><Data ss:Type="Number">39.1</Data></Cell>
			<Cell><Data ss:Type="Number">0</Data></Cell>
			<Cell><Data ss:Type="Number">0</Data></Cell>
			<Cell><Data ss:Type="String">2023-12-07 16:49:43.104871</Data></Cell>
		</Row>
		<Row>
			<Cell><Data ss:Type="String">769</Data></Cell>
			<Cell><Data ss:Type="Number">0.27</Data></Cell>
			<Cell><Data ss:Type="Number">-10.13</Data></Cell>
			<Cell><Data ss:Type="Number">0.14</Data></Cell>
			<Cell><Data ss:Type="Number">-9.5</Data></Cell>
			<Cell><Data ss:Type="Number">-0.08</Data></Cell>
			<Cell><Data ss:Type="Number">-0.92</Data></Cell>
			<Cell><Data ss:Type="Number">22.9</Data></Cell>
			<Cell><Data ss:Type="Number">39.1</Data></Cell>
			<Cell><Data ss:Type="Number">0</Data></Cell>
			<Cell><Data ss:Type="Number">0</Data></Cell>
			<Cell><Data ss:Type="String">2023-12-07 16:49:43.057036</Data></Cell>
		</Row>
		<Row>
			<Cell><Data ss:Type="String">768</Data></Cell>
			<Cell><Data ss:Type="Number">0.25</Data></Cell>
			<Cell><Data ss:Type="Number">-10.15</Data></Cell>
			<Cell><Data ss:Type="Number">0.16</Data></Cell>
			<Cell><Data ss:Type="Number">-9.54</Data></Cell>
			<Cell><Data ss:Type="Number">-0.07</Data></Cell>
			<Cell><Data ss:Type="Number">-0.9</Data></Cell>
			<Cell><Data ss:Type="Number">22.9</Data></Cell>
			<Cell><Data ss:Type="Number">39.1</Data></Cell>
			<Cell><Data ss:Type="Number">0</Data></Cell>
			<Cell><Data ss:Type="Number">0</Data></Cell>
			<Cell><Data ss:Type="String">2023-12-07 16:49:43.014387</Data></Cell>
		</Row>
		<Row>
			<Cell><Data ss:Type="String">767</Data></Cell>
			<Cell><Data ss:Type="Number">0.28</Data></Cell>
			<Cell><Data ss:Type="Number">-10.01</Data></Cell>
			<Cell><Data ss:Type="Number">0.17</Data></Cell>
			<Cell><Data ss:Type="Number">-9.47</Data></Cell>
			<Cell><Data ss:Type="Number">-0.07</Data></Cell>
			<Cell><Data ss:Type="Number">-0.95</Data></Cell>
			<Cell><Data ss:Type="Number">22.9</Data></Cell>
			<Cell><Data ss:Type="Number">39.1</Data></Cell>
			<Cell><Data ss:Type="Number">0</Data></Cell>
			<Cell><Data ss:Type="Number">0</Data></Cell>
			<Cell><Data ss:Type="String">2023-12-07 16:49:43.011799</Data></Cell>
		</Row>
		<Row>
			<Cell><Data ss:Type="String">766</Data></Cell>
			<Cell><Data ss:Type="Number">0.27</Data></Cell>
			<Cell><Data ss:Type="Number">-10.01</Data></Cell>
			<Cell><Data ss:Type="Number">0.13</Data></Cell>
			<Cell><Data ss:Type="Number">-9.44</Data></Cell>
			<Cell><Data ss:Type="Number">-0.08</Data></Cell>
			<Cell><Data ss:Type="Number">-0.92</Data></Cell>
			<Cell><Data ss:Type="Number">22.9</Data></Cell>
			<Cell><Data ss:Type="Number">39.1</Data></Cell>
			<Cell><Data ss:Type="Number">0</Data></Cell>
			<Cell><Data ss:Type="Number">0</Data></Cell>
			<Cell><Data ss:Type="String">2023-12-07 16:49:42.965239</Data></Cell>
		</Row>
		<Row>
			<Cell><Data ss:Type="String">765</Data></Cell>
			<Cell><Data ss:Type="Number">0.32</Data></Cell>
			<Cell><Data ss:Type="Number">-10.11</Data></Cell>
			<Cell><Data ss:Type="Number">0.14</Data></Cell>
			<Cell><Data ss:Type="Number">-9.5</Data></Cell>
			<Cell><Data ss:Type="Number">-0.09</Data></Cell>
			<Cell><Data ss:Type="Number">-0.94</Data></Cell>
			<Cell><Data ss:Type="Number">22.9</Data></Cell>
			<Cell><Data ss:Type="Number">39.1</Data></Cell>
			<Cell><Data ss:Type="Number">0</Data></Cell>
			<Cell><Data ss:Type="Number">0</Data></Cell>
			<Cell><Data ss:Type="String">2023-12-07 16:49:42.919182</Data></Cell>
		</Row>
		<Row>
			<Cell><Data ss:Type="String">764</Data></Cell>
			<Cell><Data ss:Type="Number">0.28</Data></Cell>
			<Cell><Data ss:Type="Number">-10.23</Data></Cell>
			<Cell><Data ss:Type="Number">0.1</Data></Cell>
			<Cell><Data ss:Type="Number">-9.51</Data></Cell>
			<Cell><Data ss:Type="Number">-0.07</Data></Cell>
			<Cell><Data ss:Type="Number">-0.9</Data></Cell>
			<Cell><Data ss:Type="Number">22.9</Data></Cell>
			<Cell><Data ss:Type="Number">39.1</Data></Cell>
			<Cell><Data ss:Type="Number">0</Data></Cell>
			<Cell><Data ss:Type="Number">0</Data></Cell>
			<Cell><Data ss:Type="String">2023-12-07 16:49:42.876057</Data></Cell>
		</Row>
		<Row>
			<Cell><Data ss:Type="String">763</Data></Cell>
			<Cell><Data ss:Type="Number">0.25</Data></Cell>
			<Cell><Data ss:Type="Number">-10.06</Data></Cell>
			<Cell><Data ss:Type="Number">0.17</Data></Cell>
			<Cell><Data ss:Type="Number">-9.49</Data></Cell>
			<Cell><Data ss:Type="Number">-0.07</Data></Cell>
			<Cell><Data ss:Type="Number">-0.94</Data></Cell>
			<Cell><Data ss:Type="Number">22.9</Data></Cell>
			<Cell><Data ss:Type="Number">39.1</Data></Cell>
			<Cell><Data ss:Type="Number">0</Data></Cell>
			<Cell><Data ss:Type="Number">0</Data></Cell>
			<Cell><Data ss:Type="String">2023-12-07 16:49:42.874314</Data></Cell>
		</Row>
		<Row>
			<Cell><Data ss:Type="String">762</Data></Cell>
			<Cell><Data ss:Type="Number">0.3</Data></Cell>
			<Cell><Data ss:Type="Number">-9.98</Data></Cell>
			<Cell><Data ss:Type="Number">0.13</Data></Cell>
			<Cell><Data ss:Type="Number">-9.42</Data></Cell>
			<Cell><Data ss:Type="Number">-0.07</Data></Cell>
			<Cell><Data ss:Type="Number">-0.92</Data></Cell>
			<Cell><Data ss:Type="Number">22.9</Data></Cell>
			<Cell><Data ss:Type="Number">39.1</Data></Cell>
			<Cell><Data ss:Type="Number">0</Data></Cell>
			<Cell><Data ss:Type="Number">0</Data></Cell>
			<Cell><Data ss:Type="String">2023-12-07 16:49:42.826982</Data></Cell>
		</Row>
		<Row>
			<Cell><Data ss:Type="String">761</Data></Cell>
			<Cell><Data ss:Type="Number">0.1</Data></Cell>
			<Cell><Data ss:Type="Number">-10.02</Data></Cell>
			<Cell><Data ss:Type="Number">0.23</Data></Cell>
			<Cell><Data ss:Type="Number">-9.46</Data></Cell>
			<Cell><Data ss:Type="Number">-0.06</Data></Cell>
			<Cell><Data ss:Type="Number">-0.95</Data></Cell>
			<Cell><Data ss:Type="Number">22.9</Data></Cell>
			<Cell><Data ss:Type="Number">39.1</Data></Cell>
			<Cell><Data ss:Type="Number">0</Data></Cell>
			<Cell><Data ss:Type="Number">0</Data></Cell>
			<Cell><Data ss:Type="String">2023-12-07 16:49:42.782937</Data></Cell>
		</Row>
		<Row>
			<Cell><Data ss:Type="String">760</Data></Cell>
			<Cell><Data ss:Type="Number">0.26</Data></Cell>
			<Cell><Data ss:Type="Number">-10.11</Data></Cell>
			<Cell><Data ss:Type="Number">0.18</Data></Cell>
			<Cell><Data ss:Type="Number">-9.51</Data></Cell>
			<Cell><Data ss:Type="Number">-0.08</Data></Cell>
			<Cell><Data ss:Type="Number">-0.94</Data></Cell>
			<Cell><Data ss:Type="Number">22.9</Data></Cell>
			<Cell><Data ss:Type="Number">39.1</Data></Cell>
			<Cell><Data ss:Type="Number">0</Data></Cell>
			<Cell><Data ss:Type="Number">0</Data></Cell>
			<Cell><Data ss:Type="String">2023-12-07 16:49:42.781275</Data></Cell>
		</Row>
		<Row>
			<Cell><Data ss:Type="String">759</Data></Cell>
			<Cell><Data ss:Type="Number">0.29</Data></Cell>
			<Cell><Data ss:Type="Number">-10.16</Data></Cell>
			<Cell><Data ss:Type="Number">0.14</Data></Cell>
			<Cell><Data ss:Type="Number">-9.52</Data></Cell>
			<Cell><Data ss:Type="Number">-0.06</Data></Cell>
			<Cell><Data ss:Type="Number">-0.91</Data></Cell>
			<Cell><Data ss:Type="Number">22.9</Data></Cell>
			<Cell><Data ss:Type="Number">39.1</Data></Cell>
			<Cell><Data ss:Type="Number">0</Data></Cell>
			<Cell><Data ss:Type="Number">0</Data></Cell>
			<Cell><Data ss:Type="String">2023-12-07 16:49:42.779596</Data></Cell>
		</Row>
		<Row>
			<Cell><Data ss:Type="String">758</Data></Cell>
			<Cell><Data ss:Type="Number">0.29</Data></Cell>
			<Cell><Data ss:Type="Number">-10.17</Data></Cell>
			<Cell><Data ss:Type="Number">0.2</Data></Cell>
			<Cell><Data ss:Type="Number">-9.5</Data></Cell>
			<Cell><Data ss:Type="Number">-0.07</Data></Cell>
			<Cell><Data ss:Type="Number">-0.88</Data></Cell>
			<Cell><Data ss:Type="Number">22.9</Data></Cell>
			<Cell><Data ss:Type="Number">39.1</Data></Cell>
			<Cell><Data ss:Type="Number">0</Data></Cell>
			<Cell><Data ss:Type="Number">0</Data></Cell>
			<Cell><Data ss:Type="String">2023-12-07 16:49:42.777887</Data></Cell>
		</Row>
		<Row>
			<Cell><Data ss:Type="String">757</Data></Cell>
			<Cell><Data ss:Type="Number">0.26</Data></Cell>
			<Cell><Data ss:Type="Number">-9.96</Data></Cell>
			<Cell><Data ss:Type="Number">0.13</Data></Cell>
			<Cell><Data ss:Type="Number">-9.42</Data></Cell>
			<Cell><Data ss:Type="Number">-0.04</Data></Cell>
			<Cell><Data ss:Type="Number">-0.95</Data></Cell>
			<Cell><Data ss:Type="Number">22.9</Data></Cell>
			<Cell><Data ss:Type="Number">39.1</Data></Cell>
			<Cell><Data ss:Type="Number">0</Data></Cell>
			<Cell><Data ss:Type="Number">0</Data></Cell>
			<Cell><Data ss:Type="String">2023-12-07 16:49:42.775979</Data></Cell>
		</Row>
		<Row>
			<Cell><Data ss:Type="String">756</Data></Cell>
			<Cell><Data ss:Type="Number">0.25</Data></Cell>
			<Cell><Data ss:Type="Number">-9.99</Data></Cell>
			<Cell><Data ss:Type="Number">0.06</Data></Cell>
			<Cell><Data ss:Type="Number">-9.47</Data></Cell>
			<Cell><Data ss:Type="Number">-0.08</Data></Cell>
			<Cell><Data ss:Type="Number">-0.96</Data></Cell>
			<Cell><Data ss:Type="Number">22.9</Data></Cell>
			<Cell><Data ss:Type="Number">39.1</Data></Cell>
			<Cell><Data ss:Type="Number">0</Data></Cell>
			<Cell><Data ss:Type="Number">0</Data></Cell>
			<Cell><Data ss:Type="String">2023-12-07 16:49:42.645671</Data></Cell>
		</Row>
		<Row>
			<Cell><Data ss:Type="String">755</Data></Cell>
			<Cell><Data ss:Type="Number">0.5</Data></Cell>
			<Cell><Data ss:Type="Number">-10</Data></Cell>
			<Cell><Data ss:Type="Number">0.22</Data></Cell>
			<Cell><Data ss:Type="Number">-9.52</Data></Cell>
			<Cell><Data ss:Type="Number">-0.1</Data></Cell>
			<Cell><Data ss:Type="Number">-0.95</Data></Cell>
			<Cell><Data ss:Type="Number">22.9</Data></Cell>
			<Cell><Data ss:Type="Number">39.1</Data></Cell>
			<Cell><Data ss:Type="Number">0</Data></Cell>
			<Cell><Data ss:Type="Number">0</Data></Cell>
			<Cell><Data ss:Type="String">2023-12-07 16:49:42.643895</Data></Cell>
		</Row>
		<Row>
			<Cell><Data ss:Type="String">754</Data></Cell>
			<Cell><Data ss:Type="Number">0.26</Data></Cell>
			<Cell><Data ss:Type="Number">-10.17</Data></Cell>
			<Cell><Data ss:Type="Number">0.16</Data></Cell>
			<Cell><Data ss:Type="Number">-9.53</Data></Cell>
			<Cell><Data ss:Type="Number">-0.06</Data></Cell>
			<Cell><Data ss:Type="Number">-0.91</Data></Cell>
			<Cell><Data ss:Type="Number">22.9</Data></Cell>
			<Cell><Data ss:Type="Number">39.1</Data></Cell>
			<Cell><Data ss:Type="Number">0</Data></Cell>
			<Cell><Data ss:Type="Number">0</Data></Cell>
			<Cell><Data ss:Type="String">2023-12-07 16:49:42.642009</Data></Cell>
		</Row>
		<Row>
			<Cell><Data ss:Type="String">753</Data></Cell>
			<Cell><Data ss:Type="Number">0.28</Data></Cell>
			<Cell><Data ss:Type="Number">-10.13</Data></Cell>
			<Cell><Data ss:Type="Number">0.18</Data></Cell>
			<Cell><Data ss:Type="Number">-9.52</Data></Cell>
			<Cell><Data ss:Type="Number">-0.07</Data></Cell>
			<Cell><Data ss:Type="Number">-0.9</Data></Cell>
			<Cell><Data ss:Type="Number">22.9</Data></Cell>
			<Cell><Data ss:Type="Number">39.1</Data></Cell>
			<Cell><Data ss:Type="Number">0</Data></Cell>
			<Cell><Data ss:Type="Number">0</Data></Cell>
			<Cell><Data ss:Type="String">2023-12-07 16:49:42.639488</Data></Cell>
		</Row>
		<Row>
			<Cell><Data ss:Type="String">752</Data></Cell>
			<Cell><Data ss:Type="Number">0.23</Data></Cell>
			<Cell><Data ss:Type="Number">-10.08</Data></Cell>
			<Cell><Data ss:Type="Number">0.17</Data></Cell>
			<Cell><Data ss:Type="Number">-9.45</Data></Cell>
			<Cell><Data ss:Type="Number">-0.07</Data></Cell>
			<Cell><Data ss:Type="Number">-0.91</Data></Cell>
			<Cell><Data ss:Type="Number">22.9</Data></Cell>
			<Cell><Data ss:Type="Number">39.1</Data></Cell>
			<Cell><Data ss:Type="Number">0</Data></Cell>
			<Cell><Data ss:Type="Number">0</Data></Cell>
			<Cell><Data ss:Type="String">2023-12-07 16:49:42.637015</Data></Cell>
		</Row>
		<Row>
			<Cell><Data ss:Type="String">751</Data></Cell>
			<Cell><Data ss:Type="Number">0.28</Data></Cell>
			<Cell><Data ss:Type="Number">-10.05</Data></Cell>
			<Cell><Data ss:Type="Number">0.15</Data></Cell>
			<Cell><Data ss:Type="Number">-9.46</Data></Cell>
			<Cell><Data ss:Type="Number">-0.08</Data></Cell>
			<Cell><Data ss:Type="Number">-0.96</Data></Cell>
			<Cell><Data ss:Type="Number">22.9</Data></Cell>
			<Cell><Data ss:Type="Number">39.1</Data></Cell>
			<Cell><Data ss:Type="Number">0</Data></Cell>
			<Cell><Data ss:Type="Number">0</Data></Cell>
			<Cell><Data ss:Type="String">2023-12-07 16:49:42.634340</Data></Cell>
		</Row>
		<Row>
			<Cell><Data ss:Type="String">750</Data></Cell>
			<Cell><Data ss:Type="Number">0.28</Data></Cell>
			<Cell><Data ss:Type="Number">-10.09</Data></Cell>
			<Cell><Data ss:Type="Number">0.13</Data></Cell>
			<Cell><Data ss:Type="Number">-9.5</Data></Cell>
			<Cell><Data ss:Type="Number">-0.09</Data></Cell>
			<Cell><Data ss:Type="Number">-0.9</Data></Cell>
			<Cell><Data ss:Type="Number">22.9</Data></Cell>
			<Cell><Data ss:Type="Number">39.1</Data></Cell>
			<Cell><Data ss:Type="Number">0</Data></Cell>
			<Cell><Data ss:Type="Number">0</Data></Cell>
			<Cell><Data ss:Type="String">2023-12-07 16:49:42.632408</Data></Cell>
		</Row>
		<Row>
			<Cell><Data ss:Type="String">749</Data></Cell>
			<Cell><Data ss:Type="Number">0.26</Data></Cell>
			<Cell><Data ss:Type="Number">-10.17</Data></Cell>
			<Cell><Data ss:Type="Number">0.2</Data></Cell>
			<Cell><Data ss:Type="Number">-9.52</Data></Cell>
			<Cell><Data ss:Type="Number">-0.06</Data></Cell>
			<Cell><Data ss:Type="Number">-0.91</Data></Cell>
			<Cell><Data ss:Type="Number">22.9</Data></Cell>
			<Cell><Data ss:Type="Number">39.1</Data></Cell>
			<Cell><Data ss:Type="Number">0</Data></Cell>
			<Cell><Data ss:Type="Number">0</Data></Cell>
			<Cell><Data ss:Type="String">2023-12-07 16:49:42.400953</Data></Cell>
		</Row>
		<Row>
			<Cell><Data ss:Type="String">748</Data></Cell>
			<Cell><Data ss:Type="Number">0.25</Data></Cell>
			<Cell><Data ss:Type="Number">-10.14</Data></Cell>
			<Cell><Data ss:Type="Number">0.17</Data></Cell>
			<Cell><Data ss:Type="Number">-9.5</Data></Cell>
			<Cell><Data ss:Type="Number">-0.08</Data></Cell>
			<Cell><Data ss:Type="Number">-0.95</Data></Cell>
			<Cell><Data ss:Type="Number">22.9</Data></Cell>
			<Cell><Data ss:Type="Number">39.1</Data></Cell>
			<Cell><Data ss:Type="Number">0</Data></Cell>
			<Cell><Data ss:Type="Number">0</Data></Cell>
			<Cell><Data ss:Type="String">2023-12-07 16:49:42.397508</Data></Cell>
		</Row>
		<Row>
			<Cell><Data ss:Type="String">747</Data></Cell>
			<Cell><Data ss:Type="Number">0.24</Data></Cell>
			<Cell><Data ss:Type="Number">-10.02</Data></Cell>
			<Cell><Data ss:Type="Number">0.13</Data></Cell>
			<Cell><Data ss:Type="Number">-9.41</Data></Cell>
			<Cell><Data ss:Type="Number">-0.03</Data></Cell>
			<Cell><Data ss:Type="Number">-0.88</Data></Cell>
			<Cell><Data ss:Type="Number">22.9</Data></Cell>
			<Cell><Data ss:Type="Number">39.1</Data></Cell>
			<Cell><Data ss:Type="Number">0</Data></Cell>
			<Cell><Data ss:Type="Number">0</Data></Cell>
			<Cell><Data ss:Type="String">2023-12-07 16:49:42.395340</Data></Cell>
		</Row>
		<Row>
			<Cell><Data ss:Type="String">746</Data></Cell>
			<Cell><Data ss:Type="Number">0.31</Data></Cell>
			<Cell><Data ss:Type="Number">-9.99</Data></Cell>
			<Cell><Data ss:Type="Number">0.09</Data></Cell>
			<Cell><Data ss:Type="Number">-9.46</Data></Cell>
			<Cell><Data ss:Type="Number">-0.1</Data></Cell>
			<Cell><Data ss:Type="Number">-0.95</Data></Cell>
			<Cell><Data ss:Type="Number">22.9</Data></Cell>
			<Cell><Data ss:Type="Number">39.1</Data></Cell>
			<Cell><Data ss:Type="Number">0</Data></Cell>
			<Cell><Data ss:Type="Number">0</Data></Cell>
			<Cell><Data ss:Type="String">2023-12-07 16:49:42.392822</Data></Cell>
		</Row>
		<Row>
			<Cell><Data ss:Type="String">745</Data></Cell>
			<Cell><Data ss:Type="Number">0.16</Data></Cell>
			<Cell><Data ss:Type="Number">-9.95</Data></Cell>
			<Cell><Data ss:Type="Number">0.12</Data></Cell>
			<Cell><Data ss:Type="Number">-9.44</Data></Cell>
			<Cell><Data ss:Type="Number">-0.07</Data></Cell>
			<Cell><Data ss:Type="Number">-0.92</Data></Cell>
			<Cell><Data ss:Type="Number">22.9</Data></Cell>
			<Cell><Data ss:Type="Number">39.1</Data></Cell>
			<Cell><Data ss:Type="Number">0</Data></Cell>
			<Cell><Data ss:Type="Number">0</Data></Cell>
			<Cell><Data ss:Type="String">2023-12-07 16:49:42.390910</Data></Cell>
		</Row>
		<Row>
			<Cell><Data ss:Type="String">744</Data></Cell>
			<Cell><Data ss:Type="Number">0.2</Data></Cell>
			<Cell><Data ss:Type="Number">-10.12</Data></Cell>
			<Cell><Data ss:Type="Number">0.09</Data></Cell>
			<Cell><Data ss:Type="Number">-9.53</Data></Cell>
			<Cell><Data ss:Type="Number">-0.05</Data></Cell>
			<Cell><Data ss:Type="Number">-0.94</Data></Cell>
			<Cell><Data ss:Type="Number">22.9</Data></Cell>
			<Cell><Data ss:Type="Number">39.1</Data></Cell>
			<Cell><Data ss:Type="Number">0</Data></Cell>
			<Cell><Data ss:Type="Number">0</Data></Cell>
			<Cell><Data ss:Type="String">2023-12-07 16:49:42.388185</Data></Cell>
		</Row>
		<Row>
			<Cell><Data ss:Type="String">743</Data></Cell>
			<Cell><Data ss:Type="Number">0.49</Data></Cell>
			<Cell><Data ss:Type="Number">-10.18</Data></Cell>
			<Cell><Data ss:Type="Number">0.22</Data></Cell>
			<Cell><Data ss:Type="Number">-9.54</Data></Cell>
			<Cell><Data ss:Type="Number">-0.05</Data></Cell>
			<Cell><Data ss:Type="Number">-0.91</Data></Cell>
			<Cell><Data ss:Type="Number">22.9</Data></Cell>
			<Cell><Data ss:Type="Number">39.1</Data></Cell>
			<Cell><Data ss:Type="Number">0</Data></Cell>
			<Cell><Data ss:Type="Number">0</Data></Cell>
			<Cell><Data ss:Type="String">2023-12-07 16:49:42.385258</Data></Cell>
		</Row>
		<Row>
			<Cell><Data ss:Type="String">742</Data></Cell>
			<Cell><Data ss:Type="Number">-0.03</Data></Cell>
			<Cell><Data ss:Type="Number">-10.02</Data></Cell>
			<Cell><Data ss:Type="Number">0.12</Data></Cell>
			<Cell><Data ss:Type="Number">-9.41</Data></Cell>
			<Cell><Data ss:Type="Number">-0.17</Data></Cell>
			<Cell><Data ss:Type="Number">-0.88</Data></Cell>
			<Cell><Data ss:Type="Number">22.9</Data></Cell>
			<Cell><Data ss:Type="Number">39.1</Data></Cell>
			<Cell><Data ss:Type="Number">0</Data></Cell>
			<Cell><Data ss:Type="Number">0</Data></Cell>
			<Cell><Data ss:Type="String">2023-12-07 16:49:42.343396</Data></Cell>
		</Row>
		<Row>
			<Cell><Data ss:Type="String">741</Data></Cell>
			<Cell><Data ss:Type="Number">0.25</Data></Cell>
			<Cell><Data ss:Type="Number">-10.02</Data></Cell>
			<Cell><Data ss:Type="Number">0.03</Data></Cell>
			<Cell><Data ss:Type="Number">-9.46</Data></Cell>
			<Cell><Data ss:Type="Number">-0.07</Data></Cell>
			<Cell><Data ss:Type="Number">-0.97</Data></Cell>
			<Cell><Data ss:Type="Number">22.9</Data></Cell>
			<Cell><Data ss:Type="Number">39.1</Data></Cell>
			<Cell><Data ss:Type="Number">0</Data></Cell>
			<Cell><Data ss:Type="Number">0</Data></Cell>
			<Cell><Data ss:Type="String">2023-12-07 16:49:42.108252</Data></Cell>
		</Row>
		<Row>
			<Cell><Data ss:Type="String">740</Data></Cell>
			<Cell><Data ss:Type="Number">-0.05</Data></Cell>
			<Cell><Data ss:Type="Number">-10.03</Data></Cell>
			<Cell><Data ss:Type="Number">-0.12</Data></Cell>
			<Cell><Data ss:Type="Number">-9.47</Data></Cell>
			<Cell><Data ss:Type="Number">0.17</Data></Cell>
			<Cell><Data ss:Type="Number">-0.92</Data></Cell>
			<Cell><Data ss:Type="Number">22.9</Data></Cell>
			<Cell><Data ss:Type="Number">39.1</Data></Cell>
			<Cell><Data ss:Type="Number">0</Data></Cell>
			<Cell><Data ss:Type="Number">0</Data></Cell>
			<Cell><Data ss:Type="String">2023-12-07 16:49:42.106521</Data></Cell>
		</Row>
		<Row>
			<Cell><Data ss:Type="String">739</Data></Cell>
			<Cell><Data ss:Type="Number">0.52</Data></Cell>
			<Cell><Data ss:Type="Number">-10.12</Data></Cell>
			<Cell><Data ss:Type="Number">0.17</Data></Cell>
			<Cell><Data ss:Type="Number">-9.5</Data></Cell>
			<Cell><Data ss:Type="Number">-0.05</Data></Cell>
			<Cell><Data ss:Type="Number">-0.93</Data></Cell>
			<Cell><Data ss:Type="Number">22.9</Data></Cell>
			<Cell><Data ss:Type="Number">39.1</Data></Cell>
			<Cell><Data ss:Type="Number">0</Data></Cell>
			<Cell><Data ss:Type="Number">0</Data></Cell>
			<Cell><Data ss:Type="String">2023-12-07 16:49:42.059853</Data></Cell>
		</Row>
		<Row>
			<Cell><Data ss:Type="String">738</Data></Cell>
			<Cell><Data ss:Type="Number">1.02</Data></Cell>
			<Cell><Data ss:Type="Number">-10.08</Data></Cell>
			<Cell><Data ss:Type="Number">0.56</Data></Cell>
			<Cell><Data ss:Type="Number">-9.48</Data></Cell>
			<Cell><Data ss:Type="Number">-0.6</Data></Cell>
			<Cell><Data ss:Type="Number">-0.88</Data></Cell>
			<Cell><Data ss:Type="Number">22.9</Data></Cell>
			<Cell><Data ss:Type="Number">39.1</Data></Cell>
			<Cell><Data ss:Type="Number">0</Data></Cell>
			<Cell><Data ss:Type="Number">0</Data></Cell>
			<Cell><Data ss:Type="String">2023-12-07 16:49:42.006171</Data></Cell>
		</Row>
		<Row>
			<Cell><Data ss:Type="String">737</Data></Cell>
			<Cell><Data ss:Type="Number">-0.27</Data></Cell>
			<Cell><Data ss:Type="Number">-10.07</Data></Cell>
			<Cell><Data ss:Type="Number">-0.02</Data></Cell>
			<Cell><Data ss:Type="Number">-9.37</Data></Cell>
			<Cell><Data ss:Type="Number">-0.05</Data></Cell>
			<Cell><Data ss:Type="Number">-0.84</Data></Cell>
			<Cell><Data ss:Type="Number">22.9</Data></Cell>
			<Cell><Data ss:Type="Number">39.1</Data></Cell>
			<Cell><Data ss:Type="Number">0</Data></Cell>
			<Cell><Data ss:Type="Number">0</Data></Cell>
			<Cell><Data ss:Type="String">2023-12-07 16:49:42.002336</Data></Cell>
		</Row>
		<Row>
			<Cell><Data ss:Type="String">736</Data></Cell>
			<Cell><Data ss:Type="Number">-1.57</Data></Cell>
			<Cell><Data ss:Type="Number">-10.09</Data></Cell>
			<Cell><Data ss:Type="Number">-0.72</Data></Cell>
			<Cell><Data ss:Type="Number">-9.6</Data></Cell>
			<Cell><Data ss:Type="Number">0.91</Data></Cell>
			<Cell><Data ss:Type="Number">-1.26</Data></Cell>
			<Cell><Data ss:Type="Number">22.9</Data></Cell>
			<Cell><Data ss:Type="Number">39.1</Data></Cell>
			<Cell><Data ss:Type="Number">0</Data></Cell>
			<Cell><Data ss:Type="Number">0</Data></Cell>
			<Cell><Data ss:Type="String">2023-12-07 16:49:41.955357</Data></Cell>
		</Row>
		<Row>
			<Cell><Data ss:Type="String">735</Data></Cell>
			<Cell><Data ss:Type="Number">2.47</Data></Cell>
			<Cell><Data ss:Type="Number">-9.9</Data></Cell>
			<Cell><Data ss:Type="Number">1.38</Data></Cell>
			<Cell><Data ss:Type="Number">-9.34</Data></Cell>
			<Cell><Data ss:Type="Number">-1.14</Data></Cell>
			<Cell><Data ss:Type="Number">-0.57</Data></Cell>
			<Cell><Data ss:Type="Number">22.9</Data></Cell>
			<Cell><Data ss:Type="Number">39.1</Data></Cell>
			<Cell><Data ss:Type="Number">0</Data></Cell>
			<Cell><Data ss:Type="Number">0</Data></Cell>
			<Cell><Data ss:Type="String">2023-12-07 16:49:41.914814</Data></Cell>
		</Row>
		<Row>
			<Cell><Data ss:Type="String">734</Data></Cell>
			<Cell><Data ss:Type="Number">-2.31</Data></Cell>
			<Cell><Data ss:Type="Number">-4.28</Data></Cell>
			<Cell><Data ss:Type="Number">1.89</Data></Cell>
			<Cell><Data ss:Type="Number">-12.59</Data></Cell>
			<Cell><Data ss:Type="Number">-0.45</Data></Cell>
			<Cell><Data ss:Type="Number">-0.29</Data></Cell>
			<Cell><Data ss:Type="Number">22.9</Data></Cell>
			<Cell><Data ss:Type="Number">39.1</Data></Cell>
			<Cell><Data ss:Type="Number">0</Data></Cell>
			<Cell><Data ss:Type="Number">0</Data></Cell>
			<Cell><Data ss:Type="String">2023-12-07 16:49:41.913055</Data></Cell>
		</Row>
		<Row>
			<Cell><Data ss:Type="String">733</Data></Cell>
			<Cell><Data ss:Type="Number">0.34</Data></Cell>
			<Cell><Data ss:Type="Number">-9.84</Data></Cell>
			<Cell><Data ss:Type="Number">0.08</Data></Cell>
			<Cell><Data ss:Type="Number">-9.31</Data></Cell>
			<Cell><Data ss:Type="Number">-0.04</Data></Cell>
			<Cell><Data ss:Type="Number">-0.91</Data></Cell>
			<Cell><Data ss:Type="Number">22.9</Data></Cell>
			<Cell><Data ss:Type="Number">39.1</Data></Cell>
			<Cell><Data ss:Type="Number">0</Data></Cell>
			<Cell><Data ss:Type="Number">0</Data></Cell>
			<Cell><Data ss:Type="String">2023-12-07 16:49:41.863285</Data></Cell>
		</Row>
		<Row>
			<Cell><Data ss:Type="String">732</Data></Cell>
			<Cell><Data ss:Type="Number">-0.17</Data></Cell>
			<Cell><Data ss:Type="Number">-10.07</Data></Cell>
			<Cell><Data ss:Type="Number">-0.18</Data></Cell>
			<Cell><Data ss:Type="Number">-9.46</Data></Cell>
			<Cell><Data ss:Type="Number">-0.09</Data></Cell>
			<Cell><Data ss:Type="Number">-0.91</Data></Cell>
			<Cell><Data ss:Type="Number">22.9</Data></Cell>
			<Cell><Data ss:Type="Number">39.1</Data></Cell>
			<Cell><Data ss:Type="Number">0</Data></Cell>
			<Cell><Data ss:Type="Number">0</Data></Cell>
			<Cell><Data ss:Type="String">2023-12-07 16:49:41.809000</Data></Cell>
		</Row>
		<Row>
			<Cell><Data ss:Type="String">731</Data></Cell>
			<Cell><Data ss:Type="Number">-0.22</Data></Cell>
			<Cell><Data ss:Type="Number">-9.39</Data></Cell>
			<Cell><Data ss:Type="Number">-0.07</Data></Cell>
			<Cell><Data ss:Type="Number">-9.51</Data></Cell>
			<Cell><Data ss:Type="Number">-0.09</Data></Cell>
			<Cell><Data ss:Type="Number">-0.85</Data></Cell>
			<Cell><Data ss:Type="Number">22.9</Data></Cell>
			<Cell><Data ss:Type="Number">39.1</Data></Cell>
			<Cell><Data ss:Type="Number">0</Data></Cell>
			<Cell><Data ss:Type="Number">0</Data></Cell>
			<Cell><Data ss:Type="String">2023-12-07 16:49:41.807146</Data></Cell>
		</Row>
		<Row>
			<Cell><Data ss:Type="String">730</Data></Cell>
			<Cell><Data ss:Type="Number">0.06</Data></Cell>
			<Cell><Data ss:Type="Number">-9.6</Data></Cell>
			<Cell><Data ss:Type="Number">0.56</Data></Cell>
			<Cell><Data ss:Type="Number">-9.59</Data></Cell>
			<Cell><Data ss:Type="Number">-0.03</Data></Cell>
			<Cell><Data ss:Type="Number">-0.85</Data></Cell>
			<Cell><Data ss:Type="Number">22.9</Data></Cell>
			<Cell><Data ss:Type="Number">39.1</Data></Cell>
			<Cell><Data ss:Type="Number">0</Data></Cell>
			<Cell><Data ss:Type="Number">0</Data></Cell>
			<Cell><Data ss:Type="String">2023-12-07 16:49:41.805220</Data></Cell>
		</Row>
		<Row>
			<Cell><Data ss:Type="String">729</Data></Cell>
			<Cell><Data ss:Type="Number">0.14</Data></Cell>
			<Cell><Data ss:Type="Number">-9.49</Data></Cell>
			<Cell><Data ss:Type="Number">0.36</Data></Cell>
			<Cell><Data ss:Type="Number">-9.46</Data></Cell>
			<Cell><Data ss:Type="Number">-0</Data></Cell>
			<Cell><Data ss:Type="Number">-0.94</Data></Cell>
			<Cell><Data ss:Type="Number">22.9</Data></Cell>
			<Cell><Data ss:Type="Number">39.1</Data></Cell>
			<Cell><Data ss:Type="Number">0</Data></Cell>
			<Cell><Data ss:Type="Number">0</Data></Cell>
			<Cell><Data ss:Type="String">2023-12-07 16:49:41.803124</Data></Cell>
		</Row>
		<Row>
			<Cell><Data ss:Type="String">728</Data></Cell>
			<Cell><Data ss:Type="Number">0.17</Data></Cell>
			<Cell><Data ss:Type="Number">-10.01</Data></Cell>
			<Cell><Data ss:Type="Number">-0.08</Data></Cell>
			<Cell><Data ss:Type="Number">-9.46</Data></Cell>
			<Cell><Data ss:Type="Number">-0.09</Data></Cell>
			<Cell><Data ss:Type="Number">-0.94</Data></Cell>
			<Cell><Data ss:Type="Number">22.9</Data></Cell>
			<Cell><Data ss:Type="Number">39.1</Data></Cell>
			<Cell><Data ss:Type="Number">0</Data></Cell>
			<Cell><Data ss:Type="Number">0</Data></Cell>
			<Cell><Data ss:Type="String">2023-12-07 16:49:41.800958</Data></Cell>
		</Row>
		<Row>
			<Cell><Data ss:Type="String">727</Data></Cell>
			<Cell><Data ss:Type="Number">-0.07</Data></Cell>
			<Cell><Data ss:Type="Number">-10.17</Data></Cell>
			<Cell><Data ss:Type="Number">0.46</Data></Cell>
			<Cell><Data ss:Type="Number">-9.58</Data></Cell>
			<Cell><Data ss:Type="Number">-0.11</Data></Cell>
			<Cell><Data ss:Type="Number">-0.97</Data></Cell>
			<Cell><Data ss:Type="Number">22.9</Data></Cell>
			<Cell><Data ss:Type="Number">39.1</Data></Cell>
			<Cell><Data ss:Type="Number">0</Data></Cell>
			<Cell><Data ss:Type="Number">0</Data></Cell>
			<Cell><Data ss:Type="String">2023-12-07 16:49:41.799089</Data></Cell>
		</Row>
		<Row>
			<Cell><Data ss:Type="String">726</Data></Cell>
			<Cell><Data ss:Type="Number">0.57</Data></Cell>
			<Cell><Data ss:Type="Number">-10.28</Data></Cell>
			<Cell><Data ss:Type="Number">0.56</Data></Cell>
			<Cell><Data ss:Type="Number">-9.51</Data></Cell>
			<Cell><Data ss:Type="Number">-0.03</Data></Cell>
			<Cell><Data ss:Type="Number">-0.85</Data></Cell>
			<Cell><Data ss:Type="Number">22.9</Data></Cell>
			<Cell><Data ss:Type="Number">39.1</Data></Cell>
			<Cell><Data ss:Type="Number">0</Data></Cell>
			<Cell><Data ss:Type="Number">0</Data></Cell>
			<Cell><Data ss:Type="String">2023-12-07 16:49:41.797304</Data></Cell>
		</Row>
		<Row>
			<Cell><Data ss:Type="String">725</Data></Cell>
			<Cell><Data ss:Type="Number">0.38</Data></Cell>
			<Cell><Data ss:Type="Number">-10.17</Data></Cell>
			<Cell><Data ss:Type="Number">-0.08</Data></Cell>
			<Cell><Data ss:Type="Number">-9.45</Data></Cell>
			<Cell><Data ss:Type="Number">-0.1</Data></Cell>
			<Cell><Data ss:Type="Number">-0.96</Data></Cell>
			<Cell><Data ss:Type="Number">22.9</Data></Cell>
			<Cell><Data ss:Type="Number">39.1</Data></Cell>
			<Cell><Data ss:Type="Number">0</Data></Cell>
			<Cell><Data ss:Type="Number">0</Data></Cell>
			<Cell><Data ss:Type="String">2023-12-07 16:49:41.792456</Data></Cell>
		</Row>
		<Row>
			<Cell><Data ss:Type="String">724</Data></Cell>
			<Cell><Data ss:Type="Number">0.2</Data></Cell>
			<Cell><Data ss:Type="Number">-9.92</Data></Cell>
			<Cell><Data ss:Type="Number">0.38</Data></Cell>
			<Cell><Data ss:Type="Number">-9.49</Data></Cell>
			<Cell><Data ss:Type="Number">-0.04</Data></Cell>
			<Cell><Data ss:Type="Number">-0.88</Data></Cell>
			<Cell><Data ss:Type="Number">22.9</Data></Cell>
			<Cell><Data ss:Type="Number">39.1</Data></Cell>
			<Cell><Data ss:Type="Number">0</Data></Cell>
			<Cell><Data ss:Type="Number">0</Data></Cell>
			<Cell><Data ss:Type="String">2023-12-07 16:49:41.552872</Data></Cell>
		</Row>
		<Row>
			<Cell><Data ss:Type="String">723</Data></Cell>
			<Cell><Data ss:Type="Number">0.67</Data></Cell>
			<Cell><Data ss:Type="Number">-9.5</Data></Cell>
			<Cell><Data ss:Type="Number">0.11</Data></Cell>
			<Cell><Data ss:Type="Number">-9.46</Data></Cell>
			<Cell><Data ss:Type="Number">-0.09</Data></Cell>
			<Cell><Data ss:Type="Number">-0.9</Data></Cell>
			<Cell><Data ss:Type="Number">22.9</Data></Cell>
			<Cell><Data ss:Type="Number">39.1</Data></Cell>
			<Cell><Data ss:Type="Number">0</Data></Cell>
			<Cell><Data ss:Type="Number">0</Data></Cell>
			<Cell><Data ss:Type="String">2023-12-07 16:49:41.550533</Data></Cell>
		</Row>
		<Row>
			<Cell><Data ss:Type="String">722</Data></Cell>
			<Cell><Data ss:Type="Number">0.3</Data></Cell>
			<Cell><Data ss:Type="Number">-10.15</Data></Cell>
			<Cell><Data ss:Type="Number">0.24</Data></Cell>
			<Cell><Data ss:Type="Number">-9.42</Data></Cell>
			<Cell><Data ss:Type="Number">-0.07</Data></Cell>
			<Cell><Data ss:Type="Number">-0.96</Data></Cell>
			<Cell><Data ss:Type="Number">22.9</Data></Cell>
			<Cell><Data ss:Type="Number">39.1</Data></Cell>
			<Cell><Data ss:Type="Number">0</Data></Cell>
			<Cell><Data ss:Type="Number">0</Data></Cell>
			<Cell><Data ss:Type="String">2023-12-07 16:49:41.548510</Data></Cell>
		</Row>
		<Row>
			<Cell><Data ss:Type="String">721</Data></Cell>
			<Cell><Data ss:Type="Number">0.24</Data></Cell>
			<Cell><Data ss:Type="Number">-10.26</Data></Cell>
			<Cell><Data ss:Type="Number">-0.02</Data></Cell>
			<Cell><Data ss:Type="Number">-9.55</Data></Cell>
			<Cell><Data ss:Type="Number">-0.08</Data></Cell>
			<Cell><Data ss:Type="Number">-0.89</Data></Cell>
			<Cell><Data ss:Type="Number">22.9</Data></Cell>
			<Cell><Data ss:Type="Number">39.1</Data></Cell>
			<Cell><Data ss:Type="Number">0</Data></Cell>
			<Cell><Data ss:Type="Number">0</Data></Cell>
			<Cell><Data ss:Type="String">2023-12-07 16:49:41.546512</Data></Cell>
		</Row>
		<Row>
			<Cell><Data ss:Type="String">720</Data></Cell>
			<Cell><Data ss:Type="Number">-0.1</Data></Cell>
			<Cell><Data ss:Type="Number">-10</Data></Cell>
			<Cell><Data ss:Type="Number">0.15</Data></Cell>
			<Cell><Data ss:Type="Number">-9.39</Data></Cell>
			<Cell><Data ss:Type="Number">0.06</Data></Cell>
			<Cell><Data ss:Type="Number">-0.95</Data></Cell>
			<Cell><Data ss:Type="Number">22.9</Data></Cell>
			<Cell><Data ss:Type="Number">39.1</Data></Cell>
			<Cell><Data ss:Type="Number">0</Data></Cell>
			<Cell><Data ss:Type="Number">0</Data></Cell>
			<Cell><Data ss:Type="String">2023-12-07 16:49:41.544417</Data></Cell>
		</Row>
		<Row>
			<Cell><Data ss:Type="String">719</Data></Cell>
			<Cell><Data ss:Type="Number">0.57</Data></Cell>
			<Cell><Data ss:Type="Number">-9.59</Data></Cell>
			<Cell><Data ss:Type="Number">0.36</Data></Cell>
			<Cell><Data ss:Type="Number">-9.32</Data></Cell>
			<Cell><Data ss:Type="Number">-0.07</Data></Cell>
			<Cell><Data ss:Type="Number">-0.89</Data></Cell>
			<Cell><Data ss:Type="Number">22.9</Data></Cell>
			<Cell><Data ss:Type="Number">39.1</Data></Cell>
			<Cell><Data ss:Type="Number">0</Data></Cell>
			<Cell><Data ss:Type="Number">0</Data></Cell>
			<Cell><Data ss:Type="String">2023-12-07 16:49:41.353406</Data></Cell>
		</Row>
		<Row>
			<Cell><Data ss:Type="String">718</Data></Cell>
			<Cell><Data ss:Type="Number">0.53</Data></Cell>
			<Cell><Data ss:Type="Number">-10.74</Data></Cell>
			<Cell><Data ss:Type="Number">0.42</Data></Cell>
			<Cell><Data ss:Type="Number">-9.63</Data></Cell>
			<Cell><Data ss:Type="Number">-0.05</Data></Cell>
			<Cell><Data ss:Type="Number">-0.88</Data></Cell>
			<Cell><Data ss:Type="Number">22.9</Data></Cell>
			<Cell><Data ss:Type="Number">39.1</Data></Cell>
			<Cell><Data ss:Type="Number">0</Data></Cell>
			<Cell><Data ss:Type="Number">0</Data></Cell>
			<Cell><Data ss:Type="String">2023-12-07 16:49:41.351117</Data></Cell>
		</Row>
		<Row>
			<Cell><Data ss:Type="String">717</Data></Cell>
			<Cell><Data ss:Type="Number">0.26</Data></Cell>
			<Cell><Data ss:Type="Number">-10.41</Data></Cell>
			<Cell><Data ss:Type="Number">0</Data></Cell>
			<Cell><Data ss:Type="Number">-9.55</Data></Cell>
			<Cell><Data ss:Type="Number">-0.14</Data></Cell>
			<Cell><Data ss:Type="Number">-0.96</Data></Cell>
			<Cell><Data ss:Type="Number">22.9</Data></Cell>
			<Cell><Data ss:Type="Number">39.1</Data></Cell>
			<Cell><Data ss:Type="Number">0</Data></Cell>
			<Cell><Data ss:Type="Number">0</Data></Cell>
			<Cell><Data ss:Type="String">2023-12-07 16:49:41.310635</Data></Cell>
		</Row>
		<Row>
			<Cell><Data ss:Type="String">716</Data></Cell>
			<Cell><Data ss:Type="Number">-0.26</Data></Cell>
			<Cell><Data ss:Type="Number">-10.57</Data></Cell>
			<Cell><Data ss:Type="Number">-0.46</Data></Cell>
			<Cell><Data ss:Type="Number">-9.55</Data></Cell>
			<Cell><Data ss:Type="Number">-0.04</Data></Cell>
			<Cell><Data ss:Type="Number">-0.91</Data></Cell>
			<Cell><Data ss:Type="Number">22.9</Data></Cell>
			<Cell><Data ss:Type="Number">39.1</Data></Cell>
			<Cell><Data ss:Type="Number">0</Data></Cell>
			<Cell><Data ss:Type="Number">0</Data></Cell>
			<Cell><Data ss:Type="String">2023-12-07 16:49:41.265137</Data></Cell>
		</Row>
		<Row>
			<Cell><Data ss:Type="String">715</Data></Cell>
			<Cell><Data ss:Type="Number">0.48</Data></Cell>
			<Cell><Data ss:Type="Number">-9.67</Data></Cell>
			<Cell><Data ss:Type="Number">0.49</Data></Cell>
			<Cell><Data ss:Type="Number">-9.44</Data></Cell>
			<Cell><Data ss:Type="Number">-0.14</Data></Cell>
			<Cell><Data ss:Type="Number">-0.92</Data></Cell>
			<Cell><Data ss:Type="Number">22.9</Data></Cell>
			<Cell><Data ss:Type="Number">39.1</Data></Cell>
			<Cell><Data ss:Type="Number">0</Data></Cell>
			<Cell><Data ss:Type="Number">0</Data></Cell>
			<Cell><Data ss:Type="String">2023-12-07 16:49:41.225170</Data></Cell>
		</Row>
		<Row>
			<Cell><Data ss:Type="String">714</Data></Cell>
			<Cell><Data ss:Type="Number">0.33</Data></Cell>
			<Cell><Data ss:Type="Number">-9.92</Data></Cell>
			<Cell><Data ss:Type="Number">0.1</Data></Cell>
			<Cell><Data ss:Type="Number">-9.59</Data></Cell>
			<Cell><Data ss:Type="Number">-0.03</Data></Cell>
			<Cell><Data ss:Type="Number">-0.88</Data></Cell>
			<Cell><Data ss:Type="Number">22.9</Data></Cell>
			<Cell><Data ss:Type="Number">39.1</Data></Cell>
			<Cell><Data ss:Type="Number">0</Data></Cell>
			<Cell><Data ss:Type="Number">0</Data></Cell>
			<Cell><Data ss:Type="String">2023-12-07 16:49:41.222574</Data></Cell>
		</Row>
		<Row>
			<Cell><Data ss:Type="String">713</Data></Cell>
			<Cell><Data ss:Type="Number">0.1</Data></Cell>
			<Cell><Data ss:Type="Number">-10.32</Data></Cell>
			<Cell><Data ss:Type="Number">-0.05</Data></Cell>
			<Cell><Data ss:Type="Number">-9.57</Data></Cell>
			<Cell><Data ss:Type="Number">-0.09</Data></Cell>
			<Cell><Data ss:Type="Number">-0.89</Data></Cell>
			<Cell><Data ss:Type="Number">22.9</Data></Cell>
			<Cell><Data ss:Type="Number">39.1</Data></Cell>
			<Cell><Data ss:Type="Number">0</Data></Cell>
			<Cell><Data ss:Type="Number">0</Data></Cell>
			<Cell><Data ss:Type="String">2023-12-07 16:49:41.177652</Data></Cell>
		</Row>
		<Row>
			<Cell><Data ss:Type="String">712</Data></Cell>
			<Cell><Data ss:Type="Number">0.38</Data></Cell>
			<Cell><Data ss:Type="Number">-10.33</Data></Cell>
			<Cell><Data ss:Type="Number">0.25</Data></Cell>
			<Cell><Data ss:Type="Number">-9.52</Data></Cell>
			<Cell><Data ss:Type="Number">-0.12</Data></Cell>
			<Cell><Data ss:Type="Number">-0.96</Data></Cell>
			<Cell><Data ss:Type="Number">22.9</Data></Cell>
			<Cell><Data ss:Type="Number">39.1</Data></Cell>
			<Cell><Data ss:Type="Number">0</Data></Cell>
			<Cell><Data ss:Type="Number">0</Data></Cell>
			<Cell><Data ss:Type="String">2023-12-07 16:49:41.175575</Data></Cell>
		</Row>
		<Row>
			<Cell><Data ss:Type="String">711</Data></Cell>
			<Cell><Data ss:Type="Number">-0.09</Data></Cell>
			<Cell><Data ss:Type="Number">-10.48</Data></Cell>
			<Cell><Data ss:Type="Number">0</Data></Cell>
			<Cell><Data ss:Type="Number">-9.4</Data></Cell>
			<Cell><Data ss:Type="Number">-0.02</Data></Cell>
			<Cell><Data ss:Type="Number">-0.93</Data></Cell>
			<Cell><Data ss:Type="Number">22.9</Data></Cell>
			<Cell><Data ss:Type="Number">39.1</Data></Cell>
			<Cell><Data ss:Type="Number">0</Data></Cell>
			<Cell><Data ss:Type="Number">0</Data></Cell>
			<Cell><Data ss:Type="String">2023-12-07 16:49:41.172306</Data></Cell>
		</Row>
		<Row>
			<Cell><Data ss:Type="String">710</Data></Cell>
			<Cell><Data ss:Type="Number">0.46</Data></Cell>
			<Cell><Data ss:Type="Number">-10.14</Data></Cell>
			<Cell><Data ss:Type="Number">0.18</Data></Cell>
			<Cell><Data ss:Type="Number">-9.43</Data></Cell>
			<Cell><Data ss:Type="Number">-0.1</Data></Cell>
			<Cell><Data ss:Type="Number">-0.94</Data></Cell>
			<Cell><Data ss:Type="Number">22.9</Data></Cell>
			<Cell><Data ss:Type="Number">39.1</Data></Cell>
			<Cell><Data ss:Type="Number">0</Data></Cell>
			<Cell><Data ss:Type="Number">0</Data></Cell>
			<Cell><Data ss:Type="String">2023-12-07 16:49:41.169765</Data></Cell>
		</Row>
		<Row>
			<Cell><Data ss:Type="String">709</Data></Cell>
			<Cell><Data ss:Type="Number">0.3</Data></Cell>
			<Cell><Data ss:Type="Number">-10.28</Data></Cell>
			<Cell><Data ss:Type="Number">0.02</Data></Cell>
			<Cell><Data ss:Type="Number">-9.63</Data></Cell>
			<Cell><Data ss:Type="Number">-0.04</Data></Cell>
			<Cell><Data ss:Type="Number">-0.92</Data></Cell>
			<Cell><Data ss:Type="Number">22.9</Data></Cell>
			<Cell><Data ss:Type="Number">39.1</Data></Cell>
			<Cell><Data ss:Type="Number">0</Data></Cell>
			<Cell><Data ss:Type="Number">0</Data></Cell>
			<Cell><Data ss:Type="String">2023-12-07 16:49:41.167482</Data></Cell>
		</Row>
		<Row>
			<Cell><Data ss:Type="String">708</Data></Cell>
			<Cell><Data ss:Type="Number">0.34</Data></Cell>
			<Cell><Data ss:Type="Number">-10.34</Data></Cell>
			<Cell><Data ss:Type="Number">0.33</Data></Cell>
			<Cell><Data ss:Type="Number">-9.63</Data></Cell>
			<Cell><Data ss:Type="Number">-0.05</Data></Cell>
			<Cell><Data ss:Type="Number">-0.87</Data></Cell>
			<Cell><Data ss:Type="Number">22.9</Data></Cell>
			<Cell><Data ss:Type="Number">39.1</Data></Cell>
			<Cell><Data ss:Type="Number">0</Data></Cell>
			<Cell><Data ss:Type="Number">0</Data></Cell>
			<Cell><Data ss:Type="String">2023-12-07 16:49:41.165579</Data></Cell>
		</Row>
		<Row>
			<Cell><Data ss:Type="String">707</Data></Cell>
			<Cell><Data ss:Type="Number">-0.17</Data></Cell>
			<Cell><Data ss:Type="Number">-10.13</Data></Cell>
			<Cell><Data ss:Type="Number">0.1</Data></Cell>
			<Cell><Data ss:Type="Number">-9.46</Data></Cell>
			<Cell><Data ss:Type="Number">-0.05</Data></Cell>
			<Cell><Data ss:Type="Number">-0.9</Data></Cell>
			<Cell><Data ss:Type="Number">22.9</Data></Cell>
			<Cell><Data ss:Type="Number">39.1</Data></Cell>
			<Cell><Data ss:Type="Number">0</Data></Cell>
			<Cell><Data ss:Type="Number">0</Data></Cell>
			<Cell><Data ss:Type="String">2023-12-07 16:49:41.163562</Data></Cell>
		</Row>
		<Row>
			<Cell><Data ss:Type="String">706</Data></Cell>
			<Cell><Data ss:Type="Number">0.06</Data></Cell>
			<Cell><Data ss:Type="Number">-10.34</Data></Cell>
			<Cell><Data ss:Type="Number">0.09</Data></Cell>
			<Cell><Data ss:Type="Number">-9.45</Data></Cell>
			<Cell><Data ss:Type="Number">-0.11</Data></Cell>
			<Cell><Data ss:Type="Number">-0.83</Data></Cell>
			<Cell><Data ss:Type="Number">22.9</Data></Cell>
			<Cell><Data ss:Type="Number">39.1</Data></Cell>
			<Cell><Data ss:Type="Number">0</Data></Cell>
			<Cell><Data ss:Type="Number">0</Data></Cell>
			<Cell><Data ss:Type="String">2023-12-07 16:49:40.934687</Data></Cell>
		</Row>
		<Row>
			<Cell><Data ss:Type="String">705</Data></Cell>
			<Cell><Data ss:Type="Number">0.23</Data></Cell>
			<Cell><Data ss:Type="Number">-9.8</Data></Cell>
			<Cell><Data ss:Type="Number">0</Data></Cell>
			<Cell><Data ss:Type="Number">-9.29</Data></Cell>
			<Cell><Data ss:Type="Number">-0.13</Data></Cell>
			<Cell><Data ss:Type="Number">-1.01</Data></Cell>
			<Cell><Data ss:Type="Number">22.9</Data></Cell>
			<Cell><Data ss:Type="Number">39.1</Data></Cell>
			<Cell><Data ss:Type="Number">0</Data></Cell>
			<Cell><Data ss:Type="Number">0</Data></Cell>
			<Cell><Data ss:Type="String">2023-12-07 16:49:40.932947</Data></Cell>
		</Row>
		<Row>
			<Cell><Data ss:Type="String">704</Data></Cell>
			<Cell><Data ss:Type="Number">-0.4</Data></Cell>
			<Cell><Data ss:Type="Number">-10.12</Data></Cell>
			<Cell><Data ss:Type="Number">-0.09</Data></Cell>
			<Cell><Data ss:Type="Number">-9.49</Data></Cell>
			<Cell><Data ss:Type="Number">0.11</Data></Cell>
			<Cell><Data ss:Type="Number">-0.95</Data></Cell>
			<Cell><Data ss:Type="Number">22.9</Data></Cell>
			<Cell><Data ss:Type="Number">39.1</Data></Cell>
			<Cell><Data ss:Type="Number">0</Data></Cell>
			<Cell><Data ss:Type="Number">0</Data></Cell>
			<Cell><Data ss:Type="String">2023-12-07 16:49:40.929845</Data></Cell>
		</Row>
		<Row>
			<Cell><Data ss:Type="String">703</Data></Cell>
			<Cell><Data ss:Type="Number">1.14</Data></Cell>
			<Cell><Data ss:Type="Number">-10.16</Data></Cell>
			<Cell><Data ss:Type="Number">0.26</Data></Cell>
			<Cell><Data ss:Type="Number">-9.56</Data></Cell>
			<Cell><Data ss:Type="Number">-0.15</Data></Cell>
			<Cell><Data ss:Type="Number">-0.84</Data></Cell>
			<Cell><Data ss:Type="Number">22.9</Data></Cell>
			<Cell><Data ss:Type="Number">39.1</Data></Cell>
			<Cell><Data ss:Type="Number">0</Data></Cell>
			<Cell><Data ss:Type="Number">0</Data></Cell>
			<Cell><Data ss:Type="String">2023-12-07 16:49:40.827445</Data></Cell>
		</Row>
		<Row>
			<Cell><Data ss:Type="String">702</Data></Cell>
			<Cell><Data ss:Type="Number">1.88</Data></Cell>
			<Cell><Data ss:Type="Number">-9.81</Data></Cell>
			<Cell><Data ss:Type="Number">0.68</Data></Cell>
			<Cell><Data ss:Type="Number">-9.43</Data></Cell>
			<Cell><Data ss:Type="Number">-0.35</Data></Cell>
			<Cell><Data ss:Type="Number">-0.92</Data></Cell>
			<Cell><Data ss:Type="Number">22.9</Data></Cell>
			<Cell><Data ss:Type="Number">39.1</Data></Cell>
			<Cell><Data ss:Type="Number">0</Data></Cell>
			<Cell><Data ss:Type="Number">0</Data></Cell>
			<Cell><Data ss:Type="String">2023-12-07 16:49:40.825753</Data></Cell>
		</Row>
		<Row>
			<Cell><Data ss:Type="String">701</Data></Cell>
			<Cell><Data ss:Type="Number">-0.9</Data></Cell>
			<Cell><Data ss:Type="Number">-9.21</Data></Cell>
			<Cell><Data ss:Type="Number">0.03</Data></Cell>
			<Cell><Data ss:Type="Number">-9.34</Data></Cell>
			<Cell><Data ss:Type="Number">-0.35</Data></Cell>
			<Cell><Data ss:Type="Number">-0.81</Data></Cell>
			<Cell><Data ss:Type="Number">22.9</Data></Cell>
			<Cell><Data ss:Type="Number">39.1</Data></Cell>
			<Cell><Data ss:Type="Number">0</Data></Cell>
			<Cell><Data ss:Type="Number">0</Data></Cell>
			<Cell><Data ss:Type="String">2023-12-07 16:49:40.775736</Data></Cell>
		</Row>
		<Row>
			<Cell><Data ss:Type="String">700</Data></Cell>
			<Cell><Data ss:Type="Number">-1.29</Data></Cell>
			<Cell><Data ss:Type="Number">-10.12</Data></Cell>
			<Cell><Data ss:Type="Number">-1.17</Data></Cell>
			<Cell><Data ss:Type="Number">-9.52</Data></Cell>
			<Cell><Data ss:Type="Number">0.66</Data></Cell>
			<Cell><Data ss:Type="Number">-1.02</Data></Cell>
			<Cell><Data ss:Type="Number">22.9</Data></Cell>
			<Cell><Data ss:Type="Number">39.1</Data></Cell>
			<Cell><Data ss:Type="Number">0</Data></Cell>
			<Cell><Data ss:Type="Number">0</Data></Cell>
			<Cell><Data ss:Type="String">2023-12-07 16:49:40.730853</Data></Cell>
		</Row>
		<Row>
			<Cell><Data ss:Type="String">699</Data></Cell>
			<Cell><Data ss:Type="Number">1.82</Data></Cell>
			<Cell><Data ss:Type="Number">-9.75</Data></Cell>
			<Cell><Data ss:Type="Number">0.3</Data></Cell>
			<Cell><Data ss:Type="Number">-9.46</Data></Cell>
			<Cell><Data ss:Type="Number">0.42</Data></Cell>
			<Cell><Data ss:Type="Number">-1.05</Data></Cell>
			<Cell><Data ss:Type="Number">22.9</Data></Cell>
			<Cell><Data ss:Type="Number">39.1</Data></Cell>
			<Cell><Data ss:Type="Number">0</Data></Cell>
			<Cell><Data ss:Type="Number">0</Data></Cell>
			<Cell><Data ss:Type="String">2023-12-07 16:49:40.687851</Data></Cell>
		</Row>
		<Row>
			<Cell><Data ss:Type="String">698</Data></Cell>
			<Cell><Data ss:Type="Number">4.11</Data></Cell>
			<Cell><Data ss:Type="Number">-11.07</Data></Cell>
			<Cell><Data ss:Type="Number">1.79</Data></Cell>
			<Cell><Data ss:Type="Number">-9.53</Data></Cell>
			<Cell><Data ss:Type="Number">-1.35</Data></Cell>
			<Cell><Data ss:Type="Number">-0.5</Data></Cell>
			<Cell><Data ss:Type="Number">22.9</Data></Cell>
			<Cell><Data ss:Type="Number">39.1</Data></Cell>
			<Cell><Data ss:Type="Number">0</Data></Cell>
			<Cell><Data ss:Type="Number">0</Data></Cell>
			<Cell><Data ss:Type="String">2023-12-07 16:49:40.684330</Data></Cell>
		</Row>
		<Row>
			<Cell><Data ss:Type="String">697</Data></Cell>
			<Cell><Data ss:Type="Number">3.63</Data></Cell>
			<Cell><Data ss:Type="Number">7.22</Data></Cell>
			<Cell><Data ss:Type="Number">0.56</Data></Cell>
			<Cell><Data ss:Type="Number">-4.04</Data></Cell>
			<Cell><Data ss:Type="Number">-1.61</Data></Cell>
			<Cell><Data ss:Type="Number">-0.8</Data></Cell>
			<Cell><Data ss:Type="Number">22.9</Data></Cell>
			<Cell><Data ss:Type="Number">39.1</Data></Cell>
			<Cell><Data ss:Type="Number">0</Data></Cell>
			<Cell><Data ss:Type="Number">0</Data></Cell>
			<Cell><Data ss:Type="String">2023-12-07 16:49:40.639447</Data></Cell>
		</Row>
		<Row>
			<Cell><Data ss:Type="String">696</Data></Cell>
			<Cell><Data ss:Type="Number">0.28</Data></Cell>
			<Cell><Data ss:Type="Number">-10.12</Data></Cell>
			<Cell><Data ss:Type="Number">0.14</Data></Cell>
			<Cell><Data ss:Type="Number">-9.5</Data></Cell>
			<Cell><Data ss:Type="Number">-0.09</Data></Cell>
			<Cell><Data ss:Type="Number">-0.92</Data></Cell>
			<Cell><Data ss:Type="Number">22.9</Data></Cell>
			<Cell><Data ss:Type="Number">39.1</Data></Cell>
			<Cell><Data ss:Type="Number">0</Data></Cell>
			<Cell><Data ss:Type="Number">0</Data></Cell>
			<Cell><Data ss:Type="String">2023-12-07 16:49:40.592645</Data></Cell>
		</Row>
		<Row>
			<Cell><Data ss:Type="String">695</Data></Cell>
			<Cell><Data ss:Type="Number">0.3</Data></Cell>
			<Cell><Data ss:Type="Number">-10.18</Data></Cell>
			<Cell><Data ss:Type="Number">0.18</Data></Cell>
			<Cell><Data ss:Type="Number">-9.53</Data></Cell>
			<Cell><Data ss:Type="Number">-0.07</Data></Cell>
			<Cell><Data ss:Type="Number">-0.91</Data></Cell>
			<Cell><Data ss:Type="Number">22.9</Data></Cell>
			<Cell><Data ss:Type="Number">39.1</Data></Cell>
			<Cell><Data ss:Type="Number">0</Data></Cell>
			<Cell><Data ss:Type="Number">0</Data></Cell>
			<Cell><Data ss:Type="String">2023-12-07 16:49:40.549567</Data></Cell>
		</Row>
		<Row>
			<Cell><Data ss:Type="String">694</Data></Cell>
			<Cell><Data ss:Type="Number">0.25</Data></Cell>
			<Cell><Data ss:Type="Number">-10.24</Data></Cell>
			<Cell><Data ss:Type="Number">0.25</Data></Cell>
			<Cell><Data ss:Type="Number">-9.51</Data></Cell>
			<Cell><Data ss:Type="Number">-0.07</Data></Cell>
			<Cell><Data ss:Type="Number">-0.89</Data></Cell>
			<Cell><Data ss:Type="Number">22.9</Data></Cell>
			<Cell><Data ss:Type="Number">39.1</Data></Cell>
			<Cell><Data ss:Type="Number">0</Data></Cell>
			<Cell><Data ss:Type="Number">0</Data></Cell>
			<Cell><Data ss:Type="String">2023-12-07 16:49:40.547768</Data></Cell>
		</Row>
		<Row>
			<Cell><Data ss:Type="String">693</Data></Cell>
			<Cell><Data ss:Type="Number">0.25</Data></Cell>
			<Cell><Data ss:Type="Number">-9.99</Data></Cell>
			<Cell><Data ss:Type="Number">0.1</Data></Cell>
			<Cell><Data ss:Type="Number">-9.44</Data></Cell>
			<Cell><Data ss:Type="Number">-0.06</Data></Cell>
			<Cell><Data ss:Type="Number">-0.93</Data></Cell>
			<Cell><Data ss:Type="Number">22.9</Data></Cell>
			<Cell><Data ss:Type="Number">39.1</Data></Cell>
			<Cell><Data ss:Type="Number">0</Data></Cell>
			<Cell><Data ss:Type="Number">0</Data></Cell>
			<Cell><Data ss:Type="String">2023-12-07 16:49:40.504823</Data></Cell>
		</Row>
		<Row>
			<Cell><Data ss:Type="String">692</Data></Cell>
			<Cell><Data ss:Type="Number">0.31</Data></Cell>
			<Cell><Data ss:Type="Number">-9.98</Data></Cell>
			<Cell><Data ss:Type="Number">0.13</Data></Cell>
			<Cell><Data ss:Type="Number">-9.45</Data></Cell>
			<Cell><Data ss:Type="Number">-0.07</Data></Cell>
			<Cell><Data ss:Type="Number">-0.93</Data></Cell>
			<Cell><Data ss:Type="Number">22.9</Data></Cell>
			<Cell><Data ss:Type="Number">39.1</Data></Cell>
			<Cell><Data ss:Type="Number">0</Data></Cell>
			<Cell><Data ss:Type="Number">0</Data></Cell>
			<Cell><Data ss:Type="String">2023-12-07 16:49:40.456487</Data></Cell>
		</Row>
		<Row>
			<Cell><Data ss:Type="String">691</Data></Cell>
			<Cell><Data ss:Type="Number">0.29</Data></Cell>
			<Cell><Data ss:Type="Number">-9.95</Data></Cell>
			<Cell><Data ss:Type="Number">0.1</Data></Cell>
			<Cell><Data ss:Type="Number">-9.49</Data></Cell>
			<Cell><Data ss:Type="Number">-0.07</Data></Cell>
			<Cell><Data ss:Type="Number">-0.92</Data></Cell>
			<Cell><Data ss:Type="Number">22.9</Data></Cell>
			<Cell><Data ss:Type="Number">39.1</Data></Cell>
			<Cell><Data ss:Type="Number">0</Data></Cell>
			<Cell><Data ss:Type="Number">0</Data></Cell>
			<Cell><Data ss:Type="String">2023-12-07 16:49:40.415553</Data></Cell>
		</Row>
		<Row>
			<Cell><Data ss:Type="String">690</Data></Cell>
			<Cell><Data ss:Type="Number">0.28</Data></Cell>
			<Cell><Data ss:Type="Number">-10.2</Data></Cell>
			<Cell><Data ss:Type="Number">0.18</Data></Cell>
			<Cell><Data ss:Type="Number">-9.51</Data></Cell>
			<Cell><Data ss:Type="Number">-0.06</Data></Cell>
			<Cell><Data ss:Type="Number">-0.89</Data></Cell>
			<Cell><Data ss:Type="Number">22.9</Data></Cell>
			<Cell><Data ss:Type="Number">39.1</Data></Cell>
			<Cell><Data ss:Type="Number">0</Data></Cell>
			<Cell><Data ss:Type="Number">0</Data></Cell>
			<Cell><Data ss:Type="String">2023-12-07 16:49:40.413937</Data></Cell>
		</Row>
		<Row>
			<Cell><Data ss:Type="String">689</Data></Cell>
			<Cell><Data ss:Type="Number">0.29</Data></Cell>
			<Cell><Data ss:Type="Number">-10.04</Data></Cell>
			<Cell><Data ss:Type="Number">0.14</Data></Cell>
			<Cell><Data ss:Type="Number">-9.49</Data></Cell>
			<Cell><Data ss:Type="Number">-0.07</Data></Cell>
			<Cell><Data ss:Type="Number">-0.9</Data></Cell>
			<Cell><Data ss:Type="Number">22.9</Data></Cell>
			<Cell><Data ss:Type="Number">39.1</Data></Cell>
			<Cell><Data ss:Type="Number">0</Data></Cell>
			<Cell><Data ss:Type="Number">0</Data></Cell>
			<Cell><Data ss:Type="String">2023-12-07 16:49:40.365572</Data></Cell>
		</Row>
		<Row>
			<Cell><Data ss:Type="String">688</Data></Cell>
			<Cell><Data ss:Type="Number">0.28</Data></Cell>
			<Cell><Data ss:Type="Number">-9.98</Data></Cell>
			<Cell><Data ss:Type="Number">0.11</Data></Cell>
			<Cell><Data ss:Type="Number">-9.44</Data></Cell>
			<Cell><Data ss:Type="Number">-0.07</Data></Cell>
			<Cell><Data ss:Type="Number">-0.94</Data></Cell>
			<Cell><Data ss:Type="Number">22.9</Data></Cell>
			<Cell><Data ss:Type="Number">39.1</Data></Cell>
			<Cell><Data ss:Type="Number">0</Data></Cell>
			<Cell><Data ss:Type="Number">0</Data></Cell>
			<Cell><Data ss:Type="String">2023-12-07 16:49:40.326739</Data></Cell>
		</Row>
		<Row>
			<Cell><Data ss:Type="String">687</Data></Cell>
			<Cell><Data ss:Type="Number">0.3</Data></Cell>
			<Cell><Data ss:Type="Number">-9.94</Data></Cell>
			<Cell><Data ss:Type="Number">0.11</Data></Cell>
			<Cell><Data ss:Type="Number">-9.46</Data></Cell>
			<Cell><Data ss:Type="Number">-0.07</Data></Cell>
			<Cell><Data ss:Type="Number">-0.92</Data></Cell>
			<Cell><Data ss:Type="Number">22.9</Data></Cell>
			<Cell><Data ss:Type="Number">39.1</Data></Cell>
			<Cell><Data ss:Type="Number">0</Data></Cell>
			<Cell><Data ss:Type="Number">0</Data></Cell>
			<Cell><Data ss:Type="String">2023-12-07 16:49:40.324985</Data></Cell>
		</Row>
		<Row>
			<Cell><Data ss:Type="String">686</Data></Cell>
			<Cell><Data ss:Type="Number">0.31</Data></Cell>
			<Cell><Data ss:Type="Number">-10.02</Data></Cell>
			<Cell><Data ss:Type="Number">0.11</Data></Cell>
			<Cell><Data ss:Type="Number">-9.53</Data></Cell>
			<Cell><Data ss:Type="Number">-0.07</Data></Cell>
			<Cell><Data ss:Type="Number">-0.9</Data></Cell>
			<Cell><Data ss:Type="Number">22.9</Data></Cell>
			<Cell><Data ss:Type="Number">39.1</Data></Cell>
			<Cell><Data ss:Type="Number">0</Data></Cell>
			<Cell><Data ss:Type="Number">0</Data></Cell>
			<Cell><Data ss:Type="String">2023-12-07 16:49:40.323354</Data></Cell>
		</Row>
		<Row>
			<Cell><Data ss:Type="String">685</Data></Cell>
			<Cell><Data ss:Type="Number">0.33</Data></Cell>
			<Cell><Data ss:Type="Number">-10.08</Data></Cell>
			<Cell><Data ss:Type="Number">0.06</Data></Cell>
			<Cell><Data ss:Type="Number">-9.55</Data></Cell>
			<Cell><Data ss:Type="Number">-0.05</Data></Cell>
			<Cell><Data ss:Type="Number">-0.91</Data></Cell>
			<Cell><Data ss:Type="Number">22.9</Data></Cell>
			<Cell><Data ss:Type="Number">39.1</Data></Cell>
			<Cell><Data ss:Type="Number">0</Data></Cell>
			<Cell><Data ss:Type="Number">0</Data></Cell>
			<Cell><Data ss:Type="String">2023-12-07 16:49:40.321386</Data></Cell>
		</Row>
		<Row>
			<Cell><Data ss:Type="String">684</Data></Cell>
			<Cell><Data ss:Type="Number">0.29</Data></Cell>
			<Cell><Data ss:Type="Number">-10.19</Data></Cell>
			<Cell><Data ss:Type="Number">0.19</Data></Cell>
			<Cell><Data ss:Type="Number">-9.52</Data></Cell>
			<Cell><Data ss:Type="Number">-0.09</Data></Cell>
			<Cell><Data ss:Type="Number">-0.92</Data></Cell>
			<Cell><Data ss:Type="Number">22.9</Data></Cell>
			<Cell><Data ss:Type="Number">39.1</Data></Cell>
			<Cell><Data ss:Type="Number">0</Data></Cell>
			<Cell><Data ss:Type="Number">0</Data></Cell>
			<Cell><Data ss:Type="String">2023-12-07 16:49:40.319395</Data></Cell>
		</Row>
		<Row>
			<Cell><Data ss:Type="String">683</Data></Cell>
			<Cell><Data ss:Type="Number">0.25</Data></Cell>
			<Cell><Data ss:Type="Number">-10.04</Data></Cell>
			<Cell><Data ss:Type="Number">0.15</Data></Cell>
			<Cell><Data ss:Type="Number">-9.43</Data></Cell>
			<Cell><Data ss:Type="Number">-0.06</Data></Cell>
			<Cell><Data ss:Type="Number">-0.91</Data></Cell>
			<Cell><Data ss:Type="Number">22.9</Data></Cell>
			<Cell><Data ss:Type="Number">39.1</Data></Cell>
			<Cell><Data ss:Type="Number">0</Data></Cell>
			<Cell><Data ss:Type="Number">0</Data></Cell>
			<Cell><Data ss:Type="String">2023-12-07 16:49:40.317416</Data></Cell>
		</Row>
		<Row>
			<Cell><Data ss:Type="String">682</Data></Cell>
			<Cell><Data ss:Type="Number">0.25</Data></Cell>
			<Cell><Data ss:Type="Number">-9.95</Data></Cell>
			<Cell><Data ss:Type="Number">0.1</Data></Cell>
			<Cell><Data ss:Type="Number">-9.44</Data></Cell>
			<Cell><Data ss:Type="Number">-0.07</Data></Cell>
			<Cell><Data ss:Type="Number">-0.93</Data></Cell>
			<Cell><Data ss:Type="Number">22.9</Data></Cell>
			<Cell><Data ss:Type="Number">39.1</Data></Cell>
			<Cell><Data ss:Type="Number">0</Data></Cell>
			<Cell><Data ss:Type="Number">0</Data></Cell>
			<Cell><Data ss:Type="String">2023-12-07 16:49:40.315424</Data></Cell>
		</Row>
		<Row>
			<Cell><Data ss:Type="String">681</Data></Cell>
			<Cell><Data ss:Type="Number">0.28</Data></Cell>
			<Cell><Data ss:Type="Number">-10.05</Data></Cell>
			<Cell><Data ss:Type="Number">0.12</Data></Cell>
			<Cell><Data ss:Type="Number">-9.55</Data></Cell>
			<Cell><Data ss:Type="Number">-0.06</Data></Cell>
			<Cell><Data ss:Type="Number">-0.91</Data></Cell>
			<Cell><Data ss:Type="Number">22.9</Data></Cell>
			<Cell><Data ss:Type="Number">39.1</Data></Cell>
			<Cell><Data ss:Type="Number">0</Data></Cell>
			<Cell><Data ss:Type="Number">0</Data></Cell>
			<Cell><Data ss:Type="String">2023-12-07 16:49:40.103398</Data></Cell>
		</Row>
		<Row>
			<Cell><Data ss:Type="String">680</Data></Cell>
			<Cell><Data ss:Type="Number">0.25</Data></Cell>
			<Cell><Data ss:Type="Number">-10.15</Data></Cell>
			<Cell><Data ss:Type="Number">0.3</Data></Cell>
			<Cell><Data ss:Type="Number">-9.53</Data></Cell>
			<Cell><Data ss:Type="Number">-0.08</Data></Cell>
			<Cell><Data ss:Type="Number">-0.88</Data></Cell>
			<Cell><Data ss:Type="Number">22.9</Data></Cell>
			<Cell><Data ss:Type="Number">39.1</Data></Cell>
			<Cell><Data ss:Type="Number">0</Data></Cell>
			<Cell><Data ss:Type="Number">0</Data></Cell>
			<Cell><Data ss:Type="String">2023-12-07 16:49:40.062776</Data></Cell>
		</Row>
		<Row>
			<Cell><Data ss:Type="String">679</Data></Cell>
			<Cell><Data ss:Type="Number">0.26</Data></Cell>
			<Cell><Data ss:Type="Number">-10.13</Data></Cell>
			<Cell><Data ss:Type="Number">0.19</Data></Cell>
			<Cell><Data ss:Type="Number">-9.5</Data></Cell>
			<Cell><Data ss:Type="Number">-0.08</Data></Cell>
			<Cell><Data ss:Type="Number">-0.91</Data></Cell>
			<Cell><Data ss:Type="Number">22.9</Data></Cell>
			<Cell><Data ss:Type="Number">39.1</Data></Cell>
			<Cell><Data ss:Type="Number">0</Data></Cell>
			<Cell><Data ss:Type="Number">0</Data></Cell>
			<Cell><Data ss:Type="String">2023-12-07 16:49:40.058096</Data></Cell>
		</Row>
		<Row>
			<Cell><Data ss:Type="String">678</Data></Cell>
			<Cell><Data ss:Type="Number">0.25</Data></Cell>
			<Cell><Data ss:Type="Number">-9.99</Data></Cell>
			<Cell><Data ss:Type="Number">0.16</Data></Cell>
			<Cell><Data ss:Type="Number">-9.41</Data></Cell>
			<Cell><Data ss:Type="Number">-0.08</Data></Cell>
			<Cell><Data ss:Type="Number">-0.9</Data></Cell>
			<Cell><Data ss:Type="Number">22.9</Data></Cell>
			<Cell><Data ss:Type="Number">39.1</Data></Cell>
			<Cell><Data ss:Type="Number">0</Data></Cell>
			<Cell><Data ss:Type="Number">0</Data></Cell>
			<Cell><Data ss:Type="String">2023-12-07 16:49:40.016059</Data></Cell>
		</Row>
		<Row>
			<Cell><Data ss:Type="String">677</Data></Cell>
			<Cell><Data ss:Type="Number">0.28</Data></Cell>
			<Cell><Data ss:Type="Number">-10.04</Data></Cell>
			<Cell><Data ss:Type="Number">0.15</Data></Cell>
			<Cell><Data ss:Type="Number">-9.45</Data></Cell>
			<Cell><Data ss:Type="Number">-0.08</Data></Cell>
			<Cell><Data ss:Type="Number">-0.96</Data></Cell>
			<Cell><Data ss:Type="Number">22.9</Data></Cell>
			<Cell><Data ss:Type="Number">39.1</Data></Cell>
			<Cell><Data ss:Type="Number">0</Data></Cell>
			<Cell><Data ss:Type="Number">0</Data></Cell>
			<Cell><Data ss:Type="String">2023-12-07 16:49:40.014199</Data></Cell>
		</Row>
		<Row>
			<Cell><Data ss:Type="String">676</Data></Cell>
			<Cell><Data ss:Type="Number">0.27</Data></Cell>
			<Cell><Data ss:Type="Number">-10.13</Data></Cell>
			<Cell><Data ss:Type="Number">0.16</Data></Cell>
			<Cell><Data ss:Type="Number">-9.5</Data></Cell>
			<Cell><Data ss:Type="Number">-0.06</Data></Cell>
			<Cell><Data ss:Type="Number">-0.9</Data></Cell>
			<Cell><Data ss:Type="Number">22.9</Data></Cell>
			<Cell><Data ss:Type="Number">39.1</Data></Cell>
			<Cell><Data ss:Type="Number">0</Data></Cell>
			<Cell><Data ss:Type="Number">0</Data></Cell>
			<Cell><Data ss:Type="String">2023-12-07 16:49:40.012067</Data></Cell>
		</Row>
		<Row>
			<Cell><Data ss:Type="String">675</Data></Cell>
			<Cell><Data ss:Type="Number">0.26</Data></Cell>
			<Cell><Data ss:Type="Number">-10.17</Data></Cell>
			<Cell><Data ss:Type="Number">0.25</Data></Cell>
			<Cell><Data ss:Type="Number">-9.52</Data></Cell>
			<Cell><Data ss:Type="Number">-0.06</Data></Cell>
			<Cell><Data ss:Type="Number">-0.9</Data></Cell>
			<Cell><Data ss:Type="Number">22.9</Data></Cell>
			<Cell><Data ss:Type="Number">39.1</Data></Cell>
			<Cell><Data ss:Type="Number">0</Data></Cell>
			<Cell><Data ss:Type="Number">0</Data></Cell>
			<Cell><Data ss:Type="String">2023-12-07 16:49:40.009659</Data></Cell>
		</Row>
		<Row>
			<Cell><Data ss:Type="String">674</Data></Cell>
			<Cell><Data ss:Type="Number">0.28</Data></Cell>
			<Cell><Data ss:Type="Number">-10.06</Data></Cell>
			<Cell><Data ss:Type="Number">0.15</Data></Cell>
			<Cell><Data ss:Type="Number">-9.46</Data></Cell>
			<Cell><Data ss:Type="Number">-0.07</Data></Cell>
			<Cell><Data ss:Type="Number">-0.93</Data></Cell>
			<Cell><Data ss:Type="Number">22.9</Data></Cell>
			<Cell><Data ss:Type="Number">39.1</Data></Cell>
			<Cell><Data ss:Type="Number">0</Data></Cell>
			<Cell><Data ss:Type="Number">0</Data></Cell>
			<Cell><Data ss:Type="String">2023-12-07 16:49:39.857560</Data></Cell>
		</Row>
		<Row>
			<Cell><Data ss:Type="String">673</Data></Cell>
			<Cell><Data ss:Type="Number">0.3</Data></Cell>
			<Cell><Data ss:Type="Number">-9.95</Data></Cell>
			<Cell><Data ss:Type="Number">0.14</Data></Cell>
			<Cell><Data ss:Type="Number">-9.42</Data></Cell>
			<Cell><Data ss:Type="Number">-0.07</Data></Cell>
			<Cell><Data ss:Type="Number">-0.87</Data></Cell>
			<Cell><Data ss:Type="Number">22.9</Data></Cell>
			<Cell><Data ss:Type="Number">39.1</Data></Cell>
			<Cell><Data ss:Type="Number">0</Data></Cell>
			<Cell><Data ss:Type="Number">0</Data></Cell>
			<Cell><Data ss:Type="String">2023-12-07 16:49:39.814448</Data></Cell>
		</Row>
		<Row>
			<Cell><Data ss:Type="String">672</Data></Cell>
			<Cell><Data ss:Type="Number">0.41</Data></Cell>
			<Cell><Data ss:Type="Number">-9.95</Data></Cell>
			<Cell><Data ss:Type="Number">0.11</Data></Cell>
			<Cell><Data ss:Type="Number">-9.47</Data></Cell>
			<Cell><Data ss:Type="Number">-0.09</Data></Cell>
			<Cell><Data ss:Type="Number">-0.91</Data></Cell>
			<Cell><Data ss:Type="Number">22.9</Data></Cell>
			<Cell><Data ss:Type="Number">39.1</Data></Cell>
			<Cell><Data ss:Type="Number">0</Data></Cell>
			<Cell><Data ss:Type="Number">0</Data></Cell>
			<Cell><Data ss:Type="String">2023-12-07 16:49:39.811924</Data></Cell>
		</Row>
		<Row>
			<Cell><Data ss:Type="String">671</Data></Cell>
			<Cell><Data ss:Type="Number">0.29</Data></Cell>
			<Cell><Data ss:Type="Number">-10.18</Data></Cell>
			<Cell><Data ss:Type="Number">0.27</Data></Cell>
			<Cell><Data ss:Type="Number">-9.54</Data></Cell>
			<Cell><Data ss:Type="Number">-0.06</Data></Cell>
			<Cell><Data ss:Type="Number">-0.87</Data></Cell>
			<Cell><Data ss:Type="Number">22.9</Data></Cell>
			<Cell><Data ss:Type="Number">39.1</Data></Cell>
			<Cell><Data ss:Type="Number">0</Data></Cell>
			<Cell><Data ss:Type="Number">0</Data></Cell>
			<Cell><Data ss:Type="String">2023-12-07 16:49:39.766002</Data></Cell>
		</Row>
		<Row>
			<Cell><Data ss:Type="String">670</Data></Cell>
			<Cell><Data ss:Type="Number">0.26</Data></Cell>
			<Cell><Data ss:Type="Number">-10.16</Data></Cell>
			<Cell><Data ss:Type="Number">0.15</Data></Cell>
			<Cell><Data ss:Type="Number">-9.53</Data></Cell>
			<Cell><Data ss:Type="Number">-0.06</Data></Cell>
			<Cell><Data ss:Type="Number">-0.87</Data></Cell>
			<Cell><Data ss:Type="Number">22.9</Data></Cell>
			<Cell><Data ss:Type="Number">39.1</Data></Cell>
			<Cell><Data ss:Type="Number">0</Data></Cell>
			<Cell><Data ss:Type="Number">0</Data></Cell>
			<Cell><Data ss:Type="String">2023-12-07 16:49:39.717939</Data></Cell>
		</Row>
		<Row>
			<Cell><Data ss:Type="String">669</Data></Cell>
			<Cell><Data ss:Type="Number">0.31</Data></Cell>
			<Cell><Data ss:Type="Number">-10.14</Data></Cell>
			<Cell><Data ss:Type="Number">0.17</Data></Cell>
			<Cell><Data ss:Type="Number">-9.5</Data></Cell>
			<Cell><Data ss:Type="Number">-0.08</Data></Cell>
			<Cell><Data ss:Type="Number">-0.94</Data></Cell>
			<Cell><Data ss:Type="Number">22.9</Data></Cell>
			<Cell><Data ss:Type="Number">39.1</Data></Cell>
			<Cell><Data ss:Type="Number">0</Data></Cell>
			<Cell><Data ss:Type="Number">0</Data></Cell>
			<Cell><Data ss:Type="String">2023-12-07 16:49:39.715736</Data></Cell>
		</Row>
		<Row>
			<Cell><Data ss:Type="String">668</Data></Cell>
			<Cell><Data ss:Type="Number">0.24</Data></Cell>
			<Cell><Data ss:Type="Number">-9.96</Data></Cell>
			<Cell><Data ss:Type="Number">0.15</Data></Cell>
			<Cell><Data ss:Type="Number">-9.4</Data></Cell>
			<Cell><Data ss:Type="Number">-0.06</Data></Cell>
			<Cell><Data ss:Type="Number">-0.86</Data></Cell>
			<Cell><Data ss:Type="Number">22.9</Data></Cell>
			<Cell><Data ss:Type="Number">39.1</Data></Cell>
			<Cell><Data ss:Type="Number">0</Data></Cell>
			<Cell><Data ss:Type="Number">0</Data></Cell>
			<Cell><Data ss:Type="String">2023-12-07 16:49:39.713654</Data></Cell>
		</Row>
		<Row>
			<Cell><Data ss:Type="String">667</Data></Cell>
			<Cell><Data ss:Type="Number">0.21</Data></Cell>
			<Cell><Data ss:Type="Number">-10.02</Data></Cell>
			<Cell><Data ss:Type="Number">0.08</Data></Cell>
			<Cell><Data ss:Type="Number">-9.49</Data></Cell>
			<Cell><Data ss:Type="Number">-0.09</Data></Cell>
			<Cell><Data ss:Type="Number">-0.97</Data></Cell>
			<Cell><Data ss:Type="Number">22.9</Data></Cell>
			<Cell><Data ss:Type="Number">39.1</Data></Cell>
			<Cell><Data ss:Type="Number">0</Data></Cell>
			<Cell><Data ss:Type="Number">0</Data></Cell>
			<Cell><Data ss:Type="String">2023-12-07 16:49:39.628138</Data></Cell>
		</Row>
		<Row>
			<Cell><Data ss:Type="String">666</Data></Cell>
			<Cell><Data ss:Type="Number">0.24</Data></Cell>
			<Cell><Data ss:Type="Number">-10.05</Data></Cell>
			<Cell><Data ss:Type="Number">0.15</Data></Cell>
			<Cell><Data ss:Type="Number">-9.52</Data></Cell>
			<Cell><Data ss:Type="Number">-0.06</Data></Cell>
			<Cell><Data ss:Type="Number">-0.86</Data></Cell>
			<Cell><Data ss:Type="Number">22.9</Data></Cell>
			<Cell><Data ss:Type="Number">39.1</Data></Cell>
			<Cell><Data ss:Type="Number">0</Data></Cell>
			<Cell><Data ss:Type="Number">0</Data></Cell>
			<Cell><Data ss:Type="String">2023-12-07 16:49:39.583649</Data></Cell>
		</Row>
		<Row>
			<Cell><Data ss:Type="String">665</Data></Cell>
			<Cell><Data ss:Type="Number">0.32</Data></Cell>
			<Cell><Data ss:Type="Number">-10.19</Data></Cell>
			<Cell><Data ss:Type="Number">0.13</Data></Cell>
			<Cell><Data ss:Type="Number">-9.51</Data></Cell>
			<Cell><Data ss:Type="Number">-0.06</Data></Cell>
			<Cell><Data ss:Type="Number">-0.94</Data></Cell>
			<Cell><Data ss:Type="Number">22.9</Data></Cell>
			<Cell><Data ss:Type="Number">39.1</Data></Cell>
			<Cell><Data ss:Type="Number">0</Data></Cell>
			<Cell><Data ss:Type="Number">0</Data></Cell>
			<Cell><Data ss:Type="String">2023-12-07 16:49:39.581728</Data></Cell>
		</Row>
		<Row>
			<Cell><Data ss:Type="String">664</Data></Cell>
			<Cell><Data ss:Type="Number">0.23</Data></Cell>
			<Cell><Data ss:Type="Number">-9.93</Data></Cell>
			<Cell><Data ss:Type="Number">0.13</Data></Cell>
			<Cell><Data ss:Type="Number">-9.46</Data></Cell>
			<Cell><Data ss:Type="Number">-0.02</Data></Cell>
			<Cell><Data ss:Type="Number">-0.93</Data></Cell>
			<Cell><Data ss:Type="Number">22.9</Data></Cell>
			<Cell><Data ss:Type="Number">39.1</Data></Cell>
			<Cell><Data ss:Type="Number">0</Data></Cell>
			<Cell><Data ss:Type="Number">0</Data></Cell>
			<Cell><Data ss:Type="String">2023-12-07 16:49:39.536183</Data></Cell>
		</Row>
		<Row>
			<Cell><Data ss:Type="String">663</Data></Cell>
			<Cell><Data ss:Type="Number">0.53</Data></Cell>
			<Cell><Data ss:Type="Number">-9.95</Data></Cell>
			<Cell><Data ss:Type="Number">0.21</Data></Cell>
			<Cell><Data ss:Type="Number">-9.43</Data></Cell>
			<Cell><Data ss:Type="Number">-0.2</Data></Cell>
			<Cell><Data ss:Type="Number">-0.9</Data></Cell>
			<Cell><Data ss:Type="Number">22.9</Data></Cell>
			<Cell><Data ss:Type="Number">39.1</Data></Cell>
			<Cell><Data ss:Type="Number">0</Data></Cell>
			<Cell><Data ss:Type="Number">0</Data></Cell>
			<Cell><Data ss:Type="String">2023-12-07 16:49:39.493250</Data></Cell>
		</Row>
		<Row>
			<Cell><Data ss:Type="String">662</Data></Cell>
			<Cell><Data ss:Type="Number">0.23</Data></Cell>
			<Cell><Data ss:Type="Number">-10.1</Data></Cell>
			<Cell><Data ss:Type="Number">0.19</Data></Cell>
			<Cell><Data ss:Type="Number">-9.53</Data></Cell>
			<Cell><Data ss:Type="Number">-0.14</Data></Cell>
			<Cell><Data ss:Type="Number">-0.94</Data></Cell>
			<Cell><Data ss:Type="Number">22.9</Data></Cell>
			<Cell><Data ss:Type="Number">39.1</Data></Cell>
			<Cell><Data ss:Type="Number">0</Data></Cell>
			<Cell><Data ss:Type="Number">0</Data></Cell>
			<Cell><Data ss:Type="String">2023-12-07 16:49:39.444974</Data></Cell>
		</Row>
		<Row>
			<Cell><Data ss:Type="String">661</Data></Cell>
			<Cell><Data ss:Type="Number">0.67</Data></Cell>
			<Cell><Data ss:Type="Number">-9.92</Data></Cell>
			<Cell><Data ss:Type="Number">0.39</Data></Cell>
			<Cell><Data ss:Type="Number">-9.43</Data></Cell>
			<Cell><Data ss:Type="Number">-0.37</Data></Cell>
			<Cell><Data ss:Type="Number">-0.86</Data></Cell>
			<Cell><Data ss:Type="Number">22.9</Data></Cell>
			<Cell><Data ss:Type="Number">39.1</Data></Cell>
			<Cell><Data ss:Type="Number">0</Data></Cell>
			<Cell><Data ss:Type="Number">0</Data></Cell>
			<Cell><Data ss:Type="String">2023-12-07 16:49:39.443186</Data></Cell>
		</Row>
		<Row>
			<Cell><Data ss:Type="String">660</Data></Cell>
			<Cell><Data ss:Type="Number">0.21</Data></Cell>
			<Cell><Data ss:Type="Number">-10.13</Data></Cell>
			<Cell><Data ss:Type="Number">-0.27</Data></Cell>
			<Cell><Data ss:Type="Number">-9.55</Data></Cell>
			<Cell><Data ss:Type="Number">0.03</Data></Cell>
			<Cell><Data ss:Type="Number">-0.91</Data></Cell>
			<Cell><Data ss:Type="Number">22.9</Data></Cell>
			<Cell><Data ss:Type="Number">39.1</Data></Cell>
			<Cell><Data ss:Type="Number">0</Data></Cell>
			<Cell><Data ss:Type="Number">0</Data></Cell>
			<Cell><Data ss:Type="String">2023-12-07 16:49:39.395917</Data></Cell>
		</Row>
		<Row>
			<Cell><Data ss:Type="String">659</Data></Cell>
			<Cell><Data ss:Type="Number">-0.69</Data></Cell>
			<Cell><Data ss:Type="Number">-10.28</Data></Cell>
			<Cell><Data ss:Type="Number">-0.61</Data></Cell>
			<Cell><Data ss:Type="Number">-9.58</Data></Cell>
			<Cell><Data ss:Type="Number">0.4</Data></Cell>
			<Cell><Data ss:Type="Number">-1.08</Data></Cell>
			<Cell><Data ss:Type="Number">22.9</Data></Cell>
			<Cell><Data ss:Type="Number">39.1</Data></Cell>
			<Cell><Data ss:Type="Number">0</Data></Cell>
			<Cell><Data ss:Type="Number">0</Data></Cell>
			<Cell><Data ss:Type="String">2023-12-07 16:49:39.393742</Data></Cell>
		</Row>
		<Row>
			<Cell><Data ss:Type="String">658</Data></Cell>
			<Cell><Data ss:Type="Number">0.93</Data></Cell>
			<Cell><Data ss:Type="Number">-9.93</Data></Cell>
			<Cell><Data ss:Type="Number">0.35</Data></Cell>
			<Cell><Data ss:Type="Number">-9.39</Data></Cell>
			<Cell><Data ss:Type="Number">0.17</Data></Cell>
			<Cell><Data ss:Type="Number">-0.81</Data></Cell>
			<Cell><Data ss:Type="Number">22.9</Data></Cell>
			<Cell><Data ss:Type="Number">39.1</Data></Cell>
			<Cell><Data ss:Type="Number">0</Data></Cell>
			<Cell><Data ss:Type="Number">0</Data></Cell>
			<Cell><Data ss:Type="String">2023-12-07 16:49:39.308137</Data></Cell>
		</Row>
		<Row>
			<Cell><Data ss:Type="String">657</Data></Cell>
			<Cell><Data ss:Type="Number">2.98</Data></Cell>
			<Cell><Data ss:Type="Number">-9.39</Data></Cell>
			<Cell><Data ss:Type="Number">1.47</Data></Cell>
			<Cell><Data ss:Type="Number">-9.37</Data></Cell>
			<Cell><Data ss:Type="Number">-1.36</Data></Cell>
			<Cell><Data ss:Type="Number">-1.01</Data></Cell>
			<Cell><Data ss:Type="Number">22.9</Data></Cell>
			<Cell><Data ss:Type="Number">39.1</Data></Cell>
			<Cell><Data ss:Type="Number">0</Data></Cell>
			<Cell><Data ss:Type="Number">0</Data></Cell>
			<Cell><Data ss:Type="String">2023-12-07 16:49:39.305669</Data></Cell>
		</Row>
		<Row>
			<Cell><Data ss:Type="String">656</Data></Cell>
			<Cell><Data ss:Type="Number">0.82</Data></Cell>
			<Cell><Data ss:Type="Number">-12.3</Data></Cell>
			<Cell><Data ss:Type="Number">2.63</Data></Cell>
			<Cell><Data ss:Type="Number">-9.72</Data></Cell>
			<Cell><Data ss:Type="Number">-1.27</Data></Cell>
			<Cell><Data ss:Type="Number">0.15</Data></Cell>
			<Cell><Data ss:Type="Number">22.9</Data></Cell>
			<Cell><Data ss:Type="Number">39.1</Data></Cell>
			<Cell><Data ss:Type="Number">0</Data></Cell>
			<Cell><Data ss:Type="Number">0</Data></Cell>
			<Cell><Data ss:Type="String">2023-12-07 16:49:39.258265</Data></Cell>
		</Row>
		<Row>
			<Cell><Data ss:Type="String">655</Data></Cell>
			<Cell><Data ss:Type="Number">0.87</Data></Cell>
			<Cell><Data ss:Type="Number">-10.19</Data></Cell>
			<Cell><Data ss:Type="Number">0.76</Data></Cell>
			<Cell><Data ss:Type="Number">-9.59</Data></Cell>
			<Cell><Data ss:Type="Number">-0.03</Data></Cell>
			<Cell><Data ss:Type="Number">-0.88</Data></Cell>
			<Cell><Data ss:Type="Number">22.9</Data></Cell>
			<Cell><Data ss:Type="Number">39.1</Data></Cell>
			<Cell><Data ss:Type="Number">0</Data></Cell>
			<Cell><Data ss:Type="Number">0</Data></Cell>
			<Cell><Data ss:Type="String">2023-12-07 16:49:39.212995</Data></Cell>
		</Row>
		<Row>
			<Cell><Data ss:Type="String">654</Data></Cell>
			<Cell><Data ss:Type="Number">0.92</Data></Cell>
			<Cell><Data ss:Type="Number">-10.33</Data></Cell>
			<Cell><Data ss:Type="Number">-0.08</Data></Cell>
			<Cell><Data ss:Type="Number">-9.34</Data></Cell>
			<Cell><Data ss:Type="Number">-0.05</Data></Cell>
			<Cell><Data ss:Type="Number">-0.93</Data></Cell>
			<Cell><Data ss:Type="Number">22.9</Data></Cell>
			<Cell><Data ss:Type="Number">39.1</Data></Cell>
			<Cell><Data ss:Type="Number">0</Data></Cell>
			<Cell><Data ss:Type="Number">0</Data></Cell>
			<Cell><Data ss:Type="String">2023-12-07 16:49:39.207430</Data></Cell>
		</Row>
		<Row>
			<Cell><Data ss:Type="String">653</Data></Cell>
			<Cell><Data ss:Type="Number">0.1</Data></Cell>
			<Cell><Data ss:Type="Number">-10.19</Data></Cell>
			<Cell><Data ss:Type="Number">0.05</Data></Cell>
			<Cell><Data ss:Type="Number">-9.43</Data></Cell>
			<Cell><Data ss:Type="Number">-0.1</Data></Cell>
			<Cell><Data ss:Type="Number">-0.85</Data></Cell>
			<Cell><Data ss:Type="Number">22.9</Data></Cell>
			<Cell><Data ss:Type="Number">39.1</Data></Cell>
			<Cell><Data ss:Type="Number">0</Data></Cell>
			<Cell><Data ss:Type="Number">0</Data></Cell>
			<Cell><Data ss:Type="String">2023-12-07 16:49:39.152871</Data></Cell>
		</Row>
		<Row>
			<Cell><Data ss:Type="String">652</Data></Cell>
			<Cell><Data ss:Type="Number">0.44</Data></Cell>
			<Cell><Data ss:Type="Number">-9.65</Data></Cell>
			<Cell><Data ss:Type="Number">0.38</Data></Cell>
			<Cell><Data ss:Type="Number">-9.44</Data></Cell>
			<Cell><Data ss:Type="Number">-0.13</Data></Cell>
			<Cell><Data ss:Type="Number">-0.94</Data></Cell>
			<Cell><Data ss:Type="Number">22.9</Data></Cell>
			<Cell><Data ss:Type="Number">39.1</Data></Cell>
			<Cell><Data ss:Type="Number">0</Data></Cell>
			<Cell><Data ss:Type="Number">0</Data></Cell>
			<Cell><Data ss:Type="String">2023-12-07 16:49:39.150144</Data></Cell>
		</Row>
		<Row>
			<Cell><Data ss:Type="String">651</Data></Cell>
			<Cell><Data ss:Type="Number">0.37</Data></Cell>
			<Cell><Data ss:Type="Number">-10.45</Data></Cell>
			<Cell><Data ss:Type="Number">0.17</Data></Cell>
			<Cell><Data ss:Type="Number">-9.57</Data></Cell>
			<Cell><Data ss:Type="Number">-0.03</Data></Cell>
			<Cell><Data ss:Type="Number">-0.85</Data></Cell>
			<Cell><Data ss:Type="Number">22.9</Data></Cell>
			<Cell><Data ss:Type="Number">39.1</Data></Cell>
			<Cell><Data ss:Type="Number">0</Data></Cell>
			<Cell><Data ss:Type="Number">0</Data></Cell>
			<Cell><Data ss:Type="String">2023-12-07 16:49:39.097323</Data></Cell>
		</Row>
		<Row>
			<Cell><Data ss:Type="String">650</Data></Cell>
			<Cell><Data ss:Type="Number">0.37</Data></Cell>
			<Cell><Data ss:Type="Number">-10.36</Data></Cell>
			<Cell><Data ss:Type="Number">0.2</Data></Cell>
			<Cell><Data ss:Type="Number">-9.57</Data></Cell>
			<Cell><Data ss:Type="Number">-0.07</Data></Cell>
			<Cell><Data ss:Type="Number">-0.95</Data></Cell>
			<Cell><Data ss:Type="Number">22.9</Data></Cell>
			<Cell><Data ss:Type="Number">39.1</Data></Cell>
			<Cell><Data ss:Type="Number">0</Data></Cell>
			<Cell><Data ss:Type="Number">0</Data></Cell>
			<Cell><Data ss:Type="String">2023-12-07 16:49:39.095707</Data></Cell>
		</Row>
		<Row>
			<Cell><Data ss:Type="String">649</Data></Cell>
			<Cell><Data ss:Type="Number">0.41</Data></Cell>
			<Cell><Data ss:Type="Number">-10.2</Data></Cell>
			<Cell><Data ss:Type="Number">0.36</Data></Cell>
			<Cell><Data ss:Type="Number">-9.46</Data></Cell>
			<Cell><Data ss:Type="Number">-0.07</Data></Cell>
			<Cell><Data ss:Type="Number">-0.93</Data></Cell>
			<Cell><Data ss:Type="Number">22.9</Data></Cell>
			<Cell><Data ss:Type="Number">39.1</Data></Cell>
			<Cell><Data ss:Type="Number">0</Data></Cell>
			<Cell><Data ss:Type="Number">0</Data></Cell>
			<Cell><Data ss:Type="String">2023-12-07 16:49:39.093721</Data></Cell>
		</Row>
		<Row>
			<Cell><Data ss:Type="String">648</Data></Cell>
			<Cell><Data ss:Type="Number">0.02</Data></Cell>
			<Cell><Data ss:Type="Number">-9.9</Data></Cell>
			<Cell><Data ss:Type="Number">0.03</Data></Cell>
			<Cell><Data ss:Type="Number">-9.4</Data></Cell>
			<Cell><Data ss:Type="Number">-0.08</Data></Cell>
			<Cell><Data ss:Type="Number">-0.94</Data></Cell>
			<Cell><Data ss:Type="Number">22.9</Data></Cell>
			<Cell><Data ss:Type="Number">39.1</Data></Cell>
			<Cell><Data ss:Type="Number">0</Data></Cell>
			<Cell><Data ss:Type="Number">0</Data></Cell>
			<Cell><Data ss:Type="String">2023-12-07 16:49:39.091775</Data></Cell>
		</Row>
		<Row>
			<Cell><Data ss:Type="String">647</Data></Cell>
			<Cell><Data ss:Type="Number">-0.07</Data></Cell>
			<Cell><Data ss:Type="Number">-9.88</Data></Cell>
			<Cell><Data ss:Type="Number">-0.03</Data></Cell>
			<Cell><Data ss:Type="Number">-9.48</Data></Cell>
			<Cell><Data ss:Type="Number">-0.12</Data></Cell>
			<Cell><Data ss:Type="Number">-0.91</Data></Cell>
			<Cell><Data ss:Type="Number">22.9</Data></Cell>
			<Cell><Data ss:Type="Number">39.1</Data></Cell>
			<Cell><Data ss:Type="Number">0</Data></Cell>
			<Cell><Data ss:Type="Number">0</Data></Cell>
			<Cell><Data ss:Type="String">2023-12-07 16:49:39.089308</Data></Cell>
		</Row>
		<Row>
			<Cell><Data ss:Type="String">646</Data></Cell>
			<Cell><Data ss:Type="Number">0.03</Data></Cell>
			<Cell><Data ss:Type="Number">-10.1</Data></Cell>
			<Cell><Data ss:Type="Number">0.06</Data></Cell>
			<Cell><Data ss:Type="Number">-9.39</Data></Cell>
			<Cell><Data ss:Type="Number">-0.06</Data></Cell>
			<Cell><Data ss:Type="Number">-0.95</Data></Cell>
			<Cell><Data ss:Type="Number">22.9</Data></Cell>
			<Cell><Data ss:Type="Number">39.1</Data></Cell>
			<Cell><Data ss:Type="Number">0</Data></Cell>
			<Cell><Data ss:Type="Number">0</Data></Cell>
			<Cell><Data ss:Type="String">2023-12-07 16:49:39.087276</Data></Cell>
		</Row>
		<Row>
			<Cell><Data ss:Type="String">645</Data></Cell>
			<Cell><Data ss:Type="Number">0.46</Data></Cell>
			<Cell><Data ss:Type="Number">-9.47</Data></Cell>
			<Cell><Data ss:Type="Number">0.43</Data></Cell>
			<Cell><Data ss:Type="Number">-9.39</Data></Cell>
			<Cell><Data ss:Type="Number">-0.12</Data></Cell>
			<Cell><Data ss:Type="Number">-0.91</Data></Cell>
			<Cell><Data ss:Type="Number">22.9</Data></Cell>
			<Cell><Data ss:Type="Number">39.1</Data></Cell>
			<Cell><Data ss:Type="Number">0</Data></Cell>
			<Cell><Data ss:Type="Number">0</Data></Cell>
			<Cell><Data ss:Type="String">2023-12-07 16:49:38.876491</Data></Cell>
		</Row>
		<Row>
			<Cell><Data ss:Type="String">644</Data></Cell>
			<Cell><Data ss:Type="Number">-0.03</Data></Cell>
			<Cell><Data ss:Type="Number">-10.31</Data></Cell>
			<Cell><Data ss:Type="Number">-0.01</Data></Cell>
			<Cell><Data ss:Type="Number">-9.43</Data></Cell>
			<Cell><Data ss:Type="Number">-0.02</Data></Cell>
			<Cell><Data ss:Type="Number">-0.92</Data></Cell>
			<Cell><Data ss:Type="Number">22.9</Data></Cell>
			<Cell><Data ss:Type="Number">39.1</Data></Cell>
			<Cell><Data ss:Type="Number">0</Data></Cell>
			<Cell><Data ss:Type="Number">0</Data></Cell>
			<Cell><Data ss:Type="String">2023-12-07 16:49:38.874538</Data></Cell>
		</Row>
		<Row>
			<Cell><Data ss:Type="String">643</Data></Cell>
			<Cell><Data ss:Type="Number">0.58</Data></Cell>
			<Cell><Data ss:Type="Number">-10.14</Data></Cell>
			<Cell><Data ss:Type="Number">0.48</Data></Cell>
			<Cell><Data ss:Type="Number">-9.52</Data></Cell>
			<Cell><Data ss:Type="Number">-0.08</Data></Cell>
			<Cell><Data ss:Type="Number">-0.93</Data></Cell>
			<Cell><Data ss:Type="Number">22.9</Data></Cell>
			<Cell><Data ss:Type="Number">39.1</Data></Cell>
			<Cell><Data ss:Type="Number">0</Data></Cell>
			<Cell><Data ss:Type="Number">0</Data></Cell>
			<Cell><Data ss:Type="String">2023-12-07 16:49:38.828669</Data></Cell>
		</Row>
		<Row>
			<Cell><Data ss:Type="String">642</Data></Cell>
			<Cell><Data ss:Type="Number">0.22</Data></Cell>
			<Cell><Data ss:Type="Number">-10.45</Data></Cell>
			<Cell><Data ss:Type="Number">-0.12</Data></Cell>
			<Cell><Data ss:Type="Number">-9.47</Data></Cell>
			<Cell><Data ss:Type="Number">-0.13</Data></Cell>
			<Cell><Data ss:Type="Number">-0.89</Data></Cell>
			<Cell><Data ss:Type="Number">22.9</Data></Cell>
			<Cell><Data ss:Type="Number">39.1</Data></Cell>
			<Cell><Data ss:Type="Number">0</Data></Cell>
			<Cell><Data ss:Type="Number">0</Data></Cell>
			<Cell><Data ss:Type="String">2023-12-07 16:49:38.783166</Data></Cell>
		</Row>
		<Row>
			<Cell><Data ss:Type="String">641</Data></Cell>
			<Cell><Data ss:Type="Number">0.14</Data></Cell>
			<Cell><Data ss:Type="Number">-9.45</Data></Cell>
			<Cell><Data ss:Type="Number">-0.02</Data></Cell>
			<Cell><Data ss:Type="Number">-9.41</Data></Cell>
			<Cell><Data ss:Type="Number">-0.08</Data></Cell>
			<Cell><Data ss:Type="Number">-1</Data></Cell>
			<Cell><Data ss:Type="Number">22.9</Data></Cell>
			<Cell><Data ss:Type="Number">39.1</Data></Cell>
			<Cell><Data ss:Type="Number">0</Data></Cell>
			<Cell><Data ss:Type="Number">0</Data></Cell>
			<Cell><Data ss:Type="String">2023-12-07 16:49:38.781511</Data></Cell>
		</Row>
		<Row>
			<Cell><Data ss:Type="String">640</Data></Cell>
			<Cell><Data ss:Type="Number">0.4</Data></Cell>
			<Cell><Data ss:Type="Number">-10.03</Data></Cell>
			<Cell><Data ss:Type="Number">0.67</Data></Cell>
			<Cell><Data ss:Type="Number">-9.52</Data></Cell>
			<Cell><Data ss:Type="Number">-0.11</Data></Cell>
			<Cell><Data ss:Type="Number">-0.93</Data></Cell>
			<Cell><Data ss:Type="Number">22.9</Data></Cell>
			<Cell><Data ss:Type="Number">39.1</Data></Cell>
			<Cell><Data ss:Type="Number">0</Data></Cell>
			<Cell><Data ss:Type="Number">0</Data></Cell>
			<Cell><Data ss:Type="String">2023-12-07 16:49:38.779725</Data></Cell>
		</Row>
		<Row>
			<Cell><Data ss:Type="String">639</Data></Cell>
			<Cell><Data ss:Type="Number">0.06</Data></Cell>
			<Cell><Data ss:Type="Number">-10.68</Data></Cell>
			<Cell><Data ss:Type="Number">-0.08</Data></Cell>
			<Cell><Data ss:Type="Number">-9.6</Data></Cell>
			<Cell><Data ss:Type="Number">-0.02</Data></Cell>
			<Cell><Data ss:Type="Number">-0.88</Data></Cell>
			<Cell><Data ss:Type="Number">22.9</Data></Cell>
			<Cell><Data ss:Type="Number">39.1</Data></Cell>
			<Cell><Data ss:Type="Number">0</Data></Cell>
			<Cell><Data ss:Type="Number">0</Data></Cell>
			<Cell><Data ss:Type="String">2023-12-07 16:49:38.657298</Data></Cell>
		</Row>
		<Row>
			<Cell><Data ss:Type="String">638</Data></Cell>
			<Cell><Data ss:Type="Number">0.19</Data></Cell>
			<Cell><Data ss:Type="Number">-10.3</Data></Cell>
			<Cell><Data ss:Type="Number">0.37</Data></Cell>
			<Cell><Data ss:Type="Number">-9.51</Data></Cell>
			<Cell><Data ss:Type="Number">-0.05</Data></Cell>
			<Cell><Data ss:Type="Number">-0.85</Data></Cell>
			<Cell><Data ss:Type="Number">22.9</Data></Cell>
			<Cell><Data ss:Type="Number">39.1</Data></Cell>
			<Cell><Data ss:Type="Number">0</Data></Cell>
			<Cell><Data ss:Type="Number">0</Data></Cell>
			<Cell><Data ss:Type="String">2023-12-07 16:49:38.651010</Data></Cell>
		</Row>
		<Row>
			<Cell><Data ss:Type="String">637</Data></Cell>
			<Cell><Data ss:Type="Number">0.26</Data></Cell>
			<Cell><Data ss:Type="Number">-10.03</Data></Cell>
			<Cell><Data ss:Type="Number">-0.05</Data></Cell>
			<Cell><Data ss:Type="Number">-9.39</Data></Cell>
			<Cell><Data ss:Type="Number">-0.05</Data></Cell>
			<Cell><Data ss:Type="Number">-0.96</Data></Cell>
			<Cell><Data ss:Type="Number">22.9</Data></Cell>
			<Cell><Data ss:Type="Number">39.1</Data></Cell>
			<Cell><Data ss:Type="Number">0</Data></Cell>
			<Cell><Data ss:Type="Number">0</Data></Cell>
			<Cell><Data ss:Type="String">2023-12-07 16:49:38.649233</Data></Cell>
		</Row>
		<Row>
			<Cell><Data ss:Type="String">636</Data></Cell>
			<Cell><Data ss:Type="Number">0.34</Data></Cell>
			<Cell><Data ss:Type="Number">-10.25</Data></Cell>
			<Cell><Data ss:Type="Number">0.04</Data></Cell>
			<Cell><Data ss:Type="Number">-9.5</Data></Cell>
			<Cell><Data ss:Type="Number">-0.16</Data></Cell>
			<Cell><Data ss:Type="Number">-0.92</Data></Cell>
			<Cell><Data ss:Type="Number">22.9</Data></Cell>
			<Cell><Data ss:Type="Number">39.1</Data></Cell>
			<Cell><Data ss:Type="Number">0</Data></Cell>
			<Cell><Data ss:Type="Number">0</Data></Cell>
			<Cell><Data ss:Type="String">2023-12-07 16:49:38.647592</Data></Cell>
		</Row>
		<Row>
			<Cell><Data ss:Type="String">635</Data></Cell>
			<Cell><Data ss:Type="Number">0.2</Data></Cell>
			<Cell><Data ss:Type="Number">-9.89</Data></Cell>
			<Cell><Data ss:Type="Number">0.24</Data></Cell>
			<Cell><Data ss:Type="Number">-9.4</Data></Cell>
			<Cell><Data ss:Type="Number">-0.11</Data></Cell>
			<Cell><Data ss:Type="Number">-0.92</Data></Cell>
			<Cell><Data ss:Type="Number">22.9</Data></Cell>
			<Cell><Data ss:Type="Number">39.1</Data></Cell>
			<Cell><Data ss:Type="Number">0</Data></Cell>
			<Cell><Data ss:Type="Number">0</Data></Cell>
			<Cell><Data ss:Type="String">2023-12-07 16:49:38.645861</Data></Cell>
		</Row>
		<Row>
			<Cell><Data ss:Type="String">634</Data></Cell>
			<Cell><Data ss:Type="Number">0.39</Data></Cell>
			<Cell><Data ss:Type="Number">-9.6</Data></Cell>
			<Cell><Data ss:Type="Number">0.24</Data></Cell>
			<Cell><Data ss:Type="Number">-9.48</Data></Cell>
			<Cell><Data ss:Type="Number">-0.07</Data></Cell>
			<Cell><Data ss:Type="Number">-0.94</Data></Cell>
			<Cell><Data ss:Type="Number">22.9</Data></Cell>
			<Cell><Data ss:Type="Number">39.1</Data></Cell>
			<Cell><Data ss:Type="Number">0</Data></Cell>
			<Cell><Data ss:Type="Number">0</Data></Cell>
			<Cell><Data ss:Type="String">2023-12-07 16:49:38.644069</Data></Cell>
		</Row>
		<Row>
			<Cell><Data ss:Type="String">633</Data></Cell>
			<Cell><Data ss:Type="Number">0.39</Data></Cell>
			<Cell><Data ss:Type="Number">-10.07</Data></Cell>
			<Cell><Data ss:Type="Number">0.5</Data></Cell>
			<Cell><Data ss:Type="Number">-9.55</Data></Cell>
			<Cell><Data ss:Type="Number">0.04</Data></Cell>
			<Cell><Data ss:Type="Number">-0.89</Data></Cell>
			<Cell><Data ss:Type="Number">22.9</Data></Cell>
			<Cell><Data ss:Type="Number">39.1</Data></Cell>
			<Cell><Data ss:Type="Number">0</Data></Cell>
			<Cell><Data ss:Type="Number">0</Data></Cell>
			<Cell><Data ss:Type="String">2023-12-07 16:49:38.642161</Data></Cell>
		</Row>
		<Row>
			<Cell><Data ss:Type="String">632</Data></Cell>
			<Cell><Data ss:Type="Number">0.38</Data></Cell>
			<Cell><Data ss:Type="Number">-10.16</Data></Cell>
			<Cell><Data ss:Type="Number">0.09</Data></Cell>
			<Cell><Data ss:Type="Number">-9.34</Data></Cell>
			<Cell><Data ss:Type="Number">-0.09</Data></Cell>
			<Cell><Data ss:Type="Number">-0.87</Data></Cell>
			<Cell><Data ss:Type="Number">22.9</Data></Cell>
			<Cell><Data ss:Type="Number">39.1</Data></Cell>
			<Cell><Data ss:Type="Number">0</Data></Cell>
			<Cell><Data ss:Type="Number">0</Data></Cell>
			<Cell><Data ss:Type="String">2023-12-07 16:49:38.639602</Data></Cell>
		</Row>
		<Row>
			<Cell><Data ss:Type="String">631</Data></Cell>
			<Cell><Data ss:Type="Number">0.39</Data></Cell>
			<Cell><Data ss:Type="Number">-9.58</Data></Cell>
			<Cell><Data ss:Type="Number">0.16</Data></Cell>
			<Cell><Data ss:Type="Number">-9.51</Data></Cell>
			<Cell><Data ss:Type="Number">-0.01</Data></Cell>
			<Cell><Data ss:Type="Number">-0.9</Data></Cell>
			<Cell><Data ss:Type="Number">22.9</Data></Cell>
			<Cell><Data ss:Type="Number">39.1</Data></Cell>
			<Cell><Data ss:Type="Number">0</Data></Cell>
			<Cell><Data ss:Type="Number">0</Data></Cell>
			<Cell><Data ss:Type="String">2023-12-07 16:49:38.419414</Data></Cell>
		</Row>
		<Row>
			<Cell><Data ss:Type="String">630</Data></Cell>
			<Cell><Data ss:Type="Number">0.25</Data></Cell>
			<Cell><Data ss:Type="Number">-10.19</Data></Cell>
			<Cell><Data ss:Type="Number">-0.17</Data></Cell>
			<Cell><Data ss:Type="Number">-9.43</Data></Cell>
			<Cell><Data ss:Type="Number">-0.04</Data></Cell>
			<Cell><Data ss:Type="Number">-0.91</Data></Cell>
			<Cell><Data ss:Type="Number">22.9</Data></Cell>
			<Cell><Data ss:Type="Number">39.1</Data></Cell>
			<Cell><Data ss:Type="Number">0</Data></Cell>
			<Cell><Data ss:Type="Number">0</Data></Cell>
			<Cell><Data ss:Type="String">2023-12-07 16:49:38.417269</Data></Cell>
		</Row>
		<Row>
			<Cell><Data ss:Type="String">629</Data></Cell>
			<Cell><Data ss:Type="Number">0.03</Data></Cell>
			<Cell><Data ss:Type="Number">-9.65</Data></Cell>
			<Cell><Data ss:Type="Number">-0.16</Data></Cell>
			<Cell><Data ss:Type="Number">-9.53</Data></Cell>
			<Cell><Data ss:Type="Number">-0.17</Data></Cell>
			<Cell><Data ss:Type="Number">-0.81</Data></Cell>
			<Cell><Data ss:Type="Number">22.9</Data></Cell>
			<Cell><Data ss:Type="Number">39.1</Data></Cell>
			<Cell><Data ss:Type="Number">0</Data></Cell>
			<Cell><Data ss:Type="Number">0</Data></Cell>
			<Cell><Data ss:Type="String">2023-12-07 16:49:38.415394</Data></Cell>
		</Row>
		<Row>
			<Cell><Data ss:Type="String">628</Data></Cell>
			<Cell><Data ss:Type="Number">0.34</Data></Cell>
			<Cell><Data ss:Type="Number">-10.42</Data></Cell>
			<Cell><Data ss:Type="Number">-0.3</Data></Cell>
			<Cell><Data ss:Type="Number">-9.59</Data></Cell>
			<Cell><Data ss:Type="Number">-0.04</Data></Cell>
			<Cell><Data ss:Type="Number">-0.88</Data></Cell>
			<Cell><Data ss:Type="Number">22.9</Data></Cell>
			<Cell><Data ss:Type="Number">39.1</Data></Cell>
			<Cell><Data ss:Type="Number">0</Data></Cell>
			<Cell><Data ss:Type="Number">0</Data></Cell>
			<Cell><Data ss:Type="String">2023-12-07 16:49:38.413549</Data></Cell>
		</Row>
		<Row>
			<Cell><Data ss:Type="String">627</Data></Cell>
			<Cell><Data ss:Type="Number">0.28</Data></Cell>
			<Cell><Data ss:Type="Number">-10.33</Data></Cell>
			<Cell><Data ss:Type="Number">0.02</Data></Cell>
			<Cell><Data ss:Type="Number">-9.54</Data></Cell>
			<Cell><Data ss:Type="Number">-0.02</Data></Cell>
			<Cell><Data ss:Type="Number">-0.94</Data></Cell>
			<Cell><Data ss:Type="Number">22.9</Data></Cell>
			<Cell><Data ss:Type="Number">39.1</Data></Cell>
			<Cell><Data ss:Type="Number">0</Data></Cell>
			<Cell><Data ss:Type="Number">0</Data></Cell>
			<Cell><Data ss:Type="String">2023-12-07 16:49:38.411700</Data></Cell>
		</Row>
		<Row>
			<Cell><Data ss:Type="String">626</Data></Cell>
			<Cell><Data ss:Type="Number">0.38</Data></Cell>
			<Cell><Data ss:Type="Number">-9.72</Data></Cell>
			<Cell><Data ss:Type="Number">0.04</Data></Cell>
			<Cell><Data ss:Type="Number">-9.33</Data></Cell>
			<Cell><Data ss:Type="Number">-0.01</Data></Cell>
			<Cell><Data ss:Type="Number">-0.92</Data></Cell>
			<Cell><Data ss:Type="Number">22.9</Data></Cell>
			<Cell><Data ss:Type="Number">39.1</Data></Cell>
			<Cell><Data ss:Type="Number">0</Data></Cell>
			<Cell><Data ss:Type="Number">0</Data></Cell>
			<Cell><Data ss:Type="String">2023-12-07 16:49:38.409590</Data></Cell>
		</Row>
		<Row>
			<Cell><Data ss:Type="String">625</Data></Cell>
			<Cell><Data ss:Type="Number">-0.22</Data></Cell>
			<Cell><Data ss:Type="Number">-9.78</Data></Cell>
			<Cell><Data ss:Type="Number">0.65</Data></Cell>
			<Cell><Data ss:Type="Number">-9.41</Data></Cell>
			<Cell><Data ss:Type="Number">-0.25</Data></Cell>
			<Cell><Data ss:Type="Number">-0.87</Data></Cell>
			<Cell><Data ss:Type="Number">22.9</Data></Cell>
			<Cell><Data ss:Type="Number">39.1</Data></Cell>
			<Cell><Data ss:Type="Number">0</Data></Cell>
			<Cell><Data ss:Type="Number">0</Data></Cell>
			<Cell><Data ss:Type="String">2023-12-07 16:49:38.404121</Data></Cell>
		</Row>
		<Row>
			<Cell><Data ss:Type="String">624</Data></Cell>
			<Cell><Data ss:Type="Number">0.28</Data></Cell>
			<Cell><Data ss:Type="Number">-9.69</Data></Cell>
			<Cell><Data ss:Type="Number">0.08</Data></Cell>
			<Cell><Data ss:Type="Number">-9.47</Data></Cell>
			<Cell><Data ss:Type="Number">0.02</Data></Cell>
			<Cell><Data ss:Type="Number">-0.95</Data></Cell>
			<Cell><Data ss:Type="Number">22.9</Data></Cell>
			<Cell><Data ss:Type="Number">39.1</Data></Cell>
			<Cell><Data ss:Type="Number">0</Data></Cell>
			<Cell><Data ss:Type="Number">0</Data></Cell>
			<Cell><Data ss:Type="String">2023-12-07 16:49:38.171983</Data></Cell>
		</Row>
		<Row>
			<Cell><Data ss:Type="String">623</Data></Cell>
			<Cell><Data ss:Type="Number">-0.41</Data></Cell>
			<Cell><Data ss:Type="Number">-10.17</Data></Cell>
			<Cell><Data ss:Type="Number">-0.46</Data></Cell>
			<Cell><Data ss:Type="Number">-9.6</Data></Cell>
			<Cell><Data ss:Type="Number">0.29</Data></Cell>
			<Cell><Data ss:Type="Number">-0.95</Data></Cell>
			<Cell><Data ss:Type="Number">22.9</Data></Cell>
			<Cell><Data ss:Type="Number">39.1</Data></Cell>
			<Cell><Data ss:Type="Number">0</Data></Cell>
			<Cell><Data ss:Type="Number">0</Data></Cell>
			<Cell><Data ss:Type="String">2023-12-07 16:49:38.124578</Data></Cell>
		</Row>
		<Row>
			<Cell><Data ss:Type="String">622</Data></Cell>
			<Cell><Data ss:Type="Number">1.3</Data></Cell>
			<Cell><Data ss:Type="Number">-10.05</Data></Cell>
			<Cell><Data ss:Type="Number">0.92</Data></Cell>
			<Cell><Data ss:Type="Number">-9.33</Data></Cell>
			<Cell><Data ss:Type="Number">-0.16</Data></Cell>
			<Cell><Data ss:Type="Number">-0.83</Data></Cell>
			<Cell><Data ss:Type="Number">22.9</Data></Cell>
			<Cell><Data ss:Type="Number">39.1</Data></Cell>
			<Cell><Data ss:Type="Number">0</Data></Cell>
			<Cell><Data ss:Type="Number">0</Data></Cell>
			<Cell><Data ss:Type="String">2023-12-07 16:49:38.122847</Data></Cell>
		</Row>
		<Row>
			<Cell><Data ss:Type="String">621</Data></Cell>
			<Cell><Data ss:Type="Number">1.72</Data></Cell>
			<Cell><Data ss:Type="Number">-9.11</Data></Cell>
			<Cell><Data ss:Type="Number">1.17</Data></Cell>
			<Cell><Data ss:Type="Number">-9.39</Data></Cell>
			<Cell><Data ss:Type="Number">-1.07</Data></Cell>
			<Cell><Data ss:Type="Number">-1.01</Data></Cell>
			<Cell><Data ss:Type="Number">22.9</Data></Cell>
			<Cell><Data ss:Type="Number">39.1</Data></Cell>
			<Cell><Data ss:Type="Number">0</Data></Cell>
			<Cell><Data ss:Type="Number">0</Data></Cell>
			<Cell><Data ss:Type="String">2023-12-07 16:49:38.077943</Data></Cell>
		</Row>
		<Row>
			<Cell><Data ss:Type="String">620</Data></Cell>
			<Cell><Data ss:Type="Number">-2.73</Data></Cell>
			<Cell><Data ss:Type="Number">-9.92</Data></Cell>
			<Cell><Data ss:Type="Number">-1.32</Data></Cell>
			<Cell><Data ss:Type="Number">-9.39</Data></Cell>
			<Cell><Data ss:Type="Number">1.31</Data></Cell>
			<Cell><Data ss:Type="Number">-0.91</Data></Cell>
			<Cell><Data ss:Type="Number">22.9</Data></Cell>
			<Cell><Data ss:Type="Number">39.1</Data></Cell>
			<Cell><Data ss:Type="Number">0</Data></Cell>
			<Cell><Data ss:Type="Number">0</Data></Cell>
			<Cell><Data ss:Type="String">2023-12-07 16:49:38.032562</Data></Cell>
		</Row>
		<Row>
			<Cell><Data ss:Type="String">619</Data></Cell>
			<Cell><Data ss:Type="Number">-1.35</Data></Cell>
			<Cell><Data ss:Type="Number">-10.89</Data></Cell>
			<Cell><Data ss:Type="Number">-1.84</Data></Cell>
			<Cell><Data ss:Type="Number">-10.48</Data></Cell>
			<Cell><Data ss:Type="Number">1.43</Data></Cell>
			<Cell><Data ss:Type="Number">-1.52</Data></Cell>
			<Cell><Data ss:Type="Number">22.9</Data></Cell>
			<Cell><Data ss:Type="Number">39.1</Data></Cell>
			<Cell><Data ss:Type="Number">0</Data></Cell>
			<Cell><Data ss:Type="Number">0</Data></Cell>
			<Cell><Data ss:Type="String">2023-12-07 16:49:38.030785</Data></Cell>
		</Row>
		<Row>
			<Cell><Data ss:Type="String">618</Data></Cell>
			<Cell><Data ss:Type="Number">0.25</Data></Cell>
			<Cell><Data ss:Type="Number">-10.19</Data></Cell>
			<Cell><Data ss:Type="Number">0.21</Data></Cell>
			<Cell><Data ss:Type="Number">-9.49</Data></Cell>
			<Cell><Data ss:Type="Number">-0.06</Data></Cell>
			<Cell><Data ss:Type="Number">-0.9</Data></Cell>
			<Cell><Data ss:Type="Number">22.9</Data></Cell>
			<Cell><Data ss:Type="Number">39.1</Data></Cell>
			<Cell><Data ss:Type="Number">0</Data></Cell>
			<Cell><Data ss:Type="Number">0</Data></Cell>
			<Cell><Data ss:Type="String">2023-12-07 16:49:37.985855</Data></Cell>
		</Row>
		<Row>
			<Cell><Data ss:Type="String">617</Data></Cell>
			<Cell><Data ss:Type="Number">0.27</Data></Cell>
			<Cell><Data ss:Type="Number">-10</Data></Cell>
			<Cell><Data ss:Type="Number">0.13</Data></Cell>
			<Cell><Data ss:Type="Number">-9.42</Data></Cell>
			<Cell><Data ss:Type="Number">-0.06</Data></Cell>
			<Cell><Data ss:Type="Number">-0.96</Data></Cell>
			<Cell><Data ss:Type="Number">22.9</Data></Cell>
			<Cell><Data ss:Type="Number">39.1</Data></Cell>
			<Cell><Data ss:Type="Number">0</Data></Cell>
			<Cell><Data ss:Type="Number">0</Data></Cell>
			<Cell><Data ss:Type="String">2023-12-07 16:49:37.939524</Data></Cell>
		</Row>
		<Row>
			<Cell><Data ss:Type="String">616</Data></Cell>
			<Cell><Data ss:Type="Number">0.28</Data></Cell>
			<Cell><Data ss:Type="Number">-9.99</Data></Cell>
			<Cell><Data ss:Type="Number">0.11</Data></Cell>
			<Cell><Data ss:Type="Number">-9.49</Data></Cell>
			<Cell><Data ss:Type="Number">-0.08</Data></Cell>
			<Cell><Data ss:Type="Number">-0.95</Data></Cell>
			<Cell><Data ss:Type="Number">22.9</Data></Cell>
			<Cell><Data ss:Type="Number">39.1</Data></Cell>
			<Cell><Data ss:Type="Number">0</Data></Cell>
			<Cell><Data ss:Type="Number">0</Data></Cell>
			<Cell><Data ss:Type="String">2023-12-07 16:49:37.895690</Data></Cell>
		</Row>
		<Row>
			<Cell><Data ss:Type="String">615</Data></Cell>
			<Cell><Data ss:Type="Number">0.27</Data></Cell>
			<Cell><Data ss:Type="Number">-10.19</Data></Cell>
			<Cell><Data ss:Type="Number">0.16</Data></Cell>
			<Cell><Data ss:Type="Number">-9.54</Data></Cell>
			<Cell><Data ss:Type="Number">-0.06</Data></Cell>
			<Cell><Data ss:Type="Number">-0.93</Data></Cell>
			<Cell><Data ss:Type="Number">22.9</Data></Cell>
			<Cell><Data ss:Type="Number">39.1</Data></Cell>
			<Cell><Data ss:Type="Number">0</Data></Cell>
			<Cell><Data ss:Type="Number">0</Data></Cell>
			<Cell><Data ss:Type="String">2023-12-07 16:49:37.893902</Data></Cell>
		</Row>
		<Row>
			<Cell><Data ss:Type="String">614</Data></Cell>
			<Cell><Data ss:Type="Number">0.29</Data></Cell>
			<Cell><Data ss:Type="Number">-10.14</Data></Cell>
			<Cell><Data ss:Type="Number">0.17</Data></Cell>
			<Cell><Data ss:Type="Number">-9.48</Data></Cell>
			<Cell><Data ss:Type="Number">-0.06</Data></Cell>
			<Cell><Data ss:Type="Number">-0.89</Data></Cell>
			<Cell><Data ss:Type="Number">22.9</Data></Cell>
			<Cell><Data ss:Type="Number">39.1</Data></Cell>
			<Cell><Data ss:Type="Number">0</Data></Cell>
			<Cell><Data ss:Type="Number">0</Data></Cell>
			<Cell><Data ss:Type="String">2023-12-07 16:49:37.850632</Data></Cell>
		</Row>
		<Row>
			<Cell><Data ss:Type="String">613</Data></Cell>
			<Cell><Data ss:Type="Number">0.29</Data></Cell>
			<Cell><Data ss:Type="Number">-9.99</Data></Cell>
			<Cell><Data ss:Type="Number">0.14</Data></Cell>
			<Cell><Data ss:Type="Number">-9.43</Data></Cell>
			<Cell><Data ss:Type="Number">-0.06</Data></Cell>
			<Cell><Data ss:Type="Number">-0.94</Data></Cell>
			<Cell><Data ss:Type="Number">22.9</Data></Cell>
			<Cell><Data ss:Type="Number">39.1</Data></Cell>
			<Cell><Data ss:Type="Number">0</Data></Cell>
			<Cell><Data ss:Type="Number">0</Data></Cell>
			<Cell><Data ss:Type="String">2023-12-07 16:49:37.802067</Data></Cell>
		</Row>
		<Row>
			<Cell><Data ss:Type="String">612</Data></Cell>
			<Cell><Data ss:Type="Number">0.25</Data></Cell>
			<Cell><Data ss:Type="Number">-9.94</Data></Cell>
			<Cell><Data ss:Type="Number">0.1</Data></Cell>
			<Cell><Data ss:Type="Number">-9.45</Data></Cell>
			<Cell><Data ss:Type="Number">-0.06</Data></Cell>
			<Cell><Data ss:Type="Number">-0.93</Data></Cell>
			<Cell><Data ss:Type="Number">22.9</Data></Cell>
			<Cell><Data ss:Type="Number">39.1</Data></Cell>
			<Cell><Data ss:Type="Number">0</Data></Cell>
			<Cell><Data ss:Type="Number">0</Data></Cell>
			<Cell><Data ss:Type="String">2023-12-07 16:49:37.757563</Data></Cell>
		</Row>
		<Row>
			<Cell><Data ss:Type="String">611</Data></Cell>
			<Cell><Data ss:Type="Number">0.26</Data></Cell>
			<Cell><Data ss:Type="Number">-10.03</Data></Cell>
			<Cell><Data ss:Type="Number">0.1</Data></Cell>
			<Cell><Data ss:Type="Number">-9.47</Data></Cell>
			<Cell><Data ss:Type="Number">-0.06</Data></Cell>
			<Cell><Data ss:Type="Number">-0.94</Data></Cell>
			<Cell><Data ss:Type="Number">22.9</Data></Cell>
			<Cell><Data ss:Type="Number">39.1</Data></Cell>
			<Cell><Data ss:Type="Number">0</Data></Cell>
			<Cell><Data ss:Type="Number">0</Data></Cell>
			<Cell><Data ss:Type="String">2023-12-07 16:49:37.755754</Data></Cell>
		</Row>
		<Row>
			<Cell><Data ss:Type="String">610</Data></Cell>
			<Cell><Data ss:Type="Number">0.28</Data></Cell>
			<Cell><Data ss:Type="Number">-10.09</Data></Cell>
			<Cell><Data ss:Type="Number">0.05</Data></Cell>
			<Cell><Data ss:Type="Number">-9.54</Data></Cell>
			<Cell><Data ss:Type="Number">-0.09</Data></Cell>
			<Cell><Data ss:Type="Number">-0.91</Data></Cell>
			<Cell><Data ss:Type="Number">22.9</Data></Cell>
			<Cell><Data ss:Type="Number">39.1</Data></Cell>
			<Cell><Data ss:Type="Number">0</Data></Cell>
			<Cell><Data ss:Type="Number">0</Data></Cell>
			<Cell><Data ss:Type="String">2023-12-07 16:49:37.708656</Data></Cell>
		</Row>
		<Row>
			<Cell><Data ss:Type="String">609</Data></Cell>
			<Cell><Data ss:Type="Number">0.25</Data></Cell>
			<Cell><Data ss:Type="Number">-10.11</Data></Cell>
			<Cell><Data ss:Type="Number">0.2</Data></Cell>
			<Cell><Data ss:Type="Number">-9.46</Data></Cell>
			<Cell><Data ss:Type="Number">-0.06</Data></Cell>
			<Cell><Data ss:Type="Number">-0.88</Data></Cell>
			<Cell><Data ss:Type="Number">22.9</Data></Cell>
			<Cell><Data ss:Type="Number">39.1</Data></Cell>
			<Cell><Data ss:Type="Number">0</Data></Cell>
			<Cell><Data ss:Type="Number">0</Data></Cell>
			<Cell><Data ss:Type="String">2023-12-07 16:49:37.653446</Data></Cell>
		</Row>
		<Row>
			<Cell><Data ss:Type="String">608</Data></Cell>
			<Cell><Data ss:Type="Number">0.28</Data></Cell>
			<Cell><Data ss:Type="Number">-10.01</Data></Cell>
			<Cell><Data ss:Type="Number">0.17</Data></Cell>
			<Cell><Data ss:Type="Number">-9.44</Data></Cell>
			<Cell><Data ss:Type="Number">-0.09</Data></Cell>
			<Cell><Data ss:Type="Number">-0.93</Data></Cell>
			<Cell><Data ss:Type="Number">22.9</Data></Cell>
			<Cell><Data ss:Type="Number">39.1</Data></Cell>
			<Cell><Data ss:Type="Number">0</Data></Cell>
			<Cell><Data ss:Type="Number">0</Data></Cell>
			<Cell><Data ss:Type="String">2023-12-07 16:49:37.651271</Data></Cell>
		</Row>
		<Row>
			<Cell><Data ss:Type="String">607</Data></Cell>
			<Cell><Data ss:Type="Number">0.28</Data></Cell>
			<Cell><Data ss:Type="Number">-9.99</Data></Cell>
			<Cell><Data ss:Type="Number">0.08</Data></Cell>
			<Cell><Data ss:Type="Number">-9.51</Data></Cell>
			<Cell><Data ss:Type="Number">-0.06</Data></Cell>
			<Cell><Data ss:Type="Number">-0.94</Data></Cell>
			<Cell><Data ss:Type="Number">22.9</Data></Cell>
			<Cell><Data ss:Type="Number">39.1</Data></Cell>
			<Cell><Data ss:Type="Number">0</Data></Cell>
			<Cell><Data ss:Type="Number">0</Data></Cell>
			<Cell><Data ss:Type="String">2023-12-07 16:49:37.601973</Data></Cell>
		</Row>
		<Row>
			<Cell><Data ss:Type="String">606</Data></Cell>
			<Cell><Data ss:Type="Number">0.33</Data></Cell>
			<Cell><Data ss:Type="Number">-10.02</Data></Cell>
			<Cell><Data ss:Type="Number">0.06</Data></Cell>
			<Cell><Data ss:Type="Number">-9.51</Data></Cell>
			<Cell><Data ss:Type="Number">-0.07</Data></Cell>
			<Cell><Data ss:Type="Number">-0.91</Data></Cell>
			<Cell><Data ss:Type="Number">22.9</Data></Cell>
			<Cell><Data ss:Type="Number">39.1</Data></Cell>
			<Cell><Data ss:Type="Number">0</Data></Cell>
			<Cell><Data ss:Type="Number">0</Data></Cell>
			<Cell><Data ss:Type="String">2023-12-07 16:49:37.559340</Data></Cell>
		</Row>
		<Row>
			<Cell><Data ss:Type="String">605</Data></Cell>
			<Cell><Data ss:Type="Number">0.32</Data></Cell>
			<Cell><Data ss:Type="Number">-10.21</Data></Cell>
			<Cell><Data ss:Type="Number">0.2</Data></Cell>
			<Cell><Data ss:Type="Number">-9.52</Data></Cell>
			<Cell><Data ss:Type="Number">-0.08</Data></Cell>
			<Cell><Data ss:Type="Number">-0.93</Data></Cell>
			<Cell><Data ss:Type="Number">22.9</Data></Cell>
			<Cell><Data ss:Type="Number">39.1</Data></Cell>
			<Cell><Data ss:Type="Number">0</Data></Cell>
			<Cell><Data ss:Type="Number">0</Data></Cell>
			<Cell><Data ss:Type="String">2023-12-07 16:49:37.557627</Data></Cell>
		</Row>
		<Row>
			<Cell><Data ss:Type="String">604</Data></Cell>
			<Cell><Data ss:Type="Number">0.25</Data></Cell>
			<Cell><Data ss:Type="Number">-10.11</Data></Cell>
			<Cell><Data ss:Type="Number">0.2</Data></Cell>
			<Cell><Data ss:Type="Number">-9.45</Data></Cell>
			<Cell><Data ss:Type="Number">-0.06</Data></Cell>
			<Cell><Data ss:Type="Number">-0.93</Data></Cell>
			<Cell><Data ss:Type="Number">22.9</Data></Cell>
			<Cell><Data ss:Type="Number">39.1</Data></Cell>
			<Cell><Data ss:Type="Number">0</Data></Cell>
			<Cell><Data ss:Type="Number">0</Data></Cell>
			<Cell><Data ss:Type="String">2023-12-07 16:49:37.514166</Data></Cell>
		</Row>
		<Row>
			<Cell><Data ss:Type="String">603</Data></Cell>
			<Cell><Data ss:Type="Number">0.3</Data></Cell>
			<Cell><Data ss:Type="Number">-10.11</Data></Cell>
			<Cell><Data ss:Type="Number">0.09</Data></Cell>
			<Cell><Data ss:Type="Number">-9.42</Data></Cell>
			<Cell><Data ss:Type="Number">-0.06</Data></Cell>
			<Cell><Data ss:Type="Number">-0.92</Data></Cell>
			<Cell><Data ss:Type="Number">22.9</Data></Cell>
			<Cell><Data ss:Type="Number">39.1</Data></Cell>
			<Cell><Data ss:Type="Number">0</Data></Cell>
			<Cell><Data ss:Type="Number">0</Data></Cell>
			<Cell><Data ss:Type="String">2023-12-07 16:49:37.465465</Data></Cell>
		</Row>
		<Row>
			<Cell><Data ss:Type="String">602</Data></Cell>
			<Cell><Data ss:Type="Number">0.32</Data></Cell>
			<Cell><Data ss:Type="Number">-10.07</Data></Cell>
			<Cell><Data ss:Type="Number">0.09</Data></Cell>
			<Cell><Data ss:Type="Number">-9.48</Data></Cell>
			<Cell><Data ss:Type="Number">-0.1</Data></Cell>
			<Cell><Data ss:Type="Number">-0.96</Data></Cell>
			<Cell><Data ss:Type="Number">22.9</Data></Cell>
			<Cell><Data ss:Type="Number">39.1</Data></Cell>
			<Cell><Data ss:Type="Number">0</Data></Cell>
			<Cell><Data ss:Type="Number">0</Data></Cell>
			<Cell><Data ss:Type="String">2023-12-07 16:49:37.463793</Data></Cell>
		</Row>
		<Row>
			<Cell><Data ss:Type="String">601</Data></Cell>
			<Cell><Data ss:Type="Number">0.3</Data></Cell>
			<Cell><Data ss:Type="Number">-9.92</Data></Cell>
			<Cell><Data ss:Type="Number">0.08</Data></Cell>
			<Cell><Data ss:Type="Number">-9.45</Data></Cell>
			<Cell><Data ss:Type="Number">-0.07</Data></Cell>
			<Cell><Data ss:Type="Number">-0.95</Data></Cell>
			<Cell><Data ss:Type="Number">22.9</Data></Cell>
			<Cell><Data ss:Type="Number">39.1</Data></Cell>
			<Cell><Data ss:Type="Number">0</Data></Cell>
			<Cell><Data ss:Type="Number">0</Data></Cell>
			<Cell><Data ss:Type="String">2023-12-07 16:49:37.417685</Data></Cell>
		</Row>
		<Row>
			<Cell><Data ss:Type="String">600</Data></Cell>
			<Cell><Data ss:Type="Number">0.28</Data></Cell>
			<Cell><Data ss:Type="Number">-10.18</Data></Cell>
			<Cell><Data ss:Type="Number">0.15</Data></Cell>
			<Cell><Data ss:Type="Number">-9.54</Data></Cell>
			<Cell><Data ss:Type="Number">-0.1</Data></Cell>
			<Cell><Data ss:Type="Number">-0.9</Data></Cell>
			<Cell><Data ss:Type="Number">22.9</Data></Cell>
			<Cell><Data ss:Type="Number">39.1</Data></Cell>
			<Cell><Data ss:Type="Number">0</Data></Cell>
			<Cell><Data ss:Type="Number">0</Data></Cell>
			<Cell><Data ss:Type="String">2023-12-07 16:49:37.373128</Data></Cell>
		</Row>
		<Row>
			<Cell><Data ss:Type="String">599</Data></Cell>
			<Cell><Data ss:Type="Number">0.25</Data></Cell>
			<Cell><Data ss:Type="Number">-10.18</Data></Cell>
			<Cell><Data ss:Type="Number">0.2</Data></Cell>
			<Cell><Data ss:Type="Number">-9.53</Data></Cell>
			<Cell><Data ss:Type="Number">-0.07</Data></Cell>
			<Cell><Data ss:Type="Number">-0.89</Data></Cell>
			<Cell><Data ss:Type="Number">22.9</Data></Cell>
			<Cell><Data ss:Type="Number">39.1</Data></Cell>
			<Cell><Data ss:Type="Number">0</Data></Cell>
			<Cell><Data ss:Type="Number">0</Data></Cell>
			<Cell><Data ss:Type="String">2023-12-07 16:49:37.326728</Data></Cell>
		</Row>
		<Row>
			<Cell><Data ss:Type="String">598</Data></Cell>
			<Cell><Data ss:Type="Number">0.3</Data></Cell>
			<Cell><Data ss:Type="Number">-10.11</Data></Cell>
			<Cell><Data ss:Type="Number">0.22</Data></Cell>
			<Cell><Data ss:Type="Number">-9.45</Data></Cell>
			<Cell><Data ss:Type="Number">-0.08</Data></Cell>
			<Cell><Data ss:Type="Number">-0.89</Data></Cell>
			<Cell><Data ss:Type="Number">22.9</Data></Cell>
			<Cell><Data ss:Type="Number">39.1</Data></Cell>
			<Cell><Data ss:Type="Number">0</Data></Cell>
			<Cell><Data ss:Type="Number">0</Data></Cell>
			<Cell><Data ss:Type="String">2023-12-07 16:49:37.286302</Data></Cell>
		</Row>
		<Row>
			<Cell><Data ss:Type="String">597</Data></Cell>
			<Cell><Data ss:Type="Number">0.25</Data></Cell>
			<Cell><Data ss:Type="Number">-10</Data></Cell>
			<Cell><Data ss:Type="Number">0.11</Data></Cell>
			<Cell><Data ss:Type="Number">-9.42</Data></Cell>
			<Cell><Data ss:Type="Number">-0.07</Data></Cell>
			<Cell><Data ss:Type="Number">-0.93</Data></Cell>
			<Cell><Data ss:Type="Number">22.9</Data></Cell>
			<Cell><Data ss:Type="Number">39.1</Data></Cell>
			<Cell><Data ss:Type="Number">0</Data></Cell>
			<Cell><Data ss:Type="Number">0</Data></Cell>
			<Cell><Data ss:Type="String">2023-12-07 16:49:37.284252</Data></Cell>
		</Row>
		<Row>
			<Cell><Data ss:Type="String">596</Data></Cell>
			<Cell><Data ss:Type="Number">0.3</Data></Cell>
			<Cell><Data ss:Type="Number">-10</Data></Cell>
			<Cell><Data ss:Type="Number">0.04</Data></Cell>
			<Cell><Data ss:Type="Number">-9.48</Data></Cell>
			<Cell><Data ss:Type="Number">-0.08</Data></Cell>
			<Cell><Data ss:Type="Number">-0.97</Data></Cell>
			<Cell><Data ss:Type="Number">22.9</Data></Cell>
			<Cell><Data ss:Type="Number">39.1</Data></Cell>
			<Cell><Data ss:Type="Number">0</Data></Cell>
			<Cell><Data ss:Type="Number">0</Data></Cell>
			<Cell><Data ss:Type="String">2023-12-07 16:49:37.237035</Data></Cell>
		</Row>
		<Row>
			<Cell><Data ss:Type="String">595</Data></Cell>
			<Cell><Data ss:Type="Number">0.31</Data></Cell>
			<Cell><Data ss:Type="Number">-10.06</Data></Cell>
			<Cell><Data ss:Type="Number">0.06</Data></Cell>
			<Cell><Data ss:Type="Number">-9.5</Data></Cell>
			<Cell><Data ss:Type="Number">-0.09</Data></Cell>
			<Cell><Data ss:Type="Number">-0.93</Data></Cell>
			<Cell><Data ss:Type="Number">22.9</Data></Cell>
			<Cell><Data ss:Type="Number">39.1</Data></Cell>
			<Cell><Data ss:Type="Number">0</Data></Cell>
			<Cell><Data ss:Type="Number">0</Data></Cell>
			<Cell><Data ss:Type="String">2023-12-07 16:49:37.192621</Data></Cell>
		</Row>
		<Row>
			<Cell><Data ss:Type="String">594</Data></Cell>
			<Cell><Data ss:Type="Number">0.23</Data></Cell>
			<Cell><Data ss:Type="Number">-10.23</Data></Cell>
			<Cell><Data ss:Type="Number">0.22</Data></Cell>
			<Cell><Data ss:Type="Number">-9.54</Data></Cell>
			<Cell><Data ss:Type="Number">-0.04</Data></Cell>
			<Cell><Data ss:Type="Number">-0.89</Data></Cell>
			<Cell><Data ss:Type="Number">22.9</Data></Cell>
			<Cell><Data ss:Type="Number">39.1</Data></Cell>
			<Cell><Data ss:Type="Number">0</Data></Cell>
			<Cell><Data ss:Type="Number">0</Data></Cell>
			<Cell><Data ss:Type="String">2023-12-07 16:49:37.190934</Data></Cell>
		</Row>
		<Row>
			<Cell><Data ss:Type="String">593</Data></Cell>
			<Cell><Data ss:Type="Number">0.3</Data></Cell>
			<Cell><Data ss:Type="Number">-10.04</Data></Cell>
			<Cell><Data ss:Type="Number">0.2</Data></Cell>
			<Cell><Data ss:Type="Number">-9.46</Data></Cell>
			<Cell><Data ss:Type="Number">-0.07</Data></Cell>
			<Cell><Data ss:Type="Number">-0.92</Data></Cell>
			<Cell><Data ss:Type="Number">22.9</Data></Cell>
			<Cell><Data ss:Type="Number">39.1</Data></Cell>
			<Cell><Data ss:Type="Number">0</Data></Cell>
			<Cell><Data ss:Type="Number">0</Data></Cell>
			<Cell><Data ss:Type="String">2023-12-07 16:49:37.144165</Data></Cell>
		</Row>
		<Row>
			<Cell><Data ss:Type="String">592</Data></Cell>
			<Cell><Data ss:Type="Number">0.24</Data></Cell>
			<Cell><Data ss:Type="Number">-10.01</Data></Cell>
			<Cell><Data ss:Type="Number">0.1</Data></Cell>
			<Cell><Data ss:Type="Number">-9.45</Data></Cell>
			<Cell><Data ss:Type="Number">-0.07</Data></Cell>
			<Cell><Data ss:Type="Number">-0.93</Data></Cell>
			<Cell><Data ss:Type="Number">22.9</Data></Cell>
			<Cell><Data ss:Type="Number">39.1</Data></Cell>
			<Cell><Data ss:Type="Number">0</Data></Cell>
			<Cell><Data ss:Type="Number">0</Data></Cell>
			<Cell><Data ss:Type="String">2023-12-07 16:49:37.099281</Data></Cell>
		</Row>
		<Row>
			<Cell><Data ss:Type="String">591</Data></Cell>
			<Cell><Data ss:Type="Number">0.28</Data></Cell>
			<Cell><Data ss:Type="Number">-10.06</Data></Cell>
			<Cell><Data ss:Type="Number">0.06</Data></Cell>
			<Cell><Data ss:Type="Number">-9.52</Data></Cell>
			<Cell><Data ss:Type="Number">-0.06</Data></Cell>
			<Cell><Data ss:Type="Number">-0.97</Data></Cell>
			<Cell><Data ss:Type="Number">22.9</Data></Cell>
			<Cell><Data ss:Type="Number">39.1</Data></Cell>
			<Cell><Data ss:Type="Number">0</Data></Cell>
			<Cell><Data ss:Type="Number">0</Data></Cell>
			<Cell><Data ss:Type="String">2023-12-07 16:49:37.054533</Data></Cell>
		</Row>
		<Row>
			<Cell><Data ss:Type="String">590</Data></Cell>
			<Cell><Data ss:Type="Number">0.29</Data></Cell>
			<Cell><Data ss:Type="Number">-10.12</Data></Cell>
			<Cell><Data ss:Type="Number">0.37</Data></Cell>
			<Cell><Data ss:Type="Number">-9.52</Data></Cell>
			<Cell><Data ss:Type="Number">-0.09</Data></Cell>
			<Cell><Data ss:Type="Number">-0.9</Data></Cell>
			<Cell><Data ss:Type="Number">22.9</Data></Cell>
			<Cell><Data ss:Type="Number">39.1</Data></Cell>
			<Cell><Data ss:Type="Number">0</Data></Cell>
			<Cell><Data ss:Type="Number">0</Data></Cell>
			<Cell><Data ss:Type="String">2023-12-07 16:49:37.052494</Data></Cell>
		</Row>
		<Row>
			<Cell><Data ss:Type="String">589</Data></Cell>
			<Cell><Data ss:Type="Number">0.34</Data></Cell>
			<Cell><Data ss:Type="Number">-10.13</Data></Cell>
			<Cell><Data ss:Type="Number">0.17</Data></Cell>
			<Cell><Data ss:Type="Number">-9.47</Data></Cell>
			<Cell><Data ss:Type="Number">-0.09</Data></Cell>
			<Cell><Data ss:Type="Number">-0.89</Data></Cell>
			<Cell><Data ss:Type="Number">22.9</Data></Cell>
			<Cell><Data ss:Type="Number">39.1</Data></Cell>
			<Cell><Data ss:Type="Number">0</Data></Cell>
			<Cell><Data ss:Type="Number">0</Data></Cell>
			<Cell><Data ss:Type="String">2023-12-07 16:49:37.004176</Data></Cell>
		</Row>
		<Row>
			<Cell><Data ss:Type="String">588</Data></Cell>
			<Cell><Data ss:Type="Number">0.26</Data></Cell>
			<Cell><Data ss:Type="Number">-9.96</Data></Cell>
			<Cell><Data ss:Type="Number">-0.07</Data></Cell>
			<Cell><Data ss:Type="Number">-9.44</Data></Cell>
			<Cell><Data ss:Type="Number">-0.07</Data></Cell>
			<Cell><Data ss:Type="Number">-0.92</Data></Cell>
			<Cell><Data ss:Type="Number">22.9</Data></Cell>
			<Cell><Data ss:Type="Number">39.1</Data></Cell>
			<Cell><Data ss:Type="Number">0</Data></Cell>
			<Cell><Data ss:Type="Number">0</Data></Cell>
			<Cell><Data ss:Type="String">2023-12-07 16:49:36.958695</Data></Cell>
		</Row>
		<Row>
			<Cell><Data ss:Type="String">587</Data></Cell>
			<Cell><Data ss:Type="Number">0.21</Data></Cell>
			<Cell><Data ss:Type="Number">-10.04</Data></Cell>
			<Cell><Data ss:Type="Number">0.15</Data></Cell>
			<Cell><Data ss:Type="Number">-9.43</Data></Cell>
			<Cell><Data ss:Type="Number">-0.05</Data></Cell>
			<Cell><Data ss:Type="Number">-0.91</Data></Cell>
			<Cell><Data ss:Type="Number">22.9</Data></Cell>
			<Cell><Data ss:Type="Number">39.1</Data></Cell>
			<Cell><Data ss:Type="Number">0</Data></Cell>
			<Cell><Data ss:Type="Number">0</Data></Cell>
			<Cell><Data ss:Type="String">2023-12-07 16:49:36.913030</Data></Cell>
		</Row>
		<Row>
			<Cell><Data ss:Type="String">586</Data></Cell>
			<Cell><Data ss:Type="Number">0.33</Data></Cell>
			<Cell><Data ss:Type="Number">-10.12</Data></Cell>
			<Cell><Data ss:Type="Number">0.09</Data></Cell>
			<Cell><Data ss:Type="Number">-9.54</Data></Cell>
			<Cell><Data ss:Type="Number">-0.09</Data></Cell>
			<Cell><Data ss:Type="Number">-0.94</Data></Cell>
			<Cell><Data ss:Type="Number">22.9</Data></Cell>
			<Cell><Data ss:Type="Number">39.1</Data></Cell>
			<Cell><Data ss:Type="Number">0</Data></Cell>
			<Cell><Data ss:Type="Number">0</Data></Cell>
			<Cell><Data ss:Type="String">2023-12-07 16:49:36.911332</Data></Cell>
		</Row>
		<Row>
			<Cell><Data ss:Type="String">585</Data></Cell>
			<Cell><Data ss:Type="Number">0.36</Data></Cell>
			<Cell><Data ss:Type="Number">-10.12</Data></Cell>
			<Cell><Data ss:Type="Number">0.25</Data></Cell>
			<Cell><Data ss:Type="Number">-9.48</Data></Cell>
			<Cell><Data ss:Type="Number">-0.1</Data></Cell>
			<Cell><Data ss:Type="Number">-0.87</Data></Cell>
			<Cell><Data ss:Type="Number">22.9</Data></Cell>
			<Cell><Data ss:Type="Number">39.1</Data></Cell>
			<Cell><Data ss:Type="Number">0</Data></Cell>
			<Cell><Data ss:Type="Number">0</Data></Cell>
			<Cell><Data ss:Type="String">2023-12-07 16:49:36.866179</Data></Cell>
		</Row>
		<Row>
			<Cell><Data ss:Type="String">584</Data></Cell>
			<Cell><Data ss:Type="Number">0.22</Data></Cell>
			<Cell><Data ss:Type="Number">-10.15</Data></Cell>
			<Cell><Data ss:Type="Number">0.18</Data></Cell>
			<Cell><Data ss:Type="Number">-9.48</Data></Cell>
			<Cell><Data ss:Type="Number">-0.06</Data></Cell>
			<Cell><Data ss:Type="Number">-0.87</Data></Cell>
			<Cell><Data ss:Type="Number">22.9</Data></Cell>
			<Cell><Data ss:Type="Number">39.1</Data></Cell>
			<Cell><Data ss:Type="Number">0</Data></Cell>
			<Cell><Data ss:Type="Number">0</Data></Cell>
			<Cell><Data ss:Type="String">2023-12-07 16:49:36.823386</Data></Cell>
		</Row>
		<Row>
			<Cell><Data ss:Type="String">583</Data></Cell>
			<Cell><Data ss:Type="Number">0.15</Data></Cell>
			<Cell><Data ss:Type="Number">-10.03</Data></Cell>
			<Cell><Data ss:Type="Number">0.09</Data></Cell>
			<Cell><Data ss:Type="Number">-9.43</Data></Cell>
			<Cell><Data ss:Type="Number">0.01</Data></Cell>
			<Cell><Data ss:Type="Number">-0.98</Data></Cell>
			<Cell><Data ss:Type="Number">22.9</Data></Cell>
			<Cell><Data ss:Type="Number">39.1</Data></Cell>
			<Cell><Data ss:Type="Number">0</Data></Cell>
			<Cell><Data ss:Type="Number">0</Data></Cell>
			<Cell><Data ss:Type="String">2023-12-07 16:49:36.820729</Data></Cell>
		</Row>
		<Row>
			<Cell><Data ss:Type="String">582</Data></Cell>
			<Cell><Data ss:Type="Number">0.47</Data></Cell>
			<Cell><Data ss:Type="Number">-10.03</Data></Cell>
			<Cell><Data ss:Type="Number">0.17</Data></Cell>
			<Cell><Data ss:Type="Number">-9.45</Data></Cell>
			<Cell><Data ss:Type="Number">-0.16</Data></Cell>
			<Cell><Data ss:Type="Number">-0.9</Data></Cell>
			<Cell><Data ss:Type="Number">22.9</Data></Cell>
			<Cell><Data ss:Type="Number">39.1</Data></Cell>
			<Cell><Data ss:Type="Number">0</Data></Cell>
			<Cell><Data ss:Type="Number">0</Data></Cell>
			<Cell><Data ss:Type="String">2023-12-07 16:49:36.773792</Data></Cell>
		</Row>
		<Row>
			<Cell><Data ss:Type="String">581</Data></Cell>
			<Cell><Data ss:Type="Number">0.33</Data></Cell>
			<Cell><Data ss:Type="Number">-10.15</Data></Cell>
			<Cell><Data ss:Type="Number">0.14</Data></Cell>
			<Cell><Data ss:Type="Number">-9.57</Data></Cell>
			<Cell><Data ss:Type="Number">-0.21</Data></Cell>
			<Cell><Data ss:Type="Number">-0.97</Data></Cell>
			<Cell><Data ss:Type="Number">22.9</Data></Cell>
			<Cell><Data ss:Type="Number">39.1</Data></Cell>
			<Cell><Data ss:Type="Number">0</Data></Cell>
			<Cell><Data ss:Type="Number">0</Data></Cell>
			<Cell><Data ss:Type="String">2023-12-07 16:49:36.729593</Data></Cell>
		</Row>
		<Row>
			<Cell><Data ss:Type="String">580</Data></Cell>
			<Cell><Data ss:Type="Number">0.77</Data></Cell>
			<Cell><Data ss:Type="Number">-10.15</Data></Cell>
			<Cell><Data ss:Type="Number">-0.11</Data></Cell>
			<Cell><Data ss:Type="Number">-9.5</Data></Cell>
			<Cell><Data ss:Type="Number">0.17</Data></Cell>
			<Cell><Data ss:Type="Number">-0.91</Data></Cell>
			<Cell><Data ss:Type="Number">22.9</Data></Cell>
			<Cell><Data ss:Type="Number">39.1</Data></Cell>
			<Cell><Data ss:Type="Number">0</Data></Cell>
			<Cell><Data ss:Type="Number">0</Data></Cell>
			<Cell><Data ss:Type="String">2023-12-07 16:49:36.685330</Data></Cell>
		</Row>
		<Row>
			<Cell><Data ss:Type="String">579</Data></Cell>
			<Cell><Data ss:Type="Number">0.2</Data></Cell>
			<Cell><Data ss:Type="Number">-10.05</Data></Cell>
			<Cell><Data ss:Type="Number">0</Data></Cell>
			<Cell><Data ss:Type="Number">-9.46</Data></Cell>
			<Cell><Data ss:Type="Number">0.1</Data></Cell>
			<Cell><Data ss:Type="Number">-0.91</Data></Cell>
			<Cell><Data ss:Type="Number">22.9</Data></Cell>
			<Cell><Data ss:Type="Number">39.1</Data></Cell>
			<Cell><Data ss:Type="Number">0</Data></Cell>
			<Cell><Data ss:Type="Number">0</Data></Cell>
			<Cell><Data ss:Type="String">2023-12-07 16:49:36.683045</Data></Cell>
		</Row>
		<Row>
			<Cell><Data ss:Type="String">578</Data></Cell>
			<Cell><Data ss:Type="Number">1.18</Data></Cell>
			<Cell><Data ss:Type="Number">-9.92</Data></Cell>
			<Cell><Data ss:Type="Number">0.61</Data></Cell>
			<Cell><Data ss:Type="Number">-9.44</Data></Cell>
			<Cell><Data ss:Type="Number">-0.62</Data></Cell>
			<Cell><Data ss:Type="Number">-0.91</Data></Cell>
			<Cell><Data ss:Type="Number">22.9</Data></Cell>
			<Cell><Data ss:Type="Number">39.1</Data></Cell>
			<Cell><Data ss:Type="Number">0</Data></Cell>
			<Cell><Data ss:Type="Number">0</Data></Cell>
			<Cell><Data ss:Type="String">2023-12-07 16:49:36.638487</Data></Cell>
		</Row>
		<Row>
			<Cell><Data ss:Type="String">577</Data></Cell>
			<Cell><Data ss:Type="Number">0.05</Data></Cell>
			<Cell><Data ss:Type="Number">-10.02</Data></Cell>
			<Cell><Data ss:Type="Number">0.27</Data></Cell>
			<Cell><Data ss:Type="Number">-9.39</Data></Cell>
			<Cell><Data ss:Type="Number">-0.17</Data></Cell>
			<Cell><Data ss:Type="Number">-0.84</Data></Cell>
			<Cell><Data ss:Type="Number">22.9</Data></Cell>
			<Cell><Data ss:Type="Number">39.1</Data></Cell>
			<Cell><Data ss:Type="Number">0</Data></Cell>
			<Cell><Data ss:Type="Number">0</Data></Cell>
			<Cell><Data ss:Type="String">2023-12-07 16:49:36.582368</Data></Cell>
		</Row>
		<Row>
			<Cell><Data ss:Type="String">576</Data></Cell>
			<Cell><Data ss:Type="Number">-1.16</Data></Cell>
			<Cell><Data ss:Type="Number">-10.34</Data></Cell>
			<Cell><Data ss:Type="Number">-1.21</Data></Cell>
			<Cell><Data ss:Type="Number">-9.65</Data></Cell>
			<Cell><Data ss:Type="Number">1.04</Data></Cell>
			<Cell><Data ss:Type="Number">-1.17</Data></Cell>
			<Cell><Data ss:Type="Number">22.9</Data></Cell>
			<Cell><Data ss:Type="Number">39.1</Data></Cell>
			<Cell><Data ss:Type="Number">0</Data></Cell>
			<Cell><Data ss:Type="Number">0</Data></Cell>
			<Cell><Data ss:Type="String">2023-12-07 16:49:36.580281</Data></Cell>
		</Row>
		<Row>
			<Cell><Data ss:Type="String">575</Data></Cell>
			<Cell><Data ss:Type="Number">4.08</Data></Cell>
			<Cell><Data ss:Type="Number">-9.84</Data></Cell>
			<Cell><Data ss:Type="Number">1.57</Data></Cell>
			<Cell><Data ss:Type="Number">-9.2</Data></Cell>
			<Cell><Data ss:Type="Number">-0.14</Data></Cell>
			<Cell><Data ss:Type="Number">-0.75</Data></Cell>
			<Cell><Data ss:Type="Number">22.9</Data></Cell>
			<Cell><Data ss:Type="Number">39.1</Data></Cell>
			<Cell><Data ss:Type="Number">0</Data></Cell>
			<Cell><Data ss:Type="Number">0</Data></Cell>
			<Cell><Data ss:Type="String">2023-12-07 16:49:36.578369</Data></Cell>
		</Row>
		<Row>
			<Cell><Data ss:Type="String">574</Data></Cell>
			<Cell><Data ss:Type="Number">0.46</Data></Cell>
			<Cell><Data ss:Type="Number">-12.19</Data></Cell>
			<Cell><Data ss:Type="Number">2.53</Data></Cell>
			<Cell><Data ss:Type="Number">-13.77</Data></Cell>
			<Cell><Data ss:Type="Number">-0.85</Data></Cell>
			<Cell><Data ss:Type="Number">-0.45</Data></Cell>
			<Cell><Data ss:Type="Number">22.9</Data></Cell>
			<Cell><Data ss:Type="Number">39.1</Data></Cell>
			<Cell><Data ss:Type="Number">0</Data></Cell>
			<Cell><Data ss:Type="Number">0</Data></Cell>
			<Cell><Data ss:Type="String">2023-12-07 16:49:36.576288</Data></Cell>
		</Row>
		<Row>
			<Cell><Data ss:Type="String">573</Data></Cell>
			<Cell><Data ss:Type="Number">0.38</Data></Cell>
			<Cell><Data ss:Type="Number">-9.7</Data></Cell>
			<Cell><Data ss:Type="Number">0.44</Data></Cell>
			<Cell><Data ss:Type="Number">-9.36</Data></Cell>
			<Cell><Data ss:Type="Number">-0.05</Data></Cell>
			<Cell><Data ss:Type="Number">-0.95</Data></Cell>
			<Cell><Data ss:Type="Number">22.9</Data></Cell>
			<Cell><Data ss:Type="Number">39.1</Data></Cell>
			<Cell><Data ss:Type="Number">0</Data></Cell>
			<Cell><Data ss:Type="Number">0</Data></Cell>
			<Cell><Data ss:Type="String">2023-12-07 16:49:36.574351</Data></Cell>
		</Row>
		<Row>
			<Cell><Data ss:Type="String">572</Data></Cell>
			<Cell><Data ss:Type="Number">0.21</Data></Cell>
			<Cell><Data ss:Type="Number">-9.78</Data></Cell>
			<Cell><Data ss:Type="Number">0.12</Data></Cell>
			<Cell><Data ss:Type="Number">-9.49</Data></Cell>
			<Cell><Data ss:Type="Number">-0.07</Data></Cell>
			<Cell><Data ss:Type="Number">-0.93</Data></Cell>
			<Cell><Data ss:Type="Number">22.9</Data></Cell>
			<Cell><Data ss:Type="Number">39.1</Data></Cell>
			<Cell><Data ss:Type="Number">0</Data></Cell>
			<Cell><Data ss:Type="Number">0</Data></Cell>
			<Cell><Data ss:Type="String">2023-12-07 16:49:36.572419</Data></Cell>
		</Row>
		<Row>
			<Cell><Data ss:Type="String">571</Data></Cell>
			<Cell><Data ss:Type="Number">-0.13</Data></Cell>
			<Cell><Data ss:Type="Number">-10.95</Data></Cell>
			<Cell><Data ss:Type="Number">0.12</Data></Cell>
			<Cell><Data ss:Type="Number">-9.68</Data></Cell>
			<Cell><Data ss:Type="Number">-0.06</Data></Cell>
			<Cell><Data ss:Type="Number">-0.91</Data></Cell>
			<Cell><Data ss:Type="Number">22.9</Data></Cell>
			<Cell><Data ss:Type="Number">39.1</Data></Cell>
			<Cell><Data ss:Type="Number">0</Data></Cell>
			<Cell><Data ss:Type="Number">0</Data></Cell>
			<Cell><Data ss:Type="String">2023-12-07 16:49:36.569940</Data></Cell>
		</Row>
		<Row>
			<Cell><Data ss:Type="String">570</Data></Cell>
			<Cell><Data ss:Type="Number">0.16</Data></Cell>
			<Cell><Data ss:Type="Number">-10.29</Data></Cell>
			<Cell><Data ss:Type="Number">0.12</Data></Cell>
			<Cell><Data ss:Type="Number">-9.45</Data></Cell>
			<Cell><Data ss:Type="Number">-0.09</Data></Cell>
			<Cell><Data ss:Type="Number">-0.86</Data></Cell>
			<Cell><Data ss:Type="Number">22.9</Data></Cell>
			<Cell><Data ss:Type="Number">39.1</Data></Cell>
			<Cell><Data ss:Type="Number">0</Data></Cell>
			<Cell><Data ss:Type="Number">0</Data></Cell>
			<Cell><Data ss:Type="String">2023-12-07 16:49:36.567281</Data></Cell>
		</Row>
		<Row>
			<Cell><Data ss:Type="String">569</Data></Cell>
			<Cell><Data ss:Type="Number">0</Data></Cell>
			<Cell><Data ss:Type="Number">-10.13</Data></Cell>
			<Cell><Data ss:Type="Number">-0.25</Data></Cell>
			<Cell><Data ss:Type="Number">-9.44</Data></Cell>
			<Cell><Data ss:Type="Number">-0.03</Data></Cell>
			<Cell><Data ss:Type="Number">-0.96</Data></Cell>
			<Cell><Data ss:Type="Number">22.9</Data></Cell>
			<Cell><Data ss:Type="Number">39.1</Data></Cell>
			<Cell><Data ss:Type="Number">0</Data></Cell>
			<Cell><Data ss:Type="Number">0</Data></Cell>
			<Cell><Data ss:Type="String">2023-12-07 16:49:36.331119</Data></Cell>
		</Row>
		<Row>
			<Cell><Data ss:Type="String">568</Data></Cell>
			<Cell><Data ss:Type="Number">-0.09</Data></Cell>
			<Cell><Data ss:Type="Number">-10.45</Data></Cell>
			<Cell><Data ss:Type="Number">0.18</Data></Cell>
			<Cell><Data ss:Type="Number">-9.43</Data></Cell>
			<Cell><Data ss:Type="Number">-0.05</Data></Cell>
			<Cell><Data ss:Type="Number">-0.96</Data></Cell>
			<Cell><Data ss:Type="Number">22.9</Data></Cell>
			<Cell><Data ss:Type="Number">39.1</Data></Cell>
			<Cell><Data ss:Type="Number">0</Data></Cell>
			<Cell><Data ss:Type="Number">0</Data></Cell>
			<Cell><Data ss:Type="String">2023-12-07 16:49:36.328929</Data></Cell>
		</Row>
		<Row>
			<Cell><Data ss:Type="String">567</Data></Cell>
			<Cell><Data ss:Type="Number">0.04</Data></Cell>
			<Cell><Data ss:Type="Number">-10.41</Data></Cell>
			<Cell><Data ss:Type="Number">-0.03</Data></Cell>
			<Cell><Data ss:Type="Number">-9.62</Data></Cell>
			<Cell><Data ss:Type="Number">-0.03</Data></Cell>
			<Cell><Data ss:Type="Number">-0.92</Data></Cell>
			<Cell><Data ss:Type="Number">22.9</Data></Cell>
			<Cell><Data ss:Type="Number">39.1</Data></Cell>
			<Cell><Data ss:Type="Number">0</Data></Cell>
			<Cell><Data ss:Type="Number">0</Data></Cell>
			<Cell><Data ss:Type="String">2023-12-07 16:49:36.326868</Data></Cell>
		</Row>
		<Row>
			<Cell><Data ss:Type="String">566</Data></Cell>
			<Cell><Data ss:Type="Number">0.11</Data></Cell>
			<Cell><Data ss:Type="Number">-9.9</Data></Cell>
			<Cell><Data ss:Type="Number">0.06</Data></Cell>
			<Cell><Data ss:Type="Number">-9.38</Data></Cell>
			<Cell><Data ss:Type="Number">-0.03</Data></Cell>
			<Cell><Data ss:Type="Number">-0.86</Data></Cell>
			<Cell><Data ss:Type="Number">22.9</Data></Cell>
			<Cell><Data ss:Type="Number">39.1</Data></Cell>
			<Cell><Data ss:Type="Number">0</Data></Cell>
			<Cell><Data ss:Type="Number">0</Data></Cell>
			<Cell><Data ss:Type="String">2023-12-07 16:49:36.324877</Data></Cell>
		</Row>
		<Row>
			<Cell><Data ss:Type="String">565</Data></Cell>
			<Cell><Data ss:Type="Number">0.39</Data></Cell>
			<Cell><Data ss:Type="Number">-9.79</Data></Cell>
			<Cell><Data ss:Type="Number">0.38</Data></Cell>
			<Cell><Data ss:Type="Number">-9.62</Data></Cell>
			<Cell><Data ss:Type="Number">0.06</Data></Cell>
			<Cell><Data ss:Type="Number">-0.87</Data></Cell>
			<Cell><Data ss:Type="Number">22.9</Data></Cell>
			<Cell><Data ss:Type="Number">39.1</Data></Cell>
			<Cell><Data ss:Type="Number">0</Data></Cell>
			<Cell><Data ss:Type="Number">0</Data></Cell>
			<Cell><Data ss:Type="String">2023-12-07 16:49:36.322708</Data></Cell>
		</Row>
		<Row>
			<Cell><Data ss:Type="String">564</Data></Cell>
			<Cell><Data ss:Type="Number">0.26</Data></Cell>
			<Cell><Data ss:Type="Number">-10.89</Data></Cell>
			<Cell><Data ss:Type="Number">0.18</Data></Cell>
			<Cell><Data ss:Type="Number">-9.57</Data></Cell>
			<Cell><Data ss:Type="Number">-0.04</Data></Cell>
			<Cell><Data ss:Type="Number">-0.91</Data></Cell>
			<Cell><Data ss:Type="Number">22.9</Data></Cell>
			<Cell><Data ss:Type="Number">39.1</Data></Cell>
			<Cell><Data ss:Type="Number">0</Data></Cell>
			<Cell><Data ss:Type="Number">0</Data></Cell>
			<Cell><Data ss:Type="String">2023-12-07 16:49:36.160950</Data></Cell>
		</Row>
		<Row>
			<Cell><Data ss:Type="String">563</Data></Cell>
			<Cell><Data ss:Type="Number">0.02</Data></Cell>
			<Cell><Data ss:Type="Number">-10.05</Data></Cell>
			<Cell><Data ss:Type="Number">0.34</Data></Cell>
			<Cell><Data ss:Type="Number">-9.52</Data></Cell>
			<Cell><Data ss:Type="Number">-0.06</Data></Cell>
			<Cell><Data ss:Type="Number">-0.9</Data></Cell>
			<Cell><Data ss:Type="Number">22.9</Data></Cell>
			<Cell><Data ss:Type="Number">39.1</Data></Cell>
			<Cell><Data ss:Type="Number">0</Data></Cell>
			<Cell><Data ss:Type="Number">0</Data></Cell>
			<Cell><Data ss:Type="String">2023-12-07 16:49:36.117455</Data></Cell>
		</Row>
		<Row>
			<Cell><Data ss:Type="String">562</Data></Cell>
			<Cell><Data ss:Type="Number">0.23</Data></Cell>
			<Cell><Data ss:Type="Number">-9.51</Data></Cell>
			<Cell><Data ss:Type="Number">0.54</Data></Cell>
			<Cell><Data ss:Type="Number">-9.29</Data></Cell>
			<Cell><Data ss:Type="Number">-0.09</Data></Cell>
			<Cell><Data ss:Type="Number">-0.94</Data></Cell>
			<Cell><Data ss:Type="Number">22.9</Data></Cell>
			<Cell><Data ss:Type="Number">39.1</Data></Cell>
			<Cell><Data ss:Type="Number">0</Data></Cell>
			<Cell><Data ss:Type="Number">0</Data></Cell>
			<Cell><Data ss:Type="String">2023-12-07 16:49:36.115272</Data></Cell>
		</Row>
		<Row>
			<Cell><Data ss:Type="String">561</Data></Cell>
			<Cell><Data ss:Type="Number">0.06</Data></Cell>
			<Cell><Data ss:Type="Number">-9.92</Data></Cell>
			<Cell><Data ss:Type="Number">0.03</Data></Cell>
			<Cell><Data ss:Type="Number">-9.44</Data></Cell>
			<Cell><Data ss:Type="Number">-0.08</Data></Cell>
			<Cell><Data ss:Type="Number">-0.92</Data></Cell>
			<Cell><Data ss:Type="Number">22.9</Data></Cell>
			<Cell><Data ss:Type="Number">39.1</Data></Cell>
			<Cell><Data ss:Type="Number">0</Data></Cell>
			<Cell><Data ss:Type="Number">0</Data></Cell>
			<Cell><Data ss:Type="String">2023-12-07 16:49:36.067305</Data></Cell>
		</Row>
		<Row>
			<Cell><Data ss:Type="String">560</Data></Cell>
			<Cell><Data ss:Type="Number">0.4</Data></Cell>
			<Cell><Data ss:Type="Number">-9.96</Data></Cell>
			<Cell><Data ss:Type="Number">0.03</Data></Cell>
			<Cell><Data ss:Type="Number">-9.5</Data></Cell>
			<Cell><Data ss:Type="Number">-0.06</Data></Cell>
			<Cell><Data ss:Type="Number">-0.92</Data></Cell>
			<Cell><Data ss:Type="Number">22.9</Data></Cell>
			<Cell><Data ss:Type="Number">39.1</Data></Cell>
			<Cell><Data ss:Type="Number">0</Data></Cell>
			<Cell><Data ss:Type="Number">0</Data></Cell>
			<Cell><Data ss:Type="String">2023-12-07 16:49:36.022631</Data></Cell>
		</Row>
		<Row>
			<Cell><Data ss:Type="String">559</Data></Cell>
			<Cell><Data ss:Type="Number">0.44</Data></Cell>
			<Cell><Data ss:Type="Number">-9.9</Data></Cell>
			<Cell><Data ss:Type="Number">0.22</Data></Cell>
			<Cell><Data ss:Type="Number">-9.55</Data></Cell>
			<Cell><Data ss:Type="Number">-0.12</Data></Cell>
			<Cell><Data ss:Type="Number">-0.91</Data></Cell>
			<Cell><Data ss:Type="Number">22.9</Data></Cell>
			<Cell><Data ss:Type="Number">39.1</Data></Cell>
			<Cell><Data ss:Type="Number">0</Data></Cell>
			<Cell><Data ss:Type="Number">0</Data></Cell>
			<Cell><Data ss:Type="String">2023-12-07 16:49:35.964930</Data></Cell>
		</Row>
		<Row>
			<Cell><Data ss:Type="String">558</Data></Cell>
			<Cell><Data ss:Type="Number">0.09</Data></Cell>
			<Cell><Data ss:Type="Number">-10.5</Data></Cell>
			<Cell><Data ss:Type="Number">-0.6</Data></Cell>
			<Cell><Data ss:Type="Number">-9.45</Data></Cell>
			<Cell><Data ss:Type="Number">-0.03</Data></Cell>
			<Cell><Data ss:Type="Number">-0.97</Data></Cell>
			<Cell><Data ss:Type="Number">22.9</Data></Cell>
			<Cell><Data ss:Type="Number">39.1</Data></Cell>
			<Cell><Data ss:Type="Number">0</Data></Cell>
			<Cell><Data ss:Type="Number">0</Data></Cell>
			<Cell><Data ss:Type="String">2023-12-07 16:49:35.953215</Data></Cell>
		</Row>
		<Row>
			<Cell><Data ss:Type="String">557</Data></Cell>
			<Cell><Data ss:Type="Number">0.1</Data></Cell>
			<Cell><Data ss:Type="Number">-10.41</Data></Cell>
			<Cell><Data ss:Type="Number">0.17</Data></Cell>
			<Cell><Data ss:Type="Number">-9.45</Data></Cell>
			<Cell><Data ss:Type="Number">-0.1</Data></Cell>
			<Cell><Data ss:Type="Number">-0.89</Data></Cell>
			<Cell><Data ss:Type="Number">22.9</Data></Cell>
			<Cell><Data ss:Type="Number">39.1</Data></Cell>
			<Cell><Data ss:Type="Number">0</Data></Cell>
			<Cell><Data ss:Type="Number">0</Data></Cell>
			<Cell><Data ss:Type="String">2023-12-07 16:49:35.951081</Data></Cell>
		</Row>
		<Row>
			<Cell><Data ss:Type="String">556</Data></Cell>
			<Cell><Data ss:Type="Number">0.35</Data></Cell>
			<Cell><Data ss:Type="Number">-9.86</Data></Cell>
			<Cell><Data ss:Type="Number">-0.1</Data></Cell>
			<Cell><Data ss:Type="Number">-9.37</Data></Cell>
			<Cell><Data ss:Type="Number">-0.12</Data></Cell>
			<Cell><Data ss:Type="Number">-0.94</Data></Cell>
			<Cell><Data ss:Type="Number">22.9</Data></Cell>
			<Cell><Data ss:Type="Number">39.1</Data></Cell>
			<Cell><Data ss:Type="Number">0</Data></Cell>
			<Cell><Data ss:Type="Number">0</Data></Cell>
			<Cell><Data ss:Type="String">2023-12-07 16:49:35.949304</Data></Cell>
		</Row>
		<Row>
			<Cell><Data ss:Type="String">555</Data></Cell>
			<Cell><Data ss:Type="Number">0.39</Data></Cell>
			<Cell><Data ss:Type="Number">-10.6</Data></Cell>
			<Cell><Data ss:Type="Number">0.23</Data></Cell>
			<Cell><Data ss:Type="Number">-9.69</Data></Cell>
			<Cell><Data ss:Type="Number">-0.08</Data></Cell>
			<Cell><Data ss:Type="Number">-0.89</Data></Cell>
			<Cell><Data ss:Type="Number">22.9</Data></Cell>
			<Cell><Data ss:Type="Number">39.1</Data></Cell>
			<Cell><Data ss:Type="Number">0</Data></Cell>
			<Cell><Data ss:Type="Number">0</Data></Cell>
			<Cell><Data ss:Type="String">2023-12-07 16:49:35.947796</Data></Cell>
		</Row>
		<Row>
			<Cell><Data ss:Type="String">554</Data></Cell>
			<Cell><Data ss:Type="Number">0.7</Data></Cell>
			<Cell><Data ss:Type="Number">-10.24</Data></Cell>
			<Cell><Data ss:Type="Number">0.33</Data></Cell>
			<Cell><Data ss:Type="Number">-9.71</Data></Cell>
			<Cell><Data ss:Type="Number">-0.08</Data></Cell>
			<Cell><Data ss:Type="Number">-0.94</Data></Cell>
			<Cell><Data ss:Type="Number">22.9</Data></Cell>
			<Cell><Data ss:Type="Number">39.1</Data></Cell>
			<Cell><Data ss:Type="Number">0</Data></Cell>
			<Cell><Data ss:Type="Number">0</Data></Cell>
			<Cell><Data ss:Type="String">2023-12-07 16:49:35.945974</Data></Cell>
		</Row>
		<Row>
			<Cell><Data ss:Type="String">553</Data></Cell>
			<Cell><Data ss:Type="Number">0.05</Data></Cell>
			<Cell><Data ss:Type="Number">-9.75</Data></Cell>
			<Cell><Data ss:Type="Number">0.4</Data></Cell>
			<Cell><Data ss:Type="Number">-9.35</Data></Cell>
			<Cell><Data ss:Type="Number">-0.1</Data></Cell>
			<Cell><Data ss:Type="Number">-0.82</Data></Cell>
			<Cell><Data ss:Type="Number">22.9</Data></Cell>
			<Cell><Data ss:Type="Number">39.1</Data></Cell>
			<Cell><Data ss:Type="Number">0</Data></Cell>
			<Cell><Data ss:Type="Number">0</Data></Cell>
			<Cell><Data ss:Type="String">2023-12-07 16:49:35.944089</Data></Cell>
		</Row>
		<Row>
			<Cell><Data ss:Type="String">552</Data></Cell>
			<Cell><Data ss:Type="Number">0.7</Data></Cell>
			<Cell><Data ss:Type="Number">-9.96</Data></Cell>
			<Cell><Data ss:Type="Number">0.36</Data></Cell>
			<Cell><Data ss:Type="Number">-9.49</Data></Cell>
			<Cell><Data ss:Type="Number">-0.1</Data></Cell>
			<Cell><Data ss:Type="Number">-0.99</Data></Cell>
			<Cell><Data ss:Type="Number">22.9</Data></Cell>
			<Cell><Data ss:Type="Number">39.1</Data></Cell>
			<Cell><Data ss:Type="Number">0</Data></Cell>
			<Cell><Data ss:Type="Number">0</Data></Cell>
			<Cell><Data ss:Type="String">2023-12-07 16:49:35.939328</Data></Cell>
		</Row>
		<Row>
			<Cell><Data ss:Type="String">551</Data></Cell>
			<Cell><Data ss:Type="Number">0.53</Data></Cell>
			<Cell><Data ss:Type="Number">-9.52</Data></Cell>
			<Cell><Data ss:Type="Number">0.07</Data></Cell>
			<Cell><Data ss:Type="Number">-9.41</Data></Cell>
			<Cell><Data ss:Type="Number">0</Data></Cell>
			<Cell><Data ss:Type="Number">-0.9</Data></Cell>
			<Cell><Data ss:Type="Number">22.9</Data></Cell>
			<Cell><Data ss:Type="Number">39.1</Data></Cell>
			<Cell><Data ss:Type="Number">0</Data></Cell>
			<Cell><Data ss:Type="Number">0</Data></Cell>
			<Cell><Data ss:Type="String">2023-12-07 16:49:35.715489</Data></Cell>
		</Row>
		<Row>
			<Cell><Data ss:Type="String">550</Data></Cell>
			<Cell><Data ss:Type="Number">-0.41</Data></Cell>
			<Cell><Data ss:Type="Number">-9.98</Data></Cell>
			<Cell><Data ss:Type="Number">0.19</Data></Cell>
			<Cell><Data ss:Type="Number">-9.48</Data></Cell>
			<Cell><Data ss:Type="Number">-0.13</Data></Cell>
			<Cell><Data ss:Type="Number">-0.93</Data></Cell>
			<Cell><Data ss:Type="Number">22.9</Data></Cell>
			<Cell><Data ss:Type="Number">39.1</Data></Cell>
			<Cell><Data ss:Type="Number">0</Data></Cell>
			<Cell><Data ss:Type="Number">0</Data></Cell>
			<Cell><Data ss:Type="String">2023-12-07 16:49:35.713059</Data></Cell>
		</Row>
		<Row>
			<Cell><Data ss:Type="String">549</Data></Cell>
			<Cell><Data ss:Type="Number">0.21</Data></Cell>
			<Cell><Data ss:Type="Number">-10.17</Data></Cell>
			<Cell><Data ss:Type="Number">0.57</Data></Cell>
			<Cell><Data ss:Type="Number">-9.45</Data></Cell>
			<Cell><Data ss:Type="Number">-0.09</Data></Cell>
			<Cell><Data ss:Type="Number">-0.85</Data></Cell>
			<Cell><Data ss:Type="Number">22.9</Data></Cell>
			<Cell><Data ss:Type="Number">39.1</Data></Cell>
			<Cell><Data ss:Type="Number">0</Data></Cell>
			<Cell><Data ss:Type="Number">0</Data></Cell>
			<Cell><Data ss:Type="String">2023-12-07 16:49:35.709976</Data></Cell>
		</Row>
		<Row>
			<Cell><Data ss:Type="String">548</Data></Cell>
			<Cell><Data ss:Type="Number">-0.05</Data></Cell>
			<Cell><Data ss:Type="Number">-9.87</Data></Cell>
			<Cell><Data ss:Type="Number">0.17</Data></Cell>
			<Cell><Data ss:Type="Number">-9.3</Data></Cell>
			<Cell><Data ss:Type="Number">-0.1</Data></Cell>
			<Cell><Data ss:Type="Number">-0.9</Data></Cell>
			<Cell><Data ss:Type="Number">22.9</Data></Cell>
			<Cell><Data ss:Type="Number">39.1</Data></Cell>
			<Cell><Data ss:Type="Number">0</Data></Cell>
			<Cell><Data ss:Type="Number">0</Data></Cell>
			<Cell><Data ss:Type="String">2023-12-07 16:49:35.630470</Data></Cell>
		</Row>
		<Row>
			<Cell><Data ss:Type="String">547</Data></Cell>
			<Cell><Data ss:Type="Number">0.2</Data></Cell>
			<Cell><Data ss:Type="Number">-10.04</Data></Cell>
			<Cell><Data ss:Type="Number">0.03</Data></Cell>
			<Cell><Data ss:Type="Number">-9.45</Data></Cell>
			<Cell><Data ss:Type="Number">-0.12</Data></Cell>
			<Cell><Data ss:Type="Number">-1</Data></Cell>
			<Cell><Data ss:Type="Number">22.9</Data></Cell>
			<Cell><Data ss:Type="Number">39.1</Data></Cell>
			<Cell><Data ss:Type="Number">0</Data></Cell>
			<Cell><Data ss:Type="Number">0</Data></Cell>
			<Cell><Data ss:Type="String">2023-12-07 16:49:35.565577</Data></Cell>
		</Row>
		<Row>
			<Cell><Data ss:Type="String">546</Data></Cell>
			<Cell><Data ss:Type="Number">0.37</Data></Cell>
			<Cell><Data ss:Type="Number">-10.12</Data></Cell>
			<Cell><Data ss:Type="Number">0.39</Data></Cell>
			<Cell><Data ss:Type="Number">-9.54</Data></Cell>
			<Cell><Data ss:Type="Number">-0.07</Data></Cell>
			<Cell><Data ss:Type="Number">-0.8</Data></Cell>
			<Cell><Data ss:Type="Number">22.9</Data></Cell>
			<Cell><Data ss:Type="Number">39.1</Data></Cell>
			<Cell><Data ss:Type="Number">0</Data></Cell>
			<Cell><Data ss:Type="Number">0</Data></Cell>
			<Cell><Data ss:Type="String">2023-12-07 16:49:35.563577</Data></Cell>
		</Row>
		<Row>
			<Cell><Data ss:Type="String">545</Data></Cell>
			<Cell><Data ss:Type="Number">0.37</Data></Cell>
			<Cell><Data ss:Type="Number">-10.3</Data></Cell>
			<Cell><Data ss:Type="Number">0.2</Data></Cell>
			<Cell><Data ss:Type="Number">-9.61</Data></Cell>
			<Cell><Data ss:Type="Number">-0.04</Data></Cell>
			<Cell><Data ss:Type="Number">-0.98</Data></Cell>
			<Cell><Data ss:Type="Number">22.9</Data></Cell>
			<Cell><Data ss:Type="Number">39.1</Data></Cell>
			<Cell><Data ss:Type="Number">0</Data></Cell>
			<Cell><Data ss:Type="Number">0</Data></Cell>
			<Cell><Data ss:Type="String">2023-12-07 16:49:35.517965</Data></Cell>
		</Row>
		<Row>
			<Cell><Data ss:Type="String">544</Data></Cell>
			<Cell><Data ss:Type="Number">1.18</Data></Cell>
			<Cell><Data ss:Type="Number">-9.72</Data></Cell>
			<Cell><Data ss:Type="Number">0.18</Data></Cell>
			<Cell><Data ss:Type="Number">-9.45</Data></Cell>
			<Cell><Data ss:Type="Number">-0.16</Data></Cell>
			<Cell><Data ss:Type="Number">-0.85</Data></Cell>
			<Cell><Data ss:Type="Number">22.9</Data></Cell>
			<Cell><Data ss:Type="Number">39.1</Data></Cell>
			<Cell><Data ss:Type="Number">0</Data></Cell>
			<Cell><Data ss:Type="Number">0</Data></Cell>
			<Cell><Data ss:Type="String">2023-12-07 16:49:35.473699</Data></Cell>
		</Row>
		<Row>
			<Cell><Data ss:Type="String">543</Data></Cell>
			<Cell><Data ss:Type="Number">-0.56</Data></Cell>
			<Cell><Data ss:Type="Number">-9.94</Data></Cell>
			<Cell><Data ss:Type="Number">-0.15</Data></Cell>
			<Cell><Data ss:Type="Number">-9.48</Data></Cell>
			<Cell><Data ss:Type="Number">-0.24</Data></Cell>
			<Cell><Data ss:Type="Number">-0.88</Data></Cell>
			<Cell><Data ss:Type="Number">22.9</Data></Cell>
			<Cell><Data ss:Type="Number">39.1</Data></Cell>
			<Cell><Data ss:Type="Number">0</Data></Cell>
			<Cell><Data ss:Type="Number">0</Data></Cell>
			<Cell><Data ss:Type="String">2023-12-07 16:49:35.471204</Data></Cell>
		</Row>
		<Row>
			<Cell><Data ss:Type="String">542</Data></Cell>
			<Cell><Data ss:Type="Number">-0.77</Data></Cell>
			<Cell><Data ss:Type="Number">-10.03</Data></Cell>
			<Cell><Data ss:Type="Number">0.03</Data></Cell>
			<Cell><Data ss:Type="Number">-9.48</Data></Cell>
			<Cell><Data ss:Type="Number">0.11</Data></Cell>
			<Cell><Data ss:Type="Number">-1.01</Data></Cell>
			<Cell><Data ss:Type="Number">22.9</Data></Cell>
			<Cell><Data ss:Type="Number">39.1</Data></Cell>
			<Cell><Data ss:Type="Number">0</Data></Cell>
			<Cell><Data ss:Type="Number">0</Data></Cell>
			<Cell><Data ss:Type="String">2023-12-07 16:49:35.426009</Data></Cell>
		</Row>
		<Row>
			<Cell><Data ss:Type="String">541</Data></Cell>
			<Cell><Data ss:Type="Number">0.79</Data></Cell>
			<Cell><Data ss:Type="Number">-9.88</Data></Cell>
			<Cell><Data ss:Type="Number">0.55</Data></Cell>
			<Cell><Data ss:Type="Number">-9.44</Data></Cell>
			<Cell><Data ss:Type="Number">-0.4</Data></Cell>
			<Cell><Data ss:Type="Number">-0.84</Data></Cell>
			<Cell><Data ss:Type="Number">22.9</Data></Cell>
			<Cell><Data ss:Type="Number">39.1</Data></Cell>
			<Cell><Data ss:Type="Number">0</Data></Cell>
			<Cell><Data ss:Type="Number">0</Data></Cell>
			<Cell><Data ss:Type="String">2023-12-07 16:49:35.378111</Data></Cell>
		</Row>
		<Row>
			<Cell><Data ss:Type="String">540</Data></Cell>
			<Cell><Data ss:Type="Number">0.55</Data></Cell>
			<Cell><Data ss:Type="Number">-10.55</Data></Cell>
			<Cell><Data ss:Type="Number">-1.13</Data></Cell>
			<Cell><Data ss:Type="Number">-9.48</Data></Cell>
			<Cell><Data ss:Type="Number">0.58</Data></Cell>
			<Cell><Data ss:Type="Number">-0.98</Data></Cell>
			<Cell><Data ss:Type="Number">22.9</Data></Cell>
			<Cell><Data ss:Type="Number">39.1</Data></Cell>
			<Cell><Data ss:Type="Number">0</Data></Cell>
			<Cell><Data ss:Type="Number">0</Data></Cell>
			<Cell><Data ss:Type="String">2023-12-07 16:49:35.344800</Data></Cell>
		</Row>
		<Row>
			<Cell><Data ss:Type="String">539</Data></Cell>
			<Cell><Data ss:Type="Number">-1.02</Data></Cell>
			<Cell><Data ss:Type="Number">-10.2</Data></Cell>
			<Cell><Data ss:Type="Number">-0.99</Data></Cell>
			<Cell><Data ss:Type="Number">-9.48</Data></Cell>
			<Cell><Data ss:Type="Number">0.53</Data></Cell>
			<Cell><Data ss:Type="Number">-1.05</Data></Cell>
			<Cell><Data ss:Type="Number">22.9</Data></Cell>
			<Cell><Data ss:Type="Number">39.1</Data></Cell>
			<Cell><Data ss:Type="Number">0</Data></Cell>
			<Cell><Data ss:Type="Number">0</Data></Cell>
			<Cell><Data ss:Type="String">2023-12-07 16:49:35.342165</Data></Cell>
		</Row>
		<Row>
			<Cell><Data ss:Type="String">538</Data></Cell>
			<Cell><Data ss:Type="Number">3.93</Data></Cell>
			<Cell><Data ss:Type="Number">-9.15</Data></Cell>
			<Cell><Data ss:Type="Number">1.67</Data></Cell>
			<Cell><Data ss:Type="Number">-9.07</Data></Cell>
			<Cell><Data ss:Type="Number">-1.64</Data></Cell>
			<Cell><Data ss:Type="Number">-0.59</Data></Cell>
			<Cell><Data ss:Type="Number">22.9</Data></Cell>
			<Cell><Data ss:Type="Number">39.1</Data></Cell>
			<Cell><Data ss:Type="Number">0</Data></Cell>
			<Cell><Data ss:Type="Number">0</Data></Cell>
			<Cell><Data ss:Type="String">2023-12-07 16:49:35.340121</Data></Cell>
		</Row>
		<Row>
			<Cell><Data ss:Type="String">537</Data></Cell>
			<Cell><Data ss:Type="Number">0.16</Data></Cell>
			<Cell><Data ss:Type="Number">5.56</Data></Cell>
			<Cell><Data ss:Type="Number">-1.22</Data></Cell>
			<Cell><Data ss:Type="Number">-1.05</Data></Cell>
			<Cell><Data ss:Type="Number">-1.41</Data></Cell>
			<Cell><Data ss:Type="Number">-1.39</Data></Cell>
			<Cell><Data ss:Type="Number">22.9</Data></Cell>
			<Cell><Data ss:Type="Number">39.1</Data></Cell>
			<Cell><Data ss:Type="Number">0</Data></Cell>
			<Cell><Data ss:Type="Number">0</Data></Cell>
			<Cell><Data ss:Type="String">2023-12-07 16:49:35.337348</Data></Cell>
		</Row>
		<Row>
			<Cell><Data ss:Type="String">536</Data></Cell>
			<Cell><Data ss:Type="Number">0.3</Data></Cell>
			<Cell><Data ss:Type="Number">-9.98</Data></Cell>
			<Cell><Data ss:Type="Number">0.16</Data></Cell>
			<Cell><Data ss:Type="Number">-9.46</Data></Cell>
			<Cell><Data ss:Type="Number">-0.08</Data></Cell>
			<Cell><Data ss:Type="Number">-0.91</Data></Cell>
			<Cell><Data ss:Type="Number">22.9</Data></Cell>
			<Cell><Data ss:Type="Number">39.1</Data></Cell>
			<Cell><Data ss:Type="Number">0</Data></Cell>
			<Cell><Data ss:Type="Number">0</Data></Cell>
			<Cell><Data ss:Type="String">2023-12-07 16:49:35.334623</Data></Cell>
		</Row>
		<Row>
			<Cell><Data ss:Type="String">535</Data></Cell>
			<Cell><Data ss:Type="Number">0.29</Data></Cell>
			<Cell><Data ss:Type="Number">-10.08</Data></Cell>
			<Cell><Data ss:Type="Number">0.17</Data></Cell>
			<Cell><Data ss:Type="Number">-9.52</Data></Cell>
			<Cell><Data ss:Type="Number">-0.1</Data></Cell>
			<Cell><Data ss:Type="Number">-0.91</Data></Cell>
			<Cell><Data ss:Type="Number">22.9</Data></Cell>
			<Cell><Data ss:Type="Number">39.1</Data></Cell>
			<Cell><Data ss:Type="Number">0</Data></Cell>
			<Cell><Data ss:Type="Number">0</Data></Cell>
			<Cell><Data ss:Type="String">2023-12-07 16:49:35.332720</Data></Cell>
		</Row>
		<Row>
			<Cell><Data ss:Type="String">534</Data></Cell>
			<Cell><Data ss:Type="Number">0.27</Data></Cell>
			<Cell><Data ss:Type="Number">-10.15</Data></Cell>
			<Cell><Data ss:Type="Number">0.2</Data></Cell>
			<Cell><Data ss:Type="Number">-9.5</Data></Cell>
			<Cell><Data ss:Type="Number">-0.08</Data></Cell>
			<Cell><Data ss:Type="Number">-0.91</Data></Cell>
			<Cell><Data ss:Type="Number">22.9</Data></Cell>
			<Cell><Data ss:Type="Number">39.1</Data></Cell>
			<Cell><Data ss:Type="Number">0</Data></Cell>
			<Cell><Data ss:Type="Number">0</Data></Cell>
			<Cell><Data ss:Type="String">2023-12-07 16:49:35.330433</Data></Cell>
		</Row>
		<Row>
			<Cell><Data ss:Type="String">533</Data></Cell>
			<Cell><Data ss:Type="Number">0.24</Data></Cell>
			<Cell><Data ss:Type="Number">-10.17</Data></Cell>
			<Cell><Data ss:Type="Number">0.2</Data></Cell>
			<Cell><Data ss:Type="Number">-9.46</Data></Cell>
			<Cell><Data ss:Type="Number">-0.07</Data></Cell>
			<Cell><Data ss:Type="Number">-0.89</Data></Cell>
			<Cell><Data ss:Type="Number">22.9</Data></Cell>
			<Cell><Data ss:Type="Number">39.1</Data></Cell>
			<Cell><Data ss:Type="Number">0</Data></Cell>
			<Cell><Data ss:Type="Number">0</Data></Cell>
			<Cell><Data ss:Type="String">2023-12-07 16:49:35.102986</Data></Cell>
		</Row>
		<Row>
			<Cell><Data ss:Type="String">532</Data></Cell>
			<Cell><Data ss:Type="Number">0.25</Data></Cell>
			<Cell><Data ss:Type="Number">-10</Data></Cell>
			<Cell><Data ss:Type="Number">0.14</Data></Cell>
			<Cell><Data ss:Type="Number">-9.44</Data></Cell>
			<Cell><Data ss:Type="Number">-0.08</Data></Cell>
			<Cell><Data ss:Type="Number">-0.92</Data></Cell>
			<Cell><Data ss:Type="Number">22.9</Data></Cell>
			<Cell><Data ss:Type="Number">39.1</Data></Cell>
			<Cell><Data ss:Type="Number">0</Data></Cell>
			<Cell><Data ss:Type="Number">0</Data></Cell>
			<Cell><Data ss:Type="String">2023-12-07 16:49:35.100684</Data></Cell>
		</Row>
		<Row>
			<Cell><Data ss:Type="String">531</Data></Cell>
			<Cell><Data ss:Type="Number">0.24</Data></Cell>
			<Cell><Data ss:Type="Number">-9.97</Data></Cell>
			<Cell><Data ss:Type="Number">0.06</Data></Cell>
			<Cell><Data ss:Type="Number">-9.45</Data></Cell>
			<Cell><Data ss:Type="Number">-0.08</Data></Cell>
			<Cell><Data ss:Type="Number">-0.92</Data></Cell>
			<Cell><Data ss:Type="Number">22.9</Data></Cell>
			<Cell><Data ss:Type="Number">39.1</Data></Cell>
			<Cell><Data ss:Type="Number">0</Data></Cell>
			<Cell><Data ss:Type="Number">0</Data></Cell>
			<Cell><Data ss:Type="String">2023-12-07 16:49:35.098768</Data></Cell>
		</Row>
		<Row>
			<Cell><Data ss:Type="String">530</Data></Cell>
			<Cell><Data ss:Type="Number">0.26</Data></Cell>
			<Cell><Data ss:Type="Number">-10.06</Data></Cell>
			<Cell><Data ss:Type="Number">0.13</Data></Cell>
			<Cell><Data ss:Type="Number">-9.52</Data></Cell>
			<Cell><Data ss:Type="Number">-0.06</Data></Cell>
			<Cell><Data ss:Type="Number">-0.9</Data></Cell>
			<Cell><Data ss:Type="Number">22.9</Data></Cell>
			<Cell><Data ss:Type="Number">39.1</Data></Cell>
			<Cell><Data ss:Type="Number">0</Data></Cell>
			<Cell><Data ss:Type="Number">0</Data></Cell>
			<Cell><Data ss:Type="String">2023-12-07 16:49:35.096888</Data></Cell>
		</Row>
		<Row>
			<Cell><Data ss:Type="String">529</Data></Cell>
			<Cell><Data ss:Type="Number">0.31</Data></Cell>
			<Cell><Data ss:Type="Number">-10.2</Data></Cell>
			<Cell><Data ss:Type="Number">0.2</Data></Cell>
			<Cell><Data ss:Type="Number">-9.54</Data></Cell>
			<Cell><Data ss:Type="Number">-0.07</Data></Cell>
			<Cell><Data ss:Type="Number">-0.88</Data></Cell>
			<Cell><Data ss:Type="Number">22.9</Data></Cell>
			<Cell><Data ss:Type="Number">39.1</Data></Cell>
			<Cell><Data ss:Type="Number">0</Data></Cell>
			<Cell><Data ss:Type="Number">0</Data></Cell>
			<Cell><Data ss:Type="String">2023-12-07 16:49:35.095159</Data></Cell>
		</Row>
		<Row>
			<Cell><Data ss:Type="String">528</Data></Cell>
			<Cell><Data ss:Type="Number">0.27</Data></Cell>
			<Cell><Data ss:Type="Number">-10.22</Data></Cell>
			<Cell><Data ss:Type="Number">0.1</Data></Cell>
			<Cell><Data ss:Type="Number">-9.52</Data></Cell>
			<Cell><Data ss:Type="Number">-0.05</Data></Cell>
			<Cell><Data ss:Type="Number">-0.89</Data></Cell>
			<Cell><Data ss:Type="Number">22.9</Data></Cell>
			<Cell><Data ss:Type="Number">39.1</Data></Cell>
			<Cell><Data ss:Type="Number">0</Data></Cell>
			<Cell><Data ss:Type="Number">0</Data></Cell>
			<Cell><Data ss:Type="String">2023-12-07 16:49:35.093029</Data></Cell>
		</Row>
		<Row>
			<Cell><Data ss:Type="String">527</Data></Cell>
			<Cell><Data ss:Type="Number">0.25</Data></Cell>
			<Cell><Data ss:Type="Number">-10.02</Data></Cell>
			<Cell><Data ss:Type="Number">0.11</Data></Cell>
			<Cell><Data ss:Type="Number">-9.45</Data></Cell>
			<Cell><Data ss:Type="Number">-0.08</Data></Cell>
			<Cell><Data ss:Type="Number">-0.91</Data></Cell>
			<Cell><Data ss:Type="Number">22.9</Data></Cell>
			<Cell><Data ss:Type="Number">39.1</Data></Cell>
			<Cell><Data ss:Type="Number">0</Data></Cell>
			<Cell><Data ss:Type="Number">0</Data></Cell>
			<Cell><Data ss:Type="String">2023-12-07 16:49:34.889601</Data></Cell>
		</Row>
		<Row>
			<Cell><Data ss:Type="String">526</Data></Cell>
			<Cell><Data ss:Type="Number">0.25</Data></Cell>
			<Cell><Data ss:Type="Number">-9.95</Data></Cell>
			<Cell><Data ss:Type="Number">-0.06</Data></Cell>
			<Cell><Data ss:Type="Number">-9.48</Data></Cell>
			<Cell><Data ss:Type="Number">-0.08</Data></Cell>
			<Cell><Data ss:Type="Number">-0.9</Data></Cell>
			<Cell><Data ss:Type="Number">22.9</Data></Cell>
			<Cell><Data ss:Type="Number">39.1</Data></Cell>
			<Cell><Data ss:Type="Number">0</Data></Cell>
			<Cell><Data ss:Type="Number">0</Data></Cell>
			<Cell><Data ss:Type="String">2023-12-07 16:49:34.887058</Data></Cell>
		</Row>
		<Row>
			<Cell><Data ss:Type="String">525</Data></Cell>
			<Cell><Data ss:Type="Number">0.27</Data></Cell>
			<Cell><Data ss:Type="Number">-10.17</Data></Cell>
			<Cell><Data ss:Type="Number">0.22</Data></Cell>
			<Cell><Data ss:Type="Number">-9.51</Data></Cell>
			<Cell><Data ss:Type="Number">-0.08</Data></Cell>
			<Cell><Data ss:Type="Number">-0.91</Data></Cell>
			<Cell><Data ss:Type="Number">22.9</Data></Cell>
			<Cell><Data ss:Type="Number">39.1</Data></Cell>
			<Cell><Data ss:Type="Number">0</Data></Cell>
			<Cell><Data ss:Type="Number">0</Data></Cell>
			<Cell><Data ss:Type="String">2023-12-07 16:49:34.840159</Data></Cell>
		</Row>
		<Row>
			<Cell><Data ss:Type="String">524</Data></Cell>
			<Cell><Data ss:Type="Number">0.29</Data></Cell>
			<Cell><Data ss:Type="Number">-10.15</Data></Cell>
			<Cell><Data ss:Type="Number">0.17</Data></Cell>
			<Cell><Data ss:Type="Number">-9.5</Data></Cell>
			<Cell><Data ss:Type="Number">-0.07</Data></Cell>
			<Cell><Data ss:Type="Number">-0.93</Data></Cell>
			<Cell><Data ss:Type="Number">22.9</Data></Cell>
			<Cell><Data ss:Type="Number">39.1</Data></Cell>
			<Cell><Data ss:Type="Number">0</Data></Cell>
			<Cell><Data ss:Type="Number">0</Data></Cell>
			<Cell><Data ss:Type="String">2023-12-07 16:49:34.796093</Data></Cell>
		</Row>
		<Row>
			<Cell><Data ss:Type="String">523</Data></Cell>
			<Cell><Data ss:Type="Number">0.3</Data></Cell>
			<Cell><Data ss:Type="Number">-10.27</Data></Cell>
			<Cell><Data ss:Type="Number">0.12</Data></Cell>
			<Cell><Data ss:Type="Number">-9.48</Data></Cell>
			<Cell><Data ss:Type="Number">-0.06</Data></Cell>
			<Cell><Data ss:Type="Number">-0.91</Data></Cell>
			<Cell><Data ss:Type="Number">22.9</Data></Cell>
			<Cell><Data ss:Type="Number">39.1</Data></Cell>
			<Cell><Data ss:Type="Number">0</Data></Cell>
			<Cell><Data ss:Type="Number">0</Data></Cell>
			<Cell><Data ss:Type="String">2023-12-07 16:49:34.794537</Data></Cell>
		</Row>
		<Row>
			<Cell><Data ss:Type="String">522</Data></Cell>
			<Cell><Data ss:Type="Number">0.24</Data></Cell>
			<Cell><Data ss:Type="Number">-10</Data></Cell>
			<Cell><Data ss:Type="Number">0.16</Data></Cell>
			<Cell><Data ss:Type="Number">-9.44</Data></Cell>
			<Cell><Data ss:Type="Number">-0.06</Data></Cell>
			<Cell><Data ss:Type="Number">-0.91</Data></Cell>
			<Cell><Data ss:Type="Number">22.9</Data></Cell>
			<Cell><Data ss:Type="Number">39.1</Data></Cell>
			<Cell><Data ss:Type="Number">0</Data></Cell>
			<Cell><Data ss:Type="Number">0</Data></Cell>
			<Cell><Data ss:Type="String">2023-12-07 16:49:34.745189</Data></Cell>
		</Row>
		<Row>
			<Cell><Data ss:Type="String">521</Data></Cell>
			<Cell><Data ss:Type="Number">0.25</Data></Cell>
			<Cell><Data ss:Type="Number">-9.93</Data></Cell>
			<Cell><Data ss:Type="Number">0.13</Data></Cell>
			<Cell><Data ss:Type="Number">-9.47</Data></Cell>
			<Cell><Data ss:Type="Number">-0.08</Data></Cell>
			<Cell><Data ss:Type="Number">-0.89</Data></Cell>
			<Cell><Data ss:Type="Number">22.9</Data></Cell>
			<Cell><Data ss:Type="Number">39.1</Data></Cell>
			<Cell><Data ss:Type="Number">0</Data></Cell>
			<Cell><Data ss:Type="Number">0</Data></Cell>
			<Cell><Data ss:Type="String">2023-12-07 16:49:34.701384</Data></Cell>
		</Row>
		<Row>
			<Cell><Data ss:Type="String">520</Data></Cell>
			<Cell><Data ss:Type="Number">0.3</Data></Cell>
			<Cell><Data ss:Type="Number">-10.2</Data></Cell>
			<Cell><Data ss:Type="Number">0.18</Data></Cell>
			<Cell><Data ss:Type="Number">-9.52</Data></Cell>
			<Cell><Data ss:Type="Number">-0.08</Data></Cell>
			<Cell><Data ss:Type="Number">-0.89</Data></Cell>
			<Cell><Data ss:Type="Number">22.9</Data></Cell>
			<Cell><Data ss:Type="Number">39.1</Data></Cell>
			<Cell><Data ss:Type="Number">0</Data></Cell>
			<Cell><Data ss:Type="Number">0</Data></Cell>
			<Cell><Data ss:Type="String">2023-12-07 16:49:34.699501</Data></Cell>
		</Row>
		<Row>
			<Cell><Data ss:Type="String">519</Data></Cell>
			<Cell><Data ss:Type="Number">0.26</Data></Cell>
			<Cell><Data ss:Type="Number">-10.18</Data></Cell>
			<Cell><Data ss:Type="Number">0.17</Data></Cell>
			<Cell><Data ss:Type="Number">-9.47</Data></Cell>
			<Cell><Data ss:Type="Number">-0.05</Data></Cell>
			<Cell><Data ss:Type="Number">-0.9</Data></Cell>
			<Cell><Data ss:Type="Number">22.9</Data></Cell>
			<Cell><Data ss:Type="Number">39.1</Data></Cell>
			<Cell><Data ss:Type="Number">0</Data></Cell>
			<Cell><Data ss:Type="Number">0</Data></Cell>
			<Cell><Data ss:Type="String">2023-12-07 16:49:34.641690</Data></Cell>
		</Row>
		<Row>
			<Cell><Data ss:Type="String">518</Data></Cell>
			<Cell><Data ss:Type="Number">0.27</Data></Cell>
			<Cell><Data ss:Type="Number">-9.98</Data></Cell>
			<Cell><Data ss:Type="Number">0.1</Data></Cell>
			<Cell><Data ss:Type="Number">-9.44</Data></Cell>
			<Cell><Data ss:Type="Number">-0.07</Data></Cell>
			<Cell><Data ss:Type="Number">-0.93</Data></Cell>
			<Cell><Data ss:Type="Number">22.9</Data></Cell>
			<Cell><Data ss:Type="Number">39.1</Data></Cell>
			<Cell><Data ss:Type="Number">0</Data></Cell>
			<Cell><Data ss:Type="Number">0</Data></Cell>
			<Cell><Data ss:Type="String">2023-12-07 16:49:34.596745</Data></Cell>
		</Row>
		<Row>
			<Cell><Data ss:Type="String">517</Data></Cell>
			<Cell><Data ss:Type="Number">0.28</Data></Cell>
			<Cell><Data ss:Type="Number">-9.93</Data></Cell>
			<Cell><Data ss:Type="Number">0.09</Data></Cell>
			<Cell><Data ss:Type="Number">-9.45</Data></Cell>
			<Cell><Data ss:Type="Number">-0.08</Data></Cell>
			<Cell><Data ss:Type="Number">-0.91</Data></Cell>
			<Cell><Data ss:Type="Number">22.9</Data></Cell>
			<Cell><Data ss:Type="Number">39.1</Data></Cell>
			<Cell><Data ss:Type="Number">0</Data></Cell>
			<Cell><Data ss:Type="Number">0</Data></Cell>
			<Cell><Data ss:Type="String">2023-12-07 16:49:34.595003</Data></Cell>
		</Row>
		<Row>
			<Cell><Data ss:Type="String">516</Data></Cell>
			<Cell><Data ss:Type="Number">0.31</Data></Cell>
			<Cell><Data ss:Type="Number">-10.18</Data></Cell>
			<Cell><Data ss:Type="Number">0.18</Data></Cell>
			<Cell><Data ss:Type="Number">-9.53</Data></Cell>
			<Cell><Data ss:Type="Number">-0.07</Data></Cell>
			<Cell><Data ss:Type="Number">-0.92</Data></Cell>
			<Cell><Data ss:Type="Number">22.9</Data></Cell>
			<Cell><Data ss:Type="Number">39.1</Data></Cell>
			<Cell><Data ss:Type="Number">0</Data></Cell>
			<Cell><Data ss:Type="Number">0</Data></Cell>
			<Cell><Data ss:Type="String">2023-12-07 16:49:34.547087</Data></Cell>
		</Row>
		<Row>
			<Cell><Data ss:Type="String">515</Data></Cell>
			<Cell><Data ss:Type="Number">0.25</Data></Cell>
			<Cell><Data ss:Type="Number">-10.21</Data></Cell>
			<Cell><Data ss:Type="Number">0.17</Data></Cell>
			<Cell><Data ss:Type="Number">-9.54</Data></Cell>
			<Cell><Data ss:Type="Number">-0.09</Data></Cell>
			<Cell><Data ss:Type="Number">-0.89</Data></Cell>
			<Cell><Data ss:Type="Number">22.9</Data></Cell>
			<Cell><Data ss:Type="Number">39.1</Data></Cell>
			<Cell><Data ss:Type="Number">0</Data></Cell>
			<Cell><Data ss:Type="Number">0</Data></Cell>
			<Cell><Data ss:Type="String">2023-12-07 16:49:34.503627</Data></Cell>
		</Row>
		<Row>
			<Cell><Data ss:Type="String">514</Data></Cell>
			<Cell><Data ss:Type="Number">0.29</Data></Cell>
			<Cell><Data ss:Type="Number">-10.15</Data></Cell>
			<Cell><Data ss:Type="Number">0.14</Data></Cell>
			<Cell><Data ss:Type="Number">-9.45</Data></Cell>
			<Cell><Data ss:Type="Number">-0.05</Data></Cell>
			<Cell><Data ss:Type="Number">-0.93</Data></Cell>
			<Cell><Data ss:Type="Number">22.9</Data></Cell>
			<Cell><Data ss:Type="Number">39.1</Data></Cell>
			<Cell><Data ss:Type="Number">0</Data></Cell>
			<Cell><Data ss:Type="Number">0</Data></Cell>
			<Cell><Data ss:Type="String">2023-12-07 16:49:34.478031</Data></Cell>
		</Row>
		<Row>
			<Cell><Data ss:Type="String">513</Data></Cell>
			<Cell><Data ss:Type="Number">0.28</Data></Cell>
			<Cell><Data ss:Type="Number">-9.99</Data></Cell>
			<Cell><Data ss:Type="Number">0.12</Data></Cell>
			<Cell><Data ss:Type="Number">-9.45</Data></Cell>
			<Cell><Data ss:Type="Number">-0.09</Data></Cell>
			<Cell><Data ss:Type="Number">-0.95</Data></Cell>
			<Cell><Data ss:Type="Number">22.9</Data></Cell>
			<Cell><Data ss:Type="Number">39.1</Data></Cell>
			<Cell><Data ss:Type="Number">0</Data></Cell>
			<Cell><Data ss:Type="Number">0</Data></Cell>
			<Cell><Data ss:Type="String">2023-12-07 16:49:34.476384</Data></Cell>
		</Row>
		<Row>
			<Cell><Data ss:Type="String">512</Data></Cell>
			<Cell><Data ss:Type="Number">0.28</Data></Cell>
			<Cell><Data ss:Type="Number">-10</Data></Cell>
			<Cell><Data ss:Type="Number">0.14</Data></Cell>
			<Cell><Data ss:Type="Number">-9.47</Data></Cell>
			<Cell><Data ss:Type="Number">-0.07</Data></Cell>
			<Cell><Data ss:Type="Number">-0.9</Data></Cell>
			<Cell><Data ss:Type="Number">22.9</Data></Cell>
			<Cell><Data ss:Type="Number">39.1</Data></Cell>
			<Cell><Data ss:Type="Number">0</Data></Cell>
			<Cell><Data ss:Type="Number">0</Data></Cell>
			<Cell><Data ss:Type="String">2023-12-07 16:49:34.474219</Data></Cell>
		</Row>
		<Row>
			<Cell><Data ss:Type="String">511</Data></Cell>
			<Cell><Data ss:Type="Number">0.27</Data></Cell>
			<Cell><Data ss:Type="Number">-10.1</Data></Cell>
			<Cell><Data ss:Type="Number">0.04</Data></Cell>
			<Cell><Data ss:Type="Number">-9.5</Data></Cell>
			<Cell><Data ss:Type="Number">-0.06</Data></Cell>
			<Cell><Data ss:Type="Number">-0.94</Data></Cell>
			<Cell><Data ss:Type="Number">22.9</Data></Cell>
			<Cell><Data ss:Type="Number">39.1</Data></Cell>
			<Cell><Data ss:Type="Number">0</Data></Cell>
			<Cell><Data ss:Type="Number">0</Data></Cell>
			<Cell><Data ss:Type="String">2023-12-07 16:49:34.471799</Data></Cell>
		</Row>
		<Row>
			<Cell><Data ss:Type="String">510</Data></Cell>
			<Cell><Data ss:Type="Number">0.3</Data></Cell>
			<Cell><Data ss:Type="Number">-10.23</Data></Cell>
			<Cell><Data ss:Type="Number">0.21</Data></Cell>
			<Cell><Data ss:Type="Number">-9.54</Data></Cell>
			<Cell><Data ss:Type="Number">-0.07</Data></Cell>
			<Cell><Data ss:Type="Number">-0.87</Data></Cell>
			<Cell><Data ss:Type="Number">22.9</Data></Cell>
			<Cell><Data ss:Type="Number">39.1</Data></Cell>
			<Cell><Data ss:Type="Number">0</Data></Cell>
			<Cell><Data ss:Type="Number">0</Data></Cell>
			<Cell><Data ss:Type="String">2023-12-07 16:49:34.469079</Data></Cell>
		</Row>
		<Row>
			<Cell><Data ss:Type="String">509</Data></Cell>
			<Cell><Data ss:Type="Number">0.25</Data></Cell>
			<Cell><Data ss:Type="Number">-10.13</Data></Cell>
			<Cell><Data ss:Type="Number">0.12</Data></Cell>
			<Cell><Data ss:Type="Number">-9.48</Data></Cell>
			<Cell><Data ss:Type="Number">-0.06</Data></Cell>
			<Cell><Data ss:Type="Number">-0.91</Data></Cell>
			<Cell><Data ss:Type="Number">22.9</Data></Cell>
			<Cell><Data ss:Type="Number">39.1</Data></Cell>
			<Cell><Data ss:Type="Number">0</Data></Cell>
			<Cell><Data ss:Type="Number">0</Data></Cell>
			<Cell><Data ss:Type="String">2023-12-07 16:49:34.466860</Data></Cell>
		</Row>
		<Row>
			<Cell><Data ss:Type="String">508</Data></Cell>
			<Cell><Data ss:Type="Number">0.29</Data></Cell>
			<Cell><Data ss:Type="Number">-10.02</Data></Cell>
			<Cell><Data ss:Type="Number">0.14</Data></Cell>
			<Cell><Data ss:Type="Number">-9.45</Data></Cell>
			<Cell><Data ss:Type="Number">-0.08</Data></Cell>
			<Cell><Data ss:Type="Number">-0.92</Data></Cell>
			<Cell><Data ss:Type="Number">22.9</Data></Cell>
			<Cell><Data ss:Type="Number">39.1</Data></Cell>
			<Cell><Data ss:Type="Number">0</Data></Cell>
			<Cell><Data ss:Type="Number">0</Data></Cell>
			<Cell><Data ss:Type="String">2023-12-07 16:49:34.464913</Data></Cell>
		</Row>
		<Row>
			<Cell><Data ss:Type="String">507</Data></Cell>
			<Cell><Data ss:Type="Number">0.27</Data></Cell>
			<Cell><Data ss:Type="Number">-9.94</Data></Cell>
			<Cell><Data ss:Type="Number">0.15</Data></Cell>
			<Cell><Data ss:Type="Number">-9.44</Data></Cell>
			<Cell><Data ss:Type="Number">-0.08</Data></Cell>
			<Cell><Data ss:Type="Number">-0.89</Data></Cell>
			<Cell><Data ss:Type="Number">22.9</Data></Cell>
			<Cell><Data ss:Type="Number">39.1</Data></Cell>
			<Cell><Data ss:Type="Number">0</Data></Cell>
			<Cell><Data ss:Type="Number">0</Data></Cell>
			<Cell><Data ss:Type="String">2023-12-07 16:49:34.462996</Data></Cell>
		</Row>
		<Row>
			<Cell><Data ss:Type="String">506</Data></Cell>
			<Cell><Data ss:Type="Number">0.33</Data></Cell>
			<Cell><Data ss:Type="Number">-10.12</Data></Cell>
			<Cell><Data ss:Type="Number">0.12</Data></Cell>
			<Cell><Data ss:Type="Number">-9.5</Data></Cell>
			<Cell><Data ss:Type="Number">-0.09</Data></Cell>
			<Cell><Data ss:Type="Number">-0.96</Data></Cell>
			<Cell><Data ss:Type="Number">22.9</Data></Cell>
			<Cell><Data ss:Type="Number">39.1</Data></Cell>
			<Cell><Data ss:Type="Number">0</Data></Cell>
			<Cell><Data ss:Type="Number">0</Data></Cell>
			<Cell><Data ss:Type="String">2023-12-07 16:49:34.401292</Data></Cell>
		</Row>
		<Row>
			<Cell><Data ss:Type="String">505</Data></Cell>
			<Cell><Data ss:Type="Number">0.25</Data></Cell>
			<Cell><Data ss:Type="Number">-10.13</Data></Cell>
			<Cell><Data ss:Type="Number">0.23</Data></Cell>
			<Cell><Data ss:Type="Number">-9.5</Data></Cell>
			<Cell><Data ss:Type="Number">-0.02</Data></Cell>
			<Cell><Data ss:Type="Number">-0.85</Data></Cell>
			<Cell><Data ss:Type="Number">22.9</Data></Cell>
			<Cell><Data ss:Type="Number">39.1</Data></Cell>
			<Cell><Data ss:Type="Number">0</Data></Cell>
			<Cell><Data ss:Type="Number">0</Data></Cell>
			<Cell><Data ss:Type="String">2023-12-07 16:49:34.177296</Data></Cell>
		</Row>
		<Row>
			<Cell><Data ss:Type="String">504</Data></Cell>
			<Cell><Data ss:Type="Number">0.38</Data></Cell>
			<Cell><Data ss:Type="Number">-10.26</Data></Cell>
			<Cell><Data ss:Type="Number">0.08</Data></Cell>
			<Cell><Data ss:Type="Number">-9.53</Data></Cell>
			<Cell><Data ss:Type="Number">-0.06</Data></Cell>
			<Cell><Data ss:Type="Number">-0.93</Data></Cell>
			<Cell><Data ss:Type="Number">22.9</Data></Cell>
			<Cell><Data ss:Type="Number">39.1</Data></Cell>
			<Cell><Data ss:Type="Number">0</Data></Cell>
			<Cell><Data ss:Type="Number">0</Data></Cell>
			<Cell><Data ss:Type="String">2023-12-07 16:49:34.175420</Data></Cell>
		</Row>
		<Row>
			<Cell><Data ss:Type="String">503</Data></Cell>
			<Cell><Data ss:Type="Number">0.36</Data></Cell>
			<Cell><Data ss:Type="Number">-9.99</Data></Cell>
			<Cell><Data ss:Type="Number">0.4</Data></Cell>
			<Cell><Data ss:Type="Number">-9.43</Data></Cell>
			<Cell><Data ss:Type="Number">-0.09</Data></Cell>
			<Cell><Data ss:Type="Number">-0.89</Data></Cell>
			<Cell><Data ss:Type="Number">22.9</Data></Cell>
			<Cell><Data ss:Type="Number">39.1</Data></Cell>
			<Cell><Data ss:Type="Number">0</Data></Cell>
			<Cell><Data ss:Type="Number">0</Data></Cell>
			<Cell><Data ss:Type="String">2023-12-07 16:49:34.171838</Data></Cell>
		</Row>
		<Row>
			<Cell><Data ss:Type="String">502</Data></Cell>
			<Cell><Data ss:Type="Number">0.45</Data></Cell>
			<Cell><Data ss:Type="Number">-9.98</Data></Cell>
			<Cell><Data ss:Type="Number">0.23</Data></Cell>
			<Cell><Data ss:Type="Number">-9.45</Data></Cell>
			<Cell><Data ss:Type="Number">-0.21</Data></Cell>
			<Cell><Data ss:Type="Number">-0.9</Data></Cell>
			<Cell><Data ss:Type="Number">22.9</Data></Cell>
			<Cell><Data ss:Type="Number">39.1</Data></Cell>
			<Cell><Data ss:Type="Number">0</Data></Cell>
			<Cell><Data ss:Type="Number">0</Data></Cell>
			<Cell><Data ss:Type="String">2023-12-07 16:49:34.064413</Data></Cell>
		</Row>
		<Row>
			<Cell><Data ss:Type="String">501</Data></Cell>
			<Cell><Data ss:Type="Number">0.05</Data></Cell>
			<Cell><Data ss:Type="Number">-10.02</Data></Cell>
			<Cell><Data ss:Type="Number">0.03</Data></Cell>
			<Cell><Data ss:Type="Number">-9.48</Data></Cell>
			<Cell><Data ss:Type="Number">0.05</Data></Cell>
			<Cell><Data ss:Type="Number">-0.95</Data></Cell>
			<Cell><Data ss:Type="Number">22.9</Data></Cell>
			<Cell><Data ss:Type="Number">39.1</Data></Cell>
			<Cell><Data ss:Type="Number">0</Data></Cell>
			<Cell><Data ss:Type="Number">0</Data></Cell>
			<Cell><Data ss:Type="String">2023-12-07 16:49:34.062323</Data></Cell>
		</Row>
		<Row>
			<Cell><Data ss:Type="String">500</Data></Cell>
			<Cell><Data ss:Type="Number">0.18</Data></Cell>
			<Cell><Data ss:Type="Number">-10.09</Data></Cell>
			<Cell><Data ss:Type="Number">0.02</Data></Cell>
			<Cell><Data ss:Type="Number">-9.49</Data></Cell>
			<Cell><Data ss:Type="Number">0.08</Data></Cell>
			<Cell><Data ss:Type="Number">-0.87</Data></Cell>
			<Cell><Data ss:Type="Number">22.9</Data></Cell>
			<Cell><Data ss:Type="Number">39.1</Data></Cell>
			<Cell><Data ss:Type="Number">0</Data></Cell>
			<Cell><Data ss:Type="Number">0</Data></Cell>
			<Cell><Data ss:Type="String">2023-12-07 16:49:34.060343</Data></Cell>
		</Row>
		<Row>
			<Cell><Data ss:Type="String">499</Data></Cell>
			<Cell><Data ss:Type="Number">0.63</Data></Cell>
			<Cell><Data ss:Type="Number">-10.22</Data></Cell>
			<Cell><Data ss:Type="Number">0.27</Data></Cell>
			<Cell><Data ss:Type="Number">-9.53</Data></Cell>
			<Cell><Data ss:Type="Number">-0.12</Data></Cell>
			<Cell><Data ss:Type="Number">-0.97</Data></Cell>
			<Cell><Data ss:Type="Number">22.9</Data></Cell>
			<Cell><Data ss:Type="Number">39.1</Data></Cell>
			<Cell><Data ss:Type="Number">0</Data></Cell>
			<Cell><Data ss:Type="Number">0</Data></Cell>
			<Cell><Data ss:Type="String">2023-12-07 16:49:34.058370</Data></Cell>
		</Row>
		<Row>
			<Cell><Data ss:Type="String">498</Data></Cell>
			<Cell><Data ss:Type="Number">1.21</Data></Cell>
			<Cell><Data ss:Type="Number">-10.01</Data></Cell>
			<Cell><Data ss:Type="Number">0.76</Data></Cell>
			<Cell><Data ss:Type="Number">-9.48</Data></Cell>
			<Cell><Data ss:Type="Number">-0.62</Data></Cell>
			<Cell><Data ss:Type="Number">-0.74</Data></Cell>
			<Cell><Data ss:Type="Number">22.9</Data></Cell>
			<Cell><Data ss:Type="Number">39.1</Data></Cell>
			<Cell><Data ss:Type="Number">0</Data></Cell>
			<Cell><Data ss:Type="Number">0</Data></Cell>
			<Cell><Data ss:Type="String">2023-12-07 16:49:34.056412</Data></Cell>
		</Row>
		<Row>
			<Cell><Data ss:Type="String">497</Data></Cell>
			<Cell><Data ss:Type="Number">-0.72</Data></Cell>
			<Cell><Data ss:Type="Number">-10.18</Data></Cell>
			<Cell><Data ss:Type="Number">-0.23</Data></Cell>
			<Cell><Data ss:Type="Number">-9.51</Data></Cell>
			<Cell><Data ss:Type="Number">0.29</Data></Cell>
			<Cell><Data ss:Type="Number">-0.92</Data></Cell>
			<Cell><Data ss:Type="Number">22.9</Data></Cell>
			<Cell><Data ss:Type="Number">39.1</Data></Cell>
			<Cell><Data ss:Type="Number">0</Data></Cell>
			<Cell><Data ss:Type="Number">0</Data></Cell>
			<Cell><Data ss:Type="String">2023-12-07 16:49:34.054231</Data></Cell>
		</Row>
		<Row>
			<Cell><Data ss:Type="String">496</Data></Cell>
			<Cell><Data ss:Type="Number">-1.06</Data></Cell>
			<Cell><Data ss:Type="Number">-9.83</Data></Cell>
			<Cell><Data ss:Type="Number">-1.08</Data></Cell>
			<Cell><Data ss:Type="Number">-9.54</Data></Cell>
			<Cell><Data ss:Type="Number">1.01</Data></Cell>
			<Cell><Data ss:Type="Number">-1.15</Data></Cell>
			<Cell><Data ss:Type="Number">22.9</Data></Cell>
			<Cell><Data ss:Type="Number">39.1</Data></Cell>
			<Cell><Data ss:Type="Number">0</Data></Cell>
			<Cell><Data ss:Type="Number">0</Data></Cell>
			<Cell><Data ss:Type="String">2023-12-07 16:49:34.049490</Data></Cell>
		</Row>
		<Row>
			<Cell><Data ss:Type="String">495</Data></Cell>
			<Cell><Data ss:Type="Number">2.34</Data></Cell>
			<Cell><Data ss:Type="Number">-9.05</Data></Cell>
			<Cell><Data ss:Type="Number">-0.19</Data></Cell>
			<Cell><Data ss:Type="Number">-9.56</Data></Cell>
			<Cell><Data ss:Type="Number">1.24</Data></Cell>
			<Cell><Data ss:Type="Number">-0.98</Data></Cell>
			<Cell><Data ss:Type="Number">22.9</Data></Cell>
			<Cell><Data ss:Type="Number">39.1</Data></Cell>
			<Cell><Data ss:Type="Number">0</Data></Cell>
			<Cell><Data ss:Type="Number">0</Data></Cell>
			<Cell><Data ss:Type="String">2023-12-07 16:49:34.047563</Data></Cell>
		</Row>
		<Row>
			<Cell><Data ss:Type="String">494</Data></Cell>
			<Cell><Data ss:Type="Number">-0.33</Data></Cell>
			<Cell><Data ss:Type="Number">-10.21</Data></Cell>
			<Cell><Data ss:Type="Number">0.13</Data></Cell>
			<Cell><Data ss:Type="Number">-9.16</Data></Cell>
			<Cell><Data ss:Type="Number">-0.33</Data></Cell>
			<Cell><Data ss:Type="Number">-0.75</Data></Cell>
			<Cell><Data ss:Type="Number">22.9</Data></Cell>
			<Cell><Data ss:Type="Number">39.1</Data></Cell>
			<Cell><Data ss:Type="Number">0</Data></Cell>
			<Cell><Data ss:Type="Number">0</Data></Cell>
			<Cell><Data ss:Type="String">2023-12-07 16:49:33.814162</Data></Cell>
		</Row>
		<Row>
			<Cell><Data ss:Type="String">493</Data></Cell>
			<Cell><Data ss:Type="Number">0.44</Data></Cell>
			<Cell><Data ss:Type="Number">-9.86</Data></Cell>
			<Cell><Data ss:Type="Number">0.12</Data></Cell>
			<Cell><Data ss:Type="Number">-9.32</Data></Cell>
			<Cell><Data ss:Type="Number">-0.12</Data></Cell>
			<Cell><Data ss:Type="Number">-0.92</Data></Cell>
			<Cell><Data ss:Type="Number">22.9</Data></Cell>
			<Cell><Data ss:Type="Number">39.1</Data></Cell>
			<Cell><Data ss:Type="Number">0</Data></Cell>
			<Cell><Data ss:Type="Number">0</Data></Cell>
			<Cell><Data ss:Type="String">2023-12-07 16:49:33.812247</Data></Cell>
		</Row>
		<Row>
			<Cell><Data ss:Type="String">492</Data></Cell>
			<Cell><Data ss:Type="Number">0.01</Data></Cell>
			<Cell><Data ss:Type="Number">-9.95</Data></Cell>
			<Cell><Data ss:Type="Number">0.23</Data></Cell>
			<Cell><Data ss:Type="Number">-9.5</Data></Cell>
			<Cell><Data ss:Type="Number">-0.07</Data></Cell>
			<Cell><Data ss:Type="Number">-0.92</Data></Cell>
			<Cell><Data ss:Type="Number">22.9</Data></Cell>
			<Cell><Data ss:Type="Number">39.1</Data></Cell>
			<Cell><Data ss:Type="Number">0</Data></Cell>
			<Cell><Data ss:Type="Number">0</Data></Cell>
			<Cell><Data ss:Type="String">2023-12-07 16:49:33.810473</Data></Cell>
		</Row>
		<Row>
			<Cell><Data ss:Type="String">491</Data></Cell>
			<Cell><Data ss:Type="Number">-0.2</Data></Cell>
			<Cell><Data ss:Type="Number">-10.16</Data></Cell>
			<Cell><Data ss:Type="Number">0.2</Data></Cell>
			<Cell><Data ss:Type="Number">-9.48</Data></Cell>
			<Cell><Data ss:Type="Number">-0.1</Data></Cell>
			<Cell><Data ss:Type="Number">-0.96</Data></Cell>
			<Cell><Data ss:Type="Number">22.9</Data></Cell>
			<Cell><Data ss:Type="Number">39.1</Data></Cell>
			<Cell><Data ss:Type="Number">0</Data></Cell>
			<Cell><Data ss:Type="Number">0</Data></Cell>
			<Cell><Data ss:Type="String">2023-12-07 16:49:33.808784</Data></Cell>
		</Row>
		<Row>
			<Cell><Data ss:Type="String">490</Data></Cell>
			<Cell><Data ss:Type="Number">-0.25</Data></Cell>
			<Cell><Data ss:Type="Number">-9.84</Data></Cell>
			<Cell><Data ss:Type="Number">0.4</Data></Cell>
			<Cell><Data ss:Type="Number">-9.51</Data></Cell>
			<Cell><Data ss:Type="Number">-0.08</Data></Cell>
			<Cell><Data ss:Type="Number">-0.89</Data></Cell>
			<Cell><Data ss:Type="Number">22.9</Data></Cell>
			<Cell><Data ss:Type="Number">39.1</Data></Cell>
			<Cell><Data ss:Type="Number">0</Data></Cell>
			<Cell><Data ss:Type="Number">0</Data></Cell>
			<Cell><Data ss:Type="String">2023-12-07 16:49:33.806218</Data></Cell>
		</Row>
		<Row>
			<Cell><Data ss:Type="String">489</Data></Cell>
			<Cell><Data ss:Type="Number">0.45</Data></Cell>
			<Cell><Data ss:Type="Number">-10.31</Data></Cell>
			<Cell><Data ss:Type="Number">0.12</Data></Cell>
			<Cell><Data ss:Type="Number">-9.55</Data></Cell>
			<Cell><Data ss:Type="Number">-0.1</Data></Cell>
			<Cell><Data ss:Type="Number">-0.92</Data></Cell>
			<Cell><Data ss:Type="Number">22.9</Data></Cell>
			<Cell><Data ss:Type="Number">39.1</Data></Cell>
			<Cell><Data ss:Type="Number">0</Data></Cell>
			<Cell><Data ss:Type="Number">0</Data></Cell>
			<Cell><Data ss:Type="String">2023-12-07 16:49:33.803939</Data></Cell>
		</Row>
		<Row>
			<Cell><Data ss:Type="String">488</Data></Cell>
			<Cell><Data ss:Type="Number">0.59</Data></Cell>
			<Cell><Data ss:Type="Number">-10.31</Data></Cell>
			<Cell><Data ss:Type="Number">0</Data></Cell>
			<Cell><Data ss:Type="Number">-9.56</Data></Cell>
			<Cell><Data ss:Type="Number">-0.11</Data></Cell>
			<Cell><Data ss:Type="Number">-0.9</Data></Cell>
			<Cell><Data ss:Type="Number">22.9</Data></Cell>
			<Cell><Data ss:Type="Number">39.1</Data></Cell>
			<Cell><Data ss:Type="Number">0</Data></Cell>
			<Cell><Data ss:Type="Number">0</Data></Cell>
			<Cell><Data ss:Type="String">2023-12-07 16:49:33.801213</Data></Cell>
		</Row>
		<Row>
			<Cell><Data ss:Type="String">487</Data></Cell>
			<Cell><Data ss:Type="Number">0.07</Data></Cell>
			<Cell><Data ss:Type="Number">-9.37</Data></Cell>
			<Cell><Data ss:Type="Number">0</Data></Cell>
			<Cell><Data ss:Type="Number">-9.36</Data></Cell>
			<Cell><Data ss:Type="Number">-0.06</Data></Cell>
			<Cell><Data ss:Type="Number">-0.9</Data></Cell>
			<Cell><Data ss:Type="Number">22.9</Data></Cell>
			<Cell><Data ss:Type="Number">39.1</Data></Cell>
			<Cell><Data ss:Type="Number">0</Data></Cell>
			<Cell><Data ss:Type="Number">0</Data></Cell>
			<Cell><Data ss:Type="String">2023-12-07 16:49:33.567748</Data></Cell>
		</Row>
		<Row>
			<Cell><Data ss:Type="String">486</Data></Cell>
			<Cell><Data ss:Type="Number">0.25</Data></Cell>
			<Cell><Data ss:Type="Number">-10.29</Data></Cell>
			<Cell><Data ss:Type="Number">0.17</Data></Cell>
			<Cell><Data ss:Type="Number">-9.51</Data></Cell>
			<Cell><Data ss:Type="Number">-0.08</Data></Cell>
			<Cell><Data ss:Type="Number">-0.91</Data></Cell>
			<Cell><Data ss:Type="Number">22.9</Data></Cell>
			<Cell><Data ss:Type="Number">39.1</Data></Cell>
			<Cell><Data ss:Type="Number">0</Data></Cell>
			<Cell><Data ss:Type="Number">0</Data></Cell>
			<Cell><Data ss:Type="String">2023-12-07 16:49:33.566164</Data></Cell>
		</Row>
		<Row>
			<Cell><Data ss:Type="String">485</Data></Cell>
			<Cell><Data ss:Type="Number">0.25</Data></Cell>
			<Cell><Data ss:Type="Number">-10.12</Data></Cell>
			<Cell><Data ss:Type="Number">0.57</Data></Cell>
			<Cell><Data ss:Type="Number">-9.4</Data></Cell>
			<Cell><Data ss:Type="Number">-0.14</Data></Cell>
			<Cell><Data ss:Type="Number">-0.93</Data></Cell>
			<Cell><Data ss:Type="Number">22.9</Data></Cell>
			<Cell><Data ss:Type="Number">39.1</Data></Cell>
			<Cell><Data ss:Type="Number">0</Data></Cell>
			<Cell><Data ss:Type="Number">0</Data></Cell>
			<Cell><Data ss:Type="String">2023-12-07 16:49:33.564501</Data></Cell>
		</Row>
		<Row>
			<Cell><Data ss:Type="String">484</Data></Cell>
			<Cell><Data ss:Type="Number">0.87</Data></Cell>
			<Cell><Data ss:Type="Number">-9.9</Data></Cell>
			<Cell><Data ss:Type="Number">0.44</Data></Cell>
			<Cell><Data ss:Type="Number">-9.43</Data></Cell>
			<Cell><Data ss:Type="Number">-0.05</Data></Cell>
			<Cell><Data ss:Type="Number">-1.02</Data></Cell>
			<Cell><Data ss:Type="Number">22.9</Data></Cell>
			<Cell><Data ss:Type="Number">39.1</Data></Cell>
			<Cell><Data ss:Type="Number">0</Data></Cell>
			<Cell><Data ss:Type="Number">0</Data></Cell>
			<Cell><Data ss:Type="String">2023-12-07 16:49:33.562645</Data></Cell>
		</Row>
		<Row>
			<Cell><Data ss:Type="String">483</Data></Cell>
			<Cell><Data ss:Type="Number">-0.16</Data></Cell>
			<Cell><Data ss:Type="Number">-10.18</Data></Cell>
			<Cell><Data ss:Type="Number">0.26</Data></Cell>
			<Cell><Data ss:Type="Number">-9.48</Data></Cell>
			<Cell><Data ss:Type="Number">-0.05</Data></Cell>
			<Cell><Data ss:Type="Number">-0.91</Data></Cell>
			<Cell><Data ss:Type="Number">22.9</Data></Cell>
			<Cell><Data ss:Type="Number">39.1</Data></Cell>
			<Cell><Data ss:Type="Number">0</Data></Cell>
			<Cell><Data ss:Type="Number">0</Data></Cell>
			<Cell><Data ss:Type="String">2023-12-07 16:49:33.560907</Data></Cell>
		</Row>
		<Row>
			<Cell><Data ss:Type="String">482</Data></Cell>
			<Cell><Data ss:Type="Number">-0.12</Data></Cell>
			<Cell><Data ss:Type="Number">-9.99</Data></Cell>
			<Cell><Data ss:Type="Number">-0.11</Data></Cell>
			<Cell><Data ss:Type="Number">-9.65</Data></Cell>
			<Cell><Data ss:Type="Number">-0.11</Data></Cell>
			<Cell><Data ss:Type="Number">-0.91</Data></Cell>
			<Cell><Data ss:Type="Number">22.9</Data></Cell>
			<Cell><Data ss:Type="Number">39.1</Data></Cell>
			<Cell><Data ss:Type="Number">0</Data></Cell>
			<Cell><Data ss:Type="Number">0</Data></Cell>
			<Cell><Data ss:Type="String">2023-12-07 16:49:33.559244</Data></Cell>
		</Row>
		<Row>
			<Cell><Data ss:Type="String">481</Data></Cell>
			<Cell><Data ss:Type="Number">0.72</Data></Cell>
			<Cell><Data ss:Type="Number">-9.93</Data></Cell>
			<Cell><Data ss:Type="Number">0.3</Data></Cell>
			<Cell><Data ss:Type="Number">-9.49</Data></Cell>
			<Cell><Data ss:Type="Number">-0.12</Data></Cell>
			<Cell><Data ss:Type="Number">-0.87</Data></Cell>
			<Cell><Data ss:Type="Number">22.9</Data></Cell>
			<Cell><Data ss:Type="Number">39.1</Data></Cell>
			<Cell><Data ss:Type="Number">0</Data></Cell>
			<Cell><Data ss:Type="Number">0</Data></Cell>
			<Cell><Data ss:Type="String">2023-12-07 16:49:33.557567</Data></Cell>
		</Row>
		<Row>
			<Cell><Data ss:Type="String">480</Data></Cell>
			<Cell><Data ss:Type="Number">0.42</Data></Cell>
			<Cell><Data ss:Type="Number">-10.36</Data></Cell>
			<Cell><Data ss:Type="Number">0.32</Data></Cell>
			<Cell><Data ss:Type="Number">-9.51</Data></Cell>
			<Cell><Data ss:Type="Number">-0.1</Data></Cell>
			<Cell><Data ss:Type="Number">-0.91</Data></Cell>
			<Cell><Data ss:Type="Number">22.9</Data></Cell>
			<Cell><Data ss:Type="Number">39.1</Data></Cell>
			<Cell><Data ss:Type="Number">0</Data></Cell>
			<Cell><Data ss:Type="Number">0</Data></Cell>
			<Cell><Data ss:Type="String">2023-12-07 16:49:33.331691</Data></Cell>
		</Row>
		<Row>
			<Cell><Data ss:Type="String">479</Data></Cell>
			<Cell><Data ss:Type="Number">-0.01</Data></Cell>
			<Cell><Data ss:Type="Number">-10.27</Data></Cell>
			<Cell><Data ss:Type="Number">0.05</Data></Cell>
			<Cell><Data ss:Type="Number">-9.48</Data></Cell>
			<Cell><Data ss:Type="Number">-0.05</Data></Cell>
			<Cell><Data ss:Type="Number">-0.86</Data></Cell>
			<Cell><Data ss:Type="Number">22.9</Data></Cell>
			<Cell><Data ss:Type="Number">39.1</Data></Cell>
			<Cell><Data ss:Type="Number">0</Data></Cell>
			<Cell><Data ss:Type="Number">0</Data></Cell>
			<Cell><Data ss:Type="String">2023-12-07 16:49:33.273628</Data></Cell>
		</Row>
		<Row>
			<Cell><Data ss:Type="String">478</Data></Cell>
			<Cell><Data ss:Type="Number">0.47</Data></Cell>
			<Cell><Data ss:Type="Number">-9.71</Data></Cell>
			<Cell><Data ss:Type="Number">0.25</Data></Cell>
			<Cell><Data ss:Type="Number">-9.38</Data></Cell>
			<Cell><Data ss:Type="Number">-0.07</Data></Cell>
			<Cell><Data ss:Type="Number">-0.94</Data></Cell>
			<Cell><Data ss:Type="Number">22.9</Data></Cell>
			<Cell><Data ss:Type="Number">39.1</Data></Cell>
			<Cell><Data ss:Type="Number">0</Data></Cell>
			<Cell><Data ss:Type="Number">0</Data></Cell>
			<Cell><Data ss:Type="String">2023-12-07 16:49:33.271284</Data></Cell>
		</Row>
		<Row>
			<Cell><Data ss:Type="String">477</Data></Cell>
			<Cell><Data ss:Type="Number">0.31</Data></Cell>
			<Cell><Data ss:Type="Number">-10.14</Data></Cell>
			<Cell><Data ss:Type="Number">-0.05</Data></Cell>
			<Cell><Data ss:Type="Number">-9.42</Data></Cell>
			<Cell><Data ss:Type="Number">-0.12</Data></Cell>
			<Cell><Data ss:Type="Number">-0.91</Data></Cell>
			<Cell><Data ss:Type="Number">22.9</Data></Cell>
			<Cell><Data ss:Type="Number">39.1</Data></Cell>
			<Cell><Data ss:Type="Number">0</Data></Cell>
			<Cell><Data ss:Type="Number">0</Data></Cell>
			<Cell><Data ss:Type="String">2023-12-07 16:49:33.225031</Data></Cell>
		</Row>
		<Row>
			<Cell><Data ss:Type="String">476</Data></Cell>
			<Cell><Data ss:Type="Number">0.58</Data></Cell>
			<Cell><Data ss:Type="Number">-9.98</Data></Cell>
			<Cell><Data ss:Type="Number">-0.1</Data></Cell>
			<Cell><Data ss:Type="Number">-9.68</Data></Cell>
			<Cell><Data ss:Type="Number">-0.11</Data></Cell>
			<Cell><Data ss:Type="Number">-0.93</Data></Cell>
			<Cell><Data ss:Type="Number">22.9</Data></Cell>
			<Cell><Data ss:Type="Number">39.1</Data></Cell>
			<Cell><Data ss:Type="Number">0</Data></Cell>
			<Cell><Data ss:Type="Number">0</Data></Cell>
			<Cell><Data ss:Type="String">2023-12-07 16:49:33.182153</Data></Cell>
		</Row>
		<Row>
			<Cell><Data ss:Type="String">475</Data></Cell>
			<Cell><Data ss:Type="Number">0.39</Data></Cell>
			<Cell><Data ss:Type="Number">-9.79</Data></Cell>
			<Cell><Data ss:Type="Number">0.09</Data></Cell>
			<Cell><Data ss:Type="Number">-9.47</Data></Cell>
			<Cell><Data ss:Type="Number">-0.08</Data></Cell>
			<Cell><Data ss:Type="Number">-0.86</Data></Cell>
			<Cell><Data ss:Type="Number">22.9</Data></Cell>
			<Cell><Data ss:Type="Number">39.1</Data></Cell>
			<Cell><Data ss:Type="Number">0</Data></Cell>
			<Cell><Data ss:Type="Number">0</Data></Cell>
			<Cell><Data ss:Type="String">2023-12-07 16:49:33.179682</Data></Cell>
		</Row>
		<Row>
			<Cell><Data ss:Type="String">474</Data></Cell>
			<Cell><Data ss:Type="Number">0.67</Data></Cell>
			<Cell><Data ss:Type="Number">-9.63</Data></Cell>
			<Cell><Data ss:Type="Number">0.35</Data></Cell>
			<Cell><Data ss:Type="Number">-9.38</Data></Cell>
			<Cell><Data ss:Type="Number">-0.06</Data></Cell>
			<Cell><Data ss:Type="Number">-0.88</Data></Cell>
			<Cell><Data ss:Type="Number">22.9</Data></Cell>
			<Cell><Data ss:Type="Number">39.1</Data></Cell>
			<Cell><Data ss:Type="Number">0</Data></Cell>
			<Cell><Data ss:Type="Number">0</Data></Cell>
			<Cell><Data ss:Type="String">2023-12-07 16:49:33.132199</Data></Cell>
		</Row>
		<Row>
			<Cell><Data ss:Type="String">473</Data></Cell>
			<Cell><Data ss:Type="Number">0.38</Data></Cell>
			<Cell><Data ss:Type="Number">-9.95</Data></Cell>
			<Cell><Data ss:Type="Number">0.46</Data></Cell>
			<Cell><Data ss:Type="Number">-9.29</Data></Cell>
			<Cell><Data ss:Type="Number">-0.09</Data></Cell>
			<Cell><Data ss:Type="Number">-0.95</Data></Cell>
			<Cell><Data ss:Type="Number">22.9</Data></Cell>
			<Cell><Data ss:Type="Number">39.1</Data></Cell>
			<Cell><Data ss:Type="Number">0</Data></Cell>
			<Cell><Data ss:Type="Number">0</Data></Cell>
			<Cell><Data ss:Type="String">2023-12-07 16:49:33.085779</Data></Cell>
		</Row>
		<Row>
			<Cell><Data ss:Type="String">472</Data></Cell>
			<Cell><Data ss:Type="Number">0.67</Data></Cell>
			<Cell><Data ss:Type="Number">-9.71</Data></Cell>
			<Cell><Data ss:Type="Number">0.63</Data></Cell>
			<Cell><Data ss:Type="Number">-9.39</Data></Cell>
			<Cell><Data ss:Type="Number">-0.08</Data></Cell>
			<Cell><Data ss:Type="Number">-0.89</Data></Cell>
			<Cell><Data ss:Type="Number">22.9</Data></Cell>
			<Cell><Data ss:Type="Number">39.1</Data></Cell>
			<Cell><Data ss:Type="Number">0</Data></Cell>
			<Cell><Data ss:Type="Number">0</Data></Cell>
			<Cell><Data ss:Type="String">2023-12-07 16:49:33.042982</Data></Cell>
		</Row>
		<Row>
			<Cell><Data ss:Type="String">471</Data></Cell>
			<Cell><Data ss:Type="Number">0.41</Data></Cell>
			<Cell><Data ss:Type="Number">-10.15</Data></Cell>
			<Cell><Data ss:Type="Number">0.16</Data></Cell>
			<Cell><Data ss:Type="Number">-9.54</Data></Cell>
			<Cell><Data ss:Type="Number">-0.11</Data></Cell>
			<Cell><Data ss:Type="Number">-0.95</Data></Cell>
			<Cell><Data ss:Type="Number">22.9</Data></Cell>
			<Cell><Data ss:Type="Number">39.1</Data></Cell>
			<Cell><Data ss:Type="Number">0</Data></Cell>
			<Cell><Data ss:Type="Number">0</Data></Cell>
			<Cell><Data ss:Type="String">2023-12-07 16:49:33.041168</Data></Cell>
		</Row>
		<Row>
			<Cell><Data ss:Type="String">470</Data></Cell>
			<Cell><Data ss:Type="Number">0.09</Data></Cell>
			<Cell><Data ss:Type="Number">-10.37</Data></Cell>
			<Cell><Data ss:Type="Number">0.19</Data></Cell>
			<Cell><Data ss:Type="Number">-9.47</Data></Cell>
			<Cell><Data ss:Type="Number">-0.09</Data></Cell>
			<Cell><Data ss:Type="Number">-0.81</Data></Cell>
			<Cell><Data ss:Type="Number">22.9</Data></Cell>
			<Cell><Data ss:Type="Number">39.1</Data></Cell>
			<Cell><Data ss:Type="Number">0</Data></Cell>
			<Cell><Data ss:Type="Number">0</Data></Cell>
			<Cell><Data ss:Type="String">2023-12-07 16:49:32.994014</Data></Cell>
		</Row>
		<Row>
			<Cell><Data ss:Type="String">469</Data></Cell>
			<Cell><Data ss:Type="Number">-0.34</Data></Cell>
			<Cell><Data ss:Type="Number">-9.89</Data></Cell>
			<Cell><Data ss:Type="Number">-0.21</Data></Cell>
			<Cell><Data ss:Type="Number">-9.4</Data></Cell>
			<Cell><Data ss:Type="Number">-0.04</Data></Cell>
			<Cell><Data ss:Type="Number">-0.88</Data></Cell>
			<Cell><Data ss:Type="Number">22.9</Data></Cell>
			<Cell><Data ss:Type="Number">39.1</Data></Cell>
			<Cell><Data ss:Type="Number">0</Data></Cell>
			<Cell><Data ss:Type="Number">0</Data></Cell>
			<Cell><Data ss:Type="String">2023-12-07 16:49:32.952399</Data></Cell>
		</Row>
		<Row>
			<Cell><Data ss:Type="String">468</Data></Cell>
			<Cell><Data ss:Type="Number">0.63</Data></Cell>
			<Cell><Data ss:Type="Number">-9.95</Data></Cell>
			<Cell><Data ss:Type="Number">0</Data></Cell>
			<Cell><Data ss:Type="Number">-9.52</Data></Cell>
			<Cell><Data ss:Type="Number">-0.21</Data></Cell>
			<Cell><Data ss:Type="Number">-0.93</Data></Cell>
			<Cell><Data ss:Type="Number">22.9</Data></Cell>
			<Cell><Data ss:Type="Number">39.1</Data></Cell>
			<Cell><Data ss:Type="Number">0</Data></Cell>
			<Cell><Data ss:Type="Number">0</Data></Cell>
			<Cell><Data ss:Type="String">2023-12-07 16:49:32.950121</Data></Cell>
		</Row>
		<Row>
			<Cell><Data ss:Type="String">467</Data></Cell>
			<Cell><Data ss:Type="Number">-0.19</Data></Cell>
			<Cell><Data ss:Type="Number">-10.13</Data></Cell>
			<Cell><Data ss:Type="Number">-0.04</Data></Cell>
			<Cell><Data ss:Type="Number">-9.59</Data></Cell>
			<Cell><Data ss:Type="Number">0</Data></Cell>
			<Cell><Data ss:Type="Number">-0.89</Data></Cell>
			<Cell><Data ss:Type="Number">22.9</Data></Cell>
			<Cell><Data ss:Type="Number">39.1</Data></Cell>
			<Cell><Data ss:Type="Number">0</Data></Cell>
			<Cell><Data ss:Type="Number">0</Data></Cell>
			<Cell><Data ss:Type="String">2023-12-07 16:49:32.948126</Data></Cell>
		</Row>
		<Row>
			<Cell><Data ss:Type="String">466</Data></Cell>
			<Cell><Data ss:Type="Number">0.36</Data></Cell>
			<Cell><Data ss:Type="Number">-10</Data></Cell>
			<Cell><Data ss:Type="Number">0.14</Data></Cell>
			<Cell><Data ss:Type="Number">-9.55</Data></Cell>
			<Cell><Data ss:Type="Number">-0.07</Data></Cell>
			<Cell><Data ss:Type="Number">-0.96</Data></Cell>
			<Cell><Data ss:Type="Number">22.9</Data></Cell>
			<Cell><Data ss:Type="Number">39.1</Data></Cell>
			<Cell><Data ss:Type="Number">0</Data></Cell>
			<Cell><Data ss:Type="Number">0</Data></Cell>
			<Cell><Data ss:Type="String">2023-12-07 16:49:32.946358</Data></Cell>
		</Row>
		<Row>
			<Cell><Data ss:Type="String">465</Data></Cell>
			<Cell><Data ss:Type="Number">0.76</Data></Cell>
			<Cell><Data ss:Type="Number">-9.62</Data></Cell>
			<Cell><Data ss:Type="Number">0.29</Data></Cell>
			<Cell><Data ss:Type="Number">-9.38</Data></Cell>
			<Cell><Data ss:Type="Number">-0.17</Data></Cell>
			<Cell><Data ss:Type="Number">-0.91</Data></Cell>
			<Cell><Data ss:Type="Number">22.9</Data></Cell>
			<Cell><Data ss:Type="Number">39.1</Data></Cell>
			<Cell><Data ss:Type="Number">0</Data></Cell>
			<Cell><Data ss:Type="Number">0</Data></Cell>
			<Cell><Data ss:Type="String">2023-12-07 16:49:32.944567</Data></Cell>
		</Row>
		<Row>
			<Cell><Data ss:Type="String">464</Data></Cell>
			<Cell><Data ss:Type="Number">0.13</Data></Cell>
			<Cell><Data ss:Type="Number">-10.12</Data></Cell>
			<Cell><Data ss:Type="Number">0.06</Data></Cell>
			<Cell><Data ss:Type="Number">-9.53</Data></Cell>
			<Cell><Data ss:Type="Number">-0.16</Data></Cell>
			<Cell><Data ss:Type="Number">-0.88</Data></Cell>
			<Cell><Data ss:Type="Number">22.9</Data></Cell>
			<Cell><Data ss:Type="Number">39.1</Data></Cell>
			<Cell><Data ss:Type="Number">0</Data></Cell>
			<Cell><Data ss:Type="Number">0</Data></Cell>
			<Cell><Data ss:Type="String">2023-12-07 16:49:32.942746</Data></Cell>
		</Row>
		<Row>
			<Cell><Data ss:Type="String">463</Data></Cell>
			<Cell><Data ss:Type="Number">1.28</Data></Cell>
			<Cell><Data ss:Type="Number">-9.73</Data></Cell>
			<Cell><Data ss:Type="Number">-0.55</Data></Cell>
			<Cell><Data ss:Type="Number">-9.37</Data></Cell>
			<Cell><Data ss:Type="Number">0.28</Data></Cell>
			<Cell><Data ss:Type="Number">-1.02</Data></Cell>
			<Cell><Data ss:Type="Number">22.9</Data></Cell>
			<Cell><Data ss:Type="Number">39.1</Data></Cell>
			<Cell><Data ss:Type="Number">0</Data></Cell>
			<Cell><Data ss:Type="Number">0</Data></Cell>
			<Cell><Data ss:Type="String">2023-12-07 16:49:32.749655</Data></Cell>
		</Row>
		<Row>
			<Cell><Data ss:Type="String">462</Data></Cell>
			<Cell><Data ss:Type="Number">1.01</Data></Cell>
			<Cell><Data ss:Type="Number">-9.69</Data></Cell>
			<Cell><Data ss:Type="Number">0.43</Data></Cell>
			<Cell><Data ss:Type="Number">-9.51</Data></Cell>
			<Cell><Data ss:Type="Number">-0.31</Data></Cell>
			<Cell><Data ss:Type="Number">-0.91</Data></Cell>
			<Cell><Data ss:Type="Number">22.9</Data></Cell>
			<Cell><Data ss:Type="Number">39.1</Data></Cell>
			<Cell><Data ss:Type="Number">0</Data></Cell>
			<Cell><Data ss:Type="Number">0</Data></Cell>
			<Cell><Data ss:Type="String">2023-12-07 16:49:32.747991</Data></Cell>
		</Row>
		<Row>
			<Cell><Data ss:Type="String">461</Data></Cell>
			<Cell><Data ss:Type="Number">0.3</Data></Cell>
			<Cell><Data ss:Type="Number">-10.29</Data></Cell>
			<Cell><Data ss:Type="Number">0.33</Data></Cell>
			<Cell><Data ss:Type="Number">-9.5</Data></Cell>
			<Cell><Data ss:Type="Number">-0.44</Data></Cell>
			<Cell><Data ss:Type="Number">-0.86</Data></Cell>
			<Cell><Data ss:Type="Number">22.9</Data></Cell>
			<Cell><Data ss:Type="Number">39.1</Data></Cell>
			<Cell><Data ss:Type="Number">0</Data></Cell>
			<Cell><Data ss:Type="Number">0</Data></Cell>
			<Cell><Data ss:Type="String">2023-12-07 16:49:32.703110</Data></Cell>
		</Row>
		<Row>
			<Cell><Data ss:Type="String">460</Data></Cell>
			<Cell><Data ss:Type="Number">-0.33</Data></Cell>
			<Cell><Data ss:Type="Number">-9.47</Data></Cell>
			<Cell><Data ss:Type="Number">-0.39</Data></Cell>
			<Cell><Data ss:Type="Number">-9.57</Data></Cell>
			<Cell><Data ss:Type="Number">-0.07</Data></Cell>
			<Cell><Data ss:Type="Number">-0.94</Data></Cell>
			<Cell><Data ss:Type="Number">22.9</Data></Cell>
			<Cell><Data ss:Type="Number">39.1</Data></Cell>
			<Cell><Data ss:Type="Number">0</Data></Cell>
			<Cell><Data ss:Type="Number">0</Data></Cell>
			<Cell><Data ss:Type="String">2023-12-07 16:49:32.659325</Data></Cell>
		</Row>
		<Row>
			<Cell><Data ss:Type="String">459</Data></Cell>
			<Cell><Data ss:Type="Number">-1.16</Data></Cell>
			<Cell><Data ss:Type="Number">-9.75</Data></Cell>
			<Cell><Data ss:Type="Number">-0.91</Data></Cell>
			<Cell><Data ss:Type="Number">-9.55</Data></Cell>
			<Cell><Data ss:Type="Number">1.06</Data></Cell>
			<Cell><Data ss:Type="Number">-0.98</Data></Cell>
			<Cell><Data ss:Type="Number">22.9</Data></Cell>
			<Cell><Data ss:Type="Number">39.1</Data></Cell>
			<Cell><Data ss:Type="Number">0</Data></Cell>
			<Cell><Data ss:Type="Number">0</Data></Cell>
			<Cell><Data ss:Type="String">2023-12-07 16:49:32.624957</Data></Cell>
		</Row>
		<Row>
			<Cell><Data ss:Type="String">458</Data></Cell>
			<Cell><Data ss:Type="Number">3.33</Data></Cell>
			<Cell><Data ss:Type="Number">-10.74</Data></Cell>
			<Cell><Data ss:Type="Number">1.88</Data></Cell>
			<Cell><Data ss:Type="Number">-9.56</Data></Cell>
			<Cell><Data ss:Type="Number">-1.58</Data></Cell>
			<Cell><Data ss:Type="Number">-1.02</Data></Cell>
			<Cell><Data ss:Type="Number">22.9</Data></Cell>
			<Cell><Data ss:Type="Number">39.1</Data></Cell>
			<Cell><Data ss:Type="Number">0</Data></Cell>
			<Cell><Data ss:Type="Number">0</Data></Cell>
			<Cell><Data ss:Type="String">2023-12-07 16:49:32.621900</Data></Cell>
		</Row>
		<Row>
			<Cell><Data ss:Type="String">457</Data></Cell>
			<Cell><Data ss:Type="Number">0.24</Data></Cell>
			<Cell><Data ss:Type="Number">-10.15</Data></Cell>
			<Cell><Data ss:Type="Number">0.05</Data></Cell>
			<Cell><Data ss:Type="Number">-9.54</Data></Cell>
			<Cell><Data ss:Type="Number">-0.07</Data></Cell>
			<Cell><Data ss:Type="Number">-0.88</Data></Cell>
			<Cell><Data ss:Type="Number">22.9</Data></Cell>
			<Cell><Data ss:Type="Number">39.1</Data></Cell>
			<Cell><Data ss:Type="Number">0</Data></Cell>
			<Cell><Data ss:Type="Number">0</Data></Cell>
			<Cell><Data ss:Type="String">2023-12-07 16:49:32.618756</Data></Cell>
		</Row>
		<Row>
			<Cell><Data ss:Type="String">456</Data></Cell>
			<Cell><Data ss:Type="Number">0.38</Data></Cell>
			<Cell><Data ss:Type="Number">-10.17</Data></Cell>
			<Cell><Data ss:Type="Number">0.26</Data></Cell>
			<Cell><Data ss:Type="Number">-9.52</Data></Cell>
			<Cell><Data ss:Type="Number">-0.07</Data></Cell>
			<Cell><Data ss:Type="Number">-0.89</Data></Cell>
			<Cell><Data ss:Type="Number">22.9</Data></Cell>
			<Cell><Data ss:Type="Number">39.1</Data></Cell>
			<Cell><Data ss:Type="Number">0</Data></Cell>
			<Cell><Data ss:Type="Number">0</Data></Cell>
			<Cell><Data ss:Type="String">2023-12-07 16:49:32.616751</Data></Cell>
		</Row>
		<Row>
			<Cell><Data ss:Type="String">455</Data></Cell>
			<Cell><Data ss:Type="Number">0.24</Data></Cell>
			<Cell><Data ss:Type="Number">-10.04</Data></Cell>
			<Cell><Data ss:Type="Number">0.12</Data></Cell>
			<Cell><Data ss:Type="Number">-9.49</Data></Cell>
			<Cell><Data ss:Type="Number">-0.06</Data></Cell>
			<Cell><Data ss:Type="Number">-0.91</Data></Cell>
			<Cell><Data ss:Type="Number">22.9</Data></Cell>
			<Cell><Data ss:Type="Number">39.1</Data></Cell>
			<Cell><Data ss:Type="Number">0</Data></Cell>
			<Cell><Data ss:Type="Number">0</Data></Cell>
			<Cell><Data ss:Type="String">2023-12-07 16:49:32.615047</Data></Cell>
		</Row>
		<Row>
			<Cell><Data ss:Type="String">454</Data></Cell>
			<Cell><Data ss:Type="Number">0.25</Data></Cell>
			<Cell><Data ss:Type="Number">-10</Data></Cell>
			<Cell><Data ss:Type="Number">0.08</Data></Cell>
			<Cell><Data ss:Type="Number">-9.46</Data></Cell>
			<Cell><Data ss:Type="Number">-0.07</Data></Cell>
			<Cell><Data ss:Type="Number">-0.93</Data></Cell>
			<Cell><Data ss:Type="Number">22.9</Data></Cell>
			<Cell><Data ss:Type="Number">39.1</Data></Cell>
			<Cell><Data ss:Type="Number">0</Data></Cell>
			<Cell><Data ss:Type="Number">0</Data></Cell>
			<Cell><Data ss:Type="String">2023-12-07 16:49:32.613001</Data></Cell>
		</Row>
		<Row>
			<Cell><Data ss:Type="String">453</Data></Cell>
			<Cell><Data ss:Type="Number">0.4</Data></Cell>
			<Cell><Data ss:Type="Number">-9.98</Data></Cell>
			<Cell><Data ss:Type="Number">0.1</Data></Cell>
			<Cell><Data ss:Type="Number">-9.47</Data></Cell>
			<Cell><Data ss:Type="Number">-0.08</Data></Cell>
			<Cell><Data ss:Type="Number">-0.93</Data></Cell>
			<Cell><Data ss:Type="Number">22.9</Data></Cell>
			<Cell><Data ss:Type="Number">39.1</Data></Cell>
			<Cell><Data ss:Type="Number">0</Data></Cell>
			<Cell><Data ss:Type="Number">0</Data></Cell>
			<Cell><Data ss:Type="String">2023-12-07 16:49:32.610951</Data></Cell>
		</Row>
		<Row>
			<Cell><Data ss:Type="String">452</Data></Cell>
			<Cell><Data ss:Type="Number">0.24</Data></Cell>
			<Cell><Data ss:Type="Number">-10.15</Data></Cell>
			<Cell><Data ss:Type="Number">0.17</Data></Cell>
			<Cell><Data ss:Type="Number">-9.53</Data></Cell>
			<Cell><Data ss:Type="Number">-0.08</Data></Cell>
			<Cell><Data ss:Type="Number">-0.9</Data></Cell>
			<Cell><Data ss:Type="Number">22.9</Data></Cell>
			<Cell><Data ss:Type="Number">39.1</Data></Cell>
			<Cell><Data ss:Type="Number">0</Data></Cell>
			<Cell><Data ss:Type="Number">0</Data></Cell>
			<Cell><Data ss:Type="String">2023-12-07 16:49:32.387887</Data></Cell>
		</Row>
		<Row>
			<Cell><Data ss:Type="String">451</Data></Cell>
			<Cell><Data ss:Type="Number">0.25</Data></Cell>
			<Cell><Data ss:Type="Number">-10.19</Data></Cell>
			<Cell><Data ss:Type="Number">0.21</Data></Cell>
			<Cell><Data ss:Type="Number">-9.52</Data></Cell>
			<Cell><Data ss:Type="Number">-0.07</Data></Cell>
			<Cell><Data ss:Type="Number">-0.9</Data></Cell>
			<Cell><Data ss:Type="Number">22.9</Data></Cell>
			<Cell><Data ss:Type="Number">39.1</Data></Cell>
			<Cell><Data ss:Type="Number">0</Data></Cell>
			<Cell><Data ss:Type="Number">0</Data></Cell>
			<Cell><Data ss:Type="String">2023-12-07 16:49:32.384858</Data></Cell>
		</Row>
		<Row>
			<Cell><Data ss:Type="String">450</Data></Cell>
			<Cell><Data ss:Type="Number">0.3</Data></Cell>
			<Cell><Data ss:Type="Number">-10.18</Data></Cell>
			<Cell><Data ss:Type="Number">0.2</Data></Cell>
			<Cell><Data ss:Type="Number">-9.49</Data></Cell>
			<Cell><Data ss:Type="Number">-0.08</Data></Cell>
			<Cell><Data ss:Type="Number">-0.93</Data></Cell>
			<Cell><Data ss:Type="Number">22.9</Data></Cell>
			<Cell><Data ss:Type="Number">39.1</Data></Cell>
			<Cell><Data ss:Type="Number">0</Data></Cell>
			<Cell><Data ss:Type="Number">0</Data></Cell>
			<Cell><Data ss:Type="String">2023-12-07 16:49:32.329648</Data></Cell>
		</Row>
		<Row>
			<Cell><Data ss:Type="String">449</Data></Cell>
			<Cell><Data ss:Type="Number">0.24</Data></Cell>
			<Cell><Data ss:Type="Number">-10.02</Data></Cell>
			<Cell><Data ss:Type="Number">0.12</Data></Cell>
			<Cell><Data ss:Type="Number">-9.46</Data></Cell>
			<Cell><Data ss:Type="Number">-0.06</Data></Cell>
			<Cell><Data ss:Type="Number">-0.94</Data></Cell>
			<Cell><Data ss:Type="Number">22.9</Data></Cell>
			<Cell><Data ss:Type="Number">39.1</Data></Cell>
			<Cell><Data ss:Type="Number">0</Data></Cell>
			<Cell><Data ss:Type="Number">0</Data></Cell>
			<Cell><Data ss:Type="String">2023-12-07 16:49:32.327822</Data></Cell>
		</Row>
		<Row>
			<Cell><Data ss:Type="String">448</Data></Cell>
			<Cell><Data ss:Type="Number">0.18</Data></Cell>
			<Cell><Data ss:Type="Number">-10.11</Data></Cell>
			<Cell><Data ss:Type="Number">0.16</Data></Cell>
			<Cell><Data ss:Type="Number">-9.5</Data></Cell>
			<Cell><Data ss:Type="Number">-0.08</Data></Cell>
			<Cell><Data ss:Type="Number">-0.95</Data></Cell>
			<Cell><Data ss:Type="Number">22.9</Data></Cell>
			<Cell><Data ss:Type="Number">39.1</Data></Cell>
			<Cell><Data ss:Type="Number">0</Data></Cell>
			<Cell><Data ss:Type="Number">0</Data></Cell>
			<Cell><Data ss:Type="String">2023-12-07 16:49:32.260276</Data></Cell>
		</Row>
		<Row>
			<Cell><Data ss:Type="String">447</Data></Cell>
			<Cell><Data ss:Type="Number">0.31</Data></Cell>
			<Cell><Data ss:Type="Number">-10.17</Data></Cell>
			<Cell><Data ss:Type="Number">0.16</Data></Cell>
			<Cell><Data ss:Type="Number">-9.54</Data></Cell>
			<Cell><Data ss:Type="Number">-0.08</Data></Cell>
			<Cell><Data ss:Type="Number">-0.91</Data></Cell>
			<Cell><Data ss:Type="Number">22.9</Data></Cell>
			<Cell><Data ss:Type="Number">39.1</Data></Cell>
			<Cell><Data ss:Type="Number">0</Data></Cell>
			<Cell><Data ss:Type="Number">0</Data></Cell>
			<Cell><Data ss:Type="String">2023-12-07 16:49:32.215123</Data></Cell>
		</Row>
		<Row>
			<Cell><Data ss:Type="String">446</Data></Cell>
			<Cell><Data ss:Type="Number">0.29</Data></Cell>
			<Cell><Data ss:Type="Number">-10.16</Data></Cell>
			<Cell><Data ss:Type="Number">0.19</Data></Cell>
			<Cell><Data ss:Type="Number">-9.51</Data></Cell>
			<Cell><Data ss:Type="Number">-0.08</Data></Cell>
			<Cell><Data ss:Type="Number">-0.9</Data></Cell>
			<Cell><Data ss:Type="Number">22.9</Data></Cell>
			<Cell><Data ss:Type="Number">39.1</Data></Cell>
			<Cell><Data ss:Type="Number">0</Data></Cell>
			<Cell><Data ss:Type="Number">0</Data></Cell>
			<Cell><Data ss:Type="String">2023-12-07 16:49:32.213312</Data></Cell>
		</Row>
		<Row>
			<Cell><Data ss:Type="String">445</Data></Cell>
			<Cell><Data ss:Type="Number">0.3</Data></Cell>
			<Cell><Data ss:Type="Number">-10.1</Data></Cell>
			<Cell><Data ss:Type="Number">0.11</Data></Cell>
			<Cell><Data ss:Type="Number">-9.46</Data></Cell>
			<Cell><Data ss:Type="Number">-0.07</Data></Cell>
			<Cell><Data ss:Type="Number">-0.91</Data></Cell>
			<Cell><Data ss:Type="Number">22.9</Data></Cell>
			<Cell><Data ss:Type="Number">39.1</Data></Cell>
			<Cell><Data ss:Type="Number">0</Data></Cell>
			<Cell><Data ss:Type="Number">0</Data></Cell>
			<Cell><Data ss:Type="String">2023-12-07 16:49:32.166394</Data></Cell>
		</Row>
		<Row>
			<Cell><Data ss:Type="String">444</Data></Cell>
			<Cell><Data ss:Type="Number">0.27</Data></Cell>
			<Cell><Data ss:Type="Number">-9.95</Data></Cell>
			<Cell><Data ss:Type="Number">0.1</Data></Cell>
			<Cell><Data ss:Type="Number">-9.45</Data></Cell>
			<Cell><Data ss:Type="Number">-0.06</Data></Cell>
			<Cell><Data ss:Type="Number">-0.95</Data></Cell>
			<Cell><Data ss:Type="Number">22.9</Data></Cell>
			<Cell><Data ss:Type="Number">39.1</Data></Cell>
			<Cell><Data ss:Type="Number">0</Data></Cell>
			<Cell><Data ss:Type="Number">0</Data></Cell>
			<Cell><Data ss:Type="String">2023-12-07 16:49:32.123704</Data></Cell>
		</Row>
		<Row>
			<Cell><Data ss:Type="String">443</Data></Cell>
			<Cell><Data ss:Type="Number">0.31</Data></Cell>
			<Cell><Data ss:Type="Number">-10.07</Data></Cell>
			<Cell><Data ss:Type="Number">0.14</Data></Cell>
			<Cell><Data ss:Type="Number">-9.46</Data></Cell>
			<Cell><Data ss:Type="Number">-0.09</Data></Cell>
			<Cell><Data ss:Type="Number">-0.94</Data></Cell>
			<Cell><Data ss:Type="Number">22.9</Data></Cell>
			<Cell><Data ss:Type="Number">39.1</Data></Cell>
			<Cell><Data ss:Type="Number">0</Data></Cell>
			<Cell><Data ss:Type="Number">0</Data></Cell>
			<Cell><Data ss:Type="String">2023-12-07 16:49:32.079903</Data></Cell>
		</Row>
		<Row>
			<Cell><Data ss:Type="String">442</Data></Cell>
			<Cell><Data ss:Type="Number">0.25</Data></Cell>
			<Cell><Data ss:Type="Number">-10.2</Data></Cell>
			<Cell><Data ss:Type="Number">0.19</Data></Cell>
			<Cell><Data ss:Type="Number">-9.54</Data></Cell>
			<Cell><Data ss:Type="Number">-0.06</Data></Cell>
			<Cell><Data ss:Type="Number">-0.91</Data></Cell>
			<Cell><Data ss:Type="Number">22.9</Data></Cell>
			<Cell><Data ss:Type="Number">39.1</Data></Cell>
			<Cell><Data ss:Type="Number">0</Data></Cell>
			<Cell><Data ss:Type="Number">0</Data></Cell>
			<Cell><Data ss:Type="String">2023-12-07 16:49:32.078105</Data></Cell>
		</Row>
		<Row>
			<Cell><Data ss:Type="String">441</Data></Cell>
			<Cell><Data ss:Type="Number">0.28</Data></Cell>
			<Cell><Data ss:Type="Number">-10.14</Data></Cell>
			<Cell><Data ss:Type="Number">0.14</Data></Cell>
			<Cell><Data ss:Type="Number">-9.49</Data></Cell>
			<Cell><Data ss:Type="Number">-0.06</Data></Cell>
			<Cell><Data ss:Type="Number">-0.9</Data></Cell>
			<Cell><Data ss:Type="Number">22.9</Data></Cell>
			<Cell><Data ss:Type="Number">39.1</Data></Cell>
			<Cell><Data ss:Type="Number">0</Data></Cell>
			<Cell><Data ss:Type="Number">0</Data></Cell>
			<Cell><Data ss:Type="String">2023-12-07 16:49:32.033037</Data></Cell>
		</Row>
		<Row>
			<Cell><Data ss:Type="String">440</Data></Cell>
			<Cell><Data ss:Type="Number">0.31</Data></Cell>
			<Cell><Data ss:Type="Number">-10.01</Data></Cell>
			<Cell><Data ss:Type="Number">-0.1</Data></Cell>
			<Cell><Data ss:Type="Number">-9.43</Data></Cell>
			<Cell><Data ss:Type="Number">-0.09</Data></Cell>
			<Cell><Data ss:Type="Number">-0.91</Data></Cell>
			<Cell><Data ss:Type="Number">22.9</Data></Cell>
			<Cell><Data ss:Type="Number">39.1</Data></Cell>
			<Cell><Data ss:Type="Number">0</Data></Cell>
			<Cell><Data ss:Type="Number">0</Data></Cell>
			<Cell><Data ss:Type="String">2023-12-07 16:49:32.031099</Data></Cell>
		</Row>
		<Row>
			<Cell><Data ss:Type="String">439</Data></Cell>
			<Cell><Data ss:Type="Number">0.32</Data></Cell>
			<Cell><Data ss:Type="Number">-9.98</Data></Cell>
			<Cell><Data ss:Type="Number">0.1</Data></Cell>
			<Cell><Data ss:Type="Number">-9.45</Data></Cell>
			<Cell><Data ss:Type="Number">-0.08</Data></Cell>
			<Cell><Data ss:Type="Number">-0.93</Data></Cell>
			<Cell><Data ss:Type="Number">22.9</Data></Cell>
			<Cell><Data ss:Type="Number">39.1</Data></Cell>
			<Cell><Data ss:Type="Number">0</Data></Cell>
			<Cell><Data ss:Type="Number">0</Data></Cell>
			<Cell><Data ss:Type="String">2023-12-07 16:49:32.028885</Data></Cell>
		</Row>
		<Row>
			<Cell><Data ss:Type="String">438</Data></Cell>
			<Cell><Data ss:Type="Number">0.29</Data></Cell>
			<Cell><Data ss:Type="Number">-10.07</Data></Cell>
			<Cell><Data ss:Type="Number">0.12</Data></Cell>
			<Cell><Data ss:Type="Number">-9.52</Data></Cell>
			<Cell><Data ss:Type="Number">-0.06</Data></Cell>
			<Cell><Data ss:Type="Number">-0.91</Data></Cell>
			<Cell><Data ss:Type="Number">22.9</Data></Cell>
			<Cell><Data ss:Type="Number">39.1</Data></Cell>
			<Cell><Data ss:Type="Number">0</Data></Cell>
			<Cell><Data ss:Type="Number">0</Data></Cell>
			<Cell><Data ss:Type="String">2023-12-07 16:49:32.026748</Data></Cell>
		</Row>
		<Row>
			<Cell><Data ss:Type="String">437</Data></Cell>
			<Cell><Data ss:Type="Number">0.3</Data></Cell>
			<Cell><Data ss:Type="Number">-10.13</Data></Cell>
			<Cell><Data ss:Type="Number">0.18</Data></Cell>
			<Cell><Data ss:Type="Number">-9.51</Data></Cell>
			<Cell><Data ss:Type="Number">-0.07</Data></Cell>
			<Cell><Data ss:Type="Number">-0.91</Data></Cell>
			<Cell><Data ss:Type="Number">22.9</Data></Cell>
			<Cell><Data ss:Type="Number">39.1</Data></Cell>
			<Cell><Data ss:Type="Number">0</Data></Cell>
			<Cell><Data ss:Type="Number">0</Data></Cell>
			<Cell><Data ss:Type="String">2023-12-07 16:49:32.024809</Data></Cell>
		</Row>
		<Row>
			<Cell><Data ss:Type="String">436</Data></Cell>
			<Cell><Data ss:Type="Number">0.24</Data></Cell>
			<Cell><Data ss:Type="Number">-10.13</Data></Cell>
			<Cell><Data ss:Type="Number">0.38</Data></Cell>
			<Cell><Data ss:Type="Number">-9.47</Data></Cell>
			<Cell><Data ss:Type="Number">-0.07</Data></Cell>
			<Cell><Data ss:Type="Number">-0.88</Data></Cell>
			<Cell><Data ss:Type="Number">22.9</Data></Cell>
			<Cell><Data ss:Type="Number">39.1</Data></Cell>
			<Cell><Data ss:Type="Number">0</Data></Cell>
			<Cell><Data ss:Type="Number">0</Data></Cell>
			<Cell><Data ss:Type="String">2023-12-07 16:49:32.021904</Data></Cell>
		</Row>
		<Row>
			<Cell><Data ss:Type="String">435</Data></Cell>
			<Cell><Data ss:Type="Number">0.25</Data></Cell>
			<Cell><Data ss:Type="Number">-10.04</Data></Cell>
			<Cell><Data ss:Type="Number">0.14</Data></Cell>
			<Cell><Data ss:Type="Number">-9.44</Data></Cell>
			<Cell><Data ss:Type="Number">-0.06</Data></Cell>
			<Cell><Data ss:Type="Number">-0.94</Data></Cell>
			<Cell><Data ss:Type="Number">22.9</Data></Cell>
			<Cell><Data ss:Type="Number">39.1</Data></Cell>
			<Cell><Data ss:Type="Number">0</Data></Cell>
			<Cell><Data ss:Type="Number">0</Data></Cell>
			<Cell><Data ss:Type="String">2023-12-07 16:49:31.835811</Data></Cell>
		</Row>
		<Row>
			<Cell><Data ss:Type="String">434</Data></Cell>
			<Cell><Data ss:Type="Number">0.24</Data></Cell>
			<Cell><Data ss:Type="Number">-10.03</Data></Cell>
			<Cell><Data ss:Type="Number">0.08</Data></Cell>
			<Cell><Data ss:Type="Number">-9.47</Data></Cell>
			<Cell><Data ss:Type="Number">-0.07</Data></Cell>
			<Cell><Data ss:Type="Number">-0.96</Data></Cell>
			<Cell><Data ss:Type="Number">22.9</Data></Cell>
			<Cell><Data ss:Type="Number">39.1</Data></Cell>
			<Cell><Data ss:Type="Number">0</Data></Cell>
			<Cell><Data ss:Type="Number">0</Data></Cell>
			<Cell><Data ss:Type="String">2023-12-07 16:49:31.782614</Data></Cell>
		</Row>
		<Row>
			<Cell><Data ss:Type="String">433</Data></Cell>
			<Cell><Data ss:Type="Number">0.17</Data></Cell>
			<Cell><Data ss:Type="Number">-10.11</Data></Cell>
			<Cell><Data ss:Type="Number">0.08</Data></Cell>
			<Cell><Data ss:Type="Number">-9.46</Data></Cell>
			<Cell><Data ss:Type="Number">-0.1</Data></Cell>
			<Cell><Data ss:Type="Number">-0.91</Data></Cell>
			<Cell><Data ss:Type="Number">22.9</Data></Cell>
			<Cell><Data ss:Type="Number">39.1</Data></Cell>
			<Cell><Data ss:Type="Number">0</Data></Cell>
			<Cell><Data ss:Type="Number">0</Data></Cell>
			<Cell><Data ss:Type="String">2023-12-07 16:49:31.740510</Data></Cell>
		</Row>
		<Row>
			<Cell><Data ss:Type="String">432</Data></Cell>
			<Cell><Data ss:Type="Number">0.33</Data></Cell>
			<Cell><Data ss:Type="Number">-10.22</Data></Cell>
			<Cell><Data ss:Type="Number">0.32</Data></Cell>
			<Cell><Data ss:Type="Number">-9.52</Data></Cell>
			<Cell><Data ss:Type="Number">-0.08</Data></Cell>
			<Cell><Data ss:Type="Number">-0.92</Data></Cell>
			<Cell><Data ss:Type="Number">22.9</Data></Cell>
			<Cell><Data ss:Type="Number">39.1</Data></Cell>
			<Cell><Data ss:Type="Number">0</Data></Cell>
			<Cell><Data ss:Type="Number">0</Data></Cell>
			<Cell><Data ss:Type="String">2023-12-07 16:49:31.738312</Data></Cell>
		</Row>
		<Row>
			<Cell><Data ss:Type="String">431</Data></Cell>
			<Cell><Data ss:Type="Number">0.26</Data></Cell>
			<Cell><Data ss:Type="Number">-10.03</Data></Cell>
			<Cell><Data ss:Type="Number">0.17</Data></Cell>
			<Cell><Data ss:Type="Number">-9.46</Data></Cell>
			<Cell><Data ss:Type="Number">-0.07</Data></Cell>
			<Cell><Data ss:Type="Number">-0.94</Data></Cell>
			<Cell><Data ss:Type="Number">22.9</Data></Cell>
			<Cell><Data ss:Type="Number">39.1</Data></Cell>
			<Cell><Data ss:Type="Number">0</Data></Cell>
			<Cell><Data ss:Type="Number">0</Data></Cell>
			<Cell><Data ss:Type="String">2023-12-07 16:49:31.700989</Data></Cell>
		</Row>
		<Row>
			<Cell><Data ss:Type="String">430</Data></Cell>
			<Cell><Data ss:Type="Number">0.29</Data></Cell>
			<Cell><Data ss:Type="Number">-10</Data></Cell>
			<Cell><Data ss:Type="Number">0.12</Data></Cell>
			<Cell><Data ss:Type="Number">-9.43</Data></Cell>
			<Cell><Data ss:Type="Number">-0.07</Data></Cell>
			<Cell><Data ss:Type="Number">-0.91</Data></Cell>
			<Cell><Data ss:Type="Number">22.9</Data></Cell>
			<Cell><Data ss:Type="Number">39.1</Data></Cell>
			<Cell><Data ss:Type="Number">0</Data></Cell>
			<Cell><Data ss:Type="Number">0</Data></Cell>
			<Cell><Data ss:Type="String">2023-12-07 16:49:31.699371</Data></Cell>
		</Row>
		<Row>
			<Cell><Data ss:Type="String">429</Data></Cell>
			<Cell><Data ss:Type="Number">0.27</Data></Cell>
			<Cell><Data ss:Type="Number">-10.02</Data></Cell>
			<Cell><Data ss:Type="Number">0.09</Data></Cell>
			<Cell><Data ss:Type="Number">-9.45</Data></Cell>
			<Cell><Data ss:Type="Number">-0.08</Data></Cell>
			<Cell><Data ss:Type="Number">-0.94</Data></Cell>
			<Cell><Data ss:Type="Number">22.9</Data></Cell>
			<Cell><Data ss:Type="Number">39.1</Data></Cell>
			<Cell><Data ss:Type="Number">0</Data></Cell>
			<Cell><Data ss:Type="Number">0</Data></Cell>
			<Cell><Data ss:Type="String">2023-12-07 16:49:31.697718</Data></Cell>
		</Row>
		<Row>
			<Cell><Data ss:Type="String">428</Data></Cell>
			<Cell><Data ss:Type="Number">0.3</Data></Cell>
			<Cell><Data ss:Type="Number">-10.01</Data></Cell>
			<Cell><Data ss:Type="Number">0.01</Data></Cell>
			<Cell><Data ss:Type="Number">-9.48</Data></Cell>
			<Cell><Data ss:Type="Number">-0.05</Data></Cell>
			<Cell><Data ss:Type="Number">-0.9</Data></Cell>
			<Cell><Data ss:Type="Number">22.9</Data></Cell>
			<Cell><Data ss:Type="Number">39.1</Data></Cell>
			<Cell><Data ss:Type="Number">0</Data></Cell>
			<Cell><Data ss:Type="Number">0</Data></Cell>
			<Cell><Data ss:Type="String">2023-12-07 16:49:31.695935</Data></Cell>
		</Row>
		<Row>
			<Cell><Data ss:Type="String">427</Data></Cell>
			<Cell><Data ss:Type="Number">0.25</Data></Cell>
			<Cell><Data ss:Type="Number">-10.22</Data></Cell>
			<Cell><Data ss:Type="Number">0.16</Data></Cell>
			<Cell><Data ss:Type="Number">-9.56</Data></Cell>
			<Cell><Data ss:Type="Number">-0.08</Data></Cell>
			<Cell><Data ss:Type="Number">-0.95</Data></Cell>
			<Cell><Data ss:Type="Number">22.9</Data></Cell>
			<Cell><Data ss:Type="Number">39.1</Data></Cell>
			<Cell><Data ss:Type="Number">0</Data></Cell>
			<Cell><Data ss:Type="Number">0</Data></Cell>
			<Cell><Data ss:Type="String">2023-12-07 16:49:31.693986</Data></Cell>
		</Row>
		<Row>
			<Cell><Data ss:Type="String">426</Data></Cell>
			<Cell><Data ss:Type="Number">0.32</Data></Cell>
			<Cell><Data ss:Type="Number">-10.09</Data></Cell>
			<Cell><Data ss:Type="Number">0.23</Data></Cell>
			<Cell><Data ss:Type="Number">-9.49</Data></Cell>
			<Cell><Data ss:Type="Number">-0.11</Data></Cell>
			<Cell><Data ss:Type="Number">-0.88</Data></Cell>
			<Cell><Data ss:Type="Number">22.9</Data></Cell>
			<Cell><Data ss:Type="Number">39.1</Data></Cell>
			<Cell><Data ss:Type="Number">0</Data></Cell>
			<Cell><Data ss:Type="Number">0</Data></Cell>
			<Cell><Data ss:Type="String">2023-12-07 16:49:31.692426</Data></Cell>
		</Row>
		<Row>
			<Cell><Data ss:Type="String">425</Data></Cell>
			<Cell><Data ss:Type="Number">0.28</Data></Cell>
			<Cell><Data ss:Type="Number">-10.02</Data></Cell>
			<Cell><Data ss:Type="Number">-0.01</Data></Cell>
			<Cell><Data ss:Type="Number">-9.41</Data></Cell>
			<Cell><Data ss:Type="Number">-0.06</Data></Cell>
			<Cell><Data ss:Type="Number">-0.9</Data></Cell>
			<Cell><Data ss:Type="Number">22.9</Data></Cell>
			<Cell><Data ss:Type="Number">39.1</Data></Cell>
			<Cell><Data ss:Type="Number">0</Data></Cell>
			<Cell><Data ss:Type="Number">0</Data></Cell>
			<Cell><Data ss:Type="String">2023-12-07 16:49:31.687178</Data></Cell>
		</Row>
		<Row>
			<Cell><Data ss:Type="String">424</Data></Cell>
			<Cell><Data ss:Type="Number">0.13</Data></Cell>
			<Cell><Data ss:Type="Number">-10</Data></Cell>
			<Cell><Data ss:Type="Number">-0.02</Data></Cell>
			<Cell><Data ss:Type="Number">-9.52</Data></Cell>
			<Cell><Data ss:Type="Number">-0.02</Data></Cell>
			<Cell><Data ss:Type="Number">-0.99</Data></Cell>
			<Cell><Data ss:Type="Number">22.9</Data></Cell>
			<Cell><Data ss:Type="Number">39.1</Data></Cell>
			<Cell><Data ss:Type="Number">0</Data></Cell>
			<Cell><Data ss:Type="Number">0</Data></Cell>
			<Cell><Data ss:Type="String">2023-12-07 16:49:31.463970</Data></Cell>
		</Row>
		<Row>
			<Cell><Data ss:Type="String">423</Data></Cell>
			<Cell><Data ss:Type="Number">0.5</Data></Cell>
			<Cell><Data ss:Type="Number">-10.02</Data></Cell>
			<Cell><Data ss:Type="Number">0.2</Data></Cell>
			<Cell><Data ss:Type="Number">-9.47</Data></Cell>
			<Cell><Data ss:Type="Number">-0.04</Data></Cell>
			<Cell><Data ss:Type="Number">-0.87</Data></Cell>
			<Cell><Data ss:Type="Number">22.9</Data></Cell>
			<Cell><Data ss:Type="Number">39.1</Data></Cell>
			<Cell><Data ss:Type="Number">0</Data></Cell>
			<Cell><Data ss:Type="Number">0</Data></Cell>
			<Cell><Data ss:Type="String">2023-12-07 16:49:31.415096</Data></Cell>
		</Row>
		<Row>
			<Cell><Data ss:Type="String">422</Data></Cell>
			<Cell><Data ss:Type="Number">0.36</Data></Cell>
			<Cell><Data ss:Type="Number">-10.14</Data></Cell>
			<Cell><Data ss:Type="Number">0.37</Data></Cell>
			<Cell><Data ss:Type="Number">-9.53</Data></Cell>
			<Cell><Data ss:Type="Number">-0.24</Data></Cell>
			<Cell><Data ss:Type="Number">-0.96</Data></Cell>
			<Cell><Data ss:Type="Number">22.9</Data></Cell>
			<Cell><Data ss:Type="Number">39.1</Data></Cell>
			<Cell><Data ss:Type="Number">0</Data></Cell>
			<Cell><Data ss:Type="Number">0</Data></Cell>
			<Cell><Data ss:Type="String">2023-12-07 16:49:31.413308</Data></Cell>
		</Row>
		<Row>
			<Cell><Data ss:Type="String">421</Data></Cell>
			<Cell><Data ss:Type="Number">-0.14</Data></Cell>
			<Cell><Data ss:Type="Number">-10.08</Data></Cell>
			<Cell><Data ss:Type="Number">0.04</Data></Cell>
			<Cell><Data ss:Type="Number">-9.46</Data></Cell>
			<Cell><Data ss:Type="Number">0.09</Data></Cell>
			<Cell><Data ss:Type="Number">-0.87</Data></Cell>
			<Cell><Data ss:Type="Number">22.9</Data></Cell>
			<Cell><Data ss:Type="Number">39.1</Data></Cell>
			<Cell><Data ss:Type="Number">0</Data></Cell>
			<Cell><Data ss:Type="Number">0</Data></Cell>
			<Cell><Data ss:Type="String">2023-12-07 16:49:31.411529</Data></Cell>
		</Row>
		<Row>
			<Cell><Data ss:Type="String">420</Data></Cell>
			<Cell><Data ss:Type="Number">-0.04</Data></Cell>
			<Cell><Data ss:Type="Number">-10.17</Data></Cell>
			<Cell><Data ss:Type="Number">0.02</Data></Cell>
			<Cell><Data ss:Type="Number">-9.48</Data></Cell>
			<Cell><Data ss:Type="Number">0.03</Data></Cell>
			<Cell><Data ss:Type="Number">-0.89</Data></Cell>
			<Cell><Data ss:Type="Number">22.9</Data></Cell>
			<Cell><Data ss:Type="Number">39.1</Data></Cell>
			<Cell><Data ss:Type="Number">0</Data></Cell>
			<Cell><Data ss:Type="Number">0</Data></Cell>
			<Cell><Data ss:Type="String">2023-12-07 16:49:31.307848</Data></Cell>
		</Row>
		<Row>
			<Cell><Data ss:Type="String">419</Data></Cell>
			<Cell><Data ss:Type="Number">1.57</Data></Cell>
			<Cell><Data ss:Type="Number">-10.15</Data></Cell>
			<Cell><Data ss:Type="Number">-0.29</Data></Cell>
			<Cell><Data ss:Type="Number">-9.55</Data></Cell>
			<Cell><Data ss:Type="Number">0.54</Data></Cell>
			<Cell><Data ss:Type="Number">-1.02</Data></Cell>
			<Cell><Data ss:Type="Number">22.9</Data></Cell>
			<Cell><Data ss:Type="Number">39.1</Data></Cell>
			<Cell><Data ss:Type="Number">0</Data></Cell>
			<Cell><Data ss:Type="Number">0</Data></Cell>
			<Cell><Data ss:Type="String">2023-12-07 16:49:31.305503</Data></Cell>
		</Row>
		<Row>
			<Cell><Data ss:Type="String">418</Data></Cell>
			<Cell><Data ss:Type="Number">1.54</Data></Cell>
			<Cell><Data ss:Type="Number">-9.85</Data></Cell>
			<Cell><Data ss:Type="Number">1.18</Data></Cell>
			<Cell><Data ss:Type="Number">-9.32</Data></Cell>
			<Cell><Data ss:Type="Number">-0.67</Data></Cell>
			<Cell><Data ss:Type="Number">-0.81</Data></Cell>
			<Cell><Data ss:Type="Number">22.9</Data></Cell>
			<Cell><Data ss:Type="Number">39.1</Data></Cell>
			<Cell><Data ss:Type="Number">0</Data></Cell>
			<Cell><Data ss:Type="Number">0</Data></Cell>
			<Cell><Data ss:Type="String">2023-12-07 16:49:31.258207</Data></Cell>
		</Row>
		<Row>
			<Cell><Data ss:Type="String">417</Data></Cell>
			<Cell><Data ss:Type="Number">-1.92</Data></Cell>
			<Cell><Data ss:Type="Number">-9.93</Data></Cell>
			<Cell><Data ss:Type="Number">0.18</Data></Cell>
			<Cell><Data ss:Type="Number">-9.49</Data></Cell>
			<Cell><Data ss:Type="Number">-0.62</Data></Cell>
			<Cell><Data ss:Type="Number">-1.03</Data></Cell>
			<Cell><Data ss:Type="Number">22.9</Data></Cell>
			<Cell><Data ss:Type="Number">39.1</Data></Cell>
			<Cell><Data ss:Type="Number">0</Data></Cell>
			<Cell><Data ss:Type="Number">0</Data></Cell>
			<Cell><Data ss:Type="String">2023-12-07 16:49:31.214695</Data></Cell>
		</Row>
		<Row>
			<Cell><Data ss:Type="String">416</Data></Cell>
			<Cell><Data ss:Type="Number">-4.19</Data></Cell>
			<Cell><Data ss:Type="Number">-9.95</Data></Cell>
			<Cell><Data ss:Type="Number">-0.2</Data></Cell>
			<Cell><Data ss:Type="Number">-9.9</Data></Cell>
			<Cell><Data ss:Type="Number">1.9</Data></Cell>
			<Cell><Data ss:Type="Number">-1</Data></Cell>
			<Cell><Data ss:Type="Number">22.9</Data></Cell>
			<Cell><Data ss:Type="Number">39.1</Data></Cell>
			<Cell><Data ss:Type="Number">0</Data></Cell>
			<Cell><Data ss:Type="Number">0</Data></Cell>
			<Cell><Data ss:Type="String">2023-12-07 16:49:31.213072</Data></Cell>
		</Row>
		<Row>
			<Cell><Data ss:Type="String">415</Data></Cell>
			<Cell><Data ss:Type="Number">-0.78</Data></Cell>
			<Cell><Data ss:Type="Number">-18.01</Data></Cell>
			<Cell><Data ss:Type="Number">0.42</Data></Cell>
			<Cell><Data ss:Type="Number">-17.69</Data></Cell>
			<Cell><Data ss:Type="Number">1.49</Data></Cell>
			<Cell><Data ss:Type="Number">-0.49</Data></Cell>
			<Cell><Data ss:Type="Number">22.9</Data></Cell>
			<Cell><Data ss:Type="Number">39.1</Data></Cell>
			<Cell><Data ss:Type="Number">0</Data></Cell>
			<Cell><Data ss:Type="Number">0</Data></Cell>
			<Cell><Data ss:Type="String">2023-12-07 16:49:31.154744</Data></Cell>
		</Row>
		<Row>
			<Cell><Data ss:Type="String">414</Data></Cell>
			<Cell><Data ss:Type="Number">0.19</Data></Cell>
			<Cell><Data ss:Type="Number">-10.38</Data></Cell>
			<Cell><Data ss:Type="Number">0.18</Data></Cell>
			<Cell><Data ss:Type="Number">-9.46</Data></Cell>
			<Cell><Data ss:Type="Number">-0.03</Data></Cell>
			<Cell><Data ss:Type="Number">-0.92</Data></Cell>
			<Cell><Data ss:Type="Number">22.9</Data></Cell>
			<Cell><Data ss:Type="Number">39.1</Data></Cell>
			<Cell><Data ss:Type="Number">0</Data></Cell>
			<Cell><Data ss:Type="Number">0</Data></Cell>
			<Cell><Data ss:Type="String">2023-12-07 16:49:31.109331</Data></Cell>
		</Row>
		<Row>
			<Cell><Data ss:Type="String">413</Data></Cell>
			<Cell><Data ss:Type="Number">0.62</Data></Cell>
			<Cell><Data ss:Type="Number">-9.53</Data></Cell>
			<Cell><Data ss:Type="Number">0.69</Data></Cell>
			<Cell><Data ss:Type="Number">-9.48</Data></Cell>
			<Cell><Data ss:Type="Number">-0.03</Data></Cell>
			<Cell><Data ss:Type="Number">-0.88</Data></Cell>
			<Cell><Data ss:Type="Number">22.9</Data></Cell>
			<Cell><Data ss:Type="Number">39.1</Data></Cell>
			<Cell><Data ss:Type="Number">0</Data></Cell>
			<Cell><Data ss:Type="Number">0</Data></Cell>
			<Cell><Data ss:Type="String">2023-12-07 16:49:31.106575</Data></Cell>
		</Row>
		<Row>
			<Cell><Data ss:Type="String">412</Data></Cell>
			<Cell><Data ss:Type="Number">0.7</Data></Cell>
			<Cell><Data ss:Type="Number">-10.13</Data></Cell>
			<Cell><Data ss:Type="Number">0.17</Data></Cell>
			<Cell><Data ss:Type="Number">-9.51</Data></Cell>
			<Cell><Data ss:Type="Number">-0.05</Data></Cell>
			<Cell><Data ss:Type="Number">-0.94</Data></Cell>
			<Cell><Data ss:Type="Number">22.9</Data></Cell>
			<Cell><Data ss:Type="Number">39.1</Data></Cell>
			<Cell><Data ss:Type="Number">0</Data></Cell>
			<Cell><Data ss:Type="Number">0</Data></Cell>
			<Cell><Data ss:Type="String">2023-12-07 16:49:31.058064</Data></Cell>
		</Row>
		<Row>
			<Cell><Data ss:Type="String">411</Data></Cell>
			<Cell><Data ss:Type="Number">0.51</Data></Cell>
			<Cell><Data ss:Type="Number">-10.03</Data></Cell>
			<Cell><Data ss:Type="Number">0.02</Data></Cell>
			<Cell><Data ss:Type="Number">-9.52</Data></Cell>
			<Cell><Data ss:Type="Number">-0.18</Data></Cell>
			<Cell><Data ss:Type="Number">-0.91</Data></Cell>
			<Cell><Data ss:Type="Number">22.9</Data></Cell>
			<Cell><Data ss:Type="Number">39.1</Data></Cell>
			<Cell><Data ss:Type="Number">0</Data></Cell>
			<Cell><Data ss:Type="Number">0</Data></Cell>
			<Cell><Data ss:Type="String">2023-12-07 16:49:31.012554</Data></Cell>
		</Row>
		<Row>
			<Cell><Data ss:Type="String">410</Data></Cell>
			<Cell><Data ss:Type="Number">0.26</Data></Cell>
			<Cell><Data ss:Type="Number">-10.16</Data></Cell>
			<Cell><Data ss:Type="Number">0.67</Data></Cell>
			<Cell><Data ss:Type="Number">-9.39</Data></Cell>
			<Cell><Data ss:Type="Number">-0.03</Data></Cell>
			<Cell><Data ss:Type="Number">-0.9</Data></Cell>
			<Cell><Data ss:Type="Number">22.9</Data></Cell>
			<Cell><Data ss:Type="Number">39.1</Data></Cell>
			<Cell><Data ss:Type="Number">0</Data></Cell>
			<Cell><Data ss:Type="Number">0</Data></Cell>
			<Cell><Data ss:Type="String">2023-12-07 16:49:30.966244</Data></Cell>
		</Row>
		<Row>
			<Cell><Data ss:Type="String">409</Data></Cell>
			<Cell><Data ss:Type="Number">0.35</Data></Cell>
			<Cell><Data ss:Type="Number">-9.88</Data></Cell>
			<Cell><Data ss:Type="Number">-0.08</Data></Cell>
			<Cell><Data ss:Type="Number">-9.54</Data></Cell>
			<Cell><Data ss:Type="Number">-0.05</Data></Cell>
			<Cell><Data ss:Type="Number">-0.91</Data></Cell>
			<Cell><Data ss:Type="Number">22.9</Data></Cell>
			<Cell><Data ss:Type="Number">39.1</Data></Cell>
			<Cell><Data ss:Type="Number">0</Data></Cell>
			<Cell><Data ss:Type="Number">0</Data></Cell>
			<Cell><Data ss:Type="String">2023-12-07 16:49:30.964506</Data></Cell>
		</Row>
		<Row>
			<Cell><Data ss:Type="String">408</Data></Cell>
			<Cell><Data ss:Type="Number">-0.04</Data></Cell>
			<Cell><Data ss:Type="Number">-10.71</Data></Cell>
			<Cell><Data ss:Type="Number">-0.18</Data></Cell>
			<Cell><Data ss:Type="Number">-9.76</Data></Cell>
			<Cell><Data ss:Type="Number">-0.05</Data></Cell>
			<Cell><Data ss:Type="Number">-0.96</Data></Cell>
			<Cell><Data ss:Type="Number">22.9</Data></Cell>
			<Cell><Data ss:Type="Number">39.1</Data></Cell>
			<Cell><Data ss:Type="Number">0</Data></Cell>
			<Cell><Data ss:Type="Number">0</Data></Cell>
			<Cell><Data ss:Type="String">2023-12-07 16:49:30.922046</Data></Cell>
		</Row>
		<Row>
			<Cell><Data ss:Type="String">407</Data></Cell>
			<Cell><Data ss:Type="Number">0.51</Data></Cell>
			<Cell><Data ss:Type="Number">-9.91</Data></Cell>
			<Cell><Data ss:Type="Number">0.25</Data></Cell>
			<Cell><Data ss:Type="Number">-9.49</Data></Cell>
			<Cell><Data ss:Type="Number">-0.15</Data></Cell>
			<Cell><Data ss:Type="Number">-0.86</Data></Cell>
			<Cell><Data ss:Type="Number">22.9</Data></Cell>
			<Cell><Data ss:Type="Number">39.1</Data></Cell>
			<Cell><Data ss:Type="Number">0</Data></Cell>
			<Cell><Data ss:Type="Number">0</Data></Cell>
			<Cell><Data ss:Type="String">2023-12-07 16:49:30.875340</Data></Cell>
		</Row>
		<Row>
			<Cell><Data ss:Type="String">406</Data></Cell>
			<Cell><Data ss:Type="Number">-0.48</Data></Cell>
			<Cell><Data ss:Type="Number">-10.31</Data></Cell>
			<Cell><Data ss:Type="Number">0.4</Data></Cell>
			<Cell><Data ss:Type="Number">-9.56</Data></Cell>
			<Cell><Data ss:Type="Number">-0.02</Data></Cell>
			<Cell><Data ss:Type="Number">-0.94</Data></Cell>
			<Cell><Data ss:Type="Number">22.9</Data></Cell>
			<Cell><Data ss:Type="Number">39.1</Data></Cell>
			<Cell><Data ss:Type="Number">0</Data></Cell>
			<Cell><Data ss:Type="Number">0</Data></Cell>
			<Cell><Data ss:Type="String">2023-12-07 16:49:30.873620</Data></Cell>
		</Row>
		<Row>
			<Cell><Data ss:Type="String">405</Data></Cell>
			<Cell><Data ss:Type="Number">-0.35</Data></Cell>
			<Cell><Data ss:Type="Number">-9.92</Data></Cell>
			<Cell><Data ss:Type="Number">0.07</Data></Cell>
			<Cell><Data ss:Type="Number">-9.52</Data></Cell>
			<Cell><Data ss:Type="Number">-0.05</Data></Cell>
			<Cell><Data ss:Type="Number">-0.87</Data></Cell>
			<Cell><Data ss:Type="Number">22.9</Data></Cell>
			<Cell><Data ss:Type="Number">39.1</Data></Cell>
			<Cell><Data ss:Type="Number">0</Data></Cell>
			<Cell><Data ss:Type="Number">0</Data></Cell>
			<Cell><Data ss:Type="String">2023-12-07 16:49:30.826247</Data></Cell>
		</Row>
		<Row>
			<Cell><Data ss:Type="String">404</Data></Cell>
			<Cell><Data ss:Type="Number">0.36</Data></Cell>
			<Cell><Data ss:Type="Number">-10.39</Data></Cell>
			<Cell><Data ss:Type="Number">0.19</Data></Cell>
			<Cell><Data ss:Type="Number">-9.43</Data></Cell>
			<Cell><Data ss:Type="Number">-0.04</Data></Cell>
			<Cell><Data ss:Type="Number">-0.92</Data></Cell>
			<Cell><Data ss:Type="Number">22.9</Data></Cell>
			<Cell><Data ss:Type="Number">39.1</Data></Cell>
			<Cell><Data ss:Type="Number">0</Data></Cell>
			<Cell><Data ss:Type="Number">0</Data></Cell>
			<Cell><Data ss:Type="String">2023-12-07 16:49:30.779847</Data></Cell>
		</Row>
		<Row>
			<Cell><Data ss:Type="String">403</Data></Cell>
			<Cell><Data ss:Type="Number">0.22</Data></Cell>
			<Cell><Data ss:Type="Number">-10.03</Data></Cell>
			<Cell><Data ss:Type="Number">0.34</Data></Cell>
			<Cell><Data ss:Type="Number">-9.42</Data></Cell>
			<Cell><Data ss:Type="Number">-0.04</Data></Cell>
			<Cell><Data ss:Type="Number">-0.91</Data></Cell>
			<Cell><Data ss:Type="Number">22.9</Data></Cell>
			<Cell><Data ss:Type="Number">39.1</Data></Cell>
			<Cell><Data ss:Type="Number">0</Data></Cell>
			<Cell><Data ss:Type="Number">0</Data></Cell>
			<Cell><Data ss:Type="String">2023-12-07 16:49:30.735370</Data></Cell>
		</Row>
		<Row>
			<Cell><Data ss:Type="String">402</Data></Cell>
			<Cell><Data ss:Type="Number">0.7</Data></Cell>
			<Cell><Data ss:Type="Number">-9.82</Data></Cell>
			<Cell><Data ss:Type="Number">0.03</Data></Cell>
			<Cell><Data ss:Type="Number">-9.46</Data></Cell>
			<Cell><Data ss:Type="Number">-0.13</Data></Cell>
			<Cell><Data ss:Type="Number">-0.91</Data></Cell>
			<Cell><Data ss:Type="Number">22.9</Data></Cell>
			<Cell><Data ss:Type="Number">39.1</Data></Cell>
			<Cell><Data ss:Type="Number">0</Data></Cell>
			<Cell><Data ss:Type="Number">0</Data></Cell>
			<Cell><Data ss:Type="String">2023-12-07 16:49:30.733492</Data></Cell>
		</Row>
		<Row>
			<Cell><Data ss:Type="String">401</Data></Cell>
			<Cell><Data ss:Type="Number">0.73</Data></Cell>
			<Cell><Data ss:Type="Number">-9.94</Data></Cell>
			<Cell><Data ss:Type="Number">-0.16</Data></Cell>
			<Cell><Data ss:Type="Number">-9.49</Data></Cell>
			<Cell><Data ss:Type="Number">-0.03</Data></Cell>
			<Cell><Data ss:Type="Number">-0.95</Data></Cell>
			<Cell><Data ss:Type="Number">22.9</Data></Cell>
			<Cell><Data ss:Type="Number">39.1</Data></Cell>
			<Cell><Data ss:Type="Number">0</Data></Cell>
			<Cell><Data ss:Type="Number">0</Data></Cell>
			<Cell><Data ss:Type="String">2023-12-07 16:49:30.689331</Data></Cell>
		</Row>
		<Row>
			<Cell><Data ss:Type="String">400</Data></Cell>
			<Cell><Data ss:Type="Number">0.27</Data></Cell>
			<Cell><Data ss:Type="Number">-10.2</Data></Cell>
			<Cell><Data ss:Type="Number">0.05</Data></Cell>
			<Cell><Data ss:Type="Number">-9.5</Data></Cell>
			<Cell><Data ss:Type="Number">-0.12</Data></Cell>
			<Cell><Data ss:Type="Number">-0.86</Data></Cell>
			<Cell><Data ss:Type="Number">22.9</Data></Cell>
			<Cell><Data ss:Type="Number">39.1</Data></Cell>
			<Cell><Data ss:Type="Number">0</Data></Cell>
			<Cell><Data ss:Type="Number">0</Data></Cell>
			<Cell><Data ss:Type="String">2023-12-07 16:49:30.641386</Data></Cell>
		</Row>
		<Row>
			<Cell><Data ss:Type="String">399</Data></Cell>
			<Cell><Data ss:Type="Number">0.13</Data></Cell>
			<Cell><Data ss:Type="Number">-10.07</Data></Cell>
			<Cell><Data ss:Type="Number">0.19</Data></Cell>
			<Cell><Data ss:Type="Number">-9.5</Data></Cell>
			<Cell><Data ss:Type="Number">-0.05</Data></Cell>
			<Cell><Data ss:Type="Number">-0.9</Data></Cell>
			<Cell><Data ss:Type="Number">22.9</Data></Cell>
			<Cell><Data ss:Type="Number">39.1</Data></Cell>
			<Cell><Data ss:Type="Number">0</Data></Cell>
			<Cell><Data ss:Type="Number">0</Data></Cell>
			<Cell><Data ss:Type="String">2023-12-07 16:49:30.580030</Data></Cell>
		</Row>
		<Row>
			<Cell><Data ss:Type="String">398</Data></Cell>
			<Cell><Data ss:Type="Number">0.45</Data></Cell>
			<Cell><Data ss:Type="Number">-9.32</Data></Cell>
			<Cell><Data ss:Type="Number">-0.06</Data></Cell>
			<Cell><Data ss:Type="Number">-9.38</Data></Cell>
			<Cell><Data ss:Type="Number">-0.13</Data></Cell>
			<Cell><Data ss:Type="Number">-0.97</Data></Cell>
			<Cell><Data ss:Type="Number">22.9</Data></Cell>
			<Cell><Data ss:Type="Number">39.1</Data></Cell>
			<Cell><Data ss:Type="Number">0</Data></Cell>
			<Cell><Data ss:Type="Number">0</Data></Cell>
			<Cell><Data ss:Type="String">2023-12-07 16:49:30.565086</Data></Cell>
		</Row>
		<Row>
			<Cell><Data ss:Type="String">397</Data></Cell>
			<Cell><Data ss:Type="Number">0.58</Data></Cell>
			<Cell><Data ss:Type="Number">-10.09</Data></Cell>
			<Cell><Data ss:Type="Number">0.29</Data></Cell>
			<Cell><Data ss:Type="Number">-9.78</Data></Cell>
			<Cell><Data ss:Type="Number">-0.05</Data></Cell>
			<Cell><Data ss:Type="Number">-0.9</Data></Cell>
			<Cell><Data ss:Type="Number">22.9</Data></Cell>
			<Cell><Data ss:Type="Number">39.1</Data></Cell>
			<Cell><Data ss:Type="Number">0</Data></Cell>
			<Cell><Data ss:Type="Number">0</Data></Cell>
			<Cell><Data ss:Type="String">2023-12-07 16:49:30.524117</Data></Cell>
		</Row>
		<Row>
			<Cell><Data ss:Type="String">396</Data></Cell>
			<Cell><Data ss:Type="Number">-0.06</Data></Cell>
			<Cell><Data ss:Type="Number">-10.37</Data></Cell>
			<Cell><Data ss:Type="Number">0.23</Data></Cell>
			<Cell><Data ss:Type="Number">-9.63</Data></Cell>
			<Cell><Data ss:Type="Number">0.01</Data></Cell>
			<Cell><Data ss:Type="Number">-0.85</Data></Cell>
			<Cell><Data ss:Type="Number">22.9</Data></Cell>
			<Cell><Data ss:Type="Number">39.1</Data></Cell>
			<Cell><Data ss:Type="Number">0</Data></Cell>
			<Cell><Data ss:Type="Number">0</Data></Cell>
			<Cell><Data ss:Type="String">2023-12-07 16:49:30.521725</Data></Cell>
		</Row>
		<Row>
			<Cell><Data ss:Type="String">395</Data></Cell>
			<Cell><Data ss:Type="Number">0.84</Data></Cell>
			<Cell><Data ss:Type="Number">-9.86</Data></Cell>
			<Cell><Data ss:Type="Number">-0.37</Data></Cell>
			<Cell><Data ss:Type="Number">-9.46</Data></Cell>
			<Cell><Data ss:Type="Number">-0.01</Data></Cell>
			<Cell><Data ss:Type="Number">-0.91</Data></Cell>
			<Cell><Data ss:Type="Number">22.9</Data></Cell>
			<Cell><Data ss:Type="Number">39.1</Data></Cell>
			<Cell><Data ss:Type="Number">0</Data></Cell>
			<Cell><Data ss:Type="Number">0</Data></Cell>
			<Cell><Data ss:Type="String">2023-12-07 16:49:30.473945</Data></Cell>
		</Row>
		<Row>
			<Cell><Data ss:Type="String">394</Data></Cell>
			<Cell><Data ss:Type="Number">0.34</Data></Cell>
			<Cell><Data ss:Type="Number">-9.95</Data></Cell>
			<Cell><Data ss:Type="Number">0.29</Data></Cell>
			<Cell><Data ss:Type="Number">-9.45</Data></Cell>
			<Cell><Data ss:Type="Number">-0.08</Data></Cell>
			<Cell><Data ss:Type="Number">-0.89</Data></Cell>
			<Cell><Data ss:Type="Number">22.9</Data></Cell>
			<Cell><Data ss:Type="Number">39.1</Data></Cell>
			<Cell><Data ss:Type="Number">0</Data></Cell>
			<Cell><Data ss:Type="Number">0</Data></Cell>
			<Cell><Data ss:Type="String">2023-12-07 16:49:30.426526</Data></Cell>
		</Row>
		<Row>
			<Cell><Data ss:Type="String">393</Data></Cell>
			<Cell><Data ss:Type="Number">0.05</Data></Cell>
			<Cell><Data ss:Type="Number">-9.59</Data></Cell>
			<Cell><Data ss:Type="Number">0.38</Data></Cell>
			<Cell><Data ss:Type="Number">-9.37</Data></Cell>
			<Cell><Data ss:Type="Number">-0.08</Data></Cell>
			<Cell><Data ss:Type="Number">-0.98</Data></Cell>
			<Cell><Data ss:Type="Number">22.9</Data></Cell>
			<Cell><Data ss:Type="Number">39.1</Data></Cell>
			<Cell><Data ss:Type="Number">0</Data></Cell>
			<Cell><Data ss:Type="Number">0</Data></Cell>
			<Cell><Data ss:Type="String">2023-12-07 16:49:30.390547</Data></Cell>
		</Row>
		<Row>
			<Cell><Data ss:Type="String">392</Data></Cell>
			<Cell><Data ss:Type="Number">0.44</Data></Cell>
			<Cell><Data ss:Type="Number">-9.79</Data></Cell>
			<Cell><Data ss:Type="Number">0.15</Data></Cell>
			<Cell><Data ss:Type="Number">-9.48</Data></Cell>
			<Cell><Data ss:Type="Number">-0.06</Data></Cell>
			<Cell><Data ss:Type="Number">-0.91</Data></Cell>
			<Cell><Data ss:Type="Number">22.9</Data></Cell>
			<Cell><Data ss:Type="Number">39.1</Data></Cell>
			<Cell><Data ss:Type="Number">0</Data></Cell>
			<Cell><Data ss:Type="Number">0</Data></Cell>
			<Cell><Data ss:Type="String">2023-12-07 16:49:30.387881</Data></Cell>
		</Row>
		<Row>
			<Cell><Data ss:Type="String">391</Data></Cell>
			<Cell><Data ss:Type="Number">0.22</Data></Cell>
			<Cell><Data ss:Type="Number">-9.92</Data></Cell>
			<Cell><Data ss:Type="Number">0.18</Data></Cell>
			<Cell><Data ss:Type="Number">-9.51</Data></Cell>
			<Cell><Data ss:Type="Number">-0.08</Data></Cell>
			<Cell><Data ss:Type="Number">-0.88</Data></Cell>
			<Cell><Data ss:Type="Number">22.9</Data></Cell>
			<Cell><Data ss:Type="Number">39.1</Data></Cell>
			<Cell><Data ss:Type="Number">0</Data></Cell>
			<Cell><Data ss:Type="Number">0</Data></Cell>
			<Cell><Data ss:Type="String">2023-12-07 16:49:30.384804</Data></Cell>
		</Row>
		<Row>
			<Cell><Data ss:Type="String">390</Data></Cell>
			<Cell><Data ss:Type="Number">-0.41</Data></Cell>
			<Cell><Data ss:Type="Number">-10.09</Data></Cell>
			<Cell><Data ss:Type="Number">-0.04</Data></Cell>
			<Cell><Data ss:Type="Number">-9.33</Data></Cell>
			<Cell><Data ss:Type="Number">-0.05</Data></Cell>
			<Cell><Data ss:Type="Number">-0.96</Data></Cell>
			<Cell><Data ss:Type="Number">22.9</Data></Cell>
			<Cell><Data ss:Type="Number">39.1</Data></Cell>
			<Cell><Data ss:Type="Number">0</Data></Cell>
			<Cell><Data ss:Type="Number">0</Data></Cell>
			<Cell><Data ss:Type="String">2023-12-07 16:49:30.382931</Data></Cell>
		</Row>
		<Row>
			<Cell><Data ss:Type="String">389</Data></Cell>
			<Cell><Data ss:Type="Number">0.07</Data></Cell>
			<Cell><Data ss:Type="Number">-10.13</Data></Cell>
			<Cell><Data ss:Type="Number">0.16</Data></Cell>
			<Cell><Data ss:Type="Number">-9.47</Data></Cell>
			<Cell><Data ss:Type="Number">-0.11</Data></Cell>
			<Cell><Data ss:Type="Number">-0.9</Data></Cell>
			<Cell><Data ss:Type="Number">22.9</Data></Cell>
			<Cell><Data ss:Type="Number">39.1</Data></Cell>
			<Cell><Data ss:Type="Number">0</Data></Cell>
			<Cell><Data ss:Type="Number">0</Data></Cell>
			<Cell><Data ss:Type="String">2023-12-07 16:49:30.380927</Data></Cell>
		</Row>
		<Row>
			<Cell><Data ss:Type="String">388</Data></Cell>
			<Cell><Data ss:Type="Number">-0.4</Data></Cell>
			<Cell><Data ss:Type="Number">-10.25</Data></Cell>
			<Cell><Data ss:Type="Number">-0.22</Data></Cell>
			<Cell><Data ss:Type="Number">-9.61</Data></Cell>
			<Cell><Data ss:Type="Number">0</Data></Cell>
			<Cell><Data ss:Type="Number">-0.95</Data></Cell>
			<Cell><Data ss:Type="Number">22.9</Data></Cell>
			<Cell><Data ss:Type="Number">39.1</Data></Cell>
			<Cell><Data ss:Type="Number">0</Data></Cell>
			<Cell><Data ss:Type="Number">0</Data></Cell>
			<Cell><Data ss:Type="String">2023-12-07 16:49:30.378970</Data></Cell>
		</Row>
		<Row>
			<Cell><Data ss:Type="String">387</Data></Cell>
			<Cell><Data ss:Type="Number">0.21</Data></Cell>
			<Cell><Data ss:Type="Number">-9.82</Data></Cell>
			<Cell><Data ss:Type="Number">0.45</Data></Cell>
			<Cell><Data ss:Type="Number">-9.5</Data></Cell>
			<Cell><Data ss:Type="Number">-0.08</Data></Cell>
			<Cell><Data ss:Type="Number">-0.83</Data></Cell>
			<Cell><Data ss:Type="Number">22.9</Data></Cell>
			<Cell><Data ss:Type="Number">39.1</Data></Cell>
			<Cell><Data ss:Type="Number">0</Data></Cell>
			<Cell><Data ss:Type="Number">0</Data></Cell>
			<Cell><Data ss:Type="String">2023-12-07 16:49:30.376678</Data></Cell>
		</Row>
		<Row>
			<Cell><Data ss:Type="String">386</Data></Cell>
			<Cell><Data ss:Type="Number">0.02</Data></Cell>
			<Cell><Data ss:Type="Number">-10.4</Data></Cell>
			<Cell><Data ss:Type="Number">-0.1</Data></Cell>
			<Cell><Data ss:Type="Number">-9.34</Data></Cell>
			<Cell><Data ss:Type="Number">-0.22</Data></Cell>
			<Cell><Data ss:Type="Number">-0.88</Data></Cell>
			<Cell><Data ss:Type="Number">22.9</Data></Cell>
			<Cell><Data ss:Type="Number">39.1</Data></Cell>
			<Cell><Data ss:Type="Number">0</Data></Cell>
			<Cell><Data ss:Type="Number">0</Data></Cell>
			<Cell><Data ss:Type="String">2023-12-07 16:49:30.374409</Data></Cell>
		</Row>
		<Row>
			<Cell><Data ss:Type="String">385</Data></Cell>
			<Cell><Data ss:Type="Number">0.22</Data></Cell>
			<Cell><Data ss:Type="Number">-10.16</Data></Cell>
			<Cell><Data ss:Type="Number">-0.09</Data></Cell>
			<Cell><Data ss:Type="Number">-9.27</Data></Cell>
			<Cell><Data ss:Type="Number">0.15</Data></Cell>
			<Cell><Data ss:Type="Number">-0.95</Data></Cell>
			<Cell><Data ss:Type="Number">22.9</Data></Cell>
			<Cell><Data ss:Type="Number">39.1</Data></Cell>
			<Cell><Data ss:Type="Number">0</Data></Cell>
			<Cell><Data ss:Type="Number">0</Data></Cell>
			<Cell><Data ss:Type="String">2023-12-07 16:49:30.154864</Data></Cell>
		</Row>
		<Row>
			<Cell><Data ss:Type="String">384</Data></Cell>
			<Cell><Data ss:Type="Number">1.33</Data></Cell>
			<Cell><Data ss:Type="Number">-9.44</Data></Cell>
			<Cell><Data ss:Type="Number">0.11</Data></Cell>
			<Cell><Data ss:Type="Number">-9.27</Data></Cell>
			<Cell><Data ss:Type="Number">-0.05</Data></Cell>
			<Cell><Data ss:Type="Number">-0.9</Data></Cell>
			<Cell><Data ss:Type="Number">22.9</Data></Cell>
			<Cell><Data ss:Type="Number">39.1</Data></Cell>
			<Cell><Data ss:Type="Number">0</Data></Cell>
			<Cell><Data ss:Type="Number">0</Data></Cell>
			<Cell><Data ss:Type="String">2023-12-07 16:49:30.152068</Data></Cell>
		</Row>
		<Row>
			<Cell><Data ss:Type="String">383</Data></Cell>
			<Cell><Data ss:Type="Number">0.57</Data></Cell>
			<Cell><Data ss:Type="Number">-9.77</Data></Cell>
			<Cell><Data ss:Type="Number">0.13</Data></Cell>
			<Cell><Data ss:Type="Number">-9.47</Data></Cell>
			<Cell><Data ss:Type="Number">-0.27</Data></Cell>
			<Cell><Data ss:Type="Number">-0.92</Data></Cell>
			<Cell><Data ss:Type="Number">22.9</Data></Cell>
			<Cell><Data ss:Type="Number">39.1</Data></Cell>
			<Cell><Data ss:Type="Number">0</Data></Cell>
			<Cell><Data ss:Type="Number">0</Data></Cell>
			<Cell><Data ss:Type="String">2023-12-07 16:49:30.150019</Data></Cell>
		</Row>
		<Row>
			<Cell><Data ss:Type="String">382</Data></Cell>
			<Cell><Data ss:Type="Number">1.13</Data></Cell>
			<Cell><Data ss:Type="Number">-9.78</Data></Cell>
			<Cell><Data ss:Type="Number">0.42</Data></Cell>
			<Cell><Data ss:Type="Number">-9.3</Data></Cell>
			<Cell><Data ss:Type="Number">-0.59</Data></Cell>
			<Cell><Data ss:Type="Number">-0.79</Data></Cell>
			<Cell><Data ss:Type="Number">22.9</Data></Cell>
			<Cell><Data ss:Type="Number">39.1</Data></Cell>
			<Cell><Data ss:Type="Number">0</Data></Cell>
			<Cell><Data ss:Type="Number">0</Data></Cell>
			<Cell><Data ss:Type="String">2023-12-07 16:49:30.148327</Data></Cell>
		</Row>
		<Row>
			<Cell><Data ss:Type="String">381</Data></Cell>
			<Cell><Data ss:Type="Number">-0.26</Data></Cell>
			<Cell><Data ss:Type="Number">-9.88</Data></Cell>
			<Cell><Data ss:Type="Number">-0.31</Data></Cell>
			<Cell><Data ss:Type="Number">-9.37</Data></Cell>
			<Cell><Data ss:Type="Number">0.34</Data></Cell>
			<Cell><Data ss:Type="Number">-0.92</Data></Cell>
			<Cell><Data ss:Type="Number">22.9</Data></Cell>
			<Cell><Data ss:Type="Number">39.1</Data></Cell>
			<Cell><Data ss:Type="Number">0</Data></Cell>
			<Cell><Data ss:Type="Number">0</Data></Cell>
			<Cell><Data ss:Type="String">2023-12-07 16:49:30.146283</Data></Cell>
		</Row>
		<Row>
			<Cell><Data ss:Type="String">380</Data></Cell>
			<Cell><Data ss:Type="Number">3.74</Data></Cell>
			<Cell><Data ss:Type="Number">-9.92</Data></Cell>
			<Cell><Data ss:Type="Number">-0.98</Data></Cell>
			<Cell><Data ss:Type="Number">-9.39</Data></Cell>
			<Cell><Data ss:Type="Number">0.5</Data></Cell>
			<Cell><Data ss:Type="Number">-1.04</Data></Cell>
			<Cell><Data ss:Type="Number">22.9</Data></Cell>
			<Cell><Data ss:Type="Number">39.1</Data></Cell>
			<Cell><Data ss:Type="Number">0</Data></Cell>
			<Cell><Data ss:Type="Number">0</Data></Cell>
			<Cell><Data ss:Type="String">2023-12-07 16:49:30.144256</Data></Cell>
		</Row>
		<Row>
			<Cell><Data ss:Type="String">379</Data></Cell>
			<Cell><Data ss:Type="Number">0.5</Data></Cell>
			<Cell><Data ss:Type="Number">-11.52</Data></Cell>
			<Cell><Data ss:Type="Number">0.82</Data></Cell>
			<Cell><Data ss:Type="Number">-9.79</Data></Cell>
			<Cell><Data ss:Type="Number">-0.44</Data></Cell>
			<Cell><Data ss:Type="Number">-0.58</Data></Cell>
			<Cell><Data ss:Type="Number">22.9</Data></Cell>
			<Cell><Data ss:Type="Number">39.1</Data></Cell>
			<Cell><Data ss:Type="Number">0</Data></Cell>
			<Cell><Data ss:Type="Number">0</Data></Cell>
			<Cell><Data ss:Type="String">2023-12-07 16:49:30.139200</Data></Cell>
		</Row>
		<Row>
			<Cell><Data ss:Type="String">378</Data></Cell>
			<Cell><Data ss:Type="Number">0.38</Data></Cell>
			<Cell><Data ss:Type="Number">0.01</Data></Cell>
			<Cell><Data ss:Type="Number">0.01</Data></Cell>
			<Cell><Data ss:Type="Number">-5.09</Data></Cell>
			<Cell><Data ss:Type="Number">-1.42</Data></Cell>
			<Cell><Data ss:Type="Number">-0.74</Data></Cell>
			<Cell><Data ss:Type="Number">22.9</Data></Cell>
			<Cell><Data ss:Type="Number">39.1</Data></Cell>
			<Cell><Data ss:Type="Number">0</Data></Cell>
			<Cell><Data ss:Type="Number">0</Data></Cell>
			<Cell><Data ss:Type="String">2023-12-07 16:49:29.904682</Data></Cell>
		</Row>
		<Row>
			<Cell><Data ss:Type="String">377</Data></Cell>
			<Cell><Data ss:Type="Number">0.29</Data></Cell>
			<Cell><Data ss:Type="Number">-10.16</Data></Cell>
			<Cell><Data ss:Type="Number">0.15</Data></Cell>
			<Cell><Data ss:Type="Number">-9.51</Data></Cell>
			<Cell><Data ss:Type="Number">-0.08</Data></Cell>
			<Cell><Data ss:Type="Number">-0.88</Data></Cell>
			<Cell><Data ss:Type="Number">22.9</Data></Cell>
			<Cell><Data ss:Type="Number">39.1</Data></Cell>
			<Cell><Data ss:Type="Number">0</Data></Cell>
			<Cell><Data ss:Type="Number">0</Data></Cell>
			<Cell><Data ss:Type="String">2023-12-07 16:49:29.858217</Data></Cell>
		</Row>
		<Row>
			<Cell><Data ss:Type="String">376</Data></Cell>
			<Cell><Data ss:Type="Number">0.25</Data></Cell>
			<Cell><Data ss:Type="Number">-10.11</Data></Cell>
			<Cell><Data ss:Type="Number">0.19</Data></Cell>
			<Cell><Data ss:Type="Number">-9.47</Data></Cell>
			<Cell><Data ss:Type="Number">-0.06</Data></Cell>
			<Cell><Data ss:Type="Number">-0.89</Data></Cell>
			<Cell><Data ss:Type="Number">22.9</Data></Cell>
			<Cell><Data ss:Type="Number">39.1</Data></Cell>
			<Cell><Data ss:Type="Number">0</Data></Cell>
			<Cell><Data ss:Type="Number">0</Data></Cell>
			<Cell><Data ss:Type="String">2023-12-07 16:49:29.818087</Data></Cell>
		</Row>
		<Row>
			<Cell><Data ss:Type="String">375</Data></Cell>
			<Cell><Data ss:Type="Number">0.26</Data></Cell>
			<Cell><Data ss:Type="Number">-9.99</Data></Cell>
			<Cell><Data ss:Type="Number">0.1</Data></Cell>
			<Cell><Data ss:Type="Number">-9.43</Data></Cell>
			<Cell><Data ss:Type="Number">-0.08</Data></Cell>
			<Cell><Data ss:Type="Number">-0.91</Data></Cell>
			<Cell><Data ss:Type="Number">22.9</Data></Cell>
			<Cell><Data ss:Type="Number">39.1</Data></Cell>
			<Cell><Data ss:Type="Number">0</Data></Cell>
			<Cell><Data ss:Type="Number">0</Data></Cell>
			<Cell><Data ss:Type="String">2023-12-07 16:49:29.816384</Data></Cell>
		</Row>
		<Row>
			<Cell><Data ss:Type="String">374</Data></Cell>
			<Cell><Data ss:Type="Number">0.23</Data></Cell>
			<Cell><Data ss:Type="Number">-10.07</Data></Cell>
			<Cell><Data ss:Type="Number">0.11</Data></Cell>
			<Cell><Data ss:Type="Number">-9.46</Data></Cell>
			<Cell><Data ss:Type="Number">-0.06</Data></Cell>
			<Cell><Data ss:Type="Number">-0.91</Data></Cell>
			<Cell><Data ss:Type="Number">22.9</Data></Cell>
			<Cell><Data ss:Type="Number">39.1</Data></Cell>
			<Cell><Data ss:Type="Number">0</Data></Cell>
			<Cell><Data ss:Type="Number">0</Data></Cell>
			<Cell><Data ss:Type="String">2023-12-07 16:49:29.767927</Data></Cell>
		</Row>
		<Row>
			<Cell><Data ss:Type="String">373</Data></Cell>
			<Cell><Data ss:Type="Number">0.27</Data></Cell>
			<Cell><Data ss:Type="Number">-10.11</Data></Cell>
			<Cell><Data ss:Type="Number">0.16</Data></Cell>
			<Cell><Data ss:Type="Number">-9.53</Data></Cell>
			<Cell><Data ss:Type="Number">-0.06</Data></Cell>
			<Cell><Data ss:Type="Number">-0.91</Data></Cell>
			<Cell><Data ss:Type="Number">22.9</Data></Cell>
			<Cell><Data ss:Type="Number">39.1</Data></Cell>
			<Cell><Data ss:Type="Number">0</Data></Cell>
			<Cell><Data ss:Type="Number">0</Data></Cell>
			<Cell><Data ss:Type="String">2023-12-07 16:49:29.724510</Data></Cell>
		</Row>
		<Row>
			<Cell><Data ss:Type="String">372</Data></Cell>
			<Cell><Data ss:Type="Number">0.25</Data></Cell>
			<Cell><Data ss:Type="Number">-10.2</Data></Cell>
			<Cell><Data ss:Type="Number">0.06</Data></Cell>
			<Cell><Data ss:Type="Number">-9.51</Data></Cell>
			<Cell><Data ss:Type="Number">-0.07</Data></Cell>
			<Cell><Data ss:Type="Number">-0.92</Data></Cell>
			<Cell><Data ss:Type="Number">22.9</Data></Cell>
			<Cell><Data ss:Type="Number">39.1</Data></Cell>
			<Cell><Data ss:Type="Number">0</Data></Cell>
			<Cell><Data ss:Type="Number">0</Data></Cell>
			<Cell><Data ss:Type="String">2023-12-07 16:49:29.722241</Data></Cell>
		</Row>
		<Row>
			<Cell><Data ss:Type="String">371</Data></Cell>
			<Cell><Data ss:Type="Number">0.26</Data></Cell>
			<Cell><Data ss:Type="Number">-10.03</Data></Cell>
			<Cell><Data ss:Type="Number">0.06</Data></Cell>
			<Cell><Data ss:Type="Number">-9.43</Data></Cell>
			<Cell><Data ss:Type="Number">-0.09</Data></Cell>
			<Cell><Data ss:Type="Number">-0.93</Data></Cell>
			<Cell><Data ss:Type="Number">22.9</Data></Cell>
			<Cell><Data ss:Type="Number">39.1</Data></Cell>
			<Cell><Data ss:Type="Number">0</Data></Cell>
			<Cell><Data ss:Type="Number">0</Data></Cell>
			<Cell><Data ss:Type="String">2023-12-07 16:49:29.676217</Data></Cell>
		</Row>
		<Row>
			<Cell><Data ss:Type="String">370</Data></Cell>
			<Cell><Data ss:Type="Number">0.27</Data></Cell>
			<Cell><Data ss:Type="Number">-10.01</Data></Cell>
			<Cell><Data ss:Type="Number">0.19</Data></Cell>
			<Cell><Data ss:Type="Number">-9.47</Data></Cell>
			<Cell><Data ss:Type="Number">-0.08</Data></Cell>
			<Cell><Data ss:Type="Number">-0.93</Data></Cell>
			<Cell><Data ss:Type="Number">22.9</Data></Cell>
			<Cell><Data ss:Type="Number">39.1</Data></Cell>
			<Cell><Data ss:Type="Number">0</Data></Cell>
			<Cell><Data ss:Type="Number">0</Data></Cell>
			<Cell><Data ss:Type="String">2023-12-07 16:49:29.630348</Data></Cell>
		</Row>
		<Row>
			<Cell><Data ss:Type="String">369</Data></Cell>
			<Cell><Data ss:Type="Number">0.28</Data></Cell>
			<Cell><Data ss:Type="Number">-10.08</Data></Cell>
			<Cell><Data ss:Type="Number">0.17</Data></Cell>
			<Cell><Data ss:Type="Number">-9.53</Data></Cell>
			<Cell><Data ss:Type="Number">-0.07</Data></Cell>
			<Cell><Data ss:Type="Number">-0.9</Data></Cell>
			<Cell><Data ss:Type="Number">22.9</Data></Cell>
			<Cell><Data ss:Type="Number">39.1</Data></Cell>
			<Cell><Data ss:Type="Number">0</Data></Cell>
			<Cell><Data ss:Type="Number">0</Data></Cell>
			<Cell><Data ss:Type="String">2023-12-07 16:49:29.586925</Data></Cell>
		</Row>
		<Row>
			<Cell><Data ss:Type="String">368</Data></Cell>
			<Cell><Data ss:Type="Number">0.29</Data></Cell>
			<Cell><Data ss:Type="Number">-10.18</Data></Cell>
			<Cell><Data ss:Type="Number">0.21</Data></Cell>
			<Cell><Data ss:Type="Number">-9.53</Data></Cell>
			<Cell><Data ss:Type="Number">-0.07</Data></Cell>
			<Cell><Data ss:Type="Number">-0.9</Data></Cell>
			<Cell><Data ss:Type="Number">22.9</Data></Cell>
			<Cell><Data ss:Type="Number">39.1</Data></Cell>
			<Cell><Data ss:Type="Number">0</Data></Cell>
			<Cell><Data ss:Type="Number">0</Data></Cell>
			<Cell><Data ss:Type="String">2023-12-07 16:49:29.584595</Data></Cell>
		</Row>
		<Row>
			<Cell><Data ss:Type="String">367</Data></Cell>
			<Cell><Data ss:Type="Number">0.25</Data></Cell>
			<Cell><Data ss:Type="Number">-10.1</Data></Cell>
			<Cell><Data ss:Type="Number">0.17</Data></Cell>
			<Cell><Data ss:Type="Number">-9.42</Data></Cell>
			<Cell><Data ss:Type="Number">-0.09</Data></Cell>
			<Cell><Data ss:Type="Number">-0.93</Data></Cell>
			<Cell><Data ss:Type="Number">22.9</Data></Cell>
			<Cell><Data ss:Type="Number">39.1</Data></Cell>
			<Cell><Data ss:Type="Number">0</Data></Cell>
			<Cell><Data ss:Type="Number">0</Data></Cell>
			<Cell><Data ss:Type="String">2023-12-07 16:49:29.539228</Data></Cell>
		</Row>
		<Row>
			<Cell><Data ss:Type="String">366</Data></Cell>
			<Cell><Data ss:Type="Number">0.27</Data></Cell>
			<Cell><Data ss:Type="Number">-9.97</Data></Cell>
			<Cell><Data ss:Type="Number">0.11</Data></Cell>
			<Cell><Data ss:Type="Number">-9.45</Data></Cell>
			<Cell><Data ss:Type="Number">-0.08</Data></Cell>
			<Cell><Data ss:Type="Number">-0.91</Data></Cell>
			<Cell><Data ss:Type="Number">22.9</Data></Cell>
			<Cell><Data ss:Type="Number">39.1</Data></Cell>
			<Cell><Data ss:Type="Number">0</Data></Cell>
			<Cell><Data ss:Type="Number">0</Data></Cell>
			<Cell><Data ss:Type="String">2023-12-07 16:49:29.493691</Data></Cell>
		</Row>
		<Row>
			<Cell><Data ss:Type="String">365</Data></Cell>
			<Cell><Data ss:Type="Number">0.27</Data></Cell>
			<Cell><Data ss:Type="Number">-10.08</Data></Cell>
			<Cell><Data ss:Type="Number">0.14</Data></Cell>
			<Cell><Data ss:Type="Number">-9.49</Data></Cell>
			<Cell><Data ss:Type="Number">-0.08</Data></Cell>
			<Cell><Data ss:Type="Number">-0.89</Data></Cell>
			<Cell><Data ss:Type="Number">22.9</Data></Cell>
			<Cell><Data ss:Type="Number">39.1</Data></Cell>
			<Cell><Data ss:Type="Number">0</Data></Cell>
			<Cell><Data ss:Type="Number">0</Data></Cell>
			<Cell><Data ss:Type="String">2023-12-07 16:49:29.449488</Data></Cell>
		</Row>
		<Row>
			<Cell><Data ss:Type="String">364</Data></Cell>
			<Cell><Data ss:Type="Number">0.31</Data></Cell>
			<Cell><Data ss:Type="Number">-10.22</Data></Cell>
			<Cell><Data ss:Type="Number">0.19</Data></Cell>
			<Cell><Data ss:Type="Number">-9.51</Data></Cell>
			<Cell><Data ss:Type="Number">-0.08</Data></Cell>
			<Cell><Data ss:Type="Number">-0.89</Data></Cell>
			<Cell><Data ss:Type="Number">22.9</Data></Cell>
			<Cell><Data ss:Type="Number">39.1</Data></Cell>
			<Cell><Data ss:Type="Number">0</Data></Cell>
			<Cell><Data ss:Type="Number">0</Data></Cell>
			<Cell><Data ss:Type="String">2023-12-07 16:49:29.447656</Data></Cell>
		</Row>
		<Row>
			<Cell><Data ss:Type="String">363</Data></Cell>
			<Cell><Data ss:Type="Number">0.32</Data></Cell>
			<Cell><Data ss:Type="Number">-10.12</Data></Cell>
			<Cell><Data ss:Type="Number">0.23</Data></Cell>
			<Cell><Data ss:Type="Number">-9.46</Data></Cell>
			<Cell><Data ss:Type="Number">-0.07</Data></Cell>
			<Cell><Data ss:Type="Number">-0.91</Data></Cell>
			<Cell><Data ss:Type="Number">22.9</Data></Cell>
			<Cell><Data ss:Type="Number">39.1</Data></Cell>
			<Cell><Data ss:Type="Number">0</Data></Cell>
			<Cell><Data ss:Type="Number">0</Data></Cell>
			<Cell><Data ss:Type="String">2023-12-07 16:49:29.404866</Data></Cell>
		</Row>
		<Row>
			<Cell><Data ss:Type="String">362</Data></Cell>
			<Cell><Data ss:Type="Number">0.25</Data></Cell>
			<Cell><Data ss:Type="Number">-9.94</Data></Cell>
			<Cell><Data ss:Type="Number">0.25</Data></Cell>
			<Cell><Data ss:Type="Number">-9.41</Data></Cell>
			<Cell><Data ss:Type="Number">-0.07</Data></Cell>
			<Cell><Data ss:Type="Number">-0.94</Data></Cell>
			<Cell><Data ss:Type="Number">22.9</Data></Cell>
			<Cell><Data ss:Type="Number">39.1</Data></Cell>
			<Cell><Data ss:Type="Number">0</Data></Cell>
			<Cell><Data ss:Type="Number">0</Data></Cell>
			<Cell><Data ss:Type="String">2023-12-07 16:49:29.402802</Data></Cell>
		</Row>
		<Row>
			<Cell><Data ss:Type="String">361</Data></Cell>
			<Cell><Data ss:Type="Number">0.36</Data></Cell>
			<Cell><Data ss:Type="Number">-10.01</Data></Cell>
			<Cell><Data ss:Type="Number">0.14</Data></Cell>
			<Cell><Data ss:Type="Number">-9.45</Data></Cell>
			<Cell><Data ss:Type="Number">-0.06</Data></Cell>
			<Cell><Data ss:Type="Number">-0.93</Data></Cell>
			<Cell><Data ss:Type="Number">22.9</Data></Cell>
			<Cell><Data ss:Type="Number">39.1</Data></Cell>
			<Cell><Data ss:Type="Number">0</Data></Cell>
			<Cell><Data ss:Type="Number">0</Data></Cell>
			<Cell><Data ss:Type="String">2023-12-07 16:49:29.400693</Data></Cell>
		</Row>
		<Row>
			<Cell><Data ss:Type="String">360</Data></Cell>
			<Cell><Data ss:Type="Number">0.41</Data></Cell>
			<Cell><Data ss:Type="Number">-10.03</Data></Cell>
			<Cell><Data ss:Type="Number">0.23</Data></Cell>
			<Cell><Data ss:Type="Number">-9.44</Data></Cell>
			<Cell><Data ss:Type="Number">-0.09</Data></Cell>
			<Cell><Data ss:Type="Number">-0.92</Data></Cell>
			<Cell><Data ss:Type="Number">22.9</Data></Cell>
			<Cell><Data ss:Type="Number">39.1</Data></Cell>
			<Cell><Data ss:Type="Number">0</Data></Cell>
			<Cell><Data ss:Type="Number">0</Data></Cell>
			<Cell><Data ss:Type="String">2023-12-07 16:49:29.398939</Data></Cell>
		</Row>
		<Row>
			<Cell><Data ss:Type="String">359</Data></Cell>
			<Cell><Data ss:Type="Number">0.29</Data></Cell>
			<Cell><Data ss:Type="Number">-9.96</Data></Cell>
			<Cell><Data ss:Type="Number">0.14</Data></Cell>
			<Cell><Data ss:Type="Number">-9.44</Data></Cell>
			<Cell><Data ss:Type="Number">-0.09</Data></Cell>
			<Cell><Data ss:Type="Number">-0.93</Data></Cell>
			<Cell><Data ss:Type="Number">22.9</Data></Cell>
			<Cell><Data ss:Type="Number">39.2</Data></Cell>
			<Cell><Data ss:Type="Number">0</Data></Cell>
			<Cell><Data ss:Type="Number">0</Data></Cell>
			<Cell><Data ss:Type="String">2023-12-07 16:49:29.397214</Data></Cell>
		</Row>
		<Row>
			<Cell><Data ss:Type="String">358</Data></Cell>
			<Cell><Data ss:Type="Number">0.26</Data></Cell>
			<Cell><Data ss:Type="Number">-10.12</Data></Cell>
			<Cell><Data ss:Type="Number">0.14</Data></Cell>
			<Cell><Data ss:Type="Number">-9.5</Data></Cell>
			<Cell><Data ss:Type="Number">-0.07</Data></Cell>
			<Cell><Data ss:Type="Number">-0.88</Data></Cell>
			<Cell><Data ss:Type="Number">22.9</Data></Cell>
			<Cell><Data ss:Type="Number">39.2</Data></Cell>
			<Cell><Data ss:Type="Number">0</Data></Cell>
			<Cell><Data ss:Type="Number">0</Data></Cell>
			<Cell><Data ss:Type="String">2023-12-07 16:49:29.395145</Data></Cell>
		</Row>
		<Row>
			<Cell><Data ss:Type="String">357</Data></Cell>
			<Cell><Data ss:Type="Number">0.3</Data></Cell>
			<Cell><Data ss:Type="Number">-10.19</Data></Cell>
			<Cell><Data ss:Type="Number">0.23</Data></Cell>
			<Cell><Data ss:Type="Number">-9.53</Data></Cell>
			<Cell><Data ss:Type="Number">-0.1</Data></Cell>
			<Cell><Data ss:Type="Number">-0.91</Data></Cell>
			<Cell><Data ss:Type="Number">22.9</Data></Cell>
			<Cell><Data ss:Type="Number">39.2</Data></Cell>
			<Cell><Data ss:Type="Number">0</Data></Cell>
			<Cell><Data ss:Type="Number">0</Data></Cell>
			<Cell><Data ss:Type="String">2023-12-07 16:49:29.392745</Data></Cell>
		</Row>
		<Row>
			<Cell><Data ss:Type="String">356</Data></Cell>
			<Cell><Data ss:Type="Number">0.33</Data></Cell>
			<Cell><Data ss:Type="Number">-10.17</Data></Cell>
			<Cell><Data ss:Type="Number">0.19</Data></Cell>
			<Cell><Data ss:Type="Number">-9.5</Data></Cell>
			<Cell><Data ss:Type="Number">-0.06</Data></Cell>
			<Cell><Data ss:Type="Number">-0.93</Data></Cell>
			<Cell><Data ss:Type="Number">22.9</Data></Cell>
			<Cell><Data ss:Type="Number">39.2</Data></Cell>
			<Cell><Data ss:Type="Number">0</Data></Cell>
			<Cell><Data ss:Type="Number">0</Data></Cell>
			<Cell><Data ss:Type="String">2023-12-07 16:49:29.166524</Data></Cell>
		</Row>
		<Row>
			<Cell><Data ss:Type="String">355</Data></Cell>
			<Cell><Data ss:Type="Number">0.27</Data></Cell>
			<Cell><Data ss:Type="Number">-10.26</Data></Cell>
			<Cell><Data ss:Type="Number">0.02</Data></Cell>
			<Cell><Data ss:Type="Number">-9.48</Data></Cell>
			<Cell><Data ss:Type="Number">-0.09</Data></Cell>
			<Cell><Data ss:Type="Number">-0.91</Data></Cell>
			<Cell><Data ss:Type="Number">22.9</Data></Cell>
			<Cell><Data ss:Type="Number">39.2</Data></Cell>
			<Cell><Data ss:Type="Number">0</Data></Cell>
			<Cell><Data ss:Type="Number">0</Data></Cell>
			<Cell><Data ss:Type="String">2023-12-07 16:49:29.164728</Data></Cell>
		</Row>
		<Row>
			<Cell><Data ss:Type="String">354</Data></Cell>
			<Cell><Data ss:Type="Number">0.28</Data></Cell>
			<Cell><Data ss:Type="Number">-9.95</Data></Cell>
			<Cell><Data ss:Type="Number">0.13</Data></Cell>
			<Cell><Data ss:Type="Number">-9.42</Data></Cell>
			<Cell><Data ss:Type="Number">-0.06</Data></Cell>
			<Cell><Data ss:Type="Number">-0.92</Data></Cell>
			<Cell><Data ss:Type="Number">22.9</Data></Cell>
			<Cell><Data ss:Type="Number">39.2</Data></Cell>
			<Cell><Data ss:Type="Number">0</Data></Cell>
			<Cell><Data ss:Type="Number">0</Data></Cell>
			<Cell><Data ss:Type="String">2023-12-07 16:49:29.162650</Data></Cell>
		</Row>
		<Row>
			<Cell><Data ss:Type="String">353</Data></Cell>
			<Cell><Data ss:Type="Number">0.27</Data></Cell>
			<Cell><Data ss:Type="Number">-9.94</Data></Cell>
			<Cell><Data ss:Type="Number">0.12</Data></Cell>
			<Cell><Data ss:Type="Number">-9.45</Data></Cell>
			<Cell><Data ss:Type="Number">-0.08</Data></Cell>
			<Cell><Data ss:Type="Number">-0.92</Data></Cell>
			<Cell><Data ss:Type="Number">22.9</Data></Cell>
			<Cell><Data ss:Type="Number">39.2</Data></Cell>
			<Cell><Data ss:Type="Number">0</Data></Cell>
			<Cell><Data ss:Type="Number">0</Data></Cell>
			<Cell><Data ss:Type="String">2023-12-07 16:49:29.160815</Data></Cell>
		</Row>
		<Row>
			<Cell><Data ss:Type="String">352</Data></Cell>
			<Cell><Data ss:Type="Number">0.25</Data></Cell>
			<Cell><Data ss:Type="Number">-10.02</Data></Cell>
			<Cell><Data ss:Type="Number">0.18</Data></Cell>
			<Cell><Data ss:Type="Number">-9.47</Data></Cell>
			<Cell><Data ss:Type="Number">-0.06</Data></Cell>
			<Cell><Data ss:Type="Number">-0.89</Data></Cell>
			<Cell><Data ss:Type="Number">22.9</Data></Cell>
			<Cell><Data ss:Type="Number">39.2</Data></Cell>
			<Cell><Data ss:Type="Number">0</Data></Cell>
			<Cell><Data ss:Type="Number">0</Data></Cell>
			<Cell><Data ss:Type="String">2023-12-07 16:49:29.159013</Data></Cell>
		</Row>
		<Row>
			<Cell><Data ss:Type="String">351</Data></Cell>
			<Cell><Data ss:Type="Number">0.27</Data></Cell>
			<Cell><Data ss:Type="Number">-10.16</Data></Cell>
			<Cell><Data ss:Type="Number">0.14</Data></Cell>
			<Cell><Data ss:Type="Number">-9.52</Data></Cell>
			<Cell><Data ss:Type="Number">-0.07</Data></Cell>
			<Cell><Data ss:Type="Number">-0.89</Data></Cell>
			<Cell><Data ss:Type="Number">22.9</Data></Cell>
			<Cell><Data ss:Type="Number">39.2</Data></Cell>
			<Cell><Data ss:Type="Number">0</Data></Cell>
			<Cell><Data ss:Type="Number">0</Data></Cell>
			<Cell><Data ss:Type="String">2023-12-07 16:49:29.156728</Data></Cell>
		</Row>
		<Row>
			<Cell><Data ss:Type="String">350</Data></Cell>
			<Cell><Data ss:Type="Number">0.36</Data></Cell>
			<Cell><Data ss:Type="Number">-10.22</Data></Cell>
			<Cell><Data ss:Type="Number">0.43</Data></Cell>
			<Cell><Data ss:Type="Number">-9.55</Data></Cell>
			<Cell><Data ss:Type="Number">-0.06</Data></Cell>
			<Cell><Data ss:Type="Number">-0.92</Data></Cell>
			<Cell><Data ss:Type="Number">22.9</Data></Cell>
			<Cell><Data ss:Type="Number">39.2</Data></Cell>
			<Cell><Data ss:Type="Number">0</Data></Cell>
			<Cell><Data ss:Type="Number">0</Data></Cell>
			<Cell><Data ss:Type="String">2023-12-07 16:49:29.154243</Data></Cell>
		</Row>
		<Row>
			<Cell><Data ss:Type="String">349</Data></Cell>
			<Cell><Data ss:Type="Number">0.29</Data></Cell>
			<Cell><Data ss:Type="Number">-10.07</Data></Cell>
			<Cell><Data ss:Type="Number">0.04</Data></Cell>
			<Cell><Data ss:Type="Number">-9.42</Data></Cell>
			<Cell><Data ss:Type="Number">-0.07</Data></Cell>
			<Cell><Data ss:Type="Number">-0.9</Data></Cell>
			<Cell><Data ss:Type="Number">22.9</Data></Cell>
			<Cell><Data ss:Type="Number">39.2</Data></Cell>
			<Cell><Data ss:Type="Number">0</Data></Cell>
			<Cell><Data ss:Type="Number">0</Data></Cell>
			<Cell><Data ss:Type="String">2023-12-07 16:49:28.924397</Data></Cell>
		</Row>
		<Row>
			<Cell><Data ss:Type="String">348</Data></Cell>
			<Cell><Data ss:Type="Number">0.27</Data></Cell>
			<Cell><Data ss:Type="Number">-9.92</Data></Cell>
			<Cell><Data ss:Type="Number">0.16</Data></Cell>
			<Cell><Data ss:Type="Number">-9.42</Data></Cell>
			<Cell><Data ss:Type="Number">-0.07</Data></Cell>
			<Cell><Data ss:Type="Number">-0.92</Data></Cell>
			<Cell><Data ss:Type="Number">22.9</Data></Cell>
			<Cell><Data ss:Type="Number">39.2</Data></Cell>
			<Cell><Data ss:Type="Number">0</Data></Cell>
			<Cell><Data ss:Type="Number">0</Data></Cell>
			<Cell><Data ss:Type="String">2023-12-07 16:49:28.881330</Data></Cell>
		</Row>
		<Row>
			<Cell><Data ss:Type="String">347</Data></Cell>
			<Cell><Data ss:Type="Number">0.31</Data></Cell>
			<Cell><Data ss:Type="Number">-10.06</Data></Cell>
			<Cell><Data ss:Type="Number">0.16</Data></Cell>
			<Cell><Data ss:Type="Number">-9.49</Data></Cell>
			<Cell><Data ss:Type="Number">-0.08</Data></Cell>
			<Cell><Data ss:Type="Number">-0.92</Data></Cell>
			<Cell><Data ss:Type="Number">22.9</Data></Cell>
			<Cell><Data ss:Type="Number">39.2</Data></Cell>
			<Cell><Data ss:Type="Number">0</Data></Cell>
			<Cell><Data ss:Type="Number">0</Data></Cell>
			<Cell><Data ss:Type="String">2023-12-07 16:49:28.879454</Data></Cell>
		</Row>
		<Row>
			<Cell><Data ss:Type="String">346</Data></Cell>
			<Cell><Data ss:Type="Number">0.25</Data></Cell>
			<Cell><Data ss:Type="Number">-10.19</Data></Cell>
			<Cell><Data ss:Type="Number">0.17</Data></Cell>
			<Cell><Data ss:Type="Number">-9.54</Data></Cell>
			<Cell><Data ss:Type="Number">-0.07</Data></Cell>
			<Cell><Data ss:Type="Number">-0.9</Data></Cell>
			<Cell><Data ss:Type="Number">22.9</Data></Cell>
			<Cell><Data ss:Type="Number">39.2</Data></Cell>
			<Cell><Data ss:Type="Number">0</Data></Cell>
			<Cell><Data ss:Type="Number">0</Data></Cell>
			<Cell><Data ss:Type="String">2023-12-07 16:49:28.832976</Data></Cell>
		</Row>
		<Row>
			<Cell><Data ss:Type="String">345</Data></Cell>
			<Cell><Data ss:Type="Number">0.28</Data></Cell>
			<Cell><Data ss:Type="Number">-10.16</Data></Cell>
			<Cell><Data ss:Type="Number">0.15</Data></Cell>
			<Cell><Data ss:Type="Number">-9.52</Data></Cell>
			<Cell><Data ss:Type="Number">-0.1</Data></Cell>
			<Cell><Data ss:Type="Number">-0.92</Data></Cell>
			<Cell><Data ss:Type="Number">22.9</Data></Cell>
			<Cell><Data ss:Type="Number">39.2</Data></Cell>
			<Cell><Data ss:Type="Number">0</Data></Cell>
			<Cell><Data ss:Type="Number">0</Data></Cell>
			<Cell><Data ss:Type="String">2023-12-07 16:49:28.789723</Data></Cell>
		</Row>
		<Row>
			<Cell><Data ss:Type="String">344</Data></Cell>
			<Cell><Data ss:Type="Number">0.26</Data></Cell>
			<Cell><Data ss:Type="Number">-9.96</Data></Cell>
			<Cell><Data ss:Type="Number">0.12</Data></Cell>
			<Cell><Data ss:Type="Number">-9.43</Data></Cell>
			<Cell><Data ss:Type="Number">-0.05</Data></Cell>
			<Cell><Data ss:Type="Number">-0.9</Data></Cell>
			<Cell><Data ss:Type="Number">22.9</Data></Cell>
			<Cell><Data ss:Type="Number">39.2</Data></Cell>
			<Cell><Data ss:Type="Number">0</Data></Cell>
			<Cell><Data ss:Type="Number">0</Data></Cell>
			<Cell><Data ss:Type="String">2023-12-07 16:49:28.744423</Data></Cell>
		</Row>
		<Row>
			<Cell><Data ss:Type="String">343</Data></Cell>
			<Cell><Data ss:Type="Number">0.28</Data></Cell>
			<Cell><Data ss:Type="Number">-9.93</Data></Cell>
			<Cell><Data ss:Type="Number">0.1</Data></Cell>
			<Cell><Data ss:Type="Number">-9.48</Data></Cell>
			<Cell><Data ss:Type="Number">-0.08</Data></Cell>
			<Cell><Data ss:Type="Number">-0.95</Data></Cell>
			<Cell><Data ss:Type="Number">22.9</Data></Cell>
			<Cell><Data ss:Type="Number">39.2</Data></Cell>
			<Cell><Data ss:Type="Number">0</Data></Cell>
			<Cell><Data ss:Type="Number">0</Data></Cell>
			<Cell><Data ss:Type="String">2023-12-07 16:49:28.742704</Data></Cell>
		</Row>
		<Row>
			<Cell><Data ss:Type="String">342</Data></Cell>
			<Cell><Data ss:Type="Number">0.25</Data></Cell>
			<Cell><Data ss:Type="Number">-10.12</Data></Cell>
			<Cell><Data ss:Type="Number">0.23</Data></Cell>
			<Cell><Data ss:Type="Number">-9.5</Data></Cell>
			<Cell><Data ss:Type="Number">-0.05</Data></Cell>
			<Cell><Data ss:Type="Number">-0.85</Data></Cell>
			<Cell><Data ss:Type="Number">22.9</Data></Cell>
			<Cell><Data ss:Type="Number">39.2</Data></Cell>
			<Cell><Data ss:Type="Number">0</Data></Cell>
			<Cell><Data ss:Type="Number">0</Data></Cell>
			<Cell><Data ss:Type="String">2023-12-07 16:49:28.696534</Data></Cell>
		</Row>
		<Row>
			<Cell><Data ss:Type="String">341</Data></Cell>
			<Cell><Data ss:Type="Number">0.3</Data></Cell>
			<Cell><Data ss:Type="Number">-10.2</Data></Cell>
			<Cell><Data ss:Type="Number">0.13</Data></Cell>
			<Cell><Data ss:Type="Number">-9.55</Data></Cell>
			<Cell><Data ss:Type="Number">-0.07</Data></Cell>
			<Cell><Data ss:Type="Number">-0.96</Data></Cell>
			<Cell><Data ss:Type="Number">22.9</Data></Cell>
			<Cell><Data ss:Type="Number">39.2</Data></Cell>
			<Cell><Data ss:Type="Number">0</Data></Cell>
			<Cell><Data ss:Type="Number">0</Data></Cell>
			<Cell><Data ss:Type="String">2023-12-07 16:49:28.652280</Data></Cell>
		</Row>
		<Row>
			<Cell><Data ss:Type="String">340</Data></Cell>
			<Cell><Data ss:Type="Number">0.37</Data></Cell>
			<Cell><Data ss:Type="Number">-10.17</Data></Cell>
			<Cell><Data ss:Type="Number">0.3</Data></Cell>
			<Cell><Data ss:Type="Number">-9.46</Data></Cell>
			<Cell><Data ss:Type="Number">-0.1</Data></Cell>
			<Cell><Data ss:Type="Number">-0.83</Data></Cell>
			<Cell><Data ss:Type="Number">22.9</Data></Cell>
			<Cell><Data ss:Type="Number">39.2</Data></Cell>
			<Cell><Data ss:Type="Number">0</Data></Cell>
			<Cell><Data ss:Type="Number">0</Data></Cell>
			<Cell><Data ss:Type="String">2023-12-07 16:49:28.650046</Data></Cell>
		</Row>
		<Row>
			<Cell><Data ss:Type="String">339</Data></Cell>
			<Cell><Data ss:Type="Number">0.26</Data></Cell>
			<Cell><Data ss:Type="Number">-10.11</Data></Cell>
			<Cell><Data ss:Type="Number">0.09</Data></Cell>
			<Cell><Data ss:Type="Number">-9.46</Data></Cell>
			<Cell><Data ss:Type="Number">-0.15</Data></Cell>
			<Cell><Data ss:Type="Number">-0.92</Data></Cell>
			<Cell><Data ss:Type="Number">22.9</Data></Cell>
			<Cell><Data ss:Type="Number">39.2</Data></Cell>
			<Cell><Data ss:Type="Number">0</Data></Cell>
			<Cell><Data ss:Type="Number">0</Data></Cell>
			<Cell><Data ss:Type="String">2023-12-07 16:49:28.647807</Data></Cell>
		</Row>
		<Row>
			<Cell><Data ss:Type="String">338</Data></Cell>
			<Cell><Data ss:Type="Number">0.01</Data></Cell>
			<Cell><Data ss:Type="Number">-10.04</Data></Cell>
			<Cell><Data ss:Type="Number">-0.01</Data></Cell>
			<Cell><Data ss:Type="Number">-9.46</Data></Cell>
			<Cell><Data ss:Type="Number">0.12</Data></Cell>
			<Cell><Data ss:Type="Number">-0.95</Data></Cell>
			<Cell><Data ss:Type="Number">22.9</Data></Cell>
			<Cell><Data ss:Type="Number">39.2</Data></Cell>
			<Cell><Data ss:Type="Number">0</Data></Cell>
			<Cell><Data ss:Type="Number">0</Data></Cell>
			<Cell><Data ss:Type="String">2023-12-07 16:49:28.645785</Data></Cell>
		</Row>
		<Row>
			<Cell><Data ss:Type="String">337</Data></Cell>
			<Cell><Data ss:Type="Number">0.63</Data></Cell>
			<Cell><Data ss:Type="Number">-9.92</Data></Cell>
			<Cell><Data ss:Type="Number">0.22</Data></Cell>
			<Cell><Data ss:Type="Number">-9.43</Data></Cell>
			<Cell><Data ss:Type="Number">-0.1</Data></Cell>
			<Cell><Data ss:Type="Number">-0.87</Data></Cell>
			<Cell><Data ss:Type="Number">22.9</Data></Cell>
			<Cell><Data ss:Type="Number">39.2</Data></Cell>
			<Cell><Data ss:Type="Number">0</Data></Cell>
			<Cell><Data ss:Type="Number">0</Data></Cell>
			<Cell><Data ss:Type="String">2023-12-07 16:49:28.643875</Data></Cell>
		</Row>
		<Row>
			<Cell><Data ss:Type="String">336</Data></Cell>
			<Cell><Data ss:Type="Number">0.78</Data></Cell>
			<Cell><Data ss:Type="Number">-10.14</Data></Cell>
			<Cell><Data ss:Type="Number">0.45</Data></Cell>
			<Cell><Data ss:Type="Number">-9.55</Data></Cell>
			<Cell><Data ss:Type="Number">-0.29</Data></Cell>
			<Cell><Data ss:Type="Number">-0.92</Data></Cell>
			<Cell><Data ss:Type="Number">22.9</Data></Cell>
			<Cell><Data ss:Type="Number">39.2</Data></Cell>
			<Cell><Data ss:Type="Number">0</Data></Cell>
			<Cell><Data ss:Type="Number">0</Data></Cell>
			<Cell><Data ss:Type="String">2023-12-07 16:49:28.641872</Data></Cell>
		</Row>
		<Row>
			<Cell><Data ss:Type="String">335</Data></Cell>
			<Cell><Data ss:Type="Number">0.13</Data></Cell>
			<Cell><Data ss:Type="Number">-10.14</Data></Cell>
			<Cell><Data ss:Type="Number">0.36</Data></Cell>
			<Cell><Data ss:Type="Number">-9.5</Data></Cell>
			<Cell><Data ss:Type="Number">-0.44</Data></Cell>
			<Cell><Data ss:Type="Number">-0.79</Data></Cell>
			<Cell><Data ss:Type="Number">22.9</Data></Cell>
			<Cell><Data ss:Type="Number">39.2</Data></Cell>
			<Cell><Data ss:Type="Number">0</Data></Cell>
			<Cell><Data ss:Type="Number">0</Data></Cell>
			<Cell><Data ss:Type="String">2023-12-07 16:49:28.447062</Data></Cell>
		</Row>
		<Row>
			<Cell><Data ss:Type="String">334</Data></Cell>
			<Cell><Data ss:Type="Number">-1.06</Data></Cell>
			<Cell><Data ss:Type="Number">-10.28</Data></Cell>
			<Cell><Data ss:Type="Number">-0.59</Data></Cell>
			<Cell><Data ss:Type="Number">-9.5</Data></Cell>
			<Cell><Data ss:Type="Number">0.45</Data></Cell>
			<Cell><Data ss:Type="Number">-0.97</Data></Cell>
			<Cell><Data ss:Type="Number">22.9</Data></Cell>
			<Cell><Data ss:Type="Number">39.2</Data></Cell>
			<Cell><Data ss:Type="Number">0</Data></Cell>
			<Cell><Data ss:Type="Number">0</Data></Cell>
			<Cell><Data ss:Type="String">2023-12-07 16:49:28.442817</Data></Cell>
		</Row>
		<Row>
			<Cell><Data ss:Type="String">333</Data></Cell>
			<Cell><Data ss:Type="Number">-0.2</Data></Cell>
			<Cell><Data ss:Type="Number">-9.73</Data></Cell>
			<Cell><Data ss:Type="Number">-0.56</Data></Cell>
			<Cell><Data ss:Type="Number">-9.42</Data></Cell>
			<Cell><Data ss:Type="Number">0.79</Data></Cell>
			<Cell><Data ss:Type="Number">-1.13</Data></Cell>
			<Cell><Data ss:Type="Number">22.9</Data></Cell>
			<Cell><Data ss:Type="Number">39.2</Data></Cell>
			<Cell><Data ss:Type="Number">0</Data></Cell>
			<Cell><Data ss:Type="Number">0</Data></Cell>
			<Cell><Data ss:Type="String">2023-12-07 16:49:28.391012</Data></Cell>
		</Row>
		<Row>
			<Cell><Data ss:Type="String">332</Data></Cell>
			<Cell><Data ss:Type="Number">4.24</Data></Cell>
			<Cell><Data ss:Type="Number">-8.6</Data></Cell>
			<Cell><Data ss:Type="Number">1.3</Data></Cell>
			<Cell><Data ss:Type="Number">-8.91</Data></Cell>
			<Cell><Data ss:Type="Number">-0.94</Data></Cell>
			<Cell><Data ss:Type="Number">-0.84</Data></Cell>
			<Cell><Data ss:Type="Number">22.9</Data></Cell>
			<Cell><Data ss:Type="Number">39.2</Data></Cell>
			<Cell><Data ss:Type="Number">0</Data></Cell>
			<Cell><Data ss:Type="Number">0</Data></Cell>
			<Cell><Data ss:Type="String">2023-12-07 16:49:28.388860</Data></Cell>
		</Row>
		<Row>
			<Cell><Data ss:Type="String">331</Data></Cell>
			<Cell><Data ss:Type="Number">0.2</Data></Cell>
			<Cell><Data ss:Type="Number">-9.92</Data></Cell>
			<Cell><Data ss:Type="Number">0.37</Data></Cell>
			<Cell><Data ss:Type="Number">-9.44</Data></Cell>
			<Cell><Data ss:Type="Number">-0.08</Data></Cell>
			<Cell><Data ss:Type="Number">-0.89</Data></Cell>
			<Cell><Data ss:Type="Number">22.9</Data></Cell>
			<Cell><Data ss:Type="Number">39.2</Data></Cell>
			<Cell><Data ss:Type="Number">0</Data></Cell>
			<Cell><Data ss:Type="Number">0</Data></Cell>
			<Cell><Data ss:Type="String">2023-12-07 16:49:28.333336</Data></Cell>
		</Row>
		<Row>
			<Cell><Data ss:Type="String">330</Data></Cell>
			<Cell><Data ss:Type="Number">0.76</Data></Cell>
			<Cell><Data ss:Type="Number">-10.64</Data></Cell>
			<Cell><Data ss:Type="Number">0.45</Data></Cell>
			<Cell><Data ss:Type="Number">-9.47</Data></Cell>
			<Cell><Data ss:Type="Number">-0.1</Data></Cell>
			<Cell><Data ss:Type="Number">-0.86</Data></Cell>
			<Cell><Data ss:Type="Number">22.9</Data></Cell>
			<Cell><Data ss:Type="Number">39.2</Data></Cell>
			<Cell><Data ss:Type="Number">0</Data></Cell>
			<Cell><Data ss:Type="Number">0</Data></Cell>
			<Cell><Data ss:Type="String">2023-12-07 16:49:28.280459</Data></Cell>
		</Row>
		<Row>
			<Cell><Data ss:Type="String">329</Data></Cell>
			<Cell><Data ss:Type="Number">0.62</Data></Cell>
			<Cell><Data ss:Type="Number">-10.14</Data></Cell>
			<Cell><Data ss:Type="Number">0.25</Data></Cell>
			<Cell><Data ss:Type="Number">-9.52</Data></Cell>
			<Cell><Data ss:Type="Number">-0.07</Data></Cell>
			<Cell><Data ss:Type="Number">-0.87</Data></Cell>
			<Cell><Data ss:Type="Number">22.9</Data></Cell>
			<Cell><Data ss:Type="Number">39.2</Data></Cell>
			<Cell><Data ss:Type="Number">0</Data></Cell>
			<Cell><Data ss:Type="Number">0</Data></Cell>
			<Cell><Data ss:Type="String">2023-12-07 16:49:28.275478</Data></Cell>
		</Row>
		<Row>
			<Cell><Data ss:Type="String">328</Data></Cell>
			<Cell><Data ss:Type="Number">0.14</Data></Cell>
			<Cell><Data ss:Type="Number">-10.19</Data></Cell>
			<Cell><Data ss:Type="Number">-0.01</Data></Cell>
			<Cell><Data ss:Type="Number">-9.45</Data></Cell>
			<Cell><Data ss:Type="Number">-0.09</Data></Cell>
			<Cell><Data ss:Type="Number">-0.91</Data></Cell>
			<Cell><Data ss:Type="Number">22.9</Data></Cell>
			<Cell><Data ss:Type="Number">39.2</Data></Cell>
			<Cell><Data ss:Type="Number">0</Data></Cell>
			<Cell><Data ss:Type="Number">0</Data></Cell>
			<Cell><Data ss:Type="String">2023-12-07 16:49:28.273038</Data></Cell>
		</Row>
		<Row>
			<Cell><Data ss:Type="String">327</Data></Cell>
			<Cell><Data ss:Type="Number">0.96</Data></Cell>
			<Cell><Data ss:Type="Number">-10.67</Data></Cell>
			<Cell><Data ss:Type="Number">0.41</Data></Cell>
			<Cell><Data ss:Type="Number">-9.45</Data></Cell>
			<Cell><Data ss:Type="Number">-0.06</Data></Cell>
			<Cell><Data ss:Type="Number">-0.9</Data></Cell>
			<Cell><Data ss:Type="Number">22.9</Data></Cell>
			<Cell><Data ss:Type="Number">39.2</Data></Cell>
			<Cell><Data ss:Type="Number">0</Data></Cell>
			<Cell><Data ss:Type="Number">0</Data></Cell>
			<Cell><Data ss:Type="String">2023-12-07 16:49:28.270862</Data></Cell>
		</Row>
		<Row>
			<Cell><Data ss:Type="String">326</Data></Cell>
			<Cell><Data ss:Type="Number">1.01</Data></Cell>
			<Cell><Data ss:Type="Number">-9.67</Data></Cell>
			<Cell><Data ss:Type="Number">0.2</Data></Cell>
			<Cell><Data ss:Type="Number">-9.36</Data></Cell>
			<Cell><Data ss:Type="Number">-0.1</Data></Cell>
			<Cell><Data ss:Type="Number">-0.93</Data></Cell>
			<Cell><Data ss:Type="Number">22.9</Data></Cell>
			<Cell><Data ss:Type="Number">39.2</Data></Cell>
			<Cell><Data ss:Type="Number">0</Data></Cell>
			<Cell><Data ss:Type="Number">0</Data></Cell>
			<Cell><Data ss:Type="String">2023-12-07 16:49:28.268614</Data></Cell>
		</Row>
		<Row>
			<Cell><Data ss:Type="String">325</Data></Cell>
			<Cell><Data ss:Type="Number">0.15</Data></Cell>
			<Cell><Data ss:Type="Number">-10.11</Data></Cell>
			<Cell><Data ss:Type="Number">0.35</Data></Cell>
			<Cell><Data ss:Type="Number">-9.51</Data></Cell>
			<Cell><Data ss:Type="Number">-0.07</Data></Cell>
			<Cell><Data ss:Type="Number">-0.97</Data></Cell>
			<Cell><Data ss:Type="Number">22.9</Data></Cell>
			<Cell><Data ss:Type="Number">39.2</Data></Cell>
			<Cell><Data ss:Type="Number">0</Data></Cell>
			<Cell><Data ss:Type="Number">0</Data></Cell>
			<Cell><Data ss:Type="String">2023-12-07 16:49:28.266483</Data></Cell>
		</Row>
		<Row>
			<Cell><Data ss:Type="String">324</Data></Cell>
			<Cell><Data ss:Type="Number">0.27</Data></Cell>
			<Cell><Data ss:Type="Number">-10.16</Data></Cell>
			<Cell><Data ss:Type="Number">-0.04</Data></Cell>
			<Cell><Data ss:Type="Number">-9.56</Data></Cell>
			<Cell><Data ss:Type="Number">0.04</Data></Cell>
			<Cell><Data ss:Type="Number">-0.95</Data></Cell>
			<Cell><Data ss:Type="Number">22.9</Data></Cell>
			<Cell><Data ss:Type="Number">39.2</Data></Cell>
			<Cell><Data ss:Type="Number">0</Data></Cell>
			<Cell><Data ss:Type="Number">0</Data></Cell>
			<Cell><Data ss:Type="String">2023-12-07 16:49:28.264408</Data></Cell>
		</Row>
		<Row>
			<Cell><Data ss:Type="String">323</Data></Cell>
			<Cell><Data ss:Type="Number">0.25</Data></Cell>
			<Cell><Data ss:Type="Number">-10.4</Data></Cell>
			<Cell><Data ss:Type="Number">-0.16</Data></Cell>
			<Cell><Data ss:Type="Number">-9.5</Data></Cell>
			<Cell><Data ss:Type="Number">-0.05</Data></Cell>
			<Cell><Data ss:Type="Number">-0.89</Data></Cell>
			<Cell><Data ss:Type="Number">22.9</Data></Cell>
			<Cell><Data ss:Type="Number">39.2</Data></Cell>
			<Cell><Data ss:Type="Number">0</Data></Cell>
			<Cell><Data ss:Type="Number">0</Data></Cell>
			<Cell><Data ss:Type="String">2023-12-07 16:49:28.259680</Data></Cell>
		</Row>
		<Row>
			<Cell><Data ss:Type="String">322</Data></Cell>
			<Cell><Data ss:Type="Number">-0.14</Data></Cell>
			<Cell><Data ss:Type="Number">-9.16</Data></Cell>
			<Cell><Data ss:Type="Number">-0.02</Data></Cell>
			<Cell><Data ss:Type="Number">-9.35</Data></Cell>
			<Cell><Data ss:Type="Number">-0.04</Data></Cell>
			<Cell><Data ss:Type="Number">-0.95</Data></Cell>
			<Cell><Data ss:Type="Number">22.9</Data></Cell>
			<Cell><Data ss:Type="Number">39.2</Data></Cell>
			<Cell><Data ss:Type="Number">0</Data></Cell>
			<Cell><Data ss:Type="Number">0</Data></Cell>
			<Cell><Data ss:Type="String">2023-12-07 16:49:28.031971</Data></Cell>
		</Row>
		<Row>
			<Cell><Data ss:Type="String">321</Data></Cell>
			<Cell><Data ss:Type="Number">0.13</Data></Cell>
			<Cell><Data ss:Type="Number">-10.23</Data></Cell>
			<Cell><Data ss:Type="Number">0.37</Data></Cell>
			<Cell><Data ss:Type="Number">-9.49</Data></Cell>
			<Cell><Data ss:Type="Number">-0.09</Data></Cell>
			<Cell><Data ss:Type="Number">-0.89</Data></Cell>
			<Cell><Data ss:Type="Number">22.9</Data></Cell>
			<Cell><Data ss:Type="Number">39.2</Data></Cell>
			<Cell><Data ss:Type="Number">0</Data></Cell>
			<Cell><Data ss:Type="Number">0</Data></Cell>
			<Cell><Data ss:Type="String">2023-12-07 16:49:28.030039</Data></Cell>
		</Row>
		<Row>
			<Cell><Data ss:Type="String">320</Data></Cell>
			<Cell><Data ss:Type="Number">0.27</Data></Cell>
			<Cell><Data ss:Type="Number">-9.79</Data></Cell>
			<Cell><Data ss:Type="Number">0.27</Data></Cell>
			<Cell><Data ss:Type="Number">-9.49</Data></Cell>
			<Cell><Data ss:Type="Number">-0.08</Data></Cell>
			<Cell><Data ss:Type="Number">-0.89</Data></Cell>
			<Cell><Data ss:Type="Number">22.9</Data></Cell>
			<Cell><Data ss:Type="Number">39.2</Data></Cell>
			<Cell><Data ss:Type="Number">0</Data></Cell>
			<Cell><Data ss:Type="Number">0</Data></Cell>
			<Cell><Data ss:Type="String">2023-12-07 16:49:28.028023</Data></Cell>
		</Row>
		<Row>
			<Cell><Data ss:Type="String">319</Data></Cell>
			<Cell><Data ss:Type="Number">0.71</Data></Cell>
			<Cell><Data ss:Type="Number">-10.26</Data></Cell>
			<Cell><Data ss:Type="Number">0.31</Data></Cell>
			<Cell><Data ss:Type="Number">-9.55</Data></Cell>
			<Cell><Data ss:Type="Number">-0.08</Data></Cell>
			<Cell><Data ss:Type="Number">-0.87</Data></Cell>
			<Cell><Data ss:Type="Number">22.9</Data></Cell>
			<Cell><Data ss:Type="Number">39.2</Data></Cell>
			<Cell><Data ss:Type="Number">0</Data></Cell>
			<Cell><Data ss:Type="Number">0</Data></Cell>
			<Cell><Data ss:Type="String">2023-12-07 16:49:27.905950</Data></Cell>
		</Row>
		<Row>
			<Cell><Data ss:Type="String">318</Data></Cell>
			<Cell><Data ss:Type="Number">-0.17</Data></Cell>
			<Cell><Data ss:Type="Number">-10.42</Data></Cell>
			<Cell><Data ss:Type="Number">-0.14</Data></Cell>
			<Cell><Data ss:Type="Number">-9.56</Data></Cell>
			<Cell><Data ss:Type="Number">-0.03</Data></Cell>
			<Cell><Data ss:Type="Number">-0.92</Data></Cell>
			<Cell><Data ss:Type="Number">22.9</Data></Cell>
			<Cell><Data ss:Type="Number">39.2</Data></Cell>
			<Cell><Data ss:Type="Number">0</Data></Cell>
			<Cell><Data ss:Type="Number">0</Data></Cell>
			<Cell><Data ss:Type="String">2023-12-07 16:49:27.903284</Data></Cell>
		</Row>
		<Row>
			<Cell><Data ss:Type="String">317</Data></Cell>
			<Cell><Data ss:Type="Number">0.29</Data></Cell>
			<Cell><Data ss:Type="Number">-10.56</Data></Cell>
			<Cell><Data ss:Type="Number">0.31</Data></Cell>
			<Cell><Data ss:Type="Number">-9.49</Data></Cell>
			<Cell><Data ss:Type="Number">-0.06</Data></Cell>
			<Cell><Data ss:Type="Number">-0.88</Data></Cell>
			<Cell><Data ss:Type="Number">22.9</Data></Cell>
			<Cell><Data ss:Type="Number">39.2</Data></Cell>
			<Cell><Data ss:Type="Number">0</Data></Cell>
			<Cell><Data ss:Type="Number">0</Data></Cell>
			<Cell><Data ss:Type="String">2023-12-07 16:49:27.900915</Data></Cell>
		</Row>
		<Row>
			<Cell><Data ss:Type="String">316</Data></Cell>
			<Cell><Data ss:Type="Number">0.55</Data></Cell>
			<Cell><Data ss:Type="Number">-9.68</Data></Cell>
			<Cell><Data ss:Type="Number">0.32</Data></Cell>
			<Cell><Data ss:Type="Number">-9.33</Data></Cell>
			<Cell><Data ss:Type="Number">-0.11</Data></Cell>
			<Cell><Data ss:Type="Number">-1.03</Data></Cell>
			<Cell><Data ss:Type="Number">22.9</Data></Cell>
			<Cell><Data ss:Type="Number">39.2</Data></Cell>
			<Cell><Data ss:Type="Number">0</Data></Cell>
			<Cell><Data ss:Type="Number">0</Data></Cell>
			<Cell><Data ss:Type="String">2023-12-07 16:49:27.899069</Data></Cell>
		</Row>
		<Row>
			<Cell><Data ss:Type="String">315</Data></Cell>
			<Cell><Data ss:Type="Number">0.45</Data></Cell>
			<Cell><Data ss:Type="Number">-9.96</Data></Cell>
			<Cell><Data ss:Type="Number">-0.15</Data></Cell>
			<Cell><Data ss:Type="Number">-9.4</Data></Cell>
			<Cell><Data ss:Type="Number">-0.08</Data></Cell>
			<Cell><Data ss:Type="Number">-0.92</Data></Cell>
			<Cell><Data ss:Type="Number">22.9</Data></Cell>
			<Cell><Data ss:Type="Number">39.2</Data></Cell>
			<Cell><Data ss:Type="Number">0</Data></Cell>
			<Cell><Data ss:Type="Number">0</Data></Cell>
			<Cell><Data ss:Type="String">2023-12-07 16:49:27.897257</Data></Cell>
		</Row>
		<Row>
			<Cell><Data ss:Type="String">314</Data></Cell>
			<Cell><Data ss:Type="Number">0.26</Data></Cell>
			<Cell><Data ss:Type="Number">-10.46</Data></Cell>
			<Cell><Data ss:Type="Number">-0.16</Data></Cell>
			<Cell><Data ss:Type="Number">-9.61</Data></Cell>
			<Cell><Data ss:Type="Number">-0.1</Data></Cell>
			<Cell><Data ss:Type="Number">-0.91</Data></Cell>
			<Cell><Data ss:Type="Number">22.9</Data></Cell>
			<Cell><Data ss:Type="Number">39.2</Data></Cell>
			<Cell><Data ss:Type="Number">0</Data></Cell>
			<Cell><Data ss:Type="Number">0</Data></Cell>
			<Cell><Data ss:Type="String">2023-12-07 16:49:27.698757</Data></Cell>
		</Row>
		<Row>
			<Cell><Data ss:Type="String">313</Data></Cell>
			<Cell><Data ss:Type="Number">0.16</Data></Cell>
			<Cell><Data ss:Type="Number">-10.47</Data></Cell>
			<Cell><Data ss:Type="Number">0.09</Data></Cell>
			<Cell><Data ss:Type="Number">-9.57</Data></Cell>
			<Cell><Data ss:Type="Number">-0.11</Data></Cell>
			<Cell><Data ss:Type="Number">-0.89</Data></Cell>
			<Cell><Data ss:Type="Number">22.9</Data></Cell>
			<Cell><Data ss:Type="Number">39.2</Data></Cell>
			<Cell><Data ss:Type="Number">0</Data></Cell>
			<Cell><Data ss:Type="Number">0</Data></Cell>
			<Cell><Data ss:Type="String">2023-12-07 16:49:27.697010</Data></Cell>
		</Row>
		<Row>
			<Cell><Data ss:Type="String">312</Data></Cell>
			<Cell><Data ss:Type="Number">0.25</Data></Cell>
			<Cell><Data ss:Type="Number">-10.42</Data></Cell>
			<Cell><Data ss:Type="Number">-0.02</Data></Cell>
			<Cell><Data ss:Type="Number">-9.3</Data></Cell>
			<Cell><Data ss:Type="Number">-0.11</Data></Cell>
			<Cell><Data ss:Type="Number">-0.91</Data></Cell>
			<Cell><Data ss:Type="Number">22.9</Data></Cell>
			<Cell><Data ss:Type="Number">39.2</Data></Cell>
			<Cell><Data ss:Type="Number">0</Data></Cell>
			<Cell><Data ss:Type="Number">0</Data></Cell>
			<Cell><Data ss:Type="String">2023-12-07 16:49:27.652101</Data></Cell>
		</Row>
		<Row>
			<Cell><Data ss:Type="String">311</Data></Cell>
			<Cell><Data ss:Type="Number">0.28</Data></Cell>
			<Cell><Data ss:Type="Number">-10.06</Data></Cell>
			<Cell><Data ss:Type="Number">-0.06</Data></Cell>
			<Cell><Data ss:Type="Number">-9.39</Data></Cell>
			<Cell><Data ss:Type="Number">-0.15</Data></Cell>
			<Cell><Data ss:Type="Number">-1.02</Data></Cell>
			<Cell><Data ss:Type="Number">22.9</Data></Cell>
			<Cell><Data ss:Type="Number">39.2</Data></Cell>
			<Cell><Data ss:Type="Number">0</Data></Cell>
			<Cell><Data ss:Type="Number">0</Data></Cell>
			<Cell><Data ss:Type="String">2023-12-07 16:49:27.606233</Data></Cell>
		</Row>
		<Row>
			<Cell><Data ss:Type="String">310</Data></Cell>
			<Cell><Data ss:Type="Number">0.55</Data></Cell>
			<Cell><Data ss:Type="Number">-9.97</Data></Cell>
			<Cell><Data ss:Type="Number">0.17</Data></Cell>
			<Cell><Data ss:Type="Number">-9.58</Data></Cell>
			<Cell><Data ss:Type="Number">-0.19</Data></Cell>
			<Cell><Data ss:Type="Number">-0.88</Data></Cell>
			<Cell><Data ss:Type="Number">22.9</Data></Cell>
			<Cell><Data ss:Type="Number">39.2</Data></Cell>
			<Cell><Data ss:Type="Number">0</Data></Cell>
			<Cell><Data ss:Type="Number">0</Data></Cell>
			<Cell><Data ss:Type="String">2023-12-07 16:49:27.562176</Data></Cell>
		</Row>
		<Row>
			<Cell><Data ss:Type="String">309</Data></Cell>
			<Cell><Data ss:Type="Number">0.31</Data></Cell>
			<Cell><Data ss:Type="Number">-10.04</Data></Cell>
			<Cell><Data ss:Type="Number">0.03</Data></Cell>
			<Cell><Data ss:Type="Number">-9.56</Data></Cell>
			<Cell><Data ss:Type="Number">-0.14</Data></Cell>
			<Cell><Data ss:Type="Number">-0.91</Data></Cell>
			<Cell><Data ss:Type="Number">22.9</Data></Cell>
			<Cell><Data ss:Type="Number">39.2</Data></Cell>
			<Cell><Data ss:Type="Number">0</Data></Cell>
			<Cell><Data ss:Type="Number">0</Data></Cell>
			<Cell><Data ss:Type="String">2023-12-07 16:49:27.560545</Data></Cell>
		</Row>
		<Row>
			<Cell><Data ss:Type="String">308</Data></Cell>
			<Cell><Data ss:Type="Number">0.58</Data></Cell>
			<Cell><Data ss:Type="Number">-9.73</Data></Cell>
			<Cell><Data ss:Type="Number">0.21</Data></Cell>
			<Cell><Data ss:Type="Number">-9.45</Data></Cell>
			<Cell><Data ss:Type="Number">-0.07</Data></Cell>
			<Cell><Data ss:Type="Number">-0.93</Data></Cell>
			<Cell><Data ss:Type="Number">22.9</Data></Cell>
			<Cell><Data ss:Type="Number">39.2</Data></Cell>
			<Cell><Data ss:Type="Number">0</Data></Cell>
			<Cell><Data ss:Type="Number">0</Data></Cell>
			<Cell><Data ss:Type="String">2023-12-07 16:49:27.515404</Data></Cell>
		</Row>
		<Row>
			<Cell><Data ss:Type="String">307</Data></Cell>
			<Cell><Data ss:Type="Number">-0.32</Data></Cell>
			<Cell><Data ss:Type="Number">-10.1</Data></Cell>
			<Cell><Data ss:Type="Number">0.01</Data></Cell>
			<Cell><Data ss:Type="Number">-9.47</Data></Cell>
			<Cell><Data ss:Type="Number">0.02</Data></Cell>
			<Cell><Data ss:Type="Number">-0.9</Data></Cell>
			<Cell><Data ss:Type="Number">22.9</Data></Cell>
			<Cell><Data ss:Type="Number">39.2</Data></Cell>
			<Cell><Data ss:Type="Number">0</Data></Cell>
			<Cell><Data ss:Type="Number">0</Data></Cell>
			<Cell><Data ss:Type="String">2023-12-07 16:49:27.468510</Data></Cell>
		</Row>
		<Row>
			<Cell><Data ss:Type="String">306</Data></Cell>
			<Cell><Data ss:Type="Number">-0.13</Data></Cell>
			<Cell><Data ss:Type="Number">-9.82</Data></Cell>
			<Cell><Data ss:Type="Number">-0.25</Data></Cell>
			<Cell><Data ss:Type="Number">-9.41</Data></Cell>
			<Cell><Data ss:Type="Number">-0.06</Data></Cell>
			<Cell><Data ss:Type="Number">-0.98</Data></Cell>
			<Cell><Data ss:Type="Number">22.9</Data></Cell>
			<Cell><Data ss:Type="Number">39.2</Data></Cell>
			<Cell><Data ss:Type="Number">0</Data></Cell>
			<Cell><Data ss:Type="Number">0</Data></Cell>
			<Cell><Data ss:Type="String">2023-12-07 16:49:27.466740</Data></Cell>
		</Row>
		<Row>
			<Cell><Data ss:Type="String">305</Data></Cell>
			<Cell><Data ss:Type="Number">0.31</Data></Cell>
			<Cell><Data ss:Type="Number">-9.91</Data></Cell>
			<Cell><Data ss:Type="Number">0.21</Data></Cell>
			<Cell><Data ss:Type="Number">-9.26</Data></Cell>
			<Cell><Data ss:Type="Number">-0.05</Data></Cell>
			<Cell><Data ss:Type="Number">-0.85</Data></Cell>
			<Cell><Data ss:Type="Number">22.9</Data></Cell>
			<Cell><Data ss:Type="Number">39.2</Data></Cell>
			<Cell><Data ss:Type="Number">0</Data></Cell>
			<Cell><Data ss:Type="Number">0</Data></Cell>
			<Cell><Data ss:Type="String">2023-12-07 16:49:27.421780</Data></Cell>
		</Row>
		<Row>
			<Cell><Data ss:Type="String">304</Data></Cell>
			<Cell><Data ss:Type="Number">0.32</Data></Cell>
			<Cell><Data ss:Type="Number">-10.53</Data></Cell>
			<Cell><Data ss:Type="Number">0.34</Data></Cell>
			<Cell><Data ss:Type="Number">-9.54</Data></Cell>
			<Cell><Data ss:Type="Number">-0.18</Data></Cell>
			<Cell><Data ss:Type="Number">-0.96</Data></Cell>
			<Cell><Data ss:Type="Number">22.9</Data></Cell>
			<Cell><Data ss:Type="Number">39.2</Data></Cell>
			<Cell><Data ss:Type="Number">0</Data></Cell>
			<Cell><Data ss:Type="Number">0</Data></Cell>
			<Cell><Data ss:Type="String">2023-12-07 16:49:27.400243</Data></Cell>
		</Row>
		<Row>
			<Cell><Data ss:Type="String">303</Data></Cell>
			<Cell><Data ss:Type="Number">0.34</Data></Cell>
			<Cell><Data ss:Type="Number">-9.77</Data></Cell>
			<Cell><Data ss:Type="Number">0.27</Data></Cell>
			<Cell><Data ss:Type="Number">-9.36</Data></Cell>
			<Cell><Data ss:Type="Number">0.05</Data></Cell>
			<Cell><Data ss:Type="Number">-0.86</Data></Cell>
			<Cell><Data ss:Type="Number">22.9</Data></Cell>
			<Cell><Data ss:Type="Number">39.2</Data></Cell>
			<Cell><Data ss:Type="Number">0</Data></Cell>
			<Cell><Data ss:Type="Number">0</Data></Cell>
			<Cell><Data ss:Type="String">2023-12-07 16:49:27.398174</Data></Cell>
		</Row>
		<Row>
			<Cell><Data ss:Type="String">302</Data></Cell>
			<Cell><Data ss:Type="Number">0.3</Data></Cell>
			<Cell><Data ss:Type="Number">-10</Data></Cell>
			<Cell><Data ss:Type="Number">-0.31</Data></Cell>
			<Cell><Data ss:Type="Number">-9.45</Data></Cell>
			<Cell><Data ss:Type="Number">-0.1</Data></Cell>
			<Cell><Data ss:Type="Number">-1.04</Data></Cell>
			<Cell><Data ss:Type="Number">22.9</Data></Cell>
			<Cell><Data ss:Type="Number">39.2</Data></Cell>
			<Cell><Data ss:Type="Number">0</Data></Cell>
			<Cell><Data ss:Type="Number">0</Data></Cell>
			<Cell><Data ss:Type="String">2023-12-07 16:49:27.395417</Data></Cell>
		</Row>
		<Row>
			<Cell><Data ss:Type="String">301</Data></Cell>
			<Cell><Data ss:Type="Number">0.37</Data></Cell>
			<Cell><Data ss:Type="Number">-9.96</Data></Cell>
			<Cell><Data ss:Type="Number">-0.22</Data></Cell>
			<Cell><Data ss:Type="Number">-9.43</Data></Cell>
			<Cell><Data ss:Type="Number">0.12</Data></Cell>
			<Cell><Data ss:Type="Number">-1.01</Data></Cell>
			<Cell><Data ss:Type="Number">22.9</Data></Cell>
			<Cell><Data ss:Type="Number">39.2</Data></Cell>
			<Cell><Data ss:Type="Number">0</Data></Cell>
			<Cell><Data ss:Type="Number">0</Data></Cell>
			<Cell><Data ss:Type="String">2023-12-07 16:49:27.393644</Data></Cell>
		</Row>
		<Row>
			<Cell><Data ss:Type="String">300</Data></Cell>
			<Cell><Data ss:Type="Number">1.17</Data></Cell>
			<Cell><Data ss:Type="Number">-9.68</Data></Cell>
			<Cell><Data ss:Type="Number">0.72</Data></Cell>
			<Cell><Data ss:Type="Number">-9.36</Data></Cell>
			<Cell><Data ss:Type="Number">-0.57</Data></Cell>
			<Cell><Data ss:Type="Number">-0.83</Data></Cell>
			<Cell><Data ss:Type="Number">23</Data></Cell>
			<Cell><Data ss:Type="Number">39.2</Data></Cell>
			<Cell><Data ss:Type="Number">0</Data></Cell>
			<Cell><Data ss:Type="Number">0</Data></Cell>
			<Cell><Data ss:Type="String">2023-12-07 16:49:27.391746</Data></Cell>
		</Row>
		<Row>
			<Cell><Data ss:Type="String">299</Data></Cell>
			<Cell><Data ss:Type="Number">-0.57</Data></Cell>
			<Cell><Data ss:Type="Number">-10.35</Data></Cell>
			<Cell><Data ss:Type="Number">-0.31</Data></Cell>
			<Cell><Data ss:Type="Number">-9.57</Data></Cell>
			<Cell><Data ss:Type="Number">0</Data></Cell>
			<Cell><Data ss:Type="Number">-0.96</Data></Cell>
			<Cell><Data ss:Type="Number">23</Data></Cell>
			<Cell><Data ss:Type="Number">39.2</Data></Cell>
			<Cell><Data ss:Type="Number">0</Data></Cell>
			<Cell><Data ss:Type="Number">0</Data></Cell>
			<Cell><Data ss:Type="String">2023-12-07 16:49:27.389180</Data></Cell>
		</Row>
		<Row>
			<Cell><Data ss:Type="String">298</Data></Cell>
			<Cell><Data ss:Type="Number">-1.17</Data></Cell>
			<Cell><Data ss:Type="Number">-10.12</Data></Cell>
			<Cell><Data ss:Type="Number">-0.81</Data></Cell>
			<Cell><Data ss:Type="Number">-9.49</Data></Cell>
			<Cell><Data ss:Type="Number">0.74</Data></Cell>
			<Cell><Data ss:Type="Number">-1.04</Data></Cell>
			<Cell><Data ss:Type="Number">23</Data></Cell>
			<Cell><Data ss:Type="Number">39.2</Data></Cell>
			<Cell><Data ss:Type="Number">0</Data></Cell>
			<Cell><Data ss:Type="Number">0</Data></Cell>
			<Cell><Data ss:Type="String">2023-12-07 16:49:27.372510</Data></Cell>
		</Row>
		<Row>
			<Cell><Data ss:Type="String">297</Data></Cell>
			<Cell><Data ss:Type="Number">2.71</Data></Cell>
			<Cell><Data ss:Type="Number">-11.51</Data></Cell>
			<Cell><Data ss:Type="Number">1.06</Data></Cell>
			<Cell><Data ss:Type="Number">-9.42</Data></Cell>
			<Cell><Data ss:Type="Number">-0.8</Data></Cell>
			<Cell><Data ss:Type="Number">-0.66</Data></Cell>
			<Cell><Data ss:Type="Number">23</Data></Cell>
			<Cell><Data ss:Type="Number">39.2</Data></Cell>
			<Cell><Data ss:Type="Number">0</Data></Cell>
			<Cell><Data ss:Type="Number">0</Data></Cell>
			<Cell><Data ss:Type="String">2023-12-07 16:49:27.139488</Data></Cell>
		</Row>
		<Row>
			<Cell><Data ss:Type="String">296</Data></Cell>
			<Cell><Data ss:Type="Number">0.06</Data></Cell>
			<Cell><Data ss:Type="Number">-10.33</Data></Cell>
			<Cell><Data ss:Type="Number">1.81</Data></Cell>
			<Cell><Data ss:Type="Number">-9.53</Data></Cell>
			<Cell><Data ss:Type="Number">-1.49</Data></Cell>
			<Cell><Data ss:Type="Number">-0.6</Data></Cell>
			<Cell><Data ss:Type="Number">23</Data></Cell>
			<Cell><Data ss:Type="Number">39.2</Data></Cell>
			<Cell><Data ss:Type="Number">0</Data></Cell>
			<Cell><Data ss:Type="Number">0</Data></Cell>
			<Cell><Data ss:Type="String">2023-12-07 16:49:27.136758</Data></Cell>
		</Row>
		<Row>
			<Cell><Data ss:Type="String">295</Data></Cell>
			<Cell><Data ss:Type="Number">0.3</Data></Cell>
			<Cell><Data ss:Type="Number">-10.07</Data></Cell>
			<Cell><Data ss:Type="Number">0.11</Data></Cell>
			<Cell><Data ss:Type="Number">-9.47</Data></Cell>
			<Cell><Data ss:Type="Number">-0.06</Data></Cell>
			<Cell><Data ss:Type="Number">-0.97</Data></Cell>
			<Cell><Data ss:Type="Number">23</Data></Cell>
			<Cell><Data ss:Type="Number">39.2</Data></Cell>
			<Cell><Data ss:Type="Number">0</Data></Cell>
			<Cell><Data ss:Type="Number">0</Data></Cell>
			<Cell><Data ss:Type="String">2023-12-07 16:49:27.083044</Data></Cell>
		</Row>
		<Row>
			<Cell><Data ss:Type="String">294</Data></Cell>
			<Cell><Data ss:Type="Number">0.31</Data></Cell>
			<Cell><Data ss:Type="Number">-10.13</Data></Cell>
			<Cell><Data ss:Type="Number">0.13</Data></Cell>
			<Cell><Data ss:Type="Number">-9.5</Data></Cell>
			<Cell><Data ss:Type="Number">-0.08</Data></Cell>
			<Cell><Data ss:Type="Number">-0.91</Data></Cell>
			<Cell><Data ss:Type="Number">23</Data></Cell>
			<Cell><Data ss:Type="Number">39.2</Data></Cell>
			<Cell><Data ss:Type="Number">0</Data></Cell>
			<Cell><Data ss:Type="Number">0</Data></Cell>
			<Cell><Data ss:Type="String">2023-12-07 16:49:27.042115</Data></Cell>
		</Row>
		<Row>
			<Cell><Data ss:Type="String">293</Data></Cell>
			<Cell><Data ss:Type="Number">0.23</Data></Cell>
			<Cell><Data ss:Type="Number">-10.18</Data></Cell>
			<Cell><Data ss:Type="Number">0.17</Data></Cell>
			<Cell><Data ss:Type="Number">-9.53</Data></Cell>
			<Cell><Data ss:Type="Number">-0.07</Data></Cell>
			<Cell><Data ss:Type="Number">-0.89</Data></Cell>
			<Cell><Data ss:Type="Number">23</Data></Cell>
			<Cell><Data ss:Type="Number">39.2</Data></Cell>
			<Cell><Data ss:Type="Number">0</Data></Cell>
			<Cell><Data ss:Type="Number">0</Data></Cell>
			<Cell><Data ss:Type="String">2023-12-07 16:49:27.039454</Data></Cell>
		</Row>
		<Row>
			<Cell><Data ss:Type="String">292</Data></Cell>
			<Cell><Data ss:Type="Number">0.26</Data></Cell>
			<Cell><Data ss:Type="Number">-10.15</Data></Cell>
			<Cell><Data ss:Type="Number">0.19</Data></Cell>
			<Cell><Data ss:Type="Number">-9.47</Data></Cell>
			<Cell><Data ss:Type="Number">-0.06</Data></Cell>
			<Cell><Data ss:Type="Number">-0.93</Data></Cell>
			<Cell><Data ss:Type="Number">23</Data></Cell>
			<Cell><Data ss:Type="Number">39.2</Data></Cell>
			<Cell><Data ss:Type="Number">0</Data></Cell>
			<Cell><Data ss:Type="Number">0</Data></Cell>
			<Cell><Data ss:Type="String">2023-12-07 16:49:27.036481</Data></Cell>
		</Row>
		<Row>
			<Cell><Data ss:Type="String">291</Data></Cell>
			<Cell><Data ss:Type="Number">0.33</Data></Cell>
			<Cell><Data ss:Type="Number">-10.16</Data></Cell>
			<Cell><Data ss:Type="Number">0.36</Data></Cell>
			<Cell><Data ss:Type="Number">-9.44</Data></Cell>
			<Cell><Data ss:Type="Number">-0.06</Data></Cell>
			<Cell><Data ss:Type="Number">-0.92</Data></Cell>
			<Cell><Data ss:Type="Number">23</Data></Cell>
			<Cell><Data ss:Type="Number">39.2</Data></Cell>
			<Cell><Data ss:Type="Number">0</Data></Cell>
			<Cell><Data ss:Type="Number">0</Data></Cell>
			<Cell><Data ss:Type="String">2023-12-07 16:49:27.034107</Data></Cell>
		</Row>
		<Row>
			<Cell><Data ss:Type="String">290</Data></Cell>
			<Cell><Data ss:Type="Number">0.27</Data></Cell>
			<Cell><Data ss:Type="Number">-10.08</Data></Cell>
			<Cell><Data ss:Type="Number">0.24</Data></Cell>
			<Cell><Data ss:Type="Number">-9.44</Data></Cell>
			<Cell><Data ss:Type="Number">-0.08</Data></Cell>
			<Cell><Data ss:Type="Number">-0.93</Data></Cell>
			<Cell><Data ss:Type="Number">23</Data></Cell>
			<Cell><Data ss:Type="Number">39.2</Data></Cell>
			<Cell><Data ss:Type="Number">0</Data></Cell>
			<Cell><Data ss:Type="Number">0</Data></Cell>
			<Cell><Data ss:Type="String">2023-12-07 16:49:27.032212</Data></Cell>
		</Row>
		<Row>
			<Cell><Data ss:Type="String">289</Data></Cell>
			<Cell><Data ss:Type="Number">0.25</Data></Cell>
			<Cell><Data ss:Type="Number">-10.06</Data></Cell>
			<Cell><Data ss:Type="Number">0.14</Data></Cell>
			<Cell><Data ss:Type="Number">-9.46</Data></Cell>
			<Cell><Data ss:Type="Number">-0.08</Data></Cell>
			<Cell><Data ss:Type="Number">-0.92</Data></Cell>
			<Cell><Data ss:Type="Number">23</Data></Cell>
			<Cell><Data ss:Type="Number">39.2</Data></Cell>
			<Cell><Data ss:Type="Number">0</Data></Cell>
			<Cell><Data ss:Type="Number">0</Data></Cell>
			<Cell><Data ss:Type="String">2023-12-07 16:49:27.030199</Data></Cell>
		</Row>
		<Row>
			<Cell><Data ss:Type="String">288</Data></Cell>
			<Cell><Data ss:Type="Number">0.19</Data></Cell>
			<Cell><Data ss:Type="Number">-10.14</Data></Cell>
			<Cell><Data ss:Type="Number">0.01</Data></Cell>
			<Cell><Data ss:Type="Number">-9.55</Data></Cell>
			<Cell><Data ss:Type="Number">-0.06</Data></Cell>
			<Cell><Data ss:Type="Number">-0.87</Data></Cell>
			<Cell><Data ss:Type="Number">23</Data></Cell>
			<Cell><Data ss:Type="Number">39.2</Data></Cell>
			<Cell><Data ss:Type="Number">0</Data></Cell>
			<Cell><Data ss:Type="Number">0</Data></Cell>
			<Cell><Data ss:Type="String">2023-12-07 16:49:27.028209</Data></Cell>
		</Row>
		<Row>
			<Cell><Data ss:Type="String">287</Data></Cell>
			<Cell><Data ss:Type="Number">0.29</Data></Cell>
			<Cell><Data ss:Type="Number">-10.11</Data></Cell>
			<Cell><Data ss:Type="Number">0.23</Data></Cell>
			<Cell><Data ss:Type="Number">-9.51</Data></Cell>
			<Cell><Data ss:Type="Number">-0.07</Data></Cell>
			<Cell><Data ss:Type="Number">-0.92</Data></Cell>
			<Cell><Data ss:Type="Number">23</Data></Cell>
			<Cell><Data ss:Type="Number">39.2</Data></Cell>
			<Cell><Data ss:Type="Number">0</Data></Cell>
			<Cell><Data ss:Type="Number">0</Data></Cell>
			<Cell><Data ss:Type="String">2023-12-07 16:49:26.806840</Data></Cell>
		</Row>
		<Row>
			<Cell><Data ss:Type="String">286</Data></Cell>
			<Cell><Data ss:Type="Number">0.25</Data></Cell>
			<Cell><Data ss:Type="Number">-10.11</Data></Cell>
			<Cell><Data ss:Type="Number">0.19</Data></Cell>
			<Cell><Data ss:Type="Number">-9.48</Data></Cell>
			<Cell><Data ss:Type="Number">-0.06</Data></Cell>
			<Cell><Data ss:Type="Number">-0.93</Data></Cell>
			<Cell><Data ss:Type="Number">23</Data></Cell>
			<Cell><Data ss:Type="Number">39.2</Data></Cell>
			<Cell><Data ss:Type="Number">0</Data></Cell>
			<Cell><Data ss:Type="Number">0</Data></Cell>
			<Cell><Data ss:Type="String">2023-12-07 16:49:26.803395</Data></Cell>
		</Row>
		<Row>
			<Cell><Data ss:Type="String">285</Data></Cell>
			<Cell><Data ss:Type="Number">0.23</Data></Cell>
			<Cell><Data ss:Type="Number">-10.02</Data></Cell>
			<Cell><Data ss:Type="Number">0.07</Data></Cell>
			<Cell><Data ss:Type="Number">-9.43</Data></Cell>
			<Cell><Data ss:Type="Number">-0.07</Data></Cell>
			<Cell><Data ss:Type="Number">-0.91</Data></Cell>
			<Cell><Data ss:Type="Number">23</Data></Cell>
			<Cell><Data ss:Type="Number">39.2</Data></Cell>
			<Cell><Data ss:Type="Number">0</Data></Cell>
			<Cell><Data ss:Type="Number">0</Data></Cell>
			<Cell><Data ss:Type="String">2023-12-07 16:49:26.800924</Data></Cell>
		</Row>
		<Row>
			<Cell><Data ss:Type="String">284</Data></Cell>
			<Cell><Data ss:Type="Number">0.28</Data></Cell>
			<Cell><Data ss:Type="Number">-10.01</Data></Cell>
			<Cell><Data ss:Type="Number">0.23</Data></Cell>
			<Cell><Data ss:Type="Number">-9.46</Data></Cell>
			<Cell><Data ss:Type="Number">-0.07</Data></Cell>
			<Cell><Data ss:Type="Number">-0.91</Data></Cell>
			<Cell><Data ss:Type="Number">23</Data></Cell>
			<Cell><Data ss:Type="Number">39.2</Data></Cell>
			<Cell><Data ss:Type="Number">0</Data></Cell>
			<Cell><Data ss:Type="Number">0</Data></Cell>
			<Cell><Data ss:Type="String">2023-12-07 16:49:26.798683</Data></Cell>
		</Row>
		<Row>
			<Cell><Data ss:Type="String">283</Data></Cell>
			<Cell><Data ss:Type="Number">0.32</Data></Cell>
			<Cell><Data ss:Type="Number">-10.19</Data></Cell>
			<Cell><Data ss:Type="Number">0.17</Data></Cell>
			<Cell><Data ss:Type="Number">-9.55</Data></Cell>
			<Cell><Data ss:Type="Number">-0.06</Data></Cell>
			<Cell><Data ss:Type="Number">-0.89</Data></Cell>
			<Cell><Data ss:Type="Number">23</Data></Cell>
			<Cell><Data ss:Type="Number">39.2</Data></Cell>
			<Cell><Data ss:Type="Number">0</Data></Cell>
			<Cell><Data ss:Type="Number">0</Data></Cell>
			<Cell><Data ss:Type="String">2023-12-07 16:49:26.657974</Data></Cell>
		</Row>
		<Row>
			<Cell><Data ss:Type="String">282</Data></Cell>
			<Cell><Data ss:Type="Number">0.46</Data></Cell>
			<Cell><Data ss:Type="Number">-10.17</Data></Cell>
			<Cell><Data ss:Type="Number">0.18</Data></Cell>
			<Cell><Data ss:Type="Number">-9.51</Data></Cell>
			<Cell><Data ss:Type="Number">-0.08</Data></Cell>
			<Cell><Data ss:Type="Number">-0.9</Data></Cell>
			<Cell><Data ss:Type="Number">23</Data></Cell>
			<Cell><Data ss:Type="Number">39.2</Data></Cell>
			<Cell><Data ss:Type="Number">0</Data></Cell>
			<Cell><Data ss:Type="Number">0</Data></Cell>
			<Cell><Data ss:Type="String">2023-12-07 16:49:26.655467</Data></Cell>
		</Row>
		<Row>
			<Cell><Data ss:Type="String">281</Data></Cell>
			<Cell><Data ss:Type="Number">0.26</Data></Cell>
			<Cell><Data ss:Type="Number">-10.05</Data></Cell>
			<Cell><Data ss:Type="Number">0.14</Data></Cell>
			<Cell><Data ss:Type="Number">-9.47</Data></Cell>
			<Cell><Data ss:Type="Number">-0.09</Data></Cell>
			<Cell><Data ss:Type="Number">-0.89</Data></Cell>
			<Cell><Data ss:Type="Number">23</Data></Cell>
			<Cell><Data ss:Type="Number">39.2</Data></Cell>
			<Cell><Data ss:Type="Number">0</Data></Cell>
			<Cell><Data ss:Type="Number">0</Data></Cell>
			<Cell><Data ss:Type="String">2023-12-07 16:49:26.608985</Data></Cell>
		</Row>
		<Row>
			<Cell><Data ss:Type="String">280</Data></Cell>
			<Cell><Data ss:Type="Number">0.28</Data></Cell>
			<Cell><Data ss:Type="Number">-9.99</Data></Cell>
			<Cell><Data ss:Type="Number">0.1</Data></Cell>
			<Cell><Data ss:Type="Number">-9.44</Data></Cell>
			<Cell><Data ss:Type="Number">-0.08</Data></Cell>
			<Cell><Data ss:Type="Number">-0.93</Data></Cell>
			<Cell><Data ss:Type="Number">23</Data></Cell>
			<Cell><Data ss:Type="Number">39.2</Data></Cell>
			<Cell><Data ss:Type="Number">0</Data></Cell>
			<Cell><Data ss:Type="Number">0</Data></Cell>
			<Cell><Data ss:Type="String">2023-12-07 16:49:26.568572</Data></Cell>
		</Row>
		<Row>
			<Cell><Data ss:Type="String">279</Data></Cell>
			<Cell><Data ss:Type="Number">0.28</Data></Cell>
			<Cell><Data ss:Type="Number">-10.01</Data></Cell>
			<Cell><Data ss:Type="Number">0.19</Data></Cell>
			<Cell><Data ss:Type="Number">-9.45</Data></Cell>
			<Cell><Data ss:Type="Number">-0.1</Data></Cell>
			<Cell><Data ss:Type="Number">-0.95</Data></Cell>
			<Cell><Data ss:Type="Number">23</Data></Cell>
			<Cell><Data ss:Type="Number">39.2</Data></Cell>
			<Cell><Data ss:Type="Number">0</Data></Cell>
			<Cell><Data ss:Type="Number">0</Data></Cell>
			<Cell><Data ss:Type="String">2023-12-07 16:49:26.566398</Data></Cell>
		</Row>
		<Row>
			<Cell><Data ss:Type="String">278</Data></Cell>
			<Cell><Data ss:Type="Number">0.3</Data></Cell>
			<Cell><Data ss:Type="Number">-10.16</Data></Cell>
			<Cell><Data ss:Type="Number">0.19</Data></Cell>
			<Cell><Data ss:Type="Number">-9.52</Data></Cell>
			<Cell><Data ss:Type="Number">-0.06</Data></Cell>
			<Cell><Data ss:Type="Number">-0.9</Data></Cell>
			<Cell><Data ss:Type="Number">23</Data></Cell>
			<Cell><Data ss:Type="Number">39.2</Data></Cell>
			<Cell><Data ss:Type="Number">0</Data></Cell>
			<Cell><Data ss:Type="Number">0</Data></Cell>
			<Cell><Data ss:Type="String">2023-12-07 16:49:26.517449</Data></Cell>
		</Row>
		<Row>
			<Cell><Data ss:Type="String">277</Data></Cell>
			<Cell><Data ss:Type="Number">0.29</Data></Cell>
			<Cell><Data ss:Type="Number">-10.17</Data></Cell>
			<Cell><Data ss:Type="Number">0.19</Data></Cell>
			<Cell><Data ss:Type="Number">-9.5</Data></Cell>
			<Cell><Data ss:Type="Number">-0.08</Data></Cell>
			<Cell><Data ss:Type="Number">-0.9</Data></Cell>
			<Cell><Data ss:Type="Number">23</Data></Cell>
			<Cell><Data ss:Type="Number">39.2</Data></Cell>
			<Cell><Data ss:Type="Number">0</Data></Cell>
			<Cell><Data ss:Type="Number">0</Data></Cell>
			<Cell><Data ss:Type="String">2023-12-07 16:49:26.471979</Data></Cell>
		</Row>
		<Row>
			<Cell><Data ss:Type="String">276</Data></Cell>
			<Cell><Data ss:Type="Number">0.27</Data></Cell>
			<Cell><Data ss:Type="Number">-9.99</Data></Cell>
			<Cell><Data ss:Type="Number">0.14</Data></Cell>
			<Cell><Data ss:Type="Number">-9.46</Data></Cell>
			<Cell><Data ss:Type="Number">-0.05</Data></Cell>
			<Cell><Data ss:Type="Number">-0.91</Data></Cell>
			<Cell><Data ss:Type="Number">23</Data></Cell>
			<Cell><Data ss:Type="Number">39.2</Data></Cell>
			<Cell><Data ss:Type="Number">0</Data></Cell>
			<Cell><Data ss:Type="Number">0</Data></Cell>
			<Cell><Data ss:Type="String">2023-12-07 16:49:26.437735</Data></Cell>
		</Row>
		<Row>
			<Cell><Data ss:Type="String">275</Data></Cell>
			<Cell><Data ss:Type="Number">0.28</Data></Cell>
			<Cell><Data ss:Type="Number">-9.96</Data></Cell>
			<Cell><Data ss:Type="Number">0.13</Data></Cell>
			<Cell><Data ss:Type="Number">-9.46</Data></Cell>
			<Cell><Data ss:Type="Number">-0.08</Data></Cell>
			<Cell><Data ss:Type="Number">-0.97</Data></Cell>
			<Cell><Data ss:Type="Number">23</Data></Cell>
			<Cell><Data ss:Type="Number">39.2</Data></Cell>
			<Cell><Data ss:Type="Number">0</Data></Cell>
			<Cell><Data ss:Type="Number">0</Data></Cell>
			<Cell><Data ss:Type="String">2023-12-07 16:49:26.435054</Data></Cell>
		</Row>
		<Row>
			<Cell><Data ss:Type="String">274</Data></Cell>
			<Cell><Data ss:Type="Number">0.34</Data></Cell>
			<Cell><Data ss:Type="Number">-9.97</Data></Cell>
			<Cell><Data ss:Type="Number">0.2</Data></Cell>
			<Cell><Data ss:Type="Number">-9.5</Data></Cell>
			<Cell><Data ss:Type="Number">-0.09</Data></Cell>
			<Cell><Data ss:Type="Number">-0.92</Data></Cell>
			<Cell><Data ss:Type="Number">23</Data></Cell>
			<Cell><Data ss:Type="Number">39.2</Data></Cell>
			<Cell><Data ss:Type="Number">0</Data></Cell>
			<Cell><Data ss:Type="Number">0</Data></Cell>
			<Cell><Data ss:Type="String">2023-12-07 16:49:26.433062</Data></Cell>
		</Row>
		<Row>
			<Cell><Data ss:Type="String">273</Data></Cell>
			<Cell><Data ss:Type="Number">0.34</Data></Cell>
			<Cell><Data ss:Type="Number">-10.1</Data></Cell>
			<Cell><Data ss:Type="Number">0.03</Data></Cell>
			<Cell><Data ss:Type="Number">-9.54</Data></Cell>
			<Cell><Data ss:Type="Number">-0.06</Data></Cell>
			<Cell><Data ss:Type="Number">-0.92</Data></Cell>
			<Cell><Data ss:Type="Number">23</Data></Cell>
			<Cell><Data ss:Type="Number">39.2</Data></Cell>
			<Cell><Data ss:Type="Number">0</Data></Cell>
			<Cell><Data ss:Type="Number">0</Data></Cell>
			<Cell><Data ss:Type="String">2023-12-07 16:49:26.430923</Data></Cell>
		</Row>
		<Row>
			<Cell><Data ss:Type="String">272</Data></Cell>
			<Cell><Data ss:Type="Number">0.31</Data></Cell>
			<Cell><Data ss:Type="Number">-10.13</Data></Cell>
			<Cell><Data ss:Type="Number">0.25</Data></Cell>
			<Cell><Data ss:Type="Number">-9.51</Data></Cell>
			<Cell><Data ss:Type="Number">-0.06</Data></Cell>
			<Cell><Data ss:Type="Number">-0.88</Data></Cell>
			<Cell><Data ss:Type="Number">23</Data></Cell>
			<Cell><Data ss:Type="Number">39.2</Data></Cell>
			<Cell><Data ss:Type="Number">0</Data></Cell>
			<Cell><Data ss:Type="Number">0</Data></Cell>
			<Cell><Data ss:Type="String">2023-12-07 16:49:26.429103</Data></Cell>
		</Row>
		<Row>
			<Cell><Data ss:Type="String">271</Data></Cell>
			<Cell><Data ss:Type="Number">0.27</Data></Cell>
			<Cell><Data ss:Type="Number">-10.08</Data></Cell>
			<Cell><Data ss:Type="Number">0.2</Data></Cell>
			<Cell><Data ss:Type="Number">-9.5</Data></Cell>
			<Cell><Data ss:Type="Number">-0.07</Data></Cell>
			<Cell><Data ss:Type="Number">-0.91</Data></Cell>
			<Cell><Data ss:Type="Number">23</Data></Cell>
			<Cell><Data ss:Type="Number">39.2</Data></Cell>
			<Cell><Data ss:Type="Number">0</Data></Cell>
			<Cell><Data ss:Type="Number">0</Data></Cell>
			<Cell><Data ss:Type="String">2023-12-07 16:49:26.427057</Data></Cell>
		</Row>
		<Row>
			<Cell><Data ss:Type="String">270</Data></Cell>
			<Cell><Data ss:Type="Number">0.23</Data></Cell>
			<Cell><Data ss:Type="Number">-10.05</Data></Cell>
			<Cell><Data ss:Type="Number">0.15</Data></Cell>
			<Cell><Data ss:Type="Number">-9.44</Data></Cell>
			<Cell><Data ss:Type="Number">-0.06</Data></Cell>
			<Cell><Data ss:Type="Number">-0.97</Data></Cell>
			<Cell><Data ss:Type="Number">23</Data></Cell>
			<Cell><Data ss:Type="Number">39.2</Data></Cell>
			<Cell><Data ss:Type="Number">0</Data></Cell>
			<Cell><Data ss:Type="Number">0</Data></Cell>
			<Cell><Data ss:Type="String">2023-12-07 16:49:26.424803</Data></Cell>
		</Row>
		<Row>
			<Cell><Data ss:Type="String">269</Data></Cell>
			<Cell><Data ss:Type="Number">0.26</Data></Cell>
			<Cell><Data ss:Type="Number">-10.02</Data></Cell>
			<Cell><Data ss:Type="Number">0.09</Data></Cell>
			<Cell><Data ss:Type="Number">-9.48</Data></Cell>
			<Cell><Data ss:Type="Number">-0.08</Data></Cell>
			<Cell><Data ss:Type="Number">-0.92</Data></Cell>
			<Cell><Data ss:Type="Number">23</Data></Cell>
			<Cell><Data ss:Type="Number">39.2</Data></Cell>
			<Cell><Data ss:Type="Number">0</Data></Cell>
			<Cell><Data ss:Type="Number">0</Data></Cell>
			<Cell><Data ss:Type="String">2023-12-07 16:49:26.421658</Data></Cell>
		</Row>
		<Row>
			<Cell><Data ss:Type="String">268</Data></Cell>
			<Cell><Data ss:Type="Number">0.32</Data></Cell>
			<Cell><Data ss:Type="Number">-10.14</Data></Cell>
			<Cell><Data ss:Type="Number">0.08</Data></Cell>
			<Cell><Data ss:Type="Number">-9.54</Data></Cell>
			<Cell><Data ss:Type="Number">-0.06</Data></Cell>
			<Cell><Data ss:Type="Number">-0.95</Data></Cell>
			<Cell><Data ss:Type="Number">23</Data></Cell>
			<Cell><Data ss:Type="Number">39.2</Data></Cell>
			<Cell><Data ss:Type="Number">0</Data></Cell>
			<Cell><Data ss:Type="Number">0</Data></Cell>
			<Cell><Data ss:Type="String">2023-12-07 16:49:26.193286</Data></Cell>
		</Row>
		<Row>
			<Cell><Data ss:Type="String">267</Data></Cell>
			<Cell><Data ss:Type="Number">0.31</Data></Cell>
			<Cell><Data ss:Type="Number">-10.16</Data></Cell>
			<Cell><Data ss:Type="Number">0.2</Data></Cell>
			<Cell><Data ss:Type="Number">-9.53</Data></Cell>
			<Cell><Data ss:Type="Number">-0.09</Data></Cell>
			<Cell><Data ss:Type="Number">-0.88</Data></Cell>
			<Cell><Data ss:Type="Number">23</Data></Cell>
			<Cell><Data ss:Type="Number">39.2</Data></Cell>
			<Cell><Data ss:Type="Number">0</Data></Cell>
			<Cell><Data ss:Type="Number">0</Data></Cell>
			<Cell><Data ss:Type="String">2023-12-07 16:49:26.190983</Data></Cell>
		</Row>
		<Row>
			<Cell><Data ss:Type="String">266</Data></Cell>
			<Cell><Data ss:Type="Number">0.13</Data></Cell>
			<Cell><Data ss:Type="Number">-10.18</Data></Cell>
			<Cell><Data ss:Type="Number">0.28</Data></Cell>
			<Cell><Data ss:Type="Number">-9.46</Data></Cell>
			<Cell><Data ss:Type="Number">-0.05</Data></Cell>
			<Cell><Data ss:Type="Number">-0.9</Data></Cell>
			<Cell><Data ss:Type="Number">23</Data></Cell>
			<Cell><Data ss:Type="Number">39.2</Data></Cell>
			<Cell><Data ss:Type="Number">0</Data></Cell>
			<Cell><Data ss:Type="Number">0</Data></Cell>
			<Cell><Data ss:Type="String">2023-12-07 16:49:26.188289</Data></Cell>
		</Row>
		<Row>
			<Cell><Data ss:Type="String">265</Data></Cell>
			<Cell><Data ss:Type="Number">0.22</Data></Cell>
			<Cell><Data ss:Type="Number">-10.02</Data></Cell>
			<Cell><Data ss:Type="Number">0.06</Data></Cell>
			<Cell><Data ss:Type="Number">-9.48</Data></Cell>
			<Cell><Data ss:Type="Number">-0.05</Data></Cell>
			<Cell><Data ss:Type="Number">-0.97</Data></Cell>
			<Cell><Data ss:Type="Number">23</Data></Cell>
			<Cell><Data ss:Type="Number">39.2</Data></Cell>
			<Cell><Data ss:Type="Number">0</Data></Cell>
			<Cell><Data ss:Type="Number">0</Data></Cell>
			<Cell><Data ss:Type="String">2023-12-07 16:49:26.186061</Data></Cell>
		</Row>
		<Row>
			<Cell><Data ss:Type="String">264</Data></Cell>
			<Cell><Data ss:Type="Number">0.25</Data></Cell>
			<Cell><Data ss:Type="Number">-10.01</Data></Cell>
			<Cell><Data ss:Type="Number">0.16</Data></Cell>
			<Cell><Data ss:Type="Number">-9.42</Data></Cell>
			<Cell><Data ss:Type="Number">-0.02</Data></Cell>
			<Cell><Data ss:Type="Number">-0.9</Data></Cell>
			<Cell><Data ss:Type="Number">23</Data></Cell>
			<Cell><Data ss:Type="Number">39.2</Data></Cell>
			<Cell><Data ss:Type="Number">0</Data></Cell>
			<Cell><Data ss:Type="Number">0</Data></Cell>
			<Cell><Data ss:Type="String">2023-12-07 16:49:26.183966</Data></Cell>
		</Row>
		<Row>
			<Cell><Data ss:Type="String">263</Data></Cell>
			<Cell><Data ss:Type="Number">0.45</Data></Cell>
			<Cell><Data ss:Type="Number">-10.07</Data></Cell>
			<Cell><Data ss:Type="Number">0.13</Data></Cell>
			<Cell><Data ss:Type="Number">-9.54</Data></Cell>
			<Cell><Data ss:Type="Number">-0.2</Data></Cell>
			<Cell><Data ss:Type="Number">-0.97</Data></Cell>
			<Cell><Data ss:Type="Number">23</Data></Cell>
			<Cell><Data ss:Type="Number">39.2</Data></Cell>
			<Cell><Data ss:Type="Number">0</Data></Cell>
			<Cell><Data ss:Type="Number">0</Data></Cell>
			<Cell><Data ss:Type="String">2023-12-07 16:49:26.001746</Data></Cell>
		</Row>
		<Row>
			<Cell><Data ss:Type="String">262</Data></Cell>
			<Cell><Data ss:Type="Number">0.2</Data></Cell>
			<Cell><Data ss:Type="Number">-10.12</Data></Cell>
			<Cell><Data ss:Type="Number">0.22</Data></Cell>
			<Cell><Data ss:Type="Number">-9.47</Data></Cell>
			<Cell><Data ss:Type="Number">-0.09</Data></Cell>
			<Cell><Data ss:Type="Number">-0.85</Data></Cell>
			<Cell><Data ss:Type="Number">23</Data></Cell>
			<Cell><Data ss:Type="Number">39.2</Data></Cell>
			<Cell><Data ss:Type="Number">0</Data></Cell>
			<Cell><Data ss:Type="Number">0</Data></Cell>
			<Cell><Data ss:Type="String">2023-12-07 16:49:25.999628</Data></Cell>
		</Row>
		<Row>
			<Cell><Data ss:Type="String">261</Data></Cell>
			<Cell><Data ss:Type="Number">0.03</Data></Cell>
			<Cell><Data ss:Type="Number">-10.21</Data></Cell>
			<Cell><Data ss:Type="Number">-0.02</Data></Cell>
			<Cell><Data ss:Type="Number">-9.52</Data></Cell>
			<Cell><Data ss:Type="Number">0.09</Data></Cell>
			<Cell><Data ss:Type="Number">-0.94</Data></Cell>
			<Cell><Data ss:Type="Number">23</Data></Cell>
			<Cell><Data ss:Type="Number">39.2</Data></Cell>
			<Cell><Data ss:Type="Number">0</Data></Cell>
			<Cell><Data ss:Type="Number">0</Data></Cell>
			<Cell><Data ss:Type="String">2023-12-07 16:49:25.943031</Data></Cell>
		</Row>
		<Row>
			<Cell><Data ss:Type="String">260</Data></Cell>
			<Cell><Data ss:Type="Number">0.42</Data></Cell>
			<Cell><Data ss:Type="Number">-9.98</Data></Cell>
			<Cell><Data ss:Type="Number">0.11</Data></Cell>
			<Cell><Data ss:Type="Number">-9.46</Data></Cell>
			<Cell><Data ss:Type="Number">-0.08</Data></Cell>
			<Cell><Data ss:Type="Number">-0.99</Data></Cell>
			<Cell><Data ss:Type="Number">23</Data></Cell>
			<Cell><Data ss:Type="Number">39.2</Data></Cell>
			<Cell><Data ss:Type="Number">0</Data></Cell>
			<Cell><Data ss:Type="Number">0</Data></Cell>
			<Cell><Data ss:Type="String">2023-12-07 16:49:25.941022</Data></Cell>
		</Row>
		<Row>
			<Cell><Data ss:Type="String">259</Data></Cell>
			<Cell><Data ss:Type="Number">0.85</Data></Cell>
			<Cell><Data ss:Type="Number">-9.95</Data></Cell>
			<Cell><Data ss:Type="Number">0.52</Data></Cell>
			<Cell><Data ss:Type="Number">-9.43</Data></Cell>
			<Cell><Data ss:Type="Number">-0.59</Data></Cell>
			<Cell><Data ss:Type="Number">-0.8</Data></Cell>
			<Cell><Data ss:Type="Number">23</Data></Cell>
			<Cell><Data ss:Type="Number">39.2</Data></Cell>
			<Cell><Data ss:Type="Number">0</Data></Cell>
			<Cell><Data ss:Type="Number">0</Data></Cell>
			<Cell><Data ss:Type="String">2023-12-07 16:49:25.891565</Data></Cell>
		</Row>
		<Row>
			<Cell><Data ss:Type="String">258</Data></Cell>
			<Cell><Data ss:Type="Number">-0.42</Data></Cell>
			<Cell><Data ss:Type="Number">-10.3</Data></Cell>
			<Cell><Data ss:Type="Number">-0.11</Data></Cell>
			<Cell><Data ss:Type="Number">-9.61</Data></Cell>
			<Cell><Data ss:Type="Number">0.23</Data></Cell>
			<Cell><Data ss:Type="Number">-1</Data></Cell>
			<Cell><Data ss:Type="Number">23</Data></Cell>
			<Cell><Data ss:Type="Number">39.2</Data></Cell>
			<Cell><Data ss:Type="Number">0</Data></Cell>
			<Cell><Data ss:Type="Number">0</Data></Cell>
			<Cell><Data ss:Type="String">2023-12-07 16:49:25.842366</Data></Cell>
		</Row>
		<Row>
			<Cell><Data ss:Type="String">257</Data></Cell>
			<Cell><Data ss:Type="Number">2.28</Data></Cell>
			<Cell><Data ss:Type="Number">-10.1</Data></Cell>
			<Cell><Data ss:Type="Number">-0.35</Data></Cell>
			<Cell><Data ss:Type="Number">-9.45</Data></Cell>
			<Cell><Data ss:Type="Number">0.57</Data></Cell>
			<Cell><Data ss:Type="Number">-0.97</Data></Cell>
			<Cell><Data ss:Type="Number">23</Data></Cell>
			<Cell><Data ss:Type="Number">39.2</Data></Cell>
			<Cell><Data ss:Type="Number">0</Data></Cell>
			<Cell><Data ss:Type="Number">0</Data></Cell>
			<Cell><Data ss:Type="String">2023-12-07 16:49:25.801355</Data></Cell>
		</Row>
		<Row>
			<Cell><Data ss:Type="String">256</Data></Cell>
			<Cell><Data ss:Type="Number">2.04</Data></Cell>
			<Cell><Data ss:Type="Number">-9.45</Data></Cell>
			<Cell><Data ss:Type="Number">1.51</Data></Cell>
			<Cell><Data ss:Type="Number">-9.33</Data></Cell>
			<Cell><Data ss:Type="Number">-0.87</Data></Cell>
			<Cell><Data ss:Type="Number">-0.86</Data></Cell>
			<Cell><Data ss:Type="Number">23</Data></Cell>
			<Cell><Data ss:Type="Number">39.2</Data></Cell>
			<Cell><Data ss:Type="Number">0</Data></Cell>
			<Cell><Data ss:Type="Number">0</Data></Cell>
			<Cell><Data ss:Type="String">2023-12-07 16:49:25.799496</Data></Cell>
		</Row>
		<Row>
			<Cell><Data ss:Type="String">255</Data></Cell>
			<Cell><Data ss:Type="Number">1.76</Data></Cell>
			<Cell><Data ss:Type="Number">-9.1</Data></Cell>
			<Cell><Data ss:Type="Number">0.25</Data></Cell>
			<Cell><Data ss:Type="Number">-9.15</Data></Cell>
			<Cell><Data ss:Type="Number">-1.13</Data></Cell>
			<Cell><Data ss:Type="Number">-1.01</Data></Cell>
			<Cell><Data ss:Type="Number">23</Data></Cell>
			<Cell><Data ss:Type="Number">39.2</Data></Cell>
			<Cell><Data ss:Type="Number">0</Data></Cell>
			<Cell><Data ss:Type="Number">0</Data></Cell>
			<Cell><Data ss:Type="String">2023-12-07 16:49:25.738022</Data></Cell>
		</Row>
		<Row>
			<Cell><Data ss:Type="String">254</Data></Cell>
			<Cell><Data ss:Type="Number">0.17</Data></Cell>
			<Cell><Data ss:Type="Number">-14.67</Data></Cell>
			<Cell><Data ss:Type="Number">0.46</Data></Cell>
			<Cell><Data ss:Type="Number">-12.37</Data></Cell>
			<Cell><Data ss:Type="Number">0.77</Data></Cell>
			<Cell><Data ss:Type="Number">-1.05</Data></Cell>
			<Cell><Data ss:Type="Number">23</Data></Cell>
			<Cell><Data ss:Type="Number">39.2</Data></Cell>
			<Cell><Data ss:Type="Number">0</Data></Cell>
			<Cell><Data ss:Type="Number">0</Data></Cell>
			<Cell><Data ss:Type="String">2023-12-07 16:49:25.735603</Data></Cell>
		</Row>
		<Row>
			<Cell><Data ss:Type="String">253</Data></Cell>
			<Cell><Data ss:Type="Number">0.25</Data></Cell>
			<Cell><Data ss:Type="Number">-9.86</Data></Cell>
			<Cell><Data ss:Type="Number">0.38</Data></Cell>
			<Cell><Data ss:Type="Number">-9.58</Data></Cell>
			<Cell><Data ss:Type="Number">-0.03</Data></Cell>
			<Cell><Data ss:Type="Number">-0.89</Data></Cell>
			<Cell><Data ss:Type="Number">23</Data></Cell>
			<Cell><Data ss:Type="Number">39.2</Data></Cell>
			<Cell><Data ss:Type="Number">0</Data></Cell>
			<Cell><Data ss:Type="Number">0</Data></Cell>
			<Cell><Data ss:Type="String">2023-12-07 16:49:25.691030</Data></Cell>
		</Row>
		<Row>
			<Cell><Data ss:Type="String">252</Data></Cell>
			<Cell><Data ss:Type="Number">0.52</Data></Cell>
			<Cell><Data ss:Type="Number">-10.2</Data></Cell>
			<Cell><Data ss:Type="Number">0.17</Data></Cell>
			<Cell><Data ss:Type="Number">-9.44</Data></Cell>
			<Cell><Data ss:Type="Number">-0.08</Data></Cell>
			<Cell><Data ss:Type="Number">-0.9</Data></Cell>
			<Cell><Data ss:Type="Number">23</Data></Cell>
			<Cell><Data ss:Type="Number">39.2</Data></Cell>
			<Cell><Data ss:Type="Number">0</Data></Cell>
			<Cell><Data ss:Type="Number">0</Data></Cell>
			<Cell><Data ss:Type="String">2023-12-07 16:49:25.646597</Data></Cell>
		</Row>
		<Row>
			<Cell><Data ss:Type="String">251</Data></Cell>
			<Cell><Data ss:Type="Number">-0.1</Data></Cell>
			<Cell><Data ss:Type="Number">-9.88</Data></Cell>
			<Cell><Data ss:Type="Number">0.2</Data></Cell>
			<Cell><Data ss:Type="Number">-9.3</Data></Cell>
			<Cell><Data ss:Type="Number">-0.01</Data></Cell>
			<Cell><Data ss:Type="Number">-0.96</Data></Cell>
			<Cell><Data ss:Type="Number">23</Data></Cell>
			<Cell><Data ss:Type="Number">39.2</Data></Cell>
			<Cell><Data ss:Type="Number">0</Data></Cell>
			<Cell><Data ss:Type="Number">0</Data></Cell>
			<Cell><Data ss:Type="String">2023-12-07 16:49:25.644688</Data></Cell>
		</Row>
		<Row>
			<Cell><Data ss:Type="String">250</Data></Cell>
			<Cell><Data ss:Type="Number">0.3</Data></Cell>
			<Cell><Data ss:Type="Number">-10.5</Data></Cell>
			<Cell><Data ss:Type="Number">0.39</Data></Cell>
			<Cell><Data ss:Type="Number">-9.78</Data></Cell>
			<Cell><Data ss:Type="Number">-0.11</Data></Cell>
			<Cell><Data ss:Type="Number">-0.9</Data></Cell>
			<Cell><Data ss:Type="Number">23</Data></Cell>
			<Cell><Data ss:Type="Number">39.2</Data></Cell>
			<Cell><Data ss:Type="Number">0</Data></Cell>
			<Cell><Data ss:Type="Number">0</Data></Cell>
			<Cell><Data ss:Type="String">2023-12-07 16:49:25.584581</Data></Cell>
		</Row>
		<Row>
			<Cell><Data ss:Type="String">249</Data></Cell>
			<Cell><Data ss:Type="Number">0.85</Data></Cell>
			<Cell><Data ss:Type="Number">-10.15</Data></Cell>
			<Cell><Data ss:Type="Number">0.07</Data></Cell>
			<Cell><Data ss:Type="Number">-9.52</Data></Cell>
			<Cell><Data ss:Type="Number">-0.06</Data></Cell>
			<Cell><Data ss:Type="Number">-0.86</Data></Cell>
			<Cell><Data ss:Type="Number">23</Data></Cell>
			<Cell><Data ss:Type="Number">39.2</Data></Cell>
			<Cell><Data ss:Type="Number">0</Data></Cell>
			<Cell><Data ss:Type="Number">0</Data></Cell>
			<Cell><Data ss:Type="String">2023-12-07 16:49:25.543272</Data></Cell>
		</Row>
		<Row>
			<Cell><Data ss:Type="String">248</Data></Cell>
			<Cell><Data ss:Type="Number">0.52</Data></Cell>
			<Cell><Data ss:Type="Number">-10.09</Data></Cell>
			<Cell><Data ss:Type="Number">0.08</Data></Cell>
			<Cell><Data ss:Type="Number">-9.53</Data></Cell>
			<Cell><Data ss:Type="Number">-0</Data></Cell>
			<Cell><Data ss:Type="Number">-0.96</Data></Cell>
			<Cell><Data ss:Type="Number">23</Data></Cell>
			<Cell><Data ss:Type="Number">39.2</Data></Cell>
			<Cell><Data ss:Type="Number">0</Data></Cell>
			<Cell><Data ss:Type="Number">0</Data></Cell>
			<Cell><Data ss:Type="String">2023-12-07 16:49:25.541181</Data></Cell>
		</Row>
		<Row>
			<Cell><Data ss:Type="String">247</Data></Cell>
			<Cell><Data ss:Type="Number">0.24</Data></Cell>
			<Cell><Data ss:Type="Number">-9.83</Data></Cell>
			<Cell><Data ss:Type="Number">0.01</Data></Cell>
			<Cell><Data ss:Type="Number">-9.53</Data></Cell>
			<Cell><Data ss:Type="Number">0</Data></Cell>
			<Cell><Data ss:Type="Number">-0.96</Data></Cell>
			<Cell><Data ss:Type="Number">23</Data></Cell>
			<Cell><Data ss:Type="Number">39.2</Data></Cell>
			<Cell><Data ss:Type="Number">0</Data></Cell>
			<Cell><Data ss:Type="Number">0</Data></Cell>
			<Cell><Data ss:Type="String">2023-12-07 16:49:25.538670</Data></Cell>
		</Row>
		<Row>
			<Cell><Data ss:Type="String">246</Data></Cell>
			<Cell><Data ss:Type="Number">-0.03</Data></Cell>
			<Cell><Data ss:Type="Number">-10.43</Data></Cell>
			<Cell><Data ss:Type="Number">0.02</Data></Cell>
			<Cell><Data ss:Type="Number">-9.52</Data></Cell>
			<Cell><Data ss:Type="Number">-0.12</Data></Cell>
			<Cell><Data ss:Type="Number">-0.88</Data></Cell>
			<Cell><Data ss:Type="Number">23</Data></Cell>
			<Cell><Data ss:Type="Number">39.2</Data></Cell>
			<Cell><Data ss:Type="Number">0</Data></Cell>
			<Cell><Data ss:Type="Number">0</Data></Cell>
			<Cell><Data ss:Type="String">2023-12-07 16:49:25.536543</Data></Cell>
		</Row>
		<Row>
			<Cell><Data ss:Type="String">245</Data></Cell>
			<Cell><Data ss:Type="Number">0.33</Data></Cell>
			<Cell><Data ss:Type="Number">-9.57</Data></Cell>
			<Cell><Data ss:Type="Number">0.22</Data></Cell>
			<Cell><Data ss:Type="Number">-9.34</Data></Cell>
			<Cell><Data ss:Type="Number">-0.07</Data></Cell>
			<Cell><Data ss:Type="Number">-0.85</Data></Cell>
			<Cell><Data ss:Type="Number">23</Data></Cell>
			<Cell><Data ss:Type="Number">39.2</Data></Cell>
			<Cell><Data ss:Type="Number">0</Data></Cell>
			<Cell><Data ss:Type="Number">0</Data></Cell>
			<Cell><Data ss:Type="String">2023-12-07 16:49:25.534208</Data></Cell>
		</Row>
		<Row>
			<Cell><Data ss:Type="String">244</Data></Cell>
			<Cell><Data ss:Type="Number">0.42</Data></Cell>
			<Cell><Data ss:Type="Number">-10</Data></Cell>
			<Cell><Data ss:Type="Number">0.19</Data></Cell>
			<Cell><Data ss:Type="Number">-9.4</Data></Cell>
			<Cell><Data ss:Type="Number">-0.06</Data></Cell>
			<Cell><Data ss:Type="Number">-0.93</Data></Cell>
			<Cell><Data ss:Type="Number">23</Data></Cell>
			<Cell><Data ss:Type="Number">39.2</Data></Cell>
			<Cell><Data ss:Type="Number">0</Data></Cell>
			<Cell><Data ss:Type="Number">0</Data></Cell>
			<Cell><Data ss:Type="String">2023-12-07 16:49:25.532030</Data></Cell>
		</Row>
		<Row>
			<Cell><Data ss:Type="String">243</Data></Cell>
			<Cell><Data ss:Type="Number">0.29</Data></Cell>
			<Cell><Data ss:Type="Number">-10.03</Data></Cell>
			<Cell><Data ss:Type="Number">0.19</Data></Cell>
			<Cell><Data ss:Type="Number">-9.58</Data></Cell>
			<Cell><Data ss:Type="Number">-0.06</Data></Cell>
			<Cell><Data ss:Type="Number">-0.93</Data></Cell>
			<Cell><Data ss:Type="Number">23</Data></Cell>
			<Cell><Data ss:Type="Number">39.2</Data></Cell>
			<Cell><Data ss:Type="Number">0</Data></Cell>
			<Cell><Data ss:Type="Number">0</Data></Cell>
			<Cell><Data ss:Type="String">2023-12-07 16:49:25.529089</Data></Cell>
		</Row>
		<Row>
			<Cell><Data ss:Type="String">242</Data></Cell>
			<Cell><Data ss:Type="Number">0.52</Data></Cell>
			<Cell><Data ss:Type="Number">-9.79</Data></Cell>
			<Cell><Data ss:Type="Number">0.24</Data></Cell>
			<Cell><Data ss:Type="Number">-9.49</Data></Cell>
			<Cell><Data ss:Type="Number">-0.09</Data></Cell>
			<Cell><Data ss:Type="Number">-0.92</Data></Cell>
			<Cell><Data ss:Type="Number">23</Data></Cell>
			<Cell><Data ss:Type="Number">39.2</Data></Cell>
			<Cell><Data ss:Type="Number">0</Data></Cell>
			<Cell><Data ss:Type="Number">0</Data></Cell>
			<Cell><Data ss:Type="String">2023-12-07 16:49:25.527071</Data></Cell>
		</Row>
		<Row>
			<Cell><Data ss:Type="String">241</Data></Cell>
			<Cell><Data ss:Type="Number">0.23</Data></Cell>
			<Cell><Data ss:Type="Number">-9.95</Data></Cell>
			<Cell><Data ss:Type="Number">-0.06</Data></Cell>
			<Cell><Data ss:Type="Number">-9.48</Data></Cell>
			<Cell><Data ss:Type="Number">-0.14</Data></Cell>
			<Cell><Data ss:Type="Number">-1.01</Data></Cell>
			<Cell><Data ss:Type="Number">23</Data></Cell>
			<Cell><Data ss:Type="Number">39.2</Data></Cell>
			<Cell><Data ss:Type="Number">0</Data></Cell>
			<Cell><Data ss:Type="Number">0</Data></Cell>
			<Cell><Data ss:Type="String">2023-12-07 16:49:25.458978</Data></Cell>
		</Row>
		<Row>
			<Cell><Data ss:Type="String">240</Data></Cell>
			<Cell><Data ss:Type="Number">0.41</Data></Cell>
			<Cell><Data ss:Type="Number">-10.17</Data></Cell>
			<Cell><Data ss:Type="Number">0.07</Data></Cell>
			<Cell><Data ss:Type="Number">-9.58</Data></Cell>
			<Cell><Data ss:Type="Number">-0.06</Data></Cell>
			<Cell><Data ss:Type="Number">-0.92</Data></Cell>
			<Cell><Data ss:Type="Number">23</Data></Cell>
			<Cell><Data ss:Type="Number">39.2</Data></Cell>
			<Cell><Data ss:Type="Number">0</Data></Cell>
			<Cell><Data ss:Type="Number">0</Data></Cell>
			<Cell><Data ss:Type="String">2023-12-07 16:49:25.206714</Data></Cell>
		</Row>
		<Row>
			<Cell><Data ss:Type="String">239</Data></Cell>
			<Cell><Data ss:Type="Number">0.38</Data></Cell>
			<Cell><Data ss:Type="Number">-10.25</Data></Cell>
			<Cell><Data ss:Type="Number">0.27</Data></Cell>
			<Cell><Data ss:Type="Number">-9.66</Data></Cell>
			<Cell><Data ss:Type="Number">-0.19</Data></Cell>
			<Cell><Data ss:Type="Number">-0.86</Data></Cell>
			<Cell><Data ss:Type="Number">23</Data></Cell>
			<Cell><Data ss:Type="Number">39.2</Data></Cell>
			<Cell><Data ss:Type="Number">0</Data></Cell>
			<Cell><Data ss:Type="Number">0</Data></Cell>
			<Cell><Data ss:Type="String">2023-12-07 16:49:25.185689</Data></Cell>
		</Row>
		<Row>
			<Cell><Data ss:Type="String">238</Data></Cell>
			<Cell><Data ss:Type="Number">0.01</Data></Cell>
			<Cell><Data ss:Type="Number">-10.54</Data></Cell>
			<Cell><Data ss:Type="Number">-0.42</Data></Cell>
			<Cell><Data ss:Type="Number">-9.56</Data></Cell>
			<Cell><Data ss:Type="Number">-0.04</Data></Cell>
			<Cell><Data ss:Type="Number">-0.94</Data></Cell>
			<Cell><Data ss:Type="Number">23</Data></Cell>
			<Cell><Data ss:Type="Number">39.2</Data></Cell>
			<Cell><Data ss:Type="Number">0</Data></Cell>
			<Cell><Data ss:Type="Number">0</Data></Cell>
			<Cell><Data ss:Type="String">2023-12-07 16:49:25.141326</Data></Cell>
		</Row>
		<Row>
			<Cell><Data ss:Type="String">237</Data></Cell>
			<Cell><Data ss:Type="Number">0.24</Data></Cell>
			<Cell><Data ss:Type="Number">-9.89</Data></Cell>
			<Cell><Data ss:Type="Number">0</Data></Cell>
			<Cell><Data ss:Type="Number">-9.57</Data></Cell>
			<Cell><Data ss:Type="Number">-0.06</Data></Cell>
			<Cell><Data ss:Type="Number">-0.89</Data></Cell>
			<Cell><Data ss:Type="Number">23</Data></Cell>
			<Cell><Data ss:Type="Number">39.2</Data></Cell>
			<Cell><Data ss:Type="Number">0</Data></Cell>
			<Cell><Data ss:Type="Number">0</Data></Cell>
			<Cell><Data ss:Type="String">2023-12-07 16:49:25.138866</Data></Cell>
		</Row>
		<Row>
			<Cell><Data ss:Type="String">236</Data></Cell>
			<Cell><Data ss:Type="Number">0.26</Data></Cell>
			<Cell><Data ss:Type="Number">-9.7</Data></Cell>
			<Cell><Data ss:Type="Number">0.18</Data></Cell>
			<Cell><Data ss:Type="Number">-9.26</Data></Cell>
			<Cell><Data ss:Type="Number">-0.12</Data></Cell>
			<Cell><Data ss:Type="Number">-0.91</Data></Cell>
			<Cell><Data ss:Type="Number">23</Data></Cell>
			<Cell><Data ss:Type="Number">39.2</Data></Cell>
			<Cell><Data ss:Type="Number">0</Data></Cell>
			<Cell><Data ss:Type="Number">0</Data></Cell>
			<Cell><Data ss:Type="String">2023-12-07 16:49:25.093404</Data></Cell>
		</Row>
		<Row>
			<Cell><Data ss:Type="String">235</Data></Cell>
			<Cell><Data ss:Type="Number">0.35</Data></Cell>
			<Cell><Data ss:Type="Number">-9.56</Data></Cell>
			<Cell><Data ss:Type="Number">0.22</Data></Cell>
			<Cell><Data ss:Type="Number">-9.51</Data></Cell>
			<Cell><Data ss:Type="Number">-0.18</Data></Cell>
			<Cell><Data ss:Type="Number">-0.93</Data></Cell>
			<Cell><Data ss:Type="Number">23</Data></Cell>
			<Cell><Data ss:Type="Number">39.2</Data></Cell>
			<Cell><Data ss:Type="Number">0</Data></Cell>
			<Cell><Data ss:Type="Number">0</Data></Cell>
			<Cell><Data ss:Type="String">2023-12-07 16:49:25.046242</Data></Cell>
		</Row>
		<Row>
			<Cell><Data ss:Type="String">234</Data></Cell>
			<Cell><Data ss:Type="Number">0.09</Data></Cell>
			<Cell><Data ss:Type="Number">-10.6</Data></Cell>
			<Cell><Data ss:Type="Number">0.12</Data></Cell>
			<Cell><Data ss:Type="Number">-9.74</Data></Cell>
			<Cell><Data ss:Type="Number">0.02</Data></Cell>
			<Cell><Data ss:Type="Number">-0.86</Data></Cell>
			<Cell><Data ss:Type="Number">23</Data></Cell>
			<Cell><Data ss:Type="Number">39.2</Data></Cell>
			<Cell><Data ss:Type="Number">0</Data></Cell>
			<Cell><Data ss:Type="Number">0</Data></Cell>
			<Cell><Data ss:Type="String">2023-12-07 16:49:25.005784</Data></Cell>
		</Row>
		<Row>
			<Cell><Data ss:Type="String">233</Data></Cell>
			<Cell><Data ss:Type="Number">0.37</Data></Cell>
			<Cell><Data ss:Type="Number">-10.31</Data></Cell>
			<Cell><Data ss:Type="Number">0.11</Data></Cell>
			<Cell><Data ss:Type="Number">-9.45</Data></Cell>
			<Cell><Data ss:Type="Number">-0.14</Data></Cell>
			<Cell><Data ss:Type="Number">-0.92</Data></Cell>
			<Cell><Data ss:Type="Number">23</Data></Cell>
			<Cell><Data ss:Type="Number">39.2</Data></Cell>
			<Cell><Data ss:Type="Number">0</Data></Cell>
			<Cell><Data ss:Type="Number">0</Data></Cell>
			<Cell><Data ss:Type="String">2023-12-07 16:49:25.000471</Data></Cell>
		</Row>
		<Row>
			<Cell><Data ss:Type="String">232</Data></Cell>
			<Cell><Data ss:Type="Number">0.29</Data></Cell>
			<Cell><Data ss:Type="Number">-9.79</Data></Cell>
			<Cell><Data ss:Type="Number">0.43</Data></Cell>
			<Cell><Data ss:Type="Number">-9.32</Data></Cell>
			<Cell><Data ss:Type="Number">-0.03</Data></Cell>
			<Cell><Data ss:Type="Number">-0.99</Data></Cell>
			<Cell><Data ss:Type="Number">23</Data></Cell>
			<Cell><Data ss:Type="Number">39.2</Data></Cell>
			<Cell><Data ss:Type="Number">0</Data></Cell>
			<Cell><Data ss:Type="Number">0</Data></Cell>
			<Cell><Data ss:Type="String">2023-12-07 16:49:24.966542</Data></Cell>
		</Row>
		<Row>
			<Cell><Data ss:Type="String">231</Data></Cell>
			<Cell><Data ss:Type="Number">0.37</Data></Cell>
			<Cell><Data ss:Type="Number">-9.9</Data></Cell>
			<Cell><Data ss:Type="Number">0.49</Data></Cell>
			<Cell><Data ss:Type="Number">-9.48</Data></Cell>
			<Cell><Data ss:Type="Number">-0.11</Data></Cell>
			<Cell><Data ss:Type="Number">-0.93</Data></Cell>
			<Cell><Data ss:Type="Number">23</Data></Cell>
			<Cell><Data ss:Type="Number">39.2</Data></Cell>
			<Cell><Data ss:Type="Number">0</Data></Cell>
			<Cell><Data ss:Type="Number">0</Data></Cell>
			<Cell><Data ss:Type="String">2023-12-07 16:49:24.964509</Data></Cell>
		</Row>
		<Row>
			<Cell><Data ss:Type="String">230</Data></Cell>
			<Cell><Data ss:Type="Number">0.02</Data></Cell>
			<Cell><Data ss:Type="Number">-9.62</Data></Cell>
			<Cell><Data ss:Type="Number">-0.09</Data></Cell>
			<Cell><Data ss:Type="Number">-9.5</Data></Cell>
			<Cell><Data ss:Type="Number">-0.04</Data></Cell>
			<Cell><Data ss:Type="Number">-0.88</Data></Cell>
			<Cell><Data ss:Type="Number">23</Data></Cell>
			<Cell><Data ss:Type="Number">39.2</Data></Cell>
			<Cell><Data ss:Type="Number">0</Data></Cell>
			<Cell><Data ss:Type="Number">0</Data></Cell>
			<Cell><Data ss:Type="String">2023-12-07 16:49:24.962569</Data></Cell>
		</Row>
		<Row>
			<Cell><Data ss:Type="String">229</Data></Cell>
			<Cell><Data ss:Type="Number">0.69</Data></Cell>
			<Cell><Data ss:Type="Number">-10.07</Data></Cell>
			<Cell><Data ss:Type="Number">-0.3</Data></Cell>
			<Cell><Data ss:Type="Number">-9.54</Data></Cell>
			<Cell><Data ss:Type="Number">-0.08</Data></Cell>
			<Cell><Data ss:Type="Number">-0.97</Data></Cell>
			<Cell><Data ss:Type="Number">23</Data></Cell>
			<Cell><Data ss:Type="Number">39.2</Data></Cell>
			<Cell><Data ss:Type="Number">0</Data></Cell>
			<Cell><Data ss:Type="Number">0</Data></Cell>
			<Cell><Data ss:Type="String">2023-12-07 16:49:24.960355</Data></Cell>
		</Row>
		<Row>
			<Cell><Data ss:Type="String">228</Data></Cell>
			<Cell><Data ss:Type="Number">1.17</Data></Cell>
			<Cell><Data ss:Type="Number">-10.2</Data></Cell>
			<Cell><Data ss:Type="Number">0</Data></Cell>
			<Cell><Data ss:Type="Number">-9.59</Data></Cell>
			<Cell><Data ss:Type="Number">-0.07</Data></Cell>
			<Cell><Data ss:Type="Number">-0.86</Data></Cell>
			<Cell><Data ss:Type="Number">23</Data></Cell>
			<Cell><Data ss:Type="Number">39.2</Data></Cell>
			<Cell><Data ss:Type="Number">0</Data></Cell>
			<Cell><Data ss:Type="Number">0</Data></Cell>
			<Cell><Data ss:Type="String">2023-12-07 16:49:24.958385</Data></Cell>
		</Row>
		<Row>
			<Cell><Data ss:Type="String">227</Data></Cell>
			<Cell><Data ss:Type="Number">0.76</Data></Cell>
			<Cell><Data ss:Type="Number">-9.5</Data></Cell>
			<Cell><Data ss:Type="Number">0.12</Data></Cell>
			<Cell><Data ss:Type="Number">-9.38</Data></Cell>
			<Cell><Data ss:Type="Number">-0.05</Data></Cell>
			<Cell><Data ss:Type="Number">-1.01</Data></Cell>
			<Cell><Data ss:Type="Number">23</Data></Cell>
			<Cell><Data ss:Type="Number">39.2</Data></Cell>
			<Cell><Data ss:Type="Number">0</Data></Cell>
			<Cell><Data ss:Type="Number">0</Data></Cell>
			<Cell><Data ss:Type="String">2023-12-07 16:49:24.955879</Data></Cell>
		</Row>
		<Row>
			<Cell><Data ss:Type="String">226</Data></Cell>
			<Cell><Data ss:Type="Number">-0.18</Data></Cell>
			<Cell><Data ss:Type="Number">-9.92</Data></Cell>
			<Cell><Data ss:Type="Number">0.14</Data></Cell>
			<Cell><Data ss:Type="Number">-9.44</Data></Cell>
			<Cell><Data ss:Type="Number">-0.02</Data></Cell>
			<Cell><Data ss:Type="Number">-0.96</Data></Cell>
			<Cell><Data ss:Type="Number">23</Data></Cell>
			<Cell><Data ss:Type="Number">39.2</Data></Cell>
			<Cell><Data ss:Type="Number">0</Data></Cell>
			<Cell><Data ss:Type="Number">0</Data></Cell>
			<Cell><Data ss:Type="String">2023-12-07 16:49:24.742011</Data></Cell>
		</Row>
		<Row>
			<Cell><Data ss:Type="String">225</Data></Cell>
			<Cell><Data ss:Type="Number">0.84</Data></Cell>
			<Cell><Data ss:Type="Number">-10.04</Data></Cell>
			<Cell><Data ss:Type="Number">0.35</Data></Cell>
			<Cell><Data ss:Type="Number">-9.62</Data></Cell>
			<Cell><Data ss:Type="Number">-0.05</Data></Cell>
			<Cell><Data ss:Type="Number">-0.89</Data></Cell>
			<Cell><Data ss:Type="Number">23</Data></Cell>
			<Cell><Data ss:Type="Number">39.2</Data></Cell>
			<Cell><Data ss:Type="Number">0</Data></Cell>
			<Cell><Data ss:Type="Number">0</Data></Cell>
			<Cell><Data ss:Type="String">2023-12-07 16:49:24.739340</Data></Cell>
		</Row>
		<Row>
			<Cell><Data ss:Type="String">224</Data></Cell>
			<Cell><Data ss:Type="Number">0.96</Data></Cell>
			<Cell><Data ss:Type="Number">-10.16</Data></Cell>
			<Cell><Data ss:Type="Number">0.6</Data></Cell>
			<Cell><Data ss:Type="Number">-9.55</Data></Cell>
			<Cell><Data ss:Type="Number">-0.12</Data></Cell>
			<Cell><Data ss:Type="Number">-0.98</Data></Cell>
			<Cell><Data ss:Type="Number">23</Data></Cell>
			<Cell><Data ss:Type="Number">39.2</Data></Cell>
			<Cell><Data ss:Type="Number">0</Data></Cell>
			<Cell><Data ss:Type="Number">0</Data></Cell>
			<Cell><Data ss:Type="String">2023-12-07 16:49:24.691806</Data></Cell>
		</Row>
		<Row>
			<Cell><Data ss:Type="String">223</Data></Cell>
			<Cell><Data ss:Type="Number">0.5</Data></Cell>
			<Cell><Data ss:Type="Number">-10.6</Data></Cell>
			<Cell><Data ss:Type="Number">0.23</Data></Cell>
			<Cell><Data ss:Type="Number">-9.55</Data></Cell>
			<Cell><Data ss:Type="Number">0.04</Data></Cell>
			<Cell><Data ss:Type="Number">-0.89</Data></Cell>
			<Cell><Data ss:Type="Number">23</Data></Cell>
			<Cell><Data ss:Type="Number">39.2</Data></Cell>
			<Cell><Data ss:Type="Number">0</Data></Cell>
			<Cell><Data ss:Type="Number">0</Data></Cell>
			<Cell><Data ss:Type="String">2023-12-07 16:49:24.655316</Data></Cell>
		</Row>
		<Row>
			<Cell><Data ss:Type="String">222</Data></Cell>
			<Cell><Data ss:Type="Number">0.24</Data></Cell>
			<Cell><Data ss:Type="Number">-10.07</Data></Cell>
			<Cell><Data ss:Type="Number">-0.04</Data></Cell>
			<Cell><Data ss:Type="Number">-9.47</Data></Cell>
			<Cell><Data ss:Type="Number">0.24</Data></Cell>
			<Cell><Data ss:Type="Number">-0.97</Data></Cell>
			<Cell><Data ss:Type="Number">23</Data></Cell>
			<Cell><Data ss:Type="Number">39.2</Data></Cell>
			<Cell><Data ss:Type="Number">0</Data></Cell>
			<Cell><Data ss:Type="Number">0</Data></Cell>
			<Cell><Data ss:Type="String">2023-12-07 16:49:24.652576</Data></Cell>
		</Row>
		<Row>
			<Cell><Data ss:Type="String">221</Data></Cell>
			<Cell><Data ss:Type="Number">1.25</Data></Cell>
			<Cell><Data ss:Type="Number">-10</Data></Cell>
			<Cell><Data ss:Type="Number">0.61</Data></Cell>
			<Cell><Data ss:Type="Number">-9.55</Data></Cell>
			<Cell><Data ss:Type="Number">-0.52</Data></Cell>
			<Cell><Data ss:Type="Number">-0.8</Data></Cell>
			<Cell><Data ss:Type="Number">23</Data></Cell>
			<Cell><Data ss:Type="Number">39.2</Data></Cell>
			<Cell><Data ss:Type="Number">0</Data></Cell>
			<Cell><Data ss:Type="Number">0</Data></Cell>
			<Cell><Data ss:Type="String">2023-12-07 16:49:24.650369</Data></Cell>
		</Row>
		<Row>
			<Cell><Data ss:Type="String">220</Data></Cell>
			<Cell><Data ss:Type="Number">0.45</Data></Cell>
			<Cell><Data ss:Type="Number">-10.07</Data></Cell>
			<Cell><Data ss:Type="Number">0.97</Data></Cell>
			<Cell><Data ss:Type="Number">-9.52</Data></Cell>
			<Cell><Data ss:Type="Number">-0.51</Data></Cell>
			<Cell><Data ss:Type="Number">-0.76</Data></Cell>
			<Cell><Data ss:Type="Number">23</Data></Cell>
			<Cell><Data ss:Type="Number">39.2</Data></Cell>
			<Cell><Data ss:Type="Number">0</Data></Cell>
			<Cell><Data ss:Type="Number">0</Data></Cell>
			<Cell><Data ss:Type="String">2023-12-07 16:49:24.648302</Data></Cell>
		</Row>
		<Row>
			<Cell><Data ss:Type="String">219</Data></Cell>
			<Cell><Data ss:Type="Number">-0.42</Data></Cell>
			<Cell><Data ss:Type="Number">-10.32</Data></Cell>
			<Cell><Data ss:Type="Number">-0.2</Data></Cell>
			<Cell><Data ss:Type="Number">-9.48</Data></Cell>
			<Cell><Data ss:Type="Number">0.11</Data></Cell>
			<Cell><Data ss:Type="Number">-1.07</Data></Cell>
			<Cell><Data ss:Type="Number">23</Data></Cell>
			<Cell><Data ss:Type="Number">39.2</Data></Cell>
			<Cell><Data ss:Type="Number">0</Data></Cell>
			<Cell><Data ss:Type="Number">0</Data></Cell>
			<Cell><Data ss:Type="String">2023-12-07 16:49:24.527442</Data></Cell>
		</Row>
		<Row>
			<Cell><Data ss:Type="String">218</Data></Cell>
			<Cell><Data ss:Type="Number">-2.96</Data></Cell>
			<Cell><Data ss:Type="Number">-9.12</Data></Cell>
			<Cell><Data ss:Type="Number">-3.15</Data></Cell>
			<Cell><Data ss:Type="Number">-8.98</Data></Cell>
			<Cell><Data ss:Type="Number">2</Data></Cell>
			<Cell><Data ss:Type="Number">-1.13</Data></Cell>
			<Cell><Data ss:Type="Number">23</Data></Cell>
			<Cell><Data ss:Type="Number">39.2</Data></Cell>
			<Cell><Data ss:Type="Number">0</Data></Cell>
			<Cell><Data ss:Type="Number">0</Data></Cell>
			<Cell><Data ss:Type="String">2023-12-07 16:49:24.477935</Data></Cell>
		</Row>
		<Row>
			<Cell><Data ss:Type="String">217</Data></Cell>
			<Cell><Data ss:Type="Number">0.29</Data></Cell>
			<Cell><Data ss:Type="Number">-9.99</Data></Cell>
			<Cell><Data ss:Type="Number">0.14</Data></Cell>
			<Cell><Data ss:Type="Number">-9.45</Data></Cell>
			<Cell><Data ss:Type="Number">-0.06</Data></Cell>
			<Cell><Data ss:Type="Number">-0.94</Data></Cell>
			<Cell><Data ss:Type="Number">23</Data></Cell>
			<Cell><Data ss:Type="Number">39.2</Data></Cell>
			<Cell><Data ss:Type="Number">0</Data></Cell>
			<Cell><Data ss:Type="Number">0</Data></Cell>
			<Cell><Data ss:Type="String">2023-12-07 16:49:24.476215</Data></Cell>
		</Row>
		<Row>
			<Cell><Data ss:Type="String">216</Data></Cell>
			<Cell><Data ss:Type="Number">0.44</Data></Cell>
			<Cell><Data ss:Type="Number">-10.04</Data></Cell>
			<Cell><Data ss:Type="Number">0.09</Data></Cell>
			<Cell><Data ss:Type="Number">-9.51</Data></Cell>
			<Cell><Data ss:Type="Number">-0.1</Data></Cell>
			<Cell><Data ss:Type="Number">-0.9</Data></Cell>
			<Cell><Data ss:Type="Number">23</Data></Cell>
			<Cell><Data ss:Type="Number">39.2</Data></Cell>
			<Cell><Data ss:Type="Number">0</Data></Cell>
			<Cell><Data ss:Type="Number">0</Data></Cell>
			<Cell><Data ss:Type="String">2023-12-07 16:49:24.429167</Data></Cell>
		</Row>
		<Row>
			<Cell><Data ss:Type="String">215</Data></Cell>
			<Cell><Data ss:Type="Number">0.27</Data></Cell>
			<Cell><Data ss:Type="Number">-10.25</Data></Cell>
			<Cell><Data ss:Type="Number">0.17</Data></Cell>
			<Cell><Data ss:Type="Number">-9.52</Data></Cell>
			<Cell><Data ss:Type="Number">-0.07</Data></Cell>
			<Cell><Data ss:Type="Number">-0.9</Data></Cell>
			<Cell><Data ss:Type="Number">23</Data></Cell>
			<Cell><Data ss:Type="Number">39.2</Data></Cell>
			<Cell><Data ss:Type="Number">0</Data></Cell>
			<Cell><Data ss:Type="Number">0</Data></Cell>
			<Cell><Data ss:Type="String">2023-12-07 16:49:24.382929</Data></Cell>
		</Row>
		<Row>
			<Cell><Data ss:Type="String">214</Data></Cell>
			<Cell><Data ss:Type="Number">0.31</Data></Cell>
			<Cell><Data ss:Type="Number">-10.15</Data></Cell>
			<Cell><Data ss:Type="Number">0.15</Data></Cell>
			<Cell><Data ss:Type="Number">-9.48</Data></Cell>
			<Cell><Data ss:Type="Number">-0.08</Data></Cell>
			<Cell><Data ss:Type="Number">-0.91</Data></Cell>
			<Cell><Data ss:Type="Number">23</Data></Cell>
			<Cell><Data ss:Type="Number">39.2</Data></Cell>
			<Cell><Data ss:Type="Number">0</Data></Cell>
			<Cell><Data ss:Type="Number">0</Data></Cell>
			<Cell><Data ss:Type="String">2023-12-07 16:49:24.349275</Data></Cell>
		</Row>
		<Row>
			<Cell><Data ss:Type="String">213</Data></Cell>
			<Cell><Data ss:Type="Number">0.21</Data></Cell>
			<Cell><Data ss:Type="Number">-10.04</Data></Cell>
			<Cell><Data ss:Type="Number">0.15</Data></Cell>
			<Cell><Data ss:Type="Number">-9.44</Data></Cell>
			<Cell><Data ss:Type="Number">-0.08</Data></Cell>
			<Cell><Data ss:Type="Number">-0.89</Data></Cell>
			<Cell><Data ss:Type="Number">23</Data></Cell>
			<Cell><Data ss:Type="Number">39.2</Data></Cell>
			<Cell><Data ss:Type="Number">0</Data></Cell>
			<Cell><Data ss:Type="Number">0</Data></Cell>
			<Cell><Data ss:Type="String">2023-12-07 16:49:24.347542</Data></Cell>
		</Row>
		<Row>
			<Cell><Data ss:Type="String">212</Data></Cell>
			<Cell><Data ss:Type="Number">0.26</Data></Cell>
			<Cell><Data ss:Type="Number">-10.02</Data></Cell>
			<Cell><Data ss:Type="Number">-0.06</Data></Cell>
			<Cell><Data ss:Type="Number">-9.43</Data></Cell>
			<Cell><Data ss:Type="Number">-0.04</Data></Cell>
			<Cell><Data ss:Type="Number">-0.91</Data></Cell>
			<Cell><Data ss:Type="Number">23</Data></Cell>
			<Cell><Data ss:Type="Number">39.2</Data></Cell>
			<Cell><Data ss:Type="Number">0</Data></Cell>
			<Cell><Data ss:Type="Number">0</Data></Cell>
			<Cell><Data ss:Type="String">2023-12-07 16:49:24.345720</Data></Cell>
		</Row>
		<Row>
			<Cell><Data ss:Type="String">211</Data></Cell>
			<Cell><Data ss:Type="Number">0.3</Data></Cell>
			<Cell><Data ss:Type="Number">-10.07</Data></Cell>
			<Cell><Data ss:Type="Number">0.16</Data></Cell>
			<Cell><Data ss:Type="Number">-9.44</Data></Cell>
			<Cell><Data ss:Type="Number">-0.08</Data></Cell>
			<Cell><Data ss:Type="Number">-0.92</Data></Cell>
			<Cell><Data ss:Type="Number">23</Data></Cell>
			<Cell><Data ss:Type="Number">39.2</Data></Cell>
			<Cell><Data ss:Type="Number">0</Data></Cell>
			<Cell><Data ss:Type="Number">0</Data></Cell>
			<Cell><Data ss:Type="String">2023-12-07 16:49:24.343753</Data></Cell>
		</Row>
		<Row>
			<Cell><Data ss:Type="String">210</Data></Cell>
			<Cell><Data ss:Type="Number">0.31</Data></Cell>
			<Cell><Data ss:Type="Number">-10.21</Data></Cell>
			<Cell><Data ss:Type="Number">0.18</Data></Cell>
			<Cell><Data ss:Type="Number">-9.54</Data></Cell>
			<Cell><Data ss:Type="Number">-0.06</Data></Cell>
			<Cell><Data ss:Type="Number">-0.91</Data></Cell>
			<Cell><Data ss:Type="Number">23</Data></Cell>
			<Cell><Data ss:Type="Number">39.2</Data></Cell>
			<Cell><Data ss:Type="Number">0</Data></Cell>
			<Cell><Data ss:Type="Number">0</Data></Cell>
			<Cell><Data ss:Type="String">2023-12-07 16:49:24.341412</Data></Cell>
		</Row>
		<Row>
			<Cell><Data ss:Type="String">209</Data></Cell>
			<Cell><Data ss:Type="Number">0.2</Data></Cell>
			<Cell><Data ss:Type="Number">-10.08</Data></Cell>
			<Cell><Data ss:Type="Number">0.14</Data></Cell>
			<Cell><Data ss:Type="Number">-9.46</Data></Cell>
			<Cell><Data ss:Type="Number">-0.08</Data></Cell>
			<Cell><Data ss:Type="Number">-0.94</Data></Cell>
			<Cell><Data ss:Type="Number">23</Data></Cell>
			<Cell><Data ss:Type="Number">39.2</Data></Cell>
			<Cell><Data ss:Type="Number">0</Data></Cell>
			<Cell><Data ss:Type="Number">0</Data></Cell>
			<Cell><Data ss:Type="String">2023-12-07 16:49:24.199996</Data></Cell>
		</Row>
		<Row>
			<Cell><Data ss:Type="String">208</Data></Cell>
			<Cell><Data ss:Type="Number">0.26</Data></Cell>
			<Cell><Data ss:Type="Number">-10.1</Data></Cell>
			<Cell><Data ss:Type="Number">0.23</Data></Cell>
			<Cell><Data ss:Type="Number">-9.43</Data></Cell>
			<Cell><Data ss:Type="Number">-0.07</Data></Cell>
			<Cell><Data ss:Type="Number">-0.94</Data></Cell>
			<Cell><Data ss:Type="Number">23</Data></Cell>
			<Cell><Data ss:Type="Number">39.2</Data></Cell>
			<Cell><Data ss:Type="Number">0</Data></Cell>
			<Cell><Data ss:Type="Number">0</Data></Cell>
			<Cell><Data ss:Type="String">2023-12-07 16:49:24.154060</Data></Cell>
		</Row>
		<Row>
			<Cell><Data ss:Type="String">207</Data></Cell>
			<Cell><Data ss:Type="Number">0.3</Data></Cell>
			<Cell><Data ss:Type="Number">-10.02</Data></Cell>
			<Cell><Data ss:Type="Number">0.09</Data></Cell>
			<Cell><Data ss:Type="Number">-9.44</Data></Cell>
			<Cell><Data ss:Type="Number">-0.08</Data></Cell>
			<Cell><Data ss:Type="Number">-0.94</Data></Cell>
			<Cell><Data ss:Type="Number">23</Data></Cell>
			<Cell><Data ss:Type="Number">39.2</Data></Cell>
			<Cell><Data ss:Type="Number">0</Data></Cell>
			<Cell><Data ss:Type="Number">0</Data></Cell>
			<Cell><Data ss:Type="String">2023-12-07 16:49:24.109611</Data></Cell>
		</Row>
		<Row>
			<Cell><Data ss:Type="String">206</Data></Cell>
			<Cell><Data ss:Type="Number">0.07</Data></Cell>
			<Cell><Data ss:Type="Number">-10.11</Data></Cell>
			<Cell><Data ss:Type="Number">0.18</Data></Cell>
			<Cell><Data ss:Type="Number">-9.5</Data></Cell>
			<Cell><Data ss:Type="Number">-0.1</Data></Cell>
			<Cell><Data ss:Type="Number">-0.89</Data></Cell>
			<Cell><Data ss:Type="Number">23</Data></Cell>
			<Cell><Data ss:Type="Number">39.2</Data></Cell>
			<Cell><Data ss:Type="Number">0</Data></Cell>
			<Cell><Data ss:Type="Number">0</Data></Cell>
			<Cell><Data ss:Type="String">2023-12-07 16:49:24.107544</Data></Cell>
		</Row>
		<Row>
			<Cell><Data ss:Type="String">205</Data></Cell>
			<Cell><Data ss:Type="Number">0.29</Data></Cell>
			<Cell><Data ss:Type="Number">-10.14</Data></Cell>
			<Cell><Data ss:Type="Number">0.13</Data></Cell>
			<Cell><Data ss:Type="Number">-9.51</Data></Cell>
			<Cell><Data ss:Type="Number">-0.09</Data></Cell>
			<Cell><Data ss:Type="Number">-0.92</Data></Cell>
			<Cell><Data ss:Type="Number">23</Data></Cell>
			<Cell><Data ss:Type="Number">39.2</Data></Cell>
			<Cell><Data ss:Type="Number">0</Data></Cell>
			<Cell><Data ss:Type="Number">0</Data></Cell>
			<Cell><Data ss:Type="String">2023-12-07 16:49:24.062056</Data></Cell>
		</Row>
		<Row>
			<Cell><Data ss:Type="String">204</Data></Cell>
			<Cell><Data ss:Type="Number">0.25</Data></Cell>
			<Cell><Data ss:Type="Number">-9.97</Data></Cell>
			<Cell><Data ss:Type="Number">0.15</Data></Cell>
			<Cell><Data ss:Type="Number">-9.44</Data></Cell>
			<Cell><Data ss:Type="Number">-0.08</Data></Cell>
			<Cell><Data ss:Type="Number">-0.89</Data></Cell>
			<Cell><Data ss:Type="Number">23</Data></Cell>
			<Cell><Data ss:Type="Number">39.2</Data></Cell>
			<Cell><Data ss:Type="Number">0</Data></Cell>
			<Cell><Data ss:Type="Number">0</Data></Cell>
			<Cell><Data ss:Type="String">2023-12-07 16:49:24.017811</Data></Cell>
		</Row>
		<Row>
			<Cell><Data ss:Type="String">203</Data></Cell>
			<Cell><Data ss:Type="Number">0.28</Data></Cell>
			<Cell><Data ss:Type="Number">-10</Data></Cell>
			<Cell><Data ss:Type="Number">0.17</Data></Cell>
			<Cell><Data ss:Type="Number">-9.45</Data></Cell>
			<Cell><Data ss:Type="Number">-0.09</Data></Cell>
			<Cell><Data ss:Type="Number">-0.91</Data></Cell>
			<Cell><Data ss:Type="Number">23</Data></Cell>
			<Cell><Data ss:Type="Number">39.2</Data></Cell>
			<Cell><Data ss:Type="Number">0</Data></Cell>
			<Cell><Data ss:Type="Number">0</Data></Cell>
			<Cell><Data ss:Type="String">2023-12-07 16:49:24.015420</Data></Cell>
		</Row>
		<Row>
			<Cell><Data ss:Type="String">202</Data></Cell>
			<Cell><Data ss:Type="Number">0.28</Data></Cell>
			<Cell><Data ss:Type="Number">-10.1</Data></Cell>
			<Cell><Data ss:Type="Number">0.14</Data></Cell>
			<Cell><Data ss:Type="Number">-9.51</Data></Cell>
			<Cell><Data ss:Type="Number">-0.08</Data></Cell>
			<Cell><Data ss:Type="Number">-0.9</Data></Cell>
			<Cell><Data ss:Type="Number">23</Data></Cell>
			<Cell><Data ss:Type="Number">39.2</Data></Cell>
			<Cell><Data ss:Type="Number">0</Data></Cell>
			<Cell><Data ss:Type="Number">0</Data></Cell>
			<Cell><Data ss:Type="String">2023-12-07 16:49:23.977183</Data></Cell>
		</Row>
		<Row>
			<Cell><Data ss:Type="String">201</Data></Cell>
			<Cell><Data ss:Type="Number">0.29</Data></Cell>
			<Cell><Data ss:Type="Number">-10.17</Data></Cell>
			<Cell><Data ss:Type="Number">0.19</Data></Cell>
			<Cell><Data ss:Type="Number">-9.5</Data></Cell>
			<Cell><Data ss:Type="Number">-0.07</Data></Cell>
			<Cell><Data ss:Type="Number">-0.89</Data></Cell>
			<Cell><Data ss:Type="Number">23</Data></Cell>
			<Cell><Data ss:Type="Number">39.2</Data></Cell>
			<Cell><Data ss:Type="Number">0</Data></Cell>
			<Cell><Data ss:Type="Number">0</Data></Cell>
			<Cell><Data ss:Type="String">2023-12-07 16:49:23.975027</Data></Cell>
		</Row>
		<Row>
			<Cell><Data ss:Type="String">200</Data></Cell>
			<Cell><Data ss:Type="Number">0.43</Data></Cell>
			<Cell><Data ss:Type="Number">-10.3</Data></Cell>
			<Cell><Data ss:Type="Number">0.08</Data></Cell>
			<Cell><Data ss:Type="Number">-9.53</Data></Cell>
			<Cell><Data ss:Type="Number">-0.08</Data></Cell>
			<Cell><Data ss:Type="Number">-0.87</Data></Cell>
			<Cell><Data ss:Type="Number">23</Data></Cell>
			<Cell><Data ss:Type="Number">39.2</Data></Cell>
			<Cell><Data ss:Type="Number">0</Data></Cell>
			<Cell><Data ss:Type="Number">0</Data></Cell>
			<Cell><Data ss:Type="String">2023-12-07 16:49:23.972057</Data></Cell>
		</Row>
		<Row>
			<Cell><Data ss:Type="String">199</Data></Cell>
			<Cell><Data ss:Type="Number">0.27</Data></Cell>
			<Cell><Data ss:Type="Number">-9.98</Data></Cell>
			<Cell><Data ss:Type="Number">0.11</Data></Cell>
			<Cell><Data ss:Type="Number">-9.44</Data></Cell>
			<Cell><Data ss:Type="Number">-0.08</Data></Cell>
			<Cell><Data ss:Type="Number">-0.91</Data></Cell>
			<Cell><Data ss:Type="Number">23</Data></Cell>
			<Cell><Data ss:Type="Number">39.2</Data></Cell>
			<Cell><Data ss:Type="Number">0</Data></Cell>
			<Cell><Data ss:Type="Number">0</Data></Cell>
			<Cell><Data ss:Type="String">2023-12-07 16:49:23.969143</Data></Cell>
		</Row>
		<Row>
			<Cell><Data ss:Type="String">198</Data></Cell>
			<Cell><Data ss:Type="Number">0.25</Data></Cell>
			<Cell><Data ss:Type="Number">-9.92</Data></Cell>
			<Cell><Data ss:Type="Number">0.11</Data></Cell>
			<Cell><Data ss:Type="Number">-9.43</Data></Cell>
			<Cell><Data ss:Type="Number">-0.06</Data></Cell>
			<Cell><Data ss:Type="Number">-0.93</Data></Cell>
			<Cell><Data ss:Type="Number">23</Data></Cell>
			<Cell><Data ss:Type="Number">39.2</Data></Cell>
			<Cell><Data ss:Type="Number">0</Data></Cell>
			<Cell><Data ss:Type="Number">0</Data></Cell>
			<Cell><Data ss:Type="String">2023-12-07 16:49:23.966307</Data></Cell>
		</Row>
		<Row>
			<Cell><Data ss:Type="String">197</Data></Cell>
			<Cell><Data ss:Type="Number">0.29</Data></Cell>
			<Cell><Data ss:Type="Number">-9.98</Data></Cell>
			<Cell><Data ss:Type="Number">0.1</Data></Cell>
			<Cell><Data ss:Type="Number">-9.46</Data></Cell>
			<Cell><Data ss:Type="Number">-0.06</Data></Cell>
			<Cell><Data ss:Type="Number">-0.91</Data></Cell>
			<Cell><Data ss:Type="Number">23</Data></Cell>
			<Cell><Data ss:Type="Number">39.2</Data></Cell>
			<Cell><Data ss:Type="Number">0</Data></Cell>
			<Cell><Data ss:Type="Number">0</Data></Cell>
			<Cell><Data ss:Type="String">2023-12-07 16:49:23.964142</Data></Cell>
		</Row>
		<Row>
			<Cell><Data ss:Type="String">196</Data></Cell>
			<Cell><Data ss:Type="Number">0.3</Data></Cell>
			<Cell><Data ss:Type="Number">-10.09</Data></Cell>
			<Cell><Data ss:Type="Number">0.16</Data></Cell>
			<Cell><Data ss:Type="Number">-9.51</Data></Cell>
			<Cell><Data ss:Type="Number">-0.06</Data></Cell>
			<Cell><Data ss:Type="Number">-0.86</Data></Cell>
			<Cell><Data ss:Type="Number">23</Data></Cell>
			<Cell><Data ss:Type="Number">39.2</Data></Cell>
			<Cell><Data ss:Type="Number">0</Data></Cell>
			<Cell><Data ss:Type="Number">0</Data></Cell>
			<Cell><Data ss:Type="String">2023-12-07 16:49:23.961384</Data></Cell>
		</Row>
		<Row>
			<Cell><Data ss:Type="String">195</Data></Cell>
			<Cell><Data ss:Type="Number">0.33</Data></Cell>
			<Cell><Data ss:Type="Number">-10.11</Data></Cell>
			<Cell><Data ss:Type="Number">0.11</Data></Cell>
			<Cell><Data ss:Type="Number">-9.53</Data></Cell>
			<Cell><Data ss:Type="Number">-0.08</Data></Cell>
			<Cell><Data ss:Type="Number">-0.93</Data></Cell>
			<Cell><Data ss:Type="Number">23</Data></Cell>
			<Cell><Data ss:Type="Number">39.2</Data></Cell>
			<Cell><Data ss:Type="Number">0</Data></Cell>
			<Cell><Data ss:Type="Number">0</Data></Cell>
			<Cell><Data ss:Type="String">2023-12-07 16:49:23.733215</Data></Cell>
		</Row>
		<Row>
			<Cell><Data ss:Type="String">194</Data></Cell>
			<Cell><Data ss:Type="Number">0.29</Data></Cell>
			<Cell><Data ss:Type="Number">-10.09</Data></Cell>
			<Cell><Data ss:Type="Number">0.16</Data></Cell>
			<Cell><Data ss:Type="Number">-9.47</Data></Cell>
			<Cell><Data ss:Type="Number">-0.08</Data></Cell>
			<Cell><Data ss:Type="Number">-0.87</Data></Cell>
			<Cell><Data ss:Type="Number">23</Data></Cell>
			<Cell><Data ss:Type="Number">39.2</Data></Cell>
			<Cell><Data ss:Type="Number">0</Data></Cell>
			<Cell><Data ss:Type="Number">0</Data></Cell>
			<Cell><Data ss:Type="String">2023-12-07 16:49:23.731436</Data></Cell>
		</Row>
		<Row>
			<Cell><Data ss:Type="String">193</Data></Cell>
			<Cell><Data ss:Type="Number">0.34</Data></Cell>
			<Cell><Data ss:Type="Number">-10.06</Data></Cell>
			<Cell><Data ss:Type="Number">0.09</Data></Cell>
			<Cell><Data ss:Type="Number">-9.44</Data></Cell>
			<Cell><Data ss:Type="Number">-0.08</Data></Cell>
			<Cell><Data ss:Type="Number">-0.94</Data></Cell>
			<Cell><Data ss:Type="Number">23</Data></Cell>
			<Cell><Data ss:Type="Number">39.2</Data></Cell>
			<Cell><Data ss:Type="Number">0</Data></Cell>
			<Cell><Data ss:Type="Number">0</Data></Cell>
			<Cell><Data ss:Type="String">2023-12-07 16:49:23.662420</Data></Cell>
		</Row>
		<Row>
			<Cell><Data ss:Type="String">192</Data></Cell>
			<Cell><Data ss:Type="Number">0.31</Data></Cell>
			<Cell><Data ss:Type="Number">-10.01</Data></Cell>
			<Cell><Data ss:Type="Number">0.21</Data></Cell>
			<Cell><Data ss:Type="Number">-9.47</Data></Cell>
			<Cell><Data ss:Type="Number">-0.05</Data></Cell>
			<Cell><Data ss:Type="Number">-0.92</Data></Cell>
			<Cell><Data ss:Type="Number">23</Data></Cell>
			<Cell><Data ss:Type="Number">39.2</Data></Cell>
			<Cell><Data ss:Type="Number">0</Data></Cell>
			<Cell><Data ss:Type="Number">0</Data></Cell>
			<Cell><Data ss:Type="String">2023-12-07 16:49:23.616517</Data></Cell>
		</Row>
		<Row>
			<Cell><Data ss:Type="String">191</Data></Cell>
			<Cell><Data ss:Type="Number">0.25</Data></Cell>
			<Cell><Data ss:Type="Number">-10.15</Data></Cell>
			<Cell><Data ss:Type="Number">0.18</Data></Cell>
			<Cell><Data ss:Type="Number">-9.52</Data></Cell>
			<Cell><Data ss:Type="Number">-0.08</Data></Cell>
			<Cell><Data ss:Type="Number">-0.91</Data></Cell>
			<Cell><Data ss:Type="Number">23</Data></Cell>
			<Cell><Data ss:Type="Number">39.2</Data></Cell>
			<Cell><Data ss:Type="Number">0</Data></Cell>
			<Cell><Data ss:Type="Number">0</Data></Cell>
			<Cell><Data ss:Type="String">2023-12-07 16:49:23.574759</Data></Cell>
		</Row>
		<Row>
			<Cell><Data ss:Type="String">190</Data></Cell>
			<Cell><Data ss:Type="Number">0.25</Data></Cell>
			<Cell><Data ss:Type="Number">-10.11</Data></Cell>
			<Cell><Data ss:Type="Number">0.16</Data></Cell>
			<Cell><Data ss:Type="Number">-9.53</Data></Cell>
			<Cell><Data ss:Type="Number">-0.07</Data></Cell>
			<Cell><Data ss:Type="Number">-0.92</Data></Cell>
			<Cell><Data ss:Type="Number">23</Data></Cell>
			<Cell><Data ss:Type="Number">39.2</Data></Cell>
			<Cell><Data ss:Type="Number">0</Data></Cell>
			<Cell><Data ss:Type="Number">0</Data></Cell>
			<Cell><Data ss:Type="String">2023-12-07 16:49:23.566545</Data></Cell>
		</Row>
		<Row>
			<Cell><Data ss:Type="String">189</Data></Cell>
			<Cell><Data ss:Type="Number">0.34</Data></Cell>
			<Cell><Data ss:Type="Number">-10.04</Data></Cell>
			<Cell><Data ss:Type="Number">0.18</Data></Cell>
			<Cell><Data ss:Type="Number">-9.44</Data></Cell>
			<Cell><Data ss:Type="Number">-0.09</Data></Cell>
			<Cell><Data ss:Type="Number">-0.89</Data></Cell>
			<Cell><Data ss:Type="Number">23</Data></Cell>
			<Cell><Data ss:Type="Number">39.2</Data></Cell>
			<Cell><Data ss:Type="Number">0</Data></Cell>
			<Cell><Data ss:Type="Number">0</Data></Cell>
			<Cell><Data ss:Type="String">2023-12-07 16:49:23.511402</Data></Cell>
		</Row>
		<Row>
			<Cell><Data ss:Type="String">188</Data></Cell>
			<Cell><Data ss:Type="Number">0.32</Data></Cell>
			<Cell><Data ss:Type="Number">-10.01</Data></Cell>
			<Cell><Data ss:Type="Number">-0.02</Data></Cell>
			<Cell><Data ss:Type="Number">-9.45</Data></Cell>
			<Cell><Data ss:Type="Number">-0.09</Data></Cell>
			<Cell><Data ss:Type="Number">-0.94</Data></Cell>
			<Cell><Data ss:Type="Number">23</Data></Cell>
			<Cell><Data ss:Type="Number">39.2</Data></Cell>
			<Cell><Data ss:Type="Number">0</Data></Cell>
			<Cell><Data ss:Type="Number">0</Data></Cell>
			<Cell><Data ss:Type="String">2023-12-07 16:49:23.509353</Data></Cell>
		</Row>
		<Row>
			<Cell><Data ss:Type="String">187</Data></Cell>
			<Cell><Data ss:Type="Number">0.29</Data></Cell>
			<Cell><Data ss:Type="Number">-10.11</Data></Cell>
			<Cell><Data ss:Type="Number">0.19</Data></Cell>
			<Cell><Data ss:Type="Number">-9.5</Data></Cell>
			<Cell><Data ss:Type="Number">-0.08</Data></Cell>
			<Cell><Data ss:Type="Number">-0.89</Data></Cell>
			<Cell><Data ss:Type="Number">23</Data></Cell>
			<Cell><Data ss:Type="Number">39.2</Data></Cell>
			<Cell><Data ss:Type="Number">0</Data></Cell>
			<Cell><Data ss:Type="Number">0</Data></Cell>
			<Cell><Data ss:Type="String">2023-12-07 16:49:23.463307</Data></Cell>
		</Row>
		<Row>
			<Cell><Data ss:Type="String">186</Data></Cell>
			<Cell><Data ss:Type="Number">0.25</Data></Cell>
			<Cell><Data ss:Type="Number">-10.16</Data></Cell>
			<Cell><Data ss:Type="Number">0.09</Data></Cell>
			<Cell><Data ss:Type="Number">-9.54</Data></Cell>
			<Cell><Data ss:Type="Number">-0.06</Data></Cell>
			<Cell><Data ss:Type="Number">-0.9</Data></Cell>
			<Cell><Data ss:Type="Number">23</Data></Cell>
			<Cell><Data ss:Type="Number">39.2</Data></Cell>
			<Cell><Data ss:Type="Number">0</Data></Cell>
			<Cell><Data ss:Type="Number">0</Data></Cell>
			<Cell><Data ss:Type="String">2023-12-07 16:49:23.424363</Data></Cell>
		</Row>
		<Row>
			<Cell><Data ss:Type="String">185</Data></Cell>
			<Cell><Data ss:Type="Number">0.25</Data></Cell>
			<Cell><Data ss:Type="Number">-10.23</Data></Cell>
			<Cell><Data ss:Type="Number">0.17</Data></Cell>
			<Cell><Data ss:Type="Number">-9.53</Data></Cell>
			<Cell><Data ss:Type="Number">-0.07</Data></Cell>
			<Cell><Data ss:Type="Number">-0.9</Data></Cell>
			<Cell><Data ss:Type="Number">23</Data></Cell>
			<Cell><Data ss:Type="Number">39.2</Data></Cell>
			<Cell><Data ss:Type="Number">0</Data></Cell>
			<Cell><Data ss:Type="Number">0</Data></Cell>
			<Cell><Data ss:Type="String">2023-12-07 16:49:23.422121</Data></Cell>
		</Row>
		<Row>
			<Cell><Data ss:Type="String">184</Data></Cell>
			<Cell><Data ss:Type="Number">0.35</Data></Cell>
			<Cell><Data ss:Type="Number">-9.98</Data></Cell>
			<Cell><Data ss:Type="Number">0.23</Data></Cell>
			<Cell><Data ss:Type="Number">-9.41</Data></Cell>
			<Cell><Data ss:Type="Number">-0.1</Data></Cell>
			<Cell><Data ss:Type="Number">-0.88</Data></Cell>
			<Cell><Data ss:Type="Number">23</Data></Cell>
			<Cell><Data ss:Type="Number">39.2</Data></Cell>
			<Cell><Data ss:Type="Number">0</Data></Cell>
			<Cell><Data ss:Type="Number">0</Data></Cell>
			<Cell><Data ss:Type="String">2023-12-07 16:49:23.419217</Data></Cell>
		</Row>
		<Row>
			<Cell><Data ss:Type="String">183</Data></Cell>
			<Cell><Data ss:Type="Number">0.19</Data></Cell>
			<Cell><Data ss:Type="Number">-9.93</Data></Cell>
			<Cell><Data ss:Type="Number">0.07</Data></Cell>
			<Cell><Data ss:Type="Number">-9.48</Data></Cell>
			<Cell><Data ss:Type="Number">-0.14</Data></Cell>
			<Cell><Data ss:Type="Number">-0.98</Data></Cell>
			<Cell><Data ss:Type="Number">23</Data></Cell>
			<Cell><Data ss:Type="Number">39.2</Data></Cell>
			<Cell><Data ss:Type="Number">0</Data></Cell>
			<Cell><Data ss:Type="Number">0</Data></Cell>
			<Cell><Data ss:Type="String">2023-12-07 16:49:23.336428</Data></Cell>
		</Row>
		<Row>
			<Cell><Data ss:Type="String">182</Data></Cell>
			<Cell><Data ss:Type="Number">0.24</Data></Cell>
			<Cell><Data ss:Type="Number">-10.12</Data></Cell>
			<Cell><Data ss:Type="Number">0.21</Data></Cell>
			<Cell><Data ss:Type="Number">-9.46</Data></Cell>
			<Cell><Data ss:Type="Number">-0.07</Data></Cell>
			<Cell><Data ss:Type="Number">-0.85</Data></Cell>
			<Cell><Data ss:Type="Number">23</Data></Cell>
			<Cell><Data ss:Type="Number">39.2</Data></Cell>
			<Cell><Data ss:Type="Number">0</Data></Cell>
			<Cell><Data ss:Type="Number">0</Data></Cell>
			<Cell><Data ss:Type="String">2023-12-07 16:49:23.334545</Data></Cell>
		</Row>
		<Row>
			<Cell><Data ss:Type="String">181</Data></Cell>
			<Cell><Data ss:Type="Number">0.16</Data></Cell>
			<Cell><Data ss:Type="Number">-9.99</Data></Cell>
			<Cell><Data ss:Type="Number">0.04</Data></Cell>
			<Cell><Data ss:Type="Number">-9.44</Data></Cell>
			<Cell><Data ss:Type="Number">-0.19</Data></Cell>
			<Cell><Data ss:Type="Number">-0.89</Data></Cell>
			<Cell><Data ss:Type="Number">23</Data></Cell>
			<Cell><Data ss:Type="Number">39.2</Data></Cell>
			<Cell><Data ss:Type="Number">0</Data></Cell>
			<Cell><Data ss:Type="Number">0</Data></Cell>
			<Cell><Data ss:Type="String">2023-12-07 16:49:23.332991</Data></Cell>
		</Row>
		<Row>
			<Cell><Data ss:Type="String">180</Data></Cell>
			<Cell><Data ss:Type="Number">-0.22</Data></Cell>
			<Cell><Data ss:Type="Number">-10.18</Data></Cell>
			<Cell><Data ss:Type="Number">-0.22</Data></Cell>
			<Cell><Data ss:Type="Number">-9.53</Data></Cell>
			<Cell><Data ss:Type="Number">0.22</Data></Cell>
			<Cell><Data ss:Type="Number">-1</Data></Cell>
			<Cell><Data ss:Type="Number">23</Data></Cell>
			<Cell><Data ss:Type="Number">39.2</Data></Cell>
			<Cell><Data ss:Type="Number">0</Data></Cell>
			<Cell><Data ss:Type="Number">0</Data></Cell>
			<Cell><Data ss:Type="String">2023-12-07 16:49:23.331048</Data></Cell>
		</Row>
		<Row>
			<Cell><Data ss:Type="String">179</Data></Cell>
			<Cell><Data ss:Type="Number">0.23</Data></Cell>
			<Cell><Data ss:Type="Number">-10.09</Data></Cell>
			<Cell><Data ss:Type="Number">-0.03</Data></Cell>
			<Cell><Data ss:Type="Number">-9.47</Data></Cell>
			<Cell><Data ss:Type="Number">0.11</Data></Cell>
			<Cell><Data ss:Type="Number">-0.88</Data></Cell>
			<Cell><Data ss:Type="Number">23</Data></Cell>
			<Cell><Data ss:Type="Number">39.2</Data></Cell>
			<Cell><Data ss:Type="Number">0</Data></Cell>
			<Cell><Data ss:Type="Number">0</Data></Cell>
			<Cell><Data ss:Type="String">2023-12-07 16:49:23.329147</Data></Cell>
		</Row>
		<Row>
			<Cell><Data ss:Type="String">178</Data></Cell>
			<Cell><Data ss:Type="Number">1.49</Data></Cell>
			<Cell><Data ss:Type="Number">-10.14</Data></Cell>
			<Cell><Data ss:Type="Number">0.83</Data></Cell>
			<Cell><Data ss:Type="Number">-9.5</Data></Cell>
			<Cell><Data ss:Type="Number">-0.58</Data></Cell>
			<Cell><Data ss:Type="Number">-0.98</Data></Cell>
			<Cell><Data ss:Type="Number">23</Data></Cell>
			<Cell><Data ss:Type="Number">39.2</Data></Cell>
			<Cell><Data ss:Type="Number">0</Data></Cell>
			<Cell><Data ss:Type="Number">0</Data></Cell>
			<Cell><Data ss:Type="String">2023-12-07 16:49:23.327302</Data></Cell>
		</Row>
		<Row>
			<Cell><Data ss:Type="String">177</Data></Cell>
			<Cell><Data ss:Type="Number">1.48</Data></Cell>
			<Cell><Data ss:Type="Number">-9.83</Data></Cell>
			<Cell><Data ss:Type="Number">1.34</Data></Cell>
			<Cell><Data ss:Type="Number">-9.34</Data></Cell>
			<Cell><Data ss:Type="Number">-1</Data></Cell>
			<Cell><Data ss:Type="Number">-0.63</Data></Cell>
			<Cell><Data ss:Type="Number">23</Data></Cell>
			<Cell><Data ss:Type="Number">39.2</Data></Cell>
			<Cell><Data ss:Type="Number">0</Data></Cell>
			<Cell><Data ss:Type="Number">0</Data></Cell>
			<Cell><Data ss:Type="String">2023-12-07 16:49:23.321954</Data></Cell>
		</Row>
		<Row>
			<Cell><Data ss:Type="String">176</Data></Cell>
			<Cell><Data ss:Type="Number">-3.23</Data></Cell>
			<Cell><Data ss:Type="Number">-11.52</Data></Cell>
			<Cell><Data ss:Type="Number">-1.8</Data></Cell>
			<Cell><Data ss:Type="Number">-9.79</Data></Cell>
			<Cell><Data ss:Type="Number">0.5</Data></Cell>
			<Cell><Data ss:Type="Number">-1.01</Data></Cell>
			<Cell><Data ss:Type="Number">23</Data></Cell>
			<Cell><Data ss:Type="Number">39.2</Data></Cell>
			<Cell><Data ss:Type="Number">0</Data></Cell>
			<Cell><Data ss:Type="Number">0</Data></Cell>
			<Cell><Data ss:Type="String">2023-12-07 16:49:23.085017</Data></Cell>
		</Row>
		<Row>
			<Cell><Data ss:Type="String">175</Data></Cell>
			<Cell><Data ss:Type="Number">-2.08</Data></Cell>
			<Cell><Data ss:Type="Number">-3.99</Data></Cell>
			<Cell><Data ss:Type="Number">-1.7</Data></Cell>
			<Cell><Data ss:Type="Number">-5.93</Data></Cell>
			<Cell><Data ss:Type="Number">1.72</Data></Cell>
			<Cell><Data ss:Type="Number">-0.75</Data></Cell>
			<Cell><Data ss:Type="Number">23</Data></Cell>
			<Cell><Data ss:Type="Number">39.2</Data></Cell>
			<Cell><Data ss:Type="Number">0</Data></Cell>
			<Cell><Data ss:Type="Number">0</Data></Cell>
			<Cell><Data ss:Type="String">2023-12-07 16:49:23.082932</Data></Cell>
		</Row>
		<Row>
			<Cell><Data ss:Type="String">174</Data></Cell>
			<Cell><Data ss:Type="Number">0.01</Data></Cell>
			<Cell><Data ss:Type="Number">-10.47</Data></Cell>
			<Cell><Data ss:Type="Number">0.15</Data></Cell>
			<Cell><Data ss:Type="Number">-9.6</Data></Cell>
			<Cell><Data ss:Type="Number">-0.05</Data></Cell>
			<Cell><Data ss:Type="Number">-0.91</Data></Cell>
			<Cell><Data ss:Type="Number">23</Data></Cell>
			<Cell><Data ss:Type="Number">39.2</Data></Cell>
			<Cell><Data ss:Type="Number">0</Data></Cell>
			<Cell><Data ss:Type="Number">0</Data></Cell>
			<Cell><Data ss:Type="String">2023-12-07 16:49:23.080975</Data></Cell>
		</Row>
		<Row>
			<Cell><Data ss:Type="String">173</Data></Cell>
			<Cell><Data ss:Type="Number">-0.02</Data></Cell>
			<Cell><Data ss:Type="Number">-9.86</Data></Cell>
			<Cell><Data ss:Type="Number">0.53</Data></Cell>
			<Cell><Data ss:Type="Number">-9.42</Data></Cell>
			<Cell><Data ss:Type="Number">-0.08</Data></Cell>
			<Cell><Data ss:Type="Number">-0.94</Data></Cell>
			<Cell><Data ss:Type="Number">23</Data></Cell>
			<Cell><Data ss:Type="Number">39.2</Data></Cell>
			<Cell><Data ss:Type="Number">0</Data></Cell>
			<Cell><Data ss:Type="Number">0</Data></Cell>
			<Cell><Data ss:Type="String">2023-12-07 16:49:23.079121</Data></Cell>
		</Row>
		<Row>
			<Cell><Data ss:Type="String">172</Data></Cell>
			<Cell><Data ss:Type="Number">0.3</Data></Cell>
			<Cell><Data ss:Type="Number">-9.81</Data></Cell>
			<Cell><Data ss:Type="Number">-0.03</Data></Cell>
			<Cell><Data ss:Type="Number">-9.35</Data></Cell>
			<Cell><Data ss:Type="Number">-0.06</Data></Cell>
			<Cell><Data ss:Type="Number">-0.95</Data></Cell>
			<Cell><Data ss:Type="Number">23</Data></Cell>
			<Cell><Data ss:Type="Number">39.2</Data></Cell>
			<Cell><Data ss:Type="Number">0</Data></Cell>
			<Cell><Data ss:Type="Number">0</Data></Cell>
			<Cell><Data ss:Type="String">2023-12-07 16:49:23.077391</Data></Cell>
		</Row>
		<Row>
			<Cell><Data ss:Type="String">171</Data></Cell>
			<Cell><Data ss:Type="Number">0.14</Data></Cell>
			<Cell><Data ss:Type="Number">-9.72</Data></Cell>
			<Cell><Data ss:Type="Number">0.56</Data></Cell>
			<Cell><Data ss:Type="Number">-9.57</Data></Cell>
			<Cell><Data ss:Type="Number">-0.08</Data></Cell>
			<Cell><Data ss:Type="Number">-0.94</Data></Cell>
			<Cell><Data ss:Type="Number">23</Data></Cell>
			<Cell><Data ss:Type="Number">39.2</Data></Cell>
			<Cell><Data ss:Type="Number">0</Data></Cell>
			<Cell><Data ss:Type="Number">0</Data></Cell>
			<Cell><Data ss:Type="String">2023-12-07 16:49:23.075538</Data></Cell>
		</Row>
		<Row>
			<Cell><Data ss:Type="String">170</Data></Cell>
			<Cell><Data ss:Type="Number">0.33</Data></Cell>
			<Cell><Data ss:Type="Number">-10.02</Data></Cell>
			<Cell><Data ss:Type="Number">-0.02</Data></Cell>
			<Cell><Data ss:Type="Number">-9.51</Data></Cell>
			<Cell><Data ss:Type="Number">-0.04</Data></Cell>
			<Cell><Data ss:Type="Number">-0.92</Data></Cell>
			<Cell><Data ss:Type="Number">23</Data></Cell>
			<Cell><Data ss:Type="Number">39.2</Data></Cell>
			<Cell><Data ss:Type="Number">0</Data></Cell>
			<Cell><Data ss:Type="Number">0</Data></Cell>
			<Cell><Data ss:Type="String">2023-12-07 16:49:23.072994</Data></Cell>
		</Row>
		<Row>
			<Cell><Data ss:Type="String">169</Data></Cell>
			<Cell><Data ss:Type="Number">0.32</Data></Cell>
			<Cell><Data ss:Type="Number">-10.18</Data></Cell>
			<Cell><Data ss:Type="Number">0.06</Data></Cell>
			<Cell><Data ss:Type="Number">-9.34</Data></Cell>
			<Cell><Data ss:Type="Number">-0.12</Data></Cell>
			<Cell><Data ss:Type="Number">-0.93</Data></Cell>
			<Cell><Data ss:Type="Number">23</Data></Cell>
			<Cell><Data ss:Type="Number">39.2</Data></Cell>
			<Cell><Data ss:Type="Number">0</Data></Cell>
			<Cell><Data ss:Type="Number">0</Data></Cell>
			<Cell><Data ss:Type="String">2023-12-07 16:49:22.833692</Data></Cell>
		</Row>
		<Row>
			<Cell><Data ss:Type="String">168</Data></Cell>
			<Cell><Data ss:Type="Number">0.76</Data></Cell>
			<Cell><Data ss:Type="Number">-10.2</Data></Cell>
			<Cell><Data ss:Type="Number">0.06</Data></Cell>
			<Cell><Data ss:Type="Number">-9.48</Data></Cell>
			<Cell><Data ss:Type="Number">0.01</Data></Cell>
			<Cell><Data ss:Type="Number">-0.81</Data></Cell>
			<Cell><Data ss:Type="Number">23</Data></Cell>
			<Cell><Data ss:Type="Number">39.2</Data></Cell>
			<Cell><Data ss:Type="Number">0</Data></Cell>
			<Cell><Data ss:Type="Number">0</Data></Cell>
			<Cell><Data ss:Type="String">2023-12-07 16:49:22.832174</Data></Cell>
		</Row>
		<Row>
			<Cell><Data ss:Type="String">167</Data></Cell>
			<Cell><Data ss:Type="Number">0.45</Data></Cell>
			<Cell><Data ss:Type="Number">-10.2</Data></Cell>
			<Cell><Data ss:Type="Number">0.57</Data></Cell>
			<Cell><Data ss:Type="Number">-9.57</Data></Cell>
			<Cell><Data ss:Type="Number">-0.08</Data></Cell>
			<Cell><Data ss:Type="Number">-0.91</Data></Cell>
			<Cell><Data ss:Type="Number">23</Data></Cell>
			<Cell><Data ss:Type="Number">39.2</Data></Cell>
			<Cell><Data ss:Type="Number">0</Data></Cell>
			<Cell><Data ss:Type="Number">0</Data></Cell>
			<Cell><Data ss:Type="String">2023-12-07 16:49:22.780019</Data></Cell>
		</Row>
		<Row>
			<Cell><Data ss:Type="String">166</Data></Cell>
			<Cell><Data ss:Type="Number">0.04</Data></Cell>
			<Cell><Data ss:Type="Number">-10.59</Data></Cell>
			<Cell><Data ss:Type="Number">0.44</Data></Cell>
			<Cell><Data ss:Type="Number">-9.57</Data></Cell>
			<Cell><Data ss:Type="Number">-0.09</Data></Cell>
			<Cell><Data ss:Type="Number">-0.86</Data></Cell>
			<Cell><Data ss:Type="Number">23</Data></Cell>
			<Cell><Data ss:Type="Number">39.2</Data></Cell>
			<Cell><Data ss:Type="Number">0</Data></Cell>
			<Cell><Data ss:Type="Number">0</Data></Cell>
			<Cell><Data ss:Type="String">2023-12-07 16:49:22.778407</Data></Cell>
		</Row>
		<Row>
			<Cell><Data ss:Type="String">165</Data></Cell>
			<Cell><Data ss:Type="Number">0.47</Data></Cell>
			<Cell><Data ss:Type="Number">-10.03</Data></Cell>
			<Cell><Data ss:Type="Number">0.73</Data></Cell>
			<Cell><Data ss:Type="Number">-9.36</Data></Cell>
			<Cell><Data ss:Type="Number">-0.1</Data></Cell>
			<Cell><Data ss:Type="Number">-0.96</Data></Cell>
			<Cell><Data ss:Type="Number">23</Data></Cell>
			<Cell><Data ss:Type="Number">39.2</Data></Cell>
			<Cell><Data ss:Type="Number">0</Data></Cell>
			<Cell><Data ss:Type="Number">0</Data></Cell>
			<Cell><Data ss:Type="String">2023-12-07 16:49:22.776564</Data></Cell>
		</Row>
		<Row>
			<Cell><Data ss:Type="String">164</Data></Cell>
			<Cell><Data ss:Type="Number">-0.08</Data></Cell>
			<Cell><Data ss:Type="Number">-10.14</Data></Cell>
			<Cell><Data ss:Type="Number">-0.11</Data></Cell>
			<Cell><Data ss:Type="Number">-9.49</Data></Cell>
			<Cell><Data ss:Type="Number">-0.06</Data></Cell>
			<Cell><Data ss:Type="Number">-0.9</Data></Cell>
			<Cell><Data ss:Type="Number">23</Data></Cell>
			<Cell><Data ss:Type="Number">39.2</Data></Cell>
			<Cell><Data ss:Type="Number">0</Data></Cell>
			<Cell><Data ss:Type="Number">0</Data></Cell>
			<Cell><Data ss:Type="String">2023-12-07 16:49:22.774873</Data></Cell>
		</Row>
		<Row>
			<Cell><Data ss:Type="String">163</Data></Cell>
			<Cell><Data ss:Type="Number">0.29</Data></Cell>
			<Cell><Data ss:Type="Number">-9.83</Data></Cell>
			<Cell><Data ss:Type="Number">-0.04</Data></Cell>
			<Cell><Data ss:Type="Number">-9.53</Data></Cell>
			<Cell><Data ss:Type="Number">-0.09</Data></Cell>
			<Cell><Data ss:Type="Number">-0.91</Data></Cell>
			<Cell><Data ss:Type="Number">23</Data></Cell>
			<Cell><Data ss:Type="Number">39.2</Data></Cell>
			<Cell><Data ss:Type="Number">0</Data></Cell>
			<Cell><Data ss:Type="Number">0</Data></Cell>
			<Cell><Data ss:Type="String">2023-12-07 16:49:22.772806</Data></Cell>
		</Row>
		<Row>
			<Cell><Data ss:Type="String">162</Data></Cell>
			<Cell><Data ss:Type="Number">0.35</Data></Cell>
			<Cell><Data ss:Type="Number">-10.69</Data></Cell>
			<Cell><Data ss:Type="Number">0.05</Data></Cell>
			<Cell><Data ss:Type="Number">-9.55</Data></Cell>
			<Cell><Data ss:Type="Number">-0.1</Data></Cell>
			<Cell><Data ss:Type="Number">-0.92</Data></Cell>
			<Cell><Data ss:Type="Number">23</Data></Cell>
			<Cell><Data ss:Type="Number">39.2</Data></Cell>
			<Cell><Data ss:Type="Number">0</Data></Cell>
			<Cell><Data ss:Type="Number">0</Data></Cell>
			<Cell><Data ss:Type="String">2023-12-07 16:49:22.770202</Data></Cell>
		</Row>
		<Row>
			<Cell><Data ss:Type="String">161</Data></Cell>
			<Cell><Data ss:Type="Number">0.27</Data></Cell>
			<Cell><Data ss:Type="Number">-10.09</Data></Cell>
			<Cell><Data ss:Type="Number">0.17</Data></Cell>
			<Cell><Data ss:Type="Number">-9.57</Data></Cell>
			<Cell><Data ss:Type="Number">0.02</Data></Cell>
			<Cell><Data ss:Type="Number">-0.86</Data></Cell>
			<Cell><Data ss:Type="Number">23</Data></Cell>
			<Cell><Data ss:Type="Number">39.2</Data></Cell>
			<Cell><Data ss:Type="Number">0</Data></Cell>
			<Cell><Data ss:Type="Number">0</Data></Cell>
			<Cell><Data ss:Type="String">2023-12-07 16:49:22.767470</Data></Cell>
		</Row>
		<Row>
			<Cell><Data ss:Type="String">160</Data></Cell>
			<Cell><Data ss:Type="Number">0.25</Data></Cell>
			<Cell><Data ss:Type="Number">-10.31</Data></Cell>
			<Cell><Data ss:Type="Number">0.07</Data></Cell>
			<Cell><Data ss:Type="Number">-9.4</Data></Cell>
			<Cell><Data ss:Type="Number">-0.04</Data></Cell>
			<Cell><Data ss:Type="Number">-0.89</Data></Cell>
			<Cell><Data ss:Type="Number">23</Data></Cell>
			<Cell><Data ss:Type="Number">39.2</Data></Cell>
			<Cell><Data ss:Type="Number">0</Data></Cell>
			<Cell><Data ss:Type="Number">0</Data></Cell>
			<Cell><Data ss:Type="String">2023-12-07 16:49:22.522185</Data></Cell>
		</Row>
		<Row>
			<Cell><Data ss:Type="String">159</Data></Cell>
			<Cell><Data ss:Type="Number">0.36</Data></Cell>
			<Cell><Data ss:Type="Number">-10.87</Data></Cell>
			<Cell><Data ss:Type="Number">0.34</Data></Cell>
			<Cell><Data ss:Type="Number">-9.29</Data></Cell>
			<Cell><Data ss:Type="Number">-0.06</Data></Cell>
			<Cell><Data ss:Type="Number">-0.96</Data></Cell>
			<Cell><Data ss:Type="Number">23</Data></Cell>
			<Cell><Data ss:Type="Number">39.2</Data></Cell>
			<Cell><Data ss:Type="Number">0</Data></Cell>
			<Cell><Data ss:Type="Number">0</Data></Cell>
			<Cell><Data ss:Type="String">2023-12-07 16:49:22.503401</Data></Cell>
		</Row>
		<Row>
			<Cell><Data ss:Type="String">158</Data></Cell>
			<Cell><Data ss:Type="Number">-0.04</Data></Cell>
			<Cell><Data ss:Type="Number">-9.79</Data></Cell>
			<Cell><Data ss:Type="Number">0.41</Data></Cell>
			<Cell><Data ss:Type="Number">-9.58</Data></Cell>
			<Cell><Data ss:Type="Number">-0.05</Data></Cell>
			<Cell><Data ss:Type="Number">-0.95</Data></Cell>
			<Cell><Data ss:Type="Number">23</Data></Cell>
			<Cell><Data ss:Type="Number">39.2</Data></Cell>
			<Cell><Data ss:Type="Number">0</Data></Cell>
			<Cell><Data ss:Type="Number">0</Data></Cell>
			<Cell><Data ss:Type="String">2023-12-07 16:49:22.501095</Data></Cell>
		</Row>
		<Row>
			<Cell><Data ss:Type="String">157</Data></Cell>
			<Cell><Data ss:Type="Number">0.39</Data></Cell>
			<Cell><Data ss:Type="Number">-10.23</Data></Cell>
			<Cell><Data ss:Type="Number">0.31</Data></Cell>
			<Cell><Data ss:Type="Number">-9.54</Data></Cell>
			<Cell><Data ss:Type="Number">-0.07</Data></Cell>
			<Cell><Data ss:Type="Number">-0.89</Data></Cell>
			<Cell><Data ss:Type="Number">23</Data></Cell>
			<Cell><Data ss:Type="Number">39.2</Data></Cell>
			<Cell><Data ss:Type="Number">0</Data></Cell>
			<Cell><Data ss:Type="Number">0</Data></Cell>
			<Cell><Data ss:Type="String">2023-12-07 16:49:22.499344</Data></Cell>
		</Row>
		<Row>
			<Cell><Data ss:Type="String">156</Data></Cell>
			<Cell><Data ss:Type="Number">0.21</Data></Cell>
			<Cell><Data ss:Type="Number">-10.23</Data></Cell>
			<Cell><Data ss:Type="Number">0.07</Data></Cell>
			<Cell><Data ss:Type="Number">-9.52</Data></Cell>
			<Cell><Data ss:Type="Number">-0.06</Data></Cell>
			<Cell><Data ss:Type="Number">-0.94</Data></Cell>
			<Cell><Data ss:Type="Number">23</Data></Cell>
			<Cell><Data ss:Type="Number">39.2</Data></Cell>
			<Cell><Data ss:Type="Number">0</Data></Cell>
			<Cell><Data ss:Type="Number">0</Data></Cell>
			<Cell><Data ss:Type="String">2023-12-07 16:49:22.497313</Data></Cell>
		</Row>
		<Row>
			<Cell><Data ss:Type="String">155</Data></Cell>
			<Cell><Data ss:Type="Number">0.47</Data></Cell>
			<Cell><Data ss:Type="Number">-10.43</Data></Cell>
			<Cell><Data ss:Type="Number">0.15</Data></Cell>
			<Cell><Data ss:Type="Number">-9.57</Data></Cell>
			<Cell><Data ss:Type="Number">-0.08</Data></Cell>
			<Cell><Data ss:Type="Number">-0.89</Data></Cell>
			<Cell><Data ss:Type="Number">23</Data></Cell>
			<Cell><Data ss:Type="Number">39.2</Data></Cell>
			<Cell><Data ss:Type="Number">0</Data></Cell>
			<Cell><Data ss:Type="Number">0</Data></Cell>
			<Cell><Data ss:Type="String">2023-12-07 16:49:22.384619</Data></Cell>
		</Row>
		<Row>
			<Cell><Data ss:Type="String">154</Data></Cell>
			<Cell><Data ss:Type="Number">0.21</Data></Cell>
			<Cell><Data ss:Type="Number">-10</Data></Cell>
			<Cell><Data ss:Type="Number">0.19</Data></Cell>
			<Cell><Data ss:Type="Number">-9.34</Data></Cell>
			<Cell><Data ss:Type="Number">-0.11</Data></Cell>
			<Cell><Data ss:Type="Number">-0.99</Data></Cell>
			<Cell><Data ss:Type="Number">23</Data></Cell>
			<Cell><Data ss:Type="Number">39.2</Data></Cell>
			<Cell><Data ss:Type="Number">0</Data></Cell>
			<Cell><Data ss:Type="Number">0</Data></Cell>
			<Cell><Data ss:Type="String">2023-12-07 16:49:22.383057</Data></Cell>
		</Row>
		<Row>
			<Cell><Data ss:Type="String">153</Data></Cell>
			<Cell><Data ss:Type="Number">0.34</Data></Cell>
			<Cell><Data ss:Type="Number">-10.44</Data></Cell>
			<Cell><Data ss:Type="Number">0.03</Data></Cell>
			<Cell><Data ss:Type="Number">-9.5</Data></Cell>
			<Cell><Data ss:Type="Number">-0.04</Data></Cell>
			<Cell><Data ss:Type="Number">-0.92</Data></Cell>
			<Cell><Data ss:Type="Number">23</Data></Cell>
			<Cell><Data ss:Type="Number">39.2</Data></Cell>
			<Cell><Data ss:Type="Number">0</Data></Cell>
			<Cell><Data ss:Type="Number">0</Data></Cell>
			<Cell><Data ss:Type="String">2023-12-07 16:49:22.381200</Data></Cell>
		</Row>
		<Row>
			<Cell><Data ss:Type="String">152</Data></Cell>
			<Cell><Data ss:Type="Number">0.66</Data></Cell>
			<Cell><Data ss:Type="Number">-9.82</Data></Cell>
			<Cell><Data ss:Type="Number">0.34</Data></Cell>
			<Cell><Data ss:Type="Number">-9.5</Data></Cell>
			<Cell><Data ss:Type="Number">-0.11</Data></Cell>
			<Cell><Data ss:Type="Number">-0.91</Data></Cell>
			<Cell><Data ss:Type="Number">23</Data></Cell>
			<Cell><Data ss:Type="Number">39.2</Data></Cell>
			<Cell><Data ss:Type="Number">0</Data></Cell>
			<Cell><Data ss:Type="Number">0</Data></Cell>
			<Cell><Data ss:Type="String">2023-12-07 16:49:22.379505</Data></Cell>
		</Row>
		<Row>
			<Cell><Data ss:Type="String">151</Data></Cell>
			<Cell><Data ss:Type="Number">-0.01</Data></Cell>
			<Cell><Data ss:Type="Number">-9.89</Data></Cell>
			<Cell><Data ss:Type="Number">-0.22</Data></Cell>
			<Cell><Data ss:Type="Number">-9.64</Data></Cell>
			<Cell><Data ss:Type="Number">-0.14</Data></Cell>
			<Cell><Data ss:Type="Number">-0.9</Data></Cell>
			<Cell><Data ss:Type="Number">23</Data></Cell>
			<Cell><Data ss:Type="Number">39.2</Data></Cell>
			<Cell><Data ss:Type="Number">0</Data></Cell>
			<Cell><Data ss:Type="Number">0</Data></Cell>
			<Cell><Data ss:Type="String">2023-12-07 16:49:22.377687</Data></Cell>
		</Row>
		<Row>
			<Cell><Data ss:Type="String">150</Data></Cell>
			<Cell><Data ss:Type="Number">0.16</Data></Cell>
			<Cell><Data ss:Type="Number">-10.65</Data></Cell>
			<Cell><Data ss:Type="Number">-0.12</Data></Cell>
			<Cell><Data ss:Type="Number">-9.51</Data></Cell>
			<Cell><Data ss:Type="Number">-0.02</Data></Cell>
			<Cell><Data ss:Type="Number">-0.84</Data></Cell>
			<Cell><Data ss:Type="Number">23</Data></Cell>
			<Cell><Data ss:Type="Number">39.2</Data></Cell>
			<Cell><Data ss:Type="Number">0</Data></Cell>
			<Cell><Data ss:Type="Number">0</Data></Cell>
			<Cell><Data ss:Type="String">2023-12-07 16:49:22.376062</Data></Cell>
		</Row>
		<Row>
			<Cell><Data ss:Type="String">149</Data></Cell>
			<Cell><Data ss:Type="Number">0.83</Data></Cell>
			<Cell><Data ss:Type="Number">-10.35</Data></Cell>
			<Cell><Data ss:Type="Number">0.13</Data></Cell>
			<Cell><Data ss:Type="Number">-9.43</Data></Cell>
			<Cell><Data ss:Type="Number">-0.13</Data></Cell>
			<Cell><Data ss:Type="Number">-0.84</Data></Cell>
			<Cell><Data ss:Type="Number">23</Data></Cell>
			<Cell><Data ss:Type="Number">39.2</Data></Cell>
			<Cell><Data ss:Type="Number">0</Data></Cell>
			<Cell><Data ss:Type="Number">0</Data></Cell>
			<Cell><Data ss:Type="String">2023-12-07 16:49:22.373956</Data></Cell>
		</Row>
		<Row>
			<Cell><Data ss:Type="String">148</Data></Cell>
			<Cell><Data ss:Type="Number">0.69</Data></Cell>
			<Cell><Data ss:Type="Number">-8.2</Data></Cell>
			<Cell><Data ss:Type="Number">0.32</Data></Cell>
			<Cell><Data ss:Type="Number">-9.81</Data></Cell>
			<Cell><Data ss:Type="Number">0.02</Data></Cell>
			<Cell><Data ss:Type="Number">-0.96</Data></Cell>
			<Cell><Data ss:Type="Number">23</Data></Cell>
			<Cell><Data ss:Type="Number">39.2</Data></Cell>
			<Cell><Data ss:Type="Number">0</Data></Cell>
			<Cell><Data ss:Type="Number">0</Data></Cell>
			<Cell><Data ss:Type="String">2023-12-07 16:49:22.141217</Data></Cell>
		</Row>
		<Row>
			<Cell><Data ss:Type="String">147</Data></Cell>
			<Cell><Data ss:Type="Number">0.43</Data></Cell>
			<Cell><Data ss:Type="Number">-9.81</Data></Cell>
			<Cell><Data ss:Type="Number">0.08</Data></Cell>
			<Cell><Data ss:Type="Number">-9.39</Data></Cell>
			<Cell><Data ss:Type="Number">-0.14</Data></Cell>
			<Cell><Data ss:Type="Number">-0.96</Data></Cell>
			<Cell><Data ss:Type="Number">23</Data></Cell>
			<Cell><Data ss:Type="Number">39.2</Data></Cell>
			<Cell><Data ss:Type="Number">0</Data></Cell>
			<Cell><Data ss:Type="Number">0</Data></Cell>
			<Cell><Data ss:Type="String">2023-12-07 16:49:22.094601</Data></Cell>
		</Row>
		<Row>
			<Cell><Data ss:Type="String">146</Data></Cell>
			<Cell><Data ss:Type="Number">0.49</Data></Cell>
			<Cell><Data ss:Type="Number">-10.51</Data></Cell>
			<Cell><Data ss:Type="Number">0.37</Data></Cell>
			<Cell><Data ss:Type="Number">-9.62</Data></Cell>
			<Cell><Data ss:Type="Number">-0.15</Data></Cell>
			<Cell><Data ss:Type="Number">-0.89</Data></Cell>
			<Cell><Data ss:Type="Number">23</Data></Cell>
			<Cell><Data ss:Type="Number">39.2</Data></Cell>
			<Cell><Data ss:Type="Number">0</Data></Cell>
			<Cell><Data ss:Type="Number">0</Data></Cell>
			<Cell><Data ss:Type="String">2023-12-07 16:49:22.092833</Data></Cell>
		</Row>
		<Row>
			<Cell><Data ss:Type="String">145</Data></Cell>
			<Cell><Data ss:Type="Number">0.32</Data></Cell>
			<Cell><Data ss:Type="Number">-10.3</Data></Cell>
			<Cell><Data ss:Type="Number">-0.09</Data></Cell>
			<Cell><Data ss:Type="Number">-9.57</Data></Cell>
			<Cell><Data ss:Type="Number">0.03</Data></Cell>
			<Cell><Data ss:Type="Number">-0.97</Data></Cell>
			<Cell><Data ss:Type="Number">23</Data></Cell>
			<Cell><Data ss:Type="Number">39.2</Data></Cell>
			<Cell><Data ss:Type="Number">0</Data></Cell>
			<Cell><Data ss:Type="Number">0</Data></Cell>
			<Cell><Data ss:Type="String">2023-12-07 16:49:22.047042</Data></Cell>
		</Row>
		<Row>
			<Cell><Data ss:Type="String">144</Data></Cell>
			<Cell><Data ss:Type="Number">0.12</Data></Cell>
			<Cell><Data ss:Type="Number">-9.89</Data></Cell>
			<Cell><Data ss:Type="Number">0.18</Data></Cell>
			<Cell><Data ss:Type="Number">-9.38</Data></Cell>
			<Cell><Data ss:Type="Number">0.04</Data></Cell>
			<Cell><Data ss:Type="Number">-0.9</Data></Cell>
			<Cell><Data ss:Type="Number">23</Data></Cell>
			<Cell><Data ss:Type="Number">39.2</Data></Cell>
			<Cell><Data ss:Type="Number">0</Data></Cell>
			<Cell><Data ss:Type="Number">0</Data></Cell>
			<Cell><Data ss:Type="String">2023-12-07 16:49:22.001747</Data></Cell>
		</Row>
		<Row>
			<Cell><Data ss:Type="String">143</Data></Cell>
			<Cell><Data ss:Type="Number">0.72</Data></Cell>
			<Cell><Data ss:Type="Number">-9.57</Data></Cell>
			<Cell><Data ss:Type="Number">0.65</Data></Cell>
			<Cell><Data ss:Type="Number">-9.45</Data></Cell>
			<Cell><Data ss:Type="Number">-0.37</Data></Cell>
			<Cell><Data ss:Type="Number">-0.94</Data></Cell>
			<Cell><Data ss:Type="Number">23</Data></Cell>
			<Cell><Data ss:Type="Number">39.2</Data></Cell>
			<Cell><Data ss:Type="Number">0</Data></Cell>
			<Cell><Data ss:Type="Number">0</Data></Cell>
			<Cell><Data ss:Type="String">2023-12-07 16:49:21.959613</Data></Cell>
		</Row>
		<Row>
			<Cell><Data ss:Type="String">142</Data></Cell>
			<Cell><Data ss:Type="Number">0.03</Data></Cell>
			<Cell><Data ss:Type="Number">-9.98</Data></Cell>
			<Cell><Data ss:Type="Number">0.34</Data></Cell>
			<Cell><Data ss:Type="Number">-9.42</Data></Cell>
			<Cell><Data ss:Type="Number">-0.18</Data></Cell>
			<Cell><Data ss:Type="Number">-0.91</Data></Cell>
			<Cell><Data ss:Type="Number">23</Data></Cell>
			<Cell><Data ss:Type="Number">39.2</Data></Cell>
			<Cell><Data ss:Type="Number">0</Data></Cell>
			<Cell><Data ss:Type="Number">0</Data></Cell>
			<Cell><Data ss:Type="String">2023-12-07 16:49:21.957657</Data></Cell>
		</Row>
		<Row>
			<Cell><Data ss:Type="String">141</Data></Cell>
			<Cell><Data ss:Type="Number">-1.27</Data></Cell>
			<Cell><Data ss:Type="Number">-10.03</Data></Cell>
			<Cell><Data ss:Type="Number">-0.62</Data></Cell>
			<Cell><Data ss:Type="Number">-9.38</Data></Cell>
			<Cell><Data ss:Type="Number">0.75</Data></Cell>
			<Cell><Data ss:Type="Number">-0.93</Data></Cell>
			<Cell><Data ss:Type="Number">23</Data></Cell>
			<Cell><Data ss:Type="Number">39.2</Data></Cell>
			<Cell><Data ss:Type="Number">0</Data></Cell>
			<Cell><Data ss:Type="Number">0</Data></Cell>
			<Cell><Data ss:Type="String">2023-12-07 16:49:21.909980</Data></Cell>
		</Row>
		<Row>
			<Cell><Data ss:Type="String">140</Data></Cell>
			<Cell><Data ss:Type="Number">2</Data></Cell>
			<Cell><Data ss:Type="Number">-10.66</Data></Cell>
			<Cell><Data ss:Type="Number">0.88</Data></Cell>
			<Cell><Data ss:Type="Number">-9.56</Data></Cell>
			<Cell><Data ss:Type="Number">-0.58</Data></Cell>
			<Cell><Data ss:Type="Number">-1.01</Data></Cell>
			<Cell><Data ss:Type="Number">23</Data></Cell>
			<Cell><Data ss:Type="Number">39.2</Data></Cell>
			<Cell><Data ss:Type="Number">0</Data></Cell>
			<Cell><Data ss:Type="Number">0</Data></Cell>
			<Cell><Data ss:Type="String">2023-12-07 16:49:21.908122</Data></Cell>
		</Row>
		<Row>
			<Cell><Data ss:Type="String">139</Data></Cell>
			<Cell><Data ss:Type="Number">1.36</Data></Cell>
			<Cell><Data ss:Type="Number">-10.1</Data></Cell>
			<Cell><Data ss:Type="Number">1.37</Data></Cell>
			<Cell><Data ss:Type="Number">-9.13</Data></Cell>
			<Cell><Data ss:Type="Number">-1.32</Data></Cell>
			<Cell><Data ss:Type="Number">-0.63</Data></Cell>
			<Cell><Data ss:Type="Number">23</Data></Cell>
			<Cell><Data ss:Type="Number">39.2</Data></Cell>
			<Cell><Data ss:Type="Number">0</Data></Cell>
			<Cell><Data ss:Type="Number">0</Data></Cell>
			<Cell><Data ss:Type="String">2023-12-07 16:49:21.905354</Data></Cell>
		</Row>
		<Row>
			<Cell><Data ss:Type="String">138</Data></Cell>
			<Cell><Data ss:Type="Number">-3.26</Data></Cell>
			<Cell><Data ss:Type="Number">-10.75</Data></Cell>
			<Cell><Data ss:Type="Number">-1.81</Data></Cell>
			<Cell><Data ss:Type="Number">-10.43</Data></Cell>
			<Cell><Data ss:Type="Number">1.65</Data></Cell>
			<Cell><Data ss:Type="Number">-1.08</Data></Cell>
			<Cell><Data ss:Type="Number">23</Data></Cell>
			<Cell><Data ss:Type="Number">39.2</Data></Cell>
			<Cell><Data ss:Type="Number">0</Data></Cell>
			<Cell><Data ss:Type="Number">0</Data></Cell>
			<Cell><Data ss:Type="String">2023-12-07 16:49:21.803158</Data></Cell>
		</Row>
		<Row>
			<Cell><Data ss:Type="String">137</Data></Cell>
			<Cell><Data ss:Type="Number">0.21</Data></Cell>
			<Cell><Data ss:Type="Number">-10.03</Data></Cell>
			<Cell><Data ss:Type="Number">0.09</Data></Cell>
			<Cell><Data ss:Type="Number">-9.49</Data></Cell>
			<Cell><Data ss:Type="Number">-0.07</Data></Cell>
			<Cell><Data ss:Type="Number">-0.92</Data></Cell>
			<Cell><Data ss:Type="Number">23</Data></Cell>
			<Cell><Data ss:Type="Number">39.2</Data></Cell>
			<Cell><Data ss:Type="Number">0</Data></Cell>
			<Cell><Data ss:Type="Number">0</Data></Cell>
			<Cell><Data ss:Type="String">2023-12-07 16:49:21.759376</Data></Cell>
		</Row>
		<Row>
			<Cell><Data ss:Type="String">136</Data></Cell>
			<Cell><Data ss:Type="Number">0.26</Data></Cell>
			<Cell><Data ss:Type="Number">-10.17</Data></Cell>
			<Cell><Data ss:Type="Number">0.17</Data></Cell>
			<Cell><Data ss:Type="Number">-9.52</Data></Cell>
			<Cell><Data ss:Type="Number">-0.07</Data></Cell>
			<Cell><Data ss:Type="Number">-0.9</Data></Cell>
			<Cell><Data ss:Type="Number">23</Data></Cell>
			<Cell><Data ss:Type="Number">39.2</Data></Cell>
			<Cell><Data ss:Type="Number">0</Data></Cell>
			<Cell><Data ss:Type="Number">0</Data></Cell>
			<Cell><Data ss:Type="String">2023-12-07 16:49:21.756775</Data></Cell>
		</Row>
		<Row>
			<Cell><Data ss:Type="String">135</Data></Cell>
			<Cell><Data ss:Type="Number">0.23</Data></Cell>
			<Cell><Data ss:Type="Number">-10.16</Data></Cell>
			<Cell><Data ss:Type="Number">0.15</Data></Cell>
			<Cell><Data ss:Type="Number">-9.47</Data></Cell>
			<Cell><Data ss:Type="Number">-0.06</Data></Cell>
			<Cell><Data ss:Type="Number">-0.89</Data></Cell>
			<Cell><Data ss:Type="Number">23</Data></Cell>
			<Cell><Data ss:Type="Number">39.2</Data></Cell>
			<Cell><Data ss:Type="Number">0</Data></Cell>
			<Cell><Data ss:Type="Number">0</Data></Cell>
			<Cell><Data ss:Type="String">2023-12-07 16:49:21.712423</Data></Cell>
		</Row>
		<Row>
			<Cell><Data ss:Type="String">134</Data></Cell>
			<Cell><Data ss:Type="Number">0.25</Data></Cell>
			<Cell><Data ss:Type="Number">-10.07</Data></Cell>
			<Cell><Data ss:Type="Number">-0.08</Data></Cell>
			<Cell><Data ss:Type="Number">-9.43</Data></Cell>
			<Cell><Data ss:Type="Number">-0.06</Data></Cell>
			<Cell><Data ss:Type="Number">-0.94</Data></Cell>
			<Cell><Data ss:Type="Number">23</Data></Cell>
			<Cell><Data ss:Type="Number">39.2</Data></Cell>
			<Cell><Data ss:Type="Number">0</Data></Cell>
			<Cell><Data ss:Type="Number">0</Data></Cell>
			<Cell><Data ss:Type="String">2023-12-07 16:49:21.664075</Data></Cell>
		</Row>
		<Row>
			<Cell><Data ss:Type="String">133</Data></Cell>
			<Cell><Data ss:Type="Number">0.29</Data></Cell>
			<Cell><Data ss:Type="Number">-10</Data></Cell>
			<Cell><Data ss:Type="Number">0.09</Data></Cell>
			<Cell><Data ss:Type="Number">-9.46</Data></Cell>
			<Cell><Data ss:Type="Number">-0.08</Data></Cell>
			<Cell><Data ss:Type="Number">-0.92</Data></Cell>
			<Cell><Data ss:Type="Number">23</Data></Cell>
			<Cell><Data ss:Type="Number">39.2</Data></Cell>
			<Cell><Data ss:Type="Number">0</Data></Cell>
			<Cell><Data ss:Type="Number">0</Data></Cell>
			<Cell><Data ss:Type="String">2023-12-07 16:49:21.622311</Data></Cell>
		</Row>
		<Row>
			<Cell><Data ss:Type="String">132</Data></Cell>
			<Cell><Data ss:Type="Number">0.24</Data></Cell>
			<Cell><Data ss:Type="Number">-10.19</Data></Cell>
			<Cell><Data ss:Type="Number">0.16</Data></Cell>
			<Cell><Data ss:Type="Number">-9.52</Data></Cell>
			<Cell><Data ss:Type="Number">-0.06</Data></Cell>
			<Cell><Data ss:Type="Number">-0.87</Data></Cell>
			<Cell><Data ss:Type="Number">23</Data></Cell>
			<Cell><Data ss:Type="Number">39.2</Data></Cell>
			<Cell><Data ss:Type="Number">0</Data></Cell>
			<Cell><Data ss:Type="Number">0</Data></Cell>
			<Cell><Data ss:Type="String">2023-12-07 16:49:21.618313</Data></Cell>
		</Row>
		<Row>
			<Cell><Data ss:Type="String">131</Data></Cell>
			<Cell><Data ss:Type="Number">0.3</Data></Cell>
			<Cell><Data ss:Type="Number">-10.16</Data></Cell>
			<Cell><Data ss:Type="Number">0.16</Data></Cell>
			<Cell><Data ss:Type="Number">-9.5</Data></Cell>
			<Cell><Data ss:Type="Number">-0.08</Data></Cell>
			<Cell><Data ss:Type="Number">-0.89</Data></Cell>
			<Cell><Data ss:Type="Number">23</Data></Cell>
			<Cell><Data ss:Type="Number">39.2</Data></Cell>
			<Cell><Data ss:Type="Number">0</Data></Cell>
			<Cell><Data ss:Type="Number">0</Data></Cell>
			<Cell><Data ss:Type="String">2023-12-07 16:49:21.582941</Data></Cell>
		</Row>
		<Row>
			<Cell><Data ss:Type="String">130</Data></Cell>
			<Cell><Data ss:Type="Number">0.25</Data></Cell>
			<Cell><Data ss:Type="Number">-10.09</Data></Cell>
			<Cell><Data ss:Type="Number">0.19</Data></Cell>
			<Cell><Data ss:Type="Number">-9.43</Data></Cell>
			<Cell><Data ss:Type="Number">-0.07</Data></Cell>
			<Cell><Data ss:Type="Number">-0.91</Data></Cell>
			<Cell><Data ss:Type="Number">23</Data></Cell>
			<Cell><Data ss:Type="Number">39.2</Data></Cell>
			<Cell><Data ss:Type="Number">0</Data></Cell>
			<Cell><Data ss:Type="Number">0</Data></Cell>
			<Cell><Data ss:Type="String">2023-12-07 16:49:21.581291</Data></Cell>
		</Row>
		<Row>
			<Cell><Data ss:Type="String">129</Data></Cell>
			<Cell><Data ss:Type="Number">0.25</Data></Cell>
			<Cell><Data ss:Type="Number">-10.05</Data></Cell>
			<Cell><Data ss:Type="Number">0.18</Data></Cell>
			<Cell><Data ss:Type="Number">-9.44</Data></Cell>
			<Cell><Data ss:Type="Number">-0.06</Data></Cell>
			<Cell><Data ss:Type="Number">-0.93</Data></Cell>
			<Cell><Data ss:Type="Number">23</Data></Cell>
			<Cell><Data ss:Type="Number">39.2</Data></Cell>
			<Cell><Data ss:Type="Number">0</Data></Cell>
			<Cell><Data ss:Type="Number">0</Data></Cell>
			<Cell><Data ss:Type="String">2023-12-07 16:49:21.579630</Data></Cell>
		</Row>
		<Row>
			<Cell><Data ss:Type="String">128</Data></Cell>
			<Cell><Data ss:Type="Number">0.24</Data></Cell>
			<Cell><Data ss:Type="Number">-9.97</Data></Cell>
			<Cell><Data ss:Type="Number">0.05</Data></Cell>
			<Cell><Data ss:Type="Number">-9.46</Data></Cell>
			<Cell><Data ss:Type="Number">-0.06</Data></Cell>
			<Cell><Data ss:Type="Number">-0.94</Data></Cell>
			<Cell><Data ss:Type="Number">23</Data></Cell>
			<Cell><Data ss:Type="Number">39.2</Data></Cell>
			<Cell><Data ss:Type="Number">0</Data></Cell>
			<Cell><Data ss:Type="Number">0</Data></Cell>
			<Cell><Data ss:Type="String">2023-12-07 16:49:21.577943</Data></Cell>
		</Row>
		<Row>
			<Cell><Data ss:Type="String">127</Data></Cell>
			<Cell><Data ss:Type="Number">0.31</Data></Cell>
			<Cell><Data ss:Type="Number">-10.1</Data></Cell>
			<Cell><Data ss:Type="Number">0.13</Data></Cell>
			<Cell><Data ss:Type="Number">-9.48</Data></Cell>
			<Cell><Data ss:Type="Number">-0.06</Data></Cell>
			<Cell><Data ss:Type="Number">-0.92</Data></Cell>
			<Cell><Data ss:Type="Number">23</Data></Cell>
			<Cell><Data ss:Type="Number">39.2</Data></Cell>
			<Cell><Data ss:Type="Number">0</Data></Cell>
			<Cell><Data ss:Type="Number">0</Data></Cell>
			<Cell><Data ss:Type="String">2023-12-07 16:49:21.576273</Data></Cell>
		</Row>
		<Row>
			<Cell><Data ss:Type="String">126</Data></Cell>
			<Cell><Data ss:Type="Number">0.27</Data></Cell>
			<Cell><Data ss:Type="Number">-10.15</Data></Cell>
			<Cell><Data ss:Type="Number">0.13</Data></Cell>
			<Cell><Data ss:Type="Number">-9.52</Data></Cell>
			<Cell><Data ss:Type="Number">-0.08</Data></Cell>
			<Cell><Data ss:Type="Number">-0.91</Data></Cell>
			<Cell><Data ss:Type="Number">23</Data></Cell>
			<Cell><Data ss:Type="Number">39.2</Data></Cell>
			<Cell><Data ss:Type="Number">0</Data></Cell>
			<Cell><Data ss:Type="Number">0</Data></Cell>
			<Cell><Data ss:Type="String">2023-12-07 16:49:21.392297</Data></Cell>
		</Row>
		<Row>
			<Cell><Data ss:Type="String">125</Data></Cell>
			<Cell><Data ss:Type="Number">0.26</Data></Cell>
			<Cell><Data ss:Type="Number">-10.1</Data></Cell>
			<Cell><Data ss:Type="Number">0.16</Data></Cell>
			<Cell><Data ss:Type="Number">-9.49</Data></Cell>
			<Cell><Data ss:Type="Number">-0.08</Data></Cell>
			<Cell><Data ss:Type="Number">-0.91</Data></Cell>
			<Cell><Data ss:Type="Number">23</Data></Cell>
			<Cell><Data ss:Type="Number">39.2</Data></Cell>
			<Cell><Data ss:Type="Number">0</Data></Cell>
			<Cell><Data ss:Type="Number">0</Data></Cell>
			<Cell><Data ss:Type="String">2023-12-07 16:49:21.389219</Data></Cell>
		</Row>
		<Row>
			<Cell><Data ss:Type="String">124</Data></Cell>
			<Cell><Data ss:Type="Number">0.29</Data></Cell>
			<Cell><Data ss:Type="Number">-10</Data></Cell>
			<Cell><Data ss:Type="Number">0.13</Data></Cell>
			<Cell><Data ss:Type="Number">-9.44</Data></Cell>
			<Cell><Data ss:Type="Number">-0.07</Data></Cell>
			<Cell><Data ss:Type="Number">-0.95</Data></Cell>
			<Cell><Data ss:Type="Number">23</Data></Cell>
			<Cell><Data ss:Type="Number">39.2</Data></Cell>
			<Cell><Data ss:Type="Number">0</Data></Cell>
			<Cell><Data ss:Type="Number">0</Data></Cell>
			<Cell><Data ss:Type="String">2023-12-07 16:49:21.343406</Data></Cell>
		</Row>
		<Row>
			<Cell><Data ss:Type="String">123</Data></Cell>
			<Cell><Data ss:Type="Number">0.36</Data></Cell>
			<Cell><Data ss:Type="Number">-9.94</Data></Cell>
			<Cell><Data ss:Type="Number">0.12</Data></Cell>
			<Cell><Data ss:Type="Number">-9.44</Data></Cell>
			<Cell><Data ss:Type="Number">-0.1</Data></Cell>
			<Cell><Data ss:Type="Number">-0.94</Data></Cell>
			<Cell><Data ss:Type="Number">23</Data></Cell>
			<Cell><Data ss:Type="Number">39.2</Data></Cell>
			<Cell><Data ss:Type="Number">0</Data></Cell>
			<Cell><Data ss:Type="Number">0</Data></Cell>
			<Cell><Data ss:Type="String">2023-12-07 16:49:21.341301</Data></Cell>
		</Row>
		<Row>
			<Cell><Data ss:Type="String">122</Data></Cell>
			<Cell><Data ss:Type="Number">0.31</Data></Cell>
			<Cell><Data ss:Type="Number">-10.18</Data></Cell>
			<Cell><Data ss:Type="Number">0.01</Data></Cell>
			<Cell><Data ss:Type="Number">-9.5</Data></Cell>
			<Cell><Data ss:Type="Number">-0.07</Data></Cell>
			<Cell><Data ss:Type="Number">-0.91</Data></Cell>
			<Cell><Data ss:Type="Number">23</Data></Cell>
			<Cell><Data ss:Type="Number">39.2</Data></Cell>
			<Cell><Data ss:Type="Number">0</Data></Cell>
			<Cell><Data ss:Type="Number">0</Data></Cell>
			<Cell><Data ss:Type="String">2023-12-07 16:49:21.291709</Data></Cell>
		</Row>
		<Row>
			<Cell><Data ss:Type="String">121</Data></Cell>
			<Cell><Data ss:Type="Number">0.25</Data></Cell>
			<Cell><Data ss:Type="Number">-9.94</Data></Cell>
			<Cell><Data ss:Type="Number">0.14</Data></Cell>
			<Cell><Data ss:Type="Number">-9.44</Data></Cell>
			<Cell><Data ss:Type="Number">-0.08</Data></Cell>
			<Cell><Data ss:Type="Number">-0.96</Data></Cell>
			<Cell><Data ss:Type="Number">23</Data></Cell>
			<Cell><Data ss:Type="Number">39.2</Data></Cell>
			<Cell><Data ss:Type="Number">0</Data></Cell>
			<Cell><Data ss:Type="Number">0</Data></Cell>
			<Cell><Data ss:Type="String">2023-12-07 16:49:21.289635</Data></Cell>
		</Row>
		<Row>
			<Cell><Data ss:Type="String">120</Data></Cell>
			<Cell><Data ss:Type="Number">0.25</Data></Cell>
			<Cell><Data ss:Type="Number">-10.11</Data></Cell>
			<Cell><Data ss:Type="Number">0.15</Data></Cell>
			<Cell><Data ss:Type="Number">-9.49</Data></Cell>
			<Cell><Data ss:Type="Number">-0.08</Data></Cell>
			<Cell><Data ss:Type="Number">-0.95</Data></Cell>
			<Cell><Data ss:Type="Number">22.9</Data></Cell>
			<Cell><Data ss:Type="Number">39.2</Data></Cell>
			<Cell><Data ss:Type="Number">0</Data></Cell>
			<Cell><Data ss:Type="Number">0</Data></Cell>
			<Cell><Data ss:Type="String">2023-12-07 16:49:21.237408</Data></Cell>
		</Row>
		<Row>
			<Cell><Data ss:Type="String">119</Data></Cell>
			<Cell><Data ss:Type="Number">0.23</Data></Cell>
			<Cell><Data ss:Type="Number">-10.13</Data></Cell>
			<Cell><Data ss:Type="Number">0.18</Data></Cell>
			<Cell><Data ss:Type="Number">-9.5</Data></Cell>
			<Cell><Data ss:Type="Number">-0.07</Data></Cell>
			<Cell><Data ss:Type="Number">-0.89</Data></Cell>
			<Cell><Data ss:Type="Number">22.9</Data></Cell>
			<Cell><Data ss:Type="Number">39.2</Data></Cell>
			<Cell><Data ss:Type="Number">0</Data></Cell>
			<Cell><Data ss:Type="Number">0</Data></Cell>
			<Cell><Data ss:Type="String">2023-12-07 16:49:21.171449</Data></Cell>
		</Row>
		<Row>
			<Cell><Data ss:Type="String">118</Data></Cell>
			<Cell><Data ss:Type="Number">0.23</Data></Cell>
			<Cell><Data ss:Type="Number">-10.01</Data></Cell>
			<Cell><Data ss:Type="Number">0.16</Data></Cell>
			<Cell><Data ss:Type="Number">-9.44</Data></Cell>
			<Cell><Data ss:Type="Number">-0.04</Data></Cell>
			<Cell><Data ss:Type="Number">-0.94</Data></Cell>
			<Cell><Data ss:Type="Number">22.9</Data></Cell>
			<Cell><Data ss:Type="Number">39.2</Data></Cell>
			<Cell><Data ss:Type="Number">0</Data></Cell>
			<Cell><Data ss:Type="Number">0</Data></Cell>
			<Cell><Data ss:Type="String">2023-12-07 16:49:21.126411</Data></Cell>
		</Row>
		<Row>
			<Cell><Data ss:Type="String">117</Data></Cell>
			<Cell><Data ss:Type="Number">0.29</Data></Cell>
			<Cell><Data ss:Type="Number">-10</Data></Cell>
			<Cell><Data ss:Type="Number">0.17</Data></Cell>
			<Cell><Data ss:Type="Number">-9.43</Data></Cell>
			<Cell><Data ss:Type="Number">-0.07</Data></Cell>
			<Cell><Data ss:Type="Number">-0.94</Data></Cell>
			<Cell><Data ss:Type="Number">22.9</Data></Cell>
			<Cell><Data ss:Type="Number">39.2</Data></Cell>
			<Cell><Data ss:Type="Number">0</Data></Cell>
			<Cell><Data ss:Type="Number">0</Data></Cell>
			<Cell><Data ss:Type="String">2023-12-07 16:49:21.124672</Data></Cell>
		</Row>
		<Row>
			<Cell><Data ss:Type="String">116</Data></Cell>
			<Cell><Data ss:Type="Number">0.33</Data></Cell>
			<Cell><Data ss:Type="Number">-10.11</Data></Cell>
			<Cell><Data ss:Type="Number">0.15</Data></Cell>
			<Cell><Data ss:Type="Number">-9.5</Data></Cell>
			<Cell><Data ss:Type="Number">-0.07</Data></Cell>
			<Cell><Data ss:Type="Number">-0.92</Data></Cell>
			<Cell><Data ss:Type="Number">22.9</Data></Cell>
			<Cell><Data ss:Type="Number">39.2</Data></Cell>
			<Cell><Data ss:Type="Number">0</Data></Cell>
			<Cell><Data ss:Type="Number">0</Data></Cell>
			<Cell><Data ss:Type="String">2023-12-07 16:49:21.080118</Data></Cell>
		</Row>
		<Row>
			<Cell><Data ss:Type="String">115</Data></Cell>
			<Cell><Data ss:Type="Number">0.29</Data></Cell>
			<Cell><Data ss:Type="Number">-10.14</Data></Cell>
			<Cell><Data ss:Type="Number">0.18</Data></Cell>
			<Cell><Data ss:Type="Number">-9.53</Data></Cell>
			<Cell><Data ss:Type="Number">-0.08</Data></Cell>
			<Cell><Data ss:Type="Number">-0.91</Data></Cell>
			<Cell><Data ss:Type="Number">22.9</Data></Cell>
			<Cell><Data ss:Type="Number">39.2</Data></Cell>
			<Cell><Data ss:Type="Number">0</Data></Cell>
			<Cell><Data ss:Type="Number">0</Data></Cell>
			<Cell><Data ss:Type="String">2023-12-07 16:49:21.027304</Data></Cell>
		</Row>
		<Row>
			<Cell><Data ss:Type="String">114</Data></Cell>
			<Cell><Data ss:Type="Number">0.3</Data></Cell>
			<Cell><Data ss:Type="Number">-10.18</Data></Cell>
			<Cell><Data ss:Type="Number">0.25</Data></Cell>
			<Cell><Data ss:Type="Number">-9.51</Data></Cell>
			<Cell><Data ss:Type="Number">-0.08</Data></Cell>
			<Cell><Data ss:Type="Number">-0.88</Data></Cell>
			<Cell><Data ss:Type="Number">22.9</Data></Cell>
			<Cell><Data ss:Type="Number">39.2</Data></Cell>
			<Cell><Data ss:Type="Number">0</Data></Cell>
			<Cell><Data ss:Type="Number">0</Data></Cell>
			<Cell><Data ss:Type="String">2023-12-07 16:49:21.025485</Data></Cell>
		</Row>
		<Row>
			<Cell><Data ss:Type="String">113</Data></Cell>
			<Cell><Data ss:Type="Number">0.23</Data></Cell>
			<Cell><Data ss:Type="Number">-10.02</Data></Cell>
			<Cell><Data ss:Type="Number">0.08</Data></Cell>
			<Cell><Data ss:Type="Number">-9.44</Data></Cell>
			<Cell><Data ss:Type="Number">-0.05</Data></Cell>
			<Cell><Data ss:Type="Number">-0.93</Data></Cell>
			<Cell><Data ss:Type="Number">22.9</Data></Cell>
			<Cell><Data ss:Type="Number">39.2</Data></Cell>
			<Cell><Data ss:Type="Number">0</Data></Cell>
			<Cell><Data ss:Type="Number">0</Data></Cell>
			<Cell><Data ss:Type="String">2023-12-07 16:49:20.976298</Data></Cell>
		</Row>
		<Row>
			<Cell><Data ss:Type="String">112</Data></Cell>
			<Cell><Data ss:Type="Number">0.27</Data></Cell>
			<Cell><Data ss:Type="Number">-9.98</Data></Cell>
			<Cell><Data ss:Type="Number">0.13</Data></Cell>
			<Cell><Data ss:Type="Number">-9.45</Data></Cell>
			<Cell><Data ss:Type="Number">-0.1</Data></Cell>
			<Cell><Data ss:Type="Number">-0.94</Data></Cell>
			<Cell><Data ss:Type="Number">22.9</Data></Cell>
			<Cell><Data ss:Type="Number">39.2</Data></Cell>
			<Cell><Data ss:Type="Number">0</Data></Cell>
			<Cell><Data ss:Type="Number">0</Data></Cell>
			<Cell><Data ss:Type="String">2023-12-07 16:49:20.974628</Data></Cell>
		</Row>
		<Row>
			<Cell><Data ss:Type="String">111</Data></Cell>
			<Cell><Data ss:Type="Number">0.25</Data></Cell>
			<Cell><Data ss:Type="Number">-10.15</Data></Cell>
			<Cell><Data ss:Type="Number">0.17</Data></Cell>
			<Cell><Data ss:Type="Number">-9.5</Data></Cell>
			<Cell><Data ss:Type="Number">-0.07</Data></Cell>
			<Cell><Data ss:Type="Number">-0.89</Data></Cell>
			<Cell><Data ss:Type="Number">22.9</Data></Cell>
			<Cell><Data ss:Type="Number">39.2</Data></Cell>
			<Cell><Data ss:Type="Number">0</Data></Cell>
			<Cell><Data ss:Type="Number">0</Data></Cell>
			<Cell><Data ss:Type="String">2023-12-07 16:49:20.972173</Data></Cell>
		</Row>
		<Row>
			<Cell><Data ss:Type="String">110</Data></Cell>
			<Cell><Data ss:Type="Number">0.34</Data></Cell>
			<Cell><Data ss:Type="Number">-10.17</Data></Cell>
			<Cell><Data ss:Type="Number">0.15</Data></Cell>
			<Cell><Data ss:Type="Number">-9.53</Data></Cell>
			<Cell><Data ss:Type="Number">-0.08</Data></Cell>
			<Cell><Data ss:Type="Number">-0.94</Data></Cell>
			<Cell><Data ss:Type="Number">22.9</Data></Cell>
			<Cell><Data ss:Type="Number">39.2</Data></Cell>
			<Cell><Data ss:Type="Number">0</Data></Cell>
			<Cell><Data ss:Type="Number">0</Data></Cell>
			<Cell><Data ss:Type="String">2023-12-07 16:49:20.863779</Data></Cell>
		</Row>
		<Row>
			<Cell><Data ss:Type="String">109</Data></Cell>
			<Cell><Data ss:Type="Number">0.32</Data></Cell>
			<Cell><Data ss:Type="Number">-10.19</Data></Cell>
			<Cell><Data ss:Type="Number">0.24</Data></Cell>
			<Cell><Data ss:Type="Number">-9.45</Data></Cell>
			<Cell><Data ss:Type="Number">-0.07</Data></Cell>
			<Cell><Data ss:Type="Number">-0.87</Data></Cell>
			<Cell><Data ss:Type="Number">22.9</Data></Cell>
			<Cell><Data ss:Type="Number">39.2</Data></Cell>
			<Cell><Data ss:Type="Number">0</Data></Cell>
			<Cell><Data ss:Type="Number">0</Data></Cell>
			<Cell><Data ss:Type="String">2023-12-07 16:49:20.820682</Data></Cell>
		</Row>
		<Row>
			<Cell><Data ss:Type="String">108</Data></Cell>
			<Cell><Data ss:Type="Number">0.24</Data></Cell>
			<Cell><Data ss:Type="Number">-9.97</Data></Cell>
			<Cell><Data ss:Type="Number">0.04</Data></Cell>
			<Cell><Data ss:Type="Number">-9.45</Data></Cell>
			<Cell><Data ss:Type="Number">-0.04</Data></Cell>
			<Cell><Data ss:Type="Number">-0.97</Data></Cell>
			<Cell><Data ss:Type="Number">22.9</Data></Cell>
			<Cell><Data ss:Type="Number">39.2</Data></Cell>
			<Cell><Data ss:Type="Number">0</Data></Cell>
			<Cell><Data ss:Type="Number">0</Data></Cell>
			<Cell><Data ss:Type="String">2023-12-07 16:49:20.817637</Data></Cell>
		</Row>
		<Row>
			<Cell><Data ss:Type="String">107</Data></Cell>
			<Cell><Data ss:Type="Number">0.33</Data></Cell>
			<Cell><Data ss:Type="Number">-10.02</Data></Cell>
			<Cell><Data ss:Type="Number">0.14</Data></Cell>
			<Cell><Data ss:Type="Number">-9.47</Data></Cell>
			<Cell><Data ss:Type="Number">-0.06</Data></Cell>
			<Cell><Data ss:Type="Number">-0.94</Data></Cell>
			<Cell><Data ss:Type="Number">22.9</Data></Cell>
			<Cell><Data ss:Type="Number">39.2</Data></Cell>
			<Cell><Data ss:Type="Number">0</Data></Cell>
			<Cell><Data ss:Type="Number">0</Data></Cell>
			<Cell><Data ss:Type="String">2023-12-07 16:49:20.771677</Data></Cell>
		</Row>
		<Row>
			<Cell><Data ss:Type="String">106</Data></Cell>
			<Cell><Data ss:Type="Number">0.32</Data></Cell>
			<Cell><Data ss:Type="Number">-10.03</Data></Cell>
			<Cell><Data ss:Type="Number">0.11</Data></Cell>
			<Cell><Data ss:Type="Number">-9.5</Data></Cell>
			<Cell><Data ss:Type="Number">-0.13</Data></Cell>
			<Cell><Data ss:Type="Number">-0.87</Data></Cell>
			<Cell><Data ss:Type="Number">22.9</Data></Cell>
			<Cell><Data ss:Type="Number">39.2</Data></Cell>
			<Cell><Data ss:Type="Number">0</Data></Cell>
			<Cell><Data ss:Type="Number">0</Data></Cell>
			<Cell><Data ss:Type="String">2023-12-07 16:49:20.725636</Data></Cell>
		</Row>
		<Row>
			<Cell><Data ss:Type="String">105</Data></Cell>
			<Cell><Data ss:Type="Number">0.25</Data></Cell>
			<Cell><Data ss:Type="Number">-10.2</Data></Cell>
			<Cell><Data ss:Type="Number">0.1</Data></Cell>
			<Cell><Data ss:Type="Number">-9.55</Data></Cell>
			<Cell><Data ss:Type="Number">-0.1</Data></Cell>
			<Cell><Data ss:Type="Number">-0.95</Data></Cell>
			<Cell><Data ss:Type="Number">22.9</Data></Cell>
			<Cell><Data ss:Type="Number">39.2</Data></Cell>
			<Cell><Data ss:Type="Number">0</Data></Cell>
			<Cell><Data ss:Type="Number">0</Data></Cell>
			<Cell><Data ss:Type="String">2023-12-07 16:49:20.723835</Data></Cell>
		</Row>
		<Row>
			<Cell><Data ss:Type="String">104</Data></Cell>
			<Cell><Data ss:Type="Number">0.11</Data></Cell>
			<Cell><Data ss:Type="Number">-10.16</Data></Cell>
			<Cell><Data ss:Type="Number">0.06</Data></Cell>
			<Cell><Data ss:Type="Number">-9.42</Data></Cell>
			<Cell><Data ss:Type="Number">0.07</Data></Cell>
			<Cell><Data ss:Type="Number">-0.89</Data></Cell>
			<Cell><Data ss:Type="Number">22.9</Data></Cell>
			<Cell><Data ss:Type="Number">39.2</Data></Cell>
			<Cell><Data ss:Type="Number">0</Data></Cell>
			<Cell><Data ss:Type="Number">0</Data></Cell>
			<Cell><Data ss:Type="String">2023-12-07 16:49:20.678385</Data></Cell>
		</Row>
		<Row>
			<Cell><Data ss:Type="String">103</Data></Cell>
			<Cell><Data ss:Type="Number">-0.03</Data></Cell>
			<Cell><Data ss:Type="Number">-10.17</Data></Cell>
			<Cell><Data ss:Type="Number">-0.02</Data></Cell>
			<Cell><Data ss:Type="Number">-9.56</Data></Cell>
			<Cell><Data ss:Type="Number">0.09</Data></Cell>
			<Cell><Data ss:Type="Number">-0.93</Data></Cell>
			<Cell><Data ss:Type="Number">22.9</Data></Cell>
			<Cell><Data ss:Type="Number">39.2</Data></Cell>
			<Cell><Data ss:Type="Number">0</Data></Cell>
			<Cell><Data ss:Type="Number">0</Data></Cell>
			<Cell><Data ss:Type="String">2023-12-07 16:49:20.625952</Data></Cell>
		</Row>
		<Row>
			<Cell><Data ss:Type="String">102</Data></Cell>
			<Cell><Data ss:Type="Number">0.62</Data></Cell>
			<Cell><Data ss:Type="Number">-10.07</Data></Cell>
			<Cell><Data ss:Type="Number">0.24</Data></Cell>
			<Cell><Data ss:Type="Number">-9.5</Data></Cell>
			<Cell><Data ss:Type="Number">-0.12</Data></Cell>
			<Cell><Data ss:Type="Number">-0.93</Data></Cell>
			<Cell><Data ss:Type="Number">22.9</Data></Cell>
			<Cell><Data ss:Type="Number">39.2</Data></Cell>
			<Cell><Data ss:Type="Number">0</Data></Cell>
			<Cell><Data ss:Type="Number">0</Data></Cell>
			<Cell><Data ss:Type="String">2023-12-07 16:49:20.623983</Data></Cell>
		</Row>
		<Row>
			<Cell><Data ss:Type="String">101</Data></Cell>
			<Cell><Data ss:Type="Number">-0.75</Data></Cell>
			<Cell><Data ss:Type="Number">-10</Data></Cell>
			<Cell><Data ss:Type="Number">0.46</Data></Cell>
			<Cell><Data ss:Type="Number">-9.41</Data></Cell>
			<Cell><Data ss:Type="Number">-0.47</Data></Cell>
			<Cell><Data ss:Type="Number">-0.8</Data></Cell>
			<Cell><Data ss:Type="Number">22.9</Data></Cell>
			<Cell><Data ss:Type="Number">39.2</Data></Cell>
			<Cell><Data ss:Type="Number">0</Data></Cell>
			<Cell><Data ss:Type="Number">0</Data></Cell>
			<Cell><Data ss:Type="String">2023-12-07 16:49:20.621289</Data></Cell>
		</Row>
		<Row>
			<Cell><Data ss:Type="String">100</Data></Cell>
			<Cell><Data ss:Type="Number">-0.61</Data></Cell>
			<Cell><Data ss:Type="Number">-10.2</Data></Cell>
			<Cell><Data ss:Type="Number">-0.48</Data></Cell>
			<Cell><Data ss:Type="Number">-9.53</Data></Cell>
			<Cell><Data ss:Type="Number">0.44</Data></Cell>
			<Cell><Data ss:Type="Number">-1.08</Data></Cell>
			<Cell><Data ss:Type="Number">22.9</Data></Cell>
			<Cell><Data ss:Type="Number">39.2</Data></Cell>
			<Cell><Data ss:Type="Number">0</Data></Cell>
			<Cell><Data ss:Type="Number">0</Data></Cell>
			<Cell><Data ss:Type="String">2023-12-07 16:49:20.618241</Data></Cell>
		</Row>
		<Row>
			<Cell><Data ss:Type="String">99</Data></Cell>
			<Cell><Data ss:Type="Number">0.07</Data></Cell>
			<Cell><Data ss:Type="Number">-9.96</Data></Cell>
			<Cell><Data ss:Type="Number">-0.19</Data></Cell>
			<Cell><Data ss:Type="Number">-9.47</Data></Cell>
			<Cell><Data ss:Type="Number">0.43</Data></Cell>
			<Cell><Data ss:Type="Number">-0.94</Data></Cell>
			<Cell><Data ss:Type="Number">22.9</Data></Cell>
			<Cell><Data ss:Type="Number">39.2</Data></Cell>
			<Cell><Data ss:Type="Number">0</Data></Cell>
			<Cell><Data ss:Type="Number">0</Data></Cell>
			<Cell><Data ss:Type="String">2023-12-07 16:49:20.616325</Data></Cell>
		</Row>
		<Row>
			<Cell><Data ss:Type="String">98</Data></Cell>
			<Cell><Data ss:Type="Number">2.46</Data></Cell>
			<Cell><Data ss:Type="Number">-10</Data></Cell>
			<Cell><Data ss:Type="Number">1.47</Data></Cell>
			<Cell><Data ss:Type="Number">-9.5</Data></Cell>
			<Cell><Data ss:Type="Number">-1.13</Data></Cell>
			<Cell><Data ss:Type="Number">-0.7</Data></Cell>
			<Cell><Data ss:Type="Number">22.9</Data></Cell>
			<Cell><Data ss:Type="Number">39.2</Data></Cell>
			<Cell><Data ss:Type="Number">0</Data></Cell>
			<Cell><Data ss:Type="Number">0</Data></Cell>
			<Cell><Data ss:Type="String">2023-12-07 16:49:20.450754</Data></Cell>
		</Row>
		<Row>
			<Cell><Data ss:Type="String">97</Data></Cell>
			<Cell><Data ss:Type="Number">0.65</Data></Cell>
			<Cell><Data ss:Type="Number">-11.38</Data></Cell>
			<Cell><Data ss:Type="Number">-1.59</Data></Cell>
			<Cell><Data ss:Type="Number">-9.5</Data></Cell>
			<Cell><Data ss:Type="Number">-1.01</Data></Cell>
			<Cell><Data ss:Type="Number">-0.89</Data></Cell>
			<Cell><Data ss:Type="Number">22.9</Data></Cell>
			<Cell><Data ss:Type="Number">39.2</Data></Cell>
			<Cell><Data ss:Type="Number">0</Data></Cell>
			<Cell><Data ss:Type="Number">0</Data></Cell>
			<Cell><Data ss:Type="String">2023-12-07 16:49:20.448668</Data></Cell>
		</Row>
		<Row>
			<Cell><Data ss:Type="String">96</Data></Cell>
			<Cell><Data ss:Type="Number">0.31</Data></Cell>
			<Cell><Data ss:Type="Number">-14.84</Data></Cell>
			<Cell><Data ss:Type="Number">0.3</Data></Cell>
			<Cell><Data ss:Type="Number">-11.44</Data></Cell>
			<Cell><Data ss:Type="Number">0.5</Data></Cell>
			<Cell><Data ss:Type="Number">-1.09</Data></Cell>
			<Cell><Data ss:Type="Number">22.9</Data></Cell>
			<Cell><Data ss:Type="Number">39.2</Data></Cell>
			<Cell><Data ss:Type="Number">0</Data></Cell>
			<Cell><Data ss:Type="Number">0</Data></Cell>
			<Cell><Data ss:Type="String">2023-12-07 16:49:20.402920</Data></Cell>
		</Row>
		<Row>
			<Cell><Data ss:Type="String">95</Data></Cell>
			<Cell><Data ss:Type="Number">0.37</Data></Cell>
			<Cell><Data ss:Type="Number">-9.93</Data></Cell>
			<Cell><Data ss:Type="Number">0.08</Data></Cell>
			<Cell><Data ss:Type="Number">-9.45</Data></Cell>
			<Cell><Data ss:Type="Number">-0.01</Data></Cell>
			<Cell><Data ss:Type="Number">-0.92</Data></Cell>
			<Cell><Data ss:Type="Number">22.9</Data></Cell>
			<Cell><Data ss:Type="Number">39.2</Data></Cell>
			<Cell><Data ss:Type="Number">0</Data></Cell>
			<Cell><Data ss:Type="Number">0</Data></Cell>
			<Cell><Data ss:Type="String">2023-12-07 16:49:20.354564</Data></Cell>
		</Row>
		<Row>
			<Cell><Data ss:Type="String">94</Data></Cell>
			<Cell><Data ss:Type="Number">0.16</Data></Cell>
			<Cell><Data ss:Type="Number">-10.07</Data></Cell>
			<Cell><Data ss:Type="Number">-0.25</Data></Cell>
			<Cell><Data ss:Type="Number">-9.48</Data></Cell>
			<Cell><Data ss:Type="Number">-0.16</Data></Cell>
			<Cell><Data ss:Type="Number">-0.97</Data></Cell>
			<Cell><Data ss:Type="Number">22.9</Data></Cell>
			<Cell><Data ss:Type="Number">39.2</Data></Cell>
			<Cell><Data ss:Type="Number">0</Data></Cell>
			<Cell><Data ss:Type="Number">0</Data></Cell>
			<Cell><Data ss:Type="String">2023-12-07 16:49:20.351669</Data></Cell>
		</Row>
		<Row>
			<Cell><Data ss:Type="String">93</Data></Cell>
			<Cell><Data ss:Type="Number">0.55</Data></Cell>
			<Cell><Data ss:Type="Number">-10.34</Data></Cell>
			<Cell><Data ss:Type="Number">0.12</Data></Cell>
			<Cell><Data ss:Type="Number">-9.5</Data></Cell>
			<Cell><Data ss:Type="Number">-0.02</Data></Cell>
			<Cell><Data ss:Type="Number">-0.89</Data></Cell>
			<Cell><Data ss:Type="Number">22.9</Data></Cell>
			<Cell><Data ss:Type="Number">39.2</Data></Cell>
			<Cell><Data ss:Type="Number">0</Data></Cell>
			<Cell><Data ss:Type="Number">0</Data></Cell>
			<Cell><Data ss:Type="String">2023-12-07 16:49:20.349398</Data></Cell>
		</Row>
		<Row>
			<Cell><Data ss:Type="String">92</Data></Cell>
			<Cell><Data ss:Type="Number">0.34</Data></Cell>
			<Cell><Data ss:Type="Number">-9.14</Data></Cell>
			<Cell><Data ss:Type="Number">0.28</Data></Cell>
			<Cell><Data ss:Type="Number">-9.37</Data></Cell>
			<Cell><Data ss:Type="Number">-0.08</Data></Cell>
			<Cell><Data ss:Type="Number">-0.95</Data></Cell>
			<Cell><Data ss:Type="Number">22.9</Data></Cell>
			<Cell><Data ss:Type="Number">39.2</Data></Cell>
			<Cell><Data ss:Type="Number">0</Data></Cell>
			<Cell><Data ss:Type="Number">0</Data></Cell>
			<Cell><Data ss:Type="String">2023-12-07 16:49:20.346960</Data></Cell>
		</Row>
		<Row>
			<Cell><Data ss:Type="String">91</Data></Cell>
			<Cell><Data ss:Type="Number">0.06</Data></Cell>
			<Cell><Data ss:Type="Number">-9.44</Data></Cell>
			<Cell><Data ss:Type="Number">0.25</Data></Cell>
			<Cell><Data ss:Type="Number">-9.24</Data></Cell>
			<Cell><Data ss:Type="Number">-0.05</Data></Cell>
			<Cell><Data ss:Type="Number">-1</Data></Cell>
			<Cell><Data ss:Type="Number">22.9</Data></Cell>
			<Cell><Data ss:Type="Number">39.2</Data></Cell>
			<Cell><Data ss:Type="Number">0</Data></Cell>
			<Cell><Data ss:Type="Number">0</Data></Cell>
			<Cell><Data ss:Type="String">2023-12-07 16:49:20.234756</Data></Cell>
		</Row>
		<Row>
			<Cell><Data ss:Type="String">90</Data></Cell>
			<Cell><Data ss:Type="Number">0.12</Data></Cell>
			<Cell><Data ss:Type="Number">-9.67</Data></Cell>
			<Cell><Data ss:Type="Number">0.15</Data></Cell>
			<Cell><Data ss:Type="Number">-9.44</Data></Cell>
			<Cell><Data ss:Type="Number">-0.16</Data></Cell>
			<Cell><Data ss:Type="Number">-0.96</Data></Cell>
			<Cell><Data ss:Type="Number">22.9</Data></Cell>
			<Cell><Data ss:Type="Number">39.2</Data></Cell>
			<Cell><Data ss:Type="Number">0</Data></Cell>
			<Cell><Data ss:Type="Number">0</Data></Cell>
			<Cell><Data ss:Type="String">2023-12-07 16:49:20.193518</Data></Cell>
		</Row>
		<Row>
			<Cell><Data ss:Type="String">89</Data></Cell>
			<Cell><Data ss:Type="Number">0.09</Data></Cell>
			<Cell><Data ss:Type="Number">-10.5</Data></Cell>
			<Cell><Data ss:Type="Number">-0.07</Data></Cell>
			<Cell><Data ss:Type="Number">-9.58</Data></Cell>
			<Cell><Data ss:Type="Number">-0.02</Data></Cell>
			<Cell><Data ss:Type="Number">-0.84</Data></Cell>
			<Cell><Data ss:Type="Number">22.9</Data></Cell>
			<Cell><Data ss:Type="Number">39.2</Data></Cell>
			<Cell><Data ss:Type="Number">0</Data></Cell>
			<Cell><Data ss:Type="Number">0</Data></Cell>
			<Cell><Data ss:Type="String">2023-12-07 16:49:20.191653</Data></Cell>
		</Row>
		<Row>
			<Cell><Data ss:Type="String">88</Data></Cell>
			<Cell><Data ss:Type="Number">0.2</Data></Cell>
			<Cell><Data ss:Type="Number">-10.01</Data></Cell>
			<Cell><Data ss:Type="Number">0.16</Data></Cell>
			<Cell><Data ss:Type="Number">-9.53</Data></Cell>
			<Cell><Data ss:Type="Number">-0.04</Data></Cell>
			<Cell><Data ss:Type="Number">-0.93</Data></Cell>
			<Cell><Data ss:Type="Number">22.9</Data></Cell>
			<Cell><Data ss:Type="Number">39.2</Data></Cell>
			<Cell><Data ss:Type="Number">0</Data></Cell>
			<Cell><Data ss:Type="Number">0</Data></Cell>
			<Cell><Data ss:Type="String">2023-12-07 16:49:20.143703</Data></Cell>
		</Row>
		<Row>
			<Cell><Data ss:Type="String">87</Data></Cell>
			<Cell><Data ss:Type="Number">0.57</Data></Cell>
			<Cell><Data ss:Type="Number">-10.26</Data></Cell>
			<Cell><Data ss:Type="Number">0.27</Data></Cell>
			<Cell><Data ss:Type="Number">-9.62</Data></Cell>
			<Cell><Data ss:Type="Number">-0.05</Data></Cell>
			<Cell><Data ss:Type="Number">-0.93</Data></Cell>
			<Cell><Data ss:Type="Number">22.9</Data></Cell>
			<Cell><Data ss:Type="Number">39.2</Data></Cell>
			<Cell><Data ss:Type="Number">0</Data></Cell>
			<Cell><Data ss:Type="Number">0</Data></Cell>
			<Cell><Data ss:Type="String">2023-12-07 16:49:20.098955</Data></Cell>
		</Row>
		<Row>
			<Cell><Data ss:Type="String">86</Data></Cell>
			<Cell><Data ss:Type="Number">0.82</Data></Cell>
			<Cell><Data ss:Type="Number">-10.49</Data></Cell>
			<Cell><Data ss:Type="Number">0</Data></Cell>
			<Cell><Data ss:Type="Number">-9.58</Data></Cell>
			<Cell><Data ss:Type="Number">-0.01</Data></Cell>
			<Cell><Data ss:Type="Number">-0.88</Data></Cell>
			<Cell><Data ss:Type="Number">22.9</Data></Cell>
			<Cell><Data ss:Type="Number">39.2</Data></Cell>
			<Cell><Data ss:Type="Number">0</Data></Cell>
			<Cell><Data ss:Type="Number">0</Data></Cell>
			<Cell><Data ss:Type="String">2023-12-07 16:49:20.050399</Data></Cell>
		</Row>
		<Row>
			<Cell><Data ss:Type="String">85</Data></Cell>
			<Cell><Data ss:Type="Number">0.42</Data></Cell>
			<Cell><Data ss:Type="Number">-10.68</Data></Cell>
			<Cell><Data ss:Type="Number">0.37</Data></Cell>
			<Cell><Data ss:Type="Number">-9.43</Data></Cell>
			<Cell><Data ss:Type="Number">-0.12</Data></Cell>
			<Cell><Data ss:Type="Number">-0.95</Data></Cell>
			<Cell><Data ss:Type="Number">22.9</Data></Cell>
			<Cell><Data ss:Type="Number">39.2</Data></Cell>
			<Cell><Data ss:Type="Number">0</Data></Cell>
			<Cell><Data ss:Type="Number">0</Data></Cell>
			<Cell><Data ss:Type="String">2023-12-07 16:49:20.048281</Data></Cell>
		</Row>
		<Row>
			<Cell><Data ss:Type="String">84</Data></Cell>
			<Cell><Data ss:Type="Number">-0.21</Data></Cell>
			<Cell><Data ss:Type="Number">-10.25</Data></Cell>
			<Cell><Data ss:Type="Number">0.45</Data></Cell>
			<Cell><Data ss:Type="Number">-9.47</Data></Cell>
			<Cell><Data ss:Type="Number">-0.04</Data></Cell>
			<Cell><Data ss:Type="Number">-0.9</Data></Cell>
			<Cell><Data ss:Type="Number">22.9</Data></Cell>
			<Cell><Data ss:Type="Number">39.2</Data></Cell>
			<Cell><Data ss:Type="Number">0</Data></Cell>
			<Cell><Data ss:Type="Number">0</Data></Cell>
			<Cell><Data ss:Type="String">2023-12-07 16:49:20.046431</Data></Cell>
		</Row>
		<Row>
			<Cell><Data ss:Type="String">83</Data></Cell>
			<Cell><Data ss:Type="Number">0.56</Data></Cell>
			<Cell><Data ss:Type="Number">-9.8</Data></Cell>
			<Cell><Data ss:Type="Number">-0.05</Data></Cell>
			<Cell><Data ss:Type="Number">-9.46</Data></Cell>
			<Cell><Data ss:Type="Number">-0.1</Data></Cell>
			<Cell><Data ss:Type="Number">-0.95</Data></Cell>
			<Cell><Data ss:Type="Number">22.9</Data></Cell>
			<Cell><Data ss:Type="Number">39.2</Data></Cell>
			<Cell><Data ss:Type="Number">0</Data></Cell>
			<Cell><Data ss:Type="Number">0</Data></Cell>
			<Cell><Data ss:Type="String">2023-12-07 16:49:20.044495</Data></Cell>
		</Row>
		<Row>
			<Cell><Data ss:Type="String">82</Data></Cell>
			<Cell><Data ss:Type="Number">0.22</Data></Cell>
			<Cell><Data ss:Type="Number">-10.04</Data></Cell>
			<Cell><Data ss:Type="Number">0.12</Data></Cell>
			<Cell><Data ss:Type="Number">-9.51</Data></Cell>
			<Cell><Data ss:Type="Number">-0.02</Data></Cell>
			<Cell><Data ss:Type="Number">-0.86</Data></Cell>
			<Cell><Data ss:Type="Number">22.9</Data></Cell>
			<Cell><Data ss:Type="Number">39.2</Data></Cell>
			<Cell><Data ss:Type="Number">0</Data></Cell>
			<Cell><Data ss:Type="Number">0</Data></Cell>
			<Cell><Data ss:Type="String">2023-12-07 16:49:20.042632</Data></Cell>
		</Row>
		<Row>
			<Cell><Data ss:Type="String">81</Data></Cell>
			<Cell><Data ss:Type="Number">-0.1</Data></Cell>
			<Cell><Data ss:Type="Number">-10.4</Data></Cell>
			<Cell><Data ss:Type="Number">0.41</Data></Cell>
			<Cell><Data ss:Type="Number">-9.53</Data></Cell>
			<Cell><Data ss:Type="Number">-0.07</Data></Cell>
			<Cell><Data ss:Type="Number">-0.85</Data></Cell>
			<Cell><Data ss:Type="Number">22.9</Data></Cell>
			<Cell><Data ss:Type="Number">39.2</Data></Cell>
			<Cell><Data ss:Type="Number">0</Data></Cell>
			<Cell><Data ss:Type="Number">0</Data></Cell>
			<Cell><Data ss:Type="String">2023-12-07 16:49:20.040846</Data></Cell>
		</Row>
		<Row>
			<Cell><Data ss:Type="String">80</Data></Cell>
			<Cell><Data ss:Type="Number">0.05</Data></Cell>
			<Cell><Data ss:Type="Number">-10.15</Data></Cell>
			<Cell><Data ss:Type="Number">0.26</Data></Cell>
			<Cell><Data ss:Type="Number">-9.5</Data></Cell>
			<Cell><Data ss:Type="Number">-0</Data></Cell>
			<Cell><Data ss:Type="Number">-0.95</Data></Cell>
			<Cell><Data ss:Type="Number">22.9</Data></Cell>
			<Cell><Data ss:Type="Number">39.2</Data></Cell>
			<Cell><Data ss:Type="Number">0</Data></Cell>
			<Cell><Data ss:Type="Number">0</Data></Cell>
			<Cell><Data ss:Type="String">2023-12-07 16:49:19.839001</Data></Cell>
		</Row>
		<Row>
			<Cell><Data ss:Type="String">79</Data></Cell>
			<Cell><Data ss:Type="Number">0.34</Data></Cell>
			<Cell><Data ss:Type="Number">-10.43</Data></Cell>
			<Cell><Data ss:Type="Number">0.21</Data></Cell>
			<Cell><Data ss:Type="Number">-9.63</Data></Cell>
			<Cell><Data ss:Type="Number">-0.09</Data></Cell>
			<Cell><Data ss:Type="Number">-0.92</Data></Cell>
			<Cell><Data ss:Type="Number">22.9</Data></Cell>
			<Cell><Data ss:Type="Number">39.2</Data></Cell>
			<Cell><Data ss:Type="Number">0</Data></Cell>
			<Cell><Data ss:Type="Number">0</Data></Cell>
			<Cell><Data ss:Type="String">2023-12-07 16:49:19.836402</Data></Cell>
		</Row>
		<Row>
			<Cell><Data ss:Type="String">78</Data></Cell>
			<Cell><Data ss:Type="Number">0.07</Data></Cell>
			<Cell><Data ss:Type="Number">-10.21</Data></Cell>
			<Cell><Data ss:Type="Number">-0.27</Data></Cell>
			<Cell><Data ss:Type="Number">-9.53</Data></Cell>
			<Cell><Data ss:Type="Number">-0.02</Data></Cell>
			<Cell><Data ss:Type="Number">-0.91</Data></Cell>
			<Cell><Data ss:Type="Number">22.9</Data></Cell>
			<Cell><Data ss:Type="Number">39.2</Data></Cell>
			<Cell><Data ss:Type="Number">0</Data></Cell>
			<Cell><Data ss:Type="Number">0</Data></Cell>
			<Cell><Data ss:Type="String">2023-12-07 16:49:19.833819</Data></Cell>
		</Row>
		<Row>
			<Cell><Data ss:Type="String">77</Data></Cell>
			<Cell><Data ss:Type="Number">0.1</Data></Cell>
			<Cell><Data ss:Type="Number">-9.96</Data></Cell>
			<Cell><Data ss:Type="Number">0.18</Data></Cell>
			<Cell><Data ss:Type="Number">-9.4</Data></Cell>
			<Cell><Data ss:Type="Number">-0.1</Data></Cell>
			<Cell><Data ss:Type="Number">-0.87</Data></Cell>
			<Cell><Data ss:Type="Number">22.9</Data></Cell>
			<Cell><Data ss:Type="Number">39.2</Data></Cell>
			<Cell><Data ss:Type="Number">0</Data></Cell>
			<Cell><Data ss:Type="Number">0</Data></Cell>
			<Cell><Data ss:Type="String">2023-12-07 16:49:19.755119</Data></Cell>
		</Row>
		<Row>
			<Cell><Data ss:Type="String">76</Data></Cell>
			<Cell><Data ss:Type="Number">0.01</Data></Cell>
			<Cell><Data ss:Type="Number">-10.11</Data></Cell>
			<Cell><Data ss:Type="Number">-0.35</Data></Cell>
			<Cell><Data ss:Type="Number">-9.56</Data></Cell>
			<Cell><Data ss:Type="Number">0.03</Data></Cell>
			<Cell><Data ss:Type="Number">-0.95</Data></Cell>
			<Cell><Data ss:Type="Number">22.9</Data></Cell>
			<Cell><Data ss:Type="Number">39.2</Data></Cell>
			<Cell><Data ss:Type="Number">0</Data></Cell>
			<Cell><Data ss:Type="Number">0</Data></Cell>
			<Cell><Data ss:Type="String">2023-12-07 16:49:19.701494</Data></Cell>
		</Row>
		<Row>
			<Cell><Data ss:Type="String">75</Data></Cell>
			<Cell><Data ss:Type="Number">0.29</Data></Cell>
			<Cell><Data ss:Type="Number">-10.04</Data></Cell>
			<Cell><Data ss:Type="Number">0.12</Data></Cell>
			<Cell><Data ss:Type="Number">-9.53</Data></Cell>
			<Cell><Data ss:Type="Number">-0.11</Data></Cell>
			<Cell><Data ss:Type="Number">-0.86</Data></Cell>
			<Cell><Data ss:Type="Number">22.9</Data></Cell>
			<Cell><Data ss:Type="Number">39.2</Data></Cell>
			<Cell><Data ss:Type="Number">0</Data></Cell>
			<Cell><Data ss:Type="Number">0</Data></Cell>
			<Cell><Data ss:Type="String">2023-12-07 16:49:19.699274</Data></Cell>
		</Row>
		<Row>
			<Cell><Data ss:Type="String">74</Data></Cell>
			<Cell><Data ss:Type="Number">0.76</Data></Cell>
			<Cell><Data ss:Type="Number">-9.76</Data></Cell>
			<Cell><Data ss:Type="Number">0.33</Data></Cell>
			<Cell><Data ss:Type="Number">-9.36</Data></Cell>
			<Cell><Data ss:Type="Number">-0.06</Data></Cell>
			<Cell><Data ss:Type="Number">-0.96</Data></Cell>
			<Cell><Data ss:Type="Number">22.9</Data></Cell>
			<Cell><Data ss:Type="Number">39.2</Data></Cell>
			<Cell><Data ss:Type="Number">0</Data></Cell>
			<Cell><Data ss:Type="Number">0</Data></Cell>
			<Cell><Data ss:Type="String">2023-12-07 16:49:19.655075</Data></Cell>
		</Row>
		<Row>
			<Cell><Data ss:Type="String">73</Data></Cell>
			<Cell><Data ss:Type="Number">-0.02</Data></Cell>
			<Cell><Data ss:Type="Number">-10.1</Data></Cell>
			<Cell><Data ss:Type="Number">-0.04</Data></Cell>
			<Cell><Data ss:Type="Number">-9.52</Data></Cell>
			<Cell><Data ss:Type="Number">-0.08</Data></Cell>
			<Cell><Data ss:Type="Number">-0.88</Data></Cell>
			<Cell><Data ss:Type="Number">22.9</Data></Cell>
			<Cell><Data ss:Type="Number">39.2</Data></Cell>
			<Cell><Data ss:Type="Number">0</Data></Cell>
			<Cell><Data ss:Type="Number">0</Data></Cell>
			<Cell><Data ss:Type="String">2023-12-07 16:49:19.608003</Data></Cell>
		</Row>
		<Row>
			<Cell><Data ss:Type="String">72</Data></Cell>
			<Cell><Data ss:Type="Number">0.85</Data></Cell>
			<Cell><Data ss:Type="Number">-9.53</Data></Cell>
			<Cell><Data ss:Type="Number">0.38</Data></Cell>
			<Cell><Data ss:Type="Number">-9.3</Data></Cell>
			<Cell><Data ss:Type="Number">-0.08</Data></Cell>
			<Cell><Data ss:Type="Number">-0.89</Data></Cell>
			<Cell><Data ss:Type="Number">22.9</Data></Cell>
			<Cell><Data ss:Type="Number">39.2</Data></Cell>
			<Cell><Data ss:Type="Number">0</Data></Cell>
			<Cell><Data ss:Type="Number">0</Data></Cell>
			<Cell><Data ss:Type="String">2023-12-07 16:49:19.563171</Data></Cell>
		</Row>
		<Row>
			<Cell><Data ss:Type="String">71</Data></Cell>
			<Cell><Data ss:Type="Number">0.3</Data></Cell>
			<Cell><Data ss:Type="Number">-9.85</Data></Cell>
			<Cell><Data ss:Type="Number">-0.17</Data></Cell>
			<Cell><Data ss:Type="Number">-9.47</Data></Cell>
			<Cell><Data ss:Type="Number">-0.07</Data></Cell>
			<Cell><Data ss:Type="Number">-0.93</Data></Cell>
			<Cell><Data ss:Type="Number">22.9</Data></Cell>
			<Cell><Data ss:Type="Number">39.2</Data></Cell>
			<Cell><Data ss:Type="Number">0</Data></Cell>
			<Cell><Data ss:Type="Number">0</Data></Cell>
			<Cell><Data ss:Type="String">2023-12-07 16:49:19.561281</Data></Cell>
		</Row>
		<Row>
			<Cell><Data ss:Type="String">70</Data></Cell>
			<Cell><Data ss:Type="Number">0.21</Data></Cell>
			<Cell><Data ss:Type="Number">-9.82</Data></Cell>
			<Cell><Data ss:Type="Number">-0.02</Data></Cell>
			<Cell><Data ss:Type="Number">-9.57</Data></Cell>
			<Cell><Data ss:Type="Number">-0.08</Data></Cell>
			<Cell><Data ss:Type="Number">-0.89</Data></Cell>
			<Cell><Data ss:Type="Number">22.9</Data></Cell>
			<Cell><Data ss:Type="Number">39.2</Data></Cell>
			<Cell><Data ss:Type="Number">0</Data></Cell>
			<Cell><Data ss:Type="Number">0</Data></Cell>
			<Cell><Data ss:Type="String">2023-12-07 16:49:19.518796</Data></Cell>
		</Row>
		<Row>
			<Cell><Data ss:Type="String">69</Data></Cell>
			<Cell><Data ss:Type="Number">0.14</Data></Cell>
			<Cell><Data ss:Type="Number">-10.79</Data></Cell>
			<Cell><Data ss:Type="Number">-0.16</Data></Cell>
			<Cell><Data ss:Type="Number">-9.67</Data></Cell>
			<Cell><Data ss:Type="Number">0</Data></Cell>
			<Cell><Data ss:Type="Number">-0.92</Data></Cell>
			<Cell><Data ss:Type="Number">22.9</Data></Cell>
			<Cell><Data ss:Type="Number">39.2</Data></Cell>
			<Cell><Data ss:Type="Number">0</Data></Cell>
			<Cell><Data ss:Type="Number">0</Data></Cell>
			<Cell><Data ss:Type="String">2023-12-07 16:49:19.469800</Data></Cell>
		</Row>
		<Row>
			<Cell><Data ss:Type="String">68</Data></Cell>
			<Cell><Data ss:Type="Number">0.09</Data></Cell>
			<Cell><Data ss:Type="Number">-9.72</Data></Cell>
			<Cell><Data ss:Type="Number">0.09</Data></Cell>
			<Cell><Data ss:Type="Number">-9.29</Data></Cell>
			<Cell><Data ss:Type="Number">-0.1</Data></Cell>
			<Cell><Data ss:Type="Number">-0.97</Data></Cell>
			<Cell><Data ss:Type="Number">22.9</Data></Cell>
			<Cell><Data ss:Type="Number">39.2</Data></Cell>
			<Cell><Data ss:Type="Number">0</Data></Cell>
			<Cell><Data ss:Type="Number">0</Data></Cell>
			<Cell><Data ss:Type="String">2023-12-07 16:49:19.430788</Data></Cell>
		</Row>
		<Row>
			<Cell><Data ss:Type="String">67</Data></Cell>
			<Cell><Data ss:Type="Number">0.37</Data></Cell>
			<Cell><Data ss:Type="Number">-9.6</Data></Cell>
			<Cell><Data ss:Type="Number">-0.24</Data></Cell>
			<Cell><Data ss:Type="Number">-9.49</Data></Cell>
			<Cell><Data ss:Type="Number">-0.26</Data></Cell>
			<Cell><Data ss:Type="Number">-0.91</Data></Cell>
			<Cell><Data ss:Type="Number">22.9</Data></Cell>
			<Cell><Data ss:Type="Number">39.2</Data></Cell>
			<Cell><Data ss:Type="Number">0</Data></Cell>
			<Cell><Data ss:Type="Number">0</Data></Cell>
			<Cell><Data ss:Type="String">2023-12-07 16:49:19.428661</Data></Cell>
		</Row>
		<Row>
			<Cell><Data ss:Type="String">66</Data></Cell>
			<Cell><Data ss:Type="Number">0.09</Data></Cell>
			<Cell><Data ss:Type="Number">-9.96</Data></Cell>
			<Cell><Data ss:Type="Number">-0.07</Data></Cell>
			<Cell><Data ss:Type="Number">-9.52</Data></Cell>
			<Cell><Data ss:Type="Number">-0.08</Data></Cell>
			<Cell><Data ss:Type="Number">-0.92</Data></Cell>
			<Cell><Data ss:Type="Number">22.9</Data></Cell>
			<Cell><Data ss:Type="Number">39.2</Data></Cell>
			<Cell><Data ss:Type="Number">0</Data></Cell>
			<Cell><Data ss:Type="Number">0</Data></Cell>
			<Cell><Data ss:Type="String">2023-12-07 16:49:19.427121</Data></Cell>
		</Row>
		<Row>
			<Cell><Data ss:Type="String">65</Data></Cell>
			<Cell><Data ss:Type="Number">-0.86</Data></Cell>
			<Cell><Data ss:Type="Number">-10.01</Data></Cell>
			<Cell><Data ss:Type="Number">-0.74</Data></Cell>
			<Cell><Data ss:Type="Number">-9.46</Data></Cell>
			<Cell><Data ss:Type="Number">0.07</Data></Cell>
			<Cell><Data ss:Type="Number">-0.89</Data></Cell>
			<Cell><Data ss:Type="Number">22.9</Data></Cell>
			<Cell><Data ss:Type="Number">39.2</Data></Cell>
			<Cell><Data ss:Type="Number">0</Data></Cell>
			<Cell><Data ss:Type="Number">0</Data></Cell>
			<Cell><Data ss:Type="String">2023-12-07 16:49:19.425455</Data></Cell>
		</Row>
		<Row>
			<Cell><Data ss:Type="String">64</Data></Cell>
			<Cell><Data ss:Type="Number">-0.59</Data></Cell>
			<Cell><Data ss:Type="Number">-10.35</Data></Cell>
			<Cell><Data ss:Type="Number">-0.6</Data></Cell>
			<Cell><Data ss:Type="Number">-9.54</Data></Cell>
			<Cell><Data ss:Type="Number">0.31</Data></Cell>
			<Cell><Data ss:Type="Number">-1.01</Data></Cell>
			<Cell><Data ss:Type="Number">22.9</Data></Cell>
			<Cell><Data ss:Type="Number">39.2</Data></Cell>
			<Cell><Data ss:Type="Number">0</Data></Cell>
			<Cell><Data ss:Type="Number">0</Data></Cell>
			<Cell><Data ss:Type="String">2023-12-07 16:49:19.301791</Data></Cell>
		</Row>
		<Row>
			<Cell><Data ss:Type="String">63</Data></Cell>
			<Cell><Data ss:Type="Number">0.74</Data></Cell>
			<Cell><Data ss:Type="Number">-9.65</Data></Cell>
			<Cell><Data ss:Type="Number">0.55</Data></Cell>
			<Cell><Data ss:Type="Number">-9.47</Data></Cell>
			<Cell><Data ss:Type="Number">-0.46</Data></Cell>
			<Cell><Data ss:Type="Number">-0.87</Data></Cell>
			<Cell><Data ss:Type="Number">22.9</Data></Cell>
			<Cell><Data ss:Type="Number">39.2</Data></Cell>
			<Cell><Data ss:Type="Number">0</Data></Cell>
			<Cell><Data ss:Type="Number">0</Data></Cell>
			<Cell><Data ss:Type="String">2023-12-07 16:49:19.300130</Data></Cell>
		</Row>
		<Row>
			<Cell><Data ss:Type="String">62</Data></Cell>
			<Cell><Data ss:Type="Number">0.78</Data></Cell>
			<Cell><Data ss:Type="Number">-9.93</Data></Cell>
			<Cell><Data ss:Type="Number">0.44</Data></Cell>
			<Cell><Data ss:Type="Number">-9.37</Data></Cell>
			<Cell><Data ss:Type="Number">-0.67</Data></Cell>
			<Cell><Data ss:Type="Number">-0.75</Data></Cell>
			<Cell><Data ss:Type="Number">22.9</Data></Cell>
			<Cell><Data ss:Type="Number">39.2</Data></Cell>
			<Cell><Data ss:Type="Number">0</Data></Cell>
			<Cell><Data ss:Type="Number">0</Data></Cell>
			<Cell><Data ss:Type="String">2023-12-07 16:49:19.298479</Data></Cell>
		</Row>
		<Row>
			<Cell><Data ss:Type="String">61</Data></Cell>
			<Cell><Data ss:Type="Number">-4.61</Data></Cell>
			<Cell><Data ss:Type="Number">-9.67</Data></Cell>
			<Cell><Data ss:Type="Number">0.54</Data></Cell>
			<Cell><Data ss:Type="Number">-9.42</Data></Cell>
			<Cell><Data ss:Type="Number">-1.47</Data></Cell>
			<Cell><Data ss:Type="Number">-1.05</Data></Cell>
			<Cell><Data ss:Type="Number">22.9</Data></Cell>
			<Cell><Data ss:Type="Number">39.2</Data></Cell>
			<Cell><Data ss:Type="Number">0</Data></Cell>
			<Cell><Data ss:Type="Number">0</Data></Cell>
			<Cell><Data ss:Type="String">2023-12-07 16:49:19.296863</Data></Cell>
		</Row>
		<Row>
			<Cell><Data ss:Type="String">60</Data></Cell>
			<Cell><Data ss:Type="Number">-1.07</Data></Cell>
			<Cell><Data ss:Type="Number">-10.64</Data></Cell>
			<Cell><Data ss:Type="Number">-1.64</Data></Cell>
			<Cell><Data ss:Type="Number">-8.8</Data></Cell>
			<Cell><Data ss:Type="Number">-0.17</Data></Cell>
			<Cell><Data ss:Type="Number">-0.85</Data></Cell>
			<Cell><Data ss:Type="Number">22.9</Data></Cell>
			<Cell><Data ss:Type="Number">39.2</Data></Cell>
			<Cell><Data ss:Type="Number">0</Data></Cell>
			<Cell><Data ss:Type="Number">0</Data></Cell>
			<Cell><Data ss:Type="String">2023-12-07 16:49:19.295317</Data></Cell>
		</Row>
		<Row>
			<Cell><Data ss:Type="String">59</Data></Cell>
			<Cell><Data ss:Type="Number">0.28</Data></Cell>
			<Cell><Data ss:Type="Number">-10.06</Data></Cell>
			<Cell><Data ss:Type="Number">0.18</Data></Cell>
			<Cell><Data ss:Type="Number">-9.51</Data></Cell>
			<Cell><Data ss:Type="Number">-0.08</Data></Cell>
			<Cell><Data ss:Type="Number">-0.9</Data></Cell>
			<Cell><Data ss:Type="Number">22.9</Data></Cell>
			<Cell><Data ss:Type="Number">39.2</Data></Cell>
			<Cell><Data ss:Type="Number">0</Data></Cell>
			<Cell><Data ss:Type="Number">0</Data></Cell>
			<Cell><Data ss:Type="String">2023-12-07 16:49:19.293701</Data></Cell>
		</Row>
		<Row>
			<Cell><Data ss:Type="String">58</Data></Cell>
			<Cell><Data ss:Type="Number">0.31</Data></Cell>
			<Cell><Data ss:Type="Number">-10.15</Data></Cell>
			<Cell><Data ss:Type="Number">0.14</Data></Cell>
			<Cell><Data ss:Type="Number">-9.54</Data></Cell>
			<Cell><Data ss:Type="Number">-0.08</Data></Cell>
			<Cell><Data ss:Type="Number">-0.9</Data></Cell>
			<Cell><Data ss:Type="Number">22.9</Data></Cell>
			<Cell><Data ss:Type="Number">39.2</Data></Cell>
			<Cell><Data ss:Type="Number">0</Data></Cell>
			<Cell><Data ss:Type="Number">0</Data></Cell>
			<Cell><Data ss:Type="String">2023-12-07 16:49:19.291751</Data></Cell>
		</Row>
		<Row>
			<Cell><Data ss:Type="String">57</Data></Cell>
			<Cell><Data ss:Type="Number">0.28</Data></Cell>
			<Cell><Data ss:Type="Number">-10.21</Data></Cell>
			<Cell><Data ss:Type="Number">0.23</Data></Cell>
			<Cell><Data ss:Type="Number">-9.52</Data></Cell>
			<Cell><Data ss:Type="Number">-0.08</Data></Cell>
			<Cell><Data ss:Type="Number">-0.88</Data></Cell>
			<Cell><Data ss:Type="Number">22.9</Data></Cell>
			<Cell><Data ss:Type="Number">39.2</Data></Cell>
			<Cell><Data ss:Type="Number">0</Data></Cell>
			<Cell><Data ss:Type="Number">0</Data></Cell>
			<Cell><Data ss:Type="String">2023-12-07 16:49:19.253911</Data></Cell>
		</Row>
		<Row>
			<Cell><Data ss:Type="String">56</Data></Cell>
			<Cell><Data ss:Type="Number">0.26</Data></Cell>
			<Cell><Data ss:Type="Number">-10.02</Data></Cell>
			<Cell><Data ss:Type="Number">0.09</Data></Cell>
			<Cell><Data ss:Type="Number">-9.4</Data></Cell>
			<Cell><Data ss:Type="Number">-0.08</Data></Cell>
			<Cell><Data ss:Type="Number">-0.95</Data></Cell>
			<Cell><Data ss:Type="Number">22.9</Data></Cell>
			<Cell><Data ss:Type="Number">39.2</Data></Cell>
			<Cell><Data ss:Type="Number">0</Data></Cell>
			<Cell><Data ss:Type="Number">0</Data></Cell>
			<Cell><Data ss:Type="String">2023-12-07 16:49:19.248840</Data></Cell>
		</Row>
		<Row>
			<Cell><Data ss:Type="String">55</Data></Cell>
			<Cell><Data ss:Type="Number">0.28</Data></Cell>
			<Cell><Data ss:Type="Number">-10.06</Data></Cell>
			<Cell><Data ss:Type="Number">0.11</Data></Cell>
			<Cell><Data ss:Type="Number">-9.47</Data></Cell>
			<Cell><Data ss:Type="Number">-0.07</Data></Cell>
			<Cell><Data ss:Type="Number">-0.91</Data></Cell>
			<Cell><Data ss:Type="Number">22.9</Data></Cell>
			<Cell><Data ss:Type="Number">39.2</Data></Cell>
			<Cell><Data ss:Type="Number">0</Data></Cell>
			<Cell><Data ss:Type="Number">0</Data></Cell>
			<Cell><Data ss:Type="String">2023-12-07 16:49:19.008980</Data></Cell>
		</Row>
		<Row>
			<Cell><Data ss:Type="String">54</Data></Cell>
			<Cell><Data ss:Type="Number">0.27</Data></Cell>
			<Cell><Data ss:Type="Number">-10.1</Data></Cell>
			<Cell><Data ss:Type="Number">0.18</Data></Cell>
			<Cell><Data ss:Type="Number">-9.54</Data></Cell>
			<Cell><Data ss:Type="Number">-0.06</Data></Cell>
			<Cell><Data ss:Type="Number">-0.91</Data></Cell>
			<Cell><Data ss:Type="Number">22.9</Data></Cell>
			<Cell><Data ss:Type="Number">39.2</Data></Cell>
			<Cell><Data ss:Type="Number">0</Data></Cell>
			<Cell><Data ss:Type="Number">0</Data></Cell>
			<Cell><Data ss:Type="String">2023-12-07 16:49:18.965469</Data></Cell>
		</Row>
		<Row>
			<Cell><Data ss:Type="String">53</Data></Cell>
			<Cell><Data ss:Type="Number">0.22</Data></Cell>
			<Cell><Data ss:Type="Number">-10.17</Data></Cell>
			<Cell><Data ss:Type="Number">0.09</Data></Cell>
			<Cell><Data ss:Type="Number">-9.5</Data></Cell>
			<Cell><Data ss:Type="Number">-0.07</Data></Cell>
			<Cell><Data ss:Type="Number">-0.89</Data></Cell>
			<Cell><Data ss:Type="Number">22.9</Data></Cell>
			<Cell><Data ss:Type="Number">39.2</Data></Cell>
			<Cell><Data ss:Type="Number">0</Data></Cell>
			<Cell><Data ss:Type="Number">0</Data></Cell>
			<Cell><Data ss:Type="String">2023-12-07 16:49:18.963164</Data></Cell>
		</Row>
		<Row>
			<Cell><Data ss:Type="String">52</Data></Cell>
			<Cell><Data ss:Type="Number">0.25</Data></Cell>
			<Cell><Data ss:Type="Number">-10.08</Data></Cell>
			<Cell><Data ss:Type="Number">0.18</Data></Cell>
			<Cell><Data ss:Type="Number">-9.49</Data></Cell>
			<Cell><Data ss:Type="Number">-0.09</Data></Cell>
			<Cell><Data ss:Type="Number">-0.9</Data></Cell>
			<Cell><Data ss:Type="Number">22.9</Data></Cell>
			<Cell><Data ss:Type="Number">39.2</Data></Cell>
			<Cell><Data ss:Type="Number">0</Data></Cell>
			<Cell><Data ss:Type="Number">0</Data></Cell>
			<Cell><Data ss:Type="String">2023-12-07 16:49:18.916181</Data></Cell>
		</Row>
		<Row>
			<Cell><Data ss:Type="String">51</Data></Cell>
			<Cell><Data ss:Type="Number">0.37</Data></Cell>
			<Cell><Data ss:Type="Number">-9.98</Data></Cell>
			<Cell><Data ss:Type="Number">0.15</Data></Cell>
			<Cell><Data ss:Type="Number">-9.42</Data></Cell>
			<Cell><Data ss:Type="Number">-0.07</Data></Cell>
			<Cell><Data ss:Type="Number">-0.93</Data></Cell>
			<Cell><Data ss:Type="Number">22.9</Data></Cell>
			<Cell><Data ss:Type="Number">39.2</Data></Cell>
			<Cell><Data ss:Type="Number">0</Data></Cell>
			<Cell><Data ss:Type="Number">0</Data></Cell>
			<Cell><Data ss:Type="String">2023-12-07 16:49:18.872230</Data></Cell>
		</Row>
		<Row>
			<Cell><Data ss:Type="String">50</Data></Cell>
			<Cell><Data ss:Type="Number">0.32</Data></Cell>
			<Cell><Data ss:Type="Number">-10.07</Data></Cell>
			<Cell><Data ss:Type="Number">0.17</Data></Cell>
			<Cell><Data ss:Type="Number">-9.47</Data></Cell>
			<Cell><Data ss:Type="Number">-0.08</Data></Cell>
			<Cell><Data ss:Type="Number">-0.94</Data></Cell>
			<Cell><Data ss:Type="Number">22.9</Data></Cell>
			<Cell><Data ss:Type="Number">39.2</Data></Cell>
			<Cell><Data ss:Type="Number">0</Data></Cell>
			<Cell><Data ss:Type="Number">0</Data></Cell>
			<Cell><Data ss:Type="String">2023-12-07 16:49:18.869976</Data></Cell>
		</Row>
		<Row>
			<Cell><Data ss:Type="String">49</Data></Cell>
			<Cell><Data ss:Type="Number">0.29</Data></Cell>
			<Cell><Data ss:Type="Number">-10.17</Data></Cell>
			<Cell><Data ss:Type="Number">0.2</Data></Cell>
			<Cell><Data ss:Type="Number">-9.5</Data></Cell>
			<Cell><Data ss:Type="Number">-0.08</Data></Cell>
			<Cell><Data ss:Type="Number">-0.89</Data></Cell>
			<Cell><Data ss:Type="Number">22.9</Data></Cell>
			<Cell><Data ss:Type="Number">39.2</Data></Cell>
			<Cell><Data ss:Type="Number">0</Data></Cell>
			<Cell><Data ss:Type="Number">0</Data></Cell>
			<Cell><Data ss:Type="String">2023-12-07 16:49:18.823696</Data></Cell>
		</Row>
		<Row>
			<Cell><Data ss:Type="String">48</Data></Cell>
			<Cell><Data ss:Type="Number">0.35</Data></Cell>
			<Cell><Data ss:Type="Number">-10.19</Data></Cell>
			<Cell><Data ss:Type="Number">0.18</Data></Cell>
			<Cell><Data ss:Type="Number">-9.53</Data></Cell>
			<Cell><Data ss:Type="Number">-0.08</Data></Cell>
			<Cell><Data ss:Type="Number">-0.91</Data></Cell>
			<Cell><Data ss:Type="Number">22.9</Data></Cell>
			<Cell><Data ss:Type="Number">39.2</Data></Cell>
			<Cell><Data ss:Type="Number">0</Data></Cell>
			<Cell><Data ss:Type="Number">0</Data></Cell>
			<Cell><Data ss:Type="String">2023-12-07 16:49:18.820587</Data></Cell>
		</Row>
		<Row>
			<Cell><Data ss:Type="String">47</Data></Cell>
			<Cell><Data ss:Type="Number">0.24</Data></Cell>
			<Cell><Data ss:Type="Number">-10.01</Data></Cell>
			<Cell><Data ss:Type="Number">0.07</Data></Cell>
			<Cell><Data ss:Type="Number">-9.46</Data></Cell>
			<Cell><Data ss:Type="Number">-0.09</Data></Cell>
			<Cell><Data ss:Type="Number">-0.91</Data></Cell>
			<Cell><Data ss:Type="Number">22.9</Data></Cell>
			<Cell><Data ss:Type="Number">39.2</Data></Cell>
			<Cell><Data ss:Type="Number">0</Data></Cell>
			<Cell><Data ss:Type="Number">0</Data></Cell>
			<Cell><Data ss:Type="String">2023-12-07 16:49:18.718011</Data></Cell>
		</Row>
		<Row>
			<Cell><Data ss:Type="String">46</Data></Cell>
			<Cell><Data ss:Type="Number">0.27</Data></Cell>
			<Cell><Data ss:Type="Number">-9.96</Data></Cell>
			<Cell><Data ss:Type="Number">0.14</Data></Cell>
			<Cell><Data ss:Type="Number">-9.43</Data></Cell>
			<Cell><Data ss:Type="Number">-0.07</Data></Cell>
			<Cell><Data ss:Type="Number">-0.93</Data></Cell>
			<Cell><Data ss:Type="Number">22.9</Data></Cell>
			<Cell><Data ss:Type="Number">39.2</Data></Cell>
			<Cell><Data ss:Type="Number">0</Data></Cell>
			<Cell><Data ss:Type="Number">0</Data></Cell>
			<Cell><Data ss:Type="String">2023-12-07 16:49:18.716140</Data></Cell>
		</Row>
		<Row>
			<Cell><Data ss:Type="String">45</Data></Cell>
			<Cell><Data ss:Type="Number">0.11</Data></Cell>
			<Cell><Data ss:Type="Number">-9.97</Data></Cell>
			<Cell><Data ss:Type="Number">0.12</Data></Cell>
			<Cell><Data ss:Type="Number">-9.49</Data></Cell>
			<Cell><Data ss:Type="Number">-0.07</Data></Cell>
			<Cell><Data ss:Type="Number">-0.93</Data></Cell>
			<Cell><Data ss:Type="Number">22.9</Data></Cell>
			<Cell><Data ss:Type="Number">39.2</Data></Cell>
			<Cell><Data ss:Type="Number">0</Data></Cell>
			<Cell><Data ss:Type="Number">0</Data></Cell>
			<Cell><Data ss:Type="String">2023-12-07 16:49:18.670439</Data></Cell>
		</Row>
		<Row>
			<Cell><Data ss:Type="String">44</Data></Cell>
			<Cell><Data ss:Type="Number">0.27</Data></Cell>
			<Cell><Data ss:Type="Number">-10.21</Data></Cell>
			<Cell><Data ss:Type="Number">0.17</Data></Cell>
			<Cell><Data ss:Type="Number">-9.54</Data></Cell>
			<Cell><Data ss:Type="Number">-0.06</Data></Cell>
			<Cell><Data ss:Type="Number">-0.88</Data></Cell>
			<Cell><Data ss:Type="Number">22.9</Data></Cell>
			<Cell><Data ss:Type="Number">39.2</Data></Cell>
			<Cell><Data ss:Type="Number">0</Data></Cell>
			<Cell><Data ss:Type="Number">0</Data></Cell>
			<Cell><Data ss:Type="String">2023-12-07 16:49:18.627568</Data></Cell>
		</Row>
		<Row>
			<Cell><Data ss:Type="String">43</Data></Cell>
			<Cell><Data ss:Type="Number">0.28</Data></Cell>
			<Cell><Data ss:Type="Number">-10.23</Data></Cell>
			<Cell><Data ss:Type="Number">0.18</Data></Cell>
			<Cell><Data ss:Type="Number">-9.49</Data></Cell>
			<Cell><Data ss:Type="Number">-0.08</Data></Cell>
			<Cell><Data ss:Type="Number">-0.91</Data></Cell>
			<Cell><Data ss:Type="Number">22.9</Data></Cell>
			<Cell><Data ss:Type="Number">39.2</Data></Cell>
			<Cell><Data ss:Type="Number">0</Data></Cell>
			<Cell><Data ss:Type="Number">0</Data></Cell>
			<Cell><Data ss:Type="String">2023-12-07 16:49:18.625681</Data></Cell>
		</Row>
		<Row>
			<Cell><Data ss:Type="String">42</Data></Cell>
			<Cell><Data ss:Type="Number">0.3</Data></Cell>
			<Cell><Data ss:Type="Number">-9.95</Data></Cell>
			<Cell><Data ss:Type="Number">0.14</Data></Cell>
			<Cell><Data ss:Type="Number">-9.41</Data></Cell>
			<Cell><Data ss:Type="Number">-0.08</Data></Cell>
			<Cell><Data ss:Type="Number">-0.96</Data></Cell>
			<Cell><Data ss:Type="Number">22.9</Data></Cell>
			<Cell><Data ss:Type="Number">39.2</Data></Cell>
			<Cell><Data ss:Type="Number">0</Data></Cell>
			<Cell><Data ss:Type="Number">0</Data></Cell>
			<Cell><Data ss:Type="String">2023-12-07 16:49:18.577741</Data></Cell>
		</Row>
		<Row>
			<Cell><Data ss:Type="String">41</Data></Cell>
			<Cell><Data ss:Type="Number">0.28</Data></Cell>
			<Cell><Data ss:Type="Number">-9.94</Data></Cell>
			<Cell><Data ss:Type="Number">0.15</Data></Cell>
			<Cell><Data ss:Type="Number">-9.46</Data></Cell>
			<Cell><Data ss:Type="Number">-0.06</Data></Cell>
			<Cell><Data ss:Type="Number">-0.92</Data></Cell>
			<Cell><Data ss:Type="Number">22.9</Data></Cell>
			<Cell><Data ss:Type="Number">39.2</Data></Cell>
			<Cell><Data ss:Type="Number">0</Data></Cell>
			<Cell><Data ss:Type="Number">0</Data></Cell>
			<Cell><Data ss:Type="String">2023-12-07 16:49:18.534515</Data></Cell>
		</Row>
		<Row>
			<Cell><Data ss:Type="String">40</Data></Cell>
			<Cell><Data ss:Type="Number">0.25</Data></Cell>
			<Cell><Data ss:Type="Number">-10.19</Data></Cell>
			<Cell><Data ss:Type="Number">0.21</Data></Cell>
			<Cell><Data ss:Type="Number">-9.52</Data></Cell>
			<Cell><Data ss:Type="Number">-0.08</Data></Cell>
			<Cell><Data ss:Type="Number">-0.91</Data></Cell>
			<Cell><Data ss:Type="Number">22.9</Data></Cell>
			<Cell><Data ss:Type="Number">39.2</Data></Cell>
			<Cell><Data ss:Type="Number">0</Data></Cell>
			<Cell><Data ss:Type="Number">0</Data></Cell>
			<Cell><Data ss:Type="String">2023-12-07 16:49:18.532518</Data></Cell>
		</Row>
		<Row>
			<Cell><Data ss:Type="String">39</Data></Cell>
			<Cell><Data ss:Type="Number">0.27</Data></Cell>
			<Cell><Data ss:Type="Number">-10.24</Data></Cell>
			<Cell><Data ss:Type="Number">0.19</Data></Cell>
			<Cell><Data ss:Type="Number">-9.53</Data></Cell>
			<Cell><Data ss:Type="Number">-0.09</Data></Cell>
			<Cell><Data ss:Type="Number">-0.87</Data></Cell>
			<Cell><Data ss:Type="Number">22.9</Data></Cell>
			<Cell><Data ss:Type="Number">39.2</Data></Cell>
			<Cell><Data ss:Type="Number">0</Data></Cell>
			<Cell><Data ss:Type="Number">0</Data></Cell>
			<Cell><Data ss:Type="String">2023-12-07 16:49:18.488602</Data></Cell>
		</Row>
		<Row>
			<Cell><Data ss:Type="String">38</Data></Cell>
			<Cell><Data ss:Type="Number">0.25</Data></Cell>
			<Cell><Data ss:Type="Number">-10.15</Data></Cell>
			<Cell><Data ss:Type="Number">0.07</Data></Cell>
			<Cell><Data ss:Type="Number">-9.48</Data></Cell>
			<Cell><Data ss:Type="Number">-0.06</Data></Cell>
			<Cell><Data ss:Type="Number">-0.93</Data></Cell>
			<Cell><Data ss:Type="Number">22.9</Data></Cell>
			<Cell><Data ss:Type="Number">39.2</Data></Cell>
			<Cell><Data ss:Type="Number">0</Data></Cell>
			<Cell><Data ss:Type="Number">0</Data></Cell>
			<Cell><Data ss:Type="String">2023-12-07 16:49:18.485878</Data></Cell>
		</Row>
		<Row>
			<Cell><Data ss:Type="String">37</Data></Cell>
			<Cell><Data ss:Type="Number">0.27</Data></Cell>
			<Cell><Data ss:Type="Number">-10.05</Data></Cell>
			<Cell><Data ss:Type="Number">0.01</Data></Cell>
			<Cell><Data ss:Type="Number">-9.42</Data></Cell>
			<Cell><Data ss:Type="Number">-0.07</Data></Cell>
			<Cell><Data ss:Type="Number">-0.91</Data></Cell>
			<Cell><Data ss:Type="Number">22.9</Data></Cell>
			<Cell><Data ss:Type="Number">39.2</Data></Cell>
			<Cell><Data ss:Type="Number">0</Data></Cell>
			<Cell><Data ss:Type="Number">0</Data></Cell>
			<Cell><Data ss:Type="String">2023-12-07 16:49:18.483660</Data></Cell>
		</Row>
		<Row>
			<Cell><Data ss:Type="String">36</Data></Cell>
			<Cell><Data ss:Type="Number">0.29</Data></Cell>
			<Cell><Data ss:Type="Number">-9.95</Data></Cell>
			<Cell><Data ss:Type="Number">0.15</Data></Cell>
			<Cell><Data ss:Type="Number">-9.46</Data></Cell>
			<Cell><Data ss:Type="Number">-0.07</Data></Cell>
			<Cell><Data ss:Type="Number">-0.93</Data></Cell>
			<Cell><Data ss:Type="Number">22.9</Data></Cell>
			<Cell><Data ss:Type="Number">39.2</Data></Cell>
			<Cell><Data ss:Type="Number">0</Data></Cell>
			<Cell><Data ss:Type="Number">0</Data></Cell>
			<Cell><Data ss:Type="String">2023-12-07 16:49:18.481730</Data></Cell>
		</Row>
		<Row>
			<Cell><Data ss:Type="String">35</Data></Cell>
			<Cell><Data ss:Type="Number">0.27</Data></Cell>
			<Cell><Data ss:Type="Number">-10.1</Data></Cell>
			<Cell><Data ss:Type="Number">0.15</Data></Cell>
			<Cell><Data ss:Type="Number">-9.5</Data></Cell>
			<Cell><Data ss:Type="Number">-0.07</Data></Cell>
			<Cell><Data ss:Type="Number">-0.89</Data></Cell>
			<Cell><Data ss:Type="Number">22.9</Data></Cell>
			<Cell><Data ss:Type="Number">39.2</Data></Cell>
			<Cell><Data ss:Type="Number">0</Data></Cell>
			<Cell><Data ss:Type="Number">0</Data></Cell>
			<Cell><Data ss:Type="String">2023-12-07 16:49:18.479769</Data></Cell>
		</Row>
		<Row>
			<Cell><Data ss:Type="String">34</Data></Cell>
			<Cell><Data ss:Type="Number">0.25</Data></Cell>
			<Cell><Data ss:Type="Number">-10.14</Data></Cell>
			<Cell><Data ss:Type="Number">0.18</Data></Cell>
			<Cell><Data ss:Type="Number">-9.54</Data></Cell>
			<Cell><Data ss:Type="Number">-0.09</Data></Cell>
			<Cell><Data ss:Type="Number">-0.91</Data></Cell>
			<Cell><Data ss:Type="Number">22.9</Data></Cell>
			<Cell><Data ss:Type="Number">39.2</Data></Cell>
			<Cell><Data ss:Type="Number">0</Data></Cell>
			<Cell><Data ss:Type="Number">0</Data></Cell>
			<Cell><Data ss:Type="String">2023-12-07 16:49:18.477937</Data></Cell>
		</Row>
		<Row>
			<Cell><Data ss:Type="String">33</Data></Cell>
			<Cell><Data ss:Type="Number">0.25</Data></Cell>
			<Cell><Data ss:Type="Number">-10.09</Data></Cell>
			<Cell><Data ss:Type="Number">0.16</Data></Cell>
			<Cell><Data ss:Type="Number">-9.48</Data></Cell>
			<Cell><Data ss:Type="Number">-0.05</Data></Cell>
			<Cell><Data ss:Type="Number">-0.92</Data></Cell>
			<Cell><Data ss:Type="Number">22.9</Data></Cell>
			<Cell><Data ss:Type="Number">39.2</Data></Cell>
			<Cell><Data ss:Type="Number">0</Data></Cell>
			<Cell><Data ss:Type="Number">0</Data></Cell>
			<Cell><Data ss:Type="String">2023-12-07 16:49:18.475938</Data></Cell>
		</Row>
		<Row>
			<Cell><Data ss:Type="String">32</Data></Cell>
			<Cell><Data ss:Type="Number">0.3</Data></Cell>
			<Cell><Data ss:Type="Number">-10.01</Data></Cell>
			<Cell><Data ss:Type="Number">0.12</Data></Cell>
			<Cell><Data ss:Type="Number">-9.43</Data></Cell>
			<Cell><Data ss:Type="Number">-0.07</Data></Cell>
			<Cell><Data ss:Type="Number">-0.91</Data></Cell>
			<Cell><Data ss:Type="Number">22.9</Data></Cell>
			<Cell><Data ss:Type="Number">39.2</Data></Cell>
			<Cell><Data ss:Type="Number">0</Data></Cell>
			<Cell><Data ss:Type="Number">0</Data></Cell>
			<Cell><Data ss:Type="String">2023-12-07 16:49:18.240761</Data></Cell>
		</Row>
		<Row>
			<Cell><Data ss:Type="String">31</Data></Cell>
			<Cell><Data ss:Type="Number">0.29</Data></Cell>
			<Cell><Data ss:Type="Number">-9.94</Data></Cell>
			<Cell><Data ss:Type="Number">0.16</Data></Cell>
			<Cell><Data ss:Type="Number">-9.45</Data></Cell>
			<Cell><Data ss:Type="Number">-0.07</Data></Cell>
			<Cell><Data ss:Type="Number">-0.91</Data></Cell>
			<Cell><Data ss:Type="Number">22.9</Data></Cell>
			<Cell><Data ss:Type="Number">39.2</Data></Cell>
			<Cell><Data ss:Type="Number">0</Data></Cell>
			<Cell><Data ss:Type="Number">0</Data></Cell>
			<Cell><Data ss:Type="String">2023-12-07 16:49:18.197214</Data></Cell>
		</Row>
		<Row>
			<Cell><Data ss:Type="String">30</Data></Cell>
			<Cell><Data ss:Type="Number">0.25</Data></Cell>
			<Cell><Data ss:Type="Number">-10.16</Data></Cell>
			<Cell><Data ss:Type="Number">0.22</Data></Cell>
			<Cell><Data ss:Type="Number">-9.5</Data></Cell>
			<Cell><Data ss:Type="Number">-0.06</Data></Cell>
			<Cell><Data ss:Type="Number">-0.94</Data></Cell>
			<Cell><Data ss:Type="Number">22.9</Data></Cell>
			<Cell><Data ss:Type="Number">39.2</Data></Cell>
			<Cell><Data ss:Type="Number">0</Data></Cell>
			<Cell><Data ss:Type="Number">0</Data></Cell>
			<Cell><Data ss:Type="String">2023-12-07 16:49:18.195163</Data></Cell>
		</Row>
		<Row>
			<Cell><Data ss:Type="String">29</Data></Cell>
			<Cell><Data ss:Type="Number">0.25</Data></Cell>
			<Cell><Data ss:Type="Number">-10.18</Data></Cell>
			<Cell><Data ss:Type="Number">0.19</Data></Cell>
			<Cell><Data ss:Type="Number">-9.52</Data></Cell>
			<Cell><Data ss:Type="Number">-0.08</Data></Cell>
			<Cell><Data ss:Type="Number">-0.9</Data></Cell>
			<Cell><Data ss:Type="Number">22.9</Data></Cell>
			<Cell><Data ss:Type="Number">39.2</Data></Cell>
			<Cell><Data ss:Type="Number">0</Data></Cell>
			<Cell><Data ss:Type="Number">0</Data></Cell>
			<Cell><Data ss:Type="String">2023-12-07 16:49:18.149174</Data></Cell>
		</Row>
		<Row>
			<Cell><Data ss:Type="String">28</Data></Cell>
			<Cell><Data ss:Type="Number">0.26</Data></Cell>
			<Cell><Data ss:Type="Number">-10.01</Data></Cell>
			<Cell><Data ss:Type="Number">0.11</Data></Cell>
			<Cell><Data ss:Type="Number">-9.45</Data></Cell>
			<Cell><Data ss:Type="Number">-0.07</Data></Cell>
			<Cell><Data ss:Type="Number">-0.9</Data></Cell>
			<Cell><Data ss:Type="Number">22.9</Data></Cell>
			<Cell><Data ss:Type="Number">39.2</Data></Cell>
			<Cell><Data ss:Type="Number">0</Data></Cell>
			<Cell><Data ss:Type="Number">0</Data></Cell>
			<Cell><Data ss:Type="String">2023-12-07 16:49:18.103753</Data></Cell>
		</Row>
		<Row>
			<Cell><Data ss:Type="String">27</Data></Cell>
			<Cell><Data ss:Type="Number">0.31</Data></Cell>
			<Cell><Data ss:Type="Number">-9.98</Data></Cell>
			<Cell><Data ss:Type="Number">0.11</Data></Cell>
			<Cell><Data ss:Type="Number">-9.45</Data></Cell>
			<Cell><Data ss:Type="Number">-0.09</Data></Cell>
			<Cell><Data ss:Type="Number">-0.9</Data></Cell>
			<Cell><Data ss:Type="Number">22.9</Data></Cell>
			<Cell><Data ss:Type="Number">39.2</Data></Cell>
			<Cell><Data ss:Type="Number">0</Data></Cell>
			<Cell><Data ss:Type="Number">0</Data></Cell>
			<Cell><Data ss:Type="String">2023-12-07 16:49:18.059535</Data></Cell>
		</Row>
		<Row>
			<Cell><Data ss:Type="String">26</Data></Cell>
			<Cell><Data ss:Type="Number">0.26</Data></Cell>
			<Cell><Data ss:Type="Number">-10.08</Data></Cell>
			<Cell><Data ss:Type="Number">0.18</Data></Cell>
			<Cell><Data ss:Type="Number">-9.49</Data></Cell>
			<Cell><Data ss:Type="Number">-0.09</Data></Cell>
			<Cell><Data ss:Type="Number">-0.91</Data></Cell>
			<Cell><Data ss:Type="Number">22.9</Data></Cell>
			<Cell><Data ss:Type="Number">39.2</Data></Cell>
			<Cell><Data ss:Type="Number">0</Data></Cell>
			<Cell><Data ss:Type="Number">0</Data></Cell>
			<Cell><Data ss:Type="String">2023-12-07 16:49:18.057437</Data></Cell>
		</Row>
		<Row>
			<Cell><Data ss:Type="String">25</Data></Cell>
			<Cell><Data ss:Type="Number">0.25</Data></Cell>
			<Cell><Data ss:Type="Number">-10.18</Data></Cell>
			<Cell><Data ss:Type="Number">0.16</Data></Cell>
			<Cell><Data ss:Type="Number">-9.53</Data></Cell>
			<Cell><Data ss:Type="Number">-0.08</Data></Cell>
			<Cell><Data ss:Type="Number">-0.88</Data></Cell>
			<Cell><Data ss:Type="Number">22.9</Data></Cell>
			<Cell><Data ss:Type="Number">39.2</Data></Cell>
			<Cell><Data ss:Type="Number">0</Data></Cell>
			<Cell><Data ss:Type="Number">0</Data></Cell>
			<Cell><Data ss:Type="String">2023-12-07 16:49:17.998968</Data></Cell>
		</Row>
		<Row>
			<Cell><Data ss:Type="String">24</Data></Cell>
			<Cell><Data ss:Type="Number">0.27</Data></Cell>
			<Cell><Data ss:Type="Number">-10.21</Data></Cell>
			<Cell><Data ss:Type="Number">0.17</Data></Cell>
			<Cell><Data ss:Type="Number">-9.52</Data></Cell>
			<Cell><Data ss:Type="Number">-0.07</Data></Cell>
			<Cell><Data ss:Type="Number">-0.92</Data></Cell>
			<Cell><Data ss:Type="Number">22.9</Data></Cell>
			<Cell><Data ss:Type="Number">39.2</Data></Cell>
			<Cell><Data ss:Type="Number">0</Data></Cell>
			<Cell><Data ss:Type="Number">0</Data></Cell>
			<Cell><Data ss:Type="String">2023-12-07 16:49:17.996951</Data></Cell>
		</Row>
		<Row>
			<Cell><Data ss:Type="String">23</Data></Cell>
			<Cell><Data ss:Type="Number">0.23</Data></Cell>
			<Cell><Data ss:Type="Number">-10.02</Data></Cell>
			<Cell><Data ss:Type="Number">0.06</Data></Cell>
			<Cell><Data ss:Type="Number">-9.43</Data></Cell>
			<Cell><Data ss:Type="Number">-0.06</Data></Cell>
			<Cell><Data ss:Type="Number">-0.91</Data></Cell>
			<Cell><Data ss:Type="Number">22.9</Data></Cell>
			<Cell><Data ss:Type="Number">39.2</Data></Cell>
			<Cell><Data ss:Type="Number">0</Data></Cell>
			<Cell><Data ss:Type="Number">0</Data></Cell>
			<Cell><Data ss:Type="String">2023-12-07 16:49:17.950115</Data></Cell>
		</Row>
		<Row>
			<Cell><Data ss:Type="String">22</Data></Cell>
			<Cell><Data ss:Type="Number">0.25</Data></Cell>
			<Cell><Data ss:Type="Number">-9.89</Data></Cell>
			<Cell><Data ss:Type="Number">0.17</Data></Cell>
			<Cell><Data ss:Type="Number">-9.43</Data></Cell>
			<Cell><Data ss:Type="Number">-0.09</Data></Cell>
			<Cell><Data ss:Type="Number">-0.9</Data></Cell>
			<Cell><Data ss:Type="Number">22.9</Data></Cell>
			<Cell><Data ss:Type="Number">39.2</Data></Cell>
			<Cell><Data ss:Type="Number">0</Data></Cell>
			<Cell><Data ss:Type="Number">0</Data></Cell>
			<Cell><Data ss:Type="String">2023-12-07 16:49:17.901632</Data></Cell>
		</Row>
		<Row>
			<Cell><Data ss:Type="String">21</Data></Cell>
			<Cell><Data ss:Type="Number">0.3</Data></Cell>
			<Cell><Data ss:Type="Number">-10.17</Data></Cell>
			<Cell><Data ss:Type="Number">0.14</Data></Cell>
			<Cell><Data ss:Type="Number">-9.52</Data></Cell>
			<Cell><Data ss:Type="Number">-0.08</Data></Cell>
			<Cell><Data ss:Type="Number">-0.91</Data></Cell>
			<Cell><Data ss:Type="Number">22.9</Data></Cell>
			<Cell><Data ss:Type="Number">39.2</Data></Cell>
			<Cell><Data ss:Type="Number">0</Data></Cell>
			<Cell><Data ss:Type="Number">0</Data></Cell>
			<Cell><Data ss:Type="String">2023-12-07 16:49:17.898073</Data></Cell>
		</Row>
		<Row>
			<Cell><Data ss:Type="String">20</Data></Cell>
			<Cell><Data ss:Type="Number">0.26</Data></Cell>
			<Cell><Data ss:Type="Number">-10.21</Data></Cell>
			<Cell><Data ss:Type="Number">0.21</Data></Cell>
			<Cell><Data ss:Type="Number">-9.52</Data></Cell>
			<Cell><Data ss:Type="Number">-0.05</Data></Cell>
			<Cell><Data ss:Type="Number">-0.9</Data></Cell>
			<Cell><Data ss:Type="Number">22.9</Data></Cell>
			<Cell><Data ss:Type="Number">39.2</Data></Cell>
			<Cell><Data ss:Type="Number">0</Data></Cell>
			<Cell><Data ss:Type="Number">0</Data></Cell>
			<Cell><Data ss:Type="String">2023-12-07 16:49:17.895472</Data></Cell>
		</Row>
		<Row>
			<Cell><Data ss:Type="String">19</Data></Cell>
			<Cell><Data ss:Type="Number">0.31</Data></Cell>
			<Cell><Data ss:Type="Number">-9.99</Data></Cell>
			<Cell><Data ss:Type="Number">0.17</Data></Cell>
			<Cell><Data ss:Type="Number">-9.45</Data></Cell>
			<Cell><Data ss:Type="Number">-0.08</Data></Cell>
			<Cell><Data ss:Type="Number">-0.91</Data></Cell>
			<Cell><Data ss:Type="Number">22.9</Data></Cell>
			<Cell><Data ss:Type="Number">39.2</Data></Cell>
			<Cell><Data ss:Type="Number">0</Data></Cell>
			<Cell><Data ss:Type="Number">0</Data></Cell>
			<Cell><Data ss:Type="String">2023-12-07 16:49:17.892435</Data></Cell>
		</Row>
		<Row>
			<Cell><Data ss:Type="String">18</Data></Cell>
			<Cell><Data ss:Type="Number">0.25</Data></Cell>
			<Cell><Data ss:Type="Number">-9.97</Data></Cell>
			<Cell><Data ss:Type="Number">0.11</Data></Cell>
			<Cell><Data ss:Type="Number">-9.42</Data></Cell>
			<Cell><Data ss:Type="Number">-0.07</Data></Cell>
			<Cell><Data ss:Type="Number">-0.92</Data></Cell>
			<Cell><Data ss:Type="Number">22.9</Data></Cell>
			<Cell><Data ss:Type="Number">39.2</Data></Cell>
			<Cell><Data ss:Type="Number">0</Data></Cell>
			<Cell><Data ss:Type="Number">0</Data></Cell>
			<Cell><Data ss:Type="String">2023-12-07 16:49:17.775696</Data></Cell>
		</Row>
		<Row>
			<Cell><Data ss:Type="String">17</Data></Cell>
			<Cell><Data ss:Type="Number">0.25</Data></Cell>
			<Cell><Data ss:Type="Number">-9.93</Data></Cell>
			<Cell><Data ss:Type="Number">0.16</Data></Cell>
			<Cell><Data ss:Type="Number">-9.46</Data></Cell>
			<Cell><Data ss:Type="Number">-0.09</Data></Cell>
			<Cell><Data ss:Type="Number">-0.93</Data></Cell>
			<Cell><Data ss:Type="Number">22.9</Data></Cell>
			<Cell><Data ss:Type="Number">39.2</Data></Cell>
			<Cell><Data ss:Type="Number">0</Data></Cell>
			<Cell><Data ss:Type="Number">0</Data></Cell>
			<Cell><Data ss:Type="String">2023-12-07 16:49:17.773283</Data></Cell>
		</Row>
		<Row>
			<Cell><Data ss:Type="String">16</Data></Cell>
			<Cell><Data ss:Type="Number">0.25</Data></Cell>
			<Cell><Data ss:Type="Number">-10.21</Data></Cell>
			<Cell><Data ss:Type="Number">0.38</Data></Cell>
			<Cell><Data ss:Type="Number">-9.53</Data></Cell>
			<Cell><Data ss:Type="Number">-0.06</Data></Cell>
			<Cell><Data ss:Type="Number">-0.91</Data></Cell>
			<Cell><Data ss:Type="Number">22.9</Data></Cell>
			<Cell><Data ss:Type="Number">39.2</Data></Cell>
			<Cell><Data ss:Type="Number">0</Data></Cell>
			<Cell><Data ss:Type="Number">0</Data></Cell>
			<Cell><Data ss:Type="String">2023-12-07 16:49:17.770497</Data></Cell>
		</Row>
		<Row>
			<Cell><Data ss:Type="String">15</Data></Cell>
			<Cell><Data ss:Type="Number">0.31</Data></Cell>
			<Cell><Data ss:Type="Number">-10.19</Data></Cell>
			<Cell><Data ss:Type="Number">0.17</Data></Cell>
			<Cell><Data ss:Type="Number">-9.52</Data></Cell>
			<Cell><Data ss:Type="Number">-0.09</Data></Cell>
			<Cell><Data ss:Type="Number">-0.91</Data></Cell>
			<Cell><Data ss:Type="Number">22.9</Data></Cell>
			<Cell><Data ss:Type="Number">39.2</Data></Cell>
			<Cell><Data ss:Type="Number">0</Data></Cell>
			<Cell><Data ss:Type="Number">0</Data></Cell>
			<Cell><Data ss:Type="String">2023-12-07 16:49:17.768081</Data></Cell>
		</Row>
		<Row>
			<Cell><Data ss:Type="String">14</Data></Cell>
			<Cell><Data ss:Type="Number">0.27</Data></Cell>
			<Cell><Data ss:Type="Number">-10.18</Data></Cell>
			<Cell><Data ss:Type="Number">0.2</Data></Cell>
			<Cell><Data ss:Type="Number">-9.48</Data></Cell>
			<Cell><Data ss:Type="Number">-0.07</Data></Cell>
			<Cell><Data ss:Type="Number">-0.87</Data></Cell>
			<Cell><Data ss:Type="Number">22.9</Data></Cell>
			<Cell><Data ss:Type="Number">39.2</Data></Cell>
			<Cell><Data ss:Type="Number">0</Data></Cell>
			<Cell><Data ss:Type="Number">0</Data></Cell>
			<Cell><Data ss:Type="String">2023-12-07 16:49:17.766228</Data></Cell>
		</Row>
		<Row>
			<Cell><Data ss:Type="String">13</Data></Cell>
			<Cell><Data ss:Type="Number">0.27</Data></Cell>
			<Cell><Data ss:Type="Number">-10.05</Data></Cell>
			<Cell><Data ss:Type="Number">0.16</Data></Cell>
			<Cell><Data ss:Type="Number">-9.43</Data></Cell>
			<Cell><Data ss:Type="Number">-0.09</Data></Cell>
			<Cell><Data ss:Type="Number">-0.94</Data></Cell>
			<Cell><Data ss:Type="Number">22.9</Data></Cell>
			<Cell><Data ss:Type="Number">39.2</Data></Cell>
			<Cell><Data ss:Type="Number">0</Data></Cell>
			<Cell><Data ss:Type="Number">0</Data></Cell>
			<Cell><Data ss:Type="String">2023-12-07 16:49:17.762607</Data></Cell>
		</Row>
		<Row>
			<Cell><Data ss:Type="String">12</Data></Cell>
			<Cell><Data ss:Type="Number">0.26</Data></Cell>
			<Cell><Data ss:Type="Number">-10.06</Data></Cell>
			<Cell><Data ss:Type="Number">0.18</Data></Cell>
			<Cell><Data ss:Type="Number">-9.52</Data></Cell>
			<Cell><Data ss:Type="Number">-0.07</Data></Cell>
			<Cell><Data ss:Type="Number">-0.89</Data></Cell>
			<Cell><Data ss:Type="Number">22.9</Data></Cell>
			<Cell><Data ss:Type="Number">39.2</Data></Cell>
			<Cell><Data ss:Type="Number">0</Data></Cell>
			<Cell><Data ss:Type="Number">0</Data></Cell>
			<Cell><Data ss:Type="String">2023-12-07 16:49:17.760452</Data></Cell>
		</Row>
		<Row>
			<Cell><Data ss:Type="String">11</Data></Cell>
			<Cell><Data ss:Type="Number">0.28</Data></Cell>
			<Cell><Data ss:Type="Number">-10.12</Data></Cell>
			<Cell><Data ss:Type="Number">0.18</Data></Cell>
			<Cell><Data ss:Type="Number">-9.48</Data></Cell>
			<Cell><Data ss:Type="Number">-0.07</Data></Cell>
			<Cell><Data ss:Type="Number">-0.91</Data></Cell>
			<Cell><Data ss:Type="Number">22.9</Data></Cell>
			<Cell><Data ss:Type="Number">39.2</Data></Cell>
			<Cell><Data ss:Type="Number">0</Data></Cell>
			<Cell><Data ss:Type="Number">0</Data></Cell>
			<Cell><Data ss:Type="String">2023-12-07 16:49:17.524024</Data></Cell>
		</Row>
		<Row>
			<Cell><Data ss:Type="String">10</Data></Cell>
			<Cell><Data ss:Type="Number">0.25</Data></Cell>
			<Cell><Data ss:Type="Number">-10.05</Data></Cell>
			<Cell><Data ss:Type="Number">0.01</Data></Cell>
			<Cell><Data ss:Type="Number">-9.44</Data></Cell>
			<Cell><Data ss:Type="Number">-0.06</Data></Cell>
			<Cell><Data ss:Type="Number">-0.91</Data></Cell>
			<Cell><Data ss:Type="Number">22.9</Data></Cell>
			<Cell><Data ss:Type="Number">39.2</Data></Cell>
			<Cell><Data ss:Type="Number">0</Data></Cell>
			<Cell><Data ss:Type="Number">0</Data></Cell>
			<Cell><Data ss:Type="String">2023-12-07 16:49:17.520717</Data></Cell>
		</Row>
		<Row>
			<Cell><Data ss:Type="String">9</Data></Cell>
			<Cell><Data ss:Type="Number">0.31</Data></Cell>
			<Cell><Data ss:Type="Number">-10.07</Data></Cell>
			<Cell><Data ss:Type="Number">0.15</Data></Cell>
			<Cell><Data ss:Type="Number">-9.46</Data></Cell>
			<Cell><Data ss:Type="Number">-0.09</Data></Cell>
			<Cell><Data ss:Type="Number">-0.89</Data></Cell>
			<Cell><Data ss:Type="Number">22.9</Data></Cell>
			<Cell><Data ss:Type="Number">39.2</Data></Cell>
			<Cell><Data ss:Type="Number">0</Data></Cell>
			<Cell><Data ss:Type="Number">0</Data></Cell>
			<Cell><Data ss:Type="String">2023-12-07 16:49:17.517976</Data></Cell>
		</Row>
		<Row>
			<Cell><Data ss:Type="String">8</Data></Cell>
			<Cell><Data ss:Type="Number">0.29</Data></Cell>
			<Cell><Data ss:Type="Number">-10.1</Data></Cell>
			<Cell><Data ss:Type="Number">0.12</Data></Cell>
			<Cell><Data ss:Type="Number">-9.52</Data></Cell>
			<Cell><Data ss:Type="Number">-0.08</Data></Cell>
			<Cell><Data ss:Type="Number">-0.9</Data></Cell>
			<Cell><Data ss:Type="Number">22.9</Data></Cell>
			<Cell><Data ss:Type="Number">39.2</Data></Cell>
			<Cell><Data ss:Type="Number">0</Data></Cell>
			<Cell><Data ss:Type="Number">0</Data></Cell>
			<Cell><Data ss:Type="String">2023-12-07 16:49:17.516166</Data></Cell>
		</Row>
		<Row>
			<Cell><Data ss:Type="String">7</Data></Cell>
			<Cell><Data ss:Type="Number">0.3</Data></Cell>
			<Cell><Data ss:Type="Number">-10.16</Data></Cell>
			<Cell><Data ss:Type="Number">0.17</Data></Cell>
			<Cell><Data ss:Type="Number">-9.53</Data></Cell>
			<Cell><Data ss:Type="Number">-0.09</Data></Cell>
			<Cell><Data ss:Type="Number">-0.91</Data></Cell>
			<Cell><Data ss:Type="Number">22.9</Data></Cell>
			<Cell><Data ss:Type="Number">39.2</Data></Cell>
			<Cell><Data ss:Type="Number">0</Data></Cell>
			<Cell><Data ss:Type="Number">0</Data></Cell>
			<Cell><Data ss:Type="String">2023-12-07 16:49:17.514332</Data></Cell>
		</Row>
		<Row>
			<Cell><Data ss:Type="String">6</Data></Cell>
			<Cell><Data ss:Type="Number">0.31</Data></Cell>
			<Cell><Data ss:Type="Number">-10.24</Data></Cell>
			<Cell><Data ss:Type="Number">0.01</Data></Cell>
			<Cell><Data ss:Type="Number">-9.48</Data></Cell>
			<Cell><Data ss:Type="Number">-0.06</Data></Cell>
			<Cell><Data ss:Type="Number">-0.9</Data></Cell>
			<Cell><Data ss:Type="Number">22.9</Data></Cell>
			<Cell><Data ss:Type="Number">39.2</Data></Cell>
			<Cell><Data ss:Type="Number">0</Data></Cell>
			<Cell><Data ss:Type="Number">0</Data></Cell>
			<Cell><Data ss:Type="String">2023-12-07 16:49:17.511962</Data></Cell>
		</Row>
		<Row>
			<Cell><Data ss:Type="String">5</Data></Cell>
			<Cell><Data ss:Type="Number">0.27</Data></Cell>
			<Cell><Data ss:Type="Number">-10</Data></Cell>
			<Cell><Data ss:Type="Number">0.13</Data></Cell>
			<Cell><Data ss:Type="Number">-9.45</Data></Cell>
			<Cell><Data ss:Type="Number">-0.08</Data></Cell>
			<Cell><Data ss:Type="Number">-0.93</Data></Cell>
			<Cell><Data ss:Type="Number">22.9</Data></Cell>
			<Cell><Data ss:Type="Number">39.2</Data></Cell>
			<Cell><Data ss:Type="Number">0</Data></Cell>
			<Cell><Data ss:Type="Number">0</Data></Cell>
			<Cell><Data ss:Type="String">2023-12-07 16:49:17.509968</Data></Cell>
		</Row>
		<Row>
			<Cell><Data ss:Type="String">4</Data></Cell>
			<Cell><Data ss:Type="Number">0.4</Data></Cell>
			<Cell><Data ss:Type="Number">-9.97</Data></Cell>
			<Cell><Data ss:Type="Number">0.13</Data></Cell>
			<Cell><Data ss:Type="Number">-9.45</Data></Cell>
			<Cell><Data ss:Type="Number">-0.07</Data></Cell>
			<Cell><Data ss:Type="Number">-0.93</Data></Cell>
			<Cell><Data ss:Type="Number">22.9</Data></Cell>
			<Cell><Data ss:Type="Number">39.2</Data></Cell>
			<Cell><Data ss:Type="Number">0</Data></Cell>
			<Cell><Data ss:Type="Number">0</Data></Cell>
			<Cell><Data ss:Type="String">2023-12-07 16:49:17.508023</Data></Cell>
		</Row>
		<Row>
			<Cell><Data ss:Type="String">3</Data></Cell>
			<Cell><Data ss:Type="Number">0.28</Data></Cell>
			<Cell><Data ss:Type="Number">-10.2</Data></Cell>
			<Cell><Data ss:Type="Number">0.13</Data></Cell>
			<Cell><Data ss:Type="Number">-9.53</Data></Cell>
			<Cell><Data ss:Type="Number">-0.07</Data></Cell>
			<Cell><Data ss:Type="Number">-0.9</Data></Cell>
			<Cell><Data ss:Type="Number">22.9</Data></Cell>
			<Cell><Data ss:Type="Number">39.2</Data></Cell>
			<Cell><Data ss:Type="Number">0</Data></Cell>
			<Cell><Data ss:Type="Number">0</Data></Cell>
			<Cell><Data ss:Type="String">2023-12-07 16:49:17.284451</Data></Cell>
		</Row>
		<Row>
			<Cell><Data ss:Type="String">2</Data></Cell>
			<Cell><Data ss:Type="Number">0.29</Data></Cell>
			<Cell><Data ss:Type="Number">-10.19</Data></Cell>
			<Cell><Data ss:Type="Number">0.18</Data></Cell>
			<Cell><Data ss:Type="Number">-9.52</Data></Cell>
			<Cell><Data ss:Type="Number">-0.08</Data></Cell>
			<Cell><Data ss:Type="Number">-0.9</Data></Cell>
			<Cell><Data ss:Type="Number">22.9</Data></Cell>
			<Cell><Data ss:Type="Number">39.2</Data></Cell>
			<Cell><Data ss:Type="Number">0</Data></Cell>
			<Cell><Data ss:Type="Number">0</Data></Cell>
			<Cell><Data ss:Type="String">2023-12-07 16:49:17.282229</Data></Cell>
		</Row>
		<Row>
			<Cell><Data ss:Type="String">1</Data></Cell>
			<Cell><Data ss:Type="Number">0.32</Data></Cell>
			<Cell><Data ss:Type="Number">-10.14</Data></Cell>
			<Cell><Data ss:Type="Number">0.16</Data></Cell>
			<Cell><Data ss:Type="Number">-9.51</Data></Cell>
			<Cell><Data ss:Type="Number">-0.07</Data></Cell>
			<Cell><Data ss:Type="Number">-0.92</Data></Cell>
			<Cell><Data ss:Type="Number">22.9</Data></Cell>
			<Cell><Data ss:Type="Number">39.2</Data></Cell>
			<Cell><Data ss:Type="Number">0</Data></Cell>
			<Cell><Data ss:Type="Number">0</Data></Cell>
			<Cell><Data ss:Type="String">2023-12-07 16:49:17.280100</Data></Cell>
		</Row>	</Table>
</Worksheet>
</Workbook>
