<?xml version="1.0"?>
<?mso-application progid="Excel.Sheet"?>
<Workbook xmlns="urn:schemas-microsoft-com:office:spreadsheet"
 xmlns:o="urn:schemas-microsoft-com:office:office"
 xmlns:x="urn:schemas-microsoft-com:office:excel"
 xmlns:ss="urn:schemas-microsoft-com:office:spreadsheet"
 xmlns:html="http://www.w3.org/TR/REC-html40">
 <DocumentProperties xmlns="urn:schemas-microsoft-com:office:office">
  <Version>16.00</Version>
 </DocumentProperties>
 <OfficeDocumentSettings xmlns="urn:schemas-microsoft-com:office:office">
  <AllowPNG/>
 </OfficeDocumentSettings>
 <ExcelWorkbook xmlns="urn:schemas-microsoft-com:office:excel">
  <WindowHeight>5196</WindowHeight>
  <WindowWidth>17064</WindowWidth>
  <WindowTopX>32767</WindowTopX>
  <WindowTopY>32767</WindowTopY>
  <ProtectStructure>False</ProtectStructure>
  <ProtectWindows>False</ProtectWindows>
 </ExcelWorkbook>
 <Styles>
  <Style ss:ID="Default" ss:Name="Normal">
   <Alignment ss:Vertical="Bottom"/>
   <Borders/>
   <Font ss:FontName="Calibri" x:Family="Swiss" ss:Size="11" ss:Color="#000000"/>
   <Interior/>
   <NumberFormat/>
   <Protection/>
  </Style>
 </Styles>
 <Worksheet ss:Name="Table1">
  <Table ss:ExpandedColumnCount="12" ss:ExpandedRowCount="3265" x:FullColumns="1"
   x:FullRows="1" ss:DefaultRowHeight="14.4">
   <Column ss:AutoFitWidth="0" ss:Width="109.8"/>
   <Column ss:Index="12" ss:AutoFitWidth="0" ss:Width="109.8"/>
   <Row>
    <Cell><Data ss:Type="String">ID</Data></Cell>
    <Cell><Data ss:Type="String">acc_1_x</Data></Cell>
    <Cell><Data ss:Type="String">acc_1_y</Data></Cell>
    <Cell><Data ss:Type="String">acc_1_z</Data></Cell>
    <Cell><Data ss:Type="String">acc_2_x</Data></Cell>
    <Cell><Data ss:Type="String">acc_2_y</Data></Cell>
    <Cell><Data ss:Type="String">acc_2_z</Data></Cell>
    <Cell><Data ss:Type="String">lastTemp</Data></Cell>
    <Cell><Data ss:Type="String">lastHum</Data></Cell>
    <Cell><Data ss:Type="String">tempKistler1</Data></Cell>
    <Cell><Data ss:Type="String">data_10</Data></Cell>
    <Cell><Data ss:Type="String">date</Data></Cell>
   </Row>
   <Row>
    <Cell><Data ss:Type="String">3264</Data></Cell>
    <Cell><Data ss:Type="Number">0.26</Data></Cell>
    <Cell><Data ss:Type="Number">-10.15</Data></Cell>
    <Cell><Data ss:Type="Number">0.15</Data></Cell>
    <Cell><Data ss:Type="Number">-9.48</Data></Cell>
    <Cell><Data ss:Type="Number">-0.06</Data></Cell>
    <Cell><Data ss:Type="Number">-0.92</Data></Cell>
    <Cell><Data ss:Type="Number">22.8</Data></Cell>
    <Cell><Data ss:Type="Number">39.1</Data></Cell>
    <Cell><Data ss:Type="Number">0</Data></Cell>
    <Cell><Data ss:Type="Number">0</Data></Cell>
    <Cell><Data ss:Type="String">2023-12-07 16:16:49.926279</Data></Cell>
   </Row>
   <Row>
    <Cell><Data ss:Type="String">3263</Data></Cell>
    <Cell><Data ss:Type="Number">0.32</Data></Cell>
    <Cell><Data ss:Type="Number">-9.89</Data></Cell>
    <Cell><Data ss:Type="Number">0.12</Data></Cell>
    <Cell><Data ss:Type="Number">-9.43</Data></Cell>
    <Cell><Data ss:Type="Number">-0.09</Data></Cell>
    <Cell><Data ss:Type="Number">-0.93</Data></Cell>
    <Cell><Data ss:Type="Number">22.8</Data></Cell>
    <Cell><Data ss:Type="Number">39.1</Data></Cell>
    <Cell><Data ss:Type="Number">0</Data></Cell>
    <Cell><Data ss:Type="Number">0</Data></Cell>
    <Cell><Data ss:Type="String">2023-12-07 16:16:49.924252</Data></Cell>
   </Row>
   <Row>
    <Cell><Data ss:Type="String">3262</Data></Cell>
    <Cell><Data ss:Type="Number">0.25</Data></Cell>
    <Cell><Data ss:Type="Number">-10</Data></Cell>
    <Cell><Data ss:Type="Number">0.19</Data></Cell>
    <Cell><Data ss:Type="Number">-9.52</Data></Cell>
    <Cell><Data ss:Type="Number">-0.08</Data></Cell>
    <Cell><Data ss:Type="Number">-0.88</Data></Cell>
    <Cell><Data ss:Type="Number">22.8</Data></Cell>
    <Cell><Data ss:Type="Number">39.1</Data></Cell>
    <Cell><Data ss:Type="Number">0</Data></Cell>
    <Cell><Data ss:Type="Number">0</Data></Cell>
    <Cell><Data ss:Type="String">2023-12-07 16:16:49.883837</Data></Cell>
   </Row>
   <Row>
    <Cell><Data ss:Type="String">3261</Data></Cell>
    <Cell><Data ss:Type="Number">0.25</Data></Cell>
    <Cell><Data ss:Type="Number">-10.18</Data></Cell>
    <Cell><Data ss:Type="Number">0.24</Data></Cell>
    <Cell><Data ss:Type="Number">-9.57</Data></Cell>
    <Cell><Data ss:Type="Number">-7.0000000000000007E-2</Data></Cell>
    <Cell><Data ss:Type="Number">-0.91</Data></Cell>
    <Cell><Data ss:Type="Number">22.8</Data></Cell>
    <Cell><Data ss:Type="Number">39.1</Data></Cell>
    <Cell><Data ss:Type="Number">0</Data></Cell>
    <Cell><Data ss:Type="Number">0</Data></Cell>
    <Cell><Data ss:Type="String">2023-12-07 16:16:49.882389</Data></Cell>
   </Row>
   <Row>
    <Cell><Data ss:Type="String">3260</Data></Cell>
    <Cell><Data ss:Type="Number">0.32</Data></Cell>
    <Cell><Data ss:Type="Number">-10.19</Data></Cell>
    <Cell><Data ss:Type="Number">0.22</Data></Cell>
    <Cell><Data ss:Type="Number">-9.52</Data></Cell>
    <Cell><Data ss:Type="Number">-0.08</Data></Cell>
    <Cell><Data ss:Type="Number">-0.89</Data></Cell>
    <Cell><Data ss:Type="Number">22.8</Data></Cell>
    <Cell><Data ss:Type="Number">39.1</Data></Cell>
    <Cell><Data ss:Type="Number">0</Data></Cell>
    <Cell><Data ss:Type="Number">0</Data></Cell>
    <Cell><Data ss:Type="String">2023-12-07 16:16:49.881059</Data></Cell>
   </Row>
   <Row>
    <Cell><Data ss:Type="String">3259</Data></Cell>
    <Cell><Data ss:Type="Number">0.25</Data></Cell>
    <Cell><Data ss:Type="Number">-10.029999999999999</Data></Cell>
    <Cell><Data ss:Type="Number">0.13</Data></Cell>
    <Cell><Data ss:Type="Number">-9.43</Data></Cell>
    <Cell><Data ss:Type="Number">-0.06</Data></Cell>
    <Cell><Data ss:Type="Number">-0.94</Data></Cell>
    <Cell><Data ss:Type="Number">22.8</Data></Cell>
    <Cell><Data ss:Type="Number">39.1</Data></Cell>
    <Cell><Data ss:Type="Number">0</Data></Cell>
    <Cell><Data ss:Type="Number">0</Data></Cell>
    <Cell><Data ss:Type="String">2023-12-07 16:16:49.879490</Data></Cell>
   </Row>
   <Row>
    <Cell><Data ss:Type="String">3258</Data></Cell>
    <Cell><Data ss:Type="Number">0.3</Data></Cell>
    <Cell><Data ss:Type="Number">-9.94</Data></Cell>
    <Cell><Data ss:Type="Number">0.14000000000000001</Data></Cell>
    <Cell><Data ss:Type="Number">-9.42</Data></Cell>
    <Cell><Data ss:Type="Number">-0.1</Data></Cell>
    <Cell><Data ss:Type="Number">-0.92</Data></Cell>
    <Cell><Data ss:Type="Number">22.8</Data></Cell>
    <Cell><Data ss:Type="Number">39.1</Data></Cell>
    <Cell><Data ss:Type="Number">0</Data></Cell>
    <Cell><Data ss:Type="Number">0</Data></Cell>
    <Cell><Data ss:Type="String">2023-12-07 16:16:49.877847</Data></Cell>
   </Row>
   <Row>
    <Cell><Data ss:Type="String">3257</Data></Cell>
    <Cell><Data ss:Type="Number">0.28999999999999998</Data></Cell>
    <Cell><Data ss:Type="Number">-9.89</Data></Cell>
    <Cell><Data ss:Type="Number">0.19</Data></Cell>
    <Cell><Data ss:Type="Number">-9.4700000000000006</Data></Cell>
    <Cell><Data ss:Type="Number">-0.06</Data></Cell>
    <Cell><Data ss:Type="Number">-0.94</Data></Cell>
    <Cell><Data ss:Type="Number">22.8</Data></Cell>
    <Cell><Data ss:Type="Number">39.1</Data></Cell>
    <Cell><Data ss:Type="Number">0</Data></Cell>
    <Cell><Data ss:Type="Number">0</Data></Cell>
    <Cell><Data ss:Type="String">2023-12-07 16:16:49.876192</Data></Cell>
   </Row>
   <Row>
    <Cell><Data ss:Type="String">3256</Data></Cell>
    <Cell><Data ss:Type="Number">0.28999999999999998</Data></Cell>
    <Cell><Data ss:Type="Number">-10.23</Data></Cell>
    <Cell><Data ss:Type="Number">0.17</Data></Cell>
    <Cell><Data ss:Type="Number">-9.5299999999999994</Data></Cell>
    <Cell><Data ss:Type="Number">-0.06</Data></Cell>
    <Cell><Data ss:Type="Number">-0.88</Data></Cell>
    <Cell><Data ss:Type="Number">22.8</Data></Cell>
    <Cell><Data ss:Type="Number">39.1</Data></Cell>
    <Cell><Data ss:Type="Number">0</Data></Cell>
    <Cell><Data ss:Type="Number">0</Data></Cell>
    <Cell><Data ss:Type="String">2023-12-07 16:16:49.874145</Data></Cell>
   </Row>
   <Row>
    <Cell><Data ss:Type="String">3255</Data></Cell>
    <Cell><Data ss:Type="Number">0.14000000000000001</Data></Cell>
    <Cell><Data ss:Type="Number">-10.33</Data></Cell>
    <Cell><Data ss:Type="Number">0.19</Data></Cell>
    <Cell><Data ss:Type="Number">-9.5500000000000007</Data></Cell>
    <Cell><Data ss:Type="Number">-0.08</Data></Cell>
    <Cell><Data ss:Type="Number">-0.91</Data></Cell>
    <Cell><Data ss:Type="Number">22.8</Data></Cell>
    <Cell><Data ss:Type="Number">39.1</Data></Cell>
    <Cell><Data ss:Type="Number">0</Data></Cell>
    <Cell><Data ss:Type="Number">0</Data></Cell>
    <Cell><Data ss:Type="String">2023-12-07 16:16:49.643046</Data></Cell>
   </Row>
   <Row>
    <Cell><Data ss:Type="String">3254</Data></Cell>
    <Cell><Data ss:Type="Number">0.22</Data></Cell>
    <Cell><Data ss:Type="Number">-9.99</Data></Cell>
    <Cell><Data ss:Type="Number">0.23</Data></Cell>
    <Cell><Data ss:Type="Number">-9.43</Data></Cell>
    <Cell><Data ss:Type="Number">-0.06</Data></Cell>
    <Cell><Data ss:Type="Number">-0.92</Data></Cell>
    <Cell><Data ss:Type="Number">22.8</Data></Cell>
    <Cell><Data ss:Type="Number">39.1</Data></Cell>
    <Cell><Data ss:Type="Number">0</Data></Cell>
    <Cell><Data ss:Type="Number">0</Data></Cell>
    <Cell><Data ss:Type="String">2023-12-07 16:16:49.599436</Data></Cell>
   </Row>
   <Row>
    <Cell><Data ss:Type="String">3253</Data></Cell>
    <Cell><Data ss:Type="Number">0.28000000000000003</Data></Cell>
    <Cell><Data ss:Type="Number">-9.89</Data></Cell>
    <Cell><Data ss:Type="Number">0.12</Data></Cell>
    <Cell><Data ss:Type="Number">-9.4</Data></Cell>
    <Cell><Data ss:Type="Number">-0.1</Data></Cell>
    <Cell><Data ss:Type="Number">-0.94</Data></Cell>
    <Cell><Data ss:Type="Number">22.8</Data></Cell>
    <Cell><Data ss:Type="Number">39.1</Data></Cell>
    <Cell><Data ss:Type="Number">0</Data></Cell>
    <Cell><Data ss:Type="Number">0</Data></Cell>
    <Cell><Data ss:Type="String">2023-12-07 16:16:49.597784</Data></Cell>
   </Row>
   <Row>
    <Cell><Data ss:Type="String">3252</Data></Cell>
    <Cell><Data ss:Type="Number">0.26</Data></Cell>
    <Cell><Data ss:Type="Number">-9.92</Data></Cell>
    <Cell><Data ss:Type="Number">0.13</Data></Cell>
    <Cell><Data ss:Type="Number">-9.4600000000000009</Data></Cell>
    <Cell><Data ss:Type="Number">-0.06</Data></Cell>
    <Cell><Data ss:Type="Number">-0.92</Data></Cell>
    <Cell><Data ss:Type="Number">22.8</Data></Cell>
    <Cell><Data ss:Type="Number">39.1</Data></Cell>
    <Cell><Data ss:Type="Number">0</Data></Cell>
    <Cell><Data ss:Type="Number">0</Data></Cell>
    <Cell><Data ss:Type="String">2023-12-07 16:16:49.524193</Data></Cell>
   </Row>
   <Row>
    <Cell><Data ss:Type="String">3251</Data></Cell>
    <Cell><Data ss:Type="Number">0.31</Data></Cell>
    <Cell><Data ss:Type="Number">-10.25</Data></Cell>
    <Cell><Data ss:Type="Number">0.14000000000000001</Data></Cell>
    <Cell><Data ss:Type="Number">-9.56</Data></Cell>
    <Cell><Data ss:Type="Number">-0.06</Data></Cell>
    <Cell><Data ss:Type="Number">-0.89</Data></Cell>
    <Cell><Data ss:Type="Number">22.8</Data></Cell>
    <Cell><Data ss:Type="Number">39.1</Data></Cell>
    <Cell><Data ss:Type="Number">0</Data></Cell>
    <Cell><Data ss:Type="Number">0</Data></Cell>
    <Cell><Data ss:Type="String">2023-12-07 16:16:49.522606</Data></Cell>
   </Row>
   <Row>
    <Cell><Data ss:Type="String">3250</Data></Cell>
    <Cell><Data ss:Type="Number">0.18</Data></Cell>
    <Cell><Data ss:Type="Number">-10.23</Data></Cell>
    <Cell><Data ss:Type="Number">0.16</Data></Cell>
    <Cell><Data ss:Type="Number">-9.5</Data></Cell>
    <Cell><Data ss:Type="Number">-0.08</Data></Cell>
    <Cell><Data ss:Type="Number">-0.92</Data></Cell>
    <Cell><Data ss:Type="Number">22.8</Data></Cell>
    <Cell><Data ss:Type="Number">39.1</Data></Cell>
    <Cell><Data ss:Type="Number">0</Data></Cell>
    <Cell><Data ss:Type="Number">0</Data></Cell>
    <Cell><Data ss:Type="String">2023-12-07 16:16:49.475540</Data></Cell>
   </Row>
   <Row>
    <Cell><Data ss:Type="String">3249</Data></Cell>
    <Cell><Data ss:Type="Number">0.27</Data></Cell>
    <Cell><Data ss:Type="Number">-9.92</Data></Cell>
    <Cell><Data ss:Type="Number">0.1</Data></Cell>
    <Cell><Data ss:Type="Number">-9.44</Data></Cell>
    <Cell><Data ss:Type="Number">-0.05</Data></Cell>
    <Cell><Data ss:Type="Number">-0.9</Data></Cell>
    <Cell><Data ss:Type="Number">22.8</Data></Cell>
    <Cell><Data ss:Type="Number">39.1</Data></Cell>
    <Cell><Data ss:Type="Number">0</Data></Cell>
    <Cell><Data ss:Type="Number">0</Data></Cell>
    <Cell><Data ss:Type="String">2023-12-07 16:16:49.432535</Data></Cell>
   </Row>
   <Row>
    <Cell><Data ss:Type="String">3248</Data></Cell>
    <Cell><Data ss:Type="Number">0.32</Data></Cell>
    <Cell><Data ss:Type="Number">-9.91</Data></Cell>
    <Cell><Data ss:Type="Number">0.21</Data></Cell>
    <Cell><Data ss:Type="Number">-9.4499999999999993</Data></Cell>
    <Cell><Data ss:Type="Number">-0.09</Data></Cell>
    <Cell><Data ss:Type="Number">-0.9</Data></Cell>
    <Cell><Data ss:Type="Number">22.8</Data></Cell>
    <Cell><Data ss:Type="Number">39.1</Data></Cell>
    <Cell><Data ss:Type="Number">0</Data></Cell>
    <Cell><Data ss:Type="Number">0</Data></Cell>
    <Cell><Data ss:Type="String">2023-12-07 16:16:49.430374</Data></Cell>
   </Row>
   <Row>
    <Cell><Data ss:Type="String">3247</Data></Cell>
    <Cell><Data ss:Type="Number">0.26</Data></Cell>
    <Cell><Data ss:Type="Number">-10.17</Data></Cell>
    <Cell><Data ss:Type="Number">0.17</Data></Cell>
    <Cell><Data ss:Type="Number">-9.5500000000000007</Data></Cell>
    <Cell><Data ss:Type="Number">-0.08</Data></Cell>
    <Cell><Data ss:Type="Number">-0.89</Data></Cell>
    <Cell><Data ss:Type="Number">22.8</Data></Cell>
    <Cell><Data ss:Type="Number">39.1</Data></Cell>
    <Cell><Data ss:Type="Number">0</Data></Cell>
    <Cell><Data ss:Type="Number">0</Data></Cell>
    <Cell><Data ss:Type="String">2023-12-07 16:16:49.384495</Data></Cell>
   </Row>
   <Row>
    <Cell><Data ss:Type="String">3246</Data></Cell>
    <Cell><Data ss:Type="Number">0.24</Data></Cell>
    <Cell><Data ss:Type="Number">-10.06</Data></Cell>
    <Cell><Data ss:Type="Number">-0.05</Data></Cell>
    <Cell><Data ss:Type="Number">-9.49</Data></Cell>
    <Cell><Data ss:Type="Number">-0.06</Data></Cell>
    <Cell><Data ss:Type="Number">-0.88</Data></Cell>
    <Cell><Data ss:Type="Number">22.8</Data></Cell>
    <Cell><Data ss:Type="Number">39.1</Data></Cell>
    <Cell><Data ss:Type="Number">0</Data></Cell>
    <Cell><Data ss:Type="Number">0</Data></Cell>
    <Cell><Data ss:Type="String">2023-12-07 16:16:49.341966</Data></Cell>
   </Row>
   <Row>
    <Cell><Data ss:Type="String">3245</Data></Cell>
    <Cell><Data ss:Type="Number">0.33</Data></Cell>
    <Cell><Data ss:Type="Number">-9.9499999999999993</Data></Cell>
    <Cell><Data ss:Type="Number">0.13</Data></Cell>
    <Cell><Data ss:Type="Number">-9.41</Data></Cell>
    <Cell><Data ss:Type="Number">-0.09</Data></Cell>
    <Cell><Data ss:Type="Number">-0.94</Data></Cell>
    <Cell><Data ss:Type="Number">22.8</Data></Cell>
    <Cell><Data ss:Type="Number">39.1</Data></Cell>
    <Cell><Data ss:Type="Number">0</Data></Cell>
    <Cell><Data ss:Type="Number">0</Data></Cell>
    <Cell><Data ss:Type="String">2023-12-07 16:16:49.285067</Data></Cell>
   </Row>
   <Row>
    <Cell><Data ss:Type="String">3244</Data></Cell>
    <Cell><Data ss:Type="Number">0.24</Data></Cell>
    <Cell><Data ss:Type="Number">-9.89</Data></Cell>
    <Cell><Data ss:Type="Number">0.11</Data></Cell>
    <Cell><Data ss:Type="Number">-9.42</Data></Cell>
    <Cell><Data ss:Type="Number">-0.08</Data></Cell>
    <Cell><Data ss:Type="Number">-0.92</Data></Cell>
    <Cell><Data ss:Type="Number">22.8</Data></Cell>
    <Cell><Data ss:Type="Number">39.1</Data></Cell>
    <Cell><Data ss:Type="Number">0</Data></Cell>
    <Cell><Data ss:Type="Number">0</Data></Cell>
    <Cell><Data ss:Type="String">2023-12-07 16:16:49.283520</Data></Cell>
   </Row>
   <Row>
    <Cell><Data ss:Type="String">3243</Data></Cell>
    <Cell><Data ss:Type="Number">0.28999999999999998</Data></Cell>
    <Cell><Data ss:Type="Number">-9.9700000000000006</Data></Cell>
    <Cell><Data ss:Type="Number">0.22</Data></Cell>
    <Cell><Data ss:Type="Number">-9.49</Data></Cell>
    <Cell><Data ss:Type="Number">-0.08</Data></Cell>
    <Cell><Data ss:Type="Number">-0.91</Data></Cell>
    <Cell><Data ss:Type="Number">22.8</Data></Cell>
    <Cell><Data ss:Type="Number">39.1</Data></Cell>
    <Cell><Data ss:Type="Number">0</Data></Cell>
    <Cell><Data ss:Type="Number">0</Data></Cell>
    <Cell><Data ss:Type="String">2023-12-07 16:16:49.282013</Data></Cell>
   </Row>
   <Row>
    <Cell><Data ss:Type="String">3242</Data></Cell>
    <Cell><Data ss:Type="Number">0.28999999999999998</Data></Cell>
    <Cell><Data ss:Type="Number">-10.3</Data></Cell>
    <Cell><Data ss:Type="Number">0.18</Data></Cell>
    <Cell><Data ss:Type="Number">-9.57</Data></Cell>
    <Cell><Data ss:Type="Number">-0.08</Data></Cell>
    <Cell><Data ss:Type="Number">-0.9</Data></Cell>
    <Cell><Data ss:Type="Number">22.8</Data></Cell>
    <Cell><Data ss:Type="Number">39.1</Data></Cell>
    <Cell><Data ss:Type="Number">0</Data></Cell>
    <Cell><Data ss:Type="Number">0</Data></Cell>
    <Cell><Data ss:Type="String">2023-12-07 16:16:49.280407</Data></Cell>
   </Row>
   <Row>
    <Cell><Data ss:Type="String">3241</Data></Cell>
    <Cell><Data ss:Type="Number">0.26</Data></Cell>
    <Cell><Data ss:Type="Number">-10.220000000000001</Data></Cell>
    <Cell><Data ss:Type="Number">0.18</Data></Cell>
    <Cell><Data ss:Type="Number">-9.5299999999999994</Data></Cell>
    <Cell><Data ss:Type="Number">-0.04</Data></Cell>
    <Cell><Data ss:Type="Number">-0.89</Data></Cell>
    <Cell><Data ss:Type="Number">22.8</Data></Cell>
    <Cell><Data ss:Type="Number">39.1</Data></Cell>
    <Cell><Data ss:Type="Number">0</Data></Cell>
    <Cell><Data ss:Type="Number">0</Data></Cell>
    <Cell><Data ss:Type="String">2023-12-07 16:16:49.278789</Data></Cell>
   </Row>
   <Row>
    <Cell><Data ss:Type="String">3240</Data></Cell>
    <Cell><Data ss:Type="Number">0.24</Data></Cell>
    <Cell><Data ss:Type="Number">-10.199999999999999</Data></Cell>
    <Cell><Data ss:Type="Number">0.2</Data></Cell>
    <Cell><Data ss:Type="Number">-9.5</Data></Cell>
    <Cell><Data ss:Type="Number">-0.08</Data></Cell>
    <Cell><Data ss:Type="Number">-0.88</Data></Cell>
    <Cell><Data ss:Type="Number">22.8</Data></Cell>
    <Cell><Data ss:Type="Number">39.1</Data></Cell>
    <Cell><Data ss:Type="Number">0</Data></Cell>
    <Cell><Data ss:Type="Number">0</Data></Cell>
    <Cell><Data ss:Type="String">2023-12-07 16:16:49.277126</Data></Cell>
   </Row>
   <Row>
    <Cell><Data ss:Type="String">3239</Data></Cell>
    <Cell><Data ss:Type="Number">0.25</Data></Cell>
    <Cell><Data ss:Type="Number">-9.8699999999999992</Data></Cell>
    <Cell><Data ss:Type="Number">7.0000000000000007E-2</Data></Cell>
    <Cell><Data ss:Type="Number">-9.42</Data></Cell>
    <Cell><Data ss:Type="Number">-0.05</Data></Cell>
    <Cell><Data ss:Type="Number">-0.91</Data></Cell>
    <Cell><Data ss:Type="Number">22.8</Data></Cell>
    <Cell><Data ss:Type="Number">39.1</Data></Cell>
    <Cell><Data ss:Type="Number">0</Data></Cell>
    <Cell><Data ss:Type="Number">0</Data></Cell>
    <Cell><Data ss:Type="String">2023-12-07 16:16:49.275111</Data></Cell>
   </Row>
   <Row>
    <Cell><Data ss:Type="String">3238</Data></Cell>
    <Cell><Data ss:Type="Number">0.37</Data></Cell>
    <Cell><Data ss:Type="Number">-10.08</Data></Cell>
    <Cell><Data ss:Type="Number">0.14000000000000001</Data></Cell>
    <Cell><Data ss:Type="Number">-9.48</Data></Cell>
    <Cell><Data ss:Type="Number">-0.04</Data></Cell>
    <Cell><Data ss:Type="Number">-0.91</Data></Cell>
    <Cell><Data ss:Type="Number">22.8</Data></Cell>
    <Cell><Data ss:Type="Number">39.1</Data></Cell>
    <Cell><Data ss:Type="Number">0</Data></Cell>
    <Cell><Data ss:Type="Number">0</Data></Cell>
    <Cell><Data ss:Type="String">2023-12-07 16:16:49.273585</Data></Cell>
   </Row>
   <Row>
    <Cell><Data ss:Type="String">3237</Data></Cell>
    <Cell><Data ss:Type="Number">0.34</Data></Cell>
    <Cell><Data ss:Type="Number">-9.91</Data></Cell>
    <Cell><Data ss:Type="Number">0.14000000000000001</Data></Cell>
    <Cell><Data ss:Type="Number">-9.41</Data></Cell>
    <Cell><Data ss:Type="Number">-0.11</Data></Cell>
    <Cell><Data ss:Type="Number">-0.92</Data></Cell>
    <Cell><Data ss:Type="Number">22.8</Data></Cell>
    <Cell><Data ss:Type="Number">39.1</Data></Cell>
    <Cell><Data ss:Type="Number">0</Data></Cell>
    <Cell><Data ss:Type="Number">0</Data></Cell>
    <Cell><Data ss:Type="String">2023-12-07 16:16:49.033723</Data></Cell>
   </Row>
   <Row>
    <Cell><Data ss:Type="String">3236</Data></Cell>
    <Cell><Data ss:Type="Number">0.31</Data></Cell>
    <Cell><Data ss:Type="Number">-10.029999999999999</Data></Cell>
    <Cell><Data ss:Type="Number">0.16</Data></Cell>
    <Cell><Data ss:Type="Number">-9.4700000000000006</Data></Cell>
    <Cell><Data ss:Type="Number">-0.06</Data></Cell>
    <Cell><Data ss:Type="Number">-0.9</Data></Cell>
    <Cell><Data ss:Type="Number">22.8</Data></Cell>
    <Cell><Data ss:Type="Number">39.1</Data></Cell>
    <Cell><Data ss:Type="Number">0</Data></Cell>
    <Cell><Data ss:Type="Number">0</Data></Cell>
    <Cell><Data ss:Type="String">2023-12-07 16:16:48.989393</Data></Cell>
   </Row>
   <Row>
    <Cell><Data ss:Type="String">3235</Data></Cell>
    <Cell><Data ss:Type="Number">0.3</Data></Cell>
    <Cell><Data ss:Type="Number">-10.15</Data></Cell>
    <Cell><Data ss:Type="Number">0.15</Data></Cell>
    <Cell><Data ss:Type="Number">-9.52</Data></Cell>
    <Cell><Data ss:Type="Number">-0.09</Data></Cell>
    <Cell><Data ss:Type="Number">-0.9</Data></Cell>
    <Cell><Data ss:Type="Number">22.8</Data></Cell>
    <Cell><Data ss:Type="Number">39.1</Data></Cell>
    <Cell><Data ss:Type="Number">0</Data></Cell>
    <Cell><Data ss:Type="Number">0</Data></Cell>
    <Cell><Data ss:Type="String">2023-12-07 16:16:48.987043</Data></Cell>
   </Row>
   <Row>
    <Cell><Data ss:Type="String">3234</Data></Cell>
    <Cell><Data ss:Type="Number">0.28000000000000003</Data></Cell>
    <Cell><Data ss:Type="Number">-9.8699999999999992</Data></Cell>
    <Cell><Data ss:Type="Number">-0.04</Data></Cell>
    <Cell><Data ss:Type="Number">-9.5</Data></Cell>
    <Cell><Data ss:Type="Number">-0.09</Data></Cell>
    <Cell><Data ss:Type="Number">-0.92</Data></Cell>
    <Cell><Data ss:Type="Number">22.8</Data></Cell>
    <Cell><Data ss:Type="Number">39.1</Data></Cell>
    <Cell><Data ss:Type="Number">0</Data></Cell>
    <Cell><Data ss:Type="Number">0</Data></Cell>
    <Cell><Data ss:Type="String">2023-12-07 16:16:48.984427</Data></Cell>
   </Row>
   <Row>
    <Cell><Data ss:Type="String">3233</Data></Cell>
    <Cell><Data ss:Type="Number">0.3</Data></Cell>
    <Cell><Data ss:Type="Number">-10.26</Data></Cell>
    <Cell><Data ss:Type="Number">0.23</Data></Cell>
    <Cell><Data ss:Type="Number">-9.56</Data></Cell>
    <Cell><Data ss:Type="Number">-7.0000000000000007E-2</Data></Cell>
    <Cell><Data ss:Type="Number">-0.88</Data></Cell>
    <Cell><Data ss:Type="Number">22.8</Data></Cell>
    <Cell><Data ss:Type="Number">39.1</Data></Cell>
    <Cell><Data ss:Type="Number">0</Data></Cell>
    <Cell><Data ss:Type="Number">0</Data></Cell>
    <Cell><Data ss:Type="String">2023-12-07 16:16:48.893251</Data></Cell>
   </Row>
   <Row>
    <Cell><Data ss:Type="String">3232</Data></Cell>
    <Cell><Data ss:Type="Number">0.3</Data></Cell>
    <Cell><Data ss:Type="Number">-9.94</Data></Cell>
    <Cell><Data ss:Type="Number">0.12</Data></Cell>
    <Cell><Data ss:Type="Number">-9.3800000000000008</Data></Cell>
    <Cell><Data ss:Type="Number">-7.0000000000000007E-2</Data></Cell>
    <Cell><Data ss:Type="Number">-0.91</Data></Cell>
    <Cell><Data ss:Type="Number">22.8</Data></Cell>
    <Cell><Data ss:Type="Number">39.1</Data></Cell>
    <Cell><Data ss:Type="Number">0</Data></Cell>
    <Cell><Data ss:Type="Number">0</Data></Cell>
    <Cell><Data ss:Type="String">2023-12-07 16:16:48.837584</Data></Cell>
   </Row>
   <Row>
    <Cell><Data ss:Type="String">3231</Data></Cell>
    <Cell><Data ss:Type="Number">0.31</Data></Cell>
    <Cell><Data ss:Type="Number">-10.1</Data></Cell>
    <Cell><Data ss:Type="Number">0.17</Data></Cell>
    <Cell><Data ss:Type="Number">-9.5</Data></Cell>
    <Cell><Data ss:Type="Number">-7.0000000000000007E-2</Data></Cell>
    <Cell><Data ss:Type="Number">-0.89</Data></Cell>
    <Cell><Data ss:Type="Number">22.8</Data></Cell>
    <Cell><Data ss:Type="Number">39.1</Data></Cell>
    <Cell><Data ss:Type="Number">0</Data></Cell>
    <Cell><Data ss:Type="Number">0</Data></Cell>
    <Cell><Data ss:Type="String">2023-12-07 16:16:48.834935</Data></Cell>
   </Row>
   <Row>
    <Cell><Data ss:Type="String">3230</Data></Cell>
    <Cell><Data ss:Type="Number">0.33</Data></Cell>
    <Cell><Data ss:Type="Number">-10.19</Data></Cell>
    <Cell><Data ss:Type="Number">0.16</Data></Cell>
    <Cell><Data ss:Type="Number">-9.56</Data></Cell>
    <Cell><Data ss:Type="Number">-0.08</Data></Cell>
    <Cell><Data ss:Type="Number">-0.91</Data></Cell>
    <Cell><Data ss:Type="Number">22.8</Data></Cell>
    <Cell><Data ss:Type="Number">39.1</Data></Cell>
    <Cell><Data ss:Type="Number">0</Data></Cell>
    <Cell><Data ss:Type="Number">0</Data></Cell>
    <Cell><Data ss:Type="String">2023-12-07 16:16:48.686411</Data></Cell>
   </Row>
   <Row>
    <Cell><Data ss:Type="String">3229</Data></Cell>
    <Cell><Data ss:Type="Number">0.33</Data></Cell>
    <Cell><Data ss:Type="Number">-10.29</Data></Cell>
    <Cell><Data ss:Type="Number">0.26</Data></Cell>
    <Cell><Data ss:Type="Number">-9.49</Data></Cell>
    <Cell><Data ss:Type="Number">-0.04</Data></Cell>
    <Cell><Data ss:Type="Number">-0.89</Data></Cell>
    <Cell><Data ss:Type="Number">22.8</Data></Cell>
    <Cell><Data ss:Type="Number">39.1</Data></Cell>
    <Cell><Data ss:Type="Number">0</Data></Cell>
    <Cell><Data ss:Type="Number">0</Data></Cell>
    <Cell><Data ss:Type="String">2023-12-07 16:16:48.684173</Data></Cell>
   </Row>
   <Row>
    <Cell><Data ss:Type="String">3228</Data></Cell>
    <Cell><Data ss:Type="Number">0.34</Data></Cell>
    <Cell><Data ss:Type="Number">-10.02</Data></Cell>
    <Cell><Data ss:Type="Number">0.13</Data></Cell>
    <Cell><Data ss:Type="Number">-9.4499999999999993</Data></Cell>
    <Cell><Data ss:Type="Number">-0.09</Data></Cell>
    <Cell><Data ss:Type="Number">-0.91</Data></Cell>
    <Cell><Data ss:Type="Number">22.8</Data></Cell>
    <Cell><Data ss:Type="Number">39.1</Data></Cell>
    <Cell><Data ss:Type="Number">0</Data></Cell>
    <Cell><Data ss:Type="Number">0</Data></Cell>
    <Cell><Data ss:Type="String">2023-12-07 16:16:48.682213</Data></Cell>
   </Row>
   <Row>
    <Cell><Data ss:Type="String">3227</Data></Cell>
    <Cell><Data ss:Type="Number">0.31</Data></Cell>
    <Cell><Data ss:Type="Number">-9.89</Data></Cell>
    <Cell><Data ss:Type="Number">0.03</Data></Cell>
    <Cell><Data ss:Type="Number">-9.44</Data></Cell>
    <Cell><Data ss:Type="Number">-0.08</Data></Cell>
    <Cell><Data ss:Type="Number">-0.93</Data></Cell>
    <Cell><Data ss:Type="Number">22.8</Data></Cell>
    <Cell><Data ss:Type="Number">39.1</Data></Cell>
    <Cell><Data ss:Type="Number">0</Data></Cell>
    <Cell><Data ss:Type="Number">0</Data></Cell>
    <Cell><Data ss:Type="String">2023-12-07 16:16:48.583425</Data></Cell>
   </Row>
   <Row>
    <Cell><Data ss:Type="String">3226</Data></Cell>
    <Cell><Data ss:Type="Number">0.34</Data></Cell>
    <Cell><Data ss:Type="Number">-10.14</Data></Cell>
    <Cell><Data ss:Type="Number">0.16</Data></Cell>
    <Cell><Data ss:Type="Number">-9.5</Data></Cell>
    <Cell><Data ss:Type="Number">-0.08</Data></Cell>
    <Cell><Data ss:Type="Number">-0.91</Data></Cell>
    <Cell><Data ss:Type="Number">22.8</Data></Cell>
    <Cell><Data ss:Type="Number">39.1</Data></Cell>
    <Cell><Data ss:Type="Number">0</Data></Cell>
    <Cell><Data ss:Type="Number">0</Data></Cell>
    <Cell><Data ss:Type="String">2023-12-07 16:16:48.540655</Data></Cell>
   </Row>
   <Row>
    <Cell><Data ss:Type="String">3225</Data></Cell>
    <Cell><Data ss:Type="Number">0.24</Data></Cell>
    <Cell><Data ss:Type="Number">-10.210000000000001</Data></Cell>
    <Cell><Data ss:Type="Number">0.19</Data></Cell>
    <Cell><Data ss:Type="Number">-9.56</Data></Cell>
    <Cell><Data ss:Type="Number">-0.1</Data></Cell>
    <Cell><Data ss:Type="Number">-0.87</Data></Cell>
    <Cell><Data ss:Type="Number">22.8</Data></Cell>
    <Cell><Data ss:Type="Number">39.1</Data></Cell>
    <Cell><Data ss:Type="Number">0</Data></Cell>
    <Cell><Data ss:Type="Number">0</Data></Cell>
    <Cell><Data ss:Type="String">2023-12-07 16:16:48.538499</Data></Cell>
   </Row>
   <Row>
    <Cell><Data ss:Type="String">3224</Data></Cell>
    <Cell><Data ss:Type="Number">0.24</Data></Cell>
    <Cell><Data ss:Type="Number">-9.98</Data></Cell>
    <Cell><Data ss:Type="Number">0.16</Data></Cell>
    <Cell><Data ss:Type="Number">-9.43</Data></Cell>
    <Cell><Data ss:Type="Number">-0.04</Data></Cell>
    <Cell><Data ss:Type="Number">-0.91</Data></Cell>
    <Cell><Data ss:Type="Number">22.8</Data></Cell>
    <Cell><Data ss:Type="Number">39.1</Data></Cell>
    <Cell><Data ss:Type="Number">0</Data></Cell>
    <Cell><Data ss:Type="Number">0</Data></Cell>
    <Cell><Data ss:Type="String">2023-12-07 16:16:48.492963</Data></Cell>
   </Row>
   <Row>
    <Cell><Data ss:Type="String">3223</Data></Cell>
    <Cell><Data ss:Type="Number">0.36</Data></Cell>
    <Cell><Data ss:Type="Number">-9.9700000000000006</Data></Cell>
    <Cell><Data ss:Type="Number">0.12</Data></Cell>
    <Cell><Data ss:Type="Number">-9.41</Data></Cell>
    <Cell><Data ss:Type="Number">-0.12</Data></Cell>
    <Cell><Data ss:Type="Number">-0.9</Data></Cell>
    <Cell><Data ss:Type="Number">22.8</Data></Cell>
    <Cell><Data ss:Type="Number">39.1</Data></Cell>
    <Cell><Data ss:Type="Number">0</Data></Cell>
    <Cell><Data ss:Type="Number">0</Data></Cell>
    <Cell><Data ss:Type="String">2023-12-07 16:16:48.447223</Data></Cell>
   </Row>
   <Row>
    <Cell><Data ss:Type="String">3222</Data></Cell>
    <Cell><Data ss:Type="Number">0.11</Data></Cell>
    <Cell><Data ss:Type="Number">-9.92</Data></Cell>
    <Cell><Data ss:Type="Number">0.09</Data></Cell>
    <Cell><Data ss:Type="Number">-9.4499999999999993</Data></Cell>
    <Cell><Data ss:Type="Number">-0.04</Data></Cell>
    <Cell><Data ss:Type="Number">-0.91</Data></Cell>
    <Cell><Data ss:Type="Number">22.8</Data></Cell>
    <Cell><Data ss:Type="Number">39.1</Data></Cell>
    <Cell><Data ss:Type="Number">0</Data></Cell>
    <Cell><Data ss:Type="Number">0</Data></Cell>
    <Cell><Data ss:Type="String">2023-12-07 16:16:48.405067</Data></Cell>
   </Row>
   <Row>
    <Cell><Data ss:Type="String">3221</Data></Cell>
    <Cell><Data ss:Type="Number">0.27</Data></Cell>
    <Cell><Data ss:Type="Number">-10.210000000000001</Data></Cell>
    <Cell><Data ss:Type="Number">0.17</Data></Cell>
    <Cell><Data ss:Type="Number">-9.56</Data></Cell>
    <Cell><Data ss:Type="Number">-0.08</Data></Cell>
    <Cell><Data ss:Type="Number">-0.87</Data></Cell>
    <Cell><Data ss:Type="Number">22.8</Data></Cell>
    <Cell><Data ss:Type="Number">39.1</Data></Cell>
    <Cell><Data ss:Type="Number">0</Data></Cell>
    <Cell><Data ss:Type="Number">0</Data></Cell>
    <Cell><Data ss:Type="String">2023-12-07 16:16:48.402533</Data></Cell>
   </Row>
   <Row>
    <Cell><Data ss:Type="String">3220</Data></Cell>
    <Cell><Data ss:Type="Number">0.3</Data></Cell>
    <Cell><Data ss:Type="Number">-10.07</Data></Cell>
    <Cell><Data ss:Type="Number">0.16</Data></Cell>
    <Cell><Data ss:Type="Number">-9.49</Data></Cell>
    <Cell><Data ss:Type="Number">-0.09</Data></Cell>
    <Cell><Data ss:Type="Number">-0.89</Data></Cell>
    <Cell><Data ss:Type="Number">22.8</Data></Cell>
    <Cell><Data ss:Type="Number">39.1</Data></Cell>
    <Cell><Data ss:Type="Number">0</Data></Cell>
    <Cell><Data ss:Type="Number">0</Data></Cell>
    <Cell><Data ss:Type="String">2023-12-07 16:16:48.357461</Data></Cell>
   </Row>
   <Row>
    <Cell><Data ss:Type="String">3219</Data></Cell>
    <Cell><Data ss:Type="Number">0.28000000000000003</Data></Cell>
    <Cell><Data ss:Type="Number">-9.93</Data></Cell>
    <Cell><Data ss:Type="Number">0.11</Data></Cell>
    <Cell><Data ss:Type="Number">-9.41</Data></Cell>
    <Cell><Data ss:Type="Number">-0.06</Data></Cell>
    <Cell><Data ss:Type="Number">-0.93</Data></Cell>
    <Cell><Data ss:Type="Number">22.8</Data></Cell>
    <Cell><Data ss:Type="Number">39.1</Data></Cell>
    <Cell><Data ss:Type="Number">0</Data></Cell>
    <Cell><Data ss:Type="Number">0</Data></Cell>
    <Cell><Data ss:Type="String">2023-12-07 16:16:48.309730</Data></Cell>
   </Row>
   <Row>
    <Cell><Data ss:Type="String">3218</Data></Cell>
    <Cell><Data ss:Type="Number">0.28000000000000003</Data></Cell>
    <Cell><Data ss:Type="Number">-9.93</Data></Cell>
    <Cell><Data ss:Type="Number">0.1</Data></Cell>
    <Cell><Data ss:Type="Number">-9.39</Data></Cell>
    <Cell><Data ss:Type="Number">-0.08</Data></Cell>
    <Cell><Data ss:Type="Number">-0.91</Data></Cell>
    <Cell><Data ss:Type="Number">22.8</Data></Cell>
    <Cell><Data ss:Type="Number">39.1</Data></Cell>
    <Cell><Data ss:Type="Number">0</Data></Cell>
    <Cell><Data ss:Type="Number">0</Data></Cell>
    <Cell><Data ss:Type="String">2023-12-07 16:16:48.266910</Data></Cell>
   </Row>
   <Row>
    <Cell><Data ss:Type="String">3217</Data></Cell>
    <Cell><Data ss:Type="Number">0.26</Data></Cell>
    <Cell><Data ss:Type="Number">-10.210000000000001</Data></Cell>
    <Cell><Data ss:Type="Number">0.15</Data></Cell>
    <Cell><Data ss:Type="Number">-9.5500000000000007</Data></Cell>
    <Cell><Data ss:Type="Number">-0.06</Data></Cell>
    <Cell><Data ss:Type="Number">-0.91</Data></Cell>
    <Cell><Data ss:Type="Number">22.8</Data></Cell>
    <Cell><Data ss:Type="Number">39.1</Data></Cell>
    <Cell><Data ss:Type="Number">0</Data></Cell>
    <Cell><Data ss:Type="Number">0</Data></Cell>
    <Cell><Data ss:Type="String">2023-12-07 16:16:48.265046</Data></Cell>
   </Row>
   <Row>
    <Cell><Data ss:Type="String">3216</Data></Cell>
    <Cell><Data ss:Type="Number">0.28000000000000003</Data></Cell>
    <Cell><Data ss:Type="Number">-10.27</Data></Cell>
    <Cell><Data ss:Type="Number">0.18</Data></Cell>
    <Cell><Data ss:Type="Number">-9.5500000000000007</Data></Cell>
    <Cell><Data ss:Type="Number">-0.05</Data></Cell>
    <Cell><Data ss:Type="Number">-0.9</Data></Cell>
    <Cell><Data ss:Type="Number">22.8</Data></Cell>
    <Cell><Data ss:Type="Number">39.1</Data></Cell>
    <Cell><Data ss:Type="Number">0</Data></Cell>
    <Cell><Data ss:Type="Number">0</Data></Cell>
    <Cell><Data ss:Type="String">2023-12-07 16:16:48.217653</Data></Cell>
   </Row>
   <Row>
    <Cell><Data ss:Type="String">3215</Data></Cell>
    <Cell><Data ss:Type="Number">0.28999999999999998</Data></Cell>
    <Cell><Data ss:Type="Number">-10.26</Data></Cell>
    <Cell><Data ss:Type="Number">0.15</Data></Cell>
    <Cell><Data ss:Type="Number">-9.5</Data></Cell>
    <Cell><Data ss:Type="Number">-0.09</Data></Cell>
    <Cell><Data ss:Type="Number">-0.88</Data></Cell>
    <Cell><Data ss:Type="Number">22.8</Data></Cell>
    <Cell><Data ss:Type="Number">39.1</Data></Cell>
    <Cell><Data ss:Type="Number">0</Data></Cell>
    <Cell><Data ss:Type="Number">0</Data></Cell>
    <Cell><Data ss:Type="String">2023-12-07 16:16:48.175302</Data></Cell>
   </Row>
   <Row>
    <Cell><Data ss:Type="String">3214</Data></Cell>
    <Cell><Data ss:Type="Number">0.25</Data></Cell>
    <Cell><Data ss:Type="Number">-9.8800000000000008</Data></Cell>
    <Cell><Data ss:Type="Number">0.1</Data></Cell>
    <Cell><Data ss:Type="Number">-9.4499999999999993</Data></Cell>
    <Cell><Data ss:Type="Number">-0.06</Data></Cell>
    <Cell><Data ss:Type="Number">-0.95</Data></Cell>
    <Cell><Data ss:Type="Number">22.8</Data></Cell>
    <Cell><Data ss:Type="Number">39.1</Data></Cell>
    <Cell><Data ss:Type="Number">0</Data></Cell>
    <Cell><Data ss:Type="Number">0</Data></Cell>
    <Cell><Data ss:Type="String">2023-12-07 16:16:48.173200</Data></Cell>
   </Row>
   <Row>
    <Cell><Data ss:Type="String">3213</Data></Cell>
    <Cell><Data ss:Type="Number">0.33</Data></Cell>
    <Cell><Data ss:Type="Number">-9.91</Data></Cell>
    <Cell><Data ss:Type="Number">0.14000000000000001</Data></Cell>
    <Cell><Data ss:Type="Number">-9.4499999999999993</Data></Cell>
    <Cell><Data ss:Type="Number">-0.08</Data></Cell>
    <Cell><Data ss:Type="Number">-0.89</Data></Cell>
    <Cell><Data ss:Type="Number">22.8</Data></Cell>
    <Cell><Data ss:Type="Number">39.1</Data></Cell>
    <Cell><Data ss:Type="Number">0</Data></Cell>
    <Cell><Data ss:Type="Number">0</Data></Cell>
    <Cell><Data ss:Type="String">2023-12-07 16:16:48.122787</Data></Cell>
   </Row>
   <Row>
    <Cell><Data ss:Type="String">3212</Data></Cell>
    <Cell><Data ss:Type="Number">0.28000000000000003</Data></Cell>
    <Cell><Data ss:Type="Number">-10.29</Data></Cell>
    <Cell><Data ss:Type="Number">0.2</Data></Cell>
    <Cell><Data ss:Type="Number">-9.57</Data></Cell>
    <Cell><Data ss:Type="Number">-0.05</Data></Cell>
    <Cell><Data ss:Type="Number">-0.92</Data></Cell>
    <Cell><Data ss:Type="Number">22.8</Data></Cell>
    <Cell><Data ss:Type="Number">39.1</Data></Cell>
    <Cell><Data ss:Type="Number">0</Data></Cell>
    <Cell><Data ss:Type="Number">0</Data></Cell>
    <Cell><Data ss:Type="String">2023-12-07 16:16:48.119770</Data></Cell>
   </Row>
   <Row>
    <Cell><Data ss:Type="String">3211</Data></Cell>
    <Cell><Data ss:Type="Number">0.27</Data></Cell>
    <Cell><Data ss:Type="Number">-10.31</Data></Cell>
    <Cell><Data ss:Type="Number">0.23</Data></Cell>
    <Cell><Data ss:Type="Number">-9.5299999999999994</Data></Cell>
    <Cell><Data ss:Type="Number">-0.06</Data></Cell>
    <Cell><Data ss:Type="Number">-0.88</Data></Cell>
    <Cell><Data ss:Type="Number">22.8</Data></Cell>
    <Cell><Data ss:Type="Number">39.1</Data></Cell>
    <Cell><Data ss:Type="Number">0</Data></Cell>
    <Cell><Data ss:Type="Number">0</Data></Cell>
    <Cell><Data ss:Type="String">2023-12-07 16:16:48.072008</Data></Cell>
   </Row>
   <Row>
    <Cell><Data ss:Type="String">3210</Data></Cell>
    <Cell><Data ss:Type="Number">0.27</Data></Cell>
    <Cell><Data ss:Type="Number">-10.199999999999999</Data></Cell>
    <Cell><Data ss:Type="Number">0.17</Data></Cell>
    <Cell><Data ss:Type="Number">-9.44</Data></Cell>
    <Cell><Data ss:Type="Number">-0.06</Data></Cell>
    <Cell><Data ss:Type="Number">-0.89</Data></Cell>
    <Cell><Data ss:Type="Number">22.8</Data></Cell>
    <Cell><Data ss:Type="Number">39.1</Data></Cell>
    <Cell><Data ss:Type="Number">0</Data></Cell>
    <Cell><Data ss:Type="Number">0</Data></Cell>
    <Cell><Data ss:Type="String">2023-12-07 16:16:48.069370</Data></Cell>
   </Row>
   <Row>
    <Cell><Data ss:Type="String">3209</Data></Cell>
    <Cell><Data ss:Type="Number">0.15</Data></Cell>
    <Cell><Data ss:Type="Number">-9.9700000000000006</Data></Cell>
    <Cell><Data ss:Type="Number">0.18</Data></Cell>
    <Cell><Data ss:Type="Number">-9.41</Data></Cell>
    <Cell><Data ss:Type="Number">-0.08</Data></Cell>
    <Cell><Data ss:Type="Number">-0.93</Data></Cell>
    <Cell><Data ss:Type="Number">22.8</Data></Cell>
    <Cell><Data ss:Type="Number">39.1</Data></Cell>
    <Cell><Data ss:Type="Number">0</Data></Cell>
    <Cell><Data ss:Type="Number">0</Data></Cell>
    <Cell><Data ss:Type="String">2023-12-07 16:16:48.067067</Data></Cell>
   </Row>
   <Row>
    <Cell><Data ss:Type="String">3208</Data></Cell>
    <Cell><Data ss:Type="Number">0.28999999999999998</Data></Cell>
    <Cell><Data ss:Type="Number">-9.93</Data></Cell>
    <Cell><Data ss:Type="Number">7.0000000000000007E-2</Data></Cell>
    <Cell><Data ss:Type="Number">-9.4</Data></Cell>
    <Cell><Data ss:Type="Number">-7.0000000000000007E-2</Data></Cell>
    <Cell><Data ss:Type="Number">-0.91</Data></Cell>
    <Cell><Data ss:Type="Number">22.8</Data></Cell>
    <Cell><Data ss:Type="Number">39.1</Data></Cell>
    <Cell><Data ss:Type="Number">0</Data></Cell>
    <Cell><Data ss:Type="Number">0</Data></Cell>
    <Cell><Data ss:Type="String">2023-12-07 16:16:48.065122</Data></Cell>
   </Row>
   <Row>
    <Cell><Data ss:Type="String">3207</Data></Cell>
    <Cell><Data ss:Type="Number">0.2</Data></Cell>
    <Cell><Data ss:Type="Number">-10.31</Data></Cell>
    <Cell><Data ss:Type="Number">0.15</Data></Cell>
    <Cell><Data ss:Type="Number">-9.56</Data></Cell>
    <Cell><Data ss:Type="Number">-0.09</Data></Cell>
    <Cell><Data ss:Type="Number">-0.91</Data></Cell>
    <Cell><Data ss:Type="Number">22.8</Data></Cell>
    <Cell><Data ss:Type="Number">39.1</Data></Cell>
    <Cell><Data ss:Type="Number">0</Data></Cell>
    <Cell><Data ss:Type="Number">0</Data></Cell>
    <Cell><Data ss:Type="String">2023-12-07 16:16:48.062408</Data></Cell>
   </Row>
   <Row>
    <Cell><Data ss:Type="String">3206</Data></Cell>
    <Cell><Data ss:Type="Number">0.25</Data></Cell>
    <Cell><Data ss:Type="Number">-10.15</Data></Cell>
    <Cell><Data ss:Type="Number">0.25</Data></Cell>
    <Cell><Data ss:Type="Number">-9.43</Data></Cell>
    <Cell><Data ss:Type="Number">-7.0000000000000007E-2</Data></Cell>
    <Cell><Data ss:Type="Number">-0.91</Data></Cell>
    <Cell><Data ss:Type="Number">22.8</Data></Cell>
    <Cell><Data ss:Type="Number">39.1</Data></Cell>
    <Cell><Data ss:Type="Number">0</Data></Cell>
    <Cell><Data ss:Type="Number">0</Data></Cell>
    <Cell><Data ss:Type="String">2023-12-07 16:16:47.882475</Data></Cell>
   </Row>
   <Row>
    <Cell><Data ss:Type="String">3205</Data></Cell>
    <Cell><Data ss:Type="Number">0.34</Data></Cell>
    <Cell><Data ss:Type="Number">-9.94</Data></Cell>
    <Cell><Data ss:Type="Number">0.14000000000000001</Data></Cell>
    <Cell><Data ss:Type="Number">-9.42</Data></Cell>
    <Cell><Data ss:Type="Number">-0.1</Data></Cell>
    <Cell><Data ss:Type="Number">-0.92</Data></Cell>
    <Cell><Data ss:Type="Number">22.8</Data></Cell>
    <Cell><Data ss:Type="Number">39.1</Data></Cell>
    <Cell><Data ss:Type="Number">0</Data></Cell>
    <Cell><Data ss:Type="Number">0</Data></Cell>
    <Cell><Data ss:Type="String">2023-12-07 16:16:47.839664</Data></Cell>
   </Row>
   <Row>
    <Cell><Data ss:Type="String">3204</Data></Cell>
    <Cell><Data ss:Type="Number">0.24</Data></Cell>
    <Cell><Data ss:Type="Number">-9.8699999999999992</Data></Cell>
    <Cell><Data ss:Type="Number">0.1</Data></Cell>
    <Cell><Data ss:Type="Number">-9.51</Data></Cell>
    <Cell><Data ss:Type="Number">-7.0000000000000007E-2</Data></Cell>
    <Cell><Data ss:Type="Number">-0.94</Data></Cell>
    <Cell><Data ss:Type="Number">22.8</Data></Cell>
    <Cell><Data ss:Type="Number">39.1</Data></Cell>
    <Cell><Data ss:Type="Number">0</Data></Cell>
    <Cell><Data ss:Type="Number">0</Data></Cell>
    <Cell><Data ss:Type="String">2023-12-07 16:16:47.837522</Data></Cell>
   </Row>
   <Row>
    <Cell><Data ss:Type="String">3203</Data></Cell>
    <Cell><Data ss:Type="Number">0.28999999999999998</Data></Cell>
    <Cell><Data ss:Type="Number">-10.210000000000001</Data></Cell>
    <Cell><Data ss:Type="Number">0.21</Data></Cell>
    <Cell><Data ss:Type="Number">-9.51</Data></Cell>
    <Cell><Data ss:Type="Number">-0.06</Data></Cell>
    <Cell><Data ss:Type="Number">-0.87</Data></Cell>
    <Cell><Data ss:Type="Number">22.8</Data></Cell>
    <Cell><Data ss:Type="Number">39.1</Data></Cell>
    <Cell><Data ss:Type="Number">0</Data></Cell>
    <Cell><Data ss:Type="Number">0</Data></Cell>
    <Cell><Data ss:Type="String">2023-12-07 16:16:47.792110</Data></Cell>
   </Row>
   <Row>
    <Cell><Data ss:Type="String">3202</Data></Cell>
    <Cell><Data ss:Type="Number">0.3</Data></Cell>
    <Cell><Data ss:Type="Number">-10.26</Data></Cell>
    <Cell><Data ss:Type="Number">0.19</Data></Cell>
    <Cell><Data ss:Type="Number">-9.58</Data></Cell>
    <Cell><Data ss:Type="Number">-0.1</Data></Cell>
    <Cell><Data ss:Type="Number">-0.92</Data></Cell>
    <Cell><Data ss:Type="Number">22.8</Data></Cell>
    <Cell><Data ss:Type="Number">39.1</Data></Cell>
    <Cell><Data ss:Type="Number">0</Data></Cell>
    <Cell><Data ss:Type="Number">0</Data></Cell>
    <Cell><Data ss:Type="String">2023-12-07 16:16:47.744685</Data></Cell>
   </Row>
   <Row>
    <Cell><Data ss:Type="String">3201</Data></Cell>
    <Cell><Data ss:Type="Number">0.3</Data></Cell>
    <Cell><Data ss:Type="Number">-10.07</Data></Cell>
    <Cell><Data ss:Type="Number">0.15</Data></Cell>
    <Cell><Data ss:Type="Number">-9.4600000000000009</Data></Cell>
    <Cell><Data ss:Type="Number">-7.0000000000000007E-2</Data></Cell>
    <Cell><Data ss:Type="Number">-0.9</Data></Cell>
    <Cell><Data ss:Type="Number">22.8</Data></Cell>
    <Cell><Data ss:Type="Number">39.1</Data></Cell>
    <Cell><Data ss:Type="Number">0</Data></Cell>
    <Cell><Data ss:Type="Number">0</Data></Cell>
    <Cell><Data ss:Type="String">2023-12-07 16:16:47.706023</Data></Cell>
   </Row>
   <Row>
    <Cell><Data ss:Type="String">3200</Data></Cell>
    <Cell><Data ss:Type="Number">0.28000000000000003</Data></Cell>
    <Cell><Data ss:Type="Number">-9.8800000000000008</Data></Cell>
    <Cell><Data ss:Type="Number">0.08</Data></Cell>
    <Cell><Data ss:Type="Number">-9.44</Data></Cell>
    <Cell><Data ss:Type="Number">-0.06</Data></Cell>
    <Cell><Data ss:Type="Number">-0.87</Data></Cell>
    <Cell><Data ss:Type="Number">22.8</Data></Cell>
    <Cell><Data ss:Type="Number">39.1</Data></Cell>
    <Cell><Data ss:Type="Number">0</Data></Cell>
    <Cell><Data ss:Type="Number">0</Data></Cell>
    <Cell><Data ss:Type="String">2023-12-07 16:16:47.703075</Data></Cell>
   </Row>
   <Row>
    <Cell><Data ss:Type="String">3199</Data></Cell>
    <Cell><Data ss:Type="Number">0.33</Data></Cell>
    <Cell><Data ss:Type="Number">-10.02</Data></Cell>
    <Cell><Data ss:Type="Number">0.11</Data></Cell>
    <Cell><Data ss:Type="Number">-9.5299999999999994</Data></Cell>
    <Cell><Data ss:Type="Number">-0.08</Data></Cell>
    <Cell><Data ss:Type="Number">-0.96</Data></Cell>
    <Cell><Data ss:Type="Number">22.8</Data></Cell>
    <Cell><Data ss:Type="Number">39.1</Data></Cell>
    <Cell><Data ss:Type="Number">0</Data></Cell>
    <Cell><Data ss:Type="Number">0</Data></Cell>
    <Cell><Data ss:Type="String">2023-12-07 16:16:47.666613</Data></Cell>
   </Row>
   <Row>
    <Cell><Data ss:Type="String">3198</Data></Cell>
    <Cell><Data ss:Type="Number">0.27</Data></Cell>
    <Cell><Data ss:Type="Number">-10.06</Data></Cell>
    <Cell><Data ss:Type="Number">0.13</Data></Cell>
    <Cell><Data ss:Type="Number">-9.5</Data></Cell>
    <Cell><Data ss:Type="Number">-0.03</Data></Cell>
    <Cell><Data ss:Type="Number">-0.84</Data></Cell>
    <Cell><Data ss:Type="Number">22.8</Data></Cell>
    <Cell><Data ss:Type="Number">39.1</Data></Cell>
    <Cell><Data ss:Type="Number">0</Data></Cell>
    <Cell><Data ss:Type="Number">0</Data></Cell>
    <Cell><Data ss:Type="String">2023-12-07 16:16:47.664495</Data></Cell>
   </Row>
   <Row>
    <Cell><Data ss:Type="String">3197</Data></Cell>
    <Cell><Data ss:Type="Number">0.42</Data></Cell>
    <Cell><Data ss:Type="Number">-10.24</Data></Cell>
    <Cell><Data ss:Type="Number">0.11</Data></Cell>
    <Cell><Data ss:Type="Number">-9.5399999999999991</Data></Cell>
    <Cell><Data ss:Type="Number">-0.16</Data></Cell>
    <Cell><Data ss:Type="Number">-0.93</Data></Cell>
    <Cell><Data ss:Type="Number">22.8</Data></Cell>
    <Cell><Data ss:Type="Number">39.1</Data></Cell>
    <Cell><Data ss:Type="Number">0</Data></Cell>
    <Cell><Data ss:Type="Number">0</Data></Cell>
    <Cell><Data ss:Type="String">2023-12-07 16:16:47.662950</Data></Cell>
   </Row>
   <Row>
    <Cell><Data ss:Type="String">3196</Data></Cell>
    <Cell><Data ss:Type="Number">0.2</Data></Cell>
    <Cell><Data ss:Type="Number">-9.98</Data></Cell>
    <Cell><Data ss:Type="Number">0.21</Data></Cell>
    <Cell><Data ss:Type="Number">-9.42</Data></Cell>
    <Cell><Data ss:Type="Number">-0.05</Data></Cell>
    <Cell><Data ss:Type="Number">-0.84</Data></Cell>
    <Cell><Data ss:Type="Number">22.8</Data></Cell>
    <Cell><Data ss:Type="Number">39.1</Data></Cell>
    <Cell><Data ss:Type="Number">0</Data></Cell>
    <Cell><Data ss:Type="Number">0</Data></Cell>
    <Cell><Data ss:Type="String">2023-12-07 16:16:47.661443</Data></Cell>
   </Row>
   <Row>
    <Cell><Data ss:Type="String">3195</Data></Cell>
    <Cell><Data ss:Type="Number">0.33</Data></Cell>
    <Cell><Data ss:Type="Number">-10.039999999999999</Data></Cell>
    <Cell><Data ss:Type="Number">-0.21</Data></Cell>
    <Cell><Data ss:Type="Number">-9.43</Data></Cell>
    <Cell><Data ss:Type="Number">-0.08</Data></Cell>
    <Cell><Data ss:Type="Number">-0.95</Data></Cell>
    <Cell><Data ss:Type="Number">22.8</Data></Cell>
    <Cell><Data ss:Type="Number">39.1</Data></Cell>
    <Cell><Data ss:Type="Number">0</Data></Cell>
    <Cell><Data ss:Type="Number">0</Data></Cell>
    <Cell><Data ss:Type="String">2023-12-07 16:16:47.659681</Data></Cell>
   </Row>
   <Row>
    <Cell><Data ss:Type="String">3194</Data></Cell>
    <Cell><Data ss:Type="Number">0.19</Data></Cell>
    <Cell><Data ss:Type="Number">-10.07</Data></Cell>
    <Cell><Data ss:Type="Number">0.11</Data></Cell>
    <Cell><Data ss:Type="Number">-9.4499999999999993</Data></Cell>
    <Cell><Data ss:Type="Number">0.02</Data></Cell>
    <Cell><Data ss:Type="Number">-0.94</Data></Cell>
    <Cell><Data ss:Type="Number">22.8</Data></Cell>
    <Cell><Data ss:Type="Number">39.1</Data></Cell>
    <Cell><Data ss:Type="Number">0</Data></Cell>
    <Cell><Data ss:Type="Number">0</Data></Cell>
    <Cell><Data ss:Type="String">2023-12-07 16:16:47.657207</Data></Cell>
   </Row>
   <Row>
    <Cell><Data ss:Type="String">3193</Data></Cell>
    <Cell><Data ss:Type="Number">0.74</Data></Cell>
    <Cell><Data ss:Type="Number">-10.220000000000001</Data></Cell>
    <Cell><Data ss:Type="Number">0.43</Data></Cell>
    <Cell><Data ss:Type="Number">-9.51</Data></Cell>
    <Cell><Data ss:Type="Number">-0.31</Data></Cell>
    <Cell><Data ss:Type="Number">-0.81</Data></Cell>
    <Cell><Data ss:Type="Number">22.8</Data></Cell>
    <Cell><Data ss:Type="Number">39.1</Data></Cell>
    <Cell><Data ss:Type="Number">0</Data></Cell>
    <Cell><Data ss:Type="Number">0</Data></Cell>
    <Cell><Data ss:Type="String">2023-12-07 16:16:47.653996</Data></Cell>
   </Row>
   <Row>
    <Cell><Data ss:Type="String">3192</Data></Cell>
    <Cell><Data ss:Type="Number">0.18</Data></Cell>
    <Cell><Data ss:Type="Number">-10.31</Data></Cell>
    <Cell><Data ss:Type="Number">0.17</Data></Cell>
    <Cell><Data ss:Type="Number">-9.5299999999999994</Data></Cell>
    <Cell><Data ss:Type="Number">-0.22</Data></Cell>
    <Cell><Data ss:Type="Number">-0.91</Data></Cell>
    <Cell><Data ss:Type="Number">22.8</Data></Cell>
    <Cell><Data ss:Type="Number">39.1</Data></Cell>
    <Cell><Data ss:Type="Number">0</Data></Cell>
    <Cell><Data ss:Type="Number">0</Data></Cell>
    <Cell><Data ss:Type="String">2023-12-07 16:16:47.423022</Data></Cell>
   </Row>
   <Row>
    <Cell><Data ss:Type="String">3191</Data></Cell>
    <Cell><Data ss:Type="Number">-0.35</Data></Cell>
    <Cell><Data ss:Type="Number">-9.91</Data></Cell>
    <Cell><Data ss:Type="Number">-0.14000000000000001</Data></Cell>
    <Cell><Data ss:Type="Number">-9.4</Data></Cell>
    <Cell><Data ss:Type="Number">0.17</Data></Cell>
    <Cell><Data ss:Type="Number">-0.88</Data></Cell>
    <Cell><Data ss:Type="Number">22.8</Data></Cell>
    <Cell><Data ss:Type="Number">39.1</Data></Cell>
    <Cell><Data ss:Type="Number">0</Data></Cell>
    <Cell><Data ss:Type="Number">0</Data></Cell>
    <Cell><Data ss:Type="String">2023-12-07 16:16:47.379964</Data></Cell>
   </Row>
   <Row>
    <Cell><Data ss:Type="String">3190</Data></Cell>
    <Cell><Data ss:Type="Number">-0.25</Data></Cell>
    <Cell><Data ss:Type="Number">-10</Data></Cell>
    <Cell><Data ss:Type="Number">-0.53</Data></Cell>
    <Cell><Data ss:Type="Number">-9.52</Data></Cell>
    <Cell><Data ss:Type="Number">0.51</Data></Cell>
    <Cell><Data ss:Type="Number">-1.1100000000000001</Data></Cell>
    <Cell><Data ss:Type="Number">22.8</Data></Cell>
    <Cell><Data ss:Type="Number">39.1</Data></Cell>
    <Cell><Data ss:Type="Number">0</Data></Cell>
    <Cell><Data ss:Type="Number">0</Data></Cell>
    <Cell><Data ss:Type="String">2023-12-07 16:16:47.331922</Data></Cell>
   </Row>
   <Row>
    <Cell><Data ss:Type="String">3189</Data></Cell>
    <Cell><Data ss:Type="Number">3.48</Data></Cell>
    <Cell><Data ss:Type="Number">-10.01</Data></Cell>
    <Cell><Data ss:Type="Number">0.56999999999999995</Data></Cell>
    <Cell><Data ss:Type="Number">-9.4600000000000009</Data></Cell>
    <Cell><Data ss:Type="Number">0.14000000000000001</Data></Cell>
    <Cell><Data ss:Type="Number">-0.97</Data></Cell>
    <Cell><Data ss:Type="Number">22.8</Data></Cell>
    <Cell><Data ss:Type="Number">39.1</Data></Cell>
    <Cell><Data ss:Type="Number">0</Data></Cell>
    <Cell><Data ss:Type="Number">0</Data></Cell>
    <Cell><Data ss:Type="String">2023-12-07 16:16:47.330414</Data></Cell>
   </Row>
   <Row>
    <Cell><Data ss:Type="String">3188</Data></Cell>
    <Cell><Data ss:Type="Number">3.63</Data></Cell>
    <Cell><Data ss:Type="Number">-9.6999999999999993</Data></Cell>
    <Cell><Data ss:Type="Number">2.92</Data></Cell>
    <Cell><Data ss:Type="Number">-9.33</Data></Cell>
    <Cell><Data ss:Type="Number">-1.47</Data></Cell>
    <Cell><Data ss:Type="Number">-0.55000000000000004</Data></Cell>
    <Cell><Data ss:Type="Number">22.8</Data></Cell>
    <Cell><Data ss:Type="Number">39.1</Data></Cell>
    <Cell><Data ss:Type="Number">0</Data></Cell>
    <Cell><Data ss:Type="Number">0</Data></Cell>
    <Cell><Data ss:Type="String">2023-12-07 16:16:47.285085</Data></Cell>
   </Row>
   <Row>
    <Cell><Data ss:Type="String">3187</Data></Cell>
    <Cell><Data ss:Type="Number">1.3</Data></Cell>
    <Cell><Data ss:Type="Number">5.88</Data></Cell>
    <Cell><Data ss:Type="Number">-0.01</Data></Cell>
    <Cell><Data ss:Type="Number">-0.46</Data></Cell>
    <Cell><Data ss:Type="Number">-1.1599999999999999</Data></Cell>
    <Cell><Data ss:Type="Number">-1.41</Data></Cell>
    <Cell><Data ss:Type="Number">22.8</Data></Cell>
    <Cell><Data ss:Type="Number">39.1</Data></Cell>
    <Cell><Data ss:Type="Number">0</Data></Cell>
    <Cell><Data ss:Type="Number">0</Data></Cell>
    <Cell><Data ss:Type="String">2023-12-07 16:16:47.243550</Data></Cell>
   </Row>
   <Row>
    <Cell><Data ss:Type="String">3186</Data></Cell>
    <Cell><Data ss:Type="Number">0.32</Data></Cell>
    <Cell><Data ss:Type="Number">-10.199999999999999</Data></Cell>
    <Cell><Data ss:Type="Number">-0.24</Data></Cell>
    <Cell><Data ss:Type="Number">-9.5</Data></Cell>
    <Cell><Data ss:Type="Number">-0.12</Data></Cell>
    <Cell><Data ss:Type="Number">-0.95</Data></Cell>
    <Cell><Data ss:Type="Number">22.8</Data></Cell>
    <Cell><Data ss:Type="Number">39.1</Data></Cell>
    <Cell><Data ss:Type="Number">0</Data></Cell>
    <Cell><Data ss:Type="Number">0</Data></Cell>
    <Cell><Data ss:Type="String">2023-12-07 16:16:47.241928</Data></Cell>
   </Row>
   <Row>
    <Cell><Data ss:Type="String">3185</Data></Cell>
    <Cell><Data ss:Type="Number">0.57999999999999996</Data></Cell>
    <Cell><Data ss:Type="Number">-10.23</Data></Cell>
    <Cell><Data ss:Type="Number">0.14000000000000001</Data></Cell>
    <Cell><Data ss:Type="Number">-9.57</Data></Cell>
    <Cell><Data ss:Type="Number">-0.02</Data></Cell>
    <Cell><Data ss:Type="Number">-0.88</Data></Cell>
    <Cell><Data ss:Type="Number">22.8</Data></Cell>
    <Cell><Data ss:Type="Number">39.1</Data></Cell>
    <Cell><Data ss:Type="Number">0</Data></Cell>
    <Cell><Data ss:Type="Number">0</Data></Cell>
    <Cell><Data ss:Type="String">2023-12-07 16:16:47.195101</Data></Cell>
   </Row>
   <Row>
    <Cell><Data ss:Type="String">3184</Data></Cell>
    <Cell><Data ss:Type="Number">0.41</Data></Cell>
    <Cell><Data ss:Type="Number">-10.050000000000001</Data></Cell>
    <Cell><Data ss:Type="Number">0.72</Data></Cell>
    <Cell><Data ss:Type="Number">-9.5399999999999991</Data></Cell>
    <Cell><Data ss:Type="Number">-7.0000000000000007E-2</Data></Cell>
    <Cell><Data ss:Type="Number">-0.93</Data></Cell>
    <Cell><Data ss:Type="Number">22.8</Data></Cell>
    <Cell><Data ss:Type="Number">39.1</Data></Cell>
    <Cell><Data ss:Type="Number">0</Data></Cell>
    <Cell><Data ss:Type="Number">0</Data></Cell>
    <Cell><Data ss:Type="String">2023-12-07 16:16:47.141874</Data></Cell>
   </Row>
   <Row>
    <Cell><Data ss:Type="String">3183</Data></Cell>
    <Cell><Data ss:Type="Number">-0.1</Data></Cell>
    <Cell><Data ss:Type="Number">-10.19</Data></Cell>
    <Cell><Data ss:Type="Number">-0.4</Data></Cell>
    <Cell><Data ss:Type="Number">-9.42</Data></Cell>
    <Cell><Data ss:Type="Number">-0.08</Data></Cell>
    <Cell><Data ss:Type="Number">-0.91</Data></Cell>
    <Cell><Data ss:Type="Number">22.8</Data></Cell>
    <Cell><Data ss:Type="Number">39.1</Data></Cell>
    <Cell><Data ss:Type="Number">0</Data></Cell>
    <Cell><Data ss:Type="Number">0</Data></Cell>
    <Cell><Data ss:Type="String">2023-12-07 16:16:47.140424</Data></Cell>
   </Row>
   <Row>
    <Cell><Data ss:Type="String">3182</Data></Cell>
    <Cell><Data ss:Type="Number">0.49</Data></Cell>
    <Cell><Data ss:Type="Number">-9.76</Data></Cell>
    <Cell><Data ss:Type="Number">0.22</Data></Cell>
    <Cell><Data ss:Type="Number">-9.41</Data></Cell>
    <Cell><Data ss:Type="Number">-0.04</Data></Cell>
    <Cell><Data ss:Type="Number">-0.9</Data></Cell>
    <Cell><Data ss:Type="Number">22.8</Data></Cell>
    <Cell><Data ss:Type="Number">39.1</Data></Cell>
    <Cell><Data ss:Type="Number">0</Data></Cell>
    <Cell><Data ss:Type="Number">0</Data></Cell>
    <Cell><Data ss:Type="String">2023-12-07 16:16:47.082203</Data></Cell>
   </Row>
   <Row>
    <Cell><Data ss:Type="String">3181</Data></Cell>
    <Cell><Data ss:Type="Number">0.77</Data></Cell>
    <Cell><Data ss:Type="Number">-10.06</Data></Cell>
    <Cell><Data ss:Type="Number">0.05</Data></Cell>
    <Cell><Data ss:Type="Number">-9.51</Data></Cell>
    <Cell><Data ss:Type="Number">-0.12</Data></Cell>
    <Cell><Data ss:Type="Number">-0.92</Data></Cell>
    <Cell><Data ss:Type="Number">22.8</Data></Cell>
    <Cell><Data ss:Type="Number">39.1</Data></Cell>
    <Cell><Data ss:Type="Number">0</Data></Cell>
    <Cell><Data ss:Type="Number">0</Data></Cell>
    <Cell><Data ss:Type="String">2023-12-07 16:16:47.079793</Data></Cell>
   </Row>
   <Row>
    <Cell><Data ss:Type="String">3180</Data></Cell>
    <Cell><Data ss:Type="Number">0.9</Data></Cell>
    <Cell><Data ss:Type="Number">-10</Data></Cell>
    <Cell><Data ss:Type="Number">0.33</Data></Cell>
    <Cell><Data ss:Type="Number">-9.5500000000000007</Data></Cell>
    <Cell><Data ss:Type="Number">-0.04</Data></Cell>
    <Cell><Data ss:Type="Number">-0.93</Data></Cell>
    <Cell><Data ss:Type="Number">22.8</Data></Cell>
    <Cell><Data ss:Type="Number">39.1</Data></Cell>
    <Cell><Data ss:Type="Number">0</Data></Cell>
    <Cell><Data ss:Type="Number">0</Data></Cell>
    <Cell><Data ss:Type="String">2023-12-07 16:16:47.019341</Data></Cell>
   </Row>
   <Row>
    <Cell><Data ss:Type="String">3179</Data></Cell>
    <Cell><Data ss:Type="Number">0.27</Data></Cell>
    <Cell><Data ss:Type="Number">-9.73</Data></Cell>
    <Cell><Data ss:Type="Number">-0.01</Data></Cell>
    <Cell><Data ss:Type="Number">-9.48</Data></Cell>
    <Cell><Data ss:Type="Number">-0.1</Data></Cell>
    <Cell><Data ss:Type="Number">-0.91</Data></Cell>
    <Cell><Data ss:Type="Number">22.8</Data></Cell>
    <Cell><Data ss:Type="Number">39.1</Data></Cell>
    <Cell><Data ss:Type="Number">0</Data></Cell>
    <Cell><Data ss:Type="Number">0</Data></Cell>
    <Cell><Data ss:Type="String">2023-12-07 16:16:46.977857</Data></Cell>
   </Row>
   <Row>
    <Cell><Data ss:Type="String">3178</Data></Cell>
    <Cell><Data ss:Type="Number">0.47</Data></Cell>
    <Cell><Data ss:Type="Number">-9.94</Data></Cell>
    <Cell><Data ss:Type="Number">0.28000000000000003</Data></Cell>
    <Cell><Data ss:Type="Number">-9.4499999999999993</Data></Cell>
    <Cell><Data ss:Type="Number">-0.08</Data></Cell>
    <Cell><Data ss:Type="Number">-0.92</Data></Cell>
    <Cell><Data ss:Type="Number">22.8</Data></Cell>
    <Cell><Data ss:Type="Number">39.1</Data></Cell>
    <Cell><Data ss:Type="Number">0</Data></Cell>
    <Cell><Data ss:Type="Number">0</Data></Cell>
    <Cell><Data ss:Type="String">2023-12-07 16:16:46.935979</Data></Cell>
   </Row>
   <Row>
    <Cell><Data ss:Type="String">3177</Data></Cell>
    <Cell><Data ss:Type="Number">0.05</Data></Cell>
    <Cell><Data ss:Type="Number">-9.14</Data></Cell>
    <Cell><Data ss:Type="Number">-0.1</Data></Cell>
    <Cell><Data ss:Type="Number">-9.11</Data></Cell>
    <Cell><Data ss:Type="Number">-7.0000000000000007E-2</Data></Cell>
    <Cell><Data ss:Type="Number">-0.96</Data></Cell>
    <Cell><Data ss:Type="Number">22.8</Data></Cell>
    <Cell><Data ss:Type="Number">39.1</Data></Cell>
    <Cell><Data ss:Type="Number">0</Data></Cell>
    <Cell><Data ss:Type="Number">0</Data></Cell>
    <Cell><Data ss:Type="String">2023-12-07 16:16:46.934066</Data></Cell>
   </Row>
   <Row>
    <Cell><Data ss:Type="String">3176</Data></Cell>
    <Cell><Data ss:Type="Number">0.21</Data></Cell>
    <Cell><Data ss:Type="Number">-9.92</Data></Cell>
    <Cell><Data ss:Type="Number">0.24</Data></Cell>
    <Cell><Data ss:Type="Number">-9.42</Data></Cell>
    <Cell><Data ss:Type="Number">-0.04</Data></Cell>
    <Cell><Data ss:Type="Number">-0.94</Data></Cell>
    <Cell><Data ss:Type="Number">22.8</Data></Cell>
    <Cell><Data ss:Type="Number">39.1</Data></Cell>
    <Cell><Data ss:Type="Number">0</Data></Cell>
    <Cell><Data ss:Type="Number">0</Data></Cell>
    <Cell><Data ss:Type="String">2023-12-07 16:16:46.884394</Data></Cell>
   </Row>
   <Row>
    <Cell><Data ss:Type="String">3175</Data></Cell>
    <Cell><Data ss:Type="Number">0.22</Data></Cell>
    <Cell><Data ss:Type="Number">-10.47</Data></Cell>
    <Cell><Data ss:Type="Number">0.21</Data></Cell>
    <Cell><Data ss:Type="Number">-9.69</Data></Cell>
    <Cell><Data ss:Type="Number">-0.03</Data></Cell>
    <Cell><Data ss:Type="Number">-0.85</Data></Cell>
    <Cell><Data ss:Type="Number">22.8</Data></Cell>
    <Cell><Data ss:Type="Number">39.1</Data></Cell>
    <Cell><Data ss:Type="Number">0</Data></Cell>
    <Cell><Data ss:Type="Number">0</Data></Cell>
    <Cell><Data ss:Type="String">2023-12-07 16:16:46.836898</Data></Cell>
   </Row>
   <Row>
    <Cell><Data ss:Type="String">3174</Data></Cell>
    <Cell><Data ss:Type="Number">0.57999999999999996</Data></Cell>
    <Cell><Data ss:Type="Number">-9.86</Data></Cell>
    <Cell><Data ss:Type="Number">0.24</Data></Cell>
    <Cell><Data ss:Type="Number">-9.56</Data></Cell>
    <Cell><Data ss:Type="Number">-0.06</Data></Cell>
    <Cell><Data ss:Type="Number">-0.88</Data></Cell>
    <Cell><Data ss:Type="Number">22.8</Data></Cell>
    <Cell><Data ss:Type="Number">39.1</Data></Cell>
    <Cell><Data ss:Type="Number">0</Data></Cell>
    <Cell><Data ss:Type="Number">0</Data></Cell>
    <Cell><Data ss:Type="String">2023-12-07 16:16:46.834487</Data></Cell>
   </Row>
   <Row>
    <Cell><Data ss:Type="String">3173</Data></Cell>
    <Cell><Data ss:Type="Number">0.69</Data></Cell>
    <Cell><Data ss:Type="Number">-9.4600000000000009</Data></Cell>
    <Cell><Data ss:Type="Number">0.68</Data></Cell>
    <Cell><Data ss:Type="Number">-9.33</Data></Cell>
    <Cell><Data ss:Type="Number">-0.06</Data></Cell>
    <Cell><Data ss:Type="Number">-0.91</Data></Cell>
    <Cell><Data ss:Type="Number">22.8</Data></Cell>
    <Cell><Data ss:Type="Number">39.1</Data></Cell>
    <Cell><Data ss:Type="Number">0</Data></Cell>
    <Cell><Data ss:Type="Number">0</Data></Cell>
    <Cell><Data ss:Type="String">2023-12-07 16:16:46.766342</Data></Cell>
   </Row>
   <Row>
    <Cell><Data ss:Type="String">3172</Data></Cell>
    <Cell><Data ss:Type="Number">-0.17</Data></Cell>
    <Cell><Data ss:Type="Number">-9.7899999999999991</Data></Cell>
    <Cell><Data ss:Type="Number">-0.15</Data></Cell>
    <Cell><Data ss:Type="Number">-9.51</Data></Cell>
    <Cell><Data ss:Type="Number">-7.0000000000000007E-2</Data></Cell>
    <Cell><Data ss:Type="Number">-0.93</Data></Cell>
    <Cell><Data ss:Type="Number">22.8</Data></Cell>
    <Cell><Data ss:Type="Number">39.1</Data></Cell>
    <Cell><Data ss:Type="Number">0</Data></Cell>
    <Cell><Data ss:Type="Number">0</Data></Cell>
    <Cell><Data ss:Type="String">2023-12-07 16:16:46.764809</Data></Cell>
   </Row>
   <Row>
    <Cell><Data ss:Type="String">3171</Data></Cell>
    <Cell><Data ss:Type="Number">0.42</Data></Cell>
    <Cell><Data ss:Type="Number">-9.76</Data></Cell>
    <Cell><Data ss:Type="Number">0.12</Data></Cell>
    <Cell><Data ss:Type="Number">-9.44</Data></Cell>
    <Cell><Data ss:Type="Number">-0.14000000000000001</Data></Cell>
    <Cell><Data ss:Type="Number">-0.85</Data></Cell>
    <Cell><Data ss:Type="Number">22.8</Data></Cell>
    <Cell><Data ss:Type="Number">39.1</Data></Cell>
    <Cell><Data ss:Type="Number">0</Data></Cell>
    <Cell><Data ss:Type="Number">0</Data></Cell>
    <Cell><Data ss:Type="String">2023-12-07 16:16:46.763075</Data></Cell>
   </Row>
   <Row>
    <Cell><Data ss:Type="String">3170</Data></Cell>
    <Cell><Data ss:Type="Number">0.34</Data></Cell>
    <Cell><Data ss:Type="Number">-10.11</Data></Cell>
    <Cell><Data ss:Type="Number">0.44</Data></Cell>
    <Cell><Data ss:Type="Number">-9.59</Data></Cell>
    <Cell><Data ss:Type="Number">-0.06</Data></Cell>
    <Cell><Data ss:Type="Number">-0.86</Data></Cell>
    <Cell><Data ss:Type="Number">22.8</Data></Cell>
    <Cell><Data ss:Type="Number">39.1</Data></Cell>
    <Cell><Data ss:Type="Number">0</Data></Cell>
    <Cell><Data ss:Type="Number">0</Data></Cell>
    <Cell><Data ss:Type="String">2023-12-07 16:16:46.761269</Data></Cell>
   </Row>
   <Row>
    <Cell><Data ss:Type="String">3169</Data></Cell>
    <Cell><Data ss:Type="Number">0.1</Data></Cell>
    <Cell><Data ss:Type="Number">-10.1</Data></Cell>
    <Cell><Data ss:Type="Number">-0.16</Data></Cell>
    <Cell><Data ss:Type="Number">-9.44</Data></Cell>
    <Cell><Data ss:Type="Number">-0.04</Data></Cell>
    <Cell><Data ss:Type="Number">-0.94</Data></Cell>
    <Cell><Data ss:Type="Number">22.8</Data></Cell>
    <Cell><Data ss:Type="Number">39.1</Data></Cell>
    <Cell><Data ss:Type="Number">0</Data></Cell>
    <Cell><Data ss:Type="Number">0</Data></Cell>
    <Cell><Data ss:Type="String">2023-12-07 16:16:46.759670</Data></Cell>
   </Row>
   <Row>
    <Cell><Data ss:Type="String">3168</Data></Cell>
    <Cell><Data ss:Type="Number">0.16</Data></Cell>
    <Cell><Data ss:Type="Number">-9.98</Data></Cell>
    <Cell><Data ss:Type="Number">0.26</Data></Cell>
    <Cell><Data ss:Type="Number">-9.44</Data></Cell>
    <Cell><Data ss:Type="Number">-0.06</Data></Cell>
    <Cell><Data ss:Type="Number">-0.92</Data></Cell>
    <Cell><Data ss:Type="Number">22.8</Data></Cell>
    <Cell><Data ss:Type="Number">39.1</Data></Cell>
    <Cell><Data ss:Type="Number">0</Data></Cell>
    <Cell><Data ss:Type="Number">0</Data></Cell>
    <Cell><Data ss:Type="String">2023-12-07 16:16:46.758164</Data></Cell>
   </Row>
   <Row>
    <Cell><Data ss:Type="String">3167</Data></Cell>
    <Cell><Data ss:Type="Number">0.45</Data></Cell>
    <Cell><Data ss:Type="Number">-10.08</Data></Cell>
    <Cell><Data ss:Type="Number">-0.28000000000000003</Data></Cell>
    <Cell><Data ss:Type="Number">-9.44</Data></Cell>
    <Cell><Data ss:Type="Number">-0.08</Data></Cell>
    <Cell><Data ss:Type="Number">-0.9</Data></Cell>
    <Cell><Data ss:Type="Number">22.8</Data></Cell>
    <Cell><Data ss:Type="Number">39.1</Data></Cell>
    <Cell><Data ss:Type="Number">0</Data></Cell>
    <Cell><Data ss:Type="Number">0</Data></Cell>
    <Cell><Data ss:Type="String">2023-12-07 16:16:46.756374</Data></Cell>
   </Row>
   <Row>
    <Cell><Data ss:Type="String">3166</Data></Cell>
    <Cell><Data ss:Type="Number">0.71</Data></Cell>
    <Cell><Data ss:Type="Number">-9.86</Data></Cell>
    <Cell><Data ss:Type="Number">0.19</Data></Cell>
    <Cell><Data ss:Type="Number">-9.6</Data></Cell>
    <Cell><Data ss:Type="Number">-0.08</Data></Cell>
    <Cell><Data ss:Type="Number">-0.97</Data></Cell>
    <Cell><Data ss:Type="Number">22.8</Data></Cell>
    <Cell><Data ss:Type="Number">39.1</Data></Cell>
    <Cell><Data ss:Type="Number">0</Data></Cell>
    <Cell><Data ss:Type="Number">0</Data></Cell>
    <Cell><Data ss:Type="String">2023-12-07 16:16:46.517579</Data></Cell>
   </Row>
   <Row>
    <Cell><Data ss:Type="String">3165</Data></Cell>
    <Cell><Data ss:Type="Number">0.04</Data></Cell>
    <Cell><Data ss:Type="Number">-10.050000000000001</Data></Cell>
    <Cell><Data ss:Type="Number">0.01</Data></Cell>
    <Cell><Data ss:Type="Number">-9.5399999999999991</Data></Cell>
    <Cell><Data ss:Type="Number">-0.05</Data></Cell>
    <Cell><Data ss:Type="Number">-0.85</Data></Cell>
    <Cell><Data ss:Type="Number">22.8</Data></Cell>
    <Cell><Data ss:Type="Number">39.1</Data></Cell>
    <Cell><Data ss:Type="Number">0</Data></Cell>
    <Cell><Data ss:Type="Number">0</Data></Cell>
    <Cell><Data ss:Type="String">2023-12-07 16:16:46.514297</Data></Cell>
   </Row>
   <Row>
    <Cell><Data ss:Type="String">3164</Data></Cell>
    <Cell><Data ss:Type="Number">0.46</Data></Cell>
    <Cell><Data ss:Type="Number">-10.59</Data></Cell>
    <Cell><Data ss:Type="Number">0.16</Data></Cell>
    <Cell><Data ss:Type="Number">-9.4</Data></Cell>
    <Cell><Data ss:Type="Number">-0.11</Data></Cell>
    <Cell><Data ss:Type="Number">-0.99</Data></Cell>
    <Cell><Data ss:Type="Number">22.8</Data></Cell>
    <Cell><Data ss:Type="Number">39.1</Data></Cell>
    <Cell><Data ss:Type="Number">0</Data></Cell>
    <Cell><Data ss:Type="Number">0</Data></Cell>
    <Cell><Data ss:Type="String">2023-12-07 16:16:46.467436</Data></Cell>
   </Row>
   <Row>
    <Cell><Data ss:Type="String">3163</Data></Cell>
    <Cell><Data ss:Type="Number">0.14000000000000001</Data></Cell>
    <Cell><Data ss:Type="Number">-10.130000000000001</Data></Cell>
    <Cell><Data ss:Type="Number">0.18</Data></Cell>
    <Cell><Data ss:Type="Number">-9.36</Data></Cell>
    <Cell><Data ss:Type="Number">-0.06</Data></Cell>
    <Cell><Data ss:Type="Number">-0.92</Data></Cell>
    <Cell><Data ss:Type="Number">22.8</Data></Cell>
    <Cell><Data ss:Type="Number">39.1</Data></Cell>
    <Cell><Data ss:Type="Number">0</Data></Cell>
    <Cell><Data ss:Type="Number">0</Data></Cell>
    <Cell><Data ss:Type="String">2023-12-07 16:16:46.424143</Data></Cell>
   </Row>
   <Row>
    <Cell><Data ss:Type="String">3162</Data></Cell>
    <Cell><Data ss:Type="Number">0.1</Data></Cell>
    <Cell><Data ss:Type="Number">-10.42</Data></Cell>
    <Cell><Data ss:Type="Number">-0.17</Data></Cell>
    <Cell><Data ss:Type="Number">-9.56</Data></Cell>
    <Cell><Data ss:Type="Number">-0.01</Data></Cell>
    <Cell><Data ss:Type="Number">-0.92</Data></Cell>
    <Cell><Data ss:Type="Number">22.8</Data></Cell>
    <Cell><Data ss:Type="Number">39.1</Data></Cell>
    <Cell><Data ss:Type="Number">0</Data></Cell>
    <Cell><Data ss:Type="Number">0</Data></Cell>
    <Cell><Data ss:Type="String">2023-12-07 16:16:46.422642</Data></Cell>
   </Row>
   <Row>
    <Cell><Data ss:Type="String">3161</Data></Cell>
    <Cell><Data ss:Type="Number">0.25</Data></Cell>
    <Cell><Data ss:Type="Number">-9.9600000000000009</Data></Cell>
    <Cell><Data ss:Type="Number">-0.01</Data></Cell>
    <Cell><Data ss:Type="Number">-9.34</Data></Cell>
    <Cell><Data ss:Type="Number">-0.03</Data></Cell>
    <Cell><Data ss:Type="Number">-0.98</Data></Cell>
    <Cell><Data ss:Type="Number">22.8</Data></Cell>
    <Cell><Data ss:Type="Number">39.1</Data></Cell>
    <Cell><Data ss:Type="Number">0</Data></Cell>
    <Cell><Data ss:Type="Number">0</Data></Cell>
    <Cell><Data ss:Type="String">2023-12-07 16:16:46.374974</Data></Cell>
   </Row>
   <Row>
    <Cell><Data ss:Type="String">3160</Data></Cell>
    <Cell><Data ss:Type="Number">0.63</Data></Cell>
    <Cell><Data ss:Type="Number">-9.18</Data></Cell>
    <Cell><Data ss:Type="Number">7.0000000000000007E-2</Data></Cell>
    <Cell><Data ss:Type="Number">-9.42</Data></Cell>
    <Cell><Data ss:Type="Number">-0.05</Data></Cell>
    <Cell><Data ss:Type="Number">-0.83</Data></Cell>
    <Cell><Data ss:Type="Number">22.8</Data></Cell>
    <Cell><Data ss:Type="Number">39.1</Data></Cell>
    <Cell><Data ss:Type="Number">0</Data></Cell>
    <Cell><Data ss:Type="Number">0</Data></Cell>
    <Cell><Data ss:Type="String">2023-12-07 16:16:46.329145</Data></Cell>
   </Row>
   <Row>
    <Cell><Data ss:Type="String">3159</Data></Cell>
    <Cell><Data ss:Type="Number">0.48</Data></Cell>
    <Cell><Data ss:Type="Number">-10.039999999999999</Data></Cell>
    <Cell><Data ss:Type="Number">0.14000000000000001</Data></Cell>
    <Cell><Data ss:Type="Number">-9.57</Data></Cell>
    <Cell><Data ss:Type="Number">-0.19</Data></Cell>
    <Cell><Data ss:Type="Number">-0.96</Data></Cell>
    <Cell><Data ss:Type="Number">22.8</Data></Cell>
    <Cell><Data ss:Type="Number">39.1</Data></Cell>
    <Cell><Data ss:Type="Number">0</Data></Cell>
    <Cell><Data ss:Type="Number">0</Data></Cell>
    <Cell><Data ss:Type="String">2023-12-07 16:16:46.284681</Data></Cell>
   </Row>
   <Row>
    <Cell><Data ss:Type="String">3158</Data></Cell>
    <Cell><Data ss:Type="Number">0.69</Data></Cell>
    <Cell><Data ss:Type="Number">-11.24</Data></Cell>
    <Cell><Data ss:Type="Number">-0.06</Data></Cell>
    <Cell><Data ss:Type="Number">-9.2200000000000006</Data></Cell>
    <Cell><Data ss:Type="Number">0.03</Data></Cell>
    <Cell><Data ss:Type="Number">-0.85</Data></Cell>
    <Cell><Data ss:Type="Number">22.8</Data></Cell>
    <Cell><Data ss:Type="Number">39.1</Data></Cell>
    <Cell><Data ss:Type="Number">0</Data></Cell>
    <Cell><Data ss:Type="Number">0</Data></Cell>
    <Cell><Data ss:Type="String">2023-12-07 16:16:46.283150</Data></Cell>
   </Row>
   <Row>
    <Cell><Data ss:Type="String">3157</Data></Cell>
    <Cell><Data ss:Type="Number">0.14000000000000001</Data></Cell>
    <Cell><Data ss:Type="Number">-10.86</Data></Cell>
    <Cell><Data ss:Type="Number">0</Data></Cell>
    <Cell><Data ss:Type="Number">-9.5500000000000007</Data></Cell>
    <Cell><Data ss:Type="Number">0.02</Data></Cell>
    <Cell><Data ss:Type="Number">-0.95</Data></Cell>
    <Cell><Data ss:Type="Number">22.8</Data></Cell>
    <Cell><Data ss:Type="Number">39.1</Data></Cell>
    <Cell><Data ss:Type="Number">0</Data></Cell>
    <Cell><Data ss:Type="Number">0</Data></Cell>
    <Cell><Data ss:Type="String">2023-12-07 16:16:46.238029</Data></Cell>
   </Row>
   <Row>
    <Cell><Data ss:Type="String">3156</Data></Cell>
    <Cell><Data ss:Type="Number">0.92</Data></Cell>
    <Cell><Data ss:Type="Number">-9.82</Data></Cell>
    <Cell><Data ss:Type="Number">0.38</Data></Cell>
    <Cell><Data ss:Type="Number">-9.5399999999999991</Data></Cell>
    <Cell><Data ss:Type="Number">-0.22</Data></Cell>
    <Cell><Data ss:Type="Number">-0.91</Data></Cell>
    <Cell><Data ss:Type="Number">22.8</Data></Cell>
    <Cell><Data ss:Type="Number">39.1</Data></Cell>
    <Cell><Data ss:Type="Number">0</Data></Cell>
    <Cell><Data ss:Type="Number">0</Data></Cell>
    <Cell><Data ss:Type="String">2023-12-07 16:16:46.191534</Data></Cell>
   </Row>
   <Row>
    <Cell><Data ss:Type="String">3155</Data></Cell>
    <Cell><Data ss:Type="Number">0.21</Data></Cell>
    <Cell><Data ss:Type="Number">-10.3</Data></Cell>
    <Cell><Data ss:Type="Number">-0.18</Data></Cell>
    <Cell><Data ss:Type="Number">-9.49</Data></Cell>
    <Cell><Data ss:Type="Number">0.03</Data></Cell>
    <Cell><Data ss:Type="Number">-0.92</Data></Cell>
    <Cell><Data ss:Type="Number">22.8</Data></Cell>
    <Cell><Data ss:Type="Number">39.1</Data></Cell>
    <Cell><Data ss:Type="Number">0</Data></Cell>
    <Cell><Data ss:Type="Number">0</Data></Cell>
    <Cell><Data ss:Type="String">2023-12-07 16:16:46.137721</Data></Cell>
   </Row>
   <Row>
    <Cell><Data ss:Type="String">3154</Data></Cell>
    <Cell><Data ss:Type="Number">1.18</Data></Cell>
    <Cell><Data ss:Type="Number">-10.29</Data></Cell>
    <Cell><Data ss:Type="Number">0.92</Data></Cell>
    <Cell><Data ss:Type="Number">-9.6</Data></Cell>
    <Cell><Data ss:Type="Number">-0.67</Data></Cell>
    <Cell><Data ss:Type="Number">-0.83</Data></Cell>
    <Cell><Data ss:Type="Number">22.8</Data></Cell>
    <Cell><Data ss:Type="Number">39.1</Data></Cell>
    <Cell><Data ss:Type="Number">0</Data></Cell>
    <Cell><Data ss:Type="Number">0</Data></Cell>
    <Cell><Data ss:Type="String">2023-12-07 16:16:46.131911</Data></Cell>
   </Row>
   <Row>
    <Cell><Data ss:Type="String">3153</Data></Cell>
    <Cell><Data ss:Type="Number">-1.36</Data></Cell>
    <Cell><Data ss:Type="Number">-9.93</Data></Cell>
    <Cell><Data ss:Type="Number">-0.46</Data></Cell>
    <Cell><Data ss:Type="Number">-9.6</Data></Cell>
    <Cell><Data ss:Type="Number">0.25</Data></Cell>
    <Cell><Data ss:Type="Number">-0.97</Data></Cell>
    <Cell><Data ss:Type="Number">22.8</Data></Cell>
    <Cell><Data ss:Type="Number">39.1</Data></Cell>
    <Cell><Data ss:Type="Number">0</Data></Cell>
    <Cell><Data ss:Type="Number">0</Data></Cell>
    <Cell><Data ss:Type="String">2023-12-07 16:16:46.130576</Data></Cell>
   </Row>
   <Row>
    <Cell><Data ss:Type="String">3152</Data></Cell>
    <Cell><Data ss:Type="Number">-1.05</Data></Cell>
    <Cell><Data ss:Type="Number">-10.97</Data></Cell>
    <Cell><Data ss:Type="Number">-0.73</Data></Cell>
    <Cell><Data ss:Type="Number">-9.6300000000000008</Data></Cell>
    <Cell><Data ss:Type="Number">1.1299999999999999</Data></Cell>
    <Cell><Data ss:Type="Number">-0.95</Data></Cell>
    <Cell><Data ss:Type="Number">22.8</Data></Cell>
    <Cell><Data ss:Type="Number">39.1</Data></Cell>
    <Cell><Data ss:Type="Number">0</Data></Cell>
    <Cell><Data ss:Type="Number">0</Data></Cell>
    <Cell><Data ss:Type="String">2023-12-07 16:16:46.129169</Data></Cell>
   </Row>
   <Row>
    <Cell><Data ss:Type="String">3151</Data></Cell>
    <Cell><Data ss:Type="Number">2.92</Data></Cell>
    <Cell><Data ss:Type="Number">-10.51</Data></Cell>
    <Cell><Data ss:Type="Number">1.69</Data></Cell>
    <Cell><Data ss:Type="Number">-9.6</Data></Cell>
    <Cell><Data ss:Type="Number">-1.75</Data></Cell>
    <Cell><Data ss:Type="Number">-1.0900000000000001</Data></Cell>
    <Cell><Data ss:Type="Number">22.8</Data></Cell>
    <Cell><Data ss:Type="Number">39.1</Data></Cell>
    <Cell><Data ss:Type="Number">0</Data></Cell>
    <Cell><Data ss:Type="Number">0</Data></Cell>
    <Cell><Data ss:Type="String">2023-12-07 16:16:46.127700</Data></Cell>
   </Row>
   <Row>
    <Cell><Data ss:Type="String">3150</Data></Cell>
    <Cell><Data ss:Type="Number">0.4</Data></Cell>
    <Cell><Data ss:Type="Number">-9.91</Data></Cell>
    <Cell><Data ss:Type="Number">0.24</Data></Cell>
    <Cell><Data ss:Type="Number">-9.4499999999999993</Data></Cell>
    <Cell><Data ss:Type="Number">-0.08</Data></Cell>
    <Cell><Data ss:Type="Number">-0.93</Data></Cell>
    <Cell><Data ss:Type="Number">22.8</Data></Cell>
    <Cell><Data ss:Type="Number">39.1</Data></Cell>
    <Cell><Data ss:Type="Number">0</Data></Cell>
    <Cell><Data ss:Type="Number">0</Data></Cell>
    <Cell><Data ss:Type="String">2023-12-07 16:16:46.126339</Data></Cell>
   </Row>
   <Row>
    <Cell><Data ss:Type="String">3149</Data></Cell>
    <Cell><Data ss:Type="Number">0.32</Data></Cell>
    <Cell><Data ss:Type="Number">-10.08</Data></Cell>
    <Cell><Data ss:Type="Number">0.09</Data></Cell>
    <Cell><Data ss:Type="Number">-9.51</Data></Cell>
    <Cell><Data ss:Type="Number">-0.08</Data></Cell>
    <Cell><Data ss:Type="Number">-0.94</Data></Cell>
    <Cell><Data ss:Type="Number">22.8</Data></Cell>
    <Cell><Data ss:Type="Number">39.1</Data></Cell>
    <Cell><Data ss:Type="Number">0</Data></Cell>
    <Cell><Data ss:Type="Number">0</Data></Cell>
    <Cell><Data ss:Type="String">2023-12-07 16:16:46.124704</Data></Cell>
   </Row>
   <Row>
    <Cell><Data ss:Type="String">3148</Data></Cell>
    <Cell><Data ss:Type="Number">0.27</Data></Cell>
    <Cell><Data ss:Type="Number">-10.16</Data></Cell>
    <Cell><Data ss:Type="Number">0.18</Data></Cell>
    <Cell><Data ss:Type="Number">-9.51</Data></Cell>
    <Cell><Data ss:Type="Number">-0.06</Data></Cell>
    <Cell><Data ss:Type="Number">-0.91</Data></Cell>
    <Cell><Data ss:Type="Number">22.8</Data></Cell>
    <Cell><Data ss:Type="Number">39.1</Data></Cell>
    <Cell><Data ss:Type="Number">0</Data></Cell>
    <Cell><Data ss:Type="Number">0</Data></Cell>
    <Cell><Data ss:Type="String">2023-12-07 16:16:46.122846</Data></Cell>
   </Row>
   <Row>
    <Cell><Data ss:Type="String">3147</Data></Cell>
    <Cell><Data ss:Type="Number">0.27</Data></Cell>
    <Cell><Data ss:Type="Number">-10.050000000000001</Data></Cell>
    <Cell><Data ss:Type="Number">0.1</Data></Cell>
    <Cell><Data ss:Type="Number">-9.4499999999999993</Data></Cell>
    <Cell><Data ss:Type="Number">-0.06</Data></Cell>
    <Cell><Data ss:Type="Number">-0.93</Data></Cell>
    <Cell><Data ss:Type="Number">22.8</Data></Cell>
    <Cell><Data ss:Type="Number">39.1</Data></Cell>
    <Cell><Data ss:Type="Number">0</Data></Cell>
    <Cell><Data ss:Type="Number">0</Data></Cell>
    <Cell><Data ss:Type="String">2023-12-07 16:16:45.897226</Data></Cell>
   </Row>
   <Row>
    <Cell><Data ss:Type="String">3146</Data></Cell>
    <Cell><Data ss:Type="Number">0.27</Data></Cell>
    <Cell><Data ss:Type="Number">-9.99</Data></Cell>
    <Cell><Data ss:Type="Number">0.13</Data></Cell>
    <Cell><Data ss:Type="Number">-9.41</Data></Cell>
    <Cell><Data ss:Type="Number">-0.08</Data></Cell>
    <Cell><Data ss:Type="Number">-0.95</Data></Cell>
    <Cell><Data ss:Type="Number">22.8</Data></Cell>
    <Cell><Data ss:Type="Number">39.1</Data></Cell>
    <Cell><Data ss:Type="Number">0</Data></Cell>
    <Cell><Data ss:Type="Number">0</Data></Cell>
    <Cell><Data ss:Type="String">2023-12-07 16:16:45.895936</Data></Cell>
   </Row>
   <Row>
    <Cell><Data ss:Type="String">3145</Data></Cell>
    <Cell><Data ss:Type="Number">0.27</Data></Cell>
    <Cell><Data ss:Type="Number">-9.9499999999999993</Data></Cell>
    <Cell><Data ss:Type="Number">0.22</Data></Cell>
    <Cell><Data ss:Type="Number">-9.4600000000000009</Data></Cell>
    <Cell><Data ss:Type="Number">-0.06</Data></Cell>
    <Cell><Data ss:Type="Number">-0.92</Data></Cell>
    <Cell><Data ss:Type="Number">22.8</Data></Cell>
    <Cell><Data ss:Type="Number">39.1</Data></Cell>
    <Cell><Data ss:Type="Number">0</Data></Cell>
    <Cell><Data ss:Type="Number">0</Data></Cell>
    <Cell><Data ss:Type="String">2023-12-07 16:16:45.894682</Data></Cell>
   </Row>
   <Row>
    <Cell><Data ss:Type="String">3144</Data></Cell>
    <Cell><Data ss:Type="Number">0.32</Data></Cell>
    <Cell><Data ss:Type="Number">-10.130000000000001</Data></Cell>
    <Cell><Data ss:Type="Number">0.14000000000000001</Data></Cell>
    <Cell><Data ss:Type="Number">-9.51</Data></Cell>
    <Cell><Data ss:Type="Number">-0.08</Data></Cell>
    <Cell><Data ss:Type="Number">-0.94</Data></Cell>
    <Cell><Data ss:Type="Number">22.8</Data></Cell>
    <Cell><Data ss:Type="Number">39.1</Data></Cell>
    <Cell><Data ss:Type="Number">0</Data></Cell>
    <Cell><Data ss:Type="Number">0</Data></Cell>
    <Cell><Data ss:Type="String">2023-12-07 16:16:45.893222</Data></Cell>
   </Row>
   <Row>
    <Cell><Data ss:Type="String">3143</Data></Cell>
    <Cell><Data ss:Type="Number">0.28000000000000003</Data></Cell>
    <Cell><Data ss:Type="Number">-10.24</Data></Cell>
    <Cell><Data ss:Type="Number">0.23</Data></Cell>
    <Cell><Data ss:Type="Number">-9.56</Data></Cell>
    <Cell><Data ss:Type="Number">-7.0000000000000007E-2</Data></Cell>
    <Cell><Data ss:Type="Number">-0.89</Data></Cell>
    <Cell><Data ss:Type="Number">22.8</Data></Cell>
    <Cell><Data ss:Type="Number">39.1</Data></Cell>
    <Cell><Data ss:Type="Number">0</Data></Cell>
    <Cell><Data ss:Type="Number">0</Data></Cell>
    <Cell><Data ss:Type="String">2023-12-07 16:16:45.891848</Data></Cell>
   </Row>
   <Row>
    <Cell><Data ss:Type="String">3142</Data></Cell>
    <Cell><Data ss:Type="Number">0.3</Data></Cell>
    <Cell><Data ss:Type="Number">-10.18</Data></Cell>
    <Cell><Data ss:Type="Number">0.16</Data></Cell>
    <Cell><Data ss:Type="Number">-9.48</Data></Cell>
    <Cell><Data ss:Type="Number">-0.06</Data></Cell>
    <Cell><Data ss:Type="Number">-0.91</Data></Cell>
    <Cell><Data ss:Type="Number">22.8</Data></Cell>
    <Cell><Data ss:Type="Number">39.1</Data></Cell>
    <Cell><Data ss:Type="Number">0</Data></Cell>
    <Cell><Data ss:Type="Number">0</Data></Cell>
    <Cell><Data ss:Type="String">2023-12-07 16:16:45.890128</Data></Cell>
   </Row>
   <Row>
    <Cell><Data ss:Type="String">3141</Data></Cell>
    <Cell><Data ss:Type="Number">0.2</Data></Cell>
    <Cell><Data ss:Type="Number">-9.9499999999999993</Data></Cell>
    <Cell><Data ss:Type="Number">0.12</Data></Cell>
    <Cell><Data ss:Type="Number">-9.43</Data></Cell>
    <Cell><Data ss:Type="Number">-0.05</Data></Cell>
    <Cell><Data ss:Type="Number">-0.93</Data></Cell>
    <Cell><Data ss:Type="Number">22.8</Data></Cell>
    <Cell><Data ss:Type="Number">39.1</Data></Cell>
    <Cell><Data ss:Type="Number">0</Data></Cell>
    <Cell><Data ss:Type="Number">0</Data></Cell>
    <Cell><Data ss:Type="String">2023-12-07 16:16:45.888115</Data></Cell>
   </Row>
   <Row>
    <Cell><Data ss:Type="String">3140</Data></Cell>
    <Cell><Data ss:Type="Number">0.3</Data></Cell>
    <Cell><Data ss:Type="Number">-10.02</Data></Cell>
    <Cell><Data ss:Type="Number">0</Data></Cell>
    <Cell><Data ss:Type="Number">-9.51</Data></Cell>
    <Cell><Data ss:Type="Number">-0.1</Data></Cell>
    <Cell><Data ss:Type="Number">-0.94</Data></Cell>
    <Cell><Data ss:Type="Number">22.8</Data></Cell>
    <Cell><Data ss:Type="Number">39.1</Data></Cell>
    <Cell><Data ss:Type="Number">0</Data></Cell>
    <Cell><Data ss:Type="Number">0</Data></Cell>
    <Cell><Data ss:Type="String">2023-12-07 16:16:45.655751</Data></Cell>
   </Row>
   <Row>
    <Cell><Data ss:Type="String">3139</Data></Cell>
    <Cell><Data ss:Type="Number">0.28999999999999998</Data></Cell>
    <Cell><Data ss:Type="Number">-10.17</Data></Cell>
    <Cell><Data ss:Type="Number">0.15</Data></Cell>
    <Cell><Data ss:Type="Number">-9.5299999999999994</Data></Cell>
    <Cell><Data ss:Type="Number">-0.09</Data></Cell>
    <Cell><Data ss:Type="Number">-0.92</Data></Cell>
    <Cell><Data ss:Type="Number">22.8</Data></Cell>
    <Cell><Data ss:Type="Number">39.1</Data></Cell>
    <Cell><Data ss:Type="Number">0</Data></Cell>
    <Cell><Data ss:Type="Number">0</Data></Cell>
    <Cell><Data ss:Type="String">2023-12-07 16:16:45.617793</Data></Cell>
   </Row>
   <Row>
    <Cell><Data ss:Type="String">3138</Data></Cell>
    <Cell><Data ss:Type="Number">0.3</Data></Cell>
    <Cell><Data ss:Type="Number">-10.220000000000001</Data></Cell>
    <Cell><Data ss:Type="Number">0.18</Data></Cell>
    <Cell><Data ss:Type="Number">-9.5399999999999991</Data></Cell>
    <Cell><Data ss:Type="Number">-0.06</Data></Cell>
    <Cell><Data ss:Type="Number">-0.88</Data></Cell>
    <Cell><Data ss:Type="Number">22.8</Data></Cell>
    <Cell><Data ss:Type="Number">39.1</Data></Cell>
    <Cell><Data ss:Type="Number">0</Data></Cell>
    <Cell><Data ss:Type="Number">0</Data></Cell>
    <Cell><Data ss:Type="String">2023-12-07 16:16:45.615756</Data></Cell>
   </Row>
   <Row>
    <Cell><Data ss:Type="String">3137</Data></Cell>
    <Cell><Data ss:Type="Number">0.24</Data></Cell>
    <Cell><Data ss:Type="Number">-10.14</Data></Cell>
    <Cell><Data ss:Type="Number">0.14000000000000001</Data></Cell>
    <Cell><Data ss:Type="Number">-9.48</Data></Cell>
    <Cell><Data ss:Type="Number">-7.0000000000000007E-2</Data></Cell>
    <Cell><Data ss:Type="Number">-0.9</Data></Cell>
    <Cell><Data ss:Type="Number">22.8</Data></Cell>
    <Cell><Data ss:Type="Number">39.1</Data></Cell>
    <Cell><Data ss:Type="Number">0</Data></Cell>
    <Cell><Data ss:Type="Number">0</Data></Cell>
    <Cell><Data ss:Type="String">2023-12-07 16:16:45.613955</Data></Cell>
   </Row>
   <Row>
    <Cell><Data ss:Type="String">3136</Data></Cell>
    <Cell><Data ss:Type="Number">0.28999999999999998</Data></Cell>
    <Cell><Data ss:Type="Number">-10.039999999999999</Data></Cell>
    <Cell><Data ss:Type="Number">0.19</Data></Cell>
    <Cell><Data ss:Type="Number">-9.43</Data></Cell>
    <Cell><Data ss:Type="Number">-0.06</Data></Cell>
    <Cell><Data ss:Type="Number">-0.94</Data></Cell>
    <Cell><Data ss:Type="Number">22.8</Data></Cell>
    <Cell><Data ss:Type="Number">39.1</Data></Cell>
    <Cell><Data ss:Type="Number">0</Data></Cell>
    <Cell><Data ss:Type="Number">0</Data></Cell>
    <Cell><Data ss:Type="String">2023-12-07 16:16:45.612106</Data></Cell>
   </Row>
   <Row>
    <Cell><Data ss:Type="String">3135</Data></Cell>
    <Cell><Data ss:Type="Number">0.32</Data></Cell>
    <Cell><Data ss:Type="Number">-9.93</Data></Cell>
    <Cell><Data ss:Type="Number">-0.04</Data></Cell>
    <Cell><Data ss:Type="Number">-9.42</Data></Cell>
    <Cell><Data ss:Type="Number">-7.0000000000000007E-2</Data></Cell>
    <Cell><Data ss:Type="Number">-0.92</Data></Cell>
    <Cell><Data ss:Type="Number">22.8</Data></Cell>
    <Cell><Data ss:Type="Number">39.1</Data></Cell>
    <Cell><Data ss:Type="Number">0</Data></Cell>
    <Cell><Data ss:Type="Number">0</Data></Cell>
    <Cell><Data ss:Type="String">2023-12-07 16:16:45.610475</Data></Cell>
   </Row>
   <Row>
    <Cell><Data ss:Type="String">3134</Data></Cell>
    <Cell><Data ss:Type="Number">0.38</Data></Cell>
    <Cell><Data ss:Type="Number">-10.119999999999999</Data></Cell>
    <Cell><Data ss:Type="Number">0.15</Data></Cell>
    <Cell><Data ss:Type="Number">-9.48</Data></Cell>
    <Cell><Data ss:Type="Number">-0.09</Data></Cell>
    <Cell><Data ss:Type="Number">-0.92</Data></Cell>
    <Cell><Data ss:Type="Number">22.8</Data></Cell>
    <Cell><Data ss:Type="Number">39.1</Data></Cell>
    <Cell><Data ss:Type="Number">0</Data></Cell>
    <Cell><Data ss:Type="Number">0</Data></Cell>
    <Cell><Data ss:Type="String">2023-12-07 16:16:45.608330</Data></Cell>
   </Row>
   <Row>
    <Cell><Data ss:Type="String">3133</Data></Cell>
    <Cell><Data ss:Type="Number">0.28999999999999998</Data></Cell>
    <Cell><Data ss:Type="Number">-10.15</Data></Cell>
    <Cell><Data ss:Type="Number">0</Data></Cell>
    <Cell><Data ss:Type="Number">-9.51</Data></Cell>
    <Cell><Data ss:Type="Number">-0.06</Data></Cell>
    <Cell><Data ss:Type="Number">-0.89</Data></Cell>
    <Cell><Data ss:Type="Number">22.8</Data></Cell>
    <Cell><Data ss:Type="Number">39.1</Data></Cell>
    <Cell><Data ss:Type="Number">0</Data></Cell>
    <Cell><Data ss:Type="Number">0</Data></Cell>
    <Cell><Data ss:Type="String">2023-12-07 16:16:45.605229</Data></Cell>
   </Row>
   <Row>
    <Cell><Data ss:Type="String">3132</Data></Cell>
    <Cell><Data ss:Type="Number">0.25</Data></Cell>
    <Cell><Data ss:Type="Number">-10.1</Data></Cell>
    <Cell><Data ss:Type="Number">0.11</Data></Cell>
    <Cell><Data ss:Type="Number">-9.4499999999999993</Data></Cell>
    <Cell><Data ss:Type="Number">-7.0000000000000007E-2</Data></Cell>
    <Cell><Data ss:Type="Number">-0.93</Data></Cell>
    <Cell><Data ss:Type="Number">22.8</Data></Cell>
    <Cell><Data ss:Type="Number">39.1</Data></Cell>
    <Cell><Data ss:Type="Number">0</Data></Cell>
    <Cell><Data ss:Type="Number">0</Data></Cell>
    <Cell><Data ss:Type="String">2023-12-07 16:16:45.391721</Data></Cell>
   </Row>
   <Row>
    <Cell><Data ss:Type="String">3131</Data></Cell>
    <Cell><Data ss:Type="Number">0.24</Data></Cell>
    <Cell><Data ss:Type="Number">-10.01</Data></Cell>
    <Cell><Data ss:Type="Number">0.09</Data></Cell>
    <Cell><Data ss:Type="Number">-9.43</Data></Cell>
    <Cell><Data ss:Type="Number">-0.04</Data></Cell>
    <Cell><Data ss:Type="Number">-0.93</Data></Cell>
    <Cell><Data ss:Type="Number">22.8</Data></Cell>
    <Cell><Data ss:Type="Number">39.1</Data></Cell>
    <Cell><Data ss:Type="Number">0</Data></Cell>
    <Cell><Data ss:Type="Number">0</Data></Cell>
    <Cell><Data ss:Type="String">2023-12-07 16:16:45.349417</Data></Cell>
   </Row>
   <Row>
    <Cell><Data ss:Type="String">3130</Data></Cell>
    <Cell><Data ss:Type="Number">0.28999999999999998</Data></Cell>
    <Cell><Data ss:Type="Number">-10.09</Data></Cell>
    <Cell><Data ss:Type="Number">0.1</Data></Cell>
    <Cell><Data ss:Type="Number">-9.5</Data></Cell>
    <Cell><Data ss:Type="Number">-7.0000000000000007E-2</Data></Cell>
    <Cell><Data ss:Type="Number">-0.92</Data></Cell>
    <Cell><Data ss:Type="Number">22.8</Data></Cell>
    <Cell><Data ss:Type="Number">39.1</Data></Cell>
    <Cell><Data ss:Type="Number">0</Data></Cell>
    <Cell><Data ss:Type="Number">0</Data></Cell>
    <Cell><Data ss:Type="String">2023-12-07 16:16:45.347666</Data></Cell>
   </Row>
   <Row>
    <Cell><Data ss:Type="String">3129</Data></Cell>
    <Cell><Data ss:Type="Number">0.28000000000000003</Data></Cell>
    <Cell><Data ss:Type="Number">-10.15</Data></Cell>
    <Cell><Data ss:Type="Number">0.15</Data></Cell>
    <Cell><Data ss:Type="Number">-9.56</Data></Cell>
    <Cell><Data ss:Type="Number">-0.06</Data></Cell>
    <Cell><Data ss:Type="Number">-0.89</Data></Cell>
    <Cell><Data ss:Type="Number">22.8</Data></Cell>
    <Cell><Data ss:Type="Number">39.1</Data></Cell>
    <Cell><Data ss:Type="Number">0</Data></Cell>
    <Cell><Data ss:Type="Number">0</Data></Cell>
    <Cell><Data ss:Type="String">2023-12-07 16:16:45.302809</Data></Cell>
   </Row>
   <Row>
    <Cell><Data ss:Type="String">3128</Data></Cell>
    <Cell><Data ss:Type="Number">0.28999999999999998</Data></Cell>
    <Cell><Data ss:Type="Number">-10.25</Data></Cell>
    <Cell><Data ss:Type="Number">0.18</Data></Cell>
    <Cell><Data ss:Type="Number">-9.5500000000000007</Data></Cell>
    <Cell><Data ss:Type="Number">-7.0000000000000007E-2</Data></Cell>
    <Cell><Data ss:Type="Number">-0.88</Data></Cell>
    <Cell><Data ss:Type="Number">22.8</Data></Cell>
    <Cell><Data ss:Type="Number">39.1</Data></Cell>
    <Cell><Data ss:Type="Number">0</Data></Cell>
    <Cell><Data ss:Type="Number">0</Data></Cell>
    <Cell><Data ss:Type="String">2023-12-07 16:16:45.300858</Data></Cell>
   </Row>
   <Row>
    <Cell><Data ss:Type="String">3127</Data></Cell>
    <Cell><Data ss:Type="Number">0.24</Data></Cell>
    <Cell><Data ss:Type="Number">-10.18</Data></Cell>
    <Cell><Data ss:Type="Number">0.18</Data></Cell>
    <Cell><Data ss:Type="Number">-9.4600000000000009</Data></Cell>
    <Cell><Data ss:Type="Number">-0.06</Data></Cell>
    <Cell><Data ss:Type="Number">-0.9</Data></Cell>
    <Cell><Data ss:Type="Number">22.8</Data></Cell>
    <Cell><Data ss:Type="Number">39.1</Data></Cell>
    <Cell><Data ss:Type="Number">0</Data></Cell>
    <Cell><Data ss:Type="Number">0</Data></Cell>
    <Cell><Data ss:Type="String">2023-12-07 16:16:45.299325</Data></Cell>
   </Row>
   <Row>
    <Cell><Data ss:Type="String">3126</Data></Cell>
    <Cell><Data ss:Type="Number">0.31</Data></Cell>
    <Cell><Data ss:Type="Number">-9.98</Data></Cell>
    <Cell><Data ss:Type="Number">-0.11</Data></Cell>
    <Cell><Data ss:Type="Number">-9.42</Data></Cell>
    <Cell><Data ss:Type="Number">-0.09</Data></Cell>
    <Cell><Data ss:Type="Number">-0.93</Data></Cell>
    <Cell><Data ss:Type="Number">22.8</Data></Cell>
    <Cell><Data ss:Type="Number">39.1</Data></Cell>
    <Cell><Data ss:Type="Number">0</Data></Cell>
    <Cell><Data ss:Type="Number">0</Data></Cell>
    <Cell><Data ss:Type="String">2023-12-07 16:16:45.297458</Data></Cell>
   </Row>
   <Row>
    <Cell><Data ss:Type="String">3125</Data></Cell>
    <Cell><Data ss:Type="Number">0.25</Data></Cell>
    <Cell><Data ss:Type="Number">-10.130000000000001</Data></Cell>
    <Cell><Data ss:Type="Number">0.15</Data></Cell>
    <Cell><Data ss:Type="Number">-9.52</Data></Cell>
    <Cell><Data ss:Type="Number">-7.0000000000000007E-2</Data></Cell>
    <Cell><Data ss:Type="Number">-0.92</Data></Cell>
    <Cell><Data ss:Type="Number">22.8</Data></Cell>
    <Cell><Data ss:Type="Number">39.1</Data></Cell>
    <Cell><Data ss:Type="Number">0</Data></Cell>
    <Cell><Data ss:Type="Number">0</Data></Cell>
    <Cell><Data ss:Type="String">2023-12-07 16:16:45.150124</Data></Cell>
   </Row>
   <Row>
    <Cell><Data ss:Type="String">3124</Data></Cell>
    <Cell><Data ss:Type="Number">0.32</Data></Cell>
    <Cell><Data ss:Type="Number">-10.14</Data></Cell>
    <Cell><Data ss:Type="Number">0.19</Data></Cell>
    <Cell><Data ss:Type="Number">-9.52</Data></Cell>
    <Cell><Data ss:Type="Number">-7.0000000000000007E-2</Data></Cell>
    <Cell><Data ss:Type="Number">-0.91</Data></Cell>
    <Cell><Data ss:Type="Number">22.8</Data></Cell>
    <Cell><Data ss:Type="Number">39.1</Data></Cell>
    <Cell><Data ss:Type="Number">0</Data></Cell>
    <Cell><Data ss:Type="Number">0</Data></Cell>
    <Cell><Data ss:Type="String">2023-12-07 16:16:45.105299</Data></Cell>
   </Row>
   <Row>
    <Cell><Data ss:Type="String">3123</Data></Cell>
    <Cell><Data ss:Type="Number">0.31</Data></Cell>
    <Cell><Data ss:Type="Number">-10.220000000000001</Data></Cell>
    <Cell><Data ss:Type="Number">0.25</Data></Cell>
    <Cell><Data ss:Type="Number">-9.5</Data></Cell>
    <Cell><Data ss:Type="Number">-0.08</Data></Cell>
    <Cell><Data ss:Type="Number">-0.89</Data></Cell>
    <Cell><Data ss:Type="Number">22.8</Data></Cell>
    <Cell><Data ss:Type="Number">39.1</Data></Cell>
    <Cell><Data ss:Type="Number">0</Data></Cell>
    <Cell><Data ss:Type="Number">0</Data></Cell>
    <Cell><Data ss:Type="String">2023-12-07 16:16:45.103280</Data></Cell>
   </Row>
   <Row>
    <Cell><Data ss:Type="String">3122</Data></Cell>
    <Cell><Data ss:Type="Number">0.3</Data></Cell>
    <Cell><Data ss:Type="Number">-9.9600000000000009</Data></Cell>
    <Cell><Data ss:Type="Number">7.0000000000000007E-2</Data></Cell>
    <Cell><Data ss:Type="Number">-9.4499999999999993</Data></Cell>
    <Cell><Data ss:Type="Number">-0.06</Data></Cell>
    <Cell><Data ss:Type="Number">-0.91</Data></Cell>
    <Cell><Data ss:Type="Number">22.8</Data></Cell>
    <Cell><Data ss:Type="Number">39.1</Data></Cell>
    <Cell><Data ss:Type="Number">0</Data></Cell>
    <Cell><Data ss:Type="Number">0</Data></Cell>
    <Cell><Data ss:Type="String">2023-12-07 16:16:45.056775</Data></Cell>
   </Row>
   <Row>
    <Cell><Data ss:Type="String">3121</Data></Cell>
    <Cell><Data ss:Type="Number">0.25</Data></Cell>
    <Cell><Data ss:Type="Number">-9.93</Data></Cell>
    <Cell><Data ss:Type="Number">0.08</Data></Cell>
    <Cell><Data ss:Type="Number">-9.44</Data></Cell>
    <Cell><Data ss:Type="Number">-0.08</Data></Cell>
    <Cell><Data ss:Type="Number">-0.94</Data></Cell>
    <Cell><Data ss:Type="Number">22.8</Data></Cell>
    <Cell><Data ss:Type="Number">39.1</Data></Cell>
    <Cell><Data ss:Type="Number">0</Data></Cell>
    <Cell><Data ss:Type="Number">0</Data></Cell>
    <Cell><Data ss:Type="String">2023-12-07 16:16:45.013491</Data></Cell>
   </Row>
   <Row>
    <Cell><Data ss:Type="String">3120</Data></Cell>
    <Cell><Data ss:Type="Number">0.28999999999999998</Data></Cell>
    <Cell><Data ss:Type="Number">-10.039999999999999</Data></Cell>
    <Cell><Data ss:Type="Number">0.19</Data></Cell>
    <Cell><Data ss:Type="Number">-9.51</Data></Cell>
    <Cell><Data ss:Type="Number">-0.08</Data></Cell>
    <Cell><Data ss:Type="Number">-0.91</Data></Cell>
    <Cell><Data ss:Type="Number">22.8</Data></Cell>
    <Cell><Data ss:Type="Number">39.1</Data></Cell>
    <Cell><Data ss:Type="Number">0</Data></Cell>
    <Cell><Data ss:Type="Number">0</Data></Cell>
    <Cell><Data ss:Type="String">2023-12-07 16:16:45.011945</Data></Cell>
   </Row>
   <Row>
    <Cell><Data ss:Type="String">3119</Data></Cell>
    <Cell><Data ss:Type="Number">0.34</Data></Cell>
    <Cell><Data ss:Type="Number">-10.210000000000001</Data></Cell>
    <Cell><Data ss:Type="Number">0.2</Data></Cell>
    <Cell><Data ss:Type="Number">-9.5299999999999994</Data></Cell>
    <Cell><Data ss:Type="Number">-7.0000000000000007E-2</Data></Cell>
    <Cell><Data ss:Type="Number">-0.91</Data></Cell>
    <Cell><Data ss:Type="Number">22.8</Data></Cell>
    <Cell><Data ss:Type="Number">39.1</Data></Cell>
    <Cell><Data ss:Type="Number">0</Data></Cell>
    <Cell><Data ss:Type="Number">0</Data></Cell>
    <Cell><Data ss:Type="String">2023-12-07 16:16:44.964109</Data></Cell>
   </Row>
   <Row>
    <Cell><Data ss:Type="String">3118</Data></Cell>
    <Cell><Data ss:Type="Number">0.26</Data></Cell>
    <Cell><Data ss:Type="Number">-9.98</Data></Cell>
    <Cell><Data ss:Type="Number">0.14000000000000001</Data></Cell>
    <Cell><Data ss:Type="Number">-9.42</Data></Cell>
    <Cell><Data ss:Type="Number">-7.0000000000000007E-2</Data></Cell>
    <Cell><Data ss:Type="Number">-0.89</Data></Cell>
    <Cell><Data ss:Type="Number">22.8</Data></Cell>
    <Cell><Data ss:Type="Number">39.1</Data></Cell>
    <Cell><Data ss:Type="Number">0</Data></Cell>
    <Cell><Data ss:Type="Number">0</Data></Cell>
    <Cell><Data ss:Type="String">2023-12-07 16:16:44.918642</Data></Cell>
   </Row>
   <Row>
    <Cell><Data ss:Type="String">3117</Data></Cell>
    <Cell><Data ss:Type="Number">0.28000000000000003</Data></Cell>
    <Cell><Data ss:Type="Number">-10.210000000000001</Data></Cell>
    <Cell><Data ss:Type="Number">0.19</Data></Cell>
    <Cell><Data ss:Type="Number">-9.5299999999999994</Data></Cell>
    <Cell><Data ss:Type="Number">-0.1</Data></Cell>
    <Cell><Data ss:Type="Number">-0.91</Data></Cell>
    <Cell><Data ss:Type="Number">22.8</Data></Cell>
    <Cell><Data ss:Type="Number">39.1</Data></Cell>
    <Cell><Data ss:Type="Number">0</Data></Cell>
    <Cell><Data ss:Type="Number">0</Data></Cell>
    <Cell><Data ss:Type="String">2023-12-07 16:16:44.876993</Data></Cell>
   </Row>
   <Row>
    <Cell><Data ss:Type="String">3116</Data></Cell>
    <Cell><Data ss:Type="Number">0.26</Data></Cell>
    <Cell><Data ss:Type="Number">-10.02</Data></Cell>
    <Cell><Data ss:Type="Number">0.12</Data></Cell>
    <Cell><Data ss:Type="Number">-9.4499999999999993</Data></Cell>
    <Cell><Data ss:Type="Number">-0.06</Data></Cell>
    <Cell><Data ss:Type="Number">-0.95</Data></Cell>
    <Cell><Data ss:Type="Number">22.8</Data></Cell>
    <Cell><Data ss:Type="Number">39.1</Data></Cell>
    <Cell><Data ss:Type="Number">0</Data></Cell>
    <Cell><Data ss:Type="Number">0</Data></Cell>
    <Cell><Data ss:Type="String">2023-12-07 16:16:44.872676</Data></Cell>
   </Row>
   <Row>
    <Cell><Data ss:Type="String">3115</Data></Cell>
    <Cell><Data ss:Type="Number">0.28000000000000003</Data></Cell>
    <Cell><Data ss:Type="Number">-9.94</Data></Cell>
    <Cell><Data ss:Type="Number">0.13</Data></Cell>
    <Cell><Data ss:Type="Number">-9.42</Data></Cell>
    <Cell><Data ss:Type="Number">-7.0000000000000007E-2</Data></Cell>
    <Cell><Data ss:Type="Number">-0.91</Data></Cell>
    <Cell><Data ss:Type="Number">22.8</Data></Cell>
    <Cell><Data ss:Type="Number">39.1</Data></Cell>
    <Cell><Data ss:Type="Number">0</Data></Cell>
    <Cell><Data ss:Type="Number">0</Data></Cell>
    <Cell><Data ss:Type="String">2023-12-07 16:16:44.825944</Data></Cell>
   </Row>
   <Row>
    <Cell><Data ss:Type="String">3114</Data></Cell>
    <Cell><Data ss:Type="Number">0.28999999999999998</Data></Cell>
    <Cell><Data ss:Type="Number">-10.16</Data></Cell>
    <Cell><Data ss:Type="Number">0.08</Data></Cell>
    <Cell><Data ss:Type="Number">-9.5500000000000007</Data></Cell>
    <Cell><Data ss:Type="Number">-0.06</Data></Cell>
    <Cell><Data ss:Type="Number">-0.94</Data></Cell>
    <Cell><Data ss:Type="Number">22.8</Data></Cell>
    <Cell><Data ss:Type="Number">39.1</Data></Cell>
    <Cell><Data ss:Type="Number">0</Data></Cell>
    <Cell><Data ss:Type="Number">0</Data></Cell>
    <Cell><Data ss:Type="String">2023-12-07 16:16:44.784070</Data></Cell>
   </Row>
   <Row>
    <Cell><Data ss:Type="String">3113</Data></Cell>
    <Cell><Data ss:Type="Number">0.32</Data></Cell>
    <Cell><Data ss:Type="Number">-10.19</Data></Cell>
    <Cell><Data ss:Type="Number">0.15</Data></Cell>
    <Cell><Data ss:Type="Number">-9.51</Data></Cell>
    <Cell><Data ss:Type="Number">-0.1</Data></Cell>
    <Cell><Data ss:Type="Number">-0.9</Data></Cell>
    <Cell><Data ss:Type="Number">22.8</Data></Cell>
    <Cell><Data ss:Type="Number">39.1</Data></Cell>
    <Cell><Data ss:Type="Number">0</Data></Cell>
    <Cell><Data ss:Type="Number">0</Data></Cell>
    <Cell><Data ss:Type="String">2023-12-07 16:16:44.740607</Data></Cell>
   </Row>
   <Row>
    <Cell><Data ss:Type="String">3112</Data></Cell>
    <Cell><Data ss:Type="Number">0.25</Data></Cell>
    <Cell><Data ss:Type="Number">-10.220000000000001</Data></Cell>
    <Cell><Data ss:Type="Number">0.21</Data></Cell>
    <Cell><Data ss:Type="Number">-9.49</Data></Cell>
    <Cell><Data ss:Type="Number">-0.06</Data></Cell>
    <Cell><Data ss:Type="Number">-0.88</Data></Cell>
    <Cell><Data ss:Type="Number">22.8</Data></Cell>
    <Cell><Data ss:Type="Number">39.1</Data></Cell>
    <Cell><Data ss:Type="Number">0</Data></Cell>
    <Cell><Data ss:Type="Number">0</Data></Cell>
    <Cell><Data ss:Type="String">2023-12-07 16:16:44.738043</Data></Cell>
   </Row>
   <Row>
    <Cell><Data ss:Type="String">3111</Data></Cell>
    <Cell><Data ss:Type="Number">0.28999999999999998</Data></Cell>
    <Cell><Data ss:Type="Number">-9.94</Data></Cell>
    <Cell><Data ss:Type="Number">0.05</Data></Cell>
    <Cell><Data ss:Type="Number">-9.43</Data></Cell>
    <Cell><Data ss:Type="Number">-7.0000000000000007E-2</Data></Cell>
    <Cell><Data ss:Type="Number">-0.97</Data></Cell>
    <Cell><Data ss:Type="Number">22.8</Data></Cell>
    <Cell><Data ss:Type="Number">39.1</Data></Cell>
    <Cell><Data ss:Type="Number">0</Data></Cell>
    <Cell><Data ss:Type="Number">0</Data></Cell>
    <Cell><Data ss:Type="String">2023-12-07 16:16:44.684873</Data></Cell>
   </Row>
   <Row>
    <Cell><Data ss:Type="String">3110</Data></Cell>
    <Cell><Data ss:Type="Number">0.25</Data></Cell>
    <Cell><Data ss:Type="Number">-10.02</Data></Cell>
    <Cell><Data ss:Type="Number">0.13</Data></Cell>
    <Cell><Data ss:Type="Number">-9.43</Data></Cell>
    <Cell><Data ss:Type="Number">-0.03</Data></Cell>
    <Cell><Data ss:Type="Number">-0.88</Data></Cell>
    <Cell><Data ss:Type="Number">22.8</Data></Cell>
    <Cell><Data ss:Type="Number">39.1</Data></Cell>
    <Cell><Data ss:Type="Number">0</Data></Cell>
    <Cell><Data ss:Type="Number">0</Data></Cell>
    <Cell><Data ss:Type="String">2023-12-07 16:16:44.682758</Data></Cell>
   </Row>
   <Row>
    <Cell><Data ss:Type="String">3109</Data></Cell>
    <Cell><Data ss:Type="Number">0.45</Data></Cell>
    <Cell><Data ss:Type="Number">-10.16</Data></Cell>
    <Cell><Data ss:Type="Number">0.15</Data></Cell>
    <Cell><Data ss:Type="Number">-9.57</Data></Cell>
    <Cell><Data ss:Type="Number">-0.21</Data></Cell>
    <Cell><Data ss:Type="Number">-0.97</Data></Cell>
    <Cell><Data ss:Type="Number">22.8</Data></Cell>
    <Cell><Data ss:Type="Number">39.1</Data></Cell>
    <Cell><Data ss:Type="Number">0</Data></Cell>
    <Cell><Data ss:Type="Number">0</Data></Cell>
    <Cell><Data ss:Type="String">2023-12-07 16:16:44.625039</Data></Cell>
   </Row>
   <Row>
    <Cell><Data ss:Type="String">3108</Data></Cell>
    <Cell><Data ss:Type="Number">0.14000000000000001</Data></Cell>
    <Cell><Data ss:Type="Number">-10.11</Data></Cell>
    <Cell><Data ss:Type="Number">0.2</Data></Cell>
    <Cell><Data ss:Type="Number">-9.4700000000000006</Data></Cell>
    <Cell><Data ss:Type="Number">0.03</Data></Cell>
    <Cell><Data ss:Type="Number">-0.86</Data></Cell>
    <Cell><Data ss:Type="Number">22.8</Data></Cell>
    <Cell><Data ss:Type="Number">39.1</Data></Cell>
    <Cell><Data ss:Type="Number">0</Data></Cell>
    <Cell><Data ss:Type="Number">0</Data></Cell>
    <Cell><Data ss:Type="String">2023-12-07 16:16:44.623469</Data></Cell>
   </Row>
   <Row>
    <Cell><Data ss:Type="String">3107</Data></Cell>
    <Cell><Data ss:Type="Number">0.22</Data></Cell>
    <Cell><Data ss:Type="Number">-10.26</Data></Cell>
    <Cell><Data ss:Type="Number">0.09</Data></Cell>
    <Cell><Data ss:Type="Number">-9.5399999999999991</Data></Cell>
    <Cell><Data ss:Type="Number">0.01</Data></Cell>
    <Cell><Data ss:Type="Number">-0.94</Data></Cell>
    <Cell><Data ss:Type="Number">22.8</Data></Cell>
    <Cell><Data ss:Type="Number">39.1</Data></Cell>
    <Cell><Data ss:Type="Number">0</Data></Cell>
    <Cell><Data ss:Type="Number">0</Data></Cell>
    <Cell><Data ss:Type="String">2023-12-07 16:16:44.621542</Data></Cell>
   </Row>
   <Row>
    <Cell><Data ss:Type="String">3106</Data></Cell>
    <Cell><Data ss:Type="Number">0.61</Data></Cell>
    <Cell><Data ss:Type="Number">-10.07</Data></Cell>
    <Cell><Data ss:Type="Number">0.41</Data></Cell>
    <Cell><Data ss:Type="Number">-9.43</Data></Cell>
    <Cell><Data ss:Type="Number">-0.26</Data></Cell>
    <Cell><Data ss:Type="Number">-0.92</Data></Cell>
    <Cell><Data ss:Type="Number">22.8</Data></Cell>
    <Cell><Data ss:Type="Number">39.1</Data></Cell>
    <Cell><Data ss:Type="Number">0</Data></Cell>
    <Cell><Data ss:Type="Number">0</Data></Cell>
    <Cell><Data ss:Type="String">2023-12-07 16:16:44.619329</Data></Cell>
   </Row>
   <Row>
    <Cell><Data ss:Type="String">3105</Data></Cell>
    <Cell><Data ss:Type="Number">0.48</Data></Cell>
    <Cell><Data ss:Type="Number">-9.89</Data></Cell>
    <Cell><Data ss:Type="Number">0.26</Data></Cell>
    <Cell><Data ss:Type="Number">-9.36</Data></Cell>
    <Cell><Data ss:Type="Number">-0.32</Data></Cell>
    <Cell><Data ss:Type="Number">-0.86</Data></Cell>
    <Cell><Data ss:Type="Number">22.8</Data></Cell>
    <Cell><Data ss:Type="Number">39.1</Data></Cell>
    <Cell><Data ss:Type="Number">0</Data></Cell>
    <Cell><Data ss:Type="Number">0</Data></Cell>
    <Cell><Data ss:Type="String">2023-12-07 16:16:44.617340</Data></Cell>
   </Row>
   <Row>
    <Cell><Data ss:Type="String">3104</Data></Cell>
    <Cell><Data ss:Type="Number">-0.69</Data></Cell>
    <Cell><Data ss:Type="Number">-10.23</Data></Cell>
    <Cell><Data ss:Type="Number">-0.49</Data></Cell>
    <Cell><Data ss:Type="Number">-9.6300000000000008</Data></Cell>
    <Cell><Data ss:Type="Number">0.46</Data></Cell>
    <Cell><Data ss:Type="Number">-1.07</Data></Cell>
    <Cell><Data ss:Type="Number">22.8</Data></Cell>
    <Cell><Data ss:Type="Number">39.1</Data></Cell>
    <Cell><Data ss:Type="Number">0</Data></Cell>
    <Cell><Data ss:Type="Number">0</Data></Cell>
    <Cell><Data ss:Type="String">2023-12-07 16:16:44.615938</Data></Cell>
   </Row>
   <Row>
    <Cell><Data ss:Type="String">3103</Data></Cell>
    <Cell><Data ss:Type="Number">0.49</Data></Cell>
    <Cell><Data ss:Type="Number">-10.16</Data></Cell>
    <Cell><Data ss:Type="Number">0.09</Data></Cell>
    <Cell><Data ss:Type="Number">-9.4600000000000009</Data></Cell>
    <Cell><Data ss:Type="Number">0.37</Data></Cell>
    <Cell><Data ss:Type="Number">-0.92</Data></Cell>
    <Cell><Data ss:Type="Number">22.8</Data></Cell>
    <Cell><Data ss:Type="Number">39.1</Data></Cell>
    <Cell><Data ss:Type="Number">0</Data></Cell>
    <Cell><Data ss:Type="Number">0</Data></Cell>
    <Cell><Data ss:Type="String">2023-12-07 16:16:44.614129</Data></Cell>
   </Row>
   <Row>
    <Cell><Data ss:Type="String">3102</Data></Cell>
    <Cell><Data ss:Type="Number">2.34</Data></Cell>
    <Cell><Data ss:Type="Number">-10.210000000000001</Data></Cell>
    <Cell><Data ss:Type="Number">1.36</Data></Cell>
    <Cell><Data ss:Type="Number">-9.4700000000000006</Data></Cell>
    <Cell><Data ss:Type="Number">-1.22</Data></Cell>
    <Cell><Data ss:Type="Number">-0.65</Data></Cell>
    <Cell><Data ss:Type="Number">22.8</Data></Cell>
    <Cell><Data ss:Type="Number">39.1</Data></Cell>
    <Cell><Data ss:Type="Number">0</Data></Cell>
    <Cell><Data ss:Type="Number">0</Data></Cell>
    <Cell><Data ss:Type="String">2023-12-07 16:16:44.381238</Data></Cell>
   </Row>
   <Row>
    <Cell><Data ss:Type="String">3101</Data></Cell>
    <Cell><Data ss:Type="Number">-3.7</Data></Cell>
    <Cell><Data ss:Type="Number">-11.14</Data></Cell>
    <Cell><Data ss:Type="Number">0.14000000000000001</Data></Cell>
    <Cell><Data ss:Type="Number">-9.89</Data></Cell>
    <Cell><Data ss:Type="Number">0.89</Data></Cell>
    <Cell><Data ss:Type="Number">-0.82</Data></Cell>
    <Cell><Data ss:Type="Number">22.8</Data></Cell>
    <Cell><Data ss:Type="Number">39.1</Data></Cell>
    <Cell><Data ss:Type="Number">0</Data></Cell>
    <Cell><Data ss:Type="Number">0</Data></Cell>
    <Cell><Data ss:Type="String">2023-12-07 16:16:44.379484</Data></Cell>
   </Row>
   <Row>
    <Cell><Data ss:Type="String">3100</Data></Cell>
    <Cell><Data ss:Type="Number">-1.76</Data></Cell>
    <Cell><Data ss:Type="Number">-15.93</Data></Cell>
    <Cell><Data ss:Type="Number">0.91</Data></Cell>
    <Cell><Data ss:Type="Number">-15.7</Data></Cell>
    <Cell><Data ss:Type="Number">1.39</Data></Cell>
    <Cell><Data ss:Type="Number">-0.78</Data></Cell>
    <Cell><Data ss:Type="Number">22.8</Data></Cell>
    <Cell><Data ss:Type="Number">39.1</Data></Cell>
    <Cell><Data ss:Type="Number">0</Data></Cell>
    <Cell><Data ss:Type="Number">0</Data></Cell>
    <Cell><Data ss:Type="String">2023-12-07 16:16:44.377669</Data></Cell>
   </Row>
   <Row>
    <Cell><Data ss:Type="String">3099</Data></Cell>
    <Cell><Data ss:Type="Number">0.3</Data></Cell>
    <Cell><Data ss:Type="Number">-10.14</Data></Cell>
    <Cell><Data ss:Type="Number">0.09</Data></Cell>
    <Cell><Data ss:Type="Number">-9.5</Data></Cell>
    <Cell><Data ss:Type="Number">0</Data></Cell>
    <Cell><Data ss:Type="Number">-0.91</Data></Cell>
    <Cell><Data ss:Type="Number">22.8</Data></Cell>
    <Cell><Data ss:Type="Number">39.1</Data></Cell>
    <Cell><Data ss:Type="Number">0</Data></Cell>
    <Cell><Data ss:Type="Number">0</Data></Cell>
    <Cell><Data ss:Type="String">2023-12-07 16:16:44.376055</Data></Cell>
   </Row>
   <Row>
    <Cell><Data ss:Type="String">3098</Data></Cell>
    <Cell><Data ss:Type="Number">-0.1</Data></Cell>
    <Cell><Data ss:Type="Number">-10.27</Data></Cell>
    <Cell><Data ss:Type="Number">-0.04</Data></Cell>
    <Cell><Data ss:Type="Number">-9.56</Data></Cell>
    <Cell><Data ss:Type="Number">-0.02</Data></Cell>
    <Cell><Data ss:Type="Number">-0.92</Data></Cell>
    <Cell><Data ss:Type="Number">22.8</Data></Cell>
    <Cell><Data ss:Type="Number">39.1</Data></Cell>
    <Cell><Data ss:Type="Number">0</Data></Cell>
    <Cell><Data ss:Type="Number">0</Data></Cell>
    <Cell><Data ss:Type="String">2023-12-07 16:16:44.374262</Data></Cell>
   </Row>
   <Row>
    <Cell><Data ss:Type="String">3097</Data></Cell>
    <Cell><Data ss:Type="Number">0.62</Data></Cell>
    <Cell><Data ss:Type="Number">-9.7100000000000009</Data></Cell>
    <Cell><Data ss:Type="Number">-0.24</Data></Cell>
    <Cell><Data ss:Type="Number">-9.4</Data></Cell>
    <Cell><Data ss:Type="Number">-0.09</Data></Cell>
    <Cell><Data ss:Type="Number">-0.95</Data></Cell>
    <Cell><Data ss:Type="Number">22.8</Data></Cell>
    <Cell><Data ss:Type="Number">39.1</Data></Cell>
    <Cell><Data ss:Type="Number">0</Data></Cell>
    <Cell><Data ss:Type="Number">0</Data></Cell>
    <Cell><Data ss:Type="String">2023-12-07 16:16:44.372037</Data></Cell>
   </Row>
   <Row>
    <Cell><Data ss:Type="String">3096</Data></Cell>
    <Cell><Data ss:Type="Number">0.09</Data></Cell>
    <Cell><Data ss:Type="Number">-10.53</Data></Cell>
    <Cell><Data ss:Type="Number">0.14000000000000001</Data></Cell>
    <Cell><Data ss:Type="Number">-9.6</Data></Cell>
    <Cell><Data ss:Type="Number">-0.04</Data></Cell>
    <Cell><Data ss:Type="Number">-0.9</Data></Cell>
    <Cell><Data ss:Type="Number">22.8</Data></Cell>
    <Cell><Data ss:Type="Number">39.1</Data></Cell>
    <Cell><Data ss:Type="Number">0</Data></Cell>
    <Cell><Data ss:Type="Number">0</Data></Cell>
    <Cell><Data ss:Type="String">2023-12-07 16:16:44.369484</Data></Cell>
   </Row>
   <Row>
    <Cell><Data ss:Type="String">3095</Data></Cell>
    <Cell><Data ss:Type="Number">0.38</Data></Cell>
    <Cell><Data ss:Type="Number">-10.56</Data></Cell>
    <Cell><Data ss:Type="Number">0.26</Data></Cell>
    <Cell><Data ss:Type="Number">-9.76</Data></Cell>
    <Cell><Data ss:Type="Number">-0.02</Data></Cell>
    <Cell><Data ss:Type="Number">-0.92</Data></Cell>
    <Cell><Data ss:Type="Number">22.8</Data></Cell>
    <Cell><Data ss:Type="Number">39.1</Data></Cell>
    <Cell><Data ss:Type="Number">0</Data></Cell>
    <Cell><Data ss:Type="Number">0</Data></Cell>
    <Cell><Data ss:Type="String">2023-12-07 16:16:44.134626</Data></Cell>
   </Row>
   <Row>
    <Cell><Data ss:Type="String">3094</Data></Cell>
    <Cell><Data ss:Type="Number">0.56000000000000005</Data></Cell>
    <Cell><Data ss:Type="Number">-10.19</Data></Cell>
    <Cell><Data ss:Type="Number">0.46</Data></Cell>
    <Cell><Data ss:Type="Number">-9.59</Data></Cell>
    <Cell><Data ss:Type="Number">-7.0000000000000007E-2</Data></Cell>
    <Cell><Data ss:Type="Number">-0.86</Data></Cell>
    <Cell><Data ss:Type="Number">22.8</Data></Cell>
    <Cell><Data ss:Type="Number">39.1</Data></Cell>
    <Cell><Data ss:Type="Number">0</Data></Cell>
    <Cell><Data ss:Type="Number">0</Data></Cell>
    <Cell><Data ss:Type="String">2023-12-07 16:16:44.132884</Data></Cell>
   </Row>
   <Row>
    <Cell><Data ss:Type="String">3093</Data></Cell>
    <Cell><Data ss:Type="Number">0.22</Data></Cell>
    <Cell><Data ss:Type="Number">-9.32</Data></Cell>
    <Cell><Data ss:Type="Number">0.05</Data></Cell>
    <Cell><Data ss:Type="Number">-9.2799999999999994</Data></Cell>
    <Cell><Data ss:Type="Number">0</Data></Cell>
    <Cell><Data ss:Type="Number">-0.95</Data></Cell>
    <Cell><Data ss:Type="Number">22.8</Data></Cell>
    <Cell><Data ss:Type="Number">39.1</Data></Cell>
    <Cell><Data ss:Type="Number">0</Data></Cell>
    <Cell><Data ss:Type="Number">0</Data></Cell>
    <Cell><Data ss:Type="String">2023-12-07 16:16:44.087869</Data></Cell>
   </Row>
   <Row>
    <Cell><Data ss:Type="String">3092</Data></Cell>
    <Cell><Data ss:Type="Number">0.01</Data></Cell>
    <Cell><Data ss:Type="Number">-10.3</Data></Cell>
    <Cell><Data ss:Type="Number">-0.12</Data></Cell>
    <Cell><Data ss:Type="Number">-9.33</Data></Cell>
    <Cell><Data ss:Type="Number">-0.13</Data></Cell>
    <Cell><Data ss:Type="Number">-0.95</Data></Cell>
    <Cell><Data ss:Type="Number">22.8</Data></Cell>
    <Cell><Data ss:Type="Number">39.1</Data></Cell>
    <Cell><Data ss:Type="Number">0</Data></Cell>
    <Cell><Data ss:Type="Number">0</Data></Cell>
    <Cell><Data ss:Type="String">2023-12-07 16:16:44.045291</Data></Cell>
   </Row>
   <Row>
    <Cell><Data ss:Type="String">3091</Data></Cell>
    <Cell><Data ss:Type="Number">0.42</Data></Cell>
    <Cell><Data ss:Type="Number">-10.029999999999999</Data></Cell>
    <Cell><Data ss:Type="Number">7.0000000000000007E-2</Data></Cell>
    <Cell><Data ss:Type="Number">-9.41</Data></Cell>
    <Cell><Data ss:Type="Number">-0.15</Data></Cell>
    <Cell><Data ss:Type="Number">-0.95</Data></Cell>
    <Cell><Data ss:Type="Number">22.8</Data></Cell>
    <Cell><Data ss:Type="Number">39.1</Data></Cell>
    <Cell><Data ss:Type="Number">0</Data></Cell>
    <Cell><Data ss:Type="Number">0</Data></Cell>
    <Cell><Data ss:Type="String">2023-12-07 16:16:44.043754</Data></Cell>
   </Row>
   <Row>
    <Cell><Data ss:Type="String">3090</Data></Cell>
    <Cell><Data ss:Type="Number">0.52</Data></Cell>
    <Cell><Data ss:Type="Number">-9.9700000000000006</Data></Cell>
    <Cell><Data ss:Type="Number">0.13</Data></Cell>
    <Cell><Data ss:Type="Number">-9.51</Data></Cell>
    <Cell><Data ss:Type="Number">-0.09</Data></Cell>
    <Cell><Data ss:Type="Number">-0.86</Data></Cell>
    <Cell><Data ss:Type="Number">22.8</Data></Cell>
    <Cell><Data ss:Type="Number">39.1</Data></Cell>
    <Cell><Data ss:Type="Number">0</Data></Cell>
    <Cell><Data ss:Type="Number">0</Data></Cell>
    <Cell><Data ss:Type="String">2023-12-07 16:16:44.042103</Data></Cell>
   </Row>
   <Row>
    <Cell><Data ss:Type="String">3089</Data></Cell>
    <Cell><Data ss:Type="Number">0.44</Data></Cell>
    <Cell><Data ss:Type="Number">-10.56</Data></Cell>
    <Cell><Data ss:Type="Number">-0.02</Data></Cell>
    <Cell><Data ss:Type="Number">-9.51</Data></Cell>
    <Cell><Data ss:Type="Number">-0.06</Data></Cell>
    <Cell><Data ss:Type="Number">-0.94</Data></Cell>
    <Cell><Data ss:Type="Number">22.8</Data></Cell>
    <Cell><Data ss:Type="Number">39.1</Data></Cell>
    <Cell><Data ss:Type="Number">0</Data></Cell>
    <Cell><Data ss:Type="Number">0</Data></Cell>
    <Cell><Data ss:Type="String">2023-12-07 16:16:44.040494</Data></Cell>
   </Row>
   <Row>
    <Cell><Data ss:Type="String">3088</Data></Cell>
    <Cell><Data ss:Type="Number">0.24</Data></Cell>
    <Cell><Data ss:Type="Number">-10.25</Data></Cell>
    <Cell><Data ss:Type="Number">0.03</Data></Cell>
    <Cell><Data ss:Type="Number">-9.42</Data></Cell>
    <Cell><Data ss:Type="Number">-0.02</Data></Cell>
    <Cell><Data ss:Type="Number">-0.91</Data></Cell>
    <Cell><Data ss:Type="Number">22.8</Data></Cell>
    <Cell><Data ss:Type="Number">39.1</Data></Cell>
    <Cell><Data ss:Type="Number">0</Data></Cell>
    <Cell><Data ss:Type="Number">0</Data></Cell>
    <Cell><Data ss:Type="String">2023-12-07 16:16:44.038267</Data></Cell>
   </Row>
   <Row>
    <Cell><Data ss:Type="String">3087</Data></Cell>
    <Cell><Data ss:Type="Number">0.3</Data></Cell>
    <Cell><Data ss:Type="Number">-10.35</Data></Cell>
    <Cell><Data ss:Type="Number">0.08</Data></Cell>
    <Cell><Data ss:Type="Number">-9.4700000000000006</Data></Cell>
    <Cell><Data ss:Type="Number">-0.1</Data></Cell>
    <Cell><Data ss:Type="Number">-0.93</Data></Cell>
    <Cell><Data ss:Type="Number">22.8</Data></Cell>
    <Cell><Data ss:Type="Number">39.1</Data></Cell>
    <Cell><Data ss:Type="Number">0</Data></Cell>
    <Cell><Data ss:Type="Number">0</Data></Cell>
    <Cell><Data ss:Type="String">2023-12-07 16:16:44.035937</Data></Cell>
   </Row>
   <Row>
    <Cell><Data ss:Type="String">3086</Data></Cell>
    <Cell><Data ss:Type="Number">0.55000000000000004</Data></Cell>
    <Cell><Data ss:Type="Number">-9.73</Data></Cell>
    <Cell><Data ss:Type="Number">0.56999999999999995</Data></Cell>
    <Cell><Data ss:Type="Number">-9.61</Data></Cell>
    <Cell><Data ss:Type="Number">-0.04</Data></Cell>
    <Cell><Data ss:Type="Number">-0.89</Data></Cell>
    <Cell><Data ss:Type="Number">22.8</Data></Cell>
    <Cell><Data ss:Type="Number">39.1</Data></Cell>
    <Cell><Data ss:Type="Number">0</Data></Cell>
    <Cell><Data ss:Type="Number">0</Data></Cell>
    <Cell><Data ss:Type="String">2023-12-07 16:16:44.033874</Data></Cell>
   </Row>
   <Row>
    <Cell><Data ss:Type="String">3085</Data></Cell>
    <Cell><Data ss:Type="Number">0.5</Data></Cell>
    <Cell><Data ss:Type="Number">-10.7</Data></Cell>
    <Cell><Data ss:Type="Number">0.38</Data></Cell>
    <Cell><Data ss:Type="Number">-9.8000000000000007</Data></Cell>
    <Cell><Data ss:Type="Number">-0.1</Data></Cell>
    <Cell><Data ss:Type="Number">-0.9</Data></Cell>
    <Cell><Data ss:Type="Number">22.8</Data></Cell>
    <Cell><Data ss:Type="Number">39.1</Data></Cell>
    <Cell><Data ss:Type="Number">0</Data></Cell>
    <Cell><Data ss:Type="Number">0</Data></Cell>
    <Cell><Data ss:Type="String">2023-12-07 16:16:43.799619</Data></Cell>
   </Row>
   <Row>
    <Cell><Data ss:Type="String">3084</Data></Cell>
    <Cell><Data ss:Type="Number">0.64</Data></Cell>
    <Cell><Data ss:Type="Number">-10.039999999999999</Data></Cell>
    <Cell><Data ss:Type="Number">-0.05</Data></Cell>
    <Cell><Data ss:Type="Number">-9.4600000000000009</Data></Cell>
    <Cell><Data ss:Type="Number">-0.06</Data></Cell>
    <Cell><Data ss:Type="Number">-0.91</Data></Cell>
    <Cell><Data ss:Type="Number">22.8</Data></Cell>
    <Cell><Data ss:Type="Number">39.1</Data></Cell>
    <Cell><Data ss:Type="Number">0</Data></Cell>
    <Cell><Data ss:Type="Number">0</Data></Cell>
    <Cell><Data ss:Type="String">2023-12-07 16:16:43.798042</Data></Cell>
   </Row>
   <Row>
    <Cell><Data ss:Type="String">3083</Data></Cell>
    <Cell><Data ss:Type="Number">0.26</Data></Cell>
    <Cell><Data ss:Type="Number">-10.59</Data></Cell>
    <Cell><Data ss:Type="Number">0.65</Data></Cell>
    <Cell><Data ss:Type="Number">-9.64</Data></Cell>
    <Cell><Data ss:Type="Number">-7.0000000000000007E-2</Data></Cell>
    <Cell><Data ss:Type="Number">-0.87</Data></Cell>
    <Cell><Data ss:Type="Number">22.8</Data></Cell>
    <Cell><Data ss:Type="Number">39.1</Data></Cell>
    <Cell><Data ss:Type="Number">0</Data></Cell>
    <Cell><Data ss:Type="Number">0</Data></Cell>
    <Cell><Data ss:Type="String">2023-12-07 16:16:43.747097</Data></Cell>
   </Row>
   <Row>
    <Cell><Data ss:Type="String">3082</Data></Cell>
    <Cell><Data ss:Type="Number">1.01</Data></Cell>
    <Cell><Data ss:Type="Number">-10.210000000000001</Data></Cell>
    <Cell><Data ss:Type="Number">0.09</Data></Cell>
    <Cell><Data ss:Type="Number">-9.5299999999999994</Data></Cell>
    <Cell><Data ss:Type="Number">-0.05</Data></Cell>
    <Cell><Data ss:Type="Number">-0.89</Data></Cell>
    <Cell><Data ss:Type="Number">22.8</Data></Cell>
    <Cell><Data ss:Type="Number">39.1</Data></Cell>
    <Cell><Data ss:Type="Number">0</Data></Cell>
    <Cell><Data ss:Type="Number">0</Data></Cell>
    <Cell><Data ss:Type="String">2023-12-07 16:16:43.745700</Data></Cell>
   </Row>
   <Row>
    <Cell><Data ss:Type="String">3081</Data></Cell>
    <Cell><Data ss:Type="Number">0.83</Data></Cell>
    <Cell><Data ss:Type="Number">-10.37</Data></Cell>
    <Cell><Data ss:Type="Number">0.28999999999999998</Data></Cell>
    <Cell><Data ss:Type="Number">-9.5399999999999991</Data></Cell>
    <Cell><Data ss:Type="Number">-0.05</Data></Cell>
    <Cell><Data ss:Type="Number">-0.87</Data></Cell>
    <Cell><Data ss:Type="Number">22.8</Data></Cell>
    <Cell><Data ss:Type="Number">39.1</Data></Cell>
    <Cell><Data ss:Type="Number">0</Data></Cell>
    <Cell><Data ss:Type="Number">0</Data></Cell>
    <Cell><Data ss:Type="String">2023-12-07 16:16:43.744254</Data></Cell>
   </Row>
   <Row>
    <Cell><Data ss:Type="String">3080</Data></Cell>
    <Cell><Data ss:Type="Number">0.63</Data></Cell>
    <Cell><Data ss:Type="Number">-9.69</Data></Cell>
    <Cell><Data ss:Type="Number">0.18</Data></Cell>
    <Cell><Data ss:Type="Number">-9.4499999999999993</Data></Cell>
    <Cell><Data ss:Type="Number">-0.12</Data></Cell>
    <Cell><Data ss:Type="Number">-0.91</Data></Cell>
    <Cell><Data ss:Type="Number">22.8</Data></Cell>
    <Cell><Data ss:Type="Number">39.1</Data></Cell>
    <Cell><Data ss:Type="Number">0</Data></Cell>
    <Cell><Data ss:Type="Number">0</Data></Cell>
    <Cell><Data ss:Type="String">2023-12-07 16:16:43.742727</Data></Cell>
   </Row>
   <Row>
    <Cell><Data ss:Type="String">3079</Data></Cell>
    <Cell><Data ss:Type="Number">-0.28000000000000003</Data></Cell>
    <Cell><Data ss:Type="Number">-9.83</Data></Cell>
    <Cell><Data ss:Type="Number">0.08</Data></Cell>
    <Cell><Data ss:Type="Number">-9.4700000000000006</Data></Cell>
    <Cell><Data ss:Type="Number">-0.11</Data></Cell>
    <Cell><Data ss:Type="Number">-0.9</Data></Cell>
    <Cell><Data ss:Type="Number">22.8</Data></Cell>
    <Cell><Data ss:Type="Number">39.1</Data></Cell>
    <Cell><Data ss:Type="Number">0</Data></Cell>
    <Cell><Data ss:Type="Number">0</Data></Cell>
    <Cell><Data ss:Type="String">2023-12-07 16:16:43.741289</Data></Cell>
   </Row>
   <Row>
    <Cell><Data ss:Type="String">3078</Data></Cell>
    <Cell><Data ss:Type="Number">0</Data></Cell>
    <Cell><Data ss:Type="Number">-9.9600000000000009</Data></Cell>
    <Cell><Data ss:Type="Number">0.22</Data></Cell>
    <Cell><Data ss:Type="Number">-9.4700000000000006</Data></Cell>
    <Cell><Data ss:Type="Number">-0.1</Data></Cell>
    <Cell><Data ss:Type="Number">-0.92</Data></Cell>
    <Cell><Data ss:Type="Number">22.8</Data></Cell>
    <Cell><Data ss:Type="Number">39.1</Data></Cell>
    <Cell><Data ss:Type="Number">0</Data></Cell>
    <Cell><Data ss:Type="Number">0</Data></Cell>
    <Cell><Data ss:Type="String">2023-12-07 16:16:43.739715</Data></Cell>
   </Row>
   <Row>
    <Cell><Data ss:Type="String">3077</Data></Cell>
    <Cell><Data ss:Type="Number">0.13</Data></Cell>
    <Cell><Data ss:Type="Number">-10.11</Data></Cell>
    <Cell><Data ss:Type="Number">0.21</Data></Cell>
    <Cell><Data ss:Type="Number">-9.4499999999999993</Data></Cell>
    <Cell><Data ss:Type="Number">-0.06</Data></Cell>
    <Cell><Data ss:Type="Number">-0.87</Data></Cell>
    <Cell><Data ss:Type="Number">22.8</Data></Cell>
    <Cell><Data ss:Type="Number">39.1</Data></Cell>
    <Cell><Data ss:Type="Number">0</Data></Cell>
    <Cell><Data ss:Type="Number">0</Data></Cell>
    <Cell><Data ss:Type="String">2023-12-07 16:16:43.737697</Data></Cell>
   </Row>
   <Row>
    <Cell><Data ss:Type="String">3076</Data></Cell>
    <Cell><Data ss:Type="Number">0.11</Data></Cell>
    <Cell><Data ss:Type="Number">-9.75</Data></Cell>
    <Cell><Data ss:Type="Number">-0.23</Data></Cell>
    <Cell><Data ss:Type="Number">-9.32</Data></Cell>
    <Cell><Data ss:Type="Number">-0.09</Data></Cell>
    <Cell><Data ss:Type="Number">-0.91</Data></Cell>
    <Cell><Data ss:Type="Number">22.8</Data></Cell>
    <Cell><Data ss:Type="Number">39.1</Data></Cell>
    <Cell><Data ss:Type="Number">0</Data></Cell>
    <Cell><Data ss:Type="Number">0</Data></Cell>
    <Cell><Data ss:Type="String">2023-12-07 16:16:43.505267</Data></Cell>
   </Row>
   <Row>
    <Cell><Data ss:Type="String">3075</Data></Cell>
    <Cell><Data ss:Type="Number">-0.56999999999999995</Data></Cell>
    <Cell><Data ss:Type="Number">-10.050000000000001</Data></Cell>
    <Cell><Data ss:Type="Number">-0.11</Data></Cell>
    <Cell><Data ss:Type="Number">-9.44</Data></Cell>
    <Cell><Data ss:Type="Number">-0.06</Data></Cell>
    <Cell><Data ss:Type="Number">-0.95</Data></Cell>
    <Cell><Data ss:Type="Number">22.8</Data></Cell>
    <Cell><Data ss:Type="Number">39.1</Data></Cell>
    <Cell><Data ss:Type="Number">0</Data></Cell>
    <Cell><Data ss:Type="Number">0</Data></Cell>
    <Cell><Data ss:Type="String">2023-12-07 16:16:43.446358</Data></Cell>
   </Row>
   <Row>
    <Cell><Data ss:Type="String">3074</Data></Cell>
    <Cell><Data ss:Type="Number">0.1</Data></Cell>
    <Cell><Data ss:Type="Number">-10.23</Data></Cell>
    <Cell><Data ss:Type="Number">0.05</Data></Cell>
    <Cell><Data ss:Type="Number">-9.6300000000000008</Data></Cell>
    <Cell><Data ss:Type="Number">-0.09</Data></Cell>
    <Cell><Data ss:Type="Number">-0.81</Data></Cell>
    <Cell><Data ss:Type="Number">22.8</Data></Cell>
    <Cell><Data ss:Type="Number">39.1</Data></Cell>
    <Cell><Data ss:Type="Number">0</Data></Cell>
    <Cell><Data ss:Type="Number">0</Data></Cell>
    <Cell><Data ss:Type="String">2023-12-07 16:16:43.427196</Data></Cell>
   </Row>
   <Row>
    <Cell><Data ss:Type="String">3073</Data></Cell>
    <Cell><Data ss:Type="Number">0.8</Data></Cell>
    <Cell><Data ss:Type="Number">-11.24</Data></Cell>
    <Cell><Data ss:Type="Number">0.01</Data></Cell>
    <Cell><Data ss:Type="Number">-9.75</Data></Cell>
    <Cell><Data ss:Type="Number">0</Data></Cell>
    <Cell><Data ss:Type="Number">-0.89</Data></Cell>
    <Cell><Data ss:Type="Number">22.8</Data></Cell>
    <Cell><Data ss:Type="Number">39.1</Data></Cell>
    <Cell><Data ss:Type="Number">0</Data></Cell>
    <Cell><Data ss:Type="Number">0</Data></Cell>
    <Cell><Data ss:Type="String">2023-12-07 16:16:43.383177</Data></Cell>
   </Row>
   <Row>
    <Cell><Data ss:Type="String">3072</Data></Cell>
    <Cell><Data ss:Type="Number">0.42</Data></Cell>
    <Cell><Data ss:Type="Number">-10.210000000000001</Data></Cell>
    <Cell><Data ss:Type="Number">0.22</Data></Cell>
    <Cell><Data ss:Type="Number">-9.51</Data></Cell>
    <Cell><Data ss:Type="Number">-7.0000000000000007E-2</Data></Cell>
    <Cell><Data ss:Type="Number">-0.88</Data></Cell>
    <Cell><Data ss:Type="Number">22.8</Data></Cell>
    <Cell><Data ss:Type="Number">39.1</Data></Cell>
    <Cell><Data ss:Type="Number">0</Data></Cell>
    <Cell><Data ss:Type="Number">0</Data></Cell>
    <Cell><Data ss:Type="String">2023-12-07 16:16:43.381384</Data></Cell>
   </Row>
   <Row>
    <Cell><Data ss:Type="String">3071</Data></Cell>
    <Cell><Data ss:Type="Number">-0.16</Data></Cell>
    <Cell><Data ss:Type="Number">-9.51</Data></Cell>
    <Cell><Data ss:Type="Number">0.55000000000000004</Data></Cell>
    <Cell><Data ss:Type="Number">-9.39</Data></Cell>
    <Cell><Data ss:Type="Number">-0.17</Data></Cell>
    <Cell><Data ss:Type="Number">-0.92</Data></Cell>
    <Cell><Data ss:Type="Number">22.8</Data></Cell>
    <Cell><Data ss:Type="Number">39.1</Data></Cell>
    <Cell><Data ss:Type="Number">0</Data></Cell>
    <Cell><Data ss:Type="Number">0</Data></Cell>
    <Cell><Data ss:Type="String">2023-12-07 16:16:43.336059</Data></Cell>
   </Row>
   <Row>
    <Cell><Data ss:Type="String">3070</Data></Cell>
    <Cell><Data ss:Type="Number">0.95</Data></Cell>
    <Cell><Data ss:Type="Number">-9.85</Data></Cell>
    <Cell><Data ss:Type="Number">0.18</Data></Cell>
    <Cell><Data ss:Type="Number">-9.4700000000000006</Data></Cell>
    <Cell><Data ss:Type="Number">-0.06</Data></Cell>
    <Cell><Data ss:Type="Number">-0.96</Data></Cell>
    <Cell><Data ss:Type="Number">22.8</Data></Cell>
    <Cell><Data ss:Type="Number">39.1</Data></Cell>
    <Cell><Data ss:Type="Number">0</Data></Cell>
    <Cell><Data ss:Type="Number">0</Data></Cell>
    <Cell><Data ss:Type="String">2023-12-07 16:16:43.290101</Data></Cell>
   </Row>
   <Row>
    <Cell><Data ss:Type="String">3069</Data></Cell>
    <Cell><Data ss:Type="Number">0.43</Data></Cell>
    <Cell><Data ss:Type="Number">-9.98</Data></Cell>
    <Cell><Data ss:Type="Number">0.19</Data></Cell>
    <Cell><Data ss:Type="Number">-9.4600000000000009</Data></Cell>
    <Cell><Data ss:Type="Number">0.13</Data></Cell>
    <Cell><Data ss:Type="Number">-0.88</Data></Cell>
    <Cell><Data ss:Type="Number">22.8</Data></Cell>
    <Cell><Data ss:Type="Number">39.1</Data></Cell>
    <Cell><Data ss:Type="Number">0</Data></Cell>
    <Cell><Data ss:Type="Number">0</Data></Cell>
    <Cell><Data ss:Type="String">2023-12-07 16:16:43.249905</Data></Cell>
   </Row>
   <Row>
    <Cell><Data ss:Type="String">3068</Data></Cell>
    <Cell><Data ss:Type="Number">0.66</Data></Cell>
    <Cell><Data ss:Type="Number">-9.98</Data></Cell>
    <Cell><Data ss:Type="Number">0.33</Data></Cell>
    <Cell><Data ss:Type="Number">-9.42</Data></Cell>
    <Cell><Data ss:Type="Number">-0.01</Data></Cell>
    <Cell><Data ss:Type="Number">-0.95</Data></Cell>
    <Cell><Data ss:Type="Number">22.8</Data></Cell>
    <Cell><Data ss:Type="Number">39.1</Data></Cell>
    <Cell><Data ss:Type="Number">0</Data></Cell>
    <Cell><Data ss:Type="Number">0</Data></Cell>
    <Cell><Data ss:Type="String">2023-12-07 16:16:43.248347</Data></Cell>
   </Row>
   <Row>
    <Cell><Data ss:Type="String">3067</Data></Cell>
    <Cell><Data ss:Type="Number">1.06</Data></Cell>
    <Cell><Data ss:Type="Number">-9.84</Data></Cell>
    <Cell><Data ss:Type="Number">0.73</Data></Cell>
    <Cell><Data ss:Type="Number">-9.32</Data></Cell>
    <Cell><Data ss:Type="Number">-0.56999999999999995</Data></Cell>
    <Cell><Data ss:Type="Number">-0.84</Data></Cell>
    <Cell><Data ss:Type="Number">22.8</Data></Cell>
    <Cell><Data ss:Type="Number">39.1</Data></Cell>
    <Cell><Data ss:Type="Number">0</Data></Cell>
    <Cell><Data ss:Type="Number">0</Data></Cell>
    <Cell><Data ss:Type="String">2023-12-07 16:16:43.198082</Data></Cell>
   </Row>
   <Row>
    <Cell><Data ss:Type="String">3066</Data></Cell>
    <Cell><Data ss:Type="Number">0.78</Data></Cell>
    <Cell><Data ss:Type="Number">-10.25</Data></Cell>
    <Cell><Data ss:Type="Number">-7.0000000000000007E-2</Data></Cell>
    <Cell><Data ss:Type="Number">-9.59</Data></Cell>
    <Cell><Data ss:Type="Number">-0.59</Data></Cell>
    <Cell><Data ss:Type="Number">-0.68</Data></Cell>
    <Cell><Data ss:Type="Number">22.8</Data></Cell>
    <Cell><Data ss:Type="Number">39.1</Data></Cell>
    <Cell><Data ss:Type="Number">0</Data></Cell>
    <Cell><Data ss:Type="Number">0</Data></Cell>
    <Cell><Data ss:Type="String">2023-12-07 16:16:43.157743</Data></Cell>
   </Row>
   <Row>
    <Cell><Data ss:Type="String">3065</Data></Cell>
    <Cell><Data ss:Type="Number">-2.4</Data></Cell>
    <Cell><Data ss:Type="Number">-10.6</Data></Cell>
    <Cell><Data ss:Type="Number">-1.5</Data></Cell>
    <Cell><Data ss:Type="Number">-9.58</Data></Cell>
    <Cell><Data ss:Type="Number">0.55000000000000004</Data></Cell>
    <Cell><Data ss:Type="Number">-1.1499999999999999</Data></Cell>
    <Cell><Data ss:Type="Number">22.8</Data></Cell>
    <Cell><Data ss:Type="Number">39.1</Data></Cell>
    <Cell><Data ss:Type="Number">0</Data></Cell>
    <Cell><Data ss:Type="Number">0</Data></Cell>
    <Cell><Data ss:Type="String">2023-12-07 16:16:43.156390</Data></Cell>
   </Row>
   <Row>
    <Cell><Data ss:Type="String">3064</Data></Cell>
    <Cell><Data ss:Type="Number">-2.4</Data></Cell>
    <Cell><Data ss:Type="Number">-8.5299999999999994</Data></Cell>
    <Cell><Data ss:Type="Number">-1.72</Data></Cell>
    <Cell><Data ss:Type="Number">-8.48</Data></Cell>
    <Cell><Data ss:Type="Number">1.62</Data></Cell>
    <Cell><Data ss:Type="Number">-1.19</Data></Cell>
    <Cell><Data ss:Type="Number">22.8</Data></Cell>
    <Cell><Data ss:Type="Number">39.1</Data></Cell>
    <Cell><Data ss:Type="Number">0</Data></Cell>
    <Cell><Data ss:Type="Number">0</Data></Cell>
    <Cell><Data ss:Type="String">2023-12-07 16:16:43.154440</Data></Cell>
   </Row>
   <Row>
    <Cell><Data ss:Type="String">3063</Data></Cell>
    <Cell><Data ss:Type="Number">0.38</Data></Cell>
    <Cell><Data ss:Type="Number">-9.84</Data></Cell>
    <Cell><Data ss:Type="Number">0.17</Data></Cell>
    <Cell><Data ss:Type="Number">-9.3800000000000008</Data></Cell>
    <Cell><Data ss:Type="Number">-0.12</Data></Cell>
    <Cell><Data ss:Type="Number">-0.92</Data></Cell>
    <Cell><Data ss:Type="Number">22.8</Data></Cell>
    <Cell><Data ss:Type="Number">39.1</Data></Cell>
    <Cell><Data ss:Type="Number">0</Data></Cell>
    <Cell><Data ss:Type="Number">0</Data></Cell>
    <Cell><Data ss:Type="String">2023-12-07 16:16:43.151516</Data></Cell>
   </Row>
   <Row>
    <Cell><Data ss:Type="String">3062</Data></Cell>
    <Cell><Data ss:Type="Number">0.32</Data></Cell>
    <Cell><Data ss:Type="Number">-10.029999999999999</Data></Cell>
    <Cell><Data ss:Type="Number">0.15</Data></Cell>
    <Cell><Data ss:Type="Number">-9.44</Data></Cell>
    <Cell><Data ss:Type="Number">-0.08</Data></Cell>
    <Cell><Data ss:Type="Number">-0.92</Data></Cell>
    <Cell><Data ss:Type="Number">22.8</Data></Cell>
    <Cell><Data ss:Type="Number">39.1</Data></Cell>
    <Cell><Data ss:Type="Number">0</Data></Cell>
    <Cell><Data ss:Type="Number">0</Data></Cell>
    <Cell><Data ss:Type="String">2023-12-07 16:16:43.149913</Data></Cell>
   </Row>
   <Row>
    <Cell><Data ss:Type="String">3061</Data></Cell>
    <Cell><Data ss:Type="Number">0.16</Data></Cell>
    <Cell><Data ss:Type="Number">-10.14</Data></Cell>
    <Cell><Data ss:Type="Number">0.22</Data></Cell>
    <Cell><Data ss:Type="Number">-9.5</Data></Cell>
    <Cell><Data ss:Type="Number">-0.05</Data></Cell>
    <Cell><Data ss:Type="Number">-0.88</Data></Cell>
    <Cell><Data ss:Type="Number">22.8</Data></Cell>
    <Cell><Data ss:Type="Number">39.1</Data></Cell>
    <Cell><Data ss:Type="Number">0</Data></Cell>
    <Cell><Data ss:Type="Number">0</Data></Cell>
    <Cell><Data ss:Type="String">2023-12-07 16:16:43.148410</Data></Cell>
   </Row>
   <Row>
    <Cell><Data ss:Type="String">3060</Data></Cell>
    <Cell><Data ss:Type="Number">0.27</Data></Cell>
    <Cell><Data ss:Type="Number">-10.25</Data></Cell>
    <Cell><Data ss:Type="Number">0.14000000000000001</Data></Cell>
    <Cell><Data ss:Type="Number">-9.51</Data></Cell>
    <Cell><Data ss:Type="Number">-0.06</Data></Cell>
    <Cell><Data ss:Type="Number">-0.92</Data></Cell>
    <Cell><Data ss:Type="Number">22.8</Data></Cell>
    <Cell><Data ss:Type="Number">39.1</Data></Cell>
    <Cell><Data ss:Type="Number">0</Data></Cell>
    <Cell><Data ss:Type="Number">0</Data></Cell>
    <Cell><Data ss:Type="String">2023-12-07 16:16:43.146883</Data></Cell>
   </Row>
   <Row>
    <Cell><Data ss:Type="String">3059</Data></Cell>
    <Cell><Data ss:Type="Number">0.27</Data></Cell>
    <Cell><Data ss:Type="Number">-10.09</Data></Cell>
    <Cell><Data ss:Type="Number">0.16</Data></Cell>
    <Cell><Data ss:Type="Number">-9.43</Data></Cell>
    <Cell><Data ss:Type="Number">-7.0000000000000007E-2</Data></Cell>
    <Cell><Data ss:Type="Number">-0.93</Data></Cell>
    <Cell><Data ss:Type="Number">22.8</Data></Cell>
    <Cell><Data ss:Type="Number">39.1</Data></Cell>
    <Cell><Data ss:Type="Number">0</Data></Cell>
    <Cell><Data ss:Type="Number">0</Data></Cell>
    <Cell><Data ss:Type="String">2023-12-07 16:16:42.938637</Data></Cell>
   </Row>
   <Row>
    <Cell><Data ss:Type="String">3058</Data></Cell>
    <Cell><Data ss:Type="Number">0.23</Data></Cell>
    <Cell><Data ss:Type="Number">-9.9600000000000009</Data></Cell>
    <Cell><Data ss:Type="Number">0.09</Data></Cell>
    <Cell><Data ss:Type="Number">-9.41</Data></Cell>
    <Cell><Data ss:Type="Number">-0.05</Data></Cell>
    <Cell><Data ss:Type="Number">-0.93</Data></Cell>
    <Cell><Data ss:Type="Number">22.8</Data></Cell>
    <Cell><Data ss:Type="Number">39.1</Data></Cell>
    <Cell><Data ss:Type="Number">0</Data></Cell>
    <Cell><Data ss:Type="Number">0</Data></Cell>
    <Cell><Data ss:Type="String">2023-12-07 16:16:42.890810</Data></Cell>
   </Row>
   <Row>
    <Cell><Data ss:Type="String">3057</Data></Cell>
    <Cell><Data ss:Type="Number">0.28999999999999998</Data></Cell>
    <Cell><Data ss:Type="Number">-10.130000000000001</Data></Cell>
    <Cell><Data ss:Type="Number">0.14000000000000001</Data></Cell>
    <Cell><Data ss:Type="Number">-9.43</Data></Cell>
    <Cell><Data ss:Type="Number">-0.05</Data></Cell>
    <Cell><Data ss:Type="Number">-0.89</Data></Cell>
    <Cell><Data ss:Type="Number">22.8</Data></Cell>
    <Cell><Data ss:Type="Number">39.1</Data></Cell>
    <Cell><Data ss:Type="Number">0</Data></Cell>
    <Cell><Data ss:Type="Number">0</Data></Cell>
    <Cell><Data ss:Type="String">2023-12-07 16:16:42.849045</Data></Cell>
   </Row>
   <Row>
    <Cell><Data ss:Type="String">3056</Data></Cell>
    <Cell><Data ss:Type="Number">0.28000000000000003</Data></Cell>
    <Cell><Data ss:Type="Number">-9.98</Data></Cell>
    <Cell><Data ss:Type="Number">0.19</Data></Cell>
    <Cell><Data ss:Type="Number">-9.41</Data></Cell>
    <Cell><Data ss:Type="Number">-0.08</Data></Cell>
    <Cell><Data ss:Type="Number">-0.93</Data></Cell>
    <Cell><Data ss:Type="Number">22.7</Data></Cell>
    <Cell><Data ss:Type="Number">39.1</Data></Cell>
    <Cell><Data ss:Type="Number">0</Data></Cell>
    <Cell><Data ss:Type="Number">0</Data></Cell>
    <Cell><Data ss:Type="String">2023-12-07 16:16:42.847564</Data></Cell>
   </Row>
   <Row>
    <Cell><Data ss:Type="String">3055</Data></Cell>
    <Cell><Data ss:Type="Number">0.26</Data></Cell>
    <Cell><Data ss:Type="Number">-10.06</Data></Cell>
    <Cell><Data ss:Type="Number">0.12</Data></Cell>
    <Cell><Data ss:Type="Number">-9.5</Data></Cell>
    <Cell><Data ss:Type="Number">-0.05</Data></Cell>
    <Cell><Data ss:Type="Number">-0.92</Data></Cell>
    <Cell><Data ss:Type="Number">22.7</Data></Cell>
    <Cell><Data ss:Type="Number">39.1</Data></Cell>
    <Cell><Data ss:Type="Number">0</Data></Cell>
    <Cell><Data ss:Type="Number">0</Data></Cell>
    <Cell><Data ss:Type="String">2023-12-07 16:16:42.846267</Data></Cell>
   </Row>
   <Row>
    <Cell><Data ss:Type="String">3054</Data></Cell>
    <Cell><Data ss:Type="Number">0.35</Data></Cell>
    <Cell><Data ss:Type="Number">-10.14</Data></Cell>
    <Cell><Data ss:Type="Number">0.15</Data></Cell>
    <Cell><Data ss:Type="Number">-9.5500000000000007</Data></Cell>
    <Cell><Data ss:Type="Number">-0.08</Data></Cell>
    <Cell><Data ss:Type="Number">-0.91</Data></Cell>
    <Cell><Data ss:Type="Number">22.7</Data></Cell>
    <Cell><Data ss:Type="Number">39.1</Data></Cell>
    <Cell><Data ss:Type="Number">0</Data></Cell>
    <Cell><Data ss:Type="Number">0</Data></Cell>
    <Cell><Data ss:Type="String">2023-12-07 16:16:42.844814</Data></Cell>
   </Row>
   <Row>
    <Cell><Data ss:Type="String">3053</Data></Cell>
    <Cell><Data ss:Type="Number">0.3</Data></Cell>
    <Cell><Data ss:Type="Number">-10.26</Data></Cell>
    <Cell><Data ss:Type="Number">0.21</Data></Cell>
    <Cell><Data ss:Type="Number">-9.5399999999999991</Data></Cell>
    <Cell><Data ss:Type="Number">-7.0000000000000007E-2</Data></Cell>
    <Cell><Data ss:Type="Number">-0.89</Data></Cell>
    <Cell><Data ss:Type="Number">22.7</Data></Cell>
    <Cell><Data ss:Type="Number">39.1</Data></Cell>
    <Cell><Data ss:Type="Number">0</Data></Cell>
    <Cell><Data ss:Type="Number">0</Data></Cell>
    <Cell><Data ss:Type="String">2023-12-07 16:16:42.843270</Data></Cell>
   </Row>
   <Row>
    <Cell><Data ss:Type="String">3052</Data></Cell>
    <Cell><Data ss:Type="Number">0.3</Data></Cell>
    <Cell><Data ss:Type="Number">-10.01</Data></Cell>
    <Cell><Data ss:Type="Number">0.09</Data></Cell>
    <Cell><Data ss:Type="Number">-9.4700000000000006</Data></Cell>
    <Cell><Data ss:Type="Number">-7.0000000000000007E-2</Data></Cell>
    <Cell><Data ss:Type="Number">-0.92</Data></Cell>
    <Cell><Data ss:Type="Number">22.7</Data></Cell>
    <Cell><Data ss:Type="Number">39.1</Data></Cell>
    <Cell><Data ss:Type="Number">0</Data></Cell>
    <Cell><Data ss:Type="Number">0</Data></Cell>
    <Cell><Data ss:Type="String">2023-12-07 16:16:42.841952</Data></Cell>
   </Row>
   <Row>
    <Cell><Data ss:Type="String">3051</Data></Cell>
    <Cell><Data ss:Type="Number">0.28999999999999998</Data></Cell>
    <Cell><Data ss:Type="Number">-9.93</Data></Cell>
    <Cell><Data ss:Type="Number">0.12</Data></Cell>
    <Cell><Data ss:Type="Number">-9.41</Data></Cell>
    <Cell><Data ss:Type="Number">-0.06</Data></Cell>
    <Cell><Data ss:Type="Number">-0.92</Data></Cell>
    <Cell><Data ss:Type="Number">22.7</Data></Cell>
    <Cell><Data ss:Type="Number">39.1</Data></Cell>
    <Cell><Data ss:Type="Number">0</Data></Cell>
    <Cell><Data ss:Type="Number">0</Data></Cell>
    <Cell><Data ss:Type="String">2023-12-07 16:16:42.840445</Data></Cell>
   </Row>
   <Row>
    <Cell><Data ss:Type="String">3050</Data></Cell>
    <Cell><Data ss:Type="Number">0.31</Data></Cell>
    <Cell><Data ss:Type="Number">-10.07</Data></Cell>
    <Cell><Data ss:Type="Number">0.13</Data></Cell>
    <Cell><Data ss:Type="Number">-9.4499999999999993</Data></Cell>
    <Cell><Data ss:Type="Number">-0.09</Data></Cell>
    <Cell><Data ss:Type="Number">-0.92</Data></Cell>
    <Cell><Data ss:Type="Number">22.7</Data></Cell>
    <Cell><Data ss:Type="Number">39.1</Data></Cell>
    <Cell><Data ss:Type="Number">0</Data></Cell>
    <Cell><Data ss:Type="Number">0</Data></Cell>
    <Cell><Data ss:Type="String">2023-12-07 16:16:42.633057</Data></Cell>
   </Row>
   <Row>
    <Cell><Data ss:Type="String">3049</Data></Cell>
    <Cell><Data ss:Type="Number">0.33</Data></Cell>
    <Cell><Data ss:Type="Number">-10.23</Data></Cell>
    <Cell><Data ss:Type="Number">0.17</Data></Cell>
    <Cell><Data ss:Type="Number">-9.5399999999999991</Data></Cell>
    <Cell><Data ss:Type="Number">-7.0000000000000007E-2</Data></Cell>
    <Cell><Data ss:Type="Number">-0.87</Data></Cell>
    <Cell><Data ss:Type="Number">22.7</Data></Cell>
    <Cell><Data ss:Type="Number">39.1</Data></Cell>
    <Cell><Data ss:Type="Number">0</Data></Cell>
    <Cell><Data ss:Type="Number">0</Data></Cell>
    <Cell><Data ss:Type="String">2023-12-07 16:16:42.590622</Data></Cell>
   </Row>
   <Row>
    <Cell><Data ss:Type="String">3048</Data></Cell>
    <Cell><Data ss:Type="Number">0.28999999999999998</Data></Cell>
    <Cell><Data ss:Type="Number">-10.33</Data></Cell>
    <Cell><Data ss:Type="Number">0.22</Data></Cell>
    <Cell><Data ss:Type="Number">-9.5500000000000007</Data></Cell>
    <Cell><Data ss:Type="Number">-0.1</Data></Cell>
    <Cell><Data ss:Type="Number">-0.9</Data></Cell>
    <Cell><Data ss:Type="Number">22.7</Data></Cell>
    <Cell><Data ss:Type="Number">39.1</Data></Cell>
    <Cell><Data ss:Type="Number">0</Data></Cell>
    <Cell><Data ss:Type="Number">0</Data></Cell>
    <Cell><Data ss:Type="String">2023-12-07 16:16:42.587650</Data></Cell>
   </Row>
   <Row>
    <Cell><Data ss:Type="String">3047</Data></Cell>
    <Cell><Data ss:Type="Number">0.21</Data></Cell>
    <Cell><Data ss:Type="Number">-9.9700000000000006</Data></Cell>
    <Cell><Data ss:Type="Number">0.17</Data></Cell>
    <Cell><Data ss:Type="Number">-9.43</Data></Cell>
    <Cell><Data ss:Type="Number">-0.06</Data></Cell>
    <Cell><Data ss:Type="Number">-0.94</Data></Cell>
    <Cell><Data ss:Type="Number">22.7</Data></Cell>
    <Cell><Data ss:Type="Number">39.1</Data></Cell>
    <Cell><Data ss:Type="Number">0</Data></Cell>
    <Cell><Data ss:Type="Number">0</Data></Cell>
    <Cell><Data ss:Type="String">2023-12-07 16:16:42.531462</Data></Cell>
   </Row>
   <Row>
    <Cell><Data ss:Type="String">3046</Data></Cell>
    <Cell><Data ss:Type="Number">0.33</Data></Cell>
    <Cell><Data ss:Type="Number">-9.9</Data></Cell>
    <Cell><Data ss:Type="Number">0.2</Data></Cell>
    <Cell><Data ss:Type="Number">-9.44</Data></Cell>
    <Cell><Data ss:Type="Number">-0.09</Data></Cell>
    <Cell><Data ss:Type="Number">-0.93</Data></Cell>
    <Cell><Data ss:Type="Number">22.7</Data></Cell>
    <Cell><Data ss:Type="Number">39.1</Data></Cell>
    <Cell><Data ss:Type="Number">0</Data></Cell>
    <Cell><Data ss:Type="Number">0</Data></Cell>
    <Cell><Data ss:Type="String">2023-12-07 16:16:42.469231</Data></Cell>
   </Row>
   <Row>
    <Cell><Data ss:Type="String">3045</Data></Cell>
    <Cell><Data ss:Type="Number">0.31</Data></Cell>
    <Cell><Data ss:Type="Number">-10.17</Data></Cell>
    <Cell><Data ss:Type="Number">0.16</Data></Cell>
    <Cell><Data ss:Type="Number">-9.56</Data></Cell>
    <Cell><Data ss:Type="Number">-0.09</Data></Cell>
    <Cell><Data ss:Type="Number">-0.9</Data></Cell>
    <Cell><Data ss:Type="Number">22.7</Data></Cell>
    <Cell><Data ss:Type="Number">39.1</Data></Cell>
    <Cell><Data ss:Type="Number">0</Data></Cell>
    <Cell><Data ss:Type="Number">0</Data></Cell>
    <Cell><Data ss:Type="String">2023-12-07 16:16:42.463455</Data></Cell>
   </Row>
   <Row>
    <Cell><Data ss:Type="String">3044</Data></Cell>
    <Cell><Data ss:Type="Number">0.27</Data></Cell>
    <Cell><Data ss:Type="Number">-10.24</Data></Cell>
    <Cell><Data ss:Type="Number">0.16</Data></Cell>
    <Cell><Data ss:Type="Number">-9.52</Data></Cell>
    <Cell><Data ss:Type="Number">-0.04</Data></Cell>
    <Cell><Data ss:Type="Number">-0.9</Data></Cell>
    <Cell><Data ss:Type="Number">22.7</Data></Cell>
    <Cell><Data ss:Type="Number">39.1</Data></Cell>
    <Cell><Data ss:Type="Number">0</Data></Cell>
    <Cell><Data ss:Type="Number">0</Data></Cell>
    <Cell><Data ss:Type="String">2023-12-07 16:16:42.416388</Data></Cell>
   </Row>
   <Row>
    <Cell><Data ss:Type="String">3043</Data></Cell>
    <Cell><Data ss:Type="Number">0.31</Data></Cell>
    <Cell><Data ss:Type="Number">-10.25</Data></Cell>
    <Cell><Data ss:Type="Number">0.19</Data></Cell>
    <Cell><Data ss:Type="Number">-9.49</Data></Cell>
    <Cell><Data ss:Type="Number">-7.0000000000000007E-2</Data></Cell>
    <Cell><Data ss:Type="Number">-0.88</Data></Cell>
    <Cell><Data ss:Type="Number">22.7</Data></Cell>
    <Cell><Data ss:Type="Number">39.1</Data></Cell>
    <Cell><Data ss:Type="Number">0</Data></Cell>
    <Cell><Data ss:Type="Number">0</Data></Cell>
    <Cell><Data ss:Type="String">2023-12-07 16:16:42.372787</Data></Cell>
   </Row>
   <Row>
    <Cell><Data ss:Type="String">3042</Data></Cell>
    <Cell><Data ss:Type="Number">0.28000000000000003</Data></Cell>
    <Cell><Data ss:Type="Number">-9.92</Data></Cell>
    <Cell><Data ss:Type="Number">0.15</Data></Cell>
    <Cell><Data ss:Type="Number">-9.41</Data></Cell>
    <Cell><Data ss:Type="Number">-0.06</Data></Cell>
    <Cell><Data ss:Type="Number">-0.91</Data></Cell>
    <Cell><Data ss:Type="Number">22.7</Data></Cell>
    <Cell><Data ss:Type="Number">39.1</Data></Cell>
    <Cell><Data ss:Type="Number">0</Data></Cell>
    <Cell><Data ss:Type="Number">0</Data></Cell>
    <Cell><Data ss:Type="String">2023-12-07 16:16:42.370143</Data></Cell>
   </Row>
   <Row>
    <Cell><Data ss:Type="String">3041</Data></Cell>
    <Cell><Data ss:Type="Number">0.27</Data></Cell>
    <Cell><Data ss:Type="Number">-9.89</Data></Cell>
    <Cell><Data ss:Type="Number">0.09</Data></Cell>
    <Cell><Data ss:Type="Number">-9.4600000000000009</Data></Cell>
    <Cell><Data ss:Type="Number">-0.09</Data></Cell>
    <Cell><Data ss:Type="Number">-0.89</Data></Cell>
    <Cell><Data ss:Type="Number">22.7</Data></Cell>
    <Cell><Data ss:Type="Number">39.1</Data></Cell>
    <Cell><Data ss:Type="Number">0</Data></Cell>
    <Cell><Data ss:Type="Number">0</Data></Cell>
    <Cell><Data ss:Type="String">2023-12-07 16:16:42.325818</Data></Cell>
   </Row>
   <Row>
    <Cell><Data ss:Type="String">3040</Data></Cell>
    <Cell><Data ss:Type="Number">0.23</Data></Cell>
    <Cell><Data ss:Type="Number">-9.99</Data></Cell>
    <Cell><Data ss:Type="Number">0.25</Data></Cell>
    <Cell><Data ss:Type="Number">-9.5</Data></Cell>
    <Cell><Data ss:Type="Number">-7.0000000000000007E-2</Data></Cell>
    <Cell><Data ss:Type="Number">-0.89</Data></Cell>
    <Cell><Data ss:Type="Number">22.7</Data></Cell>
    <Cell><Data ss:Type="Number">39.1</Data></Cell>
    <Cell><Data ss:Type="Number">0</Data></Cell>
    <Cell><Data ss:Type="Number">0</Data></Cell>
    <Cell><Data ss:Type="String">2023-12-07 16:16:42.279760</Data></Cell>
   </Row>
   <Row>
    <Cell><Data ss:Type="String">3039</Data></Cell>
    <Cell><Data ss:Type="Number">0.19</Data></Cell>
    <Cell><Data ss:Type="Number">-10.28</Data></Cell>
    <Cell><Data ss:Type="Number">0.23</Data></Cell>
    <Cell><Data ss:Type="Number">-9.4600000000000009</Data></Cell>
    <Cell><Data ss:Type="Number">-0.03</Data></Cell>
    <Cell><Data ss:Type="Number">-0.93</Data></Cell>
    <Cell><Data ss:Type="Number">22.7</Data></Cell>
    <Cell><Data ss:Type="Number">39.1</Data></Cell>
    <Cell><Data ss:Type="Number">0</Data></Cell>
    <Cell><Data ss:Type="Number">0</Data></Cell>
    <Cell><Data ss:Type="String">2023-12-07 16:16:42.277918</Data></Cell>
   </Row>
   <Row>
    <Cell><Data ss:Type="String">3038</Data></Cell>
    <Cell><Data ss:Type="Number">0.33</Data></Cell>
    <Cell><Data ss:Type="Number">-9.93</Data></Cell>
    <Cell><Data ss:Type="Number">0.19</Data></Cell>
    <Cell><Data ss:Type="Number">-9.43</Data></Cell>
    <Cell><Data ss:Type="Number">-7.0000000000000007E-2</Data></Cell>
    <Cell><Data ss:Type="Number">-0.9</Data></Cell>
    <Cell><Data ss:Type="Number">22.7</Data></Cell>
    <Cell><Data ss:Type="Number">39.1</Data></Cell>
    <Cell><Data ss:Type="Number">0</Data></Cell>
    <Cell><Data ss:Type="Number">0</Data></Cell>
    <Cell><Data ss:Type="String">2023-12-07 16:16:42.232118</Data></Cell>
   </Row>
   <Row>
    <Cell><Data ss:Type="String">3037</Data></Cell>
    <Cell><Data ss:Type="Number">0.27</Data></Cell>
    <Cell><Data ss:Type="Number">-9.92</Data></Cell>
    <Cell><Data ss:Type="Number">7.0000000000000007E-2</Data></Cell>
    <Cell><Data ss:Type="Number">-9.42</Data></Cell>
    <Cell><Data ss:Type="Number">-0.05</Data></Cell>
    <Cell><Data ss:Type="Number">-0.95</Data></Cell>
    <Cell><Data ss:Type="Number">22.7</Data></Cell>
    <Cell><Data ss:Type="Number">39.1</Data></Cell>
    <Cell><Data ss:Type="Number">0</Data></Cell>
    <Cell><Data ss:Type="Number">0</Data></Cell>
    <Cell><Data ss:Type="String">2023-12-07 16:16:42.230651</Data></Cell>
   </Row>
   <Row>
    <Cell><Data ss:Type="String">3036</Data></Cell>
    <Cell><Data ss:Type="Number">0.32</Data></Cell>
    <Cell><Data ss:Type="Number">-9.9499999999999993</Data></Cell>
    <Cell><Data ss:Type="Number">0.17</Data></Cell>
    <Cell><Data ss:Type="Number">-9.5</Data></Cell>
    <Cell><Data ss:Type="Number">-0.1</Data></Cell>
    <Cell><Data ss:Type="Number">-0.89</Data></Cell>
    <Cell><Data ss:Type="Number">22.7</Data></Cell>
    <Cell><Data ss:Type="Number">39.1</Data></Cell>
    <Cell><Data ss:Type="Number">0</Data></Cell>
    <Cell><Data ss:Type="Number">0</Data></Cell>
    <Cell><Data ss:Type="String">2023-12-07 16:16:42.228999</Data></Cell>
   </Row>
   <Row>
    <Cell><Data ss:Type="String">3035</Data></Cell>
    <Cell><Data ss:Type="Number">0.27</Data></Cell>
    <Cell><Data ss:Type="Number">-10.28</Data></Cell>
    <Cell><Data ss:Type="Number">-0.06</Data></Cell>
    <Cell><Data ss:Type="Number">-9.5399999999999991</Data></Cell>
    <Cell><Data ss:Type="Number">-0.09</Data></Cell>
    <Cell><Data ss:Type="Number">-0.88</Data></Cell>
    <Cell><Data ss:Type="Number">22.7</Data></Cell>
    <Cell><Data ss:Type="Number">39.1</Data></Cell>
    <Cell><Data ss:Type="Number">0</Data></Cell>
    <Cell><Data ss:Type="Number">0</Data></Cell>
    <Cell><Data ss:Type="String">2023-12-07 16:16:42.227414</Data></Cell>
   </Row>
   <Row>
    <Cell><Data ss:Type="String">3034</Data></Cell>
    <Cell><Data ss:Type="Number">0.25</Data></Cell>
    <Cell><Data ss:Type="Number">-10.23</Data></Cell>
    <Cell><Data ss:Type="Number">0.24</Data></Cell>
    <Cell><Data ss:Type="Number">-9.52</Data></Cell>
    <Cell><Data ss:Type="Number">-7.0000000000000007E-2</Data></Cell>
    <Cell><Data ss:Type="Number">-0.93</Data></Cell>
    <Cell><Data ss:Type="Number">22.7</Data></Cell>
    <Cell><Data ss:Type="Number">39.1</Data></Cell>
    <Cell><Data ss:Type="Number">0</Data></Cell>
    <Cell><Data ss:Type="Number">0</Data></Cell>
    <Cell><Data ss:Type="String">2023-12-07 16:16:42.225439</Data></Cell>
   </Row>
   <Row>
    <Cell><Data ss:Type="String">3033</Data></Cell>
    <Cell><Data ss:Type="Number">0.26</Data></Cell>
    <Cell><Data ss:Type="Number">-10.15</Data></Cell>
    <Cell><Data ss:Type="Number">0.14000000000000001</Data></Cell>
    <Cell><Data ss:Type="Number">-9.4600000000000009</Data></Cell>
    <Cell><Data ss:Type="Number">-0.06</Data></Cell>
    <Cell><Data ss:Type="Number">-0.91</Data></Cell>
    <Cell><Data ss:Type="Number">22.7</Data></Cell>
    <Cell><Data ss:Type="Number">39.1</Data></Cell>
    <Cell><Data ss:Type="Number">0</Data></Cell>
    <Cell><Data ss:Type="Number">0</Data></Cell>
    <Cell><Data ss:Type="String">2023-12-07 16:16:42.043518</Data></Cell>
   </Row>
   <Row>
    <Cell><Data ss:Type="String">3032</Data></Cell>
    <Cell><Data ss:Type="Number">0.28000000000000003</Data></Cell>
    <Cell><Data ss:Type="Number">-9.89</Data></Cell>
    <Cell><Data ss:Type="Number">0.12</Data></Cell>
    <Cell><Data ss:Type="Number">-9.42</Data></Cell>
    <Cell><Data ss:Type="Number">-7.0000000000000007E-2</Data></Cell>
    <Cell><Data ss:Type="Number">-0.94</Data></Cell>
    <Cell><Data ss:Type="Number">22.7</Data></Cell>
    <Cell><Data ss:Type="Number">39.1</Data></Cell>
    <Cell><Data ss:Type="Number">0</Data></Cell>
    <Cell><Data ss:Type="Number">0</Data></Cell>
    <Cell><Data ss:Type="String">2023-12-07 16:16:42.040834</Data></Cell>
   </Row>
   <Row>
    <Cell><Data ss:Type="String">3031</Data></Cell>
    <Cell><Data ss:Type="Number">0.31</Data></Cell>
    <Cell><Data ss:Type="Number">-9.99</Data></Cell>
    <Cell><Data ss:Type="Number">0.13</Data></Cell>
    <Cell><Data ss:Type="Number">-9.4600000000000009</Data></Cell>
    <Cell><Data ss:Type="Number">-0.09</Data></Cell>
    <Cell><Data ss:Type="Number">-0.88</Data></Cell>
    <Cell><Data ss:Type="Number">22.7</Data></Cell>
    <Cell><Data ss:Type="Number">39.1</Data></Cell>
    <Cell><Data ss:Type="Number">0</Data></Cell>
    <Cell><Data ss:Type="Number">0</Data></Cell>
    <Cell><Data ss:Type="String">2023-12-07 16:16:41.987133</Data></Cell>
   </Row>
   <Row>
    <Cell><Data ss:Type="String">3030</Data></Cell>
    <Cell><Data ss:Type="Number">0.28999999999999998</Data></Cell>
    <Cell><Data ss:Type="Number">-10.19</Data></Cell>
    <Cell><Data ss:Type="Number">0.16</Data></Cell>
    <Cell><Data ss:Type="Number">-9.57</Data></Cell>
    <Cell><Data ss:Type="Number">-0.06</Data></Cell>
    <Cell><Data ss:Type="Number">-0.9</Data></Cell>
    <Cell><Data ss:Type="Number">22.7</Data></Cell>
    <Cell><Data ss:Type="Number">39.1</Data></Cell>
    <Cell><Data ss:Type="Number">0</Data></Cell>
    <Cell><Data ss:Type="Number">0</Data></Cell>
    <Cell><Data ss:Type="String">2023-12-07 16:16:41.942415</Data></Cell>
   </Row>
   <Row>
    <Cell><Data ss:Type="String">3029</Data></Cell>
    <Cell><Data ss:Type="Number">0.25</Data></Cell>
    <Cell><Data ss:Type="Number">-10.119999999999999</Data></Cell>
    <Cell><Data ss:Type="Number">0.13</Data></Cell>
    <Cell><Data ss:Type="Number">-9.4700000000000006</Data></Cell>
    <Cell><Data ss:Type="Number">-0.06</Data></Cell>
    <Cell><Data ss:Type="Number">-0.93</Data></Cell>
    <Cell><Data ss:Type="Number">22.7</Data></Cell>
    <Cell><Data ss:Type="Number">39.1</Data></Cell>
    <Cell><Data ss:Type="Number">0</Data></Cell>
    <Cell><Data ss:Type="Number">0</Data></Cell>
    <Cell><Data ss:Type="String">2023-12-07 16:16:41.940658</Data></Cell>
   </Row>
   <Row>
    <Cell><Data ss:Type="String">3028</Data></Cell>
    <Cell><Data ss:Type="Number">0.34</Data></Cell>
    <Cell><Data ss:Type="Number">-9.91</Data></Cell>
    <Cell><Data ss:Type="Number">0.16</Data></Cell>
    <Cell><Data ss:Type="Number">-9.4</Data></Cell>
    <Cell><Data ss:Type="Number">-0.11</Data></Cell>
    <Cell><Data ss:Type="Number">-0.9</Data></Cell>
    <Cell><Data ss:Type="Number">22.7</Data></Cell>
    <Cell><Data ss:Type="Number">39.1</Data></Cell>
    <Cell><Data ss:Type="Number">0</Data></Cell>
    <Cell><Data ss:Type="Number">0</Data></Cell>
    <Cell><Data ss:Type="String">2023-12-07 16:16:41.897087</Data></Cell>
   </Row>
   <Row>
    <Cell><Data ss:Type="String">3027</Data></Cell>
    <Cell><Data ss:Type="Number">0.28999999999999998</Data></Cell>
    <Cell><Data ss:Type="Number">-9.98</Data></Cell>
    <Cell><Data ss:Type="Number">0.1</Data></Cell>
    <Cell><Data ss:Type="Number">-9.5</Data></Cell>
    <Cell><Data ss:Type="Number">-0.05</Data></Cell>
    <Cell><Data ss:Type="Number">-0.96</Data></Cell>
    <Cell><Data ss:Type="Number">22.7</Data></Cell>
    <Cell><Data ss:Type="Number">39.1</Data></Cell>
    <Cell><Data ss:Type="Number">0</Data></Cell>
    <Cell><Data ss:Type="Number">0</Data></Cell>
    <Cell><Data ss:Type="String">2023-12-07 16:16:41.850301</Data></Cell>
   </Row>
   <Row>
    <Cell><Data ss:Type="String">3026</Data></Cell>
    <Cell><Data ss:Type="Number">0.41</Data></Cell>
    <Cell><Data ss:Type="Number">-10.07</Data></Cell>
    <Cell><Data ss:Type="Number">0.18</Data></Cell>
    <Cell><Data ss:Type="Number">-9.52</Data></Cell>
    <Cell><Data ss:Type="Number">-0.04</Data></Cell>
    <Cell><Data ss:Type="Number">-0.85</Data></Cell>
    <Cell><Data ss:Type="Number">22.7</Data></Cell>
    <Cell><Data ss:Type="Number">39.1</Data></Cell>
    <Cell><Data ss:Type="Number">0</Data></Cell>
    <Cell><Data ss:Type="Number">0</Data></Cell>
    <Cell><Data ss:Type="String">2023-12-07 16:16:41.848714</Data></Cell>
   </Row>
   <Row>
    <Cell><Data ss:Type="String">3025</Data></Cell>
    <Cell><Data ss:Type="Number">0.28000000000000003</Data></Cell>
    <Cell><Data ss:Type="Number">-10.31</Data></Cell>
    <Cell><Data ss:Type="Number">0.11</Data></Cell>
    <Cell><Data ss:Type="Number">-9.56</Data></Cell>
    <Cell><Data ss:Type="Number">-7.0000000000000007E-2</Data></Cell>
    <Cell><Data ss:Type="Number">-0.91</Data></Cell>
    <Cell><Data ss:Type="Number">22.7</Data></Cell>
    <Cell><Data ss:Type="Number">39.1</Data></Cell>
    <Cell><Data ss:Type="Number">0</Data></Cell>
    <Cell><Data ss:Type="Number">0</Data></Cell>
    <Cell><Data ss:Type="String">2023-12-07 16:16:41.847064</Data></Cell>
   </Row>
   <Row>
    <Cell><Data ss:Type="String">3024</Data></Cell>
    <Cell><Data ss:Type="Number">0.25</Data></Cell>
    <Cell><Data ss:Type="Number">-10.07</Data></Cell>
    <Cell><Data ss:Type="Number">0.15</Data></Cell>
    <Cell><Data ss:Type="Number">-9.4499999999999993</Data></Cell>
    <Cell><Data ss:Type="Number">-0.1</Data></Cell>
    <Cell><Data ss:Type="Number">-0.92</Data></Cell>
    <Cell><Data ss:Type="Number">22.7</Data></Cell>
    <Cell><Data ss:Type="Number">39.1</Data></Cell>
    <Cell><Data ss:Type="Number">0</Data></Cell>
    <Cell><Data ss:Type="Number">0</Data></Cell>
    <Cell><Data ss:Type="String">2023-12-07 16:16:41.845283</Data></Cell>
   </Row>
   <Row>
    <Cell><Data ss:Type="String">3023</Data></Cell>
    <Cell><Data ss:Type="Number">0.28999999999999998</Data></Cell>
    <Cell><Data ss:Type="Number">-10.01</Data></Cell>
    <Cell><Data ss:Type="Number">0.18</Data></Cell>
    <Cell><Data ss:Type="Number">-9.4</Data></Cell>
    <Cell><Data ss:Type="Number">-7.0000000000000007E-2</Data></Cell>
    <Cell><Data ss:Type="Number">-0.86</Data></Cell>
    <Cell><Data ss:Type="Number">22.7</Data></Cell>
    <Cell><Data ss:Type="Number">39.1</Data></Cell>
    <Cell><Data ss:Type="Number">0</Data></Cell>
    <Cell><Data ss:Type="Number">0</Data></Cell>
    <Cell><Data ss:Type="String">2023-12-07 16:16:41.843589</Data></Cell>
   </Row>
   <Row>
    <Cell><Data ss:Type="String">3022</Data></Cell>
    <Cell><Data ss:Type="Number">0.21</Data></Cell>
    <Cell><Data ss:Type="Number">-9.9499999999999993</Data></Cell>
    <Cell><Data ss:Type="Number">0.03</Data></Cell>
    <Cell><Data ss:Type="Number">-9.48</Data></Cell>
    <Cell><Data ss:Type="Number">-7.0000000000000007E-2</Data></Cell>
    <Cell><Data ss:Type="Number">-0.96</Data></Cell>
    <Cell><Data ss:Type="Number">22.7</Data></Cell>
    <Cell><Data ss:Type="Number">39.1</Data></Cell>
    <Cell><Data ss:Type="Number">0</Data></Cell>
    <Cell><Data ss:Type="Number">0</Data></Cell>
    <Cell><Data ss:Type="String">2023-12-07 16:16:41.841883</Data></Cell>
   </Row>
   <Row>
    <Cell><Data ss:Type="String">3021</Data></Cell>
    <Cell><Data ss:Type="Number">0.24</Data></Cell>
    <Cell><Data ss:Type="Number">-10.119999999999999</Data></Cell>
    <Cell><Data ss:Type="Number">0.23</Data></Cell>
    <Cell><Data ss:Type="Number">-9.5</Data></Cell>
    <Cell><Data ss:Type="Number">-0.02</Data></Cell>
    <Cell><Data ss:Type="Number">-0.82</Data></Cell>
    <Cell><Data ss:Type="Number">22.7</Data></Cell>
    <Cell><Data ss:Type="Number">39.1</Data></Cell>
    <Cell><Data ss:Type="Number">0</Data></Cell>
    <Cell><Data ss:Type="Number">0</Data></Cell>
    <Cell><Data ss:Type="String">2023-12-07 16:16:41.840211</Data></Cell>
   </Row>
   <Row>
    <Cell><Data ss:Type="String">3020</Data></Cell>
    <Cell><Data ss:Type="Number">0.34</Data></Cell>
    <Cell><Data ss:Type="Number">-10.31</Data></Cell>
    <Cell><Data ss:Type="Number">0.1</Data></Cell>
    <Cell><Data ss:Type="Number">-9.59</Data></Cell>
    <Cell><Data ss:Type="Number">-0.11</Data></Cell>
    <Cell><Data ss:Type="Number">-0.95</Data></Cell>
    <Cell><Data ss:Type="Number">22.7</Data></Cell>
    <Cell><Data ss:Type="Number">39.1</Data></Cell>
    <Cell><Data ss:Type="Number">0</Data></Cell>
    <Cell><Data ss:Type="Number">0</Data></Cell>
    <Cell><Data ss:Type="String">2023-12-07 16:16:41.614437</Data></Cell>
   </Row>
   <Row>
    <Cell><Data ss:Type="String">3019</Data></Cell>
    <Cell><Data ss:Type="Number">0.39</Data></Cell>
    <Cell><Data ss:Type="Number">-10.15</Data></Cell>
    <Cell><Data ss:Type="Number">0.35</Data></Cell>
    <Cell><Data ss:Type="Number">-9.5299999999999994</Data></Cell>
    <Cell><Data ss:Type="Number">-0.12</Data></Cell>
    <Cell><Data ss:Type="Number">-0.83</Data></Cell>
    <Cell><Data ss:Type="Number">22.7</Data></Cell>
    <Cell><Data ss:Type="Number">39.1</Data></Cell>
    <Cell><Data ss:Type="Number">0</Data></Cell>
    <Cell><Data ss:Type="Number">0</Data></Cell>
    <Cell><Data ss:Type="String">2023-12-07 16:16:41.612814</Data></Cell>
   </Row>
   <Row>
    <Cell><Data ss:Type="String">3018</Data></Cell>
    <Cell><Data ss:Type="Number">0.35</Data></Cell>
    <Cell><Data ss:Type="Number">-10.01</Data></Cell>
    <Cell><Data ss:Type="Number">0.2</Data></Cell>
    <Cell><Data ss:Type="Number">-9.43</Data></Cell>
    <Cell><Data ss:Type="Number">-0.19</Data></Cell>
    <Cell><Data ss:Type="Number">-0.91</Data></Cell>
    <Cell><Data ss:Type="Number">22.7</Data></Cell>
    <Cell><Data ss:Type="Number">39.1</Data></Cell>
    <Cell><Data ss:Type="Number">0</Data></Cell>
    <Cell><Data ss:Type="Number">0</Data></Cell>
    <Cell><Data ss:Type="String">2023-12-07 16:16:41.611015</Data></Cell>
   </Row>
   <Row>
    <Cell><Data ss:Type="String">3017</Data></Cell>
    <Cell><Data ss:Type="Number">-0.23</Data></Cell>
    <Cell><Data ss:Type="Number">-9.86</Data></Cell>
    <Cell><Data ss:Type="Number">-0.25</Data></Cell>
    <Cell><Data ss:Type="Number">-9.51</Data></Cell>
    <Cell><Data ss:Type="Number">0.15</Data></Cell>
    <Cell><Data ss:Type="Number">-0.98</Data></Cell>
    <Cell><Data ss:Type="Number">22.7</Data></Cell>
    <Cell><Data ss:Type="Number">39.1</Data></Cell>
    <Cell><Data ss:Type="Number">0</Data></Cell>
    <Cell><Data ss:Type="Number">0</Data></Cell>
    <Cell><Data ss:Type="String">2023-12-07 16:16:41.527128</Data></Cell>
   </Row>
   <Row>
    <Cell><Data ss:Type="String">3016</Data></Cell>
    <Cell><Data ss:Type="Number">-0.05</Data></Cell>
    <Cell><Data ss:Type="Number">-10.19</Data></Cell>
    <Cell><Data ss:Type="Number">-0.08</Data></Cell>
    <Cell><Data ss:Type="Number">-9.52</Data></Cell>
    <Cell><Data ss:Type="Number">0.26</Data></Cell>
    <Cell><Data ss:Type="Number">-0.86</Data></Cell>
    <Cell><Data ss:Type="Number">22.7</Data></Cell>
    <Cell><Data ss:Type="Number">39.1</Data></Cell>
    <Cell><Data ss:Type="Number">0</Data></Cell>
    <Cell><Data ss:Type="Number">0</Data></Cell>
    <Cell><Data ss:Type="String">2023-12-07 16:16:41.479655</Data></Cell>
   </Row>
   <Row>
    <Cell><Data ss:Type="String">3015</Data></Cell>
    <Cell><Data ss:Type="Number">1.47</Data></Cell>
    <Cell><Data ss:Type="Number">-10.14</Data></Cell>
    <Cell><Data ss:Type="Number">0.66</Data></Cell>
    <Cell><Data ss:Type="Number">-9.51</Data></Cell>
    <Cell><Data ss:Type="Number">-0.3</Data></Cell>
    <Cell><Data ss:Type="Number">-1</Data></Cell>
    <Cell><Data ss:Type="Number">22.7</Data></Cell>
    <Cell><Data ss:Type="Number">39.1</Data></Cell>
    <Cell><Data ss:Type="Number">0</Data></Cell>
    <Cell><Data ss:Type="Number">0</Data></Cell>
    <Cell><Data ss:Type="String">2023-12-07 16:16:41.436085</Data></Cell>
   </Row>
   <Row>
    <Cell><Data ss:Type="String">3014</Data></Cell>
    <Cell><Data ss:Type="Number">1.82</Data></Cell>
    <Cell><Data ss:Type="Number">-9.65</Data></Cell>
    <Cell><Data ss:Type="Number">1.35</Data></Cell>
    <Cell><Data ss:Type="Number">-9.31</Data></Cell>
    <Cell><Data ss:Type="Number">-1.03</Data></Cell>
    <Cell><Data ss:Type="Number">-0.6</Data></Cell>
    <Cell><Data ss:Type="Number">22.7</Data></Cell>
    <Cell><Data ss:Type="Number">39.1</Data></Cell>
    <Cell><Data ss:Type="Number">0</Data></Cell>
    <Cell><Data ss:Type="Number">0</Data></Cell>
    <Cell><Data ss:Type="String">2023-12-07 16:16:41.434135</Data></Cell>
   </Row>
   <Row>
    <Cell><Data ss:Type="String">3013</Data></Cell>
    <Cell><Data ss:Type="Number">0.98</Data></Cell>
    <Cell><Data ss:Type="Number">-11.35</Data></Cell>
    <Cell><Data ss:Type="Number">-0.61</Data></Cell>
    <Cell><Data ss:Type="Number">-9.69</Data></Cell>
    <Cell><Data ss:Type="Number">0.34</Data></Cell>
    <Cell><Data ss:Type="Number">-1.02</Data></Cell>
    <Cell><Data ss:Type="Number">22.7</Data></Cell>
    <Cell><Data ss:Type="Number">39.1</Data></Cell>
    <Cell><Data ss:Type="Number">0</Data></Cell>
    <Cell><Data ss:Type="Number">0</Data></Cell>
    <Cell><Data ss:Type="String">2023-12-07 16:16:41.388237</Data></Cell>
   </Row>
   <Row>
    <Cell><Data ss:Type="String">3012</Data></Cell>
    <Cell><Data ss:Type="Number">-3.31</Data></Cell>
    <Cell><Data ss:Type="Number">-11.38</Data></Cell>
    <Cell><Data ss:Type="Number">-1.08</Data></Cell>
    <Cell><Data ss:Type="Number">-6.44</Data></Cell>
    <Cell><Data ss:Type="Number">2.12</Data></Cell>
    <Cell><Data ss:Type="Number">-0.51</Data></Cell>
    <Cell><Data ss:Type="Number">22.7</Data></Cell>
    <Cell><Data ss:Type="Number">39.1</Data></Cell>
    <Cell><Data ss:Type="Number">0</Data></Cell>
    <Cell><Data ss:Type="Number">0</Data></Cell>
    <Cell><Data ss:Type="String">2023-12-07 16:16:41.343686</Data></Cell>
   </Row>
   <Row>
    <Cell><Data ss:Type="String">3011</Data></Cell>
    <Cell><Data ss:Type="Number">0.23</Data></Cell>
    <Cell><Data ss:Type="Number">-10.06</Data></Cell>
    <Cell><Data ss:Type="Number">0.43</Data></Cell>
    <Cell><Data ss:Type="Number">-9.56</Data></Cell>
    <Cell><Data ss:Type="Number">-0.05</Data></Cell>
    <Cell><Data ss:Type="Number">-0.91</Data></Cell>
    <Cell><Data ss:Type="Number">22.7</Data></Cell>
    <Cell><Data ss:Type="Number">39.1</Data></Cell>
    <Cell><Data ss:Type="Number">0</Data></Cell>
    <Cell><Data ss:Type="Number">0</Data></Cell>
    <Cell><Data ss:Type="String">2023-12-07 16:16:41.341950</Data></Cell>
   </Row>
   <Row>
    <Cell><Data ss:Type="String">3010</Data></Cell>
    <Cell><Data ss:Type="Number">0.52</Data></Cell>
    <Cell><Data ss:Type="Number">-9.98</Data></Cell>
    <Cell><Data ss:Type="Number">0.52</Data></Cell>
    <Cell><Data ss:Type="Number">-9.59</Data></Cell>
    <Cell><Data ss:Type="Number">-0.14000000000000001</Data></Cell>
    <Cell><Data ss:Type="Number">-0.86</Data></Cell>
    <Cell><Data ss:Type="Number">22.7</Data></Cell>
    <Cell><Data ss:Type="Number">39.1</Data></Cell>
    <Cell><Data ss:Type="Number">0</Data></Cell>
    <Cell><Data ss:Type="Number">0</Data></Cell>
    <Cell><Data ss:Type="String">2023-12-07 16:16:41.295440</Data></Cell>
   </Row>
   <Row>
    <Cell><Data ss:Type="String">3009</Data></Cell>
    <Cell><Data ss:Type="Number">-0.32</Data></Cell>
    <Cell><Data ss:Type="Number">-9.89</Data></Cell>
    <Cell><Data ss:Type="Number">-0.2</Data></Cell>
    <Cell><Data ss:Type="Number">-9.5</Data></Cell>
    <Cell><Data ss:Type="Number">-0.05</Data></Cell>
    <Cell><Data ss:Type="Number">-0.92</Data></Cell>
    <Cell><Data ss:Type="Number">22.7</Data></Cell>
    <Cell><Data ss:Type="Number">39.1</Data></Cell>
    <Cell><Data ss:Type="Number">0</Data></Cell>
    <Cell><Data ss:Type="Number">0</Data></Cell>
    <Cell><Data ss:Type="String">2023-12-07 16:16:41.242069</Data></Cell>
   </Row>
   <Row>
    <Cell><Data ss:Type="String">3008</Data></Cell>
    <Cell><Data ss:Type="Number">-0.23</Data></Cell>
    <Cell><Data ss:Type="Number">-9.7200000000000006</Data></Cell>
    <Cell><Data ss:Type="Number">0</Data></Cell>
    <Cell><Data ss:Type="Number">-9.6</Data></Cell>
    <Cell><Data ss:Type="Number">-0.06</Data></Cell>
    <Cell><Data ss:Type="Number">-0.91</Data></Cell>
    <Cell><Data ss:Type="Number">22.7</Data></Cell>
    <Cell><Data ss:Type="Number">39.1</Data></Cell>
    <Cell><Data ss:Type="Number">0</Data></Cell>
    <Cell><Data ss:Type="Number">0</Data></Cell>
    <Cell><Data ss:Type="String">2023-12-07 16:16:41.240139</Data></Cell>
   </Row>
   <Row>
    <Cell><Data ss:Type="String">3007</Data></Cell>
    <Cell><Data ss:Type="Number">0.24</Data></Cell>
    <Cell><Data ss:Type="Number">-10.42</Data></Cell>
    <Cell><Data ss:Type="Number">0.03</Data></Cell>
    <Cell><Data ss:Type="Number">-9.4700000000000006</Data></Cell>
    <Cell><Data ss:Type="Number">-0.01</Data></Cell>
    <Cell><Data ss:Type="Number">-0.85</Data></Cell>
    <Cell><Data ss:Type="Number">22.7</Data></Cell>
    <Cell><Data ss:Type="Number">39.1</Data></Cell>
    <Cell><Data ss:Type="Number">0</Data></Cell>
    <Cell><Data ss:Type="Number">0</Data></Cell>
    <Cell><Data ss:Type="String">2023-12-07 16:16:41.237596</Data></Cell>
   </Row>
   <Row>
    <Cell><Data ss:Type="String">3006</Data></Cell>
    <Cell><Data ss:Type="Number">0.13</Data></Cell>
    <Cell><Data ss:Type="Number">-9.89</Data></Cell>
    <Cell><Data ss:Type="Number">0.31</Data></Cell>
    <Cell><Data ss:Type="Number">-9.4499999999999993</Data></Cell>
    <Cell><Data ss:Type="Number">-0.06</Data></Cell>
    <Cell><Data ss:Type="Number">-0.91</Data></Cell>
    <Cell><Data ss:Type="Number">22.7</Data></Cell>
    <Cell><Data ss:Type="Number">39.1</Data></Cell>
    <Cell><Data ss:Type="Number">0</Data></Cell>
    <Cell><Data ss:Type="Number">0</Data></Cell>
    <Cell><Data ss:Type="String">2023-12-07 16:16:41.235109</Data></Cell>
   </Row>
   <Row>
    <Cell><Data ss:Type="String">3005</Data></Cell>
    <Cell><Data ss:Type="Number">0.37</Data></Cell>
    <Cell><Data ss:Type="Number">-10.5</Data></Cell>
    <Cell><Data ss:Type="Number">0.08</Data></Cell>
    <Cell><Data ss:Type="Number">-9.3800000000000008</Data></Cell>
    <Cell><Data ss:Type="Number">-0.04</Data></Cell>
    <Cell><Data ss:Type="Number">-0.95</Data></Cell>
    <Cell><Data ss:Type="Number">22.7</Data></Cell>
    <Cell><Data ss:Type="Number">39.1</Data></Cell>
    <Cell><Data ss:Type="Number">0</Data></Cell>
    <Cell><Data ss:Type="Number">0</Data></Cell>
    <Cell><Data ss:Type="String">2023-12-07 16:16:41.232943</Data></Cell>
   </Row>
   <Row>
    <Cell><Data ss:Type="String">3004</Data></Cell>
    <Cell><Data ss:Type="Number">0.41</Data></Cell>
    <Cell><Data ss:Type="Number">-10.29</Data></Cell>
    <Cell><Data ss:Type="Number">-0.01</Data></Cell>
    <Cell><Data ss:Type="Number">-9.44</Data></Cell>
    <Cell><Data ss:Type="Number">-7.0000000000000007E-2</Data></Cell>
    <Cell><Data ss:Type="Number">-0.96</Data></Cell>
    <Cell><Data ss:Type="Number">22.7</Data></Cell>
    <Cell><Data ss:Type="Number">39.1</Data></Cell>
    <Cell><Data ss:Type="Number">0</Data></Cell>
    <Cell><Data ss:Type="Number">0</Data></Cell>
    <Cell><Data ss:Type="String">2023-12-07 16:16:41.231148</Data></Cell>
   </Row>
   <Row>
    <Cell><Data ss:Type="String">3003</Data></Cell>
    <Cell><Data ss:Type="Number">0.01</Data></Cell>
    <Cell><Data ss:Type="Number">-9.92</Data></Cell>
    <Cell><Data ss:Type="Number">0.33</Data></Cell>
    <Cell><Data ss:Type="Number">-9.5299999999999994</Data></Cell>
    <Cell><Data ss:Type="Number">-0.11</Data></Cell>
    <Cell><Data ss:Type="Number">-0.85</Data></Cell>
    <Cell><Data ss:Type="Number">22.7</Data></Cell>
    <Cell><Data ss:Type="Number">39.1</Data></Cell>
    <Cell><Data ss:Type="Number">0</Data></Cell>
    <Cell><Data ss:Type="Number">0</Data></Cell>
    <Cell><Data ss:Type="String">2023-12-07 16:16:41.229589</Data></Cell>
   </Row>
   <Row>
    <Cell><Data ss:Type="String">3002</Data></Cell>
    <Cell><Data ss:Type="Number">-0.06</Data></Cell>
    <Cell><Data ss:Type="Number">-10.61</Data></Cell>
    <Cell><Data ss:Type="Number">-0.19</Data></Cell>
    <Cell><Data ss:Type="Number">-9.66</Data></Cell>
    <Cell><Data ss:Type="Number">-0.16</Data></Cell>
    <Cell><Data ss:Type="Number">-0.96</Data></Cell>
    <Cell><Data ss:Type="Number">22.7</Data></Cell>
    <Cell><Data ss:Type="Number">39.1</Data></Cell>
    <Cell><Data ss:Type="Number">0</Data></Cell>
    <Cell><Data ss:Type="Number">0</Data></Cell>
    <Cell><Data ss:Type="String">2023-12-07 16:16:41.227699</Data></Cell>
   </Row>
   <Row>
    <Cell><Data ss:Type="String">3001</Data></Cell>
    <Cell><Data ss:Type="Number">-0.11</Data></Cell>
    <Cell><Data ss:Type="Number">-10.39</Data></Cell>
    <Cell><Data ss:Type="Number">0.13</Data></Cell>
    <Cell><Data ss:Type="Number">-9.44</Data></Cell>
    <Cell><Data ss:Type="Number">-0.06</Data></Cell>
    <Cell><Data ss:Type="Number">-0.89</Data></Cell>
    <Cell><Data ss:Type="Number">22.7</Data></Cell>
    <Cell><Data ss:Type="Number">39.1</Data></Cell>
    <Cell><Data ss:Type="Number">0</Data></Cell>
    <Cell><Data ss:Type="Number">0</Data></Cell>
    <Cell><Data ss:Type="String">2023-12-07 16:16:40.997651</Data></Cell>
   </Row>
   <Row>
    <Cell><Data ss:Type="String">3000</Data></Cell>
    <Cell><Data ss:Type="Number">-0.26</Data></Cell>
    <Cell><Data ss:Type="Number">-10.6</Data></Cell>
    <Cell><Data ss:Type="Number">-0.7</Data></Cell>
    <Cell><Data ss:Type="Number">-9.61</Data></Cell>
    <Cell><Data ss:Type="Number">-0.04</Data></Cell>
    <Cell><Data ss:Type="Number">-0.93</Data></Cell>
    <Cell><Data ss:Type="Number">22.7</Data></Cell>
    <Cell><Data ss:Type="Number">39.1</Data></Cell>
    <Cell><Data ss:Type="Number">0</Data></Cell>
    <Cell><Data ss:Type="Number">0</Data></Cell>
    <Cell><Data ss:Type="String">2023-12-07 16:16:40.996058</Data></Cell>
   </Row>
   <Row>
    <Cell><Data ss:Type="String">2999</Data></Cell>
    <Cell><Data ss:Type="Number">0.45</Data></Cell>
    <Cell><Data ss:Type="Number">-10.19</Data></Cell>
    <Cell><Data ss:Type="Number">0.2</Data></Cell>
    <Cell><Data ss:Type="Number">-9.6199999999999992</Data></Cell>
    <Cell><Data ss:Type="Number">-0.11</Data></Cell>
    <Cell><Data ss:Type="Number">-0.91</Data></Cell>
    <Cell><Data ss:Type="Number">22.7</Data></Cell>
    <Cell><Data ss:Type="Number">39.1</Data></Cell>
    <Cell><Data ss:Type="Number">0</Data></Cell>
    <Cell><Data ss:Type="Number">0</Data></Cell>
    <Cell><Data ss:Type="String">2023-12-07 16:16:40.896480</Data></Cell>
   </Row>
   <Row>
    <Cell><Data ss:Type="String">2998</Data></Cell>
    <Cell><Data ss:Type="Number">-0.1</Data></Cell>
    <Cell><Data ss:Type="Number">-10.41</Data></Cell>
    <Cell><Data ss:Type="Number">0.2</Data></Cell>
    <Cell><Data ss:Type="Number">-9.49</Data></Cell>
    <Cell><Data ss:Type="Number">-0.02</Data></Cell>
    <Cell><Data ss:Type="Number">-0.89</Data></Cell>
    <Cell><Data ss:Type="Number">22.7</Data></Cell>
    <Cell><Data ss:Type="Number">39.1</Data></Cell>
    <Cell><Data ss:Type="Number">0</Data></Cell>
    <Cell><Data ss:Type="Number">0</Data></Cell>
    <Cell><Data ss:Type="String">2023-12-07 16:16:40.894738</Data></Cell>
   </Row>
   <Row>
    <Cell><Data ss:Type="String">2997</Data></Cell>
    <Cell><Data ss:Type="Number">0.06</Data></Cell>
    <Cell><Data ss:Type="Number">-10.119999999999999</Data></Cell>
    <Cell><Data ss:Type="Number">-0.15</Data></Cell>
    <Cell><Data ss:Type="Number">-9.43</Data></Cell>
    <Cell><Data ss:Type="Number">-7.0000000000000007E-2</Data></Cell>
    <Cell><Data ss:Type="Number">-0.93</Data></Cell>
    <Cell><Data ss:Type="Number">22.7</Data></Cell>
    <Cell><Data ss:Type="Number">39.1</Data></Cell>
    <Cell><Data ss:Type="Number">0</Data></Cell>
    <Cell><Data ss:Type="Number">0</Data></Cell>
    <Cell><Data ss:Type="String">2023-12-07 16:16:40.848603</Data></Cell>
   </Row>
   <Row>
    <Cell><Data ss:Type="String">2996</Data></Cell>
    <Cell><Data ss:Type="Number">0.34</Data></Cell>
    <Cell><Data ss:Type="Number">-10.06</Data></Cell>
    <Cell><Data ss:Type="Number">0.43</Data></Cell>
    <Cell><Data ss:Type="Number">-9.4600000000000009</Data></Cell>
    <Cell><Data ss:Type="Number">-0.08</Data></Cell>
    <Cell><Data ss:Type="Number">-0.88</Data></Cell>
    <Cell><Data ss:Type="Number">22.8</Data></Cell>
    <Cell><Data ss:Type="Number">39.1</Data></Cell>
    <Cell><Data ss:Type="Number">0</Data></Cell>
    <Cell><Data ss:Type="Number">0</Data></Cell>
    <Cell><Data ss:Type="String">2023-12-07 16:16:40.804101</Data></Cell>
   </Row>
   <Row>
    <Cell><Data ss:Type="String">2995</Data></Cell>
    <Cell><Data ss:Type="Number">0.05</Data></Cell>
    <Cell><Data ss:Type="Number">-10</Data></Cell>
    <Cell><Data ss:Type="Number">0.51</Data></Cell>
    <Cell><Data ss:Type="Number">-9.36</Data></Cell>
    <Cell><Data ss:Type="Number">-0.11</Data></Cell>
    <Cell><Data ss:Type="Number">-0.92</Data></Cell>
    <Cell><Data ss:Type="Number">22.8</Data></Cell>
    <Cell><Data ss:Type="Number">39.1</Data></Cell>
    <Cell><Data ss:Type="Number">0</Data></Cell>
    <Cell><Data ss:Type="Number">0</Data></Cell>
    <Cell><Data ss:Type="String">2023-12-07 16:16:40.747611</Data></Cell>
   </Row>
   <Row>
    <Cell><Data ss:Type="String">2994</Data></Cell>
    <Cell><Data ss:Type="Number">0.15</Data></Cell>
    <Cell><Data ss:Type="Number">-9.44</Data></Cell>
    <Cell><Data ss:Type="Number">-0.22</Data></Cell>
    <Cell><Data ss:Type="Number">-9.26</Data></Cell>
    <Cell><Data ss:Type="Number">-7.0000000000000007E-2</Data></Cell>
    <Cell><Data ss:Type="Number">-1.01</Data></Cell>
    <Cell><Data ss:Type="Number">22.8</Data></Cell>
    <Cell><Data ss:Type="Number">39.1</Data></Cell>
    <Cell><Data ss:Type="Number">0</Data></Cell>
    <Cell><Data ss:Type="Number">0</Data></Cell>
    <Cell><Data ss:Type="String">2023-12-07 16:16:40.714671</Data></Cell>
   </Row>
   <Row>
    <Cell><Data ss:Type="String">2993</Data></Cell>
    <Cell><Data ss:Type="Number">0.75</Data></Cell>
    <Cell><Data ss:Type="Number">-10.02</Data></Cell>
    <Cell><Data ss:Type="Number">0.46</Data></Cell>
    <Cell><Data ss:Type="Number">-9.5</Data></Cell>
    <Cell><Data ss:Type="Number">-7.0000000000000007E-2</Data></Cell>
    <Cell><Data ss:Type="Number">-0.87</Data></Cell>
    <Cell><Data ss:Type="Number">22.8</Data></Cell>
    <Cell><Data ss:Type="Number">39.1</Data></Cell>
    <Cell><Data ss:Type="Number">0</Data></Cell>
    <Cell><Data ss:Type="Number">0</Data></Cell>
    <Cell><Data ss:Type="String">2023-12-07 16:16:40.713046</Data></Cell>
   </Row>
   <Row>
    <Cell><Data ss:Type="String">2992</Data></Cell>
    <Cell><Data ss:Type="Number">0.37</Data></Cell>
    <Cell><Data ss:Type="Number">-10.26</Data></Cell>
    <Cell><Data ss:Type="Number">-0.09</Data></Cell>
    <Cell><Data ss:Type="Number">-9.58</Data></Cell>
    <Cell><Data ss:Type="Number">-0.03</Data></Cell>
    <Cell><Data ss:Type="Number">-0.9</Data></Cell>
    <Cell><Data ss:Type="Number">22.8</Data></Cell>
    <Cell><Data ss:Type="Number">39.1</Data></Cell>
    <Cell><Data ss:Type="Number">0</Data></Cell>
    <Cell><Data ss:Type="Number">0</Data></Cell>
    <Cell><Data ss:Type="String">2023-12-07 16:16:40.667323</Data></Cell>
   </Row>
   <Row>
    <Cell><Data ss:Type="String">2991</Data></Cell>
    <Cell><Data ss:Type="Number">7.0000000000000007E-2</Data></Cell>
    <Cell><Data ss:Type="Number">-9.92</Data></Cell>
    <Cell><Data ss:Type="Number">-0.02</Data></Cell>
    <Cell><Data ss:Type="Number">-9.43</Data></Cell>
    <Cell><Data ss:Type="Number">0</Data></Cell>
    <Cell><Data ss:Type="Number">-0.93</Data></Cell>
    <Cell><Data ss:Type="Number">22.8</Data></Cell>
    <Cell><Data ss:Type="Number">39.1</Data></Cell>
    <Cell><Data ss:Type="Number">0</Data></Cell>
    <Cell><Data ss:Type="Number">0</Data></Cell>
    <Cell><Data ss:Type="String">2023-12-07 16:16:40.623709</Data></Cell>
   </Row>
   <Row>
    <Cell><Data ss:Type="String">2990</Data></Cell>
    <Cell><Data ss:Type="Number">0.5</Data></Cell>
    <Cell><Data ss:Type="Number">-9.7799999999999994</Data></Cell>
    <Cell><Data ss:Type="Number">0.41</Data></Cell>
    <Cell><Data ss:Type="Number">-9.36</Data></Cell>
    <Cell><Data ss:Type="Number">-0.05</Data></Cell>
    <Cell><Data ss:Type="Number">-0.9</Data></Cell>
    <Cell><Data ss:Type="Number">22.8</Data></Cell>
    <Cell><Data ss:Type="Number">39.1</Data></Cell>
    <Cell><Data ss:Type="Number">0</Data></Cell>
    <Cell><Data ss:Type="Number">0</Data></Cell>
    <Cell><Data ss:Type="String">2023-12-07 16:16:40.621678</Data></Cell>
   </Row>
   <Row>
    <Cell><Data ss:Type="String">2989</Data></Cell>
    <Cell><Data ss:Type="Number">7.0000000000000007E-2</Data></Cell>
    <Cell><Data ss:Type="Number">-9.81</Data></Cell>
    <Cell><Data ss:Type="Number">-0.08</Data></Cell>
    <Cell><Data ss:Type="Number">-9.39</Data></Cell>
    <Cell><Data ss:Type="Number">-0.04</Data></Cell>
    <Cell><Data ss:Type="Number">-0.94</Data></Cell>
    <Cell><Data ss:Type="Number">22.8</Data></Cell>
    <Cell><Data ss:Type="Number">39.1</Data></Cell>
    <Cell><Data ss:Type="Number">0</Data></Cell>
    <Cell><Data ss:Type="Number">0</Data></Cell>
    <Cell><Data ss:Type="String">2023-12-07 16:16:40.618736</Data></Cell>
   </Row>
   <Row>
    <Cell><Data ss:Type="String">2988</Data></Cell>
    <Cell><Data ss:Type="Number">0.16</Data></Cell>
    <Cell><Data ss:Type="Number">-10.57</Data></Cell>
    <Cell><Data ss:Type="Number">0.17</Data></Cell>
    <Cell><Data ss:Type="Number">-9.61</Data></Cell>
    <Cell><Data ss:Type="Number">-0.1</Data></Cell>
    <Cell><Data ss:Type="Number">-0.89</Data></Cell>
    <Cell><Data ss:Type="Number">22.8</Data></Cell>
    <Cell><Data ss:Type="Number">39.1</Data></Cell>
    <Cell><Data ss:Type="Number">0</Data></Cell>
    <Cell><Data ss:Type="Number">0</Data></Cell>
    <Cell><Data ss:Type="String">2023-12-07 16:16:40.617106</Data></Cell>
   </Row>
   <Row>
    <Cell><Data ss:Type="String">2987</Data></Cell>
    <Cell><Data ss:Type="Number">0.65</Data></Cell>
    <Cell><Data ss:Type="Number">-10.39</Data></Cell>
    <Cell><Data ss:Type="Number">0.08</Data></Cell>
    <Cell><Data ss:Type="Number">-9.51</Data></Cell>
    <Cell><Data ss:Type="Number">-0.01</Data></Cell>
    <Cell><Data ss:Type="Number">-0.95</Data></Cell>
    <Cell><Data ss:Type="Number">22.8</Data></Cell>
    <Cell><Data ss:Type="Number">39.1</Data></Cell>
    <Cell><Data ss:Type="Number">0</Data></Cell>
    <Cell><Data ss:Type="Number">0</Data></Cell>
    <Cell><Data ss:Type="String">2023-12-07 16:16:40.615887</Data></Cell>
   </Row>
   <Row>
    <Cell><Data ss:Type="String">2986</Data></Cell>
    <Cell><Data ss:Type="Number">0.02</Data></Cell>
    <Cell><Data ss:Type="Number">-9.7899999999999991</Data></Cell>
    <Cell><Data ss:Type="Number">7.0000000000000007E-2</Data></Cell>
    <Cell><Data ss:Type="Number">-9.6</Data></Cell>
    <Cell><Data ss:Type="Number">0</Data></Cell>
    <Cell><Data ss:Type="Number">-0.89</Data></Cell>
    <Cell><Data ss:Type="Number">22.8</Data></Cell>
    <Cell><Data ss:Type="Number">39.1</Data></Cell>
    <Cell><Data ss:Type="Number">0</Data></Cell>
    <Cell><Data ss:Type="Number">0</Data></Cell>
    <Cell><Data ss:Type="String">2023-12-07 16:16:40.614465</Data></Cell>
   </Row>
   <Row>
    <Cell><Data ss:Type="String">2985</Data></Cell>
    <Cell><Data ss:Type="Number">0.44</Data></Cell>
    <Cell><Data ss:Type="Number">-9.69</Data></Cell>
    <Cell><Data ss:Type="Number">0.45</Data></Cell>
    <Cell><Data ss:Type="Number">-9.3699999999999992</Data></Cell>
    <Cell><Data ss:Type="Number">-0.11</Data></Cell>
    <Cell><Data ss:Type="Number">-0.85</Data></Cell>
    <Cell><Data ss:Type="Number">22.8</Data></Cell>
    <Cell><Data ss:Type="Number">39.1</Data></Cell>
    <Cell><Data ss:Type="Number">0</Data></Cell>
    <Cell><Data ss:Type="Number">0</Data></Cell>
    <Cell><Data ss:Type="String">2023-12-07 16:16:40.612893</Data></Cell>
   </Row>
   <Row>
    <Cell><Data ss:Type="String">2984</Data></Cell>
    <Cell><Data ss:Type="Number">0.27</Data></Cell>
    <Cell><Data ss:Type="Number">-10.23</Data></Cell>
    <Cell><Data ss:Type="Number">-0.21</Data></Cell>
    <Cell><Data ss:Type="Number">-9.5500000000000007</Data></Cell>
    <Cell><Data ss:Type="Number">-0.1</Data></Cell>
    <Cell><Data ss:Type="Number">-0.98</Data></Cell>
    <Cell><Data ss:Type="Number">22.8</Data></Cell>
    <Cell><Data ss:Type="Number">39.1</Data></Cell>
    <Cell><Data ss:Type="Number">0</Data></Cell>
    <Cell><Data ss:Type="Number">0</Data></Cell>
    <Cell><Data ss:Type="String">2023-12-07 16:16:40.387590</Data></Cell>
   </Row>
   <Row>
    <Cell><Data ss:Type="String">2983</Data></Cell>
    <Cell><Data ss:Type="Number">0.41</Data></Cell>
    <Cell><Data ss:Type="Number">-10.29</Data></Cell>
    <Cell><Data ss:Type="Number">0.28999999999999998</Data></Cell>
    <Cell><Data ss:Type="Number">-9.52</Data></Cell>
    <Cell><Data ss:Type="Number">0.06</Data></Cell>
    <Cell><Data ss:Type="Number">-0.82</Data></Cell>
    <Cell><Data ss:Type="Number">22.8</Data></Cell>
    <Cell><Data ss:Type="Number">39.1</Data></Cell>
    <Cell><Data ss:Type="Number">0</Data></Cell>
    <Cell><Data ss:Type="Number">0</Data></Cell>
    <Cell><Data ss:Type="String">2023-12-07 16:16:40.385110</Data></Cell>
   </Row>
   <Row>
    <Cell><Data ss:Type="String">2982</Data></Cell>
    <Cell><Data ss:Type="Number">0.69</Data></Cell>
    <Cell><Data ss:Type="Number">-10.82</Data></Cell>
    <Cell><Data ss:Type="Number">0.22</Data></Cell>
    <Cell><Data ss:Type="Number">-9.41</Data></Cell>
    <Cell><Data ss:Type="Number">-0.23</Data></Cell>
    <Cell><Data ss:Type="Number">-1</Data></Cell>
    <Cell><Data ss:Type="Number">22.8</Data></Cell>
    <Cell><Data ss:Type="Number">39.1</Data></Cell>
    <Cell><Data ss:Type="Number">0</Data></Cell>
    <Cell><Data ss:Type="Number">0</Data></Cell>
    <Cell><Data ss:Type="String">2023-12-07 16:16:40.383431</Data></Cell>
   </Row>
   <Row>
    <Cell><Data ss:Type="String">2981</Data></Cell>
    <Cell><Data ss:Type="Number">0.16</Data></Cell>
    <Cell><Data ss:Type="Number">-10.68</Data></Cell>
    <Cell><Data ss:Type="Number">-0.01</Data></Cell>
    <Cell><Data ss:Type="Number">-9.5</Data></Cell>
    <Cell><Data ss:Type="Number">-0.13</Data></Cell>
    <Cell><Data ss:Type="Number">-0.84</Data></Cell>
    <Cell><Data ss:Type="Number">22.8</Data></Cell>
    <Cell><Data ss:Type="Number">39.1</Data></Cell>
    <Cell><Data ss:Type="Number">0</Data></Cell>
    <Cell><Data ss:Type="Number">0</Data></Cell>
    <Cell><Data ss:Type="String">2023-12-07 16:16:40.381740</Data></Cell>
   </Row>
   <Row>
    <Cell><Data ss:Type="String">2980</Data></Cell>
    <Cell><Data ss:Type="Number">1.18</Data></Cell>
    <Cell><Data ss:Type="Number">-10.36</Data></Cell>
    <Cell><Data ss:Type="Number">-0.09</Data></Cell>
    <Cell><Data ss:Type="Number">-9.49</Data></Cell>
    <Cell><Data ss:Type="Number">0.21</Data></Cell>
    <Cell><Data ss:Type="Number">-0.94</Data></Cell>
    <Cell><Data ss:Type="Number">22.8</Data></Cell>
    <Cell><Data ss:Type="Number">39.1</Data></Cell>
    <Cell><Data ss:Type="Number">0</Data></Cell>
    <Cell><Data ss:Type="Number">0</Data></Cell>
    <Cell><Data ss:Type="String">2023-12-07 16:16:40.261035</Data></Cell>
   </Row>
   <Row>
    <Cell><Data ss:Type="String">2979</Data></Cell>
    <Cell><Data ss:Type="Number">0.64</Data></Cell>
    <Cell><Data ss:Type="Number">-9.73</Data></Cell>
    <Cell><Data ss:Type="Number">0.31</Data></Cell>
    <Cell><Data ss:Type="Number">-9.4499999999999993</Data></Cell>
    <Cell><Data ss:Type="Number">0.06</Data></Cell>
    <Cell><Data ss:Type="Number">-1.02</Data></Cell>
    <Cell><Data ss:Type="Number">22.8</Data></Cell>
    <Cell><Data ss:Type="Number">39.1</Data></Cell>
    <Cell><Data ss:Type="Number">0</Data></Cell>
    <Cell><Data ss:Type="Number">0</Data></Cell>
    <Cell><Data ss:Type="String">2023-12-07 16:16:40.258763</Data></Cell>
   </Row>
   <Row>
    <Cell><Data ss:Type="String">2978</Data></Cell>
    <Cell><Data ss:Type="Number">1.18</Data></Cell>
    <Cell><Data ss:Type="Number">-10.06</Data></Cell>
    <Cell><Data ss:Type="Number">0.92</Data></Cell>
    <Cell><Data ss:Type="Number">-9.48</Data></Cell>
    <Cell><Data ss:Type="Number">-0.96</Data></Cell>
    <Cell><Data ss:Type="Number">-0.74</Data></Cell>
    <Cell><Data ss:Type="Number">22.8</Data></Cell>
    <Cell><Data ss:Type="Number">39.1</Data></Cell>
    <Cell><Data ss:Type="Number">0</Data></Cell>
    <Cell><Data ss:Type="Number">0</Data></Cell>
    <Cell><Data ss:Type="String">2023-12-07 16:16:40.207972</Data></Cell>
   </Row>
   <Row>
    <Cell><Data ss:Type="String">2977</Data></Cell>
    <Cell><Data ss:Type="Number">-0.3</Data></Cell>
    <Cell><Data ss:Type="Number">-11.14</Data></Cell>
    <Cell><Data ss:Type="Number">-0.09</Data></Cell>
    <Cell><Data ss:Type="Number">-9.65</Data></Cell>
    <Cell><Data ss:Type="Number">-0.23</Data></Cell>
    <Cell><Data ss:Type="Number">-0.94</Data></Cell>
    <Cell><Data ss:Type="Number">22.8</Data></Cell>
    <Cell><Data ss:Type="Number">39.1</Data></Cell>
    <Cell><Data ss:Type="Number">0</Data></Cell>
    <Cell><Data ss:Type="Number">0</Data></Cell>
    <Cell><Data ss:Type="String">2023-12-07 16:16:40.160782</Data></Cell>
   </Row>
   <Row>
    <Cell><Data ss:Type="String">2976</Data></Cell>
    <Cell><Data ss:Type="Number">-1.02</Data></Cell>
    <Cell><Data ss:Type="Number">-9.26</Data></Cell>
    <Cell><Data ss:Type="Number">-0.56000000000000005</Data></Cell>
    <Cell><Data ss:Type="Number">-9.4499999999999993</Data></Cell>
    <Cell><Data ss:Type="Number">1.58</Data></Cell>
    <Cell><Data ss:Type="Number">-0.98</Data></Cell>
    <Cell><Data ss:Type="Number">22.8</Data></Cell>
    <Cell><Data ss:Type="Number">39.1</Data></Cell>
    <Cell><Data ss:Type="Number">0</Data></Cell>
    <Cell><Data ss:Type="Number">0</Data></Cell>
    <Cell><Data ss:Type="String">2023-12-07 16:16:40.121582</Data></Cell>
   </Row>
   <Row>
    <Cell><Data ss:Type="String">2975</Data></Cell>
    <Cell><Data ss:Type="Number">4.57</Data></Cell>
    <Cell><Data ss:Type="Number">-11.82</Data></Cell>
    <Cell><Data ss:Type="Number">-0.76</Data></Cell>
    <Cell><Data ss:Type="Number">-15.28</Data></Cell>
    <Cell><Data ss:Type="Number">-1.1299999999999999</Data></Cell>
    <Cell><Data ss:Type="Number">-0.8</Data></Cell>
    <Cell><Data ss:Type="Number">22.8</Data></Cell>
    <Cell><Data ss:Type="Number">39.1</Data></Cell>
    <Cell><Data ss:Type="Number">0</Data></Cell>
    <Cell><Data ss:Type="Number">0</Data></Cell>
    <Cell><Data ss:Type="String">2023-12-07 16:16:40.119364</Data></Cell>
   </Row>
   <Row>
    <Cell><Data ss:Type="String">2974</Data></Cell>
    <Cell><Data ss:Type="Number">0.31</Data></Cell>
    <Cell><Data ss:Type="Number">-9.9600000000000009</Data></Cell>
    <Cell><Data ss:Type="Number">7.0000000000000007E-2</Data></Cell>
    <Cell><Data ss:Type="Number">-9.4600000000000009</Data></Cell>
    <Cell><Data ss:Type="Number">-0.09</Data></Cell>
    <Cell><Data ss:Type="Number">-0.94</Data></Cell>
    <Cell><Data ss:Type="Number">22.8</Data></Cell>
    <Cell><Data ss:Type="Number">39.1</Data></Cell>
    <Cell><Data ss:Type="Number">0</Data></Cell>
    <Cell><Data ss:Type="Number">0</Data></Cell>
    <Cell><Data ss:Type="String">2023-12-07 16:16:40.076079</Data></Cell>
   </Row>
   <Row>
    <Cell><Data ss:Type="String">2973</Data></Cell>
    <Cell><Data ss:Type="Number">0.27</Data></Cell>
    <Cell><Data ss:Type="Number">-10.19</Data></Cell>
    <Cell><Data ss:Type="Number">0.19</Data></Cell>
    <Cell><Data ss:Type="Number">-9.5299999999999994</Data></Cell>
    <Cell><Data ss:Type="Number">-0.09</Data></Cell>
    <Cell><Data ss:Type="Number">-0.91</Data></Cell>
    <Cell><Data ss:Type="Number">22.8</Data></Cell>
    <Cell><Data ss:Type="Number">39.1</Data></Cell>
    <Cell><Data ss:Type="Number">0</Data></Cell>
    <Cell><Data ss:Type="Number">0</Data></Cell>
    <Cell><Data ss:Type="String">2023-12-07 16:16:40.074643</Data></Cell>
   </Row>
   <Row>
    <Cell><Data ss:Type="String">2972</Data></Cell>
    <Cell><Data ss:Type="Number">0.25</Data></Cell>
    <Cell><Data ss:Type="Number">-10.18</Data></Cell>
    <Cell><Data ss:Type="Number">0.19</Data></Cell>
    <Cell><Data ss:Type="Number">-9.48</Data></Cell>
    <Cell><Data ss:Type="Number">-0.08</Data></Cell>
    <Cell><Data ss:Type="Number">-0.9</Data></Cell>
    <Cell><Data ss:Type="Number">22.8</Data></Cell>
    <Cell><Data ss:Type="Number">39.1</Data></Cell>
    <Cell><Data ss:Type="Number">0</Data></Cell>
    <Cell><Data ss:Type="Number">0</Data></Cell>
    <Cell><Data ss:Type="String">2023-12-07 16:16:40.011851</Data></Cell>
   </Row>
   <Row>
    <Cell><Data ss:Type="String">2971</Data></Cell>
    <Cell><Data ss:Type="Number">0.25</Data></Cell>
    <Cell><Data ss:Type="Number">-10.1</Data></Cell>
    <Cell><Data ss:Type="Number">0.28000000000000003</Data></Cell>
    <Cell><Data ss:Type="Number">-9.44</Data></Cell>
    <Cell><Data ss:Type="Number">-0.06</Data></Cell>
    <Cell><Data ss:Type="Number">-0.94</Data></Cell>
    <Cell><Data ss:Type="Number">22.8</Data></Cell>
    <Cell><Data ss:Type="Number">39.1</Data></Cell>
    <Cell><Data ss:Type="Number">0</Data></Cell>
    <Cell><Data ss:Type="Number">0</Data></Cell>
    <Cell><Data ss:Type="String">2023-12-07 16:16:40.009740</Data></Cell>
   </Row>
   <Row>
    <Cell><Data ss:Type="String">2970</Data></Cell>
    <Cell><Data ss:Type="Number">0.27</Data></Cell>
    <Cell><Data ss:Type="Number">-9.94</Data></Cell>
    <Cell><Data ss:Type="Number">0.14000000000000001</Data></Cell>
    <Cell><Data ss:Type="Number">-9.42</Data></Cell>
    <Cell><Data ss:Type="Number">-0.08</Data></Cell>
    <Cell><Data ss:Type="Number">-0.92</Data></Cell>
    <Cell><Data ss:Type="Number">22.8</Data></Cell>
    <Cell><Data ss:Type="Number">39.1</Data></Cell>
    <Cell><Data ss:Type="Number">0</Data></Cell>
    <Cell><Data ss:Type="Number">0</Data></Cell>
    <Cell><Data ss:Type="String">2023-12-07 16:16:40.007499</Data></Cell>
   </Row>
   <Row>
    <Cell><Data ss:Type="String">2969</Data></Cell>
    <Cell><Data ss:Type="Number">0.26</Data></Cell>
    <Cell><Data ss:Type="Number">-9.9700000000000006</Data></Cell>
    <Cell><Data ss:Type="Number">0.08</Data></Cell>
    <Cell><Data ss:Type="Number">-9.49</Data></Cell>
    <Cell><Data ss:Type="Number">-0.06</Data></Cell>
    <Cell><Data ss:Type="Number">-0.92</Data></Cell>
    <Cell><Data ss:Type="Number">22.8</Data></Cell>
    <Cell><Data ss:Type="Number">39.1</Data></Cell>
    <Cell><Data ss:Type="Number">0</Data></Cell>
    <Cell><Data ss:Type="Number">0</Data></Cell>
    <Cell><Data ss:Type="String">2023-12-07 16:16:40.004998</Data></Cell>
   </Row>
   <Row>
    <Cell><Data ss:Type="String">2968</Data></Cell>
    <Cell><Data ss:Type="Number">0.33</Data></Cell>
    <Cell><Data ss:Type="Number">-10.15</Data></Cell>
    <Cell><Data ss:Type="Number">0.1</Data></Cell>
    <Cell><Data ss:Type="Number">-9.5500000000000007</Data></Cell>
    <Cell><Data ss:Type="Number">-0.06</Data></Cell>
    <Cell><Data ss:Type="Number">-0.91</Data></Cell>
    <Cell><Data ss:Type="Number">22.8</Data></Cell>
    <Cell><Data ss:Type="Number">39.1</Data></Cell>
    <Cell><Data ss:Type="Number">0</Data></Cell>
    <Cell><Data ss:Type="Number">0</Data></Cell>
    <Cell><Data ss:Type="String">2023-12-07 16:16:40.002762</Data></Cell>
   </Row>
   <Row>
    <Cell><Data ss:Type="String">2967</Data></Cell>
    <Cell><Data ss:Type="Number">0.26</Data></Cell>
    <Cell><Data ss:Type="Number">-10.199999999999999</Data></Cell>
    <Cell><Data ss:Type="Number">0.05</Data></Cell>
    <Cell><Data ss:Type="Number">-9.5299999999999994</Data></Cell>
    <Cell><Data ss:Type="Number">-0.08</Data></Cell>
    <Cell><Data ss:Type="Number">-0.89</Data></Cell>
    <Cell><Data ss:Type="Number">22.8</Data></Cell>
    <Cell><Data ss:Type="Number">39.1</Data></Cell>
    <Cell><Data ss:Type="Number">0</Data></Cell>
    <Cell><Data ss:Type="Number">0</Data></Cell>
    <Cell><Data ss:Type="String">2023-12-07 16:16:40.000975</Data></Cell>
   </Row>
   <Row>
    <Cell><Data ss:Type="String">2966</Data></Cell>
    <Cell><Data ss:Type="Number">0.24</Data></Cell>
    <Cell><Data ss:Type="Number">-10</Data></Cell>
    <Cell><Data ss:Type="Number">0.13</Data></Cell>
    <Cell><Data ss:Type="Number">-9.4499999999999993</Data></Cell>
    <Cell><Data ss:Type="Number">-0.04</Data></Cell>
    <Cell><Data ss:Type="Number">-0.9</Data></Cell>
    <Cell><Data ss:Type="Number">22.8</Data></Cell>
    <Cell><Data ss:Type="Number">39.1</Data></Cell>
    <Cell><Data ss:Type="Number">0</Data></Cell>
    <Cell><Data ss:Type="Number">0</Data></Cell>
    <Cell><Data ss:Type="String">2023-12-07 16:16:39.996591</Data></Cell>
   </Row>
   <Row>
    <Cell><Data ss:Type="String">2965</Data></Cell>
    <Cell><Data ss:Type="Number">0.26</Data></Cell>
    <Cell><Data ss:Type="Number">-9.99</Data></Cell>
    <Cell><Data ss:Type="Number">0.15</Data></Cell>
    <Cell><Data ss:Type="Number">-9.42</Data></Cell>
    <Cell><Data ss:Type="Number">-0.08</Data></Cell>
    <Cell><Data ss:Type="Number">-0.91</Data></Cell>
    <Cell><Data ss:Type="Number">22.8</Data></Cell>
    <Cell><Data ss:Type="Number">39.1</Data></Cell>
    <Cell><Data ss:Type="Number">0</Data></Cell>
    <Cell><Data ss:Type="Number">0</Data></Cell>
    <Cell><Data ss:Type="String">2023-12-07 16:16:39.770383</Data></Cell>
   </Row>
   <Row>
    <Cell><Data ss:Type="String">2964</Data></Cell>
    <Cell><Data ss:Type="Number">0.31</Data></Cell>
    <Cell><Data ss:Type="Number">-10.1</Data></Cell>
    <Cell><Data ss:Type="Number">0.1</Data></Cell>
    <Cell><Data ss:Type="Number">-9.52</Data></Cell>
    <Cell><Data ss:Type="Number">-0.06</Data></Cell>
    <Cell><Data ss:Type="Number">-0.92</Data></Cell>
    <Cell><Data ss:Type="Number">22.8</Data></Cell>
    <Cell><Data ss:Type="Number">39.1</Data></Cell>
    <Cell><Data ss:Type="Number">0</Data></Cell>
    <Cell><Data ss:Type="Number">0</Data></Cell>
    <Cell><Data ss:Type="String">2023-12-07 16:16:39.767310</Data></Cell>
   </Row>
   <Row>
    <Cell><Data ss:Type="String">2963</Data></Cell>
    <Cell><Data ss:Type="Number">0.25</Data></Cell>
    <Cell><Data ss:Type="Number">-10.220000000000001</Data></Cell>
    <Cell><Data ss:Type="Number">-0.03</Data></Cell>
    <Cell><Data ss:Type="Number">-9.5399999999999991</Data></Cell>
    <Cell><Data ss:Type="Number">-0.06</Data></Cell>
    <Cell><Data ss:Type="Number">-0.88</Data></Cell>
    <Cell><Data ss:Type="Number">22.8</Data></Cell>
    <Cell><Data ss:Type="Number">39.1</Data></Cell>
    <Cell><Data ss:Type="Number">0</Data></Cell>
    <Cell><Data ss:Type="Number">0</Data></Cell>
    <Cell><Data ss:Type="String">2023-12-07 16:16:39.701248</Data></Cell>
   </Row>
   <Row>
    <Cell><Data ss:Type="String">2962</Data></Cell>
    <Cell><Data ss:Type="Number">0.28999999999999998</Data></Cell>
    <Cell><Data ss:Type="Number">-10.09</Data></Cell>
    <Cell><Data ss:Type="Number">0.19</Data></Cell>
    <Cell><Data ss:Type="Number">-9.4700000000000006</Data></Cell>
    <Cell><Data ss:Type="Number">-0.05</Data></Cell>
    <Cell><Data ss:Type="Number">-0.93</Data></Cell>
    <Cell><Data ss:Type="Number">22.8</Data></Cell>
    <Cell><Data ss:Type="Number">39.1</Data></Cell>
    <Cell><Data ss:Type="Number">0</Data></Cell>
    <Cell><Data ss:Type="Number">0</Data></Cell>
    <Cell><Data ss:Type="String">2023-12-07 16:16:39.699767</Data></Cell>
   </Row>
   <Row>
    <Cell><Data ss:Type="String">2961</Data></Cell>
    <Cell><Data ss:Type="Number">0.25</Data></Cell>
    <Cell><Data ss:Type="Number">-10.01</Data></Cell>
    <Cell><Data ss:Type="Number">0.28999999999999998</Data></Cell>
    <Cell><Data ss:Type="Number">-9.41</Data></Cell>
    <Cell><Data ss:Type="Number">-0.04</Data></Cell>
    <Cell><Data ss:Type="Number">-0.91</Data></Cell>
    <Cell><Data ss:Type="Number">22.8</Data></Cell>
    <Cell><Data ss:Type="Number">39.1</Data></Cell>
    <Cell><Data ss:Type="Number">0</Data></Cell>
    <Cell><Data ss:Type="Number">0</Data></Cell>
    <Cell><Data ss:Type="String">2023-12-07 16:16:39.698419</Data></Cell>
   </Row>
   <Row>
    <Cell><Data ss:Type="String">2960</Data></Cell>
    <Cell><Data ss:Type="Number">0.26</Data></Cell>
    <Cell><Data ss:Type="Number">-10.01</Data></Cell>
    <Cell><Data ss:Type="Number">0.11</Data></Cell>
    <Cell><Data ss:Type="Number">-9.5</Data></Cell>
    <Cell><Data ss:Type="Number">-0.08</Data></Cell>
    <Cell><Data ss:Type="Number">-0.91</Data></Cell>
    <Cell><Data ss:Type="Number">22.8</Data></Cell>
    <Cell><Data ss:Type="Number">39.1</Data></Cell>
    <Cell><Data ss:Type="Number">0</Data></Cell>
    <Cell><Data ss:Type="Number">0</Data></Cell>
    <Cell><Data ss:Type="String">2023-12-07 16:16:39.696941</Data></Cell>
   </Row>
   <Row>
    <Cell><Data ss:Type="String">2959</Data></Cell>
    <Cell><Data ss:Type="Number">0.28999999999999998</Data></Cell>
    <Cell><Data ss:Type="Number">-10.130000000000001</Data></Cell>
    <Cell><Data ss:Type="Number">0.12</Data></Cell>
    <Cell><Data ss:Type="Number">-9.5500000000000007</Data></Cell>
    <Cell><Data ss:Type="Number">-0.1</Data></Cell>
    <Cell><Data ss:Type="Number">-0.88</Data></Cell>
    <Cell><Data ss:Type="Number">22.8</Data></Cell>
    <Cell><Data ss:Type="Number">39.1</Data></Cell>
    <Cell><Data ss:Type="Number">0</Data></Cell>
    <Cell><Data ss:Type="Number">0</Data></Cell>
    <Cell><Data ss:Type="String">2023-12-07 16:16:39.695532</Data></Cell>
   </Row>
   <Row>
    <Cell><Data ss:Type="String">2958</Data></Cell>
    <Cell><Data ss:Type="Number">0.28000000000000003</Data></Cell>
    <Cell><Data ss:Type="Number">-10.19</Data></Cell>
    <Cell><Data ss:Type="Number">0.13</Data></Cell>
    <Cell><Data ss:Type="Number">-9.5299999999999994</Data></Cell>
    <Cell><Data ss:Type="Number">-0.06</Data></Cell>
    <Cell><Data ss:Type="Number">-0.89</Data></Cell>
    <Cell><Data ss:Type="Number">22.8</Data></Cell>
    <Cell><Data ss:Type="Number">39.1</Data></Cell>
    <Cell><Data ss:Type="Number">0</Data></Cell>
    <Cell><Data ss:Type="Number">0</Data></Cell>
    <Cell><Data ss:Type="String">2023-12-07 16:16:39.693878</Data></Cell>
   </Row>
   <Row>
    <Cell><Data ss:Type="String">2957</Data></Cell>
    <Cell><Data ss:Type="Number">0.28999999999999998</Data></Cell>
    <Cell><Data ss:Type="Number">-10.07</Data></Cell>
    <Cell><Data ss:Type="Number">0.19</Data></Cell>
    <Cell><Data ss:Type="Number">-9.5</Data></Cell>
    <Cell><Data ss:Type="Number">-0.09</Data></Cell>
    <Cell><Data ss:Type="Number">-0.9</Data></Cell>
    <Cell><Data ss:Type="Number">22.8</Data></Cell>
    <Cell><Data ss:Type="Number">39.1</Data></Cell>
    <Cell><Data ss:Type="Number">0</Data></Cell>
    <Cell><Data ss:Type="Number">0</Data></Cell>
    <Cell><Data ss:Type="String">2023-12-07 16:16:39.692007</Data></Cell>
   </Row>
   <Row>
    <Cell><Data ss:Type="String">2956</Data></Cell>
    <Cell><Data ss:Type="Number">0.24</Data></Cell>
    <Cell><Data ss:Type="Number">-9.9600000000000009</Data></Cell>
    <Cell><Data ss:Type="Number">7.0000000000000007E-2</Data></Cell>
    <Cell><Data ss:Type="Number">-9.43</Data></Cell>
    <Cell><Data ss:Type="Number">-0.06</Data></Cell>
    <Cell><Data ss:Type="Number">-0.93</Data></Cell>
    <Cell><Data ss:Type="Number">22.8</Data></Cell>
    <Cell><Data ss:Type="Number">39.1</Data></Cell>
    <Cell><Data ss:Type="Number">0</Data></Cell>
    <Cell><Data ss:Type="Number">0</Data></Cell>
    <Cell><Data ss:Type="String">2023-12-07 16:16:39.465158</Data></Cell>
   </Row>
   <Row>
    <Cell><Data ss:Type="String">2955</Data></Cell>
    <Cell><Data ss:Type="Number">0.3</Data></Cell>
    <Cell><Data ss:Type="Number">-9.98</Data></Cell>
    <Cell><Data ss:Type="Number">0.13</Data></Cell>
    <Cell><Data ss:Type="Number">-9.44</Data></Cell>
    <Cell><Data ss:Type="Number">-0.09</Data></Cell>
    <Cell><Data ss:Type="Number">-0.95</Data></Cell>
    <Cell><Data ss:Type="Number">22.8</Data></Cell>
    <Cell><Data ss:Type="Number">39.1</Data></Cell>
    <Cell><Data ss:Type="Number">0</Data></Cell>
    <Cell><Data ss:Type="Number">0</Data></Cell>
    <Cell><Data ss:Type="String">2023-12-07 16:16:39.463461</Data></Cell>
   </Row>
   <Row>
    <Cell><Data ss:Type="String">2954</Data></Cell>
    <Cell><Data ss:Type="Number">0.34</Data></Cell>
    <Cell><Data ss:Type="Number">-9.98</Data></Cell>
    <Cell><Data ss:Type="Number">0.01</Data></Cell>
    <Cell><Data ss:Type="Number">-9.5</Data></Cell>
    <Cell><Data ss:Type="Number">-0.06</Data></Cell>
    <Cell><Data ss:Type="Number">-0.92</Data></Cell>
    <Cell><Data ss:Type="Number">22.8</Data></Cell>
    <Cell><Data ss:Type="Number">39.1</Data></Cell>
    <Cell><Data ss:Type="Number">0</Data></Cell>
    <Cell><Data ss:Type="Number">0</Data></Cell>
    <Cell><Data ss:Type="String">2023-12-07 16:16:39.461944</Data></Cell>
   </Row>
   <Row>
    <Cell><Data ss:Type="String">2953</Data></Cell>
    <Cell><Data ss:Type="Number">0.31</Data></Cell>
    <Cell><Data ss:Type="Number">-10.31</Data></Cell>
    <Cell><Data ss:Type="Number">0.08</Data></Cell>
    <Cell><Data ss:Type="Number">-9.51</Data></Cell>
    <Cell><Data ss:Type="Number">-0.05</Data></Cell>
    <Cell><Data ss:Type="Number">-0.9</Data></Cell>
    <Cell><Data ss:Type="Number">22.8</Data></Cell>
    <Cell><Data ss:Type="Number">39.1</Data></Cell>
    <Cell><Data ss:Type="Number">0</Data></Cell>
    <Cell><Data ss:Type="Number">0</Data></Cell>
    <Cell><Data ss:Type="String">2023-12-07 16:16:39.460125</Data></Cell>
   </Row>
   <Row>
    <Cell><Data ss:Type="String">2952</Data></Cell>
    <Cell><Data ss:Type="Number">0.28999999999999998</Data></Cell>
    <Cell><Data ss:Type="Number">-9.99</Data></Cell>
    <Cell><Data ss:Type="Number">0.16</Data></Cell>
    <Cell><Data ss:Type="Number">-9.42</Data></Cell>
    <Cell><Data ss:Type="Number">-7.0000000000000007E-2</Data></Cell>
    <Cell><Data ss:Type="Number">-0.93</Data></Cell>
    <Cell><Data ss:Type="Number">22.8</Data></Cell>
    <Cell><Data ss:Type="Number">39.1</Data></Cell>
    <Cell><Data ss:Type="Number">0</Data></Cell>
    <Cell><Data ss:Type="Number">0</Data></Cell>
    <Cell><Data ss:Type="String">2023-12-07 16:16:39.331899</Data></Cell>
   </Row>
   <Row>
    <Cell><Data ss:Type="String">2951</Data></Cell>
    <Cell><Data ss:Type="Number">0.4</Data></Cell>
    <Cell><Data ss:Type="Number">-9.9</Data></Cell>
    <Cell><Data ss:Type="Number">0.12</Data></Cell>
    <Cell><Data ss:Type="Number">-9.4</Data></Cell>
    <Cell><Data ss:Type="Number">-0.06</Data></Cell>
    <Cell><Data ss:Type="Number">-0.93</Data></Cell>
    <Cell><Data ss:Type="Number">22.8</Data></Cell>
    <Cell><Data ss:Type="Number">39.1</Data></Cell>
    <Cell><Data ss:Type="Number">0</Data></Cell>
    <Cell><Data ss:Type="Number">0</Data></Cell>
    <Cell><Data ss:Type="String">2023-12-07 16:16:39.286020</Data></Cell>
   </Row>
   <Row>
    <Cell><Data ss:Type="String">2950</Data></Cell>
    <Cell><Data ss:Type="Number">0.34</Data></Cell>
    <Cell><Data ss:Type="Number">-10.18</Data></Cell>
    <Cell><Data ss:Type="Number">0.04</Data></Cell>
    <Cell><Data ss:Type="Number">-9.49</Data></Cell>
    <Cell><Data ss:Type="Number">-0.08</Data></Cell>
    <Cell><Data ss:Type="Number">-0.93</Data></Cell>
    <Cell><Data ss:Type="Number">22.8</Data></Cell>
    <Cell><Data ss:Type="Number">39.1</Data></Cell>
    <Cell><Data ss:Type="Number">0</Data></Cell>
    <Cell><Data ss:Type="Number">0</Data></Cell>
    <Cell><Data ss:Type="String">2023-12-07 16:16:39.284134</Data></Cell>
   </Row>
   <Row>
    <Cell><Data ss:Type="String">2949</Data></Cell>
    <Cell><Data ss:Type="Number">0.31</Data></Cell>
    <Cell><Data ss:Type="Number">-10.29</Data></Cell>
    <Cell><Data ss:Type="Number">0.23</Data></Cell>
    <Cell><Data ss:Type="Number">-9.57</Data></Cell>
    <Cell><Data ss:Type="Number">-7.0000000000000007E-2</Data></Cell>
    <Cell><Data ss:Type="Number">-0.88</Data></Cell>
    <Cell><Data ss:Type="Number">22.8</Data></Cell>
    <Cell><Data ss:Type="Number">39.1</Data></Cell>
    <Cell><Data ss:Type="Number">0</Data></Cell>
    <Cell><Data ss:Type="Number">0</Data></Cell>
    <Cell><Data ss:Type="String">2023-12-07 16:16:39.238097</Data></Cell>
   </Row>
   <Row>
    <Cell><Data ss:Type="String">2948</Data></Cell>
    <Cell><Data ss:Type="Number">0.22</Data></Cell>
    <Cell><Data ss:Type="Number">-10.24</Data></Cell>
    <Cell><Data ss:Type="Number">0.28000000000000003</Data></Cell>
    <Cell><Data ss:Type="Number">-9.48</Data></Cell>
    <Cell><Data ss:Type="Number">-0.05</Data></Cell>
    <Cell><Data ss:Type="Number">-0.9</Data></Cell>
    <Cell><Data ss:Type="Number">22.8</Data></Cell>
    <Cell><Data ss:Type="Number">39.1</Data></Cell>
    <Cell><Data ss:Type="Number">0</Data></Cell>
    <Cell><Data ss:Type="Number">0</Data></Cell>
    <Cell><Data ss:Type="String">2023-12-07 16:16:39.194709</Data></Cell>
   </Row>
   <Row>
    <Cell><Data ss:Type="String">2947</Data></Cell>
    <Cell><Data ss:Type="Number">0.25</Data></Cell>
    <Cell><Data ss:Type="Number">-10</Data></Cell>
    <Cell><Data ss:Type="Number">0.12</Data></Cell>
    <Cell><Data ss:Type="Number">-9.43</Data></Cell>
    <Cell><Data ss:Type="Number">-0.06</Data></Cell>
    <Cell><Data ss:Type="Number">-0.91</Data></Cell>
    <Cell><Data ss:Type="Number">22.8</Data></Cell>
    <Cell><Data ss:Type="Number">39.1</Data></Cell>
    <Cell><Data ss:Type="Number">0</Data></Cell>
    <Cell><Data ss:Type="Number">0</Data></Cell>
    <Cell><Data ss:Type="String">2023-12-07 16:16:39.147255</Data></Cell>
   </Row>
   <Row>
    <Cell><Data ss:Type="String">2946</Data></Cell>
    <Cell><Data ss:Type="Number">0.28999999999999998</Data></Cell>
    <Cell><Data ss:Type="Number">-10.14</Data></Cell>
    <Cell><Data ss:Type="Number">0.1</Data></Cell>
    <Cell><Data ss:Type="Number">-9.5299999999999994</Data></Cell>
    <Cell><Data ss:Type="Number">-0.09</Data></Cell>
    <Cell><Data ss:Type="Number">-0.91</Data></Cell>
    <Cell><Data ss:Type="Number">22.8</Data></Cell>
    <Cell><Data ss:Type="Number">39.1</Data></Cell>
    <Cell><Data ss:Type="Number">0</Data></Cell>
    <Cell><Data ss:Type="Number">0</Data></Cell>
    <Cell><Data ss:Type="String">2023-12-07 16:16:39.145668</Data></Cell>
   </Row>
   <Row>
    <Cell><Data ss:Type="String">2945</Data></Cell>
    <Cell><Data ss:Type="Number">0.25</Data></Cell>
    <Cell><Data ss:Type="Number">-10.220000000000001</Data></Cell>
    <Cell><Data ss:Type="Number">0.19</Data></Cell>
    <Cell><Data ss:Type="Number">-9.5399999999999991</Data></Cell>
    <Cell><Data ss:Type="Number">-7.0000000000000007E-2</Data></Cell>
    <Cell><Data ss:Type="Number">-0.88</Data></Cell>
    <Cell><Data ss:Type="Number">22.8</Data></Cell>
    <Cell><Data ss:Type="Number">39.1</Data></Cell>
    <Cell><Data ss:Type="Number">0</Data></Cell>
    <Cell><Data ss:Type="Number">0</Data></Cell>
    <Cell><Data ss:Type="String">2023-12-07 16:16:39.099699</Data></Cell>
   </Row>
   <Row>
    <Cell><Data ss:Type="String">2944</Data></Cell>
    <Cell><Data ss:Type="Number">0.28000000000000003</Data></Cell>
    <Cell><Data ss:Type="Number">-10.25</Data></Cell>
    <Cell><Data ss:Type="Number">0.14000000000000001</Data></Cell>
    <Cell><Data ss:Type="Number">-9.5399999999999991</Data></Cell>
    <Cell><Data ss:Type="Number">-0.08</Data></Cell>
    <Cell><Data ss:Type="Number">-0.91</Data></Cell>
    <Cell><Data ss:Type="Number">22.8</Data></Cell>
    <Cell><Data ss:Type="Number">39.1</Data></Cell>
    <Cell><Data ss:Type="Number">0</Data></Cell>
    <Cell><Data ss:Type="Number">0</Data></Cell>
    <Cell><Data ss:Type="String">2023-12-07 16:16:39.097973</Data></Cell>
   </Row>
   <Row>
    <Cell><Data ss:Type="String">2943</Data></Cell>
    <Cell><Data ss:Type="Number">0.27</Data></Cell>
    <Cell><Data ss:Type="Number">-10.16</Data></Cell>
    <Cell><Data ss:Type="Number">0.14000000000000001</Data></Cell>
    <Cell><Data ss:Type="Number">-9.43</Data></Cell>
    <Cell><Data ss:Type="Number">-0.05</Data></Cell>
    <Cell><Data ss:Type="Number">-0.9</Data></Cell>
    <Cell><Data ss:Type="Number">22.8</Data></Cell>
    <Cell><Data ss:Type="Number">39.1</Data></Cell>
    <Cell><Data ss:Type="Number">0</Data></Cell>
    <Cell><Data ss:Type="Number">0</Data></Cell>
    <Cell><Data ss:Type="String">2023-12-07 16:16:39.096435</Data></Cell>
   </Row>
   <Row>
    <Cell><Data ss:Type="String">2942</Data></Cell>
    <Cell><Data ss:Type="Number">0.04</Data></Cell>
    <Cell><Data ss:Type="Number">-10.1</Data></Cell>
    <Cell><Data ss:Type="Number">0.12</Data></Cell>
    <Cell><Data ss:Type="Number">-9.43</Data></Cell>
    <Cell><Data ss:Type="Number">-7.0000000000000007E-2</Data></Cell>
    <Cell><Data ss:Type="Number">-0.94</Data></Cell>
    <Cell><Data ss:Type="Number">22.8</Data></Cell>
    <Cell><Data ss:Type="Number">39.1</Data></Cell>
    <Cell><Data ss:Type="Number">0</Data></Cell>
    <Cell><Data ss:Type="Number">0</Data></Cell>
    <Cell><Data ss:Type="String">2023-12-07 16:16:39.094863</Data></Cell>
   </Row>
   <Row>
    <Cell><Data ss:Type="String">2941</Data></Cell>
    <Cell><Data ss:Type="Number">0.27</Data></Cell>
    <Cell><Data ss:Type="Number">-10.02</Data></Cell>
    <Cell><Data ss:Type="Number">0.16</Data></Cell>
    <Cell><Data ss:Type="Number">-9.44</Data></Cell>
    <Cell><Data ss:Type="Number">-0.05</Data></Cell>
    <Cell><Data ss:Type="Number">-0.93</Data></Cell>
    <Cell><Data ss:Type="Number">22.8</Data></Cell>
    <Cell><Data ss:Type="Number">39.1</Data></Cell>
    <Cell><Data ss:Type="Number">0</Data></Cell>
    <Cell><Data ss:Type="Number">0</Data></Cell>
    <Cell><Data ss:Type="String">2023-12-07 16:16:39.093409</Data></Cell>
   </Row>
   <Row>
    <Cell><Data ss:Type="String">2940</Data></Cell>
    <Cell><Data ss:Type="Number">0.19</Data></Cell>
    <Cell><Data ss:Type="Number">-10.050000000000001</Data></Cell>
    <Cell><Data ss:Type="Number">0.12</Data></Cell>
    <Cell><Data ss:Type="Number">-9.5</Data></Cell>
    <Cell><Data ss:Type="Number">-0.11</Data></Cell>
    <Cell><Data ss:Type="Number">-0.94</Data></Cell>
    <Cell><Data ss:Type="Number">22.8</Data></Cell>
    <Cell><Data ss:Type="Number">39.1</Data></Cell>
    <Cell><Data ss:Type="Number">0</Data></Cell>
    <Cell><Data ss:Type="Number">0</Data></Cell>
    <Cell><Data ss:Type="String">2023-12-07 16:16:39.091994</Data></Cell>
   </Row>
   <Row>
    <Cell><Data ss:Type="String">2939</Data></Cell>
    <Cell><Data ss:Type="Number">0.31</Data></Cell>
    <Cell><Data ss:Type="Number">-10.220000000000001</Data></Cell>
    <Cell><Data ss:Type="Number">0.16</Data></Cell>
    <Cell><Data ss:Type="Number">-9.5500000000000007</Data></Cell>
    <Cell><Data ss:Type="Number">-0.06</Data></Cell>
    <Cell><Data ss:Type="Number">-0.88</Data></Cell>
    <Cell><Data ss:Type="Number">22.8</Data></Cell>
    <Cell><Data ss:Type="Number">39.1</Data></Cell>
    <Cell><Data ss:Type="Number">0</Data></Cell>
    <Cell><Data ss:Type="Number">0</Data></Cell>
    <Cell><Data ss:Type="String">2023-12-07 16:16:39.090000</Data></Cell>
   </Row>
   <Row>
    <Cell><Data ss:Type="String">2938</Data></Cell>
    <Cell><Data ss:Type="Number">0.28000000000000003</Data></Cell>
    <Cell><Data ss:Type="Number">-10.15</Data></Cell>
    <Cell><Data ss:Type="Number">0.2</Data></Cell>
    <Cell><Data ss:Type="Number">-9.51</Data></Cell>
    <Cell><Data ss:Type="Number">-0.05</Data></Cell>
    <Cell><Data ss:Type="Number">-0.91</Data></Cell>
    <Cell><Data ss:Type="Number">22.8</Data></Cell>
    <Cell><Data ss:Type="Number">39.1</Data></Cell>
    <Cell><Data ss:Type="Number">0</Data></Cell>
    <Cell><Data ss:Type="Number">0</Data></Cell>
    <Cell><Data ss:Type="String">2023-12-07 16:16:38.857668</Data></Cell>
   </Row>
   <Row>
    <Cell><Data ss:Type="String">2937</Data></Cell>
    <Cell><Data ss:Type="Number">0.34</Data></Cell>
    <Cell><Data ss:Type="Number">-10.210000000000001</Data></Cell>
    <Cell><Data ss:Type="Number">0.15</Data></Cell>
    <Cell><Data ss:Type="Number">-9.5399999999999991</Data></Cell>
    <Cell><Data ss:Type="Number">-7.0000000000000007E-2</Data></Cell>
    <Cell><Data ss:Type="Number">-0.9</Data></Cell>
    <Cell><Data ss:Type="Number">22.8</Data></Cell>
    <Cell><Data ss:Type="Number">39.1</Data></Cell>
    <Cell><Data ss:Type="Number">0</Data></Cell>
    <Cell><Data ss:Type="Number">0</Data></Cell>
    <Cell><Data ss:Type="String">2023-12-07 16:16:38.855602</Data></Cell>
   </Row>
   <Row>
    <Cell><Data ss:Type="String">2936</Data></Cell>
    <Cell><Data ss:Type="Number">0.3</Data></Cell>
    <Cell><Data ss:Type="Number">-10.220000000000001</Data></Cell>
    <Cell><Data ss:Type="Number">0.02</Data></Cell>
    <Cell><Data ss:Type="Number">-9.44</Data></Cell>
    <Cell><Data ss:Type="Number">-7.0000000000000007E-2</Data></Cell>
    <Cell><Data ss:Type="Number">-0.89</Data></Cell>
    <Cell><Data ss:Type="Number">22.8</Data></Cell>
    <Cell><Data ss:Type="Number">39.200000000000003</Data></Cell>
    <Cell><Data ss:Type="Number">0</Data></Cell>
    <Cell><Data ss:Type="Number">0</Data></Cell>
    <Cell><Data ss:Type="String">2023-12-07 16:16:38.808860</Data></Cell>
   </Row>
   <Row>
    <Cell><Data ss:Type="String">2935</Data></Cell>
    <Cell><Data ss:Type="Number">0.3</Data></Cell>
    <Cell><Data ss:Type="Number">-9.9</Data></Cell>
    <Cell><Data ss:Type="Number">0.1</Data></Cell>
    <Cell><Data ss:Type="Number">-9.4</Data></Cell>
    <Cell><Data ss:Type="Number">-0.06</Data></Cell>
    <Cell><Data ss:Type="Number">-0.92</Data></Cell>
    <Cell><Data ss:Type="Number">22.8</Data></Cell>
    <Cell><Data ss:Type="Number">39.200000000000003</Data></Cell>
    <Cell><Data ss:Type="Number">0</Data></Cell>
    <Cell><Data ss:Type="Number">0</Data></Cell>
    <Cell><Data ss:Type="String">2023-12-07 16:16:38.765186</Data></Cell>
   </Row>
   <Row>
    <Cell><Data ss:Type="String">2934</Data></Cell>
    <Cell><Data ss:Type="Number">0.3</Data></Cell>
    <Cell><Data ss:Type="Number">-10.06</Data></Cell>
    <Cell><Data ss:Type="Number">0.12</Data></Cell>
    <Cell><Data ss:Type="Number">-9.4499999999999993</Data></Cell>
    <Cell><Data ss:Type="Number">-0.09</Data></Cell>
    <Cell><Data ss:Type="Number">-0.95</Data></Cell>
    <Cell><Data ss:Type="Number">22.8</Data></Cell>
    <Cell><Data ss:Type="Number">39.200000000000003</Data></Cell>
    <Cell><Data ss:Type="Number">0</Data></Cell>
    <Cell><Data ss:Type="Number">0</Data></Cell>
    <Cell><Data ss:Type="String">2023-12-07 16:16:38.763771</Data></Cell>
   </Row>
   <Row>
    <Cell><Data ss:Type="String">2933</Data></Cell>
    <Cell><Data ss:Type="Number">0.22</Data></Cell>
    <Cell><Data ss:Type="Number">-10.09</Data></Cell>
    <Cell><Data ss:Type="Number">0.11</Data></Cell>
    <Cell><Data ss:Type="Number">-9.5299999999999994</Data></Cell>
    <Cell><Data ss:Type="Number">-0.09</Data></Cell>
    <Cell><Data ss:Type="Number">-0.91</Data></Cell>
    <Cell><Data ss:Type="Number">22.8</Data></Cell>
    <Cell><Data ss:Type="Number">39.200000000000003</Data></Cell>
    <Cell><Data ss:Type="Number">0</Data></Cell>
    <Cell><Data ss:Type="Number">0</Data></Cell>
    <Cell><Data ss:Type="String">2023-12-07 16:16:38.761590</Data></Cell>
   </Row>
   <Row>
    <Cell><Data ss:Type="String">2932</Data></Cell>
    <Cell><Data ss:Type="Number">0.5</Data></Cell>
    <Cell><Data ss:Type="Number">-10.18</Data></Cell>
    <Cell><Data ss:Type="Number">-0.15</Data></Cell>
    <Cell><Data ss:Type="Number">-9.51</Data></Cell>
    <Cell><Data ss:Type="Number">-0.04</Data></Cell>
    <Cell><Data ss:Type="Number">-0.91</Data></Cell>
    <Cell><Data ss:Type="Number">22.8</Data></Cell>
    <Cell><Data ss:Type="Number">39.200000000000003</Data></Cell>
    <Cell><Data ss:Type="Number">0</Data></Cell>
    <Cell><Data ss:Type="Number">0</Data></Cell>
    <Cell><Data ss:Type="String">2023-12-07 16:16:38.759868</Data></Cell>
   </Row>
   <Row>
    <Cell><Data ss:Type="String">2931</Data></Cell>
    <Cell><Data ss:Type="Number">0.3</Data></Cell>
    <Cell><Data ss:Type="Number">-10.09</Data></Cell>
    <Cell><Data ss:Type="Number">0.15</Data></Cell>
    <Cell><Data ss:Type="Number">-9.48</Data></Cell>
    <Cell><Data ss:Type="Number">-0.11</Data></Cell>
    <Cell><Data ss:Type="Number">-0.9</Data></Cell>
    <Cell><Data ss:Type="Number">22.8</Data></Cell>
    <Cell><Data ss:Type="Number">39.200000000000003</Data></Cell>
    <Cell><Data ss:Type="Number">0</Data></Cell>
    <Cell><Data ss:Type="Number">0</Data></Cell>
    <Cell><Data ss:Type="String">2023-12-07 16:16:38.758344</Data></Cell>
   </Row>
   <Row>
    <Cell><Data ss:Type="String">2930</Data></Cell>
    <Cell><Data ss:Type="Number">0.25</Data></Cell>
    <Cell><Data ss:Type="Number">-9.99</Data></Cell>
    <Cell><Data ss:Type="Number">0.14000000000000001</Data></Cell>
    <Cell><Data ss:Type="Number">-9.41</Data></Cell>
    <Cell><Data ss:Type="Number">-0.05</Data></Cell>
    <Cell><Data ss:Type="Number">-0.88</Data></Cell>
    <Cell><Data ss:Type="Number">22.8</Data></Cell>
    <Cell><Data ss:Type="Number">39.200000000000003</Data></Cell>
    <Cell><Data ss:Type="Number">0</Data></Cell>
    <Cell><Data ss:Type="Number">0</Data></Cell>
    <Cell><Data ss:Type="String">2023-12-07 16:16:38.756798</Data></Cell>
   </Row>
   <Row>
    <Cell><Data ss:Type="String">2929</Data></Cell>
    <Cell><Data ss:Type="Number">0.3</Data></Cell>
    <Cell><Data ss:Type="Number">-9.99</Data></Cell>
    <Cell><Data ss:Type="Number">7.0000000000000007E-2</Data></Cell>
    <Cell><Data ss:Type="Number">-9.4700000000000006</Data></Cell>
    <Cell><Data ss:Type="Number">-0.08</Data></Cell>
    <Cell><Data ss:Type="Number">-0.94</Data></Cell>
    <Cell><Data ss:Type="Number">22.8</Data></Cell>
    <Cell><Data ss:Type="Number">39.200000000000003</Data></Cell>
    <Cell><Data ss:Type="Number">0</Data></Cell>
    <Cell><Data ss:Type="Number">0</Data></Cell>
    <Cell><Data ss:Type="String">2023-12-07 16:16:38.754463</Data></Cell>
   </Row>
   <Row>
    <Cell><Data ss:Type="String">2928</Data></Cell>
    <Cell><Data ss:Type="Number">0.27</Data></Cell>
    <Cell><Data ss:Type="Number">-10.15</Data></Cell>
    <Cell><Data ss:Type="Number">0.13</Data></Cell>
    <Cell><Data ss:Type="Number">-9.56</Data></Cell>
    <Cell><Data ss:Type="Number">-0.08</Data></Cell>
    <Cell><Data ss:Type="Number">-0.89</Data></Cell>
    <Cell><Data ss:Type="Number">22.8</Data></Cell>
    <Cell><Data ss:Type="Number">39.200000000000003</Data></Cell>
    <Cell><Data ss:Type="Number">0</Data></Cell>
    <Cell><Data ss:Type="Number">0</Data></Cell>
    <Cell><Data ss:Type="String">2023-12-07 16:16:38.523814</Data></Cell>
   </Row>
   <Row>
    <Cell><Data ss:Type="String">2927</Data></Cell>
    <Cell><Data ss:Type="Number">0.35</Data></Cell>
    <Cell><Data ss:Type="Number">-9.8800000000000008</Data></Cell>
    <Cell><Data ss:Type="Number">0.12</Data></Cell>
    <Cell><Data ss:Type="Number">-9.42</Data></Cell>
    <Cell><Data ss:Type="Number">-0.06</Data></Cell>
    <Cell><Data ss:Type="Number">-0.95</Data></Cell>
    <Cell><Data ss:Type="Number">22.8</Data></Cell>
    <Cell><Data ss:Type="Number">39.200000000000003</Data></Cell>
    <Cell><Data ss:Type="Number">0</Data></Cell>
    <Cell><Data ss:Type="Number">0</Data></Cell>
    <Cell><Data ss:Type="String">2023-12-07 16:16:38.475661</Data></Cell>
   </Row>
   <Row>
    <Cell><Data ss:Type="String">2926</Data></Cell>
    <Cell><Data ss:Type="Number">0.37</Data></Cell>
    <Cell><Data ss:Type="Number">-10.14</Data></Cell>
    <Cell><Data ss:Type="Number">0.16</Data></Cell>
    <Cell><Data ss:Type="Number">-9.52</Data></Cell>
    <Cell><Data ss:Type="Number">-0.11</Data></Cell>
    <Cell><Data ss:Type="Number">-0.97</Data></Cell>
    <Cell><Data ss:Type="Number">22.8</Data></Cell>
    <Cell><Data ss:Type="Number">39.200000000000003</Data></Cell>
    <Cell><Data ss:Type="Number">0</Data></Cell>
    <Cell><Data ss:Type="Number">0</Data></Cell>
    <Cell><Data ss:Type="String">2023-12-07 16:16:38.472924</Data></Cell>
   </Row>
   <Row>
    <Cell><Data ss:Type="String">2925</Data></Cell>
    <Cell><Data ss:Type="Number">0.21</Data></Cell>
    <Cell><Data ss:Type="Number">-10.18</Data></Cell>
    <Cell><Data ss:Type="Number">0.18</Data></Cell>
    <Cell><Data ss:Type="Number">-9.52</Data></Cell>
    <Cell><Data ss:Type="Number">-0.05</Data></Cell>
    <Cell><Data ss:Type="Number">-0.87</Data></Cell>
    <Cell><Data ss:Type="Number">22.8</Data></Cell>
    <Cell><Data ss:Type="Number">39.200000000000003</Data></Cell>
    <Cell><Data ss:Type="Number">0</Data></Cell>
    <Cell><Data ss:Type="Number">0</Data></Cell>
    <Cell><Data ss:Type="String">2023-12-07 16:16:38.470879</Data></Cell>
   </Row>
   <Row>
    <Cell><Data ss:Type="String">2924</Data></Cell>
    <Cell><Data ss:Type="Number">0.34</Data></Cell>
    <Cell><Data ss:Type="Number">-10.23</Data></Cell>
    <Cell><Data ss:Type="Number">0.18</Data></Cell>
    <Cell><Data ss:Type="Number">-9.5299999999999994</Data></Cell>
    <Cell><Data ss:Type="Number">-7.0000000000000007E-2</Data></Cell>
    <Cell><Data ss:Type="Number">-0.96</Data></Cell>
    <Cell><Data ss:Type="Number">22.8</Data></Cell>
    <Cell><Data ss:Type="Number">39.200000000000003</Data></Cell>
    <Cell><Data ss:Type="Number">0</Data></Cell>
    <Cell><Data ss:Type="Number">0</Data></Cell>
    <Cell><Data ss:Type="String">2023-12-07 16:16:38.468398</Data></Cell>
   </Row>
   <Row>
    <Cell><Data ss:Type="String">2923</Data></Cell>
    <Cell><Data ss:Type="Number">0.36</Data></Cell>
    <Cell><Data ss:Type="Number">-10.08</Data></Cell>
    <Cell><Data ss:Type="Number">0.26</Data></Cell>
    <Cell><Data ss:Type="Number">-9.43</Data></Cell>
    <Cell><Data ss:Type="Number">-0.08</Data></Cell>
    <Cell><Data ss:Type="Number">-0.86</Data></Cell>
    <Cell><Data ss:Type="Number">22.8</Data></Cell>
    <Cell><Data ss:Type="Number">39.200000000000003</Data></Cell>
    <Cell><Data ss:Type="Number">0</Data></Cell>
    <Cell><Data ss:Type="Number">0</Data></Cell>
    <Cell><Data ss:Type="String">2023-12-07 16:16:38.466505</Data></Cell>
   </Row>
   <Row>
    <Cell><Data ss:Type="String">2922</Data></Cell>
    <Cell><Data ss:Type="Number">0.18</Data></Cell>
    <Cell><Data ss:Type="Number">-9.99</Data></Cell>
    <Cell><Data ss:Type="Number">0</Data></Cell>
    <Cell><Data ss:Type="Number">-9.44</Data></Cell>
    <Cell><Data ss:Type="Number">-0.02</Data></Cell>
    <Cell><Data ss:Type="Number">-0.93</Data></Cell>
    <Cell><Data ss:Type="Number">22.8</Data></Cell>
    <Cell><Data ss:Type="Number">39.200000000000003</Data></Cell>
    <Cell><Data ss:Type="Number">0</Data></Cell>
    <Cell><Data ss:Type="Number">0</Data></Cell>
    <Cell><Data ss:Type="String">2023-12-07 16:16:38.464572</Data></Cell>
   </Row>
   <Row>
    <Cell><Data ss:Type="String">2921</Data></Cell>
    <Cell><Data ss:Type="Number">0.28999999999999998</Data></Cell>
    <Cell><Data ss:Type="Number">-9.98</Data></Cell>
    <Cell><Data ss:Type="Number">0.06</Data></Cell>
    <Cell><Data ss:Type="Number">-9.49</Data></Cell>
    <Cell><Data ss:Type="Number">-0.05</Data></Cell>
    <Cell><Data ss:Type="Number">-0.98</Data></Cell>
    <Cell><Data ss:Type="Number">22.8</Data></Cell>
    <Cell><Data ss:Type="Number">39.200000000000003</Data></Cell>
    <Cell><Data ss:Type="Number">0</Data></Cell>
    <Cell><Data ss:Type="Number">0</Data></Cell>
    <Cell><Data ss:Type="String">2023-12-07 16:16:38.462628</Data></Cell>
   </Row>
   <Row>
    <Cell><Data ss:Type="String">2920</Data></Cell>
    <Cell><Data ss:Type="Number">0.53</Data></Cell>
    <Cell><Data ss:Type="Number">-10.23</Data></Cell>
    <Cell><Data ss:Type="Number">0.35</Data></Cell>
    <Cell><Data ss:Type="Number">-9.52</Data></Cell>
    <Cell><Data ss:Type="Number">-0.15</Data></Cell>
    <Cell><Data ss:Type="Number">-0.83</Data></Cell>
    <Cell><Data ss:Type="Number">22.8</Data></Cell>
    <Cell><Data ss:Type="Number">39.200000000000003</Data></Cell>
    <Cell><Data ss:Type="Number">0</Data></Cell>
    <Cell><Data ss:Type="Number">0</Data></Cell>
    <Cell><Data ss:Type="String">2023-12-07 16:16:38.461006</Data></Cell>
   </Row>
   <Row>
    <Cell><Data ss:Type="String">2919</Data></Cell>
    <Cell><Data ss:Type="Number">0.24</Data></Cell>
    <Cell><Data ss:Type="Number">-10.220000000000001</Data></Cell>
    <Cell><Data ss:Type="Number">0.08</Data></Cell>
    <Cell><Data ss:Type="Number">-9.5399999999999991</Data></Cell>
    <Cell><Data ss:Type="Number">-0.12</Data></Cell>
    <Cell><Data ss:Type="Number">-0.97</Data></Cell>
    <Cell><Data ss:Type="Number">22.8</Data></Cell>
    <Cell><Data ss:Type="Number">39.200000000000003</Data></Cell>
    <Cell><Data ss:Type="Number">0</Data></Cell>
    <Cell><Data ss:Type="Number">0</Data></Cell>
    <Cell><Data ss:Type="String">2023-12-07 16:16:38.237846</Data></Cell>
   </Row>
   <Row>
    <Cell><Data ss:Type="String">2918</Data></Cell>
    <Cell><Data ss:Type="Number">0.8</Data></Cell>
    <Cell><Data ss:Type="Number">-10.050000000000001</Data></Cell>
    <Cell><Data ss:Type="Number">0.06</Data></Cell>
    <Cell><Data ss:Type="Number">-9.43</Data></Cell>
    <Cell><Data ss:Type="Number">0.15</Data></Cell>
    <Cell><Data ss:Type="Number">-0.91</Data></Cell>
    <Cell><Data ss:Type="Number">22.8</Data></Cell>
    <Cell><Data ss:Type="Number">39.200000000000003</Data></Cell>
    <Cell><Data ss:Type="Number">0</Data></Cell>
    <Cell><Data ss:Type="Number">0</Data></Cell>
    <Cell><Data ss:Type="String">2023-12-07 16:16:38.235540</Data></Cell>
   </Row>
   <Row>
    <Cell><Data ss:Type="String">2917</Data></Cell>
    <Cell><Data ss:Type="Number">0.62</Data></Cell>
    <Cell><Data ss:Type="Number">-9.92</Data></Cell>
    <Cell><Data ss:Type="Number">0.28000000000000003</Data></Cell>
    <Cell><Data ss:Type="Number">-9.4499999999999993</Data></Cell>
    <Cell><Data ss:Type="Number">-0.17</Data></Cell>
    <Cell><Data ss:Type="Number">-0.95</Data></Cell>
    <Cell><Data ss:Type="Number">22.8</Data></Cell>
    <Cell><Data ss:Type="Number">39.200000000000003</Data></Cell>
    <Cell><Data ss:Type="Number">0</Data></Cell>
    <Cell><Data ss:Type="Number">0</Data></Cell>
    <Cell><Data ss:Type="String">2023-12-07 16:16:38.234008</Data></Cell>
   </Row>
   <Row>
    <Cell><Data ss:Type="String">2916</Data></Cell>
    <Cell><Data ss:Type="Number">0.92</Data></Cell>
    <Cell><Data ss:Type="Number">-9.98</Data></Cell>
    <Cell><Data ss:Type="Number">0.39</Data></Cell>
    <Cell><Data ss:Type="Number">-9.48</Data></Cell>
    <Cell><Data ss:Type="Number">-0.54</Data></Cell>
    <Cell><Data ss:Type="Number">-0.91</Data></Cell>
    <Cell><Data ss:Type="Number">22.8</Data></Cell>
    <Cell><Data ss:Type="Number">39.200000000000003</Data></Cell>
    <Cell><Data ss:Type="Number">0</Data></Cell>
    <Cell><Data ss:Type="Number">0</Data></Cell>
    <Cell><Data ss:Type="String">2023-12-07 16:16:38.231469</Data></Cell>
   </Row>
   <Row>
    <Cell><Data ss:Type="String">2915</Data></Cell>
    <Cell><Data ss:Type="Number">1.41</Data></Cell>
    <Cell><Data ss:Type="Number">-9.93</Data></Cell>
    <Cell><Data ss:Type="Number">0.89</Data></Cell>
    <Cell><Data ss:Type="Number">-9.35</Data></Cell>
    <Cell><Data ss:Type="Number">-0.8</Data></Cell>
    <Cell><Data ss:Type="Number">-0.74</Data></Cell>
    <Cell><Data ss:Type="Number">22.8</Data></Cell>
    <Cell><Data ss:Type="Number">39.200000000000003</Data></Cell>
    <Cell><Data ss:Type="Number">0</Data></Cell>
    <Cell><Data ss:Type="Number">0</Data></Cell>
    <Cell><Data ss:Type="String">2023-12-07 16:16:38.065002</Data></Cell>
   </Row>
   <Row>
    <Cell><Data ss:Type="String">2914</Data></Cell>
    <Cell><Data ss:Type="Number">-0.68</Data></Cell>
    <Cell><Data ss:Type="Number">-10.199999999999999</Data></Cell>
    <Cell><Data ss:Type="Number">-0.28000000000000003</Data></Cell>
    <Cell><Data ss:Type="Number">-9.6199999999999992</Data></Cell>
    <Cell><Data ss:Type="Number">0.26</Data></Cell>
    <Cell><Data ss:Type="Number">-1.03</Data></Cell>
    <Cell><Data ss:Type="Number">22.8</Data></Cell>
    <Cell><Data ss:Type="Number">39.200000000000003</Data></Cell>
    <Cell><Data ss:Type="Number">0</Data></Cell>
    <Cell><Data ss:Type="Number">0</Data></Cell>
    <Cell><Data ss:Type="String">2023-12-07 16:16:38.058206</Data></Cell>
   </Row>
   <Row>
    <Cell><Data ss:Type="String">2913</Data></Cell>
    <Cell><Data ss:Type="Number">-3.07</Data></Cell>
    <Cell><Data ss:Type="Number">-8.59</Data></Cell>
    <Cell><Data ss:Type="Number">-0.48</Data></Cell>
    <Cell><Data ss:Type="Number">-9.6199999999999992</Data></Cell>
    <Cell><Data ss:Type="Number">1.54</Data></Cell>
    <Cell><Data ss:Type="Number">-1.08</Data></Cell>
    <Cell><Data ss:Type="Number">22.8</Data></Cell>
    <Cell><Data ss:Type="Number">39.200000000000003</Data></Cell>
    <Cell><Data ss:Type="Number">0</Data></Cell>
    <Cell><Data ss:Type="Number">0</Data></Cell>
    <Cell><Data ss:Type="String">2023-12-07 16:16:38.012465</Data></Cell>
   </Row>
   <Row>
    <Cell><Data ss:Type="String">2912</Data></Cell>
    <Cell><Data ss:Type="Number">4.0999999999999996</Data></Cell>
    <Cell><Data ss:Type="Number">-9.8000000000000007</Data></Cell>
    <Cell><Data ss:Type="Number">-0.95</Data></Cell>
    <Cell><Data ss:Type="Number">-15.15</Data></Cell>
    <Cell><Data ss:Type="Number">-1.25</Data></Cell>
    <Cell><Data ss:Type="Number">-0.68</Data></Cell>
    <Cell><Data ss:Type="Number">22.8</Data></Cell>
    <Cell><Data ss:Type="Number">39.200000000000003</Data></Cell>
    <Cell><Data ss:Type="Number">0</Data></Cell>
    <Cell><Data ss:Type="Number">0</Data></Cell>
    <Cell><Data ss:Type="String">2023-12-07 16:16:37.968967</Data></Cell>
   </Row>
   <Row>
    <Cell><Data ss:Type="String">2911</Data></Cell>
    <Cell><Data ss:Type="Number">0.22</Data></Cell>
    <Cell><Data ss:Type="Number">-10.16</Data></Cell>
    <Cell><Data ss:Type="Number">-0.12</Data></Cell>
    <Cell><Data ss:Type="Number">-9.44</Data></Cell>
    <Cell><Data ss:Type="Number">-0.04</Data></Cell>
    <Cell><Data ss:Type="Number">-0.92</Data></Cell>
    <Cell><Data ss:Type="Number">22.8</Data></Cell>
    <Cell><Data ss:Type="Number">39.200000000000003</Data></Cell>
    <Cell><Data ss:Type="Number">0</Data></Cell>
    <Cell><Data ss:Type="Number">0</Data></Cell>
    <Cell><Data ss:Type="String">2023-12-07 16:16:37.967171</Data></Cell>
   </Row>
   <Row>
    <Cell><Data ss:Type="String">2910</Data></Cell>
    <Cell><Data ss:Type="Number">0.36</Data></Cell>
    <Cell><Data ss:Type="Number">-10.55</Data></Cell>
    <Cell><Data ss:Type="Number">0.05</Data></Cell>
    <Cell><Data ss:Type="Number">-9.64</Data></Cell>
    <Cell><Data ss:Type="Number">-0.14000000000000001</Data></Cell>
    <Cell><Data ss:Type="Number">-0.98</Data></Cell>
    <Cell><Data ss:Type="Number">22.8</Data></Cell>
    <Cell><Data ss:Type="Number">39.200000000000003</Data></Cell>
    <Cell><Data ss:Type="Number">0</Data></Cell>
    <Cell><Data ss:Type="Number">0</Data></Cell>
    <Cell><Data ss:Type="String">2023-12-07 16:16:37.923080</Data></Cell>
   </Row>
   <Row>
    <Cell><Data ss:Type="String">2909</Data></Cell>
    <Cell><Data ss:Type="Number">0.39</Data></Cell>
    <Cell><Data ss:Type="Number">-10.09</Data></Cell>
    <Cell><Data ss:Type="Number">0.28999999999999998</Data></Cell>
    <Cell><Data ss:Type="Number">-9.35</Data></Cell>
    <Cell><Data ss:Type="Number">-0.08</Data></Cell>
    <Cell><Data ss:Type="Number">-0.88</Data></Cell>
    <Cell><Data ss:Type="Number">22.8</Data></Cell>
    <Cell><Data ss:Type="Number">39.200000000000003</Data></Cell>
    <Cell><Data ss:Type="Number">0</Data></Cell>
    <Cell><Data ss:Type="Number">0</Data></Cell>
    <Cell><Data ss:Type="String">2023-12-07 16:16:37.874440</Data></Cell>
   </Row>
   <Row>
    <Cell><Data ss:Type="String">2908</Data></Cell>
    <Cell><Data ss:Type="Number">0.45</Data></Cell>
    <Cell><Data ss:Type="Number">-9.69</Data></Cell>
    <Cell><Data ss:Type="Number">0.28000000000000003</Data></Cell>
    <Cell><Data ss:Type="Number">-9.34</Data></Cell>
    <Cell><Data ss:Type="Number">-0.17</Data></Cell>
    <Cell><Data ss:Type="Number">-0.99</Data></Cell>
    <Cell><Data ss:Type="Number">22.8</Data></Cell>
    <Cell><Data ss:Type="Number">39.200000000000003</Data></Cell>
    <Cell><Data ss:Type="Number">0</Data></Cell>
    <Cell><Data ss:Type="Number">0</Data></Cell>
    <Cell><Data ss:Type="String">2023-12-07 16:16:37.830363</Data></Cell>
   </Row>
   <Row>
    <Cell><Data ss:Type="String">2907</Data></Cell>
    <Cell><Data ss:Type="Number">0.28999999999999998</Data></Cell>
    <Cell><Data ss:Type="Number">-10.92</Data></Cell>
    <Cell><Data ss:Type="Number">-0.03</Data></Cell>
    <Cell><Data ss:Type="Number">-9.5399999999999991</Data></Cell>
    <Cell><Data ss:Type="Number">-7.0000000000000007E-2</Data></Cell>
    <Cell><Data ss:Type="Number">-0.95</Data></Cell>
    <Cell><Data ss:Type="Number">22.8</Data></Cell>
    <Cell><Data ss:Type="Number">39.200000000000003</Data></Cell>
    <Cell><Data ss:Type="Number">0</Data></Cell>
    <Cell><Data ss:Type="Number">0</Data></Cell>
    <Cell><Data ss:Type="String">2023-12-07 16:16:37.828800</Data></Cell>
   </Row>
   <Row>
    <Cell><Data ss:Type="String">2906</Data></Cell>
    <Cell><Data ss:Type="Number">0.21</Data></Cell>
    <Cell><Data ss:Type="Number">-9.9700000000000006</Data></Cell>
    <Cell><Data ss:Type="Number">-0.2</Data></Cell>
    <Cell><Data ss:Type="Number">-9.49</Data></Cell>
    <Cell><Data ss:Type="Number">-0.13</Data></Cell>
    <Cell><Data ss:Type="Number">-0.84</Data></Cell>
    <Cell><Data ss:Type="Number">22.8</Data></Cell>
    <Cell><Data ss:Type="Number">39.200000000000003</Data></Cell>
    <Cell><Data ss:Type="Number">0</Data></Cell>
    <Cell><Data ss:Type="Number">0</Data></Cell>
    <Cell><Data ss:Type="String">2023-12-07 16:16:37.783036</Data></Cell>
   </Row>
   <Row>
    <Cell><Data ss:Type="String">2905</Data></Cell>
    <Cell><Data ss:Type="Number">0.28000000000000003</Data></Cell>
    <Cell><Data ss:Type="Number">-11.19</Data></Cell>
    <Cell><Data ss:Type="Number">0.08</Data></Cell>
    <Cell><Data ss:Type="Number">-9.57</Data></Cell>
    <Cell><Data ss:Type="Number">-0.06</Data></Cell>
    <Cell><Data ss:Type="Number">-0.93</Data></Cell>
    <Cell><Data ss:Type="Number">22.8</Data></Cell>
    <Cell><Data ss:Type="Number">39.200000000000003</Data></Cell>
    <Cell><Data ss:Type="Number">0</Data></Cell>
    <Cell><Data ss:Type="Number">0</Data></Cell>
    <Cell><Data ss:Type="String">2023-12-07 16:16:37.741824</Data></Cell>
   </Row>
   <Row>
    <Cell><Data ss:Type="String">2904</Data></Cell>
    <Cell><Data ss:Type="Number">0.25</Data></Cell>
    <Cell><Data ss:Type="Number">-9.99</Data></Cell>
    <Cell><Data ss:Type="Number">0.13</Data></Cell>
    <Cell><Data ss:Type="Number">-9.52</Data></Cell>
    <Cell><Data ss:Type="Number">-0.16</Data></Cell>
    <Cell><Data ss:Type="Number">-0.93</Data></Cell>
    <Cell><Data ss:Type="Number">22.8</Data></Cell>
    <Cell><Data ss:Type="Number">39.200000000000003</Data></Cell>
    <Cell><Data ss:Type="Number">0</Data></Cell>
    <Cell><Data ss:Type="Number">0</Data></Cell>
    <Cell><Data ss:Type="String">2023-12-07 16:16:37.739631</Data></Cell>
   </Row>
   <Row>
    <Cell><Data ss:Type="String">2903</Data></Cell>
    <Cell><Data ss:Type="Number">0.79</Data></Cell>
    <Cell><Data ss:Type="Number">-10.02</Data></Cell>
    <Cell><Data ss:Type="Number">0.43</Data></Cell>
    <Cell><Data ss:Type="Number">-9.65</Data></Cell>
    <Cell><Data ss:Type="Number">-0.08</Data></Cell>
    <Cell><Data ss:Type="Number">-0.95</Data></Cell>
    <Cell><Data ss:Type="Number">22.8</Data></Cell>
    <Cell><Data ss:Type="Number">39.200000000000003</Data></Cell>
    <Cell><Data ss:Type="Number">0</Data></Cell>
    <Cell><Data ss:Type="Number">0</Data></Cell>
    <Cell><Data ss:Type="String">2023-12-07 16:16:37.691924</Data></Cell>
   </Row>
   <Row>
    <Cell><Data ss:Type="String">2902</Data></Cell>
    <Cell><Data ss:Type="Number">0.3</Data></Cell>
    <Cell><Data ss:Type="Number">-9.57</Data></Cell>
    <Cell><Data ss:Type="Number">-0.28000000000000003</Data></Cell>
    <Cell><Data ss:Type="Number">-9.41</Data></Cell>
    <Cell><Data ss:Type="Number">-7.0000000000000007E-2</Data></Cell>
    <Cell><Data ss:Type="Number">-0.9</Data></Cell>
    <Cell><Data ss:Type="Number">22.8</Data></Cell>
    <Cell><Data ss:Type="Number">39.200000000000003</Data></Cell>
    <Cell><Data ss:Type="Number">0</Data></Cell>
    <Cell><Data ss:Type="Number">0</Data></Cell>
    <Cell><Data ss:Type="String">2023-12-07 16:16:37.639497</Data></Cell>
   </Row>
   <Row>
    <Cell><Data ss:Type="String">2901</Data></Cell>
    <Cell><Data ss:Type="Number">0.51</Data></Cell>
    <Cell><Data ss:Type="Number">-8.9600000000000009</Data></Cell>
    <Cell><Data ss:Type="Number">0.52</Data></Cell>
    <Cell><Data ss:Type="Number">-9.35</Data></Cell>
    <Cell><Data ss:Type="Number">-0.08</Data></Cell>
    <Cell><Data ss:Type="Number">-0.91</Data></Cell>
    <Cell><Data ss:Type="Number">22.8</Data></Cell>
    <Cell><Data ss:Type="Number">39.200000000000003</Data></Cell>
    <Cell><Data ss:Type="Number">0</Data></Cell>
    <Cell><Data ss:Type="Number">0</Data></Cell>
    <Cell><Data ss:Type="String">2023-12-07 16:16:37.636654</Data></Cell>
   </Row>
   <Row>
    <Cell><Data ss:Type="String">2900</Data></Cell>
    <Cell><Data ss:Type="Number">-0.19</Data></Cell>
    <Cell><Data ss:Type="Number">-9.6300000000000008</Data></Cell>
    <Cell><Data ss:Type="Number">0.2</Data></Cell>
    <Cell><Data ss:Type="Number">-9.2899999999999991</Data></Cell>
    <Cell><Data ss:Type="Number">-0.03</Data></Cell>
    <Cell><Data ss:Type="Number">-0.95</Data></Cell>
    <Cell><Data ss:Type="Number">22.8</Data></Cell>
    <Cell><Data ss:Type="Number">39.200000000000003</Data></Cell>
    <Cell><Data ss:Type="Number">0</Data></Cell>
    <Cell><Data ss:Type="Number">0</Data></Cell>
    <Cell><Data ss:Type="String">2023-12-07 16:16:37.584077</Data></Cell>
   </Row>
   <Row>
    <Cell><Data ss:Type="String">2899</Data></Cell>
    <Cell><Data ss:Type="Number">0.19</Data></Cell>
    <Cell><Data ss:Type="Number">-10.199999999999999</Data></Cell>
    <Cell><Data ss:Type="Number">-0.14000000000000001</Data></Cell>
    <Cell><Data ss:Type="Number">-9.52</Data></Cell>
    <Cell><Data ss:Type="Number">-0.13</Data></Cell>
    <Cell><Data ss:Type="Number">-0.93</Data></Cell>
    <Cell><Data ss:Type="Number">22.8</Data></Cell>
    <Cell><Data ss:Type="Number">39.200000000000003</Data></Cell>
    <Cell><Data ss:Type="Number">0</Data></Cell>
    <Cell><Data ss:Type="Number">0</Data></Cell>
    <Cell><Data ss:Type="String">2023-12-07 16:16:37.538838</Data></Cell>
   </Row>
   <Row>
    <Cell><Data ss:Type="String">2898</Data></Cell>
    <Cell><Data ss:Type="Number">0.34</Data></Cell>
    <Cell><Data ss:Type="Number">-11.13</Data></Cell>
    <Cell><Data ss:Type="Number">-0.06</Data></Cell>
    <Cell><Data ss:Type="Number">-9.6999999999999993</Data></Cell>
    <Cell><Data ss:Type="Number">-0.09</Data></Cell>
    <Cell><Data ss:Type="Number">-0.93</Data></Cell>
    <Cell><Data ss:Type="Number">22.8</Data></Cell>
    <Cell><Data ss:Type="Number">39.200000000000003</Data></Cell>
    <Cell><Data ss:Type="Number">0</Data></Cell>
    <Cell><Data ss:Type="Number">0</Data></Cell>
    <Cell><Data ss:Type="String">2023-12-07 16:16:37.492954</Data></Cell>
   </Row>
   <Row>
    <Cell><Data ss:Type="String">2897</Data></Cell>
    <Cell><Data ss:Type="Number">-0.06</Data></Cell>
    <Cell><Data ss:Type="Number">-10.02</Data></Cell>
    <Cell><Data ss:Type="Number">0.28999999999999998</Data></Cell>
    <Cell><Data ss:Type="Number">-9.49</Data></Cell>
    <Cell><Data ss:Type="Number">0</Data></Cell>
    <Cell><Data ss:Type="Number">-0.88</Data></Cell>
    <Cell><Data ss:Type="Number">22.8</Data></Cell>
    <Cell><Data ss:Type="Number">39.200000000000003</Data></Cell>
    <Cell><Data ss:Type="Number">0</Data></Cell>
    <Cell><Data ss:Type="Number">0</Data></Cell>
    <Cell><Data ss:Type="String">2023-12-07 16:16:37.491458</Data></Cell>
   </Row>
   <Row>
    <Cell><Data ss:Type="String">2896</Data></Cell>
    <Cell><Data ss:Type="Number">0.52</Data></Cell>
    <Cell><Data ss:Type="Number">-9.86</Data></Cell>
    <Cell><Data ss:Type="Number">-0.09</Data></Cell>
    <Cell><Data ss:Type="Number">-9.35</Data></Cell>
    <Cell><Data ss:Type="Number">-0.06</Data></Cell>
    <Cell><Data ss:Type="Number">-0.96</Data></Cell>
    <Cell><Data ss:Type="Number">22.8</Data></Cell>
    <Cell><Data ss:Type="Number">39.200000000000003</Data></Cell>
    <Cell><Data ss:Type="Number">0</Data></Cell>
    <Cell><Data ss:Type="Number">0</Data></Cell>
    <Cell><Data ss:Type="String">2023-12-07 16:16:37.445112</Data></Cell>
   </Row>
   <Row>
    <Cell><Data ss:Type="String">2895</Data></Cell>
    <Cell><Data ss:Type="Number">0.28999999999999998</Data></Cell>
    <Cell><Data ss:Type="Number">-10.130000000000001</Data></Cell>
    <Cell><Data ss:Type="Number">0.1</Data></Cell>
    <Cell><Data ss:Type="Number">-9.6199999999999992</Data></Cell>
    <Cell><Data ss:Type="Number">-0.06</Data></Cell>
    <Cell><Data ss:Type="Number">-0.94</Data></Cell>
    <Cell><Data ss:Type="Number">22.8</Data></Cell>
    <Cell><Data ss:Type="Number">39.200000000000003</Data></Cell>
    <Cell><Data ss:Type="Number">0</Data></Cell>
    <Cell><Data ss:Type="Number">0</Data></Cell>
    <Cell><Data ss:Type="String">2023-12-07 16:16:37.400926</Data></Cell>
   </Row>
   <Row>
    <Cell><Data ss:Type="String">2894</Data></Cell>
    <Cell><Data ss:Type="Number">0.2</Data></Cell>
    <Cell><Data ss:Type="Number">-9.91</Data></Cell>
    <Cell><Data ss:Type="Number">-0.01</Data></Cell>
    <Cell><Data ss:Type="Number">-9.4</Data></Cell>
    <Cell><Data ss:Type="Number">-0.04</Data></Cell>
    <Cell><Data ss:Type="Number">-0.94</Data></Cell>
    <Cell><Data ss:Type="Number">22.8</Data></Cell>
    <Cell><Data ss:Type="Number">39.200000000000003</Data></Cell>
    <Cell><Data ss:Type="Number">0</Data></Cell>
    <Cell><Data ss:Type="Number">0</Data></Cell>
    <Cell><Data ss:Type="String">2023-12-07 16:16:37.399334</Data></Cell>
   </Row>
   <Row>
    <Cell><Data ss:Type="String">2893</Data></Cell>
    <Cell><Data ss:Type="Number">0.21</Data></Cell>
    <Cell><Data ss:Type="Number">-10.54</Data></Cell>
    <Cell><Data ss:Type="Number">0.21</Data></Cell>
    <Cell><Data ss:Type="Number">-9.5299999999999994</Data></Cell>
    <Cell><Data ss:Type="Number">-0.13</Data></Cell>
    <Cell><Data ss:Type="Number">-0.88</Data></Cell>
    <Cell><Data ss:Type="Number">22.8</Data></Cell>
    <Cell><Data ss:Type="Number">39.200000000000003</Data></Cell>
    <Cell><Data ss:Type="Number">0</Data></Cell>
    <Cell><Data ss:Type="Number">0</Data></Cell>
    <Cell><Data ss:Type="String">2023-12-07 16:16:37.354636</Data></Cell>
   </Row>
   <Row>
    <Cell><Data ss:Type="String">2892</Data></Cell>
    <Cell><Data ss:Type="Number">-0.4</Data></Cell>
    <Cell><Data ss:Type="Number">-9.89</Data></Cell>
    <Cell><Data ss:Type="Number">-0.11</Data></Cell>
    <Cell><Data ss:Type="Number">-9.43</Data></Cell>
    <Cell><Data ss:Type="Number">-7.0000000000000007E-2</Data></Cell>
    <Cell><Data ss:Type="Number">-0.9</Data></Cell>
    <Cell><Data ss:Type="Number">22.8</Data></Cell>
    <Cell><Data ss:Type="Number">39.200000000000003</Data></Cell>
    <Cell><Data ss:Type="Number">0</Data></Cell>
    <Cell><Data ss:Type="Number">0</Data></Cell>
    <Cell><Data ss:Type="String">2023-12-07 16:16:37.308192</Data></Cell>
   </Row>
   <Row>
    <Cell><Data ss:Type="String">2891</Data></Cell>
    <Cell><Data ss:Type="Number">0.33</Data></Cell>
    <Cell><Data ss:Type="Number">-10.33</Data></Cell>
    <Cell><Data ss:Type="Number">7.0000000000000007E-2</Data></Cell>
    <Cell><Data ss:Type="Number">-9.4499999999999993</Data></Cell>
    <Cell><Data ss:Type="Number">-0.11</Data></Cell>
    <Cell><Data ss:Type="Number">-0.89</Data></Cell>
    <Cell><Data ss:Type="Number">22.8</Data></Cell>
    <Cell><Data ss:Type="Number">39.200000000000003</Data></Cell>
    <Cell><Data ss:Type="Number">0</Data></Cell>
    <Cell><Data ss:Type="Number">0</Data></Cell>
    <Cell><Data ss:Type="String">2023-12-07 16:16:37.262092</Data></Cell>
   </Row>
   <Row>
    <Cell><Data ss:Type="String">2890</Data></Cell>
    <Cell><Data ss:Type="Number">0.28999999999999998</Data></Cell>
    <Cell><Data ss:Type="Number">-10.23</Data></Cell>
    <Cell><Data ss:Type="Number">0.34</Data></Cell>
    <Cell><Data ss:Type="Number">-9.52</Data></Cell>
    <Cell><Data ss:Type="Number">-0.06</Data></Cell>
    <Cell><Data ss:Type="Number">-0.91</Data></Cell>
    <Cell><Data ss:Type="Number">22.8</Data></Cell>
    <Cell><Data ss:Type="Number">39.200000000000003</Data></Cell>
    <Cell><Data ss:Type="Number">0</Data></Cell>
    <Cell><Data ss:Type="Number">0</Data></Cell>
    <Cell><Data ss:Type="String">2023-12-07 16:16:37.260557</Data></Cell>
   </Row>
   <Row>
    <Cell><Data ss:Type="String">2889</Data></Cell>
    <Cell><Data ss:Type="Number">0.03</Data></Cell>
    <Cell><Data ss:Type="Number">-10.24</Data></Cell>
    <Cell><Data ss:Type="Number">-7.0000000000000007E-2</Data></Cell>
    <Cell><Data ss:Type="Number">-9.41</Data></Cell>
    <Cell><Data ss:Type="Number">-7.0000000000000007E-2</Data></Cell>
    <Cell><Data ss:Type="Number">-0.86</Data></Cell>
    <Cell><Data ss:Type="Number">22.8</Data></Cell>
    <Cell><Data ss:Type="Number">39.200000000000003</Data></Cell>
    <Cell><Data ss:Type="Number">0</Data></Cell>
    <Cell><Data ss:Type="Number">0</Data></Cell>
    <Cell><Data ss:Type="String">2023-12-07 16:16:37.215944</Data></Cell>
   </Row>
   <Row>
    <Cell><Data ss:Type="String">2888</Data></Cell>
    <Cell><Data ss:Type="Number">0.34</Data></Cell>
    <Cell><Data ss:Type="Number">-10.24</Data></Cell>
    <Cell><Data ss:Type="Number">0.47</Data></Cell>
    <Cell><Data ss:Type="Number">-9.4700000000000006</Data></Cell>
    <Cell><Data ss:Type="Number">-0.11</Data></Cell>
    <Cell><Data ss:Type="Number">-0.9</Data></Cell>
    <Cell><Data ss:Type="Number">22.8</Data></Cell>
    <Cell><Data ss:Type="Number">39.200000000000003</Data></Cell>
    <Cell><Data ss:Type="Number">0</Data></Cell>
    <Cell><Data ss:Type="Number">0</Data></Cell>
    <Cell><Data ss:Type="String">2023-12-07 16:16:37.170565</Data></Cell>
   </Row>
   <Row>
    <Cell><Data ss:Type="String">2887</Data></Cell>
    <Cell><Data ss:Type="Number">0.49</Data></Cell>
    <Cell><Data ss:Type="Number">-9.85</Data></Cell>
    <Cell><Data ss:Type="Number">0.26</Data></Cell>
    <Cell><Data ss:Type="Number">-9.5</Data></Cell>
    <Cell><Data ss:Type="Number">-0.02</Data></Cell>
    <Cell><Data ss:Type="Number">-0.93</Data></Cell>
    <Cell><Data ss:Type="Number">22.8</Data></Cell>
    <Cell><Data ss:Type="Number">39.200000000000003</Data></Cell>
    <Cell><Data ss:Type="Number">0</Data></Cell>
    <Cell><Data ss:Type="Number">0</Data></Cell>
    <Cell><Data ss:Type="String">2023-12-07 16:16:37.125713</Data></Cell>
   </Row>
   <Row>
    <Cell><Data ss:Type="String">2886</Data></Cell>
    <Cell><Data ss:Type="Number">0.85</Data></Cell>
    <Cell><Data ss:Type="Number">-9.89</Data></Cell>
    <Cell><Data ss:Type="Number">0.36</Data></Cell>
    <Cell><Data ss:Type="Number">-9.48</Data></Cell>
    <Cell><Data ss:Type="Number">-0.13</Data></Cell>
    <Cell><Data ss:Type="Number">-0.8</Data></Cell>
    <Cell><Data ss:Type="Number">22.8</Data></Cell>
    <Cell><Data ss:Type="Number">39.200000000000003</Data></Cell>
    <Cell><Data ss:Type="Number">0</Data></Cell>
    <Cell><Data ss:Type="Number">0</Data></Cell>
    <Cell><Data ss:Type="String">2023-12-07 16:16:37.124130</Data></Cell>
   </Row>
   <Row>
    <Cell><Data ss:Type="String">2885</Data></Cell>
    <Cell><Data ss:Type="Number">0.02</Data></Cell>
    <Cell><Data ss:Type="Number">-10.210000000000001</Data></Cell>
    <Cell><Data ss:Type="Number">-0.26</Data></Cell>
    <Cell><Data ss:Type="Number">-9.51</Data></Cell>
    <Cell><Data ss:Type="Number">-0.1</Data></Cell>
    <Cell><Data ss:Type="Number">-0.96</Data></Cell>
    <Cell><Data ss:Type="Number">22.8</Data></Cell>
    <Cell><Data ss:Type="Number">39.200000000000003</Data></Cell>
    <Cell><Data ss:Type="Number">0</Data></Cell>
    <Cell><Data ss:Type="Number">0</Data></Cell>
    <Cell><Data ss:Type="String">2023-12-07 16:16:37.080069</Data></Cell>
   </Row>
   <Row>
    <Cell><Data ss:Type="String">2884</Data></Cell>
    <Cell><Data ss:Type="Number">-1.0900000000000001</Data></Cell>
    <Cell><Data ss:Type="Number">-10.23</Data></Cell>
    <Cell><Data ss:Type="Number">-0.25</Data></Cell>
    <Cell><Data ss:Type="Number">-9.44</Data></Cell>
    <Cell><Data ss:Type="Number">-0.05</Data></Cell>
    <Cell><Data ss:Type="Number">-0.82</Data></Cell>
    <Cell><Data ss:Type="Number">22.8</Data></Cell>
    <Cell><Data ss:Type="Number">39.200000000000003</Data></Cell>
    <Cell><Data ss:Type="Number">0</Data></Cell>
    <Cell><Data ss:Type="Number">0</Data></Cell>
    <Cell><Data ss:Type="String">2023-12-07 16:16:37.032642</Data></Cell>
   </Row>
   <Row>
    <Cell><Data ss:Type="String">2883</Data></Cell>
    <Cell><Data ss:Type="Number">-0.89</Data></Cell>
    <Cell><Data ss:Type="Number">-10.02</Data></Cell>
    <Cell><Data ss:Type="Number">-0.16</Data></Cell>
    <Cell><Data ss:Type="Number">-9.39</Data></Cell>
    <Cell><Data ss:Type="Number">-0.12</Data></Cell>
    <Cell><Data ss:Type="Number">-0.96</Data></Cell>
    <Cell><Data ss:Type="Number">22.8</Data></Cell>
    <Cell><Data ss:Type="Number">39.200000000000003</Data></Cell>
    <Cell><Data ss:Type="Number">0</Data></Cell>
    <Cell><Data ss:Type="Number">0</Data></Cell>
    <Cell><Data ss:Type="String">2023-12-07 16:16:36.992397</Data></Cell>
   </Row>
   <Row>
    <Cell><Data ss:Type="String">2882</Data></Cell>
    <Cell><Data ss:Type="Number">0.67</Data></Cell>
    <Cell><Data ss:Type="Number">-10.15</Data></Cell>
    <Cell><Data ss:Type="Number">0.27</Data></Cell>
    <Cell><Data ss:Type="Number">-9.52</Data></Cell>
    <Cell><Data ss:Type="Number">-0.1</Data></Cell>
    <Cell><Data ss:Type="Number">-0.84</Data></Cell>
    <Cell><Data ss:Type="Number">22.8</Data></Cell>
    <Cell><Data ss:Type="Number">39.200000000000003</Data></Cell>
    <Cell><Data ss:Type="Number">0</Data></Cell>
    <Cell><Data ss:Type="Number">0</Data></Cell>
    <Cell><Data ss:Type="String">2023-12-07 16:16:36.990199</Data></Cell>
   </Row>
   <Row>
    <Cell><Data ss:Type="String">2881</Data></Cell>
    <Cell><Data ss:Type="Number">0.27</Data></Cell>
    <Cell><Data ss:Type="Number">-10.68</Data></Cell>
    <Cell><Data ss:Type="Number">0.24</Data></Cell>
    <Cell><Data ss:Type="Number">-9.61</Data></Cell>
    <Cell><Data ss:Type="Number">-0.19</Data></Cell>
    <Cell><Data ss:Type="Number">-0.87</Data></Cell>
    <Cell><Data ss:Type="Number">22.8</Data></Cell>
    <Cell><Data ss:Type="Number">39.200000000000003</Data></Cell>
    <Cell><Data ss:Type="Number">0</Data></Cell>
    <Cell><Data ss:Type="Number">0</Data></Cell>
    <Cell><Data ss:Type="String">2023-12-07 16:16:36.941717</Data></Cell>
   </Row>
   <Row>
    <Cell><Data ss:Type="String">2880</Data></Cell>
    <Cell><Data ss:Type="Number">-0.24</Data></Cell>
    <Cell><Data ss:Type="Number">-10.199999999999999</Data></Cell>
    <Cell><Data ss:Type="Number">-0.35</Data></Cell>
    <Cell><Data ss:Type="Number">-9.4600000000000009</Data></Cell>
    <Cell><Data ss:Type="Number">7.0000000000000007E-2</Data></Cell>
    <Cell><Data ss:Type="Number">-0.98</Data></Cell>
    <Cell><Data ss:Type="Number">22.8</Data></Cell>
    <Cell><Data ss:Type="Number">39.200000000000003</Data></Cell>
    <Cell><Data ss:Type="Number">0</Data></Cell>
    <Cell><Data ss:Type="Number">0</Data></Cell>
    <Cell><Data ss:Type="String">2023-12-07 16:16:36.905754</Data></Cell>
   </Row>
   <Row>
    <Cell><Data ss:Type="String">2879</Data></Cell>
    <Cell><Data ss:Type="Number">-0.49</Data></Cell>
    <Cell><Data ss:Type="Number">-10.48</Data></Cell>
    <Cell><Data ss:Type="Number">-0.77</Data></Cell>
    <Cell><Data ss:Type="Number">-9.39</Data></Cell>
    <Cell><Data ss:Type="Number">0.2</Data></Cell>
    <Cell><Data ss:Type="Number">-0.87</Data></Cell>
    <Cell><Data ss:Type="Number">22.8</Data></Cell>
    <Cell><Data ss:Type="Number">39.200000000000003</Data></Cell>
    <Cell><Data ss:Type="Number">0</Data></Cell>
    <Cell><Data ss:Type="Number">0</Data></Cell>
    <Cell><Data ss:Type="String">2023-12-07 16:16:36.903771</Data></Cell>
   </Row>
   <Row>
    <Cell><Data ss:Type="String">2878</Data></Cell>
    <Cell><Data ss:Type="Number">1.04</Data></Cell>
    <Cell><Data ss:Type="Number">-10.76</Data></Cell>
    <Cell><Data ss:Type="Number">-0.22</Data></Cell>
    <Cell><Data ss:Type="Number">-9.74</Data></Cell>
    <Cell><Data ss:Type="Number">-0.1</Data></Cell>
    <Cell><Data ss:Type="Number">-1.01</Data></Cell>
    <Cell><Data ss:Type="Number">22.8</Data></Cell>
    <Cell><Data ss:Type="Number">39.200000000000003</Data></Cell>
    <Cell><Data ss:Type="Number">0</Data></Cell>
    <Cell><Data ss:Type="Number">0</Data></Cell>
    <Cell><Data ss:Type="String">2023-12-07 16:16:36.901137</Data></Cell>
   </Row>
   <Row>
    <Cell><Data ss:Type="String">2877</Data></Cell>
    <Cell><Data ss:Type="Number">0.76</Data></Cell>
    <Cell><Data ss:Type="Number">-9.52</Data></Cell>
    <Cell><Data ss:Type="Number">-0.32</Data></Cell>
    <Cell><Data ss:Type="Number">-9.42</Data></Cell>
    <Cell><Data ss:Type="Number">0.04</Data></Cell>
    <Cell><Data ss:Type="Number">-1.08</Data></Cell>
    <Cell><Data ss:Type="Number">22.8</Data></Cell>
    <Cell><Data ss:Type="Number">39.200000000000003</Data></Cell>
    <Cell><Data ss:Type="Number">0</Data></Cell>
    <Cell><Data ss:Type="Number">0</Data></Cell>
    <Cell><Data ss:Type="String">2023-12-07 16:16:36.899320</Data></Cell>
   </Row>
   <Row>
    <Cell><Data ss:Type="String">2876</Data></Cell>
    <Cell><Data ss:Type="Number">3.26</Data></Cell>
    <Cell><Data ss:Type="Number">-8.89</Data></Cell>
    <Cell><Data ss:Type="Number">1.83</Data></Cell>
    <Cell><Data ss:Type="Number">-9.1</Data></Cell>
    <Cell><Data ss:Type="Number">-1.74</Data></Cell>
    <Cell><Data ss:Type="Number">-0.82</Data></Cell>
    <Cell><Data ss:Type="Number">22.8</Data></Cell>
    <Cell><Data ss:Type="Number">39.1</Data></Cell>
    <Cell><Data ss:Type="Number">0</Data></Cell>
    <Cell><Data ss:Type="Number">0</Data></Cell>
    <Cell><Data ss:Type="String">2023-12-07 16:16:36.897203</Data></Cell>
   </Row>
   <Row>
    <Cell><Data ss:Type="String">2875</Data></Cell>
    <Cell><Data ss:Type="Number">-1.44</Data></Cell>
    <Cell><Data ss:Type="Number">-4.13</Data></Cell>
    <Cell><Data ss:Type="Number">0.6</Data></Cell>
    <Cell><Data ss:Type="Number">-2.2000000000000002</Data></Cell>
    <Cell><Data ss:Type="Number">-0.3</Data></Cell>
    <Cell><Data ss:Type="Number">-1.79</Data></Cell>
    <Cell><Data ss:Type="Number">22.8</Data></Cell>
    <Cell><Data ss:Type="Number">39.1</Data></Cell>
    <Cell><Data ss:Type="Number">0</Data></Cell>
    <Cell><Data ss:Type="Number">0</Data></Cell>
    <Cell><Data ss:Type="String">2023-12-07 16:16:36.895279</Data></Cell>
   </Row>
   <Row>
    <Cell><Data ss:Type="String">2874</Data></Cell>
    <Cell><Data ss:Type="Number">0.27</Data></Cell>
    <Cell><Data ss:Type="Number">-10.27</Data></Cell>
    <Cell><Data ss:Type="Number">0.17</Data></Cell>
    <Cell><Data ss:Type="Number">-9.51</Data></Cell>
    <Cell><Data ss:Type="Number">-0.06</Data></Cell>
    <Cell><Data ss:Type="Number">-0.91</Data></Cell>
    <Cell><Data ss:Type="Number">22.8</Data></Cell>
    <Cell><Data ss:Type="Number">39.1</Data></Cell>
    <Cell><Data ss:Type="Number">0</Data></Cell>
    <Cell><Data ss:Type="Number">0</Data></Cell>
    <Cell><Data ss:Type="String">2023-12-07 16:16:36.893329</Data></Cell>
   </Row>
   <Row>
    <Cell><Data ss:Type="String">2873</Data></Cell>
    <Cell><Data ss:Type="Number">0.27</Data></Cell>
    <Cell><Data ss:Type="Number">-10.029999999999999</Data></Cell>
    <Cell><Data ss:Type="Number">0.12</Data></Cell>
    <Cell><Data ss:Type="Number">-9.43</Data></Cell>
    <Cell><Data ss:Type="Number">-7.0000000000000007E-2</Data></Cell>
    <Cell><Data ss:Type="Number">-0.92</Data></Cell>
    <Cell><Data ss:Type="Number">22.8</Data></Cell>
    <Cell><Data ss:Type="Number">39.1</Data></Cell>
    <Cell><Data ss:Type="Number">0</Data></Cell>
    <Cell><Data ss:Type="Number">0</Data></Cell>
    <Cell><Data ss:Type="String">2023-12-07 16:16:36.660670</Data></Cell>
   </Row>
   <Row>
    <Cell><Data ss:Type="String">2872</Data></Cell>
    <Cell><Data ss:Type="Number">0.33</Data></Cell>
    <Cell><Data ss:Type="Number">-10.029999999999999</Data></Cell>
    <Cell><Data ss:Type="Number">7.0000000000000007E-2</Data></Cell>
    <Cell><Data ss:Type="Number">-9.41</Data></Cell>
    <Cell><Data ss:Type="Number">-0.08</Data></Cell>
    <Cell><Data ss:Type="Number">-0.91</Data></Cell>
    <Cell><Data ss:Type="Number">22.8</Data></Cell>
    <Cell><Data ss:Type="Number">39.1</Data></Cell>
    <Cell><Data ss:Type="Number">0</Data></Cell>
    <Cell><Data ss:Type="Number">0</Data></Cell>
    <Cell><Data ss:Type="String">2023-12-07 16:16:36.658604</Data></Cell>
   </Row>
   <Row>
    <Cell><Data ss:Type="String">2871</Data></Cell>
    <Cell><Data ss:Type="Number">0.28999999999999998</Data></Cell>
    <Cell><Data ss:Type="Number">-10.1</Data></Cell>
    <Cell><Data ss:Type="Number">0.09</Data></Cell>
    <Cell><Data ss:Type="Number">-9.56</Data></Cell>
    <Cell><Data ss:Type="Number">-7.0000000000000007E-2</Data></Cell>
    <Cell><Data ss:Type="Number">-0.9</Data></Cell>
    <Cell><Data ss:Type="Number">22.8</Data></Cell>
    <Cell><Data ss:Type="Number">39.1</Data></Cell>
    <Cell><Data ss:Type="Number">0</Data></Cell>
    <Cell><Data ss:Type="Number">0</Data></Cell>
    <Cell><Data ss:Type="String">2023-12-07 16:16:36.605271</Data></Cell>
   </Row>
   <Row>
    <Cell><Data ss:Type="String">2870</Data></Cell>
    <Cell><Data ss:Type="Number">0.28000000000000003</Data></Cell>
    <Cell><Data ss:Type="Number">-10.210000000000001</Data></Cell>
    <Cell><Data ss:Type="Number">0.12</Data></Cell>
    <Cell><Data ss:Type="Number">-9.51</Data></Cell>
    <Cell><Data ss:Type="Number">-0.05</Data></Cell>
    <Cell><Data ss:Type="Number">-0.89</Data></Cell>
    <Cell><Data ss:Type="Number">22.8</Data></Cell>
    <Cell><Data ss:Type="Number">39.1</Data></Cell>
    <Cell><Data ss:Type="Number">0</Data></Cell>
    <Cell><Data ss:Type="Number">0</Data></Cell>
    <Cell><Data ss:Type="String">2023-12-07 16:16:36.557259</Data></Cell>
   </Row>
   <Row>
    <Cell><Data ss:Type="String">2869</Data></Cell>
    <Cell><Data ss:Type="Number">0.33</Data></Cell>
    <Cell><Data ss:Type="Number">-10.11</Data></Cell>
    <Cell><Data ss:Type="Number">0.19</Data></Cell>
    <Cell><Data ss:Type="Number">-9.4600000000000009</Data></Cell>
    <Cell><Data ss:Type="Number">-0.12</Data></Cell>
    <Cell><Data ss:Type="Number">-0.9</Data></Cell>
    <Cell><Data ss:Type="Number">22.8</Data></Cell>
    <Cell><Data ss:Type="Number">39.1</Data></Cell>
    <Cell><Data ss:Type="Number">0</Data></Cell>
    <Cell><Data ss:Type="Number">0</Data></Cell>
    <Cell><Data ss:Type="String">2023-12-07 16:16:36.514085</Data></Cell>
   </Row>
   <Row>
    <Cell><Data ss:Type="String">2868</Data></Cell>
    <Cell><Data ss:Type="Number">0.28000000000000003</Data></Cell>
    <Cell><Data ss:Type="Number">-9.99</Data></Cell>
    <Cell><Data ss:Type="Number">0.2</Data></Cell>
    <Cell><Data ss:Type="Number">-9.3800000000000008</Data></Cell>
    <Cell><Data ss:Type="Number">-0.06</Data></Cell>
    <Cell><Data ss:Type="Number">-0.9</Data></Cell>
    <Cell><Data ss:Type="Number">22.8</Data></Cell>
    <Cell><Data ss:Type="Number">39.1</Data></Cell>
    <Cell><Data ss:Type="Number">0</Data></Cell>
    <Cell><Data ss:Type="Number">0</Data></Cell>
    <Cell><Data ss:Type="String">2023-12-07 16:16:36.512281</Data></Cell>
   </Row>
   <Row>
    <Cell><Data ss:Type="String">2867</Data></Cell>
    <Cell><Data ss:Type="Number">0.28000000000000003</Data></Cell>
    <Cell><Data ss:Type="Number">-10</Data></Cell>
    <Cell><Data ss:Type="Number">0.12</Data></Cell>
    <Cell><Data ss:Type="Number">-9.4600000000000009</Data></Cell>
    <Cell><Data ss:Type="Number">-0.08</Data></Cell>
    <Cell><Data ss:Type="Number">-0.91</Data></Cell>
    <Cell><Data ss:Type="Number">22.8</Data></Cell>
    <Cell><Data ss:Type="Number">39.1</Data></Cell>
    <Cell><Data ss:Type="Number">0</Data></Cell>
    <Cell><Data ss:Type="Number">0</Data></Cell>
    <Cell><Data ss:Type="String">2023-12-07 16:16:36.466530</Data></Cell>
   </Row>
   <Row>
    <Cell><Data ss:Type="String">2866</Data></Cell>
    <Cell><Data ss:Type="Number">0.32</Data></Cell>
    <Cell><Data ss:Type="Number">-10.1</Data></Cell>
    <Cell><Data ss:Type="Number">0.19</Data></Cell>
    <Cell><Data ss:Type="Number">-9.51</Data></Cell>
    <Cell><Data ss:Type="Number">-0.06</Data></Cell>
    <Cell><Data ss:Type="Number">-0.88</Data></Cell>
    <Cell><Data ss:Type="Number">22.8</Data></Cell>
    <Cell><Data ss:Type="Number">39.1</Data></Cell>
    <Cell><Data ss:Type="Number">0</Data></Cell>
    <Cell><Data ss:Type="Number">0</Data></Cell>
    <Cell><Data ss:Type="String">2023-12-07 16:16:36.423916</Data></Cell>
   </Row>
   <Row>
    <Cell><Data ss:Type="String">2865</Data></Cell>
    <Cell><Data ss:Type="Number">0.26</Data></Cell>
    <Cell><Data ss:Type="Number">-10.210000000000001</Data></Cell>
    <Cell><Data ss:Type="Number">0.15</Data></Cell>
    <Cell><Data ss:Type="Number">-9.52</Data></Cell>
    <Cell><Data ss:Type="Number">-7.0000000000000007E-2</Data></Cell>
    <Cell><Data ss:Type="Number">-0.89</Data></Cell>
    <Cell><Data ss:Type="Number">22.8</Data></Cell>
    <Cell><Data ss:Type="Number">39.1</Data></Cell>
    <Cell><Data ss:Type="Number">0</Data></Cell>
    <Cell><Data ss:Type="Number">0</Data></Cell>
    <Cell><Data ss:Type="String">2023-12-07 16:16:36.421924</Data></Cell>
   </Row>
   <Row>
    <Cell><Data ss:Type="String">2864</Data></Cell>
    <Cell><Data ss:Type="Number">0.33</Data></Cell>
    <Cell><Data ss:Type="Number">-10.039999999999999</Data></Cell>
    <Cell><Data ss:Type="Number">0.14000000000000001</Data></Cell>
    <Cell><Data ss:Type="Number">-9.44</Data></Cell>
    <Cell><Data ss:Type="Number">-7.0000000000000007E-2</Data></Cell>
    <Cell><Data ss:Type="Number">-0.92</Data></Cell>
    <Cell><Data ss:Type="Number">22.8</Data></Cell>
    <Cell><Data ss:Type="Number">39.1</Data></Cell>
    <Cell><Data ss:Type="Number">0</Data></Cell>
    <Cell><Data ss:Type="Number">0</Data></Cell>
    <Cell><Data ss:Type="String">2023-12-07 16:16:36.374526</Data></Cell>
   </Row>
   <Row>
    <Cell><Data ss:Type="String">2863</Data></Cell>
    <Cell><Data ss:Type="Number">0.27</Data></Cell>
    <Cell><Data ss:Type="Number">-9.9700000000000006</Data></Cell>
    <Cell><Data ss:Type="Number">0.12</Data></Cell>
    <Cell><Data ss:Type="Number">-9.39</Data></Cell>
    <Cell><Data ss:Type="Number">-0.06</Data></Cell>
    <Cell><Data ss:Type="Number">-0.89</Data></Cell>
    <Cell><Data ss:Type="Number">22.8</Data></Cell>
    <Cell><Data ss:Type="Number">39.1</Data></Cell>
    <Cell><Data ss:Type="Number">0</Data></Cell>
    <Cell><Data ss:Type="Number">0</Data></Cell>
    <Cell><Data ss:Type="String">2023-12-07 16:16:36.331968</Data></Cell>
   </Row>
   <Row>
    <Cell><Data ss:Type="String">2862</Data></Cell>
    <Cell><Data ss:Type="Number">0.16</Data></Cell>
    <Cell><Data ss:Type="Number">-9.91</Data></Cell>
    <Cell><Data ss:Type="Number">0.13</Data></Cell>
    <Cell><Data ss:Type="Number">-9.48</Data></Cell>
    <Cell><Data ss:Type="Number">-0.09</Data></Cell>
    <Cell><Data ss:Type="Number">-0.87</Data></Cell>
    <Cell><Data ss:Type="Number">22.8</Data></Cell>
    <Cell><Data ss:Type="Number">39.1</Data></Cell>
    <Cell><Data ss:Type="Number">0</Data></Cell>
    <Cell><Data ss:Type="Number">0</Data></Cell>
    <Cell><Data ss:Type="String">2023-12-07 16:16:36.330230</Data></Cell>
   </Row>
   <Row>
    <Cell><Data ss:Type="String">2861</Data></Cell>
    <Cell><Data ss:Type="Number">0.25</Data></Cell>
    <Cell><Data ss:Type="Number">-10.199999999999999</Data></Cell>
    <Cell><Data ss:Type="Number">0.15</Data></Cell>
    <Cell><Data ss:Type="Number">-9.5399999999999991</Data></Cell>
    <Cell><Data ss:Type="Number">-0.08</Data></Cell>
    <Cell><Data ss:Type="Number">-0.91</Data></Cell>
    <Cell><Data ss:Type="Number">22.8</Data></Cell>
    <Cell><Data ss:Type="Number">39.1</Data></Cell>
    <Cell><Data ss:Type="Number">0</Data></Cell>
    <Cell><Data ss:Type="Number">0</Data></Cell>
    <Cell><Data ss:Type="String">2023-12-07 16:16:36.328472</Data></Cell>
   </Row>
   <Row>
    <Cell><Data ss:Type="String">2860</Data></Cell>
    <Cell><Data ss:Type="Number">0.3</Data></Cell>
    <Cell><Data ss:Type="Number">-10.24</Data></Cell>
    <Cell><Data ss:Type="Number">0.15</Data></Cell>
    <Cell><Data ss:Type="Number">-9.51</Data></Cell>
    <Cell><Data ss:Type="Number">-0.06</Data></Cell>
    <Cell><Data ss:Type="Number">-0.91</Data></Cell>
    <Cell><Data ss:Type="Number">22.8</Data></Cell>
    <Cell><Data ss:Type="Number">39.1</Data></Cell>
    <Cell><Data ss:Type="Number">0</Data></Cell>
    <Cell><Data ss:Type="Number">0</Data></Cell>
    <Cell><Data ss:Type="String">2023-12-07 16:16:36.326627</Data></Cell>
   </Row>
   <Row>
    <Cell><Data ss:Type="String">2859</Data></Cell>
    <Cell><Data ss:Type="Number">0.33</Data></Cell>
    <Cell><Data ss:Type="Number">-10.23</Data></Cell>
    <Cell><Data ss:Type="Number">0.23</Data></Cell>
    <Cell><Data ss:Type="Number">-9.48</Data></Cell>
    <Cell><Data ss:Type="Number">-0.1</Data></Cell>
    <Cell><Data ss:Type="Number">-0.87</Data></Cell>
    <Cell><Data ss:Type="Number">22.8</Data></Cell>
    <Cell><Data ss:Type="Number">39.1</Data></Cell>
    <Cell><Data ss:Type="Number">0</Data></Cell>
    <Cell><Data ss:Type="Number">0</Data></Cell>
    <Cell><Data ss:Type="String">2023-12-07 16:16:36.324866</Data></Cell>
   </Row>
   <Row>
    <Cell><Data ss:Type="String">2858</Data></Cell>
    <Cell><Data ss:Type="Number">0.27</Data></Cell>
    <Cell><Data ss:Type="Number">-9.94</Data></Cell>
    <Cell><Data ss:Type="Number">0.11</Data></Cell>
    <Cell><Data ss:Type="Number">-9.44</Data></Cell>
    <Cell><Data ss:Type="Number">-0.06</Data></Cell>
    <Cell><Data ss:Type="Number">-0.91</Data></Cell>
    <Cell><Data ss:Type="Number">22.8</Data></Cell>
    <Cell><Data ss:Type="Number">39.1</Data></Cell>
    <Cell><Data ss:Type="Number">0</Data></Cell>
    <Cell><Data ss:Type="Number">0</Data></Cell>
    <Cell><Data ss:Type="String">2023-12-07 16:16:36.322821</Data></Cell>
   </Row>
   <Row>
    <Cell><Data ss:Type="String">2857</Data></Cell>
    <Cell><Data ss:Type="Number">0.36</Data></Cell>
    <Cell><Data ss:Type="Number">-9.92</Data></Cell>
    <Cell><Data ss:Type="Number">0.14000000000000001</Data></Cell>
    <Cell><Data ss:Type="Number">-9.4700000000000006</Data></Cell>
    <Cell><Data ss:Type="Number">-0.08</Data></Cell>
    <Cell><Data ss:Type="Number">-0.93</Data></Cell>
    <Cell><Data ss:Type="Number">22.8</Data></Cell>
    <Cell><Data ss:Type="Number">39.1</Data></Cell>
    <Cell><Data ss:Type="Number">0</Data></Cell>
    <Cell><Data ss:Type="Number">0</Data></Cell>
    <Cell><Data ss:Type="String">2023-12-07 16:16:36.317420</Data></Cell>
   </Row>
   <Row>
    <Cell><Data ss:Type="String">2856</Data></Cell>
    <Cell><Data ss:Type="Number">0.28000000000000003</Data></Cell>
    <Cell><Data ss:Type="Number">-10.07</Data></Cell>
    <Cell><Data ss:Type="Number">0.23</Data></Cell>
    <Cell><Data ss:Type="Number">-9.5399999999999991</Data></Cell>
    <Cell><Data ss:Type="Number">-7.0000000000000007E-2</Data></Cell>
    <Cell><Data ss:Type="Number">-0.92</Data></Cell>
    <Cell><Data ss:Type="Number">22.8</Data></Cell>
    <Cell><Data ss:Type="Number">39.1</Data></Cell>
    <Cell><Data ss:Type="Number">0</Data></Cell>
    <Cell><Data ss:Type="Number">0</Data></Cell>
    <Cell><Data ss:Type="String">2023-12-07 16:16:36.084349</Data></Cell>
   </Row>
   <Row>
    <Cell><Data ss:Type="String">2855</Data></Cell>
    <Cell><Data ss:Type="Number">0.44</Data></Cell>
    <Cell><Data ss:Type="Number">-10.29</Data></Cell>
    <Cell><Data ss:Type="Number">0.17</Data></Cell>
    <Cell><Data ss:Type="Number">-9.51</Data></Cell>
    <Cell><Data ss:Type="Number">-7.0000000000000007E-2</Data></Cell>
    <Cell><Data ss:Type="Number">-0.91</Data></Cell>
    <Cell><Data ss:Type="Number">22.8</Data></Cell>
    <Cell><Data ss:Type="Number">39.1</Data></Cell>
    <Cell><Data ss:Type="Number">0</Data></Cell>
    <Cell><Data ss:Type="Number">0</Data></Cell>
    <Cell><Data ss:Type="String">2023-12-07 16:16:36.082465</Data></Cell>
   </Row>
   <Row>
    <Cell><Data ss:Type="String">2854</Data></Cell>
    <Cell><Data ss:Type="Number">0.3</Data></Cell>
    <Cell><Data ss:Type="Number">-9.91</Data></Cell>
    <Cell><Data ss:Type="Number">-0.02</Data></Cell>
    <Cell><Data ss:Type="Number">-9.4</Data></Cell>
    <Cell><Data ss:Type="Number">-7.0000000000000007E-2</Data></Cell>
    <Cell><Data ss:Type="Number">-0.9</Data></Cell>
    <Cell><Data ss:Type="Number">22.8</Data></Cell>
    <Cell><Data ss:Type="Number">39.1</Data></Cell>
    <Cell><Data ss:Type="Number">0</Data></Cell>
    <Cell><Data ss:Type="Number">0</Data></Cell>
    <Cell><Data ss:Type="String">2023-12-07 16:16:36.032938</Data></Cell>
   </Row>
   <Row>
    <Cell><Data ss:Type="String">2853</Data></Cell>
    <Cell><Data ss:Type="Number">0.25</Data></Cell>
    <Cell><Data ss:Type="Number">-9.9499999999999993</Data></Cell>
    <Cell><Data ss:Type="Number">7.0000000000000007E-2</Data></Cell>
    <Cell><Data ss:Type="Number">-9.42</Data></Cell>
    <Cell><Data ss:Type="Number">-0.08</Data></Cell>
    <Cell><Data ss:Type="Number">-0.91</Data></Cell>
    <Cell><Data ss:Type="Number">22.8</Data></Cell>
    <Cell><Data ss:Type="Number">39.1</Data></Cell>
    <Cell><Data ss:Type="Number">0</Data></Cell>
    <Cell><Data ss:Type="Number">0</Data></Cell>
    <Cell><Data ss:Type="String">2023-12-07 16:16:36.031163</Data></Cell>
   </Row>
   <Row>
    <Cell><Data ss:Type="String">2852</Data></Cell>
    <Cell><Data ss:Type="Number">0.3</Data></Cell>
    <Cell><Data ss:Type="Number">-10.01</Data></Cell>
    <Cell><Data ss:Type="Number">0.15</Data></Cell>
    <Cell><Data ss:Type="Number">-9.5</Data></Cell>
    <Cell><Data ss:Type="Number">-0.09</Data></Cell>
    <Cell><Data ss:Type="Number">-0.88</Data></Cell>
    <Cell><Data ss:Type="Number">22.8</Data></Cell>
    <Cell><Data ss:Type="Number">39.1</Data></Cell>
    <Cell><Data ss:Type="Number">0</Data></Cell>
    <Cell><Data ss:Type="Number">0</Data></Cell>
    <Cell><Data ss:Type="String">2023-12-07 16:16:36.029337</Data></Cell>
   </Row>
   <Row>
    <Cell><Data ss:Type="String">2851</Data></Cell>
    <Cell><Data ss:Type="Number">0.3</Data></Cell>
    <Cell><Data ss:Type="Number">-10.08</Data></Cell>
    <Cell><Data ss:Type="Number">0.05</Data></Cell>
    <Cell><Data ss:Type="Number">-9.5500000000000007</Data></Cell>
    <Cell><Data ss:Type="Number">-0.06</Data></Cell>
    <Cell><Data ss:Type="Number">-0.89</Data></Cell>
    <Cell><Data ss:Type="Number">22.8</Data></Cell>
    <Cell><Data ss:Type="Number">39.1</Data></Cell>
    <Cell><Data ss:Type="Number">0</Data></Cell>
    <Cell><Data ss:Type="Number">0</Data></Cell>
    <Cell><Data ss:Type="String">2023-12-07 16:16:36.027407</Data></Cell>
   </Row>
   <Row>
    <Cell><Data ss:Type="String">2850</Data></Cell>
    <Cell><Data ss:Type="Number">0.26</Data></Cell>
    <Cell><Data ss:Type="Number">-10.18</Data></Cell>
    <Cell><Data ss:Type="Number">0.17</Data></Cell>
    <Cell><Data ss:Type="Number">-9.5299999999999994</Data></Cell>
    <Cell><Data ss:Type="Number">-7.0000000000000007E-2</Data></Cell>
    <Cell><Data ss:Type="Number">-0.87</Data></Cell>
    <Cell><Data ss:Type="Number">22.8</Data></Cell>
    <Cell><Data ss:Type="Number">39.1</Data></Cell>
    <Cell><Data ss:Type="Number">0</Data></Cell>
    <Cell><Data ss:Type="Number">0</Data></Cell>
    <Cell><Data ss:Type="String">2023-12-07 16:16:36.025352</Data></Cell>
   </Row>
   <Row>
    <Cell><Data ss:Type="String">2849</Data></Cell>
    <Cell><Data ss:Type="Number">0.26</Data></Cell>
    <Cell><Data ss:Type="Number">-10.11</Data></Cell>
    <Cell><Data ss:Type="Number">0.19</Data></Cell>
    <Cell><Data ss:Type="Number">-9.4600000000000009</Data></Cell>
    <Cell><Data ss:Type="Number">-0.08</Data></Cell>
    <Cell><Data ss:Type="Number">-0.9</Data></Cell>
    <Cell><Data ss:Type="Number">22.8</Data></Cell>
    <Cell><Data ss:Type="Number">39.1</Data></Cell>
    <Cell><Data ss:Type="Number">0</Data></Cell>
    <Cell><Data ss:Type="Number">0</Data></Cell>
    <Cell><Data ss:Type="String">2023-12-07 16:16:36.023116</Data></Cell>
   </Row>
   <Row>
    <Cell><Data ss:Type="String">2848</Data></Cell>
    <Cell><Data ss:Type="Number">0.28000000000000003</Data></Cell>
    <Cell><Data ss:Type="Number">-9.89</Data></Cell>
    <Cell><Data ss:Type="Number">-0.09</Data></Cell>
    <Cell><Data ss:Type="Number">-9.42</Data></Cell>
    <Cell><Data ss:Type="Number">-0.06</Data></Cell>
    <Cell><Data ss:Type="Number">-0.91</Data></Cell>
    <Cell><Data ss:Type="Number">22.8</Data></Cell>
    <Cell><Data ss:Type="Number">39.1</Data></Cell>
    <Cell><Data ss:Type="Number">0</Data></Cell>
    <Cell><Data ss:Type="Number">0</Data></Cell>
    <Cell><Data ss:Type="String">2023-12-07 16:16:36.020472</Data></Cell>
   </Row>
   <Row>
    <Cell><Data ss:Type="String">2847</Data></Cell>
    <Cell><Data ss:Type="Number">0.3</Data></Cell>
    <Cell><Data ss:Type="Number">-10.02</Data></Cell>
    <Cell><Data ss:Type="Number">0.11</Data></Cell>
    <Cell><Data ss:Type="Number">-9.51</Data></Cell>
    <Cell><Data ss:Type="Number">-0.08</Data></Cell>
    <Cell><Data ss:Type="Number">-0.91</Data></Cell>
    <Cell><Data ss:Type="Number">22.8</Data></Cell>
    <Cell><Data ss:Type="Number">39.1</Data></Cell>
    <Cell><Data ss:Type="Number">0</Data></Cell>
    <Cell><Data ss:Type="Number">0</Data></Cell>
    <Cell><Data ss:Type="String">2023-12-07 16:16:35.784879</Data></Cell>
   </Row>
   <Row>
    <Cell><Data ss:Type="String">2846</Data></Cell>
    <Cell><Data ss:Type="Number">0.16</Data></Cell>
    <Cell><Data ss:Type="Number">-10.17</Data></Cell>
    <Cell><Data ss:Type="Number">0.17</Data></Cell>
    <Cell><Data ss:Type="Number">-9.56</Data></Cell>
    <Cell><Data ss:Type="Number">-7.0000000000000007E-2</Data></Cell>
    <Cell><Data ss:Type="Number">-0.91</Data></Cell>
    <Cell><Data ss:Type="Number">22.8</Data></Cell>
    <Cell><Data ss:Type="Number">39.1</Data></Cell>
    <Cell><Data ss:Type="Number">0</Data></Cell>
    <Cell><Data ss:Type="Number">0</Data></Cell>
    <Cell><Data ss:Type="String">2023-12-07 16:16:35.783015</Data></Cell>
   </Row>
   <Row>
    <Cell><Data ss:Type="String">2845</Data></Cell>
    <Cell><Data ss:Type="Number">0.28000000000000003</Data></Cell>
    <Cell><Data ss:Type="Number">-10.119999999999999</Data></Cell>
    <Cell><Data ss:Type="Number">0.17</Data></Cell>
    <Cell><Data ss:Type="Number">-9.4700000000000006</Data></Cell>
    <Cell><Data ss:Type="Number">-0.08</Data></Cell>
    <Cell><Data ss:Type="Number">-0.91</Data></Cell>
    <Cell><Data ss:Type="Number">22.8</Data></Cell>
    <Cell><Data ss:Type="Number">39.1</Data></Cell>
    <Cell><Data ss:Type="Number">0</Data></Cell>
    <Cell><Data ss:Type="Number">0</Data></Cell>
    <Cell><Data ss:Type="String">2023-12-07 16:16:35.781269</Data></Cell>
   </Row>
   <Row>
    <Cell><Data ss:Type="String">2844</Data></Cell>
    <Cell><Data ss:Type="Number">0.28000000000000003</Data></Cell>
    <Cell><Data ss:Type="Number">-9.9499999999999993</Data></Cell>
    <Cell><Data ss:Type="Number">0.15</Data></Cell>
    <Cell><Data ss:Type="Number">-9.4</Data></Cell>
    <Cell><Data ss:Type="Number">-7.0000000000000007E-2</Data></Cell>
    <Cell><Data ss:Type="Number">-0.9</Data></Cell>
    <Cell><Data ss:Type="Number">22.8</Data></Cell>
    <Cell><Data ss:Type="Number">39.1</Data></Cell>
    <Cell><Data ss:Type="Number">0</Data></Cell>
    <Cell><Data ss:Type="Number">0</Data></Cell>
    <Cell><Data ss:Type="String">2023-12-07 16:16:35.779462</Data></Cell>
   </Row>
   <Row>
    <Cell><Data ss:Type="String">2843</Data></Cell>
    <Cell><Data ss:Type="Number">0.26</Data></Cell>
    <Cell><Data ss:Type="Number">-9.98</Data></Cell>
    <Cell><Data ss:Type="Number">0.1</Data></Cell>
    <Cell><Data ss:Type="Number">-9.44</Data></Cell>
    <Cell><Data ss:Type="Number">-7.0000000000000007E-2</Data></Cell>
    <Cell><Data ss:Type="Number">-0.91</Data></Cell>
    <Cell><Data ss:Type="Number">22.8</Data></Cell>
    <Cell><Data ss:Type="Number">39.1</Data></Cell>
    <Cell><Data ss:Type="Number">0</Data></Cell>
    <Cell><Data ss:Type="Number">0</Data></Cell>
    <Cell><Data ss:Type="String">2023-12-07 16:16:35.777495</Data></Cell>
   </Row>
   <Row>
    <Cell><Data ss:Type="String">2842</Data></Cell>
    <Cell><Data ss:Type="Number">0.32</Data></Cell>
    <Cell><Data ss:Type="Number">-9.8800000000000008</Data></Cell>
    <Cell><Data ss:Type="Number">0.24</Data></Cell>
    <Cell><Data ss:Type="Number">-9.4700000000000006</Data></Cell>
    <Cell><Data ss:Type="Number">-0.05</Data></Cell>
    <Cell><Data ss:Type="Number">-0.91</Data></Cell>
    <Cell><Data ss:Type="Number">22.8</Data></Cell>
    <Cell><Data ss:Type="Number">39.1</Data></Cell>
    <Cell><Data ss:Type="Number">0</Data></Cell>
    <Cell><Data ss:Type="Number">0</Data></Cell>
    <Cell><Data ss:Type="String">2023-12-07 16:16:35.775893</Data></Cell>
   </Row>
   <Row>
    <Cell><Data ss:Type="String">2841</Data></Cell>
    <Cell><Data ss:Type="Number">0.19</Data></Cell>
    <Cell><Data ss:Type="Number">-10.02</Data></Cell>
    <Cell><Data ss:Type="Number">0.14000000000000001</Data></Cell>
    <Cell><Data ss:Type="Number">-9.43</Data></Cell>
    <Cell><Data ss:Type="Number">-0.08</Data></Cell>
    <Cell><Data ss:Type="Number">-0.93</Data></Cell>
    <Cell><Data ss:Type="Number">22.8</Data></Cell>
    <Cell><Data ss:Type="Number">39.1</Data></Cell>
    <Cell><Data ss:Type="Number">0</Data></Cell>
    <Cell><Data ss:Type="Number">0</Data></Cell>
    <Cell><Data ss:Type="String">2023-12-07 16:16:35.774055</Data></Cell>
   </Row>
   <Row>
    <Cell><Data ss:Type="String">2840</Data></Cell>
    <Cell><Data ss:Type="Number">0.28000000000000003</Data></Cell>
    <Cell><Data ss:Type="Number">-9.8800000000000008</Data></Cell>
    <Cell><Data ss:Type="Number">0.17</Data></Cell>
    <Cell><Data ss:Type="Number">-9.4700000000000006</Data></Cell>
    <Cell><Data ss:Type="Number">-0.08</Data></Cell>
    <Cell><Data ss:Type="Number">-0.91</Data></Cell>
    <Cell><Data ss:Type="Number">22.8</Data></Cell>
    <Cell><Data ss:Type="Number">39.1</Data></Cell>
    <Cell><Data ss:Type="Number">0</Data></Cell>
    <Cell><Data ss:Type="Number">0</Data></Cell>
    <Cell><Data ss:Type="String">2023-12-07 16:16:35.560491</Data></Cell>
   </Row>
   <Row>
    <Cell><Data ss:Type="String">2839</Data></Cell>
    <Cell><Data ss:Type="Number">0.39</Data></Cell>
    <Cell><Data ss:Type="Number">-10.210000000000001</Data></Cell>
    <Cell><Data ss:Type="Number">0.15</Data></Cell>
    <Cell><Data ss:Type="Number">-9.56</Data></Cell>
    <Cell><Data ss:Type="Number">-0.08</Data></Cell>
    <Cell><Data ss:Type="Number">-0.88</Data></Cell>
    <Cell><Data ss:Type="Number">22.8</Data></Cell>
    <Cell><Data ss:Type="Number">39.1</Data></Cell>
    <Cell><Data ss:Type="Number">0</Data></Cell>
    <Cell><Data ss:Type="Number">0</Data></Cell>
    <Cell><Data ss:Type="String">2023-12-07 16:16:35.521110</Data></Cell>
   </Row>
   <Row>
    <Cell><Data ss:Type="String">2838</Data></Cell>
    <Cell><Data ss:Type="Number">0.3</Data></Cell>
    <Cell><Data ss:Type="Number">-10.15</Data></Cell>
    <Cell><Data ss:Type="Number">0.13</Data></Cell>
    <Cell><Data ss:Type="Number">-9.51</Data></Cell>
    <Cell><Data ss:Type="Number">-0.08</Data></Cell>
    <Cell><Data ss:Type="Number">-0.91</Data></Cell>
    <Cell><Data ss:Type="Number">22.8</Data></Cell>
    <Cell><Data ss:Type="Number">39.1</Data></Cell>
    <Cell><Data ss:Type="Number">0</Data></Cell>
    <Cell><Data ss:Type="Number">0</Data></Cell>
    <Cell><Data ss:Type="String">2023-12-07 16:16:35.517705</Data></Cell>
   </Row>
   <Row>
    <Cell><Data ss:Type="String">2837</Data></Cell>
    <Cell><Data ss:Type="Number">0.28000000000000003</Data></Cell>
    <Cell><Data ss:Type="Number">-10.02</Data></Cell>
    <Cell><Data ss:Type="Number">0.12</Data></Cell>
    <Cell><Data ss:Type="Number">-9.39</Data></Cell>
    <Cell><Data ss:Type="Number">-0.06</Data></Cell>
    <Cell><Data ss:Type="Number">-0.89</Data></Cell>
    <Cell><Data ss:Type="Number">22.8</Data></Cell>
    <Cell><Data ss:Type="Number">39.1</Data></Cell>
    <Cell><Data ss:Type="Number">0</Data></Cell>
    <Cell><Data ss:Type="Number">0</Data></Cell>
    <Cell><Data ss:Type="String">2023-12-07 16:16:35.468950</Data></Cell>
   </Row>
   <Row>
    <Cell><Data ss:Type="String">2836</Data></Cell>
    <Cell><Data ss:Type="Number">0.31</Data></Cell>
    <Cell><Data ss:Type="Number">-10.01</Data></Cell>
    <Cell><Data ss:Type="Number">0.16</Data></Cell>
    <Cell><Data ss:Type="Number">-9.48</Data></Cell>
    <Cell><Data ss:Type="Number">-7.0000000000000007E-2</Data></Cell>
    <Cell><Data ss:Type="Number">-0.94</Data></Cell>
    <Cell><Data ss:Type="Number">22.8</Data></Cell>
    <Cell><Data ss:Type="Number">39.1</Data></Cell>
    <Cell><Data ss:Type="Number">0</Data></Cell>
    <Cell><Data ss:Type="Number">0</Data></Cell>
    <Cell><Data ss:Type="String">2023-12-07 16:16:35.423976</Data></Cell>
   </Row>
   <Row>
    <Cell><Data ss:Type="String">2835</Data></Cell>
    <Cell><Data ss:Type="Number">0.3</Data></Cell>
    <Cell><Data ss:Type="Number">-9.93</Data></Cell>
    <Cell><Data ss:Type="Number">0.24</Data></Cell>
    <Cell><Data ss:Type="Number">-9.43</Data></Cell>
    <Cell><Data ss:Type="Number">-0.1</Data></Cell>
    <Cell><Data ss:Type="Number">-0.89</Data></Cell>
    <Cell><Data ss:Type="Number">22.8</Data></Cell>
    <Cell><Data ss:Type="Number">39.1</Data></Cell>
    <Cell><Data ss:Type="Number">0</Data></Cell>
    <Cell><Data ss:Type="Number">0</Data></Cell>
    <Cell><Data ss:Type="String">2023-12-07 16:16:35.374512</Data></Cell>
   </Row>
   <Row>
    <Cell><Data ss:Type="String">2834</Data></Cell>
    <Cell><Data ss:Type="Number">0.24</Data></Cell>
    <Cell><Data ss:Type="Number">-9.8800000000000008</Data></Cell>
    <Cell><Data ss:Type="Number">0.06</Data></Cell>
    <Cell><Data ss:Type="Number">-9.42</Data></Cell>
    <Cell><Data ss:Type="Number">-0.06</Data></Cell>
    <Cell><Data ss:Type="Number">-0.95</Data></Cell>
    <Cell><Data ss:Type="Number">22.8</Data></Cell>
    <Cell><Data ss:Type="Number">39.1</Data></Cell>
    <Cell><Data ss:Type="Number">0</Data></Cell>
    <Cell><Data ss:Type="Number">0</Data></Cell>
    <Cell><Data ss:Type="String">2023-12-07 16:16:35.373048</Data></Cell>
   </Row>
   <Row>
    <Cell><Data ss:Type="String">2833</Data></Cell>
    <Cell><Data ss:Type="Number">0.3</Data></Cell>
    <Cell><Data ss:Type="Number">-9.91</Data></Cell>
    <Cell><Data ss:Type="Number">0.19</Data></Cell>
    <Cell><Data ss:Type="Number">-9.39</Data></Cell>
    <Cell><Data ss:Type="Number">-0.06</Data></Cell>
    <Cell><Data ss:Type="Number">-0.87</Data></Cell>
    <Cell><Data ss:Type="Number">22.8</Data></Cell>
    <Cell><Data ss:Type="Number">39.1</Data></Cell>
    <Cell><Data ss:Type="Number">0</Data></Cell>
    <Cell><Data ss:Type="Number">0</Data></Cell>
    <Cell><Data ss:Type="String">2023-12-07 16:16:35.371586</Data></Cell>
   </Row>
   <Row>
    <Cell><Data ss:Type="String">2832</Data></Cell>
    <Cell><Data ss:Type="Number">0.32</Data></Cell>
    <Cell><Data ss:Type="Number">-10.11</Data></Cell>
    <Cell><Data ss:Type="Number">0.09</Data></Cell>
    <Cell><Data ss:Type="Number">-9.56</Data></Cell>
    <Cell><Data ss:Type="Number">-0.1</Data></Cell>
    <Cell><Data ss:Type="Number">-0.96</Data></Cell>
    <Cell><Data ss:Type="Number">22.8</Data></Cell>
    <Cell><Data ss:Type="Number">39.1</Data></Cell>
    <Cell><Data ss:Type="Number">0</Data></Cell>
    <Cell><Data ss:Type="Number">0</Data></Cell>
    <Cell><Data ss:Type="String">2023-12-07 16:16:35.369065</Data></Cell>
   </Row>
   <Row>
    <Cell><Data ss:Type="String">2831</Data></Cell>
    <Cell><Data ss:Type="Number">0.24</Data></Cell>
    <Cell><Data ss:Type="Number">-10.18</Data></Cell>
    <Cell><Data ss:Type="Number">0.23</Data></Cell>
    <Cell><Data ss:Type="Number">-9.5299999999999994</Data></Cell>
    <Cell><Data ss:Type="Number">-0.05</Data></Cell>
    <Cell><Data ss:Type="Number">-0.84</Data></Cell>
    <Cell><Data ss:Type="Number">22.8</Data></Cell>
    <Cell><Data ss:Type="Number">39.1</Data></Cell>
    <Cell><Data ss:Type="Number">0</Data></Cell>
    <Cell><Data ss:Type="Number">0</Data></Cell>
    <Cell><Data ss:Type="String">2023-12-07 16:16:35.367372</Data></Cell>
   </Row>
   <Row>
    <Cell><Data ss:Type="String">2830</Data></Cell>
    <Cell><Data ss:Type="Number">0.25</Data></Cell>
    <Cell><Data ss:Type="Number">-10.14</Data></Cell>
    <Cell><Data ss:Type="Number">0.04</Data></Cell>
    <Cell><Data ss:Type="Number">-9.42</Data></Cell>
    <Cell><Data ss:Type="Number">-0.09</Data></Cell>
    <Cell><Data ss:Type="Number">-0.9</Data></Cell>
    <Cell><Data ss:Type="Number">22.8</Data></Cell>
    <Cell><Data ss:Type="Number">39.1</Data></Cell>
    <Cell><Data ss:Type="Number">0</Data></Cell>
    <Cell><Data ss:Type="Number">0</Data></Cell>
    <Cell><Data ss:Type="String">2023-12-07 16:16:35.365730</Data></Cell>
   </Row>
   <Row>
    <Cell><Data ss:Type="String">2829</Data></Cell>
    <Cell><Data ss:Type="Number">0.64</Data></Cell>
    <Cell><Data ss:Type="Number">-9.94</Data></Cell>
    <Cell><Data ss:Type="Number">0.13</Data></Cell>
    <Cell><Data ss:Type="Number">-9.41</Data></Cell>
    <Cell><Data ss:Type="Number">0.01</Data></Cell>
    <Cell><Data ss:Type="Number">-0.96</Data></Cell>
    <Cell><Data ss:Type="Number">22.8</Data></Cell>
    <Cell><Data ss:Type="Number">39.1</Data></Cell>
    <Cell><Data ss:Type="Number">0</Data></Cell>
    <Cell><Data ss:Type="Number">0</Data></Cell>
    <Cell><Data ss:Type="String">2023-12-07 16:16:35.146679</Data></Cell>
   </Row>
   <Row>
    <Cell><Data ss:Type="String">2828</Data></Cell>
    <Cell><Data ss:Type="Number">0.52</Data></Cell>
    <Cell><Data ss:Type="Number">-10</Data></Cell>
    <Cell><Data ss:Type="Number">0.24</Data></Cell>
    <Cell><Data ss:Type="Number">-9.43</Data></Cell>
    <Cell><Data ss:Type="Number">-0.18</Data></Cell>
    <Cell><Data ss:Type="Number">-0.88</Data></Cell>
    <Cell><Data ss:Type="Number">22.8</Data></Cell>
    <Cell><Data ss:Type="Number">39.1</Data></Cell>
    <Cell><Data ss:Type="Number">0</Data></Cell>
    <Cell><Data ss:Type="Number">0</Data></Cell>
    <Cell><Data ss:Type="String">2023-12-07 16:16:35.145180</Data></Cell>
   </Row>
   <Row>
    <Cell><Data ss:Type="String">2827</Data></Cell>
    <Cell><Data ss:Type="Number">0.36</Data></Cell>
    <Cell><Data ss:Type="Number">-10.16</Data></Cell>
    <Cell><Data ss:Type="Number">0.2</Data></Cell>
    <Cell><Data ss:Type="Number">-9.56</Data></Cell>
    <Cell><Data ss:Type="Number">-0.17</Data></Cell>
    <Cell><Data ss:Type="Number">-0.94</Data></Cell>
    <Cell><Data ss:Type="Number">22.8</Data></Cell>
    <Cell><Data ss:Type="Number">39.1</Data></Cell>
    <Cell><Data ss:Type="Number">0</Data></Cell>
    <Cell><Data ss:Type="Number">0</Data></Cell>
    <Cell><Data ss:Type="String">2023-12-07 16:16:35.143779</Data></Cell>
   </Row>
   <Row>
    <Cell><Data ss:Type="String">2826</Data></Cell>
    <Cell><Data ss:Type="Number">-0.04</Data></Cell>
    <Cell><Data ss:Type="Number">-10.24</Data></Cell>
    <Cell><Data ss:Type="Number">-0.04</Data></Cell>
    <Cell><Data ss:Type="Number">-9.49</Data></Cell>
    <Cell><Data ss:Type="Number">0</Data></Cell>
    <Cell><Data ss:Type="Number">-0.84</Data></Cell>
    <Cell><Data ss:Type="Number">22.8</Data></Cell>
    <Cell><Data ss:Type="Number">39.1</Data></Cell>
    <Cell><Data ss:Type="Number">0</Data></Cell>
    <Cell><Data ss:Type="Number">0</Data></Cell>
    <Cell><Data ss:Type="String">2023-12-07 16:16:35.142384</Data></Cell>
   </Row>
   <Row>
    <Cell><Data ss:Type="String">2825</Data></Cell>
    <Cell><Data ss:Type="Number">1.35</Data></Cell>
    <Cell><Data ss:Type="Number">-10.27</Data></Cell>
    <Cell><Data ss:Type="Number">0.15</Data></Cell>
    <Cell><Data ss:Type="Number">-9.51</Data></Cell>
    <Cell><Data ss:Type="Number">0.27</Data></Cell>
    <Cell><Data ss:Type="Number">-0.99</Data></Cell>
    <Cell><Data ss:Type="Number">22.8</Data></Cell>
    <Cell><Data ss:Type="Number">39.1</Data></Cell>
    <Cell><Data ss:Type="Number">0</Data></Cell>
    <Cell><Data ss:Type="Number">0</Data></Cell>
    <Cell><Data ss:Type="String">2023-12-07 16:16:35.140856</Data></Cell>
   </Row>
   <Row>
    <Cell><Data ss:Type="String">2824</Data></Cell>
    <Cell><Data ss:Type="Number">1.21</Data></Cell>
    <Cell><Data ss:Type="Number">-9.8800000000000008</Data></Cell>
    <Cell><Data ss:Type="Number">0.45</Data></Cell>
    <Cell><Data ss:Type="Number">-9.39</Data></Cell>
    <Cell><Data ss:Type="Number">-0.32</Data></Cell>
    <Cell><Data ss:Type="Number">-0.87</Data></Cell>
    <Cell><Data ss:Type="Number">22.8</Data></Cell>
    <Cell><Data ss:Type="Number">39.1</Data></Cell>
    <Cell><Data ss:Type="Number">0</Data></Cell>
    <Cell><Data ss:Type="Number">0</Data></Cell>
    <Cell><Data ss:Type="String">2023-12-07 16:16:35.139260</Data></Cell>
   </Row>
   <Row>
    <Cell><Data ss:Type="String">2823</Data></Cell>
    <Cell><Data ss:Type="Number">1.78</Data></Cell>
    <Cell><Data ss:Type="Number">-9.9499999999999993</Data></Cell>
    <Cell><Data ss:Type="Number">1.1599999999999999</Data></Cell>
    <Cell><Data ss:Type="Number">-9.42</Data></Cell>
    <Cell><Data ss:Type="Number">-0.81</Data></Cell>
    <Cell><Data ss:Type="Number">-0.69</Data></Cell>
    <Cell><Data ss:Type="Number">22.8</Data></Cell>
    <Cell><Data ss:Type="Number">39.1</Data></Cell>
    <Cell><Data ss:Type="Number">0</Data></Cell>
    <Cell><Data ss:Type="Number">0</Data></Cell>
    <Cell><Data ss:Type="String">2023-12-07 16:16:35.137024</Data></Cell>
   </Row>
   <Row>
    <Cell><Data ss:Type="String">2822</Data></Cell>
    <Cell><Data ss:Type="Number">-3.23</Data></Cell>
    <Cell><Data ss:Type="Number">-10.32</Data></Cell>
    <Cell><Data ss:Type="Number">0.01</Data></Cell>
    <Cell><Data ss:Type="Number">-9.56</Data></Cell>
    <Cell><Data ss:Type="Number">-0.53</Data></Cell>
    <Cell><Data ss:Type="Number">-0.98</Data></Cell>
    <Cell><Data ss:Type="Number">22.8</Data></Cell>
    <Cell><Data ss:Type="Number">39.1</Data></Cell>
    <Cell><Data ss:Type="Number">0</Data></Cell>
    <Cell><Data ss:Type="Number">0</Data></Cell>
    <Cell><Data ss:Type="String">2023-12-07 16:16:34.906122</Data></Cell>
   </Row>
   <Row>
    <Cell><Data ss:Type="String">2821</Data></Cell>
    <Cell><Data ss:Type="Number">-3.2</Data></Cell>
    <Cell><Data ss:Type="Number">-7.44</Data></Cell>
    <Cell><Data ss:Type="Number">-3.01</Data></Cell>
    <Cell><Data ss:Type="Number">-8.35</Data></Cell>
    <Cell><Data ss:Type="Number">1.61</Data></Cell>
    <Cell><Data ss:Type="Number">-1.36</Data></Cell>
    <Cell><Data ss:Type="Number">22.8</Data></Cell>
    <Cell><Data ss:Type="Number">39.1</Data></Cell>
    <Cell><Data ss:Type="Number">0</Data></Cell>
    <Cell><Data ss:Type="Number">0</Data></Cell>
    <Cell><Data ss:Type="String">2023-12-07 16:16:34.904034</Data></Cell>
   </Row>
   <Row>
    <Cell><Data ss:Type="String">2820</Data></Cell>
    <Cell><Data ss:Type="Number">0.23</Data></Cell>
    <Cell><Data ss:Type="Number">-9.91</Data></Cell>
    <Cell><Data ss:Type="Number">0.2</Data></Cell>
    <Cell><Data ss:Type="Number">-9.36</Data></Cell>
    <Cell><Data ss:Type="Number">-0.12</Data></Cell>
    <Cell><Data ss:Type="Number">-0.92</Data></Cell>
    <Cell><Data ss:Type="Number">22.8</Data></Cell>
    <Cell><Data ss:Type="Number">39.1</Data></Cell>
    <Cell><Data ss:Type="Number">0</Data></Cell>
    <Cell><Data ss:Type="Number">0</Data></Cell>
    <Cell><Data ss:Type="String">2023-12-07 16:16:34.861572</Data></Cell>
   </Row>
   <Row>
    <Cell><Data ss:Type="String">2819</Data></Cell>
    <Cell><Data ss:Type="Number">0.37</Data></Cell>
    <Cell><Data ss:Type="Number">-9.4600000000000009</Data></Cell>
    <Cell><Data ss:Type="Number">0.26</Data></Cell>
    <Cell><Data ss:Type="Number">-9.34</Data></Cell>
    <Cell><Data ss:Type="Number">-0.04</Data></Cell>
    <Cell><Data ss:Type="Number">-0.94</Data></Cell>
    <Cell><Data ss:Type="Number">22.8</Data></Cell>
    <Cell><Data ss:Type="Number">39.1</Data></Cell>
    <Cell><Data ss:Type="Number">0</Data></Cell>
    <Cell><Data ss:Type="Number">0</Data></Cell>
    <Cell><Data ss:Type="String">2023-12-07 16:16:34.860054</Data></Cell>
   </Row>
   <Row>
    <Cell><Data ss:Type="String">2818</Data></Cell>
    <Cell><Data ss:Type="Number">0.17</Data></Cell>
    <Cell><Data ss:Type="Number">-9.86</Data></Cell>
    <Cell><Data ss:Type="Number">0.47</Data></Cell>
    <Cell><Data ss:Type="Number">-9.4600000000000009</Data></Cell>
    <Cell><Data ss:Type="Number">-0.03</Data></Cell>
    <Cell><Data ss:Type="Number">-0.88</Data></Cell>
    <Cell><Data ss:Type="Number">22.8</Data></Cell>
    <Cell><Data ss:Type="Number">39.1</Data></Cell>
    <Cell><Data ss:Type="Number">0</Data></Cell>
    <Cell><Data ss:Type="Number">0</Data></Cell>
    <Cell><Data ss:Type="String">2023-12-07 16:16:34.858721</Data></Cell>
   </Row>
   <Row>
    <Cell><Data ss:Type="String">2817</Data></Cell>
    <Cell><Data ss:Type="Number">0.21</Data></Cell>
    <Cell><Data ss:Type="Number">-9.6999999999999993</Data></Cell>
    <Cell><Data ss:Type="Number">-0.37</Data></Cell>
    <Cell><Data ss:Type="Number">-9.4499999999999993</Data></Cell>
    <Cell><Data ss:Type="Number">-0.13</Data></Cell>
    <Cell><Data ss:Type="Number">-0.96</Data></Cell>
    <Cell><Data ss:Type="Number">22.7</Data></Cell>
    <Cell><Data ss:Type="Number">39.1</Data></Cell>
    <Cell><Data ss:Type="Number">0</Data></Cell>
    <Cell><Data ss:Type="Number">0</Data></Cell>
    <Cell><Data ss:Type="String">2023-12-07 16:16:34.857331</Data></Cell>
   </Row>
   <Row>
    <Cell><Data ss:Type="String">2816</Data></Cell>
    <Cell><Data ss:Type="Number">0.1</Data></Cell>
    <Cell><Data ss:Type="Number">-9.7899999999999991</Data></Cell>
    <Cell><Data ss:Type="Number">0.1</Data></Cell>
    <Cell><Data ss:Type="Number">-9.48</Data></Cell>
    <Cell><Data ss:Type="Number">-0.09</Data></Cell>
    <Cell><Data ss:Type="Number">-0.9</Data></Cell>
    <Cell><Data ss:Type="Number">22.7</Data></Cell>
    <Cell><Data ss:Type="Number">39.1</Data></Cell>
    <Cell><Data ss:Type="Number">0</Data></Cell>
    <Cell><Data ss:Type="Number">0</Data></Cell>
    <Cell><Data ss:Type="String">2023-12-07 16:16:34.855460</Data></Cell>
   </Row>
   <Row>
    <Cell><Data ss:Type="String">2815</Data></Cell>
    <Cell><Data ss:Type="Number">0.64</Data></Cell>
    <Cell><Data ss:Type="Number">-10.19</Data></Cell>
    <Cell><Data ss:Type="Number">-0.2</Data></Cell>
    <Cell><Data ss:Type="Number">-9.5299999999999994</Data></Cell>
    <Cell><Data ss:Type="Number">-0.13</Data></Cell>
    <Cell><Data ss:Type="Number">-0.9</Data></Cell>
    <Cell><Data ss:Type="Number">22.7</Data></Cell>
    <Cell><Data ss:Type="Number">39.1</Data></Cell>
    <Cell><Data ss:Type="Number">0</Data></Cell>
    <Cell><Data ss:Type="Number">0</Data></Cell>
    <Cell><Data ss:Type="String">2023-12-07 16:16:34.853208</Data></Cell>
   </Row>
   <Row>
    <Cell><Data ss:Type="String">2814</Data></Cell>
    <Cell><Data ss:Type="Number">0.28999999999999998</Data></Cell>
    <Cell><Data ss:Type="Number">-10.09</Data></Cell>
    <Cell><Data ss:Type="Number">0.38</Data></Cell>
    <Cell><Data ss:Type="Number">-9.48</Data></Cell>
    <Cell><Data ss:Type="Number">-0.09</Data></Cell>
    <Cell><Data ss:Type="Number">-0.89</Data></Cell>
    <Cell><Data ss:Type="Number">22.7</Data></Cell>
    <Cell><Data ss:Type="Number">39.1</Data></Cell>
    <Cell><Data ss:Type="Number">0</Data></Cell>
    <Cell><Data ss:Type="Number">0</Data></Cell>
    <Cell><Data ss:Type="String">2023-12-07 16:16:34.641491</Data></Cell>
   </Row>
   <Row>
    <Cell><Data ss:Type="String">2813</Data></Cell>
    <Cell><Data ss:Type="Number">-0.01</Data></Cell>
    <Cell><Data ss:Type="Number">-10.24</Data></Cell>
    <Cell><Data ss:Type="Number">7.0000000000000007E-2</Data></Cell>
    <Cell><Data ss:Type="Number">-9.51</Data></Cell>
    <Cell><Data ss:Type="Number">-0.05</Data></Cell>
    <Cell><Data ss:Type="Number">-0.86</Data></Cell>
    <Cell><Data ss:Type="Number">22.7</Data></Cell>
    <Cell><Data ss:Type="Number">39.1</Data></Cell>
    <Cell><Data ss:Type="Number">0</Data></Cell>
    <Cell><Data ss:Type="Number">0</Data></Cell>
    <Cell><Data ss:Type="String">2023-12-07 16:16:34.639835</Data></Cell>
   </Row>
   <Row>
    <Cell><Data ss:Type="String">2812</Data></Cell>
    <Cell><Data ss:Type="Number">0.09</Data></Cell>
    <Cell><Data ss:Type="Number">-10.37</Data></Cell>
    <Cell><Data ss:Type="Number">0.28000000000000003</Data></Cell>
    <Cell><Data ss:Type="Number">-9.56</Data></Cell>
    <Cell><Data ss:Type="Number">-0.09</Data></Cell>
    <Cell><Data ss:Type="Number">-0.9</Data></Cell>
    <Cell><Data ss:Type="Number">22.7</Data></Cell>
    <Cell><Data ss:Type="Number">39.1</Data></Cell>
    <Cell><Data ss:Type="Number">0</Data></Cell>
    <Cell><Data ss:Type="Number">0</Data></Cell>
    <Cell><Data ss:Type="String">2023-12-07 16:16:34.595150</Data></Cell>
   </Row>
   <Row>
    <Cell><Data ss:Type="String">2811</Data></Cell>
    <Cell><Data ss:Type="Number">0.37</Data></Cell>
    <Cell><Data ss:Type="Number">-9.83</Data></Cell>
    <Cell><Data ss:Type="Number">0.15</Data></Cell>
    <Cell><Data ss:Type="Number">-9.35</Data></Cell>
    <Cell><Data ss:Type="Number">-7.0000000000000007E-2</Data></Cell>
    <Cell><Data ss:Type="Number">-0.94</Data></Cell>
    <Cell><Data ss:Type="Number">22.7</Data></Cell>
    <Cell><Data ss:Type="Number">39.1</Data></Cell>
    <Cell><Data ss:Type="Number">0</Data></Cell>
    <Cell><Data ss:Type="Number">0</Data></Cell>
    <Cell><Data ss:Type="String">2023-12-07 16:16:34.531230</Data></Cell>
   </Row>
   <Row>
    <Cell><Data ss:Type="String">2810</Data></Cell>
    <Cell><Data ss:Type="Number">0.18</Data></Cell>
    <Cell><Data ss:Type="Number">-10.4</Data></Cell>
    <Cell><Data ss:Type="Number">0.05</Data></Cell>
    <Cell><Data ss:Type="Number">-9.66</Data></Cell>
    <Cell><Data ss:Type="Number">-0.06</Data></Cell>
    <Cell><Data ss:Type="Number">-0.9</Data></Cell>
    <Cell><Data ss:Type="Number">22.7</Data></Cell>
    <Cell><Data ss:Type="Number">39.1</Data></Cell>
    <Cell><Data ss:Type="Number">0</Data></Cell>
    <Cell><Data ss:Type="Number">0</Data></Cell>
    <Cell><Data ss:Type="String">2023-12-07 16:16:34.488713</Data></Cell>
   </Row>
   <Row>
    <Cell><Data ss:Type="String">2809</Data></Cell>
    <Cell><Data ss:Type="Number">1.1499999999999999</Data></Cell>
    <Cell><Data ss:Type="Number">-10.65</Data></Cell>
    <Cell><Data ss:Type="Number">0.15</Data></Cell>
    <Cell><Data ss:Type="Number">-9.51</Data></Cell>
    <Cell><Data ss:Type="Number">-0.13</Data></Cell>
    <Cell><Data ss:Type="Number">-0.91</Data></Cell>
    <Cell><Data ss:Type="Number">22.7</Data></Cell>
    <Cell><Data ss:Type="Number">39.1</Data></Cell>
    <Cell><Data ss:Type="Number">0</Data></Cell>
    <Cell><Data ss:Type="Number">0</Data></Cell>
    <Cell><Data ss:Type="String">2023-12-07 16:16:34.486154</Data></Cell>
   </Row>
   <Row>
    <Cell><Data ss:Type="String">2808</Data></Cell>
    <Cell><Data ss:Type="Number">0.31</Data></Cell>
    <Cell><Data ss:Type="Number">-9.75</Data></Cell>
    <Cell><Data ss:Type="Number">0.2</Data></Cell>
    <Cell><Data ss:Type="Number">-9.39</Data></Cell>
    <Cell><Data ss:Type="Number">-0.09</Data></Cell>
    <Cell><Data ss:Type="Number">-0.9</Data></Cell>
    <Cell><Data ss:Type="Number">22.7</Data></Cell>
    <Cell><Data ss:Type="Number">39.1</Data></Cell>
    <Cell><Data ss:Type="Number">0</Data></Cell>
    <Cell><Data ss:Type="Number">0</Data></Cell>
    <Cell><Data ss:Type="String">2023-12-07 16:16:34.440991</Data></Cell>
   </Row>
   <Row>
    <Cell><Data ss:Type="String">2807</Data></Cell>
    <Cell><Data ss:Type="Number">0.42</Data></Cell>
    <Cell><Data ss:Type="Number">-10.130000000000001</Data></Cell>
    <Cell><Data ss:Type="Number">0.01</Data></Cell>
    <Cell><Data ss:Type="Number">-9.51</Data></Cell>
    <Cell><Data ss:Type="Number">-0.1</Data></Cell>
    <Cell><Data ss:Type="Number">-0.87</Data></Cell>
    <Cell><Data ss:Type="Number">22.7</Data></Cell>
    <Cell><Data ss:Type="Number">39.1</Data></Cell>
    <Cell><Data ss:Type="Number">0</Data></Cell>
    <Cell><Data ss:Type="Number">0</Data></Cell>
    <Cell><Data ss:Type="String">2023-12-07 16:16:34.395783</Data></Cell>
   </Row>
   <Row>
    <Cell><Data ss:Type="String">2806</Data></Cell>
    <Cell><Data ss:Type="Number">0.61</Data></Cell>
    <Cell><Data ss:Type="Number">-10.76</Data></Cell>
    <Cell><Data ss:Type="Number">0.28999999999999998</Data></Cell>
    <Cell><Data ss:Type="Number">-9.51</Data></Cell>
    <Cell><Data ss:Type="Number">-0.09</Data></Cell>
    <Cell><Data ss:Type="Number">-0.85</Data></Cell>
    <Cell><Data ss:Type="Number">22.7</Data></Cell>
    <Cell><Data ss:Type="Number">39.1</Data></Cell>
    <Cell><Data ss:Type="Number">0</Data></Cell>
    <Cell><Data ss:Type="Number">0</Data></Cell>
    <Cell><Data ss:Type="String">2023-12-07 16:16:34.393597</Data></Cell>
   </Row>
   <Row>
    <Cell><Data ss:Type="String">2805</Data></Cell>
    <Cell><Data ss:Type="Number">0.28999999999999998</Data></Cell>
    <Cell><Data ss:Type="Number">-9.25</Data></Cell>
    <Cell><Data ss:Type="Number">0.32</Data></Cell>
    <Cell><Data ss:Type="Number">-9.2799999999999994</Data></Cell>
    <Cell><Data ss:Type="Number">-0.06</Data></Cell>
    <Cell><Data ss:Type="Number">-0.94</Data></Cell>
    <Cell><Data ss:Type="Number">22.7</Data></Cell>
    <Cell><Data ss:Type="Number">39.1</Data></Cell>
    <Cell><Data ss:Type="Number">0</Data></Cell>
    <Cell><Data ss:Type="Number">0</Data></Cell>
    <Cell><Data ss:Type="String">2023-12-07 16:16:34.348945</Data></Cell>
   </Row>
   <Row>
    <Cell><Data ss:Type="String">2804</Data></Cell>
    <Cell><Data ss:Type="Number">0.39</Data></Cell>
    <Cell><Data ss:Type="Number">-9.92</Data></Cell>
    <Cell><Data ss:Type="Number">0.54</Data></Cell>
    <Cell><Data ss:Type="Number">-9.4499999999999993</Data></Cell>
    <Cell><Data ss:Type="Number">-7.0000000000000007E-2</Data></Cell>
    <Cell><Data ss:Type="Number">-0.95</Data></Cell>
    <Cell><Data ss:Type="Number">22.7</Data></Cell>
    <Cell><Data ss:Type="Number">39.1</Data></Cell>
    <Cell><Data ss:Type="Number">0</Data></Cell>
    <Cell><Data ss:Type="Number">0</Data></Cell>
    <Cell><Data ss:Type="String">2023-12-07 16:16:34.302774</Data></Cell>
   </Row>
   <Row>
    <Cell><Data ss:Type="String">2803</Data></Cell>
    <Cell><Data ss:Type="Number">0.25</Data></Cell>
    <Cell><Data ss:Type="Number">-9.6300000000000008</Data></Cell>
    <Cell><Data ss:Type="Number">0.31</Data></Cell>
    <Cell><Data ss:Type="Number">-9.42</Data></Cell>
    <Cell><Data ss:Type="Number">-7.0000000000000007E-2</Data></Cell>
    <Cell><Data ss:Type="Number">-0.86</Data></Cell>
    <Cell><Data ss:Type="Number">22.7</Data></Cell>
    <Cell><Data ss:Type="Number">39.1</Data></Cell>
    <Cell><Data ss:Type="Number">0</Data></Cell>
    <Cell><Data ss:Type="Number">0</Data></Cell>
    <Cell><Data ss:Type="String">2023-12-07 16:16:34.259078</Data></Cell>
   </Row>
   <Row>
    <Cell><Data ss:Type="String">2802</Data></Cell>
    <Cell><Data ss:Type="Number">0.28999999999999998</Data></Cell>
    <Cell><Data ss:Type="Number">-10.07</Data></Cell>
    <Cell><Data ss:Type="Number">0.21</Data></Cell>
    <Cell><Data ss:Type="Number">-9.59</Data></Cell>
    <Cell><Data ss:Type="Number">-0.02</Data></Cell>
    <Cell><Data ss:Type="Number">-0.89</Data></Cell>
    <Cell><Data ss:Type="Number">22.7</Data></Cell>
    <Cell><Data ss:Type="Number">39.1</Data></Cell>
    <Cell><Data ss:Type="Number">0</Data></Cell>
    <Cell><Data ss:Type="Number">0</Data></Cell>
    <Cell><Data ss:Type="String">2023-12-07 16:16:34.257086</Data></Cell>
   </Row>
   <Row>
    <Cell><Data ss:Type="String">2801</Data></Cell>
    <Cell><Data ss:Type="Number">0.31</Data></Cell>
    <Cell><Data ss:Type="Number">-9.8800000000000008</Data></Cell>
    <Cell><Data ss:Type="Number">-0.03</Data></Cell>
    <Cell><Data ss:Type="Number">-9.43</Data></Cell>
    <Cell><Data ss:Type="Number">-0.11</Data></Cell>
    <Cell><Data ss:Type="Number">-0.91</Data></Cell>
    <Cell><Data ss:Type="Number">22.7</Data></Cell>
    <Cell><Data ss:Type="Number">39.1</Data></Cell>
    <Cell><Data ss:Type="Number">0</Data></Cell>
    <Cell><Data ss:Type="Number">0</Data></Cell>
    <Cell><Data ss:Type="String">2023-12-07 16:16:34.209274</Data></Cell>
   </Row>
   <Row>
    <Cell><Data ss:Type="String">2800</Data></Cell>
    <Cell><Data ss:Type="Number">0.06</Data></Cell>
    <Cell><Data ss:Type="Number">-9.68</Data></Cell>
    <Cell><Data ss:Type="Number">0.32</Data></Cell>
    <Cell><Data ss:Type="Number">-9.15</Data></Cell>
    <Cell><Data ss:Type="Number">-0.05</Data></Cell>
    <Cell><Data ss:Type="Number">-0.93</Data></Cell>
    <Cell><Data ss:Type="Number">22.7</Data></Cell>
    <Cell><Data ss:Type="Number">39.1</Data></Cell>
    <Cell><Data ss:Type="Number">0</Data></Cell>
    <Cell><Data ss:Type="Number">0</Data></Cell>
    <Cell><Data ss:Type="String">2023-12-07 16:16:34.175307</Data></Cell>
   </Row>
   <Row>
    <Cell><Data ss:Type="String">2799</Data></Cell>
    <Cell><Data ss:Type="Number">0.53</Data></Cell>
    <Cell><Data ss:Type="Number">-10.06</Data></Cell>
    <Cell><Data ss:Type="Number">0.19</Data></Cell>
    <Cell><Data ss:Type="Number">-9.5299999999999994</Data></Cell>
    <Cell><Data ss:Type="Number">-0.19</Data></Cell>
    <Cell><Data ss:Type="Number">-0.96</Data></Cell>
    <Cell><Data ss:Type="Number">22.7</Data></Cell>
    <Cell><Data ss:Type="Number">39.1</Data></Cell>
    <Cell><Data ss:Type="Number">0</Data></Cell>
    <Cell><Data ss:Type="Number">0</Data></Cell>
    <Cell><Data ss:Type="String">2023-12-07 16:16:34.173574</Data></Cell>
   </Row>
   <Row>
    <Cell><Data ss:Type="String">2798</Data></Cell>
    <Cell><Data ss:Type="Number">0.59</Data></Cell>
    <Cell><Data ss:Type="Number">-10.52</Data></Cell>
    <Cell><Data ss:Type="Number">0.27</Data></Cell>
    <Cell><Data ss:Type="Number">-9.5299999999999994</Data></Cell>
    <Cell><Data ss:Type="Number">-0.06</Data></Cell>
    <Cell><Data ss:Type="Number">-0.86</Data></Cell>
    <Cell><Data ss:Type="Number">22.7</Data></Cell>
    <Cell><Data ss:Type="Number">39.1</Data></Cell>
    <Cell><Data ss:Type="Number">0</Data></Cell>
    <Cell><Data ss:Type="Number">0</Data></Cell>
    <Cell><Data ss:Type="String">2023-12-07 16:16:34.171242</Data></Cell>
   </Row>
   <Row>
    <Cell><Data ss:Type="String">2797</Data></Cell>
    <Cell><Data ss:Type="Number">0.4</Data></Cell>
    <Cell><Data ss:Type="Number">-10.220000000000001</Data></Cell>
    <Cell><Data ss:Type="Number">0.14000000000000001</Data></Cell>
    <Cell><Data ss:Type="Number">-9.39</Data></Cell>
    <Cell><Data ss:Type="Number">-0.09</Data></Cell>
    <Cell><Data ss:Type="Number">-1</Data></Cell>
    <Cell><Data ss:Type="Number">22.7</Data></Cell>
    <Cell><Data ss:Type="Number">39.1</Data></Cell>
    <Cell><Data ss:Type="Number">0</Data></Cell>
    <Cell><Data ss:Type="Number">0</Data></Cell>
    <Cell><Data ss:Type="String">2023-12-07 16:16:34.168802</Data></Cell>
   </Row>
   <Row>
    <Cell><Data ss:Type="String">2796</Data></Cell>
    <Cell><Data ss:Type="Number">0.11</Data></Cell>
    <Cell><Data ss:Type="Number">-10.36</Data></Cell>
    <Cell><Data ss:Type="Number">0.54</Data></Cell>
    <Cell><Data ss:Type="Number">-9.61</Data></Cell>
    <Cell><Data ss:Type="Number">-0.11</Data></Cell>
    <Cell><Data ss:Type="Number">-0.89</Data></Cell>
    <Cell><Data ss:Type="Number">22.7</Data></Cell>
    <Cell><Data ss:Type="Number">39.1</Data></Cell>
    <Cell><Data ss:Type="Number">0</Data></Cell>
    <Cell><Data ss:Type="Number">0</Data></Cell>
    <Cell><Data ss:Type="String">2023-12-07 16:16:34.166958</Data></Cell>
   </Row>
   <Row>
    <Cell><Data ss:Type="String">2795</Data></Cell>
    <Cell><Data ss:Type="Number">0.2</Data></Cell>
    <Cell><Data ss:Type="Number">-9.89</Data></Cell>
    <Cell><Data ss:Type="Number">7.0000000000000007E-2</Data></Cell>
    <Cell><Data ss:Type="Number">-9.35</Data></Cell>
    <Cell><Data ss:Type="Number">-0.01</Data></Cell>
    <Cell><Data ss:Type="Number">-0.9</Data></Cell>
    <Cell><Data ss:Type="Number">22.7</Data></Cell>
    <Cell><Data ss:Type="Number">39.1</Data></Cell>
    <Cell><Data ss:Type="Number">0</Data></Cell>
    <Cell><Data ss:Type="Number">0</Data></Cell>
    <Cell><Data ss:Type="String">2023-12-07 16:16:34.165376</Data></Cell>
   </Row>
   <Row>
    <Cell><Data ss:Type="String">2794</Data></Cell>
    <Cell><Data ss:Type="Number">0.86</Data></Cell>
    <Cell><Data ss:Type="Number">-9.9</Data></Cell>
    <Cell><Data ss:Type="Number">0.13</Data></Cell>
    <Cell><Data ss:Type="Number">-9.5</Data></Cell>
    <Cell><Data ss:Type="Number">-0.2</Data></Cell>
    <Cell><Data ss:Type="Number">-1.02</Data></Cell>
    <Cell><Data ss:Type="Number">22.7</Data></Cell>
    <Cell><Data ss:Type="Number">39.1</Data></Cell>
    <Cell><Data ss:Type="Number">0</Data></Cell>
    <Cell><Data ss:Type="Number">0</Data></Cell>
    <Cell><Data ss:Type="String">2023-12-07 16:16:34.163463</Data></Cell>
   </Row>
   <Row>
    <Cell><Data ss:Type="String">2793</Data></Cell>
    <Cell><Data ss:Type="Number">0.2</Data></Cell>
    <Cell><Data ss:Type="Number">-9.6199999999999992</Data></Cell>
    <Cell><Data ss:Type="Number">0.28000000000000003</Data></Cell>
    <Cell><Data ss:Type="Number">-9.5399999999999991</Data></Cell>
    <Cell><Data ss:Type="Number">-0.04</Data></Cell>
    <Cell><Data ss:Type="Number">-0.83</Data></Cell>
    <Cell><Data ss:Type="Number">22.7</Data></Cell>
    <Cell><Data ss:Type="Number">39.1</Data></Cell>
    <Cell><Data ss:Type="Number">0</Data></Cell>
    <Cell><Data ss:Type="Number">0</Data></Cell>
    <Cell><Data ss:Type="String">2023-12-07 16:16:33.934581</Data></Cell>
   </Row>
   <Row>
    <Cell><Data ss:Type="String">2792</Data></Cell>
    <Cell><Data ss:Type="Number">0.46</Data></Cell>
    <Cell><Data ss:Type="Number">-10.3</Data></Cell>
    <Cell><Data ss:Type="Number">0.3</Data></Cell>
    <Cell><Data ss:Type="Number">-9.7100000000000009</Data></Cell>
    <Cell><Data ss:Type="Number">-0.18</Data></Cell>
    <Cell><Data ss:Type="Number">-0.97</Data></Cell>
    <Cell><Data ss:Type="Number">22.7</Data></Cell>
    <Cell><Data ss:Type="Number">39.1</Data></Cell>
    <Cell><Data ss:Type="Number">0</Data></Cell>
    <Cell><Data ss:Type="Number">0</Data></Cell>
    <Cell><Data ss:Type="String">2023-12-07 16:16:33.932823</Data></Cell>
   </Row>
   <Row>
    <Cell><Data ss:Type="String">2791</Data></Cell>
    <Cell><Data ss:Type="Number">-0.02</Data></Cell>
    <Cell><Data ss:Type="Number">-9.77</Data></Cell>
    <Cell><Data ss:Type="Number">0.02</Data></Cell>
    <Cell><Data ss:Type="Number">-9.35</Data></Cell>
    <Cell><Data ss:Type="Number">0.08</Data></Cell>
    <Cell><Data ss:Type="Number">-0.88</Data></Cell>
    <Cell><Data ss:Type="Number">22.7</Data></Cell>
    <Cell><Data ss:Type="Number">39.1</Data></Cell>
    <Cell><Data ss:Type="Number">0</Data></Cell>
    <Cell><Data ss:Type="Number">0</Data></Cell>
    <Cell><Data ss:Type="String">2023-12-07 16:16:33.862263</Data></Cell>
   </Row>
   <Row>
    <Cell><Data ss:Type="String">2790</Data></Cell>
    <Cell><Data ss:Type="Number">-0.22</Data></Cell>
    <Cell><Data ss:Type="Number">-10</Data></Cell>
    <Cell><Data ss:Type="Number">-0.46</Data></Cell>
    <Cell><Data ss:Type="Number">-9.39</Data></Cell>
    <Cell><Data ss:Type="Number">0.01</Data></Cell>
    <Cell><Data ss:Type="Number">-1.01</Data></Cell>
    <Cell><Data ss:Type="Number">22.7</Data></Cell>
    <Cell><Data ss:Type="Number">39.1</Data></Cell>
    <Cell><Data ss:Type="Number">0</Data></Cell>
    <Cell><Data ss:Type="Number">0</Data></Cell>
    <Cell><Data ss:Type="String">2023-12-07 16:16:33.860377</Data></Cell>
   </Row>
   <Row>
    <Cell><Data ss:Type="String">2789</Data></Cell>
    <Cell><Data ss:Type="Number">0.96</Data></Cell>
    <Cell><Data ss:Type="Number">-9.57</Data></Cell>
    <Cell><Data ss:Type="Number">0.22</Data></Cell>
    <Cell><Data ss:Type="Number">-9.4</Data></Cell>
    <Cell><Data ss:Type="Number">-0.25</Data></Cell>
    <Cell><Data ss:Type="Number">-0.92</Data></Cell>
    <Cell><Data ss:Type="Number">22.7</Data></Cell>
    <Cell><Data ss:Type="Number">39.1</Data></Cell>
    <Cell><Data ss:Type="Number">0</Data></Cell>
    <Cell><Data ss:Type="Number">0</Data></Cell>
    <Cell><Data ss:Type="String">2023-12-07 16:16:33.817112</Data></Cell>
   </Row>
   <Row>
    <Cell><Data ss:Type="String">2788</Data></Cell>
    <Cell><Data ss:Type="Number">-0.5</Data></Cell>
    <Cell><Data ss:Type="Number">-9.9600000000000009</Data></Cell>
    <Cell><Data ss:Type="Number">7.0000000000000007E-2</Data></Cell>
    <Cell><Data ss:Type="Number">-9.5399999999999991</Data></Cell>
    <Cell><Data ss:Type="Number">-0.21</Data></Cell>
    <Cell><Data ss:Type="Number">-0.8</Data></Cell>
    <Cell><Data ss:Type="Number">22.7</Data></Cell>
    <Cell><Data ss:Type="Number">39.1</Data></Cell>
    <Cell><Data ss:Type="Number">0</Data></Cell>
    <Cell><Data ss:Type="Number">0</Data></Cell>
    <Cell><Data ss:Type="String">2023-12-07 16:16:33.815617</Data></Cell>
   </Row>
   <Row>
    <Cell><Data ss:Type="String">2787</Data></Cell>
    <Cell><Data ss:Type="Number">-0.59</Data></Cell>
    <Cell><Data ss:Type="Number">-10.32</Data></Cell>
    <Cell><Data ss:Type="Number">-0.34</Data></Cell>
    <Cell><Data ss:Type="Number">-9.56</Data></Cell>
    <Cell><Data ss:Type="Number">0.5</Data></Cell>
    <Cell><Data ss:Type="Number">-1.02</Data></Cell>
    <Cell><Data ss:Type="Number">22.7</Data></Cell>
    <Cell><Data ss:Type="Number">39.1</Data></Cell>
    <Cell><Data ss:Type="Number">0</Data></Cell>
    <Cell><Data ss:Type="Number">0</Data></Cell>
    <Cell><Data ss:Type="String">2023-12-07 16:16:33.814192</Data></Cell>
   </Row>
   <Row>
    <Cell><Data ss:Type="String">2786</Data></Cell>
    <Cell><Data ss:Type="Number">0.63</Data></Cell>
    <Cell><Data ss:Type="Number">-10.1</Data></Cell>
    <Cell><Data ss:Type="Number">7.0000000000000007E-2</Data></Cell>
    <Cell><Data ss:Type="Number">-9.44</Data></Cell>
    <Cell><Data ss:Type="Number">-0.37</Data></Cell>
    <Cell><Data ss:Type="Number">-0.84</Data></Cell>
    <Cell><Data ss:Type="Number">22.7</Data></Cell>
    <Cell><Data ss:Type="Number">39.1</Data></Cell>
    <Cell><Data ss:Type="Number">0</Data></Cell>
    <Cell><Data ss:Type="Number">0</Data></Cell>
    <Cell><Data ss:Type="String">2023-12-07 16:16:33.812697</Data></Cell>
   </Row>
   <Row>
    <Cell><Data ss:Type="String">2785</Data></Cell>
    <Cell><Data ss:Type="Number">1.1499999999999999</Data></Cell>
    <Cell><Data ss:Type="Number">-10.09</Data></Cell>
    <Cell><Data ss:Type="Number">1.1299999999999999</Data></Cell>
    <Cell><Data ss:Type="Number">-9.4700000000000006</Data></Cell>
    <Cell><Data ss:Type="Number">-0.94</Data></Cell>
    <Cell><Data ss:Type="Number">-0.78</Data></Cell>
    <Cell><Data ss:Type="Number">22.7</Data></Cell>
    <Cell><Data ss:Type="Number">39.1</Data></Cell>
    <Cell><Data ss:Type="Number">0</Data></Cell>
    <Cell><Data ss:Type="Number">0</Data></Cell>
    <Cell><Data ss:Type="String">2023-12-07 16:16:33.811089</Data></Cell>
   </Row>
   <Row>
    <Cell><Data ss:Type="String">2784</Data></Cell>
    <Cell><Data ss:Type="Number">-1.87</Data></Cell>
    <Cell><Data ss:Type="Number">-11.79</Data></Cell>
    <Cell><Data ss:Type="Number">-0.98</Data></Cell>
    <Cell><Data ss:Type="Number">-10.199999999999999</Data></Cell>
    <Cell><Data ss:Type="Number">1.21</Data></Cell>
    <Cell><Data ss:Type="Number">-1.1000000000000001</Data></Cell>
    <Cell><Data ss:Type="Number">22.7</Data></Cell>
    <Cell><Data ss:Type="Number">39.1</Data></Cell>
    <Cell><Data ss:Type="Number">0</Data></Cell>
    <Cell><Data ss:Type="Number">0</Data></Cell>
    <Cell><Data ss:Type="String">2023-12-07 16:16:33.809335</Data></Cell>
   </Row>
   <Row>
    <Cell><Data ss:Type="String">2783</Data></Cell>
    <Cell><Data ss:Type="Number">-1.96</Data></Cell>
    <Cell><Data ss:Type="Number">-15</Data></Cell>
    <Cell><Data ss:Type="Number">-0.28999999999999998</Data></Cell>
    <Cell><Data ss:Type="Number">-14.46</Data></Cell>
    <Cell><Data ss:Type="Number">0.99</Data></Cell>
    <Cell><Data ss:Type="Number">-1.03</Data></Cell>
    <Cell><Data ss:Type="Number">22.7</Data></Cell>
    <Cell><Data ss:Type="Number">39.1</Data></Cell>
    <Cell><Data ss:Type="Number">0</Data></Cell>
    <Cell><Data ss:Type="Number">0</Data></Cell>
    <Cell><Data ss:Type="String">2023-12-07 16:16:33.807739</Data></Cell>
   </Row>
   <Row>
    <Cell><Data ss:Type="String">2782</Data></Cell>
    <Cell><Data ss:Type="Number">0.26</Data></Cell>
    <Cell><Data ss:Type="Number">-10.130000000000001</Data></Cell>
    <Cell><Data ss:Type="Number">0.14000000000000001</Data></Cell>
    <Cell><Data ss:Type="Number">-9.4600000000000009</Data></Cell>
    <Cell><Data ss:Type="Number">-0.04</Data></Cell>
    <Cell><Data ss:Type="Number">-0.95</Data></Cell>
    <Cell><Data ss:Type="Number">22.7</Data></Cell>
    <Cell><Data ss:Type="Number">39.1</Data></Cell>
    <Cell><Data ss:Type="Number">0</Data></Cell>
    <Cell><Data ss:Type="Number">0</Data></Cell>
    <Cell><Data ss:Type="String">2023-12-07 16:16:33.567266</Data></Cell>
   </Row>
   <Row>
    <Cell><Data ss:Type="String">2781</Data></Cell>
    <Cell><Data ss:Type="Number">0.28999999999999998</Data></Cell>
    <Cell><Data ss:Type="Number">-10</Data></Cell>
    <Cell><Data ss:Type="Number">0.17</Data></Cell>
    <Cell><Data ss:Type="Number">-9.41</Data></Cell>
    <Cell><Data ss:Type="Number">-0.06</Data></Cell>
    <Cell><Data ss:Type="Number">-0.92</Data></Cell>
    <Cell><Data ss:Type="Number">22.7</Data></Cell>
    <Cell><Data ss:Type="Number">39.1</Data></Cell>
    <Cell><Data ss:Type="Number">0</Data></Cell>
    <Cell><Data ss:Type="Number">0</Data></Cell>
    <Cell><Data ss:Type="String">2023-12-07 16:16:33.565825</Data></Cell>
   </Row>
   <Row>
    <Cell><Data ss:Type="String">2780</Data></Cell>
    <Cell><Data ss:Type="Number">0.28000000000000003</Data></Cell>
    <Cell><Data ss:Type="Number">-9.9600000000000009</Data></Cell>
    <Cell><Data ss:Type="Number">0.08</Data></Cell>
    <Cell><Data ss:Type="Number">-9.43</Data></Cell>
    <Cell><Data ss:Type="Number">-7.0000000000000007E-2</Data></Cell>
    <Cell><Data ss:Type="Number">-0.91</Data></Cell>
    <Cell><Data ss:Type="Number">22.7</Data></Cell>
    <Cell><Data ss:Type="Number">39.1</Data></Cell>
    <Cell><Data ss:Type="Number">0</Data></Cell>
    <Cell><Data ss:Type="Number">0</Data></Cell>
    <Cell><Data ss:Type="String">2023-12-07 16:16:33.564152</Data></Cell>
   </Row>
   <Row>
    <Cell><Data ss:Type="String">2779</Data></Cell>
    <Cell><Data ss:Type="Number">0.28999999999999998</Data></Cell>
    <Cell><Data ss:Type="Number">-10.06</Data></Cell>
    <Cell><Data ss:Type="Number">0.11</Data></Cell>
    <Cell><Data ss:Type="Number">-9.4600000000000009</Data></Cell>
    <Cell><Data ss:Type="Number">-0.08</Data></Cell>
    <Cell><Data ss:Type="Number">-0.95</Data></Cell>
    <Cell><Data ss:Type="Number">22.7</Data></Cell>
    <Cell><Data ss:Type="Number">39.1</Data></Cell>
    <Cell><Data ss:Type="Number">0</Data></Cell>
    <Cell><Data ss:Type="Number">0</Data></Cell>
    <Cell><Data ss:Type="String">2023-12-07 16:16:33.561715</Data></Cell>
   </Row>
   <Row>
    <Cell><Data ss:Type="String">2778</Data></Cell>
    <Cell><Data ss:Type="Number">0.26</Data></Cell>
    <Cell><Data ss:Type="Number">-10.17</Data></Cell>
    <Cell><Data ss:Type="Number">0.13</Data></Cell>
    <Cell><Data ss:Type="Number">-9.5399999999999991</Data></Cell>
    <Cell><Data ss:Type="Number">-0.09</Data></Cell>
    <Cell><Data ss:Type="Number">-0.92</Data></Cell>
    <Cell><Data ss:Type="Number">22.7</Data></Cell>
    <Cell><Data ss:Type="Number">39.1</Data></Cell>
    <Cell><Data ss:Type="Number">0</Data></Cell>
    <Cell><Data ss:Type="Number">0</Data></Cell>
    <Cell><Data ss:Type="String">2023-12-07 16:16:33.560274</Data></Cell>
   </Row>
   <Row>
    <Cell><Data ss:Type="String">2777</Data></Cell>
    <Cell><Data ss:Type="Number">0.33</Data></Cell>
    <Cell><Data ss:Type="Number">-10.210000000000001</Data></Cell>
    <Cell><Data ss:Type="Number">0.33</Data></Cell>
    <Cell><Data ss:Type="Number">-9.51</Data></Cell>
    <Cell><Data ss:Type="Number">-7.0000000000000007E-2</Data></Cell>
    <Cell><Data ss:Type="Number">-0.89</Data></Cell>
    <Cell><Data ss:Type="Number">22.7</Data></Cell>
    <Cell><Data ss:Type="Number">39.1</Data></Cell>
    <Cell><Data ss:Type="Number">0</Data></Cell>
    <Cell><Data ss:Type="Number">0</Data></Cell>
    <Cell><Data ss:Type="String">2023-12-07 16:16:33.558854</Data></Cell>
   </Row>
   <Row>
    <Cell><Data ss:Type="String">2776</Data></Cell>
    <Cell><Data ss:Type="Number">0.26</Data></Cell>
    <Cell><Data ss:Type="Number">-10.050000000000001</Data></Cell>
    <Cell><Data ss:Type="Number">0.15</Data></Cell>
    <Cell><Data ss:Type="Number">-9.44</Data></Cell>
    <Cell><Data ss:Type="Number">-0.05</Data></Cell>
    <Cell><Data ss:Type="Number">-0.91</Data></Cell>
    <Cell><Data ss:Type="Number">22.7</Data></Cell>
    <Cell><Data ss:Type="Number">39.1</Data></Cell>
    <Cell><Data ss:Type="Number">0</Data></Cell>
    <Cell><Data ss:Type="Number">0</Data></Cell>
    <Cell><Data ss:Type="String">2023-12-07 16:16:33.557193</Data></Cell>
   </Row>
   <Row>
    <Cell><Data ss:Type="String">2775</Data></Cell>
    <Cell><Data ss:Type="Number">0.37</Data></Cell>
    <Cell><Data ss:Type="Number">-9.93</Data></Cell>
    <Cell><Data ss:Type="Number">0.1</Data></Cell>
    <Cell><Data ss:Type="Number">-9.43</Data></Cell>
    <Cell><Data ss:Type="Number">-0.06</Data></Cell>
    <Cell><Data ss:Type="Number">-0.96</Data></Cell>
    <Cell><Data ss:Type="Number">22.7</Data></Cell>
    <Cell><Data ss:Type="Number">39.1</Data></Cell>
    <Cell><Data ss:Type="Number">0</Data></Cell>
    <Cell><Data ss:Type="Number">0</Data></Cell>
    <Cell><Data ss:Type="String">2023-12-07 16:16:33.322102</Data></Cell>
   </Row>
   <Row>
    <Cell><Data ss:Type="String">2774</Data></Cell>
    <Cell><Data ss:Type="Number">0.32</Data></Cell>
    <Cell><Data ss:Type="Number">-10.130000000000001</Data></Cell>
    <Cell><Data ss:Type="Number">0.13</Data></Cell>
    <Cell><Data ss:Type="Number">-9.5</Data></Cell>
    <Cell><Data ss:Type="Number">-0.08</Data></Cell>
    <Cell><Data ss:Type="Number">-0.92</Data></Cell>
    <Cell><Data ss:Type="Number">22.7</Data></Cell>
    <Cell><Data ss:Type="Number">39.1</Data></Cell>
    <Cell><Data ss:Type="Number">0</Data></Cell>
    <Cell><Data ss:Type="Number">0</Data></Cell>
    <Cell><Data ss:Type="String">2023-12-07 16:16:33.318833</Data></Cell>
   </Row>
   <Row>
    <Cell><Data ss:Type="String">2773</Data></Cell>
    <Cell><Data ss:Type="Number">0.25</Data></Cell>
    <Cell><Data ss:Type="Number">-10.17</Data></Cell>
    <Cell><Data ss:Type="Number">0.12</Data></Cell>
    <Cell><Data ss:Type="Number">-9.5299999999999994</Data></Cell>
    <Cell><Data ss:Type="Number">-7.0000000000000007E-2</Data></Cell>
    <Cell><Data ss:Type="Number">-0.9</Data></Cell>
    <Cell><Data ss:Type="Number">22.7</Data></Cell>
    <Cell><Data ss:Type="Number">39.1</Data></Cell>
    <Cell><Data ss:Type="Number">0</Data></Cell>
    <Cell><Data ss:Type="Number">0</Data></Cell>
    <Cell><Data ss:Type="String">2023-12-07 16:16:33.276923</Data></Cell>
   </Row>
   <Row>
    <Cell><Data ss:Type="String">2772</Data></Cell>
    <Cell><Data ss:Type="Number">0.26</Data></Cell>
    <Cell><Data ss:Type="Number">-10.18</Data></Cell>
    <Cell><Data ss:Type="Number">0.11</Data></Cell>
    <Cell><Data ss:Type="Number">-9.51</Data></Cell>
    <Cell><Data ss:Type="Number">-0.05</Data></Cell>
    <Cell><Data ss:Type="Number">-0.9</Data></Cell>
    <Cell><Data ss:Type="Number">22.7</Data></Cell>
    <Cell><Data ss:Type="Number">39.1</Data></Cell>
    <Cell><Data ss:Type="Number">0</Data></Cell>
    <Cell><Data ss:Type="Number">0</Data></Cell>
    <Cell><Data ss:Type="String">2023-12-07 16:16:33.229162</Data></Cell>
   </Row>
   <Row>
    <Cell><Data ss:Type="String">2771</Data></Cell>
    <Cell><Data ss:Type="Number">0.28999999999999998</Data></Cell>
    <Cell><Data ss:Type="Number">-9.99</Data></Cell>
    <Cell><Data ss:Type="Number">0.13</Data></Cell>
    <Cell><Data ss:Type="Number">-9.43</Data></Cell>
    <Cell><Data ss:Type="Number">-7.0000000000000007E-2</Data></Cell>
    <Cell><Data ss:Type="Number">-0.91</Data></Cell>
    <Cell><Data ss:Type="Number">22.7</Data></Cell>
    <Cell><Data ss:Type="Number">39.1</Data></Cell>
    <Cell><Data ss:Type="Number">0</Data></Cell>
    <Cell><Data ss:Type="Number">0</Data></Cell>
    <Cell><Data ss:Type="String">2023-12-07 16:16:33.227018</Data></Cell>
   </Row>
   <Row>
    <Cell><Data ss:Type="String">2770</Data></Cell>
    <Cell><Data ss:Type="Number">0.27</Data></Cell>
    <Cell><Data ss:Type="Number">-9.8800000000000008</Data></Cell>
    <Cell><Data ss:Type="Number">0.18</Data></Cell>
    <Cell><Data ss:Type="Number">-9.4600000000000009</Data></Cell>
    <Cell><Data ss:Type="Number">-0.09</Data></Cell>
    <Cell><Data ss:Type="Number">-0.95</Data></Cell>
    <Cell><Data ss:Type="Number">22.7</Data></Cell>
    <Cell><Data ss:Type="Number">39.1</Data></Cell>
    <Cell><Data ss:Type="Number">0</Data></Cell>
    <Cell><Data ss:Type="Number">0</Data></Cell>
    <Cell><Data ss:Type="String">2023-12-07 16:16:33.177202</Data></Cell>
   </Row>
   <Row>
    <Cell><Data ss:Type="String">2769</Data></Cell>
    <Cell><Data ss:Type="Number">0.31</Data></Cell>
    <Cell><Data ss:Type="Number">-10.17</Data></Cell>
    <Cell><Data ss:Type="Number">0.13</Data></Cell>
    <Cell><Data ss:Type="Number">-9.51</Data></Cell>
    <Cell><Data ss:Type="Number">-7.0000000000000007E-2</Data></Cell>
    <Cell><Data ss:Type="Number">-0.92</Data></Cell>
    <Cell><Data ss:Type="Number">22.7</Data></Cell>
    <Cell><Data ss:Type="Number">39.1</Data></Cell>
    <Cell><Data ss:Type="Number">0</Data></Cell>
    <Cell><Data ss:Type="Number">0</Data></Cell>
    <Cell><Data ss:Type="String">2023-12-07 16:16:33.122012</Data></Cell>
   </Row>
   <Row>
    <Cell><Data ss:Type="String">2768</Data></Cell>
    <Cell><Data ss:Type="Number">0.3</Data></Cell>
    <Cell><Data ss:Type="Number">-10.24</Data></Cell>
    <Cell><Data ss:Type="Number">0.19</Data></Cell>
    <Cell><Data ss:Type="Number">-9.57</Data></Cell>
    <Cell><Data ss:Type="Number">-0.09</Data></Cell>
    <Cell><Data ss:Type="Number">-0.9</Data></Cell>
    <Cell><Data ss:Type="Number">22.7</Data></Cell>
    <Cell><Data ss:Type="Number">39.1</Data></Cell>
    <Cell><Data ss:Type="Number">0</Data></Cell>
    <Cell><Data ss:Type="Number">0</Data></Cell>
    <Cell><Data ss:Type="String">2023-12-07 16:16:33.120028</Data></Cell>
   </Row>
   <Row>
    <Cell><Data ss:Type="String">2767</Data></Cell>
    <Cell><Data ss:Type="Number">0.33</Data></Cell>
    <Cell><Data ss:Type="Number">-9.91</Data></Cell>
    <Cell><Data ss:Type="Number">0.17</Data></Cell>
    <Cell><Data ss:Type="Number">-9.5</Data></Cell>
    <Cell><Data ss:Type="Number">-7.0000000000000007E-2</Data></Cell>
    <Cell><Data ss:Type="Number">-0.95</Data></Cell>
    <Cell><Data ss:Type="Number">22.7</Data></Cell>
    <Cell><Data ss:Type="Number">39.1</Data></Cell>
    <Cell><Data ss:Type="Number">0</Data></Cell>
    <Cell><Data ss:Type="Number">0</Data></Cell>
    <Cell><Data ss:Type="String">2023-12-07 16:16:33.075564</Data></Cell>
   </Row>
   <Row>
    <Cell><Data ss:Type="String">2766</Data></Cell>
    <Cell><Data ss:Type="Number">0.27</Data></Cell>
    <Cell><Data ss:Type="Number">-10.25</Data></Cell>
    <Cell><Data ss:Type="Number">0.16</Data></Cell>
    <Cell><Data ss:Type="Number">-9.52</Data></Cell>
    <Cell><Data ss:Type="Number">-0.06</Data></Cell>
    <Cell><Data ss:Type="Number">-0.9</Data></Cell>
    <Cell><Data ss:Type="Number">22.7</Data></Cell>
    <Cell><Data ss:Type="Number">39.1</Data></Cell>
    <Cell><Data ss:Type="Number">0</Data></Cell>
    <Cell><Data ss:Type="Number">0</Data></Cell>
    <Cell><Data ss:Type="String">2023-12-07 16:16:33.017275</Data></Cell>
   </Row>
   <Row>
    <Cell><Data ss:Type="String">2765</Data></Cell>
    <Cell><Data ss:Type="Number">0.28000000000000003</Data></Cell>
    <Cell><Data ss:Type="Number">-10.27</Data></Cell>
    <Cell><Data ss:Type="Number">0.16</Data></Cell>
    <Cell><Data ss:Type="Number">-9.52</Data></Cell>
    <Cell><Data ss:Type="Number">-0.06</Data></Cell>
    <Cell><Data ss:Type="Number">-0.89</Data></Cell>
    <Cell><Data ss:Type="Number">22.7</Data></Cell>
    <Cell><Data ss:Type="Number">39.1</Data></Cell>
    <Cell><Data ss:Type="Number">0</Data></Cell>
    <Cell><Data ss:Type="Number">0</Data></Cell>
    <Cell><Data ss:Type="String">2023-12-07 16:16:33.015756</Data></Cell>
   </Row>
   <Row>
    <Cell><Data ss:Type="String">2764</Data></Cell>
    <Cell><Data ss:Type="Number">0.21</Data></Cell>
    <Cell><Data ss:Type="Number">-10.09</Data></Cell>
    <Cell><Data ss:Type="Number">0.09</Data></Cell>
    <Cell><Data ss:Type="Number">-9.44</Data></Cell>
    <Cell><Data ss:Type="Number">-0.06</Data></Cell>
    <Cell><Data ss:Type="Number">-0.91</Data></Cell>
    <Cell><Data ss:Type="Number">22.7</Data></Cell>
    <Cell><Data ss:Type="Number">39.1</Data></Cell>
    <Cell><Data ss:Type="Number">0</Data></Cell>
    <Cell><Data ss:Type="Number">0</Data></Cell>
    <Cell><Data ss:Type="String">2023-12-07 16:16:33.014121</Data></Cell>
   </Row>
   <Row>
    <Cell><Data ss:Type="String">2763</Data></Cell>
    <Cell><Data ss:Type="Number">0.33</Data></Cell>
    <Cell><Data ss:Type="Number">-9.9499999999999993</Data></Cell>
    <Cell><Data ss:Type="Number">0.12</Data></Cell>
    <Cell><Data ss:Type="Number">-9.42</Data></Cell>
    <Cell><Data ss:Type="Number">-0.08</Data></Cell>
    <Cell><Data ss:Type="Number">-0.95</Data></Cell>
    <Cell><Data ss:Type="Number">22.7</Data></Cell>
    <Cell><Data ss:Type="Number">39.1</Data></Cell>
    <Cell><Data ss:Type="Number">0</Data></Cell>
    <Cell><Data ss:Type="Number">0</Data></Cell>
    <Cell><Data ss:Type="String">2023-12-07 16:16:33.012643</Data></Cell>
   </Row>
   <Row>
    <Cell><Data ss:Type="String">2762</Data></Cell>
    <Cell><Data ss:Type="Number">0.32</Data></Cell>
    <Cell><Data ss:Type="Number">-10.220000000000001</Data></Cell>
    <Cell><Data ss:Type="Number">0.24</Data></Cell>
    <Cell><Data ss:Type="Number">-9.5299999999999994</Data></Cell>
    <Cell><Data ss:Type="Number">-0.1</Data></Cell>
    <Cell><Data ss:Type="Number">-0.92</Data></Cell>
    <Cell><Data ss:Type="Number">22.7</Data></Cell>
    <Cell><Data ss:Type="Number">39.1</Data></Cell>
    <Cell><Data ss:Type="Number">0</Data></Cell>
    <Cell><Data ss:Type="Number">0</Data></Cell>
    <Cell><Data ss:Type="String">2023-12-07 16:16:33.011016</Data></Cell>
   </Row>
   <Row>
    <Cell><Data ss:Type="String">2761</Data></Cell>
    <Cell><Data ss:Type="Number">0.28000000000000003</Data></Cell>
    <Cell><Data ss:Type="Number">-10.199999999999999</Data></Cell>
    <Cell><Data ss:Type="Number">0.17</Data></Cell>
    <Cell><Data ss:Type="Number">-9.5299999999999994</Data></Cell>
    <Cell><Data ss:Type="Number">-0.06</Data></Cell>
    <Cell><Data ss:Type="Number">-0.92</Data></Cell>
    <Cell><Data ss:Type="Number">22.7</Data></Cell>
    <Cell><Data ss:Type="Number">39.1</Data></Cell>
    <Cell><Data ss:Type="Number">0</Data></Cell>
    <Cell><Data ss:Type="Number">0</Data></Cell>
    <Cell><Data ss:Type="String">2023-12-07 16:16:33.009082</Data></Cell>
   </Row>
   <Row>
    <Cell><Data ss:Type="String">2760</Data></Cell>
    <Cell><Data ss:Type="Number">0.34</Data></Cell>
    <Cell><Data ss:Type="Number">-10.24</Data></Cell>
    <Cell><Data ss:Type="Number">0.19</Data></Cell>
    <Cell><Data ss:Type="Number">-9.44</Data></Cell>
    <Cell><Data ss:Type="Number">-7.0000000000000007E-2</Data></Cell>
    <Cell><Data ss:Type="Number">-0.94</Data></Cell>
    <Cell><Data ss:Type="Number">22.7</Data></Cell>
    <Cell><Data ss:Type="Number">39.1</Data></Cell>
    <Cell><Data ss:Type="Number">0</Data></Cell>
    <Cell><Data ss:Type="Number">0</Data></Cell>
    <Cell><Data ss:Type="String">2023-12-07 16:16:32.818224</Data></Cell>
   </Row>
   <Row>
    <Cell><Data ss:Type="String">2759</Data></Cell>
    <Cell><Data ss:Type="Number">0.28000000000000003</Data></Cell>
    <Cell><Data ss:Type="Number">-9.89</Data></Cell>
    <Cell><Data ss:Type="Number">0.11</Data></Cell>
    <Cell><Data ss:Type="Number">-9.4</Data></Cell>
    <Cell><Data ss:Type="Number">-0.08</Data></Cell>
    <Cell><Data ss:Type="Number">-0.94</Data></Cell>
    <Cell><Data ss:Type="Number">22.7</Data></Cell>
    <Cell><Data ss:Type="Number">39.1</Data></Cell>
    <Cell><Data ss:Type="Number">0</Data></Cell>
    <Cell><Data ss:Type="Number">0</Data></Cell>
    <Cell><Data ss:Type="String">2023-12-07 16:16:32.816401</Data></Cell>
   </Row>
   <Row>
    <Cell><Data ss:Type="String">2758</Data></Cell>
    <Cell><Data ss:Type="Number">0.25</Data></Cell>
    <Cell><Data ss:Type="Number">-9.9700000000000006</Data></Cell>
    <Cell><Data ss:Type="Number">0.12</Data></Cell>
    <Cell><Data ss:Type="Number">-9.42</Data></Cell>
    <Cell><Data ss:Type="Number">-0.06</Data></Cell>
    <Cell><Data ss:Type="Number">-0.92</Data></Cell>
    <Cell><Data ss:Type="Number">22.7</Data></Cell>
    <Cell><Data ss:Type="Number">39.1</Data></Cell>
    <Cell><Data ss:Type="Number">0</Data></Cell>
    <Cell><Data ss:Type="Number">0</Data></Cell>
    <Cell><Data ss:Type="String">2023-12-07 16:16:32.765145</Data></Cell>
   </Row>
   <Row>
    <Cell><Data ss:Type="String">2757</Data></Cell>
    <Cell><Data ss:Type="Number">0.25</Data></Cell>
    <Cell><Data ss:Type="Number">-9.99</Data></Cell>
    <Cell><Data ss:Type="Number">0.16</Data></Cell>
    <Cell><Data ss:Type="Number">-9.4499999999999993</Data></Cell>
    <Cell><Data ss:Type="Number">-0.08</Data></Cell>
    <Cell><Data ss:Type="Number">-0.94</Data></Cell>
    <Cell><Data ss:Type="Number">22.7</Data></Cell>
    <Cell><Data ss:Type="Number">39.200000000000003</Data></Cell>
    <Cell><Data ss:Type="Number">0</Data></Cell>
    <Cell><Data ss:Type="Number">0</Data></Cell>
    <Cell><Data ss:Type="String">2023-12-07 16:16:32.721400</Data></Cell>
   </Row>
   <Row>
    <Cell><Data ss:Type="String">2756</Data></Cell>
    <Cell><Data ss:Type="Number">0.32</Data></Cell>
    <Cell><Data ss:Type="Number">-9.98</Data></Cell>
    <Cell><Data ss:Type="Number">0.17</Data></Cell>
    <Cell><Data ss:Type="Number">-9.42</Data></Cell>
    <Cell><Data ss:Type="Number">-0.08</Data></Cell>
    <Cell><Data ss:Type="Number">-0.95</Data></Cell>
    <Cell><Data ss:Type="Number">22.7</Data></Cell>
    <Cell><Data ss:Type="Number">39.200000000000003</Data></Cell>
    <Cell><Data ss:Type="Number">0</Data></Cell>
    <Cell><Data ss:Type="Number">0</Data></Cell>
    <Cell><Data ss:Type="String">2023-12-07 16:16:32.667347</Data></Cell>
   </Row>
   <Row>
    <Cell><Data ss:Type="String">2755</Data></Cell>
    <Cell><Data ss:Type="Number">0.27</Data></Cell>
    <Cell><Data ss:Type="Number">-10.11</Data></Cell>
    <Cell><Data ss:Type="Number">0.09</Data></Cell>
    <Cell><Data ss:Type="Number">-9.5399999999999991</Data></Cell>
    <Cell><Data ss:Type="Number">-0.06</Data></Cell>
    <Cell><Data ss:Type="Number">-0.88</Data></Cell>
    <Cell><Data ss:Type="Number">22.7</Data></Cell>
    <Cell><Data ss:Type="Number">39.200000000000003</Data></Cell>
    <Cell><Data ss:Type="Number">0</Data></Cell>
    <Cell><Data ss:Type="Number">0</Data></Cell>
    <Cell><Data ss:Type="String">2023-12-07 16:16:32.665660</Data></Cell>
   </Row>
   <Row>
    <Cell><Data ss:Type="String">2754</Data></Cell>
    <Cell><Data ss:Type="Number">0.32</Data></Cell>
    <Cell><Data ss:Type="Number">-10.1</Data></Cell>
    <Cell><Data ss:Type="Number">0.13</Data></Cell>
    <Cell><Data ss:Type="Number">-9.5299999999999994</Data></Cell>
    <Cell><Data ss:Type="Number">-0.08</Data></Cell>
    <Cell><Data ss:Type="Number">-0.93</Data></Cell>
    <Cell><Data ss:Type="Number">22.7</Data></Cell>
    <Cell><Data ss:Type="Number">39.200000000000003</Data></Cell>
    <Cell><Data ss:Type="Number">0</Data></Cell>
    <Cell><Data ss:Type="Number">0</Data></Cell>
    <Cell><Data ss:Type="String">2023-12-07 16:16:32.446845</Data></Cell>
   </Row>
   <Row>
    <Cell><Data ss:Type="String">2753</Data></Cell>
    <Cell><Data ss:Type="Number">0.26</Data></Cell>
    <Cell><Data ss:Type="Number">-10.16</Data></Cell>
    <Cell><Data ss:Type="Number">0.27</Data></Cell>
    <Cell><Data ss:Type="Number">-9.5</Data></Cell>
    <Cell><Data ss:Type="Number">-0.06</Data></Cell>
    <Cell><Data ss:Type="Number">-0.87</Data></Cell>
    <Cell><Data ss:Type="Number">22.7</Data></Cell>
    <Cell><Data ss:Type="Number">39.200000000000003</Data></Cell>
    <Cell><Data ss:Type="Number">0</Data></Cell>
    <Cell><Data ss:Type="Number">0</Data></Cell>
    <Cell><Data ss:Type="String">2023-12-07 16:16:32.445140</Data></Cell>
   </Row>
   <Row>
    <Cell><Data ss:Type="String">2752</Data></Cell>
    <Cell><Data ss:Type="Number">0.25</Data></Cell>
    <Cell><Data ss:Type="Number">-10.01</Data></Cell>
    <Cell><Data ss:Type="Number">0.11</Data></Cell>
    <Cell><Data ss:Type="Number">-9.44</Data></Cell>
    <Cell><Data ss:Type="Number">-0.04</Data></Cell>
    <Cell><Data ss:Type="Number">-0.93</Data></Cell>
    <Cell><Data ss:Type="Number">22.7</Data></Cell>
    <Cell><Data ss:Type="Number">39.200000000000003</Data></Cell>
    <Cell><Data ss:Type="Number">0</Data></Cell>
    <Cell><Data ss:Type="Number">0</Data></Cell>
    <Cell><Data ss:Type="String">2023-12-07 16:16:32.402365</Data></Cell>
   </Row>
   <Row>
    <Cell><Data ss:Type="String">2751</Data></Cell>
    <Cell><Data ss:Type="Number">0.38</Data></Cell>
    <Cell><Data ss:Type="Number">-10.02</Data></Cell>
    <Cell><Data ss:Type="Number">0.15</Data></Cell>
    <Cell><Data ss:Type="Number">-9.4499999999999993</Data></Cell>
    <Cell><Data ss:Type="Number">-7.0000000000000007E-2</Data></Cell>
    <Cell><Data ss:Type="Number">-0.96</Data></Cell>
    <Cell><Data ss:Type="Number">22.7</Data></Cell>
    <Cell><Data ss:Type="Number">39.200000000000003</Data></Cell>
    <Cell><Data ss:Type="Number">0</Data></Cell>
    <Cell><Data ss:Type="Number">0</Data></Cell>
    <Cell><Data ss:Type="String">2023-12-07 16:16:32.400290</Data></Cell>
   </Row>
   <Row>
    <Cell><Data ss:Type="String">2750</Data></Cell>
    <Cell><Data ss:Type="Number">0.34</Data></Cell>
    <Cell><Data ss:Type="Number">-9.92</Data></Cell>
    <Cell><Data ss:Type="Number">0.19</Data></Cell>
    <Cell><Data ss:Type="Number">-9.4700000000000006</Data></Cell>
    <Cell><Data ss:Type="Number">-7.0000000000000007E-2</Data></Cell>
    <Cell><Data ss:Type="Number">-0.94</Data></Cell>
    <Cell><Data ss:Type="Number">22.7</Data></Cell>
    <Cell><Data ss:Type="Number">39.200000000000003</Data></Cell>
    <Cell><Data ss:Type="Number">0</Data></Cell>
    <Cell><Data ss:Type="Number">0</Data></Cell>
    <Cell><Data ss:Type="String">2023-12-07 16:16:32.398615</Data></Cell>
   </Row>
   <Row>
    <Cell><Data ss:Type="String">2749</Data></Cell>
    <Cell><Data ss:Type="Number">0.35</Data></Cell>
    <Cell><Data ss:Type="Number">-10.199999999999999</Data></Cell>
    <Cell><Data ss:Type="Number">0.19</Data></Cell>
    <Cell><Data ss:Type="Number">-9.52</Data></Cell>
    <Cell><Data ss:Type="Number">-0.08</Data></Cell>
    <Cell><Data ss:Type="Number">-0.91</Data></Cell>
    <Cell><Data ss:Type="Number">22.7</Data></Cell>
    <Cell><Data ss:Type="Number">39.200000000000003</Data></Cell>
    <Cell><Data ss:Type="Number">0</Data></Cell>
    <Cell><Data ss:Type="Number">0</Data></Cell>
    <Cell><Data ss:Type="String">2023-12-07 16:16:32.397064</Data></Cell>
   </Row>
   <Row>
    <Cell><Data ss:Type="String">2748</Data></Cell>
    <Cell><Data ss:Type="Number">0.37</Data></Cell>
    <Cell><Data ss:Type="Number">-10.26</Data></Cell>
    <Cell><Data ss:Type="Number">0.23</Data></Cell>
    <Cell><Data ss:Type="Number">-9.49</Data></Cell>
    <Cell><Data ss:Type="Number">-0.06</Data></Cell>
    <Cell><Data ss:Type="Number">-0.87</Data></Cell>
    <Cell><Data ss:Type="Number">22.7</Data></Cell>
    <Cell><Data ss:Type="Number">39.200000000000003</Data></Cell>
    <Cell><Data ss:Type="Number">0</Data></Cell>
    <Cell><Data ss:Type="Number">0</Data></Cell>
    <Cell><Data ss:Type="String">2023-12-07 16:16:32.395037</Data></Cell>
   </Row>
   <Row>
    <Cell><Data ss:Type="String">2747</Data></Cell>
    <Cell><Data ss:Type="Number">0.25</Data></Cell>
    <Cell><Data ss:Type="Number">-10.15</Data></Cell>
    <Cell><Data ss:Type="Number">0.04</Data></Cell>
    <Cell><Data ss:Type="Number">-9.41</Data></Cell>
    <Cell><Data ss:Type="Number">-0.04</Data></Cell>
    <Cell><Data ss:Type="Number">-0.93</Data></Cell>
    <Cell><Data ss:Type="Number">22.7</Data></Cell>
    <Cell><Data ss:Type="Number">39.200000000000003</Data></Cell>
    <Cell><Data ss:Type="Number">0</Data></Cell>
    <Cell><Data ss:Type="Number">0</Data></Cell>
    <Cell><Data ss:Type="String">2023-12-07 16:16:32.199841</Data></Cell>
   </Row>
   <Row>
    <Cell><Data ss:Type="String">2746</Data></Cell>
    <Cell><Data ss:Type="Number">0.27</Data></Cell>
    <Cell><Data ss:Type="Number">-9.9600000000000009</Data></Cell>
    <Cell><Data ss:Type="Number">0.06</Data></Cell>
    <Cell><Data ss:Type="Number">-9.41</Data></Cell>
    <Cell><Data ss:Type="Number">-0.09</Data></Cell>
    <Cell><Data ss:Type="Number">-0.9</Data></Cell>
    <Cell><Data ss:Type="Number">22.7</Data></Cell>
    <Cell><Data ss:Type="Number">39.200000000000003</Data></Cell>
    <Cell><Data ss:Type="Number">0</Data></Cell>
    <Cell><Data ss:Type="Number">0</Data></Cell>
    <Cell><Data ss:Type="String">2023-12-07 16:16:32.197540</Data></Cell>
   </Row>
   <Row>
    <Cell><Data ss:Type="String">2745</Data></Cell>
    <Cell><Data ss:Type="Number">0.27</Data></Cell>
    <Cell><Data ss:Type="Number">-10.029999999999999</Data></Cell>
    <Cell><Data ss:Type="Number">0.08</Data></Cell>
    <Cell><Data ss:Type="Number">-9.51</Data></Cell>
    <Cell><Data ss:Type="Number">-7.0000000000000007E-2</Data></Cell>
    <Cell><Data ss:Type="Number">-0.92</Data></Cell>
    <Cell><Data ss:Type="Number">22.7</Data></Cell>
    <Cell><Data ss:Type="Number">39.200000000000003</Data></Cell>
    <Cell><Data ss:Type="Number">0</Data></Cell>
    <Cell><Data ss:Type="Number">0</Data></Cell>
    <Cell><Data ss:Type="String">2023-12-07 16:16:32.152252</Data></Cell>
   </Row>
   <Row>
    <Cell><Data ss:Type="String">2744</Data></Cell>
    <Cell><Data ss:Type="Number">0.28000000000000003</Data></Cell>
    <Cell><Data ss:Type="Number">-10.050000000000001</Data></Cell>
    <Cell><Data ss:Type="Number">0.14000000000000001</Data></Cell>
    <Cell><Data ss:Type="Number">-9.52</Data></Cell>
    <Cell><Data ss:Type="Number">-0.1</Data></Cell>
    <Cell><Data ss:Type="Number">-0.94</Data></Cell>
    <Cell><Data ss:Type="Number">22.7</Data></Cell>
    <Cell><Data ss:Type="Number">39.200000000000003</Data></Cell>
    <Cell><Data ss:Type="Number">0</Data></Cell>
    <Cell><Data ss:Type="Number">0</Data></Cell>
    <Cell><Data ss:Type="String">2023-12-07 16:16:32.109296</Data></Cell>
   </Row>
   <Row>
    <Cell><Data ss:Type="String">2743</Data></Cell>
    <Cell><Data ss:Type="Number">0.27</Data></Cell>
    <Cell><Data ss:Type="Number">-10.18</Data></Cell>
    <Cell><Data ss:Type="Number">0.22</Data></Cell>
    <Cell><Data ss:Type="Number">-9.5</Data></Cell>
    <Cell><Data ss:Type="Number">-0.08</Data></Cell>
    <Cell><Data ss:Type="Number">-0.89</Data></Cell>
    <Cell><Data ss:Type="Number">22.7</Data></Cell>
    <Cell><Data ss:Type="Number">39.200000000000003</Data></Cell>
    <Cell><Data ss:Type="Number">0</Data></Cell>
    <Cell><Data ss:Type="Number">0</Data></Cell>
    <Cell><Data ss:Type="String">2023-12-07 16:16:32.107159</Data></Cell>
   </Row>
   <Row>
    <Cell><Data ss:Type="String">2742</Data></Cell>
    <Cell><Data ss:Type="Number">0.22</Data></Cell>
    <Cell><Data ss:Type="Number">-10.15</Data></Cell>
    <Cell><Data ss:Type="Number">0.2</Data></Cell>
    <Cell><Data ss:Type="Number">-9.42</Data></Cell>
    <Cell><Data ss:Type="Number">-0.05</Data></Cell>
    <Cell><Data ss:Type="Number">-0.92</Data></Cell>
    <Cell><Data ss:Type="Number">22.7</Data></Cell>
    <Cell><Data ss:Type="Number">39.200000000000003</Data></Cell>
    <Cell><Data ss:Type="Number">0</Data></Cell>
    <Cell><Data ss:Type="Number">0</Data></Cell>
    <Cell><Data ss:Type="String">2023-12-07 16:16:32.059079</Data></Cell>
   </Row>
   <Row>
    <Cell><Data ss:Type="String">2741</Data></Cell>
    <Cell><Data ss:Type="Number">0.28000000000000003</Data></Cell>
    <Cell><Data ss:Type="Number">-9.94</Data></Cell>
    <Cell><Data ss:Type="Number">0.01</Data></Cell>
    <Cell><Data ss:Type="Number">-9.4600000000000009</Data></Cell>
    <Cell><Data ss:Type="Number">-7.0000000000000007E-2</Data></Cell>
    <Cell><Data ss:Type="Number">-0.93</Data></Cell>
    <Cell><Data ss:Type="Number">22.7</Data></Cell>
    <Cell><Data ss:Type="Number">39.200000000000003</Data></Cell>
    <Cell><Data ss:Type="Number">0</Data></Cell>
    <Cell><Data ss:Type="Number">0</Data></Cell>
    <Cell><Data ss:Type="String">2023-12-07 16:16:32.012996</Data></Cell>
   </Row>
   <Row>
    <Cell><Data ss:Type="String">2740</Data></Cell>
    <Cell><Data ss:Type="Number">0.31</Data></Cell>
    <Cell><Data ss:Type="Number">-10.25</Data></Cell>
    <Cell><Data ss:Type="Number">0.21</Data></Cell>
    <Cell><Data ss:Type="Number">-9.5500000000000007</Data></Cell>
    <Cell><Data ss:Type="Number">-7.0000000000000007E-2</Data></Cell>
    <Cell><Data ss:Type="Number">-0.91</Data></Cell>
    <Cell><Data ss:Type="Number">22.7</Data></Cell>
    <Cell><Data ss:Type="Number">39.200000000000003</Data></Cell>
    <Cell><Data ss:Type="Number">0</Data></Cell>
    <Cell><Data ss:Type="Number">0</Data></Cell>
    <Cell><Data ss:Type="String">2023-12-07 16:16:31.970281</Data></Cell>
   </Row>
   <Row>
    <Cell><Data ss:Type="String">2739</Data></Cell>
    <Cell><Data ss:Type="Number">0.32</Data></Cell>
    <Cell><Data ss:Type="Number">-10.17</Data></Cell>
    <Cell><Data ss:Type="Number">0.16</Data></Cell>
    <Cell><Data ss:Type="Number">-9.49</Data></Cell>
    <Cell><Data ss:Type="Number">-0.04</Data></Cell>
    <Cell><Data ss:Type="Number">-0.89</Data></Cell>
    <Cell><Data ss:Type="Number">22.7</Data></Cell>
    <Cell><Data ss:Type="Number">39.200000000000003</Data></Cell>
    <Cell><Data ss:Type="Number">0</Data></Cell>
    <Cell><Data ss:Type="Number">0</Data></Cell>
    <Cell><Data ss:Type="String">2023-12-07 16:16:31.967491</Data></Cell>
   </Row>
   <Row>
    <Cell><Data ss:Type="String">2738</Data></Cell>
    <Cell><Data ss:Type="Number">0.32</Data></Cell>
    <Cell><Data ss:Type="Number">-10</Data></Cell>
    <Cell><Data ss:Type="Number">0.21</Data></Cell>
    <Cell><Data ss:Type="Number">-9.42</Data></Cell>
    <Cell><Data ss:Type="Number">-0.06</Data></Cell>
    <Cell><Data ss:Type="Number">-0.93</Data></Cell>
    <Cell><Data ss:Type="Number">22.7</Data></Cell>
    <Cell><Data ss:Type="Number">39.200000000000003</Data></Cell>
    <Cell><Data ss:Type="Number">0</Data></Cell>
    <Cell><Data ss:Type="Number">0</Data></Cell>
    <Cell><Data ss:Type="String">2023-12-07 16:16:31.922144</Data></Cell>
   </Row>
   <Row>
    <Cell><Data ss:Type="String">2737</Data></Cell>
    <Cell><Data ss:Type="Number">0.3</Data></Cell>
    <Cell><Data ss:Type="Number">-9.93</Data></Cell>
    <Cell><Data ss:Type="Number">0.1</Data></Cell>
    <Cell><Data ss:Type="Number">-9.43</Data></Cell>
    <Cell><Data ss:Type="Number">-7.0000000000000007E-2</Data></Cell>
    <Cell><Data ss:Type="Number">-0.91</Data></Cell>
    <Cell><Data ss:Type="Number">22.7</Data></Cell>
    <Cell><Data ss:Type="Number">39.200000000000003</Data></Cell>
    <Cell><Data ss:Type="Number">0</Data></Cell>
    <Cell><Data ss:Type="Number">0</Data></Cell>
    <Cell><Data ss:Type="String">2023-12-07 16:16:31.874870</Data></Cell>
   </Row>
   <Row>
    <Cell><Data ss:Type="String">2736</Data></Cell>
    <Cell><Data ss:Type="Number">0.28000000000000003</Data></Cell>
    <Cell><Data ss:Type="Number">-10.039999999999999</Data></Cell>
    <Cell><Data ss:Type="Number">0.12</Data></Cell>
    <Cell><Data ss:Type="Number">-9.4600000000000009</Data></Cell>
    <Cell><Data ss:Type="Number">-0.08</Data></Cell>
    <Cell><Data ss:Type="Number">-0.95</Data></Cell>
    <Cell><Data ss:Type="Number">22.7</Data></Cell>
    <Cell><Data ss:Type="Number">39.200000000000003</Data></Cell>
    <Cell><Data ss:Type="Number">0</Data></Cell>
    <Cell><Data ss:Type="Number">0</Data></Cell>
    <Cell><Data ss:Type="String">2023-12-07 16:16:31.832396</Data></Cell>
   </Row>
   <Row>
    <Cell><Data ss:Type="String">2735</Data></Cell>
    <Cell><Data ss:Type="Number">0.28999999999999998</Data></Cell>
    <Cell><Data ss:Type="Number">-10.09</Data></Cell>
    <Cell><Data ss:Type="Number">0.17</Data></Cell>
    <Cell><Data ss:Type="Number">-9.5</Data></Cell>
    <Cell><Data ss:Type="Number">-7.0000000000000007E-2</Data></Cell>
    <Cell><Data ss:Type="Number">-0.93</Data></Cell>
    <Cell><Data ss:Type="Number">22.7</Data></Cell>
    <Cell><Data ss:Type="Number">39.200000000000003</Data></Cell>
    <Cell><Data ss:Type="Number">0</Data></Cell>
    <Cell><Data ss:Type="Number">0</Data></Cell>
    <Cell><Data ss:Type="String">2023-12-07 16:16:31.830795</Data></Cell>
   </Row>
   <Row>
    <Cell><Data ss:Type="String">2734</Data></Cell>
    <Cell><Data ss:Type="Number">0.31</Data></Cell>
    <Cell><Data ss:Type="Number">-10.16</Data></Cell>
    <Cell><Data ss:Type="Number">0.19</Data></Cell>
    <Cell><Data ss:Type="Number">-9.56</Data></Cell>
    <Cell><Data ss:Type="Number">-0.08</Data></Cell>
    <Cell><Data ss:Type="Number">-0.91</Data></Cell>
    <Cell><Data ss:Type="Number">22.7</Data></Cell>
    <Cell><Data ss:Type="Number">39.200000000000003</Data></Cell>
    <Cell><Data ss:Type="Number">0</Data></Cell>
    <Cell><Data ss:Type="Number">0</Data></Cell>
    <Cell><Data ss:Type="String">2023-12-07 16:16:31.782337</Data></Cell>
   </Row>
   <Row>
    <Cell><Data ss:Type="String">2733</Data></Cell>
    <Cell><Data ss:Type="Number">0.3</Data></Cell>
    <Cell><Data ss:Type="Number">-10.050000000000001</Data></Cell>
    <Cell><Data ss:Type="Number">0.17</Data></Cell>
    <Cell><Data ss:Type="Number">-9.44</Data></Cell>
    <Cell><Data ss:Type="Number">-0.09</Data></Cell>
    <Cell><Data ss:Type="Number">-0.93</Data></Cell>
    <Cell><Data ss:Type="Number">22.7</Data></Cell>
    <Cell><Data ss:Type="Number">39.200000000000003</Data></Cell>
    <Cell><Data ss:Type="Number">0</Data></Cell>
    <Cell><Data ss:Type="Number">0</Data></Cell>
    <Cell><Data ss:Type="String">2023-12-07 16:16:31.780186</Data></Cell>
   </Row>
   <Row>
    <Cell><Data ss:Type="String">2732</Data></Cell>
    <Cell><Data ss:Type="Number">0.41</Data></Cell>
    <Cell><Data ss:Type="Number">-9.93</Data></Cell>
    <Cell><Data ss:Type="Number">0.19</Data></Cell>
    <Cell><Data ss:Type="Number">-9.4</Data></Cell>
    <Cell><Data ss:Type="Number">-0.08</Data></Cell>
    <Cell><Data ss:Type="Number">-0.92</Data></Cell>
    <Cell><Data ss:Type="Number">22.7</Data></Cell>
    <Cell><Data ss:Type="Number">39.200000000000003</Data></Cell>
    <Cell><Data ss:Type="Number">0</Data></Cell>
    <Cell><Data ss:Type="Number">0</Data></Cell>
    <Cell><Data ss:Type="String">2023-12-07 16:16:31.721468</Data></Cell>
   </Row>
   <Row>
    <Cell><Data ss:Type="String">2731</Data></Cell>
    <Cell><Data ss:Type="Number">0.37</Data></Cell>
    <Cell><Data ss:Type="Number">-10.11</Data></Cell>
    <Cell><Data ss:Type="Number">0.12</Data></Cell>
    <Cell><Data ss:Type="Number">-9.4700000000000006</Data></Cell>
    <Cell><Data ss:Type="Number">-0.09</Data></Cell>
    <Cell><Data ss:Type="Number">-0.97</Data></Cell>
    <Cell><Data ss:Type="Number">22.7</Data></Cell>
    <Cell><Data ss:Type="Number">39.200000000000003</Data></Cell>
    <Cell><Data ss:Type="Number">0</Data></Cell>
    <Cell><Data ss:Type="Number">0</Data></Cell>
    <Cell><Data ss:Type="String">2023-12-07 16:16:31.718809</Data></Cell>
   </Row>
   <Row>
    <Cell><Data ss:Type="String">2730</Data></Cell>
    <Cell><Data ss:Type="Number">0.24</Data></Cell>
    <Cell><Data ss:Type="Number">-10.18</Data></Cell>
    <Cell><Data ss:Type="Number">0.17</Data></Cell>
    <Cell><Data ss:Type="Number">-9.5299999999999994</Data></Cell>
    <Cell><Data ss:Type="Number">-0.08</Data></Cell>
    <Cell><Data ss:Type="Number">-0.89</Data></Cell>
    <Cell><Data ss:Type="Number">22.7</Data></Cell>
    <Cell><Data ss:Type="Number">39.200000000000003</Data></Cell>
    <Cell><Data ss:Type="Number">0</Data></Cell>
    <Cell><Data ss:Type="Number">0</Data></Cell>
    <Cell><Data ss:Type="String">2023-12-07 16:16:31.717091</Data></Cell>
   </Row>
   <Row>
    <Cell><Data ss:Type="String">2729</Data></Cell>
    <Cell><Data ss:Type="Number">0.27</Data></Cell>
    <Cell><Data ss:Type="Number">-10.210000000000001</Data></Cell>
    <Cell><Data ss:Type="Number">0.13</Data></Cell>
    <Cell><Data ss:Type="Number">-9.5399999999999991</Data></Cell>
    <Cell><Data ss:Type="Number">-0.08</Data></Cell>
    <Cell><Data ss:Type="Number">-0.9</Data></Cell>
    <Cell><Data ss:Type="Number">22.7</Data></Cell>
    <Cell><Data ss:Type="Number">39.200000000000003</Data></Cell>
    <Cell><Data ss:Type="Number">0</Data></Cell>
    <Cell><Data ss:Type="Number">0</Data></Cell>
    <Cell><Data ss:Type="String">2023-12-07 16:16:31.715628</Data></Cell>
   </Row>
   <Row>
    <Cell><Data ss:Type="String">2728</Data></Cell>
    <Cell><Data ss:Type="Number">0.3</Data></Cell>
    <Cell><Data ss:Type="Number">-10.18</Data></Cell>
    <Cell><Data ss:Type="Number">0.18</Data></Cell>
    <Cell><Data ss:Type="Number">-9.49</Data></Cell>
    <Cell><Data ss:Type="Number">-7.0000000000000007E-2</Data></Cell>
    <Cell><Data ss:Type="Number">-0.92</Data></Cell>
    <Cell><Data ss:Type="Number">22.7</Data></Cell>
    <Cell><Data ss:Type="Number">39.200000000000003</Data></Cell>
    <Cell><Data ss:Type="Number">0</Data></Cell>
    <Cell><Data ss:Type="Number">0</Data></Cell>
    <Cell><Data ss:Type="String">2023-12-07 16:16:31.714126</Data></Cell>
   </Row>
   <Row>
    <Cell><Data ss:Type="String">2727</Data></Cell>
    <Cell><Data ss:Type="Number">0.25</Data></Cell>
    <Cell><Data ss:Type="Number">-10.1</Data></Cell>
    <Cell><Data ss:Type="Number">0.16</Data></Cell>
    <Cell><Data ss:Type="Number">-9.39</Data></Cell>
    <Cell><Data ss:Type="Number">-7.0000000000000007E-2</Data></Cell>
    <Cell><Data ss:Type="Number">-0.92</Data></Cell>
    <Cell><Data ss:Type="Number">22.7</Data></Cell>
    <Cell><Data ss:Type="Number">39.200000000000003</Data></Cell>
    <Cell><Data ss:Type="Number">0</Data></Cell>
    <Cell><Data ss:Type="Number">0</Data></Cell>
    <Cell><Data ss:Type="String">2023-12-07 16:16:31.712546</Data></Cell>
   </Row>
   <Row>
    <Cell><Data ss:Type="String">2726</Data></Cell>
    <Cell><Data ss:Type="Number">0.28999999999999998</Data></Cell>
    <Cell><Data ss:Type="Number">-10</Data></Cell>
    <Cell><Data ss:Type="Number">0.12</Data></Cell>
    <Cell><Data ss:Type="Number">-9.48</Data></Cell>
    <Cell><Data ss:Type="Number">-0.08</Data></Cell>
    <Cell><Data ss:Type="Number">-0.96</Data></Cell>
    <Cell><Data ss:Type="Number">22.7</Data></Cell>
    <Cell><Data ss:Type="Number">39.200000000000003</Data></Cell>
    <Cell><Data ss:Type="Number">0</Data></Cell>
    <Cell><Data ss:Type="Number">0</Data></Cell>
    <Cell><Data ss:Type="String">2023-12-07 16:16:31.710994</Data></Cell>
   </Row>
   <Row>
    <Cell><Data ss:Type="String">2725</Data></Cell>
    <Cell><Data ss:Type="Number">0.31</Data></Cell>
    <Cell><Data ss:Type="Number">-10</Data></Cell>
    <Cell><Data ss:Type="Number">0</Data></Cell>
    <Cell><Data ss:Type="Number">-9.51</Data></Cell>
    <Cell><Data ss:Type="Number">-0.09</Data></Cell>
    <Cell><Data ss:Type="Number">-0.89</Data></Cell>
    <Cell><Data ss:Type="Number">22.7</Data></Cell>
    <Cell><Data ss:Type="Number">39.200000000000003</Data></Cell>
    <Cell><Data ss:Type="Number">0</Data></Cell>
    <Cell><Data ss:Type="Number">0</Data></Cell>
    <Cell><Data ss:Type="String">2023-12-07 16:16:31.488552</Data></Cell>
   </Row>
   <Row>
    <Cell><Data ss:Type="String">2724</Data></Cell>
    <Cell><Data ss:Type="Number">0.23</Data></Cell>
    <Cell><Data ss:Type="Number">-10.18</Data></Cell>
    <Cell><Data ss:Type="Number">0.02</Data></Cell>
    <Cell><Data ss:Type="Number">-9.5299999999999994</Data></Cell>
    <Cell><Data ss:Type="Number">-0.04</Data></Cell>
    <Cell><Data ss:Type="Number">-0.9</Data></Cell>
    <Cell><Data ss:Type="Number">22.7</Data></Cell>
    <Cell><Data ss:Type="Number">39.200000000000003</Data></Cell>
    <Cell><Data ss:Type="Number">0</Data></Cell>
    <Cell><Data ss:Type="Number">0</Data></Cell>
    <Cell><Data ss:Type="String">2023-12-07 16:16:31.486319</Data></Cell>
   </Row>
   <Row>
    <Cell><Data ss:Type="String">2723</Data></Cell>
    <Cell><Data ss:Type="Number">0.35</Data></Cell>
    <Cell><Data ss:Type="Number">-10.130000000000001</Data></Cell>
    <Cell><Data ss:Type="Number">0.19</Data></Cell>
    <Cell><Data ss:Type="Number">-9.51</Data></Cell>
    <Cell><Data ss:Type="Number">-0.11</Data></Cell>
    <Cell><Data ss:Type="Number">-0.89</Data></Cell>
    <Cell><Data ss:Type="Number">22.7</Data></Cell>
    <Cell><Data ss:Type="Number">39.200000000000003</Data></Cell>
    <Cell><Data ss:Type="Number">0</Data></Cell>
    <Cell><Data ss:Type="Number">0</Data></Cell>
    <Cell><Data ss:Type="String">2023-12-07 16:16:31.484189</Data></Cell>
   </Row>
   <Row>
    <Cell><Data ss:Type="String">2722</Data></Cell>
    <Cell><Data ss:Type="Number">0.28999999999999998</Data></Cell>
    <Cell><Data ss:Type="Number">-9.9499999999999993</Data></Cell>
    <Cell><Data ss:Type="Number">0.18</Data></Cell>
    <Cell><Data ss:Type="Number">-9.4</Data></Cell>
    <Cell><Data ss:Type="Number">-0.06</Data></Cell>
    <Cell><Data ss:Type="Number">-0.85</Data></Cell>
    <Cell><Data ss:Type="Number">22.7</Data></Cell>
    <Cell><Data ss:Type="Number">39.200000000000003</Data></Cell>
    <Cell><Data ss:Type="Number">0</Data></Cell>
    <Cell><Data ss:Type="Number">0</Data></Cell>
    <Cell><Data ss:Type="String">2023-12-07 16:16:31.481905</Data></Cell>
   </Row>
   <Row>
    <Cell><Data ss:Type="String">2721</Data></Cell>
    <Cell><Data ss:Type="Number">0.2</Data></Cell>
    <Cell><Data ss:Type="Number">-10.039999999999999</Data></Cell>
    <Cell><Data ss:Type="Number">0.09</Data></Cell>
    <Cell><Data ss:Type="Number">-9.48</Data></Cell>
    <Cell><Data ss:Type="Number">-0.1</Data></Cell>
    <Cell><Data ss:Type="Number">-0.99</Data></Cell>
    <Cell><Data ss:Type="Number">22.7</Data></Cell>
    <Cell><Data ss:Type="Number">39.200000000000003</Data></Cell>
    <Cell><Data ss:Type="Number">0</Data></Cell>
    <Cell><Data ss:Type="Number">0</Data></Cell>
    <Cell><Data ss:Type="String">2023-12-07 16:16:31.479309</Data></Cell>
   </Row>
   <Row>
    <Cell><Data ss:Type="String">2720</Data></Cell>
    <Cell><Data ss:Type="Number">0.17</Data></Cell>
    <Cell><Data ss:Type="Number">-9.92</Data></Cell>
    <Cell><Data ss:Type="Number">0.1</Data></Cell>
    <Cell><Data ss:Type="Number">-9.43</Data></Cell>
    <Cell><Data ss:Type="Number">7.0000000000000007E-2</Data></Cell>
    <Cell><Data ss:Type="Number">-0.88</Data></Cell>
    <Cell><Data ss:Type="Number">22.7</Data></Cell>
    <Cell><Data ss:Type="Number">39.200000000000003</Data></Cell>
    <Cell><Data ss:Type="Number">0</Data></Cell>
    <Cell><Data ss:Type="Number">0</Data></Cell>
    <Cell><Data ss:Type="String">2023-12-07 16:16:31.310633</Data></Cell>
   </Row>
   <Row>
    <Cell><Data ss:Type="String">2719</Data></Cell>
    <Cell><Data ss:Type="Number">0.54</Data></Cell>
    <Cell><Data ss:Type="Number">-10.23</Data></Cell>
    <Cell><Data ss:Type="Number">0.18</Data></Cell>
    <Cell><Data ss:Type="Number">-9.56</Data></Cell>
    <Cell><Data ss:Type="Number">-0.21</Data></Cell>
    <Cell><Data ss:Type="Number">-0.96</Data></Cell>
    <Cell><Data ss:Type="Number">22.7</Data></Cell>
    <Cell><Data ss:Type="Number">39.200000000000003</Data></Cell>
    <Cell><Data ss:Type="Number">0</Data></Cell>
    <Cell><Data ss:Type="Number">0</Data></Cell>
    <Cell><Data ss:Type="String">2023-12-07 16:16:31.309000</Data></Cell>
   </Row>
   <Row>
    <Cell><Data ss:Type="String">2718</Data></Cell>
    <Cell><Data ss:Type="Number">0.38</Data></Cell>
    <Cell><Data ss:Type="Number">-10.210000000000001</Data></Cell>
    <Cell><Data ss:Type="Number">0.3</Data></Cell>
    <Cell><Data ss:Type="Number">-9.5</Data></Cell>
    <Cell><Data ss:Type="Number">-0.24</Data></Cell>
    <Cell><Data ss:Type="Number">-0.83</Data></Cell>
    <Cell><Data ss:Type="Number">22.7</Data></Cell>
    <Cell><Data ss:Type="Number">39.200000000000003</Data></Cell>
    <Cell><Data ss:Type="Number">0</Data></Cell>
    <Cell><Data ss:Type="Number">0</Data></Cell>
    <Cell><Data ss:Type="String">2023-12-07 16:16:31.264498</Data></Cell>
   </Row>
   <Row>
    <Cell><Data ss:Type="String">2717</Data></Cell>
    <Cell><Data ss:Type="Number">-0.28999999999999998</Data></Cell>
    <Cell><Data ss:Type="Number">-10.02</Data></Cell>
    <Cell><Data ss:Type="Number">-0.13</Data></Cell>
    <Cell><Data ss:Type="Number">-9.41</Data></Cell>
    <Cell><Data ss:Type="Number">0.18</Data></Cell>
    <Cell><Data ss:Type="Number">-0.92</Data></Cell>
    <Cell><Data ss:Type="Number">22.7</Data></Cell>
    <Cell><Data ss:Type="Number">39.200000000000003</Data></Cell>
    <Cell><Data ss:Type="Number">0</Data></Cell>
    <Cell><Data ss:Type="Number">0</Data></Cell>
    <Cell><Data ss:Type="String">2023-12-07 16:16:31.216861</Data></Cell>
   </Row>
   <Row>
    <Cell><Data ss:Type="String">2716</Data></Cell>
    <Cell><Data ss:Type="Number">1.34</Data></Cell>
    <Cell><Data ss:Type="Number">-9.99</Data></Cell>
    <Cell><Data ss:Type="Number">-0.1</Data></Cell>
    <Cell><Data ss:Type="Number">-9.51</Data></Cell>
    <Cell><Data ss:Type="Number">0.36</Data></Cell>
    <Cell><Data ss:Type="Number">-1.05</Data></Cell>
    <Cell><Data ss:Type="Number">22.7</Data></Cell>
    <Cell><Data ss:Type="Number">39.200000000000003</Data></Cell>
    <Cell><Data ss:Type="Number">0</Data></Cell>
    <Cell><Data ss:Type="Number">0</Data></Cell>
    <Cell><Data ss:Type="String">2023-12-07 16:16:31.175262</Data></Cell>
   </Row>
   <Row>
    <Cell><Data ss:Type="String">2715</Data></Cell>
    <Cell><Data ss:Type="Number">1.68</Data></Cell>
    <Cell><Data ss:Type="Number">-9.9</Data></Cell>
    <Cell><Data ss:Type="Number">0.98</Data></Cell>
    <Cell><Data ss:Type="Number">-9.4</Data></Cell>
    <Cell><Data ss:Type="Number">-0.78</Data></Cell>
    <Cell><Data ss:Type="Number">-0.77</Data></Cell>
    <Cell><Data ss:Type="Number">22.7</Data></Cell>
    <Cell><Data ss:Type="Number">39.200000000000003</Data></Cell>
    <Cell><Data ss:Type="Number">0</Data></Cell>
    <Cell><Data ss:Type="Number">0</Data></Cell>
    <Cell><Data ss:Type="String">2023-12-07 16:16:31.173713</Data></Cell>
   </Row>
   <Row>
    <Cell><Data ss:Type="String">2714</Data></Cell>
    <Cell><Data ss:Type="Number">-0.42</Data></Cell>
    <Cell><Data ss:Type="Number">-10.199999999999999</Data></Cell>
    <Cell><Data ss:Type="Number">-0.17</Data></Cell>
    <Cell><Data ss:Type="Number">-9.49</Data></Cell>
    <Cell><Data ss:Type="Number">-0.46</Data></Cell>
    <Cell><Data ss:Type="Number">-0.98</Data></Cell>
    <Cell><Data ss:Type="Number">22.7</Data></Cell>
    <Cell><Data ss:Type="Number">39.200000000000003</Data></Cell>
    <Cell><Data ss:Type="Number">0</Data></Cell>
    <Cell><Data ss:Type="Number">0</Data></Cell>
    <Cell><Data ss:Type="String">2023-12-07 16:16:31.169850</Data></Cell>
   </Row>
   <Row>
    <Cell><Data ss:Type="String">2713</Data></Cell>
    <Cell><Data ss:Type="Number">-3.05</Data></Cell>
    <Cell><Data ss:Type="Number">-11.89</Data></Cell>
    <Cell><Data ss:Type="Number">-1.27</Data></Cell>
    <Cell><Data ss:Type="Number">-9.81</Data></Cell>
    <Cell><Data ss:Type="Number">2</Data></Cell>
    <Cell><Data ss:Type="Number">-1.18</Data></Cell>
    <Cell><Data ss:Type="Number">22.7</Data></Cell>
    <Cell><Data ss:Type="Number">39.200000000000003</Data></Cell>
    <Cell><Data ss:Type="Number">0</Data></Cell>
    <Cell><Data ss:Type="Number">0</Data></Cell>
    <Cell><Data ss:Type="String">2023-12-07 16:16:31.167537</Data></Cell>
   </Row>
   <Row>
    <Cell><Data ss:Type="String">2712</Data></Cell>
    <Cell><Data ss:Type="Number">3.37</Data></Cell>
    <Cell><Data ss:Type="Number">-13.9</Data></Cell>
    <Cell><Data ss:Type="Number">-0.33</Data></Cell>
    <Cell><Data ss:Type="Number">-17.54</Data></Cell>
    <Cell><Data ss:Type="Number">0.19</Data></Cell>
    <Cell><Data ss:Type="Number">-0.42</Data></Cell>
    <Cell><Data ss:Type="Number">22.7</Data></Cell>
    <Cell><Data ss:Type="Number">39.200000000000003</Data></Cell>
    <Cell><Data ss:Type="Number">0</Data></Cell>
    <Cell><Data ss:Type="Number">0</Data></Cell>
    <Cell><Data ss:Type="String">2023-12-07 16:16:31.165814</Data></Cell>
   </Row>
   <Row>
    <Cell><Data ss:Type="String">2711</Data></Cell>
    <Cell><Data ss:Type="Number">0.21</Data></Cell>
    <Cell><Data ss:Type="Number">-9.7799999999999994</Data></Cell>
    <Cell><Data ss:Type="Number">0.17</Data></Cell>
    <Cell><Data ss:Type="Number">-9.3699999999999992</Data></Cell>
    <Cell><Data ss:Type="Number">-0.01</Data></Cell>
    <Cell><Data ss:Type="Number">-0.92</Data></Cell>
    <Cell><Data ss:Type="Number">22.7</Data></Cell>
    <Cell><Data ss:Type="Number">39.200000000000003</Data></Cell>
    <Cell><Data ss:Type="Number">0</Data></Cell>
    <Cell><Data ss:Type="Number">0</Data></Cell>
    <Cell><Data ss:Type="String">2023-12-07 16:16:31.012610</Data></Cell>
   </Row>
   <Row>
    <Cell><Data ss:Type="String">2710</Data></Cell>
    <Cell><Data ss:Type="Number">0.17</Data></Cell>
    <Cell><Data ss:Type="Number">-9.8699999999999992</Data></Cell>
    <Cell><Data ss:Type="Number">0.28000000000000003</Data></Cell>
    <Cell><Data ss:Type="Number">-9.69</Data></Cell>
    <Cell><Data ss:Type="Number">-0.15</Data></Cell>
    <Cell><Data ss:Type="Number">-0.93</Data></Cell>
    <Cell><Data ss:Type="Number">22.7</Data></Cell>
    <Cell><Data ss:Type="Number">39.200000000000003</Data></Cell>
    <Cell><Data ss:Type="Number">0</Data></Cell>
    <Cell><Data ss:Type="Number">0</Data></Cell>
    <Cell><Data ss:Type="String">2023-12-07 16:16:31.010854</Data></Cell>
   </Row>
   <Row>
    <Cell><Data ss:Type="String">2709</Data></Cell>
    <Cell><Data ss:Type="Number">0.49</Data></Cell>
    <Cell><Data ss:Type="Number">-10.79</Data></Cell>
    <Cell><Data ss:Type="Number">0.28999999999999998</Data></Cell>
    <Cell><Data ss:Type="Number">-9.61</Data></Cell>
    <Cell><Data ss:Type="Number">-0.06</Data></Cell>
    <Cell><Data ss:Type="Number">-0.89</Data></Cell>
    <Cell><Data ss:Type="Number">22.7</Data></Cell>
    <Cell><Data ss:Type="Number">39.200000000000003</Data></Cell>
    <Cell><Data ss:Type="Number">0</Data></Cell>
    <Cell><Data ss:Type="Number">0</Data></Cell>
    <Cell><Data ss:Type="String">2023-12-07 16:16:30.957863</Data></Cell>
   </Row>
   <Row>
    <Cell><Data ss:Type="String">2708</Data></Cell>
    <Cell><Data ss:Type="Number">0.04</Data></Cell>
    <Cell><Data ss:Type="Number">-10.29</Data></Cell>
    <Cell><Data ss:Type="Number">0.34</Data></Cell>
    <Cell><Data ss:Type="Number">-9.56</Data></Cell>
    <Cell><Data ss:Type="Number">-7.0000000000000007E-2</Data></Cell>
    <Cell><Data ss:Type="Number">-0.96</Data></Cell>
    <Cell><Data ss:Type="Number">22.7</Data></Cell>
    <Cell><Data ss:Type="Number">39.200000000000003</Data></Cell>
    <Cell><Data ss:Type="Number">0</Data></Cell>
    <Cell><Data ss:Type="Number">0</Data></Cell>
    <Cell><Data ss:Type="String">2023-12-07 16:16:30.911795</Data></Cell>
   </Row>
   <Row>
    <Cell><Data ss:Type="String">2707</Data></Cell>
    <Cell><Data ss:Type="Number">0.33</Data></Cell>
    <Cell><Data ss:Type="Number">-9.8699999999999992</Data></Cell>
    <Cell><Data ss:Type="Number">0.4</Data></Cell>
    <Cell><Data ss:Type="Number">-9.39</Data></Cell>
    <Cell><Data ss:Type="Number">-0.06</Data></Cell>
    <Cell><Data ss:Type="Number">-0.99</Data></Cell>
    <Cell><Data ss:Type="Number">22.7</Data></Cell>
    <Cell><Data ss:Type="Number">39.200000000000003</Data></Cell>
    <Cell><Data ss:Type="Number">0</Data></Cell>
    <Cell><Data ss:Type="Number">0</Data></Cell>
    <Cell><Data ss:Type="String">2023-12-07 16:16:30.910050</Data></Cell>
   </Row>
   <Row>
    <Cell><Data ss:Type="String">2706</Data></Cell>
    <Cell><Data ss:Type="Number">0.39</Data></Cell>
    <Cell><Data ss:Type="Number">-9.8699999999999992</Data></Cell>
    <Cell><Data ss:Type="Number">0.02</Data></Cell>
    <Cell><Data ss:Type="Number">-9.4600000000000009</Data></Cell>
    <Cell><Data ss:Type="Number">-0.1</Data></Cell>
    <Cell><Data ss:Type="Number">-0.92</Data></Cell>
    <Cell><Data ss:Type="Number">22.7</Data></Cell>
    <Cell><Data ss:Type="Number">39.200000000000003</Data></Cell>
    <Cell><Data ss:Type="Number">0</Data></Cell>
    <Cell><Data ss:Type="Number">0</Data></Cell>
    <Cell><Data ss:Type="String">2023-12-07 16:16:30.860308</Data></Cell>
   </Row>
   <Row>
    <Cell><Data ss:Type="String">2705</Data></Cell>
    <Cell><Data ss:Type="Number">0.28000000000000003</Data></Cell>
    <Cell><Data ss:Type="Number">-10.99</Data></Cell>
    <Cell><Data ss:Type="Number">-0.06</Data></Cell>
    <Cell><Data ss:Type="Number">-9.8000000000000007</Data></Cell>
    <Cell><Data ss:Type="Number">-0.06</Data></Cell>
    <Cell><Data ss:Type="Number">-0.91</Data></Cell>
    <Cell><Data ss:Type="Number">22.7</Data></Cell>
    <Cell><Data ss:Type="Number">39.200000000000003</Data></Cell>
    <Cell><Data ss:Type="Number">0</Data></Cell>
    <Cell><Data ss:Type="Number">0</Data></Cell>
    <Cell><Data ss:Type="String">2023-12-07 16:16:30.858339</Data></Cell>
   </Row>
   <Row>
    <Cell><Data ss:Type="String">2704</Data></Cell>
    <Cell><Data ss:Type="Number">0.19</Data></Cell>
    <Cell><Data ss:Type="Number">-10</Data></Cell>
    <Cell><Data ss:Type="Number">-0.05</Data></Cell>
    <Cell><Data ss:Type="Number">-9.5500000000000007</Data></Cell>
    <Cell><Data ss:Type="Number">-0.1</Data></Cell>
    <Cell><Data ss:Type="Number">-0.9</Data></Cell>
    <Cell><Data ss:Type="Number">22.7</Data></Cell>
    <Cell><Data ss:Type="Number">39.200000000000003</Data></Cell>
    <Cell><Data ss:Type="Number">0</Data></Cell>
    <Cell><Data ss:Type="Number">0</Data></Cell>
    <Cell><Data ss:Type="String">2023-12-07 16:16:30.798199</Data></Cell>
   </Row>
   <Row>
    <Cell><Data ss:Type="String">2703</Data></Cell>
    <Cell><Data ss:Type="Number">0.14000000000000001</Data></Cell>
    <Cell><Data ss:Type="Number">-10.06</Data></Cell>
    <Cell><Data ss:Type="Number">0.11</Data></Cell>
    <Cell><Data ss:Type="Number">-9.41</Data></Cell>
    <Cell><Data ss:Type="Number">-0.02</Data></Cell>
    <Cell><Data ss:Type="Number">-0.91</Data></Cell>
    <Cell><Data ss:Type="Number">22.7</Data></Cell>
    <Cell><Data ss:Type="Number">39.200000000000003</Data></Cell>
    <Cell><Data ss:Type="Number">0</Data></Cell>
    <Cell><Data ss:Type="Number">0</Data></Cell>
    <Cell><Data ss:Type="String">2023-12-07 16:16:30.796200</Data></Cell>
   </Row>
   <Row>
    <Cell><Data ss:Type="String">2702</Data></Cell>
    <Cell><Data ss:Type="Number">0.43</Data></Cell>
    <Cell><Data ss:Type="Number">-10.14</Data></Cell>
    <Cell><Data ss:Type="Number">0.11</Data></Cell>
    <Cell><Data ss:Type="Number">-9.5299999999999994</Data></Cell>
    <Cell><Data ss:Type="Number">-0.06</Data></Cell>
    <Cell><Data ss:Type="Number">-0.84</Data></Cell>
    <Cell><Data ss:Type="Number">22.7</Data></Cell>
    <Cell><Data ss:Type="Number">39.200000000000003</Data></Cell>
    <Cell><Data ss:Type="Number">0</Data></Cell>
    <Cell><Data ss:Type="Number">0</Data></Cell>
    <Cell><Data ss:Type="String">2023-12-07 16:16:30.794473</Data></Cell>
   </Row>
   <Row>
    <Cell><Data ss:Type="String">2701</Data></Cell>
    <Cell><Data ss:Type="Number">-0.01</Data></Cell>
    <Cell><Data ss:Type="Number">-10.08</Data></Cell>
    <Cell><Data ss:Type="Number">-0.12</Data></Cell>
    <Cell><Data ss:Type="Number">-9.3699999999999992</Data></Cell>
    <Cell><Data ss:Type="Number">-0.13</Data></Cell>
    <Cell><Data ss:Type="Number">-0.87</Data></Cell>
    <Cell><Data ss:Type="Number">22.7</Data></Cell>
    <Cell><Data ss:Type="Number">39.200000000000003</Data></Cell>
    <Cell><Data ss:Type="Number">0</Data></Cell>
    <Cell><Data ss:Type="Number">0</Data></Cell>
    <Cell><Data ss:Type="String">2023-12-07 16:16:30.792671</Data></Cell>
   </Row>
   <Row>
    <Cell><Data ss:Type="String">2700</Data></Cell>
    <Cell><Data ss:Type="Number">0.08</Data></Cell>
    <Cell><Data ss:Type="Number">-10.220000000000001</Data></Cell>
    <Cell><Data ss:Type="Number">-0.31</Data></Cell>
    <Cell><Data ss:Type="Number">-9.34</Data></Cell>
    <Cell><Data ss:Type="Number">-0.03</Data></Cell>
    <Cell><Data ss:Type="Number">-0.91</Data></Cell>
    <Cell><Data ss:Type="Number">22.7</Data></Cell>
    <Cell><Data ss:Type="Number">39.200000000000003</Data></Cell>
    <Cell><Data ss:Type="Number">0</Data></Cell>
    <Cell><Data ss:Type="Number">0</Data></Cell>
    <Cell><Data ss:Type="String">2023-12-07 16:16:30.790694</Data></Cell>
   </Row>
   <Row>
    <Cell><Data ss:Type="String">2699</Data></Cell>
    <Cell><Data ss:Type="Number">0.74</Data></Cell>
    <Cell><Data ss:Type="Number">-10.29</Data></Cell>
    <Cell><Data ss:Type="Number">0.16</Data></Cell>
    <Cell><Data ss:Type="Number">-9.66</Data></Cell>
    <Cell><Data ss:Type="Number">-0.11</Data></Cell>
    <Cell><Data ss:Type="Number">-0.92</Data></Cell>
    <Cell><Data ss:Type="Number">22.7</Data></Cell>
    <Cell><Data ss:Type="Number">39.200000000000003</Data></Cell>
    <Cell><Data ss:Type="Number">0</Data></Cell>
    <Cell><Data ss:Type="Number">0</Data></Cell>
    <Cell><Data ss:Type="String">2023-12-07 16:16:30.788256</Data></Cell>
   </Row>
   <Row>
    <Cell><Data ss:Type="String">2698</Data></Cell>
    <Cell><Data ss:Type="Number">-0.06</Data></Cell>
    <Cell><Data ss:Type="Number">-10.28</Data></Cell>
    <Cell><Data ss:Type="Number">0.08</Data></Cell>
    <Cell><Data ss:Type="Number">-9.43</Data></Cell>
    <Cell><Data ss:Type="Number">0.05</Data></Cell>
    <Cell><Data ss:Type="Number">-0.93</Data></Cell>
    <Cell><Data ss:Type="Number">22.7</Data></Cell>
    <Cell><Data ss:Type="Number">39.200000000000003</Data></Cell>
    <Cell><Data ss:Type="Number">0</Data></Cell>
    <Cell><Data ss:Type="Number">0</Data></Cell>
    <Cell><Data ss:Type="String">2023-12-07 16:16:30.785309</Data></Cell>
   </Row>
   <Row>
    <Cell><Data ss:Type="String">2697</Data></Cell>
    <Cell><Data ss:Type="Number">0.42</Data></Cell>
    <Cell><Data ss:Type="Number">-10.36</Data></Cell>
    <Cell><Data ss:Type="Number">0.33</Data></Cell>
    <Cell><Data ss:Type="Number">-9.5299999999999994</Data></Cell>
    <Cell><Data ss:Type="Number">-0.09</Data></Cell>
    <Cell><Data ss:Type="Number">-0.85</Data></Cell>
    <Cell><Data ss:Type="Number">22.7</Data></Cell>
    <Cell><Data ss:Type="Number">39.200000000000003</Data></Cell>
    <Cell><Data ss:Type="Number">0</Data></Cell>
    <Cell><Data ss:Type="Number">0</Data></Cell>
    <Cell><Data ss:Type="String">2023-12-07 16:16:30.547245</Data></Cell>
   </Row>
   <Row>
    <Cell><Data ss:Type="String">2696</Data></Cell>
    <Cell><Data ss:Type="Number">-0.04</Data></Cell>
    <Cell><Data ss:Type="Number">-10.52</Data></Cell>
    <Cell><Data ss:Type="Number">-0.28000000000000003</Data></Cell>
    <Cell><Data ss:Type="Number">-9.4600000000000009</Data></Cell>
    <Cell><Data ss:Type="Number">0</Data></Cell>
    <Cell><Data ss:Type="Number">-0.88</Data></Cell>
    <Cell><Data ss:Type="Number">22.7</Data></Cell>
    <Cell><Data ss:Type="Number">39.200000000000003</Data></Cell>
    <Cell><Data ss:Type="Number">0</Data></Cell>
    <Cell><Data ss:Type="Number">0</Data></Cell>
    <Cell><Data ss:Type="String">2023-12-07 16:16:30.544962</Data></Cell>
   </Row>
   <Row>
    <Cell><Data ss:Type="String">2695</Data></Cell>
    <Cell><Data ss:Type="Number">0.27</Data></Cell>
    <Cell><Data ss:Type="Number">-9.91</Data></Cell>
    <Cell><Data ss:Type="Number">0.34</Data></Cell>
    <Cell><Data ss:Type="Number">-9.39</Data></Cell>
    <Cell><Data ss:Type="Number">-0.04</Data></Cell>
    <Cell><Data ss:Type="Number">-0.94</Data></Cell>
    <Cell><Data ss:Type="Number">22.7</Data></Cell>
    <Cell><Data ss:Type="Number">39.200000000000003</Data></Cell>
    <Cell><Data ss:Type="Number">0</Data></Cell>
    <Cell><Data ss:Type="Number">0</Data></Cell>
    <Cell><Data ss:Type="String">2023-12-07 16:16:30.543054</Data></Cell>
   </Row>
   <Row>
    <Cell><Data ss:Type="String">2694</Data></Cell>
    <Cell><Data ss:Type="Number">0.72</Data></Cell>
    <Cell><Data ss:Type="Number">-9.85</Data></Cell>
    <Cell><Data ss:Type="Number">0.56999999999999995</Data></Cell>
    <Cell><Data ss:Type="Number">-9.4499999999999993</Data></Cell>
    <Cell><Data ss:Type="Number">-0.06</Data></Cell>
    <Cell><Data ss:Type="Number">-0.88</Data></Cell>
    <Cell><Data ss:Type="Number">22.7</Data></Cell>
    <Cell><Data ss:Type="Number">39.200000000000003</Data></Cell>
    <Cell><Data ss:Type="Number">0</Data></Cell>
    <Cell><Data ss:Type="Number">0</Data></Cell>
    <Cell><Data ss:Type="String">2023-12-07 16:16:30.541214</Data></Cell>
   </Row>
   <Row>
    <Cell><Data ss:Type="String">2693</Data></Cell>
    <Cell><Data ss:Type="Number">0.56999999999999995</Data></Cell>
    <Cell><Data ss:Type="Number">-10.210000000000001</Data></Cell>
    <Cell><Data ss:Type="Number">0.04</Data></Cell>
    <Cell><Data ss:Type="Number">-9.51</Data></Cell>
    <Cell><Data ss:Type="Number">-0.06</Data></Cell>
    <Cell><Data ss:Type="Number">-0.91</Data></Cell>
    <Cell><Data ss:Type="Number">22.7</Data></Cell>
    <Cell><Data ss:Type="Number">39.200000000000003</Data></Cell>
    <Cell><Data ss:Type="Number">0</Data></Cell>
    <Cell><Data ss:Type="Number">0</Data></Cell>
    <Cell><Data ss:Type="String">2023-12-07 16:16:30.538775</Data></Cell>
   </Row>
   <Row>
    <Cell><Data ss:Type="String">2692</Data></Cell>
    <Cell><Data ss:Type="Number">0.02</Data></Cell>
    <Cell><Data ss:Type="Number">-10.18</Data></Cell>
    <Cell><Data ss:Type="Number">0.25</Data></Cell>
    <Cell><Data ss:Type="Number">-9.57</Data></Cell>
    <Cell><Data ss:Type="Number">-0.06</Data></Cell>
    <Cell><Data ss:Type="Number">-0.93</Data></Cell>
    <Cell><Data ss:Type="Number">22.7</Data></Cell>
    <Cell><Data ss:Type="Number">39.200000000000003</Data></Cell>
    <Cell><Data ss:Type="Number">0</Data></Cell>
    <Cell><Data ss:Type="Number">0</Data></Cell>
    <Cell><Data ss:Type="String">2023-12-07 16:16:30.536100</Data></Cell>
   </Row>
   <Row>
    <Cell><Data ss:Type="String">2691</Data></Cell>
    <Cell><Data ss:Type="Number">0.21</Data></Cell>
    <Cell><Data ss:Type="Number">-9.43</Data></Cell>
    <Cell><Data ss:Type="Number">0.1</Data></Cell>
    <Cell><Data ss:Type="Number">-9.18</Data></Cell>
    <Cell><Data ss:Type="Number">-0.04</Data></Cell>
    <Cell><Data ss:Type="Number">-0.96</Data></Cell>
    <Cell><Data ss:Type="Number">22.7</Data></Cell>
    <Cell><Data ss:Type="Number">39.200000000000003</Data></Cell>
    <Cell><Data ss:Type="Number">0</Data></Cell>
    <Cell><Data ss:Type="Number">0</Data></Cell>
    <Cell><Data ss:Type="String">2023-12-07 16:16:30.533554</Data></Cell>
   </Row>
   <Row>
    <Cell><Data ss:Type="String">2690</Data></Cell>
    <Cell><Data ss:Type="Number">0.22</Data></Cell>
    <Cell><Data ss:Type="Number">-9.98</Data></Cell>
    <Cell><Data ss:Type="Number">0.01</Data></Cell>
    <Cell><Data ss:Type="Number">-9.39</Data></Cell>
    <Cell><Data ss:Type="Number">-0.05</Data></Cell>
    <Cell><Data ss:Type="Number">-0.95</Data></Cell>
    <Cell><Data ss:Type="Number">22.7</Data></Cell>
    <Cell><Data ss:Type="Number">39.200000000000003</Data></Cell>
    <Cell><Data ss:Type="Number">0</Data></Cell>
    <Cell><Data ss:Type="Number">0</Data></Cell>
    <Cell><Data ss:Type="String">2023-12-07 16:16:30.299966</Data></Cell>
   </Row>
   <Row>
    <Cell><Data ss:Type="String">2689</Data></Cell>
    <Cell><Data ss:Type="Number">-0.16</Data></Cell>
    <Cell><Data ss:Type="Number">-11.2</Data></Cell>
    <Cell><Data ss:Type="Number">0.4</Data></Cell>
    <Cell><Data ss:Type="Number">-9.76</Data></Cell>
    <Cell><Data ss:Type="Number">-0.08</Data></Cell>
    <Cell><Data ss:Type="Number">-0.88</Data></Cell>
    <Cell><Data ss:Type="Number">22.7</Data></Cell>
    <Cell><Data ss:Type="Number">39.200000000000003</Data></Cell>
    <Cell><Data ss:Type="Number">0</Data></Cell>
    <Cell><Data ss:Type="Number">0</Data></Cell>
    <Cell><Data ss:Type="String">2023-12-07 16:16:30.298229</Data></Cell>
   </Row>
   <Row>
    <Cell><Data ss:Type="String">2688</Data></Cell>
    <Cell><Data ss:Type="Number">0.28999999999999998</Data></Cell>
    <Cell><Data ss:Type="Number">-9.75</Data></Cell>
    <Cell><Data ss:Type="Number">0.26</Data></Cell>
    <Cell><Data ss:Type="Number">-9.49</Data></Cell>
    <Cell><Data ss:Type="Number">-0.13</Data></Cell>
    <Cell><Data ss:Type="Number">-0.91</Data></Cell>
    <Cell><Data ss:Type="Number">22.7</Data></Cell>
    <Cell><Data ss:Type="Number">39.200000000000003</Data></Cell>
    <Cell><Data ss:Type="Number">0</Data></Cell>
    <Cell><Data ss:Type="Number">0</Data></Cell>
    <Cell><Data ss:Type="String">2023-12-07 16:16:30.245952</Data></Cell>
   </Row>
   <Row>
    <Cell><Data ss:Type="String">2687</Data></Cell>
    <Cell><Data ss:Type="Number">-0.16</Data></Cell>
    <Cell><Data ss:Type="Number">-10.15</Data></Cell>
    <Cell><Data ss:Type="Number">-0.45</Data></Cell>
    <Cell><Data ss:Type="Number">-9.5500000000000007</Data></Cell>
    <Cell><Data ss:Type="Number">-7.0000000000000007E-2</Data></Cell>
    <Cell><Data ss:Type="Number">-0.93</Data></Cell>
    <Cell><Data ss:Type="Number">22.7</Data></Cell>
    <Cell><Data ss:Type="Number">39.200000000000003</Data></Cell>
    <Cell><Data ss:Type="Number">0</Data></Cell>
    <Cell><Data ss:Type="Number">0</Data></Cell>
    <Cell><Data ss:Type="String">2023-12-07 16:16:30.244080</Data></Cell>
   </Row>
   <Row>
    <Cell><Data ss:Type="String">2686</Data></Cell>
    <Cell><Data ss:Type="Number">0.89</Data></Cell>
    <Cell><Data ss:Type="Number">-10.199999999999999</Data></Cell>
    <Cell><Data ss:Type="Number">0.01</Data></Cell>
    <Cell><Data ss:Type="Number">-9.5399999999999991</Data></Cell>
    <Cell><Data ss:Type="Number">-0.12</Data></Cell>
    <Cell><Data ss:Type="Number">-0.91</Data></Cell>
    <Cell><Data ss:Type="Number">22.7</Data></Cell>
    <Cell><Data ss:Type="Number">39.200000000000003</Data></Cell>
    <Cell><Data ss:Type="Number">0</Data></Cell>
    <Cell><Data ss:Type="Number">0</Data></Cell>
    <Cell><Data ss:Type="String">2023-12-07 16:16:30.173742</Data></Cell>
   </Row>
   <Row>
    <Cell><Data ss:Type="String">2685</Data></Cell>
    <Cell><Data ss:Type="Number">0.27</Data></Cell>
    <Cell><Data ss:Type="Number">-10.210000000000001</Data></Cell>
    <Cell><Data ss:Type="Number">-0.04</Data></Cell>
    <Cell><Data ss:Type="Number">-9.48</Data></Cell>
    <Cell><Data ss:Type="Number">-0.03</Data></Cell>
    <Cell><Data ss:Type="Number">-0.96</Data></Cell>
    <Cell><Data ss:Type="Number">22.7</Data></Cell>
    <Cell><Data ss:Type="Number">39.200000000000003</Data></Cell>
    <Cell><Data ss:Type="Number">0</Data></Cell>
    <Cell><Data ss:Type="Number">0</Data></Cell>
    <Cell><Data ss:Type="String">2023-12-07 16:16:30.130471</Data></Cell>
   </Row>
   <Row>
    <Cell><Data ss:Type="String">2684</Data></Cell>
    <Cell><Data ss:Type="Number">0.25</Data></Cell>
    <Cell><Data ss:Type="Number">-9.85</Data></Cell>
    <Cell><Data ss:Type="Number">0.45</Data></Cell>
    <Cell><Data ss:Type="Number">-9.3699999999999992</Data></Cell>
    <Cell><Data ss:Type="Number">-0.13</Data></Cell>
    <Cell><Data ss:Type="Number">-0.88</Data></Cell>
    <Cell><Data ss:Type="Number">22.7</Data></Cell>
    <Cell><Data ss:Type="Number">39.200000000000003</Data></Cell>
    <Cell><Data ss:Type="Number">0</Data></Cell>
    <Cell><Data ss:Type="Number">0</Data></Cell>
    <Cell><Data ss:Type="String">2023-12-07 16:16:30.128656</Data></Cell>
   </Row>
   <Row>
    <Cell><Data ss:Type="String">2683</Data></Cell>
    <Cell><Data ss:Type="Number">0.49</Data></Cell>
    <Cell><Data ss:Type="Number">-10.4</Data></Cell>
    <Cell><Data ss:Type="Number">0.11</Data></Cell>
    <Cell><Data ss:Type="Number">-9.6300000000000008</Data></Cell>
    <Cell><Data ss:Type="Number">-0.11</Data></Cell>
    <Cell><Data ss:Type="Number">-0.94</Data></Cell>
    <Cell><Data ss:Type="Number">22.7</Data></Cell>
    <Cell><Data ss:Type="Number">39.200000000000003</Data></Cell>
    <Cell><Data ss:Type="Number">0</Data></Cell>
    <Cell><Data ss:Type="Number">0</Data></Cell>
    <Cell><Data ss:Type="String">2023-12-07 16:16:30.080355</Data></Cell>
   </Row>
   <Row>
    <Cell><Data ss:Type="String">2682</Data></Cell>
    <Cell><Data ss:Type="Number">1.1299999999999999</Data></Cell>
    <Cell><Data ss:Type="Number">-10.49</Data></Cell>
    <Cell><Data ss:Type="Number">0.24</Data></Cell>
    <Cell><Data ss:Type="Number">-9.5299999999999994</Data></Cell>
    <Cell><Data ss:Type="Number">-0.08</Data></Cell>
    <Cell><Data ss:Type="Number">-0.92</Data></Cell>
    <Cell><Data ss:Type="Number">22.7</Data></Cell>
    <Cell><Data ss:Type="Number">39.200000000000003</Data></Cell>
    <Cell><Data ss:Type="Number">0</Data></Cell>
    <Cell><Data ss:Type="Number">0</Data></Cell>
    <Cell><Data ss:Type="String">2023-12-07 16:16:30.038449</Data></Cell>
   </Row>
   <Row>
    <Cell><Data ss:Type="String">2681</Data></Cell>
    <Cell><Data ss:Type="Number">1.34</Data></Cell>
    <Cell><Data ss:Type="Number">-10.039999999999999</Data></Cell>
    <Cell><Data ss:Type="Number">0</Data></Cell>
    <Cell><Data ss:Type="Number">-9.5</Data></Cell>
    <Cell><Data ss:Type="Number">-0.09</Data></Cell>
    <Cell><Data ss:Type="Number">-0.89</Data></Cell>
    <Cell><Data ss:Type="Number">22.7</Data></Cell>
    <Cell><Data ss:Type="Number">39.200000000000003</Data></Cell>
    <Cell><Data ss:Type="Number">0</Data></Cell>
    <Cell><Data ss:Type="Number">0</Data></Cell>
    <Cell><Data ss:Type="String">2023-12-07 16:16:29.981190</Data></Cell>
   </Row>
   <Row>
    <Cell><Data ss:Type="String">2680</Data></Cell>
    <Cell><Data ss:Type="Number">0.78</Data></Cell>
    <Cell><Data ss:Type="Number">-10.23</Data></Cell>
    <Cell><Data ss:Type="Number">0.18</Data></Cell>
    <Cell><Data ss:Type="Number">-9.68</Data></Cell>
    <Cell><Data ss:Type="Number">-0.33</Data></Cell>
    <Cell><Data ss:Type="Number">-0.89</Data></Cell>
    <Cell><Data ss:Type="Number">22.7</Data></Cell>
    <Cell><Data ss:Type="Number">39.200000000000003</Data></Cell>
    <Cell><Data ss:Type="Number">0</Data></Cell>
    <Cell><Data ss:Type="Number">0</Data></Cell>
    <Cell><Data ss:Type="String">2023-12-07 16:16:29.959300</Data></Cell>
   </Row>
   <Row>
    <Cell><Data ss:Type="String">2679</Data></Cell>
    <Cell><Data ss:Type="Number">0.68</Data></Cell>
    <Cell><Data ss:Type="Number">-9.9499999999999993</Data></Cell>
    <Cell><Data ss:Type="Number">0.16</Data></Cell>
    <Cell><Data ss:Type="Number">-9.34</Data></Cell>
    <Cell><Data ss:Type="Number">-0.28000000000000003</Data></Cell>
    <Cell><Data ss:Type="Number">-0.82</Data></Cell>
    <Cell><Data ss:Type="Number">22.7</Data></Cell>
    <Cell><Data ss:Type="Number">39.200000000000003</Data></Cell>
    <Cell><Data ss:Type="Number">0</Data></Cell>
    <Cell><Data ss:Type="Number">0</Data></Cell>
    <Cell><Data ss:Type="String">2023-12-07 16:16:29.957529</Data></Cell>
   </Row>
   <Row>
    <Cell><Data ss:Type="String">2678</Data></Cell>
    <Cell><Data ss:Type="Number">-0.68</Data></Cell>
    <Cell><Data ss:Type="Number">-9.77</Data></Cell>
    <Cell><Data ss:Type="Number">-0.9</Data></Cell>
    <Cell><Data ss:Type="Number">-9.3699999999999992</Data></Cell>
    <Cell><Data ss:Type="Number">0.48</Data></Cell>
    <Cell><Data ss:Type="Number">-1</Data></Cell>
    <Cell><Data ss:Type="Number">22.7</Data></Cell>
    <Cell><Data ss:Type="Number">39.200000000000003</Data></Cell>
    <Cell><Data ss:Type="Number">0</Data></Cell>
    <Cell><Data ss:Type="Number">0</Data></Cell>
    <Cell><Data ss:Type="String">2023-12-07 16:16:29.912186</Data></Cell>
   </Row>
   <Row>
    <Cell><Data ss:Type="String">2677</Data></Cell>
    <Cell><Data ss:Type="Number">-1.67</Data></Cell>
    <Cell><Data ss:Type="Number">-10.56</Data></Cell>
    <Cell><Data ss:Type="Number">-1.32</Data></Cell>
    <Cell><Data ss:Type="Number">-9.7200000000000006</Data></Cell>
    <Cell><Data ss:Type="Number">0.86</Data></Cell>
    <Cell><Data ss:Type="Number">-1.07</Data></Cell>
    <Cell><Data ss:Type="Number">22.7</Data></Cell>
    <Cell><Data ss:Type="Number">39.200000000000003</Data></Cell>
    <Cell><Data ss:Type="Number">0</Data></Cell>
    <Cell><Data ss:Type="Number">0</Data></Cell>
    <Cell><Data ss:Type="String">2023-12-07 16:16:29.871387</Data></Cell>
   </Row>
   <Row>
    <Cell><Data ss:Type="String">2676</Data></Cell>
    <Cell><Data ss:Type="Number">4.82</Data></Cell>
    <Cell><Data ss:Type="Number">-10.77</Data></Cell>
    <Cell><Data ss:Type="Number">2.08</Data></Cell>
    <Cell><Data ss:Type="Number">-9.48</Data></Cell>
    <Cell><Data ss:Type="Number">-1.25</Data></Cell>
    <Cell><Data ss:Type="Number">-0.5</Data></Cell>
    <Cell><Data ss:Type="Number">22.7</Data></Cell>
    <Cell><Data ss:Type="Number">39.200000000000003</Data></Cell>
    <Cell><Data ss:Type="Number">0</Data></Cell>
    <Cell><Data ss:Type="Number">0</Data></Cell>
    <Cell><Data ss:Type="String">2023-12-07 16:16:29.868980</Data></Cell>
   </Row>
   <Row>
    <Cell><Data ss:Type="String">2675</Data></Cell>
    <Cell><Data ss:Type="Number">3.9</Data></Cell>
    <Cell><Data ss:Type="Number">7.14</Data></Cell>
    <Cell><Data ss:Type="Number">0.66</Data></Cell>
    <Cell><Data ss:Type="Number">-2</Data></Cell>
    <Cell><Data ss:Type="Number">-1.78</Data></Cell>
    <Cell><Data ss:Type="Number">-1.01</Data></Cell>
    <Cell><Data ss:Type="Number">22.7</Data></Cell>
    <Cell><Data ss:Type="Number">39.200000000000003</Data></Cell>
    <Cell><Data ss:Type="Number">0</Data></Cell>
    <Cell><Data ss:Type="Number">0</Data></Cell>
    <Cell><Data ss:Type="String">2023-12-07 16:16:29.867095</Data></Cell>
   </Row>
   <Row>
    <Cell><Data ss:Type="String">2674</Data></Cell>
    <Cell><Data ss:Type="Number">0.28999999999999998</Data></Cell>
    <Cell><Data ss:Type="Number">-10.08</Data></Cell>
    <Cell><Data ss:Type="Number">0.14000000000000001</Data></Cell>
    <Cell><Data ss:Type="Number">-9.48</Data></Cell>
    <Cell><Data ss:Type="Number">-0.06</Data></Cell>
    <Cell><Data ss:Type="Number">-0.88</Data></Cell>
    <Cell><Data ss:Type="Number">22.7</Data></Cell>
    <Cell><Data ss:Type="Number">39.200000000000003</Data></Cell>
    <Cell><Data ss:Type="Number">0</Data></Cell>
    <Cell><Data ss:Type="Number">0</Data></Cell>
    <Cell><Data ss:Type="String">2023-12-07 16:16:29.865485</Data></Cell>
   </Row>
   <Row>
    <Cell><Data ss:Type="String">2673</Data></Cell>
    <Cell><Data ss:Type="Number">0.31</Data></Cell>
    <Cell><Data ss:Type="Number">-10</Data></Cell>
    <Cell><Data ss:Type="Number">0.17</Data></Cell>
    <Cell><Data ss:Type="Number">-9.41</Data></Cell>
    <Cell><Data ss:Type="Number">-0.08</Data></Cell>
    <Cell><Data ss:Type="Number">-0.93</Data></Cell>
    <Cell><Data ss:Type="Number">22.7</Data></Cell>
    <Cell><Data ss:Type="Number">39.200000000000003</Data></Cell>
    <Cell><Data ss:Type="Number">0</Data></Cell>
    <Cell><Data ss:Type="Number">0</Data></Cell>
    <Cell><Data ss:Type="String">2023-12-07 16:16:29.864116</Data></Cell>
   </Row>
   <Row>
    <Cell><Data ss:Type="String">2672</Data></Cell>
    <Cell><Data ss:Type="Number">0.21</Data></Cell>
    <Cell><Data ss:Type="Number">-9.93</Data></Cell>
    <Cell><Data ss:Type="Number">0.13</Data></Cell>
    <Cell><Data ss:Type="Number">-9.44</Data></Cell>
    <Cell><Data ss:Type="Number">-7.0000000000000007E-2</Data></Cell>
    <Cell><Data ss:Type="Number">-0.92</Data></Cell>
    <Cell><Data ss:Type="Number">22.7</Data></Cell>
    <Cell><Data ss:Type="Number">39.200000000000003</Data></Cell>
    <Cell><Data ss:Type="Number">0</Data></Cell>
    <Cell><Data ss:Type="Number">0</Data></Cell>
    <Cell><Data ss:Type="String">2023-12-07 16:16:29.862583</Data></Cell>
   </Row>
   <Row>
    <Cell><Data ss:Type="String">2671</Data></Cell>
    <Cell><Data ss:Type="Number">0.34</Data></Cell>
    <Cell><Data ss:Type="Number">-10.16</Data></Cell>
    <Cell><Data ss:Type="Number">0.16</Data></Cell>
    <Cell><Data ss:Type="Number">-9.51</Data></Cell>
    <Cell><Data ss:Type="Number">-0.08</Data></Cell>
    <Cell><Data ss:Type="Number">-0.92</Data></Cell>
    <Cell><Data ss:Type="Number">22.7</Data></Cell>
    <Cell><Data ss:Type="Number">39.200000000000003</Data></Cell>
    <Cell><Data ss:Type="Number">0</Data></Cell>
    <Cell><Data ss:Type="Number">0</Data></Cell>
    <Cell><Data ss:Type="String">2023-12-07 16:16:29.860817</Data></Cell>
   </Row>
   <Row>
    <Cell><Data ss:Type="String">2670</Data></Cell>
    <Cell><Data ss:Type="Number">0.26</Data></Cell>
    <Cell><Data ss:Type="Number">-10.24</Data></Cell>
    <Cell><Data ss:Type="Number">0.19</Data></Cell>
    <Cell><Data ss:Type="Number">-9.57</Data></Cell>
    <Cell><Data ss:Type="Number">-0.09</Data></Cell>
    <Cell><Data ss:Type="Number">-0.89</Data></Cell>
    <Cell><Data ss:Type="Number">22.7</Data></Cell>
    <Cell><Data ss:Type="Number">39.200000000000003</Data></Cell>
    <Cell><Data ss:Type="Number">0</Data></Cell>
    <Cell><Data ss:Type="Number">0</Data></Cell>
    <Cell><Data ss:Type="String">2023-12-07 16:16:29.640803</Data></Cell>
   </Row>
   <Row>
    <Cell><Data ss:Type="String">2669</Data></Cell>
    <Cell><Data ss:Type="Number">0.28999999999999998</Data></Cell>
    <Cell><Data ss:Type="Number">-10.02</Data></Cell>
    <Cell><Data ss:Type="Number">-0.17</Data></Cell>
    <Cell><Data ss:Type="Number">-9.4600000000000009</Data></Cell>
    <Cell><Data ss:Type="Number">-0.06</Data></Cell>
    <Cell><Data ss:Type="Number">-0.91</Data></Cell>
    <Cell><Data ss:Type="Number">22.7</Data></Cell>
    <Cell><Data ss:Type="Number">39.200000000000003</Data></Cell>
    <Cell><Data ss:Type="Number">0</Data></Cell>
    <Cell><Data ss:Type="Number">0</Data></Cell>
    <Cell><Data ss:Type="String">2023-12-07 16:16:29.638255</Data></Cell>
   </Row>
   <Row>
    <Cell><Data ss:Type="String">2668</Data></Cell>
    <Cell><Data ss:Type="Number">0.3</Data></Cell>
    <Cell><Data ss:Type="Number">-9.98</Data></Cell>
    <Cell><Data ss:Type="Number">0.16</Data></Cell>
    <Cell><Data ss:Type="Number">-9.41</Data></Cell>
    <Cell><Data ss:Type="Number">-0.06</Data></Cell>
    <Cell><Data ss:Type="Number">-0.9</Data></Cell>
    <Cell><Data ss:Type="Number">22.7</Data></Cell>
    <Cell><Data ss:Type="Number">39.200000000000003</Data></Cell>
    <Cell><Data ss:Type="Number">0</Data></Cell>
    <Cell><Data ss:Type="Number">0</Data></Cell>
    <Cell><Data ss:Type="String">2023-12-07 16:16:29.635163</Data></Cell>
   </Row>
   <Row>
    <Cell><Data ss:Type="String">2667</Data></Cell>
    <Cell><Data ss:Type="Number">0.35</Data></Cell>
    <Cell><Data ss:Type="Number">-9.89</Data></Cell>
    <Cell><Data ss:Type="Number">0.09</Data></Cell>
    <Cell><Data ss:Type="Number">-9.4499999999999993</Data></Cell>
    <Cell><Data ss:Type="Number">-0.06</Data></Cell>
    <Cell><Data ss:Type="Number">-0.94</Data></Cell>
    <Cell><Data ss:Type="Number">22.7</Data></Cell>
    <Cell><Data ss:Type="Number">39.200000000000003</Data></Cell>
    <Cell><Data ss:Type="Number">0</Data></Cell>
    <Cell><Data ss:Type="Number">0</Data></Cell>
    <Cell><Data ss:Type="String">2023-12-07 16:16:29.633160</Data></Cell>
   </Row>
   <Row>
    <Cell><Data ss:Type="String">2666</Data></Cell>
    <Cell><Data ss:Type="Number">0.3</Data></Cell>
    <Cell><Data ss:Type="Number">-10.039999999999999</Data></Cell>
    <Cell><Data ss:Type="Number">0.11</Data></Cell>
    <Cell><Data ss:Type="Number">-9.5399999999999991</Data></Cell>
    <Cell><Data ss:Type="Number">-0.08</Data></Cell>
    <Cell><Data ss:Type="Number">-0.89</Data></Cell>
    <Cell><Data ss:Type="Number">22.7</Data></Cell>
    <Cell><Data ss:Type="Number">39.200000000000003</Data></Cell>
    <Cell><Data ss:Type="Number">0</Data></Cell>
    <Cell><Data ss:Type="Number">0</Data></Cell>
    <Cell><Data ss:Type="String">2023-12-07 16:16:29.631719</Data></Cell>
   </Row>
   <Row>
    <Cell><Data ss:Type="String">2665</Data></Cell>
    <Cell><Data ss:Type="Number">0.28999999999999998</Data></Cell>
    <Cell><Data ss:Type="Number">-10.26</Data></Cell>
    <Cell><Data ss:Type="Number">0.18</Data></Cell>
    <Cell><Data ss:Type="Number">-9.52</Data></Cell>
    <Cell><Data ss:Type="Number">-0.08</Data></Cell>
    <Cell><Data ss:Type="Number">-0.92</Data></Cell>
    <Cell><Data ss:Type="Number">22.7</Data></Cell>
    <Cell><Data ss:Type="Number">39.200000000000003</Data></Cell>
    <Cell><Data ss:Type="Number">0</Data></Cell>
    <Cell><Data ss:Type="Number">0</Data></Cell>
    <Cell><Data ss:Type="String">2023-12-07 16:16:29.630018</Data></Cell>
   </Row>
   <Row>
    <Cell><Data ss:Type="String">2664</Data></Cell>
    <Cell><Data ss:Type="Number">0.27</Data></Cell>
    <Cell><Data ss:Type="Number">-10.19</Data></Cell>
    <Cell><Data ss:Type="Number">7.0000000000000007E-2</Data></Cell>
    <Cell><Data ss:Type="Number">-9.4499999999999993</Data></Cell>
    <Cell><Data ss:Type="Number">-0.06</Data></Cell>
    <Cell><Data ss:Type="Number">-0.89</Data></Cell>
    <Cell><Data ss:Type="Number">22.7</Data></Cell>
    <Cell><Data ss:Type="Number">39.200000000000003</Data></Cell>
    <Cell><Data ss:Type="Number">0</Data></Cell>
    <Cell><Data ss:Type="Number">0</Data></Cell>
    <Cell><Data ss:Type="String">2023-12-07 16:16:29.425327</Data></Cell>
   </Row>
   <Row>
    <Cell><Data ss:Type="String">2663</Data></Cell>
    <Cell><Data ss:Type="Number">0.25</Data></Cell>
    <Cell><Data ss:Type="Number">-9.91</Data></Cell>
    <Cell><Data ss:Type="Number">0.14000000000000001</Data></Cell>
    <Cell><Data ss:Type="Number">-9.4</Data></Cell>
    <Cell><Data ss:Type="Number">-7.0000000000000007E-2</Data></Cell>
    <Cell><Data ss:Type="Number">-0.92</Data></Cell>
    <Cell><Data ss:Type="Number">22.7</Data></Cell>
    <Cell><Data ss:Type="Number">39.200000000000003</Data></Cell>
    <Cell><Data ss:Type="Number">0</Data></Cell>
    <Cell><Data ss:Type="Number">0</Data></Cell>
    <Cell><Data ss:Type="String">2023-12-07 16:16:29.423807</Data></Cell>
   </Row>
   <Row>
    <Cell><Data ss:Type="String">2662</Data></Cell>
    <Cell><Data ss:Type="Number">0.28999999999999998</Data></Cell>
    <Cell><Data ss:Type="Number">-9.93</Data></Cell>
    <Cell><Data ss:Type="Number">0.21</Data></Cell>
    <Cell><Data ss:Type="Number">-9.52</Data></Cell>
    <Cell><Data ss:Type="Number">-0.08</Data></Cell>
    <Cell><Data ss:Type="Number">-0.92</Data></Cell>
    <Cell><Data ss:Type="Number">22.7</Data></Cell>
    <Cell><Data ss:Type="Number">39.200000000000003</Data></Cell>
    <Cell><Data ss:Type="Number">0</Data></Cell>
    <Cell><Data ss:Type="Number">0</Data></Cell>
    <Cell><Data ss:Type="String">2023-12-07 16:16:29.376707</Data></Cell>
   </Row>
   <Row>
    <Cell><Data ss:Type="String">2661</Data></Cell>
    <Cell><Data ss:Type="Number">0.27</Data></Cell>
    <Cell><Data ss:Type="Number">-10.220000000000001</Data></Cell>
    <Cell><Data ss:Type="Number">0.15</Data></Cell>
    <Cell><Data ss:Type="Number">-9.5299999999999994</Data></Cell>
    <Cell><Data ss:Type="Number">-0.06</Data></Cell>
    <Cell><Data ss:Type="Number">-0.87</Data></Cell>
    <Cell><Data ss:Type="Number">22.7</Data></Cell>
    <Cell><Data ss:Type="Number">39.200000000000003</Data></Cell>
    <Cell><Data ss:Type="Number">0</Data></Cell>
    <Cell><Data ss:Type="Number">0</Data></Cell>
    <Cell><Data ss:Type="String">2023-12-07 16:16:29.330126</Data></Cell>
   </Row>
   <Row>
    <Cell><Data ss:Type="String">2660</Data></Cell>
    <Cell><Data ss:Type="Number">0.31</Data></Cell>
    <Cell><Data ss:Type="Number">-10.26</Data></Cell>
    <Cell><Data ss:Type="Number">0.21</Data></Cell>
    <Cell><Data ss:Type="Number">-9.5500000000000007</Data></Cell>
    <Cell><Data ss:Type="Number">-0.1</Data></Cell>
    <Cell><Data ss:Type="Number">-0.9</Data></Cell>
    <Cell><Data ss:Type="Number">22.7</Data></Cell>
    <Cell><Data ss:Type="Number">39.200000000000003</Data></Cell>
    <Cell><Data ss:Type="Number">0</Data></Cell>
    <Cell><Data ss:Type="Number">0</Data></Cell>
    <Cell><Data ss:Type="String">2023-12-07 16:16:29.285308</Data></Cell>
   </Row>
   <Row>
    <Cell><Data ss:Type="String">2659</Data></Cell>
    <Cell><Data ss:Type="Number">0.27</Data></Cell>
    <Cell><Data ss:Type="Number">-10.08</Data></Cell>
    <Cell><Data ss:Type="Number">7.0000000000000007E-2</Data></Cell>
    <Cell><Data ss:Type="Number">-9.4</Data></Cell>
    <Cell><Data ss:Type="Number">-7.0000000000000007E-2</Data></Cell>
    <Cell><Data ss:Type="Number">-0.94</Data></Cell>
    <Cell><Data ss:Type="Number">22.7</Data></Cell>
    <Cell><Data ss:Type="Number">39.200000000000003</Data></Cell>
    <Cell><Data ss:Type="Number">0</Data></Cell>
    <Cell><Data ss:Type="Number">0</Data></Cell>
    <Cell><Data ss:Type="String">2023-12-07 16:16:29.283630</Data></Cell>
   </Row>
   <Row>
    <Cell><Data ss:Type="String">2658</Data></Cell>
    <Cell><Data ss:Type="Number">0.43</Data></Cell>
    <Cell><Data ss:Type="Number">-9.91</Data></Cell>
    <Cell><Data ss:Type="Number">0.17</Data></Cell>
    <Cell><Data ss:Type="Number">-9.4700000000000006</Data></Cell>
    <Cell><Data ss:Type="Number">-0.08</Data></Cell>
    <Cell><Data ss:Type="Number">-0.9</Data></Cell>
    <Cell><Data ss:Type="Number">22.7</Data></Cell>
    <Cell><Data ss:Type="Number">39.200000000000003</Data></Cell>
    <Cell><Data ss:Type="Number">0</Data></Cell>
    <Cell><Data ss:Type="Number">0</Data></Cell>
    <Cell><Data ss:Type="String">2023-12-07 16:16:29.239802</Data></Cell>
   </Row>
   <Row>
    <Cell><Data ss:Type="String">2657</Data></Cell>
    <Cell><Data ss:Type="Number">0.27</Data></Cell>
    <Cell><Data ss:Type="Number">-10.220000000000001</Data></Cell>
    <Cell><Data ss:Type="Number">0.2</Data></Cell>
    <Cell><Data ss:Type="Number">-9.57</Data></Cell>
    <Cell><Data ss:Type="Number">-0.08</Data></Cell>
    <Cell><Data ss:Type="Number">-0.88</Data></Cell>
    <Cell><Data ss:Type="Number">22.7</Data></Cell>
    <Cell><Data ss:Type="Number">39.200000000000003</Data></Cell>
    <Cell><Data ss:Type="Number">0</Data></Cell>
    <Cell><Data ss:Type="Number">0</Data></Cell>
    <Cell><Data ss:Type="String">2023-12-07 16:16:29.192245</Data></Cell>
   </Row>
   <Row>
    <Cell><Data ss:Type="String">2656</Data></Cell>
    <Cell><Data ss:Type="Number">0.27</Data></Cell>
    <Cell><Data ss:Type="Number">-10.23</Data></Cell>
    <Cell><Data ss:Type="Number">0.18</Data></Cell>
    <Cell><Data ss:Type="Number">-9.52</Data></Cell>
    <Cell><Data ss:Type="Number">-7.0000000000000007E-2</Data></Cell>
    <Cell><Data ss:Type="Number">-0.89</Data></Cell>
    <Cell><Data ss:Type="Number">22.7</Data></Cell>
    <Cell><Data ss:Type="Number">39.200000000000003</Data></Cell>
    <Cell><Data ss:Type="Number">0</Data></Cell>
    <Cell><Data ss:Type="Number">0</Data></Cell>
    <Cell><Data ss:Type="String">2023-12-07 16:16:29.148352</Data></Cell>
   </Row>
   <Row>
    <Cell><Data ss:Type="String">2655</Data></Cell>
    <Cell><Data ss:Type="Number">0.28999999999999998</Data></Cell>
    <Cell><Data ss:Type="Number">-10.199999999999999</Data></Cell>
    <Cell><Data ss:Type="Number">0.15</Data></Cell>
    <Cell><Data ss:Type="Number">-9.4499999999999993</Data></Cell>
    <Cell><Data ss:Type="Number">-0.1</Data></Cell>
    <Cell><Data ss:Type="Number">-0.91</Data></Cell>
    <Cell><Data ss:Type="Number">22.7</Data></Cell>
    <Cell><Data ss:Type="Number">39.200000000000003</Data></Cell>
    <Cell><Data ss:Type="Number">0</Data></Cell>
    <Cell><Data ss:Type="Number">0</Data></Cell>
    <Cell><Data ss:Type="String">2023-12-07 16:16:29.146801</Data></Cell>
   </Row>
   <Row>
    <Cell><Data ss:Type="String">2654</Data></Cell>
    <Cell><Data ss:Type="Number">0.23</Data></Cell>
    <Cell><Data ss:Type="Number">-9.89</Data></Cell>
    <Cell><Data ss:Type="Number">0.17</Data></Cell>
    <Cell><Data ss:Type="Number">-9.39</Data></Cell>
    <Cell><Data ss:Type="Number">-0.05</Data></Cell>
    <Cell><Data ss:Type="Number">-0.9</Data></Cell>
    <Cell><Data ss:Type="Number">22.7</Data></Cell>
    <Cell><Data ss:Type="Number">39.200000000000003</Data></Cell>
    <Cell><Data ss:Type="Number">0</Data></Cell>
    <Cell><Data ss:Type="Number">0</Data></Cell>
    <Cell><Data ss:Type="String">2023-12-07 16:16:29.101563</Data></Cell>
   </Row>
   <Row>
    <Cell><Data ss:Type="String">2653</Data></Cell>
    <Cell><Data ss:Type="Number">0.31</Data></Cell>
    <Cell><Data ss:Type="Number">-9.93</Data></Cell>
    <Cell><Data ss:Type="Number">0.15</Data></Cell>
    <Cell><Data ss:Type="Number">-9.43</Data></Cell>
    <Cell><Data ss:Type="Number">-0.1</Data></Cell>
    <Cell><Data ss:Type="Number">-0.92</Data></Cell>
    <Cell><Data ss:Type="Number">22.7</Data></Cell>
    <Cell><Data ss:Type="Number">39.200000000000003</Data></Cell>
    <Cell><Data ss:Type="Number">0</Data></Cell>
    <Cell><Data ss:Type="Number">0</Data></Cell>
    <Cell><Data ss:Type="String">2023-12-07 16:16:29.057848</Data></Cell>
   </Row>
   <Row>
    <Cell><Data ss:Type="String">2652</Data></Cell>
    <Cell><Data ss:Type="Number">0.28000000000000003</Data></Cell>
    <Cell><Data ss:Type="Number">-10.119999999999999</Data></Cell>
    <Cell><Data ss:Type="Number">0.16</Data></Cell>
    <Cell><Data ss:Type="Number">-9.5299999999999994</Data></Cell>
    <Cell><Data ss:Type="Number">-0.06</Data></Cell>
    <Cell><Data ss:Type="Number">-0.89</Data></Cell>
    <Cell><Data ss:Type="Number">22.7</Data></Cell>
    <Cell><Data ss:Type="Number">39.200000000000003</Data></Cell>
    <Cell><Data ss:Type="Number">0</Data></Cell>
    <Cell><Data ss:Type="Number">0</Data></Cell>
    <Cell><Data ss:Type="String">2023-12-07 16:16:29.055822</Data></Cell>
   </Row>
   <Row>
    <Cell><Data ss:Type="String">2651</Data></Cell>
    <Cell><Data ss:Type="Number">0.39</Data></Cell>
    <Cell><Data ss:Type="Number">-10.15</Data></Cell>
    <Cell><Data ss:Type="Number">0.14000000000000001</Data></Cell>
    <Cell><Data ss:Type="Number">-9.51</Data></Cell>
    <Cell><Data ss:Type="Number">-0.05</Data></Cell>
    <Cell><Data ss:Type="Number">-0.91</Data></Cell>
    <Cell><Data ss:Type="Number">22.7</Data></Cell>
    <Cell><Data ss:Type="Number">39.200000000000003</Data></Cell>
    <Cell><Data ss:Type="Number">0</Data></Cell>
    <Cell><Data ss:Type="Number">0</Data></Cell>
    <Cell><Data ss:Type="String">2023-12-07 16:16:29.011557</Data></Cell>
   </Row>
   <Row>
    <Cell><Data ss:Type="String">2650</Data></Cell>
    <Cell><Data ss:Type="Number">0.32</Data></Cell>
    <Cell><Data ss:Type="Number">-9.9600000000000009</Data></Cell>
    <Cell><Data ss:Type="Number">0.25</Data></Cell>
    <Cell><Data ss:Type="Number">-9.4499999999999993</Data></Cell>
    <Cell><Data ss:Type="Number">-0.09</Data></Cell>
    <Cell><Data ss:Type="Number">-0.92</Data></Cell>
    <Cell><Data ss:Type="Number">22.7</Data></Cell>
    <Cell><Data ss:Type="Number">39.200000000000003</Data></Cell>
    <Cell><Data ss:Type="Number">0</Data></Cell>
    <Cell><Data ss:Type="Number">0</Data></Cell>
    <Cell><Data ss:Type="String">2023-12-07 16:16:28.964131</Data></Cell>
   </Row>
   <Row>
    <Cell><Data ss:Type="String">2649</Data></Cell>
    <Cell><Data ss:Type="Number">0.27</Data></Cell>
    <Cell><Data ss:Type="Number">-9.9600000000000009</Data></Cell>
    <Cell><Data ss:Type="Number">0.15</Data></Cell>
    <Cell><Data ss:Type="Number">-9.42</Data></Cell>
    <Cell><Data ss:Type="Number">-0.05</Data></Cell>
    <Cell><Data ss:Type="Number">-0.94</Data></Cell>
    <Cell><Data ss:Type="Number">22.7</Data></Cell>
    <Cell><Data ss:Type="Number">39.200000000000003</Data></Cell>
    <Cell><Data ss:Type="Number">0</Data></Cell>
    <Cell><Data ss:Type="Number">0</Data></Cell>
    <Cell><Data ss:Type="String">2023-12-07 16:16:28.920984</Data></Cell>
   </Row>
   <Row>
    <Cell><Data ss:Type="String">2648</Data></Cell>
    <Cell><Data ss:Type="Number">0.31</Data></Cell>
    <Cell><Data ss:Type="Number">-10.09</Data></Cell>
    <Cell><Data ss:Type="Number">0.19</Data></Cell>
    <Cell><Data ss:Type="Number">-9.5399999999999991</Data></Cell>
    <Cell><Data ss:Type="Number">-0.09</Data></Cell>
    <Cell><Data ss:Type="Number">-0.91</Data></Cell>
    <Cell><Data ss:Type="Number">22.7</Data></Cell>
    <Cell><Data ss:Type="Number">39.200000000000003</Data></Cell>
    <Cell><Data ss:Type="Number">0</Data></Cell>
    <Cell><Data ss:Type="Number">0</Data></Cell>
    <Cell><Data ss:Type="String">2023-12-07 16:16:28.918468</Data></Cell>
   </Row>
   <Row>
    <Cell><Data ss:Type="String">2647</Data></Cell>
    <Cell><Data ss:Type="Number">0.3</Data></Cell>
    <Cell><Data ss:Type="Number">-10.23</Data></Cell>
    <Cell><Data ss:Type="Number">0.21</Data></Cell>
    <Cell><Data ss:Type="Number">-9.52</Data></Cell>
    <Cell><Data ss:Type="Number">-0.06</Data></Cell>
    <Cell><Data ss:Type="Number">-0.89</Data></Cell>
    <Cell><Data ss:Type="Number">22.7</Data></Cell>
    <Cell><Data ss:Type="Number">39.200000000000003</Data></Cell>
    <Cell><Data ss:Type="Number">0</Data></Cell>
    <Cell><Data ss:Type="Number">0</Data></Cell>
    <Cell><Data ss:Type="String">2023-12-07 16:16:28.871613</Data></Cell>
   </Row>
   <Row>
    <Cell><Data ss:Type="String">2646</Data></Cell>
    <Cell><Data ss:Type="Number">0.28000000000000003</Data></Cell>
    <Cell><Data ss:Type="Number">-10.119999999999999</Data></Cell>
    <Cell><Data ss:Type="Number">0.16</Data></Cell>
    <Cell><Data ss:Type="Number">-9.4499999999999993</Data></Cell>
    <Cell><Data ss:Type="Number">-7.0000000000000007E-2</Data></Cell>
    <Cell><Data ss:Type="Number">-0.88</Data></Cell>
    <Cell><Data ss:Type="Number">22.7</Data></Cell>
    <Cell><Data ss:Type="Number">39.200000000000003</Data></Cell>
    <Cell><Data ss:Type="Number">0</Data></Cell>
    <Cell><Data ss:Type="Number">0</Data></Cell>
    <Cell><Data ss:Type="String">2023-12-07 16:16:28.825406</Data></Cell>
   </Row>
   <Row>
    <Cell><Data ss:Type="String">2645</Data></Cell>
    <Cell><Data ss:Type="Number">0.32</Data></Cell>
    <Cell><Data ss:Type="Number">-9.9700000000000006</Data></Cell>
    <Cell><Data ss:Type="Number">0.33</Data></Cell>
    <Cell><Data ss:Type="Number">-9.4</Data></Cell>
    <Cell><Data ss:Type="Number">-0.08</Data></Cell>
    <Cell><Data ss:Type="Number">-0.91</Data></Cell>
    <Cell><Data ss:Type="Number">22.7</Data></Cell>
    <Cell><Data ss:Type="Number">39.200000000000003</Data></Cell>
    <Cell><Data ss:Type="Number">0</Data></Cell>
    <Cell><Data ss:Type="Number">0</Data></Cell>
    <Cell><Data ss:Type="String">2023-12-07 16:16:28.781435</Data></Cell>
   </Row>
   <Row>
    <Cell><Data ss:Type="String">2644</Data></Cell>
    <Cell><Data ss:Type="Number">0.26</Data></Cell>
    <Cell><Data ss:Type="Number">-9.99</Data></Cell>
    <Cell><Data ss:Type="Number">0.14000000000000001</Data></Cell>
    <Cell><Data ss:Type="Number">-9.5</Data></Cell>
    <Cell><Data ss:Type="Number">-0.08</Data></Cell>
    <Cell><Data ss:Type="Number">-0.91</Data></Cell>
    <Cell><Data ss:Type="Number">22.7</Data></Cell>
    <Cell><Data ss:Type="Number">39.200000000000003</Data></Cell>
    <Cell><Data ss:Type="Number">0</Data></Cell>
    <Cell><Data ss:Type="Number">0</Data></Cell>
    <Cell><Data ss:Type="String">2023-12-07 16:16:28.779964</Data></Cell>
   </Row>
   <Row>
    <Cell><Data ss:Type="String">2643</Data></Cell>
    <Cell><Data ss:Type="Number">0.24</Data></Cell>
    <Cell><Data ss:Type="Number">-9.9</Data></Cell>
    <Cell><Data ss:Type="Number">0.12</Data></Cell>
    <Cell><Data ss:Type="Number">-9.44</Data></Cell>
    <Cell><Data ss:Type="Number">-7.0000000000000007E-2</Data></Cell>
    <Cell><Data ss:Type="Number">-0.92</Data></Cell>
    <Cell><Data ss:Type="Number">22.7</Data></Cell>
    <Cell><Data ss:Type="Number">39.200000000000003</Data></Cell>
    <Cell><Data ss:Type="Number">0</Data></Cell>
    <Cell><Data ss:Type="Number">0</Data></Cell>
    <Cell><Data ss:Type="String">2023-12-07 16:16:28.734300</Data></Cell>
   </Row>
   <Row>
    <Cell><Data ss:Type="String">2642</Data></Cell>
    <Cell><Data ss:Type="Number">0.3</Data></Cell>
    <Cell><Data ss:Type="Number">-10.210000000000001</Data></Cell>
    <Cell><Data ss:Type="Number">0.18</Data></Cell>
    <Cell><Data ss:Type="Number">-9.5500000000000007</Data></Cell>
    <Cell><Data ss:Type="Number">-7.0000000000000007E-2</Data></Cell>
    <Cell><Data ss:Type="Number">-0.85</Data></Cell>
    <Cell><Data ss:Type="Number">22.7</Data></Cell>
    <Cell><Data ss:Type="Number">39.200000000000003</Data></Cell>
    <Cell><Data ss:Type="Number">0</Data></Cell>
    <Cell><Data ss:Type="Number">0</Data></Cell>
    <Cell><Data ss:Type="String">2023-12-07 16:16:28.688417</Data></Cell>
   </Row>
   <Row>
    <Cell><Data ss:Type="String">2641</Data></Cell>
    <Cell><Data ss:Type="Number">0.22</Data></Cell>
    <Cell><Data ss:Type="Number">-10.28</Data></Cell>
    <Cell><Data ss:Type="Number">0.19</Data></Cell>
    <Cell><Data ss:Type="Number">-9.56</Data></Cell>
    <Cell><Data ss:Type="Number">-0.09</Data></Cell>
    <Cell><Data ss:Type="Number">-0.89</Data></Cell>
    <Cell><Data ss:Type="Number">22.7</Data></Cell>
    <Cell><Data ss:Type="Number">39.200000000000003</Data></Cell>
    <Cell><Data ss:Type="Number">0</Data></Cell>
    <Cell><Data ss:Type="Number">0</Data></Cell>
    <Cell><Data ss:Type="String">2023-12-07 16:16:28.645607</Data></Cell>
   </Row>
   <Row>
    <Cell><Data ss:Type="String">2640</Data></Cell>
    <Cell><Data ss:Type="Number">0.31</Data></Cell>
    <Cell><Data ss:Type="Number">-10.01</Data></Cell>
    <Cell><Data ss:Type="Number">0.17</Data></Cell>
    <Cell><Data ss:Type="Number">-9.43</Data></Cell>
    <Cell><Data ss:Type="Number">-0.06</Data></Cell>
    <Cell><Data ss:Type="Number">-0.92</Data></Cell>
    <Cell><Data ss:Type="Number">22.7</Data></Cell>
    <Cell><Data ss:Type="Number">39.200000000000003</Data></Cell>
    <Cell><Data ss:Type="Number">0</Data></Cell>
    <Cell><Data ss:Type="Number">0</Data></Cell>
    <Cell><Data ss:Type="String">2023-12-07 16:16:28.643863</Data></Cell>
   </Row>
   <Row>
    <Cell><Data ss:Type="String">2639</Data></Cell>
    <Cell><Data ss:Type="Number">0.27</Data></Cell>
    <Cell><Data ss:Type="Number">-9.9600000000000009</Data></Cell>
    <Cell><Data ss:Type="Number">0.15</Data></Cell>
    <Cell><Data ss:Type="Number">-9.42</Data></Cell>
    <Cell><Data ss:Type="Number">-7.0000000000000007E-2</Data></Cell>
    <Cell><Data ss:Type="Number">-0.93</Data></Cell>
    <Cell><Data ss:Type="Number">22.7</Data></Cell>
    <Cell><Data ss:Type="Number">39.200000000000003</Data></Cell>
    <Cell><Data ss:Type="Number">0</Data></Cell>
    <Cell><Data ss:Type="Number">0</Data></Cell>
    <Cell><Data ss:Type="String">2023-12-07 16:16:28.597092</Data></Cell>
   </Row>
   <Row>
    <Cell><Data ss:Type="String">2638</Data></Cell>
    <Cell><Data ss:Type="Number">0.36</Data></Cell>
    <Cell><Data ss:Type="Number">-9.92</Data></Cell>
    <Cell><Data ss:Type="Number">0.12</Data></Cell>
    <Cell><Data ss:Type="Number">-9.4499999999999993</Data></Cell>
    <Cell><Data ss:Type="Number">-0.06</Data></Cell>
    <Cell><Data ss:Type="Number">-0.91</Data></Cell>
    <Cell><Data ss:Type="Number">22.7</Data></Cell>
    <Cell><Data ss:Type="Number">39.200000000000003</Data></Cell>
    <Cell><Data ss:Type="Number">0</Data></Cell>
    <Cell><Data ss:Type="Number">0</Data></Cell>
    <Cell><Data ss:Type="String">2023-12-07 16:16:28.555175</Data></Cell>
   </Row>
   <Row>
    <Cell><Data ss:Type="String">2637</Data></Cell>
    <Cell><Data ss:Type="Number">0.25</Data></Cell>
    <Cell><Data ss:Type="Number">-10</Data></Cell>
    <Cell><Data ss:Type="Number">0.28000000000000003</Data></Cell>
    <Cell><Data ss:Type="Number">-9.52</Data></Cell>
    <Cell><Data ss:Type="Number">-0.08</Data></Cell>
    <Cell><Data ss:Type="Number">-0.92</Data></Cell>
    <Cell><Data ss:Type="Number">22.7</Data></Cell>
    <Cell><Data ss:Type="Number">39.200000000000003</Data></Cell>
    <Cell><Data ss:Type="Number">0</Data></Cell>
    <Cell><Data ss:Type="Number">0</Data></Cell>
    <Cell><Data ss:Type="String">2023-12-07 16:16:28.509481</Data></Cell>
   </Row>
   <Row>
    <Cell><Data ss:Type="String">2636</Data></Cell>
    <Cell><Data ss:Type="Number">0.27</Data></Cell>
    <Cell><Data ss:Type="Number">-10.27</Data></Cell>
    <Cell><Data ss:Type="Number">0.17</Data></Cell>
    <Cell><Data ss:Type="Number">-9.5399999999999991</Data></Cell>
    <Cell><Data ss:Type="Number">-0.08</Data></Cell>
    <Cell><Data ss:Type="Number">-0.89</Data></Cell>
    <Cell><Data ss:Type="Number">22.7</Data></Cell>
    <Cell><Data ss:Type="Number">39.200000000000003</Data></Cell>
    <Cell><Data ss:Type="Number">0</Data></Cell>
    <Cell><Data ss:Type="Number">0</Data></Cell>
    <Cell><Data ss:Type="String">2023-12-07 16:16:28.507010</Data></Cell>
   </Row>
   <Row>
    <Cell><Data ss:Type="String">2635</Data></Cell>
    <Cell><Data ss:Type="Number">0.31</Data></Cell>
    <Cell><Data ss:Type="Number">-10.08</Data></Cell>
    <Cell><Data ss:Type="Number">0.18</Data></Cell>
    <Cell><Data ss:Type="Number">-9.4499999999999993</Data></Cell>
    <Cell><Data ss:Type="Number">-0.06</Data></Cell>
    <Cell><Data ss:Type="Number">-0.92</Data></Cell>
    <Cell><Data ss:Type="Number">22.7</Data></Cell>
    <Cell><Data ss:Type="Number">39.200000000000003</Data></Cell>
    <Cell><Data ss:Type="Number">0</Data></Cell>
    <Cell><Data ss:Type="Number">0</Data></Cell>
    <Cell><Data ss:Type="String">2023-12-07 16:16:28.459220</Data></Cell>
   </Row>
   <Row>
    <Cell><Data ss:Type="String">2634</Data></Cell>
    <Cell><Data ss:Type="Number">0.31</Data></Cell>
    <Cell><Data ss:Type="Number">-9.9600000000000009</Data></Cell>
    <Cell><Data ss:Type="Number">0.09</Data></Cell>
    <Cell><Data ss:Type="Number">-9.42</Data></Cell>
    <Cell><Data ss:Type="Number">-7.0000000000000007E-2</Data></Cell>
    <Cell><Data ss:Type="Number">-0.94</Data></Cell>
    <Cell><Data ss:Type="Number">22.7</Data></Cell>
    <Cell><Data ss:Type="Number">39.200000000000003</Data></Cell>
    <Cell><Data ss:Type="Number">0</Data></Cell>
    <Cell><Data ss:Type="Number">0</Data></Cell>
    <Cell><Data ss:Type="String">2023-12-07 16:16:28.413528</Data></Cell>
   </Row>
   <Row>
    <Cell><Data ss:Type="String">2633</Data></Cell>
    <Cell><Data ss:Type="Number">0.27</Data></Cell>
    <Cell><Data ss:Type="Number">-9.98</Data></Cell>
    <Cell><Data ss:Type="Number">0.15</Data></Cell>
    <Cell><Data ss:Type="Number">-9.5</Data></Cell>
    <Cell><Data ss:Type="Number">-0.08</Data></Cell>
    <Cell><Data ss:Type="Number">-0.91</Data></Cell>
    <Cell><Data ss:Type="Number">22.7</Data></Cell>
    <Cell><Data ss:Type="Number">39.200000000000003</Data></Cell>
    <Cell><Data ss:Type="Number">0</Data></Cell>
    <Cell><Data ss:Type="Number">0</Data></Cell>
    <Cell><Data ss:Type="String">2023-12-07 16:16:28.411895</Data></Cell>
   </Row>
   <Row>
    <Cell><Data ss:Type="String">2632</Data></Cell>
    <Cell><Data ss:Type="Number">0.31</Data></Cell>
    <Cell><Data ss:Type="Number">-10.09</Data></Cell>
    <Cell><Data ss:Type="Number">0.15</Data></Cell>
    <Cell><Data ss:Type="Number">-9.5500000000000007</Data></Cell>
    <Cell><Data ss:Type="Number">-0.06</Data></Cell>
    <Cell><Data ss:Type="Number">-0.92</Data></Cell>
    <Cell><Data ss:Type="Number">22.7</Data></Cell>
    <Cell><Data ss:Type="Number">39.200000000000003</Data></Cell>
    <Cell><Data ss:Type="Number">0</Data></Cell>
    <Cell><Data ss:Type="Number">0</Data></Cell>
    <Cell><Data ss:Type="String">2023-12-07 16:16:28.410176</Data></Cell>
   </Row>
   <Row>
    <Cell><Data ss:Type="String">2631</Data></Cell>
    <Cell><Data ss:Type="Number">0.25</Data></Cell>
    <Cell><Data ss:Type="Number">-10.220000000000001</Data></Cell>
    <Cell><Data ss:Type="Number">0.17</Data></Cell>
    <Cell><Data ss:Type="Number">-9.58</Data></Cell>
    <Cell><Data ss:Type="Number">-0.09</Data></Cell>
    <Cell><Data ss:Type="Number">-0.89</Data></Cell>
    <Cell><Data ss:Type="Number">22.7</Data></Cell>
    <Cell><Data ss:Type="Number">39.200000000000003</Data></Cell>
    <Cell><Data ss:Type="Number">0</Data></Cell>
    <Cell><Data ss:Type="Number">0</Data></Cell>
    <Cell><Data ss:Type="String">2023-12-07 16:16:28.408505</Data></Cell>
   </Row>
   <Row>
    <Cell><Data ss:Type="String">2630</Data></Cell>
    <Cell><Data ss:Type="Number">0.26</Data></Cell>
    <Cell><Data ss:Type="Number">-10.029999999999999</Data></Cell>
    <Cell><Data ss:Type="Number">0.18</Data></Cell>
    <Cell><Data ss:Type="Number">-9.51</Data></Cell>
    <Cell><Data ss:Type="Number">-0.05</Data></Cell>
    <Cell><Data ss:Type="Number">-0.89</Data></Cell>
    <Cell><Data ss:Type="Number">22.7</Data></Cell>
    <Cell><Data ss:Type="Number">39.200000000000003</Data></Cell>
    <Cell><Data ss:Type="Number">0</Data></Cell>
    <Cell><Data ss:Type="Number">0</Data></Cell>
    <Cell><Data ss:Type="String">2023-12-07 16:16:28.406863</Data></Cell>
   </Row>
   <Row>
    <Cell><Data ss:Type="String">2629</Data></Cell>
    <Cell><Data ss:Type="Number">0.3</Data></Cell>
    <Cell><Data ss:Type="Number">-9.9700000000000006</Data></Cell>
    <Cell><Data ss:Type="Number">0.17</Data></Cell>
    <Cell><Data ss:Type="Number">-9.4</Data></Cell>
    <Cell><Data ss:Type="Number">-0.09</Data></Cell>
    <Cell><Data ss:Type="Number">-0.92</Data></Cell>
    <Cell><Data ss:Type="Number">22.7</Data></Cell>
    <Cell><Data ss:Type="Number">39.200000000000003</Data></Cell>
    <Cell><Data ss:Type="Number">0</Data></Cell>
    <Cell><Data ss:Type="Number">0</Data></Cell>
    <Cell><Data ss:Type="String">2023-12-07 16:16:28.404452</Data></Cell>
   </Row>
   <Row>
    <Cell><Data ss:Type="String">2628</Data></Cell>
    <Cell><Data ss:Type="Number">0.25</Data></Cell>
    <Cell><Data ss:Type="Number">-9.8699999999999992</Data></Cell>
    <Cell><Data ss:Type="Number">0.15</Data></Cell>
    <Cell><Data ss:Type="Number">-9.4499999999999993</Data></Cell>
    <Cell><Data ss:Type="Number">-0.06</Data></Cell>
    <Cell><Data ss:Type="Number">-0.91</Data></Cell>
    <Cell><Data ss:Type="Number">22.7</Data></Cell>
    <Cell><Data ss:Type="Number">39.200000000000003</Data></Cell>
    <Cell><Data ss:Type="Number">0</Data></Cell>
    <Cell><Data ss:Type="Number">0</Data></Cell>
    <Cell><Data ss:Type="String">2023-12-07 16:16:28.401899</Data></Cell>
   </Row>
   <Row>
    <Cell><Data ss:Type="String">2627</Data></Cell>
    <Cell><Data ss:Type="Number">0.32</Data></Cell>
    <Cell><Data ss:Type="Number">-10.220000000000001</Data></Cell>
    <Cell><Data ss:Type="Number">0.17</Data></Cell>
    <Cell><Data ss:Type="Number">-9.5500000000000007</Data></Cell>
    <Cell><Data ss:Type="Number">-0.09</Data></Cell>
    <Cell><Data ss:Type="Number">-0.9</Data></Cell>
    <Cell><Data ss:Type="Number">22.7</Data></Cell>
    <Cell><Data ss:Type="Number">39.200000000000003</Data></Cell>
    <Cell><Data ss:Type="Number">0</Data></Cell>
    <Cell><Data ss:Type="Number">0</Data></Cell>
    <Cell><Data ss:Type="String">2023-12-07 16:16:28.197958</Data></Cell>
   </Row>
   <Row>
    <Cell><Data ss:Type="String">2626</Data></Cell>
    <Cell><Data ss:Type="Number">0.27</Data></Cell>
    <Cell><Data ss:Type="Number">-10.28</Data></Cell>
    <Cell><Data ss:Type="Number">0.21</Data></Cell>
    <Cell><Data ss:Type="Number">-9.56</Data></Cell>
    <Cell><Data ss:Type="Number">-0.09</Data></Cell>
    <Cell><Data ss:Type="Number">-0.87</Data></Cell>
    <Cell><Data ss:Type="Number">22.7</Data></Cell>
    <Cell><Data ss:Type="Number">39.200000000000003</Data></Cell>
    <Cell><Data ss:Type="Number">0</Data></Cell>
    <Cell><Data ss:Type="Number">0</Data></Cell>
    <Cell><Data ss:Type="String">2023-12-07 16:16:28.196311</Data></Cell>
   </Row>
   <Row>
    <Cell><Data ss:Type="String">2625</Data></Cell>
    <Cell><Data ss:Type="Number">0.25</Data></Cell>
    <Cell><Data ss:Type="Number">-9.9600000000000009</Data></Cell>
    <Cell><Data ss:Type="Number">0.09</Data></Cell>
    <Cell><Data ss:Type="Number">-9.41</Data></Cell>
    <Cell><Data ss:Type="Number">-0.03</Data></Cell>
    <Cell><Data ss:Type="Number">-0.94</Data></Cell>
    <Cell><Data ss:Type="Number">22.7</Data></Cell>
    <Cell><Data ss:Type="Number">39.200000000000003</Data></Cell>
    <Cell><Data ss:Type="Number">0</Data></Cell>
    <Cell><Data ss:Type="Number">0</Data></Cell>
    <Cell><Data ss:Type="String">2023-12-07 16:16:28.138132</Data></Cell>
   </Row>
   <Row>
    <Cell><Data ss:Type="String">2624</Data></Cell>
    <Cell><Data ss:Type="Number">0.21</Data></Cell>
    <Cell><Data ss:Type="Number">-9.89</Data></Cell>
    <Cell><Data ss:Type="Number">-0.02</Data></Cell>
    <Cell><Data ss:Type="Number">-9.44</Data></Cell>
    <Cell><Data ss:Type="Number">-0.08</Data></Cell>
    <Cell><Data ss:Type="Number">-0.93</Data></Cell>
    <Cell><Data ss:Type="Number">22.7</Data></Cell>
    <Cell><Data ss:Type="Number">39.200000000000003</Data></Cell>
    <Cell><Data ss:Type="Number">0</Data></Cell>
    <Cell><Data ss:Type="Number">0</Data></Cell>
    <Cell><Data ss:Type="String">2023-12-07 16:16:28.093369</Data></Cell>
   </Row>
   <Row>
    <Cell><Data ss:Type="String">2623</Data></Cell>
    <Cell><Data ss:Type="Number">0.31</Data></Cell>
    <Cell><Data ss:Type="Number">-10.14</Data></Cell>
    <Cell><Data ss:Type="Number">0.18</Data></Cell>
    <Cell><Data ss:Type="Number">-9.51</Data></Cell>
    <Cell><Data ss:Type="Number">-7.0000000000000007E-2</Data></Cell>
    <Cell><Data ss:Type="Number">-0.9</Data></Cell>
    <Cell><Data ss:Type="Number">22.7</Data></Cell>
    <Cell><Data ss:Type="Number">39.200000000000003</Data></Cell>
    <Cell><Data ss:Type="Number">0</Data></Cell>
    <Cell><Data ss:Type="Number">0</Data></Cell>
    <Cell><Data ss:Type="String">2023-12-07 16:16:28.047185</Data></Cell>
   </Row>
   <Row>
    <Cell><Data ss:Type="String">2622</Data></Cell>
    <Cell><Data ss:Type="Number">0.41</Data></Cell>
    <Cell><Data ss:Type="Number">-10.27</Data></Cell>
    <Cell><Data ss:Type="Number">0.11</Data></Cell>
    <Cell><Data ss:Type="Number">-9.5399999999999991</Data></Cell>
    <Cell><Data ss:Type="Number">-7.0000000000000007E-2</Data></Cell>
    <Cell><Data ss:Type="Number">-0.93</Data></Cell>
    <Cell><Data ss:Type="Number">22.7</Data></Cell>
    <Cell><Data ss:Type="Number">39.200000000000003</Data></Cell>
    <Cell><Data ss:Type="Number">0</Data></Cell>
    <Cell><Data ss:Type="Number">0</Data></Cell>
    <Cell><Data ss:Type="String">2023-12-07 16:16:28.045505</Data></Cell>
   </Row>
   <Row>
    <Cell><Data ss:Type="String">2621</Data></Cell>
    <Cell><Data ss:Type="Number">0.27</Data></Cell>
    <Cell><Data ss:Type="Number">-10.029999999999999</Data></Cell>
    <Cell><Data ss:Type="Number">0.22</Data></Cell>
    <Cell><Data ss:Type="Number">-9.4499999999999993</Data></Cell>
    <Cell><Data ss:Type="Number">-0.09</Data></Cell>
    <Cell><Data ss:Type="Number">-0.86</Data></Cell>
    <Cell><Data ss:Type="Number">22.7</Data></Cell>
    <Cell><Data ss:Type="Number">39.200000000000003</Data></Cell>
    <Cell><Data ss:Type="Number">0</Data></Cell>
    <Cell><Data ss:Type="Number">0</Data></Cell>
    <Cell><Data ss:Type="String">2023-12-07 16:16:28.000513</Data></Cell>
   </Row>
   <Row>
    <Cell><Data ss:Type="String">2620</Data></Cell>
    <Cell><Data ss:Type="Number">0.28999999999999998</Data></Cell>
    <Cell><Data ss:Type="Number">-9.9499999999999993</Data></Cell>
    <Cell><Data ss:Type="Number">0.12</Data></Cell>
    <Cell><Data ss:Type="Number">-9.4</Data></Cell>
    <Cell><Data ss:Type="Number">-7.0000000000000007E-2</Data></Cell>
    <Cell><Data ss:Type="Number">-0.92</Data></Cell>
    <Cell><Data ss:Type="Number">22.7</Data></Cell>
    <Cell><Data ss:Type="Number">39.200000000000003</Data></Cell>
    <Cell><Data ss:Type="Number">0</Data></Cell>
    <Cell><Data ss:Type="Number">0</Data></Cell>
    <Cell><Data ss:Type="String">2023-12-07 16:16:27.953280</Data></Cell>
   </Row>
   <Row>
    <Cell><Data ss:Type="String">2619</Data></Cell>
    <Cell><Data ss:Type="Number">0.28000000000000003</Data></Cell>
    <Cell><Data ss:Type="Number">-9.85</Data></Cell>
    <Cell><Data ss:Type="Number">0.14000000000000001</Data></Cell>
    <Cell><Data ss:Type="Number">-9.49</Data></Cell>
    <Cell><Data ss:Type="Number">-0.08</Data></Cell>
    <Cell><Data ss:Type="Number">-0.91</Data></Cell>
    <Cell><Data ss:Type="Number">22.7</Data></Cell>
    <Cell><Data ss:Type="Number">39.200000000000003</Data></Cell>
    <Cell><Data ss:Type="Number">0</Data></Cell>
    <Cell><Data ss:Type="Number">0</Data></Cell>
    <Cell><Data ss:Type="String">2023-12-07 16:16:27.909302</Data></Cell>
   </Row>
   <Row>
    <Cell><Data ss:Type="String">2618</Data></Cell>
    <Cell><Data ss:Type="Number">0.28000000000000003</Data></Cell>
    <Cell><Data ss:Type="Number">-10.26</Data></Cell>
    <Cell><Data ss:Type="Number">0.22</Data></Cell>
    <Cell><Data ss:Type="Number">-9.52</Data></Cell>
    <Cell><Data ss:Type="Number">-7.0000000000000007E-2</Data></Cell>
    <Cell><Data ss:Type="Number">-0.85</Data></Cell>
    <Cell><Data ss:Type="Number">22.7</Data></Cell>
    <Cell><Data ss:Type="Number">39.200000000000003</Data></Cell>
    <Cell><Data ss:Type="Number">0</Data></Cell>
    <Cell><Data ss:Type="Number">0</Data></Cell>
    <Cell><Data ss:Type="String">2023-12-07 16:16:27.907483</Data></Cell>
   </Row>
   <Row>
    <Cell><Data ss:Type="String">2617</Data></Cell>
    <Cell><Data ss:Type="Number">0.28000000000000003</Data></Cell>
    <Cell><Data ss:Type="Number">-10.26</Data></Cell>
    <Cell><Data ss:Type="Number">0.12</Data></Cell>
    <Cell><Data ss:Type="Number">-9.5299999999999994</Data></Cell>
    <Cell><Data ss:Type="Number">-7.0000000000000007E-2</Data></Cell>
    <Cell><Data ss:Type="Number">-0.99</Data></Cell>
    <Cell><Data ss:Type="Number">22.7</Data></Cell>
    <Cell><Data ss:Type="Number">39.200000000000003</Data></Cell>
    <Cell><Data ss:Type="Number">0</Data></Cell>
    <Cell><Data ss:Type="Number">0</Data></Cell>
    <Cell><Data ss:Type="String">2023-12-07 16:16:27.862051</Data></Cell>
   </Row>
   <Row>
    <Cell><Data ss:Type="String">2616</Data></Cell>
    <Cell><Data ss:Type="Number">0.24</Data></Cell>
    <Cell><Data ss:Type="Number">-9.93</Data></Cell>
    <Cell><Data ss:Type="Number">0.32</Data></Cell>
    <Cell><Data ss:Type="Number">-9.39</Data></Cell>
    <Cell><Data ss:Type="Number">-0.05</Data></Cell>
    <Cell><Data ss:Type="Number">-0.85</Data></Cell>
    <Cell><Data ss:Type="Number">22.7</Data></Cell>
    <Cell><Data ss:Type="Number">39.200000000000003</Data></Cell>
    <Cell><Data ss:Type="Number">0</Data></Cell>
    <Cell><Data ss:Type="Number">0</Data></Cell>
    <Cell><Data ss:Type="String">2023-12-07 16:16:27.817427</Data></Cell>
   </Row>
   <Row>
    <Cell><Data ss:Type="String">2615</Data></Cell>
    <Cell><Data ss:Type="Number">0.49</Data></Cell>
    <Cell><Data ss:Type="Number">-10.01</Data></Cell>
    <Cell><Data ss:Type="Number">0.02</Data></Cell>
    <Cell><Data ss:Type="Number">-9.44</Data></Cell>
    <Cell><Data ss:Type="Number">-0.08</Data></Cell>
    <Cell><Data ss:Type="Number">-0.95</Data></Cell>
    <Cell><Data ss:Type="Number">22.7</Data></Cell>
    <Cell><Data ss:Type="Number">39.200000000000003</Data></Cell>
    <Cell><Data ss:Type="Number">0</Data></Cell>
    <Cell><Data ss:Type="Number">0</Data></Cell>
    <Cell><Data ss:Type="String">2023-12-07 16:16:27.815777</Data></Cell>
   </Row>
   <Row>
    <Cell><Data ss:Type="String">2614</Data></Cell>
    <Cell><Data ss:Type="Number">0.28999999999999998</Data></Cell>
    <Cell><Data ss:Type="Number">-10.130000000000001</Data></Cell>
    <Cell><Data ss:Type="Number">0.25</Data></Cell>
    <Cell><Data ss:Type="Number">-9.5</Data></Cell>
    <Cell><Data ss:Type="Number">-0.05</Data></Cell>
    <Cell><Data ss:Type="Number">-0.87</Data></Cell>
    <Cell><Data ss:Type="Number">22.7</Data></Cell>
    <Cell><Data ss:Type="Number">39.200000000000003</Data></Cell>
    <Cell><Data ss:Type="Number">0</Data></Cell>
    <Cell><Data ss:Type="Number">0</Data></Cell>
    <Cell><Data ss:Type="String">2023-12-07 16:16:27.771564</Data></Cell>
   </Row>
   <Row>
    <Cell><Data ss:Type="String">2613</Data></Cell>
    <Cell><Data ss:Type="Number">0.47</Data></Cell>
    <Cell><Data ss:Type="Number">-10.31</Data></Cell>
    <Cell><Data ss:Type="Number">0.28999999999999998</Data></Cell>
    <Cell><Data ss:Type="Number">-9.5500000000000007</Data></Cell>
    <Cell><Data ss:Type="Number">-0.2</Data></Cell>
    <Cell><Data ss:Type="Number">-0.85</Data></Cell>
    <Cell><Data ss:Type="Number">22.7</Data></Cell>
    <Cell><Data ss:Type="Number">39.200000000000003</Data></Cell>
    <Cell><Data ss:Type="Number">0</Data></Cell>
    <Cell><Data ss:Type="Number">0</Data></Cell>
    <Cell><Data ss:Type="String">2023-12-07 16:16:27.724883</Data></Cell>
   </Row>
   <Row>
    <Cell><Data ss:Type="String">2612</Data></Cell>
    <Cell><Data ss:Type="Number">0.05</Data></Cell>
    <Cell><Data ss:Type="Number">-10.220000000000001</Data></Cell>
    <Cell><Data ss:Type="Number">0.02</Data></Cell>
    <Cell><Data ss:Type="Number">-9.5</Data></Cell>
    <Cell><Data ss:Type="Number">0.06</Data></Cell>
    <Cell><Data ss:Type="Number">-0.95</Data></Cell>
    <Cell><Data ss:Type="Number">22.7</Data></Cell>
    <Cell><Data ss:Type="Number">39.200000000000003</Data></Cell>
    <Cell><Data ss:Type="Number">0</Data></Cell>
    <Cell><Data ss:Type="Number">0</Data></Cell>
    <Cell><Data ss:Type="String">2023-12-07 16:16:27.684042</Data></Cell>
   </Row>
   <Row>
    <Cell><Data ss:Type="String">2611</Data></Cell>
    <Cell><Data ss:Type="Number">0.26</Data></Cell>
    <Cell><Data ss:Type="Number">-10.02</Data></Cell>
    <Cell><Data ss:Type="Number">-0.1</Data></Cell>
    <Cell><Data ss:Type="Number">-9.41</Data></Cell>
    <Cell><Data ss:Type="Number">0.04</Data></Cell>
    <Cell><Data ss:Type="Number">-0.87</Data></Cell>
    <Cell><Data ss:Type="Number">22.7</Data></Cell>
    <Cell><Data ss:Type="Number">39.200000000000003</Data></Cell>
    <Cell><Data ss:Type="Number">0</Data></Cell>
    <Cell><Data ss:Type="Number">0</Data></Cell>
    <Cell><Data ss:Type="String">2023-12-07 16:16:27.682415</Data></Cell>
   </Row>
   <Row>
    <Cell><Data ss:Type="String">2610</Data></Cell>
    <Cell><Data ss:Type="Number">1.05</Data></Cell>
    <Cell><Data ss:Type="Number">-9.9499999999999993</Data></Cell>
    <Cell><Data ss:Type="Number">0.16</Data></Cell>
    <Cell><Data ss:Type="Number">-9.4600000000000009</Data></Cell>
    <Cell><Data ss:Type="Number">-0.03</Data></Cell>
    <Cell><Data ss:Type="Number">-0.96</Data></Cell>
    <Cell><Data ss:Type="Number">22.7</Data></Cell>
    <Cell><Data ss:Type="Number">39.200000000000003</Data></Cell>
    <Cell><Data ss:Type="Number">0</Data></Cell>
    <Cell><Data ss:Type="Number">0</Data></Cell>
    <Cell><Data ss:Type="String">2023-12-07 16:16:27.634167</Data></Cell>
   </Row>
   <Row>
    <Cell><Data ss:Type="String">2609</Data></Cell>
    <Cell><Data ss:Type="Number">1.37</Data></Cell>
    <Cell><Data ss:Type="Number">-9.98</Data></Cell>
    <Cell><Data ss:Type="Number">0.85</Data></Cell>
    <Cell><Data ss:Type="Number">-9.4499999999999993</Data></Cell>
    <Cell><Data ss:Type="Number">-0.65</Data></Cell>
    <Cell><Data ss:Type="Number">-0.79</Data></Cell>
    <Cell><Data ss:Type="Number">22.7</Data></Cell>
    <Cell><Data ss:Type="Number">39.200000000000003</Data></Cell>
    <Cell><Data ss:Type="Number">0</Data></Cell>
    <Cell><Data ss:Type="Number">0</Data></Cell>
    <Cell><Data ss:Type="String">2023-12-07 16:16:27.589167</Data></Cell>
   </Row>
   <Row>
    <Cell><Data ss:Type="String">2608</Data></Cell>
    <Cell><Data ss:Type="Number">0.06</Data></Cell>
    <Cell><Data ss:Type="Number">-10.39</Data></Cell>
    <Cell><Data ss:Type="Number">0.34</Data></Cell>
    <Cell><Data ss:Type="Number">-9.57</Data></Cell>
    <Cell><Data ss:Type="Number">-0.17</Data></Cell>
    <Cell><Data ss:Type="Number">-0.85</Data></Cell>
    <Cell><Data ss:Type="Number">22.7</Data></Cell>
    <Cell><Data ss:Type="Number">39.200000000000003</Data></Cell>
    <Cell><Data ss:Type="Number">0</Data></Cell>
    <Cell><Data ss:Type="Number">0</Data></Cell>
    <Cell><Data ss:Type="String">2023-12-07 16:16:27.542596</Data></Cell>
   </Row>
   <Row>
    <Cell><Data ss:Type="String">2607</Data></Cell>
    <Cell><Data ss:Type="Number">-0.05</Data></Cell>
    <Cell><Data ss:Type="Number">-10.23</Data></Cell>
    <Cell><Data ss:Type="Number">0.12</Data></Cell>
    <Cell><Data ss:Type="Number">-9.5</Data></Cell>
    <Cell><Data ss:Type="Number">-0.93</Data></Cell>
    <Cell><Data ss:Type="Number">-0.95</Data></Cell>
    <Cell><Data ss:Type="Number">22.7</Data></Cell>
    <Cell><Data ss:Type="Number">39.200000000000003</Data></Cell>
    <Cell><Data ss:Type="Number">0</Data></Cell>
    <Cell><Data ss:Type="Number">0</Data></Cell>
    <Cell><Data ss:Type="String">2023-12-07 16:16:27.540845</Data></Cell>
   </Row>
   <Row>
    <Cell><Data ss:Type="String">2606</Data></Cell>
    <Cell><Data ss:Type="Number">-1.68</Data></Cell>
    <Cell><Data ss:Type="Number">-7.85</Data></Cell>
    <Cell><Data ss:Type="Number">-1.73</Data></Cell>
    <Cell><Data ss:Type="Number">-8.56</Data></Cell>
    <Cell><Data ss:Type="Number">1.62</Data></Cell>
    <Cell><Data ss:Type="Number">-1.33</Data></Cell>
    <Cell><Data ss:Type="Number">22.7</Data></Cell>
    <Cell><Data ss:Type="Number">39.200000000000003</Data></Cell>
    <Cell><Data ss:Type="Number">0</Data></Cell>
    <Cell><Data ss:Type="Number">0</Data></Cell>
    <Cell><Data ss:Type="String">2023-12-07 16:16:27.487355</Data></Cell>
   </Row>
   <Row>
    <Cell><Data ss:Type="String">2605</Data></Cell>
    <Cell><Data ss:Type="Number">0.65</Data></Cell>
    <Cell><Data ss:Type="Number">-9.57</Data></Cell>
    <Cell><Data ss:Type="Number">1.03</Data></Cell>
    <Cell><Data ss:Type="Number">-9.4</Data></Cell>
    <Cell><Data ss:Type="Number">-0.09</Data></Cell>
    <Cell><Data ss:Type="Number">-0.85</Data></Cell>
    <Cell><Data ss:Type="Number">22.7</Data></Cell>
    <Cell><Data ss:Type="Number">39.200000000000003</Data></Cell>
    <Cell><Data ss:Type="Number">0</Data></Cell>
    <Cell><Data ss:Type="Number">0</Data></Cell>
    <Cell><Data ss:Type="String">2023-12-07 16:16:27.484858</Data></Cell>
   </Row>
   <Row>
    <Cell><Data ss:Type="String">2604</Data></Cell>
    <Cell><Data ss:Type="Number">-0.15</Data></Cell>
    <Cell><Data ss:Type="Number">-9.7799999999999994</Data></Cell>
    <Cell><Data ss:Type="Number">-0.11</Data></Cell>
    <Cell><Data ss:Type="Number">-9.49</Data></Cell>
    <Cell><Data ss:Type="Number">-0.15</Data></Cell>
    <Cell><Data ss:Type="Number">-0.99</Data></Cell>
    <Cell><Data ss:Type="Number">22.7</Data></Cell>
    <Cell><Data ss:Type="Number">39.200000000000003</Data></Cell>
    <Cell><Data ss:Type="Number">0</Data></Cell>
    <Cell><Data ss:Type="Number">0</Data></Cell>
    <Cell><Data ss:Type="String">2023-12-07 16:16:27.483071</Data></Cell>
   </Row>
   <Row>
    <Cell><Data ss:Type="String">2603</Data></Cell>
    <Cell><Data ss:Type="Number">0.71</Data></Cell>
    <Cell><Data ss:Type="Number">-10.19</Data></Cell>
    <Cell><Data ss:Type="Number">-0.05</Data></Cell>
    <Cell><Data ss:Type="Number">-9.51</Data></Cell>
    <Cell><Data ss:Type="Number">-0.04</Data></Cell>
    <Cell><Data ss:Type="Number">-0.88</Data></Cell>
    <Cell><Data ss:Type="Number">22.7</Data></Cell>
    <Cell><Data ss:Type="Number">39.200000000000003</Data></Cell>
    <Cell><Data ss:Type="Number">0</Data></Cell>
    <Cell><Data ss:Type="Number">0</Data></Cell>
    <Cell><Data ss:Type="String">2023-12-07 16:16:27.481302</Data></Cell>
   </Row>
   <Row>
    <Cell><Data ss:Type="String">2602</Data></Cell>
    <Cell><Data ss:Type="Number">0.38</Data></Cell>
    <Cell><Data ss:Type="Number">-10.25</Data></Cell>
    <Cell><Data ss:Type="Number">-0.13</Data></Cell>
    <Cell><Data ss:Type="Number">-9.5500000000000007</Data></Cell>
    <Cell><Data ss:Type="Number">-0.12</Data></Cell>
    <Cell><Data ss:Type="Number">-0.97</Data></Cell>
    <Cell><Data ss:Type="Number">22.7</Data></Cell>
    <Cell><Data ss:Type="Number">39.200000000000003</Data></Cell>
    <Cell><Data ss:Type="Number">0</Data></Cell>
    <Cell><Data ss:Type="Number">0</Data></Cell>
    <Cell><Data ss:Type="String">2023-12-07 16:16:27.479447</Data></Cell>
   </Row>
   <Row>
    <Cell><Data ss:Type="String">2601</Data></Cell>
    <Cell><Data ss:Type="Number">0.19</Data></Cell>
    <Cell><Data ss:Type="Number">-10.42</Data></Cell>
    <Cell><Data ss:Type="Number">-0.2</Data></Cell>
    <Cell><Data ss:Type="Number">-9.52</Data></Cell>
    <Cell><Data ss:Type="Number">-0.06</Data></Cell>
    <Cell><Data ss:Type="Number">-0.89</Data></Cell>
    <Cell><Data ss:Type="Number">22.7</Data></Cell>
    <Cell><Data ss:Type="Number">39.200000000000003</Data></Cell>
    <Cell><Data ss:Type="Number">0</Data></Cell>
    <Cell><Data ss:Type="Number">0</Data></Cell>
    <Cell><Data ss:Type="String">2023-12-07 16:16:27.291537</Data></Cell>
   </Row>
   <Row>
    <Cell><Data ss:Type="String">2600</Data></Cell>
    <Cell><Data ss:Type="Number">0.75</Data></Cell>
    <Cell><Data ss:Type="Number">-10.16</Data></Cell>
    <Cell><Data ss:Type="Number">0.49</Data></Cell>
    <Cell><Data ss:Type="Number">-9.52</Data></Cell>
    <Cell><Data ss:Type="Number">-7.0000000000000007E-2</Data></Cell>
    <Cell><Data ss:Type="Number">-0.89</Data></Cell>
    <Cell><Data ss:Type="Number">22.7</Data></Cell>
    <Cell><Data ss:Type="Number">39.200000000000003</Data></Cell>
    <Cell><Data ss:Type="Number">0</Data></Cell>
    <Cell><Data ss:Type="Number">0</Data></Cell>
    <Cell><Data ss:Type="String">2023-12-07 16:16:27.285465</Data></Cell>
   </Row>
   <Row>
    <Cell><Data ss:Type="String">2599</Data></Cell>
    <Cell><Data ss:Type="Number">0.55000000000000004</Data></Cell>
    <Cell><Data ss:Type="Number">-10.19</Data></Cell>
    <Cell><Data ss:Type="Number">-0.18</Data></Cell>
    <Cell><Data ss:Type="Number">-9.3800000000000008</Data></Cell>
    <Cell><Data ss:Type="Number">-0.08</Data></Cell>
    <Cell><Data ss:Type="Number">-0.88</Data></Cell>
    <Cell><Data ss:Type="Number">22.7</Data></Cell>
    <Cell><Data ss:Type="Number">39.200000000000003</Data></Cell>
    <Cell><Data ss:Type="Number">0</Data></Cell>
    <Cell><Data ss:Type="Number">0</Data></Cell>
    <Cell><Data ss:Type="String">2023-12-07 16:16:27.234792</Data></Cell>
   </Row>
   <Row>
    <Cell><Data ss:Type="String">2598</Data></Cell>
    <Cell><Data ss:Type="Number">0.11</Data></Cell>
    <Cell><Data ss:Type="Number">-9.52</Data></Cell>
    <Cell><Data ss:Type="Number">0.14000000000000001</Data></Cell>
    <Cell><Data ss:Type="Number">-9.3000000000000007</Data></Cell>
    <Cell><Data ss:Type="Number">-0.08</Data></Cell>
    <Cell><Data ss:Type="Number">-0.94</Data></Cell>
    <Cell><Data ss:Type="Number">22.7</Data></Cell>
    <Cell><Data ss:Type="Number">39.200000000000003</Data></Cell>
    <Cell><Data ss:Type="Number">0</Data></Cell>
    <Cell><Data ss:Type="Number">0</Data></Cell>
    <Cell><Data ss:Type="String">2023-12-07 16:16:27.233249</Data></Cell>
   </Row>
   <Row>
    <Cell><Data ss:Type="String">2597</Data></Cell>
    <Cell><Data ss:Type="Number">1.39</Data></Cell>
    <Cell><Data ss:Type="Number">-10.18</Data></Cell>
    <Cell><Data ss:Type="Number">-0.2</Data></Cell>
    <Cell><Data ss:Type="Number">-9.6</Data></Cell>
    <Cell><Data ss:Type="Number">-0.09</Data></Cell>
    <Cell><Data ss:Type="Number">-0.87</Data></Cell>
    <Cell><Data ss:Type="Number">22.7</Data></Cell>
    <Cell><Data ss:Type="Number">39.200000000000003</Data></Cell>
    <Cell><Data ss:Type="Number">0</Data></Cell>
    <Cell><Data ss:Type="Number">0</Data></Cell>
    <Cell><Data ss:Type="String">2023-12-07 16:16:27.189737</Data></Cell>
   </Row>
   <Row>
    <Cell><Data ss:Type="String">2596</Data></Cell>
    <Cell><Data ss:Type="Number">1.1299999999999999</Data></Cell>
    <Cell><Data ss:Type="Number">-9.83</Data></Cell>
    <Cell><Data ss:Type="Number">0.32</Data></Cell>
    <Cell><Data ss:Type="Number">-9.48</Data></Cell>
    <Cell><Data ss:Type="Number">0.03</Data></Cell>
    <Cell><Data ss:Type="Number">-0.88</Data></Cell>
    <Cell><Data ss:Type="Number">22.7</Data></Cell>
    <Cell><Data ss:Type="Number">39.200000000000003</Data></Cell>
    <Cell><Data ss:Type="Number">0</Data></Cell>
    <Cell><Data ss:Type="Number">0</Data></Cell>
    <Cell><Data ss:Type="String">2023-12-07 16:16:27.141838</Data></Cell>
   </Row>
   <Row>
    <Cell><Data ss:Type="String">2595</Data></Cell>
    <Cell><Data ss:Type="Number">0.17</Data></Cell>
    <Cell><Data ss:Type="Number">-10.06</Data></Cell>
    <Cell><Data ss:Type="Number">0.05</Data></Cell>
    <Cell><Data ss:Type="Number">-9.3800000000000008</Data></Cell>
    <Cell><Data ss:Type="Number">-0.09</Data></Cell>
    <Cell><Data ss:Type="Number">-0.91</Data></Cell>
    <Cell><Data ss:Type="Number">22.7</Data></Cell>
    <Cell><Data ss:Type="Number">39.200000000000003</Data></Cell>
    <Cell><Data ss:Type="Number">0</Data></Cell>
    <Cell><Data ss:Type="Number">0</Data></Cell>
    <Cell><Data ss:Type="String">2023-12-07 16:16:27.099262</Data></Cell>
   </Row>
   <Row>
    <Cell><Data ss:Type="String">2594</Data></Cell>
    <Cell><Data ss:Type="Number">0.22</Data></Cell>
    <Cell><Data ss:Type="Number">-9.85</Data></Cell>
    <Cell><Data ss:Type="Number">0.55000000000000004</Data></Cell>
    <Cell><Data ss:Type="Number">-9.4499999999999993</Data></Cell>
    <Cell><Data ss:Type="Number">-0.05</Data></Cell>
    <Cell><Data ss:Type="Number">-0.94</Data></Cell>
    <Cell><Data ss:Type="Number">22.7</Data></Cell>
    <Cell><Data ss:Type="Number">39.200000000000003</Data></Cell>
    <Cell><Data ss:Type="Number">0</Data></Cell>
    <Cell><Data ss:Type="Number">0</Data></Cell>
    <Cell><Data ss:Type="String">2023-12-07 16:16:27.097394</Data></Cell>
   </Row>
   <Row>
    <Cell><Data ss:Type="String">2593</Data></Cell>
    <Cell><Data ss:Type="Number">0.57999999999999996</Data></Cell>
    <Cell><Data ss:Type="Number">-10.44</Data></Cell>
    <Cell><Data ss:Type="Number">-0.12</Data></Cell>
    <Cell><Data ss:Type="Number">-9.75</Data></Cell>
    <Cell><Data ss:Type="Number">-0.08</Data></Cell>
    <Cell><Data ss:Type="Number">-0.92</Data></Cell>
    <Cell><Data ss:Type="Number">22.7</Data></Cell>
    <Cell><Data ss:Type="Number">39.200000000000003</Data></Cell>
    <Cell><Data ss:Type="Number">0</Data></Cell>
    <Cell><Data ss:Type="Number">0</Data></Cell>
    <Cell><Data ss:Type="String">2023-12-07 16:16:27.050456</Data></Cell>
   </Row>
   <Row>
    <Cell><Data ss:Type="String">2592</Data></Cell>
    <Cell><Data ss:Type="Number">0.27</Data></Cell>
    <Cell><Data ss:Type="Number">-9.81</Data></Cell>
    <Cell><Data ss:Type="Number">0.6</Data></Cell>
    <Cell><Data ss:Type="Number">-9.5</Data></Cell>
    <Cell><Data ss:Type="Number">-0.04</Data></Cell>
    <Cell><Data ss:Type="Number">-0.91</Data></Cell>
    <Cell><Data ss:Type="Number">22.7</Data></Cell>
    <Cell><Data ss:Type="Number">39.200000000000003</Data></Cell>
    <Cell><Data ss:Type="Number">0</Data></Cell>
    <Cell><Data ss:Type="Number">0</Data></Cell>
    <Cell><Data ss:Type="String">2023-12-07 16:16:27.005496</Data></Cell>
   </Row>
   <Row>
    <Cell><Data ss:Type="String">2591</Data></Cell>
    <Cell><Data ss:Type="Number">0.43</Data></Cell>
    <Cell><Data ss:Type="Number">-10.6</Data></Cell>
    <Cell><Data ss:Type="Number">0.44</Data></Cell>
    <Cell><Data ss:Type="Number">-9.58</Data></Cell>
    <Cell><Data ss:Type="Number">-0.11</Data></Cell>
    <Cell><Data ss:Type="Number">-0.95</Data></Cell>
    <Cell><Data ss:Type="Number">22.7</Data></Cell>
    <Cell><Data ss:Type="Number">39.200000000000003</Data></Cell>
    <Cell><Data ss:Type="Number">0</Data></Cell>
    <Cell><Data ss:Type="Number">0</Data></Cell>
    <Cell><Data ss:Type="String">2023-12-07 16:16:26.960721</Data></Cell>
   </Row>
   <Row>
    <Cell><Data ss:Type="String">2590</Data></Cell>
    <Cell><Data ss:Type="Number">0.3</Data></Cell>
    <Cell><Data ss:Type="Number">-9.6199999999999992</Data></Cell>
    <Cell><Data ss:Type="Number">0.25</Data></Cell>
    <Cell><Data ss:Type="Number">-9.43</Data></Cell>
    <Cell><Data ss:Type="Number">-0.03</Data></Cell>
    <Cell><Data ss:Type="Number">-0.88</Data></Cell>
    <Cell><Data ss:Type="Number">22.7</Data></Cell>
    <Cell><Data ss:Type="Number">39.200000000000003</Data></Cell>
    <Cell><Data ss:Type="Number">0</Data></Cell>
    <Cell><Data ss:Type="Number">0</Data></Cell>
    <Cell><Data ss:Type="String">2023-12-07 16:16:26.959071</Data></Cell>
   </Row>
   <Row>
    <Cell><Data ss:Type="String">2589</Data></Cell>
    <Cell><Data ss:Type="Number">0.15</Data></Cell>
    <Cell><Data ss:Type="Number">-10.11</Data></Cell>
    <Cell><Data ss:Type="Number">0.02</Data></Cell>
    <Cell><Data ss:Type="Number">-9.49</Data></Cell>
    <Cell><Data ss:Type="Number">-7.0000000000000007E-2</Data></Cell>
    <Cell><Data ss:Type="Number">-0.99</Data></Cell>
    <Cell><Data ss:Type="Number">22.7</Data></Cell>
    <Cell><Data ss:Type="Number">39.200000000000003</Data></Cell>
    <Cell><Data ss:Type="Number">0</Data></Cell>
    <Cell><Data ss:Type="Number">0</Data></Cell>
    <Cell><Data ss:Type="String">2023-12-07 16:16:26.916039</Data></Cell>
   </Row>
   <Row>
    <Cell><Data ss:Type="String">2588</Data></Cell>
    <Cell><Data ss:Type="Number">0.43</Data></Cell>
    <Cell><Data ss:Type="Number">-10.35</Data></Cell>
    <Cell><Data ss:Type="Number">0.18</Data></Cell>
    <Cell><Data ss:Type="Number">-9.6300000000000008</Data></Cell>
    <Cell><Data ss:Type="Number">-0.11</Data></Cell>
    <Cell><Data ss:Type="Number">-0.9</Data></Cell>
    <Cell><Data ss:Type="Number">22.7</Data></Cell>
    <Cell><Data ss:Type="Number">39.200000000000003</Data></Cell>
    <Cell><Data ss:Type="Number">0</Data></Cell>
    <Cell><Data ss:Type="Number">0</Data></Cell>
    <Cell><Data ss:Type="String">2023-12-07 16:16:26.867580</Data></Cell>
   </Row>
   <Row>
    <Cell><Data ss:Type="String">2587</Data></Cell>
    <Cell><Data ss:Type="Number">0.4</Data></Cell>
    <Cell><Data ss:Type="Number">-10.53</Data></Cell>
    <Cell><Data ss:Type="Number">0.23</Data></Cell>
    <Cell><Data ss:Type="Number">-9.68</Data></Cell>
    <Cell><Data ss:Type="Number">0</Data></Cell>
    <Cell><Data ss:Type="Number">-0.92</Data></Cell>
    <Cell><Data ss:Type="Number">22.7</Data></Cell>
    <Cell><Data ss:Type="Number">39.200000000000003</Data></Cell>
    <Cell><Data ss:Type="Number">0</Data></Cell>
    <Cell><Data ss:Type="Number">0</Data></Cell>
    <Cell><Data ss:Type="String">2023-12-07 16:16:26.824227</Data></Cell>
   </Row>
   <Row>
    <Cell><Data ss:Type="String">2586</Data></Cell>
    <Cell><Data ss:Type="Number">0.41</Data></Cell>
    <Cell><Data ss:Type="Number">-10.210000000000001</Data></Cell>
    <Cell><Data ss:Type="Number">0.37</Data></Cell>
    <Cell><Data ss:Type="Number">-9.39</Data></Cell>
    <Cell><Data ss:Type="Number">-0.08</Data></Cell>
    <Cell><Data ss:Type="Number">-0.98</Data></Cell>
    <Cell><Data ss:Type="Number">22.7</Data></Cell>
    <Cell><Data ss:Type="Number">39.200000000000003</Data></Cell>
    <Cell><Data ss:Type="Number">0</Data></Cell>
    <Cell><Data ss:Type="Number">0</Data></Cell>
    <Cell><Data ss:Type="String">2023-12-07 16:16:26.822174</Data></Cell>
   </Row>
   <Row>
    <Cell><Data ss:Type="String">2585</Data></Cell>
    <Cell><Data ss:Type="Number">-0.03</Data></Cell>
    <Cell><Data ss:Type="Number">-9.86</Data></Cell>
    <Cell><Data ss:Type="Number">-0.33</Data></Cell>
    <Cell><Data ss:Type="Number">-9.2799999999999994</Data></Cell>
    <Cell><Data ss:Type="Number">-0.01</Data></Cell>
    <Cell><Data ss:Type="Number">-0.85</Data></Cell>
    <Cell><Data ss:Type="Number">22.7</Data></Cell>
    <Cell><Data ss:Type="Number">39.200000000000003</Data></Cell>
    <Cell><Data ss:Type="Number">0</Data></Cell>
    <Cell><Data ss:Type="Number">0</Data></Cell>
    <Cell><Data ss:Type="String">2023-12-07 16:16:26.776110</Data></Cell>
   </Row>
   <Row>
    <Cell><Data ss:Type="String">2584</Data></Cell>
    <Cell><Data ss:Type="Number">0.41</Data></Cell>
    <Cell><Data ss:Type="Number">-10.53</Data></Cell>
    <Cell><Data ss:Type="Number">0.25</Data></Cell>
    <Cell><Data ss:Type="Number">-9.65</Data></Cell>
    <Cell><Data ss:Type="Number">-0.12</Data></Cell>
    <Cell><Data ss:Type="Number">-0.96</Data></Cell>
    <Cell><Data ss:Type="Number">22.7</Data></Cell>
    <Cell><Data ss:Type="Number">39.200000000000003</Data></Cell>
    <Cell><Data ss:Type="Number">0</Data></Cell>
    <Cell><Data ss:Type="Number">0</Data></Cell>
    <Cell><Data ss:Type="String">2023-12-07 16:16:26.731329</Data></Cell>
   </Row>
   <Row>
    <Cell><Data ss:Type="String">2583</Data></Cell>
    <Cell><Data ss:Type="Number">0.08</Data></Cell>
    <Cell><Data ss:Type="Number">-9.25</Data></Cell>
    <Cell><Data ss:Type="Number">0.1</Data></Cell>
    <Cell><Data ss:Type="Number">-9.2799999999999994</Data></Cell>
    <Cell><Data ss:Type="Number">-0.09</Data></Cell>
    <Cell><Data ss:Type="Number">-0.98</Data></Cell>
    <Cell><Data ss:Type="Number">22.7</Data></Cell>
    <Cell><Data ss:Type="Number">39.200000000000003</Data></Cell>
    <Cell><Data ss:Type="Number">0</Data></Cell>
    <Cell><Data ss:Type="Number">0</Data></Cell>
    <Cell><Data ss:Type="String">2023-12-07 16:16:26.729792</Data></Cell>
   </Row>
   <Row>
    <Cell><Data ss:Type="String">2582</Data></Cell>
    <Cell><Data ss:Type="Number">0.36</Data></Cell>
    <Cell><Data ss:Type="Number">-9.64</Data></Cell>
    <Cell><Data ss:Type="Number">0.16</Data></Cell>
    <Cell><Data ss:Type="Number">-9.3800000000000008</Data></Cell>
    <Cell><Data ss:Type="Number">-0.15</Data></Cell>
    <Cell><Data ss:Type="Number">-0.96</Data></Cell>
    <Cell><Data ss:Type="Number">22.7</Data></Cell>
    <Cell><Data ss:Type="Number">39.200000000000003</Data></Cell>
    <Cell><Data ss:Type="Number">0</Data></Cell>
    <Cell><Data ss:Type="Number">0</Data></Cell>
    <Cell><Data ss:Type="String">2023-12-07 16:16:26.684106</Data></Cell>
   </Row>
   <Row>
    <Cell><Data ss:Type="String">2581</Data></Cell>
    <Cell><Data ss:Type="Number">0.25</Data></Cell>
    <Cell><Data ss:Type="Number">-10.6</Data></Cell>
    <Cell><Data ss:Type="Number">0.28000000000000003</Data></Cell>
    <Cell><Data ss:Type="Number">-9.65</Data></Cell>
    <Cell><Data ss:Type="Number">0.02</Data></Cell>
    <Cell><Data ss:Type="Number">-0.85</Data></Cell>
    <Cell><Data ss:Type="Number">22.7</Data></Cell>
    <Cell><Data ss:Type="Number">39.200000000000003</Data></Cell>
    <Cell><Data ss:Type="Number">0</Data></Cell>
    <Cell><Data ss:Type="Number">0</Data></Cell>
    <Cell><Data ss:Type="String">2023-12-07 16:16:26.640264</Data></Cell>
   </Row>
   <Row>
    <Cell><Data ss:Type="String">2580</Data></Cell>
    <Cell><Data ss:Type="Number">0.23</Data></Cell>
    <Cell><Data ss:Type="Number">-9.52</Data></Cell>
    <Cell><Data ss:Type="Number">0.28000000000000003</Data></Cell>
    <Cell><Data ss:Type="Number">-9.4</Data></Cell>
    <Cell><Data ss:Type="Number">-0.08</Data></Cell>
    <Cell><Data ss:Type="Number">-0.89</Data></Cell>
    <Cell><Data ss:Type="Number">22.7</Data></Cell>
    <Cell><Data ss:Type="Number">39.200000000000003</Data></Cell>
    <Cell><Data ss:Type="Number">0</Data></Cell>
    <Cell><Data ss:Type="Number">0</Data></Cell>
    <Cell><Data ss:Type="String">2023-12-07 16:16:26.592945</Data></Cell>
   </Row>
   <Row>
    <Cell><Data ss:Type="String">2579</Data></Cell>
    <Cell><Data ss:Type="Number">0.31</Data></Cell>
    <Cell><Data ss:Type="Number">-10.36</Data></Cell>
    <Cell><Data ss:Type="Number">0.15</Data></Cell>
    <Cell><Data ss:Type="Number">-9.56</Data></Cell>
    <Cell><Data ss:Type="Number">-7.0000000000000007E-2</Data></Cell>
    <Cell><Data ss:Type="Number">-0.93</Data></Cell>
    <Cell><Data ss:Type="Number">22.7</Data></Cell>
    <Cell><Data ss:Type="Number">39.200000000000003</Data></Cell>
    <Cell><Data ss:Type="Number">0</Data></Cell>
    <Cell><Data ss:Type="Number">0</Data></Cell>
    <Cell><Data ss:Type="String">2023-12-07 16:16:26.591397</Data></Cell>
   </Row>
   <Row>
    <Cell><Data ss:Type="String">2578</Data></Cell>
    <Cell><Data ss:Type="Number">0.28999999999999998</Data></Cell>
    <Cell><Data ss:Type="Number">-10.220000000000001</Data></Cell>
    <Cell><Data ss:Type="Number">0.09</Data></Cell>
    <Cell><Data ss:Type="Number">-9.61</Data></Cell>
    <Cell><Data ss:Type="Number">-0.12</Data></Cell>
    <Cell><Data ss:Type="Number">-0.91</Data></Cell>
    <Cell><Data ss:Type="Number">22.7</Data></Cell>
    <Cell><Data ss:Type="Number">39.200000000000003</Data></Cell>
    <Cell><Data ss:Type="Number">0</Data></Cell>
    <Cell><Data ss:Type="Number">0</Data></Cell>
    <Cell><Data ss:Type="String">2023-12-07 16:16:26.550108</Data></Cell>
   </Row>
   <Row>
    <Cell><Data ss:Type="String">2577</Data></Cell>
    <Cell><Data ss:Type="Number">-0.02</Data></Cell>
    <Cell><Data ss:Type="Number">-10.85</Data></Cell>
    <Cell><Data ss:Type="Number">-0.08</Data></Cell>
    <Cell><Data ss:Type="Number">-9.6199999999999992</Data></Cell>
    <Cell><Data ss:Type="Number">0</Data></Cell>
    <Cell><Data ss:Type="Number">-0.87</Data></Cell>
    <Cell><Data ss:Type="Number">22.7</Data></Cell>
    <Cell><Data ss:Type="Number">39.200000000000003</Data></Cell>
    <Cell><Data ss:Type="Number">0</Data></Cell>
    <Cell><Data ss:Type="Number">0</Data></Cell>
    <Cell><Data ss:Type="String">2023-12-07 16:16:26.548522</Data></Cell>
   </Row>
   <Row>
    <Cell><Data ss:Type="String">2576</Data></Cell>
    <Cell><Data ss:Type="Number">-0.13</Data></Cell>
    <Cell><Data ss:Type="Number">-9.4700000000000006</Data></Cell>
    <Cell><Data ss:Type="Number">0.28000000000000003</Data></Cell>
    <Cell><Data ss:Type="Number">-9.44</Data></Cell>
    <Cell><Data ss:Type="Number">0.02</Data></Cell>
    <Cell><Data ss:Type="Number">-0.98</Data></Cell>
    <Cell><Data ss:Type="Number">22.7</Data></Cell>
    <Cell><Data ss:Type="Number">39.200000000000003</Data></Cell>
    <Cell><Data ss:Type="Number">0</Data></Cell>
    <Cell><Data ss:Type="Number">0</Data></Cell>
    <Cell><Data ss:Type="String">2023-12-07 16:16:26.546771</Data></Cell>
   </Row>
   <Row>
    <Cell><Data ss:Type="String">2575</Data></Cell>
    <Cell><Data ss:Type="Number">0.95</Data></Cell>
    <Cell><Data ss:Type="Number">-10.54</Data></Cell>
    <Cell><Data ss:Type="Number">0.38</Data></Cell>
    <Cell><Data ss:Type="Number">-9.34</Data></Cell>
    <Cell><Data ss:Type="Number">-0.3</Data></Cell>
    <Cell><Data ss:Type="Number">-0.81</Data></Cell>
    <Cell><Data ss:Type="Number">22.7</Data></Cell>
    <Cell><Data ss:Type="Number">39.200000000000003</Data></Cell>
    <Cell><Data ss:Type="Number">0</Data></Cell>
    <Cell><Data ss:Type="Number">0</Data></Cell>
    <Cell><Data ss:Type="String">2023-12-07 16:16:26.544969</Data></Cell>
   </Row>
   <Row>
    <Cell><Data ss:Type="String">2574</Data></Cell>
    <Cell><Data ss:Type="Number">-0.02</Data></Cell>
    <Cell><Data ss:Type="Number">-9.9700000000000006</Data></Cell>
    <Cell><Data ss:Type="Number">-0.24</Data></Cell>
    <Cell><Data ss:Type="Number">-9.4499999999999993</Data></Cell>
    <Cell><Data ss:Type="Number">0.03</Data></Cell>
    <Cell><Data ss:Type="Number">-0.94</Data></Cell>
    <Cell><Data ss:Type="Number">22.7</Data></Cell>
    <Cell><Data ss:Type="Number">39.200000000000003</Data></Cell>
    <Cell><Data ss:Type="Number">0</Data></Cell>
    <Cell><Data ss:Type="Number">0</Data></Cell>
    <Cell><Data ss:Type="String">2023-12-07 16:16:26.542912</Data></Cell>
   </Row>
   <Row>
    <Cell><Data ss:Type="String">2573</Data></Cell>
    <Cell><Data ss:Type="Number">-0.09</Data></Cell>
    <Cell><Data ss:Type="Number">-10.16</Data></Cell>
    <Cell><Data ss:Type="Number">-0.23</Data></Cell>
    <Cell><Data ss:Type="Number">-9.56</Data></Cell>
    <Cell><Data ss:Type="Number">0.31</Data></Cell>
    <Cell><Data ss:Type="Number">-0.99</Data></Cell>
    <Cell><Data ss:Type="Number">22.7</Data></Cell>
    <Cell><Data ss:Type="Number">39.200000000000003</Data></Cell>
    <Cell><Data ss:Type="Number">0</Data></Cell>
    <Cell><Data ss:Type="Number">0</Data></Cell>
    <Cell><Data ss:Type="String">2023-12-07 16:16:26.540819</Data></Cell>
   </Row>
   <Row>
    <Cell><Data ss:Type="String">2572</Data></Cell>
    <Cell><Data ss:Type="Number">0.86</Data></Cell>
    <Cell><Data ss:Type="Number">-10.26</Data></Cell>
    <Cell><Data ss:Type="Number">0.28000000000000003</Data></Cell>
    <Cell><Data ss:Type="Number">-9.3800000000000008</Data></Cell>
    <Cell><Data ss:Type="Number">-0.06</Data></Cell>
    <Cell><Data ss:Type="Number">-0.86</Data></Cell>
    <Cell><Data ss:Type="Number">22.7</Data></Cell>
    <Cell><Data ss:Type="Number">39.200000000000003</Data></Cell>
    <Cell><Data ss:Type="Number">0</Data></Cell>
    <Cell><Data ss:Type="Number">0</Data></Cell>
    <Cell><Data ss:Type="String">2023-12-07 16:16:26.537990</Data></Cell>
   </Row>
   <Row>
    <Cell><Data ss:Type="String">2571</Data></Cell>
    <Cell><Data ss:Type="Number">1.05</Data></Cell>
    <Cell><Data ss:Type="Number">-9.85</Data></Cell>
    <Cell><Data ss:Type="Number">0.35</Data></Cell>
    <Cell><Data ss:Type="Number">-9.4700000000000006</Data></Cell>
    <Cell><Data ss:Type="Number">-1.07</Data></Cell>
    <Cell><Data ss:Type="Number">-0.98</Data></Cell>
    <Cell><Data ss:Type="Number">22.7</Data></Cell>
    <Cell><Data ss:Type="Number">39.200000000000003</Data></Cell>
    <Cell><Data ss:Type="Number">0</Data></Cell>
    <Cell><Data ss:Type="Number">0</Data></Cell>
    <Cell><Data ss:Type="String">2023-12-07 16:16:26.301819</Data></Cell>
   </Row>
   <Row>
    <Cell><Data ss:Type="String">2570</Data></Cell>
    <Cell><Data ss:Type="Number">-2.54</Data></Cell>
    <Cell><Data ss:Type="Number">-11.01</Data></Cell>
    <Cell><Data ss:Type="Number">-0.68</Data></Cell>
    <Cell><Data ss:Type="Number">-9.5399999999999991</Data></Cell>
    <Cell><Data ss:Type="Number">1.0900000000000001</Data></Cell>
    <Cell><Data ss:Type="Number">-0.83</Data></Cell>
    <Cell><Data ss:Type="Number">22.7</Data></Cell>
    <Cell><Data ss:Type="Number">39.200000000000003</Data></Cell>
    <Cell><Data ss:Type="Number">0</Data></Cell>
    <Cell><Data ss:Type="Number">0</Data></Cell>
    <Cell><Data ss:Type="String">2023-12-07 16:16:26.255849</Data></Cell>
   </Row>
   <Row>
    <Cell><Data ss:Type="String">2569</Data></Cell>
    <Cell><Data ss:Type="Number">-0.13</Data></Cell>
    <Cell><Data ss:Type="Number">-9.52</Data></Cell>
    <Cell><Data ss:Type="Number">-1.32</Data></Cell>
    <Cell><Data ss:Type="Number">-10.53</Data></Cell>
    <Cell><Data ss:Type="Number">1.85</Data></Cell>
    <Cell><Data ss:Type="Number">-1.57</Data></Cell>
    <Cell><Data ss:Type="Number">22.7</Data></Cell>
    <Cell><Data ss:Type="Number">39.200000000000003</Data></Cell>
    <Cell><Data ss:Type="Number">0</Data></Cell>
    <Cell><Data ss:Type="Number">0</Data></Cell>
    <Cell><Data ss:Type="String">2023-12-07 16:16:26.253333</Data></Cell>
   </Row>
   <Row>
    <Cell><Data ss:Type="String">2568</Data></Cell>
    <Cell><Data ss:Type="Number">0.24</Data></Cell>
    <Cell><Data ss:Type="Number">-10.220000000000001</Data></Cell>
    <Cell><Data ss:Type="Number">0.15</Data></Cell>
    <Cell><Data ss:Type="Number">-9.51</Data></Cell>
    <Cell><Data ss:Type="Number">-7.0000000000000007E-2</Data></Cell>
    <Cell><Data ss:Type="Number">-0.88</Data></Cell>
    <Cell><Data ss:Type="Number">22.7</Data></Cell>
    <Cell><Data ss:Type="Number">39.200000000000003</Data></Cell>
    <Cell><Data ss:Type="Number">0</Data></Cell>
    <Cell><Data ss:Type="Number">0</Data></Cell>
    <Cell><Data ss:Type="String">2023-12-07 16:16:26.207346</Data></Cell>
   </Row>
   <Row>
    <Cell><Data ss:Type="String">2567</Data></Cell>
    <Cell><Data ss:Type="Number">0.28999999999999998</Data></Cell>
    <Cell><Data ss:Type="Number">-10.130000000000001</Data></Cell>
    <Cell><Data ss:Type="Number">0.04</Data></Cell>
    <Cell><Data ss:Type="Number">-9.43</Data></Cell>
    <Cell><Data ss:Type="Number">-0.06</Data></Cell>
    <Cell><Data ss:Type="Number">-0.93</Data></Cell>
    <Cell><Data ss:Type="Number">22.7</Data></Cell>
    <Cell><Data ss:Type="Number">39.200000000000003</Data></Cell>
    <Cell><Data ss:Type="Number">0</Data></Cell>
    <Cell><Data ss:Type="Number">0</Data></Cell>
    <Cell><Data ss:Type="String">2023-12-07 16:16:26.161148</Data></Cell>
   </Row>
   <Row>
    <Cell><Data ss:Type="String">2566</Data></Cell>
    <Cell><Data ss:Type="Number">0.28000000000000003</Data></Cell>
    <Cell><Data ss:Type="Number">-9.89</Data></Cell>
    <Cell><Data ss:Type="Number">0.08</Data></Cell>
    <Cell><Data ss:Type="Number">-9.44</Data></Cell>
    <Cell><Data ss:Type="Number">-7.0000000000000007E-2</Data></Cell>
    <Cell><Data ss:Type="Number">-0.94</Data></Cell>
    <Cell><Data ss:Type="Number">22.7</Data></Cell>
    <Cell><Data ss:Type="Number">39.200000000000003</Data></Cell>
    <Cell><Data ss:Type="Number">0</Data></Cell>
    <Cell><Data ss:Type="Number">0</Data></Cell>
    <Cell><Data ss:Type="String">2023-12-07 16:16:26.117042</Data></Cell>
   </Row>
   <Row>
    <Cell><Data ss:Type="String">2565</Data></Cell>
    <Cell><Data ss:Type="Number">0.27</Data></Cell>
    <Cell><Data ss:Type="Number">-9.9700000000000006</Data></Cell>
    <Cell><Data ss:Type="Number">0.09</Data></Cell>
    <Cell><Data ss:Type="Number">-9.48</Data></Cell>
    <Cell><Data ss:Type="Number">-0.08</Data></Cell>
    <Cell><Data ss:Type="Number">-0.96</Data></Cell>
    <Cell><Data ss:Type="Number">22.7</Data></Cell>
    <Cell><Data ss:Type="Number">39.200000000000003</Data></Cell>
    <Cell><Data ss:Type="Number">0</Data></Cell>
    <Cell><Data ss:Type="Number">0</Data></Cell>
    <Cell><Data ss:Type="String">2023-12-07 16:16:26.115115</Data></Cell>
   </Row>
   <Row>
    <Cell><Data ss:Type="String">2564</Data></Cell>
    <Cell><Data ss:Type="Number">0.28999999999999998</Data></Cell>
    <Cell><Data ss:Type="Number">-10.26</Data></Cell>
    <Cell><Data ss:Type="Number">0.17</Data></Cell>
    <Cell><Data ss:Type="Number">-9.5500000000000007</Data></Cell>
    <Cell><Data ss:Type="Number">-0.06</Data></Cell>
    <Cell><Data ss:Type="Number">-0.9</Data></Cell>
    <Cell><Data ss:Type="Number">22.7</Data></Cell>
    <Cell><Data ss:Type="Number">39.200000000000003</Data></Cell>
    <Cell><Data ss:Type="Number">0</Data></Cell>
    <Cell><Data ss:Type="Number">0</Data></Cell>
    <Cell><Data ss:Type="String">2023-12-07 16:16:26.070370</Data></Cell>
   </Row>
   <Row>
    <Cell><Data ss:Type="String">2563</Data></Cell>
    <Cell><Data ss:Type="Number">0.25</Data></Cell>
    <Cell><Data ss:Type="Number">-10.15</Data></Cell>
    <Cell><Data ss:Type="Number">0.22</Data></Cell>
    <Cell><Data ss:Type="Number">-9.4499999999999993</Data></Cell>
    <Cell><Data ss:Type="Number">-0.04</Data></Cell>
    <Cell><Data ss:Type="Number">-0.91</Data></Cell>
    <Cell><Data ss:Type="Number">22.7</Data></Cell>
    <Cell><Data ss:Type="Number">39.200000000000003</Data></Cell>
    <Cell><Data ss:Type="Number">0</Data></Cell>
    <Cell><Data ss:Type="Number">0</Data></Cell>
    <Cell><Data ss:Type="String">2023-12-07 16:16:26.024311</Data></Cell>
   </Row>
   <Row>
    <Cell><Data ss:Type="String">2562</Data></Cell>
    <Cell><Data ss:Type="Number">0.27</Data></Cell>
    <Cell><Data ss:Type="Number">-9.9499999999999993</Data></Cell>
    <Cell><Data ss:Type="Number">0.33</Data></Cell>
    <Cell><Data ss:Type="Number">-9.42</Data></Cell>
    <Cell><Data ss:Type="Number">-7.0000000000000007E-2</Data></Cell>
    <Cell><Data ss:Type="Number">-0.93</Data></Cell>
    <Cell><Data ss:Type="Number">22.7</Data></Cell>
    <Cell><Data ss:Type="Number">39.200000000000003</Data></Cell>
    <Cell><Data ss:Type="Number">0</Data></Cell>
    <Cell><Data ss:Type="Number">0</Data></Cell>
    <Cell><Data ss:Type="String">2023-12-07 16:16:25.980633</Data></Cell>
   </Row>
   <Row>
    <Cell><Data ss:Type="String">2561</Data></Cell>
    <Cell><Data ss:Type="Number">0.26</Data></Cell>
    <Cell><Data ss:Type="Number">-9.9499999999999993</Data></Cell>
    <Cell><Data ss:Type="Number">0.08</Data></Cell>
    <Cell><Data ss:Type="Number">-9.4600000000000009</Data></Cell>
    <Cell><Data ss:Type="Number">-0.09</Data></Cell>
    <Cell><Data ss:Type="Number">-0.96</Data></Cell>
    <Cell><Data ss:Type="Number">22.7</Data></Cell>
    <Cell><Data ss:Type="Number">39.200000000000003</Data></Cell>
    <Cell><Data ss:Type="Number">0</Data></Cell>
    <Cell><Data ss:Type="Number">0</Data></Cell>
    <Cell><Data ss:Type="String">2023-12-07 16:16:25.978660</Data></Cell>
   </Row>
   <Row>
    <Cell><Data ss:Type="String">2560</Data></Cell>
    <Cell><Data ss:Type="Number">0.35</Data></Cell>
    <Cell><Data ss:Type="Number">-10</Data></Cell>
    <Cell><Data ss:Type="Number">0.02</Data></Cell>
    <Cell><Data ss:Type="Number">-9.52</Data></Cell>
    <Cell><Data ss:Type="Number">-0.08</Data></Cell>
    <Cell><Data ss:Type="Number">-0.91</Data></Cell>
    <Cell><Data ss:Type="Number">22.7</Data></Cell>
    <Cell><Data ss:Type="Number">39.200000000000003</Data></Cell>
    <Cell><Data ss:Type="Number">0</Data></Cell>
    <Cell><Data ss:Type="Number">0</Data></Cell>
    <Cell><Data ss:Type="String">2023-12-07 16:16:25.933155</Data></Cell>
   </Row>
   <Row>
    <Cell><Data ss:Type="String">2559</Data></Cell>
    <Cell><Data ss:Type="Number">0.3</Data></Cell>
    <Cell><Data ss:Type="Number">-10.23</Data></Cell>
    <Cell><Data ss:Type="Number">0.18</Data></Cell>
    <Cell><Data ss:Type="Number">-9.5399999999999991</Data></Cell>
    <Cell><Data ss:Type="Number">-0.06</Data></Cell>
    <Cell><Data ss:Type="Number">-0.91</Data></Cell>
    <Cell><Data ss:Type="Number">22.7</Data></Cell>
    <Cell><Data ss:Type="Number">39.200000000000003</Data></Cell>
    <Cell><Data ss:Type="Number">0</Data></Cell>
    <Cell><Data ss:Type="Number">0</Data></Cell>
    <Cell><Data ss:Type="String">2023-12-07 16:16:25.889734</Data></Cell>
   </Row>
   <Row>
    <Cell><Data ss:Type="String">2558</Data></Cell>
    <Cell><Data ss:Type="Number">0.28999999999999998</Data></Cell>
    <Cell><Data ss:Type="Number">-10.09</Data></Cell>
    <Cell><Data ss:Type="Number">0.17</Data></Cell>
    <Cell><Data ss:Type="Number">-9.48</Data></Cell>
    <Cell><Data ss:Type="Number">-0.04</Data></Cell>
    <Cell><Data ss:Type="Number">-0.94</Data></Cell>
    <Cell><Data ss:Type="Number">22.7</Data></Cell>
    <Cell><Data ss:Type="Number">39.200000000000003</Data></Cell>
    <Cell><Data ss:Type="Number">0</Data></Cell>
    <Cell><Data ss:Type="Number">0</Data></Cell>
    <Cell><Data ss:Type="String">2023-12-07 16:16:25.887033</Data></Cell>
   </Row>
   <Row>
    <Cell><Data ss:Type="String">2557</Data></Cell>
    <Cell><Data ss:Type="Number">0.23</Data></Cell>
    <Cell><Data ss:Type="Number">-10.1</Data></Cell>
    <Cell><Data ss:Type="Number">7.0000000000000007E-2</Data></Cell>
    <Cell><Data ss:Type="Number">-9.42</Data></Cell>
    <Cell><Data ss:Type="Number">-0.08</Data></Cell>
    <Cell><Data ss:Type="Number">-0.91</Data></Cell>
    <Cell><Data ss:Type="Number">22.7</Data></Cell>
    <Cell><Data ss:Type="Number">39.200000000000003</Data></Cell>
    <Cell><Data ss:Type="Number">0</Data></Cell>
    <Cell><Data ss:Type="Number">0</Data></Cell>
    <Cell><Data ss:Type="String">2023-12-07 16:16:25.841530</Data></Cell>
   </Row>
   <Row>
    <Cell><Data ss:Type="String">2556</Data></Cell>
    <Cell><Data ss:Type="Number">0.32</Data></Cell>
    <Cell><Data ss:Type="Number">-10.06</Data></Cell>
    <Cell><Data ss:Type="Number">0.08</Data></Cell>
    <Cell><Data ss:Type="Number">-9.5299999999999994</Data></Cell>
    <Cell><Data ss:Type="Number">-7.0000000000000007E-2</Data></Cell>
    <Cell><Data ss:Type="Number">-0.95</Data></Cell>
    <Cell><Data ss:Type="Number">22.7</Data></Cell>
    <Cell><Data ss:Type="Number">39.200000000000003</Data></Cell>
    <Cell><Data ss:Type="Number">0</Data></Cell>
    <Cell><Data ss:Type="Number">0</Data></Cell>
    <Cell><Data ss:Type="String">2023-12-07 16:16:25.794427</Data></Cell>
   </Row>
   <Row>
    <Cell><Data ss:Type="String">2555</Data></Cell>
    <Cell><Data ss:Type="Number">0.26</Data></Cell>
    <Cell><Data ss:Type="Number">-10.15</Data></Cell>
    <Cell><Data ss:Type="Number">0.14000000000000001</Data></Cell>
    <Cell><Data ss:Type="Number">-9.5399999999999991</Data></Cell>
    <Cell><Data ss:Type="Number">-0.05</Data></Cell>
    <Cell><Data ss:Type="Number">-0.9</Data></Cell>
    <Cell><Data ss:Type="Number">22.7</Data></Cell>
    <Cell><Data ss:Type="Number">39.200000000000003</Data></Cell>
    <Cell><Data ss:Type="Number">0</Data></Cell>
    <Cell><Data ss:Type="Number">0</Data></Cell>
    <Cell><Data ss:Type="String">2023-12-07 16:16:25.750533</Data></Cell>
   </Row>
   <Row>
    <Cell><Data ss:Type="String">2554</Data></Cell>
    <Cell><Data ss:Type="Number">0.26</Data></Cell>
    <Cell><Data ss:Type="Number">-10.18</Data></Cell>
    <Cell><Data ss:Type="Number">0.16</Data></Cell>
    <Cell><Data ss:Type="Number">-9.5</Data></Cell>
    <Cell><Data ss:Type="Number">-0.09</Data></Cell>
    <Cell><Data ss:Type="Number">-0.89</Data></Cell>
    <Cell><Data ss:Type="Number">22.7</Data></Cell>
    <Cell><Data ss:Type="Number">39.200000000000003</Data></Cell>
    <Cell><Data ss:Type="Number">0</Data></Cell>
    <Cell><Data ss:Type="Number">0</Data></Cell>
    <Cell><Data ss:Type="String">2023-12-07 16:16:25.748932</Data></Cell>
   </Row>
   <Row>
    <Cell><Data ss:Type="String">2553</Data></Cell>
    <Cell><Data ss:Type="Number">0.28000000000000003</Data></Cell>
    <Cell><Data ss:Type="Number">-9.89</Data></Cell>
    <Cell><Data ss:Type="Number">0.25</Data></Cell>
    <Cell><Data ss:Type="Number">-9.42</Data></Cell>
    <Cell><Data ss:Type="Number">-0.06</Data></Cell>
    <Cell><Data ss:Type="Number">-0.92</Data></Cell>
    <Cell><Data ss:Type="Number">22.7</Data></Cell>
    <Cell><Data ss:Type="Number">39.200000000000003</Data></Cell>
    <Cell><Data ss:Type="Number">0</Data></Cell>
    <Cell><Data ss:Type="Number">0</Data></Cell>
    <Cell><Data ss:Type="String">2023-12-07 16:16:25.704810</Data></Cell>
   </Row>
   <Row>
    <Cell><Data ss:Type="String">2552</Data></Cell>
    <Cell><Data ss:Type="Number">0.35</Data></Cell>
    <Cell><Data ss:Type="Number">-9.9700000000000006</Data></Cell>
    <Cell><Data ss:Type="Number">0.11</Data></Cell>
    <Cell><Data ss:Type="Number">-9.49</Data></Cell>
    <Cell><Data ss:Type="Number">-0.09</Data></Cell>
    <Cell><Data ss:Type="Number">-0.93</Data></Cell>
    <Cell><Data ss:Type="Number">22.7</Data></Cell>
    <Cell><Data ss:Type="Number">39.200000000000003</Data></Cell>
    <Cell><Data ss:Type="Number">0</Data></Cell>
    <Cell><Data ss:Type="Number">0</Data></Cell>
    <Cell><Data ss:Type="String">2023-12-07 16:16:25.658909</Data></Cell>
   </Row>
   <Row>
    <Cell><Data ss:Type="String">2551</Data></Cell>
    <Cell><Data ss:Type="Number">0.32</Data></Cell>
    <Cell><Data ss:Type="Number">-10.08</Data></Cell>
    <Cell><Data ss:Type="Number">0.12</Data></Cell>
    <Cell><Data ss:Type="Number">-9.56</Data></Cell>
    <Cell><Data ss:Type="Number">-0.06</Data></Cell>
    <Cell><Data ss:Type="Number">-0.89</Data></Cell>
    <Cell><Data ss:Type="Number">22.7</Data></Cell>
    <Cell><Data ss:Type="Number">39.200000000000003</Data></Cell>
    <Cell><Data ss:Type="Number">0</Data></Cell>
    <Cell><Data ss:Type="Number">0</Data></Cell>
    <Cell><Data ss:Type="String">2023-12-07 16:16:25.614707</Data></Cell>
   </Row>
   <Row>
    <Cell><Data ss:Type="String">2550</Data></Cell>
    <Cell><Data ss:Type="Number">0.28999999999999998</Data></Cell>
    <Cell><Data ss:Type="Number">-10.19</Data></Cell>
    <Cell><Data ss:Type="Number">0.14000000000000001</Data></Cell>
    <Cell><Data ss:Type="Number">-9.51</Data></Cell>
    <Cell><Data ss:Type="Number">-0.06</Data></Cell>
    <Cell><Data ss:Type="Number">-0.91</Data></Cell>
    <Cell><Data ss:Type="Number">22.7</Data></Cell>
    <Cell><Data ss:Type="Number">39.200000000000003</Data></Cell>
    <Cell><Data ss:Type="Number">0</Data></Cell>
    <Cell><Data ss:Type="Number">0</Data></Cell>
    <Cell><Data ss:Type="String">2023-12-07 16:16:25.612989</Data></Cell>
   </Row>
   <Row>
    <Cell><Data ss:Type="String">2549</Data></Cell>
    <Cell><Data ss:Type="Number">0.27</Data></Cell>
    <Cell><Data ss:Type="Number">-9.98</Data></Cell>
    <Cell><Data ss:Type="Number">0.16</Data></Cell>
    <Cell><Data ss:Type="Number">-9.43</Data></Cell>
    <Cell><Data ss:Type="Number">-0.06</Data></Cell>
    <Cell><Data ss:Type="Number">-0.93</Data></Cell>
    <Cell><Data ss:Type="Number">22.7</Data></Cell>
    <Cell><Data ss:Type="Number">39.200000000000003</Data></Cell>
    <Cell><Data ss:Type="Number">0</Data></Cell>
    <Cell><Data ss:Type="Number">0</Data></Cell>
    <Cell><Data ss:Type="String">2023-12-07 16:16:25.567112</Data></Cell>
   </Row>
   <Row>
    <Cell><Data ss:Type="String">2548</Data></Cell>
    <Cell><Data ss:Type="Number">0.28000000000000003</Data></Cell>
    <Cell><Data ss:Type="Number">-9.86</Data></Cell>
    <Cell><Data ss:Type="Number">0.1</Data></Cell>
    <Cell><Data ss:Type="Number">-9.43</Data></Cell>
    <Cell><Data ss:Type="Number">-0.06</Data></Cell>
    <Cell><Data ss:Type="Number">-0.96</Data></Cell>
    <Cell><Data ss:Type="Number">22.7</Data></Cell>
    <Cell><Data ss:Type="Number">39.200000000000003</Data></Cell>
    <Cell><Data ss:Type="Number">0</Data></Cell>
    <Cell><Data ss:Type="Number">0</Data></Cell>
    <Cell><Data ss:Type="String">2023-12-07 16:16:25.522919</Data></Cell>
   </Row>
   <Row>
    <Cell><Data ss:Type="String">2547</Data></Cell>
    <Cell><Data ss:Type="Number">0.31</Data></Cell>
    <Cell><Data ss:Type="Number">-10.050000000000001</Data></Cell>
    <Cell><Data ss:Type="Number">0.12</Data></Cell>
    <Cell><Data ss:Type="Number">-9.5</Data></Cell>
    <Cell><Data ss:Type="Number">-0.09</Data></Cell>
    <Cell><Data ss:Type="Number">-0.94</Data></Cell>
    <Cell><Data ss:Type="Number">22.7</Data></Cell>
    <Cell><Data ss:Type="Number">39.200000000000003</Data></Cell>
    <Cell><Data ss:Type="Number">0</Data></Cell>
    <Cell><Data ss:Type="Number">0</Data></Cell>
    <Cell><Data ss:Type="String">2023-12-07 16:16:25.521101</Data></Cell>
   </Row>
   <Row>
    <Cell><Data ss:Type="String">2546</Data></Cell>
    <Cell><Data ss:Type="Number">0.25</Data></Cell>
    <Cell><Data ss:Type="Number">-10.119999999999999</Data></Cell>
    <Cell><Data ss:Type="Number">0.34</Data></Cell>
    <Cell><Data ss:Type="Number">-9.5299999999999994</Data></Cell>
    <Cell><Data ss:Type="Number">-0.09</Data></Cell>
    <Cell><Data ss:Type="Number">-0.9</Data></Cell>
    <Cell><Data ss:Type="Number">22.7</Data></Cell>
    <Cell><Data ss:Type="Number">39.200000000000003</Data></Cell>
    <Cell><Data ss:Type="Number">0</Data></Cell>
    <Cell><Data ss:Type="Number">0</Data></Cell>
    <Cell><Data ss:Type="String">2023-12-07 16:16:25.518467</Data></Cell>
   </Row>
   <Row>
    <Cell><Data ss:Type="String">2545</Data></Cell>
    <Cell><Data ss:Type="Number">0.25</Data></Cell>
    <Cell><Data ss:Type="Number">-10.14</Data></Cell>
    <Cell><Data ss:Type="Number">0.15</Data></Cell>
    <Cell><Data ss:Type="Number">-9.51</Data></Cell>
    <Cell><Data ss:Type="Number">-0.06</Data></Cell>
    <Cell><Data ss:Type="Number">-0.91</Data></Cell>
    <Cell><Data ss:Type="Number">22.7</Data></Cell>
    <Cell><Data ss:Type="Number">39.200000000000003</Data></Cell>
    <Cell><Data ss:Type="Number">0</Data></Cell>
    <Cell><Data ss:Type="Number">0</Data></Cell>
    <Cell><Data ss:Type="String">2023-12-07 16:16:25.516905</Data></Cell>
   </Row>
   <Row>
    <Cell><Data ss:Type="String">2544</Data></Cell>
    <Cell><Data ss:Type="Number">0.26</Data></Cell>
    <Cell><Data ss:Type="Number">-10.039999999999999</Data></Cell>
    <Cell><Data ss:Type="Number">0.16</Data></Cell>
    <Cell><Data ss:Type="Number">-9.4499999999999993</Data></Cell>
    <Cell><Data ss:Type="Number">-0.05</Data></Cell>
    <Cell><Data ss:Type="Number">-0.92</Data></Cell>
    <Cell><Data ss:Type="Number">22.7</Data></Cell>
    <Cell><Data ss:Type="Number">39.200000000000003</Data></Cell>
    <Cell><Data ss:Type="Number">0</Data></Cell>
    <Cell><Data ss:Type="Number">0</Data></Cell>
    <Cell><Data ss:Type="String">2023-12-07 16:16:25.515263</Data></Cell>
   </Row>
   <Row>
    <Cell><Data ss:Type="String">2543</Data></Cell>
    <Cell><Data ss:Type="Number">0.28000000000000003</Data></Cell>
    <Cell><Data ss:Type="Number">-10</Data></Cell>
    <Cell><Data ss:Type="Number">0.09</Data></Cell>
    <Cell><Data ss:Type="Number">-9.44</Data></Cell>
    <Cell><Data ss:Type="Number">-0.05</Data></Cell>
    <Cell><Data ss:Type="Number">-0.94</Data></Cell>
    <Cell><Data ss:Type="Number">22.7</Data></Cell>
    <Cell><Data ss:Type="Number">39.200000000000003</Data></Cell>
    <Cell><Data ss:Type="Number">0</Data></Cell>
    <Cell><Data ss:Type="Number">0</Data></Cell>
    <Cell><Data ss:Type="String">2023-12-07 16:16:25.513902</Data></Cell>
   </Row>
   <Row>
    <Cell><Data ss:Type="String">2542</Data></Cell>
    <Cell><Data ss:Type="Number">0.3</Data></Cell>
    <Cell><Data ss:Type="Number">-10.09</Data></Cell>
    <Cell><Data ss:Type="Number">0.15</Data></Cell>
    <Cell><Data ss:Type="Number">-9.49</Data></Cell>
    <Cell><Data ss:Type="Number">-0.11</Data></Cell>
    <Cell><Data ss:Type="Number">-0.95</Data></Cell>
    <Cell><Data ss:Type="Number">22.7</Data></Cell>
    <Cell><Data ss:Type="Number">39.200000000000003</Data></Cell>
    <Cell><Data ss:Type="Number">0</Data></Cell>
    <Cell><Data ss:Type="Number">0</Data></Cell>
    <Cell><Data ss:Type="String">2023-12-07 16:16:25.512401</Data></Cell>
   </Row>
   <Row>
    <Cell><Data ss:Type="String">2541</Data></Cell>
    <Cell><Data ss:Type="Number">0.31</Data></Cell>
    <Cell><Data ss:Type="Number">-10.18</Data></Cell>
    <Cell><Data ss:Type="Number">0.17</Data></Cell>
    <Cell><Data ss:Type="Number">-9.5500000000000007</Data></Cell>
    <Cell><Data ss:Type="Number">-0.08</Data></Cell>
    <Cell><Data ss:Type="Number">-0.89</Data></Cell>
    <Cell><Data ss:Type="Number">22.7</Data></Cell>
    <Cell><Data ss:Type="Number">39.200000000000003</Data></Cell>
    <Cell><Data ss:Type="Number">0</Data></Cell>
    <Cell><Data ss:Type="Number">0</Data></Cell>
    <Cell><Data ss:Type="String">2023-12-07 16:16:25.278827</Data></Cell>
   </Row>
   <Row>
    <Cell><Data ss:Type="String">2540</Data></Cell>
    <Cell><Data ss:Type="Number">0.27</Data></Cell>
    <Cell><Data ss:Type="Number">-10.029999999999999</Data></Cell>
    <Cell><Data ss:Type="Number">0.12</Data></Cell>
    <Cell><Data ss:Type="Number">-9.4700000000000006</Data></Cell>
    <Cell><Data ss:Type="Number">-0.04</Data></Cell>
    <Cell><Data ss:Type="Number">-0.92</Data></Cell>
    <Cell><Data ss:Type="Number">22.7</Data></Cell>
    <Cell><Data ss:Type="Number">39.200000000000003</Data></Cell>
    <Cell><Data ss:Type="Number">0</Data></Cell>
    <Cell><Data ss:Type="Number">0</Data></Cell>
    <Cell><Data ss:Type="String">2023-12-07 16:16:25.277259</Data></Cell>
   </Row>
   <Row>
    <Cell><Data ss:Type="String">2539</Data></Cell>
    <Cell><Data ss:Type="Number">0.3</Data></Cell>
    <Cell><Data ss:Type="Number">-9.98</Data></Cell>
    <Cell><Data ss:Type="Number">0.15</Data></Cell>
    <Cell><Data ss:Type="Number">-9.4</Data></Cell>
    <Cell><Data ss:Type="Number">-0.08</Data></Cell>
    <Cell><Data ss:Type="Number">-0.95</Data></Cell>
    <Cell><Data ss:Type="Number">22.7</Data></Cell>
    <Cell><Data ss:Type="Number">39.200000000000003</Data></Cell>
    <Cell><Data ss:Type="Number">0</Data></Cell>
    <Cell><Data ss:Type="Number">0</Data></Cell>
    <Cell><Data ss:Type="String">2023-12-07 16:16:25.232080</Data></Cell>
   </Row>
   <Row>
    <Cell><Data ss:Type="String">2538</Data></Cell>
    <Cell><Data ss:Type="Number">0.3</Data></Cell>
    <Cell><Data ss:Type="Number">-10.119999999999999</Data></Cell>
    <Cell><Data ss:Type="Number">0.13</Data></Cell>
    <Cell><Data ss:Type="Number">-9.49</Data></Cell>
    <Cell><Data ss:Type="Number">-0.09</Data></Cell>
    <Cell><Data ss:Type="Number">-0.93</Data></Cell>
    <Cell><Data ss:Type="Number">22.7</Data></Cell>
    <Cell><Data ss:Type="Number">39.200000000000003</Data></Cell>
    <Cell><Data ss:Type="Number">0</Data></Cell>
    <Cell><Data ss:Type="Number">0</Data></Cell>
    <Cell><Data ss:Type="String">2023-12-07 16:16:25.230687</Data></Cell>
   </Row>
   <Row>
    <Cell><Data ss:Type="String">2537</Data></Cell>
    <Cell><Data ss:Type="Number">0.33</Data></Cell>
    <Cell><Data ss:Type="Number">-10.210000000000001</Data></Cell>
    <Cell><Data ss:Type="Number">0.15</Data></Cell>
    <Cell><Data ss:Type="Number">-9.5299999999999994</Data></Cell>
    <Cell><Data ss:Type="Number">-0.09</Data></Cell>
    <Cell><Data ss:Type="Number">-0.93</Data></Cell>
    <Cell><Data ss:Type="Number">22.7</Data></Cell>
    <Cell><Data ss:Type="Number">39.200000000000003</Data></Cell>
    <Cell><Data ss:Type="Number">0</Data></Cell>
    <Cell><Data ss:Type="Number">0</Data></Cell>
    <Cell><Data ss:Type="String">2023-12-07 16:16:25.229392</Data></Cell>
   </Row>
   <Row>
    <Cell><Data ss:Type="String">2536</Data></Cell>
    <Cell><Data ss:Type="Number">0.26</Data></Cell>
    <Cell><Data ss:Type="Number">-10.24</Data></Cell>
    <Cell><Data ss:Type="Number">0.19</Data></Cell>
    <Cell><Data ss:Type="Number">-9.5500000000000007</Data></Cell>
    <Cell><Data ss:Type="Number">-0.06</Data></Cell>
    <Cell><Data ss:Type="Number">-0.87</Data></Cell>
    <Cell><Data ss:Type="Number">22.7</Data></Cell>
    <Cell><Data ss:Type="Number">39.200000000000003</Data></Cell>
    <Cell><Data ss:Type="Number">0</Data></Cell>
    <Cell><Data ss:Type="Number">0</Data></Cell>
    <Cell><Data ss:Type="String">2023-12-07 16:16:25.228060</Data></Cell>
   </Row>
   <Row>
    <Cell><Data ss:Type="String">2535</Data></Cell>
    <Cell><Data ss:Type="Number">0.46</Data></Cell>
    <Cell><Data ss:Type="Number">-10.199999999999999</Data></Cell>
    <Cell><Data ss:Type="Number">0.24</Data></Cell>
    <Cell><Data ss:Type="Number">-9.49</Data></Cell>
    <Cell><Data ss:Type="Number">-7.0000000000000007E-2</Data></Cell>
    <Cell><Data ss:Type="Number">-0.91</Data></Cell>
    <Cell><Data ss:Type="Number">22.7</Data></Cell>
    <Cell><Data ss:Type="Number">39.200000000000003</Data></Cell>
    <Cell><Data ss:Type="Number">0</Data></Cell>
    <Cell><Data ss:Type="Number">0</Data></Cell>
    <Cell><Data ss:Type="String">2023-12-07 16:16:25.226513</Data></Cell>
   </Row>
   <Row>
    <Cell><Data ss:Type="String">2534</Data></Cell>
    <Cell><Data ss:Type="Number">0.27</Data></Cell>
    <Cell><Data ss:Type="Number">-9.9499999999999993</Data></Cell>
    <Cell><Data ss:Type="Number">0.11</Data></Cell>
    <Cell><Data ss:Type="Number">-9.44</Data></Cell>
    <Cell><Data ss:Type="Number">-0.06</Data></Cell>
    <Cell><Data ss:Type="Number">-0.9</Data></Cell>
    <Cell><Data ss:Type="Number">22.7</Data></Cell>
    <Cell><Data ss:Type="Number">39.200000000000003</Data></Cell>
    <Cell><Data ss:Type="Number">0</Data></Cell>
    <Cell><Data ss:Type="Number">0</Data></Cell>
    <Cell><Data ss:Type="String">2023-12-07 16:16:25.225143</Data></Cell>
   </Row>
   <Row>
    <Cell><Data ss:Type="String">2533</Data></Cell>
    <Cell><Data ss:Type="Number">0.3</Data></Cell>
    <Cell><Data ss:Type="Number">-9.91</Data></Cell>
    <Cell><Data ss:Type="Number">7.0000000000000007E-2</Data></Cell>
    <Cell><Data ss:Type="Number">-9.4600000000000009</Data></Cell>
    <Cell><Data ss:Type="Number">-0.08</Data></Cell>
    <Cell><Data ss:Type="Number">-0.93</Data></Cell>
    <Cell><Data ss:Type="Number">22.7</Data></Cell>
    <Cell><Data ss:Type="Number">39.200000000000003</Data></Cell>
    <Cell><Data ss:Type="Number">0</Data></Cell>
    <Cell><Data ss:Type="Number">0</Data></Cell>
    <Cell><Data ss:Type="String">2023-12-07 16:16:25.223396</Data></Cell>
   </Row>
   <Row>
    <Cell><Data ss:Type="String">2532</Data></Cell>
    <Cell><Data ss:Type="Number">0.32</Data></Cell>
    <Cell><Data ss:Type="Number">-10.1</Data></Cell>
    <Cell><Data ss:Type="Number">0.25</Data></Cell>
    <Cell><Data ss:Type="Number">-9.52</Data></Cell>
    <Cell><Data ss:Type="Number">-0.08</Data></Cell>
    <Cell><Data ss:Type="Number">-0.91</Data></Cell>
    <Cell><Data ss:Type="Number">22.7</Data></Cell>
    <Cell><Data ss:Type="Number">39.200000000000003</Data></Cell>
    <Cell><Data ss:Type="Number">0</Data></Cell>
    <Cell><Data ss:Type="Number">0</Data></Cell>
    <Cell><Data ss:Type="String">2023-12-07 16:16:24.991357</Data></Cell>
   </Row>
   <Row>
    <Cell><Data ss:Type="String">2531</Data></Cell>
    <Cell><Data ss:Type="Number">0.28999999999999998</Data></Cell>
    <Cell><Data ss:Type="Number">-10.27</Data></Cell>
    <Cell><Data ss:Type="Number">0.18</Data></Cell>
    <Cell><Data ss:Type="Number">-9.5500000000000007</Data></Cell>
    <Cell><Data ss:Type="Number">-0.05</Data></Cell>
    <Cell><Data ss:Type="Number">-0.89</Data></Cell>
    <Cell><Data ss:Type="Number">22.7</Data></Cell>
    <Cell><Data ss:Type="Number">39.200000000000003</Data></Cell>
    <Cell><Data ss:Type="Number">0</Data></Cell>
    <Cell><Data ss:Type="Number">0</Data></Cell>
    <Cell><Data ss:Type="String">2023-12-07 16:16:24.989878</Data></Cell>
   </Row>
   <Row>
    <Cell><Data ss:Type="String">2530</Data></Cell>
    <Cell><Data ss:Type="Number">0.28000000000000003</Data></Cell>
    <Cell><Data ss:Type="Number">-10.17</Data></Cell>
    <Cell><Data ss:Type="Number">0.14000000000000001</Data></Cell>
    <Cell><Data ss:Type="Number">-9.49</Data></Cell>
    <Cell><Data ss:Type="Number">-0.06</Data></Cell>
    <Cell><Data ss:Type="Number">-0.91</Data></Cell>
    <Cell><Data ss:Type="Number">22.7</Data></Cell>
    <Cell><Data ss:Type="Number">39.200000000000003</Data></Cell>
    <Cell><Data ss:Type="Number">0</Data></Cell>
    <Cell><Data ss:Type="Number">0</Data></Cell>
    <Cell><Data ss:Type="String">2023-12-07 16:16:24.987798</Data></Cell>
   </Row>
   <Row>
    <Cell><Data ss:Type="String">2529</Data></Cell>
    <Cell><Data ss:Type="Number">0.27</Data></Cell>
    <Cell><Data ss:Type="Number">-9.98</Data></Cell>
    <Cell><Data ss:Type="Number">0.18</Data></Cell>
    <Cell><Data ss:Type="Number">-9.42</Data></Cell>
    <Cell><Data ss:Type="Number">-0.06</Data></Cell>
    <Cell><Data ss:Type="Number">-0.89</Data></Cell>
    <Cell><Data ss:Type="Number">22.7</Data></Cell>
    <Cell><Data ss:Type="Number">39.200000000000003</Data></Cell>
    <Cell><Data ss:Type="Number">0</Data></Cell>
    <Cell><Data ss:Type="Number">0</Data></Cell>
    <Cell><Data ss:Type="String">2023-12-07 16:16:24.985648</Data></Cell>
   </Row>
   <Row>
    <Cell><Data ss:Type="String">2528</Data></Cell>
    <Cell><Data ss:Type="Number">0.35</Data></Cell>
    <Cell><Data ss:Type="Number">-9.9700000000000006</Data></Cell>
    <Cell><Data ss:Type="Number">0.08</Data></Cell>
    <Cell><Data ss:Type="Number">-9.42</Data></Cell>
    <Cell><Data ss:Type="Number">-7.0000000000000007E-2</Data></Cell>
    <Cell><Data ss:Type="Number">-0.94</Data></Cell>
    <Cell><Data ss:Type="Number">22.7</Data></Cell>
    <Cell><Data ss:Type="Number">39.200000000000003</Data></Cell>
    <Cell><Data ss:Type="Number">0</Data></Cell>
    <Cell><Data ss:Type="Number">0</Data></Cell>
    <Cell><Data ss:Type="String">2023-12-07 16:16:24.984235</Data></Cell>
   </Row>
   <Row>
    <Cell><Data ss:Type="String">2527</Data></Cell>
    <Cell><Data ss:Type="Number">0.32</Data></Cell>
    <Cell><Data ss:Type="Number">-10.11</Data></Cell>
    <Cell><Data ss:Type="Number">0.1</Data></Cell>
    <Cell><Data ss:Type="Number">-9.48</Data></Cell>
    <Cell><Data ss:Type="Number">-7.0000000000000007E-2</Data></Cell>
    <Cell><Data ss:Type="Number">-0.92</Data></Cell>
    <Cell><Data ss:Type="Number">22.7</Data></Cell>
    <Cell><Data ss:Type="Number">39.200000000000003</Data></Cell>
    <Cell><Data ss:Type="Number">0</Data></Cell>
    <Cell><Data ss:Type="Number">0</Data></Cell>
    <Cell><Data ss:Type="String">2023-12-07 16:16:24.982695</Data></Cell>
   </Row>
   <Row>
    <Cell><Data ss:Type="String">2526</Data></Cell>
    <Cell><Data ss:Type="Number">0.31</Data></Cell>
    <Cell><Data ss:Type="Number">-10.210000000000001</Data></Cell>
    <Cell><Data ss:Type="Number">0.18</Data></Cell>
    <Cell><Data ss:Type="Number">-9.4700000000000006</Data></Cell>
    <Cell><Data ss:Type="Number">-0.06</Data></Cell>
    <Cell><Data ss:Type="Number">-0.91</Data></Cell>
    <Cell><Data ss:Type="Number">22.7</Data></Cell>
    <Cell><Data ss:Type="Number">39.200000000000003</Data></Cell>
    <Cell><Data ss:Type="Number">0</Data></Cell>
    <Cell><Data ss:Type="Number">0</Data></Cell>
    <Cell><Data ss:Type="String">2023-12-07 16:16:24.980767</Data></Cell>
   </Row>
   <Row>
    <Cell><Data ss:Type="String">2525</Data></Cell>
    <Cell><Data ss:Type="Number">0.25</Data></Cell>
    <Cell><Data ss:Type="Number">-9.91</Data></Cell>
    <Cell><Data ss:Type="Number">0.08</Data></Cell>
    <Cell><Data ss:Type="Number">-9.39</Data></Cell>
    <Cell><Data ss:Type="Number">-0.06</Data></Cell>
    <Cell><Data ss:Type="Number">-0.93</Data></Cell>
    <Cell><Data ss:Type="Number">22.7</Data></Cell>
    <Cell><Data ss:Type="Number">39.200000000000003</Data></Cell>
    <Cell><Data ss:Type="Number">0</Data></Cell>
    <Cell><Data ss:Type="Number">0</Data></Cell>
    <Cell><Data ss:Type="String">2023-12-07 16:16:24.741684</Data></Cell>
   </Row>
   <Row>
    <Cell><Data ss:Type="String">2524</Data></Cell>
    <Cell><Data ss:Type="Number">0.31</Data></Cell>
    <Cell><Data ss:Type="Number">-9.9600000000000009</Data></Cell>
    <Cell><Data ss:Type="Number">0.12</Data></Cell>
    <Cell><Data ss:Type="Number">-9.5</Data></Cell>
    <Cell><Data ss:Type="Number">-0.09</Data></Cell>
    <Cell><Data ss:Type="Number">-0.94</Data></Cell>
    <Cell><Data ss:Type="Number">22.7</Data></Cell>
    <Cell><Data ss:Type="Number">39.200000000000003</Data></Cell>
    <Cell><Data ss:Type="Number">0</Data></Cell>
    <Cell><Data ss:Type="Number">0</Data></Cell>
    <Cell><Data ss:Type="String">2023-12-07 16:16:24.740129</Data></Cell>
   </Row>
   <Row>
    <Cell><Data ss:Type="String">2523</Data></Cell>
    <Cell><Data ss:Type="Number">0.3</Data></Cell>
    <Cell><Data ss:Type="Number">-9.9700000000000006</Data></Cell>
    <Cell><Data ss:Type="Number">0.16</Data></Cell>
    <Cell><Data ss:Type="Number">-9.43</Data></Cell>
    <Cell><Data ss:Type="Number">-0.06</Data></Cell>
    <Cell><Data ss:Type="Number">-0.95</Data></Cell>
    <Cell><Data ss:Type="Number">22.7</Data></Cell>
    <Cell><Data ss:Type="Number">39.200000000000003</Data></Cell>
    <Cell><Data ss:Type="Number">0</Data></Cell>
    <Cell><Data ss:Type="Number">0</Data></Cell>
    <Cell><Data ss:Type="String">2023-12-07 16:16:24.698192</Data></Cell>
   </Row>
   <Row>
    <Cell><Data ss:Type="String">2522</Data></Cell>
    <Cell><Data ss:Type="Number">0.38</Data></Cell>
    <Cell><Data ss:Type="Number">-10.119999999999999</Data></Cell>
    <Cell><Data ss:Type="Number">0.15</Data></Cell>
    <Cell><Data ss:Type="Number">-9.52</Data></Cell>
    <Cell><Data ss:Type="Number">-0.08</Data></Cell>
    <Cell><Data ss:Type="Number">-0.95</Data></Cell>
    <Cell><Data ss:Type="Number">22.7</Data></Cell>
    <Cell><Data ss:Type="Number">39.200000000000003</Data></Cell>
    <Cell><Data ss:Type="Number">0</Data></Cell>
    <Cell><Data ss:Type="Number">0</Data></Cell>
    <Cell><Data ss:Type="String">2023-12-07 16:16:24.650807</Data></Cell>
   </Row>
   <Row>
    <Cell><Data ss:Type="String">2521</Data></Cell>
    <Cell><Data ss:Type="Number">0.3</Data></Cell>
    <Cell><Data ss:Type="Number">-10.19</Data></Cell>
    <Cell><Data ss:Type="Number">0.1</Data></Cell>
    <Cell><Data ss:Type="Number">-9.5399999999999991</Data></Cell>
    <Cell><Data ss:Type="Number">-0.1</Data></Cell>
    <Cell><Data ss:Type="Number">-0.92</Data></Cell>
    <Cell><Data ss:Type="Number">22.7</Data></Cell>
    <Cell><Data ss:Type="Number">39.200000000000003</Data></Cell>
    <Cell><Data ss:Type="Number">0</Data></Cell>
    <Cell><Data ss:Type="Number">0</Data></Cell>
    <Cell><Data ss:Type="String">2023-12-07 16:16:24.591226</Data></Cell>
   </Row>
   <Row>
    <Cell><Data ss:Type="String">2520</Data></Cell>
    <Cell><Data ss:Type="Number">0.24</Data></Cell>
    <Cell><Data ss:Type="Number">-10.210000000000001</Data></Cell>
    <Cell><Data ss:Type="Number">0.24</Data></Cell>
    <Cell><Data ss:Type="Number">-9.52</Data></Cell>
    <Cell><Data ss:Type="Number">-7.0000000000000007E-2</Data></Cell>
    <Cell><Data ss:Type="Number">-0.92</Data></Cell>
    <Cell><Data ss:Type="Number">22.7</Data></Cell>
    <Cell><Data ss:Type="Number">39.200000000000003</Data></Cell>
    <Cell><Data ss:Type="Number">0</Data></Cell>
    <Cell><Data ss:Type="Number">0</Data></Cell>
    <Cell><Data ss:Type="String">2023-12-07 16:16:24.571417</Data></Cell>
   </Row>
   <Row>
    <Cell><Data ss:Type="String">2519</Data></Cell>
    <Cell><Data ss:Type="Number">0.28999999999999998</Data></Cell>
    <Cell><Data ss:Type="Number">-10.19</Data></Cell>
    <Cell><Data ss:Type="Number">0.19</Data></Cell>
    <Cell><Data ss:Type="Number">-9.5299999999999994</Data></Cell>
    <Cell><Data ss:Type="Number">-0.09</Data></Cell>
    <Cell><Data ss:Type="Number">-0.9</Data></Cell>
    <Cell><Data ss:Type="Number">22.7</Data></Cell>
    <Cell><Data ss:Type="Number">39.200000000000003</Data></Cell>
    <Cell><Data ss:Type="Number">0</Data></Cell>
    <Cell><Data ss:Type="Number">0</Data></Cell>
    <Cell><Data ss:Type="String">2023-12-07 16:16:24.526403</Data></Cell>
   </Row>
   <Row>
    <Cell><Data ss:Type="String">2518</Data></Cell>
    <Cell><Data ss:Type="Number">0.28999999999999998</Data></Cell>
    <Cell><Data ss:Type="Number">-10.06</Data></Cell>
    <Cell><Data ss:Type="Number">0.23</Data></Cell>
    <Cell><Data ss:Type="Number">-9.43</Data></Cell>
    <Cell><Data ss:Type="Number">-0.06</Data></Cell>
    <Cell><Data ss:Type="Number">-0.93</Data></Cell>
    <Cell><Data ss:Type="Number">22.7</Data></Cell>
    <Cell><Data ss:Type="Number">39.200000000000003</Data></Cell>
    <Cell><Data ss:Type="Number">0</Data></Cell>
    <Cell><Data ss:Type="Number">0</Data></Cell>
    <Cell><Data ss:Type="String">2023-12-07 16:16:24.524633</Data></Cell>
   </Row>
   <Row>
    <Cell><Data ss:Type="String">2517</Data></Cell>
    <Cell><Data ss:Type="Number">0.3</Data></Cell>
    <Cell><Data ss:Type="Number">-9.99</Data></Cell>
    <Cell><Data ss:Type="Number">0.09</Data></Cell>
    <Cell><Data ss:Type="Number">-9.48</Data></Cell>
    <Cell><Data ss:Type="Number">-0.06</Data></Cell>
    <Cell><Data ss:Type="Number">-0.92</Data></Cell>
    <Cell><Data ss:Type="Number">22.7</Data></Cell>
    <Cell><Data ss:Type="Number">39.200000000000003</Data></Cell>
    <Cell><Data ss:Type="Number">0</Data></Cell>
    <Cell><Data ss:Type="Number">0</Data></Cell>
    <Cell><Data ss:Type="String">2023-12-07 16:16:24.478569</Data></Cell>
   </Row>
   <Row>
    <Cell><Data ss:Type="String">2516</Data></Cell>
    <Cell><Data ss:Type="Number">0.27</Data></Cell>
    <Cell><Data ss:Type="Number">-10.07</Data></Cell>
    <Cell><Data ss:Type="Number">0.03</Data></Cell>
    <Cell><Data ss:Type="Number">-9.56</Data></Cell>
    <Cell><Data ss:Type="Number">-0.1</Data></Cell>
    <Cell><Data ss:Type="Number">-0.95</Data></Cell>
    <Cell><Data ss:Type="Number">22.7</Data></Cell>
    <Cell><Data ss:Type="Number">39.200000000000003</Data></Cell>
    <Cell><Data ss:Type="Number">0</Data></Cell>
    <Cell><Data ss:Type="Number">0</Data></Cell>
    <Cell><Data ss:Type="String">2023-12-07 16:16:24.433839</Data></Cell>
   </Row>
   <Row>
    <Cell><Data ss:Type="String">2515</Data></Cell>
    <Cell><Data ss:Type="Number">0.31</Data></Cell>
    <Cell><Data ss:Type="Number">-10.210000000000001</Data></Cell>
    <Cell><Data ss:Type="Number">0.2</Data></Cell>
    <Cell><Data ss:Type="Number">-9.52</Data></Cell>
    <Cell><Data ss:Type="Number">-0.06</Data></Cell>
    <Cell><Data ss:Type="Number">-0.89</Data></Cell>
    <Cell><Data ss:Type="Number">22.7</Data></Cell>
    <Cell><Data ss:Type="Number">39.200000000000003</Data></Cell>
    <Cell><Data ss:Type="Number">0</Data></Cell>
    <Cell><Data ss:Type="Number">0</Data></Cell>
    <Cell><Data ss:Type="String">2023-12-07 16:16:24.432266</Data></Cell>
   </Row>
   <Row>
    <Cell><Data ss:Type="String">2514</Data></Cell>
    <Cell><Data ss:Type="Number">0.41</Data></Cell>
    <Cell><Data ss:Type="Number">-10.11</Data></Cell>
    <Cell><Data ss:Type="Number">0.14000000000000001</Data></Cell>
    <Cell><Data ss:Type="Number">-9.4499999999999993</Data></Cell>
    <Cell><Data ss:Type="Number">-0.08</Data></Cell>
    <Cell><Data ss:Type="Number">-0.94</Data></Cell>
    <Cell><Data ss:Type="Number">22.7</Data></Cell>
    <Cell><Data ss:Type="Number">39.200000000000003</Data></Cell>
    <Cell><Data ss:Type="Number">0</Data></Cell>
    <Cell><Data ss:Type="Number">0</Data></Cell>
    <Cell><Data ss:Type="String">2023-12-07 16:16:24.383241</Data></Cell>
   </Row>
   <Row>
    <Cell><Data ss:Type="String">2513</Data></Cell>
    <Cell><Data ss:Type="Number">0.28000000000000003</Data></Cell>
    <Cell><Data ss:Type="Number">-9.98</Data></Cell>
    <Cell><Data ss:Type="Number">0.09</Data></Cell>
    <Cell><Data ss:Type="Number">-9.44</Data></Cell>
    <Cell><Data ss:Type="Number">-0.09</Data></Cell>
    <Cell><Data ss:Type="Number">-0.96</Data></Cell>
    <Cell><Data ss:Type="Number">22.7</Data></Cell>
    <Cell><Data ss:Type="Number">39.200000000000003</Data></Cell>
    <Cell><Data ss:Type="Number">0</Data></Cell>
    <Cell><Data ss:Type="Number">0</Data></Cell>
    <Cell><Data ss:Type="String">2023-12-07 16:16:24.340311</Data></Cell>
   </Row>
   <Row>
    <Cell><Data ss:Type="String">2512</Data></Cell>
    <Cell><Data ss:Type="Number">0.32</Data></Cell>
    <Cell><Data ss:Type="Number">-10.039999999999999</Data></Cell>
    <Cell><Data ss:Type="Number">0.17</Data></Cell>
    <Cell><Data ss:Type="Number">-9.4600000000000009</Data></Cell>
    <Cell><Data ss:Type="Number">-0.06</Data></Cell>
    <Cell><Data ss:Type="Number">-0.89</Data></Cell>
    <Cell><Data ss:Type="Number">22.7</Data></Cell>
    <Cell><Data ss:Type="Number">39.200000000000003</Data></Cell>
    <Cell><Data ss:Type="Number">0</Data></Cell>
    <Cell><Data ss:Type="Number">0</Data></Cell>
    <Cell><Data ss:Type="String">2023-12-07 16:16:24.295166</Data></Cell>
   </Row>
   <Row>
    <Cell><Data ss:Type="String">2511</Data></Cell>
    <Cell><Data ss:Type="Number">0.33</Data></Cell>
    <Cell><Data ss:Type="Number">-10.15</Data></Cell>
    <Cell><Data ss:Type="Number">0.09</Data></Cell>
    <Cell><Data ss:Type="Number">-9.57</Data></Cell>
    <Cell><Data ss:Type="Number">-0.12</Data></Cell>
    <Cell><Data ss:Type="Number">-0.93</Data></Cell>
    <Cell><Data ss:Type="Number">22.7</Data></Cell>
    <Cell><Data ss:Type="Number">39.200000000000003</Data></Cell>
    <Cell><Data ss:Type="Number">0</Data></Cell>
    <Cell><Data ss:Type="Number">0</Data></Cell>
    <Cell><Data ss:Type="String">2023-12-07 16:16:24.293485</Data></Cell>
   </Row>
   <Row>
    <Cell><Data ss:Type="String">2510</Data></Cell>
    <Cell><Data ss:Type="Number">0.13</Data></Cell>
    <Cell><Data ss:Type="Number">-10.1</Data></Cell>
    <Cell><Data ss:Type="Number">0.14000000000000001</Data></Cell>
    <Cell><Data ss:Type="Number">-9.4499999999999993</Data></Cell>
    <Cell><Data ss:Type="Number">0.02</Data></Cell>
    <Cell><Data ss:Type="Number">-0.84</Data></Cell>
    <Cell><Data ss:Type="Number">22.7</Data></Cell>
    <Cell><Data ss:Type="Number">39.200000000000003</Data></Cell>
    <Cell><Data ss:Type="Number">0</Data></Cell>
    <Cell><Data ss:Type="Number">0</Data></Cell>
    <Cell><Data ss:Type="String">2023-12-07 16:16:24.247692</Data></Cell>
   </Row>
   <Row>
    <Cell><Data ss:Type="String">2509</Data></Cell>
    <Cell><Data ss:Type="Number">0.23</Data></Cell>
    <Cell><Data ss:Type="Number">-10.119999999999999</Data></Cell>
    <Cell><Data ss:Type="Number">0.1</Data></Cell>
    <Cell><Data ss:Type="Number">-9.4499999999999993</Data></Cell>
    <Cell><Data ss:Type="Number">-0.06</Data></Cell>
    <Cell><Data ss:Type="Number">-0.98</Data></Cell>
    <Cell><Data ss:Type="Number">22.7</Data></Cell>
    <Cell><Data ss:Type="Number">39.200000000000003</Data></Cell>
    <Cell><Data ss:Type="Number">0</Data></Cell>
    <Cell><Data ss:Type="Number">0</Data></Cell>
    <Cell><Data ss:Type="String">2023-12-07 16:16:24.202211</Data></Cell>
   </Row>
   <Row>
    <Cell><Data ss:Type="String">2508</Data></Cell>
    <Cell><Data ss:Type="Number">0.39</Data></Cell>
    <Cell><Data ss:Type="Number">-9.9600000000000009</Data></Cell>
    <Cell><Data ss:Type="Number">0.11</Data></Cell>
    <Cell><Data ss:Type="Number">-9.44</Data></Cell>
    <Cell><Data ss:Type="Number">-0.14000000000000001</Data></Cell>
    <Cell><Data ss:Type="Number">-0.91</Data></Cell>
    <Cell><Data ss:Type="Number">22.7</Data></Cell>
    <Cell><Data ss:Type="Number">39.200000000000003</Data></Cell>
    <Cell><Data ss:Type="Number">0</Data></Cell>
    <Cell><Data ss:Type="Number">0</Data></Cell>
    <Cell><Data ss:Type="String">2023-12-07 16:16:24.157861</Data></Cell>
   </Row>
   <Row>
    <Cell><Data ss:Type="String">2507</Data></Cell>
    <Cell><Data ss:Type="Number">0.25</Data></Cell>
    <Cell><Data ss:Type="Number">-10.14</Data></Cell>
    <Cell><Data ss:Type="Number">0.1</Data></Cell>
    <Cell><Data ss:Type="Number">-9.51</Data></Cell>
    <Cell><Data ss:Type="Number">-0.09</Data></Cell>
    <Cell><Data ss:Type="Number">-0.92</Data></Cell>
    <Cell><Data ss:Type="Number">22.7</Data></Cell>
    <Cell><Data ss:Type="Number">39.200000000000003</Data></Cell>
    <Cell><Data ss:Type="Number">0</Data></Cell>
    <Cell><Data ss:Type="Number">0</Data></Cell>
    <Cell><Data ss:Type="String">2023-12-07 16:16:24.156083</Data></Cell>
   </Row>
   <Row>
    <Cell><Data ss:Type="String">2506</Data></Cell>
    <Cell><Data ss:Type="Number">7.0000000000000007E-2</Data></Cell>
    <Cell><Data ss:Type="Number">-10.210000000000001</Data></Cell>
    <Cell><Data ss:Type="Number">-0.03</Data></Cell>
    <Cell><Data ss:Type="Number">-9.57</Data></Cell>
    <Cell><Data ss:Type="Number">7.0000000000000007E-2</Data></Cell>
    <Cell><Data ss:Type="Number">-0.96</Data></Cell>
    <Cell><Data ss:Type="Number">22.7</Data></Cell>
    <Cell><Data ss:Type="Number">39.200000000000003</Data></Cell>
    <Cell><Data ss:Type="Number">0</Data></Cell>
    <Cell><Data ss:Type="Number">0</Data></Cell>
    <Cell><Data ss:Type="String">2023-12-07 16:16:24.109862</Data></Cell>
   </Row>
   <Row>
    <Cell><Data ss:Type="String">2505</Data></Cell>
    <Cell><Data ss:Type="Number">0.48</Data></Cell>
    <Cell><Data ss:Type="Number">-9.9600000000000009</Data></Cell>
    <Cell><Data ss:Type="Number">0.26</Data></Cell>
    <Cell><Data ss:Type="Number">-9.4</Data></Cell>
    <Cell><Data ss:Type="Number">-0.08</Data></Cell>
    <Cell><Data ss:Type="Number">-0.84</Data></Cell>
    <Cell><Data ss:Type="Number">22.7</Data></Cell>
    <Cell><Data ss:Type="Number">39.200000000000003</Data></Cell>
    <Cell><Data ss:Type="Number">0</Data></Cell>
    <Cell><Data ss:Type="Number">0</Data></Cell>
    <Cell><Data ss:Type="String">2023-12-07 16:16:24.066400</Data></Cell>
   </Row>
   <Row>
    <Cell><Data ss:Type="String">2504</Data></Cell>
    <Cell><Data ss:Type="Number">0.63</Data></Cell>
    <Cell><Data ss:Type="Number">-10.01</Data></Cell>
    <Cell><Data ss:Type="Number">0.32</Data></Cell>
    <Cell><Data ss:Type="Number">-9.4499999999999993</Data></Cell>
    <Cell><Data ss:Type="Number">-0.38</Data></Cell>
    <Cell><Data ss:Type="Number">-0.95</Data></Cell>
    <Cell><Data ss:Type="Number">22.7</Data></Cell>
    <Cell><Data ss:Type="Number">39.200000000000003</Data></Cell>
    <Cell><Data ss:Type="Number">0</Data></Cell>
    <Cell><Data ss:Type="Number">0</Data></Cell>
    <Cell><Data ss:Type="String">2023-12-07 16:16:24.064165</Data></Cell>
   </Row>
   <Row>
    <Cell><Data ss:Type="String">2503</Data></Cell>
    <Cell><Data ss:Type="Number">-0.26</Data></Cell>
    <Cell><Data ss:Type="Number">-10.15</Data></Cell>
    <Cell><Data ss:Type="Number">-7.0000000000000007E-2</Data></Cell>
    <Cell><Data ss:Type="Number">-9.5399999999999991</Data></Cell>
    <Cell><Data ss:Type="Number">-0.01</Data></Cell>
    <Cell><Data ss:Type="Number">-0.95</Data></Cell>
    <Cell><Data ss:Type="Number">22.7</Data></Cell>
    <Cell><Data ss:Type="Number">39.200000000000003</Data></Cell>
    <Cell><Data ss:Type="Number">0</Data></Cell>
    <Cell><Data ss:Type="Number">0</Data></Cell>
    <Cell><Data ss:Type="String">2023-12-07 16:16:24.019414</Data></Cell>
   </Row>
   <Row>
    <Cell><Data ss:Type="String">2502</Data></Cell>
    <Cell><Data ss:Type="Number">-0.9</Data></Cell>
    <Cell><Data ss:Type="Number">-10.09</Data></Cell>
    <Cell><Data ss:Type="Number">-0.44</Data></Cell>
    <Cell><Data ss:Type="Number">-9.4499999999999993</Data></Cell>
    <Cell><Data ss:Type="Number">0.72</Data></Cell>
    <Cell><Data ss:Type="Number">-0.86</Data></Cell>
    <Cell><Data ss:Type="Number">22.7</Data></Cell>
    <Cell><Data ss:Type="Number">39.200000000000003</Data></Cell>
    <Cell><Data ss:Type="Number">0</Data></Cell>
    <Cell><Data ss:Type="Number">0</Data></Cell>
    <Cell><Data ss:Type="String">2023-12-07 16:16:23.973862</Data></Cell>
   </Row>
   <Row>
    <Cell><Data ss:Type="String">2501</Data></Cell>
    <Cell><Data ss:Type="Number">1.91</Data></Cell>
    <Cell><Data ss:Type="Number">-9.93</Data></Cell>
    <Cell><Data ss:Type="Number">0.73</Data></Cell>
    <Cell><Data ss:Type="Number">-9.5</Data></Cell>
    <Cell><Data ss:Type="Number">-0.4</Data></Cell>
    <Cell><Data ss:Type="Number">-0.98</Data></Cell>
    <Cell><Data ss:Type="Number">22.7</Data></Cell>
    <Cell><Data ss:Type="Number">39.200000000000003</Data></Cell>
    <Cell><Data ss:Type="Number">0</Data></Cell>
    <Cell><Data ss:Type="Number">0</Data></Cell>
    <Cell><Data ss:Type="String">2023-12-07 16:16:23.930090</Data></Cell>
   </Row>
   <Row>
    <Cell><Data ss:Type="String">2500</Data></Cell>
    <Cell><Data ss:Type="Number">1.52</Data></Cell>
    <Cell><Data ss:Type="Number">-9.91</Data></Cell>
    <Cell><Data ss:Type="Number">1.28</Data></Cell>
    <Cell><Data ss:Type="Number">-9.49</Data></Cell>
    <Cell><Data ss:Type="Number">-0.83</Data></Cell>
    <Cell><Data ss:Type="Number">-0.74</Data></Cell>
    <Cell><Data ss:Type="Number">22.7</Data></Cell>
    <Cell><Data ss:Type="Number">39.200000000000003</Data></Cell>
    <Cell><Data ss:Type="Number">0</Data></Cell>
    <Cell><Data ss:Type="Number">0</Data></Cell>
    <Cell><Data ss:Type="String">2023-12-07 16:16:23.928209</Data></Cell>
   </Row>
   <Row>
    <Cell><Data ss:Type="String">2499</Data></Cell>
    <Cell><Data ss:Type="Number">-2.6</Data></Cell>
    <Cell><Data ss:Type="Number">-13.04</Data></Cell>
    <Cell><Data ss:Type="Number">-2.67</Data></Cell>
    <Cell><Data ss:Type="Number">-12.11</Data></Cell>
    <Cell><Data ss:Type="Number">1.1499999999999999</Data></Cell>
    <Cell><Data ss:Type="Number">-2.12</Data></Cell>
    <Cell><Data ss:Type="Number">22.7</Data></Cell>
    <Cell><Data ss:Type="Number">39.200000000000003</Data></Cell>
    <Cell><Data ss:Type="Number">0</Data></Cell>
    <Cell><Data ss:Type="Number">0</Data></Cell>
    <Cell><Data ss:Type="String">2023-12-07 16:16:23.881909</Data></Cell>
   </Row>
   <Row>
    <Cell><Data ss:Type="String">2498</Data></Cell>
    <Cell><Data ss:Type="Number">-0.09</Data></Cell>
    <Cell><Data ss:Type="Number">-9.64</Data></Cell>
    <Cell><Data ss:Type="Number">0.18</Data></Cell>
    <Cell><Data ss:Type="Number">-9.35</Data></Cell>
    <Cell><Data ss:Type="Number">-0.02</Data></Cell>
    <Cell><Data ss:Type="Number">-0.89</Data></Cell>
    <Cell><Data ss:Type="Number">22.7</Data></Cell>
    <Cell><Data ss:Type="Number">39.200000000000003</Data></Cell>
    <Cell><Data ss:Type="Number">0</Data></Cell>
    <Cell><Data ss:Type="Number">0</Data></Cell>
    <Cell><Data ss:Type="String">2023-12-07 16:16:23.836651</Data></Cell>
   </Row>
   <Row>
    <Cell><Data ss:Type="String">2497</Data></Cell>
    <Cell><Data ss:Type="Number">0.49</Data></Cell>
    <Cell><Data ss:Type="Number">-10.1</Data></Cell>
    <Cell><Data ss:Type="Number">0.41</Data></Cell>
    <Cell><Data ss:Type="Number">-9.59</Data></Cell>
    <Cell><Data ss:Type="Number">-0.04</Data></Cell>
    <Cell><Data ss:Type="Number">-0.85</Data></Cell>
    <Cell><Data ss:Type="Number">22.7</Data></Cell>
    <Cell><Data ss:Type="Number">39.200000000000003</Data></Cell>
    <Cell><Data ss:Type="Number">0</Data></Cell>
    <Cell><Data ss:Type="Number">0</Data></Cell>
    <Cell><Data ss:Type="String">2023-12-07 16:16:23.793032</Data></Cell>
   </Row>
   <Row>
    <Cell><Data ss:Type="String">2496</Data></Cell>
    <Cell><Data ss:Type="Number">0.12</Data></Cell>
    <Cell><Data ss:Type="Number">-10.14</Data></Cell>
    <Cell><Data ss:Type="Number">-0.08</Data></Cell>
    <Cell><Data ss:Type="Number">-9.4600000000000009</Data></Cell>
    <Cell><Data ss:Type="Number">-0.08</Data></Cell>
    <Cell><Data ss:Type="Number">-1</Data></Cell>
    <Cell><Data ss:Type="Number">22.7</Data></Cell>
    <Cell><Data ss:Type="Number">39.200000000000003</Data></Cell>
    <Cell><Data ss:Type="Number">0</Data></Cell>
    <Cell><Data ss:Type="Number">0</Data></Cell>
    <Cell><Data ss:Type="String">2023-12-07 16:16:23.791546</Data></Cell>
   </Row>
   <Row>
    <Cell><Data ss:Type="String">2495</Data></Cell>
    <Cell><Data ss:Type="Number">0.47</Data></Cell>
    <Cell><Data ss:Type="Number">-10.19</Data></Cell>
    <Cell><Data ss:Type="Number">7.0000000000000007E-2</Data></Cell>
    <Cell><Data ss:Type="Number">-9.49</Data></Cell>
    <Cell><Data ss:Type="Number">-0.14000000000000001</Data></Cell>
    <Cell><Data ss:Type="Number">-0.92</Data></Cell>
    <Cell><Data ss:Type="Number">22.7</Data></Cell>
    <Cell><Data ss:Type="Number">39.200000000000003</Data></Cell>
    <Cell><Data ss:Type="Number">0</Data></Cell>
    <Cell><Data ss:Type="Number">0</Data></Cell>
    <Cell><Data ss:Type="String">2023-12-07 16:16:23.744319</Data></Cell>
   </Row>
   <Row>
    <Cell><Data ss:Type="String">2494</Data></Cell>
    <Cell><Data ss:Type="Number">0.66</Data></Cell>
    <Cell><Data ss:Type="Number">-9.81</Data></Cell>
    <Cell><Data ss:Type="Number">0.55000000000000004</Data></Cell>
    <Cell><Data ss:Type="Number">-9.33</Data></Cell>
    <Cell><Data ss:Type="Number">-0.06</Data></Cell>
    <Cell><Data ss:Type="Number">-0.93</Data></Cell>
    <Cell><Data ss:Type="Number">22.7</Data></Cell>
    <Cell><Data ss:Type="Number">39.200000000000003</Data></Cell>
    <Cell><Data ss:Type="Number">0</Data></Cell>
    <Cell><Data ss:Type="Number">0</Data></Cell>
    <Cell><Data ss:Type="String">2023-12-07 16:16:23.699635</Data></Cell>
   </Row>
   <Row>
    <Cell><Data ss:Type="String">2493</Data></Cell>
    <Cell><Data ss:Type="Number">0.53</Data></Cell>
    <Cell><Data ss:Type="Number">-9.7200000000000006</Data></Cell>
    <Cell><Data ss:Type="Number">0.08</Data></Cell>
    <Cell><Data ss:Type="Number">-9.39</Data></Cell>
    <Cell><Data ss:Type="Number">-0.08</Data></Cell>
    <Cell><Data ss:Type="Number">-0.82</Data></Cell>
    <Cell><Data ss:Type="Number">22.7</Data></Cell>
    <Cell><Data ss:Type="Number">39.200000000000003</Data></Cell>
    <Cell><Data ss:Type="Number">0</Data></Cell>
    <Cell><Data ss:Type="Number">0</Data></Cell>
    <Cell><Data ss:Type="String">2023-12-07 16:16:23.698193</Data></Cell>
   </Row>
   <Row>
    <Cell><Data ss:Type="String">2492</Data></Cell>
    <Cell><Data ss:Type="Number">0.18</Data></Cell>
    <Cell><Data ss:Type="Number">-9.6999999999999993</Data></Cell>
    <Cell><Data ss:Type="Number">0.71</Data></Cell>
    <Cell><Data ss:Type="Number">-9.5500000000000007</Data></Cell>
    <Cell><Data ss:Type="Number">-0.05</Data></Cell>
    <Cell><Data ss:Type="Number">-0.86</Data></Cell>
    <Cell><Data ss:Type="Number">22.7</Data></Cell>
    <Cell><Data ss:Type="Number">39.200000000000003</Data></Cell>
    <Cell><Data ss:Type="Number">0</Data></Cell>
    <Cell><Data ss:Type="Number">0</Data></Cell>
    <Cell><Data ss:Type="String">2023-12-07 16:16:23.696870</Data></Cell>
   </Row>
   <Row>
    <Cell><Data ss:Type="String">2491</Data></Cell>
    <Cell><Data ss:Type="Number">0.6</Data></Cell>
    <Cell><Data ss:Type="Number">-9.41</Data></Cell>
    <Cell><Data ss:Type="Number">0.13</Data></Cell>
    <Cell><Data ss:Type="Number">-9.3800000000000008</Data></Cell>
    <Cell><Data ss:Type="Number">-0.08</Data></Cell>
    <Cell><Data ss:Type="Number">-0.88</Data></Cell>
    <Cell><Data ss:Type="Number">22.7</Data></Cell>
    <Cell><Data ss:Type="Number">39.200000000000003</Data></Cell>
    <Cell><Data ss:Type="Number">0</Data></Cell>
    <Cell><Data ss:Type="Number">0</Data></Cell>
    <Cell><Data ss:Type="String">2023-12-07 16:16:23.695465</Data></Cell>
   </Row>
   <Row>
    <Cell><Data ss:Type="String">2490</Data></Cell>
    <Cell><Data ss:Type="Number">0.15</Data></Cell>
    <Cell><Data ss:Type="Number">-10.11</Data></Cell>
    <Cell><Data ss:Type="Number">-0.02</Data></Cell>
    <Cell><Data ss:Type="Number">-9.5500000000000007</Data></Cell>
    <Cell><Data ss:Type="Number">-0.01</Data></Cell>
    <Cell><Data ss:Type="Number">-0.93</Data></Cell>
    <Cell><Data ss:Type="Number">22.7</Data></Cell>
    <Cell><Data ss:Type="Number">39.200000000000003</Data></Cell>
    <Cell><Data ss:Type="Number">0</Data></Cell>
    <Cell><Data ss:Type="Number">0</Data></Cell>
    <Cell><Data ss:Type="String">2023-12-07 16:16:23.694064</Data></Cell>
   </Row>
   <Row>
    <Cell><Data ss:Type="String">2489</Data></Cell>
    <Cell><Data ss:Type="Number">0.32</Data></Cell>
    <Cell><Data ss:Type="Number">-10.19</Data></Cell>
    <Cell><Data ss:Type="Number">0.11</Data></Cell>
    <Cell><Data ss:Type="Number">-9.3800000000000008</Data></Cell>
    <Cell><Data ss:Type="Number">-0.06</Data></Cell>
    <Cell><Data ss:Type="Number">-0.93</Data></Cell>
    <Cell><Data ss:Type="Number">22.7</Data></Cell>
    <Cell><Data ss:Type="Number">39.200000000000003</Data></Cell>
    <Cell><Data ss:Type="Number">0</Data></Cell>
    <Cell><Data ss:Type="Number">0</Data></Cell>
    <Cell><Data ss:Type="String">2023-12-07 16:16:23.692572</Data></Cell>
   </Row>
   <Row>
    <Cell><Data ss:Type="String">2488</Data></Cell>
    <Cell><Data ss:Type="Number">0.15</Data></Cell>
    <Cell><Data ss:Type="Number">-9.6300000000000008</Data></Cell>
    <Cell><Data ss:Type="Number">0.05</Data></Cell>
    <Cell><Data ss:Type="Number">-9.43</Data></Cell>
    <Cell><Data ss:Type="Number">-7.0000000000000007E-2</Data></Cell>
    <Cell><Data ss:Type="Number">-0.92</Data></Cell>
    <Cell><Data ss:Type="Number">22.7</Data></Cell>
    <Cell><Data ss:Type="Number">39.200000000000003</Data></Cell>
    <Cell><Data ss:Type="Number">0</Data></Cell>
    <Cell><Data ss:Type="Number">0</Data></Cell>
    <Cell><Data ss:Type="String">2023-12-07 16:16:23.691065</Data></Cell>
   </Row>
   <Row>
    <Cell><Data ss:Type="String">2487</Data></Cell>
    <Cell><Data ss:Type="Number">0.19</Data></Cell>
    <Cell><Data ss:Type="Number">-8.52</Data></Cell>
    <Cell><Data ss:Type="Number">-0.03</Data></Cell>
    <Cell><Data ss:Type="Number">-9.2100000000000009</Data></Cell>
    <Cell><Data ss:Type="Number">-0.05</Data></Cell>
    <Cell><Data ss:Type="Number">-1.01</Data></Cell>
    <Cell><Data ss:Type="Number">22.7</Data></Cell>
    <Cell><Data ss:Type="Number">39.200000000000003</Data></Cell>
    <Cell><Data ss:Type="Number">0</Data></Cell>
    <Cell><Data ss:Type="Number">0</Data></Cell>
    <Cell><Data ss:Type="String">2023-12-07 16:16:23.470105</Data></Cell>
   </Row>
   <Row>
    <Cell><Data ss:Type="String">2486</Data></Cell>
    <Cell><Data ss:Type="Number">0.46</Data></Cell>
    <Cell><Data ss:Type="Number">-9.89</Data></Cell>
    <Cell><Data ss:Type="Number">0.11</Data></Cell>
    <Cell><Data ss:Type="Number">-9.4600000000000009</Data></Cell>
    <Cell><Data ss:Type="Number">-0.04</Data></Cell>
    <Cell><Data ss:Type="Number">-0.9</Data></Cell>
    <Cell><Data ss:Type="Number">22.7</Data></Cell>
    <Cell><Data ss:Type="Number">39.200000000000003</Data></Cell>
    <Cell><Data ss:Type="Number">0</Data></Cell>
    <Cell><Data ss:Type="Number">0</Data></Cell>
    <Cell><Data ss:Type="String">2023-12-07 16:16:23.467879</Data></Cell>
   </Row>
   <Row>
    <Cell><Data ss:Type="String">2485</Data></Cell>
    <Cell><Data ss:Type="Number">0.25</Data></Cell>
    <Cell><Data ss:Type="Number">-10.56</Data></Cell>
    <Cell><Data ss:Type="Number">0.16</Data></Cell>
    <Cell><Data ss:Type="Number">-9.65</Data></Cell>
    <Cell><Data ss:Type="Number">-0.12</Data></Cell>
    <Cell><Data ss:Type="Number">-0.91</Data></Cell>
    <Cell><Data ss:Type="Number">22.7</Data></Cell>
    <Cell><Data ss:Type="Number">39.200000000000003</Data></Cell>
    <Cell><Data ss:Type="Number">0</Data></Cell>
    <Cell><Data ss:Type="Number">0</Data></Cell>
    <Cell><Data ss:Type="String">2023-12-07 16:16:23.465648</Data></Cell>
   </Row>
   <Row>
    <Cell><Data ss:Type="String">2484</Data></Cell>
    <Cell><Data ss:Type="Number">0.28000000000000003</Data></Cell>
    <Cell><Data ss:Type="Number">-10.039999999999999</Data></Cell>
    <Cell><Data ss:Type="Number">0.01</Data></Cell>
    <Cell><Data ss:Type="Number">-9.48</Data></Cell>
    <Cell><Data ss:Type="Number">-0.11</Data></Cell>
    <Cell><Data ss:Type="Number">-0.9</Data></Cell>
    <Cell><Data ss:Type="Number">22.7</Data></Cell>
    <Cell><Data ss:Type="Number">39.200000000000003</Data></Cell>
    <Cell><Data ss:Type="Number">0</Data></Cell>
    <Cell><Data ss:Type="Number">0</Data></Cell>
    <Cell><Data ss:Type="String">2023-12-07 16:16:23.463562</Data></Cell>
   </Row>
   <Row>
    <Cell><Data ss:Type="String">2483</Data></Cell>
    <Cell><Data ss:Type="Number">0.26</Data></Cell>
    <Cell><Data ss:Type="Number">-10.55</Data></Cell>
    <Cell><Data ss:Type="Number">-0.35</Data></Cell>
    <Cell><Data ss:Type="Number">-9.31</Data></Cell>
    <Cell><Data ss:Type="Number">-7.0000000000000007E-2</Data></Cell>
    <Cell><Data ss:Type="Number">-0.92</Data></Cell>
    <Cell><Data ss:Type="Number">22.7</Data></Cell>
    <Cell><Data ss:Type="Number">39.200000000000003</Data></Cell>
    <Cell><Data ss:Type="Number">0</Data></Cell>
    <Cell><Data ss:Type="Number">0</Data></Cell>
    <Cell><Data ss:Type="String">2023-12-07 16:16:23.461616</Data></Cell>
   </Row>
   <Row>
    <Cell><Data ss:Type="String">2482</Data></Cell>
    <Cell><Data ss:Type="Number">0.45</Data></Cell>
    <Cell><Data ss:Type="Number">-9.44</Data></Cell>
    <Cell><Data ss:Type="Number">-0.01</Data></Cell>
    <Cell><Data ss:Type="Number">-9.36</Data></Cell>
    <Cell><Data ss:Type="Number">-0.04</Data></Cell>
    <Cell><Data ss:Type="Number">-0.93</Data></Cell>
    <Cell><Data ss:Type="Number">22.7</Data></Cell>
    <Cell><Data ss:Type="Number">39.200000000000003</Data></Cell>
    <Cell><Data ss:Type="Number">0</Data></Cell>
    <Cell><Data ss:Type="Number">0</Data></Cell>
    <Cell><Data ss:Type="String">2023-12-07 16:16:23.459464</Data></Cell>
   </Row>
   <Row>
    <Cell><Data ss:Type="String">2481</Data></Cell>
    <Cell><Data ss:Type="Number">0.65</Data></Cell>
    <Cell><Data ss:Type="Number">-10.06</Data></Cell>
    <Cell><Data ss:Type="Number">0.09</Data></Cell>
    <Cell><Data ss:Type="Number">-9.4700000000000006</Data></Cell>
    <Cell><Data ss:Type="Number">-0.15</Data></Cell>
    <Cell><Data ss:Type="Number">-0.91</Data></Cell>
    <Cell><Data ss:Type="Number">22.7</Data></Cell>
    <Cell><Data ss:Type="Number">39.200000000000003</Data></Cell>
    <Cell><Data ss:Type="Number">0</Data></Cell>
    <Cell><Data ss:Type="Number">0</Data></Cell>
    <Cell><Data ss:Type="String">2023-12-07 16:16:23.457750</Data></Cell>
   </Row>
   <Row>
    <Cell><Data ss:Type="String">2480</Data></Cell>
    <Cell><Data ss:Type="Number">0.38</Data></Cell>
    <Cell><Data ss:Type="Number">-10.15</Data></Cell>
    <Cell><Data ss:Type="Number">-0.01</Data></Cell>
    <Cell><Data ss:Type="Number">-9.56</Data></Cell>
    <Cell><Data ss:Type="Number">-0.02</Data></Cell>
    <Cell><Data ss:Type="Number">-0.96</Data></Cell>
    <Cell><Data ss:Type="Number">22.7</Data></Cell>
    <Cell><Data ss:Type="Number">39.200000000000003</Data></Cell>
    <Cell><Data ss:Type="Number">0</Data></Cell>
    <Cell><Data ss:Type="Number">0</Data></Cell>
    <Cell><Data ss:Type="String">2023-12-07 16:16:23.225467</Data></Cell>
   </Row>
   <Row>
    <Cell><Data ss:Type="String">2479</Data></Cell>
    <Cell><Data ss:Type="Number">0.73</Data></Cell>
    <Cell><Data ss:Type="Number">-10.23</Data></Cell>
    <Cell><Data ss:Type="Number">0.11</Data></Cell>
    <Cell><Data ss:Type="Number">-9.49</Data></Cell>
    <Cell><Data ss:Type="Number">-0.14000000000000001</Data></Cell>
    <Cell><Data ss:Type="Number">-0.83</Data></Cell>
    <Cell><Data ss:Type="Number">22.7</Data></Cell>
    <Cell><Data ss:Type="Number">39.200000000000003</Data></Cell>
    <Cell><Data ss:Type="Number">0</Data></Cell>
    <Cell><Data ss:Type="Number">0</Data></Cell>
    <Cell><Data ss:Type="String">2023-12-07 16:16:23.223528</Data></Cell>
   </Row>
   <Row>
    <Cell><Data ss:Type="String">2478</Data></Cell>
    <Cell><Data ss:Type="Number">0.3</Data></Cell>
    <Cell><Data ss:Type="Number">-9.64</Data></Cell>
    <Cell><Data ss:Type="Number">0.3</Data></Cell>
    <Cell><Data ss:Type="Number">-9.48</Data></Cell>
    <Cell><Data ss:Type="Number">-0.01</Data></Cell>
    <Cell><Data ss:Type="Number">-0.95</Data></Cell>
    <Cell><Data ss:Type="Number">22.7</Data></Cell>
    <Cell><Data ss:Type="Number">39.200000000000003</Data></Cell>
    <Cell><Data ss:Type="Number">0</Data></Cell>
    <Cell><Data ss:Type="Number">0</Data></Cell>
    <Cell><Data ss:Type="String">2023-12-07 16:16:23.177091</Data></Cell>
   </Row>
   <Row>
    <Cell><Data ss:Type="String">2477</Data></Cell>
    <Cell><Data ss:Type="Number">0.56000000000000005</Data></Cell>
    <Cell><Data ss:Type="Number">-9.61</Data></Cell>
    <Cell><Data ss:Type="Number">0.03</Data></Cell>
    <Cell><Data ss:Type="Number">-9.5299999999999994</Data></Cell>
    <Cell><Data ss:Type="Number">-0.03</Data></Cell>
    <Cell><Data ss:Type="Number">-0.87</Data></Cell>
    <Cell><Data ss:Type="Number">22.7</Data></Cell>
    <Cell><Data ss:Type="Number">39.200000000000003</Data></Cell>
    <Cell><Data ss:Type="Number">0</Data></Cell>
    <Cell><Data ss:Type="Number">0</Data></Cell>
    <Cell><Data ss:Type="String">2023-12-07 16:16:23.129951</Data></Cell>
   </Row>
   <Row>
    <Cell><Data ss:Type="String">2476</Data></Cell>
    <Cell><Data ss:Type="Number">0.78</Data></Cell>
    <Cell><Data ss:Type="Number">-10.69</Data></Cell>
    <Cell><Data ss:Type="Number">-0.18</Data></Cell>
    <Cell><Data ss:Type="Number">-9.59</Data></Cell>
    <Cell><Data ss:Type="Number">-0.15</Data></Cell>
    <Cell><Data ss:Type="Number">-0.9</Data></Cell>
    <Cell><Data ss:Type="Number">22.7</Data></Cell>
    <Cell><Data ss:Type="Number">39.200000000000003</Data></Cell>
    <Cell><Data ss:Type="Number">0</Data></Cell>
    <Cell><Data ss:Type="Number">0</Data></Cell>
    <Cell><Data ss:Type="String">2023-12-07 16:16:23.127892</Data></Cell>
   </Row>
   <Row>
    <Cell><Data ss:Type="String">2475</Data></Cell>
    <Cell><Data ss:Type="Number">0.12</Data></Cell>
    <Cell><Data ss:Type="Number">-10.43</Data></Cell>
    <Cell><Data ss:Type="Number">0.35</Data></Cell>
    <Cell><Data ss:Type="Number">-9.52</Data></Cell>
    <Cell><Data ss:Type="Number">-0.05</Data></Cell>
    <Cell><Data ss:Type="Number">-0.93</Data></Cell>
    <Cell><Data ss:Type="Number">22.7</Data></Cell>
    <Cell><Data ss:Type="Number">39.200000000000003</Data></Cell>
    <Cell><Data ss:Type="Number">0</Data></Cell>
    <Cell><Data ss:Type="Number">0</Data></Cell>
    <Cell><Data ss:Type="String">2023-12-07 16:16:23.083035</Data></Cell>
   </Row>
   <Row>
    <Cell><Data ss:Type="String">2474</Data></Cell>
    <Cell><Data ss:Type="Number">0.46</Data></Cell>
    <Cell><Data ss:Type="Number">-10.14</Data></Cell>
    <Cell><Data ss:Type="Number">0.1</Data></Cell>
    <Cell><Data ss:Type="Number">-9.42</Data></Cell>
    <Cell><Data ss:Type="Number">-0.14000000000000001</Data></Cell>
    <Cell><Data ss:Type="Number">-0.92</Data></Cell>
    <Cell><Data ss:Type="Number">22.7</Data></Cell>
    <Cell><Data ss:Type="Number">39.200000000000003</Data></Cell>
    <Cell><Data ss:Type="Number">0</Data></Cell>
    <Cell><Data ss:Type="Number">0</Data></Cell>
    <Cell><Data ss:Type="String">2023-12-07 16:16:23.036433</Data></Cell>
   </Row>
   <Row>
    <Cell><Data ss:Type="String">2473</Data></Cell>
    <Cell><Data ss:Type="Number">0.42</Data></Cell>
    <Cell><Data ss:Type="Number">-9.9600000000000009</Data></Cell>
    <Cell><Data ss:Type="Number">0.48</Data></Cell>
    <Cell><Data ss:Type="Number">-9.39</Data></Cell>
    <Cell><Data ss:Type="Number">-0.11</Data></Cell>
    <Cell><Data ss:Type="Number">-0.98</Data></Cell>
    <Cell><Data ss:Type="Number">22.7</Data></Cell>
    <Cell><Data ss:Type="Number">39.200000000000003</Data></Cell>
    <Cell><Data ss:Type="Number">0</Data></Cell>
    <Cell><Data ss:Type="Number">0</Data></Cell>
    <Cell><Data ss:Type="String">2023-12-07 16:16:22.994005</Data></Cell>
   </Row>
   <Row>
    <Cell><Data ss:Type="String">2472</Data></Cell>
    <Cell><Data ss:Type="Number">0.51</Data></Cell>
    <Cell><Data ss:Type="Number">-9.7799999999999994</Data></Cell>
    <Cell><Data ss:Type="Number">0.22</Data></Cell>
    <Cell><Data ss:Type="Number">-9.44</Data></Cell>
    <Cell><Data ss:Type="Number">-0.1</Data></Cell>
    <Cell><Data ss:Type="Number">-0.88</Data></Cell>
    <Cell><Data ss:Type="Number">22.7</Data></Cell>
    <Cell><Data ss:Type="Number">39.200000000000003</Data></Cell>
    <Cell><Data ss:Type="Number">0</Data></Cell>
    <Cell><Data ss:Type="Number">0</Data></Cell>
    <Cell><Data ss:Type="String">2023-12-07 16:16:22.992153</Data></Cell>
   </Row>
   <Row>
    <Cell><Data ss:Type="String">2471</Data></Cell>
    <Cell><Data ss:Type="Number">0.42</Data></Cell>
    <Cell><Data ss:Type="Number">-10.44</Data></Cell>
    <Cell><Data ss:Type="Number">0.15</Data></Cell>
    <Cell><Data ss:Type="Number">-9.61</Data></Cell>
    <Cell><Data ss:Type="Number">-0.04</Data></Cell>
    <Cell><Data ss:Type="Number">-0.88</Data></Cell>
    <Cell><Data ss:Type="Number">22.7</Data></Cell>
    <Cell><Data ss:Type="Number">39.200000000000003</Data></Cell>
    <Cell><Data ss:Type="Number">0</Data></Cell>
    <Cell><Data ss:Type="Number">0</Data></Cell>
    <Cell><Data ss:Type="String">2023-12-07 16:16:22.944758</Data></Cell>
   </Row>
   <Row>
    <Cell><Data ss:Type="String">2470</Data></Cell>
    <Cell><Data ss:Type="Number">0.23</Data></Cell>
    <Cell><Data ss:Type="Number">-10.47</Data></Cell>
    <Cell><Data ss:Type="Number">-0.09</Data></Cell>
    <Cell><Data ss:Type="Number">-9.5</Data></Cell>
    <Cell><Data ss:Type="Number">-0.11</Data></Cell>
    <Cell><Data ss:Type="Number">-0.89</Data></Cell>
    <Cell><Data ss:Type="Number">22.7</Data></Cell>
    <Cell><Data ss:Type="Number">39.200000000000003</Data></Cell>
    <Cell><Data ss:Type="Number">0</Data></Cell>
    <Cell><Data ss:Type="Number">0</Data></Cell>
    <Cell><Data ss:Type="String">2023-12-07 16:16:22.895780</Data></Cell>
   </Row>
   <Row>
    <Cell><Data ss:Type="String">2469</Data></Cell>
    <Cell><Data ss:Type="Number">0.09</Data></Cell>
    <Cell><Data ss:Type="Number">-10.029999999999999</Data></Cell>
    <Cell><Data ss:Type="Number">0.41</Data></Cell>
    <Cell><Data ss:Type="Number">-9.41</Data></Cell>
    <Cell><Data ss:Type="Number">-0.13</Data></Cell>
    <Cell><Data ss:Type="Number">-0.89</Data></Cell>
    <Cell><Data ss:Type="Number">22.7</Data></Cell>
    <Cell><Data ss:Type="Number">39.200000000000003</Data></Cell>
    <Cell><Data ss:Type="Number">0</Data></Cell>
    <Cell><Data ss:Type="Number">0</Data></Cell>
    <Cell><Data ss:Type="String">2023-12-07 16:16:22.856430</Data></Cell>
   </Row>
   <Row>
    <Cell><Data ss:Type="String">2468</Data></Cell>
    <Cell><Data ss:Type="Number">-0.42</Data></Cell>
    <Cell><Data ss:Type="Number">-10.4</Data></Cell>
    <Cell><Data ss:Type="Number">0.64</Data></Cell>
    <Cell><Data ss:Type="Number">-9.6</Data></Cell>
    <Cell><Data ss:Type="Number">-0.23</Data></Cell>
    <Cell><Data ss:Type="Number">-0.91</Data></Cell>
    <Cell><Data ss:Type="Number">22.7</Data></Cell>
    <Cell><Data ss:Type="Number">39.200000000000003</Data></Cell>
    <Cell><Data ss:Type="Number">0</Data></Cell>
    <Cell><Data ss:Type="Number">0</Data></Cell>
    <Cell><Data ss:Type="String">2023-12-07 16:16:22.853860</Data></Cell>
   </Row>
   <Row>
    <Cell><Data ss:Type="String">2467</Data></Cell>
    <Cell><Data ss:Type="Number">-0.17</Data></Cell>
    <Cell><Data ss:Type="Number">-10.48</Data></Cell>
    <Cell><Data ss:Type="Number">-0.02</Data></Cell>
    <Cell><Data ss:Type="Number">-9.6</Data></Cell>
    <Cell><Data ss:Type="Number">-0.03</Data></Cell>
    <Cell><Data ss:Type="Number">-0.85</Data></Cell>
    <Cell><Data ss:Type="Number">22.7</Data></Cell>
    <Cell><Data ss:Type="Number">39.200000000000003</Data></Cell>
    <Cell><Data ss:Type="Number">0</Data></Cell>
    <Cell><Data ss:Type="Number">0</Data></Cell>
    <Cell><Data ss:Type="String">2023-12-07 16:16:22.808277</Data></Cell>
   </Row>
   <Row>
    <Cell><Data ss:Type="String">2466</Data></Cell>
    <Cell><Data ss:Type="Number">0.41</Data></Cell>
    <Cell><Data ss:Type="Number">-9.8000000000000007</Data></Cell>
    <Cell><Data ss:Type="Number">-0.12</Data></Cell>
    <Cell><Data ss:Type="Number">-9.42</Data></Cell>
    <Cell><Data ss:Type="Number">0.24</Data></Cell>
    <Cell><Data ss:Type="Number">-0.97</Data></Cell>
    <Cell><Data ss:Type="Number">22.7</Data></Cell>
    <Cell><Data ss:Type="Number">39.200000000000003</Data></Cell>
    <Cell><Data ss:Type="Number">0</Data></Cell>
    <Cell><Data ss:Type="Number">0</Data></Cell>
    <Cell><Data ss:Type="String">2023-12-07 16:16:22.761156</Data></Cell>
   </Row>
   <Row>
    <Cell><Data ss:Type="String">2465</Data></Cell>
    <Cell><Data ss:Type="Number">1.17</Data></Cell>
    <Cell><Data ss:Type="Number">-9.73</Data></Cell>
    <Cell><Data ss:Type="Number">0.4</Data></Cell>
    <Cell><Data ss:Type="Number">-9.4</Data></Cell>
    <Cell><Data ss:Type="Number">-0.39</Data></Cell>
    <Cell><Data ss:Type="Number">-0.9</Data></Cell>
    <Cell><Data ss:Type="Number">22.7</Data></Cell>
    <Cell><Data ss:Type="Number">39.200000000000003</Data></Cell>
    <Cell><Data ss:Type="Number">0</Data></Cell>
    <Cell><Data ss:Type="Number">0</Data></Cell>
    <Cell><Data ss:Type="String">2023-12-07 16:16:22.719293</Data></Cell>
   </Row>
   <Row>
    <Cell><Data ss:Type="String">2464</Data></Cell>
    <Cell><Data ss:Type="Number">2.33</Data></Cell>
    <Cell><Data ss:Type="Number">-10.01</Data></Cell>
    <Cell><Data ss:Type="Number">0.61</Data></Cell>
    <Cell><Data ss:Type="Number">-9.4700000000000006</Data></Cell>
    <Cell><Data ss:Type="Number">-0.85</Data></Cell>
    <Cell><Data ss:Type="Number">-0.69</Data></Cell>
    <Cell><Data ss:Type="Number">22.7</Data></Cell>
    <Cell><Data ss:Type="Number">39.200000000000003</Data></Cell>
    <Cell><Data ss:Type="Number">0</Data></Cell>
    <Cell><Data ss:Type="Number">0</Data></Cell>
    <Cell><Data ss:Type="String">2023-12-07 16:16:22.717231</Data></Cell>
   </Row>
   <Row>
    <Cell><Data ss:Type="String">2463</Data></Cell>
    <Cell><Data ss:Type="Number">3.3</Data></Cell>
    <Cell><Data ss:Type="Number">-10.039999999999999</Data></Cell>
    <Cell><Data ss:Type="Number">1.27</Data></Cell>
    <Cell><Data ss:Type="Number">-9.49</Data></Cell>
    <Cell><Data ss:Type="Number">-1.36</Data></Cell>
    <Cell><Data ss:Type="Number">-1.02</Data></Cell>
    <Cell><Data ss:Type="Number">22.7</Data></Cell>
    <Cell><Data ss:Type="Number">39.200000000000003</Data></Cell>
    <Cell><Data ss:Type="Number">0</Data></Cell>
    <Cell><Data ss:Type="Number">0</Data></Cell>
    <Cell><Data ss:Type="String">2023-12-07 16:16:22.670334</Data></Cell>
   </Row>
   <Row>
    <Cell><Data ss:Type="String">2462</Data></Cell>
    <Cell><Data ss:Type="Number">-2.56</Data></Cell>
    <Cell><Data ss:Type="Number">-10.34</Data></Cell>
    <Cell><Data ss:Type="Number">0.82</Data></Cell>
    <Cell><Data ss:Type="Number">-9.26</Data></Cell>
    <Cell><Data ss:Type="Number">-0.75</Data></Cell>
    <Cell><Data ss:Type="Number">-0.43</Data></Cell>
    <Cell><Data ss:Type="Number">22.7</Data></Cell>
    <Cell><Data ss:Type="Number">39.200000000000003</Data></Cell>
    <Cell><Data ss:Type="Number">0</Data></Cell>
    <Cell><Data ss:Type="Number">0</Data></Cell>
    <Cell><Data ss:Type="String">2023-12-07 16:16:22.613451</Data></Cell>
   </Row>
   <Row>
    <Cell><Data ss:Type="String">2461</Data></Cell>
    <Cell><Data ss:Type="Number">0.33</Data></Cell>
    <Cell><Data ss:Type="Number">-10.07</Data></Cell>
    <Cell><Data ss:Type="Number">0.06</Data></Cell>
    <Cell><Data ss:Type="Number">-9.5399999999999991</Data></Cell>
    <Cell><Data ss:Type="Number">-7.0000000000000007E-2</Data></Cell>
    <Cell><Data ss:Type="Number">-0.87</Data></Cell>
    <Cell><Data ss:Type="Number">22.7</Data></Cell>
    <Cell><Data ss:Type="Number">39.200000000000003</Data></Cell>
    <Cell><Data ss:Type="Number">0</Data></Cell>
    <Cell><Data ss:Type="Number">0</Data></Cell>
    <Cell><Data ss:Type="String">2023-12-07 16:16:22.607262</Data></Cell>
   </Row>
   <Row>
    <Cell><Data ss:Type="String">2460</Data></Cell>
    <Cell><Data ss:Type="Number">0.28000000000000003</Data></Cell>
    <Cell><Data ss:Type="Number">-10.210000000000001</Data></Cell>
    <Cell><Data ss:Type="Number">0.14000000000000001</Data></Cell>
    <Cell><Data ss:Type="Number">-9.5299999999999994</Data></Cell>
    <Cell><Data ss:Type="Number">-0.08</Data></Cell>
    <Cell><Data ss:Type="Number">-0.91</Data></Cell>
    <Cell><Data ss:Type="Number">22.7</Data></Cell>
    <Cell><Data ss:Type="Number">39.200000000000003</Data></Cell>
    <Cell><Data ss:Type="Number">0</Data></Cell>
    <Cell><Data ss:Type="Number">0</Data></Cell>
    <Cell><Data ss:Type="String">2023-12-07 16:16:22.567477</Data></Cell>
   </Row>
   <Row>
    <Cell><Data ss:Type="String">2459</Data></Cell>
    <Cell><Data ss:Type="Number">0.22</Data></Cell>
    <Cell><Data ss:Type="Number">-10.11</Data></Cell>
    <Cell><Data ss:Type="Number">0.2</Data></Cell>
    <Cell><Data ss:Type="Number">-9.4600000000000009</Data></Cell>
    <Cell><Data ss:Type="Number">-0.09</Data></Cell>
    <Cell><Data ss:Type="Number">-0.89</Data></Cell>
    <Cell><Data ss:Type="Number">22.7</Data></Cell>
    <Cell><Data ss:Type="Number">39.200000000000003</Data></Cell>
    <Cell><Data ss:Type="Number">0</Data></Cell>
    <Cell><Data ss:Type="Number">0</Data></Cell>
    <Cell><Data ss:Type="String">2023-12-07 16:16:22.565822</Data></Cell>
   </Row>
   <Row>
    <Cell><Data ss:Type="String">2458</Data></Cell>
    <Cell><Data ss:Type="Number">0.26</Data></Cell>
    <Cell><Data ss:Type="Number">-9.92</Data></Cell>
    <Cell><Data ss:Type="Number">0.06</Data></Cell>
    <Cell><Data ss:Type="Number">-9.41</Data></Cell>
    <Cell><Data ss:Type="Number">-0.06</Data></Cell>
    <Cell><Data ss:Type="Number">-0.93</Data></Cell>
    <Cell><Data ss:Type="Number">22.7</Data></Cell>
    <Cell><Data ss:Type="Number">39.200000000000003</Data></Cell>
    <Cell><Data ss:Type="Number">0</Data></Cell>
    <Cell><Data ss:Type="Number">0</Data></Cell>
    <Cell><Data ss:Type="String">2023-12-07 16:16:22.563984</Data></Cell>
   </Row>
   <Row>
    <Cell><Data ss:Type="String">2457</Data></Cell>
    <Cell><Data ss:Type="Number">0.28999999999999998</Data></Cell>
    <Cell><Data ss:Type="Number">-10.07</Data></Cell>
    <Cell><Data ss:Type="Number">0.15</Data></Cell>
    <Cell><Data ss:Type="Number">-9.4700000000000006</Data></Cell>
    <Cell><Data ss:Type="Number">-7.0000000000000007E-2</Data></Cell>
    <Cell><Data ss:Type="Number">-0.9</Data></Cell>
    <Cell><Data ss:Type="Number">22.7</Data></Cell>
    <Cell><Data ss:Type="Number">39.200000000000003</Data></Cell>
    <Cell><Data ss:Type="Number">0</Data></Cell>
    <Cell><Data ss:Type="Number">0</Data></Cell>
    <Cell><Data ss:Type="String">2023-12-07 16:16:22.457993</Data></Cell>
   </Row>
   <Row>
    <Cell><Data ss:Type="String">2456</Data></Cell>
    <Cell><Data ss:Type="Number">0.26</Data></Cell>
    <Cell><Data ss:Type="Number">-10.18</Data></Cell>
    <Cell><Data ss:Type="Number">0.23</Data></Cell>
    <Cell><Data ss:Type="Number">-9.5500000000000007</Data></Cell>
    <Cell><Data ss:Type="Number">-0.08</Data></Cell>
    <Cell><Data ss:Type="Number">-0.9</Data></Cell>
    <Cell><Data ss:Type="Number">22.7</Data></Cell>
    <Cell><Data ss:Type="Number">39.200000000000003</Data></Cell>
    <Cell><Data ss:Type="Number">0</Data></Cell>
    <Cell><Data ss:Type="Number">0</Data></Cell>
    <Cell><Data ss:Type="String">2023-12-07 16:16:22.455429</Data></Cell>
   </Row>
   <Row>
    <Cell><Data ss:Type="String">2455</Data></Cell>
    <Cell><Data ss:Type="Number">0.25</Data></Cell>
    <Cell><Data ss:Type="Number">-10.11</Data></Cell>
    <Cell><Data ss:Type="Number">0.13</Data></Cell>
    <Cell><Data ss:Type="Number">-9.49</Data></Cell>
    <Cell><Data ss:Type="Number">-7.0000000000000007E-2</Data></Cell>
    <Cell><Data ss:Type="Number">-0.92</Data></Cell>
    <Cell><Data ss:Type="Number">22.7</Data></Cell>
    <Cell><Data ss:Type="Number">39.200000000000003</Data></Cell>
    <Cell><Data ss:Type="Number">0</Data></Cell>
    <Cell><Data ss:Type="Number">0</Data></Cell>
    <Cell><Data ss:Type="String">2023-12-07 16:16:22.404748</Data></Cell>
   </Row>
   <Row>
    <Cell><Data ss:Type="String">2454</Data></Cell>
    <Cell><Data ss:Type="Number">0.32</Data></Cell>
    <Cell><Data ss:Type="Number">-10.039999999999999</Data></Cell>
    <Cell><Data ss:Type="Number">0.12</Data></Cell>
    <Cell><Data ss:Type="Number">-9.43</Data></Cell>
    <Cell><Data ss:Type="Number">-0.06</Data></Cell>
    <Cell><Data ss:Type="Number">-0.95</Data></Cell>
    <Cell><Data ss:Type="Number">22.7</Data></Cell>
    <Cell><Data ss:Type="Number">39.200000000000003</Data></Cell>
    <Cell><Data ss:Type="Number">0</Data></Cell>
    <Cell><Data ss:Type="Number">0</Data></Cell>
    <Cell><Data ss:Type="String">2023-12-07 16:16:22.359976</Data></Cell>
   </Row>
   <Row>
    <Cell><Data ss:Type="String">2453</Data></Cell>
    <Cell><Data ss:Type="Number">0.31</Data></Cell>
    <Cell><Data ss:Type="Number">-9.99</Data></Cell>
    <Cell><Data ss:Type="Number">-0.09</Data></Cell>
    <Cell><Data ss:Type="Number">-9.4499999999999993</Data></Cell>
    <Cell><Data ss:Type="Number">-0.05</Data></Cell>
    <Cell><Data ss:Type="Number">-0.91</Data></Cell>
    <Cell><Data ss:Type="Number">22.7</Data></Cell>
    <Cell><Data ss:Type="Number">39.200000000000003</Data></Cell>
    <Cell><Data ss:Type="Number">0</Data></Cell>
    <Cell><Data ss:Type="Number">0</Data></Cell>
    <Cell><Data ss:Type="String">2023-12-07 16:16:22.318465</Data></Cell>
   </Row>
   <Row>
    <Cell><Data ss:Type="String">2452</Data></Cell>
    <Cell><Data ss:Type="Number">0.32</Data></Cell>
    <Cell><Data ss:Type="Number">-10.130000000000001</Data></Cell>
    <Cell><Data ss:Type="Number">0.1</Data></Cell>
    <Cell><Data ss:Type="Number">-9.5500000000000007</Data></Cell>
    <Cell><Data ss:Type="Number">-0.08</Data></Cell>
    <Cell><Data ss:Type="Number">-0.91</Data></Cell>
    <Cell><Data ss:Type="Number">22.7</Data></Cell>
    <Cell><Data ss:Type="Number">39.200000000000003</Data></Cell>
    <Cell><Data ss:Type="Number">0</Data></Cell>
    <Cell><Data ss:Type="Number">0</Data></Cell>
    <Cell><Data ss:Type="String">2023-12-07 16:16:22.316554</Data></Cell>
   </Row>
   <Row>
    <Cell><Data ss:Type="String">2451</Data></Cell>
    <Cell><Data ss:Type="Number">0.26</Data></Cell>
    <Cell><Data ss:Type="Number">-10.23</Data></Cell>
    <Cell><Data ss:Type="Number">0.12</Data></Cell>
    <Cell><Data ss:Type="Number">-9.5299999999999994</Data></Cell>
    <Cell><Data ss:Type="Number">-7.0000000000000007E-2</Data></Cell>
    <Cell><Data ss:Type="Number">-0.9</Data></Cell>
    <Cell><Data ss:Type="Number">22.7</Data></Cell>
    <Cell><Data ss:Type="Number">39.200000000000003</Data></Cell>
    <Cell><Data ss:Type="Number">0</Data></Cell>
    <Cell><Data ss:Type="Number">0</Data></Cell>
    <Cell><Data ss:Type="String">2023-12-07 16:16:22.260917</Data></Cell>
   </Row>
   <Row>
    <Cell><Data ss:Type="String">2450</Data></Cell>
    <Cell><Data ss:Type="Number">0.25</Data></Cell>
    <Cell><Data ss:Type="Number">-9.99</Data></Cell>
    <Cell><Data ss:Type="Number">0.05</Data></Cell>
    <Cell><Data ss:Type="Number">-9.4499999999999993</Data></Cell>
    <Cell><Data ss:Type="Number">-7.0000000000000007E-2</Data></Cell>
    <Cell><Data ss:Type="Number">-0.89</Data></Cell>
    <Cell><Data ss:Type="Number">22.7</Data></Cell>
    <Cell><Data ss:Type="Number">39.200000000000003</Data></Cell>
    <Cell><Data ss:Type="Number">0</Data></Cell>
    <Cell><Data ss:Type="Number">0</Data></Cell>
    <Cell><Data ss:Type="String">2023-12-07 16:16:22.259164</Data></Cell>
   </Row>
   <Row>
    <Cell><Data ss:Type="String">2449</Data></Cell>
    <Cell><Data ss:Type="Number">0.37</Data></Cell>
    <Cell><Data ss:Type="Number">-10.23</Data></Cell>
    <Cell><Data ss:Type="Number">0.2</Data></Cell>
    <Cell><Data ss:Type="Number">-9.5399999999999991</Data></Cell>
    <Cell><Data ss:Type="Number">-0.05</Data></Cell>
    <Cell><Data ss:Type="Number">-0.91</Data></Cell>
    <Cell><Data ss:Type="Number">22.7</Data></Cell>
    <Cell><Data ss:Type="Number">39.200000000000003</Data></Cell>
    <Cell><Data ss:Type="Number">0</Data></Cell>
    <Cell><Data ss:Type="Number">0</Data></Cell>
    <Cell><Data ss:Type="String">2023-12-07 16:16:22.257225</Data></Cell>
   </Row>
   <Row>
    <Cell><Data ss:Type="String">2448</Data></Cell>
    <Cell><Data ss:Type="Number">0.31</Data></Cell>
    <Cell><Data ss:Type="Number">-10.26</Data></Cell>
    <Cell><Data ss:Type="Number">0.03</Data></Cell>
    <Cell><Data ss:Type="Number">-9.51</Data></Cell>
    <Cell><Data ss:Type="Number">-0.09</Data></Cell>
    <Cell><Data ss:Type="Number">-0.93</Data></Cell>
    <Cell><Data ss:Type="Number">22.7</Data></Cell>
    <Cell><Data ss:Type="Number">39.200000000000003</Data></Cell>
    <Cell><Data ss:Type="Number">0</Data></Cell>
    <Cell><Data ss:Type="Number">0</Data></Cell>
    <Cell><Data ss:Type="String">2023-12-07 16:16:22.166316</Data></Cell>
   </Row>
   <Row>
    <Cell><Data ss:Type="String">2447</Data></Cell>
    <Cell><Data ss:Type="Number">0.28000000000000003</Data></Cell>
    <Cell><Data ss:Type="Number">-9.98</Data></Cell>
    <Cell><Data ss:Type="Number">0.17</Data></Cell>
    <Cell><Data ss:Type="Number">-9.42</Data></Cell>
    <Cell><Data ss:Type="Number">-0.08</Data></Cell>
    <Cell><Data ss:Type="Number">-0.93</Data></Cell>
    <Cell><Data ss:Type="Number">22.7</Data></Cell>
    <Cell><Data ss:Type="Number">39.200000000000003</Data></Cell>
    <Cell><Data ss:Type="Number">0</Data></Cell>
    <Cell><Data ss:Type="Number">0</Data></Cell>
    <Cell><Data ss:Type="String">2023-12-07 16:16:22.164633</Data></Cell>
   </Row>
   <Row>
    <Cell><Data ss:Type="String">2446</Data></Cell>
    <Cell><Data ss:Type="Number">0.26</Data></Cell>
    <Cell><Data ss:Type="Number">-9.91</Data></Cell>
    <Cell><Data ss:Type="Number">0.16</Data></Cell>
    <Cell><Data ss:Type="Number">-9.39</Data></Cell>
    <Cell><Data ss:Type="Number">-7.0000000000000007E-2</Data></Cell>
    <Cell><Data ss:Type="Number">-0.94</Data></Cell>
    <Cell><Data ss:Type="Number">22.7</Data></Cell>
    <Cell><Data ss:Type="Number">39.200000000000003</Data></Cell>
    <Cell><Data ss:Type="Number">0</Data></Cell>
    <Cell><Data ss:Type="Number">0</Data></Cell>
    <Cell><Data ss:Type="String">2023-12-07 16:16:22.162844</Data></Cell>
   </Row>
   <Row>
    <Cell><Data ss:Type="String">2445</Data></Cell>
    <Cell><Data ss:Type="Number">0.28999999999999998</Data></Cell>
    <Cell><Data ss:Type="Number">-9.9</Data></Cell>
    <Cell><Data ss:Type="Number">0.12</Data></Cell>
    <Cell><Data ss:Type="Number">-9.5</Data></Cell>
    <Cell><Data ss:Type="Number">-0.09</Data></Cell>
    <Cell><Data ss:Type="Number">-0.91</Data></Cell>
    <Cell><Data ss:Type="Number">22.7</Data></Cell>
    <Cell><Data ss:Type="Number">39.200000000000003</Data></Cell>
    <Cell><Data ss:Type="Number">0</Data></Cell>
    <Cell><Data ss:Type="Number">0</Data></Cell>
    <Cell><Data ss:Type="String">2023-12-07 16:16:22.161088</Data></Cell>
   </Row>
   <Row>
    <Cell><Data ss:Type="String">2444</Data></Cell>
    <Cell><Data ss:Type="Number">0.27</Data></Cell>
    <Cell><Data ss:Type="Number">-9.93</Data></Cell>
    <Cell><Data ss:Type="Number">0.27</Data></Cell>
    <Cell><Data ss:Type="Number">-9.5399999999999991</Data></Cell>
    <Cell><Data ss:Type="Number">-7.0000000000000007E-2</Data></Cell>
    <Cell><Data ss:Type="Number">-0.89</Data></Cell>
    <Cell><Data ss:Type="Number">22.7</Data></Cell>
    <Cell><Data ss:Type="Number">39.200000000000003</Data></Cell>
    <Cell><Data ss:Type="Number">0</Data></Cell>
    <Cell><Data ss:Type="Number">0</Data></Cell>
    <Cell><Data ss:Type="String">2023-12-07 16:16:22.159287</Data></Cell>
   </Row>
   <Row>
    <Cell><Data ss:Type="String">2443</Data></Cell>
    <Cell><Data ss:Type="Number">0.32</Data></Cell>
    <Cell><Data ss:Type="Number">-10.32</Data></Cell>
    <Cell><Data ss:Type="Number">0.16</Data></Cell>
    <Cell><Data ss:Type="Number">-9.57</Data></Cell>
    <Cell><Data ss:Type="Number">-0.09</Data></Cell>
    <Cell><Data ss:Type="Number">-0.87</Data></Cell>
    <Cell><Data ss:Type="Number">22.7</Data></Cell>
    <Cell><Data ss:Type="Number">39.200000000000003</Data></Cell>
    <Cell><Data ss:Type="Number">0</Data></Cell>
    <Cell><Data ss:Type="Number">0</Data></Cell>
    <Cell><Data ss:Type="String">2023-12-07 16:16:22.157465</Data></Cell>
   </Row>
   <Row>
    <Cell><Data ss:Type="String">2442</Data></Cell>
    <Cell><Data ss:Type="Number">0.25</Data></Cell>
    <Cell><Data ss:Type="Number">-10.119999999999999</Data></Cell>
    <Cell><Data ss:Type="Number">0.13</Data></Cell>
    <Cell><Data ss:Type="Number">-9.44</Data></Cell>
    <Cell><Data ss:Type="Number">-0.08</Data></Cell>
    <Cell><Data ss:Type="Number">-0.91</Data></Cell>
    <Cell><Data ss:Type="Number">22.7</Data></Cell>
    <Cell><Data ss:Type="Number">39.200000000000003</Data></Cell>
    <Cell><Data ss:Type="Number">0</Data></Cell>
    <Cell><Data ss:Type="Number">0</Data></Cell>
    <Cell><Data ss:Type="String">2023-12-07 16:16:22.155351</Data></Cell>
   </Row>
   <Row>
    <Cell><Data ss:Type="String">2441</Data></Cell>
    <Cell><Data ss:Type="Number">0.27</Data></Cell>
    <Cell><Data ss:Type="Number">-10.039999999999999</Data></Cell>
    <Cell><Data ss:Type="Number">0.17</Data></Cell>
    <Cell><Data ss:Type="Number">-9.43</Data></Cell>
    <Cell><Data ss:Type="Number">-0.03</Data></Cell>
    <Cell><Data ss:Type="Number">-0.91</Data></Cell>
    <Cell><Data ss:Type="Number">22.7</Data></Cell>
    <Cell><Data ss:Type="Number">39.200000000000003</Data></Cell>
    <Cell><Data ss:Type="Number">0</Data></Cell>
    <Cell><Data ss:Type="Number">0</Data></Cell>
    <Cell><Data ss:Type="String">2023-12-07 16:16:21.898071</Data></Cell>
   </Row>
   <Row>
    <Cell><Data ss:Type="String">2440</Data></Cell>
    <Cell><Data ss:Type="Number">0.28999999999999998</Data></Cell>
    <Cell><Data ss:Type="Number">-9.98</Data></Cell>
    <Cell><Data ss:Type="Number">0.13</Data></Cell>
    <Cell><Data ss:Type="Number">-9.41</Data></Cell>
    <Cell><Data ss:Type="Number">-0.09</Data></Cell>
    <Cell><Data ss:Type="Number">-0.91</Data></Cell>
    <Cell><Data ss:Type="Number">22.7</Data></Cell>
    <Cell><Data ss:Type="Number">39.200000000000003</Data></Cell>
    <Cell><Data ss:Type="Number">0</Data></Cell>
    <Cell><Data ss:Type="Number">0</Data></Cell>
    <Cell><Data ss:Type="String">2023-12-07 16:16:21.881340</Data></Cell>
   </Row>
   <Row>
    <Cell><Data ss:Type="String">2439</Data></Cell>
    <Cell><Data ss:Type="Number">0.23</Data></Cell>
    <Cell><Data ss:Type="Number">-9.93</Data></Cell>
    <Cell><Data ss:Type="Number">0.12</Data></Cell>
    <Cell><Data ss:Type="Number">-9.4</Data></Cell>
    <Cell><Data ss:Type="Number">-0.06</Data></Cell>
    <Cell><Data ss:Type="Number">-0.91</Data></Cell>
    <Cell><Data ss:Type="Number">22.7</Data></Cell>
    <Cell><Data ss:Type="Number">39.200000000000003</Data></Cell>
    <Cell><Data ss:Type="Number">0</Data></Cell>
    <Cell><Data ss:Type="Number">0</Data></Cell>
    <Cell><Data ss:Type="String">2023-12-07 16:16:21.879602</Data></Cell>
   </Row>
   <Row>
    <Cell><Data ss:Type="String">2438</Data></Cell>
    <Cell><Data ss:Type="Number">0.28000000000000003</Data></Cell>
    <Cell><Data ss:Type="Number">-9.98</Data></Cell>
    <Cell><Data ss:Type="Number">0.14000000000000001</Data></Cell>
    <Cell><Data ss:Type="Number">-9.4700000000000006</Data></Cell>
    <Cell><Data ss:Type="Number">-7.0000000000000007E-2</Data></Cell>
    <Cell><Data ss:Type="Number">-0.92</Data></Cell>
    <Cell><Data ss:Type="Number">22.7</Data></Cell>
    <Cell><Data ss:Type="Number">39.200000000000003</Data></Cell>
    <Cell><Data ss:Type="Number">0</Data></Cell>
    <Cell><Data ss:Type="Number">0</Data></Cell>
    <Cell><Data ss:Type="String">2023-12-07 16:16:21.878106</Data></Cell>
   </Row>
   <Row>
    <Cell><Data ss:Type="String">2437</Data></Cell>
    <Cell><Data ss:Type="Number">0.26</Data></Cell>
    <Cell><Data ss:Type="Number">-10.02</Data></Cell>
    <Cell><Data ss:Type="Number">0.35</Data></Cell>
    <Cell><Data ss:Type="Number">-9.56</Data></Cell>
    <Cell><Data ss:Type="Number">-0.06</Data></Cell>
    <Cell><Data ss:Type="Number">-0.89</Data></Cell>
    <Cell><Data ss:Type="Number">22.7</Data></Cell>
    <Cell><Data ss:Type="Number">39.200000000000003</Data></Cell>
    <Cell><Data ss:Type="Number">0</Data></Cell>
    <Cell><Data ss:Type="Number">0</Data></Cell>
    <Cell><Data ss:Type="String">2023-12-07 16:16:21.876716</Data></Cell>
   </Row>
   <Row>
    <Cell><Data ss:Type="String">2436</Data></Cell>
    <Cell><Data ss:Type="Number">0.28000000000000003</Data></Cell>
    <Cell><Data ss:Type="Number">-10.210000000000001</Data></Cell>
    <Cell><Data ss:Type="Number">0.14000000000000001</Data></Cell>
    <Cell><Data ss:Type="Number">-9.5</Data></Cell>
    <Cell><Data ss:Type="Number">-0.08</Data></Cell>
    <Cell><Data ss:Type="Number">-0.92</Data></Cell>
    <Cell><Data ss:Type="Number">22.7</Data></Cell>
    <Cell><Data ss:Type="Number">39.200000000000003</Data></Cell>
    <Cell><Data ss:Type="Number">0</Data></Cell>
    <Cell><Data ss:Type="Number">0</Data></Cell>
    <Cell><Data ss:Type="String">2023-12-07 16:16:21.875508</Data></Cell>
   </Row>
   <Row>
    <Cell><Data ss:Type="String">2435</Data></Cell>
    <Cell><Data ss:Type="Number">0.28999999999999998</Data></Cell>
    <Cell><Data ss:Type="Number">-10.119999999999999</Data></Cell>
    <Cell><Data ss:Type="Number">0.16</Data></Cell>
    <Cell><Data ss:Type="Number">-9.51</Data></Cell>
    <Cell><Data ss:Type="Number">-0.08</Data></Cell>
    <Cell><Data ss:Type="Number">-0.9</Data></Cell>
    <Cell><Data ss:Type="Number">22.7</Data></Cell>
    <Cell><Data ss:Type="Number">39.200000000000003</Data></Cell>
    <Cell><Data ss:Type="Number">0</Data></Cell>
    <Cell><Data ss:Type="Number">0</Data></Cell>
    <Cell><Data ss:Type="String">2023-12-07 16:16:21.874203</Data></Cell>
   </Row>
   <Row>
    <Cell><Data ss:Type="String">2434</Data></Cell>
    <Cell><Data ss:Type="Number">0.25</Data></Cell>
    <Cell><Data ss:Type="Number">-9.92</Data></Cell>
    <Cell><Data ss:Type="Number">0.11</Data></Cell>
    <Cell><Data ss:Type="Number">-9.42</Data></Cell>
    <Cell><Data ss:Type="Number">-0.05</Data></Cell>
    <Cell><Data ss:Type="Number">-0.92</Data></Cell>
    <Cell><Data ss:Type="Number">22.7</Data></Cell>
    <Cell><Data ss:Type="Number">39.200000000000003</Data></Cell>
    <Cell><Data ss:Type="Number">0</Data></Cell>
    <Cell><Data ss:Type="Number">0</Data></Cell>
    <Cell><Data ss:Type="String">2023-12-07 16:16:21.872059</Data></Cell>
   </Row>
   <Row>
    <Cell><Data ss:Type="String">2433</Data></Cell>
    <Cell><Data ss:Type="Number">0.35</Data></Cell>
    <Cell><Data ss:Type="Number">-10.039999999999999</Data></Cell>
    <Cell><Data ss:Type="Number">0.14000000000000001</Data></Cell>
    <Cell><Data ss:Type="Number">-9.5</Data></Cell>
    <Cell><Data ss:Type="Number">-0.1</Data></Cell>
    <Cell><Data ss:Type="Number">-0.89</Data></Cell>
    <Cell><Data ss:Type="Number">22.7</Data></Cell>
    <Cell><Data ss:Type="Number">39.200000000000003</Data></Cell>
    <Cell><Data ss:Type="Number">0</Data></Cell>
    <Cell><Data ss:Type="Number">0</Data></Cell>
    <Cell><Data ss:Type="String">2023-12-07 16:16:21.641542</Data></Cell>
   </Row>
   <Row>
    <Cell><Data ss:Type="String">2432</Data></Cell>
    <Cell><Data ss:Type="Number">0.31</Data></Cell>
    <Cell><Data ss:Type="Number">-10.14</Data></Cell>
    <Cell><Data ss:Type="Number">0.12</Data></Cell>
    <Cell><Data ss:Type="Number">-9.5299999999999994</Data></Cell>
    <Cell><Data ss:Type="Number">-0.06</Data></Cell>
    <Cell><Data ss:Type="Number">-0.89</Data></Cell>
    <Cell><Data ss:Type="Number">22.7</Data></Cell>
    <Cell><Data ss:Type="Number">39.200000000000003</Data></Cell>
    <Cell><Data ss:Type="Number">0</Data></Cell>
    <Cell><Data ss:Type="Number">0</Data></Cell>
    <Cell><Data ss:Type="String">2023-12-07 16:16:21.639364</Data></Cell>
   </Row>
   <Row>
    <Cell><Data ss:Type="String">2431</Data></Cell>
    <Cell><Data ss:Type="Number">0.28999999999999998</Data></Cell>
    <Cell><Data ss:Type="Number">-10.119999999999999</Data></Cell>
    <Cell><Data ss:Type="Number">0.15</Data></Cell>
    <Cell><Data ss:Type="Number">-9.48</Data></Cell>
    <Cell><Data ss:Type="Number">-7.0000000000000007E-2</Data></Cell>
    <Cell><Data ss:Type="Number">-0.91</Data></Cell>
    <Cell><Data ss:Type="Number">22.7</Data></Cell>
    <Cell><Data ss:Type="Number">39.200000000000003</Data></Cell>
    <Cell><Data ss:Type="Number">0</Data></Cell>
    <Cell><Data ss:Type="Number">0</Data></Cell>
    <Cell><Data ss:Type="String">2023-12-07 16:16:21.590794</Data></Cell>
   </Row>
   <Row>
    <Cell><Data ss:Type="String">2430</Data></Cell>
    <Cell><Data ss:Type="Number">0.28000000000000003</Data></Cell>
    <Cell><Data ss:Type="Number">-10.029999999999999</Data></Cell>
    <Cell><Data ss:Type="Number">0.16</Data></Cell>
    <Cell><Data ss:Type="Number">-9.44</Data></Cell>
    <Cell><Data ss:Type="Number">-0.08</Data></Cell>
    <Cell><Data ss:Type="Number">-0.9</Data></Cell>
    <Cell><Data ss:Type="Number">22.7</Data></Cell>
    <Cell><Data ss:Type="Number">39.200000000000003</Data></Cell>
    <Cell><Data ss:Type="Number">0</Data></Cell>
    <Cell><Data ss:Type="Number">0</Data></Cell>
    <Cell><Data ss:Type="String">2023-12-07 16:16:21.545458</Data></Cell>
   </Row>
   <Row>
    <Cell><Data ss:Type="String">2429</Data></Cell>
    <Cell><Data ss:Type="Number">0.48</Data></Cell>
    <Cell><Data ss:Type="Number">-9.9600000000000009</Data></Cell>
    <Cell><Data ss:Type="Number">0.16</Data></Cell>
    <Cell><Data ss:Type="Number">-9.43</Data></Cell>
    <Cell><Data ss:Type="Number">-0.04</Data></Cell>
    <Cell><Data ss:Type="Number">-0.91</Data></Cell>
    <Cell><Data ss:Type="Number">22.7</Data></Cell>
    <Cell><Data ss:Type="Number">39.200000000000003</Data></Cell>
    <Cell><Data ss:Type="Number">0</Data></Cell>
    <Cell><Data ss:Type="Number">0</Data></Cell>
    <Cell><Data ss:Type="String">2023-12-07 16:16:21.500829</Data></Cell>
   </Row>
   <Row>
    <Cell><Data ss:Type="String">2428</Data></Cell>
    <Cell><Data ss:Type="Number">0.3</Data></Cell>
    <Cell><Data ss:Type="Number">-10.050000000000001</Data></Cell>
    <Cell><Data ss:Type="Number">0.18</Data></Cell>
    <Cell><Data ss:Type="Number">-9.4700000000000006</Data></Cell>
    <Cell><Data ss:Type="Number">-0.08</Data></Cell>
    <Cell><Data ss:Type="Number">-0.89</Data></Cell>
    <Cell><Data ss:Type="Number">22.7</Data></Cell>
    <Cell><Data ss:Type="Number">39.200000000000003</Data></Cell>
    <Cell><Data ss:Type="Number">0</Data></Cell>
    <Cell><Data ss:Type="Number">0</Data></Cell>
    <Cell><Data ss:Type="String">2023-12-07 16:16:21.499153</Data></Cell>
   </Row>
   <Row>
    <Cell><Data ss:Type="String">2427</Data></Cell>
    <Cell><Data ss:Type="Number">0.28000000000000003</Data></Cell>
    <Cell><Data ss:Type="Number">-10.220000000000001</Data></Cell>
    <Cell><Data ss:Type="Number">0.19</Data></Cell>
    <Cell><Data ss:Type="Number">-9.56</Data></Cell>
    <Cell><Data ss:Type="Number">-0.05</Data></Cell>
    <Cell><Data ss:Type="Number">-0.91</Data></Cell>
    <Cell><Data ss:Type="Number">22.7</Data></Cell>
    <Cell><Data ss:Type="Number">39.200000000000003</Data></Cell>
    <Cell><Data ss:Type="Number">0</Data></Cell>
    <Cell><Data ss:Type="Number">0</Data></Cell>
    <Cell><Data ss:Type="String">2023-12-07 16:16:21.454789</Data></Cell>
   </Row>
   <Row>
    <Cell><Data ss:Type="String">2426</Data></Cell>
    <Cell><Data ss:Type="Number">0.28999999999999998</Data></Cell>
    <Cell><Data ss:Type="Number">-10.28</Data></Cell>
    <Cell><Data ss:Type="Number">0.2</Data></Cell>
    <Cell><Data ss:Type="Number">-9.5</Data></Cell>
    <Cell><Data ss:Type="Number">-7.0000000000000007E-2</Data></Cell>
    <Cell><Data ss:Type="Number">-0.9</Data></Cell>
    <Cell><Data ss:Type="Number">22.7</Data></Cell>
    <Cell><Data ss:Type="Number">39.200000000000003</Data></Cell>
    <Cell><Data ss:Type="Number">0</Data></Cell>
    <Cell><Data ss:Type="Number">0</Data></Cell>
    <Cell><Data ss:Type="String">2023-12-07 16:16:21.409074</Data></Cell>
   </Row>
   <Row>
    <Cell><Data ss:Type="String">2425</Data></Cell>
    <Cell><Data ss:Type="Number">0.31</Data></Cell>
    <Cell><Data ss:Type="Number">-9.92</Data></Cell>
    <Cell><Data ss:Type="Number">0.15</Data></Cell>
    <Cell><Data ss:Type="Number">-9.4</Data></Cell>
    <Cell><Data ss:Type="Number">-0.06</Data></Cell>
    <Cell><Data ss:Type="Number">-0.92</Data></Cell>
    <Cell><Data ss:Type="Number">22.7</Data></Cell>
    <Cell><Data ss:Type="Number">39.200000000000003</Data></Cell>
    <Cell><Data ss:Type="Number">0</Data></Cell>
    <Cell><Data ss:Type="Number">0</Data></Cell>
    <Cell><Data ss:Type="String">2023-12-07 16:16:21.407287</Data></Cell>
   </Row>
   <Row>
    <Cell><Data ss:Type="String">2424</Data></Cell>
    <Cell><Data ss:Type="Number">0.28000000000000003</Data></Cell>
    <Cell><Data ss:Type="Number">-10.11</Data></Cell>
    <Cell><Data ss:Type="Number">0.09</Data></Cell>
    <Cell><Data ss:Type="Number">-9.5299999999999994</Data></Cell>
    <Cell><Data ss:Type="Number">-0.08</Data></Cell>
    <Cell><Data ss:Type="Number">-0.9</Data></Cell>
    <Cell><Data ss:Type="Number">22.7</Data></Cell>
    <Cell><Data ss:Type="Number">39.200000000000003</Data></Cell>
    <Cell><Data ss:Type="Number">0</Data></Cell>
    <Cell><Data ss:Type="Number">0</Data></Cell>
    <Cell><Data ss:Type="String">2023-12-07 16:16:21.361218</Data></Cell>
   </Row>
   <Row>
    <Cell><Data ss:Type="String">2423</Data></Cell>
    <Cell><Data ss:Type="Number">0.31</Data></Cell>
    <Cell><Data ss:Type="Number">-10.09</Data></Cell>
    <Cell><Data ss:Type="Number">0.21</Data></Cell>
    <Cell><Data ss:Type="Number">-9.5</Data></Cell>
    <Cell><Data ss:Type="Number">-0.08</Data></Cell>
    <Cell><Data ss:Type="Number">-0.88</Data></Cell>
    <Cell><Data ss:Type="Number">22.7</Data></Cell>
    <Cell><Data ss:Type="Number">39.200000000000003</Data></Cell>
    <Cell><Data ss:Type="Number">0</Data></Cell>
    <Cell><Data ss:Type="Number">0</Data></Cell>
    <Cell><Data ss:Type="String">2023-12-07 16:16:21.311037</Data></Cell>
   </Row>
   <Row>
    <Cell><Data ss:Type="String">2422</Data></Cell>
    <Cell><Data ss:Type="Number">0.31</Data></Cell>
    <Cell><Data ss:Type="Number">-10.27</Data></Cell>
    <Cell><Data ss:Type="Number">0.15</Data></Cell>
    <Cell><Data ss:Type="Number">-9.56</Data></Cell>
    <Cell><Data ss:Type="Number">-0.08</Data></Cell>
    <Cell><Data ss:Type="Number">-0.92</Data></Cell>
    <Cell><Data ss:Type="Number">22.7</Data></Cell>
    <Cell><Data ss:Type="Number">39.200000000000003</Data></Cell>
    <Cell><Data ss:Type="Number">0</Data></Cell>
    <Cell><Data ss:Type="Number">0</Data></Cell>
    <Cell><Data ss:Type="String">2023-12-07 16:16:21.309203</Data></Cell>
   </Row>
   <Row>
    <Cell><Data ss:Type="String">2421</Data></Cell>
    <Cell><Data ss:Type="Number">0.26</Data></Cell>
    <Cell><Data ss:Type="Number">-9.9700000000000006</Data></Cell>
    <Cell><Data ss:Type="Number">0.14000000000000001</Data></Cell>
    <Cell><Data ss:Type="Number">-9.44</Data></Cell>
    <Cell><Data ss:Type="Number">-0.06</Data></Cell>
    <Cell><Data ss:Type="Number">-0.9</Data></Cell>
    <Cell><Data ss:Type="Number">22.7</Data></Cell>
    <Cell><Data ss:Type="Number">39.200000000000003</Data></Cell>
    <Cell><Data ss:Type="Number">0</Data></Cell>
    <Cell><Data ss:Type="Number">0</Data></Cell>
    <Cell><Data ss:Type="String">2023-12-07 16:16:21.255107</Data></Cell>
   </Row>
   <Row>
    <Cell><Data ss:Type="String">2420</Data></Cell>
    <Cell><Data ss:Type="Number">0.3</Data></Cell>
    <Cell><Data ss:Type="Number">-9.94</Data></Cell>
    <Cell><Data ss:Type="Number">0.12</Data></Cell>
    <Cell><Data ss:Type="Number">-9.42</Data></Cell>
    <Cell><Data ss:Type="Number">-0.08</Data></Cell>
    <Cell><Data ss:Type="Number">-0.92</Data></Cell>
    <Cell><Data ss:Type="Number">22.7</Data></Cell>
    <Cell><Data ss:Type="Number">39.200000000000003</Data></Cell>
    <Cell><Data ss:Type="Number">0</Data></Cell>
    <Cell><Data ss:Type="Number">0</Data></Cell>
    <Cell><Data ss:Type="String">2023-12-07 16:16:21.209758</Data></Cell>
   </Row>
   <Row>
    <Cell><Data ss:Type="String">2419</Data></Cell>
    <Cell><Data ss:Type="Number">0.28999999999999998</Data></Cell>
    <Cell><Data ss:Type="Number">-9.89</Data></Cell>
    <Cell><Data ss:Type="Number">0.14000000000000001</Data></Cell>
    <Cell><Data ss:Type="Number">-9.4600000000000009</Data></Cell>
    <Cell><Data ss:Type="Number">-0.08</Data></Cell>
    <Cell><Data ss:Type="Number">-0.94</Data></Cell>
    <Cell><Data ss:Type="Number">22.7</Data></Cell>
    <Cell><Data ss:Type="Number">39.200000000000003</Data></Cell>
    <Cell><Data ss:Type="Number">0</Data></Cell>
    <Cell><Data ss:Type="Number">0</Data></Cell>
    <Cell><Data ss:Type="String">2023-12-07 16:16:21.208226</Data></Cell>
   </Row>
   <Row>
    <Cell><Data ss:Type="String">2418</Data></Cell>
    <Cell><Data ss:Type="Number">0.25</Data></Cell>
    <Cell><Data ss:Type="Number">-10.26</Data></Cell>
    <Cell><Data ss:Type="Number">0.16</Data></Cell>
    <Cell><Data ss:Type="Number">-9.52</Data></Cell>
    <Cell><Data ss:Type="Number">-0.05</Data></Cell>
    <Cell><Data ss:Type="Number">-0.87</Data></Cell>
    <Cell><Data ss:Type="Number">22.7</Data></Cell>
    <Cell><Data ss:Type="Number">39.200000000000003</Data></Cell>
    <Cell><Data ss:Type="Number">0</Data></Cell>
    <Cell><Data ss:Type="Number">0</Data></Cell>
    <Cell><Data ss:Type="String">2023-12-07 16:16:21.161535</Data></Cell>
   </Row>
   <Row>
    <Cell><Data ss:Type="String">2417</Data></Cell>
    <Cell><Data ss:Type="Number">0.33</Data></Cell>
    <Cell><Data ss:Type="Number">-10.32</Data></Cell>
    <Cell><Data ss:Type="Number">0.16</Data></Cell>
    <Cell><Data ss:Type="Number">-9.5399999999999991</Data></Cell>
    <Cell><Data ss:Type="Number">-0.08</Data></Cell>
    <Cell><Data ss:Type="Number">-0.91</Data></Cell>
    <Cell><Data ss:Type="Number">22.7</Data></Cell>
    <Cell><Data ss:Type="Number">39.200000000000003</Data></Cell>
    <Cell><Data ss:Type="Number">0</Data></Cell>
    <Cell><Data ss:Type="Number">0</Data></Cell>
    <Cell><Data ss:Type="String">2023-12-07 16:16:21.114664</Data></Cell>
   </Row>
   <Row>
    <Cell><Data ss:Type="String">2416</Data></Cell>
    <Cell><Data ss:Type="Number">0.27</Data></Cell>
    <Cell><Data ss:Type="Number">-10.199999999999999</Data></Cell>
    <Cell><Data ss:Type="Number">0.28999999999999998</Data></Cell>
    <Cell><Data ss:Type="Number">-9.44</Data></Cell>
    <Cell><Data ss:Type="Number">-0.06</Data></Cell>
    <Cell><Data ss:Type="Number">-0.91</Data></Cell>
    <Cell><Data ss:Type="Number">22.7</Data></Cell>
    <Cell><Data ss:Type="Number">39.200000000000003</Data></Cell>
    <Cell><Data ss:Type="Number">0</Data></Cell>
    <Cell><Data ss:Type="Number">0</Data></Cell>
    <Cell><Data ss:Type="String">2023-12-07 16:16:21.071360</Data></Cell>
   </Row>
   <Row>
    <Cell><Data ss:Type="String">2415</Data></Cell>
    <Cell><Data ss:Type="Number">0.32</Data></Cell>
    <Cell><Data ss:Type="Number">-9.92</Data></Cell>
    <Cell><Data ss:Type="Number">0.15</Data></Cell>
    <Cell><Data ss:Type="Number">-9.43</Data></Cell>
    <Cell><Data ss:Type="Number">-0.08</Data></Cell>
    <Cell><Data ss:Type="Number">-0.94</Data></Cell>
    <Cell><Data ss:Type="Number">22.7</Data></Cell>
    <Cell><Data ss:Type="Number">39.200000000000003</Data></Cell>
    <Cell><Data ss:Type="Number">0</Data></Cell>
    <Cell><Data ss:Type="Number">0</Data></Cell>
    <Cell><Data ss:Type="String">2023-12-07 16:16:21.068758</Data></Cell>
   </Row>
   <Row>
    <Cell><Data ss:Type="String">2414</Data></Cell>
    <Cell><Data ss:Type="Number">0.19</Data></Cell>
    <Cell><Data ss:Type="Number">-10.02</Data></Cell>
    <Cell><Data ss:Type="Number">0.13</Data></Cell>
    <Cell><Data ss:Type="Number">-9.51</Data></Cell>
    <Cell><Data ss:Type="Number">-0.09</Data></Cell>
    <Cell><Data ss:Type="Number">-0.93</Data></Cell>
    <Cell><Data ss:Type="Number">22.7</Data></Cell>
    <Cell><Data ss:Type="Number">39.200000000000003</Data></Cell>
    <Cell><Data ss:Type="Number">0</Data></Cell>
    <Cell><Data ss:Type="Number">0</Data></Cell>
    <Cell><Data ss:Type="String">2023-12-07 16:16:21.024269</Data></Cell>
   </Row>
   <Row>
    <Cell><Data ss:Type="String">2413</Data></Cell>
    <Cell><Data ss:Type="Number">0.28000000000000003</Data></Cell>
    <Cell><Data ss:Type="Number">-10.19</Data></Cell>
    <Cell><Data ss:Type="Number">0.22</Data></Cell>
    <Cell><Data ss:Type="Number">-9.5500000000000007</Data></Cell>
    <Cell><Data ss:Type="Number">-0.06</Data></Cell>
    <Cell><Data ss:Type="Number">-0.86</Data></Cell>
    <Cell><Data ss:Type="Number">22.7</Data></Cell>
    <Cell><Data ss:Type="Number">39.200000000000003</Data></Cell>
    <Cell><Data ss:Type="Number">0</Data></Cell>
    <Cell><Data ss:Type="Number">0</Data></Cell>
    <Cell><Data ss:Type="String">2023-12-07 16:16:20.976410</Data></Cell>
   </Row>
   <Row>
    <Cell><Data ss:Type="String">2412</Data></Cell>
    <Cell><Data ss:Type="Number">0.28999999999999998</Data></Cell>
    <Cell><Data ss:Type="Number">-10.26</Data></Cell>
    <Cell><Data ss:Type="Number">0.14000000000000001</Data></Cell>
    <Cell><Data ss:Type="Number">-9.57</Data></Cell>
    <Cell><Data ss:Type="Number">-0.1</Data></Cell>
    <Cell><Data ss:Type="Number">-0.94</Data></Cell>
    <Cell><Data ss:Type="Number">22.7</Data></Cell>
    <Cell><Data ss:Type="Number">39.200000000000003</Data></Cell>
    <Cell><Data ss:Type="Number">0</Data></Cell>
    <Cell><Data ss:Type="Number">0</Data></Cell>
    <Cell><Data ss:Type="String">2023-12-07 16:16:20.933799</Data></Cell>
   </Row>
   <Row>
    <Cell><Data ss:Type="String">2411</Data></Cell>
    <Cell><Data ss:Type="Number">0.38</Data></Cell>
    <Cell><Data ss:Type="Number">-9.89</Data></Cell>
    <Cell><Data ss:Type="Number">0.13</Data></Cell>
    <Cell><Data ss:Type="Number">-9.39</Data></Cell>
    <Cell><Data ss:Type="Number">-0.02</Data></Cell>
    <Cell><Data ss:Type="Number">-0.85</Data></Cell>
    <Cell><Data ss:Type="Number">22.7</Data></Cell>
    <Cell><Data ss:Type="Number">39.200000000000003</Data></Cell>
    <Cell><Data ss:Type="Number">0</Data></Cell>
    <Cell><Data ss:Type="Number">0</Data></Cell>
    <Cell><Data ss:Type="String">2023-12-07 16:16:20.932302</Data></Cell>
   </Row>
   <Row>
    <Cell><Data ss:Type="String">2410</Data></Cell>
    <Cell><Data ss:Type="Number">0.36</Data></Cell>
    <Cell><Data ss:Type="Number">-10.210000000000001</Data></Cell>
    <Cell><Data ss:Type="Number">-7.0000000000000007E-2</Data></Cell>
    <Cell><Data ss:Type="Number">-9.5299999999999994</Data></Cell>
    <Cell><Data ss:Type="Number">-0.09</Data></Cell>
    <Cell><Data ss:Type="Number">-0.92</Data></Cell>
    <Cell><Data ss:Type="Number">22.7</Data></Cell>
    <Cell><Data ss:Type="Number">39.200000000000003</Data></Cell>
    <Cell><Data ss:Type="Number">0</Data></Cell>
    <Cell><Data ss:Type="Number">0</Data></Cell>
    <Cell><Data ss:Type="String">2023-12-07 16:16:20.881972</Data></Cell>
   </Row>
   <Row>
    <Cell><Data ss:Type="String">2409</Data></Cell>
    <Cell><Data ss:Type="Number">0.31</Data></Cell>
    <Cell><Data ss:Type="Number">-10.24</Data></Cell>
    <Cell><Data ss:Type="Number">0.25</Data></Cell>
    <Cell><Data ss:Type="Number">-9.5399999999999991</Data></Cell>
    <Cell><Data ss:Type="Number">-0.08</Data></Cell>
    <Cell><Data ss:Type="Number">-0.85</Data></Cell>
    <Cell><Data ss:Type="Number">22.7</Data></Cell>
    <Cell><Data ss:Type="Number">39.200000000000003</Data></Cell>
    <Cell><Data ss:Type="Number">0</Data></Cell>
    <Cell><Data ss:Type="Number">0</Data></Cell>
    <Cell><Data ss:Type="String">2023-12-07 16:16:20.842703</Data></Cell>
   </Row>
   <Row>
    <Cell><Data ss:Type="String">2408</Data></Cell>
    <Cell><Data ss:Type="Number">0.37</Data></Cell>
    <Cell><Data ss:Type="Number">-10.23</Data></Cell>
    <Cell><Data ss:Type="Number">0.18</Data></Cell>
    <Cell><Data ss:Type="Number">-9.43</Data></Cell>
    <Cell><Data ss:Type="Number">-0.16</Data></Cell>
    <Cell><Data ss:Type="Number">-0.88</Data></Cell>
    <Cell><Data ss:Type="Number">22.7</Data></Cell>
    <Cell><Data ss:Type="Number">39.200000000000003</Data></Cell>
    <Cell><Data ss:Type="Number">0</Data></Cell>
    <Cell><Data ss:Type="Number">0</Data></Cell>
    <Cell><Data ss:Type="String">2023-12-07 16:16:20.840930</Data></Cell>
   </Row>
   <Row>
    <Cell><Data ss:Type="String">2407</Data></Cell>
    <Cell><Data ss:Type="Number">0.09</Data></Cell>
    <Cell><Data ss:Type="Number">-9.92</Data></Cell>
    <Cell><Data ss:Type="Number">-0.04</Data></Cell>
    <Cell><Data ss:Type="Number">-9.44</Data></Cell>
    <Cell><Data ss:Type="Number">-0.03</Data></Cell>
    <Cell><Data ss:Type="Number">-0.95</Data></Cell>
    <Cell><Data ss:Type="Number">22.7</Data></Cell>
    <Cell><Data ss:Type="Number">39.200000000000003</Data></Cell>
    <Cell><Data ss:Type="Number">0</Data></Cell>
    <Cell><Data ss:Type="Number">0</Data></Cell>
    <Cell><Data ss:Type="String">2023-12-07 16:16:20.793149</Data></Cell>
   </Row>
   <Row>
    <Cell><Data ss:Type="String">2406</Data></Cell>
    <Cell><Data ss:Type="Number">0.7</Data></Cell>
    <Cell><Data ss:Type="Number">-9.9499999999999993</Data></Cell>
    <Cell><Data ss:Type="Number">-0.12</Data></Cell>
    <Cell><Data ss:Type="Number">-9.4700000000000006</Data></Cell>
    <Cell><Data ss:Type="Number">0.08</Data></Cell>
    <Cell><Data ss:Type="Number">-0.87</Data></Cell>
    <Cell><Data ss:Type="Number">22.7</Data></Cell>
    <Cell><Data ss:Type="Number">39.200000000000003</Data></Cell>
    <Cell><Data ss:Type="Number">0</Data></Cell>
    <Cell><Data ss:Type="Number">0</Data></Cell>
    <Cell><Data ss:Type="String">2023-12-07 16:16:20.748470</Data></Cell>
   </Row>
   <Row>
    <Cell><Data ss:Type="String">2405</Data></Cell>
    <Cell><Data ss:Type="Number">0.36</Data></Cell>
    <Cell><Data ss:Type="Number">-10.199999999999999</Data></Cell>
    <Cell><Data ss:Type="Number">0.25</Data></Cell>
    <Cell><Data ss:Type="Number">-9.52</Data></Cell>
    <Cell><Data ss:Type="Number">-0.02</Data></Cell>
    <Cell><Data ss:Type="Number">-0.97</Data></Cell>
    <Cell><Data ss:Type="Number">22.7</Data></Cell>
    <Cell><Data ss:Type="Number">39.200000000000003</Data></Cell>
    <Cell><Data ss:Type="Number">0</Data></Cell>
    <Cell><Data ss:Type="Number">0</Data></Cell>
    <Cell><Data ss:Type="String">2023-12-07 16:16:20.704482</Data></Cell>
   </Row>
   <Row>
    <Cell><Data ss:Type="String">2404</Data></Cell>
    <Cell><Data ss:Type="Number">1.33</Data></Cell>
    <Cell><Data ss:Type="Number">-10.029999999999999</Data></Cell>
    <Cell><Data ss:Type="Number">0.79</Data></Cell>
    <Cell><Data ss:Type="Number">-9.4</Data></Cell>
    <Cell><Data ss:Type="Number">-0.57999999999999996</Data></Cell>
    <Cell><Data ss:Type="Number">-0.84</Data></Cell>
    <Cell><Data ss:Type="Number">22.7</Data></Cell>
    <Cell><Data ss:Type="Number">39.200000000000003</Data></Cell>
    <Cell><Data ss:Type="Number">0</Data></Cell>
    <Cell><Data ss:Type="Number">0</Data></Cell>
    <Cell><Data ss:Type="String">2023-12-07 16:16:20.701948</Data></Cell>
   </Row>
   <Row>
    <Cell><Data ss:Type="String">2403</Data></Cell>
    <Cell><Data ss:Type="Number">1.7</Data></Cell>
    <Cell><Data ss:Type="Number">-10.029999999999999</Data></Cell>
    <Cell><Data ss:Type="Number">1</Data></Cell>
    <Cell><Data ss:Type="Number">-9.4</Data></Cell>
    <Cell><Data ss:Type="Number">-0.44</Data></Cell>
    <Cell><Data ss:Type="Number">-0.74</Data></Cell>
    <Cell><Data ss:Type="Number">22.7</Data></Cell>
    <Cell><Data ss:Type="Number">39.200000000000003</Data></Cell>
    <Cell><Data ss:Type="Number">0</Data></Cell>
    <Cell><Data ss:Type="Number">0</Data></Cell>
    <Cell><Data ss:Type="String">2023-12-07 16:16:20.661394</Data></Cell>
   </Row>
   <Row>
    <Cell><Data ss:Type="String">2402</Data></Cell>
    <Cell><Data ss:Type="Number">-2.27</Data></Cell>
    <Cell><Data ss:Type="Number">-10.24</Data></Cell>
    <Cell><Data ss:Type="Number">0.5</Data></Cell>
    <Cell><Data ss:Type="Number">-9.48</Data></Cell>
    <Cell><Data ss:Type="Number">-1.26</Data></Cell>
    <Cell><Data ss:Type="Number">-0.92</Data></Cell>
    <Cell><Data ss:Type="Number">22.7</Data></Cell>
    <Cell><Data ss:Type="Number">39.200000000000003</Data></Cell>
    <Cell><Data ss:Type="Number">0</Data></Cell>
    <Cell><Data ss:Type="Number">0</Data></Cell>
    <Cell><Data ss:Type="String">2023-12-07 16:16:20.659878</Data></Cell>
   </Row>
   <Row>
    <Cell><Data ss:Type="String">2401</Data></Cell>
    <Cell><Data ss:Type="Number">-2.84</Data></Cell>
    <Cell><Data ss:Type="Number">-10.130000000000001</Data></Cell>
    <Cell><Data ss:Type="Number">-2.17</Data></Cell>
    <Cell><Data ss:Type="Number">-8.98</Data></Cell>
    <Cell><Data ss:Type="Number">1.39</Data></Cell>
    <Cell><Data ss:Type="Number">-1.1000000000000001</Data></Cell>
    <Cell><Data ss:Type="Number">22.7</Data></Cell>
    <Cell><Data ss:Type="Number">39.200000000000003</Data></Cell>
    <Cell><Data ss:Type="Number">0</Data></Cell>
    <Cell><Data ss:Type="Number">0</Data></Cell>
    <Cell><Data ss:Type="String">2023-12-07 16:16:20.658217</Data></Cell>
   </Row>
   <Row>
    <Cell><Data ss:Type="String">2400</Data></Cell>
    <Cell><Data ss:Type="Number">-0.2</Data></Cell>
    <Cell><Data ss:Type="Number">-9.77</Data></Cell>
    <Cell><Data ss:Type="Number">0.38</Data></Cell>
    <Cell><Data ss:Type="Number">-9.41</Data></Cell>
    <Cell><Data ss:Type="Number">-0.03</Data></Cell>
    <Cell><Data ss:Type="Number">-0.9</Data></Cell>
    <Cell><Data ss:Type="Number">22.7</Data></Cell>
    <Cell><Data ss:Type="Number">39.200000000000003</Data></Cell>
    <Cell><Data ss:Type="Number">0</Data></Cell>
    <Cell><Data ss:Type="Number">0</Data></Cell>
    <Cell><Data ss:Type="String">2023-12-07 16:16:20.656005</Data></Cell>
   </Row>
   <Row>
    <Cell><Data ss:Type="String">2399</Data></Cell>
    <Cell><Data ss:Type="Number">-0.03</Data></Cell>
    <Cell><Data ss:Type="Number">-10.36</Data></Cell>
    <Cell><Data ss:Type="Number">-0.43</Data></Cell>
    <Cell><Data ss:Type="Number">-9.3800000000000008</Data></Cell>
    <Cell><Data ss:Type="Number">-0.11</Data></Cell>
    <Cell><Data ss:Type="Number">-0.97</Data></Cell>
    <Cell><Data ss:Type="Number">22.7</Data></Cell>
    <Cell><Data ss:Type="Number">39.200000000000003</Data></Cell>
    <Cell><Data ss:Type="Number">0</Data></Cell>
    <Cell><Data ss:Type="Number">0</Data></Cell>
    <Cell><Data ss:Type="String">2023-12-07 16:16:20.653966</Data></Cell>
   </Row>
   <Row>
    <Cell><Data ss:Type="String">2398</Data></Cell>
    <Cell><Data ss:Type="Number">0.32</Data></Cell>
    <Cell><Data ss:Type="Number">-9.93</Data></Cell>
    <Cell><Data ss:Type="Number">-0.18</Data></Cell>
    <Cell><Data ss:Type="Number">-9.5</Data></Cell>
    <Cell><Data ss:Type="Number">-7.0000000000000007E-2</Data></Cell>
    <Cell><Data ss:Type="Number">-0.85</Data></Cell>
    <Cell><Data ss:Type="Number">22.7</Data></Cell>
    <Cell><Data ss:Type="Number">39.200000000000003</Data></Cell>
    <Cell><Data ss:Type="Number">0</Data></Cell>
    <Cell><Data ss:Type="Number">0</Data></Cell>
    <Cell><Data ss:Type="String">2023-12-07 16:16:20.651994</Data></Cell>
   </Row>
   <Row>
    <Cell><Data ss:Type="String">2397</Data></Cell>
    <Cell><Data ss:Type="Number">0.16</Data></Cell>
    <Cell><Data ss:Type="Number">-10.24</Data></Cell>
    <Cell><Data ss:Type="Number">0.47</Data></Cell>
    <Cell><Data ss:Type="Number">-9.42</Data></Cell>
    <Cell><Data ss:Type="Number">-0.12</Data></Cell>
    <Cell><Data ss:Type="Number">-0.93</Data></Cell>
    <Cell><Data ss:Type="Number">22.7</Data></Cell>
    <Cell><Data ss:Type="Number">39.200000000000003</Data></Cell>
    <Cell><Data ss:Type="Number">0</Data></Cell>
    <Cell><Data ss:Type="Number">0</Data></Cell>
    <Cell><Data ss:Type="String">2023-12-07 16:16:20.650479</Data></Cell>
   </Row>
   <Row>
    <Cell><Data ss:Type="String">2396</Data></Cell>
    <Cell><Data ss:Type="Number">0.06</Data></Cell>
    <Cell><Data ss:Type="Number">-10.08</Data></Cell>
    <Cell><Data ss:Type="Number">-0.13</Data></Cell>
    <Cell><Data ss:Type="Number">-9.4700000000000006</Data></Cell>
    <Cell><Data ss:Type="Number">-0.05</Data></Cell>
    <Cell><Data ss:Type="Number">-0.93</Data></Cell>
    <Cell><Data ss:Type="Number">22.7</Data></Cell>
    <Cell><Data ss:Type="Number">39.200000000000003</Data></Cell>
    <Cell><Data ss:Type="Number">0</Data></Cell>
    <Cell><Data ss:Type="Number">0</Data></Cell>
    <Cell><Data ss:Type="String">2023-12-07 16:16:20.414947</Data></Cell>
   </Row>
   <Row>
    <Cell><Data ss:Type="String">2395</Data></Cell>
    <Cell><Data ss:Type="Number">0.53</Data></Cell>
    <Cell><Data ss:Type="Number">-10.1</Data></Cell>
    <Cell><Data ss:Type="Number">0.24</Data></Cell>
    <Cell><Data ss:Type="Number">-9.5500000000000007</Data></Cell>
    <Cell><Data ss:Type="Number">-0.08</Data></Cell>
    <Cell><Data ss:Type="Number">-0.95</Data></Cell>
    <Cell><Data ss:Type="Number">22.7</Data></Cell>
    <Cell><Data ss:Type="Number">39.200000000000003</Data></Cell>
    <Cell><Data ss:Type="Number">0</Data></Cell>
    <Cell><Data ss:Type="Number">0</Data></Cell>
    <Cell><Data ss:Type="String">2023-12-07 16:16:20.413439</Data></Cell>
   </Row>
   <Row>
    <Cell><Data ss:Type="String">2394</Data></Cell>
    <Cell><Data ss:Type="Number">0.76</Data></Cell>
    <Cell><Data ss:Type="Number">-10.14</Data></Cell>
    <Cell><Data ss:Type="Number">0.46</Data></Cell>
    <Cell><Data ss:Type="Number">-9.58</Data></Cell>
    <Cell><Data ss:Type="Number">-7.0000000000000007E-2</Data></Cell>
    <Cell><Data ss:Type="Number">-0.84</Data></Cell>
    <Cell><Data ss:Type="Number">22.7</Data></Cell>
    <Cell><Data ss:Type="Number">39.200000000000003</Data></Cell>
    <Cell><Data ss:Type="Number">0</Data></Cell>
    <Cell><Data ss:Type="Number">0</Data></Cell>
    <Cell><Data ss:Type="String">2023-12-07 16:16:20.349224</Data></Cell>
   </Row>
   <Row>
    <Cell><Data ss:Type="String">2393</Data></Cell>
    <Cell><Data ss:Type="Number">0.46</Data></Cell>
    <Cell><Data ss:Type="Number">-10.64</Data></Cell>
    <Cell><Data ss:Type="Number">-0.1</Data></Cell>
    <Cell><Data ss:Type="Number">-9.56</Data></Cell>
    <Cell><Data ss:Type="Number">-0.05</Data></Cell>
    <Cell><Data ss:Type="Number">-0.92</Data></Cell>
    <Cell><Data ss:Type="Number">22.7</Data></Cell>
    <Cell><Data ss:Type="Number">39.200000000000003</Data></Cell>
    <Cell><Data ss:Type="Number">0</Data></Cell>
    <Cell><Data ss:Type="Number">0</Data></Cell>
    <Cell><Data ss:Type="String">2023-12-07 16:16:20.347434</Data></Cell>
   </Row>
   <Row>
    <Cell><Data ss:Type="String">2392</Data></Cell>
    <Cell><Data ss:Type="Number">0.16</Data></Cell>
    <Cell><Data ss:Type="Number">-10.1</Data></Cell>
    <Cell><Data ss:Type="Number">-0.08</Data></Cell>
    <Cell><Data ss:Type="Number">-9.4600000000000009</Data></Cell>
    <Cell><Data ss:Type="Number">-0.03</Data></Cell>
    <Cell><Data ss:Type="Number">-0.92</Data></Cell>
    <Cell><Data ss:Type="Number">22.7</Data></Cell>
    <Cell><Data ss:Type="Number">39.200000000000003</Data></Cell>
    <Cell><Data ss:Type="Number">0</Data></Cell>
    <Cell><Data ss:Type="Number">0</Data></Cell>
    <Cell><Data ss:Type="String">2023-12-07 16:16:20.345639</Data></Cell>
   </Row>
   <Row>
    <Cell><Data ss:Type="String">2391</Data></Cell>
    <Cell><Data ss:Type="Number">0.5</Data></Cell>
    <Cell><Data ss:Type="Number">-10.130000000000001</Data></Cell>
    <Cell><Data ss:Type="Number">-0.17</Data></Cell>
    <Cell><Data ss:Type="Number">-9.49</Data></Cell>
    <Cell><Data ss:Type="Number">-0.14000000000000001</Data></Cell>
    <Cell><Data ss:Type="Number">-0.96</Data></Cell>
    <Cell><Data ss:Type="Number">22.7</Data></Cell>
    <Cell><Data ss:Type="Number">39.200000000000003</Data></Cell>
    <Cell><Data ss:Type="Number">0</Data></Cell>
    <Cell><Data ss:Type="Number">0</Data></Cell>
    <Cell><Data ss:Type="String">2023-12-07 16:16:20.343650</Data></Cell>
   </Row>
   <Row>
    <Cell><Data ss:Type="String">2390</Data></Cell>
    <Cell><Data ss:Type="Number">0.62</Data></Cell>
    <Cell><Data ss:Type="Number">-10.6</Data></Cell>
    <Cell><Data ss:Type="Number">0.02</Data></Cell>
    <Cell><Data ss:Type="Number">-9.8000000000000007</Data></Cell>
    <Cell><Data ss:Type="Number">-0.1</Data></Cell>
    <Cell><Data ss:Type="Number">-0.89</Data></Cell>
    <Cell><Data ss:Type="Number">22.7</Data></Cell>
    <Cell><Data ss:Type="Number">39.200000000000003</Data></Cell>
    <Cell><Data ss:Type="Number">0</Data></Cell>
    <Cell><Data ss:Type="Number">0</Data></Cell>
    <Cell><Data ss:Type="String">2023-12-07 16:16:20.341815</Data></Cell>
   </Row>
   <Row>
    <Cell><Data ss:Type="String">2389</Data></Cell>
    <Cell><Data ss:Type="Number">0.23</Data></Cell>
    <Cell><Data ss:Type="Number">-10.56</Data></Cell>
    <Cell><Data ss:Type="Number">0.13</Data></Cell>
    <Cell><Data ss:Type="Number">-9.44</Data></Cell>
    <Cell><Data ss:Type="Number">-0.02</Data></Cell>
    <Cell><Data ss:Type="Number">-0.93</Data></Cell>
    <Cell><Data ss:Type="Number">22.7</Data></Cell>
    <Cell><Data ss:Type="Number">39.200000000000003</Data></Cell>
    <Cell><Data ss:Type="Number">0</Data></Cell>
    <Cell><Data ss:Type="Number">0</Data></Cell>
    <Cell><Data ss:Type="String">2023-12-07 16:16:20.339643</Data></Cell>
   </Row>
   <Row>
    <Cell><Data ss:Type="String">2388</Data></Cell>
    <Cell><Data ss:Type="Number">0.25</Data></Cell>
    <Cell><Data ss:Type="Number">-9.92</Data></Cell>
    <Cell><Data ss:Type="Number">0.05</Data></Cell>
    <Cell><Data ss:Type="Number">-9.4700000000000006</Data></Cell>
    <Cell><Data ss:Type="Number">-7.0000000000000007E-2</Data></Cell>
    <Cell><Data ss:Type="Number">-0.92</Data></Cell>
    <Cell><Data ss:Type="Number">22.7</Data></Cell>
    <Cell><Data ss:Type="Number">39.200000000000003</Data></Cell>
    <Cell><Data ss:Type="Number">0</Data></Cell>
    <Cell><Data ss:Type="Number">0</Data></Cell>
    <Cell><Data ss:Type="String">2023-12-07 16:16:20.336562</Data></Cell>
   </Row>
   <Row>
    <Cell><Data ss:Type="String">2387</Data></Cell>
    <Cell><Data ss:Type="Number">0.42</Data></Cell>
    <Cell><Data ss:Type="Number">-9.7200000000000006</Data></Cell>
    <Cell><Data ss:Type="Number">0.56999999999999995</Data></Cell>
    <Cell><Data ss:Type="Number">-9.42</Data></Cell>
    <Cell><Data ss:Type="Number">-0.08</Data></Cell>
    <Cell><Data ss:Type="Number">-0.9</Data></Cell>
    <Cell><Data ss:Type="Number">22.7</Data></Cell>
    <Cell><Data ss:Type="Number">39.200000000000003</Data></Cell>
    <Cell><Data ss:Type="Number">0</Data></Cell>
    <Cell><Data ss:Type="Number">0</Data></Cell>
    <Cell><Data ss:Type="String">2023-12-07 16:16:20.102955</Data></Cell>
   </Row>
   <Row>
    <Cell><Data ss:Type="String">2386</Data></Cell>
    <Cell><Data ss:Type="Number">0.46</Data></Cell>
    <Cell><Data ss:Type="Number">-9.7200000000000006</Data></Cell>
    <Cell><Data ss:Type="Number">-0.27</Data></Cell>
    <Cell><Data ss:Type="Number">-9.4600000000000009</Data></Cell>
    <Cell><Data ss:Type="Number">-0.14000000000000001</Data></Cell>
    <Cell><Data ss:Type="Number">-0.93</Data></Cell>
    <Cell><Data ss:Type="Number">22.7</Data></Cell>
    <Cell><Data ss:Type="Number">39.200000000000003</Data></Cell>
    <Cell><Data ss:Type="Number">0</Data></Cell>
    <Cell><Data ss:Type="Number">0</Data></Cell>
    <Cell><Data ss:Type="String">2023-12-07 16:16:20.101274</Data></Cell>
   </Row>
   <Row>
    <Cell><Data ss:Type="String">2385</Data></Cell>
    <Cell><Data ss:Type="Number">0.54</Data></Cell>
    <Cell><Data ss:Type="Number">-9.86</Data></Cell>
    <Cell><Data ss:Type="Number">-0.15</Data></Cell>
    <Cell><Data ss:Type="Number">-9.4499999999999993</Data></Cell>
    <Cell><Data ss:Type="Number">-0.05</Data></Cell>
    <Cell><Data ss:Type="Number">-0.89</Data></Cell>
    <Cell><Data ss:Type="Number">22.7</Data></Cell>
    <Cell><Data ss:Type="Number">39.200000000000003</Data></Cell>
    <Cell><Data ss:Type="Number">0</Data></Cell>
    <Cell><Data ss:Type="Number">0</Data></Cell>
    <Cell><Data ss:Type="String">2023-12-07 16:16:20.099618</Data></Cell>
   </Row>
   <Row>
    <Cell><Data ss:Type="String">2384</Data></Cell>
    <Cell><Data ss:Type="Number">0.28000000000000003</Data></Cell>
    <Cell><Data ss:Type="Number">-10.09</Data></Cell>
    <Cell><Data ss:Type="Number">-0.16</Data></Cell>
    <Cell><Data ss:Type="Number">-9.49</Data></Cell>
    <Cell><Data ss:Type="Number">-0.06</Data></Cell>
    <Cell><Data ss:Type="Number">-0.93</Data></Cell>
    <Cell><Data ss:Type="Number">22.7</Data></Cell>
    <Cell><Data ss:Type="Number">39.200000000000003</Data></Cell>
    <Cell><Data ss:Type="Number">0</Data></Cell>
    <Cell><Data ss:Type="Number">0</Data></Cell>
    <Cell><Data ss:Type="String">2023-12-07 16:16:20.098085</Data></Cell>
   </Row>
   <Row>
    <Cell><Data ss:Type="String">2383</Data></Cell>
    <Cell><Data ss:Type="Number">0.25</Data></Cell>
    <Cell><Data ss:Type="Number">-10.37</Data></Cell>
    <Cell><Data ss:Type="Number">0.4</Data></Cell>
    <Cell><Data ss:Type="Number">-9.4499999999999993</Data></Cell>
    <Cell><Data ss:Type="Number">-7.0000000000000007E-2</Data></Cell>
    <Cell><Data ss:Type="Number">-0.89</Data></Cell>
    <Cell><Data ss:Type="Number">22.7</Data></Cell>
    <Cell><Data ss:Type="Number">39.200000000000003</Data></Cell>
    <Cell><Data ss:Type="Number">0</Data></Cell>
    <Cell><Data ss:Type="Number">0</Data></Cell>
    <Cell><Data ss:Type="String">2023-12-07 16:16:20.096511</Data></Cell>
   </Row>
   <Row>
    <Cell><Data ss:Type="String">2382</Data></Cell>
    <Cell><Data ss:Type="Number">0.4</Data></Cell>
    <Cell><Data ss:Type="Number">-10.07</Data></Cell>
    <Cell><Data ss:Type="Number">0.08</Data></Cell>
    <Cell><Data ss:Type="Number">-9.33</Data></Cell>
    <Cell><Data ss:Type="Number">-7.0000000000000007E-2</Data></Cell>
    <Cell><Data ss:Type="Number">-0.92</Data></Cell>
    <Cell><Data ss:Type="Number">22.7</Data></Cell>
    <Cell><Data ss:Type="Number">39.200000000000003</Data></Cell>
    <Cell><Data ss:Type="Number">0</Data></Cell>
    <Cell><Data ss:Type="Number">0</Data></Cell>
    <Cell><Data ss:Type="String">2023-12-07 16:16:20.094808</Data></Cell>
   </Row>
   <Row>
    <Cell><Data ss:Type="String">2381</Data></Cell>
    <Cell><Data ss:Type="Number">0.25</Data></Cell>
    <Cell><Data ss:Type="Number">-10</Data></Cell>
    <Cell><Data ss:Type="Number">0.32</Data></Cell>
    <Cell><Data ss:Type="Number">-9.4600000000000009</Data></Cell>
    <Cell><Data ss:Type="Number">-0.11</Data></Cell>
    <Cell><Data ss:Type="Number">-0.9</Data></Cell>
    <Cell><Data ss:Type="Number">22.7</Data></Cell>
    <Cell><Data ss:Type="Number">39.200000000000003</Data></Cell>
    <Cell><Data ss:Type="Number">0</Data></Cell>
    <Cell><Data ss:Type="Number">0</Data></Cell>
    <Cell><Data ss:Type="String">2023-12-07 16:16:20.093065</Data></Cell>
   </Row>
   <Row>
    <Cell><Data ss:Type="String">2380</Data></Cell>
    <Cell><Data ss:Type="Number">0.55000000000000004</Data></Cell>
    <Cell><Data ss:Type="Number">-10.5</Data></Cell>
    <Cell><Data ss:Type="Number">0.21</Data></Cell>
    <Cell><Data ss:Type="Number">-9.4600000000000009</Data></Cell>
    <Cell><Data ss:Type="Number">-7.0000000000000007E-2</Data></Cell>
    <Cell><Data ss:Type="Number">-0.93</Data></Cell>
    <Cell><Data ss:Type="Number">22.7</Data></Cell>
    <Cell><Data ss:Type="Number">39.200000000000003</Data></Cell>
    <Cell><Data ss:Type="Number">0</Data></Cell>
    <Cell><Data ss:Type="Number">0</Data></Cell>
    <Cell><Data ss:Type="String">2023-12-07 16:16:19.858810</Data></Cell>
   </Row>
   <Row>
    <Cell><Data ss:Type="String">2379</Data></Cell>
    <Cell><Data ss:Type="Number">0.33</Data></Cell>
    <Cell><Data ss:Type="Number">-9.91</Data></Cell>
    <Cell><Data ss:Type="Number">0.37</Data></Cell>
    <Cell><Data ss:Type="Number">-9.7899999999999991</Data></Cell>
    <Cell><Data ss:Type="Number">-0.08</Data></Cell>
    <Cell><Data ss:Type="Number">-0.97</Data></Cell>
    <Cell><Data ss:Type="Number">22.7</Data></Cell>
    <Cell><Data ss:Type="Number">39.200000000000003</Data></Cell>
    <Cell><Data ss:Type="Number">0</Data></Cell>
    <Cell><Data ss:Type="Number">0</Data></Cell>
    <Cell><Data ss:Type="String">2023-12-07 16:16:19.856971</Data></Cell>
   </Row>
   <Row>
    <Cell><Data ss:Type="String">2378</Data></Cell>
    <Cell><Data ss:Type="Number">0.46</Data></Cell>
    <Cell><Data ss:Type="Number">-10.210000000000001</Data></Cell>
    <Cell><Data ss:Type="Number">0.37</Data></Cell>
    <Cell><Data ss:Type="Number">-9.34</Data></Cell>
    <Cell><Data ss:Type="Number">-0.06</Data></Cell>
    <Cell><Data ss:Type="Number">-0.84</Data></Cell>
    <Cell><Data ss:Type="Number">22.7</Data></Cell>
    <Cell><Data ss:Type="Number">39.200000000000003</Data></Cell>
    <Cell><Data ss:Type="Number">0</Data></Cell>
    <Cell><Data ss:Type="Number">0</Data></Cell>
    <Cell><Data ss:Type="String">2023-12-07 16:16:19.811654</Data></Cell>
   </Row>
   <Row>
    <Cell><Data ss:Type="String">2377</Data></Cell>
    <Cell><Data ss:Type="Number">0.65</Data></Cell>
    <Cell><Data ss:Type="Number">-9.4499999999999993</Data></Cell>
    <Cell><Data ss:Type="Number">0</Data></Cell>
    <Cell><Data ss:Type="Number">-9.26</Data></Cell>
    <Cell><Data ss:Type="Number">-0.15</Data></Cell>
    <Cell><Data ss:Type="Number">-1.01</Data></Cell>
    <Cell><Data ss:Type="Number">22.7</Data></Cell>
    <Cell><Data ss:Type="Number">39.200000000000003</Data></Cell>
    <Cell><Data ss:Type="Number">0</Data></Cell>
    <Cell><Data ss:Type="Number">0</Data></Cell>
    <Cell><Data ss:Type="String">2023-12-07 16:16:19.767317</Data></Cell>
   </Row>
   <Row>
    <Cell><Data ss:Type="String">2376</Data></Cell>
    <Cell><Data ss:Type="Number">0.19</Data></Cell>
    <Cell><Data ss:Type="Number">-10.31</Data></Cell>
    <Cell><Data ss:Type="Number">0.5</Data></Cell>
    <Cell><Data ss:Type="Number">-9.61</Data></Cell>
    <Cell><Data ss:Type="Number">-0.13</Data></Cell>
    <Cell><Data ss:Type="Number">-0.89</Data></Cell>
    <Cell><Data ss:Type="Number">22.7</Data></Cell>
    <Cell><Data ss:Type="Number">39.200000000000003</Data></Cell>
    <Cell><Data ss:Type="Number">0</Data></Cell>
    <Cell><Data ss:Type="Number">0</Data></Cell>
    <Cell><Data ss:Type="String">2023-12-07 16:16:19.765295</Data></Cell>
   </Row>
   <Row>
    <Cell><Data ss:Type="String">2375</Data></Cell>
    <Cell><Data ss:Type="Number">0.24</Data></Cell>
    <Cell><Data ss:Type="Number">-10.28</Data></Cell>
    <Cell><Data ss:Type="Number">0.18</Data></Cell>
    <Cell><Data ss:Type="Number">-9.67</Data></Cell>
    <Cell><Data ss:Type="Number">-0.01</Data></Cell>
    <Cell><Data ss:Type="Number">-0.91</Data></Cell>
    <Cell><Data ss:Type="Number">22.7</Data></Cell>
    <Cell><Data ss:Type="Number">39.200000000000003</Data></Cell>
    <Cell><Data ss:Type="Number">0</Data></Cell>
    <Cell><Data ss:Type="Number">0</Data></Cell>
    <Cell><Data ss:Type="String">2023-12-07 16:16:19.715867</Data></Cell>
   </Row>
   <Row>
    <Cell><Data ss:Type="String">2374</Data></Cell>
    <Cell><Data ss:Type="Number">0.66</Data></Cell>
    <Cell><Data ss:Type="Number">-9.75</Data></Cell>
    <Cell><Data ss:Type="Number">0.51</Data></Cell>
    <Cell><Data ss:Type="Number">-9.42</Data></Cell>
    <Cell><Data ss:Type="Number">-0.04</Data></Cell>
    <Cell><Data ss:Type="Number">-0.96</Data></Cell>
    <Cell><Data ss:Type="Number">22.7</Data></Cell>
    <Cell><Data ss:Type="Number">39.200000000000003</Data></Cell>
    <Cell><Data ss:Type="Number">0</Data></Cell>
    <Cell><Data ss:Type="Number">0</Data></Cell>
    <Cell><Data ss:Type="String">2023-12-07 16:16:19.714258</Data></Cell>
   </Row>
   <Row>
    <Cell><Data ss:Type="String">2373</Data></Cell>
    <Cell><Data ss:Type="Number">0.44</Data></Cell>
    <Cell><Data ss:Type="Number">-10.9</Data></Cell>
    <Cell><Data ss:Type="Number">0.45</Data></Cell>
    <Cell><Data ss:Type="Number">-9.44</Data></Cell>
    <Cell><Data ss:Type="Number">-0.01</Data></Cell>
    <Cell><Data ss:Type="Number">-0.84</Data></Cell>
    <Cell><Data ss:Type="Number">22.7</Data></Cell>
    <Cell><Data ss:Type="Number">39.200000000000003</Data></Cell>
    <Cell><Data ss:Type="Number">0</Data></Cell>
    <Cell><Data ss:Type="Number">0</Data></Cell>
    <Cell><Data ss:Type="String">2023-12-07 16:16:19.712712</Data></Cell>
   </Row>
   <Row>
    <Cell><Data ss:Type="String">2372</Data></Cell>
    <Cell><Data ss:Type="Number">0.24</Data></Cell>
    <Cell><Data ss:Type="Number">-9.8000000000000007</Data></Cell>
    <Cell><Data ss:Type="Number">0.02</Data></Cell>
    <Cell><Data ss:Type="Number">-9.56</Data></Cell>
    <Cell><Data ss:Type="Number">-0.02</Data></Cell>
    <Cell><Data ss:Type="Number">-0.95</Data></Cell>
    <Cell><Data ss:Type="Number">22.7</Data></Cell>
    <Cell><Data ss:Type="Number">39.200000000000003</Data></Cell>
    <Cell><Data ss:Type="Number">0</Data></Cell>
    <Cell><Data ss:Type="Number">0</Data></Cell>
    <Cell><Data ss:Type="String">2023-12-07 16:16:19.711114</Data></Cell>
   </Row>
   <Row>
    <Cell><Data ss:Type="String">2371</Data></Cell>
    <Cell><Data ss:Type="Number">0.19</Data></Cell>
    <Cell><Data ss:Type="Number">-9.9</Data></Cell>
    <Cell><Data ss:Type="Number">-0.03</Data></Cell>
    <Cell><Data ss:Type="Number">-9.35</Data></Cell>
    <Cell><Data ss:Type="Number">-0.01</Data></Cell>
    <Cell><Data ss:Type="Number">-0.86</Data></Cell>
    <Cell><Data ss:Type="Number">22.7</Data></Cell>
    <Cell><Data ss:Type="Number">39.200000000000003</Data></Cell>
    <Cell><Data ss:Type="Number">0</Data></Cell>
    <Cell><Data ss:Type="Number">0</Data></Cell>
    <Cell><Data ss:Type="String">2023-12-07 16:16:19.709389</Data></Cell>
   </Row>
   <Row>
    <Cell><Data ss:Type="String">2370</Data></Cell>
    <Cell><Data ss:Type="Number">0.2</Data></Cell>
    <Cell><Data ss:Type="Number">-9.59</Data></Cell>
    <Cell><Data ss:Type="Number">0.16</Data></Cell>
    <Cell><Data ss:Type="Number">-9.4</Data></Cell>
    <Cell><Data ss:Type="Number">-0.23</Data></Cell>
    <Cell><Data ss:Type="Number">-0.98</Data></Cell>
    <Cell><Data ss:Type="Number">22.7</Data></Cell>
    <Cell><Data ss:Type="Number">39.200000000000003</Data></Cell>
    <Cell><Data ss:Type="Number">0</Data></Cell>
    <Cell><Data ss:Type="Number">0</Data></Cell>
    <Cell><Data ss:Type="String">2023-12-07 16:16:19.707808</Data></Cell>
   </Row>
   <Row>
    <Cell><Data ss:Type="String">2369</Data></Cell>
    <Cell><Data ss:Type="Number">0.88</Data></Cell>
    <Cell><Data ss:Type="Number">-10.01</Data></Cell>
    <Cell><Data ss:Type="Number">0.52</Data></Cell>
    <Cell><Data ss:Type="Number">-9.42</Data></Cell>
    <Cell><Data ss:Type="Number">-0.24</Data></Cell>
    <Cell><Data ss:Type="Number">-0.88</Data></Cell>
    <Cell><Data ss:Type="Number">22.7</Data></Cell>
    <Cell><Data ss:Type="Number">39.200000000000003</Data></Cell>
    <Cell><Data ss:Type="Number">0</Data></Cell>
    <Cell><Data ss:Type="Number">0</Data></Cell>
    <Cell><Data ss:Type="String">2023-12-07 16:16:19.703061</Data></Cell>
   </Row>
   <Row>
    <Cell><Data ss:Type="String">2368</Data></Cell>
    <Cell><Data ss:Type="Number">0.2</Data></Cell>
    <Cell><Data ss:Type="Number">-9.84</Data></Cell>
    <Cell><Data ss:Type="Number">0.22</Data></Cell>
    <Cell><Data ss:Type="Number">-9.42</Data></Cell>
    <Cell><Data ss:Type="Number">-0.03</Data></Cell>
    <Cell><Data ss:Type="Number">-0.89</Data></Cell>
    <Cell><Data ss:Type="Number">22.7</Data></Cell>
    <Cell><Data ss:Type="Number">39.200000000000003</Data></Cell>
    <Cell><Data ss:Type="Number">0</Data></Cell>
    <Cell><Data ss:Type="Number">0</Data></Cell>
    <Cell><Data ss:Type="String">2023-12-07 16:16:19.467217</Data></Cell>
   </Row>
   <Row>
    <Cell><Data ss:Type="String">2367</Data></Cell>
    <Cell><Data ss:Type="Number">-0.01</Data></Cell>
    <Cell><Data ss:Type="Number">-9.8800000000000008</Data></Cell>
    <Cell><Data ss:Type="Number">-0.36</Data></Cell>
    <Cell><Data ss:Type="Number">-9.51</Data></Cell>
    <Cell><Data ss:Type="Number">0.4</Data></Cell>
    <Cell><Data ss:Type="Number">-1.06</Data></Cell>
    <Cell><Data ss:Type="Number">22.7</Data></Cell>
    <Cell><Data ss:Type="Number">39.200000000000003</Data></Cell>
    <Cell><Data ss:Type="Number">0</Data></Cell>
    <Cell><Data ss:Type="Number">0</Data></Cell>
    <Cell><Data ss:Type="String">2023-12-07 16:16:19.465907</Data></Cell>
   </Row>
   <Row>
    <Cell><Data ss:Type="String">2366</Data></Cell>
    <Cell><Data ss:Type="Number">1.74</Data></Cell>
    <Cell><Data ss:Type="Number">-10.119999999999999</Data></Cell>
    <Cell><Data ss:Type="Number">1.06</Data></Cell>
    <Cell><Data ss:Type="Number">-9.5299999999999994</Data></Cell>
    <Cell><Data ss:Type="Number">-0.79</Data></Cell>
    <Cell><Data ss:Type="Number">-0.78</Data></Cell>
    <Cell><Data ss:Type="Number">22.7</Data></Cell>
    <Cell><Data ss:Type="Number">39.200000000000003</Data></Cell>
    <Cell><Data ss:Type="Number">0</Data></Cell>
    <Cell><Data ss:Type="Number">0</Data></Cell>
    <Cell><Data ss:Type="String">2023-12-07 16:16:19.464591</Data></Cell>
   </Row>
   <Row>
    <Cell><Data ss:Type="String">2365</Data></Cell>
    <Cell><Data ss:Type="Number">-2.75</Data></Cell>
    <Cell><Data ss:Type="Number">-10.41</Data></Cell>
    <Cell><Data ss:Type="Number">1.03</Data></Cell>
    <Cell><Data ss:Type="Number">-9.61</Data></Cell>
    <Cell><Data ss:Type="Number">-0.78</Data></Cell>
    <Cell><Data ss:Type="Number">-0.73</Data></Cell>
    <Cell><Data ss:Type="Number">22.7</Data></Cell>
    <Cell><Data ss:Type="Number">39.200000000000003</Data></Cell>
    <Cell><Data ss:Type="Number">0</Data></Cell>
    <Cell><Data ss:Type="Number">0</Data></Cell>
    <Cell><Data ss:Type="String">2023-12-07 16:16:19.463248</Data></Cell>
   </Row>
   <Row>
    <Cell><Data ss:Type="String">2364</Data></Cell>
    <Cell><Data ss:Type="Number">-2.98</Data></Cell>
    <Cell><Data ss:Type="Number">-10.98</Data></Cell>
    <Cell><Data ss:Type="Number">-1.1399999999999999</Data></Cell>
    <Cell><Data ss:Type="Number">-10.08</Data></Cell>
    <Cell><Data ss:Type="Number">1.32</Data></Cell>
    <Cell><Data ss:Type="Number">-0.9</Data></Cell>
    <Cell><Data ss:Type="Number">22.7</Data></Cell>
    <Cell><Data ss:Type="Number">39.200000000000003</Data></Cell>
    <Cell><Data ss:Type="Number">0</Data></Cell>
    <Cell><Data ss:Type="Number">0</Data></Cell>
    <Cell><Data ss:Type="String">2023-12-07 16:16:19.461875</Data></Cell>
   </Row>
   <Row>
    <Cell><Data ss:Type="String">2363</Data></Cell>
    <Cell><Data ss:Type="Number">0.28999999999999998</Data></Cell>
    <Cell><Data ss:Type="Number">-17.47</Data></Cell>
    <Cell><Data ss:Type="Number">-0.35</Data></Cell>
    <Cell><Data ss:Type="Number">-16.21</Data></Cell>
    <Cell><Data ss:Type="Number">0.82</Data></Cell>
    <Cell><Data ss:Type="Number">-0.46</Data></Cell>
    <Cell><Data ss:Type="Number">22.7</Data></Cell>
    <Cell><Data ss:Type="Number">39.200000000000003</Data></Cell>
    <Cell><Data ss:Type="Number">0</Data></Cell>
    <Cell><Data ss:Type="Number">0</Data></Cell>
    <Cell><Data ss:Type="String">2023-12-07 16:16:19.460538</Data></Cell>
   </Row>
   <Row>
    <Cell><Data ss:Type="String">2362</Data></Cell>
    <Cell><Data ss:Type="Number">0.31</Data></Cell>
    <Cell><Data ss:Type="Number">-10.14</Data></Cell>
    <Cell><Data ss:Type="Number">0.28999999999999998</Data></Cell>
    <Cell><Data ss:Type="Number">-9.56</Data></Cell>
    <Cell><Data ss:Type="Number">-0.08</Data></Cell>
    <Cell><Data ss:Type="Number">-0.9</Data></Cell>
    <Cell><Data ss:Type="Number">22.7</Data></Cell>
    <Cell><Data ss:Type="Number">39.200000000000003</Data></Cell>
    <Cell><Data ss:Type="Number">0</Data></Cell>
    <Cell><Data ss:Type="Number">0</Data></Cell>
    <Cell><Data ss:Type="String">2023-12-07 16:16:19.458591</Data></Cell>
   </Row>
   <Row>
    <Cell><Data ss:Type="String">2361</Data></Cell>
    <Cell><Data ss:Type="Number">0.32</Data></Cell>
    <Cell><Data ss:Type="Number">-10.19</Data></Cell>
    <Cell><Data ss:Type="Number">0.16</Data></Cell>
    <Cell><Data ss:Type="Number">-9.5299999999999994</Data></Cell>
    <Cell><Data ss:Type="Number">-7.0000000000000007E-2</Data></Cell>
    <Cell><Data ss:Type="Number">-0.86</Data></Cell>
    <Cell><Data ss:Type="Number">22.7</Data></Cell>
    <Cell><Data ss:Type="Number">39.200000000000003</Data></Cell>
    <Cell><Data ss:Type="Number">0</Data></Cell>
    <Cell><Data ss:Type="Number">0</Data></Cell>
    <Cell><Data ss:Type="String">2023-12-07 16:16:19.208663</Data></Cell>
   </Row>
   <Row>
    <Cell><Data ss:Type="String">2360</Data></Cell>
    <Cell><Data ss:Type="Number">0.27</Data></Cell>
    <Cell><Data ss:Type="Number">-9.9</Data></Cell>
    <Cell><Data ss:Type="Number">0.09</Data></Cell>
    <Cell><Data ss:Type="Number">-9.42</Data></Cell>
    <Cell><Data ss:Type="Number">-0.06</Data></Cell>
    <Cell><Data ss:Type="Number">-0.93</Data></Cell>
    <Cell><Data ss:Type="Number">22.7</Data></Cell>
    <Cell><Data ss:Type="Number">39.200000000000003</Data></Cell>
    <Cell><Data ss:Type="Number">0</Data></Cell>
    <Cell><Data ss:Type="Number">0</Data></Cell>
    <Cell><Data ss:Type="String">2023-12-07 16:16:19.198651</Data></Cell>
   </Row>
   <Row>
    <Cell><Data ss:Type="String">2359</Data></Cell>
    <Cell><Data ss:Type="Number">0.26</Data></Cell>
    <Cell><Data ss:Type="Number">-9.9600000000000009</Data></Cell>
    <Cell><Data ss:Type="Number">0.13</Data></Cell>
    <Cell><Data ss:Type="Number">-9.48</Data></Cell>
    <Cell><Data ss:Type="Number">-0.1</Data></Cell>
    <Cell><Data ss:Type="Number">-0.92</Data></Cell>
    <Cell><Data ss:Type="Number">22.7</Data></Cell>
    <Cell><Data ss:Type="Number">39.200000000000003</Data></Cell>
    <Cell><Data ss:Type="Number">0</Data></Cell>
    <Cell><Data ss:Type="Number">0</Data></Cell>
    <Cell><Data ss:Type="String">2023-12-07 16:16:19.154038</Data></Cell>
   </Row>
   <Row>
    <Cell><Data ss:Type="String">2358</Data></Cell>
    <Cell><Data ss:Type="Number">0.33</Data></Cell>
    <Cell><Data ss:Type="Number">-10.039999999999999</Data></Cell>
    <Cell><Data ss:Type="Number">0.09</Data></Cell>
    <Cell><Data ss:Type="Number">-9.52</Data></Cell>
    <Cell><Data ss:Type="Number">-0.08</Data></Cell>
    <Cell><Data ss:Type="Number">-0.93</Data></Cell>
    <Cell><Data ss:Type="Number">22.7</Data></Cell>
    <Cell><Data ss:Type="Number">39.200000000000003</Data></Cell>
    <Cell><Data ss:Type="Number">0</Data></Cell>
    <Cell><Data ss:Type="Number">0</Data></Cell>
    <Cell><Data ss:Type="String">2023-12-07 16:16:19.109165</Data></Cell>
   </Row>
   <Row>
    <Cell><Data ss:Type="String">2357</Data></Cell>
    <Cell><Data ss:Type="Number">0.28000000000000003</Data></Cell>
    <Cell><Data ss:Type="Number">-10.23</Data></Cell>
    <Cell><Data ss:Type="Number">0.14000000000000001</Data></Cell>
    <Cell><Data ss:Type="Number">-9.5299999999999994</Data></Cell>
    <Cell><Data ss:Type="Number">-0.09</Data></Cell>
    <Cell><Data ss:Type="Number">-0.88</Data></Cell>
    <Cell><Data ss:Type="Number">22.7</Data></Cell>
    <Cell><Data ss:Type="Number">39.200000000000003</Data></Cell>
    <Cell><Data ss:Type="Number">0</Data></Cell>
    <Cell><Data ss:Type="Number">0</Data></Cell>
    <Cell><Data ss:Type="String">2023-12-07 16:16:19.107615</Data></Cell>
   </Row>
   <Row>
    <Cell><Data ss:Type="String">2356</Data></Cell>
    <Cell><Data ss:Type="Number">0.25</Data></Cell>
    <Cell><Data ss:Type="Number">-10.18</Data></Cell>
    <Cell><Data ss:Type="Number">0.2</Data></Cell>
    <Cell><Data ss:Type="Number">-9.4600000000000009</Data></Cell>
    <Cell><Data ss:Type="Number">-0.06</Data></Cell>
    <Cell><Data ss:Type="Number">-0.91</Data></Cell>
    <Cell><Data ss:Type="Number">22.7</Data></Cell>
    <Cell><Data ss:Type="Number">39.200000000000003</Data></Cell>
    <Cell><Data ss:Type="Number">0</Data></Cell>
    <Cell><Data ss:Type="Number">0</Data></Cell>
    <Cell><Data ss:Type="String">2023-12-07 16:16:19.061080</Data></Cell>
   </Row>
   <Row>
    <Cell><Data ss:Type="String">2355</Data></Cell>
    <Cell><Data ss:Type="Number">0.31</Data></Cell>
    <Cell><Data ss:Type="Number">-9.94</Data></Cell>
    <Cell><Data ss:Type="Number">-7.0000000000000007E-2</Data></Cell>
    <Cell><Data ss:Type="Number">-9.42</Data></Cell>
    <Cell><Data ss:Type="Number">-0.06</Data></Cell>
    <Cell><Data ss:Type="Number">-0.93</Data></Cell>
    <Cell><Data ss:Type="Number">22.7</Data></Cell>
    <Cell><Data ss:Type="Number">39.200000000000003</Data></Cell>
    <Cell><Data ss:Type="Number">0</Data></Cell>
    <Cell><Data ss:Type="Number">0</Data></Cell>
    <Cell><Data ss:Type="String">2023-12-07 16:16:19.018680</Data></Cell>
   </Row>
   <Row>
    <Cell><Data ss:Type="String">2354</Data></Cell>
    <Cell><Data ss:Type="Number">0.26</Data></Cell>
    <Cell><Data ss:Type="Number">-10.02</Data></Cell>
    <Cell><Data ss:Type="Number">0.13</Data></Cell>
    <Cell><Data ss:Type="Number">-9.49</Data></Cell>
    <Cell><Data ss:Type="Number">-7.0000000000000007E-2</Data></Cell>
    <Cell><Data ss:Type="Number">-0.95</Data></Cell>
    <Cell><Data ss:Type="Number">22.7</Data></Cell>
    <Cell><Data ss:Type="Number">39.200000000000003</Data></Cell>
    <Cell><Data ss:Type="Number">0</Data></Cell>
    <Cell><Data ss:Type="Number">0</Data></Cell>
    <Cell><Data ss:Type="String">2023-12-07 16:16:19.016321</Data></Cell>
   </Row>
   <Row>
    <Cell><Data ss:Type="String">2353</Data></Cell>
    <Cell><Data ss:Type="Number">0.34</Data></Cell>
    <Cell><Data ss:Type="Number">-10.130000000000001</Data></Cell>
    <Cell><Data ss:Type="Number">0.14000000000000001</Data></Cell>
    <Cell><Data ss:Type="Number">-9.56</Data></Cell>
    <Cell><Data ss:Type="Number">-0.08</Data></Cell>
    <Cell><Data ss:Type="Number">-0.93</Data></Cell>
    <Cell><Data ss:Type="Number">22.7</Data></Cell>
    <Cell><Data ss:Type="Number">39.200000000000003</Data></Cell>
    <Cell><Data ss:Type="Number">0</Data></Cell>
    <Cell><Data ss:Type="Number">0</Data></Cell>
    <Cell><Data ss:Type="String">2023-12-07 16:16:18.970016</Data></Cell>
   </Row>
   <Row>
    <Cell><Data ss:Type="String">2352</Data></Cell>
    <Cell><Data ss:Type="Number">0.25</Data></Cell>
    <Cell><Data ss:Type="Number">-10.14</Data></Cell>
    <Cell><Data ss:Type="Number">0.19</Data></Cell>
    <Cell><Data ss:Type="Number">-9.44</Data></Cell>
    <Cell><Data ss:Type="Number">-0.03</Data></Cell>
    <Cell><Data ss:Type="Number">-0.91</Data></Cell>
    <Cell><Data ss:Type="Number">22.7</Data></Cell>
    <Cell><Data ss:Type="Number">39.200000000000003</Data></Cell>
    <Cell><Data ss:Type="Number">0</Data></Cell>
    <Cell><Data ss:Type="Number">0</Data></Cell>
    <Cell><Data ss:Type="String">2023-12-07 16:16:18.923611</Data></Cell>
   </Row>
   <Row>
    <Cell><Data ss:Type="String">2351</Data></Cell>
    <Cell><Data ss:Type="Number">0.26</Data></Cell>
    <Cell><Data ss:Type="Number">-10.08</Data></Cell>
    <Cell><Data ss:Type="Number">0.44</Data></Cell>
    <Cell><Data ss:Type="Number">-9.4499999999999993</Data></Cell>
    <Cell><Data ss:Type="Number">-0.08</Data></Cell>
    <Cell><Data ss:Type="Number">-0.94</Data></Cell>
    <Cell><Data ss:Type="Number">22.7</Data></Cell>
    <Cell><Data ss:Type="Number">39.200000000000003</Data></Cell>
    <Cell><Data ss:Type="Number">0</Data></Cell>
    <Cell><Data ss:Type="Number">0</Data></Cell>
    <Cell><Data ss:Type="String">2023-12-07 16:16:18.886001</Data></Cell>
   </Row>
   <Row>
    <Cell><Data ss:Type="String">2350</Data></Cell>
    <Cell><Data ss:Type="Number">0.31</Data></Cell>
    <Cell><Data ss:Type="Number">-10</Data></Cell>
    <Cell><Data ss:Type="Number">0.08</Data></Cell>
    <Cell><Data ss:Type="Number">-9.43</Data></Cell>
    <Cell><Data ss:Type="Number">-0.06</Data></Cell>
    <Cell><Data ss:Type="Number">-0.93</Data></Cell>
    <Cell><Data ss:Type="Number">22.7</Data></Cell>
    <Cell><Data ss:Type="Number">39.200000000000003</Data></Cell>
    <Cell><Data ss:Type="Number">0</Data></Cell>
    <Cell><Data ss:Type="Number">0</Data></Cell>
    <Cell><Data ss:Type="String">2023-12-07 16:16:18.883979</Data></Cell>
   </Row>
   <Row>
    <Cell><Data ss:Type="String">2349</Data></Cell>
    <Cell><Data ss:Type="Number">0.28000000000000003</Data></Cell>
    <Cell><Data ss:Type="Number">-10.07</Data></Cell>
    <Cell><Data ss:Type="Number">0.14000000000000001</Data></Cell>
    <Cell><Data ss:Type="Number">-9.4700000000000006</Data></Cell>
    <Cell><Data ss:Type="Number">-7.0000000000000007E-2</Data></Cell>
    <Cell><Data ss:Type="Number">-0.92</Data></Cell>
    <Cell><Data ss:Type="Number">22.7</Data></Cell>
    <Cell><Data ss:Type="Number">39.200000000000003</Data></Cell>
    <Cell><Data ss:Type="Number">0</Data></Cell>
    <Cell><Data ss:Type="Number">0</Data></Cell>
    <Cell><Data ss:Type="String">2023-12-07 16:16:18.882241</Data></Cell>
   </Row>
   <Row>
    <Cell><Data ss:Type="String">2348</Data></Cell>
    <Cell><Data ss:Type="Number">0.27</Data></Cell>
    <Cell><Data ss:Type="Number">-10.18</Data></Cell>
    <Cell><Data ss:Type="Number">0.16</Data></Cell>
    <Cell><Data ss:Type="Number">-9.56</Data></Cell>
    <Cell><Data ss:Type="Number">-0.06</Data></Cell>
    <Cell><Data ss:Type="Number">-0.9</Data></Cell>
    <Cell><Data ss:Type="Number">22.7</Data></Cell>
    <Cell><Data ss:Type="Number">39.200000000000003</Data></Cell>
    <Cell><Data ss:Type="Number">0</Data></Cell>
    <Cell><Data ss:Type="Number">0</Data></Cell>
    <Cell><Data ss:Type="String">2023-12-07 16:16:18.880814</Data></Cell>
   </Row>
   <Row>
    <Cell><Data ss:Type="String">2347</Data></Cell>
    <Cell><Data ss:Type="Number">0.32</Data></Cell>
    <Cell><Data ss:Type="Number">-10.14</Data></Cell>
    <Cell><Data ss:Type="Number">0.25</Data></Cell>
    <Cell><Data ss:Type="Number">-9.52</Data></Cell>
    <Cell><Data ss:Type="Number">-0.06</Data></Cell>
    <Cell><Data ss:Type="Number">-0.9</Data></Cell>
    <Cell><Data ss:Type="Number">22.7</Data></Cell>
    <Cell><Data ss:Type="Number">39.200000000000003</Data></Cell>
    <Cell><Data ss:Type="Number">0</Data></Cell>
    <Cell><Data ss:Type="Number">0</Data></Cell>
    <Cell><Data ss:Type="String">2023-12-07 16:16:18.879356</Data></Cell>
   </Row>
   <Row>
    <Cell><Data ss:Type="String">2346</Data></Cell>
    <Cell><Data ss:Type="Number">0.26</Data></Cell>
    <Cell><Data ss:Type="Number">-10</Data></Cell>
    <Cell><Data ss:Type="Number">0.15</Data></Cell>
    <Cell><Data ss:Type="Number">-9.42</Data></Cell>
    <Cell><Data ss:Type="Number">-7.0000000000000007E-2</Data></Cell>
    <Cell><Data ss:Type="Number">-0.92</Data></Cell>
    <Cell><Data ss:Type="Number">22.7</Data></Cell>
    <Cell><Data ss:Type="Number">39.200000000000003</Data></Cell>
    <Cell><Data ss:Type="Number">0</Data></Cell>
    <Cell><Data ss:Type="Number">0</Data></Cell>
    <Cell><Data ss:Type="String">2023-12-07 16:16:18.877816</Data></Cell>
   </Row>
   <Row>
    <Cell><Data ss:Type="String">2345</Data></Cell>
    <Cell><Data ss:Type="Number">0.24</Data></Cell>
    <Cell><Data ss:Type="Number">-9.9</Data></Cell>
    <Cell><Data ss:Type="Number">0.08</Data></Cell>
    <Cell><Data ss:Type="Number">-9.4</Data></Cell>
    <Cell><Data ss:Type="Number">-0.06</Data></Cell>
    <Cell><Data ss:Type="Number">-0.96</Data></Cell>
    <Cell><Data ss:Type="Number">22.7</Data></Cell>
    <Cell><Data ss:Type="Number">39.200000000000003</Data></Cell>
    <Cell><Data ss:Type="Number">0</Data></Cell>
    <Cell><Data ss:Type="Number">0</Data></Cell>
    <Cell><Data ss:Type="String">2023-12-07 16:16:18.683516</Data></Cell>
   </Row>
   <Row>
    <Cell><Data ss:Type="String">2344</Data></Cell>
    <Cell><Data ss:Type="Number">0.33</Data></Cell>
    <Cell><Data ss:Type="Number">-10.14</Data></Cell>
    <Cell><Data ss:Type="Number">0.12</Data></Cell>
    <Cell><Data ss:Type="Number">-9.5299999999999994</Data></Cell>
    <Cell><Data ss:Type="Number">-0.06</Data></Cell>
    <Cell><Data ss:Type="Number">-0.91</Data></Cell>
    <Cell><Data ss:Type="Number">22.7</Data></Cell>
    <Cell><Data ss:Type="Number">39.200000000000003</Data></Cell>
    <Cell><Data ss:Type="Number">0</Data></Cell>
    <Cell><Data ss:Type="Number">0</Data></Cell>
    <Cell><Data ss:Type="String">2023-12-07 16:16:18.681829</Data></Cell>
   </Row>
   <Row>
    <Cell><Data ss:Type="String">2343</Data></Cell>
    <Cell><Data ss:Type="Number">0.32</Data></Cell>
    <Cell><Data ss:Type="Number">-10</Data></Cell>
    <Cell><Data ss:Type="Number">0.11</Data></Cell>
    <Cell><Data ss:Type="Number">-9.4700000000000006</Data></Cell>
    <Cell><Data ss:Type="Number">-7.0000000000000007E-2</Data></Cell>
    <Cell><Data ss:Type="Number">-0.94</Data></Cell>
    <Cell><Data ss:Type="Number">22.7</Data></Cell>
    <Cell><Data ss:Type="Number">39.200000000000003</Data></Cell>
    <Cell><Data ss:Type="Number">0</Data></Cell>
    <Cell><Data ss:Type="Number">0</Data></Cell>
    <Cell><Data ss:Type="String">2023-12-07 16:16:18.632349</Data></Cell>
   </Row>
   <Row>
    <Cell><Data ss:Type="String">2342</Data></Cell>
    <Cell><Data ss:Type="Number">0.36</Data></Cell>
    <Cell><Data ss:Type="Number">-10.119999999999999</Data></Cell>
    <Cell><Data ss:Type="Number">0.13</Data></Cell>
    <Cell><Data ss:Type="Number">-9.52</Data></Cell>
    <Cell><Data ss:Type="Number">-7.0000000000000007E-2</Data></Cell>
    <Cell><Data ss:Type="Number">-0.94</Data></Cell>
    <Cell><Data ss:Type="Number">22.7</Data></Cell>
    <Cell><Data ss:Type="Number">39.200000000000003</Data></Cell>
    <Cell><Data ss:Type="Number">0</Data></Cell>
    <Cell><Data ss:Type="Number">0</Data></Cell>
    <Cell><Data ss:Type="String">2023-12-07 16:16:18.587774</Data></Cell>
   </Row>
   <Row>
    <Cell><Data ss:Type="String">2341</Data></Cell>
    <Cell><Data ss:Type="Number">0.28000000000000003</Data></Cell>
    <Cell><Data ss:Type="Number">-10.119999999999999</Data></Cell>
    <Cell><Data ss:Type="Number">-0.06</Data></Cell>
    <Cell><Data ss:Type="Number">-9.52</Data></Cell>
    <Cell><Data ss:Type="Number">-7.0000000000000007E-2</Data></Cell>
    <Cell><Data ss:Type="Number">-0.95</Data></Cell>
    <Cell><Data ss:Type="Number">22.7</Data></Cell>
    <Cell><Data ss:Type="Number">39.200000000000003</Data></Cell>
    <Cell><Data ss:Type="Number">0</Data></Cell>
    <Cell><Data ss:Type="Number">0</Data></Cell>
    <Cell><Data ss:Type="String">2023-12-07 16:16:18.541600</Data></Cell>
   </Row>
   <Row>
    <Cell><Data ss:Type="String">2340</Data></Cell>
    <Cell><Data ss:Type="Number">0.26</Data></Cell>
    <Cell><Data ss:Type="Number">-10.09</Data></Cell>
    <Cell><Data ss:Type="Number">0.18</Data></Cell>
    <Cell><Data ss:Type="Number">-9.4700000000000006</Data></Cell>
    <Cell><Data ss:Type="Number">-0.06</Data></Cell>
    <Cell><Data ss:Type="Number">-0.9</Data></Cell>
    <Cell><Data ss:Type="Number">22.7</Data></Cell>
    <Cell><Data ss:Type="Number">39.200000000000003</Data></Cell>
    <Cell><Data ss:Type="Number">0</Data></Cell>
    <Cell><Data ss:Type="Number">0</Data></Cell>
    <Cell><Data ss:Type="String">2023-12-07 16:16:18.539654</Data></Cell>
   </Row>
   <Row>
    <Cell><Data ss:Type="String">2339</Data></Cell>
    <Cell><Data ss:Type="Number">0.36</Data></Cell>
    <Cell><Data ss:Type="Number">-9.9600000000000009</Data></Cell>
    <Cell><Data ss:Type="Number">0.12</Data></Cell>
    <Cell><Data ss:Type="Number">-9.41</Data></Cell>
    <Cell><Data ss:Type="Number">-0.05</Data></Cell>
    <Cell><Data ss:Type="Number">-0.94</Data></Cell>
    <Cell><Data ss:Type="Number">22.7</Data></Cell>
    <Cell><Data ss:Type="Number">39.200000000000003</Data></Cell>
    <Cell><Data ss:Type="Number">0</Data></Cell>
    <Cell><Data ss:Type="Number">0</Data></Cell>
    <Cell><Data ss:Type="String">2023-12-07 16:16:18.494002</Data></Cell>
   </Row>
   <Row>
    <Cell><Data ss:Type="String">2338</Data></Cell>
    <Cell><Data ss:Type="Number">0.28999999999999998</Data></Cell>
    <Cell><Data ss:Type="Number">-10.06</Data></Cell>
    <Cell><Data ss:Type="Number">0.05</Data></Cell>
    <Cell><Data ss:Type="Number">-9.4499999999999993</Data></Cell>
    <Cell><Data ss:Type="Number">-0.08</Data></Cell>
    <Cell><Data ss:Type="Number">-0.93</Data></Cell>
    <Cell><Data ss:Type="Number">22.7</Data></Cell>
    <Cell><Data ss:Type="Number">39.200000000000003</Data></Cell>
    <Cell><Data ss:Type="Number">0</Data></Cell>
    <Cell><Data ss:Type="Number">0</Data></Cell>
    <Cell><Data ss:Type="String">2023-12-07 16:16:18.448251</Data></Cell>
   </Row>
   <Row>
    <Cell><Data ss:Type="String">2337</Data></Cell>
    <Cell><Data ss:Type="Number">0.35</Data></Cell>
    <Cell><Data ss:Type="Number">-10.18</Data></Cell>
    <Cell><Data ss:Type="Number">0.14000000000000001</Data></Cell>
    <Cell><Data ss:Type="Number">-9.52</Data></Cell>
    <Cell><Data ss:Type="Number">-0.09</Data></Cell>
    <Cell><Data ss:Type="Number">-0.9</Data></Cell>
    <Cell><Data ss:Type="Number">22.7</Data></Cell>
    <Cell><Data ss:Type="Number">39.200000000000003</Data></Cell>
    <Cell><Data ss:Type="Number">0</Data></Cell>
    <Cell><Data ss:Type="Number">0</Data></Cell>
    <Cell><Data ss:Type="String">2023-12-07 16:16:18.407036</Data></Cell>
   </Row>
   <Row>
    <Cell><Data ss:Type="String">2336</Data></Cell>
    <Cell><Data ss:Type="Number">0.24</Data></Cell>
    <Cell><Data ss:Type="Number">-10.24</Data></Cell>
    <Cell><Data ss:Type="Number">0.27</Data></Cell>
    <Cell><Data ss:Type="Number">-9.5</Data></Cell>
    <Cell><Data ss:Type="Number">-0.06</Data></Cell>
    <Cell><Data ss:Type="Number">-0.88</Data></Cell>
    <Cell><Data ss:Type="Number">22.7</Data></Cell>
    <Cell><Data ss:Type="Number">39.200000000000003</Data></Cell>
    <Cell><Data ss:Type="Number">0</Data></Cell>
    <Cell><Data ss:Type="Number">0</Data></Cell>
    <Cell><Data ss:Type="String">2023-12-07 16:16:18.404054</Data></Cell>
   </Row>
   <Row>
    <Cell><Data ss:Type="String">2335</Data></Cell>
    <Cell><Data ss:Type="Number">0.32</Data></Cell>
    <Cell><Data ss:Type="Number">-10.029999999999999</Data></Cell>
    <Cell><Data ss:Type="Number">0.18</Data></Cell>
    <Cell><Data ss:Type="Number">-9.42</Data></Cell>
    <Cell><Data ss:Type="Number">-0.08</Data></Cell>
    <Cell><Data ss:Type="Number">-0.92</Data></Cell>
    <Cell><Data ss:Type="Number">22.7</Data></Cell>
    <Cell><Data ss:Type="Number">39.200000000000003</Data></Cell>
    <Cell><Data ss:Type="Number">0</Data></Cell>
    <Cell><Data ss:Type="Number">0</Data></Cell>
    <Cell><Data ss:Type="String">2023-12-07 16:16:18.356402</Data></Cell>
   </Row>
   <Row>
    <Cell><Data ss:Type="String">2334</Data></Cell>
    <Cell><Data ss:Type="Number">0.28999999999999998</Data></Cell>
    <Cell><Data ss:Type="Number">-9.9600000000000009</Data></Cell>
    <Cell><Data ss:Type="Number">0.09</Data></Cell>
    <Cell><Data ss:Type="Number">-9.43</Data></Cell>
    <Cell><Data ss:Type="Number">-0.06</Data></Cell>
    <Cell><Data ss:Type="Number">-0.97</Data></Cell>
    <Cell><Data ss:Type="Number">22.7</Data></Cell>
    <Cell><Data ss:Type="Number">39.200000000000003</Data></Cell>
    <Cell><Data ss:Type="Number">0</Data></Cell>
    <Cell><Data ss:Type="Number">0</Data></Cell>
    <Cell><Data ss:Type="String">2023-12-07 16:16:18.311408</Data></Cell>
   </Row>
   <Row>
    <Cell><Data ss:Type="String">2333</Data></Cell>
    <Cell><Data ss:Type="Number">0.26</Data></Cell>
    <Cell><Data ss:Type="Number">-10.11</Data></Cell>
    <Cell><Data ss:Type="Number">0.11</Data></Cell>
    <Cell><Data ss:Type="Number">-9.4499999999999993</Data></Cell>
    <Cell><Data ss:Type="Number">-0.06</Data></Cell>
    <Cell><Data ss:Type="Number">-0.95</Data></Cell>
    <Cell><Data ss:Type="Number">22.7</Data></Cell>
    <Cell><Data ss:Type="Number">39.200000000000003</Data></Cell>
    <Cell><Data ss:Type="Number">0</Data></Cell>
    <Cell><Data ss:Type="Number">0</Data></Cell>
    <Cell><Data ss:Type="String">2023-12-07 16:16:18.309716</Data></Cell>
   </Row>
   <Row>
    <Cell><Data ss:Type="String">2332</Data></Cell>
    <Cell><Data ss:Type="Number">0.27</Data></Cell>
    <Cell><Data ss:Type="Number">-10.199999999999999</Data></Cell>
    <Cell><Data ss:Type="Number">0.16</Data></Cell>
    <Cell><Data ss:Type="Number">-9.5500000000000007</Data></Cell>
    <Cell><Data ss:Type="Number">-7.0000000000000007E-2</Data></Cell>
    <Cell><Data ss:Type="Number">-0.91</Data></Cell>
    <Cell><Data ss:Type="Number">22.7</Data></Cell>
    <Cell><Data ss:Type="Number">39.200000000000003</Data></Cell>
    <Cell><Data ss:Type="Number">0</Data></Cell>
    <Cell><Data ss:Type="Number">0</Data></Cell>
    <Cell><Data ss:Type="String">2023-12-07 16:16:18.265085</Data></Cell>
   </Row>
   <Row>
    <Cell><Data ss:Type="String">2331</Data></Cell>
    <Cell><Data ss:Type="Number">0.45</Data></Cell>
    <Cell><Data ss:Type="Number">-10.19</Data></Cell>
    <Cell><Data ss:Type="Number">0.24</Data></Cell>
    <Cell><Data ss:Type="Number">-9.4700000000000006</Data></Cell>
    <Cell><Data ss:Type="Number">-0.05</Data></Cell>
    <Cell><Data ss:Type="Number">-0.94</Data></Cell>
    <Cell><Data ss:Type="Number">22.7</Data></Cell>
    <Cell><Data ss:Type="Number">39.200000000000003</Data></Cell>
    <Cell><Data ss:Type="Number">0</Data></Cell>
    <Cell><Data ss:Type="Number">0</Data></Cell>
    <Cell><Data ss:Type="String">2023-12-07 16:16:18.219232</Data></Cell>
   </Row>
   <Row>
    <Cell><Data ss:Type="String">2330</Data></Cell>
    <Cell><Data ss:Type="Number">0.24</Data></Cell>
    <Cell><Data ss:Type="Number">-10</Data></Cell>
    <Cell><Data ss:Type="Number">0.19</Data></Cell>
    <Cell><Data ss:Type="Number">-9.43</Data></Cell>
    <Cell><Data ss:Type="Number">-7.0000000000000007E-2</Data></Cell>
    <Cell><Data ss:Type="Number">-0.92</Data></Cell>
    <Cell><Data ss:Type="Number">22.7</Data></Cell>
    <Cell><Data ss:Type="Number">39.200000000000003</Data></Cell>
    <Cell><Data ss:Type="Number">0</Data></Cell>
    <Cell><Data ss:Type="Number">0</Data></Cell>
    <Cell><Data ss:Type="String">2023-12-07 16:16:18.174663</Data></Cell>
   </Row>
   <Row>
    <Cell><Data ss:Type="String">2329</Data></Cell>
    <Cell><Data ss:Type="Number">0.28000000000000003</Data></Cell>
    <Cell><Data ss:Type="Number">-9.9700000000000006</Data></Cell>
    <Cell><Data ss:Type="Number">0.08</Data></Cell>
    <Cell><Data ss:Type="Number">-9.44</Data></Cell>
    <Cell><Data ss:Type="Number">-0.09</Data></Cell>
    <Cell><Data ss:Type="Number">-0.94</Data></Cell>
    <Cell><Data ss:Type="Number">22.7</Data></Cell>
    <Cell><Data ss:Type="Number">39.200000000000003</Data></Cell>
    <Cell><Data ss:Type="Number">0</Data></Cell>
    <Cell><Data ss:Type="Number">0</Data></Cell>
    <Cell><Data ss:Type="String">2023-12-07 16:16:18.172931</Data></Cell>
   </Row>
   <Row>
    <Cell><Data ss:Type="String">2328</Data></Cell>
    <Cell><Data ss:Type="Number">0.31</Data></Cell>
    <Cell><Data ss:Type="Number">-10.16</Data></Cell>
    <Cell><Data ss:Type="Number">0.14000000000000001</Data></Cell>
    <Cell><Data ss:Type="Number">-9.52</Data></Cell>
    <Cell><Data ss:Type="Number">-0.08</Data></Cell>
    <Cell><Data ss:Type="Number">-0.92</Data></Cell>
    <Cell><Data ss:Type="Number">22.7</Data></Cell>
    <Cell><Data ss:Type="Number">39.200000000000003</Data></Cell>
    <Cell><Data ss:Type="Number">0</Data></Cell>
    <Cell><Data ss:Type="Number">0</Data></Cell>
    <Cell><Data ss:Type="String">2023-12-07 16:16:18.125796</Data></Cell>
   </Row>
   <Row>
    <Cell><Data ss:Type="String">2327</Data></Cell>
    <Cell><Data ss:Type="Number">0.26</Data></Cell>
    <Cell><Data ss:Type="Number">-10.25</Data></Cell>
    <Cell><Data ss:Type="Number">0.19</Data></Cell>
    <Cell><Data ss:Type="Number">-9.5500000000000007</Data></Cell>
    <Cell><Data ss:Type="Number">-0.06</Data></Cell>
    <Cell><Data ss:Type="Number">-0.89</Data></Cell>
    <Cell><Data ss:Type="Number">22.7</Data></Cell>
    <Cell><Data ss:Type="Number">39.200000000000003</Data></Cell>
    <Cell><Data ss:Type="Number">0</Data></Cell>
    <Cell><Data ss:Type="Number">0</Data></Cell>
    <Cell><Data ss:Type="String">2023-12-07 16:16:18.080531</Data></Cell>
   </Row>
   <Row>
    <Cell><Data ss:Type="String">2326</Data></Cell>
    <Cell><Data ss:Type="Number">0.25</Data></Cell>
    <Cell><Data ss:Type="Number">-10.19</Data></Cell>
    <Cell><Data ss:Type="Number">0.22</Data></Cell>
    <Cell><Data ss:Type="Number">-9.49</Data></Cell>
    <Cell><Data ss:Type="Number">-0.05</Data></Cell>
    <Cell><Data ss:Type="Number">-0.92</Data></Cell>
    <Cell><Data ss:Type="Number">22.7</Data></Cell>
    <Cell><Data ss:Type="Number">39.200000000000003</Data></Cell>
    <Cell><Data ss:Type="Number">0</Data></Cell>
    <Cell><Data ss:Type="Number">0</Data></Cell>
    <Cell><Data ss:Type="String">2023-12-07 16:16:18.036475</Data></Cell>
   </Row>
   <Row>
    <Cell><Data ss:Type="String">2325</Data></Cell>
    <Cell><Data ss:Type="Number">0.3</Data></Cell>
    <Cell><Data ss:Type="Number">-9.99</Data></Cell>
    <Cell><Data ss:Type="Number">0.11</Data></Cell>
    <Cell><Data ss:Type="Number">-9.42</Data></Cell>
    <Cell><Data ss:Type="Number">-0.09</Data></Cell>
    <Cell><Data ss:Type="Number">-0.93</Data></Cell>
    <Cell><Data ss:Type="Number">22.7</Data></Cell>
    <Cell><Data ss:Type="Number">39.200000000000003</Data></Cell>
    <Cell><Data ss:Type="Number">0</Data></Cell>
    <Cell><Data ss:Type="Number">0</Data></Cell>
    <Cell><Data ss:Type="String">2023-12-07 16:16:18.034579</Data></Cell>
   </Row>
   <Row>
    <Cell><Data ss:Type="String">2324</Data></Cell>
    <Cell><Data ss:Type="Number">0.28000000000000003</Data></Cell>
    <Cell><Data ss:Type="Number">-9.91</Data></Cell>
    <Cell><Data ss:Type="Number">0</Data></Cell>
    <Cell><Data ss:Type="Number">-9.4700000000000006</Data></Cell>
    <Cell><Data ss:Type="Number">-0.08</Data></Cell>
    <Cell><Data ss:Type="Number">-0.91</Data></Cell>
    <Cell><Data ss:Type="Number">22.7</Data></Cell>
    <Cell><Data ss:Type="Number">39.200000000000003</Data></Cell>
    <Cell><Data ss:Type="Number">0</Data></Cell>
    <Cell><Data ss:Type="Number">0</Data></Cell>
    <Cell><Data ss:Type="String">2023-12-07 16:16:17.990246</Data></Cell>
   </Row>
   <Row>
    <Cell><Data ss:Type="String">2323</Data></Cell>
    <Cell><Data ss:Type="Number">0.28999999999999998</Data></Cell>
    <Cell><Data ss:Type="Number">-10.18</Data></Cell>
    <Cell><Data ss:Type="Number">0.22</Data></Cell>
    <Cell><Data ss:Type="Number">-9.52</Data></Cell>
    <Cell><Data ss:Type="Number">-7.0000000000000007E-2</Data></Cell>
    <Cell><Data ss:Type="Number">-0.92</Data></Cell>
    <Cell><Data ss:Type="Number">22.7</Data></Cell>
    <Cell><Data ss:Type="Number">39.200000000000003</Data></Cell>
    <Cell><Data ss:Type="Number">0</Data></Cell>
    <Cell><Data ss:Type="Number">0</Data></Cell>
    <Cell><Data ss:Type="String">2023-12-07 16:16:17.943550</Data></Cell>
   </Row>
   <Row>
    <Cell><Data ss:Type="String">2322</Data></Cell>
    <Cell><Data ss:Type="Number">0.41</Data></Cell>
    <Cell><Data ss:Type="Number">-10.220000000000001</Data></Cell>
    <Cell><Data ss:Type="Number">0.16</Data></Cell>
    <Cell><Data ss:Type="Number">-9.5</Data></Cell>
    <Cell><Data ss:Type="Number">-0.04</Data></Cell>
    <Cell><Data ss:Type="Number">-0.89</Data></Cell>
    <Cell><Data ss:Type="Number">22.7</Data></Cell>
    <Cell><Data ss:Type="Number">39.200000000000003</Data></Cell>
    <Cell><Data ss:Type="Number">0</Data></Cell>
    <Cell><Data ss:Type="Number">0</Data></Cell>
    <Cell><Data ss:Type="String">2023-12-07 16:16:17.941916</Data></Cell>
   </Row>
   <Row>
    <Cell><Data ss:Type="String">2321</Data></Cell>
    <Cell><Data ss:Type="Number">0.25</Data></Cell>
    <Cell><Data ss:Type="Number">-9.91</Data></Cell>
    <Cell><Data ss:Type="Number">0.08</Data></Cell>
    <Cell><Data ss:Type="Number">-9.43</Data></Cell>
    <Cell><Data ss:Type="Number">-0.06</Data></Cell>
    <Cell><Data ss:Type="Number">-0.93</Data></Cell>
    <Cell><Data ss:Type="Number">22.7</Data></Cell>
    <Cell><Data ss:Type="Number">39.200000000000003</Data></Cell>
    <Cell><Data ss:Type="Number">0</Data></Cell>
    <Cell><Data ss:Type="Number">0</Data></Cell>
    <Cell><Data ss:Type="String">2023-12-07 16:16:17.896644</Data></Cell>
   </Row>
   <Row>
    <Cell><Data ss:Type="String">2320</Data></Cell>
    <Cell><Data ss:Type="Number">0.25</Data></Cell>
    <Cell><Data ss:Type="Number">-9.9</Data></Cell>
    <Cell><Data ss:Type="Number">0</Data></Cell>
    <Cell><Data ss:Type="Number">-9.4600000000000009</Data></Cell>
    <Cell><Data ss:Type="Number">-0.08</Data></Cell>
    <Cell><Data ss:Type="Number">-0.94</Data></Cell>
    <Cell><Data ss:Type="Number">22.7</Data></Cell>
    <Cell><Data ss:Type="Number">39.200000000000003</Data></Cell>
    <Cell><Data ss:Type="Number">0</Data></Cell>
    <Cell><Data ss:Type="Number">0</Data></Cell>
    <Cell><Data ss:Type="String">2023-12-07 16:16:17.851777</Data></Cell>
   </Row>
   <Row>
    <Cell><Data ss:Type="String">2319</Data></Cell>
    <Cell><Data ss:Type="Number">0.33</Data></Cell>
    <Cell><Data ss:Type="Number">-10.210000000000001</Data></Cell>
    <Cell><Data ss:Type="Number">0.14000000000000001</Data></Cell>
    <Cell><Data ss:Type="Number">-9.56</Data></Cell>
    <Cell><Data ss:Type="Number">-0.08</Data></Cell>
    <Cell><Data ss:Type="Number">-0.91</Data></Cell>
    <Cell><Data ss:Type="Number">22.7</Data></Cell>
    <Cell><Data ss:Type="Number">39.200000000000003</Data></Cell>
    <Cell><Data ss:Type="Number">0</Data></Cell>
    <Cell><Data ss:Type="Number">0</Data></Cell>
    <Cell><Data ss:Type="String">2023-12-07 16:16:17.805981</Data></Cell>
   </Row>
   <Row>
    <Cell><Data ss:Type="String">2318</Data></Cell>
    <Cell><Data ss:Type="Number">0.3</Data></Cell>
    <Cell><Data ss:Type="Number">-10.210000000000001</Data></Cell>
    <Cell><Data ss:Type="Number">0.17</Data></Cell>
    <Cell><Data ss:Type="Number">-9.5</Data></Cell>
    <Cell><Data ss:Type="Number">-0.06</Data></Cell>
    <Cell><Data ss:Type="Number">-0.89</Data></Cell>
    <Cell><Data ss:Type="Number">22.7</Data></Cell>
    <Cell><Data ss:Type="Number">39.200000000000003</Data></Cell>
    <Cell><Data ss:Type="Number">0</Data></Cell>
    <Cell><Data ss:Type="Number">0</Data></Cell>
    <Cell><Data ss:Type="String">2023-12-07 16:16:17.803527</Data></Cell>
   </Row>
   <Row>
    <Cell><Data ss:Type="String">2317</Data></Cell>
    <Cell><Data ss:Type="Number">0.33</Data></Cell>
    <Cell><Data ss:Type="Number">-10.220000000000001</Data></Cell>
    <Cell><Data ss:Type="Number">0.25</Data></Cell>
    <Cell><Data ss:Type="Number">-9.4600000000000009</Data></Cell>
    <Cell><Data ss:Type="Number">-7.0000000000000007E-2</Data></Cell>
    <Cell><Data ss:Type="Number">-0.93</Data></Cell>
    <Cell><Data ss:Type="Number">22.7</Data></Cell>
    <Cell><Data ss:Type="Number">39.200000000000003</Data></Cell>
    <Cell><Data ss:Type="Number">0</Data></Cell>
    <Cell><Data ss:Type="Number">0</Data></Cell>
    <Cell><Data ss:Type="String">2023-12-07 16:16:17.758119</Data></Cell>
   </Row>
   <Row>
    <Cell><Data ss:Type="String">2316</Data></Cell>
    <Cell><Data ss:Type="Number">0.25</Data></Cell>
    <Cell><Data ss:Type="Number">-10</Data></Cell>
    <Cell><Data ss:Type="Number">0.11</Data></Cell>
    <Cell><Data ss:Type="Number">-9.42</Data></Cell>
    <Cell><Data ss:Type="Number">-7.0000000000000007E-2</Data></Cell>
    <Cell><Data ss:Type="Number">-0.93</Data></Cell>
    <Cell><Data ss:Type="Number">22.7</Data></Cell>
    <Cell><Data ss:Type="Number">39.200000000000003</Data></Cell>
    <Cell><Data ss:Type="Number">0</Data></Cell>
    <Cell><Data ss:Type="Number">0</Data></Cell>
    <Cell><Data ss:Type="String">2023-12-07 16:16:17.712181</Data></Cell>
   </Row>
   <Row>
    <Cell><Data ss:Type="String">2315</Data></Cell>
    <Cell><Data ss:Type="Number">0.38</Data></Cell>
    <Cell><Data ss:Type="Number">-9.9700000000000006</Data></Cell>
    <Cell><Data ss:Type="Number">0.13</Data></Cell>
    <Cell><Data ss:Type="Number">-9.4499999999999993</Data></Cell>
    <Cell><Data ss:Type="Number">-0.06</Data></Cell>
    <Cell><Data ss:Type="Number">-0.95</Data></Cell>
    <Cell><Data ss:Type="Number">22.7</Data></Cell>
    <Cell><Data ss:Type="Number">39.200000000000003</Data></Cell>
    <Cell><Data ss:Type="Number">0</Data></Cell>
    <Cell><Data ss:Type="Number">0</Data></Cell>
    <Cell><Data ss:Type="String">2023-12-07 16:16:17.670037</Data></Cell>
   </Row>
   <Row>
    <Cell><Data ss:Type="String">2314</Data></Cell>
    <Cell><Data ss:Type="Number">0.28000000000000003</Data></Cell>
    <Cell><Data ss:Type="Number">-10.050000000000001</Data></Cell>
    <Cell><Data ss:Type="Number">-0.02</Data></Cell>
    <Cell><Data ss:Type="Number">-9.5399999999999991</Data></Cell>
    <Cell><Data ss:Type="Number">-7.0000000000000007E-2</Data></Cell>
    <Cell><Data ss:Type="Number">-0.92</Data></Cell>
    <Cell><Data ss:Type="Number">22.7</Data></Cell>
    <Cell><Data ss:Type="Number">39.200000000000003</Data></Cell>
    <Cell><Data ss:Type="Number">0</Data></Cell>
    <Cell><Data ss:Type="Number">0</Data></Cell>
    <Cell><Data ss:Type="String">2023-12-07 16:16:17.667968</Data></Cell>
   </Row>
   <Row>
    <Cell><Data ss:Type="String">2313</Data></Cell>
    <Cell><Data ss:Type="Number">0.28999999999999998</Data></Cell>
    <Cell><Data ss:Type="Number">-10.199999999999999</Data></Cell>
    <Cell><Data ss:Type="Number">0.15</Data></Cell>
    <Cell><Data ss:Type="Number">-9.51</Data></Cell>
    <Cell><Data ss:Type="Number">-7.0000000000000007E-2</Data></Cell>
    <Cell><Data ss:Type="Number">-0.92</Data></Cell>
    <Cell><Data ss:Type="Number">22.7</Data></Cell>
    <Cell><Data ss:Type="Number">39.200000000000003</Data></Cell>
    <Cell><Data ss:Type="Number">0</Data></Cell>
    <Cell><Data ss:Type="Number">0</Data></Cell>
    <Cell><Data ss:Type="String">2023-12-07 16:16:17.621816</Data></Cell>
   </Row>
   <Row>
    <Cell><Data ss:Type="String">2312</Data></Cell>
    <Cell><Data ss:Type="Number">0.25</Data></Cell>
    <Cell><Data ss:Type="Number">-10.15</Data></Cell>
    <Cell><Data ss:Type="Number">0.14000000000000001</Data></Cell>
    <Cell><Data ss:Type="Number">-9.44</Data></Cell>
    <Cell><Data ss:Type="Number">-7.0000000000000007E-2</Data></Cell>
    <Cell><Data ss:Type="Number">-0.9</Data></Cell>
    <Cell><Data ss:Type="Number">22.7</Data></Cell>
    <Cell><Data ss:Type="Number">39.200000000000003</Data></Cell>
    <Cell><Data ss:Type="Number">0</Data></Cell>
    <Cell><Data ss:Type="Number">0</Data></Cell>
    <Cell><Data ss:Type="String">2023-12-07 16:16:17.574433</Data></Cell>
   </Row>
   <Row>
    <Cell><Data ss:Type="String">2311</Data></Cell>
    <Cell><Data ss:Type="Number">0.28999999999999998</Data></Cell>
    <Cell><Data ss:Type="Number">-9.99</Data></Cell>
    <Cell><Data ss:Type="Number">7.0000000000000007E-2</Data></Cell>
    <Cell><Data ss:Type="Number">-9.4499999999999993</Data></Cell>
    <Cell><Data ss:Type="Number">-0.1</Data></Cell>
    <Cell><Data ss:Type="Number">-0.96</Data></Cell>
    <Cell><Data ss:Type="Number">22.7</Data></Cell>
    <Cell><Data ss:Type="Number">39.200000000000003</Data></Cell>
    <Cell><Data ss:Type="Number">0</Data></Cell>
    <Cell><Data ss:Type="Number">0</Data></Cell>
    <Cell><Data ss:Type="String">2023-12-07 16:16:17.530505</Data></Cell>
   </Row>
   <Row>
    <Cell><Data ss:Type="String">2310</Data></Cell>
    <Cell><Data ss:Type="Number">0.31</Data></Cell>
    <Cell><Data ss:Type="Number">-10.07</Data></Cell>
    <Cell><Data ss:Type="Number">0.04</Data></Cell>
    <Cell><Data ss:Type="Number">-9.5</Data></Cell>
    <Cell><Data ss:Type="Number">-0.06</Data></Cell>
    <Cell><Data ss:Type="Number">-0.85</Data></Cell>
    <Cell><Data ss:Type="Number">22.7</Data></Cell>
    <Cell><Data ss:Type="Number">39.200000000000003</Data></Cell>
    <Cell><Data ss:Type="Number">0</Data></Cell>
    <Cell><Data ss:Type="Number">0</Data></Cell>
    <Cell><Data ss:Type="String">2023-12-07 16:16:17.527788</Data></Cell>
   </Row>
   <Row>
    <Cell><Data ss:Type="String">2309</Data></Cell>
    <Cell><Data ss:Type="Number">0.27</Data></Cell>
    <Cell><Data ss:Type="Number">-10.220000000000001</Data></Cell>
    <Cell><Data ss:Type="Number">0.23</Data></Cell>
    <Cell><Data ss:Type="Number">-9.5500000000000007</Data></Cell>
    <Cell><Data ss:Type="Number">-7.0000000000000007E-2</Data></Cell>
    <Cell><Data ss:Type="Number">-0.89</Data></Cell>
    <Cell><Data ss:Type="Number">22.7</Data></Cell>
    <Cell><Data ss:Type="Number">39.200000000000003</Data></Cell>
    <Cell><Data ss:Type="Number">0</Data></Cell>
    <Cell><Data ss:Type="Number">0</Data></Cell>
    <Cell><Data ss:Type="String">2023-12-07 16:16:17.483135</Data></Cell>
   </Row>
   <Row>
    <Cell><Data ss:Type="String">2308</Data></Cell>
    <Cell><Data ss:Type="Number">0.27</Data></Cell>
    <Cell><Data ss:Type="Number">-10.199999999999999</Data></Cell>
    <Cell><Data ss:Type="Number">0.18</Data></Cell>
    <Cell><Data ss:Type="Number">-9.4700000000000006</Data></Cell>
    <Cell><Data ss:Type="Number">-0.05</Data></Cell>
    <Cell><Data ss:Type="Number">-0.96</Data></Cell>
    <Cell><Data ss:Type="Number">22.7</Data></Cell>
    <Cell><Data ss:Type="Number">39.200000000000003</Data></Cell>
    <Cell><Data ss:Type="Number">0</Data></Cell>
    <Cell><Data ss:Type="Number">0</Data></Cell>
    <Cell><Data ss:Type="String">2023-12-07 16:16:17.439871</Data></Cell>
   </Row>
   <Row>
    <Cell><Data ss:Type="String">2307</Data></Cell>
    <Cell><Data ss:Type="Number">0.25</Data></Cell>
    <Cell><Data ss:Type="Number">-10.06</Data></Cell>
    <Cell><Data ss:Type="Number">0.21</Data></Cell>
    <Cell><Data ss:Type="Number">-9.41</Data></Cell>
    <Cell><Data ss:Type="Number">-0.06</Data></Cell>
    <Cell><Data ss:Type="Number">-0.88</Data></Cell>
    <Cell><Data ss:Type="Number">22.7</Data></Cell>
    <Cell><Data ss:Type="Number">39.200000000000003</Data></Cell>
    <Cell><Data ss:Type="Number">0</Data></Cell>
    <Cell><Data ss:Type="Number">0</Data></Cell>
    <Cell><Data ss:Type="String">2023-12-07 16:16:17.437865</Data></Cell>
   </Row>
   <Row>
    <Cell><Data ss:Type="String">2306</Data></Cell>
    <Cell><Data ss:Type="Number">0.28000000000000003</Data></Cell>
    <Cell><Data ss:Type="Number">-10.029999999999999</Data></Cell>
    <Cell><Data ss:Type="Number">0.1</Data></Cell>
    <Cell><Data ss:Type="Number">-9.49</Data></Cell>
    <Cell><Data ss:Type="Number">-0.08</Data></Cell>
    <Cell><Data ss:Type="Number">-0.98</Data></Cell>
    <Cell><Data ss:Type="Number">22.7</Data></Cell>
    <Cell><Data ss:Type="Number">39.200000000000003</Data></Cell>
    <Cell><Data ss:Type="Number">0</Data></Cell>
    <Cell><Data ss:Type="Number">0</Data></Cell>
    <Cell><Data ss:Type="String">2023-12-07 16:16:17.392816</Data></Cell>
   </Row>
   <Row>
    <Cell><Data ss:Type="String">2305</Data></Cell>
    <Cell><Data ss:Type="Number">0.26</Data></Cell>
    <Cell><Data ss:Type="Number">-10.1</Data></Cell>
    <Cell><Data ss:Type="Number">0.13</Data></Cell>
    <Cell><Data ss:Type="Number">-9.51</Data></Cell>
    <Cell><Data ss:Type="Number">-0.09</Data></Cell>
    <Cell><Data ss:Type="Number">-0.9</Data></Cell>
    <Cell><Data ss:Type="Number">22.7</Data></Cell>
    <Cell><Data ss:Type="Number">39.200000000000003</Data></Cell>
    <Cell><Data ss:Type="Number">0</Data></Cell>
    <Cell><Data ss:Type="Number">0</Data></Cell>
    <Cell><Data ss:Type="String">2023-12-07 16:16:17.343656</Data></Cell>
   </Row>
   <Row>
    <Cell><Data ss:Type="String">2304</Data></Cell>
    <Cell><Data ss:Type="Number">0.25</Data></Cell>
    <Cell><Data ss:Type="Number">-10.210000000000001</Data></Cell>
    <Cell><Data ss:Type="Number">0.19</Data></Cell>
    <Cell><Data ss:Type="Number">-9.52</Data></Cell>
    <Cell><Data ss:Type="Number">-0.05</Data></Cell>
    <Cell><Data ss:Type="Number">-0.89</Data></Cell>
    <Cell><Data ss:Type="Number">22.7</Data></Cell>
    <Cell><Data ss:Type="Number">39.200000000000003</Data></Cell>
    <Cell><Data ss:Type="Number">0</Data></Cell>
    <Cell><Data ss:Type="Number">0</Data></Cell>
    <Cell><Data ss:Type="String">2023-12-07 16:16:17.341845</Data></Cell>
   </Row>
   <Row>
    <Cell><Data ss:Type="String">2303</Data></Cell>
    <Cell><Data ss:Type="Number">0.18</Data></Cell>
    <Cell><Data ss:Type="Number">-10.06</Data></Cell>
    <Cell><Data ss:Type="Number">0.16</Data></Cell>
    <Cell><Data ss:Type="Number">-9.4499999999999993</Data></Cell>
    <Cell><Data ss:Type="Number">-0.06</Data></Cell>
    <Cell><Data ss:Type="Number">-0.95</Data></Cell>
    <Cell><Data ss:Type="Number">22.7</Data></Cell>
    <Cell><Data ss:Type="Number">39.200000000000003</Data></Cell>
    <Cell><Data ss:Type="Number">0</Data></Cell>
    <Cell><Data ss:Type="Number">0</Data></Cell>
    <Cell><Data ss:Type="String">2023-12-07 16:16:17.271185</Data></Cell>
   </Row>
   <Row>
    <Cell><Data ss:Type="String">2302</Data></Cell>
    <Cell><Data ss:Type="Number">0.33</Data></Cell>
    <Cell><Data ss:Type="Number">-9.9499999999999993</Data></Cell>
    <Cell><Data ss:Type="Number">0.18</Data></Cell>
    <Cell><Data ss:Type="Number">-9.4</Data></Cell>
    <Cell><Data ss:Type="Number">-7.0000000000000007E-2</Data></Cell>
    <Cell><Data ss:Type="Number">-0.89</Data></Cell>
    <Cell><Data ss:Type="Number">22.7</Data></Cell>
    <Cell><Data ss:Type="Number">39.200000000000003</Data></Cell>
    <Cell><Data ss:Type="Number">0</Data></Cell>
    <Cell><Data ss:Type="Number">0</Data></Cell>
    <Cell><Data ss:Type="String">2023-12-07 16:16:17.268718</Data></Cell>
   </Row>
   <Row>
    <Cell><Data ss:Type="String">2301</Data></Cell>
    <Cell><Data ss:Type="Number">0.03</Data></Cell>
    <Cell><Data ss:Type="Number">-10.11</Data></Cell>
    <Cell><Data ss:Type="Number">0.13</Data></Cell>
    <Cell><Data ss:Type="Number">-9.5500000000000007</Data></Cell>
    <Cell><Data ss:Type="Number">-0.2</Data></Cell>
    <Cell><Data ss:Type="Number">-1</Data></Cell>
    <Cell><Data ss:Type="Number">22.7</Data></Cell>
    <Cell><Data ss:Type="Number">39.200000000000003</Data></Cell>
    <Cell><Data ss:Type="Number">0</Data></Cell>
    <Cell><Data ss:Type="Number">0</Data></Cell>
    <Cell><Data ss:Type="String">2023-12-07 16:16:17.221738</Data></Cell>
   </Row>
   <Row>
    <Cell><Data ss:Type="String">2300</Data></Cell>
    <Cell><Data ss:Type="Number">0.1</Data></Cell>
    <Cell><Data ss:Type="Number">-10.16</Data></Cell>
    <Cell><Data ss:Type="Number">0.18</Data></Cell>
    <Cell><Data ss:Type="Number">-9.5</Data></Cell>
    <Cell><Data ss:Type="Number">0.06</Data></Cell>
    <Cell><Data ss:Type="Number">-0.87</Data></Cell>
    <Cell><Data ss:Type="Number">22.7</Data></Cell>
    <Cell><Data ss:Type="Number">39.200000000000003</Data></Cell>
    <Cell><Data ss:Type="Number">0</Data></Cell>
    <Cell><Data ss:Type="Number">0</Data></Cell>
    <Cell><Data ss:Type="String">2023-12-07 16:16:17.177367</Data></Cell>
   </Row>
   <Row>
    <Cell><Data ss:Type="String">2299</Data></Cell>
    <Cell><Data ss:Type="Number">0.25</Data></Cell>
    <Cell><Data ss:Type="Number">-10.18</Data></Cell>
    <Cell><Data ss:Type="Number">0.05</Data></Cell>
    <Cell><Data ss:Type="Number">-9.51</Data></Cell>
    <Cell><Data ss:Type="Number">0</Data></Cell>
    <Cell><Data ss:Type="Number">-0.92</Data></Cell>
    <Cell><Data ss:Type="Number">22.7</Data></Cell>
    <Cell><Data ss:Type="Number">39.200000000000003</Data></Cell>
    <Cell><Data ss:Type="Number">0</Data></Cell>
    <Cell><Data ss:Type="Number">0</Data></Cell>
    <Cell><Data ss:Type="String">2023-12-07 16:16:17.136937</Data></Cell>
   </Row>
   <Row>
    <Cell><Data ss:Type="String">2298</Data></Cell>
    <Cell><Data ss:Type="Number">0.67</Data></Cell>
    <Cell><Data ss:Type="Number">-9.98</Data></Cell>
    <Cell><Data ss:Type="Number">0.38</Data></Cell>
    <Cell><Data ss:Type="Number">-9.43</Data></Cell>
    <Cell><Data ss:Type="Number">-0.26</Data></Cell>
    <Cell><Data ss:Type="Number">-0.92</Data></Cell>
    <Cell><Data ss:Type="Number">22.7</Data></Cell>
    <Cell><Data ss:Type="Number">39.200000000000003</Data></Cell>
    <Cell><Data ss:Type="Number">0</Data></Cell>
    <Cell><Data ss:Type="Number">0</Data></Cell>
    <Cell><Data ss:Type="String">2023-12-07 16:16:17.134970</Data></Cell>
   </Row>
   <Row>
    <Cell><Data ss:Type="String">2297</Data></Cell>
    <Cell><Data ss:Type="Number">-0.62</Data></Cell>
    <Cell><Data ss:Type="Number">-9.91</Data></Cell>
    <Cell><Data ss:Type="Number">0.28999999999999998</Data></Cell>
    <Cell><Data ss:Type="Number">-9.43</Data></Cell>
    <Cell><Data ss:Type="Number">-0.38</Data></Cell>
    <Cell><Data ss:Type="Number">-0.82</Data></Cell>
    <Cell><Data ss:Type="Number">22.7</Data></Cell>
    <Cell><Data ss:Type="Number">39.200000000000003</Data></Cell>
    <Cell><Data ss:Type="Number">0</Data></Cell>
    <Cell><Data ss:Type="Number">0</Data></Cell>
    <Cell><Data ss:Type="String">2023-12-07 16:16:17.086097</Data></Cell>
   </Row>
   <Row>
    <Cell><Data ss:Type="String">2296</Data></Cell>
    <Cell><Data ss:Type="Number">-0.67</Data></Cell>
    <Cell><Data ss:Type="Number">-10.33</Data></Cell>
    <Cell><Data ss:Type="Number">-0.4</Data></Cell>
    <Cell><Data ss:Type="Number">-9.6</Data></Cell>
    <Cell><Data ss:Type="Number">0.35</Data></Cell>
    <Cell><Data ss:Type="Number">-1.03</Data></Cell>
    <Cell><Data ss:Type="Number">22.7</Data></Cell>
    <Cell><Data ss:Type="Number">39.200000000000003</Data></Cell>
    <Cell><Data ss:Type="Number">0</Data></Cell>
    <Cell><Data ss:Type="Number">0</Data></Cell>
    <Cell><Data ss:Type="String">2023-12-07 16:16:17.031216</Data></Cell>
   </Row>
   <Row>
    <Cell><Data ss:Type="String">2295</Data></Cell>
    <Cell><Data ss:Type="Number">0.54</Data></Cell>
    <Cell><Data ss:Type="Number">-10.07</Data></Cell>
    <Cell><Data ss:Type="Number">0.12</Data></Cell>
    <Cell><Data ss:Type="Number">-9.44</Data></Cell>
    <Cell><Data ss:Type="Number">0.22</Data></Cell>
    <Cell><Data ss:Type="Number">-0.92</Data></Cell>
    <Cell><Data ss:Type="Number">22.7</Data></Cell>
    <Cell><Data ss:Type="Number">39.200000000000003</Data></Cell>
    <Cell><Data ss:Type="Number">0</Data></Cell>
    <Cell><Data ss:Type="Number">0</Data></Cell>
    <Cell><Data ss:Type="String">2023-12-07 16:16:17.024991</Data></Cell>
   </Row>
   <Row>
    <Cell><Data ss:Type="String">2294</Data></Cell>
    <Cell><Data ss:Type="Number">2.2599999999999998</Data></Cell>
    <Cell><Data ss:Type="Number">-10.09</Data></Cell>
    <Cell><Data ss:Type="Number">1.29</Data></Cell>
    <Cell><Data ss:Type="Number">-9.4499999999999993</Data></Cell>
    <Cell><Data ss:Type="Number">-1.1399999999999999</Data></Cell>
    <Cell><Data ss:Type="Number">-0.72</Data></Cell>
    <Cell><Data ss:Type="Number">22.7</Data></Cell>
    <Cell><Data ss:Type="Number">39.200000000000003</Data></Cell>
    <Cell><Data ss:Type="Number">0</Data></Cell>
    <Cell><Data ss:Type="Number">0</Data></Cell>
    <Cell><Data ss:Type="String">2023-12-07 16:16:16.982143</Data></Cell>
   </Row>
   <Row>
    <Cell><Data ss:Type="String">2293</Data></Cell>
    <Cell><Data ss:Type="Number">-1.38</Data></Cell>
    <Cell><Data ss:Type="Number">-9.85</Data></Cell>
    <Cell><Data ss:Type="Number">0.71</Data></Cell>
    <Cell><Data ss:Type="Number">-9.56</Data></Cell>
    <Cell><Data ss:Type="Number">-0.63</Data></Cell>
    <Cell><Data ss:Type="Number">-0.84</Data></Cell>
    <Cell><Data ss:Type="Number">22.7</Data></Cell>
    <Cell><Data ss:Type="Number">39.200000000000003</Data></Cell>
    <Cell><Data ss:Type="Number">0</Data></Cell>
    <Cell><Data ss:Type="Number">0</Data></Cell>
    <Cell><Data ss:Type="String">2023-12-07 16:16:16.934739</Data></Cell>
   </Row>
   <Row>
    <Cell><Data ss:Type="String">2292</Data></Cell>
    <Cell><Data ss:Type="Number">-0.45</Data></Cell>
    <Cell><Data ss:Type="Number">-11.71</Data></Cell>
    <Cell><Data ss:Type="Number">-0.08</Data></Cell>
    <Cell><Data ss:Type="Number">-13.25</Data></Cell>
    <Cell><Data ss:Type="Number">0.76</Data></Cell>
    <Cell><Data ss:Type="Number">-1.05</Data></Cell>
    <Cell><Data ss:Type="Number">22.7</Data></Cell>
    <Cell><Data ss:Type="Number">39.200000000000003</Data></Cell>
    <Cell><Data ss:Type="Number">0</Data></Cell>
    <Cell><Data ss:Type="Number">0</Data></Cell>
    <Cell><Data ss:Type="String">2023-12-07 16:16:16.933286</Data></Cell>
   </Row>
   <Row>
    <Cell><Data ss:Type="String">2291</Data></Cell>
    <Cell><Data ss:Type="Number">0.4</Data></Cell>
    <Cell><Data ss:Type="Number">-9.89</Data></Cell>
    <Cell><Data ss:Type="Number">0.63</Data></Cell>
    <Cell><Data ss:Type="Number">-9.4499999999999993</Data></Cell>
    <Cell><Data ss:Type="Number">-0.09</Data></Cell>
    <Cell><Data ss:Type="Number">-0.89</Data></Cell>
    <Cell><Data ss:Type="Number">22.7</Data></Cell>
    <Cell><Data ss:Type="Number">39.200000000000003</Data></Cell>
    <Cell><Data ss:Type="Number">0</Data></Cell>
    <Cell><Data ss:Type="Number">0</Data></Cell>
    <Cell><Data ss:Type="String">2023-12-07 16:16:16.890150</Data></Cell>
   </Row>
   <Row>
    <Cell><Data ss:Type="String">2290</Data></Cell>
    <Cell><Data ss:Type="Number">0.42</Data></Cell>
    <Cell><Data ss:Type="Number">-10.15</Data></Cell>
    <Cell><Data ss:Type="Number">-0.12</Data></Cell>
    <Cell><Data ss:Type="Number">-9.42</Data></Cell>
    <Cell><Data ss:Type="Number">-0.06</Data></Cell>
    <Cell><Data ss:Type="Number">-0.97</Data></Cell>
    <Cell><Data ss:Type="Number">22.7</Data></Cell>
    <Cell><Data ss:Type="Number">39.200000000000003</Data></Cell>
    <Cell><Data ss:Type="Number">0</Data></Cell>
    <Cell><Data ss:Type="Number">0</Data></Cell>
    <Cell><Data ss:Type="String">2023-12-07 16:16:16.829359</Data></Cell>
   </Row>
   <Row>
    <Cell><Data ss:Type="String">2289</Data></Cell>
    <Cell><Data ss:Type="Number">0.4</Data></Cell>
    <Cell><Data ss:Type="Number">-9.11</Data></Cell>
    <Cell><Data ss:Type="Number">0.23</Data></Cell>
    <Cell><Data ss:Type="Number">-9.5</Data></Cell>
    <Cell><Data ss:Type="Number">-0.05</Data></Cell>
    <Cell><Data ss:Type="Number">-0.93</Data></Cell>
    <Cell><Data ss:Type="Number">22.7</Data></Cell>
    <Cell><Data ss:Type="Number">39.200000000000003</Data></Cell>
    <Cell><Data ss:Type="Number">0</Data></Cell>
    <Cell><Data ss:Type="Number">0</Data></Cell>
    <Cell><Data ss:Type="String">2023-12-07 16:16:16.827902</Data></Cell>
   </Row>
   <Row>
    <Cell><Data ss:Type="String">2288</Data></Cell>
    <Cell><Data ss:Type="Number">0.33</Data></Cell>
    <Cell><Data ss:Type="Number">-10.11</Data></Cell>
    <Cell><Data ss:Type="Number">0.37</Data></Cell>
    <Cell><Data ss:Type="Number">-9.5299999999999994</Data></Cell>
    <Cell><Data ss:Type="Number">-0.14000000000000001</Data></Cell>
    <Cell><Data ss:Type="Number">-0.93</Data></Cell>
    <Cell><Data ss:Type="Number">22.7</Data></Cell>
    <Cell><Data ss:Type="Number">39.200000000000003</Data></Cell>
    <Cell><Data ss:Type="Number">0</Data></Cell>
    <Cell><Data ss:Type="Number">0</Data></Cell>
    <Cell><Data ss:Type="String">2023-12-07 16:16:16.778771</Data></Cell>
   </Row>
   <Row>
    <Cell><Data ss:Type="String">2287</Data></Cell>
    <Cell><Data ss:Type="Number">7.0000000000000007E-2</Data></Cell>
    <Cell><Data ss:Type="Number">-9.98</Data></Cell>
    <Cell><Data ss:Type="Number">-0.02</Data></Cell>
    <Cell><Data ss:Type="Number">-9.4700000000000006</Data></Cell>
    <Cell><Data ss:Type="Number">-0.02</Data></Cell>
    <Cell><Data ss:Type="Number">-0.9</Data></Cell>
    <Cell><Data ss:Type="Number">22.7</Data></Cell>
    <Cell><Data ss:Type="Number">39.200000000000003</Data></Cell>
    <Cell><Data ss:Type="Number">0</Data></Cell>
    <Cell><Data ss:Type="Number">0</Data></Cell>
    <Cell><Data ss:Type="String">2023-12-07 16:16:16.728377</Data></Cell>
   </Row>
   <Row>
    <Cell><Data ss:Type="String">2286</Data></Cell>
    <Cell><Data ss:Type="Number">0.43</Data></Cell>
    <Cell><Data ss:Type="Number">-10.53</Data></Cell>
    <Cell><Data ss:Type="Number">0.31</Data></Cell>
    <Cell><Data ss:Type="Number">-9.52</Data></Cell>
    <Cell><Data ss:Type="Number">-0.13</Data></Cell>
    <Cell><Data ss:Type="Number">-0.89</Data></Cell>
    <Cell><Data ss:Type="Number">22.7</Data></Cell>
    <Cell><Data ss:Type="Number">39.200000000000003</Data></Cell>
    <Cell><Data ss:Type="Number">0</Data></Cell>
    <Cell><Data ss:Type="Number">0</Data></Cell>
    <Cell><Data ss:Type="String">2023-12-07 16:16:16.726858</Data></Cell>
   </Row>
   <Row>
    <Cell><Data ss:Type="String">2285</Data></Cell>
    <Cell><Data ss:Type="Number">0.28000000000000003</Data></Cell>
    <Cell><Data ss:Type="Number">-9.64</Data></Cell>
    <Cell><Data ss:Type="Number">0.32</Data></Cell>
    <Cell><Data ss:Type="Number">-9.4</Data></Cell>
    <Cell><Data ss:Type="Number">-7.0000000000000007E-2</Data></Cell>
    <Cell><Data ss:Type="Number">-0.96</Data></Cell>
    <Cell><Data ss:Type="Number">22.7</Data></Cell>
    <Cell><Data ss:Type="Number">39.200000000000003</Data></Cell>
    <Cell><Data ss:Type="Number">0</Data></Cell>
    <Cell><Data ss:Type="Number">0</Data></Cell>
    <Cell><Data ss:Type="String">2023-12-07 16:16:16.658918</Data></Cell>
   </Row>
   <Row>
    <Cell><Data ss:Type="String">2284</Data></Cell>
    <Cell><Data ss:Type="Number">0.3</Data></Cell>
    <Cell><Data ss:Type="Number">-10.36</Data></Cell>
    <Cell><Data ss:Type="Number">0.17</Data></Cell>
    <Cell><Data ss:Type="Number">-9.52</Data></Cell>
    <Cell><Data ss:Type="Number">-0.09</Data></Cell>
    <Cell><Data ss:Type="Number">-0.91</Data></Cell>
    <Cell><Data ss:Type="Number">22.7</Data></Cell>
    <Cell><Data ss:Type="Number">39.200000000000003</Data></Cell>
    <Cell><Data ss:Type="Number">0</Data></Cell>
    <Cell><Data ss:Type="Number">0</Data></Cell>
    <Cell><Data ss:Type="String">2023-12-07 16:16:16.657194</Data></Cell>
   </Row>
   <Row>
    <Cell><Data ss:Type="String">2283</Data></Cell>
    <Cell><Data ss:Type="Number">0.21</Data></Cell>
    <Cell><Data ss:Type="Number">-10.63</Data></Cell>
    <Cell><Data ss:Type="Number">-0.04</Data></Cell>
    <Cell><Data ss:Type="Number">-9.61</Data></Cell>
    <Cell><Data ss:Type="Number">-0.06</Data></Cell>
    <Cell><Data ss:Type="Number">-0.93</Data></Cell>
    <Cell><Data ss:Type="Number">22.7</Data></Cell>
    <Cell><Data ss:Type="Number">39.200000000000003</Data></Cell>
    <Cell><Data ss:Type="Number">0</Data></Cell>
    <Cell><Data ss:Type="Number">0</Data></Cell>
    <Cell><Data ss:Type="String">2023-12-07 16:16:16.608618</Data></Cell>
   </Row>
   <Row>
    <Cell><Data ss:Type="String">2282</Data></Cell>
    <Cell><Data ss:Type="Number">0.18</Data></Cell>
    <Cell><Data ss:Type="Number">-9.98</Data></Cell>
    <Cell><Data ss:Type="Number">0.23</Data></Cell>
    <Cell><Data ss:Type="Number">-9.44</Data></Cell>
    <Cell><Data ss:Type="Number">-0.04</Data></Cell>
    <Cell><Data ss:Type="Number">-0.85</Data></Cell>
    <Cell><Data ss:Type="Number">22.7</Data></Cell>
    <Cell><Data ss:Type="Number">39.299999999999997</Data></Cell>
    <Cell><Data ss:Type="Number">0</Data></Cell>
    <Cell><Data ss:Type="Number">0</Data></Cell>
    <Cell><Data ss:Type="String">2023-12-07 16:16:16.563220</Data></Cell>
   </Row>
   <Row>
    <Cell><Data ss:Type="String">2281</Data></Cell>
    <Cell><Data ss:Type="Number">0.27</Data></Cell>
    <Cell><Data ss:Type="Number">-9.93</Data></Cell>
    <Cell><Data ss:Type="Number">-0.06</Data></Cell>
    <Cell><Data ss:Type="Number">-9.56</Data></Cell>
    <Cell><Data ss:Type="Number">-0.08</Data></Cell>
    <Cell><Data ss:Type="Number">-0.92</Data></Cell>
    <Cell><Data ss:Type="Number">22.7</Data></Cell>
    <Cell><Data ss:Type="Number">39.299999999999997</Data></Cell>
    <Cell><Data ss:Type="Number">0</Data></Cell>
    <Cell><Data ss:Type="Number">0</Data></Cell>
    <Cell><Data ss:Type="String">2023-12-07 16:16:16.508306</Data></Cell>
   </Row>
   <Row>
    <Cell><Data ss:Type="String">2280</Data></Cell>
    <Cell><Data ss:Type="Number">0.6</Data></Cell>
    <Cell><Data ss:Type="Number">-10.16</Data></Cell>
    <Cell><Data ss:Type="Number">0.45</Data></Cell>
    <Cell><Data ss:Type="Number">-9.52</Data></Cell>
    <Cell><Data ss:Type="Number">-0.04</Data></Cell>
    <Cell><Data ss:Type="Number">-0.89</Data></Cell>
    <Cell><Data ss:Type="Number">22.7</Data></Cell>
    <Cell><Data ss:Type="Number">39.299999999999997</Data></Cell>
    <Cell><Data ss:Type="Number">0</Data></Cell>
    <Cell><Data ss:Type="Number">0</Data></Cell>
    <Cell><Data ss:Type="String">2023-12-07 16:16:16.474524</Data></Cell>
   </Row>
   <Row>
    <Cell><Data ss:Type="String">2279</Data></Cell>
    <Cell><Data ss:Type="Number">0.25</Data></Cell>
    <Cell><Data ss:Type="Number">-10.220000000000001</Data></Cell>
    <Cell><Data ss:Type="Number">-0.25</Data></Cell>
    <Cell><Data ss:Type="Number">-9.5500000000000007</Data></Cell>
    <Cell><Data ss:Type="Number">-0.09</Data></Cell>
    <Cell><Data ss:Type="Number">-0.94</Data></Cell>
    <Cell><Data ss:Type="Number">22.7</Data></Cell>
    <Cell><Data ss:Type="Number">39.299999999999997</Data></Cell>
    <Cell><Data ss:Type="Number">0</Data></Cell>
    <Cell><Data ss:Type="Number">0</Data></Cell>
    <Cell><Data ss:Type="String">2023-12-07 16:16:16.472848</Data></Cell>
   </Row>
   <Row>
    <Cell><Data ss:Type="String">2278</Data></Cell>
    <Cell><Data ss:Type="Number">0.8</Data></Cell>
    <Cell><Data ss:Type="Number">-10.78</Data></Cell>
    <Cell><Data ss:Type="Number">0.39</Data></Cell>
    <Cell><Data ss:Type="Number">-9.6999999999999993</Data></Cell>
    <Cell><Data ss:Type="Number">-0.1</Data></Cell>
    <Cell><Data ss:Type="Number">-0.86</Data></Cell>
    <Cell><Data ss:Type="Number">22.7</Data></Cell>
    <Cell><Data ss:Type="Number">39.299999999999997</Data></Cell>
    <Cell><Data ss:Type="Number">0</Data></Cell>
    <Cell><Data ss:Type="Number">0</Data></Cell>
    <Cell><Data ss:Type="String">2023-12-07 16:16:16.424214</Data></Cell>
   </Row>
   <Row>
    <Cell><Data ss:Type="String">2277</Data></Cell>
    <Cell><Data ss:Type="Number">0.23</Data></Cell>
    <Cell><Data ss:Type="Number">-10.130000000000001</Data></Cell>
    <Cell><Data ss:Type="Number">0.02</Data></Cell>
    <Cell><Data ss:Type="Number">-9.5299999999999994</Data></Cell>
    <Cell><Data ss:Type="Number">0.03</Data></Cell>
    <Cell><Data ss:Type="Number">-0.91</Data></Cell>
    <Cell><Data ss:Type="Number">22.7</Data></Cell>
    <Cell><Data ss:Type="Number">39.299999999999997</Data></Cell>
    <Cell><Data ss:Type="Number">0</Data></Cell>
    <Cell><Data ss:Type="Number">0</Data></Cell>
    <Cell><Data ss:Type="String">2023-12-07 16:16:16.379227</Data></Cell>
   </Row>
   <Row>
    <Cell><Data ss:Type="String">2276</Data></Cell>
    <Cell><Data ss:Type="Number">0.56999999999999995</Data></Cell>
    <Cell><Data ss:Type="Number">-10.17</Data></Cell>
    <Cell><Data ss:Type="Number">0.33</Data></Cell>
    <Cell><Data ss:Type="Number">-9.36</Data></Cell>
    <Cell><Data ss:Type="Number">-0.1</Data></Cell>
    <Cell><Data ss:Type="Number">-0.85</Data></Cell>
    <Cell><Data ss:Type="Number">22.7</Data></Cell>
    <Cell><Data ss:Type="Number">39.299999999999997</Data></Cell>
    <Cell><Data ss:Type="Number">0</Data></Cell>
    <Cell><Data ss:Type="Number">0</Data></Cell>
    <Cell><Data ss:Type="String">2023-12-07 16:16:16.377507</Data></Cell>
   </Row>
   <Row>
    <Cell><Data ss:Type="String">2275</Data></Cell>
    <Cell><Data ss:Type="Number">0.27</Data></Cell>
    <Cell><Data ss:Type="Number">-9.7899999999999991</Data></Cell>
    <Cell><Data ss:Type="Number">0.19</Data></Cell>
    <Cell><Data ss:Type="Number">-9.43</Data></Cell>
    <Cell><Data ss:Type="Number">-0.09</Data></Cell>
    <Cell><Data ss:Type="Number">-0.94</Data></Cell>
    <Cell><Data ss:Type="Number">22.7</Data></Cell>
    <Cell><Data ss:Type="Number">39.299999999999997</Data></Cell>
    <Cell><Data ss:Type="Number">0</Data></Cell>
    <Cell><Data ss:Type="Number">0</Data></Cell>
    <Cell><Data ss:Type="String">2023-12-07 16:16:16.330864</Data></Cell>
   </Row>
   <Row>
    <Cell><Data ss:Type="String">2274</Data></Cell>
    <Cell><Data ss:Type="Number">0.08</Data></Cell>
    <Cell><Data ss:Type="Number">-10.07</Data></Cell>
    <Cell><Data ss:Type="Number">0.4</Data></Cell>
    <Cell><Data ss:Type="Number">-9.49</Data></Cell>
    <Cell><Data ss:Type="Number">-0.01</Data></Cell>
    <Cell><Data ss:Type="Number">-0.93</Data></Cell>
    <Cell><Data ss:Type="Number">22.7</Data></Cell>
    <Cell><Data ss:Type="Number">39.299999999999997</Data></Cell>
    <Cell><Data ss:Type="Number">0</Data></Cell>
    <Cell><Data ss:Type="Number">0</Data></Cell>
    <Cell><Data ss:Type="String">2023-12-07 16:16:16.286273</Data></Cell>
   </Row>
   <Row>
    <Cell><Data ss:Type="String">2273</Data></Cell>
    <Cell><Data ss:Type="Number">0.65</Data></Cell>
    <Cell><Data ss:Type="Number">-9.7899999999999991</Data></Cell>
    <Cell><Data ss:Type="Number">0.3</Data></Cell>
    <Cell><Data ss:Type="Number">-9.56</Data></Cell>
    <Cell><Data ss:Type="Number">-0.08</Data></Cell>
    <Cell><Data ss:Type="Number">-0.88</Data></Cell>
    <Cell><Data ss:Type="Number">22.7</Data></Cell>
    <Cell><Data ss:Type="Number">39.299999999999997</Data></Cell>
    <Cell><Data ss:Type="Number">0</Data></Cell>
    <Cell><Data ss:Type="Number">0</Data></Cell>
    <Cell><Data ss:Type="String">2023-12-07 16:16:16.284505</Data></Cell>
   </Row>
   <Row>
    <Cell><Data ss:Type="String">2272</Data></Cell>
    <Cell><Data ss:Type="Number">0.51</Data></Cell>
    <Cell><Data ss:Type="Number">-11.41</Data></Cell>
    <Cell><Data ss:Type="Number">0</Data></Cell>
    <Cell><Data ss:Type="Number">-9.4</Data></Cell>
    <Cell><Data ss:Type="Number">-0.08</Data></Cell>
    <Cell><Data ss:Type="Number">-0.93</Data></Cell>
    <Cell><Data ss:Type="Number">22.7</Data></Cell>
    <Cell><Data ss:Type="Number">39.299999999999997</Data></Cell>
    <Cell><Data ss:Type="Number">0</Data></Cell>
    <Cell><Data ss:Type="Number">0</Data></Cell>
    <Cell><Data ss:Type="String">2023-12-07 16:16:16.238144</Data></Cell>
   </Row>
   <Row>
    <Cell><Data ss:Type="String">2271</Data></Cell>
    <Cell><Data ss:Type="Number">0.25</Data></Cell>
    <Cell><Data ss:Type="Number">-10.19</Data></Cell>
    <Cell><Data ss:Type="Number">0.3</Data></Cell>
    <Cell><Data ss:Type="Number">-9.4</Data></Cell>
    <Cell><Data ss:Type="Number">-0.11</Data></Cell>
    <Cell><Data ss:Type="Number">-0.95</Data></Cell>
    <Cell><Data ss:Type="Number">22.7</Data></Cell>
    <Cell><Data ss:Type="Number">39.299999999999997</Data></Cell>
    <Cell><Data ss:Type="Number">0</Data></Cell>
    <Cell><Data ss:Type="Number">0</Data></Cell>
    <Cell><Data ss:Type="String">2023-12-07 16:16:16.235902</Data></Cell>
   </Row>
   <Row>
    <Cell><Data ss:Type="String">2270</Data></Cell>
    <Cell><Data ss:Type="Number">0.15</Data></Cell>
    <Cell><Data ss:Type="Number">-10.19</Data></Cell>
    <Cell><Data ss:Type="Number">-0.26</Data></Cell>
    <Cell><Data ss:Type="Number">-9.32</Data></Cell>
    <Cell><Data ss:Type="Number">-0.1</Data></Cell>
    <Cell><Data ss:Type="Number">-0.99</Data></Cell>
    <Cell><Data ss:Type="Number">22.7</Data></Cell>
    <Cell><Data ss:Type="Number">39.299999999999997</Data></Cell>
    <Cell><Data ss:Type="Number">0</Data></Cell>
    <Cell><Data ss:Type="Number">0</Data></Cell>
    <Cell><Data ss:Type="String">2023-12-07 16:16:16.234219</Data></Cell>
   </Row>
   <Row>
    <Cell><Data ss:Type="String">2269</Data></Cell>
    <Cell><Data ss:Type="Number">0.22</Data></Cell>
    <Cell><Data ss:Type="Number">-10.28</Data></Cell>
    <Cell><Data ss:Type="Number">0.11</Data></Cell>
    <Cell><Data ss:Type="Number">-9.64</Data></Cell>
    <Cell><Data ss:Type="Number">-0.03</Data></Cell>
    <Cell><Data ss:Type="Number">-0.94</Data></Cell>
    <Cell><Data ss:Type="Number">22.7</Data></Cell>
    <Cell><Data ss:Type="Number">39.299999999999997</Data></Cell>
    <Cell><Data ss:Type="Number">0</Data></Cell>
    <Cell><Data ss:Type="Number">0</Data></Cell>
    <Cell><Data ss:Type="String">2023-12-07 16:16:16.129363</Data></Cell>
   </Row>
   <Row>
    <Cell><Data ss:Type="String">2268</Data></Cell>
    <Cell><Data ss:Type="Number">0.09</Data></Cell>
    <Cell><Data ss:Type="Number">-10.07</Data></Cell>
    <Cell><Data ss:Type="Number">0.24</Data></Cell>
    <Cell><Data ss:Type="Number">-9.6300000000000008</Data></Cell>
    <Cell><Data ss:Type="Number">-0.12</Data></Cell>
    <Cell><Data ss:Type="Number">-0.85</Data></Cell>
    <Cell><Data ss:Type="Number">22.7</Data></Cell>
    <Cell><Data ss:Type="Number">39.299999999999997</Data></Cell>
    <Cell><Data ss:Type="Number">0</Data></Cell>
    <Cell><Data ss:Type="Number">0</Data></Cell>
    <Cell><Data ss:Type="String">2023-12-07 16:16:16.127945</Data></Cell>
   </Row>
   <Row>
    <Cell><Data ss:Type="String">2267</Data></Cell>
    <Cell><Data ss:Type="Number">0.81</Data></Cell>
    <Cell><Data ss:Type="Number">-9.98</Data></Cell>
    <Cell><Data ss:Type="Number">-7.0000000000000007E-2</Data></Cell>
    <Cell><Data ss:Type="Number">-9.32</Data></Cell>
    <Cell><Data ss:Type="Number">-0.1</Data></Cell>
    <Cell><Data ss:Type="Number">-0.93</Data></Cell>
    <Cell><Data ss:Type="Number">22.7</Data></Cell>
    <Cell><Data ss:Type="Number">39.299999999999997</Data></Cell>
    <Cell><Data ss:Type="Number">0</Data></Cell>
    <Cell><Data ss:Type="Number">0</Data></Cell>
    <Cell><Data ss:Type="String">2023-12-07 16:16:16.126566</Data></Cell>
   </Row>
   <Row>
    <Cell><Data ss:Type="String">2266</Data></Cell>
    <Cell><Data ss:Type="Number">0.27</Data></Cell>
    <Cell><Data ss:Type="Number">-10.25</Data></Cell>
    <Cell><Data ss:Type="Number">0.22</Data></Cell>
    <Cell><Data ss:Type="Number">-9.35</Data></Cell>
    <Cell><Data ss:Type="Number">-0.1</Data></Cell>
    <Cell><Data ss:Type="Number">-0.92</Data></Cell>
    <Cell><Data ss:Type="Number">22.7</Data></Cell>
    <Cell><Data ss:Type="Number">39.299999999999997</Data></Cell>
    <Cell><Data ss:Type="Number">0</Data></Cell>
    <Cell><Data ss:Type="Number">0</Data></Cell>
    <Cell><Data ss:Type="String">2023-12-07 16:16:16.125161</Data></Cell>
   </Row>
   <Row>
    <Cell><Data ss:Type="String">2265</Data></Cell>
    <Cell><Data ss:Type="Number">0.43</Data></Cell>
    <Cell><Data ss:Type="Number">-9.89</Data></Cell>
    <Cell><Data ss:Type="Number">0.06</Data></Cell>
    <Cell><Data ss:Type="Number">-9.39</Data></Cell>
    <Cell><Data ss:Type="Number">-0.05</Data></Cell>
    <Cell><Data ss:Type="Number">-0.99</Data></Cell>
    <Cell><Data ss:Type="Number">22.7</Data></Cell>
    <Cell><Data ss:Type="Number">39.299999999999997</Data></Cell>
    <Cell><Data ss:Type="Number">0</Data></Cell>
    <Cell><Data ss:Type="Number">0</Data></Cell>
    <Cell><Data ss:Type="String">2023-12-07 16:16:16.123400</Data></Cell>
   </Row>
   <Row>
    <Cell><Data ss:Type="String">2264</Data></Cell>
    <Cell><Data ss:Type="Number">0.24</Data></Cell>
    <Cell><Data ss:Type="Number">-9.85</Data></Cell>
    <Cell><Data ss:Type="Number">0.33</Data></Cell>
    <Cell><Data ss:Type="Number">-9.4</Data></Cell>
    <Cell><Data ss:Type="Number">-0.04</Data></Cell>
    <Cell><Data ss:Type="Number">-0.96</Data></Cell>
    <Cell><Data ss:Type="Number">22.7</Data></Cell>
    <Cell><Data ss:Type="Number">39.299999999999997</Data></Cell>
    <Cell><Data ss:Type="Number">0</Data></Cell>
    <Cell><Data ss:Type="Number">0</Data></Cell>
    <Cell><Data ss:Type="String">2023-12-07 16:16:16.121631</Data></Cell>
   </Row>
   <Row>
    <Cell><Data ss:Type="String">2263</Data></Cell>
    <Cell><Data ss:Type="Number">0.54</Data></Cell>
    <Cell><Data ss:Type="Number">-10.18</Data></Cell>
    <Cell><Data ss:Type="Number">0.54</Data></Cell>
    <Cell><Data ss:Type="Number">-9.52</Data></Cell>
    <Cell><Data ss:Type="Number">-0.19</Data></Cell>
    <Cell><Data ss:Type="Number">-0.93</Data></Cell>
    <Cell><Data ss:Type="Number">22.7</Data></Cell>
    <Cell><Data ss:Type="Number">39.299999999999997</Data></Cell>
    <Cell><Data ss:Type="Number">0</Data></Cell>
    <Cell><Data ss:Type="Number">0</Data></Cell>
    <Cell><Data ss:Type="String">2023-12-07 16:16:15.907939</Data></Cell>
   </Row>
   <Row>
    <Cell><Data ss:Type="String">2262</Data></Cell>
    <Cell><Data ss:Type="Number">0.37</Data></Cell>
    <Cell><Data ss:Type="Number">-10.43</Data></Cell>
    <Cell><Data ss:Type="Number">-0.12</Data></Cell>
    <Cell><Data ss:Type="Number">-9.58</Data></Cell>
    <Cell><Data ss:Type="Number">-0.18</Data></Cell>
    <Cell><Data ss:Type="Number">-0.94</Data></Cell>
    <Cell><Data ss:Type="Number">22.7</Data></Cell>
    <Cell><Data ss:Type="Number">39.299999999999997</Data></Cell>
    <Cell><Data ss:Type="Number">0</Data></Cell>
    <Cell><Data ss:Type="Number">0</Data></Cell>
    <Cell><Data ss:Type="String">2023-12-07 16:16:15.901510</Data></Cell>
   </Row>
   <Row>
    <Cell><Data ss:Type="String">2261</Data></Cell>
    <Cell><Data ss:Type="Number">0.25</Data></Cell>
    <Cell><Data ss:Type="Number">-10</Data></Cell>
    <Cell><Data ss:Type="Number">-0.16</Data></Cell>
    <Cell><Data ss:Type="Number">-9.42</Data></Cell>
    <Cell><Data ss:Type="Number">-0.01</Data></Cell>
    <Cell><Data ss:Type="Number">-0.91</Data></Cell>
    <Cell><Data ss:Type="Number">22.7</Data></Cell>
    <Cell><Data ss:Type="Number">39.299999999999997</Data></Cell>
    <Cell><Data ss:Type="Number">0</Data></Cell>
    <Cell><Data ss:Type="Number">0</Data></Cell>
    <Cell><Data ss:Type="String">2023-12-07 16:16:15.856907</Data></Cell>
   </Row>
   <Row>
    <Cell><Data ss:Type="String">2260</Data></Cell>
    <Cell><Data ss:Type="Number">0.03</Data></Cell>
    <Cell><Data ss:Type="Number">-9.9600000000000009</Data></Cell>
    <Cell><Data ss:Type="Number">0.12</Data></Cell>
    <Cell><Data ss:Type="Number">-9.56</Data></Cell>
    <Cell><Data ss:Type="Number">0.23</Data></Cell>
    <Cell><Data ss:Type="Number">-0.96</Data></Cell>
    <Cell><Data ss:Type="Number">22.7</Data></Cell>
    <Cell><Data ss:Type="Number">39.299999999999997</Data></Cell>
    <Cell><Data ss:Type="Number">0</Data></Cell>
    <Cell><Data ss:Type="Number">0</Data></Cell>
    <Cell><Data ss:Type="String">2023-12-07 16:16:15.811004</Data></Cell>
   </Row>
   <Row>
    <Cell><Data ss:Type="String">2259</Data></Cell>
    <Cell><Data ss:Type="Number">1.4</Data></Cell>
    <Cell><Data ss:Type="Number">-9.98</Data></Cell>
    <Cell><Data ss:Type="Number">0.38</Data></Cell>
    <Cell><Data ss:Type="Number">-9.57</Data></Cell>
    <Cell><Data ss:Type="Number">-0.45</Data></Cell>
    <Cell><Data ss:Type="Number">-0.87</Data></Cell>
    <Cell><Data ss:Type="Number">22.7</Data></Cell>
    <Cell><Data ss:Type="Number">39.299999999999997</Data></Cell>
    <Cell><Data ss:Type="Number">0</Data></Cell>
    <Cell><Data ss:Type="Number">0</Data></Cell>
    <Cell><Data ss:Type="String">2023-12-07 16:16:15.809316</Data></Cell>
   </Row>
   <Row>
    <Cell><Data ss:Type="String">2258</Data></Cell>
    <Cell><Data ss:Type="Number">1.8</Data></Cell>
    <Cell><Data ss:Type="Number">-10.1</Data></Cell>
    <Cell><Data ss:Type="Number">1.22</Data></Cell>
    <Cell><Data ss:Type="Number">-9.3800000000000008</Data></Cell>
    <Cell><Data ss:Type="Number">-0.86</Data></Cell>
    <Cell><Data ss:Type="Number">-0.66</Data></Cell>
    <Cell><Data ss:Type="Number">22.7</Data></Cell>
    <Cell><Data ss:Type="Number">39.299999999999997</Data></Cell>
    <Cell><Data ss:Type="Number">0</Data></Cell>
    <Cell><Data ss:Type="Number">0</Data></Cell>
    <Cell><Data ss:Type="String">2023-12-07 16:16:15.763531</Data></Cell>
   </Row>
   <Row>
    <Cell><Data ss:Type="String">2257</Data></Cell>
    <Cell><Data ss:Type="Number">-0.94</Data></Cell>
    <Cell><Data ss:Type="Number">-10.01</Data></Cell>
    <Cell><Data ss:Type="Number">-1.1499999999999999</Data></Cell>
    <Cell><Data ss:Type="Number">-9.43</Data></Cell>
    <Cell><Data ss:Type="Number">0.16</Data></Cell>
    <Cell><Data ss:Type="Number">-1.1299999999999999</Data></Cell>
    <Cell><Data ss:Type="Number">22.7</Data></Cell>
    <Cell><Data ss:Type="Number">39.299999999999997</Data></Cell>
    <Cell><Data ss:Type="Number">0</Data></Cell>
    <Cell><Data ss:Type="Number">0</Data></Cell>
    <Cell><Data ss:Type="String">2023-12-07 16:16:15.718205</Data></Cell>
   </Row>
   <Row>
    <Cell><Data ss:Type="String">2256</Data></Cell>
    <Cell><Data ss:Type="Number">-3.11</Data></Cell>
    <Cell><Data ss:Type="Number">-10.52</Data></Cell>
    <Cell><Data ss:Type="Number">-1.75</Data></Cell>
    <Cell><Data ss:Type="Number">-8.93</Data></Cell>
    <Cell><Data ss:Type="Number">1.92</Data></Cell>
    <Cell><Data ss:Type="Number">-1.0900000000000001</Data></Cell>
    <Cell><Data ss:Type="Number">22.7</Data></Cell>
    <Cell><Data ss:Type="Number">39.299999999999997</Data></Cell>
    <Cell><Data ss:Type="Number">0</Data></Cell>
    <Cell><Data ss:Type="Number">0</Data></Cell>
    <Cell><Data ss:Type="String">2023-12-07 16:16:15.675262</Data></Cell>
   </Row>
   <Row>
    <Cell><Data ss:Type="String">2255</Data></Cell>
    <Cell><Data ss:Type="Number">0.28999999999999998</Data></Cell>
    <Cell><Data ss:Type="Number">-10.050000000000001</Data></Cell>
    <Cell><Data ss:Type="Number">0.19</Data></Cell>
    <Cell><Data ss:Type="Number">-9.5500000000000007</Data></Cell>
    <Cell><Data ss:Type="Number">-0.08</Data></Cell>
    <Cell><Data ss:Type="Number">-0.88</Data></Cell>
    <Cell><Data ss:Type="Number">22.7</Data></Cell>
    <Cell><Data ss:Type="Number">39.299999999999997</Data></Cell>
    <Cell><Data ss:Type="Number">0</Data></Cell>
    <Cell><Data ss:Type="Number">0</Data></Cell>
    <Cell><Data ss:Type="String">2023-12-07 16:16:15.673546</Data></Cell>
   </Row>
   <Row>
    <Cell><Data ss:Type="String">2254</Data></Cell>
    <Cell><Data ss:Type="Number">0.27</Data></Cell>
    <Cell><Data ss:Type="Number">-10.23</Data></Cell>
    <Cell><Data ss:Type="Number">0.21</Data></Cell>
    <Cell><Data ss:Type="Number">-9.5299999999999994</Data></Cell>
    <Cell><Data ss:Type="Number">-0.05</Data></Cell>
    <Cell><Data ss:Type="Number">-0.88</Data></Cell>
    <Cell><Data ss:Type="Number">22.7</Data></Cell>
    <Cell><Data ss:Type="Number">39.299999999999997</Data></Cell>
    <Cell><Data ss:Type="Number">0</Data></Cell>
    <Cell><Data ss:Type="Number">0</Data></Cell>
    <Cell><Data ss:Type="String">2023-12-07 16:16:15.627147</Data></Cell>
   </Row>
   <Row>
    <Cell><Data ss:Type="String">2253</Data></Cell>
    <Cell><Data ss:Type="Number">0.28000000000000003</Data></Cell>
    <Cell><Data ss:Type="Number">-10.14</Data></Cell>
    <Cell><Data ss:Type="Number">0.13</Data></Cell>
    <Cell><Data ss:Type="Number">-9.48</Data></Cell>
    <Cell><Data ss:Type="Number">-0.1</Data></Cell>
    <Cell><Data ss:Type="Number">-0.91</Data></Cell>
    <Cell><Data ss:Type="Number">22.7</Data></Cell>
    <Cell><Data ss:Type="Number">39.299999999999997</Data></Cell>
    <Cell><Data ss:Type="Number">0</Data></Cell>
    <Cell><Data ss:Type="Number">0</Data></Cell>
    <Cell><Data ss:Type="String">2023-12-07 16:16:15.582017</Data></Cell>
   </Row>
   <Row>
    <Cell><Data ss:Type="String">2252</Data></Cell>
    <Cell><Data ss:Type="Number">0.26</Data></Cell>
    <Cell><Data ss:Type="Number">-10.029999999999999</Data></Cell>
    <Cell><Data ss:Type="Number">0.21</Data></Cell>
    <Cell><Data ss:Type="Number">-9.42</Data></Cell>
    <Cell><Data ss:Type="Number">-0.06</Data></Cell>
    <Cell><Data ss:Type="Number">-0.92</Data></Cell>
    <Cell><Data ss:Type="Number">22.7</Data></Cell>
    <Cell><Data ss:Type="Number">39.299999999999997</Data></Cell>
    <Cell><Data ss:Type="Number">0</Data></Cell>
    <Cell><Data ss:Type="Number">0</Data></Cell>
    <Cell><Data ss:Type="String">2023-12-07 16:16:15.579720</Data></Cell>
   </Row>
   <Row>
    <Cell><Data ss:Type="String">2251</Data></Cell>
    <Cell><Data ss:Type="Number">0.28999999999999998</Data></Cell>
    <Cell><Data ss:Type="Number">-9.9600000000000009</Data></Cell>
    <Cell><Data ss:Type="Number">0.12</Data></Cell>
    <Cell><Data ss:Type="Number">-9.4499999999999993</Data></Cell>
    <Cell><Data ss:Type="Number">-0.09</Data></Cell>
    <Cell><Data ss:Type="Number">-0.92</Data></Cell>
    <Cell><Data ss:Type="Number">22.7</Data></Cell>
    <Cell><Data ss:Type="Number">39.299999999999997</Data></Cell>
    <Cell><Data ss:Type="Number">0</Data></Cell>
    <Cell><Data ss:Type="Number">0</Data></Cell>
    <Cell><Data ss:Type="String">2023-12-07 16:16:15.535617</Data></Cell>
   </Row>
   <Row>
    <Cell><Data ss:Type="String">2250</Data></Cell>
    <Cell><Data ss:Type="Number">0.3</Data></Cell>
    <Cell><Data ss:Type="Number">-10.1</Data></Cell>
    <Cell><Data ss:Type="Number">0.2</Data></Cell>
    <Cell><Data ss:Type="Number">-9.5299999999999994</Data></Cell>
    <Cell><Data ss:Type="Number">-0.05</Data></Cell>
    <Cell><Data ss:Type="Number">-0.91</Data></Cell>
    <Cell><Data ss:Type="Number">22.7</Data></Cell>
    <Cell><Data ss:Type="Number">39.299999999999997</Data></Cell>
    <Cell><Data ss:Type="Number">0</Data></Cell>
    <Cell><Data ss:Type="Number">0</Data></Cell>
    <Cell><Data ss:Type="String">2023-12-07 16:16:15.488196</Data></Cell>
   </Row>
   <Row>
    <Cell><Data ss:Type="String">2249</Data></Cell>
    <Cell><Data ss:Type="Number">0.28999999999999998</Data></Cell>
    <Cell><Data ss:Type="Number">-10.23</Data></Cell>
    <Cell><Data ss:Type="Number">0.2</Data></Cell>
    <Cell><Data ss:Type="Number">-9.56</Data></Cell>
    <Cell><Data ss:Type="Number">-0.06</Data></Cell>
    <Cell><Data ss:Type="Number">-0.9</Data></Cell>
    <Cell><Data ss:Type="Number">22.7</Data></Cell>
    <Cell><Data ss:Type="Number">39.299999999999997</Data></Cell>
    <Cell><Data ss:Type="Number">0</Data></Cell>
    <Cell><Data ss:Type="Number">0</Data></Cell>
    <Cell><Data ss:Type="String">2023-12-07 16:16:15.447346</Data></Cell>
   </Row>
   <Row>
    <Cell><Data ss:Type="String">2248</Data></Cell>
    <Cell><Data ss:Type="Number">0.32</Data></Cell>
    <Cell><Data ss:Type="Number">-10.1</Data></Cell>
    <Cell><Data ss:Type="Number">0.14000000000000001</Data></Cell>
    <Cell><Data ss:Type="Number">-9.5</Data></Cell>
    <Cell><Data ss:Type="Number">-7.0000000000000007E-2</Data></Cell>
    <Cell><Data ss:Type="Number">-0.91</Data></Cell>
    <Cell><Data ss:Type="Number">22.7</Data></Cell>
    <Cell><Data ss:Type="Number">39.299999999999997</Data></Cell>
    <Cell><Data ss:Type="Number">0</Data></Cell>
    <Cell><Data ss:Type="Number">0</Data></Cell>
    <Cell><Data ss:Type="String">2023-12-07 16:16:15.445946</Data></Cell>
   </Row>
   <Row>
    <Cell><Data ss:Type="String">2247</Data></Cell>
    <Cell><Data ss:Type="Number">0.24</Data></Cell>
    <Cell><Data ss:Type="Number">-9.94</Data></Cell>
    <Cell><Data ss:Type="Number">0.09</Data></Cell>
    <Cell><Data ss:Type="Number">-9.42</Data></Cell>
    <Cell><Data ss:Type="Number">-0.05</Data></Cell>
    <Cell><Data ss:Type="Number">-0.93</Data></Cell>
    <Cell><Data ss:Type="Number">22.7</Data></Cell>
    <Cell><Data ss:Type="Number">39.299999999999997</Data></Cell>
    <Cell><Data ss:Type="Number">0</Data></Cell>
    <Cell><Data ss:Type="Number">0</Data></Cell>
    <Cell><Data ss:Type="String">2023-12-07 16:16:15.396574</Data></Cell>
   </Row>
   <Row>
    <Cell><Data ss:Type="String">2246</Data></Cell>
    <Cell><Data ss:Type="Number">0.3</Data></Cell>
    <Cell><Data ss:Type="Number">-10.08</Data></Cell>
    <Cell><Data ss:Type="Number">0.12</Data></Cell>
    <Cell><Data ss:Type="Number">-9.49</Data></Cell>
    <Cell><Data ss:Type="Number">-0.08</Data></Cell>
    <Cell><Data ss:Type="Number">-0.9</Data></Cell>
    <Cell><Data ss:Type="Number">22.7</Data></Cell>
    <Cell><Data ss:Type="Number">39.299999999999997</Data></Cell>
    <Cell><Data ss:Type="Number">0</Data></Cell>
    <Cell><Data ss:Type="Number">0</Data></Cell>
    <Cell><Data ss:Type="String">2023-12-07 16:16:15.350540</Data></Cell>
   </Row>
   <Row>
    <Cell><Data ss:Type="String">2245</Data></Cell>
    <Cell><Data ss:Type="Number">0.3</Data></Cell>
    <Cell><Data ss:Type="Number">-10.18</Data></Cell>
    <Cell><Data ss:Type="Number">0.2</Data></Cell>
    <Cell><Data ss:Type="Number">-9.56</Data></Cell>
    <Cell><Data ss:Type="Number">-0.06</Data></Cell>
    <Cell><Data ss:Type="Number">-0.87</Data></Cell>
    <Cell><Data ss:Type="Number">22.7</Data></Cell>
    <Cell><Data ss:Type="Number">39.299999999999997</Data></Cell>
    <Cell><Data ss:Type="Number">0</Data></Cell>
    <Cell><Data ss:Type="Number">0</Data></Cell>
    <Cell><Data ss:Type="String">2023-12-07 16:16:15.307521</Data></Cell>
   </Row>
   <Row>
    <Cell><Data ss:Type="String">2244</Data></Cell>
    <Cell><Data ss:Type="Number">0.28000000000000003</Data></Cell>
    <Cell><Data ss:Type="Number">-10.27</Data></Cell>
    <Cell><Data ss:Type="Number">0.19</Data></Cell>
    <Cell><Data ss:Type="Number">-9.5299999999999994</Data></Cell>
    <Cell><Data ss:Type="Number">-0.06</Data></Cell>
    <Cell><Data ss:Type="Number">-0.91</Data></Cell>
    <Cell><Data ss:Type="Number">22.7</Data></Cell>
    <Cell><Data ss:Type="Number">39.299999999999997</Data></Cell>
    <Cell><Data ss:Type="Number">0</Data></Cell>
    <Cell><Data ss:Type="Number">0</Data></Cell>
    <Cell><Data ss:Type="String">2023-12-07 16:16:15.305528</Data></Cell>
   </Row>
   <Row>
    <Cell><Data ss:Type="String">2243</Data></Cell>
    <Cell><Data ss:Type="Number">0.34</Data></Cell>
    <Cell><Data ss:Type="Number">-10.039999999999999</Data></Cell>
    <Cell><Data ss:Type="Number">0.22</Data></Cell>
    <Cell><Data ss:Type="Number">-9.4700000000000006</Data></Cell>
    <Cell><Data ss:Type="Number">-0.08</Data></Cell>
    <Cell><Data ss:Type="Number">-0.88</Data></Cell>
    <Cell><Data ss:Type="Number">22.7</Data></Cell>
    <Cell><Data ss:Type="Number">39.299999999999997</Data></Cell>
    <Cell><Data ss:Type="Number">0</Data></Cell>
    <Cell><Data ss:Type="Number">0</Data></Cell>
    <Cell><Data ss:Type="String">2023-12-07 16:16:15.258799</Data></Cell>
   </Row>
   <Row>
    <Cell><Data ss:Type="String">2242</Data></Cell>
    <Cell><Data ss:Type="Number">0.25</Data></Cell>
    <Cell><Data ss:Type="Number">-9.91</Data></Cell>
    <Cell><Data ss:Type="Number">0.11</Data></Cell>
    <Cell><Data ss:Type="Number">-9.41</Data></Cell>
    <Cell><Data ss:Type="Number">-0.05</Data></Cell>
    <Cell><Data ss:Type="Number">-0.94</Data></Cell>
    <Cell><Data ss:Type="Number">22.7</Data></Cell>
    <Cell><Data ss:Type="Number">39.299999999999997</Data></Cell>
    <Cell><Data ss:Type="Number">0</Data></Cell>
    <Cell><Data ss:Type="Number">0</Data></Cell>
    <Cell><Data ss:Type="String">2023-12-07 16:16:15.214789</Data></Cell>
   </Row>
   <Row>
    <Cell><Data ss:Type="String">2241</Data></Cell>
    <Cell><Data ss:Type="Number">0.33</Data></Cell>
    <Cell><Data ss:Type="Number">-9.8800000000000008</Data></Cell>
    <Cell><Data ss:Type="Number">0.12</Data></Cell>
    <Cell><Data ss:Type="Number">-9.51</Data></Cell>
    <Cell><Data ss:Type="Number">-0.08</Data></Cell>
    <Cell><Data ss:Type="Number">-0.91</Data></Cell>
    <Cell><Data ss:Type="Number">22.7</Data></Cell>
    <Cell><Data ss:Type="Number">39.299999999999997</Data></Cell>
    <Cell><Data ss:Type="Number">0</Data></Cell>
    <Cell><Data ss:Type="Number">0</Data></Cell>
    <Cell><Data ss:Type="String">2023-12-07 16:16:15.213165</Data></Cell>
   </Row>
   <Row>
    <Cell><Data ss:Type="String">2240</Data></Cell>
    <Cell><Data ss:Type="Number">0.26</Data></Cell>
    <Cell><Data ss:Type="Number">-10.28</Data></Cell>
    <Cell><Data ss:Type="Number">0.21</Data></Cell>
    <Cell><Data ss:Type="Number">-9.56</Data></Cell>
    <Cell><Data ss:Type="Number">-7.0000000000000007E-2</Data></Cell>
    <Cell><Data ss:Type="Number">-0.86</Data></Cell>
    <Cell><Data ss:Type="Number">22.7</Data></Cell>
    <Cell><Data ss:Type="Number">39.299999999999997</Data></Cell>
    <Cell><Data ss:Type="Number">0</Data></Cell>
    <Cell><Data ss:Type="Number">0</Data></Cell>
    <Cell><Data ss:Type="String">2023-12-07 16:16:15.167352</Data></Cell>
   </Row>
   <Row>
    <Cell><Data ss:Type="String">2239</Data></Cell>
    <Cell><Data ss:Type="Number">0.31</Data></Cell>
    <Cell><Data ss:Type="Number">-9.98</Data></Cell>
    <Cell><Data ss:Type="Number">0.13</Data></Cell>
    <Cell><Data ss:Type="Number">-9.44</Data></Cell>
    <Cell><Data ss:Type="Number">-0.06</Data></Cell>
    <Cell><Data ss:Type="Number">-0.9</Data></Cell>
    <Cell><Data ss:Type="Number">22.7</Data></Cell>
    <Cell><Data ss:Type="Number">39.299999999999997</Data></Cell>
    <Cell><Data ss:Type="Number">0</Data></Cell>
    <Cell><Data ss:Type="Number">0</Data></Cell>
    <Cell><Data ss:Type="String">2023-12-07 16:16:15.122934</Data></Cell>
   </Row>
   <Row>
    <Cell><Data ss:Type="String">2238</Data></Cell>
    <Cell><Data ss:Type="Number">0.36</Data></Cell>
    <Cell><Data ss:Type="Number">-9.98</Data></Cell>
    <Cell><Data ss:Type="Number">0.14000000000000001</Data></Cell>
    <Cell><Data ss:Type="Number">-9.42</Data></Cell>
    <Cell><Data ss:Type="Number">-0.08</Data></Cell>
    <Cell><Data ss:Type="Number">-0.9</Data></Cell>
    <Cell><Data ss:Type="Number">22.7</Data></Cell>
    <Cell><Data ss:Type="Number">39.299999999999997</Data></Cell>
    <Cell><Data ss:Type="Number">0</Data></Cell>
    <Cell><Data ss:Type="Number">0</Data></Cell>
    <Cell><Data ss:Type="String">2023-12-07 16:16:15.076820</Data></Cell>
   </Row>
   <Row>
    <Cell><Data ss:Type="String">2237</Data></Cell>
    <Cell><Data ss:Type="Number">0.23</Data></Cell>
    <Cell><Data ss:Type="Number">-10.09</Data></Cell>
    <Cell><Data ss:Type="Number">0.28999999999999998</Data></Cell>
    <Cell><Data ss:Type="Number">-9.5</Data></Cell>
    <Cell><Data ss:Type="Number">-7.0000000000000007E-2</Data></Cell>
    <Cell><Data ss:Type="Number">-0.89</Data></Cell>
    <Cell><Data ss:Type="Number">22.7</Data></Cell>
    <Cell><Data ss:Type="Number">39.299999999999997</Data></Cell>
    <Cell><Data ss:Type="Number">0</Data></Cell>
    <Cell><Data ss:Type="Number">0</Data></Cell>
    <Cell><Data ss:Type="String">2023-12-07 16:16:15.075348</Data></Cell>
   </Row>
   <Row>
    <Cell><Data ss:Type="String">2236</Data></Cell>
    <Cell><Data ss:Type="Number">0.3</Data></Cell>
    <Cell><Data ss:Type="Number">-10.19</Data></Cell>
    <Cell><Data ss:Type="Number">0.15</Data></Cell>
    <Cell><Data ss:Type="Number">-9.52</Data></Cell>
    <Cell><Data ss:Type="Number">-7.0000000000000007E-2</Data></Cell>
    <Cell><Data ss:Type="Number">-0.93</Data></Cell>
    <Cell><Data ss:Type="Number">22.7</Data></Cell>
    <Cell><Data ss:Type="Number">39.299999999999997</Data></Cell>
    <Cell><Data ss:Type="Number">0</Data></Cell>
    <Cell><Data ss:Type="Number">0</Data></Cell>
    <Cell><Data ss:Type="String">2023-12-07 16:16:15.029137</Data></Cell>
   </Row>
   <Row>
    <Cell><Data ss:Type="String">2235</Data></Cell>
    <Cell><Data ss:Type="Number">0.32</Data></Cell>
    <Cell><Data ss:Type="Number">-10.28</Data></Cell>
    <Cell><Data ss:Type="Number">0.16</Data></Cell>
    <Cell><Data ss:Type="Number">-9.5299999999999994</Data></Cell>
    <Cell><Data ss:Type="Number">-0.06</Data></Cell>
    <Cell><Data ss:Type="Number">-0.88</Data></Cell>
    <Cell><Data ss:Type="Number">22.7</Data></Cell>
    <Cell><Data ss:Type="Number">39.299999999999997</Data></Cell>
    <Cell><Data ss:Type="Number">0</Data></Cell>
    <Cell><Data ss:Type="Number">0</Data></Cell>
    <Cell><Data ss:Type="String">2023-12-07 16:16:14.985119</Data></Cell>
   </Row>
   <Row>
    <Cell><Data ss:Type="String">2234</Data></Cell>
    <Cell><Data ss:Type="Number">0.27</Data></Cell>
    <Cell><Data ss:Type="Number">-9.9600000000000009</Data></Cell>
    <Cell><Data ss:Type="Number">-0.05</Data></Cell>
    <Cell><Data ss:Type="Number">-9.4600000000000009</Data></Cell>
    <Cell><Data ss:Type="Number">-7.0000000000000007E-2</Data></Cell>
    <Cell><Data ss:Type="Number">-0.93</Data></Cell>
    <Cell><Data ss:Type="Number">22.7</Data></Cell>
    <Cell><Data ss:Type="Number">39.299999999999997</Data></Cell>
    <Cell><Data ss:Type="Number">0</Data></Cell>
    <Cell><Data ss:Type="Number">0</Data></Cell>
    <Cell><Data ss:Type="String">2023-12-07 16:16:14.942211</Data></Cell>
   </Row>
   <Row>
    <Cell><Data ss:Type="String">2233</Data></Cell>
    <Cell><Data ss:Type="Number">0.27</Data></Cell>
    <Cell><Data ss:Type="Number">-9.89</Data></Cell>
    <Cell><Data ss:Type="Number">0.12</Data></Cell>
    <Cell><Data ss:Type="Number">-9.43</Data></Cell>
    <Cell><Data ss:Type="Number">-0.08</Data></Cell>
    <Cell><Data ss:Type="Number">-0.94</Data></Cell>
    <Cell><Data ss:Type="Number">22.7</Data></Cell>
    <Cell><Data ss:Type="Number">39.299999999999997</Data></Cell>
    <Cell><Data ss:Type="Number">0</Data></Cell>
    <Cell><Data ss:Type="Number">0</Data></Cell>
    <Cell><Data ss:Type="String">2023-12-07 16:16:14.940060</Data></Cell>
   </Row>
   <Row>
    <Cell><Data ss:Type="String">2232</Data></Cell>
    <Cell><Data ss:Type="Number">0.26</Data></Cell>
    <Cell><Data ss:Type="Number">-9.91</Data></Cell>
    <Cell><Data ss:Type="Number">0.01</Data></Cell>
    <Cell><Data ss:Type="Number">-9.4700000000000006</Data></Cell>
    <Cell><Data ss:Type="Number">-0.05</Data></Cell>
    <Cell><Data ss:Type="Number">-0.91</Data></Cell>
    <Cell><Data ss:Type="Number">22.7</Data></Cell>
    <Cell><Data ss:Type="Number">39.299999999999997</Data></Cell>
    <Cell><Data ss:Type="Number">0</Data></Cell>
    <Cell><Data ss:Type="Number">0</Data></Cell>
    <Cell><Data ss:Type="String">2023-12-07 16:16:14.886412</Data></Cell>
   </Row>
   <Row>
    <Cell><Data ss:Type="String">2231</Data></Cell>
    <Cell><Data ss:Type="Number">0.25</Data></Cell>
    <Cell><Data ss:Type="Number">-10.26</Data></Cell>
    <Cell><Data ss:Type="Number">7.0000000000000007E-2</Data></Cell>
    <Cell><Data ss:Type="Number">-9.5299999999999994</Data></Cell>
    <Cell><Data ss:Type="Number">-7.0000000000000007E-2</Data></Cell>
    <Cell><Data ss:Type="Number">-0.9</Data></Cell>
    <Cell><Data ss:Type="Number">22.7</Data></Cell>
    <Cell><Data ss:Type="Number">39.299999999999997</Data></Cell>
    <Cell><Data ss:Type="Number">0</Data></Cell>
    <Cell><Data ss:Type="Number">0</Data></Cell>
    <Cell><Data ss:Type="String">2023-12-07 16:16:14.884549</Data></Cell>
   </Row>
   <Row>
    <Cell><Data ss:Type="String">2230</Data></Cell>
    <Cell><Data ss:Type="Number">0.28000000000000003</Data></Cell>
    <Cell><Data ss:Type="Number">-10</Data></Cell>
    <Cell><Data ss:Type="Number">0.16</Data></Cell>
    <Cell><Data ss:Type="Number">-9.4700000000000006</Data></Cell>
    <Cell><Data ss:Type="Number">-0.08</Data></Cell>
    <Cell><Data ss:Type="Number">-0.9</Data></Cell>
    <Cell><Data ss:Type="Number">22.7</Data></Cell>
    <Cell><Data ss:Type="Number">39.299999999999997</Data></Cell>
    <Cell><Data ss:Type="Number">0</Data></Cell>
    <Cell><Data ss:Type="Number">0</Data></Cell>
    <Cell><Data ss:Type="String">2023-12-07 16:16:14.823954</Data></Cell>
   </Row>
   <Row>
    <Cell><Data ss:Type="String">2229</Data></Cell>
    <Cell><Data ss:Type="Number">0.23</Data></Cell>
    <Cell><Data ss:Type="Number">-9.93</Data></Cell>
    <Cell><Data ss:Type="Number">0.11</Data></Cell>
    <Cell><Data ss:Type="Number">-9.42</Data></Cell>
    <Cell><Data ss:Type="Number">-0.06</Data></Cell>
    <Cell><Data ss:Type="Number">-0.93</Data></Cell>
    <Cell><Data ss:Type="Number">22.7</Data></Cell>
    <Cell><Data ss:Type="Number">39.299999999999997</Data></Cell>
    <Cell><Data ss:Type="Number">0</Data></Cell>
    <Cell><Data ss:Type="Number">0</Data></Cell>
    <Cell><Data ss:Type="String">2023-12-07 16:16:14.821985</Data></Cell>
   </Row>
   <Row>
    <Cell><Data ss:Type="String">2228</Data></Cell>
    <Cell><Data ss:Type="Number">0.41</Data></Cell>
    <Cell><Data ss:Type="Number">-9.92</Data></Cell>
    <Cell><Data ss:Type="Number">0.13</Data></Cell>
    <Cell><Data ss:Type="Number">-9.43</Data></Cell>
    <Cell><Data ss:Type="Number">-0.08</Data></Cell>
    <Cell><Data ss:Type="Number">-0.91</Data></Cell>
    <Cell><Data ss:Type="Number">22.7</Data></Cell>
    <Cell><Data ss:Type="Number">39.299999999999997</Data></Cell>
    <Cell><Data ss:Type="Number">0</Data></Cell>
    <Cell><Data ss:Type="Number">0</Data></Cell>
    <Cell><Data ss:Type="String">2023-12-07 16:16:14.819682</Data></Cell>
   </Row>
   <Row>
    <Cell><Data ss:Type="String">2227</Data></Cell>
    <Cell><Data ss:Type="Number">0.3</Data></Cell>
    <Cell><Data ss:Type="Number">-9.89</Data></Cell>
    <Cell><Data ss:Type="Number">-0.02</Data></Cell>
    <Cell><Data ss:Type="Number">-9.51</Data></Cell>
    <Cell><Data ss:Type="Number">-0.06</Data></Cell>
    <Cell><Data ss:Type="Number">-0.94</Data></Cell>
    <Cell><Data ss:Type="Number">22.7</Data></Cell>
    <Cell><Data ss:Type="Number">39.299999999999997</Data></Cell>
    <Cell><Data ss:Type="Number">0</Data></Cell>
    <Cell><Data ss:Type="Number">0</Data></Cell>
    <Cell><Data ss:Type="String">2023-12-07 16:16:14.818187</Data></Cell>
   </Row>
   <Row>
    <Cell><Data ss:Type="String">2226</Data></Cell>
    <Cell><Data ss:Type="Number">0.27</Data></Cell>
    <Cell><Data ss:Type="Number">-10.24</Data></Cell>
    <Cell><Data ss:Type="Number">0.18</Data></Cell>
    <Cell><Data ss:Type="Number">-9.5500000000000007</Data></Cell>
    <Cell><Data ss:Type="Number">-7.0000000000000007E-2</Data></Cell>
    <Cell><Data ss:Type="Number">-0.88</Data></Cell>
    <Cell><Data ss:Type="Number">22.7</Data></Cell>
    <Cell><Data ss:Type="Number">39.299999999999997</Data></Cell>
    <Cell><Data ss:Type="Number">0</Data></Cell>
    <Cell><Data ss:Type="Number">0</Data></Cell>
    <Cell><Data ss:Type="String">2023-12-07 16:16:14.816699</Data></Cell>
   </Row>
   <Row>
    <Cell><Data ss:Type="String">2225</Data></Cell>
    <Cell><Data ss:Type="Number">0.28999999999999998</Data></Cell>
    <Cell><Data ss:Type="Number">-10.27</Data></Cell>
    <Cell><Data ss:Type="Number">0.18</Data></Cell>
    <Cell><Data ss:Type="Number">-9.5399999999999991</Data></Cell>
    <Cell><Data ss:Type="Number">-0.06</Data></Cell>
    <Cell><Data ss:Type="Number">-0.89</Data></Cell>
    <Cell><Data ss:Type="Number">22.7</Data></Cell>
    <Cell><Data ss:Type="Number">39.299999999999997</Data></Cell>
    <Cell><Data ss:Type="Number">0</Data></Cell>
    <Cell><Data ss:Type="Number">0</Data></Cell>
    <Cell><Data ss:Type="String">2023-12-07 16:16:14.815121</Data></Cell>
   </Row>
   <Row>
    <Cell><Data ss:Type="String">2224</Data></Cell>
    <Cell><Data ss:Type="Number">0.28000000000000003</Data></Cell>
    <Cell><Data ss:Type="Number">-10.07</Data></Cell>
    <Cell><Data ss:Type="Number">0.16</Data></Cell>
    <Cell><Data ss:Type="Number">-9.41</Data></Cell>
    <Cell><Data ss:Type="Number">-7.0000000000000007E-2</Data></Cell>
    <Cell><Data ss:Type="Number">-0.9</Data></Cell>
    <Cell><Data ss:Type="Number">22.7</Data></Cell>
    <Cell><Data ss:Type="Number">39.299999999999997</Data></Cell>
    <Cell><Data ss:Type="Number">0</Data></Cell>
    <Cell><Data ss:Type="Number">0</Data></Cell>
    <Cell><Data ss:Type="String">2023-12-07 16:16:14.813317</Data></Cell>
   </Row>
   <Row>
    <Cell><Data ss:Type="String">2223</Data></Cell>
    <Cell><Data ss:Type="Number">0.25</Data></Cell>
    <Cell><Data ss:Type="Number">-10.199999999999999</Data></Cell>
    <Cell><Data ss:Type="Number">0.16</Data></Cell>
    <Cell><Data ss:Type="Number">-9.49</Data></Cell>
    <Cell><Data ss:Type="Number">-0.05</Data></Cell>
    <Cell><Data ss:Type="Number">-0.93</Data></Cell>
    <Cell><Data ss:Type="Number">22.7</Data></Cell>
    <Cell><Data ss:Type="Number">39.299999999999997</Data></Cell>
    <Cell><Data ss:Type="Number">0</Data></Cell>
    <Cell><Data ss:Type="Number">0</Data></Cell>
    <Cell><Data ss:Type="String">2023-12-07 16:16:14.577730</Data></Cell>
   </Row>
   <Row>
    <Cell><Data ss:Type="String">2222</Data></Cell>
    <Cell><Data ss:Type="Number">0.27</Data></Cell>
    <Cell><Data ss:Type="Number">-9.94</Data></Cell>
    <Cell><Data ss:Type="Number">0.08</Data></Cell>
    <Cell><Data ss:Type="Number">-9.42</Data></Cell>
    <Cell><Data ss:Type="Number">-0.08</Data></Cell>
    <Cell><Data ss:Type="Number">-0.92</Data></Cell>
    <Cell><Data ss:Type="Number">22.7</Data></Cell>
    <Cell><Data ss:Type="Number">39.200000000000003</Data></Cell>
    <Cell><Data ss:Type="Number">0</Data></Cell>
    <Cell><Data ss:Type="Number">0</Data></Cell>
    <Cell><Data ss:Type="String">2023-12-07 16:16:14.576171</Data></Cell>
   </Row>
   <Row>
    <Cell><Data ss:Type="String">2221</Data></Cell>
    <Cell><Data ss:Type="Number">0.25</Data></Cell>
    <Cell><Data ss:Type="Number">-9.93</Data></Cell>
    <Cell><Data ss:Type="Number">-0.01</Data></Cell>
    <Cell><Data ss:Type="Number">-9.49</Data></Cell>
    <Cell><Data ss:Type="Number">-0.1</Data></Cell>
    <Cell><Data ss:Type="Number">-0.91</Data></Cell>
    <Cell><Data ss:Type="Number">22.7</Data></Cell>
    <Cell><Data ss:Type="Number">39.200000000000003</Data></Cell>
    <Cell><Data ss:Type="Number">0</Data></Cell>
    <Cell><Data ss:Type="Number">0</Data></Cell>
    <Cell><Data ss:Type="String">2023-12-07 16:16:14.523513</Data></Cell>
   </Row>
   <Row>
    <Cell><Data ss:Type="String">2220</Data></Cell>
    <Cell><Data ss:Type="Number">0.31</Data></Cell>
    <Cell><Data ss:Type="Number">-10.199999999999999</Data></Cell>
    <Cell><Data ss:Type="Number">0.17</Data></Cell>
    <Cell><Data ss:Type="Number">-9.5399999999999991</Data></Cell>
    <Cell><Data ss:Type="Number">-7.0000000000000007E-2</Data></Cell>
    <Cell><Data ss:Type="Number">-0.89</Data></Cell>
    <Cell><Data ss:Type="Number">22.7</Data></Cell>
    <Cell><Data ss:Type="Number">39.200000000000003</Data></Cell>
    <Cell><Data ss:Type="Number">0</Data></Cell>
    <Cell><Data ss:Type="Number">0</Data></Cell>
    <Cell><Data ss:Type="String">2023-12-07 16:16:14.516346</Data></Cell>
   </Row>
   <Row>
    <Cell><Data ss:Type="String">2219</Data></Cell>
    <Cell><Data ss:Type="Number">0.32</Data></Cell>
    <Cell><Data ss:Type="Number">-10.26</Data></Cell>
    <Cell><Data ss:Type="Number">0.19</Data></Cell>
    <Cell><Data ss:Type="Number">-9.5399999999999991</Data></Cell>
    <Cell><Data ss:Type="Number">-0.09</Data></Cell>
    <Cell><Data ss:Type="Number">-0.89</Data></Cell>
    <Cell><Data ss:Type="Number">22.7</Data></Cell>
    <Cell><Data ss:Type="Number">39.200000000000003</Data></Cell>
    <Cell><Data ss:Type="Number">0</Data></Cell>
    <Cell><Data ss:Type="Number">0</Data></Cell>
    <Cell><Data ss:Type="String">2023-12-07 16:16:14.514125</Data></Cell>
   </Row>
   <Row>
    <Cell><Data ss:Type="String">2218</Data></Cell>
    <Cell><Data ss:Type="Number">0.28999999999999998</Data></Cell>
    <Cell><Data ss:Type="Number">-10.14</Data></Cell>
    <Cell><Data ss:Type="Number">0.11</Data></Cell>
    <Cell><Data ss:Type="Number">-9.4499999999999993</Data></Cell>
    <Cell><Data ss:Type="Number">-0.06</Data></Cell>
    <Cell><Data ss:Type="Number">-0.93</Data></Cell>
    <Cell><Data ss:Type="Number">22.7</Data></Cell>
    <Cell><Data ss:Type="Number">39.200000000000003</Data></Cell>
    <Cell><Data ss:Type="Number">0</Data></Cell>
    <Cell><Data ss:Type="Number">0</Data></Cell>
    <Cell><Data ss:Type="String">2023-12-07 16:16:14.512120</Data></Cell>
   </Row>
   <Row>
    <Cell><Data ss:Type="String">2217</Data></Cell>
    <Cell><Data ss:Type="Number">0.35</Data></Cell>
    <Cell><Data ss:Type="Number">-10.039999999999999</Data></Cell>
    <Cell><Data ss:Type="Number">0.15</Data></Cell>
    <Cell><Data ss:Type="Number">-9.44</Data></Cell>
    <Cell><Data ss:Type="Number">-0.08</Data></Cell>
    <Cell><Data ss:Type="Number">-0.91</Data></Cell>
    <Cell><Data ss:Type="Number">22.7</Data></Cell>
    <Cell><Data ss:Type="Number">39.200000000000003</Data></Cell>
    <Cell><Data ss:Type="Number">0</Data></Cell>
    <Cell><Data ss:Type="Number">0</Data></Cell>
    <Cell><Data ss:Type="String">2023-12-07 16:16:14.509904</Data></Cell>
   </Row>
   <Row>
    <Cell><Data ss:Type="String">2216</Data></Cell>
    <Cell><Data ss:Type="Number">0.28000000000000003</Data></Cell>
    <Cell><Data ss:Type="Number">-9.94</Data></Cell>
    <Cell><Data ss:Type="Number">-0.02</Data></Cell>
    <Cell><Data ss:Type="Number">-9.43</Data></Cell>
    <Cell><Data ss:Type="Number">-7.0000000000000007E-2</Data></Cell>
    <Cell><Data ss:Type="Number">-0.9</Data></Cell>
    <Cell><Data ss:Type="Number">22.7</Data></Cell>
    <Cell><Data ss:Type="Number">39.200000000000003</Data></Cell>
    <Cell><Data ss:Type="Number">0</Data></Cell>
    <Cell><Data ss:Type="Number">0</Data></Cell>
    <Cell><Data ss:Type="String">2023-12-07 16:16:14.507885</Data></Cell>
   </Row>
   <Row>
    <Cell><Data ss:Type="String">2215</Data></Cell>
    <Cell><Data ss:Type="Number">0.31</Data></Cell>
    <Cell><Data ss:Type="Number">-10.1</Data></Cell>
    <Cell><Data ss:Type="Number">0.16</Data></Cell>
    <Cell><Data ss:Type="Number">-9.51</Data></Cell>
    <Cell><Data ss:Type="Number">-0.06</Data></Cell>
    <Cell><Data ss:Type="Number">-0.9</Data></Cell>
    <Cell><Data ss:Type="Number">22.7</Data></Cell>
    <Cell><Data ss:Type="Number">39.200000000000003</Data></Cell>
    <Cell><Data ss:Type="Number">0</Data></Cell>
    <Cell><Data ss:Type="Number">0</Data></Cell>
    <Cell><Data ss:Type="String">2023-12-07 16:16:14.505217</Data></Cell>
   </Row>
   <Row>
    <Cell><Data ss:Type="String">2214</Data></Cell>
    <Cell><Data ss:Type="Number">0.26</Data></Cell>
    <Cell><Data ss:Type="Number">-10.16</Data></Cell>
    <Cell><Data ss:Type="Number">0.19</Data></Cell>
    <Cell><Data ss:Type="Number">-9.5399999999999991</Data></Cell>
    <Cell><Data ss:Type="Number">-0.09</Data></Cell>
    <Cell><Data ss:Type="Number">-0.89</Data></Cell>
    <Cell><Data ss:Type="Number">22.7</Data></Cell>
    <Cell><Data ss:Type="Number">39.200000000000003</Data></Cell>
    <Cell><Data ss:Type="Number">0</Data></Cell>
    <Cell><Data ss:Type="Number">0</Data></Cell>
    <Cell><Data ss:Type="String">2023-12-07 16:16:14.276064</Data></Cell>
   </Row>
   <Row>
    <Cell><Data ss:Type="String">2213</Data></Cell>
    <Cell><Data ss:Type="Number">0.25</Data></Cell>
    <Cell><Data ss:Type="Number">-10.210000000000001</Data></Cell>
    <Cell><Data ss:Type="Number">0.13</Data></Cell>
    <Cell><Data ss:Type="Number">-9.49</Data></Cell>
    <Cell><Data ss:Type="Number">-7.0000000000000007E-2</Data></Cell>
    <Cell><Data ss:Type="Number">-0.91</Data></Cell>
    <Cell><Data ss:Type="Number">22.7</Data></Cell>
    <Cell><Data ss:Type="Number">39.200000000000003</Data></Cell>
    <Cell><Data ss:Type="Number">0</Data></Cell>
    <Cell><Data ss:Type="Number">0</Data></Cell>
    <Cell><Data ss:Type="String">2023-12-07 16:16:14.274043</Data></Cell>
   </Row>
   <Row>
    <Cell><Data ss:Type="String">2212</Data></Cell>
    <Cell><Data ss:Type="Number">0.26</Data></Cell>
    <Cell><Data ss:Type="Number">-9.94</Data></Cell>
    <Cell><Data ss:Type="Number">0.16</Data></Cell>
    <Cell><Data ss:Type="Number">-9.4499999999999993</Data></Cell>
    <Cell><Data ss:Type="Number">-0.1</Data></Cell>
    <Cell><Data ss:Type="Number">-0.92</Data></Cell>
    <Cell><Data ss:Type="Number">22.7</Data></Cell>
    <Cell><Data ss:Type="Number">39.200000000000003</Data></Cell>
    <Cell><Data ss:Type="Number">0</Data></Cell>
    <Cell><Data ss:Type="Number">0</Data></Cell>
    <Cell><Data ss:Type="String">2023-12-07 16:16:14.272189</Data></Cell>
   </Row>
   <Row>
    <Cell><Data ss:Type="String">2211</Data></Cell>
    <Cell><Data ss:Type="Number">0.28999999999999998</Data></Cell>
    <Cell><Data ss:Type="Number">-10.039999999999999</Data></Cell>
    <Cell><Data ss:Type="Number">-0.04</Data></Cell>
    <Cell><Data ss:Type="Number">-9.4700000000000006</Data></Cell>
    <Cell><Data ss:Type="Number">-7.0000000000000007E-2</Data></Cell>
    <Cell><Data ss:Type="Number">-0.92</Data></Cell>
    <Cell><Data ss:Type="Number">22.7</Data></Cell>
    <Cell><Data ss:Type="Number">39.200000000000003</Data></Cell>
    <Cell><Data ss:Type="Number">0</Data></Cell>
    <Cell><Data ss:Type="Number">0</Data></Cell>
    <Cell><Data ss:Type="String">2023-12-07 16:16:14.269911</Data></Cell>
   </Row>
   <Row>
    <Cell><Data ss:Type="String">2210</Data></Cell>
    <Cell><Data ss:Type="Number">0.3</Data></Cell>
    <Cell><Data ss:Type="Number">-10.18</Data></Cell>
    <Cell><Data ss:Type="Number">0.13</Data></Cell>
    <Cell><Data ss:Type="Number">-9.56</Data></Cell>
    <Cell><Data ss:Type="Number">-0.08</Data></Cell>
    <Cell><Data ss:Type="Number">-0.92</Data></Cell>
    <Cell><Data ss:Type="Number">22.7</Data></Cell>
    <Cell><Data ss:Type="Number">39.200000000000003</Data></Cell>
    <Cell><Data ss:Type="Number">0</Data></Cell>
    <Cell><Data ss:Type="Number">0</Data></Cell>
    <Cell><Data ss:Type="String">2023-12-07 16:16:14.152777</Data></Cell>
   </Row>
   <Row>
    <Cell><Data ss:Type="String">2209</Data></Cell>
    <Cell><Data ss:Type="Number">0.28000000000000003</Data></Cell>
    <Cell><Data ss:Type="Number">-10.23</Data></Cell>
    <Cell><Data ss:Type="Number">0.22</Data></Cell>
    <Cell><Data ss:Type="Number">-9.5399999999999991</Data></Cell>
    <Cell><Data ss:Type="Number">-7.0000000000000007E-2</Data></Cell>
    <Cell><Data ss:Type="Number">-0.87</Data></Cell>
    <Cell><Data ss:Type="Number">22.7</Data></Cell>
    <Cell><Data ss:Type="Number">39.200000000000003</Data></Cell>
    <Cell><Data ss:Type="Number">0</Data></Cell>
    <Cell><Data ss:Type="Number">0</Data></Cell>
    <Cell><Data ss:Type="String">2023-12-07 16:16:14.109227</Data></Cell>
   </Row>
   <Row>
    <Cell><Data ss:Type="String">2208</Data></Cell>
    <Cell><Data ss:Type="Number">0.25</Data></Cell>
    <Cell><Data ss:Type="Number">-9.9700000000000006</Data></Cell>
    <Cell><Data ss:Type="Number">0.1</Data></Cell>
    <Cell><Data ss:Type="Number">-9.43</Data></Cell>
    <Cell><Data ss:Type="Number">-0.08</Data></Cell>
    <Cell><Data ss:Type="Number">-0.93</Data></Cell>
    <Cell><Data ss:Type="Number">22.7</Data></Cell>
    <Cell><Data ss:Type="Number">39.200000000000003</Data></Cell>
    <Cell><Data ss:Type="Number">0</Data></Cell>
    <Cell><Data ss:Type="Number">0</Data></Cell>
    <Cell><Data ss:Type="String">2023-12-07 16:16:14.107483</Data></Cell>
   </Row>
   <Row>
    <Cell><Data ss:Type="String">2207</Data></Cell>
    <Cell><Data ss:Type="Number">0.28000000000000003</Data></Cell>
    <Cell><Data ss:Type="Number">-9.89</Data></Cell>
    <Cell><Data ss:Type="Number">0.15</Data></Cell>
    <Cell><Data ss:Type="Number">-9.4</Data></Cell>
    <Cell><Data ss:Type="Number">-0.06</Data></Cell>
    <Cell><Data ss:Type="Number">-0.9</Data></Cell>
    <Cell><Data ss:Type="Number">22.7</Data></Cell>
    <Cell><Data ss:Type="Number">39.200000000000003</Data></Cell>
    <Cell><Data ss:Type="Number">0</Data></Cell>
    <Cell><Data ss:Type="Number">0</Data></Cell>
    <Cell><Data ss:Type="String">2023-12-07 16:16:14.063184</Data></Cell>
   </Row>
   <Row>
    <Cell><Data ss:Type="String">2206</Data></Cell>
    <Cell><Data ss:Type="Number">0.34</Data></Cell>
    <Cell><Data ss:Type="Number">-10.36</Data></Cell>
    <Cell><Data ss:Type="Number">0.22</Data></Cell>
    <Cell><Data ss:Type="Number">-9.52</Data></Cell>
    <Cell><Data ss:Type="Number">-0.08</Data></Cell>
    <Cell><Data ss:Type="Number">-0.88</Data></Cell>
    <Cell><Data ss:Type="Number">22.7</Data></Cell>
    <Cell><Data ss:Type="Number">39.200000000000003</Data></Cell>
    <Cell><Data ss:Type="Number">0</Data></Cell>
    <Cell><Data ss:Type="Number">0</Data></Cell>
    <Cell><Data ss:Type="String">2023-12-07 16:16:14.014551</Data></Cell>
   </Row>
   <Row>
    <Cell><Data ss:Type="String">2205</Data></Cell>
    <Cell><Data ss:Type="Number">0.25</Data></Cell>
    <Cell><Data ss:Type="Number">-10.14</Data></Cell>
    <Cell><Data ss:Type="Number">0.17</Data></Cell>
    <Cell><Data ss:Type="Number">-9.4600000000000009</Data></Cell>
    <Cell><Data ss:Type="Number">-0.06</Data></Cell>
    <Cell><Data ss:Type="Number">-0.98</Data></Cell>
    <Cell><Data ss:Type="Number">22.7</Data></Cell>
    <Cell><Data ss:Type="Number">39.200000000000003</Data></Cell>
    <Cell><Data ss:Type="Number">0</Data></Cell>
    <Cell><Data ss:Type="Number">0</Data></Cell>
    <Cell><Data ss:Type="String">2023-12-07 16:16:13.966017</Data></Cell>
   </Row>
   <Row>
    <Cell><Data ss:Type="String">2204</Data></Cell>
    <Cell><Data ss:Type="Number">0.28999999999999998</Data></Cell>
    <Cell><Data ss:Type="Number">-9.91</Data></Cell>
    <Cell><Data ss:Type="Number">0.2</Data></Cell>
    <Cell><Data ss:Type="Number">-9.39</Data></Cell>
    <Cell><Data ss:Type="Number">-0.06</Data></Cell>
    <Cell><Data ss:Type="Number">-0.87</Data></Cell>
    <Cell><Data ss:Type="Number">22.7</Data></Cell>
    <Cell><Data ss:Type="Number">39.200000000000003</Data></Cell>
    <Cell><Data ss:Type="Number">0</Data></Cell>
    <Cell><Data ss:Type="Number">0</Data></Cell>
    <Cell><Data ss:Type="String">2023-12-07 16:16:13.964128</Data></Cell>
   </Row>
   <Row>
    <Cell><Data ss:Type="String">2203</Data></Cell>
    <Cell><Data ss:Type="Number">0.28000000000000003</Data></Cell>
    <Cell><Data ss:Type="Number">-9.9700000000000006</Data></Cell>
    <Cell><Data ss:Type="Number">0.08</Data></Cell>
    <Cell><Data ss:Type="Number">-9.51</Data></Cell>
    <Cell><Data ss:Type="Number">-0.1</Data></Cell>
    <Cell><Data ss:Type="Number">-0.93</Data></Cell>
    <Cell><Data ss:Type="Number">22.7</Data></Cell>
    <Cell><Data ss:Type="Number">39.200000000000003</Data></Cell>
    <Cell><Data ss:Type="Number">0</Data></Cell>
    <Cell><Data ss:Type="Number">0</Data></Cell>
    <Cell><Data ss:Type="String">2023-12-07 16:16:13.962069</Data></Cell>
   </Row>
   <Row>
    <Cell><Data ss:Type="String">2202</Data></Cell>
    <Cell><Data ss:Type="Number">0.27</Data></Cell>
    <Cell><Data ss:Type="Number">-10.220000000000001</Data></Cell>
    <Cell><Data ss:Type="Number">0.22</Data></Cell>
    <Cell><Data ss:Type="Number">-9.52</Data></Cell>
    <Cell><Data ss:Type="Number">-0.06</Data></Cell>
    <Cell><Data ss:Type="Number">-0.87</Data></Cell>
    <Cell><Data ss:Type="Number">22.7</Data></Cell>
    <Cell><Data ss:Type="Number">39.200000000000003</Data></Cell>
    <Cell><Data ss:Type="Number">0</Data></Cell>
    <Cell><Data ss:Type="Number">0</Data></Cell>
    <Cell><Data ss:Type="String">2023-12-07 16:16:13.882178</Data></Cell>
   </Row>
   <Row>
    <Cell><Data ss:Type="String">2201</Data></Cell>
    <Cell><Data ss:Type="Number">0.35</Data></Cell>
    <Cell><Data ss:Type="Number">-10.130000000000001</Data></Cell>
    <Cell><Data ss:Type="Number">0.21</Data></Cell>
    <Cell><Data ss:Type="Number">-9.4700000000000006</Data></Cell>
    <Cell><Data ss:Type="Number">-0.1</Data></Cell>
    <Cell><Data ss:Type="Number">-0.88</Data></Cell>
    <Cell><Data ss:Type="Number">22.7</Data></Cell>
    <Cell><Data ss:Type="Number">39.200000000000003</Data></Cell>
    <Cell><Data ss:Type="Number">0</Data></Cell>
    <Cell><Data ss:Type="Number">0</Data></Cell>
    <Cell><Data ss:Type="String">2023-12-07 16:16:13.821925</Data></Cell>
   </Row>
   <Row>
    <Cell><Data ss:Type="String">2200</Data></Cell>
    <Cell><Data ss:Type="Number">0.25</Data></Cell>
    <Cell><Data ss:Type="Number">-10.31</Data></Cell>
    <Cell><Data ss:Type="Number">0.16</Data></Cell>
    <Cell><Data ss:Type="Number">-9.58</Data></Cell>
    <Cell><Data ss:Type="Number">-0.11</Data></Cell>
    <Cell><Data ss:Type="Number">-0.96</Data></Cell>
    <Cell><Data ss:Type="Number">22.7</Data></Cell>
    <Cell><Data ss:Type="Number">39.200000000000003</Data></Cell>
    <Cell><Data ss:Type="Number">0</Data></Cell>
    <Cell><Data ss:Type="Number">0</Data></Cell>
    <Cell><Data ss:Type="String">2023-12-07 16:16:13.815266</Data></Cell>
   </Row>
   <Row>
    <Cell><Data ss:Type="String">2199</Data></Cell>
    <Cell><Data ss:Type="Number">0.14000000000000001</Data></Cell>
    <Cell><Data ss:Type="Number">-9.91</Data></Cell>
    <Cell><Data ss:Type="Number">0.16</Data></Cell>
    <Cell><Data ss:Type="Number">-9.3800000000000008</Data></Cell>
    <Cell><Data ss:Type="Number">0.01</Data></Cell>
    <Cell><Data ss:Type="Number">-0.87</Data></Cell>
    <Cell><Data ss:Type="Number">22.7</Data></Cell>
    <Cell><Data ss:Type="Number">39.200000000000003</Data></Cell>
    <Cell><Data ss:Type="Number">0</Data></Cell>
    <Cell><Data ss:Type="Number">0</Data></Cell>
    <Cell><Data ss:Type="String">2023-12-07 16:16:13.769837</Data></Cell>
   </Row>
   <Row>
    <Cell><Data ss:Type="String">2198</Data></Cell>
    <Cell><Data ss:Type="Number">0.13</Data></Cell>
    <Cell><Data ss:Type="Number">-10.199999999999999</Data></Cell>
    <Cell><Data ss:Type="Number">0.13</Data></Cell>
    <Cell><Data ss:Type="Number">-9.4700000000000006</Data></Cell>
    <Cell><Data ss:Type="Number">0.01</Data></Cell>
    <Cell><Data ss:Type="Number">-0.99</Data></Cell>
    <Cell><Data ss:Type="Number">22.7</Data></Cell>
    <Cell><Data ss:Type="Number">39.200000000000003</Data></Cell>
    <Cell><Data ss:Type="Number">0</Data></Cell>
    <Cell><Data ss:Type="Number">0</Data></Cell>
    <Cell><Data ss:Type="String">2023-12-07 16:16:13.725640</Data></Cell>
   </Row>
   <Row>
    <Cell><Data ss:Type="String">2197</Data></Cell>
    <Cell><Data ss:Type="Number">0.71</Data></Cell>
    <Cell><Data ss:Type="Number">-9.84</Data></Cell>
    <Cell><Data ss:Type="Number">0.33</Data></Cell>
    <Cell><Data ss:Type="Number">-9.4</Data></Cell>
    <Cell><Data ss:Type="Number">-0.17</Data></Cell>
    <Cell><Data ss:Type="Number">-0.87</Data></Cell>
    <Cell><Data ss:Type="Number">22.7</Data></Cell>
    <Cell><Data ss:Type="Number">39.200000000000003</Data></Cell>
    <Cell><Data ss:Type="Number">0</Data></Cell>
    <Cell><Data ss:Type="Number">0</Data></Cell>
    <Cell><Data ss:Type="String">2023-12-07 16:16:13.723807</Data></Cell>
   </Row>
   <Row>
    <Cell><Data ss:Type="String">2196</Data></Cell>
    <Cell><Data ss:Type="Number">0.48</Data></Cell>
    <Cell><Data ss:Type="Number">-10</Data></Cell>
    <Cell><Data ss:Type="Number">0.44</Data></Cell>
    <Cell><Data ss:Type="Number">-9.4700000000000006</Data></Cell>
    <Cell><Data ss:Type="Number">-0.42</Data></Cell>
    <Cell><Data ss:Type="Number">-0.76</Data></Cell>
    <Cell><Data ss:Type="Number">22.7</Data></Cell>
    <Cell><Data ss:Type="Number">39.200000000000003</Data></Cell>
    <Cell><Data ss:Type="Number">0</Data></Cell>
    <Cell><Data ss:Type="Number">0</Data></Cell>
    <Cell><Data ss:Type="String">2023-12-07 16:16:13.677263</Data></Cell>
   </Row>
   <Row>
    <Cell><Data ss:Type="String">2195</Data></Cell>
    <Cell><Data ss:Type="Number">-0.22</Data></Cell>
    <Cell><Data ss:Type="Number">-10.43</Data></Cell>
    <Cell><Data ss:Type="Number">-0.03</Data></Cell>
    <Cell><Data ss:Type="Number">-9.56</Data></Cell>
    <Cell><Data ss:Type="Number">-0.24</Data></Cell>
    <Cell><Data ss:Type="Number">-0.98</Data></Cell>
    <Cell><Data ss:Type="Number">22.7</Data></Cell>
    <Cell><Data ss:Type="Number">39.200000000000003</Data></Cell>
    <Cell><Data ss:Type="Number">0</Data></Cell>
    <Cell><Data ss:Type="Number">0</Data></Cell>
    <Cell><Data ss:Type="String">2023-12-07 16:16:13.631346</Data></Cell>
   </Row>
   <Row>
    <Cell><Data ss:Type="String">2194</Data></Cell>
    <Cell><Data ss:Type="Number">-1.52</Data></Cell>
    <Cell><Data ss:Type="Number">-10.02</Data></Cell>
    <Cell><Data ss:Type="Number">-0.74</Data></Cell>
    <Cell><Data ss:Type="Number">-9.42</Data></Cell>
    <Cell><Data ss:Type="Number">0.87</Data></Cell>
    <Cell><Data ss:Type="Number">-0.88</Data></Cell>
    <Cell><Data ss:Type="Number">22.7</Data></Cell>
    <Cell><Data ss:Type="Number">39.200000000000003</Data></Cell>
    <Cell><Data ss:Type="Number">0</Data></Cell>
    <Cell><Data ss:Type="Number">0</Data></Cell>
    <Cell><Data ss:Type="String">2023-12-07 16:16:13.588344</Data></Cell>
   </Row>
   <Row>
    <Cell><Data ss:Type="String">2193</Data></Cell>
    <Cell><Data ss:Type="Number">3.13</Data></Cell>
    <Cell><Data ss:Type="Number">-10.36</Data></Cell>
    <Cell><Data ss:Type="Number">-0.28999999999999998</Data></Cell>
    <Cell><Data ss:Type="Number">-9.4700000000000006</Data></Cell>
    <Cell><Data ss:Type="Number">0.62</Data></Cell>
    <Cell><Data ss:Type="Number">-1.32</Data></Cell>
    <Cell><Data ss:Type="Number">22.7</Data></Cell>
    <Cell><Data ss:Type="Number">39.200000000000003</Data></Cell>
    <Cell><Data ss:Type="Number">0</Data></Cell>
    <Cell><Data ss:Type="Number">0</Data></Cell>
    <Cell><Data ss:Type="String">2023-12-07 16:16:13.585686</Data></Cell>
   </Row>
   <Row>
    <Cell><Data ss:Type="String">2192</Data></Cell>
    <Cell><Data ss:Type="Number">4.3899999999999997</Data></Cell>
    <Cell><Data ss:Type="Number">-11.39</Data></Cell>
    <Cell><Data ss:Type="Number">2.09</Data></Cell>
    <Cell><Data ss:Type="Number">-8.02</Data></Cell>
    <Cell><Data ss:Type="Number">-2.31</Data></Cell>
    <Cell><Data ss:Type="Number">0.11</Data></Cell>
    <Cell><Data ss:Type="Number">22.7</Data></Cell>
    <Cell><Data ss:Type="Number">39.200000000000003</Data></Cell>
    <Cell><Data ss:Type="Number">0</Data></Cell>
    <Cell><Data ss:Type="Number">0</Data></Cell>
    <Cell><Data ss:Type="String">2023-12-07 16:16:13.539414</Data></Cell>
   </Row>
   <Row>
    <Cell><Data ss:Type="String">2191</Data></Cell>
    <Cell><Data ss:Type="Number">-0.4</Data></Cell>
    <Cell><Data ss:Type="Number">-10.36</Data></Cell>
    <Cell><Data ss:Type="Number">0.16</Data></Cell>
    <Cell><Data ss:Type="Number">-9.6</Data></Cell>
    <Cell><Data ss:Type="Number">0.03</Data></Cell>
    <Cell><Data ss:Type="Number">-0.89</Data></Cell>
    <Cell><Data ss:Type="Number">22.7</Data></Cell>
    <Cell><Data ss:Type="Number">39.200000000000003</Data></Cell>
    <Cell><Data ss:Type="Number">0</Data></Cell>
    <Cell><Data ss:Type="Number">0</Data></Cell>
    <Cell><Data ss:Type="String">2023-12-07 16:16:13.494252</Data></Cell>
   </Row>
   <Row>
    <Cell><Data ss:Type="String">2190</Data></Cell>
    <Cell><Data ss:Type="Number">0.76</Data></Cell>
    <Cell><Data ss:Type="Number">-9.99</Data></Cell>
    <Cell><Data ss:Type="Number">0.44</Data></Cell>
    <Cell><Data ss:Type="Number">-9.4</Data></Cell>
    <Cell><Data ss:Type="Number">-0.09</Data></Cell>
    <Cell><Data ss:Type="Number">-0.95</Data></Cell>
    <Cell><Data ss:Type="Number">22.7</Data></Cell>
    <Cell><Data ss:Type="Number">39.200000000000003</Data></Cell>
    <Cell><Data ss:Type="Number">0</Data></Cell>
    <Cell><Data ss:Type="Number">0</Data></Cell>
    <Cell><Data ss:Type="String">2023-12-07 16:16:13.492422</Data></Cell>
   </Row>
   <Row>
    <Cell><Data ss:Type="String">2189</Data></Cell>
    <Cell><Data ss:Type="Number">0.59</Data></Cell>
    <Cell><Data ss:Type="Number">-9.9700000000000006</Data></Cell>
    <Cell><Data ss:Type="Number">0.31</Data></Cell>
    <Cell><Data ss:Type="Number">-9.3800000000000008</Data></Cell>
    <Cell><Data ss:Type="Number">-0.03</Data></Cell>
    <Cell><Data ss:Type="Number">-0.9</Data></Cell>
    <Cell><Data ss:Type="Number">22.7</Data></Cell>
    <Cell><Data ss:Type="Number">39.200000000000003</Data></Cell>
    <Cell><Data ss:Type="Number">0</Data></Cell>
    <Cell><Data ss:Type="Number">0</Data></Cell>
    <Cell><Data ss:Type="String">2023-12-07 16:16:13.448734</Data></Cell>
   </Row>
   <Row>
    <Cell><Data ss:Type="String">2188</Data></Cell>
    <Cell><Data ss:Type="Number">-0.24</Data></Cell>
    <Cell><Data ss:Type="Number">-9.93</Data></Cell>
    <Cell><Data ss:Type="Number">0.2</Data></Cell>
    <Cell><Data ss:Type="Number">-9.67</Data></Cell>
    <Cell><Data ss:Type="Number">-0.15</Data></Cell>
    <Cell><Data ss:Type="Number">-0.92</Data></Cell>
    <Cell><Data ss:Type="Number">22.7</Data></Cell>
    <Cell><Data ss:Type="Number">39.200000000000003</Data></Cell>
    <Cell><Data ss:Type="Number">0</Data></Cell>
    <Cell><Data ss:Type="Number">0</Data></Cell>
    <Cell><Data ss:Type="String">2023-12-07 16:16:13.402666</Data></Cell>
   </Row>
   <Row>
    <Cell><Data ss:Type="String">2187</Data></Cell>
    <Cell><Data ss:Type="Number">0.11</Data></Cell>
    <Cell><Data ss:Type="Number">-10.09</Data></Cell>
    <Cell><Data ss:Type="Number">0.28000000000000003</Data></Cell>
    <Cell><Data ss:Type="Number">-9.56</Data></Cell>
    <Cell><Data ss:Type="Number">-0.05</Data></Cell>
    <Cell><Data ss:Type="Number">-0.85</Data></Cell>
    <Cell><Data ss:Type="Number">22.7</Data></Cell>
    <Cell><Data ss:Type="Number">39.200000000000003</Data></Cell>
    <Cell><Data ss:Type="Number">0</Data></Cell>
    <Cell><Data ss:Type="Number">0</Data></Cell>
    <Cell><Data ss:Type="String">2023-12-07 16:16:13.400535</Data></Cell>
   </Row>
   <Row>
    <Cell><Data ss:Type="String">2186</Data></Cell>
    <Cell><Data ss:Type="Number">0.37</Data></Cell>
    <Cell><Data ss:Type="Number">-10.37</Data></Cell>
    <Cell><Data ss:Type="Number">-0.05</Data></Cell>
    <Cell><Data ss:Type="Number">-9.4600000000000009</Data></Cell>
    <Cell><Data ss:Type="Number">-7.0000000000000007E-2</Data></Cell>
    <Cell><Data ss:Type="Number">-0.93</Data></Cell>
    <Cell><Data ss:Type="Number">22.7</Data></Cell>
    <Cell><Data ss:Type="Number">39.200000000000003</Data></Cell>
    <Cell><Data ss:Type="Number">0</Data></Cell>
    <Cell><Data ss:Type="Number">0</Data></Cell>
    <Cell><Data ss:Type="String">2023-12-07 16:16:13.358844</Data></Cell>
   </Row>
   <Row>
    <Cell><Data ss:Type="String">2185</Data></Cell>
    <Cell><Data ss:Type="Number">-0.04</Data></Cell>
    <Cell><Data ss:Type="Number">-10.24</Data></Cell>
    <Cell><Data ss:Type="Number">0.11</Data></Cell>
    <Cell><Data ss:Type="Number">-9.44</Data></Cell>
    <Cell><Data ss:Type="Number">-0.1</Data></Cell>
    <Cell><Data ss:Type="Number">-0.9</Data></Cell>
    <Cell><Data ss:Type="Number">22.7</Data></Cell>
    <Cell><Data ss:Type="Number">39.200000000000003</Data></Cell>
    <Cell><Data ss:Type="Number">0</Data></Cell>
    <Cell><Data ss:Type="Number">0</Data></Cell>
    <Cell><Data ss:Type="String">2023-12-07 16:16:13.356918</Data></Cell>
   </Row>
   <Row>
    <Cell><Data ss:Type="String">2184</Data></Cell>
    <Cell><Data ss:Type="Number">0.02</Data></Cell>
    <Cell><Data ss:Type="Number">-10.039999999999999</Data></Cell>
    <Cell><Data ss:Type="Number">0.28999999999999998</Data></Cell>
    <Cell><Data ss:Type="Number">-9.4700000000000006</Data></Cell>
    <Cell><Data ss:Type="Number">-0.03</Data></Cell>
    <Cell><Data ss:Type="Number">-0.93</Data></Cell>
    <Cell><Data ss:Type="Number">22.7</Data></Cell>
    <Cell><Data ss:Type="Number">39.200000000000003</Data></Cell>
    <Cell><Data ss:Type="Number">0</Data></Cell>
    <Cell><Data ss:Type="Number">0</Data></Cell>
    <Cell><Data ss:Type="String">2023-12-07 16:16:13.354482</Data></Cell>
   </Row>
   <Row>
    <Cell><Data ss:Type="String">2183</Data></Cell>
    <Cell><Data ss:Type="Number">0.19</Data></Cell>
    <Cell><Data ss:Type="Number">-10.61</Data></Cell>
    <Cell><Data ss:Type="Number">0.38</Data></Cell>
    <Cell><Data ss:Type="Number">-9.61</Data></Cell>
    <Cell><Data ss:Type="Number">-7.0000000000000007E-2</Data></Cell>
    <Cell><Data ss:Type="Number">-0.89</Data></Cell>
    <Cell><Data ss:Type="Number">22.7</Data></Cell>
    <Cell><Data ss:Type="Number">39.200000000000003</Data></Cell>
    <Cell><Data ss:Type="Number">0</Data></Cell>
    <Cell><Data ss:Type="Number">0</Data></Cell>
    <Cell><Data ss:Type="String">2023-12-07 16:16:13.351840</Data></Cell>
   </Row>
   <Row>
    <Cell><Data ss:Type="String">2182</Data></Cell>
    <Cell><Data ss:Type="Number">0.77</Data></Cell>
    <Cell><Data ss:Type="Number">-9.3800000000000008</Data></Cell>
    <Cell><Data ss:Type="Number">-0.09</Data></Cell>
    <Cell><Data ss:Type="Number">-9.4600000000000009</Data></Cell>
    <Cell><Data ss:Type="Number">-0.05</Data></Cell>
    <Cell><Data ss:Type="Number">-0.89</Data></Cell>
    <Cell><Data ss:Type="Number">22.7</Data></Cell>
    <Cell><Data ss:Type="Number">39.200000000000003</Data></Cell>
    <Cell><Data ss:Type="Number">0</Data></Cell>
    <Cell><Data ss:Type="Number">0</Data></Cell>
    <Cell><Data ss:Type="String">2023-12-07 16:16:13.349981</Data></Cell>
   </Row>
   <Row>
    <Cell><Data ss:Type="String">2181</Data></Cell>
    <Cell><Data ss:Type="Number">0.5</Data></Cell>
    <Cell><Data ss:Type="Number">-9.9499999999999993</Data></Cell>
    <Cell><Data ss:Type="Number">0.24</Data></Cell>
    <Cell><Data ss:Type="Number">-9.35</Data></Cell>
    <Cell><Data ss:Type="Number">-0.06</Data></Cell>
    <Cell><Data ss:Type="Number">-0.96</Data></Cell>
    <Cell><Data ss:Type="Number">22.7</Data></Cell>
    <Cell><Data ss:Type="Number">39.200000000000003</Data></Cell>
    <Cell><Data ss:Type="Number">0</Data></Cell>
    <Cell><Data ss:Type="Number">0</Data></Cell>
    <Cell><Data ss:Type="String">2023-12-07 16:16:13.348051</Data></Cell>
   </Row>
   <Row>
    <Cell><Data ss:Type="String">2180</Data></Cell>
    <Cell><Data ss:Type="Number">0.65</Data></Cell>
    <Cell><Data ss:Type="Number">-10.050000000000001</Data></Cell>
    <Cell><Data ss:Type="Number">-0.22</Data></Cell>
    <Cell><Data ss:Type="Number">-9.4</Data></Cell>
    <Cell><Data ss:Type="Number">-0.1</Data></Cell>
    <Cell><Data ss:Type="Number">-0.91</Data></Cell>
    <Cell><Data ss:Type="Number">22.7</Data></Cell>
    <Cell><Data ss:Type="Number">39.200000000000003</Data></Cell>
    <Cell><Data ss:Type="Number">0</Data></Cell>
    <Cell><Data ss:Type="Number">0</Data></Cell>
    <Cell><Data ss:Type="String">2023-12-07 16:16:13.147337</Data></Cell>
   </Row>
   <Row>
    <Cell><Data ss:Type="String">2179</Data></Cell>
    <Cell><Data ss:Type="Number">0.65</Data></Cell>
    <Cell><Data ss:Type="Number">-10.37</Data></Cell>
    <Cell><Data ss:Type="Number">0</Data></Cell>
    <Cell><Data ss:Type="Number">-9.5299999999999994</Data></Cell>
    <Cell><Data ss:Type="Number">-0.14000000000000001</Data></Cell>
    <Cell><Data ss:Type="Number">-0.96</Data></Cell>
    <Cell><Data ss:Type="Number">22.7</Data></Cell>
    <Cell><Data ss:Type="Number">39.200000000000003</Data></Cell>
    <Cell><Data ss:Type="Number">0</Data></Cell>
    <Cell><Data ss:Type="Number">0</Data></Cell>
    <Cell><Data ss:Type="String">2023-12-07 16:16:13.098610</Data></Cell>
   </Row>
   <Row>
    <Cell><Data ss:Type="String">2178</Data></Cell>
    <Cell><Data ss:Type="Number">0.17</Data></Cell>
    <Cell><Data ss:Type="Number">-9.93</Data></Cell>
    <Cell><Data ss:Type="Number">0.15</Data></Cell>
    <Cell><Data ss:Type="Number">-9.52</Data></Cell>
    <Cell><Data ss:Type="Number">-0.06</Data></Cell>
    <Cell><Data ss:Type="Number">-0.86</Data></Cell>
    <Cell><Data ss:Type="Number">22.7</Data></Cell>
    <Cell><Data ss:Type="Number">39.200000000000003</Data></Cell>
    <Cell><Data ss:Type="Number">0</Data></Cell>
    <Cell><Data ss:Type="Number">0</Data></Cell>
    <Cell><Data ss:Type="String">2023-12-07 16:16:13.055475</Data></Cell>
   </Row>
   <Row>
    <Cell><Data ss:Type="String">2177</Data></Cell>
    <Cell><Data ss:Type="Number">0.71</Data></Cell>
    <Cell><Data ss:Type="Number">-10.35</Data></Cell>
    <Cell><Data ss:Type="Number">0.55000000000000004</Data></Cell>
    <Cell><Data ss:Type="Number">-9.42</Data></Cell>
    <Cell><Data ss:Type="Number">-0.14000000000000001</Data></Cell>
    <Cell><Data ss:Type="Number">-0.98</Data></Cell>
    <Cell><Data ss:Type="Number">22.7</Data></Cell>
    <Cell><Data ss:Type="Number">39.200000000000003</Data></Cell>
    <Cell><Data ss:Type="Number">0</Data></Cell>
    <Cell><Data ss:Type="Number">0</Data></Cell>
    <Cell><Data ss:Type="String">2023-12-07 16:16:13.052999</Data></Cell>
   </Row>
   <Row>
    <Cell><Data ss:Type="String">2176</Data></Cell>
    <Cell><Data ss:Type="Number">-0.21</Data></Cell>
    <Cell><Data ss:Type="Number">-8.76</Data></Cell>
    <Cell><Data ss:Type="Number">0.16</Data></Cell>
    <Cell><Data ss:Type="Number">-9.6999999999999993</Data></Cell>
    <Cell><Data ss:Type="Number">0.02</Data></Cell>
    <Cell><Data ss:Type="Number">-0.85</Data></Cell>
    <Cell><Data ss:Type="Number">22.7</Data></Cell>
    <Cell><Data ss:Type="Number">39.200000000000003</Data></Cell>
    <Cell><Data ss:Type="Number">0</Data></Cell>
    <Cell><Data ss:Type="Number">0</Data></Cell>
    <Cell><Data ss:Type="String">2023-12-07 16:16:13.006815</Data></Cell>
   </Row>
   <Row>
    <Cell><Data ss:Type="String">2175</Data></Cell>
    <Cell><Data ss:Type="Number">0.11</Data></Cell>
    <Cell><Data ss:Type="Number">-9.81</Data></Cell>
    <Cell><Data ss:Type="Number">-0.2</Data></Cell>
    <Cell><Data ss:Type="Number">-9.5399999999999991</Data></Cell>
    <Cell><Data ss:Type="Number">-7.0000000000000007E-2</Data></Cell>
    <Cell><Data ss:Type="Number">-0.9</Data></Cell>
    <Cell><Data ss:Type="Number">22.7</Data></Cell>
    <Cell><Data ss:Type="Number">39.200000000000003</Data></Cell>
    <Cell><Data ss:Type="Number">0</Data></Cell>
    <Cell><Data ss:Type="Number">0</Data></Cell>
    <Cell><Data ss:Type="String">2023-12-07 16:16:12.974143</Data></Cell>
   </Row>
   <Row>
    <Cell><Data ss:Type="String">2174</Data></Cell>
    <Cell><Data ss:Type="Number">0.32</Data></Cell>
    <Cell><Data ss:Type="Number">-10.42</Data></Cell>
    <Cell><Data ss:Type="Number">0.39</Data></Cell>
    <Cell><Data ss:Type="Number">-9.56</Data></Cell>
    <Cell><Data ss:Type="Number">-0.14000000000000001</Data></Cell>
    <Cell><Data ss:Type="Number">-0.85</Data></Cell>
    <Cell><Data ss:Type="Number">22.7</Data></Cell>
    <Cell><Data ss:Type="Number">39.200000000000003</Data></Cell>
    <Cell><Data ss:Type="Number">0</Data></Cell>
    <Cell><Data ss:Type="Number">0</Data></Cell>
    <Cell><Data ss:Type="String">2023-12-07 16:16:12.972351</Data></Cell>
   </Row>
   <Row>
    <Cell><Data ss:Type="String">2173</Data></Cell>
    <Cell><Data ss:Type="Number">0.47</Data></Cell>
    <Cell><Data ss:Type="Number">-10.29</Data></Cell>
    <Cell><Data ss:Type="Number">0.05</Data></Cell>
    <Cell><Data ss:Type="Number">-9.5299999999999994</Data></Cell>
    <Cell><Data ss:Type="Number">0.02</Data></Cell>
    <Cell><Data ss:Type="Number">-0.89</Data></Cell>
    <Cell><Data ss:Type="Number">22.7</Data></Cell>
    <Cell><Data ss:Type="Number">39.200000000000003</Data></Cell>
    <Cell><Data ss:Type="Number">0</Data></Cell>
    <Cell><Data ss:Type="Number">0</Data></Cell>
    <Cell><Data ss:Type="String">2023-12-07 16:16:12.970320</Data></Cell>
   </Row>
   <Row>
    <Cell><Data ss:Type="String">2172</Data></Cell>
    <Cell><Data ss:Type="Number">0.35</Data></Cell>
    <Cell><Data ss:Type="Number">-10.61</Data></Cell>
    <Cell><Data ss:Type="Number">0.21</Data></Cell>
    <Cell><Data ss:Type="Number">-9.33</Data></Cell>
    <Cell><Data ss:Type="Number">-0.15</Data></Cell>
    <Cell><Data ss:Type="Number">-0.95</Data></Cell>
    <Cell><Data ss:Type="Number">22.7</Data></Cell>
    <Cell><Data ss:Type="Number">39.200000000000003</Data></Cell>
    <Cell><Data ss:Type="Number">0</Data></Cell>
    <Cell><Data ss:Type="Number">0</Data></Cell>
    <Cell><Data ss:Type="String">2023-12-07 16:16:12.968203</Data></Cell>
   </Row>
   <Row>
    <Cell><Data ss:Type="String">2171</Data></Cell>
    <Cell><Data ss:Type="Number">0.23</Data></Cell>
    <Cell><Data ss:Type="Number">-10.18</Data></Cell>
    <Cell><Data ss:Type="Number">-0.04</Data></Cell>
    <Cell><Data ss:Type="Number">-9.49</Data></Cell>
    <Cell><Data ss:Type="Number">-0.04</Data></Cell>
    <Cell><Data ss:Type="Number">-0.88</Data></Cell>
    <Cell><Data ss:Type="Number">22.7</Data></Cell>
    <Cell><Data ss:Type="Number">39.200000000000003</Data></Cell>
    <Cell><Data ss:Type="Number">0</Data></Cell>
    <Cell><Data ss:Type="Number">0</Data></Cell>
    <Cell><Data ss:Type="String">2023-12-07 16:16:12.966561</Data></Cell>
   </Row>
   <Row>
    <Cell><Data ss:Type="String">2170</Data></Cell>
    <Cell><Data ss:Type="Number">0.43</Data></Cell>
    <Cell><Data ss:Type="Number">-9.83</Data></Cell>
    <Cell><Data ss:Type="Number">0.46</Data></Cell>
    <Cell><Data ss:Type="Number">-9.5</Data></Cell>
    <Cell><Data ss:Type="Number">-7.0000000000000007E-2</Data></Cell>
    <Cell><Data ss:Type="Number">-0.93</Data></Cell>
    <Cell><Data ss:Type="Number">22.7</Data></Cell>
    <Cell><Data ss:Type="Number">39.200000000000003</Data></Cell>
    <Cell><Data ss:Type="Number">0</Data></Cell>
    <Cell><Data ss:Type="Number">0</Data></Cell>
    <Cell><Data ss:Type="String">2023-12-07 16:16:12.964774</Data></Cell>
   </Row>
   <Row>
    <Cell><Data ss:Type="String">2169</Data></Cell>
    <Cell><Data ss:Type="Number">0.52</Data></Cell>
    <Cell><Data ss:Type="Number">-10.02</Data></Cell>
    <Cell><Data ss:Type="Number">0.23</Data></Cell>
    <Cell><Data ss:Type="Number">-9.51</Data></Cell>
    <Cell><Data ss:Type="Number">-0.08</Data></Cell>
    <Cell><Data ss:Type="Number">-0.87</Data></Cell>
    <Cell><Data ss:Type="Number">22.7</Data></Cell>
    <Cell><Data ss:Type="Number">39.200000000000003</Data></Cell>
    <Cell><Data ss:Type="Number">0</Data></Cell>
    <Cell><Data ss:Type="Number">0</Data></Cell>
    <Cell><Data ss:Type="String">2023-12-07 16:16:12.962806</Data></Cell>
   </Row>
   <Row>
    <Cell><Data ss:Type="String">2168</Data></Cell>
    <Cell><Data ss:Type="Number">0.44</Data></Cell>
    <Cell><Data ss:Type="Number">-9.67</Data></Cell>
    <Cell><Data ss:Type="Number">0.27</Data></Cell>
    <Cell><Data ss:Type="Number">-9.48</Data></Cell>
    <Cell><Data ss:Type="Number">-0.09</Data></Cell>
    <Cell><Data ss:Type="Number">-0.93</Data></Cell>
    <Cell><Data ss:Type="Number">22.7</Data></Cell>
    <Cell><Data ss:Type="Number">39.200000000000003</Data></Cell>
    <Cell><Data ss:Type="Number">0</Data></Cell>
    <Cell><Data ss:Type="Number">0</Data></Cell>
    <Cell><Data ss:Type="String">2023-12-07 16:16:12.735919</Data></Cell>
   </Row>
   <Row>
    <Cell><Data ss:Type="String">2167</Data></Cell>
    <Cell><Data ss:Type="Number">0.36</Data></Cell>
    <Cell><Data ss:Type="Number">-10.31</Data></Cell>
    <Cell><Data ss:Type="Number">0.44</Data></Cell>
    <Cell><Data ss:Type="Number">-9.59</Data></Cell>
    <Cell><Data ss:Type="Number">-0.04</Data></Cell>
    <Cell><Data ss:Type="Number">-0.87</Data></Cell>
    <Cell><Data ss:Type="Number">22.7</Data></Cell>
    <Cell><Data ss:Type="Number">39.200000000000003</Data></Cell>
    <Cell><Data ss:Type="Number">0</Data></Cell>
    <Cell><Data ss:Type="Number">0</Data></Cell>
    <Cell><Data ss:Type="String">2023-12-07 16:16:12.733933</Data></Cell>
   </Row>
   <Row>
    <Cell><Data ss:Type="String">2166</Data></Cell>
    <Cell><Data ss:Type="Number">0.32</Data></Cell>
    <Cell><Data ss:Type="Number">-9.3000000000000007</Data></Cell>
    <Cell><Data ss:Type="Number">-0.04</Data></Cell>
    <Cell><Data ss:Type="Number">-9.36</Data></Cell>
    <Cell><Data ss:Type="Number">-0.12</Data></Cell>
    <Cell><Data ss:Type="Number">-0.93</Data></Cell>
    <Cell><Data ss:Type="Number">22.7</Data></Cell>
    <Cell><Data ss:Type="Number">39.200000000000003</Data></Cell>
    <Cell><Data ss:Type="Number">0</Data></Cell>
    <Cell><Data ss:Type="Number">0</Data></Cell>
    <Cell><Data ss:Type="String">2023-12-07 16:16:12.666754</Data></Cell>
   </Row>
   <Row>
    <Cell><Data ss:Type="String">2165</Data></Cell>
    <Cell><Data ss:Type="Number">0.25</Data></Cell>
    <Cell><Data ss:Type="Number">-9.61</Data></Cell>
    <Cell><Data ss:Type="Number">0.3</Data></Cell>
    <Cell><Data ss:Type="Number">-9.4600000000000009</Data></Cell>
    <Cell><Data ss:Type="Number">-0.06</Data></Cell>
    <Cell><Data ss:Type="Number">-0.95</Data></Cell>
    <Cell><Data ss:Type="Number">22.7</Data></Cell>
    <Cell><Data ss:Type="Number">39.200000000000003</Data></Cell>
    <Cell><Data ss:Type="Number">0</Data></Cell>
    <Cell><Data ss:Type="Number">0</Data></Cell>
    <Cell><Data ss:Type="String">2023-12-07 16:16:12.622605</Data></Cell>
   </Row>
   <Row>
    <Cell><Data ss:Type="String">2164</Data></Cell>
    <Cell><Data ss:Type="Number">0.42</Data></Cell>
    <Cell><Data ss:Type="Number">-10.24</Data></Cell>
    <Cell><Data ss:Type="Number">0.15</Data></Cell>
    <Cell><Data ss:Type="Number">-9.58</Data></Cell>
    <Cell><Data ss:Type="Number">0.01</Data></Cell>
    <Cell><Data ss:Type="Number">-0.87</Data></Cell>
    <Cell><Data ss:Type="Number">22.7</Data></Cell>
    <Cell><Data ss:Type="Number">39.200000000000003</Data></Cell>
    <Cell><Data ss:Type="Number">0</Data></Cell>
    <Cell><Data ss:Type="Number">0</Data></Cell>
    <Cell><Data ss:Type="String">2023-12-07 16:16:12.619651</Data></Cell>
   </Row>
   <Row>
    <Cell><Data ss:Type="String">2163</Data></Cell>
    <Cell><Data ss:Type="Number">0.51</Data></Cell>
    <Cell><Data ss:Type="Number">-9.51</Data></Cell>
    <Cell><Data ss:Type="Number">0.13</Data></Cell>
    <Cell><Data ss:Type="Number">-9.49</Data></Cell>
    <Cell><Data ss:Type="Number">-0.01</Data></Cell>
    <Cell><Data ss:Type="Number">-0.96</Data></Cell>
    <Cell><Data ss:Type="Number">22.7</Data></Cell>
    <Cell><Data ss:Type="Number">39.200000000000003</Data></Cell>
    <Cell><Data ss:Type="Number">0</Data></Cell>
    <Cell><Data ss:Type="Number">0</Data></Cell>
    <Cell><Data ss:Type="String">2023-12-07 16:16:12.573735</Data></Cell>
   </Row>
   <Row>
    <Cell><Data ss:Type="String">2162</Data></Cell>
    <Cell><Data ss:Type="Number">0.06</Data></Cell>
    <Cell><Data ss:Type="Number">-9.9600000000000009</Data></Cell>
    <Cell><Data ss:Type="Number">0.12</Data></Cell>
    <Cell><Data ss:Type="Number">-9.5500000000000007</Data></Cell>
    <Cell><Data ss:Type="Number">-0.06</Data></Cell>
    <Cell><Data ss:Type="Number">-0.9</Data></Cell>
    <Cell><Data ss:Type="Number">22.7</Data></Cell>
    <Cell><Data ss:Type="Number">39.200000000000003</Data></Cell>
    <Cell><Data ss:Type="Number">0</Data></Cell>
    <Cell><Data ss:Type="Number">0</Data></Cell>
    <Cell><Data ss:Type="String">2023-12-07 16:16:12.528117</Data></Cell>
   </Row>
   <Row>
    <Cell><Data ss:Type="String">2161</Data></Cell>
    <Cell><Data ss:Type="Number">0.44</Data></Cell>
    <Cell><Data ss:Type="Number">-10.71</Data></Cell>
    <Cell><Data ss:Type="Number">0.15</Data></Cell>
    <Cell><Data ss:Type="Number">-9.6199999999999992</Data></Cell>
    <Cell><Data ss:Type="Number">-0.34</Data></Cell>
    <Cell><Data ss:Type="Number">-0.85</Data></Cell>
    <Cell><Data ss:Type="Number">22.7</Data></Cell>
    <Cell><Data ss:Type="Number">39.200000000000003</Data></Cell>
    <Cell><Data ss:Type="Number">0</Data></Cell>
    <Cell><Data ss:Type="Number">0</Data></Cell>
    <Cell><Data ss:Type="String">2023-12-07 16:16:12.485265</Data></Cell>
   </Row>
   <Row>
    <Cell><Data ss:Type="String">2160</Data></Cell>
    <Cell><Data ss:Type="Number">0.02</Data></Cell>
    <Cell><Data ss:Type="Number">-9.83</Data></Cell>
    <Cell><Data ss:Type="Number">0.01</Data></Cell>
    <Cell><Data ss:Type="Number">-9.4600000000000009</Data></Cell>
    <Cell><Data ss:Type="Number">0.24</Data></Cell>
    <Cell><Data ss:Type="Number">-0.98</Data></Cell>
    <Cell><Data ss:Type="Number">22.7</Data></Cell>
    <Cell><Data ss:Type="Number">39.200000000000003</Data></Cell>
    <Cell><Data ss:Type="Number">0</Data></Cell>
    <Cell><Data ss:Type="Number">0</Data></Cell>
    <Cell><Data ss:Type="String">2023-12-07 16:16:12.482838</Data></Cell>
   </Row>
   <Row>
    <Cell><Data ss:Type="String">2159</Data></Cell>
    <Cell><Data ss:Type="Number">-0.37</Data></Cell>
    <Cell><Data ss:Type="Number">-9.86</Data></Cell>
    <Cell><Data ss:Type="Number">-0.53</Data></Cell>
    <Cell><Data ss:Type="Number">-9.49</Data></Cell>
    <Cell><Data ss:Type="Number">0.21</Data></Cell>
    <Cell><Data ss:Type="Number">-0.97</Data></Cell>
    <Cell><Data ss:Type="Number">22.7</Data></Cell>
    <Cell><Data ss:Type="Number">39.200000000000003</Data></Cell>
    <Cell><Data ss:Type="Number">0</Data></Cell>
    <Cell><Data ss:Type="Number">0</Data></Cell>
    <Cell><Data ss:Type="String">2023-12-07 16:16:12.437222</Data></Cell>
   </Row>
   <Row>
    <Cell><Data ss:Type="String">2158</Data></Cell>
    <Cell><Data ss:Type="Number">-0.26</Data></Cell>
    <Cell><Data ss:Type="Number">-9.9700000000000006</Data></Cell>
    <Cell><Data ss:Type="Number">0.79</Data></Cell>
    <Cell><Data ss:Type="Number">-9.48</Data></Cell>
    <Cell><Data ss:Type="Number">-0.4</Data></Cell>
    <Cell><Data ss:Type="Number">-0.85</Data></Cell>
    <Cell><Data ss:Type="Number">22.7</Data></Cell>
    <Cell><Data ss:Type="Number">39.200000000000003</Data></Cell>
    <Cell><Data ss:Type="Number">0</Data></Cell>
    <Cell><Data ss:Type="Number">0</Data></Cell>
    <Cell><Data ss:Type="String">2023-12-07 16:16:12.390147</Data></Cell>
   </Row>
   <Row>
    <Cell><Data ss:Type="String">2157</Data></Cell>
    <Cell><Data ss:Type="Number">1.26</Data></Cell>
    <Cell><Data ss:Type="Number">-10.3</Data></Cell>
    <Cell><Data ss:Type="Number">-0.08</Data></Cell>
    <Cell><Data ss:Type="Number">-9.5</Data></Cell>
    <Cell><Data ss:Type="Number">-0.69</Data></Cell>
    <Cell><Data ss:Type="Number">-0.96</Data></Cell>
    <Cell><Data ss:Type="Number">22.7</Data></Cell>
    <Cell><Data ss:Type="Number">39.200000000000003</Data></Cell>
    <Cell><Data ss:Type="Number">0</Data></Cell>
    <Cell><Data ss:Type="Number">0</Data></Cell>
    <Cell><Data ss:Type="String">2023-12-07 16:16:12.346967</Data></Cell>
   </Row>
   <Row>
    <Cell><Data ss:Type="String">2156</Data></Cell>
    <Cell><Data ss:Type="Number">-1.79</Data></Cell>
    <Cell><Data ss:Type="Number">-10.32</Data></Cell>
    <Cell><Data ss:Type="Number">-1.07</Data></Cell>
    <Cell><Data ss:Type="Number">-9.34</Data></Cell>
    <Cell><Data ss:Type="Number">1.35</Data></Cell>
    <Cell><Data ss:Type="Number">-0.82</Data></Cell>
    <Cell><Data ss:Type="Number">22.7</Data></Cell>
    <Cell><Data ss:Type="Number">39.200000000000003</Data></Cell>
    <Cell><Data ss:Type="Number">0</Data></Cell>
    <Cell><Data ss:Type="Number">0</Data></Cell>
    <Cell><Data ss:Type="String">2023-12-07 16:16:12.345271</Data></Cell>
   </Row>
   <Row>
    <Cell><Data ss:Type="String">2155</Data></Cell>
    <Cell><Data ss:Type="Number">0.93</Data></Cell>
    <Cell><Data ss:Type="Number">-9.58</Data></Cell>
    <Cell><Data ss:Type="Number">-0.76</Data></Cell>
    <Cell><Data ss:Type="Number">-10.37</Data></Cell>
    <Cell><Data ss:Type="Number">1.38</Data></Cell>
    <Cell><Data ss:Type="Number">-1.5</Data></Cell>
    <Cell><Data ss:Type="Number">22.7</Data></Cell>
    <Cell><Data ss:Type="Number">39.200000000000003</Data></Cell>
    <Cell><Data ss:Type="Number">0</Data></Cell>
    <Cell><Data ss:Type="Number">0</Data></Cell>
    <Cell><Data ss:Type="String">2023-12-07 16:16:12.298427</Data></Cell>
   </Row>
   <Row>
    <Cell><Data ss:Type="String">2154</Data></Cell>
    <Cell><Data ss:Type="Number">0.25</Data></Cell>
    <Cell><Data ss:Type="Number">-10.02</Data></Cell>
    <Cell><Data ss:Type="Number">-0.01</Data></Cell>
    <Cell><Data ss:Type="Number">-9.5</Data></Cell>
    <Cell><Data ss:Type="Number">-0.09</Data></Cell>
    <Cell><Data ss:Type="Number">-0.92</Data></Cell>
    <Cell><Data ss:Type="Number">22.7</Data></Cell>
    <Cell><Data ss:Type="Number">39.200000000000003</Data></Cell>
    <Cell><Data ss:Type="Number">0</Data></Cell>
    <Cell><Data ss:Type="Number">0</Data></Cell>
    <Cell><Data ss:Type="String">2023-12-07 16:16:12.256036</Data></Cell>
   </Row>
   <Row>
    <Cell><Data ss:Type="String">2153</Data></Cell>
    <Cell><Data ss:Type="Number">0.24</Data></Cell>
    <Cell><Data ss:Type="Number">-10.210000000000001</Data></Cell>
    <Cell><Data ss:Type="Number">0.23</Data></Cell>
    <Cell><Data ss:Type="Number">-9.5399999999999991</Data></Cell>
    <Cell><Data ss:Type="Number">-0.06</Data></Cell>
    <Cell><Data ss:Type="Number">-0.86</Data></Cell>
    <Cell><Data ss:Type="Number">22.7</Data></Cell>
    <Cell><Data ss:Type="Number">39.200000000000003</Data></Cell>
    <Cell><Data ss:Type="Number">0</Data></Cell>
    <Cell><Data ss:Type="Number">0</Data></Cell>
    <Cell><Data ss:Type="String">2023-12-07 16:16:12.253469</Data></Cell>
   </Row>
   <Row>
    <Cell><Data ss:Type="String">2152</Data></Cell>
    <Cell><Data ss:Type="Number">0.24</Data></Cell>
    <Cell><Data ss:Type="Number">-10.220000000000001</Data></Cell>
    <Cell><Data ss:Type="Number">0.28999999999999998</Data></Cell>
    <Cell><Data ss:Type="Number">-9.42</Data></Cell>
    <Cell><Data ss:Type="Number">-0.06</Data></Cell>
    <Cell><Data ss:Type="Number">-0.91</Data></Cell>
    <Cell><Data ss:Type="Number">22.7</Data></Cell>
    <Cell><Data ss:Type="Number">39.200000000000003</Data></Cell>
    <Cell><Data ss:Type="Number">0</Data></Cell>
    <Cell><Data ss:Type="Number">0</Data></Cell>
    <Cell><Data ss:Type="String">2023-12-07 16:16:12.206679</Data></Cell>
   </Row>
   <Row>
    <Cell><Data ss:Type="String">2151</Data></Cell>
    <Cell><Data ss:Type="Number">0.25</Data></Cell>
    <Cell><Data ss:Type="Number">-9.9700000000000006</Data></Cell>
    <Cell><Data ss:Type="Number">0.06</Data></Cell>
    <Cell><Data ss:Type="Number">-9.43</Data></Cell>
    <Cell><Data ss:Type="Number">-0.06</Data></Cell>
    <Cell><Data ss:Type="Number">-0.94</Data></Cell>
    <Cell><Data ss:Type="Number">22.7</Data></Cell>
    <Cell><Data ss:Type="Number">39.200000000000003</Data></Cell>
    <Cell><Data ss:Type="Number">0</Data></Cell>
    <Cell><Data ss:Type="Number">0</Data></Cell>
    <Cell><Data ss:Type="String">2023-12-07 16:16:12.159591</Data></Cell>
   </Row>
   <Row>
    <Cell><Data ss:Type="String">2150</Data></Cell>
    <Cell><Data ss:Type="Number">0.28000000000000003</Data></Cell>
    <Cell><Data ss:Type="Number">-9.98</Data></Cell>
    <Cell><Data ss:Type="Number">0.08</Data></Cell>
    <Cell><Data ss:Type="Number">-9.51</Data></Cell>
    <Cell><Data ss:Type="Number">-0.09</Data></Cell>
    <Cell><Data ss:Type="Number">-0.96</Data></Cell>
    <Cell><Data ss:Type="Number">22.7</Data></Cell>
    <Cell><Data ss:Type="Number">39.200000000000003</Data></Cell>
    <Cell><Data ss:Type="Number">0</Data></Cell>
    <Cell><Data ss:Type="Number">0</Data></Cell>
    <Cell><Data ss:Type="String">2023-12-07 16:16:12.119900</Data></Cell>
   </Row>
   <Row>
    <Cell><Data ss:Type="String">2149</Data></Cell>
    <Cell><Data ss:Type="Number">0.3</Data></Cell>
    <Cell><Data ss:Type="Number">-10.17</Data></Cell>
    <Cell><Data ss:Type="Number">0.16</Data></Cell>
    <Cell><Data ss:Type="Number">-9.5299999999999994</Data></Cell>
    <Cell><Data ss:Type="Number">-0.08</Data></Cell>
    <Cell><Data ss:Type="Number">-0.89</Data></Cell>
    <Cell><Data ss:Type="Number">22.7</Data></Cell>
    <Cell><Data ss:Type="Number">39.200000000000003</Data></Cell>
    <Cell><Data ss:Type="Number">0</Data></Cell>
    <Cell><Data ss:Type="Number">0</Data></Cell>
    <Cell><Data ss:Type="String">2023-12-07 16:16:12.117793</Data></Cell>
   </Row>
   <Row>
    <Cell><Data ss:Type="String">2148</Data></Cell>
    <Cell><Data ss:Type="Number">0.32</Data></Cell>
    <Cell><Data ss:Type="Number">-10.18</Data></Cell>
    <Cell><Data ss:Type="Number">0.32</Data></Cell>
    <Cell><Data ss:Type="Number">-9.48</Data></Cell>
    <Cell><Data ss:Type="Number">-0.08</Data></Cell>
    <Cell><Data ss:Type="Number">-0.9</Data></Cell>
    <Cell><Data ss:Type="Number">22.7</Data></Cell>
    <Cell><Data ss:Type="Number">39.200000000000003</Data></Cell>
    <Cell><Data ss:Type="Number">0</Data></Cell>
    <Cell><Data ss:Type="Number">0</Data></Cell>
    <Cell><Data ss:Type="String">2023-12-07 16:16:12.068862</Data></Cell>
   </Row>
   <Row>
    <Cell><Data ss:Type="String">2147</Data></Cell>
    <Cell><Data ss:Type="Number">0.25</Data></Cell>
    <Cell><Data ss:Type="Number">-9.99</Data></Cell>
    <Cell><Data ss:Type="Number">0.1</Data></Cell>
    <Cell><Data ss:Type="Number">-9.44</Data></Cell>
    <Cell><Data ss:Type="Number">-0.06</Data></Cell>
    <Cell><Data ss:Type="Number">-0.94</Data></Cell>
    <Cell><Data ss:Type="Number">22.7</Data></Cell>
    <Cell><Data ss:Type="Number">39.200000000000003</Data></Cell>
    <Cell><Data ss:Type="Number">0</Data></Cell>
    <Cell><Data ss:Type="Number">0</Data></Cell>
    <Cell><Data ss:Type="String">2023-12-07 16:16:12.025071</Data></Cell>
   </Row>
   <Row>
    <Cell><Data ss:Type="String">2146</Data></Cell>
    <Cell><Data ss:Type="Number">0.27</Data></Cell>
    <Cell><Data ss:Type="Number">-9.9700000000000006</Data></Cell>
    <Cell><Data ss:Type="Number">0.1</Data></Cell>
    <Cell><Data ss:Type="Number">-9.4499999999999993</Data></Cell>
    <Cell><Data ss:Type="Number">-0.06</Data></Cell>
    <Cell><Data ss:Type="Number">-0.95</Data></Cell>
    <Cell><Data ss:Type="Number">22.7</Data></Cell>
    <Cell><Data ss:Type="Number">39.200000000000003</Data></Cell>
    <Cell><Data ss:Type="Number">0</Data></Cell>
    <Cell><Data ss:Type="Number">0</Data></Cell>
    <Cell><Data ss:Type="String">2023-12-07 16:16:12.023097</Data></Cell>
   </Row>
   <Row>
    <Cell><Data ss:Type="String">2145</Data></Cell>
    <Cell><Data ss:Type="Number">0.33</Data></Cell>
    <Cell><Data ss:Type="Number">-10.02</Data></Cell>
    <Cell><Data ss:Type="Number">0.06</Data></Cell>
    <Cell><Data ss:Type="Number">-9.5</Data></Cell>
    <Cell><Data ss:Type="Number">-0.06</Data></Cell>
    <Cell><Data ss:Type="Number">-0.93</Data></Cell>
    <Cell><Data ss:Type="Number">22.7</Data></Cell>
    <Cell><Data ss:Type="Number">39.200000000000003</Data></Cell>
    <Cell><Data ss:Type="Number">0</Data></Cell>
    <Cell><Data ss:Type="Number">0</Data></Cell>
    <Cell><Data ss:Type="String">2023-12-07 16:16:12.020433</Data></Cell>
   </Row>
   <Row>
    <Cell><Data ss:Type="String">2144</Data></Cell>
    <Cell><Data ss:Type="Number">0.32</Data></Cell>
    <Cell><Data ss:Type="Number">-10.050000000000001</Data></Cell>
    <Cell><Data ss:Type="Number">0.11</Data></Cell>
    <Cell><Data ss:Type="Number">-9.5399999999999991</Data></Cell>
    <Cell><Data ss:Type="Number">-0.08</Data></Cell>
    <Cell><Data ss:Type="Number">-0.91</Data></Cell>
    <Cell><Data ss:Type="Number">22.7</Data></Cell>
    <Cell><Data ss:Type="Number">39.200000000000003</Data></Cell>
    <Cell><Data ss:Type="Number">0</Data></Cell>
    <Cell><Data ss:Type="Number">0</Data></Cell>
    <Cell><Data ss:Type="String">2023-12-07 16:16:12.018321</Data></Cell>
   </Row>
   <Row>
    <Cell><Data ss:Type="String">2143</Data></Cell>
    <Cell><Data ss:Type="Number">0.25</Data></Cell>
    <Cell><Data ss:Type="Number">-10.130000000000001</Data></Cell>
    <Cell><Data ss:Type="Number">0.18</Data></Cell>
    <Cell><Data ss:Type="Number">-9.5</Data></Cell>
    <Cell><Data ss:Type="Number">-0.08</Data></Cell>
    <Cell><Data ss:Type="Number">-0.88</Data></Cell>
    <Cell><Data ss:Type="Number">22.7</Data></Cell>
    <Cell><Data ss:Type="Number">39.200000000000003</Data></Cell>
    <Cell><Data ss:Type="Number">0</Data></Cell>
    <Cell><Data ss:Type="Number">0</Data></Cell>
    <Cell><Data ss:Type="String">2023-12-07 16:16:12.016822</Data></Cell>
   </Row>
   <Row>
    <Cell><Data ss:Type="String">2142</Data></Cell>
    <Cell><Data ss:Type="Number">0.33</Data></Cell>
    <Cell><Data ss:Type="Number">-10.02</Data></Cell>
    <Cell><Data ss:Type="Number">0.16</Data></Cell>
    <Cell><Data ss:Type="Number">-9.44</Data></Cell>
    <Cell><Data ss:Type="Number">-0.06</Data></Cell>
    <Cell><Data ss:Type="Number">-0.91</Data></Cell>
    <Cell><Data ss:Type="Number">22.7</Data></Cell>
    <Cell><Data ss:Type="Number">39.200000000000003</Data></Cell>
    <Cell><Data ss:Type="Number">0</Data></Cell>
    <Cell><Data ss:Type="Number">0</Data></Cell>
    <Cell><Data ss:Type="String">2023-12-07 16:16:12.015304</Data></Cell>
   </Row>
   <Row>
    <Cell><Data ss:Type="String">2141</Data></Cell>
    <Cell><Data ss:Type="Number">0.33</Data></Cell>
    <Cell><Data ss:Type="Number">-10.01</Data></Cell>
    <Cell><Data ss:Type="Number">0.11</Data></Cell>
    <Cell><Data ss:Type="Number">-9.43</Data></Cell>
    <Cell><Data ss:Type="Number">-7.0000000000000007E-2</Data></Cell>
    <Cell><Data ss:Type="Number">-0.93</Data></Cell>
    <Cell><Data ss:Type="Number">22.7</Data></Cell>
    <Cell><Data ss:Type="Number">39.200000000000003</Data></Cell>
    <Cell><Data ss:Type="Number">0</Data></Cell>
    <Cell><Data ss:Type="Number">0</Data></Cell>
    <Cell><Data ss:Type="String">2023-12-07 16:16:12.013539</Data></Cell>
   </Row>
   <Row>
    <Cell><Data ss:Type="String">2140</Data></Cell>
    <Cell><Data ss:Type="Number">0.4</Data></Cell>
    <Cell><Data ss:Type="Number">-10.09</Data></Cell>
    <Cell><Data ss:Type="Number">0.14000000000000001</Data></Cell>
    <Cell><Data ss:Type="Number">-9.5</Data></Cell>
    <Cell><Data ss:Type="Number">-7.0000000000000007E-2</Data></Cell>
    <Cell><Data ss:Type="Number">-0.93</Data></Cell>
    <Cell><Data ss:Type="Number">22.7</Data></Cell>
    <Cell><Data ss:Type="Number">39.200000000000003</Data></Cell>
    <Cell><Data ss:Type="Number">0</Data></Cell>
    <Cell><Data ss:Type="Number">0</Data></Cell>
    <Cell><Data ss:Type="String">2023-12-07 16:16:11.778197</Data></Cell>
   </Row>
   <Row>
    <Cell><Data ss:Type="String">2139</Data></Cell>
    <Cell><Data ss:Type="Number">0.27</Data></Cell>
    <Cell><Data ss:Type="Number">-10.17</Data></Cell>
    <Cell><Data ss:Type="Number">0.17</Data></Cell>
    <Cell><Data ss:Type="Number">-9.5299999999999994</Data></Cell>
    <Cell><Data ss:Type="Number">-0.08</Data></Cell>
    <Cell><Data ss:Type="Number">-0.91</Data></Cell>
    <Cell><Data ss:Type="Number">22.7</Data></Cell>
    <Cell><Data ss:Type="Number">39.200000000000003</Data></Cell>
    <Cell><Data ss:Type="Number">0</Data></Cell>
    <Cell><Data ss:Type="Number">0</Data></Cell>
    <Cell><Data ss:Type="String">2023-12-07 16:16:11.776498</Data></Cell>
   </Row>
   <Row>
    <Cell><Data ss:Type="String">2138</Data></Cell>
    <Cell><Data ss:Type="Number">0.26</Data></Cell>
    <Cell><Data ss:Type="Number">-10.119999999999999</Data></Cell>
    <Cell><Data ss:Type="Number">0.19</Data></Cell>
    <Cell><Data ss:Type="Number">-9.48</Data></Cell>
    <Cell><Data ss:Type="Number">-7.0000000000000007E-2</Data></Cell>
    <Cell><Data ss:Type="Number">-0.91</Data></Cell>
    <Cell><Data ss:Type="Number">22.7</Data></Cell>
    <Cell><Data ss:Type="Number">39.200000000000003</Data></Cell>
    <Cell><Data ss:Type="Number">0</Data></Cell>
    <Cell><Data ss:Type="Number">0</Data></Cell>
    <Cell><Data ss:Type="String">2023-12-07 16:16:11.733400</Data></Cell>
   </Row>
   <Row>
    <Cell><Data ss:Type="String">2137</Data></Cell>
    <Cell><Data ss:Type="Number">0.23</Data></Cell>
    <Cell><Data ss:Type="Number">-9.9700000000000006</Data></Cell>
    <Cell><Data ss:Type="Number">0.11</Data></Cell>
    <Cell><Data ss:Type="Number">-9.42</Data></Cell>
    <Cell><Data ss:Type="Number">-0.05</Data></Cell>
    <Cell><Data ss:Type="Number">-0.92</Data></Cell>
    <Cell><Data ss:Type="Number">22.7</Data></Cell>
    <Cell><Data ss:Type="Number">39.200000000000003</Data></Cell>
    <Cell><Data ss:Type="Number">0</Data></Cell>
    <Cell><Data ss:Type="Number">0</Data></Cell>
    <Cell><Data ss:Type="String">2023-12-07 16:16:11.731550</Data></Cell>
   </Row>
   <Row>
    <Cell><Data ss:Type="String">2136</Data></Cell>
    <Cell><Data ss:Type="Number">0.28999999999999998</Data></Cell>
    <Cell><Data ss:Type="Number">-9.98</Data></Cell>
    <Cell><Data ss:Type="Number">7.0000000000000007E-2</Data></Cell>
    <Cell><Data ss:Type="Number">-9.42</Data></Cell>
    <Cell><Data ss:Type="Number">-0.06</Data></Cell>
    <Cell><Data ss:Type="Number">-0.95</Data></Cell>
    <Cell><Data ss:Type="Number">22.7</Data></Cell>
    <Cell><Data ss:Type="Number">39.200000000000003</Data></Cell>
    <Cell><Data ss:Type="Number">0</Data></Cell>
    <Cell><Data ss:Type="Number">0</Data></Cell>
    <Cell><Data ss:Type="String">2023-12-07 16:16:11.728887</Data></Cell>
   </Row>
   <Row>
    <Cell><Data ss:Type="String">2135</Data></Cell>
    <Cell><Data ss:Type="Number">0.42</Data></Cell>
    <Cell><Data ss:Type="Number">-9.91</Data></Cell>
    <Cell><Data ss:Type="Number">0.11</Data></Cell>
    <Cell><Data ss:Type="Number">-9.48</Data></Cell>
    <Cell><Data ss:Type="Number">-7.0000000000000007E-2</Data></Cell>
    <Cell><Data ss:Type="Number">-0.93</Data></Cell>
    <Cell><Data ss:Type="Number">22.7</Data></Cell>
    <Cell><Data ss:Type="Number">39.200000000000003</Data></Cell>
    <Cell><Data ss:Type="Number">0</Data></Cell>
    <Cell><Data ss:Type="Number">0</Data></Cell>
    <Cell><Data ss:Type="String">2023-12-07 16:16:11.727138</Data></Cell>
   </Row>
   <Row>
    <Cell><Data ss:Type="String">2134</Data></Cell>
    <Cell><Data ss:Type="Number">0.32</Data></Cell>
    <Cell><Data ss:Type="Number">-10.24</Data></Cell>
    <Cell><Data ss:Type="Number">0.18</Data></Cell>
    <Cell><Data ss:Type="Number">-9.5299999999999994</Data></Cell>
    <Cell><Data ss:Type="Number">-0.08</Data></Cell>
    <Cell><Data ss:Type="Number">-0.9</Data></Cell>
    <Cell><Data ss:Type="Number">22.7</Data></Cell>
    <Cell><Data ss:Type="Number">39.200000000000003</Data></Cell>
    <Cell><Data ss:Type="Number">0</Data></Cell>
    <Cell><Data ss:Type="Number">0</Data></Cell>
    <Cell><Data ss:Type="String">2023-12-07 16:16:11.725653</Data></Cell>
   </Row>
   <Row>
    <Cell><Data ss:Type="String">2133</Data></Cell>
    <Cell><Data ss:Type="Number">7.0000000000000007E-2</Data></Cell>
    <Cell><Data ss:Type="Number">-10.220000000000001</Data></Cell>
    <Cell><Data ss:Type="Number">0.2</Data></Cell>
    <Cell><Data ss:Type="Number">-9.52</Data></Cell>
    <Cell><Data ss:Type="Number">-0.08</Data></Cell>
    <Cell><Data ss:Type="Number">-0.88</Data></Cell>
    <Cell><Data ss:Type="Number">22.7</Data></Cell>
    <Cell><Data ss:Type="Number">39.200000000000003</Data></Cell>
    <Cell><Data ss:Type="Number">0</Data></Cell>
    <Cell><Data ss:Type="Number">0</Data></Cell>
    <Cell><Data ss:Type="String">2023-12-07 16:16:11.724124</Data></Cell>
   </Row>
   <Row>
    <Cell><Data ss:Type="String">2132</Data></Cell>
    <Cell><Data ss:Type="Number">0.25</Data></Cell>
    <Cell><Data ss:Type="Number">-9.9600000000000009</Data></Cell>
    <Cell><Data ss:Type="Number">0.13</Data></Cell>
    <Cell><Data ss:Type="Number">-9.42</Data></Cell>
    <Cell><Data ss:Type="Number">-0.04</Data></Cell>
    <Cell><Data ss:Type="Number">-0.93</Data></Cell>
    <Cell><Data ss:Type="Number">22.7</Data></Cell>
    <Cell><Data ss:Type="Number">39.200000000000003</Data></Cell>
    <Cell><Data ss:Type="Number">0</Data></Cell>
    <Cell><Data ss:Type="Number">0</Data></Cell>
    <Cell><Data ss:Type="String">2023-12-07 16:16:11.721893</Data></Cell>
   </Row>
   <Row>
    <Cell><Data ss:Type="String">2131</Data></Cell>
    <Cell><Data ss:Type="Number">0.28999999999999998</Data></Cell>
    <Cell><Data ss:Type="Number">-9.98</Data></Cell>
    <Cell><Data ss:Type="Number">7.0000000000000007E-2</Data></Cell>
    <Cell><Data ss:Type="Number">-9.43</Data></Cell>
    <Cell><Data ss:Type="Number">-0.06</Data></Cell>
    <Cell><Data ss:Type="Number">-0.95</Data></Cell>
    <Cell><Data ss:Type="Number">22.7</Data></Cell>
    <Cell><Data ss:Type="Number">39.200000000000003</Data></Cell>
    <Cell><Data ss:Type="Number">0</Data></Cell>
    <Cell><Data ss:Type="Number">0</Data></Cell>
    <Cell><Data ss:Type="String">2023-12-07 16:16:11.487398</Data></Cell>
   </Row>
   <Row>
    <Cell><Data ss:Type="String">2130</Data></Cell>
    <Cell><Data ss:Type="Number">0.3</Data></Cell>
    <Cell><Data ss:Type="Number">-9.99</Data></Cell>
    <Cell><Data ss:Type="Number">0.12</Data></Cell>
    <Cell><Data ss:Type="Number">-9.4499999999999993</Data></Cell>
    <Cell><Data ss:Type="Number">-7.0000000000000007E-2</Data></Cell>
    <Cell><Data ss:Type="Number">-0.96</Data></Cell>
    <Cell><Data ss:Type="Number">22.7</Data></Cell>
    <Cell><Data ss:Type="Number">39.200000000000003</Data></Cell>
    <Cell><Data ss:Type="Number">0</Data></Cell>
    <Cell><Data ss:Type="Number">0</Data></Cell>
    <Cell><Data ss:Type="String">2023-12-07 16:16:11.484930</Data></Cell>
   </Row>
   <Row>
    <Cell><Data ss:Type="String">2129</Data></Cell>
    <Cell><Data ss:Type="Number">0.23</Data></Cell>
    <Cell><Data ss:Type="Number">-9.93</Data></Cell>
    <Cell><Data ss:Type="Number">0.06</Data></Cell>
    <Cell><Data ss:Type="Number">-9.42</Data></Cell>
    <Cell><Data ss:Type="Number">-7.0000000000000007E-2</Data></Cell>
    <Cell><Data ss:Type="Number">-0.91</Data></Cell>
    <Cell><Data ss:Type="Number">22.7</Data></Cell>
    <Cell><Data ss:Type="Number">39.200000000000003</Data></Cell>
    <Cell><Data ss:Type="Number">0</Data></Cell>
    <Cell><Data ss:Type="Number">0</Data></Cell>
    <Cell><Data ss:Type="String">2023-12-07 16:16:11.439315</Data></Cell>
   </Row>
   <Row>
    <Cell><Data ss:Type="String">2128</Data></Cell>
    <Cell><Data ss:Type="Number">0.24</Data></Cell>
    <Cell><Data ss:Type="Number">-9.9600000000000009</Data></Cell>
    <Cell><Data ss:Type="Number">0.13</Data></Cell>
    <Cell><Data ss:Type="Number">-9.4499999999999993</Data></Cell>
    <Cell><Data ss:Type="Number">-0.05</Data></Cell>
    <Cell><Data ss:Type="Number">-0.9</Data></Cell>
    <Cell><Data ss:Type="Number">22.7</Data></Cell>
    <Cell><Data ss:Type="Number">39.200000000000003</Data></Cell>
    <Cell><Data ss:Type="Number">0</Data></Cell>
    <Cell><Data ss:Type="Number">0</Data></Cell>
    <Cell><Data ss:Type="String">2023-12-07 16:16:11.389156</Data></Cell>
   </Row>
   <Row>
    <Cell><Data ss:Type="String">2127</Data></Cell>
    <Cell><Data ss:Type="Number">0.32</Data></Cell>
    <Cell><Data ss:Type="Number">-10.11</Data></Cell>
    <Cell><Data ss:Type="Number">7.0000000000000007E-2</Data></Cell>
    <Cell><Data ss:Type="Number">-9.5399999999999991</Data></Cell>
    <Cell><Data ss:Type="Number">-0.09</Data></Cell>
    <Cell><Data ss:Type="Number">-0.92</Data></Cell>
    <Cell><Data ss:Type="Number">22.7</Data></Cell>
    <Cell><Data ss:Type="Number">39.200000000000003</Data></Cell>
    <Cell><Data ss:Type="Number">0</Data></Cell>
    <Cell><Data ss:Type="Number">0</Data></Cell>
    <Cell><Data ss:Type="String">2023-12-07 16:16:11.386518</Data></Cell>
   </Row>
   <Row>
    <Cell><Data ss:Type="String">2126</Data></Cell>
    <Cell><Data ss:Type="Number">0.28000000000000003</Data></Cell>
    <Cell><Data ss:Type="Number">-10.220000000000001</Data></Cell>
    <Cell><Data ss:Type="Number">0.21</Data></Cell>
    <Cell><Data ss:Type="Number">-9.5</Data></Cell>
    <Cell><Data ss:Type="Number">-0.06</Data></Cell>
    <Cell><Data ss:Type="Number">-0.89</Data></Cell>
    <Cell><Data ss:Type="Number">22.7</Data></Cell>
    <Cell><Data ss:Type="Number">39.200000000000003</Data></Cell>
    <Cell><Data ss:Type="Number">0</Data></Cell>
    <Cell><Data ss:Type="Number">0</Data></Cell>
    <Cell><Data ss:Type="String">2023-12-07 16:16:11.384339</Data></Cell>
   </Row>
   <Row>
    <Cell><Data ss:Type="String">2125</Data></Cell>
    <Cell><Data ss:Type="Number">0.28999999999999998</Data></Cell>
    <Cell><Data ss:Type="Number">-10.11</Data></Cell>
    <Cell><Data ss:Type="Number">0.16</Data></Cell>
    <Cell><Data ss:Type="Number">-9.4600000000000009</Data></Cell>
    <Cell><Data ss:Type="Number">-7.0000000000000007E-2</Data></Cell>
    <Cell><Data ss:Type="Number">-0.91</Data></Cell>
    <Cell><Data ss:Type="Number">22.7</Data></Cell>
    <Cell><Data ss:Type="Number">39.200000000000003</Data></Cell>
    <Cell><Data ss:Type="Number">0</Data></Cell>
    <Cell><Data ss:Type="Number">0</Data></Cell>
    <Cell><Data ss:Type="String">2023-12-07 16:16:11.382526</Data></Cell>
   </Row>
   <Row>
    <Cell><Data ss:Type="String">2124</Data></Cell>
    <Cell><Data ss:Type="Number">0.31</Data></Cell>
    <Cell><Data ss:Type="Number">-10.01</Data></Cell>
    <Cell><Data ss:Type="Number">0.1</Data></Cell>
    <Cell><Data ss:Type="Number">-9.43</Data></Cell>
    <Cell><Data ss:Type="Number">-0.03</Data></Cell>
    <Cell><Data ss:Type="Number">-0.94</Data></Cell>
    <Cell><Data ss:Type="Number">22.7</Data></Cell>
    <Cell><Data ss:Type="Number">39.200000000000003</Data></Cell>
    <Cell><Data ss:Type="Number">0</Data></Cell>
    <Cell><Data ss:Type="Number">0</Data></Cell>
    <Cell><Data ss:Type="String">2023-12-07 16:16:11.380706</Data></Cell>
   </Row>
   <Row>
    <Cell><Data ss:Type="String">2123</Data></Cell>
    <Cell><Data ss:Type="Number">0.27</Data></Cell>
    <Cell><Data ss:Type="Number">-10.06</Data></Cell>
    <Cell><Data ss:Type="Number">0.11</Data></Cell>
    <Cell><Data ss:Type="Number">-9.4499999999999993</Data></Cell>
    <Cell><Data ss:Type="Number">-0.08</Data></Cell>
    <Cell><Data ss:Type="Number">-0.92</Data></Cell>
    <Cell><Data ss:Type="Number">22.7</Data></Cell>
    <Cell><Data ss:Type="Number">39.200000000000003</Data></Cell>
    <Cell><Data ss:Type="Number">0</Data></Cell>
    <Cell><Data ss:Type="Number">0</Data></Cell>
    <Cell><Data ss:Type="String">2023-12-07 16:16:11.378981</Data></Cell>
   </Row>
   <Row>
    <Cell><Data ss:Type="String">2122</Data></Cell>
    <Cell><Data ss:Type="Number">0.31</Data></Cell>
    <Cell><Data ss:Type="Number">-10.09</Data></Cell>
    <Cell><Data ss:Type="Number">0.09</Data></Cell>
    <Cell><Data ss:Type="Number">-9.5500000000000007</Data></Cell>
    <Cell><Data ss:Type="Number">-0.06</Data></Cell>
    <Cell><Data ss:Type="Number">-0.93</Data></Cell>
    <Cell><Data ss:Type="Number">22.7</Data></Cell>
    <Cell><Data ss:Type="Number">39.200000000000003</Data></Cell>
    <Cell><Data ss:Type="Number">0</Data></Cell>
    <Cell><Data ss:Type="Number">0</Data></Cell>
    <Cell><Data ss:Type="String">2023-12-07 16:16:11.376874</Data></Cell>
   </Row>
   <Row>
    <Cell><Data ss:Type="String">2121</Data></Cell>
    <Cell><Data ss:Type="Number">0.34</Data></Cell>
    <Cell><Data ss:Type="Number">-10.15</Data></Cell>
    <Cell><Data ss:Type="Number">0.23</Data></Cell>
    <Cell><Data ss:Type="Number">-9.5399999999999991</Data></Cell>
    <Cell><Data ss:Type="Number">-0.11</Data></Cell>
    <Cell><Data ss:Type="Number">-0.86</Data></Cell>
    <Cell><Data ss:Type="Number">22.7</Data></Cell>
    <Cell><Data ss:Type="Number">39.200000000000003</Data></Cell>
    <Cell><Data ss:Type="Number">0</Data></Cell>
    <Cell><Data ss:Type="Number">0</Data></Cell>
    <Cell><Data ss:Type="String">2023-12-07 16:16:11.130269</Data></Cell>
   </Row>
   <Row>
    <Cell><Data ss:Type="String">2120</Data></Cell>
    <Cell><Data ss:Type="Number">0.27</Data></Cell>
    <Cell><Data ss:Type="Number">-10.06</Data></Cell>
    <Cell><Data ss:Type="Number">0.18</Data></Cell>
    <Cell><Data ss:Type="Number">-9.4499999999999993</Data></Cell>
    <Cell><Data ss:Type="Number">-0.05</Data></Cell>
    <Cell><Data ss:Type="Number">-0.91</Data></Cell>
    <Cell><Data ss:Type="Number">22.7</Data></Cell>
    <Cell><Data ss:Type="Number">39.200000000000003</Data></Cell>
    <Cell><Data ss:Type="Number">0</Data></Cell>
    <Cell><Data ss:Type="Number">0</Data></Cell>
    <Cell><Data ss:Type="String">2023-12-07 16:16:11.106158</Data></Cell>
   </Row>
   <Row>
    <Cell><Data ss:Type="String">2119</Data></Cell>
    <Cell><Data ss:Type="Number">0.32</Data></Cell>
    <Cell><Data ss:Type="Number">-10.01</Data></Cell>
    <Cell><Data ss:Type="Number">0.16</Data></Cell>
    <Cell><Data ss:Type="Number">-9.43</Data></Cell>
    <Cell><Data ss:Type="Number">-7.0000000000000007E-2</Data></Cell>
    <Cell><Data ss:Type="Number">-0.95</Data></Cell>
    <Cell><Data ss:Type="Number">22.7</Data></Cell>
    <Cell><Data ss:Type="Number">39.200000000000003</Data></Cell>
    <Cell><Data ss:Type="Number">0</Data></Cell>
    <Cell><Data ss:Type="Number">0</Data></Cell>
    <Cell><Data ss:Type="String">2023-12-07 16:16:11.100801</Data></Cell>
   </Row>
   <Row>
    <Cell><Data ss:Type="String">2118</Data></Cell>
    <Cell><Data ss:Type="Number">0.28999999999999998</Data></Cell>
    <Cell><Data ss:Type="Number">-9.89</Data></Cell>
    <Cell><Data ss:Type="Number">0.06</Data></Cell>
    <Cell><Data ss:Type="Number">-9.4499999999999993</Data></Cell>
    <Cell><Data ss:Type="Number">-0.08</Data></Cell>
    <Cell><Data ss:Type="Number">-0.95</Data></Cell>
    <Cell><Data ss:Type="Number">22.7</Data></Cell>
    <Cell><Data ss:Type="Number">39.200000000000003</Data></Cell>
    <Cell><Data ss:Type="Number">0</Data></Cell>
    <Cell><Data ss:Type="Number">0</Data></Cell>
    <Cell><Data ss:Type="String">2023-12-07 16:16:11.054940</Data></Cell>
   </Row>
   <Row>
    <Cell><Data ss:Type="String">2117</Data></Cell>
    <Cell><Data ss:Type="Number">0.32</Data></Cell>
    <Cell><Data ss:Type="Number">-10.14</Data></Cell>
    <Cell><Data ss:Type="Number">0.11</Data></Cell>
    <Cell><Data ss:Type="Number">-9.4600000000000009</Data></Cell>
    <Cell><Data ss:Type="Number">-0.06</Data></Cell>
    <Cell><Data ss:Type="Number">-0.96</Data></Cell>
    <Cell><Data ss:Type="Number">22.7</Data></Cell>
    <Cell><Data ss:Type="Number">39.200000000000003</Data></Cell>
    <Cell><Data ss:Type="Number">0</Data></Cell>
    <Cell><Data ss:Type="Number">0</Data></Cell>
    <Cell><Data ss:Type="String">2023-12-07 16:16:11.009659</Data></Cell>
   </Row>
   <Row>
    <Cell><Data ss:Type="String">2116</Data></Cell>
    <Cell><Data ss:Type="Number">0.33</Data></Cell>
    <Cell><Data ss:Type="Number">-10.15</Data></Cell>
    <Cell><Data ss:Type="Number">0.17</Data></Cell>
    <Cell><Data ss:Type="Number">-9.56</Data></Cell>
    <Cell><Data ss:Type="Number">-0.09</Data></Cell>
    <Cell><Data ss:Type="Number">-0.94</Data></Cell>
    <Cell><Data ss:Type="Number">22.7</Data></Cell>
    <Cell><Data ss:Type="Number">39.200000000000003</Data></Cell>
    <Cell><Data ss:Type="Number">0</Data></Cell>
    <Cell><Data ss:Type="Number">0</Data></Cell>
    <Cell><Data ss:Type="String">2023-12-07 16:16:10.963650</Data></Cell>
   </Row>
   <Row>
    <Cell><Data ss:Type="String">2115</Data></Cell>
    <Cell><Data ss:Type="Number">0.27</Data></Cell>
    <Cell><Data ss:Type="Number">-10.16</Data></Cell>
    <Cell><Data ss:Type="Number">0.11</Data></Cell>
    <Cell><Data ss:Type="Number">-9.5</Data></Cell>
    <Cell><Data ss:Type="Number">-0.05</Data></Cell>
    <Cell><Data ss:Type="Number">-0.88</Data></Cell>
    <Cell><Data ss:Type="Number">22.7</Data></Cell>
    <Cell><Data ss:Type="Number">39.200000000000003</Data></Cell>
    <Cell><Data ss:Type="Number">0</Data></Cell>
    <Cell><Data ss:Type="Number">0</Data></Cell>
    <Cell><Data ss:Type="String">2023-12-07 16:16:10.962109</Data></Cell>
   </Row>
   <Row>
    <Cell><Data ss:Type="String">2114</Data></Cell>
    <Cell><Data ss:Type="Number">0.28999999999999998</Data></Cell>
    <Cell><Data ss:Type="Number">-9.98</Data></Cell>
    <Cell><Data ss:Type="Number">0.11</Data></Cell>
    <Cell><Data ss:Type="Number">-9.43</Data></Cell>
    <Cell><Data ss:Type="Number">-0.06</Data></Cell>
    <Cell><Data ss:Type="Number">-0.92</Data></Cell>
    <Cell><Data ss:Type="Number">22.7</Data></Cell>
    <Cell><Data ss:Type="Number">39.200000000000003</Data></Cell>
    <Cell><Data ss:Type="Number">0</Data></Cell>
    <Cell><Data ss:Type="Number">0</Data></Cell>
    <Cell><Data ss:Type="String">2023-12-07 16:16:10.916188</Data></Cell>
   </Row>
   <Row>
    <Cell><Data ss:Type="String">2113</Data></Cell>
    <Cell><Data ss:Type="Number">0.28999999999999998</Data></Cell>
    <Cell><Data ss:Type="Number">-9.9700000000000006</Data></Cell>
    <Cell><Data ss:Type="Number">0.12</Data></Cell>
    <Cell><Data ss:Type="Number">-9.4600000000000009</Data></Cell>
    <Cell><Data ss:Type="Number">-7.0000000000000007E-2</Data></Cell>
    <Cell><Data ss:Type="Number">-0.92</Data></Cell>
    <Cell><Data ss:Type="Number">22.7</Data></Cell>
    <Cell><Data ss:Type="Number">39.200000000000003</Data></Cell>
    <Cell><Data ss:Type="Number">0</Data></Cell>
    <Cell><Data ss:Type="Number">0</Data></Cell>
    <Cell><Data ss:Type="String">2023-12-07 16:16:10.880779</Data></Cell>
   </Row>
   <Row>
    <Cell><Data ss:Type="String">2112</Data></Cell>
    <Cell><Data ss:Type="Number">0.31</Data></Cell>
    <Cell><Data ss:Type="Number">-10.17</Data></Cell>
    <Cell><Data ss:Type="Number">0.13</Data></Cell>
    <Cell><Data ss:Type="Number">-9.5299999999999994</Data></Cell>
    <Cell><Data ss:Type="Number">-7.0000000000000007E-2</Data></Cell>
    <Cell><Data ss:Type="Number">-0.91</Data></Cell>
    <Cell><Data ss:Type="Number">22.7</Data></Cell>
    <Cell><Data ss:Type="Number">39.200000000000003</Data></Cell>
    <Cell><Data ss:Type="Number">0</Data></Cell>
    <Cell><Data ss:Type="Number">0</Data></Cell>
    <Cell><Data ss:Type="String">2023-12-07 16:16:10.879348</Data></Cell>
   </Row>
   <Row>
    <Cell><Data ss:Type="String">2111</Data></Cell>
    <Cell><Data ss:Type="Number">0.32</Data></Cell>
    <Cell><Data ss:Type="Number">-10.24</Data></Cell>
    <Cell><Data ss:Type="Number">0.2</Data></Cell>
    <Cell><Data ss:Type="Number">-9.5399999999999991</Data></Cell>
    <Cell><Data ss:Type="Number">-0.08</Data></Cell>
    <Cell><Data ss:Type="Number">-0.88</Data></Cell>
    <Cell><Data ss:Type="Number">22.7</Data></Cell>
    <Cell><Data ss:Type="Number">39.200000000000003</Data></Cell>
    <Cell><Data ss:Type="Number">0</Data></Cell>
    <Cell><Data ss:Type="Number">0</Data></Cell>
    <Cell><Data ss:Type="String">2023-12-07 16:16:10.876420</Data></Cell>
   </Row>
   <Row>
    <Cell><Data ss:Type="String">2110</Data></Cell>
    <Cell><Data ss:Type="Number">0.27</Data></Cell>
    <Cell><Data ss:Type="Number">-10.130000000000001</Data></Cell>
    <Cell><Data ss:Type="Number">0.16</Data></Cell>
    <Cell><Data ss:Type="Number">-9.4600000000000009</Data></Cell>
    <Cell><Data ss:Type="Number">-0.04</Data></Cell>
    <Cell><Data ss:Type="Number">-0.88</Data></Cell>
    <Cell><Data ss:Type="Number">22.7</Data></Cell>
    <Cell><Data ss:Type="Number">39.200000000000003</Data></Cell>
    <Cell><Data ss:Type="Number">0</Data></Cell>
    <Cell><Data ss:Type="Number">0</Data></Cell>
    <Cell><Data ss:Type="String">2023-12-07 16:16:10.874713</Data></Cell>
   </Row>
   <Row>
    <Cell><Data ss:Type="String">2109</Data></Cell>
    <Cell><Data ss:Type="Number">0.26</Data></Cell>
    <Cell><Data ss:Type="Number">-10.1</Data></Cell>
    <Cell><Data ss:Type="Number">0.14000000000000001</Data></Cell>
    <Cell><Data ss:Type="Number">-9.43</Data></Cell>
    <Cell><Data ss:Type="Number">-0.08</Data></Cell>
    <Cell><Data ss:Type="Number">-0.94</Data></Cell>
    <Cell><Data ss:Type="Number">22.7</Data></Cell>
    <Cell><Data ss:Type="Number">39.200000000000003</Data></Cell>
    <Cell><Data ss:Type="Number">0</Data></Cell>
    <Cell><Data ss:Type="Number">0</Data></Cell>
    <Cell><Data ss:Type="String">2023-12-07 16:16:10.870745</Data></Cell>
   </Row>
   <Row>
    <Cell><Data ss:Type="String">2108</Data></Cell>
    <Cell><Data ss:Type="Number">0.25</Data></Cell>
    <Cell><Data ss:Type="Number">-9.9600000000000009</Data></Cell>
    <Cell><Data ss:Type="Number">0.08</Data></Cell>
    <Cell><Data ss:Type="Number">-9.4499999999999993</Data></Cell>
    <Cell><Data ss:Type="Number">-0.06</Data></Cell>
    <Cell><Data ss:Type="Number">-0.95</Data></Cell>
    <Cell><Data ss:Type="Number">22.7</Data></Cell>
    <Cell><Data ss:Type="Number">39.200000000000003</Data></Cell>
    <Cell><Data ss:Type="Number">0</Data></Cell>
    <Cell><Data ss:Type="Number">0</Data></Cell>
    <Cell><Data ss:Type="String">2023-12-07 16:16:10.868361</Data></Cell>
   </Row>
   <Row>
    <Cell><Data ss:Type="String">2107</Data></Cell>
    <Cell><Data ss:Type="Number">0.26</Data></Cell>
    <Cell><Data ss:Type="Number">-10.09</Data></Cell>
    <Cell><Data ss:Type="Number">0.16</Data></Cell>
    <Cell><Data ss:Type="Number">-9.49</Data></Cell>
    <Cell><Data ss:Type="Number">-0.09</Data></Cell>
    <Cell><Data ss:Type="Number">-0.95</Data></Cell>
    <Cell><Data ss:Type="Number">22.7</Data></Cell>
    <Cell><Data ss:Type="Number">39.200000000000003</Data></Cell>
    <Cell><Data ss:Type="Number">0</Data></Cell>
    <Cell><Data ss:Type="Number">0</Data></Cell>
    <Cell><Data ss:Type="String">2023-12-07 16:16:10.866866</Data></Cell>
   </Row>
   <Row>
    <Cell><Data ss:Type="String">2106</Data></Cell>
    <Cell><Data ss:Type="Number">0.31</Data></Cell>
    <Cell><Data ss:Type="Number">-10.09</Data></Cell>
    <Cell><Data ss:Type="Number">0.13</Data></Cell>
    <Cell><Data ss:Type="Number">-9.5500000000000007</Data></Cell>
    <Cell><Data ss:Type="Number">-7.0000000000000007E-2</Data></Cell>
    <Cell><Data ss:Type="Number">-0.9</Data></Cell>
    <Cell><Data ss:Type="Number">22.7</Data></Cell>
    <Cell><Data ss:Type="Number">39.200000000000003</Data></Cell>
    <Cell><Data ss:Type="Number">0</Data></Cell>
    <Cell><Data ss:Type="Number">0</Data></Cell>
    <Cell><Data ss:Type="String">2023-12-07 16:16:10.646842</Data></Cell>
   </Row>
   <Row>
    <Cell><Data ss:Type="String">2105</Data></Cell>
    <Cell><Data ss:Type="Number">0.23</Data></Cell>
    <Cell><Data ss:Type="Number">-10.119999999999999</Data></Cell>
    <Cell><Data ss:Type="Number">0.17</Data></Cell>
    <Cell><Data ss:Type="Number">-9.4700000000000006</Data></Cell>
    <Cell><Data ss:Type="Number">-0.05</Data></Cell>
    <Cell><Data ss:Type="Number">-0.94</Data></Cell>
    <Cell><Data ss:Type="Number">22.7</Data></Cell>
    <Cell><Data ss:Type="Number">39.200000000000003</Data></Cell>
    <Cell><Data ss:Type="Number">0</Data></Cell>
    <Cell><Data ss:Type="Number">0</Data></Cell>
    <Cell><Data ss:Type="String">2023-12-07 16:16:10.645395</Data></Cell>
   </Row>
   <Row>
    <Cell><Data ss:Type="String">2104</Data></Cell>
    <Cell><Data ss:Type="Number">0.26</Data></Cell>
    <Cell><Data ss:Type="Number">-10.039999999999999</Data></Cell>
    <Cell><Data ss:Type="Number">0.12</Data></Cell>
    <Cell><Data ss:Type="Number">-9.42</Data></Cell>
    <Cell><Data ss:Type="Number">-0.09</Data></Cell>
    <Cell><Data ss:Type="Number">-0.91</Data></Cell>
    <Cell><Data ss:Type="Number">22.7</Data></Cell>
    <Cell><Data ss:Type="Number">39.200000000000003</Data></Cell>
    <Cell><Data ss:Type="Number">0</Data></Cell>
    <Cell><Data ss:Type="Number">0</Data></Cell>
    <Cell><Data ss:Type="String">2023-12-07 16:16:10.591312</Data></Cell>
   </Row>
   <Row>
    <Cell><Data ss:Type="String">2103</Data></Cell>
    <Cell><Data ss:Type="Number">0.32</Data></Cell>
    <Cell><Data ss:Type="Number">-10.17</Data></Cell>
    <Cell><Data ss:Type="Number">0.17</Data></Cell>
    <Cell><Data ss:Type="Number">-9.48</Data></Cell>
    <Cell><Data ss:Type="Number">-7.0000000000000007E-2</Data></Cell>
    <Cell><Data ss:Type="Number">-0.93</Data></Cell>
    <Cell><Data ss:Type="Number">22.7</Data></Cell>
    <Cell><Data ss:Type="Number">39.200000000000003</Data></Cell>
    <Cell><Data ss:Type="Number">0</Data></Cell>
    <Cell><Data ss:Type="Number">0</Data></Cell>
    <Cell><Data ss:Type="String">2023-12-07 16:16:10.548283</Data></Cell>
   </Row>
   <Row>
    <Cell><Data ss:Type="String">2102</Data></Cell>
    <Cell><Data ss:Type="Number">0.25</Data></Cell>
    <Cell><Data ss:Type="Number">-10.01</Data></Cell>
    <Cell><Data ss:Type="Number">0.18</Data></Cell>
    <Cell><Data ss:Type="Number">-9.43</Data></Cell>
    <Cell><Data ss:Type="Number">-0.06</Data></Cell>
    <Cell><Data ss:Type="Number">-0.92</Data></Cell>
    <Cell><Data ss:Type="Number">22.8</Data></Cell>
    <Cell><Data ss:Type="Number">39.299999999999997</Data></Cell>
    <Cell><Data ss:Type="Number">0</Data></Cell>
    <Cell><Data ss:Type="Number">0</Data></Cell>
    <Cell><Data ss:Type="String">2023-12-07 16:16:10.502387</Data></Cell>
   </Row>
   <Row>
    <Cell><Data ss:Type="String">2101</Data></Cell>
    <Cell><Data ss:Type="Number">0.25</Data></Cell>
    <Cell><Data ss:Type="Number">-10.050000000000001</Data></Cell>
    <Cell><Data ss:Type="Number">0.13</Data></Cell>
    <Cell><Data ss:Type="Number">-9.44</Data></Cell>
    <Cell><Data ss:Type="Number">-7.0000000000000007E-2</Data></Cell>
    <Cell><Data ss:Type="Number">-0.94</Data></Cell>
    <Cell><Data ss:Type="Number">22.8</Data></Cell>
    <Cell><Data ss:Type="Number">39.299999999999997</Data></Cell>
    <Cell><Data ss:Type="Number">0</Data></Cell>
    <Cell><Data ss:Type="Number">0</Data></Cell>
    <Cell><Data ss:Type="String">2023-12-07 16:16:10.500510</Data></Cell>
   </Row>
   <Row>
    <Cell><Data ss:Type="String">2100</Data></Cell>
    <Cell><Data ss:Type="Number">0.3</Data></Cell>
    <Cell><Data ss:Type="Number">-10.26</Data></Cell>
    <Cell><Data ss:Type="Number">0.22</Data></Cell>
    <Cell><Data ss:Type="Number">-9.5399999999999991</Data></Cell>
    <Cell><Data ss:Type="Number">-0.08</Data></Cell>
    <Cell><Data ss:Type="Number">-0.91</Data></Cell>
    <Cell><Data ss:Type="Number">22.8</Data></Cell>
    <Cell><Data ss:Type="Number">39.299999999999997</Data></Cell>
    <Cell><Data ss:Type="Number">0</Data></Cell>
    <Cell><Data ss:Type="Number">0</Data></Cell>
    <Cell><Data ss:Type="String">2023-12-07 16:16:10.453460</Data></Cell>
   </Row>
   <Row>
    <Cell><Data ss:Type="String">2099</Data></Cell>
    <Cell><Data ss:Type="Number">0.27</Data></Cell>
    <Cell><Data ss:Type="Number">-10.18</Data></Cell>
    <Cell><Data ss:Type="Number">0.17</Data></Cell>
    <Cell><Data ss:Type="Number">-9.4700000000000006</Data></Cell>
    <Cell><Data ss:Type="Number">-0.04</Data></Cell>
    <Cell><Data ss:Type="Number">-0.92</Data></Cell>
    <Cell><Data ss:Type="Number">22.8</Data></Cell>
    <Cell><Data ss:Type="Number">39.299999999999997</Data></Cell>
    <Cell><Data ss:Type="Number">0</Data></Cell>
    <Cell><Data ss:Type="Number">0</Data></Cell>
    <Cell><Data ss:Type="String">2023-12-07 16:16:10.407003</Data></Cell>
   </Row>
   <Row>
    <Cell><Data ss:Type="String">2098</Data></Cell>
    <Cell><Data ss:Type="Number">0.33</Data></Cell>
    <Cell><Data ss:Type="Number">-10.14</Data></Cell>
    <Cell><Data ss:Type="Number">0.34</Data></Cell>
    <Cell><Data ss:Type="Number">-9.44</Data></Cell>
    <Cell><Data ss:Type="Number">-0.06</Data></Cell>
    <Cell><Data ss:Type="Number">-0.96</Data></Cell>
    <Cell><Data ss:Type="Number">22.8</Data></Cell>
    <Cell><Data ss:Type="Number">39.299999999999997</Data></Cell>
    <Cell><Data ss:Type="Number">0</Data></Cell>
    <Cell><Data ss:Type="Number">0</Data></Cell>
    <Cell><Data ss:Type="String">2023-12-07 16:16:10.361338</Data></Cell>
   </Row>
   <Row>
    <Cell><Data ss:Type="String">2097</Data></Cell>
    <Cell><Data ss:Type="Number">0.3</Data></Cell>
    <Cell><Data ss:Type="Number">-9.93</Data></Cell>
    <Cell><Data ss:Type="Number">7.0000000000000007E-2</Data></Cell>
    <Cell><Data ss:Type="Number">-9.4600000000000009</Data></Cell>
    <Cell><Data ss:Type="Number">-0.08</Data></Cell>
    <Cell><Data ss:Type="Number">-0.95</Data></Cell>
    <Cell><Data ss:Type="Number">22.8</Data></Cell>
    <Cell><Data ss:Type="Number">39.299999999999997</Data></Cell>
    <Cell><Data ss:Type="Number">0</Data></Cell>
    <Cell><Data ss:Type="Number">0</Data></Cell>
    <Cell><Data ss:Type="String">2023-12-07 16:16:10.359815</Data></Cell>
   </Row>
   <Row>
    <Cell><Data ss:Type="String">2096</Data></Cell>
    <Cell><Data ss:Type="Number">0.3</Data></Cell>
    <Cell><Data ss:Type="Number">-10.07</Data></Cell>
    <Cell><Data ss:Type="Number">0.1</Data></Cell>
    <Cell><Data ss:Type="Number">-9.5500000000000007</Data></Cell>
    <Cell><Data ss:Type="Number">-7.0000000000000007E-2</Data></Cell>
    <Cell><Data ss:Type="Number">-0.9</Data></Cell>
    <Cell><Data ss:Type="Number">22.8</Data></Cell>
    <Cell><Data ss:Type="Number">39.299999999999997</Data></Cell>
    <Cell><Data ss:Type="Number">0</Data></Cell>
    <Cell><Data ss:Type="Number">0</Data></Cell>
    <Cell><Data ss:Type="String">2023-12-07 16:16:10.314800</Data></Cell>
   </Row>
   <Row>
    <Cell><Data ss:Type="String">2095</Data></Cell>
    <Cell><Data ss:Type="Number">0.34</Data></Cell>
    <Cell><Data ss:Type="Number">-10.130000000000001</Data></Cell>
    <Cell><Data ss:Type="Number">0.06</Data></Cell>
    <Cell><Data ss:Type="Number">-9.56</Data></Cell>
    <Cell><Data ss:Type="Number">-0.08</Data></Cell>
    <Cell><Data ss:Type="Number">-0.94</Data></Cell>
    <Cell><Data ss:Type="Number">22.8</Data></Cell>
    <Cell><Data ss:Type="Number">39.299999999999997</Data></Cell>
    <Cell><Data ss:Type="Number">0</Data></Cell>
    <Cell><Data ss:Type="Number">0</Data></Cell>
    <Cell><Data ss:Type="String">2023-12-07 16:16:10.269974</Data></Cell>
   </Row>
   <Row>
    <Cell><Data ss:Type="String">2094</Data></Cell>
    <Cell><Data ss:Type="Number">0.15</Data></Cell>
    <Cell><Data ss:Type="Number">-10.11</Data></Cell>
    <Cell><Data ss:Type="Number">0.22</Data></Cell>
    <Cell><Data ss:Type="Number">-9.48</Data></Cell>
    <Cell><Data ss:Type="Number">-0.03</Data></Cell>
    <Cell><Data ss:Type="Number">-0.88</Data></Cell>
    <Cell><Data ss:Type="Number">22.8</Data></Cell>
    <Cell><Data ss:Type="Number">39.299999999999997</Data></Cell>
    <Cell><Data ss:Type="Number">0</Data></Cell>
    <Cell><Data ss:Type="Number">0</Data></Cell>
    <Cell><Data ss:Type="String">2023-12-07 16:16:10.267865</Data></Cell>
   </Row>
   <Row>
    <Cell><Data ss:Type="String">2093</Data></Cell>
    <Cell><Data ss:Type="Number">0.28000000000000003</Data></Cell>
    <Cell><Data ss:Type="Number">-10.050000000000001</Data></Cell>
    <Cell><Data ss:Type="Number">0.18</Data></Cell>
    <Cell><Data ss:Type="Number">-9.44</Data></Cell>
    <Cell><Data ss:Type="Number">-0.06</Data></Cell>
    <Cell><Data ss:Type="Number">-0.99</Data></Cell>
    <Cell><Data ss:Type="Number">22.8</Data></Cell>
    <Cell><Data ss:Type="Number">39.299999999999997</Data></Cell>
    <Cell><Data ss:Type="Number">0</Data></Cell>
    <Cell><Data ss:Type="Number">0</Data></Cell>
    <Cell><Data ss:Type="String">2023-12-07 16:16:10.218583</Data></Cell>
   </Row>
   <Row>
    <Cell><Data ss:Type="String">2092</Data></Cell>
    <Cell><Data ss:Type="Number">0.38</Data></Cell>
    <Cell><Data ss:Type="Number">-9.98</Data></Cell>
    <Cell><Data ss:Type="Number">0.11</Data></Cell>
    <Cell><Data ss:Type="Number">-9.52</Data></Cell>
    <Cell><Data ss:Type="Number">-0.09</Data></Cell>
    <Cell><Data ss:Type="Number">-0.91</Data></Cell>
    <Cell><Data ss:Type="Number">22.8</Data></Cell>
    <Cell><Data ss:Type="Number">39.299999999999997</Data></Cell>
    <Cell><Data ss:Type="Number">0</Data></Cell>
    <Cell><Data ss:Type="Number">0</Data></Cell>
    <Cell><Data ss:Type="String">2023-12-07 16:16:10.176501</Data></Cell>
   </Row>
   <Row>
    <Cell><Data ss:Type="String">2091</Data></Cell>
    <Cell><Data ss:Type="Number">0.31</Data></Cell>
    <Cell><Data ss:Type="Number">-10.1</Data></Cell>
    <Cell><Data ss:Type="Number">0.27</Data></Cell>
    <Cell><Data ss:Type="Number">-9.5</Data></Cell>
    <Cell><Data ss:Type="Number">-0.06</Data></Cell>
    <Cell><Data ss:Type="Number">-0.92</Data></Cell>
    <Cell><Data ss:Type="Number">22.8</Data></Cell>
    <Cell><Data ss:Type="Number">39.299999999999997</Data></Cell>
    <Cell><Data ss:Type="Number">0</Data></Cell>
    <Cell><Data ss:Type="Number">0</Data></Cell>
    <Cell><Data ss:Type="String">2023-12-07 16:16:10.132070</Data></Cell>
   </Row>
   <Row>
    <Cell><Data ss:Type="String">2090</Data></Cell>
    <Cell><Data ss:Type="Number">0.32</Data></Cell>
    <Cell><Data ss:Type="Number">-10.19</Data></Cell>
    <Cell><Data ss:Type="Number">0.17</Data></Cell>
    <Cell><Data ss:Type="Number">-9.5</Data></Cell>
    <Cell><Data ss:Type="Number">-0.11</Data></Cell>
    <Cell><Data ss:Type="Number">-0.93</Data></Cell>
    <Cell><Data ss:Type="Number">22.8</Data></Cell>
    <Cell><Data ss:Type="Number">39.299999999999997</Data></Cell>
    <Cell><Data ss:Type="Number">0</Data></Cell>
    <Cell><Data ss:Type="Number">0</Data></Cell>
    <Cell><Data ss:Type="String">2023-12-07 16:16:10.130470</Data></Cell>
   </Row>
   <Row>
    <Cell><Data ss:Type="String">2089</Data></Cell>
    <Cell><Data ss:Type="Number">0.35</Data></Cell>
    <Cell><Data ss:Type="Number">-10.06</Data></Cell>
    <Cell><Data ss:Type="Number">0.13</Data></Cell>
    <Cell><Data ss:Type="Number">-9.4</Data></Cell>
    <Cell><Data ss:Type="Number">0.02</Data></Cell>
    <Cell><Data ss:Type="Number">-0.89</Data></Cell>
    <Cell><Data ss:Type="Number">22.8</Data></Cell>
    <Cell><Data ss:Type="Number">39.299999999999997</Data></Cell>
    <Cell><Data ss:Type="Number">0</Data></Cell>
    <Cell><Data ss:Type="Number">0</Data></Cell>
    <Cell><Data ss:Type="String">2023-12-07 16:16:10.084806</Data></Cell>
   </Row>
   <Row>
    <Cell><Data ss:Type="String">2088</Data></Cell>
    <Cell><Data ss:Type="Number">0.32</Data></Cell>
    <Cell><Data ss:Type="Number">-10.01</Data></Cell>
    <Cell><Data ss:Type="Number">0.11</Data></Cell>
    <Cell><Data ss:Type="Number">-9.44</Data></Cell>
    <Cell><Data ss:Type="Number">-0.09</Data></Cell>
    <Cell><Data ss:Type="Number">-1</Data></Cell>
    <Cell><Data ss:Type="Number">22.8</Data></Cell>
    <Cell><Data ss:Type="Number">39.299999999999997</Data></Cell>
    <Cell><Data ss:Type="Number">0</Data></Cell>
    <Cell><Data ss:Type="Number">0</Data></Cell>
    <Cell><Data ss:Type="String">2023-12-07 16:16:10.038936</Data></Cell>
   </Row>
   <Row>
    <Cell><Data ss:Type="String">2087</Data></Cell>
    <Cell><Data ss:Type="Number">0.37</Data></Cell>
    <Cell><Data ss:Type="Number">-10.09</Data></Cell>
    <Cell><Data ss:Type="Number">0.19</Data></Cell>
    <Cell><Data ss:Type="Number">-9.49</Data></Cell>
    <Cell><Data ss:Type="Number">-0.11</Data></Cell>
    <Cell><Data ss:Type="Number">-0.91</Data></Cell>
    <Cell><Data ss:Type="Number">22.8</Data></Cell>
    <Cell><Data ss:Type="Number">39.299999999999997</Data></Cell>
    <Cell><Data ss:Type="Number">0</Data></Cell>
    <Cell><Data ss:Type="Number">0</Data></Cell>
    <Cell><Data ss:Type="String">2023-12-07 16:16:09.995376</Data></Cell>
   </Row>
   <Row>
    <Cell><Data ss:Type="String">2086</Data></Cell>
    <Cell><Data ss:Type="Number">0.18</Data></Cell>
    <Cell><Data ss:Type="Number">-10.220000000000001</Data></Cell>
    <Cell><Data ss:Type="Number">0.08</Data></Cell>
    <Cell><Data ss:Type="Number">-9.52</Data></Cell>
    <Cell><Data ss:Type="Number">-0.03</Data></Cell>
    <Cell><Data ss:Type="Number">-0.9</Data></Cell>
    <Cell><Data ss:Type="Number">22.8</Data></Cell>
    <Cell><Data ss:Type="Number">39.299999999999997</Data></Cell>
    <Cell><Data ss:Type="Number">0</Data></Cell>
    <Cell><Data ss:Type="Number">0</Data></Cell>
    <Cell><Data ss:Type="String">2023-12-07 16:16:09.993372</Data></Cell>
   </Row>
   <Row>
    <Cell><Data ss:Type="String">2085</Data></Cell>
    <Cell><Data ss:Type="Number">0.15</Data></Cell>
    <Cell><Data ss:Type="Number">-10.09</Data></Cell>
    <Cell><Data ss:Type="Number">0.04</Data></Cell>
    <Cell><Data ss:Type="Number">-9.49</Data></Cell>
    <Cell><Data ss:Type="Number">0.06</Data></Cell>
    <Cell><Data ss:Type="Number">-0.97</Data></Cell>
    <Cell><Data ss:Type="Number">22.8</Data></Cell>
    <Cell><Data ss:Type="Number">39.299999999999997</Data></Cell>
    <Cell><Data ss:Type="Number">0</Data></Cell>
    <Cell><Data ss:Type="Number">0</Data></Cell>
    <Cell><Data ss:Type="String">2023-12-07 16:16:09.947301</Data></Cell>
   </Row>
   <Row>
    <Cell><Data ss:Type="String">2084</Data></Cell>
    <Cell><Data ss:Type="Number">0.09</Data></Cell>
    <Cell><Data ss:Type="Number">-9.9499999999999993</Data></Cell>
    <Cell><Data ss:Type="Number">0.35</Data></Cell>
    <Cell><Data ss:Type="Number">-9.39</Data></Cell>
    <Cell><Data ss:Type="Number">-0.2</Data></Cell>
    <Cell><Data ss:Type="Number">-0.88</Data></Cell>
    <Cell><Data ss:Type="Number">22.8</Data></Cell>
    <Cell><Data ss:Type="Number">39.299999999999997</Data></Cell>
    <Cell><Data ss:Type="Number">0</Data></Cell>
    <Cell><Data ss:Type="Number">0</Data></Cell>
    <Cell><Data ss:Type="String">2023-12-07 16:16:09.901477</Data></Cell>
   </Row>
   <Row>
    <Cell><Data ss:Type="String">2083</Data></Cell>
    <Cell><Data ss:Type="Number">0.64</Data></Cell>
    <Cell><Data ss:Type="Number">-10.02</Data></Cell>
    <Cell><Data ss:Type="Number">-0.13</Data></Cell>
    <Cell><Data ss:Type="Number">-9.48</Data></Cell>
    <Cell><Data ss:Type="Number">-0.26</Data></Cell>
    <Cell><Data ss:Type="Number">-0.96</Data></Cell>
    <Cell><Data ss:Type="Number">22.8</Data></Cell>
    <Cell><Data ss:Type="Number">39.299999999999997</Data></Cell>
    <Cell><Data ss:Type="Number">0</Data></Cell>
    <Cell><Data ss:Type="Number">0</Data></Cell>
    <Cell><Data ss:Type="String">2023-12-07 16:16:09.857556</Data></Cell>
   </Row>
   <Row>
    <Cell><Data ss:Type="String">2082</Data></Cell>
    <Cell><Data ss:Type="Number">-0.5</Data></Cell>
    <Cell><Data ss:Type="Number">-10.18</Data></Cell>
    <Cell><Data ss:Type="Number">-0.28000000000000003</Data></Cell>
    <Cell><Data ss:Type="Number">-9.5399999999999991</Data></Cell>
    <Cell><Data ss:Type="Number">0.27</Data></Cell>
    <Cell><Data ss:Type="Number">-0.91</Data></Cell>
    <Cell><Data ss:Type="Number">22.8</Data></Cell>
    <Cell><Data ss:Type="Number">39.299999999999997</Data></Cell>
    <Cell><Data ss:Type="Number">0</Data></Cell>
    <Cell><Data ss:Type="Number">0</Data></Cell>
    <Cell><Data ss:Type="String">2023-12-07 16:16:09.855706</Data></Cell>
   </Row>
   <Row>
    <Cell><Data ss:Type="String">2081</Data></Cell>
    <Cell><Data ss:Type="Number">-0.28999999999999998</Data></Cell>
    <Cell><Data ss:Type="Number">-10.23</Data></Cell>
    <Cell><Data ss:Type="Number">-0.17</Data></Cell>
    <Cell><Data ss:Type="Number">-9.43</Data></Cell>
    <Cell><Data ss:Type="Number">0.6</Data></Cell>
    <Cell><Data ss:Type="Number">-0.92</Data></Cell>
    <Cell><Data ss:Type="Number">22.8</Data></Cell>
    <Cell><Data ss:Type="Number">39.299999999999997</Data></Cell>
    <Cell><Data ss:Type="Number">0</Data></Cell>
    <Cell><Data ss:Type="Number">0</Data></Cell>
    <Cell><Data ss:Type="String">2023-12-07 16:16:09.809129</Data></Cell>
   </Row>
   <Row>
    <Cell><Data ss:Type="String">2080</Data></Cell>
    <Cell><Data ss:Type="Number">2.23</Data></Cell>
    <Cell><Data ss:Type="Number">-10.01</Data></Cell>
    <Cell><Data ss:Type="Number">0.81</Data></Cell>
    <Cell><Data ss:Type="Number">-9.48</Data></Cell>
    <Cell><Data ss:Type="Number">-0.94</Data></Cell>
    <Cell><Data ss:Type="Number">-1.05</Data></Cell>
    <Cell><Data ss:Type="Number">22.8</Data></Cell>
    <Cell><Data ss:Type="Number">39.299999999999997</Data></Cell>
    <Cell><Data ss:Type="Number">0</Data></Cell>
    <Cell><Data ss:Type="Number">0</Data></Cell>
    <Cell><Data ss:Type="String">2023-12-07 16:16:09.764578</Data></Cell>
   </Row>
   <Row>
    <Cell><Data ss:Type="String">2079</Data></Cell>
    <Cell><Data ss:Type="Number">0.06</Data></Cell>
    <Cell><Data ss:Type="Number">-9.99</Data></Cell>
    <Cell><Data ss:Type="Number">0.82</Data></Cell>
    <Cell><Data ss:Type="Number">-9.35</Data></Cell>
    <Cell><Data ss:Type="Number">-0.15</Data></Cell>
    <Cell><Data ss:Type="Number">-0.61</Data></Cell>
    <Cell><Data ss:Type="Number">22.8</Data></Cell>
    <Cell><Data ss:Type="Number">39.299999999999997</Data></Cell>
    <Cell><Data ss:Type="Number">0</Data></Cell>
    <Cell><Data ss:Type="Number">0</Data></Cell>
    <Cell><Data ss:Type="String">2023-12-07 16:16:09.762854</Data></Cell>
   </Row>
   <Row>
    <Cell><Data ss:Type="String">2078</Data></Cell>
    <Cell><Data ss:Type="Number">-2.38</Data></Cell>
    <Cell><Data ss:Type="Number">-14.05</Data></Cell>
    <Cell><Data ss:Type="Number">-1.2</Data></Cell>
    <Cell><Data ss:Type="Number">-12.21</Data></Cell>
    <Cell><Data ss:Type="Number">1.43</Data></Cell>
    <Cell><Data ss:Type="Number">-2.0099999999999998</Data></Cell>
    <Cell><Data ss:Type="Number">22.8</Data></Cell>
    <Cell><Data ss:Type="Number">39.299999999999997</Data></Cell>
    <Cell><Data ss:Type="Number">0</Data></Cell>
    <Cell><Data ss:Type="Number">0</Data></Cell>
    <Cell><Data ss:Type="String">2023-12-07 16:16:09.717822</Data></Cell>
   </Row>
   <Row>
    <Cell><Data ss:Type="String">2077</Data></Cell>
    <Cell><Data ss:Type="Number">0.37</Data></Cell>
    <Cell><Data ss:Type="Number">-9.65</Data></Cell>
    <Cell><Data ss:Type="Number">0.28999999999999998</Data></Cell>
    <Cell><Data ss:Type="Number">-9.2799999999999994</Data></Cell>
    <Cell><Data ss:Type="Number">-0.09</Data></Cell>
    <Cell><Data ss:Type="Number">-0.96</Data></Cell>
    <Cell><Data ss:Type="Number">22.8</Data></Cell>
    <Cell><Data ss:Type="Number">39.299999999999997</Data></Cell>
    <Cell><Data ss:Type="Number">0</Data></Cell>
    <Cell><Data ss:Type="Number">0</Data></Cell>
    <Cell><Data ss:Type="String">2023-12-07 16:16:09.670621</Data></Cell>
   </Row>
   <Row>
    <Cell><Data ss:Type="String">2076</Data></Cell>
    <Cell><Data ss:Type="Number">0.45</Data></Cell>
    <Cell><Data ss:Type="Number">-10.09</Data></Cell>
    <Cell><Data ss:Type="Number">0.36</Data></Cell>
    <Cell><Data ss:Type="Number">-9.3800000000000008</Data></Cell>
    <Cell><Data ss:Type="Number">-0.05</Data></Cell>
    <Cell><Data ss:Type="Number">-0.93</Data></Cell>
    <Cell><Data ss:Type="Number">22.8</Data></Cell>
    <Cell><Data ss:Type="Number">39.299999999999997</Data></Cell>
    <Cell><Data ss:Type="Number">0</Data></Cell>
    <Cell><Data ss:Type="Number">0</Data></Cell>
    <Cell><Data ss:Type="String">2023-12-07 16:16:09.668254</Data></Cell>
   </Row>
   <Row>
    <Cell><Data ss:Type="String">2075</Data></Cell>
    <Cell><Data ss:Type="Number">0.64</Data></Cell>
    <Cell><Data ss:Type="Number">-9.7100000000000009</Data></Cell>
    <Cell><Data ss:Type="Number">0.26</Data></Cell>
    <Cell><Data ss:Type="Number">-9.3000000000000007</Data></Cell>
    <Cell><Data ss:Type="Number">-0.11</Data></Cell>
    <Cell><Data ss:Type="Number">-0.98</Data></Cell>
    <Cell><Data ss:Type="Number">22.8</Data></Cell>
    <Cell><Data ss:Type="Number">39.299999999999997</Data></Cell>
    <Cell><Data ss:Type="Number">0</Data></Cell>
    <Cell><Data ss:Type="Number">0</Data></Cell>
    <Cell><Data ss:Type="String">2023-12-07 16:16:09.666613</Data></Cell>
   </Row>
   <Row>
    <Cell><Data ss:Type="String">2074</Data></Cell>
    <Cell><Data ss:Type="Number">0.36</Data></Cell>
    <Cell><Data ss:Type="Number">-10.37</Data></Cell>
    <Cell><Data ss:Type="Number">0.28999999999999998</Data></Cell>
    <Cell><Data ss:Type="Number">-9.49</Data></Cell>
    <Cell><Data ss:Type="Number">0.01</Data></Cell>
    <Cell><Data ss:Type="Number">-0.9</Data></Cell>
    <Cell><Data ss:Type="Number">22.8</Data></Cell>
    <Cell><Data ss:Type="Number">39.299999999999997</Data></Cell>
    <Cell><Data ss:Type="Number">0</Data></Cell>
    <Cell><Data ss:Type="Number">0</Data></Cell>
    <Cell><Data ss:Type="String">2023-12-07 16:16:09.664974</Data></Cell>
   </Row>
   <Row>
    <Cell><Data ss:Type="String">2073</Data></Cell>
    <Cell><Data ss:Type="Number">-0.12</Data></Cell>
    <Cell><Data ss:Type="Number">-11.06</Data></Cell>
    <Cell><Data ss:Type="Number">-0.23</Data></Cell>
    <Cell><Data ss:Type="Number">-9.61</Data></Cell>
    <Cell><Data ss:Type="Number">-0.11</Data></Cell>
    <Cell><Data ss:Type="Number">-0.94</Data></Cell>
    <Cell><Data ss:Type="Number">22.8</Data></Cell>
    <Cell><Data ss:Type="Number">39.299999999999997</Data></Cell>
    <Cell><Data ss:Type="Number">0</Data></Cell>
    <Cell><Data ss:Type="Number">0</Data></Cell>
    <Cell><Data ss:Type="String">2023-12-07 16:16:09.663268</Data></Cell>
   </Row>
   <Row>
    <Cell><Data ss:Type="String">2072</Data></Cell>
    <Cell><Data ss:Type="Number">0.49</Data></Cell>
    <Cell><Data ss:Type="Number">-9.89</Data></Cell>
    <Cell><Data ss:Type="Number">0.21</Data></Cell>
    <Cell><Data ss:Type="Number">-9.42</Data></Cell>
    <Cell><Data ss:Type="Number">-0.11</Data></Cell>
    <Cell><Data ss:Type="Number">-0.89</Data></Cell>
    <Cell><Data ss:Type="Number">22.8</Data></Cell>
    <Cell><Data ss:Type="Number">39.299999999999997</Data></Cell>
    <Cell><Data ss:Type="Number">0</Data></Cell>
    <Cell><Data ss:Type="Number">0</Data></Cell>
    <Cell><Data ss:Type="String">2023-12-07 16:16:09.661781</Data></Cell>
   </Row>
   <Row>
    <Cell><Data ss:Type="String">2071</Data></Cell>
    <Cell><Data ss:Type="Number">0.4</Data></Cell>
    <Cell><Data ss:Type="Number">-9.85</Data></Cell>
    <Cell><Data ss:Type="Number">0.11</Data></Cell>
    <Cell><Data ss:Type="Number">-9.4499999999999993</Data></Cell>
    <Cell><Data ss:Type="Number">-0.11</Data></Cell>
    <Cell><Data ss:Type="Number">-0.93</Data></Cell>
    <Cell><Data ss:Type="Number">22.8</Data></Cell>
    <Cell><Data ss:Type="Number">39.299999999999997</Data></Cell>
    <Cell><Data ss:Type="Number">0</Data></Cell>
    <Cell><Data ss:Type="Number">0</Data></Cell>
    <Cell><Data ss:Type="String">2023-12-07 16:16:09.460838</Data></Cell>
   </Row>
   <Row>
    <Cell><Data ss:Type="String">2070</Data></Cell>
    <Cell><Data ss:Type="Number">0.44</Data></Cell>
    <Cell><Data ss:Type="Number">-9.9600000000000009</Data></Cell>
    <Cell><Data ss:Type="Number">-0.02</Data></Cell>
    <Cell><Data ss:Type="Number">-9.2899999999999991</Data></Cell>
    <Cell><Data ss:Type="Number">-0.03</Data></Cell>
    <Cell><Data ss:Type="Number">-0.91</Data></Cell>
    <Cell><Data ss:Type="Number">22.8</Data></Cell>
    <Cell><Data ss:Type="Number">39.299999999999997</Data></Cell>
    <Cell><Data ss:Type="Number">0</Data></Cell>
    <Cell><Data ss:Type="Number">0</Data></Cell>
    <Cell><Data ss:Type="String">2023-12-07 16:16:09.459045</Data></Cell>
   </Row>
   <Row>
    <Cell><Data ss:Type="String">2069</Data></Cell>
    <Cell><Data ss:Type="Number">0.11</Data></Cell>
    <Cell><Data ss:Type="Number">-9.94</Data></Cell>
    <Cell><Data ss:Type="Number">0.3</Data></Cell>
    <Cell><Data ss:Type="Number">-9.61</Data></Cell>
    <Cell><Data ss:Type="Number">-0.02</Data></Cell>
    <Cell><Data ss:Type="Number">-0.88</Data></Cell>
    <Cell><Data ss:Type="Number">22.8</Data></Cell>
    <Cell><Data ss:Type="Number">39.299999999999997</Data></Cell>
    <Cell><Data ss:Type="Number">0</Data></Cell>
    <Cell><Data ss:Type="Number">0</Data></Cell>
    <Cell><Data ss:Type="String">2023-12-07 16:16:09.410098</Data></Cell>
   </Row>
   <Row>
    <Cell><Data ss:Type="String">2068</Data></Cell>
    <Cell><Data ss:Type="Number">0.28999999999999998</Data></Cell>
    <Cell><Data ss:Type="Number">-10.19</Data></Cell>
    <Cell><Data ss:Type="Number">-0.34</Data></Cell>
    <Cell><Data ss:Type="Number">-9.51</Data></Cell>
    <Cell><Data ss:Type="Number">-0.05</Data></Cell>
    <Cell><Data ss:Type="Number">-0.94</Data></Cell>
    <Cell><Data ss:Type="Number">22.8</Data></Cell>
    <Cell><Data ss:Type="Number">39.299999999999997</Data></Cell>
    <Cell><Data ss:Type="Number">0</Data></Cell>
    <Cell><Data ss:Type="Number">0</Data></Cell>
    <Cell><Data ss:Type="String">2023-12-07 16:16:09.362944</Data></Cell>
   </Row>
   <Row>
    <Cell><Data ss:Type="String">2067</Data></Cell>
    <Cell><Data ss:Type="Number">0.23</Data></Cell>
    <Cell><Data ss:Type="Number">-10.11</Data></Cell>
    <Cell><Data ss:Type="Number">-0.13</Data></Cell>
    <Cell><Data ss:Type="Number">-9.3800000000000008</Data></Cell>
    <Cell><Data ss:Type="Number">-0.12</Data></Cell>
    <Cell><Data ss:Type="Number">-0.96</Data></Cell>
    <Cell><Data ss:Type="Number">22.8</Data></Cell>
    <Cell><Data ss:Type="Number">39.299999999999997</Data></Cell>
    <Cell><Data ss:Type="Number">0</Data></Cell>
    <Cell><Data ss:Type="Number">0</Data></Cell>
    <Cell><Data ss:Type="String">2023-12-07 16:16:09.361579</Data></Cell>
   </Row>
   <Row>
    <Cell><Data ss:Type="String">2066</Data></Cell>
    <Cell><Data ss:Type="Number">0.21</Data></Cell>
    <Cell><Data ss:Type="Number">-9.9600000000000009</Data></Cell>
    <Cell><Data ss:Type="Number">0.19</Data></Cell>
    <Cell><Data ss:Type="Number">-9.41</Data></Cell>
    <Cell><Data ss:Type="Number">-0.04</Data></Cell>
    <Cell><Data ss:Type="Number">-0.94</Data></Cell>
    <Cell><Data ss:Type="Number">22.8</Data></Cell>
    <Cell><Data ss:Type="Number">39.299999999999997</Data></Cell>
    <Cell><Data ss:Type="Number">0</Data></Cell>
    <Cell><Data ss:Type="Number">0</Data></Cell>
    <Cell><Data ss:Type="String">2023-12-07 16:16:09.360203</Data></Cell>
   </Row>
   <Row>
    <Cell><Data ss:Type="String">2065</Data></Cell>
    <Cell><Data ss:Type="Number">0.32</Data></Cell>
    <Cell><Data ss:Type="Number">-9.7100000000000009</Data></Cell>
    <Cell><Data ss:Type="Number">0.57999999999999996</Data></Cell>
    <Cell><Data ss:Type="Number">-9.59</Data></Cell>
    <Cell><Data ss:Type="Number">-0.05</Data></Cell>
    <Cell><Data ss:Type="Number">-0.87</Data></Cell>
    <Cell><Data ss:Type="Number">22.8</Data></Cell>
    <Cell><Data ss:Type="Number">39.299999999999997</Data></Cell>
    <Cell><Data ss:Type="Number">0</Data></Cell>
    <Cell><Data ss:Type="Number">0</Data></Cell>
    <Cell><Data ss:Type="String">2023-12-07 16:16:09.358848</Data></Cell>
   </Row>
   <Row>
    <Cell><Data ss:Type="String">2064</Data></Cell>
    <Cell><Data ss:Type="Number">0.22</Data></Cell>
    <Cell><Data ss:Type="Number">-10.23</Data></Cell>
    <Cell><Data ss:Type="Number">-0.11</Data></Cell>
    <Cell><Data ss:Type="Number">-9.6199999999999992</Data></Cell>
    <Cell><Data ss:Type="Number">-0.04</Data></Cell>
    <Cell><Data ss:Type="Number">-0.82</Data></Cell>
    <Cell><Data ss:Type="Number">22.8</Data></Cell>
    <Cell><Data ss:Type="Number">39.299999999999997</Data></Cell>
    <Cell><Data ss:Type="Number">0</Data></Cell>
    <Cell><Data ss:Type="Number">0</Data></Cell>
    <Cell><Data ss:Type="String">2023-12-07 16:16:09.357398</Data></Cell>
   </Row>
   <Row>
    <Cell><Data ss:Type="String">2063</Data></Cell>
    <Cell><Data ss:Type="Number">-0.24</Data></Cell>
    <Cell><Data ss:Type="Number">-9.3800000000000008</Data></Cell>
    <Cell><Data ss:Type="Number">-0.26</Data></Cell>
    <Cell><Data ss:Type="Number">-18.39</Data></Cell>
    <Cell><Data ss:Type="Number">-0.62</Data></Cell>
    <Cell><Data ss:Type="Number">-0.62</Data></Cell>
    <Cell><Data ss:Type="Number">22.8</Data></Cell>
    <Cell><Data ss:Type="Number">39.299999999999997</Data></Cell>
    <Cell><Data ss:Type="Number">0</Data></Cell>
    <Cell><Data ss:Type="Number">0</Data></Cell>
    <Cell><Data ss:Type="String">2023-12-07 16:16:09.355352</Data></Cell>
   </Row>
   <Row>
    <Cell><Data ss:Type="String">2062</Data></Cell>
    <Cell><Data ss:Type="Number">0.21</Data></Cell>
    <Cell><Data ss:Type="Number">-8.73</Data></Cell>
    <Cell><Data ss:Type="Number">-0.24</Data></Cell>
    <Cell><Data ss:Type="Number">-9.2100000000000009</Data></Cell>
    <Cell><Data ss:Type="Number">-0.15</Data></Cell>
    <Cell><Data ss:Type="Number">-0.96</Data></Cell>
    <Cell><Data ss:Type="Number">22.8</Data></Cell>
    <Cell><Data ss:Type="Number">39.299999999999997</Data></Cell>
    <Cell><Data ss:Type="Number">0</Data></Cell>
    <Cell><Data ss:Type="Number">0</Data></Cell>
    <Cell><Data ss:Type="String">2023-12-07 16:16:09.153830</Data></Cell>
   </Row>
   <Row>
    <Cell><Data ss:Type="String">2061</Data></Cell>
    <Cell><Data ss:Type="Number">0.78</Data></Cell>
    <Cell><Data ss:Type="Number">-9.9499999999999993</Data></Cell>
    <Cell><Data ss:Type="Number">0.32</Data></Cell>
    <Cell><Data ss:Type="Number">-9.5299999999999994</Data></Cell>
    <Cell><Data ss:Type="Number">-0.04</Data></Cell>
    <Cell><Data ss:Type="Number">-0.87</Data></Cell>
    <Cell><Data ss:Type="Number">22.8</Data></Cell>
    <Cell><Data ss:Type="Number">39.299999999999997</Data></Cell>
    <Cell><Data ss:Type="Number">0</Data></Cell>
    <Cell><Data ss:Type="Number">0</Data></Cell>
    <Cell><Data ss:Type="String">2023-12-07 16:16:09.151523</Data></Cell>
   </Row>
   <Row>
    <Cell><Data ss:Type="String">2060</Data></Cell>
    <Cell><Data ss:Type="Number">0.25</Data></Cell>
    <Cell><Data ss:Type="Number">-9.7899999999999991</Data></Cell>
    <Cell><Data ss:Type="Number">0.24</Data></Cell>
    <Cell><Data ss:Type="Number">-9.5399999999999991</Data></Cell>
    <Cell><Data ss:Type="Number">-0.06</Data></Cell>
    <Cell><Data ss:Type="Number">-0.97</Data></Cell>
    <Cell><Data ss:Type="Number">22.8</Data></Cell>
    <Cell><Data ss:Type="Number">39.299999999999997</Data></Cell>
    <Cell><Data ss:Type="Number">0</Data></Cell>
    <Cell><Data ss:Type="Number">0</Data></Cell>
    <Cell><Data ss:Type="String">2023-12-07 16:16:09.092088</Data></Cell>
   </Row>
   <Row>
    <Cell><Data ss:Type="String">2059</Data></Cell>
    <Cell><Data ss:Type="Number">0.34</Data></Cell>
    <Cell><Data ss:Type="Number">-9.9700000000000006</Data></Cell>
    <Cell><Data ss:Type="Number">0.33</Data></Cell>
    <Cell><Data ss:Type="Number">-9.43</Data></Cell>
    <Cell><Data ss:Type="Number">-7.0000000000000007E-2</Data></Cell>
    <Cell><Data ss:Type="Number">-0.91</Data></Cell>
    <Cell><Data ss:Type="Number">22.8</Data></Cell>
    <Cell><Data ss:Type="Number">39.299999999999997</Data></Cell>
    <Cell><Data ss:Type="Number">0</Data></Cell>
    <Cell><Data ss:Type="Number">0</Data></Cell>
    <Cell><Data ss:Type="String">2023-12-07 16:16:09.090255</Data></Cell>
   </Row>
   <Row>
    <Cell><Data ss:Type="String">2058</Data></Cell>
    <Cell><Data ss:Type="Number">0.32</Data></Cell>
    <Cell><Data ss:Type="Number">-10.08</Data></Cell>
    <Cell><Data ss:Type="Number">-0.01</Data></Cell>
    <Cell><Data ss:Type="Number">-9.41</Data></Cell>
    <Cell><Data ss:Type="Number">-0.09</Data></Cell>
    <Cell><Data ss:Type="Number">-0.9</Data></Cell>
    <Cell><Data ss:Type="Number">22.8</Data></Cell>
    <Cell><Data ss:Type="Number">39.299999999999997</Data></Cell>
    <Cell><Data ss:Type="Number">0</Data></Cell>
    <Cell><Data ss:Type="Number">0</Data></Cell>
    <Cell><Data ss:Type="String">2023-12-07 16:16:09.050242</Data></Cell>
   </Row>
   <Row>
    <Cell><Data ss:Type="String">2057</Data></Cell>
    <Cell><Data ss:Type="Number">0.66</Data></Cell>
    <Cell><Data ss:Type="Number">-10.199999999999999</Data></Cell>
    <Cell><Data ss:Type="Number">-0.16</Data></Cell>
    <Cell><Data ss:Type="Number">-9.49</Data></Cell>
    <Cell><Data ss:Type="Number">-0.14000000000000001</Data></Cell>
    <Cell><Data ss:Type="Number">-1.02</Data></Cell>
    <Cell><Data ss:Type="Number">22.8</Data></Cell>
    <Cell><Data ss:Type="Number">39.299999999999997</Data></Cell>
    <Cell><Data ss:Type="Number">0</Data></Cell>
    <Cell><Data ss:Type="Number">0</Data></Cell>
    <Cell><Data ss:Type="String">2023-12-07 16:16:09.048868</Data></Cell>
   </Row>
   <Row>
    <Cell><Data ss:Type="String">2056</Data></Cell>
    <Cell><Data ss:Type="Number">-0.08</Data></Cell>
    <Cell><Data ss:Type="Number">-10.5</Data></Cell>
    <Cell><Data ss:Type="Number">-0.04</Data></Cell>
    <Cell><Data ss:Type="Number">-9.68</Data></Cell>
    <Cell><Data ss:Type="Number">-0.06</Data></Cell>
    <Cell><Data ss:Type="Number">-0.82</Data></Cell>
    <Cell><Data ss:Type="Number">22.8</Data></Cell>
    <Cell><Data ss:Type="Number">39.299999999999997</Data></Cell>
    <Cell><Data ss:Type="Number">0</Data></Cell>
    <Cell><Data ss:Type="Number">0</Data></Cell>
    <Cell><Data ss:Type="String">2023-12-07 16:16:09.047310</Data></Cell>
   </Row>
   <Row>
    <Cell><Data ss:Type="String">2055</Data></Cell>
    <Cell><Data ss:Type="Number">1.21</Data></Cell>
    <Cell><Data ss:Type="Number">-9.65</Data></Cell>
    <Cell><Data ss:Type="Number">0.61</Data></Cell>
    <Cell><Data ss:Type="Number">-9.4499999999999993</Data></Cell>
    <Cell><Data ss:Type="Number">0</Data></Cell>
    <Cell><Data ss:Type="Number">-0.89</Data></Cell>
    <Cell><Data ss:Type="Number">22.8</Data></Cell>
    <Cell><Data ss:Type="Number">39.299999999999997</Data></Cell>
    <Cell><Data ss:Type="Number">0</Data></Cell>
    <Cell><Data ss:Type="Number">0</Data></Cell>
    <Cell><Data ss:Type="String">2023-12-07 16:16:08.921316</Data></Cell>
   </Row>
   <Row>
    <Cell><Data ss:Type="String">2054</Data></Cell>
    <Cell><Data ss:Type="Number">0.41</Data></Cell>
    <Cell><Data ss:Type="Number">-9.6300000000000008</Data></Cell>
    <Cell><Data ss:Type="Number">7.0000000000000007E-2</Data></Cell>
    <Cell><Data ss:Type="Number">-9.43</Data></Cell>
    <Cell><Data ss:Type="Number">-0.09</Data></Cell>
    <Cell><Data ss:Type="Number">-0.93</Data></Cell>
    <Cell><Data ss:Type="Number">22.8</Data></Cell>
    <Cell><Data ss:Type="Number">39.299999999999997</Data></Cell>
    <Cell><Data ss:Type="Number">0</Data></Cell>
    <Cell><Data ss:Type="Number">0</Data></Cell>
    <Cell><Data ss:Type="String">2023-12-07 16:16:08.919210</Data></Cell>
   </Row>
   <Row>
    <Cell><Data ss:Type="String">2053</Data></Cell>
    <Cell><Data ss:Type="Number">0.08</Data></Cell>
    <Cell><Data ss:Type="Number">-10.199999999999999</Data></Cell>
    <Cell><Data ss:Type="Number">0.01</Data></Cell>
    <Cell><Data ss:Type="Number">-9.42</Data></Cell>
    <Cell><Data ss:Type="Number">-0.03</Data></Cell>
    <Cell><Data ss:Type="Number">-0.87</Data></Cell>
    <Cell><Data ss:Type="Number">22.8</Data></Cell>
    <Cell><Data ss:Type="Number">39.299999999999997</Data></Cell>
    <Cell><Data ss:Type="Number">0</Data></Cell>
    <Cell><Data ss:Type="Number">0</Data></Cell>
    <Cell><Data ss:Type="String">2023-12-07 16:16:08.874911</Data></Cell>
   </Row>
   <Row>
    <Cell><Data ss:Type="String">2052</Data></Cell>
    <Cell><Data ss:Type="Number">0.38</Data></Cell>
    <Cell><Data ss:Type="Number">-10.220000000000001</Data></Cell>
    <Cell><Data ss:Type="Number">7.0000000000000007E-2</Data></Cell>
    <Cell><Data ss:Type="Number">-9.5</Data></Cell>
    <Cell><Data ss:Type="Number">-0.09</Data></Cell>
    <Cell><Data ss:Type="Number">-0.98</Data></Cell>
    <Cell><Data ss:Type="Number">22.8</Data></Cell>
    <Cell><Data ss:Type="Number">39.299999999999997</Data></Cell>
    <Cell><Data ss:Type="Number">0</Data></Cell>
    <Cell><Data ss:Type="Number">0</Data></Cell>
    <Cell><Data ss:Type="String">2023-12-07 16:16:08.828050</Data></Cell>
   </Row>
   <Row>
    <Cell><Data ss:Type="String">2051</Data></Cell>
    <Cell><Data ss:Type="Number">0.43</Data></Cell>
    <Cell><Data ss:Type="Number">-10.119999999999999</Data></Cell>
    <Cell><Data ss:Type="Number">0.15</Data></Cell>
    <Cell><Data ss:Type="Number">-9.57</Data></Cell>
    <Cell><Data ss:Type="Number">-0.09</Data></Cell>
    <Cell><Data ss:Type="Number">-0.85</Data></Cell>
    <Cell><Data ss:Type="Number">22.8</Data></Cell>
    <Cell><Data ss:Type="Number">39.299999999999997</Data></Cell>
    <Cell><Data ss:Type="Number">0</Data></Cell>
    <Cell><Data ss:Type="Number">0</Data></Cell>
    <Cell><Data ss:Type="String">2023-12-07 16:16:08.783930</Data></Cell>
   </Row>
   <Row>
    <Cell><Data ss:Type="String">2050</Data></Cell>
    <Cell><Data ss:Type="Number">0.52</Data></Cell>
    <Cell><Data ss:Type="Number">-9.8800000000000008</Data></Cell>
    <Cell><Data ss:Type="Number">-0.69</Data></Cell>
    <Cell><Data ss:Type="Number">-9.36</Data></Cell>
    <Cell><Data ss:Type="Number">-0.03</Data></Cell>
    <Cell><Data ss:Type="Number">-0.96</Data></Cell>
    <Cell><Data ss:Type="Number">22.8</Data></Cell>
    <Cell><Data ss:Type="Number">39.299999999999997</Data></Cell>
    <Cell><Data ss:Type="Number">0</Data></Cell>
    <Cell><Data ss:Type="Number">0</Data></Cell>
    <Cell><Data ss:Type="String">2023-12-07 16:16:08.782222</Data></Cell>
   </Row>
   <Row>
    <Cell><Data ss:Type="String">2049</Data></Cell>
    <Cell><Data ss:Type="Number">0.69</Data></Cell>
    <Cell><Data ss:Type="Number">-9.9</Data></Cell>
    <Cell><Data ss:Type="Number">0.21</Data></Cell>
    <Cell><Data ss:Type="Number">-9.26</Data></Cell>
    <Cell><Data ss:Type="Number">-0.11</Data></Cell>
    <Cell><Data ss:Type="Number">-0.98</Data></Cell>
    <Cell><Data ss:Type="Number">22.8</Data></Cell>
    <Cell><Data ss:Type="Number">39.299999999999997</Data></Cell>
    <Cell><Data ss:Type="Number">0</Data></Cell>
    <Cell><Data ss:Type="Number">0</Data></Cell>
    <Cell><Data ss:Type="String">2023-12-07 16:16:08.744520</Data></Cell>
   </Row>
   <Row>
    <Cell><Data ss:Type="String">2048</Data></Cell>
    <Cell><Data ss:Type="Number">0.7</Data></Cell>
    <Cell><Data ss:Type="Number">-9.98</Data></Cell>
    <Cell><Data ss:Type="Number">0.16</Data></Cell>
    <Cell><Data ss:Type="Number">-9.42</Data></Cell>
    <Cell><Data ss:Type="Number">-0.17</Data></Cell>
    <Cell><Data ss:Type="Number">-0.91</Data></Cell>
    <Cell><Data ss:Type="Number">22.8</Data></Cell>
    <Cell><Data ss:Type="Number">39.299999999999997</Data></Cell>
    <Cell><Data ss:Type="Number">0</Data></Cell>
    <Cell><Data ss:Type="Number">0</Data></Cell>
    <Cell><Data ss:Type="String">2023-12-07 16:16:08.743122</Data></Cell>
   </Row>
   <Row>
    <Cell><Data ss:Type="String">2047</Data></Cell>
    <Cell><Data ss:Type="Number">0.51</Data></Cell>
    <Cell><Data ss:Type="Number">-10.25</Data></Cell>
    <Cell><Data ss:Type="Number">0.62</Data></Cell>
    <Cell><Data ss:Type="Number">-9.59</Data></Cell>
    <Cell><Data ss:Type="Number">-0.08</Data></Cell>
    <Cell><Data ss:Type="Number">-0.88</Data></Cell>
    <Cell><Data ss:Type="Number">22.8</Data></Cell>
    <Cell><Data ss:Type="Number">39.299999999999997</Data></Cell>
    <Cell><Data ss:Type="Number">0</Data></Cell>
    <Cell><Data ss:Type="Number">0</Data></Cell>
    <Cell><Data ss:Type="String">2023-12-07 16:16:08.741728</Data></Cell>
   </Row>
   <Row>
    <Cell><Data ss:Type="String">2046</Data></Cell>
    <Cell><Data ss:Type="Number">-0.06</Data></Cell>
    <Cell><Data ss:Type="Number">-10</Data></Cell>
    <Cell><Data ss:Type="Number">0.15</Data></Cell>
    <Cell><Data ss:Type="Number">-9.36</Data></Cell>
    <Cell><Data ss:Type="Number">-0.08</Data></Cell>
    <Cell><Data ss:Type="Number">-0.85</Data></Cell>
    <Cell><Data ss:Type="Number">22.8</Data></Cell>
    <Cell><Data ss:Type="Number">39.299999999999997</Data></Cell>
    <Cell><Data ss:Type="Number">0</Data></Cell>
    <Cell><Data ss:Type="Number">0</Data></Cell>
    <Cell><Data ss:Type="String">2023-12-07 16:16:08.739983</Data></Cell>
   </Row>
   <Row>
    <Cell><Data ss:Type="String">2045</Data></Cell>
    <Cell><Data ss:Type="Number">1.78</Data></Cell>
    <Cell><Data ss:Type="Number">-10.029999999999999</Data></Cell>
    <Cell><Data ss:Type="Number">-0.17</Data></Cell>
    <Cell><Data ss:Type="Number">-9.57</Data></Cell>
    <Cell><Data ss:Type="Number">0.33</Data></Cell>
    <Cell><Data ss:Type="Number">-1.02</Data></Cell>
    <Cell><Data ss:Type="Number">22.8</Data></Cell>
    <Cell><Data ss:Type="Number">39.299999999999997</Data></Cell>
    <Cell><Data ss:Type="Number">0</Data></Cell>
    <Cell><Data ss:Type="Number">0</Data></Cell>
    <Cell><Data ss:Type="String">2023-12-07 16:16:08.581423</Data></Cell>
   </Row>
   <Row>
    <Cell><Data ss:Type="String">2044</Data></Cell>
    <Cell><Data ss:Type="Number">0.34</Data></Cell>
    <Cell><Data ss:Type="Number">-10.61</Data></Cell>
    <Cell><Data ss:Type="Number">0.2</Data></Cell>
    <Cell><Data ss:Type="Number">-9.74</Data></Cell>
    <Cell><Data ss:Type="Number">0.08</Data></Cell>
    <Cell><Data ss:Type="Number">-1</Data></Cell>
    <Cell><Data ss:Type="Number">22.8</Data></Cell>
    <Cell><Data ss:Type="Number">39.299999999999997</Data></Cell>
    <Cell><Data ss:Type="Number">0</Data></Cell>
    <Cell><Data ss:Type="Number">0</Data></Cell>
    <Cell><Data ss:Type="String">2023-12-07 16:16:08.579881</Data></Cell>
   </Row>
   <Row>
    <Cell><Data ss:Type="String">2043</Data></Cell>
    <Cell><Data ss:Type="Number">-0.78</Data></Cell>
    <Cell><Data ss:Type="Number">-10.27</Data></Cell>
    <Cell><Data ss:Type="Number">-0.66</Data></Cell>
    <Cell><Data ss:Type="Number">-9.4499999999999993</Data></Cell>
    <Cell><Data ss:Type="Number">0.74</Data></Cell>
    <Cell><Data ss:Type="Number">-0.83</Data></Cell>
    <Cell><Data ss:Type="Number">22.8</Data></Cell>
    <Cell><Data ss:Type="Number">39.299999999999997</Data></Cell>
    <Cell><Data ss:Type="Number">0</Data></Cell>
    <Cell><Data ss:Type="Number">0</Data></Cell>
    <Cell><Data ss:Type="String">2023-12-07 16:16:08.534437</Data></Cell>
   </Row>
   <Row>
    <Cell><Data ss:Type="String">2042</Data></Cell>
    <Cell><Data ss:Type="Number">3.31</Data></Cell>
    <Cell><Data ss:Type="Number">-9.92</Data></Cell>
    <Cell><Data ss:Type="Number">1.22</Data></Cell>
    <Cell><Data ss:Type="Number">-9.4600000000000009</Data></Cell>
    <Cell><Data ss:Type="Number">-0.63</Data></Cell>
    <Cell><Data ss:Type="Number">-1.01</Data></Cell>
    <Cell><Data ss:Type="Number">22.8</Data></Cell>
    <Cell><Data ss:Type="Number">39.299999999999997</Data></Cell>
    <Cell><Data ss:Type="Number">0</Data></Cell>
    <Cell><Data ss:Type="Number">0</Data></Cell>
    <Cell><Data ss:Type="String">2023-12-07 16:16:08.489746</Data></Cell>
   </Row>
   <Row>
    <Cell><Data ss:Type="String">2041</Data></Cell>
    <Cell><Data ss:Type="Number">1.61</Data></Cell>
    <Cell><Data ss:Type="Number">-9.35</Data></Cell>
    <Cell><Data ss:Type="Number">0.14000000000000001</Data></Cell>
    <Cell><Data ss:Type="Number">-8.06</Data></Cell>
    <Cell><Data ss:Type="Number">0.38</Data></Cell>
    <Cell><Data ss:Type="Number">-0.44</Data></Cell>
    <Cell><Data ss:Type="Number">22.8</Data></Cell>
    <Cell><Data ss:Type="Number">39.299999999999997</Data></Cell>
    <Cell><Data ss:Type="Number">0</Data></Cell>
    <Cell><Data ss:Type="Number">0</Data></Cell>
    <Cell><Data ss:Type="String">2023-12-07 16:16:08.430722</Data></Cell>
   </Row>
   <Row>
    <Cell><Data ss:Type="String">2040</Data></Cell>
    <Cell><Data ss:Type="Number">0.28000000000000003</Data></Cell>
    <Cell><Data ss:Type="Number">-10.24</Data></Cell>
    <Cell><Data ss:Type="Number">0.17</Data></Cell>
    <Cell><Data ss:Type="Number">-9.4700000000000006</Data></Cell>
    <Cell><Data ss:Type="Number">-0.08</Data></Cell>
    <Cell><Data ss:Type="Number">-0.92</Data></Cell>
    <Cell><Data ss:Type="Number">22.8</Data></Cell>
    <Cell><Data ss:Type="Number">39.299999999999997</Data></Cell>
    <Cell><Data ss:Type="Number">0</Data></Cell>
    <Cell><Data ss:Type="Number">0</Data></Cell>
    <Cell><Data ss:Type="String">2023-12-07 16:16:08.429204</Data></Cell>
   </Row>
   <Row>
    <Cell><Data ss:Type="String">2039</Data></Cell>
    <Cell><Data ss:Type="Number">0.24</Data></Cell>
    <Cell><Data ss:Type="Number">-10.29</Data></Cell>
    <Cell><Data ss:Type="Number">0.26</Data></Cell>
    <Cell><Data ss:Type="Number">-9.4499999999999993</Data></Cell>
    <Cell><Data ss:Type="Number">-0.08</Data></Cell>
    <Cell><Data ss:Type="Number">-0.91</Data></Cell>
    <Cell><Data ss:Type="Number">22.8</Data></Cell>
    <Cell><Data ss:Type="Number">39.299999999999997</Data></Cell>
    <Cell><Data ss:Type="Number">0</Data></Cell>
    <Cell><Data ss:Type="Number">0</Data></Cell>
    <Cell><Data ss:Type="String">2023-12-07 16:16:08.395514</Data></Cell>
   </Row>
   <Row>
    <Cell><Data ss:Type="String">2038</Data></Cell>
    <Cell><Data ss:Type="Number">0.25</Data></Cell>
    <Cell><Data ss:Type="Number">-9.89</Data></Cell>
    <Cell><Data ss:Type="Number">0.1</Data></Cell>
    <Cell><Data ss:Type="Number">-9.39</Data></Cell>
    <Cell><Data ss:Type="Number">-0.06</Data></Cell>
    <Cell><Data ss:Type="Number">-0.91</Data></Cell>
    <Cell><Data ss:Type="Number">22.8</Data></Cell>
    <Cell><Data ss:Type="Number">39.299999999999997</Data></Cell>
    <Cell><Data ss:Type="Number">0</Data></Cell>
    <Cell><Data ss:Type="Number">0</Data></Cell>
    <Cell><Data ss:Type="String">2023-12-07 16:16:08.394007</Data></Cell>
   </Row>
   <Row>
    <Cell><Data ss:Type="String">2037</Data></Cell>
    <Cell><Data ss:Type="Number">0.3</Data></Cell>
    <Cell><Data ss:Type="Number">-10</Data></Cell>
    <Cell><Data ss:Type="Number">0.18</Data></Cell>
    <Cell><Data ss:Type="Number">-9.4700000000000006</Data></Cell>
    <Cell><Data ss:Type="Number">-0.09</Data></Cell>
    <Cell><Data ss:Type="Number">-0.93</Data></Cell>
    <Cell><Data ss:Type="Number">22.8</Data></Cell>
    <Cell><Data ss:Type="Number">39.299999999999997</Data></Cell>
    <Cell><Data ss:Type="Number">0</Data></Cell>
    <Cell><Data ss:Type="Number">0</Data></Cell>
    <Cell><Data ss:Type="String">2023-12-07 16:16:08.392634</Data></Cell>
   </Row>
   <Row>
    <Cell><Data ss:Type="String">2036</Data></Cell>
    <Cell><Data ss:Type="Number">0.27</Data></Cell>
    <Cell><Data ss:Type="Number">-10.08</Data></Cell>
    <Cell><Data ss:Type="Number">0.15</Data></Cell>
    <Cell><Data ss:Type="Number">-9.5299999999999994</Data></Cell>
    <Cell><Data ss:Type="Number">-0.06</Data></Cell>
    <Cell><Data ss:Type="Number">-0.9</Data></Cell>
    <Cell><Data ss:Type="Number">22.8</Data></Cell>
    <Cell><Data ss:Type="Number">39.299999999999997</Data></Cell>
    <Cell><Data ss:Type="Number">0</Data></Cell>
    <Cell><Data ss:Type="Number">0</Data></Cell>
    <Cell><Data ss:Type="String">2023-12-07 16:16:08.391105</Data></Cell>
   </Row>
   <Row>
    <Cell><Data ss:Type="String">2035</Data></Cell>
    <Cell><Data ss:Type="Number">0.26</Data></Cell>
    <Cell><Data ss:Type="Number">-10.19</Data></Cell>
    <Cell><Data ss:Type="Number">0.17</Data></Cell>
    <Cell><Data ss:Type="Number">-9.5399999999999991</Data></Cell>
    <Cell><Data ss:Type="Number">-0.05</Data></Cell>
    <Cell><Data ss:Type="Number">-0.89</Data></Cell>
    <Cell><Data ss:Type="Number">22.8</Data></Cell>
    <Cell><Data ss:Type="Number">39.299999999999997</Data></Cell>
    <Cell><Data ss:Type="Number">0</Data></Cell>
    <Cell><Data ss:Type="Number">0</Data></Cell>
    <Cell><Data ss:Type="String">2023-12-07 16:16:08.388975</Data></Cell>
   </Row>
   <Row>
    <Cell><Data ss:Type="String">2034</Data></Cell>
    <Cell><Data ss:Type="Number">0.28999999999999998</Data></Cell>
    <Cell><Data ss:Type="Number">-10.15</Data></Cell>
    <Cell><Data ss:Type="Number">0.37</Data></Cell>
    <Cell><Data ss:Type="Number">-9.51</Data></Cell>
    <Cell><Data ss:Type="Number">-0.11</Data></Cell>
    <Cell><Data ss:Type="Number">-0.9</Data></Cell>
    <Cell><Data ss:Type="Number">22.8</Data></Cell>
    <Cell><Data ss:Type="Number">39.299999999999997</Data></Cell>
    <Cell><Data ss:Type="Number">0</Data></Cell>
    <Cell><Data ss:Type="Number">0</Data></Cell>
    <Cell><Data ss:Type="String">2023-12-07 16:16:08.387056</Data></Cell>
   </Row>
   <Row>
    <Cell><Data ss:Type="String">2033</Data></Cell>
    <Cell><Data ss:Type="Number">0.27</Data></Cell>
    <Cell><Data ss:Type="Number">-9.9600000000000009</Data></Cell>
    <Cell><Data ss:Type="Number">0.12</Data></Cell>
    <Cell><Data ss:Type="Number">-9.42</Data></Cell>
    <Cell><Data ss:Type="Number">-0.06</Data></Cell>
    <Cell><Data ss:Type="Number">-0.94</Data></Cell>
    <Cell><Data ss:Type="Number">22.8</Data></Cell>
    <Cell><Data ss:Type="Number">39.299999999999997</Data></Cell>
    <Cell><Data ss:Type="Number">0</Data></Cell>
    <Cell><Data ss:Type="Number">0</Data></Cell>
    <Cell><Data ss:Type="String">2023-12-07 16:16:08.384422</Data></Cell>
   </Row>
   <Row>
    <Cell><Data ss:Type="String">2032</Data></Cell>
    <Cell><Data ss:Type="Number">0.28000000000000003</Data></Cell>
    <Cell><Data ss:Type="Number">-10.210000000000001</Data></Cell>
    <Cell><Data ss:Type="Number">0.16</Data></Cell>
    <Cell><Data ss:Type="Number">-9.5399999999999991</Data></Cell>
    <Cell><Data ss:Type="Number">-0.06</Data></Cell>
    <Cell><Data ss:Type="Number">-0.89</Data></Cell>
    <Cell><Data ss:Type="Number">22.8</Data></Cell>
    <Cell><Data ss:Type="Number">39.299999999999997</Data></Cell>
    <Cell><Data ss:Type="Number">0</Data></Cell>
    <Cell><Data ss:Type="Number">0</Data></Cell>
    <Cell><Data ss:Type="String">2023-12-07 16:16:08.159717</Data></Cell>
   </Row>
   <Row>
    <Cell><Data ss:Type="String">2031</Data></Cell>
    <Cell><Data ss:Type="Number">0.25</Data></Cell>
    <Cell><Data ss:Type="Number">-10.29</Data></Cell>
    <Cell><Data ss:Type="Number">0.18</Data></Cell>
    <Cell><Data ss:Type="Number">-9.51</Data></Cell>
    <Cell><Data ss:Type="Number">-0.08</Data></Cell>
    <Cell><Data ss:Type="Number">-0.9</Data></Cell>
    <Cell><Data ss:Type="Number">22.8</Data></Cell>
    <Cell><Data ss:Type="Number">39.299999999999997</Data></Cell>
    <Cell><Data ss:Type="Number">0</Data></Cell>
    <Cell><Data ss:Type="Number">0</Data></Cell>
    <Cell><Data ss:Type="String">2023-12-07 16:16:08.111572</Data></Cell>
   </Row>
   <Row>
    <Cell><Data ss:Type="String">2030</Data></Cell>
    <Cell><Data ss:Type="Number">0.4</Data></Cell>
    <Cell><Data ss:Type="Number">-10.029999999999999</Data></Cell>
    <Cell><Data ss:Type="Number">0.24</Data></Cell>
    <Cell><Data ss:Type="Number">-9.43</Data></Cell>
    <Cell><Data ss:Type="Number">-0.05</Data></Cell>
    <Cell><Data ss:Type="Number">-0.93</Data></Cell>
    <Cell><Data ss:Type="Number">22.8</Data></Cell>
    <Cell><Data ss:Type="Number">39.299999999999997</Data></Cell>
    <Cell><Data ss:Type="Number">0</Data></Cell>
    <Cell><Data ss:Type="Number">0</Data></Cell>
    <Cell><Data ss:Type="String">2023-12-07 16:16:08.110028</Data></Cell>
   </Row>
   <Row>
    <Cell><Data ss:Type="String">2029</Data></Cell>
    <Cell><Data ss:Type="Number">0.31</Data></Cell>
    <Cell><Data ss:Type="Number">-9.91</Data></Cell>
    <Cell><Data ss:Type="Number">0.18</Data></Cell>
    <Cell><Data ss:Type="Number">-9.41</Data></Cell>
    <Cell><Data ss:Type="Number">-0.08</Data></Cell>
    <Cell><Data ss:Type="Number">-0.93</Data></Cell>
    <Cell><Data ss:Type="Number">22.8</Data></Cell>
    <Cell><Data ss:Type="Number">39.299999999999997</Data></Cell>
    <Cell><Data ss:Type="Number">0</Data></Cell>
    <Cell><Data ss:Type="Number">0</Data></Cell>
    <Cell><Data ss:Type="String">2023-12-07 16:16:08.108527</Data></Cell>
   </Row>
   <Row>
    <Cell><Data ss:Type="String">2028</Data></Cell>
    <Cell><Data ss:Type="Number">0.3</Data></Cell>
    <Cell><Data ss:Type="Number">-10</Data></Cell>
    <Cell><Data ss:Type="Number">0.13</Data></Cell>
    <Cell><Data ss:Type="Number">-9.48</Data></Cell>
    <Cell><Data ss:Type="Number">-0.08</Data></Cell>
    <Cell><Data ss:Type="Number">-0.91</Data></Cell>
    <Cell><Data ss:Type="Number">22.8</Data></Cell>
    <Cell><Data ss:Type="Number">39.299999999999997</Data></Cell>
    <Cell><Data ss:Type="Number">0</Data></Cell>
    <Cell><Data ss:Type="Number">0</Data></Cell>
    <Cell><Data ss:Type="String">2023-12-07 16:16:08.107083</Data></Cell>
   </Row>
   <Row>
    <Cell><Data ss:Type="String">2027</Data></Cell>
    <Cell><Data ss:Type="Number">0.25</Data></Cell>
    <Cell><Data ss:Type="Number">-10.119999999999999</Data></Cell>
    <Cell><Data ss:Type="Number">0.22</Data></Cell>
    <Cell><Data ss:Type="Number">-9.5299999999999994</Data></Cell>
    <Cell><Data ss:Type="Number">-7.0000000000000007E-2</Data></Cell>
    <Cell><Data ss:Type="Number">-0.89</Data></Cell>
    <Cell><Data ss:Type="Number">22.8</Data></Cell>
    <Cell><Data ss:Type="Number">39.299999999999997</Data></Cell>
    <Cell><Data ss:Type="Number">0</Data></Cell>
    <Cell><Data ss:Type="Number">0</Data></Cell>
    <Cell><Data ss:Type="String">2023-12-07 16:16:08.104756</Data></Cell>
   </Row>
   <Row>
    <Cell><Data ss:Type="String">2026</Data></Cell>
    <Cell><Data ss:Type="Number">0.31</Data></Cell>
    <Cell><Data ss:Type="Number">-10.28</Data></Cell>
    <Cell><Data ss:Type="Number">0.24</Data></Cell>
    <Cell><Data ss:Type="Number">-9.59</Data></Cell>
    <Cell><Data ss:Type="Number">-0.09</Data></Cell>
    <Cell><Data ss:Type="Number">-0.88</Data></Cell>
    <Cell><Data ss:Type="Number">22.8</Data></Cell>
    <Cell><Data ss:Type="Number">39.299999999999997</Data></Cell>
    <Cell><Data ss:Type="Number">0</Data></Cell>
    <Cell><Data ss:Type="Number">0</Data></Cell>
    <Cell><Data ss:Type="String">2023-12-07 16:16:08.102252</Data></Cell>
   </Row>
   <Row>
    <Cell><Data ss:Type="String">2025</Data></Cell>
    <Cell><Data ss:Type="Number">0.28000000000000003</Data></Cell>
    <Cell><Data ss:Type="Number">-10.02</Data></Cell>
    <Cell><Data ss:Type="Number">0.16</Data></Cell>
    <Cell><Data ss:Type="Number">-9.4</Data></Cell>
    <Cell><Data ss:Type="Number">-7.0000000000000007E-2</Data></Cell>
    <Cell><Data ss:Type="Number">-0.92</Data></Cell>
    <Cell><Data ss:Type="Number">22.8</Data></Cell>
    <Cell><Data ss:Type="Number">39.299999999999997</Data></Cell>
    <Cell><Data ss:Type="Number">0</Data></Cell>
    <Cell><Data ss:Type="Number">0</Data></Cell>
    <Cell><Data ss:Type="String">2023-12-07 16:16:08.100719</Data></Cell>
   </Row>
   <Row>
    <Cell><Data ss:Type="String">2024</Data></Cell>
    <Cell><Data ss:Type="Number">0.38</Data></Cell>
    <Cell><Data ss:Type="Number">-9.99</Data></Cell>
    <Cell><Data ss:Type="Number">0.09</Data></Cell>
    <Cell><Data ss:Type="Number">-9.4</Data></Cell>
    <Cell><Data ss:Type="Number">-0.06</Data></Cell>
    <Cell><Data ss:Type="Number">-0.91</Data></Cell>
    <Cell><Data ss:Type="Number">22.8</Data></Cell>
    <Cell><Data ss:Type="Number">39.299999999999997</Data></Cell>
    <Cell><Data ss:Type="Number">0</Data></Cell>
    <Cell><Data ss:Type="Number">0</Data></Cell>
    <Cell><Data ss:Type="String">2023-12-07 16:16:07.865600</Data></Cell>
   </Row>
   <Row>
    <Cell><Data ss:Type="String">2023</Data></Cell>
    <Cell><Data ss:Type="Number">0.32</Data></Cell>
    <Cell><Data ss:Type="Number">-10.08</Data></Cell>
    <Cell><Data ss:Type="Number">0.13</Data></Cell>
    <Cell><Data ss:Type="Number">-9.51</Data></Cell>
    <Cell><Data ss:Type="Number">-0.06</Data></Cell>
    <Cell><Data ss:Type="Number">-0.93</Data></Cell>
    <Cell><Data ss:Type="Number">22.8</Data></Cell>
    <Cell><Data ss:Type="Number">39.299999999999997</Data></Cell>
    <Cell><Data ss:Type="Number">0</Data></Cell>
    <Cell><Data ss:Type="Number">0</Data></Cell>
    <Cell><Data ss:Type="String">2023-12-07 16:16:07.863456</Data></Cell>
   </Row>
   <Row>
    <Cell><Data ss:Type="String">2022</Data></Cell>
    <Cell><Data ss:Type="Number">0.34</Data></Cell>
    <Cell><Data ss:Type="Number">-10.220000000000001</Data></Cell>
    <Cell><Data ss:Type="Number">0.14000000000000001</Data></Cell>
    <Cell><Data ss:Type="Number">-9.5500000000000007</Data></Cell>
    <Cell><Data ss:Type="Number">-0.08</Data></Cell>
    <Cell><Data ss:Type="Number">-0.91</Data></Cell>
    <Cell><Data ss:Type="Number">22.8</Data></Cell>
    <Cell><Data ss:Type="Number">39.299999999999997</Data></Cell>
    <Cell><Data ss:Type="Number">0</Data></Cell>
    <Cell><Data ss:Type="Number">0</Data></Cell>
    <Cell><Data ss:Type="String">2023-12-07 16:16:07.828839</Data></Cell>
   </Row>
   <Row>
    <Cell><Data ss:Type="String">2021</Data></Cell>
    <Cell><Data ss:Type="Number">0.26</Data></Cell>
    <Cell><Data ss:Type="Number">-10.24</Data></Cell>
    <Cell><Data ss:Type="Number">7.0000000000000007E-2</Data></Cell>
    <Cell><Data ss:Type="Number">-9.5500000000000007</Data></Cell>
    <Cell><Data ss:Type="Number">-0.09</Data></Cell>
    <Cell><Data ss:Type="Number">-0.89</Data></Cell>
    <Cell><Data ss:Type="Number">22.8</Data></Cell>
    <Cell><Data ss:Type="Number">39.299999999999997</Data></Cell>
    <Cell><Data ss:Type="Number">0</Data></Cell>
    <Cell><Data ss:Type="Number">0</Data></Cell>
    <Cell><Data ss:Type="String">2023-12-07 16:16:07.827323</Data></Cell>
   </Row>
   <Row>
    <Cell><Data ss:Type="String">2020</Data></Cell>
    <Cell><Data ss:Type="Number">0.28999999999999998</Data></Cell>
    <Cell><Data ss:Type="Number">-9.9700000000000006</Data></Cell>
    <Cell><Data ss:Type="Number">0.35</Data></Cell>
    <Cell><Data ss:Type="Number">-9.44</Data></Cell>
    <Cell><Data ss:Type="Number">-0.06</Data></Cell>
    <Cell><Data ss:Type="Number">-0.92</Data></Cell>
    <Cell><Data ss:Type="Number">22.8</Data></Cell>
    <Cell><Data ss:Type="Number">39.299999999999997</Data></Cell>
    <Cell><Data ss:Type="Number">0</Data></Cell>
    <Cell><Data ss:Type="Number">0</Data></Cell>
    <Cell><Data ss:Type="String">2023-12-07 16:16:07.825794</Data></Cell>
   </Row>
   <Row>
    <Cell><Data ss:Type="String">2019</Data></Cell>
    <Cell><Data ss:Type="Number">0.32</Data></Cell>
    <Cell><Data ss:Type="Number">-9.9499999999999993</Data></Cell>
    <Cell><Data ss:Type="Number">0.15</Data></Cell>
    <Cell><Data ss:Type="Number">-9.44</Data></Cell>
    <Cell><Data ss:Type="Number">-7.0000000000000007E-2</Data></Cell>
    <Cell><Data ss:Type="Number">-0.91</Data></Cell>
    <Cell><Data ss:Type="Number">22.8</Data></Cell>
    <Cell><Data ss:Type="Number">39.299999999999997</Data></Cell>
    <Cell><Data ss:Type="Number">0</Data></Cell>
    <Cell><Data ss:Type="Number">0</Data></Cell>
    <Cell><Data ss:Type="String">2023-12-07 16:16:07.824146</Data></Cell>
   </Row>
   <Row>
    <Cell><Data ss:Type="String">2018</Data></Cell>
    <Cell><Data ss:Type="Number">0.26</Data></Cell>
    <Cell><Data ss:Type="Number">-9.9</Data></Cell>
    <Cell><Data ss:Type="Number">0.14000000000000001</Data></Cell>
    <Cell><Data ss:Type="Number">-9.4499999999999993</Data></Cell>
    <Cell><Data ss:Type="Number">-0.09</Data></Cell>
    <Cell><Data ss:Type="Number">-0.94</Data></Cell>
    <Cell><Data ss:Type="Number">22.8</Data></Cell>
    <Cell><Data ss:Type="Number">39.299999999999997</Data></Cell>
    <Cell><Data ss:Type="Number">0</Data></Cell>
    <Cell><Data ss:Type="Number">0</Data></Cell>
    <Cell><Data ss:Type="String">2023-12-07 16:16:07.822067</Data></Cell>
   </Row>
   <Row>
    <Cell><Data ss:Type="String">2017</Data></Cell>
    <Cell><Data ss:Type="Number">0.27</Data></Cell>
    <Cell><Data ss:Type="Number">-10.19</Data></Cell>
    <Cell><Data ss:Type="Number">0.2</Data></Cell>
    <Cell><Data ss:Type="Number">-9.5299999999999994</Data></Cell>
    <Cell><Data ss:Type="Number">-7.0000000000000007E-2</Data></Cell>
    <Cell><Data ss:Type="Number">-0.86</Data></Cell>
    <Cell><Data ss:Type="Number">22.8</Data></Cell>
    <Cell><Data ss:Type="Number">39.299999999999997</Data></Cell>
    <Cell><Data ss:Type="Number">0</Data></Cell>
    <Cell><Data ss:Type="Number">0</Data></Cell>
    <Cell><Data ss:Type="String">2023-12-07 16:16:07.819792</Data></Cell>
   </Row>
   <Row>
    <Cell><Data ss:Type="String">2016</Data></Cell>
    <Cell><Data ss:Type="Number">0.28000000000000003</Data></Cell>
    <Cell><Data ss:Type="Number">-10.33</Data></Cell>
    <Cell><Data ss:Type="Number">0.14000000000000001</Data></Cell>
    <Cell><Data ss:Type="Number">-9.49</Data></Cell>
    <Cell><Data ss:Type="Number">-0.08</Data></Cell>
    <Cell><Data ss:Type="Number">-0.9</Data></Cell>
    <Cell><Data ss:Type="Number">22.8</Data></Cell>
    <Cell><Data ss:Type="Number">39.299999999999997</Data></Cell>
    <Cell><Data ss:Type="Number">0</Data></Cell>
    <Cell><Data ss:Type="Number">0</Data></Cell>
    <Cell><Data ss:Type="String">2023-12-07 16:16:07.608009</Data></Cell>
   </Row>
   <Row>
    <Cell><Data ss:Type="String">2015</Data></Cell>
    <Cell><Data ss:Type="Number">0.28000000000000003</Data></Cell>
    <Cell><Data ss:Type="Number">-9.94</Data></Cell>
    <Cell><Data ss:Type="Number">0.11</Data></Cell>
    <Cell><Data ss:Type="Number">-9.43</Data></Cell>
    <Cell><Data ss:Type="Number">-0.06</Data></Cell>
    <Cell><Data ss:Type="Number">-0.92</Data></Cell>
    <Cell><Data ss:Type="Number">22.8</Data></Cell>
    <Cell><Data ss:Type="Number">39.299999999999997</Data></Cell>
    <Cell><Data ss:Type="Number">0</Data></Cell>
    <Cell><Data ss:Type="Number">0</Data></Cell>
    <Cell><Data ss:Type="String">2023-12-07 16:16:07.605857</Data></Cell>
   </Row>
   <Row>
    <Cell><Data ss:Type="String">2014</Data></Cell>
    <Cell><Data ss:Type="Number">0.28000000000000003</Data></Cell>
    <Cell><Data ss:Type="Number">-9.89</Data></Cell>
    <Cell><Data ss:Type="Number">0.13</Data></Cell>
    <Cell><Data ss:Type="Number">-9.4600000000000009</Data></Cell>
    <Cell><Data ss:Type="Number">-0.08</Data></Cell>
    <Cell><Data ss:Type="Number">-0.91</Data></Cell>
    <Cell><Data ss:Type="Number">22.8</Data></Cell>
    <Cell><Data ss:Type="Number">39.299999999999997</Data></Cell>
    <Cell><Data ss:Type="Number">0</Data></Cell>
    <Cell><Data ss:Type="Number">0</Data></Cell>
    <Cell><Data ss:Type="String">2023-12-07 16:16:07.561518</Data></Cell>
   </Row>
   <Row>
    <Cell><Data ss:Type="String">2013</Data></Cell>
    <Cell><Data ss:Type="Number">0.31</Data></Cell>
    <Cell><Data ss:Type="Number">-10.24</Data></Cell>
    <Cell><Data ss:Type="Number">0.21</Data></Cell>
    <Cell><Data ss:Type="Number">-9.56</Data></Cell>
    <Cell><Data ss:Type="Number">-0.09</Data></Cell>
    <Cell><Data ss:Type="Number">-0.91</Data></Cell>
    <Cell><Data ss:Type="Number">22.8</Data></Cell>
    <Cell><Data ss:Type="Number">39.299999999999997</Data></Cell>
    <Cell><Data ss:Type="Number">0</Data></Cell>
    <Cell><Data ss:Type="Number">0</Data></Cell>
    <Cell><Data ss:Type="String">2023-12-07 16:16:07.512647</Data></Cell>
   </Row>
   <Row>
    <Cell><Data ss:Type="String">2012</Data></Cell>
    <Cell><Data ss:Type="Number">0.28999999999999998</Data></Cell>
    <Cell><Data ss:Type="Number">-10.19</Data></Cell>
    <Cell><Data ss:Type="Number">0.14000000000000001</Data></Cell>
    <Cell><Data ss:Type="Number">-9.5</Data></Cell>
    <Cell><Data ss:Type="Number">-0.08</Data></Cell>
    <Cell><Data ss:Type="Number">-0.89</Data></Cell>
    <Cell><Data ss:Type="Number">22.8</Data></Cell>
    <Cell><Data ss:Type="Number">39.299999999999997</Data></Cell>
    <Cell><Data ss:Type="Number">0</Data></Cell>
    <Cell><Data ss:Type="Number">0</Data></Cell>
    <Cell><Data ss:Type="String">2023-12-07 16:16:07.467661</Data></Cell>
   </Row>
   <Row>
    <Cell><Data ss:Type="String">2011</Data></Cell>
    <Cell><Data ss:Type="Number">0.28000000000000003</Data></Cell>
    <Cell><Data ss:Type="Number">-9.99</Data></Cell>
    <Cell><Data ss:Type="Number">0.19</Data></Cell>
    <Cell><Data ss:Type="Number">-9.4499999999999993</Data></Cell>
    <Cell><Data ss:Type="Number">-0.09</Data></Cell>
    <Cell><Data ss:Type="Number">-0.92</Data></Cell>
    <Cell><Data ss:Type="Number">22.8</Data></Cell>
    <Cell><Data ss:Type="Number">39.299999999999997</Data></Cell>
    <Cell><Data ss:Type="Number">0</Data></Cell>
    <Cell><Data ss:Type="Number">0</Data></Cell>
    <Cell><Data ss:Type="String">2023-12-07 16:16:07.465953</Data></Cell>
   </Row>
   <Row>
    <Cell><Data ss:Type="String">2010</Data></Cell>
    <Cell><Data ss:Type="Number">0.25</Data></Cell>
    <Cell><Data ss:Type="Number">-9.89</Data></Cell>
    <Cell><Data ss:Type="Number">0.12</Data></Cell>
    <Cell><Data ss:Type="Number">-9.44</Data></Cell>
    <Cell><Data ss:Type="Number">-0.08</Data></Cell>
    <Cell><Data ss:Type="Number">-0.95</Data></Cell>
    <Cell><Data ss:Type="Number">22.8</Data></Cell>
    <Cell><Data ss:Type="Number">39.299999999999997</Data></Cell>
    <Cell><Data ss:Type="Number">0</Data></Cell>
    <Cell><Data ss:Type="Number">0</Data></Cell>
    <Cell><Data ss:Type="String">2023-12-07 16:16:07.421951</Data></Cell>
   </Row>
   <Row>
    <Cell><Data ss:Type="String">2009</Data></Cell>
    <Cell><Data ss:Type="Number">0.27</Data></Cell>
    <Cell><Data ss:Type="Number">-10.16</Data></Cell>
    <Cell><Data ss:Type="Number">0.18</Data></Cell>
    <Cell><Data ss:Type="Number">-9.51</Data></Cell>
    <Cell><Data ss:Type="Number">-0.06</Data></Cell>
    <Cell><Data ss:Type="Number">-0.89</Data></Cell>
    <Cell><Data ss:Type="Number">22.8</Data></Cell>
    <Cell><Data ss:Type="Number">39.299999999999997</Data></Cell>
    <Cell><Data ss:Type="Number">0</Data></Cell>
    <Cell><Data ss:Type="Number">0</Data></Cell>
    <Cell><Data ss:Type="String">2023-12-07 16:16:07.373851</Data></Cell>
   </Row>
   <Row>
    <Cell><Data ss:Type="String">2008</Data></Cell>
    <Cell><Data ss:Type="Number">0.33</Data></Cell>
    <Cell><Data ss:Type="Number">-10.33</Data></Cell>
    <Cell><Data ss:Type="Number">0.17</Data></Cell>
    <Cell><Data ss:Type="Number">-9.56</Data></Cell>
    <Cell><Data ss:Type="Number">-0.08</Data></Cell>
    <Cell><Data ss:Type="Number">-0.91</Data></Cell>
    <Cell><Data ss:Type="Number">22.8</Data></Cell>
    <Cell><Data ss:Type="Number">39.299999999999997</Data></Cell>
    <Cell><Data ss:Type="Number">0</Data></Cell>
    <Cell><Data ss:Type="Number">0</Data></Cell>
    <Cell><Data ss:Type="String">2023-12-07 16:16:07.329391</Data></Cell>
   </Row>
   <Row>
    <Cell><Data ss:Type="String">2007</Data></Cell>
    <Cell><Data ss:Type="Number">0.26</Data></Cell>
    <Cell><Data ss:Type="Number">-10.27</Data></Cell>
    <Cell><Data ss:Type="Number">0.15</Data></Cell>
    <Cell><Data ss:Type="Number">-9.48</Data></Cell>
    <Cell><Data ss:Type="Number">-0.05</Data></Cell>
    <Cell><Data ss:Type="Number">-0.88</Data></Cell>
    <Cell><Data ss:Type="Number">22.8</Data></Cell>
    <Cell><Data ss:Type="Number">39.299999999999997</Data></Cell>
    <Cell><Data ss:Type="Number">0</Data></Cell>
    <Cell><Data ss:Type="Number">0</Data></Cell>
    <Cell><Data ss:Type="String">2023-12-07 16:16:07.327656</Data></Cell>
   </Row>
   <Row>
    <Cell><Data ss:Type="String">2006</Data></Cell>
    <Cell><Data ss:Type="Number">0.31</Data></Cell>
    <Cell><Data ss:Type="Number">-9.89</Data></Cell>
    <Cell><Data ss:Type="Number">0.15</Data></Cell>
    <Cell><Data ss:Type="Number">-9.41</Data></Cell>
    <Cell><Data ss:Type="Number">-0.08</Data></Cell>
    <Cell><Data ss:Type="Number">-0.94</Data></Cell>
    <Cell><Data ss:Type="Number">22.8</Data></Cell>
    <Cell><Data ss:Type="Number">39.299999999999997</Data></Cell>
    <Cell><Data ss:Type="Number">0</Data></Cell>
    <Cell><Data ss:Type="Number">0</Data></Cell>
    <Cell><Data ss:Type="String">2023-12-07 16:16:07.281770</Data></Cell>
   </Row>
   <Row>
    <Cell><Data ss:Type="String">2005</Data></Cell>
    <Cell><Data ss:Type="Number">0.12</Data></Cell>
    <Cell><Data ss:Type="Number">-9.89</Data></Cell>
    <Cell><Data ss:Type="Number">0.12</Data></Cell>
    <Cell><Data ss:Type="Number">-9.42</Data></Cell>
    <Cell><Data ss:Type="Number">-0.06</Data></Cell>
    <Cell><Data ss:Type="Number">-0.92</Data></Cell>
    <Cell><Data ss:Type="Number">22.8</Data></Cell>
    <Cell><Data ss:Type="Number">39.299999999999997</Data></Cell>
    <Cell><Data ss:Type="Number">0</Data></Cell>
    <Cell><Data ss:Type="Number">0</Data></Cell>
    <Cell><Data ss:Type="String">2023-12-07 16:16:07.238688</Data></Cell>
   </Row>
   <Row>
    <Cell><Data ss:Type="String">2004</Data></Cell>
    <Cell><Data ss:Type="Number">0.28999999999999998</Data></Cell>
    <Cell><Data ss:Type="Number">-10.220000000000001</Data></Cell>
    <Cell><Data ss:Type="Number">-0.04</Data></Cell>
    <Cell><Data ss:Type="Number">-9.52</Data></Cell>
    <Cell><Data ss:Type="Number">-7.0000000000000007E-2</Data></Cell>
    <Cell><Data ss:Type="Number">-0.89</Data></Cell>
    <Cell><Data ss:Type="Number">22.8</Data></Cell>
    <Cell><Data ss:Type="Number">39.299999999999997</Data></Cell>
    <Cell><Data ss:Type="Number">0</Data></Cell>
    <Cell><Data ss:Type="Number">0</Data></Cell>
    <Cell><Data ss:Type="String">2023-12-07 16:16:07.236307</Data></Cell>
   </Row>
   <Row>
    <Cell><Data ss:Type="String">2003</Data></Cell>
    <Cell><Data ss:Type="Number">0.31</Data></Cell>
    <Cell><Data ss:Type="Number">-10.23</Data></Cell>
    <Cell><Data ss:Type="Number">0.21</Data></Cell>
    <Cell><Data ss:Type="Number">-9.5299999999999994</Data></Cell>
    <Cell><Data ss:Type="Number">-0.09</Data></Cell>
    <Cell><Data ss:Type="Number">-0.9</Data></Cell>
    <Cell><Data ss:Type="Number">22.8</Data></Cell>
    <Cell><Data ss:Type="Number">39.299999999999997</Data></Cell>
    <Cell><Data ss:Type="Number">0</Data></Cell>
    <Cell><Data ss:Type="Number">0</Data></Cell>
    <Cell><Data ss:Type="String">2023-12-07 16:16:07.190364</Data></Cell>
   </Row>
   <Row>
    <Cell><Data ss:Type="String">2002</Data></Cell>
    <Cell><Data ss:Type="Number">0.26</Data></Cell>
    <Cell><Data ss:Type="Number">-10.19</Data></Cell>
    <Cell><Data ss:Type="Number">0.17</Data></Cell>
    <Cell><Data ss:Type="Number">-9.4600000000000009</Data></Cell>
    <Cell><Data ss:Type="Number">-0.09</Data></Cell>
    <Cell><Data ss:Type="Number">-0.92</Data></Cell>
    <Cell><Data ss:Type="Number">22.8</Data></Cell>
    <Cell><Data ss:Type="Number">39.299999999999997</Data></Cell>
    <Cell><Data ss:Type="Number">0</Data></Cell>
    <Cell><Data ss:Type="Number">0</Data></Cell>
    <Cell><Data ss:Type="String">2023-12-07 16:16:07.143856</Data></Cell>
   </Row>
   <Row>
    <Cell><Data ss:Type="String">2001</Data></Cell>
    <Cell><Data ss:Type="Number">0.25</Data></Cell>
    <Cell><Data ss:Type="Number">-10.08</Data></Cell>
    <Cell><Data ss:Type="Number">0.14000000000000001</Data></Cell>
    <Cell><Data ss:Type="Number">-9.41</Data></Cell>
    <Cell><Data ss:Type="Number">-7.0000000000000007E-2</Data></Cell>
    <Cell><Data ss:Type="Number">-0.94</Data></Cell>
    <Cell><Data ss:Type="Number">22.8</Data></Cell>
    <Cell><Data ss:Type="Number">39.299999999999997</Data></Cell>
    <Cell><Data ss:Type="Number">0</Data></Cell>
    <Cell><Data ss:Type="Number">0</Data></Cell>
    <Cell><Data ss:Type="String">2023-12-07 16:16:07.102000</Data></Cell>
   </Row>
   <Row>
    <Cell><Data ss:Type="String">2000</Data></Cell>
    <Cell><Data ss:Type="Number">0.31</Data></Cell>
    <Cell><Data ss:Type="Number">-9.9700000000000006</Data></Cell>
    <Cell><Data ss:Type="Number">0.11</Data></Cell>
    <Cell><Data ss:Type="Number">-9.49</Data></Cell>
    <Cell><Data ss:Type="Number">-0.1</Data></Cell>
    <Cell><Data ss:Type="Number">-0.93</Data></Cell>
    <Cell><Data ss:Type="Number">22.8</Data></Cell>
    <Cell><Data ss:Type="Number">39.299999999999997</Data></Cell>
    <Cell><Data ss:Type="Number">0</Data></Cell>
    <Cell><Data ss:Type="Number">0</Data></Cell>
    <Cell><Data ss:Type="String">2023-12-07 16:16:07.100072</Data></Cell>
   </Row>
   <Row>
    <Cell><Data ss:Type="String">1999</Data></Cell>
    <Cell><Data ss:Type="Number">0.24</Data></Cell>
    <Cell><Data ss:Type="Number">-10.32</Data></Cell>
    <Cell><Data ss:Type="Number">0.22</Data></Cell>
    <Cell><Data ss:Type="Number">-9.5500000000000007</Data></Cell>
    <Cell><Data ss:Type="Number">-0.05</Data></Cell>
    <Cell><Data ss:Type="Number">-0.87</Data></Cell>
    <Cell><Data ss:Type="Number">22.8</Data></Cell>
    <Cell><Data ss:Type="Number">39.299999999999997</Data></Cell>
    <Cell><Data ss:Type="Number">0</Data></Cell>
    <Cell><Data ss:Type="Number">0</Data></Cell>
    <Cell><Data ss:Type="String">2023-12-07 16:16:07.052154</Data></Cell>
   </Row>
   <Row>
    <Cell><Data ss:Type="String">1998</Data></Cell>
    <Cell><Data ss:Type="Number">0.31</Data></Cell>
    <Cell><Data ss:Type="Number">-10.25</Data></Cell>
    <Cell><Data ss:Type="Number">0.16</Data></Cell>
    <Cell><Data ss:Type="Number">-9.5</Data></Cell>
    <Cell><Data ss:Type="Number">-0.09</Data></Cell>
    <Cell><Data ss:Type="Number">-0.89</Data></Cell>
    <Cell><Data ss:Type="Number">22.8</Data></Cell>
    <Cell><Data ss:Type="Number">39.299999999999997</Data></Cell>
    <Cell><Data ss:Type="Number">0</Data></Cell>
    <Cell><Data ss:Type="Number">0</Data></Cell>
    <Cell><Data ss:Type="String">2023-12-07 16:16:07.007170</Data></Cell>
   </Row>
   <Row>
    <Cell><Data ss:Type="String">1997</Data></Cell>
    <Cell><Data ss:Type="Number">0.25</Data></Cell>
    <Cell><Data ss:Type="Number">-10.029999999999999</Data></Cell>
    <Cell><Data ss:Type="Number">0.13</Data></Cell>
    <Cell><Data ss:Type="Number">-9.44</Data></Cell>
    <Cell><Data ss:Type="Number">-0.04</Data></Cell>
    <Cell><Data ss:Type="Number">-0.9</Data></Cell>
    <Cell><Data ss:Type="Number">22.8</Data></Cell>
    <Cell><Data ss:Type="Number">39.299999999999997</Data></Cell>
    <Cell><Data ss:Type="Number">0</Data></Cell>
    <Cell><Data ss:Type="Number">0</Data></Cell>
    <Cell><Data ss:Type="String">2023-12-07 16:16:06.962160</Data></Cell>
   </Row>
   <Row>
    <Cell><Data ss:Type="String">1996</Data></Cell>
    <Cell><Data ss:Type="Number">0.27</Data></Cell>
    <Cell><Data ss:Type="Number">-9.98</Data></Cell>
    <Cell><Data ss:Type="Number">0.23</Data></Cell>
    <Cell><Data ss:Type="Number">-9.42</Data></Cell>
    <Cell><Data ss:Type="Number">-0.11</Data></Cell>
    <Cell><Data ss:Type="Number">-0.93</Data></Cell>
    <Cell><Data ss:Type="Number">22.8</Data></Cell>
    <Cell><Data ss:Type="Number">39.299999999999997</Data></Cell>
    <Cell><Data ss:Type="Number">0</Data></Cell>
    <Cell><Data ss:Type="Number">0</Data></Cell>
    <Cell><Data ss:Type="String">2023-12-07 16:16:06.960243</Data></Cell>
   </Row>
   <Row>
    <Cell><Data ss:Type="String">1995</Data></Cell>
    <Cell><Data ss:Type="Number">0.25</Data></Cell>
    <Cell><Data ss:Type="Number">-9.99</Data></Cell>
    <Cell><Data ss:Type="Number">0.14000000000000001</Data></Cell>
    <Cell><Data ss:Type="Number">-9.4499999999999993</Data></Cell>
    <Cell><Data ss:Type="Number">-0.05</Data></Cell>
    <Cell><Data ss:Type="Number">-0.88</Data></Cell>
    <Cell><Data ss:Type="Number">22.8</Data></Cell>
    <Cell><Data ss:Type="Number">39.299999999999997</Data></Cell>
    <Cell><Data ss:Type="Number">0</Data></Cell>
    <Cell><Data ss:Type="Number">0</Data></Cell>
    <Cell><Data ss:Type="String">2023-12-07 16:16:06.919243</Data></Cell>
   </Row>
   <Row>
    <Cell><Data ss:Type="String">1994</Data></Cell>
    <Cell><Data ss:Type="Number">0.32</Data></Cell>
    <Cell><Data ss:Type="Number">-10.16</Data></Cell>
    <Cell><Data ss:Type="Number">0.18</Data></Cell>
    <Cell><Data ss:Type="Number">-9.5500000000000007</Data></Cell>
    <Cell><Data ss:Type="Number">-7.0000000000000007E-2</Data></Cell>
    <Cell><Data ss:Type="Number">-0.89</Data></Cell>
    <Cell><Data ss:Type="Number">22.8</Data></Cell>
    <Cell><Data ss:Type="Number">39.299999999999997</Data></Cell>
    <Cell><Data ss:Type="Number">0</Data></Cell>
    <Cell><Data ss:Type="Number">0</Data></Cell>
    <Cell><Data ss:Type="String">2023-12-07 16:16:06.872672</Data></Cell>
   </Row>
   <Row>
    <Cell><Data ss:Type="String">1993</Data></Cell>
    <Cell><Data ss:Type="Number">0.26</Data></Cell>
    <Cell><Data ss:Type="Number">-10.18</Data></Cell>
    <Cell><Data ss:Type="Number">0.08</Data></Cell>
    <Cell><Data ss:Type="Number">-9.5500000000000007</Data></Cell>
    <Cell><Data ss:Type="Number">-0.09</Data></Cell>
    <Cell><Data ss:Type="Number">-0.87</Data></Cell>
    <Cell><Data ss:Type="Number">22.8</Data></Cell>
    <Cell><Data ss:Type="Number">39.299999999999997</Data></Cell>
    <Cell><Data ss:Type="Number">0</Data></Cell>
    <Cell><Data ss:Type="Number">0</Data></Cell>
    <Cell><Data ss:Type="String">2023-12-07 16:16:06.870380</Data></Cell>
   </Row>
   <Row>
    <Cell><Data ss:Type="String">1992</Data></Cell>
    <Cell><Data ss:Type="Number">0.27</Data></Cell>
    <Cell><Data ss:Type="Number">-10.01</Data></Cell>
    <Cell><Data ss:Type="Number">0.1</Data></Cell>
    <Cell><Data ss:Type="Number">-9.4</Data></Cell>
    <Cell><Data ss:Type="Number">-0.08</Data></Cell>
    <Cell><Data ss:Type="Number">-0.93</Data></Cell>
    <Cell><Data ss:Type="Number">22.8</Data></Cell>
    <Cell><Data ss:Type="Number">39.299999999999997</Data></Cell>
    <Cell><Data ss:Type="Number">0</Data></Cell>
    <Cell><Data ss:Type="Number">0</Data></Cell>
    <Cell><Data ss:Type="String">2023-12-07 16:16:06.825264</Data></Cell>
   </Row>
   <Row>
    <Cell><Data ss:Type="String">1991</Data></Cell>
    <Cell><Data ss:Type="Number">0.28000000000000003</Data></Cell>
    <Cell><Data ss:Type="Number">-10</Data></Cell>
    <Cell><Data ss:Type="Number">0.17</Data></Cell>
    <Cell><Data ss:Type="Number">-9.4700000000000006</Data></Cell>
    <Cell><Data ss:Type="Number">-0.08</Data></Cell>
    <Cell><Data ss:Type="Number">-0.91</Data></Cell>
    <Cell><Data ss:Type="Number">22.8</Data></Cell>
    <Cell><Data ss:Type="Number">39.299999999999997</Data></Cell>
    <Cell><Data ss:Type="Number">0</Data></Cell>
    <Cell><Data ss:Type="Number">0</Data></Cell>
    <Cell><Data ss:Type="String">2023-12-07 16:16:06.777737</Data></Cell>
   </Row>
   <Row>
    <Cell><Data ss:Type="String">1990</Data></Cell>
    <Cell><Data ss:Type="Number">0.25</Data></Cell>
    <Cell><Data ss:Type="Number">-10.14</Data></Cell>
    <Cell><Data ss:Type="Number">0.15</Data></Cell>
    <Cell><Data ss:Type="Number">-9.5399999999999991</Data></Cell>
    <Cell><Data ss:Type="Number">-0.06</Data></Cell>
    <Cell><Data ss:Type="Number">-0.88</Data></Cell>
    <Cell><Data ss:Type="Number">22.8</Data></Cell>
    <Cell><Data ss:Type="Number">39.299999999999997</Data></Cell>
    <Cell><Data ss:Type="Number">0</Data></Cell>
    <Cell><Data ss:Type="Number">0</Data></Cell>
    <Cell><Data ss:Type="String">2023-12-07 16:16:06.733938</Data></Cell>
   </Row>
   <Row>
    <Cell><Data ss:Type="String">1989</Data></Cell>
    <Cell><Data ss:Type="Number">0.28000000000000003</Data></Cell>
    <Cell><Data ss:Type="Number">-10.220000000000001</Data></Cell>
    <Cell><Data ss:Type="Number">0.14000000000000001</Data></Cell>
    <Cell><Data ss:Type="Number">-9.5500000000000007</Data></Cell>
    <Cell><Data ss:Type="Number">-0.06</Data></Cell>
    <Cell><Data ss:Type="Number">-0.92</Data></Cell>
    <Cell><Data ss:Type="Number">22.8</Data></Cell>
    <Cell><Data ss:Type="Number">39.299999999999997</Data></Cell>
    <Cell><Data ss:Type="Number">0</Data></Cell>
    <Cell><Data ss:Type="Number">0</Data></Cell>
    <Cell><Data ss:Type="String">2023-12-07 16:16:06.731866</Data></Cell>
   </Row>
   <Row>
    <Cell><Data ss:Type="String">1988</Data></Cell>
    <Cell><Data ss:Type="Number">0.28999999999999998</Data></Cell>
    <Cell><Data ss:Type="Number">-10.039999999999999</Data></Cell>
    <Cell><Data ss:Type="Number">0.19</Data></Cell>
    <Cell><Data ss:Type="Number">-9.4600000000000009</Data></Cell>
    <Cell><Data ss:Type="Number">-7.0000000000000007E-2</Data></Cell>
    <Cell><Data ss:Type="Number">-0.88</Data></Cell>
    <Cell><Data ss:Type="Number">22.8</Data></Cell>
    <Cell><Data ss:Type="Number">39.299999999999997</Data></Cell>
    <Cell><Data ss:Type="Number">0</Data></Cell>
    <Cell><Data ss:Type="Number">0</Data></Cell>
    <Cell><Data ss:Type="String">2023-12-07 16:16:06.689234</Data></Cell>
   </Row>
   <Row>
    <Cell><Data ss:Type="String">1987</Data></Cell>
    <Cell><Data ss:Type="Number">0.28000000000000003</Data></Cell>
    <Cell><Data ss:Type="Number">-10.02</Data></Cell>
    <Cell><Data ss:Type="Number">0.06</Data></Cell>
    <Cell><Data ss:Type="Number">-9.41</Data></Cell>
    <Cell><Data ss:Type="Number">-7.0000000000000007E-2</Data></Cell>
    <Cell><Data ss:Type="Number">-0.92</Data></Cell>
    <Cell><Data ss:Type="Number">22.8</Data></Cell>
    <Cell><Data ss:Type="Number">39.299999999999997</Data></Cell>
    <Cell><Data ss:Type="Number">0</Data></Cell>
    <Cell><Data ss:Type="Number">0</Data></Cell>
    <Cell><Data ss:Type="String">2023-12-07 16:16:06.641315</Data></Cell>
   </Row>
   <Row>
    <Cell><Data ss:Type="String">1986</Data></Cell>
    <Cell><Data ss:Type="Number">0.28000000000000003</Data></Cell>
    <Cell><Data ss:Type="Number">-10.07</Data></Cell>
    <Cell><Data ss:Type="Number">0.22</Data></Cell>
    <Cell><Data ss:Type="Number">-9.4600000000000009</Data></Cell>
    <Cell><Data ss:Type="Number">-0.08</Data></Cell>
    <Cell><Data ss:Type="Number">-0.89</Data></Cell>
    <Cell><Data ss:Type="Number">22.8</Data></Cell>
    <Cell><Data ss:Type="Number">39.299999999999997</Data></Cell>
    <Cell><Data ss:Type="Number">0</Data></Cell>
    <Cell><Data ss:Type="Number">0</Data></Cell>
    <Cell><Data ss:Type="String">2023-12-07 16:16:06.600299</Data></Cell>
   </Row>
   <Row>
    <Cell><Data ss:Type="String">1985</Data></Cell>
    <Cell><Data ss:Type="Number">0.31</Data></Cell>
    <Cell><Data ss:Type="Number">-10.199999999999999</Data></Cell>
    <Cell><Data ss:Type="Number">0.17</Data></Cell>
    <Cell><Data ss:Type="Number">-9.57</Data></Cell>
    <Cell><Data ss:Type="Number">-0.09</Data></Cell>
    <Cell><Data ss:Type="Number">-0.9</Data></Cell>
    <Cell><Data ss:Type="Number">22.8</Data></Cell>
    <Cell><Data ss:Type="Number">39.299999999999997</Data></Cell>
    <Cell><Data ss:Type="Number">0</Data></Cell>
    <Cell><Data ss:Type="Number">0</Data></Cell>
    <Cell><Data ss:Type="String">2023-12-07 16:16:06.598525</Data></Cell>
   </Row>
   <Row>
    <Cell><Data ss:Type="String">1984</Data></Cell>
    <Cell><Data ss:Type="Number">0.28999999999999998</Data></Cell>
    <Cell><Data ss:Type="Number">-10.33</Data></Cell>
    <Cell><Data ss:Type="Number">0.17</Data></Cell>
    <Cell><Data ss:Type="Number">-9.51</Data></Cell>
    <Cell><Data ss:Type="Number">-0.05</Data></Cell>
    <Cell><Data ss:Type="Number">-0.95</Data></Cell>
    <Cell><Data ss:Type="Number">22.8</Data></Cell>
    <Cell><Data ss:Type="Number">39.299999999999997</Data></Cell>
    <Cell><Data ss:Type="Number">0</Data></Cell>
    <Cell><Data ss:Type="Number">0</Data></Cell>
    <Cell><Data ss:Type="String">2023-12-07 16:16:06.542659</Data></Cell>
   </Row>
   <Row>
    <Cell><Data ss:Type="String">1983</Data></Cell>
    <Cell><Data ss:Type="Number">0.38</Data></Cell>
    <Cell><Data ss:Type="Number">-10.14</Data></Cell>
    <Cell><Data ss:Type="Number">0.2</Data></Cell>
    <Cell><Data ss:Type="Number">-9.5399999999999991</Data></Cell>
    <Cell><Data ss:Type="Number">-0.08</Data></Cell>
    <Cell><Data ss:Type="Number">-0.89</Data></Cell>
    <Cell><Data ss:Type="Number">22.8</Data></Cell>
    <Cell><Data ss:Type="Number">39.299999999999997</Data></Cell>
    <Cell><Data ss:Type="Number">0</Data></Cell>
    <Cell><Data ss:Type="Number">0</Data></Cell>
    <Cell><Data ss:Type="String">2023-12-07 16:16:06.540826</Data></Cell>
   </Row>
   <Row>
    <Cell><Data ss:Type="String">1982</Data></Cell>
    <Cell><Data ss:Type="Number">0.34</Data></Cell>
    <Cell><Data ss:Type="Number">-10.3</Data></Cell>
    <Cell><Data ss:Type="Number">0.25</Data></Cell>
    <Cell><Data ss:Type="Number">-9.57</Data></Cell>
    <Cell><Data ss:Type="Number">-0.08</Data></Cell>
    <Cell><Data ss:Type="Number">-0.9</Data></Cell>
    <Cell><Data ss:Type="Number">22.7</Data></Cell>
    <Cell><Data ss:Type="Number">39.299999999999997</Data></Cell>
    <Cell><Data ss:Type="Number">0</Data></Cell>
    <Cell><Data ss:Type="Number">0</Data></Cell>
    <Cell><Data ss:Type="String">2023-12-07 16:16:06.538620</Data></Cell>
   </Row>
   <Row>
    <Cell><Data ss:Type="String">1981</Data></Cell>
    <Cell><Data ss:Type="Number">0.36</Data></Cell>
    <Cell><Data ss:Type="Number">-10.02</Data></Cell>
    <Cell><Data ss:Type="Number">0.3</Data></Cell>
    <Cell><Data ss:Type="Number">-9.4499999999999993</Data></Cell>
    <Cell><Data ss:Type="Number">-0.05</Data></Cell>
    <Cell><Data ss:Type="Number">-0.91</Data></Cell>
    <Cell><Data ss:Type="Number">22.7</Data></Cell>
    <Cell><Data ss:Type="Number">39.299999999999997</Data></Cell>
    <Cell><Data ss:Type="Number">0</Data></Cell>
    <Cell><Data ss:Type="Number">0</Data></Cell>
    <Cell><Data ss:Type="String">2023-12-07 16:16:06.536262</Data></Cell>
   </Row>
   <Row>
    <Cell><Data ss:Type="String">1980</Data></Cell>
    <Cell><Data ss:Type="Number">0.28000000000000003</Data></Cell>
    <Cell><Data ss:Type="Number">-9.93</Data></Cell>
    <Cell><Data ss:Type="Number">0.15</Data></Cell>
    <Cell><Data ss:Type="Number">-9.41</Data></Cell>
    <Cell><Data ss:Type="Number">-0.12</Data></Cell>
    <Cell><Data ss:Type="Number">-0.92</Data></Cell>
    <Cell><Data ss:Type="Number">22.7</Data></Cell>
    <Cell><Data ss:Type="Number">39.299999999999997</Data></Cell>
    <Cell><Data ss:Type="Number">0</Data></Cell>
    <Cell><Data ss:Type="Number">0</Data></Cell>
    <Cell><Data ss:Type="String">2023-12-07 16:16:06.534509</Data></Cell>
   </Row>
   <Row>
    <Cell><Data ss:Type="String">1979</Data></Cell>
    <Cell><Data ss:Type="Number">0.26</Data></Cell>
    <Cell><Data ss:Type="Number">-9.9</Data></Cell>
    <Cell><Data ss:Type="Number">0.1</Data></Cell>
    <Cell><Data ss:Type="Number">-9.43</Data></Cell>
    <Cell><Data ss:Type="Number">-0.08</Data></Cell>
    <Cell><Data ss:Type="Number">-0.96</Data></Cell>
    <Cell><Data ss:Type="Number">22.7</Data></Cell>
    <Cell><Data ss:Type="Number">39.299999999999997</Data></Cell>
    <Cell><Data ss:Type="Number">0</Data></Cell>
    <Cell><Data ss:Type="Number">0</Data></Cell>
    <Cell><Data ss:Type="String">2023-12-07 16:16:06.532840</Data></Cell>
   </Row>
   <Row>
    <Cell><Data ss:Type="String">1978</Data></Cell>
    <Cell><Data ss:Type="Number">0.28999999999999998</Data></Cell>
    <Cell><Data ss:Type="Number">-9.94</Data></Cell>
    <Cell><Data ss:Type="Number">0.23</Data></Cell>
    <Cell><Data ss:Type="Number">-9.4700000000000006</Data></Cell>
    <Cell><Data ss:Type="Number">-0.06</Data></Cell>
    <Cell><Data ss:Type="Number">-0.87</Data></Cell>
    <Cell><Data ss:Type="Number">22.7</Data></Cell>
    <Cell><Data ss:Type="Number">39.299999999999997</Data></Cell>
    <Cell><Data ss:Type="Number">0</Data></Cell>
    <Cell><Data ss:Type="Number">0</Data></Cell>
    <Cell><Data ss:Type="String">2023-12-07 16:16:06.531025</Data></Cell>
   </Row>
   <Row>
    <Cell><Data ss:Type="String">1977</Data></Cell>
    <Cell><Data ss:Type="Number">0.3</Data></Cell>
    <Cell><Data ss:Type="Number">-10.27</Data></Cell>
    <Cell><Data ss:Type="Number">0.11</Data></Cell>
    <Cell><Data ss:Type="Number">-9.58</Data></Cell>
    <Cell><Data ss:Type="Number">-0.09</Data></Cell>
    <Cell><Data ss:Type="Number">-0.92</Data></Cell>
    <Cell><Data ss:Type="Number">22.7</Data></Cell>
    <Cell><Data ss:Type="Number">39.299999999999997</Data></Cell>
    <Cell><Data ss:Type="Number">0</Data></Cell>
    <Cell><Data ss:Type="Number">0</Data></Cell>
    <Cell><Data ss:Type="String">2023-12-07 16:16:06.291689</Data></Cell>
   </Row>
   <Row>
    <Cell><Data ss:Type="String">1976</Data></Cell>
    <Cell><Data ss:Type="Number">0.18</Data></Cell>
    <Cell><Data ss:Type="Number">-9.9700000000000006</Data></Cell>
    <Cell><Data ss:Type="Number">0.23</Data></Cell>
    <Cell><Data ss:Type="Number">-9.41</Data></Cell>
    <Cell><Data ss:Type="Number">-0.02</Data></Cell>
    <Cell><Data ss:Type="Number">-0.87</Data></Cell>
    <Cell><Data ss:Type="Number">22.7</Data></Cell>
    <Cell><Data ss:Type="Number">39.299999999999997</Data></Cell>
    <Cell><Data ss:Type="Number">0</Data></Cell>
    <Cell><Data ss:Type="Number">0</Data></Cell>
    <Cell><Data ss:Type="String">2023-12-07 16:16:06.289799</Data></Cell>
   </Row>
   <Row>
    <Cell><Data ss:Type="String">1975</Data></Cell>
    <Cell><Data ss:Type="Number">0.3</Data></Cell>
    <Cell><Data ss:Type="Number">-9.91</Data></Cell>
    <Cell><Data ss:Type="Number">0.04</Data></Cell>
    <Cell><Data ss:Type="Number">-9.43</Data></Cell>
    <Cell><Data ss:Type="Number">-0.09</Data></Cell>
    <Cell><Data ss:Type="Number">-0.99</Data></Cell>
    <Cell><Data ss:Type="Number">22.7</Data></Cell>
    <Cell><Data ss:Type="Number">39.299999999999997</Data></Cell>
    <Cell><Data ss:Type="Number">0</Data></Cell>
    <Cell><Data ss:Type="Number">0</Data></Cell>
    <Cell><Data ss:Type="String">2023-12-07 16:16:06.241005</Data></Cell>
   </Row>
   <Row>
    <Cell><Data ss:Type="String">1974</Data></Cell>
    <Cell><Data ss:Type="Number">0.32</Data></Cell>
    <Cell><Data ss:Type="Number">-9.9</Data></Cell>
    <Cell><Data ss:Type="Number">0.18</Data></Cell>
    <Cell><Data ss:Type="Number">-9.48</Data></Cell>
    <Cell><Data ss:Type="Number">-0.03</Data></Cell>
    <Cell><Data ss:Type="Number">-0.93</Data></Cell>
    <Cell><Data ss:Type="Number">22.7</Data></Cell>
    <Cell><Data ss:Type="Number">39.299999999999997</Data></Cell>
    <Cell><Data ss:Type="Number">0</Data></Cell>
    <Cell><Data ss:Type="Number">0</Data></Cell>
    <Cell><Data ss:Type="String">2023-12-07 16:16:06.238767</Data></Cell>
   </Row>
   <Row>
    <Cell><Data ss:Type="String">1973</Data></Cell>
    <Cell><Data ss:Type="Number">0.52</Data></Cell>
    <Cell><Data ss:Type="Number">-10.119999999999999</Data></Cell>
    <Cell><Data ss:Type="Number">0.15</Data></Cell>
    <Cell><Data ss:Type="Number">-9.5299999999999994</Data></Cell>
    <Cell><Data ss:Type="Number">-0.19</Data></Cell>
    <Cell><Data ss:Type="Number">-0.87</Data></Cell>
    <Cell><Data ss:Type="Number">22.7</Data></Cell>
    <Cell><Data ss:Type="Number">39.299999999999997</Data></Cell>
    <Cell><Data ss:Type="Number">0</Data></Cell>
    <Cell><Data ss:Type="Number">0</Data></Cell>
    <Cell><Data ss:Type="String">2023-12-07 16:16:06.236229</Data></Cell>
   </Row>
   <Row>
    <Cell><Data ss:Type="String">1972</Data></Cell>
    <Cell><Data ss:Type="Number">0.09</Data></Cell>
    <Cell><Data ss:Type="Number">-10.17</Data></Cell>
    <Cell><Data ss:Type="Number">0</Data></Cell>
    <Cell><Data ss:Type="Number">-9.59</Data></Cell>
    <Cell><Data ss:Type="Number">0.01</Data></Cell>
    <Cell><Data ss:Type="Number">-0.93</Data></Cell>
    <Cell><Data ss:Type="Number">22.7</Data></Cell>
    <Cell><Data ss:Type="Number">39.299999999999997</Data></Cell>
    <Cell><Data ss:Type="Number">0</Data></Cell>
    <Cell><Data ss:Type="Number">0</Data></Cell>
    <Cell><Data ss:Type="String">2023-12-07 16:16:06.234492</Data></Cell>
   </Row>
   <Row>
    <Cell><Data ss:Type="String">1971</Data></Cell>
    <Cell><Data ss:Type="Number">0.26</Data></Cell>
    <Cell><Data ss:Type="Number">-10.19</Data></Cell>
    <Cell><Data ss:Type="Number">7.0000000000000007E-2</Data></Cell>
    <Cell><Data ss:Type="Number">-9.48</Data></Cell>
    <Cell><Data ss:Type="Number">0.09</Data></Cell>
    <Cell><Data ss:Type="Number">-0.86</Data></Cell>
    <Cell><Data ss:Type="Number">22.7</Data></Cell>
    <Cell><Data ss:Type="Number">39.299999999999997</Data></Cell>
    <Cell><Data ss:Type="Number">0</Data></Cell>
    <Cell><Data ss:Type="Number">0</Data></Cell>
    <Cell><Data ss:Type="String">2023-12-07 16:16:06.232990</Data></Cell>
   </Row>
   <Row>
    <Cell><Data ss:Type="String">1970</Data></Cell>
    <Cell><Data ss:Type="Number">0.63</Data></Cell>
    <Cell><Data ss:Type="Number">-10.02</Data></Cell>
    <Cell><Data ss:Type="Number">0.23</Data></Cell>
    <Cell><Data ss:Type="Number">-9.4600000000000009</Data></Cell>
    <Cell><Data ss:Type="Number">-0.12</Data></Cell>
    <Cell><Data ss:Type="Number">-0.95</Data></Cell>
    <Cell><Data ss:Type="Number">22.7</Data></Cell>
    <Cell><Data ss:Type="Number">39.299999999999997</Data></Cell>
    <Cell><Data ss:Type="Number">0</Data></Cell>
    <Cell><Data ss:Type="Number">0</Data></Cell>
    <Cell><Data ss:Type="String">2023-12-07 16:16:06.231512</Data></Cell>
   </Row>
   <Row>
    <Cell><Data ss:Type="String">1969</Data></Cell>
    <Cell><Data ss:Type="Number">1.0900000000000001</Data></Cell>
    <Cell><Data ss:Type="Number">-10.15</Data></Cell>
    <Cell><Data ss:Type="Number">0.45</Data></Cell>
    <Cell><Data ss:Type="Number">-9.51</Data></Cell>
    <Cell><Data ss:Type="Number">-0.46</Data></Cell>
    <Cell><Data ss:Type="Number">-0.87</Data></Cell>
    <Cell><Data ss:Type="Number">22.7</Data></Cell>
    <Cell><Data ss:Type="Number">39.299999999999997</Data></Cell>
    <Cell><Data ss:Type="Number">0</Data></Cell>
    <Cell><Data ss:Type="Number">0</Data></Cell>
    <Cell><Data ss:Type="String">2023-12-07 16:16:06.229573</Data></Cell>
   </Row>
   <Row>
    <Cell><Data ss:Type="String">1968</Data></Cell>
    <Cell><Data ss:Type="Number">1.79</Data></Cell>
    <Cell><Data ss:Type="Number">-9.83</Data></Cell>
    <Cell><Data ss:Type="Number">1.1399999999999999</Data></Cell>
    <Cell><Data ss:Type="Number">-9.36</Data></Cell>
    <Cell><Data ss:Type="Number">-0.81</Data></Cell>
    <Cell><Data ss:Type="Number">-0.69</Data></Cell>
    <Cell><Data ss:Type="Number">22.7</Data></Cell>
    <Cell><Data ss:Type="Number">39.299999999999997</Data></Cell>
    <Cell><Data ss:Type="Number">0</Data></Cell>
    <Cell><Data ss:Type="Number">0</Data></Cell>
    <Cell><Data ss:Type="String">2023-12-07 16:16:05.984449</Data></Cell>
   </Row>
   <Row>
    <Cell><Data ss:Type="String">1967</Data></Cell>
    <Cell><Data ss:Type="Number">-2.5499999999999998</Data></Cell>
    <Cell><Data ss:Type="Number">-10.220000000000001</Data></Cell>
    <Cell><Data ss:Type="Number">0.02</Data></Cell>
    <Cell><Data ss:Type="Number">-9.4700000000000006</Data></Cell>
    <Cell><Data ss:Type="Number">-0.72</Data></Cell>
    <Cell><Data ss:Type="Number">-0.98</Data></Cell>
    <Cell><Data ss:Type="Number">22.7</Data></Cell>
    <Cell><Data ss:Type="Number">39.299999999999997</Data></Cell>
    <Cell><Data ss:Type="Number">0</Data></Cell>
    <Cell><Data ss:Type="Number">0</Data></Cell>
    <Cell><Data ss:Type="String">2023-12-07 16:16:05.982564</Data></Cell>
   </Row>
   <Row>
    <Cell><Data ss:Type="String">1966</Data></Cell>
    <Cell><Data ss:Type="Number">-2.46</Data></Cell>
    <Cell><Data ss:Type="Number">-7.38</Data></Cell>
    <Cell><Data ss:Type="Number">-2.91</Data></Cell>
    <Cell><Data ss:Type="Number">-8.27</Data></Cell>
    <Cell><Data ss:Type="Number">1.59</Data></Cell>
    <Cell><Data ss:Type="Number">-1.3</Data></Cell>
    <Cell><Data ss:Type="Number">22.7</Data></Cell>
    <Cell><Data ss:Type="Number">39.299999999999997</Data></Cell>
    <Cell><Data ss:Type="Number">0</Data></Cell>
    <Cell><Data ss:Type="Number">0</Data></Cell>
    <Cell><Data ss:Type="String">2023-12-07 16:16:05.981076</Data></Cell>
   </Row>
   <Row>
    <Cell><Data ss:Type="String">1965</Data></Cell>
    <Cell><Data ss:Type="Number">0.4</Data></Cell>
    <Cell><Data ss:Type="Number">-9.92</Data></Cell>
    <Cell><Data ss:Type="Number">0.56000000000000005</Data></Cell>
    <Cell><Data ss:Type="Number">-9.48</Data></Cell>
    <Cell><Data ss:Type="Number">-0.11</Data></Cell>
    <Cell><Data ss:Type="Number">-0.88</Data></Cell>
    <Cell><Data ss:Type="Number">22.7</Data></Cell>
    <Cell><Data ss:Type="Number">39.299999999999997</Data></Cell>
    <Cell><Data ss:Type="Number">0</Data></Cell>
    <Cell><Data ss:Type="Number">0</Data></Cell>
    <Cell><Data ss:Type="String">2023-12-07 16:16:05.979658</Data></Cell>
   </Row>
   <Row>
    <Cell><Data ss:Type="String">1964</Data></Cell>
    <Cell><Data ss:Type="Number">0.36</Data></Cell>
    <Cell><Data ss:Type="Number">-9.69</Data></Cell>
    <Cell><Data ss:Type="Number">-0.25</Data></Cell>
    <Cell><Data ss:Type="Number">-9.2799999999999994</Data></Cell>
    <Cell><Data ss:Type="Number">-0.05</Data></Cell>
    <Cell><Data ss:Type="Number">-0.91</Data></Cell>
    <Cell><Data ss:Type="Number">22.7</Data></Cell>
    <Cell><Data ss:Type="Number">39.299999999999997</Data></Cell>
    <Cell><Data ss:Type="Number">0</Data></Cell>
    <Cell><Data ss:Type="Number">0</Data></Cell>
    <Cell><Data ss:Type="String">2023-12-07 16:16:05.978017</Data></Cell>
   </Row>
   <Row>
    <Cell><Data ss:Type="String">1963</Data></Cell>
    <Cell><Data ss:Type="Number">0.27</Data></Cell>
    <Cell><Data ss:Type="Number">-9.77</Data></Cell>
    <Cell><Data ss:Type="Number">0.74</Data></Cell>
    <Cell><Data ss:Type="Number">-9.4</Data></Cell>
    <Cell><Data ss:Type="Number">-0.05</Data></Cell>
    <Cell><Data ss:Type="Number">-0.88</Data></Cell>
    <Cell><Data ss:Type="Number">22.7</Data></Cell>
    <Cell><Data ss:Type="Number">39.299999999999997</Data></Cell>
    <Cell><Data ss:Type="Number">0</Data></Cell>
    <Cell><Data ss:Type="Number">0</Data></Cell>
    <Cell><Data ss:Type="String">2023-12-07 16:16:05.976617</Data></Cell>
   </Row>
   <Row>
    <Cell><Data ss:Type="String">1962</Data></Cell>
    <Cell><Data ss:Type="Number">-0.42</Data></Cell>
    <Cell><Data ss:Type="Number">-10.039999999999999</Data></Cell>
    <Cell><Data ss:Type="Number">0.11</Data></Cell>
    <Cell><Data ss:Type="Number">-9.4</Data></Cell>
    <Cell><Data ss:Type="Number">-0.09</Data></Cell>
    <Cell><Data ss:Type="Number">-0.92</Data></Cell>
    <Cell><Data ss:Type="Number">22.7</Data></Cell>
    <Cell><Data ss:Type="Number">39.299999999999997</Data></Cell>
    <Cell><Data ss:Type="Number">0</Data></Cell>
    <Cell><Data ss:Type="Number">0</Data></Cell>
    <Cell><Data ss:Type="String">2023-12-07 16:16:05.975143</Data></Cell>
   </Row>
   <Row>
    <Cell><Data ss:Type="String">1961</Data></Cell>
    <Cell><Data ss:Type="Number">-0.42</Data></Cell>
    <Cell><Data ss:Type="Number">-10.24</Data></Cell>
    <Cell><Data ss:Type="Number">-0.12</Data></Cell>
    <Cell><Data ss:Type="Number">-9.44</Data></Cell>
    <Cell><Data ss:Type="Number">-0.04</Data></Cell>
    <Cell><Data ss:Type="Number">-0.94</Data></Cell>
    <Cell><Data ss:Type="Number">22.7</Data></Cell>
    <Cell><Data ss:Type="Number">39.299999999999997</Data></Cell>
    <Cell><Data ss:Type="Number">0</Data></Cell>
    <Cell><Data ss:Type="Number">0</Data></Cell>
    <Cell><Data ss:Type="String">2023-12-07 16:16:05.743935</Data></Cell>
   </Row>
   <Row>
    <Cell><Data ss:Type="String">1960</Data></Cell>
    <Cell><Data ss:Type="Number">-0.5</Data></Cell>
    <Cell><Data ss:Type="Number">-10.199999999999999</Data></Cell>
    <Cell><Data ss:Type="Number">-0.13</Data></Cell>
    <Cell><Data ss:Type="Number">-9.52</Data></Cell>
    <Cell><Data ss:Type="Number">-0.01</Data></Cell>
    <Cell><Data ss:Type="Number">-0.9</Data></Cell>
    <Cell><Data ss:Type="Number">22.7</Data></Cell>
    <Cell><Data ss:Type="Number">39.299999999999997</Data></Cell>
    <Cell><Data ss:Type="Number">0</Data></Cell>
    <Cell><Data ss:Type="Number">0</Data></Cell>
    <Cell><Data ss:Type="String">2023-12-07 16:16:05.734557</Data></Cell>
   </Row>
   <Row>
    <Cell><Data ss:Type="String">1959</Data></Cell>
    <Cell><Data ss:Type="Number">0.25</Data></Cell>
    <Cell><Data ss:Type="Number">-10.199999999999999</Data></Cell>
    <Cell><Data ss:Type="Number">0.25</Data></Cell>
    <Cell><Data ss:Type="Number">-9.56</Data></Cell>
    <Cell><Data ss:Type="Number">-0.06</Data></Cell>
    <Cell><Data ss:Type="Number">-0.87</Data></Cell>
    <Cell><Data ss:Type="Number">22.7</Data></Cell>
    <Cell><Data ss:Type="Number">39.299999999999997</Data></Cell>
    <Cell><Data ss:Type="Number">0</Data></Cell>
    <Cell><Data ss:Type="Number">0</Data></Cell>
    <Cell><Data ss:Type="String">2023-12-07 16:16:05.689862</Data></Cell>
   </Row>
   <Row>
    <Cell><Data ss:Type="String">1958</Data></Cell>
    <Cell><Data ss:Type="Number">0.44</Data></Cell>
    <Cell><Data ss:Type="Number">-10.44</Data></Cell>
    <Cell><Data ss:Type="Number">0</Data></Cell>
    <Cell><Data ss:Type="Number">-9.32</Data></Cell>
    <Cell><Data ss:Type="Number">-0.08</Data></Cell>
    <Cell><Data ss:Type="Number">-0.93</Data></Cell>
    <Cell><Data ss:Type="Number">22.7</Data></Cell>
    <Cell><Data ss:Type="Number">39.299999999999997</Data></Cell>
    <Cell><Data ss:Type="Number">0</Data></Cell>
    <Cell><Data ss:Type="Number">0</Data></Cell>
    <Cell><Data ss:Type="String">2023-12-07 16:16:05.645052</Data></Cell>
   </Row>
   <Row>
    <Cell><Data ss:Type="String">1957</Data></Cell>
    <Cell><Data ss:Type="Number">-0.17</Data></Cell>
    <Cell><Data ss:Type="Number">-9.52</Data></Cell>
    <Cell><Data ss:Type="Number">0.42</Data></Cell>
    <Cell><Data ss:Type="Number">-9.5</Data></Cell>
    <Cell><Data ss:Type="Number">-0.1</Data></Cell>
    <Cell><Data ss:Type="Number">-0.89</Data></Cell>
    <Cell><Data ss:Type="Number">22.7</Data></Cell>
    <Cell><Data ss:Type="Number">39.299999999999997</Data></Cell>
    <Cell><Data ss:Type="Number">0</Data></Cell>
    <Cell><Data ss:Type="Number">0</Data></Cell>
    <Cell><Data ss:Type="String">2023-12-07 16:16:05.643151</Data></Cell>
   </Row>
   <Row>
    <Cell><Data ss:Type="String">1956</Data></Cell>
    <Cell><Data ss:Type="Number">-0.2</Data></Cell>
    <Cell><Data ss:Type="Number">-10.64</Data></Cell>
    <Cell><Data ss:Type="Number">-0.03</Data></Cell>
    <Cell><Data ss:Type="Number">-9.5500000000000007</Data></Cell>
    <Cell><Data ss:Type="Number">-0.05</Data></Cell>
    <Cell><Data ss:Type="Number">-0.87</Data></Cell>
    <Cell><Data ss:Type="Number">22.7</Data></Cell>
    <Cell><Data ss:Type="Number">39.299999999999997</Data></Cell>
    <Cell><Data ss:Type="Number">0</Data></Cell>
    <Cell><Data ss:Type="Number">0</Data></Cell>
    <Cell><Data ss:Type="String">2023-12-07 16:16:05.600279</Data></Cell>
   </Row>
   <Row>
    <Cell><Data ss:Type="String">1955</Data></Cell>
    <Cell><Data ss:Type="Number">0.45</Data></Cell>
    <Cell><Data ss:Type="Number">-10.28</Data></Cell>
    <Cell><Data ss:Type="Number">0.62</Data></Cell>
    <Cell><Data ss:Type="Number">-9.4499999999999993</Data></Cell>
    <Cell><Data ss:Type="Number">-0.11</Data></Cell>
    <Cell><Data ss:Type="Number">-0.89</Data></Cell>
    <Cell><Data ss:Type="Number">22.7</Data></Cell>
    <Cell><Data ss:Type="Number">39.299999999999997</Data></Cell>
    <Cell><Data ss:Type="Number">0</Data></Cell>
    <Cell><Data ss:Type="Number">0</Data></Cell>
    <Cell><Data ss:Type="String">2023-12-07 16:16:05.598820</Data></Cell>
   </Row>
   <Row>
    <Cell><Data ss:Type="String">1954</Data></Cell>
    <Cell><Data ss:Type="Number">0.13</Data></Cell>
    <Cell><Data ss:Type="Number">-9.82</Data></Cell>
    <Cell><Data ss:Type="Number">0.04</Data></Cell>
    <Cell><Data ss:Type="Number">-9.39</Data></Cell>
    <Cell><Data ss:Type="Number">0.02</Data></Cell>
    <Cell><Data ss:Type="Number">-0.92</Data></Cell>
    <Cell><Data ss:Type="Number">22.7</Data></Cell>
    <Cell><Data ss:Type="Number">39.299999999999997</Data></Cell>
    <Cell><Data ss:Type="Number">0</Data></Cell>
    <Cell><Data ss:Type="Number">0</Data></Cell>
    <Cell><Data ss:Type="String">2023-12-07 16:16:05.597348</Data></Cell>
   </Row>
   <Row>
    <Cell><Data ss:Type="String">1953</Data></Cell>
    <Cell><Data ss:Type="Number">0.42</Data></Cell>
    <Cell><Data ss:Type="Number">-9.77</Data></Cell>
    <Cell><Data ss:Type="Number">0.04</Data></Cell>
    <Cell><Data ss:Type="Number">-9.2799999999999994</Data></Cell>
    <Cell><Data ss:Type="Number">-0.09</Data></Cell>
    <Cell><Data ss:Type="Number">-0.91</Data></Cell>
    <Cell><Data ss:Type="Number">22.7</Data></Cell>
    <Cell><Data ss:Type="Number">39.299999999999997</Data></Cell>
    <Cell><Data ss:Type="Number">0</Data></Cell>
    <Cell><Data ss:Type="Number">0</Data></Cell>
    <Cell><Data ss:Type="String">2023-12-07 16:16:05.595761</Data></Cell>
   </Row>
   <Row>
    <Cell><Data ss:Type="String">1952</Data></Cell>
    <Cell><Data ss:Type="Number">0.41</Data></Cell>
    <Cell><Data ss:Type="Number">-10.17</Data></Cell>
    <Cell><Data ss:Type="Number">0.37</Data></Cell>
    <Cell><Data ss:Type="Number">-9.43</Data></Cell>
    <Cell><Data ss:Type="Number">-0.06</Data></Cell>
    <Cell><Data ss:Type="Number">-0.88</Data></Cell>
    <Cell><Data ss:Type="Number">22.7</Data></Cell>
    <Cell><Data ss:Type="Number">39.299999999999997</Data></Cell>
    <Cell><Data ss:Type="Number">0</Data></Cell>
    <Cell><Data ss:Type="Number">0</Data></Cell>
    <Cell><Data ss:Type="String">2023-12-07 16:16:05.594174</Data></Cell>
   </Row>
   <Row>
    <Cell><Data ss:Type="String">1951</Data></Cell>
    <Cell><Data ss:Type="Number">0.6</Data></Cell>
    <Cell><Data ss:Type="Number">-10.06</Data></Cell>
    <Cell><Data ss:Type="Number">0.52</Data></Cell>
    <Cell><Data ss:Type="Number">-9.3699999999999992</Data></Cell>
    <Cell><Data ss:Type="Number">-7.0000000000000007E-2</Data></Cell>
    <Cell><Data ss:Type="Number">-0.93</Data></Cell>
    <Cell><Data ss:Type="Number">22.7</Data></Cell>
    <Cell><Data ss:Type="Number">39.299999999999997</Data></Cell>
    <Cell><Data ss:Type="Number">0</Data></Cell>
    <Cell><Data ss:Type="Number">0</Data></Cell>
    <Cell><Data ss:Type="String">2023-12-07 16:16:05.592466</Data></Cell>
   </Row>
   <Row>
    <Cell><Data ss:Type="String">1950</Data></Cell>
    <Cell><Data ss:Type="Number">0.56000000000000005</Data></Cell>
    <Cell><Data ss:Type="Number">-10.38</Data></Cell>
    <Cell><Data ss:Type="Number">-0.05</Data></Cell>
    <Cell><Data ss:Type="Number">-9.51</Data></Cell>
    <Cell><Data ss:Type="Number">-0.12</Data></Cell>
    <Cell><Data ss:Type="Number">-0.88</Data></Cell>
    <Cell><Data ss:Type="Number">22.7</Data></Cell>
    <Cell><Data ss:Type="Number">39.299999999999997</Data></Cell>
    <Cell><Data ss:Type="Number">0</Data></Cell>
    <Cell><Data ss:Type="Number">0</Data></Cell>
    <Cell><Data ss:Type="String">2023-12-07 16:16:05.590769</Data></Cell>
   </Row>
   <Row>
    <Cell><Data ss:Type="String">1949</Data></Cell>
    <Cell><Data ss:Type="Number">0.35</Data></Cell>
    <Cell><Data ss:Type="Number">-10.49</Data></Cell>
    <Cell><Data ss:Type="Number">0.33</Data></Cell>
    <Cell><Data ss:Type="Number">-9.6199999999999992</Data></Cell>
    <Cell><Data ss:Type="Number">0.01</Data></Cell>
    <Cell><Data ss:Type="Number">-0.87</Data></Cell>
    <Cell><Data ss:Type="Number">22.7</Data></Cell>
    <Cell><Data ss:Type="Number">39.299999999999997</Data></Cell>
    <Cell><Data ss:Type="Number">0</Data></Cell>
    <Cell><Data ss:Type="Number">0</Data></Cell>
    <Cell><Data ss:Type="String">2023-12-07 16:16:05.362263</Data></Cell>
   </Row>
   <Row>
    <Cell><Data ss:Type="String">1948</Data></Cell>
    <Cell><Data ss:Type="Number">0.17</Data></Cell>
    <Cell><Data ss:Type="Number">-9.86</Data></Cell>
    <Cell><Data ss:Type="Number">-0.13</Data></Cell>
    <Cell><Data ss:Type="Number">-9.49</Data></Cell>
    <Cell><Data ss:Type="Number">-0.08</Data></Cell>
    <Cell><Data ss:Type="Number">-0.87</Data></Cell>
    <Cell><Data ss:Type="Number">22.7</Data></Cell>
    <Cell><Data ss:Type="Number">39.299999999999997</Data></Cell>
    <Cell><Data ss:Type="Number">0</Data></Cell>
    <Cell><Data ss:Type="Number">0</Data></Cell>
    <Cell><Data ss:Type="String">2023-12-07 16:16:05.360520</Data></Cell>
   </Row>
   <Row>
    <Cell><Data ss:Type="String">1947</Data></Cell>
    <Cell><Data ss:Type="Number">0.35</Data></Cell>
    <Cell><Data ss:Type="Number">-10.45</Data></Cell>
    <Cell><Data ss:Type="Number">0.13</Data></Cell>
    <Cell><Data ss:Type="Number">-9.4700000000000006</Data></Cell>
    <Cell><Data ss:Type="Number">0.03</Data></Cell>
    <Cell><Data ss:Type="Number">-0.97</Data></Cell>
    <Cell><Data ss:Type="Number">22.7</Data></Cell>
    <Cell><Data ss:Type="Number">39.299999999999997</Data></Cell>
    <Cell><Data ss:Type="Number">0</Data></Cell>
    <Cell><Data ss:Type="Number">0</Data></Cell>
    <Cell><Data ss:Type="String">2023-12-07 16:16:05.291705</Data></Cell>
   </Row>
   <Row>
    <Cell><Data ss:Type="String">1946</Data></Cell>
    <Cell><Data ss:Type="Number">0.44</Data></Cell>
    <Cell><Data ss:Type="Number">-10.32</Data></Cell>
    <Cell><Data ss:Type="Number">0.39</Data></Cell>
    <Cell><Data ss:Type="Number">-9.5</Data></Cell>
    <Cell><Data ss:Type="Number">-0.13</Data></Cell>
    <Cell><Data ss:Type="Number">-0.91</Data></Cell>
    <Cell><Data ss:Type="Number">22.7</Data></Cell>
    <Cell><Data ss:Type="Number">39.299999999999997</Data></Cell>
    <Cell><Data ss:Type="Number">0</Data></Cell>
    <Cell><Data ss:Type="Number">0</Data></Cell>
    <Cell><Data ss:Type="String">2023-12-07 16:16:05.245472</Data></Cell>
   </Row>
   <Row>
    <Cell><Data ss:Type="String">1945</Data></Cell>
    <Cell><Data ss:Type="Number">0.1</Data></Cell>
    <Cell><Data ss:Type="Number">-9.7100000000000009</Data></Cell>
    <Cell><Data ss:Type="Number">0.53</Data></Cell>
    <Cell><Data ss:Type="Number">-9.4600000000000009</Data></Cell>
    <Cell><Data ss:Type="Number">0.01</Data></Cell>
    <Cell><Data ss:Type="Number">-0.87</Data></Cell>
    <Cell><Data ss:Type="Number">22.7</Data></Cell>
    <Cell><Data ss:Type="Number">39.299999999999997</Data></Cell>
    <Cell><Data ss:Type="Number">0</Data></Cell>
    <Cell><Data ss:Type="Number">0</Data></Cell>
    <Cell><Data ss:Type="String">2023-12-07 16:16:05.243443</Data></Cell>
   </Row>
   <Row>
    <Cell><Data ss:Type="String">1944</Data></Cell>
    <Cell><Data ss:Type="Number">0.25</Data></Cell>
    <Cell><Data ss:Type="Number">-10.47</Data></Cell>
    <Cell><Data ss:Type="Number">0.24</Data></Cell>
    <Cell><Data ss:Type="Number">-9.41</Data></Cell>
    <Cell><Data ss:Type="Number">-0.09</Data></Cell>
    <Cell><Data ss:Type="Number">-0.98</Data></Cell>
    <Cell><Data ss:Type="Number">22.7</Data></Cell>
    <Cell><Data ss:Type="Number">39.299999999999997</Data></Cell>
    <Cell><Data ss:Type="Number">0</Data></Cell>
    <Cell><Data ss:Type="Number">0</Data></Cell>
    <Cell><Data ss:Type="String">2023-12-07 16:16:05.198583</Data></Cell>
   </Row>
   <Row>
    <Cell><Data ss:Type="String">1943</Data></Cell>
    <Cell><Data ss:Type="Number">0.37</Data></Cell>
    <Cell><Data ss:Type="Number">-10.039999999999999</Data></Cell>
    <Cell><Data ss:Type="Number">0.06</Data></Cell>
    <Cell><Data ss:Type="Number">-9.39</Data></Cell>
    <Cell><Data ss:Type="Number">0</Data></Cell>
    <Cell><Data ss:Type="Number">-0.85</Data></Cell>
    <Cell><Data ss:Type="Number">22.7</Data></Cell>
    <Cell><Data ss:Type="Number">39.299999999999997</Data></Cell>
    <Cell><Data ss:Type="Number">0</Data></Cell>
    <Cell><Data ss:Type="Number">0</Data></Cell>
    <Cell><Data ss:Type="String">2023-12-07 16:16:05.157691</Data></Cell>
   </Row>
   <Row>
    <Cell><Data ss:Type="String">1942</Data></Cell>
    <Cell><Data ss:Type="Number">0.38</Data></Cell>
    <Cell><Data ss:Type="Number">-10.050000000000001</Data></Cell>
    <Cell><Data ss:Type="Number">0.36</Data></Cell>
    <Cell><Data ss:Type="Number">-9.4499999999999993</Data></Cell>
    <Cell><Data ss:Type="Number">-0.05</Data></Cell>
    <Cell><Data ss:Type="Number">-0.97</Data></Cell>
    <Cell><Data ss:Type="Number">22.7</Data></Cell>
    <Cell><Data ss:Type="Number">39.299999999999997</Data></Cell>
    <Cell><Data ss:Type="Number">0</Data></Cell>
    <Cell><Data ss:Type="Number">0</Data></Cell>
    <Cell><Data ss:Type="String">2023-12-07 16:16:05.155257</Data></Cell>
   </Row>
   <Row>
    <Cell><Data ss:Type="String">1941</Data></Cell>
    <Cell><Data ss:Type="Number">0.64</Data></Cell>
    <Cell><Data ss:Type="Number">-9.8000000000000007</Data></Cell>
    <Cell><Data ss:Type="Number">0.1</Data></Cell>
    <Cell><Data ss:Type="Number">-9.49</Data></Cell>
    <Cell><Data ss:Type="Number">-0.13</Data></Cell>
    <Cell><Data ss:Type="Number">-0.94</Data></Cell>
    <Cell><Data ss:Type="Number">22.7</Data></Cell>
    <Cell><Data ss:Type="Number">39.299999999999997</Data></Cell>
    <Cell><Data ss:Type="Number">0</Data></Cell>
    <Cell><Data ss:Type="Number">0</Data></Cell>
    <Cell><Data ss:Type="String">2023-12-07 16:16:05.106027</Data></Cell>
   </Row>
   <Row>
    <Cell><Data ss:Type="String">1940</Data></Cell>
    <Cell><Data ss:Type="Number">0.21</Data></Cell>
    <Cell><Data ss:Type="Number">-10.38</Data></Cell>
    <Cell><Data ss:Type="Number">0.32</Data></Cell>
    <Cell><Data ss:Type="Number">-9.5299999999999994</Data></Cell>
    <Cell><Data ss:Type="Number">-0.03</Data></Cell>
    <Cell><Data ss:Type="Number">-0.91</Data></Cell>
    <Cell><Data ss:Type="Number">22.7</Data></Cell>
    <Cell><Data ss:Type="Number">39.299999999999997</Data></Cell>
    <Cell><Data ss:Type="Number">0</Data></Cell>
    <Cell><Data ss:Type="Number">0</Data></Cell>
    <Cell><Data ss:Type="String">2023-12-07 16:16:05.060266</Data></Cell>
   </Row>
   <Row>
    <Cell><Data ss:Type="String">1939</Data></Cell>
    <Cell><Data ss:Type="Number">0.49</Data></Cell>
    <Cell><Data ss:Type="Number">-10.69</Data></Cell>
    <Cell><Data ss:Type="Number">0.4</Data></Cell>
    <Cell><Data ss:Type="Number">-9.3699999999999992</Data></Cell>
    <Cell><Data ss:Type="Number">-0.04</Data></Cell>
    <Cell><Data ss:Type="Number">-0.92</Data></Cell>
    <Cell><Data ss:Type="Number">22.7</Data></Cell>
    <Cell><Data ss:Type="Number">39.299999999999997</Data></Cell>
    <Cell><Data ss:Type="Number">0</Data></Cell>
    <Cell><Data ss:Type="Number">0</Data></Cell>
    <Cell><Data ss:Type="String">2023-12-07 16:16:05.016076</Data></Cell>
   </Row>
   <Row>
    <Cell><Data ss:Type="String">1938</Data></Cell>
    <Cell><Data ss:Type="Number">0.42</Data></Cell>
    <Cell><Data ss:Type="Number">-9.74</Data></Cell>
    <Cell><Data ss:Type="Number">0.43</Data></Cell>
    <Cell><Data ss:Type="Number">-9.4</Data></Cell>
    <Cell><Data ss:Type="Number">-0.03</Data></Cell>
    <Cell><Data ss:Type="Number">-0.83</Data></Cell>
    <Cell><Data ss:Type="Number">22.7</Data></Cell>
    <Cell><Data ss:Type="Number">39.299999999999997</Data></Cell>
    <Cell><Data ss:Type="Number">0</Data></Cell>
    <Cell><Data ss:Type="Number">0</Data></Cell>
    <Cell><Data ss:Type="String">2023-12-07 16:16:05.014305</Data></Cell>
   </Row>
   <Row>
    <Cell><Data ss:Type="String">1937</Data></Cell>
    <Cell><Data ss:Type="Number">0.52</Data></Cell>
    <Cell><Data ss:Type="Number">-10.130000000000001</Data></Cell>
    <Cell><Data ss:Type="Number">0.17</Data></Cell>
    <Cell><Data ss:Type="Number">-9.4499999999999993</Data></Cell>
    <Cell><Data ss:Type="Number">-0.17</Data></Cell>
    <Cell><Data ss:Type="Number">-1.01</Data></Cell>
    <Cell><Data ss:Type="Number">22.7</Data></Cell>
    <Cell><Data ss:Type="Number">39.299999999999997</Data></Cell>
    <Cell><Data ss:Type="Number">0</Data></Cell>
    <Cell><Data ss:Type="Number">0</Data></Cell>
    <Cell><Data ss:Type="String">2023-12-07 16:16:04.970537</Data></Cell>
   </Row>
   <Row>
    <Cell><Data ss:Type="String">1936</Data></Cell>
    <Cell><Data ss:Type="Number">0.28000000000000003</Data></Cell>
    <Cell><Data ss:Type="Number">-10.56</Data></Cell>
    <Cell><Data ss:Type="Number">0.04</Data></Cell>
    <Cell><Data ss:Type="Number">-9.48</Data></Cell>
    <Cell><Data ss:Type="Number">-0.03</Data></Cell>
    <Cell><Data ss:Type="Number">-0.87</Data></Cell>
    <Cell><Data ss:Type="Number">22.7</Data></Cell>
    <Cell><Data ss:Type="Number">39.299999999999997</Data></Cell>
    <Cell><Data ss:Type="Number">0</Data></Cell>
    <Cell><Data ss:Type="Number">0</Data></Cell>
    <Cell><Data ss:Type="String">2023-12-07 16:16:04.922575</Data></Cell>
   </Row>
   <Row>
    <Cell><Data ss:Type="String">1935</Data></Cell>
    <Cell><Data ss:Type="Number">0.12</Data></Cell>
    <Cell><Data ss:Type="Number">-10.53</Data></Cell>
    <Cell><Data ss:Type="Number">-0.25</Data></Cell>
    <Cell><Data ss:Type="Number">-9.5299999999999994</Data></Cell>
    <Cell><Data ss:Type="Number">0.03</Data></Cell>
    <Cell><Data ss:Type="Number">-0.99</Data></Cell>
    <Cell><Data ss:Type="Number">22.7</Data></Cell>
    <Cell><Data ss:Type="Number">39.299999999999997</Data></Cell>
    <Cell><Data ss:Type="Number">0</Data></Cell>
    <Cell><Data ss:Type="Number">0</Data></Cell>
    <Cell><Data ss:Type="String">2023-12-07 16:16:04.879974</Data></Cell>
   </Row>
   <Row>
    <Cell><Data ss:Type="String">1934</Data></Cell>
    <Cell><Data ss:Type="Number">0.48</Data></Cell>
    <Cell><Data ss:Type="Number">-10.08</Data></Cell>
    <Cell><Data ss:Type="Number">0.41</Data></Cell>
    <Cell><Data ss:Type="Number">-9.5399999999999991</Data></Cell>
    <Cell><Data ss:Type="Number">-0.14000000000000001</Data></Cell>
    <Cell><Data ss:Type="Number">-0.92</Data></Cell>
    <Cell><Data ss:Type="Number">22.7</Data></Cell>
    <Cell><Data ss:Type="Number">39.299999999999997</Data></Cell>
    <Cell><Data ss:Type="Number">0</Data></Cell>
    <Cell><Data ss:Type="Number">0</Data></Cell>
    <Cell><Data ss:Type="String">2023-12-07 16:16:04.877519</Data></Cell>
   </Row>
   <Row>
    <Cell><Data ss:Type="String">1933</Data></Cell>
    <Cell><Data ss:Type="Number">0.77</Data></Cell>
    <Cell><Data ss:Type="Number">-10.45</Data></Cell>
    <Cell><Data ss:Type="Number">0.48</Data></Cell>
    <Cell><Data ss:Type="Number">-9.43</Data></Cell>
    <Cell><Data ss:Type="Number">-0.51</Data></Cell>
    <Cell><Data ss:Type="Number">-0.85</Data></Cell>
    <Cell><Data ss:Type="Number">22.7</Data></Cell>
    <Cell><Data ss:Type="Number">39.299999999999997</Data></Cell>
    <Cell><Data ss:Type="Number">0</Data></Cell>
    <Cell><Data ss:Type="Number">0</Data></Cell>
    <Cell><Data ss:Type="String">2023-12-07 16:16:04.830801</Data></Cell>
   </Row>
   <Row>
    <Cell><Data ss:Type="String">1932</Data></Cell>
    <Cell><Data ss:Type="Number">-0.51</Data></Cell>
    <Cell><Data ss:Type="Number">-10.45</Data></Cell>
    <Cell><Data ss:Type="Number">-0.05</Data></Cell>
    <Cell><Data ss:Type="Number">-9.61</Data></Cell>
    <Cell><Data ss:Type="Number">0.18</Data></Cell>
    <Cell><Data ss:Type="Number">-0.96</Data></Cell>
    <Cell><Data ss:Type="Number">22.7</Data></Cell>
    <Cell><Data ss:Type="Number">39.299999999999997</Data></Cell>
    <Cell><Data ss:Type="Number">0</Data></Cell>
    <Cell><Data ss:Type="Number">0</Data></Cell>
    <Cell><Data ss:Type="String">2023-12-07 16:16:04.787390</Data></Cell>
   </Row>
   <Row>
    <Cell><Data ss:Type="String">1931</Data></Cell>
    <Cell><Data ss:Type="Number">2.5099999999999998</Data></Cell>
    <Cell><Data ss:Type="Number">-10.24</Data></Cell>
    <Cell><Data ss:Type="Number">-0.27</Data></Cell>
    <Cell><Data ss:Type="Number">-9.5399999999999991</Data></Cell>
    <Cell><Data ss:Type="Number">0.44</Data></Cell>
    <Cell><Data ss:Type="Number">-0.95</Data></Cell>
    <Cell><Data ss:Type="Number">22.7</Data></Cell>
    <Cell><Data ss:Type="Number">39.299999999999997</Data></Cell>
    <Cell><Data ss:Type="Number">0</Data></Cell>
    <Cell><Data ss:Type="Number">0</Data></Cell>
    <Cell><Data ss:Type="String">2023-12-07 16:16:04.784915</Data></Cell>
   </Row>
   <Row>
    <Cell><Data ss:Type="String">1930</Data></Cell>
    <Cell><Data ss:Type="Number">2.99</Data></Cell>
    <Cell><Data ss:Type="Number">-9.94</Data></Cell>
    <Cell><Data ss:Type="Number">1.3</Data></Cell>
    <Cell><Data ss:Type="Number">-9.39</Data></Cell>
    <Cell><Data ss:Type="Number">-1.1200000000000001</Data></Cell>
    <Cell><Data ss:Type="Number">-0.74</Data></Cell>
    <Cell><Data ss:Type="Number">22.7</Data></Cell>
    <Cell><Data ss:Type="Number">39.299999999999997</Data></Cell>
    <Cell><Data ss:Type="Number">0</Data></Cell>
    <Cell><Data ss:Type="Number">0</Data></Cell>
    <Cell><Data ss:Type="String">2023-12-07 16:16:04.734684</Data></Cell>
   </Row>
   <Row>
    <Cell><Data ss:Type="String">1929</Data></Cell>
    <Cell><Data ss:Type="Number">-2.06</Data></Cell>
    <Cell><Data ss:Type="Number">-8.5299999999999994</Data></Cell>
    <Cell><Data ss:Type="Number">-0.37</Data></Cell>
    <Cell><Data ss:Type="Number">-9.48</Data></Cell>
    <Cell><Data ss:Type="Number">-1.32</Data></Cell>
    <Cell><Data ss:Type="Number">-0.67</Data></Cell>
    <Cell><Data ss:Type="Number">22.7</Data></Cell>
    <Cell><Data ss:Type="Number">39.299999999999997</Data></Cell>
    <Cell><Data ss:Type="Number">0</Data></Cell>
    <Cell><Data ss:Type="Number">0</Data></Cell>
    <Cell><Data ss:Type="String">2023-12-07 16:16:04.680626</Data></Cell>
   </Row>
   <Row>
    <Cell><Data ss:Type="String">1928</Data></Cell>
    <Cell><Data ss:Type="Number">0.27</Data></Cell>
    <Cell><Data ss:Type="Number">-15.02</Data></Cell>
    <Cell><Data ss:Type="Number">-0.35</Data></Cell>
    <Cell><Data ss:Type="Number">-10.65</Data></Cell>
    <Cell><Data ss:Type="Number">0.28000000000000003</Data></Cell>
    <Cell><Data ss:Type="Number">-1.07</Data></Cell>
    <Cell><Data ss:Type="Number">22.7</Data></Cell>
    <Cell><Data ss:Type="Number">39.299999999999997</Data></Cell>
    <Cell><Data ss:Type="Number">0</Data></Cell>
    <Cell><Data ss:Type="Number">0</Data></Cell>
    <Cell><Data ss:Type="String">2023-12-07 16:16:04.679010</Data></Cell>
   </Row>
   <Row>
    <Cell><Data ss:Type="String">1927</Data></Cell>
    <Cell><Data ss:Type="Number">0.31</Data></Cell>
    <Cell><Data ss:Type="Number">-10.18</Data></Cell>
    <Cell><Data ss:Type="Number">0.13</Data></Cell>
    <Cell><Data ss:Type="Number">-9.52</Data></Cell>
    <Cell><Data ss:Type="Number">-0.09</Data></Cell>
    <Cell><Data ss:Type="Number">-0.94</Data></Cell>
    <Cell><Data ss:Type="Number">22.7</Data></Cell>
    <Cell><Data ss:Type="Number">39.299999999999997</Data></Cell>
    <Cell><Data ss:Type="Number">0</Data></Cell>
    <Cell><Data ss:Type="Number">0</Data></Cell>
    <Cell><Data ss:Type="String">2023-12-07 16:16:04.631956</Data></Cell>
   </Row>
   <Row>
    <Cell><Data ss:Type="String">1926</Data></Cell>
    <Cell><Data ss:Type="Number">0.32</Data></Cell>
    <Cell><Data ss:Type="Number">-10.18</Data></Cell>
    <Cell><Data ss:Type="Number">0.18</Data></Cell>
    <Cell><Data ss:Type="Number">-9.5</Data></Cell>
    <Cell><Data ss:Type="Number">-0.06</Data></Cell>
    <Cell><Data ss:Type="Number">-0.9</Data></Cell>
    <Cell><Data ss:Type="Number">22.7</Data></Cell>
    <Cell><Data ss:Type="Number">39.299999999999997</Data></Cell>
    <Cell><Data ss:Type="Number">0</Data></Cell>
    <Cell><Data ss:Type="Number">0</Data></Cell>
    <Cell><Data ss:Type="String">2023-12-07 16:16:04.586047</Data></Cell>
   </Row>
   <Row>
    <Cell><Data ss:Type="String">1925</Data></Cell>
    <Cell><Data ss:Type="Number">0.3</Data></Cell>
    <Cell><Data ss:Type="Number">-10.27</Data></Cell>
    <Cell><Data ss:Type="Number">0.08</Data></Cell>
    <Cell><Data ss:Type="Number">-9.4700000000000006</Data></Cell>
    <Cell><Data ss:Type="Number">-0.08</Data></Cell>
    <Cell><Data ss:Type="Number">-0.91</Data></Cell>
    <Cell><Data ss:Type="Number">22.7</Data></Cell>
    <Cell><Data ss:Type="Number">39.299999999999997</Data></Cell>
    <Cell><Data ss:Type="Number">0</Data></Cell>
    <Cell><Data ss:Type="Number">0</Data></Cell>
    <Cell><Data ss:Type="String">2023-12-07 16:16:04.543040</Data></Cell>
   </Row>
   <Row>
    <Cell><Data ss:Type="String">1924</Data></Cell>
    <Cell><Data ss:Type="Number">0.3</Data></Cell>
    <Cell><Data ss:Type="Number">-9.94</Data></Cell>
    <Cell><Data ss:Type="Number">7.0000000000000007E-2</Data></Cell>
    <Cell><Data ss:Type="Number">-9.42</Data></Cell>
    <Cell><Data ss:Type="Number">-0.08</Data></Cell>
    <Cell><Data ss:Type="Number">-0.94</Data></Cell>
    <Cell><Data ss:Type="Number">22.7</Data></Cell>
    <Cell><Data ss:Type="Number">39.299999999999997</Data></Cell>
    <Cell><Data ss:Type="Number">0</Data></Cell>
    <Cell><Data ss:Type="Number">0</Data></Cell>
    <Cell><Data ss:Type="String">2023-12-07 16:16:04.541278</Data></Cell>
   </Row>
   <Row>
    <Cell><Data ss:Type="String">1923</Data></Cell>
    <Cell><Data ss:Type="Number">0.26</Data></Cell>
    <Cell><Data ss:Type="Number">-9.99</Data></Cell>
    <Cell><Data ss:Type="Number">0.11</Data></Cell>
    <Cell><Data ss:Type="Number">-9.43</Data></Cell>
    <Cell><Data ss:Type="Number">-0.08</Data></Cell>
    <Cell><Data ss:Type="Number">-0.93</Data></Cell>
    <Cell><Data ss:Type="Number">22.7</Data></Cell>
    <Cell><Data ss:Type="Number">39.299999999999997</Data></Cell>
    <Cell><Data ss:Type="Number">0</Data></Cell>
    <Cell><Data ss:Type="Number">0</Data></Cell>
    <Cell><Data ss:Type="String">2023-12-07 16:16:04.494563</Data></Cell>
   </Row>
   <Row>
    <Cell><Data ss:Type="String">1922</Data></Cell>
    <Cell><Data ss:Type="Number">0.25</Data></Cell>
    <Cell><Data ss:Type="Number">-10.01</Data></Cell>
    <Cell><Data ss:Type="Number">0.11</Data></Cell>
    <Cell><Data ss:Type="Number">-9.44</Data></Cell>
    <Cell><Data ss:Type="Number">-7.0000000000000007E-2</Data></Cell>
    <Cell><Data ss:Type="Number">-0.94</Data></Cell>
    <Cell><Data ss:Type="Number">22.7</Data></Cell>
    <Cell><Data ss:Type="Number">39.299999999999997</Data></Cell>
    <Cell><Data ss:Type="Number">0</Data></Cell>
    <Cell><Data ss:Type="Number">0</Data></Cell>
    <Cell><Data ss:Type="String">2023-12-07 16:16:04.450937</Data></Cell>
   </Row>
   <Row>
    <Cell><Data ss:Type="String">1921</Data></Cell>
    <Cell><Data ss:Type="Number">0.25</Data></Cell>
    <Cell><Data ss:Type="Number">-9.93</Data></Cell>
    <Cell><Data ss:Type="Number">0.27</Data></Cell>
    <Cell><Data ss:Type="Number">-9.48</Data></Cell>
    <Cell><Data ss:Type="Number">-0.08</Data></Cell>
    <Cell><Data ss:Type="Number">-0.94</Data></Cell>
    <Cell><Data ss:Type="Number">22.7</Data></Cell>
    <Cell><Data ss:Type="Number">39.299999999999997</Data></Cell>
    <Cell><Data ss:Type="Number">0</Data></Cell>
    <Cell><Data ss:Type="Number">0</Data></Cell>
    <Cell><Data ss:Type="String">2023-12-07 16:16:04.408381</Data></Cell>
   </Row>
   <Row>
    <Cell><Data ss:Type="String">1920</Data></Cell>
    <Cell><Data ss:Type="Number">0.31</Data></Cell>
    <Cell><Data ss:Type="Number">-10.15</Data></Cell>
    <Cell><Data ss:Type="Number">0.17</Data></Cell>
    <Cell><Data ss:Type="Number">-9.52</Data></Cell>
    <Cell><Data ss:Type="Number">-0.06</Data></Cell>
    <Cell><Data ss:Type="Number">-0.93</Data></Cell>
    <Cell><Data ss:Type="Number">22.7</Data></Cell>
    <Cell><Data ss:Type="Number">39.299999999999997</Data></Cell>
    <Cell><Data ss:Type="Number">0</Data></Cell>
    <Cell><Data ss:Type="Number">0</Data></Cell>
    <Cell><Data ss:Type="String">2023-12-07 16:16:04.406407</Data></Cell>
   </Row>
   <Row>
    <Cell><Data ss:Type="String">1919</Data></Cell>
    <Cell><Data ss:Type="Number">0.27</Data></Cell>
    <Cell><Data ss:Type="Number">-10.119999999999999</Data></Cell>
    <Cell><Data ss:Type="Number">0.18</Data></Cell>
    <Cell><Data ss:Type="Number">-9.49</Data></Cell>
    <Cell><Data ss:Type="Number">-0.08</Data></Cell>
    <Cell><Data ss:Type="Number">-0.91</Data></Cell>
    <Cell><Data ss:Type="Number">22.7</Data></Cell>
    <Cell><Data ss:Type="Number">39.299999999999997</Data></Cell>
    <Cell><Data ss:Type="Number">0</Data></Cell>
    <Cell><Data ss:Type="Number">0</Data></Cell>
    <Cell><Data ss:Type="String">2023-12-07 16:16:04.357883</Data></Cell>
   </Row>
   <Row>
    <Cell><Data ss:Type="String">1918</Data></Cell>
    <Cell><Data ss:Type="Number">0.35</Data></Cell>
    <Cell><Data ss:Type="Number">-9.98</Data></Cell>
    <Cell><Data ss:Type="Number">0.14000000000000001</Data></Cell>
    <Cell><Data ss:Type="Number">-9.41</Data></Cell>
    <Cell><Data ss:Type="Number">-0.06</Data></Cell>
    <Cell><Data ss:Type="Number">-0.92</Data></Cell>
    <Cell><Data ss:Type="Number">22.7</Data></Cell>
    <Cell><Data ss:Type="Number">39.299999999999997</Data></Cell>
    <Cell><Data ss:Type="Number">0</Data></Cell>
    <Cell><Data ss:Type="Number">0</Data></Cell>
    <Cell><Data ss:Type="String">2023-12-07 16:16:04.316942</Data></Cell>
   </Row>
   <Row>
    <Cell><Data ss:Type="String">1917</Data></Cell>
    <Cell><Data ss:Type="Number">0.37</Data></Cell>
    <Cell><Data ss:Type="Number">-10.07</Data></Cell>
    <Cell><Data ss:Type="Number">-7.0000000000000007E-2</Data></Cell>
    <Cell><Data ss:Type="Number">-9.4700000000000006</Data></Cell>
    <Cell><Data ss:Type="Number">-0.09</Data></Cell>
    <Cell><Data ss:Type="Number">-0.94</Data></Cell>
    <Cell><Data ss:Type="Number">22.7</Data></Cell>
    <Cell><Data ss:Type="Number">39.299999999999997</Data></Cell>
    <Cell><Data ss:Type="Number">0</Data></Cell>
    <Cell><Data ss:Type="Number">0</Data></Cell>
    <Cell><Data ss:Type="String">2023-12-07 16:16:04.314873</Data></Cell>
   </Row>
   <Row>
    <Cell><Data ss:Type="String">1916</Data></Cell>
    <Cell><Data ss:Type="Number">0.32</Data></Cell>
    <Cell><Data ss:Type="Number">-10.119999999999999</Data></Cell>
    <Cell><Data ss:Type="Number">0.18</Data></Cell>
    <Cell><Data ss:Type="Number">-9.5500000000000007</Data></Cell>
    <Cell><Data ss:Type="Number">-0.08</Data></Cell>
    <Cell><Data ss:Type="Number">-0.9</Data></Cell>
    <Cell><Data ss:Type="Number">22.7</Data></Cell>
    <Cell><Data ss:Type="Number">39.299999999999997</Data></Cell>
    <Cell><Data ss:Type="Number">0</Data></Cell>
    <Cell><Data ss:Type="Number">0</Data></Cell>
    <Cell><Data ss:Type="String">2023-12-07 16:16:04.312836</Data></Cell>
   </Row>
   <Row>
    <Cell><Data ss:Type="String">1915</Data></Cell>
    <Cell><Data ss:Type="Number">0.38</Data></Cell>
    <Cell><Data ss:Type="Number">-10.210000000000001</Data></Cell>
    <Cell><Data ss:Type="Number">0.19</Data></Cell>
    <Cell><Data ss:Type="Number">-9.52</Data></Cell>
    <Cell><Data ss:Type="Number">-7.0000000000000007E-2</Data></Cell>
    <Cell><Data ss:Type="Number">-0.9</Data></Cell>
    <Cell><Data ss:Type="Number">22.7</Data></Cell>
    <Cell><Data ss:Type="Number">39.299999999999997</Data></Cell>
    <Cell><Data ss:Type="Number">0</Data></Cell>
    <Cell><Data ss:Type="Number">0</Data></Cell>
    <Cell><Data ss:Type="String">2023-12-07 16:16:04.310688</Data></Cell>
   </Row>
   <Row>
    <Cell><Data ss:Type="String">1914</Data></Cell>
    <Cell><Data ss:Type="Number">0.3</Data></Cell>
    <Cell><Data ss:Type="Number">-10.06</Data></Cell>
    <Cell><Data ss:Type="Number">0.41</Data></Cell>
    <Cell><Data ss:Type="Number">-9.4600000000000009</Data></Cell>
    <Cell><Data ss:Type="Number">-0.05</Data></Cell>
    <Cell><Data ss:Type="Number">-0.9</Data></Cell>
    <Cell><Data ss:Type="Number">22.7</Data></Cell>
    <Cell><Data ss:Type="Number">39.299999999999997</Data></Cell>
    <Cell><Data ss:Type="Number">0</Data></Cell>
    <Cell><Data ss:Type="Number">0</Data></Cell>
    <Cell><Data ss:Type="String">2023-12-07 16:16:04.308952</Data></Cell>
   </Row>
   <Row>
    <Cell><Data ss:Type="String">1913</Data></Cell>
    <Cell><Data ss:Type="Number">0.28000000000000003</Data></Cell>
    <Cell><Data ss:Type="Number">-9.94</Data></Cell>
    <Cell><Data ss:Type="Number">0.11</Data></Cell>
    <Cell><Data ss:Type="Number">-9.43</Data></Cell>
    <Cell><Data ss:Type="Number">-0.06</Data></Cell>
    <Cell><Data ss:Type="Number">-0.93</Data></Cell>
    <Cell><Data ss:Type="Number">22.7</Data></Cell>
    <Cell><Data ss:Type="Number">39.299999999999997</Data></Cell>
    <Cell><Data ss:Type="Number">0</Data></Cell>
    <Cell><Data ss:Type="Number">0</Data></Cell>
    <Cell><Data ss:Type="String">2023-12-07 16:16:04.307389</Data></Cell>
   </Row>
   <Row>
    <Cell><Data ss:Type="String">1912</Data></Cell>
    <Cell><Data ss:Type="Number">0.15</Data></Cell>
    <Cell><Data ss:Type="Number">-9.9499999999999993</Data></Cell>
    <Cell><Data ss:Type="Number">0.08</Data></Cell>
    <Cell><Data ss:Type="Number">-9.4600000000000009</Data></Cell>
    <Cell><Data ss:Type="Number">-0.06</Data></Cell>
    <Cell><Data ss:Type="Number">-0.95</Data></Cell>
    <Cell><Data ss:Type="Number">22.7</Data></Cell>
    <Cell><Data ss:Type="Number">39.299999999999997</Data></Cell>
    <Cell><Data ss:Type="Number">0</Data></Cell>
    <Cell><Data ss:Type="Number">0</Data></Cell>
    <Cell><Data ss:Type="String">2023-12-07 16:16:04.305435</Data></Cell>
   </Row>
   <Row>
    <Cell><Data ss:Type="String">1911</Data></Cell>
    <Cell><Data ss:Type="Number">0.33</Data></Cell>
    <Cell><Data ss:Type="Number">-10.220000000000001</Data></Cell>
    <Cell><Data ss:Type="Number">0.17</Data></Cell>
    <Cell><Data ss:Type="Number">-9.5399999999999991</Data></Cell>
    <Cell><Data ss:Type="Number">-7.0000000000000007E-2</Data></Cell>
    <Cell><Data ss:Type="Number">-0.92</Data></Cell>
    <Cell><Data ss:Type="Number">22.7</Data></Cell>
    <Cell><Data ss:Type="Number">39.299999999999997</Data></Cell>
    <Cell><Data ss:Type="Number">0</Data></Cell>
    <Cell><Data ss:Type="Number">0</Data></Cell>
    <Cell><Data ss:Type="String">2023-12-07 16:16:04.067673</Data></Cell>
   </Row>
   <Row>
    <Cell><Data ss:Type="String">1910</Data></Cell>
    <Cell><Data ss:Type="Number">0.28999999999999998</Data></Cell>
    <Cell><Data ss:Type="Number">-10.199999999999999</Data></Cell>
    <Cell><Data ss:Type="Number">0.21</Data></Cell>
    <Cell><Data ss:Type="Number">-9.51</Data></Cell>
    <Cell><Data ss:Type="Number">-0.05</Data></Cell>
    <Cell><Data ss:Type="Number">-0.9</Data></Cell>
    <Cell><Data ss:Type="Number">22.7</Data></Cell>
    <Cell><Data ss:Type="Number">39.299999999999997</Data></Cell>
    <Cell><Data ss:Type="Number">0</Data></Cell>
    <Cell><Data ss:Type="Number">0</Data></Cell>
    <Cell><Data ss:Type="String">2023-12-07 16:16:04.064834</Data></Cell>
   </Row>
   <Row>
    <Cell><Data ss:Type="String">1909</Data></Cell>
    <Cell><Data ss:Type="Number">0.27</Data></Cell>
    <Cell><Data ss:Type="Number">-9.99</Data></Cell>
    <Cell><Data ss:Type="Number">0.12</Data></Cell>
    <Cell><Data ss:Type="Number">-9.43</Data></Cell>
    <Cell><Data ss:Type="Number">-7.0000000000000007E-2</Data></Cell>
    <Cell><Data ss:Type="Number">-0.95</Data></Cell>
    <Cell><Data ss:Type="Number">22.7</Data></Cell>
    <Cell><Data ss:Type="Number">39.299999999999997</Data></Cell>
    <Cell><Data ss:Type="Number">0</Data></Cell>
    <Cell><Data ss:Type="Number">0</Data></Cell>
    <Cell><Data ss:Type="String">2023-12-07 16:16:04.018105</Data></Cell>
   </Row>
   <Row>
    <Cell><Data ss:Type="String">1908</Data></Cell>
    <Cell><Data ss:Type="Number">0.33</Data></Cell>
    <Cell><Data ss:Type="Number">-9.93</Data></Cell>
    <Cell><Data ss:Type="Number">0.08</Data></Cell>
    <Cell><Data ss:Type="Number">-9.44</Data></Cell>
    <Cell><Data ss:Type="Number">-0.08</Data></Cell>
    <Cell><Data ss:Type="Number">-0.96</Data></Cell>
    <Cell><Data ss:Type="Number">22.7</Data></Cell>
    <Cell><Data ss:Type="Number">39.299999999999997</Data></Cell>
    <Cell><Data ss:Type="Number">0</Data></Cell>
    <Cell><Data ss:Type="Number">0</Data></Cell>
    <Cell><Data ss:Type="String">2023-12-07 16:16:03.975679</Data></Cell>
   </Row>
   <Row>
    <Cell><Data ss:Type="String">1907</Data></Cell>
    <Cell><Data ss:Type="Number">0.3</Data></Cell>
    <Cell><Data ss:Type="Number">-10.050000000000001</Data></Cell>
    <Cell><Data ss:Type="Number">0.19</Data></Cell>
    <Cell><Data ss:Type="Number">-9.5</Data></Cell>
    <Cell><Data ss:Type="Number">-7.0000000000000007E-2</Data></Cell>
    <Cell><Data ss:Type="Number">-0.95</Data></Cell>
    <Cell><Data ss:Type="Number">22.7</Data></Cell>
    <Cell><Data ss:Type="Number">39.299999999999997</Data></Cell>
    <Cell><Data ss:Type="Number">0</Data></Cell>
    <Cell><Data ss:Type="Number">0</Data></Cell>
    <Cell><Data ss:Type="String">2023-12-07 16:16:03.973554</Data></Cell>
   </Row>
   <Row>
    <Cell><Data ss:Type="String">1906</Data></Cell>
    <Cell><Data ss:Type="Number">0.32</Data></Cell>
    <Cell><Data ss:Type="Number">-10.199999999999999</Data></Cell>
    <Cell><Data ss:Type="Number">0.16</Data></Cell>
    <Cell><Data ss:Type="Number">-9.5399999999999991</Data></Cell>
    <Cell><Data ss:Type="Number">-0.1</Data></Cell>
    <Cell><Data ss:Type="Number">-0.9</Data></Cell>
    <Cell><Data ss:Type="Number">22.7</Data></Cell>
    <Cell><Data ss:Type="Number">39.299999999999997</Data></Cell>
    <Cell><Data ss:Type="Number">0</Data></Cell>
    <Cell><Data ss:Type="Number">0</Data></Cell>
    <Cell><Data ss:Type="String">2023-12-07 16:16:03.926754</Data></Cell>
   </Row>
   <Row>
    <Cell><Data ss:Type="String">1905</Data></Cell>
    <Cell><Data ss:Type="Number">0.28999999999999998</Data></Cell>
    <Cell><Data ss:Type="Number">-10.199999999999999</Data></Cell>
    <Cell><Data ss:Type="Number">0.13</Data></Cell>
    <Cell><Data ss:Type="Number">-9.4700000000000006</Data></Cell>
    <Cell><Data ss:Type="Number">-0.08</Data></Cell>
    <Cell><Data ss:Type="Number">-0.9</Data></Cell>
    <Cell><Data ss:Type="Number">22.7</Data></Cell>
    <Cell><Data ss:Type="Number">39.299999999999997</Data></Cell>
    <Cell><Data ss:Type="Number">0</Data></Cell>
    <Cell><Data ss:Type="Number">0</Data></Cell>
    <Cell><Data ss:Type="String">2023-12-07 16:16:03.880641</Data></Cell>
   </Row>
   <Row>
    <Cell><Data ss:Type="String">1904</Data></Cell>
    <Cell><Data ss:Type="Number">0.3</Data></Cell>
    <Cell><Data ss:Type="Number">-10</Data></Cell>
    <Cell><Data ss:Type="Number">0.1</Data></Cell>
    <Cell><Data ss:Type="Number">-9.43</Data></Cell>
    <Cell><Data ss:Type="Number">-0.06</Data></Cell>
    <Cell><Data ss:Type="Number">-0.95</Data></Cell>
    <Cell><Data ss:Type="Number">22.7</Data></Cell>
    <Cell><Data ss:Type="Number">39.299999999999997</Data></Cell>
    <Cell><Data ss:Type="Number">0</Data></Cell>
    <Cell><Data ss:Type="Number">0</Data></Cell>
    <Cell><Data ss:Type="String">2023-12-07 16:16:03.833832</Data></Cell>
   </Row>
   <Row>
    <Cell><Data ss:Type="String">1903</Data></Cell>
    <Cell><Data ss:Type="Number">0.28999999999999998</Data></Cell>
    <Cell><Data ss:Type="Number">-9.94</Data></Cell>
    <Cell><Data ss:Type="Number">0.11</Data></Cell>
    <Cell><Data ss:Type="Number">-9.4499999999999993</Data></Cell>
    <Cell><Data ss:Type="Number">-0.09</Data></Cell>
    <Cell><Data ss:Type="Number">-0.93</Data></Cell>
    <Cell><Data ss:Type="Number">22.7</Data></Cell>
    <Cell><Data ss:Type="Number">39.299999999999997</Data></Cell>
    <Cell><Data ss:Type="Number">0</Data></Cell>
    <Cell><Data ss:Type="Number">0</Data></Cell>
    <Cell><Data ss:Type="String">2023-12-07 16:16:03.832504</Data></Cell>
   </Row>
   <Row>
    <Cell><Data ss:Type="String">1902</Data></Cell>
    <Cell><Data ss:Type="Number">0.28000000000000003</Data></Cell>
    <Cell><Data ss:Type="Number">-10.07</Data></Cell>
    <Cell><Data ss:Type="Number">0.1</Data></Cell>
    <Cell><Data ss:Type="Number">-9.5500000000000007</Data></Cell>
    <Cell><Data ss:Type="Number">-0.09</Data></Cell>
    <Cell><Data ss:Type="Number">-0.92</Data></Cell>
    <Cell><Data ss:Type="Number">22.7</Data></Cell>
    <Cell><Data ss:Type="Number">39.299999999999997</Data></Cell>
    <Cell><Data ss:Type="Number">0</Data></Cell>
    <Cell><Data ss:Type="Number">0</Data></Cell>
    <Cell><Data ss:Type="String">2023-12-07 16:16:03.831212</Data></Cell>
   </Row>
   <Row>
    <Cell><Data ss:Type="String">1901</Data></Cell>
    <Cell><Data ss:Type="Number">0.19</Data></Cell>
    <Cell><Data ss:Type="Number">-10.220000000000001</Data></Cell>
    <Cell><Data ss:Type="Number">0.09</Data></Cell>
    <Cell><Data ss:Type="Number">-9.5399999999999991</Data></Cell>
    <Cell><Data ss:Type="Number">-7.0000000000000007E-2</Data></Cell>
    <Cell><Data ss:Type="Number">-0.9</Data></Cell>
    <Cell><Data ss:Type="Number">22.7</Data></Cell>
    <Cell><Data ss:Type="Number">39.299999999999997</Data></Cell>
    <Cell><Data ss:Type="Number">0</Data></Cell>
    <Cell><Data ss:Type="Number">0</Data></Cell>
    <Cell><Data ss:Type="String">2023-12-07 16:16:03.829791</Data></Cell>
   </Row>
   <Row>
    <Cell><Data ss:Type="String">1900</Data></Cell>
    <Cell><Data ss:Type="Number">0.27</Data></Cell>
    <Cell><Data ss:Type="Number">-10.119999999999999</Data></Cell>
    <Cell><Data ss:Type="Number">0.18</Data></Cell>
    <Cell><Data ss:Type="Number">-9.4600000000000009</Data></Cell>
    <Cell><Data ss:Type="Number">-0.04</Data></Cell>
    <Cell><Data ss:Type="Number">-0.9</Data></Cell>
    <Cell><Data ss:Type="Number">22.7</Data></Cell>
    <Cell><Data ss:Type="Number">39.299999999999997</Data></Cell>
    <Cell><Data ss:Type="Number">0</Data></Cell>
    <Cell><Data ss:Type="Number">0</Data></Cell>
    <Cell><Data ss:Type="String">2023-12-07 16:16:03.828450</Data></Cell>
   </Row>
   <Row>
    <Cell><Data ss:Type="String">1899</Data></Cell>
    <Cell><Data ss:Type="Number">0.33</Data></Cell>
    <Cell><Data ss:Type="Number">-10.039999999999999</Data></Cell>
    <Cell><Data ss:Type="Number">0.16</Data></Cell>
    <Cell><Data ss:Type="Number">-9.48</Data></Cell>
    <Cell><Data ss:Type="Number">-0.08</Data></Cell>
    <Cell><Data ss:Type="Number">-0.92</Data></Cell>
    <Cell><Data ss:Type="Number">22.7</Data></Cell>
    <Cell><Data ss:Type="Number">39.299999999999997</Data></Cell>
    <Cell><Data ss:Type="Number">0</Data></Cell>
    <Cell><Data ss:Type="Number">0</Data></Cell>
    <Cell><Data ss:Type="String">2023-12-07 16:16:03.827121</Data></Cell>
   </Row>
   <Row>
    <Cell><Data ss:Type="String">1898</Data></Cell>
    <Cell><Data ss:Type="Number">0.24</Data></Cell>
    <Cell><Data ss:Type="Number">-9.99</Data></Cell>
    <Cell><Data ss:Type="Number">0.11</Data></Cell>
    <Cell><Data ss:Type="Number">-9.43</Data></Cell>
    <Cell><Data ss:Type="Number">-0.06</Data></Cell>
    <Cell><Data ss:Type="Number">-0.95</Data></Cell>
    <Cell><Data ss:Type="Number">22.7</Data></Cell>
    <Cell><Data ss:Type="Number">39.299999999999997</Data></Cell>
    <Cell><Data ss:Type="Number">0</Data></Cell>
    <Cell><Data ss:Type="Number">0</Data></Cell>
    <Cell><Data ss:Type="String">2023-12-07 16:16:03.825662</Data></Cell>
   </Row>
   <Row>
    <Cell><Data ss:Type="String">1897</Data></Cell>
    <Cell><Data ss:Type="Number">0.32</Data></Cell>
    <Cell><Data ss:Type="Number">-10.119999999999999</Data></Cell>
    <Cell><Data ss:Type="Number">0.15</Data></Cell>
    <Cell><Data ss:Type="Number">-9.4600000000000009</Data></Cell>
    <Cell><Data ss:Type="Number">-0.09</Data></Cell>
    <Cell><Data ss:Type="Number">-0.94</Data></Cell>
    <Cell><Data ss:Type="Number">22.7</Data></Cell>
    <Cell><Data ss:Type="Number">39.299999999999997</Data></Cell>
    <Cell><Data ss:Type="Number">0</Data></Cell>
    <Cell><Data ss:Type="Number">0</Data></Cell>
    <Cell><Data ss:Type="String">2023-12-07 16:16:03.824109</Data></Cell>
   </Row>
   <Row>
    <Cell><Data ss:Type="String">1896</Data></Cell>
    <Cell><Data ss:Type="Number">0.25</Data></Cell>
    <Cell><Data ss:Type="Number">-10.19</Data></Cell>
    <Cell><Data ss:Type="Number">0.18</Data></Cell>
    <Cell><Data ss:Type="Number">-9.56</Data></Cell>
    <Cell><Data ss:Type="Number">-0.06</Data></Cell>
    <Cell><Data ss:Type="Number">-0.89</Data></Cell>
    <Cell><Data ss:Type="Number">22.7</Data></Cell>
    <Cell><Data ss:Type="Number">39.299999999999997</Data></Cell>
    <Cell><Data ss:Type="Number">0</Data></Cell>
    <Cell><Data ss:Type="Number">0</Data></Cell>
    <Cell><Data ss:Type="String">2023-12-07 16:16:03.588513</Data></Cell>
   </Row>
   <Row>
    <Cell><Data ss:Type="String">1895</Data></Cell>
    <Cell><Data ss:Type="Number">0.33</Data></Cell>
    <Cell><Data ss:Type="Number">-10.16</Data></Cell>
    <Cell><Data ss:Type="Number">0.18</Data></Cell>
    <Cell><Data ss:Type="Number">-9.52</Data></Cell>
    <Cell><Data ss:Type="Number">-0.05</Data></Cell>
    <Cell><Data ss:Type="Number">-0.88</Data></Cell>
    <Cell><Data ss:Type="Number">22.7</Data></Cell>
    <Cell><Data ss:Type="Number">39.299999999999997</Data></Cell>
    <Cell><Data ss:Type="Number">0</Data></Cell>
    <Cell><Data ss:Type="Number">0</Data></Cell>
    <Cell><Data ss:Type="String">2023-12-07 16:16:03.543070</Data></Cell>
   </Row>
   <Row>
    <Cell><Data ss:Type="String">1894</Data></Cell>
    <Cell><Data ss:Type="Number">0.25</Data></Cell>
    <Cell><Data ss:Type="Number">-9.9700000000000006</Data></Cell>
    <Cell><Data ss:Type="Number">0.11</Data></Cell>
    <Cell><Data ss:Type="Number">-9.44</Data></Cell>
    <Cell><Data ss:Type="Number">-7.0000000000000007E-2</Data></Cell>
    <Cell><Data ss:Type="Number">-0.93</Data></Cell>
    <Cell><Data ss:Type="Number">22.7</Data></Cell>
    <Cell><Data ss:Type="Number">39.299999999999997</Data></Cell>
    <Cell><Data ss:Type="Number">0</Data></Cell>
    <Cell><Data ss:Type="Number">0</Data></Cell>
    <Cell><Data ss:Type="String">2023-12-07 16:16:03.541535</Data></Cell>
   </Row>
   <Row>
    <Cell><Data ss:Type="String">1893</Data></Cell>
    <Cell><Data ss:Type="Number">0.25</Data></Cell>
    <Cell><Data ss:Type="Number">-9.93</Data></Cell>
    <Cell><Data ss:Type="Number">0.13</Data></Cell>
    <Cell><Data ss:Type="Number">-9.43</Data></Cell>
    <Cell><Data ss:Type="Number">-7.0000000000000007E-2</Data></Cell>
    <Cell><Data ss:Type="Number">-0.92</Data></Cell>
    <Cell><Data ss:Type="Number">22.7</Data></Cell>
    <Cell><Data ss:Type="Number">39.299999999999997</Data></Cell>
    <Cell><Data ss:Type="Number">0</Data></Cell>
    <Cell><Data ss:Type="Number">0</Data></Cell>
    <Cell><Data ss:Type="String">2023-12-07 16:16:03.495076</Data></Cell>
   </Row>
   <Row>
    <Cell><Data ss:Type="String">1892</Data></Cell>
    <Cell><Data ss:Type="Number">0.3</Data></Cell>
    <Cell><Data ss:Type="Number">-10.16</Data></Cell>
    <Cell><Data ss:Type="Number">0.11</Data></Cell>
    <Cell><Data ss:Type="Number">-9.48</Data></Cell>
    <Cell><Data ss:Type="Number">-7.0000000000000007E-2</Data></Cell>
    <Cell><Data ss:Type="Number">-0.91</Data></Cell>
    <Cell><Data ss:Type="Number">22.7</Data></Cell>
    <Cell><Data ss:Type="Number">39.299999999999997</Data></Cell>
    <Cell><Data ss:Type="Number">0</Data></Cell>
    <Cell><Data ss:Type="Number">0</Data></Cell>
    <Cell><Data ss:Type="String">2023-12-07 16:16:03.449033</Data></Cell>
   </Row>
   <Row>
    <Cell><Data ss:Type="String">1891</Data></Cell>
    <Cell><Data ss:Type="Number">0.26</Data></Cell>
    <Cell><Data ss:Type="Number">-10</Data></Cell>
    <Cell><Data ss:Type="Number">0.13</Data></Cell>
    <Cell><Data ss:Type="Number">-9.44</Data></Cell>
    <Cell><Data ss:Type="Number">-0.08</Data></Cell>
    <Cell><Data ss:Type="Number">-0.93</Data></Cell>
    <Cell><Data ss:Type="Number">22.7</Data></Cell>
    <Cell><Data ss:Type="Number">39.299999999999997</Data></Cell>
    <Cell><Data ss:Type="Number">0</Data></Cell>
    <Cell><Data ss:Type="Number">0</Data></Cell>
    <Cell><Data ss:Type="String">2023-12-07 16:16:03.401552</Data></Cell>
   </Row>
   <Row>
    <Cell><Data ss:Type="String">1890</Data></Cell>
    <Cell><Data ss:Type="Number">0.3</Data></Cell>
    <Cell><Data ss:Type="Number">-9.9600000000000009</Data></Cell>
    <Cell><Data ss:Type="Number">0.06</Data></Cell>
    <Cell><Data ss:Type="Number">-9.4600000000000009</Data></Cell>
    <Cell><Data ss:Type="Number">-7.0000000000000007E-2</Data></Cell>
    <Cell><Data ss:Type="Number">-0.95</Data></Cell>
    <Cell><Data ss:Type="Number">22.7</Data></Cell>
    <Cell><Data ss:Type="Number">39.299999999999997</Data></Cell>
    <Cell><Data ss:Type="Number">0</Data></Cell>
    <Cell><Data ss:Type="Number">0</Data></Cell>
    <Cell><Data ss:Type="String">2023-12-07 16:16:03.400126</Data></Cell>
   </Row>
   <Row>
    <Cell><Data ss:Type="String">1889</Data></Cell>
    <Cell><Data ss:Type="Number">0.28000000000000003</Data></Cell>
    <Cell><Data ss:Type="Number">-10.039999999999999</Data></Cell>
    <Cell><Data ss:Type="Number">0.09</Data></Cell>
    <Cell><Data ss:Type="Number">-9.52</Data></Cell>
    <Cell><Data ss:Type="Number">-7.0000000000000007E-2</Data></Cell>
    <Cell><Data ss:Type="Number">-0.94</Data></Cell>
    <Cell><Data ss:Type="Number">22.7</Data></Cell>
    <Cell><Data ss:Type="Number">39.299999999999997</Data></Cell>
    <Cell><Data ss:Type="Number">0</Data></Cell>
    <Cell><Data ss:Type="Number">0</Data></Cell>
    <Cell><Data ss:Type="String">2023-12-07 16:16:03.398644</Data></Cell>
   </Row>
   <Row>
    <Cell><Data ss:Type="String">1888</Data></Cell>
    <Cell><Data ss:Type="Number">0.34</Data></Cell>
    <Cell><Data ss:Type="Number">-10.18</Data></Cell>
    <Cell><Data ss:Type="Number">0.22</Data></Cell>
    <Cell><Data ss:Type="Number">-9.5399999999999991</Data></Cell>
    <Cell><Data ss:Type="Number">-0.06</Data></Cell>
    <Cell><Data ss:Type="Number">-0.89</Data></Cell>
    <Cell><Data ss:Type="Number">22.7</Data></Cell>
    <Cell><Data ss:Type="Number">39.299999999999997</Data></Cell>
    <Cell><Data ss:Type="Number">0</Data></Cell>
    <Cell><Data ss:Type="Number">0</Data></Cell>
    <Cell><Data ss:Type="String">2023-12-07 16:16:03.397329</Data></Cell>
   </Row>
   <Row>
    <Cell><Data ss:Type="String">1887</Data></Cell>
    <Cell><Data ss:Type="Number">0.28000000000000003</Data></Cell>
    <Cell><Data ss:Type="Number">-10.17</Data></Cell>
    <Cell><Data ss:Type="Number">0.19</Data></Cell>
    <Cell><Data ss:Type="Number">-9.4499999999999993</Data></Cell>
    <Cell><Data ss:Type="Number">-0.05</Data></Cell>
    <Cell><Data ss:Type="Number">-0.89</Data></Cell>
    <Cell><Data ss:Type="Number">22.7</Data></Cell>
    <Cell><Data ss:Type="Number">39.299999999999997</Data></Cell>
    <Cell><Data ss:Type="Number">0</Data></Cell>
    <Cell><Data ss:Type="Number">0</Data></Cell>
    <Cell><Data ss:Type="String">2023-12-07 16:16:03.395724</Data></Cell>
   </Row>
   <Row>
    <Cell><Data ss:Type="String">1886</Data></Cell>
    <Cell><Data ss:Type="Number">0.27</Data></Cell>
    <Cell><Data ss:Type="Number">-10.02</Data></Cell>
    <Cell><Data ss:Type="Number">0.1</Data></Cell>
    <Cell><Data ss:Type="Number">-9.41</Data></Cell>
    <Cell><Data ss:Type="Number">-7.0000000000000007E-2</Data></Cell>
    <Cell><Data ss:Type="Number">-0.93</Data></Cell>
    <Cell><Data ss:Type="Number">22.7</Data></Cell>
    <Cell><Data ss:Type="Number">39.299999999999997</Data></Cell>
    <Cell><Data ss:Type="Number">0</Data></Cell>
    <Cell><Data ss:Type="Number">0</Data></Cell>
    <Cell><Data ss:Type="String">2023-12-07 16:16:03.393857</Data></Cell>
   </Row>
   <Row>
    <Cell><Data ss:Type="String">1885</Data></Cell>
    <Cell><Data ss:Type="Number">0.28999999999999998</Data></Cell>
    <Cell><Data ss:Type="Number">-9.9700000000000006</Data></Cell>
    <Cell><Data ss:Type="Number">0.06</Data></Cell>
    <Cell><Data ss:Type="Number">-9.49</Data></Cell>
    <Cell><Data ss:Type="Number">-7.0000000000000007E-2</Data></Cell>
    <Cell><Data ss:Type="Number">-0.94</Data></Cell>
    <Cell><Data ss:Type="Number">22.7</Data></Cell>
    <Cell><Data ss:Type="Number">39.299999999999997</Data></Cell>
    <Cell><Data ss:Type="Number">0</Data></Cell>
    <Cell><Data ss:Type="Number">0</Data></Cell>
    <Cell><Data ss:Type="String">2023-12-07 16:16:03.392457</Data></Cell>
   </Row>
   <Row>
    <Cell><Data ss:Type="String">1884</Data></Cell>
    <Cell><Data ss:Type="Number">0.28999999999999998</Data></Cell>
    <Cell><Data ss:Type="Number">-10.14</Data></Cell>
    <Cell><Data ss:Type="Number">0.16</Data></Cell>
    <Cell><Data ss:Type="Number">-9.5399999999999991</Data></Cell>
    <Cell><Data ss:Type="Number">-0.1</Data></Cell>
    <Cell><Data ss:Type="Number">-0.91</Data></Cell>
    <Cell><Data ss:Type="Number">22.7</Data></Cell>
    <Cell><Data ss:Type="Number">39.299999999999997</Data></Cell>
    <Cell><Data ss:Type="Number">0</Data></Cell>
    <Cell><Data ss:Type="Number">0</Data></Cell>
    <Cell><Data ss:Type="String">2023-12-07 16:16:03.390809</Data></Cell>
   </Row>
   <Row>
    <Cell><Data ss:Type="String">1883</Data></Cell>
    <Cell><Data ss:Type="Number">0.28000000000000003</Data></Cell>
    <Cell><Data ss:Type="Number">-10.16</Data></Cell>
    <Cell><Data ss:Type="Number">0.21</Data></Cell>
    <Cell><Data ss:Type="Number">-9.5</Data></Cell>
    <Cell><Data ss:Type="Number">-0.08</Data></Cell>
    <Cell><Data ss:Type="Number">-0.87</Data></Cell>
    <Cell><Data ss:Type="Number">22.7</Data></Cell>
    <Cell><Data ss:Type="Number">39.299999999999997</Data></Cell>
    <Cell><Data ss:Type="Number">0</Data></Cell>
    <Cell><Data ss:Type="Number">0</Data></Cell>
    <Cell><Data ss:Type="String">2023-12-07 16:16:03.158176</Data></Cell>
   </Row>
   <Row>
    <Cell><Data ss:Type="String">1882</Data></Cell>
    <Cell><Data ss:Type="Number">0.25</Data></Cell>
    <Cell><Data ss:Type="Number">-10.1</Data></Cell>
    <Cell><Data ss:Type="Number">0.18</Data></Cell>
    <Cell><Data ss:Type="Number">-9.4499999999999993</Data></Cell>
    <Cell><Data ss:Type="Number">-0.04</Data></Cell>
    <Cell><Data ss:Type="Number">-0.91</Data></Cell>
    <Cell><Data ss:Type="Number">22.7</Data></Cell>
    <Cell><Data ss:Type="Number">39.299999999999997</Data></Cell>
    <Cell><Data ss:Type="Number">0</Data></Cell>
    <Cell><Data ss:Type="Number">0</Data></Cell>
    <Cell><Data ss:Type="String">2023-12-07 16:16:03.113829</Data></Cell>
   </Row>
   <Row>
    <Cell><Data ss:Type="String">1881</Data></Cell>
    <Cell><Data ss:Type="Number">0.22</Data></Cell>
    <Cell><Data ss:Type="Number">-10.039999999999999</Data></Cell>
    <Cell><Data ss:Type="Number">0.16</Data></Cell>
    <Cell><Data ss:Type="Number">-9.4499999999999993</Data></Cell>
    <Cell><Data ss:Type="Number">-0.08</Data></Cell>
    <Cell><Data ss:Type="Number">-0.94</Data></Cell>
    <Cell><Data ss:Type="Number">22.7</Data></Cell>
    <Cell><Data ss:Type="Number">39.299999999999997</Data></Cell>
    <Cell><Data ss:Type="Number">0</Data></Cell>
    <Cell><Data ss:Type="Number">0</Data></Cell>
    <Cell><Data ss:Type="String">2023-12-07 16:16:03.060386</Data></Cell>
   </Row>
   <Row>
    <Cell><Data ss:Type="String">1880</Data></Cell>
    <Cell><Data ss:Type="Number">0.31</Data></Cell>
    <Cell><Data ss:Type="Number">-10</Data></Cell>
    <Cell><Data ss:Type="Number">0.1</Data></Cell>
    <Cell><Data ss:Type="Number">-9.44</Data></Cell>
    <Cell><Data ss:Type="Number">-0.06</Data></Cell>
    <Cell><Data ss:Type="Number">-0.95</Data></Cell>
    <Cell><Data ss:Type="Number">22.7</Data></Cell>
    <Cell><Data ss:Type="Number">39.299999999999997</Data></Cell>
    <Cell><Data ss:Type="Number">0</Data></Cell>
    <Cell><Data ss:Type="Number">0</Data></Cell>
    <Cell><Data ss:Type="String">2023-12-07 16:16:03.058692</Data></Cell>
   </Row>
   <Row>
    <Cell><Data ss:Type="String">1879</Data></Cell>
    <Cell><Data ss:Type="Number">0.31</Data></Cell>
    <Cell><Data ss:Type="Number">-10.119999999999999</Data></Cell>
    <Cell><Data ss:Type="Number">0.17</Data></Cell>
    <Cell><Data ss:Type="Number">-9.49</Data></Cell>
    <Cell><Data ss:Type="Number">-0.08</Data></Cell>
    <Cell><Data ss:Type="Number">-0.96</Data></Cell>
    <Cell><Data ss:Type="Number">22.7</Data></Cell>
    <Cell><Data ss:Type="Number">39.299999999999997</Data></Cell>
    <Cell><Data ss:Type="Number">0</Data></Cell>
    <Cell><Data ss:Type="Number">0</Data></Cell>
    <Cell><Data ss:Type="String">2023-12-07 16:16:03.056832</Data></Cell>
   </Row>
   <Row>
    <Cell><Data ss:Type="String">1878</Data></Cell>
    <Cell><Data ss:Type="Number">0.3</Data></Cell>
    <Cell><Data ss:Type="Number">-10.18</Data></Cell>
    <Cell><Data ss:Type="Number">0.16</Data></Cell>
    <Cell><Data ss:Type="Number">-9.5299999999999994</Data></Cell>
    <Cell><Data ss:Type="Number">-0.08</Data></Cell>
    <Cell><Data ss:Type="Number">-0.92</Data></Cell>
    <Cell><Data ss:Type="Number">22.7</Data></Cell>
    <Cell><Data ss:Type="Number">39.299999999999997</Data></Cell>
    <Cell><Data ss:Type="Number">0</Data></Cell>
    <Cell><Data ss:Type="Number">0</Data></Cell>
    <Cell><Data ss:Type="String">2023-12-07 16:16:02.960240</Data></Cell>
   </Row>
   <Row>
    <Cell><Data ss:Type="String">1877</Data></Cell>
    <Cell><Data ss:Type="Number">0.2</Data></Cell>
    <Cell><Data ss:Type="Number">-10.210000000000001</Data></Cell>
    <Cell><Data ss:Type="Number">0.17</Data></Cell>
    <Cell><Data ss:Type="Number">-9.49</Data></Cell>
    <Cell><Data ss:Type="Number">-7.0000000000000007E-2</Data></Cell>
    <Cell><Data ss:Type="Number">-0.88</Data></Cell>
    <Cell><Data ss:Type="Number">22.7</Data></Cell>
    <Cell><Data ss:Type="Number">39.299999999999997</Data></Cell>
    <Cell><Data ss:Type="Number">0</Data></Cell>
    <Cell><Data ss:Type="Number">0</Data></Cell>
    <Cell><Data ss:Type="String">2023-12-07 16:16:02.958692</Data></Cell>
   </Row>
   <Row>
    <Cell><Data ss:Type="String">1876</Data></Cell>
    <Cell><Data ss:Type="Number">0.25</Data></Cell>
    <Cell><Data ss:Type="Number">-9.99</Data></Cell>
    <Cell><Data ss:Type="Number">0.1</Data></Cell>
    <Cell><Data ss:Type="Number">-9.43</Data></Cell>
    <Cell><Data ss:Type="Number">-0.05</Data></Cell>
    <Cell><Data ss:Type="Number">-0.95</Data></Cell>
    <Cell><Data ss:Type="Number">22.7</Data></Cell>
    <Cell><Data ss:Type="Number">39.299999999999997</Data></Cell>
    <Cell><Data ss:Type="Number">0</Data></Cell>
    <Cell><Data ss:Type="Number">0</Data></Cell>
    <Cell><Data ss:Type="String">2023-12-07 16:16:02.913256</Data></Cell>
   </Row>
   <Row>
    <Cell><Data ss:Type="String">1875</Data></Cell>
    <Cell><Data ss:Type="Number">0.28000000000000003</Data></Cell>
    <Cell><Data ss:Type="Number">-9.9700000000000006</Data></Cell>
    <Cell><Data ss:Type="Number">0.1</Data></Cell>
    <Cell><Data ss:Type="Number">-9.41</Data></Cell>
    <Cell><Data ss:Type="Number">-0.09</Data></Cell>
    <Cell><Data ss:Type="Number">-0.93</Data></Cell>
    <Cell><Data ss:Type="Number">22.7</Data></Cell>
    <Cell><Data ss:Type="Number">39.299999999999997</Data></Cell>
    <Cell><Data ss:Type="Number">0</Data></Cell>
    <Cell><Data ss:Type="Number">0</Data></Cell>
    <Cell><Data ss:Type="String">2023-12-07 16:16:02.865946</Data></Cell>
   </Row>
   <Row>
    <Cell><Data ss:Type="String">1874</Data></Cell>
    <Cell><Data ss:Type="Number">0.28000000000000003</Data></Cell>
    <Cell><Data ss:Type="Number">-9.98</Data></Cell>
    <Cell><Data ss:Type="Number">0.1</Data></Cell>
    <Cell><Data ss:Type="Number">-9.48</Data></Cell>
    <Cell><Data ss:Type="Number">-7.0000000000000007E-2</Data></Cell>
    <Cell><Data ss:Type="Number">-0.96</Data></Cell>
    <Cell><Data ss:Type="Number">22.7</Data></Cell>
    <Cell><Data ss:Type="Number">39.299999999999997</Data></Cell>
    <Cell><Data ss:Type="Number">0</Data></Cell>
    <Cell><Data ss:Type="Number">0</Data></Cell>
    <Cell><Data ss:Type="String">2023-12-07 16:16:02.822833</Data></Cell>
   </Row>
   <Row>
    <Cell><Data ss:Type="String">1873</Data></Cell>
    <Cell><Data ss:Type="Number">0.25</Data></Cell>
    <Cell><Data ss:Type="Number">-10.210000000000001</Data></Cell>
    <Cell><Data ss:Type="Number">0.21</Data></Cell>
    <Cell><Data ss:Type="Number">-9.52</Data></Cell>
    <Cell><Data ss:Type="Number">-0.05</Data></Cell>
    <Cell><Data ss:Type="Number">-0.91</Data></Cell>
    <Cell><Data ss:Type="Number">22.7</Data></Cell>
    <Cell><Data ss:Type="Number">39.299999999999997</Data></Cell>
    <Cell><Data ss:Type="Number">0</Data></Cell>
    <Cell><Data ss:Type="Number">0</Data></Cell>
    <Cell><Data ss:Type="String">2023-12-07 16:16:02.820887</Data></Cell>
   </Row>
   <Row>
    <Cell><Data ss:Type="String">1872</Data></Cell>
    <Cell><Data ss:Type="Number">0.35</Data></Cell>
    <Cell><Data ss:Type="Number">-10.01</Data></Cell>
    <Cell><Data ss:Type="Number">0.15</Data></Cell>
    <Cell><Data ss:Type="Number">-9.4</Data></Cell>
    <Cell><Data ss:Type="Number">-0.09</Data></Cell>
    <Cell><Data ss:Type="Number">-0.91</Data></Cell>
    <Cell><Data ss:Type="Number">22.7</Data></Cell>
    <Cell><Data ss:Type="Number">39.299999999999997</Data></Cell>
    <Cell><Data ss:Type="Number">0</Data></Cell>
    <Cell><Data ss:Type="Number">0</Data></Cell>
    <Cell><Data ss:Type="String">2023-12-07 16:16:02.774571</Data></Cell>
   </Row>
   <Row>
    <Cell><Data ss:Type="String">1871</Data></Cell>
    <Cell><Data ss:Type="Number">0.3</Data></Cell>
    <Cell><Data ss:Type="Number">-10</Data></Cell>
    <Cell><Data ss:Type="Number">0.09</Data></Cell>
    <Cell><Data ss:Type="Number">-9.44</Data></Cell>
    <Cell><Data ss:Type="Number">-0.05</Data></Cell>
    <Cell><Data ss:Type="Number">-0.93</Data></Cell>
    <Cell><Data ss:Type="Number">22.7</Data></Cell>
    <Cell><Data ss:Type="Number">39.299999999999997</Data></Cell>
    <Cell><Data ss:Type="Number">0</Data></Cell>
    <Cell><Data ss:Type="Number">0</Data></Cell>
    <Cell><Data ss:Type="String">2023-12-07 16:16:02.731244</Data></Cell>
   </Row>
   <Row>
    <Cell><Data ss:Type="String">1870</Data></Cell>
    <Cell><Data ss:Type="Number">0.34</Data></Cell>
    <Cell><Data ss:Type="Number">-9.9700000000000006</Data></Cell>
    <Cell><Data ss:Type="Number">-0.11</Data></Cell>
    <Cell><Data ss:Type="Number">-9.5</Data></Cell>
    <Cell><Data ss:Type="Number">-0.08</Data></Cell>
    <Cell><Data ss:Type="Number">-0.94</Data></Cell>
    <Cell><Data ss:Type="Number">22.7</Data></Cell>
    <Cell><Data ss:Type="Number">39.299999999999997</Data></Cell>
    <Cell><Data ss:Type="Number">0</Data></Cell>
    <Cell><Data ss:Type="Number">0</Data></Cell>
    <Cell><Data ss:Type="String">2023-12-07 16:16:02.729306</Data></Cell>
   </Row>
   <Row>
    <Cell><Data ss:Type="String">1869</Data></Cell>
    <Cell><Data ss:Type="Number">0.25</Data></Cell>
    <Cell><Data ss:Type="Number">-10.199999999999999</Data></Cell>
    <Cell><Data ss:Type="Number">0.22</Data></Cell>
    <Cell><Data ss:Type="Number">-9.5500000000000007</Data></Cell>
    <Cell><Data ss:Type="Number">-0.05</Data></Cell>
    <Cell><Data ss:Type="Number">-0.85</Data></Cell>
    <Cell><Data ss:Type="Number">22.7</Data></Cell>
    <Cell><Data ss:Type="Number">39.299999999999997</Data></Cell>
    <Cell><Data ss:Type="Number">0</Data></Cell>
    <Cell><Data ss:Type="Number">0</Data></Cell>
    <Cell><Data ss:Type="String">2023-12-07 16:16:02.685329</Data></Cell>
   </Row>
   <Row>
    <Cell><Data ss:Type="String">1868</Data></Cell>
    <Cell><Data ss:Type="Number">0.3</Data></Cell>
    <Cell><Data ss:Type="Number">-10.17</Data></Cell>
    <Cell><Data ss:Type="Number">0.15</Data></Cell>
    <Cell><Data ss:Type="Number">-9.48</Data></Cell>
    <Cell><Data ss:Type="Number">-0.05</Data></Cell>
    <Cell><Data ss:Type="Number">-0.94</Data></Cell>
    <Cell><Data ss:Type="Number">22.7</Data></Cell>
    <Cell><Data ss:Type="Number">39.299999999999997</Data></Cell>
    <Cell><Data ss:Type="Number">0</Data></Cell>
    <Cell><Data ss:Type="Number">0</Data></Cell>
    <Cell><Data ss:Type="String">2023-12-07 16:16:02.637027</Data></Cell>
   </Row>
   <Row>
    <Cell><Data ss:Type="String">1867</Data></Cell>
    <Cell><Data ss:Type="Number">0.21</Data></Cell>
    <Cell><Data ss:Type="Number">-10.11</Data></Cell>
    <Cell><Data ss:Type="Number">0.09</Data></Cell>
    <Cell><Data ss:Type="Number">-9.42</Data></Cell>
    <Cell><Data ss:Type="Number">-7.0000000000000007E-2</Data></Cell>
    <Cell><Data ss:Type="Number">-0.89</Data></Cell>
    <Cell><Data ss:Type="Number">22.7</Data></Cell>
    <Cell><Data ss:Type="Number">39.299999999999997</Data></Cell>
    <Cell><Data ss:Type="Number">0</Data></Cell>
    <Cell><Data ss:Type="Number">0</Data></Cell>
    <Cell><Data ss:Type="String">2023-12-07 16:16:02.593809</Data></Cell>
   </Row>
   <Row>
    <Cell><Data ss:Type="String">1866</Data></Cell>
    <Cell><Data ss:Type="Number">0.28999999999999998</Data></Cell>
    <Cell><Data ss:Type="Number">-10.01</Data></Cell>
    <Cell><Data ss:Type="Number">7.0000000000000007E-2</Data></Cell>
    <Cell><Data ss:Type="Number">-9.44</Data></Cell>
    <Cell><Data ss:Type="Number">-7.0000000000000007E-2</Data></Cell>
    <Cell><Data ss:Type="Number">-0.95</Data></Cell>
    <Cell><Data ss:Type="Number">22.7</Data></Cell>
    <Cell><Data ss:Type="Number">39.299999999999997</Data></Cell>
    <Cell><Data ss:Type="Number">0</Data></Cell>
    <Cell><Data ss:Type="Number">0</Data></Cell>
    <Cell><Data ss:Type="String">2023-12-07 16:16:02.591904</Data></Cell>
   </Row>
   <Row>
    <Cell><Data ss:Type="String">1865</Data></Cell>
    <Cell><Data ss:Type="Number">0.27</Data></Cell>
    <Cell><Data ss:Type="Number">-10.01</Data></Cell>
    <Cell><Data ss:Type="Number">0.08</Data></Cell>
    <Cell><Data ss:Type="Number">-9.5</Data></Cell>
    <Cell><Data ss:Type="Number">-0.08</Data></Cell>
    <Cell><Data ss:Type="Number">-0.94</Data></Cell>
    <Cell><Data ss:Type="Number">22.7</Data></Cell>
    <Cell><Data ss:Type="Number">39.299999999999997</Data></Cell>
    <Cell><Data ss:Type="Number">0</Data></Cell>
    <Cell><Data ss:Type="Number">0</Data></Cell>
    <Cell><Data ss:Type="String">2023-12-07 16:16:02.544417</Data></Cell>
   </Row>
   <Row>
    <Cell><Data ss:Type="String">1864</Data></Cell>
    <Cell><Data ss:Type="Number">0.25</Data></Cell>
    <Cell><Data ss:Type="Number">-10.220000000000001</Data></Cell>
    <Cell><Data ss:Type="Number">0.21</Data></Cell>
    <Cell><Data ss:Type="Number">-9.5299999999999994</Data></Cell>
    <Cell><Data ss:Type="Number">-0.08</Data></Cell>
    <Cell><Data ss:Type="Number">-0.85</Data></Cell>
    <Cell><Data ss:Type="Number">22.7</Data></Cell>
    <Cell><Data ss:Type="Number">39.299999999999997</Data></Cell>
    <Cell><Data ss:Type="Number">0</Data></Cell>
    <Cell><Data ss:Type="Number">0</Data></Cell>
    <Cell><Data ss:Type="String">2023-12-07 16:16:02.499538</Data></Cell>
   </Row>
   <Row>
    <Cell><Data ss:Type="String">1863</Data></Cell>
    <Cell><Data ss:Type="Number">0.25</Data></Cell>
    <Cell><Data ss:Type="Number">-10.23</Data></Cell>
    <Cell><Data ss:Type="Number">0.13</Data></Cell>
    <Cell><Data ss:Type="Number">-9.57</Data></Cell>
    <Cell><Data ss:Type="Number">-0.08</Data></Cell>
    <Cell><Data ss:Type="Number">-0.97</Data></Cell>
    <Cell><Data ss:Type="Number">22.7</Data></Cell>
    <Cell><Data ss:Type="Number">39.299999999999997</Data></Cell>
    <Cell><Data ss:Type="Number">0</Data></Cell>
    <Cell><Data ss:Type="Number">0</Data></Cell>
    <Cell><Data ss:Type="String">2023-12-07 16:16:02.455316</Data></Cell>
   </Row>
   <Row>
    <Cell><Data ss:Type="String">1862</Data></Cell>
    <Cell><Data ss:Type="Number">0.27</Data></Cell>
    <Cell><Data ss:Type="Number">-10.210000000000001</Data></Cell>
    <Cell><Data ss:Type="Number">0.19</Data></Cell>
    <Cell><Data ss:Type="Number">-9.5399999999999991</Data></Cell>
    <Cell><Data ss:Type="Number">-0.1</Data></Cell>
    <Cell><Data ss:Type="Number">-0.91</Data></Cell>
    <Cell><Data ss:Type="Number">22.7</Data></Cell>
    <Cell><Data ss:Type="Number">39.299999999999997</Data></Cell>
    <Cell><Data ss:Type="Number">0</Data></Cell>
    <Cell><Data ss:Type="Number">0</Data></Cell>
    <Cell><Data ss:Type="String">2023-12-07 16:16:02.453013</Data></Cell>
   </Row>
   <Row>
    <Cell><Data ss:Type="String">1861</Data></Cell>
    <Cell><Data ss:Type="Number">0.11</Data></Cell>
    <Cell><Data ss:Type="Number">-10.18</Data></Cell>
    <Cell><Data ss:Type="Number">0.24</Data></Cell>
    <Cell><Data ss:Type="Number">-9.43</Data></Cell>
    <Cell><Data ss:Type="Number">-0.08</Data></Cell>
    <Cell><Data ss:Type="Number">-0.87</Data></Cell>
    <Cell><Data ss:Type="Number">22.7</Data></Cell>
    <Cell><Data ss:Type="Number">39.299999999999997</Data></Cell>
    <Cell><Data ss:Type="Number">0</Data></Cell>
    <Cell><Data ss:Type="Number">0</Data></Cell>
    <Cell><Data ss:Type="String">2023-12-07 16:16:02.408167</Data></Cell>
   </Row>
   <Row>
    <Cell><Data ss:Type="String">1860</Data></Cell>
    <Cell><Data ss:Type="Number">0.25</Data></Cell>
    <Cell><Data ss:Type="Number">-10.02</Data></Cell>
    <Cell><Data ss:Type="Number">-0.01</Data></Cell>
    <Cell><Data ss:Type="Number">-9.4499999999999993</Data></Cell>
    <Cell><Data ss:Type="Number">-0.09</Data></Cell>
    <Cell><Data ss:Type="Number">-0.96</Data></Cell>
    <Cell><Data ss:Type="Number">22.7</Data></Cell>
    <Cell><Data ss:Type="Number">39.299999999999997</Data></Cell>
    <Cell><Data ss:Type="Number">0</Data></Cell>
    <Cell><Data ss:Type="Number">0</Data></Cell>
    <Cell><Data ss:Type="String">2023-12-07 16:16:02.360413</Data></Cell>
   </Row>
   <Row>
    <Cell><Data ss:Type="String">1859</Data></Cell>
    <Cell><Data ss:Type="Number">0.4</Data></Cell>
    <Cell><Data ss:Type="Number">-9.9600000000000009</Data></Cell>
    <Cell><Data ss:Type="Number">0.16</Data></Cell>
    <Cell><Data ss:Type="Number">-9.42</Data></Cell>
    <Cell><Data ss:Type="Number">-0.02</Data></Cell>
    <Cell><Data ss:Type="Number">-0.89</Data></Cell>
    <Cell><Data ss:Type="Number">22.7</Data></Cell>
    <Cell><Data ss:Type="Number">39.299999999999997</Data></Cell>
    <Cell><Data ss:Type="Number">0</Data></Cell>
    <Cell><Data ss:Type="Number">0</Data></Cell>
    <Cell><Data ss:Type="String">2023-12-07 16:16:02.318639</Data></Cell>
   </Row>
   <Row>
    <Cell><Data ss:Type="String">1858</Data></Cell>
    <Cell><Data ss:Type="Number">0.17</Data></Cell>
    <Cell><Data ss:Type="Number">-10.24</Data></Cell>
    <Cell><Data ss:Type="Number">0.2</Data></Cell>
    <Cell><Data ss:Type="Number">-9.56</Data></Cell>
    <Cell><Data ss:Type="Number">-0.17</Data></Cell>
    <Cell><Data ss:Type="Number">-0.96</Data></Cell>
    <Cell><Data ss:Type="Number">22.7</Data></Cell>
    <Cell><Data ss:Type="Number">39.299999999999997</Data></Cell>
    <Cell><Data ss:Type="Number">0</Data></Cell>
    <Cell><Data ss:Type="Number">0</Data></Cell>
    <Cell><Data ss:Type="String">2023-12-07 16:16:02.316159</Data></Cell>
   </Row>
   <Row>
    <Cell><Data ss:Type="String">1857</Data></Cell>
    <Cell><Data ss:Type="Number">0.34</Data></Cell>
    <Cell><Data ss:Type="Number">-10.19</Data></Cell>
    <Cell><Data ss:Type="Number">0.16</Data></Cell>
    <Cell><Data ss:Type="Number">-9.48</Data></Cell>
    <Cell><Data ss:Type="Number">-7.0000000000000007E-2</Data></Cell>
    <Cell><Data ss:Type="Number">-0.86</Data></Cell>
    <Cell><Data ss:Type="Number">22.7</Data></Cell>
    <Cell><Data ss:Type="Number">39.299999999999997</Data></Cell>
    <Cell><Data ss:Type="Number">0</Data></Cell>
    <Cell><Data ss:Type="Number">0</Data></Cell>
    <Cell><Data ss:Type="String">2023-12-07 16:16:02.268029</Data></Cell>
   </Row>
   <Row>
    <Cell><Data ss:Type="String">1856</Data></Cell>
    <Cell><Data ss:Type="Number">0.1</Data></Cell>
    <Cell><Data ss:Type="Number">-10.199999999999999</Data></Cell>
    <Cell><Data ss:Type="Number">0.17</Data></Cell>
    <Cell><Data ss:Type="Number">-9.4600000000000009</Data></Cell>
    <Cell><Data ss:Type="Number">0.06</Data></Cell>
    <Cell><Data ss:Type="Number">-0.95</Data></Cell>
    <Cell><Data ss:Type="Number">22.7</Data></Cell>
    <Cell><Data ss:Type="Number">39.299999999999997</Data></Cell>
    <Cell><Data ss:Type="Number">0</Data></Cell>
    <Cell><Data ss:Type="Number">0</Data></Cell>
    <Cell><Data ss:Type="String">2023-12-07 16:16:02.230143</Data></Cell>
   </Row>
   <Row>
    <Cell><Data ss:Type="String">1855</Data></Cell>
    <Cell><Data ss:Type="Number">0.39</Data></Cell>
    <Cell><Data ss:Type="Number">-9.9</Data></Cell>
    <Cell><Data ss:Type="Number">0.04</Data></Cell>
    <Cell><Data ss:Type="Number">-9.4499999999999993</Data></Cell>
    <Cell><Data ss:Type="Number">-0.01</Data></Cell>
    <Cell><Data ss:Type="Number">-0.98</Data></Cell>
    <Cell><Data ss:Type="Number">22.7</Data></Cell>
    <Cell><Data ss:Type="Number">39.299999999999997</Data></Cell>
    <Cell><Data ss:Type="Number">0</Data></Cell>
    <Cell><Data ss:Type="Number">0</Data></Cell>
    <Cell><Data ss:Type="String">2023-12-07 16:16:02.228648</Data></Cell>
   </Row>
   <Row>
    <Cell><Data ss:Type="String">1854</Data></Cell>
    <Cell><Data ss:Type="Number">0.95</Data></Cell>
    <Cell><Data ss:Type="Number">-9.9</Data></Cell>
    <Cell><Data ss:Type="Number">0.45</Data></Cell>
    <Cell><Data ss:Type="Number">-9.4</Data></Cell>
    <Cell><Data ss:Type="Number">-0.52</Data></Cell>
    <Cell><Data ss:Type="Number">-0.81</Data></Cell>
    <Cell><Data ss:Type="Number">22.7</Data></Cell>
    <Cell><Data ss:Type="Number">39.299999999999997</Data></Cell>
    <Cell><Data ss:Type="Number">0</Data></Cell>
    <Cell><Data ss:Type="Number">0</Data></Cell>
    <Cell><Data ss:Type="String">2023-12-07 16:16:02.227216</Data></Cell>
   </Row>
   <Row>
    <Cell><Data ss:Type="String">1853</Data></Cell>
    <Cell><Data ss:Type="Number">-0.76</Data></Cell>
    <Cell><Data ss:Type="Number">-10.33</Data></Cell>
    <Cell><Data ss:Type="Number">-0.55000000000000004</Data></Cell>
    <Cell><Data ss:Type="Number">-9.61</Data></Cell>
    <Cell><Data ss:Type="Number">0.26</Data></Cell>
    <Cell><Data ss:Type="Number">-1.01</Data></Cell>
    <Cell><Data ss:Type="Number">22.7</Data></Cell>
    <Cell><Data ss:Type="Number">39.299999999999997</Data></Cell>
    <Cell><Data ss:Type="Number">0</Data></Cell>
    <Cell><Data ss:Type="Number">0</Data></Cell>
    <Cell><Data ss:Type="String">2023-12-07 16:16:02.225762</Data></Cell>
   </Row>
   <Row>
    <Cell><Data ss:Type="String">1852</Data></Cell>
    <Cell><Data ss:Type="Number">-0.67</Data></Cell>
    <Cell><Data ss:Type="Number">-10.28</Data></Cell>
    <Cell><Data ss:Type="Number">-0.27</Data></Cell>
    <Cell><Data ss:Type="Number">-9.48</Data></Cell>
    <Cell><Data ss:Type="Number">0.5</Data></Cell>
    <Cell><Data ss:Type="Number">-0.95</Data></Cell>
    <Cell><Data ss:Type="Number">22.7</Data></Cell>
    <Cell><Data ss:Type="Number">39.299999999999997</Data></Cell>
    <Cell><Data ss:Type="Number">0</Data></Cell>
    <Cell><Data ss:Type="Number">0</Data></Cell>
    <Cell><Data ss:Type="String">2023-12-07 16:16:02.223982</Data></Cell>
   </Row>
   <Row>
    <Cell><Data ss:Type="String">1851</Data></Cell>
    <Cell><Data ss:Type="Number">2.19</Data></Cell>
    <Cell><Data ss:Type="Number">-9.9499999999999993</Data></Cell>
    <Cell><Data ss:Type="Number">1.34</Data></Cell>
    <Cell><Data ss:Type="Number">-9.31</Data></Cell>
    <Cell><Data ss:Type="Number">-0.89</Data></Cell>
    <Cell><Data ss:Type="Number">-0.9</Data></Cell>
    <Cell><Data ss:Type="Number">22.7</Data></Cell>
    <Cell><Data ss:Type="Number">39.299999999999997</Data></Cell>
    <Cell><Data ss:Type="Number">0</Data></Cell>
    <Cell><Data ss:Type="Number">0</Data></Cell>
    <Cell><Data ss:Type="String">2023-12-07 16:16:02.221090</Data></Cell>
   </Row>
   <Row>
    <Cell><Data ss:Type="String">1850</Data></Cell>
    <Cell><Data ss:Type="Number">1.27</Data></Cell>
    <Cell><Data ss:Type="Number">-9.1</Data></Cell>
    <Cell><Data ss:Type="Number">-0.27</Data></Cell>
    <Cell><Data ss:Type="Number">-9.51</Data></Cell>
    <Cell><Data ss:Type="Number">-1.19</Data></Cell>
    <Cell><Data ss:Type="Number">-1.3</Data></Cell>
    <Cell><Data ss:Type="Number">22.7</Data></Cell>
    <Cell><Data ss:Type="Number">39.299999999999997</Data></Cell>
    <Cell><Data ss:Type="Number">0</Data></Cell>
    <Cell><Data ss:Type="Number">0</Data></Cell>
    <Cell><Data ss:Type="String">2023-12-07 16:16:02.217855</Data></Cell>
   </Row>
   <Row>
    <Cell><Data ss:Type="String">1849</Data></Cell>
    <Cell><Data ss:Type="Number">-1.35</Data></Cell>
    <Cell><Data ss:Type="Number">-14.98</Data></Cell>
    <Cell><Data ss:Type="Number">-0.19</Data></Cell>
    <Cell><Data ss:Type="Number">-9.9</Data></Cell>
    <Cell><Data ss:Type="Number">0.15</Data></Cell>
    <Cell><Data ss:Type="Number">-0.97</Data></Cell>
    <Cell><Data ss:Type="Number">22.7</Data></Cell>
    <Cell><Data ss:Type="Number">39.299999999999997</Data></Cell>
    <Cell><Data ss:Type="Number">0</Data></Cell>
    <Cell><Data ss:Type="Number">0</Data></Cell>
    <Cell><Data ss:Type="String">2023-12-07 16:16:01.985532</Data></Cell>
   </Row>
   <Row>
    <Cell><Data ss:Type="String">1848</Data></Cell>
    <Cell><Data ss:Type="Number">0.2</Data></Cell>
    <Cell><Data ss:Type="Number">-10.08</Data></Cell>
    <Cell><Data ss:Type="Number">0.02</Data></Cell>
    <Cell><Data ss:Type="Number">-9.49</Data></Cell>
    <Cell><Data ss:Type="Number">-0.12</Data></Cell>
    <Cell><Data ss:Type="Number">-0.91</Data></Cell>
    <Cell><Data ss:Type="Number">22.7</Data></Cell>
    <Cell><Data ss:Type="Number">39.299999999999997</Data></Cell>
    <Cell><Data ss:Type="Number">0</Data></Cell>
    <Cell><Data ss:Type="Number">0</Data></Cell>
    <Cell><Data ss:Type="String">2023-12-07 16:16:01.984292</Data></Cell>
   </Row>
   <Row>
    <Cell><Data ss:Type="String">1847</Data></Cell>
    <Cell><Data ss:Type="Number">0.67</Data></Cell>
    <Cell><Data ss:Type="Number">-9.9</Data></Cell>
    <Cell><Data ss:Type="Number">-0.17</Data></Cell>
    <Cell><Data ss:Type="Number">-9.39</Data></Cell>
    <Cell><Data ss:Type="Number">-0.03</Data></Cell>
    <Cell><Data ss:Type="Number">-0.95</Data></Cell>
    <Cell><Data ss:Type="Number">22.7</Data></Cell>
    <Cell><Data ss:Type="Number">39.299999999999997</Data></Cell>
    <Cell><Data ss:Type="Number">0</Data></Cell>
    <Cell><Data ss:Type="Number">0</Data></Cell>
    <Cell><Data ss:Type="String">2023-12-07 16:16:01.982838</Data></Cell>
   </Row>
   <Row>
    <Cell><Data ss:Type="String">1846</Data></Cell>
    <Cell><Data ss:Type="Number">0.68</Data></Cell>
    <Cell><Data ss:Type="Number">-10.15</Data></Cell>
    <Cell><Data ss:Type="Number">0.15</Data></Cell>
    <Cell><Data ss:Type="Number">-9.42</Data></Cell>
    <Cell><Data ss:Type="Number">-0.05</Data></Cell>
    <Cell><Data ss:Type="Number">-0.92</Data></Cell>
    <Cell><Data ss:Type="Number">22.7</Data></Cell>
    <Cell><Data ss:Type="Number">39.299999999999997</Data></Cell>
    <Cell><Data ss:Type="Number">0</Data></Cell>
    <Cell><Data ss:Type="Number">0</Data></Cell>
    <Cell><Data ss:Type="String">2023-12-07 16:16:01.981173</Data></Cell>
   </Row>
   <Row>
    <Cell><Data ss:Type="String">1845</Data></Cell>
    <Cell><Data ss:Type="Number">0.33</Data></Cell>
    <Cell><Data ss:Type="Number">-10.039999999999999</Data></Cell>
    <Cell><Data ss:Type="Number">0.12</Data></Cell>
    <Cell><Data ss:Type="Number">-9.51</Data></Cell>
    <Cell><Data ss:Type="Number">-0.11</Data></Cell>
    <Cell><Data ss:Type="Number">-0.94</Data></Cell>
    <Cell><Data ss:Type="Number">22.7</Data></Cell>
    <Cell><Data ss:Type="Number">39.299999999999997</Data></Cell>
    <Cell><Data ss:Type="Number">0</Data></Cell>
    <Cell><Data ss:Type="Number">0</Data></Cell>
    <Cell><Data ss:Type="String">2023-12-07 16:16:01.877629</Data></Cell>
   </Row>
   <Row>
    <Cell><Data ss:Type="String">1844</Data></Cell>
    <Cell><Data ss:Type="Number">0.46</Data></Cell>
    <Cell><Data ss:Type="Number">-9.99</Data></Cell>
    <Cell><Data ss:Type="Number">0.34</Data></Cell>
    <Cell><Data ss:Type="Number">-9.64</Data></Cell>
    <Cell><Data ss:Type="Number">-0.08</Data></Cell>
    <Cell><Data ss:Type="Number">-0.92</Data></Cell>
    <Cell><Data ss:Type="Number">22.7</Data></Cell>
    <Cell><Data ss:Type="Number">39.299999999999997</Data></Cell>
    <Cell><Data ss:Type="Number">0</Data></Cell>
    <Cell><Data ss:Type="Number">0</Data></Cell>
    <Cell><Data ss:Type="String">2023-12-07 16:16:01.827632</Data></Cell>
   </Row>
   <Row>
    <Cell><Data ss:Type="String">1843</Data></Cell>
    <Cell><Data ss:Type="Number">0.37</Data></Cell>
    <Cell><Data ss:Type="Number">-9.6</Data></Cell>
    <Cell><Data ss:Type="Number">0.33</Data></Cell>
    <Cell><Data ss:Type="Number">-9.39</Data></Cell>
    <Cell><Data ss:Type="Number">-0.05</Data></Cell>
    <Cell><Data ss:Type="Number">-0.91</Data></Cell>
    <Cell><Data ss:Type="Number">22.7</Data></Cell>
    <Cell><Data ss:Type="Number">39.299999999999997</Data></Cell>
    <Cell><Data ss:Type="Number">0</Data></Cell>
    <Cell><Data ss:Type="Number">0</Data></Cell>
    <Cell><Data ss:Type="String">2023-12-07 16:16:01.826139</Data></Cell>
   </Row>
   <Row>
    <Cell><Data ss:Type="String">1842</Data></Cell>
    <Cell><Data ss:Type="Number">0.26</Data></Cell>
    <Cell><Data ss:Type="Number">-9.39</Data></Cell>
    <Cell><Data ss:Type="Number">0.12</Data></Cell>
    <Cell><Data ss:Type="Number">-9.1300000000000008</Data></Cell>
    <Cell><Data ss:Type="Number">-0.02</Data></Cell>
    <Cell><Data ss:Type="Number">-1.02</Data></Cell>
    <Cell><Data ss:Type="Number">22.7</Data></Cell>
    <Cell><Data ss:Type="Number">39.299999999999997</Data></Cell>
    <Cell><Data ss:Type="Number">0</Data></Cell>
    <Cell><Data ss:Type="Number">0</Data></Cell>
    <Cell><Data ss:Type="String">2023-12-07 16:16:01.776562</Data></Cell>
   </Row>
   <Row>
    <Cell><Data ss:Type="String">1841</Data></Cell>
    <Cell><Data ss:Type="Number">0.49</Data></Cell>
    <Cell><Data ss:Type="Number">-10.35</Data></Cell>
    <Cell><Data ss:Type="Number">0.02</Data></Cell>
    <Cell><Data ss:Type="Number">-9.4600000000000009</Data></Cell>
    <Cell><Data ss:Type="Number">-0.13</Data></Cell>
    <Cell><Data ss:Type="Number">-0.93</Data></Cell>
    <Cell><Data ss:Type="Number">22.7</Data></Cell>
    <Cell><Data ss:Type="Number">39.299999999999997</Data></Cell>
    <Cell><Data ss:Type="Number">0</Data></Cell>
    <Cell><Data ss:Type="Number">0</Data></Cell>
    <Cell><Data ss:Type="String">2023-12-07 16:16:01.729912</Data></Cell>
   </Row>
   <Row>
    <Cell><Data ss:Type="String">1840</Data></Cell>
    <Cell><Data ss:Type="Number">0.68</Data></Cell>
    <Cell><Data ss:Type="Number">-10.46</Data></Cell>
    <Cell><Data ss:Type="Number">0.16</Data></Cell>
    <Cell><Data ss:Type="Number">-9.6199999999999992</Data></Cell>
    <Cell><Data ss:Type="Number">-0.09</Data></Cell>
    <Cell><Data ss:Type="Number">-0.96</Data></Cell>
    <Cell><Data ss:Type="Number">22.7</Data></Cell>
    <Cell><Data ss:Type="Number">39.299999999999997</Data></Cell>
    <Cell><Data ss:Type="Number">0</Data></Cell>
    <Cell><Data ss:Type="Number">0</Data></Cell>
    <Cell><Data ss:Type="String">2023-12-07 16:16:01.690932</Data></Cell>
   </Row>
   <Row>
    <Cell><Data ss:Type="String">1839</Data></Cell>
    <Cell><Data ss:Type="Number">0.42</Data></Cell>
    <Cell><Data ss:Type="Number">-10.64</Data></Cell>
    <Cell><Data ss:Type="Number">0.31</Data></Cell>
    <Cell><Data ss:Type="Number">-9.64</Data></Cell>
    <Cell><Data ss:Type="Number">-0.03</Data></Cell>
    <Cell><Data ss:Type="Number">-0.88</Data></Cell>
    <Cell><Data ss:Type="Number">22.7</Data></Cell>
    <Cell><Data ss:Type="Number">39.299999999999997</Data></Cell>
    <Cell><Data ss:Type="Number">0</Data></Cell>
    <Cell><Data ss:Type="Number">0</Data></Cell>
    <Cell><Data ss:Type="String">2023-12-07 16:16:01.689013</Data></Cell>
   </Row>
   <Row>
    <Cell><Data ss:Type="String">1838</Data></Cell>
    <Cell><Data ss:Type="Number">0.49</Data></Cell>
    <Cell><Data ss:Type="Number">-10.119999999999999</Data></Cell>
    <Cell><Data ss:Type="Number">0.31</Data></Cell>
    <Cell><Data ss:Type="Number">-9.67</Data></Cell>
    <Cell><Data ss:Type="Number">-0.17</Data></Cell>
    <Cell><Data ss:Type="Number">-0.94</Data></Cell>
    <Cell><Data ss:Type="Number">22.7</Data></Cell>
    <Cell><Data ss:Type="Number">39.299999999999997</Data></Cell>
    <Cell><Data ss:Type="Number">0</Data></Cell>
    <Cell><Data ss:Type="Number">0</Data></Cell>
    <Cell><Data ss:Type="String">2023-12-07 16:16:01.686881</Data></Cell>
   </Row>
   <Row>
    <Cell><Data ss:Type="String">1837</Data></Cell>
    <Cell><Data ss:Type="Number">7.0000000000000007E-2</Data></Cell>
    <Cell><Data ss:Type="Number">-9.5</Data></Cell>
    <Cell><Data ss:Type="Number">-0.02</Data></Cell>
    <Cell><Data ss:Type="Number">-9.3000000000000007</Data></Cell>
    <Cell><Data ss:Type="Number">-0.01</Data></Cell>
    <Cell><Data ss:Type="Number">-0.97</Data></Cell>
    <Cell><Data ss:Type="Number">22.7</Data></Cell>
    <Cell><Data ss:Type="Number">39.299999999999997</Data></Cell>
    <Cell><Data ss:Type="Number">0</Data></Cell>
    <Cell><Data ss:Type="Number">0</Data></Cell>
    <Cell><Data ss:Type="String">2023-12-07 16:16:01.685084</Data></Cell>
   </Row>
   <Row>
    <Cell><Data ss:Type="String">1836</Data></Cell>
    <Cell><Data ss:Type="Number">0.94</Data></Cell>
    <Cell><Data ss:Type="Number">-9.6999999999999993</Data></Cell>
    <Cell><Data ss:Type="Number">0.28000000000000003</Data></Cell>
    <Cell><Data ss:Type="Number">-9.42</Data></Cell>
    <Cell><Data ss:Type="Number">-0.24</Data></Cell>
    <Cell><Data ss:Type="Number">-0.97</Data></Cell>
    <Cell><Data ss:Type="Number">22.7</Data></Cell>
    <Cell><Data ss:Type="Number">39.299999999999997</Data></Cell>
    <Cell><Data ss:Type="Number">0</Data></Cell>
    <Cell><Data ss:Type="Number">0</Data></Cell>
    <Cell><Data ss:Type="String">2023-12-07 16:16:01.683735</Data></Cell>
   </Row>
   <Row>
    <Cell><Data ss:Type="String">1835</Data></Cell>
    <Cell><Data ss:Type="Number">0.64</Data></Cell>
    <Cell><Data ss:Type="Number">-9.6</Data></Cell>
    <Cell><Data ss:Type="Number">0.17</Data></Cell>
    <Cell><Data ss:Type="Number">-9.4</Data></Cell>
    <Cell><Data ss:Type="Number">-0.05</Data></Cell>
    <Cell><Data ss:Type="Number">-0.91</Data></Cell>
    <Cell><Data ss:Type="Number">22.7</Data></Cell>
    <Cell><Data ss:Type="Number">39.299999999999997</Data></Cell>
    <Cell><Data ss:Type="Number">0</Data></Cell>
    <Cell><Data ss:Type="Number">0</Data></Cell>
    <Cell><Data ss:Type="String">2023-12-07 16:16:01.682239</Data></Cell>
   </Row>
   <Row>
    <Cell><Data ss:Type="String">1834</Data></Cell>
    <Cell><Data ss:Type="Number">0.49</Data></Cell>
    <Cell><Data ss:Type="Number">-10.050000000000001</Data></Cell>
    <Cell><Data ss:Type="Number">0.17</Data></Cell>
    <Cell><Data ss:Type="Number">-9.52</Data></Cell>
    <Cell><Data ss:Type="Number">-0.05</Data></Cell>
    <Cell><Data ss:Type="Number">-0.9</Data></Cell>
    <Cell><Data ss:Type="Number">22.7</Data></Cell>
    <Cell><Data ss:Type="Number">39.299999999999997</Data></Cell>
    <Cell><Data ss:Type="Number">0</Data></Cell>
    <Cell><Data ss:Type="Number">0</Data></Cell>
    <Cell><Data ss:Type="String">2023-12-07 16:16:01.680644</Data></Cell>
   </Row>
   <Row>
    <Cell><Data ss:Type="String">1833</Data></Cell>
    <Cell><Data ss:Type="Number">0.23</Data></Cell>
    <Cell><Data ss:Type="Number">-9.86</Data></Cell>
    <Cell><Data ss:Type="Number">0.39</Data></Cell>
    <Cell><Data ss:Type="Number">-9.4700000000000006</Data></Cell>
    <Cell><Data ss:Type="Number">-0.09</Data></Cell>
    <Cell><Data ss:Type="Number">-0.89</Data></Cell>
    <Cell><Data ss:Type="Number">22.7</Data></Cell>
    <Cell><Data ss:Type="Number">39.299999999999997</Data></Cell>
    <Cell><Data ss:Type="Number">0</Data></Cell>
    <Cell><Data ss:Type="Number">0</Data></Cell>
    <Cell><Data ss:Type="String">2023-12-07 16:16:01.467762</Data></Cell>
   </Row>
   <Row>
    <Cell><Data ss:Type="String">1832</Data></Cell>
    <Cell><Data ss:Type="Number">0.17</Data></Cell>
    <Cell><Data ss:Type="Number">-10.35</Data></Cell>
    <Cell><Data ss:Type="Number">-0.21</Data></Cell>
    <Cell><Data ss:Type="Number">-9.56</Data></Cell>
    <Cell><Data ss:Type="Number">-0.1</Data></Cell>
    <Cell><Data ss:Type="Number">-0.9</Data></Cell>
    <Cell><Data ss:Type="Number">22.7</Data></Cell>
    <Cell><Data ss:Type="Number">39.299999999999997</Data></Cell>
    <Cell><Data ss:Type="Number">0</Data></Cell>
    <Cell><Data ss:Type="Number">0</Data></Cell>
    <Cell><Data ss:Type="String">2023-12-07 16:16:01.424134</Data></Cell>
   </Row>
   <Row>
    <Cell><Data ss:Type="String">1831</Data></Cell>
    <Cell><Data ss:Type="Number">0.23</Data></Cell>
    <Cell><Data ss:Type="Number">-10.36</Data></Cell>
    <Cell><Data ss:Type="Number">0.22</Data></Cell>
    <Cell><Data ss:Type="Number">-9.43</Data></Cell>
    <Cell><Data ss:Type="Number">-7.0000000000000007E-2</Data></Cell>
    <Cell><Data ss:Type="Number">-0.9</Data></Cell>
    <Cell><Data ss:Type="Number">22.7</Data></Cell>
    <Cell><Data ss:Type="Number">39.299999999999997</Data></Cell>
    <Cell><Data ss:Type="Number">0</Data></Cell>
    <Cell><Data ss:Type="Number">0</Data></Cell>
    <Cell><Data ss:Type="String">2023-12-07 16:16:01.422372</Data></Cell>
   </Row>
   <Row>
    <Cell><Data ss:Type="String">1830</Data></Cell>
    <Cell><Data ss:Type="Number">0.41</Data></Cell>
    <Cell><Data ss:Type="Number">-10.47</Data></Cell>
    <Cell><Data ss:Type="Number">0.34</Data></Cell>
    <Cell><Data ss:Type="Number">-9.6</Data></Cell>
    <Cell><Data ss:Type="Number">-0.1</Data></Cell>
    <Cell><Data ss:Type="Number">-0.88</Data></Cell>
    <Cell><Data ss:Type="Number">22.7</Data></Cell>
    <Cell><Data ss:Type="Number">39.299999999999997</Data></Cell>
    <Cell><Data ss:Type="Number">0</Data></Cell>
    <Cell><Data ss:Type="Number">0</Data></Cell>
    <Cell><Data ss:Type="String">2023-12-07 16:16:01.376024</Data></Cell>
   </Row>
   <Row>
    <Cell><Data ss:Type="String">1829</Data></Cell>
    <Cell><Data ss:Type="Number">0.67</Data></Cell>
    <Cell><Data ss:Type="Number">-10.17</Data></Cell>
    <Cell><Data ss:Type="Number">-0.09</Data></Cell>
    <Cell><Data ss:Type="Number">-9.58</Data></Cell>
    <Cell><Data ss:Type="Number">0</Data></Cell>
    <Cell><Data ss:Type="Number">-0.94</Data></Cell>
    <Cell><Data ss:Type="Number">22.7</Data></Cell>
    <Cell><Data ss:Type="Number">39.299999999999997</Data></Cell>
    <Cell><Data ss:Type="Number">0</Data></Cell>
    <Cell><Data ss:Type="Number">0</Data></Cell>
    <Cell><Data ss:Type="String">2023-12-07 16:16:01.331751</Data></Cell>
   </Row>
   <Row>
    <Cell><Data ss:Type="String">1828</Data></Cell>
    <Cell><Data ss:Type="Number">0.81</Data></Cell>
    <Cell><Data ss:Type="Number">-9.6199999999999992</Data></Cell>
    <Cell><Data ss:Type="Number">0.28000000000000003</Data></Cell>
    <Cell><Data ss:Type="Number">-9.3000000000000007</Data></Cell>
    <Cell><Data ss:Type="Number">-0.12</Data></Cell>
    <Cell><Data ss:Type="Number">-0.89</Data></Cell>
    <Cell><Data ss:Type="Number">22.7</Data></Cell>
    <Cell><Data ss:Type="Number">39.299999999999997</Data></Cell>
    <Cell><Data ss:Type="Number">0</Data></Cell>
    <Cell><Data ss:Type="Number">0</Data></Cell>
    <Cell><Data ss:Type="String">2023-12-07 16:16:01.329618</Data></Cell>
   </Row>
   <Row>
    <Cell><Data ss:Type="String">1827</Data></Cell>
    <Cell><Data ss:Type="Number">0.78</Data></Cell>
    <Cell><Data ss:Type="Number">-10.23</Data></Cell>
    <Cell><Data ss:Type="Number">0.12</Data></Cell>
    <Cell><Data ss:Type="Number">-9.4600000000000009</Data></Cell>
    <Cell><Data ss:Type="Number">-0.11</Data></Cell>
    <Cell><Data ss:Type="Number">-0.96</Data></Cell>
    <Cell><Data ss:Type="Number">22.7</Data></Cell>
    <Cell><Data ss:Type="Number">39.299999999999997</Data></Cell>
    <Cell><Data ss:Type="Number">0</Data></Cell>
    <Cell><Data ss:Type="Number">0</Data></Cell>
    <Cell><Data ss:Type="String">2023-12-07 16:16:01.327709</Data></Cell>
   </Row>
   <Row>
    <Cell><Data ss:Type="String">1826</Data></Cell>
    <Cell><Data ss:Type="Number">0.19</Data></Cell>
    <Cell><Data ss:Type="Number">-10.27</Data></Cell>
    <Cell><Data ss:Type="Number">0.19</Data></Cell>
    <Cell><Data ss:Type="Number">-9.52</Data></Cell>
    <Cell><Data ss:Type="Number">-0.04</Data></Cell>
    <Cell><Data ss:Type="Number">-0.9</Data></Cell>
    <Cell><Data ss:Type="Number">22.7</Data></Cell>
    <Cell><Data ss:Type="Number">39.299999999999997</Data></Cell>
    <Cell><Data ss:Type="Number">0</Data></Cell>
    <Cell><Data ss:Type="Number">0</Data></Cell>
    <Cell><Data ss:Type="String">2023-12-07 16:16:01.325771</Data></Cell>
   </Row>
   <Row>
    <Cell><Data ss:Type="String">1825</Data></Cell>
    <Cell><Data ss:Type="Number">0.57999999999999996</Data></Cell>
    <Cell><Data ss:Type="Number">-9.7799999999999994</Data></Cell>
    <Cell><Data ss:Type="Number">0.11</Data></Cell>
    <Cell><Data ss:Type="Number">-9.51</Data></Cell>
    <Cell><Data ss:Type="Number">-0.13</Data></Cell>
    <Cell><Data ss:Type="Number">-0.9</Data></Cell>
    <Cell><Data ss:Type="Number">22.7</Data></Cell>
    <Cell><Data ss:Type="Number">39.299999999999997</Data></Cell>
    <Cell><Data ss:Type="Number">0</Data></Cell>
    <Cell><Data ss:Type="Number">0</Data></Cell>
    <Cell><Data ss:Type="String">2023-12-07 16:16:01.324027</Data></Cell>
   </Row>
   <Row>
    <Cell><Data ss:Type="String">1824</Data></Cell>
    <Cell><Data ss:Type="Number">7.0000000000000007E-2</Data></Cell>
    <Cell><Data ss:Type="Number">-9.86</Data></Cell>
    <Cell><Data ss:Type="Number">0.04</Data></Cell>
    <Cell><Data ss:Type="Number">-9.57</Data></Cell>
    <Cell><Data ss:Type="Number">-0.03</Data></Cell>
    <Cell><Data ss:Type="Number">-0.96</Data></Cell>
    <Cell><Data ss:Type="Number">22.7</Data></Cell>
    <Cell><Data ss:Type="Number">39.299999999999997</Data></Cell>
    <Cell><Data ss:Type="Number">0</Data></Cell>
    <Cell><Data ss:Type="Number">0</Data></Cell>
    <Cell><Data ss:Type="String">2023-12-07 16:16:01.321991</Data></Cell>
   </Row>
   <Row>
    <Cell><Data ss:Type="String">1823</Data></Cell>
    <Cell><Data ss:Type="Number">0.28000000000000003</Data></Cell>
    <Cell><Data ss:Type="Number">-10.63</Data></Cell>
    <Cell><Data ss:Type="Number">-0.15</Data></Cell>
    <Cell><Data ss:Type="Number">-9.5</Data></Cell>
    <Cell><Data ss:Type="Number">-0.11</Data></Cell>
    <Cell><Data ss:Type="Number">-0.9</Data></Cell>
    <Cell><Data ss:Type="Number">22.7</Data></Cell>
    <Cell><Data ss:Type="Number">39.299999999999997</Data></Cell>
    <Cell><Data ss:Type="Number">0</Data></Cell>
    <Cell><Data ss:Type="Number">0</Data></Cell>
    <Cell><Data ss:Type="String">2023-12-07 16:16:01.319404</Data></Cell>
   </Row>
   <Row>
    <Cell><Data ss:Type="String">1822</Data></Cell>
    <Cell><Data ss:Type="Number">-0.35</Data></Cell>
    <Cell><Data ss:Type="Number">-9.7799999999999994</Data></Cell>
    <Cell><Data ss:Type="Number">-0.01</Data></Cell>
    <Cell><Data ss:Type="Number">-9.3800000000000008</Data></Cell>
    <Cell><Data ss:Type="Number">-0.02</Data></Cell>
    <Cell><Data ss:Type="Number">-0.98</Data></Cell>
    <Cell><Data ss:Type="Number">22.7</Data></Cell>
    <Cell><Data ss:Type="Number">39.299999999999997</Data></Cell>
    <Cell><Data ss:Type="Number">0</Data></Cell>
    <Cell><Data ss:Type="Number">0</Data></Cell>
    <Cell><Data ss:Type="String">2023-12-07 16:16:01.317275</Data></Cell>
   </Row>
   <Row>
    <Cell><Data ss:Type="String">1821</Data></Cell>
    <Cell><Data ss:Type="Number">0.39</Data></Cell>
    <Cell><Data ss:Type="Number">-9.8800000000000008</Data></Cell>
    <Cell><Data ss:Type="Number">0.45</Data></Cell>
    <Cell><Data ss:Type="Number">-9.65</Data></Cell>
    <Cell><Data ss:Type="Number">-0.02</Data></Cell>
    <Cell><Data ss:Type="Number">-0.8</Data></Cell>
    <Cell><Data ss:Type="Number">22.7</Data></Cell>
    <Cell><Data ss:Type="Number">39.299999999999997</Data></Cell>
    <Cell><Data ss:Type="Number">0</Data></Cell>
    <Cell><Data ss:Type="Number">0</Data></Cell>
    <Cell><Data ss:Type="String">2023-12-07 16:16:01.067303</Data></Cell>
   </Row>
   <Row>
    <Cell><Data ss:Type="String">1820</Data></Cell>
    <Cell><Data ss:Type="Number">0.28999999999999998</Data></Cell>
    <Cell><Data ss:Type="Number">-10.68</Data></Cell>
    <Cell><Data ss:Type="Number">-0.13</Data></Cell>
    <Cell><Data ss:Type="Number">-9.64</Data></Cell>
    <Cell><Data ss:Type="Number">-0.15</Data></Cell>
    <Cell><Data ss:Type="Number">-0.95</Data></Cell>
    <Cell><Data ss:Type="Number">22.7</Data></Cell>
    <Cell><Data ss:Type="Number">39.299999999999997</Data></Cell>
    <Cell><Data ss:Type="Number">0</Data></Cell>
    <Cell><Data ss:Type="Number">0</Data></Cell>
    <Cell><Data ss:Type="String">2023-12-07 16:16:01.024574</Data></Cell>
   </Row>
   <Row>
    <Cell><Data ss:Type="String">1819</Data></Cell>
    <Cell><Data ss:Type="Number">0.57999999999999996</Data></Cell>
    <Cell><Data ss:Type="Number">-9.84</Data></Cell>
    <Cell><Data ss:Type="Number">0.35</Data></Cell>
    <Cell><Data ss:Type="Number">-9.2200000000000006</Data></Cell>
    <Cell><Data ss:Type="Number">-0.17</Data></Cell>
    <Cell><Data ss:Type="Number">-0.84</Data></Cell>
    <Cell><Data ss:Type="Number">22.7</Data></Cell>
    <Cell><Data ss:Type="Number">39.299999999999997</Data></Cell>
    <Cell><Data ss:Type="Number">0</Data></Cell>
    <Cell><Data ss:Type="Number">0</Data></Cell>
    <Cell><Data ss:Type="String">2023-12-07 16:16:01.022489</Data></Cell>
   </Row>
   <Row>
    <Cell><Data ss:Type="String">1818</Data></Cell>
    <Cell><Data ss:Type="Number">-0.19</Data></Cell>
    <Cell><Data ss:Type="Number">-10.210000000000001</Data></Cell>
    <Cell><Data ss:Type="Number">-0.19</Data></Cell>
    <Cell><Data ss:Type="Number">-9.49</Data></Cell>
    <Cell><Data ss:Type="Number">-0.09</Data></Cell>
    <Cell><Data ss:Type="Number">-0.92</Data></Cell>
    <Cell><Data ss:Type="Number">22.7</Data></Cell>
    <Cell><Data ss:Type="Number">39.299999999999997</Data></Cell>
    <Cell><Data ss:Type="Number">0</Data></Cell>
    <Cell><Data ss:Type="Number">0</Data></Cell>
    <Cell><Data ss:Type="String">2023-12-07 16:16:00.977149</Data></Cell>
   </Row>
   <Row>
    <Cell><Data ss:Type="String">1817</Data></Cell>
    <Cell><Data ss:Type="Number">0.68</Data></Cell>
    <Cell><Data ss:Type="Number">-9.82</Data></Cell>
    <Cell><Data ss:Type="Number">0.08</Data></Cell>
    <Cell><Data ss:Type="Number">-9.5500000000000007</Data></Cell>
    <Cell><Data ss:Type="Number">0.27</Data></Cell>
    <Cell><Data ss:Type="Number">-0.97</Data></Cell>
    <Cell><Data ss:Type="Number">22.7</Data></Cell>
    <Cell><Data ss:Type="Number">39.299999999999997</Data></Cell>
    <Cell><Data ss:Type="Number">0</Data></Cell>
    <Cell><Data ss:Type="Number">0</Data></Cell>
    <Cell><Data ss:Type="String">2023-12-07 16:16:00.974071</Data></Cell>
   </Row>
   <Row>
    <Cell><Data ss:Type="String">1816</Data></Cell>
    <Cell><Data ss:Type="Number">-0.01</Data></Cell>
    <Cell><Data ss:Type="Number">-10.18</Data></Cell>
    <Cell><Data ss:Type="Number">1.06</Data></Cell>
    <Cell><Data ss:Type="Number">-9.5299999999999994</Data></Cell>
    <Cell><Data ss:Type="Number">-0.22</Data></Cell>
    <Cell><Data ss:Type="Number">-0.84</Data></Cell>
    <Cell><Data ss:Type="Number">22.7</Data></Cell>
    <Cell><Data ss:Type="Number">39.299999999999997</Data></Cell>
    <Cell><Data ss:Type="Number">0</Data></Cell>
    <Cell><Data ss:Type="Number">0</Data></Cell>
    <Cell><Data ss:Type="String">2023-12-07 16:16:00.970821</Data></Cell>
   </Row>
   <Row>
    <Cell><Data ss:Type="String">1815</Data></Cell>
    <Cell><Data ss:Type="Number">0.65</Data></Cell>
    <Cell><Data ss:Type="Number">-10</Data></Cell>
    <Cell><Data ss:Type="Number">0.18</Data></Cell>
    <Cell><Data ss:Type="Number">-9.5399999999999991</Data></Cell>
    <Cell><Data ss:Type="Number">-0.65</Data></Cell>
    <Cell><Data ss:Type="Number">-0.98</Data></Cell>
    <Cell><Data ss:Type="Number">22.7</Data></Cell>
    <Cell><Data ss:Type="Number">39.299999999999997</Data></Cell>
    <Cell><Data ss:Type="Number">0</Data></Cell>
    <Cell><Data ss:Type="Number">0</Data></Cell>
    <Cell><Data ss:Type="String">2023-12-07 16:16:00.968518</Data></Cell>
   </Row>
   <Row>
    <Cell><Data ss:Type="String">1814</Data></Cell>
    <Cell><Data ss:Type="Number">-0.59</Data></Cell>
    <Cell><Data ss:Type="Number">-10.55</Data></Cell>
    <Cell><Data ss:Type="Number">0.32</Data></Cell>
    <Cell><Data ss:Type="Number">-9.5399999999999991</Data></Cell>
    <Cell><Data ss:Type="Number">0.22</Data></Cell>
    <Cell><Data ss:Type="Number">-0.7</Data></Cell>
    <Cell><Data ss:Type="Number">22.7</Data></Cell>
    <Cell><Data ss:Type="Number">39.299999999999997</Data></Cell>
    <Cell><Data ss:Type="Number">0</Data></Cell>
    <Cell><Data ss:Type="Number">0</Data></Cell>
    <Cell><Data ss:Type="String">2023-12-07 16:16:00.966950</Data></Cell>
   </Row>
   <Row>
    <Cell><Data ss:Type="String">1813</Data></Cell>
    <Cell><Data ss:Type="Number">-1.2</Data></Cell>
    <Cell><Data ss:Type="Number">-10.07</Data></Cell>
    <Cell><Data ss:Type="Number">-1.26</Data></Cell>
    <Cell><Data ss:Type="Number">-9.65</Data></Cell>
    <Cell><Data ss:Type="Number">1.44</Data></Cell>
    <Cell><Data ss:Type="Number">-1.27</Data></Cell>
    <Cell><Data ss:Type="Number">22.7</Data></Cell>
    <Cell><Data ss:Type="Number">39.299999999999997</Data></Cell>
    <Cell><Data ss:Type="Number">0</Data></Cell>
    <Cell><Data ss:Type="Number">0</Data></Cell>
    <Cell><Data ss:Type="String">2023-12-07 16:16:00.965367</Data></Cell>
   </Row>
   <Row>
    <Cell><Data ss:Type="String">1812</Data></Cell>
    <Cell><Data ss:Type="Number">0.06</Data></Cell>
    <Cell><Data ss:Type="Number">-8.61</Data></Cell>
    <Cell><Data ss:Type="Number">0.69</Data></Cell>
    <Cell><Data ss:Type="Number">-7.4</Data></Cell>
    <Cell><Data ss:Type="Number">-0.26</Data></Cell>
    <Cell><Data ss:Type="Number">-0.39</Data></Cell>
    <Cell><Data ss:Type="Number">22.7</Data></Cell>
    <Cell><Data ss:Type="Number">39.299999999999997</Data></Cell>
    <Cell><Data ss:Type="Number">0</Data></Cell>
    <Cell><Data ss:Type="Number">0</Data></Cell>
    <Cell><Data ss:Type="String">2023-12-07 16:16:00.963539</Data></Cell>
   </Row>
   <Row>
    <Cell><Data ss:Type="String">1811</Data></Cell>
    <Cell><Data ss:Type="Number">0.25</Data></Cell>
    <Cell><Data ss:Type="Number">-9.9600000000000009</Data></Cell>
    <Cell><Data ss:Type="Number">0.19</Data></Cell>
    <Cell><Data ss:Type="Number">-9.41</Data></Cell>
    <Cell><Data ss:Type="Number">-0.06</Data></Cell>
    <Cell><Data ss:Type="Number">-0.92</Data></Cell>
    <Cell><Data ss:Type="Number">22.7</Data></Cell>
    <Cell><Data ss:Type="Number">39.299999999999997</Data></Cell>
    <Cell><Data ss:Type="Number">0</Data></Cell>
    <Cell><Data ss:Type="Number">0</Data></Cell>
    <Cell><Data ss:Type="String">2023-12-07 16:16:00.729976</Data></Cell>
   </Row>
   <Row>
    <Cell><Data ss:Type="String">1810</Data></Cell>
    <Cell><Data ss:Type="Number">0.31</Data></Cell>
    <Cell><Data ss:Type="Number">-10.050000000000001</Data></Cell>
    <Cell><Data ss:Type="Number">0.14000000000000001</Data></Cell>
    <Cell><Data ss:Type="Number">-9.4600000000000009</Data></Cell>
    <Cell><Data ss:Type="Number">-0.1</Data></Cell>
    <Cell><Data ss:Type="Number">-0.91</Data></Cell>
    <Cell><Data ss:Type="Number">22.7</Data></Cell>
    <Cell><Data ss:Type="Number">39.299999999999997</Data></Cell>
    <Cell><Data ss:Type="Number">0</Data></Cell>
    <Cell><Data ss:Type="Number">0</Data></Cell>
    <Cell><Data ss:Type="String">2023-12-07 16:16:00.694960</Data></Cell>
   </Row>
   <Row>
    <Cell><Data ss:Type="String">1809</Data></Cell>
    <Cell><Data ss:Type="Number">0.19</Data></Cell>
    <Cell><Data ss:Type="Number">-10.119999999999999</Data></Cell>
    <Cell><Data ss:Type="Number">0.13</Data></Cell>
    <Cell><Data ss:Type="Number">-9.5399999999999991</Data></Cell>
    <Cell><Data ss:Type="Number">-0.08</Data></Cell>
    <Cell><Data ss:Type="Number">-0.91</Data></Cell>
    <Cell><Data ss:Type="Number">22.7</Data></Cell>
    <Cell><Data ss:Type="Number">39.299999999999997</Data></Cell>
    <Cell><Data ss:Type="Number">0</Data></Cell>
    <Cell><Data ss:Type="Number">0</Data></Cell>
    <Cell><Data ss:Type="String">2023-12-07 16:16:00.692703</Data></Cell>
   </Row>
   <Row>
    <Cell><Data ss:Type="String">1808</Data></Cell>
    <Cell><Data ss:Type="Number">0.25</Data></Cell>
    <Cell><Data ss:Type="Number">-10.14</Data></Cell>
    <Cell><Data ss:Type="Number">0.05</Data></Cell>
    <Cell><Data ss:Type="Number">-9.51</Data></Cell>
    <Cell><Data ss:Type="Number">-7.0000000000000007E-2</Data></Cell>
    <Cell><Data ss:Type="Number">-0.9</Data></Cell>
    <Cell><Data ss:Type="Number">22.7</Data></Cell>
    <Cell><Data ss:Type="Number">39.299999999999997</Data></Cell>
    <Cell><Data ss:Type="Number">0</Data></Cell>
    <Cell><Data ss:Type="Number">0</Data></Cell>
    <Cell><Data ss:Type="String">2023-12-07 16:16:00.688341</Data></Cell>
   </Row>
   <Row>
    <Cell><Data ss:Type="String">1807</Data></Cell>
    <Cell><Data ss:Type="Number">0.31</Data></Cell>
    <Cell><Data ss:Type="Number">-10.029999999999999</Data></Cell>
    <Cell><Data ss:Type="Number">0.16</Data></Cell>
    <Cell><Data ss:Type="Number">-9.4499999999999993</Data></Cell>
    <Cell><Data ss:Type="Number">-7.0000000000000007E-2</Data></Cell>
    <Cell><Data ss:Type="Number">-0.94</Data></Cell>
    <Cell><Data ss:Type="Number">22.7</Data></Cell>
    <Cell><Data ss:Type="Number">39.299999999999997</Data></Cell>
    <Cell><Data ss:Type="Number">0</Data></Cell>
    <Cell><Data ss:Type="Number">0</Data></Cell>
    <Cell><Data ss:Type="String">2023-12-07 16:16:00.685780</Data></Cell>
   </Row>
   <Row>
    <Cell><Data ss:Type="String">1806</Data></Cell>
    <Cell><Data ss:Type="Number">0.26</Data></Cell>
    <Cell><Data ss:Type="Number">-9.92</Data></Cell>
    <Cell><Data ss:Type="Number">0.14000000000000001</Data></Cell>
    <Cell><Data ss:Type="Number">-9.42</Data></Cell>
    <Cell><Data ss:Type="Number">-0.06</Data></Cell>
    <Cell><Data ss:Type="Number">-0.93</Data></Cell>
    <Cell><Data ss:Type="Number">22.7</Data></Cell>
    <Cell><Data ss:Type="Number">39.299999999999997</Data></Cell>
    <Cell><Data ss:Type="Number">0</Data></Cell>
    <Cell><Data ss:Type="Number">0</Data></Cell>
    <Cell><Data ss:Type="String">2023-12-07 16:16:00.683594</Data></Cell>
   </Row>
   <Row>
    <Cell><Data ss:Type="String">1805</Data></Cell>
    <Cell><Data ss:Type="Number">0.31</Data></Cell>
    <Cell><Data ss:Type="Number">-9.89</Data></Cell>
    <Cell><Data ss:Type="Number">0.11</Data></Cell>
    <Cell><Data ss:Type="Number">-9.4600000000000009</Data></Cell>
    <Cell><Data ss:Type="Number">-0.09</Data></Cell>
    <Cell><Data ss:Type="Number">-0.94</Data></Cell>
    <Cell><Data ss:Type="Number">22.7</Data></Cell>
    <Cell><Data ss:Type="Number">39.299999999999997</Data></Cell>
    <Cell><Data ss:Type="Number">0</Data></Cell>
    <Cell><Data ss:Type="Number">0</Data></Cell>
    <Cell><Data ss:Type="String">2023-12-07 16:16:00.681407</Data></Cell>
   </Row>
   <Row>
    <Cell><Data ss:Type="String">1804</Data></Cell>
    <Cell><Data ss:Type="Number">0.05</Data></Cell>
    <Cell><Data ss:Type="Number">-10.23</Data></Cell>
    <Cell><Data ss:Type="Number">0.18</Data></Cell>
    <Cell><Data ss:Type="Number">-9.56</Data></Cell>
    <Cell><Data ss:Type="Number">-7.0000000000000007E-2</Data></Cell>
    <Cell><Data ss:Type="Number">-0.91</Data></Cell>
    <Cell><Data ss:Type="Number">22.7</Data></Cell>
    <Cell><Data ss:Type="Number">39.299999999999997</Data></Cell>
    <Cell><Data ss:Type="Number">0</Data></Cell>
    <Cell><Data ss:Type="Number">0</Data></Cell>
    <Cell><Data ss:Type="String">2023-12-07 16:16:00.679162</Data></Cell>
   </Row>
   <Row>
    <Cell><Data ss:Type="String">1803</Data></Cell>
    <Cell><Data ss:Type="Number">0.23</Data></Cell>
    <Cell><Data ss:Type="Number">-10.1</Data></Cell>
    <Cell><Data ss:Type="Number">0.11</Data></Cell>
    <Cell><Data ss:Type="Number">-9.48</Data></Cell>
    <Cell><Data ss:Type="Number">-0.06</Data></Cell>
    <Cell><Data ss:Type="Number">-0.91</Data></Cell>
    <Cell><Data ss:Type="Number">22.7</Data></Cell>
    <Cell><Data ss:Type="Number">39.299999999999997</Data></Cell>
    <Cell><Data ss:Type="Number">0</Data></Cell>
    <Cell><Data ss:Type="Number">0</Data></Cell>
    <Cell><Data ss:Type="String">2023-12-07 16:16:00.447467</Data></Cell>
   </Row>
   <Row>
    <Cell><Data ss:Type="String">1802</Data></Cell>
    <Cell><Data ss:Type="Number">0.27</Data></Cell>
    <Cell><Data ss:Type="Number">-10.19</Data></Cell>
    <Cell><Data ss:Type="Number">0.2</Data></Cell>
    <Cell><Data ss:Type="Number">-9.5500000000000007</Data></Cell>
    <Cell><Data ss:Type="Number">-7.0000000000000007E-2</Data></Cell>
    <Cell><Data ss:Type="Number">-0.9</Data></Cell>
    <Cell><Data ss:Type="Number">22.7</Data></Cell>
    <Cell><Data ss:Type="Number">39.4</Data></Cell>
    <Cell><Data ss:Type="Number">0</Data></Cell>
    <Cell><Data ss:Type="Number">0</Data></Cell>
    <Cell><Data ss:Type="String">2023-12-07 16:16:00.445400</Data></Cell>
   </Row>
   <Row>
    <Cell><Data ss:Type="String">1801</Data></Cell>
    <Cell><Data ss:Type="Number">0.25</Data></Cell>
    <Cell><Data ss:Type="Number">-10.199999999999999</Data></Cell>
    <Cell><Data ss:Type="Number">0.15</Data></Cell>
    <Cell><Data ss:Type="Number">-9.5399999999999991</Data></Cell>
    <Cell><Data ss:Type="Number">-0.06</Data></Cell>
    <Cell><Data ss:Type="Number">-0.9</Data></Cell>
    <Cell><Data ss:Type="Number">22.7</Data></Cell>
    <Cell><Data ss:Type="Number">39.4</Data></Cell>
    <Cell><Data ss:Type="Number">0</Data></Cell>
    <Cell><Data ss:Type="Number">0</Data></Cell>
    <Cell><Data ss:Type="String">2023-12-07 16:16:00.359961</Data></Cell>
   </Row>
   <Row>
    <Cell><Data ss:Type="String">1800</Data></Cell>
    <Cell><Data ss:Type="Number">0.28999999999999998</Data></Cell>
    <Cell><Data ss:Type="Number">-10.27</Data></Cell>
    <Cell><Data ss:Type="Number">0.18</Data></Cell>
    <Cell><Data ss:Type="Number">-9.51</Data></Cell>
    <Cell><Data ss:Type="Number">-0.08</Data></Cell>
    <Cell><Data ss:Type="Number">-0.88</Data></Cell>
    <Cell><Data ss:Type="Number">22.7</Data></Cell>
    <Cell><Data ss:Type="Number">39.4</Data></Cell>
    <Cell><Data ss:Type="Number">0</Data></Cell>
    <Cell><Data ss:Type="Number">0</Data></Cell>
    <Cell><Data ss:Type="String">2023-12-07 16:16:00.334254</Data></Cell>
   </Row>
   <Row>
    <Cell><Data ss:Type="String">1799</Data></Cell>
    <Cell><Data ss:Type="Number">0.28999999999999998</Data></Cell>
    <Cell><Data ss:Type="Number">-9.9499999999999993</Data></Cell>
    <Cell><Data ss:Type="Number">0.15</Data></Cell>
    <Cell><Data ss:Type="Number">-9.4</Data></Cell>
    <Cell><Data ss:Type="Number">-7.0000000000000007E-2</Data></Cell>
    <Cell><Data ss:Type="Number">-0.94</Data></Cell>
    <Cell><Data ss:Type="Number">22.7</Data></Cell>
    <Cell><Data ss:Type="Number">39.4</Data></Cell>
    <Cell><Data ss:Type="Number">0</Data></Cell>
    <Cell><Data ss:Type="Number">0</Data></Cell>
    <Cell><Data ss:Type="String">2023-12-07 16:16:00.332405</Data></Cell>
   </Row>
   <Row>
    <Cell><Data ss:Type="String">1798</Data></Cell>
    <Cell><Data ss:Type="Number">0.32</Data></Cell>
    <Cell><Data ss:Type="Number">-9.86</Data></Cell>
    <Cell><Data ss:Type="Number">0.09</Data></Cell>
    <Cell><Data ss:Type="Number">-9.48</Data></Cell>
    <Cell><Data ss:Type="Number">-0.06</Data></Cell>
    <Cell><Data ss:Type="Number">-0.9</Data></Cell>
    <Cell><Data ss:Type="Number">22.7</Data></Cell>
    <Cell><Data ss:Type="Number">39.4</Data></Cell>
    <Cell><Data ss:Type="Number">0</Data></Cell>
    <Cell><Data ss:Type="Number">0</Data></Cell>
    <Cell><Data ss:Type="String">2023-12-07 16:16:00.286479</Data></Cell>
   </Row>
   <Row>
    <Cell><Data ss:Type="String">1797</Data></Cell>
    <Cell><Data ss:Type="Number">0.31</Data></Cell>
    <Cell><Data ss:Type="Number">-10.24</Data></Cell>
    <Cell><Data ss:Type="Number">0.19</Data></Cell>
    <Cell><Data ss:Type="Number">-9.56</Data></Cell>
    <Cell><Data ss:Type="Number">-0.08</Data></Cell>
    <Cell><Data ss:Type="Number">-0.89</Data></Cell>
    <Cell><Data ss:Type="Number">22.7</Data></Cell>
    <Cell><Data ss:Type="Number">39.4</Data></Cell>
    <Cell><Data ss:Type="Number">0</Data></Cell>
    <Cell><Data ss:Type="Number">0</Data></Cell>
    <Cell><Data ss:Type="String">2023-12-07 16:16:00.240882</Data></Cell>
   </Row>
   <Row>
    <Cell><Data ss:Type="String">1796</Data></Cell>
    <Cell><Data ss:Type="Number">0.27</Data></Cell>
    <Cell><Data ss:Type="Number">-10.24</Data></Cell>
    <Cell><Data ss:Type="Number">0.18</Data></Cell>
    <Cell><Data ss:Type="Number">-9.51</Data></Cell>
    <Cell><Data ss:Type="Number">-0.06</Data></Cell>
    <Cell><Data ss:Type="Number">-0.87</Data></Cell>
    <Cell><Data ss:Type="Number">22.7</Data></Cell>
    <Cell><Data ss:Type="Number">39.4</Data></Cell>
    <Cell><Data ss:Type="Number">0</Data></Cell>
    <Cell><Data ss:Type="Number">0</Data></Cell>
    <Cell><Data ss:Type="String">2023-12-07 16:16:00.197569</Data></Cell>
   </Row>
   <Row>
    <Cell><Data ss:Type="String">1795</Data></Cell>
    <Cell><Data ss:Type="Number">0.28000000000000003</Data></Cell>
    <Cell><Data ss:Type="Number">-10.050000000000001</Data></Cell>
    <Cell><Data ss:Type="Number">0.17</Data></Cell>
    <Cell><Data ss:Type="Number">-9.44</Data></Cell>
    <Cell><Data ss:Type="Number">-0.08</Data></Cell>
    <Cell><Data ss:Type="Number">-0.91</Data></Cell>
    <Cell><Data ss:Type="Number">22.7</Data></Cell>
    <Cell><Data ss:Type="Number">39.4</Data></Cell>
    <Cell><Data ss:Type="Number">0</Data></Cell>
    <Cell><Data ss:Type="Number">0</Data></Cell>
    <Cell><Data ss:Type="String">2023-12-07 16:16:00.195814</Data></Cell>
   </Row>
   <Row>
    <Cell><Data ss:Type="String">1794</Data></Cell>
    <Cell><Data ss:Type="Number">0.24</Data></Cell>
    <Cell><Data ss:Type="Number">-9.8800000000000008</Data></Cell>
    <Cell><Data ss:Type="Number">0.1</Data></Cell>
    <Cell><Data ss:Type="Number">-9.41</Data></Cell>
    <Cell><Data ss:Type="Number">-0.06</Data></Cell>
    <Cell><Data ss:Type="Number">-0.92</Data></Cell>
    <Cell><Data ss:Type="Number">22.7</Data></Cell>
    <Cell><Data ss:Type="Number">39.4</Data></Cell>
    <Cell><Data ss:Type="Number">0</Data></Cell>
    <Cell><Data ss:Type="Number">0</Data></Cell>
    <Cell><Data ss:Type="String">2023-12-07 16:16:00.150180</Data></Cell>
   </Row>
   <Row>
    <Cell><Data ss:Type="String">1793</Data></Cell>
    <Cell><Data ss:Type="Number">0.31</Data></Cell>
    <Cell><Data ss:Type="Number">-9.9</Data></Cell>
    <Cell><Data ss:Type="Number">7.0000000000000007E-2</Data></Cell>
    <Cell><Data ss:Type="Number">-9.44</Data></Cell>
    <Cell><Data ss:Type="Number">-7.0000000000000007E-2</Data></Cell>
    <Cell><Data ss:Type="Number">-0.92</Data></Cell>
    <Cell><Data ss:Type="Number">22.7</Data></Cell>
    <Cell><Data ss:Type="Number">39.4</Data></Cell>
    <Cell><Data ss:Type="Number">0</Data></Cell>
    <Cell><Data ss:Type="Number">0</Data></Cell>
    <Cell><Data ss:Type="String">2023-12-07 16:16:00.105586</Data></Cell>
   </Row>
   <Row>
    <Cell><Data ss:Type="String">1792</Data></Cell>
    <Cell><Data ss:Type="Number">0.31</Data></Cell>
    <Cell><Data ss:Type="Number">-10.25</Data></Cell>
    <Cell><Data ss:Type="Number">0.22</Data></Cell>
    <Cell><Data ss:Type="Number">-9.5500000000000007</Data></Cell>
    <Cell><Data ss:Type="Number">-0.1</Data></Cell>
    <Cell><Data ss:Type="Number">-0.86</Data></Cell>
    <Cell><Data ss:Type="Number">22.7</Data></Cell>
    <Cell><Data ss:Type="Number">39.4</Data></Cell>
    <Cell><Data ss:Type="Number">0</Data></Cell>
    <Cell><Data ss:Type="Number">0</Data></Cell>
    <Cell><Data ss:Type="String">2023-12-07 16:16:00.061002</Data></Cell>
   </Row>
   <Row>
    <Cell><Data ss:Type="String">1791</Data></Cell>
    <Cell><Data ss:Type="Number">0.28999999999999998</Data></Cell>
    <Cell><Data ss:Type="Number">-10.23</Data></Cell>
    <Cell><Data ss:Type="Number">0.18</Data></Cell>
    <Cell><Data ss:Type="Number">-9.52</Data></Cell>
    <Cell><Data ss:Type="Number">-0.06</Data></Cell>
    <Cell><Data ss:Type="Number">-0.9</Data></Cell>
    <Cell><Data ss:Type="Number">22.7</Data></Cell>
    <Cell><Data ss:Type="Number">39.4</Data></Cell>
    <Cell><Data ss:Type="Number">0</Data></Cell>
    <Cell><Data ss:Type="Number">0</Data></Cell>
    <Cell><Data ss:Type="String">2023-12-07 16:16:00.058836</Data></Cell>
   </Row>
   <Row>
    <Cell><Data ss:Type="String">1790</Data></Cell>
    <Cell><Data ss:Type="Number">0.3</Data></Cell>
    <Cell><Data ss:Type="Number">-9.93</Data></Cell>
    <Cell><Data ss:Type="Number">0.13</Data></Cell>
    <Cell><Data ss:Type="Number">-9.4</Data></Cell>
    <Cell><Data ss:Type="Number">-7.0000000000000007E-2</Data></Cell>
    <Cell><Data ss:Type="Number">-0.91</Data></Cell>
    <Cell><Data ss:Type="Number">22.7</Data></Cell>
    <Cell><Data ss:Type="Number">39.4</Data></Cell>
    <Cell><Data ss:Type="Number">0</Data></Cell>
    <Cell><Data ss:Type="Number">0</Data></Cell>
    <Cell><Data ss:Type="String">2023-12-07 16:16:00.015036</Data></Cell>
   </Row>
   <Row>
    <Cell><Data ss:Type="String">1789</Data></Cell>
    <Cell><Data ss:Type="Number">0.28999999999999998</Data></Cell>
    <Cell><Data ss:Type="Number">-9.9499999999999993</Data></Cell>
    <Cell><Data ss:Type="Number">0.12</Data></Cell>
    <Cell><Data ss:Type="Number">-9.5</Data></Cell>
    <Cell><Data ss:Type="Number">-0.09</Data></Cell>
    <Cell><Data ss:Type="Number">-0.92</Data></Cell>
    <Cell><Data ss:Type="Number">22.7</Data></Cell>
    <Cell><Data ss:Type="Number">39.4</Data></Cell>
    <Cell><Data ss:Type="Number">0</Data></Cell>
    <Cell><Data ss:Type="Number">0</Data></Cell>
    <Cell><Data ss:Type="String">2023-12-07 16:15:59.968181</Data></Cell>
   </Row>
   <Row>
    <Cell><Data ss:Type="String">1788</Data></Cell>
    <Cell><Data ss:Type="Number">0.32</Data></Cell>
    <Cell><Data ss:Type="Number">-10.23</Data></Cell>
    <Cell><Data ss:Type="Number">0.19</Data></Cell>
    <Cell><Data ss:Type="Number">-9.5299999999999994</Data></Cell>
    <Cell><Data ss:Type="Number">-7.0000000000000007E-2</Data></Cell>
    <Cell><Data ss:Type="Number">-0.87</Data></Cell>
    <Cell><Data ss:Type="Number">22.7</Data></Cell>
    <Cell><Data ss:Type="Number">39.4</Data></Cell>
    <Cell><Data ss:Type="Number">0</Data></Cell>
    <Cell><Data ss:Type="Number">0</Data></Cell>
    <Cell><Data ss:Type="String">2023-12-07 16:15:59.923989</Data></Cell>
   </Row>
   <Row>
    <Cell><Data ss:Type="String">1787</Data></Cell>
    <Cell><Data ss:Type="Number">0.32</Data></Cell>
    <Cell><Data ss:Type="Number">-10.02</Data></Cell>
    <Cell><Data ss:Type="Number">-0.18</Data></Cell>
    <Cell><Data ss:Type="Number">-9.49</Data></Cell>
    <Cell><Data ss:Type="Number">-0.09</Data></Cell>
    <Cell><Data ss:Type="Number">-0.9</Data></Cell>
    <Cell><Data ss:Type="Number">22.7</Data></Cell>
    <Cell><Data ss:Type="Number">39.4</Data></Cell>
    <Cell><Data ss:Type="Number">0</Data></Cell>
    <Cell><Data ss:Type="Number">0</Data></Cell>
    <Cell><Data ss:Type="String">2023-12-07 16:15:59.922110</Data></Cell>
   </Row>
   <Row>
    <Cell><Data ss:Type="String">1786</Data></Cell>
    <Cell><Data ss:Type="Number">0.3</Data></Cell>
    <Cell><Data ss:Type="Number">-9.9600000000000009</Data></Cell>
    <Cell><Data ss:Type="Number">0.13</Data></Cell>
    <Cell><Data ss:Type="Number">-9.39</Data></Cell>
    <Cell><Data ss:Type="Number">-0.06</Data></Cell>
    <Cell><Data ss:Type="Number">-0.92</Data></Cell>
    <Cell><Data ss:Type="Number">22.7</Data></Cell>
    <Cell><Data ss:Type="Number">39.4</Data></Cell>
    <Cell><Data ss:Type="Number">0</Data></Cell>
    <Cell><Data ss:Type="Number">0</Data></Cell>
    <Cell><Data ss:Type="String">2023-12-07 16:15:59.875750</Data></Cell>
   </Row>
   <Row>
    <Cell><Data ss:Type="String">1785</Data></Cell>
    <Cell><Data ss:Type="Number">0.28999999999999998</Data></Cell>
    <Cell><Data ss:Type="Number">-9.91</Data></Cell>
    <Cell><Data ss:Type="Number">0.16</Data></Cell>
    <Cell><Data ss:Type="Number">-9.44</Data></Cell>
    <Cell><Data ss:Type="Number">-0.09</Data></Cell>
    <Cell><Data ss:Type="Number">-0.95</Data></Cell>
    <Cell><Data ss:Type="Number">22.7</Data></Cell>
    <Cell><Data ss:Type="Number">39.4</Data></Cell>
    <Cell><Data ss:Type="Number">0</Data></Cell>
    <Cell><Data ss:Type="Number">0</Data></Cell>
    <Cell><Data ss:Type="String">2023-12-07 16:15:59.832354</Data></Cell>
   </Row>
   <Row>
    <Cell><Data ss:Type="String">1784</Data></Cell>
    <Cell><Data ss:Type="Number">0.34</Data></Cell>
    <Cell><Data ss:Type="Number">-10.17</Data></Cell>
    <Cell><Data ss:Type="Number">0.16</Data></Cell>
    <Cell><Data ss:Type="Number">-9.5299999999999994</Data></Cell>
    <Cell><Data ss:Type="Number">-7.0000000000000007E-2</Data></Cell>
    <Cell><Data ss:Type="Number">-0.89</Data></Cell>
    <Cell><Data ss:Type="Number">22.7</Data></Cell>
    <Cell><Data ss:Type="Number">39.4</Data></Cell>
    <Cell><Data ss:Type="Number">0</Data></Cell>
    <Cell><Data ss:Type="Number">0</Data></Cell>
    <Cell><Data ss:Type="String">2023-12-07 16:15:59.830703</Data></Cell>
   </Row>
   <Row>
    <Cell><Data ss:Type="String">1783</Data></Cell>
    <Cell><Data ss:Type="Number">0.34</Data></Cell>
    <Cell><Data ss:Type="Number">-10.1</Data></Cell>
    <Cell><Data ss:Type="Number">0.12</Data></Cell>
    <Cell><Data ss:Type="Number">-9.43</Data></Cell>
    <Cell><Data ss:Type="Number">-7.0000000000000007E-2</Data></Cell>
    <Cell><Data ss:Type="Number">-0.93</Data></Cell>
    <Cell><Data ss:Type="Number">22.7</Data></Cell>
    <Cell><Data ss:Type="Number">39.4</Data></Cell>
    <Cell><Data ss:Type="Number">0</Data></Cell>
    <Cell><Data ss:Type="Number">0</Data></Cell>
    <Cell><Data ss:Type="String">2023-12-07 16:15:59.783259</Data></Cell>
   </Row>
   <Row>
    <Cell><Data ss:Type="String">1782</Data></Cell>
    <Cell><Data ss:Type="Number">0.31</Data></Cell>
    <Cell><Data ss:Type="Number">-9.9700000000000006</Data></Cell>
    <Cell><Data ss:Type="Number">0.06</Data></Cell>
    <Cell><Data ss:Type="Number">-9.4</Data></Cell>
    <Cell><Data ss:Type="Number">-0.08</Data></Cell>
    <Cell><Data ss:Type="Number">-0.93</Data></Cell>
    <Cell><Data ss:Type="Number">22.7</Data></Cell>
    <Cell><Data ss:Type="Number">39.4</Data></Cell>
    <Cell><Data ss:Type="Number">0</Data></Cell>
    <Cell><Data ss:Type="Number">0</Data></Cell>
    <Cell><Data ss:Type="String">2023-12-07 16:15:59.742854</Data></Cell>
   </Row>
   <Row>
    <Cell><Data ss:Type="String">1781</Data></Cell>
    <Cell><Data ss:Type="Number">0.26</Data></Cell>
    <Cell><Data ss:Type="Number">-10.07</Data></Cell>
    <Cell><Data ss:Type="Number">0.14000000000000001</Data></Cell>
    <Cell><Data ss:Type="Number">-9.4700000000000006</Data></Cell>
    <Cell><Data ss:Type="Number">-7.0000000000000007E-2</Data></Cell>
    <Cell><Data ss:Type="Number">-0.9</Data></Cell>
    <Cell><Data ss:Type="Number">22.7</Data></Cell>
    <Cell><Data ss:Type="Number">39.4</Data></Cell>
    <Cell><Data ss:Type="Number">0</Data></Cell>
    <Cell><Data ss:Type="Number">0</Data></Cell>
    <Cell><Data ss:Type="String">2023-12-07 16:15:59.740951</Data></Cell>
   </Row>
   <Row>
    <Cell><Data ss:Type="String">1780</Data></Cell>
    <Cell><Data ss:Type="Number">0.34</Data></Cell>
    <Cell><Data ss:Type="Number">-10.220000000000001</Data></Cell>
    <Cell><Data ss:Type="Number">0.14000000000000001</Data></Cell>
    <Cell><Data ss:Type="Number">-9.5399999999999991</Data></Cell>
    <Cell><Data ss:Type="Number">-0.08</Data></Cell>
    <Cell><Data ss:Type="Number">-0.93</Data></Cell>
    <Cell><Data ss:Type="Number">22.7</Data></Cell>
    <Cell><Data ss:Type="Number">39.4</Data></Cell>
    <Cell><Data ss:Type="Number">0</Data></Cell>
    <Cell><Data ss:Type="Number">0</Data></Cell>
    <Cell><Data ss:Type="String">2023-12-07 16:15:59.737182</Data></Cell>
   </Row>
   <Row>
    <Cell><Data ss:Type="String">1779</Data></Cell>
    <Cell><Data ss:Type="Number">0.28999999999999998</Data></Cell>
    <Cell><Data ss:Type="Number">-10.199999999999999</Data></Cell>
    <Cell><Data ss:Type="Number">0.18</Data></Cell>
    <Cell><Data ss:Type="Number">-9.5500000000000007</Data></Cell>
    <Cell><Data ss:Type="Number">-7.0000000000000007E-2</Data></Cell>
    <Cell><Data ss:Type="Number">-0.89</Data></Cell>
    <Cell><Data ss:Type="Number">22.7</Data></Cell>
    <Cell><Data ss:Type="Number">39.4</Data></Cell>
    <Cell><Data ss:Type="Number">0</Data></Cell>
    <Cell><Data ss:Type="Number">0</Data></Cell>
    <Cell><Data ss:Type="String">2023-12-07 16:15:59.735027</Data></Cell>
   </Row>
   <Row>
    <Cell><Data ss:Type="String">1778</Data></Cell>
    <Cell><Data ss:Type="Number">0.45</Data></Cell>
    <Cell><Data ss:Type="Number">-10.199999999999999</Data></Cell>
    <Cell><Data ss:Type="Number">0.18</Data></Cell>
    <Cell><Data ss:Type="Number">-9.4600000000000009</Data></Cell>
    <Cell><Data ss:Type="Number">-0.08</Data></Cell>
    <Cell><Data ss:Type="Number">-0.93</Data></Cell>
    <Cell><Data ss:Type="Number">22.7</Data></Cell>
    <Cell><Data ss:Type="Number">39.4</Data></Cell>
    <Cell><Data ss:Type="Number">0</Data></Cell>
    <Cell><Data ss:Type="Number">0</Data></Cell>
    <Cell><Data ss:Type="String">2023-12-07 16:15:59.733293</Data></Cell>
   </Row>
   <Row>
    <Cell><Data ss:Type="String">1777</Data></Cell>
    <Cell><Data ss:Type="Number">0.27</Data></Cell>
    <Cell><Data ss:Type="Number">-9.9499999999999993</Data></Cell>
    <Cell><Data ss:Type="Number">0.09</Data></Cell>
    <Cell><Data ss:Type="Number">-9.39</Data></Cell>
    <Cell><Data ss:Type="Number">-0.1</Data></Cell>
    <Cell><Data ss:Type="Number">-0.91</Data></Cell>
    <Cell><Data ss:Type="Number">22.7</Data></Cell>
    <Cell><Data ss:Type="Number">39.4</Data></Cell>
    <Cell><Data ss:Type="Number">0</Data></Cell>
    <Cell><Data ss:Type="Number">0</Data></Cell>
    <Cell><Data ss:Type="String">2023-12-07 16:15:59.731580</Data></Cell>
   </Row>
   <Row>
    <Cell><Data ss:Type="String">1776</Data></Cell>
    <Cell><Data ss:Type="Number">0.33</Data></Cell>
    <Cell><Data ss:Type="Number">-10.11</Data></Cell>
    <Cell><Data ss:Type="Number">0.14000000000000001</Data></Cell>
    <Cell><Data ss:Type="Number">-9.4700000000000006</Data></Cell>
    <Cell><Data ss:Type="Number">-0.08</Data></Cell>
    <Cell><Data ss:Type="Number">-0.9</Data></Cell>
    <Cell><Data ss:Type="Number">22.7</Data></Cell>
    <Cell><Data ss:Type="Number">39.4</Data></Cell>
    <Cell><Data ss:Type="Number">0</Data></Cell>
    <Cell><Data ss:Type="Number">0</Data></Cell>
    <Cell><Data ss:Type="String">2023-12-07 16:15:59.729625</Data></Cell>
   </Row>
   <Row>
    <Cell><Data ss:Type="String">1775</Data></Cell>
    <Cell><Data ss:Type="Number">0.31</Data></Cell>
    <Cell><Data ss:Type="Number">-10.18</Data></Cell>
    <Cell><Data ss:Type="Number">0.17</Data></Cell>
    <Cell><Data ss:Type="Number">-9.5500000000000007</Data></Cell>
    <Cell><Data ss:Type="Number">-0.08</Data></Cell>
    <Cell><Data ss:Type="Number">-0.89</Data></Cell>
    <Cell><Data ss:Type="Number">22.7</Data></Cell>
    <Cell><Data ss:Type="Number">39.4</Data></Cell>
    <Cell><Data ss:Type="Number">0</Data></Cell>
    <Cell><Data ss:Type="Number">0</Data></Cell>
    <Cell><Data ss:Type="String">2023-12-07 16:15:59.507713</Data></Cell>
   </Row>
   <Row>
    <Cell><Data ss:Type="String">1774</Data></Cell>
    <Cell><Data ss:Type="Number">0.24</Data></Cell>
    <Cell><Data ss:Type="Number">-10.23</Data></Cell>
    <Cell><Data ss:Type="Number">0.2</Data></Cell>
    <Cell><Data ss:Type="Number">-9.5500000000000007</Data></Cell>
    <Cell><Data ss:Type="Number">-0.09</Data></Cell>
    <Cell><Data ss:Type="Number">-0.91</Data></Cell>
    <Cell><Data ss:Type="Number">22.7</Data></Cell>
    <Cell><Data ss:Type="Number">39.4</Data></Cell>
    <Cell><Data ss:Type="Number">0</Data></Cell>
    <Cell><Data ss:Type="Number">0</Data></Cell>
    <Cell><Data ss:Type="String">2023-12-07 16:15:59.505677</Data></Cell>
   </Row>
   <Row>
    <Cell><Data ss:Type="String">1773</Data></Cell>
    <Cell><Data ss:Type="Number">0.28000000000000003</Data></Cell>
    <Cell><Data ss:Type="Number">-10.130000000000001</Data></Cell>
    <Cell><Data ss:Type="Number">0.18</Data></Cell>
    <Cell><Data ss:Type="Number">-9.4600000000000009</Data></Cell>
    <Cell><Data ss:Type="Number">-0.06</Data></Cell>
    <Cell><Data ss:Type="Number">-0.91</Data></Cell>
    <Cell><Data ss:Type="Number">22.7</Data></Cell>
    <Cell><Data ss:Type="Number">39.4</Data></Cell>
    <Cell><Data ss:Type="Number">0</Data></Cell>
    <Cell><Data ss:Type="Number">0</Data></Cell>
    <Cell><Data ss:Type="String">2023-12-07 16:15:59.503602</Data></Cell>
   </Row>
   <Row>
    <Cell><Data ss:Type="String">1772</Data></Cell>
    <Cell><Data ss:Type="Number">0.35</Data></Cell>
    <Cell><Data ss:Type="Number">-10.01</Data></Cell>
    <Cell><Data ss:Type="Number">0.04</Data></Cell>
    <Cell><Data ss:Type="Number">-9.4</Data></Cell>
    <Cell><Data ss:Type="Number">-0.09</Data></Cell>
    <Cell><Data ss:Type="Number">-0.92</Data></Cell>
    <Cell><Data ss:Type="Number">22.7</Data></Cell>
    <Cell><Data ss:Type="Number">39.4</Data></Cell>
    <Cell><Data ss:Type="Number">0</Data></Cell>
    <Cell><Data ss:Type="Number">0</Data></Cell>
    <Cell><Data ss:Type="String">2023-12-07 16:15:59.501920</Data></Cell>
   </Row>
   <Row>
    <Cell><Data ss:Type="String">1771</Data></Cell>
    <Cell><Data ss:Type="Number">0.28999999999999998</Data></Cell>
    <Cell><Data ss:Type="Number">-9.98</Data></Cell>
    <Cell><Data ss:Type="Number">0.34</Data></Cell>
    <Cell><Data ss:Type="Number">-9.41</Data></Cell>
    <Cell><Data ss:Type="Number">-7.0000000000000007E-2</Data></Cell>
    <Cell><Data ss:Type="Number">-0.91</Data></Cell>
    <Cell><Data ss:Type="Number">22.7</Data></Cell>
    <Cell><Data ss:Type="Number">39.4</Data></Cell>
    <Cell><Data ss:Type="Number">0</Data></Cell>
    <Cell><Data ss:Type="Number">0</Data></Cell>
    <Cell><Data ss:Type="String">2023-12-07 16:15:59.500495</Data></Cell>
   </Row>
   <Row>
    <Cell><Data ss:Type="String">1770</Data></Cell>
    <Cell><Data ss:Type="Number">0.31</Data></Cell>
    <Cell><Data ss:Type="Number">-10.11</Data></Cell>
    <Cell><Data ss:Type="Number">0.17</Data></Cell>
    <Cell><Data ss:Type="Number">-9.5</Data></Cell>
    <Cell><Data ss:Type="Number">-0.09</Data></Cell>
    <Cell><Data ss:Type="Number">-0.92</Data></Cell>
    <Cell><Data ss:Type="Number">22.7</Data></Cell>
    <Cell><Data ss:Type="Number">39.4</Data></Cell>
    <Cell><Data ss:Type="Number">0</Data></Cell>
    <Cell><Data ss:Type="Number">0</Data></Cell>
    <Cell><Data ss:Type="String">2023-12-07 16:15:59.498455</Data></Cell>
   </Row>
   <Row>
    <Cell><Data ss:Type="String">1769</Data></Cell>
    <Cell><Data ss:Type="Number">0.26</Data></Cell>
    <Cell><Data ss:Type="Number">-10.16</Data></Cell>
    <Cell><Data ss:Type="Number">0.24</Data></Cell>
    <Cell><Data ss:Type="Number">-9.5299999999999994</Data></Cell>
    <Cell><Data ss:Type="Number">-7.0000000000000007E-2</Data></Cell>
    <Cell><Data ss:Type="Number">-0.88</Data></Cell>
    <Cell><Data ss:Type="Number">22.7</Data></Cell>
    <Cell><Data ss:Type="Number">39.4</Data></Cell>
    <Cell><Data ss:Type="Number">0</Data></Cell>
    <Cell><Data ss:Type="Number">0</Data></Cell>
    <Cell><Data ss:Type="String">2023-12-07 16:15:59.496775</Data></Cell>
   </Row>
   <Row>
    <Cell><Data ss:Type="String">1768</Data></Cell>
    <Cell><Data ss:Type="Number">0.27</Data></Cell>
    <Cell><Data ss:Type="Number">-10.11</Data></Cell>
    <Cell><Data ss:Type="Number">0.17</Data></Cell>
    <Cell><Data ss:Type="Number">-9.4600000000000009</Data></Cell>
    <Cell><Data ss:Type="Number">-0.06</Data></Cell>
    <Cell><Data ss:Type="Number">-0.91</Data></Cell>
    <Cell><Data ss:Type="Number">22.7</Data></Cell>
    <Cell><Data ss:Type="Number">39.4</Data></Cell>
    <Cell><Data ss:Type="Number">0</Data></Cell>
    <Cell><Data ss:Type="Number">0</Data></Cell>
    <Cell><Data ss:Type="String">2023-12-07 16:15:59.269373</Data></Cell>
   </Row>
   <Row>
    <Cell><Data ss:Type="String">1767</Data></Cell>
    <Cell><Data ss:Type="Number">0.3</Data></Cell>
    <Cell><Data ss:Type="Number">-10.02</Data></Cell>
    <Cell><Data ss:Type="Number">0.16</Data></Cell>
    <Cell><Data ss:Type="Number">-9.42</Data></Cell>
    <Cell><Data ss:Type="Number">-7.0000000000000007E-2</Data></Cell>
    <Cell><Data ss:Type="Number">-0.91</Data></Cell>
    <Cell><Data ss:Type="Number">22.7</Data></Cell>
    <Cell><Data ss:Type="Number">39.4</Data></Cell>
    <Cell><Data ss:Type="Number">0</Data></Cell>
    <Cell><Data ss:Type="Number">0</Data></Cell>
    <Cell><Data ss:Type="String">2023-12-07 16:15:59.267675</Data></Cell>
   </Row>
   <Row>
    <Cell><Data ss:Type="String">1766</Data></Cell>
    <Cell><Data ss:Type="Number">0.3</Data></Cell>
    <Cell><Data ss:Type="Number">-10.050000000000001</Data></Cell>
    <Cell><Data ss:Type="Number">0.11</Data></Cell>
    <Cell><Data ss:Type="Number">-9.4499999999999993</Data></Cell>
    <Cell><Data ss:Type="Number">-7.0000000000000007E-2</Data></Cell>
    <Cell><Data ss:Type="Number">-0.92</Data></Cell>
    <Cell><Data ss:Type="Number">22.7</Data></Cell>
    <Cell><Data ss:Type="Number">39.4</Data></Cell>
    <Cell><Data ss:Type="Number">0</Data></Cell>
    <Cell><Data ss:Type="Number">0</Data></Cell>
    <Cell><Data ss:Type="String">2023-12-07 16:15:59.221396</Data></Cell>
   </Row>
   <Row>
    <Cell><Data ss:Type="String">1765</Data></Cell>
    <Cell><Data ss:Type="Number">0.26</Data></Cell>
    <Cell><Data ss:Type="Number">-10.15</Data></Cell>
    <Cell><Data ss:Type="Number">0.16</Data></Cell>
    <Cell><Data ss:Type="Number">-9.52</Data></Cell>
    <Cell><Data ss:Type="Number">-0.08</Data></Cell>
    <Cell><Data ss:Type="Number">-0.89</Data></Cell>
    <Cell><Data ss:Type="Number">22.7</Data></Cell>
    <Cell><Data ss:Type="Number">39.4</Data></Cell>
    <Cell><Data ss:Type="Number">0</Data></Cell>
    <Cell><Data ss:Type="Number">0</Data></Cell>
    <Cell><Data ss:Type="String">2023-12-07 16:15:59.219303</Data></Cell>
   </Row>
   <Row>
    <Cell><Data ss:Type="String">1764</Data></Cell>
    <Cell><Data ss:Type="Number">0.25</Data></Cell>
    <Cell><Data ss:Type="Number">-10.199999999999999</Data></Cell>
    <Cell><Data ss:Type="Number">0.17</Data></Cell>
    <Cell><Data ss:Type="Number">-9.51</Data></Cell>
    <Cell><Data ss:Type="Number">-0.06</Data></Cell>
    <Cell><Data ss:Type="Number">-0.92</Data></Cell>
    <Cell><Data ss:Type="Number">22.7</Data></Cell>
    <Cell><Data ss:Type="Number">39.4</Data></Cell>
    <Cell><Data ss:Type="Number">0</Data></Cell>
    <Cell><Data ss:Type="Number">0</Data></Cell>
    <Cell><Data ss:Type="String">2023-12-07 16:15:59.217345</Data></Cell>
   </Row>
   <Row>
    <Cell><Data ss:Type="String">1763</Data></Cell>
    <Cell><Data ss:Type="Number">0.34</Data></Cell>
    <Cell><Data ss:Type="Number">-10.02</Data></Cell>
    <Cell><Data ss:Type="Number">0.16</Data></Cell>
    <Cell><Data ss:Type="Number">-9.4</Data></Cell>
    <Cell><Data ss:Type="Number">-7.0000000000000007E-2</Data></Cell>
    <Cell><Data ss:Type="Number">-0.93</Data></Cell>
    <Cell><Data ss:Type="Number">22.7</Data></Cell>
    <Cell><Data ss:Type="Number">39.4</Data></Cell>
    <Cell><Data ss:Type="Number">0</Data></Cell>
    <Cell><Data ss:Type="Number">0</Data></Cell>
    <Cell><Data ss:Type="String">2023-12-07 16:15:59.094214</Data></Cell>
   </Row>
   <Row>
    <Cell><Data ss:Type="String">1762</Data></Cell>
    <Cell><Data ss:Type="Number">0.33</Data></Cell>
    <Cell><Data ss:Type="Number">-10.02</Data></Cell>
    <Cell><Data ss:Type="Number">0.1</Data></Cell>
    <Cell><Data ss:Type="Number">-9.4700000000000006</Data></Cell>
    <Cell><Data ss:Type="Number">-0.08</Data></Cell>
    <Cell><Data ss:Type="Number">-0.93</Data></Cell>
    <Cell><Data ss:Type="Number">22.7</Data></Cell>
    <Cell><Data ss:Type="Number">39.4</Data></Cell>
    <Cell><Data ss:Type="Number">0</Data></Cell>
    <Cell><Data ss:Type="Number">0</Data></Cell>
    <Cell><Data ss:Type="String">2023-12-07 16:15:59.092841</Data></Cell>
   </Row>
   <Row>
    <Cell><Data ss:Type="String">1761</Data></Cell>
    <Cell><Data ss:Type="Number">0.25</Data></Cell>
    <Cell><Data ss:Type="Number">-10.039999999999999</Data></Cell>
    <Cell><Data ss:Type="Number">0.13</Data></Cell>
    <Cell><Data ss:Type="Number">-9.51</Data></Cell>
    <Cell><Data ss:Type="Number">-0.08</Data></Cell>
    <Cell><Data ss:Type="Number">-0.93</Data></Cell>
    <Cell><Data ss:Type="Number">22.7</Data></Cell>
    <Cell><Data ss:Type="Number">39.4</Data></Cell>
    <Cell><Data ss:Type="Number">0</Data></Cell>
    <Cell><Data ss:Type="Number">0</Data></Cell>
    <Cell><Data ss:Type="String">2023-12-07 16:15:59.048148</Data></Cell>
   </Row>
   <Row>
    <Cell><Data ss:Type="String">1760</Data></Cell>
    <Cell><Data ss:Type="Number">0.28000000000000003</Data></Cell>
    <Cell><Data ss:Type="Number">-10.210000000000001</Data></Cell>
    <Cell><Data ss:Type="Number">0.22</Data></Cell>
    <Cell><Data ss:Type="Number">-9.5299999999999994</Data></Cell>
    <Cell><Data ss:Type="Number">-0.06</Data></Cell>
    <Cell><Data ss:Type="Number">-0.89</Data></Cell>
    <Cell><Data ss:Type="Number">22.7</Data></Cell>
    <Cell><Data ss:Type="Number">39.4</Data></Cell>
    <Cell><Data ss:Type="Number">0</Data></Cell>
    <Cell><Data ss:Type="Number">0</Data></Cell>
    <Cell><Data ss:Type="String">2023-12-07 16:15:59.002009</Data></Cell>
   </Row>
   <Row>
    <Cell><Data ss:Type="String">1759</Data></Cell>
    <Cell><Data ss:Type="Number">0.28999999999999998</Data></Cell>
    <Cell><Data ss:Type="Number">-10.28</Data></Cell>
    <Cell><Data ss:Type="Number">0.17</Data></Cell>
    <Cell><Data ss:Type="Number">-9.51</Data></Cell>
    <Cell><Data ss:Type="Number">-0.08</Data></Cell>
    <Cell><Data ss:Type="Number">-0.9</Data></Cell>
    <Cell><Data ss:Type="Number">22.7</Data></Cell>
    <Cell><Data ss:Type="Number">39.4</Data></Cell>
    <Cell><Data ss:Type="Number">0</Data></Cell>
    <Cell><Data ss:Type="Number">0</Data></Cell>
    <Cell><Data ss:Type="String">2023-12-07 16:15:58.954971</Data></Cell>
   </Row>
   <Row>
    <Cell><Data ss:Type="String">1758</Data></Cell>
    <Cell><Data ss:Type="Number">0.25</Data></Cell>
    <Cell><Data ss:Type="Number">-9.9600000000000009</Data></Cell>
    <Cell><Data ss:Type="Number">0.11</Data></Cell>
    <Cell><Data ss:Type="Number">-9.4</Data></Cell>
    <Cell><Data ss:Type="Number">-0.06</Data></Cell>
    <Cell><Data ss:Type="Number">-0.89</Data></Cell>
    <Cell><Data ss:Type="Number">22.7</Data></Cell>
    <Cell><Data ss:Type="Number">39.4</Data></Cell>
    <Cell><Data ss:Type="Number">0</Data></Cell>
    <Cell><Data ss:Type="Number">0</Data></Cell>
    <Cell><Data ss:Type="String">2023-12-07 16:15:58.953202</Data></Cell>
   </Row>
   <Row>
    <Cell><Data ss:Type="String">1757</Data></Cell>
    <Cell><Data ss:Type="Number">0.28000000000000003</Data></Cell>
    <Cell><Data ss:Type="Number">-10.07</Data></Cell>
    <Cell><Data ss:Type="Number">0.11</Data></Cell>
    <Cell><Data ss:Type="Number">-9.5</Data></Cell>
    <Cell><Data ss:Type="Number">-0.1</Data></Cell>
    <Cell><Data ss:Type="Number">-0.94</Data></Cell>
    <Cell><Data ss:Type="Number">22.7</Data></Cell>
    <Cell><Data ss:Type="Number">39.4</Data></Cell>
    <Cell><Data ss:Type="Number">0</Data></Cell>
    <Cell><Data ss:Type="Number">0</Data></Cell>
    <Cell><Data ss:Type="String">2023-12-07 16:15:58.908415</Data></Cell>
   </Row>
   <Row>
    <Cell><Data ss:Type="String">1756</Data></Cell>
    <Cell><Data ss:Type="Number">0.28000000000000003</Data></Cell>
    <Cell><Data ss:Type="Number">-10.199999999999999</Data></Cell>
    <Cell><Data ss:Type="Number">0.19</Data></Cell>
    <Cell><Data ss:Type="Number">-9.5500000000000007</Data></Cell>
    <Cell><Data ss:Type="Number">-0.08</Data></Cell>
    <Cell><Data ss:Type="Number">-0.86</Data></Cell>
    <Cell><Data ss:Type="Number">22.7</Data></Cell>
    <Cell><Data ss:Type="Number">39.4</Data></Cell>
    <Cell><Data ss:Type="Number">0</Data></Cell>
    <Cell><Data ss:Type="Number">0</Data></Cell>
    <Cell><Data ss:Type="String">2023-12-07 16:15:58.866476</Data></Cell>
   </Row>
   <Row>
    <Cell><Data ss:Type="String">1755</Data></Cell>
    <Cell><Data ss:Type="Number">0.27</Data></Cell>
    <Cell><Data ss:Type="Number">-10.11</Data></Cell>
    <Cell><Data ss:Type="Number">-0.1</Data></Cell>
    <Cell><Data ss:Type="Number">-9.48</Data></Cell>
    <Cell><Data ss:Type="Number">-7.0000000000000007E-2</Data></Cell>
    <Cell><Data ss:Type="Number">-0.92</Data></Cell>
    <Cell><Data ss:Type="Number">22.7</Data></Cell>
    <Cell><Data ss:Type="Number">39.4</Data></Cell>
    <Cell><Data ss:Type="Number">0</Data></Cell>
    <Cell><Data ss:Type="Number">0</Data></Cell>
    <Cell><Data ss:Type="String">2023-12-07 16:15:58.865132</Data></Cell>
   </Row>
   <Row>
    <Cell><Data ss:Type="String">1754</Data></Cell>
    <Cell><Data ss:Type="Number">0.3</Data></Cell>
    <Cell><Data ss:Type="Number">-9.98</Data></Cell>
    <Cell><Data ss:Type="Number">0.12</Data></Cell>
    <Cell><Data ss:Type="Number">-9.43</Data></Cell>
    <Cell><Data ss:Type="Number">-0.1</Data></Cell>
    <Cell><Data ss:Type="Number">-0.96</Data></Cell>
    <Cell><Data ss:Type="Number">22.7</Data></Cell>
    <Cell><Data ss:Type="Number">39.4</Data></Cell>
    <Cell><Data ss:Type="Number">0</Data></Cell>
    <Cell><Data ss:Type="Number">0</Data></Cell>
    <Cell><Data ss:Type="String">2023-12-07 16:15:58.863657</Data></Cell>
   </Row>
   <Row>
    <Cell><Data ss:Type="String">1753</Data></Cell>
    <Cell><Data ss:Type="Number">0.27</Data></Cell>
    <Cell><Data ss:Type="Number">-9.93</Data></Cell>
    <Cell><Data ss:Type="Number">0.19</Data></Cell>
    <Cell><Data ss:Type="Number">-9.43</Data></Cell>
    <Cell><Data ss:Type="Number">-7.0000000000000007E-2</Data></Cell>
    <Cell><Data ss:Type="Number">-0.89</Data></Cell>
    <Cell><Data ss:Type="Number">22.7</Data></Cell>
    <Cell><Data ss:Type="Number">39.4</Data></Cell>
    <Cell><Data ss:Type="Number">0</Data></Cell>
    <Cell><Data ss:Type="Number">0</Data></Cell>
    <Cell><Data ss:Type="String">2023-12-07 16:15:58.862416</Data></Cell>
   </Row>
   <Row>
    <Cell><Data ss:Type="String">1752</Data></Cell>
    <Cell><Data ss:Type="Number">0.36</Data></Cell>
    <Cell><Data ss:Type="Number">-10.15</Data></Cell>
    <Cell><Data ss:Type="Number">0.14000000000000001</Data></Cell>
    <Cell><Data ss:Type="Number">-9.5299999999999994</Data></Cell>
    <Cell><Data ss:Type="Number">-0.1</Data></Cell>
    <Cell><Data ss:Type="Number">-0.97</Data></Cell>
    <Cell><Data ss:Type="Number">22.7</Data></Cell>
    <Cell><Data ss:Type="Number">39.4</Data></Cell>
    <Cell><Data ss:Type="Number">0</Data></Cell>
    <Cell><Data ss:Type="Number">0</Data></Cell>
    <Cell><Data ss:Type="String">2023-12-07 16:15:58.860937</Data></Cell>
   </Row>
   <Row>
    <Cell><Data ss:Type="String">1751</Data></Cell>
    <Cell><Data ss:Type="Number">0.25</Data></Cell>
    <Cell><Data ss:Type="Number">-10.23</Data></Cell>
    <Cell><Data ss:Type="Number">0.22</Data></Cell>
    <Cell><Data ss:Type="Number">-9.5299999999999994</Data></Cell>
    <Cell><Data ss:Type="Number">-0.03</Data></Cell>
    <Cell><Data ss:Type="Number">-0.83</Data></Cell>
    <Cell><Data ss:Type="Number">22.7</Data></Cell>
    <Cell><Data ss:Type="Number">39.4</Data></Cell>
    <Cell><Data ss:Type="Number">0</Data></Cell>
    <Cell><Data ss:Type="Number">0</Data></Cell>
    <Cell><Data ss:Type="String">2023-12-07 16:15:58.859428</Data></Cell>
   </Row>
   <Row>
    <Cell><Data ss:Type="String">1750</Data></Cell>
    <Cell><Data ss:Type="Number">0.31</Data></Cell>
    <Cell><Data ss:Type="Number">-10.29</Data></Cell>
    <Cell><Data ss:Type="Number">7.0000000000000007E-2</Data></Cell>
    <Cell><Data ss:Type="Number">-9.5500000000000007</Data></Cell>
    <Cell><Data ss:Type="Number">-0.08</Data></Cell>
    <Cell><Data ss:Type="Number">-0.95</Data></Cell>
    <Cell><Data ss:Type="Number">22.7</Data></Cell>
    <Cell><Data ss:Type="Number">39.4</Data></Cell>
    <Cell><Data ss:Type="Number">0</Data></Cell>
    <Cell><Data ss:Type="Number">0</Data></Cell>
    <Cell><Data ss:Type="String">2023-12-07 16:15:58.857740</Data></Cell>
   </Row>
   <Row>
    <Cell><Data ss:Type="String">1749</Data></Cell>
    <Cell><Data ss:Type="Number">0.32</Data></Cell>
    <Cell><Data ss:Type="Number">-9.92</Data></Cell>
    <Cell><Data ss:Type="Number">0.23</Data></Cell>
    <Cell><Data ss:Type="Number">-9.42</Data></Cell>
    <Cell><Data ss:Type="Number">-7.0000000000000007E-2</Data></Cell>
    <Cell><Data ss:Type="Number">-0.89</Data></Cell>
    <Cell><Data ss:Type="Number">22.7</Data></Cell>
    <Cell><Data ss:Type="Number">39.4</Data></Cell>
    <Cell><Data ss:Type="Number">0</Data></Cell>
    <Cell><Data ss:Type="Number">0</Data></Cell>
    <Cell><Data ss:Type="String">2023-12-07 16:15:58.620591</Data></Cell>
   </Row>
   <Row>
    <Cell><Data ss:Type="String">1748</Data></Cell>
    <Cell><Data ss:Type="Number">0.45</Data></Cell>
    <Cell><Data ss:Type="Number">-9.89</Data></Cell>
    <Cell><Data ss:Type="Number">0.22</Data></Cell>
    <Cell><Data ss:Type="Number">-9.44</Data></Cell>
    <Cell><Data ss:Type="Number">-0.21</Data></Cell>
    <Cell><Data ss:Type="Number">-0.9</Data></Cell>
    <Cell><Data ss:Type="Number">22.7</Data></Cell>
    <Cell><Data ss:Type="Number">39.4</Data></Cell>
    <Cell><Data ss:Type="Number">0</Data></Cell>
    <Cell><Data ss:Type="Number">0</Data></Cell>
    <Cell><Data ss:Type="String">2023-12-07 16:15:58.618372</Data></Cell>
   </Row>
   <Row>
    <Cell><Data ss:Type="String">1747</Data></Cell>
    <Cell><Data ss:Type="Number">7.0000000000000007E-2</Data></Cell>
    <Cell><Data ss:Type="Number">-10</Data></Cell>
    <Cell><Data ss:Type="Number">-0.04</Data></Cell>
    <Cell><Data ss:Type="Number">-9.5299999999999994</Data></Cell>
    <Cell><Data ss:Type="Number">0.01</Data></Cell>
    <Cell><Data ss:Type="Number">-0.93</Data></Cell>
    <Cell><Data ss:Type="Number">22.7</Data></Cell>
    <Cell><Data ss:Type="Number">39.4</Data></Cell>
    <Cell><Data ss:Type="Number">0</Data></Cell>
    <Cell><Data ss:Type="Number">0</Data></Cell>
    <Cell><Data ss:Type="String">2023-12-07 16:15:58.616962</Data></Cell>
   </Row>
   <Row>
    <Cell><Data ss:Type="String">1746</Data></Cell>
    <Cell><Data ss:Type="Number">0.27</Data></Cell>
    <Cell><Data ss:Type="Number">-10.06</Data></Cell>
    <Cell><Data ss:Type="Number">0.06</Data></Cell>
    <Cell><Data ss:Type="Number">-9.52</Data></Cell>
    <Cell><Data ss:Type="Number">0.03</Data></Cell>
    <Cell><Data ss:Type="Number">-0.88</Data></Cell>
    <Cell><Data ss:Type="Number">22.7</Data></Cell>
    <Cell><Data ss:Type="Number">39.4</Data></Cell>
    <Cell><Data ss:Type="Number">0</Data></Cell>
    <Cell><Data ss:Type="Number">0</Data></Cell>
    <Cell><Data ss:Type="String">2023-12-07 16:15:58.615469</Data></Cell>
   </Row>
   <Row>
    <Cell><Data ss:Type="String">1745</Data></Cell>
    <Cell><Data ss:Type="Number">0.34</Data></Cell>
    <Cell><Data ss:Type="Number">-10.29</Data></Cell>
    <Cell><Data ss:Type="Number">0.35</Data></Cell>
    <Cell><Data ss:Type="Number">-9.5399999999999991</Data></Cell>
    <Cell><Data ss:Type="Number">-0.16</Data></Cell>
    <Cell><Data ss:Type="Number">-0.96</Data></Cell>
    <Cell><Data ss:Type="Number">22.7</Data></Cell>
    <Cell><Data ss:Type="Number">39.4</Data></Cell>
    <Cell><Data ss:Type="Number">0</Data></Cell>
    <Cell><Data ss:Type="Number">0</Data></Cell>
    <Cell><Data ss:Type="String">2023-12-07 16:15:58.613898</Data></Cell>
   </Row>
   <Row>
    <Cell><Data ss:Type="String">1744</Data></Cell>
    <Cell><Data ss:Type="Number">1.1299999999999999</Data></Cell>
    <Cell><Data ss:Type="Number">-9.99</Data></Cell>
    <Cell><Data ss:Type="Number">0.47</Data></Cell>
    <Cell><Data ss:Type="Number">-9.42</Data></Cell>
    <Cell><Data ss:Type="Number">-0.56999999999999995</Data></Cell>
    <Cell><Data ss:Type="Number">-0.8</Data></Cell>
    <Cell><Data ss:Type="Number">22.7</Data></Cell>
    <Cell><Data ss:Type="Number">39.4</Data></Cell>
    <Cell><Data ss:Type="Number">0</Data></Cell>
    <Cell><Data ss:Type="Number">0</Data></Cell>
    <Cell><Data ss:Type="String">2023-12-07 16:15:58.611983</Data></Cell>
   </Row>
   <Row>
    <Cell><Data ss:Type="String">1743</Data></Cell>
    <Cell><Data ss:Type="Number">1.87</Data></Cell>
    <Cell><Data ss:Type="Number">-10.29</Data></Cell>
    <Cell><Data ss:Type="Number">1.02</Data></Cell>
    <Cell><Data ss:Type="Number">-9.48</Data></Cell>
    <Cell><Data ss:Type="Number">-0.83</Data></Cell>
    <Cell><Data ss:Type="Number">-0.7</Data></Cell>
    <Cell><Data ss:Type="Number">22.7</Data></Cell>
    <Cell><Data ss:Type="Number">39.4</Data></Cell>
    <Cell><Data ss:Type="Number">0</Data></Cell>
    <Cell><Data ss:Type="Number">0</Data></Cell>
    <Cell><Data ss:Type="String">2023-12-07 16:15:58.609706</Data></Cell>
   </Row>
   <Row>
    <Cell><Data ss:Type="String">1742</Data></Cell>
    <Cell><Data ss:Type="Number">-0.49</Data></Cell>
    <Cell><Data ss:Type="Number">-10.33</Data></Cell>
    <Cell><Data ss:Type="Number">-0.08</Data></Cell>
    <Cell><Data ss:Type="Number">-9.49</Data></Cell>
    <Cell><Data ss:Type="Number">-0.47</Data></Cell>
    <Cell><Data ss:Type="Number">-1.01</Data></Cell>
    <Cell><Data ss:Type="Number">22.7</Data></Cell>
    <Cell><Data ss:Type="Number">39.4</Data></Cell>
    <Cell><Data ss:Type="Number">0</Data></Cell>
    <Cell><Data ss:Type="Number">0</Data></Cell>
    <Cell><Data ss:Type="String">2023-12-07 16:15:58.389847</Data></Cell>
   </Row>
   <Row>
    <Cell><Data ss:Type="String">1741</Data></Cell>
    <Cell><Data ss:Type="Number">-2.79</Data></Cell>
    <Cell><Data ss:Type="Number">-7.05</Data></Cell>
    <Cell><Data ss:Type="Number">-2.96</Data></Cell>
    <Cell><Data ss:Type="Number">-8.2799999999999994</Data></Cell>
    <Cell><Data ss:Type="Number">1.57</Data></Cell>
    <Cell><Data ss:Type="Number">-1.39</Data></Cell>
    <Cell><Data ss:Type="Number">22.7</Data></Cell>
    <Cell><Data ss:Type="Number">39.4</Data></Cell>
    <Cell><Data ss:Type="Number">0</Data></Cell>
    <Cell><Data ss:Type="Number">0</Data></Cell>
    <Cell><Data ss:Type="String">2023-12-07 16:15:58.385975</Data></Cell>
   </Row>
   <Row>
    <Cell><Data ss:Type="String">1740</Data></Cell>
    <Cell><Data ss:Type="Number">0.51</Data></Cell>
    <Cell><Data ss:Type="Number">-9.94</Data></Cell>
    <Cell><Data ss:Type="Number">0.06</Data></Cell>
    <Cell><Data ss:Type="Number">-9.5299999999999994</Data></Cell>
    <Cell><Data ss:Type="Number">-0.01</Data></Cell>
    <Cell><Data ss:Type="Number">-0.86</Data></Cell>
    <Cell><Data ss:Type="Number">22.7</Data></Cell>
    <Cell><Data ss:Type="Number">39.4</Data></Cell>
    <Cell><Data ss:Type="Number">0</Data></Cell>
    <Cell><Data ss:Type="Number">0</Data></Cell>
    <Cell><Data ss:Type="String">2023-12-07 16:15:58.340859</Data></Cell>
   </Row>
   <Row>
    <Cell><Data ss:Type="String">1739</Data></Cell>
    <Cell><Data ss:Type="Number">0.56999999999999995</Data></Cell>
    <Cell><Data ss:Type="Number">-10.44</Data></Cell>
    <Cell><Data ss:Type="Number">0.16</Data></Cell>
    <Cell><Data ss:Type="Number">-9.3800000000000008</Data></Cell>
    <Cell><Data ss:Type="Number">-7.0000000000000007E-2</Data></Cell>
    <Cell><Data ss:Type="Number">-0.95</Data></Cell>
    <Cell><Data ss:Type="Number">22.7</Data></Cell>
    <Cell><Data ss:Type="Number">39.4</Data></Cell>
    <Cell><Data ss:Type="Number">0</Data></Cell>
    <Cell><Data ss:Type="Number">0</Data></Cell>
    <Cell><Data ss:Type="String">2023-12-07 16:15:58.298245</Data></Cell>
   </Row>
   <Row>
    <Cell><Data ss:Type="String">1738</Data></Cell>
    <Cell><Data ss:Type="Number">0.48</Data></Cell>
    <Cell><Data ss:Type="Number">-10.31</Data></Cell>
    <Cell><Data ss:Type="Number">0.32</Data></Cell>
    <Cell><Data ss:Type="Number">-9.5500000000000007</Data></Cell>
    <Cell><Data ss:Type="Number">-0.06</Data></Cell>
    <Cell><Data ss:Type="Number">-0.88</Data></Cell>
    <Cell><Data ss:Type="Number">22.7</Data></Cell>
    <Cell><Data ss:Type="Number">39.4</Data></Cell>
    <Cell><Data ss:Type="Number">0</Data></Cell>
    <Cell><Data ss:Type="Number">0</Data></Cell>
    <Cell><Data ss:Type="String">2023-12-07 16:15:58.296448</Data></Cell>
   </Row>
   <Row>
    <Cell><Data ss:Type="String">1737</Data></Cell>
    <Cell><Data ss:Type="Number">0.8</Data></Cell>
    <Cell><Data ss:Type="Number">-9.93</Data></Cell>
    <Cell><Data ss:Type="Number">-0.01</Data></Cell>
    <Cell><Data ss:Type="Number">-9.41</Data></Cell>
    <Cell><Data ss:Type="Number">-0.1</Data></Cell>
    <Cell><Data ss:Type="Number">-0.96</Data></Cell>
    <Cell><Data ss:Type="Number">22.7</Data></Cell>
    <Cell><Data ss:Type="Number">39.4</Data></Cell>
    <Cell><Data ss:Type="Number">0</Data></Cell>
    <Cell><Data ss:Type="Number">0</Data></Cell>
    <Cell><Data ss:Type="String">2023-12-07 16:15:58.294710</Data></Cell>
   </Row>
   <Row>
    <Cell><Data ss:Type="String">1736</Data></Cell>
    <Cell><Data ss:Type="Number">0.12</Data></Cell>
    <Cell><Data ss:Type="Number">-10.15</Data></Cell>
    <Cell><Data ss:Type="Number">0.09</Data></Cell>
    <Cell><Data ss:Type="Number">-9.4600000000000009</Data></Cell>
    <Cell><Data ss:Type="Number">-0.04</Data></Cell>
    <Cell><Data ss:Type="Number">-0.89</Data></Cell>
    <Cell><Data ss:Type="Number">22.7</Data></Cell>
    <Cell><Data ss:Type="Number">39.4</Data></Cell>
    <Cell><Data ss:Type="Number">0</Data></Cell>
    <Cell><Data ss:Type="Number">0</Data></Cell>
    <Cell><Data ss:Type="String">2023-12-07 16:15:58.191535</Data></Cell>
   </Row>
   <Row>
    <Cell><Data ss:Type="String">1735</Data></Cell>
    <Cell><Data ss:Type="Number">0.19</Data></Cell>
    <Cell><Data ss:Type="Number">-10.19</Data></Cell>
    <Cell><Data ss:Type="Number">0.31</Data></Cell>
    <Cell><Data ss:Type="Number">-9.6999999999999993</Data></Cell>
    <Cell><Data ss:Type="Number">-0.11</Data></Cell>
    <Cell><Data ss:Type="Number">-0.92</Data></Cell>
    <Cell><Data ss:Type="Number">22.7</Data></Cell>
    <Cell><Data ss:Type="Number">39.4</Data></Cell>
    <Cell><Data ss:Type="Number">0</Data></Cell>
    <Cell><Data ss:Type="Number">0</Data></Cell>
    <Cell><Data ss:Type="String">2023-12-07 16:15:58.189178</Data></Cell>
   </Row>
   <Row>
    <Cell><Data ss:Type="String">1734</Data></Cell>
    <Cell><Data ss:Type="Number">0.74</Data></Cell>
    <Cell><Data ss:Type="Number">-9.9600000000000009</Data></Cell>
    <Cell><Data ss:Type="Number">0.68</Data></Cell>
    <Cell><Data ss:Type="Number">-9.39</Data></Cell>
    <Cell><Data ss:Type="Number">-0.05</Data></Cell>
    <Cell><Data ss:Type="Number">-0.92</Data></Cell>
    <Cell><Data ss:Type="Number">22.7</Data></Cell>
    <Cell><Data ss:Type="Number">39.4</Data></Cell>
    <Cell><Data ss:Type="Number">0</Data></Cell>
    <Cell><Data ss:Type="Number">0</Data></Cell>
    <Cell><Data ss:Type="String">2023-12-07 16:15:58.140786</Data></Cell>
   </Row>
   <Row>
    <Cell><Data ss:Type="String">1733</Data></Cell>
    <Cell><Data ss:Type="Number">0.73</Data></Cell>
    <Cell><Data ss:Type="Number">-10.07</Data></Cell>
    <Cell><Data ss:Type="Number">0.3</Data></Cell>
    <Cell><Data ss:Type="Number">-9.42</Data></Cell>
    <Cell><Data ss:Type="Number">-0.06</Data></Cell>
    <Cell><Data ss:Type="Number">-0.95</Data></Cell>
    <Cell><Data ss:Type="Number">22.7</Data></Cell>
    <Cell><Data ss:Type="Number">39.4</Data></Cell>
    <Cell><Data ss:Type="Number">0</Data></Cell>
    <Cell><Data ss:Type="Number">0</Data></Cell>
    <Cell><Data ss:Type="String">2023-12-07 16:15:58.093352</Data></Cell>
   </Row>
   <Row>
    <Cell><Data ss:Type="String">1732</Data></Cell>
    <Cell><Data ss:Type="Number">-0.08</Data></Cell>
    <Cell><Data ss:Type="Number">-9.7799999999999994</Data></Cell>
    <Cell><Data ss:Type="Number">0.22</Data></Cell>
    <Cell><Data ss:Type="Number">-9.42</Data></Cell>
    <Cell><Data ss:Type="Number">-0.1</Data></Cell>
    <Cell><Data ss:Type="Number">-0.93</Data></Cell>
    <Cell><Data ss:Type="Number">22.7</Data></Cell>
    <Cell><Data ss:Type="Number">39.4</Data></Cell>
    <Cell><Data ss:Type="Number">0</Data></Cell>
    <Cell><Data ss:Type="Number">0</Data></Cell>
    <Cell><Data ss:Type="String">2023-12-07 16:15:58.048391</Data></Cell>
   </Row>
   <Row>
    <Cell><Data ss:Type="String">1731</Data></Cell>
    <Cell><Data ss:Type="Number">0.43</Data></Cell>
    <Cell><Data ss:Type="Number">-9.7200000000000006</Data></Cell>
    <Cell><Data ss:Type="Number">-0.05</Data></Cell>
    <Cell><Data ss:Type="Number">-9.6199999999999992</Data></Cell>
    <Cell><Data ss:Type="Number">-0.05</Data></Cell>
    <Cell><Data ss:Type="Number">-0.9</Data></Cell>
    <Cell><Data ss:Type="Number">22.7</Data></Cell>
    <Cell><Data ss:Type="Number">39.4</Data></Cell>
    <Cell><Data ss:Type="Number">0</Data></Cell>
    <Cell><Data ss:Type="Number">0</Data></Cell>
    <Cell><Data ss:Type="String">2023-12-07 16:15:58.046175</Data></Cell>
   </Row>
   <Row>
    <Cell><Data ss:Type="String">1730</Data></Cell>
    <Cell><Data ss:Type="Number">0.6</Data></Cell>
    <Cell><Data ss:Type="Number">-10.26</Data></Cell>
    <Cell><Data ss:Type="Number">0.56000000000000005</Data></Cell>
    <Cell><Data ss:Type="Number">-9.5</Data></Cell>
    <Cell><Data ss:Type="Number">-0.13</Data></Cell>
    <Cell><Data ss:Type="Number">-0.88</Data></Cell>
    <Cell><Data ss:Type="Number">22.7</Data></Cell>
    <Cell><Data ss:Type="Number">39.4</Data></Cell>
    <Cell><Data ss:Type="Number">0</Data></Cell>
    <Cell><Data ss:Type="Number">0</Data></Cell>
    <Cell><Data ss:Type="String">2023-12-07 16:15:58.000037</Data></Cell>
   </Row>
   <Row>
    <Cell><Data ss:Type="String">1729</Data></Cell>
    <Cell><Data ss:Type="Number">0.17</Data></Cell>
    <Cell><Data ss:Type="Number">-10.29</Data></Cell>
    <Cell><Data ss:Type="Number">0.28999999999999998</Data></Cell>
    <Cell><Data ss:Type="Number">-9.66</Data></Cell>
    <Cell><Data ss:Type="Number">0.03</Data></Cell>
    <Cell><Data ss:Type="Number">-0.94</Data></Cell>
    <Cell><Data ss:Type="Number">22.7</Data></Cell>
    <Cell><Data ss:Type="Number">39.4</Data></Cell>
    <Cell><Data ss:Type="Number">0</Data></Cell>
    <Cell><Data ss:Type="Number">0</Data></Cell>
    <Cell><Data ss:Type="String">2023-12-07 16:15:57.957320</Data></Cell>
   </Row>
   <Row>
    <Cell><Data ss:Type="String">1728</Data></Cell>
    <Cell><Data ss:Type="Number">0.35</Data></Cell>
    <Cell><Data ss:Type="Number">-9.7100000000000009</Data></Cell>
    <Cell><Data ss:Type="Number">0.56000000000000005</Data></Cell>
    <Cell><Data ss:Type="Number">-9.41</Data></Cell>
    <Cell><Data ss:Type="Number">-0.13</Data></Cell>
    <Cell><Data ss:Type="Number">-0.94</Data></Cell>
    <Cell><Data ss:Type="Number">22.7</Data></Cell>
    <Cell><Data ss:Type="Number">39.4</Data></Cell>
    <Cell><Data ss:Type="Number">0</Data></Cell>
    <Cell><Data ss:Type="Number">0</Data></Cell>
    <Cell><Data ss:Type="String">2023-12-07 16:15:57.954804</Data></Cell>
   </Row>
   <Row>
    <Cell><Data ss:Type="String">1727</Data></Cell>
    <Cell><Data ss:Type="Number">0.62</Data></Cell>
    <Cell><Data ss:Type="Number">-10.27</Data></Cell>
    <Cell><Data ss:Type="Number">0.02</Data></Cell>
    <Cell><Data ss:Type="Number">-9.5500000000000007</Data></Cell>
    <Cell><Data ss:Type="Number">-0.03</Data></Cell>
    <Cell><Data ss:Type="Number">-0.86</Data></Cell>
    <Cell><Data ss:Type="Number">22.7</Data></Cell>
    <Cell><Data ss:Type="Number">39.4</Data></Cell>
    <Cell><Data ss:Type="Number">0</Data></Cell>
    <Cell><Data ss:Type="Number">0</Data></Cell>
    <Cell><Data ss:Type="String">2023-12-07 16:15:57.908582</Data></Cell>
   </Row>
   <Row>
    <Cell><Data ss:Type="String">1726</Data></Cell>
    <Cell><Data ss:Type="Number">0.41</Data></Cell>
    <Cell><Data ss:Type="Number">-10.24</Data></Cell>
    <Cell><Data ss:Type="Number">0.04</Data></Cell>
    <Cell><Data ss:Type="Number">-9.4499999999999993</Data></Cell>
    <Cell><Data ss:Type="Number">-0.03</Data></Cell>
    <Cell><Data ss:Type="Number">-0.94</Data></Cell>
    <Cell><Data ss:Type="Number">22.7</Data></Cell>
    <Cell><Data ss:Type="Number">39.4</Data></Cell>
    <Cell><Data ss:Type="Number">0</Data></Cell>
    <Cell><Data ss:Type="Number">0</Data></Cell>
    <Cell><Data ss:Type="String">2023-12-07 16:15:57.862334</Data></Cell>
   </Row>
   <Row>
    <Cell><Data ss:Type="String">1725</Data></Cell>
    <Cell><Data ss:Type="Number">-0.04</Data></Cell>
    <Cell><Data ss:Type="Number">-9.92</Data></Cell>
    <Cell><Data ss:Type="Number">0.44</Data></Cell>
    <Cell><Data ss:Type="Number">-9.44</Data></Cell>
    <Cell><Data ss:Type="Number">-0.1</Data></Cell>
    <Cell><Data ss:Type="Number">-0.9</Data></Cell>
    <Cell><Data ss:Type="Number">22.7</Data></Cell>
    <Cell><Data ss:Type="Number">39.4</Data></Cell>
    <Cell><Data ss:Type="Number">0</Data></Cell>
    <Cell><Data ss:Type="Number">0</Data></Cell>
    <Cell><Data ss:Type="String">2023-12-07 16:15:57.819414</Data></Cell>
   </Row>
   <Row>
    <Cell><Data ss:Type="String">1724</Data></Cell>
    <Cell><Data ss:Type="Number">-0.03</Data></Cell>
    <Cell><Data ss:Type="Number">-10.32</Data></Cell>
    <Cell><Data ss:Type="Number">-0.13</Data></Cell>
    <Cell><Data ss:Type="Number">-9.65</Data></Cell>
    <Cell><Data ss:Type="Number">-0.08</Data></Cell>
    <Cell><Data ss:Type="Number">-0.92</Data></Cell>
    <Cell><Data ss:Type="Number">22.7</Data></Cell>
    <Cell><Data ss:Type="Number">39.4</Data></Cell>
    <Cell><Data ss:Type="Number">0</Data></Cell>
    <Cell><Data ss:Type="Number">0</Data></Cell>
    <Cell><Data ss:Type="String">2023-12-07 16:15:57.817551</Data></Cell>
   </Row>
   <Row>
    <Cell><Data ss:Type="String">1723</Data></Cell>
    <Cell><Data ss:Type="Number">0.42</Data></Cell>
    <Cell><Data ss:Type="Number">-9.94</Data></Cell>
    <Cell><Data ss:Type="Number">0.32</Data></Cell>
    <Cell><Data ss:Type="Number">-9.48</Data></Cell>
    <Cell><Data ss:Type="Number">-7.0000000000000007E-2</Data></Cell>
    <Cell><Data ss:Type="Number">-0.89</Data></Cell>
    <Cell><Data ss:Type="Number">22.7</Data></Cell>
    <Cell><Data ss:Type="Number">39.4</Data></Cell>
    <Cell><Data ss:Type="Number">0</Data></Cell>
    <Cell><Data ss:Type="Number">0</Data></Cell>
    <Cell><Data ss:Type="String">2023-12-07 16:15:57.769403</Data></Cell>
   </Row>
   <Row>
    <Cell><Data ss:Type="String">1722</Data></Cell>
    <Cell><Data ss:Type="Number">0.36</Data></Cell>
    <Cell><Data ss:Type="Number">-10.33</Data></Cell>
    <Cell><Data ss:Type="Number">0.32</Data></Cell>
    <Cell><Data ss:Type="Number">-9.59</Data></Cell>
    <Cell><Data ss:Type="Number">-0.06</Data></Cell>
    <Cell><Data ss:Type="Number">-0.9</Data></Cell>
    <Cell><Data ss:Type="Number">22.7</Data></Cell>
    <Cell><Data ss:Type="Number">39.4</Data></Cell>
    <Cell><Data ss:Type="Number">0</Data></Cell>
    <Cell><Data ss:Type="Number">0</Data></Cell>
    <Cell><Data ss:Type="String">2023-12-07 16:15:57.725227</Data></Cell>
   </Row>
   <Row>
    <Cell><Data ss:Type="String">1721</Data></Cell>
    <Cell><Data ss:Type="Number">0.68</Data></Cell>
    <Cell><Data ss:Type="Number">-10.25</Data></Cell>
    <Cell><Data ss:Type="Number">0.05</Data></Cell>
    <Cell><Data ss:Type="Number">-9.51</Data></Cell>
    <Cell><Data ss:Type="Number">-0.09</Data></Cell>
    <Cell><Data ss:Type="Number">-0.91</Data></Cell>
    <Cell><Data ss:Type="Number">22.7</Data></Cell>
    <Cell><Data ss:Type="Number">39.4</Data></Cell>
    <Cell><Data ss:Type="Number">0</Data></Cell>
    <Cell><Data ss:Type="Number">0</Data></Cell>
    <Cell><Data ss:Type="String">2023-12-07 16:15:57.665911</Data></Cell>
   </Row>
   <Row>
    <Cell><Data ss:Type="String">1720</Data></Cell>
    <Cell><Data ss:Type="Number">0.37</Data></Cell>
    <Cell><Data ss:Type="Number">-9.8699999999999992</Data></Cell>
    <Cell><Data ss:Type="Number">0.37</Data></Cell>
    <Cell><Data ss:Type="Number">-9.4600000000000009</Data></Cell>
    <Cell><Data ss:Type="Number">0.01</Data></Cell>
    <Cell><Data ss:Type="Number">-0.91</Data></Cell>
    <Cell><Data ss:Type="Number">22.7</Data></Cell>
    <Cell><Data ss:Type="Number">39.4</Data></Cell>
    <Cell><Data ss:Type="Number">0</Data></Cell>
    <Cell><Data ss:Type="Number">0</Data></Cell>
    <Cell><Data ss:Type="String">2023-12-07 16:15:57.664083</Data></Cell>
   </Row>
   <Row>
    <Cell><Data ss:Type="String">1719</Data></Cell>
    <Cell><Data ss:Type="Number">0.06</Data></Cell>
    <Cell><Data ss:Type="Number">-10.31</Data></Cell>
    <Cell><Data ss:Type="Number">-7.0000000000000007E-2</Data></Cell>
    <Cell><Data ss:Type="Number">-9.6</Data></Cell>
    <Cell><Data ss:Type="Number">-0.11</Data></Cell>
    <Cell><Data ss:Type="Number">-0.95</Data></Cell>
    <Cell><Data ss:Type="Number">22.7</Data></Cell>
    <Cell><Data ss:Type="Number">39.4</Data></Cell>
    <Cell><Data ss:Type="Number">0</Data></Cell>
    <Cell><Data ss:Type="Number">0</Data></Cell>
    <Cell><Data ss:Type="String">2023-12-07 16:15:57.618352</Data></Cell>
   </Row>
   <Row>
    <Cell><Data ss:Type="String">1718</Data></Cell>
    <Cell><Data ss:Type="Number">0.21</Data></Cell>
    <Cell><Data ss:Type="Number">-10.130000000000001</Data></Cell>
    <Cell><Data ss:Type="Number">0.2</Data></Cell>
    <Cell><Data ss:Type="Number">-9.6</Data></Cell>
    <Cell><Data ss:Type="Number">-0.04</Data></Cell>
    <Cell><Data ss:Type="Number">-0.86</Data></Cell>
    <Cell><Data ss:Type="Number">22.7</Data></Cell>
    <Cell><Data ss:Type="Number">39.4</Data></Cell>
    <Cell><Data ss:Type="Number">0</Data></Cell>
    <Cell><Data ss:Type="Number">0</Data></Cell>
    <Cell><Data ss:Type="String">2023-12-07 16:15:57.576419</Data></Cell>
   </Row>
   <Row>
    <Cell><Data ss:Type="String">1717</Data></Cell>
    <Cell><Data ss:Type="Number">0.1</Data></Cell>
    <Cell><Data ss:Type="Number">-10.44</Data></Cell>
    <Cell><Data ss:Type="Number">0.05</Data></Cell>
    <Cell><Data ss:Type="Number">-9.3800000000000008</Data></Cell>
    <Cell><Data ss:Type="Number">-0.03</Data></Cell>
    <Cell><Data ss:Type="Number">-0.89</Data></Cell>
    <Cell><Data ss:Type="Number">22.7</Data></Cell>
    <Cell><Data ss:Type="Number">39.4</Data></Cell>
    <Cell><Data ss:Type="Number">0</Data></Cell>
    <Cell><Data ss:Type="Number">0</Data></Cell>
    <Cell><Data ss:Type="String">2023-12-07 16:15:57.574420</Data></Cell>
   </Row>
   <Row>
    <Cell><Data ss:Type="String">1716</Data></Cell>
    <Cell><Data ss:Type="Number">1.03</Data></Cell>
    <Cell><Data ss:Type="Number">-9.6999999999999993</Data></Cell>
    <Cell><Data ss:Type="Number">0.57999999999999996</Data></Cell>
    <Cell><Data ss:Type="Number">-9.4499999999999993</Data></Cell>
    <Cell><Data ss:Type="Number">-7.0000000000000007E-2</Data></Cell>
    <Cell><Data ss:Type="Number">-0.95</Data></Cell>
    <Cell><Data ss:Type="Number">22.7</Data></Cell>
    <Cell><Data ss:Type="Number">39.4</Data></Cell>
    <Cell><Data ss:Type="Number">0</Data></Cell>
    <Cell><Data ss:Type="Number">0</Data></Cell>
    <Cell><Data ss:Type="String">2023-12-07 16:15:57.526910</Data></Cell>
   </Row>
   <Row>
    <Cell><Data ss:Type="String">1715</Data></Cell>
    <Cell><Data ss:Type="Number">0.56000000000000005</Data></Cell>
    <Cell><Data ss:Type="Number">-10.38</Data></Cell>
    <Cell><Data ss:Type="Number">0.33</Data></Cell>
    <Cell><Data ss:Type="Number">-9.52</Data></Cell>
    <Cell><Data ss:Type="Number">-7.0000000000000007E-2</Data></Cell>
    <Cell><Data ss:Type="Number">-0.93</Data></Cell>
    <Cell><Data ss:Type="Number">22.7</Data></Cell>
    <Cell><Data ss:Type="Number">39.4</Data></Cell>
    <Cell><Data ss:Type="Number">0</Data></Cell>
    <Cell><Data ss:Type="Number">0</Data></Cell>
    <Cell><Data ss:Type="String">2023-12-07 16:15:57.481403</Data></Cell>
   </Row>
   <Row>
    <Cell><Data ss:Type="String">1714</Data></Cell>
    <Cell><Data ss:Type="Number">0.31</Data></Cell>
    <Cell><Data ss:Type="Number">-9.9600000000000009</Data></Cell>
    <Cell><Data ss:Type="Number">-0.21</Data></Cell>
    <Cell><Data ss:Type="Number">-9.6</Data></Cell>
    <Cell><Data ss:Type="Number">-7.0000000000000007E-2</Data></Cell>
    <Cell><Data ss:Type="Number">-0.84</Data></Cell>
    <Cell><Data ss:Type="Number">22.7</Data></Cell>
    <Cell><Data ss:Type="Number">39.4</Data></Cell>
    <Cell><Data ss:Type="Number">0</Data></Cell>
    <Cell><Data ss:Type="Number">0</Data></Cell>
    <Cell><Data ss:Type="String">2023-12-07 16:15:57.439161</Data></Cell>
   </Row>
   <Row>
    <Cell><Data ss:Type="String">1713</Data></Cell>
    <Cell><Data ss:Type="Number">-0.11</Data></Cell>
    <Cell><Data ss:Type="Number">-10.43</Data></Cell>
    <Cell><Data ss:Type="Number">0.22</Data></Cell>
    <Cell><Data ss:Type="Number">-9.48</Data></Cell>
    <Cell><Data ss:Type="Number">0</Data></Cell>
    <Cell><Data ss:Type="Number">-0.88</Data></Cell>
    <Cell><Data ss:Type="Number">22.7</Data></Cell>
    <Cell><Data ss:Type="Number">39.4</Data></Cell>
    <Cell><Data ss:Type="Number">0</Data></Cell>
    <Cell><Data ss:Type="Number">0</Data></Cell>
    <Cell><Data ss:Type="String">2023-12-07 16:15:57.436688</Data></Cell>
   </Row>
   <Row>
    <Cell><Data ss:Type="String">1712</Data></Cell>
    <Cell><Data ss:Type="Number">0.41</Data></Cell>
    <Cell><Data ss:Type="Number">-9.98</Data></Cell>
    <Cell><Data ss:Type="Number">0.24</Data></Cell>
    <Cell><Data ss:Type="Number">-9.5</Data></Cell>
    <Cell><Data ss:Type="Number">-7.0000000000000007E-2</Data></Cell>
    <Cell><Data ss:Type="Number">-0.96</Data></Cell>
    <Cell><Data ss:Type="Number">22.7</Data></Cell>
    <Cell><Data ss:Type="Number">39.4</Data></Cell>
    <Cell><Data ss:Type="Number">0</Data></Cell>
    <Cell><Data ss:Type="Number">0</Data></Cell>
    <Cell><Data ss:Type="String">2023-12-07 16:15:57.390723</Data></Cell>
   </Row>
   <Row>
    <Cell><Data ss:Type="String">1711</Data></Cell>
    <Cell><Data ss:Type="Number">1.08</Data></Cell>
    <Cell><Data ss:Type="Number">-9.65</Data></Cell>
    <Cell><Data ss:Type="Number">0.43</Data></Cell>
    <Cell><Data ss:Type="Number">-9.48</Data></Cell>
    <Cell><Data ss:Type="Number">-0.11</Data></Cell>
    <Cell><Data ss:Type="Number">-0.95</Data></Cell>
    <Cell><Data ss:Type="Number">22.7</Data></Cell>
    <Cell><Data ss:Type="Number">39.4</Data></Cell>
    <Cell><Data ss:Type="Number">0</Data></Cell>
    <Cell><Data ss:Type="Number">0</Data></Cell>
    <Cell><Data ss:Type="String">2023-12-07 16:15:57.342669</Data></Cell>
   </Row>
   <Row>
    <Cell><Data ss:Type="String">1710</Data></Cell>
    <Cell><Data ss:Type="Number">-0.39</Data></Cell>
    <Cell><Data ss:Type="Number">-10.11</Data></Cell>
    <Cell><Data ss:Type="Number">0.81</Data></Cell>
    <Cell><Data ss:Type="Number">-9.5299999999999994</Data></Cell>
    <Cell><Data ss:Type="Number">-0.27</Data></Cell>
    <Cell><Data ss:Type="Number">-0.85</Data></Cell>
    <Cell><Data ss:Type="Number">22.7</Data></Cell>
    <Cell><Data ss:Type="Number">39.4</Data></Cell>
    <Cell><Data ss:Type="Number">0</Data></Cell>
    <Cell><Data ss:Type="Number">0</Data></Cell>
    <Cell><Data ss:Type="String">2023-12-07 16:15:57.300819</Data></Cell>
   </Row>
   <Row>
    <Cell><Data ss:Type="String">1709</Data></Cell>
    <Cell><Data ss:Type="Number">-0.15</Data></Cell>
    <Cell><Data ss:Type="Number">-9.99</Data></Cell>
    <Cell><Data ss:Type="Number">-0.18</Data></Cell>
    <Cell><Data ss:Type="Number">-9.5399999999999991</Data></Cell>
    <Cell><Data ss:Type="Number">0.08</Data></Cell>
    <Cell><Data ss:Type="Number">-0.93</Data></Cell>
    <Cell><Data ss:Type="Number">22.7</Data></Cell>
    <Cell><Data ss:Type="Number">39.4</Data></Cell>
    <Cell><Data ss:Type="Number">0</Data></Cell>
    <Cell><Data ss:Type="Number">0</Data></Cell>
    <Cell><Data ss:Type="String">2023-12-07 16:15:57.297662</Data></Cell>
   </Row>
   <Row>
    <Cell><Data ss:Type="String">1708</Data></Cell>
    <Cell><Data ss:Type="Number">1.26</Data></Cell>
    <Cell><Data ss:Type="Number">-9.89</Data></Cell>
    <Cell><Data ss:Type="Number">-0.09</Data></Cell>
    <Cell><Data ss:Type="Number">-9.5299999999999994</Data></Cell>
    <Cell><Data ss:Type="Number">0.28000000000000003</Data></Cell>
    <Cell><Data ss:Type="Number">-0.97</Data></Cell>
    <Cell><Data ss:Type="Number">22.7</Data></Cell>
    <Cell><Data ss:Type="Number">39.4</Data></Cell>
    <Cell><Data ss:Type="Number">0</Data></Cell>
    <Cell><Data ss:Type="Number">0</Data></Cell>
    <Cell><Data ss:Type="String">2023-12-07 16:15:57.250776</Data></Cell>
   </Row>
   <Row>
    <Cell><Data ss:Type="String">1707</Data></Cell>
    <Cell><Data ss:Type="Number">0.76</Data></Cell>
    <Cell><Data ss:Type="Number">-9.67</Data></Cell>
    <Cell><Data ss:Type="Number">0.82</Data></Cell>
    <Cell><Data ss:Type="Number">-9.35</Data></Cell>
    <Cell><Data ss:Type="Number">-0.35</Data></Cell>
    <Cell><Data ss:Type="Number">-0.88</Data></Cell>
    <Cell><Data ss:Type="Number">22.7</Data></Cell>
    <Cell><Data ss:Type="Number">39.4</Data></Cell>
    <Cell><Data ss:Type="Number">0</Data></Cell>
    <Cell><Data ss:Type="Number">0</Data></Cell>
    <Cell><Data ss:Type="String">2023-12-07 16:15:57.207650</Data></Cell>
   </Row>
   <Row>
    <Cell><Data ss:Type="String">1706</Data></Cell>
    <Cell><Data ss:Type="Number">-1.81</Data></Cell>
    <Cell><Data ss:Type="Number">-9.3000000000000007</Data></Cell>
    <Cell><Data ss:Type="Number">1</Data></Cell>
    <Cell><Data ss:Type="Number">-9.4499999999999993</Data></Cell>
    <Cell><Data ss:Type="Number">-0.97</Data></Cell>
    <Cell><Data ss:Type="Number">-1</Data></Cell>
    <Cell><Data ss:Type="Number">22.7</Data></Cell>
    <Cell><Data ss:Type="Number">39.4</Data></Cell>
    <Cell><Data ss:Type="Number">0</Data></Cell>
    <Cell><Data ss:Type="Number">0</Data></Cell>
    <Cell><Data ss:Type="String">2023-12-07 16:15:57.205805</Data></Cell>
   </Row>
   <Row>
    <Cell><Data ss:Type="String">1705</Data></Cell>
    <Cell><Data ss:Type="Number">-2.29</Data></Cell>
    <Cell><Data ss:Type="Number">-10.7</Data></Cell>
    <Cell><Data ss:Type="Number">-0.52</Data></Cell>
    <Cell><Data ss:Type="Number">-9.4700000000000006</Data></Cell>
    <Cell><Data ss:Type="Number">1.05</Data></Cell>
    <Cell><Data ss:Type="Number">-0.79</Data></Cell>
    <Cell><Data ss:Type="Number">22.7</Data></Cell>
    <Cell><Data ss:Type="Number">39.4</Data></Cell>
    <Cell><Data ss:Type="Number">0</Data></Cell>
    <Cell><Data ss:Type="Number">0</Data></Cell>
    <Cell><Data ss:Type="String">2023-12-07 16:15:57.159219</Data></Cell>
   </Row>
   <Row>
    <Cell><Data ss:Type="String">1704</Data></Cell>
    <Cell><Data ss:Type="Number">0.38</Data></Cell>
    <Cell><Data ss:Type="Number">-9.92</Data></Cell>
    <Cell><Data ss:Type="Number">-1.4</Data></Cell>
    <Cell><Data ss:Type="Number">-9.7200000000000006</Data></Cell>
    <Cell><Data ss:Type="Number">1.1499999999999999</Data></Cell>
    <Cell><Data ss:Type="Number">-1.42</Data></Cell>
    <Cell><Data ss:Type="Number">22.7</Data></Cell>
    <Cell><Data ss:Type="Number">39.4</Data></Cell>
    <Cell><Data ss:Type="Number">0</Data></Cell>
    <Cell><Data ss:Type="Number">0</Data></Cell>
    <Cell><Data ss:Type="String">2023-12-07 16:15:57.117133</Data></Cell>
   </Row>
   <Row>
    <Cell><Data ss:Type="String">1703</Data></Cell>
    <Cell><Data ss:Type="Number">0.18</Data></Cell>
    <Cell><Data ss:Type="Number">-10.050000000000001</Data></Cell>
    <Cell><Data ss:Type="Number">0.17</Data></Cell>
    <Cell><Data ss:Type="Number">-9.44</Data></Cell>
    <Cell><Data ss:Type="Number">-0.06</Data></Cell>
    <Cell><Data ss:Type="Number">-0.94</Data></Cell>
    <Cell><Data ss:Type="Number">22.7</Data></Cell>
    <Cell><Data ss:Type="Number">39.4</Data></Cell>
    <Cell><Data ss:Type="Number">0</Data></Cell>
    <Cell><Data ss:Type="Number">0</Data></Cell>
    <Cell><Data ss:Type="String">2023-12-07 16:15:57.069162</Data></Cell>
   </Row>
   <Row>
    <Cell><Data ss:Type="String">1702</Data></Cell>
    <Cell><Data ss:Type="Number">0.31</Data></Cell>
    <Cell><Data ss:Type="Number">-10.050000000000001</Data></Cell>
    <Cell><Data ss:Type="Number">0.19</Data></Cell>
    <Cell><Data ss:Type="Number">-9.44</Data></Cell>
    <Cell><Data ss:Type="Number">-0.08</Data></Cell>
    <Cell><Data ss:Type="Number">-0.94</Data></Cell>
    <Cell><Data ss:Type="Number">22.7</Data></Cell>
    <Cell><Data ss:Type="Number">39.4</Data></Cell>
    <Cell><Data ss:Type="Number">0</Data></Cell>
    <Cell><Data ss:Type="Number">0</Data></Cell>
    <Cell><Data ss:Type="String">2023-12-07 16:15:57.067684</Data></Cell>
   </Row>
   <Row>
    <Cell><Data ss:Type="String">1701</Data></Cell>
    <Cell><Data ss:Type="Number">0.28000000000000003</Data></Cell>
    <Cell><Data ss:Type="Number">-10.18</Data></Cell>
    <Cell><Data ss:Type="Number">7.0000000000000007E-2</Data></Cell>
    <Cell><Data ss:Type="Number">-9.5500000000000007</Data></Cell>
    <Cell><Data ss:Type="Number">-0.08</Data></Cell>
    <Cell><Data ss:Type="Number">-0.89</Data></Cell>
    <Cell><Data ss:Type="Number">22.7</Data></Cell>
    <Cell><Data ss:Type="Number">39.4</Data></Cell>
    <Cell><Data ss:Type="Number">0</Data></Cell>
    <Cell><Data ss:Type="Number">0</Data></Cell>
    <Cell><Data ss:Type="String">2023-12-07 16:15:57.065909</Data></Cell>
   </Row>
   <Row>
    <Cell><Data ss:Type="String">1700</Data></Cell>
    <Cell><Data ss:Type="Number">0.25</Data></Cell>
    <Cell><Data ss:Type="Number">-10.15</Data></Cell>
    <Cell><Data ss:Type="Number">0.19</Data></Cell>
    <Cell><Data ss:Type="Number">-9.49</Data></Cell>
    <Cell><Data ss:Type="Number">-0.08</Data></Cell>
    <Cell><Data ss:Type="Number">-0.89</Data></Cell>
    <Cell><Data ss:Type="Number">22.7</Data></Cell>
    <Cell><Data ss:Type="Number">39.4</Data></Cell>
    <Cell><Data ss:Type="Number">0</Data></Cell>
    <Cell><Data ss:Type="Number">0</Data></Cell>
    <Cell><Data ss:Type="String">2023-12-07 16:15:56.977308</Data></Cell>
   </Row>
   <Row>
    <Cell><Data ss:Type="String">1699</Data></Cell>
    <Cell><Data ss:Type="Number">0.16</Data></Cell>
    <Cell><Data ss:Type="Number">-9.99</Data></Cell>
    <Cell><Data ss:Type="Number">0.18</Data></Cell>
    <Cell><Data ss:Type="Number">-9.41</Data></Cell>
    <Cell><Data ss:Type="Number">-0.05</Data></Cell>
    <Cell><Data ss:Type="Number">-0.94</Data></Cell>
    <Cell><Data ss:Type="Number">22.7</Data></Cell>
    <Cell><Data ss:Type="Number">39.4</Data></Cell>
    <Cell><Data ss:Type="Number">0</Data></Cell>
    <Cell><Data ss:Type="Number">0</Data></Cell>
    <Cell><Data ss:Type="String">2023-12-07 16:15:56.935063</Data></Cell>
   </Row>
   <Row>
    <Cell><Data ss:Type="String">1698</Data></Cell>
    <Cell><Data ss:Type="Number">0.28000000000000003</Data></Cell>
    <Cell><Data ss:Type="Number">-10.01</Data></Cell>
    <Cell><Data ss:Type="Number">0.02</Data></Cell>
    <Cell><Data ss:Type="Number">-9.44</Data></Cell>
    <Cell><Data ss:Type="Number">-0.09</Data></Cell>
    <Cell><Data ss:Type="Number">-0.93</Data></Cell>
    <Cell><Data ss:Type="Number">22.7</Data></Cell>
    <Cell><Data ss:Type="Number">39.4</Data></Cell>
    <Cell><Data ss:Type="Number">0</Data></Cell>
    <Cell><Data ss:Type="Number">0</Data></Cell>
    <Cell><Data ss:Type="String">2023-12-07 16:15:56.931080</Data></Cell>
   </Row>
   <Row>
    <Cell><Data ss:Type="String">1697</Data></Cell>
    <Cell><Data ss:Type="Number">0.28999999999999998</Data></Cell>
    <Cell><Data ss:Type="Number">-10.119999999999999</Data></Cell>
    <Cell><Data ss:Type="Number">0.13</Data></Cell>
    <Cell><Data ss:Type="Number">-9.5399999999999991</Data></Cell>
    <Cell><Data ss:Type="Number">-0.08</Data></Cell>
    <Cell><Data ss:Type="Number">-0.93</Data></Cell>
    <Cell><Data ss:Type="Number">22.7</Data></Cell>
    <Cell><Data ss:Type="Number">39.4</Data></Cell>
    <Cell><Data ss:Type="Number">0</Data></Cell>
    <Cell><Data ss:Type="Number">0</Data></Cell>
    <Cell><Data ss:Type="String">2023-12-07 16:15:56.885926</Data></Cell>
   </Row>
   <Row>
    <Cell><Data ss:Type="String">1696</Data></Cell>
    <Cell><Data ss:Type="Number">0.36</Data></Cell>
    <Cell><Data ss:Type="Number">-10.1</Data></Cell>
    <Cell><Data ss:Type="Number">0.13</Data></Cell>
    <Cell><Data ss:Type="Number">-9.52</Data></Cell>
    <Cell><Data ss:Type="Number">-0.05</Data></Cell>
    <Cell><Data ss:Type="Number">-0.91</Data></Cell>
    <Cell><Data ss:Type="Number">22.7</Data></Cell>
    <Cell><Data ss:Type="Number">39.4</Data></Cell>
    <Cell><Data ss:Type="Number">0</Data></Cell>
    <Cell><Data ss:Type="Number">0</Data></Cell>
    <Cell><Data ss:Type="String">2023-12-07 16:15:56.840053</Data></Cell>
   </Row>
   <Row>
    <Cell><Data ss:Type="String">1695</Data></Cell>
    <Cell><Data ss:Type="Number">0.26</Data></Cell>
    <Cell><Data ss:Type="Number">-10.23</Data></Cell>
    <Cell><Data ss:Type="Number">0.28000000000000003</Data></Cell>
    <Cell><Data ss:Type="Number">-9.51</Data></Cell>
    <Cell><Data ss:Type="Number">-0.08</Data></Cell>
    <Cell><Data ss:Type="Number">-0.9</Data></Cell>
    <Cell><Data ss:Type="Number">22.7</Data></Cell>
    <Cell><Data ss:Type="Number">39.4</Data></Cell>
    <Cell><Data ss:Type="Number">0</Data></Cell>
    <Cell><Data ss:Type="Number">0</Data></Cell>
    <Cell><Data ss:Type="String">2023-12-07 16:15:56.796103</Data></Cell>
   </Row>
   <Row>
    <Cell><Data ss:Type="String">1694</Data></Cell>
    <Cell><Data ss:Type="Number">0.3</Data></Cell>
    <Cell><Data ss:Type="Number">-9.99</Data></Cell>
    <Cell><Data ss:Type="Number">0.1</Data></Cell>
    <Cell><Data ss:Type="Number">-9.44</Data></Cell>
    <Cell><Data ss:Type="Number">-0.08</Data></Cell>
    <Cell><Data ss:Type="Number">-0.94</Data></Cell>
    <Cell><Data ss:Type="Number">22.7</Data></Cell>
    <Cell><Data ss:Type="Number">39.4</Data></Cell>
    <Cell><Data ss:Type="Number">0</Data></Cell>
    <Cell><Data ss:Type="Number">0</Data></Cell>
    <Cell><Data ss:Type="String">2023-12-07 16:15:56.794158</Data></Cell>
   </Row>
   <Row>
    <Cell><Data ss:Type="String">1693</Data></Cell>
    <Cell><Data ss:Type="Number">0.28000000000000003</Data></Cell>
    <Cell><Data ss:Type="Number">-10</Data></Cell>
    <Cell><Data ss:Type="Number">0.14000000000000001</Data></Cell>
    <Cell><Data ss:Type="Number">-9.48</Data></Cell>
    <Cell><Data ss:Type="Number">-7.0000000000000007E-2</Data></Cell>
    <Cell><Data ss:Type="Number">-0.93</Data></Cell>
    <Cell><Data ss:Type="Number">22.7</Data></Cell>
    <Cell><Data ss:Type="Number">39.4</Data></Cell>
    <Cell><Data ss:Type="Number">0</Data></Cell>
    <Cell><Data ss:Type="Number">0</Data></Cell>
    <Cell><Data ss:Type="String">2023-12-07 16:15:56.743473</Data></Cell>
   </Row>
   <Row>
    <Cell><Data ss:Type="String">1692</Data></Cell>
    <Cell><Data ss:Type="Number">0.32</Data></Cell>
    <Cell><Data ss:Type="Number">-10.210000000000001</Data></Cell>
    <Cell><Data ss:Type="Number">0.17</Data></Cell>
    <Cell><Data ss:Type="Number">-9.57</Data></Cell>
    <Cell><Data ss:Type="Number">-0.09</Data></Cell>
    <Cell><Data ss:Type="Number">-0.94</Data></Cell>
    <Cell><Data ss:Type="Number">22.7</Data></Cell>
    <Cell><Data ss:Type="Number">39.4</Data></Cell>
    <Cell><Data ss:Type="Number">0</Data></Cell>
    <Cell><Data ss:Type="Number">0</Data></Cell>
    <Cell><Data ss:Type="String">2023-12-07 16:15:56.703780</Data></Cell>
   </Row>
   <Row>
    <Cell><Data ss:Type="String">1691</Data></Cell>
    <Cell><Data ss:Type="Number">0.37</Data></Cell>
    <Cell><Data ss:Type="Number">-10.19</Data></Cell>
    <Cell><Data ss:Type="Number">0.21</Data></Cell>
    <Cell><Data ss:Type="Number">-9.51</Data></Cell>
    <Cell><Data ss:Type="Number">-7.0000000000000007E-2</Data></Cell>
    <Cell><Data ss:Type="Number">-0.9</Data></Cell>
    <Cell><Data ss:Type="Number">22.7</Data></Cell>
    <Cell><Data ss:Type="Number">39.4</Data></Cell>
    <Cell><Data ss:Type="Number">0</Data></Cell>
    <Cell><Data ss:Type="Number">0</Data></Cell>
    <Cell><Data ss:Type="String">2023-12-07 16:15:56.701621</Data></Cell>
   </Row>
   <Row>
    <Cell><Data ss:Type="String">1690</Data></Cell>
    <Cell><Data ss:Type="Number">0.28000000000000003</Data></Cell>
    <Cell><Data ss:Type="Number">-10.029999999999999</Data></Cell>
    <Cell><Data ss:Type="Number">0.15</Data></Cell>
    <Cell><Data ss:Type="Number">-9.44</Data></Cell>
    <Cell><Data ss:Type="Number">-0.08</Data></Cell>
    <Cell><Data ss:Type="Number">-0.93</Data></Cell>
    <Cell><Data ss:Type="Number">22.7</Data></Cell>
    <Cell><Data ss:Type="Number">39.4</Data></Cell>
    <Cell><Data ss:Type="Number">0</Data></Cell>
    <Cell><Data ss:Type="Number">0</Data></Cell>
    <Cell><Data ss:Type="String">2023-12-07 16:15:56.656151</Data></Cell>
   </Row>
   <Row>
    <Cell><Data ss:Type="String">1689</Data></Cell>
    <Cell><Data ss:Type="Number">0.38</Data></Cell>
    <Cell><Data ss:Type="Number">-9.92</Data></Cell>
    <Cell><Data ss:Type="Number">7.0000000000000007E-2</Data></Cell>
    <Cell><Data ss:Type="Number">-9.42</Data></Cell>
    <Cell><Data ss:Type="Number">-0.06</Data></Cell>
    <Cell><Data ss:Type="Number">-0.94</Data></Cell>
    <Cell><Data ss:Type="Number">22.7</Data></Cell>
    <Cell><Data ss:Type="Number">39.4</Data></Cell>
    <Cell><Data ss:Type="Number">0</Data></Cell>
    <Cell><Data ss:Type="Number">0</Data></Cell>
    <Cell><Data ss:Type="String">2023-12-07 16:15:56.609399</Data></Cell>
   </Row>
   <Row>
    <Cell><Data ss:Type="String">1688</Data></Cell>
    <Cell><Data ss:Type="Number">0.33</Data></Cell>
    <Cell><Data ss:Type="Number">-10.11</Data></Cell>
    <Cell><Data ss:Type="Number">-0.02</Data></Cell>
    <Cell><Data ss:Type="Number">-9.5</Data></Cell>
    <Cell><Data ss:Type="Number">-0.08</Data></Cell>
    <Cell><Data ss:Type="Number">-0.92</Data></Cell>
    <Cell><Data ss:Type="Number">22.7</Data></Cell>
    <Cell><Data ss:Type="Number">39.4</Data></Cell>
    <Cell><Data ss:Type="Number">0</Data></Cell>
    <Cell><Data ss:Type="Number">0</Data></Cell>
    <Cell><Data ss:Type="String">2023-12-07 16:15:56.566010</Data></Cell>
   </Row>
   <Row>
    <Cell><Data ss:Type="String">1687</Data></Cell>
    <Cell><Data ss:Type="Number">0.28999999999999998</Data></Cell>
    <Cell><Data ss:Type="Number">-10.199999999999999</Data></Cell>
    <Cell><Data ss:Type="Number">0.17</Data></Cell>
    <Cell><Data ss:Type="Number">-9.56</Data></Cell>
    <Cell><Data ss:Type="Number">-0.09</Data></Cell>
    <Cell><Data ss:Type="Number">-0.88</Data></Cell>
    <Cell><Data ss:Type="Number">22.7</Data></Cell>
    <Cell><Data ss:Type="Number">39.4</Data></Cell>
    <Cell><Data ss:Type="Number">0</Data></Cell>
    <Cell><Data ss:Type="Number">0</Data></Cell>
    <Cell><Data ss:Type="String">2023-12-07 16:15:56.564252</Data></Cell>
   </Row>
   <Row>
    <Cell><Data ss:Type="String">1686</Data></Cell>
    <Cell><Data ss:Type="Number">0.25</Data></Cell>
    <Cell><Data ss:Type="Number">-10.06</Data></Cell>
    <Cell><Data ss:Type="Number">0.2</Data></Cell>
    <Cell><Data ss:Type="Number">-9.4600000000000009</Data></Cell>
    <Cell><Data ss:Type="Number">-0.06</Data></Cell>
    <Cell><Data ss:Type="Number">-0.93</Data></Cell>
    <Cell><Data ss:Type="Number">22.7</Data></Cell>
    <Cell><Data ss:Type="Number">39.4</Data></Cell>
    <Cell><Data ss:Type="Number">0</Data></Cell>
    <Cell><Data ss:Type="Number">0</Data></Cell>
    <Cell><Data ss:Type="String">2023-12-07 16:15:56.512436</Data></Cell>
   </Row>
   <Row>
    <Cell><Data ss:Type="String">1685</Data></Cell>
    <Cell><Data ss:Type="Number">0.27</Data></Cell>
    <Cell><Data ss:Type="Number">-9.9499999999999993</Data></Cell>
    <Cell><Data ss:Type="Number">0.14000000000000001</Data></Cell>
    <Cell><Data ss:Type="Number">-9.43</Data></Cell>
    <Cell><Data ss:Type="Number">-0.05</Data></Cell>
    <Cell><Data ss:Type="Number">-0.94</Data></Cell>
    <Cell><Data ss:Type="Number">22.7</Data></Cell>
    <Cell><Data ss:Type="Number">39.4</Data></Cell>
    <Cell><Data ss:Type="Number">0</Data></Cell>
    <Cell><Data ss:Type="Number">0</Data></Cell>
    <Cell><Data ss:Type="String">2023-12-07 16:15:56.460238</Data></Cell>
   </Row>
   <Row>
    <Cell><Data ss:Type="String">1684</Data></Cell>
    <Cell><Data ss:Type="Number">0.28000000000000003</Data></Cell>
    <Cell><Data ss:Type="Number">-9.92</Data></Cell>
    <Cell><Data ss:Type="Number">7.0000000000000007E-2</Data></Cell>
    <Cell><Data ss:Type="Number">-9.49</Data></Cell>
    <Cell><Data ss:Type="Number">-7.0000000000000007E-2</Data></Cell>
    <Cell><Data ss:Type="Number">-0.93</Data></Cell>
    <Cell><Data ss:Type="Number">22.7</Data></Cell>
    <Cell><Data ss:Type="Number">39.4</Data></Cell>
    <Cell><Data ss:Type="Number">0</Data></Cell>
    <Cell><Data ss:Type="Number">0</Data></Cell>
    <Cell><Data ss:Type="String">2023-12-07 16:15:56.458460</Data></Cell>
   </Row>
   <Row>
    <Cell><Data ss:Type="String">1683</Data></Cell>
    <Cell><Data ss:Type="Number">0.21</Data></Cell>
    <Cell><Data ss:Type="Number">-9.9600000000000009</Data></Cell>
    <Cell><Data ss:Type="Number">0.16</Data></Cell>
    <Cell><Data ss:Type="Number">-9.41</Data></Cell>
    <Cell><Data ss:Type="Number">-0.06</Data></Cell>
    <Cell><Data ss:Type="Number">-0.95</Data></Cell>
    <Cell><Data ss:Type="Number">22.7</Data></Cell>
    <Cell><Data ss:Type="Number">39.4</Data></Cell>
    <Cell><Data ss:Type="Number">0</Data></Cell>
    <Cell><Data ss:Type="Number">0</Data></Cell>
    <Cell><Data ss:Type="String">2023-12-07 16:15:56.409881</Data></Cell>
   </Row>
   <Row>
    <Cell><Data ss:Type="String">1682</Data></Cell>
    <Cell><Data ss:Type="Number">0.35</Data></Cell>
    <Cell><Data ss:Type="Number">-10.08</Data></Cell>
    <Cell><Data ss:Type="Number">0.1</Data></Cell>
    <Cell><Data ss:Type="Number">-9.48</Data></Cell>
    <Cell><Data ss:Type="Number">-0.08</Data></Cell>
    <Cell><Data ss:Type="Number">-0.93</Data></Cell>
    <Cell><Data ss:Type="Number">22.7</Data></Cell>
    <Cell><Data ss:Type="Number">39.4</Data></Cell>
    <Cell><Data ss:Type="Number">0</Data></Cell>
    <Cell><Data ss:Type="Number">0</Data></Cell>
    <Cell><Data ss:Type="String">2023-12-07 16:15:56.366093</Data></Cell>
   </Row>
   <Row>
    <Cell><Data ss:Type="String">1681</Data></Cell>
    <Cell><Data ss:Type="Number">0.3</Data></Cell>
    <Cell><Data ss:Type="Number">-10.199999999999999</Data></Cell>
    <Cell><Data ss:Type="Number">0.14000000000000001</Data></Cell>
    <Cell><Data ss:Type="Number">-9.5299999999999994</Data></Cell>
    <Cell><Data ss:Type="Number">-0.09</Data></Cell>
    <Cell><Data ss:Type="Number">-0.91</Data></Cell>
    <Cell><Data ss:Type="Number">22.7</Data></Cell>
    <Cell><Data ss:Type="Number">39.4</Data></Cell>
    <Cell><Data ss:Type="Number">0</Data></Cell>
    <Cell><Data ss:Type="Number">0</Data></Cell>
    <Cell><Data ss:Type="String">2023-12-07 16:15:56.321513</Data></Cell>
   </Row>
   <Row>
    <Cell><Data ss:Type="String">1680</Data></Cell>
    <Cell><Data ss:Type="Number">0.27</Data></Cell>
    <Cell><Data ss:Type="Number">-10.16</Data></Cell>
    <Cell><Data ss:Type="Number">0.06</Data></Cell>
    <Cell><Data ss:Type="Number">-9.51</Data></Cell>
    <Cell><Data ss:Type="Number">-0.04</Data></Cell>
    <Cell><Data ss:Type="Number">-0.91</Data></Cell>
    <Cell><Data ss:Type="Number">22.7</Data></Cell>
    <Cell><Data ss:Type="Number">39.4</Data></Cell>
    <Cell><Data ss:Type="Number">0</Data></Cell>
    <Cell><Data ss:Type="Number">0</Data></Cell>
    <Cell><Data ss:Type="String">2023-12-07 16:15:56.318833</Data></Cell>
   </Row>
   <Row>
    <Cell><Data ss:Type="String">1679</Data></Cell>
    <Cell><Data ss:Type="Number">0.3</Data></Cell>
    <Cell><Data ss:Type="Number">-10.06</Data></Cell>
    <Cell><Data ss:Type="Number">0.17</Data></Cell>
    <Cell><Data ss:Type="Number">-9.41</Data></Cell>
    <Cell><Data ss:Type="Number">-7.0000000000000007E-2</Data></Cell>
    <Cell><Data ss:Type="Number">-0.94</Data></Cell>
    <Cell><Data ss:Type="Number">22.7</Data></Cell>
    <Cell><Data ss:Type="Number">39.4</Data></Cell>
    <Cell><Data ss:Type="Number">0</Data></Cell>
    <Cell><Data ss:Type="Number">0</Data></Cell>
    <Cell><Data ss:Type="String">2023-12-07 16:15:56.273050</Data></Cell>
   </Row>
   <Row>
    <Cell><Data ss:Type="String">1678</Data></Cell>
    <Cell><Data ss:Type="Number">0.24</Data></Cell>
    <Cell><Data ss:Type="Number">-9.93</Data></Cell>
    <Cell><Data ss:Type="Number">0.17</Data></Cell>
    <Cell><Data ss:Type="Number">-9.42</Data></Cell>
    <Cell><Data ss:Type="Number">-0.06</Data></Cell>
    <Cell><Data ss:Type="Number">-0.93</Data></Cell>
    <Cell><Data ss:Type="Number">22.7</Data></Cell>
    <Cell><Data ss:Type="Number">39.4</Data></Cell>
    <Cell><Data ss:Type="Number">0</Data></Cell>
    <Cell><Data ss:Type="Number">0</Data></Cell>
    <Cell><Data ss:Type="String">2023-12-07 16:15:56.228175</Data></Cell>
   </Row>
   <Row>
    <Cell><Data ss:Type="String">1677</Data></Cell>
    <Cell><Data ss:Type="Number">0.32</Data></Cell>
    <Cell><Data ss:Type="Number">-10.119999999999999</Data></Cell>
    <Cell><Data ss:Type="Number">0.16</Data></Cell>
    <Cell><Data ss:Type="Number">-9.51</Data></Cell>
    <Cell><Data ss:Type="Number">-0.08</Data></Cell>
    <Cell><Data ss:Type="Number">-0.94</Data></Cell>
    <Cell><Data ss:Type="Number">22.7</Data></Cell>
    <Cell><Data ss:Type="Number">39.4</Data></Cell>
    <Cell><Data ss:Type="Number">0</Data></Cell>
    <Cell><Data ss:Type="Number">0</Data></Cell>
    <Cell><Data ss:Type="String">2023-12-07 16:15:56.226391</Data></Cell>
   </Row>
   <Row>
    <Cell><Data ss:Type="String">1676</Data></Cell>
    <Cell><Data ss:Type="Number">0.38</Data></Cell>
    <Cell><Data ss:Type="Number">-10.199999999999999</Data></Cell>
    <Cell><Data ss:Type="Number">0.15</Data></Cell>
    <Cell><Data ss:Type="Number">-9.5299999999999994</Data></Cell>
    <Cell><Data ss:Type="Number">-7.0000000000000007E-2</Data></Cell>
    <Cell><Data ss:Type="Number">-0.91</Data></Cell>
    <Cell><Data ss:Type="Number">22.7</Data></Cell>
    <Cell><Data ss:Type="Number">39.4</Data></Cell>
    <Cell><Data ss:Type="Number">0</Data></Cell>
    <Cell><Data ss:Type="Number">0</Data></Cell>
    <Cell><Data ss:Type="String">2023-12-07 16:15:56.181091</Data></Cell>
   </Row>
   <Row>
    <Cell><Data ss:Type="String">1675</Data></Cell>
    <Cell><Data ss:Type="Number">0.25</Data></Cell>
    <Cell><Data ss:Type="Number">-10.02</Data></Cell>
    <Cell><Data ss:Type="Number">0.16</Data></Cell>
    <Cell><Data ss:Type="Number">-9.4600000000000009</Data></Cell>
    <Cell><Data ss:Type="Number">-0.05</Data></Cell>
    <Cell><Data ss:Type="Number">-0.91</Data></Cell>
    <Cell><Data ss:Type="Number">22.7</Data></Cell>
    <Cell><Data ss:Type="Number">39.4</Data></Cell>
    <Cell><Data ss:Type="Number">0</Data></Cell>
    <Cell><Data ss:Type="Number">0</Data></Cell>
    <Cell><Data ss:Type="String">2023-12-07 16:15:56.136379</Data></Cell>
   </Row>
   <Row>
    <Cell><Data ss:Type="String">1674</Data></Cell>
    <Cell><Data ss:Type="Number">0.28999999999999998</Data></Cell>
    <Cell><Data ss:Type="Number">-10.02</Data></Cell>
    <Cell><Data ss:Type="Number">0.12</Data></Cell>
    <Cell><Data ss:Type="Number">-9.41</Data></Cell>
    <Cell><Data ss:Type="Number">-7.0000000000000007E-2</Data></Cell>
    <Cell><Data ss:Type="Number">-0.93</Data></Cell>
    <Cell><Data ss:Type="Number">22.7</Data></Cell>
    <Cell><Data ss:Type="Number">39.4</Data></Cell>
    <Cell><Data ss:Type="Number">0</Data></Cell>
    <Cell><Data ss:Type="Number">0</Data></Cell>
    <Cell><Data ss:Type="String">2023-12-07 16:15:56.094555</Data></Cell>
   </Row>
   <Row>
    <Cell><Data ss:Type="String">1673</Data></Cell>
    <Cell><Data ss:Type="Number">0.26</Data></Cell>
    <Cell><Data ss:Type="Number">-10.1</Data></Cell>
    <Cell><Data ss:Type="Number">-0.02</Data></Cell>
    <Cell><Data ss:Type="Number">-9.4700000000000006</Data></Cell>
    <Cell><Data ss:Type="Number">-0.08</Data></Cell>
    <Cell><Data ss:Type="Number">-0.94</Data></Cell>
    <Cell><Data ss:Type="Number">22.7</Data></Cell>
    <Cell><Data ss:Type="Number">39.4</Data></Cell>
    <Cell><Data ss:Type="Number">0</Data></Cell>
    <Cell><Data ss:Type="Number">0</Data></Cell>
    <Cell><Data ss:Type="String">2023-12-07 16:15:56.092670</Data></Cell>
   </Row>
   <Row>
    <Cell><Data ss:Type="String">1672</Data></Cell>
    <Cell><Data ss:Type="Number">0.3</Data></Cell>
    <Cell><Data ss:Type="Number">-10.14</Data></Cell>
    <Cell><Data ss:Type="Number">0.16</Data></Cell>
    <Cell><Data ss:Type="Number">-9.51</Data></Cell>
    <Cell><Data ss:Type="Number">-0.08</Data></Cell>
    <Cell><Data ss:Type="Number">-0.94</Data></Cell>
    <Cell><Data ss:Type="Number">22.7</Data></Cell>
    <Cell><Data ss:Type="Number">39.4</Data></Cell>
    <Cell><Data ss:Type="Number">0</Data></Cell>
    <Cell><Data ss:Type="Number">0</Data></Cell>
    <Cell><Data ss:Type="String">2023-12-07 16:15:56.047698</Data></Cell>
   </Row>
   <Row>
    <Cell><Data ss:Type="String">1671</Data></Cell>
    <Cell><Data ss:Type="Number">0.26</Data></Cell>
    <Cell><Data ss:Type="Number">-10.09</Data></Cell>
    <Cell><Data ss:Type="Number">0.17</Data></Cell>
    <Cell><Data ss:Type="Number">-9.5299999999999994</Data></Cell>
    <Cell><Data ss:Type="Number">-0.09</Data></Cell>
    <Cell><Data ss:Type="Number">-0.91</Data></Cell>
    <Cell><Data ss:Type="Number">22.7</Data></Cell>
    <Cell><Data ss:Type="Number">39.4</Data></Cell>
    <Cell><Data ss:Type="Number">0</Data></Cell>
    <Cell><Data ss:Type="Number">0</Data></Cell>
    <Cell><Data ss:Type="String">2023-12-07 16:15:55.984345</Data></Cell>
   </Row>
   <Row>
    <Cell><Data ss:Type="String">1670</Data></Cell>
    <Cell><Data ss:Type="Number">0.3</Data></Cell>
    <Cell><Data ss:Type="Number">-10.01</Data></Cell>
    <Cell><Data ss:Type="Number">0.12</Data></Cell>
    <Cell><Data ss:Type="Number">-9.41</Data></Cell>
    <Cell><Data ss:Type="Number">-0.04</Data></Cell>
    <Cell><Data ss:Type="Number">-0.93</Data></Cell>
    <Cell><Data ss:Type="Number">22.7</Data></Cell>
    <Cell><Data ss:Type="Number">39.4</Data></Cell>
    <Cell><Data ss:Type="Number">0</Data></Cell>
    <Cell><Data ss:Type="Number">0</Data></Cell>
    <Cell><Data ss:Type="String">2023-12-07 16:15:55.982382</Data></Cell>
   </Row>
   <Row>
    <Cell><Data ss:Type="String">1669</Data></Cell>
    <Cell><Data ss:Type="Number">0.28000000000000003</Data></Cell>
    <Cell><Data ss:Type="Number">-10.08</Data></Cell>
    <Cell><Data ss:Type="Number">0.14000000000000001</Data></Cell>
    <Cell><Data ss:Type="Number">-9.48</Data></Cell>
    <Cell><Data ss:Type="Number">-0.09</Data></Cell>
    <Cell><Data ss:Type="Number">-0.95</Data></Cell>
    <Cell><Data ss:Type="Number">22.7</Data></Cell>
    <Cell><Data ss:Type="Number">39.4</Data></Cell>
    <Cell><Data ss:Type="Number">0</Data></Cell>
    <Cell><Data ss:Type="Number">0</Data></Cell>
    <Cell><Data ss:Type="String">2023-12-07 16:15:55.938942</Data></Cell>
   </Row>
   <Row>
    <Cell><Data ss:Type="String">1668</Data></Cell>
    <Cell><Data ss:Type="Number">0.26</Data></Cell>
    <Cell><Data ss:Type="Number">-10.16</Data></Cell>
    <Cell><Data ss:Type="Number">0.09</Data></Cell>
    <Cell><Data ss:Type="Number">-9.5500000000000007</Data></Cell>
    <Cell><Data ss:Type="Number">-0.06</Data></Cell>
    <Cell><Data ss:Type="Number">-0.91</Data></Cell>
    <Cell><Data ss:Type="Number">22.7</Data></Cell>
    <Cell><Data ss:Type="Number">39.4</Data></Cell>
    <Cell><Data ss:Type="Number">0</Data></Cell>
    <Cell><Data ss:Type="Number">0</Data></Cell>
    <Cell><Data ss:Type="String">2023-12-07 16:15:55.892909</Data></Cell>
   </Row>
   <Row>
    <Cell><Data ss:Type="String">1667</Data></Cell>
    <Cell><Data ss:Type="Number">0.19</Data></Cell>
    <Cell><Data ss:Type="Number">-10.19</Data></Cell>
    <Cell><Data ss:Type="Number">0.19</Data></Cell>
    <Cell><Data ss:Type="Number">-9.5299999999999994</Data></Cell>
    <Cell><Data ss:Type="Number">-0.08</Data></Cell>
    <Cell><Data ss:Type="Number">-0.91</Data></Cell>
    <Cell><Data ss:Type="Number">22.7</Data></Cell>
    <Cell><Data ss:Type="Number">39.4</Data></Cell>
    <Cell><Data ss:Type="Number">0</Data></Cell>
    <Cell><Data ss:Type="Number">0</Data></Cell>
    <Cell><Data ss:Type="String">2023-12-07 16:15:55.891388</Data></Cell>
   </Row>
   <Row>
    <Cell><Data ss:Type="String">1666</Data></Cell>
    <Cell><Data ss:Type="Number">0.28999999999999998</Data></Cell>
    <Cell><Data ss:Type="Number">-10</Data></Cell>
    <Cell><Data ss:Type="Number">0.2</Data></Cell>
    <Cell><Data ss:Type="Number">-9.48</Data></Cell>
    <Cell><Data ss:Type="Number">-0.08</Data></Cell>
    <Cell><Data ss:Type="Number">-0.93</Data></Cell>
    <Cell><Data ss:Type="Number">22.7</Data></Cell>
    <Cell><Data ss:Type="Number">39.4</Data></Cell>
    <Cell><Data ss:Type="Number">0</Data></Cell>
    <Cell><Data ss:Type="Number">0</Data></Cell>
    <Cell><Data ss:Type="String">2023-12-07 16:15:55.840669</Data></Cell>
   </Row>
   <Row>
    <Cell><Data ss:Type="String">1665</Data></Cell>
    <Cell><Data ss:Type="Number">0.27</Data></Cell>
    <Cell><Data ss:Type="Number">-9.94</Data></Cell>
    <Cell><Data ss:Type="Number">0.14000000000000001</Data></Cell>
    <Cell><Data ss:Type="Number">-9.43</Data></Cell>
    <Cell><Data ss:Type="Number">-0.06</Data></Cell>
    <Cell><Data ss:Type="Number">-0.93</Data></Cell>
    <Cell><Data ss:Type="Number">22.7</Data></Cell>
    <Cell><Data ss:Type="Number">39.4</Data></Cell>
    <Cell><Data ss:Type="Number">0</Data></Cell>
    <Cell><Data ss:Type="Number">0</Data></Cell>
    <Cell><Data ss:Type="String">2023-12-07 16:15:55.838460</Data></Cell>
   </Row>
   <Row>
    <Cell><Data ss:Type="String">1664</Data></Cell>
    <Cell><Data ss:Type="Number">0.28999999999999998</Data></Cell>
    <Cell><Data ss:Type="Number">-9.9499999999999993</Data></Cell>
    <Cell><Data ss:Type="Number">0.22</Data></Cell>
    <Cell><Data ss:Type="Number">-9.4700000000000006</Data></Cell>
    <Cell><Data ss:Type="Number">-0.09</Data></Cell>
    <Cell><Data ss:Type="Number">-0.95</Data></Cell>
    <Cell><Data ss:Type="Number">22.7</Data></Cell>
    <Cell><Data ss:Type="Number">39.4</Data></Cell>
    <Cell><Data ss:Type="Number">0</Data></Cell>
    <Cell><Data ss:Type="Number">0</Data></Cell>
    <Cell><Data ss:Type="String">2023-12-07 16:15:55.753784</Data></Cell>
   </Row>
   <Row>
    <Cell><Data ss:Type="String">1663</Data></Cell>
    <Cell><Data ss:Type="Number">0.3</Data></Cell>
    <Cell><Data ss:Type="Number">-10.17</Data></Cell>
    <Cell><Data ss:Type="Number">0.21</Data></Cell>
    <Cell><Data ss:Type="Number">-9.5399999999999991</Data></Cell>
    <Cell><Data ss:Type="Number">-0.08</Data></Cell>
    <Cell><Data ss:Type="Number">-0.94</Data></Cell>
    <Cell><Data ss:Type="Number">22.7</Data></Cell>
    <Cell><Data ss:Type="Number">39.4</Data></Cell>
    <Cell><Data ss:Type="Number">0</Data></Cell>
    <Cell><Data ss:Type="Number">0</Data></Cell>
    <Cell><Data ss:Type="String">2023-12-07 16:15:55.751766</Data></Cell>
   </Row>
   <Row>
    <Cell><Data ss:Type="String">1662</Data></Cell>
    <Cell><Data ss:Type="Number">0.3</Data></Cell>
    <Cell><Data ss:Type="Number">-10.220000000000001</Data></Cell>
    <Cell><Data ss:Type="Number">0.15</Data></Cell>
    <Cell><Data ss:Type="Number">-9.52</Data></Cell>
    <Cell><Data ss:Type="Number">-0.05</Data></Cell>
    <Cell><Data ss:Type="Number">-0.91</Data></Cell>
    <Cell><Data ss:Type="Number">22.7</Data></Cell>
    <Cell><Data ss:Type="Number">39.4</Data></Cell>
    <Cell><Data ss:Type="Number">0</Data></Cell>
    <Cell><Data ss:Type="Number">0</Data></Cell>
    <Cell><Data ss:Type="String">2023-12-07 16:15:55.705985</Data></Cell>
   </Row>
   <Row>
    <Cell><Data ss:Type="String">1661</Data></Cell>
    <Cell><Data ss:Type="Number">0.33</Data></Cell>
    <Cell><Data ss:Type="Number">-10.23</Data></Cell>
    <Cell><Data ss:Type="Number">0.36</Data></Cell>
    <Cell><Data ss:Type="Number">-9.4499999999999993</Data></Cell>
    <Cell><Data ss:Type="Number">-7.0000000000000007E-2</Data></Cell>
    <Cell><Data ss:Type="Number">-0.91</Data></Cell>
    <Cell><Data ss:Type="Number">22.7</Data></Cell>
    <Cell><Data ss:Type="Number">39.4</Data></Cell>
    <Cell><Data ss:Type="Number">0</Data></Cell>
    <Cell><Data ss:Type="Number">0</Data></Cell>
    <Cell><Data ss:Type="String">2023-12-07 16:15:55.663722</Data></Cell>
   </Row>
   <Row>
    <Cell><Data ss:Type="String">1660</Data></Cell>
    <Cell><Data ss:Type="Number">0.41</Data></Cell>
    <Cell><Data ss:Type="Number">-9.89</Data></Cell>
    <Cell><Data ss:Type="Number">0.14000000000000001</Data></Cell>
    <Cell><Data ss:Type="Number">-9.4</Data></Cell>
    <Cell><Data ss:Type="Number">-0.06</Data></Cell>
    <Cell><Data ss:Type="Number">-0.92</Data></Cell>
    <Cell><Data ss:Type="Number">22.7</Data></Cell>
    <Cell><Data ss:Type="Number">39.4</Data></Cell>
    <Cell><Data ss:Type="Number">0</Data></Cell>
    <Cell><Data ss:Type="Number">0</Data></Cell>
    <Cell><Data ss:Type="String">2023-12-07 16:15:55.662231</Data></Cell>
   </Row>
   <Row>
    <Cell><Data ss:Type="String">1659</Data></Cell>
    <Cell><Data ss:Type="Number">0.35</Data></Cell>
    <Cell><Data ss:Type="Number">-10.17</Data></Cell>
    <Cell><Data ss:Type="Number">0.1</Data></Cell>
    <Cell><Data ss:Type="Number">-9.5399999999999991</Data></Cell>
    <Cell><Data ss:Type="Number">-0.08</Data></Cell>
    <Cell><Data ss:Type="Number">-0.95</Data></Cell>
    <Cell><Data ss:Type="Number">22.7</Data></Cell>
    <Cell><Data ss:Type="Number">39.4</Data></Cell>
    <Cell><Data ss:Type="Number">0</Data></Cell>
    <Cell><Data ss:Type="Number">0</Data></Cell>
    <Cell><Data ss:Type="String">2023-12-07 16:15:55.613098</Data></Cell>
   </Row>
   <Row>
    <Cell><Data ss:Type="String">1658</Data></Cell>
    <Cell><Data ss:Type="Number">0.28000000000000003</Data></Cell>
    <Cell><Data ss:Type="Number">-10.210000000000001</Data></Cell>
    <Cell><Data ss:Type="Number">0.19</Data></Cell>
    <Cell><Data ss:Type="Number">-9.5500000000000007</Data></Cell>
    <Cell><Data ss:Type="Number">-7.0000000000000007E-2</Data></Cell>
    <Cell><Data ss:Type="Number">-0.88</Data></Cell>
    <Cell><Data ss:Type="Number">22.7</Data></Cell>
    <Cell><Data ss:Type="Number">39.4</Data></Cell>
    <Cell><Data ss:Type="Number">0</Data></Cell>
    <Cell><Data ss:Type="Number">0</Data></Cell>
    <Cell><Data ss:Type="String">2023-12-07 16:15:55.567841</Data></Cell>
   </Row>
   <Row>
    <Cell><Data ss:Type="String">1657</Data></Cell>
    <Cell><Data ss:Type="Number">0.28999999999999998</Data></Cell>
    <Cell><Data ss:Type="Number">-10.210000000000001</Data></Cell>
    <Cell><Data ss:Type="Number">0.16</Data></Cell>
    <Cell><Data ss:Type="Number">-9.48</Data></Cell>
    <Cell><Data ss:Type="Number">-0.05</Data></Cell>
    <Cell><Data ss:Type="Number">-0.93</Data></Cell>
    <Cell><Data ss:Type="Number">22.7</Data></Cell>
    <Cell><Data ss:Type="Number">39.4</Data></Cell>
    <Cell><Data ss:Type="Number">0</Data></Cell>
    <Cell><Data ss:Type="Number">0</Data></Cell>
    <Cell><Data ss:Type="String">2023-12-07 16:15:55.523972</Data></Cell>
   </Row>
   <Row>
    <Cell><Data ss:Type="String">1656</Data></Cell>
    <Cell><Data ss:Type="Number">0.28000000000000003</Data></Cell>
    <Cell><Data ss:Type="Number">-9.98</Data></Cell>
    <Cell><Data ss:Type="Number">0.1</Data></Cell>
    <Cell><Data ss:Type="Number">-9.44</Data></Cell>
    <Cell><Data ss:Type="Number">-0.08</Data></Cell>
    <Cell><Data ss:Type="Number">-0.94</Data></Cell>
    <Cell><Data ss:Type="Number">22.7</Data></Cell>
    <Cell><Data ss:Type="Number">39.4</Data></Cell>
    <Cell><Data ss:Type="Number">0</Data></Cell>
    <Cell><Data ss:Type="Number">0</Data></Cell>
    <Cell><Data ss:Type="String">2023-12-07 16:15:55.522051</Data></Cell>
   </Row>
   <Row>
    <Cell><Data ss:Type="String">1655</Data></Cell>
    <Cell><Data ss:Type="Number">0.28000000000000003</Data></Cell>
    <Cell><Data ss:Type="Number">-9.9600000000000009</Data></Cell>
    <Cell><Data ss:Type="Number">0.12</Data></Cell>
    <Cell><Data ss:Type="Number">-9.4700000000000006</Data></Cell>
    <Cell><Data ss:Type="Number">-0.08</Data></Cell>
    <Cell><Data ss:Type="Number">-0.93</Data></Cell>
    <Cell><Data ss:Type="Number">22.7</Data></Cell>
    <Cell><Data ss:Type="Number">39.4</Data></Cell>
    <Cell><Data ss:Type="Number">0</Data></Cell>
    <Cell><Data ss:Type="Number">0</Data></Cell>
    <Cell><Data ss:Type="String">2023-12-07 16:15:55.478951</Data></Cell>
   </Row>
   <Row>
    <Cell><Data ss:Type="String">1654</Data></Cell>
    <Cell><Data ss:Type="Number">0.32</Data></Cell>
    <Cell><Data ss:Type="Number">-10.18</Data></Cell>
    <Cell><Data ss:Type="Number">0.17</Data></Cell>
    <Cell><Data ss:Type="Number">-9.5299999999999994</Data></Cell>
    <Cell><Data ss:Type="Number">-0.09</Data></Cell>
    <Cell><Data ss:Type="Number">-0.91</Data></Cell>
    <Cell><Data ss:Type="Number">22.7</Data></Cell>
    <Cell><Data ss:Type="Number">39.4</Data></Cell>
    <Cell><Data ss:Type="Number">0</Data></Cell>
    <Cell><Data ss:Type="Number">0</Data></Cell>
    <Cell><Data ss:Type="String">2023-12-07 16:15:55.429754</Data></Cell>
   </Row>
   <Row>
    <Cell><Data ss:Type="String">1653</Data></Cell>
    <Cell><Data ss:Type="Number">0.28000000000000003</Data></Cell>
    <Cell><Data ss:Type="Number">-10.27</Data></Cell>
    <Cell><Data ss:Type="Number">0.19</Data></Cell>
    <Cell><Data ss:Type="Number">-9.52</Data></Cell>
    <Cell><Data ss:Type="Number">-0.08</Data></Cell>
    <Cell><Data ss:Type="Number">-0.89</Data></Cell>
    <Cell><Data ss:Type="Number">22.7</Data></Cell>
    <Cell><Data ss:Type="Number">39.4</Data></Cell>
    <Cell><Data ss:Type="Number">0</Data></Cell>
    <Cell><Data ss:Type="Number">0</Data></Cell>
    <Cell><Data ss:Type="String">2023-12-07 16:15:55.384408</Data></Cell>
   </Row>
   <Row>
    <Cell><Data ss:Type="String">1652</Data></Cell>
    <Cell><Data ss:Type="Number">0.22</Data></Cell>
    <Cell><Data ss:Type="Number">-9.9600000000000009</Data></Cell>
    <Cell><Data ss:Type="Number">0.1</Data></Cell>
    <Cell><Data ss:Type="Number">-9.4</Data></Cell>
    <Cell><Data ss:Type="Number">-0.05</Data></Cell>
    <Cell><Data ss:Type="Number">-0.95</Data></Cell>
    <Cell><Data ss:Type="Number">22.7</Data></Cell>
    <Cell><Data ss:Type="Number">39.4</Data></Cell>
    <Cell><Data ss:Type="Number">0</Data></Cell>
    <Cell><Data ss:Type="Number">0</Data></Cell>
    <Cell><Data ss:Type="String">2023-12-07 16:15:55.382729</Data></Cell>
   </Row>
   <Row>
    <Cell><Data ss:Type="String">1651</Data></Cell>
    <Cell><Data ss:Type="Number">0.34</Data></Cell>
    <Cell><Data ss:Type="Number">-9.9</Data></Cell>
    <Cell><Data ss:Type="Number">0.15</Data></Cell>
    <Cell><Data ss:Type="Number">-9.44</Data></Cell>
    <Cell><Data ss:Type="Number">-7.0000000000000007E-2</Data></Cell>
    <Cell><Data ss:Type="Number">-0.96</Data></Cell>
    <Cell><Data ss:Type="Number">22.7</Data></Cell>
    <Cell><Data ss:Type="Number">39.4</Data></Cell>
    <Cell><Data ss:Type="Number">0</Data></Cell>
    <Cell><Data ss:Type="Number">0</Data></Cell>
    <Cell><Data ss:Type="String">2023-12-07 16:15:55.336989</Data></Cell>
   </Row>
   <Row>
    <Cell><Data ss:Type="String">1650</Data></Cell>
    <Cell><Data ss:Type="Number">0.3</Data></Cell>
    <Cell><Data ss:Type="Number">-10.220000000000001</Data></Cell>
    <Cell><Data ss:Type="Number">0.25</Data></Cell>
    <Cell><Data ss:Type="Number">-9.5399999999999991</Data></Cell>
    <Cell><Data ss:Type="Number">-7.0000000000000007E-2</Data></Cell>
    <Cell><Data ss:Type="Number">-0.93</Data></Cell>
    <Cell><Data ss:Type="Number">22.7</Data></Cell>
    <Cell><Data ss:Type="Number">39.4</Data></Cell>
    <Cell><Data ss:Type="Number">0</Data></Cell>
    <Cell><Data ss:Type="Number">0</Data></Cell>
    <Cell><Data ss:Type="String">2023-12-07 16:15:55.294254</Data></Cell>
   </Row>
   <Row>
    <Cell><Data ss:Type="String">1649</Data></Cell>
    <Cell><Data ss:Type="Number">0.32</Data></Cell>
    <Cell><Data ss:Type="Number">-10.23</Data></Cell>
    <Cell><Data ss:Type="Number">0.2</Data></Cell>
    <Cell><Data ss:Type="Number">-9.5299999999999994</Data></Cell>
    <Cell><Data ss:Type="Number">-0.1</Data></Cell>
    <Cell><Data ss:Type="Number">-0.89</Data></Cell>
    <Cell><Data ss:Type="Number">22.7</Data></Cell>
    <Cell><Data ss:Type="Number">39.4</Data></Cell>
    <Cell><Data ss:Type="Number">0</Data></Cell>
    <Cell><Data ss:Type="Number">0</Data></Cell>
    <Cell><Data ss:Type="String">2023-12-07 16:15:55.292291</Data></Cell>
   </Row>
   <Row>
    <Cell><Data ss:Type="String">1648</Data></Cell>
    <Cell><Data ss:Type="Number">0.31</Data></Cell>
    <Cell><Data ss:Type="Number">-10.01</Data></Cell>
    <Cell><Data ss:Type="Number">0.11</Data></Cell>
    <Cell><Data ss:Type="Number">-9.48</Data></Cell>
    <Cell><Data ss:Type="Number">-0.09</Data></Cell>
    <Cell><Data ss:Type="Number">-0.94</Data></Cell>
    <Cell><Data ss:Type="Number">22.7</Data></Cell>
    <Cell><Data ss:Type="Number">39.4</Data></Cell>
    <Cell><Data ss:Type="Number">0</Data></Cell>
    <Cell><Data ss:Type="Number">0</Data></Cell>
    <Cell><Data ss:Type="String">2023-12-07 16:15:55.245797</Data></Cell>
   </Row>
   <Row>
    <Cell><Data ss:Type="String">1647</Data></Cell>
    <Cell><Data ss:Type="Number">0.28000000000000003</Data></Cell>
    <Cell><Data ss:Type="Number">-10.25</Data></Cell>
    <Cell><Data ss:Type="Number">0.17</Data></Cell>
    <Cell><Data ss:Type="Number">-9.5299999999999994</Data></Cell>
    <Cell><Data ss:Type="Number">-0.06</Data></Cell>
    <Cell><Data ss:Type="Number">-0.9</Data></Cell>
    <Cell><Data ss:Type="Number">22.7</Data></Cell>
    <Cell><Data ss:Type="Number">39.4</Data></Cell>
    <Cell><Data ss:Type="Number">0</Data></Cell>
    <Cell><Data ss:Type="Number">0</Data></Cell>
    <Cell><Data ss:Type="String">2023-12-07 16:15:55.175017</Data></Cell>
   </Row>
   <Row>
    <Cell><Data ss:Type="String">1646</Data></Cell>
    <Cell><Data ss:Type="Number">0.27</Data></Cell>
    <Cell><Data ss:Type="Number">-10.039999999999999</Data></Cell>
    <Cell><Data ss:Type="Number">0.23</Data></Cell>
    <Cell><Data ss:Type="Number">-9.4600000000000009</Data></Cell>
    <Cell><Data ss:Type="Number">-0.06</Data></Cell>
    <Cell><Data ss:Type="Number">-0.91</Data></Cell>
    <Cell><Data ss:Type="Number">22.7</Data></Cell>
    <Cell><Data ss:Type="Number">39.4</Data></Cell>
    <Cell><Data ss:Type="Number">0</Data></Cell>
    <Cell><Data ss:Type="Number">0</Data></Cell>
    <Cell><Data ss:Type="String">2023-12-07 16:15:55.166638</Data></Cell>
   </Row>
   <Row>
    <Cell><Data ss:Type="String">1645</Data></Cell>
    <Cell><Data ss:Type="Number">0.28999999999999998</Data></Cell>
    <Cell><Data ss:Type="Number">-9.93</Data></Cell>
    <Cell><Data ss:Type="Number">0.09</Data></Cell>
    <Cell><Data ss:Type="Number">-9.43</Data></Cell>
    <Cell><Data ss:Type="Number">-0.1</Data></Cell>
    <Cell><Data ss:Type="Number">-0.93</Data></Cell>
    <Cell><Data ss:Type="Number">22.7</Data></Cell>
    <Cell><Data ss:Type="Number">39.4</Data></Cell>
    <Cell><Data ss:Type="Number">0</Data></Cell>
    <Cell><Data ss:Type="Number">0</Data></Cell>
    <Cell><Data ss:Type="String">2023-12-07 16:15:55.124284</Data></Cell>
   </Row>
   <Row>
    <Cell><Data ss:Type="String">1644</Data></Cell>
    <Cell><Data ss:Type="Number">0.27</Data></Cell>
    <Cell><Data ss:Type="Number">-9.89</Data></Cell>
    <Cell><Data ss:Type="Number">0.11</Data></Cell>
    <Cell><Data ss:Type="Number">-9.4700000000000006</Data></Cell>
    <Cell><Data ss:Type="Number">-7.0000000000000007E-2</Data></Cell>
    <Cell><Data ss:Type="Number">-0.91</Data></Cell>
    <Cell><Data ss:Type="Number">22.7</Data></Cell>
    <Cell><Data ss:Type="Number">39.4</Data></Cell>
    <Cell><Data ss:Type="Number">0</Data></Cell>
    <Cell><Data ss:Type="Number">0</Data></Cell>
    <Cell><Data ss:Type="String">2023-12-07 16:15:55.122142</Data></Cell>
   </Row>
   <Row>
    <Cell><Data ss:Type="String">1643</Data></Cell>
    <Cell><Data ss:Type="Number">0.3</Data></Cell>
    <Cell><Data ss:Type="Number">-10.220000000000001</Data></Cell>
    <Cell><Data ss:Type="Number">0.15</Data></Cell>
    <Cell><Data ss:Type="Number">-9.5399999999999991</Data></Cell>
    <Cell><Data ss:Type="Number">-7.0000000000000007E-2</Data></Cell>
    <Cell><Data ss:Type="Number">-0.92</Data></Cell>
    <Cell><Data ss:Type="Number">22.7</Data></Cell>
    <Cell><Data ss:Type="Number">39.4</Data></Cell>
    <Cell><Data ss:Type="Number">0</Data></Cell>
    <Cell><Data ss:Type="Number">0</Data></Cell>
    <Cell><Data ss:Type="String">2023-12-07 16:15:55.069859</Data></Cell>
   </Row>
   <Row>
    <Cell><Data ss:Type="String">1642</Data></Cell>
    <Cell><Data ss:Type="Number">0.31</Data></Cell>
    <Cell><Data ss:Type="Number">-10.220000000000001</Data></Cell>
    <Cell><Data ss:Type="Number">0.14000000000000001</Data></Cell>
    <Cell><Data ss:Type="Number">-9.51</Data></Cell>
    <Cell><Data ss:Type="Number">-0.08</Data></Cell>
    <Cell><Data ss:Type="Number">-0.89</Data></Cell>
    <Cell><Data ss:Type="Number">22.7</Data></Cell>
    <Cell><Data ss:Type="Number">39.4</Data></Cell>
    <Cell><Data ss:Type="Number">0</Data></Cell>
    <Cell><Data ss:Type="Number">0</Data></Cell>
    <Cell><Data ss:Type="String">2023-12-07 16:15:55.023813</Data></Cell>
   </Row>
   <Row>
    <Cell><Data ss:Type="String">1641</Data></Cell>
    <Cell><Data ss:Type="Number">0.26</Data></Cell>
    <Cell><Data ss:Type="Number">-10.25</Data></Cell>
    <Cell><Data ss:Type="Number">0.12</Data></Cell>
    <Cell><Data ss:Type="Number">-9.44</Data></Cell>
    <Cell><Data ss:Type="Number">-0.04</Data></Cell>
    <Cell><Data ss:Type="Number">-0.91</Data></Cell>
    <Cell><Data ss:Type="Number">22.7</Data></Cell>
    <Cell><Data ss:Type="Number">39.4</Data></Cell>
    <Cell><Data ss:Type="Number">0</Data></Cell>
    <Cell><Data ss:Type="Number">0</Data></Cell>
    <Cell><Data ss:Type="String">2023-12-07 16:15:54.966837</Data></Cell>
   </Row>
   <Row>
    <Cell><Data ss:Type="String">1640</Data></Cell>
    <Cell><Data ss:Type="Number">0.27</Data></Cell>
    <Cell><Data ss:Type="Number">-9.94</Data></Cell>
    <Cell><Data ss:Type="Number">0.1</Data></Cell>
    <Cell><Data ss:Type="Number">-9.43</Data></Cell>
    <Cell><Data ss:Type="Number">-7.0000000000000007E-2</Data></Cell>
    <Cell><Data ss:Type="Number">-0.96</Data></Cell>
    <Cell><Data ss:Type="Number">22.7</Data></Cell>
    <Cell><Data ss:Type="Number">39.4</Data></Cell>
    <Cell><Data ss:Type="Number">0</Data></Cell>
    <Cell><Data ss:Type="Number">0</Data></Cell>
    <Cell><Data ss:Type="String">2023-12-07 16:15:54.959870</Data></Cell>
   </Row>
   <Row>
    <Cell><Data ss:Type="String">1639</Data></Cell>
    <Cell><Data ss:Type="Number">0.25</Data></Cell>
    <Cell><Data ss:Type="Number">-9.9700000000000006</Data></Cell>
    <Cell><Data ss:Type="Number">0.08</Data></Cell>
    <Cell><Data ss:Type="Number">-9.42</Data></Cell>
    <Cell><Data ss:Type="Number">-0.08</Data></Cell>
    <Cell><Data ss:Type="Number">-0.93</Data></Cell>
    <Cell><Data ss:Type="Number">22.7</Data></Cell>
    <Cell><Data ss:Type="Number">39.4</Data></Cell>
    <Cell><Data ss:Type="Number">0</Data></Cell>
    <Cell><Data ss:Type="Number">0</Data></Cell>
    <Cell><Data ss:Type="String">2023-12-07 16:15:54.922793</Data></Cell>
   </Row>
   <Row>
    <Cell><Data ss:Type="String">1638</Data></Cell>
    <Cell><Data ss:Type="Number">0.26</Data></Cell>
    <Cell><Data ss:Type="Number">-10.06</Data></Cell>
    <Cell><Data ss:Type="Number">0.06</Data></Cell>
    <Cell><Data ss:Type="Number">-9.5299999999999994</Data></Cell>
    <Cell><Data ss:Type="Number">-7.0000000000000007E-2</Data></Cell>
    <Cell><Data ss:Type="Number">-0.95</Data></Cell>
    <Cell><Data ss:Type="Number">22.7</Data></Cell>
    <Cell><Data ss:Type="Number">39.4</Data></Cell>
    <Cell><Data ss:Type="Number">0</Data></Cell>
    <Cell><Data ss:Type="Number">0</Data></Cell>
    <Cell><Data ss:Type="String">2023-12-07 16:15:54.920578</Data></Cell>
   </Row>
   <Row>
    <Cell><Data ss:Type="String">1637</Data></Cell>
    <Cell><Data ss:Type="Number">0.32</Data></Cell>
    <Cell><Data ss:Type="Number">-10.130000000000001</Data></Cell>
    <Cell><Data ss:Type="Number">0.14000000000000001</Data></Cell>
    <Cell><Data ss:Type="Number">-9.5500000000000007</Data></Cell>
    <Cell><Data ss:Type="Number">-0.06</Data></Cell>
    <Cell><Data ss:Type="Number">-0.91</Data></Cell>
    <Cell><Data ss:Type="Number">22.7</Data></Cell>
    <Cell><Data ss:Type="Number">39.4</Data></Cell>
    <Cell><Data ss:Type="Number">0</Data></Cell>
    <Cell><Data ss:Type="Number">0</Data></Cell>
    <Cell><Data ss:Type="String">2023-12-07 16:15:54.918348</Data></Cell>
   </Row>
   <Row>
    <Cell><Data ss:Type="String">1636</Data></Cell>
    <Cell><Data ss:Type="Number">0.31</Data></Cell>
    <Cell><Data ss:Type="Number">-10.07</Data></Cell>
    <Cell><Data ss:Type="Number">0.22</Data></Cell>
    <Cell><Data ss:Type="Number">-9.52</Data></Cell>
    <Cell><Data ss:Type="Number">-7.0000000000000007E-2</Data></Cell>
    <Cell><Data ss:Type="Number">-0.87</Data></Cell>
    <Cell><Data ss:Type="Number">22.7</Data></Cell>
    <Cell><Data ss:Type="Number">39.4</Data></Cell>
    <Cell><Data ss:Type="Number">0</Data></Cell>
    <Cell><Data ss:Type="Number">0</Data></Cell>
    <Cell><Data ss:Type="String">2023-12-07 16:15:54.916661</Data></Cell>
   </Row>
   <Row>
    <Cell><Data ss:Type="String">1635</Data></Cell>
    <Cell><Data ss:Type="Number">0.27</Data></Cell>
    <Cell><Data ss:Type="Number">-10.02</Data></Cell>
    <Cell><Data ss:Type="Number">0.13</Data></Cell>
    <Cell><Data ss:Type="Number">-9.4499999999999993</Data></Cell>
    <Cell><Data ss:Type="Number">-0.08</Data></Cell>
    <Cell><Data ss:Type="Number">-0.95</Data></Cell>
    <Cell><Data ss:Type="Number">22.7</Data></Cell>
    <Cell><Data ss:Type="Number">39.4</Data></Cell>
    <Cell><Data ss:Type="Number">0</Data></Cell>
    <Cell><Data ss:Type="Number">0</Data></Cell>
    <Cell><Data ss:Type="String">2023-12-07 16:15:54.765062</Data></Cell>
   </Row>
   <Row>
    <Cell><Data ss:Type="String">1634</Data></Cell>
    <Cell><Data ss:Type="Number">0.25</Data></Cell>
    <Cell><Data ss:Type="Number">-9.98</Data></Cell>
    <Cell><Data ss:Type="Number">0.14000000000000001</Data></Cell>
    <Cell><Data ss:Type="Number">-9.42</Data></Cell>
    <Cell><Data ss:Type="Number">-0.08</Data></Cell>
    <Cell><Data ss:Type="Number">-0.94</Data></Cell>
    <Cell><Data ss:Type="Number">22.7</Data></Cell>
    <Cell><Data ss:Type="Number">39.4</Data></Cell>
    <Cell><Data ss:Type="Number">0</Data></Cell>
    <Cell><Data ss:Type="Number">0</Data></Cell>
    <Cell><Data ss:Type="String">2023-12-07 16:15:54.763395</Data></Cell>
   </Row>
   <Row>
    <Cell><Data ss:Type="String">1633</Data></Cell>
    <Cell><Data ss:Type="Number">0.26</Data></Cell>
    <Cell><Data ss:Type="Number">-10.16</Data></Cell>
    <Cell><Data ss:Type="Number">7.0000000000000007E-2</Data></Cell>
    <Cell><Data ss:Type="Number">-9.52</Data></Cell>
    <Cell><Data ss:Type="Number">-0.01</Data></Cell>
    <Cell><Data ss:Type="Number">-0.93</Data></Cell>
    <Cell><Data ss:Type="Number">22.7</Data></Cell>
    <Cell><Data ss:Type="Number">39.4</Data></Cell>
    <Cell><Data ss:Type="Number">0</Data></Cell>
    <Cell><Data ss:Type="Number">0</Data></Cell>
    <Cell><Data ss:Type="String">2023-12-07 16:15:54.715915</Data></Cell>
   </Row>
   <Row>
    <Cell><Data ss:Type="String">1632</Data></Cell>
    <Cell><Data ss:Type="Number">0.4</Data></Cell>
    <Cell><Data ss:Type="Number">-10.119999999999999</Data></Cell>
    <Cell><Data ss:Type="Number">0.18</Data></Cell>
    <Cell><Data ss:Type="Number">-9.5399999999999991</Data></Cell>
    <Cell><Data ss:Type="Number">-0.09</Data></Cell>
    <Cell><Data ss:Type="Number">-0.93</Data></Cell>
    <Cell><Data ss:Type="Number">22.7</Data></Cell>
    <Cell><Data ss:Type="Number">39.4</Data></Cell>
    <Cell><Data ss:Type="Number">0</Data></Cell>
    <Cell><Data ss:Type="Number">0</Data></Cell>
    <Cell><Data ss:Type="String">2023-12-07 16:15:54.674271</Data></Cell>
   </Row>
   <Row>
    <Cell><Data ss:Type="String">1631</Data></Cell>
    <Cell><Data ss:Type="Number">0.34</Data></Cell>
    <Cell><Data ss:Type="Number">-10.039999999999999</Data></Cell>
    <Cell><Data ss:Type="Number">0.22</Data></Cell>
    <Cell><Data ss:Type="Number">-9.43</Data></Cell>
    <Cell><Data ss:Type="Number">-0.1</Data></Cell>
    <Cell><Data ss:Type="Number">-0.88</Data></Cell>
    <Cell><Data ss:Type="Number">22.7</Data></Cell>
    <Cell><Data ss:Type="Number">39.4</Data></Cell>
    <Cell><Data ss:Type="Number">0</Data></Cell>
    <Cell><Data ss:Type="Number">0</Data></Cell>
    <Cell><Data ss:Type="String">2023-12-07 16:15:54.671487</Data></Cell>
   </Row>
   <Row>
    <Cell><Data ss:Type="String">1630</Data></Cell>
    <Cell><Data ss:Type="Number">0.18</Data></Cell>
    <Cell><Data ss:Type="Number">-10.039999999999999</Data></Cell>
    <Cell><Data ss:Type="Number">0.08</Data></Cell>
    <Cell><Data ss:Type="Number">-9.4700000000000006</Data></Cell>
    <Cell><Data ss:Type="Number">-7.0000000000000007E-2</Data></Cell>
    <Cell><Data ss:Type="Number">-0.99</Data></Cell>
    <Cell><Data ss:Type="Number">22.7</Data></Cell>
    <Cell><Data ss:Type="Number">39.4</Data></Cell>
    <Cell><Data ss:Type="Number">0</Data></Cell>
    <Cell><Data ss:Type="Number">0</Data></Cell>
    <Cell><Data ss:Type="String">2023-12-07 16:15:54.622319</Data></Cell>
   </Row>
   <Row>
    <Cell><Data ss:Type="String">1629</Data></Cell>
    <Cell><Data ss:Type="Number">0.24</Data></Cell>
    <Cell><Data ss:Type="Number">-9.92</Data></Cell>
    <Cell><Data ss:Type="Number">0.14000000000000001</Data></Cell>
    <Cell><Data ss:Type="Number">-9.3800000000000008</Data></Cell>
    <Cell><Data ss:Type="Number">0.05</Data></Cell>
    <Cell><Data ss:Type="Number">-0.87</Data></Cell>
    <Cell><Data ss:Type="Number">22.7</Data></Cell>
    <Cell><Data ss:Type="Number">39.4</Data></Cell>
    <Cell><Data ss:Type="Number">0</Data></Cell>
    <Cell><Data ss:Type="Number">0</Data></Cell>
    <Cell><Data ss:Type="String">2023-12-07 16:15:54.577506</Data></Cell>
   </Row>
   <Row>
    <Cell><Data ss:Type="String">1628</Data></Cell>
    <Cell><Data ss:Type="Number">0.61</Data></Cell>
    <Cell><Data ss:Type="Number">-10.15</Data></Cell>
    <Cell><Data ss:Type="Number">0.13</Data></Cell>
    <Cell><Data ss:Type="Number">-9.57</Data></Cell>
    <Cell><Data ss:Type="Number">-0.15</Data></Cell>
    <Cell><Data ss:Type="Number">-0.94</Data></Cell>
    <Cell><Data ss:Type="Number">22.7</Data></Cell>
    <Cell><Data ss:Type="Number">39.4</Data></Cell>
    <Cell><Data ss:Type="Number">0</Data></Cell>
    <Cell><Data ss:Type="Number">0</Data></Cell>
    <Cell><Data ss:Type="String">2023-12-07 16:15:54.575594</Data></Cell>
   </Row>
   <Row>
    <Cell><Data ss:Type="String">1627</Data></Cell>
    <Cell><Data ss:Type="Number">0.36</Data></Cell>
    <Cell><Data ss:Type="Number">-10.17</Data></Cell>
    <Cell><Data ss:Type="Number">0.3</Data></Cell>
    <Cell><Data ss:Type="Number">-9.5</Data></Cell>
    <Cell><Data ss:Type="Number">-0.21</Data></Cell>
    <Cell><Data ss:Type="Number">-0.87</Data></Cell>
    <Cell><Data ss:Type="Number">22.7</Data></Cell>
    <Cell><Data ss:Type="Number">39.4</Data></Cell>
    <Cell><Data ss:Type="Number">0</Data></Cell>
    <Cell><Data ss:Type="Number">0</Data></Cell>
    <Cell><Data ss:Type="String">2023-12-07 16:15:54.536857</Data></Cell>
   </Row>
   <Row>
    <Cell><Data ss:Type="String">1626</Data></Cell>
    <Cell><Data ss:Type="Number">-0.15</Data></Cell>
    <Cell><Data ss:Type="Number">-10.050000000000001</Data></Cell>
    <Cell><Data ss:Type="Number">-7.0000000000000007E-2</Data></Cell>
    <Cell><Data ss:Type="Number">-9.42</Data></Cell>
    <Cell><Data ss:Type="Number">0.14000000000000001</Data></Cell>
    <Cell><Data ss:Type="Number">-0.92</Data></Cell>
    <Cell><Data ss:Type="Number">22.7</Data></Cell>
    <Cell><Data ss:Type="Number">39.4</Data></Cell>
    <Cell><Data ss:Type="Number">0</Data></Cell>
    <Cell><Data ss:Type="Number">0</Data></Cell>
    <Cell><Data ss:Type="String">2023-12-07 16:15:54.534975</Data></Cell>
   </Row>
   <Row>
    <Cell><Data ss:Type="String">1625</Data></Cell>
    <Cell><Data ss:Type="Number">0.19</Data></Cell>
    <Cell><Data ss:Type="Number">-9.98</Data></Cell>
    <Cell><Data ss:Type="Number">-0.16</Data></Cell>
    <Cell><Data ss:Type="Number">-9.51</Data></Cell>
    <Cell><Data ss:Type="Number">0.26</Data></Cell>
    <Cell><Data ss:Type="Number">-1.07</Data></Cell>
    <Cell><Data ss:Type="Number">22.7</Data></Cell>
    <Cell><Data ss:Type="Number">39.4</Data></Cell>
    <Cell><Data ss:Type="Number">0</Data></Cell>
    <Cell><Data ss:Type="Number">0</Data></Cell>
    <Cell><Data ss:Type="String">2023-12-07 16:15:54.533562</Data></Cell>
   </Row>
   <Row>
    <Cell><Data ss:Type="String">1624</Data></Cell>
    <Cell><Data ss:Type="Number">1.49</Data></Cell>
    <Cell><Data ss:Type="Number">-9.83</Data></Cell>
    <Cell><Data ss:Type="Number">0.91</Data></Cell>
    <Cell><Data ss:Type="Number">-9.36</Data></Cell>
    <Cell><Data ss:Type="Number">-0.8</Data></Cell>
    <Cell><Data ss:Type="Number">-0.77</Data></Cell>
    <Cell><Data ss:Type="Number">22.7</Data></Cell>
    <Cell><Data ss:Type="Number">39.4</Data></Cell>
    <Cell><Data ss:Type="Number">0</Data></Cell>
    <Cell><Data ss:Type="Number">0</Data></Cell>
    <Cell><Data ss:Type="String">2023-12-07 16:15:54.531982</Data></Cell>
   </Row>
   <Row>
    <Cell><Data ss:Type="String">1623</Data></Cell>
    <Cell><Data ss:Type="Number">2.09</Data></Cell>
    <Cell><Data ss:Type="Number">-9.77</Data></Cell>
    <Cell><Data ss:Type="Number">1.35</Data></Cell>
    <Cell><Data ss:Type="Number">-9.3699999999999992</Data></Cell>
    <Cell><Data ss:Type="Number">-1.1000000000000001</Data></Cell>
    <Cell><Data ss:Type="Number">-0.75</Data></Cell>
    <Cell><Data ss:Type="Number">22.7</Data></Cell>
    <Cell><Data ss:Type="Number">39.4</Data></Cell>
    <Cell><Data ss:Type="Number">0</Data></Cell>
    <Cell><Data ss:Type="Number">0</Data></Cell>
    <Cell><Data ss:Type="String">2023-12-07 16:15:54.530365</Data></Cell>
   </Row>
   <Row>
    <Cell><Data ss:Type="String">1622</Data></Cell>
    <Cell><Data ss:Type="Number">-2.41</Data></Cell>
    <Cell><Data ss:Type="Number">-9.1</Data></Cell>
    <Cell><Data ss:Type="Number">-0.22</Data></Cell>
    <Cell><Data ss:Type="Number">-9.42</Data></Cell>
    <Cell><Data ss:Type="Number">-0.9</Data></Cell>
    <Cell><Data ss:Type="Number">-0.89</Data></Cell>
    <Cell><Data ss:Type="Number">22.7</Data></Cell>
    <Cell><Data ss:Type="Number">39.5</Data></Cell>
    <Cell><Data ss:Type="Number">0</Data></Cell>
    <Cell><Data ss:Type="Number">0</Data></Cell>
    <Cell><Data ss:Type="String">2023-12-07 16:15:54.528587</Data></Cell>
   </Row>
   <Row>
    <Cell><Data ss:Type="String">1621</Data></Cell>
    <Cell><Data ss:Type="Number">-0.12</Data></Cell>
    <Cell><Data ss:Type="Number">-15.42</Data></Cell>
    <Cell><Data ss:Type="Number">0.06</Data></Cell>
    <Cell><Data ss:Type="Number">-14.53</Data></Cell>
    <Cell><Data ss:Type="Number">1</Data></Cell>
    <Cell><Data ss:Type="Number">-1</Data></Cell>
    <Cell><Data ss:Type="Number">22.7</Data></Cell>
    <Cell><Data ss:Type="Number">39.5</Data></Cell>
    <Cell><Data ss:Type="Number">0</Data></Cell>
    <Cell><Data ss:Type="Number">0</Data></Cell>
    <Cell><Data ss:Type="String">2023-12-07 16:15:54.526829</Data></Cell>
   </Row>
   <Row>
    <Cell><Data ss:Type="String">1620</Data></Cell>
    <Cell><Data ss:Type="Number">0.34</Data></Cell>
    <Cell><Data ss:Type="Number">-9.49</Data></Cell>
    <Cell><Data ss:Type="Number">0.03</Data></Cell>
    <Cell><Data ss:Type="Number">-9.43</Data></Cell>
    <Cell><Data ss:Type="Number">0</Data></Cell>
    <Cell><Data ss:Type="Number">-0.86</Data></Cell>
    <Cell><Data ss:Type="Number">22.7</Data></Cell>
    <Cell><Data ss:Type="Number">39.5</Data></Cell>
    <Cell><Data ss:Type="Number">0</Data></Cell>
    <Cell><Data ss:Type="Number">0</Data></Cell>
    <Cell><Data ss:Type="String">2023-12-07 16:15:54.318814</Data></Cell>
   </Row>
   <Row>
    <Cell><Data ss:Type="String">1619</Data></Cell>
    <Cell><Data ss:Type="Number">0.3</Data></Cell>
    <Cell><Data ss:Type="Number">-10.27</Data></Cell>
    <Cell><Data ss:Type="Number">0.53</Data></Cell>
    <Cell><Data ss:Type="Number">-9.44</Data></Cell>
    <Cell><Data ss:Type="Number">0.01</Data></Cell>
    <Cell><Data ss:Type="Number">-0.91</Data></Cell>
    <Cell><Data ss:Type="Number">22.7</Data></Cell>
    <Cell><Data ss:Type="Number">39.5</Data></Cell>
    <Cell><Data ss:Type="Number">0</Data></Cell>
    <Cell><Data ss:Type="Number">0</Data></Cell>
    <Cell><Data ss:Type="String">2023-12-07 16:15:54.245716</Data></Cell>
   </Row>
   <Row>
    <Cell><Data ss:Type="String">1618</Data></Cell>
    <Cell><Data ss:Type="Number">0.73</Data></Cell>
    <Cell><Data ss:Type="Number">-9.9499999999999993</Data></Cell>
    <Cell><Data ss:Type="Number">0.17</Data></Cell>
    <Cell><Data ss:Type="Number">-9.3800000000000008</Data></Cell>
    <Cell><Data ss:Type="Number">-0.13</Data></Cell>
    <Cell><Data ss:Type="Number">-1</Data></Cell>
    <Cell><Data ss:Type="Number">22.7</Data></Cell>
    <Cell><Data ss:Type="Number">39.5</Data></Cell>
    <Cell><Data ss:Type="Number">0</Data></Cell>
    <Cell><Data ss:Type="Number">0</Data></Cell>
    <Cell><Data ss:Type="String">2023-12-07 16:15:54.244088</Data></Cell>
   </Row>
   <Row>
    <Cell><Data ss:Type="String">1617</Data></Cell>
    <Cell><Data ss:Type="Number">0.72</Data></Cell>
    <Cell><Data ss:Type="Number">-9.3699999999999992</Data></Cell>
    <Cell><Data ss:Type="Number">0.24</Data></Cell>
    <Cell><Data ss:Type="Number">-9.4499999999999993</Data></Cell>
    <Cell><Data ss:Type="Number">-0.11</Data></Cell>
    <Cell><Data ss:Type="Number">-0.92</Data></Cell>
    <Cell><Data ss:Type="Number">22.7</Data></Cell>
    <Cell><Data ss:Type="Number">39.5</Data></Cell>
    <Cell><Data ss:Type="Number">0</Data></Cell>
    <Cell><Data ss:Type="Number">0</Data></Cell>
    <Cell><Data ss:Type="String">2023-12-07 16:15:54.242538</Data></Cell>
   </Row>
   <Row>
    <Cell><Data ss:Type="String">1616</Data></Cell>
    <Cell><Data ss:Type="Number">0.42</Data></Cell>
    <Cell><Data ss:Type="Number">-9.93</Data></Cell>
    <Cell><Data ss:Type="Number">0.06</Data></Cell>
    <Cell><Data ss:Type="Number">-9.4700000000000006</Data></Cell>
    <Cell><Data ss:Type="Number">-0.06</Data></Cell>
    <Cell><Data ss:Type="Number">-0.96</Data></Cell>
    <Cell><Data ss:Type="Number">22.7</Data></Cell>
    <Cell><Data ss:Type="Number">39.5</Data></Cell>
    <Cell><Data ss:Type="Number">0</Data></Cell>
    <Cell><Data ss:Type="Number">0</Data></Cell>
    <Cell><Data ss:Type="String">2023-12-07 16:15:54.240826</Data></Cell>
   </Row>
   <Row>
    <Cell><Data ss:Type="String">1615</Data></Cell>
    <Cell><Data ss:Type="Number">0.59</Data></Cell>
    <Cell><Data ss:Type="Number">-10.29</Data></Cell>
    <Cell><Data ss:Type="Number">0.02</Data></Cell>
    <Cell><Data ss:Type="Number">-9.56</Data></Cell>
    <Cell><Data ss:Type="Number">-0.15</Data></Cell>
    <Cell><Data ss:Type="Number">-0.9</Data></Cell>
    <Cell><Data ss:Type="Number">22.7</Data></Cell>
    <Cell><Data ss:Type="Number">39.5</Data></Cell>
    <Cell><Data ss:Type="Number">0</Data></Cell>
    <Cell><Data ss:Type="Number">0</Data></Cell>
    <Cell><Data ss:Type="String">2023-12-07 16:15:54.238666</Data></Cell>
   </Row>
   <Row>
    <Cell><Data ss:Type="String">1614</Data></Cell>
    <Cell><Data ss:Type="Number">0.75</Data></Cell>
    <Cell><Data ss:Type="Number">-10.11</Data></Cell>
    <Cell><Data ss:Type="Number">0.38</Data></Cell>
    <Cell><Data ss:Type="Number">-9.41</Data></Cell>
    <Cell><Data ss:Type="Number">-0.02</Data></Cell>
    <Cell><Data ss:Type="Number">-0.85</Data></Cell>
    <Cell><Data ss:Type="Number">22.7</Data></Cell>
    <Cell><Data ss:Type="Number">39.5</Data></Cell>
    <Cell><Data ss:Type="Number">0</Data></Cell>
    <Cell><Data ss:Type="Number">0</Data></Cell>
    <Cell><Data ss:Type="String">2023-12-07 16:15:54.235572</Data></Cell>
   </Row>
   <Row>
    <Cell><Data ss:Type="String">1613</Data></Cell>
    <Cell><Data ss:Type="Number">0.34</Data></Cell>
    <Cell><Data ss:Type="Number">-10.27</Data></Cell>
    <Cell><Data ss:Type="Number">0.35</Data></Cell>
    <Cell><Data ss:Type="Number">-9.43</Data></Cell>
    <Cell><Data ss:Type="Number">-0.11</Data></Cell>
    <Cell><Data ss:Type="Number">-0.9</Data></Cell>
    <Cell><Data ss:Type="Number">22.7</Data></Cell>
    <Cell><Data ss:Type="Number">39.5</Data></Cell>
    <Cell><Data ss:Type="Number">0</Data></Cell>
    <Cell><Data ss:Type="Number">0</Data></Cell>
    <Cell><Data ss:Type="String">2023-12-07 16:15:54.233778</Data></Cell>
   </Row>
   <Row>
    <Cell><Data ss:Type="String">1612</Data></Cell>
    <Cell><Data ss:Type="Number">0.17</Data></Cell>
    <Cell><Data ss:Type="Number">-10.84</Data></Cell>
    <Cell><Data ss:Type="Number">0.2</Data></Cell>
    <Cell><Data ss:Type="Number">-9.6199999999999992</Data></Cell>
    <Cell><Data ss:Type="Number">-0.05</Data></Cell>
    <Cell><Data ss:Type="Number">-0.9</Data></Cell>
    <Cell><Data ss:Type="Number">22.7</Data></Cell>
    <Cell><Data ss:Type="Number">39.5</Data></Cell>
    <Cell><Data ss:Type="Number">0</Data></Cell>
    <Cell><Data ss:Type="Number">0</Data></Cell>
    <Cell><Data ss:Type="String">2023-12-07 16:15:54.002601</Data></Cell>
   </Row>
   <Row>
    <Cell><Data ss:Type="String">1611</Data></Cell>
    <Cell><Data ss:Type="Number">0.28000000000000003</Data></Cell>
    <Cell><Data ss:Type="Number">-10.34</Data></Cell>
    <Cell><Data ss:Type="Number">0.22</Data></Cell>
    <Cell><Data ss:Type="Number">-9.52</Data></Cell>
    <Cell><Data ss:Type="Number">-0.14000000000000001</Data></Cell>
    <Cell><Data ss:Type="Number">-0.89</Data></Cell>
    <Cell><Data ss:Type="Number">22.7</Data></Cell>
    <Cell><Data ss:Type="Number">39.5</Data></Cell>
    <Cell><Data ss:Type="Number">0</Data></Cell>
    <Cell><Data ss:Type="Number">0</Data></Cell>
    <Cell><Data ss:Type="String">2023-12-07 16:15:54.000958</Data></Cell>
   </Row>
   <Row>
    <Cell><Data ss:Type="String">1610</Data></Cell>
    <Cell><Data ss:Type="Number">0.12</Data></Cell>
    <Cell><Data ss:Type="Number">-9.84</Data></Cell>
    <Cell><Data ss:Type="Number">0.04</Data></Cell>
    <Cell><Data ss:Type="Number">-9.5299999999999994</Data></Cell>
    <Cell><Data ss:Type="Number">-0.1</Data></Cell>
    <Cell><Data ss:Type="Number">-0.92</Data></Cell>
    <Cell><Data ss:Type="Number">22.7</Data></Cell>
    <Cell><Data ss:Type="Number">39.5</Data></Cell>
    <Cell><Data ss:Type="Number">0</Data></Cell>
    <Cell><Data ss:Type="Number">0</Data></Cell>
    <Cell><Data ss:Type="String">2023-12-07 16:15:53.999209</Data></Cell>
   </Row>
   <Row>
    <Cell><Data ss:Type="String">1609</Data></Cell>
    <Cell><Data ss:Type="Number">0.08</Data></Cell>
    <Cell><Data ss:Type="Number">-9.69</Data></Cell>
    <Cell><Data ss:Type="Number">-0.12</Data></Cell>
    <Cell><Data ss:Type="Number">-9.2799999999999994</Data></Cell>
    <Cell><Data ss:Type="Number">-0.04</Data></Cell>
    <Cell><Data ss:Type="Number">-0.92</Data></Cell>
    <Cell><Data ss:Type="Number">22.7</Data></Cell>
    <Cell><Data ss:Type="Number">39.5</Data></Cell>
    <Cell><Data ss:Type="Number">0</Data></Cell>
    <Cell><Data ss:Type="Number">0</Data></Cell>
    <Cell><Data ss:Type="String">2023-12-07 16:15:53.997342</Data></Cell>
   </Row>
   <Row>
    <Cell><Data ss:Type="String">1608</Data></Cell>
    <Cell><Data ss:Type="Number">0.2</Data></Cell>
    <Cell><Data ss:Type="Number">-9.2799999999999994</Data></Cell>
    <Cell><Data ss:Type="Number">-0.15</Data></Cell>
    <Cell><Data ss:Type="Number">-9.42</Data></Cell>
    <Cell><Data ss:Type="Number">-0.11</Data></Cell>
    <Cell><Data ss:Type="Number">-0.88</Data></Cell>
    <Cell><Data ss:Type="Number">22.7</Data></Cell>
    <Cell><Data ss:Type="Number">39.5</Data></Cell>
    <Cell><Data ss:Type="Number">0</Data></Cell>
    <Cell><Data ss:Type="Number">0</Data></Cell>
    <Cell><Data ss:Type="String">2023-12-07 16:15:53.995794</Data></Cell>
   </Row>
   <Row>
    <Cell><Data ss:Type="String">1607</Data></Cell>
    <Cell><Data ss:Type="Number">0.19</Data></Cell>
    <Cell><Data ss:Type="Number">-9.51</Data></Cell>
    <Cell><Data ss:Type="Number">0.32</Data></Cell>
    <Cell><Data ss:Type="Number">-9.4600000000000009</Data></Cell>
    <Cell><Data ss:Type="Number">-7.0000000000000007E-2</Data></Cell>
    <Cell><Data ss:Type="Number">-0.97</Data></Cell>
    <Cell><Data ss:Type="Number">22.7</Data></Cell>
    <Cell><Data ss:Type="Number">39.5</Data></Cell>
    <Cell><Data ss:Type="Number">0</Data></Cell>
    <Cell><Data ss:Type="Number">0</Data></Cell>
    <Cell><Data ss:Type="String">2023-12-07 16:15:53.994065</Data></Cell>
   </Row>
   <Row>
    <Cell><Data ss:Type="String">1606</Data></Cell>
    <Cell><Data ss:Type="Number">0.34</Data></Cell>
    <Cell><Data ss:Type="Number">-10.65</Data></Cell>
    <Cell><Data ss:Type="Number">0.09</Data></Cell>
    <Cell><Data ss:Type="Number">-9.64</Data></Cell>
    <Cell><Data ss:Type="Number">0</Data></Cell>
    <Cell><Data ss:Type="Number">-0.89</Data></Cell>
    <Cell><Data ss:Type="Number">22.7</Data></Cell>
    <Cell><Data ss:Type="Number">39.5</Data></Cell>
    <Cell><Data ss:Type="Number">0</Data></Cell>
    <Cell><Data ss:Type="Number">0</Data></Cell>
    <Cell><Data ss:Type="String">2023-12-07 16:15:53.830854</Data></Cell>
   </Row>
   <Row>
    <Cell><Data ss:Type="String">1605</Data></Cell>
    <Cell><Data ss:Type="Number">0.26</Data></Cell>
    <Cell><Data ss:Type="Number">-11.03</Data></Cell>
    <Cell><Data ss:Type="Number">0.46</Data></Cell>
    <Cell><Data ss:Type="Number">-9.6199999999999992</Data></Cell>
    <Cell><Data ss:Type="Number">-0.03</Data></Cell>
    <Cell><Data ss:Type="Number">-0.84</Data></Cell>
    <Cell><Data ss:Type="Number">22.7</Data></Cell>
    <Cell><Data ss:Type="Number">39.5</Data></Cell>
    <Cell><Data ss:Type="Number">0</Data></Cell>
    <Cell><Data ss:Type="Number">0</Data></Cell>
    <Cell><Data ss:Type="String">2023-12-07 16:15:53.776607</Data></Cell>
   </Row>
   <Row>
    <Cell><Data ss:Type="String">1604</Data></Cell>
    <Cell><Data ss:Type="Number">0.28000000000000003</Data></Cell>
    <Cell><Data ss:Type="Number">-10.15</Data></Cell>
    <Cell><Data ss:Type="Number">0.09</Data></Cell>
    <Cell><Data ss:Type="Number">-9.41</Data></Cell>
    <Cell><Data ss:Type="Number">-0.11</Data></Cell>
    <Cell><Data ss:Type="Number">-0.94</Data></Cell>
    <Cell><Data ss:Type="Number">22.7</Data></Cell>
    <Cell><Data ss:Type="Number">39.5</Data></Cell>
    <Cell><Data ss:Type="Number">0</Data></Cell>
    <Cell><Data ss:Type="Number">0</Data></Cell>
    <Cell><Data ss:Type="String">2023-12-07 16:15:53.734008</Data></Cell>
   </Row>
   <Row>
    <Cell><Data ss:Type="String">1603</Data></Cell>
    <Cell><Data ss:Type="Number">0.3</Data></Cell>
    <Cell><Data ss:Type="Number">-10.029999999999999</Data></Cell>
    <Cell><Data ss:Type="Number">0.02</Data></Cell>
    <Cell><Data ss:Type="Number">-9.36</Data></Cell>
    <Cell><Data ss:Type="Number">-0.05</Data></Cell>
    <Cell><Data ss:Type="Number">-0.92</Data></Cell>
    <Cell><Data ss:Type="Number">22.7</Data></Cell>
    <Cell><Data ss:Type="Number">39.5</Data></Cell>
    <Cell><Data ss:Type="Number">0</Data></Cell>
    <Cell><Data ss:Type="Number">0</Data></Cell>
    <Cell><Data ss:Type="String">2023-12-07 16:15:53.732187</Data></Cell>
   </Row>
   <Row>
    <Cell><Data ss:Type="String">1602</Data></Cell>
    <Cell><Data ss:Type="Number">0.55000000000000004</Data></Cell>
    <Cell><Data ss:Type="Number">-9.77</Data></Cell>
    <Cell><Data ss:Type="Number">0.01</Data></Cell>
    <Cell><Data ss:Type="Number">-9.5</Data></Cell>
    <Cell><Data ss:Type="Number">-0.09</Data></Cell>
    <Cell><Data ss:Type="Number">-0.96</Data></Cell>
    <Cell><Data ss:Type="Number">22.7</Data></Cell>
    <Cell><Data ss:Type="Number">39.5</Data></Cell>
    <Cell><Data ss:Type="Number">0</Data></Cell>
    <Cell><Data ss:Type="Number">0</Data></Cell>
    <Cell><Data ss:Type="String">2023-12-07 16:15:53.690039</Data></Cell>
   </Row>
   <Row>
    <Cell><Data ss:Type="String">1601</Data></Cell>
    <Cell><Data ss:Type="Number">0.31</Data></Cell>
    <Cell><Data ss:Type="Number">-10.3</Data></Cell>
    <Cell><Data ss:Type="Number">-0.01</Data></Cell>
    <Cell><Data ss:Type="Number">-9.5</Data></Cell>
    <Cell><Data ss:Type="Number">-0.12</Data></Cell>
    <Cell><Data ss:Type="Number">-0.87</Data></Cell>
    <Cell><Data ss:Type="Number">22.7</Data></Cell>
    <Cell><Data ss:Type="Number">39.5</Data></Cell>
    <Cell><Data ss:Type="Number">0</Data></Cell>
    <Cell><Data ss:Type="Number">0</Data></Cell>
    <Cell><Data ss:Type="String">2023-12-07 16:15:53.687050</Data></Cell>
   </Row>
   <Row>
    <Cell><Data ss:Type="String">1600</Data></Cell>
    <Cell><Data ss:Type="Number">-0.09</Data></Cell>
    <Cell><Data ss:Type="Number">-10.58</Data></Cell>
    <Cell><Data ss:Type="Number">0.28999999999999998</Data></Cell>
    <Cell><Data ss:Type="Number">-9.6300000000000008</Data></Cell>
    <Cell><Data ss:Type="Number">-0.05</Data></Cell>
    <Cell><Data ss:Type="Number">-0.85</Data></Cell>
    <Cell><Data ss:Type="Number">22.7</Data></Cell>
    <Cell><Data ss:Type="Number">39.5</Data></Cell>
    <Cell><Data ss:Type="Number">0</Data></Cell>
    <Cell><Data ss:Type="Number">0</Data></Cell>
    <Cell><Data ss:Type="String">2023-12-07 16:15:53.595919</Data></Cell>
   </Row>
   <Row>
    <Cell><Data ss:Type="String">1599</Data></Cell>
    <Cell><Data ss:Type="Number">0.1</Data></Cell>
    <Cell><Data ss:Type="Number">-10.32</Data></Cell>
    <Cell><Data ss:Type="Number">0</Data></Cell>
    <Cell><Data ss:Type="Number">-9.4700000000000006</Data></Cell>
    <Cell><Data ss:Type="Number">-7.0000000000000007E-2</Data></Cell>
    <Cell><Data ss:Type="Number">-0.9</Data></Cell>
    <Cell><Data ss:Type="Number">22.7</Data></Cell>
    <Cell><Data ss:Type="Number">39.5</Data></Cell>
    <Cell><Data ss:Type="Number">0</Data></Cell>
    <Cell><Data ss:Type="Number">0</Data></Cell>
    <Cell><Data ss:Type="String">2023-12-07 16:15:53.594094</Data></Cell>
   </Row>
   <Row>
    <Cell><Data ss:Type="String">1598</Data></Cell>
    <Cell><Data ss:Type="Number">0.56000000000000005</Data></Cell>
    <Cell><Data ss:Type="Number">-10.34</Data></Cell>
    <Cell><Data ss:Type="Number">0.24</Data></Cell>
    <Cell><Data ss:Type="Number">-9.4600000000000009</Data></Cell>
    <Cell><Data ss:Type="Number">-0.05</Data></Cell>
    <Cell><Data ss:Type="Number">-0.86</Data></Cell>
    <Cell><Data ss:Type="Number">22.7</Data></Cell>
    <Cell><Data ss:Type="Number">39.5</Data></Cell>
    <Cell><Data ss:Type="Number">0</Data></Cell>
    <Cell><Data ss:Type="Number">0</Data></Cell>
    <Cell><Data ss:Type="String">2023-12-07 16:15:53.548278</Data></Cell>
   </Row>
   <Row>
    <Cell><Data ss:Type="String">1597</Data></Cell>
    <Cell><Data ss:Type="Number">0.24</Data></Cell>
    <Cell><Data ss:Type="Number">-10.23</Data></Cell>
    <Cell><Data ss:Type="Number">0.05</Data></Cell>
    <Cell><Data ss:Type="Number">-9.59</Data></Cell>
    <Cell><Data ss:Type="Number">-0.09</Data></Cell>
    <Cell><Data ss:Type="Number">-0.96</Data></Cell>
    <Cell><Data ss:Type="Number">22.7</Data></Cell>
    <Cell><Data ss:Type="Number">39.5</Data></Cell>
    <Cell><Data ss:Type="Number">0</Data></Cell>
    <Cell><Data ss:Type="Number">0</Data></Cell>
    <Cell><Data ss:Type="String">2023-12-07 16:15:53.508016</Data></Cell>
   </Row>
   <Row>
    <Cell><Data ss:Type="String">1596</Data></Cell>
    <Cell><Data ss:Type="Number">0.62</Data></Cell>
    <Cell><Data ss:Type="Number">-10.25</Data></Cell>
    <Cell><Data ss:Type="Number">0.36</Data></Cell>
    <Cell><Data ss:Type="Number">-9.6300000000000008</Data></Cell>
    <Cell><Data ss:Type="Number">-0.1</Data></Cell>
    <Cell><Data ss:Type="Number">-0.87</Data></Cell>
    <Cell><Data ss:Type="Number">22.7</Data></Cell>
    <Cell><Data ss:Type="Number">39.5</Data></Cell>
    <Cell><Data ss:Type="Number">0</Data></Cell>
    <Cell><Data ss:Type="Number">0</Data></Cell>
    <Cell><Data ss:Type="String">2023-12-07 16:15:53.505688</Data></Cell>
   </Row>
   <Row>
    <Cell><Data ss:Type="String">1595</Data></Cell>
    <Cell><Data ss:Type="Number">0.25</Data></Cell>
    <Cell><Data ss:Type="Number">-10.33</Data></Cell>
    <Cell><Data ss:Type="Number">0.25</Data></Cell>
    <Cell><Data ss:Type="Number">-9.49</Data></Cell>
    <Cell><Data ss:Type="Number">-0.09</Data></Cell>
    <Cell><Data ss:Type="Number">-0.91</Data></Cell>
    <Cell><Data ss:Type="Number">22.7</Data></Cell>
    <Cell><Data ss:Type="Number">39.5</Data></Cell>
    <Cell><Data ss:Type="Number">0</Data></Cell>
    <Cell><Data ss:Type="Number">0</Data></Cell>
    <Cell><Data ss:Type="String">2023-12-07 16:15:53.457815</Data></Cell>
   </Row>
   <Row>
    <Cell><Data ss:Type="String">1594</Data></Cell>
    <Cell><Data ss:Type="Number">-0.1</Data></Cell>
    <Cell><Data ss:Type="Number">-10.11</Data></Cell>
    <Cell><Data ss:Type="Number">0.3</Data></Cell>
    <Cell><Data ss:Type="Number">-9.3800000000000008</Data></Cell>
    <Cell><Data ss:Type="Number">-0.06</Data></Cell>
    <Cell><Data ss:Type="Number">-0.92</Data></Cell>
    <Cell><Data ss:Type="Number">22.7</Data></Cell>
    <Cell><Data ss:Type="Number">39.5</Data></Cell>
    <Cell><Data ss:Type="Number">0</Data></Cell>
    <Cell><Data ss:Type="Number">0</Data></Cell>
    <Cell><Data ss:Type="String">2023-12-07 16:15:53.411462</Data></Cell>
   </Row>
   <Row>
    <Cell><Data ss:Type="String">1593</Data></Cell>
    <Cell><Data ss:Type="Number">0.06</Data></Cell>
    <Cell><Data ss:Type="Number">-10.06</Data></Cell>
    <Cell><Data ss:Type="Number">-0.13</Data></Cell>
    <Cell><Data ss:Type="Number">-9.3800000000000008</Data></Cell>
    <Cell><Data ss:Type="Number">-0.15</Data></Cell>
    <Cell><Data ss:Type="Number">-0.89</Data></Cell>
    <Cell><Data ss:Type="Number">22.7</Data></Cell>
    <Cell><Data ss:Type="Number">39.5</Data></Cell>
    <Cell><Data ss:Type="Number">0</Data></Cell>
    <Cell><Data ss:Type="Number">0</Data></Cell>
    <Cell><Data ss:Type="String">2023-12-07 16:15:53.366557</Data></Cell>
   </Row>
   <Row>
    <Cell><Data ss:Type="String">1592</Data></Cell>
    <Cell><Data ss:Type="Number">1.32</Data></Cell>
    <Cell><Data ss:Type="Number">-10.25</Data></Cell>
    <Cell><Data ss:Type="Number">0.39</Data></Cell>
    <Cell><Data ss:Type="Number">-9.6300000000000008</Data></Cell>
    <Cell><Data ss:Type="Number">-0.14000000000000001</Data></Cell>
    <Cell><Data ss:Type="Number">-0.94</Data></Cell>
    <Cell><Data ss:Type="Number">22.7</Data></Cell>
    <Cell><Data ss:Type="Number">39.5</Data></Cell>
    <Cell><Data ss:Type="Number">0</Data></Cell>
    <Cell><Data ss:Type="Number">0</Data></Cell>
    <Cell><Data ss:Type="String">2023-12-07 16:15:53.364824</Data></Cell>
   </Row>
   <Row>
    <Cell><Data ss:Type="String">1591</Data></Cell>
    <Cell><Data ss:Type="Number">-0.38</Data></Cell>
    <Cell><Data ss:Type="Number">-10.11</Data></Cell>
    <Cell><Data ss:Type="Number">-0.06</Data></Cell>
    <Cell><Data ss:Type="Number">-9.4499999999999993</Data></Cell>
    <Cell><Data ss:Type="Number">-0.01</Data></Cell>
    <Cell><Data ss:Type="Number">-0.82</Data></Cell>
    <Cell><Data ss:Type="Number">22.7</Data></Cell>
    <Cell><Data ss:Type="Number">39.5</Data></Cell>
    <Cell><Data ss:Type="Number">0</Data></Cell>
    <Cell><Data ss:Type="Number">0</Data></Cell>
    <Cell><Data ss:Type="String">2023-12-07 16:15:53.318853</Data></Cell>
   </Row>
   <Row>
    <Cell><Data ss:Type="String">1590</Data></Cell>
    <Cell><Data ss:Type="Number">1.97</Data></Cell>
    <Cell><Data ss:Type="Number">-9.94</Data></Cell>
    <Cell><Data ss:Type="Number">0.1</Data></Cell>
    <Cell><Data ss:Type="Number">-9.5399999999999991</Data></Cell>
    <Cell><Data ss:Type="Number">0.04</Data></Cell>
    <Cell><Data ss:Type="Number">-0.98</Data></Cell>
    <Cell><Data ss:Type="Number">22.7</Data></Cell>
    <Cell><Data ss:Type="Number">39.5</Data></Cell>
    <Cell><Data ss:Type="Number">0</Data></Cell>
    <Cell><Data ss:Type="Number">0</Data></Cell>
    <Cell><Data ss:Type="String">2023-12-07 16:15:53.275308</Data></Cell>
   </Row>
   <Row>
    <Cell><Data ss:Type="String">1589</Data></Cell>
    <Cell><Data ss:Type="Number">1.57</Data></Cell>
    <Cell><Data ss:Type="Number">-9.7899999999999991</Data></Cell>
    <Cell><Data ss:Type="Number">0.75</Data></Cell>
    <Cell><Data ss:Type="Number">-9.44</Data></Cell>
    <Cell><Data ss:Type="Number">-7.0000000000000007E-2</Data></Cell>
    <Cell><Data ss:Type="Number">-0.94</Data></Cell>
    <Cell><Data ss:Type="Number">22.7</Data></Cell>
    <Cell><Data ss:Type="Number">39.5</Data></Cell>
    <Cell><Data ss:Type="Number">0</Data></Cell>
    <Cell><Data ss:Type="Number">0</Data></Cell>
    <Cell><Data ss:Type="String">2023-12-07 16:15:53.227935</Data></Cell>
   </Row>
   <Row>
    <Cell><Data ss:Type="String">1588</Data></Cell>
    <Cell><Data ss:Type="Number">1.47</Data></Cell>
    <Cell><Data ss:Type="Number">-10.09</Data></Cell>
    <Cell><Data ss:Type="Number">0.95</Data></Cell>
    <Cell><Data ss:Type="Number">-9.5399999999999991</Data></Cell>
    <Cell><Data ss:Type="Number">-0.45</Data></Cell>
    <Cell><Data ss:Type="Number">-0.76</Data></Cell>
    <Cell><Data ss:Type="Number">22.7</Data></Cell>
    <Cell><Data ss:Type="Number">39.5</Data></Cell>
    <Cell><Data ss:Type="Number">0</Data></Cell>
    <Cell><Data ss:Type="Number">0</Data></Cell>
    <Cell><Data ss:Type="String">2023-12-07 16:15:53.226282</Data></Cell>
   </Row>
   <Row>
    <Cell><Data ss:Type="String">1587</Data></Cell>
    <Cell><Data ss:Type="Number">-0.24</Data></Cell>
    <Cell><Data ss:Type="Number">-10.47</Data></Cell>
    <Cell><Data ss:Type="Number">0.06</Data></Cell>
    <Cell><Data ss:Type="Number">-9.64</Data></Cell>
    <Cell><Data ss:Type="Number">-0.34</Data></Cell>
    <Cell><Data ss:Type="Number">-0.97</Data></Cell>
    <Cell><Data ss:Type="Number">22.7</Data></Cell>
    <Cell><Data ss:Type="Number">39.5</Data></Cell>
    <Cell><Data ss:Type="Number">0</Data></Cell>
    <Cell><Data ss:Type="Number">0</Data></Cell>
    <Cell><Data ss:Type="String">2023-12-07 16:15:53.181438</Data></Cell>
   </Row>
   <Row>
    <Cell><Data ss:Type="String">1586</Data></Cell>
    <Cell><Data ss:Type="Number">-1.4</Data></Cell>
    <Cell><Data ss:Type="Number">-9.9700000000000006</Data></Cell>
    <Cell><Data ss:Type="Number">-1.03</Data></Cell>
    <Cell><Data ss:Type="Number">-9.32</Data></Cell>
    <Cell><Data ss:Type="Number">0.8</Data></Cell>
    <Cell><Data ss:Type="Number">-0.9</Data></Cell>
    <Cell><Data ss:Type="Number">22.7</Data></Cell>
    <Cell><Data ss:Type="Number">39.5</Data></Cell>
    <Cell><Data ss:Type="Number">0</Data></Cell>
    <Cell><Data ss:Type="Number">0</Data></Cell>
    <Cell><Data ss:Type="String">2023-12-07 16:15:53.135606</Data></Cell>
   </Row>
   <Row>
    <Cell><Data ss:Type="String">1585</Data></Cell>
    <Cell><Data ss:Type="Number">-0.49</Data></Cell>
    <Cell><Data ss:Type="Number">-10.199999999999999</Data></Cell>
    <Cell><Data ss:Type="Number">-1.37</Data></Cell>
    <Cell><Data ss:Type="Number">-9.5500000000000007</Data></Cell>
    <Cell><Data ss:Type="Number">1.29</Data></Cell>
    <Cell><Data ss:Type="Number">-1.35</Data></Cell>
    <Cell><Data ss:Type="Number">22.7</Data></Cell>
    <Cell><Data ss:Type="Number">39.5</Data></Cell>
    <Cell><Data ss:Type="Number">0</Data></Cell>
    <Cell><Data ss:Type="Number">0</Data></Cell>
    <Cell><Data ss:Type="String">2023-12-07 16:15:53.134040</Data></Cell>
   </Row>
   <Row>
    <Cell><Data ss:Type="String">1584</Data></Cell>
    <Cell><Data ss:Type="Number">3.12</Data></Cell>
    <Cell><Data ss:Type="Number">-8.07</Data></Cell>
    <Cell><Data ss:Type="Number">0.71</Data></Cell>
    <Cell><Data ss:Type="Number">-7.11</Data></Cell>
    <Cell><Data ss:Type="Number">-1.19</Data></Cell>
    <Cell><Data ss:Type="Number">-0.84</Data></Cell>
    <Cell><Data ss:Type="Number">22.7</Data></Cell>
    <Cell><Data ss:Type="Number">39.5</Data></Cell>
    <Cell><Data ss:Type="Number">0</Data></Cell>
    <Cell><Data ss:Type="Number">0</Data></Cell>
    <Cell><Data ss:Type="String">2023-12-07 16:15:53.080934</Data></Cell>
   </Row>
   <Row>
    <Cell><Data ss:Type="String">1583</Data></Cell>
    <Cell><Data ss:Type="Number">0.28000000000000003</Data></Cell>
    <Cell><Data ss:Type="Number">-10.06</Data></Cell>
    <Cell><Data ss:Type="Number">0.11</Data></Cell>
    <Cell><Data ss:Type="Number">-9.5500000000000007</Data></Cell>
    <Cell><Data ss:Type="Number">-0.05</Data></Cell>
    <Cell><Data ss:Type="Number">-0.9</Data></Cell>
    <Cell><Data ss:Type="Number">22.7</Data></Cell>
    <Cell><Data ss:Type="Number">39.5</Data></Cell>
    <Cell><Data ss:Type="Number">0</Data></Cell>
    <Cell><Data ss:Type="Number">0</Data></Cell>
    <Cell><Data ss:Type="String">2023-12-07 16:15:53.079333</Data></Cell>
   </Row>
   <Row>
    <Cell><Data ss:Type="String">1582</Data></Cell>
    <Cell><Data ss:Type="Number">0.33</Data></Cell>
    <Cell><Data ss:Type="Number">-10.25</Data></Cell>
    <Cell><Data ss:Type="Number">0.17</Data></Cell>
    <Cell><Data ss:Type="Number">-9.52</Data></Cell>
    <Cell><Data ss:Type="Number">-0.08</Data></Cell>
    <Cell><Data ss:Type="Number">-0.89</Data></Cell>
    <Cell><Data ss:Type="Number">22.7</Data></Cell>
    <Cell><Data ss:Type="Number">39.5</Data></Cell>
    <Cell><Data ss:Type="Number">0</Data></Cell>
    <Cell><Data ss:Type="Number">0</Data></Cell>
    <Cell><Data ss:Type="String">2023-12-07 16:15:53.078013</Data></Cell>
   </Row>
   <Row>
    <Cell><Data ss:Type="String">1581</Data></Cell>
    <Cell><Data ss:Type="Number">0.25</Data></Cell>
    <Cell><Data ss:Type="Number">-10.08</Data></Cell>
    <Cell><Data ss:Type="Number">0.15</Data></Cell>
    <Cell><Data ss:Type="Number">-9.48</Data></Cell>
    <Cell><Data ss:Type="Number">-0.06</Data></Cell>
    <Cell><Data ss:Type="Number">-0.88</Data></Cell>
    <Cell><Data ss:Type="Number">22.7</Data></Cell>
    <Cell><Data ss:Type="Number">39.5</Data></Cell>
    <Cell><Data ss:Type="Number">0</Data></Cell>
    <Cell><Data ss:Type="Number">0</Data></Cell>
    <Cell><Data ss:Type="String">2023-12-07 16:15:53.076658</Data></Cell>
   </Row>
   <Row>
    <Cell><Data ss:Type="String">1580</Data></Cell>
    <Cell><Data ss:Type="Number">0.25</Data></Cell>
    <Cell><Data ss:Type="Number">-9.92</Data></Cell>
    <Cell><Data ss:Type="Number">0.14000000000000001</Data></Cell>
    <Cell><Data ss:Type="Number">-9.41</Data></Cell>
    <Cell><Data ss:Type="Number">-0.09</Data></Cell>
    <Cell><Data ss:Type="Number">-0.96</Data></Cell>
    <Cell><Data ss:Type="Number">22.7</Data></Cell>
    <Cell><Data ss:Type="Number">39.5</Data></Cell>
    <Cell><Data ss:Type="Number">0</Data></Cell>
    <Cell><Data ss:Type="Number">0</Data></Cell>
    <Cell><Data ss:Type="String">2023-12-07 16:15:53.075083</Data></Cell>
   </Row>
   <Row>
    <Cell><Data ss:Type="String">1579</Data></Cell>
    <Cell><Data ss:Type="Number">0.3</Data></Cell>
    <Cell><Data ss:Type="Number">-10.11</Data></Cell>
    <Cell><Data ss:Type="Number">0.14000000000000001</Data></Cell>
    <Cell><Data ss:Type="Number">-9.48</Data></Cell>
    <Cell><Data ss:Type="Number">-7.0000000000000007E-2</Data></Cell>
    <Cell><Data ss:Type="Number">-0.92</Data></Cell>
    <Cell><Data ss:Type="Number">22.7</Data></Cell>
    <Cell><Data ss:Type="Number">39.5</Data></Cell>
    <Cell><Data ss:Type="Number">0</Data></Cell>
    <Cell><Data ss:Type="Number">0</Data></Cell>
    <Cell><Data ss:Type="String">2023-12-07 16:15:53.072989</Data></Cell>
   </Row>
   <Row>
    <Cell><Data ss:Type="String">1578</Data></Cell>
    <Cell><Data ss:Type="Number">0.28999999999999998</Data></Cell>
    <Cell><Data ss:Type="Number">-10.220000000000001</Data></Cell>
    <Cell><Data ss:Type="Number">0.17</Data></Cell>
    <Cell><Data ss:Type="Number">-9.5399999999999991</Data></Cell>
    <Cell><Data ss:Type="Number">-7.0000000000000007E-2</Data></Cell>
    <Cell><Data ss:Type="Number">-0.9</Data></Cell>
    <Cell><Data ss:Type="Number">22.7</Data></Cell>
    <Cell><Data ss:Type="Number">39.5</Data></Cell>
    <Cell><Data ss:Type="Number">0</Data></Cell>
    <Cell><Data ss:Type="Number">0</Data></Cell>
    <Cell><Data ss:Type="String">2023-12-07 16:15:52.860155</Data></Cell>
   </Row>
   <Row>
    <Cell><Data ss:Type="String">1577</Data></Cell>
    <Cell><Data ss:Type="Number">0.27</Data></Cell>
    <Cell><Data ss:Type="Number">-10.29</Data></Cell>
    <Cell><Data ss:Type="Number">0.16</Data></Cell>
    <Cell><Data ss:Type="Number">-9.51</Data></Cell>
    <Cell><Data ss:Type="Number">-7.0000000000000007E-2</Data></Cell>
    <Cell><Data ss:Type="Number">-0.88</Data></Cell>
    <Cell><Data ss:Type="Number">22.7</Data></Cell>
    <Cell><Data ss:Type="Number">39.5</Data></Cell>
    <Cell><Data ss:Type="Number">0</Data></Cell>
    <Cell><Data ss:Type="Number">0</Data></Cell>
    <Cell><Data ss:Type="String">2023-12-07 16:15:52.856391</Data></Cell>
   </Row>
   <Row>
    <Cell><Data ss:Type="String">1576</Data></Cell>
    <Cell><Data ss:Type="Number">0.28000000000000003</Data></Cell>
    <Cell><Data ss:Type="Number">-10</Data></Cell>
    <Cell><Data ss:Type="Number">0.14000000000000001</Data></Cell>
    <Cell><Data ss:Type="Number">-9.43</Data></Cell>
    <Cell><Data ss:Type="Number">-0.06</Data></Cell>
    <Cell><Data ss:Type="Number">-0.95</Data></Cell>
    <Cell><Data ss:Type="Number">22.7</Data></Cell>
    <Cell><Data ss:Type="Number">39.5</Data></Cell>
    <Cell><Data ss:Type="Number">0</Data></Cell>
    <Cell><Data ss:Type="Number">0</Data></Cell>
    <Cell><Data ss:Type="String">2023-12-07 16:15:52.809662</Data></Cell>
   </Row>
   <Row>
    <Cell><Data ss:Type="String">1575</Data></Cell>
    <Cell><Data ss:Type="Number">0.28000000000000003</Data></Cell>
    <Cell><Data ss:Type="Number">-9.9499999999999993</Data></Cell>
    <Cell><Data ss:Type="Number">0.16</Data></Cell>
    <Cell><Data ss:Type="Number">-9.41</Data></Cell>
    <Cell><Data ss:Type="Number">-0.1</Data></Cell>
    <Cell><Data ss:Type="Number">-0.91</Data></Cell>
    <Cell><Data ss:Type="Number">22.7</Data></Cell>
    <Cell><Data ss:Type="Number">39.5</Data></Cell>
    <Cell><Data ss:Type="Number">0</Data></Cell>
    <Cell><Data ss:Type="Number">0</Data></Cell>
    <Cell><Data ss:Type="String">2023-12-07 16:15:52.768045</Data></Cell>
   </Row>
   <Row>
    <Cell><Data ss:Type="String">1574</Data></Cell>
    <Cell><Data ss:Type="Number">0.3</Data></Cell>
    <Cell><Data ss:Type="Number">-9.92</Data></Cell>
    <Cell><Data ss:Type="Number">0.18</Data></Cell>
    <Cell><Data ss:Type="Number">-9.51</Data></Cell>
    <Cell><Data ss:Type="Number">-0.06</Data></Cell>
    <Cell><Data ss:Type="Number">-0.9</Data></Cell>
    <Cell><Data ss:Type="Number">22.7</Data></Cell>
    <Cell><Data ss:Type="Number">39.5</Data></Cell>
    <Cell><Data ss:Type="Number">0</Data></Cell>
    <Cell><Data ss:Type="Number">0</Data></Cell>
    <Cell><Data ss:Type="String">2023-12-07 16:15:52.766604</Data></Cell>
   </Row>
   <Row>
    <Cell><Data ss:Type="String">1573</Data></Cell>
    <Cell><Data ss:Type="Number">0.28999999999999998</Data></Cell>
    <Cell><Data ss:Type="Number">-10.220000000000001</Data></Cell>
    <Cell><Data ss:Type="Number">0.2</Data></Cell>
    <Cell><Data ss:Type="Number">-9.5399999999999991</Data></Cell>
    <Cell><Data ss:Type="Number">-7.0000000000000007E-2</Data></Cell>
    <Cell><Data ss:Type="Number">-0.9</Data></Cell>
    <Cell><Data ss:Type="Number">22.7</Data></Cell>
    <Cell><Data ss:Type="Number">39.5</Data></Cell>
    <Cell><Data ss:Type="Number">0</Data></Cell>
    <Cell><Data ss:Type="Number">0</Data></Cell>
    <Cell><Data ss:Type="String">2023-12-07 16:15:52.765050</Data></Cell>
   </Row>
   <Row>
    <Cell><Data ss:Type="String">1572</Data></Cell>
    <Cell><Data ss:Type="Number">0.31</Data></Cell>
    <Cell><Data ss:Type="Number">-10.3</Data></Cell>
    <Cell><Data ss:Type="Number">0.14000000000000001</Data></Cell>
    <Cell><Data ss:Type="Number">-9.51</Data></Cell>
    <Cell><Data ss:Type="Number">-0.1</Data></Cell>
    <Cell><Data ss:Type="Number">-0.92</Data></Cell>
    <Cell><Data ss:Type="Number">22.7</Data></Cell>
    <Cell><Data ss:Type="Number">39.5</Data></Cell>
    <Cell><Data ss:Type="Number">0</Data></Cell>
    <Cell><Data ss:Type="Number">0</Data></Cell>
    <Cell><Data ss:Type="String">2023-12-07 16:15:52.661084</Data></Cell>
   </Row>
   <Row>
    <Cell><Data ss:Type="String">1571</Data></Cell>
    <Cell><Data ss:Type="Number">0.28999999999999998</Data></Cell>
    <Cell><Data ss:Type="Number">-9.9</Data></Cell>
    <Cell><Data ss:Type="Number">0.13</Data></Cell>
    <Cell><Data ss:Type="Number">-9.4</Data></Cell>
    <Cell><Data ss:Type="Number">-7.0000000000000007E-2</Data></Cell>
    <Cell><Data ss:Type="Number">-0.92</Data></Cell>
    <Cell><Data ss:Type="Number">22.7</Data></Cell>
    <Cell><Data ss:Type="Number">39.5</Data></Cell>
    <Cell><Data ss:Type="Number">0</Data></Cell>
    <Cell><Data ss:Type="Number">0</Data></Cell>
    <Cell><Data ss:Type="String">2023-12-07 16:15:52.655671</Data></Cell>
   </Row>
   <Row>
    <Cell><Data ss:Type="String">1570</Data></Cell>
    <Cell><Data ss:Type="Number">0.26</Data></Cell>
    <Cell><Data ss:Type="Number">-9.84</Data></Cell>
    <Cell><Data ss:Type="Number">0.25</Data></Cell>
    <Cell><Data ss:Type="Number">-9.4499999999999993</Data></Cell>
    <Cell><Data ss:Type="Number">-0.06</Data></Cell>
    <Cell><Data ss:Type="Number">-0.93</Data></Cell>
    <Cell><Data ss:Type="Number">22.7</Data></Cell>
    <Cell><Data ss:Type="Number">39.5</Data></Cell>
    <Cell><Data ss:Type="Number">0</Data></Cell>
    <Cell><Data ss:Type="Number">0</Data></Cell>
    <Cell><Data ss:Type="String">2023-12-07 16:15:52.611356</Data></Cell>
   </Row>
   <Row>
    <Cell><Data ss:Type="String">1569</Data></Cell>
    <Cell><Data ss:Type="Number">0.28999999999999998</Data></Cell>
    <Cell><Data ss:Type="Number">-10.199999999999999</Data></Cell>
    <Cell><Data ss:Type="Number">0.18</Data></Cell>
    <Cell><Data ss:Type="Number">-9.5500000000000007</Data></Cell>
    <Cell><Data ss:Type="Number">-0.08</Data></Cell>
    <Cell><Data ss:Type="Number">-0.92</Data></Cell>
    <Cell><Data ss:Type="Number">22.7</Data></Cell>
    <Cell><Data ss:Type="Number">39.5</Data></Cell>
    <Cell><Data ss:Type="Number">0</Data></Cell>
    <Cell><Data ss:Type="Number">0</Data></Cell>
    <Cell><Data ss:Type="String">2023-12-07 16:15:52.567211</Data></Cell>
   </Row>
   <Row>
    <Cell><Data ss:Type="String">1568</Data></Cell>
    <Cell><Data ss:Type="Number">0.22</Data></Cell>
    <Cell><Data ss:Type="Number">-10.25</Data></Cell>
    <Cell><Data ss:Type="Number">0.17</Data></Cell>
    <Cell><Data ss:Type="Number">-9.5299999999999994</Data></Cell>
    <Cell><Data ss:Type="Number">-7.0000000000000007E-2</Data></Cell>
    <Cell><Data ss:Type="Number">-0.89</Data></Cell>
    <Cell><Data ss:Type="Number">22.7</Data></Cell>
    <Cell><Data ss:Type="Number">39.5</Data></Cell>
    <Cell><Data ss:Type="Number">0</Data></Cell>
    <Cell><Data ss:Type="Number">0</Data></Cell>
    <Cell><Data ss:Type="String">2023-12-07 16:15:52.565869</Data></Cell>
   </Row>
   <Row>
    <Cell><Data ss:Type="String">1567</Data></Cell>
    <Cell><Data ss:Type="Number">0.28000000000000003</Data></Cell>
    <Cell><Data ss:Type="Number">-10.16</Data></Cell>
    <Cell><Data ss:Type="Number">0.17</Data></Cell>
    <Cell><Data ss:Type="Number">-9.5</Data></Cell>
    <Cell><Data ss:Type="Number">-0.09</Data></Cell>
    <Cell><Data ss:Type="Number">-0.91</Data></Cell>
    <Cell><Data ss:Type="Number">22.7</Data></Cell>
    <Cell><Data ss:Type="Number">39.5</Data></Cell>
    <Cell><Data ss:Type="Number">0</Data></Cell>
    <Cell><Data ss:Type="Number">0</Data></Cell>
    <Cell><Data ss:Type="String">2023-12-07 16:15:52.518065</Data></Cell>
   </Row>
   <Row>
    <Cell><Data ss:Type="String">1566</Data></Cell>
    <Cell><Data ss:Type="Number">0.3</Data></Cell>
    <Cell><Data ss:Type="Number">-10.27</Data></Cell>
    <Cell><Data ss:Type="Number">0.17</Data></Cell>
    <Cell><Data ss:Type="Number">-9.56</Data></Cell>
    <Cell><Data ss:Type="Number">-0.1</Data></Cell>
    <Cell><Data ss:Type="Number">-0.89</Data></Cell>
    <Cell><Data ss:Type="Number">22.7</Data></Cell>
    <Cell><Data ss:Type="Number">39.5</Data></Cell>
    <Cell><Data ss:Type="Number">0</Data></Cell>
    <Cell><Data ss:Type="Number">0</Data></Cell>
    <Cell><Data ss:Type="String">2023-12-07 16:15:52.464363</Data></Cell>
   </Row>
   <Row>
    <Cell><Data ss:Type="String">1565</Data></Cell>
    <Cell><Data ss:Type="Number">0.44</Data></Cell>
    <Cell><Data ss:Type="Number">-10.27</Data></Cell>
    <Cell><Data ss:Type="Number">0.17</Data></Cell>
    <Cell><Data ss:Type="Number">-9.51</Data></Cell>
    <Cell><Data ss:Type="Number">-0.06</Data></Cell>
    <Cell><Data ss:Type="Number">-0.91</Data></Cell>
    <Cell><Data ss:Type="Number">22.7</Data></Cell>
    <Cell><Data ss:Type="Number">39.5</Data></Cell>
    <Cell><Data ss:Type="Number">0</Data></Cell>
    <Cell><Data ss:Type="Number">0</Data></Cell>
    <Cell><Data ss:Type="String">2023-12-07 16:15:52.462979</Data></Cell>
   </Row>
   <Row>
    <Cell><Data ss:Type="String">1564</Data></Cell>
    <Cell><Data ss:Type="Number">0.38</Data></Cell>
    <Cell><Data ss:Type="Number">-9.89</Data></Cell>
    <Cell><Data ss:Type="Number">0.02</Data></Cell>
    <Cell><Data ss:Type="Number">-9.41</Data></Cell>
    <Cell><Data ss:Type="Number">-0.09</Data></Cell>
    <Cell><Data ss:Type="Number">-0.94</Data></Cell>
    <Cell><Data ss:Type="Number">22.7</Data></Cell>
    <Cell><Data ss:Type="Number">39.5</Data></Cell>
    <Cell><Data ss:Type="Number">0</Data></Cell>
    <Cell><Data ss:Type="Number">0</Data></Cell>
    <Cell><Data ss:Type="String">2023-12-07 16:15:52.461378</Data></Cell>
   </Row>
   <Row>
    <Cell><Data ss:Type="String">1563</Data></Cell>
    <Cell><Data ss:Type="Number">0.28999999999999998</Data></Cell>
    <Cell><Data ss:Type="Number">-10.039999999999999</Data></Cell>
    <Cell><Data ss:Type="Number">0.18</Data></Cell>
    <Cell><Data ss:Type="Number">-9.48</Data></Cell>
    <Cell><Data ss:Type="Number">-0.09</Data></Cell>
    <Cell><Data ss:Type="Number">-0.91</Data></Cell>
    <Cell><Data ss:Type="Number">22.7</Data></Cell>
    <Cell><Data ss:Type="Number">39.5</Data></Cell>
    <Cell><Data ss:Type="Number">0</Data></Cell>
    <Cell><Data ss:Type="Number">0</Data></Cell>
    <Cell><Data ss:Type="String">2023-12-07 16:15:52.459600</Data></Cell>
   </Row>
   <Row>
    <Cell><Data ss:Type="String">1562</Data></Cell>
    <Cell><Data ss:Type="Number">0.2</Data></Cell>
    <Cell><Data ss:Type="Number">-9.94</Data></Cell>
    <Cell><Data ss:Type="Number">0.11</Data></Cell>
    <Cell><Data ss:Type="Number">-9.39</Data></Cell>
    <Cell><Data ss:Type="Number">-0.06</Data></Cell>
    <Cell><Data ss:Type="Number">-0.91</Data></Cell>
    <Cell><Data ss:Type="Number">22.7</Data></Cell>
    <Cell><Data ss:Type="Number">39.5</Data></Cell>
    <Cell><Data ss:Type="Number">0</Data></Cell>
    <Cell><Data ss:Type="Number">0</Data></Cell>
    <Cell><Data ss:Type="String">2023-12-07 16:15:52.344560</Data></Cell>
   </Row>
   <Row>
    <Cell><Data ss:Type="String">1561</Data></Cell>
    <Cell><Data ss:Type="Number">0.2</Data></Cell>
    <Cell><Data ss:Type="Number">-9.92</Data></Cell>
    <Cell><Data ss:Type="Number">0.16</Data></Cell>
    <Cell><Data ss:Type="Number">-9.43</Data></Cell>
    <Cell><Data ss:Type="Number">-0.09</Data></Cell>
    <Cell><Data ss:Type="Number">-0.94</Data></Cell>
    <Cell><Data ss:Type="Number">22.7</Data></Cell>
    <Cell><Data ss:Type="Number">39.5</Data></Cell>
    <Cell><Data ss:Type="Number">0</Data></Cell>
    <Cell><Data ss:Type="Number">0</Data></Cell>
    <Cell><Data ss:Type="String">2023-12-07 16:15:52.277613</Data></Cell>
   </Row>
   <Row>
    <Cell><Data ss:Type="String">1560</Data></Cell>
    <Cell><Data ss:Type="Number">0.38</Data></Cell>
    <Cell><Data ss:Type="Number">-10.31</Data></Cell>
    <Cell><Data ss:Type="Number">0.11</Data></Cell>
    <Cell><Data ss:Type="Number">-9.56</Data></Cell>
    <Cell><Data ss:Type="Number">-0.09</Data></Cell>
    <Cell><Data ss:Type="Number">-0.9</Data></Cell>
    <Cell><Data ss:Type="Number">22.7</Data></Cell>
    <Cell><Data ss:Type="Number">39.5</Data></Cell>
    <Cell><Data ss:Type="Number">0</Data></Cell>
    <Cell><Data ss:Type="Number">0</Data></Cell>
    <Cell><Data ss:Type="String">2023-12-07 16:15:52.275722</Data></Cell>
   </Row>
   <Row>
    <Cell><Data ss:Type="String">1559</Data></Cell>
    <Cell><Data ss:Type="Number">0.26</Data></Cell>
    <Cell><Data ss:Type="Number">-10.02</Data></Cell>
    <Cell><Data ss:Type="Number">0.13</Data></Cell>
    <Cell><Data ss:Type="Number">-9.44</Data></Cell>
    <Cell><Data ss:Type="Number">-7.0000000000000007E-2</Data></Cell>
    <Cell><Data ss:Type="Number">-0.95</Data></Cell>
    <Cell><Data ss:Type="Number">22.7</Data></Cell>
    <Cell><Data ss:Type="Number">39.5</Data></Cell>
    <Cell><Data ss:Type="Number">0</Data></Cell>
    <Cell><Data ss:Type="Number">0</Data></Cell>
    <Cell><Data ss:Type="String">2023-12-07 16:15:52.196295</Data></Cell>
   </Row>
   <Row>
    <Cell><Data ss:Type="String">1558</Data></Cell>
    <Cell><Data ss:Type="Number">0.3</Data></Cell>
    <Cell><Data ss:Type="Number">-9.9</Data></Cell>
    <Cell><Data ss:Type="Number">0.14000000000000001</Data></Cell>
    <Cell><Data ss:Type="Number">-9.4</Data></Cell>
    <Cell><Data ss:Type="Number">-7.0000000000000007E-2</Data></Cell>
    <Cell><Data ss:Type="Number">-0.91</Data></Cell>
    <Cell><Data ss:Type="Number">22.7</Data></Cell>
    <Cell><Data ss:Type="Number">39.5</Data></Cell>
    <Cell><Data ss:Type="Number">0</Data></Cell>
    <Cell><Data ss:Type="Number">0</Data></Cell>
    <Cell><Data ss:Type="String">2023-12-07 16:15:52.162047</Data></Cell>
   </Row>
   <Row>
    <Cell><Data ss:Type="String">1557</Data></Cell>
    <Cell><Data ss:Type="Number">0.28000000000000003</Data></Cell>
    <Cell><Data ss:Type="Number">-9.94</Data></Cell>
    <Cell><Data ss:Type="Number">0.14000000000000001</Data></Cell>
    <Cell><Data ss:Type="Number">-9.42</Data></Cell>
    <Cell><Data ss:Type="Number">-0.08</Data></Cell>
    <Cell><Data ss:Type="Number">-0.94</Data></Cell>
    <Cell><Data ss:Type="Number">22.7</Data></Cell>
    <Cell><Data ss:Type="Number">39.5</Data></Cell>
    <Cell><Data ss:Type="Number">0</Data></Cell>
    <Cell><Data ss:Type="Number">0</Data></Cell>
    <Cell><Data ss:Type="String">2023-12-07 16:15:52.160402</Data></Cell>
   </Row>
   <Row>
    <Cell><Data ss:Type="String">1556</Data></Cell>
    <Cell><Data ss:Type="Number">0.28000000000000003</Data></Cell>
    <Cell><Data ss:Type="Number">-9.9700000000000006</Data></Cell>
    <Cell><Data ss:Type="Number">0.17</Data></Cell>
    <Cell><Data ss:Type="Number">-9.49</Data></Cell>
    <Cell><Data ss:Type="Number">-0.06</Data></Cell>
    <Cell><Data ss:Type="Number">-0.89</Data></Cell>
    <Cell><Data ss:Type="Number">22.7</Data></Cell>
    <Cell><Data ss:Type="Number">39.5</Data></Cell>
    <Cell><Data ss:Type="Number">0</Data></Cell>
    <Cell><Data ss:Type="Number">0</Data></Cell>
    <Cell><Data ss:Type="String">2023-12-07 16:15:52.158166</Data></Cell>
   </Row>
   <Row>
    <Cell><Data ss:Type="String">1555</Data></Cell>
    <Cell><Data ss:Type="Number">0.31</Data></Cell>
    <Cell><Data ss:Type="Number">-10.14</Data></Cell>
    <Cell><Data ss:Type="Number">0.11</Data></Cell>
    <Cell><Data ss:Type="Number">-9.57</Data></Cell>
    <Cell><Data ss:Type="Number">-0.06</Data></Cell>
    <Cell><Data ss:Type="Number">-0.89</Data></Cell>
    <Cell><Data ss:Type="Number">22.7</Data></Cell>
    <Cell><Data ss:Type="Number">39.5</Data></Cell>
    <Cell><Data ss:Type="Number">0</Data></Cell>
    <Cell><Data ss:Type="Number">0</Data></Cell>
    <Cell><Data ss:Type="String">2023-12-07 16:15:52.156030</Data></Cell>
   </Row>
   <Row>
    <Cell><Data ss:Type="String">1554</Data></Cell>
    <Cell><Data ss:Type="Number">0.3</Data></Cell>
    <Cell><Data ss:Type="Number">-10.29</Data></Cell>
    <Cell><Data ss:Type="Number">0.2</Data></Cell>
    <Cell><Data ss:Type="Number">-9.5399999999999991</Data></Cell>
    <Cell><Data ss:Type="Number">-0.06</Data></Cell>
    <Cell><Data ss:Type="Number">-0.9</Data></Cell>
    <Cell><Data ss:Type="Number">22.7</Data></Cell>
    <Cell><Data ss:Type="Number">39.5</Data></Cell>
    <Cell><Data ss:Type="Number">0</Data></Cell>
    <Cell><Data ss:Type="Number">0</Data></Cell>
    <Cell><Data ss:Type="String">2023-12-07 16:15:52.153751</Data></Cell>
   </Row>
   <Row>
    <Cell><Data ss:Type="String">1553</Data></Cell>
    <Cell><Data ss:Type="Number">0.28999999999999998</Data></Cell>
    <Cell><Data ss:Type="Number">-10.14</Data></Cell>
    <Cell><Data ss:Type="Number">-7.0000000000000007E-2</Data></Cell>
    <Cell><Data ss:Type="Number">-9.42</Data></Cell>
    <Cell><Data ss:Type="Number">-0.1</Data></Cell>
    <Cell><Data ss:Type="Number">-0.94</Data></Cell>
    <Cell><Data ss:Type="Number">22.7</Data></Cell>
    <Cell><Data ss:Type="Number">39.5</Data></Cell>
    <Cell><Data ss:Type="Number">0</Data></Cell>
    <Cell><Data ss:Type="Number">0</Data></Cell>
    <Cell><Data ss:Type="String">2023-12-07 16:15:52.151346</Data></Cell>
   </Row>
   <Row>
    <Cell><Data ss:Type="String">1552</Data></Cell>
    <Cell><Data ss:Type="Number">0.25</Data></Cell>
    <Cell><Data ss:Type="Number">-9.9499999999999993</Data></Cell>
    <Cell><Data ss:Type="Number">0.13</Data></Cell>
    <Cell><Data ss:Type="Number">-9.44</Data></Cell>
    <Cell><Data ss:Type="Number">-7.0000000000000007E-2</Data></Cell>
    <Cell><Data ss:Type="Number">-0.92</Data></Cell>
    <Cell><Data ss:Type="Number">22.7</Data></Cell>
    <Cell><Data ss:Type="Number">39.5</Data></Cell>
    <Cell><Data ss:Type="Number">0</Data></Cell>
    <Cell><Data ss:Type="Number">0</Data></Cell>
    <Cell><Data ss:Type="String">2023-12-07 16:15:51.953156</Data></Cell>
   </Row>
   <Row>
    <Cell><Data ss:Type="String">1551</Data></Cell>
    <Cell><Data ss:Type="Number">0.3</Data></Cell>
    <Cell><Data ss:Type="Number">-10.1</Data></Cell>
    <Cell><Data ss:Type="Number">0.17</Data></Cell>
    <Cell><Data ss:Type="Number">-9.51</Data></Cell>
    <Cell><Data ss:Type="Number">-0.08</Data></Cell>
    <Cell><Data ss:Type="Number">-0.87</Data></Cell>
    <Cell><Data ss:Type="Number">22.7</Data></Cell>
    <Cell><Data ss:Type="Number">39.5</Data></Cell>
    <Cell><Data ss:Type="Number">0</Data></Cell>
    <Cell><Data ss:Type="Number">0</Data></Cell>
    <Cell><Data ss:Type="String">2023-12-07 16:15:51.908364</Data></Cell>
   </Row>
   <Row>
    <Cell><Data ss:Type="String">1550</Data></Cell>
    <Cell><Data ss:Type="Number">0.3</Data></Cell>
    <Cell><Data ss:Type="Number">-10.3</Data></Cell>
    <Cell><Data ss:Type="Number">0.12</Data></Cell>
    <Cell><Data ss:Type="Number">-9.56</Data></Cell>
    <Cell><Data ss:Type="Number">-0.1</Data></Cell>
    <Cell><Data ss:Type="Number">-0.9</Data></Cell>
    <Cell><Data ss:Type="Number">22.7</Data></Cell>
    <Cell><Data ss:Type="Number">39.5</Data></Cell>
    <Cell><Data ss:Type="Number">0</Data></Cell>
    <Cell><Data ss:Type="Number">0</Data></Cell>
    <Cell><Data ss:Type="String">2023-12-07 16:15:51.905563</Data></Cell>
   </Row>
   <Row>
    <Cell><Data ss:Type="String">1549</Data></Cell>
    <Cell><Data ss:Type="Number">0.22</Data></Cell>
    <Cell><Data ss:Type="Number">-10.06</Data></Cell>
    <Cell><Data ss:Type="Number">0.15</Data></Cell>
    <Cell><Data ss:Type="Number">-9.4600000000000009</Data></Cell>
    <Cell><Data ss:Type="Number">-0.06</Data></Cell>
    <Cell><Data ss:Type="Number">-0.93</Data></Cell>
    <Cell><Data ss:Type="Number">22.7</Data></Cell>
    <Cell><Data ss:Type="Number">39.5</Data></Cell>
    <Cell><Data ss:Type="Number">0</Data></Cell>
    <Cell><Data ss:Type="Number">0</Data></Cell>
    <Cell><Data ss:Type="String">2023-12-07 16:15:51.860478</Data></Cell>
   </Row>
   <Row>
    <Cell><Data ss:Type="String">1548</Data></Cell>
    <Cell><Data ss:Type="Number">0.34</Data></Cell>
    <Cell><Data ss:Type="Number">-9.9700000000000006</Data></Cell>
    <Cell><Data ss:Type="Number">0.25</Data></Cell>
    <Cell><Data ss:Type="Number">-9.4</Data></Cell>
    <Cell><Data ss:Type="Number">-0.09</Data></Cell>
    <Cell><Data ss:Type="Number">-0.94</Data></Cell>
    <Cell><Data ss:Type="Number">22.7</Data></Cell>
    <Cell><Data ss:Type="Number">39.5</Data></Cell>
    <Cell><Data ss:Type="Number">0</Data></Cell>
    <Cell><Data ss:Type="Number">0</Data></Cell>
    <Cell><Data ss:Type="String">2023-12-07 16:15:51.813820</Data></Cell>
   </Row>
   <Row>
    <Cell><Data ss:Type="String">1547</Data></Cell>
    <Cell><Data ss:Type="Number">0.32</Data></Cell>
    <Cell><Data ss:Type="Number">-10.01</Data></Cell>
    <Cell><Data ss:Type="Number">0.14000000000000001</Data></Cell>
    <Cell><Data ss:Type="Number">-9.5</Data></Cell>
    <Cell><Data ss:Type="Number">-0.09</Data></Cell>
    <Cell><Data ss:Type="Number">-0.91</Data></Cell>
    <Cell><Data ss:Type="Number">22.7</Data></Cell>
    <Cell><Data ss:Type="Number">39.5</Data></Cell>
    <Cell><Data ss:Type="Number">0</Data></Cell>
    <Cell><Data ss:Type="Number">0</Data></Cell>
    <Cell><Data ss:Type="String">2023-12-07 16:15:51.812079</Data></Cell>
   </Row>
   <Row>
    <Cell><Data ss:Type="String">1546</Data></Cell>
    <Cell><Data ss:Type="Number">0.28000000000000003</Data></Cell>
    <Cell><Data ss:Type="Number">-10.11</Data></Cell>
    <Cell><Data ss:Type="Number">-0.03</Data></Cell>
    <Cell><Data ss:Type="Number">-9.5399999999999991</Data></Cell>
    <Cell><Data ss:Type="Number">-0.06</Data></Cell>
    <Cell><Data ss:Type="Number">-0.9</Data></Cell>
    <Cell><Data ss:Type="Number">22.7</Data></Cell>
    <Cell><Data ss:Type="Number">39.5</Data></Cell>
    <Cell><Data ss:Type="Number">0</Data></Cell>
    <Cell><Data ss:Type="Number">0</Data></Cell>
    <Cell><Data ss:Type="String">2023-12-07 16:15:51.766339</Data></Cell>
   </Row>
   <Row>
    <Cell><Data ss:Type="String">1545</Data></Cell>
    <Cell><Data ss:Type="Number">0.32</Data></Cell>
    <Cell><Data ss:Type="Number">-10.15</Data></Cell>
    <Cell><Data ss:Type="Number">0.02</Data></Cell>
    <Cell><Data ss:Type="Number">-9.48</Data></Cell>
    <Cell><Data ss:Type="Number">-0.1</Data></Cell>
    <Cell><Data ss:Type="Number">-0.93</Data></Cell>
    <Cell><Data ss:Type="Number">22.7</Data></Cell>
    <Cell><Data ss:Type="Number">39.5</Data></Cell>
    <Cell><Data ss:Type="Number">0</Data></Cell>
    <Cell><Data ss:Type="Number">0</Data></Cell>
    <Cell><Data ss:Type="String">2023-12-07 16:15:51.720657</Data></Cell>
   </Row>
   <Row>
    <Cell><Data ss:Type="String">1544</Data></Cell>
    <Cell><Data ss:Type="Number">0.25</Data></Cell>
    <Cell><Data ss:Type="Number">-9.89</Data></Cell>
    <Cell><Data ss:Type="Number">0.13</Data></Cell>
    <Cell><Data ss:Type="Number">-9.4</Data></Cell>
    <Cell><Data ss:Type="Number">-0.06</Data></Cell>
    <Cell><Data ss:Type="Number">-0.9</Data></Cell>
    <Cell><Data ss:Type="Number">22.7</Data></Cell>
    <Cell><Data ss:Type="Number">39.5</Data></Cell>
    <Cell><Data ss:Type="Number">0</Data></Cell>
    <Cell><Data ss:Type="Number">0</Data></Cell>
    <Cell><Data ss:Type="String">2023-12-07 16:15:51.677540</Data></Cell>
   </Row>
   <Row>
    <Cell><Data ss:Type="String">1543</Data></Cell>
    <Cell><Data ss:Type="Number">0.26</Data></Cell>
    <Cell><Data ss:Type="Number">-10</Data></Cell>
    <Cell><Data ss:Type="Number">0.11</Data></Cell>
    <Cell><Data ss:Type="Number">-9.48</Data></Cell>
    <Cell><Data ss:Type="Number">-0.09</Data></Cell>
    <Cell><Data ss:Type="Number">-0.92</Data></Cell>
    <Cell><Data ss:Type="Number">22.7</Data></Cell>
    <Cell><Data ss:Type="Number">39.5</Data></Cell>
    <Cell><Data ss:Type="Number">0</Data></Cell>
    <Cell><Data ss:Type="Number">0</Data></Cell>
    <Cell><Data ss:Type="String">2023-12-07 16:15:51.675654</Data></Cell>
   </Row>
   <Row>
    <Cell><Data ss:Type="String">1542</Data></Cell>
    <Cell><Data ss:Type="Number">0.31</Data></Cell>
    <Cell><Data ss:Type="Number">-10.28</Data></Cell>
    <Cell><Data ss:Type="Number">0.06</Data></Cell>
    <Cell><Data ss:Type="Number">-9.5500000000000007</Data></Cell>
    <Cell><Data ss:Type="Number">-0.06</Data></Cell>
    <Cell><Data ss:Type="Number">-0.89</Data></Cell>
    <Cell><Data ss:Type="Number">22.7</Data></Cell>
    <Cell><Data ss:Type="Number">39.5</Data></Cell>
    <Cell><Data ss:Type="Number">0</Data></Cell>
    <Cell><Data ss:Type="Number">0</Data></Cell>
    <Cell><Data ss:Type="String">2023-12-07 16:15:51.628871</Data></Cell>
   </Row>
   <Row>
    <Cell><Data ss:Type="String">1541</Data></Cell>
    <Cell><Data ss:Type="Number">0.25</Data></Cell>
    <Cell><Data ss:Type="Number">-10.220000000000001</Data></Cell>
    <Cell><Data ss:Type="Number">0.15</Data></Cell>
    <Cell><Data ss:Type="Number">-9.5399999999999991</Data></Cell>
    <Cell><Data ss:Type="Number">-0.06</Data></Cell>
    <Cell><Data ss:Type="Number">-0.89</Data></Cell>
    <Cell><Data ss:Type="Number">22.7</Data></Cell>
    <Cell><Data ss:Type="Number">39.5</Data></Cell>
    <Cell><Data ss:Type="Number">0</Data></Cell>
    <Cell><Data ss:Type="Number">0</Data></Cell>
    <Cell><Data ss:Type="String">2023-12-07 16:15:51.586083</Data></Cell>
   </Row>
   <Row>
    <Cell><Data ss:Type="String">1540</Data></Cell>
    <Cell><Data ss:Type="Number">0.27</Data></Cell>
    <Cell><Data ss:Type="Number">-10.07</Data></Cell>
    <Cell><Data ss:Type="Number">0.19</Data></Cell>
    <Cell><Data ss:Type="Number">-9.4600000000000009</Data></Cell>
    <Cell><Data ss:Type="Number">-0.1</Data></Cell>
    <Cell><Data ss:Type="Number">-0.89</Data></Cell>
    <Cell><Data ss:Type="Number">22.7</Data></Cell>
    <Cell><Data ss:Type="Number">39.5</Data></Cell>
    <Cell><Data ss:Type="Number">0</Data></Cell>
    <Cell><Data ss:Type="Number">0</Data></Cell>
    <Cell><Data ss:Type="String">2023-12-07 16:15:51.540856</Data></Cell>
   </Row>
   <Row>
    <Cell><Data ss:Type="String">1539</Data></Cell>
    <Cell><Data ss:Type="Number">0.23</Data></Cell>
    <Cell><Data ss:Type="Number">-9.92</Data></Cell>
    <Cell><Data ss:Type="Number">0.01</Data></Cell>
    <Cell><Data ss:Type="Number">-9.41</Data></Cell>
    <Cell><Data ss:Type="Number">-0.05</Data></Cell>
    <Cell><Data ss:Type="Number">-0.92</Data></Cell>
    <Cell><Data ss:Type="Number">22.7</Data></Cell>
    <Cell><Data ss:Type="Number">39.5</Data></Cell>
    <Cell><Data ss:Type="Number">0</Data></Cell>
    <Cell><Data ss:Type="Number">0</Data></Cell>
    <Cell><Data ss:Type="String">2023-12-07 16:15:51.538385</Data></Cell>
   </Row>
   <Row>
    <Cell><Data ss:Type="String">1538</Data></Cell>
    <Cell><Data ss:Type="Number">0.34</Data></Cell>
    <Cell><Data ss:Type="Number">-10.029999999999999</Data></Cell>
    <Cell><Data ss:Type="Number">0.15</Data></Cell>
    <Cell><Data ss:Type="Number">-9.4700000000000006</Data></Cell>
    <Cell><Data ss:Type="Number">-0.09</Data></Cell>
    <Cell><Data ss:Type="Number">-0.9</Data></Cell>
    <Cell><Data ss:Type="Number">22.7</Data></Cell>
    <Cell><Data ss:Type="Number">39.5</Data></Cell>
    <Cell><Data ss:Type="Number">0</Data></Cell>
    <Cell><Data ss:Type="Number">0</Data></Cell>
    <Cell><Data ss:Type="String">2023-12-07 16:15:51.487938</Data></Cell>
   </Row>
   <Row>
    <Cell><Data ss:Type="String">1537</Data></Cell>
    <Cell><Data ss:Type="Number">0.28000000000000003</Data></Cell>
    <Cell><Data ss:Type="Number">-10.27</Data></Cell>
    <Cell><Data ss:Type="Number">0.19</Data></Cell>
    <Cell><Data ss:Type="Number">-9.5500000000000007</Data></Cell>
    <Cell><Data ss:Type="Number">-7.0000000000000007E-2</Data></Cell>
    <Cell><Data ss:Type="Number">-0.87</Data></Cell>
    <Cell><Data ss:Type="Number">22.7</Data></Cell>
    <Cell><Data ss:Type="Number">39.5</Data></Cell>
    <Cell><Data ss:Type="Number">0</Data></Cell>
    <Cell><Data ss:Type="Number">0</Data></Cell>
    <Cell><Data ss:Type="String">2023-12-07 16:15:51.485583</Data></Cell>
   </Row>
   <Row>
    <Cell><Data ss:Type="String">1536</Data></Cell>
    <Cell><Data ss:Type="Number">0.3</Data></Cell>
    <Cell><Data ss:Type="Number">-10.130000000000001</Data></Cell>
    <Cell><Data ss:Type="Number">0.16</Data></Cell>
    <Cell><Data ss:Type="Number">-9.4700000000000006</Data></Cell>
    <Cell><Data ss:Type="Number">-0.08</Data></Cell>
    <Cell><Data ss:Type="Number">-0.89</Data></Cell>
    <Cell><Data ss:Type="Number">22.7</Data></Cell>
    <Cell><Data ss:Type="Number">39.5</Data></Cell>
    <Cell><Data ss:Type="Number">0</Data></Cell>
    <Cell><Data ss:Type="Number">0</Data></Cell>
    <Cell><Data ss:Type="String">2023-12-07 16:15:51.435643</Data></Cell>
   </Row>
   <Row>
    <Cell><Data ss:Type="String">1535</Data></Cell>
    <Cell><Data ss:Type="Number">0.3</Data></Cell>
    <Cell><Data ss:Type="Number">-10.01</Data></Cell>
    <Cell><Data ss:Type="Number">0.15</Data></Cell>
    <Cell><Data ss:Type="Number">-9.43</Data></Cell>
    <Cell><Data ss:Type="Number">-0.09</Data></Cell>
    <Cell><Data ss:Type="Number">-0.91</Data></Cell>
    <Cell><Data ss:Type="Number">22.7</Data></Cell>
    <Cell><Data ss:Type="Number">39.5</Data></Cell>
    <Cell><Data ss:Type="Number">0</Data></Cell>
    <Cell><Data ss:Type="Number">0</Data></Cell>
    <Cell><Data ss:Type="String">2023-12-07 16:15:51.434312</Data></Cell>
   </Row>
   <Row>
    <Cell><Data ss:Type="String">1534</Data></Cell>
    <Cell><Data ss:Type="Number">0.28999999999999998</Data></Cell>
    <Cell><Data ss:Type="Number">-9.9600000000000009</Data></Cell>
    <Cell><Data ss:Type="Number">0.12</Data></Cell>
    <Cell><Data ss:Type="Number">-9.44</Data></Cell>
    <Cell><Data ss:Type="Number">-0.04</Data></Cell>
    <Cell><Data ss:Type="Number">-0.93</Data></Cell>
    <Cell><Data ss:Type="Number">22.7</Data></Cell>
    <Cell><Data ss:Type="Number">39.5</Data></Cell>
    <Cell><Data ss:Type="Number">0</Data></Cell>
    <Cell><Data ss:Type="Number">0</Data></Cell>
    <Cell><Data ss:Type="String">2023-12-07 16:15:51.433148</Data></Cell>
   </Row>
   <Row>
    <Cell><Data ss:Type="String">1533</Data></Cell>
    <Cell><Data ss:Type="Number">0.31</Data></Cell>
    <Cell><Data ss:Type="Number">-10.11</Data></Cell>
    <Cell><Data ss:Type="Number">0.15</Data></Cell>
    <Cell><Data ss:Type="Number">-9.51</Data></Cell>
    <Cell><Data ss:Type="Number">-0.1</Data></Cell>
    <Cell><Data ss:Type="Number">-0.89</Data></Cell>
    <Cell><Data ss:Type="Number">22.7</Data></Cell>
    <Cell><Data ss:Type="Number">39.5</Data></Cell>
    <Cell><Data ss:Type="Number">0</Data></Cell>
    <Cell><Data ss:Type="Number">0</Data></Cell>
    <Cell><Data ss:Type="String">2023-12-07 16:15:51.431820</Data></Cell>
   </Row>
   <Row>
    <Cell><Data ss:Type="String">1532</Data></Cell>
    <Cell><Data ss:Type="Number">0.24</Data></Cell>
    <Cell><Data ss:Type="Number">-10.23</Data></Cell>
    <Cell><Data ss:Type="Number">0.17</Data></Cell>
    <Cell><Data ss:Type="Number">-9.57</Data></Cell>
    <Cell><Data ss:Type="Number">-0.08</Data></Cell>
    <Cell><Data ss:Type="Number">-0.88</Data></Cell>
    <Cell><Data ss:Type="Number">22.7</Data></Cell>
    <Cell><Data ss:Type="Number">39.5</Data></Cell>
    <Cell><Data ss:Type="Number">0</Data></Cell>
    <Cell><Data ss:Type="Number">0</Data></Cell>
    <Cell><Data ss:Type="String">2023-12-07 16:15:51.430437</Data></Cell>
   </Row>
   <Row>
    <Cell><Data ss:Type="String">1531</Data></Cell>
    <Cell><Data ss:Type="Number">0.36</Data></Cell>
    <Cell><Data ss:Type="Number">-10.28</Data></Cell>
    <Cell><Data ss:Type="Number">0.2</Data></Cell>
    <Cell><Data ss:Type="Number">-9.51</Data></Cell>
    <Cell><Data ss:Type="Number">-0.05</Data></Cell>
    <Cell><Data ss:Type="Number">-0.89</Data></Cell>
    <Cell><Data ss:Type="Number">22.7</Data></Cell>
    <Cell><Data ss:Type="Number">39.5</Data></Cell>
    <Cell><Data ss:Type="Number">0</Data></Cell>
    <Cell><Data ss:Type="Number">0</Data></Cell>
    <Cell><Data ss:Type="String">2023-12-07 16:15:51.428892</Data></Cell>
   </Row>
   <Row>
    <Cell><Data ss:Type="String">1530</Data></Cell>
    <Cell><Data ss:Type="Number">0.33</Data></Cell>
    <Cell><Data ss:Type="Number">-9.98</Data></Cell>
    <Cell><Data ss:Type="Number">0.17</Data></Cell>
    <Cell><Data ss:Type="Number">-9.4499999999999993</Data></Cell>
    <Cell><Data ss:Type="Number">-0.08</Data></Cell>
    <Cell><Data ss:Type="Number">-0.91</Data></Cell>
    <Cell><Data ss:Type="Number">22.7</Data></Cell>
    <Cell><Data ss:Type="Number">39.5</Data></Cell>
    <Cell><Data ss:Type="Number">0</Data></Cell>
    <Cell><Data ss:Type="Number">0</Data></Cell>
    <Cell><Data ss:Type="String">2023-12-07 16:15:51.427393</Data></Cell>
   </Row>
   <Row>
    <Cell><Data ss:Type="String">1529</Data></Cell>
    <Cell><Data ss:Type="Number">0.25</Data></Cell>
    <Cell><Data ss:Type="Number">-9.91</Data></Cell>
    <Cell><Data ss:Type="Number">-0.03</Data></Cell>
    <Cell><Data ss:Type="Number">-9.49</Data></Cell>
    <Cell><Data ss:Type="Number">-0.06</Data></Cell>
    <Cell><Data ss:Type="Number">-0.95</Data></Cell>
    <Cell><Data ss:Type="Number">22.7</Data></Cell>
    <Cell><Data ss:Type="Number">39.5</Data></Cell>
    <Cell><Data ss:Type="Number">0</Data></Cell>
    <Cell><Data ss:Type="Number">0</Data></Cell>
    <Cell><Data ss:Type="String">2023-12-07 16:15:51.197667</Data></Cell>
   </Row>
   <Row>
    <Cell><Data ss:Type="String">1528</Data></Cell>
    <Cell><Data ss:Type="Number">0.31</Data></Cell>
    <Cell><Data ss:Type="Number">-10.19</Data></Cell>
    <Cell><Data ss:Type="Number">0.21</Data></Cell>
    <Cell><Data ss:Type="Number">-9.52</Data></Cell>
    <Cell><Data ss:Type="Number">-7.0000000000000007E-2</Data></Cell>
    <Cell><Data ss:Type="Number">-0.9</Data></Cell>
    <Cell><Data ss:Type="Number">22.7</Data></Cell>
    <Cell><Data ss:Type="Number">39.5</Data></Cell>
    <Cell><Data ss:Type="Number">0</Data></Cell>
    <Cell><Data ss:Type="Number">0</Data></Cell>
    <Cell><Data ss:Type="String">2023-12-07 16:15:51.152547</Data></Cell>
   </Row>
   <Row>
    <Cell><Data ss:Type="String">1527</Data></Cell>
    <Cell><Data ss:Type="Number">0.26</Data></Cell>
    <Cell><Data ss:Type="Number">-10.29</Data></Cell>
    <Cell><Data ss:Type="Number">0.36</Data></Cell>
    <Cell><Data ss:Type="Number">-9.5399999999999991</Data></Cell>
    <Cell><Data ss:Type="Number">-7.0000000000000007E-2</Data></Cell>
    <Cell><Data ss:Type="Number">-0.87</Data></Cell>
    <Cell><Data ss:Type="Number">22.7</Data></Cell>
    <Cell><Data ss:Type="Number">39.5</Data></Cell>
    <Cell><Data ss:Type="Number">0</Data></Cell>
    <Cell><Data ss:Type="Number">0</Data></Cell>
    <Cell><Data ss:Type="String">2023-12-07 16:15:51.108180</Data></Cell>
   </Row>
   <Row>
    <Cell><Data ss:Type="String">1526</Data></Cell>
    <Cell><Data ss:Type="Number">0.25</Data></Cell>
    <Cell><Data ss:Type="Number">-10</Data></Cell>
    <Cell><Data ss:Type="Number">0.15</Data></Cell>
    <Cell><Data ss:Type="Number">-9.41</Data></Cell>
    <Cell><Data ss:Type="Number">-0.06</Data></Cell>
    <Cell><Data ss:Type="Number">-0.95</Data></Cell>
    <Cell><Data ss:Type="Number">22.7</Data></Cell>
    <Cell><Data ss:Type="Number">39.5</Data></Cell>
    <Cell><Data ss:Type="Number">0</Data></Cell>
    <Cell><Data ss:Type="Number">0</Data></Cell>
    <Cell><Data ss:Type="String">2023-12-07 16:15:51.105707</Data></Cell>
   </Row>
   <Row>
    <Cell><Data ss:Type="String">1525</Data></Cell>
    <Cell><Data ss:Type="Number">0.25</Data></Cell>
    <Cell><Data ss:Type="Number">-9.82</Data></Cell>
    <Cell><Data ss:Type="Number">0.03</Data></Cell>
    <Cell><Data ss:Type="Number">-9.42</Data></Cell>
    <Cell><Data ss:Type="Number">-0.06</Data></Cell>
    <Cell><Data ss:Type="Number">-0.95</Data></Cell>
    <Cell><Data ss:Type="Number">22.7</Data></Cell>
    <Cell><Data ss:Type="Number">39.5</Data></Cell>
    <Cell><Data ss:Type="Number">0</Data></Cell>
    <Cell><Data ss:Type="Number">0</Data></Cell>
    <Cell><Data ss:Type="String">2023-12-07 16:15:51.059522</Data></Cell>
   </Row>
   <Row>
    <Cell><Data ss:Type="String">1524</Data></Cell>
    <Cell><Data ss:Type="Number">0.26</Data></Cell>
    <Cell><Data ss:Type="Number">-10.18</Data></Cell>
    <Cell><Data ss:Type="Number">7.0000000000000007E-2</Data></Cell>
    <Cell><Data ss:Type="Number">-9.56</Data></Cell>
    <Cell><Data ss:Type="Number">-0.09</Data></Cell>
    <Cell><Data ss:Type="Number">-0.92</Data></Cell>
    <Cell><Data ss:Type="Number">22.7</Data></Cell>
    <Cell><Data ss:Type="Number">39.5</Data></Cell>
    <Cell><Data ss:Type="Number">0</Data></Cell>
    <Cell><Data ss:Type="Number">0</Data></Cell>
    <Cell><Data ss:Type="String">2023-12-07 16:15:51.014262</Data></Cell>
   </Row>
   <Row>
    <Cell><Data ss:Type="String">1523</Data></Cell>
    <Cell><Data ss:Type="Number">0.25</Data></Cell>
    <Cell><Data ss:Type="Number">-10.210000000000001</Data></Cell>
    <Cell><Data ss:Type="Number">0.25</Data></Cell>
    <Cell><Data ss:Type="Number">-9.5299999999999994</Data></Cell>
    <Cell><Data ss:Type="Number">-0.05</Data></Cell>
    <Cell><Data ss:Type="Number">-0.86</Data></Cell>
    <Cell><Data ss:Type="Number">22.7</Data></Cell>
    <Cell><Data ss:Type="Number">39.5</Data></Cell>
    <Cell><Data ss:Type="Number">0</Data></Cell>
    <Cell><Data ss:Type="Number">0</Data></Cell>
    <Cell><Data ss:Type="String">2023-12-07 16:15:51.012734</Data></Cell>
   </Row>
   <Row>
    <Cell><Data ss:Type="String">1522</Data></Cell>
    <Cell><Data ss:Type="Number">0.28000000000000003</Data></Cell>
    <Cell><Data ss:Type="Number">-10.06</Data></Cell>
    <Cell><Data ss:Type="Number">0.16</Data></Cell>
    <Cell><Data ss:Type="Number">-9.49</Data></Cell>
    <Cell><Data ss:Type="Number">-0.1</Data></Cell>
    <Cell><Data ss:Type="Number">-0.94</Data></Cell>
    <Cell><Data ss:Type="Number">22.7</Data></Cell>
    <Cell><Data ss:Type="Number">39.5</Data></Cell>
    <Cell><Data ss:Type="Number">0</Data></Cell>
    <Cell><Data ss:Type="Number">0</Data></Cell>
    <Cell><Data ss:Type="String">2023-12-07 16:15:50.966506</Data></Cell>
   </Row>
   <Row>
    <Cell><Data ss:Type="String">1521</Data></Cell>
    <Cell><Data ss:Type="Number">0.23</Data></Cell>
    <Cell><Data ss:Type="Number">-9.9600000000000009</Data></Cell>
    <Cell><Data ss:Type="Number">0.16</Data></Cell>
    <Cell><Data ss:Type="Number">-9.42</Data></Cell>
    <Cell><Data ss:Type="Number">-0.06</Data></Cell>
    <Cell><Data ss:Type="Number">-0.9</Data></Cell>
    <Cell><Data ss:Type="Number">22.7</Data></Cell>
    <Cell><Data ss:Type="Number">39.5</Data></Cell>
    <Cell><Data ss:Type="Number">0</Data></Cell>
    <Cell><Data ss:Type="Number">0</Data></Cell>
    <Cell><Data ss:Type="String">2023-12-07 16:15:50.922087</Data></Cell>
   </Row>
   <Row>
    <Cell><Data ss:Type="String">1520</Data></Cell>
    <Cell><Data ss:Type="Number">0.34</Data></Cell>
    <Cell><Data ss:Type="Number">-9.93</Data></Cell>
    <Cell><Data ss:Type="Number">0.12</Data></Cell>
    <Cell><Data ss:Type="Number">-9.4700000000000006</Data></Cell>
    <Cell><Data ss:Type="Number">-0.06</Data></Cell>
    <Cell><Data ss:Type="Number">-0.89</Data></Cell>
    <Cell><Data ss:Type="Number">22.7</Data></Cell>
    <Cell><Data ss:Type="Number">39.5</Data></Cell>
    <Cell><Data ss:Type="Number">0</Data></Cell>
    <Cell><Data ss:Type="Number">0</Data></Cell>
    <Cell><Data ss:Type="String">2023-12-07 16:15:50.875953</Data></Cell>
   </Row>
   <Row>
    <Cell><Data ss:Type="String">1519</Data></Cell>
    <Cell><Data ss:Type="Number">0.31</Data></Cell>
    <Cell><Data ss:Type="Number">-10.18</Data></Cell>
    <Cell><Data ss:Type="Number">0.24</Data></Cell>
    <Cell><Data ss:Type="Number">-9.56</Data></Cell>
    <Cell><Data ss:Type="Number">-7.0000000000000007E-2</Data></Cell>
    <Cell><Data ss:Type="Number">-0.95</Data></Cell>
    <Cell><Data ss:Type="Number">22.7</Data></Cell>
    <Cell><Data ss:Type="Number">39.5</Data></Cell>
    <Cell><Data ss:Type="Number">0</Data></Cell>
    <Cell><Data ss:Type="Number">0</Data></Cell>
    <Cell><Data ss:Type="String">2023-12-07 16:15:50.874468</Data></Cell>
   </Row>
   <Row>
    <Cell><Data ss:Type="String">1518</Data></Cell>
    <Cell><Data ss:Type="Number">0.25</Data></Cell>
    <Cell><Data ss:Type="Number">-10.09</Data></Cell>
    <Cell><Data ss:Type="Number">0.21</Data></Cell>
    <Cell><Data ss:Type="Number">-9.4499999999999993</Data></Cell>
    <Cell><Data ss:Type="Number">-0.05</Data></Cell>
    <Cell><Data ss:Type="Number">-0.87</Data></Cell>
    <Cell><Data ss:Type="Number">22.7</Data></Cell>
    <Cell><Data ss:Type="Number">39.5</Data></Cell>
    <Cell><Data ss:Type="Number">0</Data></Cell>
    <Cell><Data ss:Type="Number">0</Data></Cell>
    <Cell><Data ss:Type="String">2023-12-07 16:15:50.829685</Data></Cell>
   </Row>
   <Row>
    <Cell><Data ss:Type="String">1517</Data></Cell>
    <Cell><Data ss:Type="Number">0.34</Data></Cell>
    <Cell><Data ss:Type="Number">-10.02</Data></Cell>
    <Cell><Data ss:Type="Number">0.12</Data></Cell>
    <Cell><Data ss:Type="Number">-9.41</Data></Cell>
    <Cell><Data ss:Type="Number">-0.09</Data></Cell>
    <Cell><Data ss:Type="Number">-0.96</Data></Cell>
    <Cell><Data ss:Type="Number">22.7</Data></Cell>
    <Cell><Data ss:Type="Number">39.5</Data></Cell>
    <Cell><Data ss:Type="Number">0</Data></Cell>
    <Cell><Data ss:Type="Number">0</Data></Cell>
    <Cell><Data ss:Type="String">2023-12-07 16:15:50.782929</Data></Cell>
   </Row>
   <Row>
    <Cell><Data ss:Type="String">1516</Data></Cell>
    <Cell><Data ss:Type="Number">0.28999999999999998</Data></Cell>
    <Cell><Data ss:Type="Number">-10.01</Data></Cell>
    <Cell><Data ss:Type="Number">0.28000000000000003</Data></Cell>
    <Cell><Data ss:Type="Number">-9.44</Data></Cell>
    <Cell><Data ss:Type="Number">-0.06</Data></Cell>
    <Cell><Data ss:Type="Number">-0.9</Data></Cell>
    <Cell><Data ss:Type="Number">22.7</Data></Cell>
    <Cell><Data ss:Type="Number">39.5</Data></Cell>
    <Cell><Data ss:Type="Number">0</Data></Cell>
    <Cell><Data ss:Type="Number">0</Data></Cell>
    <Cell><Data ss:Type="String">2023-12-07 16:15:50.741074</Data></Cell>
   </Row>
   <Row>
    <Cell><Data ss:Type="String">1515</Data></Cell>
    <Cell><Data ss:Type="Number">0.27</Data></Cell>
    <Cell><Data ss:Type="Number">-10.16</Data></Cell>
    <Cell><Data ss:Type="Number">0.17</Data></Cell>
    <Cell><Data ss:Type="Number">-9.5299999999999994</Data></Cell>
    <Cell><Data ss:Type="Number">-0.06</Data></Cell>
    <Cell><Data ss:Type="Number">-0.91</Data></Cell>
    <Cell><Data ss:Type="Number">22.7</Data></Cell>
    <Cell><Data ss:Type="Number">39.5</Data></Cell>
    <Cell><Data ss:Type="Number">0</Data></Cell>
    <Cell><Data ss:Type="Number">0</Data></Cell>
    <Cell><Data ss:Type="String">2023-12-07 16:15:50.738971</Data></Cell>
   </Row>
   <Row>
    <Cell><Data ss:Type="String">1514</Data></Cell>
    <Cell><Data ss:Type="Number">0.36</Data></Cell>
    <Cell><Data ss:Type="Number">-10.199999999999999</Data></Cell>
    <Cell><Data ss:Type="Number">0.08</Data></Cell>
    <Cell><Data ss:Type="Number">-9.56</Data></Cell>
    <Cell><Data ss:Type="Number">-0.09</Data></Cell>
    <Cell><Data ss:Type="Number">-0.94</Data></Cell>
    <Cell><Data ss:Type="Number">22.7</Data></Cell>
    <Cell><Data ss:Type="Number">39.5</Data></Cell>
    <Cell><Data ss:Type="Number">0</Data></Cell>
    <Cell><Data ss:Type="Number">0</Data></Cell>
    <Cell><Data ss:Type="String">2023-12-07 16:15:50.690880</Data></Cell>
   </Row>
   <Row>
    <Cell><Data ss:Type="String">1513</Data></Cell>
    <Cell><Data ss:Type="Number">0.22</Data></Cell>
    <Cell><Data ss:Type="Number">-9.9499999999999993</Data></Cell>
    <Cell><Data ss:Type="Number">0.19</Data></Cell>
    <Cell><Data ss:Type="Number">-9.42</Data></Cell>
    <Cell><Data ss:Type="Number">-0.05</Data></Cell>
    <Cell><Data ss:Type="Number">-0.84</Data></Cell>
    <Cell><Data ss:Type="Number">22.7</Data></Cell>
    <Cell><Data ss:Type="Number">39.5</Data></Cell>
    <Cell><Data ss:Type="Number">0</Data></Cell>
    <Cell><Data ss:Type="Number">0</Data></Cell>
    <Cell><Data ss:Type="String">2023-12-07 16:15:50.649580</Data></Cell>
   </Row>
   <Row>
    <Cell><Data ss:Type="String">1512</Data></Cell>
    <Cell><Data ss:Type="Number">0.36</Data></Cell>
    <Cell><Data ss:Type="Number">-10.02</Data></Cell>
    <Cell><Data ss:Type="Number">0.09</Data></Cell>
    <Cell><Data ss:Type="Number">-9.5</Data></Cell>
    <Cell><Data ss:Type="Number">-0.13</Data></Cell>
    <Cell><Data ss:Type="Number">-1</Data></Cell>
    <Cell><Data ss:Type="Number">22.7</Data></Cell>
    <Cell><Data ss:Type="Number">39.5</Data></Cell>
    <Cell><Data ss:Type="Number">0</Data></Cell>
    <Cell><Data ss:Type="Number">0</Data></Cell>
    <Cell><Data ss:Type="String">2023-12-07 16:15:50.648139</Data></Cell>
   </Row>
   <Row>
    <Cell><Data ss:Type="String">1511</Data></Cell>
    <Cell><Data ss:Type="Number">0.25</Data></Cell>
    <Cell><Data ss:Type="Number">-10.07</Data></Cell>
    <Cell><Data ss:Type="Number">0.22</Data></Cell>
    <Cell><Data ss:Type="Number">-9.51</Data></Cell>
    <Cell><Data ss:Type="Number">-7.0000000000000007E-2</Data></Cell>
    <Cell><Data ss:Type="Number">-0.86</Data></Cell>
    <Cell><Data ss:Type="Number">22.7</Data></Cell>
    <Cell><Data ss:Type="Number">39.5</Data></Cell>
    <Cell><Data ss:Type="Number">0</Data></Cell>
    <Cell><Data ss:Type="Number">0</Data></Cell>
    <Cell><Data ss:Type="String">2023-12-07 16:15:50.593879</Data></Cell>
   </Row>
   <Row>
    <Cell><Data ss:Type="String">1510</Data></Cell>
    <Cell><Data ss:Type="Number">0.2</Data></Cell>
    <Cell><Data ss:Type="Number">-10.210000000000001</Data></Cell>
    <Cell><Data ss:Type="Number">0.03</Data></Cell>
    <Cell><Data ss:Type="Number">-9.56</Data></Cell>
    <Cell><Data ss:Type="Number">-0.05</Data></Cell>
    <Cell><Data ss:Type="Number">-0.93</Data></Cell>
    <Cell><Data ss:Type="Number">22.7</Data></Cell>
    <Cell><Data ss:Type="Number">39.5</Data></Cell>
    <Cell><Data ss:Type="Number">0</Data></Cell>
    <Cell><Data ss:Type="Number">0</Data></Cell>
    <Cell><Data ss:Type="String">2023-12-07 16:15:50.592453</Data></Cell>
   </Row>
   <Row>
    <Cell><Data ss:Type="String">1509</Data></Cell>
    <Cell><Data ss:Type="Number">0.25</Data></Cell>
    <Cell><Data ss:Type="Number">-10.25</Data></Cell>
    <Cell><Data ss:Type="Number">0.13</Data></Cell>
    <Cell><Data ss:Type="Number">-9.52</Data></Cell>
    <Cell><Data ss:Type="Number">0.05</Data></Cell>
    <Cell><Data ss:Type="Number">-0.93</Data></Cell>
    <Cell><Data ss:Type="Number">22.7</Data></Cell>
    <Cell><Data ss:Type="Number">39.5</Data></Cell>
    <Cell><Data ss:Type="Number">0</Data></Cell>
    <Cell><Data ss:Type="Number">0</Data></Cell>
    <Cell><Data ss:Type="String">2023-12-07 16:15:50.591023</Data></Cell>
   </Row>
   <Row>
    <Cell><Data ss:Type="String">1508</Data></Cell>
    <Cell><Data ss:Type="Number">7.0000000000000007E-2</Data></Cell>
    <Cell><Data ss:Type="Number">-10.130000000000001</Data></Cell>
    <Cell><Data ss:Type="Number">0.39</Data></Cell>
    <Cell><Data ss:Type="Number">-9.42</Data></Cell>
    <Cell><Data ss:Type="Number">-0.28000000000000003</Data></Cell>
    <Cell><Data ss:Type="Number">-0.84</Data></Cell>
    <Cell><Data ss:Type="Number">22.7</Data></Cell>
    <Cell><Data ss:Type="Number">39.5</Data></Cell>
    <Cell><Data ss:Type="Number">0</Data></Cell>
    <Cell><Data ss:Type="Number">0</Data></Cell>
    <Cell><Data ss:Type="String">2023-12-07 16:15:50.587265</Data></Cell>
   </Row>
   <Row>
    <Cell><Data ss:Type="String">1507</Data></Cell>
    <Cell><Data ss:Type="Number">0.53</Data></Cell>
    <Cell><Data ss:Type="Number">-10.15</Data></Cell>
    <Cell><Data ss:Type="Number">0.24</Data></Cell>
    <Cell><Data ss:Type="Number">-9.4499999999999993</Data></Cell>
    <Cell><Data ss:Type="Number">-0.21</Data></Cell>
    <Cell><Data ss:Type="Number">-0.97</Data></Cell>
    <Cell><Data ss:Type="Number">22.7</Data></Cell>
    <Cell><Data ss:Type="Number">39.5</Data></Cell>
    <Cell><Data ss:Type="Number">0</Data></Cell>
    <Cell><Data ss:Type="Number">0</Data></Cell>
    <Cell><Data ss:Type="String">2023-12-07 16:15:50.585476</Data></Cell>
   </Row>
   <Row>
    <Cell><Data ss:Type="String">1506</Data></Cell>
    <Cell><Data ss:Type="Number">-0.42</Data></Cell>
    <Cell><Data ss:Type="Number">-10.039999999999999</Data></Cell>
    <Cell><Data ss:Type="Number">-0.17</Data></Cell>
    <Cell><Data ss:Type="Number">-9.42</Data></Cell>
    <Cell><Data ss:Type="Number">0.19</Data></Cell>
    <Cell><Data ss:Type="Number">-0.89</Data></Cell>
    <Cell><Data ss:Type="Number">22.7</Data></Cell>
    <Cell><Data ss:Type="Number">39.5</Data></Cell>
    <Cell><Data ss:Type="Number">0</Data></Cell>
    <Cell><Data ss:Type="Number">0</Data></Cell>
    <Cell><Data ss:Type="String">2023-12-07 16:15:50.584061</Data></Cell>
   </Row>
   <Row>
    <Cell><Data ss:Type="String">1505</Data></Cell>
    <Cell><Data ss:Type="Number">-0.94</Data></Cell>
    <Cell><Data ss:Type="Number">-10.18</Data></Cell>
    <Cell><Data ss:Type="Number">-0.28999999999999998</Data></Cell>
    <Cell><Data ss:Type="Number">-9.6199999999999992</Data></Cell>
    <Cell><Data ss:Type="Number">0.64</Data></Cell>
    <Cell><Data ss:Type="Number">-1.0900000000000001</Data></Cell>
    <Cell><Data ss:Type="Number">22.7</Data></Cell>
    <Cell><Data ss:Type="Number">39.5</Data></Cell>
    <Cell><Data ss:Type="Number">0</Data></Cell>
    <Cell><Data ss:Type="Number">0</Data></Cell>
    <Cell><Data ss:Type="String">2023-12-07 16:15:50.582550</Data></Cell>
   </Row>
   <Row>
    <Cell><Data ss:Type="String">1504</Data></Cell>
    <Cell><Data ss:Type="Number">-1.81</Data></Cell>
    <Cell><Data ss:Type="Number">-10.119999999999999</Data></Cell>
    <Cell><Data ss:Type="Number">-1.05</Data></Cell>
    <Cell><Data ss:Type="Number">-9.66</Data></Cell>
    <Cell><Data ss:Type="Number">0.99</Data></Cell>
    <Cell><Data ss:Type="Number">-1.1499999999999999</Data></Cell>
    <Cell><Data ss:Type="Number">22.7</Data></Cell>
    <Cell><Data ss:Type="Number">39.5</Data></Cell>
    <Cell><Data ss:Type="Number">0</Data></Cell>
    <Cell><Data ss:Type="Number">0</Data></Cell>
    <Cell><Data ss:Type="String">2023-12-07 16:15:50.357674</Data></Cell>
   </Row>
   <Row>
    <Cell><Data ss:Type="String">1503</Data></Cell>
    <Cell><Data ss:Type="Number">0.61</Data></Cell>
    <Cell><Data ss:Type="Number">-10.37</Data></Cell>
    <Cell><Data ss:Type="Number">-0.71</Data></Cell>
    <Cell><Data ss:Type="Number">-9.35</Data></Cell>
    <Cell><Data ss:Type="Number">0.4</Data></Cell>
    <Cell><Data ss:Type="Number">-0.99</Data></Cell>
    <Cell><Data ss:Type="Number">22.7</Data></Cell>
    <Cell><Data ss:Type="Number">39.5</Data></Cell>
    <Cell><Data ss:Type="Number">0</Data></Cell>
    <Cell><Data ss:Type="Number">0</Data></Cell>
    <Cell><Data ss:Type="String">2023-12-07 16:15:50.294663</Data></Cell>
   </Row>
   <Row>
    <Cell><Data ss:Type="String">1502</Data></Cell>
    <Cell><Data ss:Type="Number">2.21</Data></Cell>
    <Cell><Data ss:Type="Number">-6.61</Data></Cell>
    <Cell><Data ss:Type="Number">0.23</Data></Cell>
    <Cell><Data ss:Type="Number">-9.1300000000000008</Data></Cell>
    <Cell><Data ss:Type="Number">-0.3</Data></Cell>
    <Cell><Data ss:Type="Number">-0.78</Data></Cell>
    <Cell><Data ss:Type="Number">22.7</Data></Cell>
    <Cell><Data ss:Type="Number">39.5</Data></Cell>
    <Cell><Data ss:Type="Number">0</Data></Cell>
    <Cell><Data ss:Type="Number">0</Data></Cell>
    <Cell><Data ss:Type="String">2023-12-07 16:15:50.292910</Data></Cell>
   </Row>
   <Row>
    <Cell><Data ss:Type="String">1501</Data></Cell>
    <Cell><Data ss:Type="Number">-0.03</Data></Cell>
    <Cell><Data ss:Type="Number">-9.66</Data></Cell>
    <Cell><Data ss:Type="Number">0.23</Data></Cell>
    <Cell><Data ss:Type="Number">-9.34</Data></Cell>
    <Cell><Data ss:Type="Number">-0.08</Data></Cell>
    <Cell><Data ss:Type="Number">-0.92</Data></Cell>
    <Cell><Data ss:Type="Number">22.7</Data></Cell>
    <Cell><Data ss:Type="Number">39.5</Data></Cell>
    <Cell><Data ss:Type="Number">0</Data></Cell>
    <Cell><Data ss:Type="Number">0</Data></Cell>
    <Cell><Data ss:Type="String">2023-12-07 16:15:50.247393</Data></Cell>
   </Row>
   <Row>
    <Cell><Data ss:Type="String">1500</Data></Cell>
    <Cell><Data ss:Type="Number">-0.31</Data></Cell>
    <Cell><Data ss:Type="Number">-9.89</Data></Cell>
    <Cell><Data ss:Type="Number">-0.14000000000000001</Data></Cell>
    <Cell><Data ss:Type="Number">-9.4600000000000009</Data></Cell>
    <Cell><Data ss:Type="Number">-0.03</Data></Cell>
    <Cell><Data ss:Type="Number">-0.91</Data></Cell>
    <Cell><Data ss:Type="Number">22.7</Data></Cell>
    <Cell><Data ss:Type="Number">39.5</Data></Cell>
    <Cell><Data ss:Type="Number">0</Data></Cell>
    <Cell><Data ss:Type="Number">0</Data></Cell>
    <Cell><Data ss:Type="String">2023-12-07 16:15:50.207066</Data></Cell>
   </Row>
   <Row>
    <Cell><Data ss:Type="String">1499</Data></Cell>
    <Cell><Data ss:Type="Number">0.43</Data></Cell>
    <Cell><Data ss:Type="Number">-9.99</Data></Cell>
    <Cell><Data ss:Type="Number">0.11</Data></Cell>
    <Cell><Data ss:Type="Number">-9.4600000000000009</Data></Cell>
    <Cell><Data ss:Type="Number">-0.12</Data></Cell>
    <Cell><Data ss:Type="Number">-0.9</Data></Cell>
    <Cell><Data ss:Type="Number">22.7</Data></Cell>
    <Cell><Data ss:Type="Number">39.5</Data></Cell>
    <Cell><Data ss:Type="Number">0</Data></Cell>
    <Cell><Data ss:Type="Number">0</Data></Cell>
    <Cell><Data ss:Type="String">2023-12-07 16:15:50.205155</Data></Cell>
   </Row>
   <Row>
    <Cell><Data ss:Type="String">1498</Data></Cell>
    <Cell><Data ss:Type="Number">0.25</Data></Cell>
    <Cell><Data ss:Type="Number">-10.220000000000001</Data></Cell>
    <Cell><Data ss:Type="Number">0.27</Data></Cell>
    <Cell><Data ss:Type="Number">-9.52</Data></Cell>
    <Cell><Data ss:Type="Number">-0.1</Data></Cell>
    <Cell><Data ss:Type="Number">-0.89</Data></Cell>
    <Cell><Data ss:Type="Number">22.7</Data></Cell>
    <Cell><Data ss:Type="Number">39.5</Data></Cell>
    <Cell><Data ss:Type="Number">0</Data></Cell>
    <Cell><Data ss:Type="Number">0</Data></Cell>
    <Cell><Data ss:Type="String">2023-12-07 16:15:50.155826</Data></Cell>
   </Row>
   <Row>
    <Cell><Data ss:Type="String">1497</Data></Cell>
    <Cell><Data ss:Type="Number">0.48</Data></Cell>
    <Cell><Data ss:Type="Number">-9.89</Data></Cell>
    <Cell><Data ss:Type="Number">0.01</Data></Cell>
    <Cell><Data ss:Type="Number">-9.4</Data></Cell>
    <Cell><Data ss:Type="Number">-0.05</Data></Cell>
    <Cell><Data ss:Type="Number">-0.91</Data></Cell>
    <Cell><Data ss:Type="Number">22.7</Data></Cell>
    <Cell><Data ss:Type="Number">39.5</Data></Cell>
    <Cell><Data ss:Type="Number">0</Data></Cell>
    <Cell><Data ss:Type="Number">0</Data></Cell>
    <Cell><Data ss:Type="String">2023-12-07 16:15:50.110510</Data></Cell>
   </Row>
   <Row>
    <Cell><Data ss:Type="String">1496</Data></Cell>
    <Cell><Data ss:Type="Number">0.8</Data></Cell>
    <Cell><Data ss:Type="Number">-10.45</Data></Cell>
    <Cell><Data ss:Type="Number">0.19</Data></Cell>
    <Cell><Data ss:Type="Number">-9.4</Data></Cell>
    <Cell><Data ss:Type="Number">-0.13</Data></Cell>
    <Cell><Data ss:Type="Number">-0.94</Data></Cell>
    <Cell><Data ss:Type="Number">22.7</Data></Cell>
    <Cell><Data ss:Type="Number">39.5</Data></Cell>
    <Cell><Data ss:Type="Number">0</Data></Cell>
    <Cell><Data ss:Type="Number">0</Data></Cell>
    <Cell><Data ss:Type="String">2023-12-07 16:15:50.068797</Data></Cell>
   </Row>
   <Row>
    <Cell><Data ss:Type="String">1495</Data></Cell>
    <Cell><Data ss:Type="Number">0.43</Data></Cell>
    <Cell><Data ss:Type="Number">-10.23</Data></Cell>
    <Cell><Data ss:Type="Number">-7.0000000000000007E-2</Data></Cell>
    <Cell><Data ss:Type="Number">-9.6</Data></Cell>
    <Cell><Data ss:Type="Number">-7.0000000000000007E-2</Data></Cell>
    <Cell><Data ss:Type="Number">-0.86</Data></Cell>
    <Cell><Data ss:Type="Number">22.7</Data></Cell>
    <Cell><Data ss:Type="Number">39.5</Data></Cell>
    <Cell><Data ss:Type="Number">0</Data></Cell>
    <Cell><Data ss:Type="Number">0</Data></Cell>
    <Cell><Data ss:Type="String">2023-12-07 16:15:50.067221</Data></Cell>
   </Row>
   <Row>
    <Cell><Data ss:Type="String">1494</Data></Cell>
    <Cell><Data ss:Type="Number">0.28999999999999998</Data></Cell>
    <Cell><Data ss:Type="Number">-10.11</Data></Cell>
    <Cell><Data ss:Type="Number">-0.17</Data></Cell>
    <Cell><Data ss:Type="Number">-9.4700000000000006</Data></Cell>
    <Cell><Data ss:Type="Number">-0.05</Data></Cell>
    <Cell><Data ss:Type="Number">-0.92</Data></Cell>
    <Cell><Data ss:Type="Number">22.7</Data></Cell>
    <Cell><Data ss:Type="Number">39.5</Data></Cell>
    <Cell><Data ss:Type="Number">0</Data></Cell>
    <Cell><Data ss:Type="Number">0</Data></Cell>
    <Cell><Data ss:Type="String">2023-12-07 16:15:50.012510</Data></Cell>
   </Row>
   <Row>
    <Cell><Data ss:Type="String">1493</Data></Cell>
    <Cell><Data ss:Type="Number">0.26</Data></Cell>
    <Cell><Data ss:Type="Number">-9.84</Data></Cell>
    <Cell><Data ss:Type="Number">0.23</Data></Cell>
    <Cell><Data ss:Type="Number">-9.32</Data></Cell>
    <Cell><Data ss:Type="Number">-0.05</Data></Cell>
    <Cell><Data ss:Type="Number">-0.95</Data></Cell>
    <Cell><Data ss:Type="Number">22.7</Data></Cell>
    <Cell><Data ss:Type="Number">39.5</Data></Cell>
    <Cell><Data ss:Type="Number">0</Data></Cell>
    <Cell><Data ss:Type="Number">0</Data></Cell>
    <Cell><Data ss:Type="String">2023-12-07 16:15:50.011005</Data></Cell>
   </Row>
   <Row>
    <Cell><Data ss:Type="String">1492</Data></Cell>
    <Cell><Data ss:Type="Number">0.13</Data></Cell>
    <Cell><Data ss:Type="Number">-9.9600000000000009</Data></Cell>
    <Cell><Data ss:Type="Number">0.08</Data></Cell>
    <Cell><Data ss:Type="Number">-9.4</Data></Cell>
    <Cell><Data ss:Type="Number">-0.03</Data></Cell>
    <Cell><Data ss:Type="Number">-0.9</Data></Cell>
    <Cell><Data ss:Type="Number">22.7</Data></Cell>
    <Cell><Data ss:Type="Number">39.5</Data></Cell>
    <Cell><Data ss:Type="Number">0</Data></Cell>
    <Cell><Data ss:Type="Number">0</Data></Cell>
    <Cell><Data ss:Type="String">2023-12-07 16:15:50.009367</Data></Cell>
   </Row>
   <Row>
    <Cell><Data ss:Type="String">1491</Data></Cell>
    <Cell><Data ss:Type="Number">0.56000000000000005</Data></Cell>
    <Cell><Data ss:Type="Number">-9.68</Data></Cell>
    <Cell><Data ss:Type="Number">0.24</Data></Cell>
    <Cell><Data ss:Type="Number">-9.4700000000000006</Data></Cell>
    <Cell><Data ss:Type="Number">-0.06</Data></Cell>
    <Cell><Data ss:Type="Number">-0.89</Data></Cell>
    <Cell><Data ss:Type="Number">22.7</Data></Cell>
    <Cell><Data ss:Type="Number">39.5</Data></Cell>
    <Cell><Data ss:Type="Number">0</Data></Cell>
    <Cell><Data ss:Type="Number">0</Data></Cell>
    <Cell><Data ss:Type="String">2023-12-07 16:15:50.007576</Data></Cell>
   </Row>
   <Row>
    <Cell><Data ss:Type="String">1490</Data></Cell>
    <Cell><Data ss:Type="Number">0.48</Data></Cell>
    <Cell><Data ss:Type="Number">-9.92</Data></Cell>
    <Cell><Data ss:Type="Number">0.36</Data></Cell>
    <Cell><Data ss:Type="Number">-9.59</Data></Cell>
    <Cell><Data ss:Type="Number">-0.06</Data></Cell>
    <Cell><Data ss:Type="Number">-0.95</Data></Cell>
    <Cell><Data ss:Type="Number">22.7</Data></Cell>
    <Cell><Data ss:Type="Number">39.5</Data></Cell>
    <Cell><Data ss:Type="Number">0</Data></Cell>
    <Cell><Data ss:Type="Number">0</Data></Cell>
    <Cell><Data ss:Type="String">2023-12-07 16:15:50.005434</Data></Cell>
   </Row>
   <Row>
    <Cell><Data ss:Type="String">1489</Data></Cell>
    <Cell><Data ss:Type="Number">0.11</Data></Cell>
    <Cell><Data ss:Type="Number">-10.48</Data></Cell>
    <Cell><Data ss:Type="Number">0.06</Data></Cell>
    <Cell><Data ss:Type="Number">-9.6300000000000008</Data></Cell>
    <Cell><Data ss:Type="Number">-0.06</Data></Cell>
    <Cell><Data ss:Type="Number">-0.87</Data></Cell>
    <Cell><Data ss:Type="Number">22.7</Data></Cell>
    <Cell><Data ss:Type="Number">39.5</Data></Cell>
    <Cell><Data ss:Type="Number">0</Data></Cell>
    <Cell><Data ss:Type="Number">0</Data></Cell>
    <Cell><Data ss:Type="String">2023-12-07 16:15:50.002969</Data></Cell>
   </Row>
   <Row>
    <Cell><Data ss:Type="String">1488</Data></Cell>
    <Cell><Data ss:Type="Number">0.91</Data></Cell>
    <Cell><Data ss:Type="Number">-10.06</Data></Cell>
    <Cell><Data ss:Type="Number">0.76</Data></Cell>
    <Cell><Data ss:Type="Number">-9.5500000000000007</Data></Cell>
    <Cell><Data ss:Type="Number">-0.12</Data></Cell>
    <Cell><Data ss:Type="Number">-0.96</Data></Cell>
    <Cell><Data ss:Type="Number">22.7</Data></Cell>
    <Cell><Data ss:Type="Number">39.5</Data></Cell>
    <Cell><Data ss:Type="Number">0</Data></Cell>
    <Cell><Data ss:Type="Number">0</Data></Cell>
    <Cell><Data ss:Type="String">2023-12-07 16:15:50.000329</Data></Cell>
   </Row>
   <Row>
    <Cell><Data ss:Type="String">1487</Data></Cell>
    <Cell><Data ss:Type="Number">0.37</Data></Cell>
    <Cell><Data ss:Type="Number">-9.8000000000000007</Data></Cell>
    <Cell><Data ss:Type="Number">0.25</Data></Cell>
    <Cell><Data ss:Type="Number">-9.51</Data></Cell>
    <Cell><Data ss:Type="Number">-7.0000000000000007E-2</Data></Cell>
    <Cell><Data ss:Type="Number">-0.88</Data></Cell>
    <Cell><Data ss:Type="Number">22.7</Data></Cell>
    <Cell><Data ss:Type="Number">39.5</Data></Cell>
    <Cell><Data ss:Type="Number">0</Data></Cell>
    <Cell><Data ss:Type="Number">0</Data></Cell>
    <Cell><Data ss:Type="String">2023-12-07 16:15:49.774879</Data></Cell>
   </Row>
   <Row>
    <Cell><Data ss:Type="String">1486</Data></Cell>
    <Cell><Data ss:Type="Number">0.19</Data></Cell>
    <Cell><Data ss:Type="Number">-10</Data></Cell>
    <Cell><Data ss:Type="Number">-0.04</Data></Cell>
    <Cell><Data ss:Type="Number">-9.4700000000000006</Data></Cell>
    <Cell><Data ss:Type="Number">-0.04</Data></Cell>
    <Cell><Data ss:Type="Number">-0.91</Data></Cell>
    <Cell><Data ss:Type="Number">22.7</Data></Cell>
    <Cell><Data ss:Type="Number">39.5</Data></Cell>
    <Cell><Data ss:Type="Number">0</Data></Cell>
    <Cell><Data ss:Type="Number">0</Data></Cell>
    <Cell><Data ss:Type="String">2023-12-07 16:15:49.729361</Data></Cell>
   </Row>
   <Row>
    <Cell><Data ss:Type="String">1485</Data></Cell>
    <Cell><Data ss:Type="Number">0.65</Data></Cell>
    <Cell><Data ss:Type="Number">-10.56</Data></Cell>
    <Cell><Data ss:Type="Number">0.4</Data></Cell>
    <Cell><Data ss:Type="Number">-9.4600000000000009</Data></Cell>
    <Cell><Data ss:Type="Number">-0.13</Data></Cell>
    <Cell><Data ss:Type="Number">-0.93</Data></Cell>
    <Cell><Data ss:Type="Number">22.7</Data></Cell>
    <Cell><Data ss:Type="Number">39.5</Data></Cell>
    <Cell><Data ss:Type="Number">0</Data></Cell>
    <Cell><Data ss:Type="Number">0</Data></Cell>
    <Cell><Data ss:Type="String">2023-12-07 16:15:49.727883</Data></Cell>
   </Row>
   <Row>
    <Cell><Data ss:Type="String">1484</Data></Cell>
    <Cell><Data ss:Type="Number">0.25</Data></Cell>
    <Cell><Data ss:Type="Number">-9.92</Data></Cell>
    <Cell><Data ss:Type="Number">0.2</Data></Cell>
    <Cell><Data ss:Type="Number">-9.39</Data></Cell>
    <Cell><Data ss:Type="Number">-0.13</Data></Cell>
    <Cell><Data ss:Type="Number">-0.92</Data></Cell>
    <Cell><Data ss:Type="Number">22.7</Data></Cell>
    <Cell><Data ss:Type="Number">39.5</Data></Cell>
    <Cell><Data ss:Type="Number">0</Data></Cell>
    <Cell><Data ss:Type="Number">0</Data></Cell>
    <Cell><Data ss:Type="String">2023-12-07 16:15:49.681464</Data></Cell>
   </Row>
   <Row>
    <Cell><Data ss:Type="String">1483</Data></Cell>
    <Cell><Data ss:Type="Number">-0.02</Data></Cell>
    <Cell><Data ss:Type="Number">-10.8</Data></Cell>
    <Cell><Data ss:Type="Number">0.08</Data></Cell>
    <Cell><Data ss:Type="Number">-9.66</Data></Cell>
    <Cell><Data ss:Type="Number">-0.04</Data></Cell>
    <Cell><Data ss:Type="Number">-0.92</Data></Cell>
    <Cell><Data ss:Type="Number">22.7</Data></Cell>
    <Cell><Data ss:Type="Number">39.5</Data></Cell>
    <Cell><Data ss:Type="Number">0</Data></Cell>
    <Cell><Data ss:Type="Number">0</Data></Cell>
    <Cell><Data ss:Type="String">2023-12-07 16:15:49.636087</Data></Cell>
   </Row>
   <Row>
    <Cell><Data ss:Type="String">1482</Data></Cell>
    <Cell><Data ss:Type="Number">-0.14000000000000001</Data></Cell>
    <Cell><Data ss:Type="Number">-9.75</Data></Cell>
    <Cell><Data ss:Type="Number">-0.13</Data></Cell>
    <Cell><Data ss:Type="Number">-9.3800000000000008</Data></Cell>
    <Cell><Data ss:Type="Number">-0.03</Data></Cell>
    <Cell><Data ss:Type="Number">-0.9</Data></Cell>
    <Cell><Data ss:Type="Number">22.7</Data></Cell>
    <Cell><Data ss:Type="Number">39.5</Data></Cell>
    <Cell><Data ss:Type="Number">0</Data></Cell>
    <Cell><Data ss:Type="Number">0</Data></Cell>
    <Cell><Data ss:Type="String">2023-12-07 16:15:49.578676</Data></Cell>
   </Row>
   <Row>
    <Cell><Data ss:Type="String">1481</Data></Cell>
    <Cell><Data ss:Type="Number">0.04</Data></Cell>
    <Cell><Data ss:Type="Number">-9.9700000000000006</Data></Cell>
    <Cell><Data ss:Type="Number">0.15</Data></Cell>
    <Cell><Data ss:Type="Number">-9.33</Data></Cell>
    <Cell><Data ss:Type="Number">-0.13</Data></Cell>
    <Cell><Data ss:Type="Number">-0.94</Data></Cell>
    <Cell><Data ss:Type="Number">22.7</Data></Cell>
    <Cell><Data ss:Type="Number">39.5</Data></Cell>
    <Cell><Data ss:Type="Number">0</Data></Cell>
    <Cell><Data ss:Type="Number">0</Data></Cell>
    <Cell><Data ss:Type="String">2023-12-07 16:15:49.575295</Data></Cell>
   </Row>
   <Row>
    <Cell><Data ss:Type="String">1480</Data></Cell>
    <Cell><Data ss:Type="Number">0.21</Data></Cell>
    <Cell><Data ss:Type="Number">-9.33</Data></Cell>
    <Cell><Data ss:Type="Number">0.31</Data></Cell>
    <Cell><Data ss:Type="Number">-9.3699999999999992</Data></Cell>
    <Cell><Data ss:Type="Number">-0.04</Data></Cell>
    <Cell><Data ss:Type="Number">-0.87</Data></Cell>
    <Cell><Data ss:Type="Number">22.7</Data></Cell>
    <Cell><Data ss:Type="Number">39.5</Data></Cell>
    <Cell><Data ss:Type="Number">0</Data></Cell>
    <Cell><Data ss:Type="Number">0</Data></Cell>
    <Cell><Data ss:Type="String">2023-12-07 16:15:49.529635</Data></Cell>
   </Row>
   <Row>
    <Cell><Data ss:Type="String">1479</Data></Cell>
    <Cell><Data ss:Type="Number">0.53</Data></Cell>
    <Cell><Data ss:Type="Number">-9.77</Data></Cell>
    <Cell><Data ss:Type="Number">0.06</Data></Cell>
    <Cell><Data ss:Type="Number">-9.52</Data></Cell>
    <Cell><Data ss:Type="Number">-0.12</Data></Cell>
    <Cell><Data ss:Type="Number">-0.97</Data></Cell>
    <Cell><Data ss:Type="Number">22.7</Data></Cell>
    <Cell><Data ss:Type="Number">39.5</Data></Cell>
    <Cell><Data ss:Type="Number">0</Data></Cell>
    <Cell><Data ss:Type="Number">0</Data></Cell>
    <Cell><Data ss:Type="String">2023-12-07 16:15:49.486054</Data></Cell>
   </Row>
   <Row>
    <Cell><Data ss:Type="String">1478</Data></Cell>
    <Cell><Data ss:Type="Number">0.5</Data></Cell>
    <Cell><Data ss:Type="Number">-10.67</Data></Cell>
    <Cell><Data ss:Type="Number">-0.01</Data></Cell>
    <Cell><Data ss:Type="Number">-9.6300000000000008</Data></Cell>
    <Cell><Data ss:Type="Number">-0.14000000000000001</Data></Cell>
    <Cell><Data ss:Type="Number">-0.89</Data></Cell>
    <Cell><Data ss:Type="Number">22.7</Data></Cell>
    <Cell><Data ss:Type="Number">39.5</Data></Cell>
    <Cell><Data ss:Type="Number">0</Data></Cell>
    <Cell><Data ss:Type="Number">0</Data></Cell>
    <Cell><Data ss:Type="String">2023-12-07 16:15:49.484412</Data></Cell>
   </Row>
   <Row>
    <Cell><Data ss:Type="String">1477</Data></Cell>
    <Cell><Data ss:Type="Number">0.73</Data></Cell>
    <Cell><Data ss:Type="Number">-10.220000000000001</Data></Cell>
    <Cell><Data ss:Type="Number">0</Data></Cell>
    <Cell><Data ss:Type="Number">-9.3800000000000008</Data></Cell>
    <Cell><Data ss:Type="Number">-0.06</Data></Cell>
    <Cell><Data ss:Type="Number">-0.89</Data></Cell>
    <Cell><Data ss:Type="Number">22.7</Data></Cell>
    <Cell><Data ss:Type="Number">39.5</Data></Cell>
    <Cell><Data ss:Type="Number">0</Data></Cell>
    <Cell><Data ss:Type="Number">0</Data></Cell>
    <Cell><Data ss:Type="String">2023-12-07 16:15:49.437097</Data></Cell>
   </Row>
   <Row>
    <Cell><Data ss:Type="String">1476</Data></Cell>
    <Cell><Data ss:Type="Number">0.04</Data></Cell>
    <Cell><Data ss:Type="Number">-9.89</Data></Cell>
    <Cell><Data ss:Type="Number">0.62</Data></Cell>
    <Cell><Data ss:Type="Number">-9.44</Data></Cell>
    <Cell><Data ss:Type="Number">-0.18</Data></Cell>
    <Cell><Data ss:Type="Number">-0.91</Data></Cell>
    <Cell><Data ss:Type="Number">22.7</Data></Cell>
    <Cell><Data ss:Type="Number">39.5</Data></Cell>
    <Cell><Data ss:Type="Number">0</Data></Cell>
    <Cell><Data ss:Type="Number">0</Data></Cell>
    <Cell><Data ss:Type="String">2023-12-07 16:15:49.394602</Data></Cell>
   </Row>
   <Row>
    <Cell><Data ss:Type="String">1475</Data></Cell>
    <Cell><Data ss:Type="Number">-0.19</Data></Cell>
    <Cell><Data ss:Type="Number">-10.18</Data></Cell>
    <Cell><Data ss:Type="Number">7.0000000000000007E-2</Data></Cell>
    <Cell><Data ss:Type="Number">-9.48</Data></Cell>
    <Cell><Data ss:Type="Number">0.11</Data></Cell>
    <Cell><Data ss:Type="Number">-0.89</Data></Cell>
    <Cell><Data ss:Type="Number">22.7</Data></Cell>
    <Cell><Data ss:Type="Number">39.5</Data></Cell>
    <Cell><Data ss:Type="Number">0</Data></Cell>
    <Cell><Data ss:Type="Number">0</Data></Cell>
    <Cell><Data ss:Type="String">2023-12-07 16:15:49.393157</Data></Cell>
   </Row>
   <Row>
    <Cell><Data ss:Type="String">1474</Data></Cell>
    <Cell><Data ss:Type="Number">0.47</Data></Cell>
    <Cell><Data ss:Type="Number">-9.9700000000000006</Data></Cell>
    <Cell><Data ss:Type="Number">0.15</Data></Cell>
    <Cell><Data ss:Type="Number">-9.48</Data></Cell>
    <Cell><Data ss:Type="Number">-0.22</Data></Cell>
    <Cell><Data ss:Type="Number">-1</Data></Cell>
    <Cell><Data ss:Type="Number">22.7</Data></Cell>
    <Cell><Data ss:Type="Number">39.5</Data></Cell>
    <Cell><Data ss:Type="Number">0</Data></Cell>
    <Cell><Data ss:Type="Number">0</Data></Cell>
    <Cell><Data ss:Type="String">2023-12-07 16:15:49.391799</Data></Cell>
   </Row>
   <Row>
    <Cell><Data ss:Type="String">1473</Data></Cell>
    <Cell><Data ss:Type="Number">-0.05</Data></Cell>
    <Cell><Data ss:Type="Number">-9.92</Data></Cell>
    <Cell><Data ss:Type="Number">-0.09</Data></Cell>
    <Cell><Data ss:Type="Number">-9.56</Data></Cell>
    <Cell><Data ss:Type="Number">-0.14000000000000001</Data></Cell>
    <Cell><Data ss:Type="Number">-0.81</Data></Cell>
    <Cell><Data ss:Type="Number">22.7</Data></Cell>
    <Cell><Data ss:Type="Number">39.5</Data></Cell>
    <Cell><Data ss:Type="Number">0</Data></Cell>
    <Cell><Data ss:Type="Number">0</Data></Cell>
    <Cell><Data ss:Type="String">2023-12-07 16:15:49.390310</Data></Cell>
   </Row>
   <Row>
    <Cell><Data ss:Type="String">1472</Data></Cell>
    <Cell><Data ss:Type="Number">-0.33</Data></Cell>
    <Cell><Data ss:Type="Number">-9.89</Data></Cell>
    <Cell><Data ss:Type="Number">-0.23</Data></Cell>
    <Cell><Data ss:Type="Number">-9.39</Data></Cell>
    <Cell><Data ss:Type="Number">-0.13</Data></Cell>
    <Cell><Data ss:Type="Number">-0.88</Data></Cell>
    <Cell><Data ss:Type="Number">22.7</Data></Cell>
    <Cell><Data ss:Type="Number">39.5</Data></Cell>
    <Cell><Data ss:Type="Number">0</Data></Cell>
    <Cell><Data ss:Type="Number">0</Data></Cell>
    <Cell><Data ss:Type="String">2023-12-07 16:15:49.388060</Data></Cell>
   </Row>
   <Row>
    <Cell><Data ss:Type="String">1471</Data></Cell>
    <Cell><Data ss:Type="Number">1.17</Data></Cell>
    <Cell><Data ss:Type="Number">-10.11</Data></Cell>
    <Cell><Data ss:Type="Number">-0.64</Data></Cell>
    <Cell><Data ss:Type="Number">-9.35</Data></Cell>
    <Cell><Data ss:Type="Number">0.22</Data></Cell>
    <Cell><Data ss:Type="Number">-1.04</Data></Cell>
    <Cell><Data ss:Type="Number">22.7</Data></Cell>
    <Cell><Data ss:Type="Number">39.5</Data></Cell>
    <Cell><Data ss:Type="Number">0</Data></Cell>
    <Cell><Data ss:Type="Number">0</Data></Cell>
    <Cell><Data ss:Type="String">2023-12-07 16:15:49.216302</Data></Cell>
   </Row>
   <Row>
    <Cell><Data ss:Type="String">1470</Data></Cell>
    <Cell><Data ss:Type="Number">0.65</Data></Cell>
    <Cell><Data ss:Type="Number">-10.210000000000001</Data></Cell>
    <Cell><Data ss:Type="Number">0.33</Data></Cell>
    <Cell><Data ss:Type="Number">-9.49</Data></Cell>
    <Cell><Data ss:Type="Number">-0.33</Data></Cell>
    <Cell><Data ss:Type="Number">-0.87</Data></Cell>
    <Cell><Data ss:Type="Number">22.7</Data></Cell>
    <Cell><Data ss:Type="Number">39.5</Data></Cell>
    <Cell><Data ss:Type="Number">0</Data></Cell>
    <Cell><Data ss:Type="Number">0</Data></Cell>
    <Cell><Data ss:Type="String">2023-12-07 16:15:49.214658</Data></Cell>
   </Row>
   <Row>
    <Cell><Data ss:Type="String">1469</Data></Cell>
    <Cell><Data ss:Type="Number">0.63</Data></Cell>
    <Cell><Data ss:Type="Number">-10.77</Data></Cell>
    <Cell><Data ss:Type="Number">0.3</Data></Cell>
    <Cell><Data ss:Type="Number">-9.5299999999999994</Data></Cell>
    <Cell><Data ss:Type="Number">-0.46</Data></Cell>
    <Cell><Data ss:Type="Number">-0.88</Data></Cell>
    <Cell><Data ss:Type="Number">22.7</Data></Cell>
    <Cell><Data ss:Type="Number">39.5</Data></Cell>
    <Cell><Data ss:Type="Number">0</Data></Cell>
    <Cell><Data ss:Type="Number">0</Data></Cell>
    <Cell><Data ss:Type="String">2023-12-07 16:15:49.213182</Data></Cell>
   </Row>
   <Row>
    <Cell><Data ss:Type="String">1468</Data></Cell>
    <Cell><Data ss:Type="Number">-1.6</Data></Cell>
    <Cell><Data ss:Type="Number">-10.119999999999999</Data></Cell>
    <Cell><Data ss:Type="Number">-1.18</Data></Cell>
    <Cell><Data ss:Type="Number">-9.58</Data></Cell>
    <Cell><Data ss:Type="Number">0.53</Data></Cell>
    <Cell><Data ss:Type="Number">-1.03</Data></Cell>
    <Cell><Data ss:Type="Number">22.7</Data></Cell>
    <Cell><Data ss:Type="Number">39.5</Data></Cell>
    <Cell><Data ss:Type="Number">0</Data></Cell>
    <Cell><Data ss:Type="Number">0</Data></Cell>
    <Cell><Data ss:Type="String">2023-12-07 16:15:49.211601</Data></Cell>
   </Row>
   <Row>
    <Cell><Data ss:Type="String">1467</Data></Cell>
    <Cell><Data ss:Type="Number">-0.77</Data></Cell>
    <Cell><Data ss:Type="Number">-10.34</Data></Cell>
    <Cell><Data ss:Type="Number">-0.48</Data></Cell>
    <Cell><Data ss:Type="Number">-9.65</Data></Cell>
    <Cell><Data ss:Type="Number">0.94</Data></Cell>
    <Cell><Data ss:Type="Number">-1.05</Data></Cell>
    <Cell><Data ss:Type="Number">22.7</Data></Cell>
    <Cell><Data ss:Type="Number">39.5</Data></Cell>
    <Cell><Data ss:Type="Number">0</Data></Cell>
    <Cell><Data ss:Type="Number">0</Data></Cell>
    <Cell><Data ss:Type="String">2023-12-07 16:15:49.083627</Data></Cell>
   </Row>
   <Row>
    <Cell><Data ss:Type="String">1466</Data></Cell>
    <Cell><Data ss:Type="Number">3.8</Data></Cell>
    <Cell><Data ss:Type="Number">-10.81</Data></Cell>
    <Cell><Data ss:Type="Number">2.2400000000000002</Data></Cell>
    <Cell><Data ss:Type="Number">-9.92</Data></Cell>
    <Cell><Data ss:Type="Number">-1.91</Data></Cell>
    <Cell><Data ss:Type="Number">-0.62</Data></Cell>
    <Cell><Data ss:Type="Number">22.7</Data></Cell>
    <Cell><Data ss:Type="Number">39.5</Data></Cell>
    <Cell><Data ss:Type="Number">0</Data></Cell>
    <Cell><Data ss:Type="Number">0</Data></Cell>
    <Cell><Data ss:Type="String">2023-12-07 16:15:49.082093</Data></Cell>
   </Row>
   <Row>
    <Cell><Data ss:Type="String">1465</Data></Cell>
    <Cell><Data ss:Type="Number">0.33</Data></Cell>
    <Cell><Data ss:Type="Number">-10.02</Data></Cell>
    <Cell><Data ss:Type="Number">0.09</Data></Cell>
    <Cell><Data ss:Type="Number">-9.51</Data></Cell>
    <Cell><Data ss:Type="Number">-0.09</Data></Cell>
    <Cell><Data ss:Type="Number">-0.91</Data></Cell>
    <Cell><Data ss:Type="Number">22.7</Data></Cell>
    <Cell><Data ss:Type="Number">39.5</Data></Cell>
    <Cell><Data ss:Type="Number">0</Data></Cell>
    <Cell><Data ss:Type="Number">0</Data></Cell>
    <Cell><Data ss:Type="String">2023-12-07 16:15:49.080303</Data></Cell>
   </Row>
   <Row>
    <Cell><Data ss:Type="String">1464</Data></Cell>
    <Cell><Data ss:Type="Number">0.33</Data></Cell>
    <Cell><Data ss:Type="Number">-10.18</Data></Cell>
    <Cell><Data ss:Type="Number">0.17</Data></Cell>
    <Cell><Data ss:Type="Number">-9.52</Data></Cell>
    <Cell><Data ss:Type="Number">-7.0000000000000007E-2</Data></Cell>
    <Cell><Data ss:Type="Number">-0.89</Data></Cell>
    <Cell><Data ss:Type="Number">22.7</Data></Cell>
    <Cell><Data ss:Type="Number">39.5</Data></Cell>
    <Cell><Data ss:Type="Number">0</Data></Cell>
    <Cell><Data ss:Type="Number">0</Data></Cell>
    <Cell><Data ss:Type="String">2023-12-07 16:15:49.078630</Data></Cell>
   </Row>
   <Row>
    <Cell><Data ss:Type="String">1463</Data></Cell>
    <Cell><Data ss:Type="Number">0.34</Data></Cell>
    <Cell><Data ss:Type="Number">-10.17</Data></Cell>
    <Cell><Data ss:Type="Number">0.15</Data></Cell>
    <Cell><Data ss:Type="Number">-9.4499999999999993</Data></Cell>
    <Cell><Data ss:Type="Number">-0.08</Data></Cell>
    <Cell><Data ss:Type="Number">-0.91</Data></Cell>
    <Cell><Data ss:Type="Number">22.7</Data></Cell>
    <Cell><Data ss:Type="Number">39.5</Data></Cell>
    <Cell><Data ss:Type="Number">0</Data></Cell>
    <Cell><Data ss:Type="Number">0</Data></Cell>
    <Cell><Data ss:Type="String">2023-12-07 16:15:48.964383</Data></Cell>
   </Row>
   <Row>
    <Cell><Data ss:Type="String">1462</Data></Cell>
    <Cell><Data ss:Type="Number">0.26</Data></Cell>
    <Cell><Data ss:Type="Number">-10.06</Data></Cell>
    <Cell><Data ss:Type="Number">0.2</Data></Cell>
    <Cell><Data ss:Type="Number">-9.4</Data></Cell>
    <Cell><Data ss:Type="Number">-0.06</Data></Cell>
    <Cell><Data ss:Type="Number">-0.94</Data></Cell>
    <Cell><Data ss:Type="Number">22.7</Data></Cell>
    <Cell><Data ss:Type="Number">39.5</Data></Cell>
    <Cell><Data ss:Type="Number">0</Data></Cell>
    <Cell><Data ss:Type="Number">0</Data></Cell>
    <Cell><Data ss:Type="String">2023-12-07 16:15:48.962863</Data></Cell>
   </Row>
   <Row>
    <Cell><Data ss:Type="String">1461</Data></Cell>
    <Cell><Data ss:Type="Number">0.28000000000000003</Data></Cell>
    <Cell><Data ss:Type="Number">-9.9600000000000009</Data></Cell>
    <Cell><Data ss:Type="Number">0.09</Data></Cell>
    <Cell><Data ss:Type="Number">-9.41</Data></Cell>
    <Cell><Data ss:Type="Number">-0.06</Data></Cell>
    <Cell><Data ss:Type="Number">-0.96</Data></Cell>
    <Cell><Data ss:Type="Number">22.7</Data></Cell>
    <Cell><Data ss:Type="Number">39.5</Data></Cell>
    <Cell><Data ss:Type="Number">0</Data></Cell>
    <Cell><Data ss:Type="Number">0</Data></Cell>
    <Cell><Data ss:Type="String">2023-12-07 16:15:48.961223</Data></Cell>
   </Row>
   <Row>
    <Cell><Data ss:Type="String">1460</Data></Cell>
    <Cell><Data ss:Type="Number">0.31</Data></Cell>
    <Cell><Data ss:Type="Number">-10.130000000000001</Data></Cell>
    <Cell><Data ss:Type="Number">0.12</Data></Cell>
    <Cell><Data ss:Type="Number">-9.49</Data></Cell>
    <Cell><Data ss:Type="Number">-0.09</Data></Cell>
    <Cell><Data ss:Type="Number">-0.93</Data></Cell>
    <Cell><Data ss:Type="Number">22.7</Data></Cell>
    <Cell><Data ss:Type="Number">39.5</Data></Cell>
    <Cell><Data ss:Type="Number">0</Data></Cell>
    <Cell><Data ss:Type="Number">0</Data></Cell>
    <Cell><Data ss:Type="String">2023-12-07 16:15:48.959347</Data></Cell>
   </Row>
   <Row>
    <Cell><Data ss:Type="String">1459</Data></Cell>
    <Cell><Data ss:Type="Number">0.32</Data></Cell>
    <Cell><Data ss:Type="Number">-10.14</Data></Cell>
    <Cell><Data ss:Type="Number">0.13</Data></Cell>
    <Cell><Data ss:Type="Number">-9.5500000000000007</Data></Cell>
    <Cell><Data ss:Type="Number">-7.0000000000000007E-2</Data></Cell>
    <Cell><Data ss:Type="Number">-0.91</Data></Cell>
    <Cell><Data ss:Type="Number">22.7</Data></Cell>
    <Cell><Data ss:Type="Number">39.5</Data></Cell>
    <Cell><Data ss:Type="Number">0</Data></Cell>
    <Cell><Data ss:Type="Number">0</Data></Cell>
    <Cell><Data ss:Type="String">2023-12-07 16:15:48.957652</Data></Cell>
   </Row>
   <Row>
    <Cell><Data ss:Type="String">1458</Data></Cell>
    <Cell><Data ss:Type="Number">0.28000000000000003</Data></Cell>
    <Cell><Data ss:Type="Number">-10.26</Data></Cell>
    <Cell><Data ss:Type="Number">0.19</Data></Cell>
    <Cell><Data ss:Type="Number">-9.5399999999999991</Data></Cell>
    <Cell><Data ss:Type="Number">-7.0000000000000007E-2</Data></Cell>
    <Cell><Data ss:Type="Number">-0.91</Data></Cell>
    <Cell><Data ss:Type="Number">22.7</Data></Cell>
    <Cell><Data ss:Type="Number">39.5</Data></Cell>
    <Cell><Data ss:Type="Number">0</Data></Cell>
    <Cell><Data ss:Type="Number">0</Data></Cell>
    <Cell><Data ss:Type="String">2023-12-07 16:15:48.955609</Data></Cell>
   </Row>
   <Row>
    <Cell><Data ss:Type="String">1457</Data></Cell>
    <Cell><Data ss:Type="Number">0.24</Data></Cell>
    <Cell><Data ss:Type="Number">-9.9600000000000009</Data></Cell>
    <Cell><Data ss:Type="Number">0.14000000000000001</Data></Cell>
    <Cell><Data ss:Type="Number">-9.41</Data></Cell>
    <Cell><Data ss:Type="Number">-0.04</Data></Cell>
    <Cell><Data ss:Type="Number">-0.93</Data></Cell>
    <Cell><Data ss:Type="Number">22.7</Data></Cell>
    <Cell><Data ss:Type="Number">39.5</Data></Cell>
    <Cell><Data ss:Type="Number">0</Data></Cell>
    <Cell><Data ss:Type="Number">0</Data></Cell>
    <Cell><Data ss:Type="String">2023-12-07 16:15:48.953195</Data></Cell>
   </Row>
   <Row>
    <Cell><Data ss:Type="String">1456</Data></Cell>
    <Cell><Data ss:Type="Number">0.3</Data></Cell>
    <Cell><Data ss:Type="Number">-10</Data></Cell>
    <Cell><Data ss:Type="Number">0.14000000000000001</Data></Cell>
    <Cell><Data ss:Type="Number">-9.4499999999999993</Data></Cell>
    <Cell><Data ss:Type="Number">-0.09</Data></Cell>
    <Cell><Data ss:Type="Number">-0.95</Data></Cell>
    <Cell><Data ss:Type="Number">22.7</Data></Cell>
    <Cell><Data ss:Type="Number">39.5</Data></Cell>
    <Cell><Data ss:Type="Number">0</Data></Cell>
    <Cell><Data ss:Type="Number">0</Data></Cell>
    <Cell><Data ss:Type="String">2023-12-07 16:15:48.730611</Data></Cell>
   </Row>
   <Row>
    <Cell><Data ss:Type="String">1455</Data></Cell>
    <Cell><Data ss:Type="Number">0.26</Data></Cell>
    <Cell><Data ss:Type="Number">-9.93</Data></Cell>
    <Cell><Data ss:Type="Number">0.04</Data></Cell>
    <Cell><Data ss:Type="Number">-9.5</Data></Cell>
    <Cell><Data ss:Type="Number">-7.0000000000000007E-2</Data></Cell>
    <Cell><Data ss:Type="Number">-0.92</Data></Cell>
    <Cell><Data ss:Type="Number">22.7</Data></Cell>
    <Cell><Data ss:Type="Number">39.5</Data></Cell>
    <Cell><Data ss:Type="Number">0</Data></Cell>
    <Cell><Data ss:Type="Number">0</Data></Cell>
    <Cell><Data ss:Type="String">2023-12-07 16:15:48.728953</Data></Cell>
   </Row>
   <Row>
    <Cell><Data ss:Type="String">1454</Data></Cell>
    <Cell><Data ss:Type="Number">0.31</Data></Cell>
    <Cell><Data ss:Type="Number">-10.050000000000001</Data></Cell>
    <Cell><Data ss:Type="Number">0.19</Data></Cell>
    <Cell><Data ss:Type="Number">-9.5299999999999994</Data></Cell>
    <Cell><Data ss:Type="Number">-7.0000000000000007E-2</Data></Cell>
    <Cell><Data ss:Type="Number">-0.9</Data></Cell>
    <Cell><Data ss:Type="Number">22.7</Data></Cell>
    <Cell><Data ss:Type="Number">39.5</Data></Cell>
    <Cell><Data ss:Type="Number">0</Data></Cell>
    <Cell><Data ss:Type="Number">0</Data></Cell>
    <Cell><Data ss:Type="String">2023-12-07 16:15:48.727342</Data></Cell>
   </Row>
   <Row>
    <Cell><Data ss:Type="String">1453</Data></Cell>
    <Cell><Data ss:Type="Number">0.28000000000000003</Data></Cell>
    <Cell><Data ss:Type="Number">-10.220000000000001</Data></Cell>
    <Cell><Data ss:Type="Number">0.19</Data></Cell>
    <Cell><Data ss:Type="Number">-9.5500000000000007</Data></Cell>
    <Cell><Data ss:Type="Number">-0.08</Data></Cell>
    <Cell><Data ss:Type="Number">-0.91</Data></Cell>
    <Cell><Data ss:Type="Number">22.7</Data></Cell>
    <Cell><Data ss:Type="Number">39.5</Data></Cell>
    <Cell><Data ss:Type="Number">0</Data></Cell>
    <Cell><Data ss:Type="Number">0</Data></Cell>
    <Cell><Data ss:Type="String">2023-12-07 16:15:48.725798</Data></Cell>
   </Row>
   <Row>
    <Cell><Data ss:Type="String">1452</Data></Cell>
    <Cell><Data ss:Type="Number">0.28000000000000003</Data></Cell>
    <Cell><Data ss:Type="Number">-10.14</Data></Cell>
    <Cell><Data ss:Type="Number">0.16</Data></Cell>
    <Cell><Data ss:Type="Number">-9.4499999999999993</Data></Cell>
    <Cell><Data ss:Type="Number">-0.04</Data></Cell>
    <Cell><Data ss:Type="Number">-0.93</Data></Cell>
    <Cell><Data ss:Type="Number">22.7</Data></Cell>
    <Cell><Data ss:Type="Number">39.5</Data></Cell>
    <Cell><Data ss:Type="Number">0</Data></Cell>
    <Cell><Data ss:Type="Number">0</Data></Cell>
    <Cell><Data ss:Type="String">2023-12-07 16:15:48.724152</Data></Cell>
   </Row>
   <Row>
    <Cell><Data ss:Type="String">1451</Data></Cell>
    <Cell><Data ss:Type="Number">0.3</Data></Cell>
    <Cell><Data ss:Type="Number">-10.07</Data></Cell>
    <Cell><Data ss:Type="Number">0.18</Data></Cell>
    <Cell><Data ss:Type="Number">-9.44</Data></Cell>
    <Cell><Data ss:Type="Number">-0.08</Data></Cell>
    <Cell><Data ss:Type="Number">-0.89</Data></Cell>
    <Cell><Data ss:Type="Number">22.7</Data></Cell>
    <Cell><Data ss:Type="Number">39.5</Data></Cell>
    <Cell><Data ss:Type="Number">0</Data></Cell>
    <Cell><Data ss:Type="Number">0</Data></Cell>
    <Cell><Data ss:Type="String">2023-12-07 16:15:48.722264</Data></Cell>
   </Row>
   <Row>
    <Cell><Data ss:Type="String">1450</Data></Cell>
    <Cell><Data ss:Type="Number">0.3</Data></Cell>
    <Cell><Data ss:Type="Number">-9.92</Data></Cell>
    <Cell><Data ss:Type="Number">0.16</Data></Cell>
    <Cell><Data ss:Type="Number">-9.44</Data></Cell>
    <Cell><Data ss:Type="Number">-0.08</Data></Cell>
    <Cell><Data ss:Type="Number">-0.94</Data></Cell>
    <Cell><Data ss:Type="Number">22.7</Data></Cell>
    <Cell><Data ss:Type="Number">39.5</Data></Cell>
    <Cell><Data ss:Type="Number">0</Data></Cell>
    <Cell><Data ss:Type="Number">0</Data></Cell>
    <Cell><Data ss:Type="String">2023-12-07 16:15:48.719720</Data></Cell>
   </Row>
   <Row>
    <Cell><Data ss:Type="String">1449</Data></Cell>
    <Cell><Data ss:Type="Number">0.13</Data></Cell>
    <Cell><Data ss:Type="Number">-10.11</Data></Cell>
    <Cell><Data ss:Type="Number">0.09</Data></Cell>
    <Cell><Data ss:Type="Number">-9.5</Data></Cell>
    <Cell><Data ss:Type="Number">-0.09</Data></Cell>
    <Cell><Data ss:Type="Number">-0.92</Data></Cell>
    <Cell><Data ss:Type="Number">22.7</Data></Cell>
    <Cell><Data ss:Type="Number">39.5</Data></Cell>
    <Cell><Data ss:Type="Number">0</Data></Cell>
    <Cell><Data ss:Type="Number">0</Data></Cell>
    <Cell><Data ss:Type="String">2023-12-07 16:15:48.494137</Data></Cell>
   </Row>
   <Row>
    <Cell><Data ss:Type="String">1448</Data></Cell>
    <Cell><Data ss:Type="Number">0.26</Data></Cell>
    <Cell><Data ss:Type="Number">-10.210000000000001</Data></Cell>
    <Cell><Data ss:Type="Number">0.3</Data></Cell>
    <Cell><Data ss:Type="Number">-9.56</Data></Cell>
    <Cell><Data ss:Type="Number">-7.0000000000000007E-2</Data></Cell>
    <Cell><Data ss:Type="Number">-0.88</Data></Cell>
    <Cell><Data ss:Type="Number">22.7</Data></Cell>
    <Cell><Data ss:Type="Number">39.5</Data></Cell>
    <Cell><Data ss:Type="Number">0</Data></Cell>
    <Cell><Data ss:Type="Number">0</Data></Cell>
    <Cell><Data ss:Type="String">2023-12-07 16:15:48.492488</Data></Cell>
   </Row>
   <Row>
    <Cell><Data ss:Type="String">1447</Data></Cell>
    <Cell><Data ss:Type="Number">0.28000000000000003</Data></Cell>
    <Cell><Data ss:Type="Number">-10.07</Data></Cell>
    <Cell><Data ss:Type="Number">0.17</Data></Cell>
    <Cell><Data ss:Type="Number">-9.44</Data></Cell>
    <Cell><Data ss:Type="Number">-0.04</Data></Cell>
    <Cell><Data ss:Type="Number">-0.91</Data></Cell>
    <Cell><Data ss:Type="Number">22.7</Data></Cell>
    <Cell><Data ss:Type="Number">39.5</Data></Cell>
    <Cell><Data ss:Type="Number">0</Data></Cell>
    <Cell><Data ss:Type="Number">0</Data></Cell>
    <Cell><Data ss:Type="String">2023-12-07 16:15:48.439701</Data></Cell>
   </Row>
   <Row>
    <Cell><Data ss:Type="String">1446</Data></Cell>
    <Cell><Data ss:Type="Number">0.24</Data></Cell>
    <Cell><Data ss:Type="Number">-10.06</Data></Cell>
    <Cell><Data ss:Type="Number">0.16</Data></Cell>
    <Cell><Data ss:Type="Number">-9.41</Data></Cell>
    <Cell><Data ss:Type="Number">-0.08</Data></Cell>
    <Cell><Data ss:Type="Number">-0.91</Data></Cell>
    <Cell><Data ss:Type="Number">22.7</Data></Cell>
    <Cell><Data ss:Type="Number">39.5</Data></Cell>
    <Cell><Data ss:Type="Number">0</Data></Cell>
    <Cell><Data ss:Type="Number">0</Data></Cell>
    <Cell><Data ss:Type="String">2023-12-07 16:15:48.394368</Data></Cell>
   </Row>
   <Row>
    <Cell><Data ss:Type="String">1445</Data></Cell>
    <Cell><Data ss:Type="Number">0.32</Data></Cell>
    <Cell><Data ss:Type="Number">-10.06</Data></Cell>
    <Cell><Data ss:Type="Number">0.03</Data></Cell>
    <Cell><Data ss:Type="Number">-9.48</Data></Cell>
    <Cell><Data ss:Type="Number">-0.06</Data></Cell>
    <Cell><Data ss:Type="Number">-0.95</Data></Cell>
    <Cell><Data ss:Type="Number">22.7</Data></Cell>
    <Cell><Data ss:Type="Number">39.5</Data></Cell>
    <Cell><Data ss:Type="Number">0</Data></Cell>
    <Cell><Data ss:Type="Number">0</Data></Cell>
    <Cell><Data ss:Type="String">2023-12-07 16:15:48.349438</Data></Cell>
   </Row>
   <Row>
    <Cell><Data ss:Type="String">1444</Data></Cell>
    <Cell><Data ss:Type="Number">0.25</Data></Cell>
    <Cell><Data ss:Type="Number">-9.92</Data></Cell>
    <Cell><Data ss:Type="Number">0.09</Data></Cell>
    <Cell><Data ss:Type="Number">-9.42</Data></Cell>
    <Cell><Data ss:Type="Number">-0.06</Data></Cell>
    <Cell><Data ss:Type="Number">-0.92</Data></Cell>
    <Cell><Data ss:Type="Number">22.7</Data></Cell>
    <Cell><Data ss:Type="Number">39.5</Data></Cell>
    <Cell><Data ss:Type="Number">0</Data></Cell>
    <Cell><Data ss:Type="Number">0</Data></Cell>
    <Cell><Data ss:Type="String">2023-12-07 16:15:48.347115</Data></Cell>
   </Row>
   <Row>
    <Cell><Data ss:Type="String">1443</Data></Cell>
    <Cell><Data ss:Type="Number">0.31</Data></Cell>
    <Cell><Data ss:Type="Number">-10.039999999999999</Data></Cell>
    <Cell><Data ss:Type="Number">0.1</Data></Cell>
    <Cell><Data ss:Type="Number">-9.48</Data></Cell>
    <Cell><Data ss:Type="Number">-0.09</Data></Cell>
    <Cell><Data ss:Type="Number">-0.93</Data></Cell>
    <Cell><Data ss:Type="Number">22.7</Data></Cell>
    <Cell><Data ss:Type="Number">39.5</Data></Cell>
    <Cell><Data ss:Type="Number">0</Data></Cell>
    <Cell><Data ss:Type="Number">0</Data></Cell>
    <Cell><Data ss:Type="String">2023-12-07 16:15:48.301090</Data></Cell>
   </Row>
   <Row>
    <Cell><Data ss:Type="String">1442</Data></Cell>
    <Cell><Data ss:Type="Number">0.32</Data></Cell>
    <Cell><Data ss:Type="Number">-10.15</Data></Cell>
    <Cell><Data ss:Type="Number">0.14000000000000001</Data></Cell>
    <Cell><Data ss:Type="Number">-9.56</Data></Cell>
    <Cell><Data ss:Type="Number">-0.09</Data></Cell>
    <Cell><Data ss:Type="Number">-0.91</Data></Cell>
    <Cell><Data ss:Type="Number">22.7</Data></Cell>
    <Cell><Data ss:Type="Number">39.5</Data></Cell>
    <Cell><Data ss:Type="Number">0</Data></Cell>
    <Cell><Data ss:Type="Number">0</Data></Cell>
    <Cell><Data ss:Type="String">2023-12-07 16:15:48.258133</Data></Cell>
   </Row>
   <Row>
    <Cell><Data ss:Type="String">1441</Data></Cell>
    <Cell><Data ss:Type="Number">0.27</Data></Cell>
    <Cell><Data ss:Type="Number">-10.17</Data></Cell>
    <Cell><Data ss:Type="Number">0.16</Data></Cell>
    <Cell><Data ss:Type="Number">-9.52</Data></Cell>
    <Cell><Data ss:Type="Number">-7.0000000000000007E-2</Data></Cell>
    <Cell><Data ss:Type="Number">-0.91</Data></Cell>
    <Cell><Data ss:Type="Number">22.7</Data></Cell>
    <Cell><Data ss:Type="Number">39.5</Data></Cell>
    <Cell><Data ss:Type="Number">0</Data></Cell>
    <Cell><Data ss:Type="Number">0</Data></Cell>
    <Cell><Data ss:Type="String">2023-12-07 16:15:48.211817</Data></Cell>
   </Row>
   <Row>
    <Cell><Data ss:Type="String">1440</Data></Cell>
    <Cell><Data ss:Type="Number">0.26</Data></Cell>
    <Cell><Data ss:Type="Number">-9.98</Data></Cell>
    <Cell><Data ss:Type="Number">0.13</Data></Cell>
    <Cell><Data ss:Type="Number">-9.43</Data></Cell>
    <Cell><Data ss:Type="Number">-7.0000000000000007E-2</Data></Cell>
    <Cell><Data ss:Type="Number">-0.92</Data></Cell>
    <Cell><Data ss:Type="Number">22.7</Data></Cell>
    <Cell><Data ss:Type="Number">39.5</Data></Cell>
    <Cell><Data ss:Type="Number">0</Data></Cell>
    <Cell><Data ss:Type="Number">0</Data></Cell>
    <Cell><Data ss:Type="String">2023-12-07 16:15:48.210133</Data></Cell>
   </Row>
   <Row>
    <Cell><Data ss:Type="String">1439</Data></Cell>
    <Cell><Data ss:Type="Number">0.25</Data></Cell>
    <Cell><Data ss:Type="Number">-9.9700000000000006</Data></Cell>
    <Cell><Data ss:Type="Number">0.08</Data></Cell>
    <Cell><Data ss:Type="Number">-9.48</Data></Cell>
    <Cell><Data ss:Type="Number">-0.06</Data></Cell>
    <Cell><Data ss:Type="Number">-0.94</Data></Cell>
    <Cell><Data ss:Type="Number">22.7</Data></Cell>
    <Cell><Data ss:Type="Number">39.5</Data></Cell>
    <Cell><Data ss:Type="Number">0</Data></Cell>
    <Cell><Data ss:Type="Number">0</Data></Cell>
    <Cell><Data ss:Type="String">2023-12-07 16:15:48.165327</Data></Cell>
   </Row>
   <Row>
    <Cell><Data ss:Type="String">1438</Data></Cell>
    <Cell><Data ss:Type="Number">0.31</Data></Cell>
    <Cell><Data ss:Type="Number">-10.08</Data></Cell>
    <Cell><Data ss:Type="Number">0.1</Data></Cell>
    <Cell><Data ss:Type="Number">-9.51</Data></Cell>
    <Cell><Data ss:Type="Number">-0.08</Data></Cell>
    <Cell><Data ss:Type="Number">-0.91</Data></Cell>
    <Cell><Data ss:Type="Number">22.7</Data></Cell>
    <Cell><Data ss:Type="Number">39.5</Data></Cell>
    <Cell><Data ss:Type="Number">0</Data></Cell>
    <Cell><Data ss:Type="Number">0</Data></Cell>
    <Cell><Data ss:Type="String">2023-12-07 16:15:48.163681</Data></Cell>
   </Row>
   <Row>
    <Cell><Data ss:Type="String">1437</Data></Cell>
    <Cell><Data ss:Type="Number">0.25</Data></Cell>
    <Cell><Data ss:Type="Number">-10.130000000000001</Data></Cell>
    <Cell><Data ss:Type="Number">0.22</Data></Cell>
    <Cell><Data ss:Type="Number">-9.52</Data></Cell>
    <Cell><Data ss:Type="Number">-0.09</Data></Cell>
    <Cell><Data ss:Type="Number">-0.88</Data></Cell>
    <Cell><Data ss:Type="Number">22.7</Data></Cell>
    <Cell><Data ss:Type="Number">39.5</Data></Cell>
    <Cell><Data ss:Type="Number">0</Data></Cell>
    <Cell><Data ss:Type="Number">0</Data></Cell>
    <Cell><Data ss:Type="String">2023-12-07 16:15:48.162239</Data></Cell>
   </Row>
   <Row>
    <Cell><Data ss:Type="String">1436</Data></Cell>
    <Cell><Data ss:Type="Number">0.28999999999999998</Data></Cell>
    <Cell><Data ss:Type="Number">-10.11</Data></Cell>
    <Cell><Data ss:Type="Number">0.16</Data></Cell>
    <Cell><Data ss:Type="Number">-9.48</Data></Cell>
    <Cell><Data ss:Type="Number">-0.04</Data></Cell>
    <Cell><Data ss:Type="Number">-0.91</Data></Cell>
    <Cell><Data ss:Type="Number">22.7</Data></Cell>
    <Cell><Data ss:Type="Number">39.5</Data></Cell>
    <Cell><Data ss:Type="Number">0</Data></Cell>
    <Cell><Data ss:Type="Number">0</Data></Cell>
    <Cell><Data ss:Type="String">2023-12-07 16:15:48.160284</Data></Cell>
   </Row>
   <Row>
    <Cell><Data ss:Type="String">1435</Data></Cell>
    <Cell><Data ss:Type="Number">0.34</Data></Cell>
    <Cell><Data ss:Type="Number">-10</Data></Cell>
    <Cell><Data ss:Type="Number">0.14000000000000001</Data></Cell>
    <Cell><Data ss:Type="Number">-9.42</Data></Cell>
    <Cell><Data ss:Type="Number">-7.0000000000000007E-2</Data></Cell>
    <Cell><Data ss:Type="Number">-0.94</Data></Cell>
    <Cell><Data ss:Type="Number">22.7</Data></Cell>
    <Cell><Data ss:Type="Number">39.5</Data></Cell>
    <Cell><Data ss:Type="Number">0</Data></Cell>
    <Cell><Data ss:Type="Number">0</Data></Cell>
    <Cell><Data ss:Type="String">2023-12-07 16:15:48.158848</Data></Cell>
   </Row>
   <Row>
    <Cell><Data ss:Type="String">1434</Data></Cell>
    <Cell><Data ss:Type="Number">0.25</Data></Cell>
    <Cell><Data ss:Type="Number">-9.93</Data></Cell>
    <Cell><Data ss:Type="Number">0.11</Data></Cell>
    <Cell><Data ss:Type="Number">-9.43</Data></Cell>
    <Cell><Data ss:Type="Number">-0.06</Data></Cell>
    <Cell><Data ss:Type="Number">-0.92</Data></Cell>
    <Cell><Data ss:Type="Number">22.7</Data></Cell>
    <Cell><Data ss:Type="Number">39.5</Data></Cell>
    <Cell><Data ss:Type="Number">0</Data></Cell>
    <Cell><Data ss:Type="Number">0</Data></Cell>
    <Cell><Data ss:Type="String">2023-12-07 16:15:48.157395</Data></Cell>
   </Row>
   <Row>
    <Cell><Data ss:Type="String">1433</Data></Cell>
    <Cell><Data ss:Type="Number">0.22</Data></Cell>
    <Cell><Data ss:Type="Number">-9.98</Data></Cell>
    <Cell><Data ss:Type="Number">0.11</Data></Cell>
    <Cell><Data ss:Type="Number">-9.5</Data></Cell>
    <Cell><Data ss:Type="Number">-0.11</Data></Cell>
    <Cell><Data ss:Type="Number">-0.94</Data></Cell>
    <Cell><Data ss:Type="Number">22.7</Data></Cell>
    <Cell><Data ss:Type="Number">39.5</Data></Cell>
    <Cell><Data ss:Type="Number">0</Data></Cell>
    <Cell><Data ss:Type="Number">0</Data></Cell>
    <Cell><Data ss:Type="String">2023-12-07 16:15:47.941772</Data></Cell>
   </Row>
   <Row>
    <Cell><Data ss:Type="String">1432</Data></Cell>
    <Cell><Data ss:Type="Number">0.3</Data></Cell>
    <Cell><Data ss:Type="Number">-10.19</Data></Cell>
    <Cell><Data ss:Type="Number">0.22</Data></Cell>
    <Cell><Data ss:Type="Number">-9.52</Data></Cell>
    <Cell><Data ss:Type="Number">-0.04</Data></Cell>
    <Cell><Data ss:Type="Number">-0.88</Data></Cell>
    <Cell><Data ss:Type="Number">22.7</Data></Cell>
    <Cell><Data ss:Type="Number">39.5</Data></Cell>
    <Cell><Data ss:Type="Number">0</Data></Cell>
    <Cell><Data ss:Type="Number">0</Data></Cell>
    <Cell><Data ss:Type="String">2023-12-07 16:15:47.940068</Data></Cell>
   </Row>
   <Row>
    <Cell><Data ss:Type="String">1431</Data></Cell>
    <Cell><Data ss:Type="Number">0.3</Data></Cell>
    <Cell><Data ss:Type="Number">-10.19</Data></Cell>
    <Cell><Data ss:Type="Number">0.17</Data></Cell>
    <Cell><Data ss:Type="Number">-9.5</Data></Cell>
    <Cell><Data ss:Type="Number">-0.09</Data></Cell>
    <Cell><Data ss:Type="Number">-0.93</Data></Cell>
    <Cell><Data ss:Type="Number">22.7</Data></Cell>
    <Cell><Data ss:Type="Number">39.5</Data></Cell>
    <Cell><Data ss:Type="Number">0</Data></Cell>
    <Cell><Data ss:Type="Number">0</Data></Cell>
    <Cell><Data ss:Type="String">2023-12-07 16:15:47.892098</Data></Cell>
   </Row>
   <Row>
    <Cell><Data ss:Type="String">1430</Data></Cell>
    <Cell><Data ss:Type="Number">0.27</Data></Cell>
    <Cell><Data ss:Type="Number">-9.9499999999999993</Data></Cell>
    <Cell><Data ss:Type="Number">0.15</Data></Cell>
    <Cell><Data ss:Type="Number">-9.41</Data></Cell>
    <Cell><Data ss:Type="Number">-0.06</Data></Cell>
    <Cell><Data ss:Type="Number">-0.92</Data></Cell>
    <Cell><Data ss:Type="Number">22.7</Data></Cell>
    <Cell><Data ss:Type="Number">39.5</Data></Cell>
    <Cell><Data ss:Type="Number">0</Data></Cell>
    <Cell><Data ss:Type="Number">0</Data></Cell>
    <Cell><Data ss:Type="String">2023-12-07 16:15:47.890586</Data></Cell>
   </Row>
   <Row>
    <Cell><Data ss:Type="String">1429</Data></Cell>
    <Cell><Data ss:Type="Number">0.39</Data></Cell>
    <Cell><Data ss:Type="Number">-9.94</Data></Cell>
    <Cell><Data ss:Type="Number">0.1</Data></Cell>
    <Cell><Data ss:Type="Number">-9.4600000000000009</Data></Cell>
    <Cell><Data ss:Type="Number">-0.08</Data></Cell>
    <Cell><Data ss:Type="Number">-0.92</Data></Cell>
    <Cell><Data ss:Type="Number">22.7</Data></Cell>
    <Cell><Data ss:Type="Number">39.5</Data></Cell>
    <Cell><Data ss:Type="Number">0</Data></Cell>
    <Cell><Data ss:Type="Number">0</Data></Cell>
    <Cell><Data ss:Type="String">2023-12-07 16:15:47.835430</Data></Cell>
   </Row>
   <Row>
    <Cell><Data ss:Type="String">1428</Data></Cell>
    <Cell><Data ss:Type="Number">0.28000000000000003</Data></Cell>
    <Cell><Data ss:Type="Number">-10.16</Data></Cell>
    <Cell><Data ss:Type="Number">0.16</Data></Cell>
    <Cell><Data ss:Type="Number">-9.52</Data></Cell>
    <Cell><Data ss:Type="Number">-7.0000000000000007E-2</Data></Cell>
    <Cell><Data ss:Type="Number">-0.92</Data></Cell>
    <Cell><Data ss:Type="Number">22.7</Data></Cell>
    <Cell><Data ss:Type="Number">39.5</Data></Cell>
    <Cell><Data ss:Type="Number">0</Data></Cell>
    <Cell><Data ss:Type="Number">0</Data></Cell>
    <Cell><Data ss:Type="String">2023-12-07 16:15:47.834026</Data></Cell>
   </Row>
   <Row>
    <Cell><Data ss:Type="String">1427</Data></Cell>
    <Cell><Data ss:Type="Number">0.28000000000000003</Data></Cell>
    <Cell><Data ss:Type="Number">-10.24</Data></Cell>
    <Cell><Data ss:Type="Number">0.17</Data></Cell>
    <Cell><Data ss:Type="Number">-9.5500000000000007</Data></Cell>
    <Cell><Data ss:Type="Number">-7.0000000000000007E-2</Data></Cell>
    <Cell><Data ss:Type="Number">-0.87</Data></Cell>
    <Cell><Data ss:Type="Number">22.7</Data></Cell>
    <Cell><Data ss:Type="Number">39.5</Data></Cell>
    <Cell><Data ss:Type="Number">0</Data></Cell>
    <Cell><Data ss:Type="Number">0</Data></Cell>
    <Cell><Data ss:Type="String">2023-12-07 16:15:47.832569</Data></Cell>
   </Row>
   <Row>
    <Cell><Data ss:Type="String">1426</Data></Cell>
    <Cell><Data ss:Type="Number">0.26</Data></Cell>
    <Cell><Data ss:Type="Number">-10.16</Data></Cell>
    <Cell><Data ss:Type="Number">0.16</Data></Cell>
    <Cell><Data ss:Type="Number">-9.4700000000000006</Data></Cell>
    <Cell><Data ss:Type="Number">-0.04</Data></Cell>
    <Cell><Data ss:Type="Number">-0.92</Data></Cell>
    <Cell><Data ss:Type="Number">22.7</Data></Cell>
    <Cell><Data ss:Type="Number">39.5</Data></Cell>
    <Cell><Data ss:Type="Number">0</Data></Cell>
    <Cell><Data ss:Type="Number">0</Data></Cell>
    <Cell><Data ss:Type="String">2023-12-07 16:15:47.831171</Data></Cell>
   </Row>
   <Row>
    <Cell><Data ss:Type="String">1425</Data></Cell>
    <Cell><Data ss:Type="Number">0.21</Data></Cell>
    <Cell><Data ss:Type="Number">-10.029999999999999</Data></Cell>
    <Cell><Data ss:Type="Number">0.18</Data></Cell>
    <Cell><Data ss:Type="Number">-9.43</Data></Cell>
    <Cell><Data ss:Type="Number">-0.06</Data></Cell>
    <Cell><Data ss:Type="Number">-0.92</Data></Cell>
    <Cell><Data ss:Type="Number">22.7</Data></Cell>
    <Cell><Data ss:Type="Number">39.5</Data></Cell>
    <Cell><Data ss:Type="Number">0</Data></Cell>
    <Cell><Data ss:Type="Number">0</Data></Cell>
    <Cell><Data ss:Type="String">2023-12-07 16:15:47.829791</Data></Cell>
   </Row>
   <Row>
    <Cell><Data ss:Type="String">1424</Data></Cell>
    <Cell><Data ss:Type="Number">0.3</Data></Cell>
    <Cell><Data ss:Type="Number">-10.01</Data></Cell>
    <Cell><Data ss:Type="Number">-0.12</Data></Cell>
    <Cell><Data ss:Type="Number">-9.44</Data></Cell>
    <Cell><Data ss:Type="Number">-7.0000000000000007E-2</Data></Cell>
    <Cell><Data ss:Type="Number">-0.95</Data></Cell>
    <Cell><Data ss:Type="Number">22.7</Data></Cell>
    <Cell><Data ss:Type="Number">39.5</Data></Cell>
    <Cell><Data ss:Type="Number">0</Data></Cell>
    <Cell><Data ss:Type="Number">0</Data></Cell>
    <Cell><Data ss:Type="String">2023-12-07 16:15:47.828343</Data></Cell>
   </Row>
   <Row>
    <Cell><Data ss:Type="String">1423</Data></Cell>
    <Cell><Data ss:Type="Number">0.28999999999999998</Data></Cell>
    <Cell><Data ss:Type="Number">-10.09</Data></Cell>
    <Cell><Data ss:Type="Number">0.15</Data></Cell>
    <Cell><Data ss:Type="Number">-9.52</Data></Cell>
    <Cell><Data ss:Type="Number">-7.0000000000000007E-2</Data></Cell>
    <Cell><Data ss:Type="Number">-0.92</Data></Cell>
    <Cell><Data ss:Type="Number">22.7</Data></Cell>
    <Cell><Data ss:Type="Number">39.5</Data></Cell>
    <Cell><Data ss:Type="Number">0</Data></Cell>
    <Cell><Data ss:Type="Number">0</Data></Cell>
    <Cell><Data ss:Type="String">2023-12-07 16:15:47.826786</Data></Cell>
   </Row>
   <Row>
    <Cell><Data ss:Type="String">1422</Data></Cell>
    <Cell><Data ss:Type="Number">0.28999999999999998</Data></Cell>
    <Cell><Data ss:Type="Number">-10.220000000000001</Data></Cell>
    <Cell><Data ss:Type="Number">0.21</Data></Cell>
    <Cell><Data ss:Type="Number">-9.52</Data></Cell>
    <Cell><Data ss:Type="Number">-7.0000000000000007E-2</Data></Cell>
    <Cell><Data ss:Type="Number">-0.9</Data></Cell>
    <Cell><Data ss:Type="Number">22.7</Data></Cell>
    <Cell><Data ss:Type="Number">39.5</Data></Cell>
    <Cell><Data ss:Type="Number">0</Data></Cell>
    <Cell><Data ss:Type="Number">0</Data></Cell>
    <Cell><Data ss:Type="String">2023-12-07 16:15:47.595843</Data></Cell>
   </Row>
   <Row>
    <Cell><Data ss:Type="String">1421</Data></Cell>
    <Cell><Data ss:Type="Number">0.22</Data></Cell>
    <Cell><Data ss:Type="Number">-10.130000000000001</Data></Cell>
    <Cell><Data ss:Type="Number">0.16</Data></Cell>
    <Cell><Data ss:Type="Number">-9.4700000000000006</Data></Cell>
    <Cell><Data ss:Type="Number">-0.06</Data></Cell>
    <Cell><Data ss:Type="Number">-0.91</Data></Cell>
    <Cell><Data ss:Type="Number">22.7</Data></Cell>
    <Cell><Data ss:Type="Number">39.5</Data></Cell>
    <Cell><Data ss:Type="Number">0</Data></Cell>
    <Cell><Data ss:Type="Number">0</Data></Cell>
    <Cell><Data ss:Type="String">2023-12-07 16:15:47.548275</Data></Cell>
   </Row>
   <Row>
    <Cell><Data ss:Type="String">1420</Data></Cell>
    <Cell><Data ss:Type="Number">0.27</Data></Cell>
    <Cell><Data ss:Type="Number">-9.99</Data></Cell>
    <Cell><Data ss:Type="Number">0.15</Data></Cell>
    <Cell><Data ss:Type="Number">-9.42</Data></Cell>
    <Cell><Data ss:Type="Number">-0.05</Data></Cell>
    <Cell><Data ss:Type="Number">-0.9</Data></Cell>
    <Cell><Data ss:Type="Number">22.7</Data></Cell>
    <Cell><Data ss:Type="Number">39.5</Data></Cell>
    <Cell><Data ss:Type="Number">0</Data></Cell>
    <Cell><Data ss:Type="Number">0</Data></Cell>
    <Cell><Data ss:Type="String">2023-12-07 16:15:47.546847</Data></Cell>
   </Row>
   <Row>
    <Cell><Data ss:Type="String">1419</Data></Cell>
    <Cell><Data ss:Type="Number">0.28000000000000003</Data></Cell>
    <Cell><Data ss:Type="Number">-9.94</Data></Cell>
    <Cell><Data ss:Type="Number">0.12</Data></Cell>
    <Cell><Data ss:Type="Number">-9.4600000000000009</Data></Cell>
    <Cell><Data ss:Type="Number">-0.11</Data></Cell>
    <Cell><Data ss:Type="Number">-0.95</Data></Cell>
    <Cell><Data ss:Type="Number">22.7</Data></Cell>
    <Cell><Data ss:Type="Number">39.5</Data></Cell>
    <Cell><Data ss:Type="Number">0</Data></Cell>
    <Cell><Data ss:Type="Number">0</Data></Cell>
    <Cell><Data ss:Type="String">2023-12-07 16:15:47.545630</Data></Cell>
   </Row>
   <Row>
    <Cell><Data ss:Type="String">1418</Data></Cell>
    <Cell><Data ss:Type="Number">0.3</Data></Cell>
    <Cell><Data ss:Type="Number">-10.119999999999999</Data></Cell>
    <Cell><Data ss:Type="Number">0.15</Data></Cell>
    <Cell><Data ss:Type="Number">-9.51</Data></Cell>
    <Cell><Data ss:Type="Number">-0.06</Data></Cell>
    <Cell><Data ss:Type="Number">-0.95</Data></Cell>
    <Cell><Data ss:Type="Number">22.7</Data></Cell>
    <Cell><Data ss:Type="Number">39.5</Data></Cell>
    <Cell><Data ss:Type="Number">0</Data></Cell>
    <Cell><Data ss:Type="Number">0</Data></Cell>
    <Cell><Data ss:Type="String">2023-12-07 16:15:47.544180</Data></Cell>
   </Row>
   <Row>
    <Cell><Data ss:Type="String">1417</Data></Cell>
    <Cell><Data ss:Type="Number">0.3</Data></Cell>
    <Cell><Data ss:Type="Number">-10.220000000000001</Data></Cell>
    <Cell><Data ss:Type="Number">0.18</Data></Cell>
    <Cell><Data ss:Type="Number">-9.5399999999999991</Data></Cell>
    <Cell><Data ss:Type="Number">-0.09</Data></Cell>
    <Cell><Data ss:Type="Number">-0.89</Data></Cell>
    <Cell><Data ss:Type="Number">22.7</Data></Cell>
    <Cell><Data ss:Type="Number">39.5</Data></Cell>
    <Cell><Data ss:Type="Number">0</Data></Cell>
    <Cell><Data ss:Type="Number">0</Data></Cell>
    <Cell><Data ss:Type="String">2023-12-07 16:15:47.542641</Data></Cell>
   </Row>
   <Row>
    <Cell><Data ss:Type="String">1416</Data></Cell>
    <Cell><Data ss:Type="Number">0.24</Data></Cell>
    <Cell><Data ss:Type="Number">-10.17</Data></Cell>
    <Cell><Data ss:Type="Number">0.15</Data></Cell>
    <Cell><Data ss:Type="Number">-9.44</Data></Cell>
    <Cell><Data ss:Type="Number">-0.02</Data></Cell>
    <Cell><Data ss:Type="Number">-0.91</Data></Cell>
    <Cell><Data ss:Type="Number">22.7</Data></Cell>
    <Cell><Data ss:Type="Number">39.5</Data></Cell>
    <Cell><Data ss:Type="Number">0</Data></Cell>
    <Cell><Data ss:Type="Number">0</Data></Cell>
    <Cell><Data ss:Type="String">2023-12-07 16:15:47.374762</Data></Cell>
   </Row>
   <Row>
    <Cell><Data ss:Type="String">1415</Data></Cell>
    <Cell><Data ss:Type="Number">0.32</Data></Cell>
    <Cell><Data ss:Type="Number">-10.01</Data></Cell>
    <Cell><Data ss:Type="Number">0.14000000000000001</Data></Cell>
    <Cell><Data ss:Type="Number">-9.42</Data></Cell>
    <Cell><Data ss:Type="Number">-0.06</Data></Cell>
    <Cell><Data ss:Type="Number">-0.92</Data></Cell>
    <Cell><Data ss:Type="Number">22.7</Data></Cell>
    <Cell><Data ss:Type="Number">39.5</Data></Cell>
    <Cell><Data ss:Type="Number">0</Data></Cell>
    <Cell><Data ss:Type="Number">0</Data></Cell>
    <Cell><Data ss:Type="String">2023-12-07 16:15:47.373292</Data></Cell>
   </Row>
   <Row>
    <Cell><Data ss:Type="String">1414</Data></Cell>
    <Cell><Data ss:Type="Number">0.28000000000000003</Data></Cell>
    <Cell><Data ss:Type="Number">-9.89</Data></Cell>
    <Cell><Data ss:Type="Number">7.0000000000000007E-2</Data></Cell>
    <Cell><Data ss:Type="Number">-9.4600000000000009</Data></Cell>
    <Cell><Data ss:Type="Number">-0.08</Data></Cell>
    <Cell><Data ss:Type="Number">-0.92</Data></Cell>
    <Cell><Data ss:Type="Number">22.7</Data></Cell>
    <Cell><Data ss:Type="Number">39.5</Data></Cell>
    <Cell><Data ss:Type="Number">0</Data></Cell>
    <Cell><Data ss:Type="Number">0</Data></Cell>
    <Cell><Data ss:Type="String">2023-12-07 16:15:47.330256</Data></Cell>
   </Row>
   <Row>
    <Cell><Data ss:Type="String">1413</Data></Cell>
    <Cell><Data ss:Type="Number">0.33</Data></Cell>
    <Cell><Data ss:Type="Number">-10.17</Data></Cell>
    <Cell><Data ss:Type="Number">0.19</Data></Cell>
    <Cell><Data ss:Type="Number">-9.5399999999999991</Data></Cell>
    <Cell><Data ss:Type="Number">-7.0000000000000007E-2</Data></Cell>
    <Cell><Data ss:Type="Number">-0.91</Data></Cell>
    <Cell><Data ss:Type="Number">22.7</Data></Cell>
    <Cell><Data ss:Type="Number">39.5</Data></Cell>
    <Cell><Data ss:Type="Number">0</Data></Cell>
    <Cell><Data ss:Type="Number">0</Data></Cell>
    <Cell><Data ss:Type="String">2023-12-07 16:15:47.272213</Data></Cell>
   </Row>
   <Row>
    <Cell><Data ss:Type="String">1412</Data></Cell>
    <Cell><Data ss:Type="Number">0.23</Data></Cell>
    <Cell><Data ss:Type="Number">-10.07</Data></Cell>
    <Cell><Data ss:Type="Number">0.22</Data></Cell>
    <Cell><Data ss:Type="Number">-9.4600000000000009</Data></Cell>
    <Cell><Data ss:Type="Number">-0.09</Data></Cell>
    <Cell><Data ss:Type="Number">-0.88</Data></Cell>
    <Cell><Data ss:Type="Number">22.7</Data></Cell>
    <Cell><Data ss:Type="Number">39.5</Data></Cell>
    <Cell><Data ss:Type="Number">0</Data></Cell>
    <Cell><Data ss:Type="Number">0</Data></Cell>
    <Cell><Data ss:Type="String">2023-12-07 16:15:47.267601</Data></Cell>
   </Row>
   <Row>
    <Cell><Data ss:Type="String">1411</Data></Cell>
    <Cell><Data ss:Type="Number">0.25</Data></Cell>
    <Cell><Data ss:Type="Number">-10</Data></Cell>
    <Cell><Data ss:Type="Number">-0.08</Data></Cell>
    <Cell><Data ss:Type="Number">-9.43</Data></Cell>
    <Cell><Data ss:Type="Number">-0.04</Data></Cell>
    <Cell><Data ss:Type="Number">-0.95</Data></Cell>
    <Cell><Data ss:Type="Number">22.7</Data></Cell>
    <Cell><Data ss:Type="Number">39.5</Data></Cell>
    <Cell><Data ss:Type="Number">0</Data></Cell>
    <Cell><Data ss:Type="Number">0</Data></Cell>
    <Cell><Data ss:Type="String">2023-12-07 16:15:47.221503</Data></Cell>
   </Row>
   <Row>
    <Cell><Data ss:Type="String">1410</Data></Cell>
    <Cell><Data ss:Type="Number">0.33</Data></Cell>
    <Cell><Data ss:Type="Number">-10.08</Data></Cell>
    <Cell><Data ss:Type="Number">0.13</Data></Cell>
    <Cell><Data ss:Type="Number">-9.52</Data></Cell>
    <Cell><Data ss:Type="Number">-0.08</Data></Cell>
    <Cell><Data ss:Type="Number">-0.94</Data></Cell>
    <Cell><Data ss:Type="Number">22.7</Data></Cell>
    <Cell><Data ss:Type="Number">39.5</Data></Cell>
    <Cell><Data ss:Type="Number">0</Data></Cell>
    <Cell><Data ss:Type="Number">0</Data></Cell>
    <Cell><Data ss:Type="String">2023-12-07 16:15:47.176823</Data></Cell>
   </Row>
   <Row>
    <Cell><Data ss:Type="String">1409</Data></Cell>
    <Cell><Data ss:Type="Number">0.25</Data></Cell>
    <Cell><Data ss:Type="Number">-10.15</Data></Cell>
    <Cell><Data ss:Type="Number">0</Data></Cell>
    <Cell><Data ss:Type="Number">-9.5399999999999991</Data></Cell>
    <Cell><Data ss:Type="Number">-0.06</Data></Cell>
    <Cell><Data ss:Type="Number">-0.89</Data></Cell>
    <Cell><Data ss:Type="Number">22.7</Data></Cell>
    <Cell><Data ss:Type="Number">39.5</Data></Cell>
    <Cell><Data ss:Type="Number">0</Data></Cell>
    <Cell><Data ss:Type="Number">0</Data></Cell>
    <Cell><Data ss:Type="String">2023-12-07 16:15:47.175336</Data></Cell>
   </Row>
   <Row>
    <Cell><Data ss:Type="String">1408</Data></Cell>
    <Cell><Data ss:Type="Number">0.27</Data></Cell>
    <Cell><Data ss:Type="Number">-10.039999999999999</Data></Cell>
    <Cell><Data ss:Type="Number">0.04</Data></Cell>
    <Cell><Data ss:Type="Number">-9.4499999999999993</Data></Cell>
    <Cell><Data ss:Type="Number">-7.0000000000000007E-2</Data></Cell>
    <Cell><Data ss:Type="Number">-0.96</Data></Cell>
    <Cell><Data ss:Type="Number">22.7</Data></Cell>
    <Cell><Data ss:Type="Number">39.5</Data></Cell>
    <Cell><Data ss:Type="Number">0</Data></Cell>
    <Cell><Data ss:Type="Number">0</Data></Cell>
    <Cell><Data ss:Type="String">2023-12-07 16:15:47.131432</Data></Cell>
   </Row>
   <Row>
    <Cell><Data ss:Type="String">1407</Data></Cell>
    <Cell><Data ss:Type="Number">0.34</Data></Cell>
    <Cell><Data ss:Type="Number">-10.1</Data></Cell>
    <Cell><Data ss:Type="Number">0.15</Data></Cell>
    <Cell><Data ss:Type="Number">-9.5399999999999991</Data></Cell>
    <Cell><Data ss:Type="Number">-7.0000000000000007E-2</Data></Cell>
    <Cell><Data ss:Type="Number">-0.89</Data></Cell>
    <Cell><Data ss:Type="Number">22.7</Data></Cell>
    <Cell><Data ss:Type="Number">39.5</Data></Cell>
    <Cell><Data ss:Type="Number">0</Data></Cell>
    <Cell><Data ss:Type="Number">0</Data></Cell>
    <Cell><Data ss:Type="String">2023-12-07 16:15:47.082654</Data></Cell>
   </Row>
   <Row>
    <Cell><Data ss:Type="String">1406</Data></Cell>
    <Cell><Data ss:Type="Number">0.28999999999999998</Data></Cell>
    <Cell><Data ss:Type="Number">-10.16</Data></Cell>
    <Cell><Data ss:Type="Number">0.01</Data></Cell>
    <Cell><Data ss:Type="Number">-9.51</Data></Cell>
    <Cell><Data ss:Type="Number">-0.06</Data></Cell>
    <Cell><Data ss:Type="Number">-0.87</Data></Cell>
    <Cell><Data ss:Type="Number">22.7</Data></Cell>
    <Cell><Data ss:Type="Number">39.5</Data></Cell>
    <Cell><Data ss:Type="Number">0</Data></Cell>
    <Cell><Data ss:Type="Number">0</Data></Cell>
    <Cell><Data ss:Type="String">2023-12-07 16:15:47.040583</Data></Cell>
   </Row>
   <Row>
    <Cell><Data ss:Type="String">1405</Data></Cell>
    <Cell><Data ss:Type="Number">0.26</Data></Cell>
    <Cell><Data ss:Type="Number">-10.09</Data></Cell>
    <Cell><Data ss:Type="Number">0.06</Data></Cell>
    <Cell><Data ss:Type="Number">-9.4600000000000009</Data></Cell>
    <Cell><Data ss:Type="Number">-0.09</Data></Cell>
    <Cell><Data ss:Type="Number">-0.97</Data></Cell>
    <Cell><Data ss:Type="Number">22.7</Data></Cell>
    <Cell><Data ss:Type="Number">39.5</Data></Cell>
    <Cell><Data ss:Type="Number">0</Data></Cell>
    <Cell><Data ss:Type="Number">0</Data></Cell>
    <Cell><Data ss:Type="String">2023-12-07 16:15:47.038660</Data></Cell>
   </Row>
   <Row>
    <Cell><Data ss:Type="String">1404</Data></Cell>
    <Cell><Data ss:Type="Number">0.18</Data></Cell>
    <Cell><Data ss:Type="Number">-10.029999999999999</Data></Cell>
    <Cell><Data ss:Type="Number">0.16</Data></Cell>
    <Cell><Data ss:Type="Number">-9.3800000000000008</Data></Cell>
    <Cell><Data ss:Type="Number">-0.01</Data></Cell>
    <Cell><Data ss:Type="Number">-0.89</Data></Cell>
    <Cell><Data ss:Type="Number">22.7</Data></Cell>
    <Cell><Data ss:Type="Number">39.5</Data></Cell>
    <Cell><Data ss:Type="Number">0</Data></Cell>
    <Cell><Data ss:Type="Number">0</Data></Cell>
    <Cell><Data ss:Type="String">2023-12-07 16:15:46.990594</Data></Cell>
   </Row>
   <Row>
    <Cell><Data ss:Type="String">1403</Data></Cell>
    <Cell><Data ss:Type="Number">0.42</Data></Cell>
    <Cell><Data ss:Type="Number">-10.14</Data></Cell>
    <Cell><Data ss:Type="Number">0.03</Data></Cell>
    <Cell><Data ss:Type="Number">-9.56</Data></Cell>
    <Cell><Data ss:Type="Number">-0.11</Data></Cell>
    <Cell><Data ss:Type="Number">-0.97</Data></Cell>
    <Cell><Data ss:Type="Number">22.7</Data></Cell>
    <Cell><Data ss:Type="Number">39.5</Data></Cell>
    <Cell><Data ss:Type="Number">0</Data></Cell>
    <Cell><Data ss:Type="Number">0</Data></Cell>
    <Cell><Data ss:Type="String">2023-12-07 16:15:46.945218</Data></Cell>
   </Row>
   <Row>
    <Cell><Data ss:Type="String">1402</Data></Cell>
    <Cell><Data ss:Type="Number">1</Data></Cell>
    <Cell><Data ss:Type="Number">-10.14</Data></Cell>
    <Cell><Data ss:Type="Number">-0.05</Data></Cell>
    <Cell><Data ss:Type="Number">-9.43</Data></Cell>
    <Cell><Data ss:Type="Number">0.21</Data></Cell>
    <Cell><Data ss:Type="Number">-0.88</Data></Cell>
    <Cell><Data ss:Type="Number">22.7</Data></Cell>
    <Cell><Data ss:Type="Number">39.5</Data></Cell>
    <Cell><Data ss:Type="Number">0</Data></Cell>
    <Cell><Data ss:Type="Number">0</Data></Cell>
    <Cell><Data ss:Type="String">2023-12-07 16:15:46.896219</Data></Cell>
   </Row>
   <Row>
    <Cell><Data ss:Type="String">1401</Data></Cell>
    <Cell><Data ss:Type="Number">0.64</Data></Cell>
    <Cell><Data ss:Type="Number">-9.9499999999999993</Data></Cell>
    <Cell><Data ss:Type="Number">0.36</Data></Cell>
    <Cell><Data ss:Type="Number">-9.44</Data></Cell>
    <Cell><Data ss:Type="Number">-0.21</Data></Cell>
    <Cell><Data ss:Type="Number">-0.94</Data></Cell>
    <Cell><Data ss:Type="Number">22.7</Data></Cell>
    <Cell><Data ss:Type="Number">39.5</Data></Cell>
    <Cell><Data ss:Type="Number">0</Data></Cell>
    <Cell><Data ss:Type="Number">0</Data></Cell>
    <Cell><Data ss:Type="String">2023-12-07 16:15:46.894829</Data></Cell>
   </Row>
   <Row>
    <Cell><Data ss:Type="String">1400</Data></Cell>
    <Cell><Data ss:Type="Number">-0.77</Data></Cell>
    <Cell><Data ss:Type="Number">-9.94</Data></Cell>
    <Cell><Data ss:Type="Number">0.34</Data></Cell>
    <Cell><Data ss:Type="Number">-9.5</Data></Cell>
    <Cell><Data ss:Type="Number">-0.56000000000000005</Data></Cell>
    <Cell><Data ss:Type="Number">-0.95</Data></Cell>
    <Cell><Data ss:Type="Number">22.7</Data></Cell>
    <Cell><Data ss:Type="Number">39.5</Data></Cell>
    <Cell><Data ss:Type="Number">0</Data></Cell>
    <Cell><Data ss:Type="Number">0</Data></Cell>
    <Cell><Data ss:Type="String">2023-12-07 16:15:46.893271</Data></Cell>
   </Row>
   <Row>
    <Cell><Data ss:Type="String">1399</Data></Cell>
    <Cell><Data ss:Type="Number">-0.85</Data></Cell>
    <Cell><Data ss:Type="Number">-10.32</Data></Cell>
    <Cell><Data ss:Type="Number">-0.16</Data></Cell>
    <Cell><Data ss:Type="Number">-9.5500000000000007</Data></Cell>
    <Cell><Data ss:Type="Number">0.48</Data></Cell>
    <Cell><Data ss:Type="Number">-0.85</Data></Cell>
    <Cell><Data ss:Type="Number">22.7</Data></Cell>
    <Cell><Data ss:Type="Number">39.5</Data></Cell>
    <Cell><Data ss:Type="Number">0</Data></Cell>
    <Cell><Data ss:Type="Number">0</Data></Cell>
    <Cell><Data ss:Type="String">2023-12-07 16:15:46.891667</Data></Cell>
   </Row>
   <Row>
    <Cell><Data ss:Type="String">1398</Data></Cell>
    <Cell><Data ss:Type="Number">0.14000000000000001</Data></Cell>
    <Cell><Data ss:Type="Number">-10.38</Data></Cell>
    <Cell><Data ss:Type="Number">-0.28000000000000003</Data></Cell>
    <Cell><Data ss:Type="Number">-9.65</Data></Cell>
    <Cell><Data ss:Type="Number">0.27</Data></Cell>
    <Cell><Data ss:Type="Number">-1.07</Data></Cell>
    <Cell><Data ss:Type="Number">22.7</Data></Cell>
    <Cell><Data ss:Type="Number">39.5</Data></Cell>
    <Cell><Data ss:Type="Number">0</Data></Cell>
    <Cell><Data ss:Type="Number">0</Data></Cell>
    <Cell><Data ss:Type="String">2023-12-07 16:15:46.673296</Data></Cell>
   </Row>
   <Row>
    <Cell><Data ss:Type="String">1397</Data></Cell>
    <Cell><Data ss:Type="Number">2.95</Data></Cell>
    <Cell><Data ss:Type="Number">-9.77</Data></Cell>
    <Cell><Data ss:Type="Number">1.38</Data></Cell>
    <Cell><Data ss:Type="Number">-9.17</Data></Cell>
    <Cell><Data ss:Type="Number">-1.7</Data></Cell>
    <Cell><Data ss:Type="Number">-0.59</Data></Cell>
    <Cell><Data ss:Type="Number">22.7</Data></Cell>
    <Cell><Data ss:Type="Number">39.5</Data></Cell>
    <Cell><Data ss:Type="Number">0</Data></Cell>
    <Cell><Data ss:Type="Number">0</Data></Cell>
    <Cell><Data ss:Type="String">2023-12-07 16:15:46.625066</Data></Cell>
   </Row>
   <Row>
    <Cell><Data ss:Type="String">1396</Data></Cell>
    <Cell><Data ss:Type="Number">-0.25</Data></Cell>
    <Cell><Data ss:Type="Number">-3.31</Data></Cell>
    <Cell><Data ss:Type="Number">-0.59</Data></Cell>
    <Cell><Data ss:Type="Number">-11.9</Data></Cell>
    <Cell><Data ss:Type="Number">-0.3</Data></Cell>
    <Cell><Data ss:Type="Number">-0.31</Data></Cell>
    <Cell><Data ss:Type="Number">22.7</Data></Cell>
    <Cell><Data ss:Type="Number">39.5</Data></Cell>
    <Cell><Data ss:Type="Number">0</Data></Cell>
    <Cell><Data ss:Type="Number">0</Data></Cell>
    <Cell><Data ss:Type="String">2023-12-07 16:15:46.623205</Data></Cell>
   </Row>
   <Row>
    <Cell><Data ss:Type="String">1395</Data></Cell>
    <Cell><Data ss:Type="Number">0.45</Data></Cell>
    <Cell><Data ss:Type="Number">-10.23</Data></Cell>
    <Cell><Data ss:Type="Number">0.54</Data></Cell>
    <Cell><Data ss:Type="Number">-9.5500000000000007</Data></Cell>
    <Cell><Data ss:Type="Number">-0.05</Data></Cell>
    <Cell><Data ss:Type="Number">-0.88</Data></Cell>
    <Cell><Data ss:Type="Number">22.7</Data></Cell>
    <Cell><Data ss:Type="Number">39.5</Data></Cell>
    <Cell><Data ss:Type="Number">0</Data></Cell>
    <Cell><Data ss:Type="Number">0</Data></Cell>
    <Cell><Data ss:Type="String">2023-12-07 16:15:46.577689</Data></Cell>
   </Row>
   <Row>
    <Cell><Data ss:Type="String">1394</Data></Cell>
    <Cell><Data ss:Type="Number">0.27</Data></Cell>
    <Cell><Data ss:Type="Number">-10.51</Data></Cell>
    <Cell><Data ss:Type="Number">0.36</Data></Cell>
    <Cell><Data ss:Type="Number">-9.67</Data></Cell>
    <Cell><Data ss:Type="Number">-0.02</Data></Cell>
    <Cell><Data ss:Type="Number">-0.91</Data></Cell>
    <Cell><Data ss:Type="Number">22.7</Data></Cell>
    <Cell><Data ss:Type="Number">39.5</Data></Cell>
    <Cell><Data ss:Type="Number">0</Data></Cell>
    <Cell><Data ss:Type="Number">0</Data></Cell>
    <Cell><Data ss:Type="String">2023-12-07 16:15:46.532164</Data></Cell>
   </Row>
   <Row>
    <Cell><Data ss:Type="String">1393</Data></Cell>
    <Cell><Data ss:Type="Number">0.28000000000000003</Data></Cell>
    <Cell><Data ss:Type="Number">-10.29</Data></Cell>
    <Cell><Data ss:Type="Number">0.28000000000000003</Data></Cell>
    <Cell><Data ss:Type="Number">-9.19</Data></Cell>
    <Cell><Data ss:Type="Number">-0.11</Data></Cell>
    <Cell><Data ss:Type="Number">-0.96</Data></Cell>
    <Cell><Data ss:Type="Number">22.7</Data></Cell>
    <Cell><Data ss:Type="Number">39.5</Data></Cell>
    <Cell><Data ss:Type="Number">0</Data></Cell>
    <Cell><Data ss:Type="Number">0</Data></Cell>
    <Cell><Data ss:Type="String">2023-12-07 16:15:46.530506</Data></Cell>
   </Row>
   <Row>
    <Cell><Data ss:Type="String">1392</Data></Cell>
    <Cell><Data ss:Type="Number">-0.25</Data></Cell>
    <Cell><Data ss:Type="Number">-9.81</Data></Cell>
    <Cell><Data ss:Type="Number">-0.11</Data></Cell>
    <Cell><Data ss:Type="Number">-9.35</Data></Cell>
    <Cell><Data ss:Type="Number">-0.08</Data></Cell>
    <Cell><Data ss:Type="Number">-0.9</Data></Cell>
    <Cell><Data ss:Type="Number">22.7</Data></Cell>
    <Cell><Data ss:Type="Number">39.5</Data></Cell>
    <Cell><Data ss:Type="Number">0</Data></Cell>
    <Cell><Data ss:Type="Number">0</Data></Cell>
    <Cell><Data ss:Type="String">2023-12-07 16:15:46.483743</Data></Cell>
   </Row>
   <Row>
    <Cell><Data ss:Type="String">1391</Data></Cell>
    <Cell><Data ss:Type="Number">0.05</Data></Cell>
    <Cell><Data ss:Type="Number">-10.11</Data></Cell>
    <Cell><Data ss:Type="Number">0.17</Data></Cell>
    <Cell><Data ss:Type="Number">-9.5399999999999991</Data></Cell>
    <Cell><Data ss:Type="Number">-7.0000000000000007E-2</Data></Cell>
    <Cell><Data ss:Type="Number">-0.92</Data></Cell>
    <Cell><Data ss:Type="Number">22.7</Data></Cell>
    <Cell><Data ss:Type="Number">39.5</Data></Cell>
    <Cell><Data ss:Type="Number">0</Data></Cell>
    <Cell><Data ss:Type="Number">0</Data></Cell>
    <Cell><Data ss:Type="String">2023-12-07 16:15:46.439083</Data></Cell>
   </Row>
   <Row>
    <Cell><Data ss:Type="String">1390</Data></Cell>
    <Cell><Data ss:Type="Number">-0.05</Data></Cell>
    <Cell><Data ss:Type="Number">-9.7200000000000006</Data></Cell>
    <Cell><Data ss:Type="Number">0.46</Data></Cell>
    <Cell><Data ss:Type="Number">-9.56</Data></Cell>
    <Cell><Data ss:Type="Number">-0.03</Data></Cell>
    <Cell><Data ss:Type="Number">-0.89</Data></Cell>
    <Cell><Data ss:Type="Number">22.7</Data></Cell>
    <Cell><Data ss:Type="Number">39.5</Data></Cell>
    <Cell><Data ss:Type="Number">0</Data></Cell>
    <Cell><Data ss:Type="Number">0</Data></Cell>
    <Cell><Data ss:Type="String">2023-12-07 16:15:46.394956</Data></Cell>
   </Row>
   <Row>
    <Cell><Data ss:Type="String">1389</Data></Cell>
    <Cell><Data ss:Type="Number">0.52</Data></Cell>
    <Cell><Data ss:Type="Number">-10.06</Data></Cell>
    <Cell><Data ss:Type="Number">0.03</Data></Cell>
    <Cell><Data ss:Type="Number">-9.32</Data></Cell>
    <Cell><Data ss:Type="Number">-0.05</Data></Cell>
    <Cell><Data ss:Type="Number">-0.99</Data></Cell>
    <Cell><Data ss:Type="Number">22.7</Data></Cell>
    <Cell><Data ss:Type="Number">39.5</Data></Cell>
    <Cell><Data ss:Type="Number">0</Data></Cell>
    <Cell><Data ss:Type="Number">0</Data></Cell>
    <Cell><Data ss:Type="String">2023-12-07 16:15:46.393062</Data></Cell>
   </Row>
   <Row>
    <Cell><Data ss:Type="String">1388</Data></Cell>
    <Cell><Data ss:Type="Number">0.38</Data></Cell>
    <Cell><Data ss:Type="Number">-9.99</Data></Cell>
    <Cell><Data ss:Type="Number">0.35</Data></Cell>
    <Cell><Data ss:Type="Number">-9.43</Data></Cell>
    <Cell><Data ss:Type="Number">-0.11</Data></Cell>
    <Cell><Data ss:Type="Number">-0.95</Data></Cell>
    <Cell><Data ss:Type="Number">22.7</Data></Cell>
    <Cell><Data ss:Type="Number">39.5</Data></Cell>
    <Cell><Data ss:Type="Number">0</Data></Cell>
    <Cell><Data ss:Type="Number">0</Data></Cell>
    <Cell><Data ss:Type="String">2023-12-07 16:15:46.347273</Data></Cell>
   </Row>
   <Row>
    <Cell><Data ss:Type="String">1387</Data></Cell>
    <Cell><Data ss:Type="Number">0.28000000000000003</Data></Cell>
    <Cell><Data ss:Type="Number">-9.5500000000000007</Data></Cell>
    <Cell><Data ss:Type="Number">-0.02</Data></Cell>
    <Cell><Data ss:Type="Number">-9.42</Data></Cell>
    <Cell><Data ss:Type="Number">-0.06</Data></Cell>
    <Cell><Data ss:Type="Number">-1</Data></Cell>
    <Cell><Data ss:Type="Number">22.7</Data></Cell>
    <Cell><Data ss:Type="Number">39.5</Data></Cell>
    <Cell><Data ss:Type="Number">0</Data></Cell>
    <Cell><Data ss:Type="Number">0</Data></Cell>
    <Cell><Data ss:Type="String">2023-12-07 16:15:46.300839</Data></Cell>
   </Row>
   <Row>
    <Cell><Data ss:Type="String">1386</Data></Cell>
    <Cell><Data ss:Type="Number">0.06</Data></Cell>
    <Cell><Data ss:Type="Number">-10.11</Data></Cell>
    <Cell><Data ss:Type="Number">0.09</Data></Cell>
    <Cell><Data ss:Type="Number">-9.31</Data></Cell>
    <Cell><Data ss:Type="Number">-0.04</Data></Cell>
    <Cell><Data ss:Type="Number">-0.95</Data></Cell>
    <Cell><Data ss:Type="Number">22.7</Data></Cell>
    <Cell><Data ss:Type="Number">39.5</Data></Cell>
    <Cell><Data ss:Type="Number">0</Data></Cell>
    <Cell><Data ss:Type="Number">0</Data></Cell>
    <Cell><Data ss:Type="String">2023-12-07 16:15:46.257577</Data></Cell>
   </Row>
   <Row>
    <Cell><Data ss:Type="String">1385</Data></Cell>
    <Cell><Data ss:Type="Number">0.53</Data></Cell>
    <Cell><Data ss:Type="Number">-9.49</Data></Cell>
    <Cell><Data ss:Type="Number">0.39</Data></Cell>
    <Cell><Data ss:Type="Number">-9.41</Data></Cell>
    <Cell><Data ss:Type="Number">-0.08</Data></Cell>
    <Cell><Data ss:Type="Number">-0.91</Data></Cell>
    <Cell><Data ss:Type="Number">22.7</Data></Cell>
    <Cell><Data ss:Type="Number">39.5</Data></Cell>
    <Cell><Data ss:Type="Number">0</Data></Cell>
    <Cell><Data ss:Type="Number">0</Data></Cell>
    <Cell><Data ss:Type="String">2023-12-07 16:15:46.255331</Data></Cell>
   </Row>
   <Row>
    <Cell><Data ss:Type="String">1384</Data></Cell>
    <Cell><Data ss:Type="Number">0.38</Data></Cell>
    <Cell><Data ss:Type="Number">-10</Data></Cell>
    <Cell><Data ss:Type="Number">0.38</Data></Cell>
    <Cell><Data ss:Type="Number">-9.51</Data></Cell>
    <Cell><Data ss:Type="Number">-0.06</Data></Cell>
    <Cell><Data ss:Type="Number">-0.89</Data></Cell>
    <Cell><Data ss:Type="Number">22.7</Data></Cell>
    <Cell><Data ss:Type="Number">39.5</Data></Cell>
    <Cell><Data ss:Type="Number">0</Data></Cell>
    <Cell><Data ss:Type="Number">0</Data></Cell>
    <Cell><Data ss:Type="String">2023-12-07 16:15:46.210480</Data></Cell>
   </Row>
   <Row>
    <Cell><Data ss:Type="String">1383</Data></Cell>
    <Cell><Data ss:Type="Number">0.41</Data></Cell>
    <Cell><Data ss:Type="Number">-9.44</Data></Cell>
    <Cell><Data ss:Type="Number">0.27</Data></Cell>
    <Cell><Data ss:Type="Number">-9.24</Data></Cell>
    <Cell><Data ss:Type="Number">-0.08</Data></Cell>
    <Cell><Data ss:Type="Number">-0.89</Data></Cell>
    <Cell><Data ss:Type="Number">22.7</Data></Cell>
    <Cell><Data ss:Type="Number">39.5</Data></Cell>
    <Cell><Data ss:Type="Number">0</Data></Cell>
    <Cell><Data ss:Type="Number">0</Data></Cell>
    <Cell><Data ss:Type="String">2023-12-07 16:15:46.162632</Data></Cell>
   </Row>
   <Row>
    <Cell><Data ss:Type="String">1382</Data></Cell>
    <Cell><Data ss:Type="Number">0.37</Data></Cell>
    <Cell><Data ss:Type="Number">-10.220000000000001</Data></Cell>
    <Cell><Data ss:Type="Number">0.2</Data></Cell>
    <Cell><Data ss:Type="Number">-9.6199999999999992</Data></Cell>
    <Cell><Data ss:Type="Number">-0.12</Data></Cell>
    <Cell><Data ss:Type="Number">-0.91</Data></Cell>
    <Cell><Data ss:Type="Number">22.7</Data></Cell>
    <Cell><Data ss:Type="Number">39.5</Data></Cell>
    <Cell><Data ss:Type="Number">0</Data></Cell>
    <Cell><Data ss:Type="Number">0</Data></Cell>
    <Cell><Data ss:Type="String">2023-12-07 16:15:46.118194</Data></Cell>
   </Row>
   <Row>
    <Cell><Data ss:Type="String">1381</Data></Cell>
    <Cell><Data ss:Type="Number">0.45</Data></Cell>
    <Cell><Data ss:Type="Number">-10.17</Data></Cell>
    <Cell><Data ss:Type="Number">0.25</Data></Cell>
    <Cell><Data ss:Type="Number">-9.66</Data></Cell>
    <Cell><Data ss:Type="Number">-0.11</Data></Cell>
    <Cell><Data ss:Type="Number">-0.86</Data></Cell>
    <Cell><Data ss:Type="Number">22.7</Data></Cell>
    <Cell><Data ss:Type="Number">39.5</Data></Cell>
    <Cell><Data ss:Type="Number">0</Data></Cell>
    <Cell><Data ss:Type="Number">0</Data></Cell>
    <Cell><Data ss:Type="String">2023-12-07 16:15:46.116335</Data></Cell>
   </Row>
   <Row>
    <Cell><Data ss:Type="String">1380</Data></Cell>
    <Cell><Data ss:Type="Number">0.46</Data></Cell>
    <Cell><Data ss:Type="Number">-10</Data></Cell>
    <Cell><Data ss:Type="Number">0.09</Data></Cell>
    <Cell><Data ss:Type="Number">-9.5</Data></Cell>
    <Cell><Data ss:Type="Number">0.06</Data></Cell>
    <Cell><Data ss:Type="Number">-0.93</Data></Cell>
    <Cell><Data ss:Type="Number">22.7</Data></Cell>
    <Cell><Data ss:Type="Number">39.5</Data></Cell>
    <Cell><Data ss:Type="Number">0</Data></Cell>
    <Cell><Data ss:Type="Number">0</Data></Cell>
    <Cell><Data ss:Type="String">2023-12-07 16:15:46.071138</Data></Cell>
   </Row>
   <Row>
    <Cell><Data ss:Type="String">1379</Data></Cell>
    <Cell><Data ss:Type="Number">0.36</Data></Cell>
    <Cell><Data ss:Type="Number">-9.9</Data></Cell>
    <Cell><Data ss:Type="Number">-0.13</Data></Cell>
    <Cell><Data ss:Type="Number">-9.4499999999999993</Data></Cell>
    <Cell><Data ss:Type="Number">-0.11</Data></Cell>
    <Cell><Data ss:Type="Number">-0.98</Data></Cell>
    <Cell><Data ss:Type="Number">22.7</Data></Cell>
    <Cell><Data ss:Type="Number">39.5</Data></Cell>
    <Cell><Data ss:Type="Number">0</Data></Cell>
    <Cell><Data ss:Type="Number">0</Data></Cell>
    <Cell><Data ss:Type="String">2023-12-07 16:15:46.025079</Data></Cell>
   </Row>
   <Row>
    <Cell><Data ss:Type="String">1378</Data></Cell>
    <Cell><Data ss:Type="Number">0.51</Data></Cell>
    <Cell><Data ss:Type="Number">-9.99</Data></Cell>
    <Cell><Data ss:Type="Number">0.03</Data></Cell>
    <Cell><Data ss:Type="Number">-9.41</Data></Cell>
    <Cell><Data ss:Type="Number">-0.04</Data></Cell>
    <Cell><Data ss:Type="Number">-0.88</Data></Cell>
    <Cell><Data ss:Type="Number">22.7</Data></Cell>
    <Cell><Data ss:Type="Number">39.5</Data></Cell>
    <Cell><Data ss:Type="Number">0</Data></Cell>
    <Cell><Data ss:Type="Number">0</Data></Cell>
    <Cell><Data ss:Type="String">2023-12-07 16:15:45.981374</Data></Cell>
   </Row>
   <Row>
    <Cell><Data ss:Type="String">1377</Data></Cell>
    <Cell><Data ss:Type="Number">0.36</Data></Cell>
    <Cell><Data ss:Type="Number">-9.89</Data></Cell>
    <Cell><Data ss:Type="Number">0.08</Data></Cell>
    <Cell><Data ss:Type="Number">-9.49</Data></Cell>
    <Cell><Data ss:Type="Number">-0.11</Data></Cell>
    <Cell><Data ss:Type="Number">-0.96</Data></Cell>
    <Cell><Data ss:Type="Number">22.7</Data></Cell>
    <Cell><Data ss:Type="Number">39.5</Data></Cell>
    <Cell><Data ss:Type="Number">0</Data></Cell>
    <Cell><Data ss:Type="Number">0</Data></Cell>
    <Cell><Data ss:Type="String">2023-12-07 16:15:45.979018</Data></Cell>
   </Row>
   <Row>
    <Cell><Data ss:Type="String">1376</Data></Cell>
    <Cell><Data ss:Type="Number">7.0000000000000007E-2</Data></Cell>
    <Cell><Data ss:Type="Number">-10.32</Data></Cell>
    <Cell><Data ss:Type="Number">0.3</Data></Cell>
    <Cell><Data ss:Type="Number">-9.74</Data></Cell>
    <Cell><Data ss:Type="Number">-0.06</Data></Cell>
    <Cell><Data ss:Type="Number">-0.85</Data></Cell>
    <Cell><Data ss:Type="Number">22.7</Data></Cell>
    <Cell><Data ss:Type="Number">39.5</Data></Cell>
    <Cell><Data ss:Type="Number">0</Data></Cell>
    <Cell><Data ss:Type="Number">0</Data></Cell>
    <Cell><Data ss:Type="String">2023-12-07 16:15:45.932909</Data></Cell>
   </Row>
   <Row>
    <Cell><Data ss:Type="String">1375</Data></Cell>
    <Cell><Data ss:Type="Number">-0.21</Data></Cell>
    <Cell><Data ss:Type="Number">-11.03</Data></Cell>
    <Cell><Data ss:Type="Number">-0.1</Data></Cell>
    <Cell><Data ss:Type="Number">-9.5399999999999991</Data></Cell>
    <Cell><Data ss:Type="Number">-0.08</Data></Cell>
    <Cell><Data ss:Type="Number">-0.94</Data></Cell>
    <Cell><Data ss:Type="Number">22.7</Data></Cell>
    <Cell><Data ss:Type="Number">39.5</Data></Cell>
    <Cell><Data ss:Type="Number">0</Data></Cell>
    <Cell><Data ss:Type="Number">0</Data></Cell>
    <Cell><Data ss:Type="String">2023-12-07 16:15:45.891942</Data></Cell>
   </Row>
   <Row>
    <Cell><Data ss:Type="String">1374</Data></Cell>
    <Cell><Data ss:Type="Number">-0.13</Data></Cell>
    <Cell><Data ss:Type="Number">-9.5299999999999994</Data></Cell>
    <Cell><Data ss:Type="Number">0.2</Data></Cell>
    <Cell><Data ss:Type="Number">-9.2799999999999994</Data></Cell>
    <Cell><Data ss:Type="Number">-0.14000000000000001</Data></Cell>
    <Cell><Data ss:Type="Number">-0.91</Data></Cell>
    <Cell><Data ss:Type="Number">22.7</Data></Cell>
    <Cell><Data ss:Type="Number">39.5</Data></Cell>
    <Cell><Data ss:Type="Number">0</Data></Cell>
    <Cell><Data ss:Type="Number">0</Data></Cell>
    <Cell><Data ss:Type="String">2023-12-07 16:15:45.888444</Data></Cell>
   </Row>
   <Row>
    <Cell><Data ss:Type="String">1373</Data></Cell>
    <Cell><Data ss:Type="Number">-0.37</Data></Cell>
    <Cell><Data ss:Type="Number">-10.130000000000001</Data></Cell>
    <Cell><Data ss:Type="Number">-0.11</Data></Cell>
    <Cell><Data ss:Type="Number">-9.48</Data></Cell>
    <Cell><Data ss:Type="Number">-0.01</Data></Cell>
    <Cell><Data ss:Type="Number">-0.88</Data></Cell>
    <Cell><Data ss:Type="Number">22.7</Data></Cell>
    <Cell><Data ss:Type="Number">39.5</Data></Cell>
    <Cell><Data ss:Type="Number">0</Data></Cell>
    <Cell><Data ss:Type="Number">0</Data></Cell>
    <Cell><Data ss:Type="String">2023-12-07 16:15:45.842299</Data></Cell>
   </Row>
   <Row>
    <Cell><Data ss:Type="String">1372</Data></Cell>
    <Cell><Data ss:Type="Number">-0.13</Data></Cell>
    <Cell><Data ss:Type="Number">-10.4</Data></Cell>
    <Cell><Data ss:Type="Number">0.03</Data></Cell>
    <Cell><Data ss:Type="Number">-9.59</Data></Cell>
    <Cell><Data ss:Type="Number">-0.06</Data></Cell>
    <Cell><Data ss:Type="Number">-0.95</Data></Cell>
    <Cell><Data ss:Type="Number">22.7</Data></Cell>
    <Cell><Data ss:Type="Number">39.5</Data></Cell>
    <Cell><Data ss:Type="Number">0</Data></Cell>
    <Cell><Data ss:Type="Number">0</Data></Cell>
    <Cell><Data ss:Type="String">2023-12-07 16:15:45.797961</Data></Cell>
   </Row>
   <Row>
    <Cell><Data ss:Type="String">1371</Data></Cell>
    <Cell><Data ss:Type="Number">-0.12</Data></Cell>
    <Cell><Data ss:Type="Number">-9.7200000000000006</Data></Cell>
    <Cell><Data ss:Type="Number">-0.09</Data></Cell>
    <Cell><Data ss:Type="Number">-9.33</Data></Cell>
    <Cell><Data ss:Type="Number">-0.11</Data></Cell>
    <Cell><Data ss:Type="Number">-0.89</Data></Cell>
    <Cell><Data ss:Type="Number">22.7</Data></Cell>
    <Cell><Data ss:Type="Number">39.5</Data></Cell>
    <Cell><Data ss:Type="Number">0</Data></Cell>
    <Cell><Data ss:Type="Number">0</Data></Cell>
    <Cell><Data ss:Type="String">2023-12-07 16:15:45.752491</Data></Cell>
   </Row>
   <Row>
    <Cell><Data ss:Type="String">1370</Data></Cell>
    <Cell><Data ss:Type="Number">0.02</Data></Cell>
    <Cell><Data ss:Type="Number">-10.02</Data></Cell>
    <Cell><Data ss:Type="Number">0.38</Data></Cell>
    <Cell><Data ss:Type="Number">-9.42</Data></Cell>
    <Cell><Data ss:Type="Number">-0.1</Data></Cell>
    <Cell><Data ss:Type="Number">-0.86</Data></Cell>
    <Cell><Data ss:Type="Number">22.7</Data></Cell>
    <Cell><Data ss:Type="Number">39.5</Data></Cell>
    <Cell><Data ss:Type="Number">0</Data></Cell>
    <Cell><Data ss:Type="Number">0</Data></Cell>
    <Cell><Data ss:Type="String">2023-12-07 16:15:45.750670</Data></Cell>
   </Row>
   <Row>
    <Cell><Data ss:Type="String">1369</Data></Cell>
    <Cell><Data ss:Type="Number">0.25</Data></Cell>
    <Cell><Data ss:Type="Number">-10.220000000000001</Data></Cell>
    <Cell><Data ss:Type="Number">-0.33</Data></Cell>
    <Cell><Data ss:Type="Number">-9.5299999999999994</Data></Cell>
    <Cell><Data ss:Type="Number">-0.08</Data></Cell>
    <Cell><Data ss:Type="Number">-0.95</Data></Cell>
    <Cell><Data ss:Type="Number">22.7</Data></Cell>
    <Cell><Data ss:Type="Number">39.5</Data></Cell>
    <Cell><Data ss:Type="Number">0</Data></Cell>
    <Cell><Data ss:Type="Number">0</Data></Cell>
    <Cell><Data ss:Type="String">2023-12-07 16:15:45.707698</Data></Cell>
   </Row>
   <Row>
    <Cell><Data ss:Type="String">1368</Data></Cell>
    <Cell><Data ss:Type="Number">0.44</Data></Cell>
    <Cell><Data ss:Type="Number">-10.29</Data></Cell>
    <Cell><Data ss:Type="Number">0.09</Data></Cell>
    <Cell><Data ss:Type="Number">-9.5399999999999991</Data></Cell>
    <Cell><Data ss:Type="Number">-0.09</Data></Cell>
    <Cell><Data ss:Type="Number">-0.82</Data></Cell>
    <Cell><Data ss:Type="Number">22.7</Data></Cell>
    <Cell><Data ss:Type="Number">39.5</Data></Cell>
    <Cell><Data ss:Type="Number">0</Data></Cell>
    <Cell><Data ss:Type="Number">0</Data></Cell>
    <Cell><Data ss:Type="String">2023-12-07 16:15:45.705384</Data></Cell>
   </Row>
   <Row>
    <Cell><Data ss:Type="String">1367</Data></Cell>
    <Cell><Data ss:Type="Number">0.43</Data></Cell>
    <Cell><Data ss:Type="Number">-10.02</Data></Cell>
    <Cell><Data ss:Type="Number">0.5</Data></Cell>
    <Cell><Data ss:Type="Number">-9.49</Data></Cell>
    <Cell><Data ss:Type="Number">-0.16</Data></Cell>
    <Cell><Data ss:Type="Number">-1</Data></Cell>
    <Cell><Data ss:Type="Number">22.7</Data></Cell>
    <Cell><Data ss:Type="Number">39.5</Data></Cell>
    <Cell><Data ss:Type="Number">0</Data></Cell>
    <Cell><Data ss:Type="Number">0</Data></Cell>
    <Cell><Data ss:Type="String">2023-12-07 16:15:45.703085</Data></Cell>
   </Row>
   <Row>
    <Cell><Data ss:Type="String">1366</Data></Cell>
    <Cell><Data ss:Type="Number">0.83</Data></Cell>
    <Cell><Data ss:Type="Number">-9.94</Data></Cell>
    <Cell><Data ss:Type="Number">-0.01</Data></Cell>
    <Cell><Data ss:Type="Number">-9.31</Data></Cell>
    <Cell><Data ss:Type="Number">-0.09</Data></Cell>
    <Cell><Data ss:Type="Number">-0.82</Data></Cell>
    <Cell><Data ss:Type="Number">22.7</Data></Cell>
    <Cell><Data ss:Type="Number">39.5</Data></Cell>
    <Cell><Data ss:Type="Number">0</Data></Cell>
    <Cell><Data ss:Type="Number">0</Data></Cell>
    <Cell><Data ss:Type="String">2023-12-07 16:15:45.701330</Data></Cell>
   </Row>
   <Row>
    <Cell><Data ss:Type="String">1365</Data></Cell>
    <Cell><Data ss:Type="Number">-0.34</Data></Cell>
    <Cell><Data ss:Type="Number">-9.9600000000000009</Data></Cell>
    <Cell><Data ss:Type="Number">-0.25</Data></Cell>
    <Cell><Data ss:Type="Number">-9.3800000000000008</Data></Cell>
    <Cell><Data ss:Type="Number">0.02</Data></Cell>
    <Cell><Data ss:Type="Number">-1.04</Data></Cell>
    <Cell><Data ss:Type="Number">22.7</Data></Cell>
    <Cell><Data ss:Type="Number">39.5</Data></Cell>
    <Cell><Data ss:Type="Number">0</Data></Cell>
    <Cell><Data ss:Type="Number">0</Data></Cell>
    <Cell><Data ss:Type="String">2023-12-07 16:15:45.699513</Data></Cell>
   </Row>
   <Row>
    <Cell><Data ss:Type="String">1364</Data></Cell>
    <Cell><Data ss:Type="Number">0.45</Data></Cell>
    <Cell><Data ss:Type="Number">-10.32</Data></Cell>
    <Cell><Data ss:Type="Number">-0.01</Data></Cell>
    <Cell><Data ss:Type="Number">-9.5</Data></Cell>
    <Cell><Data ss:Type="Number">7.0000000000000007E-2</Data></Cell>
    <Cell><Data ss:Type="Number">-0.93</Data></Cell>
    <Cell><Data ss:Type="Number">22.7</Data></Cell>
    <Cell><Data ss:Type="Number">39.5</Data></Cell>
    <Cell><Data ss:Type="Number">0</Data></Cell>
    <Cell><Data ss:Type="Number">0</Data></Cell>
    <Cell><Data ss:Type="String">2023-12-07 16:15:45.509847</Data></Cell>
   </Row>
   <Row>
    <Cell><Data ss:Type="String">1363</Data></Cell>
    <Cell><Data ss:Type="Number">0.06</Data></Cell>
    <Cell><Data ss:Type="Number">-10.36</Data></Cell>
    <Cell><Data ss:Type="Number">0.64</Data></Cell>
    <Cell><Data ss:Type="Number">-9.49</Data></Cell>
    <Cell><Data ss:Type="Number">-0.46</Data></Cell>
    <Cell><Data ss:Type="Number">-0.79</Data></Cell>
    <Cell><Data ss:Type="Number">22.7</Data></Cell>
    <Cell><Data ss:Type="Number">39.5</Data></Cell>
    <Cell><Data ss:Type="Number">0</Data></Cell>
    <Cell><Data ss:Type="Number">0</Data></Cell>
    <Cell><Data ss:Type="String">2023-12-07 16:15:45.505697</Data></Cell>
   </Row>
   <Row>
    <Cell><Data ss:Type="String">1362</Data></Cell>
    <Cell><Data ss:Type="Number">1.04</Data></Cell>
    <Cell><Data ss:Type="Number">-10.199999999999999</Data></Cell>
    <Cell><Data ss:Type="Number">0.12</Data></Cell>
    <Cell><Data ss:Type="Number">-9.49</Data></Cell>
    <Cell><Data ss:Type="Number">-0.51</Data></Cell>
    <Cell><Data ss:Type="Number">-0.99</Data></Cell>
    <Cell><Data ss:Type="Number">22.7</Data></Cell>
    <Cell><Data ss:Type="Number">39.5</Data></Cell>
    <Cell><Data ss:Type="Number">0</Data></Cell>
    <Cell><Data ss:Type="Number">0</Data></Cell>
    <Cell><Data ss:Type="String">2023-12-07 16:15:45.459005</Data></Cell>
   </Row>
   <Row>
    <Cell><Data ss:Type="String">1361</Data></Cell>
    <Cell><Data ss:Type="Number">-1.29</Data></Cell>
    <Cell><Data ss:Type="Number">-9.67</Data></Cell>
    <Cell><Data ss:Type="Number">-0.94</Data></Cell>
    <Cell><Data ss:Type="Number">-9.2899999999999991</Data></Cell>
    <Cell><Data ss:Type="Number">0.62</Data></Cell>
    <Cell><Data ss:Type="Number">-0.82</Data></Cell>
    <Cell><Data ss:Type="Number">22.7</Data></Cell>
    <Cell><Data ss:Type="Number">39.5</Data></Cell>
    <Cell><Data ss:Type="Number">0</Data></Cell>
    <Cell><Data ss:Type="Number">0</Data></Cell>
    <Cell><Data ss:Type="String">2023-12-07 16:15:45.414903</Data></Cell>
   </Row>
   <Row>
    <Cell><Data ss:Type="String">1360</Data></Cell>
    <Cell><Data ss:Type="Number">-0.28000000000000003</Data></Cell>
    <Cell><Data ss:Type="Number">-9.43</Data></Cell>
    <Cell><Data ss:Type="Number">-1.24</Data></Cell>
    <Cell><Data ss:Type="Number">-9.2200000000000006</Data></Cell>
    <Cell><Data ss:Type="Number">0.96</Data></Cell>
    <Cell><Data ss:Type="Number">-1.49</Data></Cell>
    <Cell><Data ss:Type="Number">22.7</Data></Cell>
    <Cell><Data ss:Type="Number">39.5</Data></Cell>
    <Cell><Data ss:Type="Number">0</Data></Cell>
    <Cell><Data ss:Type="Number">0</Data></Cell>
    <Cell><Data ss:Type="String">2023-12-07 16:15:45.413398</Data></Cell>
   </Row>
   <Row>
    <Cell><Data ss:Type="String">1359</Data></Cell>
    <Cell><Data ss:Type="Number">6.45</Data></Cell>
    <Cell><Data ss:Type="Number">-7.72</Data></Cell>
    <Cell><Data ss:Type="Number">1.52</Data></Cell>
    <Cell><Data ss:Type="Number">-7.37</Data></Cell>
    <Cell><Data ss:Type="Number">-1.28</Data></Cell>
    <Cell><Data ss:Type="Number">-0.78</Data></Cell>
    <Cell><Data ss:Type="Number">22.7</Data></Cell>
    <Cell><Data ss:Type="Number">39.5</Data></Cell>
    <Cell><Data ss:Type="Number">0</Data></Cell>
    <Cell><Data ss:Type="Number">0</Data></Cell>
    <Cell><Data ss:Type="String">2023-12-07 16:15:45.367146</Data></Cell>
   </Row>
   <Row>
    <Cell><Data ss:Type="String">1358</Data></Cell>
    <Cell><Data ss:Type="Number">0.33</Data></Cell>
    <Cell><Data ss:Type="Number">-10.220000000000001</Data></Cell>
    <Cell><Data ss:Type="Number">0.19</Data></Cell>
    <Cell><Data ss:Type="Number">-9.5500000000000007</Data></Cell>
    <Cell><Data ss:Type="Number">-0.08</Data></Cell>
    <Cell><Data ss:Type="Number">-0.89</Data></Cell>
    <Cell><Data ss:Type="Number">22.7</Data></Cell>
    <Cell><Data ss:Type="Number">39.5</Data></Cell>
    <Cell><Data ss:Type="Number">0</Data></Cell>
    <Cell><Data ss:Type="Number">0</Data></Cell>
    <Cell><Data ss:Type="String">2023-12-07 16:15:45.325252</Data></Cell>
   </Row>
   <Row>
    <Cell><Data ss:Type="String">1357</Data></Cell>
    <Cell><Data ss:Type="Number">0.27</Data></Cell>
    <Cell><Data ss:Type="Number">-10.029999999999999</Data></Cell>
    <Cell><Data ss:Type="Number">0.15</Data></Cell>
    <Cell><Data ss:Type="Number">-9.43</Data></Cell>
    <Cell><Data ss:Type="Number">-0.06</Data></Cell>
    <Cell><Data ss:Type="Number">-0.92</Data></Cell>
    <Cell><Data ss:Type="Number">22.7</Data></Cell>
    <Cell><Data ss:Type="Number">39.5</Data></Cell>
    <Cell><Data ss:Type="Number">0</Data></Cell>
    <Cell><Data ss:Type="Number">0</Data></Cell>
    <Cell><Data ss:Type="String">2023-12-07 16:15:45.323683</Data></Cell>
   </Row>
   <Row>
    <Cell><Data ss:Type="String">1356</Data></Cell>
    <Cell><Data ss:Type="Number">0.3</Data></Cell>
    <Cell><Data ss:Type="Number">-9.9600000000000009</Data></Cell>
    <Cell><Data ss:Type="Number">0.14000000000000001</Data></Cell>
    <Cell><Data ss:Type="Number">-9.41</Data></Cell>
    <Cell><Data ss:Type="Number">-0.08</Data></Cell>
    <Cell><Data ss:Type="Number">-0.94</Data></Cell>
    <Cell><Data ss:Type="Number">22.7</Data></Cell>
    <Cell><Data ss:Type="Number">39.5</Data></Cell>
    <Cell><Data ss:Type="Number">0</Data></Cell>
    <Cell><Data ss:Type="Number">0</Data></Cell>
    <Cell><Data ss:Type="String">2023-12-07 16:15:45.277240</Data></Cell>
   </Row>
   <Row>
    <Cell><Data ss:Type="String">1355</Data></Cell>
    <Cell><Data ss:Type="Number">0.41</Data></Cell>
    <Cell><Data ss:Type="Number">-9.9499999999999993</Data></Cell>
    <Cell><Data ss:Type="Number">0.13</Data></Cell>
    <Cell><Data ss:Type="Number">-9.42</Data></Cell>
    <Cell><Data ss:Type="Number">-7.0000000000000007E-2</Data></Cell>
    <Cell><Data ss:Type="Number">-0.91</Data></Cell>
    <Cell><Data ss:Type="Number">22.7</Data></Cell>
    <Cell><Data ss:Type="Number">39.5</Data></Cell>
    <Cell><Data ss:Type="Number">0</Data></Cell>
    <Cell><Data ss:Type="Number">0</Data></Cell>
    <Cell><Data ss:Type="String">2023-12-07 16:15:45.275701</Data></Cell>
   </Row>
   <Row>
    <Cell><Data ss:Type="String">1354</Data></Cell>
    <Cell><Data ss:Type="Number">0.28999999999999998</Data></Cell>
    <Cell><Data ss:Type="Number">-10.18</Data></Cell>
    <Cell><Data ss:Type="Number">0.11</Data></Cell>
    <Cell><Data ss:Type="Number">-9.5</Data></Cell>
    <Cell><Data ss:Type="Number">-0.1</Data></Cell>
    <Cell><Data ss:Type="Number">-0.9</Data></Cell>
    <Cell><Data ss:Type="Number">22.7</Data></Cell>
    <Cell><Data ss:Type="Number">39.5</Data></Cell>
    <Cell><Data ss:Type="Number">0</Data></Cell>
    <Cell><Data ss:Type="Number">0</Data></Cell>
    <Cell><Data ss:Type="String">2023-12-07 16:15:45.273975</Data></Cell>
   </Row>
   <Row>
    <Cell><Data ss:Type="String">1353</Data></Cell>
    <Cell><Data ss:Type="Number">0.23</Data></Cell>
    <Cell><Data ss:Type="Number">-10.23</Data></Cell>
    <Cell><Data ss:Type="Number">0.17</Data></Cell>
    <Cell><Data ss:Type="Number">-9.5500000000000007</Data></Cell>
    <Cell><Data ss:Type="Number">-7.0000000000000007E-2</Data></Cell>
    <Cell><Data ss:Type="Number">-0.88</Data></Cell>
    <Cell><Data ss:Type="Number">22.7</Data></Cell>
    <Cell><Data ss:Type="Number">39.5</Data></Cell>
    <Cell><Data ss:Type="Number">0</Data></Cell>
    <Cell><Data ss:Type="Number">0</Data></Cell>
    <Cell><Data ss:Type="String">2023-12-07 16:15:45.271033</Data></Cell>
   </Row>
   <Row>
    <Cell><Data ss:Type="String">1352</Data></Cell>
    <Cell><Data ss:Type="Number">0.3</Data></Cell>
    <Cell><Data ss:Type="Number">-10.220000000000001</Data></Cell>
    <Cell><Data ss:Type="Number">0.13</Data></Cell>
    <Cell><Data ss:Type="Number">-9.5</Data></Cell>
    <Cell><Data ss:Type="Number">-7.0000000000000007E-2</Data></Cell>
    <Cell><Data ss:Type="Number">-0.91</Data></Cell>
    <Cell><Data ss:Type="Number">22.7</Data></Cell>
    <Cell><Data ss:Type="Number">39.5</Data></Cell>
    <Cell><Data ss:Type="Number">0</Data></Cell>
    <Cell><Data ss:Type="Number">0</Data></Cell>
    <Cell><Data ss:Type="String">2023-12-07 16:15:45.268755</Data></Cell>
   </Row>
   <Row>
    <Cell><Data ss:Type="String">1351</Data></Cell>
    <Cell><Data ss:Type="Number">0.28000000000000003</Data></Cell>
    <Cell><Data ss:Type="Number">-10.220000000000001</Data></Cell>
    <Cell><Data ss:Type="Number">0.21</Data></Cell>
    <Cell><Data ss:Type="Number">-9.4600000000000009</Data></Cell>
    <Cell><Data ss:Type="Number">-0.1</Data></Cell>
    <Cell><Data ss:Type="Number">-0.9</Data></Cell>
    <Cell><Data ss:Type="Number">22.7</Data></Cell>
    <Cell><Data ss:Type="Number">39.5</Data></Cell>
    <Cell><Data ss:Type="Number">0</Data></Cell>
    <Cell><Data ss:Type="Number">0</Data></Cell>
    <Cell><Data ss:Type="String">2023-12-07 16:15:45.267182</Data></Cell>
   </Row>
   <Row>
    <Cell><Data ss:Type="String">1350</Data></Cell>
    <Cell><Data ss:Type="Number">0.34</Data></Cell>
    <Cell><Data ss:Type="Number">-9.89</Data></Cell>
    <Cell><Data ss:Type="Number">0.14000000000000001</Data></Cell>
    <Cell><Data ss:Type="Number">-9.4600000000000009</Data></Cell>
    <Cell><Data ss:Type="Number">-7.0000000000000007E-2</Data></Cell>
    <Cell><Data ss:Type="Number">-0.91</Data></Cell>
    <Cell><Data ss:Type="Number">22.7</Data></Cell>
    <Cell><Data ss:Type="Number">39.5</Data></Cell>
    <Cell><Data ss:Type="Number">0</Data></Cell>
    <Cell><Data ss:Type="Number">0</Data></Cell>
    <Cell><Data ss:Type="String">2023-12-07 16:15:45.265363</Data></Cell>
   </Row>
   <Row>
    <Cell><Data ss:Type="String">1349</Data></Cell>
    <Cell><Data ss:Type="Number">0.27</Data></Cell>
    <Cell><Data ss:Type="Number">-10.32</Data></Cell>
    <Cell><Data ss:Type="Number">0.2</Data></Cell>
    <Cell><Data ss:Type="Number">-9.5500000000000007</Data></Cell>
    <Cell><Data ss:Type="Number">-7.0000000000000007E-2</Data></Cell>
    <Cell><Data ss:Type="Number">-0.89</Data></Cell>
    <Cell><Data ss:Type="Number">22.7</Data></Cell>
    <Cell><Data ss:Type="Number">39.5</Data></Cell>
    <Cell><Data ss:Type="Number">0</Data></Cell>
    <Cell><Data ss:Type="Number">0</Data></Cell>
    <Cell><Data ss:Type="String">2023-12-07 16:15:45.028421</Data></Cell>
   </Row>
   <Row>
    <Cell><Data ss:Type="String">1348</Data></Cell>
    <Cell><Data ss:Type="Number">0.26</Data></Cell>
    <Cell><Data ss:Type="Number">-10.23</Data></Cell>
    <Cell><Data ss:Type="Number">0.2</Data></Cell>
    <Cell><Data ss:Type="Number">-9.5500000000000007</Data></Cell>
    <Cell><Data ss:Type="Number">-7.0000000000000007E-2</Data></Cell>
    <Cell><Data ss:Type="Number">-0.89</Data></Cell>
    <Cell><Data ss:Type="Number">22.7</Data></Cell>
    <Cell><Data ss:Type="Number">39.5</Data></Cell>
    <Cell><Data ss:Type="Number">0</Data></Cell>
    <Cell><Data ss:Type="Number">0</Data></Cell>
    <Cell><Data ss:Type="String">2023-12-07 16:15:44.984817</Data></Cell>
   </Row>
   <Row>
    <Cell><Data ss:Type="String">1347</Data></Cell>
    <Cell><Data ss:Type="Number">0.26</Data></Cell>
    <Cell><Data ss:Type="Number">-10.14</Data></Cell>
    <Cell><Data ss:Type="Number">0.09</Data></Cell>
    <Cell><Data ss:Type="Number">-9.43</Data></Cell>
    <Cell><Data ss:Type="Number">-0.05</Data></Cell>
    <Cell><Data ss:Type="Number">-0.92</Data></Cell>
    <Cell><Data ss:Type="Number">22.7</Data></Cell>
    <Cell><Data ss:Type="Number">39.5</Data></Cell>
    <Cell><Data ss:Type="Number">0</Data></Cell>
    <Cell><Data ss:Type="Number">0</Data></Cell>
    <Cell><Data ss:Type="String">2023-12-07 16:15:44.982798</Data></Cell>
   </Row>
   <Row>
    <Cell><Data ss:Type="String">1346</Data></Cell>
    <Cell><Data ss:Type="Number">0.34</Data></Cell>
    <Cell><Data ss:Type="Number">-9.92</Data></Cell>
    <Cell><Data ss:Type="Number">0.1</Data></Cell>
    <Cell><Data ss:Type="Number">-9.42</Data></Cell>
    <Cell><Data ss:Type="Number">-0.09</Data></Cell>
    <Cell><Data ss:Type="Number">-0.91</Data></Cell>
    <Cell><Data ss:Type="Number">22.7</Data></Cell>
    <Cell><Data ss:Type="Number">39.5</Data></Cell>
    <Cell><Data ss:Type="Number">0</Data></Cell>
    <Cell><Data ss:Type="Number">0</Data></Cell>
    <Cell><Data ss:Type="String">2023-12-07 16:15:44.936679</Data></Cell>
   </Row>
   <Row>
    <Cell><Data ss:Type="String">1345</Data></Cell>
    <Cell><Data ss:Type="Number">0.25</Data></Cell>
    <Cell><Data ss:Type="Number">-10</Data></Cell>
    <Cell><Data ss:Type="Number">0.13</Data></Cell>
    <Cell><Data ss:Type="Number">-9.5</Data></Cell>
    <Cell><Data ss:Type="Number">-7.0000000000000007E-2</Data></Cell>
    <Cell><Data ss:Type="Number">-0.95</Data></Cell>
    <Cell><Data ss:Type="Number">22.7</Data></Cell>
    <Cell><Data ss:Type="Number">39.5</Data></Cell>
    <Cell><Data ss:Type="Number">0</Data></Cell>
    <Cell><Data ss:Type="Number">0</Data></Cell>
    <Cell><Data ss:Type="String">2023-12-07 16:15:44.891975</Data></Cell>
   </Row>
   <Row>
    <Cell><Data ss:Type="String">1344</Data></Cell>
    <Cell><Data ss:Type="Number">0.28999999999999998</Data></Cell>
    <Cell><Data ss:Type="Number">-10.23</Data></Cell>
    <Cell><Data ss:Type="Number">0.16</Data></Cell>
    <Cell><Data ss:Type="Number">-9.5399999999999991</Data></Cell>
    <Cell><Data ss:Type="Number">-0.08</Data></Cell>
    <Cell><Data ss:Type="Number">-0.92</Data></Cell>
    <Cell><Data ss:Type="Number">22.7</Data></Cell>
    <Cell><Data ss:Type="Number">39.5</Data></Cell>
    <Cell><Data ss:Type="Number">0</Data></Cell>
    <Cell><Data ss:Type="Number">0</Data></Cell>
    <Cell><Data ss:Type="String">2023-12-07 16:15:44.889910</Data></Cell>
   </Row>
   <Row>
    <Cell><Data ss:Type="String">1343</Data></Cell>
    <Cell><Data ss:Type="Number">0.28000000000000003</Data></Cell>
    <Cell><Data ss:Type="Number">-10.25</Data></Cell>
    <Cell><Data ss:Type="Number">0.18</Data></Cell>
    <Cell><Data ss:Type="Number">-9.49</Data></Cell>
    <Cell><Data ss:Type="Number">-0.08</Data></Cell>
    <Cell><Data ss:Type="Number">-0.89</Data></Cell>
    <Cell><Data ss:Type="Number">22.7</Data></Cell>
    <Cell><Data ss:Type="Number">39.5</Data></Cell>
    <Cell><Data ss:Type="Number">0</Data></Cell>
    <Cell><Data ss:Type="Number">0</Data></Cell>
    <Cell><Data ss:Type="String">2023-12-07 16:15:44.831912</Data></Cell>
   </Row>
   <Row>
    <Cell><Data ss:Type="String">1342</Data></Cell>
    <Cell><Data ss:Type="Number">0.26</Data></Cell>
    <Cell><Data ss:Type="Number">-10.02</Data></Cell>
    <Cell><Data ss:Type="Number">0.16</Data></Cell>
    <Cell><Data ss:Type="Number">-9.39</Data></Cell>
    <Cell><Data ss:Type="Number">-0.06</Data></Cell>
    <Cell><Data ss:Type="Number">-0.95</Data></Cell>
    <Cell><Data ss:Type="Number">22.7</Data></Cell>
    <Cell><Data ss:Type="Number">39.5</Data></Cell>
    <Cell><Data ss:Type="Number">0</Data></Cell>
    <Cell><Data ss:Type="Number">0</Data></Cell>
    <Cell><Data ss:Type="String">2023-12-07 16:15:44.781606</Data></Cell>
   </Row>
   <Row>
    <Cell><Data ss:Type="String">1341</Data></Cell>
    <Cell><Data ss:Type="Number">0.34</Data></Cell>
    <Cell><Data ss:Type="Number">-9.94</Data></Cell>
    <Cell><Data ss:Type="Number">0.25</Data></Cell>
    <Cell><Data ss:Type="Number">-9.4</Data></Cell>
    <Cell><Data ss:Type="Number">-0.1</Data></Cell>
    <Cell><Data ss:Type="Number">-0.92</Data></Cell>
    <Cell><Data ss:Type="Number">22.7</Data></Cell>
    <Cell><Data ss:Type="Number">39.5</Data></Cell>
    <Cell><Data ss:Type="Number">0</Data></Cell>
    <Cell><Data ss:Type="Number">0</Data></Cell>
    <Cell><Data ss:Type="String">2023-12-07 16:15:44.779588</Data></Cell>
   </Row>
   <Row>
    <Cell><Data ss:Type="String">1340</Data></Cell>
    <Cell><Data ss:Type="Number">0.28000000000000003</Data></Cell>
    <Cell><Data ss:Type="Number">-10.07</Data></Cell>
    <Cell><Data ss:Type="Number">0.15</Data></Cell>
    <Cell><Data ss:Type="Number">-9.52</Data></Cell>
    <Cell><Data ss:Type="Number">-7.0000000000000007E-2</Data></Cell>
    <Cell><Data ss:Type="Number">-0.89</Data></Cell>
    <Cell><Data ss:Type="Number">22.7</Data></Cell>
    <Cell><Data ss:Type="Number">39.5</Data></Cell>
    <Cell><Data ss:Type="Number">0</Data></Cell>
    <Cell><Data ss:Type="Number">0</Data></Cell>
    <Cell><Data ss:Type="String">2023-12-07 16:15:44.777702</Data></Cell>
   </Row>
   <Row>
    <Cell><Data ss:Type="String">1339</Data></Cell>
    <Cell><Data ss:Type="Number">0.26</Data></Cell>
    <Cell><Data ss:Type="Number">-10.18</Data></Cell>
    <Cell><Data ss:Type="Number">0.17</Data></Cell>
    <Cell><Data ss:Type="Number">-9.52</Data></Cell>
    <Cell><Data ss:Type="Number">-0.09</Data></Cell>
    <Cell><Data ss:Type="Number">-0.92</Data></Cell>
    <Cell><Data ss:Type="Number">22.7</Data></Cell>
    <Cell><Data ss:Type="Number">39.5</Data></Cell>
    <Cell><Data ss:Type="Number">0</Data></Cell>
    <Cell><Data ss:Type="Number">0</Data></Cell>
    <Cell><Data ss:Type="String">2023-12-07 16:15:44.677493</Data></Cell>
   </Row>
   <Row>
    <Cell><Data ss:Type="String">1338</Data></Cell>
    <Cell><Data ss:Type="Number">0.26</Data></Cell>
    <Cell><Data ss:Type="Number">-10.14</Data></Cell>
    <Cell><Data ss:Type="Number">0.19</Data></Cell>
    <Cell><Data ss:Type="Number">-9.49</Data></Cell>
    <Cell><Data ss:Type="Number">-7.0000000000000007E-2</Data></Cell>
    <Cell><Data ss:Type="Number">-0.88</Data></Cell>
    <Cell><Data ss:Type="Number">22.7</Data></Cell>
    <Cell><Data ss:Type="Number">39.5</Data></Cell>
    <Cell><Data ss:Type="Number">0</Data></Cell>
    <Cell><Data ss:Type="Number">0</Data></Cell>
    <Cell><Data ss:Type="String">2023-12-07 16:15:44.675234</Data></Cell>
   </Row>
   <Row>
    <Cell><Data ss:Type="String">1337</Data></Cell>
    <Cell><Data ss:Type="Number">0.28999999999999998</Data></Cell>
    <Cell><Data ss:Type="Number">-9.98</Data></Cell>
    <Cell><Data ss:Type="Number">0.12</Data></Cell>
    <Cell><Data ss:Type="Number">-9.41</Data></Cell>
    <Cell><Data ss:Type="Number">-0.06</Data></Cell>
    <Cell><Data ss:Type="Number">-0.94</Data></Cell>
    <Cell><Data ss:Type="Number">22.7</Data></Cell>
    <Cell><Data ss:Type="Number">39.5</Data></Cell>
    <Cell><Data ss:Type="Number">0</Data></Cell>
    <Cell><Data ss:Type="Number">0</Data></Cell>
    <Cell><Data ss:Type="String">2023-12-07 16:15:44.629214</Data></Cell>
   </Row>
   <Row>
    <Cell><Data ss:Type="String">1336</Data></Cell>
    <Cell><Data ss:Type="Number">0.31</Data></Cell>
    <Cell><Data ss:Type="Number">-10.029999999999999</Data></Cell>
    <Cell><Data ss:Type="Number">0.13</Data></Cell>
    <Cell><Data ss:Type="Number">-9.5</Data></Cell>
    <Cell><Data ss:Type="Number">-0.06</Data></Cell>
    <Cell><Data ss:Type="Number">-0.9</Data></Cell>
    <Cell><Data ss:Type="Number">22.7</Data></Cell>
    <Cell><Data ss:Type="Number">39.5</Data></Cell>
    <Cell><Data ss:Type="Number">0</Data></Cell>
    <Cell><Data ss:Type="Number">0</Data></Cell>
    <Cell><Data ss:Type="String">2023-12-07 16:15:44.578357</Data></Cell>
   </Row>
   <Row>
    <Cell><Data ss:Type="String">1335</Data></Cell>
    <Cell><Data ss:Type="Number">0.3</Data></Cell>
    <Cell><Data ss:Type="Number">-10.11</Data></Cell>
    <Cell><Data ss:Type="Number">0.15</Data></Cell>
    <Cell><Data ss:Type="Number">-9.57</Data></Cell>
    <Cell><Data ss:Type="Number">-7.0000000000000007E-2</Data></Cell>
    <Cell><Data ss:Type="Number">-0.92</Data></Cell>
    <Cell><Data ss:Type="Number">22.7</Data></Cell>
    <Cell><Data ss:Type="Number">39.5</Data></Cell>
    <Cell><Data ss:Type="Number">0</Data></Cell>
    <Cell><Data ss:Type="Number">0</Data></Cell>
    <Cell><Data ss:Type="String">2023-12-07 16:15:44.572464</Data></Cell>
   </Row>
   <Row>
    <Cell><Data ss:Type="String">1334</Data></Cell>
    <Cell><Data ss:Type="Number">0.25</Data></Cell>
    <Cell><Data ss:Type="Number">-9.89</Data></Cell>
    <Cell><Data ss:Type="Number">0.04</Data></Cell>
    <Cell><Data ss:Type="Number">-9.44</Data></Cell>
    <Cell><Data ss:Type="Number">-0.08</Data></Cell>
    <Cell><Data ss:Type="Number">-0.9</Data></Cell>
    <Cell><Data ss:Type="Number">22.7</Data></Cell>
    <Cell><Data ss:Type="Number">39.5</Data></Cell>
    <Cell><Data ss:Type="Number">0</Data></Cell>
    <Cell><Data ss:Type="Number">0</Data></Cell>
    <Cell><Data ss:Type="String">2023-12-07 16:15:44.522546</Data></Cell>
   </Row>
   <Row>
    <Cell><Data ss:Type="String">1333</Data></Cell>
    <Cell><Data ss:Type="Number">0.28999999999999998</Data></Cell>
    <Cell><Data ss:Type="Number">-10.18</Data></Cell>
    <Cell><Data ss:Type="Number">0.22</Data></Cell>
    <Cell><Data ss:Type="Number">-9.51</Data></Cell>
    <Cell><Data ss:Type="Number">-0.08</Data></Cell>
    <Cell><Data ss:Type="Number">-0.88</Data></Cell>
    <Cell><Data ss:Type="Number">22.7</Data></Cell>
    <Cell><Data ss:Type="Number">39.5</Data></Cell>
    <Cell><Data ss:Type="Number">0</Data></Cell>
    <Cell><Data ss:Type="Number">0</Data></Cell>
    <Cell><Data ss:Type="String">2023-12-07 16:15:44.481354</Data></Cell>
   </Row>
   <Row>
    <Cell><Data ss:Type="String">1332</Data></Cell>
    <Cell><Data ss:Type="Number">0.32</Data></Cell>
    <Cell><Data ss:Type="Number">-10.220000000000001</Data></Cell>
    <Cell><Data ss:Type="Number">0.17</Data></Cell>
    <Cell><Data ss:Type="Number">-9.56</Data></Cell>
    <Cell><Data ss:Type="Number">-0.09</Data></Cell>
    <Cell><Data ss:Type="Number">-0.88</Data></Cell>
    <Cell><Data ss:Type="Number">22.7</Data></Cell>
    <Cell><Data ss:Type="Number">39.5</Data></Cell>
    <Cell><Data ss:Type="Number">0</Data></Cell>
    <Cell><Data ss:Type="Number">0</Data></Cell>
    <Cell><Data ss:Type="String">2023-12-07 16:15:44.479952</Data></Cell>
   </Row>
   <Row>
    <Cell><Data ss:Type="String">1331</Data></Cell>
    <Cell><Data ss:Type="Number">0.23</Data></Cell>
    <Cell><Data ss:Type="Number">-10.039999999999999</Data></Cell>
    <Cell><Data ss:Type="Number">0.14000000000000001</Data></Cell>
    <Cell><Data ss:Type="Number">-9.48</Data></Cell>
    <Cell><Data ss:Type="Number">-0.06</Data></Cell>
    <Cell><Data ss:Type="Number">-0.92</Data></Cell>
    <Cell><Data ss:Type="Number">22.7</Data></Cell>
    <Cell><Data ss:Type="Number">39.5</Data></Cell>
    <Cell><Data ss:Type="Number">0</Data></Cell>
    <Cell><Data ss:Type="Number">0</Data></Cell>
    <Cell><Data ss:Type="String">2023-12-07 16:15:44.478486</Data></Cell>
   </Row>
   <Row>
    <Cell><Data ss:Type="String">1330</Data></Cell>
    <Cell><Data ss:Type="Number">0.34</Data></Cell>
    <Cell><Data ss:Type="Number">-10</Data></Cell>
    <Cell><Data ss:Type="Number">0.15</Data></Cell>
    <Cell><Data ss:Type="Number">-9.44</Data></Cell>
    <Cell><Data ss:Type="Number">-0.09</Data></Cell>
    <Cell><Data ss:Type="Number">-0.91</Data></Cell>
    <Cell><Data ss:Type="Number">22.7</Data></Cell>
    <Cell><Data ss:Type="Number">39.5</Data></Cell>
    <Cell><Data ss:Type="Number">0</Data></Cell>
    <Cell><Data ss:Type="Number">0</Data></Cell>
    <Cell><Data ss:Type="String">2023-12-07 16:15:44.476836</Data></Cell>
   </Row>
   <Row>
    <Cell><Data ss:Type="String">1329</Data></Cell>
    <Cell><Data ss:Type="Number">0.28000000000000003</Data></Cell>
    <Cell><Data ss:Type="Number">-9.92</Data></Cell>
    <Cell><Data ss:Type="Number">0.11</Data></Cell>
    <Cell><Data ss:Type="Number">-9.43</Data></Cell>
    <Cell><Data ss:Type="Number">-7.0000000000000007E-2</Data></Cell>
    <Cell><Data ss:Type="Number">-0.94</Data></Cell>
    <Cell><Data ss:Type="Number">22.7</Data></Cell>
    <Cell><Data ss:Type="Number">39.5</Data></Cell>
    <Cell><Data ss:Type="Number">0</Data></Cell>
    <Cell><Data ss:Type="Number">0</Data></Cell>
    <Cell><Data ss:Type="String">2023-12-07 16:15:44.475279</Data></Cell>
   </Row>
   <Row>
    <Cell><Data ss:Type="String">1328</Data></Cell>
    <Cell><Data ss:Type="Number">0.42</Data></Cell>
    <Cell><Data ss:Type="Number">-9.94</Data></Cell>
    <Cell><Data ss:Type="Number">0.2</Data></Cell>
    <Cell><Data ss:Type="Number">-9.4700000000000006</Data></Cell>
    <Cell><Data ss:Type="Number">-0.09</Data></Cell>
    <Cell><Data ss:Type="Number">-0.91</Data></Cell>
    <Cell><Data ss:Type="Number">22.7</Data></Cell>
    <Cell><Data ss:Type="Number">39.5</Data></Cell>
    <Cell><Data ss:Type="Number">0</Data></Cell>
    <Cell><Data ss:Type="Number">0</Data></Cell>
    <Cell><Data ss:Type="String">2023-12-07 16:15:44.473707</Data></Cell>
   </Row>
   <Row>
    <Cell><Data ss:Type="String">1327</Data></Cell>
    <Cell><Data ss:Type="Number">0.34</Data></Cell>
    <Cell><Data ss:Type="Number">-10</Data></Cell>
    <Cell><Data ss:Type="Number">0.26</Data></Cell>
    <Cell><Data ss:Type="Number">-9.41</Data></Cell>
    <Cell><Data ss:Type="Number">-7.0000000000000007E-2</Data></Cell>
    <Cell><Data ss:Type="Number">-0.92</Data></Cell>
    <Cell><Data ss:Type="Number">22.7</Data></Cell>
    <Cell><Data ss:Type="Number">39.5</Data></Cell>
    <Cell><Data ss:Type="Number">0</Data></Cell>
    <Cell><Data ss:Type="Number">0</Data></Cell>
    <Cell><Data ss:Type="String">2023-12-07 16:15:44.471243</Data></Cell>
   </Row>
   <Row>
    <Cell><Data ss:Type="String">1326</Data></Cell>
    <Cell><Data ss:Type="Number">0.3</Data></Cell>
    <Cell><Data ss:Type="Number">-10.17</Data></Cell>
    <Cell><Data ss:Type="Number">0.17</Data></Cell>
    <Cell><Data ss:Type="Number">-9.5299999999999994</Data></Cell>
    <Cell><Data ss:Type="Number">-0.06</Data></Cell>
    <Cell><Data ss:Type="Number">-0.89</Data></Cell>
    <Cell><Data ss:Type="Number">22.7</Data></Cell>
    <Cell><Data ss:Type="Number">39.4</Data></Cell>
    <Cell><Data ss:Type="Number">0</Data></Cell>
    <Cell><Data ss:Type="Number">0</Data></Cell>
    <Cell><Data ss:Type="String">2023-12-07 16:15:44.255386</Data></Cell>
   </Row>
   <Row>
    <Cell><Data ss:Type="String">1325</Data></Cell>
    <Cell><Data ss:Type="Number">0.28000000000000003</Data></Cell>
    <Cell><Data ss:Type="Number">-10.27</Data></Cell>
    <Cell><Data ss:Type="Number">0.2</Data></Cell>
    <Cell><Data ss:Type="Number">-9.57</Data></Cell>
    <Cell><Data ss:Type="Number">-7.0000000000000007E-2</Data></Cell>
    <Cell><Data ss:Type="Number">-0.9</Data></Cell>
    <Cell><Data ss:Type="Number">22.7</Data></Cell>
    <Cell><Data ss:Type="Number">39.4</Data></Cell>
    <Cell><Data ss:Type="Number">0</Data></Cell>
    <Cell><Data ss:Type="Number">0</Data></Cell>
    <Cell><Data ss:Type="String">2023-12-07 16:15:44.192224</Data></Cell>
   </Row>
   <Row>
    <Cell><Data ss:Type="String">1324</Data></Cell>
    <Cell><Data ss:Type="Number">0.24</Data></Cell>
    <Cell><Data ss:Type="Number">-9.93</Data></Cell>
    <Cell><Data ss:Type="Number">0.08</Data></Cell>
    <Cell><Data ss:Type="Number">-9.41</Data></Cell>
    <Cell><Data ss:Type="Number">-0.04</Data></Cell>
    <Cell><Data ss:Type="Number">-0.92</Data></Cell>
    <Cell><Data ss:Type="Number">22.7</Data></Cell>
    <Cell><Data ss:Type="Number">39.4</Data></Cell>
    <Cell><Data ss:Type="Number">0</Data></Cell>
    <Cell><Data ss:Type="Number">0</Data></Cell>
    <Cell><Data ss:Type="String">2023-12-07 16:15:44.189229</Data></Cell>
   </Row>
   <Row>
    <Cell><Data ss:Type="String">1323</Data></Cell>
    <Cell><Data ss:Type="Number">0.3</Data></Cell>
    <Cell><Data ss:Type="Number">-9.89</Data></Cell>
    <Cell><Data ss:Type="Number">0.1</Data></Cell>
    <Cell><Data ss:Type="Number">-9.43</Data></Cell>
    <Cell><Data ss:Type="Number">-0.08</Data></Cell>
    <Cell><Data ss:Type="Number">-0.92</Data></Cell>
    <Cell><Data ss:Type="Number">22.7</Data></Cell>
    <Cell><Data ss:Type="Number">39.4</Data></Cell>
    <Cell><Data ss:Type="Number">0</Data></Cell>
    <Cell><Data ss:Type="Number">0</Data></Cell>
    <Cell><Data ss:Type="String">2023-12-07 16:15:44.125049</Data></Cell>
   </Row>
   <Row>
    <Cell><Data ss:Type="String">1322</Data></Cell>
    <Cell><Data ss:Type="Number">0.16</Data></Cell>
    <Cell><Data ss:Type="Number">-9.92</Data></Cell>
    <Cell><Data ss:Type="Number">-0.01</Data></Cell>
    <Cell><Data ss:Type="Number">-9.48</Data></Cell>
    <Cell><Data ss:Type="Number">-0.06</Data></Cell>
    <Cell><Data ss:Type="Number">-0.91</Data></Cell>
    <Cell><Data ss:Type="Number">22.7</Data></Cell>
    <Cell><Data ss:Type="Number">39.4</Data></Cell>
    <Cell><Data ss:Type="Number">0</Data></Cell>
    <Cell><Data ss:Type="Number">0</Data></Cell>
    <Cell><Data ss:Type="String">2023-12-07 16:15:44.123267</Data></Cell>
   </Row>
   <Row>
    <Cell><Data ss:Type="String">1321</Data></Cell>
    <Cell><Data ss:Type="Number">0.27</Data></Cell>
    <Cell><Data ss:Type="Number">-10.199999999999999</Data></Cell>
    <Cell><Data ss:Type="Number">0.16</Data></Cell>
    <Cell><Data ss:Type="Number">-9.56</Data></Cell>
    <Cell><Data ss:Type="Number">-7.0000000000000007E-2</Data></Cell>
    <Cell><Data ss:Type="Number">-0.91</Data></Cell>
    <Cell><Data ss:Type="Number">22.7</Data></Cell>
    <Cell><Data ss:Type="Number">39.4</Data></Cell>
    <Cell><Data ss:Type="Number">0</Data></Cell>
    <Cell><Data ss:Type="Number">0</Data></Cell>
    <Cell><Data ss:Type="String">2023-12-07 16:15:44.121025</Data></Cell>
   </Row>
   <Row>
    <Cell><Data ss:Type="String">1320</Data></Cell>
    <Cell><Data ss:Type="Number">0.28999999999999998</Data></Cell>
    <Cell><Data ss:Type="Number">-10.25</Data></Cell>
    <Cell><Data ss:Type="Number">0.24</Data></Cell>
    <Cell><Data ss:Type="Number">-9.5500000000000007</Data></Cell>
    <Cell><Data ss:Type="Number">-0.09</Data></Cell>
    <Cell><Data ss:Type="Number">-0.89</Data></Cell>
    <Cell><Data ss:Type="Number">22.7</Data></Cell>
    <Cell><Data ss:Type="Number">39.4</Data></Cell>
    <Cell><Data ss:Type="Number">0</Data></Cell>
    <Cell><Data ss:Type="Number">0</Data></Cell>
    <Cell><Data ss:Type="String">2023-12-07 16:15:44.119171</Data></Cell>
   </Row>
   <Row>
    <Cell><Data ss:Type="String">1319</Data></Cell>
    <Cell><Data ss:Type="Number">0.28999999999999998</Data></Cell>
    <Cell><Data ss:Type="Number">-10.09</Data></Cell>
    <Cell><Data ss:Type="Number">0.16</Data></Cell>
    <Cell><Data ss:Type="Number">-9.41</Data></Cell>
    <Cell><Data ss:Type="Number">-0.05</Data></Cell>
    <Cell><Data ss:Type="Number">-0.92</Data></Cell>
    <Cell><Data ss:Type="Number">22.7</Data></Cell>
    <Cell><Data ss:Type="Number">39.4</Data></Cell>
    <Cell><Data ss:Type="Number">0</Data></Cell>
    <Cell><Data ss:Type="Number">0</Data></Cell>
    <Cell><Data ss:Type="String">2023-12-07 16:15:44.117745</Data></Cell>
   </Row>
   <Row>
    <Cell><Data ss:Type="String">1318</Data></Cell>
    <Cell><Data ss:Type="Number">0.37</Data></Cell>
    <Cell><Data ss:Type="Number">-9.9600000000000009</Data></Cell>
    <Cell><Data ss:Type="Number">0.24</Data></Cell>
    <Cell><Data ss:Type="Number">-9.4</Data></Cell>
    <Cell><Data ss:Type="Number">-0.09</Data></Cell>
    <Cell><Data ss:Type="Number">-0.9</Data></Cell>
    <Cell><Data ss:Type="Number">22.7</Data></Cell>
    <Cell><Data ss:Type="Number">39.4</Data></Cell>
    <Cell><Data ss:Type="Number">0</Data></Cell>
    <Cell><Data ss:Type="Number">0</Data></Cell>
    <Cell><Data ss:Type="String">2023-12-07 16:15:44.116344</Data></Cell>
   </Row>
   <Row>
    <Cell><Data ss:Type="String">1317</Data></Cell>
    <Cell><Data ss:Type="Number">0.28999999999999998</Data></Cell>
    <Cell><Data ss:Type="Number">-10.1</Data></Cell>
    <Cell><Data ss:Type="Number">0.14000000000000001</Data></Cell>
    <Cell><Data ss:Type="Number">-9.5</Data></Cell>
    <Cell><Data ss:Type="Number">-0.06</Data></Cell>
    <Cell><Data ss:Type="Number">-0.94</Data></Cell>
    <Cell><Data ss:Type="Number">22.7</Data></Cell>
    <Cell><Data ss:Type="Number">39.4</Data></Cell>
    <Cell><Data ss:Type="Number">0</Data></Cell>
    <Cell><Data ss:Type="Number">0</Data></Cell>
    <Cell><Data ss:Type="String">2023-12-07 16:15:44.114694</Data></Cell>
   </Row>
   <Row>
    <Cell><Data ss:Type="String">1316</Data></Cell>
    <Cell><Data ss:Type="Number">0.16</Data></Cell>
    <Cell><Data ss:Type="Number">-10.17</Data></Cell>
    <Cell><Data ss:Type="Number">0.13</Data></Cell>
    <Cell><Data ss:Type="Number">-9.5500000000000007</Data></Cell>
    <Cell><Data ss:Type="Number">-7.0000000000000007E-2</Data></Cell>
    <Cell><Data ss:Type="Number">-0.91</Data></Cell>
    <Cell><Data ss:Type="Number">22.7</Data></Cell>
    <Cell><Data ss:Type="Number">39.4</Data></Cell>
    <Cell><Data ss:Type="Number">0</Data></Cell>
    <Cell><Data ss:Type="Number">0</Data></Cell>
    <Cell><Data ss:Type="String">2023-12-07 16:15:43.885547</Data></Cell>
   </Row>
   <Row>
    <Cell><Data ss:Type="String">1315</Data></Cell>
    <Cell><Data ss:Type="Number">0.25</Data></Cell>
    <Cell><Data ss:Type="Number">-10.17</Data></Cell>
    <Cell><Data ss:Type="Number">0.16</Data></Cell>
    <Cell><Data ss:Type="Number">-9.49</Data></Cell>
    <Cell><Data ss:Type="Number">-7.0000000000000007E-2</Data></Cell>
    <Cell><Data ss:Type="Number">-0.89</Data></Cell>
    <Cell><Data ss:Type="Number">22.7</Data></Cell>
    <Cell><Data ss:Type="Number">39.4</Data></Cell>
    <Cell><Data ss:Type="Number">0</Data></Cell>
    <Cell><Data ss:Type="Number">0</Data></Cell>
    <Cell><Data ss:Type="String">2023-12-07 16:15:43.840340</Data></Cell>
   </Row>
   <Row>
    <Cell><Data ss:Type="String">1314</Data></Cell>
    <Cell><Data ss:Type="Number">0.33</Data></Cell>
    <Cell><Data ss:Type="Number">-10</Data></Cell>
    <Cell><Data ss:Type="Number">0.12</Data></Cell>
    <Cell><Data ss:Type="Number">-9.44</Data></Cell>
    <Cell><Data ss:Type="Number">-0.06</Data></Cell>
    <Cell><Data ss:Type="Number">-0.93</Data></Cell>
    <Cell><Data ss:Type="Number">22.7</Data></Cell>
    <Cell><Data ss:Type="Number">39.4</Data></Cell>
    <Cell><Data ss:Type="Number">0</Data></Cell>
    <Cell><Data ss:Type="Number">0</Data></Cell>
    <Cell><Data ss:Type="String">2023-12-07 16:15:43.837129</Data></Cell>
   </Row>
   <Row>
    <Cell><Data ss:Type="String">1313</Data></Cell>
    <Cell><Data ss:Type="Number">0.26</Data></Cell>
    <Cell><Data ss:Type="Number">-9.9600000000000009</Data></Cell>
    <Cell><Data ss:Type="Number">0.31</Data></Cell>
    <Cell><Data ss:Type="Number">-9.4499999999999993</Data></Cell>
    <Cell><Data ss:Type="Number">-0.08</Data></Cell>
    <Cell><Data ss:Type="Number">-0.88</Data></Cell>
    <Cell><Data ss:Type="Number">22.7</Data></Cell>
    <Cell><Data ss:Type="Number">39.4</Data></Cell>
    <Cell><Data ss:Type="Number">0</Data></Cell>
    <Cell><Data ss:Type="Number">0</Data></Cell>
    <Cell><Data ss:Type="String">2023-12-07 16:15:43.791663</Data></Cell>
   </Row>
   <Row>
    <Cell><Data ss:Type="String">1312</Data></Cell>
    <Cell><Data ss:Type="Number">0.26</Data></Cell>
    <Cell><Data ss:Type="Number">-10.1</Data></Cell>
    <Cell><Data ss:Type="Number">0.1</Data></Cell>
    <Cell><Data ss:Type="Number">-9.5299999999999994</Data></Cell>
    <Cell><Data ss:Type="Number">-0.06</Data></Cell>
    <Cell><Data ss:Type="Number">-0.94</Data></Cell>
    <Cell><Data ss:Type="Number">22.7</Data></Cell>
    <Cell><Data ss:Type="Number">39.4</Data></Cell>
    <Cell><Data ss:Type="Number">0</Data></Cell>
    <Cell><Data ss:Type="Number">0</Data></Cell>
    <Cell><Data ss:Type="String">2023-12-07 16:15:43.747138</Data></Cell>
   </Row>
   <Row>
    <Cell><Data ss:Type="String">1311</Data></Cell>
    <Cell><Data ss:Type="Number">0.32</Data></Cell>
    <Cell><Data ss:Type="Number">-10.220000000000001</Data></Cell>
    <Cell><Data ss:Type="Number">0.21</Data></Cell>
    <Cell><Data ss:Type="Number">-9.5500000000000007</Data></Cell>
    <Cell><Data ss:Type="Number">-7.0000000000000007E-2</Data></Cell>
    <Cell><Data ss:Type="Number">-0.87</Data></Cell>
    <Cell><Data ss:Type="Number">22.7</Data></Cell>
    <Cell><Data ss:Type="Number">39.4</Data></Cell>
    <Cell><Data ss:Type="Number">0</Data></Cell>
    <Cell><Data ss:Type="Number">0</Data></Cell>
    <Cell><Data ss:Type="String">2023-12-07 16:15:43.744972</Data></Cell>
   </Row>
   <Row>
    <Cell><Data ss:Type="String">1310</Data></Cell>
    <Cell><Data ss:Type="Number">0.33</Data></Cell>
    <Cell><Data ss:Type="Number">-10.35</Data></Cell>
    <Cell><Data ss:Type="Number">0.16</Data></Cell>
    <Cell><Data ss:Type="Number">-9.5500000000000007</Data></Cell>
    <Cell><Data ss:Type="Number">-0.09</Data></Cell>
    <Cell><Data ss:Type="Number">-0.91</Data></Cell>
    <Cell><Data ss:Type="Number">22.7</Data></Cell>
    <Cell><Data ss:Type="Number">39.4</Data></Cell>
    <Cell><Data ss:Type="Number">0</Data></Cell>
    <Cell><Data ss:Type="Number">0</Data></Cell>
    <Cell><Data ss:Type="String">2023-12-07 16:15:43.742486</Data></Cell>
   </Row>
   <Row>
    <Cell><Data ss:Type="String">1309</Data></Cell>
    <Cell><Data ss:Type="Number">0.38</Data></Cell>
    <Cell><Data ss:Type="Number">-10.15</Data></Cell>
    <Cell><Data ss:Type="Number">0.17</Data></Cell>
    <Cell><Data ss:Type="Number">-9.4700000000000006</Data></Cell>
    <Cell><Data ss:Type="Number">-7.0000000000000007E-2</Data></Cell>
    <Cell><Data ss:Type="Number">-0.89</Data></Cell>
    <Cell><Data ss:Type="Number">22.7</Data></Cell>
    <Cell><Data ss:Type="Number">39.4</Data></Cell>
    <Cell><Data ss:Type="Number">0</Data></Cell>
    <Cell><Data ss:Type="Number">0</Data></Cell>
    <Cell><Data ss:Type="String">2023-12-07 16:15:43.740357</Data></Cell>
   </Row>
   <Row>
    <Cell><Data ss:Type="String">1308</Data></Cell>
    <Cell><Data ss:Type="Number">0.31</Data></Cell>
    <Cell><Data ss:Type="Number">-9.92</Data></Cell>
    <Cell><Data ss:Type="Number">0.15</Data></Cell>
    <Cell><Data ss:Type="Number">-9.42</Data></Cell>
    <Cell><Data ss:Type="Number">-0.08</Data></Cell>
    <Cell><Data ss:Type="Number">-0.94</Data></Cell>
    <Cell><Data ss:Type="Number">22.7</Data></Cell>
    <Cell><Data ss:Type="Number">39.4</Data></Cell>
    <Cell><Data ss:Type="Number">0</Data></Cell>
    <Cell><Data ss:Type="Number">0</Data></Cell>
    <Cell><Data ss:Type="String">2023-12-07 16:15:43.737371</Data></Cell>
   </Row>
   <Row>
    <Cell><Data ss:Type="String">1307</Data></Cell>
    <Cell><Data ss:Type="Number">0.25</Data></Cell>
    <Cell><Data ss:Type="Number">-9.99</Data></Cell>
    <Cell><Data ss:Type="Number">0.11</Data></Cell>
    <Cell><Data ss:Type="Number">-9.4700000000000006</Data></Cell>
    <Cell><Data ss:Type="Number">-0.08</Data></Cell>
    <Cell><Data ss:Type="Number">-0.94</Data></Cell>
    <Cell><Data ss:Type="Number">22.7</Data></Cell>
    <Cell><Data ss:Type="Number">39.4</Data></Cell>
    <Cell><Data ss:Type="Number">0</Data></Cell>
    <Cell><Data ss:Type="Number">0</Data></Cell>
    <Cell><Data ss:Type="String">2023-12-07 16:15:43.733919</Data></Cell>
   </Row>
   <Row>
    <Cell><Data ss:Type="String">1306</Data></Cell>
    <Cell><Data ss:Type="Number">0.28999999999999998</Data></Cell>
    <Cell><Data ss:Type="Number">-10.02</Data></Cell>
    <Cell><Data ss:Type="Number">0.13</Data></Cell>
    <Cell><Data ss:Type="Number">-9.5</Data></Cell>
    <Cell><Data ss:Type="Number">-0.08</Data></Cell>
    <Cell><Data ss:Type="Number">-0.87</Data></Cell>
    <Cell><Data ss:Type="Number">22.7</Data></Cell>
    <Cell><Data ss:Type="Number">39.4</Data></Cell>
    <Cell><Data ss:Type="Number">0</Data></Cell>
    <Cell><Data ss:Type="Number">0</Data></Cell>
    <Cell><Data ss:Type="String">2023-12-07 16:15:43.732216</Data></Cell>
   </Row>
   <Row>
    <Cell><Data ss:Type="String">1305</Data></Cell>
    <Cell><Data ss:Type="Number">0.3</Data></Cell>
    <Cell><Data ss:Type="Number">-10.23</Data></Cell>
    <Cell><Data ss:Type="Number">0.17</Data></Cell>
    <Cell><Data ss:Type="Number">-9.5299999999999994</Data></Cell>
    <Cell><Data ss:Type="Number">-7.0000000000000007E-2</Data></Cell>
    <Cell><Data ss:Type="Number">-0.91</Data></Cell>
    <Cell><Data ss:Type="Number">22.7</Data></Cell>
    <Cell><Data ss:Type="Number">39.4</Data></Cell>
    <Cell><Data ss:Type="Number">0</Data></Cell>
    <Cell><Data ss:Type="Number">0</Data></Cell>
    <Cell><Data ss:Type="String">2023-12-07 16:15:43.730628</Data></Cell>
   </Row>
   <Row>
    <Cell><Data ss:Type="String">1304</Data></Cell>
    <Cell><Data ss:Type="Number">0.35</Data></Cell>
    <Cell><Data ss:Type="Number">-10.07</Data></Cell>
    <Cell><Data ss:Type="Number">0.14000000000000001</Data></Cell>
    <Cell><Data ss:Type="Number">-9.42</Data></Cell>
    <Cell><Data ss:Type="Number">-0.06</Data></Cell>
    <Cell><Data ss:Type="Number">-0.9</Data></Cell>
    <Cell><Data ss:Type="Number">22.7</Data></Cell>
    <Cell><Data ss:Type="Number">39.4</Data></Cell>
    <Cell><Data ss:Type="Number">0</Data></Cell>
    <Cell><Data ss:Type="Number">0</Data></Cell>
    <Cell><Data ss:Type="String">2023-12-07 16:15:43.489784</Data></Cell>
   </Row>
   <Row>
    <Cell><Data ss:Type="String">1303</Data></Cell>
    <Cell><Data ss:Type="Number">0.26</Data></Cell>
    <Cell><Data ss:Type="Number">-9.91</Data></Cell>
    <Cell><Data ss:Type="Number">0.08</Data></Cell>
    <Cell><Data ss:Type="Number">-9.39</Data></Cell>
    <Cell><Data ss:Type="Number">-0.08</Data></Cell>
    <Cell><Data ss:Type="Number">-0.92</Data></Cell>
    <Cell><Data ss:Type="Number">22.7</Data></Cell>
    <Cell><Data ss:Type="Number">39.4</Data></Cell>
    <Cell><Data ss:Type="Number">0</Data></Cell>
    <Cell><Data ss:Type="Number">0</Data></Cell>
    <Cell><Data ss:Type="String">2023-12-07 16:15:43.439245</Data></Cell>
   </Row>
   <Row>
    <Cell><Data ss:Type="String">1302</Data></Cell>
    <Cell><Data ss:Type="Number">0.27</Data></Cell>
    <Cell><Data ss:Type="Number">-10.039999999999999</Data></Cell>
    <Cell><Data ss:Type="Number">0.1</Data></Cell>
    <Cell><Data ss:Type="Number">-9.56</Data></Cell>
    <Cell><Data ss:Type="Number">-0.08</Data></Cell>
    <Cell><Data ss:Type="Number">-0.91</Data></Cell>
    <Cell><Data ss:Type="Number">22.7</Data></Cell>
    <Cell><Data ss:Type="Number">39.4</Data></Cell>
    <Cell><Data ss:Type="Number">0</Data></Cell>
    <Cell><Data ss:Type="Number">0</Data></Cell>
    <Cell><Data ss:Type="String">2023-12-07 16:15:43.437093</Data></Cell>
   </Row>
   <Row>
    <Cell><Data ss:Type="String">1301</Data></Cell>
    <Cell><Data ss:Type="Number">0.49</Data></Cell>
    <Cell><Data ss:Type="Number">-10.16</Data></Cell>
    <Cell><Data ss:Type="Number">0.34</Data></Cell>
    <Cell><Data ss:Type="Number">-9.52</Data></Cell>
    <Cell><Data ss:Type="Number">-0.05</Data></Cell>
    <Cell><Data ss:Type="Number">-0.85</Data></Cell>
    <Cell><Data ss:Type="Number">22.7</Data></Cell>
    <Cell><Data ss:Type="Number">39.4</Data></Cell>
    <Cell><Data ss:Type="Number">0</Data></Cell>
    <Cell><Data ss:Type="Number">0</Data></Cell>
    <Cell><Data ss:Type="String">2023-12-07 16:15:43.394142</Data></Cell>
   </Row>
   <Row>
    <Cell><Data ss:Type="String">1300</Data></Cell>
    <Cell><Data ss:Type="Number">0.42</Data></Cell>
    <Cell><Data ss:Type="Number">-10.16</Data></Cell>
    <Cell><Data ss:Type="Number">0.19</Data></Cell>
    <Cell><Data ss:Type="Number">-9.5500000000000007</Data></Cell>
    <Cell><Data ss:Type="Number">-0.15</Data></Cell>
    <Cell><Data ss:Type="Number">-0.97</Data></Cell>
    <Cell><Data ss:Type="Number">22.7</Data></Cell>
    <Cell><Data ss:Type="Number">39.4</Data></Cell>
    <Cell><Data ss:Type="Number">0</Data></Cell>
    <Cell><Data ss:Type="Number">0</Data></Cell>
    <Cell><Data ss:Type="String">2023-12-07 16:15:43.345191</Data></Cell>
   </Row>
   <Row>
    <Cell><Data ss:Type="String">1299</Data></Cell>
    <Cell><Data ss:Type="Number">0.13</Data></Cell>
    <Cell><Data ss:Type="Number">-9.9600000000000009</Data></Cell>
    <Cell><Data ss:Type="Number">0.19</Data></Cell>
    <Cell><Data ss:Type="Number">-9.39</Data></Cell>
    <Cell><Data ss:Type="Number">-0.01</Data></Cell>
    <Cell><Data ss:Type="Number">-0.88</Data></Cell>
    <Cell><Data ss:Type="Number">22.7</Data></Cell>
    <Cell><Data ss:Type="Number">39.4</Data></Cell>
    <Cell><Data ss:Type="Number">0</Data></Cell>
    <Cell><Data ss:Type="Number">0</Data></Cell>
    <Cell><Data ss:Type="String">2023-12-07 16:15:43.300649</Data></Cell>
   </Row>
   <Row>
    <Cell><Data ss:Type="String">1298</Data></Cell>
    <Cell><Data ss:Type="Number">0.21</Data></Cell>
    <Cell><Data ss:Type="Number">-10.039999999999999</Data></Cell>
    <Cell><Data ss:Type="Number">0.02</Data></Cell>
    <Cell><Data ss:Type="Number">-9.52</Data></Cell>
    <Cell><Data ss:Type="Number">-7.0000000000000007E-2</Data></Cell>
    <Cell><Data ss:Type="Number">-0.91</Data></Cell>
    <Cell><Data ss:Type="Number">22.7</Data></Cell>
    <Cell><Data ss:Type="Number">39.4</Data></Cell>
    <Cell><Data ss:Type="Number">0</Data></Cell>
    <Cell><Data ss:Type="Number">0</Data></Cell>
    <Cell><Data ss:Type="String">2023-12-07 16:15:43.298772</Data></Cell>
   </Row>
   <Row>
    <Cell><Data ss:Type="String">1297</Data></Cell>
    <Cell><Data ss:Type="Number">0.69</Data></Cell>
    <Cell><Data ss:Type="Number">-10.09</Data></Cell>
    <Cell><Data ss:Type="Number">0.23</Data></Cell>
    <Cell><Data ss:Type="Number">-9.57</Data></Cell>
    <Cell><Data ss:Type="Number">0.09</Data></Cell>
    <Cell><Data ss:Type="Number">-0.93</Data></Cell>
    <Cell><Data ss:Type="Number">22.7</Data></Cell>
    <Cell><Data ss:Type="Number">39.4</Data></Cell>
    <Cell><Data ss:Type="Number">0</Data></Cell>
    <Cell><Data ss:Type="Number">0</Data></Cell>
    <Cell><Data ss:Type="String">2023-12-07 16:15:43.253230</Data></Cell>
   </Row>
   <Row>
    <Cell><Data ss:Type="String">1296</Data></Cell>
    <Cell><Data ss:Type="Number">0.64</Data></Cell>
    <Cell><Data ss:Type="Number">-10.09</Data></Cell>
    <Cell><Data ss:Type="Number">0.45</Data></Cell>
    <Cell><Data ss:Type="Number">-9.51</Data></Cell>
    <Cell><Data ss:Type="Number">-0.27</Data></Cell>
    <Cell><Data ss:Type="Number">-0.87</Data></Cell>
    <Cell><Data ss:Type="Number">22.7</Data></Cell>
    <Cell><Data ss:Type="Number">39.4</Data></Cell>
    <Cell><Data ss:Type="Number">0</Data></Cell>
    <Cell><Data ss:Type="Number">0</Data></Cell>
    <Cell><Data ss:Type="String">2023-12-07 16:15:43.209112</Data></Cell>
   </Row>
   <Row>
    <Cell><Data ss:Type="String">1295</Data></Cell>
    <Cell><Data ss:Type="Number">0.54</Data></Cell>
    <Cell><Data ss:Type="Number">-10.1</Data></Cell>
    <Cell><Data ss:Type="Number">0.35</Data></Cell>
    <Cell><Data ss:Type="Number">-9.4700000000000006</Data></Cell>
    <Cell><Data ss:Type="Number">-0.31</Data></Cell>
    <Cell><Data ss:Type="Number">-0.98</Data></Cell>
    <Cell><Data ss:Type="Number">22.7</Data></Cell>
    <Cell><Data ss:Type="Number">39.4</Data></Cell>
    <Cell><Data ss:Type="Number">0</Data></Cell>
    <Cell><Data ss:Type="Number">0</Data></Cell>
    <Cell><Data ss:Type="String">2023-12-07 16:15:43.207342</Data></Cell>
   </Row>
   <Row>
    <Cell><Data ss:Type="String">1294</Data></Cell>
    <Cell><Data ss:Type="Number">7.0000000000000007E-2</Data></Cell>
    <Cell><Data ss:Type="Number">-9.99</Data></Cell>
    <Cell><Data ss:Type="Number">0.12</Data></Cell>
    <Cell><Data ss:Type="Number">-9.39</Data></Cell>
    <Cell><Data ss:Type="Number">-0.09</Data></Cell>
    <Cell><Data ss:Type="Number">-0.82</Data></Cell>
    <Cell><Data ss:Type="Number">22.7</Data></Cell>
    <Cell><Data ss:Type="Number">39.4</Data></Cell>
    <Cell><Data ss:Type="Number">0</Data></Cell>
    <Cell><Data ss:Type="Number">0</Data></Cell>
    <Cell><Data ss:Type="String">2023-12-07 16:15:43.161251</Data></Cell>
   </Row>
   <Row>
    <Cell><Data ss:Type="String">1293</Data></Cell>
    <Cell><Data ss:Type="Number">1.79</Data></Cell>
    <Cell><Data ss:Type="Number">-10.38</Data></Cell>
    <Cell><Data ss:Type="Number">-0.72</Data></Cell>
    <Cell><Data ss:Type="Number">-9.6</Data></Cell>
    <Cell><Data ss:Type="Number">0.73</Data></Cell>
    <Cell><Data ss:Type="Number">-1.07</Data></Cell>
    <Cell><Data ss:Type="Number">22.7</Data></Cell>
    <Cell><Data ss:Type="Number">39.4</Data></Cell>
    <Cell><Data ss:Type="Number">0</Data></Cell>
    <Cell><Data ss:Type="Number">0</Data></Cell>
    <Cell><Data ss:Type="String">2023-12-07 16:15:43.115463</Data></Cell>
   </Row>
   <Row>
    <Cell><Data ss:Type="String">1292</Data></Cell>
    <Cell><Data ss:Type="Number">0.17</Data></Cell>
    <Cell><Data ss:Type="Number">-9.94</Data></Cell>
    <Cell><Data ss:Type="Number">0.95</Data></Cell>
    <Cell><Data ss:Type="Number">-9.43</Data></Cell>
    <Cell><Data ss:Type="Number">0.1</Data></Cell>
    <Cell><Data ss:Type="Number">-0.97</Data></Cell>
    <Cell><Data ss:Type="Number">22.7</Data></Cell>
    <Cell><Data ss:Type="Number">39.4</Data></Cell>
    <Cell><Data ss:Type="Number">0</Data></Cell>
    <Cell><Data ss:Type="Number">0</Data></Cell>
    <Cell><Data ss:Type="String">2023-12-07 16:15:43.072294</Data></Cell>
   </Row>
   <Row>
    <Cell><Data ss:Type="String">1291</Data></Cell>
    <Cell><Data ss:Type="Number">2.41</Data></Cell>
    <Cell><Data ss:Type="Number">-10.49</Data></Cell>
    <Cell><Data ss:Type="Number">2.44</Data></Cell>
    <Cell><Data ss:Type="Number">-9.35</Data></Cell>
    <Cell><Data ss:Type="Number">-1.46</Data></Cell>
    <Cell><Data ss:Type="Number">-0.6</Data></Cell>
    <Cell><Data ss:Type="Number">22.7</Data></Cell>
    <Cell><Data ss:Type="Number">39.4</Data></Cell>
    <Cell><Data ss:Type="Number">0</Data></Cell>
    <Cell><Data ss:Type="Number">0</Data></Cell>
    <Cell><Data ss:Type="String">2023-12-07 16:15:43.069651</Data></Cell>
   </Row>
   <Row>
    <Cell><Data ss:Type="String">1290</Data></Cell>
    <Cell><Data ss:Type="Number">2.96</Data></Cell>
    <Cell><Data ss:Type="Number">1.53</Data></Cell>
    <Cell><Data ss:Type="Number">-0.17</Data></Cell>
    <Cell><Data ss:Type="Number">-3.12</Data></Cell>
    <Cell><Data ss:Type="Number">-1.63</Data></Cell>
    <Cell><Data ss:Type="Number">-0.99</Data></Cell>
    <Cell><Data ss:Type="Number">22.7</Data></Cell>
    <Cell><Data ss:Type="Number">39.4</Data></Cell>
    <Cell><Data ss:Type="Number">0</Data></Cell>
    <Cell><Data ss:Type="Number">0</Data></Cell>
    <Cell><Data ss:Type="String">2023-12-07 16:15:43.024423</Data></Cell>
   </Row>
   <Row>
    <Cell><Data ss:Type="String">1289</Data></Cell>
    <Cell><Data ss:Type="Number">0.42</Data></Cell>
    <Cell><Data ss:Type="Number">-9.81</Data></Cell>
    <Cell><Data ss:Type="Number">0.4</Data></Cell>
    <Cell><Data ss:Type="Number">-9.43</Data></Cell>
    <Cell><Data ss:Type="Number">-7.0000000000000007E-2</Data></Cell>
    <Cell><Data ss:Type="Number">-0.9</Data></Cell>
    <Cell><Data ss:Type="Number">22.7</Data></Cell>
    <Cell><Data ss:Type="Number">39.4</Data></Cell>
    <Cell><Data ss:Type="Number">0</Data></Cell>
    <Cell><Data ss:Type="Number">0</Data></Cell>
    <Cell><Data ss:Type="String">2023-12-07 16:15:42.977619</Data></Cell>
   </Row>
   <Row>
    <Cell><Data ss:Type="String">1288</Data></Cell>
    <Cell><Data ss:Type="Number">0.28999999999999998</Data></Cell>
    <Cell><Data ss:Type="Number">-10.63</Data></Cell>
    <Cell><Data ss:Type="Number">0.09</Data></Cell>
    <Cell><Data ss:Type="Number">-9.6300000000000008</Data></Cell>
    <Cell><Data ss:Type="Number">-0.08</Data></Cell>
    <Cell><Data ss:Type="Number">-0.87</Data></Cell>
    <Cell><Data ss:Type="Number">22.7</Data></Cell>
    <Cell><Data ss:Type="Number">39.4</Data></Cell>
    <Cell><Data ss:Type="Number">0</Data></Cell>
    <Cell><Data ss:Type="Number">0</Data></Cell>
    <Cell><Data ss:Type="String">2023-12-07 16:15:42.944691</Data></Cell>
   </Row>
   <Row>
    <Cell><Data ss:Type="String">1287</Data></Cell>
    <Cell><Data ss:Type="Number">0.67</Data></Cell>
    <Cell><Data ss:Type="Number">-10.16</Data></Cell>
    <Cell><Data ss:Type="Number">0.08</Data></Cell>
    <Cell><Data ss:Type="Number">-9.61</Data></Cell>
    <Cell><Data ss:Type="Number">-0.03</Data></Cell>
    <Cell><Data ss:Type="Number">-0.86</Data></Cell>
    <Cell><Data ss:Type="Number">22.7</Data></Cell>
    <Cell><Data ss:Type="Number">39.4</Data></Cell>
    <Cell><Data ss:Type="Number">0</Data></Cell>
    <Cell><Data ss:Type="Number">0</Data></Cell>
    <Cell><Data ss:Type="String">2023-12-07 16:15:42.942866</Data></Cell>
   </Row>
   <Row>
    <Cell><Data ss:Type="String">1286</Data></Cell>
    <Cell><Data ss:Type="Number">0.78</Data></Cell>
    <Cell><Data ss:Type="Number">-9.99</Data></Cell>
    <Cell><Data ss:Type="Number">0.21</Data></Cell>
    <Cell><Data ss:Type="Number">-9.48</Data></Cell>
    <Cell><Data ss:Type="Number">-0.14000000000000001</Data></Cell>
    <Cell><Data ss:Type="Number">-0.89</Data></Cell>
    <Cell><Data ss:Type="Number">22.7</Data></Cell>
    <Cell><Data ss:Type="Number">39.4</Data></Cell>
    <Cell><Data ss:Type="Number">0</Data></Cell>
    <Cell><Data ss:Type="Number">0</Data></Cell>
    <Cell><Data ss:Type="String">2023-12-07 16:15:42.941075</Data></Cell>
   </Row>
   <Row>
    <Cell><Data ss:Type="String">1285</Data></Cell>
    <Cell><Data ss:Type="Number">0.43</Data></Cell>
    <Cell><Data ss:Type="Number">-9.9700000000000006</Data></Cell>
    <Cell><Data ss:Type="Number">0.17</Data></Cell>
    <Cell><Data ss:Type="Number">-9.36</Data></Cell>
    <Cell><Data ss:Type="Number">-0.11</Data></Cell>
    <Cell><Data ss:Type="Number">-0.95</Data></Cell>
    <Cell><Data ss:Type="Number">22.7</Data></Cell>
    <Cell><Data ss:Type="Number">39.4</Data></Cell>
    <Cell><Data ss:Type="Number">0</Data></Cell>
    <Cell><Data ss:Type="Number">0</Data></Cell>
    <Cell><Data ss:Type="String">2023-12-07 16:15:42.938957</Data></Cell>
   </Row>
   <Row>
    <Cell><Data ss:Type="String">1284</Data></Cell>
    <Cell><Data ss:Type="Number">0.74</Data></Cell>
    <Cell><Data ss:Type="Number">-8.93</Data></Cell>
    <Cell><Data ss:Type="Number">0.08</Data></Cell>
    <Cell><Data ss:Type="Number">-9.6199999999999992</Data></Cell>
    <Cell><Data ss:Type="Number">-0.09</Data></Cell>
    <Cell><Data ss:Type="Number">-0.93</Data></Cell>
    <Cell><Data ss:Type="Number">22.7</Data></Cell>
    <Cell><Data ss:Type="Number">39.4</Data></Cell>
    <Cell><Data ss:Type="Number">0</Data></Cell>
    <Cell><Data ss:Type="Number">0</Data></Cell>
    <Cell><Data ss:Type="String">2023-12-07 16:15:42.936603</Data></Cell>
   </Row>
   <Row>
    <Cell><Data ss:Type="String">1283</Data></Cell>
    <Cell><Data ss:Type="Number">-0.02</Data></Cell>
    <Cell><Data ss:Type="Number">-9.89</Data></Cell>
    <Cell><Data ss:Type="Number">0.26</Data></Cell>
    <Cell><Data ss:Type="Number">-9.5</Data></Cell>
    <Cell><Data ss:Type="Number">-0.01</Data></Cell>
    <Cell><Data ss:Type="Number">-0.88</Data></Cell>
    <Cell><Data ss:Type="Number">22.7</Data></Cell>
    <Cell><Data ss:Type="Number">39.4</Data></Cell>
    <Cell><Data ss:Type="Number">0</Data></Cell>
    <Cell><Data ss:Type="Number">0</Data></Cell>
    <Cell><Data ss:Type="String">2023-12-07 16:15:42.934508</Data></Cell>
   </Row>
   <Row>
    <Cell><Data ss:Type="String">1282</Data></Cell>
    <Cell><Data ss:Type="Number">0.24</Data></Cell>
    <Cell><Data ss:Type="Number">-10.68</Data></Cell>
    <Cell><Data ss:Type="Number">0.45</Data></Cell>
    <Cell><Data ss:Type="Number">-9.67</Data></Cell>
    <Cell><Data ss:Type="Number">-0.09</Data></Cell>
    <Cell><Data ss:Type="Number">-0.95</Data></Cell>
    <Cell><Data ss:Type="Number">22.7</Data></Cell>
    <Cell><Data ss:Type="Number">39.4</Data></Cell>
    <Cell><Data ss:Type="Number">0</Data></Cell>
    <Cell><Data ss:Type="Number">0</Data></Cell>
    <Cell><Data ss:Type="String">2023-12-07 16:15:42.734070</Data></Cell>
   </Row>
   <Row>
    <Cell><Data ss:Type="String">1281</Data></Cell>
    <Cell><Data ss:Type="Number">0.36</Data></Cell>
    <Cell><Data ss:Type="Number">-10.53</Data></Cell>
    <Cell><Data ss:Type="Number">0.08</Data></Cell>
    <Cell><Data ss:Type="Number">-9.39</Data></Cell>
    <Cell><Data ss:Type="Number">0.02</Data></Cell>
    <Cell><Data ss:Type="Number">-0.93</Data></Cell>
    <Cell><Data ss:Type="Number">22.7</Data></Cell>
    <Cell><Data ss:Type="Number">39.4</Data></Cell>
    <Cell><Data ss:Type="Number">0</Data></Cell>
    <Cell><Data ss:Type="Number">0</Data></Cell>
    <Cell><Data ss:Type="String">2023-12-07 16:15:42.732395</Data></Cell>
   </Row>
   <Row>
    <Cell><Data ss:Type="String">1280</Data></Cell>
    <Cell><Data ss:Type="Number">0.54</Data></Cell>
    <Cell><Data ss:Type="Number">-10.49</Data></Cell>
    <Cell><Data ss:Type="Number">0.12</Data></Cell>
    <Cell><Data ss:Type="Number">-9.49</Data></Cell>
    <Cell><Data ss:Type="Number">-0.14000000000000001</Data></Cell>
    <Cell><Data ss:Type="Number">-0.94</Data></Cell>
    <Cell><Data ss:Type="Number">22.7</Data></Cell>
    <Cell><Data ss:Type="Number">39.4</Data></Cell>
    <Cell><Data ss:Type="Number">0</Data></Cell>
    <Cell><Data ss:Type="Number">0</Data></Cell>
    <Cell><Data ss:Type="String">2023-12-07 16:15:42.687117</Data></Cell>
   </Row>
   <Row>
    <Cell><Data ss:Type="String">1279</Data></Cell>
    <Cell><Data ss:Type="Number">0.32</Data></Cell>
    <Cell><Data ss:Type="Number">-10.039999999999999</Data></Cell>
    <Cell><Data ss:Type="Number">0.06</Data></Cell>
    <Cell><Data ss:Type="Number">-9.49</Data></Cell>
    <Cell><Data ss:Type="Number">-0.11</Data></Cell>
    <Cell><Data ss:Type="Number">-0.92</Data></Cell>
    <Cell><Data ss:Type="Number">22.7</Data></Cell>
    <Cell><Data ss:Type="Number">39.4</Data></Cell>
    <Cell><Data ss:Type="Number">0</Data></Cell>
    <Cell><Data ss:Type="Number">0</Data></Cell>
    <Cell><Data ss:Type="String">2023-12-07 16:15:42.642460</Data></Cell>
   </Row>
   <Row>
    <Cell><Data ss:Type="String">1278</Data></Cell>
    <Cell><Data ss:Type="Number">0.1</Data></Cell>
    <Cell><Data ss:Type="Number">-10.52</Data></Cell>
    <Cell><Data ss:Type="Number">0.5</Data></Cell>
    <Cell><Data ss:Type="Number">-9.6199999999999992</Data></Cell>
    <Cell><Data ss:Type="Number">-0.01</Data></Cell>
    <Cell><Data ss:Type="Number">-0.85</Data></Cell>
    <Cell><Data ss:Type="Number">22.7</Data></Cell>
    <Cell><Data ss:Type="Number">39.4</Data></Cell>
    <Cell><Data ss:Type="Number">0</Data></Cell>
    <Cell><Data ss:Type="Number">0</Data></Cell>
    <Cell><Data ss:Type="String">2023-12-07 16:15:42.640761</Data></Cell>
   </Row>
   <Row>
    <Cell><Data ss:Type="String">1277</Data></Cell>
    <Cell><Data ss:Type="Number">0.17</Data></Cell>
    <Cell><Data ss:Type="Number">-9.81</Data></Cell>
    <Cell><Data ss:Type="Number">7.0000000000000007E-2</Data></Cell>
    <Cell><Data ss:Type="Number">-9.41</Data></Cell>
    <Cell><Data ss:Type="Number">-7.0000000000000007E-2</Data></Cell>
    <Cell><Data ss:Type="Number">-0.92</Data></Cell>
    <Cell><Data ss:Type="Number">22.7</Data></Cell>
    <Cell><Data ss:Type="Number">39.4</Data></Cell>
    <Cell><Data ss:Type="Number">0</Data></Cell>
    <Cell><Data ss:Type="Number">0</Data></Cell>
    <Cell><Data ss:Type="String">2023-12-07 16:15:42.593337</Data></Cell>
   </Row>
   <Row>
    <Cell><Data ss:Type="String">1276</Data></Cell>
    <Cell><Data ss:Type="Number">0.61</Data></Cell>
    <Cell><Data ss:Type="Number">-10.039999999999999</Data></Cell>
    <Cell><Data ss:Type="Number">0.23</Data></Cell>
    <Cell><Data ss:Type="Number">-9.43</Data></Cell>
    <Cell><Data ss:Type="Number">-0.02</Data></Cell>
    <Cell><Data ss:Type="Number">-0.93</Data></Cell>
    <Cell><Data ss:Type="Number">22.7</Data></Cell>
    <Cell><Data ss:Type="Number">39.4</Data></Cell>
    <Cell><Data ss:Type="Number">0</Data></Cell>
    <Cell><Data ss:Type="Number">0</Data></Cell>
    <Cell><Data ss:Type="String">2023-12-07 16:15:42.548431</Data></Cell>
   </Row>
   <Row>
    <Cell><Data ss:Type="String">1275</Data></Cell>
    <Cell><Data ss:Type="Number">0.28000000000000003</Data></Cell>
    <Cell><Data ss:Type="Number">-9.2899999999999991</Data></Cell>
    <Cell><Data ss:Type="Number">0.69</Data></Cell>
    <Cell><Data ss:Type="Number">-9.33</Data></Cell>
    <Cell><Data ss:Type="Number">-0.1</Data></Cell>
    <Cell><Data ss:Type="Number">-1.01</Data></Cell>
    <Cell><Data ss:Type="Number">22.7</Data></Cell>
    <Cell><Data ss:Type="Number">39.4</Data></Cell>
    <Cell><Data ss:Type="Number">0</Data></Cell>
    <Cell><Data ss:Type="Number">0</Data></Cell>
    <Cell><Data ss:Type="String">2023-12-07 16:15:42.508163</Data></Cell>
   </Row>
   <Row>
    <Cell><Data ss:Type="String">1274</Data></Cell>
    <Cell><Data ss:Type="Number">1.01</Data></Cell>
    <Cell><Data ss:Type="Number">-10.119999999999999</Data></Cell>
    <Cell><Data ss:Type="Number">1.07</Data></Cell>
    <Cell><Data ss:Type="Number">-9.74</Data></Cell>
    <Cell><Data ss:Type="Number">-0.14000000000000001</Data></Cell>
    <Cell><Data ss:Type="Number">-0.79</Data></Cell>
    <Cell><Data ss:Type="Number">22.7</Data></Cell>
    <Cell><Data ss:Type="Number">39.4</Data></Cell>
    <Cell><Data ss:Type="Number">0</Data></Cell>
    <Cell><Data ss:Type="Number">0</Data></Cell>
    <Cell><Data ss:Type="String">2023-12-07 16:15:42.506211</Data></Cell>
   </Row>
   <Row>
    <Cell><Data ss:Type="String">1273</Data></Cell>
    <Cell><Data ss:Type="Number">0.28999999999999998</Data></Cell>
    <Cell><Data ss:Type="Number">-11.19</Data></Cell>
    <Cell><Data ss:Type="Number">0.06</Data></Cell>
    <Cell><Data ss:Type="Number">-9.6999999999999993</Data></Cell>
    <Cell><Data ss:Type="Number">-0.11</Data></Cell>
    <Cell><Data ss:Type="Number">-0.89</Data></Cell>
    <Cell><Data ss:Type="Number">22.7</Data></Cell>
    <Cell><Data ss:Type="Number">39.4</Data></Cell>
    <Cell><Data ss:Type="Number">0</Data></Cell>
    <Cell><Data ss:Type="Number">0</Data></Cell>
    <Cell><Data ss:Type="String">2023-12-07 16:15:42.504067</Data></Cell>
   </Row>
   <Row>
    <Cell><Data ss:Type="String">1272</Data></Cell>
    <Cell><Data ss:Type="Number">0.23</Data></Cell>
    <Cell><Data ss:Type="Number">-10.07</Data></Cell>
    <Cell><Data ss:Type="Number">0.15</Data></Cell>
    <Cell><Data ss:Type="Number">-9.48</Data></Cell>
    <Cell><Data ss:Type="Number">-0.09</Data></Cell>
    <Cell><Data ss:Type="Number">-0.95</Data></Cell>
    <Cell><Data ss:Type="Number">22.7</Data></Cell>
    <Cell><Data ss:Type="Number">39.4</Data></Cell>
    <Cell><Data ss:Type="Number">0</Data></Cell>
    <Cell><Data ss:Type="Number">0</Data></Cell>
    <Cell><Data ss:Type="String">2023-12-07 16:15:42.501781</Data></Cell>
   </Row>
   <Row>
    <Cell><Data ss:Type="String">1271</Data></Cell>
    <Cell><Data ss:Type="Number">0.66</Data></Cell>
    <Cell><Data ss:Type="Number">-10.55</Data></Cell>
    <Cell><Data ss:Type="Number">0.36</Data></Cell>
    <Cell><Data ss:Type="Number">-9.48</Data></Cell>
    <Cell><Data ss:Type="Number">-0.03</Data></Cell>
    <Cell><Data ss:Type="Number">-0.88</Data></Cell>
    <Cell><Data ss:Type="Number">22.7</Data></Cell>
    <Cell><Data ss:Type="Number">39.4</Data></Cell>
    <Cell><Data ss:Type="Number">0</Data></Cell>
    <Cell><Data ss:Type="Number">0</Data></Cell>
    <Cell><Data ss:Type="String">2023-12-07 16:15:42.500085</Data></Cell>
   </Row>
   <Row>
    <Cell><Data ss:Type="String">1270</Data></Cell>
    <Cell><Data ss:Type="Number">-0.11</Data></Cell>
    <Cell><Data ss:Type="Number">-10.26</Data></Cell>
    <Cell><Data ss:Type="Number">-0.02</Data></Cell>
    <Cell><Data ss:Type="Number">-9.4700000000000006</Data></Cell>
    <Cell><Data ss:Type="Number">-0.06</Data></Cell>
    <Cell><Data ss:Type="Number">-0.98</Data></Cell>
    <Cell><Data ss:Type="Number">22.7</Data></Cell>
    <Cell><Data ss:Type="Number">39.4</Data></Cell>
    <Cell><Data ss:Type="Number">0</Data></Cell>
    <Cell><Data ss:Type="Number">0</Data></Cell>
    <Cell><Data ss:Type="String">2023-12-07 16:15:42.498394</Data></Cell>
   </Row>
   <Row>
    <Cell><Data ss:Type="String">1269</Data></Cell>
    <Cell><Data ss:Type="Number">0.16</Data></Cell>
    <Cell><Data ss:Type="Number">-9.41</Data></Cell>
    <Cell><Data ss:Type="Number">0.11</Data></Cell>
    <Cell><Data ss:Type="Number">-9.4499999999999993</Data></Cell>
    <Cell><Data ss:Type="Number">-0.1</Data></Cell>
    <Cell><Data ss:Type="Number">-0.88</Data></Cell>
    <Cell><Data ss:Type="Number">22.7</Data></Cell>
    <Cell><Data ss:Type="Number">39.4</Data></Cell>
    <Cell><Data ss:Type="Number">0</Data></Cell>
    <Cell><Data ss:Type="Number">0</Data></Cell>
    <Cell><Data ss:Type="String">2023-12-07 16:15:42.496850</Data></Cell>
   </Row>
   <Row>
    <Cell><Data ss:Type="String">1268</Data></Cell>
    <Cell><Data ss:Type="Number">7.0000000000000007E-2</Data></Cell>
    <Cell><Data ss:Type="Number">-9.89</Data></Cell>
    <Cell><Data ss:Type="Number">0.01</Data></Cell>
    <Cell><Data ss:Type="Number">-9.52</Data></Cell>
    <Cell><Data ss:Type="Number">-0.02</Data></Cell>
    <Cell><Data ss:Type="Number">-0.97</Data></Cell>
    <Cell><Data ss:Type="Number">22.7</Data></Cell>
    <Cell><Data ss:Type="Number">39.4</Data></Cell>
    <Cell><Data ss:Type="Number">0</Data></Cell>
    <Cell><Data ss:Type="Number">0</Data></Cell>
    <Cell><Data ss:Type="String">2023-12-07 16:15:42.495228</Data></Cell>
   </Row>
   <Row>
    <Cell><Data ss:Type="String">1267</Data></Cell>
    <Cell><Data ss:Type="Number">0.56999999999999995</Data></Cell>
    <Cell><Data ss:Type="Number">-9.8699999999999992</Data></Cell>
    <Cell><Data ss:Type="Number">-0.08</Data></Cell>
    <Cell><Data ss:Type="Number">-9.56</Data></Cell>
    <Cell><Data ss:Type="Number">-0.12</Data></Cell>
    <Cell><Data ss:Type="Number">-0.96</Data></Cell>
    <Cell><Data ss:Type="Number">22.7</Data></Cell>
    <Cell><Data ss:Type="Number">39.4</Data></Cell>
    <Cell><Data ss:Type="Number">0</Data></Cell>
    <Cell><Data ss:Type="Number">0</Data></Cell>
    <Cell><Data ss:Type="String">2023-12-07 16:15:42.264271</Data></Cell>
   </Row>
   <Row>
    <Cell><Data ss:Type="String">1266</Data></Cell>
    <Cell><Data ss:Type="Number">-0.1</Data></Cell>
    <Cell><Data ss:Type="Number">-9.8699999999999992</Data></Cell>
    <Cell><Data ss:Type="Number">0.26</Data></Cell>
    <Cell><Data ss:Type="Number">-9.6</Data></Cell>
    <Cell><Data ss:Type="Number">-0.11</Data></Cell>
    <Cell><Data ss:Type="Number">-0.85</Data></Cell>
    <Cell><Data ss:Type="Number">22.7</Data></Cell>
    <Cell><Data ss:Type="Number">39.5</Data></Cell>
    <Cell><Data ss:Type="Number">0</Data></Cell>
    <Cell><Data ss:Type="Number">0</Data></Cell>
    <Cell><Data ss:Type="String">2023-12-07 16:15:42.262996</Data></Cell>
   </Row>
   <Row>
    <Cell><Data ss:Type="String">1265</Data></Cell>
    <Cell><Data ss:Type="Number">0.52</Data></Cell>
    <Cell><Data ss:Type="Number">-10.43</Data></Cell>
    <Cell><Data ss:Type="Number">0.26</Data></Cell>
    <Cell><Data ss:Type="Number">-9.4499999999999993</Data></Cell>
    <Cell><Data ss:Type="Number">-0.04</Data></Cell>
    <Cell><Data ss:Type="Number">-0.94</Data></Cell>
    <Cell><Data ss:Type="Number">22.7</Data></Cell>
    <Cell><Data ss:Type="Number">39.5</Data></Cell>
    <Cell><Data ss:Type="Number">0</Data></Cell>
    <Cell><Data ss:Type="Number">0</Data></Cell>
    <Cell><Data ss:Type="String">2023-12-07 16:15:42.261586</Data></Cell>
   </Row>
   <Row>
    <Cell><Data ss:Type="String">1264</Data></Cell>
    <Cell><Data ss:Type="Number">0.53</Data></Cell>
    <Cell><Data ss:Type="Number">-10.69</Data></Cell>
    <Cell><Data ss:Type="Number">0.04</Data></Cell>
    <Cell><Data ss:Type="Number">-9.39</Data></Cell>
    <Cell><Data ss:Type="Number">-0.1</Data></Cell>
    <Cell><Data ss:Type="Number">-0.91</Data></Cell>
    <Cell><Data ss:Type="Number">22.7</Data></Cell>
    <Cell><Data ss:Type="Number">39.5</Data></Cell>
    <Cell><Data ss:Type="Number">0</Data></Cell>
    <Cell><Data ss:Type="Number">0</Data></Cell>
    <Cell><Data ss:Type="String">2023-12-07 16:15:42.259903</Data></Cell>
   </Row>
   <Row>
    <Cell><Data ss:Type="String">1263</Data></Cell>
    <Cell><Data ss:Type="Number">0.37</Data></Cell>
    <Cell><Data ss:Type="Number">-9.92</Data></Cell>
    <Cell><Data ss:Type="Number">0.21</Data></Cell>
    <Cell><Data ss:Type="Number">-9.39</Data></Cell>
    <Cell><Data ss:Type="Number">0.02</Data></Cell>
    <Cell><Data ss:Type="Number">-0.92</Data></Cell>
    <Cell><Data ss:Type="Number">22.7</Data></Cell>
    <Cell><Data ss:Type="Number">39.5</Data></Cell>
    <Cell><Data ss:Type="Number">0</Data></Cell>
    <Cell><Data ss:Type="Number">0</Data></Cell>
    <Cell><Data ss:Type="String">2023-12-07 16:15:42.257732</Data></Cell>
   </Row>
   <Row>
    <Cell><Data ss:Type="String">1262</Data></Cell>
    <Cell><Data ss:Type="Number">0.57999999999999996</Data></Cell>
    <Cell><Data ss:Type="Number">-10.3</Data></Cell>
    <Cell><Data ss:Type="Number">0.23</Data></Cell>
    <Cell><Data ss:Type="Number">-9.34</Data></Cell>
    <Cell><Data ss:Type="Number">-0.15</Data></Cell>
    <Cell><Data ss:Type="Number">-0.96</Data></Cell>
    <Cell><Data ss:Type="Number">22.7</Data></Cell>
    <Cell><Data ss:Type="Number">39.5</Data></Cell>
    <Cell><Data ss:Type="Number">0</Data></Cell>
    <Cell><Data ss:Type="Number">0</Data></Cell>
    <Cell><Data ss:Type="String">2023-12-07 16:15:42.255187</Data></Cell>
   </Row>
   <Row>
    <Cell><Data ss:Type="String">1261</Data></Cell>
    <Cell><Data ss:Type="Number">0</Data></Cell>
    <Cell><Data ss:Type="Number">-10.37</Data></Cell>
    <Cell><Data ss:Type="Number">0.17</Data></Cell>
    <Cell><Data ss:Type="Number">-9.5</Data></Cell>
    <Cell><Data ss:Type="Number">-0.18</Data></Cell>
    <Cell><Data ss:Type="Number">-0.88</Data></Cell>
    <Cell><Data ss:Type="Number">22.7</Data></Cell>
    <Cell><Data ss:Type="Number">39.5</Data></Cell>
    <Cell><Data ss:Type="Number">0</Data></Cell>
    <Cell><Data ss:Type="Number">0</Data></Cell>
    <Cell><Data ss:Type="String">2023-12-07 16:15:42.252392</Data></Cell>
   </Row>
   <Row>
    <Cell><Data ss:Type="String">1260</Data></Cell>
    <Cell><Data ss:Type="Number">0.13</Data></Cell>
    <Cell><Data ss:Type="Number">-10.4</Data></Cell>
    <Cell><Data ss:Type="Number">0.14000000000000001</Data></Cell>
    <Cell><Data ss:Type="Number">-9.65</Data></Cell>
    <Cell><Data ss:Type="Number">0.04</Data></Cell>
    <Cell><Data ss:Type="Number">-1</Data></Cell>
    <Cell><Data ss:Type="Number">22.7</Data></Cell>
    <Cell><Data ss:Type="Number">39.5</Data></Cell>
    <Cell><Data ss:Type="Number">0</Data></Cell>
    <Cell><Data ss:Type="Number">0</Data></Cell>
    <Cell><Data ss:Type="String">2023-12-07 16:15:42.016638</Data></Cell>
   </Row>
   <Row>
    <Cell><Data ss:Type="String">1259</Data></Cell>
    <Cell><Data ss:Type="Number">0.64</Data></Cell>
    <Cell><Data ss:Type="Number">-10.07</Data></Cell>
    <Cell><Data ss:Type="Number">0.51</Data></Cell>
    <Cell><Data ss:Type="Number">-9.4700000000000006</Data></Cell>
    <Cell><Data ss:Type="Number">0</Data></Cell>
    <Cell><Data ss:Type="Number">-0.86</Data></Cell>
    <Cell><Data ss:Type="Number">22.7</Data></Cell>
    <Cell><Data ss:Type="Number">39.5</Data></Cell>
    <Cell><Data ss:Type="Number">0</Data></Cell>
    <Cell><Data ss:Type="Number">0</Data></Cell>
    <Cell><Data ss:Type="String">2023-12-07 16:15:42.014776</Data></Cell>
   </Row>
   <Row>
    <Cell><Data ss:Type="String">1258</Data></Cell>
    <Cell><Data ss:Type="Number">-0.56999999999999995</Data></Cell>
    <Cell><Data ss:Type="Number">-10.37</Data></Cell>
    <Cell><Data ss:Type="Number">0.09</Data></Cell>
    <Cell><Data ss:Type="Number">-9.27</Data></Cell>
    <Cell><Data ss:Type="Number">-0.36</Data></Cell>
    <Cell><Data ss:Type="Number">-0.95</Data></Cell>
    <Cell><Data ss:Type="Number">22.7</Data></Cell>
    <Cell><Data ss:Type="Number">39.5</Data></Cell>
    <Cell><Data ss:Type="Number">0</Data></Cell>
    <Cell><Data ss:Type="Number">0</Data></Cell>
    <Cell><Data ss:Type="String">2023-12-07 16:15:42.012646</Data></Cell>
   </Row>
   <Row>
    <Cell><Data ss:Type="String">1257</Data></Cell>
    <Cell><Data ss:Type="Number">-0.15</Data></Cell>
    <Cell><Data ss:Type="Number">-9.8699999999999992</Data></Cell>
    <Cell><Data ss:Type="Number">-0.18</Data></Cell>
    <Cell><Data ss:Type="Number">-9.49</Data></Cell>
    <Cell><Data ss:Type="Number">-7.0000000000000007E-2</Data></Cell>
    <Cell><Data ss:Type="Number">-0.96</Data></Cell>
    <Cell><Data ss:Type="Number">22.7</Data></Cell>
    <Cell><Data ss:Type="Number">39.5</Data></Cell>
    <Cell><Data ss:Type="Number">0</Data></Cell>
    <Cell><Data ss:Type="Number">0</Data></Cell>
    <Cell><Data ss:Type="String">2023-12-07 16:15:42.010771</Data></Cell>
   </Row>
   <Row>
    <Cell><Data ss:Type="String">1256</Data></Cell>
    <Cell><Data ss:Type="Number">-0.6</Data></Cell>
    <Cell><Data ss:Type="Number">-10.119999999999999</Data></Cell>
    <Cell><Data ss:Type="Number">-0.44</Data></Cell>
    <Cell><Data ss:Type="Number">-9.51</Data></Cell>
    <Cell><Data ss:Type="Number">0.62</Data></Cell>
    <Cell><Data ss:Type="Number">-0.9</Data></Cell>
    <Cell><Data ss:Type="Number">22.7</Data></Cell>
    <Cell><Data ss:Type="Number">39.5</Data></Cell>
    <Cell><Data ss:Type="Number">0</Data></Cell>
    <Cell><Data ss:Type="Number">0</Data></Cell>
    <Cell><Data ss:Type="String">2023-12-07 16:15:42.008452</Data></Cell>
   </Row>
   <Row>
    <Cell><Data ss:Type="String">1255</Data></Cell>
    <Cell><Data ss:Type="Number">2.5</Data></Cell>
    <Cell><Data ss:Type="Number">-9.86</Data></Cell>
    <Cell><Data ss:Type="Number">1.17</Data></Cell>
    <Cell><Data ss:Type="Number">-9.52</Data></Cell>
    <Cell><Data ss:Type="Number">-0.82</Data></Cell>
    <Cell><Data ss:Type="Number">-0.94</Data></Cell>
    <Cell><Data ss:Type="Number">22.7</Data></Cell>
    <Cell><Data ss:Type="Number">39.5</Data></Cell>
    <Cell><Data ss:Type="Number">0</Data></Cell>
    <Cell><Data ss:Type="Number">0</Data></Cell>
    <Cell><Data ss:Type="String">2023-12-07 16:15:42.006033</Data></Cell>
   </Row>
   <Row>
    <Cell><Data ss:Type="String">1254</Data></Cell>
    <Cell><Data ss:Type="Number">1.98</Data></Cell>
    <Cell><Data ss:Type="Number">-9.07</Data></Cell>
    <Cell><Data ss:Type="Number">1.1100000000000001</Data></Cell>
    <Cell><Data ss:Type="Number">-9.0500000000000007</Data></Cell>
    <Cell><Data ss:Type="Number">-1.27</Data></Cell>
    <Cell><Data ss:Type="Number">-0.56999999999999995</Data></Cell>
    <Cell><Data ss:Type="Number">22.7</Data></Cell>
    <Cell><Data ss:Type="Number">39.5</Data></Cell>
    <Cell><Data ss:Type="Number">0</Data></Cell>
    <Cell><Data ss:Type="Number">0</Data></Cell>
    <Cell><Data ss:Type="String">2023-12-07 16:15:42.003148</Data></Cell>
   </Row>
   <Row>
    <Cell><Data ss:Type="String">1253</Data></Cell>
    <Cell><Data ss:Type="Number">0.35</Data></Cell>
    <Cell><Data ss:Type="Number">-9.52</Data></Cell>
    <Cell><Data ss:Type="Number">-2.4</Data></Cell>
    <Cell><Data ss:Type="Number">-10.31</Data></Cell>
    <Cell><Data ss:Type="Number">1.85</Data></Cell>
    <Cell><Data ss:Type="Number">-1.1599999999999999</Data></Cell>
    <Cell><Data ss:Type="Number">22.7</Data></Cell>
    <Cell><Data ss:Type="Number">39.5</Data></Cell>
    <Cell><Data ss:Type="Number">0</Data></Cell>
    <Cell><Data ss:Type="Number">0</Data></Cell>
    <Cell><Data ss:Type="String">2023-12-07 16:15:41.767797</Data></Cell>
   </Row>
   <Row>
    <Cell><Data ss:Type="String">1252</Data></Cell>
    <Cell><Data ss:Type="Number">0.33</Data></Cell>
    <Cell><Data ss:Type="Number">-10</Data></Cell>
    <Cell><Data ss:Type="Number">0.24</Data></Cell>
    <Cell><Data ss:Type="Number">-9.43</Data></Cell>
    <Cell><Data ss:Type="Number">-0.1</Data></Cell>
    <Cell><Data ss:Type="Number">-0.96</Data></Cell>
    <Cell><Data ss:Type="Number">22.7</Data></Cell>
    <Cell><Data ss:Type="Number">39.5</Data></Cell>
    <Cell><Data ss:Type="Number">0</Data></Cell>
    <Cell><Data ss:Type="Number">0</Data></Cell>
    <Cell><Data ss:Type="String">2023-12-07 16:15:41.765868</Data></Cell>
   </Row>
   <Row>
    <Cell><Data ss:Type="String">1251</Data></Cell>
    <Cell><Data ss:Type="Number">0.31</Data></Cell>
    <Cell><Data ss:Type="Number">-10.14</Data></Cell>
    <Cell><Data ss:Type="Number">0.12</Data></Cell>
    <Cell><Data ss:Type="Number">-9.5500000000000007</Data></Cell>
    <Cell><Data ss:Type="Number">-7.0000000000000007E-2</Data></Cell>
    <Cell><Data ss:Type="Number">-0.9</Data></Cell>
    <Cell><Data ss:Type="Number">22.7</Data></Cell>
    <Cell><Data ss:Type="Number">39.5</Data></Cell>
    <Cell><Data ss:Type="Number">0</Data></Cell>
    <Cell><Data ss:Type="Number">0</Data></Cell>
    <Cell><Data ss:Type="String">2023-12-07 16:15:41.719977</Data></Cell>
   </Row>
   <Row>
    <Cell><Data ss:Type="String">1250</Data></Cell>
    <Cell><Data ss:Type="Number">0.24</Data></Cell>
    <Cell><Data ss:Type="Number">-9.94</Data></Cell>
    <Cell><Data ss:Type="Number">0.1</Data></Cell>
    <Cell><Data ss:Type="Number">-9.44</Data></Cell>
    <Cell><Data ss:Type="Number">-0.06</Data></Cell>
    <Cell><Data ss:Type="Number">-0.95</Data></Cell>
    <Cell><Data ss:Type="Number">22.7</Data></Cell>
    <Cell><Data ss:Type="Number">39.5</Data></Cell>
    <Cell><Data ss:Type="Number">0</Data></Cell>
    <Cell><Data ss:Type="Number">0</Data></Cell>
    <Cell><Data ss:Type="String">2023-12-07 16:15:41.673723</Data></Cell>
   </Row>
   <Row>
    <Cell><Data ss:Type="String">1249</Data></Cell>
    <Cell><Data ss:Type="Number">0.28000000000000003</Data></Cell>
    <Cell><Data ss:Type="Number">-10.02</Data></Cell>
    <Cell><Data ss:Type="Number">0.04</Data></Cell>
    <Cell><Data ss:Type="Number">-9.4600000000000009</Data></Cell>
    <Cell><Data ss:Type="Number">-0.08</Data></Cell>
    <Cell><Data ss:Type="Number">-0.94</Data></Cell>
    <Cell><Data ss:Type="Number">22.7</Data></Cell>
    <Cell><Data ss:Type="Number">39.5</Data></Cell>
    <Cell><Data ss:Type="Number">0</Data></Cell>
    <Cell><Data ss:Type="Number">0</Data></Cell>
    <Cell><Data ss:Type="String">2023-12-07 16:15:41.628944</Data></Cell>
   </Row>
   <Row>
    <Cell><Data ss:Type="String">1248</Data></Cell>
    <Cell><Data ss:Type="Number">0.3</Data></Cell>
    <Cell><Data ss:Type="Number">-10.19</Data></Cell>
    <Cell><Data ss:Type="Number">0.12</Data></Cell>
    <Cell><Data ss:Type="Number">-9.51</Data></Cell>
    <Cell><Data ss:Type="Number">-0.08</Data></Cell>
    <Cell><Data ss:Type="Number">-0.94</Data></Cell>
    <Cell><Data ss:Type="Number">22.7</Data></Cell>
    <Cell><Data ss:Type="Number">39.5</Data></Cell>
    <Cell><Data ss:Type="Number">0</Data></Cell>
    <Cell><Data ss:Type="Number">0</Data></Cell>
    <Cell><Data ss:Type="String">2023-12-07 16:15:41.627281</Data></Cell>
   </Row>
   <Row>
    <Cell><Data ss:Type="String">1247</Data></Cell>
    <Cell><Data ss:Type="Number">0.24</Data></Cell>
    <Cell><Data ss:Type="Number">-10.11</Data></Cell>
    <Cell><Data ss:Type="Number">0.15</Data></Cell>
    <Cell><Data ss:Type="Number">-9.51</Data></Cell>
    <Cell><Data ss:Type="Number">-7.0000000000000007E-2</Data></Cell>
    <Cell><Data ss:Type="Number">-0.91</Data></Cell>
    <Cell><Data ss:Type="Number">22.7</Data></Cell>
    <Cell><Data ss:Type="Number">39.5</Data></Cell>
    <Cell><Data ss:Type="Number">0</Data></Cell>
    <Cell><Data ss:Type="Number">0</Data></Cell>
    <Cell><Data ss:Type="String">2023-12-07 16:15:41.581308</Data></Cell>
   </Row>
   <Row>
    <Cell><Data ss:Type="String">1246</Data></Cell>
    <Cell><Data ss:Type="Number">0.25</Data></Cell>
    <Cell><Data ss:Type="Number">-10.02</Data></Cell>
    <Cell><Data ss:Type="Number">0.17</Data></Cell>
    <Cell><Data ss:Type="Number">-9.43</Data></Cell>
    <Cell><Data ss:Type="Number">-0.06</Data></Cell>
    <Cell><Data ss:Type="Number">-0.93</Data></Cell>
    <Cell><Data ss:Type="Number">22.7</Data></Cell>
    <Cell><Data ss:Type="Number">39.5</Data></Cell>
    <Cell><Data ss:Type="Number">0</Data></Cell>
    <Cell><Data ss:Type="Number">0</Data></Cell>
    <Cell><Data ss:Type="String">2023-12-07 16:15:41.539256</Data></Cell>
   </Row>
   <Row>
    <Cell><Data ss:Type="String">1245</Data></Cell>
    <Cell><Data ss:Type="Number">0.47</Data></Cell>
    <Cell><Data ss:Type="Number">-9.9</Data></Cell>
    <Cell><Data ss:Type="Number">7.0000000000000007E-2</Data></Cell>
    <Cell><Data ss:Type="Number">-9.4499999999999993</Data></Cell>
    <Cell><Data ss:Type="Number">-0.1</Data></Cell>
    <Cell><Data ss:Type="Number">-0.93</Data></Cell>
    <Cell><Data ss:Type="Number">22.7</Data></Cell>
    <Cell><Data ss:Type="Number">39.5</Data></Cell>
    <Cell><Data ss:Type="Number">0</Data></Cell>
    <Cell><Data ss:Type="Number">0</Data></Cell>
    <Cell><Data ss:Type="String">2023-12-07 16:15:41.485939</Data></Cell>
   </Row>
   <Row>
    <Cell><Data ss:Type="String">1244</Data></Cell>
    <Cell><Data ss:Type="Number">0.3</Data></Cell>
    <Cell><Data ss:Type="Number">-10.18</Data></Cell>
    <Cell><Data ss:Type="Number">0.16</Data></Cell>
    <Cell><Data ss:Type="Number">-9.5299999999999994</Data></Cell>
    <Cell><Data ss:Type="Number">-0.08</Data></Cell>
    <Cell><Data ss:Type="Number">-0.92</Data></Cell>
    <Cell><Data ss:Type="Number">22.7</Data></Cell>
    <Cell><Data ss:Type="Number">39.5</Data></Cell>
    <Cell><Data ss:Type="Number">0</Data></Cell>
    <Cell><Data ss:Type="Number">0</Data></Cell>
    <Cell><Data ss:Type="String">2023-12-07 16:15:41.484265</Data></Cell>
   </Row>
   <Row>
    <Cell><Data ss:Type="String">1243</Data></Cell>
    <Cell><Data ss:Type="Number">0.28999999999999998</Data></Cell>
    <Cell><Data ss:Type="Number">-10.210000000000001</Data></Cell>
    <Cell><Data ss:Type="Number">0.25</Data></Cell>
    <Cell><Data ss:Type="Number">-9.5299999999999994</Data></Cell>
    <Cell><Data ss:Type="Number">-7.0000000000000007E-2</Data></Cell>
    <Cell><Data ss:Type="Number">-0.9</Data></Cell>
    <Cell><Data ss:Type="Number">22.7</Data></Cell>
    <Cell><Data ss:Type="Number">39.5</Data></Cell>
    <Cell><Data ss:Type="Number">0</Data></Cell>
    <Cell><Data ss:Type="Number">0</Data></Cell>
    <Cell><Data ss:Type="String">2023-12-07 16:15:41.409122</Data></Cell>
   </Row>
   <Row>
    <Cell><Data ss:Type="String">1242</Data></Cell>
    <Cell><Data ss:Type="Number">0.27</Data></Cell>
    <Cell><Data ss:Type="Number">-10.16</Data></Cell>
    <Cell><Data ss:Type="Number">0.2</Data></Cell>
    <Cell><Data ss:Type="Number">-9.49</Data></Cell>
    <Cell><Data ss:Type="Number">-0.03</Data></Cell>
    <Cell><Data ss:Type="Number">-0.9</Data></Cell>
    <Cell><Data ss:Type="Number">22.7</Data></Cell>
    <Cell><Data ss:Type="Number">39.5</Data></Cell>
    <Cell><Data ss:Type="Number">0</Data></Cell>
    <Cell><Data ss:Type="Number">0</Data></Cell>
    <Cell><Data ss:Type="String">2023-12-07 16:15:41.406821</Data></Cell>
   </Row>
   <Row>
    <Cell><Data ss:Type="String">1241</Data></Cell>
    <Cell><Data ss:Type="Number">0.17</Data></Cell>
    <Cell><Data ss:Type="Number">-9.99</Data></Cell>
    <Cell><Data ss:Type="Number">0.15</Data></Cell>
    <Cell><Data ss:Type="Number">-9.43</Data></Cell>
    <Cell><Data ss:Type="Number">-0.08</Data></Cell>
    <Cell><Data ss:Type="Number">-0.95</Data></Cell>
    <Cell><Data ss:Type="Number">22.7</Data></Cell>
    <Cell><Data ss:Type="Number">39.5</Data></Cell>
    <Cell><Data ss:Type="Number">0</Data></Cell>
    <Cell><Data ss:Type="Number">0</Data></Cell>
    <Cell><Data ss:Type="String">2023-12-07 16:15:41.404457</Data></Cell>
   </Row>
   <Row>
    <Cell><Data ss:Type="String">1240</Data></Cell>
    <Cell><Data ss:Type="Number">0.24</Data></Cell>
    <Cell><Data ss:Type="Number">-10.02</Data></Cell>
    <Cell><Data ss:Type="Number">-0.09</Data></Cell>
    <Cell><Data ss:Type="Number">-9.51</Data></Cell>
    <Cell><Data ss:Type="Number">-0.06</Data></Cell>
    <Cell><Data ss:Type="Number">-0.91</Data></Cell>
    <Cell><Data ss:Type="Number">22.7</Data></Cell>
    <Cell><Data ss:Type="Number">39.5</Data></Cell>
    <Cell><Data ss:Type="Number">0</Data></Cell>
    <Cell><Data ss:Type="Number">0</Data></Cell>
    <Cell><Data ss:Type="String">2023-12-07 16:15:41.304798</Data></Cell>
   </Row>
   <Row>
    <Cell><Data ss:Type="String">1239</Data></Cell>
    <Cell><Data ss:Type="Number">0.34</Data></Cell>
    <Cell><Data ss:Type="Number">-10.210000000000001</Data></Cell>
    <Cell><Data ss:Type="Number">0.18</Data></Cell>
    <Cell><Data ss:Type="Number">-9.5299999999999994</Data></Cell>
    <Cell><Data ss:Type="Number">-0.08</Data></Cell>
    <Cell><Data ss:Type="Number">-0.9</Data></Cell>
    <Cell><Data ss:Type="Number">22.7</Data></Cell>
    <Cell><Data ss:Type="Number">39.5</Data></Cell>
    <Cell><Data ss:Type="Number">0</Data></Cell>
    <Cell><Data ss:Type="Number">0</Data></Cell>
    <Cell><Data ss:Type="String">2023-12-07 16:15:41.302365</Data></Cell>
   </Row>
   <Row>
    <Cell><Data ss:Type="String">1238</Data></Cell>
    <Cell><Data ss:Type="Number">0.28999999999999998</Data></Cell>
    <Cell><Data ss:Type="Number">-10.220000000000001</Data></Cell>
    <Cell><Data ss:Type="Number">0.23</Data></Cell>
    <Cell><Data ss:Type="Number">-9.56</Data></Cell>
    <Cell><Data ss:Type="Number">-0.08</Data></Cell>
    <Cell><Data ss:Type="Number">-0.9</Data></Cell>
    <Cell><Data ss:Type="Number">22.7</Data></Cell>
    <Cell><Data ss:Type="Number">39.5</Data></Cell>
    <Cell><Data ss:Type="Number">0</Data></Cell>
    <Cell><Data ss:Type="Number">0</Data></Cell>
    <Cell><Data ss:Type="String">2023-12-07 16:15:41.300813</Data></Cell>
   </Row>
   <Row>
    <Cell><Data ss:Type="String">1237</Data></Cell>
    <Cell><Data ss:Type="Number">0.25</Data></Cell>
    <Cell><Data ss:Type="Number">-10.09</Data></Cell>
    <Cell><Data ss:Type="Number">0.19</Data></Cell>
    <Cell><Data ss:Type="Number">-9.48</Data></Cell>
    <Cell><Data ss:Type="Number">-0.04</Data></Cell>
    <Cell><Data ss:Type="Number">-0.9</Data></Cell>
    <Cell><Data ss:Type="Number">22.7</Data></Cell>
    <Cell><Data ss:Type="Number">39.5</Data></Cell>
    <Cell><Data ss:Type="Number">0</Data></Cell>
    <Cell><Data ss:Type="Number">0</Data></Cell>
    <Cell><Data ss:Type="String">2023-12-07 16:15:41.299294</Data></Cell>
   </Row>
   <Row>
    <Cell><Data ss:Type="String">1236</Data></Cell>
    <Cell><Data ss:Type="Number">0.1</Data></Cell>
    <Cell><Data ss:Type="Number">-10.08</Data></Cell>
    <Cell><Data ss:Type="Number">0.16</Data></Cell>
    <Cell><Data ss:Type="Number">-9.43</Data></Cell>
    <Cell><Data ss:Type="Number">-7.0000000000000007E-2</Data></Cell>
    <Cell><Data ss:Type="Number">-0.92</Data></Cell>
    <Cell><Data ss:Type="Number">22.7</Data></Cell>
    <Cell><Data ss:Type="Number">39.5</Data></Cell>
    <Cell><Data ss:Type="Number">0</Data></Cell>
    <Cell><Data ss:Type="Number">0</Data></Cell>
    <Cell><Data ss:Type="String">2023-12-07 16:15:41.297821</Data></Cell>
   </Row>
   <Row>
    <Cell><Data ss:Type="String">1235</Data></Cell>
    <Cell><Data ss:Type="Number">0.28000000000000003</Data></Cell>
    <Cell><Data ss:Type="Number">-10.07</Data></Cell>
    <Cell><Data ss:Type="Number">0.19</Data></Cell>
    <Cell><Data ss:Type="Number">-9.43</Data></Cell>
    <Cell><Data ss:Type="Number">-0.08</Data></Cell>
    <Cell><Data ss:Type="Number">-0.95</Data></Cell>
    <Cell><Data ss:Type="Number">22.7</Data></Cell>
    <Cell><Data ss:Type="Number">39.5</Data></Cell>
    <Cell><Data ss:Type="Number">0</Data></Cell>
    <Cell><Data ss:Type="Number">0</Data></Cell>
    <Cell><Data ss:Type="String">2023-12-07 16:15:41.296200</Data></Cell>
   </Row>
   <Row>
    <Cell><Data ss:Type="String">1234</Data></Cell>
    <Cell><Data ss:Type="Number">0.28000000000000003</Data></Cell>
    <Cell><Data ss:Type="Number">-10.18</Data></Cell>
    <Cell><Data ss:Type="Number">0.13</Data></Cell>
    <Cell><Data ss:Type="Number">-9.52</Data></Cell>
    <Cell><Data ss:Type="Number">-0.08</Data></Cell>
    <Cell><Data ss:Type="Number">-0.92</Data></Cell>
    <Cell><Data ss:Type="Number">22.7</Data></Cell>
    <Cell><Data ss:Type="Number">39.5</Data></Cell>
    <Cell><Data ss:Type="Number">0</Data></Cell>
    <Cell><Data ss:Type="Number">0</Data></Cell>
    <Cell><Data ss:Type="String">2023-12-07 16:15:41.294564</Data></Cell>
   </Row>
   <Row>
    <Cell><Data ss:Type="String">1233</Data></Cell>
    <Cell><Data ss:Type="Number">0.35</Data></Cell>
    <Cell><Data ss:Type="Number">-10.210000000000001</Data></Cell>
    <Cell><Data ss:Type="Number">0.32</Data></Cell>
    <Cell><Data ss:Type="Number">-9.5399999999999991</Data></Cell>
    <Cell><Data ss:Type="Number">-0.08</Data></Cell>
    <Cell><Data ss:Type="Number">-0.93</Data></Cell>
    <Cell><Data ss:Type="Number">22.7</Data></Cell>
    <Cell><Data ss:Type="Number">39.5</Data></Cell>
    <Cell><Data ss:Type="Number">0</Data></Cell>
    <Cell><Data ss:Type="Number">0</Data></Cell>
    <Cell><Data ss:Type="String">2023-12-07 16:15:41.064286</Data></Cell>
   </Row>
   <Row>
    <Cell><Data ss:Type="String">1232</Data></Cell>
    <Cell><Data ss:Type="Number">0.23</Data></Cell>
    <Cell><Data ss:Type="Number">-10.039999999999999</Data></Cell>
    <Cell><Data ss:Type="Number">0.16</Data></Cell>
    <Cell><Data ss:Type="Number">-9.48</Data></Cell>
    <Cell><Data ss:Type="Number">-0.05</Data></Cell>
    <Cell><Data ss:Type="Number">-0.91</Data></Cell>
    <Cell><Data ss:Type="Number">22.7</Data></Cell>
    <Cell><Data ss:Type="Number">39.5</Data></Cell>
    <Cell><Data ss:Type="Number">0</Data></Cell>
    <Cell><Data ss:Type="Number">0</Data></Cell>
    <Cell><Data ss:Type="String">2023-12-07 16:15:41.026421</Data></Cell>
   </Row>
   <Row>
    <Cell><Data ss:Type="String">1231</Data></Cell>
    <Cell><Data ss:Type="Number">0.3</Data></Cell>
    <Cell><Data ss:Type="Number">-10.050000000000001</Data></Cell>
    <Cell><Data ss:Type="Number">0.11</Data></Cell>
    <Cell><Data ss:Type="Number">-9.44</Data></Cell>
    <Cell><Data ss:Type="Number">-0.09</Data></Cell>
    <Cell><Data ss:Type="Number">-0.95</Data></Cell>
    <Cell><Data ss:Type="Number">22.7</Data></Cell>
    <Cell><Data ss:Type="Number">39.5</Data></Cell>
    <Cell><Data ss:Type="Number">0</Data></Cell>
    <Cell><Data ss:Type="Number">0</Data></Cell>
    <Cell><Data ss:Type="String">2023-12-07 16:15:41.024515</Data></Cell>
   </Row>
   <Row>
    <Cell><Data ss:Type="String">1230</Data></Cell>
    <Cell><Data ss:Type="Number">0.26</Data></Cell>
    <Cell><Data ss:Type="Number">-9.94</Data></Cell>
    <Cell><Data ss:Type="Number">0.1</Data></Cell>
    <Cell><Data ss:Type="Number">-9.41</Data></Cell>
    <Cell><Data ss:Type="Number">-0.08</Data></Cell>
    <Cell><Data ss:Type="Number">-0.96</Data></Cell>
    <Cell><Data ss:Type="Number">22.7</Data></Cell>
    <Cell><Data ss:Type="Number">39.5</Data></Cell>
    <Cell><Data ss:Type="Number">0</Data></Cell>
    <Cell><Data ss:Type="Number">0</Data></Cell>
    <Cell><Data ss:Type="String">2023-12-07 16:15:41.022433</Data></Cell>
   </Row>
   <Row>
    <Cell><Data ss:Type="String">1229</Data></Cell>
    <Cell><Data ss:Type="Number">0.33</Data></Cell>
    <Cell><Data ss:Type="Number">-10.06</Data></Cell>
    <Cell><Data ss:Type="Number">-0.01</Data></Cell>
    <Cell><Data ss:Type="Number">-9.52</Data></Cell>
    <Cell><Data ss:Type="Number">-0.09</Data></Cell>
    <Cell><Data ss:Type="Number">-0.92</Data></Cell>
    <Cell><Data ss:Type="Number">22.7</Data></Cell>
    <Cell><Data ss:Type="Number">39.5</Data></Cell>
    <Cell><Data ss:Type="Number">0</Data></Cell>
    <Cell><Data ss:Type="Number">0</Data></Cell>
    <Cell><Data ss:Type="String">2023-12-07 16:15:41.020362</Data></Cell>
   </Row>
   <Row>
    <Cell><Data ss:Type="String">1228</Data></Cell>
    <Cell><Data ss:Type="Number">0.28000000000000003</Data></Cell>
    <Cell><Data ss:Type="Number">-10.29</Data></Cell>
    <Cell><Data ss:Type="Number">0.21</Data></Cell>
    <Cell><Data ss:Type="Number">-9.5500000000000007</Data></Cell>
    <Cell><Data ss:Type="Number">-7.0000000000000007E-2</Data></Cell>
    <Cell><Data ss:Type="Number">-0.89</Data></Cell>
    <Cell><Data ss:Type="Number">22.7</Data></Cell>
    <Cell><Data ss:Type="Number">39.5</Data></Cell>
    <Cell><Data ss:Type="Number">0</Data></Cell>
    <Cell><Data ss:Type="Number">0</Data></Cell>
    <Cell><Data ss:Type="String">2023-12-07 16:15:41.018484</Data></Cell>
   </Row>
   <Row>
    <Cell><Data ss:Type="String">1227</Data></Cell>
    <Cell><Data ss:Type="Number">0.28000000000000003</Data></Cell>
    <Cell><Data ss:Type="Number">-10.19</Data></Cell>
    <Cell><Data ss:Type="Number">0.19</Data></Cell>
    <Cell><Data ss:Type="Number">-9.48</Data></Cell>
    <Cell><Data ss:Type="Number">-0.04</Data></Cell>
    <Cell><Data ss:Type="Number">-0.87</Data></Cell>
    <Cell><Data ss:Type="Number">22.7</Data></Cell>
    <Cell><Data ss:Type="Number">39.5</Data></Cell>
    <Cell><Data ss:Type="Number">0</Data></Cell>
    <Cell><Data ss:Type="Number">0</Data></Cell>
    <Cell><Data ss:Type="String">2023-12-07 16:15:41.017065</Data></Cell>
   </Row>
   <Row>
    <Cell><Data ss:Type="String">1226</Data></Cell>
    <Cell><Data ss:Type="Number">0.2</Data></Cell>
    <Cell><Data ss:Type="Number">-10.130000000000001</Data></Cell>
    <Cell><Data ss:Type="Number">0.19</Data></Cell>
    <Cell><Data ss:Type="Number">-9.4700000000000006</Data></Cell>
    <Cell><Data ss:Type="Number">-0.1</Data></Cell>
    <Cell><Data ss:Type="Number">-0.93</Data></Cell>
    <Cell><Data ss:Type="Number">22.7</Data></Cell>
    <Cell><Data ss:Type="Number">39.5</Data></Cell>
    <Cell><Data ss:Type="Number">0</Data></Cell>
    <Cell><Data ss:Type="Number">0</Data></Cell>
    <Cell><Data ss:Type="String">2023-12-07 16:15:41.015573</Data></Cell>
   </Row>
   <Row>
    <Cell><Data ss:Type="String">1225</Data></Cell>
    <Cell><Data ss:Type="Number">0.22</Data></Cell>
    <Cell><Data ss:Type="Number">-10</Data></Cell>
    <Cell><Data ss:Type="Number">0.02</Data></Cell>
    <Cell><Data ss:Type="Number">-9.41</Data></Cell>
    <Cell><Data ss:Type="Number">-0.06</Data></Cell>
    <Cell><Data ss:Type="Number">-0.92</Data></Cell>
    <Cell><Data ss:Type="Number">22.7</Data></Cell>
    <Cell><Data ss:Type="Number">39.5</Data></Cell>
    <Cell><Data ss:Type="Number">0</Data></Cell>
    <Cell><Data ss:Type="Number">0</Data></Cell>
    <Cell><Data ss:Type="String">2023-12-07 16:15:40.791488</Data></Cell>
   </Row>
   <Row>
    <Cell><Data ss:Type="String">1224</Data></Cell>
    <Cell><Data ss:Type="Number">0.26</Data></Cell>
    <Cell><Data ss:Type="Number">-10.09</Data></Cell>
    <Cell><Data ss:Type="Number">0.13</Data></Cell>
    <Cell><Data ss:Type="Number">-9.48</Data></Cell>
    <Cell><Data ss:Type="Number">-0.09</Data></Cell>
    <Cell><Data ss:Type="Number">-0.96</Data></Cell>
    <Cell><Data ss:Type="Number">22.7</Data></Cell>
    <Cell><Data ss:Type="Number">39.5</Data></Cell>
    <Cell><Data ss:Type="Number">0</Data></Cell>
    <Cell><Data ss:Type="Number">0</Data></Cell>
    <Cell><Data ss:Type="String">2023-12-07 16:15:40.789117</Data></Cell>
   </Row>
   <Row>
    <Cell><Data ss:Type="String">1223</Data></Cell>
    <Cell><Data ss:Type="Number">0.28000000000000003</Data></Cell>
    <Cell><Data ss:Type="Number">-10.24</Data></Cell>
    <Cell><Data ss:Type="Number">0.19</Data></Cell>
    <Cell><Data ss:Type="Number">-9.56</Data></Cell>
    <Cell><Data ss:Type="Number">-0.08</Data></Cell>
    <Cell><Data ss:Type="Number">-0.88</Data></Cell>
    <Cell><Data ss:Type="Number">22.7</Data></Cell>
    <Cell><Data ss:Type="Number">39.5</Data></Cell>
    <Cell><Data ss:Type="Number">0</Data></Cell>
    <Cell><Data ss:Type="Number">0</Data></Cell>
    <Cell><Data ss:Type="String">2023-12-07 16:15:40.785824</Data></Cell>
   </Row>
   <Row>
    <Cell><Data ss:Type="String">1222</Data></Cell>
    <Cell><Data ss:Type="Number">0.26</Data></Cell>
    <Cell><Data ss:Type="Number">-10.119999999999999</Data></Cell>
    <Cell><Data ss:Type="Number">0.21</Data></Cell>
    <Cell><Data ss:Type="Number">-9.48</Data></Cell>
    <Cell><Data ss:Type="Number">-0.06</Data></Cell>
    <Cell><Data ss:Type="Number">-0.92</Data></Cell>
    <Cell><Data ss:Type="Number">22.7</Data></Cell>
    <Cell><Data ss:Type="Number">39.5</Data></Cell>
    <Cell><Data ss:Type="Number">0</Data></Cell>
    <Cell><Data ss:Type="Number">0</Data></Cell>
    <Cell><Data ss:Type="String">2023-12-07 16:15:40.692014</Data></Cell>
   </Row>
   <Row>
    <Cell><Data ss:Type="String">1221</Data></Cell>
    <Cell><Data ss:Type="Number">0.26</Data></Cell>
    <Cell><Data ss:Type="Number">-10.050000000000001</Data></Cell>
    <Cell><Data ss:Type="Number">0.19</Data></Cell>
    <Cell><Data ss:Type="Number">-9.42</Data></Cell>
    <Cell><Data ss:Type="Number">-0.06</Data></Cell>
    <Cell><Data ss:Type="Number">-0.93</Data></Cell>
    <Cell><Data ss:Type="Number">22.7</Data></Cell>
    <Cell><Data ss:Type="Number">39.5</Data></Cell>
    <Cell><Data ss:Type="Number">0</Data></Cell>
    <Cell><Data ss:Type="Number">0</Data></Cell>
    <Cell><Data ss:Type="String">2023-12-07 16:15:40.690419</Data></Cell>
   </Row>
   <Row>
    <Cell><Data ss:Type="String">1220</Data></Cell>
    <Cell><Data ss:Type="Number">0.27</Data></Cell>
    <Cell><Data ss:Type="Number">-9.9700000000000006</Data></Cell>
    <Cell><Data ss:Type="Number">0.08</Data></Cell>
    <Cell><Data ss:Type="Number">-9.4499999999999993</Data></Cell>
    <Cell><Data ss:Type="Number">-0.06</Data></Cell>
    <Cell><Data ss:Type="Number">-0.95</Data></Cell>
    <Cell><Data ss:Type="Number">22.7</Data></Cell>
    <Cell><Data ss:Type="Number">39.5</Data></Cell>
    <Cell><Data ss:Type="Number">0</Data></Cell>
    <Cell><Data ss:Type="Number">0</Data></Cell>
    <Cell><Data ss:Type="String">2023-12-07 16:15:40.643979</Data></Cell>
   </Row>
   <Row>
    <Cell><Data ss:Type="String">1219</Data></Cell>
    <Cell><Data ss:Type="Number">0.35</Data></Cell>
    <Cell><Data ss:Type="Number">-10.119999999999999</Data></Cell>
    <Cell><Data ss:Type="Number">0.15</Data></Cell>
    <Cell><Data ss:Type="Number">-9.49</Data></Cell>
    <Cell><Data ss:Type="Number">-0.11</Data></Cell>
    <Cell><Data ss:Type="Number">-0.93</Data></Cell>
    <Cell><Data ss:Type="Number">22.7</Data></Cell>
    <Cell><Data ss:Type="Number">39.5</Data></Cell>
    <Cell><Data ss:Type="Number">0</Data></Cell>
    <Cell><Data ss:Type="Number">0</Data></Cell>
    <Cell><Data ss:Type="String">2023-12-07 16:15:40.598064</Data></Cell>
   </Row>
   <Row>
    <Cell><Data ss:Type="String">1218</Data></Cell>
    <Cell><Data ss:Type="Number">0.28999999999999998</Data></Cell>
    <Cell><Data ss:Type="Number">-10.199999999999999</Data></Cell>
    <Cell><Data ss:Type="Number">0.14000000000000001</Data></Cell>
    <Cell><Data ss:Type="Number">-9.5399999999999991</Data></Cell>
    <Cell><Data ss:Type="Number">-7.0000000000000007E-2</Data></Cell>
    <Cell><Data ss:Type="Number">-0.9</Data></Cell>
    <Cell><Data ss:Type="Number">22.7</Data></Cell>
    <Cell><Data ss:Type="Number">39.5</Data></Cell>
    <Cell><Data ss:Type="Number">0</Data></Cell>
    <Cell><Data ss:Type="Number">0</Data></Cell>
    <Cell><Data ss:Type="String">2023-12-07 16:15:40.552763</Data></Cell>
   </Row>
   <Row>
    <Cell><Data ss:Type="String">1217</Data></Cell>
    <Cell><Data ss:Type="Number">0.26</Data></Cell>
    <Cell><Data ss:Type="Number">-10.220000000000001</Data></Cell>
    <Cell><Data ss:Type="Number">0.06</Data></Cell>
    <Cell><Data ss:Type="Number">-9.49</Data></Cell>
    <Cell><Data ss:Type="Number">-0.04</Data></Cell>
    <Cell><Data ss:Type="Number">-0.9</Data></Cell>
    <Cell><Data ss:Type="Number">22.7</Data></Cell>
    <Cell><Data ss:Type="Number">39.5</Data></Cell>
    <Cell><Data ss:Type="Number">0</Data></Cell>
    <Cell><Data ss:Type="Number">0</Data></Cell>
    <Cell><Data ss:Type="String">2023-12-07 16:15:40.550937</Data></Cell>
   </Row>
   <Row>
    <Cell><Data ss:Type="String">1216</Data></Cell>
    <Cell><Data ss:Type="Number">0.28000000000000003</Data></Cell>
    <Cell><Data ss:Type="Number">-10.029999999999999</Data></Cell>
    <Cell><Data ss:Type="Number">0.1</Data></Cell>
    <Cell><Data ss:Type="Number">-9.43</Data></Cell>
    <Cell><Data ss:Type="Number">-0.09</Data></Cell>
    <Cell><Data ss:Type="Number">-0.93</Data></Cell>
    <Cell><Data ss:Type="Number">22.7</Data></Cell>
    <Cell><Data ss:Type="Number">39.5</Data></Cell>
    <Cell><Data ss:Type="Number">0</Data></Cell>
    <Cell><Data ss:Type="Number">0</Data></Cell>
    <Cell><Data ss:Type="String">2023-12-07 16:15:40.505831</Data></Cell>
   </Row>
   <Row>
    <Cell><Data ss:Type="String">1215</Data></Cell>
    <Cell><Data ss:Type="Number">0.3</Data></Cell>
    <Cell><Data ss:Type="Number">-9.99</Data></Cell>
    <Cell><Data ss:Type="Number">0.03</Data></Cell>
    <Cell><Data ss:Type="Number">-9.44</Data></Cell>
    <Cell><Data ss:Type="Number">-7.0000000000000007E-2</Data></Cell>
    <Cell><Data ss:Type="Number">-0.9</Data></Cell>
    <Cell><Data ss:Type="Number">22.7</Data></Cell>
    <Cell><Data ss:Type="Number">39.5</Data></Cell>
    <Cell><Data ss:Type="Number">0</Data></Cell>
    <Cell><Data ss:Type="Number">0</Data></Cell>
    <Cell><Data ss:Type="String">2023-12-07 16:15:40.460273</Data></Cell>
   </Row>
   <Row>
    <Cell><Data ss:Type="String">1214</Data></Cell>
    <Cell><Data ss:Type="Number">0.32</Data></Cell>
    <Cell><Data ss:Type="Number">-10.19</Data></Cell>
    <Cell><Data ss:Type="Number">0.13</Data></Cell>
    <Cell><Data ss:Type="Number">-9.5500000000000007</Data></Cell>
    <Cell><Data ss:Type="Number">-0.1</Data></Cell>
    <Cell><Data ss:Type="Number">-0.93</Data></Cell>
    <Cell><Data ss:Type="Number">22.7</Data></Cell>
    <Cell><Data ss:Type="Number">39.5</Data></Cell>
    <Cell><Data ss:Type="Number">0</Data></Cell>
    <Cell><Data ss:Type="Number">0</Data></Cell>
    <Cell><Data ss:Type="String">2023-12-07 16:15:40.458574</Data></Cell>
   </Row>
   <Row>
    <Cell><Data ss:Type="String">1213</Data></Cell>
    <Cell><Data ss:Type="Number">0.22</Data></Cell>
    <Cell><Data ss:Type="Number">-10.220000000000001</Data></Cell>
    <Cell><Data ss:Type="Number">0.18</Data></Cell>
    <Cell><Data ss:Type="Number">-9.5500000000000007</Data></Cell>
    <Cell><Data ss:Type="Number">-7.0000000000000007E-2</Data></Cell>
    <Cell><Data ss:Type="Number">-0.87</Data></Cell>
    <Cell><Data ss:Type="Number">22.7</Data></Cell>
    <Cell><Data ss:Type="Number">39.5</Data></Cell>
    <Cell><Data ss:Type="Number">0</Data></Cell>
    <Cell><Data ss:Type="Number">0</Data></Cell>
    <Cell><Data ss:Type="String">2023-12-07 16:15:40.412857</Data></Cell>
   </Row>
   <Row>
    <Cell><Data ss:Type="String">1212</Data></Cell>
    <Cell><Data ss:Type="Number">0.25</Data></Cell>
    <Cell><Data ss:Type="Number">-9.99</Data></Cell>
    <Cell><Data ss:Type="Number">0.09</Data></Cell>
    <Cell><Data ss:Type="Number">-9.4600000000000009</Data></Cell>
    <Cell><Data ss:Type="Number">-0.05</Data></Cell>
    <Cell><Data ss:Type="Number">-0.93</Data></Cell>
    <Cell><Data ss:Type="Number">22.7</Data></Cell>
    <Cell><Data ss:Type="Number">39.5</Data></Cell>
    <Cell><Data ss:Type="Number">0</Data></Cell>
    <Cell><Data ss:Type="Number">0</Data></Cell>
    <Cell><Data ss:Type="String">2023-12-07 16:15:40.366022</Data></Cell>
   </Row>
   <Row>
    <Cell><Data ss:Type="String">1211</Data></Cell>
    <Cell><Data ss:Type="Number">0.3</Data></Cell>
    <Cell><Data ss:Type="Number">-9.99</Data></Cell>
    <Cell><Data ss:Type="Number">0.11</Data></Cell>
    <Cell><Data ss:Type="Number">-9.44</Data></Cell>
    <Cell><Data ss:Type="Number">-7.0000000000000007E-2</Data></Cell>
    <Cell><Data ss:Type="Number">-0.91</Data></Cell>
    <Cell><Data ss:Type="Number">22.7</Data></Cell>
    <Cell><Data ss:Type="Number">39.5</Data></Cell>
    <Cell><Data ss:Type="Number">0</Data></Cell>
    <Cell><Data ss:Type="Number">0</Data></Cell>
    <Cell><Data ss:Type="String">2023-12-07 16:15:40.324135</Data></Cell>
   </Row>
   <Row>
    <Cell><Data ss:Type="String">1210</Data></Cell>
    <Cell><Data ss:Type="Number">0.25</Data></Cell>
    <Cell><Data ss:Type="Number">-9.9700000000000006</Data></Cell>
    <Cell><Data ss:Type="Number">-0.04</Data></Cell>
    <Cell><Data ss:Type="Number">-9.4700000000000006</Data></Cell>
    <Cell><Data ss:Type="Number">-7.0000000000000007E-2</Data></Cell>
    <Cell><Data ss:Type="Number">-0.92</Data></Cell>
    <Cell><Data ss:Type="Number">22.7</Data></Cell>
    <Cell><Data ss:Type="Number">39.5</Data></Cell>
    <Cell><Data ss:Type="Number">0</Data></Cell>
    <Cell><Data ss:Type="Number">0</Data></Cell>
    <Cell><Data ss:Type="String">2023-12-07 16:15:40.322246</Data></Cell>
   </Row>
   <Row>
    <Cell><Data ss:Type="String">1209</Data></Cell>
    <Cell><Data ss:Type="Number">0.27</Data></Cell>
    <Cell><Data ss:Type="Number">-10.119999999999999</Data></Cell>
    <Cell><Data ss:Type="Number">0.11</Data></Cell>
    <Cell><Data ss:Type="Number">-9.5299999999999994</Data></Cell>
    <Cell><Data ss:Type="Number">-7.0000000000000007E-2</Data></Cell>
    <Cell><Data ss:Type="Number">-0.93</Data></Cell>
    <Cell><Data ss:Type="Number">22.7</Data></Cell>
    <Cell><Data ss:Type="Number">39.5</Data></Cell>
    <Cell><Data ss:Type="Number">0</Data></Cell>
    <Cell><Data ss:Type="Number">0</Data></Cell>
    <Cell><Data ss:Type="String">2023-12-07 16:15:40.274163</Data></Cell>
   </Row>
   <Row>
    <Cell><Data ss:Type="String">1208</Data></Cell>
    <Cell><Data ss:Type="Number">0.26</Data></Cell>
    <Cell><Data ss:Type="Number">-10.06</Data></Cell>
    <Cell><Data ss:Type="Number">0.16</Data></Cell>
    <Cell><Data ss:Type="Number">-9.5299999999999994</Data></Cell>
    <Cell><Data ss:Type="Number">-7.0000000000000007E-2</Data></Cell>
    <Cell><Data ss:Type="Number">-0.92</Data></Cell>
    <Cell><Data ss:Type="Number">22.7</Data></Cell>
    <Cell><Data ss:Type="Number">39.5</Data></Cell>
    <Cell><Data ss:Type="Number">0</Data></Cell>
    <Cell><Data ss:Type="Number">0</Data></Cell>
    <Cell><Data ss:Type="String">2023-12-07 16:15:40.226467</Data></Cell>
   </Row>
   <Row>
    <Cell><Data ss:Type="String">1207</Data></Cell>
    <Cell><Data ss:Type="Number">0.34</Data></Cell>
    <Cell><Data ss:Type="Number">-10.15</Data></Cell>
    <Cell><Data ss:Type="Number">0.24</Data></Cell>
    <Cell><Data ss:Type="Number">-9.5299999999999994</Data></Cell>
    <Cell><Data ss:Type="Number">-0.09</Data></Cell>
    <Cell><Data ss:Type="Number">-0.9</Data></Cell>
    <Cell><Data ss:Type="Number">22.7</Data></Cell>
    <Cell><Data ss:Type="Number">39.5</Data></Cell>
    <Cell><Data ss:Type="Number">0</Data></Cell>
    <Cell><Data ss:Type="Number">0</Data></Cell>
    <Cell><Data ss:Type="String">2023-12-07 16:15:40.182149</Data></Cell>
   </Row>
   <Row>
    <Cell><Data ss:Type="String">1206</Data></Cell>
    <Cell><Data ss:Type="Number">0.25</Data></Cell>
    <Cell><Data ss:Type="Number">-10.119999999999999</Data></Cell>
    <Cell><Data ss:Type="Number">0.16</Data></Cell>
    <Cell><Data ss:Type="Number">-9.4499999999999993</Data></Cell>
    <Cell><Data ss:Type="Number">-0.05</Data></Cell>
    <Cell><Data ss:Type="Number">-0.93</Data></Cell>
    <Cell><Data ss:Type="Number">22.7</Data></Cell>
    <Cell><Data ss:Type="Number">39.5</Data></Cell>
    <Cell><Data ss:Type="Number">0</Data></Cell>
    <Cell><Data ss:Type="Number">0</Data></Cell>
    <Cell><Data ss:Type="String">2023-12-07 16:15:40.180684</Data></Cell>
   </Row>
   <Row>
    <Cell><Data ss:Type="String">1205</Data></Cell>
    <Cell><Data ss:Type="Number">0.19</Data></Cell>
    <Cell><Data ss:Type="Number">-9.98</Data></Cell>
    <Cell><Data ss:Type="Number">0.15</Data></Cell>
    <Cell><Data ss:Type="Number">-9.42</Data></Cell>
    <Cell><Data ss:Type="Number">-7.0000000000000007E-2</Data></Cell>
    <Cell><Data ss:Type="Number">-0.97</Data></Cell>
    <Cell><Data ss:Type="Number">22.7</Data></Cell>
    <Cell><Data ss:Type="Number">39.5</Data></Cell>
    <Cell><Data ss:Type="Number">0</Data></Cell>
    <Cell><Data ss:Type="Number">0</Data></Cell>
    <Cell><Data ss:Type="String">2023-12-07 16:15:40.134977</Data></Cell>
   </Row>
   <Row>
    <Cell><Data ss:Type="String">1204</Data></Cell>
    <Cell><Data ss:Type="Number">0.28000000000000003</Data></Cell>
    <Cell><Data ss:Type="Number">-10.050000000000001</Data></Cell>
    <Cell><Data ss:Type="Number">0.09</Data></Cell>
    <Cell><Data ss:Type="Number">-9.4499999999999993</Data></Cell>
    <Cell><Data ss:Type="Number">-7.0000000000000007E-2</Data></Cell>
    <Cell><Data ss:Type="Number">-0.94</Data></Cell>
    <Cell><Data ss:Type="Number">22.7</Data></Cell>
    <Cell><Data ss:Type="Number">39.5</Data></Cell>
    <Cell><Data ss:Type="Number">0</Data></Cell>
    <Cell><Data ss:Type="Number">0</Data></Cell>
    <Cell><Data ss:Type="String">2023-12-07 16:15:40.090466</Data></Cell>
   </Row>
   <Row>
    <Cell><Data ss:Type="String">1203</Data></Cell>
    <Cell><Data ss:Type="Number">0.28999999999999998</Data></Cell>
    <Cell><Data ss:Type="Number">-10.119999999999999</Data></Cell>
    <Cell><Data ss:Type="Number">0.14000000000000001</Data></Cell>
    <Cell><Data ss:Type="Number">-9.52</Data></Cell>
    <Cell><Data ss:Type="Number">-7.0000000000000007E-2</Data></Cell>
    <Cell><Data ss:Type="Number">-0.93</Data></Cell>
    <Cell><Data ss:Type="Number">22.7</Data></Cell>
    <Cell><Data ss:Type="Number">39.5</Data></Cell>
    <Cell><Data ss:Type="Number">0</Data></Cell>
    <Cell><Data ss:Type="Number">0</Data></Cell>
    <Cell><Data ss:Type="String">2023-12-07 16:15:40.045075</Data></Cell>
   </Row>
   <Row>
    <Cell><Data ss:Type="String">1202</Data></Cell>
    <Cell><Data ss:Type="Number">0.3</Data></Cell>
    <Cell><Data ss:Type="Number">-10.17</Data></Cell>
    <Cell><Data ss:Type="Number">0.21</Data></Cell>
    <Cell><Data ss:Type="Number">-9.5299999999999994</Data></Cell>
    <Cell><Data ss:Type="Number">-0.08</Data></Cell>
    <Cell><Data ss:Type="Number">-0.87</Data></Cell>
    <Cell><Data ss:Type="Number">22.7</Data></Cell>
    <Cell><Data ss:Type="Number">39.5</Data></Cell>
    <Cell><Data ss:Type="Number">0</Data></Cell>
    <Cell><Data ss:Type="Number">0</Data></Cell>
    <Cell><Data ss:Type="String">2023-12-07 16:15:40.043648</Data></Cell>
   </Row>
   <Row>
    <Cell><Data ss:Type="String">1201</Data></Cell>
    <Cell><Data ss:Type="Number">0.22</Data></Cell>
    <Cell><Data ss:Type="Number">-10.07</Data></Cell>
    <Cell><Data ss:Type="Number">0.12</Data></Cell>
    <Cell><Data ss:Type="Number">-9.44</Data></Cell>
    <Cell><Data ss:Type="Number">-0.04</Data></Cell>
    <Cell><Data ss:Type="Number">-0.94</Data></Cell>
    <Cell><Data ss:Type="Number">22.7</Data></Cell>
    <Cell><Data ss:Type="Number">39.5</Data></Cell>
    <Cell><Data ss:Type="Number">0</Data></Cell>
    <Cell><Data ss:Type="Number">0</Data></Cell>
    <Cell><Data ss:Type="String">2023-12-07 16:15:39.998217</Data></Cell>
   </Row>
   <Row>
    <Cell><Data ss:Type="String">1200</Data></Cell>
    <Cell><Data ss:Type="Number">0.28999999999999998</Data></Cell>
    <Cell><Data ss:Type="Number">-9.91</Data></Cell>
    <Cell><Data ss:Type="Number">0.18</Data></Cell>
    <Cell><Data ss:Type="Number">-9.43</Data></Cell>
    <Cell><Data ss:Type="Number">-0.08</Data></Cell>
    <Cell><Data ss:Type="Number">-0.95</Data></Cell>
    <Cell><Data ss:Type="Number">22.7</Data></Cell>
    <Cell><Data ss:Type="Number">39.5</Data></Cell>
    <Cell><Data ss:Type="Number">0</Data></Cell>
    <Cell><Data ss:Type="Number">0</Data></Cell>
    <Cell><Data ss:Type="String">2023-12-07 16:15:39.952804</Data></Cell>
   </Row>
   <Row>
    <Cell><Data ss:Type="String">1199</Data></Cell>
    <Cell><Data ss:Type="Number">0.25</Data></Cell>
    <Cell><Data ss:Type="Number">-10.130000000000001</Data></Cell>
    <Cell><Data ss:Type="Number">0.13</Data></Cell>
    <Cell><Data ss:Type="Number">-9.51</Data></Cell>
    <Cell><Data ss:Type="Number">-7.0000000000000007E-2</Data></Cell>
    <Cell><Data ss:Type="Number">-0.91</Data></Cell>
    <Cell><Data ss:Type="Number">22.7</Data></Cell>
    <Cell><Data ss:Type="Number">39.5</Data></Cell>
    <Cell><Data ss:Type="Number">0</Data></Cell>
    <Cell><Data ss:Type="Number">0</Data></Cell>
    <Cell><Data ss:Type="String">2023-12-07 16:15:39.951196</Data></Cell>
   </Row>
   <Row>
    <Cell><Data ss:Type="String">1198</Data></Cell>
    <Cell><Data ss:Type="Number">0.35</Data></Cell>
    <Cell><Data ss:Type="Number">-10.15</Data></Cell>
    <Cell><Data ss:Type="Number">0.15</Data></Cell>
    <Cell><Data ss:Type="Number">-9.56</Data></Cell>
    <Cell><Data ss:Type="Number">-0.09</Data></Cell>
    <Cell><Data ss:Type="Number">-0.92</Data></Cell>
    <Cell><Data ss:Type="Number">22.7</Data></Cell>
    <Cell><Data ss:Type="Number">39.5</Data></Cell>
    <Cell><Data ss:Type="Number">0</Data></Cell>
    <Cell><Data ss:Type="Number">0</Data></Cell>
    <Cell><Data ss:Type="String">2023-12-07 16:15:39.905875</Data></Cell>
   </Row>
   <Row>
    <Cell><Data ss:Type="String">1197</Data></Cell>
    <Cell><Data ss:Type="Number">0.35</Data></Cell>
    <Cell><Data ss:Type="Number">-10.210000000000001</Data></Cell>
    <Cell><Data ss:Type="Number">0.42</Data></Cell>
    <Cell><Data ss:Type="Number">-9.48</Data></Cell>
    <Cell><Data ss:Type="Number">-7.0000000000000007E-2</Data></Cell>
    <Cell><Data ss:Type="Number">-0.87</Data></Cell>
    <Cell><Data ss:Type="Number">22.7</Data></Cell>
    <Cell><Data ss:Type="Number">39.5</Data></Cell>
    <Cell><Data ss:Type="Number">0</Data></Cell>
    <Cell><Data ss:Type="Number">0</Data></Cell>
    <Cell><Data ss:Type="String">2023-12-07 16:15:39.863901</Data></Cell>
   </Row>
   <Row>
    <Cell><Data ss:Type="String">1196</Data></Cell>
    <Cell><Data ss:Type="Number">0.25</Data></Cell>
    <Cell><Data ss:Type="Number">-9.99</Data></Cell>
    <Cell><Data ss:Type="Number">0.1</Data></Cell>
    <Cell><Data ss:Type="Number">-9.44</Data></Cell>
    <Cell><Data ss:Type="Number">-0.05</Data></Cell>
    <Cell><Data ss:Type="Number">-0.94</Data></Cell>
    <Cell><Data ss:Type="Number">22.7</Data></Cell>
    <Cell><Data ss:Type="Number">39.5</Data></Cell>
    <Cell><Data ss:Type="Number">0</Data></Cell>
    <Cell><Data ss:Type="Number">0</Data></Cell>
    <Cell><Data ss:Type="String">2023-12-07 16:15:39.862351</Data></Cell>
   </Row>
   <Row>
    <Cell><Data ss:Type="String">1195</Data></Cell>
    <Cell><Data ss:Type="Number">0.37</Data></Cell>
    <Cell><Data ss:Type="Number">-9.9700000000000006</Data></Cell>
    <Cell><Data ss:Type="Number">0.12</Data></Cell>
    <Cell><Data ss:Type="Number">-9.4600000000000009</Data></Cell>
    <Cell><Data ss:Type="Number">-0.08</Data></Cell>
    <Cell><Data ss:Type="Number">-0.95</Data></Cell>
    <Cell><Data ss:Type="Number">22.7</Data></Cell>
    <Cell><Data ss:Type="Number">39.5</Data></Cell>
    <Cell><Data ss:Type="Number">0</Data></Cell>
    <Cell><Data ss:Type="Number">0</Data></Cell>
    <Cell><Data ss:Type="String">2023-12-07 16:15:39.784268</Data></Cell>
   </Row>
   <Row>
    <Cell><Data ss:Type="String">1194</Data></Cell>
    <Cell><Data ss:Type="Number">0.25</Data></Cell>
    <Cell><Data ss:Type="Number">-10.14</Data></Cell>
    <Cell><Data ss:Type="Number">0.27</Data></Cell>
    <Cell><Data ss:Type="Number">-9.49</Data></Cell>
    <Cell><Data ss:Type="Number">-7.0000000000000007E-2</Data></Cell>
    <Cell><Data ss:Type="Number">-0.91</Data></Cell>
    <Cell><Data ss:Type="Number">22.7</Data></Cell>
    <Cell><Data ss:Type="Number">39.5</Data></Cell>
    <Cell><Data ss:Type="Number">0</Data></Cell>
    <Cell><Data ss:Type="Number">0</Data></Cell>
    <Cell><Data ss:Type="String">2023-12-07 16:15:39.782693</Data></Cell>
   </Row>
   <Row>
    <Cell><Data ss:Type="String">1193</Data></Cell>
    <Cell><Data ss:Type="Number">0.28000000000000003</Data></Cell>
    <Cell><Data ss:Type="Number">-10.210000000000001</Data></Cell>
    <Cell><Data ss:Type="Number">0.2</Data></Cell>
    <Cell><Data ss:Type="Number">-9.5</Data></Cell>
    <Cell><Data ss:Type="Number">-0.06</Data></Cell>
    <Cell><Data ss:Type="Number">-0.95</Data></Cell>
    <Cell><Data ss:Type="Number">22.7</Data></Cell>
    <Cell><Data ss:Type="Number">39.5</Data></Cell>
    <Cell><Data ss:Type="Number">0</Data></Cell>
    <Cell><Data ss:Type="Number">0</Data></Cell>
    <Cell><Data ss:Type="String">2023-12-07 16:15:39.736350</Data></Cell>
   </Row>
   <Row>
    <Cell><Data ss:Type="String">1192</Data></Cell>
    <Cell><Data ss:Type="Number">0.32</Data></Cell>
    <Cell><Data ss:Type="Number">-10.01</Data></Cell>
    <Cell><Data ss:Type="Number">0.19</Data></Cell>
    <Cell><Data ss:Type="Number">-9.42</Data></Cell>
    <Cell><Data ss:Type="Number">-0.09</Data></Cell>
    <Cell><Data ss:Type="Number">-0.9</Data></Cell>
    <Cell><Data ss:Type="Number">22.7</Data></Cell>
    <Cell><Data ss:Type="Number">39.5</Data></Cell>
    <Cell><Data ss:Type="Number">0</Data></Cell>
    <Cell><Data ss:Type="Number">0</Data></Cell>
    <Cell><Data ss:Type="String">2023-12-07 16:15:39.691261</Data></Cell>
   </Row>
   <Row>
    <Cell><Data ss:Type="String">1191</Data></Cell>
    <Cell><Data ss:Type="Number">0.21</Data></Cell>
    <Cell><Data ss:Type="Number">-9.9700000000000006</Data></Cell>
    <Cell><Data ss:Type="Number">0.02</Data></Cell>
    <Cell><Data ss:Type="Number">-9.42</Data></Cell>
    <Cell><Data ss:Type="Number">-0.02</Data></Cell>
    <Cell><Data ss:Type="Number">-0.96</Data></Cell>
    <Cell><Data ss:Type="Number">22.7</Data></Cell>
    <Cell><Data ss:Type="Number">39.5</Data></Cell>
    <Cell><Data ss:Type="Number">0</Data></Cell>
    <Cell><Data ss:Type="Number">0</Data></Cell>
    <Cell><Data ss:Type="String">2023-12-07 16:15:39.645911</Data></Cell>
   </Row>
   <Row>
    <Cell><Data ss:Type="String">1190</Data></Cell>
    <Cell><Data ss:Type="Number">0.31</Data></Cell>
    <Cell><Data ss:Type="Number">-9.93</Data></Cell>
    <Cell><Data ss:Type="Number">7.0000000000000007E-2</Data></Cell>
    <Cell><Data ss:Type="Number">-9.4700000000000006</Data></Cell>
    <Cell><Data ss:Type="Number">-0.12</Data></Cell>
    <Cell><Data ss:Type="Number">-0.95</Data></Cell>
    <Cell><Data ss:Type="Number">22.7</Data></Cell>
    <Cell><Data ss:Type="Number">39.5</Data></Cell>
    <Cell><Data ss:Type="Number">0</Data></Cell>
    <Cell><Data ss:Type="Number">0</Data></Cell>
    <Cell><Data ss:Type="String">2023-12-07 16:15:39.644163</Data></Cell>
   </Row>
   <Row>
    <Cell><Data ss:Type="String">1189</Data></Cell>
    <Cell><Data ss:Type="Number">0.35</Data></Cell>
    <Cell><Data ss:Type="Number">-10.17</Data></Cell>
    <Cell><Data ss:Type="Number">0.25</Data></Cell>
    <Cell><Data ss:Type="Number">-9.51</Data></Cell>
    <Cell><Data ss:Type="Number">-0.08</Data></Cell>
    <Cell><Data ss:Type="Number">-0.85</Data></Cell>
    <Cell><Data ss:Type="Number">22.7</Data></Cell>
    <Cell><Data ss:Type="Number">39.5</Data></Cell>
    <Cell><Data ss:Type="Number">0</Data></Cell>
    <Cell><Data ss:Type="Number">0</Data></Cell>
    <Cell><Data ss:Type="String">2023-12-07 16:15:39.597941</Data></Cell>
   </Row>
   <Row>
    <Cell><Data ss:Type="String">1188</Data></Cell>
    <Cell><Data ss:Type="Number">0.22</Data></Cell>
    <Cell><Data ss:Type="Number">-10.220000000000001</Data></Cell>
    <Cell><Data ss:Type="Number">0.12</Data></Cell>
    <Cell><Data ss:Type="Number">-9.5500000000000007</Data></Cell>
    <Cell><Data ss:Type="Number">-0.1</Data></Cell>
    <Cell><Data ss:Type="Number">-0.97</Data></Cell>
    <Cell><Data ss:Type="Number">22.7</Data></Cell>
    <Cell><Data ss:Type="Number">39.5</Data></Cell>
    <Cell><Data ss:Type="Number">0</Data></Cell>
    <Cell><Data ss:Type="Number">0</Data></Cell>
    <Cell><Data ss:Type="String">2023-12-07 16:15:39.556342</Data></Cell>
   </Row>
   <Row>
    <Cell><Data ss:Type="String">1187</Data></Cell>
    <Cell><Data ss:Type="Number">0.2</Data></Cell>
    <Cell><Data ss:Type="Number">-10.09</Data></Cell>
    <Cell><Data ss:Type="Number">0.21</Data></Cell>
    <Cell><Data ss:Type="Number">-9.43</Data></Cell>
    <Cell><Data ss:Type="Number">0.04</Data></Cell>
    <Cell><Data ss:Type="Number">-0.87</Data></Cell>
    <Cell><Data ss:Type="Number">22.7</Data></Cell>
    <Cell><Data ss:Type="Number">39.5</Data></Cell>
    <Cell><Data ss:Type="Number">0</Data></Cell>
    <Cell><Data ss:Type="Number">0</Data></Cell>
    <Cell><Data ss:Type="String">2023-12-07 16:15:39.554203</Data></Cell>
   </Row>
   <Row>
    <Cell><Data ss:Type="String">1186</Data></Cell>
    <Cell><Data ss:Type="Number">0.36</Data></Cell>
    <Cell><Data ss:Type="Number">-9.94</Data></Cell>
    <Cell><Data ss:Type="Number">0.11</Data></Cell>
    <Cell><Data ss:Type="Number">-9.49</Data></Cell>
    <Cell><Data ss:Type="Number">-0.16</Data></Cell>
    <Cell><Data ss:Type="Number">-1</Data></Cell>
    <Cell><Data ss:Type="Number">22.7</Data></Cell>
    <Cell><Data ss:Type="Number">39.5</Data></Cell>
    <Cell><Data ss:Type="Number">0</Data></Cell>
    <Cell><Data ss:Type="Number">0</Data></Cell>
    <Cell><Data ss:Type="String">2023-12-07 16:15:39.507284</Data></Cell>
   </Row>
   <Row>
    <Cell><Data ss:Type="String">1185</Data></Cell>
    <Cell><Data ss:Type="Number">0.65</Data></Cell>
    <Cell><Data ss:Type="Number">-10.119999999999999</Data></Cell>
    <Cell><Data ss:Type="Number">0.26</Data></Cell>
    <Cell><Data ss:Type="Number">-9.5</Data></Cell>
    <Cell><Data ss:Type="Number">-0.24</Data></Cell>
    <Cell><Data ss:Type="Number">-0.89</Data></Cell>
    <Cell><Data ss:Type="Number">22.7</Data></Cell>
    <Cell><Data ss:Type="Number">39.5</Data></Cell>
    <Cell><Data ss:Type="Number">0</Data></Cell>
    <Cell><Data ss:Type="Number">0</Data></Cell>
    <Cell><Data ss:Type="String">2023-12-07 16:15:39.460791</Data></Cell>
   </Row>
   <Row>
    <Cell><Data ss:Type="String">1184</Data></Cell>
    <Cell><Data ss:Type="Number">-0.28000000000000003</Data></Cell>
    <Cell><Data ss:Type="Number">-10.25</Data></Cell>
    <Cell><Data ss:Type="Number">-0.05</Data></Cell>
    <Cell><Data ss:Type="Number">-9.5</Data></Cell>
    <Cell><Data ss:Type="Number">0.09</Data></Cell>
    <Cell><Data ss:Type="Number">-0.89</Data></Cell>
    <Cell><Data ss:Type="Number">22.7</Data></Cell>
    <Cell><Data ss:Type="Number">39.5</Data></Cell>
    <Cell><Data ss:Type="Number">0</Data></Cell>
    <Cell><Data ss:Type="Number">0</Data></Cell>
    <Cell><Data ss:Type="String">2023-12-07 16:15:39.415376</Data></Cell>
   </Row>
   <Row>
    <Cell><Data ss:Type="String">1183</Data></Cell>
    <Cell><Data ss:Type="Number">0.4</Data></Cell>
    <Cell><Data ss:Type="Number">-10.210000000000001</Data></Cell>
    <Cell><Data ss:Type="Number">0.04</Data></Cell>
    <Cell><Data ss:Type="Number">-9.5399999999999991</Data></Cell>
    <Cell><Data ss:Type="Number">0.31</Data></Cell>
    <Cell><Data ss:Type="Number">-1.04</Data></Cell>
    <Cell><Data ss:Type="Number">22.7</Data></Cell>
    <Cell><Data ss:Type="Number">39.5</Data></Cell>
    <Cell><Data ss:Type="Number">0</Data></Cell>
    <Cell><Data ss:Type="Number">0</Data></Cell>
    <Cell><Data ss:Type="String">2023-12-07 16:15:39.413912</Data></Cell>
   </Row>
   <Row>
    <Cell><Data ss:Type="String">1182</Data></Cell>
    <Cell><Data ss:Type="Number">-0.86</Data></Cell>
    <Cell><Data ss:Type="Number">-9.81</Data></Cell>
    <Cell><Data ss:Type="Number">0.91</Data></Cell>
    <Cell><Data ss:Type="Number">-9.31</Data></Cell>
    <Cell><Data ss:Type="Number">-0.72</Data></Cell>
    <Cell><Data ss:Type="Number">-0.83</Data></Cell>
    <Cell><Data ss:Type="Number">22.7</Data></Cell>
    <Cell><Data ss:Type="Number">39.5</Data></Cell>
    <Cell><Data ss:Type="Number">0</Data></Cell>
    <Cell><Data ss:Type="Number">0</Data></Cell>
    <Cell><Data ss:Type="String">2023-12-07 16:15:39.368919</Data></Cell>
   </Row>
   <Row>
    <Cell><Data ss:Type="String">1181</Data></Cell>
    <Cell><Data ss:Type="Number">1.1499999999999999</Data></Cell>
    <Cell><Data ss:Type="Number">-10.08</Data></Cell>
    <Cell><Data ss:Type="Number">-0.35</Data></Cell>
    <Cell><Data ss:Type="Number">-9.5</Data></Cell>
    <Cell><Data ss:Type="Number">-0.66</Data></Cell>
    <Cell><Data ss:Type="Number">-0.97</Data></Cell>
    <Cell><Data ss:Type="Number">22.7</Data></Cell>
    <Cell><Data ss:Type="Number">39.5</Data></Cell>
    <Cell><Data ss:Type="Number">0</Data></Cell>
    <Cell><Data ss:Type="Number">0</Data></Cell>
    <Cell><Data ss:Type="String">2023-12-07 16:15:39.322979</Data></Cell>
   </Row>
   <Row>
    <Cell><Data ss:Type="String">1180</Data></Cell>
    <Cell><Data ss:Type="Number">-3.63</Data></Cell>
    <Cell><Data ss:Type="Number">-10.66</Data></Cell>
    <Cell><Data ss:Type="Number">-2.19</Data></Cell>
    <Cell><Data ss:Type="Number">-9.84</Data></Cell>
    <Cell><Data ss:Type="Number">1.96</Data></Cell>
    <Cell><Data ss:Type="Number">-1.0900000000000001</Data></Cell>
    <Cell><Data ss:Type="Number">22.7</Data></Cell>
    <Cell><Data ss:Type="Number">39.5</Data></Cell>
    <Cell><Data ss:Type="Number">0</Data></Cell>
    <Cell><Data ss:Type="Number">0</Data></Cell>
    <Cell><Data ss:Type="String">2023-12-07 16:15:39.277924</Data></Cell>
   </Row>
   <Row>
    <Cell><Data ss:Type="String">1179</Data></Cell>
    <Cell><Data ss:Type="Number">2.8</Data></Cell>
    <Cell><Data ss:Type="Number">-8.4700000000000006</Data></Cell>
    <Cell><Data ss:Type="Number">-1.06</Data></Cell>
    <Cell><Data ss:Type="Number">-18.010000000000002</Data></Cell>
    <Cell><Data ss:Type="Number">0.77</Data></Cell>
    <Cell><Data ss:Type="Number">-0.39</Data></Cell>
    <Cell><Data ss:Type="Number">22.7</Data></Cell>
    <Cell><Data ss:Type="Number">39.5</Data></Cell>
    <Cell><Data ss:Type="Number">0</Data></Cell>
    <Cell><Data ss:Type="Number">0</Data></Cell>
    <Cell><Data ss:Type="String">2023-12-07 16:15:39.276420</Data></Cell>
   </Row>
   <Row>
    <Cell><Data ss:Type="String">1178</Data></Cell>
    <Cell><Data ss:Type="Number">0.47</Data></Cell>
    <Cell><Data ss:Type="Number">-9.99</Data></Cell>
    <Cell><Data ss:Type="Number">-0.08</Data></Cell>
    <Cell><Data ss:Type="Number">-9.49</Data></Cell>
    <Cell><Data ss:Type="Number">-0.01</Data></Cell>
    <Cell><Data ss:Type="Number">-0.87</Data></Cell>
    <Cell><Data ss:Type="Number">22.7</Data></Cell>
    <Cell><Data ss:Type="Number">39.5</Data></Cell>
    <Cell><Data ss:Type="Number">0</Data></Cell>
    <Cell><Data ss:Type="Number">0</Data></Cell>
    <Cell><Data ss:Type="String">2023-12-07 16:15:39.229531</Data></Cell>
   </Row>
   <Row>
    <Cell><Data ss:Type="String">1177</Data></Cell>
    <Cell><Data ss:Type="Number">0.13</Data></Cell>
    <Cell><Data ss:Type="Number">-9.8000000000000007</Data></Cell>
    <Cell><Data ss:Type="Number">-0.23</Data></Cell>
    <Cell><Data ss:Type="Number">-9.58</Data></Cell>
    <Cell><Data ss:Type="Number">-0.02</Data></Cell>
    <Cell><Data ss:Type="Number">-0.87</Data></Cell>
    <Cell><Data ss:Type="Number">22.7</Data></Cell>
    <Cell><Data ss:Type="Number">39.5</Data></Cell>
    <Cell><Data ss:Type="Number">0</Data></Cell>
    <Cell><Data ss:Type="Number">0</Data></Cell>
    <Cell><Data ss:Type="String">2023-12-07 16:15:39.185141</Data></Cell>
   </Row>
   <Row>
    <Cell><Data ss:Type="String">1176</Data></Cell>
    <Cell><Data ss:Type="Number">0.3</Data></Cell>
    <Cell><Data ss:Type="Number">-9.9700000000000006</Data></Cell>
    <Cell><Data ss:Type="Number">0.14000000000000001</Data></Cell>
    <Cell><Data ss:Type="Number">-9.39</Data></Cell>
    <Cell><Data ss:Type="Number">-0.02</Data></Cell>
    <Cell><Data ss:Type="Number">-0.89</Data></Cell>
    <Cell><Data ss:Type="Number">22.7</Data></Cell>
    <Cell><Data ss:Type="Number">39.5</Data></Cell>
    <Cell><Data ss:Type="Number">0</Data></Cell>
    <Cell><Data ss:Type="Number">0</Data></Cell>
    <Cell><Data ss:Type="String">2023-12-07 16:15:39.183680</Data></Cell>
   </Row>
   <Row>
    <Cell><Data ss:Type="String">1175</Data></Cell>
    <Cell><Data ss:Type="Number">0.08</Data></Cell>
    <Cell><Data ss:Type="Number">-10.33</Data></Cell>
    <Cell><Data ss:Type="Number">-0.03</Data></Cell>
    <Cell><Data ss:Type="Number">-9.43</Data></Cell>
    <Cell><Data ss:Type="Number">-0.12</Data></Cell>
    <Cell><Data ss:Type="Number">-1</Data></Cell>
    <Cell><Data ss:Type="Number">22.7</Data></Cell>
    <Cell><Data ss:Type="Number">39.5</Data></Cell>
    <Cell><Data ss:Type="Number">0</Data></Cell>
    <Cell><Data ss:Type="Number">0</Data></Cell>
    <Cell><Data ss:Type="String">2023-12-07 16:15:39.182189</Data></Cell>
   </Row>
   <Row>
    <Cell><Data ss:Type="String">1174</Data></Cell>
    <Cell><Data ss:Type="Number">0.33</Data></Cell>
    <Cell><Data ss:Type="Number">-9.89</Data></Cell>
    <Cell><Data ss:Type="Number">0.28000000000000003</Data></Cell>
    <Cell><Data ss:Type="Number">-9.5299999999999994</Data></Cell>
    <Cell><Data ss:Type="Number">-0.06</Data></Cell>
    <Cell><Data ss:Type="Number">-0.91</Data></Cell>
    <Cell><Data ss:Type="Number">22.7</Data></Cell>
    <Cell><Data ss:Type="Number">39.5</Data></Cell>
    <Cell><Data ss:Type="Number">0</Data></Cell>
    <Cell><Data ss:Type="Number">0</Data></Cell>
    <Cell><Data ss:Type="String">2023-12-07 16:15:39.180708</Data></Cell>
   </Row>
   <Row>
    <Cell><Data ss:Type="String">1173</Data></Cell>
    <Cell><Data ss:Type="Number">0.27</Data></Cell>
    <Cell><Data ss:Type="Number">-10.1</Data></Cell>
    <Cell><Data ss:Type="Number">0.19</Data></Cell>
    <Cell><Data ss:Type="Number">-9.5299999999999994</Data></Cell>
    <Cell><Data ss:Type="Number">-7.0000000000000007E-2</Data></Cell>
    <Cell><Data ss:Type="Number">-0.9</Data></Cell>
    <Cell><Data ss:Type="Number">22.7</Data></Cell>
    <Cell><Data ss:Type="Number">39.5</Data></Cell>
    <Cell><Data ss:Type="Number">0</Data></Cell>
    <Cell><Data ss:Type="Number">0</Data></Cell>
    <Cell><Data ss:Type="String">2023-12-07 16:15:39.179133</Data></Cell>
   </Row>
   <Row>
    <Cell><Data ss:Type="String">1172</Data></Cell>
    <Cell><Data ss:Type="Number">0.13</Data></Cell>
    <Cell><Data ss:Type="Number">-9.2200000000000006</Data></Cell>
    <Cell><Data ss:Type="Number">-0.45</Data></Cell>
    <Cell><Data ss:Type="Number">-9.35</Data></Cell>
    <Cell><Data ss:Type="Number">-0.02</Data></Cell>
    <Cell><Data ss:Type="Number">-0.92</Data></Cell>
    <Cell><Data ss:Type="Number">22.7</Data></Cell>
    <Cell><Data ss:Type="Number">39.5</Data></Cell>
    <Cell><Data ss:Type="Number">0</Data></Cell>
    <Cell><Data ss:Type="Number">0</Data></Cell>
    <Cell><Data ss:Type="String">2023-12-07 16:15:39.177712</Data></Cell>
   </Row>
   <Row>
    <Cell><Data ss:Type="String">1171</Data></Cell>
    <Cell><Data ss:Type="Number">0.24</Data></Cell>
    <Cell><Data ss:Type="Number">-10.3</Data></Cell>
    <Cell><Data ss:Type="Number">-0.05</Data></Cell>
    <Cell><Data ss:Type="Number">-9.4600000000000009</Data></Cell>
    <Cell><Data ss:Type="Number">-0.14000000000000001</Data></Cell>
    <Cell><Data ss:Type="Number">-0.9</Data></Cell>
    <Cell><Data ss:Type="Number">22.7</Data></Cell>
    <Cell><Data ss:Type="Number">39.5</Data></Cell>
    <Cell><Data ss:Type="Number">0</Data></Cell>
    <Cell><Data ss:Type="Number">0</Data></Cell>
    <Cell><Data ss:Type="String">2023-12-07 16:15:39.176172</Data></Cell>
   </Row>
   <Row>
    <Cell><Data ss:Type="String">1170</Data></Cell>
    <Cell><Data ss:Type="Number">0.45</Data></Cell>
    <Cell><Data ss:Type="Number">-10.25</Data></Cell>
    <Cell><Data ss:Type="Number">0.06</Data></Cell>
    <Cell><Data ss:Type="Number">-9.57</Data></Cell>
    <Cell><Data ss:Type="Number">-0.16</Data></Cell>
    <Cell><Data ss:Type="Number">-1.05</Data></Cell>
    <Cell><Data ss:Type="Number">22.7</Data></Cell>
    <Cell><Data ss:Type="Number">39.5</Data></Cell>
    <Cell><Data ss:Type="Number">0</Data></Cell>
    <Cell><Data ss:Type="Number">0</Data></Cell>
    <Cell><Data ss:Type="String">2023-12-07 16:15:38.947192</Data></Cell>
   </Row>
   <Row>
    <Cell><Data ss:Type="String">1169</Data></Cell>
    <Cell><Data ss:Type="Number">0.76</Data></Cell>
    <Cell><Data ss:Type="Number">-10.27</Data></Cell>
    <Cell><Data ss:Type="Number">0.05</Data></Cell>
    <Cell><Data ss:Type="Number">-9.4600000000000009</Data></Cell>
    <Cell><Data ss:Type="Number">-0.11</Data></Cell>
    <Cell><Data ss:Type="Number">-0.85</Data></Cell>
    <Cell><Data ss:Type="Number">22.7</Data></Cell>
    <Cell><Data ss:Type="Number">39.5</Data></Cell>
    <Cell><Data ss:Type="Number">0</Data></Cell>
    <Cell><Data ss:Type="Number">0</Data></Cell>
    <Cell><Data ss:Type="String">2023-12-07 16:15:38.945789</Data></Cell>
   </Row>
   <Row>
    <Cell><Data ss:Type="String">1168</Data></Cell>
    <Cell><Data ss:Type="Number">0.16</Data></Cell>
    <Cell><Data ss:Type="Number">-10.61</Data></Cell>
    <Cell><Data ss:Type="Number">0.38</Data></Cell>
    <Cell><Data ss:Type="Number">-9.7100000000000009</Data></Cell>
    <Cell><Data ss:Type="Number">-0.1</Data></Cell>
    <Cell><Data ss:Type="Number">-0.91</Data></Cell>
    <Cell><Data ss:Type="Number">22.7</Data></Cell>
    <Cell><Data ss:Type="Number">39.5</Data></Cell>
    <Cell><Data ss:Type="Number">0</Data></Cell>
    <Cell><Data ss:Type="Number">0</Data></Cell>
    <Cell><Data ss:Type="String">2023-12-07 16:15:38.944046</Data></Cell>
   </Row>
   <Row>
    <Cell><Data ss:Type="String">1167</Data></Cell>
    <Cell><Data ss:Type="Number">0.19</Data></Cell>
    <Cell><Data ss:Type="Number">-9.86</Data></Cell>
    <Cell><Data ss:Type="Number">0.28999999999999998</Data></Cell>
    <Cell><Data ss:Type="Number">-9.2799999999999994</Data></Cell>
    <Cell><Data ss:Type="Number">-0.04</Data></Cell>
    <Cell><Data ss:Type="Number">-0.9</Data></Cell>
    <Cell><Data ss:Type="Number">22.7</Data></Cell>
    <Cell><Data ss:Type="Number">39.5</Data></Cell>
    <Cell><Data ss:Type="Number">0</Data></Cell>
    <Cell><Data ss:Type="Number">0</Data></Cell>
    <Cell><Data ss:Type="String">2023-12-07 16:15:38.846492</Data></Cell>
   </Row>
   <Row>
    <Cell><Data ss:Type="String">1166</Data></Cell>
    <Cell><Data ss:Type="Number">0.72</Data></Cell>
    <Cell><Data ss:Type="Number">-10.72</Data></Cell>
    <Cell><Data ss:Type="Number">-0.23</Data></Cell>
    <Cell><Data ss:Type="Number">-9.4499999999999993</Data></Cell>
    <Cell><Data ss:Type="Number">-0.11</Data></Cell>
    <Cell><Data ss:Type="Number">-0.94</Data></Cell>
    <Cell><Data ss:Type="Number">22.7</Data></Cell>
    <Cell><Data ss:Type="Number">39.5</Data></Cell>
    <Cell><Data ss:Type="Number">0</Data></Cell>
    <Cell><Data ss:Type="Number">0</Data></Cell>
    <Cell><Data ss:Type="String">2023-12-07 16:15:38.798625</Data></Cell>
   </Row>
   <Row>
    <Cell><Data ss:Type="String">1165</Data></Cell>
    <Cell><Data ss:Type="Number">0.23</Data></Cell>
    <Cell><Data ss:Type="Number">-9.7200000000000006</Data></Cell>
    <Cell><Data ss:Type="Number">0.25</Data></Cell>
    <Cell><Data ss:Type="Number">-9.34</Data></Cell>
    <Cell><Data ss:Type="Number">-0.01</Data></Cell>
    <Cell><Data ss:Type="Number">-0.94</Data></Cell>
    <Cell><Data ss:Type="Number">22.7</Data></Cell>
    <Cell><Data ss:Type="Number">39.5</Data></Cell>
    <Cell><Data ss:Type="Number">0</Data></Cell>
    <Cell><Data ss:Type="Number">0</Data></Cell>
    <Cell><Data ss:Type="String">2023-12-07 16:15:38.797001</Data></Cell>
   </Row>
   <Row>
    <Cell><Data ss:Type="String">1164</Data></Cell>
    <Cell><Data ss:Type="Number">0.25</Data></Cell>
    <Cell><Data ss:Type="Number">-9.84</Data></Cell>
    <Cell><Data ss:Type="Number">0.11</Data></Cell>
    <Cell><Data ss:Type="Number">-9.42</Data></Cell>
    <Cell><Data ss:Type="Number">-7.0000000000000007E-2</Data></Cell>
    <Cell><Data ss:Type="Number">-0.89</Data></Cell>
    <Cell><Data ss:Type="Number">22.7</Data></Cell>
    <Cell><Data ss:Type="Number">39.5</Data></Cell>
    <Cell><Data ss:Type="Number">0</Data></Cell>
    <Cell><Data ss:Type="Number">0</Data></Cell>
    <Cell><Data ss:Type="String">2023-12-07 16:15:38.795230</Data></Cell>
   </Row>
   <Row>
    <Cell><Data ss:Type="String">1163</Data></Cell>
    <Cell><Data ss:Type="Number">0.01</Data></Cell>
    <Cell><Data ss:Type="Number">-9.8699999999999992</Data></Cell>
    <Cell><Data ss:Type="Number">0.13</Data></Cell>
    <Cell><Data ss:Type="Number">-9.4499999999999993</Data></Cell>
    <Cell><Data ss:Type="Number">-0.01</Data></Cell>
    <Cell><Data ss:Type="Number">-0.91</Data></Cell>
    <Cell><Data ss:Type="Number">22.7</Data></Cell>
    <Cell><Data ss:Type="Number">39.5</Data></Cell>
    <Cell><Data ss:Type="Number">0</Data></Cell>
    <Cell><Data ss:Type="Number">0</Data></Cell>
    <Cell><Data ss:Type="String">2023-12-07 16:15:38.643566</Data></Cell>
   </Row>
   <Row>
    <Cell><Data ss:Type="String">1162</Data></Cell>
    <Cell><Data ss:Type="Number">0.71</Data></Cell>
    <Cell><Data ss:Type="Number">-9.49</Data></Cell>
    <Cell><Data ss:Type="Number">0.34</Data></Cell>
    <Cell><Data ss:Type="Number">-9.33</Data></Cell>
    <Cell><Data ss:Type="Number">-7.0000000000000007E-2</Data></Cell>
    <Cell><Data ss:Type="Number">-0.92</Data></Cell>
    <Cell><Data ss:Type="Number">22.7</Data></Cell>
    <Cell><Data ss:Type="Number">39.5</Data></Cell>
    <Cell><Data ss:Type="Number">0</Data></Cell>
    <Cell><Data ss:Type="Number">0</Data></Cell>
    <Cell><Data ss:Type="String">2023-12-07 16:15:38.642204</Data></Cell>
   </Row>
   <Row>
    <Cell><Data ss:Type="String">1161</Data></Cell>
    <Cell><Data ss:Type="Number">0.23</Data></Cell>
    <Cell><Data ss:Type="Number">-9.51</Data></Cell>
    <Cell><Data ss:Type="Number">0.2</Data></Cell>
    <Cell><Data ss:Type="Number">-9.2899999999999991</Data></Cell>
    <Cell><Data ss:Type="Number">-0.04</Data></Cell>
    <Cell><Data ss:Type="Number">-0.92</Data></Cell>
    <Cell><Data ss:Type="Number">22.7</Data></Cell>
    <Cell><Data ss:Type="Number">39.5</Data></Cell>
    <Cell><Data ss:Type="Number">0</Data></Cell>
    <Cell><Data ss:Type="Number">0</Data></Cell>
    <Cell><Data ss:Type="String">2023-12-07 16:15:38.640616</Data></Cell>
   </Row>
   <Row>
    <Cell><Data ss:Type="String">1160</Data></Cell>
    <Cell><Data ss:Type="Number">0</Data></Cell>
    <Cell><Data ss:Type="Number">-9.5399999999999991</Data></Cell>
    <Cell><Data ss:Type="Number">0.54</Data></Cell>
    <Cell><Data ss:Type="Number">-9.61</Data></Cell>
    <Cell><Data ss:Type="Number">-0.03</Data></Cell>
    <Cell><Data ss:Type="Number">-0.86</Data></Cell>
    <Cell><Data ss:Type="Number">22.7</Data></Cell>
    <Cell><Data ss:Type="Number">39.5</Data></Cell>
    <Cell><Data ss:Type="Number">0</Data></Cell>
    <Cell><Data ss:Type="Number">0</Data></Cell>
    <Cell><Data ss:Type="String">2023-12-07 16:15:38.638450</Data></Cell>
   </Row>
   <Row>
    <Cell><Data ss:Type="String">1159</Data></Cell>
    <Cell><Data ss:Type="Number">-0.21</Data></Cell>
    <Cell><Data ss:Type="Number">-9.98</Data></Cell>
    <Cell><Data ss:Type="Number">0.2</Data></Cell>
    <Cell><Data ss:Type="Number">-9.6300000000000008</Data></Cell>
    <Cell><Data ss:Type="Number">0</Data></Cell>
    <Cell><Data ss:Type="Number">-0.93</Data></Cell>
    <Cell><Data ss:Type="Number">22.7</Data></Cell>
    <Cell><Data ss:Type="Number">39.5</Data></Cell>
    <Cell><Data ss:Type="Number">0</Data></Cell>
    <Cell><Data ss:Type="Number">0</Data></Cell>
    <Cell><Data ss:Type="String">2023-12-07 16:15:38.636127</Data></Cell>
   </Row>
   <Row>
    <Cell><Data ss:Type="String">1158</Data></Cell>
    <Cell><Data ss:Type="Number">-0.19</Data></Cell>
    <Cell><Data ss:Type="Number">-10.51</Data></Cell>
    <Cell><Data ss:Type="Number">0.12</Data></Cell>
    <Cell><Data ss:Type="Number">-9.56</Data></Cell>
    <Cell><Data ss:Type="Number">0.01</Data></Cell>
    <Cell><Data ss:Type="Number">-0.85</Data></Cell>
    <Cell><Data ss:Type="Number">22.7</Data></Cell>
    <Cell><Data ss:Type="Number">39.5</Data></Cell>
    <Cell><Data ss:Type="Number">0</Data></Cell>
    <Cell><Data ss:Type="Number">0</Data></Cell>
    <Cell><Data ss:Type="String">2023-12-07 16:15:38.634173</Data></Cell>
   </Row>
   <Row>
    <Cell><Data ss:Type="String">1157</Data></Cell>
    <Cell><Data ss:Type="Number">-0.02</Data></Cell>
    <Cell><Data ss:Type="Number">-10.25</Data></Cell>
    <Cell><Data ss:Type="Number">0.26</Data></Cell>
    <Cell><Data ss:Type="Number">-9.43</Data></Cell>
    <Cell><Data ss:Type="Number">-0.03</Data></Cell>
    <Cell><Data ss:Type="Number">-0.97</Data></Cell>
    <Cell><Data ss:Type="Number">22.7</Data></Cell>
    <Cell><Data ss:Type="Number">39.5</Data></Cell>
    <Cell><Data ss:Type="Number">0</Data></Cell>
    <Cell><Data ss:Type="Number">0</Data></Cell>
    <Cell><Data ss:Type="String">2023-12-07 16:15:38.455505</Data></Cell>
   </Row>
   <Row>
    <Cell><Data ss:Type="String">1156</Data></Cell>
    <Cell><Data ss:Type="Number">0.26</Data></Cell>
    <Cell><Data ss:Type="Number">-9.83</Data></Cell>
    <Cell><Data ss:Type="Number">0.47</Data></Cell>
    <Cell><Data ss:Type="Number">-9.42</Data></Cell>
    <Cell><Data ss:Type="Number">-0.08</Data></Cell>
    <Cell><Data ss:Type="Number">-0.98</Data></Cell>
    <Cell><Data ss:Type="Number">22.7</Data></Cell>
    <Cell><Data ss:Type="Number">39.5</Data></Cell>
    <Cell><Data ss:Type="Number">0</Data></Cell>
    <Cell><Data ss:Type="Number">0</Data></Cell>
    <Cell><Data ss:Type="String">2023-12-07 16:15:38.401812</Data></Cell>
   </Row>
   <Row>
    <Cell><Data ss:Type="String">1155</Data></Cell>
    <Cell><Data ss:Type="Number">0.74</Data></Cell>
    <Cell><Data ss:Type="Number">-9.84</Data></Cell>
    <Cell><Data ss:Type="Number">0.5</Data></Cell>
    <Cell><Data ss:Type="Number">-9.3699999999999992</Data></Cell>
    <Cell><Data ss:Type="Number">-0.06</Data></Cell>
    <Cell><Data ss:Type="Number">-0.83</Data></Cell>
    <Cell><Data ss:Type="Number">22.7</Data></Cell>
    <Cell><Data ss:Type="Number">39.5</Data></Cell>
    <Cell><Data ss:Type="Number">0</Data></Cell>
    <Cell><Data ss:Type="Number">0</Data></Cell>
    <Cell><Data ss:Type="String">2023-12-07 16:15:38.358871</Data></Cell>
   </Row>
   <Row>
    <Cell><Data ss:Type="String">1154</Data></Cell>
    <Cell><Data ss:Type="Number">0.65</Data></Cell>
    <Cell><Data ss:Type="Number">-10.01</Data></Cell>
    <Cell><Data ss:Type="Number">0</Data></Cell>
    <Cell><Data ss:Type="Number">-9.6</Data></Cell>
    <Cell><Data ss:Type="Number">-0.11</Data></Cell>
    <Cell><Data ss:Type="Number">-0.91</Data></Cell>
    <Cell><Data ss:Type="Number">22.7</Data></Cell>
    <Cell><Data ss:Type="Number">39.5</Data></Cell>
    <Cell><Data ss:Type="Number">0</Data></Cell>
    <Cell><Data ss:Type="Number">0</Data></Cell>
    <Cell><Data ss:Type="String">2023-12-07 16:15:38.356471</Data></Cell>
   </Row>
   <Row>
    <Cell><Data ss:Type="String">1153</Data></Cell>
    <Cell><Data ss:Type="Number">0.54</Data></Cell>
    <Cell><Data ss:Type="Number">-9.74</Data></Cell>
    <Cell><Data ss:Type="Number">0.19</Data></Cell>
    <Cell><Data ss:Type="Number">-9.5399999999999991</Data></Cell>
    <Cell><Data ss:Type="Number">-7.0000000000000007E-2</Data></Cell>
    <Cell><Data ss:Type="Number">-0.86</Data></Cell>
    <Cell><Data ss:Type="Number">22.7</Data></Cell>
    <Cell><Data ss:Type="Number">39.5</Data></Cell>
    <Cell><Data ss:Type="Number">0</Data></Cell>
    <Cell><Data ss:Type="Number">0</Data></Cell>
    <Cell><Data ss:Type="String">2023-12-07 16:15:38.309836</Data></Cell>
   </Row>
   <Row>
    <Cell><Data ss:Type="String">1152</Data></Cell>
    <Cell><Data ss:Type="Number">1.01</Data></Cell>
    <Cell><Data ss:Type="Number">-9.93</Data></Cell>
    <Cell><Data ss:Type="Number">0.01</Data></Cell>
    <Cell><Data ss:Type="Number">-9.3000000000000007</Data></Cell>
    <Cell><Data ss:Type="Number">-0.16</Data></Cell>
    <Cell><Data ss:Type="Number">-0.9</Data></Cell>
    <Cell><Data ss:Type="Number">22.7</Data></Cell>
    <Cell><Data ss:Type="Number">39.5</Data></Cell>
    <Cell><Data ss:Type="Number">0</Data></Cell>
    <Cell><Data ss:Type="Number">0</Data></Cell>
    <Cell><Data ss:Type="String">2023-12-07 16:15:38.264020</Data></Cell>
   </Row>
   <Row>
    <Cell><Data ss:Type="String">1151</Data></Cell>
    <Cell><Data ss:Type="Number">0.15</Data></Cell>
    <Cell><Data ss:Type="Number">-9.69</Data></Cell>
    <Cell><Data ss:Type="Number">0.03</Data></Cell>
    <Cell><Data ss:Type="Number">-9.43</Data></Cell>
    <Cell><Data ss:Type="Number">0.06</Data></Cell>
    <Cell><Data ss:Type="Number">-0.93</Data></Cell>
    <Cell><Data ss:Type="Number">22.7</Data></Cell>
    <Cell><Data ss:Type="Number">39.5</Data></Cell>
    <Cell><Data ss:Type="Number">0</Data></Cell>
    <Cell><Data ss:Type="Number">0</Data></Cell>
    <Cell><Data ss:Type="String">2023-12-07 16:15:38.224439</Data></Cell>
   </Row>
   <Row>
    <Cell><Data ss:Type="String">1150</Data></Cell>
    <Cell><Data ss:Type="Number">-0.1</Data></Cell>
    <Cell><Data ss:Type="Number">-10.199999999999999</Data></Cell>
    <Cell><Data ss:Type="Number">0.24</Data></Cell>
    <Cell><Data ss:Type="Number">-9.4600000000000009</Data></Cell>
    <Cell><Data ss:Type="Number">-0.03</Data></Cell>
    <Cell><Data ss:Type="Number">-0.84</Data></Cell>
    <Cell><Data ss:Type="Number">22.7</Data></Cell>
    <Cell><Data ss:Type="Number">39.5</Data></Cell>
    <Cell><Data ss:Type="Number">0</Data></Cell>
    <Cell><Data ss:Type="Number">0</Data></Cell>
    <Cell><Data ss:Type="String">2023-12-07 16:15:38.222250</Data></Cell>
   </Row>
   <Row>
    <Cell><Data ss:Type="String">1149</Data></Cell>
    <Cell><Data ss:Type="Number">-0.84</Data></Cell>
    <Cell><Data ss:Type="Number">-10.16</Data></Cell>
    <Cell><Data ss:Type="Number">-0.54</Data></Cell>
    <Cell><Data ss:Type="Number">-9.49</Data></Cell>
    <Cell><Data ss:Type="Number">0.27</Data></Cell>
    <Cell><Data ss:Type="Number">-0.97</Data></Cell>
    <Cell><Data ss:Type="Number">22.7</Data></Cell>
    <Cell><Data ss:Type="Number">39.5</Data></Cell>
    <Cell><Data ss:Type="Number">0</Data></Cell>
    <Cell><Data ss:Type="Number">0</Data></Cell>
    <Cell><Data ss:Type="String">2023-12-07 16:15:38.174126</Data></Cell>
   </Row>
   <Row>
    <Cell><Data ss:Type="String">1148</Data></Cell>
    <Cell><Data ss:Type="Number">0.71</Data></Cell>
    <Cell><Data ss:Type="Number">-10.039999999999999</Data></Cell>
    <Cell><Data ss:Type="Number">0.12</Data></Cell>
    <Cell><Data ss:Type="Number">-9.5</Data></Cell>
    <Cell><Data ss:Type="Number">0.13</Data></Cell>
    <Cell><Data ss:Type="Number">-1.01</Data></Cell>
    <Cell><Data ss:Type="Number">22.7</Data></Cell>
    <Cell><Data ss:Type="Number">39.5</Data></Cell>
    <Cell><Data ss:Type="Number">0</Data></Cell>
    <Cell><Data ss:Type="Number">0</Data></Cell>
    <Cell><Data ss:Type="String">2023-12-07 16:15:38.128435</Data></Cell>
   </Row>
   <Row>
    <Cell><Data ss:Type="String">1147</Data></Cell>
    <Cell><Data ss:Type="Number">0.11</Data></Cell>
    <Cell><Data ss:Type="Number">-10.36</Data></Cell>
    <Cell><Data ss:Type="Number">0.69</Data></Cell>
    <Cell><Data ss:Type="Number">-9.3699999999999992</Data></Cell>
    <Cell><Data ss:Type="Number">-0.79</Data></Cell>
    <Cell><Data ss:Type="Number">-0.67</Data></Cell>
    <Cell><Data ss:Type="Number">22.7</Data></Cell>
    <Cell><Data ss:Type="Number">39.5</Data></Cell>
    <Cell><Data ss:Type="Number">0</Data></Cell>
    <Cell><Data ss:Type="Number">0</Data></Cell>
    <Cell><Data ss:Type="String">2023-12-07 16:15:38.083673</Data></Cell>
   </Row>
   <Row>
    <Cell><Data ss:Type="String">1146</Data></Cell>
    <Cell><Data ss:Type="Number">-5.41</Data></Cell>
    <Cell><Data ss:Type="Number">-10.1</Data></Cell>
    <Cell><Data ss:Type="Number">0.34</Data></Cell>
    <Cell><Data ss:Type="Number">-9.5</Data></Cell>
    <Cell><Data ss:Type="Number">-0.92</Data></Cell>
    <Cell><Data ss:Type="Number">-0.98</Data></Cell>
    <Cell><Data ss:Type="Number">22.7</Data></Cell>
    <Cell><Data ss:Type="Number">39.5</Data></Cell>
    <Cell><Data ss:Type="Number">0</Data></Cell>
    <Cell><Data ss:Type="Number">0</Data></Cell>
    <Cell><Data ss:Type="String">2023-12-07 16:15:38.082240</Data></Cell>
   </Row>
   <Row>
    <Cell><Data ss:Type="String">1145</Data></Cell>
    <Cell><Data ss:Type="Number">-4.95</Data></Cell>
    <Cell><Data ss:Type="Number">-10.42</Data></Cell>
    <Cell><Data ss:Type="Number">-2.94</Data></Cell>
    <Cell><Data ss:Type="Number">-9.2799999999999994</Data></Cell>
    <Cell><Data ss:Type="Number">1.88</Data></Cell>
    <Cell><Data ss:Type="Number">-0.69</Data></Cell>
    <Cell><Data ss:Type="Number">22.7</Data></Cell>
    <Cell><Data ss:Type="Number">39.5</Data></Cell>
    <Cell><Data ss:Type="Number">0</Data></Cell>
    <Cell><Data ss:Type="Number">0</Data></Cell>
    <Cell><Data ss:Type="String">2023-12-07 16:15:38.038065</Data></Cell>
   </Row>
   <Row>
    <Cell><Data ss:Type="String">1144</Data></Cell>
    <Cell><Data ss:Type="Number">0.28000000000000003</Data></Cell>
    <Cell><Data ss:Type="Number">-10.08</Data></Cell>
    <Cell><Data ss:Type="Number">0.15</Data></Cell>
    <Cell><Data ss:Type="Number">-9.48</Data></Cell>
    <Cell><Data ss:Type="Number">-0.08</Data></Cell>
    <Cell><Data ss:Type="Number">-0.91</Data></Cell>
    <Cell><Data ss:Type="Number">22.7</Data></Cell>
    <Cell><Data ss:Type="Number">39.5</Data></Cell>
    <Cell><Data ss:Type="Number">0</Data></Cell>
    <Cell><Data ss:Type="Number">0</Data></Cell>
    <Cell><Data ss:Type="String">2023-12-07 16:15:37.990942</Data></Cell>
   </Row>
   <Row>
    <Cell><Data ss:Type="String">1143</Data></Cell>
    <Cell><Data ss:Type="Number">0.3</Data></Cell>
    <Cell><Data ss:Type="Number">-10.17</Data></Cell>
    <Cell><Data ss:Type="Number">0.14000000000000001</Data></Cell>
    <Cell><Data ss:Type="Number">-9.5500000000000007</Data></Cell>
    <Cell><Data ss:Type="Number">-0.06</Data></Cell>
    <Cell><Data ss:Type="Number">-0.89</Data></Cell>
    <Cell><Data ss:Type="Number">22.7</Data></Cell>
    <Cell><Data ss:Type="Number">39.5</Data></Cell>
    <Cell><Data ss:Type="Number">0</Data></Cell>
    <Cell><Data ss:Type="Number">0</Data></Cell>
    <Cell><Data ss:Type="String">2023-12-07 16:15:37.948789</Data></Cell>
   </Row>
   <Row>
    <Cell><Data ss:Type="String">1142</Data></Cell>
    <Cell><Data ss:Type="Number">0.32</Data></Cell>
    <Cell><Data ss:Type="Number">-10.32</Data></Cell>
    <Cell><Data ss:Type="Number">0.22</Data></Cell>
    <Cell><Data ss:Type="Number">-9.58</Data></Cell>
    <Cell><Data ss:Type="Number">-0.1</Data></Cell>
    <Cell><Data ss:Type="Number">-0.87</Data></Cell>
    <Cell><Data ss:Type="Number">22.7</Data></Cell>
    <Cell><Data ss:Type="Number">39.5</Data></Cell>
    <Cell><Data ss:Type="Number">0</Data></Cell>
    <Cell><Data ss:Type="Number">0</Data></Cell>
    <Cell><Data ss:Type="String">2023-12-07 16:15:37.947033</Data></Cell>
   </Row>
   <Row>
    <Cell><Data ss:Type="String">1141</Data></Cell>
    <Cell><Data ss:Type="Number">0.25</Data></Cell>
    <Cell><Data ss:Type="Number">-9.9700000000000006</Data></Cell>
    <Cell><Data ss:Type="Number">0.11</Data></Cell>
    <Cell><Data ss:Type="Number">-9.41</Data></Cell>
    <Cell><Data ss:Type="Number">-0.02</Data></Cell>
    <Cell><Data ss:Type="Number">-0.92</Data></Cell>
    <Cell><Data ss:Type="Number">22.7</Data></Cell>
    <Cell><Data ss:Type="Number">39.5</Data></Cell>
    <Cell><Data ss:Type="Number">0</Data></Cell>
    <Cell><Data ss:Type="Number">0</Data></Cell>
    <Cell><Data ss:Type="String">2023-12-07 16:15:37.898867</Data></Cell>
   </Row>
   <Row>
    <Cell><Data ss:Type="String">1140</Data></Cell>
    <Cell><Data ss:Type="Number">0.32</Data></Cell>
    <Cell><Data ss:Type="Number">-9.9600000000000009</Data></Cell>
    <Cell><Data ss:Type="Number">0.14000000000000001</Data></Cell>
    <Cell><Data ss:Type="Number">-9.41</Data></Cell>
    <Cell><Data ss:Type="Number">-0.12</Data></Cell>
    <Cell><Data ss:Type="Number">-0.9</Data></Cell>
    <Cell><Data ss:Type="Number">22.7</Data></Cell>
    <Cell><Data ss:Type="Number">39.5</Data></Cell>
    <Cell><Data ss:Type="Number">0</Data></Cell>
    <Cell><Data ss:Type="Number">0</Data></Cell>
    <Cell><Data ss:Type="String">2023-12-07 16:15:37.855633</Data></Cell>
   </Row>
   <Row>
    <Cell><Data ss:Type="String">1139</Data></Cell>
    <Cell><Data ss:Type="Number">0.24</Data></Cell>
    <Cell><Data ss:Type="Number">-10.11</Data></Cell>
    <Cell><Data ss:Type="Number">0.12</Data></Cell>
    <Cell><Data ss:Type="Number">-9.48</Data></Cell>
    <Cell><Data ss:Type="Number">-0.04</Data></Cell>
    <Cell><Data ss:Type="Number">-0.92</Data></Cell>
    <Cell><Data ss:Type="Number">22.7</Data></Cell>
    <Cell><Data ss:Type="Number">39.5</Data></Cell>
    <Cell><Data ss:Type="Number">0</Data></Cell>
    <Cell><Data ss:Type="Number">0</Data></Cell>
    <Cell><Data ss:Type="String">2023-12-07 16:15:37.852704</Data></Cell>
   </Row>
   <Row>
    <Cell><Data ss:Type="String">1138</Data></Cell>
    <Cell><Data ss:Type="Number">0.24</Data></Cell>
    <Cell><Data ss:Type="Number">-10.23</Data></Cell>
    <Cell><Data ss:Type="Number">0.2</Data></Cell>
    <Cell><Data ss:Type="Number">-9.56</Data></Cell>
    <Cell><Data ss:Type="Number">-0.08</Data></Cell>
    <Cell><Data ss:Type="Number">-0.91</Data></Cell>
    <Cell><Data ss:Type="Number">22.7</Data></Cell>
    <Cell><Data ss:Type="Number">39.5</Data></Cell>
    <Cell><Data ss:Type="Number">0</Data></Cell>
    <Cell><Data ss:Type="Number">0</Data></Cell>
    <Cell><Data ss:Type="String">2023-12-07 16:15:37.806411</Data></Cell>
   </Row>
   <Row>
    <Cell><Data ss:Type="String">1137</Data></Cell>
    <Cell><Data ss:Type="Number">0.26</Data></Cell>
    <Cell><Data ss:Type="Number">-10.029999999999999</Data></Cell>
    <Cell><Data ss:Type="Number">-0.04</Data></Cell>
    <Cell><Data ss:Type="Number">-9.5</Data></Cell>
    <Cell><Data ss:Type="Number">-0.08</Data></Cell>
    <Cell><Data ss:Type="Number">-0.89</Data></Cell>
    <Cell><Data ss:Type="Number">22.7</Data></Cell>
    <Cell><Data ss:Type="Number">39.5</Data></Cell>
    <Cell><Data ss:Type="Number">0</Data></Cell>
    <Cell><Data ss:Type="Number">0</Data></Cell>
    <Cell><Data ss:Type="String">2023-12-07 16:15:37.763206</Data></Cell>
   </Row>
   <Row>
    <Cell><Data ss:Type="String">1136</Data></Cell>
    <Cell><Data ss:Type="Number">0.26</Data></Cell>
    <Cell><Data ss:Type="Number">-9.9700000000000006</Data></Cell>
    <Cell><Data ss:Type="Number">0.11</Data></Cell>
    <Cell><Data ss:Type="Number">-9.44</Data></Cell>
    <Cell><Data ss:Type="Number">-0.08</Data></Cell>
    <Cell><Data ss:Type="Number">-0.98</Data></Cell>
    <Cell><Data ss:Type="Number">22.7</Data></Cell>
    <Cell><Data ss:Type="Number">39.5</Data></Cell>
    <Cell><Data ss:Type="Number">0</Data></Cell>
    <Cell><Data ss:Type="Number">0</Data></Cell>
    <Cell><Data ss:Type="String">2023-12-07 16:15:37.717346</Data></Cell>
   </Row>
   <Row>
    <Cell><Data ss:Type="String">1135</Data></Cell>
    <Cell><Data ss:Type="Number">0.31</Data></Cell>
    <Cell><Data ss:Type="Number">-9.8800000000000008</Data></Cell>
    <Cell><Data ss:Type="Number">0.15</Data></Cell>
    <Cell><Data ss:Type="Number">-9.39</Data></Cell>
    <Cell><Data ss:Type="Number">-0.06</Data></Cell>
    <Cell><Data ss:Type="Number">-0.85</Data></Cell>
    <Cell><Data ss:Type="Number">22.7</Data></Cell>
    <Cell><Data ss:Type="Number">39.5</Data></Cell>
    <Cell><Data ss:Type="Number">0</Data></Cell>
    <Cell><Data ss:Type="Number">0</Data></Cell>
    <Cell><Data ss:Type="String">2023-12-07 16:15:37.715692</Data></Cell>
   </Row>
   <Row>
    <Cell><Data ss:Type="String">1134</Data></Cell>
    <Cell><Data ss:Type="Number">0.28000000000000003</Data></Cell>
    <Cell><Data ss:Type="Number">-10.029999999999999</Data></Cell>
    <Cell><Data ss:Type="Number">-0.02</Data></Cell>
    <Cell><Data ss:Type="Number">-9.5299999999999994</Data></Cell>
    <Cell><Data ss:Type="Number">-0.11</Data></Cell>
    <Cell><Data ss:Type="Number">-0.96</Data></Cell>
    <Cell><Data ss:Type="Number">22.7</Data></Cell>
    <Cell><Data ss:Type="Number">39.5</Data></Cell>
    <Cell><Data ss:Type="Number">0</Data></Cell>
    <Cell><Data ss:Type="Number">0</Data></Cell>
    <Cell><Data ss:Type="String">2023-12-07 16:15:37.714030</Data></Cell>
   </Row>
   <Row>
    <Cell><Data ss:Type="String">1133</Data></Cell>
    <Cell><Data ss:Type="Number">0.43</Data></Cell>
    <Cell><Data ss:Type="Number">-10.18</Data></Cell>
    <Cell><Data ss:Type="Number">0.25</Data></Cell>
    <Cell><Data ss:Type="Number">-9.48</Data></Cell>
    <Cell><Data ss:Type="Number">-0.05</Data></Cell>
    <Cell><Data ss:Type="Number">-0.87</Data></Cell>
    <Cell><Data ss:Type="Number">22.7</Data></Cell>
    <Cell><Data ss:Type="Number">39.5</Data></Cell>
    <Cell><Data ss:Type="Number">0</Data></Cell>
    <Cell><Data ss:Type="Number">0</Data></Cell>
    <Cell><Data ss:Type="String">2023-12-07 16:15:37.712173</Data></Cell>
   </Row>
   <Row>
    <Cell><Data ss:Type="String">1132</Data></Cell>
    <Cell><Data ss:Type="Number">0.31</Data></Cell>
    <Cell><Data ss:Type="Number">-10.01</Data></Cell>
    <Cell><Data ss:Type="Number">0.12</Data></Cell>
    <Cell><Data ss:Type="Number">-9.49</Data></Cell>
    <Cell><Data ss:Type="Number">-0.09</Data></Cell>
    <Cell><Data ss:Type="Number">-0.94</Data></Cell>
    <Cell><Data ss:Type="Number">22.7</Data></Cell>
    <Cell><Data ss:Type="Number">39.5</Data></Cell>
    <Cell><Data ss:Type="Number">0</Data></Cell>
    <Cell><Data ss:Type="Number">0</Data></Cell>
    <Cell><Data ss:Type="String">2023-12-07 16:15:37.596309</Data></Cell>
   </Row>
   <Row>
    <Cell><Data ss:Type="String">1131</Data></Cell>
    <Cell><Data ss:Type="Number">0.26</Data></Cell>
    <Cell><Data ss:Type="Number">-9.92</Data></Cell>
    <Cell><Data ss:Type="Number">0.1</Data></Cell>
    <Cell><Data ss:Type="Number">-9.42</Data></Cell>
    <Cell><Data ss:Type="Number">-0.08</Data></Cell>
    <Cell><Data ss:Type="Number">-0.93</Data></Cell>
    <Cell><Data ss:Type="Number">22.7</Data></Cell>
    <Cell><Data ss:Type="Number">39.5</Data></Cell>
    <Cell><Data ss:Type="Number">0</Data></Cell>
    <Cell><Data ss:Type="Number">0</Data></Cell>
    <Cell><Data ss:Type="String">2023-12-07 16:15:37.550364</Data></Cell>
   </Row>
   <Row>
    <Cell><Data ss:Type="String">1130</Data></Cell>
    <Cell><Data ss:Type="Number">0.3</Data></Cell>
    <Cell><Data ss:Type="Number">-9.92</Data></Cell>
    <Cell><Data ss:Type="Number">0.19</Data></Cell>
    <Cell><Data ss:Type="Number">-9.4600000000000009</Data></Cell>
    <Cell><Data ss:Type="Number">-0.11</Data></Cell>
    <Cell><Data ss:Type="Number">-0.84</Data></Cell>
    <Cell><Data ss:Type="Number">22.7</Data></Cell>
    <Cell><Data ss:Type="Number">39.5</Data></Cell>
    <Cell><Data ss:Type="Number">0</Data></Cell>
    <Cell><Data ss:Type="Number">0</Data></Cell>
    <Cell><Data ss:Type="String">2023-12-07 16:15:37.548387</Data></Cell>
   </Row>
   <Row>
    <Cell><Data ss:Type="String">1129</Data></Cell>
    <Cell><Data ss:Type="Number">0.32</Data></Cell>
    <Cell><Data ss:Type="Number">-10.34</Data></Cell>
    <Cell><Data ss:Type="Number">0.09</Data></Cell>
    <Cell><Data ss:Type="Number">-9.61</Data></Cell>
    <Cell><Data ss:Type="Number">-0.09</Data></Cell>
    <Cell><Data ss:Type="Number">-0.99</Data></Cell>
    <Cell><Data ss:Type="Number">22.7</Data></Cell>
    <Cell><Data ss:Type="Number">39.5</Data></Cell>
    <Cell><Data ss:Type="Number">0</Data></Cell>
    <Cell><Data ss:Type="Number">0</Data></Cell>
    <Cell><Data ss:Type="String">2023-12-07 16:15:37.500824</Data></Cell>
   </Row>
   <Row>
    <Cell><Data ss:Type="String">1128</Data></Cell>
    <Cell><Data ss:Type="Number">0.2</Data></Cell>
    <Cell><Data ss:Type="Number">-10.18</Data></Cell>
    <Cell><Data ss:Type="Number">0.31</Data></Cell>
    <Cell><Data ss:Type="Number">-9.4700000000000006</Data></Cell>
    <Cell><Data ss:Type="Number">-0.02</Data></Cell>
    <Cell><Data ss:Type="Number">-0.77</Data></Cell>
    <Cell><Data ss:Type="Number">22.7</Data></Cell>
    <Cell><Data ss:Type="Number">39.5</Data></Cell>
    <Cell><Data ss:Type="Number">0</Data></Cell>
    <Cell><Data ss:Type="Number">0</Data></Cell>
    <Cell><Data ss:Type="String">2023-12-07 16:15:37.459233</Data></Cell>
   </Row>
   <Row>
    <Cell><Data ss:Type="String">1127</Data></Cell>
    <Cell><Data ss:Type="Number">0.49</Data></Cell>
    <Cell><Data ss:Type="Number">-10.199999999999999</Data></Cell>
    <Cell><Data ss:Type="Number">0.23</Data></Cell>
    <Cell><Data ss:Type="Number">-9.48</Data></Cell>
    <Cell><Data ss:Type="Number">-0.13</Data></Cell>
    <Cell><Data ss:Type="Number">-1.02</Data></Cell>
    <Cell><Data ss:Type="Number">22.7</Data></Cell>
    <Cell><Data ss:Type="Number">39.5</Data></Cell>
    <Cell><Data ss:Type="Number">0</Data></Cell>
    <Cell><Data ss:Type="Number">0</Data></Cell>
    <Cell><Data ss:Type="String">2023-12-07 16:15:37.457487</Data></Cell>
   </Row>
   <Row>
    <Cell><Data ss:Type="String">1126</Data></Cell>
    <Cell><Data ss:Type="Number">0.14000000000000001</Data></Cell>
    <Cell><Data ss:Type="Number">-9.86</Data></Cell>
    <Cell><Data ss:Type="Number">0.26</Data></Cell>
    <Cell><Data ss:Type="Number">-9.4</Data></Cell>
    <Cell><Data ss:Type="Number">-0.04</Data></Cell>
    <Cell><Data ss:Type="Number">-0.83</Data></Cell>
    <Cell><Data ss:Type="Number">22.7</Data></Cell>
    <Cell><Data ss:Type="Number">39.5</Data></Cell>
    <Cell><Data ss:Type="Number">0</Data></Cell>
    <Cell><Data ss:Type="Number">0</Data></Cell>
    <Cell><Data ss:Type="String">2023-12-07 16:15:37.407960</Data></Cell>
   </Row>
   <Row>
    <Cell><Data ss:Type="String">1125</Data></Cell>
    <Cell><Data ss:Type="Number">0.4</Data></Cell>
    <Cell><Data ss:Type="Number">-10.28</Data></Cell>
    <Cell><Data ss:Type="Number">0.09</Data></Cell>
    <Cell><Data ss:Type="Number">-9.5299999999999994</Data></Cell>
    <Cell><Data ss:Type="Number">-0.04</Data></Cell>
    <Cell><Data ss:Type="Number">-0.91</Data></Cell>
    <Cell><Data ss:Type="Number">22.7</Data></Cell>
    <Cell><Data ss:Type="Number">39.5</Data></Cell>
    <Cell><Data ss:Type="Number">0</Data></Cell>
    <Cell><Data ss:Type="Number">0</Data></Cell>
    <Cell><Data ss:Type="String">2023-12-07 16:15:37.405612</Data></Cell>
   </Row>
   <Row>
    <Cell><Data ss:Type="String">1124</Data></Cell>
    <Cell><Data ss:Type="Number">0.15</Data></Cell>
    <Cell><Data ss:Type="Number">-10.16</Data></Cell>
    <Cell><Data ss:Type="Number">0.25</Data></Cell>
    <Cell><Data ss:Type="Number">-9.5500000000000007</Data></Cell>
    <Cell><Data ss:Type="Number">-7.0000000000000007E-2</Data></Cell>
    <Cell><Data ss:Type="Number">-0.92</Data></Cell>
    <Cell><Data ss:Type="Number">22.7</Data></Cell>
    <Cell><Data ss:Type="Number">39.5</Data></Cell>
    <Cell><Data ss:Type="Number">0</Data></Cell>
    <Cell><Data ss:Type="Number">0</Data></Cell>
    <Cell><Data ss:Type="String">2023-12-07 16:15:37.318855</Data></Cell>
   </Row>
   <Row>
    <Cell><Data ss:Type="String">1123</Data></Cell>
    <Cell><Data ss:Type="Number">0.33</Data></Cell>
    <Cell><Data ss:Type="Number">-9.9499999999999993</Data></Cell>
    <Cell><Data ss:Type="Number">0.09</Data></Cell>
    <Cell><Data ss:Type="Number">-9.36</Data></Cell>
    <Cell><Data ss:Type="Number">-0.06</Data></Cell>
    <Cell><Data ss:Type="Number">-0.86</Data></Cell>
    <Cell><Data ss:Type="Number">22.7</Data></Cell>
    <Cell><Data ss:Type="Number">39.5</Data></Cell>
    <Cell><Data ss:Type="Number">0</Data></Cell>
    <Cell><Data ss:Type="Number">0</Data></Cell>
    <Cell><Data ss:Type="String">2023-12-07 16:15:37.317147</Data></Cell>
   </Row>
   <Row>
    <Cell><Data ss:Type="String">1122</Data></Cell>
    <Cell><Data ss:Type="Number">0.24</Data></Cell>
    <Cell><Data ss:Type="Number">-9.94</Data></Cell>
    <Cell><Data ss:Type="Number">0.16</Data></Cell>
    <Cell><Data ss:Type="Number">-9.4499999999999993</Data></Cell>
    <Cell><Data ss:Type="Number">1.22</Data></Cell>
    <Cell><Data ss:Type="Number">-0.62</Data></Cell>
    <Cell><Data ss:Type="Number">22.7</Data></Cell>
    <Cell><Data ss:Type="Number">39.5</Data></Cell>
    <Cell><Data ss:Type="Number">0</Data></Cell>
    <Cell><Data ss:Type="Number">0</Data></Cell>
    <Cell><Data ss:Type="String">2023-12-07 16:15:37.271601</Data></Cell>
   </Row>
   <Row>
    <Cell><Data ss:Type="String">1121</Data></Cell>
    <Cell><Data ss:Type="Number">0.32</Data></Cell>
    <Cell><Data ss:Type="Number">-9.94</Data></Cell>
    <Cell><Data ss:Type="Number">0.27</Data></Cell>
    <Cell><Data ss:Type="Number">-9.51</Data></Cell>
    <Cell><Data ss:Type="Number">-0.1</Data></Cell>
    <Cell><Data ss:Type="Number">-0.9</Data></Cell>
    <Cell><Data ss:Type="Number">22.7</Data></Cell>
    <Cell><Data ss:Type="Number">39.5</Data></Cell>
    <Cell><Data ss:Type="Number">0</Data></Cell>
    <Cell><Data ss:Type="Number">0</Data></Cell>
    <Cell><Data ss:Type="String">2023-12-07 16:15:37.225402</Data></Cell>
   </Row>
   <Row>
    <Cell><Data ss:Type="String">1120</Data></Cell>
    <Cell><Data ss:Type="Number">0.31</Data></Cell>
    <Cell><Data ss:Type="Number">-10.29</Data></Cell>
    <Cell><Data ss:Type="Number">0.19</Data></Cell>
    <Cell><Data ss:Type="Number">-9.5399999999999991</Data></Cell>
    <Cell><Data ss:Type="Number">-0.06</Data></Cell>
    <Cell><Data ss:Type="Number">-0.87</Data></Cell>
    <Cell><Data ss:Type="Number">22.7</Data></Cell>
    <Cell><Data ss:Type="Number">39.5</Data></Cell>
    <Cell><Data ss:Type="Number">0</Data></Cell>
    <Cell><Data ss:Type="Number">0</Data></Cell>
    <Cell><Data ss:Type="String">2023-12-07 16:15:37.180625</Data></Cell>
   </Row>
   <Row>
    <Cell><Data ss:Type="String">1119</Data></Cell>
    <Cell><Data ss:Type="Number">0.27</Data></Cell>
    <Cell><Data ss:Type="Number">-10.210000000000001</Data></Cell>
    <Cell><Data ss:Type="Number">0.12</Data></Cell>
    <Cell><Data ss:Type="Number">-9.51</Data></Cell>
    <Cell><Data ss:Type="Number">-0.08</Data></Cell>
    <Cell><Data ss:Type="Number">-0.93</Data></Cell>
    <Cell><Data ss:Type="Number">22.7</Data></Cell>
    <Cell><Data ss:Type="Number">39.5</Data></Cell>
    <Cell><Data ss:Type="Number">0</Data></Cell>
    <Cell><Data ss:Type="Number">0</Data></Cell>
    <Cell><Data ss:Type="String">2023-12-07 16:15:37.178688</Data></Cell>
   </Row>
   <Row>
    <Cell><Data ss:Type="String">1118</Data></Cell>
    <Cell><Data ss:Type="Number">0.25</Data></Cell>
    <Cell><Data ss:Type="Number">-9.92</Data></Cell>
    <Cell><Data ss:Type="Number">0.14000000000000001</Data></Cell>
    <Cell><Data ss:Type="Number">-9.41</Data></Cell>
    <Cell><Data ss:Type="Number">-0.06</Data></Cell>
    <Cell><Data ss:Type="Number">-0.9</Data></Cell>
    <Cell><Data ss:Type="Number">22.7</Data></Cell>
    <Cell><Data ss:Type="Number">39.5</Data></Cell>
    <Cell><Data ss:Type="Number">0</Data></Cell>
    <Cell><Data ss:Type="Number">0</Data></Cell>
    <Cell><Data ss:Type="String">2023-12-07 16:15:37.133221</Data></Cell>
   </Row>
   <Row>
    <Cell><Data ss:Type="String">1117</Data></Cell>
    <Cell><Data ss:Type="Number">0.39</Data></Cell>
    <Cell><Data ss:Type="Number">-9.99</Data></Cell>
    <Cell><Data ss:Type="Number">0.09</Data></Cell>
    <Cell><Data ss:Type="Number">-9.5</Data></Cell>
    <Cell><Data ss:Type="Number">-0.08</Data></Cell>
    <Cell><Data ss:Type="Number">-0.95</Data></Cell>
    <Cell><Data ss:Type="Number">22.7</Data></Cell>
    <Cell><Data ss:Type="Number">39.5</Data></Cell>
    <Cell><Data ss:Type="Number">0</Data></Cell>
    <Cell><Data ss:Type="Number">0</Data></Cell>
    <Cell><Data ss:Type="String">2023-12-07 16:15:37.089556</Data></Cell>
   </Row>
   <Row>
    <Cell><Data ss:Type="String">1116</Data></Cell>
    <Cell><Data ss:Type="Number">0.32</Data></Cell>
    <Cell><Data ss:Type="Number">-10.25</Data></Cell>
    <Cell><Data ss:Type="Number">0.18</Data></Cell>
    <Cell><Data ss:Type="Number">-9.5299999999999994</Data></Cell>
    <Cell><Data ss:Type="Number">-0.08</Data></Cell>
    <Cell><Data ss:Type="Number">-0.87</Data></Cell>
    <Cell><Data ss:Type="Number">22.7</Data></Cell>
    <Cell><Data ss:Type="Number">39.5</Data></Cell>
    <Cell><Data ss:Type="Number">0</Data></Cell>
    <Cell><Data ss:Type="Number">0</Data></Cell>
    <Cell><Data ss:Type="String">2023-12-07 16:15:37.086896</Data></Cell>
   </Row>
   <Row>
    <Cell><Data ss:Type="String">1115</Data></Cell>
    <Cell><Data ss:Type="Number">0.25</Data></Cell>
    <Cell><Data ss:Type="Number">-10.26</Data></Cell>
    <Cell><Data ss:Type="Number">0.16</Data></Cell>
    <Cell><Data ss:Type="Number">-9.5399999999999991</Data></Cell>
    <Cell><Data ss:Type="Number">-0.06</Data></Cell>
    <Cell><Data ss:Type="Number">-0.91</Data></Cell>
    <Cell><Data ss:Type="Number">22.7</Data></Cell>
    <Cell><Data ss:Type="Number">39.5</Data></Cell>
    <Cell><Data ss:Type="Number">0</Data></Cell>
    <Cell><Data ss:Type="Number">0</Data></Cell>
    <Cell><Data ss:Type="String">2023-12-07 16:15:37.084745</Data></Cell>
   </Row>
   <Row>
    <Cell><Data ss:Type="String">1114</Data></Cell>
    <Cell><Data ss:Type="Number">0.32</Data></Cell>
    <Cell><Data ss:Type="Number">-10.17</Data></Cell>
    <Cell><Data ss:Type="Number">0.19</Data></Cell>
    <Cell><Data ss:Type="Number">-9.4700000000000006</Data></Cell>
    <Cell><Data ss:Type="Number">-0.09</Data></Cell>
    <Cell><Data ss:Type="Number">-0.92</Data></Cell>
    <Cell><Data ss:Type="Number">22.7</Data></Cell>
    <Cell><Data ss:Type="Number">39.5</Data></Cell>
    <Cell><Data ss:Type="Number">0</Data></Cell>
    <Cell><Data ss:Type="Number">0</Data></Cell>
    <Cell><Data ss:Type="String">2023-12-07 16:15:37.083020</Data></Cell>
   </Row>
   <Row>
    <Cell><Data ss:Type="String">1113</Data></Cell>
    <Cell><Data ss:Type="Number">0.35</Data></Cell>
    <Cell><Data ss:Type="Number">-10.01</Data></Cell>
    <Cell><Data ss:Type="Number">0.18</Data></Cell>
    <Cell><Data ss:Type="Number">-9.43</Data></Cell>
    <Cell><Data ss:Type="Number">-7.0000000000000007E-2</Data></Cell>
    <Cell><Data ss:Type="Number">-0.9</Data></Cell>
    <Cell><Data ss:Type="Number">22.7</Data></Cell>
    <Cell><Data ss:Type="Number">39.5</Data></Cell>
    <Cell><Data ss:Type="Number">0</Data></Cell>
    <Cell><Data ss:Type="Number">0</Data></Cell>
    <Cell><Data ss:Type="String">2023-12-07 16:15:37.081344</Data></Cell>
   </Row>
   <Row>
    <Cell><Data ss:Type="String">1112</Data></Cell>
    <Cell><Data ss:Type="Number">0.31</Data></Cell>
    <Cell><Data ss:Type="Number">-10.029999999999999</Data></Cell>
    <Cell><Data ss:Type="Number">-0.15</Data></Cell>
    <Cell><Data ss:Type="Number">-9.4700000000000006</Data></Cell>
    <Cell><Data ss:Type="Number">-0.1</Data></Cell>
    <Cell><Data ss:Type="Number">-0.99</Data></Cell>
    <Cell><Data ss:Type="Number">22.7</Data></Cell>
    <Cell><Data ss:Type="Number">39.5</Data></Cell>
    <Cell><Data ss:Type="Number">0</Data></Cell>
    <Cell><Data ss:Type="Number">0</Data></Cell>
    <Cell><Data ss:Type="String">2023-12-07 16:15:37.079460</Data></Cell>
   </Row>
   <Row>
    <Cell><Data ss:Type="String">1111</Data></Cell>
    <Cell><Data ss:Type="Number">0.24</Data></Cell>
    <Cell><Data ss:Type="Number">-10.1</Data></Cell>
    <Cell><Data ss:Type="Number">0.21</Data></Cell>
    <Cell><Data ss:Type="Number">-9.48</Data></Cell>
    <Cell><Data ss:Type="Number">-0.08</Data></Cell>
    <Cell><Data ss:Type="Number">-0.83</Data></Cell>
    <Cell><Data ss:Type="Number">22.7</Data></Cell>
    <Cell><Data ss:Type="Number">39.5</Data></Cell>
    <Cell><Data ss:Type="Number">0</Data></Cell>
    <Cell><Data ss:Type="Number">0</Data></Cell>
    <Cell><Data ss:Type="String">2023-12-07 16:15:37.077410</Data></Cell>
   </Row>
   <Row>
    <Cell><Data ss:Type="String">1110</Data></Cell>
    <Cell><Data ss:Type="Number">0.32</Data></Cell>
    <Cell><Data ss:Type="Number">-10.33</Data></Cell>
    <Cell><Data ss:Type="Number">0.09</Data></Cell>
    <Cell><Data ss:Type="Number">-9.56</Data></Cell>
    <Cell><Data ss:Type="Number">-7.0000000000000007E-2</Data></Cell>
    <Cell><Data ss:Type="Number">-0.95</Data></Cell>
    <Cell><Data ss:Type="Number">22.7</Data></Cell>
    <Cell><Data ss:Type="Number">39.5</Data></Cell>
    <Cell><Data ss:Type="Number">0</Data></Cell>
    <Cell><Data ss:Type="Number">0</Data></Cell>
    <Cell><Data ss:Type="String">2023-12-07 16:15:37.075668</Data></Cell>
   </Row>
   <Row>
    <Cell><Data ss:Type="String">1109</Data></Cell>
    <Cell><Data ss:Type="Number">0.28999999999999998</Data></Cell>
    <Cell><Data ss:Type="Number">-10.039999999999999</Data></Cell>
    <Cell><Data ss:Type="Number">0.22</Data></Cell>
    <Cell><Data ss:Type="Number">-9.42</Data></Cell>
    <Cell><Data ss:Type="Number">-0.08</Data></Cell>
    <Cell><Data ss:Type="Number">-0.92</Data></Cell>
    <Cell><Data ss:Type="Number">22.7</Data></Cell>
    <Cell><Data ss:Type="Number">39.5</Data></Cell>
    <Cell><Data ss:Type="Number">0</Data></Cell>
    <Cell><Data ss:Type="Number">0</Data></Cell>
    <Cell><Data ss:Type="String">2023-12-07 16:15:36.841957</Data></Cell>
   </Row>
   <Row>
    <Cell><Data ss:Type="String">1108</Data></Cell>
    <Cell><Data ss:Type="Number">0.28999999999999998</Data></Cell>
    <Cell><Data ss:Type="Number">-9.9600000000000009</Data></Cell>
    <Cell><Data ss:Type="Number">0.06</Data></Cell>
    <Cell><Data ss:Type="Number">-9.41</Data></Cell>
    <Cell><Data ss:Type="Number">-7.0000000000000007E-2</Data></Cell>
    <Cell><Data ss:Type="Number">-0.92</Data></Cell>
    <Cell><Data ss:Type="Number">22.7</Data></Cell>
    <Cell><Data ss:Type="Number">39.5</Data></Cell>
    <Cell><Data ss:Type="Number">0</Data></Cell>
    <Cell><Data ss:Type="Number">0</Data></Cell>
    <Cell><Data ss:Type="String">2023-12-07 16:15:36.797089</Data></Cell>
   </Row>
   <Row>
    <Cell><Data ss:Type="String">1107</Data></Cell>
    <Cell><Data ss:Type="Number">0.3</Data></Cell>
    <Cell><Data ss:Type="Number">-9.9600000000000009</Data></Cell>
    <Cell><Data ss:Type="Number">0.08</Data></Cell>
    <Cell><Data ss:Type="Number">-9.5</Data></Cell>
    <Cell><Data ss:Type="Number">-0.08</Data></Cell>
    <Cell><Data ss:Type="Number">-0.96</Data></Cell>
    <Cell><Data ss:Type="Number">22.7</Data></Cell>
    <Cell><Data ss:Type="Number">39.5</Data></Cell>
    <Cell><Data ss:Type="Number">0</Data></Cell>
    <Cell><Data ss:Type="Number">0</Data></Cell>
    <Cell><Data ss:Type="String">2023-12-07 16:15:36.795089</Data></Cell>
   </Row>
   <Row>
    <Cell><Data ss:Type="String">1106</Data></Cell>
    <Cell><Data ss:Type="Number">0.31</Data></Cell>
    <Cell><Data ss:Type="Number">-10.130000000000001</Data></Cell>
    <Cell><Data ss:Type="Number">0.22</Data></Cell>
    <Cell><Data ss:Type="Number">-9.5</Data></Cell>
    <Cell><Data ss:Type="Number">-7.0000000000000007E-2</Data></Cell>
    <Cell><Data ss:Type="Number">-0.84</Data></Cell>
    <Cell><Data ss:Type="Number">22.7</Data></Cell>
    <Cell><Data ss:Type="Number">39.5</Data></Cell>
    <Cell><Data ss:Type="Number">0</Data></Cell>
    <Cell><Data ss:Type="Number">0</Data></Cell>
    <Cell><Data ss:Type="String">2023-12-07 16:15:36.791285</Data></Cell>
   </Row>
   <Row>
    <Cell><Data ss:Type="String">1105</Data></Cell>
    <Cell><Data ss:Type="Number">0.25</Data></Cell>
    <Cell><Data ss:Type="Number">-10.26</Data></Cell>
    <Cell><Data ss:Type="Number">0.14000000000000001</Data></Cell>
    <Cell><Data ss:Type="Number">-9.6</Data></Cell>
    <Cell><Data ss:Type="Number">-0.08</Data></Cell>
    <Cell><Data ss:Type="Number">-0.96</Data></Cell>
    <Cell><Data ss:Type="Number">22.7</Data></Cell>
    <Cell><Data ss:Type="Number">39.5</Data></Cell>
    <Cell><Data ss:Type="Number">0</Data></Cell>
    <Cell><Data ss:Type="Number">0</Data></Cell>
    <Cell><Data ss:Type="String">2023-12-07 16:15:36.788859</Data></Cell>
   </Row>
   <Row>
    <Cell><Data ss:Type="String">1104</Data></Cell>
    <Cell><Data ss:Type="Number">0.24</Data></Cell>
    <Cell><Data ss:Type="Number">-10.199999999999999</Data></Cell>
    <Cell><Data ss:Type="Number">0.23</Data></Cell>
    <Cell><Data ss:Type="Number">-9.4600000000000009</Data></Cell>
    <Cell><Data ss:Type="Number">-0.06</Data></Cell>
    <Cell><Data ss:Type="Number">-0.85</Data></Cell>
    <Cell><Data ss:Type="Number">22.7</Data></Cell>
    <Cell><Data ss:Type="Number">39.5</Data></Cell>
    <Cell><Data ss:Type="Number">0</Data></Cell>
    <Cell><Data ss:Type="Number">0</Data></Cell>
    <Cell><Data ss:Type="String">2023-12-07 16:15:36.786211</Data></Cell>
   </Row>
   <Row>
    <Cell><Data ss:Type="String">1103</Data></Cell>
    <Cell><Data ss:Type="Number">0.31</Data></Cell>
    <Cell><Data ss:Type="Number">-10.119999999999999</Data></Cell>
    <Cell><Data ss:Type="Number">0.09</Data></Cell>
    <Cell><Data ss:Type="Number">-9.43</Data></Cell>
    <Cell><Data ss:Type="Number">-0.08</Data></Cell>
    <Cell><Data ss:Type="Number">-0.93</Data></Cell>
    <Cell><Data ss:Type="Number">22.7</Data></Cell>
    <Cell><Data ss:Type="Number">39.5</Data></Cell>
    <Cell><Data ss:Type="Number">0</Data></Cell>
    <Cell><Data ss:Type="Number">0</Data></Cell>
    <Cell><Data ss:Type="String">2023-12-07 16:15:36.784344</Data></Cell>
   </Row>
   <Row>
    <Cell><Data ss:Type="String">1102</Data></Cell>
    <Cell><Data ss:Type="Number">0.31</Data></Cell>
    <Cell><Data ss:Type="Number">-9.9</Data></Cell>
    <Cell><Data ss:Type="Number">0.12</Data></Cell>
    <Cell><Data ss:Type="Number">-9.43</Data></Cell>
    <Cell><Data ss:Type="Number">-0.1</Data></Cell>
    <Cell><Data ss:Type="Number">-0.95</Data></Cell>
    <Cell><Data ss:Type="Number">22.7</Data></Cell>
    <Cell><Data ss:Type="Number">39.5</Data></Cell>
    <Cell><Data ss:Type="Number">0</Data></Cell>
    <Cell><Data ss:Type="Number">0</Data></Cell>
    <Cell><Data ss:Type="String">2023-12-07 16:15:36.782074</Data></Cell>
   </Row>
   <Row>
    <Cell><Data ss:Type="String">1101</Data></Cell>
    <Cell><Data ss:Type="Number">0.42</Data></Cell>
    <Cell><Data ss:Type="Number">-10.029999999999999</Data></Cell>
    <Cell><Data ss:Type="Number">0.18</Data></Cell>
    <Cell><Data ss:Type="Number">-9.48</Data></Cell>
    <Cell><Data ss:Type="Number">-0.11</Data></Cell>
    <Cell><Data ss:Type="Number">-0.85</Data></Cell>
    <Cell><Data ss:Type="Number">22.7</Data></Cell>
    <Cell><Data ss:Type="Number">39.5</Data></Cell>
    <Cell><Data ss:Type="Number">0</Data></Cell>
    <Cell><Data ss:Type="Number">0</Data></Cell>
    <Cell><Data ss:Type="String">2023-12-07 16:15:36.547699</Data></Cell>
   </Row>
   <Row>
    <Cell><Data ss:Type="String">1100</Data></Cell>
    <Cell><Data ss:Type="Number">0.36</Data></Cell>
    <Cell><Data ss:Type="Number">-10.210000000000001</Data></Cell>
    <Cell><Data ss:Type="Number">0.17</Data></Cell>
    <Cell><Data ss:Type="Number">-9.56</Data></Cell>
    <Cell><Data ss:Type="Number">-0.12</Data></Cell>
    <Cell><Data ss:Type="Number">-0.97</Data></Cell>
    <Cell><Data ss:Type="Number">22.7</Data></Cell>
    <Cell><Data ss:Type="Number">39.5</Data></Cell>
    <Cell><Data ss:Type="Number">0</Data></Cell>
    <Cell><Data ss:Type="Number">0</Data></Cell>
    <Cell><Data ss:Type="String">2023-12-07 16:15:36.546125</Data></Cell>
   </Row>
   <Row>
    <Cell><Data ss:Type="String">1099</Data></Cell>
    <Cell><Data ss:Type="Number">0.17</Data></Cell>
    <Cell><Data ss:Type="Number">-10.11</Data></Cell>
    <Cell><Data ss:Type="Number">0.21</Data></Cell>
    <Cell><Data ss:Type="Number">-9.42</Data></Cell>
    <Cell><Data ss:Type="Number">-0.03</Data></Cell>
    <Cell><Data ss:Type="Number">-0.88</Data></Cell>
    <Cell><Data ss:Type="Number">22.7</Data></Cell>
    <Cell><Data ss:Type="Number">39.5</Data></Cell>
    <Cell><Data ss:Type="Number">0</Data></Cell>
    <Cell><Data ss:Type="Number">0</Data></Cell>
    <Cell><Data ss:Type="String">2023-12-07 16:15:36.494882</Data></Cell>
   </Row>
   <Row>
    <Cell><Data ss:Type="String">1098</Data></Cell>
    <Cell><Data ss:Type="Number">0.14000000000000001</Data></Cell>
    <Cell><Data ss:Type="Number">-10.050000000000001</Data></Cell>
    <Cell><Data ss:Type="Number">-0.1</Data></Cell>
    <Cell><Data ss:Type="Number">-9.4499999999999993</Data></Cell>
    <Cell><Data ss:Type="Number">0.08</Data></Cell>
    <Cell><Data ss:Type="Number">-1</Data></Cell>
    <Cell><Data ss:Type="Number">22.7</Data></Cell>
    <Cell><Data ss:Type="Number">39.5</Data></Cell>
    <Cell><Data ss:Type="Number">0</Data></Cell>
    <Cell><Data ss:Type="Number">0</Data></Cell>
    <Cell><Data ss:Type="String">2023-12-07 16:15:36.493324</Data></Cell>
   </Row>
   <Row>
    <Cell><Data ss:Type="String">1097</Data></Cell>
    <Cell><Data ss:Type="Number">0.46</Data></Cell>
    <Cell><Data ss:Type="Number">-9.85</Data></Cell>
    <Cell><Data ss:Type="Number">0.34</Data></Cell>
    <Cell><Data ss:Type="Number">-9.42</Data></Cell>
    <Cell><Data ss:Type="Number">-0.13</Data></Cell>
    <Cell><Data ss:Type="Number">-0.92</Data></Cell>
    <Cell><Data ss:Type="Number">22.7</Data></Cell>
    <Cell><Data ss:Type="Number">39.5</Data></Cell>
    <Cell><Data ss:Type="Number">0</Data></Cell>
    <Cell><Data ss:Type="Number">0</Data></Cell>
    <Cell><Data ss:Type="String">2023-12-07 16:15:36.491824</Data></Cell>
   </Row>
   <Row>
    <Cell><Data ss:Type="String">1096</Data></Cell>
    <Cell><Data ss:Type="Number">0.97</Data></Cell>
    <Cell><Data ss:Type="Number">-10.039999999999999</Data></Cell>
    <Cell><Data ss:Type="Number">0.61</Data></Cell>
    <Cell><Data ss:Type="Number">-9.4600000000000009</Data></Cell>
    <Cell><Data ss:Type="Number">-0.46</Data></Cell>
    <Cell><Data ss:Type="Number">-0.8</Data></Cell>
    <Cell><Data ss:Type="Number">22.7</Data></Cell>
    <Cell><Data ss:Type="Number">39.5</Data></Cell>
    <Cell><Data ss:Type="Number">0</Data></Cell>
    <Cell><Data ss:Type="Number">0</Data></Cell>
    <Cell><Data ss:Type="String">2023-12-07 16:15:36.489436</Data></Cell>
   </Row>
   <Row>
    <Cell><Data ss:Type="String">1095</Data></Cell>
    <Cell><Data ss:Type="Number">-1.1100000000000001</Data></Cell>
    <Cell><Data ss:Type="Number">-10.41</Data></Cell>
    <Cell><Data ss:Type="Number">-0.17</Data></Cell>
    <Cell><Data ss:Type="Number">-9.64</Data></Cell>
    <Cell><Data ss:Type="Number">0.06</Data></Cell>
    <Cell><Data ss:Type="Number">-1.03</Data></Cell>
    <Cell><Data ss:Type="Number">22.7</Data></Cell>
    <Cell><Data ss:Type="Number">39.5</Data></Cell>
    <Cell><Data ss:Type="Number">0</Data></Cell>
    <Cell><Data ss:Type="Number">0</Data></Cell>
    <Cell><Data ss:Type="String">2023-12-07 16:15:36.486087</Data></Cell>
   </Row>
   <Row>
    <Cell><Data ss:Type="String">1094</Data></Cell>
    <Cell><Data ss:Type="Number">0.26</Data></Cell>
    <Cell><Data ss:Type="Number">-10.029999999999999</Data></Cell>
    <Cell><Data ss:Type="Number">-0.14000000000000001</Data></Cell>
    <Cell><Data ss:Type="Number">-9.4</Data></Cell>
    <Cell><Data ss:Type="Number">-0.28999999999999998</Data></Cell>
    <Cell><Data ss:Type="Number">-0.66</Data></Cell>
    <Cell><Data ss:Type="Number">22.7</Data></Cell>
    <Cell><Data ss:Type="Number">39.5</Data></Cell>
    <Cell><Data ss:Type="Number">0</Data></Cell>
    <Cell><Data ss:Type="Number">0</Data></Cell>
    <Cell><Data ss:Type="String">2023-12-07 16:15:36.483690</Data></Cell>
   </Row>
   <Row>
    <Cell><Data ss:Type="String">1093</Data></Cell>
    <Cell><Data ss:Type="Number">-1.81</Data></Cell>
    <Cell><Data ss:Type="Number">-10.34</Data></Cell>
    <Cell><Data ss:Type="Number">-1.69</Data></Cell>
    <Cell><Data ss:Type="Number">-9.6999999999999993</Data></Cell>
    <Cell><Data ss:Type="Number">1.4</Data></Cell>
    <Cell><Data ss:Type="Number">-1.34</Data></Cell>
    <Cell><Data ss:Type="Number">22.7</Data></Cell>
    <Cell><Data ss:Type="Number">39.5</Data></Cell>
    <Cell><Data ss:Type="Number">0</Data></Cell>
    <Cell><Data ss:Type="Number">0</Data></Cell>
    <Cell><Data ss:Type="String">2023-12-07 16:15:36.286967</Data></Cell>
   </Row>
   <Row>
    <Cell><Data ss:Type="String">1092</Data></Cell>
    <Cell><Data ss:Type="Number">2.46</Data></Cell>
    <Cell><Data ss:Type="Number">-9.31</Data></Cell>
    <Cell><Data ss:Type="Number">1.1200000000000001</Data></Cell>
    <Cell><Data ss:Type="Number">-6.71</Data></Cell>
    <Cell><Data ss:Type="Number">0.68</Data></Cell>
    <Cell><Data ss:Type="Number">-1.88</Data></Cell>
    <Cell><Data ss:Type="Number">22.7</Data></Cell>
    <Cell><Data ss:Type="Number">39.5</Data></Cell>
    <Cell><Data ss:Type="Number">0</Data></Cell>
    <Cell><Data ss:Type="Number">0</Data></Cell>
    <Cell><Data ss:Type="String">2023-12-07 16:15:36.285146</Data></Cell>
   </Row>
   <Row>
    <Cell><Data ss:Type="String">1091</Data></Cell>
    <Cell><Data ss:Type="Number">0.32</Data></Cell>
    <Cell><Data ss:Type="Number">-10.54</Data></Cell>
    <Cell><Data ss:Type="Number">-7.0000000000000007E-2</Data></Cell>
    <Cell><Data ss:Type="Number">-9.48</Data></Cell>
    <Cell><Data ss:Type="Number">-0.08</Data></Cell>
    <Cell><Data ss:Type="Number">-0.94</Data></Cell>
    <Cell><Data ss:Type="Number">22.7</Data></Cell>
    <Cell><Data ss:Type="Number">39.5</Data></Cell>
    <Cell><Data ss:Type="Number">0</Data></Cell>
    <Cell><Data ss:Type="Number">0</Data></Cell>
    <Cell><Data ss:Type="String">2023-12-07 16:15:36.238327</Data></Cell>
   </Row>
   <Row>
    <Cell><Data ss:Type="String">1090</Data></Cell>
    <Cell><Data ss:Type="Number">-0.65</Data></Cell>
    <Cell><Data ss:Type="Number">-10.43</Data></Cell>
    <Cell><Data ss:Type="Number">0.39</Data></Cell>
    <Cell><Data ss:Type="Number">-9.6199999999999992</Data></Cell>
    <Cell><Data ss:Type="Number">-0.06</Data></Cell>
    <Cell><Data ss:Type="Number">-0.87</Data></Cell>
    <Cell><Data ss:Type="Number">22.7</Data></Cell>
    <Cell><Data ss:Type="Number">39.5</Data></Cell>
    <Cell><Data ss:Type="Number">0</Data></Cell>
    <Cell><Data ss:Type="Number">0</Data></Cell>
    <Cell><Data ss:Type="String">2023-12-07 16:15:36.193398</Data></Cell>
   </Row>
   <Row>
    <Cell><Data ss:Type="String">1089</Data></Cell>
    <Cell><Data ss:Type="Number">0.68</Data></Cell>
    <Cell><Data ss:Type="Number">-9.6300000000000008</Data></Cell>
    <Cell><Data ss:Type="Number">-0.1</Data></Cell>
    <Cell><Data ss:Type="Number">-9.3699999999999992</Data></Cell>
    <Cell><Data ss:Type="Number">-0.06</Data></Cell>
    <Cell><Data ss:Type="Number">-0.94</Data></Cell>
    <Cell><Data ss:Type="Number">22.7</Data></Cell>
    <Cell><Data ss:Type="Number">39.6</Data></Cell>
    <Cell><Data ss:Type="Number">0</Data></Cell>
    <Cell><Data ss:Type="Number">0</Data></Cell>
    <Cell><Data ss:Type="String">2023-12-07 16:15:36.146770</Data></Cell>
   </Row>
   <Row>
    <Cell><Data ss:Type="String">1088</Data></Cell>
    <Cell><Data ss:Type="Number">0.16</Data></Cell>
    <Cell><Data ss:Type="Number">-10.52</Data></Cell>
    <Cell><Data ss:Type="Number">-0.14000000000000001</Data></Cell>
    <Cell><Data ss:Type="Number">-9.6</Data></Cell>
    <Cell><Data ss:Type="Number">-0.13</Data></Cell>
    <Cell><Data ss:Type="Number">-0.93</Data></Cell>
    <Cell><Data ss:Type="Number">22.7</Data></Cell>
    <Cell><Data ss:Type="Number">39.6</Data></Cell>
    <Cell><Data ss:Type="Number">0</Data></Cell>
    <Cell><Data ss:Type="Number">0</Data></Cell>
    <Cell><Data ss:Type="String">2023-12-07 16:15:36.098615</Data></Cell>
   </Row>
   <Row>
    <Cell><Data ss:Type="String">1087</Data></Cell>
    <Cell><Data ss:Type="Number">-0.11</Data></Cell>
    <Cell><Data ss:Type="Number">-10.55</Data></Cell>
    <Cell><Data ss:Type="Number">0.2</Data></Cell>
    <Cell><Data ss:Type="Number">-9.67</Data></Cell>
    <Cell><Data ss:Type="Number">-0.1</Data></Cell>
    <Cell><Data ss:Type="Number">-0.79</Data></Cell>
    <Cell><Data ss:Type="Number">22.7</Data></Cell>
    <Cell><Data ss:Type="Number">39.6</Data></Cell>
    <Cell><Data ss:Type="Number">0</Data></Cell>
    <Cell><Data ss:Type="Number">0</Data></Cell>
    <Cell><Data ss:Type="String">2023-12-07 16:15:36.096803</Data></Cell>
   </Row>
   <Row>
    <Cell><Data ss:Type="String">1086</Data></Cell>
    <Cell><Data ss:Type="Number">0.31</Data></Cell>
    <Cell><Data ss:Type="Number">-10.28</Data></Cell>
    <Cell><Data ss:Type="Number">0.24</Data></Cell>
    <Cell><Data ss:Type="Number">-9.5</Data></Cell>
    <Cell><Data ss:Type="Number">-7.0000000000000007E-2</Data></Cell>
    <Cell><Data ss:Type="Number">-0.92</Data></Cell>
    <Cell><Data ss:Type="Number">22.7</Data></Cell>
    <Cell><Data ss:Type="Number">39.6</Data></Cell>
    <Cell><Data ss:Type="Number">0</Data></Cell>
    <Cell><Data ss:Type="Number">0</Data></Cell>
    <Cell><Data ss:Type="String">2023-12-07 16:15:36.095226</Data></Cell>
   </Row>
   <Row>
    <Cell><Data ss:Type="String">1085</Data></Cell>
    <Cell><Data ss:Type="Number">-0.05</Data></Cell>
    <Cell><Data ss:Type="Number">-8.75</Data></Cell>
    <Cell><Data ss:Type="Number">-0.04</Data></Cell>
    <Cell><Data ss:Type="Number">-9.07</Data></Cell>
    <Cell><Data ss:Type="Number">0.02</Data></Cell>
    <Cell><Data ss:Type="Number">-0.9</Data></Cell>
    <Cell><Data ss:Type="Number">22.7</Data></Cell>
    <Cell><Data ss:Type="Number">39.6</Data></Cell>
    <Cell><Data ss:Type="Number">0</Data></Cell>
    <Cell><Data ss:Type="Number">0</Data></Cell>
    <Cell><Data ss:Type="String">2023-12-07 16:15:36.093705</Data></Cell>
   </Row>
   <Row>
    <Cell><Data ss:Type="String">1084</Data></Cell>
    <Cell><Data ss:Type="Number">0.85</Data></Cell>
    <Cell><Data ss:Type="Number">-10.26</Data></Cell>
    <Cell><Data ss:Type="Number">0.61</Data></Cell>
    <Cell><Data ss:Type="Number">-9.5299999999999994</Data></Cell>
    <Cell><Data ss:Type="Number">-0.1</Data></Cell>
    <Cell><Data ss:Type="Number">-0.93</Data></Cell>
    <Cell><Data ss:Type="Number">22.7</Data></Cell>
    <Cell><Data ss:Type="Number">39.6</Data></Cell>
    <Cell><Data ss:Type="Number">0</Data></Cell>
    <Cell><Data ss:Type="Number">0</Data></Cell>
    <Cell><Data ss:Type="String">2023-12-07 16:15:36.092030</Data></Cell>
   </Row>
   <Row>
    <Cell><Data ss:Type="String">1083</Data></Cell>
    <Cell><Data ss:Type="Number">-0.21</Data></Cell>
    <Cell><Data ss:Type="Number">-10.09</Data></Cell>
    <Cell><Data ss:Type="Number">0.03</Data></Cell>
    <Cell><Data ss:Type="Number">-9.52</Data></Cell>
    <Cell><Data ss:Type="Number">-0.04</Data></Cell>
    <Cell><Data ss:Type="Number">-0.92</Data></Cell>
    <Cell><Data ss:Type="Number">22.7</Data></Cell>
    <Cell><Data ss:Type="Number">39.6</Data></Cell>
    <Cell><Data ss:Type="Number">0</Data></Cell>
    <Cell><Data ss:Type="Number">0</Data></Cell>
    <Cell><Data ss:Type="String">2023-12-07 16:15:35.859567</Data></Cell>
   </Row>
   <Row>
    <Cell><Data ss:Type="String">1082</Data></Cell>
    <Cell><Data ss:Type="Number">-0.43</Data></Cell>
    <Cell><Data ss:Type="Number">-10.01</Data></Cell>
    <Cell><Data ss:Type="Number">-0.43</Data></Cell>
    <Cell><Data ss:Type="Number">-9.52</Data></Cell>
    <Cell><Data ss:Type="Number">-0.02</Data></Cell>
    <Cell><Data ss:Type="Number">-0.96</Data></Cell>
    <Cell><Data ss:Type="Number">22.7</Data></Cell>
    <Cell><Data ss:Type="Number">39.6</Data></Cell>
    <Cell><Data ss:Type="Number">0</Data></Cell>
    <Cell><Data ss:Type="Number">0</Data></Cell>
    <Cell><Data ss:Type="String">2023-12-07 16:15:35.855881</Data></Cell>
   </Row>
   <Row>
    <Cell><Data ss:Type="String">1081</Data></Cell>
    <Cell><Data ss:Type="Number">0.38</Data></Cell>
    <Cell><Data ss:Type="Number">-9.7200000000000006</Data></Cell>
    <Cell><Data ss:Type="Number">-0.06</Data></Cell>
    <Cell><Data ss:Type="Number">-9.3000000000000007</Data></Cell>
    <Cell><Data ss:Type="Number">-0.04</Data></Cell>
    <Cell><Data ss:Type="Number">-0.95</Data></Cell>
    <Cell><Data ss:Type="Number">22.7</Data></Cell>
    <Cell><Data ss:Type="Number">39.6</Data></Cell>
    <Cell><Data ss:Type="Number">0</Data></Cell>
    <Cell><Data ss:Type="Number">0</Data></Cell>
    <Cell><Data ss:Type="String">2023-12-07 16:15:35.809351</Data></Cell>
   </Row>
   <Row>
    <Cell><Data ss:Type="String">1080</Data></Cell>
    <Cell><Data ss:Type="Number">0.3</Data></Cell>
    <Cell><Data ss:Type="Number">-9.66</Data></Cell>
    <Cell><Data ss:Type="Number">0.18</Data></Cell>
    <Cell><Data ss:Type="Number">-9.6300000000000008</Data></Cell>
    <Cell><Data ss:Type="Number">-0.06</Data></Cell>
    <Cell><Data ss:Type="Number">-0.9</Data></Cell>
    <Cell><Data ss:Type="Number">22.7</Data></Cell>
    <Cell><Data ss:Type="Number">39.6</Data></Cell>
    <Cell><Data ss:Type="Number">0</Data></Cell>
    <Cell><Data ss:Type="Number">0</Data></Cell>
    <Cell><Data ss:Type="String">2023-12-07 16:15:35.766980</Data></Cell>
   </Row>
   <Row>
    <Cell><Data ss:Type="String">1079</Data></Cell>
    <Cell><Data ss:Type="Number">0.25</Data></Cell>
    <Cell><Data ss:Type="Number">-10.49</Data></Cell>
    <Cell><Data ss:Type="Number">0</Data></Cell>
    <Cell><Data ss:Type="Number">-9.6199999999999992</Data></Cell>
    <Cell><Data ss:Type="Number">-0.03</Data></Cell>
    <Cell><Data ss:Type="Number">-0.91</Data></Cell>
    <Cell><Data ss:Type="Number">22.7</Data></Cell>
    <Cell><Data ss:Type="Number">39.6</Data></Cell>
    <Cell><Data ss:Type="Number">0</Data></Cell>
    <Cell><Data ss:Type="Number">0</Data></Cell>
    <Cell><Data ss:Type="String">2023-12-07 16:15:35.765096</Data></Cell>
   </Row>
   <Row>
    <Cell><Data ss:Type="String">1078</Data></Cell>
    <Cell><Data ss:Type="Number">7.0000000000000007E-2</Data></Cell>
    <Cell><Data ss:Type="Number">-10.210000000000001</Data></Cell>
    <Cell><Data ss:Type="Number">0.39</Data></Cell>
    <Cell><Data ss:Type="Number">-9.36</Data></Cell>
    <Cell><Data ss:Type="Number">-0.1</Data></Cell>
    <Cell><Data ss:Type="Number">-0.95</Data></Cell>
    <Cell><Data ss:Type="Number">22.7</Data></Cell>
    <Cell><Data ss:Type="Number">39.6</Data></Cell>
    <Cell><Data ss:Type="Number">0</Data></Cell>
    <Cell><Data ss:Type="Number">0</Data></Cell>
    <Cell><Data ss:Type="String">2023-12-07 16:15:35.716070</Data></Cell>
   </Row>
   <Row>
    <Cell><Data ss:Type="String">1077</Data></Cell>
    <Cell><Data ss:Type="Number">7.0000000000000007E-2</Data></Cell>
    <Cell><Data ss:Type="Number">-10</Data></Cell>
    <Cell><Data ss:Type="Number">0.08</Data></Cell>
    <Cell><Data ss:Type="Number">-9.49</Data></Cell>
    <Cell><Data ss:Type="Number">-7.0000000000000007E-2</Data></Cell>
    <Cell><Data ss:Type="Number">-0.87</Data></Cell>
    <Cell><Data ss:Type="Number">22.7</Data></Cell>
    <Cell><Data ss:Type="Number">39.6</Data></Cell>
    <Cell><Data ss:Type="Number">0</Data></Cell>
    <Cell><Data ss:Type="Number">0</Data></Cell>
    <Cell><Data ss:Type="String">2023-12-07 16:15:35.671458</Data></Cell>
   </Row>
   <Row>
    <Cell><Data ss:Type="String">1076</Data></Cell>
    <Cell><Data ss:Type="Number">0.63</Data></Cell>
    <Cell><Data ss:Type="Number">-9.73</Data></Cell>
    <Cell><Data ss:Type="Number">0.09</Data></Cell>
    <Cell><Data ss:Type="Number">-9.39</Data></Cell>
    <Cell><Data ss:Type="Number">-0.17</Data></Cell>
    <Cell><Data ss:Type="Number">-0.91</Data></Cell>
    <Cell><Data ss:Type="Number">22.7</Data></Cell>
    <Cell><Data ss:Type="Number">39.6</Data></Cell>
    <Cell><Data ss:Type="Number">0</Data></Cell>
    <Cell><Data ss:Type="Number">0</Data></Cell>
    <Cell><Data ss:Type="String">2023-12-07 16:15:35.626141</Data></Cell>
   </Row>
   <Row>
    <Cell><Data ss:Type="String">1075</Data></Cell>
    <Cell><Data ss:Type="Number">0.02</Data></Cell>
    <Cell><Data ss:Type="Number">-9.8699999999999992</Data></Cell>
    <Cell><Data ss:Type="Number">0.24</Data></Cell>
    <Cell><Data ss:Type="Number">-9.4700000000000006</Data></Cell>
    <Cell><Data ss:Type="Number">-0.02</Data></Cell>
    <Cell><Data ss:Type="Number">-0.88</Data></Cell>
    <Cell><Data ss:Type="Number">22.7</Data></Cell>
    <Cell><Data ss:Type="Number">39.6</Data></Cell>
    <Cell><Data ss:Type="Number">0</Data></Cell>
    <Cell><Data ss:Type="Number">0</Data></Cell>
    <Cell><Data ss:Type="String">2023-12-07 16:15:35.624535</Data></Cell>
   </Row>
   <Row>
    <Cell><Data ss:Type="String">1074</Data></Cell>
    <Cell><Data ss:Type="Number">0.35</Data></Cell>
    <Cell><Data ss:Type="Number">-10.45</Data></Cell>
    <Cell><Data ss:Type="Number">0.02</Data></Cell>
    <Cell><Data ss:Type="Number">-9.58</Data></Cell>
    <Cell><Data ss:Type="Number">-0.15</Data></Cell>
    <Cell><Data ss:Type="Number">-0.87</Data></Cell>
    <Cell><Data ss:Type="Number">22.7</Data></Cell>
    <Cell><Data ss:Type="Number">39.6</Data></Cell>
    <Cell><Data ss:Type="Number">0</Data></Cell>
    <Cell><Data ss:Type="Number">0</Data></Cell>
    <Cell><Data ss:Type="String">2023-12-07 16:15:35.580255</Data></Cell>
   </Row>
   <Row>
    <Cell><Data ss:Type="String">1073</Data></Cell>
    <Cell><Data ss:Type="Number">0.25</Data></Cell>
    <Cell><Data ss:Type="Number">-10.19</Data></Cell>
    <Cell><Data ss:Type="Number">0.28999999999999998</Data></Cell>
    <Cell><Data ss:Type="Number">-9.57</Data></Cell>
    <Cell><Data ss:Type="Number">-0.18</Data></Cell>
    <Cell><Data ss:Type="Number">-0.87</Data></Cell>
    <Cell><Data ss:Type="Number">22.7</Data></Cell>
    <Cell><Data ss:Type="Number">39.6</Data></Cell>
    <Cell><Data ss:Type="Number">0</Data></Cell>
    <Cell><Data ss:Type="Number">0</Data></Cell>
    <Cell><Data ss:Type="String">2023-12-07 16:15:35.534067</Data></Cell>
   </Row>
   <Row>
    <Cell><Data ss:Type="String">1072</Data></Cell>
    <Cell><Data ss:Type="Number">0.17</Data></Cell>
    <Cell><Data ss:Type="Number">-9.5</Data></Cell>
    <Cell><Data ss:Type="Number">0</Data></Cell>
    <Cell><Data ss:Type="Number">-9.39</Data></Cell>
    <Cell><Data ss:Type="Number">-7.0000000000000007E-2</Data></Cell>
    <Cell><Data ss:Type="Number">-0.88</Data></Cell>
    <Cell><Data ss:Type="Number">22.7</Data></Cell>
    <Cell><Data ss:Type="Number">39.6</Data></Cell>
    <Cell><Data ss:Type="Number">0</Data></Cell>
    <Cell><Data ss:Type="Number">0</Data></Cell>
    <Cell><Data ss:Type="String">2023-12-07 16:15:35.531785</Data></Cell>
   </Row>
   <Row>
    <Cell><Data ss:Type="String">1071</Data></Cell>
    <Cell><Data ss:Type="Number">0.56000000000000005</Data></Cell>
    <Cell><Data ss:Type="Number">-9.92</Data></Cell>
    <Cell><Data ss:Type="Number">0.24</Data></Cell>
    <Cell><Data ss:Type="Number">-9.5399999999999991</Data></Cell>
    <Cell><Data ss:Type="Number">-0.11</Data></Cell>
    <Cell><Data ss:Type="Number">-0.97</Data></Cell>
    <Cell><Data ss:Type="Number">22.7</Data></Cell>
    <Cell><Data ss:Type="Number">39.6</Data></Cell>
    <Cell><Data ss:Type="Number">0</Data></Cell>
    <Cell><Data ss:Type="Number">0</Data></Cell>
    <Cell><Data ss:Type="String">2023-12-07 16:15:35.486276</Data></Cell>
   </Row>
   <Row>
    <Cell><Data ss:Type="String">1070</Data></Cell>
    <Cell><Data ss:Type="Number">0.41</Data></Cell>
    <Cell><Data ss:Type="Number">-10.85</Data></Cell>
    <Cell><Data ss:Type="Number">0.5</Data></Cell>
    <Cell><Data ss:Type="Number">-9.6</Data></Cell>
    <Cell><Data ss:Type="Number">-0.09</Data></Cell>
    <Cell><Data ss:Type="Number">-0.88</Data></Cell>
    <Cell><Data ss:Type="Number">22.7</Data></Cell>
    <Cell><Data ss:Type="Number">39.6</Data></Cell>
    <Cell><Data ss:Type="Number">0</Data></Cell>
    <Cell><Data ss:Type="Number">0</Data></Cell>
    <Cell><Data ss:Type="String">2023-12-07 16:15:35.442423</Data></Cell>
   </Row>
   <Row>
    <Cell><Data ss:Type="String">1069</Data></Cell>
    <Cell><Data ss:Type="Number">0.37</Data></Cell>
    <Cell><Data ss:Type="Number">-10.65</Data></Cell>
    <Cell><Data ss:Type="Number">0.06</Data></Cell>
    <Cell><Data ss:Type="Number">-9.42</Data></Cell>
    <Cell><Data ss:Type="Number">-0.05</Data></Cell>
    <Cell><Data ss:Type="Number">-0.92</Data></Cell>
    <Cell><Data ss:Type="Number">22.7</Data></Cell>
    <Cell><Data ss:Type="Number">39.6</Data></Cell>
    <Cell><Data ss:Type="Number">0</Data></Cell>
    <Cell><Data ss:Type="Number">0</Data></Cell>
    <Cell><Data ss:Type="String">2023-12-07 16:15:35.396630</Data></Cell>
   </Row>
   <Row>
    <Cell><Data ss:Type="String">1068</Data></Cell>
    <Cell><Data ss:Type="Number">0.6</Data></Cell>
    <Cell><Data ss:Type="Number">-9.66</Data></Cell>
    <Cell><Data ss:Type="Number">0.4</Data></Cell>
    <Cell><Data ss:Type="Number">-9.4600000000000009</Data></Cell>
    <Cell><Data ss:Type="Number">-0.13</Data></Cell>
    <Cell><Data ss:Type="Number">-0.97</Data></Cell>
    <Cell><Data ss:Type="Number">22.7</Data></Cell>
    <Cell><Data ss:Type="Number">39.6</Data></Cell>
    <Cell><Data ss:Type="Number">0</Data></Cell>
    <Cell><Data ss:Type="Number">0</Data></Cell>
    <Cell><Data ss:Type="String">2023-12-07 16:15:35.395103</Data></Cell>
   </Row>
   <Row>
    <Cell><Data ss:Type="String">1067</Data></Cell>
    <Cell><Data ss:Type="Number">0.11</Data></Cell>
    <Cell><Data ss:Type="Number">-9.85</Data></Cell>
    <Cell><Data ss:Type="Number">-0.15</Data></Cell>
    <Cell><Data ss:Type="Number">-9.31</Data></Cell>
    <Cell><Data ss:Type="Number">-0.02</Data></Cell>
    <Cell><Data ss:Type="Number">-0.86</Data></Cell>
    <Cell><Data ss:Type="Number">22.7</Data></Cell>
    <Cell><Data ss:Type="Number">39.6</Data></Cell>
    <Cell><Data ss:Type="Number">0</Data></Cell>
    <Cell><Data ss:Type="Number">0</Data></Cell>
    <Cell><Data ss:Type="String">2023-12-07 16:15:35.346975</Data></Cell>
   </Row>
   <Row>
    <Cell><Data ss:Type="String">1066</Data></Cell>
    <Cell><Data ss:Type="Number">0.89</Data></Cell>
    <Cell><Data ss:Type="Number">-9.9700000000000006</Data></Cell>
    <Cell><Data ss:Type="Number">0.31</Data></Cell>
    <Cell><Data ss:Type="Number">-9.5500000000000007</Data></Cell>
    <Cell><Data ss:Type="Number">-0.21</Data></Cell>
    <Cell><Data ss:Type="Number">-0.96</Data></Cell>
    <Cell><Data ss:Type="Number">22.7</Data></Cell>
    <Cell><Data ss:Type="Number">39.6</Data></Cell>
    <Cell><Data ss:Type="Number">0</Data></Cell>
    <Cell><Data ss:Type="Number">0</Data></Cell>
    <Cell><Data ss:Type="String">2023-12-07 16:15:35.304124</Data></Cell>
   </Row>
   <Row>
    <Cell><Data ss:Type="String">1065</Data></Cell>
    <Cell><Data ss:Type="Number">-0.13</Data></Cell>
    <Cell><Data ss:Type="Number">-10.75</Data></Cell>
    <Cell><Data ss:Type="Number">0.1</Data></Cell>
    <Cell><Data ss:Type="Number">-9.6</Data></Cell>
    <Cell><Data ss:Type="Number">0.11</Data></Cell>
    <Cell><Data ss:Type="Number">-0.79</Data></Cell>
    <Cell><Data ss:Type="Number">22.7</Data></Cell>
    <Cell><Data ss:Type="Number">39.6</Data></Cell>
    <Cell><Data ss:Type="Number">0</Data></Cell>
    <Cell><Data ss:Type="Number">0</Data></Cell>
    <Cell><Data ss:Type="String">2023-12-07 16:15:35.258881</Data></Cell>
   </Row>
   <Row>
    <Cell><Data ss:Type="String">1064</Data></Cell>
    <Cell><Data ss:Type="Number">0.68</Data></Cell>
    <Cell><Data ss:Type="Number">-11.61</Data></Cell>
    <Cell><Data ss:Type="Number">0.34</Data></Cell>
    <Cell><Data ss:Type="Number">-9.75</Data></Cell>
    <Cell><Data ss:Type="Number">-0.27</Data></Cell>
    <Cell><Data ss:Type="Number">-0.97</Data></Cell>
    <Cell><Data ss:Type="Number">22.7</Data></Cell>
    <Cell><Data ss:Type="Number">39.6</Data></Cell>
    <Cell><Data ss:Type="Number">0</Data></Cell>
    <Cell><Data ss:Type="Number">0</Data></Cell>
    <Cell><Data ss:Type="String">2023-12-07 16:15:35.257452</Data></Cell>
   </Row>
   <Row>
    <Cell><Data ss:Type="String">1063</Data></Cell>
    <Cell><Data ss:Type="Number">-0.11</Data></Cell>
    <Cell><Data ss:Type="Number">-9.69</Data></Cell>
    <Cell><Data ss:Type="Number">-0.04</Data></Cell>
    <Cell><Data ss:Type="Number">-9.2799999999999994</Data></Cell>
    <Cell><Data ss:Type="Number">0.05</Data></Cell>
    <Cell><Data ss:Type="Number">-0.88</Data></Cell>
    <Cell><Data ss:Type="Number">22.7</Data></Cell>
    <Cell><Data ss:Type="Number">39.6</Data></Cell>
    <Cell><Data ss:Type="Number">0</Data></Cell>
    <Cell><Data ss:Type="Number">0</Data></Cell>
    <Cell><Data ss:Type="String">2023-12-07 16:15:35.255419</Data></Cell>
   </Row>
   <Row>
    <Cell><Data ss:Type="String">1062</Data></Cell>
    <Cell><Data ss:Type="Number">-0.32</Data></Cell>
    <Cell><Data ss:Type="Number">-10.4</Data></Cell>
    <Cell><Data ss:Type="Number">-0.08</Data></Cell>
    <Cell><Data ss:Type="Number">-9.59</Data></Cell>
    <Cell><Data ss:Type="Number">0.22</Data></Cell>
    <Cell><Data ss:Type="Number">-0.96</Data></Cell>
    <Cell><Data ss:Type="Number">22.7</Data></Cell>
    <Cell><Data ss:Type="Number">39.6</Data></Cell>
    <Cell><Data ss:Type="Number">0</Data></Cell>
    <Cell><Data ss:Type="Number">0</Data></Cell>
    <Cell><Data ss:Type="String">2023-12-07 16:15:35.180488</Data></Cell>
   </Row>
   <Row>
    <Cell><Data ss:Type="String">1061</Data></Cell>
    <Cell><Data ss:Type="Number">0.89</Data></Cell>
    <Cell><Data ss:Type="Number">-10.6</Data></Cell>
    <Cell><Data ss:Type="Number">0.14000000000000001</Data></Cell>
    <Cell><Data ss:Type="Number">-9.59</Data></Cell>
    <Cell><Data ss:Type="Number">-0.03</Data></Cell>
    <Cell><Data ss:Type="Number">-1.02</Data></Cell>
    <Cell><Data ss:Type="Number">22.7</Data></Cell>
    <Cell><Data ss:Type="Number">39.6</Data></Cell>
    <Cell><Data ss:Type="Number">0</Data></Cell>
    <Cell><Data ss:Type="Number">0</Data></Cell>
    <Cell><Data ss:Type="String">2023-12-07 16:15:35.134941</Data></Cell>
   </Row>
   <Row>
    <Cell><Data ss:Type="String">1060</Data></Cell>
    <Cell><Data ss:Type="Number">0.63</Data></Cell>
    <Cell><Data ss:Type="Number">-10.210000000000001</Data></Cell>
    <Cell><Data ss:Type="Number">0.85</Data></Cell>
    <Cell><Data ss:Type="Number">-9.42</Data></Cell>
    <Cell><Data ss:Type="Number">-0.59</Data></Cell>
    <Cell><Data ss:Type="Number">-0.68</Data></Cell>
    <Cell><Data ss:Type="Number">22.7</Data></Cell>
    <Cell><Data ss:Type="Number">39.6</Data></Cell>
    <Cell><Data ss:Type="Number">0</Data></Cell>
    <Cell><Data ss:Type="Number">0</Data></Cell>
    <Cell><Data ss:Type="String">2023-12-07 16:15:35.091538</Data></Cell>
   </Row>
   <Row>
    <Cell><Data ss:Type="String">1059</Data></Cell>
    <Cell><Data ss:Type="Number">1</Data></Cell>
    <Cell><Data ss:Type="Number">-10.37</Data></Cell>
    <Cell><Data ss:Type="Number">-0.85</Data></Cell>
    <Cell><Data ss:Type="Number">-9.59</Data></Cell>
    <Cell><Data ss:Type="Number">0.65</Data></Cell>
    <Cell><Data ss:Type="Number">-1.24</Data></Cell>
    <Cell><Data ss:Type="Number">22.7</Data></Cell>
    <Cell><Data ss:Type="Number">39.6</Data></Cell>
    <Cell><Data ss:Type="Number">0</Data></Cell>
    <Cell><Data ss:Type="Number">0</Data></Cell>
    <Cell><Data ss:Type="String">2023-12-07 16:15:35.089438</Data></Cell>
   </Row>
   <Row>
    <Cell><Data ss:Type="String">1058</Data></Cell>
    <Cell><Data ss:Type="Number">-2.21</Data></Cell>
    <Cell><Data ss:Type="Number">-9.06</Data></Cell>
    <Cell><Data ss:Type="Number">-0.22</Data></Cell>
    <Cell><Data ss:Type="Number">-9.44</Data></Cell>
    <Cell><Data ss:Type="Number">1.43</Data></Cell>
    <Cell><Data ss:Type="Number">-1.07</Data></Cell>
    <Cell><Data ss:Type="Number">22.7</Data></Cell>
    <Cell><Data ss:Type="Number">39.6</Data></Cell>
    <Cell><Data ss:Type="Number">0</Data></Cell>
    <Cell><Data ss:Type="Number">0</Data></Cell>
    <Cell><Data ss:Type="String">2023-12-07 16:15:35.042406</Data></Cell>
   </Row>
   <Row>
    <Cell><Data ss:Type="String">1057</Data></Cell>
    <Cell><Data ss:Type="Number">4.7300000000000004</Data></Cell>
    <Cell><Data ss:Type="Number">-14.28</Data></Cell>
    <Cell><Data ss:Type="Number">2.08</Data></Cell>
    <Cell><Data ss:Type="Number">-13.75</Data></Cell>
    <Cell><Data ss:Type="Number">-2.21</Data></Cell>
    <Cell><Data ss:Type="Number">-1.03</Data></Cell>
    <Cell><Data ss:Type="Number">22.7</Data></Cell>
    <Cell><Data ss:Type="Number">39.6</Data></Cell>
    <Cell><Data ss:Type="Number">0</Data></Cell>
    <Cell><Data ss:Type="Number">0</Data></Cell>
    <Cell><Data ss:Type="String">2023-12-07 16:15:34.999408</Data></Cell>
   </Row>
   <Row>
    <Cell><Data ss:Type="String">1056</Data></Cell>
    <Cell><Data ss:Type="Number">0.13</Data></Cell>
    <Cell><Data ss:Type="Number">-10.1</Data></Cell>
    <Cell><Data ss:Type="Number">0.28000000000000003</Data></Cell>
    <Cell><Data ss:Type="Number">-9.48</Data></Cell>
    <Cell><Data ss:Type="Number">-0.06</Data></Cell>
    <Cell><Data ss:Type="Number">-0.87</Data></Cell>
    <Cell><Data ss:Type="Number">22.7</Data></Cell>
    <Cell><Data ss:Type="Number">39.6</Data></Cell>
    <Cell><Data ss:Type="Number">0</Data></Cell>
    <Cell><Data ss:Type="Number">0</Data></Cell>
    <Cell><Data ss:Type="String">2023-12-07 16:15:34.997984</Data></Cell>
   </Row>
   <Row>
    <Cell><Data ss:Type="String">1055</Data></Cell>
    <Cell><Data ss:Type="Number">0.34</Data></Cell>
    <Cell><Data ss:Type="Number">-10.06</Data></Cell>
    <Cell><Data ss:Type="Number">0.21</Data></Cell>
    <Cell><Data ss:Type="Number">-9.33</Data></Cell>
    <Cell><Data ss:Type="Number">-0.11</Data></Cell>
    <Cell><Data ss:Type="Number">-0.9</Data></Cell>
    <Cell><Data ss:Type="Number">22.7</Data></Cell>
    <Cell><Data ss:Type="Number">39.6</Data></Cell>
    <Cell><Data ss:Type="Number">0</Data></Cell>
    <Cell><Data ss:Type="Number">0</Data></Cell>
    <Cell><Data ss:Type="String">2023-12-07 16:15:34.951651</Data></Cell>
   </Row>
   <Row>
    <Cell><Data ss:Type="String">1054</Data></Cell>
    <Cell><Data ss:Type="Number">0.27</Data></Cell>
    <Cell><Data ss:Type="Number">-9.91</Data></Cell>
    <Cell><Data ss:Type="Number">7.0000000000000007E-2</Data></Cell>
    <Cell><Data ss:Type="Number">-9.42</Data></Cell>
    <Cell><Data ss:Type="Number">-0.04</Data></Cell>
    <Cell><Data ss:Type="Number">-0.96</Data></Cell>
    <Cell><Data ss:Type="Number">22.7</Data></Cell>
    <Cell><Data ss:Type="Number">39.6</Data></Cell>
    <Cell><Data ss:Type="Number">0</Data></Cell>
    <Cell><Data ss:Type="Number">0</Data></Cell>
    <Cell><Data ss:Type="String">2023-12-07 16:15:34.949574</Data></Cell>
   </Row>
   <Row>
    <Cell><Data ss:Type="String">1053</Data></Cell>
    <Cell><Data ss:Type="Number">0.34</Data></Cell>
    <Cell><Data ss:Type="Number">-10.130000000000001</Data></Cell>
    <Cell><Data ss:Type="Number">0.2</Data></Cell>
    <Cell><Data ss:Type="Number">-9.52</Data></Cell>
    <Cell><Data ss:Type="Number">-0.09</Data></Cell>
    <Cell><Data ss:Type="Number">-0.9</Data></Cell>
    <Cell><Data ss:Type="Number">22.7</Data></Cell>
    <Cell><Data ss:Type="Number">39.6</Data></Cell>
    <Cell><Data ss:Type="Number">0</Data></Cell>
    <Cell><Data ss:Type="Number">0</Data></Cell>
    <Cell><Data ss:Type="String">2023-12-07 16:15:34.947692</Data></Cell>
   </Row>
   <Row>
    <Cell><Data ss:Type="String">1052</Data></Cell>
    <Cell><Data ss:Type="Number">0.3</Data></Cell>
    <Cell><Data ss:Type="Number">-10.210000000000001</Data></Cell>
    <Cell><Data ss:Type="Number">0.18</Data></Cell>
    <Cell><Data ss:Type="Number">-9.51</Data></Cell>
    <Cell><Data ss:Type="Number">-0.06</Data></Cell>
    <Cell><Data ss:Type="Number">-0.91</Data></Cell>
    <Cell><Data ss:Type="Number">22.7</Data></Cell>
    <Cell><Data ss:Type="Number">39.6</Data></Cell>
    <Cell><Data ss:Type="Number">0</Data></Cell>
    <Cell><Data ss:Type="Number">0</Data></Cell>
    <Cell><Data ss:Type="String">2023-12-07 16:15:34.853905</Data></Cell>
   </Row>
   <Row>
    <Cell><Data ss:Type="String">1051</Data></Cell>
    <Cell><Data ss:Type="Number">0.28999999999999998</Data></Cell>
    <Cell><Data ss:Type="Number">-10.17</Data></Cell>
    <Cell><Data ss:Type="Number">0.17</Data></Cell>
    <Cell><Data ss:Type="Number">-9.4600000000000009</Data></Cell>
    <Cell><Data ss:Type="Number">-0.06</Data></Cell>
    <Cell><Data ss:Type="Number">-0.95</Data></Cell>
    <Cell><Data ss:Type="Number">22.7</Data></Cell>
    <Cell><Data ss:Type="Number">39.6</Data></Cell>
    <Cell><Data ss:Type="Number">0</Data></Cell>
    <Cell><Data ss:Type="Number">0</Data></Cell>
    <Cell><Data ss:Type="String">2023-12-07 16:15:34.851678</Data></Cell>
   </Row>
   <Row>
    <Cell><Data ss:Type="String">1050</Data></Cell>
    <Cell><Data ss:Type="Number">0.22</Data></Cell>
    <Cell><Data ss:Type="Number">-10.17</Data></Cell>
    <Cell><Data ss:Type="Number">0.23</Data></Cell>
    <Cell><Data ss:Type="Number">-9.44</Data></Cell>
    <Cell><Data ss:Type="Number">-0.06</Data></Cell>
    <Cell><Data ss:Type="Number">-0.89</Data></Cell>
    <Cell><Data ss:Type="Number">22.7</Data></Cell>
    <Cell><Data ss:Type="Number">39.6</Data></Cell>
    <Cell><Data ss:Type="Number">0</Data></Cell>
    <Cell><Data ss:Type="Number">0</Data></Cell>
    <Cell><Data ss:Type="String">2023-12-07 16:15:34.849961</Data></Cell>
   </Row>
   <Row>
    <Cell><Data ss:Type="String">1049</Data></Cell>
    <Cell><Data ss:Type="Number">0.34</Data></Cell>
    <Cell><Data ss:Type="Number">-9.9499999999999993</Data></Cell>
    <Cell><Data ss:Type="Number">0.21</Data></Cell>
    <Cell><Data ss:Type="Number">-9.42</Data></Cell>
    <Cell><Data ss:Type="Number">-0.08</Data></Cell>
    <Cell><Data ss:Type="Number">-0.97</Data></Cell>
    <Cell><Data ss:Type="Number">22.7</Data></Cell>
    <Cell><Data ss:Type="Number">39.6</Data></Cell>
    <Cell><Data ss:Type="Number">0</Data></Cell>
    <Cell><Data ss:Type="Number">0</Data></Cell>
    <Cell><Data ss:Type="String">2023-12-07 16:15:34.848593</Data></Cell>
   </Row>
   <Row>
    <Cell><Data ss:Type="String">1048</Data></Cell>
    <Cell><Data ss:Type="Number">0.3</Data></Cell>
    <Cell><Data ss:Type="Number">-10.029999999999999</Data></Cell>
    <Cell><Data ss:Type="Number">0.15</Data></Cell>
    <Cell><Data ss:Type="Number">-9.4600000000000009</Data></Cell>
    <Cell><Data ss:Type="Number">-0.05</Data></Cell>
    <Cell><Data ss:Type="Number">-0.92</Data></Cell>
    <Cell><Data ss:Type="Number">22.7</Data></Cell>
    <Cell><Data ss:Type="Number">39.6</Data></Cell>
    <Cell><Data ss:Type="Number">0</Data></Cell>
    <Cell><Data ss:Type="Number">0</Data></Cell>
    <Cell><Data ss:Type="String">2023-12-07 16:15:34.847190</Data></Cell>
   </Row>
   <Row>
    <Cell><Data ss:Type="String">1047</Data></Cell>
    <Cell><Data ss:Type="Number">0.33</Data></Cell>
    <Cell><Data ss:Type="Number">-10.15</Data></Cell>
    <Cell><Data ss:Type="Number">0.13</Data></Cell>
    <Cell><Data ss:Type="Number">-9.5299999999999994</Data></Cell>
    <Cell><Data ss:Type="Number">-0.09</Data></Cell>
    <Cell><Data ss:Type="Number">-0.93</Data></Cell>
    <Cell><Data ss:Type="Number">22.7</Data></Cell>
    <Cell><Data ss:Type="Number">39.6</Data></Cell>
    <Cell><Data ss:Type="Number">0</Data></Cell>
    <Cell><Data ss:Type="Number">0</Data></Cell>
    <Cell><Data ss:Type="String">2023-12-07 16:15:34.845489</Data></Cell>
   </Row>
   <Row>
    <Cell><Data ss:Type="String">1046</Data></Cell>
    <Cell><Data ss:Type="Number">0.28999999999999998</Data></Cell>
    <Cell><Data ss:Type="Number">-10.210000000000001</Data></Cell>
    <Cell><Data ss:Type="Number">0.19</Data></Cell>
    <Cell><Data ss:Type="Number">-9.52</Data></Cell>
    <Cell><Data ss:Type="Number">-0.08</Data></Cell>
    <Cell><Data ss:Type="Number">-0.9</Data></Cell>
    <Cell><Data ss:Type="Number">22.7</Data></Cell>
    <Cell><Data ss:Type="Number">39.6</Data></Cell>
    <Cell><Data ss:Type="Number">0</Data></Cell>
    <Cell><Data ss:Type="Number">0</Data></Cell>
    <Cell><Data ss:Type="String">2023-12-07 16:15:34.843399</Data></Cell>
   </Row>
   <Row>
    <Cell><Data ss:Type="String">1045</Data></Cell>
    <Cell><Data ss:Type="Number">0.26</Data></Cell>
    <Cell><Data ss:Type="Number">-10.039999999999999</Data></Cell>
    <Cell><Data ss:Type="Number">0.18</Data></Cell>
    <Cell><Data ss:Type="Number">-9.44</Data></Cell>
    <Cell><Data ss:Type="Number">-0.05</Data></Cell>
    <Cell><Data ss:Type="Number">-0.91</Data></Cell>
    <Cell><Data ss:Type="Number">22.7</Data></Cell>
    <Cell><Data ss:Type="Number">39.6</Data></Cell>
    <Cell><Data ss:Type="Number">0</Data></Cell>
    <Cell><Data ss:Type="Number">0</Data></Cell>
    <Cell><Data ss:Type="String">2023-12-07 16:15:34.621560</Data></Cell>
   </Row>
   <Row>
    <Cell><Data ss:Type="String">1044</Data></Cell>
    <Cell><Data ss:Type="Number">0.3</Data></Cell>
    <Cell><Data ss:Type="Number">-10</Data></Cell>
    <Cell><Data ss:Type="Number">0.12</Data></Cell>
    <Cell><Data ss:Type="Number">-9.48</Data></Cell>
    <Cell><Data ss:Type="Number">-0.09</Data></Cell>
    <Cell><Data ss:Type="Number">-0.96</Data></Cell>
    <Cell><Data ss:Type="Number">22.7</Data></Cell>
    <Cell><Data ss:Type="Number">39.6</Data></Cell>
    <Cell><Data ss:Type="Number">0</Data></Cell>
    <Cell><Data ss:Type="Number">0</Data></Cell>
    <Cell><Data ss:Type="String">2023-12-07 16:15:34.568717</Data></Cell>
   </Row>
   <Row>
    <Cell><Data ss:Type="String">1043</Data></Cell>
    <Cell><Data ss:Type="Number">0.25</Data></Cell>
    <Cell><Data ss:Type="Number">-10.119999999999999</Data></Cell>
    <Cell><Data ss:Type="Number">0.17</Data></Cell>
    <Cell><Data ss:Type="Number">-9.5299999999999994</Data></Cell>
    <Cell><Data ss:Type="Number">-0.05</Data></Cell>
    <Cell><Data ss:Type="Number">-0.91</Data></Cell>
    <Cell><Data ss:Type="Number">22.7</Data></Cell>
    <Cell><Data ss:Type="Number">39.6</Data></Cell>
    <Cell><Data ss:Type="Number">0</Data></Cell>
    <Cell><Data ss:Type="Number">0</Data></Cell>
    <Cell><Data ss:Type="String">2023-12-07 16:15:34.525237</Data></Cell>
   </Row>
   <Row>
    <Cell><Data ss:Type="String">1042</Data></Cell>
    <Cell><Data ss:Type="Number">0.3</Data></Cell>
    <Cell><Data ss:Type="Number">-10.220000000000001</Data></Cell>
    <Cell><Data ss:Type="Number">0.22</Data></Cell>
    <Cell><Data ss:Type="Number">-9.5</Data></Cell>
    <Cell><Data ss:Type="Number">-0.1</Data></Cell>
    <Cell><Data ss:Type="Number">-0.92</Data></Cell>
    <Cell><Data ss:Type="Number">22.7</Data></Cell>
    <Cell><Data ss:Type="Number">39.6</Data></Cell>
    <Cell><Data ss:Type="Number">0</Data></Cell>
    <Cell><Data ss:Type="Number">0</Data></Cell>
    <Cell><Data ss:Type="String">2023-12-07 16:15:34.522889</Data></Cell>
   </Row>
   <Row>
    <Cell><Data ss:Type="String">1041</Data></Cell>
    <Cell><Data ss:Type="Number">0.25</Data></Cell>
    <Cell><Data ss:Type="Number">-10.050000000000001</Data></Cell>
    <Cell><Data ss:Type="Number">0.15</Data></Cell>
    <Cell><Data ss:Type="Number">-9.43</Data></Cell>
    <Cell><Data ss:Type="Number">-7.0000000000000007E-2</Data></Cell>
    <Cell><Data ss:Type="Number">-0.91</Data></Cell>
    <Cell><Data ss:Type="Number">22.7</Data></Cell>
    <Cell><Data ss:Type="Number">39.6</Data></Cell>
    <Cell><Data ss:Type="Number">0</Data></Cell>
    <Cell><Data ss:Type="Number">0</Data></Cell>
    <Cell><Data ss:Type="String">2023-12-07 16:15:34.475622</Data></Cell>
   </Row>
   <Row>
    <Cell><Data ss:Type="String">1040</Data></Cell>
    <Cell><Data ss:Type="Number">0.28999999999999998</Data></Cell>
    <Cell><Data ss:Type="Number">-9.9700000000000006</Data></Cell>
    <Cell><Data ss:Type="Number">0.11</Data></Cell>
    <Cell><Data ss:Type="Number">-9.39</Data></Cell>
    <Cell><Data ss:Type="Number">-0.05</Data></Cell>
    <Cell><Data ss:Type="Number">-0.95</Data></Cell>
    <Cell><Data ss:Type="Number">22.7</Data></Cell>
    <Cell><Data ss:Type="Number">39.6</Data></Cell>
    <Cell><Data ss:Type="Number">0</Data></Cell>
    <Cell><Data ss:Type="Number">0</Data></Cell>
    <Cell><Data ss:Type="String">2023-12-07 16:15:34.433015</Data></Cell>
   </Row>
   <Row>
    <Cell><Data ss:Type="String">1039</Data></Cell>
    <Cell><Data ss:Type="Number">0.35</Data></Cell>
    <Cell><Data ss:Type="Number">-10.1</Data></Cell>
    <Cell><Data ss:Type="Number">0.1</Data></Cell>
    <Cell><Data ss:Type="Number">-9.5399999999999991</Data></Cell>
    <Cell><Data ss:Type="Number">-0.11</Data></Cell>
    <Cell><Data ss:Type="Number">-0.96</Data></Cell>
    <Cell><Data ss:Type="Number">22.7</Data></Cell>
    <Cell><Data ss:Type="Number">39.6</Data></Cell>
    <Cell><Data ss:Type="Number">0</Data></Cell>
    <Cell><Data ss:Type="Number">0</Data></Cell>
    <Cell><Data ss:Type="String">2023-12-07 16:15:34.431544</Data></Cell>
   </Row>
   <Row>
    <Cell><Data ss:Type="String">1038</Data></Cell>
    <Cell><Data ss:Type="Number">0.32</Data></Cell>
    <Cell><Data ss:Type="Number">-10.119999999999999</Data></Cell>
    <Cell><Data ss:Type="Number">0.15</Data></Cell>
    <Cell><Data ss:Type="Number">-9.5299999999999994</Data></Cell>
    <Cell><Data ss:Type="Number">-0.06</Data></Cell>
    <Cell><Data ss:Type="Number">-0.9</Data></Cell>
    <Cell><Data ss:Type="Number">22.7</Data></Cell>
    <Cell><Data ss:Type="Number">39.6</Data></Cell>
    <Cell><Data ss:Type="Number">0</Data></Cell>
    <Cell><Data ss:Type="Number">0</Data></Cell>
    <Cell><Data ss:Type="String">2023-12-07 16:15:34.383491</Data></Cell>
   </Row>
   <Row>
    <Cell><Data ss:Type="String">1037</Data></Cell>
    <Cell><Data ss:Type="Number">0.31</Data></Cell>
    <Cell><Data ss:Type="Number">-10.17</Data></Cell>
    <Cell><Data ss:Type="Number">0.16</Data></Cell>
    <Cell><Data ss:Type="Number">-9.5</Data></Cell>
    <Cell><Data ss:Type="Number">-0.08</Data></Cell>
    <Cell><Data ss:Type="Number">-0.91</Data></Cell>
    <Cell><Data ss:Type="Number">22.7</Data></Cell>
    <Cell><Data ss:Type="Number">39.6</Data></Cell>
    <Cell><Data ss:Type="Number">0</Data></Cell>
    <Cell><Data ss:Type="Number">0</Data></Cell>
    <Cell><Data ss:Type="String">2023-12-07 16:15:34.341569</Data></Cell>
   </Row>
   <Row>
    <Cell><Data ss:Type="String">1036</Data></Cell>
    <Cell><Data ss:Type="Number">0.25</Data></Cell>
    <Cell><Data ss:Type="Number">-10.01</Data></Cell>
    <Cell><Data ss:Type="Number">0.12</Data></Cell>
    <Cell><Data ss:Type="Number">-9.4</Data></Cell>
    <Cell><Data ss:Type="Number">-0.03</Data></Cell>
    <Cell><Data ss:Type="Number">-0.91</Data></Cell>
    <Cell><Data ss:Type="Number">22.7</Data></Cell>
    <Cell><Data ss:Type="Number">39.6</Data></Cell>
    <Cell><Data ss:Type="Number">0</Data></Cell>
    <Cell><Data ss:Type="Number">0</Data></Cell>
    <Cell><Data ss:Type="String">2023-12-07 16:15:34.300354</Data></Cell>
   </Row>
   <Row>
    <Cell><Data ss:Type="String">1035</Data></Cell>
    <Cell><Data ss:Type="Number">0.3</Data></Cell>
    <Cell><Data ss:Type="Number">-9.92</Data></Cell>
    <Cell><Data ss:Type="Number">0.24</Data></Cell>
    <Cell><Data ss:Type="Number">-9.4</Data></Cell>
    <Cell><Data ss:Type="Number">-0.05</Data></Cell>
    <Cell><Data ss:Type="Number">-0.93</Data></Cell>
    <Cell><Data ss:Type="Number">22.7</Data></Cell>
    <Cell><Data ss:Type="Number">39.6</Data></Cell>
    <Cell><Data ss:Type="Number">0</Data></Cell>
    <Cell><Data ss:Type="Number">0</Data></Cell>
    <Cell><Data ss:Type="String">2023-12-07 16:15:34.298783</Data></Cell>
   </Row>
   <Row>
    <Cell><Data ss:Type="String">1034</Data></Cell>
    <Cell><Data ss:Type="Number">0.34</Data></Cell>
    <Cell><Data ss:Type="Number">-10.16</Data></Cell>
    <Cell><Data ss:Type="Number">7.0000000000000007E-2</Data></Cell>
    <Cell><Data ss:Type="Number">-9.52</Data></Cell>
    <Cell><Data ss:Type="Number">-0.1</Data></Cell>
    <Cell><Data ss:Type="Number">-0.96</Data></Cell>
    <Cell><Data ss:Type="Number">22.7</Data></Cell>
    <Cell><Data ss:Type="Number">39.6</Data></Cell>
    <Cell><Data ss:Type="Number">0</Data></Cell>
    <Cell><Data ss:Type="Number">0</Data></Cell>
    <Cell><Data ss:Type="String">2023-12-07 16:15:34.297397</Data></Cell>
   </Row>
   <Row>
    <Cell><Data ss:Type="String">1033</Data></Cell>
    <Cell><Data ss:Type="Number">0.27</Data></Cell>
    <Cell><Data ss:Type="Number">-10.15</Data></Cell>
    <Cell><Data ss:Type="Number">0.2</Data></Cell>
    <Cell><Data ss:Type="Number">-9.51</Data></Cell>
    <Cell><Data ss:Type="Number">-7.0000000000000007E-2</Data></Cell>
    <Cell><Data ss:Type="Number">-0.88</Data></Cell>
    <Cell><Data ss:Type="Number">22.7</Data></Cell>
    <Cell><Data ss:Type="Number">39.6</Data></Cell>
    <Cell><Data ss:Type="Number">0</Data></Cell>
    <Cell><Data ss:Type="Number">0</Data></Cell>
    <Cell><Data ss:Type="String">2023-12-07 16:15:34.295884</Data></Cell>
   </Row>
   <Row>
    <Cell><Data ss:Type="String">1032</Data></Cell>
    <Cell><Data ss:Type="Number">0.26</Data></Cell>
    <Cell><Data ss:Type="Number">-10.15</Data></Cell>
    <Cell><Data ss:Type="Number">0.08</Data></Cell>
    <Cell><Data ss:Type="Number">-9.5</Data></Cell>
    <Cell><Data ss:Type="Number">-0.04</Data></Cell>
    <Cell><Data ss:Type="Number">-0.93</Data></Cell>
    <Cell><Data ss:Type="Number">22.7</Data></Cell>
    <Cell><Data ss:Type="Number">39.6</Data></Cell>
    <Cell><Data ss:Type="Number">0</Data></Cell>
    <Cell><Data ss:Type="Number">0</Data></Cell>
    <Cell><Data ss:Type="String">2023-12-07 16:15:34.294423</Data></Cell>
   </Row>
   <Row>
    <Cell><Data ss:Type="String">1031</Data></Cell>
    <Cell><Data ss:Type="Number">0.37</Data></Cell>
    <Cell><Data ss:Type="Number">-10.18</Data></Cell>
    <Cell><Data ss:Type="Number">0.2</Data></Cell>
    <Cell><Data ss:Type="Number">-9.57</Data></Cell>
    <Cell><Data ss:Type="Number">-0.11</Data></Cell>
    <Cell><Data ss:Type="Number">-0.92</Data></Cell>
    <Cell><Data ss:Type="Number">22.7</Data></Cell>
    <Cell><Data ss:Type="Number">39.700000000000003</Data></Cell>
    <Cell><Data ss:Type="Number">0</Data></Cell>
    <Cell><Data ss:Type="Number">0</Data></Cell>
    <Cell><Data ss:Type="String">2023-12-07 16:15:34.293035</Data></Cell>
   </Row>
   <Row>
    <Cell><Data ss:Type="String">1030</Data></Cell>
    <Cell><Data ss:Type="Number">0.38</Data></Cell>
    <Cell><Data ss:Type="Number">-10.18</Data></Cell>
    <Cell><Data ss:Type="Number">0.25</Data></Cell>
    <Cell><Data ss:Type="Number">-9.4499999999999993</Data></Cell>
    <Cell><Data ss:Type="Number">-0.11</Data></Cell>
    <Cell><Data ss:Type="Number">-0.86</Data></Cell>
    <Cell><Data ss:Type="Number">22.7</Data></Cell>
    <Cell><Data ss:Type="Number">39.700000000000003</Data></Cell>
    <Cell><Data ss:Type="Number">0</Data></Cell>
    <Cell><Data ss:Type="Number">0</Data></Cell>
    <Cell><Data ss:Type="String">2023-12-07 16:15:34.291282</Data></Cell>
   </Row>
   <Row>
    <Cell><Data ss:Type="String">1029</Data></Cell>
    <Cell><Data ss:Type="Number">0.14000000000000001</Data></Cell>
    <Cell><Data ss:Type="Number">-9.99</Data></Cell>
    <Cell><Data ss:Type="Number">0</Data></Cell>
    <Cell><Data ss:Type="Number">-9.44</Data></Cell>
    <Cell><Data ss:Type="Number">-0.05</Data></Cell>
    <Cell><Data ss:Type="Number">-0.97</Data></Cell>
    <Cell><Data ss:Type="Number">22.7</Data></Cell>
    <Cell><Data ss:Type="Number">39.700000000000003</Data></Cell>
    <Cell><Data ss:Type="Number">0</Data></Cell>
    <Cell><Data ss:Type="Number">0</Data></Cell>
    <Cell><Data ss:Type="String">2023-12-07 16:15:34.289093</Data></Cell>
   </Row>
   <Row>
    <Cell><Data ss:Type="String">1028</Data></Cell>
    <Cell><Data ss:Type="Number">0.23</Data></Cell>
    <Cell><Data ss:Type="Number">-9.73</Data></Cell>
    <Cell><Data ss:Type="Number">0.06</Data></Cell>
    <Cell><Data ss:Type="Number">-9.31</Data></Cell>
    <Cell><Data ss:Type="Number">0.11</Data></Cell>
    <Cell><Data ss:Type="Number">-0.93</Data></Cell>
    <Cell><Data ss:Type="Number">22.7</Data></Cell>
    <Cell><Data ss:Type="Number">39.700000000000003</Data></Cell>
    <Cell><Data ss:Type="Number">0</Data></Cell>
    <Cell><Data ss:Type="Number">0</Data></Cell>
    <Cell><Data ss:Type="String">2023-12-07 16:15:34.033219</Data></Cell>
   </Row>
   <Row>
    <Cell><Data ss:Type="String">1027</Data></Cell>
    <Cell><Data ss:Type="Number">0.12</Data></Cell>
    <Cell><Data ss:Type="Number">-9.68</Data></Cell>
    <Cell><Data ss:Type="Number">0.33</Data></Cell>
    <Cell><Data ss:Type="Number">-9.64</Data></Cell>
    <Cell><Data ss:Type="Number">-0.44</Data></Cell>
    <Cell><Data ss:Type="Number">-1.02</Data></Cell>
    <Cell><Data ss:Type="Number">22.7</Data></Cell>
    <Cell><Data ss:Type="Number">39.700000000000003</Data></Cell>
    <Cell><Data ss:Type="Number">0</Data></Cell>
    <Cell><Data ss:Type="Number">0</Data></Cell>
    <Cell><Data ss:Type="String">2023-12-07 16:15:34.031759</Data></Cell>
   </Row>
   <Row>
    <Cell><Data ss:Type="String">1026</Data></Cell>
    <Cell><Data ss:Type="Number">0.27</Data></Cell>
    <Cell><Data ss:Type="Number">-10.17</Data></Cell>
    <Cell><Data ss:Type="Number">-0.11</Data></Cell>
    <Cell><Data ss:Type="Number">-9.2100000000000009</Data></Cell>
    <Cell><Data ss:Type="Number">-0.04</Data></Cell>
    <Cell><Data ss:Type="Number">-0.97</Data></Cell>
    <Cell><Data ss:Type="Number">22.7</Data></Cell>
    <Cell><Data ss:Type="Number">39.700000000000003</Data></Cell>
    <Cell><Data ss:Type="Number">0</Data></Cell>
    <Cell><Data ss:Type="Number">0</Data></Cell>
    <Cell><Data ss:Type="String">2023-12-07 16:15:34.030065</Data></Cell>
   </Row>
   <Row>
    <Cell><Data ss:Type="String">1025</Data></Cell>
    <Cell><Data ss:Type="Number">0.28999999999999998</Data></Cell>
    <Cell><Data ss:Type="Number">-10.23</Data></Cell>
    <Cell><Data ss:Type="Number">0.18</Data></Cell>
    <Cell><Data ss:Type="Number">-9.5299999999999994</Data></Cell>
    <Cell><Data ss:Type="Number">-0.08</Data></Cell>
    <Cell><Data ss:Type="Number">-0.91</Data></Cell>
    <Cell><Data ss:Type="Number">22.7</Data></Cell>
    <Cell><Data ss:Type="Number">39.700000000000003</Data></Cell>
    <Cell><Data ss:Type="Number">0</Data></Cell>
    <Cell><Data ss:Type="Number">0</Data></Cell>
    <Cell><Data ss:Type="String">2023-12-07 16:15:34.028257</Data></Cell>
   </Row>
   <Row>
    <Cell><Data ss:Type="String">1024</Data></Cell>
    <Cell><Data ss:Type="Number">0.3</Data></Cell>
    <Cell><Data ss:Type="Number">-10.130000000000001</Data></Cell>
    <Cell><Data ss:Type="Number">0.23</Data></Cell>
    <Cell><Data ss:Type="Number">-9.44</Data></Cell>
    <Cell><Data ss:Type="Number">-7.0000000000000007E-2</Data></Cell>
    <Cell><Data ss:Type="Number">-0.94</Data></Cell>
    <Cell><Data ss:Type="Number">22.7</Data></Cell>
    <Cell><Data ss:Type="Number">39.700000000000003</Data></Cell>
    <Cell><Data ss:Type="Number">0</Data></Cell>
    <Cell><Data ss:Type="Number">0</Data></Cell>
    <Cell><Data ss:Type="String">2023-12-07 16:15:34.026505</Data></Cell>
   </Row>
   <Row>
    <Cell><Data ss:Type="String">1023</Data></Cell>
    <Cell><Data ss:Type="Number">0.31</Data></Cell>
    <Cell><Data ss:Type="Number">-9.98</Data></Cell>
    <Cell><Data ss:Type="Number">0.02</Data></Cell>
    <Cell><Data ss:Type="Number">-9.43</Data></Cell>
    <Cell><Data ss:Type="Number">-0.05</Data></Cell>
    <Cell><Data ss:Type="Number">-0.95</Data></Cell>
    <Cell><Data ss:Type="Number">22.7</Data></Cell>
    <Cell><Data ss:Type="Number">39.700000000000003</Data></Cell>
    <Cell><Data ss:Type="Number">0</Data></Cell>
    <Cell><Data ss:Type="Number">0</Data></Cell>
    <Cell><Data ss:Type="String">2023-12-07 16:15:34.024940</Data></Cell>
   </Row>
   <Row>
    <Cell><Data ss:Type="String">1022</Data></Cell>
    <Cell><Data ss:Type="Number">0.3</Data></Cell>
    <Cell><Data ss:Type="Number">-10</Data></Cell>
    <Cell><Data ss:Type="Number">0.13</Data></Cell>
    <Cell><Data ss:Type="Number">-9.51</Data></Cell>
    <Cell><Data ss:Type="Number">-0.08</Data></Cell>
    <Cell><Data ss:Type="Number">-0.92</Data></Cell>
    <Cell><Data ss:Type="Number">22.7</Data></Cell>
    <Cell><Data ss:Type="Number">39.700000000000003</Data></Cell>
    <Cell><Data ss:Type="Number">0</Data></Cell>
    <Cell><Data ss:Type="Number">0</Data></Cell>
    <Cell><Data ss:Type="String">2023-12-07 16:15:34.023003</Data></Cell>
   </Row>
   <Row>
    <Cell><Data ss:Type="String">1021</Data></Cell>
    <Cell><Data ss:Type="Number">0.31</Data></Cell>
    <Cell><Data ss:Type="Number">-10.14</Data></Cell>
    <Cell><Data ss:Type="Number">0.11</Data></Cell>
    <Cell><Data ss:Type="Number">-9.56</Data></Cell>
    <Cell><Data ss:Type="Number">-0.11</Data></Cell>
    <Cell><Data ss:Type="Number">-0.94</Data></Cell>
    <Cell><Data ss:Type="Number">22.7</Data></Cell>
    <Cell><Data ss:Type="Number">39.700000000000003</Data></Cell>
    <Cell><Data ss:Type="Number">0</Data></Cell>
    <Cell><Data ss:Type="Number">0</Data></Cell>
    <Cell><Data ss:Type="String">2023-12-07 16:15:33.787362</Data></Cell>
   </Row>
   <Row>
    <Cell><Data ss:Type="String">1020</Data></Cell>
    <Cell><Data ss:Type="Number">0.2</Data></Cell>
    <Cell><Data ss:Type="Number">-10.17</Data></Cell>
    <Cell><Data ss:Type="Number">0.16</Data></Cell>
    <Cell><Data ss:Type="Number">-9.51</Data></Cell>
    <Cell><Data ss:Type="Number">-0.05</Data></Cell>
    <Cell><Data ss:Type="Number">-0.89</Data></Cell>
    <Cell><Data ss:Type="Number">22.7</Data></Cell>
    <Cell><Data ss:Type="Number">39.700000000000003</Data></Cell>
    <Cell><Data ss:Type="Number">0</Data></Cell>
    <Cell><Data ss:Type="Number">0</Data></Cell>
    <Cell><Data ss:Type="String">2023-12-07 16:15:33.785532</Data></Cell>
   </Row>
   <Row>
    <Cell><Data ss:Type="String">1019</Data></Cell>
    <Cell><Data ss:Type="Number">0.14000000000000001</Data></Cell>
    <Cell><Data ss:Type="Number">-10.119999999999999</Data></Cell>
    <Cell><Data ss:Type="Number">0.15</Data></Cell>
    <Cell><Data ss:Type="Number">-9.43</Data></Cell>
    <Cell><Data ss:Type="Number">-0.06</Data></Cell>
    <Cell><Data ss:Type="Number">-0.95</Data></Cell>
    <Cell><Data ss:Type="Number">22.7</Data></Cell>
    <Cell><Data ss:Type="Number">39.700000000000003</Data></Cell>
    <Cell><Data ss:Type="Number">0</Data></Cell>
    <Cell><Data ss:Type="Number">0</Data></Cell>
    <Cell><Data ss:Type="String">2023-12-07 16:15:33.740542</Data></Cell>
   </Row>
   <Row>
    <Cell><Data ss:Type="String">1018</Data></Cell>
    <Cell><Data ss:Type="Number">0.28999999999999998</Data></Cell>
    <Cell><Data ss:Type="Number">-9.94</Data></Cell>
    <Cell><Data ss:Type="Number">0.1</Data></Cell>
    <Cell><Data ss:Type="Number">-9.42</Data></Cell>
    <Cell><Data ss:Type="Number">-0.08</Data></Cell>
    <Cell><Data ss:Type="Number">-0.95</Data></Cell>
    <Cell><Data ss:Type="Number">22.7</Data></Cell>
    <Cell><Data ss:Type="Number">39.700000000000003</Data></Cell>
    <Cell><Data ss:Type="Number">0</Data></Cell>
    <Cell><Data ss:Type="Number">0</Data></Cell>
    <Cell><Data ss:Type="String">2023-12-07 16:15:33.692431</Data></Cell>
   </Row>
   <Row>
    <Cell><Data ss:Type="String">1017</Data></Cell>
    <Cell><Data ss:Type="Number">0.17</Data></Cell>
    <Cell><Data ss:Type="Number">-10.14</Data></Cell>
    <Cell><Data ss:Type="Number">0.14000000000000001</Data></Cell>
    <Cell><Data ss:Type="Number">-9.5299999999999994</Data></Cell>
    <Cell><Data ss:Type="Number">-0.11</Data></Cell>
    <Cell><Data ss:Type="Number">-0.92</Data></Cell>
    <Cell><Data ss:Type="Number">22.7</Data></Cell>
    <Cell><Data ss:Type="Number">39.700000000000003</Data></Cell>
    <Cell><Data ss:Type="Number">0</Data></Cell>
    <Cell><Data ss:Type="Number">0</Data></Cell>
    <Cell><Data ss:Type="String">2023-12-07 16:15:33.690846</Data></Cell>
   </Row>
   <Row>
    <Cell><Data ss:Type="String">1016</Data></Cell>
    <Cell><Data ss:Type="Number">0.28000000000000003</Data></Cell>
    <Cell><Data ss:Type="Number">-9.93</Data></Cell>
    <Cell><Data ss:Type="Number">0.32</Data></Cell>
    <Cell><Data ss:Type="Number">-9.39</Data></Cell>
    <Cell><Data ss:Type="Number">-0.04</Data></Cell>
    <Cell><Data ss:Type="Number">-0.98</Data></Cell>
    <Cell><Data ss:Type="Number">22.7</Data></Cell>
    <Cell><Data ss:Type="Number">39.700000000000003</Data></Cell>
    <Cell><Data ss:Type="Number">0</Data></Cell>
    <Cell><Data ss:Type="Number">0</Data></Cell>
    <Cell><Data ss:Type="String">2023-12-07 16:15:33.645424</Data></Cell>
   </Row>
   <Row>
    <Cell><Data ss:Type="String">1015</Data></Cell>
    <Cell><Data ss:Type="Number">0.46</Data></Cell>
    <Cell><Data ss:Type="Number">-10</Data></Cell>
    <Cell><Data ss:Type="Number">0.03</Data></Cell>
    <Cell><Data ss:Type="Number">-9.73</Data></Cell>
    <Cell><Data ss:Type="Number">-0.1</Data></Cell>
    <Cell><Data ss:Type="Number">-0.88</Data></Cell>
    <Cell><Data ss:Type="Number">22.7</Data></Cell>
    <Cell><Data ss:Type="Number">39.700000000000003</Data></Cell>
    <Cell><Data ss:Type="Number">0</Data></Cell>
    <Cell><Data ss:Type="Number">0</Data></Cell>
    <Cell><Data ss:Type="String">2023-12-07 16:15:33.598711</Data></Cell>
   </Row>
   <Row>
    <Cell><Data ss:Type="String">1014</Data></Cell>
    <Cell><Data ss:Type="Number">0.24</Data></Cell>
    <Cell><Data ss:Type="Number">-10.18</Data></Cell>
    <Cell><Data ss:Type="Number">0.12</Data></Cell>
    <Cell><Data ss:Type="Number">-9.51</Data></Cell>
    <Cell><Data ss:Type="Number">-0.06</Data></Cell>
    <Cell><Data ss:Type="Number">-0.88</Data></Cell>
    <Cell><Data ss:Type="Number">22.7</Data></Cell>
    <Cell><Data ss:Type="Number">39.700000000000003</Data></Cell>
    <Cell><Data ss:Type="Number">0</Data></Cell>
    <Cell><Data ss:Type="Number">0</Data></Cell>
    <Cell><Data ss:Type="String">2023-12-07 16:15:33.555294</Data></Cell>
   </Row>
   <Row>
    <Cell><Data ss:Type="String">1013</Data></Cell>
    <Cell><Data ss:Type="Number">0.37</Data></Cell>
    <Cell><Data ss:Type="Number">-10.16</Data></Cell>
    <Cell><Data ss:Type="Number">0.19</Data></Cell>
    <Cell><Data ss:Type="Number">-9.5</Data></Cell>
    <Cell><Data ss:Type="Number">-0.08</Data></Cell>
    <Cell><Data ss:Type="Number">-0.91</Data></Cell>
    <Cell><Data ss:Type="Number">22.7</Data></Cell>
    <Cell><Data ss:Type="Number">39.700000000000003</Data></Cell>
    <Cell><Data ss:Type="Number">0</Data></Cell>
    <Cell><Data ss:Type="Number">0</Data></Cell>
    <Cell><Data ss:Type="String">2023-12-07 16:15:33.552138</Data></Cell>
   </Row>
   <Row>
    <Cell><Data ss:Type="String">1012</Data></Cell>
    <Cell><Data ss:Type="Number">0.32</Data></Cell>
    <Cell><Data ss:Type="Number">-10.07</Data></Cell>
    <Cell><Data ss:Type="Number">0.18</Data></Cell>
    <Cell><Data ss:Type="Number">-9.42</Data></Cell>
    <Cell><Data ss:Type="Number">-0.08</Data></Cell>
    <Cell><Data ss:Type="Number">-0.93</Data></Cell>
    <Cell><Data ss:Type="Number">22.7</Data></Cell>
    <Cell><Data ss:Type="Number">39.700000000000003</Data></Cell>
    <Cell><Data ss:Type="Number">0</Data></Cell>
    <Cell><Data ss:Type="Number">0</Data></Cell>
    <Cell><Data ss:Type="String">2023-12-07 16:15:33.509836</Data></Cell>
   </Row>
   <Row>
    <Cell><Data ss:Type="String">1011</Data></Cell>
    <Cell><Data ss:Type="Number">0.28999999999999998</Data></Cell>
    <Cell><Data ss:Type="Number">-9.98</Data></Cell>
    <Cell><Data ss:Type="Number">0.09</Data></Cell>
    <Cell><Data ss:Type="Number">-9.4600000000000009</Data></Cell>
    <Cell><Data ss:Type="Number">-7.0000000000000007E-2</Data></Cell>
    <Cell><Data ss:Type="Number">-0.95</Data></Cell>
    <Cell><Data ss:Type="Number">22.7</Data></Cell>
    <Cell><Data ss:Type="Number">39.700000000000003</Data></Cell>
    <Cell><Data ss:Type="Number">0</Data></Cell>
    <Cell><Data ss:Type="Number">0</Data></Cell>
    <Cell><Data ss:Type="String">2023-12-07 16:15:33.461576</Data></Cell>
   </Row>
   <Row>
    <Cell><Data ss:Type="String">1010</Data></Cell>
    <Cell><Data ss:Type="Number">0.34</Data></Cell>
    <Cell><Data ss:Type="Number">-10.09</Data></Cell>
    <Cell><Data ss:Type="Number">0.11</Data></Cell>
    <Cell><Data ss:Type="Number">-9.49</Data></Cell>
    <Cell><Data ss:Type="Number">-0.1</Data></Cell>
    <Cell><Data ss:Type="Number">-0.96</Data></Cell>
    <Cell><Data ss:Type="Number">22.7</Data></Cell>
    <Cell><Data ss:Type="Number">39.700000000000003</Data></Cell>
    <Cell><Data ss:Type="Number">0</Data></Cell>
    <Cell><Data ss:Type="Number">0</Data></Cell>
    <Cell><Data ss:Type="String">2023-12-07 16:15:33.408008</Data></Cell>
   </Row>
   <Row>
    <Cell><Data ss:Type="String">1009</Data></Cell>
    <Cell><Data ss:Type="Number">0.25</Data></Cell>
    <Cell><Data ss:Type="Number">-10.119999999999999</Data></Cell>
    <Cell><Data ss:Type="Number">0.13</Data></Cell>
    <Cell><Data ss:Type="Number">-9.51</Data></Cell>
    <Cell><Data ss:Type="Number">-7.0000000000000007E-2</Data></Cell>
    <Cell><Data ss:Type="Number">-0.89</Data></Cell>
    <Cell><Data ss:Type="Number">22.7</Data></Cell>
    <Cell><Data ss:Type="Number">39.700000000000003</Data></Cell>
    <Cell><Data ss:Type="Number">0</Data></Cell>
    <Cell><Data ss:Type="Number">0</Data></Cell>
    <Cell><Data ss:Type="String">2023-12-07 16:15:33.406203</Data></Cell>
   </Row>
   <Row>
    <Cell><Data ss:Type="String">1008</Data></Cell>
    <Cell><Data ss:Type="Number">0.33</Data></Cell>
    <Cell><Data ss:Type="Number">-10.199999999999999</Data></Cell>
    <Cell><Data ss:Type="Number">0.15</Data></Cell>
    <Cell><Data ss:Type="Number">-9.5500000000000007</Data></Cell>
    <Cell><Data ss:Type="Number">-0.09</Data></Cell>
    <Cell><Data ss:Type="Number">-0.92</Data></Cell>
    <Cell><Data ss:Type="Number">22.7</Data></Cell>
    <Cell><Data ss:Type="Number">39.700000000000003</Data></Cell>
    <Cell><Data ss:Type="Number">0</Data></Cell>
    <Cell><Data ss:Type="Number">0</Data></Cell>
    <Cell><Data ss:Type="String">2023-12-07 16:15:33.404010</Data></Cell>
   </Row>
   <Row>
    <Cell><Data ss:Type="String">1007</Data></Cell>
    <Cell><Data ss:Type="Number">0.25</Data></Cell>
    <Cell><Data ss:Type="Number">-9.9600000000000009</Data></Cell>
    <Cell><Data ss:Type="Number">0.18</Data></Cell>
    <Cell><Data ss:Type="Number">-9.41</Data></Cell>
    <Cell><Data ss:Type="Number">-0.05</Data></Cell>
    <Cell><Data ss:Type="Number">-0.89</Data></Cell>
    <Cell><Data ss:Type="Number">22.7</Data></Cell>
    <Cell><Data ss:Type="Number">39.700000000000003</Data></Cell>
    <Cell><Data ss:Type="Number">0</Data></Cell>
    <Cell><Data ss:Type="Number">0</Data></Cell>
    <Cell><Data ss:Type="String">2023-12-07 16:15:33.402014</Data></Cell>
   </Row>
   <Row>
    <Cell><Data ss:Type="String">1006</Data></Cell>
    <Cell><Data ss:Type="Number">0.27</Data></Cell>
    <Cell><Data ss:Type="Number">-9.9600000000000009</Data></Cell>
    <Cell><Data ss:Type="Number">0.06</Data></Cell>
    <Cell><Data ss:Type="Number">-9.4600000000000009</Data></Cell>
    <Cell><Data ss:Type="Number">-0.11</Data></Cell>
    <Cell><Data ss:Type="Number">-0.96</Data></Cell>
    <Cell><Data ss:Type="Number">22.7</Data></Cell>
    <Cell><Data ss:Type="Number">39.700000000000003</Data></Cell>
    <Cell><Data ss:Type="Number">0</Data></Cell>
    <Cell><Data ss:Type="Number">0</Data></Cell>
    <Cell><Data ss:Type="String">2023-12-07 16:15:33.325971</Data></Cell>
   </Row>
   <Row>
    <Cell><Data ss:Type="String">1005</Data></Cell>
    <Cell><Data ss:Type="Number">0.28000000000000003</Data></Cell>
    <Cell><Data ss:Type="Number">-11.11</Data></Cell>
    <Cell><Data ss:Type="Number">0.3</Data></Cell>
    <Cell><Data ss:Type="Number">-9.75</Data></Cell>
    <Cell><Data ss:Type="Number">-0.08</Data></Cell>
    <Cell><Data ss:Type="Number">-0.94</Data></Cell>
    <Cell><Data ss:Type="Number">22.7</Data></Cell>
    <Cell><Data ss:Type="Number">39.700000000000003</Data></Cell>
    <Cell><Data ss:Type="Number">0</Data></Cell>
    <Cell><Data ss:Type="Number">0</Data></Cell>
    <Cell><Data ss:Type="String">2023-12-07 16:15:33.324213</Data></Cell>
   </Row>
   <Row>
    <Cell><Data ss:Type="String">1004</Data></Cell>
    <Cell><Data ss:Type="Number">0.28999999999999998</Data></Cell>
    <Cell><Data ss:Type="Number">-10.23</Data></Cell>
    <Cell><Data ss:Type="Number">0.19</Data></Cell>
    <Cell><Data ss:Type="Number">-9.52</Data></Cell>
    <Cell><Data ss:Type="Number">-0.1</Data></Cell>
    <Cell><Data ss:Type="Number">-0.94</Data></Cell>
    <Cell><Data ss:Type="Number">22.7</Data></Cell>
    <Cell><Data ss:Type="Number">39.700000000000003</Data></Cell>
    <Cell><Data ss:Type="Number">0</Data></Cell>
    <Cell><Data ss:Type="Number">0</Data></Cell>
    <Cell><Data ss:Type="String">2023-12-07 16:15:33.321791</Data></Cell>
   </Row>
   <Row>
    <Cell><Data ss:Type="String">1003</Data></Cell>
    <Cell><Data ss:Type="Number">0.21</Data></Cell>
    <Cell><Data ss:Type="Number">-10.24</Data></Cell>
    <Cell><Data ss:Type="Number">0.13</Data></Cell>
    <Cell><Data ss:Type="Number">-9.5399999999999991</Data></Cell>
    <Cell><Data ss:Type="Number">-0.05</Data></Cell>
    <Cell><Data ss:Type="Number">-0.91</Data></Cell>
    <Cell><Data ss:Type="Number">22.7</Data></Cell>
    <Cell><Data ss:Type="Number">39.700000000000003</Data></Cell>
    <Cell><Data ss:Type="Number">0</Data></Cell>
    <Cell><Data ss:Type="Number">0</Data></Cell>
    <Cell><Data ss:Type="String">2023-12-07 16:15:33.319114</Data></Cell>
   </Row>
   <Row>
    <Cell><Data ss:Type="String">1002</Data></Cell>
    <Cell><Data ss:Type="Number">0.28000000000000003</Data></Cell>
    <Cell><Data ss:Type="Number">-10.19</Data></Cell>
    <Cell><Data ss:Type="Number">0.25</Data></Cell>
    <Cell><Data ss:Type="Number">-9.4700000000000006</Data></Cell>
    <Cell><Data ss:Type="Number">-7.0000000000000007E-2</Data></Cell>
    <Cell><Data ss:Type="Number">-0.92</Data></Cell>
    <Cell><Data ss:Type="Number">22.7</Data></Cell>
    <Cell><Data ss:Type="Number">39.700000000000003</Data></Cell>
    <Cell><Data ss:Type="Number">0</Data></Cell>
    <Cell><Data ss:Type="Number">0</Data></Cell>
    <Cell><Data ss:Type="String">2023-12-07 16:15:33.317496</Data></Cell>
   </Row>
   <Row>
    <Cell><Data ss:Type="String">1001</Data></Cell>
    <Cell><Data ss:Type="Number">0.39</Data></Cell>
    <Cell><Data ss:Type="Number">-9.9700000000000006</Data></Cell>
    <Cell><Data ss:Type="Number">0.18</Data></Cell>
    <Cell><Data ss:Type="Number">-9.4499999999999993</Data></Cell>
    <Cell><Data ss:Type="Number">-0.03</Data></Cell>
    <Cell><Data ss:Type="Number">-0.92</Data></Cell>
    <Cell><Data ss:Type="Number">22.7</Data></Cell>
    <Cell><Data ss:Type="Number">39.700000000000003</Data></Cell>
    <Cell><Data ss:Type="Number">0</Data></Cell>
    <Cell><Data ss:Type="Number">0</Data></Cell>
    <Cell><Data ss:Type="String">2023-12-07 16:15:33.315763</Data></Cell>
   </Row>
   <Row>
    <Cell><Data ss:Type="String">1000</Data></Cell>
    <Cell><Data ss:Type="Number">0.35</Data></Cell>
    <Cell><Data ss:Type="Number">-10.24</Data></Cell>
    <Cell><Data ss:Type="Number">-0.02</Data></Cell>
    <Cell><Data ss:Type="Number">-9.5299999999999994</Data></Cell>
    <Cell><Data ss:Type="Number">-0.12</Data></Cell>
    <Cell><Data ss:Type="Number">-0.93</Data></Cell>
    <Cell><Data ss:Type="Number">22.7</Data></Cell>
    <Cell><Data ss:Type="Number">39.700000000000003</Data></Cell>
    <Cell><Data ss:Type="Number">0</Data></Cell>
    <Cell><Data ss:Type="Number">0</Data></Cell>
    <Cell><Data ss:Type="String">2023-12-07 16:15:33.282366</Data></Cell>
   </Row>
   <Row>
    <Cell><Data ss:Type="String">999</Data></Cell>
    <Cell><Data ss:Type="Number">0.26</Data></Cell>
    <Cell><Data ss:Type="Number">-10.24</Data></Cell>
    <Cell><Data ss:Type="Number">0.23</Data></Cell>
    <Cell><Data ss:Type="Number">-9.5299999999999994</Data></Cell>
    <Cell><Data ss:Type="Number">-0.06</Data></Cell>
    <Cell><Data ss:Type="Number">-0.89</Data></Cell>
    <Cell><Data ss:Type="Number">22.7</Data></Cell>
    <Cell><Data ss:Type="Number">39.700000000000003</Data></Cell>
    <Cell><Data ss:Type="Number">0</Data></Cell>
    <Cell><Data ss:Type="Number">0</Data></Cell>
    <Cell><Data ss:Type="String">2023-12-07 16:15:33.058144</Data></Cell>
   </Row>
   <Row>
    <Cell><Data ss:Type="String">998</Data></Cell>
    <Cell><Data ss:Type="Number">0.3</Data></Cell>
    <Cell><Data ss:Type="Number">-10.17</Data></Cell>
    <Cell><Data ss:Type="Number">0.09</Data></Cell>
    <Cell><Data ss:Type="Number">-9.52</Data></Cell>
    <Cell><Data ss:Type="Number">-7.0000000000000007E-2</Data></Cell>
    <Cell><Data ss:Type="Number">-0.98</Data></Cell>
    <Cell><Data ss:Type="Number">22.7</Data></Cell>
    <Cell><Data ss:Type="Number">39.700000000000003</Data></Cell>
    <Cell><Data ss:Type="Number">0</Data></Cell>
    <Cell><Data ss:Type="Number">0</Data></Cell>
    <Cell><Data ss:Type="String">2023-12-07 16:15:33.055617</Data></Cell>
   </Row>
   <Row>
    <Cell><Data ss:Type="String">997</Data></Cell>
    <Cell><Data ss:Type="Number">0.31</Data></Cell>
    <Cell><Data ss:Type="Number">-10.06</Data></Cell>
    <Cell><Data ss:Type="Number">0.26</Data></Cell>
    <Cell><Data ss:Type="Number">-9.43</Data></Cell>
    <Cell><Data ss:Type="Number">-0.05</Data></Cell>
    <Cell><Data ss:Type="Number">-0.87</Data></Cell>
    <Cell><Data ss:Type="Number">22.7</Data></Cell>
    <Cell><Data ss:Type="Number">39.700000000000003</Data></Cell>
    <Cell><Data ss:Type="Number">0</Data></Cell>
    <Cell><Data ss:Type="Number">0</Data></Cell>
    <Cell><Data ss:Type="String">2023-12-07 16:15:33.053224</Data></Cell>
   </Row>
   <Row>
    <Cell><Data ss:Type="String">996</Data></Cell>
    <Cell><Data ss:Type="Number">0.37</Data></Cell>
    <Cell><Data ss:Type="Number">-10</Data></Cell>
    <Cell><Data ss:Type="Number">0.19</Data></Cell>
    <Cell><Data ss:Type="Number">-9.4600000000000009</Data></Cell>
    <Cell><Data ss:Type="Number">-0.11</Data></Cell>
    <Cell><Data ss:Type="Number">-0.98</Data></Cell>
    <Cell><Data ss:Type="Number">22.7</Data></Cell>
    <Cell><Data ss:Type="Number">39.700000000000003</Data></Cell>
    <Cell><Data ss:Type="Number">0</Data></Cell>
    <Cell><Data ss:Type="Number">0</Data></Cell>
    <Cell><Data ss:Type="String">2023-12-07 16:15:33.051418</Data></Cell>
   </Row>
   <Row>
    <Cell><Data ss:Type="String">995</Data></Cell>
    <Cell><Data ss:Type="Number">0.26</Data></Cell>
    <Cell><Data ss:Type="Number">-10.06</Data></Cell>
    <Cell><Data ss:Type="Number">0.16</Data></Cell>
    <Cell><Data ss:Type="Number">-9.49</Data></Cell>
    <Cell><Data ss:Type="Number">-7.0000000000000007E-2</Data></Cell>
    <Cell><Data ss:Type="Number">-0.94</Data></Cell>
    <Cell><Data ss:Type="Number">22.7</Data></Cell>
    <Cell><Data ss:Type="Number">39.700000000000003</Data></Cell>
    <Cell><Data ss:Type="Number">0</Data></Cell>
    <Cell><Data ss:Type="Number">0</Data></Cell>
    <Cell><Data ss:Type="String">2023-12-07 16:15:33.049788</Data></Cell>
   </Row>
   <Row>
    <Cell><Data ss:Type="String">994</Data></Cell>
    <Cell><Data ss:Type="Number">0.25</Data></Cell>
    <Cell><Data ss:Type="Number">-10.24</Data></Cell>
    <Cell><Data ss:Type="Number">0.03</Data></Cell>
    <Cell><Data ss:Type="Number">-9.5299999999999994</Data></Cell>
    <Cell><Data ss:Type="Number">-0.02</Data></Cell>
    <Cell><Data ss:Type="Number">-0.94</Data></Cell>
    <Cell><Data ss:Type="Number">22.7</Data></Cell>
    <Cell><Data ss:Type="Number">39.700000000000003</Data></Cell>
    <Cell><Data ss:Type="Number">0</Data></Cell>
    <Cell><Data ss:Type="Number">0</Data></Cell>
    <Cell><Data ss:Type="String">2023-12-07 16:15:33.048245</Data></Cell>
   </Row>
   <Row>
    <Cell><Data ss:Type="String">993</Data></Cell>
    <Cell><Data ss:Type="Number">0.36</Data></Cell>
    <Cell><Data ss:Type="Number">-10.199999999999999</Data></Cell>
    <Cell><Data ss:Type="Number">0.21</Data></Cell>
    <Cell><Data ss:Type="Number">-9.49</Data></Cell>
    <Cell><Data ss:Type="Number">-0.02</Data></Cell>
    <Cell><Data ss:Type="Number">-0.93</Data></Cell>
    <Cell><Data ss:Type="Number">22.7</Data></Cell>
    <Cell><Data ss:Type="Number">39.700000000000003</Data></Cell>
    <Cell><Data ss:Type="Number">0</Data></Cell>
    <Cell><Data ss:Type="Number">0</Data></Cell>
    <Cell><Data ss:Type="String">2023-12-07 16:15:33.046405</Data></Cell>
   </Row>
   <Row>
    <Cell><Data ss:Type="String">992</Data></Cell>
    <Cell><Data ss:Type="Number">0.62</Data></Cell>
    <Cell><Data ss:Type="Number">-9.9600000000000009</Data></Cell>
    <Cell><Data ss:Type="Number">0.27</Data></Cell>
    <Cell><Data ss:Type="Number">-9.43</Data></Cell>
    <Cell><Data ss:Type="Number">-0.23</Data></Cell>
    <Cell><Data ss:Type="Number">-0.87</Data></Cell>
    <Cell><Data ss:Type="Number">22.7</Data></Cell>
    <Cell><Data ss:Type="Number">39.700000000000003</Data></Cell>
    <Cell><Data ss:Type="Number">0</Data></Cell>
    <Cell><Data ss:Type="Number">0</Data></Cell>
    <Cell><Data ss:Type="String">2023-12-07 16:15:32.822292</Data></Cell>
   </Row>
   <Row>
    <Cell><Data ss:Type="String">991</Data></Cell>
    <Cell><Data ss:Type="Number">-7.0000000000000007E-2</Data></Cell>
    <Cell><Data ss:Type="Number">-10.02</Data></Cell>
    <Cell><Data ss:Type="Number">-0.01</Data></Cell>
    <Cell><Data ss:Type="Number">-9.4499999999999993</Data></Cell>
    <Cell><Data ss:Type="Number">0.08</Data></Cell>
    <Cell><Data ss:Type="Number">-0.95</Data></Cell>
    <Cell><Data ss:Type="Number">22.7</Data></Cell>
    <Cell><Data ss:Type="Number">39.700000000000003</Data></Cell>
    <Cell><Data ss:Type="Number">0</Data></Cell>
    <Cell><Data ss:Type="Number">0</Data></Cell>
    <Cell><Data ss:Type="String">2023-12-07 16:15:32.775340</Data></Cell>
   </Row>
   <Row>
    <Cell><Data ss:Type="String">990</Data></Cell>
    <Cell><Data ss:Type="Number">-0.12</Data></Cell>
    <Cell><Data ss:Type="Number">-10.08</Data></Cell>
    <Cell><Data ss:Type="Number">-0.23</Data></Cell>
    <Cell><Data ss:Type="Number">-9.5</Data></Cell>
    <Cell><Data ss:Type="Number">0.2</Data></Cell>
    <Cell><Data ss:Type="Number">-1</Data></Cell>
    <Cell><Data ss:Type="Number">22.7</Data></Cell>
    <Cell><Data ss:Type="Number">39.700000000000003</Data></Cell>
    <Cell><Data ss:Type="Number">0</Data></Cell>
    <Cell><Data ss:Type="Number">0</Data></Cell>
    <Cell><Data ss:Type="String">2023-12-07 16:15:32.773005</Data></Cell>
   </Row>
   <Row>
    <Cell><Data ss:Type="String">989</Data></Cell>
    <Cell><Data ss:Type="Number">1.05</Data></Cell>
    <Cell><Data ss:Type="Number">-9.7899999999999991</Data></Cell>
    <Cell><Data ss:Type="Number">0.56000000000000005</Data></Cell>
    <Cell><Data ss:Type="Number">-9.41</Data></Cell>
    <Cell><Data ss:Type="Number">-0.18</Data></Cell>
    <Cell><Data ss:Type="Number">-0.81</Data></Cell>
    <Cell><Data ss:Type="Number">22.7</Data></Cell>
    <Cell><Data ss:Type="Number">39.700000000000003</Data></Cell>
    <Cell><Data ss:Type="Number">0</Data></Cell>
    <Cell><Data ss:Type="Number">0</Data></Cell>
    <Cell><Data ss:Type="String">2023-12-07 16:15:32.725589</Data></Cell>
   </Row>
   <Row>
    <Cell><Data ss:Type="String">988</Data></Cell>
    <Cell><Data ss:Type="Number">1.3</Data></Cell>
    <Cell><Data ss:Type="Number">-10.85</Data></Cell>
    <Cell><Data ss:Type="Number">0.95</Data></Cell>
    <Cell><Data ss:Type="Number">-9.9499999999999993</Data></Cell>
    <Cell><Data ss:Type="Number">-0.91</Data></Cell>
    <Cell><Data ss:Type="Number">-0.79</Data></Cell>
    <Cell><Data ss:Type="Number">22.7</Data></Cell>
    <Cell><Data ss:Type="Number">39.700000000000003</Data></Cell>
    <Cell><Data ss:Type="Number">0</Data></Cell>
    <Cell><Data ss:Type="Number">0</Data></Cell>
    <Cell><Data ss:Type="String">2023-12-07 16:15:32.679409</Data></Cell>
   </Row>
   <Row>
    <Cell><Data ss:Type="String">987</Data></Cell>
    <Cell><Data ss:Type="Number">-2.41</Data></Cell>
    <Cell><Data ss:Type="Number">-10.36</Data></Cell>
    <Cell><Data ss:Type="Number">-1.1100000000000001</Data></Cell>
    <Cell><Data ss:Type="Number">-9.4700000000000006</Data></Cell>
    <Cell><Data ss:Type="Number">1.21</Data></Cell>
    <Cell><Data ss:Type="Number">-1.01</Data></Cell>
    <Cell><Data ss:Type="Number">22.7</Data></Cell>
    <Cell><Data ss:Type="Number">39.700000000000003</Data></Cell>
    <Cell><Data ss:Type="Number">0</Data></Cell>
    <Cell><Data ss:Type="Number">0</Data></Cell>
    <Cell><Data ss:Type="String">2023-12-07 16:15:32.636034</Data></Cell>
   </Row>
   <Row>
    <Cell><Data ss:Type="String">986</Data></Cell>
    <Cell><Data ss:Type="Number">3.4</Data></Cell>
    <Cell><Data ss:Type="Number">-9.39</Data></Cell>
    <Cell><Data ss:Type="Number">1.25</Data></Cell>
    <Cell><Data ss:Type="Number">-10.31</Data></Cell>
    <Cell><Data ss:Type="Number">0.12</Data></Cell>
    <Cell><Data ss:Type="Number">-1.95</Data></Cell>
    <Cell><Data ss:Type="Number">22.7</Data></Cell>
    <Cell><Data ss:Type="Number">39.700000000000003</Data></Cell>
    <Cell><Data ss:Type="Number">0</Data></Cell>
    <Cell><Data ss:Type="Number">0</Data></Cell>
    <Cell><Data ss:Type="String">2023-12-07 16:15:32.633522</Data></Cell>
   </Row>
   <Row>
    <Cell><Data ss:Type="String">985</Data></Cell>
    <Cell><Data ss:Type="Number">0.13</Data></Cell>
    <Cell><Data ss:Type="Number">-10.82</Data></Cell>
    <Cell><Data ss:Type="Number">-0.28999999999999998</Data></Cell>
    <Cell><Data ss:Type="Number">-9.6199999999999992</Data></Cell>
    <Cell><Data ss:Type="Number">-0.06</Data></Cell>
    <Cell><Data ss:Type="Number">-1.02</Data></Cell>
    <Cell><Data ss:Type="Number">22.7</Data></Cell>
    <Cell><Data ss:Type="Number">39.700000000000003</Data></Cell>
    <Cell><Data ss:Type="Number">0</Data></Cell>
    <Cell><Data ss:Type="Number">0</Data></Cell>
    <Cell><Data ss:Type="String">2023-12-07 16:15:32.591890</Data></Cell>
   </Row>
   <Row>
    <Cell><Data ss:Type="String">984</Data></Cell>
    <Cell><Data ss:Type="Number">0.35</Data></Cell>
    <Cell><Data ss:Type="Number">-10.16</Data></Cell>
    <Cell><Data ss:Type="Number">0.36</Data></Cell>
    <Cell><Data ss:Type="Number">-9.4499999999999993</Data></Cell>
    <Cell><Data ss:Type="Number">-7.0000000000000007E-2</Data></Cell>
    <Cell><Data ss:Type="Number">-0.84</Data></Cell>
    <Cell><Data ss:Type="Number">22.7</Data></Cell>
    <Cell><Data ss:Type="Number">39.700000000000003</Data></Cell>
    <Cell><Data ss:Type="Number">0</Data></Cell>
    <Cell><Data ss:Type="Number">0</Data></Cell>
    <Cell><Data ss:Type="String">2023-12-07 16:15:32.545873</Data></Cell>
   </Row>
   <Row>
    <Cell><Data ss:Type="String">983</Data></Cell>
    <Cell><Data ss:Type="Number">-0.06</Data></Cell>
    <Cell><Data ss:Type="Number">-9.84</Data></Cell>
    <Cell><Data ss:Type="Number">0.06</Data></Cell>
    <Cell><Data ss:Type="Number">-9.5399999999999991</Data></Cell>
    <Cell><Data ss:Type="Number">-0.05</Data></Cell>
    <Cell><Data ss:Type="Number">-0.99</Data></Cell>
    <Cell><Data ss:Type="Number">22.7</Data></Cell>
    <Cell><Data ss:Type="Number">39.700000000000003</Data></Cell>
    <Cell><Data ss:Type="Number">0</Data></Cell>
    <Cell><Data ss:Type="Number">0</Data></Cell>
    <Cell><Data ss:Type="String">2023-12-07 16:15:32.544217</Data></Cell>
   </Row>
   <Row>
    <Cell><Data ss:Type="String">982</Data></Cell>
    <Cell><Data ss:Type="Number">0.53</Data></Cell>
    <Cell><Data ss:Type="Number">-9.34</Data></Cell>
    <Cell><Data ss:Type="Number">0.49</Data></Cell>
    <Cell><Data ss:Type="Number">-9.36</Data></Cell>
    <Cell><Data ss:Type="Number">-0.06</Data></Cell>
    <Cell><Data ss:Type="Number">-0.9</Data></Cell>
    <Cell><Data ss:Type="Number">22.7</Data></Cell>
    <Cell><Data ss:Type="Number">39.700000000000003</Data></Cell>
    <Cell><Data ss:Type="Number">0</Data></Cell>
    <Cell><Data ss:Type="Number">0</Data></Cell>
    <Cell><Data ss:Type="String">2023-12-07 16:15:32.491267</Data></Cell>
   </Row>
   <Row>
    <Cell><Data ss:Type="String">981</Data></Cell>
    <Cell><Data ss:Type="Number">-0.12</Data></Cell>
    <Cell><Data ss:Type="Number">-10.25</Data></Cell>
    <Cell><Data ss:Type="Number">-0.09</Data></Cell>
    <Cell><Data ss:Type="Number">-9.6</Data></Cell>
    <Cell><Data ss:Type="Number">-0.06</Data></Cell>
    <Cell><Data ss:Type="Number">-0.88</Data></Cell>
    <Cell><Data ss:Type="Number">22.7</Data></Cell>
    <Cell><Data ss:Type="Number">39.700000000000003</Data></Cell>
    <Cell><Data ss:Type="Number">0</Data></Cell>
    <Cell><Data ss:Type="Number">0</Data></Cell>
    <Cell><Data ss:Type="String">2023-12-07 16:15:32.475872</Data></Cell>
   </Row>
   <Row>
    <Cell><Data ss:Type="String">980</Data></Cell>
    <Cell><Data ss:Type="Number">0.28000000000000003</Data></Cell>
    <Cell><Data ss:Type="Number">-9.73</Data></Cell>
    <Cell><Data ss:Type="Number">0.37</Data></Cell>
    <Cell><Data ss:Type="Number">-9.5</Data></Cell>
    <Cell><Data ss:Type="Number">-0.11</Data></Cell>
    <Cell><Data ss:Type="Number">-0.85</Data></Cell>
    <Cell><Data ss:Type="Number">22.7</Data></Cell>
    <Cell><Data ss:Type="Number">39.700000000000003</Data></Cell>
    <Cell><Data ss:Type="Number">0</Data></Cell>
    <Cell><Data ss:Type="Number">0</Data></Cell>
    <Cell><Data ss:Type="String">2023-12-07 16:15:32.474099</Data></Cell>
   </Row>
   <Row>
    <Cell><Data ss:Type="String">979</Data></Cell>
    <Cell><Data ss:Type="Number">0.22</Data></Cell>
    <Cell><Data ss:Type="Number">-10</Data></Cell>
    <Cell><Data ss:Type="Number">-0.02</Data></Cell>
    <Cell><Data ss:Type="Number">-9.25</Data></Cell>
    <Cell><Data ss:Type="Number">-0.1</Data></Cell>
    <Cell><Data ss:Type="Number">-0.88</Data></Cell>
    <Cell><Data ss:Type="Number">22.7</Data></Cell>
    <Cell><Data ss:Type="Number">39.700000000000003</Data></Cell>
    <Cell><Data ss:Type="Number">0</Data></Cell>
    <Cell><Data ss:Type="Number">0</Data></Cell>
    <Cell><Data ss:Type="String">2023-12-07 16:15:32.471894</Data></Cell>
   </Row>
   <Row>
    <Cell><Data ss:Type="String">978</Data></Cell>
    <Cell><Data ss:Type="Number">0.52</Data></Cell>
    <Cell><Data ss:Type="Number">-10.43</Data></Cell>
    <Cell><Data ss:Type="Number">0.23</Data></Cell>
    <Cell><Data ss:Type="Number">-9.49</Data></Cell>
    <Cell><Data ss:Type="Number">-0.06</Data></Cell>
    <Cell><Data ss:Type="Number">-0.91</Data></Cell>
    <Cell><Data ss:Type="Number">22.7</Data></Cell>
    <Cell><Data ss:Type="Number">39.700000000000003</Data></Cell>
    <Cell><Data ss:Type="Number">0</Data></Cell>
    <Cell><Data ss:Type="Number">0</Data></Cell>
    <Cell><Data ss:Type="String">2023-12-07 16:15:32.469746</Data></Cell>
   </Row>
   <Row>
    <Cell><Data ss:Type="String">977</Data></Cell>
    <Cell><Data ss:Type="Number">0.24</Data></Cell>
    <Cell><Data ss:Type="Number">-9.59</Data></Cell>
    <Cell><Data ss:Type="Number">-0.18</Data></Cell>
    <Cell><Data ss:Type="Number">-9.42</Data></Cell>
    <Cell><Data ss:Type="Number">-0.08</Data></Cell>
    <Cell><Data ss:Type="Number">-0.91</Data></Cell>
    <Cell><Data ss:Type="Number">22.7</Data></Cell>
    <Cell><Data ss:Type="Number">39.700000000000003</Data></Cell>
    <Cell><Data ss:Type="Number">0</Data></Cell>
    <Cell><Data ss:Type="Number">0</Data></Cell>
    <Cell><Data ss:Type="String">2023-12-07 16:15:32.467956</Data></Cell>
   </Row>
   <Row>
    <Cell><Data ss:Type="String">976</Data></Cell>
    <Cell><Data ss:Type="Number">0.55000000000000004</Data></Cell>
    <Cell><Data ss:Type="Number">-10.4</Data></Cell>
    <Cell><Data ss:Type="Number">0.41</Data></Cell>
    <Cell><Data ss:Type="Number">-9.67</Data></Cell>
    <Cell><Data ss:Type="Number">-0.02</Data></Cell>
    <Cell><Data ss:Type="Number">-0.9</Data></Cell>
    <Cell><Data ss:Type="Number">22.7</Data></Cell>
    <Cell><Data ss:Type="Number">39.700000000000003</Data></Cell>
    <Cell><Data ss:Type="Number">0</Data></Cell>
    <Cell><Data ss:Type="Number">0</Data></Cell>
    <Cell><Data ss:Type="String">2023-12-07 16:15:32.466060</Data></Cell>
   </Row>
   <Row>
    <Cell><Data ss:Type="String">975</Data></Cell>
    <Cell><Data ss:Type="Number">0.61</Data></Cell>
    <Cell><Data ss:Type="Number">-9.89</Data></Cell>
    <Cell><Data ss:Type="Number">0.4</Data></Cell>
    <Cell><Data ss:Type="Number">-9.6300000000000008</Data></Cell>
    <Cell><Data ss:Type="Number">-7.0000000000000007E-2</Data></Cell>
    <Cell><Data ss:Type="Number">-0.93</Data></Cell>
    <Cell><Data ss:Type="Number">22.7</Data></Cell>
    <Cell><Data ss:Type="Number">39.700000000000003</Data></Cell>
    <Cell><Data ss:Type="Number">0</Data></Cell>
    <Cell><Data ss:Type="Number">0</Data></Cell>
    <Cell><Data ss:Type="String">2023-12-07 16:15:32.236592</Data></Cell>
   </Row>
   <Row>
    <Cell><Data ss:Type="String">974</Data></Cell>
    <Cell><Data ss:Type="Number">0.33</Data></Cell>
    <Cell><Data ss:Type="Number">-9.9</Data></Cell>
    <Cell><Data ss:Type="Number">-0.2</Data></Cell>
    <Cell><Data ss:Type="Number">-9.43</Data></Cell>
    <Cell><Data ss:Type="Number">-0.14000000000000001</Data></Cell>
    <Cell><Data ss:Type="Number">-0.98</Data></Cell>
    <Cell><Data ss:Type="Number">22.7</Data></Cell>
    <Cell><Data ss:Type="Number">39.700000000000003</Data></Cell>
    <Cell><Data ss:Type="Number">0</Data></Cell>
    <Cell><Data ss:Type="Number">0</Data></Cell>
    <Cell><Data ss:Type="String">2023-12-07 16:15:32.234740</Data></Cell>
   </Row>
   <Row>
    <Cell><Data ss:Type="String">973</Data></Cell>
    <Cell><Data ss:Type="Number">0.15</Data></Cell>
    <Cell><Data ss:Type="Number">-9.8800000000000008</Data></Cell>
    <Cell><Data ss:Type="Number">0.38</Data></Cell>
    <Cell><Data ss:Type="Number">-9.5500000000000007</Data></Cell>
    <Cell><Data ss:Type="Number">-7.0000000000000007E-2</Data></Cell>
    <Cell><Data ss:Type="Number">-0.9</Data></Cell>
    <Cell><Data ss:Type="Number">22.7</Data></Cell>
    <Cell><Data ss:Type="Number">39.700000000000003</Data></Cell>
    <Cell><Data ss:Type="Number">0</Data></Cell>
    <Cell><Data ss:Type="Number">0</Data></Cell>
    <Cell><Data ss:Type="String">2023-12-07 16:15:32.192990</Data></Cell>
   </Row>
   <Row>
    <Cell><Data ss:Type="String">972</Data></Cell>
    <Cell><Data ss:Type="Number">0.53</Data></Cell>
    <Cell><Data ss:Type="Number">-9.9</Data></Cell>
    <Cell><Data ss:Type="Number">0.24</Data></Cell>
    <Cell><Data ss:Type="Number">-9.27</Data></Cell>
    <Cell><Data ss:Type="Number">-0.06</Data></Cell>
    <Cell><Data ss:Type="Number">-0.93</Data></Cell>
    <Cell><Data ss:Type="Number">22.7</Data></Cell>
    <Cell><Data ss:Type="Number">39.700000000000003</Data></Cell>
    <Cell><Data ss:Type="Number">0</Data></Cell>
    <Cell><Data ss:Type="Number">0</Data></Cell>
    <Cell><Data ss:Type="String">2023-12-07 16:15:32.191258</Data></Cell>
   </Row>
   <Row>
    <Cell><Data ss:Type="String">971</Data></Cell>
    <Cell><Data ss:Type="Number">0.42</Data></Cell>
    <Cell><Data ss:Type="Number">-9.7100000000000009</Data></Cell>
    <Cell><Data ss:Type="Number">7.0000000000000007E-2</Data></Cell>
    <Cell><Data ss:Type="Number">-9.32</Data></Cell>
    <Cell><Data ss:Type="Number">-0.12</Data></Cell>
    <Cell><Data ss:Type="Number">-0.93</Data></Cell>
    <Cell><Data ss:Type="Number">22.7</Data></Cell>
    <Cell><Data ss:Type="Number">39.700000000000003</Data></Cell>
    <Cell><Data ss:Type="Number">0</Data></Cell>
    <Cell><Data ss:Type="Number">0</Data></Cell>
    <Cell><Data ss:Type="String">2023-12-07 16:15:32.188960</Data></Cell>
   </Row>
   <Row>
    <Cell><Data ss:Type="String">970</Data></Cell>
    <Cell><Data ss:Type="Number">0.32</Data></Cell>
    <Cell><Data ss:Type="Number">-9.57</Data></Cell>
    <Cell><Data ss:Type="Number">-0.04</Data></Cell>
    <Cell><Data ss:Type="Number">-9.64</Data></Cell>
    <Cell><Data ss:Type="Number">-0.08</Data></Cell>
    <Cell><Data ss:Type="Number">-0.97</Data></Cell>
    <Cell><Data ss:Type="Number">22.7</Data></Cell>
    <Cell><Data ss:Type="Number">39.700000000000003</Data></Cell>
    <Cell><Data ss:Type="Number">0</Data></Cell>
    <Cell><Data ss:Type="Number">0</Data></Cell>
    <Cell><Data ss:Type="String">2023-12-07 16:15:32.186398</Data></Cell>
   </Row>
   <Row>
    <Cell><Data ss:Type="String">969</Data></Cell>
    <Cell><Data ss:Type="Number">0.46</Data></Cell>
    <Cell><Data ss:Type="Number">-10.220000000000001</Data></Cell>
    <Cell><Data ss:Type="Number">0.1</Data></Cell>
    <Cell><Data ss:Type="Number">-9.4499999999999993</Data></Cell>
    <Cell><Data ss:Type="Number">-7.0000000000000007E-2</Data></Cell>
    <Cell><Data ss:Type="Number">-0.88</Data></Cell>
    <Cell><Data ss:Type="Number">22.7</Data></Cell>
    <Cell><Data ss:Type="Number">39.700000000000003</Data></Cell>
    <Cell><Data ss:Type="Number">0</Data></Cell>
    <Cell><Data ss:Type="Number">0</Data></Cell>
    <Cell><Data ss:Type="String">2023-12-07 16:15:32.184311</Data></Cell>
   </Row>
   <Row>
    <Cell><Data ss:Type="String">968</Data></Cell>
    <Cell><Data ss:Type="Number">0.32</Data></Cell>
    <Cell><Data ss:Type="Number">-9.3699999999999992</Data></Cell>
    <Cell><Data ss:Type="Number">0.4</Data></Cell>
    <Cell><Data ss:Type="Number">-9.18</Data></Cell>
    <Cell><Data ss:Type="Number">-0.04</Data></Cell>
    <Cell><Data ss:Type="Number">-0.91</Data></Cell>
    <Cell><Data ss:Type="Number">22.7</Data></Cell>
    <Cell><Data ss:Type="Number">39.700000000000003</Data></Cell>
    <Cell><Data ss:Type="Number">0</Data></Cell>
    <Cell><Data ss:Type="Number">0</Data></Cell>
    <Cell><Data ss:Type="String">2023-12-07 16:15:32.019420</Data></Cell>
   </Row>
   <Row>
    <Cell><Data ss:Type="String">967</Data></Cell>
    <Cell><Data ss:Type="Number">0.31</Data></Cell>
    <Cell><Data ss:Type="Number">-9.5299999999999994</Data></Cell>
    <Cell><Data ss:Type="Number">0.03</Data></Cell>
    <Cell><Data ss:Type="Number">-9.2799999999999994</Data></Cell>
    <Cell><Data ss:Type="Number">-0.04</Data></Cell>
    <Cell><Data ss:Type="Number">-0.99</Data></Cell>
    <Cell><Data ss:Type="Number">22.7</Data></Cell>
    <Cell><Data ss:Type="Number">39.700000000000003</Data></Cell>
    <Cell><Data ss:Type="Number">0</Data></Cell>
    <Cell><Data ss:Type="Number">0</Data></Cell>
    <Cell><Data ss:Type="String">2023-12-07 16:15:31.960989</Data></Cell>
   </Row>
   <Row>
    <Cell><Data ss:Type="String">966</Data></Cell>
    <Cell><Data ss:Type="Number">0.08</Data></Cell>
    <Cell><Data ss:Type="Number">-9.61</Data></Cell>
    <Cell><Data ss:Type="Number">0.31</Data></Cell>
    <Cell><Data ss:Type="Number">-9.44</Data></Cell>
    <Cell><Data ss:Type="Number">-0.01</Data></Cell>
    <Cell><Data ss:Type="Number">-0.89</Data></Cell>
    <Cell><Data ss:Type="Number">22.7</Data></Cell>
    <Cell><Data ss:Type="Number">39.700000000000003</Data></Cell>
    <Cell><Data ss:Type="Number">0</Data></Cell>
    <Cell><Data ss:Type="Number">0</Data></Cell>
    <Cell><Data ss:Type="String">2023-12-07 16:15:31.959351</Data></Cell>
   </Row>
   <Row>
    <Cell><Data ss:Type="String">965</Data></Cell>
    <Cell><Data ss:Type="Number">0.48</Data></Cell>
    <Cell><Data ss:Type="Number">-9.49</Data></Cell>
    <Cell><Data ss:Type="Number">0.3</Data></Cell>
    <Cell><Data ss:Type="Number">-9.4600000000000009</Data></Cell>
    <Cell><Data ss:Type="Number">-0.14000000000000001</Data></Cell>
    <Cell><Data ss:Type="Number">-0.96</Data></Cell>
    <Cell><Data ss:Type="Number">22.7</Data></Cell>
    <Cell><Data ss:Type="Number">39.700000000000003</Data></Cell>
    <Cell><Data ss:Type="Number">0</Data></Cell>
    <Cell><Data ss:Type="Number">0</Data></Cell>
    <Cell><Data ss:Type="String">2023-12-07 16:15:31.913332</Data></Cell>
   </Row>
   <Row>
    <Cell><Data ss:Type="String">964</Data></Cell>
    <Cell><Data ss:Type="Number">0.78</Data></Cell>
    <Cell><Data ss:Type="Number">-10.58</Data></Cell>
    <Cell><Data ss:Type="Number">0.61</Data></Cell>
    <Cell><Data ss:Type="Number">-9.69</Data></Cell>
    <Cell><Data ss:Type="Number">-0.12</Data></Cell>
    <Cell><Data ss:Type="Number">-0.87</Data></Cell>
    <Cell><Data ss:Type="Number">22.7</Data></Cell>
    <Cell><Data ss:Type="Number">39.700000000000003</Data></Cell>
    <Cell><Data ss:Type="Number">0</Data></Cell>
    <Cell><Data ss:Type="Number">0</Data></Cell>
    <Cell><Data ss:Type="String">2023-12-07 16:15:31.871221</Data></Cell>
   </Row>
   <Row>
    <Cell><Data ss:Type="String">963</Data></Cell>
    <Cell><Data ss:Type="Number">-0.62</Data></Cell>
    <Cell><Data ss:Type="Number">-10.15</Data></Cell>
    <Cell><Data ss:Type="Number">-0.52</Data></Cell>
    <Cell><Data ss:Type="Number">-9.4</Data></Cell>
    <Cell><Data ss:Type="Number">-7.0000000000000007E-2</Data></Cell>
    <Cell><Data ss:Type="Number">-0.88</Data></Cell>
    <Cell><Data ss:Type="Number">22.7</Data></Cell>
    <Cell><Data ss:Type="Number">39.700000000000003</Data></Cell>
    <Cell><Data ss:Type="Number">0</Data></Cell>
    <Cell><Data ss:Type="Number">0</Data></Cell>
    <Cell><Data ss:Type="String">2023-12-07 16:15:31.867871</Data></Cell>
   </Row>
   <Row>
    <Cell><Data ss:Type="String">962</Data></Cell>
    <Cell><Data ss:Type="Number">0.11</Data></Cell>
    <Cell><Data ss:Type="Number">-9.93</Data></Cell>
    <Cell><Data ss:Type="Number">0.03</Data></Cell>
    <Cell><Data ss:Type="Number">-9.4499999999999993</Data></Cell>
    <Cell><Data ss:Type="Number">-0.09</Data></Cell>
    <Cell><Data ss:Type="Number">-0.96</Data></Cell>
    <Cell><Data ss:Type="Number">22.7</Data></Cell>
    <Cell><Data ss:Type="Number">39.700000000000003</Data></Cell>
    <Cell><Data ss:Type="Number">0</Data></Cell>
    <Cell><Data ss:Type="Number">0</Data></Cell>
    <Cell><Data ss:Type="String">2023-12-07 16:15:31.824234</Data></Cell>
   </Row>
   <Row>
    <Cell><Data ss:Type="String">961</Data></Cell>
    <Cell><Data ss:Type="Number">0.18</Data></Cell>
    <Cell><Data ss:Type="Number">-9.42</Data></Cell>
    <Cell><Data ss:Type="Number">0.42</Data></Cell>
    <Cell><Data ss:Type="Number">-9.41</Data></Cell>
    <Cell><Data ss:Type="Number">-0.04</Data></Cell>
    <Cell><Data ss:Type="Number">-0.86</Data></Cell>
    <Cell><Data ss:Type="Number">22.7</Data></Cell>
    <Cell><Data ss:Type="Number">39.700000000000003</Data></Cell>
    <Cell><Data ss:Type="Number">0</Data></Cell>
    <Cell><Data ss:Type="Number">0</Data></Cell>
    <Cell><Data ss:Type="String">2023-12-07 16:15:31.821995</Data></Cell>
   </Row>
   <Row>
    <Cell><Data ss:Type="String">960</Data></Cell>
    <Cell><Data ss:Type="Number">0.25</Data></Cell>
    <Cell><Data ss:Type="Number">-10.4</Data></Cell>
    <Cell><Data ss:Type="Number">0.11</Data></Cell>
    <Cell><Data ss:Type="Number">-9.6999999999999993</Data></Cell>
    <Cell><Data ss:Type="Number">-0.1</Data></Cell>
    <Cell><Data ss:Type="Number">-0.91</Data></Cell>
    <Cell><Data ss:Type="Number">22.7</Data></Cell>
    <Cell><Data ss:Type="Number">39.700000000000003</Data></Cell>
    <Cell><Data ss:Type="Number">0</Data></Cell>
    <Cell><Data ss:Type="Number">0</Data></Cell>
    <Cell><Data ss:Type="String">2023-12-07 16:15:31.819233</Data></Cell>
   </Row>
   <Row>
    <Cell><Data ss:Type="String">959</Data></Cell>
    <Cell><Data ss:Type="Number">0.88</Data></Cell>
    <Cell><Data ss:Type="Number">-10.23</Data></Cell>
    <Cell><Data ss:Type="Number">-0.25</Data></Cell>
    <Cell><Data ss:Type="Number">-9.48</Data></Cell>
    <Cell><Data ss:Type="Number">0</Data></Cell>
    <Cell><Data ss:Type="Number">-0.88</Data></Cell>
    <Cell><Data ss:Type="Number">22.7</Data></Cell>
    <Cell><Data ss:Type="Number">39.700000000000003</Data></Cell>
    <Cell><Data ss:Type="Number">0</Data></Cell>
    <Cell><Data ss:Type="Number">0</Data></Cell>
    <Cell><Data ss:Type="String">2023-12-07 16:15:31.817491</Data></Cell>
   </Row>
   <Row>
    <Cell><Data ss:Type="String">958</Data></Cell>
    <Cell><Data ss:Type="Number">0.94</Data></Cell>
    <Cell><Data ss:Type="Number">-9.8699999999999992</Data></Cell>
    <Cell><Data ss:Type="Number">0.46</Data></Cell>
    <Cell><Data ss:Type="Number">-9.6199999999999992</Data></Cell>
    <Cell><Data ss:Type="Number">-0.06</Data></Cell>
    <Cell><Data ss:Type="Number">-0.95</Data></Cell>
    <Cell><Data ss:Type="Number">22.7</Data></Cell>
    <Cell><Data ss:Type="Number">39.700000000000003</Data></Cell>
    <Cell><Data ss:Type="Number">0</Data></Cell>
    <Cell><Data ss:Type="Number">0</Data></Cell>
    <Cell><Data ss:Type="String">2023-12-07 16:15:31.815810</Data></Cell>
   </Row>
   <Row>
    <Cell><Data ss:Type="String">957</Data></Cell>
    <Cell><Data ss:Type="Number">0.54</Data></Cell>
    <Cell><Data ss:Type="Number">-10.31</Data></Cell>
    <Cell><Data ss:Type="Number">-0.01</Data></Cell>
    <Cell><Data ss:Type="Number">-9.48</Data></Cell>
    <Cell><Data ss:Type="Number">-0.09</Data></Cell>
    <Cell><Data ss:Type="Number">-0.94</Data></Cell>
    <Cell><Data ss:Type="Number">22.7</Data></Cell>
    <Cell><Data ss:Type="Number">39.700000000000003</Data></Cell>
    <Cell><Data ss:Type="Number">0</Data></Cell>
    <Cell><Data ss:Type="Number">0</Data></Cell>
    <Cell><Data ss:Type="String">2023-12-07 16:15:31.814158</Data></Cell>
   </Row>
   <Row>
    <Cell><Data ss:Type="String">956</Data></Cell>
    <Cell><Data ss:Type="Number">0.79</Data></Cell>
    <Cell><Data ss:Type="Number">-10.54</Data></Cell>
    <Cell><Data ss:Type="Number">0.33</Data></Cell>
    <Cell><Data ss:Type="Number">-9.5500000000000007</Data></Cell>
    <Cell><Data ss:Type="Number">-0.17</Data></Cell>
    <Cell><Data ss:Type="Number">-0.89</Data></Cell>
    <Cell><Data ss:Type="Number">22.7</Data></Cell>
    <Cell><Data ss:Type="Number">39.700000000000003</Data></Cell>
    <Cell><Data ss:Type="Number">0</Data></Cell>
    <Cell><Data ss:Type="Number">0</Data></Cell>
    <Cell><Data ss:Type="String">2023-12-07 16:15:31.812263</Data></Cell>
   </Row>
   <Row>
    <Cell><Data ss:Type="String">955</Data></Cell>
    <Cell><Data ss:Type="Number">0.55000000000000004</Data></Cell>
    <Cell><Data ss:Type="Number">-10.38</Data></Cell>
    <Cell><Data ss:Type="Number">0.03</Data></Cell>
    <Cell><Data ss:Type="Number">-9.6199999999999992</Data></Cell>
    <Cell><Data ss:Type="Number">-0.02</Data></Cell>
    <Cell><Data ss:Type="Number">-0.99</Data></Cell>
    <Cell><Data ss:Type="Number">22.7</Data></Cell>
    <Cell><Data ss:Type="Number">39.700000000000003</Data></Cell>
    <Cell><Data ss:Type="Number">0</Data></Cell>
    <Cell><Data ss:Type="Number">0</Data></Cell>
    <Cell><Data ss:Type="String">2023-12-07 16:15:31.576602</Data></Cell>
   </Row>
   <Row>
    <Cell><Data ss:Type="String">954</Data></Cell>
    <Cell><Data ss:Type="Number">0.91</Data></Cell>
    <Cell><Data ss:Type="Number">-10.65</Data></Cell>
    <Cell><Data ss:Type="Number">0.21</Data></Cell>
    <Cell><Data ss:Type="Number">-9.41</Data></Cell>
    <Cell><Data ss:Type="Number">0.09</Data></Cell>
    <Cell><Data ss:Type="Number">-0.91</Data></Cell>
    <Cell><Data ss:Type="Number">22.7</Data></Cell>
    <Cell><Data ss:Type="Number">39.700000000000003</Data></Cell>
    <Cell><Data ss:Type="Number">0</Data></Cell>
    <Cell><Data ss:Type="Number">0</Data></Cell>
    <Cell><Data ss:Type="String">2023-12-07 16:15:31.574649</Data></Cell>
   </Row>
   <Row>
    <Cell><Data ss:Type="String">953</Data></Cell>
    <Cell><Data ss:Type="Number">0.23</Data></Cell>
    <Cell><Data ss:Type="Number">-10.18</Data></Cell>
    <Cell><Data ss:Type="Number">0.08</Data></Cell>
    <Cell><Data ss:Type="Number">-9.44</Data></Cell>
    <Cell><Data ss:Type="Number">-0.1</Data></Cell>
    <Cell><Data ss:Type="Number">-0.92</Data></Cell>
    <Cell><Data ss:Type="Number">22.7</Data></Cell>
    <Cell><Data ss:Type="Number">39.700000000000003</Data></Cell>
    <Cell><Data ss:Type="Number">0</Data></Cell>
    <Cell><Data ss:Type="Number">0</Data></Cell>
    <Cell><Data ss:Type="String">2023-12-07 16:15:31.572205</Data></Cell>
   </Row>
   <Row>
    <Cell><Data ss:Type="String">952</Data></Cell>
    <Cell><Data ss:Type="Number">-1.1499999999999999</Data></Cell>
    <Cell><Data ss:Type="Number">-10.02</Data></Cell>
    <Cell><Data ss:Type="Number">0.8</Data></Cell>
    <Cell><Data ss:Type="Number">-9.35</Data></Cell>
    <Cell><Data ss:Type="Number">-0.7</Data></Cell>
    <Cell><Data ss:Type="Number">-0.84</Data></Cell>
    <Cell><Data ss:Type="Number">22.7</Data></Cell>
    <Cell><Data ss:Type="Number">39.700000000000003</Data></Cell>
    <Cell><Data ss:Type="Number">0</Data></Cell>
    <Cell><Data ss:Type="Number">0</Data></Cell>
    <Cell><Data ss:Type="String">2023-12-07 16:15:31.569697</Data></Cell>
   </Row>
   <Row>
    <Cell><Data ss:Type="String">951</Data></Cell>
    <Cell><Data ss:Type="Number">-0.56000000000000005</Data></Cell>
    <Cell><Data ss:Type="Number">-10.09</Data></Cell>
    <Cell><Data ss:Type="Number">-0.43</Data></Cell>
    <Cell><Data ss:Type="Number">-9.5299999999999994</Data></Cell>
    <Cell><Data ss:Type="Number">7.0000000000000007E-2</Data></Cell>
    <Cell><Data ss:Type="Number">-0.8</Data></Cell>
    <Cell><Data ss:Type="Number">22.7</Data></Cell>
    <Cell><Data ss:Type="Number">39.700000000000003</Data></Cell>
    <Cell><Data ss:Type="Number">0</Data></Cell>
    <Cell><Data ss:Type="Number">0</Data></Cell>
    <Cell><Data ss:Type="String">2023-12-07 16:15:31.567952</Data></Cell>
   </Row>
   <Row>
    <Cell><Data ss:Type="String">950</Data></Cell>
    <Cell><Data ss:Type="Number">-1.99</Data></Cell>
    <Cell><Data ss:Type="Number">-10.38</Data></Cell>
    <Cell><Data ss:Type="Number">-1</Data></Cell>
    <Cell><Data ss:Type="Number">-9.64</Data></Cell>
    <Cell><Data ss:Type="Number">0.79</Data></Cell>
    <Cell><Data ss:Type="Number">-1.22</Data></Cell>
    <Cell><Data ss:Type="Number">22.7</Data></Cell>
    <Cell><Data ss:Type="Number">39.700000000000003</Data></Cell>
    <Cell><Data ss:Type="Number">0</Data></Cell>
    <Cell><Data ss:Type="Number">0</Data></Cell>
    <Cell><Data ss:Type="String">2023-12-07 16:15:31.409082</Data></Cell>
   </Row>
   <Row>
    <Cell><Data ss:Type="String">949</Data></Cell>
    <Cell><Data ss:Type="Number">2.52</Data></Cell>
    <Cell><Data ss:Type="Number">-9.49</Data></Cell>
    <Cell><Data ss:Type="Number">2.74</Data></Cell>
    <Cell><Data ss:Type="Number">-11.58</Data></Cell>
    <Cell><Data ss:Type="Number">0.11</Data></Cell>
    <Cell><Data ss:Type="Number">-0.48</Data></Cell>
    <Cell><Data ss:Type="Number">22.7</Data></Cell>
    <Cell><Data ss:Type="Number">39.700000000000003</Data></Cell>
    <Cell><Data ss:Type="Number">0</Data></Cell>
    <Cell><Data ss:Type="Number">0</Data></Cell>
    <Cell><Data ss:Type="String">2023-12-07 16:15:31.364591</Data></Cell>
   </Row>
   <Row>
    <Cell><Data ss:Type="String">948</Data></Cell>
    <Cell><Data ss:Type="Number">0.3</Data></Cell>
    <Cell><Data ss:Type="Number">-8.8800000000000008</Data></Cell>
    <Cell><Data ss:Type="Number">0.52</Data></Cell>
    <Cell><Data ss:Type="Number">-7.13</Data></Cell>
    <Cell><Data ss:Type="Number">-1.06</Data></Cell>
    <Cell><Data ss:Type="Number">-0.63</Data></Cell>
    <Cell><Data ss:Type="Number">22.7</Data></Cell>
    <Cell><Data ss:Type="Number">39.700000000000003</Data></Cell>
    <Cell><Data ss:Type="Number">0</Data></Cell>
    <Cell><Data ss:Type="Number">0</Data></Cell>
    <Cell><Data ss:Type="String">2023-12-07 16:15:31.362936</Data></Cell>
   </Row>
   <Row>
    <Cell><Data ss:Type="String">947</Data></Cell>
    <Cell><Data ss:Type="Number">0.22</Data></Cell>
    <Cell><Data ss:Type="Number">-10.07</Data></Cell>
    <Cell><Data ss:Type="Number">0.01</Data></Cell>
    <Cell><Data ss:Type="Number">-9.4700000000000006</Data></Cell>
    <Cell><Data ss:Type="Number">-0.05</Data></Cell>
    <Cell><Data ss:Type="Number">-0.92</Data></Cell>
    <Cell><Data ss:Type="Number">22.7</Data></Cell>
    <Cell><Data ss:Type="Number">39.700000000000003</Data></Cell>
    <Cell><Data ss:Type="Number">0</Data></Cell>
    <Cell><Data ss:Type="Number">0</Data></Cell>
    <Cell><Data ss:Type="String">2023-12-07 16:15:31.317456</Data></Cell>
   </Row>
   <Row>
    <Cell><Data ss:Type="String">946</Data></Cell>
    <Cell><Data ss:Type="Number">0.27</Data></Cell>
    <Cell><Data ss:Type="Number">-10.23</Data></Cell>
    <Cell><Data ss:Type="Number">0.17</Data></Cell>
    <Cell><Data ss:Type="Number">-9.52</Data></Cell>
    <Cell><Data ss:Type="Number">-7.0000000000000007E-2</Data></Cell>
    <Cell><Data ss:Type="Number">-0.89</Data></Cell>
    <Cell><Data ss:Type="Number">22.7</Data></Cell>
    <Cell><Data ss:Type="Number">39.700000000000003</Data></Cell>
    <Cell><Data ss:Type="Number">0</Data></Cell>
    <Cell><Data ss:Type="Number">0</Data></Cell>
    <Cell><Data ss:Type="String">2023-12-07 16:15:31.269249</Data></Cell>
   </Row>
   <Row>
    <Cell><Data ss:Type="String">945</Data></Cell>
    <Cell><Data ss:Type="Number">0.31</Data></Cell>
    <Cell><Data ss:Type="Number">-10.18</Data></Cell>
    <Cell><Data ss:Type="Number">0.2</Data></Cell>
    <Cell><Data ss:Type="Number">-9.5299999999999994</Data></Cell>
    <Cell><Data ss:Type="Number">-0.06</Data></Cell>
    <Cell><Data ss:Type="Number">-0.88</Data></Cell>
    <Cell><Data ss:Type="Number">22.7</Data></Cell>
    <Cell><Data ss:Type="Number">39.700000000000003</Data></Cell>
    <Cell><Data ss:Type="Number">0</Data></Cell>
    <Cell><Data ss:Type="Number">0</Data></Cell>
    <Cell><Data ss:Type="String">2023-12-07 16:15:31.267534</Data></Cell>
   </Row>
   <Row>
    <Cell><Data ss:Type="String">944</Data></Cell>
    <Cell><Data ss:Type="Number">0.26</Data></Cell>
    <Cell><Data ss:Type="Number">-10.199999999999999</Data></Cell>
    <Cell><Data ss:Type="Number">0.14000000000000001</Data></Cell>
    <Cell><Data ss:Type="Number">-9.51</Data></Cell>
    <Cell><Data ss:Type="Number">-0.08</Data></Cell>
    <Cell><Data ss:Type="Number">-0.96</Data></Cell>
    <Cell><Data ss:Type="Number">22.7</Data></Cell>
    <Cell><Data ss:Type="Number">39.700000000000003</Data></Cell>
    <Cell><Data ss:Type="Number">0</Data></Cell>
    <Cell><Data ss:Type="Number">0</Data></Cell>
    <Cell><Data ss:Type="String">2023-12-07 16:15:31.265935</Data></Cell>
   </Row>
   <Row>
    <Cell><Data ss:Type="String">943</Data></Cell>
    <Cell><Data ss:Type="Number">0.28000000000000003</Data></Cell>
    <Cell><Data ss:Type="Number">-10.06</Data></Cell>
    <Cell><Data ss:Type="Number">0.2</Data></Cell>
    <Cell><Data ss:Type="Number">-9.43</Data></Cell>
    <Cell><Data ss:Type="Number">-0.06</Data></Cell>
    <Cell><Data ss:Type="Number">-0.88</Data></Cell>
    <Cell><Data ss:Type="Number">22.7</Data></Cell>
    <Cell><Data ss:Type="Number">39.700000000000003</Data></Cell>
    <Cell><Data ss:Type="Number">0</Data></Cell>
    <Cell><Data ss:Type="Number">0</Data></Cell>
    <Cell><Data ss:Type="String">2023-12-07 16:15:31.264452</Data></Cell>
   </Row>
   <Row>
    <Cell><Data ss:Type="String">942</Data></Cell>
    <Cell><Data ss:Type="Number">0.28000000000000003</Data></Cell>
    <Cell><Data ss:Type="Number">-9.94</Data></Cell>
    <Cell><Data ss:Type="Number">0.1</Data></Cell>
    <Cell><Data ss:Type="Number">-9.4499999999999993</Data></Cell>
    <Cell><Data ss:Type="Number">-0.08</Data></Cell>
    <Cell><Data ss:Type="Number">-0.94</Data></Cell>
    <Cell><Data ss:Type="Number">22.7</Data></Cell>
    <Cell><Data ss:Type="Number">39.700000000000003</Data></Cell>
    <Cell><Data ss:Type="Number">0</Data></Cell>
    <Cell><Data ss:Type="Number">0</Data></Cell>
    <Cell><Data ss:Type="String">2023-12-07 16:15:31.262546</Data></Cell>
   </Row>
   <Row>
    <Cell><Data ss:Type="String">941</Data></Cell>
    <Cell><Data ss:Type="Number">0.23</Data></Cell>
    <Cell><Data ss:Type="Number">-10.050000000000001</Data></Cell>
    <Cell><Data ss:Type="Number">0.17</Data></Cell>
    <Cell><Data ss:Type="Number">-9.51</Data></Cell>
    <Cell><Data ss:Type="Number">-0.04</Data></Cell>
    <Cell><Data ss:Type="Number">-0.92</Data></Cell>
    <Cell><Data ss:Type="Number">22.7</Data></Cell>
    <Cell><Data ss:Type="Number">39.700000000000003</Data></Cell>
    <Cell><Data ss:Type="Number">0</Data></Cell>
    <Cell><Data ss:Type="Number">0</Data></Cell>
    <Cell><Data ss:Type="String">2023-12-07 16:15:31.108837</Data></Cell>
   </Row>
   <Row>
    <Cell><Data ss:Type="String">940</Data></Cell>
    <Cell><Data ss:Type="Number">0.28000000000000003</Data></Cell>
    <Cell><Data ss:Type="Number">-10.199999999999999</Data></Cell>
    <Cell><Data ss:Type="Number">0.16</Data></Cell>
    <Cell><Data ss:Type="Number">-9.5399999999999991</Data></Cell>
    <Cell><Data ss:Type="Number">-7.0000000000000007E-2</Data></Cell>
    <Cell><Data ss:Type="Number">-0.9</Data></Cell>
    <Cell><Data ss:Type="Number">22.7</Data></Cell>
    <Cell><Data ss:Type="Number">39.700000000000003</Data></Cell>
    <Cell><Data ss:Type="Number">0</Data></Cell>
    <Cell><Data ss:Type="Number">0</Data></Cell>
    <Cell><Data ss:Type="String">2023-12-07 16:15:31.106529</Data></Cell>
   </Row>
   <Row>
    <Cell><Data ss:Type="String">939</Data></Cell>
    <Cell><Data ss:Type="Number">0.28000000000000003</Data></Cell>
    <Cell><Data ss:Type="Number">-10.14</Data></Cell>
    <Cell><Data ss:Type="Number">0.12</Data></Cell>
    <Cell><Data ss:Type="Number">-9.48</Data></Cell>
    <Cell><Data ss:Type="Number">-0.06</Data></Cell>
    <Cell><Data ss:Type="Number">-0.92</Data></Cell>
    <Cell><Data ss:Type="Number">22.7</Data></Cell>
    <Cell><Data ss:Type="Number">39.700000000000003</Data></Cell>
    <Cell><Data ss:Type="Number">0</Data></Cell>
    <Cell><Data ss:Type="Number">0</Data></Cell>
    <Cell><Data ss:Type="String">2023-12-07 16:15:31.056852</Data></Cell>
   </Row>
   <Row>
    <Cell><Data ss:Type="String">938</Data></Cell>
    <Cell><Data ss:Type="Number">0.28000000000000003</Data></Cell>
    <Cell><Data ss:Type="Number">-10.08</Data></Cell>
    <Cell><Data ss:Type="Number">0.19</Data></Cell>
    <Cell><Data ss:Type="Number">-9.5</Data></Cell>
    <Cell><Data ss:Type="Number">-0.09</Data></Cell>
    <Cell><Data ss:Type="Number">-0.89</Data></Cell>
    <Cell><Data ss:Type="Number">22.7</Data></Cell>
    <Cell><Data ss:Type="Number">39.700000000000003</Data></Cell>
    <Cell><Data ss:Type="Number">0</Data></Cell>
    <Cell><Data ss:Type="Number">0</Data></Cell>
    <Cell><Data ss:Type="String">2023-12-07 16:15:31.009520</Data></Cell>
   </Row>
   <Row>
    <Cell><Data ss:Type="String">937</Data></Cell>
    <Cell><Data ss:Type="Number">0.35</Data></Cell>
    <Cell><Data ss:Type="Number">-10.199999999999999</Data></Cell>
    <Cell><Data ss:Type="Number">0.18</Data></Cell>
    <Cell><Data ss:Type="Number">-9.5</Data></Cell>
    <Cell><Data ss:Type="Number">-7.0000000000000007E-2</Data></Cell>
    <Cell><Data ss:Type="Number">-0.92</Data></Cell>
    <Cell><Data ss:Type="Number">22.7</Data></Cell>
    <Cell><Data ss:Type="Number">39.700000000000003</Data></Cell>
    <Cell><Data ss:Type="Number">0</Data></Cell>
    <Cell><Data ss:Type="Number">0</Data></Cell>
    <Cell><Data ss:Type="String">2023-12-07 16:15:30.964168</Data></Cell>
   </Row>
   <Row>
    <Cell><Data ss:Type="String">936</Data></Cell>
    <Cell><Data ss:Type="Number">0.28999999999999998</Data></Cell>
    <Cell><Data ss:Type="Number">-10.039999999999999</Data></Cell>
    <Cell><Data ss:Type="Number">0.11</Data></Cell>
    <Cell><Data ss:Type="Number">-9.4499999999999993</Data></Cell>
    <Cell><Data ss:Type="Number">-0.08</Data></Cell>
    <Cell><Data ss:Type="Number">-0.92</Data></Cell>
    <Cell><Data ss:Type="Number">22.7</Data></Cell>
    <Cell><Data ss:Type="Number">39.700000000000003</Data></Cell>
    <Cell><Data ss:Type="Number">0</Data></Cell>
    <Cell><Data ss:Type="Number">0</Data></Cell>
    <Cell><Data ss:Type="String">2023-12-07 16:15:30.962410</Data></Cell>
   </Row>
   <Row>
    <Cell><Data ss:Type="String">935</Data></Cell>
    <Cell><Data ss:Type="Number">0.3</Data></Cell>
    <Cell><Data ss:Type="Number">-9.9600000000000009</Data></Cell>
    <Cell><Data ss:Type="Number">0.19</Data></Cell>
    <Cell><Data ss:Type="Number">-9.35</Data></Cell>
    <Cell><Data ss:Type="Number">-7.0000000000000007E-2</Data></Cell>
    <Cell><Data ss:Type="Number">-0.9</Data></Cell>
    <Cell><Data ss:Type="Number">22.7</Data></Cell>
    <Cell><Data ss:Type="Number">39.700000000000003</Data></Cell>
    <Cell><Data ss:Type="Number">0</Data></Cell>
    <Cell><Data ss:Type="Number">0</Data></Cell>
    <Cell><Data ss:Type="String">2023-12-07 16:15:30.960799</Data></Cell>
   </Row>
   <Row>
    <Cell><Data ss:Type="String">934</Data></Cell>
    <Cell><Data ss:Type="Number">0.34</Data></Cell>
    <Cell><Data ss:Type="Number">-10.130000000000001</Data></Cell>
    <Cell><Data ss:Type="Number">0.06</Data></Cell>
    <Cell><Data ss:Type="Number">-9.51</Data></Cell>
    <Cell><Data ss:Type="Number">-0.08</Data></Cell>
    <Cell><Data ss:Type="Number">-0.99</Data></Cell>
    <Cell><Data ss:Type="Number">22.7</Data></Cell>
    <Cell><Data ss:Type="Number">39.700000000000003</Data></Cell>
    <Cell><Data ss:Type="Number">0</Data></Cell>
    <Cell><Data ss:Type="Number">0</Data></Cell>
    <Cell><Data ss:Type="String">2023-12-07 16:15:30.959306</Data></Cell>
   </Row>
   <Row>
    <Cell><Data ss:Type="String">933</Data></Cell>
    <Cell><Data ss:Type="Number">0.27</Data></Cell>
    <Cell><Data ss:Type="Number">-10.18</Data></Cell>
    <Cell><Data ss:Type="Number">0.28000000000000003</Data></Cell>
    <Cell><Data ss:Type="Number">-9.5</Data></Cell>
    <Cell><Data ss:Type="Number">-0.04</Data></Cell>
    <Cell><Data ss:Type="Number">-0.84</Data></Cell>
    <Cell><Data ss:Type="Number">22.7</Data></Cell>
    <Cell><Data ss:Type="Number">39.700000000000003</Data></Cell>
    <Cell><Data ss:Type="Number">0</Data></Cell>
    <Cell><Data ss:Type="Number">0</Data></Cell>
    <Cell><Data ss:Type="String">2023-12-07 16:15:30.957600</Data></Cell>
   </Row>
   <Row>
    <Cell><Data ss:Type="String">932</Data></Cell>
    <Cell><Data ss:Type="Number">0.12</Data></Cell>
    <Cell><Data ss:Type="Number">-10.18</Data></Cell>
    <Cell><Data ss:Type="Number">0.04</Data></Cell>
    <Cell><Data ss:Type="Number">-9.51</Data></Cell>
    <Cell><Data ss:Type="Number">-0.11</Data></Cell>
    <Cell><Data ss:Type="Number">-0.96</Data></Cell>
    <Cell><Data ss:Type="Number">22.7</Data></Cell>
    <Cell><Data ss:Type="Number">39.700000000000003</Data></Cell>
    <Cell><Data ss:Type="Number">0</Data></Cell>
    <Cell><Data ss:Type="Number">0</Data></Cell>
    <Cell><Data ss:Type="String">2023-12-07 16:15:30.955884</Data></Cell>
   </Row>
   <Row>
    <Cell><Data ss:Type="String">931</Data></Cell>
    <Cell><Data ss:Type="Number">0.22</Data></Cell>
    <Cell><Data ss:Type="Number">-9.82</Data></Cell>
    <Cell><Data ss:Type="Number">0.01</Data></Cell>
    <Cell><Data ss:Type="Number">-9.35</Data></Cell>
    <Cell><Data ss:Type="Number">0.06</Data></Cell>
    <Cell><Data ss:Type="Number">-0.91</Data></Cell>
    <Cell><Data ss:Type="Number">22.7</Data></Cell>
    <Cell><Data ss:Type="Number">39.700000000000003</Data></Cell>
    <Cell><Data ss:Type="Number">0</Data></Cell>
    <Cell><Data ss:Type="Number">0</Data></Cell>
    <Cell><Data ss:Type="String">2023-12-07 16:15:30.953956</Data></Cell>
   </Row>
   <Row>
    <Cell><Data ss:Type="String">930</Data></Cell>
    <Cell><Data ss:Type="Number">-0.76</Data></Cell>
    <Cell><Data ss:Type="Number">-9.43</Data></Cell>
    <Cell><Data ss:Type="Number">-0.4</Data></Cell>
    <Cell><Data ss:Type="Number">-9.06</Data></Cell>
    <Cell><Data ss:Type="Number">0.21</Data></Cell>
    <Cell><Data ss:Type="Number">-1.01</Data></Cell>
    <Cell><Data ss:Type="Number">22.7</Data></Cell>
    <Cell><Data ss:Type="Number">39.700000000000003</Data></Cell>
    <Cell><Data ss:Type="Number">0</Data></Cell>
    <Cell><Data ss:Type="Number">0</Data></Cell>
    <Cell><Data ss:Type="String">2023-12-07 16:15:30.716046</Data></Cell>
   </Row>
   <Row>
    <Cell><Data ss:Type="String">929</Data></Cell>
    <Cell><Data ss:Type="Number">0.24</Data></Cell>
    <Cell><Data ss:Type="Number">-10.1</Data></Cell>
    <Cell><Data ss:Type="Number">0.17</Data></Cell>
    <Cell><Data ss:Type="Number">-9.44</Data></Cell>
    <Cell><Data ss:Type="Number">-0.08</Data></Cell>
    <Cell><Data ss:Type="Number">-0.93</Data></Cell>
    <Cell><Data ss:Type="Number">22.7</Data></Cell>
    <Cell><Data ss:Type="Number">39.700000000000003</Data></Cell>
    <Cell><Data ss:Type="Number">0</Data></Cell>
    <Cell><Data ss:Type="Number">0</Data></Cell>
    <Cell><Data ss:Type="String">2023-12-07 16:15:30.689205</Data></Cell>
   </Row>
   <Row>
    <Cell><Data ss:Type="String">928</Data></Cell>
    <Cell><Data ss:Type="Number">0.25</Data></Cell>
    <Cell><Data ss:Type="Number">-9.9499999999999993</Data></Cell>
    <Cell><Data ss:Type="Number">0.16</Data></Cell>
    <Cell><Data ss:Type="Number">-9.42</Data></Cell>
    <Cell><Data ss:Type="Number">-0.06</Data></Cell>
    <Cell><Data ss:Type="Number">-0.91</Data></Cell>
    <Cell><Data ss:Type="Number">22.7</Data></Cell>
    <Cell><Data ss:Type="Number">39.700000000000003</Data></Cell>
    <Cell><Data ss:Type="Number">0</Data></Cell>
    <Cell><Data ss:Type="Number">0</Data></Cell>
    <Cell><Data ss:Type="String">2023-12-07 16:15:30.686959</Data></Cell>
   </Row>
   <Row>
    <Cell><Data ss:Type="String">927</Data></Cell>
    <Cell><Data ss:Type="Number">0.34</Data></Cell>
    <Cell><Data ss:Type="Number">-10.119999999999999</Data></Cell>
    <Cell><Data ss:Type="Number">0.12</Data></Cell>
    <Cell><Data ss:Type="Number">-9.5500000000000007</Data></Cell>
    <Cell><Data ss:Type="Number">-7.0000000000000007E-2</Data></Cell>
    <Cell><Data ss:Type="Number">-0.89</Data></Cell>
    <Cell><Data ss:Type="Number">22.7</Data></Cell>
    <Cell><Data ss:Type="Number">39.700000000000003</Data></Cell>
    <Cell><Data ss:Type="Number">0</Data></Cell>
    <Cell><Data ss:Type="Number">0</Data></Cell>
    <Cell><Data ss:Type="String">2023-12-07 16:15:30.640561</Data></Cell>
   </Row>
   <Row>
    <Cell><Data ss:Type="String">926</Data></Cell>
    <Cell><Data ss:Type="Number">0.31</Data></Cell>
    <Cell><Data ss:Type="Number">-10.25</Data></Cell>
    <Cell><Data ss:Type="Number">0.19</Data></Cell>
    <Cell><Data ss:Type="Number">-9.58</Data></Cell>
    <Cell><Data ss:Type="Number">-0.08</Data></Cell>
    <Cell><Data ss:Type="Number">-0.89</Data></Cell>
    <Cell><Data ss:Type="Number">22.7</Data></Cell>
    <Cell><Data ss:Type="Number">39.700000000000003</Data></Cell>
    <Cell><Data ss:Type="Number">0</Data></Cell>
    <Cell><Data ss:Type="Number">0</Data></Cell>
    <Cell><Data ss:Type="String">2023-12-07 16:15:30.597092</Data></Cell>
   </Row>
   <Row>
    <Cell><Data ss:Type="String">925</Data></Cell>
    <Cell><Data ss:Type="Number">0.26</Data></Cell>
    <Cell><Data ss:Type="Number">-10.050000000000001</Data></Cell>
    <Cell><Data ss:Type="Number">0.16</Data></Cell>
    <Cell><Data ss:Type="Number">-9.4499999999999993</Data></Cell>
    <Cell><Data ss:Type="Number">-0.06</Data></Cell>
    <Cell><Data ss:Type="Number">-0.91</Data></Cell>
    <Cell><Data ss:Type="Number">22.7</Data></Cell>
    <Cell><Data ss:Type="Number">39.700000000000003</Data></Cell>
    <Cell><Data ss:Type="Number">0</Data></Cell>
    <Cell><Data ss:Type="Number">0</Data></Cell>
    <Cell><Data ss:Type="String">2023-12-07 16:15:30.595196</Data></Cell>
   </Row>
   <Row>
    <Cell><Data ss:Type="String">924</Data></Cell>
    <Cell><Data ss:Type="Number">0.28999999999999998</Data></Cell>
    <Cell><Data ss:Type="Number">-9.9700000000000006</Data></Cell>
    <Cell><Data ss:Type="Number">0.1</Data></Cell>
    <Cell><Data ss:Type="Number">-9.43</Data></Cell>
    <Cell><Data ss:Type="Number">-0.06</Data></Cell>
    <Cell><Data ss:Type="Number">-0.95</Data></Cell>
    <Cell><Data ss:Type="Number">22.7</Data></Cell>
    <Cell><Data ss:Type="Number">39.700000000000003</Data></Cell>
    <Cell><Data ss:Type="Number">0</Data></Cell>
    <Cell><Data ss:Type="Number">0</Data></Cell>
    <Cell><Data ss:Type="String">2023-12-07 16:15:30.547318</Data></Cell>
   </Row>
   <Row>
    <Cell><Data ss:Type="String">923</Data></Cell>
    <Cell><Data ss:Type="Number">0.34</Data></Cell>
    <Cell><Data ss:Type="Number">-10.050000000000001</Data></Cell>
    <Cell><Data ss:Type="Number">0.19</Data></Cell>
    <Cell><Data ss:Type="Number">-9.52</Data></Cell>
    <Cell><Data ss:Type="Number">-0.09</Data></Cell>
    <Cell><Data ss:Type="Number">-0.9</Data></Cell>
    <Cell><Data ss:Type="Number">22.7</Data></Cell>
    <Cell><Data ss:Type="Number">39.700000000000003</Data></Cell>
    <Cell><Data ss:Type="Number">0</Data></Cell>
    <Cell><Data ss:Type="Number">0</Data></Cell>
    <Cell><Data ss:Type="String">2023-12-07 16:15:30.500914</Data></Cell>
   </Row>
   <Row>
    <Cell><Data ss:Type="String">922</Data></Cell>
    <Cell><Data ss:Type="Number">0.26</Data></Cell>
    <Cell><Data ss:Type="Number">-10.19</Data></Cell>
    <Cell><Data ss:Type="Number">0.15</Data></Cell>
    <Cell><Data ss:Type="Number">-9.5500000000000007</Data></Cell>
    <Cell><Data ss:Type="Number">-7.0000000000000007E-2</Data></Cell>
    <Cell><Data ss:Type="Number">-0.93</Data></Cell>
    <Cell><Data ss:Type="Number">22.7</Data></Cell>
    <Cell><Data ss:Type="Number">39.700000000000003</Data></Cell>
    <Cell><Data ss:Type="Number">0</Data></Cell>
    <Cell><Data ss:Type="Number">0</Data></Cell>
    <Cell><Data ss:Type="String">2023-12-07 16:15:30.458605</Data></Cell>
   </Row>
   <Row>
    <Cell><Data ss:Type="String">921</Data></Cell>
    <Cell><Data ss:Type="Number">0.31</Data></Cell>
    <Cell><Data ss:Type="Number">-10.19</Data></Cell>
    <Cell><Data ss:Type="Number">0.18</Data></Cell>
    <Cell><Data ss:Type="Number">-9.5299999999999994</Data></Cell>
    <Cell><Data ss:Type="Number">-0.1</Data></Cell>
    <Cell><Data ss:Type="Number">-0.88</Data></Cell>
    <Cell><Data ss:Type="Number">22.7</Data></Cell>
    <Cell><Data ss:Type="Number">39.700000000000003</Data></Cell>
    <Cell><Data ss:Type="Number">0</Data></Cell>
    <Cell><Data ss:Type="Number">0</Data></Cell>
    <Cell><Data ss:Type="String">2023-12-07 16:15:30.456372</Data></Cell>
   </Row>
   <Row>
    <Cell><Data ss:Type="String">920</Data></Cell>
    <Cell><Data ss:Type="Number">0.44</Data></Cell>
    <Cell><Data ss:Type="Number">-10</Data></Cell>
    <Cell><Data ss:Type="Number">0.12</Data></Cell>
    <Cell><Data ss:Type="Number">-9.4</Data></Cell>
    <Cell><Data ss:Type="Number">-0.05</Data></Cell>
    <Cell><Data ss:Type="Number">-0.93</Data></Cell>
    <Cell><Data ss:Type="Number">22.7</Data></Cell>
    <Cell><Data ss:Type="Number">39.700000000000003</Data></Cell>
    <Cell><Data ss:Type="Number">0</Data></Cell>
    <Cell><Data ss:Type="Number">0</Data></Cell>
    <Cell><Data ss:Type="String">2023-12-07 16:15:30.412655</Data></Cell>
   </Row>
   <Row>
    <Cell><Data ss:Type="String">919</Data></Cell>
    <Cell><Data ss:Type="Number">0.38</Data></Cell>
    <Cell><Data ss:Type="Number">-10</Data></Cell>
    <Cell><Data ss:Type="Number">0.19</Data></Cell>
    <Cell><Data ss:Type="Number">-9.4499999999999993</Data></Cell>
    <Cell><Data ss:Type="Number">-0.1</Data></Cell>
    <Cell><Data ss:Type="Number">-0.94</Data></Cell>
    <Cell><Data ss:Type="Number">22.7</Data></Cell>
    <Cell><Data ss:Type="Number">39.700000000000003</Data></Cell>
    <Cell><Data ss:Type="Number">0</Data></Cell>
    <Cell><Data ss:Type="Number">0</Data></Cell>
    <Cell><Data ss:Type="String">2023-12-07 16:15:30.364605</Data></Cell>
   </Row>
   <Row>
    <Cell><Data ss:Type="String">918</Data></Cell>
    <Cell><Data ss:Type="Number">0.31</Data></Cell>
    <Cell><Data ss:Type="Number">-10.16</Data></Cell>
    <Cell><Data ss:Type="Number">0.2</Data></Cell>
    <Cell><Data ss:Type="Number">-9.51</Data></Cell>
    <Cell><Data ss:Type="Number">-0.05</Data></Cell>
    <Cell><Data ss:Type="Number">-0.86</Data></Cell>
    <Cell><Data ss:Type="Number">22.7</Data></Cell>
    <Cell><Data ss:Type="Number">39.700000000000003</Data></Cell>
    <Cell><Data ss:Type="Number">0</Data></Cell>
    <Cell><Data ss:Type="Number">0</Data></Cell>
    <Cell><Data ss:Type="String">2023-12-07 16:15:30.319744</Data></Cell>
   </Row>
   <Row>
    <Cell><Data ss:Type="String">917</Data></Cell>
    <Cell><Data ss:Type="Number">0.28000000000000003</Data></Cell>
    <Cell><Data ss:Type="Number">-10.16</Data></Cell>
    <Cell><Data ss:Type="Number">0.08</Data></Cell>
    <Cell><Data ss:Type="Number">-9.5</Data></Cell>
    <Cell><Data ss:Type="Number">-0.06</Data></Cell>
    <Cell><Data ss:Type="Number">-0.96</Data></Cell>
    <Cell><Data ss:Type="Number">22.7</Data></Cell>
    <Cell><Data ss:Type="Number">39.700000000000003</Data></Cell>
    <Cell><Data ss:Type="Number">0</Data></Cell>
    <Cell><Data ss:Type="Number">0</Data></Cell>
    <Cell><Data ss:Type="String">2023-12-07 16:15:30.318088</Data></Cell>
   </Row>
   <Row>
    <Cell><Data ss:Type="String">916</Data></Cell>
    <Cell><Data ss:Type="Number">0.35</Data></Cell>
    <Cell><Data ss:Type="Number">-9.99</Data></Cell>
    <Cell><Data ss:Type="Number">0.25</Data></Cell>
    <Cell><Data ss:Type="Number">-9.43</Data></Cell>
    <Cell><Data ss:Type="Number">-7.0000000000000007E-2</Data></Cell>
    <Cell><Data ss:Type="Number">-0.9</Data></Cell>
    <Cell><Data ss:Type="Number">22.7</Data></Cell>
    <Cell><Data ss:Type="Number">39.700000000000003</Data></Cell>
    <Cell><Data ss:Type="Number">0</Data></Cell>
    <Cell><Data ss:Type="Number">0</Data></Cell>
    <Cell><Data ss:Type="String">2023-12-07 16:15:30.279949</Data></Cell>
   </Row>
   <Row>
    <Cell><Data ss:Type="String">915</Data></Cell>
    <Cell><Data ss:Type="Number">0.31</Data></Cell>
    <Cell><Data ss:Type="Number">-10</Data></Cell>
    <Cell><Data ss:Type="Number">0.06</Data></Cell>
    <Cell><Data ss:Type="Number">-9.44</Data></Cell>
    <Cell><Data ss:Type="Number">-0.09</Data></Cell>
    <Cell><Data ss:Type="Number">-0.95</Data></Cell>
    <Cell><Data ss:Type="Number">22.7</Data></Cell>
    <Cell><Data ss:Type="Number">39.700000000000003</Data></Cell>
    <Cell><Data ss:Type="Number">0</Data></Cell>
    <Cell><Data ss:Type="Number">0</Data></Cell>
    <Cell><Data ss:Type="String">2023-12-07 16:15:30.278263</Data></Cell>
   </Row>
   <Row>
    <Cell><Data ss:Type="String">914</Data></Cell>
    <Cell><Data ss:Type="Number">0.28000000000000003</Data></Cell>
    <Cell><Data ss:Type="Number">-10.08</Data></Cell>
    <Cell><Data ss:Type="Number">0.19</Data></Cell>
    <Cell><Data ss:Type="Number">-9.51</Data></Cell>
    <Cell><Data ss:Type="Number">-0.06</Data></Cell>
    <Cell><Data ss:Type="Number">-0.91</Data></Cell>
    <Cell><Data ss:Type="Number">22.7</Data></Cell>
    <Cell><Data ss:Type="Number">39.700000000000003</Data></Cell>
    <Cell><Data ss:Type="Number">0</Data></Cell>
    <Cell><Data ss:Type="Number">0</Data></Cell>
    <Cell><Data ss:Type="String">2023-12-07 16:15:30.276693</Data></Cell>
   </Row>
   <Row>
    <Cell><Data ss:Type="String">913</Data></Cell>
    <Cell><Data ss:Type="Number">0.32</Data></Cell>
    <Cell><Data ss:Type="Number">-10.210000000000001</Data></Cell>
    <Cell><Data ss:Type="Number">0.2</Data></Cell>
    <Cell><Data ss:Type="Number">-9.57</Data></Cell>
    <Cell><Data ss:Type="Number">-0.1</Data></Cell>
    <Cell><Data ss:Type="Number">-0.86</Data></Cell>
    <Cell><Data ss:Type="Number">22.7</Data></Cell>
    <Cell><Data ss:Type="Number">39.700000000000003</Data></Cell>
    <Cell><Data ss:Type="Number">0</Data></Cell>
    <Cell><Data ss:Type="Number">0</Data></Cell>
    <Cell><Data ss:Type="String">2023-12-07 16:15:30.275111</Data></Cell>
   </Row>
   <Row>
    <Cell><Data ss:Type="String">912</Data></Cell>
    <Cell><Data ss:Type="Number">0.28999999999999998</Data></Cell>
    <Cell><Data ss:Type="Number">-10.039999999999999</Data></Cell>
    <Cell><Data ss:Type="Number">0.06</Data></Cell>
    <Cell><Data ss:Type="Number">-9.5</Data></Cell>
    <Cell><Data ss:Type="Number">-0.11</Data></Cell>
    <Cell><Data ss:Type="Number">-0.97</Data></Cell>
    <Cell><Data ss:Type="Number">22.7</Data></Cell>
    <Cell><Data ss:Type="Number">39.700000000000003</Data></Cell>
    <Cell><Data ss:Type="Number">0</Data></Cell>
    <Cell><Data ss:Type="Number">0</Data></Cell>
    <Cell><Data ss:Type="String">2023-12-07 16:15:30.272968</Data></Cell>
   </Row>
   <Row>
    <Cell><Data ss:Type="String">911</Data></Cell>
    <Cell><Data ss:Type="Number">0.28000000000000003</Data></Cell>
    <Cell><Data ss:Type="Number">-10.130000000000001</Data></Cell>
    <Cell><Data ss:Type="Number">0.24</Data></Cell>
    <Cell><Data ss:Type="Number">-9.5299999999999994</Data></Cell>
    <Cell><Data ss:Type="Number">-0.04</Data></Cell>
    <Cell><Data ss:Type="Number">-0.83</Data></Cell>
    <Cell><Data ss:Type="Number">22.7</Data></Cell>
    <Cell><Data ss:Type="Number">39.700000000000003</Data></Cell>
    <Cell><Data ss:Type="Number">0</Data></Cell>
    <Cell><Data ss:Type="Number">0</Data></Cell>
    <Cell><Data ss:Type="String">2023-12-07 16:15:30.270345</Data></Cell>
   </Row>
   <Row>
    <Cell><Data ss:Type="String">910</Data></Cell>
    <Cell><Data ss:Type="Number">0.23</Data></Cell>
    <Cell><Data ss:Type="Number">-10.34</Data></Cell>
    <Cell><Data ss:Type="Number">0.24</Data></Cell>
    <Cell><Data ss:Type="Number">-9.5500000000000007</Data></Cell>
    <Cell><Data ss:Type="Number">-0.11</Data></Cell>
    <Cell><Data ss:Type="Number">-0.94</Data></Cell>
    <Cell><Data ss:Type="Number">22.7</Data></Cell>
    <Cell><Data ss:Type="Number">39.700000000000003</Data></Cell>
    <Cell><Data ss:Type="Number">0</Data></Cell>
    <Cell><Data ss:Type="Number">0</Data></Cell>
    <Cell><Data ss:Type="String">2023-12-07 16:15:30.268205</Data></Cell>
   </Row>
   <Row>
    <Cell><Data ss:Type="String">909</Data></Cell>
    <Cell><Data ss:Type="Number">0.2</Data></Cell>
    <Cell><Data ss:Type="Number">-10.19</Data></Cell>
    <Cell><Data ss:Type="Number">0.18</Data></Cell>
    <Cell><Data ss:Type="Number">-9.4499999999999993</Data></Cell>
    <Cell><Data ss:Type="Number">-0.03</Data></Cell>
    <Cell><Data ss:Type="Number">-0.9</Data></Cell>
    <Cell><Data ss:Type="Number">22.7</Data></Cell>
    <Cell><Data ss:Type="Number">39.700000000000003</Data></Cell>
    <Cell><Data ss:Type="Number">0</Data></Cell>
    <Cell><Data ss:Type="Number">0</Data></Cell>
    <Cell><Data ss:Type="String">2023-12-07 16:15:30.037465</Data></Cell>
   </Row>
   <Row>
    <Cell><Data ss:Type="String">908</Data></Cell>
    <Cell><Data ss:Type="Number">0.39</Data></Cell>
    <Cell><Data ss:Type="Number">-9.9700000000000006</Data></Cell>
    <Cell><Data ss:Type="Number">0.2</Data></Cell>
    <Cell><Data ss:Type="Number">-9.43</Data></Cell>
    <Cell><Data ss:Type="Number">-0.16</Data></Cell>
    <Cell><Data ss:Type="Number">-0.89</Data></Cell>
    <Cell><Data ss:Type="Number">22.7</Data></Cell>
    <Cell><Data ss:Type="Number">39.700000000000003</Data></Cell>
    <Cell><Data ss:Type="Number">0</Data></Cell>
    <Cell><Data ss:Type="Number">0</Data></Cell>
    <Cell><Data ss:Type="String">2023-12-07 16:15:30.035474</Data></Cell>
   </Row>
   <Row>
    <Cell><Data ss:Type="String">907</Data></Cell>
    <Cell><Data ss:Type="Number">0.12</Data></Cell>
    <Cell><Data ss:Type="Number">-9.9600000000000009</Data></Cell>
    <Cell><Data ss:Type="Number">0.08</Data></Cell>
    <Cell><Data ss:Type="Number">-9.5500000000000007</Data></Cell>
    <Cell><Data ss:Type="Number">0</Data></Cell>
    <Cell><Data ss:Type="Number">-0.98</Data></Cell>
    <Cell><Data ss:Type="Number">22.7</Data></Cell>
    <Cell><Data ss:Type="Number">39.700000000000003</Data></Cell>
    <Cell><Data ss:Type="Number">0</Data></Cell>
    <Cell><Data ss:Type="Number">0</Data></Cell>
    <Cell><Data ss:Type="String">2023-12-07 16:15:30.033822</Data></Cell>
   </Row>
   <Row>
    <Cell><Data ss:Type="String">906</Data></Cell>
    <Cell><Data ss:Type="Number">0.32</Data></Cell>
    <Cell><Data ss:Type="Number">-9.9700000000000006</Data></Cell>
    <Cell><Data ss:Type="Number">0.16</Data></Cell>
    <Cell><Data ss:Type="Number">-9.4600000000000009</Data></Cell>
    <Cell><Data ss:Type="Number">-0.02</Data></Cell>
    <Cell><Data ss:Type="Number">-0.85</Data></Cell>
    <Cell><Data ss:Type="Number">22.7</Data></Cell>
    <Cell><Data ss:Type="Number">39.700000000000003</Data></Cell>
    <Cell><Data ss:Type="Number">0</Data></Cell>
    <Cell><Data ss:Type="Number">0</Data></Cell>
    <Cell><Data ss:Type="String">2023-12-07 16:15:30.032094</Data></Cell>
   </Row>
   <Row>
    <Cell><Data ss:Type="String">905</Data></Cell>
    <Cell><Data ss:Type="Number">0.53</Data></Cell>
    <Cell><Data ss:Type="Number">-10.16</Data></Cell>
    <Cell><Data ss:Type="Number">0.3</Data></Cell>
    <Cell><Data ss:Type="Number">-9.58</Data></Cell>
    <Cell><Data ss:Type="Number">-0.14000000000000001</Data></Cell>
    <Cell><Data ss:Type="Number">-0.94</Data></Cell>
    <Cell><Data ss:Type="Number">22.7</Data></Cell>
    <Cell><Data ss:Type="Number">39.700000000000003</Data></Cell>
    <Cell><Data ss:Type="Number">0</Data></Cell>
    <Cell><Data ss:Type="Number">0</Data></Cell>
    <Cell><Data ss:Type="String">2023-12-07 16:15:29.891279</Data></Cell>
   </Row>
   <Row>
    <Cell><Data ss:Type="String">904</Data></Cell>
    <Cell><Data ss:Type="Number">0.62</Data></Cell>
    <Cell><Data ss:Type="Number">-10.15</Data></Cell>
    <Cell><Data ss:Type="Number">0.41</Data></Cell>
    <Cell><Data ss:Type="Number">-9.44</Data></Cell>
    <Cell><Data ss:Type="Number">-0.31</Data></Cell>
    <Cell><Data ss:Type="Number">-0.83</Data></Cell>
    <Cell><Data ss:Type="Number">22.7</Data></Cell>
    <Cell><Data ss:Type="Number">39.700000000000003</Data></Cell>
    <Cell><Data ss:Type="Number">0</Data></Cell>
    <Cell><Data ss:Type="Number">0</Data></Cell>
    <Cell><Data ss:Type="String">2023-12-07 16:15:29.841835</Data></Cell>
   </Row>
   <Row>
    <Cell><Data ss:Type="String">903</Data></Cell>
    <Cell><Data ss:Type="Number">-0.61</Data></Cell>
    <Cell><Data ss:Type="Number">-9.9700000000000006</Data></Cell>
    <Cell><Data ss:Type="Number">0.16</Data></Cell>
    <Cell><Data ss:Type="Number">-9.44</Data></Cell>
    <Cell><Data ss:Type="Number">-0.23</Data></Cell>
    <Cell><Data ss:Type="Number">-0.84</Data></Cell>
    <Cell><Data ss:Type="Number">22.7</Data></Cell>
    <Cell><Data ss:Type="Number">39.700000000000003</Data></Cell>
    <Cell><Data ss:Type="Number">0</Data></Cell>
    <Cell><Data ss:Type="Number">0</Data></Cell>
    <Cell><Data ss:Type="String">2023-12-07 16:15:29.838981</Data></Cell>
   </Row>
   <Row>
    <Cell><Data ss:Type="String">902</Data></Cell>
    <Cell><Data ss:Type="Number">-0.67</Data></Cell>
    <Cell><Data ss:Type="Number">-10.42</Data></Cell>
    <Cell><Data ss:Type="Number">-0.46</Data></Cell>
    <Cell><Data ss:Type="Number">-9.6199999999999992</Data></Cell>
    <Cell><Data ss:Type="Number">0.41</Data></Cell>
    <Cell><Data ss:Type="Number">-1.08</Data></Cell>
    <Cell><Data ss:Type="Number">22.7</Data></Cell>
    <Cell><Data ss:Type="Number">39.700000000000003</Data></Cell>
    <Cell><Data ss:Type="Number">0</Data></Cell>
    <Cell><Data ss:Type="Number">0</Data></Cell>
    <Cell><Data ss:Type="String">2023-12-07 16:15:29.792602</Data></Cell>
   </Row>
   <Row>
    <Cell><Data ss:Type="String">901</Data></Cell>
    <Cell><Data ss:Type="Number">-0.28999999999999998</Data></Cell>
    <Cell><Data ss:Type="Number">-10.11</Data></Cell>
    <Cell><Data ss:Type="Number">-0.22</Data></Cell>
    <Cell><Data ss:Type="Number">-9.44</Data></Cell>
    <Cell><Data ss:Type="Number">0.71</Data></Cell>
    <Cell><Data ss:Type="Number">-0.85</Data></Cell>
    <Cell><Data ss:Type="Number">22.7</Data></Cell>
    <Cell><Data ss:Type="Number">39.700000000000003</Data></Cell>
    <Cell><Data ss:Type="Number">0</Data></Cell>
    <Cell><Data ss:Type="Number">0</Data></Cell>
    <Cell><Data ss:Type="String">2023-12-07 16:15:29.749169</Data></Cell>
   </Row>
   <Row>
    <Cell><Data ss:Type="String">900</Data></Cell>
    <Cell><Data ss:Type="Number">3.23</Data></Cell>
    <Cell><Data ss:Type="Number">-9.49</Data></Cell>
    <Cell><Data ss:Type="Number">1.52</Data></Cell>
    <Cell><Data ss:Type="Number">-9.5500000000000007</Data></Cell>
    <Cell><Data ss:Type="Number">-1.06</Data></Cell>
    <Cell><Data ss:Type="Number">-1.04</Data></Cell>
    <Cell><Data ss:Type="Number">22.7</Data></Cell>
    <Cell><Data ss:Type="Number">39.700000000000003</Data></Cell>
    <Cell><Data ss:Type="Number">0</Data></Cell>
    <Cell><Data ss:Type="Number">0</Data></Cell>
    <Cell><Data ss:Type="String">2023-12-07 16:15:29.747436</Data></Cell>
   </Row>
   <Row>
    <Cell><Data ss:Type="String">899</Data></Cell>
    <Cell><Data ss:Type="Number">3.24</Data></Cell>
    <Cell><Data ss:Type="Number">-8.59</Data></Cell>
    <Cell><Data ss:Type="Number">1.78</Data></Cell>
    <Cell><Data ss:Type="Number">-8.7200000000000006</Data></Cell>
    <Cell><Data ss:Type="Number">-1.81</Data></Cell>
    <Cell><Data ss:Type="Number">-0.41</Data></Cell>
    <Cell><Data ss:Type="Number">22.7</Data></Cell>
    <Cell><Data ss:Type="Number">39.700000000000003</Data></Cell>
    <Cell><Data ss:Type="Number">0</Data></Cell>
    <Cell><Data ss:Type="Number">0</Data></Cell>
    <Cell><Data ss:Type="String">2023-12-07 16:15:29.700737</Data></Cell>
   </Row>
   <Row>
    <Cell><Data ss:Type="String">898</Data></Cell>
    <Cell><Data ss:Type="Number">0.56999999999999995</Data></Cell>
    <Cell><Data ss:Type="Number">-10.14</Data></Cell>
    <Cell><Data ss:Type="Number">7.0000000000000007E-2</Data></Cell>
    <Cell><Data ss:Type="Number">-9.39</Data></Cell>
    <Cell><Data ss:Type="Number">-0.05</Data></Cell>
    <Cell><Data ss:Type="Number">-0.99</Data></Cell>
    <Cell><Data ss:Type="Number">22.7</Data></Cell>
    <Cell><Data ss:Type="Number">39.700000000000003</Data></Cell>
    <Cell><Data ss:Type="Number">0</Data></Cell>
    <Cell><Data ss:Type="Number">0</Data></Cell>
    <Cell><Data ss:Type="String">2023-12-07 16:15:29.655988</Data></Cell>
   </Row>
   <Row>
    <Cell><Data ss:Type="String">897</Data></Cell>
    <Cell><Data ss:Type="Number">0.43</Data></Cell>
    <Cell><Data ss:Type="Number">-9.98</Data></Cell>
    <Cell><Data ss:Type="Number">0.23</Data></Cell>
    <Cell><Data ss:Type="Number">-9.51</Data></Cell>
    <Cell><Data ss:Type="Number">-7.0000000000000007E-2</Data></Cell>
    <Cell><Data ss:Type="Number">-0.93</Data></Cell>
    <Cell><Data ss:Type="Number">22.7</Data></Cell>
    <Cell><Data ss:Type="Number">39.700000000000003</Data></Cell>
    <Cell><Data ss:Type="Number">0</Data></Cell>
    <Cell><Data ss:Type="Number">0</Data></Cell>
    <Cell><Data ss:Type="String">2023-12-07 16:15:29.611536</Data></Cell>
   </Row>
   <Row>
    <Cell><Data ss:Type="String">896</Data></Cell>
    <Cell><Data ss:Type="Number">0.7</Data></Cell>
    <Cell><Data ss:Type="Number">-10.41</Data></Cell>
    <Cell><Data ss:Type="Number">-0.01</Data></Cell>
    <Cell><Data ss:Type="Number">-9.39</Data></Cell>
    <Cell><Data ss:Type="Number">-7.0000000000000007E-2</Data></Cell>
    <Cell><Data ss:Type="Number">-0.89</Data></Cell>
    <Cell><Data ss:Type="Number">22.7</Data></Cell>
    <Cell><Data ss:Type="Number">39.700000000000003</Data></Cell>
    <Cell><Data ss:Type="Number">0</Data></Cell>
    <Cell><Data ss:Type="Number">0</Data></Cell>
    <Cell><Data ss:Type="String">2023-12-07 16:15:29.609167</Data></Cell>
   </Row>
   <Row>
    <Cell><Data ss:Type="String">895</Data></Cell>
    <Cell><Data ss:Type="Number">0.68</Data></Cell>
    <Cell><Data ss:Type="Number">-9.83</Data></Cell>
    <Cell><Data ss:Type="Number">0.42</Data></Cell>
    <Cell><Data ss:Type="Number">-9.42</Data></Cell>
    <Cell><Data ss:Type="Number">-0.09</Data></Cell>
    <Cell><Data ss:Type="Number">-0.96</Data></Cell>
    <Cell><Data ss:Type="Number">22.7</Data></Cell>
    <Cell><Data ss:Type="Number">39.700000000000003</Data></Cell>
    <Cell><Data ss:Type="Number">0</Data></Cell>
    <Cell><Data ss:Type="Number">0</Data></Cell>
    <Cell><Data ss:Type="String">2023-12-07 16:15:29.563360</Data></Cell>
   </Row>
   <Row>
    <Cell><Data ss:Type="String">894</Data></Cell>
    <Cell><Data ss:Type="Number">0.56999999999999995</Data></Cell>
    <Cell><Data ss:Type="Number">-10.02</Data></Cell>
    <Cell><Data ss:Type="Number">0.21</Data></Cell>
    <Cell><Data ss:Type="Number">-9.49</Data></Cell>
    <Cell><Data ss:Type="Number">-0.02</Data></Cell>
    <Cell><Data ss:Type="Number">-0.89</Data></Cell>
    <Cell><Data ss:Type="Number">22.7</Data></Cell>
    <Cell><Data ss:Type="Number">39.700000000000003</Data></Cell>
    <Cell><Data ss:Type="Number">0</Data></Cell>
    <Cell><Data ss:Type="Number">0</Data></Cell>
    <Cell><Data ss:Type="String">2023-12-07 16:15:29.518297</Data></Cell>
   </Row>
   <Row>
    <Cell><Data ss:Type="String">893</Data></Cell>
    <Cell><Data ss:Type="Number">0.44</Data></Cell>
    <Cell><Data ss:Type="Number">-10.18</Data></Cell>
    <Cell><Data ss:Type="Number">0.21</Data></Cell>
    <Cell><Data ss:Type="Number">-9.57</Data></Cell>
    <Cell><Data ss:Type="Number">-0.1</Data></Cell>
    <Cell><Data ss:Type="Number">-0.96</Data></Cell>
    <Cell><Data ss:Type="Number">22.7</Data></Cell>
    <Cell><Data ss:Type="Number">39.700000000000003</Data></Cell>
    <Cell><Data ss:Type="Number">0</Data></Cell>
    <Cell><Data ss:Type="Number">0</Data></Cell>
    <Cell><Data ss:Type="String">2023-12-07 16:15:29.473676</Data></Cell>
   </Row>
   <Row>
    <Cell><Data ss:Type="String">892</Data></Cell>
    <Cell><Data ss:Type="Number">0.31</Data></Cell>
    <Cell><Data ss:Type="Number">-10.52</Data></Cell>
    <Cell><Data ss:Type="Number">0.4</Data></Cell>
    <Cell><Data ss:Type="Number">-9.5500000000000007</Data></Cell>
    <Cell><Data ss:Type="Number">-0.12</Data></Cell>
    <Cell><Data ss:Type="Number">-0.84</Data></Cell>
    <Cell><Data ss:Type="Number">22.7</Data></Cell>
    <Cell><Data ss:Type="Number">39.700000000000003</Data></Cell>
    <Cell><Data ss:Type="Number">0</Data></Cell>
    <Cell><Data ss:Type="Number">0</Data></Cell>
    <Cell><Data ss:Type="String">2023-12-07 16:15:29.471464</Data></Cell>
   </Row>
   <Row>
    <Cell><Data ss:Type="String">891</Data></Cell>
    <Cell><Data ss:Type="Number">0.73</Data></Cell>
    <Cell><Data ss:Type="Number">-10.199999999999999</Data></Cell>
    <Cell><Data ss:Type="Number">0.1</Data></Cell>
    <Cell><Data ss:Type="Number">-9.44</Data></Cell>
    <Cell><Data ss:Type="Number">0</Data></Cell>
    <Cell><Data ss:Type="Number">-0.88</Data></Cell>
    <Cell><Data ss:Type="Number">22.7</Data></Cell>
    <Cell><Data ss:Type="Number">39.700000000000003</Data></Cell>
    <Cell><Data ss:Type="Number">0</Data></Cell>
    <Cell><Data ss:Type="Number">0</Data></Cell>
    <Cell><Data ss:Type="String">2023-12-07 16:15:29.426026</Data></Cell>
   </Row>
   <Row>
    <Cell><Data ss:Type="String">890</Data></Cell>
    <Cell><Data ss:Type="Number">0.23</Data></Cell>
    <Cell><Data ss:Type="Number">-10.49</Data></Cell>
    <Cell><Data ss:Type="Number">0.33</Data></Cell>
    <Cell><Data ss:Type="Number">-9.4600000000000009</Data></Cell>
    <Cell><Data ss:Type="Number">-0.03</Data></Cell>
    <Cell><Data ss:Type="Number">-0.99</Data></Cell>
    <Cell><Data ss:Type="Number">22.7</Data></Cell>
    <Cell><Data ss:Type="Number">39.700000000000003</Data></Cell>
    <Cell><Data ss:Type="Number">0</Data></Cell>
    <Cell><Data ss:Type="Number">0</Data></Cell>
    <Cell><Data ss:Type="String">2023-12-07 16:15:29.380068</Data></Cell>
   </Row>
   <Row>
    <Cell><Data ss:Type="String">889</Data></Cell>
    <Cell><Data ss:Type="Number">0.95</Data></Cell>
    <Cell><Data ss:Type="Number">-9.83</Data></Cell>
    <Cell><Data ss:Type="Number">0.74</Data></Cell>
    <Cell><Data ss:Type="Number">-8.82</Data></Cell>
    <Cell><Data ss:Type="Number">-0.32</Data></Cell>
    <Cell><Data ss:Type="Number">-0.89</Data></Cell>
    <Cell><Data ss:Type="Number">22.7</Data></Cell>
    <Cell><Data ss:Type="Number">39.700000000000003</Data></Cell>
    <Cell><Data ss:Type="Number">0</Data></Cell>
    <Cell><Data ss:Type="Number">0</Data></Cell>
    <Cell><Data ss:Type="String">2023-12-07 16:15:29.378530</Data></Cell>
   </Row>
   <Row>
    <Cell><Data ss:Type="String">888</Data></Cell>
    <Cell><Data ss:Type="Number">0.05</Data></Cell>
    <Cell><Data ss:Type="Number">-9.76</Data></Cell>
    <Cell><Data ss:Type="Number">-0.09</Data></Cell>
    <Cell><Data ss:Type="Number">-9.4700000000000006</Data></Cell>
    <Cell><Data ss:Type="Number">-0.08</Data></Cell>
    <Cell><Data ss:Type="Number">-0.91</Data></Cell>
    <Cell><Data ss:Type="Number">22.7</Data></Cell>
    <Cell><Data ss:Type="Number">39.700000000000003</Data></Cell>
    <Cell><Data ss:Type="Number">0</Data></Cell>
    <Cell><Data ss:Type="Number">0</Data></Cell>
    <Cell><Data ss:Type="String">2023-12-07 16:15:29.337457</Data></Cell>
   </Row>
   <Row>
    <Cell><Data ss:Type="String">887</Data></Cell>
    <Cell><Data ss:Type="Number">0.37</Data></Cell>
    <Cell><Data ss:Type="Number">-10.54</Data></Cell>
    <Cell><Data ss:Type="Number">0.45</Data></Cell>
    <Cell><Data ss:Type="Number">-9.64</Data></Cell>
    <Cell><Data ss:Type="Number">-0.08</Data></Cell>
    <Cell><Data ss:Type="Number">-0.84</Data></Cell>
    <Cell><Data ss:Type="Number">22.7</Data></Cell>
    <Cell><Data ss:Type="Number">39.700000000000003</Data></Cell>
    <Cell><Data ss:Type="Number">0</Data></Cell>
    <Cell><Data ss:Type="Number">0</Data></Cell>
    <Cell><Data ss:Type="String">2023-12-07 16:15:29.335642</Data></Cell>
   </Row>
   <Row>
    <Cell><Data ss:Type="String">886</Data></Cell>
    <Cell><Data ss:Type="Number">0.56000000000000005</Data></Cell>
    <Cell><Data ss:Type="Number">-10.4</Data></Cell>
    <Cell><Data ss:Type="Number">-0.11</Data></Cell>
    <Cell><Data ss:Type="Number">-9.4</Data></Cell>
    <Cell><Data ss:Type="Number">-0.06</Data></Cell>
    <Cell><Data ss:Type="Number">-1.02</Data></Cell>
    <Cell><Data ss:Type="Number">22.7</Data></Cell>
    <Cell><Data ss:Type="Number">39.700000000000003</Data></Cell>
    <Cell><Data ss:Type="Number">0</Data></Cell>
    <Cell><Data ss:Type="Number">0</Data></Cell>
    <Cell><Data ss:Type="String">2023-12-07 16:15:29.334118</Data></Cell>
   </Row>
   <Row>
    <Cell><Data ss:Type="String">885</Data></Cell>
    <Cell><Data ss:Type="Number">0.33</Data></Cell>
    <Cell><Data ss:Type="Number">-9.8699999999999992</Data></Cell>
    <Cell><Data ss:Type="Number">-0.05</Data></Cell>
    <Cell><Data ss:Type="Number">-9.41</Data></Cell>
    <Cell><Data ss:Type="Number">-0.03</Data></Cell>
    <Cell><Data ss:Type="Number">-0.86</Data></Cell>
    <Cell><Data ss:Type="Number">22.7</Data></Cell>
    <Cell><Data ss:Type="Number">39.700000000000003</Data></Cell>
    <Cell><Data ss:Type="Number">0</Data></Cell>
    <Cell><Data ss:Type="Number">0</Data></Cell>
    <Cell><Data ss:Type="String">2023-12-07 16:15:29.332435</Data></Cell>
   </Row>
   <Row>
    <Cell><Data ss:Type="String">884</Data></Cell>
    <Cell><Data ss:Type="Number">0.36</Data></Cell>
    <Cell><Data ss:Type="Number">-9.9</Data></Cell>
    <Cell><Data ss:Type="Number">0</Data></Cell>
    <Cell><Data ss:Type="Number">-9.5</Data></Cell>
    <Cell><Data ss:Type="Number">-0.06</Data></Cell>
    <Cell><Data ss:Type="Number">-0.96</Data></Cell>
    <Cell><Data ss:Type="Number">22.7</Data></Cell>
    <Cell><Data ss:Type="Number">39.700000000000003</Data></Cell>
    <Cell><Data ss:Type="Number">0</Data></Cell>
    <Cell><Data ss:Type="Number">0</Data></Cell>
    <Cell><Data ss:Type="String">2023-12-07 16:15:29.330683</Data></Cell>
   </Row>
   <Row>
    <Cell><Data ss:Type="String">883</Data></Cell>
    <Cell><Data ss:Type="Number">0.8</Data></Cell>
    <Cell><Data ss:Type="Number">-10.62</Data></Cell>
    <Cell><Data ss:Type="Number">0.22</Data></Cell>
    <Cell><Data ss:Type="Number">-9.4700000000000006</Data></Cell>
    <Cell><Data ss:Type="Number">-0.13</Data></Cell>
    <Cell><Data ss:Type="Number">-0.86</Data></Cell>
    <Cell><Data ss:Type="Number">22.7</Data></Cell>
    <Cell><Data ss:Type="Number">39.700000000000003</Data></Cell>
    <Cell><Data ss:Type="Number">0</Data></Cell>
    <Cell><Data ss:Type="Number">0</Data></Cell>
    <Cell><Data ss:Type="String">2023-12-07 16:15:29.329000</Data></Cell>
   </Row>
   <Row>
    <Cell><Data ss:Type="String">882</Data></Cell>
    <Cell><Data ss:Type="Number">0.25</Data></Cell>
    <Cell><Data ss:Type="Number">-10.029999999999999</Data></Cell>
    <Cell><Data ss:Type="Number">0.45</Data></Cell>
    <Cell><Data ss:Type="Number">-9.51</Data></Cell>
    <Cell><Data ss:Type="Number">-0.04</Data></Cell>
    <Cell><Data ss:Type="Number">-0.95</Data></Cell>
    <Cell><Data ss:Type="Number">22.7</Data></Cell>
    <Cell><Data ss:Type="Number">39.700000000000003</Data></Cell>
    <Cell><Data ss:Type="Number">0</Data></Cell>
    <Cell><Data ss:Type="Number">0</Data></Cell>
    <Cell><Data ss:Type="String">2023-12-07 16:15:29.327187</Data></Cell>
   </Row>
   <Row>
    <Cell><Data ss:Type="String">881</Data></Cell>
    <Cell><Data ss:Type="Number">0.24</Data></Cell>
    <Cell><Data ss:Type="Number">-10.26</Data></Cell>
    <Cell><Data ss:Type="Number">0.19</Data></Cell>
    <Cell><Data ss:Type="Number">-9.3800000000000008</Data></Cell>
    <Cell><Data ss:Type="Number">-0.02</Data></Cell>
    <Cell><Data ss:Type="Number">-0.92</Data></Cell>
    <Cell><Data ss:Type="Number">22.7</Data></Cell>
    <Cell><Data ss:Type="Number">39.700000000000003</Data></Cell>
    <Cell><Data ss:Type="Number">0</Data></Cell>
    <Cell><Data ss:Type="Number">0</Data></Cell>
    <Cell><Data ss:Type="String">2023-12-07 16:15:29.099414</Data></Cell>
   </Row>
   <Row>
    <Cell><Data ss:Type="String">880</Data></Cell>
    <Cell><Data ss:Type="Number">0.22</Data></Cell>
    <Cell><Data ss:Type="Number">-9.8000000000000007</Data></Cell>
    <Cell><Data ss:Type="Number">0.56999999999999995</Data></Cell>
    <Cell><Data ss:Type="Number">-9.2200000000000006</Data></Cell>
    <Cell><Data ss:Type="Number">-0.05</Data></Cell>
    <Cell><Data ss:Type="Number">-0.92</Data></Cell>
    <Cell><Data ss:Type="Number">22.7</Data></Cell>
    <Cell><Data ss:Type="Number">39.700000000000003</Data></Cell>
    <Cell><Data ss:Type="Number">0</Data></Cell>
    <Cell><Data ss:Type="Number">0</Data></Cell>
    <Cell><Data ss:Type="String">2023-12-07 16:15:29.097730</Data></Cell>
   </Row>
   <Row>
    <Cell><Data ss:Type="String">879</Data></Cell>
    <Cell><Data ss:Type="Number">0.41</Data></Cell>
    <Cell><Data ss:Type="Number">-10.119999999999999</Data></Cell>
    <Cell><Data ss:Type="Number">-0.05</Data></Cell>
    <Cell><Data ss:Type="Number">-9.4600000000000009</Data></Cell>
    <Cell><Data ss:Type="Number">-0.17</Data></Cell>
    <Cell><Data ss:Type="Number">-0.96</Data></Cell>
    <Cell><Data ss:Type="Number">22.7</Data></Cell>
    <Cell><Data ss:Type="Number">39.700000000000003</Data></Cell>
    <Cell><Data ss:Type="Number">0</Data></Cell>
    <Cell><Data ss:Type="Number">0</Data></Cell>
    <Cell><Data ss:Type="String">2023-12-07 16:15:29.096117</Data></Cell>
   </Row>
   <Row>
    <Cell><Data ss:Type="String">878</Data></Cell>
    <Cell><Data ss:Type="Number">7.0000000000000007E-2</Data></Cell>
    <Cell><Data ss:Type="Number">-10.31</Data></Cell>
    <Cell><Data ss:Type="Number">-0.09</Data></Cell>
    <Cell><Data ss:Type="Number">-9.58</Data></Cell>
    <Cell><Data ss:Type="Number">0</Data></Cell>
    <Cell><Data ss:Type="Number">-0.85</Data></Cell>
    <Cell><Data ss:Type="Number">22.7</Data></Cell>
    <Cell><Data ss:Type="Number">39.700000000000003</Data></Cell>
    <Cell><Data ss:Type="Number">0</Data></Cell>
    <Cell><Data ss:Type="Number">0</Data></Cell>
    <Cell><Data ss:Type="String">2023-12-07 16:15:29.094475</Data></Cell>
   </Row>
   <Row>
    <Cell><Data ss:Type="String">877</Data></Cell>
    <Cell><Data ss:Type="Number">0.33</Data></Cell>
    <Cell><Data ss:Type="Number">-10.72</Data></Cell>
    <Cell><Data ss:Type="Number">0.36</Data></Cell>
    <Cell><Data ss:Type="Number">-9.58</Data></Cell>
    <Cell><Data ss:Type="Number">-0.16</Data></Cell>
    <Cell><Data ss:Type="Number">-0.97</Data></Cell>
    <Cell><Data ss:Type="Number">22.7</Data></Cell>
    <Cell><Data ss:Type="Number">39.700000000000003</Data></Cell>
    <Cell><Data ss:Type="Number">0</Data></Cell>
    <Cell><Data ss:Type="Number">0</Data></Cell>
    <Cell><Data ss:Type="String">2023-12-07 16:15:29.092806</Data></Cell>
   </Row>
   <Row>
    <Cell><Data ss:Type="String">876</Data></Cell>
    <Cell><Data ss:Type="Number">0.32</Data></Cell>
    <Cell><Data ss:Type="Number">-9.6199999999999992</Data></Cell>
    <Cell><Data ss:Type="Number">0.19</Data></Cell>
    <Cell><Data ss:Type="Number">-9.44</Data></Cell>
    <Cell><Data ss:Type="Number">-0.02</Data></Cell>
    <Cell><Data ss:Type="Number">-0.87</Data></Cell>
    <Cell><Data ss:Type="Number">22.7</Data></Cell>
    <Cell><Data ss:Type="Number">39.700000000000003</Data></Cell>
    <Cell><Data ss:Type="Number">0</Data></Cell>
    <Cell><Data ss:Type="Number">0</Data></Cell>
    <Cell><Data ss:Type="String">2023-12-07 16:15:29.091136</Data></Cell>
   </Row>
   <Row>
    <Cell><Data ss:Type="String">875</Data></Cell>
    <Cell><Data ss:Type="Number">0.41</Data></Cell>
    <Cell><Data ss:Type="Number">-10.07</Data></Cell>
    <Cell><Data ss:Type="Number">0.28999999999999998</Data></Cell>
    <Cell><Data ss:Type="Number">-9.41</Data></Cell>
    <Cell><Data ss:Type="Number">-0.12</Data></Cell>
    <Cell><Data ss:Type="Number">-0.99</Data></Cell>
    <Cell><Data ss:Type="Number">22.7</Data></Cell>
    <Cell><Data ss:Type="Number">39.700000000000003</Data></Cell>
    <Cell><Data ss:Type="Number">0</Data></Cell>
    <Cell><Data ss:Type="Number">0</Data></Cell>
    <Cell><Data ss:Type="String">2023-12-07 16:15:29.089385</Data></Cell>
   </Row>
   <Row>
    <Cell><Data ss:Type="String">874</Data></Cell>
    <Cell><Data ss:Type="Number">0.08</Data></Cell>
    <Cell><Data ss:Type="Number">-9.75</Data></Cell>
    <Cell><Data ss:Type="Number">-0.03</Data></Cell>
    <Cell><Data ss:Type="Number">-9.52</Data></Cell>
    <Cell><Data ss:Type="Number">-0.04</Data></Cell>
    <Cell><Data ss:Type="Number">-0.85</Data></Cell>
    <Cell><Data ss:Type="Number">22.7</Data></Cell>
    <Cell><Data ss:Type="Number">39.700000000000003</Data></Cell>
    <Cell><Data ss:Type="Number">0</Data></Cell>
    <Cell><Data ss:Type="Number">0</Data></Cell>
    <Cell><Data ss:Type="String">2023-12-07 16:15:28.858931</Data></Cell>
   </Row>
   <Row>
    <Cell><Data ss:Type="String">873</Data></Cell>
    <Cell><Data ss:Type="Number">0.2</Data></Cell>
    <Cell><Data ss:Type="Number">-10.07</Data></Cell>
    <Cell><Data ss:Type="Number">-0.08</Data></Cell>
    <Cell><Data ss:Type="Number">-9.5299999999999994</Data></Cell>
    <Cell><Data ss:Type="Number">-0.03</Data></Cell>
    <Cell><Data ss:Type="Number">-0.85</Data></Cell>
    <Cell><Data ss:Type="Number">22.7</Data></Cell>
    <Cell><Data ss:Type="Number">39.700000000000003</Data></Cell>
    <Cell><Data ss:Type="Number">0</Data></Cell>
    <Cell><Data ss:Type="Number">0</Data></Cell>
    <Cell><Data ss:Type="String">2023-12-07 16:15:28.815437</Data></Cell>
   </Row>
   <Row>
    <Cell><Data ss:Type="String">872</Data></Cell>
    <Cell><Data ss:Type="Number">1.05</Data></Cell>
    <Cell><Data ss:Type="Number">-10.51</Data></Cell>
    <Cell><Data ss:Type="Number">0.23</Data></Cell>
    <Cell><Data ss:Type="Number">-9.4499999999999993</Data></Cell>
    <Cell><Data ss:Type="Number">-0.34</Data></Cell>
    <Cell><Data ss:Type="Number">-0.95</Data></Cell>
    <Cell><Data ss:Type="Number">22.7</Data></Cell>
    <Cell><Data ss:Type="Number">39.700000000000003</Data></Cell>
    <Cell><Data ss:Type="Number">0</Data></Cell>
    <Cell><Data ss:Type="Number">0</Data></Cell>
    <Cell><Data ss:Type="String">2023-12-07 16:15:28.812093</Data></Cell>
   </Row>
   <Row>
    <Cell><Data ss:Type="String">871</Data></Cell>
    <Cell><Data ss:Type="Number">-0.25</Data></Cell>
    <Cell><Data ss:Type="Number">-9.69</Data></Cell>
    <Cell><Data ss:Type="Number">0.12</Data></Cell>
    <Cell><Data ss:Type="Number">-9.3699999999999992</Data></Cell>
    <Cell><Data ss:Type="Number">0.01</Data></Cell>
    <Cell><Data ss:Type="Number">-0.79</Data></Cell>
    <Cell><Data ss:Type="Number">22.7</Data></Cell>
    <Cell><Data ss:Type="Number">39.700000000000003</Data></Cell>
    <Cell><Data ss:Type="Number">0</Data></Cell>
    <Cell><Data ss:Type="Number">0</Data></Cell>
    <Cell><Data ss:Type="String">2023-12-07 16:15:28.810478</Data></Cell>
   </Row>
   <Row>
    <Cell><Data ss:Type="String">870</Data></Cell>
    <Cell><Data ss:Type="Number">0.1</Data></Cell>
    <Cell><Data ss:Type="Number">-10.52</Data></Cell>
    <Cell><Data ss:Type="Number">0.26</Data></Cell>
    <Cell><Data ss:Type="Number">-9.36</Data></Cell>
    <Cell><Data ss:Type="Number">7.0000000000000007E-2</Data></Cell>
    <Cell><Data ss:Type="Number">-1.02</Data></Cell>
    <Cell><Data ss:Type="Number">22.7</Data></Cell>
    <Cell><Data ss:Type="Number">39.700000000000003</Data></Cell>
    <Cell><Data ss:Type="Number">0</Data></Cell>
    <Cell><Data ss:Type="Number">0</Data></Cell>
    <Cell><Data ss:Type="String">2023-12-07 16:15:28.808837</Data></Cell>
   </Row>
   <Row>
    <Cell><Data ss:Type="String">869</Data></Cell>
    <Cell><Data ss:Type="Number">-0.69</Data></Cell>
    <Cell><Data ss:Type="Number">-7.68</Data></Cell>
    <Cell><Data ss:Type="Number">1.0900000000000001</Data></Cell>
    <Cell><Data ss:Type="Number">-8.5399999999999991</Data></Cell>
    <Cell><Data ss:Type="Number">0.11</Data></Cell>
    <Cell><Data ss:Type="Number">-0.96</Data></Cell>
    <Cell><Data ss:Type="Number">22.7</Data></Cell>
    <Cell><Data ss:Type="Number">39.700000000000003</Data></Cell>
    <Cell><Data ss:Type="Number">0</Data></Cell>
    <Cell><Data ss:Type="Number">0</Data></Cell>
    <Cell><Data ss:Type="String">2023-12-07 16:15:28.806839</Data></Cell>
   </Row>
   <Row>
    <Cell><Data ss:Type="String">868</Data></Cell>
    <Cell><Data ss:Type="Number">0.57999999999999996</Data></Cell>
    <Cell><Data ss:Type="Number">-10.58</Data></Cell>
    <Cell><Data ss:Type="Number">-7.0000000000000007E-2</Data></Cell>
    <Cell><Data ss:Type="Number">-9.59</Data></Cell>
    <Cell><Data ss:Type="Number">-0.05</Data></Cell>
    <Cell><Data ss:Type="Number">-0.96</Data></Cell>
    <Cell><Data ss:Type="Number">22.7</Data></Cell>
    <Cell><Data ss:Type="Number">39.700000000000003</Data></Cell>
    <Cell><Data ss:Type="Number">0</Data></Cell>
    <Cell><Data ss:Type="Number">0</Data></Cell>
    <Cell><Data ss:Type="String">2023-12-07 16:15:28.804242</Data></Cell>
   </Row>
   <Row>
    <Cell><Data ss:Type="String">867</Data></Cell>
    <Cell><Data ss:Type="Number">0.76</Data></Cell>
    <Cell><Data ss:Type="Number">-10.11</Data></Cell>
    <Cell><Data ss:Type="Number">0.74</Data></Cell>
    <Cell><Data ss:Type="Number">-9.44</Data></Cell>
    <Cell><Data ss:Type="Number">-0.34</Data></Cell>
    <Cell><Data ss:Type="Number">-0.85</Data></Cell>
    <Cell><Data ss:Type="Number">22.7</Data></Cell>
    <Cell><Data ss:Type="Number">39.700000000000003</Data></Cell>
    <Cell><Data ss:Type="Number">0</Data></Cell>
    <Cell><Data ss:Type="Number">0</Data></Cell>
    <Cell><Data ss:Type="String">2023-12-07 16:15:28.629676</Data></Cell>
   </Row>
   <Row>
    <Cell><Data ss:Type="String">866</Data></Cell>
    <Cell><Data ss:Type="Number">0.14000000000000001</Data></Cell>
    <Cell><Data ss:Type="Number">-10.55</Data></Cell>
    <Cell><Data ss:Type="Number">0.03</Data></Cell>
    <Cell><Data ss:Type="Number">-9.39</Data></Cell>
    <Cell><Data ss:Type="Number">0.01</Data></Cell>
    <Cell><Data ss:Type="Number">-0.85</Data></Cell>
    <Cell><Data ss:Type="Number">22.7</Data></Cell>
    <Cell><Data ss:Type="Number">39.700000000000003</Data></Cell>
    <Cell><Data ss:Type="Number">0</Data></Cell>
    <Cell><Data ss:Type="Number">0</Data></Cell>
    <Cell><Data ss:Type="String">2023-12-07 16:15:28.585137</Data></Cell>
   </Row>
   <Row>
    <Cell><Data ss:Type="String">865</Data></Cell>
    <Cell><Data ss:Type="Number">-0.54</Data></Cell>
    <Cell><Data ss:Type="Number">-10.38</Data></Cell>
    <Cell><Data ss:Type="Number">-0.53</Data></Cell>
    <Cell><Data ss:Type="Number">-9.52</Data></Cell>
    <Cell><Data ss:Type="Number">0.55000000000000004</Data></Cell>
    <Cell><Data ss:Type="Number">-1.0900000000000001</Data></Cell>
    <Cell><Data ss:Type="Number">22.7</Data></Cell>
    <Cell><Data ss:Type="Number">39.700000000000003</Data></Cell>
    <Cell><Data ss:Type="Number">0</Data></Cell>
    <Cell><Data ss:Type="Number">0</Data></Cell>
    <Cell><Data ss:Type="String">2023-12-07 16:15:28.583104</Data></Cell>
   </Row>
   <Row>
    <Cell><Data ss:Type="String">864</Data></Cell>
    <Cell><Data ss:Type="Number">1.58</Data></Cell>
    <Cell><Data ss:Type="Number">-9.77</Data></Cell>
    <Cell><Data ss:Type="Number">0.98</Data></Cell>
    <Cell><Data ss:Type="Number">-9.4499999999999993</Data></Cell>
    <Cell><Data ss:Type="Number">-0.49</Data></Cell>
    <Cell><Data ss:Type="Number">-0.86</Data></Cell>
    <Cell><Data ss:Type="Number">22.7</Data></Cell>
    <Cell><Data ss:Type="Number">39.700000000000003</Data></Cell>
    <Cell><Data ss:Type="Number">0</Data></Cell>
    <Cell><Data ss:Type="Number">0</Data></Cell>
    <Cell><Data ss:Type="String">2023-12-07 16:15:28.537067</Data></Cell>
   </Row>
   <Row>
    <Cell><Data ss:Type="String">863</Data></Cell>
    <Cell><Data ss:Type="Number">1.97</Data></Cell>
    <Cell><Data ss:Type="Number">-10.32</Data></Cell>
    <Cell><Data ss:Type="Number">0.56999999999999995</Data></Cell>
    <Cell><Data ss:Type="Number">-9.5500000000000007</Data></Cell>
    <Cell><Data ss:Type="Number">-1.0900000000000001</Data></Cell>
    <Cell><Data ss:Type="Number">-0.81</Data></Cell>
    <Cell><Data ss:Type="Number">22.7</Data></Cell>
    <Cell><Data ss:Type="Number">39.700000000000003</Data></Cell>
    <Cell><Data ss:Type="Number">0</Data></Cell>
    <Cell><Data ss:Type="Number">0</Data></Cell>
    <Cell><Data ss:Type="String">2023-12-07 16:15:28.492137</Data></Cell>
   </Row>
   <Row>
    <Cell><Data ss:Type="String">862</Data></Cell>
    <Cell><Data ss:Type="Number">-1.01</Data></Cell>
    <Cell><Data ss:Type="Number">-10.15</Data></Cell>
    <Cell><Data ss:Type="Number">1.39</Data></Cell>
    <Cell><Data ss:Type="Number">-10.17</Data></Cell>
    <Cell><Data ss:Type="Number">-1.92</Data></Cell>
    <Cell><Data ss:Type="Number">-0.63</Data></Cell>
    <Cell><Data ss:Type="Number">22.7</Data></Cell>
    <Cell><Data ss:Type="Number">39.700000000000003</Data></Cell>
    <Cell><Data ss:Type="Number">0</Data></Cell>
    <Cell><Data ss:Type="Number">0</Data></Cell>
    <Cell><Data ss:Type="String">2023-12-07 16:15:28.433941</Data></Cell>
   </Row>
   <Row>
    <Cell><Data ss:Type="String">861</Data></Cell>
    <Cell><Data ss:Type="Number">0.27</Data></Cell>
    <Cell><Data ss:Type="Number">-10.220000000000001</Data></Cell>
    <Cell><Data ss:Type="Number">-0.05</Data></Cell>
    <Cell><Data ss:Type="Number">-9.75</Data></Cell>
    <Cell><Data ss:Type="Number">0</Data></Cell>
    <Cell><Data ss:Type="Number">-0.98</Data></Cell>
    <Cell><Data ss:Type="Number">22.7</Data></Cell>
    <Cell><Data ss:Type="Number">39.700000000000003</Data></Cell>
    <Cell><Data ss:Type="Number">0</Data></Cell>
    <Cell><Data ss:Type="Number">0</Data></Cell>
    <Cell><Data ss:Type="String">2023-12-07 16:15:28.432357</Data></Cell>
   </Row>
   <Row>
    <Cell><Data ss:Type="String">860</Data></Cell>
    <Cell><Data ss:Type="Number">0.28999999999999998</Data></Cell>
    <Cell><Data ss:Type="Number">-10.15</Data></Cell>
    <Cell><Data ss:Type="Number">0.15</Data></Cell>
    <Cell><Data ss:Type="Number">-9.5</Data></Cell>
    <Cell><Data ss:Type="Number">-0.08</Data></Cell>
    <Cell><Data ss:Type="Number">-0.92</Data></Cell>
    <Cell><Data ss:Type="Number">22.7</Data></Cell>
    <Cell><Data ss:Type="Number">39.700000000000003</Data></Cell>
    <Cell><Data ss:Type="Number">0</Data></Cell>
    <Cell><Data ss:Type="Number">0</Data></Cell>
    <Cell><Data ss:Type="String">2023-12-07 16:15:28.430930</Data></Cell>
   </Row>
   <Row>
    <Cell><Data ss:Type="String">859</Data></Cell>
    <Cell><Data ss:Type="Number">0.25</Data></Cell>
    <Cell><Data ss:Type="Number">-10.029999999999999</Data></Cell>
    <Cell><Data ss:Type="Number">0.14000000000000001</Data></Cell>
    <Cell><Data ss:Type="Number">-9.4499999999999993</Data></Cell>
    <Cell><Data ss:Type="Number">-0.08</Data></Cell>
    <Cell><Data ss:Type="Number">-0.9</Data></Cell>
    <Cell><Data ss:Type="Number">22.7</Data></Cell>
    <Cell><Data ss:Type="Number">39.700000000000003</Data></Cell>
    <Cell><Data ss:Type="Number">0</Data></Cell>
    <Cell><Data ss:Type="Number">0</Data></Cell>
    <Cell><Data ss:Type="String">2023-12-07 16:15:28.429637</Data></Cell>
   </Row>
   <Row>
    <Cell><Data ss:Type="String">858</Data></Cell>
    <Cell><Data ss:Type="Number">0.22</Data></Cell>
    <Cell><Data ss:Type="Number">-10.039999999999999</Data></Cell>
    <Cell><Data ss:Type="Number">0.08</Data></Cell>
    <Cell><Data ss:Type="Number">-9.4499999999999993</Data></Cell>
    <Cell><Data ss:Type="Number">-0.03</Data></Cell>
    <Cell><Data ss:Type="Number">-0.95</Data></Cell>
    <Cell><Data ss:Type="Number">22.7</Data></Cell>
    <Cell><Data ss:Type="Number">39.700000000000003</Data></Cell>
    <Cell><Data ss:Type="Number">0</Data></Cell>
    <Cell><Data ss:Type="Number">0</Data></Cell>
    <Cell><Data ss:Type="String">2023-12-07 16:15:28.428344</Data></Cell>
   </Row>
   <Row>
    <Cell><Data ss:Type="String">857</Data></Cell>
    <Cell><Data ss:Type="Number">0.42</Data></Cell>
    <Cell><Data ss:Type="Number">-10.050000000000001</Data></Cell>
    <Cell><Data ss:Type="Number">0.16</Data></Cell>
    <Cell><Data ss:Type="Number">-9.5</Data></Cell>
    <Cell><Data ss:Type="Number">-0.11</Data></Cell>
    <Cell><Data ss:Type="Number">-0.92</Data></Cell>
    <Cell><Data ss:Type="Number">22.7</Data></Cell>
    <Cell><Data ss:Type="Number">39.700000000000003</Data></Cell>
    <Cell><Data ss:Type="Number">0</Data></Cell>
    <Cell><Data ss:Type="Number">0</Data></Cell>
    <Cell><Data ss:Type="String">2023-12-07 16:15:28.426824</Data></Cell>
   </Row>
   <Row>
    <Cell><Data ss:Type="String">856</Data></Cell>
    <Cell><Data ss:Type="Number">0.28000000000000003</Data></Cell>
    <Cell><Data ss:Type="Number">-10.119999999999999</Data></Cell>
    <Cell><Data ss:Type="Number">0.17</Data></Cell>
    <Cell><Data ss:Type="Number">-9.4499999999999993</Data></Cell>
    <Cell><Data ss:Type="Number">-0.06</Data></Cell>
    <Cell><Data ss:Type="Number">-0.87</Data></Cell>
    <Cell><Data ss:Type="Number">22.7</Data></Cell>
    <Cell><Data ss:Type="Number">39.700000000000003</Data></Cell>
    <Cell><Data ss:Type="Number">0</Data></Cell>
    <Cell><Data ss:Type="Number">0</Data></Cell>
    <Cell><Data ss:Type="String">2023-12-07 16:15:28.425223</Data></Cell>
   </Row>
   <Row>
    <Cell><Data ss:Type="String">855</Data></Cell>
    <Cell><Data ss:Type="Number">0.18</Data></Cell>
    <Cell><Data ss:Type="Number">-10.1</Data></Cell>
    <Cell><Data ss:Type="Number">0.1</Data></Cell>
    <Cell><Data ss:Type="Number">-9.5</Data></Cell>
    <Cell><Data ss:Type="Number">-0.05</Data></Cell>
    <Cell><Data ss:Type="Number">-0.96</Data></Cell>
    <Cell><Data ss:Type="Number">22.7</Data></Cell>
    <Cell><Data ss:Type="Number">39.700000000000003</Data></Cell>
    <Cell><Data ss:Type="Number">0</Data></Cell>
    <Cell><Data ss:Type="Number">0</Data></Cell>
    <Cell><Data ss:Type="String">2023-12-07 16:15:28.423107</Data></Cell>
   </Row>
   <Row>
    <Cell><Data ss:Type="String">854</Data></Cell>
    <Cell><Data ss:Type="Number">0.25</Data></Cell>
    <Cell><Data ss:Type="Number">-9.9600000000000009</Data></Cell>
    <Cell><Data ss:Type="Number">0.22</Data></Cell>
    <Cell><Data ss:Type="Number">-9.39</Data></Cell>
    <Cell><Data ss:Type="Number">-0.02</Data></Cell>
    <Cell><Data ss:Type="Number">-0.86</Data></Cell>
    <Cell><Data ss:Type="Number">22.7</Data></Cell>
    <Cell><Data ss:Type="Number">39.700000000000003</Data></Cell>
    <Cell><Data ss:Type="Number">0</Data></Cell>
    <Cell><Data ss:Type="Number">0</Data></Cell>
    <Cell><Data ss:Type="String">2023-12-07 16:15:28.196622</Data></Cell>
   </Row>
   <Row>
    <Cell><Data ss:Type="String">853</Data></Cell>
    <Cell><Data ss:Type="Number">0.37</Data></Cell>
    <Cell><Data ss:Type="Number">-9.91</Data></Cell>
    <Cell><Data ss:Type="Number">0.01</Data></Cell>
    <Cell><Data ss:Type="Number">-9.44</Data></Cell>
    <Cell><Data ss:Type="Number">-0.19</Data></Cell>
    <Cell><Data ss:Type="Number">-1</Data></Cell>
    <Cell><Data ss:Type="Number">22.7</Data></Cell>
    <Cell><Data ss:Type="Number">39.700000000000003</Data></Cell>
    <Cell><Data ss:Type="Number">0</Data></Cell>
    <Cell><Data ss:Type="Number">0</Data></Cell>
    <Cell><Data ss:Type="String">2023-12-07 16:15:28.195138</Data></Cell>
   </Row>
   <Row>
    <Cell><Data ss:Type="String">852</Data></Cell>
    <Cell><Data ss:Type="Number">0.37</Data></Cell>
    <Cell><Data ss:Type="Number">-9.98</Data></Cell>
    <Cell><Data ss:Type="Number">0.26</Data></Cell>
    <Cell><Data ss:Type="Number">-9.4499999999999993</Data></Cell>
    <Cell><Data ss:Type="Number">-0.13</Data></Cell>
    <Cell><Data ss:Type="Number">-0.9</Data></Cell>
    <Cell><Data ss:Type="Number">22.7</Data></Cell>
    <Cell><Data ss:Type="Number">39.700000000000003</Data></Cell>
    <Cell><Data ss:Type="Number">0</Data></Cell>
    <Cell><Data ss:Type="Number">0</Data></Cell>
    <Cell><Data ss:Type="String">2023-12-07 16:15:28.193436</Data></Cell>
   </Row>
   <Row>
    <Cell><Data ss:Type="String">851</Data></Cell>
    <Cell><Data ss:Type="Number">-0.23</Data></Cell>
    <Cell><Data ss:Type="Number">-9.8699999999999992</Data></Cell>
    <Cell><Data ss:Type="Number">0.04</Data></Cell>
    <Cell><Data ss:Type="Number">-9.2799999999999994</Data></Cell>
    <Cell><Data ss:Type="Number">0</Data></Cell>
    <Cell><Data ss:Type="Number">-0.87</Data></Cell>
    <Cell><Data ss:Type="Number">22.7</Data></Cell>
    <Cell><Data ss:Type="Number">39.6</Data></Cell>
    <Cell><Data ss:Type="Number">0</Data></Cell>
    <Cell><Data ss:Type="Number">0</Data></Cell>
    <Cell><Data ss:Type="String">2023-12-07 16:15:28.190080</Data></Cell>
   </Row>
   <Row>
    <Cell><Data ss:Type="String">850</Data></Cell>
    <Cell><Data ss:Type="Number">0.25</Data></Cell>
    <Cell><Data ss:Type="Number">-10.130000000000001</Data></Cell>
    <Cell><Data ss:Type="Number">0.03</Data></Cell>
    <Cell><Data ss:Type="Number">-9.43</Data></Cell>
    <Cell><Data ss:Type="Number">-0.08</Data></Cell>
    <Cell><Data ss:Type="Number">-0.94</Data></Cell>
    <Cell><Data ss:Type="Number">22.7</Data></Cell>
    <Cell><Data ss:Type="Number">39.6</Data></Cell>
    <Cell><Data ss:Type="Number">0</Data></Cell>
    <Cell><Data ss:Type="Number">0</Data></Cell>
    <Cell><Data ss:Type="String">2023-12-07 16:15:28.024432</Data></Cell>
   </Row>
   <Row>
    <Cell><Data ss:Type="String">849</Data></Cell>
    <Cell><Data ss:Type="Number">0.28999999999999998</Data></Cell>
    <Cell><Data ss:Type="Number">-9.9700000000000006</Data></Cell>
    <Cell><Data ss:Type="Number">0.03</Data></Cell>
    <Cell><Data ss:Type="Number">-9.4600000000000009</Data></Cell>
    <Cell><Data ss:Type="Number">-0.06</Data></Cell>
    <Cell><Data ss:Type="Number">-0.96</Data></Cell>
    <Cell><Data ss:Type="Number">22.7</Data></Cell>
    <Cell><Data ss:Type="Number">39.6</Data></Cell>
    <Cell><Data ss:Type="Number">0</Data></Cell>
    <Cell><Data ss:Type="Number">0</Data></Cell>
    <Cell><Data ss:Type="String">2023-12-07 16:15:28.022490</Data></Cell>
   </Row>
   <Row>
    <Cell><Data ss:Type="String">848</Data></Cell>
    <Cell><Data ss:Type="Number">0.3</Data></Cell>
    <Cell><Data ss:Type="Number">-10.18</Data></Cell>
    <Cell><Data ss:Type="Number">0.13</Data></Cell>
    <Cell><Data ss:Type="Number">-9.51</Data></Cell>
    <Cell><Data ss:Type="Number">-0.08</Data></Cell>
    <Cell><Data ss:Type="Number">-0.9</Data></Cell>
    <Cell><Data ss:Type="Number">22.7</Data></Cell>
    <Cell><Data ss:Type="Number">39.6</Data></Cell>
    <Cell><Data ss:Type="Number">0</Data></Cell>
    <Cell><Data ss:Type="Number">0</Data></Cell>
    <Cell><Data ss:Type="String">2023-12-07 16:15:27.983370</Data></Cell>
   </Row>
   <Row>
    <Cell><Data ss:Type="String">847</Data></Cell>
    <Cell><Data ss:Type="Number">0.28999999999999998</Data></Cell>
    <Cell><Data ss:Type="Number">-10.210000000000001</Data></Cell>
    <Cell><Data ss:Type="Number">0.19</Data></Cell>
    <Cell><Data ss:Type="Number">-9.5</Data></Cell>
    <Cell><Data ss:Type="Number">-0.08</Data></Cell>
    <Cell><Data ss:Type="Number">-0.89</Data></Cell>
    <Cell><Data ss:Type="Number">22.7</Data></Cell>
    <Cell><Data ss:Type="Number">39.6</Data></Cell>
    <Cell><Data ss:Type="Number">0</Data></Cell>
    <Cell><Data ss:Type="Number">0</Data></Cell>
    <Cell><Data ss:Type="String">2023-12-07 16:15:27.939165</Data></Cell>
   </Row>
   <Row>
    <Cell><Data ss:Type="String">846</Data></Cell>
    <Cell><Data ss:Type="Number">0.3</Data></Cell>
    <Cell><Data ss:Type="Number">-10.050000000000001</Data></Cell>
    <Cell><Data ss:Type="Number">0.25</Data></Cell>
    <Cell><Data ss:Type="Number">-9.42</Data></Cell>
    <Cell><Data ss:Type="Number">-0.08</Data></Cell>
    <Cell><Data ss:Type="Number">-0.92</Data></Cell>
    <Cell><Data ss:Type="Number">22.7</Data></Cell>
    <Cell><Data ss:Type="Number">39.6</Data></Cell>
    <Cell><Data ss:Type="Number">0</Data></Cell>
    <Cell><Data ss:Type="Number">0</Data></Cell>
    <Cell><Data ss:Type="String">2023-12-07 16:15:27.893787</Data></Cell>
   </Row>
   <Row>
    <Cell><Data ss:Type="String">845</Data></Cell>
    <Cell><Data ss:Type="Number">0.25</Data></Cell>
    <Cell><Data ss:Type="Number">-9.99</Data></Cell>
    <Cell><Data ss:Type="Number">0.11</Data></Cell>
    <Cell><Data ss:Type="Number">-9.43</Data></Cell>
    <Cell><Data ss:Type="Number">-0.03</Data></Cell>
    <Cell><Data ss:Type="Number">-0.91</Data></Cell>
    <Cell><Data ss:Type="Number">22.7</Data></Cell>
    <Cell><Data ss:Type="Number">39.6</Data></Cell>
    <Cell><Data ss:Type="Number">0</Data></Cell>
    <Cell><Data ss:Type="Number">0</Data></Cell>
    <Cell><Data ss:Type="String">2023-12-07 16:15:27.892323</Data></Cell>
   </Row>
   <Row>
    <Cell><Data ss:Type="String">844</Data></Cell>
    <Cell><Data ss:Type="Number">0.3</Data></Cell>
    <Cell><Data ss:Type="Number">-10.050000000000001</Data></Cell>
    <Cell><Data ss:Type="Number">0.04</Data></Cell>
    <Cell><Data ss:Type="Number">-9.5399999999999991</Data></Cell>
    <Cell><Data ss:Type="Number">-0.11</Data></Cell>
    <Cell><Data ss:Type="Number">-0.94</Data></Cell>
    <Cell><Data ss:Type="Number">22.7</Data></Cell>
    <Cell><Data ss:Type="Number">39.6</Data></Cell>
    <Cell><Data ss:Type="Number">0</Data></Cell>
    <Cell><Data ss:Type="Number">0</Data></Cell>
    <Cell><Data ss:Type="String">2023-12-07 16:15:27.846082</Data></Cell>
   </Row>
   <Row>
    <Cell><Data ss:Type="String">843</Data></Cell>
    <Cell><Data ss:Type="Number">0.28999999999999998</Data></Cell>
    <Cell><Data ss:Type="Number">-10.15</Data></Cell>
    <Cell><Data ss:Type="Number">0.18</Data></Cell>
    <Cell><Data ss:Type="Number">-9.5</Data></Cell>
    <Cell><Data ss:Type="Number">-7.0000000000000007E-2</Data></Cell>
    <Cell><Data ss:Type="Number">-0.89</Data></Cell>
    <Cell><Data ss:Type="Number">22.7</Data></Cell>
    <Cell><Data ss:Type="Number">39.6</Data></Cell>
    <Cell><Data ss:Type="Number">0</Data></Cell>
    <Cell><Data ss:Type="Number">0</Data></Cell>
    <Cell><Data ss:Type="String">2023-12-07 16:15:27.801180</Data></Cell>
   </Row>
   <Row>
    <Cell><Data ss:Type="String">842</Data></Cell>
    <Cell><Data ss:Type="Number">0.34</Data></Cell>
    <Cell><Data ss:Type="Number">-10.14</Data></Cell>
    <Cell><Data ss:Type="Number">0.2</Data></Cell>
    <Cell><Data ss:Type="Number">-9.4600000000000009</Data></Cell>
    <Cell><Data ss:Type="Number">-7.0000000000000007E-2</Data></Cell>
    <Cell><Data ss:Type="Number">-0.89</Data></Cell>
    <Cell><Data ss:Type="Number">22.7</Data></Cell>
    <Cell><Data ss:Type="Number">39.6</Data></Cell>
    <Cell><Data ss:Type="Number">0</Data></Cell>
    <Cell><Data ss:Type="Number">0</Data></Cell>
    <Cell><Data ss:Type="String">2023-12-07 16:15:27.757210</Data></Cell>
   </Row>
   <Row>
    <Cell><Data ss:Type="String">841</Data></Cell>
    <Cell><Data ss:Type="Number">0.27</Data></Cell>
    <Cell><Data ss:Type="Number">-10.039999999999999</Data></Cell>
    <Cell><Data ss:Type="Number">0.13</Data></Cell>
    <Cell><Data ss:Type="Number">-9.42</Data></Cell>
    <Cell><Data ss:Type="Number">-0.05</Data></Cell>
    <Cell><Data ss:Type="Number">-0.95</Data></Cell>
    <Cell><Data ss:Type="Number">22.7</Data></Cell>
    <Cell><Data ss:Type="Number">39.6</Data></Cell>
    <Cell><Data ss:Type="Number">0</Data></Cell>
    <Cell><Data ss:Type="Number">0</Data></Cell>
    <Cell><Data ss:Type="String">2023-12-07 16:15:27.754793</Data></Cell>
   </Row>
   <Row>
    <Cell><Data ss:Type="String">840</Data></Cell>
    <Cell><Data ss:Type="Number">0.27</Data></Cell>
    <Cell><Data ss:Type="Number">-9.98</Data></Cell>
    <Cell><Data ss:Type="Number">0.05</Data></Cell>
    <Cell><Data ss:Type="Number">-9.4700000000000006</Data></Cell>
    <Cell><Data ss:Type="Number">-7.0000000000000007E-2</Data></Cell>
    <Cell><Data ss:Type="Number">-0.94</Data></Cell>
    <Cell><Data ss:Type="Number">22.7</Data></Cell>
    <Cell><Data ss:Type="Number">39.6</Data></Cell>
    <Cell><Data ss:Type="Number">0</Data></Cell>
    <Cell><Data ss:Type="Number">0</Data></Cell>
    <Cell><Data ss:Type="String">2023-12-07 16:15:27.709042</Data></Cell>
   </Row>
   <Row>
    <Cell><Data ss:Type="String">839</Data></Cell>
    <Cell><Data ss:Type="Number">0.34</Data></Cell>
    <Cell><Data ss:Type="Number">-10.28</Data></Cell>
    <Cell><Data ss:Type="Number">0.2</Data></Cell>
    <Cell><Data ss:Type="Number">-9.57</Data></Cell>
    <Cell><Data ss:Type="Number">-0.11</Data></Cell>
    <Cell><Data ss:Type="Number">-0.91</Data></Cell>
    <Cell><Data ss:Type="Number">22.7</Data></Cell>
    <Cell><Data ss:Type="Number">39.6</Data></Cell>
    <Cell><Data ss:Type="Number">0</Data></Cell>
    <Cell><Data ss:Type="Number">0</Data></Cell>
    <Cell><Data ss:Type="String">2023-12-07 16:15:27.664309</Data></Cell>
   </Row>
   <Row>
    <Cell><Data ss:Type="String">838</Data></Cell>
    <Cell><Data ss:Type="Number">0.4</Data></Cell>
    <Cell><Data ss:Type="Number">-10.220000000000001</Data></Cell>
    <Cell><Data ss:Type="Number">0.17</Data></Cell>
    <Cell><Data ss:Type="Number">-9.5</Data></Cell>
    <Cell><Data ss:Type="Number">-0.03</Data></Cell>
    <Cell><Data ss:Type="Number">-0.9</Data></Cell>
    <Cell><Data ss:Type="Number">22.7</Data></Cell>
    <Cell><Data ss:Type="Number">39.6</Data></Cell>
    <Cell><Data ss:Type="Number">0</Data></Cell>
    <Cell><Data ss:Type="Number">0</Data></Cell>
    <Cell><Data ss:Type="String">2023-12-07 16:15:27.662788</Data></Cell>
   </Row>
   <Row>
    <Cell><Data ss:Type="String">837</Data></Cell>
    <Cell><Data ss:Type="Number">0.28000000000000003</Data></Cell>
    <Cell><Data ss:Type="Number">-9.9499999999999993</Data></Cell>
    <Cell><Data ss:Type="Number">0.09</Data></Cell>
    <Cell><Data ss:Type="Number">-9.41</Data></Cell>
    <Cell><Data ss:Type="Number">-0.06</Data></Cell>
    <Cell><Data ss:Type="Number">-0.93</Data></Cell>
    <Cell><Data ss:Type="Number">22.7</Data></Cell>
    <Cell><Data ss:Type="Number">39.6</Data></Cell>
    <Cell><Data ss:Type="Number">0</Data></Cell>
    <Cell><Data ss:Type="Number">0</Data></Cell>
    <Cell><Data ss:Type="String">2023-12-07 16:15:27.617627</Data></Cell>
   </Row>
   <Row>
    <Cell><Data ss:Type="String">836</Data></Cell>
    <Cell><Data ss:Type="Number">0.44</Data></Cell>
    <Cell><Data ss:Type="Number">-9.98</Data></Cell>
    <Cell><Data ss:Type="Number">0.17</Data></Cell>
    <Cell><Data ss:Type="Number">-9.4700000000000006</Data></Cell>
    <Cell><Data ss:Type="Number">-0.16</Data></Cell>
    <Cell><Data ss:Type="Number">-0.95</Data></Cell>
    <Cell><Data ss:Type="Number">22.7</Data></Cell>
    <Cell><Data ss:Type="Number">39.6</Data></Cell>
    <Cell><Data ss:Type="Number">0</Data></Cell>
    <Cell><Data ss:Type="Number">0</Data></Cell>
    <Cell><Data ss:Type="String">2023-12-07 16:15:27.582207</Data></Cell>
   </Row>
   <Row>
    <Cell><Data ss:Type="String">835</Data></Cell>
    <Cell><Data ss:Type="Number">0.13</Data></Cell>
    <Cell><Data ss:Type="Number">-10.07</Data></Cell>
    <Cell><Data ss:Type="Number">0.01</Data></Cell>
    <Cell><Data ss:Type="Number">-9.48</Data></Cell>
    <Cell><Data ss:Type="Number">-0.05</Data></Cell>
    <Cell><Data ss:Type="Number">-0.93</Data></Cell>
    <Cell><Data ss:Type="Number">22.7</Data></Cell>
    <Cell><Data ss:Type="Number">39.6</Data></Cell>
    <Cell><Data ss:Type="Number">0</Data></Cell>
    <Cell><Data ss:Type="Number">0</Data></Cell>
    <Cell><Data ss:Type="String">2023-12-07 16:15:27.580167</Data></Cell>
   </Row>
   <Row>
    <Cell><Data ss:Type="String">834</Data></Cell>
    <Cell><Data ss:Type="Number">0.25</Data></Cell>
    <Cell><Data ss:Type="Number">-10.19</Data></Cell>
    <Cell><Data ss:Type="Number">0.02</Data></Cell>
    <Cell><Data ss:Type="Number">-9.48</Data></Cell>
    <Cell><Data ss:Type="Number">0.08</Data></Cell>
    <Cell><Data ss:Type="Number">-0.95</Data></Cell>
    <Cell><Data ss:Type="Number">22.7</Data></Cell>
    <Cell><Data ss:Type="Number">39.6</Data></Cell>
    <Cell><Data ss:Type="Number">0</Data></Cell>
    <Cell><Data ss:Type="Number">0</Data></Cell>
    <Cell><Data ss:Type="String">2023-12-07 16:15:27.578162</Data></Cell>
   </Row>
   <Row>
    <Cell><Data ss:Type="String">833</Data></Cell>
    <Cell><Data ss:Type="Number">-0.22</Data></Cell>
    <Cell><Data ss:Type="Number">-9.17</Data></Cell>
    <Cell><Data ss:Type="Number">0.43</Data></Cell>
    <Cell><Data ss:Type="Number">-9.17</Data></Cell>
    <Cell><Data ss:Type="Number">0.09</Data></Cell>
    <Cell><Data ss:Type="Number">-0.91</Data></Cell>
    <Cell><Data ss:Type="Number">22.7</Data></Cell>
    <Cell><Data ss:Type="Number">39.6</Data></Cell>
    <Cell><Data ss:Type="Number">0</Data></Cell>
    <Cell><Data ss:Type="Number">0</Data></Cell>
    <Cell><Data ss:Type="String">2023-12-07 16:15:27.575306</Data></Cell>
   </Row>
   <Row>
    <Cell><Data ss:Type="String">832</Data></Cell>
    <Cell><Data ss:Type="Number">0.3</Data></Cell>
    <Cell><Data ss:Type="Number">-10.050000000000001</Data></Cell>
    <Cell><Data ss:Type="Number">0.18</Data></Cell>
    <Cell><Data ss:Type="Number">-9.44</Data></Cell>
    <Cell><Data ss:Type="Number">-0.09</Data></Cell>
    <Cell><Data ss:Type="Number">-0.92</Data></Cell>
    <Cell><Data ss:Type="Number">22.7</Data></Cell>
    <Cell><Data ss:Type="Number">39.6</Data></Cell>
    <Cell><Data ss:Type="Number">0</Data></Cell>
    <Cell><Data ss:Type="Number">0</Data></Cell>
    <Cell><Data ss:Type="String">2023-12-07 16:15:27.424953</Data></Cell>
   </Row>
   <Row>
    <Cell><Data ss:Type="String">831</Data></Cell>
    <Cell><Data ss:Type="Number">0.26</Data></Cell>
    <Cell><Data ss:Type="Number">-10.029999999999999</Data></Cell>
    <Cell><Data ss:Type="Number">0.14000000000000001</Data></Cell>
    <Cell><Data ss:Type="Number">-9.4499999999999993</Data></Cell>
    <Cell><Data ss:Type="Number">-0.08</Data></Cell>
    <Cell><Data ss:Type="Number">-0.95</Data></Cell>
    <Cell><Data ss:Type="Number">22.7</Data></Cell>
    <Cell><Data ss:Type="Number">39.6</Data></Cell>
    <Cell><Data ss:Type="Number">0</Data></Cell>
    <Cell><Data ss:Type="Number">0</Data></Cell>
    <Cell><Data ss:Type="String">2023-12-07 16:15:27.422589</Data></Cell>
   </Row>
   <Row>
    <Cell><Data ss:Type="String">830</Data></Cell>
    <Cell><Data ss:Type="Number">0.32</Data></Cell>
    <Cell><Data ss:Type="Number">-10.11</Data></Cell>
    <Cell><Data ss:Type="Number">0.12</Data></Cell>
    <Cell><Data ss:Type="Number">-9.52</Data></Cell>
    <Cell><Data ss:Type="Number">-0.08</Data></Cell>
    <Cell><Data ss:Type="Number">-0.95</Data></Cell>
    <Cell><Data ss:Type="Number">22.7</Data></Cell>
    <Cell><Data ss:Type="Number">39.6</Data></Cell>
    <Cell><Data ss:Type="Number">0</Data></Cell>
    <Cell><Data ss:Type="Number">0</Data></Cell>
    <Cell><Data ss:Type="String">2023-12-07 16:15:27.372274</Data></Cell>
   </Row>
   <Row>
    <Cell><Data ss:Type="String">829</Data></Cell>
    <Cell><Data ss:Type="Number">0.33</Data></Cell>
    <Cell><Data ss:Type="Number">-10.19</Data></Cell>
    <Cell><Data ss:Type="Number">0.2</Data></Cell>
    <Cell><Data ss:Type="Number">-9.51</Data></Cell>
    <Cell><Data ss:Type="Number">-0.08</Data></Cell>
    <Cell><Data ss:Type="Number">-0.85</Data></Cell>
    <Cell><Data ss:Type="Number">22.7</Data></Cell>
    <Cell><Data ss:Type="Number">39.6</Data></Cell>
    <Cell><Data ss:Type="Number">0</Data></Cell>
    <Cell><Data ss:Type="Number">0</Data></Cell>
    <Cell><Data ss:Type="String">2023-12-07 16:15:27.326503</Data></Cell>
   </Row>
   <Row>
    <Cell><Data ss:Type="String">828</Data></Cell>
    <Cell><Data ss:Type="Number">0.25</Data></Cell>
    <Cell><Data ss:Type="Number">-10.029999999999999</Data></Cell>
    <Cell><Data ss:Type="Number">0.14000000000000001</Data></Cell>
    <Cell><Data ss:Type="Number">-9.49</Data></Cell>
    <Cell><Data ss:Type="Number">-7.0000000000000007E-2</Data></Cell>
    <Cell><Data ss:Type="Number">-0.93</Data></Cell>
    <Cell><Data ss:Type="Number">22.7</Data></Cell>
    <Cell><Data ss:Type="Number">39.6</Data></Cell>
    <Cell><Data ss:Type="Number">0</Data></Cell>
    <Cell><Data ss:Type="Number">0</Data></Cell>
    <Cell><Data ss:Type="String">2023-12-07 16:15:27.324993</Data></Cell>
   </Row>
   <Row>
    <Cell><Data ss:Type="String">827</Data></Cell>
    <Cell><Data ss:Type="Number">0.31</Data></Cell>
    <Cell><Data ss:Type="Number">-9.98</Data></Cell>
    <Cell><Data ss:Type="Number">0.16</Data></Cell>
    <Cell><Data ss:Type="Number">-9.41</Data></Cell>
    <Cell><Data ss:Type="Number">-0.05</Data></Cell>
    <Cell><Data ss:Type="Number">-0.93</Data></Cell>
    <Cell><Data ss:Type="Number">22.7</Data></Cell>
    <Cell><Data ss:Type="Number">39.6</Data></Cell>
    <Cell><Data ss:Type="Number">0</Data></Cell>
    <Cell><Data ss:Type="Number">0</Data></Cell>
    <Cell><Data ss:Type="String">2023-12-07 16:15:27.279641</Data></Cell>
   </Row>
   <Row>
    <Cell><Data ss:Type="String">826</Data></Cell>
    <Cell><Data ss:Type="Number">0.37</Data></Cell>
    <Cell><Data ss:Type="Number">-10.119999999999999</Data></Cell>
    <Cell><Data ss:Type="Number">0.19</Data></Cell>
    <Cell><Data ss:Type="Number">-9.51</Data></Cell>
    <Cell><Data ss:Type="Number">-0.1</Data></Cell>
    <Cell><Data ss:Type="Number">-0.94</Data></Cell>
    <Cell><Data ss:Type="Number">22.7</Data></Cell>
    <Cell><Data ss:Type="Number">39.6</Data></Cell>
    <Cell><Data ss:Type="Number">0</Data></Cell>
    <Cell><Data ss:Type="Number">0</Data></Cell>
    <Cell><Data ss:Type="String">2023-12-07 16:15:27.233336</Data></Cell>
   </Row>
   <Row>
    <Cell><Data ss:Type="String">825</Data></Cell>
    <Cell><Data ss:Type="Number">0.48</Data></Cell>
    <Cell><Data ss:Type="Number">-10.17</Data></Cell>
    <Cell><Data ss:Type="Number">0.19</Data></Cell>
    <Cell><Data ss:Type="Number">-9.51</Data></Cell>
    <Cell><Data ss:Type="Number">-0.15</Data></Cell>
    <Cell><Data ss:Type="Number">-0.88</Data></Cell>
    <Cell><Data ss:Type="Number">22.7</Data></Cell>
    <Cell><Data ss:Type="Number">39.6</Data></Cell>
    <Cell><Data ss:Type="Number">0</Data></Cell>
    <Cell><Data ss:Type="Number">0</Data></Cell>
    <Cell><Data ss:Type="String">2023-12-07 16:15:27.191056</Data></Cell>
   </Row>
   <Row>
    <Cell><Data ss:Type="String">824</Data></Cell>
    <Cell><Data ss:Type="Number">0.2</Data></Cell>
    <Cell><Data ss:Type="Number">-9.85</Data></Cell>
    <Cell><Data ss:Type="Number">0.36</Data></Cell>
    <Cell><Data ss:Type="Number">-9.3000000000000007</Data></Cell>
    <Cell><Data ss:Type="Number">-7.0000000000000007E-2</Data></Cell>
    <Cell><Data ss:Type="Number">-0.78</Data></Cell>
    <Cell><Data ss:Type="Number">22.7</Data></Cell>
    <Cell><Data ss:Type="Number">39.6</Data></Cell>
    <Cell><Data ss:Type="Number">0</Data></Cell>
    <Cell><Data ss:Type="Number">0</Data></Cell>
    <Cell><Data ss:Type="String">2023-12-07 16:15:27.188047</Data></Cell>
   </Row>
   <Row>
    <Cell><Data ss:Type="String">823</Data></Cell>
    <Cell><Data ss:Type="Number">0.28000000000000003</Data></Cell>
    <Cell><Data ss:Type="Number">-9.98</Data></Cell>
    <Cell><Data ss:Type="Number">0.11</Data></Cell>
    <Cell><Data ss:Type="Number">-9.42</Data></Cell>
    <Cell><Data ss:Type="Number">-0.06</Data></Cell>
    <Cell><Data ss:Type="Number">-0.92</Data></Cell>
    <Cell><Data ss:Type="Number">22.7</Data></Cell>
    <Cell><Data ss:Type="Number">39.6</Data></Cell>
    <Cell><Data ss:Type="Number">0</Data></Cell>
    <Cell><Data ss:Type="Number">0</Data></Cell>
    <Cell><Data ss:Type="String">2023-12-07 16:15:27.145301</Data></Cell>
   </Row>
   <Row>
    <Cell><Data ss:Type="String">822</Data></Cell>
    <Cell><Data ss:Type="Number">0.28000000000000003</Data></Cell>
    <Cell><Data ss:Type="Number">-9.9600000000000009</Data></Cell>
    <Cell><Data ss:Type="Number">0.14000000000000001</Data></Cell>
    <Cell><Data ss:Type="Number">-9.4499999999999993</Data></Cell>
    <Cell><Data ss:Type="Number">-0.09</Data></Cell>
    <Cell><Data ss:Type="Number">-0.95</Data></Cell>
    <Cell><Data ss:Type="Number">22.7</Data></Cell>
    <Cell><Data ss:Type="Number">39.6</Data></Cell>
    <Cell><Data ss:Type="Number">0</Data></Cell>
    <Cell><Data ss:Type="Number">0</Data></Cell>
    <Cell><Data ss:Type="String">2023-12-07 16:15:27.142969</Data></Cell>
   </Row>
   <Row>
    <Cell><Data ss:Type="String">821</Data></Cell>
    <Cell><Data ss:Type="Number">0.31</Data></Cell>
    <Cell><Data ss:Type="Number">-10.15</Data></Cell>
    <Cell><Data ss:Type="Number">0.16</Data></Cell>
    <Cell><Data ss:Type="Number">-9.5399999999999991</Data></Cell>
    <Cell><Data ss:Type="Number">-0.08</Data></Cell>
    <Cell><Data ss:Type="Number">-0.92</Data></Cell>
    <Cell><Data ss:Type="Number">22.7</Data></Cell>
    <Cell><Data ss:Type="Number">39.6</Data></Cell>
    <Cell><Data ss:Type="Number">0</Data></Cell>
    <Cell><Data ss:Type="Number">0</Data></Cell>
    <Cell><Data ss:Type="String">2023-12-07 16:15:27.092243</Data></Cell>
   </Row>
   <Row>
    <Cell><Data ss:Type="String">820</Data></Cell>
    <Cell><Data ss:Type="Number">0.28999999999999998</Data></Cell>
    <Cell><Data ss:Type="Number">-10.199999999999999</Data></Cell>
    <Cell><Data ss:Type="Number">0.18</Data></Cell>
    <Cell><Data ss:Type="Number">-9.51</Data></Cell>
    <Cell><Data ss:Type="Number">-7.0000000000000007E-2</Data></Cell>
    <Cell><Data ss:Type="Number">-0.88</Data></Cell>
    <Cell><Data ss:Type="Number">22.7</Data></Cell>
    <Cell><Data ss:Type="Number">39.6</Data></Cell>
    <Cell><Data ss:Type="Number">0</Data></Cell>
    <Cell><Data ss:Type="Number">0</Data></Cell>
    <Cell><Data ss:Type="String">2023-12-07 16:15:27.034861</Data></Cell>
   </Row>
   <Row>
    <Cell><Data ss:Type="String">819</Data></Cell>
    <Cell><Data ss:Type="Number">0.31</Data></Cell>
    <Cell><Data ss:Type="Number">-10.199999999999999</Data></Cell>
    <Cell><Data ss:Type="Number">0.18</Data></Cell>
    <Cell><Data ss:Type="Number">-9.52</Data></Cell>
    <Cell><Data ss:Type="Number">-0.1</Data></Cell>
    <Cell><Data ss:Type="Number">-0.92</Data></Cell>
    <Cell><Data ss:Type="Number">22.7</Data></Cell>
    <Cell><Data ss:Type="Number">39.6</Data></Cell>
    <Cell><Data ss:Type="Number">0</Data></Cell>
    <Cell><Data ss:Type="Number">0</Data></Cell>
    <Cell><Data ss:Type="String">2023-12-07 16:15:26.992118</Data></Cell>
   </Row>
   <Row>
    <Cell><Data ss:Type="String">818</Data></Cell>
    <Cell><Data ss:Type="Number">0.13</Data></Cell>
    <Cell><Data ss:Type="Number">-9.99</Data></Cell>
    <Cell><Data ss:Type="Number">0.12</Data></Cell>
    <Cell><Data ss:Type="Number">-9.48</Data></Cell>
    <Cell><Data ss:Type="Number">-0.12</Data></Cell>
    <Cell><Data ss:Type="Number">-0.91</Data></Cell>
    <Cell><Data ss:Type="Number">22.7</Data></Cell>
    <Cell><Data ss:Type="Number">39.6</Data></Cell>
    <Cell><Data ss:Type="Number">0</Data></Cell>
    <Cell><Data ss:Type="Number">0</Data></Cell>
    <Cell><Data ss:Type="String">2023-12-07 16:15:26.990657</Data></Cell>
   </Row>
   <Row>
    <Cell><Data ss:Type="String">817</Data></Cell>
    <Cell><Data ss:Type="Number">0.19</Data></Cell>
    <Cell><Data ss:Type="Number">-10.220000000000001</Data></Cell>
    <Cell><Data ss:Type="Number">-7.0000000000000007E-2</Data></Cell>
    <Cell><Data ss:Type="Number">-9.57</Data></Cell>
    <Cell><Data ss:Type="Number">-0.02</Data></Cell>
    <Cell><Data ss:Type="Number">-0.91</Data></Cell>
    <Cell><Data ss:Type="Number">22.7</Data></Cell>
    <Cell><Data ss:Type="Number">39.6</Data></Cell>
    <Cell><Data ss:Type="Number">0</Data></Cell>
    <Cell><Data ss:Type="Number">0</Data></Cell>
    <Cell><Data ss:Type="String">2023-12-07 16:15:26.946452</Data></Cell>
   </Row>
   <Row>
    <Cell><Data ss:Type="String">816</Data></Cell>
    <Cell><Data ss:Type="Number">0.35</Data></Cell>
    <Cell><Data ss:Type="Number">-10.19</Data></Cell>
    <Cell><Data ss:Type="Number">0.08</Data></Cell>
    <Cell><Data ss:Type="Number">-9.5399999999999991</Data></Cell>
    <Cell><Data ss:Type="Number">-0.06</Data></Cell>
    <Cell><Data ss:Type="Number">-0.92</Data></Cell>
    <Cell><Data ss:Type="Number">22.7</Data></Cell>
    <Cell><Data ss:Type="Number">39.6</Data></Cell>
    <Cell><Data ss:Type="Number">0</Data></Cell>
    <Cell><Data ss:Type="Number">0</Data></Cell>
    <Cell><Data ss:Type="String">2023-12-07 16:15:26.944888</Data></Cell>
   </Row>
   <Row>
    <Cell><Data ss:Type="String">815</Data></Cell>
    <Cell><Data ss:Type="Number">0.3</Data></Cell>
    <Cell><Data ss:Type="Number">-9.89</Data></Cell>
    <Cell><Data ss:Type="Number">0.04</Data></Cell>
    <Cell><Data ss:Type="Number">-9.34</Data></Cell>
    <Cell><Data ss:Type="Number">-0.2</Data></Cell>
    <Cell><Data ss:Type="Number">-0.93</Data></Cell>
    <Cell><Data ss:Type="Number">22.7</Data></Cell>
    <Cell><Data ss:Type="Number">39.6</Data></Cell>
    <Cell><Data ss:Type="Number">0</Data></Cell>
    <Cell><Data ss:Type="Number">0</Data></Cell>
    <Cell><Data ss:Type="String">2023-12-07 16:15:26.943369</Data></Cell>
   </Row>
   <Row>
    <Cell><Data ss:Type="String">814</Data></Cell>
    <Cell><Data ss:Type="Number">0.32</Data></Cell>
    <Cell><Data ss:Type="Number">-10</Data></Cell>
    <Cell><Data ss:Type="Number">0.1</Data></Cell>
    <Cell><Data ss:Type="Number">-9.43</Data></Cell>
    <Cell><Data ss:Type="Number">-0.09</Data></Cell>
    <Cell><Data ss:Type="Number">-0.94</Data></Cell>
    <Cell><Data ss:Type="Number">22.7</Data></Cell>
    <Cell><Data ss:Type="Number">39.6</Data></Cell>
    <Cell><Data ss:Type="Number">0</Data></Cell>
    <Cell><Data ss:Type="Number">0</Data></Cell>
    <Cell><Data ss:Type="String">2023-12-07 16:15:26.941455</Data></Cell>
   </Row>
   <Row>
    <Cell><Data ss:Type="String">813</Data></Cell>
    <Cell><Data ss:Type="Number">0.23</Data></Cell>
    <Cell><Data ss:Type="Number">-9.91</Data></Cell>
    <Cell><Data ss:Type="Number">0.01</Data></Cell>
    <Cell><Data ss:Type="Number">-9.43</Data></Cell>
    <Cell><Data ss:Type="Number">-7.0000000000000007E-2</Data></Cell>
    <Cell><Data ss:Type="Number">-0.93</Data></Cell>
    <Cell><Data ss:Type="Number">22.7</Data></Cell>
    <Cell><Data ss:Type="Number">39.6</Data></Cell>
    <Cell><Data ss:Type="Number">0</Data></Cell>
    <Cell><Data ss:Type="Number">0</Data></Cell>
    <Cell><Data ss:Type="String">2023-12-07 16:15:26.938728</Data></Cell>
   </Row>
   <Row>
    <Cell><Data ss:Type="String">812</Data></Cell>
    <Cell><Data ss:Type="Number">0.31</Data></Cell>
    <Cell><Data ss:Type="Number">-10.17</Data></Cell>
    <Cell><Data ss:Type="Number">0.14000000000000001</Data></Cell>
    <Cell><Data ss:Type="Number">-9.5299999999999994</Data></Cell>
    <Cell><Data ss:Type="Number">-0.09</Data></Cell>
    <Cell><Data ss:Type="Number">-0.95</Data></Cell>
    <Cell><Data ss:Type="Number">22.7</Data></Cell>
    <Cell><Data ss:Type="Number">39.6</Data></Cell>
    <Cell><Data ss:Type="Number">0</Data></Cell>
    <Cell><Data ss:Type="Number">0</Data></Cell>
    <Cell><Data ss:Type="String">2023-12-07 16:15:26.936280</Data></Cell>
   </Row>
   <Row>
    <Cell><Data ss:Type="String">811</Data></Cell>
    <Cell><Data ss:Type="Number">0.28999999999999998</Data></Cell>
    <Cell><Data ss:Type="Number">-10.14</Data></Cell>
    <Cell><Data ss:Type="Number">0.11</Data></Cell>
    <Cell><Data ss:Type="Number">-9.5</Data></Cell>
    <Cell><Data ss:Type="Number">-0.09</Data></Cell>
    <Cell><Data ss:Type="Number">-0.9</Data></Cell>
    <Cell><Data ss:Type="Number">22.7</Data></Cell>
    <Cell><Data ss:Type="Number">39.6</Data></Cell>
    <Cell><Data ss:Type="Number">0</Data></Cell>
    <Cell><Data ss:Type="Number">0</Data></Cell>
    <Cell><Data ss:Type="String">2023-12-07 16:15:26.934829</Data></Cell>
   </Row>
   <Row>
    <Cell><Data ss:Type="String">810</Data></Cell>
    <Cell><Data ss:Type="Number">0.25</Data></Cell>
    <Cell><Data ss:Type="Number">-9.99</Data></Cell>
    <Cell><Data ss:Type="Number">0.15</Data></Cell>
    <Cell><Data ss:Type="Number">-9.43</Data></Cell>
    <Cell><Data ss:Type="Number">-0.05</Data></Cell>
    <Cell><Data ss:Type="Number">-0.93</Data></Cell>
    <Cell><Data ss:Type="Number">22.7</Data></Cell>
    <Cell><Data ss:Type="Number">39.6</Data></Cell>
    <Cell><Data ss:Type="Number">0</Data></Cell>
    <Cell><Data ss:Type="Number">0</Data></Cell>
    <Cell><Data ss:Type="String">2023-12-07 16:15:26.698437</Data></Cell>
   </Row>
   <Row>
    <Cell><Data ss:Type="String">809</Data></Cell>
    <Cell><Data ss:Type="Number">0.11</Data></Cell>
    <Cell><Data ss:Type="Number">-10.01</Data></Cell>
    <Cell><Data ss:Type="Number">7.0000000000000007E-2</Data></Cell>
    <Cell><Data ss:Type="Number">-9.4499999999999993</Data></Cell>
    <Cell><Data ss:Type="Number">-0.1</Data></Cell>
    <Cell><Data ss:Type="Number">-0.96</Data></Cell>
    <Cell><Data ss:Type="Number">22.7</Data></Cell>
    <Cell><Data ss:Type="Number">39.6</Data></Cell>
    <Cell><Data ss:Type="Number">0</Data></Cell>
    <Cell><Data ss:Type="Number">0</Data></Cell>
    <Cell><Data ss:Type="String">2023-12-07 16:15:26.655652</Data></Cell>
   </Row>
   <Row>
    <Cell><Data ss:Type="String">808</Data></Cell>
    <Cell><Data ss:Type="Number">0.27</Data></Cell>
    <Cell><Data ss:Type="Number">-9.94</Data></Cell>
    <Cell><Data ss:Type="Number">0.03</Data></Cell>
    <Cell><Data ss:Type="Number">-9.48</Data></Cell>
    <Cell><Data ss:Type="Number">-0.05</Data></Cell>
    <Cell><Data ss:Type="Number">-0.88</Data></Cell>
    <Cell><Data ss:Type="Number">22.7</Data></Cell>
    <Cell><Data ss:Type="Number">39.6</Data></Cell>
    <Cell><Data ss:Type="Number">0</Data></Cell>
    <Cell><Data ss:Type="Number">0</Data></Cell>
    <Cell><Data ss:Type="String">2023-12-07 16:15:26.652944</Data></Cell>
   </Row>
   <Row>
    <Cell><Data ss:Type="String">807</Data></Cell>
    <Cell><Data ss:Type="Number">0.35</Data></Cell>
    <Cell><Data ss:Type="Number">-10.220000000000001</Data></Cell>
    <Cell><Data ss:Type="Number">0.12</Data></Cell>
    <Cell><Data ss:Type="Number">-9.5399999999999991</Data></Cell>
    <Cell><Data ss:Type="Number">-0.11</Data></Cell>
    <Cell><Data ss:Type="Number">-0.95</Data></Cell>
    <Cell><Data ss:Type="Number">22.7</Data></Cell>
    <Cell><Data ss:Type="Number">39.6</Data></Cell>
    <Cell><Data ss:Type="Number">0</Data></Cell>
    <Cell><Data ss:Type="Number">0</Data></Cell>
    <Cell><Data ss:Type="String">2023-12-07 16:15:26.608948</Data></Cell>
   </Row>
   <Row>
    <Cell><Data ss:Type="String">806</Data></Cell>
    <Cell><Data ss:Type="Number">0.25</Data></Cell>
    <Cell><Data ss:Type="Number">-10.210000000000001</Data></Cell>
    <Cell><Data ss:Type="Number">0.21</Data></Cell>
    <Cell><Data ss:Type="Number">-9.48</Data></Cell>
    <Cell><Data ss:Type="Number">-0.06</Data></Cell>
    <Cell><Data ss:Type="Number">-0.88</Data></Cell>
    <Cell><Data ss:Type="Number">22.7</Data></Cell>
    <Cell><Data ss:Type="Number">39.6</Data></Cell>
    <Cell><Data ss:Type="Number">0</Data></Cell>
    <Cell><Data ss:Type="Number">0</Data></Cell>
    <Cell><Data ss:Type="String">2023-12-07 16:15:26.564813</Data></Cell>
   </Row>
   <Row>
    <Cell><Data ss:Type="String">805</Data></Cell>
    <Cell><Data ss:Type="Number">0.32</Data></Cell>
    <Cell><Data ss:Type="Number">-9.9700000000000006</Data></Cell>
    <Cell><Data ss:Type="Number">0.15</Data></Cell>
    <Cell><Data ss:Type="Number">-9.41</Data></Cell>
    <Cell><Data ss:Type="Number">-0.06</Data></Cell>
    <Cell><Data ss:Type="Number">-0.92</Data></Cell>
    <Cell><Data ss:Type="Number">22.7</Data></Cell>
    <Cell><Data ss:Type="Number">39.6</Data></Cell>
    <Cell><Data ss:Type="Number">0</Data></Cell>
    <Cell><Data ss:Type="Number">0</Data></Cell>
    <Cell><Data ss:Type="String">2023-12-07 16:15:26.562909</Data></Cell>
   </Row>
   <Row>
    <Cell><Data ss:Type="String">804</Data></Cell>
    <Cell><Data ss:Type="Number">0.34</Data></Cell>
    <Cell><Data ss:Type="Number">-10.14</Data></Cell>
    <Cell><Data ss:Type="Number">0.13</Data></Cell>
    <Cell><Data ss:Type="Number">-9.52</Data></Cell>
    <Cell><Data ss:Type="Number">-0.11</Data></Cell>
    <Cell><Data ss:Type="Number">-0.96</Data></Cell>
    <Cell><Data ss:Type="Number">22.7</Data></Cell>
    <Cell><Data ss:Type="Number">39.6</Data></Cell>
    <Cell><Data ss:Type="Number">0</Data></Cell>
    <Cell><Data ss:Type="Number">0</Data></Cell>
    <Cell><Data ss:Type="String">2023-12-07 16:15:26.514188</Data></Cell>
   </Row>
   <Row>
    <Cell><Data ss:Type="String">803</Data></Cell>
    <Cell><Data ss:Type="Number">0.27</Data></Cell>
    <Cell><Data ss:Type="Number">-10.18</Data></Cell>
    <Cell><Data ss:Type="Number">0.21</Data></Cell>
    <Cell><Data ss:Type="Number">-9.52</Data></Cell>
    <Cell><Data ss:Type="Number">-0.06</Data></Cell>
    <Cell><Data ss:Type="Number">-0.88</Data></Cell>
    <Cell><Data ss:Type="Number">22.7</Data></Cell>
    <Cell><Data ss:Type="Number">39.6</Data></Cell>
    <Cell><Data ss:Type="Number">0</Data></Cell>
    <Cell><Data ss:Type="Number">0</Data></Cell>
    <Cell><Data ss:Type="String">2023-12-07 16:15:26.468643</Data></Cell>
   </Row>
   <Row>
    <Cell><Data ss:Type="String">802</Data></Cell>
    <Cell><Data ss:Type="Number">0.4</Data></Cell>
    <Cell><Data ss:Type="Number">-10.220000000000001</Data></Cell>
    <Cell><Data ss:Type="Number">0.1</Data></Cell>
    <Cell><Data ss:Type="Number">-9.56</Data></Cell>
    <Cell><Data ss:Type="Number">-0.06</Data></Cell>
    <Cell><Data ss:Type="Number">-0.94</Data></Cell>
    <Cell><Data ss:Type="Number">22.7</Data></Cell>
    <Cell><Data ss:Type="Number">39.6</Data></Cell>
    <Cell><Data ss:Type="Number">0</Data></Cell>
    <Cell><Data ss:Type="Number">0</Data></Cell>
    <Cell><Data ss:Type="String">2023-12-07 16:15:26.425804</Data></Cell>
   </Row>
   <Row>
    <Cell><Data ss:Type="String">801</Data></Cell>
    <Cell><Data ss:Type="Number">0.33</Data></Cell>
    <Cell><Data ss:Type="Number">-9.9499999999999993</Data></Cell>
    <Cell><Data ss:Type="Number">0.16</Data></Cell>
    <Cell><Data ss:Type="Number">-9.42</Data></Cell>
    <Cell><Data ss:Type="Number">-0.09</Data></Cell>
    <Cell><Data ss:Type="Number">-0.92</Data></Cell>
    <Cell><Data ss:Type="Number">22.7</Data></Cell>
    <Cell><Data ss:Type="Number">39.6</Data></Cell>
    <Cell><Data ss:Type="Number">0</Data></Cell>
    <Cell><Data ss:Type="Number">0</Data></Cell>
    <Cell><Data ss:Type="String">2023-12-07 16:15:26.423202</Data></Cell>
   </Row>
   <Row>
    <Cell><Data ss:Type="String">800</Data></Cell>
    <Cell><Data ss:Type="Number">0.28999999999999998</Data></Cell>
    <Cell><Data ss:Type="Number">-9.9600000000000009</Data></Cell>
    <Cell><Data ss:Type="Number">0.11</Data></Cell>
    <Cell><Data ss:Type="Number">-9.41</Data></Cell>
    <Cell><Data ss:Type="Number">-0.08</Data></Cell>
    <Cell><Data ss:Type="Number">-0.9</Data></Cell>
    <Cell><Data ss:Type="Number">22.7</Data></Cell>
    <Cell><Data ss:Type="Number">39.6</Data></Cell>
    <Cell><Data ss:Type="Number">0</Data></Cell>
    <Cell><Data ss:Type="Number">0</Data></Cell>
    <Cell><Data ss:Type="String">2023-12-07 16:15:26.377353</Data></Cell>
   </Row>
   <Row>
    <Cell><Data ss:Type="String">799</Data></Cell>
    <Cell><Data ss:Type="Number">0.23</Data></Cell>
    <Cell><Data ss:Type="Number">-10.1</Data></Cell>
    <Cell><Data ss:Type="Number">0.03</Data></Cell>
    <Cell><Data ss:Type="Number">-9.5399999999999991</Data></Cell>
    <Cell><Data ss:Type="Number">-0.05</Data></Cell>
    <Cell><Data ss:Type="Number">-1.02</Data></Cell>
    <Cell><Data ss:Type="Number">22.7</Data></Cell>
    <Cell><Data ss:Type="Number">39.6</Data></Cell>
    <Cell><Data ss:Type="Number">0</Data></Cell>
    <Cell><Data ss:Type="Number">0</Data></Cell>
    <Cell><Data ss:Type="String">2023-12-07 16:15:26.331574</Data></Cell>
   </Row>
   <Row>
    <Cell><Data ss:Type="String">798</Data></Cell>
    <Cell><Data ss:Type="Number">0.35</Data></Cell>
    <Cell><Data ss:Type="Number">-10.130000000000001</Data></Cell>
    <Cell><Data ss:Type="Number">0.25</Data></Cell>
    <Cell><Data ss:Type="Number">-9.48</Data></Cell>
    <Cell><Data ss:Type="Number">-0.12</Data></Cell>
    <Cell><Data ss:Type="Number">-0.86</Data></Cell>
    <Cell><Data ss:Type="Number">22.7</Data></Cell>
    <Cell><Data ss:Type="Number">39.6</Data></Cell>
    <Cell><Data ss:Type="Number">0</Data></Cell>
    <Cell><Data ss:Type="Number">0</Data></Cell>
    <Cell><Data ss:Type="String">2023-12-07 16:15:26.287229</Data></Cell>
   </Row>
   <Row>
    <Cell><Data ss:Type="String">797</Data></Cell>
    <Cell><Data ss:Type="Number">0.3</Data></Cell>
    <Cell><Data ss:Type="Number">-10.08</Data></Cell>
    <Cell><Data ss:Type="Number">0.21</Data></Cell>
    <Cell><Data ss:Type="Number">-9.48</Data></Cell>
    <Cell><Data ss:Type="Number">-0.25</Data></Cell>
    <Cell><Data ss:Type="Number">-0.94</Data></Cell>
    <Cell><Data ss:Type="Number">22.7</Data></Cell>
    <Cell><Data ss:Type="Number">39.6</Data></Cell>
    <Cell><Data ss:Type="Number">0</Data></Cell>
    <Cell><Data ss:Type="Number">0</Data></Cell>
    <Cell><Data ss:Type="String">2023-12-07 16:15:26.285313</Data></Cell>
   </Row>
   <Row>
    <Cell><Data ss:Type="String">796</Data></Cell>
    <Cell><Data ss:Type="Number">0.24</Data></Cell>
    <Cell><Data ss:Type="Number">-10.43</Data></Cell>
    <Cell><Data ss:Type="Number">0.09</Data></Cell>
    <Cell><Data ss:Type="Number">-9.56</Data></Cell>
    <Cell><Data ss:Type="Number">0.01</Data></Cell>
    <Cell><Data ss:Type="Number">-0.95</Data></Cell>
    <Cell><Data ss:Type="Number">22.7</Data></Cell>
    <Cell><Data ss:Type="Number">39.6</Data></Cell>
    <Cell><Data ss:Type="Number">0</Data></Cell>
    <Cell><Data ss:Type="Number">0</Data></Cell>
    <Cell><Data ss:Type="String">2023-12-07 16:15:26.241482</Data></Cell>
   </Row>
   <Row>
    <Cell><Data ss:Type="String">795</Data></Cell>
    <Cell><Data ss:Type="Number">0.3</Data></Cell>
    <Cell><Data ss:Type="Number">-9.9600000000000009</Data></Cell>
    <Cell><Data ss:Type="Number">7.0000000000000007E-2</Data></Cell>
    <Cell><Data ss:Type="Number">-9.4499999999999993</Data></Cell>
    <Cell><Data ss:Type="Number">-0.08</Data></Cell>
    <Cell><Data ss:Type="Number">-0.95</Data></Cell>
    <Cell><Data ss:Type="Number">22.7</Data></Cell>
    <Cell><Data ss:Type="Number">39.6</Data></Cell>
    <Cell><Data ss:Type="Number">0</Data></Cell>
    <Cell><Data ss:Type="Number">0</Data></Cell>
    <Cell><Data ss:Type="String">2023-12-07 16:15:26.193920</Data></Cell>
   </Row>
   <Row>
    <Cell><Data ss:Type="String">794</Data></Cell>
    <Cell><Data ss:Type="Number">0.33</Data></Cell>
    <Cell><Data ss:Type="Number">-10.06</Data></Cell>
    <Cell><Data ss:Type="Number">0.12</Data></Cell>
    <Cell><Data ss:Type="Number">-9.5</Data></Cell>
    <Cell><Data ss:Type="Number">-0.1</Data></Cell>
    <Cell><Data ss:Type="Number">-0.93</Data></Cell>
    <Cell><Data ss:Type="Number">22.7</Data></Cell>
    <Cell><Data ss:Type="Number">39.6</Data></Cell>
    <Cell><Data ss:Type="Number">0</Data></Cell>
    <Cell><Data ss:Type="Number">0</Data></Cell>
    <Cell><Data ss:Type="String">2023-12-07 16:15:26.150613</Data></Cell>
   </Row>
   <Row>
    <Cell><Data ss:Type="String">793</Data></Cell>
    <Cell><Data ss:Type="Number">0.23</Data></Cell>
    <Cell><Data ss:Type="Number">-10.24</Data></Cell>
    <Cell><Data ss:Type="Number">0.25</Data></Cell>
    <Cell><Data ss:Type="Number">-9.5399999999999991</Data></Cell>
    <Cell><Data ss:Type="Number">-0.09</Data></Cell>
    <Cell><Data ss:Type="Number">-0.86</Data></Cell>
    <Cell><Data ss:Type="Number">22.7</Data></Cell>
    <Cell><Data ss:Type="Number">39.6</Data></Cell>
    <Cell><Data ss:Type="Number">0</Data></Cell>
    <Cell><Data ss:Type="Number">0</Data></Cell>
    <Cell><Data ss:Type="String">2023-12-07 16:15:26.148868</Data></Cell>
   </Row>
   <Row>
    <Cell><Data ss:Type="String">792</Data></Cell>
    <Cell><Data ss:Type="Number">0.3</Data></Cell>
    <Cell><Data ss:Type="Number">-10.199999999999999</Data></Cell>
    <Cell><Data ss:Type="Number">0.1</Data></Cell>
    <Cell><Data ss:Type="Number">-9.51</Data></Cell>
    <Cell><Data ss:Type="Number">-0.09</Data></Cell>
    <Cell><Data ss:Type="Number">-0.94</Data></Cell>
    <Cell><Data ss:Type="Number">22.7</Data></Cell>
    <Cell><Data ss:Type="Number">39.6</Data></Cell>
    <Cell><Data ss:Type="Number">0</Data></Cell>
    <Cell><Data ss:Type="Number">0</Data></Cell>
    <Cell><Data ss:Type="String">2023-12-07 16:15:26.102855</Data></Cell>
   </Row>
   <Row>
    <Cell><Data ss:Type="String">791</Data></Cell>
    <Cell><Data ss:Type="Number">0.25</Data></Cell>
    <Cell><Data ss:Type="Number">-10.199999999999999</Data></Cell>
    <Cell><Data ss:Type="Number">0.18</Data></Cell>
    <Cell><Data ss:Type="Number">-9.52</Data></Cell>
    <Cell><Data ss:Type="Number">-0.06</Data></Cell>
    <Cell><Data ss:Type="Number">-0.92</Data></Cell>
    <Cell><Data ss:Type="Number">22.7</Data></Cell>
    <Cell><Data ss:Type="Number">39.6</Data></Cell>
    <Cell><Data ss:Type="Number">0</Data></Cell>
    <Cell><Data ss:Type="Number">0</Data></Cell>
    <Cell><Data ss:Type="String">2023-12-07 16:15:26.044549</Data></Cell>
   </Row>
   <Row>
    <Cell><Data ss:Type="String">790</Data></Cell>
    <Cell><Data ss:Type="Number">0.3</Data></Cell>
    <Cell><Data ss:Type="Number">-10.18</Data></Cell>
    <Cell><Data ss:Type="Number">0.23</Data></Cell>
    <Cell><Data ss:Type="Number">-9.44</Data></Cell>
    <Cell><Data ss:Type="Number">-7.0000000000000007E-2</Data></Cell>
    <Cell><Data ss:Type="Number">-0.89</Data></Cell>
    <Cell><Data ss:Type="Number">22.7</Data></Cell>
    <Cell><Data ss:Type="Number">39.6</Data></Cell>
    <Cell><Data ss:Type="Number">0</Data></Cell>
    <Cell><Data ss:Type="Number">0</Data></Cell>
    <Cell><Data ss:Type="String">2023-12-07 16:15:26.042758</Data></Cell>
   </Row>
   <Row>
    <Cell><Data ss:Type="String">789</Data></Cell>
    <Cell><Data ss:Type="Number">0.23</Data></Cell>
    <Cell><Data ss:Type="Number">-9.94</Data></Cell>
    <Cell><Data ss:Type="Number">0.12</Data></Cell>
    <Cell><Data ss:Type="Number">-9.4499999999999993</Data></Cell>
    <Cell><Data ss:Type="Number">-7.0000000000000007E-2</Data></Cell>
    <Cell><Data ss:Type="Number">-0.98</Data></Cell>
    <Cell><Data ss:Type="Number">22.7</Data></Cell>
    <Cell><Data ss:Type="Number">39.6</Data></Cell>
    <Cell><Data ss:Type="Number">0</Data></Cell>
    <Cell><Data ss:Type="Number">0</Data></Cell>
    <Cell><Data ss:Type="String">2023-12-07 16:15:25.996442</Data></Cell>
   </Row>
   <Row>
    <Cell><Data ss:Type="String">788</Data></Cell>
    <Cell><Data ss:Type="Number">0.28000000000000003</Data></Cell>
    <Cell><Data ss:Type="Number">-9.99</Data></Cell>
    <Cell><Data ss:Type="Number">0.08</Data></Cell>
    <Cell><Data ss:Type="Number">-9.43</Data></Cell>
    <Cell><Data ss:Type="Number">-7.0000000000000007E-2</Data></Cell>
    <Cell><Data ss:Type="Number">-0.93</Data></Cell>
    <Cell><Data ss:Type="Number">22.7</Data></Cell>
    <Cell><Data ss:Type="Number">39.6</Data></Cell>
    <Cell><Data ss:Type="Number">0</Data></Cell>
    <Cell><Data ss:Type="Number">0</Data></Cell>
    <Cell><Data ss:Type="String">2023-12-07 16:15:25.955374</Data></Cell>
   </Row>
   <Row>
    <Cell><Data ss:Type="String">787</Data></Cell>
    <Cell><Data ss:Type="Number">0.25</Data></Cell>
    <Cell><Data ss:Type="Number">-10.119999999999999</Data></Cell>
    <Cell><Data ss:Type="Number">0.11</Data></Cell>
    <Cell><Data ss:Type="Number">-9.5399999999999991</Data></Cell>
    <Cell><Data ss:Type="Number">-0.06</Data></Cell>
    <Cell><Data ss:Type="Number">-0.91</Data></Cell>
    <Cell><Data ss:Type="Number">22.7</Data></Cell>
    <Cell><Data ss:Type="Number">39.6</Data></Cell>
    <Cell><Data ss:Type="Number">0</Data></Cell>
    <Cell><Data ss:Type="Number">0</Data></Cell>
    <Cell><Data ss:Type="String">2023-12-07 16:15:25.952814</Data></Cell>
   </Row>
   <Row>
    <Cell><Data ss:Type="String">786</Data></Cell>
    <Cell><Data ss:Type="Number">0.27</Data></Cell>
    <Cell><Data ss:Type="Number">-10.16</Data></Cell>
    <Cell><Data ss:Type="Number">0.17</Data></Cell>
    <Cell><Data ss:Type="Number">-9.51</Data></Cell>
    <Cell><Data ss:Type="Number">-7.0000000000000007E-2</Data></Cell>
    <Cell><Data ss:Type="Number">-0.9</Data></Cell>
    <Cell><Data ss:Type="Number">22.7</Data></Cell>
    <Cell><Data ss:Type="Number">39.6</Data></Cell>
    <Cell><Data ss:Type="Number">0</Data></Cell>
    <Cell><Data ss:Type="Number">0</Data></Cell>
    <Cell><Data ss:Type="String">2023-12-07 16:15:25.905972</Data></Cell>
   </Row>
   <Row>
    <Cell><Data ss:Type="String">785</Data></Cell>
    <Cell><Data ss:Type="Number">0.21</Data></Cell>
    <Cell><Data ss:Type="Number">-10.1</Data></Cell>
    <Cell><Data ss:Type="Number">0.14000000000000001</Data></Cell>
    <Cell><Data ss:Type="Number">-9.43</Data></Cell>
    <Cell><Data ss:Type="Number">-0.09</Data></Cell>
    <Cell><Data ss:Type="Number">-0.86</Data></Cell>
    <Cell><Data ss:Type="Number">22.7</Data></Cell>
    <Cell><Data ss:Type="Number">39.6</Data></Cell>
    <Cell><Data ss:Type="Number">0</Data></Cell>
    <Cell><Data ss:Type="Number">0</Data></Cell>
    <Cell><Data ss:Type="String">2023-12-07 16:15:25.860040</Data></Cell>
   </Row>
   <Row>
    <Cell><Data ss:Type="String">784</Data></Cell>
    <Cell><Data ss:Type="Number">0.27</Data></Cell>
    <Cell><Data ss:Type="Number">-10.01</Data></Cell>
    <Cell><Data ss:Type="Number">0.02</Data></Cell>
    <Cell><Data ss:Type="Number">-9.44</Data></Cell>
    <Cell><Data ss:Type="Number">-0.08</Data></Cell>
    <Cell><Data ss:Type="Number">-0.97</Data></Cell>
    <Cell><Data ss:Type="Number">22.7</Data></Cell>
    <Cell><Data ss:Type="Number">39.6</Data></Cell>
    <Cell><Data ss:Type="Number">0</Data></Cell>
    <Cell><Data ss:Type="Number">0</Data></Cell>
    <Cell><Data ss:Type="String">2023-12-07 16:15:25.815424</Data></Cell>
   </Row>
   <Row>
    <Cell><Data ss:Type="String">783</Data></Cell>
    <Cell><Data ss:Type="Number">0.21</Data></Cell>
    <Cell><Data ss:Type="Number">-9.99</Data></Cell>
    <Cell><Data ss:Type="Number">0.16</Data></Cell>
    <Cell><Data ss:Type="Number">-9.48</Data></Cell>
    <Cell><Data ss:Type="Number">-0.02</Data></Cell>
    <Cell><Data ss:Type="Number">-0.89</Data></Cell>
    <Cell><Data ss:Type="Number">22.7</Data></Cell>
    <Cell><Data ss:Type="Number">39.6</Data></Cell>
    <Cell><Data ss:Type="Number">0</Data></Cell>
    <Cell><Data ss:Type="Number">0</Data></Cell>
    <Cell><Data ss:Type="String">2023-12-07 16:15:25.813705</Data></Cell>
   </Row>
   <Row>
    <Cell><Data ss:Type="String">782</Data></Cell>
    <Cell><Data ss:Type="Number">0.27</Data></Cell>
    <Cell><Data ss:Type="Number">-9.9600000000000009</Data></Cell>
    <Cell><Data ss:Type="Number">0.03</Data></Cell>
    <Cell><Data ss:Type="Number">-9.41</Data></Cell>
    <Cell><Data ss:Type="Number">-0.04</Data></Cell>
    <Cell><Data ss:Type="Number">-0.96</Data></Cell>
    <Cell><Data ss:Type="Number">22.7</Data></Cell>
    <Cell><Data ss:Type="Number">39.6</Data></Cell>
    <Cell><Data ss:Type="Number">0</Data></Cell>
    <Cell><Data ss:Type="Number">0</Data></Cell>
    <Cell><Data ss:Type="String">2023-12-07 16:15:25.768423</Data></Cell>
   </Row>
   <Row>
    <Cell><Data ss:Type="String">781</Data></Cell>
    <Cell><Data ss:Type="Number">0.2</Data></Cell>
    <Cell><Data ss:Type="Number">-10.02</Data></Cell>
    <Cell><Data ss:Type="Number">0.12</Data></Cell>
    <Cell><Data ss:Type="Number">-9.52</Data></Cell>
    <Cell><Data ss:Type="Number">-0.17</Data></Cell>
    <Cell><Data ss:Type="Number">-0.95</Data></Cell>
    <Cell><Data ss:Type="Number">22.7</Data></Cell>
    <Cell><Data ss:Type="Number">39.6</Data></Cell>
    <Cell><Data ss:Type="Number">0</Data></Cell>
    <Cell><Data ss:Type="Number">0</Data></Cell>
    <Cell><Data ss:Type="String">2023-12-07 16:15:25.719334</Data></Cell>
   </Row>
   <Row>
    <Cell><Data ss:Type="String">780</Data></Cell>
    <Cell><Data ss:Type="Number">0.24</Data></Cell>
    <Cell><Data ss:Type="Number">-10.09</Data></Cell>
    <Cell><Data ss:Type="Number">-0.1</Data></Cell>
    <Cell><Data ss:Type="Number">-9.4600000000000009</Data></Cell>
    <Cell><Data ss:Type="Number">-0.04</Data></Cell>
    <Cell><Data ss:Type="Number">-0.85</Data></Cell>
    <Cell><Data ss:Type="Number">22.7</Data></Cell>
    <Cell><Data ss:Type="Number">39.6</Data></Cell>
    <Cell><Data ss:Type="Number">0</Data></Cell>
    <Cell><Data ss:Type="Number">0</Data></Cell>
    <Cell><Data ss:Type="String">2023-12-07 16:15:25.717613</Data></Cell>
   </Row>
   <Row>
    <Cell><Data ss:Type="String">779</Data></Cell>
    <Cell><Data ss:Type="Number">-0.09</Data></Cell>
    <Cell><Data ss:Type="Number">-10.08</Data></Cell>
    <Cell><Data ss:Type="Number">-0.03</Data></Cell>
    <Cell><Data ss:Type="Number">-9.39</Data></Cell>
    <Cell><Data ss:Type="Number">0.12</Data></Cell>
    <Cell><Data ss:Type="Number">-1.02</Data></Cell>
    <Cell><Data ss:Type="Number">22.7</Data></Cell>
    <Cell><Data ss:Type="Number">39.6</Data></Cell>
    <Cell><Data ss:Type="Number">0</Data></Cell>
    <Cell><Data ss:Type="Number">0</Data></Cell>
    <Cell><Data ss:Type="String">2023-12-07 16:15:25.716001</Data></Cell>
   </Row>
   <Row>
    <Cell><Data ss:Type="String">778</Data></Cell>
    <Cell><Data ss:Type="Number">0.34</Data></Cell>
    <Cell><Data ss:Type="Number">-8.8000000000000007</Data></Cell>
    <Cell><Data ss:Type="Number">0.28999999999999998</Data></Cell>
    <Cell><Data ss:Type="Number">-9.1199999999999992</Data></Cell>
    <Cell><Data ss:Type="Number">-0.17</Data></Cell>
    <Cell><Data ss:Type="Number">-0.88</Data></Cell>
    <Cell><Data ss:Type="Number">22.7</Data></Cell>
    <Cell><Data ss:Type="Number">39.6</Data></Cell>
    <Cell><Data ss:Type="Number">0</Data></Cell>
    <Cell><Data ss:Type="Number">0</Data></Cell>
    <Cell><Data ss:Type="String">2023-12-07 16:15:25.714535</Data></Cell>
   </Row>
   <Row>
    <Cell><Data ss:Type="String">777</Data></Cell>
    <Cell><Data ss:Type="Number">0.31</Data></Cell>
    <Cell><Data ss:Type="Number">-9.99</Data></Cell>
    <Cell><Data ss:Type="Number">0.02</Data></Cell>
    <Cell><Data ss:Type="Number">-9.41</Data></Cell>
    <Cell><Data ss:Type="Number">-0.08</Data></Cell>
    <Cell><Data ss:Type="Number">-0.96</Data></Cell>
    <Cell><Data ss:Type="Number">22.7</Data></Cell>
    <Cell><Data ss:Type="Number">39.6</Data></Cell>
    <Cell><Data ss:Type="Number">0</Data></Cell>
    <Cell><Data ss:Type="Number">0</Data></Cell>
    <Cell><Data ss:Type="String">2023-12-07 16:15:25.712981</Data></Cell>
   </Row>
   <Row>
    <Cell><Data ss:Type="String">776</Data></Cell>
    <Cell><Data ss:Type="Number">0.32</Data></Cell>
    <Cell><Data ss:Type="Number">-10.02</Data></Cell>
    <Cell><Data ss:Type="Number">0.08</Data></Cell>
    <Cell><Data ss:Type="Number">-9.48</Data></Cell>
    <Cell><Data ss:Type="Number">-0.1</Data></Cell>
    <Cell><Data ss:Type="Number">-0.96</Data></Cell>
    <Cell><Data ss:Type="Number">22.7</Data></Cell>
    <Cell><Data ss:Type="Number">39.6</Data></Cell>
    <Cell><Data ss:Type="Number">0</Data></Cell>
    <Cell><Data ss:Type="Number">0</Data></Cell>
    <Cell><Data ss:Type="String">2023-12-07 16:15:25.711223</Data></Cell>
   </Row>
   <Row>
    <Cell><Data ss:Type="String">775</Data></Cell>
    <Cell><Data ss:Type="Number">0.28999999999999998</Data></Cell>
    <Cell><Data ss:Type="Number">-10.039999999999999</Data></Cell>
    <Cell><Data ss:Type="Number">0.12</Data></Cell>
    <Cell><Data ss:Type="Number">-9.51</Data></Cell>
    <Cell><Data ss:Type="Number">-0.03</Data></Cell>
    <Cell><Data ss:Type="Number">-0.87</Data></Cell>
    <Cell><Data ss:Type="Number">22.7</Data></Cell>
    <Cell><Data ss:Type="Number">39.6</Data></Cell>
    <Cell><Data ss:Type="Number">0</Data></Cell>
    <Cell><Data ss:Type="Number">0</Data></Cell>
    <Cell><Data ss:Type="String">2023-12-07 16:15:25.709143</Data></Cell>
   </Row>
   <Row>
    <Cell><Data ss:Type="String">774</Data></Cell>
    <Cell><Data ss:Type="Number">0.31</Data></Cell>
    <Cell><Data ss:Type="Number">-10.17</Data></Cell>
    <Cell><Data ss:Type="Number">0.12</Data></Cell>
    <Cell><Data ss:Type="Number">-9.5500000000000007</Data></Cell>
    <Cell><Data ss:Type="Number">-0.08</Data></Cell>
    <Cell><Data ss:Type="Number">-0.95</Data></Cell>
    <Cell><Data ss:Type="Number">22.7</Data></Cell>
    <Cell><Data ss:Type="Number">39.6</Data></Cell>
    <Cell><Data ss:Type="Number">0</Data></Cell>
    <Cell><Data ss:Type="Number">0</Data></Cell>
    <Cell><Data ss:Type="String">2023-12-07 16:15:25.478461</Data></Cell>
   </Row>
   <Row>
    <Cell><Data ss:Type="String">773</Data></Cell>
    <Cell><Data ss:Type="Number">0.23</Data></Cell>
    <Cell><Data ss:Type="Number">-9.98</Data></Cell>
    <Cell><Data ss:Type="Number">0.17</Data></Cell>
    <Cell><Data ss:Type="Number">-9.39</Data></Cell>
    <Cell><Data ss:Type="Number">-0.06</Data></Cell>
    <Cell><Data ss:Type="Number">-0.86</Data></Cell>
    <Cell><Data ss:Type="Number">22.7</Data></Cell>
    <Cell><Data ss:Type="Number">39.6</Data></Cell>
    <Cell><Data ss:Type="Number">0</Data></Cell>
    <Cell><Data ss:Type="Number">0</Data></Cell>
    <Cell><Data ss:Type="String">2023-12-07 16:15:25.476704</Data></Cell>
   </Row>
   <Row>
    <Cell><Data ss:Type="String">772</Data></Cell>
    <Cell><Data ss:Type="Number">0.27</Data></Cell>
    <Cell><Data ss:Type="Number">-10.07</Data></Cell>
    <Cell><Data ss:Type="Number">0.01</Data></Cell>
    <Cell><Data ss:Type="Number">-9.49</Data></Cell>
    <Cell><Data ss:Type="Number">-0.08</Data></Cell>
    <Cell><Data ss:Type="Number">-0.95</Data></Cell>
    <Cell><Data ss:Type="Number">22.7</Data></Cell>
    <Cell><Data ss:Type="Number">39.6</Data></Cell>
    <Cell><Data ss:Type="Number">0</Data></Cell>
    <Cell><Data ss:Type="Number">0</Data></Cell>
    <Cell><Data ss:Type="String">2023-12-07 16:15:25.430659</Data></Cell>
   </Row>
   <Row>
    <Cell><Data ss:Type="String">771</Data></Cell>
    <Cell><Data ss:Type="Number">0.3</Data></Cell>
    <Cell><Data ss:Type="Number">-10.11</Data></Cell>
    <Cell><Data ss:Type="Number">0.13</Data></Cell>
    <Cell><Data ss:Type="Number">-9.5399999999999991</Data></Cell>
    <Cell><Data ss:Type="Number">-7.0000000000000007E-2</Data></Cell>
    <Cell><Data ss:Type="Number">-0.96</Data></Cell>
    <Cell><Data ss:Type="Number">22.7</Data></Cell>
    <Cell><Data ss:Type="Number">39.6</Data></Cell>
    <Cell><Data ss:Type="Number">0</Data></Cell>
    <Cell><Data ss:Type="Number">0</Data></Cell>
    <Cell><Data ss:Type="String">2023-12-07 16:15:25.383927</Data></Cell>
   </Row>
   <Row>
    <Cell><Data ss:Type="String">770</Data></Cell>
    <Cell><Data ss:Type="Number">0.43</Data></Cell>
    <Cell><Data ss:Type="Number">-9.93</Data></Cell>
    <Cell><Data ss:Type="Number">0.21</Data></Cell>
    <Cell><Data ss:Type="Number">-9.42</Data></Cell>
    <Cell><Data ss:Type="Number">-0.16</Data></Cell>
    <Cell><Data ss:Type="Number">-0.94</Data></Cell>
    <Cell><Data ss:Type="Number">22.7</Data></Cell>
    <Cell><Data ss:Type="Number">39.6</Data></Cell>
    <Cell><Data ss:Type="Number">0</Data></Cell>
    <Cell><Data ss:Type="Number">0</Data></Cell>
    <Cell><Data ss:Type="String">2023-12-07 16:15:25.334999</Data></Cell>
   </Row>
   <Row>
    <Cell><Data ss:Type="String">769</Data></Cell>
    <Cell><Data ss:Type="Number">0.18</Data></Cell>
    <Cell><Data ss:Type="Number">-10.02</Data></Cell>
    <Cell><Data ss:Type="Number">7.0000000000000007E-2</Data></Cell>
    <Cell><Data ss:Type="Number">-9.4499999999999993</Data></Cell>
    <Cell><Data ss:Type="Number">-0.09</Data></Cell>
    <Cell><Data ss:Type="Number">-0.89</Data></Cell>
    <Cell><Data ss:Type="Number">22.7</Data></Cell>
    <Cell><Data ss:Type="Number">39.6</Data></Cell>
    <Cell><Data ss:Type="Number">0</Data></Cell>
    <Cell><Data ss:Type="Number">0</Data></Cell>
    <Cell><Data ss:Type="String">2023-12-07 16:15:25.333051</Data></Cell>
   </Row>
   <Row>
    <Cell><Data ss:Type="String">768</Data></Cell>
    <Cell><Data ss:Type="Number">-7.0000000000000007E-2</Data></Cell>
    <Cell><Data ss:Type="Number">-10.28</Data></Cell>
    <Cell><Data ss:Type="Number">-0.11</Data></Cell>
    <Cell><Data ss:Type="Number">-9.61</Data></Cell>
    <Cell><Data ss:Type="Number">0.12</Data></Cell>
    <Cell><Data ss:Type="Number">-1.04</Data></Cell>
    <Cell><Data ss:Type="Number">22.7</Data></Cell>
    <Cell><Data ss:Type="Number">39.6</Data></Cell>
    <Cell><Data ss:Type="Number">0</Data></Cell>
    <Cell><Data ss:Type="Number">0</Data></Cell>
    <Cell><Data ss:Type="String">2023-12-07 16:15:25.331195</Data></Cell>
   </Row>
   <Row>
    <Cell><Data ss:Type="String">767</Data></Cell>
    <Cell><Data ss:Type="Number">0.57999999999999996</Data></Cell>
    <Cell><Data ss:Type="Number">-10.02</Data></Cell>
    <Cell><Data ss:Type="Number">0.38</Data></Cell>
    <Cell><Data ss:Type="Number">-9.44</Data></Cell>
    <Cell><Data ss:Type="Number">-0.11</Data></Cell>
    <Cell><Data ss:Type="Number">-0.78</Data></Cell>
    <Cell><Data ss:Type="Number">22.7</Data></Cell>
    <Cell><Data ss:Type="Number">39.6</Data></Cell>
    <Cell><Data ss:Type="Number">0</Data></Cell>
    <Cell><Data ss:Type="Number">0</Data></Cell>
    <Cell><Data ss:Type="String">2023-12-07 16:15:25.329656</Data></Cell>
   </Row>
   <Row>
    <Cell><Data ss:Type="String">766</Data></Cell>
    <Cell><Data ss:Type="Number">0.54</Data></Cell>
    <Cell><Data ss:Type="Number">-10</Data></Cell>
    <Cell><Data ss:Type="Number">0.24</Data></Cell>
    <Cell><Data ss:Type="Number">-9.4499999999999993</Data></Cell>
    <Cell><Data ss:Type="Number">-0.42</Data></Cell>
    <Cell><Data ss:Type="Number">-0.96</Data></Cell>
    <Cell><Data ss:Type="Number">22.7</Data></Cell>
    <Cell><Data ss:Type="Number">39.6</Data></Cell>
    <Cell><Data ss:Type="Number">0</Data></Cell>
    <Cell><Data ss:Type="Number">0</Data></Cell>
    <Cell><Data ss:Type="String">2023-12-07 16:15:25.327820</Data></Cell>
   </Row>
   <Row>
    <Cell><Data ss:Type="String">765</Data></Cell>
    <Cell><Data ss:Type="Number">-0.61</Data></Cell>
    <Cell><Data ss:Type="Number">-10.08</Data></Cell>
    <Cell><Data ss:Type="Number">-0.21</Data></Cell>
    <Cell><Data ss:Type="Number">-9.4700000000000006</Data></Cell>
    <Cell><Data ss:Type="Number">0.31</Data></Cell>
    <Cell><Data ss:Type="Number">-0.96</Data></Cell>
    <Cell><Data ss:Type="Number">22.7</Data></Cell>
    <Cell><Data ss:Type="Number">39.6</Data></Cell>
    <Cell><Data ss:Type="Number">0</Data></Cell>
    <Cell><Data ss:Type="Number">0</Data></Cell>
    <Cell><Data ss:Type="String">2023-12-07 16:15:25.112913</Data></Cell>
   </Row>
   <Row>
    <Cell><Data ss:Type="String">764</Data></Cell>
    <Cell><Data ss:Type="Number">0.17</Data></Cell>
    <Cell><Data ss:Type="Number">-10.63</Data></Cell>
    <Cell><Data ss:Type="Number">-0.09</Data></Cell>
    <Cell><Data ss:Type="Number">-9.7899999999999991</Data></Cell>
    <Cell><Data ss:Type="Number">0.39</Data></Cell>
    <Cell><Data ss:Type="Number">-0.95</Data></Cell>
    <Cell><Data ss:Type="Number">22.7</Data></Cell>
    <Cell><Data ss:Type="Number">39.6</Data></Cell>
    <Cell><Data ss:Type="Number">0</Data></Cell>
    <Cell><Data ss:Type="Number">0</Data></Cell>
    <Cell><Data ss:Type="String">2023-12-07 16:15:25.067933</Data></Cell>
   </Row>
   <Row>
    <Cell><Data ss:Type="String">763</Data></Cell>
    <Cell><Data ss:Type="Number">2.29</Data></Cell>
    <Cell><Data ss:Type="Number">-9.73</Data></Cell>
    <Cell><Data ss:Type="Number">0.91</Data></Cell>
    <Cell><Data ss:Type="Number">-9.49</Data></Cell>
    <Cell><Data ss:Type="Number">-1</Data></Cell>
    <Cell><Data ss:Type="Number">-1</Data></Cell>
    <Cell><Data ss:Type="Number">22.7</Data></Cell>
    <Cell><Data ss:Type="Number">39.6</Data></Cell>
    <Cell><Data ss:Type="Number">0</Data></Cell>
    <Cell><Data ss:Type="Number">0</Data></Cell>
    <Cell><Data ss:Type="String">2023-12-07 16:15:25.065976</Data></Cell>
   </Row>
   <Row>
    <Cell><Data ss:Type="String">762</Data></Cell>
    <Cell><Data ss:Type="Number">-0.87</Data></Cell>
    <Cell><Data ss:Type="Number">-9.65</Data></Cell>
    <Cell><Data ss:Type="Number">0.28000000000000003</Data></Cell>
    <Cell><Data ss:Type="Number">-9.2799999999999994</Data></Cell>
    <Cell><Data ss:Type="Number">-0.39</Data></Cell>
    <Cell><Data ss:Type="Number">-0.57999999999999996</Data></Cell>
    <Cell><Data ss:Type="Number">22.7</Data></Cell>
    <Cell><Data ss:Type="Number">39.6</Data></Cell>
    <Cell><Data ss:Type="Number">0</Data></Cell>
    <Cell><Data ss:Type="Number">0</Data></Cell>
    <Cell><Data ss:Type="String">2023-12-07 16:15:25.016520</Data></Cell>
   </Row>
   <Row>
    <Cell><Data ss:Type="String">761</Data></Cell>
    <Cell><Data ss:Type="Number">-7.46</Data></Cell>
    <Cell><Data ss:Type="Number">-7.34</Data></Cell>
    <Cell><Data ss:Type="Number">-1.1000000000000001</Data></Cell>
    <Cell><Data ss:Type="Number">-9.76</Data></Cell>
    <Cell><Data ss:Type="Number">2.8</Data></Cell>
    <Cell><Data ss:Type="Number">-1.24</Data></Cell>
    <Cell><Data ss:Type="Number">22.7</Data></Cell>
    <Cell><Data ss:Type="Number">39.6</Data></Cell>
    <Cell><Data ss:Type="Number">0</Data></Cell>
    <Cell><Data ss:Type="Number">0</Data></Cell>
    <Cell><Data ss:Type="String">2023-12-07 16:15:24.969594</Data></Cell>
   </Row>
   <Row>
    <Cell><Data ss:Type="String">760</Data></Cell>
    <Cell><Data ss:Type="Number">-0.05</Data></Cell>
    <Cell><Data ss:Type="Number">-10.01</Data></Cell>
    <Cell><Data ss:Type="Number">0.14000000000000001</Data></Cell>
    <Cell><Data ss:Type="Number">-9.44</Data></Cell>
    <Cell><Data ss:Type="Number">0.06</Data></Cell>
    <Cell><Data ss:Type="Number">-0.88</Data></Cell>
    <Cell><Data ss:Type="Number">22.7</Data></Cell>
    <Cell><Data ss:Type="Number">39.6</Data></Cell>
    <Cell><Data ss:Type="Number">0</Data></Cell>
    <Cell><Data ss:Type="Number">0</Data></Cell>
    <Cell><Data ss:Type="String">2023-12-07 16:15:24.926095</Data></Cell>
   </Row>
   <Row>
    <Cell><Data ss:Type="String">759</Data></Cell>
    <Cell><Data ss:Type="Number">0.14000000000000001</Data></Cell>
    <Cell><Data ss:Type="Number">-10.65</Data></Cell>
    <Cell><Data ss:Type="Number">0.25</Data></Cell>
    <Cell><Data ss:Type="Number">-9.56</Data></Cell>
    <Cell><Data ss:Type="Number">-0.08</Data></Cell>
    <Cell><Data ss:Type="Number">-0.91</Data></Cell>
    <Cell><Data ss:Type="Number">22.7</Data></Cell>
    <Cell><Data ss:Type="Number">39.6</Data></Cell>
    <Cell><Data ss:Type="Number">0</Data></Cell>
    <Cell><Data ss:Type="Number">0</Data></Cell>
    <Cell><Data ss:Type="String">2023-12-07 16:15:24.924509</Data></Cell>
   </Row>
   <Row>
    <Cell><Data ss:Type="String">758</Data></Cell>
    <Cell><Data ss:Type="Number">0.91</Data></Cell>
    <Cell><Data ss:Type="Number">-9.07</Data></Cell>
    <Cell><Data ss:Type="Number">0.72</Data></Cell>
    <Cell><Data ss:Type="Number">-9.2799999999999994</Data></Cell>
    <Cell><Data ss:Type="Number">-0.13</Data></Cell>
    <Cell><Data ss:Type="Number">-1</Data></Cell>
    <Cell><Data ss:Type="Number">22.7</Data></Cell>
    <Cell><Data ss:Type="Number">39.6</Data></Cell>
    <Cell><Data ss:Type="Number">0</Data></Cell>
    <Cell><Data ss:Type="Number">0</Data></Cell>
    <Cell><Data ss:Type="String">2023-12-07 16:15:24.877831</Data></Cell>
   </Row>
   <Row>
    <Cell><Data ss:Type="String">757</Data></Cell>
    <Cell><Data ss:Type="Number">0.45</Data></Cell>
    <Cell><Data ss:Type="Number">-10.01</Data></Cell>
    <Cell><Data ss:Type="Number">0.42</Data></Cell>
    <Cell><Data ss:Type="Number">-9.5</Data></Cell>
    <Cell><Data ss:Type="Number">-0.08</Data></Cell>
    <Cell><Data ss:Type="Number">-0.9</Data></Cell>
    <Cell><Data ss:Type="Number">22.7</Data></Cell>
    <Cell><Data ss:Type="Number">39.6</Data></Cell>
    <Cell><Data ss:Type="Number">0</Data></Cell>
    <Cell><Data ss:Type="Number">0</Data></Cell>
    <Cell><Data ss:Type="String">2023-12-07 16:15:24.833885</Data></Cell>
   </Row>
   <Row>
    <Cell><Data ss:Type="String">756</Data></Cell>
    <Cell><Data ss:Type="Number">0.41</Data></Cell>
    <Cell><Data ss:Type="Number">-9.98</Data></Cell>
    <Cell><Data ss:Type="Number">-0.52</Data></Cell>
    <Cell><Data ss:Type="Number">-9.4</Data></Cell>
    <Cell><Data ss:Type="Number">-0.06</Data></Cell>
    <Cell><Data ss:Type="Number">-1.04</Data></Cell>
    <Cell><Data ss:Type="Number">22.7</Data></Cell>
    <Cell><Data ss:Type="Number">39.6</Data></Cell>
    <Cell><Data ss:Type="Number">0</Data></Cell>
    <Cell><Data ss:Type="Number">0</Data></Cell>
    <Cell><Data ss:Type="String">2023-12-07 16:15:24.832525</Data></Cell>
   </Row>
   <Row>
    <Cell><Data ss:Type="String">755</Data></Cell>
    <Cell><Data ss:Type="Number">0.08</Data></Cell>
    <Cell><Data ss:Type="Number">-9.41</Data></Cell>
    <Cell><Data ss:Type="Number">0.35</Data></Cell>
    <Cell><Data ss:Type="Number">-9.1199999999999992</Data></Cell>
    <Cell><Data ss:Type="Number">-0.06</Data></Cell>
    <Cell><Data ss:Type="Number">-0.95</Data></Cell>
    <Cell><Data ss:Type="Number">22.7</Data></Cell>
    <Cell><Data ss:Type="Number">39.6</Data></Cell>
    <Cell><Data ss:Type="Number">0</Data></Cell>
    <Cell><Data ss:Type="Number">0</Data></Cell>
    <Cell><Data ss:Type="String">2023-12-07 16:15:24.786907</Data></Cell>
   </Row>
   <Row>
    <Cell><Data ss:Type="String">754</Data></Cell>
    <Cell><Data ss:Type="Number">0.3</Data></Cell>
    <Cell><Data ss:Type="Number">-11.19</Data></Cell>
    <Cell><Data ss:Type="Number">0.36</Data></Cell>
    <Cell><Data ss:Type="Number">-9.67</Data></Cell>
    <Cell><Data ss:Type="Number">-0.1</Data></Cell>
    <Cell><Data ss:Type="Number">-0.84</Data></Cell>
    <Cell><Data ss:Type="Number">22.7</Data></Cell>
    <Cell><Data ss:Type="Number">39.6</Data></Cell>
    <Cell><Data ss:Type="Number">0</Data></Cell>
    <Cell><Data ss:Type="Number">0</Data></Cell>
    <Cell><Data ss:Type="String">2023-12-07 16:15:24.741397</Data></Cell>
   </Row>
   <Row>
    <Cell><Data ss:Type="String">753</Data></Cell>
    <Cell><Data ss:Type="Number">0.28999999999999998</Data></Cell>
    <Cell><Data ss:Type="Number">-10.01</Data></Cell>
    <Cell><Data ss:Type="Number">0.05</Data></Cell>
    <Cell><Data ss:Type="Number">-9.33</Data></Cell>
    <Cell><Data ss:Type="Number">-0.03</Data></Cell>
    <Cell><Data ss:Type="Number">-0.94</Data></Cell>
    <Cell><Data ss:Type="Number">22.7</Data></Cell>
    <Cell><Data ss:Type="Number">39.6</Data></Cell>
    <Cell><Data ss:Type="Number">0</Data></Cell>
    <Cell><Data ss:Type="Number">0</Data></Cell>
    <Cell><Data ss:Type="String">2023-12-07 16:15:24.696424</Data></Cell>
   </Row>
   <Row>
    <Cell><Data ss:Type="String">752</Data></Cell>
    <Cell><Data ss:Type="Number">0.76</Data></Cell>
    <Cell><Data ss:Type="Number">-9.39</Data></Cell>
    <Cell><Data ss:Type="Number">0.18</Data></Cell>
    <Cell><Data ss:Type="Number">-9.4600000000000009</Data></Cell>
    <Cell><Data ss:Type="Number">-0.09</Data></Cell>
    <Cell><Data ss:Type="Number">-0.9</Data></Cell>
    <Cell><Data ss:Type="Number">22.7</Data></Cell>
    <Cell><Data ss:Type="Number">39.6</Data></Cell>
    <Cell><Data ss:Type="Number">0</Data></Cell>
    <Cell><Data ss:Type="Number">0</Data></Cell>
    <Cell><Data ss:Type="String">2023-12-07 16:15:24.694935</Data></Cell>
   </Row>
   <Row>
    <Cell><Data ss:Type="String">751</Data></Cell>
    <Cell><Data ss:Type="Number">0.24</Data></Cell>
    <Cell><Data ss:Type="Number">-10.77</Data></Cell>
    <Cell><Data ss:Type="Number">0.04</Data></Cell>
    <Cell><Data ss:Type="Number">-9.7100000000000009</Data></Cell>
    <Cell><Data ss:Type="Number">-0.06</Data></Cell>
    <Cell><Data ss:Type="Number">-0.92</Data></Cell>
    <Cell><Data ss:Type="Number">22.7</Data></Cell>
    <Cell><Data ss:Type="Number">39.6</Data></Cell>
    <Cell><Data ss:Type="Number">0</Data></Cell>
    <Cell><Data ss:Type="Number">0</Data></Cell>
    <Cell><Data ss:Type="String">2023-12-07 16:15:24.648400</Data></Cell>
   </Row>
   <Row>
    <Cell><Data ss:Type="String">750</Data></Cell>
    <Cell><Data ss:Type="Number">0.49</Data></Cell>
    <Cell><Data ss:Type="Number">-10.57</Data></Cell>
    <Cell><Data ss:Type="Number">-0.04</Data></Cell>
    <Cell><Data ss:Type="Number">-9.43</Data></Cell>
    <Cell><Data ss:Type="Number">-0.11</Data></Cell>
    <Cell><Data ss:Type="Number">-0.95</Data></Cell>
    <Cell><Data ss:Type="Number">22.7</Data></Cell>
    <Cell><Data ss:Type="Number">39.6</Data></Cell>
    <Cell><Data ss:Type="Number">0</Data></Cell>
    <Cell><Data ss:Type="Number">0</Data></Cell>
    <Cell><Data ss:Type="String">2023-12-07 16:15:24.603891</Data></Cell>
   </Row>
   <Row>
    <Cell><Data ss:Type="String">749</Data></Cell>
    <Cell><Data ss:Type="Number">0.52</Data></Cell>
    <Cell><Data ss:Type="Number">-10.02</Data></Cell>
    <Cell><Data ss:Type="Number">0.27</Data></Cell>
    <Cell><Data ss:Type="Number">-9.4499999999999993</Data></Cell>
    <Cell><Data ss:Type="Number">-0.04</Data></Cell>
    <Cell><Data ss:Type="Number">-0.88</Data></Cell>
    <Cell><Data ss:Type="Number">22.7</Data></Cell>
    <Cell><Data ss:Type="Number">39.6</Data></Cell>
    <Cell><Data ss:Type="Number">0</Data></Cell>
    <Cell><Data ss:Type="Number">0</Data></Cell>
    <Cell><Data ss:Type="String">2023-12-07 16:15:24.559329</Data></Cell>
   </Row>
   <Row>
    <Cell><Data ss:Type="String">748</Data></Cell>
    <Cell><Data ss:Type="Number">0.36</Data></Cell>
    <Cell><Data ss:Type="Number">-10.130000000000001</Data></Cell>
    <Cell><Data ss:Type="Number">0.48</Data></Cell>
    <Cell><Data ss:Type="Number">-9.5299999999999994</Data></Cell>
    <Cell><Data ss:Type="Number">-7.0000000000000007E-2</Data></Cell>
    <Cell><Data ss:Type="Number">-0.91</Data></Cell>
    <Cell><Data ss:Type="Number">22.7</Data></Cell>
    <Cell><Data ss:Type="Number">39.6</Data></Cell>
    <Cell><Data ss:Type="Number">0</Data></Cell>
    <Cell><Data ss:Type="Number">0</Data></Cell>
    <Cell><Data ss:Type="String">2023-12-07 16:15:24.557100</Data></Cell>
   </Row>
   <Row>
    <Cell><Data ss:Type="String">747</Data></Cell>
    <Cell><Data ss:Type="Number">0.43</Data></Cell>
    <Cell><Data ss:Type="Number">-9.83</Data></Cell>
    <Cell><Data ss:Type="Number">-0.18</Data></Cell>
    <Cell><Data ss:Type="Number">-9.49</Data></Cell>
    <Cell><Data ss:Type="Number">-0.17</Data></Cell>
    <Cell><Data ss:Type="Number">-1.02</Data></Cell>
    <Cell><Data ss:Type="Number">22.7</Data></Cell>
    <Cell><Data ss:Type="Number">39.6</Data></Cell>
    <Cell><Data ss:Type="Number">0</Data></Cell>
    <Cell><Data ss:Type="Number">0</Data></Cell>
    <Cell><Data ss:Type="String">2023-12-07 16:15:24.510301</Data></Cell>
   </Row>
   <Row>
    <Cell><Data ss:Type="String">746</Data></Cell>
    <Cell><Data ss:Type="Number">0.52</Data></Cell>
    <Cell><Data ss:Type="Number">-9.42</Data></Cell>
    <Cell><Data ss:Type="Number">0.76</Data></Cell>
    <Cell><Data ss:Type="Number">-9.7200000000000006</Data></Cell>
    <Cell><Data ss:Type="Number">-0.02</Data></Cell>
    <Cell><Data ss:Type="Number">-0.81</Data></Cell>
    <Cell><Data ss:Type="Number">22.7</Data></Cell>
    <Cell><Data ss:Type="Number">39.6</Data></Cell>
    <Cell><Data ss:Type="Number">0</Data></Cell>
    <Cell><Data ss:Type="Number">0</Data></Cell>
    <Cell><Data ss:Type="String">2023-12-07 16:15:24.467522</Data></Cell>
   </Row>
   <Row>
    <Cell><Data ss:Type="String">745</Data></Cell>
    <Cell><Data ss:Type="Number">0.36</Data></Cell>
    <Cell><Data ss:Type="Number">-11.09</Data></Cell>
    <Cell><Data ss:Type="Number">0.33</Data></Cell>
    <Cell><Data ss:Type="Number">-9.69</Data></Cell>
    <Cell><Data ss:Type="Number">-0.16</Data></Cell>
    <Cell><Data ss:Type="Number">-0.94</Data></Cell>
    <Cell><Data ss:Type="Number">22.7</Data></Cell>
    <Cell><Data ss:Type="Number">39.6</Data></Cell>
    <Cell><Data ss:Type="Number">0</Data></Cell>
    <Cell><Data ss:Type="Number">0</Data></Cell>
    <Cell><Data ss:Type="String">2023-12-07 16:15:24.465025</Data></Cell>
   </Row>
   <Row>
    <Cell><Data ss:Type="String">744</Data></Cell>
    <Cell><Data ss:Type="Number">0.22</Data></Cell>
    <Cell><Data ss:Type="Number">-9.68</Data></Cell>
    <Cell><Data ss:Type="Number">0.16</Data></Cell>
    <Cell><Data ss:Type="Number">-9.3000000000000007</Data></Cell>
    <Cell><Data ss:Type="Number">-0.08</Data></Cell>
    <Cell><Data ss:Type="Number">-0.86</Data></Cell>
    <Cell><Data ss:Type="Number">22.7</Data></Cell>
    <Cell><Data ss:Type="Number">39.6</Data></Cell>
    <Cell><Data ss:Type="Number">0</Data></Cell>
    <Cell><Data ss:Type="Number">0</Data></Cell>
    <Cell><Data ss:Type="String">2023-12-07 16:15:24.419289</Data></Cell>
   </Row>
   <Row>
    <Cell><Data ss:Type="String">743</Data></Cell>
    <Cell><Data ss:Type="Number">0.18</Data></Cell>
    <Cell><Data ss:Type="Number">-10.31</Data></Cell>
    <Cell><Data ss:Type="Number">-0.02</Data></Cell>
    <Cell><Data ss:Type="Number">-9.66</Data></Cell>
    <Cell><Data ss:Type="Number">-0.09</Data></Cell>
    <Cell><Data ss:Type="Number">-0.97</Data></Cell>
    <Cell><Data ss:Type="Number">22.7</Data></Cell>
    <Cell><Data ss:Type="Number">39.6</Data></Cell>
    <Cell><Data ss:Type="Number">0</Data></Cell>
    <Cell><Data ss:Type="Number">0</Data></Cell>
    <Cell><Data ss:Type="String">2023-12-07 16:15:24.372918</Data></Cell>
   </Row>
   <Row>
    <Cell><Data ss:Type="String">742</Data></Cell>
    <Cell><Data ss:Type="Number">0.55000000000000004</Data></Cell>
    <Cell><Data ss:Type="Number">-10.4</Data></Cell>
    <Cell><Data ss:Type="Number">0.49</Data></Cell>
    <Cell><Data ss:Type="Number">-9.42</Data></Cell>
    <Cell><Data ss:Type="Number">-0.02</Data></Cell>
    <Cell><Data ss:Type="Number">-0.85</Data></Cell>
    <Cell><Data ss:Type="Number">22.7</Data></Cell>
    <Cell><Data ss:Type="Number">39.6</Data></Cell>
    <Cell><Data ss:Type="Number">0</Data></Cell>
    <Cell><Data ss:Type="Number">0</Data></Cell>
    <Cell><Data ss:Type="String">2023-12-07 16:15:24.329186</Data></Cell>
   </Row>
   <Row>
    <Cell><Data ss:Type="String">741</Data></Cell>
    <Cell><Data ss:Type="Number">0.74</Data></Cell>
    <Cell><Data ss:Type="Number">-10.53</Data></Cell>
    <Cell><Data ss:Type="Number">0.18</Data></Cell>
    <Cell><Data ss:Type="Number">-9.5299999999999994</Data></Cell>
    <Cell><Data ss:Type="Number">-0.27</Data></Cell>
    <Cell><Data ss:Type="Number">-0.92</Data></Cell>
    <Cell><Data ss:Type="Number">22.7</Data></Cell>
    <Cell><Data ss:Type="Number">39.6</Data></Cell>
    <Cell><Data ss:Type="Number">0</Data></Cell>
    <Cell><Data ss:Type="Number">0</Data></Cell>
    <Cell><Data ss:Type="String">2023-12-07 16:15:24.327237</Data></Cell>
   </Row>
   <Row>
    <Cell><Data ss:Type="String">740</Data></Cell>
    <Cell><Data ss:Type="Number">-0.43</Data></Cell>
    <Cell><Data ss:Type="Number">-9.8699999999999992</Data></Cell>
    <Cell><Data ss:Type="Number">-0.08</Data></Cell>
    <Cell><Data ss:Type="Number">-9.41</Data></Cell>
    <Cell><Data ss:Type="Number">-0.06</Data></Cell>
    <Cell><Data ss:Type="Number">-1.01</Data></Cell>
    <Cell><Data ss:Type="Number">22.7</Data></Cell>
    <Cell><Data ss:Type="Number">39.6</Data></Cell>
    <Cell><Data ss:Type="Number">0</Data></Cell>
    <Cell><Data ss:Type="Number">0</Data></Cell>
    <Cell><Data ss:Type="String">2023-12-07 16:15:24.280608</Data></Cell>
   </Row>
   <Row>
    <Cell><Data ss:Type="String">739</Data></Cell>
    <Cell><Data ss:Type="Number">-1.18</Data></Cell>
    <Cell><Data ss:Type="Number">-9.48</Data></Cell>
    <Cell><Data ss:Type="Number">0.21</Data></Cell>
    <Cell><Data ss:Type="Number">-9</Data></Cell>
    <Cell><Data ss:Type="Number">0.31</Data></Cell>
    <Cell><Data ss:Type="Number">-1.07</Data></Cell>
    <Cell><Data ss:Type="Number">22.7</Data></Cell>
    <Cell><Data ss:Type="Number">39.6</Data></Cell>
    <Cell><Data ss:Type="Number">0</Data></Cell>
    <Cell><Data ss:Type="Number">0</Data></Cell>
    <Cell><Data ss:Type="String">2023-12-07 16:15:24.235519</Data></Cell>
   </Row>
   <Row>
    <Cell><Data ss:Type="String">738</Data></Cell>
    <Cell><Data ss:Type="Number">0.31</Data></Cell>
    <Cell><Data ss:Type="Number">-10.029999999999999</Data></Cell>
    <Cell><Data ss:Type="Number">-0.13</Data></Cell>
    <Cell><Data ss:Type="Number">-9.5</Data></Cell>
    <Cell><Data ss:Type="Number">-7.0000000000000007E-2</Data></Cell>
    <Cell><Data ss:Type="Number">-0.87</Data></Cell>
    <Cell><Data ss:Type="Number">22.7</Data></Cell>
    <Cell><Data ss:Type="Number">39.6</Data></Cell>
    <Cell><Data ss:Type="Number">0</Data></Cell>
    <Cell><Data ss:Type="Number">0</Data></Cell>
    <Cell><Data ss:Type="String">2023-12-07 16:15:24.193431</Data></Cell>
   </Row>
   <Row>
    <Cell><Data ss:Type="String">737</Data></Cell>
    <Cell><Data ss:Type="Number">0.33</Data></Cell>
    <Cell><Data ss:Type="Number">-10.32</Data></Cell>
    <Cell><Data ss:Type="Number">0.27</Data></Cell>
    <Cell><Data ss:Type="Number">-9.7899999999999991</Data></Cell>
    <Cell><Data ss:Type="Number">-0.08</Data></Cell>
    <Cell><Data ss:Type="Number">-0.91</Data></Cell>
    <Cell><Data ss:Type="Number">22.7</Data></Cell>
    <Cell><Data ss:Type="Number">39.6</Data></Cell>
    <Cell><Data ss:Type="Number">0</Data></Cell>
    <Cell><Data ss:Type="Number">0</Data></Cell>
    <Cell><Data ss:Type="String">2023-12-07 16:15:24.191728</Data></Cell>
   </Row>
   <Row>
    <Cell><Data ss:Type="String">736</Data></Cell>
    <Cell><Data ss:Type="Number">-0.01</Data></Cell>
    <Cell><Data ss:Type="Number">-10.029999999999999</Data></Cell>
    <Cell><Data ss:Type="Number">0.25</Data></Cell>
    <Cell><Data ss:Type="Number">-9.36</Data></Cell>
    <Cell><Data ss:Type="Number">-0.06</Data></Cell>
    <Cell><Data ss:Type="Number">-0.9</Data></Cell>
    <Cell><Data ss:Type="Number">22.7</Data></Cell>
    <Cell><Data ss:Type="Number">39.6</Data></Cell>
    <Cell><Data ss:Type="Number">0</Data></Cell>
    <Cell><Data ss:Type="Number">0</Data></Cell>
    <Cell><Data ss:Type="String">2023-12-07 16:15:24.147340</Data></Cell>
   </Row>
   <Row>
    <Cell><Data ss:Type="String">735</Data></Cell>
    <Cell><Data ss:Type="Number">0.15</Data></Cell>
    <Cell><Data ss:Type="Number">-10.050000000000001</Data></Cell>
    <Cell><Data ss:Type="Number">7.0000000000000007E-2</Data></Cell>
    <Cell><Data ss:Type="Number">-9.3800000000000008</Data></Cell>
    <Cell><Data ss:Type="Number">-7.0000000000000007E-2</Data></Cell>
    <Cell><Data ss:Type="Number">-0.97</Data></Cell>
    <Cell><Data ss:Type="Number">22.7</Data></Cell>
    <Cell><Data ss:Type="Number">39.6</Data></Cell>
    <Cell><Data ss:Type="Number">0</Data></Cell>
    <Cell><Data ss:Type="Number">0</Data></Cell>
    <Cell><Data ss:Type="String">2023-12-07 16:15:24.096414</Data></Cell>
   </Row>
   <Row>
    <Cell><Data ss:Type="String">734</Data></Cell>
    <Cell><Data ss:Type="Number">0.71</Data></Cell>
    <Cell><Data ss:Type="Number">-9.89</Data></Cell>
    <Cell><Data ss:Type="Number">0.35</Data></Cell>
    <Cell><Data ss:Type="Number">-9.51</Data></Cell>
    <Cell><Data ss:Type="Number">-0.06</Data></Cell>
    <Cell><Data ss:Type="Number">-0.88</Data></Cell>
    <Cell><Data ss:Type="Number">22.7</Data></Cell>
    <Cell><Data ss:Type="Number">39.6</Data></Cell>
    <Cell><Data ss:Type="Number">0</Data></Cell>
    <Cell><Data ss:Type="Number">0</Data></Cell>
    <Cell><Data ss:Type="String">2023-12-07 16:15:24.094957</Data></Cell>
   </Row>
   <Row>
    <Cell><Data ss:Type="String">733</Data></Cell>
    <Cell><Data ss:Type="Number">0.92</Data></Cell>
    <Cell><Data ss:Type="Number">-9.92</Data></Cell>
    <Cell><Data ss:Type="Number">0.13</Data></Cell>
    <Cell><Data ss:Type="Number">-9.33</Data></Cell>
    <Cell><Data ss:Type="Number">-0.12</Data></Cell>
    <Cell><Data ss:Type="Number">-0.91</Data></Cell>
    <Cell><Data ss:Type="Number">22.7</Data></Cell>
    <Cell><Data ss:Type="Number">39.6</Data></Cell>
    <Cell><Data ss:Type="Number">0</Data></Cell>
    <Cell><Data ss:Type="Number">0</Data></Cell>
    <Cell><Data ss:Type="String">2023-12-07 16:15:24.093136</Data></Cell>
   </Row>
   <Row>
    <Cell><Data ss:Type="String">732</Data></Cell>
    <Cell><Data ss:Type="Number">0.57999999999999996</Data></Cell>
    <Cell><Data ss:Type="Number">-10.41</Data></Cell>
    <Cell><Data ss:Type="Number">-0.19</Data></Cell>
    <Cell><Data ss:Type="Number">-9.41</Data></Cell>
    <Cell><Data ss:Type="Number">-0.12</Data></Cell>
    <Cell><Data ss:Type="Number">-0.96</Data></Cell>
    <Cell><Data ss:Type="Number">22.7</Data></Cell>
    <Cell><Data ss:Type="Number">39.6</Data></Cell>
    <Cell><Data ss:Type="Number">0</Data></Cell>
    <Cell><Data ss:Type="Number">0</Data></Cell>
    <Cell><Data ss:Type="String">2023-12-07 16:15:24.091544</Data></Cell>
   </Row>
   <Row>
    <Cell><Data ss:Type="String">731</Data></Cell>
    <Cell><Data ss:Type="Number">0.72</Data></Cell>
    <Cell><Data ss:Type="Number">-10.52</Data></Cell>
    <Cell><Data ss:Type="Number">0.04</Data></Cell>
    <Cell><Data ss:Type="Number">-9.6</Data></Cell>
    <Cell><Data ss:Type="Number">-0.08</Data></Cell>
    <Cell><Data ss:Type="Number">-0.94</Data></Cell>
    <Cell><Data ss:Type="Number">22.7</Data></Cell>
    <Cell><Data ss:Type="Number">39.6</Data></Cell>
    <Cell><Data ss:Type="Number">0</Data></Cell>
    <Cell><Data ss:Type="Number">0</Data></Cell>
    <Cell><Data ss:Type="String">2023-12-07 16:15:24.089621</Data></Cell>
   </Row>
   <Row>
    <Cell><Data ss:Type="String">730</Data></Cell>
    <Cell><Data ss:Type="Number">0.66</Data></Cell>
    <Cell><Data ss:Type="Number">-9.98</Data></Cell>
    <Cell><Data ss:Type="Number">0.34</Data></Cell>
    <Cell><Data ss:Type="Number">-9.6300000000000008</Data></Cell>
    <Cell><Data ss:Type="Number">-0.25</Data></Cell>
    <Cell><Data ss:Type="Number">-0.96</Data></Cell>
    <Cell><Data ss:Type="Number">22.7</Data></Cell>
    <Cell><Data ss:Type="Number">39.6</Data></Cell>
    <Cell><Data ss:Type="Number">0</Data></Cell>
    <Cell><Data ss:Type="Number">0</Data></Cell>
    <Cell><Data ss:Type="String">2023-12-07 16:15:24.087326</Data></Cell>
   </Row>
   <Row>
    <Cell><Data ss:Type="String">729</Data></Cell>
    <Cell><Data ss:Type="Number">-0.18</Data></Cell>
    <Cell><Data ss:Type="Number">-9.99</Data></Cell>
    <Cell><Data ss:Type="Number">-0.08</Data></Cell>
    <Cell><Data ss:Type="Number">-9.39</Data></Cell>
    <Cell><Data ss:Type="Number">-0.18</Data></Cell>
    <Cell><Data ss:Type="Number">-0.86</Data></Cell>
    <Cell><Data ss:Type="Number">22.7</Data></Cell>
    <Cell><Data ss:Type="Number">39.6</Data></Cell>
    <Cell><Data ss:Type="Number">0</Data></Cell>
    <Cell><Data ss:Type="Number">0</Data></Cell>
    <Cell><Data ss:Type="String">2023-12-07 16:15:24.085376</Data></Cell>
   </Row>
   <Row>
    <Cell><Data ss:Type="String">728</Data></Cell>
    <Cell><Data ss:Type="Number">0.61</Data></Cell>
    <Cell><Data ss:Type="Number">-10.27</Data></Cell>
    <Cell><Data ss:Type="Number">-0.47</Data></Cell>
    <Cell><Data ss:Type="Number">-9.5399999999999991</Data></Cell>
    <Cell><Data ss:Type="Number">0.26</Data></Cell>
    <Cell><Data ss:Type="Number">-0.99</Data></Cell>
    <Cell><Data ss:Type="Number">22.7</Data></Cell>
    <Cell><Data ss:Type="Number">39.6</Data></Cell>
    <Cell><Data ss:Type="Number">0</Data></Cell>
    <Cell><Data ss:Type="Number">0</Data></Cell>
    <Cell><Data ss:Type="String">2023-12-07 16:15:23.850802</Data></Cell>
   </Row>
   <Row>
    <Cell><Data ss:Type="String">727</Data></Cell>
    <Cell><Data ss:Type="Number">1.25</Data></Cell>
    <Cell><Data ss:Type="Number">-10.4</Data></Cell>
    <Cell><Data ss:Type="Number">-0.35</Data></Cell>
    <Cell><Data ss:Type="Number">-9.64</Data></Cell>
    <Cell><Data ss:Type="Number">0.31</Data></Cell>
    <Cell><Data ss:Type="Number">-0.98</Data></Cell>
    <Cell><Data ss:Type="Number">22.7</Data></Cell>
    <Cell><Data ss:Type="Number">39.6</Data></Cell>
    <Cell><Data ss:Type="Number">0</Data></Cell>
    <Cell><Data ss:Type="Number">0</Data></Cell>
    <Cell><Data ss:Type="String">2023-12-07 16:15:23.848996</Data></Cell>
   </Row>
   <Row>
    <Cell><Data ss:Type="String">726</Data></Cell>
    <Cell><Data ss:Type="Number">0.94</Data></Cell>
    <Cell><Data ss:Type="Number">-9.98</Data></Cell>
    <Cell><Data ss:Type="Number">0.93</Data></Cell>
    <Cell><Data ss:Type="Number">-9.43</Data></Cell>
    <Cell><Data ss:Type="Number">-0.25</Data></Cell>
    <Cell><Data ss:Type="Number">-0.71</Data></Cell>
    <Cell><Data ss:Type="Number">22.7</Data></Cell>
    <Cell><Data ss:Type="Number">39.6</Data></Cell>
    <Cell><Data ss:Type="Number">0</Data></Cell>
    <Cell><Data ss:Type="Number">0</Data></Cell>
    <Cell><Data ss:Type="String">2023-12-07 16:15:23.804443</Data></Cell>
   </Row>
   <Row>
    <Cell><Data ss:Type="String">725</Data></Cell>
    <Cell><Data ss:Type="Number">2.19</Data></Cell>
    <Cell><Data ss:Type="Number">-9.9600000000000009</Data></Cell>
    <Cell><Data ss:Type="Number">1.49</Data></Cell>
    <Cell><Data ss:Type="Number">-9.48</Data></Cell>
    <Cell><Data ss:Type="Number">-1.26</Data></Cell>
    <Cell><Data ss:Type="Number">-0.92</Data></Cell>
    <Cell><Data ss:Type="Number">22.7</Data></Cell>
    <Cell><Data ss:Type="Number">39.6</Data></Cell>
    <Cell><Data ss:Type="Number">0</Data></Cell>
    <Cell><Data ss:Type="Number">0</Data></Cell>
    <Cell><Data ss:Type="String">2023-12-07 16:15:23.759887</Data></Cell>
   </Row>
   <Row>
    <Cell><Data ss:Type="String">724</Data></Cell>
    <Cell><Data ss:Type="Number">-3.16</Data></Cell>
    <Cell><Data ss:Type="Number">-10.55</Data></Cell>
    <Cell><Data ss:Type="Number">-0.94</Data></Cell>
    <Cell><Data ss:Type="Number">-8.84</Data></Cell>
    <Cell><Data ss:Type="Number">0.42</Data></Cell>
    <Cell><Data ss:Type="Number">-0.96</Data></Cell>
    <Cell><Data ss:Type="Number">22.7</Data></Cell>
    <Cell><Data ss:Type="Number">39.6</Data></Cell>
    <Cell><Data ss:Type="Number">0</Data></Cell>
    <Cell><Data ss:Type="Number">0</Data></Cell>
    <Cell><Data ss:Type="String">2023-12-07 16:15:23.758034</Data></Cell>
   </Row>
   <Row>
    <Cell><Data ss:Type="String">723</Data></Cell>
    <Cell><Data ss:Type="Number">0.34</Data></Cell>
    <Cell><Data ss:Type="Number">-9.9700000000000006</Data></Cell>
    <Cell><Data ss:Type="Number">0.14000000000000001</Data></Cell>
    <Cell><Data ss:Type="Number">-9.44</Data></Cell>
    <Cell><Data ss:Type="Number">-0.08</Data></Cell>
    <Cell><Data ss:Type="Number">-0.92</Data></Cell>
    <Cell><Data ss:Type="Number">22.7</Data></Cell>
    <Cell><Data ss:Type="Number">39.6</Data></Cell>
    <Cell><Data ss:Type="Number">0</Data></Cell>
    <Cell><Data ss:Type="Number">0</Data></Cell>
    <Cell><Data ss:Type="String">2023-12-07 16:15:23.712989</Data></Cell>
   </Row>
   <Row>
    <Cell><Data ss:Type="String">722</Data></Cell>
    <Cell><Data ss:Type="Number">0.32</Data></Cell>
    <Cell><Data ss:Type="Number">-10.130000000000001</Data></Cell>
    <Cell><Data ss:Type="Number">0.2</Data></Cell>
    <Cell><Data ss:Type="Number">-9.49</Data></Cell>
    <Cell><Data ss:Type="Number">-0.08</Data></Cell>
    <Cell><Data ss:Type="Number">-0.92</Data></Cell>
    <Cell><Data ss:Type="Number">22.7</Data></Cell>
    <Cell><Data ss:Type="Number">39.6</Data></Cell>
    <Cell><Data ss:Type="Number">0</Data></Cell>
    <Cell><Data ss:Type="Number">0</Data></Cell>
    <Cell><Data ss:Type="String">2023-12-07 16:15:23.711021</Data></Cell>
   </Row>
   <Row>
    <Cell><Data ss:Type="String">721</Data></Cell>
    <Cell><Data ss:Type="Number">0.56000000000000005</Data></Cell>
    <Cell><Data ss:Type="Number">-10.27</Data></Cell>
    <Cell><Data ss:Type="Number">0.19</Data></Cell>
    <Cell><Data ss:Type="Number">-9.5500000000000007</Data></Cell>
    <Cell><Data ss:Type="Number">-7.0000000000000007E-2</Data></Cell>
    <Cell><Data ss:Type="Number">-0.92</Data></Cell>
    <Cell><Data ss:Type="Number">22.7</Data></Cell>
    <Cell><Data ss:Type="Number">39.6</Data></Cell>
    <Cell><Data ss:Type="Number">0</Data></Cell>
    <Cell><Data ss:Type="Number">0</Data></Cell>
    <Cell><Data ss:Type="String">2023-12-07 16:15:23.633585</Data></Cell>
   </Row>
   <Row>
    <Cell><Data ss:Type="String">720</Data></Cell>
    <Cell><Data ss:Type="Number">0.23</Data></Cell>
    <Cell><Data ss:Type="Number">-10.01</Data></Cell>
    <Cell><Data ss:Type="Number">0.27</Data></Cell>
    <Cell><Data ss:Type="Number">-9.4499999999999993</Data></Cell>
    <Cell><Data ss:Type="Number">-0.08</Data></Cell>
    <Cell><Data ss:Type="Number">-0.91</Data></Cell>
    <Cell><Data ss:Type="Number">22.7</Data></Cell>
    <Cell><Data ss:Type="Number">39.6</Data></Cell>
    <Cell><Data ss:Type="Number">0</Data></Cell>
    <Cell><Data ss:Type="Number">0</Data></Cell>
    <Cell><Data ss:Type="String">2023-12-07 16:15:23.592646</Data></Cell>
   </Row>
   <Row>
    <Cell><Data ss:Type="String">719</Data></Cell>
    <Cell><Data ss:Type="Number">0.35</Data></Cell>
    <Cell><Data ss:Type="Number">-9.98</Data></Cell>
    <Cell><Data ss:Type="Number">0.11</Data></Cell>
    <Cell><Data ss:Type="Number">-9.42</Data></Cell>
    <Cell><Data ss:Type="Number">-0.04</Data></Cell>
    <Cell><Data ss:Type="Number">-0.91</Data></Cell>
    <Cell><Data ss:Type="Number">22.7</Data></Cell>
    <Cell><Data ss:Type="Number">39.6</Data></Cell>
    <Cell><Data ss:Type="Number">0</Data></Cell>
    <Cell><Data ss:Type="Number">0</Data></Cell>
    <Cell><Data ss:Type="String">2023-12-07 16:15:23.590780</Data></Cell>
   </Row>
   <Row>
    <Cell><Data ss:Type="String">718</Data></Cell>
    <Cell><Data ss:Type="Number">0.28999999999999998</Data></Cell>
    <Cell><Data ss:Type="Number">-10.08</Data></Cell>
    <Cell><Data ss:Type="Number">0.13</Data></Cell>
    <Cell><Data ss:Type="Number">-9.4499999999999993</Data></Cell>
    <Cell><Data ss:Type="Number">-0.09</Data></Cell>
    <Cell><Data ss:Type="Number">-0.91</Data></Cell>
    <Cell><Data ss:Type="Number">22.7</Data></Cell>
    <Cell><Data ss:Type="Number">39.6</Data></Cell>
    <Cell><Data ss:Type="Number">0</Data></Cell>
    <Cell><Data ss:Type="Number">0</Data></Cell>
    <Cell><Data ss:Type="String">2023-12-07 16:15:23.542919</Data></Cell>
   </Row>
   <Row>
    <Cell><Data ss:Type="String">717</Data></Cell>
    <Cell><Data ss:Type="Number">0.28999999999999998</Data></Cell>
    <Cell><Data ss:Type="Number">-10.199999999999999</Data></Cell>
    <Cell><Data ss:Type="Number">0.14000000000000001</Data></Cell>
    <Cell><Data ss:Type="Number">-9.58</Data></Cell>
    <Cell><Data ss:Type="Number">-7.0000000000000007E-2</Data></Cell>
    <Cell><Data ss:Type="Number">-0.92</Data></Cell>
    <Cell><Data ss:Type="Number">22.7</Data></Cell>
    <Cell><Data ss:Type="Number">39.6</Data></Cell>
    <Cell><Data ss:Type="Number">0</Data></Cell>
    <Cell><Data ss:Type="Number">0</Data></Cell>
    <Cell><Data ss:Type="String">2023-12-07 16:15:23.495568</Data></Cell>
   </Row>
   <Row>
    <Cell><Data ss:Type="String">716</Data></Cell>
    <Cell><Data ss:Type="Number">0.36</Data></Cell>
    <Cell><Data ss:Type="Number">-10.210000000000001</Data></Cell>
    <Cell><Data ss:Type="Number">0.19</Data></Cell>
    <Cell><Data ss:Type="Number">-9.5</Data></Cell>
    <Cell><Data ss:Type="Number">-0.06</Data></Cell>
    <Cell><Data ss:Type="Number">-0.9</Data></Cell>
    <Cell><Data ss:Type="Number">22.7</Data></Cell>
    <Cell><Data ss:Type="Number">39.6</Data></Cell>
    <Cell><Data ss:Type="Number">0</Data></Cell>
    <Cell><Data ss:Type="Number">0</Data></Cell>
    <Cell><Data ss:Type="String">2023-12-07 16:15:23.455883</Data></Cell>
   </Row>
   <Row>
    <Cell><Data ss:Type="String">715</Data></Cell>
    <Cell><Data ss:Type="Number">0.32</Data></Cell>
    <Cell><Data ss:Type="Number">-10.09</Data></Cell>
    <Cell><Data ss:Type="Number">0.35</Data></Cell>
    <Cell><Data ss:Type="Number">-9.5</Data></Cell>
    <Cell><Data ss:Type="Number">-0.09</Data></Cell>
    <Cell><Data ss:Type="Number">-0.92</Data></Cell>
    <Cell><Data ss:Type="Number">22.7</Data></Cell>
    <Cell><Data ss:Type="Number">39.6</Data></Cell>
    <Cell><Data ss:Type="Number">0</Data></Cell>
    <Cell><Data ss:Type="Number">0</Data></Cell>
    <Cell><Data ss:Type="String">2023-12-07 16:15:23.453491</Data></Cell>
   </Row>
   <Row>
    <Cell><Data ss:Type="String">714</Data></Cell>
    <Cell><Data ss:Type="Number">0.39</Data></Cell>
    <Cell><Data ss:Type="Number">-9.94</Data></Cell>
    <Cell><Data ss:Type="Number">0.13</Data></Cell>
    <Cell><Data ss:Type="Number">-9.41</Data></Cell>
    <Cell><Data ss:Type="Number">-0.04</Data></Cell>
    <Cell><Data ss:Type="Number">-0.9</Data></Cell>
    <Cell><Data ss:Type="Number">22.7</Data></Cell>
    <Cell><Data ss:Type="Number">39.6</Data></Cell>
    <Cell><Data ss:Type="Number">0</Data></Cell>
    <Cell><Data ss:Type="Number">0</Data></Cell>
    <Cell><Data ss:Type="String">2023-12-07 16:15:23.404206</Data></Cell>
   </Row>
   <Row>
    <Cell><Data ss:Type="String">713</Data></Cell>
    <Cell><Data ss:Type="Number">0.28999999999999998</Data></Cell>
    <Cell><Data ss:Type="Number">-10.16</Data></Cell>
    <Cell><Data ss:Type="Number">7.0000000000000007E-2</Data></Cell>
    <Cell><Data ss:Type="Number">-9.48</Data></Cell>
    <Cell><Data ss:Type="Number">-0.1</Data></Cell>
    <Cell><Data ss:Type="Number">-0.94</Data></Cell>
    <Cell><Data ss:Type="Number">22.7</Data></Cell>
    <Cell><Data ss:Type="Number">39.6</Data></Cell>
    <Cell><Data ss:Type="Number">0</Data></Cell>
    <Cell><Data ss:Type="Number">0</Data></Cell>
    <Cell><Data ss:Type="String">2023-12-07 16:15:23.360921</Data></Cell>
   </Row>
   <Row>
    <Cell><Data ss:Type="String">712</Data></Cell>
    <Cell><Data ss:Type="Number">0.35</Data></Cell>
    <Cell><Data ss:Type="Number">-10.19</Data></Cell>
    <Cell><Data ss:Type="Number">0.23</Data></Cell>
    <Cell><Data ss:Type="Number">-9.5399999999999991</Data></Cell>
    <Cell><Data ss:Type="Number">-0.08</Data></Cell>
    <Cell><Data ss:Type="Number">-0.88</Data></Cell>
    <Cell><Data ss:Type="Number">22.7</Data></Cell>
    <Cell><Data ss:Type="Number">39.6</Data></Cell>
    <Cell><Data ss:Type="Number">0</Data></Cell>
    <Cell><Data ss:Type="Number">0</Data></Cell>
    <Cell><Data ss:Type="String">2023-12-07 16:15:23.314426</Data></Cell>
   </Row>
   <Row>
    <Cell><Data ss:Type="String">711</Data></Cell>
    <Cell><Data ss:Type="Number">0.25</Data></Cell>
    <Cell><Data ss:Type="Number">-9.8699999999999992</Data></Cell>
    <Cell><Data ss:Type="Number">0.19</Data></Cell>
    <Cell><Data ss:Type="Number">-9.3800000000000008</Data></Cell>
    <Cell><Data ss:Type="Number">-0.12</Data></Cell>
    <Cell><Data ss:Type="Number">-0.88</Data></Cell>
    <Cell><Data ss:Type="Number">22.7</Data></Cell>
    <Cell><Data ss:Type="Number">39.6</Data></Cell>
    <Cell><Data ss:Type="Number">0</Data></Cell>
    <Cell><Data ss:Type="Number">0</Data></Cell>
    <Cell><Data ss:Type="String">2023-12-07 16:15:23.312634</Data></Cell>
   </Row>
   <Row>
    <Cell><Data ss:Type="String">710</Data></Cell>
    <Cell><Data ss:Type="Number">0.25</Data></Cell>
    <Cell><Data ss:Type="Number">-9.9499999999999993</Data></Cell>
    <Cell><Data ss:Type="Number">0.18</Data></Cell>
    <Cell><Data ss:Type="Number">-9.42</Data></Cell>
    <Cell><Data ss:Type="Number">-0.09</Data></Cell>
    <Cell><Data ss:Type="Number">-0.89</Data></Cell>
    <Cell><Data ss:Type="Number">22.7</Data></Cell>
    <Cell><Data ss:Type="Number">39.6</Data></Cell>
    <Cell><Data ss:Type="Number">0</Data></Cell>
    <Cell><Data ss:Type="Number">0</Data></Cell>
    <Cell><Data ss:Type="String">2023-12-07 16:15:23.265328</Data></Cell>
   </Row>
   <Row>
    <Cell><Data ss:Type="String">709</Data></Cell>
    <Cell><Data ss:Type="Number">0.2</Data></Cell>
    <Cell><Data ss:Type="Number">-9.92</Data></Cell>
    <Cell><Data ss:Type="Number">0</Data></Cell>
    <Cell><Data ss:Type="Number">-9.4499999999999993</Data></Cell>
    <Cell><Data ss:Type="Number">-0.06</Data></Cell>
    <Cell><Data ss:Type="Number">-0.93</Data></Cell>
    <Cell><Data ss:Type="Number">22.7</Data></Cell>
    <Cell><Data ss:Type="Number">39.6</Data></Cell>
    <Cell><Data ss:Type="Number">0</Data></Cell>
    <Cell><Data ss:Type="Number">0</Data></Cell>
    <Cell><Data ss:Type="String">2023-12-07 16:15:23.212050</Data></Cell>
   </Row>
   <Row>
    <Cell><Data ss:Type="String">708</Data></Cell>
    <Cell><Data ss:Type="Number">0.31</Data></Cell>
    <Cell><Data ss:Type="Number">-10.16</Data></Cell>
    <Cell><Data ss:Type="Number">0.2</Data></Cell>
    <Cell><Data ss:Type="Number">-9.5399999999999991</Data></Cell>
    <Cell><Data ss:Type="Number">-0.08</Data></Cell>
    <Cell><Data ss:Type="Number">-0.9</Data></Cell>
    <Cell><Data ss:Type="Number">22.7</Data></Cell>
    <Cell><Data ss:Type="Number">39.6</Data></Cell>
    <Cell><Data ss:Type="Number">0</Data></Cell>
    <Cell><Data ss:Type="Number">0</Data></Cell>
    <Cell><Data ss:Type="String">2023-12-07 16:15:23.210482</Data></Cell>
   </Row>
   <Row>
    <Cell><Data ss:Type="String">707</Data></Cell>
    <Cell><Data ss:Type="Number">0.28000000000000003</Data></Cell>
    <Cell><Data ss:Type="Number">-10.220000000000001</Data></Cell>
    <Cell><Data ss:Type="Number">0.2</Data></Cell>
    <Cell><Data ss:Type="Number">-9.5500000000000007</Data></Cell>
    <Cell><Data ss:Type="Number">-0.06</Data></Cell>
    <Cell><Data ss:Type="Number">-0.88</Data></Cell>
    <Cell><Data ss:Type="Number">22.7</Data></Cell>
    <Cell><Data ss:Type="Number">39.6</Data></Cell>
    <Cell><Data ss:Type="Number">0</Data></Cell>
    <Cell><Data ss:Type="Number">0</Data></Cell>
    <Cell><Data ss:Type="String">2023-12-07 16:15:23.208718</Data></Cell>
   </Row>
   <Row>
    <Cell><Data ss:Type="String">706</Data></Cell>
    <Cell><Data ss:Type="Number">0.25</Data></Cell>
    <Cell><Data ss:Type="Number">-10.29</Data></Cell>
    <Cell><Data ss:Type="Number">0.16</Data></Cell>
    <Cell><Data ss:Type="Number">-9.51</Data></Cell>
    <Cell><Data ss:Type="Number">-7.0000000000000007E-2</Data></Cell>
    <Cell><Data ss:Type="Number">-0.93</Data></Cell>
    <Cell><Data ss:Type="Number">22.7</Data></Cell>
    <Cell><Data ss:Type="Number">39.6</Data></Cell>
    <Cell><Data ss:Type="Number">0</Data></Cell>
    <Cell><Data ss:Type="Number">0</Data></Cell>
    <Cell><Data ss:Type="String">2023-12-07 16:15:23.206785</Data></Cell>
   </Row>
   <Row>
    <Cell><Data ss:Type="String">705</Data></Cell>
    <Cell><Data ss:Type="Number">0.22</Data></Cell>
    <Cell><Data ss:Type="Number">-10.130000000000001</Data></Cell>
    <Cell><Data ss:Type="Number">0.22</Data></Cell>
    <Cell><Data ss:Type="Number">-9.44</Data></Cell>
    <Cell><Data ss:Type="Number">-0.06</Data></Cell>
    <Cell><Data ss:Type="Number">-0.91</Data></Cell>
    <Cell><Data ss:Type="Number">22.7</Data></Cell>
    <Cell><Data ss:Type="Number">39.6</Data></Cell>
    <Cell><Data ss:Type="Number">0</Data></Cell>
    <Cell><Data ss:Type="Number">0</Data></Cell>
    <Cell><Data ss:Type="String">2023-12-07 16:15:23.204436</Data></Cell>
   </Row>
   <Row>
    <Cell><Data ss:Type="String">704</Data></Cell>
    <Cell><Data ss:Type="Number">0.3</Data></Cell>
    <Cell><Data ss:Type="Number">-9.9</Data></Cell>
    <Cell><Data ss:Type="Number">0.1</Data></Cell>
    <Cell><Data ss:Type="Number">-9.4</Data></Cell>
    <Cell><Data ss:Type="Number">-7.0000000000000007E-2</Data></Cell>
    <Cell><Data ss:Type="Number">-0.95</Data></Cell>
    <Cell><Data ss:Type="Number">22.7</Data></Cell>
    <Cell><Data ss:Type="Number">39.6</Data></Cell>
    <Cell><Data ss:Type="Number">0</Data></Cell>
    <Cell><Data ss:Type="Number">0</Data></Cell>
    <Cell><Data ss:Type="String">2023-12-07 16:15:23.201103</Data></Cell>
   </Row>
   <Row>
    <Cell><Data ss:Type="String">703</Data></Cell>
    <Cell><Data ss:Type="Number">0.36</Data></Cell>
    <Cell><Data ss:Type="Number">-9.9600000000000009</Data></Cell>
    <Cell><Data ss:Type="Number">0.12</Data></Cell>
    <Cell><Data ss:Type="Number">-9.44</Data></Cell>
    <Cell><Data ss:Type="Number">-7.0000000000000007E-2</Data></Cell>
    <Cell><Data ss:Type="Number">-0.9</Data></Cell>
    <Cell><Data ss:Type="Number">22.7</Data></Cell>
    <Cell><Data ss:Type="Number">39.6</Data></Cell>
    <Cell><Data ss:Type="Number">0</Data></Cell>
    <Cell><Data ss:Type="Number">0</Data></Cell>
    <Cell><Data ss:Type="String">2023-12-07 16:15:23.199530</Data></Cell>
   </Row>
   <Row>
    <Cell><Data ss:Type="String">702</Data></Cell>
    <Cell><Data ss:Type="Number">0.3</Data></Cell>
    <Cell><Data ss:Type="Number">-10.28</Data></Cell>
    <Cell><Data ss:Type="Number">0.16</Data></Cell>
    <Cell><Data ss:Type="Number">-9.58</Data></Cell>
    <Cell><Data ss:Type="Number">-0.06</Data></Cell>
    <Cell><Data ss:Type="Number">-0.89</Data></Cell>
    <Cell><Data ss:Type="Number">22.7</Data></Cell>
    <Cell><Data ss:Type="Number">39.6</Data></Cell>
    <Cell><Data ss:Type="Number">0</Data></Cell>
    <Cell><Data ss:Type="Number">0</Data></Cell>
    <Cell><Data ss:Type="String">2023-12-07 16:15:23.197523</Data></Cell>
   </Row>
   <Row>
    <Cell><Data ss:Type="String">701</Data></Cell>
    <Cell><Data ss:Type="Number">0.26</Data></Cell>
    <Cell><Data ss:Type="Number">-10.16</Data></Cell>
    <Cell><Data ss:Type="Number">0.11</Data></Cell>
    <Cell><Data ss:Type="Number">-9.51</Data></Cell>
    <Cell><Data ss:Type="Number">-0.08</Data></Cell>
    <Cell><Data ss:Type="Number">-0.92</Data></Cell>
    <Cell><Data ss:Type="Number">22.7</Data></Cell>
    <Cell><Data ss:Type="Number">39.6</Data></Cell>
    <Cell><Data ss:Type="Number">0</Data></Cell>
    <Cell><Data ss:Type="Number">0</Data></Cell>
    <Cell><Data ss:Type="String">2023-12-07 16:15:22.967638</Data></Cell>
   </Row>
   <Row>
    <Cell><Data ss:Type="String">700</Data></Cell>
    <Cell><Data ss:Type="Number">0.31</Data></Cell>
    <Cell><Data ss:Type="Number">-10.08</Data></Cell>
    <Cell><Data ss:Type="Number">0.21</Data></Cell>
    <Cell><Data ss:Type="Number">-9.5299999999999994</Data></Cell>
    <Cell><Data ss:Type="Number">-0.08</Data></Cell>
    <Cell><Data ss:Type="Number">-0.88</Data></Cell>
    <Cell><Data ss:Type="Number">22.7</Data></Cell>
    <Cell><Data ss:Type="Number">39.6</Data></Cell>
    <Cell><Data ss:Type="Number">0</Data></Cell>
    <Cell><Data ss:Type="Number">0</Data></Cell>
    <Cell><Data ss:Type="String">2023-12-07 16:15:22.966062</Data></Cell>
   </Row>
   <Row>
    <Cell><Data ss:Type="String">699</Data></Cell>
    <Cell><Data ss:Type="Number">0.31</Data></Cell>
    <Cell><Data ss:Type="Number">-10.23</Data></Cell>
    <Cell><Data ss:Type="Number">0.16</Data></Cell>
    <Cell><Data ss:Type="Number">-9.5399999999999991</Data></Cell>
    <Cell><Data ss:Type="Number">-0.09</Data></Cell>
    <Cell><Data ss:Type="Number">-0.93</Data></Cell>
    <Cell><Data ss:Type="Number">22.7</Data></Cell>
    <Cell><Data ss:Type="Number">39.6</Data></Cell>
    <Cell><Data ss:Type="Number">0</Data></Cell>
    <Cell><Data ss:Type="Number">0</Data></Cell>
    <Cell><Data ss:Type="String">2023-12-07 16:15:22.891158</Data></Cell>
   </Row>
   <Row>
    <Cell><Data ss:Type="String">698</Data></Cell>
    <Cell><Data ss:Type="Number">0.26</Data></Cell>
    <Cell><Data ss:Type="Number">-10.1</Data></Cell>
    <Cell><Data ss:Type="Number">0.14000000000000001</Data></Cell>
    <Cell><Data ss:Type="Number">-9.4700000000000006</Data></Cell>
    <Cell><Data ss:Type="Number">-0.04</Data></Cell>
    <Cell><Data ss:Type="Number">-0.9</Data></Cell>
    <Cell><Data ss:Type="Number">22.7</Data></Cell>
    <Cell><Data ss:Type="Number">39.6</Data></Cell>
    <Cell><Data ss:Type="Number">0</Data></Cell>
    <Cell><Data ss:Type="Number">0</Data></Cell>
    <Cell><Data ss:Type="String">2023-12-07 16:15:22.889331</Data></Cell>
   </Row>
   <Row>
    <Cell><Data ss:Type="String">697</Data></Cell>
    <Cell><Data ss:Type="Number">0.17</Data></Cell>
    <Cell><Data ss:Type="Number">-10.029999999999999</Data></Cell>
    <Cell><Data ss:Type="Number">0.14000000000000001</Data></Cell>
    <Cell><Data ss:Type="Number">-9.42</Data></Cell>
    <Cell><Data ss:Type="Number">-0.09</Data></Cell>
    <Cell><Data ss:Type="Number">-0.95</Data></Cell>
    <Cell><Data ss:Type="Number">22.7</Data></Cell>
    <Cell><Data ss:Type="Number">39.6</Data></Cell>
    <Cell><Data ss:Type="Number">0</Data></Cell>
    <Cell><Data ss:Type="Number">0</Data></Cell>
    <Cell><Data ss:Type="String">2023-12-07 16:15:22.887066</Data></Cell>
   </Row>
   <Row>
    <Cell><Data ss:Type="String">696</Data></Cell>
    <Cell><Data ss:Type="Number">0.28999999999999998</Data></Cell>
    <Cell><Data ss:Type="Number">-9.93</Data></Cell>
    <Cell><Data ss:Type="Number">7.0000000000000007E-2</Data></Cell>
    <Cell><Data ss:Type="Number">-9.44</Data></Cell>
    <Cell><Data ss:Type="Number">-7.0000000000000007E-2</Data></Cell>
    <Cell><Data ss:Type="Number">-0.91</Data></Cell>
    <Cell><Data ss:Type="Number">22.7</Data></Cell>
    <Cell><Data ss:Type="Number">39.6</Data></Cell>
    <Cell><Data ss:Type="Number">0</Data></Cell>
    <Cell><Data ss:Type="Number">0</Data></Cell>
    <Cell><Data ss:Type="String">2023-12-07 16:15:22.885099</Data></Cell>
   </Row>
   <Row>
    <Cell><Data ss:Type="String">695</Data></Cell>
    <Cell><Data ss:Type="Number">0.31</Data></Cell>
    <Cell><Data ss:Type="Number">-10.14</Data></Cell>
    <Cell><Data ss:Type="Number">0.16</Data></Cell>
    <Cell><Data ss:Type="Number">-9.5299999999999994</Data></Cell>
    <Cell><Data ss:Type="Number">-0.05</Data></Cell>
    <Cell><Data ss:Type="Number">-0.9</Data></Cell>
    <Cell><Data ss:Type="Number">22.7</Data></Cell>
    <Cell><Data ss:Type="Number">39.6</Data></Cell>
    <Cell><Data ss:Type="Number">0</Data></Cell>
    <Cell><Data ss:Type="Number">0</Data></Cell>
    <Cell><Data ss:Type="String">2023-12-07 16:15:22.883853</Data></Cell>
   </Row>
   <Row>
    <Cell><Data ss:Type="String">694</Data></Cell>
    <Cell><Data ss:Type="Number">0.23</Data></Cell>
    <Cell><Data ss:Type="Number">-10.28</Data></Cell>
    <Cell><Data ss:Type="Number">0.18</Data></Cell>
    <Cell><Data ss:Type="Number">-9.56</Data></Cell>
    <Cell><Data ss:Type="Number">-7.0000000000000007E-2</Data></Cell>
    <Cell><Data ss:Type="Number">-0.93</Data></Cell>
    <Cell><Data ss:Type="Number">22.7</Data></Cell>
    <Cell><Data ss:Type="Number">39.6</Data></Cell>
    <Cell><Data ss:Type="Number">0</Data></Cell>
    <Cell><Data ss:Type="Number">0</Data></Cell>
    <Cell><Data ss:Type="String">2023-12-07 16:15:22.882603</Data></Cell>
   </Row>
   <Row>
    <Cell><Data ss:Type="String">693</Data></Cell>
    <Cell><Data ss:Type="Number">0.25</Data></Cell>
    <Cell><Data ss:Type="Number">-9.9600000000000009</Data></Cell>
    <Cell><Data ss:Type="Number">0.15</Data></Cell>
    <Cell><Data ss:Type="Number">-9.4499999999999993</Data></Cell>
    <Cell><Data ss:Type="Number">-0.06</Data></Cell>
    <Cell><Data ss:Type="Number">-0.89</Data></Cell>
    <Cell><Data ss:Type="Number">22.7</Data></Cell>
    <Cell><Data ss:Type="Number">39.6</Data></Cell>
    <Cell><Data ss:Type="Number">0</Data></Cell>
    <Cell><Data ss:Type="Number">0</Data></Cell>
    <Cell><Data ss:Type="String">2023-12-07 16:15:22.881226</Data></Cell>
   </Row>
   <Row>
    <Cell><Data ss:Type="String">692</Data></Cell>
    <Cell><Data ss:Type="Number">0.31</Data></Cell>
    <Cell><Data ss:Type="Number">-10.130000000000001</Data></Cell>
    <Cell><Data ss:Type="Number">0.18</Data></Cell>
    <Cell><Data ss:Type="Number">-9.4499999999999993</Data></Cell>
    <Cell><Data ss:Type="Number">-0.08</Data></Cell>
    <Cell><Data ss:Type="Number">-0.93</Data></Cell>
    <Cell><Data ss:Type="Number">22.7</Data></Cell>
    <Cell><Data ss:Type="Number">39.6</Data></Cell>
    <Cell><Data ss:Type="Number">0</Data></Cell>
    <Cell><Data ss:Type="Number">0</Data></Cell>
    <Cell><Data ss:Type="String">2023-12-07 16:15:22.635526</Data></Cell>
   </Row>
   <Row>
    <Cell><Data ss:Type="String">691</Data></Cell>
    <Cell><Data ss:Type="Number">0.35</Data></Cell>
    <Cell><Data ss:Type="Number">-9.9499999999999993</Data></Cell>
    <Cell><Data ss:Type="Number">0.18</Data></Cell>
    <Cell><Data ss:Type="Number">-9.41</Data></Cell>
    <Cell><Data ss:Type="Number">-0.1</Data></Cell>
    <Cell><Data ss:Type="Number">-0.88</Data></Cell>
    <Cell><Data ss:Type="Number">22.7</Data></Cell>
    <Cell><Data ss:Type="Number">39.6</Data></Cell>
    <Cell><Data ss:Type="Number">0</Data></Cell>
    <Cell><Data ss:Type="Number">0</Data></Cell>
    <Cell><Data ss:Type="String">2023-12-07 16:15:22.591174</Data></Cell>
   </Row>
   <Row>
    <Cell><Data ss:Type="String">690</Data></Cell>
    <Cell><Data ss:Type="Number">0.26</Data></Cell>
    <Cell><Data ss:Type="Number">-10.029999999999999</Data></Cell>
    <Cell><Data ss:Type="Number">0.12</Data></Cell>
    <Cell><Data ss:Type="Number">-9.51</Data></Cell>
    <Cell><Data ss:Type="Number">-7.0000000000000007E-2</Data></Cell>
    <Cell><Data ss:Type="Number">-0.92</Data></Cell>
    <Cell><Data ss:Type="Number">22.7</Data></Cell>
    <Cell><Data ss:Type="Number">39.6</Data></Cell>
    <Cell><Data ss:Type="Number">0</Data></Cell>
    <Cell><Data ss:Type="Number">0</Data></Cell>
    <Cell><Data ss:Type="String">2023-12-07 16:15:22.547589</Data></Cell>
   </Row>
   <Row>
    <Cell><Data ss:Type="String">689</Data></Cell>
    <Cell><Data ss:Type="Number">0.25</Data></Cell>
    <Cell><Data ss:Type="Number">-10.210000000000001</Data></Cell>
    <Cell><Data ss:Type="Number">0.19</Data></Cell>
    <Cell><Data ss:Type="Number">-9.56</Data></Cell>
    <Cell><Data ss:Type="Number">-0.08</Data></Cell>
    <Cell><Data ss:Type="Number">-0.86</Data></Cell>
    <Cell><Data ss:Type="Number">22.7</Data></Cell>
    <Cell><Data ss:Type="Number">39.6</Data></Cell>
    <Cell><Data ss:Type="Number">0</Data></Cell>
    <Cell><Data ss:Type="Number">0</Data></Cell>
    <Cell><Data ss:Type="String">2023-12-07 16:15:22.545989</Data></Cell>
   </Row>
   <Row>
    <Cell><Data ss:Type="String">688</Data></Cell>
    <Cell><Data ss:Type="Number">0.28999999999999998</Data></Cell>
    <Cell><Data ss:Type="Number">-10.14</Data></Cell>
    <Cell><Data ss:Type="Number">0.08</Data></Cell>
    <Cell><Data ss:Type="Number">-9.4600000000000009</Data></Cell>
    <Cell><Data ss:Type="Number">-0.06</Data></Cell>
    <Cell><Data ss:Type="Number">-0.93</Data></Cell>
    <Cell><Data ss:Type="Number">22.7</Data></Cell>
    <Cell><Data ss:Type="Number">39.6</Data></Cell>
    <Cell><Data ss:Type="Number">0</Data></Cell>
    <Cell><Data ss:Type="Number">0</Data></Cell>
    <Cell><Data ss:Type="String">2023-12-07 16:15:22.498407</Data></Cell>
   </Row>
   <Row>
    <Cell><Data ss:Type="String">687</Data></Cell>
    <Cell><Data ss:Type="Number">0.32</Data></Cell>
    <Cell><Data ss:Type="Number">-9.98</Data></Cell>
    <Cell><Data ss:Type="Number">0.31</Data></Cell>
    <Cell><Data ss:Type="Number">-9.44</Data></Cell>
    <Cell><Data ss:Type="Number">-0.1</Data></Cell>
    <Cell><Data ss:Type="Number">-0.91</Data></Cell>
    <Cell><Data ss:Type="Number">22.7</Data></Cell>
    <Cell><Data ss:Type="Number">39.6</Data></Cell>
    <Cell><Data ss:Type="Number">0</Data></Cell>
    <Cell><Data ss:Type="Number">0</Data></Cell>
    <Cell><Data ss:Type="String">2023-12-07 16:15:22.453726</Data></Cell>
   </Row>
   <Row>
    <Cell><Data ss:Type="String">686</Data></Cell>
    <Cell><Data ss:Type="Number">0.28000000000000003</Data></Cell>
    <Cell><Data ss:Type="Number">-9.9600000000000009</Data></Cell>
    <Cell><Data ss:Type="Number">0.17</Data></Cell>
    <Cell><Data ss:Type="Number">-9.41</Data></Cell>
    <Cell><Data ss:Type="Number">-0.09</Data></Cell>
    <Cell><Data ss:Type="Number">-0.88</Data></Cell>
    <Cell><Data ss:Type="Number">22.7</Data></Cell>
    <Cell><Data ss:Type="Number">39.6</Data></Cell>
    <Cell><Data ss:Type="Number">0</Data></Cell>
    <Cell><Data ss:Type="Number">0</Data></Cell>
    <Cell><Data ss:Type="String">2023-12-07 16:15:22.410500</Data></Cell>
   </Row>
   <Row>
    <Cell><Data ss:Type="String">685</Data></Cell>
    <Cell><Data ss:Type="Number">0.24</Data></Cell>
    <Cell><Data ss:Type="Number">-10.19</Data></Cell>
    <Cell><Data ss:Type="Number">0.12</Data></Cell>
    <Cell><Data ss:Type="Number">-9.57</Data></Cell>
    <Cell><Data ss:Type="Number">-0.1</Data></Cell>
    <Cell><Data ss:Type="Number">-1</Data></Cell>
    <Cell><Data ss:Type="Number">22.7</Data></Cell>
    <Cell><Data ss:Type="Number">39.6</Data></Cell>
    <Cell><Data ss:Type="Number">0</Data></Cell>
    <Cell><Data ss:Type="Number">0</Data></Cell>
    <Cell><Data ss:Type="String">2023-12-07 16:15:22.409067</Data></Cell>
   </Row>
   <Row>
    <Cell><Data ss:Type="String">684</Data></Cell>
    <Cell><Data ss:Type="Number">0.05</Data></Cell>
    <Cell><Data ss:Type="Number">-10.050000000000001</Data></Cell>
    <Cell><Data ss:Type="Number">0.24</Data></Cell>
    <Cell><Data ss:Type="Number">-9.42</Data></Cell>
    <Cell><Data ss:Type="Number">0.12</Data></Cell>
    <Cell><Data ss:Type="Number">-0.82</Data></Cell>
    <Cell><Data ss:Type="Number">22.7</Data></Cell>
    <Cell><Data ss:Type="Number">39.6</Data></Cell>
    <Cell><Data ss:Type="Number">0</Data></Cell>
    <Cell><Data ss:Type="Number">0</Data></Cell>
    <Cell><Data ss:Type="String">2023-12-07 16:15:22.358458</Data></Cell>
   </Row>
   <Row>
    <Cell><Data ss:Type="String">683</Data></Cell>
    <Cell><Data ss:Type="Number">0.65</Data></Cell>
    <Cell><Data ss:Type="Number">-10.36</Data></Cell>
    <Cell><Data ss:Type="Number">0.09</Data></Cell>
    <Cell><Data ss:Type="Number">-9.66</Data></Cell>
    <Cell><Data ss:Type="Number">-0.16</Data></Cell>
    <Cell><Data ss:Type="Number">-1.04</Data></Cell>
    <Cell><Data ss:Type="Number">22.7</Data></Cell>
    <Cell><Data ss:Type="Number">39.6</Data></Cell>
    <Cell><Data ss:Type="Number">0</Data></Cell>
    <Cell><Data ss:Type="Number">0</Data></Cell>
    <Cell><Data ss:Type="String">2023-12-07 16:15:22.356396</Data></Cell>
   </Row>
   <Row>
    <Cell><Data ss:Type="String">682</Data></Cell>
    <Cell><Data ss:Type="Number">1.06</Data></Cell>
    <Cell><Data ss:Type="Number">-9.67</Data></Cell>
    <Cell><Data ss:Type="Number">0.76</Data></Cell>
    <Cell><Data ss:Type="Number">-9.02</Data></Cell>
    <Cell><Data ss:Type="Number">-0.56000000000000005</Data></Cell>
    <Cell><Data ss:Type="Number">-0.74</Data></Cell>
    <Cell><Data ss:Type="Number">22.7</Data></Cell>
    <Cell><Data ss:Type="Number">39.6</Data></Cell>
    <Cell><Data ss:Type="Number">0</Data></Cell>
    <Cell><Data ss:Type="Number">0</Data></Cell>
    <Cell><Data ss:Type="String">2023-12-07 16:15:22.354127</Data></Cell>
   </Row>
   <Row>
    <Cell><Data ss:Type="String">681</Data></Cell>
    <Cell><Data ss:Type="Number">0.96</Data></Cell>
    <Cell><Data ss:Type="Number">-10.06</Data></Cell>
    <Cell><Data ss:Type="Number">0.63</Data></Cell>
    <Cell><Data ss:Type="Number">-9.49</Data></Cell>
    <Cell><Data ss:Type="Number">-0.42</Data></Cell>
    <Cell><Data ss:Type="Number">-0.79</Data></Cell>
    <Cell><Data ss:Type="Number">22.7</Data></Cell>
    <Cell><Data ss:Type="Number">39.6</Data></Cell>
    <Cell><Data ss:Type="Number">0</Data></Cell>
    <Cell><Data ss:Type="Number">0</Data></Cell>
    <Cell><Data ss:Type="String">2023-12-07 16:15:22.351987</Data></Cell>
   </Row>
   <Row>
    <Cell><Data ss:Type="String">680</Data></Cell>
    <Cell><Data ss:Type="Number">0.76</Data></Cell>
    <Cell><Data ss:Type="Number">-9.99</Data></Cell>
    <Cell><Data ss:Type="Number">0.42</Data></Cell>
    <Cell><Data ss:Type="Number">-9.4499999999999993</Data></Cell>
    <Cell><Data ss:Type="Number">-0.46</Data></Cell>
    <Cell><Data ss:Type="Number">-1</Data></Cell>
    <Cell><Data ss:Type="Number">22.7</Data></Cell>
    <Cell><Data ss:Type="Number">39.6</Data></Cell>
    <Cell><Data ss:Type="Number">0</Data></Cell>
    <Cell><Data ss:Type="Number">0</Data></Cell>
    <Cell><Data ss:Type="String">2023-12-07 16:15:22.217993</Data></Cell>
   </Row>
   <Row>
    <Cell><Data ss:Type="String">679</Data></Cell>
    <Cell><Data ss:Type="Number">-1.48</Data></Cell>
    <Cell><Data ss:Type="Number">-10.039999999999999</Data></Cell>
    <Cell><Data ss:Type="Number">-0.66</Data></Cell>
    <Cell><Data ss:Type="Number">-9.42</Data></Cell>
    <Cell><Data ss:Type="Number">0.43</Data></Cell>
    <Cell><Data ss:Type="Number">-0.76</Data></Cell>
    <Cell><Data ss:Type="Number">22.7</Data></Cell>
    <Cell><Data ss:Type="Number">39.6</Data></Cell>
    <Cell><Data ss:Type="Number">0</Data></Cell>
    <Cell><Data ss:Type="Number">0</Data></Cell>
    <Cell><Data ss:Type="String">2023-12-07 16:15:22.216658</Data></Cell>
   </Row>
   <Row>
    <Cell><Data ss:Type="String">678</Data></Cell>
    <Cell><Data ss:Type="Number">0.18</Data></Cell>
    <Cell><Data ss:Type="Number">-10.210000000000001</Data></Cell>
    <Cell><Data ss:Type="Number">-0.67</Data></Cell>
    <Cell><Data ss:Type="Number">-9.4499999999999993</Data></Cell>
    <Cell><Data ss:Type="Number">0.79</Data></Cell>
    <Cell><Data ss:Type="Number">-1.34</Data></Cell>
    <Cell><Data ss:Type="Number">22.7</Data></Cell>
    <Cell><Data ss:Type="Number">39.6</Data></Cell>
    <Cell><Data ss:Type="Number">0</Data></Cell>
    <Cell><Data ss:Type="Number">0</Data></Cell>
    <Cell><Data ss:Type="String">2023-12-07 16:15:22.215446</Data></Cell>
   </Row>
   <Row>
    <Cell><Data ss:Type="String">677</Data></Cell>
    <Cell><Data ss:Type="Number">4.16</Data></Cell>
    <Cell><Data ss:Type="Number">-7.73</Data></Cell>
    <Cell><Data ss:Type="Number">1.76</Data></Cell>
    <Cell><Data ss:Type="Number">-8.1</Data></Cell>
    <Cell><Data ss:Type="Number">-2.04</Data></Cell>
    <Cell><Data ss:Type="Number">0.28000000000000003</Data></Cell>
    <Cell><Data ss:Type="Number">22.7</Data></Cell>
    <Cell><Data ss:Type="Number">39.6</Data></Cell>
    <Cell><Data ss:Type="Number">0</Data></Cell>
    <Cell><Data ss:Type="Number">0</Data></Cell>
    <Cell><Data ss:Type="String">2023-12-07 16:15:22.213930</Data></Cell>
   </Row>
   <Row>
    <Cell><Data ss:Type="String">676</Data></Cell>
    <Cell><Data ss:Type="Number">0.52</Data></Cell>
    <Cell><Data ss:Type="Number">-9.91</Data></Cell>
    <Cell><Data ss:Type="Number">0.31</Data></Cell>
    <Cell><Data ss:Type="Number">-9.4499999999999993</Data></Cell>
    <Cell><Data ss:Type="Number">-0.11</Data></Cell>
    <Cell><Data ss:Type="Number">-0.97</Data></Cell>
    <Cell><Data ss:Type="Number">22.7</Data></Cell>
    <Cell><Data ss:Type="Number">39.6</Data></Cell>
    <Cell><Data ss:Type="Number">0</Data></Cell>
    <Cell><Data ss:Type="Number">0</Data></Cell>
    <Cell><Data ss:Type="String">2023-12-07 16:15:22.212414</Data></Cell>
   </Row>
   <Row>
    <Cell><Data ss:Type="String">675</Data></Cell>
    <Cell><Data ss:Type="Number">0.82</Data></Cell>
    <Cell><Data ss:Type="Number">-9.49</Data></Cell>
    <Cell><Data ss:Type="Number">-0.13</Data></Cell>
    <Cell><Data ss:Type="Number">-9.43</Data></Cell>
    <Cell><Data ss:Type="Number">-0.02</Data></Cell>
    <Cell><Data ss:Type="Number">-0.89</Data></Cell>
    <Cell><Data ss:Type="Number">22.7</Data></Cell>
    <Cell><Data ss:Type="Number">39.6</Data></Cell>
    <Cell><Data ss:Type="Number">0</Data></Cell>
    <Cell><Data ss:Type="Number">0</Data></Cell>
    <Cell><Data ss:Type="String">2023-12-07 16:15:22.053406</Data></Cell>
   </Row>
   <Row>
    <Cell><Data ss:Type="String">674</Data></Cell>
    <Cell><Data ss:Type="Number">1.0900000000000001</Data></Cell>
    <Cell><Data ss:Type="Number">-9.5299999999999994</Data></Cell>
    <Cell><Data ss:Type="Number">0.25</Data></Cell>
    <Cell><Data ss:Type="Number">-9.35</Data></Cell>
    <Cell><Data ss:Type="Number">-0.24</Data></Cell>
    <Cell><Data ss:Type="Number">-0.94</Data></Cell>
    <Cell><Data ss:Type="Number">22.7</Data></Cell>
    <Cell><Data ss:Type="Number">39.6</Data></Cell>
    <Cell><Data ss:Type="Number">0</Data></Cell>
    <Cell><Data ss:Type="Number">0</Data></Cell>
    <Cell><Data ss:Type="String">2023-12-07 16:15:22.051865</Data></Cell>
   </Row>
   <Row>
    <Cell><Data ss:Type="String">673</Data></Cell>
    <Cell><Data ss:Type="Number">0.25</Data></Cell>
    <Cell><Data ss:Type="Number">-8.85</Data></Cell>
    <Cell><Data ss:Type="Number">-0.23</Data></Cell>
    <Cell><Data ss:Type="Number">-8.8000000000000007</Data></Cell>
    <Cell><Data ss:Type="Number">0.03</Data></Cell>
    <Cell><Data ss:Type="Number">-1.02</Data></Cell>
    <Cell><Data ss:Type="Number">22.7</Data></Cell>
    <Cell><Data ss:Type="Number">39.6</Data></Cell>
    <Cell><Data ss:Type="Number">0</Data></Cell>
    <Cell><Data ss:Type="Number">0</Data></Cell>
    <Cell><Data ss:Type="String">2023-12-07 16:15:22.050300</Data></Cell>
   </Row>
   <Row>
    <Cell><Data ss:Type="String">672</Data></Cell>
    <Cell><Data ss:Type="Number">0.11</Data></Cell>
    <Cell><Data ss:Type="Number">-10.01</Data></Cell>
    <Cell><Data ss:Type="Number">0.14000000000000001</Data></Cell>
    <Cell><Data ss:Type="Number">-9.39</Data></Cell>
    <Cell><Data ss:Type="Number">0</Data></Cell>
    <Cell><Data ss:Type="Number">-0.93</Data></Cell>
    <Cell><Data ss:Type="Number">22.7</Data></Cell>
    <Cell><Data ss:Type="Number">39.6</Data></Cell>
    <Cell><Data ss:Type="Number">0</Data></Cell>
    <Cell><Data ss:Type="Number">0</Data></Cell>
    <Cell><Data ss:Type="String">2023-12-07 16:15:22.048716</Data></Cell>
   </Row>
   <Row>
    <Cell><Data ss:Type="String">671</Data></Cell>
    <Cell><Data ss:Type="Number">0.31</Data></Cell>
    <Cell><Data ss:Type="Number">-9.67</Data></Cell>
    <Cell><Data ss:Type="Number">0.38</Data></Cell>
    <Cell><Data ss:Type="Number">-9.4499999999999993</Data></Cell>
    <Cell><Data ss:Type="Number">-0.1</Data></Cell>
    <Cell><Data ss:Type="Number">-0.94</Data></Cell>
    <Cell><Data ss:Type="Number">22.7</Data></Cell>
    <Cell><Data ss:Type="Number">39.6</Data></Cell>
    <Cell><Data ss:Type="Number">0</Data></Cell>
    <Cell><Data ss:Type="Number">0</Data></Cell>
    <Cell><Data ss:Type="String">2023-12-07 16:15:22.047244</Data></Cell>
   </Row>
   <Row>
    <Cell><Data ss:Type="String">670</Data></Cell>
    <Cell><Data ss:Type="Number">0.2</Data></Cell>
    <Cell><Data ss:Type="Number">-9.7799999999999994</Data></Cell>
    <Cell><Data ss:Type="Number">0.2</Data></Cell>
    <Cell><Data ss:Type="Number">-9.5399999999999991</Data></Cell>
    <Cell><Data ss:Type="Number">-7.0000000000000007E-2</Data></Cell>
    <Cell><Data ss:Type="Number">-0.86</Data></Cell>
    <Cell><Data ss:Type="Number">22.7</Data></Cell>
    <Cell><Data ss:Type="Number">39.6</Data></Cell>
    <Cell><Data ss:Type="Number">0</Data></Cell>
    <Cell><Data ss:Type="Number">0</Data></Cell>
    <Cell><Data ss:Type="String">2023-12-07 16:15:22.045494</Data></Cell>
   </Row>
   <Row>
    <Cell><Data ss:Type="String">669</Data></Cell>
    <Cell><Data ss:Type="Number">0.56000000000000005</Data></Cell>
    <Cell><Data ss:Type="Number">-9.2100000000000009</Data></Cell>
    <Cell><Data ss:Type="Number">0.1</Data></Cell>
    <Cell><Data ss:Type="Number">-9.4600000000000009</Data></Cell>
    <Cell><Data ss:Type="Number">-0.16</Data></Cell>
    <Cell><Data ss:Type="Number">-1</Data></Cell>
    <Cell><Data ss:Type="Number">22.7</Data></Cell>
    <Cell><Data ss:Type="Number">39.6</Data></Cell>
    <Cell><Data ss:Type="Number">0</Data></Cell>
    <Cell><Data ss:Type="Number">0</Data></Cell>
    <Cell><Data ss:Type="String">2023-12-07 16:15:22.043857</Data></Cell>
   </Row>
   <Row>
    <Cell><Data ss:Type="String">668</Data></Cell>
    <Cell><Data ss:Type="Number">0.17</Data></Cell>
    <Cell><Data ss:Type="Number">-10.45</Data></Cell>
    <Cell><Data ss:Type="Number">0.21</Data></Cell>
    <Cell><Data ss:Type="Number">-9.5399999999999991</Data></Cell>
    <Cell><Data ss:Type="Number">-0.12</Data></Cell>
    <Cell><Data ss:Type="Number">-0.87</Data></Cell>
    <Cell><Data ss:Type="Number">22.7</Data></Cell>
    <Cell><Data ss:Type="Number">39.6</Data></Cell>
    <Cell><Data ss:Type="Number">0</Data></Cell>
    <Cell><Data ss:Type="Number">0</Data></Cell>
    <Cell><Data ss:Type="String">2023-12-07 16:15:21.809259</Data></Cell>
   </Row>
   <Row>
    <Cell><Data ss:Type="String">667</Data></Cell>
    <Cell><Data ss:Type="Number">-0.12</Data></Cell>
    <Cell><Data ss:Type="Number">-9.4600000000000009</Data></Cell>
    <Cell><Data ss:Type="Number">0.19</Data></Cell>
    <Cell><Data ss:Type="Number">-9.39</Data></Cell>
    <Cell><Data ss:Type="Number">-0.05</Data></Cell>
    <Cell><Data ss:Type="Number">-0.93</Data></Cell>
    <Cell><Data ss:Type="Number">22.7</Data></Cell>
    <Cell><Data ss:Type="Number">39.6</Data></Cell>
    <Cell><Data ss:Type="Number">0</Data></Cell>
    <Cell><Data ss:Type="Number">0</Data></Cell>
    <Cell><Data ss:Type="String">2023-12-07 16:15:21.765183</Data></Cell>
   </Row>
   <Row>
    <Cell><Data ss:Type="String">666</Data></Cell>
    <Cell><Data ss:Type="Number">0.28000000000000003</Data></Cell>
    <Cell><Data ss:Type="Number">-9.76</Data></Cell>
    <Cell><Data ss:Type="Number">0.25</Data></Cell>
    <Cell><Data ss:Type="Number">-9.7200000000000006</Data></Cell>
    <Cell><Data ss:Type="Number">-0.04</Data></Cell>
    <Cell><Data ss:Type="Number">-0.8</Data></Cell>
    <Cell><Data ss:Type="Number">22.7</Data></Cell>
    <Cell><Data ss:Type="Number">39.6</Data></Cell>
    <Cell><Data ss:Type="Number">0</Data></Cell>
    <Cell><Data ss:Type="Number">0</Data></Cell>
    <Cell><Data ss:Type="String">2023-12-07 16:15:21.763434</Data></Cell>
   </Row>
   <Row>
    <Cell><Data ss:Type="String">665</Data></Cell>
    <Cell><Data ss:Type="Number">0.39</Data></Cell>
    <Cell><Data ss:Type="Number">-10.14</Data></Cell>
    <Cell><Data ss:Type="Number">0.1</Data></Cell>
    <Cell><Data ss:Type="Number">-9.64</Data></Cell>
    <Cell><Data ss:Type="Number">0.01</Data></Cell>
    <Cell><Data ss:Type="Number">-0.97</Data></Cell>
    <Cell><Data ss:Type="Number">22.7</Data></Cell>
    <Cell><Data ss:Type="Number">39.6</Data></Cell>
    <Cell><Data ss:Type="Number">0</Data></Cell>
    <Cell><Data ss:Type="Number">0</Data></Cell>
    <Cell><Data ss:Type="String">2023-12-07 16:15:21.717371</Data></Cell>
   </Row>
   <Row>
    <Cell><Data ss:Type="String">664</Data></Cell>
    <Cell><Data ss:Type="Number">0.03</Data></Cell>
    <Cell><Data ss:Type="Number">-10.45</Data></Cell>
    <Cell><Data ss:Type="Number">0.18</Data></Cell>
    <Cell><Data ss:Type="Number">-9.5</Data></Cell>
    <Cell><Data ss:Type="Number">-0.05</Data></Cell>
    <Cell><Data ss:Type="Number">-0.94</Data></Cell>
    <Cell><Data ss:Type="Number">22.7</Data></Cell>
    <Cell><Data ss:Type="Number">39.6</Data></Cell>
    <Cell><Data ss:Type="Number">0</Data></Cell>
    <Cell><Data ss:Type="Number">0</Data></Cell>
    <Cell><Data ss:Type="String">2023-12-07 16:15:21.676606</Data></Cell>
   </Row>
   <Row>
    <Cell><Data ss:Type="String">663</Data></Cell>
    <Cell><Data ss:Type="Number">0.05</Data></Cell>
    <Cell><Data ss:Type="Number">-10.199999999999999</Data></Cell>
    <Cell><Data ss:Type="Number">-0.05</Data></Cell>
    <Cell><Data ss:Type="Number">-9.52</Data></Cell>
    <Cell><Data ss:Type="Number">-0.04</Data></Cell>
    <Cell><Data ss:Type="Number">-0.89</Data></Cell>
    <Cell><Data ss:Type="Number">22.7</Data></Cell>
    <Cell><Data ss:Type="Number">39.6</Data></Cell>
    <Cell><Data ss:Type="Number">0</Data></Cell>
    <Cell><Data ss:Type="Number">0</Data></Cell>
    <Cell><Data ss:Type="String">2023-12-07 16:15:21.673899</Data></Cell>
   </Row>
   <Row>
    <Cell><Data ss:Type="String">662</Data></Cell>
    <Cell><Data ss:Type="Number">0.7</Data></Cell>
    <Cell><Data ss:Type="Number">-10</Data></Cell>
    <Cell><Data ss:Type="Number">0.73</Data></Cell>
    <Cell><Data ss:Type="Number">-9.5399999999999991</Data></Cell>
    <Cell><Data ss:Type="Number">-0.04</Data></Cell>
    <Cell><Data ss:Type="Number">-0.94</Data></Cell>
    <Cell><Data ss:Type="Number">22.7</Data></Cell>
    <Cell><Data ss:Type="Number">39.6</Data></Cell>
    <Cell><Data ss:Type="Number">0</Data></Cell>
    <Cell><Data ss:Type="Number">0</Data></Cell>
    <Cell><Data ss:Type="String">2023-12-07 16:15:21.671149</Data></Cell>
   </Row>
   <Row>
    <Cell><Data ss:Type="String">661</Data></Cell>
    <Cell><Data ss:Type="Number">0.13</Data></Cell>
    <Cell><Data ss:Type="Number">-9.4499999999999993</Data></Cell>
    <Cell><Data ss:Type="Number">0.01</Data></Cell>
    <Cell><Data ss:Type="Number">-9.3800000000000008</Data></Cell>
    <Cell><Data ss:Type="Number">-0.05</Data></Cell>
    <Cell><Data ss:Type="Number">-0.92</Data></Cell>
    <Cell><Data ss:Type="Number">22.7</Data></Cell>
    <Cell><Data ss:Type="Number">39.6</Data></Cell>
    <Cell><Data ss:Type="Number">0</Data></Cell>
    <Cell><Data ss:Type="Number">0</Data></Cell>
    <Cell><Data ss:Type="String">2023-12-07 16:15:21.668707</Data></Cell>
   </Row>
   <Row>
    <Cell><Data ss:Type="String">660</Data></Cell>
    <Cell><Data ss:Type="Number">-7.0000000000000007E-2</Data></Cell>
    <Cell><Data ss:Type="Number">-9.77</Data></Cell>
    <Cell><Data ss:Type="Number">0.11</Data></Cell>
    <Cell><Data ss:Type="Number">-9.4700000000000006</Data></Cell>
    <Cell><Data ss:Type="Number">-0.05</Data></Cell>
    <Cell><Data ss:Type="Number">-0.91</Data></Cell>
    <Cell><Data ss:Type="Number">22.7</Data></Cell>
    <Cell><Data ss:Type="Number">39.6</Data></Cell>
    <Cell><Data ss:Type="Number">0</Data></Cell>
    <Cell><Data ss:Type="Number">0</Data></Cell>
    <Cell><Data ss:Type="String">2023-12-07 16:15:21.667047</Data></Cell>
   </Row>
   <Row>
    <Cell><Data ss:Type="String">659</Data></Cell>
    <Cell><Data ss:Type="Number">0.15</Data></Cell>
    <Cell><Data ss:Type="Number">-9.94</Data></Cell>
    <Cell><Data ss:Type="Number">0.45</Data></Cell>
    <Cell><Data ss:Type="Number">-9.49</Data></Cell>
    <Cell><Data ss:Type="Number">-0.06</Data></Cell>
    <Cell><Data ss:Type="Number">-0.93</Data></Cell>
    <Cell><Data ss:Type="Number">22.7</Data></Cell>
    <Cell><Data ss:Type="Number">39.6</Data></Cell>
    <Cell><Data ss:Type="Number">0</Data></Cell>
    <Cell><Data ss:Type="Number">0</Data></Cell>
    <Cell><Data ss:Type="String">2023-12-07 16:15:21.665515</Data></Cell>
   </Row>
   <Row>
    <Cell><Data ss:Type="String">658</Data></Cell>
    <Cell><Data ss:Type="Number">0.43</Data></Cell>
    <Cell><Data ss:Type="Number">-10.34</Data></Cell>
    <Cell><Data ss:Type="Number">0.21</Data></Cell>
    <Cell><Data ss:Type="Number">-9.5399999999999991</Data></Cell>
    <Cell><Data ss:Type="Number">0</Data></Cell>
    <Cell><Data ss:Type="Number">-0.85</Data></Cell>
    <Cell><Data ss:Type="Number">22.7</Data></Cell>
    <Cell><Data ss:Type="Number">39.6</Data></Cell>
    <Cell><Data ss:Type="Number">0</Data></Cell>
    <Cell><Data ss:Type="Number">0</Data></Cell>
    <Cell><Data ss:Type="String">2023-12-07 16:15:21.663897</Data></Cell>
   </Row>
   <Row>
    <Cell><Data ss:Type="String">657</Data></Cell>
    <Cell><Data ss:Type="Number">0.36</Data></Cell>
    <Cell><Data ss:Type="Number">-9.84</Data></Cell>
    <Cell><Data ss:Type="Number">0.27</Data></Cell>
    <Cell><Data ss:Type="Number">-9.4700000000000006</Data></Cell>
    <Cell><Data ss:Type="Number">-0.09</Data></Cell>
    <Cell><Data ss:Type="Number">-0.96</Data></Cell>
    <Cell><Data ss:Type="Number">22.7</Data></Cell>
    <Cell><Data ss:Type="Number">39.6</Data></Cell>
    <Cell><Data ss:Type="Number">0</Data></Cell>
    <Cell><Data ss:Type="Number">0</Data></Cell>
    <Cell><Data ss:Type="String">2023-12-07 16:15:21.436992</Data></Cell>
   </Row>
   <Row>
    <Cell><Data ss:Type="String">656</Data></Cell>
    <Cell><Data ss:Type="Number">0.01</Data></Cell>
    <Cell><Data ss:Type="Number">-10.09</Data></Cell>
    <Cell><Data ss:Type="Number">0.34</Data></Cell>
    <Cell><Data ss:Type="Number">-9.4</Data></Cell>
    <Cell><Data ss:Type="Number">0</Data></Cell>
    <Cell><Data ss:Type="Number">-0.89</Data></Cell>
    <Cell><Data ss:Type="Number">22.7</Data></Cell>
    <Cell><Data ss:Type="Number">39.6</Data></Cell>
    <Cell><Data ss:Type="Number">0</Data></Cell>
    <Cell><Data ss:Type="Number">0</Data></Cell>
    <Cell><Data ss:Type="String">2023-12-07 16:15:21.435244</Data></Cell>
   </Row>
   <Row>
    <Cell><Data ss:Type="String">655</Data></Cell>
    <Cell><Data ss:Type="Number">0.6</Data></Cell>
    <Cell><Data ss:Type="Number">-10.029999999999999</Data></Cell>
    <Cell><Data ss:Type="Number">0.1</Data></Cell>
    <Cell><Data ss:Type="Number">-9.58</Data></Cell>
    <Cell><Data ss:Type="Number">-0.09</Data></Cell>
    <Cell><Data ss:Type="Number">-0.98</Data></Cell>
    <Cell><Data ss:Type="Number">22.7</Data></Cell>
    <Cell><Data ss:Type="Number">39.6</Data></Cell>
    <Cell><Data ss:Type="Number">0</Data></Cell>
    <Cell><Data ss:Type="Number">0</Data></Cell>
    <Cell><Data ss:Type="String">2023-12-07 16:15:21.433771</Data></Cell>
   </Row>
   <Row>
    <Cell><Data ss:Type="String">654</Data></Cell>
    <Cell><Data ss:Type="Number">0.37</Data></Cell>
    <Cell><Data ss:Type="Number">-9.64</Data></Cell>
    <Cell><Data ss:Type="Number">-0.04</Data></Cell>
    <Cell><Data ss:Type="Number">-9.4499999999999993</Data></Cell>
    <Cell><Data ss:Type="Number">-0.05</Data></Cell>
    <Cell><Data ss:Type="Number">-0.87</Data></Cell>
    <Cell><Data ss:Type="Number">22.7</Data></Cell>
    <Cell><Data ss:Type="Number">39.6</Data></Cell>
    <Cell><Data ss:Type="Number">0</Data></Cell>
    <Cell><Data ss:Type="Number">0</Data></Cell>
    <Cell><Data ss:Type="String">2023-12-07 16:15:21.432144</Data></Cell>
   </Row>
   <Row>
    <Cell><Data ss:Type="String">653</Data></Cell>
    <Cell><Data ss:Type="Number">0.47</Data></Cell>
    <Cell><Data ss:Type="Number">-9.6999999999999993</Data></Cell>
    <Cell><Data ss:Type="Number">0.25</Data></Cell>
    <Cell><Data ss:Type="Number">-9.51</Data></Cell>
    <Cell><Data ss:Type="Number">-0.15</Data></Cell>
    <Cell><Data ss:Type="Number">-0.88</Data></Cell>
    <Cell><Data ss:Type="Number">22.7</Data></Cell>
    <Cell><Data ss:Type="Number">39.6</Data></Cell>
    <Cell><Data ss:Type="Number">0</Data></Cell>
    <Cell><Data ss:Type="Number">0</Data></Cell>
    <Cell><Data ss:Type="String">2023-12-07 16:15:21.430390</Data></Cell>
   </Row>
   <Row>
    <Cell><Data ss:Type="String">652</Data></Cell>
    <Cell><Data ss:Type="Number">-0.08</Data></Cell>
    <Cell><Data ss:Type="Number">-9.84</Data></Cell>
    <Cell><Data ss:Type="Number">0.28000000000000003</Data></Cell>
    <Cell><Data ss:Type="Number">-9.56</Data></Cell>
    <Cell><Data ss:Type="Number">-0.06</Data></Cell>
    <Cell><Data ss:Type="Number">-0.91</Data></Cell>
    <Cell><Data ss:Type="Number">22.7</Data></Cell>
    <Cell><Data ss:Type="Number">39.6</Data></Cell>
    <Cell><Data ss:Type="Number">0</Data></Cell>
    <Cell><Data ss:Type="Number">0</Data></Cell>
    <Cell><Data ss:Type="String">2023-12-07 16:15:21.279052</Data></Cell>
   </Row>
   <Row>
    <Cell><Data ss:Type="String">651</Data></Cell>
    <Cell><Data ss:Type="Number">0.25</Data></Cell>
    <Cell><Data ss:Type="Number">-9.81</Data></Cell>
    <Cell><Data ss:Type="Number">0.32</Data></Cell>
    <Cell><Data ss:Type="Number">-9.43</Data></Cell>
    <Cell><Data ss:Type="Number">-0.06</Data></Cell>
    <Cell><Data ss:Type="Number">-0.88</Data></Cell>
    <Cell><Data ss:Type="Number">22.7</Data></Cell>
    <Cell><Data ss:Type="Number">39.6</Data></Cell>
    <Cell><Data ss:Type="Number">0</Data></Cell>
    <Cell><Data ss:Type="Number">0</Data></Cell>
    <Cell><Data ss:Type="String">2023-12-07 16:15:21.277339</Data></Cell>
   </Row>
   <Row>
    <Cell><Data ss:Type="String">650</Data></Cell>
    <Cell><Data ss:Type="Number">0.18</Data></Cell>
    <Cell><Data ss:Type="Number">-11.07</Data></Cell>
    <Cell><Data ss:Type="Number">-0.13</Data></Cell>
    <Cell><Data ss:Type="Number">-9.5500000000000007</Data></Cell>
    <Cell><Data ss:Type="Number">-0.17</Data></Cell>
    <Cell><Data ss:Type="Number">-1.02</Data></Cell>
    <Cell><Data ss:Type="Number">22.7</Data></Cell>
    <Cell><Data ss:Type="Number">39.6</Data></Cell>
    <Cell><Data ss:Type="Number">0</Data></Cell>
    <Cell><Data ss:Type="Number">0</Data></Cell>
    <Cell><Data ss:Type="String">2023-12-07 16:15:21.202829</Data></Cell>
   </Row>
   <Row>
    <Cell><Data ss:Type="String">649</Data></Cell>
    <Cell><Data ss:Type="Number">0.32</Data></Cell>
    <Cell><Data ss:Type="Number">-10.1</Data></Cell>
    <Cell><Data ss:Type="Number">0.21</Data></Cell>
    <Cell><Data ss:Type="Number">-9.48</Data></Cell>
    <Cell><Data ss:Type="Number">0.05</Data></Cell>
    <Cell><Data ss:Type="Number">-0.85</Data></Cell>
    <Cell><Data ss:Type="Number">22.7</Data></Cell>
    <Cell><Data ss:Type="Number">39.6</Data></Cell>
    <Cell><Data ss:Type="Number">0</Data></Cell>
    <Cell><Data ss:Type="Number">0</Data></Cell>
    <Cell><Data ss:Type="String">2023-12-07 16:15:21.201126</Data></Cell>
   </Row>
   <Row>
    <Cell><Data ss:Type="String">648</Data></Cell>
    <Cell><Data ss:Type="Number">0.39</Data></Cell>
    <Cell><Data ss:Type="Number">-10.26</Data></Cell>
    <Cell><Data ss:Type="Number">0.23</Data></Cell>
    <Cell><Data ss:Type="Number">-9.49</Data></Cell>
    <Cell><Data ss:Type="Number">-0.15</Data></Cell>
    <Cell><Data ss:Type="Number">-0.91</Data></Cell>
    <Cell><Data ss:Type="Number">22.7</Data></Cell>
    <Cell><Data ss:Type="Number">39.6</Data></Cell>
    <Cell><Data ss:Type="Number">0</Data></Cell>
    <Cell><Data ss:Type="Number">0</Data></Cell>
    <Cell><Data ss:Type="String">2023-12-07 16:15:21.149602</Data></Cell>
   </Row>
   <Row>
    <Cell><Data ss:Type="String">647</Data></Cell>
    <Cell><Data ss:Type="Number">-0.02</Data></Cell>
    <Cell><Data ss:Type="Number">-10.11</Data></Cell>
    <Cell><Data ss:Type="Number">0.5</Data></Cell>
    <Cell><Data ss:Type="Number">-9.36</Data></Cell>
    <Cell><Data ss:Type="Number">-0.22</Data></Cell>
    <Cell><Data ss:Type="Number">-0.91</Data></Cell>
    <Cell><Data ss:Type="Number">22.7</Data></Cell>
    <Cell><Data ss:Type="Number">39.6</Data></Cell>
    <Cell><Data ss:Type="Number">0</Data></Cell>
    <Cell><Data ss:Type="Number">0</Data></Cell>
    <Cell><Data ss:Type="String">2023-12-07 16:15:21.105704</Data></Cell>
   </Row>
   <Row>
    <Cell><Data ss:Type="String">646</Data></Cell>
    <Cell><Data ss:Type="Number">0.1</Data></Cell>
    <Cell><Data ss:Type="Number">-9.86</Data></Cell>
    <Cell><Data ss:Type="Number">-0.22</Data></Cell>
    <Cell><Data ss:Type="Number">-9.58</Data></Cell>
    <Cell><Data ss:Type="Number">-7.0000000000000007E-2</Data></Cell>
    <Cell><Data ss:Type="Number">-0.81</Data></Cell>
    <Cell><Data ss:Type="Number">22.7</Data></Cell>
    <Cell><Data ss:Type="Number">39.6</Data></Cell>
    <Cell><Data ss:Type="Number">0</Data></Cell>
    <Cell><Data ss:Type="Number">0</Data></Cell>
    <Cell><Data ss:Type="String">2023-12-07 16:15:21.103230</Data></Cell>
   </Row>
   <Row>
    <Cell><Data ss:Type="String">645</Data></Cell>
    <Cell><Data ss:Type="Number">-0.04</Data></Cell>
    <Cell><Data ss:Type="Number">-10.49</Data></Cell>
    <Cell><Data ss:Type="Number">-0.13</Data></Cell>
    <Cell><Data ss:Type="Number">-9.59</Data></Cell>
    <Cell><Data ss:Type="Number">0.31</Data></Cell>
    <Cell><Data ss:Type="Number">-1.04</Data></Cell>
    <Cell><Data ss:Type="Number">22.7</Data></Cell>
    <Cell><Data ss:Type="Number">39.6</Data></Cell>
    <Cell><Data ss:Type="Number">0</Data></Cell>
    <Cell><Data ss:Type="Number">0</Data></Cell>
    <Cell><Data ss:Type="String">2023-12-07 16:15:21.055625</Data></Cell>
   </Row>
   <Row>
    <Cell><Data ss:Type="String">644</Data></Cell>
    <Cell><Data ss:Type="Number">0.76</Data></Cell>
    <Cell><Data ss:Type="Number">-10.050000000000001</Data></Cell>
    <Cell><Data ss:Type="Number">0.05</Data></Cell>
    <Cell><Data ss:Type="Number">-9.52</Data></Cell>
    <Cell><Data ss:Type="Number">-0.32</Data></Cell>
    <Cell><Data ss:Type="Number">-0.83</Data></Cell>
    <Cell><Data ss:Type="Number">22.7</Data></Cell>
    <Cell><Data ss:Type="Number">39.6</Data></Cell>
    <Cell><Data ss:Type="Number">0</Data></Cell>
    <Cell><Data ss:Type="Number">0</Data></Cell>
    <Cell><Data ss:Type="String">2023-12-07 16:15:21.053412</Data></Cell>
   </Row>
   <Row>
    <Cell><Data ss:Type="String">643</Data></Cell>
    <Cell><Data ss:Type="Number">1.1000000000000001</Data></Cell>
    <Cell><Data ss:Type="Number">-10.1</Data></Cell>
    <Cell><Data ss:Type="Number">-0.03</Data></Cell>
    <Cell><Data ss:Type="Number">-9.34</Data></Cell>
    <Cell><Data ss:Type="Number">-0.54</Data></Cell>
    <Cell><Data ss:Type="Number">-0.96</Data></Cell>
    <Cell><Data ss:Type="Number">22.7</Data></Cell>
    <Cell><Data ss:Type="Number">39.6</Data></Cell>
    <Cell><Data ss:Type="Number">0</Data></Cell>
    <Cell><Data ss:Type="Number">0</Data></Cell>
    <Cell><Data ss:Type="String">2023-12-07 16:15:21.051843</Data></Cell>
   </Row>
   <Row>
    <Cell><Data ss:Type="String">642</Data></Cell>
    <Cell><Data ss:Type="Number">-1.83</Data></Cell>
    <Cell><Data ss:Type="Number">-12.51</Data></Cell>
    <Cell><Data ss:Type="Number">-0.55000000000000004</Data></Cell>
    <Cell><Data ss:Type="Number">-10.68</Data></Cell>
    <Cell><Data ss:Type="Number">0.64</Data></Cell>
    <Cell><Data ss:Type="Number">-1.03</Data></Cell>
    <Cell><Data ss:Type="Number">22.7</Data></Cell>
    <Cell><Data ss:Type="Number">39.6</Data></Cell>
    <Cell><Data ss:Type="Number">0</Data></Cell>
    <Cell><Data ss:Type="Number">0</Data></Cell>
    <Cell><Data ss:Type="String">2023-12-07 16:15:21.050303</Data></Cell>
   </Row>
   <Row>
    <Cell><Data ss:Type="String">641</Data></Cell>
    <Cell><Data ss:Type="Number">7.0000000000000007E-2</Data></Cell>
    <Cell><Data ss:Type="Number">-9.19</Data></Cell>
    <Cell><Data ss:Type="Number">0.17</Data></Cell>
    <Cell><Data ss:Type="Number">-9.5500000000000007</Data></Cell>
    <Cell><Data ss:Type="Number">0.78</Data></Cell>
    <Cell><Data ss:Type="Number">-0.95</Data></Cell>
    <Cell><Data ss:Type="Number">22.7</Data></Cell>
    <Cell><Data ss:Type="Number">39.6</Data></Cell>
    <Cell><Data ss:Type="Number">0</Data></Cell>
    <Cell><Data ss:Type="Number">0</Data></Cell>
    <Cell><Data ss:Type="String">2023-12-07 16:15:21.048766</Data></Cell>
   </Row>
   <Row>
    <Cell><Data ss:Type="String">640</Data></Cell>
    <Cell><Data ss:Type="Number">3.2</Data></Cell>
    <Cell><Data ss:Type="Number">-10.55</Data></Cell>
    <Cell><Data ss:Type="Number">1.73</Data></Cell>
    <Cell><Data ss:Type="Number">-10.32</Data></Cell>
    <Cell><Data ss:Type="Number">-1.99</Data></Cell>
    <Cell><Data ss:Type="Number">-0.73</Data></Cell>
    <Cell><Data ss:Type="Number">22.7</Data></Cell>
    <Cell><Data ss:Type="Number">39.6</Data></Cell>
    <Cell><Data ss:Type="Number">0</Data></Cell>
    <Cell><Data ss:Type="Number">0</Data></Cell>
    <Cell><Data ss:Type="String">2023-12-07 16:15:21.047340</Data></Cell>
   </Row>
   <Row>
    <Cell><Data ss:Type="String">639</Data></Cell>
    <Cell><Data ss:Type="Number">0.28000000000000003</Data></Cell>
    <Cell><Data ss:Type="Number">-10.1</Data></Cell>
    <Cell><Data ss:Type="Number">0.13</Data></Cell>
    <Cell><Data ss:Type="Number">-9.4600000000000009</Data></Cell>
    <Cell><Data ss:Type="Number">-7.0000000000000007E-2</Data></Cell>
    <Cell><Data ss:Type="Number">-0.91</Data></Cell>
    <Cell><Data ss:Type="Number">22.7</Data></Cell>
    <Cell><Data ss:Type="Number">39.6</Data></Cell>
    <Cell><Data ss:Type="Number">0</Data></Cell>
    <Cell><Data ss:Type="Number">0</Data></Cell>
    <Cell><Data ss:Type="String">2023-12-07 16:15:21.045892</Data></Cell>
   </Row>
   <Row>
    <Cell><Data ss:Type="String">638</Data></Cell>
    <Cell><Data ss:Type="Number">0.31</Data></Cell>
    <Cell><Data ss:Type="Number">-9.98</Data></Cell>
    <Cell><Data ss:Type="Number">0.13</Data></Cell>
    <Cell><Data ss:Type="Number">-9.41</Data></Cell>
    <Cell><Data ss:Type="Number">-0.06</Data></Cell>
    <Cell><Data ss:Type="Number">-0.92</Data></Cell>
    <Cell><Data ss:Type="Number">22.7</Data></Cell>
    <Cell><Data ss:Type="Number">39.6</Data></Cell>
    <Cell><Data ss:Type="Number">0</Data></Cell>
    <Cell><Data ss:Type="Number">0</Data></Cell>
    <Cell><Data ss:Type="String">2023-12-07 16:15:20.818796</Data></Cell>
   </Row>
   <Row>
    <Cell><Data ss:Type="String">637</Data></Cell>
    <Cell><Data ss:Type="Number">0.28000000000000003</Data></Cell>
    <Cell><Data ss:Type="Number">-9.94</Data></Cell>
    <Cell><Data ss:Type="Number">-0.03</Data></Cell>
    <Cell><Data ss:Type="Number">-9.48</Data></Cell>
    <Cell><Data ss:Type="Number">-0.08</Data></Cell>
    <Cell><Data ss:Type="Number">-0.94</Data></Cell>
    <Cell><Data ss:Type="Number">22.7</Data></Cell>
    <Cell><Data ss:Type="Number">39.6</Data></Cell>
    <Cell><Data ss:Type="Number">0</Data></Cell>
    <Cell><Data ss:Type="Number">0</Data></Cell>
    <Cell><Data ss:Type="String">2023-12-07 16:15:20.817305</Data></Cell>
   </Row>
   <Row>
    <Cell><Data ss:Type="String">636</Data></Cell>
    <Cell><Data ss:Type="Number">0.28999999999999998</Data></Cell>
    <Cell><Data ss:Type="Number">-10.130000000000001</Data></Cell>
    <Cell><Data ss:Type="Number">0.14000000000000001</Data></Cell>
    <Cell><Data ss:Type="Number">-9.52</Data></Cell>
    <Cell><Data ss:Type="Number">-0.09</Data></Cell>
    <Cell><Data ss:Type="Number">-0.95</Data></Cell>
    <Cell><Data ss:Type="Number">22.7</Data></Cell>
    <Cell><Data ss:Type="Number">39.6</Data></Cell>
    <Cell><Data ss:Type="Number">0</Data></Cell>
    <Cell><Data ss:Type="Number">0</Data></Cell>
    <Cell><Data ss:Type="String">2023-12-07 16:15:20.815767</Data></Cell>
   </Row>
   <Row>
    <Cell><Data ss:Type="String">635</Data></Cell>
    <Cell><Data ss:Type="Number">0.36</Data></Cell>
    <Cell><Data ss:Type="Number">-10.29</Data></Cell>
    <Cell><Data ss:Type="Number">0.2</Data></Cell>
    <Cell><Data ss:Type="Number">-9.5</Data></Cell>
    <Cell><Data ss:Type="Number">-0.09</Data></Cell>
    <Cell><Data ss:Type="Number">-0.91</Data></Cell>
    <Cell><Data ss:Type="Number">22.7</Data></Cell>
    <Cell><Data ss:Type="Number">39.6</Data></Cell>
    <Cell><Data ss:Type="Number">0</Data></Cell>
    <Cell><Data ss:Type="Number">0</Data></Cell>
    <Cell><Data ss:Type="String">2023-12-07 16:15:20.692258</Data></Cell>
   </Row>
   <Row>
    <Cell><Data ss:Type="String">634</Data></Cell>
    <Cell><Data ss:Type="Number">0.2</Data></Cell>
    <Cell><Data ss:Type="Number">-10.029999999999999</Data></Cell>
    <Cell><Data ss:Type="Number">0.15</Data></Cell>
    <Cell><Data ss:Type="Number">-9.4499999999999993</Data></Cell>
    <Cell><Data ss:Type="Number">-0.04</Data></Cell>
    <Cell><Data ss:Type="Number">-0.92</Data></Cell>
    <Cell><Data ss:Type="Number">22.7</Data></Cell>
    <Cell><Data ss:Type="Number">39.6</Data></Cell>
    <Cell><Data ss:Type="Number">0</Data></Cell>
    <Cell><Data ss:Type="Number">0</Data></Cell>
    <Cell><Data ss:Type="String">2023-12-07 16:15:20.687315</Data></Cell>
   </Row>
   <Row>
    <Cell><Data ss:Type="String">633</Data></Cell>
    <Cell><Data ss:Type="Number">0.33</Data></Cell>
    <Cell><Data ss:Type="Number">-9.99</Data></Cell>
    <Cell><Data ss:Type="Number">0.21</Data></Cell>
    <Cell><Data ss:Type="Number">-9.4700000000000006</Data></Cell>
    <Cell><Data ss:Type="Number">-0.05</Data></Cell>
    <Cell><Data ss:Type="Number">-0.93</Data></Cell>
    <Cell><Data ss:Type="Number">22.7</Data></Cell>
    <Cell><Data ss:Type="Number">39.6</Data></Cell>
    <Cell><Data ss:Type="Number">0</Data></Cell>
    <Cell><Data ss:Type="Number">0</Data></Cell>
    <Cell><Data ss:Type="String">2023-12-07 16:15:20.642364</Data></Cell>
   </Row>
   <Row>
    <Cell><Data ss:Type="String">632</Data></Cell>
    <Cell><Data ss:Type="Number">0.56999999999999995</Data></Cell>
    <Cell><Data ss:Type="Number">-10.029999999999999</Data></Cell>
    <Cell><Data ss:Type="Number">0.01</Data></Cell>
    <Cell><Data ss:Type="Number">-9.4499999999999993</Data></Cell>
    <Cell><Data ss:Type="Number">-0.22</Data></Cell>
    <Cell><Data ss:Type="Number">-0.98</Data></Cell>
    <Cell><Data ss:Type="Number">22.7</Data></Cell>
    <Cell><Data ss:Type="Number">39.6</Data></Cell>
    <Cell><Data ss:Type="Number">0</Data></Cell>
    <Cell><Data ss:Type="Number">0</Data></Cell>
    <Cell><Data ss:Type="String">2023-12-07 16:15:20.598573</Data></Cell>
   </Row>
   <Row>
    <Cell><Data ss:Type="String">631</Data></Cell>
    <Cell><Data ss:Type="Number">0.24</Data></Cell>
    <Cell><Data ss:Type="Number">-10.19</Data></Cell>
    <Cell><Data ss:Type="Number">0.13</Data></Cell>
    <Cell><Data ss:Type="Number">-9.5299999999999994</Data></Cell>
    <Cell><Data ss:Type="Number">-7.0000000000000007E-2</Data></Cell>
    <Cell><Data ss:Type="Number">-0.94</Data></Cell>
    <Cell><Data ss:Type="Number">22.7</Data></Cell>
    <Cell><Data ss:Type="Number">39.6</Data></Cell>
    <Cell><Data ss:Type="Number">0</Data></Cell>
    <Cell><Data ss:Type="Number">0</Data></Cell>
    <Cell><Data ss:Type="String">2023-12-07 16:15:20.596638</Data></Cell>
   </Row>
   <Row>
    <Cell><Data ss:Type="String">630</Data></Cell>
    <Cell><Data ss:Type="Number">0.28000000000000003</Data></Cell>
    <Cell><Data ss:Type="Number">-10.06</Data></Cell>
    <Cell><Data ss:Type="Number">0.2</Data></Cell>
    <Cell><Data ss:Type="Number">-9.5</Data></Cell>
    <Cell><Data ss:Type="Number">-0.06</Data></Cell>
    <Cell><Data ss:Type="Number">-0.9</Data></Cell>
    <Cell><Data ss:Type="Number">22.7</Data></Cell>
    <Cell><Data ss:Type="Number">39.6</Data></Cell>
    <Cell><Data ss:Type="Number">0</Data></Cell>
    <Cell><Data ss:Type="Number">0</Data></Cell>
    <Cell><Data ss:Type="String">2023-12-07 16:15:20.551701</Data></Cell>
   </Row>
   <Row>
    <Cell><Data ss:Type="String">629</Data></Cell>
    <Cell><Data ss:Type="Number">0.27</Data></Cell>
    <Cell><Data ss:Type="Number">-10</Data></Cell>
    <Cell><Data ss:Type="Number">0.13</Data></Cell>
    <Cell><Data ss:Type="Number">-9.44</Data></Cell>
    <Cell><Data ss:Type="Number">-0.08</Data></Cell>
    <Cell><Data ss:Type="Number">-0.95</Data></Cell>
    <Cell><Data ss:Type="Number">22.7</Data></Cell>
    <Cell><Data ss:Type="Number">39.6</Data></Cell>
    <Cell><Data ss:Type="Number">0</Data></Cell>
    <Cell><Data ss:Type="Number">0</Data></Cell>
    <Cell><Data ss:Type="String">2023-12-07 16:15:20.495690</Data></Cell>
   </Row>
   <Row>
    <Cell><Data ss:Type="String">628</Data></Cell>
    <Cell><Data ss:Type="Number">0.34</Data></Cell>
    <Cell><Data ss:Type="Number">-10.050000000000001</Data></Cell>
    <Cell><Data ss:Type="Number">0.15</Data></Cell>
    <Cell><Data ss:Type="Number">-9.4700000000000006</Data></Cell>
    <Cell><Data ss:Type="Number">-0.09</Data></Cell>
    <Cell><Data ss:Type="Number">-0.93</Data></Cell>
    <Cell><Data ss:Type="Number">22.7</Data></Cell>
    <Cell><Data ss:Type="Number">39.6</Data></Cell>
    <Cell><Data ss:Type="Number">0</Data></Cell>
    <Cell><Data ss:Type="Number">0</Data></Cell>
    <Cell><Data ss:Type="String">2023-12-07 16:15:20.490450</Data></Cell>
   </Row>
   <Row>
    <Cell><Data ss:Type="String">627</Data></Cell>
    <Cell><Data ss:Type="Number">0.3</Data></Cell>
    <Cell><Data ss:Type="Number">-10.130000000000001</Data></Cell>
    <Cell><Data ss:Type="Number">0.14000000000000001</Data></Cell>
    <Cell><Data ss:Type="Number">-9.5299999999999994</Data></Cell>
    <Cell><Data ss:Type="Number">-0.06</Data></Cell>
    <Cell><Data ss:Type="Number">-0.91</Data></Cell>
    <Cell><Data ss:Type="Number">22.7</Data></Cell>
    <Cell><Data ss:Type="Number">39.6</Data></Cell>
    <Cell><Data ss:Type="Number">0</Data></Cell>
    <Cell><Data ss:Type="Number">0</Data></Cell>
    <Cell><Data ss:Type="String">2023-12-07 16:15:20.443366</Data></Cell>
   </Row>
   <Row>
    <Cell><Data ss:Type="String">626</Data></Cell>
    <Cell><Data ss:Type="Number">0.44</Data></Cell>
    <Cell><Data ss:Type="Number">-10.25</Data></Cell>
    <Cell><Data ss:Type="Number">0.14000000000000001</Data></Cell>
    <Cell><Data ss:Type="Number">-9.52</Data></Cell>
    <Cell><Data ss:Type="Number">-0.08</Data></Cell>
    <Cell><Data ss:Type="Number">-0.9</Data></Cell>
    <Cell><Data ss:Type="Number">22.7</Data></Cell>
    <Cell><Data ss:Type="Number">39.6</Data></Cell>
    <Cell><Data ss:Type="Number">0</Data></Cell>
    <Cell><Data ss:Type="Number">0</Data></Cell>
    <Cell><Data ss:Type="String">2023-12-07 16:15:20.441820</Data></Cell>
   </Row>
   <Row>
    <Cell><Data ss:Type="String">625</Data></Cell>
    <Cell><Data ss:Type="Number">0.33</Data></Cell>
    <Cell><Data ss:Type="Number">-10.07</Data></Cell>
    <Cell><Data ss:Type="Number">0.35</Data></Cell>
    <Cell><Data ss:Type="Number">-9.4600000000000009</Data></Cell>
    <Cell><Data ss:Type="Number">-0.08</Data></Cell>
    <Cell><Data ss:Type="Number">-0.89</Data></Cell>
    <Cell><Data ss:Type="Number">22.7</Data></Cell>
    <Cell><Data ss:Type="Number">39.6</Data></Cell>
    <Cell><Data ss:Type="Number">0</Data></Cell>
    <Cell><Data ss:Type="Number">0</Data></Cell>
    <Cell><Data ss:Type="String">2023-12-07 16:15:20.439894</Data></Cell>
   </Row>
   <Row>
    <Cell><Data ss:Type="String">624</Data></Cell>
    <Cell><Data ss:Type="Number">0.23</Data></Cell>
    <Cell><Data ss:Type="Number">-9.94</Data></Cell>
    <Cell><Data ss:Type="Number">0.1</Data></Cell>
    <Cell><Data ss:Type="Number">-9.41</Data></Cell>
    <Cell><Data ss:Type="Number">-0.03</Data></Cell>
    <Cell><Data ss:Type="Number">-0.93</Data></Cell>
    <Cell><Data ss:Type="Number">22.7</Data></Cell>
    <Cell><Data ss:Type="Number">39.6</Data></Cell>
    <Cell><Data ss:Type="Number">0</Data></Cell>
    <Cell><Data ss:Type="Number">0</Data></Cell>
    <Cell><Data ss:Type="String">2023-12-07 16:15:20.437247</Data></Cell>
   </Row>
   <Row>
    <Cell><Data ss:Type="String">623</Data></Cell>
    <Cell><Data ss:Type="Number">0.28000000000000003</Data></Cell>
    <Cell><Data ss:Type="Number">-9.93</Data></Cell>
    <Cell><Data ss:Type="Number">0.14000000000000001</Data></Cell>
    <Cell><Data ss:Type="Number">-9.4499999999999993</Data></Cell>
    <Cell><Data ss:Type="Number">-0.06</Data></Cell>
    <Cell><Data ss:Type="Number">-0.93</Data></Cell>
    <Cell><Data ss:Type="Number">22.7</Data></Cell>
    <Cell><Data ss:Type="Number">39.6</Data></Cell>
    <Cell><Data ss:Type="Number">0</Data></Cell>
    <Cell><Data ss:Type="Number">0</Data></Cell>
    <Cell><Data ss:Type="String">2023-12-07 16:15:20.435382</Data></Cell>
   </Row>
   <Row>
    <Cell><Data ss:Type="String">622</Data></Cell>
    <Cell><Data ss:Type="Number">0.49</Data></Cell>
    <Cell><Data ss:Type="Number">-9.98</Data></Cell>
    <Cell><Data ss:Type="Number">0.11</Data></Cell>
    <Cell><Data ss:Type="Number">-9.5</Data></Cell>
    <Cell><Data ss:Type="Number">-0.06</Data></Cell>
    <Cell><Data ss:Type="Number">-0.92</Data></Cell>
    <Cell><Data ss:Type="Number">22.7</Data></Cell>
    <Cell><Data ss:Type="Number">39.6</Data></Cell>
    <Cell><Data ss:Type="Number">0</Data></Cell>
    <Cell><Data ss:Type="Number">0</Data></Cell>
    <Cell><Data ss:Type="String">2023-12-07 16:15:20.433639</Data></Cell>
   </Row>
   <Row>
    <Cell><Data ss:Type="String">621</Data></Cell>
    <Cell><Data ss:Type="Number">0.28999999999999998</Data></Cell>
    <Cell><Data ss:Type="Number">-10.23</Data></Cell>
    <Cell><Data ss:Type="Number">0.15</Data></Cell>
    <Cell><Data ss:Type="Number">-9.5500000000000007</Data></Cell>
    <Cell><Data ss:Type="Number">-0.08</Data></Cell>
    <Cell><Data ss:Type="Number">-0.92</Data></Cell>
    <Cell><Data ss:Type="Number">22.7</Data></Cell>
    <Cell><Data ss:Type="Number">39.6</Data></Cell>
    <Cell><Data ss:Type="Number">0</Data></Cell>
    <Cell><Data ss:Type="Number">0</Data></Cell>
    <Cell><Data ss:Type="String">2023-12-07 16:15:20.432002</Data></Cell>
   </Row>
   <Row>
    <Cell><Data ss:Type="String">620</Data></Cell>
    <Cell><Data ss:Type="Number">0.28999999999999998</Data></Cell>
    <Cell><Data ss:Type="Number">-10.15</Data></Cell>
    <Cell><Data ss:Type="Number">0.17</Data></Cell>
    <Cell><Data ss:Type="Number">-9.5</Data></Cell>
    <Cell><Data ss:Type="Number">-0.06</Data></Cell>
    <Cell><Data ss:Type="Number">-0.9</Data></Cell>
    <Cell><Data ss:Type="Number">22.7</Data></Cell>
    <Cell><Data ss:Type="Number">39.6</Data></Cell>
    <Cell><Data ss:Type="Number">0</Data></Cell>
    <Cell><Data ss:Type="Number">0</Data></Cell>
    <Cell><Data ss:Type="String">2023-12-07 16:15:20.208248</Data></Cell>
   </Row>
   <Row>
    <Cell><Data ss:Type="String">619</Data></Cell>
    <Cell><Data ss:Type="Number">0.25</Data></Cell>
    <Cell><Data ss:Type="Number">-10.1</Data></Cell>
    <Cell><Data ss:Type="Number">0.21</Data></Cell>
    <Cell><Data ss:Type="Number">-9.4499999999999993</Data></Cell>
    <Cell><Data ss:Type="Number">-0.05</Data></Cell>
    <Cell><Data ss:Type="Number">-0.92</Data></Cell>
    <Cell><Data ss:Type="Number">22.7</Data></Cell>
    <Cell><Data ss:Type="Number">39.6</Data></Cell>
    <Cell><Data ss:Type="Number">0</Data></Cell>
    <Cell><Data ss:Type="Number">0</Data></Cell>
    <Cell><Data ss:Type="String">2023-12-07 16:15:20.206496</Data></Cell>
   </Row>
   <Row>
    <Cell><Data ss:Type="String">618</Data></Cell>
    <Cell><Data ss:Type="Number">0.32</Data></Cell>
    <Cell><Data ss:Type="Number">-9.99</Data></Cell>
    <Cell><Data ss:Type="Number">0.1</Data></Cell>
    <Cell><Data ss:Type="Number">-9.42</Data></Cell>
    <Cell><Data ss:Type="Number">-7.0000000000000007E-2</Data></Cell>
    <Cell><Data ss:Type="Number">-0.97</Data></Cell>
    <Cell><Data ss:Type="Number">22.7</Data></Cell>
    <Cell><Data ss:Type="Number">39.6</Data></Cell>
    <Cell><Data ss:Type="Number">0</Data></Cell>
    <Cell><Data ss:Type="Number">0</Data></Cell>
    <Cell><Data ss:Type="String">2023-12-07 16:15:20.204340</Data></Cell>
   </Row>
   <Row>
    <Cell><Data ss:Type="String">617</Data></Cell>
    <Cell><Data ss:Type="Number">0.26</Data></Cell>
    <Cell><Data ss:Type="Number">-10.220000000000001</Data></Cell>
    <Cell><Data ss:Type="Number">0.24</Data></Cell>
    <Cell><Data ss:Type="Number">-9.5500000000000007</Data></Cell>
    <Cell><Data ss:Type="Number">-0.06</Data></Cell>
    <Cell><Data ss:Type="Number">-0.9</Data></Cell>
    <Cell><Data ss:Type="Number">22.7</Data></Cell>
    <Cell><Data ss:Type="Number">39.6</Data></Cell>
    <Cell><Data ss:Type="Number">0</Data></Cell>
    <Cell><Data ss:Type="Number">0</Data></Cell>
    <Cell><Data ss:Type="String">2023-12-07 16:15:20.201769</Data></Cell>
   </Row>
   <Row>
    <Cell><Data ss:Type="String">616</Data></Cell>
    <Cell><Data ss:Type="Number">0.31</Data></Cell>
    <Cell><Data ss:Type="Number">-10.210000000000001</Data></Cell>
    <Cell><Data ss:Type="Number">0.13</Data></Cell>
    <Cell><Data ss:Type="Number">-9.52</Data></Cell>
    <Cell><Data ss:Type="Number">-0.08</Data></Cell>
    <Cell><Data ss:Type="Number">-0.91</Data></Cell>
    <Cell><Data ss:Type="Number">22.7</Data></Cell>
    <Cell><Data ss:Type="Number">39.6</Data></Cell>
    <Cell><Data ss:Type="Number">0</Data></Cell>
    <Cell><Data ss:Type="Number">0</Data></Cell>
    <Cell><Data ss:Type="String">2023-12-07 16:15:20.060648</Data></Cell>
   </Row>
   <Row>
    <Cell><Data ss:Type="String">615</Data></Cell>
    <Cell><Data ss:Type="Number">0.26</Data></Cell>
    <Cell><Data ss:Type="Number">-9.91</Data></Cell>
    <Cell><Data ss:Type="Number">0.18</Data></Cell>
    <Cell><Data ss:Type="Number">-9.41</Data></Cell>
    <Cell><Data ss:Type="Number">-0.06</Data></Cell>
    <Cell><Data ss:Type="Number">-0.92</Data></Cell>
    <Cell><Data ss:Type="Number">22.7</Data></Cell>
    <Cell><Data ss:Type="Number">39.6</Data></Cell>
    <Cell><Data ss:Type="Number">0</Data></Cell>
    <Cell><Data ss:Type="Number">0</Data></Cell>
    <Cell><Data ss:Type="String">2023-12-07 16:15:20.058631</Data></Cell>
   </Row>
   <Row>
    <Cell><Data ss:Type="String">614</Data></Cell>
    <Cell><Data ss:Type="Number">0.28000000000000003</Data></Cell>
    <Cell><Data ss:Type="Number">-10.07</Data></Cell>
    <Cell><Data ss:Type="Number">0.25</Data></Cell>
    <Cell><Data ss:Type="Number">-9.4700000000000006</Data></Cell>
    <Cell><Data ss:Type="Number">-0.09</Data></Cell>
    <Cell><Data ss:Type="Number">-0.88</Data></Cell>
    <Cell><Data ss:Type="Number">22.7</Data></Cell>
    <Cell><Data ss:Type="Number">39.6</Data></Cell>
    <Cell><Data ss:Type="Number">0</Data></Cell>
    <Cell><Data ss:Type="Number">0</Data></Cell>
    <Cell><Data ss:Type="String">2023-12-07 16:15:20.011787</Data></Cell>
   </Row>
   <Row>
    <Cell><Data ss:Type="String">613</Data></Cell>
    <Cell><Data ss:Type="Number">0.32</Data></Cell>
    <Cell><Data ss:Type="Number">-10.19</Data></Cell>
    <Cell><Data ss:Type="Number">0.17</Data></Cell>
    <Cell><Data ss:Type="Number">-9.5500000000000007</Data></Cell>
    <Cell><Data ss:Type="Number">-0.1</Data></Cell>
    <Cell><Data ss:Type="Number">-0.92</Data></Cell>
    <Cell><Data ss:Type="Number">22.7</Data></Cell>
    <Cell><Data ss:Type="Number">39.6</Data></Cell>
    <Cell><Data ss:Type="Number">0</Data></Cell>
    <Cell><Data ss:Type="Number">0</Data></Cell>
    <Cell><Data ss:Type="String">2023-12-07 16:15:19.947694</Data></Cell>
   </Row>
   <Row>
    <Cell><Data ss:Type="String">612</Data></Cell>
    <Cell><Data ss:Type="Number">0.22</Data></Cell>
    <Cell><Data ss:Type="Number">-10.11</Data></Cell>
    <Cell><Data ss:Type="Number">0.18</Data></Cell>
    <Cell><Data ss:Type="Number">-9.42</Data></Cell>
    <Cell><Data ss:Type="Number">-0.05</Data></Cell>
    <Cell><Data ss:Type="Number">-0.91</Data></Cell>
    <Cell><Data ss:Type="Number">22.7</Data></Cell>
    <Cell><Data ss:Type="Number">39.6</Data></Cell>
    <Cell><Data ss:Type="Number">0</Data></Cell>
    <Cell><Data ss:Type="Number">0</Data></Cell>
    <Cell><Data ss:Type="String">2023-12-07 16:15:19.944724</Data></Cell>
   </Row>
   <Row>
    <Cell><Data ss:Type="String">611</Data></Cell>
    <Cell><Data ss:Type="Number">0.23</Data></Cell>
    <Cell><Data ss:Type="Number">-10.07</Data></Cell>
    <Cell><Data ss:Type="Number">0.11</Data></Cell>
    <Cell><Data ss:Type="Number">-9.48</Data></Cell>
    <Cell><Data ss:Type="Number">-0.06</Data></Cell>
    <Cell><Data ss:Type="Number">-0.91</Data></Cell>
    <Cell><Data ss:Type="Number">22.7</Data></Cell>
    <Cell><Data ss:Type="Number">39.6</Data></Cell>
    <Cell><Data ss:Type="Number">0</Data></Cell>
    <Cell><Data ss:Type="Number">0</Data></Cell>
    <Cell><Data ss:Type="String">2023-12-07 16:15:19.899875</Data></Cell>
   </Row>
   <Row>
    <Cell><Data ss:Type="String">610</Data></Cell>
    <Cell><Data ss:Type="Number">0.38</Data></Cell>
    <Cell><Data ss:Type="Number">-9.89</Data></Cell>
    <Cell><Data ss:Type="Number">0.17</Data></Cell>
    <Cell><Data ss:Type="Number">-9.39</Data></Cell>
    <Cell><Data ss:Type="Number">-0.12</Data></Cell>
    <Cell><Data ss:Type="Number">-0.95</Data></Cell>
    <Cell><Data ss:Type="Number">22.7</Data></Cell>
    <Cell><Data ss:Type="Number">39.6</Data></Cell>
    <Cell><Data ss:Type="Number">0</Data></Cell>
    <Cell><Data ss:Type="Number">0</Data></Cell>
    <Cell><Data ss:Type="String">2023-12-07 16:15:19.898143</Data></Cell>
   </Row>
   <Row>
    <Cell><Data ss:Type="String">609</Data></Cell>
    <Cell><Data ss:Type="Number">0.27</Data></Cell>
    <Cell><Data ss:Type="Number">-10.130000000000001</Data></Cell>
    <Cell><Data ss:Type="Number">0.2</Data></Cell>
    <Cell><Data ss:Type="Number">-9.49</Data></Cell>
    <Cell><Data ss:Type="Number">-0.1</Data></Cell>
    <Cell><Data ss:Type="Number">-0.89</Data></Cell>
    <Cell><Data ss:Type="Number">22.7</Data></Cell>
    <Cell><Data ss:Type="Number">39.6</Data></Cell>
    <Cell><Data ss:Type="Number">0</Data></Cell>
    <Cell><Data ss:Type="Number">0</Data></Cell>
    <Cell><Data ss:Type="String">2023-12-07 16:15:19.895953</Data></Cell>
   </Row>
   <Row>
    <Cell><Data ss:Type="String">608</Data></Cell>
    <Cell><Data ss:Type="Number">0.17</Data></Cell>
    <Cell><Data ss:Type="Number">-10.210000000000001</Data></Cell>
    <Cell><Data ss:Type="Number">0.09</Data></Cell>
    <Cell><Data ss:Type="Number">-9.56</Data></Cell>
    <Cell><Data ss:Type="Number">-0.05</Data></Cell>
    <Cell><Data ss:Type="Number">-0.96</Data></Cell>
    <Cell><Data ss:Type="Number">22.7</Data></Cell>
    <Cell><Data ss:Type="Number">39.6</Data></Cell>
    <Cell><Data ss:Type="Number">0</Data></Cell>
    <Cell><Data ss:Type="Number">0</Data></Cell>
    <Cell><Data ss:Type="String">2023-12-07 16:15:19.811706</Data></Cell>
   </Row>
   <Row>
    <Cell><Data ss:Type="String">607</Data></Cell>
    <Cell><Data ss:Type="Number">0.23</Data></Cell>
    <Cell><Data ss:Type="Number">-10.24</Data></Cell>
    <Cell><Data ss:Type="Number">0.25</Data></Cell>
    <Cell><Data ss:Type="Number">-9.43</Data></Cell>
    <Cell><Data ss:Type="Number">-0.03</Data></Cell>
    <Cell><Data ss:Type="Number">-0.85</Data></Cell>
    <Cell><Data ss:Type="Number">22.7</Data></Cell>
    <Cell><Data ss:Type="Number">39.6</Data></Cell>
    <Cell><Data ss:Type="Number">0</Data></Cell>
    <Cell><Data ss:Type="Number">0</Data></Cell>
    <Cell><Data ss:Type="String">2023-12-07 16:15:19.809676</Data></Cell>
   </Row>
   <Row>
    <Cell><Data ss:Type="String">606</Data></Cell>
    <Cell><Data ss:Type="Number">0.67</Data></Cell>
    <Cell><Data ss:Type="Number">-9.52</Data></Cell>
    <Cell><Data ss:Type="Number">0.23</Data></Cell>
    <Cell><Data ss:Type="Number">-9.36</Data></Cell>
    <Cell><Data ss:Type="Number">-0.32</Data></Cell>
    <Cell><Data ss:Type="Number">-0.92</Data></Cell>
    <Cell><Data ss:Type="Number">22.7</Data></Cell>
    <Cell><Data ss:Type="Number">39.6</Data></Cell>
    <Cell><Data ss:Type="Number">0</Data></Cell>
    <Cell><Data ss:Type="Number">0</Data></Cell>
    <Cell><Data ss:Type="String">2023-12-07 16:15:19.807269</Data></Cell>
   </Row>
   <Row>
    <Cell><Data ss:Type="String">605</Data></Cell>
    <Cell><Data ss:Type="Number">0.09</Data></Cell>
    <Cell><Data ss:Type="Number">-9.94</Data></Cell>
    <Cell><Data ss:Type="Number">0.09</Data></Cell>
    <Cell><Data ss:Type="Number">-9.6199999999999992</Data></Cell>
    <Cell><Data ss:Type="Number">0.02</Data></Cell>
    <Cell><Data ss:Type="Number">-0.96</Data></Cell>
    <Cell><Data ss:Type="Number">22.7</Data></Cell>
    <Cell><Data ss:Type="Number">39.6</Data></Cell>
    <Cell><Data ss:Type="Number">0</Data></Cell>
    <Cell><Data ss:Type="Number">0</Data></Cell>
    <Cell><Data ss:Type="String">2023-12-07 16:15:19.804738</Data></Cell>
   </Row>
   <Row>
    <Cell><Data ss:Type="String">604</Data></Cell>
    <Cell><Data ss:Type="Number">0.27</Data></Cell>
    <Cell><Data ss:Type="Number">-10.01</Data></Cell>
    <Cell><Data ss:Type="Number">0.16</Data></Cell>
    <Cell><Data ss:Type="Number">-9.48</Data></Cell>
    <Cell><Data ss:Type="Number">-7.0000000000000007E-2</Data></Cell>
    <Cell><Data ss:Type="Number">-0.94</Data></Cell>
    <Cell><Data ss:Type="Number">22.7</Data></Cell>
    <Cell><Data ss:Type="Number">39.6</Data></Cell>
    <Cell><Data ss:Type="Number">0</Data></Cell>
    <Cell><Data ss:Type="Number">0</Data></Cell>
    <Cell><Data ss:Type="String">2023-12-07 16:15:19.802239</Data></Cell>
   </Row>
   <Row>
    <Cell><Data ss:Type="String">603</Data></Cell>
    <Cell><Data ss:Type="Number">0.32</Data></Cell>
    <Cell><Data ss:Type="Number">-10.130000000000001</Data></Cell>
    <Cell><Data ss:Type="Number">0.08</Data></Cell>
    <Cell><Data ss:Type="Number">-9.5</Data></Cell>
    <Cell><Data ss:Type="Number">-0.08</Data></Cell>
    <Cell><Data ss:Type="Number">-0.92</Data></Cell>
    <Cell><Data ss:Type="Number">22.7</Data></Cell>
    <Cell><Data ss:Type="Number">39.6</Data></Cell>
    <Cell><Data ss:Type="Number">0</Data></Cell>
    <Cell><Data ss:Type="Number">0</Data></Cell>
    <Cell><Data ss:Type="String">2023-12-07 16:15:19.800363</Data></Cell>
   </Row>
   <Row>
    <Cell><Data ss:Type="String">602</Data></Cell>
    <Cell><Data ss:Type="Number">0.41</Data></Cell>
    <Cell><Data ss:Type="Number">-10.17</Data></Cell>
    <Cell><Data ss:Type="Number">0.17</Data></Cell>
    <Cell><Data ss:Type="Number">-9.5299999999999994</Data></Cell>
    <Cell><Data ss:Type="Number">-7.0000000000000007E-2</Data></Cell>
    <Cell><Data ss:Type="Number">-0.9</Data></Cell>
    <Cell><Data ss:Type="Number">22.7</Data></Cell>
    <Cell><Data ss:Type="Number">39.6</Data></Cell>
    <Cell><Data ss:Type="Number">0</Data></Cell>
    <Cell><Data ss:Type="Number">0</Data></Cell>
    <Cell><Data ss:Type="String">2023-12-07 16:15:19.797988</Data></Cell>
   </Row>
   <Row>
    <Cell><Data ss:Type="String">601</Data></Cell>
    <Cell><Data ss:Type="Number">0.28000000000000003</Data></Cell>
    <Cell><Data ss:Type="Number">-10.029999999999999</Data></Cell>
    <Cell><Data ss:Type="Number">0.25</Data></Cell>
    <Cell><Data ss:Type="Number">-9.4499999999999993</Data></Cell>
    <Cell><Data ss:Type="Number">-7.0000000000000007E-2</Data></Cell>
    <Cell><Data ss:Type="Number">-0.93</Data></Cell>
    <Cell><Data ss:Type="Number">22.7</Data></Cell>
    <Cell><Data ss:Type="Number">39.6</Data></Cell>
    <Cell><Data ss:Type="Number">0</Data></Cell>
    <Cell><Data ss:Type="Number">0</Data></Cell>
    <Cell><Data ss:Type="String">2023-12-07 16:15:19.572189</Data></Cell>
   </Row>
   <Row>
    <Cell><Data ss:Type="String">600</Data></Cell>
    <Cell><Data ss:Type="Number">0.44</Data></Cell>
    <Cell><Data ss:Type="Number">-9.94</Data></Cell>
    <Cell><Data ss:Type="Number">0.04</Data></Cell>
    <Cell><Data ss:Type="Number">-9.42</Data></Cell>
    <Cell><Data ss:Type="Number">-7.0000000000000007E-2</Data></Cell>
    <Cell><Data ss:Type="Number">-0.93</Data></Cell>
    <Cell><Data ss:Type="Number">22.7</Data></Cell>
    <Cell><Data ss:Type="Number">39.6</Data></Cell>
    <Cell><Data ss:Type="Number">0</Data></Cell>
    <Cell><Data ss:Type="Number">0</Data></Cell>
    <Cell><Data ss:Type="String">2023-12-07 16:15:19.525369</Data></Cell>
   </Row>
   <Row>
    <Cell><Data ss:Type="String">599</Data></Cell>
    <Cell><Data ss:Type="Number">0.34</Data></Cell>
    <Cell><Data ss:Type="Number">-10.34</Data></Cell>
    <Cell><Data ss:Type="Number">0.11</Data></Cell>
    <Cell><Data ss:Type="Number">-9.59</Data></Cell>
    <Cell><Data ss:Type="Number">-0.1</Data></Cell>
    <Cell><Data ss:Type="Number">-0.93</Data></Cell>
    <Cell><Data ss:Type="Number">22.7</Data></Cell>
    <Cell><Data ss:Type="Number">39.6</Data></Cell>
    <Cell><Data ss:Type="Number">0</Data></Cell>
    <Cell><Data ss:Type="Number">0</Data></Cell>
    <Cell><Data ss:Type="String">2023-12-07 16:15:19.522350</Data></Cell>
   </Row>
   <Row>
    <Cell><Data ss:Type="String">598</Data></Cell>
    <Cell><Data ss:Type="Number">0.28000000000000003</Data></Cell>
    <Cell><Data ss:Type="Number">-10.14</Data></Cell>
    <Cell><Data ss:Type="Number">0.22</Data></Cell>
    <Cell><Data ss:Type="Number">-9.4600000000000009</Data></Cell>
    <Cell><Data ss:Type="Number">-0.12</Data></Cell>
    <Cell><Data ss:Type="Number">-0.87</Data></Cell>
    <Cell><Data ss:Type="Number">22.7</Data></Cell>
    <Cell><Data ss:Type="Number">39.6</Data></Cell>
    <Cell><Data ss:Type="Number">0</Data></Cell>
    <Cell><Data ss:Type="Number">0</Data></Cell>
    <Cell><Data ss:Type="String">2023-12-07 16:15:19.479864</Data></Cell>
   </Row>
   <Row>
    <Cell><Data ss:Type="String">597</Data></Cell>
    <Cell><Data ss:Type="Number">0.04</Data></Cell>
    <Cell><Data ss:Type="Number">-10</Data></Cell>
    <Cell><Data ss:Type="Number">0.06</Data></Cell>
    <Cell><Data ss:Type="Number">-9.39</Data></Cell>
    <Cell><Data ss:Type="Number">0.13</Data></Cell>
    <Cell><Data ss:Type="Number">-0.94</Data></Cell>
    <Cell><Data ss:Type="Number">22.7</Data></Cell>
    <Cell><Data ss:Type="Number">39.6</Data></Cell>
    <Cell><Data ss:Type="Number">0</Data></Cell>
    <Cell><Data ss:Type="Number">0</Data></Cell>
    <Cell><Data ss:Type="String">2023-12-07 16:15:19.478358</Data></Cell>
   </Row>
   <Row>
    <Cell><Data ss:Type="String">596</Data></Cell>
    <Cell><Data ss:Type="Number">-0.25</Data></Cell>
    <Cell><Data ss:Type="Number">-10.02</Data></Cell>
    <Cell><Data ss:Type="Number">0.33</Data></Cell>
    <Cell><Data ss:Type="Number">-9.3800000000000008</Data></Cell>
    <Cell><Data ss:Type="Number">0.16</Data></Cell>
    <Cell><Data ss:Type="Number">-0.97</Data></Cell>
    <Cell><Data ss:Type="Number">22.7</Data></Cell>
    <Cell><Data ss:Type="Number">39.6</Data></Cell>
    <Cell><Data ss:Type="Number">0</Data></Cell>
    <Cell><Data ss:Type="Number">0</Data></Cell>
    <Cell><Data ss:Type="String">2023-12-07 16:15:19.476701</Data></Cell>
   </Row>
   <Row>
    <Cell><Data ss:Type="String">595</Data></Cell>
    <Cell><Data ss:Type="Number">0.33</Data></Cell>
    <Cell><Data ss:Type="Number">-9.9700000000000006</Data></Cell>
    <Cell><Data ss:Type="Number">0.12</Data></Cell>
    <Cell><Data ss:Type="Number">-9.43</Data></Cell>
    <Cell><Data ss:Type="Number">-7.0000000000000007E-2</Data></Cell>
    <Cell><Data ss:Type="Number">-0.97</Data></Cell>
    <Cell><Data ss:Type="Number">22.7</Data></Cell>
    <Cell><Data ss:Type="Number">39.6</Data></Cell>
    <Cell><Data ss:Type="Number">0</Data></Cell>
    <Cell><Data ss:Type="Number">0</Data></Cell>
    <Cell><Data ss:Type="String">2023-12-07 16:15:19.473493</Data></Cell>
   </Row>
   <Row>
    <Cell><Data ss:Type="String">594</Data></Cell>
    <Cell><Data ss:Type="Number">0.3</Data></Cell>
    <Cell><Data ss:Type="Number">-9.93</Data></Cell>
    <Cell><Data ss:Type="Number">0.2</Data></Cell>
    <Cell><Data ss:Type="Number">-9.48</Data></Cell>
    <Cell><Data ss:Type="Number">-0.08</Data></Cell>
    <Cell><Data ss:Type="Number">-0.91</Data></Cell>
    <Cell><Data ss:Type="Number">22.7</Data></Cell>
    <Cell><Data ss:Type="Number">39.6</Data></Cell>
    <Cell><Data ss:Type="Number">0</Data></Cell>
    <Cell><Data ss:Type="Number">0</Data></Cell>
    <Cell><Data ss:Type="String">2023-12-07 16:15:19.470844</Data></Cell>
   </Row>
   <Row>
    <Cell><Data ss:Type="String">593</Data></Cell>
    <Cell><Data ss:Type="Number">0.31</Data></Cell>
    <Cell><Data ss:Type="Number">-10.199999999999999</Data></Cell>
    <Cell><Data ss:Type="Number">0.18</Data></Cell>
    <Cell><Data ss:Type="Number">-9.5500000000000007</Data></Cell>
    <Cell><Data ss:Type="Number">-0.1</Data></Cell>
    <Cell><Data ss:Type="Number">-0.89</Data></Cell>
    <Cell><Data ss:Type="Number">22.7</Data></Cell>
    <Cell><Data ss:Type="Number">39.6</Data></Cell>
    <Cell><Data ss:Type="Number">0</Data></Cell>
    <Cell><Data ss:Type="Number">0</Data></Cell>
    <Cell><Data ss:Type="String">2023-12-07 16:15:19.469088</Data></Cell>
   </Row>
   <Row>
    <Cell><Data ss:Type="String">592</Data></Cell>
    <Cell><Data ss:Type="Number">0.31</Data></Cell>
    <Cell><Data ss:Type="Number">-10.210000000000001</Data></Cell>
    <Cell><Data ss:Type="Number">0.15</Data></Cell>
    <Cell><Data ss:Type="Number">-9.5</Data></Cell>
    <Cell><Data ss:Type="Number">-0.05</Data></Cell>
    <Cell><Data ss:Type="Number">-0.93</Data></Cell>
    <Cell><Data ss:Type="Number">22.7</Data></Cell>
    <Cell><Data ss:Type="Number">39.6</Data></Cell>
    <Cell><Data ss:Type="Number">0</Data></Cell>
    <Cell><Data ss:Type="Number">0</Data></Cell>
    <Cell><Data ss:Type="String">2023-12-07 16:15:19.467518</Data></Cell>
   </Row>
   <Row>
    <Cell><Data ss:Type="String">591</Data></Cell>
    <Cell><Data ss:Type="Number">0.27</Data></Cell>
    <Cell><Data ss:Type="Number">-9.9700000000000006</Data></Cell>
    <Cell><Data ss:Type="Number">0.15</Data></Cell>
    <Cell><Data ss:Type="Number">-9.4</Data></Cell>
    <Cell><Data ss:Type="Number">-0.06</Data></Cell>
    <Cell><Data ss:Type="Number">-0.95</Data></Cell>
    <Cell><Data ss:Type="Number">22.7</Data></Cell>
    <Cell><Data ss:Type="Number">39.6</Data></Cell>
    <Cell><Data ss:Type="Number">0</Data></Cell>
    <Cell><Data ss:Type="Number">0</Data></Cell>
    <Cell><Data ss:Type="String">2023-12-07 16:15:19.256491</Data></Cell>
   </Row>
   <Row>
    <Cell><Data ss:Type="String">590</Data></Cell>
    <Cell><Data ss:Type="Number">0.26</Data></Cell>
    <Cell><Data ss:Type="Number">-9.91</Data></Cell>
    <Cell><Data ss:Type="Number">0.13</Data></Cell>
    <Cell><Data ss:Type="Number">-9.4499999999999993</Data></Cell>
    <Cell><Data ss:Type="Number">-0.06</Data></Cell>
    <Cell><Data ss:Type="Number">-0.94</Data></Cell>
    <Cell><Data ss:Type="Number">22.7</Data></Cell>
    <Cell><Data ss:Type="Number">39.6</Data></Cell>
    <Cell><Data ss:Type="Number">0</Data></Cell>
    <Cell><Data ss:Type="Number">0</Data></Cell>
    <Cell><Data ss:Type="String">2023-12-07 16:15:19.252686</Data></Cell>
   </Row>
   <Row>
    <Cell><Data ss:Type="String">589</Data></Cell>
    <Cell><Data ss:Type="Number">0.3</Data></Cell>
    <Cell><Data ss:Type="Number">-10.029999999999999</Data></Cell>
    <Cell><Data ss:Type="Number">0.09</Data></Cell>
    <Cell><Data ss:Type="Number">-9.49</Data></Cell>
    <Cell><Data ss:Type="Number">-0.09</Data></Cell>
    <Cell><Data ss:Type="Number">-0.92</Data></Cell>
    <Cell><Data ss:Type="Number">22.7</Data></Cell>
    <Cell><Data ss:Type="Number">39.6</Data></Cell>
    <Cell><Data ss:Type="Number">0</Data></Cell>
    <Cell><Data ss:Type="Number">0</Data></Cell>
    <Cell><Data ss:Type="String">2023-12-07 16:15:19.248609</Data></Cell>
   </Row>
   <Row>
    <Cell><Data ss:Type="String">588</Data></Cell>
    <Cell><Data ss:Type="Number">0.26</Data></Cell>
    <Cell><Data ss:Type="Number">-10.18</Data></Cell>
    <Cell><Data ss:Type="Number">0.17</Data></Cell>
    <Cell><Data ss:Type="Number">-9.5500000000000007</Data></Cell>
    <Cell><Data ss:Type="Number">-0.06</Data></Cell>
    <Cell><Data ss:Type="Number">-0.89</Data></Cell>
    <Cell><Data ss:Type="Number">22.7</Data></Cell>
    <Cell><Data ss:Type="Number">39.6</Data></Cell>
    <Cell><Data ss:Type="Number">0</Data></Cell>
    <Cell><Data ss:Type="Number">0</Data></Cell>
    <Cell><Data ss:Type="String">2023-12-07 16:15:19.245715</Data></Cell>
   </Row>
   <Row>
    <Cell><Data ss:Type="String">587</Data></Cell>
    <Cell><Data ss:Type="Number">0.31</Data></Cell>
    <Cell><Data ss:Type="Number">-10.18</Data></Cell>
    <Cell><Data ss:Type="Number">0.11</Data></Cell>
    <Cell><Data ss:Type="Number">-9.51</Data></Cell>
    <Cell><Data ss:Type="Number">-7.0000000000000007E-2</Data></Cell>
    <Cell><Data ss:Type="Number">-0.91</Data></Cell>
    <Cell><Data ss:Type="Number">22.7</Data></Cell>
    <Cell><Data ss:Type="Number">39.6</Data></Cell>
    <Cell><Data ss:Type="Number">0</Data></Cell>
    <Cell><Data ss:Type="Number">0</Data></Cell>
    <Cell><Data ss:Type="String">2023-12-07 16:15:19.243150</Data></Cell>
   </Row>
   <Row>
    <Cell><Data ss:Type="String">586</Data></Cell>
    <Cell><Data ss:Type="Number">0.25</Data></Cell>
    <Cell><Data ss:Type="Number">-10.17</Data></Cell>
    <Cell><Data ss:Type="Number">0.2</Data></Cell>
    <Cell><Data ss:Type="Number">-9.4700000000000006</Data></Cell>
    <Cell><Data ss:Type="Number">-0.08</Data></Cell>
    <Cell><Data ss:Type="Number">-0.88</Data></Cell>
    <Cell><Data ss:Type="Number">22.7</Data></Cell>
    <Cell><Data ss:Type="Number">39.6</Data></Cell>
    <Cell><Data ss:Type="Number">0</Data></Cell>
    <Cell><Data ss:Type="Number">0</Data></Cell>
    <Cell><Data ss:Type="String">2023-12-07 16:15:19.240247</Data></Cell>
   </Row>
   <Row>
    <Cell><Data ss:Type="String">585</Data></Cell>
    <Cell><Data ss:Type="Number">0.26</Data></Cell>
    <Cell><Data ss:Type="Number">-10.02</Data></Cell>
    <Cell><Data ss:Type="Number">0.12</Data></Cell>
    <Cell><Data ss:Type="Number">-9.42</Data></Cell>
    <Cell><Data ss:Type="Number">-7.0000000000000007E-2</Data></Cell>
    <Cell><Data ss:Type="Number">-0.96</Data></Cell>
    <Cell><Data ss:Type="Number">22.7</Data></Cell>
    <Cell><Data ss:Type="Number">39.6</Data></Cell>
    <Cell><Data ss:Type="Number">0</Data></Cell>
    <Cell><Data ss:Type="Number">0</Data></Cell>
    <Cell><Data ss:Type="String">2023-12-07 16:15:19.236694</Data></Cell>
   </Row>
   <Row>
    <Cell><Data ss:Type="String">584</Data></Cell>
    <Cell><Data ss:Type="Number">0.28999999999999998</Data></Cell>
    <Cell><Data ss:Type="Number">-9.98</Data></Cell>
    <Cell><Data ss:Type="Number">0.14000000000000001</Data></Cell>
    <Cell><Data ss:Type="Number">-9.4600000000000009</Data></Cell>
    <Cell><Data ss:Type="Number">-0.08</Data></Cell>
    <Cell><Data ss:Type="Number">-0.96</Data></Cell>
    <Cell><Data ss:Type="Number">22.7</Data></Cell>
    <Cell><Data ss:Type="Number">39.6</Data></Cell>
    <Cell><Data ss:Type="Number">0</Data></Cell>
    <Cell><Data ss:Type="Number">0</Data></Cell>
    <Cell><Data ss:Type="String">2023-12-07 16:15:19.233731</Data></Cell>
   </Row>
   <Row>
    <Cell><Data ss:Type="String">583</Data></Cell>
    <Cell><Data ss:Type="Number">0.3</Data></Cell>
    <Cell><Data ss:Type="Number">-10.14</Data></Cell>
    <Cell><Data ss:Type="Number">0.15</Data></Cell>
    <Cell><Data ss:Type="Number">-9.5500000000000007</Data></Cell>
    <Cell><Data ss:Type="Number">-7.0000000000000007E-2</Data></Cell>
    <Cell><Data ss:Type="Number">-0.9</Data></Cell>
    <Cell><Data ss:Type="Number">22.7</Data></Cell>
    <Cell><Data ss:Type="Number">39.6</Data></Cell>
    <Cell><Data ss:Type="Number">0</Data></Cell>
    <Cell><Data ss:Type="Number">0</Data></Cell>
    <Cell><Data ss:Type="String">2023-12-07 16:15:18.975357</Data></Cell>
   </Row>
   <Row>
    <Cell><Data ss:Type="String">582</Data></Cell>
    <Cell><Data ss:Type="Number">0.28999999999999998</Data></Cell>
    <Cell><Data ss:Type="Number">-10.130000000000001</Data></Cell>
    <Cell><Data ss:Type="Number">0.14000000000000001</Data></Cell>
    <Cell><Data ss:Type="Number">-9.49</Data></Cell>
    <Cell><Data ss:Type="Number">-0.08</Data></Cell>
    <Cell><Data ss:Type="Number">-0.9</Data></Cell>
    <Cell><Data ss:Type="Number">22.7</Data></Cell>
    <Cell><Data ss:Type="Number">39.6</Data></Cell>
    <Cell><Data ss:Type="Number">0</Data></Cell>
    <Cell><Data ss:Type="Number">0</Data></Cell>
    <Cell><Data ss:Type="String">2023-12-07 16:15:18.972892</Data></Cell>
   </Row>
   <Row>
    <Cell><Data ss:Type="String">581</Data></Cell>
    <Cell><Data ss:Type="Number">0.25</Data></Cell>
    <Cell><Data ss:Type="Number">-9.99</Data></Cell>
    <Cell><Data ss:Type="Number">0.2</Data></Cell>
    <Cell><Data ss:Type="Number">-9.43</Data></Cell>
    <Cell><Data ss:Type="Number">-0.05</Data></Cell>
    <Cell><Data ss:Type="Number">-0.91</Data></Cell>
    <Cell><Data ss:Type="Number">22.7</Data></Cell>
    <Cell><Data ss:Type="Number">39.6</Data></Cell>
    <Cell><Data ss:Type="Number">0</Data></Cell>
    <Cell><Data ss:Type="Number">0</Data></Cell>
    <Cell><Data ss:Type="String">2023-12-07 16:15:18.907283</Data></Cell>
   </Row>
   <Row>
    <Cell><Data ss:Type="String">580</Data></Cell>
    <Cell><Data ss:Type="Number">0.32</Data></Cell>
    <Cell><Data ss:Type="Number">-10.039999999999999</Data></Cell>
    <Cell><Data ss:Type="Number">0.13</Data></Cell>
    <Cell><Data ss:Type="Number">-9.44</Data></Cell>
    <Cell><Data ss:Type="Number">-0.09</Data></Cell>
    <Cell><Data ss:Type="Number">-0.95</Data></Cell>
    <Cell><Data ss:Type="Number">22.7</Data></Cell>
    <Cell><Data ss:Type="Number">39.6</Data></Cell>
    <Cell><Data ss:Type="Number">0</Data></Cell>
    <Cell><Data ss:Type="Number">0</Data></Cell>
    <Cell><Data ss:Type="String">2023-12-07 16:15:18.905395</Data></Cell>
   </Row>
   <Row>
    <Cell><Data ss:Type="String">579</Data></Cell>
    <Cell><Data ss:Type="Number">0.27</Data></Cell>
    <Cell><Data ss:Type="Number">-10.11</Data></Cell>
    <Cell><Data ss:Type="Number">0.12</Data></Cell>
    <Cell><Data ss:Type="Number">-9.5</Data></Cell>
    <Cell><Data ss:Type="Number">-0.09</Data></Cell>
    <Cell><Data ss:Type="Number">-0.93</Data></Cell>
    <Cell><Data ss:Type="Number">22.7</Data></Cell>
    <Cell><Data ss:Type="Number">39.6</Data></Cell>
    <Cell><Data ss:Type="Number">0</Data></Cell>
    <Cell><Data ss:Type="Number">0</Data></Cell>
    <Cell><Data ss:Type="String">2023-12-07 16:15:18.902572</Data></Cell>
   </Row>
   <Row>
    <Cell><Data ss:Type="String">578</Data></Cell>
    <Cell><Data ss:Type="Number">0.28000000000000003</Data></Cell>
    <Cell><Data ss:Type="Number">-10.14</Data></Cell>
    <Cell><Data ss:Type="Number">0.15</Data></Cell>
    <Cell><Data ss:Type="Number">-9.51</Data></Cell>
    <Cell><Data ss:Type="Number">-0.08</Data></Cell>
    <Cell><Data ss:Type="Number">-0.88</Data></Cell>
    <Cell><Data ss:Type="Number">22.7</Data></Cell>
    <Cell><Data ss:Type="Number">39.6</Data></Cell>
    <Cell><Data ss:Type="Number">0</Data></Cell>
    <Cell><Data ss:Type="Number">0</Data></Cell>
    <Cell><Data ss:Type="String">2023-12-07 16:15:18.900641</Data></Cell>
   </Row>
   <Row>
    <Cell><Data ss:Type="String">577</Data></Cell>
    <Cell><Data ss:Type="Number">0.28999999999999998</Data></Cell>
    <Cell><Data ss:Type="Number">-10.19</Data></Cell>
    <Cell><Data ss:Type="Number">0.19</Data></Cell>
    <Cell><Data ss:Type="Number">-9.5299999999999994</Data></Cell>
    <Cell><Data ss:Type="Number">-7.0000000000000007E-2</Data></Cell>
    <Cell><Data ss:Type="Number">-0.9</Data></Cell>
    <Cell><Data ss:Type="Number">22.7</Data></Cell>
    <Cell><Data ss:Type="Number">39.6</Data></Cell>
    <Cell><Data ss:Type="Number">0</Data></Cell>
    <Cell><Data ss:Type="Number">0</Data></Cell>
    <Cell><Data ss:Type="String">2023-12-07 16:15:18.898904</Data></Cell>
   </Row>
   <Row>
    <Cell><Data ss:Type="String">576</Data></Cell>
    <Cell><Data ss:Type="Number">0.3</Data></Cell>
    <Cell><Data ss:Type="Number">-10.220000000000001</Data></Cell>
    <Cell><Data ss:Type="Number">0.05</Data></Cell>
    <Cell><Data ss:Type="Number">-9.5</Data></Cell>
    <Cell><Data ss:Type="Number">-0.08</Data></Cell>
    <Cell><Data ss:Type="Number">-0.89</Data></Cell>
    <Cell><Data ss:Type="Number">22.7</Data></Cell>
    <Cell><Data ss:Type="Number">39.6</Data></Cell>
    <Cell><Data ss:Type="Number">0</Data></Cell>
    <Cell><Data ss:Type="Number">0</Data></Cell>
    <Cell><Data ss:Type="String">2023-12-07 16:15:18.897038</Data></Cell>
   </Row>
   <Row>
    <Cell><Data ss:Type="String">575</Data></Cell>
    <Cell><Data ss:Type="Number">0.23</Data></Cell>
    <Cell><Data ss:Type="Number">-9.9499999999999993</Data></Cell>
    <Cell><Data ss:Type="Number">0.06</Data></Cell>
    <Cell><Data ss:Type="Number">-9.42</Data></Cell>
    <Cell><Data ss:Type="Number">-0.06</Data></Cell>
    <Cell><Data ss:Type="Number">-0.93</Data></Cell>
    <Cell><Data ss:Type="Number">22.7</Data></Cell>
    <Cell><Data ss:Type="Number">39.6</Data></Cell>
    <Cell><Data ss:Type="Number">0</Data></Cell>
    <Cell><Data ss:Type="Number">0</Data></Cell>
    <Cell><Data ss:Type="String">2023-12-07 16:15:18.895126</Data></Cell>
   </Row>
   <Row>
    <Cell><Data ss:Type="String">574</Data></Cell>
    <Cell><Data ss:Type="Number">0.3</Data></Cell>
    <Cell><Data ss:Type="Number">-10.01</Data></Cell>
    <Cell><Data ss:Type="Number">0.06</Data></Cell>
    <Cell><Data ss:Type="Number">-9.49</Data></Cell>
    <Cell><Data ss:Type="Number">-0.1</Data></Cell>
    <Cell><Data ss:Type="Number">-0.95</Data></Cell>
    <Cell><Data ss:Type="Number">22.7</Data></Cell>
    <Cell><Data ss:Type="Number">39.6</Data></Cell>
    <Cell><Data ss:Type="Number">0</Data></Cell>
    <Cell><Data ss:Type="Number">0</Data></Cell>
    <Cell><Data ss:Type="String">2023-12-07 16:15:18.666773</Data></Cell>
   </Row>
   <Row>
    <Cell><Data ss:Type="String">573</Data></Cell>
    <Cell><Data ss:Type="Number">0.31</Data></Cell>
    <Cell><Data ss:Type="Number">-10.01</Data></Cell>
    <Cell><Data ss:Type="Number">0.2</Data></Cell>
    <Cell><Data ss:Type="Number">-9.4600000000000009</Data></Cell>
    <Cell><Data ss:Type="Number">-0.06</Data></Cell>
    <Cell><Data ss:Type="Number">-0.87</Data></Cell>
    <Cell><Data ss:Type="Number">22.7</Data></Cell>
    <Cell><Data ss:Type="Number">39.6</Data></Cell>
    <Cell><Data ss:Type="Number">0</Data></Cell>
    <Cell><Data ss:Type="Number">0</Data></Cell>
    <Cell><Data ss:Type="String">2023-12-07 16:15:18.665150</Data></Cell>
   </Row>
   <Row>
    <Cell><Data ss:Type="String">572</Data></Cell>
    <Cell><Data ss:Type="Number">0.26</Data></Cell>
    <Cell><Data ss:Type="Number">-10.24</Data></Cell>
    <Cell><Data ss:Type="Number">-0.04</Data></Cell>
    <Cell><Data ss:Type="Number">-9.4700000000000006</Data></Cell>
    <Cell><Data ss:Type="Number">-7.0000000000000007E-2</Data></Cell>
    <Cell><Data ss:Type="Number">-0.94</Data></Cell>
    <Cell><Data ss:Type="Number">22.7</Data></Cell>
    <Cell><Data ss:Type="Number">39.6</Data></Cell>
    <Cell><Data ss:Type="Number">0</Data></Cell>
    <Cell><Data ss:Type="Number">0</Data></Cell>
    <Cell><Data ss:Type="String">2023-12-07 16:15:18.600438</Data></Cell>
   </Row>
   <Row>
    <Cell><Data ss:Type="String">571</Data></Cell>
    <Cell><Data ss:Type="Number">0.23</Data></Cell>
    <Cell><Data ss:Type="Number">-10.01</Data></Cell>
    <Cell><Data ss:Type="Number">0.16</Data></Cell>
    <Cell><Data ss:Type="Number">-9.4499999999999993</Data></Cell>
    <Cell><Data ss:Type="Number">-0.04</Data></Cell>
    <Cell><Data ss:Type="Number">-0.91</Data></Cell>
    <Cell><Data ss:Type="Number">22.7</Data></Cell>
    <Cell><Data ss:Type="Number">39.6</Data></Cell>
    <Cell><Data ss:Type="Number">0</Data></Cell>
    <Cell><Data ss:Type="Number">0</Data></Cell>
    <Cell><Data ss:Type="String">2023-12-07 16:15:18.598797</Data></Cell>
   </Row>
   <Row>
    <Cell><Data ss:Type="String">570</Data></Cell>
    <Cell><Data ss:Type="Number">0.32</Data></Cell>
    <Cell><Data ss:Type="Number">-9.99</Data></Cell>
    <Cell><Data ss:Type="Number">0.08</Data></Cell>
    <Cell><Data ss:Type="Number">-9.44</Data></Cell>
    <Cell><Data ss:Type="Number">-0.11</Data></Cell>
    <Cell><Data ss:Type="Number">-0.94</Data></Cell>
    <Cell><Data ss:Type="Number">22.7</Data></Cell>
    <Cell><Data ss:Type="Number">39.6</Data></Cell>
    <Cell><Data ss:Type="Number">0</Data></Cell>
    <Cell><Data ss:Type="Number">0</Data></Cell>
    <Cell><Data ss:Type="String">2023-12-07 16:15:18.597283</Data></Cell>
   </Row>
   <Row>
    <Cell><Data ss:Type="String">569</Data></Cell>
    <Cell><Data ss:Type="Number">0.17</Data></Cell>
    <Cell><Data ss:Type="Number">-10.01</Data></Cell>
    <Cell><Data ss:Type="Number">0.05</Data></Cell>
    <Cell><Data ss:Type="Number">-9.48</Data></Cell>
    <Cell><Data ss:Type="Number">-0.06</Data></Cell>
    <Cell><Data ss:Type="Number">-0.97</Data></Cell>
    <Cell><Data ss:Type="Number">22.7</Data></Cell>
    <Cell><Data ss:Type="Number">39.6</Data></Cell>
    <Cell><Data ss:Type="Number">0</Data></Cell>
    <Cell><Data ss:Type="Number">0</Data></Cell>
    <Cell><Data ss:Type="String">2023-12-07 16:15:18.595661</Data></Cell>
   </Row>
   <Row>
    <Cell><Data ss:Type="String">568</Data></Cell>
    <Cell><Data ss:Type="Number">0.28000000000000003</Data></Cell>
    <Cell><Data ss:Type="Number">-10.050000000000001</Data></Cell>
    <Cell><Data ss:Type="Number">0.03</Data></Cell>
    <Cell><Data ss:Type="Number">-9.5</Data></Cell>
    <Cell><Data ss:Type="Number">0.03</Data></Cell>
    <Cell><Data ss:Type="Number">-0.88</Data></Cell>
    <Cell><Data ss:Type="Number">22.7</Data></Cell>
    <Cell><Data ss:Type="Number">39.6</Data></Cell>
    <Cell><Data ss:Type="Number">0</Data></Cell>
    <Cell><Data ss:Type="Number">0</Data></Cell>
    <Cell><Data ss:Type="String">2023-12-07 16:15:18.593726</Data></Cell>
   </Row>
   <Row>
    <Cell><Data ss:Type="String">567</Data></Cell>
    <Cell><Data ss:Type="Number">0.65</Data></Cell>
    <Cell><Data ss:Type="Number">-10.24</Data></Cell>
    <Cell><Data ss:Type="Number">0.37</Data></Cell>
    <Cell><Data ss:Type="Number">-9.61</Data></Cell>
    <Cell><Data ss:Type="Number">-0.18</Data></Cell>
    <Cell><Data ss:Type="Number">-0.88</Data></Cell>
    <Cell><Data ss:Type="Number">22.7</Data></Cell>
    <Cell><Data ss:Type="Number">39.6</Data></Cell>
    <Cell><Data ss:Type="Number">0</Data></Cell>
    <Cell><Data ss:Type="Number">0</Data></Cell>
    <Cell><Data ss:Type="String">2023-12-07 16:15:18.591805</Data></Cell>
   </Row>
   <Row>
    <Cell><Data ss:Type="String">566</Data></Cell>
    <Cell><Data ss:Type="Number">0.32</Data></Cell>
    <Cell><Data ss:Type="Number">-10.16</Data></Cell>
    <Cell><Data ss:Type="Number">-0.04</Data></Cell>
    <Cell><Data ss:Type="Number">-9.27</Data></Cell>
    <Cell><Data ss:Type="Number">-0.2</Data></Cell>
    <Cell><Data ss:Type="Number">-1.03</Data></Cell>
    <Cell><Data ss:Type="Number">22.7</Data></Cell>
    <Cell><Data ss:Type="Number">39.6</Data></Cell>
    <Cell><Data ss:Type="Number">0</Data></Cell>
    <Cell><Data ss:Type="Number">0</Data></Cell>
    <Cell><Data ss:Type="String">2023-12-07 16:15:18.588210</Data></Cell>
   </Row>
   <Row>
    <Cell><Data ss:Type="String">565</Data></Cell>
    <Cell><Data ss:Type="Number">0.23</Data></Cell>
    <Cell><Data ss:Type="Number">-10.02</Data></Cell>
    <Cell><Data ss:Type="Number">0.12</Data></Cell>
    <Cell><Data ss:Type="Number">-9.44</Data></Cell>
    <Cell><Data ss:Type="Number">-0.04</Data></Cell>
    <Cell><Data ss:Type="Number">-0.88</Data></Cell>
    <Cell><Data ss:Type="Number">22.7</Data></Cell>
    <Cell><Data ss:Type="Number">39.6</Data></Cell>
    <Cell><Data ss:Type="Number">0</Data></Cell>
    <Cell><Data ss:Type="Number">0</Data></Cell>
    <Cell><Data ss:Type="String">2023-12-07 16:15:18.364528</Data></Cell>
   </Row>
   <Row>
    <Cell><Data ss:Type="String">564</Data></Cell>
    <Cell><Data ss:Type="Number">0.21</Data></Cell>
    <Cell><Data ss:Type="Number">-10.11</Data></Cell>
    <Cell><Data ss:Type="Number">0.04</Data></Cell>
    <Cell><Data ss:Type="Number">-9.5</Data></Cell>
    <Cell><Data ss:Type="Number">-0.12</Data></Cell>
    <Cell><Data ss:Type="Number">-0.98</Data></Cell>
    <Cell><Data ss:Type="Number">22.7</Data></Cell>
    <Cell><Data ss:Type="Number">39.6</Data></Cell>
    <Cell><Data ss:Type="Number">0</Data></Cell>
    <Cell><Data ss:Type="Number">0</Data></Cell>
    <Cell><Data ss:Type="String">2023-12-07 16:15:18.363114</Data></Cell>
   </Row>
   <Row>
    <Cell><Data ss:Type="String">563</Data></Cell>
    <Cell><Data ss:Type="Number">0.14000000000000001</Data></Cell>
    <Cell><Data ss:Type="Number">-10.17</Data></Cell>
    <Cell><Data ss:Type="Number">0.16</Data></Cell>
    <Cell><Data ss:Type="Number">-9.51</Data></Cell>
    <Cell><Data ss:Type="Number">0</Data></Cell>
    <Cell><Data ss:Type="Number">-0.89</Data></Cell>
    <Cell><Data ss:Type="Number">22.7</Data></Cell>
    <Cell><Data ss:Type="Number">39.6</Data></Cell>
    <Cell><Data ss:Type="Number">0</Data></Cell>
    <Cell><Data ss:Type="Number">0</Data></Cell>
    <Cell><Data ss:Type="String">2023-12-07 16:15:18.361911</Data></Cell>
   </Row>
   <Row>
    <Cell><Data ss:Type="String">562</Data></Cell>
    <Cell><Data ss:Type="Number">0.4</Data></Cell>
    <Cell><Data ss:Type="Number">-10.19</Data></Cell>
    <Cell><Data ss:Type="Number">0.09</Data></Cell>
    <Cell><Data ss:Type="Number">-9.5500000000000007</Data></Cell>
    <Cell><Data ss:Type="Number">-0.1</Data></Cell>
    <Cell><Data ss:Type="Number">-0.96</Data></Cell>
    <Cell><Data ss:Type="Number">22.7</Data></Cell>
    <Cell><Data ss:Type="Number">39.6</Data></Cell>
    <Cell><Data ss:Type="Number">0</Data></Cell>
    <Cell><Data ss:Type="Number">0</Data></Cell>
    <Cell><Data ss:Type="String">2023-12-07 16:15:18.360481</Data></Cell>
   </Row>
   <Row>
    <Cell><Data ss:Type="String">561</Data></Cell>
    <Cell><Data ss:Type="Number">0.49</Data></Cell>
    <Cell><Data ss:Type="Number">-10.029999999999999</Data></Cell>
    <Cell><Data ss:Type="Number">0.3</Data></Cell>
    <Cell><Data ss:Type="Number">-9.48</Data></Cell>
    <Cell><Data ss:Type="Number">-0.18</Data></Cell>
    <Cell><Data ss:Type="Number">-0.9</Data></Cell>
    <Cell><Data ss:Type="Number">22.7</Data></Cell>
    <Cell><Data ss:Type="Number">39.6</Data></Cell>
    <Cell><Data ss:Type="Number">0</Data></Cell>
    <Cell><Data ss:Type="Number">0</Data></Cell>
    <Cell><Data ss:Type="String">2023-12-07 16:15:18.358750</Data></Cell>
   </Row>
   <Row>
    <Cell><Data ss:Type="String">560</Data></Cell>
    <Cell><Data ss:Type="Number">0.12</Data></Cell>
    <Cell><Data ss:Type="Number">-9.9499999999999993</Data></Cell>
    <Cell><Data ss:Type="Number">0.06</Data></Cell>
    <Cell><Data ss:Type="Number">-9.4</Data></Cell>
    <Cell><Data ss:Type="Number">-0.13</Data></Cell>
    <Cell><Data ss:Type="Number">-0.88</Data></Cell>
    <Cell><Data ss:Type="Number">22.7</Data></Cell>
    <Cell><Data ss:Type="Number">39.6</Data></Cell>
    <Cell><Data ss:Type="Number">0</Data></Cell>
    <Cell><Data ss:Type="Number">0</Data></Cell>
    <Cell><Data ss:Type="String">2023-12-07 16:15:18.199094</Data></Cell>
   </Row>
   <Row>
    <Cell><Data ss:Type="String">559</Data></Cell>
    <Cell><Data ss:Type="Number">1.1100000000000001</Data></Cell>
    <Cell><Data ss:Type="Number">-9.99</Data></Cell>
    <Cell><Data ss:Type="Number">-0.11</Data></Cell>
    <Cell><Data ss:Type="Number">-9.49</Data></Cell>
    <Cell><Data ss:Type="Number">0.19</Data></Cell>
    <Cell><Data ss:Type="Number">-1.04</Data></Cell>
    <Cell><Data ss:Type="Number">22.7</Data></Cell>
    <Cell><Data ss:Type="Number">39.6</Data></Cell>
    <Cell><Data ss:Type="Number">0</Data></Cell>
    <Cell><Data ss:Type="Number">0</Data></Cell>
    <Cell><Data ss:Type="String">2023-12-07 16:15:18.156223</Data></Cell>
   </Row>
   <Row>
    <Cell><Data ss:Type="String">558</Data></Cell>
    <Cell><Data ss:Type="Number">0.82</Data></Cell>
    <Cell><Data ss:Type="Number">-10.14</Data></Cell>
    <Cell><Data ss:Type="Number">0.37</Data></Cell>
    <Cell><Data ss:Type="Number">-9.51</Data></Cell>
    <Cell><Data ss:Type="Number">-0.27</Data></Cell>
    <Cell><Data ss:Type="Number">-0.86</Data></Cell>
    <Cell><Data ss:Type="Number">22.7</Data></Cell>
    <Cell><Data ss:Type="Number">39.6</Data></Cell>
    <Cell><Data ss:Type="Number">0</Data></Cell>
    <Cell><Data ss:Type="Number">0</Data></Cell>
    <Cell><Data ss:Type="String">2023-12-07 16:15:18.153610</Data></Cell>
   </Row>
   <Row>
    <Cell><Data ss:Type="String">557</Data></Cell>
    <Cell><Data ss:Type="Number">-1.18</Data></Cell>
    <Cell><Data ss:Type="Number">-10.3</Data></Cell>
    <Cell><Data ss:Type="Number">0.46</Data></Cell>
    <Cell><Data ss:Type="Number">-9.4700000000000006</Data></Cell>
    <Cell><Data ss:Type="Number">-0.56999999999999995</Data></Cell>
    <Cell><Data ss:Type="Number">-0.87</Data></Cell>
    <Cell><Data ss:Type="Number">22.7</Data></Cell>
    <Cell><Data ss:Type="Number">39.6</Data></Cell>
    <Cell><Data ss:Type="Number">0</Data></Cell>
    <Cell><Data ss:Type="Number">0</Data></Cell>
    <Cell><Data ss:Type="String">2023-12-07 16:15:18.107890</Data></Cell>
   </Row>
   <Row>
    <Cell><Data ss:Type="String">556</Data></Cell>
    <Cell><Data ss:Type="Number">-0.8</Data></Cell>
    <Cell><Data ss:Type="Number">-10.09</Data></Cell>
    <Cell><Data ss:Type="Number">-0.46</Data></Cell>
    <Cell><Data ss:Type="Number">-9.49</Data></Cell>
    <Cell><Data ss:Type="Number">0.35</Data></Cell>
    <Cell><Data ss:Type="Number">-0.98</Data></Cell>
    <Cell><Data ss:Type="Number">22.7</Data></Cell>
    <Cell><Data ss:Type="Number">39.6</Data></Cell>
    <Cell><Data ss:Type="Number">0</Data></Cell>
    <Cell><Data ss:Type="Number">0</Data></Cell>
    <Cell><Data ss:Type="String">2023-12-07 16:15:18.063034</Data></Cell>
   </Row>
   <Row>
    <Cell><Data ss:Type="String">555</Data></Cell>
    <Cell><Data ss:Type="Number">0.38</Data></Cell>
    <Cell><Data ss:Type="Number">-9.92</Data></Cell>
    <Cell><Data ss:Type="Number">-0.12</Data></Cell>
    <Cell><Data ss:Type="Number">-9.4600000000000009</Data></Cell>
    <Cell><Data ss:Type="Number">0.57999999999999996</Data></Cell>
    <Cell><Data ss:Type="Number">-0.85</Data></Cell>
    <Cell><Data ss:Type="Number">22.7</Data></Cell>
    <Cell><Data ss:Type="Number">39.6</Data></Cell>
    <Cell><Data ss:Type="Number">0</Data></Cell>
    <Cell><Data ss:Type="Number">0</Data></Cell>
    <Cell><Data ss:Type="String">2023-12-07 16:15:18.060976</Data></Cell>
   </Row>
   <Row>
    <Cell><Data ss:Type="String">554</Data></Cell>
    <Cell><Data ss:Type="Number">0.24</Data></Cell>
    <Cell><Data ss:Type="Number">-6.62</Data></Cell>
    <Cell><Data ss:Type="Number">-1.62</Data></Cell>
    <Cell><Data ss:Type="Number">-9.42</Data></Cell>
    <Cell><Data ss:Type="Number">1.39</Data></Cell>
    <Cell><Data ss:Type="Number">-0.54</Data></Cell>
    <Cell><Data ss:Type="Number">22.7</Data></Cell>
    <Cell><Data ss:Type="Number">39.6</Data></Cell>
    <Cell><Data ss:Type="Number">0</Data></Cell>
    <Cell><Data ss:Type="Number">0</Data></Cell>
    <Cell><Data ss:Type="String">2023-12-07 16:15:18.014798</Data></Cell>
   </Row>
   <Row>
    <Cell><Data ss:Type="String">553</Data></Cell>
    <Cell><Data ss:Type="Number">0.24</Data></Cell>
    <Cell><Data ss:Type="Number">-10.47</Data></Cell>
    <Cell><Data ss:Type="Number">0.18</Data></Cell>
    <Cell><Data ss:Type="Number">-9.6300000000000008</Data></Cell>
    <Cell><Data ss:Type="Number">-0.03</Data></Cell>
    <Cell><Data ss:Type="Number">-0.91</Data></Cell>
    <Cell><Data ss:Type="Number">22.7</Data></Cell>
    <Cell><Data ss:Type="Number">39.6</Data></Cell>
    <Cell><Data ss:Type="Number">0</Data></Cell>
    <Cell><Data ss:Type="Number">0</Data></Cell>
    <Cell><Data ss:Type="String">2023-12-07 16:15:17.966725</Data></Cell>
   </Row>
   <Row>
    <Cell><Data ss:Type="String">552</Data></Cell>
    <Cell><Data ss:Type="Number">0.49</Data></Cell>
    <Cell><Data ss:Type="Number">-10.55</Data></Cell>
    <Cell><Data ss:Type="Number">0.22</Data></Cell>
    <Cell><Data ss:Type="Number">-9.65</Data></Cell>
    <Cell><Data ss:Type="Number">-0.09</Data></Cell>
    <Cell><Data ss:Type="Number">-0.92</Data></Cell>
    <Cell><Data ss:Type="Number">22.7</Data></Cell>
    <Cell><Data ss:Type="Number">39.6</Data></Cell>
    <Cell><Data ss:Type="Number">0</Data></Cell>
    <Cell><Data ss:Type="Number">0</Data></Cell>
    <Cell><Data ss:Type="String">2023-12-07 16:15:17.965126</Data></Cell>
   </Row>
   <Row>
    <Cell><Data ss:Type="String">551</Data></Cell>
    <Cell><Data ss:Type="Number">7.0000000000000007E-2</Data></Cell>
    <Cell><Data ss:Type="Number">-10.64</Data></Cell>
    <Cell><Data ss:Type="Number">0.2</Data></Cell>
    <Cell><Data ss:Type="Number">-9.74</Data></Cell>
    <Cell><Data ss:Type="Number">-0.05</Data></Cell>
    <Cell><Data ss:Type="Number">-0.85</Data></Cell>
    <Cell><Data ss:Type="Number">22.7</Data></Cell>
    <Cell><Data ss:Type="Number">39.6</Data></Cell>
    <Cell><Data ss:Type="Number">0</Data></Cell>
    <Cell><Data ss:Type="Number">0</Data></Cell>
    <Cell><Data ss:Type="String">2023-12-07 16:15:17.963515</Data></Cell>
   </Row>
   <Row>
    <Cell><Data ss:Type="String">550</Data></Cell>
    <Cell><Data ss:Type="Number">0.11</Data></Cell>
    <Cell><Data ss:Type="Number">-10.45</Data></Cell>
    <Cell><Data ss:Type="Number">0.21</Data></Cell>
    <Cell><Data ss:Type="Number">-9.49</Data></Cell>
    <Cell><Data ss:Type="Number">-0.14000000000000001</Data></Cell>
    <Cell><Data ss:Type="Number">-0.91</Data></Cell>
    <Cell><Data ss:Type="Number">22.7</Data></Cell>
    <Cell><Data ss:Type="Number">39.6</Data></Cell>
    <Cell><Data ss:Type="Number">0</Data></Cell>
    <Cell><Data ss:Type="Number">0</Data></Cell>
    <Cell><Data ss:Type="String">2023-12-07 16:15:17.962108</Data></Cell>
   </Row>
   <Row>
    <Cell><Data ss:Type="String">549</Data></Cell>
    <Cell><Data ss:Type="Number">0.71</Data></Cell>
    <Cell><Data ss:Type="Number">-10.06</Data></Cell>
    <Cell><Data ss:Type="Number">-0.19</Data></Cell>
    <Cell><Data ss:Type="Number">-9.39</Data></Cell>
    <Cell><Data ss:Type="Number">-7.0000000000000007E-2</Data></Cell>
    <Cell><Data ss:Type="Number">-0.94</Data></Cell>
    <Cell><Data ss:Type="Number">22.7</Data></Cell>
    <Cell><Data ss:Type="Number">39.6</Data></Cell>
    <Cell><Data ss:Type="Number">0</Data></Cell>
    <Cell><Data ss:Type="Number">0</Data></Cell>
    <Cell><Data ss:Type="String">2023-12-07 16:15:17.960500</Data></Cell>
   </Row>
   <Row>
    <Cell><Data ss:Type="String">548</Data></Cell>
    <Cell><Data ss:Type="Number">-0.15</Data></Cell>
    <Cell><Data ss:Type="Number">-10.220000000000001</Data></Cell>
    <Cell><Data ss:Type="Number">0.17</Data></Cell>
    <Cell><Data ss:Type="Number">-9.51</Data></Cell>
    <Cell><Data ss:Type="Number">-0.02</Data></Cell>
    <Cell><Data ss:Type="Number">-0.93</Data></Cell>
    <Cell><Data ss:Type="Number">22.7</Data></Cell>
    <Cell><Data ss:Type="Number">39.6</Data></Cell>
    <Cell><Data ss:Type="Number">0</Data></Cell>
    <Cell><Data ss:Type="Number">0</Data></Cell>
    <Cell><Data ss:Type="String">2023-12-07 16:15:17.958714</Data></Cell>
   </Row>
   <Row>
    <Cell><Data ss:Type="String">547</Data></Cell>
    <Cell><Data ss:Type="Number">0.25</Data></Cell>
    <Cell><Data ss:Type="Number">-11</Data></Cell>
    <Cell><Data ss:Type="Number">-0.03</Data></Cell>
    <Cell><Data ss:Type="Number">-9.59</Data></Cell>
    <Cell><Data ss:Type="Number">-0.15</Data></Cell>
    <Cell><Data ss:Type="Number">-0.92</Data></Cell>
    <Cell><Data ss:Type="Number">22.7</Data></Cell>
    <Cell><Data ss:Type="Number">39.6</Data></Cell>
    <Cell><Data ss:Type="Number">0</Data></Cell>
    <Cell><Data ss:Type="Number">0</Data></Cell>
    <Cell><Data ss:Type="String">2023-12-07 16:15:17.956164</Data></Cell>
   </Row>
   <Row>
    <Cell><Data ss:Type="String">546</Data></Cell>
    <Cell><Data ss:Type="Number">0.56999999999999995</Data></Cell>
    <Cell><Data ss:Type="Number">-10.45</Data></Cell>
    <Cell><Data ss:Type="Number">0.15</Data></Cell>
    <Cell><Data ss:Type="Number">-9.51</Data></Cell>
    <Cell><Data ss:Type="Number">-0.09</Data></Cell>
    <Cell><Data ss:Type="Number">-0.94</Data></Cell>
    <Cell><Data ss:Type="Number">22.7</Data></Cell>
    <Cell><Data ss:Type="Number">39.6</Data></Cell>
    <Cell><Data ss:Type="Number">0</Data></Cell>
    <Cell><Data ss:Type="Number">0</Data></Cell>
    <Cell><Data ss:Type="String">2023-12-07 16:15:17.716162</Data></Cell>
   </Row>
   <Row>
    <Cell><Data ss:Type="String">545</Data></Cell>
    <Cell><Data ss:Type="Number">0.55000000000000004</Data></Cell>
    <Cell><Data ss:Type="Number">-9.59</Data></Cell>
    <Cell><Data ss:Type="Number">0.2</Data></Cell>
    <Cell><Data ss:Type="Number">-9.49</Data></Cell>
    <Cell><Data ss:Type="Number">-0.04</Data></Cell>
    <Cell><Data ss:Type="Number">-0.86</Data></Cell>
    <Cell><Data ss:Type="Number">22.7</Data></Cell>
    <Cell><Data ss:Type="Number">39.6</Data></Cell>
    <Cell><Data ss:Type="Number">0</Data></Cell>
    <Cell><Data ss:Type="Number">0</Data></Cell>
    <Cell><Data ss:Type="String">2023-12-07 16:15:17.714621</Data></Cell>
   </Row>
   <Row>
    <Cell><Data ss:Type="String">544</Data></Cell>
    <Cell><Data ss:Type="Number">0.3</Data></Cell>
    <Cell><Data ss:Type="Number">-10.119999999999999</Data></Cell>
    <Cell><Data ss:Type="Number">0.16</Data></Cell>
    <Cell><Data ss:Type="Number">-9.4700000000000006</Data></Cell>
    <Cell><Data ss:Type="Number">-0.03</Data></Cell>
    <Cell><Data ss:Type="Number">-0.9</Data></Cell>
    <Cell><Data ss:Type="Number">22.7</Data></Cell>
    <Cell><Data ss:Type="Number">39.6</Data></Cell>
    <Cell><Data ss:Type="Number">0</Data></Cell>
    <Cell><Data ss:Type="Number">0</Data></Cell>
    <Cell><Data ss:Type="String">2023-12-07 16:15:17.712977</Data></Cell>
   </Row>
   <Row>
    <Cell><Data ss:Type="String">543</Data></Cell>
    <Cell><Data ss:Type="Number">0.44</Data></Cell>
    <Cell><Data ss:Type="Number">-10.32</Data></Cell>
    <Cell><Data ss:Type="Number">0.16</Data></Cell>
    <Cell><Data ss:Type="Number">-9.6199999999999992</Data></Cell>
    <Cell><Data ss:Type="Number">-0.12</Data></Cell>
    <Cell><Data ss:Type="Number">-0.9</Data></Cell>
    <Cell><Data ss:Type="Number">22.7</Data></Cell>
    <Cell><Data ss:Type="Number">39.6</Data></Cell>
    <Cell><Data ss:Type="Number">0</Data></Cell>
    <Cell><Data ss:Type="Number">0</Data></Cell>
    <Cell><Data ss:Type="String">2023-12-07 16:15:17.711289</Data></Cell>
   </Row>
   <Row>
    <Cell><Data ss:Type="String">542</Data></Cell>
    <Cell><Data ss:Type="Number">0.45</Data></Cell>
    <Cell><Data ss:Type="Number">-10.06</Data></Cell>
    <Cell><Data ss:Type="Number">-0.15</Data></Cell>
    <Cell><Data ss:Type="Number">-9.51</Data></Cell>
    <Cell><Data ss:Type="Number">-0.12</Data></Cell>
    <Cell><Data ss:Type="Number">-0.95</Data></Cell>
    <Cell><Data ss:Type="Number">22.7</Data></Cell>
    <Cell><Data ss:Type="Number">39.6</Data></Cell>
    <Cell><Data ss:Type="Number">0</Data></Cell>
    <Cell><Data ss:Type="Number">0</Data></Cell>
    <Cell><Data ss:Type="String">2023-12-07 16:15:17.709571</Data></Cell>
   </Row>
   <Row>
    <Cell><Data ss:Type="String">541</Data></Cell>
    <Cell><Data ss:Type="Number">0.33</Data></Cell>
    <Cell><Data ss:Type="Number">-10.51</Data></Cell>
    <Cell><Data ss:Type="Number">0.06</Data></Cell>
    <Cell><Data ss:Type="Number">-9.66</Data></Cell>
    <Cell><Data ss:Type="Number">-0.03</Data></Cell>
    <Cell><Data ss:Type="Number">-0.84</Data></Cell>
    <Cell><Data ss:Type="Number">22.7</Data></Cell>
    <Cell><Data ss:Type="Number">39.6</Data></Cell>
    <Cell><Data ss:Type="Number">0</Data></Cell>
    <Cell><Data ss:Type="Number">0</Data></Cell>
    <Cell><Data ss:Type="String">2023-12-07 16:15:17.707762</Data></Cell>
   </Row>
   <Row>
    <Cell><Data ss:Type="String">540</Data></Cell>
    <Cell><Data ss:Type="Number">0.75</Data></Cell>
    <Cell><Data ss:Type="Number">-10.19</Data></Cell>
    <Cell><Data ss:Type="Number">0.05</Data></Cell>
    <Cell><Data ss:Type="Number">-9.4600000000000009</Data></Cell>
    <Cell><Data ss:Type="Number">-0.17</Data></Cell>
    <Cell><Data ss:Type="Number">-0.93</Data></Cell>
    <Cell><Data ss:Type="Number">22.7</Data></Cell>
    <Cell><Data ss:Type="Number">39.6</Data></Cell>
    <Cell><Data ss:Type="Number">0</Data></Cell>
    <Cell><Data ss:Type="Number">0</Data></Cell>
    <Cell><Data ss:Type="String">2023-12-07 16:15:17.704654</Data></Cell>
   </Row>
   <Row>
    <Cell><Data ss:Type="String">539</Data></Cell>
    <Cell><Data ss:Type="Number">0.47</Data></Cell>
    <Cell><Data ss:Type="Number">-10.09</Data></Cell>
    <Cell><Data ss:Type="Number">-0.03</Data></Cell>
    <Cell><Data ss:Type="Number">-9.58</Data></Cell>
    <Cell><Data ss:Type="Number">-0.05</Data></Cell>
    <Cell><Data ss:Type="Number">-0.86</Data></Cell>
    <Cell><Data ss:Type="Number">22.7</Data></Cell>
    <Cell><Data ss:Type="Number">39.6</Data></Cell>
    <Cell><Data ss:Type="Number">0</Data></Cell>
    <Cell><Data ss:Type="Number">0</Data></Cell>
    <Cell><Data ss:Type="String">2023-12-07 16:15:17.702470</Data></Cell>
   </Row>
   <Row>
    <Cell><Data ss:Type="String">538</Data></Cell>
    <Cell><Data ss:Type="Number">0.39</Data></Cell>
    <Cell><Data ss:Type="Number">-9.77</Data></Cell>
    <Cell><Data ss:Type="Number">0.28000000000000003</Data></Cell>
    <Cell><Data ss:Type="Number">-9.5</Data></Cell>
    <Cell><Data ss:Type="Number">-0.06</Data></Cell>
    <Cell><Data ss:Type="Number">-0.95</Data></Cell>
    <Cell><Data ss:Type="Number">22.7</Data></Cell>
    <Cell><Data ss:Type="Number">39.6</Data></Cell>
    <Cell><Data ss:Type="Number">0</Data></Cell>
    <Cell><Data ss:Type="Number">0</Data></Cell>
    <Cell><Data ss:Type="String">2023-12-07 16:15:17.463141</Data></Cell>
   </Row>
   <Row>
    <Cell><Data ss:Type="String">537</Data></Cell>
    <Cell><Data ss:Type="Number">0.46</Data></Cell>
    <Cell><Data ss:Type="Number">-9.74</Data></Cell>
    <Cell><Data ss:Type="Number">0.53</Data></Cell>
    <Cell><Data ss:Type="Number">-9.43</Data></Cell>
    <Cell><Data ss:Type="Number">-0.03</Data></Cell>
    <Cell><Data ss:Type="Number">-0.86</Data></Cell>
    <Cell><Data ss:Type="Number">22.7</Data></Cell>
    <Cell><Data ss:Type="Number">39.6</Data></Cell>
    <Cell><Data ss:Type="Number">0</Data></Cell>
    <Cell><Data ss:Type="Number">0</Data></Cell>
    <Cell><Data ss:Type="String">2023-12-07 16:15:17.419221</Data></Cell>
   </Row>
   <Row>
    <Cell><Data ss:Type="String">536</Data></Cell>
    <Cell><Data ss:Type="Number">0.54</Data></Cell>
    <Cell><Data ss:Type="Number">-9.8699999999999992</Data></Cell>
    <Cell><Data ss:Type="Number">0.26</Data></Cell>
    <Cell><Data ss:Type="Number">-9.48</Data></Cell>
    <Cell><Data ss:Type="Number">-0.08</Data></Cell>
    <Cell><Data ss:Type="Number">-0.97</Data></Cell>
    <Cell><Data ss:Type="Number">22.7</Data></Cell>
    <Cell><Data ss:Type="Number">39.6</Data></Cell>
    <Cell><Data ss:Type="Number">0</Data></Cell>
    <Cell><Data ss:Type="Number">0</Data></Cell>
    <Cell><Data ss:Type="String">2023-12-07 16:15:17.417189</Data></Cell>
   </Row>
   <Row>
    <Cell><Data ss:Type="String">535</Data></Cell>
    <Cell><Data ss:Type="Number">0.33</Data></Cell>
    <Cell><Data ss:Type="Number">-10.35</Data></Cell>
    <Cell><Data ss:Type="Number">0.16</Data></Cell>
    <Cell><Data ss:Type="Number">-9.51</Data></Cell>
    <Cell><Data ss:Type="Number">-0.12</Data></Cell>
    <Cell><Data ss:Type="Number">-0.95</Data></Cell>
    <Cell><Data ss:Type="Number">22.7</Data></Cell>
    <Cell><Data ss:Type="Number">39.6</Data></Cell>
    <Cell><Data ss:Type="Number">0</Data></Cell>
    <Cell><Data ss:Type="Number">0</Data></Cell>
    <Cell><Data ss:Type="String">2023-12-07 16:15:17.372628</Data></Cell>
   </Row>
   <Row>
    <Cell><Data ss:Type="String">534</Data></Cell>
    <Cell><Data ss:Type="Number">0.35</Data></Cell>
    <Cell><Data ss:Type="Number">-10.19</Data></Cell>
    <Cell><Data ss:Type="Number">0</Data></Cell>
    <Cell><Data ss:Type="Number">-9.52</Data></Cell>
    <Cell><Data ss:Type="Number">-0.04</Data></Cell>
    <Cell><Data ss:Type="Number">-0.87</Data></Cell>
    <Cell><Data ss:Type="Number">22.7</Data></Cell>
    <Cell><Data ss:Type="Number">39.6</Data></Cell>
    <Cell><Data ss:Type="Number">0</Data></Cell>
    <Cell><Data ss:Type="Number">0</Data></Cell>
    <Cell><Data ss:Type="String">2023-12-07 16:15:17.326006</Data></Cell>
   </Row>
   <Row>
    <Cell><Data ss:Type="String">533</Data></Cell>
    <Cell><Data ss:Type="Number">-0.3</Data></Cell>
    <Cell><Data ss:Type="Number">-9.44</Data></Cell>
    <Cell><Data ss:Type="Number">-0.41</Data></Cell>
    <Cell><Data ss:Type="Number">-9.33</Data></Cell>
    <Cell><Data ss:Type="Number">0.01</Data></Cell>
    <Cell><Data ss:Type="Number">-1</Data></Cell>
    <Cell><Data ss:Type="Number">22.7</Data></Cell>
    <Cell><Data ss:Type="Number">39.6</Data></Cell>
    <Cell><Data ss:Type="Number">0</Data></Cell>
    <Cell><Data ss:Type="Number">0</Data></Cell>
    <Cell><Data ss:Type="String">2023-12-07 16:15:17.266916</Data></Cell>
   </Row>
   <Row>
    <Cell><Data ss:Type="String">532</Data></Cell>
    <Cell><Data ss:Type="Number">0.1</Data></Cell>
    <Cell><Data ss:Type="Number">-10.31</Data></Cell>
    <Cell><Data ss:Type="Number">0.25</Data></Cell>
    <Cell><Data ss:Type="Number">-9.44</Data></Cell>
    <Cell><Data ss:Type="Number">-0.15</Data></Cell>
    <Cell><Data ss:Type="Number">-0.83</Data></Cell>
    <Cell><Data ss:Type="Number">22.7</Data></Cell>
    <Cell><Data ss:Type="Number">39.6</Data></Cell>
    <Cell><Data ss:Type="Number">0</Data></Cell>
    <Cell><Data ss:Type="Number">0</Data></Cell>
    <Cell><Data ss:Type="String">2023-12-07 16:15:17.265076</Data></Cell>
   </Row>
   <Row>
    <Cell><Data ss:Type="String">531</Data></Cell>
    <Cell><Data ss:Type="Number">1.48</Data></Cell>
    <Cell><Data ss:Type="Number">-9.98</Data></Cell>
    <Cell><Data ss:Type="Number">0.34</Data></Cell>
    <Cell><Data ss:Type="Number">-9.51</Data></Cell>
    <Cell><Data ss:Type="Number">-0.27</Data></Cell>
    <Cell><Data ss:Type="Number">-0.93</Data></Cell>
    <Cell><Data ss:Type="Number">22.7</Data></Cell>
    <Cell><Data ss:Type="Number">39.6</Data></Cell>
    <Cell><Data ss:Type="Number">0</Data></Cell>
    <Cell><Data ss:Type="Number">0</Data></Cell>
    <Cell><Data ss:Type="String">2023-12-07 16:15:17.212438</Data></Cell>
   </Row>
   <Row>
    <Cell><Data ss:Type="String">530</Data></Cell>
    <Cell><Data ss:Type="Number">-0.82</Data></Cell>
    <Cell><Data ss:Type="Number">-10.4</Data></Cell>
    <Cell><Data ss:Type="Number">0.17</Data></Cell>
    <Cell><Data ss:Type="Number">-9.6300000000000008</Data></Cell>
    <Cell><Data ss:Type="Number">-0.19</Data></Cell>
    <Cell><Data ss:Type="Number">-0.93</Data></Cell>
    <Cell><Data ss:Type="Number">22.7</Data></Cell>
    <Cell><Data ss:Type="Number">39.6</Data></Cell>
    <Cell><Data ss:Type="Number">0</Data></Cell>
    <Cell><Data ss:Type="Number">0</Data></Cell>
    <Cell><Data ss:Type="String">2023-12-07 16:15:17.209904</Data></Cell>
   </Row>
   <Row>
    <Cell><Data ss:Type="String">529</Data></Cell>
    <Cell><Data ss:Type="Number">-0.16</Data></Cell>
    <Cell><Data ss:Type="Number">-9.6300000000000008</Data></Cell>
    <Cell><Data ss:Type="Number">0.31</Data></Cell>
    <Cell><Data ss:Type="Number">-8.89</Data></Cell>
    <Cell><Data ss:Type="Number">0.23</Data></Cell>
    <Cell><Data ss:Type="Number">-0.88</Data></Cell>
    <Cell><Data ss:Type="Number">22.7</Data></Cell>
    <Cell><Data ss:Type="Number">39.6</Data></Cell>
    <Cell><Data ss:Type="Number">0</Data></Cell>
    <Cell><Data ss:Type="Number">0</Data></Cell>
    <Cell><Data ss:Type="String">2023-12-07 16:15:17.157575</Data></Cell>
   </Row>
   <Row>
    <Cell><Data ss:Type="String">528</Data></Cell>
    <Cell><Data ss:Type="Number">0.31</Data></Cell>
    <Cell><Data ss:Type="Number">-10</Data></Cell>
    <Cell><Data ss:Type="Number">0.39</Data></Cell>
    <Cell><Data ss:Type="Number">-9.4700000000000006</Data></Cell>
    <Cell><Data ss:Type="Number">-7.0000000000000007E-2</Data></Cell>
    <Cell><Data ss:Type="Number">-0.93</Data></Cell>
    <Cell><Data ss:Type="Number">22.7</Data></Cell>
    <Cell><Data ss:Type="Number">39.6</Data></Cell>
    <Cell><Data ss:Type="Number">0</Data></Cell>
    <Cell><Data ss:Type="Number">0</Data></Cell>
    <Cell><Data ss:Type="String">2023-12-07 16:15:17.119406</Data></Cell>
   </Row>
   <Row>
    <Cell><Data ss:Type="String">527</Data></Cell>
    <Cell><Data ss:Type="Number">0.16</Data></Cell>
    <Cell><Data ss:Type="Number">-9.8800000000000008</Data></Cell>
    <Cell><Data ss:Type="Number">0.17</Data></Cell>
    <Cell><Data ss:Type="Number">-9.35</Data></Cell>
    <Cell><Data ss:Type="Number">-0.04</Data></Cell>
    <Cell><Data ss:Type="Number">-0.97</Data></Cell>
    <Cell><Data ss:Type="Number">22.7</Data></Cell>
    <Cell><Data ss:Type="Number">39.6</Data></Cell>
    <Cell><Data ss:Type="Number">0</Data></Cell>
    <Cell><Data ss:Type="Number">0</Data></Cell>
    <Cell><Data ss:Type="String">2023-12-07 16:15:17.118079</Data></Cell>
   </Row>
   <Row>
    <Cell><Data ss:Type="String">526</Data></Cell>
    <Cell><Data ss:Type="Number">0.4</Data></Cell>
    <Cell><Data ss:Type="Number">-9.67</Data></Cell>
    <Cell><Data ss:Type="Number">0.1</Data></Cell>
    <Cell><Data ss:Type="Number">-9.4700000000000006</Data></Cell>
    <Cell><Data ss:Type="Number">-0.11</Data></Cell>
    <Cell><Data ss:Type="Number">-0.85</Data></Cell>
    <Cell><Data ss:Type="Number">22.7</Data></Cell>
    <Cell><Data ss:Type="Number">39.6</Data></Cell>
    <Cell><Data ss:Type="Number">0</Data></Cell>
    <Cell><Data ss:Type="Number">0</Data></Cell>
    <Cell><Data ss:Type="String">2023-12-07 16:15:17.116663</Data></Cell>
   </Row>
   <Row>
    <Cell><Data ss:Type="String">525</Data></Cell>
    <Cell><Data ss:Type="Number">0.67</Data></Cell>
    <Cell><Data ss:Type="Number">-10.72</Data></Cell>
    <Cell><Data ss:Type="Number">0.2</Data></Cell>
    <Cell><Data ss:Type="Number">-9.61</Data></Cell>
    <Cell><Data ss:Type="Number">-0.09</Data></Cell>
    <Cell><Data ss:Type="Number">-0.96</Data></Cell>
    <Cell><Data ss:Type="Number">22.7</Data></Cell>
    <Cell><Data ss:Type="Number">39.6</Data></Cell>
    <Cell><Data ss:Type="Number">0</Data></Cell>
    <Cell><Data ss:Type="Number">0</Data></Cell>
    <Cell><Data ss:Type="String">2023-12-07 16:15:17.115318</Data></Cell>
   </Row>
   <Row>
    <Cell><Data ss:Type="String">524</Data></Cell>
    <Cell><Data ss:Type="Number">0.85</Data></Cell>
    <Cell><Data ss:Type="Number">-10.050000000000001</Data></Cell>
    <Cell><Data ss:Type="Number">0.49</Data></Cell>
    <Cell><Data ss:Type="Number">-9.5399999999999991</Data></Cell>
    <Cell><Data ss:Type="Number">0.03</Data></Cell>
    <Cell><Data ss:Type="Number">-0.83</Data></Cell>
    <Cell><Data ss:Type="Number">22.7</Data></Cell>
    <Cell><Data ss:Type="Number">39.6</Data></Cell>
    <Cell><Data ss:Type="Number">0</Data></Cell>
    <Cell><Data ss:Type="Number">0</Data></Cell>
    <Cell><Data ss:Type="String">2023-12-07 16:15:17.113839</Data></Cell>
   </Row>
   <Row>
    <Cell><Data ss:Type="String">523</Data></Cell>
    <Cell><Data ss:Type="Number">0.89</Data></Cell>
    <Cell><Data ss:Type="Number">-10.119999999999999</Data></Cell>
    <Cell><Data ss:Type="Number">0.25</Data></Cell>
    <Cell><Data ss:Type="Number">-9.44</Data></Cell>
    <Cell><Data ss:Type="Number">-0.22</Data></Cell>
    <Cell><Data ss:Type="Number">-0.97</Data></Cell>
    <Cell><Data ss:Type="Number">22.7</Data></Cell>
    <Cell><Data ss:Type="Number">39.6</Data></Cell>
    <Cell><Data ss:Type="Number">0</Data></Cell>
    <Cell><Data ss:Type="Number">0</Data></Cell>
    <Cell><Data ss:Type="String">2023-12-07 16:15:17.112458</Data></Cell>
   </Row>
   <Row>
    <Cell><Data ss:Type="String">522</Data></Cell>
    <Cell><Data ss:Type="Number">0.57999999999999996</Data></Cell>
    <Cell><Data ss:Type="Number">-10.35</Data></Cell>
    <Cell><Data ss:Type="Number">0.25</Data></Cell>
    <Cell><Data ss:Type="Number">-9.4600000000000009</Data></Cell>
    <Cell><Data ss:Type="Number">-0.24</Data></Cell>
    <Cell><Data ss:Type="Number">-0.89</Data></Cell>
    <Cell><Data ss:Type="Number">22.7</Data></Cell>
    <Cell><Data ss:Type="Number">39.6</Data></Cell>
    <Cell><Data ss:Type="Number">0</Data></Cell>
    <Cell><Data ss:Type="Number">0</Data></Cell>
    <Cell><Data ss:Type="String">2023-12-07 16:15:17.110964</Data></Cell>
   </Row>
   <Row>
    <Cell><Data ss:Type="String">521</Data></Cell>
    <Cell><Data ss:Type="Number">0.54</Data></Cell>
    <Cell><Data ss:Type="Number">-10.5</Data></Cell>
    <Cell><Data ss:Type="Number">-0.5</Data></Cell>
    <Cell><Data ss:Type="Number">-9.48</Data></Cell>
    <Cell><Data ss:Type="Number">7.0000000000000007E-2</Data></Cell>
    <Cell><Data ss:Type="Number">-0.93</Data></Cell>
    <Cell><Data ss:Type="Number">22.7</Data></Cell>
    <Cell><Data ss:Type="Number">39.6</Data></Cell>
    <Cell><Data ss:Type="Number">0</Data></Cell>
    <Cell><Data ss:Type="Number">0</Data></Cell>
    <Cell><Data ss:Type="String">2023-12-07 16:15:16.891281</Data></Cell>
   </Row>
   <Row>
    <Cell><Data ss:Type="String">520</Data></Cell>
    <Cell><Data ss:Type="Number">0.11</Data></Cell>
    <Cell><Data ss:Type="Number">-9.82</Data></Cell>
    <Cell><Data ss:Type="Number">0.04</Data></Cell>
    <Cell><Data ss:Type="Number">-9.4</Data></Cell>
    <Cell><Data ss:Type="Number">0.3</Data></Cell>
    <Cell><Data ss:Type="Number">-1.07</Data></Cell>
    <Cell><Data ss:Type="Number">22.7</Data></Cell>
    <Cell><Data ss:Type="Number">39.6</Data></Cell>
    <Cell><Data ss:Type="Number">0</Data></Cell>
    <Cell><Data ss:Type="Number">0</Data></Cell>
    <Cell><Data ss:Type="String">2023-12-07 16:15:16.839506</Data></Cell>
   </Row>
   <Row>
    <Cell><Data ss:Type="String">519</Data></Cell>
    <Cell><Data ss:Type="Number">1.63</Data></Cell>
    <Cell><Data ss:Type="Number">-9.75</Data></Cell>
    <Cell><Data ss:Type="Number">0.9</Data></Cell>
    <Cell><Data ss:Type="Number">-9.3699999999999992</Data></Cell>
    <Cell><Data ss:Type="Number">-0.36</Data></Cell>
    <Cell><Data ss:Type="Number">-0.78</Data></Cell>
    <Cell><Data ss:Type="Number">22.7</Data></Cell>
    <Cell><Data ss:Type="Number">39.6</Data></Cell>
    <Cell><Data ss:Type="Number">0</Data></Cell>
    <Cell><Data ss:Type="Number">0</Data></Cell>
    <Cell><Data ss:Type="String">2023-12-07 16:15:16.835787</Data></Cell>
   </Row>
   <Row>
    <Cell><Data ss:Type="String">518</Data></Cell>
    <Cell><Data ss:Type="Number">3.84</Data></Cell>
    <Cell><Data ss:Type="Number">-9.4</Data></Cell>
    <Cell><Data ss:Type="Number">1.78</Data></Cell>
    <Cell><Data ss:Type="Number">-9.4</Data></Cell>
    <Cell><Data ss:Type="Number">-1.57</Data></Cell>
    <Cell><Data ss:Type="Number">-1.07</Data></Cell>
    <Cell><Data ss:Type="Number">22.7</Data></Cell>
    <Cell><Data ss:Type="Number">39.6</Data></Cell>
    <Cell><Data ss:Type="Number">0</Data></Cell>
    <Cell><Data ss:Type="Number">0</Data></Cell>
    <Cell><Data ss:Type="String">2023-12-07 16:15:16.789486</Data></Cell>
   </Row>
   <Row>
    <Cell><Data ss:Type="String">517</Data></Cell>
    <Cell><Data ss:Type="Number">0.9</Data></Cell>
    <Cell><Data ss:Type="Number">-9.1999999999999993</Data></Cell>
    <Cell><Data ss:Type="Number">-0.6</Data></Cell>
    <Cell><Data ss:Type="Number">-9.14</Data></Cell>
    <Cell><Data ss:Type="Number">0.2</Data></Cell>
    <Cell><Data ss:Type="Number">-0.91</Data></Cell>
    <Cell><Data ss:Type="Number">22.7</Data></Cell>
    <Cell><Data ss:Type="Number">39.6</Data></Cell>
    <Cell><Data ss:Type="Number">0</Data></Cell>
    <Cell><Data ss:Type="Number">0</Data></Cell>
    <Cell><Data ss:Type="String">2023-12-07 16:15:16.749072</Data></Cell>
   </Row>
   <Row>
    <Cell><Data ss:Type="String">516</Data></Cell>
    <Cell><Data ss:Type="Number">0.43</Data></Cell>
    <Cell><Data ss:Type="Number">-9.93</Data></Cell>
    <Cell><Data ss:Type="Number">0.1</Data></Cell>
    <Cell><Data ss:Type="Number">-9.4700000000000006</Data></Cell>
    <Cell><Data ss:Type="Number">-0.12</Data></Cell>
    <Cell><Data ss:Type="Number">-0.91</Data></Cell>
    <Cell><Data ss:Type="Number">22.7</Data></Cell>
    <Cell><Data ss:Type="Number">39.6</Data></Cell>
    <Cell><Data ss:Type="Number">0</Data></Cell>
    <Cell><Data ss:Type="Number">0</Data></Cell>
    <Cell><Data ss:Type="String">2023-12-07 16:15:16.747679</Data></Cell>
   </Row>
   <Row>
    <Cell><Data ss:Type="String">515</Data></Cell>
    <Cell><Data ss:Type="Number">0.15</Data></Cell>
    <Cell><Data ss:Type="Number">-9.5399999999999991</Data></Cell>
    <Cell><Data ss:Type="Number">0.25</Data></Cell>
    <Cell><Data ss:Type="Number">-9.3800000000000008</Data></Cell>
    <Cell><Data ss:Type="Number">-0.02</Data></Cell>
    <Cell><Data ss:Type="Number">-0.91</Data></Cell>
    <Cell><Data ss:Type="Number">22.7</Data></Cell>
    <Cell><Data ss:Type="Number">39.6</Data></Cell>
    <Cell><Data ss:Type="Number">0</Data></Cell>
    <Cell><Data ss:Type="Number">0</Data></Cell>
    <Cell><Data ss:Type="String">2023-12-07 16:15:16.744784</Data></Cell>
   </Row>
   <Row>
    <Cell><Data ss:Type="String">514</Data></Cell>
    <Cell><Data ss:Type="Number">0.28000000000000003</Data></Cell>
    <Cell><Data ss:Type="Number">-10.24</Data></Cell>
    <Cell><Data ss:Type="Number">0.13</Data></Cell>
    <Cell><Data ss:Type="Number">-9.5500000000000007</Data></Cell>
    <Cell><Data ss:Type="Number">-0.06</Data></Cell>
    <Cell><Data ss:Type="Number">-0.92</Data></Cell>
    <Cell><Data ss:Type="Number">22.7</Data></Cell>
    <Cell><Data ss:Type="Number">39.6</Data></Cell>
    <Cell><Data ss:Type="Number">0</Data></Cell>
    <Cell><Data ss:Type="Number">0</Data></Cell>
    <Cell><Data ss:Type="String">2023-12-07 16:15:16.743264</Data></Cell>
   </Row>
   <Row>
    <Cell><Data ss:Type="String">513</Data></Cell>
    <Cell><Data ss:Type="Number">0.25</Data></Cell>
    <Cell><Data ss:Type="Number">-10.119999999999999</Data></Cell>
    <Cell><Data ss:Type="Number">0.2</Data></Cell>
    <Cell><Data ss:Type="Number">-9.49</Data></Cell>
    <Cell><Data ss:Type="Number">-0.09</Data></Cell>
    <Cell><Data ss:Type="Number">-0.88</Data></Cell>
    <Cell><Data ss:Type="Number">22.7</Data></Cell>
    <Cell><Data ss:Type="Number">39.6</Data></Cell>
    <Cell><Data ss:Type="Number">0</Data></Cell>
    <Cell><Data ss:Type="Number">0</Data></Cell>
    <Cell><Data ss:Type="String">2023-12-07 16:15:16.741671</Data></Cell>
   </Row>
   <Row>
    <Cell><Data ss:Type="String">512</Data></Cell>
    <Cell><Data ss:Type="Number">0.28999999999999998</Data></Cell>
    <Cell><Data ss:Type="Number">-10.01</Data></Cell>
    <Cell><Data ss:Type="Number">0.05</Data></Cell>
    <Cell><Data ss:Type="Number">-9.42</Data></Cell>
    <Cell><Data ss:Type="Number">-7.0000000000000007E-2</Data></Cell>
    <Cell><Data ss:Type="Number">-0.92</Data></Cell>
    <Cell><Data ss:Type="Number">22.7</Data></Cell>
    <Cell><Data ss:Type="Number">39.6</Data></Cell>
    <Cell><Data ss:Type="Number">0</Data></Cell>
    <Cell><Data ss:Type="Number">0</Data></Cell>
    <Cell><Data ss:Type="String">2023-12-07 16:15:16.739459</Data></Cell>
   </Row>
   <Row>
    <Cell><Data ss:Type="String">511</Data></Cell>
    <Cell><Data ss:Type="Number">0.33</Data></Cell>
    <Cell><Data ss:Type="Number">-9.9700000000000006</Data></Cell>
    <Cell><Data ss:Type="Number">0.1</Data></Cell>
    <Cell><Data ss:Type="Number">-9.51</Data></Cell>
    <Cell><Data ss:Type="Number">-0.09</Data></Cell>
    <Cell><Data ss:Type="Number">-0.94</Data></Cell>
    <Cell><Data ss:Type="Number">22.7</Data></Cell>
    <Cell><Data ss:Type="Number">39.6</Data></Cell>
    <Cell><Data ss:Type="Number">0</Data></Cell>
    <Cell><Data ss:Type="Number">0</Data></Cell>
    <Cell><Data ss:Type="String">2023-12-07 16:15:16.737046</Data></Cell>
   </Row>
   <Row>
    <Cell><Data ss:Type="String">510</Data></Cell>
    <Cell><Data ss:Type="Number">0.3</Data></Cell>
    <Cell><Data ss:Type="Number">-10.210000000000001</Data></Cell>
    <Cell><Data ss:Type="Number">0.12</Data></Cell>
    <Cell><Data ss:Type="Number">-9.52</Data></Cell>
    <Cell><Data ss:Type="Number">-0.08</Data></Cell>
    <Cell><Data ss:Type="Number">-0.88</Data></Cell>
    <Cell><Data ss:Type="Number">22.7</Data></Cell>
    <Cell><Data ss:Type="Number">39.6</Data></Cell>
    <Cell><Data ss:Type="Number">0</Data></Cell>
    <Cell><Data ss:Type="Number">0</Data></Cell>
    <Cell><Data ss:Type="String">2023-12-07 16:15:16.510756</Data></Cell>
   </Row>
   <Row>
    <Cell><Data ss:Type="String">509</Data></Cell>
    <Cell><Data ss:Type="Number">0.25</Data></Cell>
    <Cell><Data ss:Type="Number">-10.19</Data></Cell>
    <Cell><Data ss:Type="Number">0.11</Data></Cell>
    <Cell><Data ss:Type="Number">-9.5299999999999994</Data></Cell>
    <Cell><Data ss:Type="Number">-7.0000000000000007E-2</Data></Cell>
    <Cell><Data ss:Type="Number">-0.94</Data></Cell>
    <Cell><Data ss:Type="Number">22.7</Data></Cell>
    <Cell><Data ss:Type="Number">39.6</Data></Cell>
    <Cell><Data ss:Type="Number">0</Data></Cell>
    <Cell><Data ss:Type="Number">0</Data></Cell>
    <Cell><Data ss:Type="String">2023-12-07 16:15:16.509387</Data></Cell>
   </Row>
   <Row>
    <Cell><Data ss:Type="String">508</Data></Cell>
    <Cell><Data ss:Type="Number">0.35</Data></Cell>
    <Cell><Data ss:Type="Number">-10.02</Data></Cell>
    <Cell><Data ss:Type="Number">0.2</Data></Cell>
    <Cell><Data ss:Type="Number">-9.43</Data></Cell>
    <Cell><Data ss:Type="Number">-0.09</Data></Cell>
    <Cell><Data ss:Type="Number">-0.9</Data></Cell>
    <Cell><Data ss:Type="Number">22.7</Data></Cell>
    <Cell><Data ss:Type="Number">39.6</Data></Cell>
    <Cell><Data ss:Type="Number">0</Data></Cell>
    <Cell><Data ss:Type="Number">0</Data></Cell>
    <Cell><Data ss:Type="String">2023-12-07 16:15:16.507994</Data></Cell>
   </Row>
   <Row>
    <Cell><Data ss:Type="String">507</Data></Cell>
    <Cell><Data ss:Type="Number">0.3</Data></Cell>
    <Cell><Data ss:Type="Number">-9.9</Data></Cell>
    <Cell><Data ss:Type="Number">0.09</Data></Cell>
    <Cell><Data ss:Type="Number">-9.42</Data></Cell>
    <Cell><Data ss:Type="Number">-0.06</Data></Cell>
    <Cell><Data ss:Type="Number">-0.95</Data></Cell>
    <Cell><Data ss:Type="Number">22.7</Data></Cell>
    <Cell><Data ss:Type="Number">39.6</Data></Cell>
    <Cell><Data ss:Type="Number">0</Data></Cell>
    <Cell><Data ss:Type="Number">0</Data></Cell>
    <Cell><Data ss:Type="String">2023-12-07 16:15:16.506116</Data></Cell>
   </Row>
   <Row>
    <Cell><Data ss:Type="String">506</Data></Cell>
    <Cell><Data ss:Type="Number">0.32</Data></Cell>
    <Cell><Data ss:Type="Number">-9.92</Data></Cell>
    <Cell><Data ss:Type="Number">0.36</Data></Cell>
    <Cell><Data ss:Type="Number">-9.4499999999999993</Data></Cell>
    <Cell><Data ss:Type="Number">-0.09</Data></Cell>
    <Cell><Data ss:Type="Number">-0.9</Data></Cell>
    <Cell><Data ss:Type="Number">22.7</Data></Cell>
    <Cell><Data ss:Type="Number">39.6</Data></Cell>
    <Cell><Data ss:Type="Number">0</Data></Cell>
    <Cell><Data ss:Type="Number">0</Data></Cell>
    <Cell><Data ss:Type="String">2023-12-07 16:15:16.503738</Data></Cell>
   </Row>
   <Row>
    <Cell><Data ss:Type="String">505</Data></Cell>
    <Cell><Data ss:Type="Number">0.25</Data></Cell>
    <Cell><Data ss:Type="Number">-10.17</Data></Cell>
    <Cell><Data ss:Type="Number">0.2</Data></Cell>
    <Cell><Data ss:Type="Number">-9.5</Data></Cell>
    <Cell><Data ss:Type="Number">-7.0000000000000007E-2</Data></Cell>
    <Cell><Data ss:Type="Number">-0.91</Data></Cell>
    <Cell><Data ss:Type="Number">22.7</Data></Cell>
    <Cell><Data ss:Type="Number">39.6</Data></Cell>
    <Cell><Data ss:Type="Number">0</Data></Cell>
    <Cell><Data ss:Type="Number">0</Data></Cell>
    <Cell><Data ss:Type="String">2023-12-07 16:15:16.502071</Data></Cell>
   </Row>
   <Row>
    <Cell><Data ss:Type="String">504</Data></Cell>
    <Cell><Data ss:Type="Number">0.3</Data></Cell>
    <Cell><Data ss:Type="Number">-10.25</Data></Cell>
    <Cell><Data ss:Type="Number">0.12</Data></Cell>
    <Cell><Data ss:Type="Number">-9.5500000000000007</Data></Cell>
    <Cell><Data ss:Type="Number">-0.04</Data></Cell>
    <Cell><Data ss:Type="Number">-0.96</Data></Cell>
    <Cell><Data ss:Type="Number">22.7</Data></Cell>
    <Cell><Data ss:Type="Number">39.6</Data></Cell>
    <Cell><Data ss:Type="Number">0</Data></Cell>
    <Cell><Data ss:Type="Number">0</Data></Cell>
    <Cell><Data ss:Type="String">2023-12-07 16:15:16.500384</Data></Cell>
   </Row>
   <Row>
    <Cell><Data ss:Type="String">503</Data></Cell>
    <Cell><Data ss:Type="Number">0.24</Data></Cell>
    <Cell><Data ss:Type="Number">-9.9</Data></Cell>
    <Cell><Data ss:Type="Number">0.25</Data></Cell>
    <Cell><Data ss:Type="Number">-9.34</Data></Cell>
    <Cell><Data ss:Type="Number">-7.0000000000000007E-2</Data></Cell>
    <Cell><Data ss:Type="Number">-0.82</Data></Cell>
    <Cell><Data ss:Type="Number">22.7</Data></Cell>
    <Cell><Data ss:Type="Number">39.6</Data></Cell>
    <Cell><Data ss:Type="Number">0</Data></Cell>
    <Cell><Data ss:Type="Number">0</Data></Cell>
    <Cell><Data ss:Type="String">2023-12-07 16:15:16.497613</Data></Cell>
   </Row>
   <Row>
    <Cell><Data ss:Type="String">502</Data></Cell>
    <Cell><Data ss:Type="Number">0.3</Data></Cell>
    <Cell><Data ss:Type="Number">-9.9700000000000006</Data></Cell>
    <Cell><Data ss:Type="Number">-0.06</Data></Cell>
    <Cell><Data ss:Type="Number">-9.5399999999999991</Data></Cell>
    <Cell><Data ss:Type="Number">-0.09</Data></Cell>
    <Cell><Data ss:Type="Number">-0.99</Data></Cell>
    <Cell><Data ss:Type="Number">22.7</Data></Cell>
    <Cell><Data ss:Type="Number">39.6</Data></Cell>
    <Cell><Data ss:Type="Number">0</Data></Cell>
    <Cell><Data ss:Type="Number">0</Data></Cell>
    <Cell><Data ss:Type="String">2023-12-07 16:15:16.251678</Data></Cell>
   </Row>
   <Row>
    <Cell><Data ss:Type="String">501</Data></Cell>
    <Cell><Data ss:Type="Number">0.26</Data></Cell>
    <Cell><Data ss:Type="Number">-10.14</Data></Cell>
    <Cell><Data ss:Type="Number">0.3</Data></Cell>
    <Cell><Data ss:Type="Number">-9.48</Data></Cell>
    <Cell><Data ss:Type="Number">-0.06</Data></Cell>
    <Cell><Data ss:Type="Number">-0.84</Data></Cell>
    <Cell><Data ss:Type="Number">22.7</Data></Cell>
    <Cell><Data ss:Type="Number">39.6</Data></Cell>
    <Cell><Data ss:Type="Number">0</Data></Cell>
    <Cell><Data ss:Type="Number">0</Data></Cell>
    <Cell><Data ss:Type="String">2023-12-07 16:15:16.219101</Data></Cell>
   </Row>
   <Row>
    <Cell><Data ss:Type="String">500</Data></Cell>
    <Cell><Data ss:Type="Number">0.35</Data></Cell>
    <Cell><Data ss:Type="Number">-10.41</Data></Cell>
    <Cell><Data ss:Type="Number">0.13</Data></Cell>
    <Cell><Data ss:Type="Number">-9.6199999999999992</Data></Cell>
    <Cell><Data ss:Type="Number">-0.15</Data></Cell>
    <Cell><Data ss:Type="Number">-0.93</Data></Cell>
    <Cell><Data ss:Type="Number">22.7</Data></Cell>
    <Cell><Data ss:Type="Number">39.6</Data></Cell>
    <Cell><Data ss:Type="Number">0</Data></Cell>
    <Cell><Data ss:Type="Number">0</Data></Cell>
    <Cell><Data ss:Type="String">2023-12-07 16:15:16.217505</Data></Cell>
   </Row>
   <Row>
    <Cell><Data ss:Type="String">499</Data></Cell>
    <Cell><Data ss:Type="Number">-0.37</Data></Cell>
    <Cell><Data ss:Type="Number">-10.02</Data></Cell>
    <Cell><Data ss:Type="Number">-7.0000000000000007E-2</Data></Cell>
    <Cell><Data ss:Type="Number">-9.4700000000000006</Data></Cell>
    <Cell><Data ss:Type="Number">0.12</Data></Cell>
    <Cell><Data ss:Type="Number">-0.91</Data></Cell>
    <Cell><Data ss:Type="Number">22.7</Data></Cell>
    <Cell><Data ss:Type="Number">39.6</Data></Cell>
    <Cell><Data ss:Type="Number">0</Data></Cell>
    <Cell><Data ss:Type="Number">0</Data></Cell>
    <Cell><Data ss:Type="String">2023-12-07 16:15:16.215932</Data></Cell>
   </Row>
   <Row>
    <Cell><Data ss:Type="String">498</Data></Cell>
    <Cell><Data ss:Type="Number">0.44</Data></Cell>
    <Cell><Data ss:Type="Number">-11.05</Data></Cell>
    <Cell><Data ss:Type="Number">0.16</Data></Cell>
    <Cell><Data ss:Type="Number">-10.029999999999999</Data></Cell>
    <Cell><Data ss:Type="Number">0.02</Data></Cell>
    <Cell><Data ss:Type="Number">-0.88</Data></Cell>
    <Cell><Data ss:Type="Number">22.7</Data></Cell>
    <Cell><Data ss:Type="Number">39.6</Data></Cell>
    <Cell><Data ss:Type="Number">0</Data></Cell>
    <Cell><Data ss:Type="Number">0</Data></Cell>
    <Cell><Data ss:Type="String">2023-12-07 16:15:16.212486</Data></Cell>
   </Row>
   <Row>
    <Cell><Data ss:Type="String">497</Data></Cell>
    <Cell><Data ss:Type="Number">0.23</Data></Cell>
    <Cell><Data ss:Type="Number">-9.75</Data></Cell>
    <Cell><Data ss:Type="Number">0.01</Data></Cell>
    <Cell><Data ss:Type="Number">-9.34</Data></Cell>
    <Cell><Data ss:Type="Number">-0.06</Data></Cell>
    <Cell><Data ss:Type="Number">-0.96</Data></Cell>
    <Cell><Data ss:Type="Number">22.7</Data></Cell>
    <Cell><Data ss:Type="Number">39.6</Data></Cell>
    <Cell><Data ss:Type="Number">0</Data></Cell>
    <Cell><Data ss:Type="Number">0</Data></Cell>
    <Cell><Data ss:Type="String">2023-12-07 16:15:16.210701</Data></Cell>
   </Row>
   <Row>
    <Cell><Data ss:Type="String">496</Data></Cell>
    <Cell><Data ss:Type="Number">0.3</Data></Cell>
    <Cell><Data ss:Type="Number">-9.93</Data></Cell>
    <Cell><Data ss:Type="Number">0.16</Data></Cell>
    <Cell><Data ss:Type="Number">-9.4600000000000009</Data></Cell>
    <Cell><Data ss:Type="Number">-0.09</Data></Cell>
    <Cell><Data ss:Type="Number">-0.91</Data></Cell>
    <Cell><Data ss:Type="Number">22.7</Data></Cell>
    <Cell><Data ss:Type="Number">39.6</Data></Cell>
    <Cell><Data ss:Type="Number">0</Data></Cell>
    <Cell><Data ss:Type="Number">0</Data></Cell>
    <Cell><Data ss:Type="String">2023-12-07 16:15:16.208960</Data></Cell>
   </Row>
   <Row>
    <Cell><Data ss:Type="String">495</Data></Cell>
    <Cell><Data ss:Type="Number">0.28999999999999998</Data></Cell>
    <Cell><Data ss:Type="Number">-10.15</Data></Cell>
    <Cell><Data ss:Type="Number">0.11</Data></Cell>
    <Cell><Data ss:Type="Number">-9.5399999999999991</Data></Cell>
    <Cell><Data ss:Type="Number">-7.0000000000000007E-2</Data></Cell>
    <Cell><Data ss:Type="Number">-0.88</Data></Cell>
    <Cell><Data ss:Type="Number">22.7</Data></Cell>
    <Cell><Data ss:Type="Number">39.6</Data></Cell>
    <Cell><Data ss:Type="Number">0</Data></Cell>
    <Cell><Data ss:Type="Number">0</Data></Cell>
    <Cell><Data ss:Type="String">2023-12-07 16:15:16.010327</Data></Cell>
   </Row>
   <Row>
    <Cell><Data ss:Type="String">494</Data></Cell>
    <Cell><Data ss:Type="Number">0.35</Data></Cell>
    <Cell><Data ss:Type="Number">-9.93</Data></Cell>
    <Cell><Data ss:Type="Number">0.14000000000000001</Data></Cell>
    <Cell><Data ss:Type="Number">-9.51</Data></Cell>
    <Cell><Data ss:Type="Number">-0.1</Data></Cell>
    <Cell><Data ss:Type="Number">-0.93</Data></Cell>
    <Cell><Data ss:Type="Number">22.7</Data></Cell>
    <Cell><Data ss:Type="Number">39.6</Data></Cell>
    <Cell><Data ss:Type="Number">0</Data></Cell>
    <Cell><Data ss:Type="Number">0</Data></Cell>
    <Cell><Data ss:Type="String">2023-12-07 16:15:16.008320</Data></Cell>
   </Row>
   <Row>
    <Cell><Data ss:Type="String">493</Data></Cell>
    <Cell><Data ss:Type="Number">0.25</Data></Cell>
    <Cell><Data ss:Type="Number">-10.25</Data></Cell>
    <Cell><Data ss:Type="Number">0.22</Data></Cell>
    <Cell><Data ss:Type="Number">-9.5500000000000007</Data></Cell>
    <Cell><Data ss:Type="Number">-0.05</Data></Cell>
    <Cell><Data ss:Type="Number">-0.88</Data></Cell>
    <Cell><Data ss:Type="Number">22.7</Data></Cell>
    <Cell><Data ss:Type="Number">39.6</Data></Cell>
    <Cell><Data ss:Type="Number">0</Data></Cell>
    <Cell><Data ss:Type="Number">0</Data></Cell>
    <Cell><Data ss:Type="String">2023-12-07 16:15:15.961194</Data></Cell>
   </Row>
   <Row>
    <Cell><Data ss:Type="String">492</Data></Cell>
    <Cell><Data ss:Type="Number">0.32</Data></Cell>
    <Cell><Data ss:Type="Number">-10.3</Data></Cell>
    <Cell><Data ss:Type="Number">0.18</Data></Cell>
    <Cell><Data ss:Type="Number">-9.49</Data></Cell>
    <Cell><Data ss:Type="Number">-0.1</Data></Cell>
    <Cell><Data ss:Type="Number">-0.94</Data></Cell>
    <Cell><Data ss:Type="Number">22.7</Data></Cell>
    <Cell><Data ss:Type="Number">39.6</Data></Cell>
    <Cell><Data ss:Type="Number">0</Data></Cell>
    <Cell><Data ss:Type="Number">0</Data></Cell>
    <Cell><Data ss:Type="String">2023-12-07 16:15:15.915030</Data></Cell>
   </Row>
   <Row>
    <Cell><Data ss:Type="String">491</Data></Cell>
    <Cell><Data ss:Type="Number">0.24</Data></Cell>
    <Cell><Data ss:Type="Number">-10.07</Data></Cell>
    <Cell><Data ss:Type="Number">0.1</Data></Cell>
    <Cell><Data ss:Type="Number">-9.41</Data></Cell>
    <Cell><Data ss:Type="Number">-0.06</Data></Cell>
    <Cell><Data ss:Type="Number">-0.93</Data></Cell>
    <Cell><Data ss:Type="Number">22.7</Data></Cell>
    <Cell><Data ss:Type="Number">39.6</Data></Cell>
    <Cell><Data ss:Type="Number">0</Data></Cell>
    <Cell><Data ss:Type="Number">0</Data></Cell>
    <Cell><Data ss:Type="String">2023-12-07 16:15:15.871263</Data></Cell>
   </Row>
   <Row>
    <Cell><Data ss:Type="String">490</Data></Cell>
    <Cell><Data ss:Type="Number">0.31</Data></Cell>
    <Cell><Data ss:Type="Number">-9.92</Data></Cell>
    <Cell><Data ss:Type="Number">0.13</Data></Cell>
    <Cell><Data ss:Type="Number">-9.4</Data></Cell>
    <Cell><Data ss:Type="Number">-0.08</Data></Cell>
    <Cell><Data ss:Type="Number">-0.93</Data></Cell>
    <Cell><Data ss:Type="Number">22.7</Data></Cell>
    <Cell><Data ss:Type="Number">39.6</Data></Cell>
    <Cell><Data ss:Type="Number">0</Data></Cell>
    <Cell><Data ss:Type="Number">0</Data></Cell>
    <Cell><Data ss:Type="String">2023-12-07 16:15:15.869117</Data></Cell>
   </Row>
   <Row>
    <Cell><Data ss:Type="String">489</Data></Cell>
    <Cell><Data ss:Type="Number">0.3</Data></Cell>
    <Cell><Data ss:Type="Number">-9.9600000000000009</Data></Cell>
    <Cell><Data ss:Type="Number">-0.05</Data></Cell>
    <Cell><Data ss:Type="Number">-9.5399999999999991</Data></Cell>
    <Cell><Data ss:Type="Number">-0.1</Data></Cell>
    <Cell><Data ss:Type="Number">-0.91</Data></Cell>
    <Cell><Data ss:Type="Number">22.7</Data></Cell>
    <Cell><Data ss:Type="Number">39.6</Data></Cell>
    <Cell><Data ss:Type="Number">0</Data></Cell>
    <Cell><Data ss:Type="Number">0</Data></Cell>
    <Cell><Data ss:Type="String">2023-12-07 16:15:15.823186</Data></Cell>
   </Row>
   <Row>
    <Cell><Data ss:Type="String">488</Data></Cell>
    <Cell><Data ss:Type="Number">0.26</Data></Cell>
    <Cell><Data ss:Type="Number">-10.24</Data></Cell>
    <Cell><Data ss:Type="Number">0.21</Data></Cell>
    <Cell><Data ss:Type="Number">-9.4700000000000006</Data></Cell>
    <Cell><Data ss:Type="Number">-0.04</Data></Cell>
    <Cell><Data ss:Type="Number">-0.9</Data></Cell>
    <Cell><Data ss:Type="Number">22.7</Data></Cell>
    <Cell><Data ss:Type="Number">39.6</Data></Cell>
    <Cell><Data ss:Type="Number">0</Data></Cell>
    <Cell><Data ss:Type="Number">0</Data></Cell>
    <Cell><Data ss:Type="String">2023-12-07 16:15:15.777405</Data></Cell>
   </Row>
   <Row>
    <Cell><Data ss:Type="String">487</Data></Cell>
    <Cell><Data ss:Type="Number">0.3</Data></Cell>
    <Cell><Data ss:Type="Number">-9.9600000000000009</Data></Cell>
    <Cell><Data ss:Type="Number">0.18</Data></Cell>
    <Cell><Data ss:Type="Number">-9.43</Data></Cell>
    <Cell><Data ss:Type="Number">-0.09</Data></Cell>
    <Cell><Data ss:Type="Number">-0.93</Data></Cell>
    <Cell><Data ss:Type="Number">22.7</Data></Cell>
    <Cell><Data ss:Type="Number">39.6</Data></Cell>
    <Cell><Data ss:Type="Number">0</Data></Cell>
    <Cell><Data ss:Type="Number">0</Data></Cell>
    <Cell><Data ss:Type="String">2023-12-07 16:15:15.733205</Data></Cell>
   </Row>
   <Row>
    <Cell><Data ss:Type="String">486</Data></Cell>
    <Cell><Data ss:Type="Number">0.32</Data></Cell>
    <Cell><Data ss:Type="Number">-9.9499999999999993</Data></Cell>
    <Cell><Data ss:Type="Number">0.13</Data></Cell>
    <Cell><Data ss:Type="Number">-9.43</Data></Cell>
    <Cell><Data ss:Type="Number">-0.08</Data></Cell>
    <Cell><Data ss:Type="Number">-0.89</Data></Cell>
    <Cell><Data ss:Type="Number">22.7</Data></Cell>
    <Cell><Data ss:Type="Number">39.6</Data></Cell>
    <Cell><Data ss:Type="Number">0</Data></Cell>
    <Cell><Data ss:Type="Number">0</Data></Cell>
    <Cell><Data ss:Type="String">2023-12-07 16:15:15.731309</Data></Cell>
   </Row>
   <Row>
    <Cell><Data ss:Type="String">485</Data></Cell>
    <Cell><Data ss:Type="Number">0.25</Data></Cell>
    <Cell><Data ss:Type="Number">-10.38</Data></Cell>
    <Cell><Data ss:Type="Number">0.15</Data></Cell>
    <Cell><Data ss:Type="Number">-9.59</Data></Cell>
    <Cell><Data ss:Type="Number">-0.05</Data></Cell>
    <Cell><Data ss:Type="Number">-0.89</Data></Cell>
    <Cell><Data ss:Type="Number">22.7</Data></Cell>
    <Cell><Data ss:Type="Number">39.6</Data></Cell>
    <Cell><Data ss:Type="Number">0</Data></Cell>
    <Cell><Data ss:Type="Number">0</Data></Cell>
    <Cell><Data ss:Type="String">2023-12-07 16:15:15.685168</Data></Cell>
   </Row>
   <Row>
    <Cell><Data ss:Type="String">484</Data></Cell>
    <Cell><Data ss:Type="Number">0.27</Data></Cell>
    <Cell><Data ss:Type="Number">-10.18</Data></Cell>
    <Cell><Data ss:Type="Number">0.16</Data></Cell>
    <Cell><Data ss:Type="Number">-9.52</Data></Cell>
    <Cell><Data ss:Type="Number">-0.1</Data></Cell>
    <Cell><Data ss:Type="Number">-0.94</Data></Cell>
    <Cell><Data ss:Type="Number">22.7</Data></Cell>
    <Cell><Data ss:Type="Number">39.6</Data></Cell>
    <Cell><Data ss:Type="Number">0</Data></Cell>
    <Cell><Data ss:Type="Number">0</Data></Cell>
    <Cell><Data ss:Type="String">2023-12-07 16:15:15.639407</Data></Cell>
   </Row>
   <Row>
    <Cell><Data ss:Type="String">483</Data></Cell>
    <Cell><Data ss:Type="Number">0.25</Data></Cell>
    <Cell><Data ss:Type="Number">-10.02</Data></Cell>
    <Cell><Data ss:Type="Number">0.16</Data></Cell>
    <Cell><Data ss:Type="Number">-9.43</Data></Cell>
    <Cell><Data ss:Type="Number">-0.04</Data></Cell>
    <Cell><Data ss:Type="Number">-0.87</Data></Cell>
    <Cell><Data ss:Type="Number">22.7</Data></Cell>
    <Cell><Data ss:Type="Number">39.6</Data></Cell>
    <Cell><Data ss:Type="Number">0</Data></Cell>
    <Cell><Data ss:Type="Number">0</Data></Cell>
    <Cell><Data ss:Type="String">2023-12-07 16:15:15.599902</Data></Cell>
   </Row>
   <Row>
    <Cell><Data ss:Type="String">482</Data></Cell>
    <Cell><Data ss:Type="Number">0.31</Data></Cell>
    <Cell><Data ss:Type="Number">-9.94</Data></Cell>
    <Cell><Data ss:Type="Number">0.18</Data></Cell>
    <Cell><Data ss:Type="Number">-9.4600000000000009</Data></Cell>
    <Cell><Data ss:Type="Number">-0.1</Data></Cell>
    <Cell><Data ss:Type="Number">-0.92</Data></Cell>
    <Cell><Data ss:Type="Number">22.7</Data></Cell>
    <Cell><Data ss:Type="Number">39.6</Data></Cell>
    <Cell><Data ss:Type="Number">0</Data></Cell>
    <Cell><Data ss:Type="Number">0</Data></Cell>
    <Cell><Data ss:Type="String">2023-12-07 16:15:15.598043</Data></Cell>
   </Row>
   <Row>
    <Cell><Data ss:Type="String">481</Data></Cell>
    <Cell><Data ss:Type="Number">0.27</Data></Cell>
    <Cell><Data ss:Type="Number">-10.15</Data></Cell>
    <Cell><Data ss:Type="Number">0.18</Data></Cell>
    <Cell><Data ss:Type="Number">-9.51</Data></Cell>
    <Cell><Data ss:Type="Number">-7.0000000000000007E-2</Data></Cell>
    <Cell><Data ss:Type="Number">-0.88</Data></Cell>
    <Cell><Data ss:Type="Number">22.7</Data></Cell>
    <Cell><Data ss:Type="Number">39.6</Data></Cell>
    <Cell><Data ss:Type="Number">0</Data></Cell>
    <Cell><Data ss:Type="Number">0</Data></Cell>
    <Cell><Data ss:Type="String">2023-12-07 16:15:15.596177</Data></Cell>
   </Row>
   <Row>
    <Cell><Data ss:Type="String">480</Data></Cell>
    <Cell><Data ss:Type="Number">0.28000000000000003</Data></Cell>
    <Cell><Data ss:Type="Number">-10.16</Data></Cell>
    <Cell><Data ss:Type="Number">0.14000000000000001</Data></Cell>
    <Cell><Data ss:Type="Number">-9.5299999999999994</Data></Cell>
    <Cell><Data ss:Type="Number">-0.06</Data></Cell>
    <Cell><Data ss:Type="Number">-0.91</Data></Cell>
    <Cell><Data ss:Type="Number">22.7</Data></Cell>
    <Cell><Data ss:Type="Number">39.6</Data></Cell>
    <Cell><Data ss:Type="Number">0</Data></Cell>
    <Cell><Data ss:Type="Number">0</Data></Cell>
    <Cell><Data ss:Type="String">2023-12-07 16:15:15.594241</Data></Cell>
   </Row>
   <Row>
    <Cell><Data ss:Type="String">479</Data></Cell>
    <Cell><Data ss:Type="Number">0.36</Data></Cell>
    <Cell><Data ss:Type="Number">-10.039999999999999</Data></Cell>
    <Cell><Data ss:Type="Number">0.2</Data></Cell>
    <Cell><Data ss:Type="Number">-9.4499999999999993</Data></Cell>
    <Cell><Data ss:Type="Number">-0.16</Data></Cell>
    <Cell><Data ss:Type="Number">-0.88</Data></Cell>
    <Cell><Data ss:Type="Number">22.7</Data></Cell>
    <Cell><Data ss:Type="Number">39.6</Data></Cell>
    <Cell><Data ss:Type="Number">0</Data></Cell>
    <Cell><Data ss:Type="Number">0</Data></Cell>
    <Cell><Data ss:Type="String">2023-12-07 16:15:15.477776</Data></Cell>
   </Row>
   <Row>
    <Cell><Data ss:Type="String">478</Data></Cell>
    <Cell><Data ss:Type="Number">0.2</Data></Cell>
    <Cell><Data ss:Type="Number">-9.98</Data></Cell>
    <Cell><Data ss:Type="Number">0.09</Data></Cell>
    <Cell><Data ss:Type="Number">-9.42</Data></Cell>
    <Cell><Data ss:Type="Number">-0.03</Data></Cell>
    <Cell><Data ss:Type="Number">-0.92</Data></Cell>
    <Cell><Data ss:Type="Number">22.7</Data></Cell>
    <Cell><Data ss:Type="Number">39.6</Data></Cell>
    <Cell><Data ss:Type="Number">0</Data></Cell>
    <Cell><Data ss:Type="Number">0</Data></Cell>
    <Cell><Data ss:Type="String">2023-12-07 16:15:15.475845</Data></Cell>
   </Row>
   <Row>
    <Cell><Data ss:Type="String">477</Data></Cell>
    <Cell><Data ss:Type="Number">0.28999999999999998</Data></Cell>
    <Cell><Data ss:Type="Number">-9.89</Data></Cell>
    <Cell><Data ss:Type="Number">0.13</Data></Cell>
    <Cell><Data ss:Type="Number">-9.42</Data></Cell>
    <Cell><Data ss:Type="Number">-0.09</Data></Cell>
    <Cell><Data ss:Type="Number">-0.93</Data></Cell>
    <Cell><Data ss:Type="Number">22.7</Data></Cell>
    <Cell><Data ss:Type="Number">39.6</Data></Cell>
    <Cell><Data ss:Type="Number">0</Data></Cell>
    <Cell><Data ss:Type="Number">0</Data></Cell>
    <Cell><Data ss:Type="String">2023-12-07 16:15:15.473416</Data></Cell>
   </Row>
   <Row>
    <Cell><Data ss:Type="String">476</Data></Cell>
    <Cell><Data ss:Type="Number">0.28999999999999998</Data></Cell>
    <Cell><Data ss:Type="Number">-9.93</Data></Cell>
    <Cell><Data ss:Type="Number">0.23</Data></Cell>
    <Cell><Data ss:Type="Number">-9.52</Data></Cell>
    <Cell><Data ss:Type="Number">-0.06</Data></Cell>
    <Cell><Data ss:Type="Number">-0.86</Data></Cell>
    <Cell><Data ss:Type="Number">22.7</Data></Cell>
    <Cell><Data ss:Type="Number">39.6</Data></Cell>
    <Cell><Data ss:Type="Number">0</Data></Cell>
    <Cell><Data ss:Type="Number">0</Data></Cell>
    <Cell><Data ss:Type="String">2023-12-07 16:15:15.470754</Data></Cell>
   </Row>
   <Row>
    <Cell><Data ss:Type="String">475</Data></Cell>
    <Cell><Data ss:Type="Number">0.31</Data></Cell>
    <Cell><Data ss:Type="Number">-10.26</Data></Cell>
    <Cell><Data ss:Type="Number">0.18</Data></Cell>
    <Cell><Data ss:Type="Number">-9.56</Data></Cell>
    <Cell><Data ss:Type="Number">-0.08</Data></Cell>
    <Cell><Data ss:Type="Number">-0.9</Data></Cell>
    <Cell><Data ss:Type="Number">22.7</Data></Cell>
    <Cell><Data ss:Type="Number">39.6</Data></Cell>
    <Cell><Data ss:Type="Number">0</Data></Cell>
    <Cell><Data ss:Type="Number">0</Data></Cell>
    <Cell><Data ss:Type="String">2023-12-07 16:15:15.468725</Data></Cell>
   </Row>
   <Row>
    <Cell><Data ss:Type="String">474</Data></Cell>
    <Cell><Data ss:Type="Number">0.24</Data></Cell>
    <Cell><Data ss:Type="Number">-10.220000000000001</Data></Cell>
    <Cell><Data ss:Type="Number">0.18</Data></Cell>
    <Cell><Data ss:Type="Number">-9.5</Data></Cell>
    <Cell><Data ss:Type="Number">-0.05</Data></Cell>
    <Cell><Data ss:Type="Number">-0.9</Data></Cell>
    <Cell><Data ss:Type="Number">22.7</Data></Cell>
    <Cell><Data ss:Type="Number">39.6</Data></Cell>
    <Cell><Data ss:Type="Number">0</Data></Cell>
    <Cell><Data ss:Type="Number">0</Data></Cell>
    <Cell><Data ss:Type="String">2023-12-07 16:15:15.467042</Data></Cell>
   </Row>
   <Row>
    <Cell><Data ss:Type="String">473</Data></Cell>
    <Cell><Data ss:Type="Number">0.32</Data></Cell>
    <Cell><Data ss:Type="Number">-9.92</Data></Cell>
    <Cell><Data ss:Type="Number">0.05</Data></Cell>
    <Cell><Data ss:Type="Number">-9.42</Data></Cell>
    <Cell><Data ss:Type="Number">-0.05</Data></Cell>
    <Cell><Data ss:Type="Number">-0.95</Data></Cell>
    <Cell><Data ss:Type="Number">22.7</Data></Cell>
    <Cell><Data ss:Type="Number">39.6</Data></Cell>
    <Cell><Data ss:Type="Number">0</Data></Cell>
    <Cell><Data ss:Type="Number">0</Data></Cell>
    <Cell><Data ss:Type="String">2023-12-07 16:15:15.465526</Data></Cell>
   </Row>
   <Row>
    <Cell><Data ss:Type="String">472</Data></Cell>
    <Cell><Data ss:Type="Number">0.3</Data></Cell>
    <Cell><Data ss:Type="Number">-10.11</Data></Cell>
    <Cell><Data ss:Type="Number">0.14000000000000001</Data></Cell>
    <Cell><Data ss:Type="Number">-9.4700000000000006</Data></Cell>
    <Cell><Data ss:Type="Number">-0.08</Data></Cell>
    <Cell><Data ss:Type="Number">-0.87</Data></Cell>
    <Cell><Data ss:Type="Number">22.7</Data></Cell>
    <Cell><Data ss:Type="Number">39.6</Data></Cell>
    <Cell><Data ss:Type="Number">0</Data></Cell>
    <Cell><Data ss:Type="Number">0</Data></Cell>
    <Cell><Data ss:Type="String">2023-12-07 16:15:15.230669</Data></Cell>
   </Row>
   <Row>
    <Cell><Data ss:Type="String">471</Data></Cell>
    <Cell><Data ss:Type="Number">0.28999999999999998</Data></Cell>
    <Cell><Data ss:Type="Number">-10.210000000000001</Data></Cell>
    <Cell><Data ss:Type="Number">0.15</Data></Cell>
    <Cell><Data ss:Type="Number">-9.57</Data></Cell>
    <Cell><Data ss:Type="Number">-0.1</Data></Cell>
    <Cell><Data ss:Type="Number">-0.91</Data></Cell>
    <Cell><Data ss:Type="Number">22.7</Data></Cell>
    <Cell><Data ss:Type="Number">39.6</Data></Cell>
    <Cell><Data ss:Type="Number">0</Data></Cell>
    <Cell><Data ss:Type="Number">0</Data></Cell>
    <Cell><Data ss:Type="String">2023-12-07 16:15:15.228495</Data></Cell>
   </Row>
   <Row>
    <Cell><Data ss:Type="String">470</Data></Cell>
    <Cell><Data ss:Type="Number">0.28999999999999998</Data></Cell>
    <Cell><Data ss:Type="Number">-10.220000000000001</Data></Cell>
    <Cell><Data ss:Type="Number">0.2</Data></Cell>
    <Cell><Data ss:Type="Number">-9.5</Data></Cell>
    <Cell><Data ss:Type="Number">-0.08</Data></Cell>
    <Cell><Data ss:Type="Number">-0.84</Data></Cell>
    <Cell><Data ss:Type="Number">22.7</Data></Cell>
    <Cell><Data ss:Type="Number">39.6</Data></Cell>
    <Cell><Data ss:Type="Number">0</Data></Cell>
    <Cell><Data ss:Type="Number">0</Data></Cell>
    <Cell><Data ss:Type="String">2023-12-07 16:15:15.225535</Data></Cell>
   </Row>
   <Row>
    <Cell><Data ss:Type="String">469</Data></Cell>
    <Cell><Data ss:Type="Number">0.3</Data></Cell>
    <Cell><Data ss:Type="Number">-10.26</Data></Cell>
    <Cell><Data ss:Type="Number">0.01</Data></Cell>
    <Cell><Data ss:Type="Number">-9.4700000000000006</Data></Cell>
    <Cell><Data ss:Type="Number">-7.0000000000000007E-2</Data></Cell>
    <Cell><Data ss:Type="Number">-0.95</Data></Cell>
    <Cell><Data ss:Type="Number">22.7</Data></Cell>
    <Cell><Data ss:Type="Number">39.6</Data></Cell>
    <Cell><Data ss:Type="Number">0</Data></Cell>
    <Cell><Data ss:Type="Number">0</Data></Cell>
    <Cell><Data ss:Type="String">2023-12-07 16:15:15.222143</Data></Cell>
   </Row>
   <Row>
    <Cell><Data ss:Type="String">468</Data></Cell>
    <Cell><Data ss:Type="Number">0.56000000000000005</Data></Cell>
    <Cell><Data ss:Type="Number">-9.9499999999999993</Data></Cell>
    <Cell><Data ss:Type="Number">0.03</Data></Cell>
    <Cell><Data ss:Type="Number">-9.41</Data></Cell>
    <Cell><Data ss:Type="Number">-0.1</Data></Cell>
    <Cell><Data ss:Type="Number">-0.96</Data></Cell>
    <Cell><Data ss:Type="Number">22.7</Data></Cell>
    <Cell><Data ss:Type="Number">39.6</Data></Cell>
    <Cell><Data ss:Type="Number">0</Data></Cell>
    <Cell><Data ss:Type="Number">0</Data></Cell>
    <Cell><Data ss:Type="String">2023-12-07 16:15:15.219468</Data></Cell>
   </Row>
   <Row>
    <Cell><Data ss:Type="String">467</Data></Cell>
    <Cell><Data ss:Type="Number">0.28999999999999998</Data></Cell>
    <Cell><Data ss:Type="Number">-9.93</Data></Cell>
    <Cell><Data ss:Type="Number">0.16</Data></Cell>
    <Cell><Data ss:Type="Number">-9.4600000000000009</Data></Cell>
    <Cell><Data ss:Type="Number">-7.0000000000000007E-2</Data></Cell>
    <Cell><Data ss:Type="Number">-0.88</Data></Cell>
    <Cell><Data ss:Type="Number">22.7</Data></Cell>
    <Cell><Data ss:Type="Number">39.6</Data></Cell>
    <Cell><Data ss:Type="Number">0</Data></Cell>
    <Cell><Data ss:Type="Number">0</Data></Cell>
    <Cell><Data ss:Type="String">2023-12-07 16:15:15.216676</Data></Cell>
   </Row>
   <Row>
    <Cell><Data ss:Type="String">466</Data></Cell>
    <Cell><Data ss:Type="Number">0.27</Data></Cell>
    <Cell><Data ss:Type="Number">-10.02</Data></Cell>
    <Cell><Data ss:Type="Number">0.09</Data></Cell>
    <Cell><Data ss:Type="Number">-9.5399999999999991</Data></Cell>
    <Cell><Data ss:Type="Number">-0.09</Data></Cell>
    <Cell><Data ss:Type="Number">-0.96</Data></Cell>
    <Cell><Data ss:Type="Number">22.7</Data></Cell>
    <Cell><Data ss:Type="Number">39.6</Data></Cell>
    <Cell><Data ss:Type="Number">0</Data></Cell>
    <Cell><Data ss:Type="Number">0</Data></Cell>
    <Cell><Data ss:Type="String">2023-12-07 16:15:15.213921</Data></Cell>
   </Row>
   <Row>
    <Cell><Data ss:Type="String">465</Data></Cell>
    <Cell><Data ss:Type="Number">0.28000000000000003</Data></Cell>
    <Cell><Data ss:Type="Number">-10.16</Data></Cell>
    <Cell><Data ss:Type="Number">0.23</Data></Cell>
    <Cell><Data ss:Type="Number">-9.48</Data></Cell>
    <Cell><Data ss:Type="Number">-0.06</Data></Cell>
    <Cell><Data ss:Type="Number">-0.87</Data></Cell>
    <Cell><Data ss:Type="Number">22.7</Data></Cell>
    <Cell><Data ss:Type="Number">39.6</Data></Cell>
    <Cell><Data ss:Type="Number">0</Data></Cell>
    <Cell><Data ss:Type="Number">0</Data></Cell>
    <Cell><Data ss:Type="String">2023-12-07 16:15:15.210450</Data></Cell>
   </Row>
   <Row>
    <Cell><Data ss:Type="String">464</Data></Cell>
    <Cell><Data ss:Type="Number">0.32</Data></Cell>
    <Cell><Data ss:Type="Number">-10.14</Data></Cell>
    <Cell><Data ss:Type="Number">0.13</Data></Cell>
    <Cell><Data ss:Type="Number">-9.4499999999999993</Data></Cell>
    <Cell><Data ss:Type="Number">-0.09</Data></Cell>
    <Cell><Data ss:Type="Number">-0.91</Data></Cell>
    <Cell><Data ss:Type="Number">22.7</Data></Cell>
    <Cell><Data ss:Type="Number">39.6</Data></Cell>
    <Cell><Data ss:Type="Number">0</Data></Cell>
    <Cell><Data ss:Type="Number">0</Data></Cell>
    <Cell><Data ss:Type="String">2023-12-07 16:15:14.976840</Data></Cell>
   </Row>
   <Row>
    <Cell><Data ss:Type="String">463</Data></Cell>
    <Cell><Data ss:Type="Number">0.23</Data></Cell>
    <Cell><Data ss:Type="Number">-9.9600000000000009</Data></Cell>
    <Cell><Data ss:Type="Number">0.25</Data></Cell>
    <Cell><Data ss:Type="Number">-9.41</Data></Cell>
    <Cell><Data ss:Type="Number">-0.08</Data></Cell>
    <Cell><Data ss:Type="Number">-0.95</Data></Cell>
    <Cell><Data ss:Type="Number">22.7</Data></Cell>
    <Cell><Data ss:Type="Number">39.6</Data></Cell>
    <Cell><Data ss:Type="Number">0</Data></Cell>
    <Cell><Data ss:Type="Number">0</Data></Cell>
    <Cell><Data ss:Type="String">2023-12-07 16:15:14.973880</Data></Cell>
   </Row>
   <Row>
    <Cell><Data ss:Type="String">462</Data></Cell>
    <Cell><Data ss:Type="Number">0.32</Data></Cell>
    <Cell><Data ss:Type="Number">-9.9600000000000009</Data></Cell>
    <Cell><Data ss:Type="Number">0.25</Data></Cell>
    <Cell><Data ss:Type="Number">-9.4</Data></Cell>
    <Cell><Data ss:Type="Number">-0.06</Data></Cell>
    <Cell><Data ss:Type="Number">-0.88</Data></Cell>
    <Cell><Data ss:Type="Number">22.7</Data></Cell>
    <Cell><Data ss:Type="Number">39.6</Data></Cell>
    <Cell><Data ss:Type="Number">0</Data></Cell>
    <Cell><Data ss:Type="Number">0</Data></Cell>
    <Cell><Data ss:Type="String">2023-12-07 16:15:14.970136</Data></Cell>
   </Row>
   <Row>
    <Cell><Data ss:Type="String">461</Data></Cell>
    <Cell><Data ss:Type="Number">0.38</Data></Cell>
    <Cell><Data ss:Type="Number">-10.210000000000001</Data></Cell>
    <Cell><Data ss:Type="Number">0.12</Data></Cell>
    <Cell><Data ss:Type="Number">-9.57</Data></Cell>
    <Cell><Data ss:Type="Number">-0.16</Data></Cell>
    <Cell><Data ss:Type="Number">-0.97</Data></Cell>
    <Cell><Data ss:Type="Number">22.7</Data></Cell>
    <Cell><Data ss:Type="Number">39.6</Data></Cell>
    <Cell><Data ss:Type="Number">0</Data></Cell>
    <Cell><Data ss:Type="Number">0</Data></Cell>
    <Cell><Data ss:Type="String">2023-12-07 16:15:14.968094</Data></Cell>
   </Row>
   <Row>
    <Cell><Data ss:Type="String">460</Data></Cell>
    <Cell><Data ss:Type="Number">0.15</Data></Cell>
    <Cell><Data ss:Type="Number">-10.199999999999999</Data></Cell>
    <Cell><Data ss:Type="Number">0.2</Data></Cell>
    <Cell><Data ss:Type="Number">-9.49</Data></Cell>
    <Cell><Data ss:Type="Number">0.05</Data></Cell>
    <Cell><Data ss:Type="Number">-0.8</Data></Cell>
    <Cell><Data ss:Type="Number">22.7</Data></Cell>
    <Cell><Data ss:Type="Number">39.6</Data></Cell>
    <Cell><Data ss:Type="Number">0</Data></Cell>
    <Cell><Data ss:Type="Number">0</Data></Cell>
    <Cell><Data ss:Type="String">2023-12-07 16:15:14.966221</Data></Cell>
   </Row>
   <Row>
    <Cell><Data ss:Type="String">459</Data></Cell>
    <Cell><Data ss:Type="Number">0.38</Data></Cell>
    <Cell><Data ss:Type="Number">-10.34</Data></Cell>
    <Cell><Data ss:Type="Number">0.09</Data></Cell>
    <Cell><Data ss:Type="Number">-9.5399999999999991</Data></Cell>
    <Cell><Data ss:Type="Number">-0.2</Data></Cell>
    <Cell><Data ss:Type="Number">-1</Data></Cell>
    <Cell><Data ss:Type="Number">22.7</Data></Cell>
    <Cell><Data ss:Type="Number">39.6</Data></Cell>
    <Cell><Data ss:Type="Number">0</Data></Cell>
    <Cell><Data ss:Type="Number">0</Data></Cell>
    <Cell><Data ss:Type="String">2023-12-07 16:15:14.964931</Data></Cell>
   </Row>
   <Row>
    <Cell><Data ss:Type="String">458</Data></Cell>
    <Cell><Data ss:Type="Number">0.12</Data></Cell>
    <Cell><Data ss:Type="Number">-9.9700000000000006</Data></Cell>
    <Cell><Data ss:Type="Number">0.16</Data></Cell>
    <Cell><Data ss:Type="Number">-9.43</Data></Cell>
    <Cell><Data ss:Type="Number">7.0000000000000007E-2</Data></Cell>
    <Cell><Data ss:Type="Number">-0.87</Data></Cell>
    <Cell><Data ss:Type="Number">22.7</Data></Cell>
    <Cell><Data ss:Type="Number">39.6</Data></Cell>
    <Cell><Data ss:Type="Number">0</Data></Cell>
    <Cell><Data ss:Type="Number">0</Data></Cell>
    <Cell><Data ss:Type="String">2023-12-07 16:15:14.963461</Data></Cell>
   </Row>
   <Row>
    <Cell><Data ss:Type="String">457</Data></Cell>
    <Cell><Data ss:Type="Number">0.59</Data></Cell>
    <Cell><Data ss:Type="Number">-10.1</Data></Cell>
    <Cell><Data ss:Type="Number">0.25</Data></Cell>
    <Cell><Data ss:Type="Number">-9.5500000000000007</Data></Cell>
    <Cell><Data ss:Type="Number">-0.24</Data></Cell>
    <Cell><Data ss:Type="Number">-0.84</Data></Cell>
    <Cell><Data ss:Type="Number">22.7</Data></Cell>
    <Cell><Data ss:Type="Number">39.6</Data></Cell>
    <Cell><Data ss:Type="Number">0</Data></Cell>
    <Cell><Data ss:Type="Number">0</Data></Cell>
    <Cell><Data ss:Type="String">2023-12-07 16:15:14.727499</Data></Cell>
   </Row>
   <Row>
    <Cell><Data ss:Type="String">456</Data></Cell>
    <Cell><Data ss:Type="Number">0.33</Data></Cell>
    <Cell><Data ss:Type="Number">-10.23</Data></Cell>
    <Cell><Data ss:Type="Number">0.2</Data></Cell>
    <Cell><Data ss:Type="Number">-9.57</Data></Cell>
    <Cell><Data ss:Type="Number">-0.09</Data></Cell>
    <Cell><Data ss:Type="Number">-0.97</Data></Cell>
    <Cell><Data ss:Type="Number">22.7</Data></Cell>
    <Cell><Data ss:Type="Number">39.6</Data></Cell>
    <Cell><Data ss:Type="Number">0</Data></Cell>
    <Cell><Data ss:Type="Number">0</Data></Cell>
    <Cell><Data ss:Type="String">2023-12-07 16:15:14.725917</Data></Cell>
   </Row>
   <Row>
    <Cell><Data ss:Type="String">455</Data></Cell>
    <Cell><Data ss:Type="Number">0.2</Data></Cell>
    <Cell><Data ss:Type="Number">-10.039999999999999</Data></Cell>
    <Cell><Data ss:Type="Number">0.05</Data></Cell>
    <Cell><Data ss:Type="Number">-9.43</Data></Cell>
    <Cell><Data ss:Type="Number">0.03</Data></Cell>
    <Cell><Data ss:Type="Number">-0.86</Data></Cell>
    <Cell><Data ss:Type="Number">22.7</Data></Cell>
    <Cell><Data ss:Type="Number">39.6</Data></Cell>
    <Cell><Data ss:Type="Number">0</Data></Cell>
    <Cell><Data ss:Type="Number">0</Data></Cell>
    <Cell><Data ss:Type="String">2023-12-07 16:15:14.677703</Data></Cell>
   </Row>
   <Row>
    <Cell><Data ss:Type="String">454</Data></Cell>
    <Cell><Data ss:Type="Number">-0.26</Data></Cell>
    <Cell><Data ss:Type="Number">-10.01</Data></Cell>
    <Cell><Data ss:Type="Number">-0.25</Data></Cell>
    <Cell><Data ss:Type="Number">-9.48</Data></Cell>
    <Cell><Data ss:Type="Number">0.28000000000000003</Data></Cell>
    <Cell><Data ss:Type="Number">-1.03</Data></Cell>
    <Cell><Data ss:Type="Number">22.7</Data></Cell>
    <Cell><Data ss:Type="Number">39.6</Data></Cell>
    <Cell><Data ss:Type="Number">0</Data></Cell>
    <Cell><Data ss:Type="Number">0</Data></Cell>
    <Cell><Data ss:Type="String">2023-12-07 16:15:14.675425</Data></Cell>
   </Row>
   <Row>
    <Cell><Data ss:Type="String">453</Data></Cell>
    <Cell><Data ss:Type="Number">-0.61</Data></Cell>
    <Cell><Data ss:Type="Number">-10.07</Data></Cell>
    <Cell><Data ss:Type="Number">-0.64</Data></Cell>
    <Cell><Data ss:Type="Number">-9.56</Data></Cell>
    <Cell><Data ss:Type="Number">0.16</Data></Cell>
    <Cell><Data ss:Type="Number">-1.0900000000000001</Data></Cell>
    <Cell><Data ss:Type="Number">22.7</Data></Cell>
    <Cell><Data ss:Type="Number">39.6</Data></Cell>
    <Cell><Data ss:Type="Number">0</Data></Cell>
    <Cell><Data ss:Type="Number">0</Data></Cell>
    <Cell><Data ss:Type="String">2023-12-07 16:15:14.587388</Data></Cell>
   </Row>
   <Row>
    <Cell><Data ss:Type="String">452</Data></Cell>
    <Cell><Data ss:Type="Number">-1.01</Data></Cell>
    <Cell><Data ss:Type="Number">-10.02</Data></Cell>
    <Cell><Data ss:Type="Number">-0.53</Data></Cell>
    <Cell><Data ss:Type="Number">-9.43</Data></Cell>
    <Cell><Data ss:Type="Number">0.77</Data></Cell>
    <Cell><Data ss:Type="Number">-0.84</Data></Cell>
    <Cell><Data ss:Type="Number">22.7</Data></Cell>
    <Cell><Data ss:Type="Number">39.6</Data></Cell>
    <Cell><Data ss:Type="Number">0</Data></Cell>
    <Cell><Data ss:Type="Number">0</Data></Cell>
    <Cell><Data ss:Type="String">2023-12-07 16:15:14.585577</Data></Cell>
   </Row>
   <Row>
    <Cell><Data ss:Type="String">451</Data></Cell>
    <Cell><Data ss:Type="Number">2.6</Data></Cell>
    <Cell><Data ss:Type="Number">-10.37</Data></Cell>
    <Cell><Data ss:Type="Number">0.78</Data></Cell>
    <Cell><Data ss:Type="Number">-9.66</Data></Cell>
    <Cell><Data ss:Type="Number">-0.79</Data></Cell>
    <Cell><Data ss:Type="Number">-1.1599999999999999</Data></Cell>
    <Cell><Data ss:Type="Number">22.7</Data></Cell>
    <Cell><Data ss:Type="Number">39.6</Data></Cell>
    <Cell><Data ss:Type="Number">0</Data></Cell>
    <Cell><Data ss:Type="Number">0</Data></Cell>
    <Cell><Data ss:Type="String">2023-12-07 16:15:14.583796</Data></Cell>
   </Row>
   <Row>
    <Cell><Data ss:Type="String">450</Data></Cell>
    <Cell><Data ss:Type="Number">0.84</Data></Cell>
    <Cell><Data ss:Type="Number">-6.85</Data></Cell>
    <Cell><Data ss:Type="Number">0.99</Data></Cell>
    <Cell><Data ss:Type="Number">-7.74</Data></Cell>
    <Cell><Data ss:Type="Number">-2.2400000000000002</Data></Cell>
    <Cell><Data ss:Type="Number">-0.77</Data></Cell>
    <Cell><Data ss:Type="Number">22.7</Data></Cell>
    <Cell><Data ss:Type="Number">39.6</Data></Cell>
    <Cell><Data ss:Type="Number">0</Data></Cell>
    <Cell><Data ss:Type="Number">0</Data></Cell>
    <Cell><Data ss:Type="String">2023-12-07 16:15:14.582197</Data></Cell>
   </Row>
   <Row>
    <Cell><Data ss:Type="String">449</Data></Cell>
    <Cell><Data ss:Type="Number">0.47</Data></Cell>
    <Cell><Data ss:Type="Number">-9.36</Data></Cell>
    <Cell><Data ss:Type="Number">0.12</Data></Cell>
    <Cell><Data ss:Type="Number">-9.48</Data></Cell>
    <Cell><Data ss:Type="Number">-0.22</Data></Cell>
    <Cell><Data ss:Type="Number">-0.93</Data></Cell>
    <Cell><Data ss:Type="Number">22.7</Data></Cell>
    <Cell><Data ss:Type="Number">39.6</Data></Cell>
    <Cell><Data ss:Type="Number">0</Data></Cell>
    <Cell><Data ss:Type="Number">0</Data></Cell>
    <Cell><Data ss:Type="String">2023-12-07 16:15:14.465900</Data></Cell>
   </Row>
   <Row>
    <Cell><Data ss:Type="String">448</Data></Cell>
    <Cell><Data ss:Type="Number">0.01</Data></Cell>
    <Cell><Data ss:Type="Number">-9.89</Data></Cell>
    <Cell><Data ss:Type="Number">-0.28999999999999998</Data></Cell>
    <Cell><Data ss:Type="Number">-9.51</Data></Cell>
    <Cell><Data ss:Type="Number">0.03</Data></Cell>
    <Cell><Data ss:Type="Number">-1.01</Data></Cell>
    <Cell><Data ss:Type="Number">22.7</Data></Cell>
    <Cell><Data ss:Type="Number">39.6</Data></Cell>
    <Cell><Data ss:Type="Number">0</Data></Cell>
    <Cell><Data ss:Type="Number">0</Data></Cell>
    <Cell><Data ss:Type="String">2023-12-07 16:15:14.422607</Data></Cell>
   </Row>
   <Row>
    <Cell><Data ss:Type="String">447</Data></Cell>
    <Cell><Data ss:Type="Number">-0.46</Data></Cell>
    <Cell><Data ss:Type="Number">-10.63</Data></Cell>
    <Cell><Data ss:Type="Number">-0.25</Data></Cell>
    <Cell><Data ss:Type="Number">-9.52</Data></Cell>
    <Cell><Data ss:Type="Number">-0.03</Data></Cell>
    <Cell><Data ss:Type="Number">-0.87</Data></Cell>
    <Cell><Data ss:Type="Number">22.7</Data></Cell>
    <Cell><Data ss:Type="Number">39.6</Data></Cell>
    <Cell><Data ss:Type="Number">0</Data></Cell>
    <Cell><Data ss:Type="Number">0</Data></Cell>
    <Cell><Data ss:Type="String">2023-12-07 16:15:14.418724</Data></Cell>
   </Row>
   <Row>
    <Cell><Data ss:Type="String">446</Data></Cell>
    <Cell><Data ss:Type="Number">0.52</Data></Cell>
    <Cell><Data ss:Type="Number">-10.66</Data></Cell>
    <Cell><Data ss:Type="Number">0.28000000000000003</Data></Cell>
    <Cell><Data ss:Type="Number">-9.7200000000000006</Data></Cell>
    <Cell><Data ss:Type="Number">-0.1</Data></Cell>
    <Cell><Data ss:Type="Number">-0.91</Data></Cell>
    <Cell><Data ss:Type="Number">22.7</Data></Cell>
    <Cell><Data ss:Type="Number">39.6</Data></Cell>
    <Cell><Data ss:Type="Number">0</Data></Cell>
    <Cell><Data ss:Type="Number">0</Data></Cell>
    <Cell><Data ss:Type="String">2023-12-07 16:15:14.372904</Data></Cell>
   </Row>
   <Row>
    <Cell><Data ss:Type="String">445</Data></Cell>
    <Cell><Data ss:Type="Number">-0.04</Data></Cell>
    <Cell><Data ss:Type="Number">-10.23</Data></Cell>
    <Cell><Data ss:Type="Number">0.22</Data></Cell>
    <Cell><Data ss:Type="Number">-9.3699999999999992</Data></Cell>
    <Cell><Data ss:Type="Number">-0.05</Data></Cell>
    <Cell><Data ss:Type="Number">-0.86</Data></Cell>
    <Cell><Data ss:Type="Number">22.7</Data></Cell>
    <Cell><Data ss:Type="Number">39.6</Data></Cell>
    <Cell><Data ss:Type="Number">0</Data></Cell>
    <Cell><Data ss:Type="Number">0</Data></Cell>
    <Cell><Data ss:Type="String">2023-12-07 16:15:14.370725</Data></Cell>
   </Row>
   <Row>
    <Cell><Data ss:Type="String">444</Data></Cell>
    <Cell><Data ss:Type="Number">0.1</Data></Cell>
    <Cell><Data ss:Type="Number">-10.45</Data></Cell>
    <Cell><Data ss:Type="Number">0.06</Data></Cell>
    <Cell><Data ss:Type="Number">-9.5299999999999994</Data></Cell>
    <Cell><Data ss:Type="Number">-0.08</Data></Cell>
    <Cell><Data ss:Type="Number">-1.02</Data></Cell>
    <Cell><Data ss:Type="Number">22.7</Data></Cell>
    <Cell><Data ss:Type="Number">39.6</Data></Cell>
    <Cell><Data ss:Type="Number">0</Data></Cell>
    <Cell><Data ss:Type="Number">0</Data></Cell>
    <Cell><Data ss:Type="String">2023-12-07 16:15:14.368439</Data></Cell>
   </Row>
   <Row>
    <Cell><Data ss:Type="String">443</Data></Cell>
    <Cell><Data ss:Type="Number">-0.36</Data></Cell>
    <Cell><Data ss:Type="Number">-10.67</Data></Cell>
    <Cell><Data ss:Type="Number">-0.09</Data></Cell>
    <Cell><Data ss:Type="Number">-9.5399999999999991</Data></Cell>
    <Cell><Data ss:Type="Number">-0.02</Data></Cell>
    <Cell><Data ss:Type="Number">-0.88</Data></Cell>
    <Cell><Data ss:Type="Number">22.7</Data></Cell>
    <Cell><Data ss:Type="Number">39.6</Data></Cell>
    <Cell><Data ss:Type="Number">0</Data></Cell>
    <Cell><Data ss:Type="Number">0</Data></Cell>
    <Cell><Data ss:Type="String">2023-12-07 16:15:14.366532</Data></Cell>
   </Row>
   <Row>
    <Cell><Data ss:Type="String">442</Data></Cell>
    <Cell><Data ss:Type="Number">0.25</Data></Cell>
    <Cell><Data ss:Type="Number">-10.039999999999999</Data></Cell>
    <Cell><Data ss:Type="Number">0.36</Data></Cell>
    <Cell><Data ss:Type="Number">-9.6</Data></Cell>
    <Cell><Data ss:Type="Number">-0.1</Data></Cell>
    <Cell><Data ss:Type="Number">-0.92</Data></Cell>
    <Cell><Data ss:Type="Number">22.7</Data></Cell>
    <Cell><Data ss:Type="Number">39.6</Data></Cell>
    <Cell><Data ss:Type="Number">0</Data></Cell>
    <Cell><Data ss:Type="Number">0</Data></Cell>
    <Cell><Data ss:Type="String">2023-12-07 16:15:14.364568</Data></Cell>
   </Row>
   <Row>
    <Cell><Data ss:Type="String">441</Data></Cell>
    <Cell><Data ss:Type="Number">0.66</Data></Cell>
    <Cell><Data ss:Type="Number">-9.7100000000000009</Data></Cell>
    <Cell><Data ss:Type="Number">0.28999999999999998</Data></Cell>
    <Cell><Data ss:Type="Number">-9.3699999999999992</Data></Cell>
    <Cell><Data ss:Type="Number">-0.11</Data></Cell>
    <Cell><Data ss:Type="Number">-0.92</Data></Cell>
    <Cell><Data ss:Type="Number">22.7</Data></Cell>
    <Cell><Data ss:Type="Number">39.6</Data></Cell>
    <Cell><Data ss:Type="Number">0</Data></Cell>
    <Cell><Data ss:Type="Number">0</Data></Cell>
    <Cell><Data ss:Type="String">2023-12-07 16:15:14.189674</Data></Cell>
   </Row>
   <Row>
    <Cell><Data ss:Type="String">440</Data></Cell>
    <Cell><Data ss:Type="Number">0.35</Data></Cell>
    <Cell><Data ss:Type="Number">-9.89</Data></Cell>
    <Cell><Data ss:Type="Number">0.32</Data></Cell>
    <Cell><Data ss:Type="Number">-9.48</Data></Cell>
    <Cell><Data ss:Type="Number">-0.06</Data></Cell>
    <Cell><Data ss:Type="Number">-0.94</Data></Cell>
    <Cell><Data ss:Type="Number">22.7</Data></Cell>
    <Cell><Data ss:Type="Number">39.6</Data></Cell>
    <Cell><Data ss:Type="Number">0</Data></Cell>
    <Cell><Data ss:Type="Number">0</Data></Cell>
    <Cell><Data ss:Type="String">2023-12-07 16:15:14.187205</Data></Cell>
   </Row>
   <Row>
    <Cell><Data ss:Type="String">439</Data></Cell>
    <Cell><Data ss:Type="Number">0.24</Data></Cell>
    <Cell><Data ss:Type="Number">-9.89</Data></Cell>
    <Cell><Data ss:Type="Number">0.03</Data></Cell>
    <Cell><Data ss:Type="Number">-9.3699999999999992</Data></Cell>
    <Cell><Data ss:Type="Number">-0.05</Data></Cell>
    <Cell><Data ss:Type="Number">-0.92</Data></Cell>
    <Cell><Data ss:Type="Number">22.7</Data></Cell>
    <Cell><Data ss:Type="Number">39.6</Data></Cell>
    <Cell><Data ss:Type="Number">0</Data></Cell>
    <Cell><Data ss:Type="Number">0</Data></Cell>
    <Cell><Data ss:Type="String">2023-12-07 16:15:14.141403</Data></Cell>
   </Row>
   <Row>
    <Cell><Data ss:Type="String">438</Data></Cell>
    <Cell><Data ss:Type="Number">0.48</Data></Cell>
    <Cell><Data ss:Type="Number">-10.199999999999999</Data></Cell>
    <Cell><Data ss:Type="Number">0.35</Data></Cell>
    <Cell><Data ss:Type="Number">-9.59</Data></Cell>
    <Cell><Data ss:Type="Number">-0.1</Data></Cell>
    <Cell><Data ss:Type="Number">-0.87</Data></Cell>
    <Cell><Data ss:Type="Number">22.7</Data></Cell>
    <Cell><Data ss:Type="Number">39.6</Data></Cell>
    <Cell><Data ss:Type="Number">0</Data></Cell>
    <Cell><Data ss:Type="Number">0</Data></Cell>
    <Cell><Data ss:Type="String">2023-12-07 16:15:14.095531</Data></Cell>
   </Row>
   <Row>
    <Cell><Data ss:Type="String">437</Data></Cell>
    <Cell><Data ss:Type="Number">0.37</Data></Cell>
    <Cell><Data ss:Type="Number">-9.9600000000000009</Data></Cell>
    <Cell><Data ss:Type="Number">0.32</Data></Cell>
    <Cell><Data ss:Type="Number">-9.68</Data></Cell>
    <Cell><Data ss:Type="Number">-0.06</Data></Cell>
    <Cell><Data ss:Type="Number">-0.9</Data></Cell>
    <Cell><Data ss:Type="Number">22.7</Data></Cell>
    <Cell><Data ss:Type="Number">39.6</Data></Cell>
    <Cell><Data ss:Type="Number">0</Data></Cell>
    <Cell><Data ss:Type="Number">0</Data></Cell>
    <Cell><Data ss:Type="String">2023-12-07 16:15:14.052242</Data></Cell>
   </Row>
   <Row>
    <Cell><Data ss:Type="String">436</Data></Cell>
    <Cell><Data ss:Type="Number">0.28999999999999998</Data></Cell>
    <Cell><Data ss:Type="Number">-10.31</Data></Cell>
    <Cell><Data ss:Type="Number">-0.01</Data></Cell>
    <Cell><Data ss:Type="Number">-9.35</Data></Cell>
    <Cell><Data ss:Type="Number">-7.0000000000000007E-2</Data></Cell>
    <Cell><Data ss:Type="Number">-0.92</Data></Cell>
    <Cell><Data ss:Type="Number">22.7</Data></Cell>
    <Cell><Data ss:Type="Number">39.6</Data></Cell>
    <Cell><Data ss:Type="Number">0</Data></Cell>
    <Cell><Data ss:Type="Number">0</Data></Cell>
    <Cell><Data ss:Type="String">2023-12-07 16:15:14.050297</Data></Cell>
   </Row>
   <Row>
    <Cell><Data ss:Type="String">435</Data></Cell>
    <Cell><Data ss:Type="Number">0.1</Data></Cell>
    <Cell><Data ss:Type="Number">-9.81</Data></Cell>
    <Cell><Data ss:Type="Number">0.06</Data></Cell>
    <Cell><Data ss:Type="Number">-9.43</Data></Cell>
    <Cell><Data ss:Type="Number">-0.04</Data></Cell>
    <Cell><Data ss:Type="Number">-0.91</Data></Cell>
    <Cell><Data ss:Type="Number">22.7</Data></Cell>
    <Cell><Data ss:Type="Number">39.6</Data></Cell>
    <Cell><Data ss:Type="Number">0</Data></Cell>
    <Cell><Data ss:Type="Number">0</Data></Cell>
    <Cell><Data ss:Type="String">2023-12-07 16:15:14.008541</Data></Cell>
   </Row>
   <Row>
    <Cell><Data ss:Type="String">434</Data></Cell>
    <Cell><Data ss:Type="Number">0.11</Data></Cell>
    <Cell><Data ss:Type="Number">-10.16</Data></Cell>
    <Cell><Data ss:Type="Number">-0.18</Data></Cell>
    <Cell><Data ss:Type="Number">-9.5</Data></Cell>
    <Cell><Data ss:Type="Number">-0.04</Data></Cell>
    <Cell><Data ss:Type="Number">-0.94</Data></Cell>
    <Cell><Data ss:Type="Number">22.7</Data></Cell>
    <Cell><Data ss:Type="Number">39.6</Data></Cell>
    <Cell><Data ss:Type="Number">0</Data></Cell>
    <Cell><Data ss:Type="Number">0</Data></Cell>
    <Cell><Data ss:Type="String">2023-12-07 16:15:13.958348</Data></Cell>
   </Row>
   <Row>
    <Cell><Data ss:Type="String">433</Data></Cell>
    <Cell><Data ss:Type="Number">-0.04</Data></Cell>
    <Cell><Data ss:Type="Number">-10.48</Data></Cell>
    <Cell><Data ss:Type="Number">-0.18</Data></Cell>
    <Cell><Data ss:Type="Number">-9.6</Data></Cell>
    <Cell><Data ss:Type="Number">-7.0000000000000007E-2</Data></Cell>
    <Cell><Data ss:Type="Number">-0.87</Data></Cell>
    <Cell><Data ss:Type="Number">22.7</Data></Cell>
    <Cell><Data ss:Type="Number">39.700000000000003</Data></Cell>
    <Cell><Data ss:Type="Number">0</Data></Cell>
    <Cell><Data ss:Type="Number">0</Data></Cell>
    <Cell><Data ss:Type="String">2023-12-07 16:15:13.956329</Data></Cell>
   </Row>
   <Row>
    <Cell><Data ss:Type="String">432</Data></Cell>
    <Cell><Data ss:Type="Number">0.28999999999999998</Data></Cell>
    <Cell><Data ss:Type="Number">-9.89</Data></Cell>
    <Cell><Data ss:Type="Number">0.25</Data></Cell>
    <Cell><Data ss:Type="Number">-9.58</Data></Cell>
    <Cell><Data ss:Type="Number">-0.1</Data></Cell>
    <Cell><Data ss:Type="Number">-0.91</Data></Cell>
    <Cell><Data ss:Type="Number">22.7</Data></Cell>
    <Cell><Data ss:Type="Number">39.700000000000003</Data></Cell>
    <Cell><Data ss:Type="Number">0</Data></Cell>
    <Cell><Data ss:Type="Number">0</Data></Cell>
    <Cell><Data ss:Type="String">2023-12-07 16:15:13.953943</Data></Cell>
   </Row>
   <Row>
    <Cell><Data ss:Type="String">431</Data></Cell>
    <Cell><Data ss:Type="Number">0.22</Data></Cell>
    <Cell><Data ss:Type="Number">-10.23</Data></Cell>
    <Cell><Data ss:Type="Number">0.1</Data></Cell>
    <Cell><Data ss:Type="Number">-9.4600000000000009</Data></Cell>
    <Cell><Data ss:Type="Number">-7.0000000000000007E-2</Data></Cell>
    <Cell><Data ss:Type="Number">-0.9</Data></Cell>
    <Cell><Data ss:Type="Number">22.7</Data></Cell>
    <Cell><Data ss:Type="Number">39.700000000000003</Data></Cell>
    <Cell><Data ss:Type="Number">0</Data></Cell>
    <Cell><Data ss:Type="Number">0</Data></Cell>
    <Cell><Data ss:Type="String">2023-12-07 16:15:13.952026</Data></Cell>
   </Row>
   <Row>
    <Cell><Data ss:Type="String">430</Data></Cell>
    <Cell><Data ss:Type="Number">0.16</Data></Cell>
    <Cell><Data ss:Type="Number">-9.93</Data></Cell>
    <Cell><Data ss:Type="Number">0.17</Data></Cell>
    <Cell><Data ss:Type="Number">-9.35</Data></Cell>
    <Cell><Data ss:Type="Number">-0.04</Data></Cell>
    <Cell><Data ss:Type="Number">-0.94</Data></Cell>
    <Cell><Data ss:Type="Number">22.7</Data></Cell>
    <Cell><Data ss:Type="Number">39.700000000000003</Data></Cell>
    <Cell><Data ss:Type="Number">0</Data></Cell>
    <Cell><Data ss:Type="Number">0</Data></Cell>
    <Cell><Data ss:Type="String">2023-12-07 16:15:13.950285</Data></Cell>
   </Row>
   <Row>
    <Cell><Data ss:Type="String">429</Data></Cell>
    <Cell><Data ss:Type="Number">0.4</Data></Cell>
    <Cell><Data ss:Type="Number">-9.86</Data></Cell>
    <Cell><Data ss:Type="Number">0.34</Data></Cell>
    <Cell><Data ss:Type="Number">-9.5</Data></Cell>
    <Cell><Data ss:Type="Number">-0.06</Data></Cell>
    <Cell><Data ss:Type="Number">-0.88</Data></Cell>
    <Cell><Data ss:Type="Number">22.7</Data></Cell>
    <Cell><Data ss:Type="Number">39.700000000000003</Data></Cell>
    <Cell><Data ss:Type="Number">0</Data></Cell>
    <Cell><Data ss:Type="Number">0</Data></Cell>
    <Cell><Data ss:Type="String">2023-12-07 16:15:13.948504</Data></Cell>
   </Row>
   <Row>
    <Cell><Data ss:Type="String">428</Data></Cell>
    <Cell><Data ss:Type="Number">0.55000000000000004</Data></Cell>
    <Cell><Data ss:Type="Number">-10.130000000000001</Data></Cell>
    <Cell><Data ss:Type="Number">0.24</Data></Cell>
    <Cell><Data ss:Type="Number">-9.6300000000000008</Data></Cell>
    <Cell><Data ss:Type="Number">-7.0000000000000007E-2</Data></Cell>
    <Cell><Data ss:Type="Number">-0.86</Data></Cell>
    <Cell><Data ss:Type="Number">22.7</Data></Cell>
    <Cell><Data ss:Type="Number">39.700000000000003</Data></Cell>
    <Cell><Data ss:Type="Number">0</Data></Cell>
    <Cell><Data ss:Type="Number">0</Data></Cell>
    <Cell><Data ss:Type="String">2023-12-07 16:15:13.946426</Data></Cell>
   </Row>
   <Row>
    <Cell><Data ss:Type="String">427</Data></Cell>
    <Cell><Data ss:Type="Number">7.0000000000000007E-2</Data></Cell>
    <Cell><Data ss:Type="Number">-10.77</Data></Cell>
    <Cell><Data ss:Type="Number">0.13</Data></Cell>
    <Cell><Data ss:Type="Number">-9.52</Data></Cell>
    <Cell><Data ss:Type="Number">-0.06</Data></Cell>
    <Cell><Data ss:Type="Number">-0.89</Data></Cell>
    <Cell><Data ss:Type="Number">22.7</Data></Cell>
    <Cell><Data ss:Type="Number">39.700000000000003</Data></Cell>
    <Cell><Data ss:Type="Number">0</Data></Cell>
    <Cell><Data ss:Type="Number">0</Data></Cell>
    <Cell><Data ss:Type="String">2023-12-07 16:15:13.717785</Data></Cell>
   </Row>
   <Row>
    <Cell><Data ss:Type="String">426</Data></Cell>
    <Cell><Data ss:Type="Number">-0.13</Data></Cell>
    <Cell><Data ss:Type="Number">-9.76</Data></Cell>
    <Cell><Data ss:Type="Number">0.39</Data></Cell>
    <Cell><Data ss:Type="Number">-9.48</Data></Cell>
    <Cell><Data ss:Type="Number">-0.05</Data></Cell>
    <Cell><Data ss:Type="Number">-0.93</Data></Cell>
    <Cell><Data ss:Type="Number">22.7</Data></Cell>
    <Cell><Data ss:Type="Number">39.700000000000003</Data></Cell>
    <Cell><Data ss:Type="Number">0</Data></Cell>
    <Cell><Data ss:Type="Number">0</Data></Cell>
    <Cell><Data ss:Type="String">2023-12-07 16:15:13.716115</Data></Cell>
   </Row>
   <Row>
    <Cell><Data ss:Type="String">425</Data></Cell>
    <Cell><Data ss:Type="Number">0.25</Data></Cell>
    <Cell><Data ss:Type="Number">-10.62</Data></Cell>
    <Cell><Data ss:Type="Number">-0.02</Data></Cell>
    <Cell><Data ss:Type="Number">-9.58</Data></Cell>
    <Cell><Data ss:Type="Number">-0.09</Data></Cell>
    <Cell><Data ss:Type="Number">-0.91</Data></Cell>
    <Cell><Data ss:Type="Number">22.7</Data></Cell>
    <Cell><Data ss:Type="Number">39.700000000000003</Data></Cell>
    <Cell><Data ss:Type="Number">0</Data></Cell>
    <Cell><Data ss:Type="Number">0</Data></Cell>
    <Cell><Data ss:Type="String">2023-12-07 16:15:13.714732</Data></Cell>
   </Row>
   <Row>
    <Cell><Data ss:Type="String">424</Data></Cell>
    <Cell><Data ss:Type="Number">-0.05</Data></Cell>
    <Cell><Data ss:Type="Number">-10.1</Data></Cell>
    <Cell><Data ss:Type="Number">0.13</Data></Cell>
    <Cell><Data ss:Type="Number">-9.36</Data></Cell>
    <Cell><Data ss:Type="Number">0</Data></Cell>
    <Cell><Data ss:Type="Number">-0.86</Data></Cell>
    <Cell><Data ss:Type="Number">22.7</Data></Cell>
    <Cell><Data ss:Type="Number">39.700000000000003</Data></Cell>
    <Cell><Data ss:Type="Number">0</Data></Cell>
    <Cell><Data ss:Type="Number">0</Data></Cell>
    <Cell><Data ss:Type="String">2023-12-07 16:15:13.713245</Data></Cell>
   </Row>
   <Row>
    <Cell><Data ss:Type="String">423</Data></Cell>
    <Cell><Data ss:Type="Number">1.37</Data></Cell>
    <Cell><Data ss:Type="Number">-10.34</Data></Cell>
    <Cell><Data ss:Type="Number">0.57999999999999996</Data></Cell>
    <Cell><Data ss:Type="Number">-9.6300000000000008</Data></Cell>
    <Cell><Data ss:Type="Number">-0.25</Data></Cell>
    <Cell><Data ss:Type="Number">-1.03</Data></Cell>
    <Cell><Data ss:Type="Number">22.7</Data></Cell>
    <Cell><Data ss:Type="Number">39.700000000000003</Data></Cell>
    <Cell><Data ss:Type="Number">0</Data></Cell>
    <Cell><Data ss:Type="Number">0</Data></Cell>
    <Cell><Data ss:Type="String">2023-12-07 16:15:13.711695</Data></Cell>
   </Row>
   <Row>
    <Cell><Data ss:Type="String">422</Data></Cell>
    <Cell><Data ss:Type="Number">0.13</Data></Cell>
    <Cell><Data ss:Type="Number">-10.32</Data></Cell>
    <Cell><Data ss:Type="Number">0.04</Data></Cell>
    <Cell><Data ss:Type="Number">-9.5</Data></Cell>
    <Cell><Data ss:Type="Number">0</Data></Cell>
    <Cell><Data ss:Type="Number">-0.91</Data></Cell>
    <Cell><Data ss:Type="Number">22.7</Data></Cell>
    <Cell><Data ss:Type="Number">39.700000000000003</Data></Cell>
    <Cell><Data ss:Type="Number">0</Data></Cell>
    <Cell><Data ss:Type="Number">0</Data></Cell>
    <Cell><Data ss:Type="String">2023-12-07 16:15:13.709795</Data></Cell>
   </Row>
   <Row>
    <Cell><Data ss:Type="String">421</Data></Cell>
    <Cell><Data ss:Type="Number">0.19</Data></Cell>
    <Cell><Data ss:Type="Number">-9.9</Data></Cell>
    <Cell><Data ss:Type="Number">-0.15</Data></Cell>
    <Cell><Data ss:Type="Number">-9.31</Data></Cell>
    <Cell><Data ss:Type="Number">-0.05</Data></Cell>
    <Cell><Data ss:Type="Number">-0.92</Data></Cell>
    <Cell><Data ss:Type="Number">22.7</Data></Cell>
    <Cell><Data ss:Type="Number">39.700000000000003</Data></Cell>
    <Cell><Data ss:Type="Number">0</Data></Cell>
    <Cell><Data ss:Type="Number">0</Data></Cell>
    <Cell><Data ss:Type="String">2023-12-07 16:15:13.706982</Data></Cell>
   </Row>
   <Row>
    <Cell><Data ss:Type="String">420</Data></Cell>
    <Cell><Data ss:Type="Number">0.4</Data></Cell>
    <Cell><Data ss:Type="Number">-9.58</Data></Cell>
    <Cell><Data ss:Type="Number">0.13</Data></Cell>
    <Cell><Data ss:Type="Number">-9.3699999999999992</Data></Cell>
    <Cell><Data ss:Type="Number">-0.1</Data></Cell>
    <Cell><Data ss:Type="Number">-0.96</Data></Cell>
    <Cell><Data ss:Type="Number">22.7</Data></Cell>
    <Cell><Data ss:Type="Number">39.700000000000003</Data></Cell>
    <Cell><Data ss:Type="Number">0</Data></Cell>
    <Cell><Data ss:Type="Number">0</Data></Cell>
    <Cell><Data ss:Type="String">2023-12-07 16:15:13.473972</Data></Cell>
   </Row>
   <Row>
    <Cell><Data ss:Type="String">419</Data></Cell>
    <Cell><Data ss:Type="Number">0.85</Data></Cell>
    <Cell><Data ss:Type="Number">-10.44</Data></Cell>
    <Cell><Data ss:Type="Number">0.32</Data></Cell>
    <Cell><Data ss:Type="Number">-9.59</Data></Cell>
    <Cell><Data ss:Type="Number">-0.28999999999999998</Data></Cell>
    <Cell><Data ss:Type="Number">-0.87</Data></Cell>
    <Cell><Data ss:Type="Number">22.7</Data></Cell>
    <Cell><Data ss:Type="Number">39.700000000000003</Data></Cell>
    <Cell><Data ss:Type="Number">0</Data></Cell>
    <Cell><Data ss:Type="Number">0</Data></Cell>
    <Cell><Data ss:Type="String">2023-12-07 16:15:13.471542</Data></Cell>
   </Row>
   <Row>
    <Cell><Data ss:Type="String">418</Data></Cell>
    <Cell><Data ss:Type="Number">0.03</Data></Cell>
    <Cell><Data ss:Type="Number">-10.119999999999999</Data></Cell>
    <Cell><Data ss:Type="Number">0.01</Data></Cell>
    <Cell><Data ss:Type="Number">-9.6</Data></Cell>
    <Cell><Data ss:Type="Number">0.16</Data></Cell>
    <Cell><Data ss:Type="Number">-0.87</Data></Cell>
    <Cell><Data ss:Type="Number">22.7</Data></Cell>
    <Cell><Data ss:Type="Number">39.700000000000003</Data></Cell>
    <Cell><Data ss:Type="Number">0</Data></Cell>
    <Cell><Data ss:Type="Number">0</Data></Cell>
    <Cell><Data ss:Type="String">2023-12-07 16:15:13.425088</Data></Cell>
   </Row>
   <Row>
    <Cell><Data ss:Type="String">417</Data></Cell>
    <Cell><Data ss:Type="Number">-0.01</Data></Cell>
    <Cell><Data ss:Type="Number">-10.5</Data></Cell>
    <Cell><Data ss:Type="Number">-0.4</Data></Cell>
    <Cell><Data ss:Type="Number">-9.5</Data></Cell>
    <Cell><Data ss:Type="Number">0.2</Data></Cell>
    <Cell><Data ss:Type="Number">-0.98</Data></Cell>
    <Cell><Data ss:Type="Number">22.7</Data></Cell>
    <Cell><Data ss:Type="Number">39.700000000000003</Data></Cell>
    <Cell><Data ss:Type="Number">0</Data></Cell>
    <Cell><Data ss:Type="Number">0</Data></Cell>
    <Cell><Data ss:Type="String">2023-12-07 16:15:13.378901</Data></Cell>
   </Row>
   <Row>
    <Cell><Data ss:Type="String">416</Data></Cell>
    <Cell><Data ss:Type="Number">-0.56999999999999995</Data></Cell>
    <Cell><Data ss:Type="Number">-9.6300000000000008</Data></Cell>
    <Cell><Data ss:Type="Number">0.51</Data></Cell>
    <Cell><Data ss:Type="Number">-9.32</Data></Cell>
    <Cell><Data ss:Type="Number">-0.46</Data></Cell>
    <Cell><Data ss:Type="Number">-0.82</Data></Cell>
    <Cell><Data ss:Type="Number">22.7</Data></Cell>
    <Cell><Data ss:Type="Number">39.700000000000003</Data></Cell>
    <Cell><Data ss:Type="Number">0</Data></Cell>
    <Cell><Data ss:Type="Number">0</Data></Cell>
    <Cell><Data ss:Type="String">2023-12-07 16:15:13.334353</Data></Cell>
   </Row>
   <Row>
    <Cell><Data ss:Type="String">415</Data></Cell>
    <Cell><Data ss:Type="Number">0.97</Data></Cell>
    <Cell><Data ss:Type="Number">-9.39</Data></Cell>
    <Cell><Data ss:Type="Number">0.42</Data></Cell>
    <Cell><Data ss:Type="Number">-9.56</Data></Cell>
    <Cell><Data ss:Type="Number">-0.56999999999999995</Data></Cell>
    <Cell><Data ss:Type="Number">-1.03</Data></Cell>
    <Cell><Data ss:Type="Number">22.7</Data></Cell>
    <Cell><Data ss:Type="Number">39.700000000000003</Data></Cell>
    <Cell><Data ss:Type="Number">0</Data></Cell>
    <Cell><Data ss:Type="Number">0</Data></Cell>
    <Cell><Data ss:Type="String">2023-12-07 16:15:13.332934</Data></Cell>
   </Row>
   <Row>
    <Cell><Data ss:Type="String">414</Data></Cell>
    <Cell><Data ss:Type="Number">-2.59</Data></Cell>
    <Cell><Data ss:Type="Number">-11.44</Data></Cell>
    <Cell><Data ss:Type="Number">-1.07</Data></Cell>
    <Cell><Data ss:Type="Number">-9.66</Data></Cell>
    <Cell><Data ss:Type="Number">1.0900000000000001</Data></Cell>
    <Cell><Data ss:Type="Number">-0.84</Data></Cell>
    <Cell><Data ss:Type="Number">22.7</Data></Cell>
    <Cell><Data ss:Type="Number">39.700000000000003</Data></Cell>
    <Cell><Data ss:Type="Number">0</Data></Cell>
    <Cell><Data ss:Type="Number">0</Data></Cell>
    <Cell><Data ss:Type="String">2023-12-07 16:15:13.290298</Data></Cell>
   </Row>
   <Row>
    <Cell><Data ss:Type="String">413</Data></Cell>
    <Cell><Data ss:Type="Number">1.22</Data></Cell>
    <Cell><Data ss:Type="Number">-10.71</Data></Cell>
    <Cell><Data ss:Type="Number">-0.76</Data></Cell>
    <Cell><Data ss:Type="Number">-10.11</Data></Cell>
    <Cell><Data ss:Type="Number">0.18</Data></Cell>
    <Cell><Data ss:Type="Number">-1.19</Data></Cell>
    <Cell><Data ss:Type="Number">22.7</Data></Cell>
    <Cell><Data ss:Type="Number">39.700000000000003</Data></Cell>
    <Cell><Data ss:Type="Number">0</Data></Cell>
    <Cell><Data ss:Type="Number">0</Data></Cell>
    <Cell><Data ss:Type="String">2023-12-07 16:15:13.244386</Data></Cell>
   </Row>
   <Row>
    <Cell><Data ss:Type="String">412</Data></Cell>
    <Cell><Data ss:Type="Number">0.02</Data></Cell>
    <Cell><Data ss:Type="Number">-9.83</Data></Cell>
    <Cell><Data ss:Type="Number">-7.0000000000000007E-2</Data></Cell>
    <Cell><Data ss:Type="Number">-9.4499999999999993</Data></Cell>
    <Cell><Data ss:Type="Number">0.12</Data></Cell>
    <Cell><Data ss:Type="Number">-0.94</Data></Cell>
    <Cell><Data ss:Type="Number">22.7</Data></Cell>
    <Cell><Data ss:Type="Number">39.700000000000003</Data></Cell>
    <Cell><Data ss:Type="Number">0</Data></Cell>
    <Cell><Data ss:Type="Number">0</Data></Cell>
    <Cell><Data ss:Type="String">2023-12-07 16:15:13.241460</Data></Cell>
   </Row>
   <Row>
    <Cell><Data ss:Type="String">411</Data></Cell>
    <Cell><Data ss:Type="Number">0.45</Data></Cell>
    <Cell><Data ss:Type="Number">-10.89</Data></Cell>
    <Cell><Data ss:Type="Number">0.33</Data></Cell>
    <Cell><Data ss:Type="Number">-9.8800000000000008</Data></Cell>
    <Cell><Data ss:Type="Number">-0.06</Data></Cell>
    <Cell><Data ss:Type="Number">-0.85</Data></Cell>
    <Cell><Data ss:Type="Number">22.7</Data></Cell>
    <Cell><Data ss:Type="Number">39.700000000000003</Data></Cell>
    <Cell><Data ss:Type="Number">0</Data></Cell>
    <Cell><Data ss:Type="Number">0</Data></Cell>
    <Cell><Data ss:Type="String">2023-12-07 16:15:13.196978</Data></Cell>
   </Row>
   <Row>
    <Cell><Data ss:Type="String">410</Data></Cell>
    <Cell><Data ss:Type="Number">0.27</Data></Cell>
    <Cell><Data ss:Type="Number">-10.1</Data></Cell>
    <Cell><Data ss:Type="Number">0.12</Data></Cell>
    <Cell><Data ss:Type="Number">-9.5</Data></Cell>
    <Cell><Data ss:Type="Number">-0.08</Data></Cell>
    <Cell><Data ss:Type="Number">-0.95</Data></Cell>
    <Cell><Data ss:Type="Number">22.7</Data></Cell>
    <Cell><Data ss:Type="Number">39.700000000000003</Data></Cell>
    <Cell><Data ss:Type="Number">0</Data></Cell>
    <Cell><Data ss:Type="Number">0</Data></Cell>
    <Cell><Data ss:Type="String">2023-12-07 16:15:13.148975</Data></Cell>
   </Row>
   <Row>
    <Cell><Data ss:Type="String">409</Data></Cell>
    <Cell><Data ss:Type="Number">0.33</Data></Cell>
    <Cell><Data ss:Type="Number">-10.130000000000001</Data></Cell>
    <Cell><Data ss:Type="Number">0.14000000000000001</Data></Cell>
    <Cell><Data ss:Type="Number">-9.5399999999999991</Data></Cell>
    <Cell><Data ss:Type="Number">-0.1</Data></Cell>
    <Cell><Data ss:Type="Number">-0.92</Data></Cell>
    <Cell><Data ss:Type="Number">22.7</Data></Cell>
    <Cell><Data ss:Type="Number">39.700000000000003</Data></Cell>
    <Cell><Data ss:Type="Number">0</Data></Cell>
    <Cell><Data ss:Type="Number">0</Data></Cell>
    <Cell><Data ss:Type="String">2023-12-07 16:15:13.104040</Data></Cell>
   </Row>
   <Row>
    <Cell><Data ss:Type="String">408</Data></Cell>
    <Cell><Data ss:Type="Number">0.16</Data></Cell>
    <Cell><Data ss:Type="Number">-10.210000000000001</Data></Cell>
    <Cell><Data ss:Type="Number">0.2</Data></Cell>
    <Cell><Data ss:Type="Number">-9.5</Data></Cell>
    <Cell><Data ss:Type="Number">-0.1</Data></Cell>
    <Cell><Data ss:Type="Number">-0.89</Data></Cell>
    <Cell><Data ss:Type="Number">22.7</Data></Cell>
    <Cell><Data ss:Type="Number">39.700000000000003</Data></Cell>
    <Cell><Data ss:Type="Number">0</Data></Cell>
    <Cell><Data ss:Type="Number">0</Data></Cell>
    <Cell><Data ss:Type="String">2023-12-07 16:15:13.102130</Data></Cell>
   </Row>
   <Row>
    <Cell><Data ss:Type="String">407</Data></Cell>
    <Cell><Data ss:Type="Number">0.28999999999999998</Data></Cell>
    <Cell><Data ss:Type="Number">-9.9600000000000009</Data></Cell>
    <Cell><Data ss:Type="Number">-0.02</Data></Cell>
    <Cell><Data ss:Type="Number">-9.44</Data></Cell>
    <Cell><Data ss:Type="Number">-0.08</Data></Cell>
    <Cell><Data ss:Type="Number">-0.95</Data></Cell>
    <Cell><Data ss:Type="Number">22.7</Data></Cell>
    <Cell><Data ss:Type="Number">39.700000000000003</Data></Cell>
    <Cell><Data ss:Type="Number">0</Data></Cell>
    <Cell><Data ss:Type="Number">0</Data></Cell>
    <Cell><Data ss:Type="String">2023-12-07 16:15:13.056327</Data></Cell>
   </Row>
   <Row>
    <Cell><Data ss:Type="String">406</Data></Cell>
    <Cell><Data ss:Type="Number">0.23</Data></Cell>
    <Cell><Data ss:Type="Number">-10.02</Data></Cell>
    <Cell><Data ss:Type="Number">0.15</Data></Cell>
    <Cell><Data ss:Type="Number">-9.4499999999999993</Data></Cell>
    <Cell><Data ss:Type="Number">-0.03</Data></Cell>
    <Cell><Data ss:Type="Number">-0.93</Data></Cell>
    <Cell><Data ss:Type="Number">22.7</Data></Cell>
    <Cell><Data ss:Type="Number">39.700000000000003</Data></Cell>
    <Cell><Data ss:Type="Number">0</Data></Cell>
    <Cell><Data ss:Type="Number">0</Data></Cell>
    <Cell><Data ss:Type="String">2023-12-07 16:15:13.010868</Data></Cell>
   </Row>
   <Row>
    <Cell><Data ss:Type="String">405</Data></Cell>
    <Cell><Data ss:Type="Number">0.38</Data></Cell>
    <Cell><Data ss:Type="Number">-10.130000000000001</Data></Cell>
    <Cell><Data ss:Type="Number">0.1</Data></Cell>
    <Cell><Data ss:Type="Number">-9.5299999999999994</Data></Cell>
    <Cell><Data ss:Type="Number">-7.0000000000000007E-2</Data></Cell>
    <Cell><Data ss:Type="Number">-0.93</Data></Cell>
    <Cell><Data ss:Type="Number">22.7</Data></Cell>
    <Cell><Data ss:Type="Number">39.700000000000003</Data></Cell>
    <Cell><Data ss:Type="Number">0</Data></Cell>
    <Cell><Data ss:Type="Number">0</Data></Cell>
    <Cell><Data ss:Type="String">2023-12-07 16:15:13.009392</Data></Cell>
   </Row>
   <Row>
    <Cell><Data ss:Type="String">404</Data></Cell>
    <Cell><Data ss:Type="Number">0.28999999999999998</Data></Cell>
    <Cell><Data ss:Type="Number">-10.119999999999999</Data></Cell>
    <Cell><Data ss:Type="Number">0.17</Data></Cell>
    <Cell><Data ss:Type="Number">-9.5</Data></Cell>
    <Cell><Data ss:Type="Number">-0.03</Data></Cell>
    <Cell><Data ss:Type="Number">-0.9</Data></Cell>
    <Cell><Data ss:Type="Number">22.7</Data></Cell>
    <Cell><Data ss:Type="Number">39.700000000000003</Data></Cell>
    <Cell><Data ss:Type="Number">0</Data></Cell>
    <Cell><Data ss:Type="Number">0</Data></Cell>
    <Cell><Data ss:Type="String">2023-12-07 16:15:12.963967</Data></Cell>
   </Row>
   <Row>
    <Cell><Data ss:Type="String">403</Data></Cell>
    <Cell><Data ss:Type="Number">0.3</Data></Cell>
    <Cell><Data ss:Type="Number">-10.02</Data></Cell>
    <Cell><Data ss:Type="Number">0.17</Data></Cell>
    <Cell><Data ss:Type="Number">-9.43</Data></Cell>
    <Cell><Data ss:Type="Number">-0.09</Data></Cell>
    <Cell><Data ss:Type="Number">-0.92</Data></Cell>
    <Cell><Data ss:Type="Number">22.7</Data></Cell>
    <Cell><Data ss:Type="Number">39.700000000000003</Data></Cell>
    <Cell><Data ss:Type="Number">0</Data></Cell>
    <Cell><Data ss:Type="Number">0</Data></Cell>
    <Cell><Data ss:Type="String">2023-12-07 16:15:12.918300</Data></Cell>
   </Row>
   <Row>
    <Cell><Data ss:Type="String">402</Data></Cell>
    <Cell><Data ss:Type="Number">0.24</Data></Cell>
    <Cell><Data ss:Type="Number">-9.99</Data></Cell>
    <Cell><Data ss:Type="Number">0.08</Data></Cell>
    <Cell><Data ss:Type="Number">-9.43</Data></Cell>
    <Cell><Data ss:Type="Number">-0.05</Data></Cell>
    <Cell><Data ss:Type="Number">-0.96</Data></Cell>
    <Cell><Data ss:Type="Number">22.7</Data></Cell>
    <Cell><Data ss:Type="Number">39.700000000000003</Data></Cell>
    <Cell><Data ss:Type="Number">0</Data></Cell>
    <Cell><Data ss:Type="Number">0</Data></Cell>
    <Cell><Data ss:Type="String">2023-12-07 16:15:12.878836</Data></Cell>
   </Row>
   <Row>
    <Cell><Data ss:Type="String">401</Data></Cell>
    <Cell><Data ss:Type="Number">0.25</Data></Cell>
    <Cell><Data ss:Type="Number">-10.029999999999999</Data></Cell>
    <Cell><Data ss:Type="Number">0.16</Data></Cell>
    <Cell><Data ss:Type="Number">-9.5</Data></Cell>
    <Cell><Data ss:Type="Number">-7.0000000000000007E-2</Data></Cell>
    <Cell><Data ss:Type="Number">-0.94</Data></Cell>
    <Cell><Data ss:Type="Number">22.7</Data></Cell>
    <Cell><Data ss:Type="Number">39.700000000000003</Data></Cell>
    <Cell><Data ss:Type="Number">0</Data></Cell>
    <Cell><Data ss:Type="Number">0</Data></Cell>
    <Cell><Data ss:Type="String">2023-12-07 16:15:12.873575</Data></Cell>
   </Row>
   <Row>
    <Cell><Data ss:Type="String">400</Data></Cell>
    <Cell><Data ss:Type="Number">0.34</Data></Cell>
    <Cell><Data ss:Type="Number">-10.18</Data></Cell>
    <Cell><Data ss:Type="Number">0.09</Data></Cell>
    <Cell><Data ss:Type="Number">-9.52</Data></Cell>
    <Cell><Data ss:Type="Number">-0.1</Data></Cell>
    <Cell><Data ss:Type="Number">-0.9</Data></Cell>
    <Cell><Data ss:Type="Number">22.7</Data></Cell>
    <Cell><Data ss:Type="Number">39.700000000000003</Data></Cell>
    <Cell><Data ss:Type="Number">0</Data></Cell>
    <Cell><Data ss:Type="Number">0</Data></Cell>
    <Cell><Data ss:Type="String">2023-12-07 16:15:12.827236</Data></Cell>
   </Row>
   <Row>
    <Cell><Data ss:Type="String">399</Data></Cell>
    <Cell><Data ss:Type="Number">0.34</Data></Cell>
    <Cell><Data ss:Type="Number">-10.09</Data></Cell>
    <Cell><Data ss:Type="Number">0.16</Data></Cell>
    <Cell><Data ss:Type="Number">-9.4499999999999993</Data></Cell>
    <Cell><Data ss:Type="Number">-0.09</Data></Cell>
    <Cell><Data ss:Type="Number">-0.92</Data></Cell>
    <Cell><Data ss:Type="Number">22.7</Data></Cell>
    <Cell><Data ss:Type="Number">39.700000000000003</Data></Cell>
    <Cell><Data ss:Type="Number">0</Data></Cell>
    <Cell><Data ss:Type="Number">0</Data></Cell>
    <Cell><Data ss:Type="String">2023-12-07 16:15:12.781486</Data></Cell>
   </Row>
   <Row>
    <Cell><Data ss:Type="String">398</Data></Cell>
    <Cell><Data ss:Type="Number">0.28000000000000003</Data></Cell>
    <Cell><Data ss:Type="Number">-10.029999999999999</Data></Cell>
    <Cell><Data ss:Type="Number">0.16</Data></Cell>
    <Cell><Data ss:Type="Number">-9.4</Data></Cell>
    <Cell><Data ss:Type="Number">-0.05</Data></Cell>
    <Cell><Data ss:Type="Number">-0.89</Data></Cell>
    <Cell><Data ss:Type="Number">22.7</Data></Cell>
    <Cell><Data ss:Type="Number">39.700000000000003</Data></Cell>
    <Cell><Data ss:Type="Number">0</Data></Cell>
    <Cell><Data ss:Type="Number">0</Data></Cell>
    <Cell><Data ss:Type="String">2023-12-07 16:15:12.780023</Data></Cell>
   </Row>
   <Row>
    <Cell><Data ss:Type="String">397</Data></Cell>
    <Cell><Data ss:Type="Number">0.26</Data></Cell>
    <Cell><Data ss:Type="Number">-9.92</Data></Cell>
    <Cell><Data ss:Type="Number">0.09</Data></Cell>
    <Cell><Data ss:Type="Number">-9.4499999999999993</Data></Cell>
    <Cell><Data ss:Type="Number">-0.11</Data></Cell>
    <Cell><Data ss:Type="Number">-1.01</Data></Cell>
    <Cell><Data ss:Type="Number">22.7</Data></Cell>
    <Cell><Data ss:Type="Number">39.700000000000003</Data></Cell>
    <Cell><Data ss:Type="Number">0</Data></Cell>
    <Cell><Data ss:Type="Number">0</Data></Cell>
    <Cell><Data ss:Type="String">2023-12-07 16:15:12.778301</Data></Cell>
   </Row>
   <Row>
    <Cell><Data ss:Type="String">396</Data></Cell>
    <Cell><Data ss:Type="Number">0.56999999999999995</Data></Cell>
    <Cell><Data ss:Type="Number">-10.029999999999999</Data></Cell>
    <Cell><Data ss:Type="Number">-0.05</Data></Cell>
    <Cell><Data ss:Type="Number">-9.51</Data></Cell>
    <Cell><Data ss:Type="Number">-0.05</Data></Cell>
    <Cell><Data ss:Type="Number">-0.93</Data></Cell>
    <Cell><Data ss:Type="Number">22.7</Data></Cell>
    <Cell><Data ss:Type="Number">39.700000000000003</Data></Cell>
    <Cell><Data ss:Type="Number">0</Data></Cell>
    <Cell><Data ss:Type="Number">0</Data></Cell>
    <Cell><Data ss:Type="String">2023-12-07 16:15:12.776653</Data></Cell>
   </Row>
   <Row>
    <Cell><Data ss:Type="String">395</Data></Cell>
    <Cell><Data ss:Type="Number">0.25</Data></Cell>
    <Cell><Data ss:Type="Number">-10.23</Data></Cell>
    <Cell><Data ss:Type="Number">0.15</Data></Cell>
    <Cell><Data ss:Type="Number">-9.52</Data></Cell>
    <Cell><Data ss:Type="Number">-0.06</Data></Cell>
    <Cell><Data ss:Type="Number">-0.9</Data></Cell>
    <Cell><Data ss:Type="Number">22.7</Data></Cell>
    <Cell><Data ss:Type="Number">39.700000000000003</Data></Cell>
    <Cell><Data ss:Type="Number">0</Data></Cell>
    <Cell><Data ss:Type="Number">0</Data></Cell>
    <Cell><Data ss:Type="String">2023-12-07 16:15:12.775169</Data></Cell>
   </Row>
   <Row>
    <Cell><Data ss:Type="String">394</Data></Cell>
    <Cell><Data ss:Type="Number">0.35</Data></Cell>
    <Cell><Data ss:Type="Number">-10.19</Data></Cell>
    <Cell><Data ss:Type="Number">0.21</Data></Cell>
    <Cell><Data ss:Type="Number">-9.5399999999999991</Data></Cell>
    <Cell><Data ss:Type="Number">-0.11</Data></Cell>
    <Cell><Data ss:Type="Number">-0.92</Data></Cell>
    <Cell><Data ss:Type="Number">22.7</Data></Cell>
    <Cell><Data ss:Type="Number">39.700000000000003</Data></Cell>
    <Cell><Data ss:Type="Number">0</Data></Cell>
    <Cell><Data ss:Type="Number">0</Data></Cell>
    <Cell><Data ss:Type="String">2023-12-07 16:15:12.773097</Data></Cell>
   </Row>
   <Row>
    <Cell><Data ss:Type="String">393</Data></Cell>
    <Cell><Data ss:Type="Number">0.17</Data></Cell>
    <Cell><Data ss:Type="Number">-10.16</Data></Cell>
    <Cell><Data ss:Type="Number">0.2</Data></Cell>
    <Cell><Data ss:Type="Number">-9.41</Data></Cell>
    <Cell><Data ss:Type="Number">-0.09</Data></Cell>
    <Cell><Data ss:Type="Number">-0.88</Data></Cell>
    <Cell><Data ss:Type="Number">22.7</Data></Cell>
    <Cell><Data ss:Type="Number">39.700000000000003</Data></Cell>
    <Cell><Data ss:Type="Number">0</Data></Cell>
    <Cell><Data ss:Type="Number">0</Data></Cell>
    <Cell><Data ss:Type="String">2023-12-07 16:15:12.770199</Data></Cell>
   </Row>
   <Row>
    <Cell><Data ss:Type="String">392</Data></Cell>
    <Cell><Data ss:Type="Number">-7.0000000000000007E-2</Data></Cell>
    <Cell><Data ss:Type="Number">-9.92</Data></Cell>
    <Cell><Data ss:Type="Number">-0.02</Data></Cell>
    <Cell><Data ss:Type="Number">-9.3699999999999992</Data></Cell>
    <Cell><Data ss:Type="Number">0.08</Data></Cell>
    <Cell><Data ss:Type="Number">-0.99</Data></Cell>
    <Cell><Data ss:Type="Number">22.7</Data></Cell>
    <Cell><Data ss:Type="Number">39.700000000000003</Data></Cell>
    <Cell><Data ss:Type="Number">0</Data></Cell>
    <Cell><Data ss:Type="Number">0</Data></Cell>
    <Cell><Data ss:Type="String">2023-12-07 16:15:12.537768</Data></Cell>
   </Row>
   <Row>
    <Cell><Data ss:Type="String">391</Data></Cell>
    <Cell><Data ss:Type="Number">-7.0000000000000007E-2</Data></Cell>
    <Cell><Data ss:Type="Number">-9.02</Data></Cell>
    <Cell><Data ss:Type="Number">0.1</Data></Cell>
    <Cell><Data ss:Type="Number">-9.4700000000000006</Data></Cell>
    <Cell><Data ss:Type="Number">-0.17</Data></Cell>
    <Cell><Data ss:Type="Number">-0.99</Data></Cell>
    <Cell><Data ss:Type="Number">22.7</Data></Cell>
    <Cell><Data ss:Type="Number">39.700000000000003</Data></Cell>
    <Cell><Data ss:Type="Number">0</Data></Cell>
    <Cell><Data ss:Type="Number">0</Data></Cell>
    <Cell><Data ss:Type="String">2023-12-07 16:15:12.535456</Data></Cell>
   </Row>
   <Row>
    <Cell><Data ss:Type="String">390</Data></Cell>
    <Cell><Data ss:Type="Number">0.42</Data></Cell>
    <Cell><Data ss:Type="Number">-10.24</Data></Cell>
    <Cell><Data ss:Type="Number">0.2</Data></Cell>
    <Cell><Data ss:Type="Number">-9.51</Data></Cell>
    <Cell><Data ss:Type="Number">-0.08</Data></Cell>
    <Cell><Data ss:Type="Number">-0.86</Data></Cell>
    <Cell><Data ss:Type="Number">22.7</Data></Cell>
    <Cell><Data ss:Type="Number">39.700000000000003</Data></Cell>
    <Cell><Data ss:Type="Number">0</Data></Cell>
    <Cell><Data ss:Type="Number">0</Data></Cell>
    <Cell><Data ss:Type="String">2023-12-07 16:15:12.489883</Data></Cell>
   </Row>
   <Row>
    <Cell><Data ss:Type="String">389</Data></Cell>
    <Cell><Data ss:Type="Number">0.24</Data></Cell>
    <Cell><Data ss:Type="Number">-9.9700000000000006</Data></Cell>
    <Cell><Data ss:Type="Number">0.13</Data></Cell>
    <Cell><Data ss:Type="Number">-9.42</Data></Cell>
    <Cell><Data ss:Type="Number">-0.06</Data></Cell>
    <Cell><Data ss:Type="Number">-0.94</Data></Cell>
    <Cell><Data ss:Type="Number">22.7</Data></Cell>
    <Cell><Data ss:Type="Number">39.700000000000003</Data></Cell>
    <Cell><Data ss:Type="Number">0</Data></Cell>
    <Cell><Data ss:Type="Number">0</Data></Cell>
    <Cell><Data ss:Type="String">2023-12-07 16:15:12.445061</Data></Cell>
   </Row>
   <Row>
    <Cell><Data ss:Type="String">388</Data></Cell>
    <Cell><Data ss:Type="Number">0.27</Data></Cell>
    <Cell><Data ss:Type="Number">-9.93</Data></Cell>
    <Cell><Data ss:Type="Number">0.14000000000000001</Data></Cell>
    <Cell><Data ss:Type="Number">-9.4</Data></Cell>
    <Cell><Data ss:Type="Number">-7.0000000000000007E-2</Data></Cell>
    <Cell><Data ss:Type="Number">-0.94</Data></Cell>
    <Cell><Data ss:Type="Number">22.7</Data></Cell>
    <Cell><Data ss:Type="Number">39.700000000000003</Data></Cell>
    <Cell><Data ss:Type="Number">0</Data></Cell>
    <Cell><Data ss:Type="Number">0</Data></Cell>
    <Cell><Data ss:Type="String">2023-12-07 16:15:12.443391</Data></Cell>
   </Row>
   <Row>
    <Cell><Data ss:Type="String">387</Data></Cell>
    <Cell><Data ss:Type="Number">0.37</Data></Cell>
    <Cell><Data ss:Type="Number">-9.9600000000000009</Data></Cell>
    <Cell><Data ss:Type="Number">0.04</Data></Cell>
    <Cell><Data ss:Type="Number">-9.52</Data></Cell>
    <Cell><Data ss:Type="Number">-0.08</Data></Cell>
    <Cell><Data ss:Type="Number">-0.97</Data></Cell>
    <Cell><Data ss:Type="Number">22.7</Data></Cell>
    <Cell><Data ss:Type="Number">39.700000000000003</Data></Cell>
    <Cell><Data ss:Type="Number">0</Data></Cell>
    <Cell><Data ss:Type="Number">0</Data></Cell>
    <Cell><Data ss:Type="String">2023-12-07 16:15:12.441834</Data></Cell>
   </Row>
   <Row>
    <Cell><Data ss:Type="String">386</Data></Cell>
    <Cell><Data ss:Type="Number">0.3</Data></Cell>
    <Cell><Data ss:Type="Number">-10.17</Data></Cell>
    <Cell><Data ss:Type="Number">-0.01</Data></Cell>
    <Cell><Data ss:Type="Number">-9.5500000000000007</Data></Cell>
    <Cell><Data ss:Type="Number">-0.09</Data></Cell>
    <Cell><Data ss:Type="Number">-0.91</Data></Cell>
    <Cell><Data ss:Type="Number">22.7</Data></Cell>
    <Cell><Data ss:Type="Number">39.700000000000003</Data></Cell>
    <Cell><Data ss:Type="Number">0</Data></Cell>
    <Cell><Data ss:Type="Number">0</Data></Cell>
    <Cell><Data ss:Type="String">2023-12-07 16:15:12.439669</Data></Cell>
   </Row>
   <Row>
    <Cell><Data ss:Type="String">385</Data></Cell>
    <Cell><Data ss:Type="Number">0.26</Data></Cell>
    <Cell><Data ss:Type="Number">-10.199999999999999</Data></Cell>
    <Cell><Data ss:Type="Number">0.25</Data></Cell>
    <Cell><Data ss:Type="Number">-9.52</Data></Cell>
    <Cell><Data ss:Type="Number">-0.06</Data></Cell>
    <Cell><Data ss:Type="Number">-0.87</Data></Cell>
    <Cell><Data ss:Type="Number">22.7</Data></Cell>
    <Cell><Data ss:Type="Number">39.700000000000003</Data></Cell>
    <Cell><Data ss:Type="Number">0</Data></Cell>
    <Cell><Data ss:Type="Number">0</Data></Cell>
    <Cell><Data ss:Type="String">2023-12-07 16:15:12.437212</Data></Cell>
   </Row>
   <Row>
    <Cell><Data ss:Type="String">384</Data></Cell>
    <Cell><Data ss:Type="Number">0.15</Data></Cell>
    <Cell><Data ss:Type="Number">-10.18</Data></Cell>
    <Cell><Data ss:Type="Number">0.12</Data></Cell>
    <Cell><Data ss:Type="Number">-9.49</Data></Cell>
    <Cell><Data ss:Type="Number">-0.06</Data></Cell>
    <Cell><Data ss:Type="Number">-0.98</Data></Cell>
    <Cell><Data ss:Type="Number">22.7</Data></Cell>
    <Cell><Data ss:Type="Number">39.700000000000003</Data></Cell>
    <Cell><Data ss:Type="Number">0</Data></Cell>
    <Cell><Data ss:Type="Number">0</Data></Cell>
    <Cell><Data ss:Type="String">2023-12-07 16:15:12.435145</Data></Cell>
   </Row>
   <Row>
    <Cell><Data ss:Type="String">383</Data></Cell>
    <Cell><Data ss:Type="Number">0.25</Data></Cell>
    <Cell><Data ss:Type="Number">-10.06</Data></Cell>
    <Cell><Data ss:Type="Number">0.23</Data></Cell>
    <Cell><Data ss:Type="Number">-9.39</Data></Cell>
    <Cell><Data ss:Type="Number">-0.04</Data></Cell>
    <Cell><Data ss:Type="Number">-0.92</Data></Cell>
    <Cell><Data ss:Type="Number">22.7</Data></Cell>
    <Cell><Data ss:Type="Number">39.700000000000003</Data></Cell>
    <Cell><Data ss:Type="Number">0</Data></Cell>
    <Cell><Data ss:Type="Number">0</Data></Cell>
    <Cell><Data ss:Type="String">2023-12-07 16:15:12.433438</Data></Cell>
   </Row>
   <Row>
    <Cell><Data ss:Type="String">382</Data></Cell>
    <Cell><Data ss:Type="Number">0.28999999999999998</Data></Cell>
    <Cell><Data ss:Type="Number">-10.050000000000001</Data></Cell>
    <Cell><Data ss:Type="Number">0.04</Data></Cell>
    <Cell><Data ss:Type="Number">-9.52</Data></Cell>
    <Cell><Data ss:Type="Number">-0.06</Data></Cell>
    <Cell><Data ss:Type="Number">-0.99</Data></Cell>
    <Cell><Data ss:Type="Number">22.7</Data></Cell>
    <Cell><Data ss:Type="Number">39.700000000000003</Data></Cell>
    <Cell><Data ss:Type="Number">0</Data></Cell>
    <Cell><Data ss:Type="Number">0</Data></Cell>
    <Cell><Data ss:Type="String">2023-12-07 16:15:12.431750</Data></Cell>
   </Row>
   <Row>
    <Cell><Data ss:Type="String">381</Data></Cell>
    <Cell><Data ss:Type="Number">0.2</Data></Cell>
    <Cell><Data ss:Type="Number">-10.119999999999999</Data></Cell>
    <Cell><Data ss:Type="Number">0.18</Data></Cell>
    <Cell><Data ss:Type="Number">-9.4600000000000009</Data></Cell>
    <Cell><Data ss:Type="Number">-0.04</Data></Cell>
    <Cell><Data ss:Type="Number">-0.97</Data></Cell>
    <Cell><Data ss:Type="Number">22.7</Data></Cell>
    <Cell><Data ss:Type="Number">39.700000000000003</Data></Cell>
    <Cell><Data ss:Type="Number">0</Data></Cell>
    <Cell><Data ss:Type="Number">0</Data></Cell>
    <Cell><Data ss:Type="String">2023-12-07 16:15:12.207680</Data></Cell>
   </Row>
   <Row>
    <Cell><Data ss:Type="String">380</Data></Cell>
    <Cell><Data ss:Type="Number">0.49</Data></Cell>
    <Cell><Data ss:Type="Number">-9.93</Data></Cell>
    <Cell><Data ss:Type="Number">0.27</Data></Cell>
    <Cell><Data ss:Type="Number">-9.4</Data></Cell>
    <Cell><Data ss:Type="Number">-0.13</Data></Cell>
    <Cell><Data ss:Type="Number">-0.88</Data></Cell>
    <Cell><Data ss:Type="Number">22.7</Data></Cell>
    <Cell><Data ss:Type="Number">39.700000000000003</Data></Cell>
    <Cell><Data ss:Type="Number">0</Data></Cell>
    <Cell><Data ss:Type="Number">0</Data></Cell>
    <Cell><Data ss:Type="String">2023-12-07 16:15:12.146423</Data></Cell>
   </Row>
   <Row>
    <Cell><Data ss:Type="String">379</Data></Cell>
    <Cell><Data ss:Type="Number">0.28000000000000003</Data></Cell>
    <Cell><Data ss:Type="Number">-10.14</Data></Cell>
    <Cell><Data ss:Type="Number">0</Data></Cell>
    <Cell><Data ss:Type="Number">-9.56</Data></Cell>
    <Cell><Data ss:Type="Number">-0.18</Data></Cell>
    <Cell><Data ss:Type="Number">-0.98</Data></Cell>
    <Cell><Data ss:Type="Number">22.7</Data></Cell>
    <Cell><Data ss:Type="Number">39.700000000000003</Data></Cell>
    <Cell><Data ss:Type="Number">0</Data></Cell>
    <Cell><Data ss:Type="Number">0</Data></Cell>
    <Cell><Data ss:Type="String">2023-12-07 16:15:12.144832</Data></Cell>
   </Row>
   <Row>
    <Cell><Data ss:Type="String">378</Data></Cell>
    <Cell><Data ss:Type="Number">0.89</Data></Cell>
    <Cell><Data ss:Type="Number">-10.14</Data></Cell>
    <Cell><Data ss:Type="Number">-0.08</Data></Cell>
    <Cell><Data ss:Type="Number">-9.51</Data></Cell>
    <Cell><Data ss:Type="Number">0.17</Data></Cell>
    <Cell><Data ss:Type="Number">-0.88</Data></Cell>
    <Cell><Data ss:Type="Number">22.7</Data></Cell>
    <Cell><Data ss:Type="Number">39.700000000000003</Data></Cell>
    <Cell><Data ss:Type="Number">0</Data></Cell>
    <Cell><Data ss:Type="Number">0</Data></Cell>
    <Cell><Data ss:Type="String">2023-12-07 16:15:12.142191</Data></Cell>
   </Row>
   <Row>
    <Cell><Data ss:Type="String">377</Data></Cell>
    <Cell><Data ss:Type="Number">0.48</Data></Cell>
    <Cell><Data ss:Type="Number">-10.16</Data></Cell>
    <Cell><Data ss:Type="Number">0.61</Data></Cell>
    <Cell><Data ss:Type="Number">-9.52</Data></Cell>
    <Cell><Data ss:Type="Number">-0.12</Data></Cell>
    <Cell><Data ss:Type="Number">-0.9</Data></Cell>
    <Cell><Data ss:Type="Number">22.7</Data></Cell>
    <Cell><Data ss:Type="Number">39.700000000000003</Data></Cell>
    <Cell><Data ss:Type="Number">0</Data></Cell>
    <Cell><Data ss:Type="Number">0</Data></Cell>
    <Cell><Data ss:Type="String">2023-12-07 16:15:12.139591</Data></Cell>
   </Row>
   <Row>
    <Cell><Data ss:Type="String">376</Data></Cell>
    <Cell><Data ss:Type="Number">-1.1599999999999999</Data></Cell>
    <Cell><Data ss:Type="Number">-9.89</Data></Cell>
    <Cell><Data ss:Type="Number">0.42</Data></Cell>
    <Cell><Data ss:Type="Number">-9.42</Data></Cell>
    <Cell><Data ss:Type="Number">-0.56000000000000005</Data></Cell>
    <Cell><Data ss:Type="Number">-0.95</Data></Cell>
    <Cell><Data ss:Type="Number">22.7</Data></Cell>
    <Cell><Data ss:Type="Number">39.700000000000003</Data></Cell>
    <Cell><Data ss:Type="Number">0</Data></Cell>
    <Cell><Data ss:Type="Number">0</Data></Cell>
    <Cell><Data ss:Type="String">2023-12-07 16:15:12.136788</Data></Cell>
   </Row>
   <Row>
    <Cell><Data ss:Type="String">375</Data></Cell>
    <Cell><Data ss:Type="Number">-1.52</Data></Cell>
    <Cell><Data ss:Type="Number">-10.01</Data></Cell>
    <Cell><Data ss:Type="Number">-0.41</Data></Cell>
    <Cell><Data ss:Type="Number">-9.43</Data></Cell>
    <Cell><Data ss:Type="Number">0.3</Data></Cell>
    <Cell><Data ss:Type="Number">-0.86</Data></Cell>
    <Cell><Data ss:Type="Number">22.7</Data></Cell>
    <Cell><Data ss:Type="Number">39.700000000000003</Data></Cell>
    <Cell><Data ss:Type="Number">0</Data></Cell>
    <Cell><Data ss:Type="Number">0</Data></Cell>
    <Cell><Data ss:Type="String">2023-12-07 16:15:12.134798</Data></Cell>
   </Row>
   <Row>
    <Cell><Data ss:Type="String">374</Data></Cell>
    <Cell><Data ss:Type="Number">-0.4</Data></Cell>
    <Cell><Data ss:Type="Number">-10.14</Data></Cell>
    <Cell><Data ss:Type="Number">-0.25</Data></Cell>
    <Cell><Data ss:Type="Number">-9.51</Data></Cell>
    <Cell><Data ss:Type="Number">0.09</Data></Cell>
    <Cell><Data ss:Type="Number">-1.08</Data></Cell>
    <Cell><Data ss:Type="Number">22.7</Data></Cell>
    <Cell><Data ss:Type="Number">39.700000000000003</Data></Cell>
    <Cell><Data ss:Type="Number">0</Data></Cell>
    <Cell><Data ss:Type="Number">0</Data></Cell>
    <Cell><Data ss:Type="String">2023-12-07 16:15:12.133055</Data></Cell>
   </Row>
   <Row>
    <Cell><Data ss:Type="String">373</Data></Cell>
    <Cell><Data ss:Type="Number">0.46</Data></Cell>
    <Cell><Data ss:Type="Number">-9.89</Data></Cell>
    <Cell><Data ss:Type="Number">0.2</Data></Cell>
    <Cell><Data ss:Type="Number">-9.48</Data></Cell>
    <Cell><Data ss:Type="Number">-0.06</Data></Cell>
    <Cell><Data ss:Type="Number">-0.91</Data></Cell>
    <Cell><Data ss:Type="Number">22.7</Data></Cell>
    <Cell><Data ss:Type="Number">39.6</Data></Cell>
    <Cell><Data ss:Type="Number">0</Data></Cell>
    <Cell><Data ss:Type="Number">0</Data></Cell>
    <Cell><Data ss:Type="String">2023-12-07 16:15:11.880371</Data></Cell>
   </Row>
   <Row>
    <Cell><Data ss:Type="String">372</Data></Cell>
    <Cell><Data ss:Type="Number">0.13</Data></Cell>
    <Cell><Data ss:Type="Number">-9.68</Data></Cell>
    <Cell><Data ss:Type="Number">0.32</Data></Cell>
    <Cell><Data ss:Type="Number">-9.3699999999999992</Data></Cell>
    <Cell><Data ss:Type="Number">-0.01</Data></Cell>
    <Cell><Data ss:Type="Number">-0.84</Data></Cell>
    <Cell><Data ss:Type="Number">22.7</Data></Cell>
    <Cell><Data ss:Type="Number">39.6</Data></Cell>
    <Cell><Data ss:Type="Number">0</Data></Cell>
    <Cell><Data ss:Type="Number">0</Data></Cell>
    <Cell><Data ss:Type="String">2023-12-07 16:15:11.802914</Data></Cell>
   </Row>
   <Row>
    <Cell><Data ss:Type="String">371</Data></Cell>
    <Cell><Data ss:Type="Number">0.44</Data></Cell>
    <Cell><Data ss:Type="Number">-9.8699999999999992</Data></Cell>
    <Cell><Data ss:Type="Number">0.31</Data></Cell>
    <Cell><Data ss:Type="Number">-9.3699999999999992</Data></Cell>
    <Cell><Data ss:Type="Number">-0.04</Data></Cell>
    <Cell><Data ss:Type="Number">-0.94</Data></Cell>
    <Cell><Data ss:Type="Number">22.7</Data></Cell>
    <Cell><Data ss:Type="Number">39.6</Data></Cell>
    <Cell><Data ss:Type="Number">0</Data></Cell>
    <Cell><Data ss:Type="Number">0</Data></Cell>
    <Cell><Data ss:Type="String">2023-12-07 16:15:11.756646</Data></Cell>
   </Row>
   <Row>
    <Cell><Data ss:Type="String">370</Data></Cell>
    <Cell><Data ss:Type="Number">-0.1</Data></Cell>
    <Cell><Data ss:Type="Number">-10.68</Data></Cell>
    <Cell><Data ss:Type="Number">0.63</Data></Cell>
    <Cell><Data ss:Type="Number">-9.5500000000000007</Data></Cell>
    <Cell><Data ss:Type="Number">-0.15</Data></Cell>
    <Cell><Data ss:Type="Number">-0.92</Data></Cell>
    <Cell><Data ss:Type="Number">22.7</Data></Cell>
    <Cell><Data ss:Type="Number">39.6</Data></Cell>
    <Cell><Data ss:Type="Number">0</Data></Cell>
    <Cell><Data ss:Type="Number">0</Data></Cell>
    <Cell><Data ss:Type="String">2023-12-07 16:15:11.754356</Data></Cell>
   </Row>
   <Row>
    <Cell><Data ss:Type="String">369</Data></Cell>
    <Cell><Data ss:Type="Number">-0.13</Data></Cell>
    <Cell><Data ss:Type="Number">-9.76</Data></Cell>
    <Cell><Data ss:Type="Number">-0.12</Data></Cell>
    <Cell><Data ss:Type="Number">-9.4700000000000006</Data></Cell>
    <Cell><Data ss:Type="Number">0.04</Data></Cell>
    <Cell><Data ss:Type="Number">-0.82</Data></Cell>
    <Cell><Data ss:Type="Number">22.7</Data></Cell>
    <Cell><Data ss:Type="Number">39.6</Data></Cell>
    <Cell><Data ss:Type="Number">0</Data></Cell>
    <Cell><Data ss:Type="Number">0</Data></Cell>
    <Cell><Data ss:Type="String">2023-12-07 16:15:11.708903</Data></Cell>
   </Row>
   <Row>
    <Cell><Data ss:Type="String">368</Data></Cell>
    <Cell><Data ss:Type="Number">0.09</Data></Cell>
    <Cell><Data ss:Type="Number">-9.58</Data></Cell>
    <Cell><Data ss:Type="Number">-0.1</Data></Cell>
    <Cell><Data ss:Type="Number">-9.32</Data></Cell>
    <Cell><Data ss:Type="Number">-0.12</Data></Cell>
    <Cell><Data ss:Type="Number">-0.96</Data></Cell>
    <Cell><Data ss:Type="Number">22.7</Data></Cell>
    <Cell><Data ss:Type="Number">39.6</Data></Cell>
    <Cell><Data ss:Type="Number">0</Data></Cell>
    <Cell><Data ss:Type="Number">0</Data></Cell>
    <Cell><Data ss:Type="String">2023-12-07 16:15:11.661070</Data></Cell>
   </Row>
   <Row>
    <Cell><Data ss:Type="String">367</Data></Cell>
    <Cell><Data ss:Type="Number">0.4</Data></Cell>
    <Cell><Data ss:Type="Number">-10.119999999999999</Data></Cell>
    <Cell><Data ss:Type="Number">0.33</Data></Cell>
    <Cell><Data ss:Type="Number">-9.5500000000000007</Data></Cell>
    <Cell><Data ss:Type="Number">-0.06</Data></Cell>
    <Cell><Data ss:Type="Number">-0.88</Data></Cell>
    <Cell><Data ss:Type="Number">22.7</Data></Cell>
    <Cell><Data ss:Type="Number">39.6</Data></Cell>
    <Cell><Data ss:Type="Number">0</Data></Cell>
    <Cell><Data ss:Type="Number">0</Data></Cell>
    <Cell><Data ss:Type="String">2023-12-07 16:15:11.618944</Data></Cell>
   </Row>
   <Row>
    <Cell><Data ss:Type="String">366</Data></Cell>
    <Cell><Data ss:Type="Number">0.44</Data></Cell>
    <Cell><Data ss:Type="Number">-9.69</Data></Cell>
    <Cell><Data ss:Type="Number">0.3</Data></Cell>
    <Cell><Data ss:Type="Number">-9.44</Data></Cell>
    <Cell><Data ss:Type="Number">-0.2</Data></Cell>
    <Cell><Data ss:Type="Number">-1</Data></Cell>
    <Cell><Data ss:Type="Number">22.7</Data></Cell>
    <Cell><Data ss:Type="Number">39.6</Data></Cell>
    <Cell><Data ss:Type="Number">0</Data></Cell>
    <Cell><Data ss:Type="Number">0</Data></Cell>
    <Cell><Data ss:Type="String">2023-12-07 16:15:11.617096</Data></Cell>
   </Row>
   <Row>
    <Cell><Data ss:Type="String">365</Data></Cell>
    <Cell><Data ss:Type="Number">0.25</Data></Cell>
    <Cell><Data ss:Type="Number">-9.7100000000000009</Data></Cell>
    <Cell><Data ss:Type="Number">0</Data></Cell>
    <Cell><Data ss:Type="Number">-9.39</Data></Cell>
    <Cell><Data ss:Type="Number">-0.02</Data></Cell>
    <Cell><Data ss:Type="Number">-0.91</Data></Cell>
    <Cell><Data ss:Type="Number">22.7</Data></Cell>
    <Cell><Data ss:Type="Number">39.6</Data></Cell>
    <Cell><Data ss:Type="Number">0</Data></Cell>
    <Cell><Data ss:Type="Number">0</Data></Cell>
    <Cell><Data ss:Type="String">2023-12-07 16:15:11.569171</Data></Cell>
   </Row>
   <Row>
    <Cell><Data ss:Type="String">364</Data></Cell>
    <Cell><Data ss:Type="Number">0.42</Data></Cell>
    <Cell><Data ss:Type="Number">-10.6</Data></Cell>
    <Cell><Data ss:Type="Number">0.26</Data></Cell>
    <Cell><Data ss:Type="Number">-9.5299999999999994</Data></Cell>
    <Cell><Data ss:Type="Number">-0.1</Data></Cell>
    <Cell><Data ss:Type="Number">-0.88</Data></Cell>
    <Cell><Data ss:Type="Number">22.7</Data></Cell>
    <Cell><Data ss:Type="Number">39.6</Data></Cell>
    <Cell><Data ss:Type="Number">0</Data></Cell>
    <Cell><Data ss:Type="Number">0</Data></Cell>
    <Cell><Data ss:Type="String">2023-12-07 16:15:11.523504</Data></Cell>
   </Row>
   <Row>
    <Cell><Data ss:Type="String">363</Data></Cell>
    <Cell><Data ss:Type="Number">0.09</Data></Cell>
    <Cell><Data ss:Type="Number">-9.4</Data></Cell>
    <Cell><Data ss:Type="Number">0.05</Data></Cell>
    <Cell><Data ss:Type="Number">-9.39</Data></Cell>
    <Cell><Data ss:Type="Number">-0.06</Data></Cell>
    <Cell><Data ss:Type="Number">-0.94</Data></Cell>
    <Cell><Data ss:Type="Number">22.7</Data></Cell>
    <Cell><Data ss:Type="Number">39.6</Data></Cell>
    <Cell><Data ss:Type="Number">0</Data></Cell>
    <Cell><Data ss:Type="Number">0</Data></Cell>
    <Cell><Data ss:Type="String">2023-12-07 16:15:11.478209</Data></Cell>
   </Row>
   <Row>
    <Cell><Data ss:Type="String">362</Data></Cell>
    <Cell><Data ss:Type="Number">0.37</Data></Cell>
    <Cell><Data ss:Type="Number">-9.99</Data></Cell>
    <Cell><Data ss:Type="Number">-0.2</Data></Cell>
    <Cell><Data ss:Type="Number">-9.3699999999999992</Data></Cell>
    <Cell><Data ss:Type="Number">-0.11</Data></Cell>
    <Cell><Data ss:Type="Number">-0.95</Data></Cell>
    <Cell><Data ss:Type="Number">22.7</Data></Cell>
    <Cell><Data ss:Type="Number">39.6</Data></Cell>
    <Cell><Data ss:Type="Number">0</Data></Cell>
    <Cell><Data ss:Type="Number">0</Data></Cell>
    <Cell><Data ss:Type="String">2023-12-07 16:15:11.476442</Data></Cell>
   </Row>
   <Row>
    <Cell><Data ss:Type="String">361</Data></Cell>
    <Cell><Data ss:Type="Number">0.52</Data></Cell>
    <Cell><Data ss:Type="Number">-10.25</Data></Cell>
    <Cell><Data ss:Type="Number">0.26</Data></Cell>
    <Cell><Data ss:Type="Number">-9.76</Data></Cell>
    <Cell><Data ss:Type="Number">-0.05</Data></Cell>
    <Cell><Data ss:Type="Number">-0.88</Data></Cell>
    <Cell><Data ss:Type="Number">22.7</Data></Cell>
    <Cell><Data ss:Type="Number">39.6</Data></Cell>
    <Cell><Data ss:Type="Number">0</Data></Cell>
    <Cell><Data ss:Type="Number">0</Data></Cell>
    <Cell><Data ss:Type="String">2023-12-07 16:15:11.430631</Data></Cell>
   </Row>
   <Row>
    <Cell><Data ss:Type="String">360</Data></Cell>
    <Cell><Data ss:Type="Number">0.09</Data></Cell>
    <Cell><Data ss:Type="Number">-10.8</Data></Cell>
    <Cell><Data ss:Type="Number">0.42</Data></Cell>
    <Cell><Data ss:Type="Number">-9.68</Data></Cell>
    <Cell><Data ss:Type="Number">-0.06</Data></Cell>
    <Cell><Data ss:Type="Number">-0.9</Data></Cell>
    <Cell><Data ss:Type="Number">22.7</Data></Cell>
    <Cell><Data ss:Type="Number">39.6</Data></Cell>
    <Cell><Data ss:Type="Number">0</Data></Cell>
    <Cell><Data ss:Type="Number">0</Data></Cell>
    <Cell><Data ss:Type="String">2023-12-07 16:15:11.386660</Data></Cell>
   </Row>
   <Row>
    <Cell><Data ss:Type="String">359</Data></Cell>
    <Cell><Data ss:Type="Number">0.59</Data></Cell>
    <Cell><Data ss:Type="Number">-10</Data></Cell>
    <Cell><Data ss:Type="Number">0.46</Data></Cell>
    <Cell><Data ss:Type="Number">-9.52</Data></Cell>
    <Cell><Data ss:Type="Number">-0.08</Data></Cell>
    <Cell><Data ss:Type="Number">-0.86</Data></Cell>
    <Cell><Data ss:Type="Number">22.7</Data></Cell>
    <Cell><Data ss:Type="Number">39.6</Data></Cell>
    <Cell><Data ss:Type="Number">0</Data></Cell>
    <Cell><Data ss:Type="Number">0</Data></Cell>
    <Cell><Data ss:Type="String">2023-12-07 16:15:11.384882</Data></Cell>
   </Row>
   <Row>
    <Cell><Data ss:Type="String">358</Data></Cell>
    <Cell><Data ss:Type="Number">0.57999999999999996</Data></Cell>
    <Cell><Data ss:Type="Number">-9.98</Data></Cell>
    <Cell><Data ss:Type="Number">0.36</Data></Cell>
    <Cell><Data ss:Type="Number">-9.41</Data></Cell>
    <Cell><Data ss:Type="Number">0.04</Data></Cell>
    <Cell><Data ss:Type="Number">-1.02</Data></Cell>
    <Cell><Data ss:Type="Number">22.7</Data></Cell>
    <Cell><Data ss:Type="Number">39.6</Data></Cell>
    <Cell><Data ss:Type="Number">0</Data></Cell>
    <Cell><Data ss:Type="Number">0</Data></Cell>
    <Cell><Data ss:Type="String">2023-12-07 16:15:11.342201</Data></Cell>
   </Row>
   <Row>
    <Cell><Data ss:Type="String">357</Data></Cell>
    <Cell><Data ss:Type="Number">0.31</Data></Cell>
    <Cell><Data ss:Type="Number">-10.130000000000001</Data></Cell>
    <Cell><Data ss:Type="Number">0.06</Data></Cell>
    <Cell><Data ss:Type="Number">-9.42</Data></Cell>
    <Cell><Data ss:Type="Number">-0.08</Data></Cell>
    <Cell><Data ss:Type="Number">-0.88</Data></Cell>
    <Cell><Data ss:Type="Number">22.7</Data></Cell>
    <Cell><Data ss:Type="Number">39.6</Data></Cell>
    <Cell><Data ss:Type="Number">0</Data></Cell>
    <Cell><Data ss:Type="Number">0</Data></Cell>
    <Cell><Data ss:Type="String">2023-12-07 16:15:11.299130</Data></Cell>
   </Row>
   <Row>
    <Cell><Data ss:Type="String">356</Data></Cell>
    <Cell><Data ss:Type="Number">0.91</Data></Cell>
    <Cell><Data ss:Type="Number">-9.59</Data></Cell>
    <Cell><Data ss:Type="Number">0.36</Data></Cell>
    <Cell><Data ss:Type="Number">-9.4499999999999993</Data></Cell>
    <Cell><Data ss:Type="Number">-0.35</Data></Cell>
    <Cell><Data ss:Type="Number">-1.04</Data></Cell>
    <Cell><Data ss:Type="Number">22.7</Data></Cell>
    <Cell><Data ss:Type="Number">39.6</Data></Cell>
    <Cell><Data ss:Type="Number">0</Data></Cell>
    <Cell><Data ss:Type="Number">0</Data></Cell>
    <Cell><Data ss:Type="String">2023-12-07 16:15:11.297475</Data></Cell>
   </Row>
   <Row>
    <Cell><Data ss:Type="String">355</Data></Cell>
    <Cell><Data ss:Type="Number">0.09</Data></Cell>
    <Cell><Data ss:Type="Number">-9.69</Data></Cell>
    <Cell><Data ss:Type="Number">0.04</Data></Cell>
    <Cell><Data ss:Type="Number">-9.43</Data></Cell>
    <Cell><Data ss:Type="Number">0.04</Data></Cell>
    <Cell><Data ss:Type="Number">-1</Data></Cell>
    <Cell><Data ss:Type="Number">22.7</Data></Cell>
    <Cell><Data ss:Type="Number">39.6</Data></Cell>
    <Cell><Data ss:Type="Number">0</Data></Cell>
    <Cell><Data ss:Type="Number">0</Data></Cell>
    <Cell><Data ss:Type="String">2023-12-07 16:15:11.295917</Data></Cell>
   </Row>
   <Row>
    <Cell><Data ss:Type="String">354</Data></Cell>
    <Cell><Data ss:Type="Number">0.21</Data></Cell>
    <Cell><Data ss:Type="Number">-10.66</Data></Cell>
    <Cell><Data ss:Type="Number">0.16</Data></Cell>
    <Cell><Data ss:Type="Number">-9.74</Data></Cell>
    <Cell><Data ss:Type="Number">-0.12</Data></Cell>
    <Cell><Data ss:Type="Number">-0.93</Data></Cell>
    <Cell><Data ss:Type="Number">22.7</Data></Cell>
    <Cell><Data ss:Type="Number">39.6</Data></Cell>
    <Cell><Data ss:Type="Number">0</Data></Cell>
    <Cell><Data ss:Type="Number">0</Data></Cell>
    <Cell><Data ss:Type="String">2023-12-07 16:15:11.294386</Data></Cell>
   </Row>
   <Row>
    <Cell><Data ss:Type="String">353</Data></Cell>
    <Cell><Data ss:Type="Number">0.28999999999999998</Data></Cell>
    <Cell><Data ss:Type="Number">-10.18</Data></Cell>
    <Cell><Data ss:Type="Number">0.1</Data></Cell>
    <Cell><Data ss:Type="Number">-9.44</Data></Cell>
    <Cell><Data ss:Type="Number">-0.05</Data></Cell>
    <Cell><Data ss:Type="Number">-0.92</Data></Cell>
    <Cell><Data ss:Type="Number">22.7</Data></Cell>
    <Cell><Data ss:Type="Number">39.6</Data></Cell>
    <Cell><Data ss:Type="Number">0</Data></Cell>
    <Cell><Data ss:Type="Number">0</Data></Cell>
    <Cell><Data ss:Type="String">2023-12-07 16:15:11.292568</Data></Cell>
   </Row>
   <Row>
    <Cell><Data ss:Type="String">352</Data></Cell>
    <Cell><Data ss:Type="Number">0.18</Data></Cell>
    <Cell><Data ss:Type="Number">-9.94</Data></Cell>
    <Cell><Data ss:Type="Number">0.36</Data></Cell>
    <Cell><Data ss:Type="Number">-9.35</Data></Cell>
    <Cell><Data ss:Type="Number">-0.09</Data></Cell>
    <Cell><Data ss:Type="Number">-0.97</Data></Cell>
    <Cell><Data ss:Type="Number">22.7</Data></Cell>
    <Cell><Data ss:Type="Number">39.6</Data></Cell>
    <Cell><Data ss:Type="Number">0</Data></Cell>
    <Cell><Data ss:Type="Number">0</Data></Cell>
    <Cell><Data ss:Type="String">2023-12-07 16:15:11.125048</Data></Cell>
   </Row>
   <Row>
    <Cell><Data ss:Type="String">351</Data></Cell>
    <Cell><Data ss:Type="Number">0.64</Data></Cell>
    <Cell><Data ss:Type="Number">-10.039999999999999</Data></Cell>
    <Cell><Data ss:Type="Number">0.28999999999999998</Data></Cell>
    <Cell><Data ss:Type="Number">-9.48</Data></Cell>
    <Cell><Data ss:Type="Number">-0.08</Data></Cell>
    <Cell><Data ss:Type="Number">-0.9</Data></Cell>
    <Cell><Data ss:Type="Number">22.7</Data></Cell>
    <Cell><Data ss:Type="Number">39.6</Data></Cell>
    <Cell><Data ss:Type="Number">0</Data></Cell>
    <Cell><Data ss:Type="Number">0</Data></Cell>
    <Cell><Data ss:Type="String">2023-12-07 16:15:11.079583</Data></Cell>
   </Row>
   <Row>
    <Cell><Data ss:Type="String">350</Data></Cell>
    <Cell><Data ss:Type="Number">0.69</Data></Cell>
    <Cell><Data ss:Type="Number">-10.37</Data></Cell>
    <Cell><Data ss:Type="Number">0.08</Data></Cell>
    <Cell><Data ss:Type="Number">-9.6199999999999992</Data></Cell>
    <Cell><Data ss:Type="Number">-0.1</Data></Cell>
    <Cell><Data ss:Type="Number">-0.94</Data></Cell>
    <Cell><Data ss:Type="Number">22.7</Data></Cell>
    <Cell><Data ss:Type="Number">39.6</Data></Cell>
    <Cell><Data ss:Type="Number">0</Data></Cell>
    <Cell><Data ss:Type="Number">0</Data></Cell>
    <Cell><Data ss:Type="String">2023-12-07 16:15:11.077839</Data></Cell>
   </Row>
   <Row>
    <Cell><Data ss:Type="String">349</Data></Cell>
    <Cell><Data ss:Type="Number">0.16</Data></Cell>
    <Cell><Data ss:Type="Number">-10.4</Data></Cell>
    <Cell><Data ss:Type="Number">0.11</Data></Cell>
    <Cell><Data ss:Type="Number">-9.5500000000000007</Data></Cell>
    <Cell><Data ss:Type="Number">-0.06</Data></Cell>
    <Cell><Data ss:Type="Number">-0.88</Data></Cell>
    <Cell><Data ss:Type="Number">22.7</Data></Cell>
    <Cell><Data ss:Type="Number">39.6</Data></Cell>
    <Cell><Data ss:Type="Number">0</Data></Cell>
    <Cell><Data ss:Type="Number">0</Data></Cell>
    <Cell><Data ss:Type="String">2023-12-07 16:15:11.035364</Data></Cell>
   </Row>
   <Row>
    <Cell><Data ss:Type="String">348</Data></Cell>
    <Cell><Data ss:Type="Number">0.51</Data></Cell>
    <Cell><Data ss:Type="Number">-9.8800000000000008</Data></Cell>
    <Cell><Data ss:Type="Number">0.34</Data></Cell>
    <Cell><Data ss:Type="Number">-9.42</Data></Cell>
    <Cell><Data ss:Type="Number">-0.08</Data></Cell>
    <Cell><Data ss:Type="Number">-0.94</Data></Cell>
    <Cell><Data ss:Type="Number">22.7</Data></Cell>
    <Cell><Data ss:Type="Number">39.6</Data></Cell>
    <Cell><Data ss:Type="Number">0</Data></Cell>
    <Cell><Data ss:Type="Number">0</Data></Cell>
    <Cell><Data ss:Type="String">2023-12-07 16:15:10.989973</Data></Cell>
   </Row>
   <Row>
    <Cell><Data ss:Type="String">347</Data></Cell>
    <Cell><Data ss:Type="Number">0.08</Data></Cell>
    <Cell><Data ss:Type="Number">-9.8800000000000008</Data></Cell>
    <Cell><Data ss:Type="Number">0.04</Data></Cell>
    <Cell><Data ss:Type="Number">-9.36</Data></Cell>
    <Cell><Data ss:Type="Number">-0.06</Data></Cell>
    <Cell><Data ss:Type="Number">-0.96</Data></Cell>
    <Cell><Data ss:Type="Number">22.7</Data></Cell>
    <Cell><Data ss:Type="Number">39.6</Data></Cell>
    <Cell><Data ss:Type="Number">0</Data></Cell>
    <Cell><Data ss:Type="Number">0</Data></Cell>
    <Cell><Data ss:Type="String">2023-12-07 16:15:10.987220</Data></Cell>
   </Row>
   <Row>
    <Cell><Data ss:Type="String">346</Data></Cell>
    <Cell><Data ss:Type="Number">0.54</Data></Cell>
    <Cell><Data ss:Type="Number">-10.19</Data></Cell>
    <Cell><Data ss:Type="Number">0.33</Data></Cell>
    <Cell><Data ss:Type="Number">-9.59</Data></Cell>
    <Cell><Data ss:Type="Number">0</Data></Cell>
    <Cell><Data ss:Type="Number">-0.82</Data></Cell>
    <Cell><Data ss:Type="Number">22.7</Data></Cell>
    <Cell><Data ss:Type="Number">39.6</Data></Cell>
    <Cell><Data ss:Type="Number">0</Data></Cell>
    <Cell><Data ss:Type="Number">0</Data></Cell>
    <Cell><Data ss:Type="String">2023-12-07 16:15:10.985270</Data></Cell>
   </Row>
   <Row>
    <Cell><Data ss:Type="String">345</Data></Cell>
    <Cell><Data ss:Type="Number">0.27</Data></Cell>
    <Cell><Data ss:Type="Number">-10.039999999999999</Data></Cell>
    <Cell><Data ss:Type="Number">0.39</Data></Cell>
    <Cell><Data ss:Type="Number">-9.61</Data></Cell>
    <Cell><Data ss:Type="Number">-0.08</Data></Cell>
    <Cell><Data ss:Type="Number">-0.92</Data></Cell>
    <Cell><Data ss:Type="Number">22.7</Data></Cell>
    <Cell><Data ss:Type="Number">39.6</Data></Cell>
    <Cell><Data ss:Type="Number">0</Data></Cell>
    <Cell><Data ss:Type="Number">0</Data></Cell>
    <Cell><Data ss:Type="String">2023-12-07 16:15:10.883880</Data></Cell>
   </Row>
   <Row>
    <Cell><Data ss:Type="String">344</Data></Cell>
    <Cell><Data ss:Type="Number">1</Data></Cell>
    <Cell><Data ss:Type="Number">-10.24</Data></Cell>
    <Cell><Data ss:Type="Number">0.32</Data></Cell>
    <Cell><Data ss:Type="Number">-9.4600000000000009</Data></Cell>
    <Cell><Data ss:Type="Number">-0.18</Data></Cell>
    <Cell><Data ss:Type="Number">-0.88</Data></Cell>
    <Cell><Data ss:Type="Number">22.7</Data></Cell>
    <Cell><Data ss:Type="Number">39.6</Data></Cell>
    <Cell><Data ss:Type="Number">0</Data></Cell>
    <Cell><Data ss:Type="Number">0</Data></Cell>
    <Cell><Data ss:Type="String">2023-12-07 16:15:10.882065</Data></Cell>
   </Row>
   <Row>
    <Cell><Data ss:Type="String">343</Data></Cell>
    <Cell><Data ss:Type="Number">0.45</Data></Cell>
    <Cell><Data ss:Type="Number">-9.85</Data></Cell>
    <Cell><Data ss:Type="Number">-0.03</Data></Cell>
    <Cell><Data ss:Type="Number">-9.27</Data></Cell>
    <Cell><Data ss:Type="Number">-0.13</Data></Cell>
    <Cell><Data ss:Type="Number">-0.98</Data></Cell>
    <Cell><Data ss:Type="Number">22.7</Data></Cell>
    <Cell><Data ss:Type="Number">39.6</Data></Cell>
    <Cell><Data ss:Type="Number">0</Data></Cell>
    <Cell><Data ss:Type="Number">0</Data></Cell>
    <Cell><Data ss:Type="String">2023-12-07 16:15:10.834297</Data></Cell>
   </Row>
   <Row>
    <Cell><Data ss:Type="String">342</Data></Cell>
    <Cell><Data ss:Type="Number">0.49</Data></Cell>
    <Cell><Data ss:Type="Number">-10.18</Data></Cell>
    <Cell><Data ss:Type="Number">0.11</Data></Cell>
    <Cell><Data ss:Type="Number">-9.56</Data></Cell>
    <Cell><Data ss:Type="Number">0.23</Data></Cell>
    <Cell><Data ss:Type="Number">-0.91</Data></Cell>
    <Cell><Data ss:Type="Number">22.7</Data></Cell>
    <Cell><Data ss:Type="Number">39.6</Data></Cell>
    <Cell><Data ss:Type="Number">0</Data></Cell>
    <Cell><Data ss:Type="Number">0</Data></Cell>
    <Cell><Data ss:Type="String">2023-12-07 16:15:10.791684</Data></Cell>
   </Row>
   <Row>
    <Cell><Data ss:Type="String">341</Data></Cell>
    <Cell><Data ss:Type="Number">1.81</Data></Cell>
    <Cell><Data ss:Type="Number">-10.17</Data></Cell>
    <Cell><Data ss:Type="Number">0.3</Data></Cell>
    <Cell><Data ss:Type="Number">-9.5</Data></Cell>
    <Cell><Data ss:Type="Number">-0.27</Data></Cell>
    <Cell><Data ss:Type="Number">-0.82</Data></Cell>
    <Cell><Data ss:Type="Number">22.7</Data></Cell>
    <Cell><Data ss:Type="Number">39.6</Data></Cell>
    <Cell><Data ss:Type="Number">0</Data></Cell>
    <Cell><Data ss:Type="Number">0</Data></Cell>
    <Cell><Data ss:Type="String">2023-12-07 16:15:10.789241</Data></Cell>
   </Row>
   <Row>
    <Cell><Data ss:Type="String">340</Data></Cell>
    <Cell><Data ss:Type="Number">0.89</Data></Cell>
    <Cell><Data ss:Type="Number">-10.029999999999999</Data></Cell>
    <Cell><Data ss:Type="Number">0.44</Data></Cell>
    <Cell><Data ss:Type="Number">-9.43</Data></Cell>
    <Cell><Data ss:Type="Number">-0.68</Data></Cell>
    <Cell><Data ss:Type="Number">-0.91</Data></Cell>
    <Cell><Data ss:Type="Number">22.7</Data></Cell>
    <Cell><Data ss:Type="Number">39.6</Data></Cell>
    <Cell><Data ss:Type="Number">0</Data></Cell>
    <Cell><Data ss:Type="Number">0</Data></Cell>
    <Cell><Data ss:Type="String">2023-12-07 16:15:10.743211</Data></Cell>
   </Row>
   <Row>
    <Cell><Data ss:Type="String">339</Data></Cell>
    <Cell><Data ss:Type="Number">0.14000000000000001</Data></Cell>
    <Cell><Data ss:Type="Number">-10.24</Data></Cell>
    <Cell><Data ss:Type="Number">0.56999999999999995</Data></Cell>
    <Cell><Data ss:Type="Number">-9.5</Data></Cell>
    <Cell><Data ss:Type="Number">-0.39</Data></Cell>
    <Cell><Data ss:Type="Number">-0.63</Data></Cell>
    <Cell><Data ss:Type="Number">22.7</Data></Cell>
    <Cell><Data ss:Type="Number">39.6</Data></Cell>
    <Cell><Data ss:Type="Number">0</Data></Cell>
    <Cell><Data ss:Type="Number">0</Data></Cell>
    <Cell><Data ss:Type="String">2023-12-07 16:15:10.697327</Data></Cell>
   </Row>
   <Row>
    <Cell><Data ss:Type="String">338</Data></Cell>
    <Cell><Data ss:Type="Number">5.23</Data></Cell>
    <Cell><Data ss:Type="Number">-10.81</Data></Cell>
    <Cell><Data ss:Type="Number">-1.5</Data></Cell>
    <Cell><Data ss:Type="Number">-9.68</Data></Cell>
    <Cell><Data ss:Type="Number">1.39</Data></Cell>
    <Cell><Data ss:Type="Number">-1.22</Data></Cell>
    <Cell><Data ss:Type="Number">22.7</Data></Cell>
    <Cell><Data ss:Type="Number">39.6</Data></Cell>
    <Cell><Data ss:Type="Number">0</Data></Cell>
    <Cell><Data ss:Type="Number">0</Data></Cell>
    <Cell><Data ss:Type="String">2023-12-07 16:15:10.653224</Data></Cell>
   </Row>
   <Row>
    <Cell><Data ss:Type="String">337</Data></Cell>
    <Cell><Data ss:Type="Number">2.33</Data></Cell>
    <Cell><Data ss:Type="Number">-10.09</Data></Cell>
    <Cell><Data ss:Type="Number">1.83</Data></Cell>
    <Cell><Data ss:Type="Number">-7.71</Data></Cell>
    <Cell><Data ss:Type="Number">0.08</Data></Cell>
    <Cell><Data ss:Type="Number">-0.37</Data></Cell>
    <Cell><Data ss:Type="Number">22.7</Data></Cell>
    <Cell><Data ss:Type="Number">39.6</Data></Cell>
    <Cell><Data ss:Type="Number">0</Data></Cell>
    <Cell><Data ss:Type="Number">0</Data></Cell>
    <Cell><Data ss:Type="String">2023-12-07 16:15:10.651402</Data></Cell>
   </Row>
   <Row>
    <Cell><Data ss:Type="String">336</Data></Cell>
    <Cell><Data ss:Type="Number">0.28999999999999998</Data></Cell>
    <Cell><Data ss:Type="Number">-10.1</Data></Cell>
    <Cell><Data ss:Type="Number">0.14000000000000001</Data></Cell>
    <Cell><Data ss:Type="Number">-9.5500000000000007</Data></Cell>
    <Cell><Data ss:Type="Number">-0.08</Data></Cell>
    <Cell><Data ss:Type="Number">-0.89</Data></Cell>
    <Cell><Data ss:Type="Number">22.7</Data></Cell>
    <Cell><Data ss:Type="Number">39.6</Data></Cell>
    <Cell><Data ss:Type="Number">0</Data></Cell>
    <Cell><Data ss:Type="Number">0</Data></Cell>
    <Cell><Data ss:Type="String">2023-12-07 16:15:10.605818</Data></Cell>
   </Row>
   <Row>
    <Cell><Data ss:Type="String">335</Data></Cell>
    <Cell><Data ss:Type="Number">0.28000000000000003</Data></Cell>
    <Cell><Data ss:Type="Number">-10.220000000000001</Data></Cell>
    <Cell><Data ss:Type="Number">0.15</Data></Cell>
    <Cell><Data ss:Type="Number">-9.5399999999999991</Data></Cell>
    <Cell><Data ss:Type="Number">-0.08</Data></Cell>
    <Cell><Data ss:Type="Number">-0.91</Data></Cell>
    <Cell><Data ss:Type="Number">22.7</Data></Cell>
    <Cell><Data ss:Type="Number">39.6</Data></Cell>
    <Cell><Data ss:Type="Number">0</Data></Cell>
    <Cell><Data ss:Type="Number">0</Data></Cell>
    <Cell><Data ss:Type="String">2023-12-07 16:15:10.559171</Data></Cell>
   </Row>
   <Row>
    <Cell><Data ss:Type="String">334</Data></Cell>
    <Cell><Data ss:Type="Number">0.32</Data></Cell>
    <Cell><Data ss:Type="Number">-10.25</Data></Cell>
    <Cell><Data ss:Type="Number">0.14000000000000001</Data></Cell>
    <Cell><Data ss:Type="Number">-9.48</Data></Cell>
    <Cell><Data ss:Type="Number">-7.0000000000000007E-2</Data></Cell>
    <Cell><Data ss:Type="Number">-0.88</Data></Cell>
    <Cell><Data ss:Type="Number">22.7</Data></Cell>
    <Cell><Data ss:Type="Number">39.6</Data></Cell>
    <Cell><Data ss:Type="Number">0</Data></Cell>
    <Cell><Data ss:Type="Number">0</Data></Cell>
    <Cell><Data ss:Type="String">2023-12-07 16:15:10.513760</Data></Cell>
   </Row>
   <Row>
    <Cell><Data ss:Type="String">333</Data></Cell>
    <Cell><Data ss:Type="Number">0.28999999999999998</Data></Cell>
    <Cell><Data ss:Type="Number">-10.029999999999999</Data></Cell>
    <Cell><Data ss:Type="Number">0.14000000000000001</Data></Cell>
    <Cell><Data ss:Type="Number">-9.4499999999999993</Data></Cell>
    <Cell><Data ss:Type="Number">-7.0000000000000007E-2</Data></Cell>
    <Cell><Data ss:Type="Number">-0.92</Data></Cell>
    <Cell><Data ss:Type="Number">22.7</Data></Cell>
    <Cell><Data ss:Type="Number">39.6</Data></Cell>
    <Cell><Data ss:Type="Number">0</Data></Cell>
    <Cell><Data ss:Type="Number">0</Data></Cell>
    <Cell><Data ss:Type="String">2023-12-07 16:15:10.512221</Data></Cell>
   </Row>
   <Row>
    <Cell><Data ss:Type="String">332</Data></Cell>
    <Cell><Data ss:Type="Number">0.28999999999999998</Data></Cell>
    <Cell><Data ss:Type="Number">-9.94</Data></Cell>
    <Cell><Data ss:Type="Number">0.1</Data></Cell>
    <Cell><Data ss:Type="Number">-9.4</Data></Cell>
    <Cell><Data ss:Type="Number">-0.09</Data></Cell>
    <Cell><Data ss:Type="Number">-0.91</Data></Cell>
    <Cell><Data ss:Type="Number">22.7</Data></Cell>
    <Cell><Data ss:Type="Number">39.6</Data></Cell>
    <Cell><Data ss:Type="Number">0</Data></Cell>
    <Cell><Data ss:Type="Number">0</Data></Cell>
    <Cell><Data ss:Type="String">2023-12-07 16:15:10.469424</Data></Cell>
   </Row>
   <Row>
    <Cell><Data ss:Type="String">331</Data></Cell>
    <Cell><Data ss:Type="Number">0.28999999999999998</Data></Cell>
    <Cell><Data ss:Type="Number">-10.11</Data></Cell>
    <Cell><Data ss:Type="Number">0.18</Data></Cell>
    <Cell><Data ss:Type="Number">-9.51</Data></Cell>
    <Cell><Data ss:Type="Number">-0.09</Data></Cell>
    <Cell><Data ss:Type="Number">-0.91</Data></Cell>
    <Cell><Data ss:Type="Number">22.7</Data></Cell>
    <Cell><Data ss:Type="Number">39.6</Data></Cell>
    <Cell><Data ss:Type="Number">0</Data></Cell>
    <Cell><Data ss:Type="Number">0</Data></Cell>
    <Cell><Data ss:Type="String">2023-12-07 16:15:10.422580</Data></Cell>
   </Row>
   <Row>
    <Cell><Data ss:Type="String">330</Data></Cell>
    <Cell><Data ss:Type="Number">0.28000000000000003</Data></Cell>
    <Cell><Data ss:Type="Number">-10.210000000000001</Data></Cell>
    <Cell><Data ss:Type="Number">0.17</Data></Cell>
    <Cell><Data ss:Type="Number">-9.52</Data></Cell>
    <Cell><Data ss:Type="Number">-7.0000000000000007E-2</Data></Cell>
    <Cell><Data ss:Type="Number">-0.91</Data></Cell>
    <Cell><Data ss:Type="Number">22.7</Data></Cell>
    <Cell><Data ss:Type="Number">39.6</Data></Cell>
    <Cell><Data ss:Type="Number">0</Data></Cell>
    <Cell><Data ss:Type="Number">0</Data></Cell>
    <Cell><Data ss:Type="String">2023-12-07 16:15:10.377951</Data></Cell>
   </Row>
   <Row>
    <Cell><Data ss:Type="String">329</Data></Cell>
    <Cell><Data ss:Type="Number">0.28999999999999998</Data></Cell>
    <Cell><Data ss:Type="Number">-10.029999999999999</Data></Cell>
    <Cell><Data ss:Type="Number">0.2</Data></Cell>
    <Cell><Data ss:Type="Number">-9.4600000000000009</Data></Cell>
    <Cell><Data ss:Type="Number">-7.0000000000000007E-2</Data></Cell>
    <Cell><Data ss:Type="Number">-0.89</Data></Cell>
    <Cell><Data ss:Type="Number">22.7</Data></Cell>
    <Cell><Data ss:Type="Number">39.6</Data></Cell>
    <Cell><Data ss:Type="Number">0</Data></Cell>
    <Cell><Data ss:Type="Number">0</Data></Cell>
    <Cell><Data ss:Type="String">2023-12-07 16:15:10.374885</Data></Cell>
   </Row>
   <Row>
    <Cell><Data ss:Type="String">328</Data></Cell>
    <Cell><Data ss:Type="Number">0.27</Data></Cell>
    <Cell><Data ss:Type="Number">-9.94</Data></Cell>
    <Cell><Data ss:Type="Number">0.09</Data></Cell>
    <Cell><Data ss:Type="Number">-9.42</Data></Cell>
    <Cell><Data ss:Type="Number">-0.06</Data></Cell>
    <Cell><Data ss:Type="Number">-0.92</Data></Cell>
    <Cell><Data ss:Type="Number">22.7</Data></Cell>
    <Cell><Data ss:Type="Number">39.6</Data></Cell>
    <Cell><Data ss:Type="Number">0</Data></Cell>
    <Cell><Data ss:Type="Number">0</Data></Cell>
    <Cell><Data ss:Type="String">2023-12-07 16:15:10.328479</Data></Cell>
   </Row>
   <Row>
    <Cell><Data ss:Type="String">327</Data></Cell>
    <Cell><Data ss:Type="Number">0.32</Data></Cell>
    <Cell><Data ss:Type="Number">-9.84</Data></Cell>
    <Cell><Data ss:Type="Number">0.09</Data></Cell>
    <Cell><Data ss:Type="Number">-9.4700000000000006</Data></Cell>
    <Cell><Data ss:Type="Number">-0.09</Data></Cell>
    <Cell><Data ss:Type="Number">-0.91</Data></Cell>
    <Cell><Data ss:Type="Number">22.7</Data></Cell>
    <Cell><Data ss:Type="Number">39.6</Data></Cell>
    <Cell><Data ss:Type="Number">0</Data></Cell>
    <Cell><Data ss:Type="Number">0</Data></Cell>
    <Cell><Data ss:Type="String">2023-12-07 16:15:10.284048</Data></Cell>
   </Row>
   <Row>
    <Cell><Data ss:Type="String">326</Data></Cell>
    <Cell><Data ss:Type="Number">0.23</Data></Cell>
    <Cell><Data ss:Type="Number">-10.050000000000001</Data></Cell>
    <Cell><Data ss:Type="Number">0.18</Data></Cell>
    <Cell><Data ss:Type="Number">-9.48</Data></Cell>
    <Cell><Data ss:Type="Number">-0.09</Data></Cell>
    <Cell><Data ss:Type="Number">-0.93</Data></Cell>
    <Cell><Data ss:Type="Number">22.7</Data></Cell>
    <Cell><Data ss:Type="Number">39.6</Data></Cell>
    <Cell><Data ss:Type="Number">0</Data></Cell>
    <Cell><Data ss:Type="Number">0</Data></Cell>
    <Cell><Data ss:Type="String">2023-12-07 16:15:10.282406</Data></Cell>
   </Row>
   <Row>
    <Cell><Data ss:Type="String">325</Data></Cell>
    <Cell><Data ss:Type="Number">0.22</Data></Cell>
    <Cell><Data ss:Type="Number">-10.29</Data></Cell>
    <Cell><Data ss:Type="Number">0.38</Data></Cell>
    <Cell><Data ss:Type="Number">-9.5</Data></Cell>
    <Cell><Data ss:Type="Number">-0.06</Data></Cell>
    <Cell><Data ss:Type="Number">-0.92</Data></Cell>
    <Cell><Data ss:Type="Number">22.7</Data></Cell>
    <Cell><Data ss:Type="Number">39.6</Data></Cell>
    <Cell><Data ss:Type="Number">0</Data></Cell>
    <Cell><Data ss:Type="Number">0</Data></Cell>
    <Cell><Data ss:Type="String">2023-12-07 16:15:10.236854</Data></Cell>
   </Row>
   <Row>
    <Cell><Data ss:Type="String">324</Data></Cell>
    <Cell><Data ss:Type="Number">0.27</Data></Cell>
    <Cell><Data ss:Type="Number">-9.9700000000000006</Data></Cell>
    <Cell><Data ss:Type="Number">0.15</Data></Cell>
    <Cell><Data ss:Type="Number">-9.43</Data></Cell>
    <Cell><Data ss:Type="Number">-0.08</Data></Cell>
    <Cell><Data ss:Type="Number">-0.91</Data></Cell>
    <Cell><Data ss:Type="Number">22.7</Data></Cell>
    <Cell><Data ss:Type="Number">39.6</Data></Cell>
    <Cell><Data ss:Type="Number">0</Data></Cell>
    <Cell><Data ss:Type="Number">0</Data></Cell>
    <Cell><Data ss:Type="String">2023-12-07 16:15:10.192640</Data></Cell>
   </Row>
   <Row>
    <Cell><Data ss:Type="String">323</Data></Cell>
    <Cell><Data ss:Type="Number">0.26</Data></Cell>
    <Cell><Data ss:Type="Number">-10.07</Data></Cell>
    <Cell><Data ss:Type="Number">0.24</Data></Cell>
    <Cell><Data ss:Type="Number">-9.48</Data></Cell>
    <Cell><Data ss:Type="Number">-0.06</Data></Cell>
    <Cell><Data ss:Type="Number">-0.95</Data></Cell>
    <Cell><Data ss:Type="Number">22.7</Data></Cell>
    <Cell><Data ss:Type="Number">39.6</Data></Cell>
    <Cell><Data ss:Type="Number">0</Data></Cell>
    <Cell><Data ss:Type="Number">0</Data></Cell>
    <Cell><Data ss:Type="String">2023-12-07 16:15:10.144905</Data></Cell>
   </Row>
   <Row>
    <Cell><Data ss:Type="String">322</Data></Cell>
    <Cell><Data ss:Type="Number">0.28000000000000003</Data></Cell>
    <Cell><Data ss:Type="Number">-10.18</Data></Cell>
    <Cell><Data ss:Type="Number">0.21</Data></Cell>
    <Cell><Data ss:Type="Number">-9.5299999999999994</Data></Cell>
    <Cell><Data ss:Type="Number">-0.09</Data></Cell>
    <Cell><Data ss:Type="Number">-0.9</Data></Cell>
    <Cell><Data ss:Type="Number">22.7</Data></Cell>
    <Cell><Data ss:Type="Number">39.6</Data></Cell>
    <Cell><Data ss:Type="Number">0</Data></Cell>
    <Cell><Data ss:Type="Number">0</Data></Cell>
    <Cell><Data ss:Type="String">2023-12-07 16:15:10.140909</Data></Cell>
   </Row>
   <Row>
    <Cell><Data ss:Type="String">321</Data></Cell>
    <Cell><Data ss:Type="Number">0.35</Data></Cell>
    <Cell><Data ss:Type="Number">-10.26</Data></Cell>
    <Cell><Data ss:Type="Number">0.17</Data></Cell>
    <Cell><Data ss:Type="Number">-9.5399999999999991</Data></Cell>
    <Cell><Data ss:Type="Number">-7.0000000000000007E-2</Data></Cell>
    <Cell><Data ss:Type="Number">-0.89</Data></Cell>
    <Cell><Data ss:Type="Number">22.7</Data></Cell>
    <Cell><Data ss:Type="Number">39.6</Data></Cell>
    <Cell><Data ss:Type="Number">0</Data></Cell>
    <Cell><Data ss:Type="Number">0</Data></Cell>
    <Cell><Data ss:Type="String">2023-12-07 16:15:10.138428</Data></Cell>
   </Row>
   <Row>
    <Cell><Data ss:Type="String">320</Data></Cell>
    <Cell><Data ss:Type="Number">0.33</Data></Cell>
    <Cell><Data ss:Type="Number">-10.16</Data></Cell>
    <Cell><Data ss:Type="Number">0.06</Data></Cell>
    <Cell><Data ss:Type="Number">-9.4600000000000009</Data></Cell>
    <Cell><Data ss:Type="Number">-0.08</Data></Cell>
    <Cell><Data ss:Type="Number">-0.94</Data></Cell>
    <Cell><Data ss:Type="Number">22.7</Data></Cell>
    <Cell><Data ss:Type="Number">39.6</Data></Cell>
    <Cell><Data ss:Type="Number">0</Data></Cell>
    <Cell><Data ss:Type="Number">0</Data></Cell>
    <Cell><Data ss:Type="String">2023-12-07 16:15:10.068844</Data></Cell>
   </Row>
   <Row>
    <Cell><Data ss:Type="String">319</Data></Cell>
    <Cell><Data ss:Type="Number">0.28999999999999998</Data></Cell>
    <Cell><Data ss:Type="Number">-9.91</Data></Cell>
    <Cell><Data ss:Type="Number">0.17</Data></Cell>
    <Cell><Data ss:Type="Number">-9.4</Data></Cell>
    <Cell><Data ss:Type="Number">-0.06</Data></Cell>
    <Cell><Data ss:Type="Number">-0.88</Data></Cell>
    <Cell><Data ss:Type="Number">22.7</Data></Cell>
    <Cell><Data ss:Type="Number">39.6</Data></Cell>
    <Cell><Data ss:Type="Number">0</Data></Cell>
    <Cell><Data ss:Type="Number">0</Data></Cell>
    <Cell><Data ss:Type="String">2023-12-07 16:15:10.067276</Data></Cell>
   </Row>
   <Row>
    <Cell><Data ss:Type="String">318</Data></Cell>
    <Cell><Data ss:Type="Number">0.28999999999999998</Data></Cell>
    <Cell><Data ss:Type="Number">-9.92</Data></Cell>
    <Cell><Data ss:Type="Number">0.06</Data></Cell>
    <Cell><Data ss:Type="Number">-9.4499999999999993</Data></Cell>
    <Cell><Data ss:Type="Number">-0.08</Data></Cell>
    <Cell><Data ss:Type="Number">-0.97</Data></Cell>
    <Cell><Data ss:Type="Number">22.7</Data></Cell>
    <Cell><Data ss:Type="Number">39.6</Data></Cell>
    <Cell><Data ss:Type="Number">0</Data></Cell>
    <Cell><Data ss:Type="Number">0</Data></Cell>
    <Cell><Data ss:Type="String">2023-12-07 16:15:10.065713</Data></Cell>
   </Row>
   <Row>
    <Cell><Data ss:Type="String">317</Data></Cell>
    <Cell><Data ss:Type="Number">0.28999999999999998</Data></Cell>
    <Cell><Data ss:Type="Number">-10.17</Data></Cell>
    <Cell><Data ss:Type="Number">0.2</Data></Cell>
    <Cell><Data ss:Type="Number">-9.52</Data></Cell>
    <Cell><Data ss:Type="Number">-7.0000000000000007E-2</Data></Cell>
    <Cell><Data ss:Type="Number">-0.85</Data></Cell>
    <Cell><Data ss:Type="Number">22.7</Data></Cell>
    <Cell><Data ss:Type="Number">39.6</Data></Cell>
    <Cell><Data ss:Type="Number">0</Data></Cell>
    <Cell><Data ss:Type="Number">0</Data></Cell>
    <Cell><Data ss:Type="String">2023-12-07 16:15:10.063823</Data></Cell>
   </Row>
   <Row>
    <Cell><Data ss:Type="String">316</Data></Cell>
    <Cell><Data ss:Type="Number">0.38</Data></Cell>
    <Cell><Data ss:Type="Number">-9.8800000000000008</Data></Cell>
    <Cell><Data ss:Type="Number">0.18</Data></Cell>
    <Cell><Data ss:Type="Number">-9.43</Data></Cell>
    <Cell><Data ss:Type="Number">-0.06</Data></Cell>
    <Cell><Data ss:Type="Number">-0.94</Data></Cell>
    <Cell><Data ss:Type="Number">22.7</Data></Cell>
    <Cell><Data ss:Type="Number">39.6</Data></Cell>
    <Cell><Data ss:Type="Number">0</Data></Cell>
    <Cell><Data ss:Type="Number">0</Data></Cell>
    <Cell><Data ss:Type="String">2023-12-07 16:15:09.915864</Data></Cell>
   </Row>
   <Row>
    <Cell><Data ss:Type="String">315</Data></Cell>
    <Cell><Data ss:Type="Number">0.12</Data></Cell>
    <Cell><Data ss:Type="Number">-10.029999999999999</Data></Cell>
    <Cell><Data ss:Type="Number">0.09</Data></Cell>
    <Cell><Data ss:Type="Number">-9.56</Data></Cell>
    <Cell><Data ss:Type="Number">-0.02</Data></Cell>
    <Cell><Data ss:Type="Number">-0.9</Data></Cell>
    <Cell><Data ss:Type="Number">22.7</Data></Cell>
    <Cell><Data ss:Type="Number">39.6</Data></Cell>
    <Cell><Data ss:Type="Number">0</Data></Cell>
    <Cell><Data ss:Type="Number">0</Data></Cell>
    <Cell><Data ss:Type="String">2023-12-07 16:15:09.913833</Data></Cell>
   </Row>
   <Row>
    <Cell><Data ss:Type="String">314</Data></Cell>
    <Cell><Data ss:Type="Number">0.22</Data></Cell>
    <Cell><Data ss:Type="Number">-10.24</Data></Cell>
    <Cell><Data ss:Type="Number">0.23</Data></Cell>
    <Cell><Data ss:Type="Number">-9.52</Data></Cell>
    <Cell><Data ss:Type="Number">-0.06</Data></Cell>
    <Cell><Data ss:Type="Number">-0.88</Data></Cell>
    <Cell><Data ss:Type="Number">22.7</Data></Cell>
    <Cell><Data ss:Type="Number">39.6</Data></Cell>
    <Cell><Data ss:Type="Number">0</Data></Cell>
    <Cell><Data ss:Type="Number">0</Data></Cell>
    <Cell><Data ss:Type="String">2023-12-07 16:15:09.865893</Data></Cell>
   </Row>
   <Row>
    <Cell><Data ss:Type="String">313</Data></Cell>
    <Cell><Data ss:Type="Number">0.27</Data></Cell>
    <Cell><Data ss:Type="Number">-10</Data></Cell>
    <Cell><Data ss:Type="Number">0.14000000000000001</Data></Cell>
    <Cell><Data ss:Type="Number">-9.42</Data></Cell>
    <Cell><Data ss:Type="Number">-7.0000000000000007E-2</Data></Cell>
    <Cell><Data ss:Type="Number">-0.92</Data></Cell>
    <Cell><Data ss:Type="Number">22.7</Data></Cell>
    <Cell><Data ss:Type="Number">39.6</Data></Cell>
    <Cell><Data ss:Type="Number">0</Data></Cell>
    <Cell><Data ss:Type="Number">0</Data></Cell>
    <Cell><Data ss:Type="String">2023-12-07 16:15:09.819607</Data></Cell>
   </Row>
   <Row>
    <Cell><Data ss:Type="String">312</Data></Cell>
    <Cell><Data ss:Type="Number">0.31</Data></Cell>
    <Cell><Data ss:Type="Number">-9.89</Data></Cell>
    <Cell><Data ss:Type="Number">0.12</Data></Cell>
    <Cell><Data ss:Type="Number">-9.43</Data></Cell>
    <Cell><Data ss:Type="Number">-0.06</Data></Cell>
    <Cell><Data ss:Type="Number">-0.93</Data></Cell>
    <Cell><Data ss:Type="Number">22.7</Data></Cell>
    <Cell><Data ss:Type="Number">39.6</Data></Cell>
    <Cell><Data ss:Type="Number">0</Data></Cell>
    <Cell><Data ss:Type="Number">0</Data></Cell>
    <Cell><Data ss:Type="String">2023-12-07 16:15:09.777189</Data></Cell>
   </Row>
   <Row>
    <Cell><Data ss:Type="String">311</Data></Cell>
    <Cell><Data ss:Type="Number">0.31</Data></Cell>
    <Cell><Data ss:Type="Number">-9.86</Data></Cell>
    <Cell><Data ss:Type="Number">0.32</Data></Cell>
    <Cell><Data ss:Type="Number">-9.49</Data></Cell>
    <Cell><Data ss:Type="Number">-7.0000000000000007E-2</Data></Cell>
    <Cell><Data ss:Type="Number">-0.86</Data></Cell>
    <Cell><Data ss:Type="Number">22.7</Data></Cell>
    <Cell><Data ss:Type="Number">39.6</Data></Cell>
    <Cell><Data ss:Type="Number">0</Data></Cell>
    <Cell><Data ss:Type="Number">0</Data></Cell>
    <Cell><Data ss:Type="String">2023-12-07 16:15:09.775388</Data></Cell>
   </Row>
   <Row>
    <Cell><Data ss:Type="String">310</Data></Cell>
    <Cell><Data ss:Type="Number">0.3</Data></Cell>
    <Cell><Data ss:Type="Number">-10.3</Data></Cell>
    <Cell><Data ss:Type="Number">0.16</Data></Cell>
    <Cell><Data ss:Type="Number">-9.6</Data></Cell>
    <Cell><Data ss:Type="Number">-0.1</Data></Cell>
    <Cell><Data ss:Type="Number">-0.93</Data></Cell>
    <Cell><Data ss:Type="Number">22.7</Data></Cell>
    <Cell><Data ss:Type="Number">39.6</Data></Cell>
    <Cell><Data ss:Type="Number">0</Data></Cell>
    <Cell><Data ss:Type="Number">0</Data></Cell>
    <Cell><Data ss:Type="String">2023-12-07 16:15:09.728527</Data></Cell>
   </Row>
   <Row>
    <Cell><Data ss:Type="String">309</Data></Cell>
    <Cell><Data ss:Type="Number">0.23</Data></Cell>
    <Cell><Data ss:Type="Number">-10.23</Data></Cell>
    <Cell><Data ss:Type="Number">0.26</Data></Cell>
    <Cell><Data ss:Type="Number">-9.43</Data></Cell>
    <Cell><Data ss:Type="Number">-0.06</Data></Cell>
    <Cell><Data ss:Type="Number">-0.84</Data></Cell>
    <Cell><Data ss:Type="Number">22.7</Data></Cell>
    <Cell><Data ss:Type="Number">39.6</Data></Cell>
    <Cell><Data ss:Type="Number">0</Data></Cell>
    <Cell><Data ss:Type="Number">0</Data></Cell>
    <Cell><Data ss:Type="String">2023-12-07 16:15:09.683390</Data></Cell>
   </Row>
   <Row>
    <Cell><Data ss:Type="String">308</Data></Cell>
    <Cell><Data ss:Type="Number">0.33</Data></Cell>
    <Cell><Data ss:Type="Number">-9.93</Data></Cell>
    <Cell><Data ss:Type="Number">0.1</Data></Cell>
    <Cell><Data ss:Type="Number">-9.42</Data></Cell>
    <Cell><Data ss:Type="Number">-0.09</Data></Cell>
    <Cell><Data ss:Type="Number">-0.94</Data></Cell>
    <Cell><Data ss:Type="Number">22.7</Data></Cell>
    <Cell><Data ss:Type="Number">39.6</Data></Cell>
    <Cell><Data ss:Type="Number">0</Data></Cell>
    <Cell><Data ss:Type="Number">0</Data></Cell>
    <Cell><Data ss:Type="String">2023-12-07 16:15:09.643604</Data></Cell>
   </Row>
   <Row>
    <Cell><Data ss:Type="String">307</Data></Cell>
    <Cell><Data ss:Type="Number">0.28999999999999998</Data></Cell>
    <Cell><Data ss:Type="Number">-9.89</Data></Cell>
    <Cell><Data ss:Type="Number">0.13</Data></Cell>
    <Cell><Data ss:Type="Number">-9.43</Data></Cell>
    <Cell><Data ss:Type="Number">-7.0000000000000007E-2</Data></Cell>
    <Cell><Data ss:Type="Number">-0.91</Data></Cell>
    <Cell><Data ss:Type="Number">22.7</Data></Cell>
    <Cell><Data ss:Type="Number">39.6</Data></Cell>
    <Cell><Data ss:Type="Number">0</Data></Cell>
    <Cell><Data ss:Type="Number">0</Data></Cell>
    <Cell><Data ss:Type="String">2023-12-07 16:15:09.641906</Data></Cell>
   </Row>
   <Row>
    <Cell><Data ss:Type="String">306</Data></Cell>
    <Cell><Data ss:Type="Number">0.17</Data></Cell>
    <Cell><Data ss:Type="Number">-10.039999999999999</Data></Cell>
    <Cell><Data ss:Type="Number">0.13</Data></Cell>
    <Cell><Data ss:Type="Number">-9.51</Data></Cell>
    <Cell><Data ss:Type="Number">-0.06</Data></Cell>
    <Cell><Data ss:Type="Number">-0.88</Data></Cell>
    <Cell><Data ss:Type="Number">22.7</Data></Cell>
    <Cell><Data ss:Type="Number">39.6</Data></Cell>
    <Cell><Data ss:Type="Number">0</Data></Cell>
    <Cell><Data ss:Type="Number">0</Data></Cell>
    <Cell><Data ss:Type="String">2023-12-07 16:15:09.639962</Data></Cell>
   </Row>
   <Row>
    <Cell><Data ss:Type="String">305</Data></Cell>
    <Cell><Data ss:Type="Number">0.27</Data></Cell>
    <Cell><Data ss:Type="Number">-10.33</Data></Cell>
    <Cell><Data ss:Type="Number">0.15</Data></Cell>
    <Cell><Data ss:Type="Number">-9.5500000000000007</Data></Cell>
    <Cell><Data ss:Type="Number">-0.08</Data></Cell>
    <Cell><Data ss:Type="Number">-0.93</Data></Cell>
    <Cell><Data ss:Type="Number">22.7</Data></Cell>
    <Cell><Data ss:Type="Number">39.6</Data></Cell>
    <Cell><Data ss:Type="Number">0</Data></Cell>
    <Cell><Data ss:Type="Number">0</Data></Cell>
    <Cell><Data ss:Type="String">2023-12-07 16:15:09.636886</Data></Cell>
   </Row>
   <Row>
    <Cell><Data ss:Type="String">304</Data></Cell>
    <Cell><Data ss:Type="Number">0.23</Data></Cell>
    <Cell><Data ss:Type="Number">-10.15</Data></Cell>
    <Cell><Data ss:Type="Number">0.23</Data></Cell>
    <Cell><Data ss:Type="Number">-9.4700000000000006</Data></Cell>
    <Cell><Data ss:Type="Number">-0.05</Data></Cell>
    <Cell><Data ss:Type="Number">-0.85</Data></Cell>
    <Cell><Data ss:Type="Number">22.7</Data></Cell>
    <Cell><Data ss:Type="Number">39.6</Data></Cell>
    <Cell><Data ss:Type="Number">0</Data></Cell>
    <Cell><Data ss:Type="Number">0</Data></Cell>
    <Cell><Data ss:Type="String">2023-12-07 16:15:09.634980</Data></Cell>
   </Row>
   <Row>
    <Cell><Data ss:Type="String">303</Data></Cell>
    <Cell><Data ss:Type="Number">0.3</Data></Cell>
    <Cell><Data ss:Type="Number">-10.07</Data></Cell>
    <Cell><Data ss:Type="Number">0.09</Data></Cell>
    <Cell><Data ss:Type="Number">-9.4499999999999993</Data></Cell>
    <Cell><Data ss:Type="Number">-0.11</Data></Cell>
    <Cell><Data ss:Type="Number">-0.94</Data></Cell>
    <Cell><Data ss:Type="Number">22.7</Data></Cell>
    <Cell><Data ss:Type="Number">39.6</Data></Cell>
    <Cell><Data ss:Type="Number">0</Data></Cell>
    <Cell><Data ss:Type="Number">0</Data></Cell>
    <Cell><Data ss:Type="String">2023-12-07 16:15:09.633373</Data></Cell>
   </Row>
   <Row>
    <Cell><Data ss:Type="String">302</Data></Cell>
    <Cell><Data ss:Type="Number">0.26</Data></Cell>
    <Cell><Data ss:Type="Number">-9.9499999999999993</Data></Cell>
    <Cell><Data ss:Type="Number">0.2</Data></Cell>
    <Cell><Data ss:Type="Number">-9.39</Data></Cell>
    <Cell><Data ss:Type="Number">-0.05</Data></Cell>
    <Cell><Data ss:Type="Number">-0.88</Data></Cell>
    <Cell><Data ss:Type="Number">22.7</Data></Cell>
    <Cell><Data ss:Type="Number">39.6</Data></Cell>
    <Cell><Data ss:Type="Number">0</Data></Cell>
    <Cell><Data ss:Type="Number">0</Data></Cell>
    <Cell><Data ss:Type="String">2023-12-07 16:15:09.630701</Data></Cell>
   </Row>
   <Row>
    <Cell><Data ss:Type="String">301</Data></Cell>
    <Cell><Data ss:Type="Number">0.36</Data></Cell>
    <Cell><Data ss:Type="Number">-10.039999999999999</Data></Cell>
    <Cell><Data ss:Type="Number">0.18</Data></Cell>
    <Cell><Data ss:Type="Number">-9.48</Data></Cell>
    <Cell><Data ss:Type="Number">-0.11</Data></Cell>
    <Cell><Data ss:Type="Number">-0.84</Data></Cell>
    <Cell><Data ss:Type="Number">22.7</Data></Cell>
    <Cell><Data ss:Type="Number">39.6</Data></Cell>
    <Cell><Data ss:Type="Number">0</Data></Cell>
    <Cell><Data ss:Type="Number">0</Data></Cell>
    <Cell><Data ss:Type="String">2023-12-07 16:15:09.628914</Data></Cell>
   </Row>
   <Row>
    <Cell><Data ss:Type="String">300</Data></Cell>
    <Cell><Data ss:Type="Number">0.31</Data></Cell>
    <Cell><Data ss:Type="Number">-10.07</Data></Cell>
    <Cell><Data ss:Type="Number">0.17</Data></Cell>
    <Cell><Data ss:Type="Number">-9.4700000000000006</Data></Cell>
    <Cell><Data ss:Type="Number">-0.14000000000000001</Data></Cell>
    <Cell><Data ss:Type="Number">-0.98</Data></Cell>
    <Cell><Data ss:Type="Number">22.7</Data></Cell>
    <Cell><Data ss:Type="Number">39.6</Data></Cell>
    <Cell><Data ss:Type="Number">0</Data></Cell>
    <Cell><Data ss:Type="Number">0</Data></Cell>
    <Cell><Data ss:Type="String">2023-12-07 16:15:09.390539</Data></Cell>
   </Row>
   <Row>
    <Cell><Data ss:Type="String">299</Data></Cell>
    <Cell><Data ss:Type="Number">0.04</Data></Cell>
    <Cell><Data ss:Type="Number">-9.89</Data></Cell>
    <Cell><Data ss:Type="Number">0.15</Data></Cell>
    <Cell><Data ss:Type="Number">-9.4</Data></Cell>
    <Cell><Data ss:Type="Number">0.03</Data></Cell>
    <Cell><Data ss:Type="Number">-0.89</Data></Cell>
    <Cell><Data ss:Type="Number">22.7</Data></Cell>
    <Cell><Data ss:Type="Number">39.6</Data></Cell>
    <Cell><Data ss:Type="Number">0</Data></Cell>
    <Cell><Data ss:Type="Number">0</Data></Cell>
    <Cell><Data ss:Type="String">2023-12-07 16:15:09.349370</Data></Cell>
   </Row>
   <Row>
    <Cell><Data ss:Type="String">298</Data></Cell>
    <Cell><Data ss:Type="Number">0.7</Data></Cell>
    <Cell><Data ss:Type="Number">-10.16</Data></Cell>
    <Cell><Data ss:Type="Number">0.01</Data></Cell>
    <Cell><Data ss:Type="Number">-9.5399999999999991</Data></Cell>
    <Cell><Data ss:Type="Number">-0.01</Data></Cell>
    <Cell><Data ss:Type="Number">-0.99</Data></Cell>
    <Cell><Data ss:Type="Number">22.7</Data></Cell>
    <Cell><Data ss:Type="Number">39.6</Data></Cell>
    <Cell><Data ss:Type="Number">0</Data></Cell>
    <Cell><Data ss:Type="Number">0</Data></Cell>
    <Cell><Data ss:Type="String">2023-12-07 16:15:09.345219</Data></Cell>
   </Row>
   <Row>
    <Cell><Data ss:Type="String">297</Data></Cell>
    <Cell><Data ss:Type="Number">0.61</Data></Cell>
    <Cell><Data ss:Type="Number">-10.18</Data></Cell>
    <Cell><Data ss:Type="Number">0.49</Data></Cell>
    <Cell><Data ss:Type="Number">-9.52</Data></Cell>
    <Cell><Data ss:Type="Number">-0.19</Data></Cell>
    <Cell><Data ss:Type="Number">-0.9</Data></Cell>
    <Cell><Data ss:Type="Number">22.7</Data></Cell>
    <Cell><Data ss:Type="Number">39.6</Data></Cell>
    <Cell><Data ss:Type="Number">0</Data></Cell>
    <Cell><Data ss:Type="Number">0</Data></Cell>
    <Cell><Data ss:Type="String">2023-12-07 16:15:09.297544</Data></Cell>
   </Row>
   <Row>
    <Cell><Data ss:Type="String">296</Data></Cell>
    <Cell><Data ss:Type="Number">0.73</Data></Cell>
    <Cell><Data ss:Type="Number">-10.07</Data></Cell>
    <Cell><Data ss:Type="Number">0.54</Data></Cell>
    <Cell><Data ss:Type="Number">-9.39</Data></Cell>
    <Cell><Data ss:Type="Number">-0.44</Data></Cell>
    <Cell><Data ss:Type="Number">-0.78</Data></Cell>
    <Cell><Data ss:Type="Number">22.7</Data></Cell>
    <Cell><Data ss:Type="Number">39.6</Data></Cell>
    <Cell><Data ss:Type="Number">0</Data></Cell>
    <Cell><Data ss:Type="Number">0</Data></Cell>
    <Cell><Data ss:Type="String">2023-12-07 16:15:09.251313</Data></Cell>
   </Row>
   <Row>
    <Cell><Data ss:Type="String">295</Data></Cell>
    <Cell><Data ss:Type="Number">0.95</Data></Cell>
    <Cell><Data ss:Type="Number">-9.85</Data></Cell>
    <Cell><Data ss:Type="Number">0.17</Data></Cell>
    <Cell><Data ss:Type="Number">-9.44</Data></Cell>
    <Cell><Data ss:Type="Number">0.13</Data></Cell>
    <Cell><Data ss:Type="Number">-1.08</Data></Cell>
    <Cell><Data ss:Type="Number">22.7</Data></Cell>
    <Cell><Data ss:Type="Number">39.6</Data></Cell>
    <Cell><Data ss:Type="Number">0</Data></Cell>
    <Cell><Data ss:Type="Number">0</Data></Cell>
    <Cell><Data ss:Type="String">2023-12-07 16:15:09.192282</Data></Cell>
   </Row>
   <Row>
    <Cell><Data ss:Type="String">294</Data></Cell>
    <Cell><Data ss:Type="Number">1.67</Data></Cell>
    <Cell><Data ss:Type="Number">-9.76</Data></Cell>
    <Cell><Data ss:Type="Number">1.25</Data></Cell>
    <Cell><Data ss:Type="Number">-9.39</Data></Cell>
    <Cell><Data ss:Type="Number">-1.17</Data></Cell>
    <Cell><Data ss:Type="Number">-0.67</Data></Cell>
    <Cell><Data ss:Type="Number">22.7</Data></Cell>
    <Cell><Data ss:Type="Number">39.6</Data></Cell>
    <Cell><Data ss:Type="Number">0</Data></Cell>
    <Cell><Data ss:Type="Number">0</Data></Cell>
    <Cell><Data ss:Type="String">2023-12-07 16:15:09.160467</Data></Cell>
   </Row>
   <Row>
    <Cell><Data ss:Type="String">293</Data></Cell>
    <Cell><Data ss:Type="Number">-1.18</Data></Cell>
    <Cell><Data ss:Type="Number">-9.7799999999999994</Data></Cell>
    <Cell><Data ss:Type="Number">0.17</Data></Cell>
    <Cell><Data ss:Type="Number">-9.32</Data></Cell>
    <Cell><Data ss:Type="Number">-1.5</Data></Cell>
    <Cell><Data ss:Type="Number">-0.77</Data></Cell>
    <Cell><Data ss:Type="Number">22.7</Data></Cell>
    <Cell><Data ss:Type="Number">39.6</Data></Cell>
    <Cell><Data ss:Type="Number">0</Data></Cell>
    <Cell><Data ss:Type="Number">0</Data></Cell>
    <Cell><Data ss:Type="String">2023-12-07 16:15:09.159036</Data></Cell>
   </Row>
   <Row>
    <Cell><Data ss:Type="String">292</Data></Cell>
    <Cell><Data ss:Type="Number">0.4</Data></Cell>
    <Cell><Data ss:Type="Number">-7.67</Data></Cell>
    <Cell><Data ss:Type="Number">-0.64</Data></Cell>
    <Cell><Data ss:Type="Number">-5.64</Data></Cell>
    <Cell><Data ss:Type="Number">1.96</Data></Cell>
    <Cell><Data ss:Type="Number">-1.32</Data></Cell>
    <Cell><Data ss:Type="Number">22.7</Data></Cell>
    <Cell><Data ss:Type="Number">39.6</Data></Cell>
    <Cell><Data ss:Type="Number">0</Data></Cell>
    <Cell><Data ss:Type="Number">0</Data></Cell>
    <Cell><Data ss:Type="String">2023-12-07 16:15:09.111994</Data></Cell>
   </Row>
   <Row>
    <Cell><Data ss:Type="String">291</Data></Cell>
    <Cell><Data ss:Type="Number">-0.3</Data></Cell>
    <Cell><Data ss:Type="Number">-10.02</Data></Cell>
    <Cell><Data ss:Type="Number">-0.12</Data></Cell>
    <Cell><Data ss:Type="Number">-9.3800000000000008</Data></Cell>
    <Cell><Data ss:Type="Number">-0.08</Data></Cell>
    <Cell><Data ss:Type="Number">-0.97</Data></Cell>
    <Cell><Data ss:Type="Number">22.7</Data></Cell>
    <Cell><Data ss:Type="Number">39.6</Data></Cell>
    <Cell><Data ss:Type="Number">0</Data></Cell>
    <Cell><Data ss:Type="Number">0</Data></Cell>
    <Cell><Data ss:Type="String">2023-12-07 16:15:09.066200</Data></Cell>
   </Row>
   <Row>
    <Cell><Data ss:Type="String">290</Data></Cell>
    <Cell><Data ss:Type="Number">0.27</Data></Cell>
    <Cell><Data ss:Type="Number">-9.4700000000000006</Data></Cell>
    <Cell><Data ss:Type="Number">-0.2</Data></Cell>
    <Cell><Data ss:Type="Number">-9.3800000000000008</Data></Cell>
    <Cell><Data ss:Type="Number">-0.1</Data></Cell>
    <Cell><Data ss:Type="Number">-0.87</Data></Cell>
    <Cell><Data ss:Type="Number">22.7</Data></Cell>
    <Cell><Data ss:Type="Number">39.6</Data></Cell>
    <Cell><Data ss:Type="Number">0</Data></Cell>
    <Cell><Data ss:Type="Number">0</Data></Cell>
    <Cell><Data ss:Type="String">2023-12-07 16:15:09.023400</Data></Cell>
   </Row>
   <Row>
    <Cell><Data ss:Type="String">289</Data></Cell>
    <Cell><Data ss:Type="Number">-0.12</Data></Cell>
    <Cell><Data ss:Type="Number">-9.9600000000000009</Data></Cell>
    <Cell><Data ss:Type="Number">0.1</Data></Cell>
    <Cell><Data ss:Type="Number">-9.4700000000000006</Data></Cell>
    <Cell><Data ss:Type="Number">-0.01</Data></Cell>
    <Cell><Data ss:Type="Number">-0.95</Data></Cell>
    <Cell><Data ss:Type="Number">22.7</Data></Cell>
    <Cell><Data ss:Type="Number">39.6</Data></Cell>
    <Cell><Data ss:Type="Number">0</Data></Cell>
    <Cell><Data ss:Type="Number">0</Data></Cell>
    <Cell><Data ss:Type="String">2023-12-07 16:15:09.021236</Data></Cell>
   </Row>
   <Row>
    <Cell><Data ss:Type="String">288</Data></Cell>
    <Cell><Data ss:Type="Number">-0.13</Data></Cell>
    <Cell><Data ss:Type="Number">-9.99</Data></Cell>
    <Cell><Data ss:Type="Number">0.63</Data></Cell>
    <Cell><Data ss:Type="Number">-9.4499999999999993</Data></Cell>
    <Cell><Data ss:Type="Number">-0.08</Data></Cell>
    <Cell><Data ss:Type="Number">-0.89</Data></Cell>
    <Cell><Data ss:Type="Number">22.7</Data></Cell>
    <Cell><Data ss:Type="Number">39.6</Data></Cell>
    <Cell><Data ss:Type="Number">0</Data></Cell>
    <Cell><Data ss:Type="Number">0</Data></Cell>
    <Cell><Data ss:Type="String">2023-12-07 16:15:08.974540</Data></Cell>
   </Row>
   <Row>
    <Cell><Data ss:Type="String">287</Data></Cell>
    <Cell><Data ss:Type="Number">0.1</Data></Cell>
    <Cell><Data ss:Type="Number">-10.050000000000001</Data></Cell>
    <Cell><Data ss:Type="Number">0.55000000000000004</Data></Cell>
    <Cell><Data ss:Type="Number">-9.41</Data></Cell>
    <Cell><Data ss:Type="Number">-0.1</Data></Cell>
    <Cell><Data ss:Type="Number">-0.94</Data></Cell>
    <Cell><Data ss:Type="Number">22.7</Data></Cell>
    <Cell><Data ss:Type="Number">39.6</Data></Cell>
    <Cell><Data ss:Type="Number">0</Data></Cell>
    <Cell><Data ss:Type="Number">0</Data></Cell>
    <Cell><Data ss:Type="String">2023-12-07 16:15:08.928463</Data></Cell>
   </Row>
   <Row>
    <Cell><Data ss:Type="String">286</Data></Cell>
    <Cell><Data ss:Type="Number">0.84</Data></Cell>
    <Cell><Data ss:Type="Number">-9.75</Data></Cell>
    <Cell><Data ss:Type="Number">0.28999999999999998</Data></Cell>
    <Cell><Data ss:Type="Number">-9.39</Data></Cell>
    <Cell><Data ss:Type="Number">-0.1</Data></Cell>
    <Cell><Data ss:Type="Number">-0.94</Data></Cell>
    <Cell><Data ss:Type="Number">22.7</Data></Cell>
    <Cell><Data ss:Type="Number">39.6</Data></Cell>
    <Cell><Data ss:Type="Number">0</Data></Cell>
    <Cell><Data ss:Type="Number">0</Data></Cell>
    <Cell><Data ss:Type="String">2023-12-07 16:15:08.926966</Data></Cell>
   </Row>
   <Row>
    <Cell><Data ss:Type="String">285</Data></Cell>
    <Cell><Data ss:Type="Number">0.81</Data></Cell>
    <Cell><Data ss:Type="Number">-10.23</Data></Cell>
    <Cell><Data ss:Type="Number">0.61</Data></Cell>
    <Cell><Data ss:Type="Number">-9.5500000000000007</Data></Cell>
    <Cell><Data ss:Type="Number">-0.08</Data></Cell>
    <Cell><Data ss:Type="Number">-0.86</Data></Cell>
    <Cell><Data ss:Type="Number">22.7</Data></Cell>
    <Cell><Data ss:Type="Number">39.6</Data></Cell>
    <Cell><Data ss:Type="Number">0</Data></Cell>
    <Cell><Data ss:Type="Number">0</Data></Cell>
    <Cell><Data ss:Type="String">2023-12-07 16:15:08.884711</Data></Cell>
   </Row>
   <Row>
    <Cell><Data ss:Type="String">284</Data></Cell>
    <Cell><Data ss:Type="Number">0.62</Data></Cell>
    <Cell><Data ss:Type="Number">-10.18</Data></Cell>
    <Cell><Data ss:Type="Number">-0.3</Data></Cell>
    <Cell><Data ss:Type="Number">-9.3800000000000008</Data></Cell>
    <Cell><Data ss:Type="Number">-0.01</Data></Cell>
    <Cell><Data ss:Type="Number">-0.97</Data></Cell>
    <Cell><Data ss:Type="Number">22.7</Data></Cell>
    <Cell><Data ss:Type="Number">39.6</Data></Cell>
    <Cell><Data ss:Type="Number">0</Data></Cell>
    <Cell><Data ss:Type="Number">0</Data></Cell>
    <Cell><Data ss:Type="String">2023-12-07 16:15:08.841171</Data></Cell>
   </Row>
   <Row>
    <Cell><Data ss:Type="String">283</Data></Cell>
    <Cell><Data ss:Type="Number">0.57999999999999996</Data></Cell>
    <Cell><Data ss:Type="Number">-9.8699999999999992</Data></Cell>
    <Cell><Data ss:Type="Number">0.08</Data></Cell>
    <Cell><Data ss:Type="Number">-9.42</Data></Cell>
    <Cell><Data ss:Type="Number">-0.11</Data></Cell>
    <Cell><Data ss:Type="Number">-0.83</Data></Cell>
    <Cell><Data ss:Type="Number">22.7</Data></Cell>
    <Cell><Data ss:Type="Number">39.6</Data></Cell>
    <Cell><Data ss:Type="Number">0</Data></Cell>
    <Cell><Data ss:Type="Number">0</Data></Cell>
    <Cell><Data ss:Type="String">2023-12-07 16:15:08.838844</Data></Cell>
   </Row>
   <Row>
    <Cell><Data ss:Type="String">282</Data></Cell>
    <Cell><Data ss:Type="Number">-0.3</Data></Cell>
    <Cell><Data ss:Type="Number">-10.1</Data></Cell>
    <Cell><Data ss:Type="Number">-0.09</Data></Cell>
    <Cell><Data ss:Type="Number">-9.44</Data></Cell>
    <Cell><Data ss:Type="Number">-7.0000000000000007E-2</Data></Cell>
    <Cell><Data ss:Type="Number">-0.96</Data></Cell>
    <Cell><Data ss:Type="Number">22.7</Data></Cell>
    <Cell><Data ss:Type="Number">39.6</Data></Cell>
    <Cell><Data ss:Type="Number">0</Data></Cell>
    <Cell><Data ss:Type="Number">0</Data></Cell>
    <Cell><Data ss:Type="String">2023-12-07 16:15:08.836549</Data></Cell>
   </Row>
   <Row>
    <Cell><Data ss:Type="String">281</Data></Cell>
    <Cell><Data ss:Type="Number">0.23</Data></Cell>
    <Cell><Data ss:Type="Number">-10.24</Data></Cell>
    <Cell><Data ss:Type="Number">0.36</Data></Cell>
    <Cell><Data ss:Type="Number">-9.52</Data></Cell>
    <Cell><Data ss:Type="Number">-0.03</Data></Cell>
    <Cell><Data ss:Type="Number">-0.86</Data></Cell>
    <Cell><Data ss:Type="Number">22.7</Data></Cell>
    <Cell><Data ss:Type="Number">39.6</Data></Cell>
    <Cell><Data ss:Type="Number">0</Data></Cell>
    <Cell><Data ss:Type="Number">0</Data></Cell>
    <Cell><Data ss:Type="String">2023-12-07 16:15:08.834877</Data></Cell>
   </Row>
   <Row>
    <Cell><Data ss:Type="String">280</Data></Cell>
    <Cell><Data ss:Type="Number">0.34</Data></Cell>
    <Cell><Data ss:Type="Number">-10.54</Data></Cell>
    <Cell><Data ss:Type="Number">0.23</Data></Cell>
    <Cell><Data ss:Type="Number">-9.5</Data></Cell>
    <Cell><Data ss:Type="Number">-0.1</Data></Cell>
    <Cell><Data ss:Type="Number">-0.81</Data></Cell>
    <Cell><Data ss:Type="Number">22.7</Data></Cell>
    <Cell><Data ss:Type="Number">39.6</Data></Cell>
    <Cell><Data ss:Type="Number">0</Data></Cell>
    <Cell><Data ss:Type="Number">0</Data></Cell>
    <Cell><Data ss:Type="String">2023-12-07 16:15:08.706260</Data></Cell>
   </Row>
   <Row>
    <Cell><Data ss:Type="String">279</Data></Cell>
    <Cell><Data ss:Type="Number">0.43</Data></Cell>
    <Cell><Data ss:Type="Number">-10.01</Data></Cell>
    <Cell><Data ss:Type="Number">0.26</Data></Cell>
    <Cell><Data ss:Type="Number">-9.6</Data></Cell>
    <Cell><Data ss:Type="Number">-0.21</Data></Cell>
    <Cell><Data ss:Type="Number">-0.9</Data></Cell>
    <Cell><Data ss:Type="Number">22.7</Data></Cell>
    <Cell><Data ss:Type="Number">39.6</Data></Cell>
    <Cell><Data ss:Type="Number">0</Data></Cell>
    <Cell><Data ss:Type="Number">0</Data></Cell>
    <Cell><Data ss:Type="String">2023-12-07 16:15:08.652312</Data></Cell>
   </Row>
   <Row>
    <Cell><Data ss:Type="String">278</Data></Cell>
    <Cell><Data ss:Type="Number">0.8</Data></Cell>
    <Cell><Data ss:Type="Number">-9.86</Data></Cell>
    <Cell><Data ss:Type="Number">0.56999999999999995</Data></Cell>
    <Cell><Data ss:Type="Number">-9.14</Data></Cell>
    <Cell><Data ss:Type="Number">-0.17</Data></Cell>
    <Cell><Data ss:Type="Number">-0.8</Data></Cell>
    <Cell><Data ss:Type="Number">22.7</Data></Cell>
    <Cell><Data ss:Type="Number">39.6</Data></Cell>
    <Cell><Data ss:Type="Number">0</Data></Cell>
    <Cell><Data ss:Type="Number">0</Data></Cell>
    <Cell><Data ss:Type="String">2023-12-07 16:15:08.650814</Data></Cell>
   </Row>
   <Row>
    <Cell><Data ss:Type="String">277</Data></Cell>
    <Cell><Data ss:Type="Number">0.2</Data></Cell>
    <Cell><Data ss:Type="Number">-9.99</Data></Cell>
    <Cell><Data ss:Type="Number">0.06</Data></Cell>
    <Cell><Data ss:Type="Number">-9.41</Data></Cell>
    <Cell><Data ss:Type="Number">-0.05</Data></Cell>
    <Cell><Data ss:Type="Number">-0.99</Data></Cell>
    <Cell><Data ss:Type="Number">22.7</Data></Cell>
    <Cell><Data ss:Type="Number">39.6</Data></Cell>
    <Cell><Data ss:Type="Number">0</Data></Cell>
    <Cell><Data ss:Type="Number">0</Data></Cell>
    <Cell><Data ss:Type="String">2023-12-07 16:15:08.606435</Data></Cell>
   </Row>
   <Row>
    <Cell><Data ss:Type="String">276</Data></Cell>
    <Cell><Data ss:Type="Number">0.01</Data></Cell>
    <Cell><Data ss:Type="Number">-9.4499999999999993</Data></Cell>
    <Cell><Data ss:Type="Number">0.03</Data></Cell>
    <Cell><Data ss:Type="Number">-9.69</Data></Cell>
    <Cell><Data ss:Type="Number">-7.0000000000000007E-2</Data></Cell>
    <Cell><Data ss:Type="Number">-0.87</Data></Cell>
    <Cell><Data ss:Type="Number">22.7</Data></Cell>
    <Cell><Data ss:Type="Number">39.6</Data></Cell>
    <Cell><Data ss:Type="Number">0</Data></Cell>
    <Cell><Data ss:Type="Number">0</Data></Cell>
    <Cell><Data ss:Type="String">2023-12-07 16:15:08.554689</Data></Cell>
   </Row>
   <Row>
    <Cell><Data ss:Type="String">275</Data></Cell>
    <Cell><Data ss:Type="Number">0.25</Data></Cell>
    <Cell><Data ss:Type="Number">-10.66</Data></Cell>
    <Cell><Data ss:Type="Number">0.38</Data></Cell>
    <Cell><Data ss:Type="Number">-9.6199999999999992</Data></Cell>
    <Cell><Data ss:Type="Number">-0.13</Data></Cell>
    <Cell><Data ss:Type="Number">-0.96</Data></Cell>
    <Cell><Data ss:Type="Number">22.7</Data></Cell>
    <Cell><Data ss:Type="Number">39.6</Data></Cell>
    <Cell><Data ss:Type="Number">0</Data></Cell>
    <Cell><Data ss:Type="Number">0</Data></Cell>
    <Cell><Data ss:Type="String">2023-12-07 16:15:08.552808</Data></Cell>
   </Row>
   <Row>
    <Cell><Data ss:Type="String">274</Data></Cell>
    <Cell><Data ss:Type="Number">0.27</Data></Cell>
    <Cell><Data ss:Type="Number">-10.54</Data></Cell>
    <Cell><Data ss:Type="Number">0.15</Data></Cell>
    <Cell><Data ss:Type="Number">-9.3699999999999992</Data></Cell>
    <Cell><Data ss:Type="Number">-0.08</Data></Cell>
    <Cell><Data ss:Type="Number">-0.96</Data></Cell>
    <Cell><Data ss:Type="Number">22.7</Data></Cell>
    <Cell><Data ss:Type="Number">39.6</Data></Cell>
    <Cell><Data ss:Type="Number">0</Data></Cell>
    <Cell><Data ss:Type="Number">0</Data></Cell>
    <Cell><Data ss:Type="String">2023-12-07 16:15:08.514699</Data></Cell>
   </Row>
   <Row>
    <Cell><Data ss:Type="String">273</Data></Cell>
    <Cell><Data ss:Type="Number">0.26</Data></Cell>
    <Cell><Data ss:Type="Number">-9.99</Data></Cell>
    <Cell><Data ss:Type="Number">-0.06</Data></Cell>
    <Cell><Data ss:Type="Number">-9.32</Data></Cell>
    <Cell><Data ss:Type="Number">-0.13</Data></Cell>
    <Cell><Data ss:Type="Number">-0.93</Data></Cell>
    <Cell><Data ss:Type="Number">22.7</Data></Cell>
    <Cell><Data ss:Type="Number">39.6</Data></Cell>
    <Cell><Data ss:Type="Number">0</Data></Cell>
    <Cell><Data ss:Type="Number">0</Data></Cell>
    <Cell><Data ss:Type="String">2023-12-07 16:15:08.510602</Data></Cell>
   </Row>
   <Row>
    <Cell><Data ss:Type="String">272</Data></Cell>
    <Cell><Data ss:Type="Number">0.26</Data></Cell>
    <Cell><Data ss:Type="Number">-9.3000000000000007</Data></Cell>
    <Cell><Data ss:Type="Number">0.05</Data></Cell>
    <Cell><Data ss:Type="Number">-9.36</Data></Cell>
    <Cell><Data ss:Type="Number">-0.08</Data></Cell>
    <Cell><Data ss:Type="Number">-0.93</Data></Cell>
    <Cell><Data ss:Type="Number">22.7</Data></Cell>
    <Cell><Data ss:Type="Number">39.6</Data></Cell>
    <Cell><Data ss:Type="Number">0</Data></Cell>
    <Cell><Data ss:Type="Number">0</Data></Cell>
    <Cell><Data ss:Type="String">2023-12-07 16:15:08.508680</Data></Cell>
   </Row>
   <Row>
    <Cell><Data ss:Type="String">271</Data></Cell>
    <Cell><Data ss:Type="Number">0.53</Data></Cell>
    <Cell><Data ss:Type="Number">-10.58</Data></Cell>
    <Cell><Data ss:Type="Number">-0.04</Data></Cell>
    <Cell><Data ss:Type="Number">-9.56</Data></Cell>
    <Cell><Data ss:Type="Number">-0.06</Data></Cell>
    <Cell><Data ss:Type="Number">-0.88</Data></Cell>
    <Cell><Data ss:Type="Number">22.7</Data></Cell>
    <Cell><Data ss:Type="Number">39.6</Data></Cell>
    <Cell><Data ss:Type="Number">0</Data></Cell>
    <Cell><Data ss:Type="Number">0</Data></Cell>
    <Cell><Data ss:Type="String">2023-12-07 16:15:08.506450</Data></Cell>
   </Row>
   <Row>
    <Cell><Data ss:Type="String">270</Data></Cell>
    <Cell><Data ss:Type="Number">0.59</Data></Cell>
    <Cell><Data ss:Type="Number">-10.23</Data></Cell>
    <Cell><Data ss:Type="Number">0.24</Data></Cell>
    <Cell><Data ss:Type="Number">-9.57</Data></Cell>
    <Cell><Data ss:Type="Number">-0.11</Data></Cell>
    <Cell><Data ss:Type="Number">-0.89</Data></Cell>
    <Cell><Data ss:Type="Number">22.7</Data></Cell>
    <Cell><Data ss:Type="Number">39.6</Data></Cell>
    <Cell><Data ss:Type="Number">0</Data></Cell>
    <Cell><Data ss:Type="Number">0</Data></Cell>
    <Cell><Data ss:Type="String">2023-12-07 16:15:08.503878</Data></Cell>
   </Row>
   <Row>
    <Cell><Data ss:Type="String">269</Data></Cell>
    <Cell><Data ss:Type="Number">0.78</Data></Cell>
    <Cell><Data ss:Type="Number">-9.59</Data></Cell>
    <Cell><Data ss:Type="Number">0.11</Data></Cell>
    <Cell><Data ss:Type="Number">-9.42</Data></Cell>
    <Cell><Data ss:Type="Number">-0.03</Data></Cell>
    <Cell><Data ss:Type="Number">-0.93</Data></Cell>
    <Cell><Data ss:Type="Number">22.7</Data></Cell>
    <Cell><Data ss:Type="Number">39.6</Data></Cell>
    <Cell><Data ss:Type="Number">0</Data></Cell>
    <Cell><Data ss:Type="Number">0</Data></Cell>
    <Cell><Data ss:Type="String">2023-12-07 16:15:08.502070</Data></Cell>
   </Row>
   <Row>
    <Cell><Data ss:Type="String">268</Data></Cell>
    <Cell><Data ss:Type="Number">0.27</Data></Cell>
    <Cell><Data ss:Type="Number">-10.54</Data></Cell>
    <Cell><Data ss:Type="Number">0.01</Data></Cell>
    <Cell><Data ss:Type="Number">-9.49</Data></Cell>
    <Cell><Data ss:Type="Number">-0.09</Data></Cell>
    <Cell><Data ss:Type="Number">-0.84</Data></Cell>
    <Cell><Data ss:Type="Number">22.7</Data></Cell>
    <Cell><Data ss:Type="Number">39.6</Data></Cell>
    <Cell><Data ss:Type="Number">0</Data></Cell>
    <Cell><Data ss:Type="Number">0</Data></Cell>
    <Cell><Data ss:Type="String">2023-12-07 16:15:08.500340</Data></Cell>
   </Row>
   <Row>
    <Cell><Data ss:Type="String">267</Data></Cell>
    <Cell><Data ss:Type="Number">0.27</Data></Cell>
    <Cell><Data ss:Type="Number">-10.97</Data></Cell>
    <Cell><Data ss:Type="Number">0.1</Data></Cell>
    <Cell><Data ss:Type="Number">-9.7100000000000009</Data></Cell>
    <Cell><Data ss:Type="Number">-0.09</Data></Cell>
    <Cell><Data ss:Type="Number">-1.01</Data></Cell>
    <Cell><Data ss:Type="Number">22.7</Data></Cell>
    <Cell><Data ss:Type="Number">39.6</Data></Cell>
    <Cell><Data ss:Type="Number">0</Data></Cell>
    <Cell><Data ss:Type="Number">0</Data></Cell>
    <Cell><Data ss:Type="String">2023-12-07 16:15:08.265960</Data></Cell>
   </Row>
   <Row>
    <Cell><Data ss:Type="String">266</Data></Cell>
    <Cell><Data ss:Type="Number">-0.06</Data></Cell>
    <Cell><Data ss:Type="Number">-10.19</Data></Cell>
    <Cell><Data ss:Type="Number">0.15</Data></Cell>
    <Cell><Data ss:Type="Number">-9.42</Data></Cell>
    <Cell><Data ss:Type="Number">-7.0000000000000007E-2</Data></Cell>
    <Cell><Data ss:Type="Number">-0.92</Data></Cell>
    <Cell><Data ss:Type="Number">22.7</Data></Cell>
    <Cell><Data ss:Type="Number">39.6</Data></Cell>
    <Cell><Data ss:Type="Number">0</Data></Cell>
    <Cell><Data ss:Type="Number">0</Data></Cell>
    <Cell><Data ss:Type="String">2023-12-07 16:15:08.228484</Data></Cell>
   </Row>
   <Row>
    <Cell><Data ss:Type="String">265</Data></Cell>
    <Cell><Data ss:Type="Number">0.32</Data></Cell>
    <Cell><Data ss:Type="Number">-10.18</Data></Cell>
    <Cell><Data ss:Type="Number">7.0000000000000007E-2</Data></Cell>
    <Cell><Data ss:Type="Number">-9.58</Data></Cell>
    <Cell><Data ss:Type="Number">-0.05</Data></Cell>
    <Cell><Data ss:Type="Number">-0.9</Data></Cell>
    <Cell><Data ss:Type="Number">22.7</Data></Cell>
    <Cell><Data ss:Type="Number">39.6</Data></Cell>
    <Cell><Data ss:Type="Number">0</Data></Cell>
    <Cell><Data ss:Type="Number">0</Data></Cell>
    <Cell><Data ss:Type="String">2023-12-07 16:15:08.226749</Data></Cell>
   </Row>
   <Row>
    <Cell><Data ss:Type="String">264</Data></Cell>
    <Cell><Data ss:Type="Number">0.3</Data></Cell>
    <Cell><Data ss:Type="Number">-10.52</Data></Cell>
    <Cell><Data ss:Type="Number">0.38</Data></Cell>
    <Cell><Data ss:Type="Number">-9.59</Data></Cell>
    <Cell><Data ss:Type="Number">-0.09</Data></Cell>
    <Cell><Data ss:Type="Number">-0.88</Data></Cell>
    <Cell><Data ss:Type="Number">22.7</Data></Cell>
    <Cell><Data ss:Type="Number">39.6</Data></Cell>
    <Cell><Data ss:Type="Number">0</Data></Cell>
    <Cell><Data ss:Type="Number">0</Data></Cell>
    <Cell><Data ss:Type="String">2023-12-07 16:15:08.224259</Data></Cell>
   </Row>
   <Row>
    <Cell><Data ss:Type="String">263</Data></Cell>
    <Cell><Data ss:Type="Number">0.24</Data></Cell>
    <Cell><Data ss:Type="Number">-9.57</Data></Cell>
    <Cell><Data ss:Type="Number">0.36</Data></Cell>
    <Cell><Data ss:Type="Number">-9.42</Data></Cell>
    <Cell><Data ss:Type="Number">-0.11</Data></Cell>
    <Cell><Data ss:Type="Number">-0.94</Data></Cell>
    <Cell><Data ss:Type="Number">22.7</Data></Cell>
    <Cell><Data ss:Type="Number">39.6</Data></Cell>
    <Cell><Data ss:Type="Number">0</Data></Cell>
    <Cell><Data ss:Type="Number">0</Data></Cell>
    <Cell><Data ss:Type="String">2023-12-07 16:15:08.220889</Data></Cell>
   </Row>
   <Row>
    <Cell><Data ss:Type="String">262</Data></Cell>
    <Cell><Data ss:Type="Number">-0.03</Data></Cell>
    <Cell><Data ss:Type="Number">-10.26</Data></Cell>
    <Cell><Data ss:Type="Number">-0.02</Data></Cell>
    <Cell><Data ss:Type="Number">-9.67</Data></Cell>
    <Cell><Data ss:Type="Number">0.05</Data></Cell>
    <Cell><Data ss:Type="Number">-0.95</Data></Cell>
    <Cell><Data ss:Type="Number">22.7</Data></Cell>
    <Cell><Data ss:Type="Number">39.6</Data></Cell>
    <Cell><Data ss:Type="Number">0</Data></Cell>
    <Cell><Data ss:Type="Number">0</Data></Cell>
    <Cell><Data ss:Type="String">2023-12-07 16:15:08.111781</Data></Cell>
   </Row>
   <Row>
    <Cell><Data ss:Type="String">261</Data></Cell>
    <Cell><Data ss:Type="Number">0.34</Data></Cell>
    <Cell><Data ss:Type="Number">-10.06</Data></Cell>
    <Cell><Data ss:Type="Number">0.2</Data></Cell>
    <Cell><Data ss:Type="Number">-9.52</Data></Cell>
    <Cell><Data ss:Type="Number">-0.08</Data></Cell>
    <Cell><Data ss:Type="Number">-0.84</Data></Cell>
    <Cell><Data ss:Type="Number">22.7</Data></Cell>
    <Cell><Data ss:Type="Number">39.6</Data></Cell>
    <Cell><Data ss:Type="Number">0</Data></Cell>
    <Cell><Data ss:Type="Number">0</Data></Cell>
    <Cell><Data ss:Type="String">2023-12-07 16:15:08.065904</Data></Cell>
   </Row>
   <Row>
    <Cell><Data ss:Type="String">260</Data></Cell>
    <Cell><Data ss:Type="Number">0.85</Data></Cell>
    <Cell><Data ss:Type="Number">-10.01</Data></Cell>
    <Cell><Data ss:Type="Number">0.46</Data></Cell>
    <Cell><Data ss:Type="Number">-9.51</Data></Cell>
    <Cell><Data ss:Type="Number">-0.35</Data></Cell>
    <Cell><Data ss:Type="Number">-0.94</Data></Cell>
    <Cell><Data ss:Type="Number">22.7</Data></Cell>
    <Cell><Data ss:Type="Number">39.6</Data></Cell>
    <Cell><Data ss:Type="Number">0</Data></Cell>
    <Cell><Data ss:Type="Number">0</Data></Cell>
    <Cell><Data ss:Type="String">2023-12-07 16:15:08.020857</Data></Cell>
   </Row>
   <Row>
    <Cell><Data ss:Type="String">259</Data></Cell>
    <Cell><Data ss:Type="Number">-0.23</Data></Cell>
    <Cell><Data ss:Type="Number">-9.35</Data></Cell>
    <Cell><Data ss:Type="Number">-0.24</Data></Cell>
    <Cell><Data ss:Type="Number">-9.4499999999999993</Data></Cell>
    <Cell><Data ss:Type="Number">-0.15</Data></Cell>
    <Cell><Data ss:Type="Number">-0.91</Data></Cell>
    <Cell><Data ss:Type="Number">22.7</Data></Cell>
    <Cell><Data ss:Type="Number">39.6</Data></Cell>
    <Cell><Data ss:Type="Number">0</Data></Cell>
    <Cell><Data ss:Type="Number">0</Data></Cell>
    <Cell><Data ss:Type="String">2023-12-07 16:15:08.018774</Data></Cell>
   </Row>
   <Row>
    <Cell><Data ss:Type="String">258</Data></Cell>
    <Cell><Data ss:Type="Number">2.06</Data></Cell>
    <Cell><Data ss:Type="Number">-10.119999999999999</Data></Cell>
    <Cell><Data ss:Type="Number">-0.33</Data></Cell>
    <Cell><Data ss:Type="Number">-9.49</Data></Cell>
    <Cell><Data ss:Type="Number">0.65</Data></Cell>
    <Cell><Data ss:Type="Number">-0.87</Data></Cell>
    <Cell><Data ss:Type="Number">22.7</Data></Cell>
    <Cell><Data ss:Type="Number">39.6</Data></Cell>
    <Cell><Data ss:Type="Number">0</Data></Cell>
    <Cell><Data ss:Type="Number">0</Data></Cell>
    <Cell><Data ss:Type="String">2023-12-07 16:15:07.972705</Data></Cell>
   </Row>
   <Row>
    <Cell><Data ss:Type="String">257</Data></Cell>
    <Cell><Data ss:Type="Number">1.42</Data></Cell>
    <Cell><Data ss:Type="Number">-10.08</Data></Cell>
    <Cell><Data ss:Type="Number">0.36</Data></Cell>
    <Cell><Data ss:Type="Number">-9.4700000000000006</Data></Cell>
    <Cell><Data ss:Type="Number">-0.75</Data></Cell>
    <Cell><Data ss:Type="Number">-0.96</Data></Cell>
    <Cell><Data ss:Type="Number">22.7</Data></Cell>
    <Cell><Data ss:Type="Number">39.6</Data></Cell>
    <Cell><Data ss:Type="Number">0</Data></Cell>
    <Cell><Data ss:Type="Number">0</Data></Cell>
    <Cell><Data ss:Type="String">2023-12-07 16:15:07.927654</Data></Cell>
   </Row>
   <Row>
    <Cell><Data ss:Type="String">256</Data></Cell>
    <Cell><Data ss:Type="Number">2.39</Data></Cell>
    <Cell><Data ss:Type="Number">-10.66</Data></Cell>
    <Cell><Data ss:Type="Number">1.58</Data></Cell>
    <Cell><Data ss:Type="Number">-9.2899999999999991</Data></Cell>
    <Cell><Data ss:Type="Number">-0.94</Data></Cell>
    <Cell><Data ss:Type="Number">-0.61</Data></Cell>
    <Cell><Data ss:Type="Number">22.7</Data></Cell>
    <Cell><Data ss:Type="Number">39.6</Data></Cell>
    <Cell><Data ss:Type="Number">0</Data></Cell>
    <Cell><Data ss:Type="Number">0</Data></Cell>
    <Cell><Data ss:Type="String">2023-12-07 16:15:07.926045</Data></Cell>
   </Row>
   <Row>
    <Cell><Data ss:Type="String">255</Data></Cell>
    <Cell><Data ss:Type="Number">1.73</Data></Cell>
    <Cell><Data ss:Type="Number">-9.5399999999999991</Data></Cell>
    <Cell><Data ss:Type="Number">2.4300000000000002</Data></Cell>
    <Cell><Data ss:Type="Number">-11.61</Data></Cell>
    <Cell><Data ss:Type="Number">-1.83</Data></Cell>
    <Cell><Data ss:Type="Number">-0.43</Data></Cell>
    <Cell><Data ss:Type="Number">22.7</Data></Cell>
    <Cell><Data ss:Type="Number">39.6</Data></Cell>
    <Cell><Data ss:Type="Number">0</Data></Cell>
    <Cell><Data ss:Type="Number">0</Data></Cell>
    <Cell><Data ss:Type="String">2023-12-07 16:15:07.880248</Data></Cell>
   </Row>
   <Row>
    <Cell><Data ss:Type="String">254</Data></Cell>
    <Cell><Data ss:Type="Number">0.28000000000000003</Data></Cell>
    <Cell><Data ss:Type="Number">-10.17</Data></Cell>
    <Cell><Data ss:Type="Number">0.26</Data></Cell>
    <Cell><Data ss:Type="Number">-9.4499999999999993</Data></Cell>
    <Cell><Data ss:Type="Number">-0.06</Data></Cell>
    <Cell><Data ss:Type="Number">-0.9</Data></Cell>
    <Cell><Data ss:Type="Number">22.7</Data></Cell>
    <Cell><Data ss:Type="Number">39.6</Data></Cell>
    <Cell><Data ss:Type="Number">0</Data></Cell>
    <Cell><Data ss:Type="Number">0</Data></Cell>
    <Cell><Data ss:Type="String">2023-12-07 16:15:07.834742</Data></Cell>
   </Row>
   <Row>
    <Cell><Data ss:Type="String">253</Data></Cell>
    <Cell><Data ss:Type="Number">0.3</Data></Cell>
    <Cell><Data ss:Type="Number">-9.9</Data></Cell>
    <Cell><Data ss:Type="Number">-7.0000000000000007E-2</Data></Cell>
    <Cell><Data ss:Type="Number">-9.44</Data></Cell>
    <Cell><Data ss:Type="Number">-0.08</Data></Cell>
    <Cell><Data ss:Type="Number">-0.93</Data></Cell>
    <Cell><Data ss:Type="Number">22.7</Data></Cell>
    <Cell><Data ss:Type="Number">39.6</Data></Cell>
    <Cell><Data ss:Type="Number">0</Data></Cell>
    <Cell><Data ss:Type="Number">0</Data></Cell>
    <Cell><Data ss:Type="String">2023-12-07 16:15:07.789610</Data></Cell>
   </Row>
   <Row>
    <Cell><Data ss:Type="String">252</Data></Cell>
    <Cell><Data ss:Type="Number">0.28999999999999998</Data></Cell>
    <Cell><Data ss:Type="Number">-10.130000000000001</Data></Cell>
    <Cell><Data ss:Type="Number">0.08</Data></Cell>
    <Cell><Data ss:Type="Number">-9.48</Data></Cell>
    <Cell><Data ss:Type="Number">-0.08</Data></Cell>
    <Cell><Data ss:Type="Number">-0.91</Data></Cell>
    <Cell><Data ss:Type="Number">22.7</Data></Cell>
    <Cell><Data ss:Type="Number">39.6</Data></Cell>
    <Cell><Data ss:Type="Number">0</Data></Cell>
    <Cell><Data ss:Type="Number">0</Data></Cell>
    <Cell><Data ss:Type="String">2023-12-07 16:15:07.745834</Data></Cell>
   </Row>
   <Row>
    <Cell><Data ss:Type="String">251</Data></Cell>
    <Cell><Data ss:Type="Number">0.21</Data></Cell>
    <Cell><Data ss:Type="Number">-10.23</Data></Cell>
    <Cell><Data ss:Type="Number">0.2</Data></Cell>
    <Cell><Data ss:Type="Number">-9.5399999999999991</Data></Cell>
    <Cell><Data ss:Type="Number">-0.08</Data></Cell>
    <Cell><Data ss:Type="Number">-0.91</Data></Cell>
    <Cell><Data ss:Type="Number">22.7</Data></Cell>
    <Cell><Data ss:Type="Number">39.6</Data></Cell>
    <Cell><Data ss:Type="Number">0</Data></Cell>
    <Cell><Data ss:Type="Number">0</Data></Cell>
    <Cell><Data ss:Type="String">2023-12-07 16:15:07.743775</Data></Cell>
   </Row>
   <Row>
    <Cell><Data ss:Type="String">250</Data></Cell>
    <Cell><Data ss:Type="Number">0.33</Data></Cell>
    <Cell><Data ss:Type="Number">-10</Data></Cell>
    <Cell><Data ss:Type="Number">0.12</Data></Cell>
    <Cell><Data ss:Type="Number">-9.41</Data></Cell>
    <Cell><Data ss:Type="Number">-0.04</Data></Cell>
    <Cell><Data ss:Type="Number">-0.91</Data></Cell>
    <Cell><Data ss:Type="Number">22.7</Data></Cell>
    <Cell><Data ss:Type="Number">39.6</Data></Cell>
    <Cell><Data ss:Type="Number">0</Data></Cell>
    <Cell><Data ss:Type="Number">0</Data></Cell>
    <Cell><Data ss:Type="String">2023-12-07 16:15:07.696569</Data></Cell>
   </Row>
   <Row>
    <Cell><Data ss:Type="String">249</Data></Cell>
    <Cell><Data ss:Type="Number">0.28000000000000003</Data></Cell>
    <Cell><Data ss:Type="Number">-9.98</Data></Cell>
    <Cell><Data ss:Type="Number">0.1</Data></Cell>
    <Cell><Data ss:Type="Number">-9.44</Data></Cell>
    <Cell><Data ss:Type="Number">-7.0000000000000007E-2</Data></Cell>
    <Cell><Data ss:Type="Number">-0.94</Data></Cell>
    <Cell><Data ss:Type="Number">22.7</Data></Cell>
    <Cell><Data ss:Type="Number">39.6</Data></Cell>
    <Cell><Data ss:Type="Number">0</Data></Cell>
    <Cell><Data ss:Type="Number">0</Data></Cell>
    <Cell><Data ss:Type="String">2023-12-07 16:15:07.652713</Data></Cell>
   </Row>
   <Row>
    <Cell><Data ss:Type="String">248</Data></Cell>
    <Cell><Data ss:Type="Number">0.28000000000000003</Data></Cell>
    <Cell><Data ss:Type="Number">-9.94</Data></Cell>
    <Cell><Data ss:Type="Number">0.11</Data></Cell>
    <Cell><Data ss:Type="Number">-9.48</Data></Cell>
    <Cell><Data ss:Type="Number">-0.08</Data></Cell>
    <Cell><Data ss:Type="Number">-0.95</Data></Cell>
    <Cell><Data ss:Type="Number">22.7</Data></Cell>
    <Cell><Data ss:Type="Number">39.6</Data></Cell>
    <Cell><Data ss:Type="Number">0</Data></Cell>
    <Cell><Data ss:Type="Number">0</Data></Cell>
    <Cell><Data ss:Type="String">2023-12-07 16:15:07.651053</Data></Cell>
   </Row>
   <Row>
    <Cell><Data ss:Type="String">247</Data></Cell>
    <Cell><Data ss:Type="Number">0.32</Data></Cell>
    <Cell><Data ss:Type="Number">-10.06</Data></Cell>
    <Cell><Data ss:Type="Number">0.03</Data></Cell>
    <Cell><Data ss:Type="Number">-9.51</Data></Cell>
    <Cell><Data ss:Type="Number">-7.0000000000000007E-2</Data></Cell>
    <Cell><Data ss:Type="Number">-0.92</Data></Cell>
    <Cell><Data ss:Type="Number">22.7</Data></Cell>
    <Cell><Data ss:Type="Number">39.6</Data></Cell>
    <Cell><Data ss:Type="Number">0</Data></Cell>
    <Cell><Data ss:Type="Number">0</Data></Cell>
    <Cell><Data ss:Type="String">2023-12-07 16:15:07.610005</Data></Cell>
   </Row>
   <Row>
    <Cell><Data ss:Type="String">246</Data></Cell>
    <Cell><Data ss:Type="Number">0.35</Data></Cell>
    <Cell><Data ss:Type="Number">-10.19</Data></Cell>
    <Cell><Data ss:Type="Number">0.42</Data></Cell>
    <Cell><Data ss:Type="Number">-9.5500000000000007</Data></Cell>
    <Cell><Data ss:Type="Number">-0.08</Data></Cell>
    <Cell><Data ss:Type="Number">-0.9</Data></Cell>
    <Cell><Data ss:Type="Number">22.7</Data></Cell>
    <Cell><Data ss:Type="Number">39.6</Data></Cell>
    <Cell><Data ss:Type="Number">0</Data></Cell>
    <Cell><Data ss:Type="Number">0</Data></Cell>
    <Cell><Data ss:Type="String">2023-12-07 16:15:07.608480</Data></Cell>
   </Row>
   <Row>
    <Cell><Data ss:Type="String">245</Data></Cell>
    <Cell><Data ss:Type="Number">0.28999999999999998</Data></Cell>
    <Cell><Data ss:Type="Number">-10.18</Data></Cell>
    <Cell><Data ss:Type="Number">0.25</Data></Cell>
    <Cell><Data ss:Type="Number">-9.42</Data></Cell>
    <Cell><Data ss:Type="Number">-0.05</Data></Cell>
    <Cell><Data ss:Type="Number">-0.92</Data></Cell>
    <Cell><Data ss:Type="Number">22.7</Data></Cell>
    <Cell><Data ss:Type="Number">39.6</Data></Cell>
    <Cell><Data ss:Type="Number">0</Data></Cell>
    <Cell><Data ss:Type="Number">0</Data></Cell>
    <Cell><Data ss:Type="String">2023-12-07 16:15:07.606274</Data></Cell>
   </Row>
   <Row>
    <Cell><Data ss:Type="String">244</Data></Cell>
    <Cell><Data ss:Type="Number">0.27</Data></Cell>
    <Cell><Data ss:Type="Number">-9.9600000000000009</Data></Cell>
    <Cell><Data ss:Type="Number">0.1</Data></Cell>
    <Cell><Data ss:Type="Number">-9.4499999999999993</Data></Cell>
    <Cell><Data ss:Type="Number">-7.0000000000000007E-2</Data></Cell>
    <Cell><Data ss:Type="Number">-0.96</Data></Cell>
    <Cell><Data ss:Type="Number">22.7</Data></Cell>
    <Cell><Data ss:Type="Number">39.6</Data></Cell>
    <Cell><Data ss:Type="Number">0</Data></Cell>
    <Cell><Data ss:Type="Number">0</Data></Cell>
    <Cell><Data ss:Type="String">2023-12-07 16:15:07.502154</Data></Cell>
   </Row>
   <Row>
    <Cell><Data ss:Type="String">243</Data></Cell>
    <Cell><Data ss:Type="Number">0.25</Data></Cell>
    <Cell><Data ss:Type="Number">-9.98</Data></Cell>
    <Cell><Data ss:Type="Number">0.08</Data></Cell>
    <Cell><Data ss:Type="Number">-9.48</Data></Cell>
    <Cell><Data ss:Type="Number">-7.0000000000000007E-2</Data></Cell>
    <Cell><Data ss:Type="Number">-0.96</Data></Cell>
    <Cell><Data ss:Type="Number">22.7</Data></Cell>
    <Cell><Data ss:Type="Number">39.6</Data></Cell>
    <Cell><Data ss:Type="Number">0</Data></Cell>
    <Cell><Data ss:Type="Number">0</Data></Cell>
    <Cell><Data ss:Type="String">2023-12-07 16:15:07.452329</Data></Cell>
   </Row>
   <Row>
    <Cell><Data ss:Type="String">242</Data></Cell>
    <Cell><Data ss:Type="Number">0.3</Data></Cell>
    <Cell><Data ss:Type="Number">-10.1</Data></Cell>
    <Cell><Data ss:Type="Number">0.12</Data></Cell>
    <Cell><Data ss:Type="Number">-9.5299999999999994</Data></Cell>
    <Cell><Data ss:Type="Number">-0.09</Data></Cell>
    <Cell><Data ss:Type="Number">-0.94</Data></Cell>
    <Cell><Data ss:Type="Number">22.7</Data></Cell>
    <Cell><Data ss:Type="Number">39.6</Data></Cell>
    <Cell><Data ss:Type="Number">0</Data></Cell>
    <Cell><Data ss:Type="Number">0</Data></Cell>
    <Cell><Data ss:Type="String">2023-12-07 16:15:07.410428</Data></Cell>
   </Row>
   <Row>
    <Cell><Data ss:Type="String">241</Data></Cell>
    <Cell><Data ss:Type="Number">0.31</Data></Cell>
    <Cell><Data ss:Type="Number">-10.210000000000001</Data></Cell>
    <Cell><Data ss:Type="Number">0.19</Data></Cell>
    <Cell><Data ss:Type="Number">-9.5500000000000007</Data></Cell>
    <Cell><Data ss:Type="Number">-7.0000000000000007E-2</Data></Cell>
    <Cell><Data ss:Type="Number">-0.89</Data></Cell>
    <Cell><Data ss:Type="Number">22.7</Data></Cell>
    <Cell><Data ss:Type="Number">39.6</Data></Cell>
    <Cell><Data ss:Type="Number">0</Data></Cell>
    <Cell><Data ss:Type="Number">0</Data></Cell>
    <Cell><Data ss:Type="String">2023-12-07 16:15:07.408559</Data></Cell>
   </Row>
   <Row>
    <Cell><Data ss:Type="String">240</Data></Cell>
    <Cell><Data ss:Type="Number">0.25</Data></Cell>
    <Cell><Data ss:Type="Number">-10.11</Data></Cell>
    <Cell><Data ss:Type="Number">7.0000000000000007E-2</Data></Cell>
    <Cell><Data ss:Type="Number">-9.43</Data></Cell>
    <Cell><Data ss:Type="Number">-0.05</Data></Cell>
    <Cell><Data ss:Type="Number">-0.93</Data></Cell>
    <Cell><Data ss:Type="Number">22.7</Data></Cell>
    <Cell><Data ss:Type="Number">39.6</Data></Cell>
    <Cell><Data ss:Type="Number">0</Data></Cell>
    <Cell><Data ss:Type="Number">0</Data></Cell>
    <Cell><Data ss:Type="String">2023-12-07 16:15:07.362612</Data></Cell>
   </Row>
   <Row>
    <Cell><Data ss:Type="String">239</Data></Cell>
    <Cell><Data ss:Type="Number">0.28000000000000003</Data></Cell>
    <Cell><Data ss:Type="Number">-10.06</Data></Cell>
    <Cell><Data ss:Type="Number">0.12</Data></Cell>
    <Cell><Data ss:Type="Number">-9.42</Data></Cell>
    <Cell><Data ss:Type="Number">-0.09</Data></Cell>
    <Cell><Data ss:Type="Number">-0.94</Data></Cell>
    <Cell><Data ss:Type="Number">22.7</Data></Cell>
    <Cell><Data ss:Type="Number">39.6</Data></Cell>
    <Cell><Data ss:Type="Number">0</Data></Cell>
    <Cell><Data ss:Type="Number">0</Data></Cell>
    <Cell><Data ss:Type="String">2023-12-07 16:15:07.317102</Data></Cell>
   </Row>
   <Row>
    <Cell><Data ss:Type="String">238</Data></Cell>
    <Cell><Data ss:Type="Number">0.31</Data></Cell>
    <Cell><Data ss:Type="Number">-10.029999999999999</Data></Cell>
    <Cell><Data ss:Type="Number">0.08</Data></Cell>
    <Cell><Data ss:Type="Number">-9.49</Data></Cell>
    <Cell><Data ss:Type="Number">-0.09</Data></Cell>
    <Cell><Data ss:Type="Number">-0.92</Data></Cell>
    <Cell><Data ss:Type="Number">22.7</Data></Cell>
    <Cell><Data ss:Type="Number">39.6</Data></Cell>
    <Cell><Data ss:Type="Number">0</Data></Cell>
    <Cell><Data ss:Type="Number">0</Data></Cell>
    <Cell><Data ss:Type="String">2023-12-07 16:15:07.315614</Data></Cell>
   </Row>
   <Row>
    <Cell><Data ss:Type="String">237</Data></Cell>
    <Cell><Data ss:Type="Number">0.28999999999999998</Data></Cell>
    <Cell><Data ss:Type="Number">-10.220000000000001</Data></Cell>
    <Cell><Data ss:Type="Number">0.16</Data></Cell>
    <Cell><Data ss:Type="Number">-9.5299999999999994</Data></Cell>
    <Cell><Data ss:Type="Number">-0.06</Data></Cell>
    <Cell><Data ss:Type="Number">-0.92</Data></Cell>
    <Cell><Data ss:Type="Number">22.7</Data></Cell>
    <Cell><Data ss:Type="Number">39.6</Data></Cell>
    <Cell><Data ss:Type="Number">0</Data></Cell>
    <Cell><Data ss:Type="Number">0</Data></Cell>
    <Cell><Data ss:Type="String">2023-12-07 16:15:07.267831</Data></Cell>
   </Row>
   <Row>
    <Cell><Data ss:Type="String">236</Data></Cell>
    <Cell><Data ss:Type="Number">0.28999999999999998</Data></Cell>
    <Cell><Data ss:Type="Number">-10.11</Data></Cell>
    <Cell><Data ss:Type="Number">0.18</Data></Cell>
    <Cell><Data ss:Type="Number">-9.5</Data></Cell>
    <Cell><Data ss:Type="Number">-0.08</Data></Cell>
    <Cell><Data ss:Type="Number">-0.88</Data></Cell>
    <Cell><Data ss:Type="Number">22.7</Data></Cell>
    <Cell><Data ss:Type="Number">39.6</Data></Cell>
    <Cell><Data ss:Type="Number">0</Data></Cell>
    <Cell><Data ss:Type="Number">0</Data></Cell>
    <Cell><Data ss:Type="String">2023-12-07 16:15:07.218318</Data></Cell>
   </Row>
   <Row>
    <Cell><Data ss:Type="String">235</Data></Cell>
    <Cell><Data ss:Type="Number">0.26</Data></Cell>
    <Cell><Data ss:Type="Number">-9.9600000000000009</Data></Cell>
    <Cell><Data ss:Type="Number">0.27</Data></Cell>
    <Cell><Data ss:Type="Number">-9.4</Data></Cell>
    <Cell><Data ss:Type="Number">-0.06</Data></Cell>
    <Cell><Data ss:Type="Number">-0.95</Data></Cell>
    <Cell><Data ss:Type="Number">22.7</Data></Cell>
    <Cell><Data ss:Type="Number">39.6</Data></Cell>
    <Cell><Data ss:Type="Number">0</Data></Cell>
    <Cell><Data ss:Type="Number">0</Data></Cell>
    <Cell><Data ss:Type="String">2023-12-07 16:15:07.216830</Data></Cell>
   </Row>
   <Row>
    <Cell><Data ss:Type="String">234</Data></Cell>
    <Cell><Data ss:Type="Number">0.18</Data></Cell>
    <Cell><Data ss:Type="Number">-10</Data></Cell>
    <Cell><Data ss:Type="Number">0.04</Data></Cell>
    <Cell><Data ss:Type="Number">-9.4</Data></Cell>
    <Cell><Data ss:Type="Number">-7.0000000000000007E-2</Data></Cell>
    <Cell><Data ss:Type="Number">-0.94</Data></Cell>
    <Cell><Data ss:Type="Number">22.7</Data></Cell>
    <Cell><Data ss:Type="Number">39.6</Data></Cell>
    <Cell><Data ss:Type="Number">0</Data></Cell>
    <Cell><Data ss:Type="Number">0</Data></Cell>
    <Cell><Data ss:Type="String">2023-12-07 16:15:07.215224</Data></Cell>
   </Row>
   <Row>
    <Cell><Data ss:Type="String">233</Data></Cell>
    <Cell><Data ss:Type="Number">0.25</Data></Cell>
    <Cell><Data ss:Type="Number">-10.08</Data></Cell>
    <Cell><Data ss:Type="Number">0.12</Data></Cell>
    <Cell><Data ss:Type="Number">-9.4600000000000009</Data></Cell>
    <Cell><Data ss:Type="Number">-0.06</Data></Cell>
    <Cell><Data ss:Type="Number">-0.95</Data></Cell>
    <Cell><Data ss:Type="Number">22.7</Data></Cell>
    <Cell><Data ss:Type="Number">39.6</Data></Cell>
    <Cell><Data ss:Type="Number">0</Data></Cell>
    <Cell><Data ss:Type="Number">0</Data></Cell>
    <Cell><Data ss:Type="String">2023-12-07 16:15:07.213759</Data></Cell>
   </Row>
   <Row>
    <Cell><Data ss:Type="String">232</Data></Cell>
    <Cell><Data ss:Type="Number">0.28999999999999998</Data></Cell>
    <Cell><Data ss:Type="Number">-10.19</Data></Cell>
    <Cell><Data ss:Type="Number">0.13</Data></Cell>
    <Cell><Data ss:Type="Number">-9.5299999999999994</Data></Cell>
    <Cell><Data ss:Type="Number">-0.08</Data></Cell>
    <Cell><Data ss:Type="Number">-0.9</Data></Cell>
    <Cell><Data ss:Type="Number">22.7</Data></Cell>
    <Cell><Data ss:Type="Number">39.6</Data></Cell>
    <Cell><Data ss:Type="Number">0</Data></Cell>
    <Cell><Data ss:Type="Number">0</Data></Cell>
    <Cell><Data ss:Type="String">2023-12-07 16:15:07.211792</Data></Cell>
   </Row>
   <Row>
    <Cell><Data ss:Type="String">231</Data></Cell>
    <Cell><Data ss:Type="Number">0.28999999999999998</Data></Cell>
    <Cell><Data ss:Type="Number">-10.119999999999999</Data></Cell>
    <Cell><Data ss:Type="Number">0.18</Data></Cell>
    <Cell><Data ss:Type="Number">-9.4700000000000006</Data></Cell>
    <Cell><Data ss:Type="Number">-7.0000000000000007E-2</Data></Cell>
    <Cell><Data ss:Type="Number">-0.9</Data></Cell>
    <Cell><Data ss:Type="Number">22.7</Data></Cell>
    <Cell><Data ss:Type="Number">39.6</Data></Cell>
    <Cell><Data ss:Type="Number">0</Data></Cell>
    <Cell><Data ss:Type="Number">0</Data></Cell>
    <Cell><Data ss:Type="String">2023-12-07 16:15:07.042617</Data></Cell>
   </Row>
   <Row>
    <Cell><Data ss:Type="String">230</Data></Cell>
    <Cell><Data ss:Type="Number">0.4</Data></Cell>
    <Cell><Data ss:Type="Number">-9.98</Data></Cell>
    <Cell><Data ss:Type="Number">0.24</Data></Cell>
    <Cell><Data ss:Type="Number">-9.43</Data></Cell>
    <Cell><Data ss:Type="Number">-7.0000000000000007E-2</Data></Cell>
    <Cell><Data ss:Type="Number">-0.95</Data></Cell>
    <Cell><Data ss:Type="Number">22.7</Data></Cell>
    <Cell><Data ss:Type="Number">39.6</Data></Cell>
    <Cell><Data ss:Type="Number">0</Data></Cell>
    <Cell><Data ss:Type="Number">0</Data></Cell>
    <Cell><Data ss:Type="String">2023-12-07 16:15:07.037660</Data></Cell>
   </Row>
   <Row>
    <Cell><Data ss:Type="String">229</Data></Cell>
    <Cell><Data ss:Type="Number">0.28999999999999998</Data></Cell>
    <Cell><Data ss:Type="Number">-10.039999999999999</Data></Cell>
    <Cell><Data ss:Type="Number">0.16</Data></Cell>
    <Cell><Data ss:Type="Number">-9.48</Data></Cell>
    <Cell><Data ss:Type="Number">-0.09</Data></Cell>
    <Cell><Data ss:Type="Number">-0.93</Data></Cell>
    <Cell><Data ss:Type="Number">22.7</Data></Cell>
    <Cell><Data ss:Type="Number">39.6</Data></Cell>
    <Cell><Data ss:Type="Number">0</Data></Cell>
    <Cell><Data ss:Type="Number">0</Data></Cell>
    <Cell><Data ss:Type="String">2023-12-07 16:15:06.994511</Data></Cell>
   </Row>
   <Row>
    <Cell><Data ss:Type="String">228</Data></Cell>
    <Cell><Data ss:Type="Number">0.23</Data></Cell>
    <Cell><Data ss:Type="Number">-10.199999999999999</Data></Cell>
    <Cell><Data ss:Type="Number">0.14000000000000001</Data></Cell>
    <Cell><Data ss:Type="Number">-9.52</Data></Cell>
    <Cell><Data ss:Type="Number">-0.09</Data></Cell>
    <Cell><Data ss:Type="Number">-0.92</Data></Cell>
    <Cell><Data ss:Type="Number">22.7</Data></Cell>
    <Cell><Data ss:Type="Number">39.6</Data></Cell>
    <Cell><Data ss:Type="Number">0</Data></Cell>
    <Cell><Data ss:Type="Number">0</Data></Cell>
    <Cell><Data ss:Type="String">2023-12-07 16:15:06.993031</Data></Cell>
   </Row>
   <Row>
    <Cell><Data ss:Type="String">227</Data></Cell>
    <Cell><Data ss:Type="Number">0.28000000000000003</Data></Cell>
    <Cell><Data ss:Type="Number">-10.119999999999999</Data></Cell>
    <Cell><Data ss:Type="Number">0.4</Data></Cell>
    <Cell><Data ss:Type="Number">-9.48</Data></Cell>
    <Cell><Data ss:Type="Number">-0.06</Data></Cell>
    <Cell><Data ss:Type="Number">-0.89</Data></Cell>
    <Cell><Data ss:Type="Number">22.7</Data></Cell>
    <Cell><Data ss:Type="Number">39.6</Data></Cell>
    <Cell><Data ss:Type="Number">0</Data></Cell>
    <Cell><Data ss:Type="Number">0</Data></Cell>
    <Cell><Data ss:Type="String">2023-12-07 16:15:06.991464</Data></Cell>
   </Row>
   <Row>
    <Cell><Data ss:Type="String">226</Data></Cell>
    <Cell><Data ss:Type="Number">0.28000000000000003</Data></Cell>
    <Cell><Data ss:Type="Number">-10.039999999999999</Data></Cell>
    <Cell><Data ss:Type="Number">0.12</Data></Cell>
    <Cell><Data ss:Type="Number">-9.4499999999999993</Data></Cell>
    <Cell><Data ss:Type="Number">-7.0000000000000007E-2</Data></Cell>
    <Cell><Data ss:Type="Number">-0.93</Data></Cell>
    <Cell><Data ss:Type="Number">22.7</Data></Cell>
    <Cell><Data ss:Type="Number">39.6</Data></Cell>
    <Cell><Data ss:Type="Number">0</Data></Cell>
    <Cell><Data ss:Type="Number">0</Data></Cell>
    <Cell><Data ss:Type="String">2023-12-07 16:15:06.887245</Data></Cell>
   </Row>
   <Row>
    <Cell><Data ss:Type="String">225</Data></Cell>
    <Cell><Data ss:Type="Number">0.27</Data></Cell>
    <Cell><Data ss:Type="Number">-9.94</Data></Cell>
    <Cell><Data ss:Type="Number">0.12</Data></Cell>
    <Cell><Data ss:Type="Number">-9.4</Data></Cell>
    <Cell><Data ss:Type="Number">-0.06</Data></Cell>
    <Cell><Data ss:Type="Number">-0.96</Data></Cell>
    <Cell><Data ss:Type="Number">22.7</Data></Cell>
    <Cell><Data ss:Type="Number">39.6</Data></Cell>
    <Cell><Data ss:Type="Number">0</Data></Cell>
    <Cell><Data ss:Type="Number">0</Data></Cell>
    <Cell><Data ss:Type="String">2023-12-07 16:15:06.885548</Data></Cell>
   </Row>
   <Row>
    <Cell><Data ss:Type="String">224</Data></Cell>
    <Cell><Data ss:Type="Number">0.3</Data></Cell>
    <Cell><Data ss:Type="Number">-10.119999999999999</Data></Cell>
    <Cell><Data ss:Type="Number">0.1</Data></Cell>
    <Cell><Data ss:Type="Number">-9.52</Data></Cell>
    <Cell><Data ss:Type="Number">-7.0000000000000007E-2</Data></Cell>
    <Cell><Data ss:Type="Number">-0.91</Data></Cell>
    <Cell><Data ss:Type="Number">22.7</Data></Cell>
    <Cell><Data ss:Type="Number">39.6</Data></Cell>
    <Cell><Data ss:Type="Number">0</Data></Cell>
    <Cell><Data ss:Type="Number">0</Data></Cell>
    <Cell><Data ss:Type="String">2023-12-07 16:15:06.838814</Data></Cell>
   </Row>
   <Row>
    <Cell><Data ss:Type="String">223</Data></Cell>
    <Cell><Data ss:Type="Number">0.26</Data></Cell>
    <Cell><Data ss:Type="Number">-10.16</Data></Cell>
    <Cell><Data ss:Type="Number">0.16</Data></Cell>
    <Cell><Data ss:Type="Number">-9.5500000000000007</Data></Cell>
    <Cell><Data ss:Type="Number">-7.0000000000000007E-2</Data></Cell>
    <Cell><Data ss:Type="Number">-0.94</Data></Cell>
    <Cell><Data ss:Type="Number">22.7</Data></Cell>
    <Cell><Data ss:Type="Number">39.6</Data></Cell>
    <Cell><Data ss:Type="Number">0</Data></Cell>
    <Cell><Data ss:Type="Number">0</Data></Cell>
    <Cell><Data ss:Type="String">2023-12-07 16:15:06.793470</Data></Cell>
   </Row>
   <Row>
    <Cell><Data ss:Type="String">222</Data></Cell>
    <Cell><Data ss:Type="Number">0.27</Data></Cell>
    <Cell><Data ss:Type="Number">-10.26</Data></Cell>
    <Cell><Data ss:Type="Number">0.06</Data></Cell>
    <Cell><Data ss:Type="Number">-9.5</Data></Cell>
    <Cell><Data ss:Type="Number">-0.04</Data></Cell>
    <Cell><Data ss:Type="Number">-0.92</Data></Cell>
    <Cell><Data ss:Type="Number">22.7</Data></Cell>
    <Cell><Data ss:Type="Number">39.6</Data></Cell>
    <Cell><Data ss:Type="Number">0</Data></Cell>
    <Cell><Data ss:Type="Number">0</Data></Cell>
    <Cell><Data ss:Type="String">2023-12-07 16:15:06.746867</Data></Cell>
   </Row>
   <Row>
    <Cell><Data ss:Type="String">221</Data></Cell>
    <Cell><Data ss:Type="Number">0.31</Data></Cell>
    <Cell><Data ss:Type="Number">-10.130000000000001</Data></Cell>
    <Cell><Data ss:Type="Number">0.12</Data></Cell>
    <Cell><Data ss:Type="Number">-9.5399999999999991</Data></Cell>
    <Cell><Data ss:Type="Number">-7.0000000000000007E-2</Data></Cell>
    <Cell><Data ss:Type="Number">-0.92</Data></Cell>
    <Cell><Data ss:Type="Number">22.7</Data></Cell>
    <Cell><Data ss:Type="Number">39.6</Data></Cell>
    <Cell><Data ss:Type="Number">0</Data></Cell>
    <Cell><Data ss:Type="Number">0</Data></Cell>
    <Cell><Data ss:Type="String">2023-12-07 16:15:06.745334</Data></Cell>
   </Row>
   <Row>
    <Cell><Data ss:Type="String">220</Data></Cell>
    <Cell><Data ss:Type="Number">0.3</Data></Cell>
    <Cell><Data ss:Type="Number">-10.24</Data></Cell>
    <Cell><Data ss:Type="Number">0.23</Data></Cell>
    <Cell><Data ss:Type="Number">-9.5399999999999991</Data></Cell>
    <Cell><Data ss:Type="Number">-0.09</Data></Cell>
    <Cell><Data ss:Type="Number">-0.89</Data></Cell>
    <Cell><Data ss:Type="Number">22.7</Data></Cell>
    <Cell><Data ss:Type="Number">39.6</Data></Cell>
    <Cell><Data ss:Type="Number">0</Data></Cell>
    <Cell><Data ss:Type="Number">0</Data></Cell>
    <Cell><Data ss:Type="String">2023-12-07 16:15:06.692660</Data></Cell>
   </Row>
   <Row>
    <Cell><Data ss:Type="String">219</Data></Cell>
    <Cell><Data ss:Type="Number">0.24</Data></Cell>
    <Cell><Data ss:Type="Number">-9.99</Data></Cell>
    <Cell><Data ss:Type="Number">-0.01</Data></Cell>
    <Cell><Data ss:Type="Number">-9.4499999999999993</Data></Cell>
    <Cell><Data ss:Type="Number">-0.03</Data></Cell>
    <Cell><Data ss:Type="Number">-0.92</Data></Cell>
    <Cell><Data ss:Type="Number">22.7</Data></Cell>
    <Cell><Data ss:Type="Number">39.6</Data></Cell>
    <Cell><Data ss:Type="Number">0</Data></Cell>
    <Cell><Data ss:Type="Number">0</Data></Cell>
    <Cell><Data ss:Type="String">2023-12-07 16:15:06.691260</Data></Cell>
   </Row>
   <Row>
    <Cell><Data ss:Type="String">218</Data></Cell>
    <Cell><Data ss:Type="Number">0.3</Data></Cell>
    <Cell><Data ss:Type="Number">-9.98</Data></Cell>
    <Cell><Data ss:Type="Number">0.06</Data></Cell>
    <Cell><Data ss:Type="Number">-9.43</Data></Cell>
    <Cell><Data ss:Type="Number">-0.06</Data></Cell>
    <Cell><Data ss:Type="Number">-0.96</Data></Cell>
    <Cell><Data ss:Type="Number">22.7</Data></Cell>
    <Cell><Data ss:Type="Number">39.6</Data></Cell>
    <Cell><Data ss:Type="Number">0</Data></Cell>
    <Cell><Data ss:Type="Number">0</Data></Cell>
    <Cell><Data ss:Type="String">2023-12-07 16:15:06.688760</Data></Cell>
   </Row>
   <Row>
    <Cell><Data ss:Type="String">217</Data></Cell>
    <Cell><Data ss:Type="Number">0.25</Data></Cell>
    <Cell><Data ss:Type="Number">-9.93</Data></Cell>
    <Cell><Data ss:Type="Number">0.12</Data></Cell>
    <Cell><Data ss:Type="Number">-9.4499999999999993</Data></Cell>
    <Cell><Data ss:Type="Number">-0.08</Data></Cell>
    <Cell><Data ss:Type="Number">-0.93</Data></Cell>
    <Cell><Data ss:Type="Number">22.7</Data></Cell>
    <Cell><Data ss:Type="Number">39.6</Data></Cell>
    <Cell><Data ss:Type="Number">0</Data></Cell>
    <Cell><Data ss:Type="Number">0</Data></Cell>
    <Cell><Data ss:Type="String">2023-12-07 16:15:06.686435</Data></Cell>
   </Row>
   <Row>
    <Cell><Data ss:Type="String">216</Data></Cell>
    <Cell><Data ss:Type="Number">0.31</Data></Cell>
    <Cell><Data ss:Type="Number">-10.210000000000001</Data></Cell>
    <Cell><Data ss:Type="Number">0.16</Data></Cell>
    <Cell><Data ss:Type="Number">-9.5299999999999994</Data></Cell>
    <Cell><Data ss:Type="Number">-0.1</Data></Cell>
    <Cell><Data ss:Type="Number">-0.92</Data></Cell>
    <Cell><Data ss:Type="Number">22.7</Data></Cell>
    <Cell><Data ss:Type="Number">39.6</Data></Cell>
    <Cell><Data ss:Type="Number">0</Data></Cell>
    <Cell><Data ss:Type="Number">0</Data></Cell>
    <Cell><Data ss:Type="String">2023-12-07 16:15:06.684615</Data></Cell>
   </Row>
   <Row>
    <Cell><Data ss:Type="String">215</Data></Cell>
    <Cell><Data ss:Type="Number">0.31</Data></Cell>
    <Cell><Data ss:Type="Number">-10.1</Data></Cell>
    <Cell><Data ss:Type="Number">0.13</Data></Cell>
    <Cell><Data ss:Type="Number">-9.5399999999999991</Data></Cell>
    <Cell><Data ss:Type="Number">-7.0000000000000007E-2</Data></Cell>
    <Cell><Data ss:Type="Number">-0.94</Data></Cell>
    <Cell><Data ss:Type="Number">22.7</Data></Cell>
    <Cell><Data ss:Type="Number">39.6</Data></Cell>
    <Cell><Data ss:Type="Number">0</Data></Cell>
    <Cell><Data ss:Type="Number">0</Data></Cell>
    <Cell><Data ss:Type="String">2023-12-07 16:15:06.495990</Data></Cell>
   </Row>
   <Row>
    <Cell><Data ss:Type="String">214</Data></Cell>
    <Cell><Data ss:Type="Number">0.33</Data></Cell>
    <Cell><Data ss:Type="Number">-10.19</Data></Cell>
    <Cell><Data ss:Type="Number">0.2</Data></Cell>
    <Cell><Data ss:Type="Number">-9.52</Data></Cell>
    <Cell><Data ss:Type="Number">-0.06</Data></Cell>
    <Cell><Data ss:Type="Number">-0.9</Data></Cell>
    <Cell><Data ss:Type="Number">22.7</Data></Cell>
    <Cell><Data ss:Type="Number">39.6</Data></Cell>
    <Cell><Data ss:Type="Number">0</Data></Cell>
    <Cell><Data ss:Type="Number">0</Data></Cell>
    <Cell><Data ss:Type="String">2023-12-07 16:15:06.494381</Data></Cell>
   </Row>
   <Row>
    <Cell><Data ss:Type="String">213</Data></Cell>
    <Cell><Data ss:Type="Number">0.22</Data></Cell>
    <Cell><Data ss:Type="Number">-10</Data></Cell>
    <Cell><Data ss:Type="Number">0.08</Data></Cell>
    <Cell><Data ss:Type="Number">-9.4499999999999993</Data></Cell>
    <Cell><Data ss:Type="Number">-0.05</Data></Cell>
    <Cell><Data ss:Type="Number">-0.96</Data></Cell>
    <Cell><Data ss:Type="Number">22.7</Data></Cell>
    <Cell><Data ss:Type="Number">39.6</Data></Cell>
    <Cell><Data ss:Type="Number">0</Data></Cell>
    <Cell><Data ss:Type="Number">0</Data></Cell>
    <Cell><Data ss:Type="String">2023-12-07 16:15:06.456018</Data></Cell>
   </Row>
   <Row>
    <Cell><Data ss:Type="String">212</Data></Cell>
    <Cell><Data ss:Type="Number">0.35</Data></Cell>
    <Cell><Data ss:Type="Number">-9.93</Data></Cell>
    <Cell><Data ss:Type="Number">0.17</Data></Cell>
    <Cell><Data ss:Type="Number">-9.4499999999999993</Data></Cell>
    <Cell><Data ss:Type="Number">-0.1</Data></Cell>
    <Cell><Data ss:Type="Number">-0.93</Data></Cell>
    <Cell><Data ss:Type="Number">22.7</Data></Cell>
    <Cell><Data ss:Type="Number">39.6</Data></Cell>
    <Cell><Data ss:Type="Number">0</Data></Cell>
    <Cell><Data ss:Type="Number">0</Data></Cell>
    <Cell><Data ss:Type="String">2023-12-07 16:15:06.409596</Data></Cell>
   </Row>
   <Row>
    <Cell><Data ss:Type="String">211</Data></Cell>
    <Cell><Data ss:Type="Number">0.34</Data></Cell>
    <Cell><Data ss:Type="Number">-10.07</Data></Cell>
    <Cell><Data ss:Type="Number">-0.03</Data></Cell>
    <Cell><Data ss:Type="Number">-9.5299999999999994</Data></Cell>
    <Cell><Data ss:Type="Number">-0.09</Data></Cell>
    <Cell><Data ss:Type="Number">-0.87</Data></Cell>
    <Cell><Data ss:Type="Number">22.7</Data></Cell>
    <Cell><Data ss:Type="Number">39.6</Data></Cell>
    <Cell><Data ss:Type="Number">0</Data></Cell>
    <Cell><Data ss:Type="Number">0</Data></Cell>
    <Cell><Data ss:Type="String">2023-12-07 16:15:06.364462</Data></Cell>
   </Row>
   <Row>
    <Cell><Data ss:Type="String">210</Data></Cell>
    <Cell><Data ss:Type="Number">0.35</Data></Cell>
    <Cell><Data ss:Type="Number">-10.27</Data></Cell>
    <Cell><Data ss:Type="Number">0.1</Data></Cell>
    <Cell><Data ss:Type="Number">-9.5399999999999991</Data></Cell>
    <Cell><Data ss:Type="Number">-0.05</Data></Cell>
    <Cell><Data ss:Type="Number">-0.97</Data></Cell>
    <Cell><Data ss:Type="Number">22.7</Data></Cell>
    <Cell><Data ss:Type="Number">39.6</Data></Cell>
    <Cell><Data ss:Type="Number">0</Data></Cell>
    <Cell><Data ss:Type="Number">0</Data></Cell>
    <Cell><Data ss:Type="String">2023-12-07 16:15:06.362856</Data></Cell>
   </Row>
   <Row>
    <Cell><Data ss:Type="String">209</Data></Cell>
    <Cell><Data ss:Type="Number">0.2</Data></Cell>
    <Cell><Data ss:Type="Number">-9.98</Data></Cell>
    <Cell><Data ss:Type="Number">0.01</Data></Cell>
    <Cell><Data ss:Type="Number">-9.4</Data></Cell>
    <Cell><Data ss:Type="Number">-0.02</Data></Cell>
    <Cell><Data ss:Type="Number">-0.87</Data></Cell>
    <Cell><Data ss:Type="Number">22.7</Data></Cell>
    <Cell><Data ss:Type="Number">39.6</Data></Cell>
    <Cell><Data ss:Type="Number">0</Data></Cell>
    <Cell><Data ss:Type="Number">0</Data></Cell>
    <Cell><Data ss:Type="String">2023-12-07 16:15:06.315845</Data></Cell>
   </Row>
   <Row>
    <Cell><Data ss:Type="String">208</Data></Cell>
    <Cell><Data ss:Type="Number">0.43</Data></Cell>
    <Cell><Data ss:Type="Number">-9.9</Data></Cell>
    <Cell><Data ss:Type="Number">0.14000000000000001</Data></Cell>
    <Cell><Data ss:Type="Number">-9.42</Data></Cell>
    <Cell><Data ss:Type="Number">-0.18</Data></Cell>
    <Cell><Data ss:Type="Number">-0.99</Data></Cell>
    <Cell><Data ss:Type="Number">22.7</Data></Cell>
    <Cell><Data ss:Type="Number">39.6</Data></Cell>
    <Cell><Data ss:Type="Number">0</Data></Cell>
    <Cell><Data ss:Type="Number">0</Data></Cell>
    <Cell><Data ss:Type="String">2023-12-07 16:15:06.276121</Data></Cell>
   </Row>
   <Row>
    <Cell><Data ss:Type="String">207</Data></Cell>
    <Cell><Data ss:Type="Number">0.13</Data></Cell>
    <Cell><Data ss:Type="Number">-10.039999999999999</Data></Cell>
    <Cell><Data ss:Type="Number">0.14000000000000001</Data></Cell>
    <Cell><Data ss:Type="Number">-9.4600000000000009</Data></Cell>
    <Cell><Data ss:Type="Number">-0.06</Data></Cell>
    <Cell><Data ss:Type="Number">-0.89</Data></Cell>
    <Cell><Data ss:Type="Number">22.7</Data></Cell>
    <Cell><Data ss:Type="Number">39.6</Data></Cell>
    <Cell><Data ss:Type="Number">0</Data></Cell>
    <Cell><Data ss:Type="Number">0</Data></Cell>
    <Cell><Data ss:Type="String">2023-12-07 16:15:06.274027</Data></Cell>
   </Row>
   <Row>
    <Cell><Data ss:Type="String">206</Data></Cell>
    <Cell><Data ss:Type="Number">0.05</Data></Cell>
    <Cell><Data ss:Type="Number">-10.25</Data></Cell>
    <Cell><Data ss:Type="Number">0.04</Data></Cell>
    <Cell><Data ss:Type="Number">-9.5500000000000007</Data></Cell>
    <Cell><Data ss:Type="Number">7.0000000000000007E-2</Data></Cell>
    <Cell><Data ss:Type="Number">-0.92</Data></Cell>
    <Cell><Data ss:Type="Number">22.7</Data></Cell>
    <Cell><Data ss:Type="Number">39.6</Data></Cell>
    <Cell><Data ss:Type="Number">0</Data></Cell>
    <Cell><Data ss:Type="Number">0</Data></Cell>
    <Cell><Data ss:Type="String">2023-12-07 16:15:06.224037</Data></Cell>
   </Row>
   <Row>
    <Cell><Data ss:Type="String">205</Data></Cell>
    <Cell><Data ss:Type="Number">0.57999999999999996</Data></Cell>
    <Cell><Data ss:Type="Number">-10.16</Data></Cell>
    <Cell><Data ss:Type="Number">0.49</Data></Cell>
    <Cell><Data ss:Type="Number">-9.4700000000000006</Data></Cell>
    <Cell><Data ss:Type="Number">0.03</Data></Cell>
    <Cell><Data ss:Type="Number">-0.96</Data></Cell>
    <Cell><Data ss:Type="Number">22.7</Data></Cell>
    <Cell><Data ss:Type="Number">39.6</Data></Cell>
    <Cell><Data ss:Type="Number">0</Data></Cell>
    <Cell><Data ss:Type="Number">0</Data></Cell>
    <Cell><Data ss:Type="String">2023-12-07 16:15:06.178965</Data></Cell>
   </Row>
   <Row>
    <Cell><Data ss:Type="String">204</Data></Cell>
    <Cell><Data ss:Type="Number">0.6</Data></Cell>
    <Cell><Data ss:Type="Number">-9.9700000000000006</Data></Cell>
    <Cell><Data ss:Type="Number">0.4</Data></Cell>
    <Cell><Data ss:Type="Number">-9.3699999999999992</Data></Cell>
    <Cell><Data ss:Type="Number">-0.46</Data></Cell>
    <Cell><Data ss:Type="Number">-0.83</Data></Cell>
    <Cell><Data ss:Type="Number">22.7</Data></Cell>
    <Cell><Data ss:Type="Number">39.6</Data></Cell>
    <Cell><Data ss:Type="Number">0</Data></Cell>
    <Cell><Data ss:Type="Number">0</Data></Cell>
    <Cell><Data ss:Type="String">2023-12-07 16:15:06.133032</Data></Cell>
   </Row>
   <Row>
    <Cell><Data ss:Type="String">203</Data></Cell>
    <Cell><Data ss:Type="Number">0.18</Data></Cell>
    <Cell><Data ss:Type="Number">-10.199999999999999</Data></Cell>
    <Cell><Data ss:Type="Number">-0.37</Data></Cell>
    <Cell><Data ss:Type="Number">-9.5500000000000007</Data></Cell>
    <Cell><Data ss:Type="Number">0.27</Data></Cell>
    <Cell><Data ss:Type="Number">-1.06</Data></Cell>
    <Cell><Data ss:Type="Number">22.7</Data></Cell>
    <Cell><Data ss:Type="Number">39.6</Data></Cell>
    <Cell><Data ss:Type="Number">0</Data></Cell>
    <Cell><Data ss:Type="Number">0</Data></Cell>
    <Cell><Data ss:Type="String">2023-12-07 16:15:06.131185</Data></Cell>
   </Row>
   <Row>
    <Cell><Data ss:Type="String">202</Data></Cell>
    <Cell><Data ss:Type="Number">-1.01</Data></Cell>
    <Cell><Data ss:Type="Number">-10.25</Data></Cell>
    <Cell><Data ss:Type="Number">-0.49</Data></Cell>
    <Cell><Data ss:Type="Number">-9.5500000000000007</Data></Cell>
    <Cell><Data ss:Type="Number">0.64</Data></Cell>
    <Cell><Data ss:Type="Number">-0.96</Data></Cell>
    <Cell><Data ss:Type="Number">22.7</Data></Cell>
    <Cell><Data ss:Type="Number">39.6</Data></Cell>
    <Cell><Data ss:Type="Number">0</Data></Cell>
    <Cell><Data ss:Type="Number">0</Data></Cell>
    <Cell><Data ss:Type="String">2023-12-07 16:15:06.086590</Data></Cell>
   </Row>
   <Row>
    <Cell><Data ss:Type="String">201</Data></Cell>
    <Cell><Data ss:Type="Number">2.5099999999999998</Data></Cell>
    <Cell><Data ss:Type="Number">-9.94</Data></Cell>
    <Cell><Data ss:Type="Number">1.02</Data></Cell>
    <Cell><Data ss:Type="Number">-9.33</Data></Cell>
    <Cell><Data ss:Type="Number">-1</Data></Cell>
    <Cell><Data ss:Type="Number">-0.82</Data></Cell>
    <Cell><Data ss:Type="Number">22.7</Data></Cell>
    <Cell><Data ss:Type="Number">39.6</Data></Cell>
    <Cell><Data ss:Type="Number">0</Data></Cell>
    <Cell><Data ss:Type="Number">0</Data></Cell>
    <Cell><Data ss:Type="String">2023-12-07 16:15:06.039450</Data></Cell>
   </Row>
   <Row>
    <Cell><Data ss:Type="String">200</Data></Cell>
    <Cell><Data ss:Type="Number">0.1</Data></Cell>
    <Cell><Data ss:Type="Number">-9.68</Data></Cell>
    <Cell><Data ss:Type="Number">-1.47</Data></Cell>
    <Cell><Data ss:Type="Number">-9.39</Data></Cell>
    <Cell><Data ss:Type="Number">-1.1499999999999999</Data></Cell>
    <Cell><Data ss:Type="Number">-1.23</Data></Cell>
    <Cell><Data ss:Type="Number">22.7</Data></Cell>
    <Cell><Data ss:Type="Number">39.6</Data></Cell>
    <Cell><Data ss:Type="Number">0</Data></Cell>
    <Cell><Data ss:Type="Number">0</Data></Cell>
    <Cell><Data ss:Type="String">2023-12-07 16:15:05.994246</Data></Cell>
   </Row>
   <Row>
    <Cell><Data ss:Type="String">199</Data></Cell>
    <Cell><Data ss:Type="Number">0.33</Data></Cell>
    <Cell><Data ss:Type="Number">-9.56</Data></Cell>
    <Cell><Data ss:Type="Number">0.23</Data></Cell>
    <Cell><Data ss:Type="Number">-10.71</Data></Cell>
    <Cell><Data ss:Type="Number">0.47</Data></Cell>
    <Cell><Data ss:Type="Number">-1.1299999999999999</Data></Cell>
    <Cell><Data ss:Type="Number">22.7</Data></Cell>
    <Cell><Data ss:Type="Number">39.6</Data></Cell>
    <Cell><Data ss:Type="Number">0</Data></Cell>
    <Cell><Data ss:Type="Number">0</Data></Cell>
    <Cell><Data ss:Type="String">2023-12-07 16:15:05.992451</Data></Cell>
   </Row>
   <Row>
    <Cell><Data ss:Type="String">198</Data></Cell>
    <Cell><Data ss:Type="Number">0.67</Data></Cell>
    <Cell><Data ss:Type="Number">-10.49</Data></Cell>
    <Cell><Data ss:Type="Number">0.25</Data></Cell>
    <Cell><Data ss:Type="Number">-9.52</Data></Cell>
    <Cell><Data ss:Type="Number">-0.12</Data></Cell>
    <Cell><Data ss:Type="Number">-0.96</Data></Cell>
    <Cell><Data ss:Type="Number">22.7</Data></Cell>
    <Cell><Data ss:Type="Number">39.6</Data></Cell>
    <Cell><Data ss:Type="Number">0</Data></Cell>
    <Cell><Data ss:Type="Number">0</Data></Cell>
    <Cell><Data ss:Type="String">2023-12-07 16:15:05.945290</Data></Cell>
   </Row>
   <Row>
    <Cell><Data ss:Type="String">197</Data></Cell>
    <Cell><Data ss:Type="Number">-0.08</Data></Cell>
    <Cell><Data ss:Type="Number">-10.53</Data></Cell>
    <Cell><Data ss:Type="Number">0.25</Data></Cell>
    <Cell><Data ss:Type="Number">-9.5299999999999994</Data></Cell>
    <Cell><Data ss:Type="Number">-0.06</Data></Cell>
    <Cell><Data ss:Type="Number">-0.83</Data></Cell>
    <Cell><Data ss:Type="Number">22.7</Data></Cell>
    <Cell><Data ss:Type="Number">39.6</Data></Cell>
    <Cell><Data ss:Type="Number">0</Data></Cell>
    <Cell><Data ss:Type="Number">0</Data></Cell>
    <Cell><Data ss:Type="String">2023-12-07 16:15:05.901681</Data></Cell>
   </Row>
   <Row>
    <Cell><Data ss:Type="String">196</Data></Cell>
    <Cell><Data ss:Type="Number">0.51</Data></Cell>
    <Cell><Data ss:Type="Number">-10.3</Data></Cell>
    <Cell><Data ss:Type="Number">0.11</Data></Cell>
    <Cell><Data ss:Type="Number">-9.5</Data></Cell>
    <Cell><Data ss:Type="Number">-0.03</Data></Cell>
    <Cell><Data ss:Type="Number">-0.92</Data></Cell>
    <Cell><Data ss:Type="Number">22.7</Data></Cell>
    <Cell><Data ss:Type="Number">39.6</Data></Cell>
    <Cell><Data ss:Type="Number">0</Data></Cell>
    <Cell><Data ss:Type="Number">0</Data></Cell>
    <Cell><Data ss:Type="String">2023-12-07 16:15:05.899753</Data></Cell>
   </Row>
   <Row>
    <Cell><Data ss:Type="String">195</Data></Cell>
    <Cell><Data ss:Type="Number">0.76</Data></Cell>
    <Cell><Data ss:Type="Number">-10.15</Data></Cell>
    <Cell><Data ss:Type="Number">0.18</Data></Cell>
    <Cell><Data ss:Type="Number">-9.4600000000000009</Data></Cell>
    <Cell><Data ss:Type="Number">-0.13</Data></Cell>
    <Cell><Data ss:Type="Number">-0.96</Data></Cell>
    <Cell><Data ss:Type="Number">22.8</Data></Cell>
    <Cell><Data ss:Type="Number">39.700000000000003</Data></Cell>
    <Cell><Data ss:Type="Number">0</Data></Cell>
    <Cell><Data ss:Type="Number">0</Data></Cell>
    <Cell><Data ss:Type="String">2023-12-07 16:15:05.853185</Data></Cell>
   </Row>
   <Row>
    <Cell><Data ss:Type="String">194</Data></Cell>
    <Cell><Data ss:Type="Number">0.53</Data></Cell>
    <Cell><Data ss:Type="Number">-10.039999999999999</Data></Cell>
    <Cell><Data ss:Type="Number">0.11</Data></Cell>
    <Cell><Data ss:Type="Number">-9.57</Data></Cell>
    <Cell><Data ss:Type="Number">0.01</Data></Cell>
    <Cell><Data ss:Type="Number">-0.86</Data></Cell>
    <Cell><Data ss:Type="Number">22.8</Data></Cell>
    <Cell><Data ss:Type="Number">39.700000000000003</Data></Cell>
    <Cell><Data ss:Type="Number">0</Data></Cell>
    <Cell><Data ss:Type="Number">0</Data></Cell>
    <Cell><Data ss:Type="String">2023-12-07 16:15:05.808503</Data></Cell>
   </Row>
   <Row>
    <Cell><Data ss:Type="String">193</Data></Cell>
    <Cell><Data ss:Type="Number">0.17</Data></Cell>
    <Cell><Data ss:Type="Number">-10.220000000000001</Data></Cell>
    <Cell><Data ss:Type="Number">0.2</Data></Cell>
    <Cell><Data ss:Type="Number">-9.4499999999999993</Data></Cell>
    <Cell><Data ss:Type="Number">-0.08</Data></Cell>
    <Cell><Data ss:Type="Number">-0.94</Data></Cell>
    <Cell><Data ss:Type="Number">22.8</Data></Cell>
    <Cell><Data ss:Type="Number">39.700000000000003</Data></Cell>
    <Cell><Data ss:Type="Number">0</Data></Cell>
    <Cell><Data ss:Type="Number">0</Data></Cell>
    <Cell><Data ss:Type="String">2023-12-07 16:15:05.768582</Data></Cell>
   </Row>
   <Row>
    <Cell><Data ss:Type="String">192</Data></Cell>
    <Cell><Data ss:Type="Number">0.41</Data></Cell>
    <Cell><Data ss:Type="Number">-9.8800000000000008</Data></Cell>
    <Cell><Data ss:Type="Number">0.25</Data></Cell>
    <Cell><Data ss:Type="Number">-9.5299999999999994</Data></Cell>
    <Cell><Data ss:Type="Number">-0.05</Data></Cell>
    <Cell><Data ss:Type="Number">-0.94</Data></Cell>
    <Cell><Data ss:Type="Number">22.8</Data></Cell>
    <Cell><Data ss:Type="Number">39.700000000000003</Data></Cell>
    <Cell><Data ss:Type="Number">0</Data></Cell>
    <Cell><Data ss:Type="Number">0</Data></Cell>
    <Cell><Data ss:Type="String">2023-12-07 16:15:05.767202</Data></Cell>
   </Row>
   <Row>
    <Cell><Data ss:Type="String">191</Data></Cell>
    <Cell><Data ss:Type="Number">0.54</Data></Cell>
    <Cell><Data ss:Type="Number">-9.6199999999999992</Data></Cell>
    <Cell><Data ss:Type="Number">-0.11</Data></Cell>
    <Cell><Data ss:Type="Number">-9.5500000000000007</Data></Cell>
    <Cell><Data ss:Type="Number">-0.13</Data></Cell>
    <Cell><Data ss:Type="Number">-0.91</Data></Cell>
    <Cell><Data ss:Type="Number">22.8</Data></Cell>
    <Cell><Data ss:Type="Number">39.700000000000003</Data></Cell>
    <Cell><Data ss:Type="Number">0</Data></Cell>
    <Cell><Data ss:Type="Number">0</Data></Cell>
    <Cell><Data ss:Type="String">2023-12-07 16:15:05.765355</Data></Cell>
   </Row>
   <Row>
    <Cell><Data ss:Type="String">190</Data></Cell>
    <Cell><Data ss:Type="Number">0.27</Data></Cell>
    <Cell><Data ss:Type="Number">-10.18</Data></Cell>
    <Cell><Data ss:Type="Number">0.06</Data></Cell>
    <Cell><Data ss:Type="Number">-9.48</Data></Cell>
    <Cell><Data ss:Type="Number">-0.06</Data></Cell>
    <Cell><Data ss:Type="Number">-0.91</Data></Cell>
    <Cell><Data ss:Type="Number">22.8</Data></Cell>
    <Cell><Data ss:Type="Number">39.700000000000003</Data></Cell>
    <Cell><Data ss:Type="Number">0</Data></Cell>
    <Cell><Data ss:Type="Number">0</Data></Cell>
    <Cell><Data ss:Type="String">2023-12-07 16:15:05.658746</Data></Cell>
   </Row>
   <Row>
    <Cell><Data ss:Type="String">189</Data></Cell>
    <Cell><Data ss:Type="Number">0.09</Data></Cell>
    <Cell><Data ss:Type="Number">-9.44</Data></Cell>
    <Cell><Data ss:Type="Number">0.09</Data></Cell>
    <Cell><Data ss:Type="Number">-9.32</Data></Cell>
    <Cell><Data ss:Type="Number">-0.02</Data></Cell>
    <Cell><Data ss:Type="Number">-0.91</Data></Cell>
    <Cell><Data ss:Type="Number">22.8</Data></Cell>
    <Cell><Data ss:Type="Number">39.700000000000003</Data></Cell>
    <Cell><Data ss:Type="Number">0</Data></Cell>
    <Cell><Data ss:Type="Number">0</Data></Cell>
    <Cell><Data ss:Type="String">2023-12-07 16:15:05.657150</Data></Cell>
   </Row>
   <Row>
    <Cell><Data ss:Type="String">188</Data></Cell>
    <Cell><Data ss:Type="Number">0.25</Data></Cell>
    <Cell><Data ss:Type="Number">-10.33</Data></Cell>
    <Cell><Data ss:Type="Number">-0.22</Data></Cell>
    <Cell><Data ss:Type="Number">-9.3699999999999992</Data></Cell>
    <Cell><Data ss:Type="Number">-0.2</Data></Cell>
    <Cell><Data ss:Type="Number">-0.96</Data></Cell>
    <Cell><Data ss:Type="Number">22.8</Data></Cell>
    <Cell><Data ss:Type="Number">39.700000000000003</Data></Cell>
    <Cell><Data ss:Type="Number">0</Data></Cell>
    <Cell><Data ss:Type="Number">0</Data></Cell>
    <Cell><Data ss:Type="String">2023-12-07 16:15:05.609064</Data></Cell>
   </Row>
   <Row>
    <Cell><Data ss:Type="String">187</Data></Cell>
    <Cell><Data ss:Type="Number">0.45</Data></Cell>
    <Cell><Data ss:Type="Number">-10.029999999999999</Data></Cell>
    <Cell><Data ss:Type="Number">7.0000000000000007E-2</Data></Cell>
    <Cell><Data ss:Type="Number">-9.5500000000000007</Data></Cell>
    <Cell><Data ss:Type="Number">-0.09</Data></Cell>
    <Cell><Data ss:Type="Number">-0.88</Data></Cell>
    <Cell><Data ss:Type="Number">22.8</Data></Cell>
    <Cell><Data ss:Type="Number">39.700000000000003</Data></Cell>
    <Cell><Data ss:Type="Number">0</Data></Cell>
    <Cell><Data ss:Type="Number">0</Data></Cell>
    <Cell><Data ss:Type="String">2023-12-07 16:15:05.563556</Data></Cell>
   </Row>
   <Row>
    <Cell><Data ss:Type="String">186</Data></Cell>
    <Cell><Data ss:Type="Number">0.26</Data></Cell>
    <Cell><Data ss:Type="Number">-11.16</Data></Cell>
    <Cell><Data ss:Type="Number">0.18</Data></Cell>
    <Cell><Data ss:Type="Number">-9.68</Data></Cell>
    <Cell><Data ss:Type="Number">-0.08</Data></Cell>
    <Cell><Data ss:Type="Number">-0.92</Data></Cell>
    <Cell><Data ss:Type="Number">22.8</Data></Cell>
    <Cell><Data ss:Type="Number">39.700000000000003</Data></Cell>
    <Cell><Data ss:Type="Number">0</Data></Cell>
    <Cell><Data ss:Type="Number">0</Data></Cell>
    <Cell><Data ss:Type="String">2023-12-07 16:15:05.518022</Data></Cell>
   </Row>
   <Row>
    <Cell><Data ss:Type="String">185</Data></Cell>
    <Cell><Data ss:Type="Number">0.65</Data></Cell>
    <Cell><Data ss:Type="Number">-10.039999999999999</Data></Cell>
    <Cell><Data ss:Type="Number">0.02</Data></Cell>
    <Cell><Data ss:Type="Number">-9.49</Data></Cell>
    <Cell><Data ss:Type="Number">-0.08</Data></Cell>
    <Cell><Data ss:Type="Number">-0.9</Data></Cell>
    <Cell><Data ss:Type="Number">22.8</Data></Cell>
    <Cell><Data ss:Type="Number">39.700000000000003</Data></Cell>
    <Cell><Data ss:Type="Number">0</Data></Cell>
    <Cell><Data ss:Type="Number">0</Data></Cell>
    <Cell><Data ss:Type="String">2023-12-07 16:15:05.516423</Data></Cell>
   </Row>
   <Row>
    <Cell><Data ss:Type="String">184</Data></Cell>
    <Cell><Data ss:Type="Number">-0.05</Data></Cell>
    <Cell><Data ss:Type="Number">-9.82</Data></Cell>
    <Cell><Data ss:Type="Number">0.08</Data></Cell>
    <Cell><Data ss:Type="Number">-9.51</Data></Cell>
    <Cell><Data ss:Type="Number">-0.09</Data></Cell>
    <Cell><Data ss:Type="Number">-0.96</Data></Cell>
    <Cell><Data ss:Type="Number">22.8</Data></Cell>
    <Cell><Data ss:Type="Number">39.700000000000003</Data></Cell>
    <Cell><Data ss:Type="Number">0</Data></Cell>
    <Cell><Data ss:Type="Number">0</Data></Cell>
    <Cell><Data ss:Type="String">2023-12-07 16:15:05.472850</Data></Cell>
   </Row>
   <Row>
    <Cell><Data ss:Type="String">183</Data></Cell>
    <Cell><Data ss:Type="Number">0.39</Data></Cell>
    <Cell><Data ss:Type="Number">-9.92</Data></Cell>
    <Cell><Data ss:Type="Number">-0.09</Data></Cell>
    <Cell><Data ss:Type="Number">-9.3800000000000008</Data></Cell>
    <Cell><Data ss:Type="Number">-7.0000000000000007E-2</Data></Cell>
    <Cell><Data ss:Type="Number">-0.92</Data></Cell>
    <Cell><Data ss:Type="Number">22.8</Data></Cell>
    <Cell><Data ss:Type="Number">39.700000000000003</Data></Cell>
    <Cell><Data ss:Type="Number">0</Data></Cell>
    <Cell><Data ss:Type="Number">0</Data></Cell>
    <Cell><Data ss:Type="String">2023-12-07 16:15:05.435902</Data></Cell>
   </Row>
   <Row>
    <Cell><Data ss:Type="String">182</Data></Cell>
    <Cell><Data ss:Type="Number">0.63</Data></Cell>
    <Cell><Data ss:Type="Number">-11.32</Data></Cell>
    <Cell><Data ss:Type="Number">0.69</Data></Cell>
    <Cell><Data ss:Type="Number">-9.59</Data></Cell>
    <Cell><Data ss:Type="Number">-0.08</Data></Cell>
    <Cell><Data ss:Type="Number">-0.94</Data></Cell>
    <Cell><Data ss:Type="Number">22.8</Data></Cell>
    <Cell><Data ss:Type="Number">39.700000000000003</Data></Cell>
    <Cell><Data ss:Type="Number">0</Data></Cell>
    <Cell><Data ss:Type="Number">0</Data></Cell>
    <Cell><Data ss:Type="String">2023-12-07 16:15:05.434281</Data></Cell>
   </Row>
   <Row>
    <Cell><Data ss:Type="String">181</Data></Cell>
    <Cell><Data ss:Type="Number">0.02</Data></Cell>
    <Cell><Data ss:Type="Number">-9.73</Data></Cell>
    <Cell><Data ss:Type="Number">-0.12</Data></Cell>
    <Cell><Data ss:Type="Number">-9.4</Data></Cell>
    <Cell><Data ss:Type="Number">-0.03</Data></Cell>
    <Cell><Data ss:Type="Number">-0.95</Data></Cell>
    <Cell><Data ss:Type="Number">22.8</Data></Cell>
    <Cell><Data ss:Type="Number">39.700000000000003</Data></Cell>
    <Cell><Data ss:Type="Number">0</Data></Cell>
    <Cell><Data ss:Type="Number">0</Data></Cell>
    <Cell><Data ss:Type="String">2023-12-07 16:15:05.432745</Data></Cell>
   </Row>
   <Row>
    <Cell><Data ss:Type="String">180</Data></Cell>
    <Cell><Data ss:Type="Number">0.27</Data></Cell>
    <Cell><Data ss:Type="Number">-9.74</Data></Cell>
    <Cell><Data ss:Type="Number">0.17</Data></Cell>
    <Cell><Data ss:Type="Number">-9.34</Data></Cell>
    <Cell><Data ss:Type="Number">-0.11</Data></Cell>
    <Cell><Data ss:Type="Number">-0.96</Data></Cell>
    <Cell><Data ss:Type="Number">22.8</Data></Cell>
    <Cell><Data ss:Type="Number">39.700000000000003</Data></Cell>
    <Cell><Data ss:Type="Number">0</Data></Cell>
    <Cell><Data ss:Type="Number">0</Data></Cell>
    <Cell><Data ss:Type="String">2023-12-07 16:15:05.430947</Data></Cell>
   </Row>
   <Row>
    <Cell><Data ss:Type="String">179</Data></Cell>
    <Cell><Data ss:Type="Number">0.36</Data></Cell>
    <Cell><Data ss:Type="Number">-9.2799999999999994</Data></Cell>
    <Cell><Data ss:Type="Number">0.31</Data></Cell>
    <Cell><Data ss:Type="Number">-9.39</Data></Cell>
    <Cell><Data ss:Type="Number">-7.0000000000000007E-2</Data></Cell>
    <Cell><Data ss:Type="Number">-0.97</Data></Cell>
    <Cell><Data ss:Type="Number">22.8</Data></Cell>
    <Cell><Data ss:Type="Number">39.700000000000003</Data></Cell>
    <Cell><Data ss:Type="Number">0</Data></Cell>
    <Cell><Data ss:Type="Number">0</Data></Cell>
    <Cell><Data ss:Type="String">2023-12-07 16:15:05.429223</Data></Cell>
   </Row>
   <Row>
    <Cell><Data ss:Type="String">178</Data></Cell>
    <Cell><Data ss:Type="Number">0.25</Data></Cell>
    <Cell><Data ss:Type="Number">-10.89</Data></Cell>
    <Cell><Data ss:Type="Number">-0.11</Data></Cell>
    <Cell><Data ss:Type="Number">-9.67</Data></Cell>
    <Cell><Data ss:Type="Number">-0.03</Data></Cell>
    <Cell><Data ss:Type="Number">-0.86</Data></Cell>
    <Cell><Data ss:Type="Number">22.8</Data></Cell>
    <Cell><Data ss:Type="Number">39.700000000000003</Data></Cell>
    <Cell><Data ss:Type="Number">0</Data></Cell>
    <Cell><Data ss:Type="Number">0</Data></Cell>
    <Cell><Data ss:Type="String">2023-12-07 16:15:05.427623</Data></Cell>
   </Row>
   <Row>
    <Cell><Data ss:Type="String">177</Data></Cell>
    <Cell><Data ss:Type="Number">0.3</Data></Cell>
    <Cell><Data ss:Type="Number">-10.58</Data></Cell>
    <Cell><Data ss:Type="Number">0.49</Data></Cell>
    <Cell><Data ss:Type="Number">-9.6999999999999993</Data></Cell>
    <Cell><Data ss:Type="Number">-0.04</Data></Cell>
    <Cell><Data ss:Type="Number">-0.91</Data></Cell>
    <Cell><Data ss:Type="Number">22.8</Data></Cell>
    <Cell><Data ss:Type="Number">39.700000000000003</Data></Cell>
    <Cell><Data ss:Type="Number">0</Data></Cell>
    <Cell><Data ss:Type="Number">0</Data></Cell>
    <Cell><Data ss:Type="String">2023-12-07 16:15:05.426009</Data></Cell>
   </Row>
   <Row>
    <Cell><Data ss:Type="String">176</Data></Cell>
    <Cell><Data ss:Type="Number">0.64</Data></Cell>
    <Cell><Data ss:Type="Number">-9.91</Data></Cell>
    <Cell><Data ss:Type="Number">-7.0000000000000007E-2</Data></Cell>
    <Cell><Data ss:Type="Number">-9.4</Data></Cell>
    <Cell><Data ss:Type="Number">-0.06</Data></Cell>
    <Cell><Data ss:Type="Number">-0.91</Data></Cell>
    <Cell><Data ss:Type="Number">22.8</Data></Cell>
    <Cell><Data ss:Type="Number">39.700000000000003</Data></Cell>
    <Cell><Data ss:Type="Number">0</Data></Cell>
    <Cell><Data ss:Type="Number">0</Data></Cell>
    <Cell><Data ss:Type="String">2023-12-07 16:15:05.381474</Data></Cell>
   </Row>
   <Row>
    <Cell><Data ss:Type="String">175</Data></Cell>
    <Cell><Data ss:Type="Number">0.45</Data></Cell>
    <Cell><Data ss:Type="Number">-9.6199999999999992</Data></Cell>
    <Cell><Data ss:Type="Number">0.28999999999999998</Data></Cell>
    <Cell><Data ss:Type="Number">-9.35</Data></Cell>
    <Cell><Data ss:Type="Number">-0.15</Data></Cell>
    <Cell><Data ss:Type="Number">-0.89</Data></Cell>
    <Cell><Data ss:Type="Number">22.8</Data></Cell>
    <Cell><Data ss:Type="Number">39.700000000000003</Data></Cell>
    <Cell><Data ss:Type="Number">0</Data></Cell>
    <Cell><Data ss:Type="Number">0</Data></Cell>
    <Cell><Data ss:Type="String">2023-12-07 16:15:05.160214</Data></Cell>
   </Row>
   <Row>
    <Cell><Data ss:Type="String">174</Data></Cell>
    <Cell><Data ss:Type="Number">0.65</Data></Cell>
    <Cell><Data ss:Type="Number">-9.73</Data></Cell>
    <Cell><Data ss:Type="Number">0.04</Data></Cell>
    <Cell><Data ss:Type="Number">-9.5</Data></Cell>
    <Cell><Data ss:Type="Number">-0.09</Data></Cell>
    <Cell><Data ss:Type="Number">-0.91</Data></Cell>
    <Cell><Data ss:Type="Number">22.8</Data></Cell>
    <Cell><Data ss:Type="Number">39.700000000000003</Data></Cell>
    <Cell><Data ss:Type="Number">0</Data></Cell>
    <Cell><Data ss:Type="Number">0</Data></Cell>
    <Cell><Data ss:Type="String">2023-12-07 16:15:05.158506</Data></Cell>
   </Row>
   <Row>
    <Cell><Data ss:Type="String">173</Data></Cell>
    <Cell><Data ss:Type="Number">0.2</Data></Cell>
    <Cell><Data ss:Type="Number">-10.33</Data></Cell>
    <Cell><Data ss:Type="Number">0.34</Data></Cell>
    <Cell><Data ss:Type="Number">-9.59</Data></Cell>
    <Cell><Data ss:Type="Number">-0.11</Data></Cell>
    <Cell><Data ss:Type="Number">-0.89</Data></Cell>
    <Cell><Data ss:Type="Number">22.8</Data></Cell>
    <Cell><Data ss:Type="Number">39.700000000000003</Data></Cell>
    <Cell><Data ss:Type="Number">0</Data></Cell>
    <Cell><Data ss:Type="Number">0</Data></Cell>
    <Cell><Data ss:Type="String">2023-12-07 16:15:05.156309</Data></Cell>
   </Row>
   <Row>
    <Cell><Data ss:Type="String">172</Data></Cell>
    <Cell><Data ss:Type="Number">-0.31</Data></Cell>
    <Cell><Data ss:Type="Number">-9.99</Data></Cell>
    <Cell><Data ss:Type="Number">-7.0000000000000007E-2</Data></Cell>
    <Cell><Data ss:Type="Number">-9.31</Data></Cell>
    <Cell><Data ss:Type="Number">-0.11</Data></Cell>
    <Cell><Data ss:Type="Number">-0.99</Data></Cell>
    <Cell><Data ss:Type="Number">22.8</Data></Cell>
    <Cell><Data ss:Type="Number">39.700000000000003</Data></Cell>
    <Cell><Data ss:Type="Number">0</Data></Cell>
    <Cell><Data ss:Type="Number">0</Data></Cell>
    <Cell><Data ss:Type="String">2023-12-07 16:15:05.153684</Data></Cell>
   </Row>
   <Row>
    <Cell><Data ss:Type="String">171</Data></Cell>
    <Cell><Data ss:Type="Number">0.64</Data></Cell>
    <Cell><Data ss:Type="Number">-9.81</Data></Cell>
    <Cell><Data ss:Type="Number">0.26</Data></Cell>
    <Cell><Data ss:Type="Number">-9.4</Data></Cell>
    <Cell><Data ss:Type="Number">-0.09</Data></Cell>
    <Cell><Data ss:Type="Number">-0.88</Data></Cell>
    <Cell><Data ss:Type="Number">22.8</Data></Cell>
    <Cell><Data ss:Type="Number">39.700000000000003</Data></Cell>
    <Cell><Data ss:Type="Number">0</Data></Cell>
    <Cell><Data ss:Type="Number">0</Data></Cell>
    <Cell><Data ss:Type="String">2023-12-07 16:15:05.152043</Data></Cell>
   </Row>
   <Row>
    <Cell><Data ss:Type="String">170</Data></Cell>
    <Cell><Data ss:Type="Number">0.3</Data></Cell>
    <Cell><Data ss:Type="Number">-9.7100000000000009</Data></Cell>
    <Cell><Data ss:Type="Number">0.2</Data></Cell>
    <Cell><Data ss:Type="Number">-9.4499999999999993</Data></Cell>
    <Cell><Data ss:Type="Number">-0.04</Data></Cell>
    <Cell><Data ss:Type="Number">-0.91</Data></Cell>
    <Cell><Data ss:Type="Number">22.8</Data></Cell>
    <Cell><Data ss:Type="Number">39.700000000000003</Data></Cell>
    <Cell><Data ss:Type="Number">0</Data></Cell>
    <Cell><Data ss:Type="Number">0</Data></Cell>
    <Cell><Data ss:Type="String">2023-12-07 16:15:05.150266</Data></Cell>
   </Row>
   <Row>
    <Cell><Data ss:Type="String">169</Data></Cell>
    <Cell><Data ss:Type="Number">0.81</Data></Cell>
    <Cell><Data ss:Type="Number">-11.03</Data></Cell>
    <Cell><Data ss:Type="Number">0.31</Data></Cell>
    <Cell><Data ss:Type="Number">-9.7200000000000006</Data></Cell>
    <Cell><Data ss:Type="Number">0.04</Data></Cell>
    <Cell><Data ss:Type="Number">-0.93</Data></Cell>
    <Cell><Data ss:Type="Number">22.8</Data></Cell>
    <Cell><Data ss:Type="Number">39.700000000000003</Data></Cell>
    <Cell><Data ss:Type="Number">0</Data></Cell>
    <Cell><Data ss:Type="Number">0</Data></Cell>
    <Cell><Data ss:Type="String">2023-12-07 16:15:04.953990</Data></Cell>
   </Row>
   <Row>
    <Cell><Data ss:Type="String">168</Data></Cell>
    <Cell><Data ss:Type="Number">0.42</Data></Cell>
    <Cell><Data ss:Type="Number">-10.78</Data></Cell>
    <Cell><Data ss:Type="Number">0.06</Data></Cell>
    <Cell><Data ss:Type="Number">-9.58</Data></Cell>
    <Cell><Data ss:Type="Number">-0.11</Data></Cell>
    <Cell><Data ss:Type="Number">-0.85</Data></Cell>
    <Cell><Data ss:Type="Number">22.8</Data></Cell>
    <Cell><Data ss:Type="Number">39.700000000000003</Data></Cell>
    <Cell><Data ss:Type="Number">0</Data></Cell>
    <Cell><Data ss:Type="Number">0</Data></Cell>
    <Cell><Data ss:Type="String">2023-12-07 16:15:04.952152</Data></Cell>
   </Row>
   <Row>
    <Cell><Data ss:Type="String">167</Data></Cell>
    <Cell><Data ss:Type="Number">0.83</Data></Cell>
    <Cell><Data ss:Type="Number">-10.210000000000001</Data></Cell>
    <Cell><Data ss:Type="Number">0.15</Data></Cell>
    <Cell><Data ss:Type="Number">-9.4600000000000009</Data></Cell>
    <Cell><Data ss:Type="Number">-0.25</Data></Cell>
    <Cell><Data ss:Type="Number">-0.95</Data></Cell>
    <Cell><Data ss:Type="Number">22.8</Data></Cell>
    <Cell><Data ss:Type="Number">39.700000000000003</Data></Cell>
    <Cell><Data ss:Type="Number">0</Data></Cell>
    <Cell><Data ss:Type="Number">0</Data></Cell>
    <Cell><Data ss:Type="String">2023-12-07 16:15:04.902392</Data></Cell>
   </Row>
   <Row>
    <Cell><Data ss:Type="String">166</Data></Cell>
    <Cell><Data ss:Type="Number">-0.48</Data></Cell>
    <Cell><Data ss:Type="Number">-10.26</Data></Cell>
    <Cell><Data ss:Type="Number">-0.4</Data></Cell>
    <Cell><Data ss:Type="Number">-9.4700000000000006</Data></Cell>
    <Cell><Data ss:Type="Number">0.09</Data></Cell>
    <Cell><Data ss:Type="Number">-0.86</Data></Cell>
    <Cell><Data ss:Type="Number">22.8</Data></Cell>
    <Cell><Data ss:Type="Number">39.700000000000003</Data></Cell>
    <Cell><Data ss:Type="Number">0</Data></Cell>
    <Cell><Data ss:Type="Number">0</Data></Cell>
    <Cell><Data ss:Type="String">2023-12-07 16:15:04.860076</Data></Cell>
   </Row>
   <Row>
    <Cell><Data ss:Type="String">165</Data></Cell>
    <Cell><Data ss:Type="Number">-1.22</Data></Cell>
    <Cell><Data ss:Type="Number">-10.15</Data></Cell>
    <Cell><Data ss:Type="Number">-0.59</Data></Cell>
    <Cell><Data ss:Type="Number">-9.61</Data></Cell>
    <Cell><Data ss:Type="Number">0.74</Data></Cell>
    <Cell><Data ss:Type="Number">-1.08</Data></Cell>
    <Cell><Data ss:Type="Number">22.8</Data></Cell>
    <Cell><Data ss:Type="Number">39.700000000000003</Data></Cell>
    <Cell><Data ss:Type="Number">0</Data></Cell>
    <Cell><Data ss:Type="Number">0</Data></Cell>
    <Cell><Data ss:Type="String">2023-12-07 16:15:04.858500</Data></Cell>
   </Row>
   <Row>
    <Cell><Data ss:Type="String">164</Data></Cell>
    <Cell><Data ss:Type="Number">2.66</Data></Cell>
    <Cell><Data ss:Type="Number">-9.73</Data></Cell>
    <Cell><Data ss:Type="Number">0.67</Data></Cell>
    <Cell><Data ss:Type="Number">-9.3800000000000008</Data></Cell>
    <Cell><Data ss:Type="Number">-0.03</Data></Cell>
    <Cell><Data ss:Type="Number">-1.01</Data></Cell>
    <Cell><Data ss:Type="Number">22.8</Data></Cell>
    <Cell><Data ss:Type="Number">39.700000000000003</Data></Cell>
    <Cell><Data ss:Type="Number">0</Data></Cell>
    <Cell><Data ss:Type="Number">0</Data></Cell>
    <Cell><Data ss:Type="String">2023-12-07 16:15:04.811720</Data></Cell>
   </Row>
   <Row>
    <Cell><Data ss:Type="String">163</Data></Cell>
    <Cell><Data ss:Type="Number">3.2</Data></Cell>
    <Cell><Data ss:Type="Number">-9.51</Data></Cell>
    <Cell><Data ss:Type="Number">2</Data></Cell>
    <Cell><Data ss:Type="Number">-8.8800000000000008</Data></Cell>
    <Cell><Data ss:Type="Number">-1.93</Data></Cell>
    <Cell><Data ss:Type="Number">-0.82</Data></Cell>
    <Cell><Data ss:Type="Number">22.8</Data></Cell>
    <Cell><Data ss:Type="Number">39.700000000000003</Data></Cell>
    <Cell><Data ss:Type="Number">0</Data></Cell>
    <Cell><Data ss:Type="Number">0</Data></Cell>
    <Cell><Data ss:Type="String">2023-12-07 16:15:04.764942</Data></Cell>
   </Row>
   <Row>
    <Cell><Data ss:Type="String">162</Data></Cell>
    <Cell><Data ss:Type="Number">0.02</Data></Cell>
    <Cell><Data ss:Type="Number">6.51</Data></Cell>
    <Cell><Data ss:Type="Number">-1.05</Data></Cell>
    <Cell><Data ss:Type="Number">-0.86</Data></Cell>
    <Cell><Data ss:Type="Number">-1.07</Data></Cell>
    <Cell><Data ss:Type="Number">-1.6</Data></Cell>
    <Cell><Data ss:Type="Number">22.8</Data></Cell>
    <Cell><Data ss:Type="Number">39.700000000000003</Data></Cell>
    <Cell><Data ss:Type="Number">0</Data></Cell>
    <Cell><Data ss:Type="Number">0</Data></Cell>
    <Cell><Data ss:Type="String">2023-12-07 16:15:04.720930</Data></Cell>
   </Row>
   <Row>
    <Cell><Data ss:Type="String">161</Data></Cell>
    <Cell><Data ss:Type="Number">0.25</Data></Cell>
    <Cell><Data ss:Type="Number">-9.9</Data></Cell>
    <Cell><Data ss:Type="Number">0.08</Data></Cell>
    <Cell><Data ss:Type="Number">-9.4499999999999993</Data></Cell>
    <Cell><Data ss:Type="Number">-0.08</Data></Cell>
    <Cell><Data ss:Type="Number">-0.92</Data></Cell>
    <Cell><Data ss:Type="Number">22.8</Data></Cell>
    <Cell><Data ss:Type="Number">39.700000000000003</Data></Cell>
    <Cell><Data ss:Type="Number">0</Data></Cell>
    <Cell><Data ss:Type="Number">0</Data></Cell>
    <Cell><Data ss:Type="String">2023-12-07 16:15:04.719126</Data></Cell>
   </Row>
   <Row>
    <Cell><Data ss:Type="String">160</Data></Cell>
    <Cell><Data ss:Type="Number">0.34</Data></Cell>
    <Cell><Data ss:Type="Number">-10.02</Data></Cell>
    <Cell><Data ss:Type="Number">0.26</Data></Cell>
    <Cell><Data ss:Type="Number">-9.52</Data></Cell>
    <Cell><Data ss:Type="Number">-7.0000000000000007E-2</Data></Cell>
    <Cell><Data ss:Type="Number">-0.9</Data></Cell>
    <Cell><Data ss:Type="Number">22.8</Data></Cell>
    <Cell><Data ss:Type="Number">39.700000000000003</Data></Cell>
    <Cell><Data ss:Type="Number">0</Data></Cell>
    <Cell><Data ss:Type="Number">0</Data></Cell>
    <Cell><Data ss:Type="String">2023-12-07 16:15:04.717694</Data></Cell>
   </Row>
   <Row>
    <Cell><Data ss:Type="String">159</Data></Cell>
    <Cell><Data ss:Type="Number">0.31</Data></Cell>
    <Cell><Data ss:Type="Number">-10.31</Data></Cell>
    <Cell><Data ss:Type="Number">0.23</Data></Cell>
    <Cell><Data ss:Type="Number">-9.56</Data></Cell>
    <Cell><Data ss:Type="Number">-0.09</Data></Cell>
    <Cell><Data ss:Type="Number">-0.9</Data></Cell>
    <Cell><Data ss:Type="Number">22.8</Data></Cell>
    <Cell><Data ss:Type="Number">39.700000000000003</Data></Cell>
    <Cell><Data ss:Type="Number">0</Data></Cell>
    <Cell><Data ss:Type="Number">0</Data></Cell>
    <Cell><Data ss:Type="String">2023-12-07 16:15:04.716256</Data></Cell>
   </Row>
   <Row>
    <Cell><Data ss:Type="String">158</Data></Cell>
    <Cell><Data ss:Type="Number">0.27</Data></Cell>
    <Cell><Data ss:Type="Number">-10.18</Data></Cell>
    <Cell><Data ss:Type="Number">0.15</Data></Cell>
    <Cell><Data ss:Type="Number">-9.49</Data></Cell>
    <Cell><Data ss:Type="Number">-0.05</Data></Cell>
    <Cell><Data ss:Type="Number">-0.9</Data></Cell>
    <Cell><Data ss:Type="Number">22.8</Data></Cell>
    <Cell><Data ss:Type="Number">39.700000000000003</Data></Cell>
    <Cell><Data ss:Type="Number">0</Data></Cell>
    <Cell><Data ss:Type="Number">0</Data></Cell>
    <Cell><Data ss:Type="String">2023-12-07 16:15:04.714815</Data></Cell>
   </Row>
   <Row>
    <Cell><Data ss:Type="String">157</Data></Cell>
    <Cell><Data ss:Type="Number">0.32</Data></Cell>
    <Cell><Data ss:Type="Number">-10.14</Data></Cell>
    <Cell><Data ss:Type="Number">0.18</Data></Cell>
    <Cell><Data ss:Type="Number">-9.4700000000000006</Data></Cell>
    <Cell><Data ss:Type="Number">-0.08</Data></Cell>
    <Cell><Data ss:Type="Number">-0.9</Data></Cell>
    <Cell><Data ss:Type="Number">22.8</Data></Cell>
    <Cell><Data ss:Type="Number">39.700000000000003</Data></Cell>
    <Cell><Data ss:Type="Number">0</Data></Cell>
    <Cell><Data ss:Type="Number">0</Data></Cell>
    <Cell><Data ss:Type="String">2023-12-07 16:15:04.713440</Data></Cell>
   </Row>
   <Row>
    <Cell><Data ss:Type="String">156</Data></Cell>
    <Cell><Data ss:Type="Number">0.23</Data></Cell>
    <Cell><Data ss:Type="Number">-9.9499999999999993</Data></Cell>
    <Cell><Data ss:Type="Number">0.13</Data></Cell>
    <Cell><Data ss:Type="Number">-9.41</Data></Cell>
    <Cell><Data ss:Type="Number">-0.05</Data></Cell>
    <Cell><Data ss:Type="Number">-0.93</Data></Cell>
    <Cell><Data ss:Type="Number">22.8</Data></Cell>
    <Cell><Data ss:Type="Number">39.700000000000003</Data></Cell>
    <Cell><Data ss:Type="Number">0</Data></Cell>
    <Cell><Data ss:Type="Number">0</Data></Cell>
    <Cell><Data ss:Type="String">2023-12-07 16:15:04.712131</Data></Cell>
   </Row>
   <Row>
    <Cell><Data ss:Type="String">155</Data></Cell>
    <Cell><Data ss:Type="Number">0.33</Data></Cell>
    <Cell><Data ss:Type="Number">-10.039999999999999</Data></Cell>
    <Cell><Data ss:Type="Number">0.14000000000000001</Data></Cell>
    <Cell><Data ss:Type="Number">-9.4600000000000009</Data></Cell>
    <Cell><Data ss:Type="Number">-0.1</Data></Cell>
    <Cell><Data ss:Type="Number">-0.9</Data></Cell>
    <Cell><Data ss:Type="Number">22.8</Data></Cell>
    <Cell><Data ss:Type="Number">39.700000000000003</Data></Cell>
    <Cell><Data ss:Type="Number">0</Data></Cell>
    <Cell><Data ss:Type="Number">0</Data></Cell>
    <Cell><Data ss:Type="String">2023-12-07 16:15:04.710507</Data></Cell>
   </Row>
   <Row>
    <Cell><Data ss:Type="String">154</Data></Cell>
    <Cell><Data ss:Type="Number">0.28999999999999998</Data></Cell>
    <Cell><Data ss:Type="Number">-10.14</Data></Cell>
    <Cell><Data ss:Type="Number">0.1</Data></Cell>
    <Cell><Data ss:Type="Number">-9.52</Data></Cell>
    <Cell><Data ss:Type="Number">-0.06</Data></Cell>
    <Cell><Data ss:Type="Number">-0.93</Data></Cell>
    <Cell><Data ss:Type="Number">22.8</Data></Cell>
    <Cell><Data ss:Type="Number">39.700000000000003</Data></Cell>
    <Cell><Data ss:Type="Number">0</Data></Cell>
    <Cell><Data ss:Type="Number">0</Data></Cell>
    <Cell><Data ss:Type="String">2023-12-07 16:15:04.480856</Data></Cell>
   </Row>
   <Row>
    <Cell><Data ss:Type="String">153</Data></Cell>
    <Cell><Data ss:Type="Number">0.3</Data></Cell>
    <Cell><Data ss:Type="Number">-10.24</Data></Cell>
    <Cell><Data ss:Type="Number">0.23</Data></Cell>
    <Cell><Data ss:Type="Number">-9.5299999999999994</Data></Cell>
    <Cell><Data ss:Type="Number">-0.08</Data></Cell>
    <Cell><Data ss:Type="Number">-0.89</Data></Cell>
    <Cell><Data ss:Type="Number">22.8</Data></Cell>
    <Cell><Data ss:Type="Number">39.700000000000003</Data></Cell>
    <Cell><Data ss:Type="Number">0</Data></Cell>
    <Cell><Data ss:Type="Number">0</Data></Cell>
    <Cell><Data ss:Type="String">2023-12-07 16:15:04.478553</Data></Cell>
   </Row>
   <Row>
    <Cell><Data ss:Type="String">152</Data></Cell>
    <Cell><Data ss:Type="Number">0.28000000000000003</Data></Cell>
    <Cell><Data ss:Type="Number">-10.33</Data></Cell>
    <Cell><Data ss:Type="Number">0.06</Data></Cell>
    <Cell><Data ss:Type="Number">-9.51</Data></Cell>
    <Cell><Data ss:Type="Number">-7.0000000000000007E-2</Data></Cell>
    <Cell><Data ss:Type="Number">-0.87</Data></Cell>
    <Cell><Data ss:Type="Number">22.8</Data></Cell>
    <Cell><Data ss:Type="Number">39.700000000000003</Data></Cell>
    <Cell><Data ss:Type="Number">0</Data></Cell>
    <Cell><Data ss:Type="Number">0</Data></Cell>
    <Cell><Data ss:Type="String">2023-12-07 16:15:04.476658</Data></Cell>
   </Row>
   <Row>
    <Cell><Data ss:Type="String">151</Data></Cell>
    <Cell><Data ss:Type="Number">0.14000000000000001</Data></Cell>
    <Cell><Data ss:Type="Number">-9.9600000000000009</Data></Cell>
    <Cell><Data ss:Type="Number">0.05</Data></Cell>
    <Cell><Data ss:Type="Number">-9.44</Data></Cell>
    <Cell><Data ss:Type="Number">-0.05</Data></Cell>
    <Cell><Data ss:Type="Number">-0.92</Data></Cell>
    <Cell><Data ss:Type="Number">22.8</Data></Cell>
    <Cell><Data ss:Type="Number">39.700000000000003</Data></Cell>
    <Cell><Data ss:Type="Number">0</Data></Cell>
    <Cell><Data ss:Type="Number">0</Data></Cell>
    <Cell><Data ss:Type="String">2023-12-07 16:15:04.475087</Data></Cell>
   </Row>
   <Row>
    <Cell><Data ss:Type="String">150</Data></Cell>
    <Cell><Data ss:Type="Number">0.26</Data></Cell>
    <Cell><Data ss:Type="Number">-9.92</Data></Cell>
    <Cell><Data ss:Type="Number">0.09</Data></Cell>
    <Cell><Data ss:Type="Number">-9.4</Data></Cell>
    <Cell><Data ss:Type="Number">-0.08</Data></Cell>
    <Cell><Data ss:Type="Number">-0.9</Data></Cell>
    <Cell><Data ss:Type="Number">22.8</Data></Cell>
    <Cell><Data ss:Type="Number">39.700000000000003</Data></Cell>
    <Cell><Data ss:Type="Number">0</Data></Cell>
    <Cell><Data ss:Type="Number">0</Data></Cell>
    <Cell><Data ss:Type="String">2023-12-07 16:15:04.472788</Data></Cell>
   </Row>
   <Row>
    <Cell><Data ss:Type="String">149</Data></Cell>
    <Cell><Data ss:Type="Number">0.1</Data></Cell>
    <Cell><Data ss:Type="Number">-10</Data></Cell>
    <Cell><Data ss:Type="Number">0.14000000000000001</Data></Cell>
    <Cell><Data ss:Type="Number">-9.49</Data></Cell>
    <Cell><Data ss:Type="Number">-0.08</Data></Cell>
    <Cell><Data ss:Type="Number">-0.93</Data></Cell>
    <Cell><Data ss:Type="Number">22.8</Data></Cell>
    <Cell><Data ss:Type="Number">39.700000000000003</Data></Cell>
    <Cell><Data ss:Type="Number">0</Data></Cell>
    <Cell><Data ss:Type="Number">0</Data></Cell>
    <Cell><Data ss:Type="String">2023-12-07 16:15:04.470202</Data></Cell>
   </Row>
   <Row>
    <Cell><Data ss:Type="String">148</Data></Cell>
    <Cell><Data ss:Type="Number">0.25</Data></Cell>
    <Cell><Data ss:Type="Number">-10.25</Data></Cell>
    <Cell><Data ss:Type="Number">0.21</Data></Cell>
    <Cell><Data ss:Type="Number">-9.5299999999999994</Data></Cell>
    <Cell><Data ss:Type="Number">-0.06</Data></Cell>
    <Cell><Data ss:Type="Number">-0.89</Data></Cell>
    <Cell><Data ss:Type="Number">22.8</Data></Cell>
    <Cell><Data ss:Type="Number">39.700000000000003</Data></Cell>
    <Cell><Data ss:Type="Number">0</Data></Cell>
    <Cell><Data ss:Type="Number">0</Data></Cell>
    <Cell><Data ss:Type="String">2023-12-07 16:15:04.468336</Data></Cell>
   </Row>
   <Row>
    <Cell><Data ss:Type="String">147</Data></Cell>
    <Cell><Data ss:Type="Number">0.3</Data></Cell>
    <Cell><Data ss:Type="Number">-10.23</Data></Cell>
    <Cell><Data ss:Type="Number">0.16</Data></Cell>
    <Cell><Data ss:Type="Number">-9.5299999999999994</Data></Cell>
    <Cell><Data ss:Type="Number">-0.09</Data></Cell>
    <Cell><Data ss:Type="Number">-0.89</Data></Cell>
    <Cell><Data ss:Type="Number">22.8</Data></Cell>
    <Cell><Data ss:Type="Number">39.700000000000003</Data></Cell>
    <Cell><Data ss:Type="Number">0</Data></Cell>
    <Cell><Data ss:Type="Number">0</Data></Cell>
    <Cell><Data ss:Type="String">2023-12-07 16:15:04.240271</Data></Cell>
   </Row>
   <Row>
    <Cell><Data ss:Type="String">146</Data></Cell>
    <Cell><Data ss:Type="Number">0.32</Data></Cell>
    <Cell><Data ss:Type="Number">-10.119999999999999</Data></Cell>
    <Cell><Data ss:Type="Number">0.14000000000000001</Data></Cell>
    <Cell><Data ss:Type="Number">-9.43</Data></Cell>
    <Cell><Data ss:Type="Number">-0.06</Data></Cell>
    <Cell><Data ss:Type="Number">-0.91</Data></Cell>
    <Cell><Data ss:Type="Number">22.8</Data></Cell>
    <Cell><Data ss:Type="Number">39.700000000000003</Data></Cell>
    <Cell><Data ss:Type="Number">0</Data></Cell>
    <Cell><Data ss:Type="Number">0</Data></Cell>
    <Cell><Data ss:Type="String">2023-12-07 16:15:04.237641</Data></Cell>
   </Row>
   <Row>
    <Cell><Data ss:Type="String">145</Data></Cell>
    <Cell><Data ss:Type="Number">0.33</Data></Cell>
    <Cell><Data ss:Type="Number">-9.9600000000000009</Data></Cell>
    <Cell><Data ss:Type="Number">0.2</Data></Cell>
    <Cell><Data ss:Type="Number">-9.44</Data></Cell>
    <Cell><Data ss:Type="Number">-0.09</Data></Cell>
    <Cell><Data ss:Type="Number">-0.91</Data></Cell>
    <Cell><Data ss:Type="Number">22.8</Data></Cell>
    <Cell><Data ss:Type="Number">39.700000000000003</Data></Cell>
    <Cell><Data ss:Type="Number">0</Data></Cell>
    <Cell><Data ss:Type="Number">0</Data></Cell>
    <Cell><Data ss:Type="String">2023-12-07 16:15:04.235863</Data></Cell>
   </Row>
   <Row>
    <Cell><Data ss:Type="String">144</Data></Cell>
    <Cell><Data ss:Type="Number">0.38</Data></Cell>
    <Cell><Data ss:Type="Number">-10.039999999999999</Data></Cell>
    <Cell><Data ss:Type="Number">0.15</Data></Cell>
    <Cell><Data ss:Type="Number">-9.5</Data></Cell>
    <Cell><Data ss:Type="Number">-7.0000000000000007E-2</Data></Cell>
    <Cell><Data ss:Type="Number">-0.92</Data></Cell>
    <Cell><Data ss:Type="Number">22.8</Data></Cell>
    <Cell><Data ss:Type="Number">39.700000000000003</Data></Cell>
    <Cell><Data ss:Type="Number">0</Data></Cell>
    <Cell><Data ss:Type="Number">0</Data></Cell>
    <Cell><Data ss:Type="String">2023-12-07 16:15:04.234540</Data></Cell>
   </Row>
   <Row>
    <Cell><Data ss:Type="String">143</Data></Cell>
    <Cell><Data ss:Type="Number">0.42</Data></Cell>
    <Cell><Data ss:Type="Number">-10.16</Data></Cell>
    <Cell><Data ss:Type="Number">0.19</Data></Cell>
    <Cell><Data ss:Type="Number">-9.5399999999999991</Data></Cell>
    <Cell><Data ss:Type="Number">-0.06</Data></Cell>
    <Cell><Data ss:Type="Number">-0.88</Data></Cell>
    <Cell><Data ss:Type="Number">22.8</Data></Cell>
    <Cell><Data ss:Type="Number">39.700000000000003</Data></Cell>
    <Cell><Data ss:Type="Number">0</Data></Cell>
    <Cell><Data ss:Type="Number">0</Data></Cell>
    <Cell><Data ss:Type="String">2023-12-07 16:15:04.233141</Data></Cell>
   </Row>
   <Row>
    <Cell><Data ss:Type="String">142</Data></Cell>
    <Cell><Data ss:Type="Number">0.28999999999999998</Data></Cell>
    <Cell><Data ss:Type="Number">-10.28</Data></Cell>
    <Cell><Data ss:Type="Number">0.22</Data></Cell>
    <Cell><Data ss:Type="Number">-9.56</Data></Cell>
    <Cell><Data ss:Type="Number">-0.1</Data></Cell>
    <Cell><Data ss:Type="Number">-0.9</Data></Cell>
    <Cell><Data ss:Type="Number">22.8</Data></Cell>
    <Cell><Data ss:Type="Number">39.700000000000003</Data></Cell>
    <Cell><Data ss:Type="Number">0</Data></Cell>
    <Cell><Data ss:Type="Number">0</Data></Cell>
    <Cell><Data ss:Type="String">2023-12-07 16:15:04.231387</Data></Cell>
   </Row>
   <Row>
    <Cell><Data ss:Type="String">141</Data></Cell>
    <Cell><Data ss:Type="Number">0.25</Data></Cell>
    <Cell><Data ss:Type="Number">-10.16</Data></Cell>
    <Cell><Data ss:Type="Number">0.17</Data></Cell>
    <Cell><Data ss:Type="Number">-9.52</Data></Cell>
    <Cell><Data ss:Type="Number">-7.0000000000000007E-2</Data></Cell>
    <Cell><Data ss:Type="Number">-0.93</Data></Cell>
    <Cell><Data ss:Type="Number">22.8</Data></Cell>
    <Cell><Data ss:Type="Number">39.700000000000003</Data></Cell>
    <Cell><Data ss:Type="Number">0</Data></Cell>
    <Cell><Data ss:Type="Number">0</Data></Cell>
    <Cell><Data ss:Type="String">2023-12-07 16:15:04.229168</Data></Cell>
   </Row>
   <Row>
    <Cell><Data ss:Type="String">140</Data></Cell>
    <Cell><Data ss:Type="Number">0.28999999999999998</Data></Cell>
    <Cell><Data ss:Type="Number">-10.210000000000001</Data></Cell>
    <Cell><Data ss:Type="Number">0.16</Data></Cell>
    <Cell><Data ss:Type="Number">-9.5299999999999994</Data></Cell>
    <Cell><Data ss:Type="Number">-7.0000000000000007E-2</Data></Cell>
    <Cell><Data ss:Type="Number">-0.87</Data></Cell>
    <Cell><Data ss:Type="Number">22.8</Data></Cell>
    <Cell><Data ss:Type="Number">39.700000000000003</Data></Cell>
    <Cell><Data ss:Type="Number">0</Data></Cell>
    <Cell><Data ss:Type="Number">0</Data></Cell>
    <Cell><Data ss:Type="String">2023-12-07 16:15:03.998059</Data></Cell>
   </Row>
   <Row>
    <Cell><Data ss:Type="String">139</Data></Cell>
    <Cell><Data ss:Type="Number">0.28000000000000003</Data></Cell>
    <Cell><Data ss:Type="Number">-10.07</Data></Cell>
    <Cell><Data ss:Type="Number">0.16</Data></Cell>
    <Cell><Data ss:Type="Number">-9.51</Data></Cell>
    <Cell><Data ss:Type="Number">-0.1</Data></Cell>
    <Cell><Data ss:Type="Number">-0.92</Data></Cell>
    <Cell><Data ss:Type="Number">22.8</Data></Cell>
    <Cell><Data ss:Type="Number">39.700000000000003</Data></Cell>
    <Cell><Data ss:Type="Number">0</Data></Cell>
    <Cell><Data ss:Type="Number">0</Data></Cell>
    <Cell><Data ss:Type="String">2023-12-07 16:15:03.954631</Data></Cell>
   </Row>
   <Row>
    <Cell><Data ss:Type="String">138</Data></Cell>
    <Cell><Data ss:Type="Number">0.26</Data></Cell>
    <Cell><Data ss:Type="Number">-9.98</Data></Cell>
    <Cell><Data ss:Type="Number">0.14000000000000001</Data></Cell>
    <Cell><Data ss:Type="Number">-9.39</Data></Cell>
    <Cell><Data ss:Type="Number">-0.04</Data></Cell>
    <Cell><Data ss:Type="Number">-0.94</Data></Cell>
    <Cell><Data ss:Type="Number">22.8</Data></Cell>
    <Cell><Data ss:Type="Number">39.700000000000003</Data></Cell>
    <Cell><Data ss:Type="Number">0</Data></Cell>
    <Cell><Data ss:Type="Number">0</Data></Cell>
    <Cell><Data ss:Type="String">2023-12-07 16:15:03.952446</Data></Cell>
   </Row>
   <Row>
    <Cell><Data ss:Type="String">137</Data></Cell>
    <Cell><Data ss:Type="Number">0.32</Data></Cell>
    <Cell><Data ss:Type="Number">-10.08</Data></Cell>
    <Cell><Data ss:Type="Number">0.15</Data></Cell>
    <Cell><Data ss:Type="Number">-9.48</Data></Cell>
    <Cell><Data ss:Type="Number">-0.12</Data></Cell>
    <Cell><Data ss:Type="Number">-0.89</Data></Cell>
    <Cell><Data ss:Type="Number">22.8</Data></Cell>
    <Cell><Data ss:Type="Number">39.700000000000003</Data></Cell>
    <Cell><Data ss:Type="Number">0</Data></Cell>
    <Cell><Data ss:Type="Number">0</Data></Cell>
    <Cell><Data ss:Type="String">2023-12-07 16:15:03.906192</Data></Cell>
   </Row>
   <Row>
    <Cell><Data ss:Type="String">136</Data></Cell>
    <Cell><Data ss:Type="Number">0.25</Data></Cell>
    <Cell><Data ss:Type="Number">-9.94</Data></Cell>
    <Cell><Data ss:Type="Number">0.15</Data></Cell>
    <Cell><Data ss:Type="Number">-9.4499999999999993</Data></Cell>
    <Cell><Data ss:Type="Number">-0.08</Data></Cell>
    <Cell><Data ss:Type="Number">-0.93</Data></Cell>
    <Cell><Data ss:Type="Number">22.8</Data></Cell>
    <Cell><Data ss:Type="Number">39.700000000000003</Data></Cell>
    <Cell><Data ss:Type="Number">0</Data></Cell>
    <Cell><Data ss:Type="Number">0</Data></Cell>
    <Cell><Data ss:Type="String">2023-12-07 16:15:03.859214</Data></Cell>
   </Row>
   <Row>
    <Cell><Data ss:Type="String">135</Data></Cell>
    <Cell><Data ss:Type="Number">0</Data></Cell>
    <Cell><Data ss:Type="Number">0</Data></Cell>
    <Cell><Data ss:Type="Number">0</Data></Cell>
    <Cell><Data ss:Type="Number">7.35</Data></Cell>
    <Cell><Data ss:Type="Number">0</Data></Cell>
    <Cell><Data ss:Type="Number">75.08</Data></Cell>
    <Cell><Data ss:Type="Number">22.7</Data></Cell>
    <Cell><Data ss:Type="Number">39.700000000000003</Data></Cell>
    <Cell><Data ss:Type="Number">0</Data></Cell>
    <Cell><Data ss:Type="Number">0</Data></Cell>
    <Cell><Data ss:Type="String">2023-12-07 16:13:47.777539</Data></Cell>
   </Row>
   <Row>
    <Cell><Data ss:Type="String">134</Data></Cell>
    <Cell><Data ss:Type="Number">0</Data></Cell>
    <Cell><Data ss:Type="Number">0</Data></Cell>
    <Cell><Data ss:Type="Number">0</Data></Cell>
    <Cell><Data ss:Type="Number">7.35</Data></Cell>
    <Cell><Data ss:Type="Number">0</Data></Cell>
    <Cell><Data ss:Type="Number">75.08</Data></Cell>
    <Cell><Data ss:Type="Number">22.7</Data></Cell>
    <Cell><Data ss:Type="Number">39.700000000000003</Data></Cell>
    <Cell><Data ss:Type="Number">0</Data></Cell>
    <Cell><Data ss:Type="Number">0</Data></Cell>
    <Cell><Data ss:Type="String">2023-12-07 16:13:47.774984</Data></Cell>
   </Row>
   <Row>
    <Cell><Data ss:Type="String">133</Data></Cell>
    <Cell><Data ss:Type="Number">0</Data></Cell>
    <Cell><Data ss:Type="Number">0</Data></Cell>
    <Cell><Data ss:Type="Number">0</Data></Cell>
    <Cell><Data ss:Type="Number">7.35</Data></Cell>
    <Cell><Data ss:Type="Number">0</Data></Cell>
    <Cell><Data ss:Type="Number">75.08</Data></Cell>
    <Cell><Data ss:Type="Number">22.7</Data></Cell>
    <Cell><Data ss:Type="Number">39.700000000000003</Data></Cell>
    <Cell><Data ss:Type="Number">0</Data></Cell>
    <Cell><Data ss:Type="Number">0</Data></Cell>
    <Cell><Data ss:Type="String">2023-12-07 16:13:47.739976</Data></Cell>
   </Row>
   <Row>
    <Cell><Data ss:Type="String">132</Data></Cell>
    <Cell><Data ss:Type="Number">0</Data></Cell>
    <Cell><Data ss:Type="Number">0</Data></Cell>
    <Cell><Data ss:Type="Number">0</Data></Cell>
    <Cell><Data ss:Type="Number">7.35</Data></Cell>
    <Cell><Data ss:Type="Number">0</Data></Cell>
    <Cell><Data ss:Type="Number">75.08</Data></Cell>
    <Cell><Data ss:Type="Number">22.7</Data></Cell>
    <Cell><Data ss:Type="Number">39.700000000000003</Data></Cell>
    <Cell><Data ss:Type="Number">0</Data></Cell>
    <Cell><Data ss:Type="Number">0</Data></Cell>
    <Cell><Data ss:Type="String">2023-12-07 16:13:47.736191</Data></Cell>
   </Row>
   <Row>
    <Cell><Data ss:Type="String">131</Data></Cell>
    <Cell><Data ss:Type="Number">0</Data></Cell>
    <Cell><Data ss:Type="Number">0</Data></Cell>
    <Cell><Data ss:Type="Number">0</Data></Cell>
    <Cell><Data ss:Type="Number">7.35</Data></Cell>
    <Cell><Data ss:Type="Number">0</Data></Cell>
    <Cell><Data ss:Type="Number">75.08</Data></Cell>
    <Cell><Data ss:Type="Number">22.7</Data></Cell>
    <Cell><Data ss:Type="Number">39.700000000000003</Data></Cell>
    <Cell><Data ss:Type="Number">0</Data></Cell>
    <Cell><Data ss:Type="Number">0</Data></Cell>
    <Cell><Data ss:Type="String">2023-12-07 16:13:47.732765</Data></Cell>
   </Row>
   <Row>
    <Cell><Data ss:Type="String">130</Data></Cell>
    <Cell><Data ss:Type="Number">0</Data></Cell>
    <Cell><Data ss:Type="Number">0</Data></Cell>
    <Cell><Data ss:Type="Number">0</Data></Cell>
    <Cell><Data ss:Type="Number">7.35</Data></Cell>
    <Cell><Data ss:Type="Number">0</Data></Cell>
    <Cell><Data ss:Type="Number">75.08</Data></Cell>
    <Cell><Data ss:Type="Number">22.7</Data></Cell>
    <Cell><Data ss:Type="Number">39.700000000000003</Data></Cell>
    <Cell><Data ss:Type="Number">0</Data></Cell>
    <Cell><Data ss:Type="Number">0</Data></Cell>
    <Cell><Data ss:Type="String">2023-12-07 16:13:47.637312</Data></Cell>
   </Row>
   <Row>
    <Cell><Data ss:Type="String">129</Data></Cell>
    <Cell><Data ss:Type="Number">0</Data></Cell>
    <Cell><Data ss:Type="Number">0</Data></Cell>
    <Cell><Data ss:Type="Number">0</Data></Cell>
    <Cell><Data ss:Type="Number">7.35</Data></Cell>
    <Cell><Data ss:Type="Number">0</Data></Cell>
    <Cell><Data ss:Type="Number">75.08</Data></Cell>
    <Cell><Data ss:Type="Number">22.7</Data></Cell>
    <Cell><Data ss:Type="Number">39.700000000000003</Data></Cell>
    <Cell><Data ss:Type="Number">0</Data></Cell>
    <Cell><Data ss:Type="Number">0</Data></Cell>
    <Cell><Data ss:Type="String">2023-12-07 16:13:47.635767</Data></Cell>
   </Row>
   <Row>
    <Cell><Data ss:Type="String">128</Data></Cell>
    <Cell><Data ss:Type="Number">0</Data></Cell>
    <Cell><Data ss:Type="Number">0</Data></Cell>
    <Cell><Data ss:Type="Number">0</Data></Cell>
    <Cell><Data ss:Type="Number">7.35</Data></Cell>
    <Cell><Data ss:Type="Number">0</Data></Cell>
    <Cell><Data ss:Type="Number">75.08</Data></Cell>
    <Cell><Data ss:Type="Number">22.7</Data></Cell>
    <Cell><Data ss:Type="Number">39.700000000000003</Data></Cell>
    <Cell><Data ss:Type="Number">0</Data></Cell>
    <Cell><Data ss:Type="Number">0</Data></Cell>
    <Cell><Data ss:Type="String">2023-12-07 16:13:47.634507</Data></Cell>
   </Row>
   <Row>
    <Cell><Data ss:Type="String">127</Data></Cell>
    <Cell><Data ss:Type="Number">0</Data></Cell>
    <Cell><Data ss:Type="Number">0</Data></Cell>
    <Cell><Data ss:Type="Number">0</Data></Cell>
    <Cell><Data ss:Type="Number">7.35</Data></Cell>
    <Cell><Data ss:Type="Number">0</Data></Cell>
    <Cell><Data ss:Type="Number">75.08</Data></Cell>
    <Cell><Data ss:Type="Number">22.7</Data></Cell>
    <Cell><Data ss:Type="Number">39.700000000000003</Data></Cell>
    <Cell><Data ss:Type="Number">0</Data></Cell>
    <Cell><Data ss:Type="Number">0</Data></Cell>
    <Cell><Data ss:Type="String">2023-12-07 16:13:47.633192</Data></Cell>
   </Row>
   <Row>
    <Cell><Data ss:Type="String">126</Data></Cell>
    <Cell><Data ss:Type="Number">0</Data></Cell>
    <Cell><Data ss:Type="Number">0</Data></Cell>
    <Cell><Data ss:Type="Number">0</Data></Cell>
    <Cell><Data ss:Type="Number">7.35</Data></Cell>
    <Cell><Data ss:Type="Number">0</Data></Cell>
    <Cell><Data ss:Type="Number">75.08</Data></Cell>
    <Cell><Data ss:Type="Number">22.7</Data></Cell>
    <Cell><Data ss:Type="Number">39.700000000000003</Data></Cell>
    <Cell><Data ss:Type="Number">0</Data></Cell>
    <Cell><Data ss:Type="Number">0</Data></Cell>
    <Cell><Data ss:Type="String">2023-12-07 16:13:47.631780</Data></Cell>
   </Row>
   <Row>
    <Cell><Data ss:Type="String">125</Data></Cell>
    <Cell><Data ss:Type="Number">0</Data></Cell>
    <Cell><Data ss:Type="Number">0</Data></Cell>
    <Cell><Data ss:Type="Number">0</Data></Cell>
    <Cell><Data ss:Type="Number">7.35</Data></Cell>
    <Cell><Data ss:Type="Number">0</Data></Cell>
    <Cell><Data ss:Type="Number">75.08</Data></Cell>
    <Cell><Data ss:Type="Number">22.7</Data></Cell>
    <Cell><Data ss:Type="Number">39.700000000000003</Data></Cell>
    <Cell><Data ss:Type="Number">0</Data></Cell>
    <Cell><Data ss:Type="Number">0</Data></Cell>
    <Cell><Data ss:Type="String">2023-12-07 16:13:47.630281</Data></Cell>
   </Row>
   <Row>
    <Cell><Data ss:Type="String">124</Data></Cell>
    <Cell><Data ss:Type="Number">0</Data></Cell>
    <Cell><Data ss:Type="Number">0</Data></Cell>
    <Cell><Data ss:Type="Number">0</Data></Cell>
    <Cell><Data ss:Type="Number">7.35</Data></Cell>
    <Cell><Data ss:Type="Number">0</Data></Cell>
    <Cell><Data ss:Type="Number">75.08</Data></Cell>
    <Cell><Data ss:Type="Number">22.7</Data></Cell>
    <Cell><Data ss:Type="Number">39.700000000000003</Data></Cell>
    <Cell><Data ss:Type="Number">0</Data></Cell>
    <Cell><Data ss:Type="Number">0</Data></Cell>
    <Cell><Data ss:Type="String">2023-12-07 16:13:47.628687</Data></Cell>
   </Row>
   <Row>
    <Cell><Data ss:Type="String">123</Data></Cell>
    <Cell><Data ss:Type="Number">0</Data></Cell>
    <Cell><Data ss:Type="Number">0</Data></Cell>
    <Cell><Data ss:Type="Number">0</Data></Cell>
    <Cell><Data ss:Type="Number">7.35</Data></Cell>
    <Cell><Data ss:Type="Number">0</Data></Cell>
    <Cell><Data ss:Type="Number">75.08</Data></Cell>
    <Cell><Data ss:Type="Number">22.7</Data></Cell>
    <Cell><Data ss:Type="Number">39.700000000000003</Data></Cell>
    <Cell><Data ss:Type="Number">0</Data></Cell>
    <Cell><Data ss:Type="Number">0</Data></Cell>
    <Cell><Data ss:Type="String">2023-12-07 16:13:47.431007</Data></Cell>
   </Row>
   <Row>
    <Cell><Data ss:Type="String">122</Data></Cell>
    <Cell><Data ss:Type="Number">0</Data></Cell>
    <Cell><Data ss:Type="Number">0</Data></Cell>
    <Cell><Data ss:Type="Number">0</Data></Cell>
    <Cell><Data ss:Type="Number">7.35</Data></Cell>
    <Cell><Data ss:Type="Number">0</Data></Cell>
    <Cell><Data ss:Type="Number">75.08</Data></Cell>
    <Cell><Data ss:Type="Number">22.7</Data></Cell>
    <Cell><Data ss:Type="Number">39.700000000000003</Data></Cell>
    <Cell><Data ss:Type="Number">0</Data></Cell>
    <Cell><Data ss:Type="Number">0</Data></Cell>
    <Cell><Data ss:Type="String">2023-12-07 16:13:47.429511</Data></Cell>
   </Row>
   <Row>
    <Cell><Data ss:Type="String">121</Data></Cell>
    <Cell><Data ss:Type="Number">0</Data></Cell>
    <Cell><Data ss:Type="Number">0</Data></Cell>
    <Cell><Data ss:Type="Number">0</Data></Cell>
    <Cell><Data ss:Type="Number">7.35</Data></Cell>
    <Cell><Data ss:Type="Number">0</Data></Cell>
    <Cell><Data ss:Type="Number">75.08</Data></Cell>
    <Cell><Data ss:Type="Number">22.7</Data></Cell>
    <Cell><Data ss:Type="Number">39.700000000000003</Data></Cell>
    <Cell><Data ss:Type="Number">0</Data></Cell>
    <Cell><Data ss:Type="Number">0</Data></Cell>
    <Cell><Data ss:Type="String">2023-12-07 16:13:47.427885</Data></Cell>
   </Row>
   <Row>
    <Cell><Data ss:Type="String">120</Data></Cell>
    <Cell><Data ss:Type="Number">0</Data></Cell>
    <Cell><Data ss:Type="Number">0</Data></Cell>
    <Cell><Data ss:Type="Number">0</Data></Cell>
    <Cell><Data ss:Type="Number">7.35</Data></Cell>
    <Cell><Data ss:Type="Number">0</Data></Cell>
    <Cell><Data ss:Type="Number">75.08</Data></Cell>
    <Cell><Data ss:Type="Number">22.7</Data></Cell>
    <Cell><Data ss:Type="Number">39.700000000000003</Data></Cell>
    <Cell><Data ss:Type="Number">0</Data></Cell>
    <Cell><Data ss:Type="Number">0</Data></Cell>
    <Cell><Data ss:Type="String">2023-12-07 16:13:47.425979</Data></Cell>
   </Row>
   <Row>
    <Cell><Data ss:Type="String">119</Data></Cell>
    <Cell><Data ss:Type="Number">0</Data></Cell>
    <Cell><Data ss:Type="Number">0</Data></Cell>
    <Cell><Data ss:Type="Number">0</Data></Cell>
    <Cell><Data ss:Type="Number">7.35</Data></Cell>
    <Cell><Data ss:Type="Number">0</Data></Cell>
    <Cell><Data ss:Type="Number">75.08</Data></Cell>
    <Cell><Data ss:Type="Number">22.7</Data></Cell>
    <Cell><Data ss:Type="Number">39.700000000000003</Data></Cell>
    <Cell><Data ss:Type="Number">0</Data></Cell>
    <Cell><Data ss:Type="Number">0</Data></Cell>
    <Cell><Data ss:Type="String">2023-12-07 16:13:47.316100</Data></Cell>
   </Row>
   <Row>
    <Cell><Data ss:Type="String">118</Data></Cell>
    <Cell><Data ss:Type="Number">0</Data></Cell>
    <Cell><Data ss:Type="Number">0</Data></Cell>
    <Cell><Data ss:Type="Number">0</Data></Cell>
    <Cell><Data ss:Type="Number">7.35</Data></Cell>
    <Cell><Data ss:Type="Number">0</Data></Cell>
    <Cell><Data ss:Type="Number">75.08</Data></Cell>
    <Cell><Data ss:Type="Number">22.7</Data></Cell>
    <Cell><Data ss:Type="Number">39.700000000000003</Data></Cell>
    <Cell><Data ss:Type="Number">0</Data></Cell>
    <Cell><Data ss:Type="Number">0</Data></Cell>
    <Cell><Data ss:Type="String">2023-12-07 16:13:47.314502</Data></Cell>
   </Row>
   <Row>
    <Cell><Data ss:Type="String">117</Data></Cell>
    <Cell><Data ss:Type="Number">0</Data></Cell>
    <Cell><Data ss:Type="Number">0</Data></Cell>
    <Cell><Data ss:Type="Number">0</Data></Cell>
    <Cell><Data ss:Type="Number">7.35</Data></Cell>
    <Cell><Data ss:Type="Number">0</Data></Cell>
    <Cell><Data ss:Type="Number">75.08</Data></Cell>
    <Cell><Data ss:Type="Number">22.7</Data></Cell>
    <Cell><Data ss:Type="Number">39.700000000000003</Data></Cell>
    <Cell><Data ss:Type="Number">0</Data></Cell>
    <Cell><Data ss:Type="Number">0</Data></Cell>
    <Cell><Data ss:Type="String">2023-12-07 16:13:47.274145</Data></Cell>
   </Row>
   <Row>
    <Cell><Data ss:Type="String">116</Data></Cell>
    <Cell><Data ss:Type="Number">-0.01</Data></Cell>
    <Cell><Data ss:Type="Number">-0.01</Data></Cell>
    <Cell><Data ss:Type="Number">212.92</Data></Cell>
    <Cell><Data ss:Type="Number">7.35</Data></Cell>
    <Cell><Data ss:Type="Number">0</Data></Cell>
    <Cell><Data ss:Type="Number">75.08</Data></Cell>
    <Cell><Data ss:Type="Number">22.7</Data></Cell>
    <Cell><Data ss:Type="Number">39.700000000000003</Data></Cell>
    <Cell><Data ss:Type="Number">0</Data></Cell>
    <Cell><Data ss:Type="Number">0</Data></Cell>
    <Cell><Data ss:Type="String">2023-12-07 16:13:47.271889</Data></Cell>
   </Row>
   <Row>
    <Cell><Data ss:Type="String">115</Data></Cell>
    <Cell><Data ss:Type="Number">0</Data></Cell>
    <Cell><Data ss:Type="Number">0</Data></Cell>
    <Cell><Data ss:Type="Number">0</Data></Cell>
    <Cell><Data ss:Type="Number">7.35</Data></Cell>
    <Cell><Data ss:Type="Number">0</Data></Cell>
    <Cell><Data ss:Type="Number">75.08</Data></Cell>
    <Cell><Data ss:Type="Number">22.7</Data></Cell>
    <Cell><Data ss:Type="Number">39.700000000000003</Data></Cell>
    <Cell><Data ss:Type="Number">0</Data></Cell>
    <Cell><Data ss:Type="Number">0</Data></Cell>
    <Cell><Data ss:Type="String">2023-12-07 16:13:47.223909</Data></Cell>
   </Row>
   <Row>
    <Cell><Data ss:Type="String">114</Data></Cell>
    <Cell><Data ss:Type="Number">0</Data></Cell>
    <Cell><Data ss:Type="Number">0</Data></Cell>
    <Cell><Data ss:Type="Number">0</Data></Cell>
    <Cell><Data ss:Type="Number">7.35</Data></Cell>
    <Cell><Data ss:Type="Number">0</Data></Cell>
    <Cell><Data ss:Type="Number">75.08</Data></Cell>
    <Cell><Data ss:Type="Number">22.7</Data></Cell>
    <Cell><Data ss:Type="Number">39.700000000000003</Data></Cell>
    <Cell><Data ss:Type="Number">0</Data></Cell>
    <Cell><Data ss:Type="Number">0</Data></Cell>
    <Cell><Data ss:Type="String">2023-12-07 16:13:47.178756</Data></Cell>
   </Row>
   <Row>
    <Cell><Data ss:Type="String">113</Data></Cell>
    <Cell><Data ss:Type="Number">0</Data></Cell>
    <Cell><Data ss:Type="Number">0</Data></Cell>
    <Cell><Data ss:Type="Number">0</Data></Cell>
    <Cell><Data ss:Type="Number">7.35</Data></Cell>
    <Cell><Data ss:Type="Number">0</Data></Cell>
    <Cell><Data ss:Type="Number">75.08</Data></Cell>
    <Cell><Data ss:Type="Number">22.7</Data></Cell>
    <Cell><Data ss:Type="Number">39.700000000000003</Data></Cell>
    <Cell><Data ss:Type="Number">0</Data></Cell>
    <Cell><Data ss:Type="Number">0</Data></Cell>
    <Cell><Data ss:Type="String">2023-12-07 16:13:47.177374</Data></Cell>
   </Row>
   <Row>
    <Cell><Data ss:Type="String">112</Data></Cell>
    <Cell><Data ss:Type="Number">0</Data></Cell>
    <Cell><Data ss:Type="Number">0</Data></Cell>
    <Cell><Data ss:Type="Number">0</Data></Cell>
    <Cell><Data ss:Type="Number">7.35</Data></Cell>
    <Cell><Data ss:Type="Number">0</Data></Cell>
    <Cell><Data ss:Type="Number">75.08</Data></Cell>
    <Cell><Data ss:Type="Number">22.7</Data></Cell>
    <Cell><Data ss:Type="Number">39.700000000000003</Data></Cell>
    <Cell><Data ss:Type="Number">0</Data></Cell>
    <Cell><Data ss:Type="Number">0</Data></Cell>
    <Cell><Data ss:Type="String">2023-12-07 16:13:47.134445</Data></Cell>
   </Row>
   <Row>
    <Cell><Data ss:Type="String">111</Data></Cell>
    <Cell><Data ss:Type="Number">0</Data></Cell>
    <Cell><Data ss:Type="Number">0</Data></Cell>
    <Cell><Data ss:Type="Number">0</Data></Cell>
    <Cell><Data ss:Type="Number">7.35</Data></Cell>
    <Cell><Data ss:Type="Number">0</Data></Cell>
    <Cell><Data ss:Type="Number">75.08</Data></Cell>
    <Cell><Data ss:Type="Number">22.7</Data></Cell>
    <Cell><Data ss:Type="Number">39.700000000000003</Data></Cell>
    <Cell><Data ss:Type="Number">0</Data></Cell>
    <Cell><Data ss:Type="Number">0</Data></Cell>
    <Cell><Data ss:Type="String">2023-12-07 16:13:47.132846</Data></Cell>
   </Row>
   <Row>
    <Cell><Data ss:Type="String">110</Data></Cell>
    <Cell><Data ss:Type="Number">0</Data></Cell>
    <Cell><Data ss:Type="Number">0</Data></Cell>
    <Cell><Data ss:Type="Number">0</Data></Cell>
    <Cell><Data ss:Type="Number">7.35</Data></Cell>
    <Cell><Data ss:Type="Number">0</Data></Cell>
    <Cell><Data ss:Type="Number">75.08</Data></Cell>
    <Cell><Data ss:Type="Number">22.7</Data></Cell>
    <Cell><Data ss:Type="Number">39.700000000000003</Data></Cell>
    <Cell><Data ss:Type="Number">0</Data></Cell>
    <Cell><Data ss:Type="Number">0</Data></Cell>
    <Cell><Data ss:Type="String">2023-12-07 16:13:47.087984</Data></Cell>
   </Row>
   <Row>
    <Cell><Data ss:Type="String">109</Data></Cell>
    <Cell><Data ss:Type="Number">0</Data></Cell>
    <Cell><Data ss:Type="Number">0</Data></Cell>
    <Cell><Data ss:Type="Number">0</Data></Cell>
    <Cell><Data ss:Type="Number">7.35</Data></Cell>
    <Cell><Data ss:Type="Number">0</Data></Cell>
    <Cell><Data ss:Type="Number">75.08</Data></Cell>
    <Cell><Data ss:Type="Number">22.7</Data></Cell>
    <Cell><Data ss:Type="Number">39.700000000000003</Data></Cell>
    <Cell><Data ss:Type="Number">0</Data></Cell>
    <Cell><Data ss:Type="Number">0</Data></Cell>
    <Cell><Data ss:Type="String">2023-12-07 16:13:47.086501</Data></Cell>
   </Row>
   <Row>
    <Cell><Data ss:Type="String">108</Data></Cell>
    <Cell><Data ss:Type="Number">0</Data></Cell>
    <Cell><Data ss:Type="Number">0</Data></Cell>
    <Cell><Data ss:Type="Number">0</Data></Cell>
    <Cell><Data ss:Type="Number">7.35</Data></Cell>
    <Cell><Data ss:Type="Number">0</Data></Cell>
    <Cell><Data ss:Type="Number">75.08</Data></Cell>
    <Cell><Data ss:Type="Number">22.7</Data></Cell>
    <Cell><Data ss:Type="Number">39.700000000000003</Data></Cell>
    <Cell><Data ss:Type="Number">0</Data></Cell>
    <Cell><Data ss:Type="Number">0</Data></Cell>
    <Cell><Data ss:Type="String">2023-12-07 16:13:47.029704</Data></Cell>
   </Row>
   <Row>
    <Cell><Data ss:Type="String">107</Data></Cell>
    <Cell><Data ss:Type="Number">0</Data></Cell>
    <Cell><Data ss:Type="Number">0</Data></Cell>
    <Cell><Data ss:Type="Number">0</Data></Cell>
    <Cell><Data ss:Type="Number">7.35</Data></Cell>
    <Cell><Data ss:Type="Number">0</Data></Cell>
    <Cell><Data ss:Type="Number">75.08</Data></Cell>
    <Cell><Data ss:Type="Number">22.7</Data></Cell>
    <Cell><Data ss:Type="Number">39.700000000000003</Data></Cell>
    <Cell><Data ss:Type="Number">0</Data></Cell>
    <Cell><Data ss:Type="Number">0</Data></Cell>
    <Cell><Data ss:Type="String">2023-12-07 16:13:47.028353</Data></Cell>
   </Row>
   <Row>
    <Cell><Data ss:Type="String">106</Data></Cell>
    <Cell><Data ss:Type="Number">0</Data></Cell>
    <Cell><Data ss:Type="Number">0</Data></Cell>
    <Cell><Data ss:Type="Number">0</Data></Cell>
    <Cell><Data ss:Type="Number">7.35</Data></Cell>
    <Cell><Data ss:Type="Number">0</Data></Cell>
    <Cell><Data ss:Type="Number">75.08</Data></Cell>
    <Cell><Data ss:Type="Number">22.7</Data></Cell>
    <Cell><Data ss:Type="Number">39.700000000000003</Data></Cell>
    <Cell><Data ss:Type="Number">0</Data></Cell>
    <Cell><Data ss:Type="Number">0</Data></Cell>
    <Cell><Data ss:Type="String">2023-12-07 16:13:47.026864</Data></Cell>
   </Row>
   <Row>
    <Cell><Data ss:Type="String">105</Data></Cell>
    <Cell><Data ss:Type="Number">0</Data></Cell>
    <Cell><Data ss:Type="Number">0</Data></Cell>
    <Cell><Data ss:Type="Number">0</Data></Cell>
    <Cell><Data ss:Type="Number">7.35</Data></Cell>
    <Cell><Data ss:Type="Number">0</Data></Cell>
    <Cell><Data ss:Type="Number">75.08</Data></Cell>
    <Cell><Data ss:Type="Number">22.7</Data></Cell>
    <Cell><Data ss:Type="Number">39.700000000000003</Data></Cell>
    <Cell><Data ss:Type="Number">0</Data></Cell>
    <Cell><Data ss:Type="Number">0</Data></Cell>
    <Cell><Data ss:Type="String">2023-12-07 16:13:47.024740</Data></Cell>
   </Row>
   <Row>
    <Cell><Data ss:Type="String">104</Data></Cell>
    <Cell><Data ss:Type="Number">0</Data></Cell>
    <Cell><Data ss:Type="Number">0</Data></Cell>
    <Cell><Data ss:Type="Number">0</Data></Cell>
    <Cell><Data ss:Type="Number">7.35</Data></Cell>
    <Cell><Data ss:Type="Number">0</Data></Cell>
    <Cell><Data ss:Type="Number">75.08</Data></Cell>
    <Cell><Data ss:Type="Number">22.7</Data></Cell>
    <Cell><Data ss:Type="Number">39.700000000000003</Data></Cell>
    <Cell><Data ss:Type="Number">0</Data></Cell>
    <Cell><Data ss:Type="Number">0</Data></Cell>
    <Cell><Data ss:Type="String">2023-12-07 16:13:47.022616</Data></Cell>
   </Row>
   <Row>
    <Cell><Data ss:Type="String">103</Data></Cell>
    <Cell><Data ss:Type="Number">0</Data></Cell>
    <Cell><Data ss:Type="Number">0</Data></Cell>
    <Cell><Data ss:Type="Number">0</Data></Cell>
    <Cell><Data ss:Type="Number">7.35</Data></Cell>
    <Cell><Data ss:Type="Number">0</Data></Cell>
    <Cell><Data ss:Type="Number">75.08</Data></Cell>
    <Cell><Data ss:Type="Number">22.7</Data></Cell>
    <Cell><Data ss:Type="Number">39.700000000000003</Data></Cell>
    <Cell><Data ss:Type="Number">0</Data></Cell>
    <Cell><Data ss:Type="Number">0</Data></Cell>
    <Cell><Data ss:Type="String">2023-12-07 16:13:47.020280</Data></Cell>
   </Row>
   <Row>
    <Cell><Data ss:Type="String">102</Data></Cell>
    <Cell><Data ss:Type="Number">0</Data></Cell>
    <Cell><Data ss:Type="Number">0</Data></Cell>
    <Cell><Data ss:Type="Number">0</Data></Cell>
    <Cell><Data ss:Type="Number">7.35</Data></Cell>
    <Cell><Data ss:Type="Number">0</Data></Cell>
    <Cell><Data ss:Type="Number">75.08</Data></Cell>
    <Cell><Data ss:Type="Number">22.7</Data></Cell>
    <Cell><Data ss:Type="Number">39.700000000000003</Data></Cell>
    <Cell><Data ss:Type="Number">0</Data></Cell>
    <Cell><Data ss:Type="Number">0</Data></Cell>
    <Cell><Data ss:Type="String">2023-12-07 16:13:47.018337</Data></Cell>
   </Row>
   <Row>
    <Cell><Data ss:Type="String">101</Data></Cell>
    <Cell><Data ss:Type="Number">0</Data></Cell>
    <Cell><Data ss:Type="Number">0</Data></Cell>
    <Cell><Data ss:Type="Number">0</Data></Cell>
    <Cell><Data ss:Type="Number">7.35</Data></Cell>
    <Cell><Data ss:Type="Number">0</Data></Cell>
    <Cell><Data ss:Type="Number">75.08</Data></Cell>
    <Cell><Data ss:Type="Number">22.7</Data></Cell>
    <Cell><Data ss:Type="Number">39.700000000000003</Data></Cell>
    <Cell><Data ss:Type="Number">0</Data></Cell>
    <Cell><Data ss:Type="Number">0</Data></Cell>
    <Cell><Data ss:Type="String">2023-12-07 16:13:46.818595</Data></Cell>
   </Row>
   <Row>
    <Cell><Data ss:Type="String">100</Data></Cell>
    <Cell><Data ss:Type="Number">0</Data></Cell>
    <Cell><Data ss:Type="Number">0</Data></Cell>
    <Cell><Data ss:Type="Number">0</Data></Cell>
    <Cell><Data ss:Type="Number">7.35</Data></Cell>
    <Cell><Data ss:Type="Number">0</Data></Cell>
    <Cell><Data ss:Type="Number">75.08</Data></Cell>
    <Cell><Data ss:Type="Number">22.7</Data></Cell>
    <Cell><Data ss:Type="Number">39.700000000000003</Data></Cell>
    <Cell><Data ss:Type="Number">0</Data></Cell>
    <Cell><Data ss:Type="Number">0</Data></Cell>
    <Cell><Data ss:Type="String">2023-12-07 16:13:46.817029</Data></Cell>
   </Row>
   <Row>
    <Cell><Data ss:Type="String">99</Data></Cell>
    <Cell><Data ss:Type="Number">0</Data></Cell>
    <Cell><Data ss:Type="Number">0</Data></Cell>
    <Cell><Data ss:Type="Number">0</Data></Cell>
    <Cell><Data ss:Type="Number">7.35</Data></Cell>
    <Cell><Data ss:Type="Number">0</Data></Cell>
    <Cell><Data ss:Type="Number">75.08</Data></Cell>
    <Cell><Data ss:Type="Number">22.7</Data></Cell>
    <Cell><Data ss:Type="Number">39.700000000000003</Data></Cell>
    <Cell><Data ss:Type="Number">0</Data></Cell>
    <Cell><Data ss:Type="Number">0</Data></Cell>
    <Cell><Data ss:Type="String">2023-12-07 16:13:46.815765</Data></Cell>
   </Row>
   <Row>
    <Cell><Data ss:Type="String">98</Data></Cell>
    <Cell><Data ss:Type="Number">0</Data></Cell>
    <Cell><Data ss:Type="Number">0</Data></Cell>
    <Cell><Data ss:Type="Number">0</Data></Cell>
    <Cell><Data ss:Type="Number">7.35</Data></Cell>
    <Cell><Data ss:Type="Number">0</Data></Cell>
    <Cell><Data ss:Type="Number">75.08</Data></Cell>
    <Cell><Data ss:Type="Number">22.7</Data></Cell>
    <Cell><Data ss:Type="Number">39.700000000000003</Data></Cell>
    <Cell><Data ss:Type="Number">0</Data></Cell>
    <Cell><Data ss:Type="Number">0</Data></Cell>
    <Cell><Data ss:Type="String">2023-12-07 16:13:46.814394</Data></Cell>
   </Row>
   <Row>
    <Cell><Data ss:Type="String">97</Data></Cell>
    <Cell><Data ss:Type="Number">0</Data></Cell>
    <Cell><Data ss:Type="Number">0</Data></Cell>
    <Cell><Data ss:Type="Number">0</Data></Cell>
    <Cell><Data ss:Type="Number">7.35</Data></Cell>
    <Cell><Data ss:Type="Number">0</Data></Cell>
    <Cell><Data ss:Type="Number">75.08</Data></Cell>
    <Cell><Data ss:Type="Number">22.7</Data></Cell>
    <Cell><Data ss:Type="Number">39.700000000000003</Data></Cell>
    <Cell><Data ss:Type="Number">0</Data></Cell>
    <Cell><Data ss:Type="Number">0</Data></Cell>
    <Cell><Data ss:Type="String">2023-12-07 16:13:46.813083</Data></Cell>
   </Row>
   <Row>
    <Cell><Data ss:Type="String">96</Data></Cell>
    <Cell><Data ss:Type="Number">0</Data></Cell>
    <Cell><Data ss:Type="Number">0</Data></Cell>
    <Cell><Data ss:Type="Number">0</Data></Cell>
    <Cell><Data ss:Type="Number">7.35</Data></Cell>
    <Cell><Data ss:Type="Number">0</Data></Cell>
    <Cell><Data ss:Type="Number">75.08</Data></Cell>
    <Cell><Data ss:Type="Number">22.7</Data></Cell>
    <Cell><Data ss:Type="Number">39.700000000000003</Data></Cell>
    <Cell><Data ss:Type="Number">0</Data></Cell>
    <Cell><Data ss:Type="Number">0</Data></Cell>
    <Cell><Data ss:Type="String">2023-12-07 16:13:46.811286</Data></Cell>
   </Row>
   <Row>
    <Cell><Data ss:Type="String">95</Data></Cell>
    <Cell><Data ss:Type="Number">0</Data></Cell>
    <Cell><Data ss:Type="Number">0</Data></Cell>
    <Cell><Data ss:Type="Number">0</Data></Cell>
    <Cell><Data ss:Type="Number">7.35</Data></Cell>
    <Cell><Data ss:Type="Number">0</Data></Cell>
    <Cell><Data ss:Type="Number">75.08</Data></Cell>
    <Cell><Data ss:Type="Number">22.7</Data></Cell>
    <Cell><Data ss:Type="Number">39.700000000000003</Data></Cell>
    <Cell><Data ss:Type="Number">0</Data></Cell>
    <Cell><Data ss:Type="Number">0</Data></Cell>
    <Cell><Data ss:Type="String">2023-12-07 16:13:46.659945</Data></Cell>
   </Row>
   <Row>
    <Cell><Data ss:Type="String">94</Data></Cell>
    <Cell><Data ss:Type="Number">0</Data></Cell>
    <Cell><Data ss:Type="Number">0</Data></Cell>
    <Cell><Data ss:Type="Number">0</Data></Cell>
    <Cell><Data ss:Type="Number">7.35</Data></Cell>
    <Cell><Data ss:Type="Number">0</Data></Cell>
    <Cell><Data ss:Type="Number">75.08</Data></Cell>
    <Cell><Data ss:Type="Number">22.7</Data></Cell>
    <Cell><Data ss:Type="Number">39.700000000000003</Data></Cell>
    <Cell><Data ss:Type="Number">0</Data></Cell>
    <Cell><Data ss:Type="Number">0</Data></Cell>
    <Cell><Data ss:Type="String">2023-12-07 16:13:46.657776</Data></Cell>
   </Row>
   <Row>
    <Cell><Data ss:Type="String">93</Data></Cell>
    <Cell><Data ss:Type="Number">0</Data></Cell>
    <Cell><Data ss:Type="Number">0</Data></Cell>
    <Cell><Data ss:Type="Number">0</Data></Cell>
    <Cell><Data ss:Type="Number">7.35</Data></Cell>
    <Cell><Data ss:Type="Number">0</Data></Cell>
    <Cell><Data ss:Type="Number">75.08</Data></Cell>
    <Cell><Data ss:Type="Number">22.7</Data></Cell>
    <Cell><Data ss:Type="Number">39.700000000000003</Data></Cell>
    <Cell><Data ss:Type="Number">0</Data></Cell>
    <Cell><Data ss:Type="Number">0</Data></Cell>
    <Cell><Data ss:Type="String">2023-12-07 16:13:46.613221</Data></Cell>
   </Row>
   <Row>
    <Cell><Data ss:Type="String">92</Data></Cell>
    <Cell><Data ss:Type="Number">0</Data></Cell>
    <Cell><Data ss:Type="Number">0</Data></Cell>
    <Cell><Data ss:Type="Number">0</Data></Cell>
    <Cell><Data ss:Type="Number">7.35</Data></Cell>
    <Cell><Data ss:Type="Number">0</Data></Cell>
    <Cell><Data ss:Type="Number">75.08</Data></Cell>
    <Cell><Data ss:Type="Number">22.7</Data></Cell>
    <Cell><Data ss:Type="Number">39.700000000000003</Data></Cell>
    <Cell><Data ss:Type="Number">0</Data></Cell>
    <Cell><Data ss:Type="Number">0</Data></Cell>
    <Cell><Data ss:Type="String">2023-12-07 16:13:46.566217</Data></Cell>
   </Row>
   <Row>
    <Cell><Data ss:Type="String">91</Data></Cell>
    <Cell><Data ss:Type="Number">0</Data></Cell>
    <Cell><Data ss:Type="Number">0</Data></Cell>
    <Cell><Data ss:Type="Number">0</Data></Cell>
    <Cell><Data ss:Type="Number">7.35</Data></Cell>
    <Cell><Data ss:Type="Number">0</Data></Cell>
    <Cell><Data ss:Type="Number">75.08</Data></Cell>
    <Cell><Data ss:Type="Number">22.7</Data></Cell>
    <Cell><Data ss:Type="Number">39.700000000000003</Data></Cell>
    <Cell><Data ss:Type="Number">0</Data></Cell>
    <Cell><Data ss:Type="Number">0</Data></Cell>
    <Cell><Data ss:Type="String">2023-12-07 16:13:46.564658</Data></Cell>
   </Row>
   <Row>
    <Cell><Data ss:Type="String">90</Data></Cell>
    <Cell><Data ss:Type="Number">0</Data></Cell>
    <Cell><Data ss:Type="Number">0</Data></Cell>
    <Cell><Data ss:Type="Number">0</Data></Cell>
    <Cell><Data ss:Type="Number">7.35</Data></Cell>
    <Cell><Data ss:Type="Number">0</Data></Cell>
    <Cell><Data ss:Type="Number">75.08</Data></Cell>
    <Cell><Data ss:Type="Number">22.7</Data></Cell>
    <Cell><Data ss:Type="Number">39.700000000000003</Data></Cell>
    <Cell><Data ss:Type="Number">0</Data></Cell>
    <Cell><Data ss:Type="Number">0</Data></Cell>
    <Cell><Data ss:Type="String">2023-12-07 16:13:46.511961</Data></Cell>
   </Row>
   <Row>
    <Cell><Data ss:Type="String">89</Data></Cell>
    <Cell><Data ss:Type="Number">0</Data></Cell>
    <Cell><Data ss:Type="Number">0</Data></Cell>
    <Cell><Data ss:Type="Number">0</Data></Cell>
    <Cell><Data ss:Type="Number">7.35</Data></Cell>
    <Cell><Data ss:Type="Number">0</Data></Cell>
    <Cell><Data ss:Type="Number">75.08</Data></Cell>
    <Cell><Data ss:Type="Number">22.7</Data></Cell>
    <Cell><Data ss:Type="Number">39.700000000000003</Data></Cell>
    <Cell><Data ss:Type="Number">0</Data></Cell>
    <Cell><Data ss:Type="Number">0</Data></Cell>
    <Cell><Data ss:Type="String">2023-12-07 16:13:46.510541</Data></Cell>
   </Row>
   <Row>
    <Cell><Data ss:Type="String">88</Data></Cell>
    <Cell><Data ss:Type="Number">0</Data></Cell>
    <Cell><Data ss:Type="Number">0</Data></Cell>
    <Cell><Data ss:Type="Number">0</Data></Cell>
    <Cell><Data ss:Type="Number">7.35</Data></Cell>
    <Cell><Data ss:Type="Number">0</Data></Cell>
    <Cell><Data ss:Type="Number">75.08</Data></Cell>
    <Cell><Data ss:Type="Number">22.7</Data></Cell>
    <Cell><Data ss:Type="Number">39.700000000000003</Data></Cell>
    <Cell><Data ss:Type="Number">0</Data></Cell>
    <Cell><Data ss:Type="Number">0</Data></Cell>
    <Cell><Data ss:Type="String">2023-12-07 16:13:46.508606</Data></Cell>
   </Row>
   <Row>
    <Cell><Data ss:Type="String">87</Data></Cell>
    <Cell><Data ss:Type="Number">0</Data></Cell>
    <Cell><Data ss:Type="Number">0</Data></Cell>
    <Cell><Data ss:Type="Number">0</Data></Cell>
    <Cell><Data ss:Type="Number">7.35</Data></Cell>
    <Cell><Data ss:Type="Number">0</Data></Cell>
    <Cell><Data ss:Type="Number">75.08</Data></Cell>
    <Cell><Data ss:Type="Number">22.7</Data></Cell>
    <Cell><Data ss:Type="Number">39.700000000000003</Data></Cell>
    <Cell><Data ss:Type="Number">0</Data></Cell>
    <Cell><Data ss:Type="Number">0</Data></Cell>
    <Cell><Data ss:Type="String">2023-12-07 16:13:46.506226</Data></Cell>
   </Row>
   <Row>
    <Cell><Data ss:Type="String">86</Data></Cell>
    <Cell><Data ss:Type="Number">0</Data></Cell>
    <Cell><Data ss:Type="Number">0</Data></Cell>
    <Cell><Data ss:Type="Number">0</Data></Cell>
    <Cell><Data ss:Type="Number">7.35</Data></Cell>
    <Cell><Data ss:Type="Number">0</Data></Cell>
    <Cell><Data ss:Type="Number">75.08</Data></Cell>
    <Cell><Data ss:Type="Number">22.7</Data></Cell>
    <Cell><Data ss:Type="Number">39.700000000000003</Data></Cell>
    <Cell><Data ss:Type="Number">0</Data></Cell>
    <Cell><Data ss:Type="Number">0</Data></Cell>
    <Cell><Data ss:Type="String">2023-12-07 16:13:46.504121</Data></Cell>
   </Row>
   <Row>
    <Cell><Data ss:Type="String">85</Data></Cell>
    <Cell><Data ss:Type="Number">0</Data></Cell>
    <Cell><Data ss:Type="Number">0</Data></Cell>
    <Cell><Data ss:Type="Number">0</Data></Cell>
    <Cell><Data ss:Type="Number">7.35</Data></Cell>
    <Cell><Data ss:Type="Number">0</Data></Cell>
    <Cell><Data ss:Type="Number">75.08</Data></Cell>
    <Cell><Data ss:Type="Number">22.7</Data></Cell>
    <Cell><Data ss:Type="Number">39.700000000000003</Data></Cell>
    <Cell><Data ss:Type="Number">0</Data></Cell>
    <Cell><Data ss:Type="Number">0</Data></Cell>
    <Cell><Data ss:Type="String">2023-12-07 16:13:46.366006</Data></Cell>
   </Row>
   <Row>
    <Cell><Data ss:Type="String">84</Data></Cell>
    <Cell><Data ss:Type="Number">0</Data></Cell>
    <Cell><Data ss:Type="Number">0</Data></Cell>
    <Cell><Data ss:Type="Number">0</Data></Cell>
    <Cell><Data ss:Type="Number">7.35</Data></Cell>
    <Cell><Data ss:Type="Number">0</Data></Cell>
    <Cell><Data ss:Type="Number">75.08</Data></Cell>
    <Cell><Data ss:Type="Number">22.7</Data></Cell>
    <Cell><Data ss:Type="Number">39.700000000000003</Data></Cell>
    <Cell><Data ss:Type="Number">0</Data></Cell>
    <Cell><Data ss:Type="Number">0</Data></Cell>
    <Cell><Data ss:Type="String">2023-12-07 16:13:46.364376</Data></Cell>
   </Row>
   <Row>
    <Cell><Data ss:Type="String">83</Data></Cell>
    <Cell><Data ss:Type="Number">0</Data></Cell>
    <Cell><Data ss:Type="Number">0</Data></Cell>
    <Cell><Data ss:Type="Number">0</Data></Cell>
    <Cell><Data ss:Type="Number">7.35</Data></Cell>
    <Cell><Data ss:Type="Number">0</Data></Cell>
    <Cell><Data ss:Type="Number">75.08</Data></Cell>
    <Cell><Data ss:Type="Number">22.7</Data></Cell>
    <Cell><Data ss:Type="Number">39.700000000000003</Data></Cell>
    <Cell><Data ss:Type="Number">0</Data></Cell>
    <Cell><Data ss:Type="Number">0</Data></Cell>
    <Cell><Data ss:Type="String">2023-12-07 16:13:46.320418</Data></Cell>
   </Row>
   <Row>
    <Cell><Data ss:Type="String">82</Data></Cell>
    <Cell><Data ss:Type="Number">0</Data></Cell>
    <Cell><Data ss:Type="Number">0</Data></Cell>
    <Cell><Data ss:Type="Number">0</Data></Cell>
    <Cell><Data ss:Type="Number">7.35</Data></Cell>
    <Cell><Data ss:Type="Number">0</Data></Cell>
    <Cell><Data ss:Type="Number">75.08</Data></Cell>
    <Cell><Data ss:Type="Number">22.7</Data></Cell>
    <Cell><Data ss:Type="Number">39.700000000000003</Data></Cell>
    <Cell><Data ss:Type="Number">0</Data></Cell>
    <Cell><Data ss:Type="Number">0</Data></Cell>
    <Cell><Data ss:Type="String">2023-12-07 16:13:46.318992</Data></Cell>
   </Row>
   <Row>
    <Cell><Data ss:Type="String">81</Data></Cell>
    <Cell><Data ss:Type="Number">0</Data></Cell>
    <Cell><Data ss:Type="Number">0</Data></Cell>
    <Cell><Data ss:Type="Number">0</Data></Cell>
    <Cell><Data ss:Type="Number">7.35</Data></Cell>
    <Cell><Data ss:Type="Number">0</Data></Cell>
    <Cell><Data ss:Type="Number">75.08</Data></Cell>
    <Cell><Data ss:Type="Number">22.7</Data></Cell>
    <Cell><Data ss:Type="Number">39.700000000000003</Data></Cell>
    <Cell><Data ss:Type="Number">0</Data></Cell>
    <Cell><Data ss:Type="Number">0</Data></Cell>
    <Cell><Data ss:Type="String">2023-12-07 16:13:46.269909</Data></Cell>
   </Row>
   <Row>
    <Cell><Data ss:Type="String">80</Data></Cell>
    <Cell><Data ss:Type="Number">0</Data></Cell>
    <Cell><Data ss:Type="Number">0</Data></Cell>
    <Cell><Data ss:Type="Number">0</Data></Cell>
    <Cell><Data ss:Type="Number">7.35</Data></Cell>
    <Cell><Data ss:Type="Number">0</Data></Cell>
    <Cell><Data ss:Type="Number">75.08</Data></Cell>
    <Cell><Data ss:Type="Number">22.7</Data></Cell>
    <Cell><Data ss:Type="Number">39.700000000000003</Data></Cell>
    <Cell><Data ss:Type="Number">0</Data></Cell>
    <Cell><Data ss:Type="Number">0</Data></Cell>
    <Cell><Data ss:Type="String">2023-12-07 16:13:46.214982</Data></Cell>
   </Row>
   <Row>
    <Cell><Data ss:Type="String">79</Data></Cell>
    <Cell><Data ss:Type="Number">0</Data></Cell>
    <Cell><Data ss:Type="Number">0</Data></Cell>
    <Cell><Data ss:Type="Number">0</Data></Cell>
    <Cell><Data ss:Type="Number">7.35</Data></Cell>
    <Cell><Data ss:Type="Number">0</Data></Cell>
    <Cell><Data ss:Type="Number">75.08</Data></Cell>
    <Cell><Data ss:Type="Number">22.7</Data></Cell>
    <Cell><Data ss:Type="Number">39.700000000000003</Data></Cell>
    <Cell><Data ss:Type="Number">0</Data></Cell>
    <Cell><Data ss:Type="Number">0</Data></Cell>
    <Cell><Data ss:Type="String">2023-12-07 16:13:46.198248</Data></Cell>
   </Row>
   <Row>
    <Cell><Data ss:Type="String">78</Data></Cell>
    <Cell><Data ss:Type="Number">0</Data></Cell>
    <Cell><Data ss:Type="Number">0</Data></Cell>
    <Cell><Data ss:Type="Number">0</Data></Cell>
    <Cell><Data ss:Type="Number">7.35</Data></Cell>
    <Cell><Data ss:Type="Number">0</Data></Cell>
    <Cell><Data ss:Type="Number">75.08</Data></Cell>
    <Cell><Data ss:Type="Number">22.7</Data></Cell>
    <Cell><Data ss:Type="Number">39.700000000000003</Data></Cell>
    <Cell><Data ss:Type="Number">0</Data></Cell>
    <Cell><Data ss:Type="Number">0</Data></Cell>
    <Cell><Data ss:Type="String">2023-12-07 16:13:46.196684</Data></Cell>
   </Row>
   <Row>
    <Cell><Data ss:Type="String">77</Data></Cell>
    <Cell><Data ss:Type="Number">0</Data></Cell>
    <Cell><Data ss:Type="Number">0</Data></Cell>
    <Cell><Data ss:Type="Number">0</Data></Cell>
    <Cell><Data ss:Type="Number">7.35</Data></Cell>
    <Cell><Data ss:Type="Number">0</Data></Cell>
    <Cell><Data ss:Type="Number">75.08</Data></Cell>
    <Cell><Data ss:Type="Number">22.7</Data></Cell>
    <Cell><Data ss:Type="Number">39.700000000000003</Data></Cell>
    <Cell><Data ss:Type="Number">0</Data></Cell>
    <Cell><Data ss:Type="Number">0</Data></Cell>
    <Cell><Data ss:Type="String">2023-12-07 16:13:46.149429</Data></Cell>
   </Row>
   <Row>
    <Cell><Data ss:Type="String">76</Data></Cell>
    <Cell><Data ss:Type="Number">0</Data></Cell>
    <Cell><Data ss:Type="Number">0</Data></Cell>
    <Cell><Data ss:Type="Number">0</Data></Cell>
    <Cell><Data ss:Type="Number">7.35</Data></Cell>
    <Cell><Data ss:Type="Number">0</Data></Cell>
    <Cell><Data ss:Type="Number">75.08</Data></Cell>
    <Cell><Data ss:Type="Number">22.7</Data></Cell>
    <Cell><Data ss:Type="Number">39.700000000000003</Data></Cell>
    <Cell><Data ss:Type="Number">0</Data></Cell>
    <Cell><Data ss:Type="Number">0</Data></Cell>
    <Cell><Data ss:Type="String">2023-12-07 16:13:46.104783</Data></Cell>
   </Row>
   <Row>
    <Cell><Data ss:Type="String">75</Data></Cell>
    <Cell><Data ss:Type="Number">0</Data></Cell>
    <Cell><Data ss:Type="Number">0</Data></Cell>
    <Cell><Data ss:Type="Number">0</Data></Cell>
    <Cell><Data ss:Type="Number">7.35</Data></Cell>
    <Cell><Data ss:Type="Number">0</Data></Cell>
    <Cell><Data ss:Type="Number">75.08</Data></Cell>
    <Cell><Data ss:Type="Number">22.7</Data></Cell>
    <Cell><Data ss:Type="Number">39.700000000000003</Data></Cell>
    <Cell><Data ss:Type="Number">0</Data></Cell>
    <Cell><Data ss:Type="Number">0</Data></Cell>
    <Cell><Data ss:Type="String">2023-12-07 16:13:46.103286</Data></Cell>
   </Row>
   <Row>
    <Cell><Data ss:Type="String">74</Data></Cell>
    <Cell><Data ss:Type="Number">0</Data></Cell>
    <Cell><Data ss:Type="Number">0</Data></Cell>
    <Cell><Data ss:Type="Number">0</Data></Cell>
    <Cell><Data ss:Type="Number">7.35</Data></Cell>
    <Cell><Data ss:Type="Number">0</Data></Cell>
    <Cell><Data ss:Type="Number">75.08</Data></Cell>
    <Cell><Data ss:Type="Number">22.7</Data></Cell>
    <Cell><Data ss:Type="Number">39.700000000000003</Data></Cell>
    <Cell><Data ss:Type="Number">0</Data></Cell>
    <Cell><Data ss:Type="Number">0</Data></Cell>
    <Cell><Data ss:Type="String">2023-12-07 16:13:46.060496</Data></Cell>
   </Row>
   <Row>
    <Cell><Data ss:Type="String">73</Data></Cell>
    <Cell><Data ss:Type="Number">0</Data></Cell>
    <Cell><Data ss:Type="Number">0</Data></Cell>
    <Cell><Data ss:Type="Number">0</Data></Cell>
    <Cell><Data ss:Type="Number">7.35</Data></Cell>
    <Cell><Data ss:Type="Number">0</Data></Cell>
    <Cell><Data ss:Type="Number">75.08</Data></Cell>
    <Cell><Data ss:Type="Number">22.7</Data></Cell>
    <Cell><Data ss:Type="Number">39.700000000000003</Data></Cell>
    <Cell><Data ss:Type="Number">0</Data></Cell>
    <Cell><Data ss:Type="Number">0</Data></Cell>
    <Cell><Data ss:Type="String">2023-12-07 16:13:46.058662</Data></Cell>
   </Row>
   <Row>
    <Cell><Data ss:Type="String">72</Data></Cell>
    <Cell><Data ss:Type="Number">0</Data></Cell>
    <Cell><Data ss:Type="Number">-10.67</Data></Cell>
    <Cell><Data ss:Type="Number">0.4</Data></Cell>
    <Cell><Data ss:Type="Number">7.35</Data></Cell>
    <Cell><Data ss:Type="Number">0</Data></Cell>
    <Cell><Data ss:Type="Number">75.08</Data></Cell>
    <Cell><Data ss:Type="Number">22.7</Data></Cell>
    <Cell><Data ss:Type="Number">39.700000000000003</Data></Cell>
    <Cell><Data ss:Type="Number">0</Data></Cell>
    <Cell><Data ss:Type="Number">0</Data></Cell>
    <Cell><Data ss:Type="String">2023-12-07 16:13:46.011867</Data></Cell>
   </Row>
   <Row>
    <Cell><Data ss:Type="String">71</Data></Cell>
    <Cell><Data ss:Type="Number">0</Data></Cell>
    <Cell><Data ss:Type="Number">-9.77</Data></Cell>
    <Cell><Data ss:Type="Number">-0.02</Data></Cell>
    <Cell><Data ss:Type="Number">-9.31</Data></Cell>
    <Cell><Data ss:Type="Number">-0.1</Data></Cell>
    <Cell><Data ss:Type="Number">-1.01</Data></Cell>
    <Cell><Data ss:Type="Number">22.7</Data></Cell>
    <Cell><Data ss:Type="Number">39.700000000000003</Data></Cell>
    <Cell><Data ss:Type="Number">0</Data></Cell>
    <Cell><Data ss:Type="Number">0</Data></Cell>
    <Cell><Data ss:Type="String">2023-12-07 16:13:45.968021</Data></Cell>
   </Row>
   <Row>
    <Cell><Data ss:Type="String">70</Data></Cell>
    <Cell><Data ss:Type="Number">0</Data></Cell>
    <Cell><Data ss:Type="Number">-10.07</Data></Cell>
    <Cell><Data ss:Type="Number">-0.01</Data></Cell>
    <Cell><Data ss:Type="Number">-9.44</Data></Cell>
    <Cell><Data ss:Type="Number">-0.19</Data></Cell>
    <Cell><Data ss:Type="Number">-0.93</Data></Cell>
    <Cell><Data ss:Type="Number">22.7</Data></Cell>
    <Cell><Data ss:Type="Number">39.700000000000003</Data></Cell>
    <Cell><Data ss:Type="Number">0</Data></Cell>
    <Cell><Data ss:Type="Number">0</Data></Cell>
    <Cell><Data ss:Type="String">2023-12-07 16:13:45.965906</Data></Cell>
   </Row>
   <Row>
    <Cell><Data ss:Type="String">69</Data></Cell>
    <Cell><Data ss:Type="Number">0</Data></Cell>
    <Cell><Data ss:Type="Number">-10.119999999999999</Data></Cell>
    <Cell><Data ss:Type="Number">-0.08</Data></Cell>
    <Cell><Data ss:Type="Number">-9.56</Data></Cell>
    <Cell><Data ss:Type="Number">-0.03</Data></Cell>
    <Cell><Data ss:Type="Number">-0.9</Data></Cell>
    <Cell><Data ss:Type="Number">22.7</Data></Cell>
    <Cell><Data ss:Type="Number">39.700000000000003</Data></Cell>
    <Cell><Data ss:Type="Number">0</Data></Cell>
    <Cell><Data ss:Type="Number">0</Data></Cell>
    <Cell><Data ss:Type="String">2023-12-07 16:13:45.920721</Data></Cell>
   </Row>
   <Row>
    <Cell><Data ss:Type="String">68</Data></Cell>
    <Cell><Data ss:Type="Number">0</Data></Cell>
    <Cell><Data ss:Type="Number">-9.5500000000000007</Data></Cell>
    <Cell><Data ss:Type="Number">0.06</Data></Cell>
    <Cell><Data ss:Type="Number">-9.48</Data></Cell>
    <Cell><Data ss:Type="Number">-0.02</Data></Cell>
    <Cell><Data ss:Type="Number">-0.98</Data></Cell>
    <Cell><Data ss:Type="Number">22.7</Data></Cell>
    <Cell><Data ss:Type="Number">39.700000000000003</Data></Cell>
    <Cell><Data ss:Type="Number">0</Data></Cell>
    <Cell><Data ss:Type="Number">0</Data></Cell>
    <Cell><Data ss:Type="String">2023-12-07 16:13:45.878641</Data></Cell>
   </Row>
   <Row>
    <Cell><Data ss:Type="String">67</Data></Cell>
    <Cell><Data ss:Type="Number">0</Data></Cell>
    <Cell><Data ss:Type="Number">-9.99</Data></Cell>
    <Cell><Data ss:Type="Number">0.42</Data></Cell>
    <Cell><Data ss:Type="Number">-9.43</Data></Cell>
    <Cell><Data ss:Type="Number">-0.08</Data></Cell>
    <Cell><Data ss:Type="Number">-0.85</Data></Cell>
    <Cell><Data ss:Type="Number">22.7</Data></Cell>
    <Cell><Data ss:Type="Number">39.700000000000003</Data></Cell>
    <Cell><Data ss:Type="Number">0</Data></Cell>
    <Cell><Data ss:Type="Number">0</Data></Cell>
    <Cell><Data ss:Type="String">2023-12-07 16:13:45.876604</Data></Cell>
   </Row>
   <Row>
    <Cell><Data ss:Type="String">66</Data></Cell>
    <Cell><Data ss:Type="Number">0</Data></Cell>
    <Cell><Data ss:Type="Number">-9.92</Data></Cell>
    <Cell><Data ss:Type="Number">-0.13</Data></Cell>
    <Cell><Data ss:Type="Number">-9.4</Data></Cell>
    <Cell><Data ss:Type="Number">-0.06</Data></Cell>
    <Cell><Data ss:Type="Number">-0.94</Data></Cell>
    <Cell><Data ss:Type="Number">22.7</Data></Cell>
    <Cell><Data ss:Type="Number">39.700000000000003</Data></Cell>
    <Cell><Data ss:Type="Number">0</Data></Cell>
    <Cell><Data ss:Type="Number">0</Data></Cell>
    <Cell><Data ss:Type="String">2023-12-07 16:13:45.828762</Data></Cell>
   </Row>
   <Row>
    <Cell><Data ss:Type="String">65</Data></Cell>
    <Cell><Data ss:Type="Number">0</Data></Cell>
    <Cell><Data ss:Type="Number">-10.4</Data></Cell>
    <Cell><Data ss:Type="Number">0.14000000000000001</Data></Cell>
    <Cell><Data ss:Type="Number">-9.52</Data></Cell>
    <Cell><Data ss:Type="Number">-0.05</Data></Cell>
    <Cell><Data ss:Type="Number">-0.91</Data></Cell>
    <Cell><Data ss:Type="Number">22.7</Data></Cell>
    <Cell><Data ss:Type="Number">39.700000000000003</Data></Cell>
    <Cell><Data ss:Type="Number">0</Data></Cell>
    <Cell><Data ss:Type="Number">0</Data></Cell>
    <Cell><Data ss:Type="String">2023-12-07 16:13:45.785638</Data></Cell>
   </Row>
   <Row>
    <Cell><Data ss:Type="String">64</Data></Cell>
    <Cell><Data ss:Type="Number">0</Data></Cell>
    <Cell><Data ss:Type="Number">-9.8699999999999992</Data></Cell>
    <Cell><Data ss:Type="Number">0.03</Data></Cell>
    <Cell><Data ss:Type="Number">-9.42</Data></Cell>
    <Cell><Data ss:Type="Number">-0.1</Data></Cell>
    <Cell><Data ss:Type="Number">-0.95</Data></Cell>
    <Cell><Data ss:Type="Number">22.7</Data></Cell>
    <Cell><Data ss:Type="Number">39.700000000000003</Data></Cell>
    <Cell><Data ss:Type="Number">0</Data></Cell>
    <Cell><Data ss:Type="Number">0</Data></Cell>
    <Cell><Data ss:Type="String">2023-12-07 16:13:45.738654</Data></Cell>
   </Row>
   <Row>
    <Cell><Data ss:Type="String">63</Data></Cell>
    <Cell><Data ss:Type="Number">0</Data></Cell>
    <Cell><Data ss:Type="Number">-10.37</Data></Cell>
    <Cell><Data ss:Type="Number">0.13</Data></Cell>
    <Cell><Data ss:Type="Number">-9.5500000000000007</Data></Cell>
    <Cell><Data ss:Type="Number">-0.05</Data></Cell>
    <Cell><Data ss:Type="Number">-0.96</Data></Cell>
    <Cell><Data ss:Type="Number">22.7</Data></Cell>
    <Cell><Data ss:Type="Number">39.700000000000003</Data></Cell>
    <Cell><Data ss:Type="Number">0</Data></Cell>
    <Cell><Data ss:Type="Number">0</Data></Cell>
    <Cell><Data ss:Type="String">2023-12-07 16:13:45.736428</Data></Cell>
   </Row>
   <Row>
    <Cell><Data ss:Type="String">62</Data></Cell>
    <Cell><Data ss:Type="Number">0</Data></Cell>
    <Cell><Data ss:Type="Number">-9.68</Data></Cell>
    <Cell><Data ss:Type="Number">0.1</Data></Cell>
    <Cell><Data ss:Type="Number">-9.39</Data></Cell>
    <Cell><Data ss:Type="Number">-0.08</Data></Cell>
    <Cell><Data ss:Type="Number">-0.93</Data></Cell>
    <Cell><Data ss:Type="Number">22.7</Data></Cell>
    <Cell><Data ss:Type="Number">39.700000000000003</Data></Cell>
    <Cell><Data ss:Type="Number">0</Data></Cell>
    <Cell><Data ss:Type="Number">0</Data></Cell>
    <Cell><Data ss:Type="String">2023-12-07 16:13:45.691855</Data></Cell>
   </Row>
   <Row>
    <Cell><Data ss:Type="String">61</Data></Cell>
    <Cell><Data ss:Type="Number">0</Data></Cell>
    <Cell><Data ss:Type="Number">-10.35</Data></Cell>
    <Cell><Data ss:Type="Number">-0.03</Data></Cell>
    <Cell><Data ss:Type="Number">-9.56</Data></Cell>
    <Cell><Data ss:Type="Number">-0.06</Data></Cell>
    <Cell><Data ss:Type="Number">-0.91</Data></Cell>
    <Cell><Data ss:Type="Number">22.8</Data></Cell>
    <Cell><Data ss:Type="Number">39.799999999999997</Data></Cell>
    <Cell><Data ss:Type="Number">0</Data></Cell>
    <Cell><Data ss:Type="Number">0</Data></Cell>
    <Cell><Data ss:Type="String">2023-12-07 16:13:45.645360</Data></Cell>
   </Row>
   <Row>
    <Cell><Data ss:Type="String">60</Data></Cell>
    <Cell><Data ss:Type="Number">0</Data></Cell>
    <Cell><Data ss:Type="Number">-9.99</Data></Cell>
    <Cell><Data ss:Type="Number">0.41</Data></Cell>
    <Cell><Data ss:Type="Number">-9.41</Data></Cell>
    <Cell><Data ss:Type="Number">-0.05</Data></Cell>
    <Cell><Data ss:Type="Number">-0.97</Data></Cell>
    <Cell><Data ss:Type="Number">22.8</Data></Cell>
    <Cell><Data ss:Type="Number">39.799999999999997</Data></Cell>
    <Cell><Data ss:Type="Number">0</Data></Cell>
    <Cell><Data ss:Type="Number">0</Data></Cell>
    <Cell><Data ss:Type="String">2023-12-07 16:13:45.602394</Data></Cell>
   </Row>
   <Row>
    <Cell><Data ss:Type="String">59</Data></Cell>
    <Cell><Data ss:Type="Number">0</Data></Cell>
    <Cell><Data ss:Type="Number">-10.039999999999999</Data></Cell>
    <Cell><Data ss:Type="Number">0.44</Data></Cell>
    <Cell><Data ss:Type="Number">-9.42</Data></Cell>
    <Cell><Data ss:Type="Number">-0.08</Data></Cell>
    <Cell><Data ss:Type="Number">-0.86</Data></Cell>
    <Cell><Data ss:Type="Number">22.8</Data></Cell>
    <Cell><Data ss:Type="Number">39.799999999999997</Data></Cell>
    <Cell><Data ss:Type="Number">0</Data></Cell>
    <Cell><Data ss:Type="Number">0</Data></Cell>
    <Cell><Data ss:Type="String">2023-12-07 16:13:45.600391</Data></Cell>
   </Row>
   <Row>
    <Cell><Data ss:Type="String">58</Data></Cell>
    <Cell><Data ss:Type="Number">0</Data></Cell>
    <Cell><Data ss:Type="Number">-9.7200000000000006</Data></Cell>
    <Cell><Data ss:Type="Number">-0.56000000000000005</Data></Cell>
    <Cell><Data ss:Type="Number">-9.34</Data></Cell>
    <Cell><Data ss:Type="Number">-0.11</Data></Cell>
    <Cell><Data ss:Type="Number">-1.05</Data></Cell>
    <Cell><Data ss:Type="Number">22.8</Data></Cell>
    <Cell><Data ss:Type="Number">39.799999999999997</Data></Cell>
    <Cell><Data ss:Type="Number">0</Data></Cell>
    <Cell><Data ss:Type="Number">0</Data></Cell>
    <Cell><Data ss:Type="String">2023-12-07 16:13:45.552510</Data></Cell>
   </Row>
   <Row>
    <Cell><Data ss:Type="String">57</Data></Cell>
    <Cell><Data ss:Type="Number">0</Data></Cell>
    <Cell><Data ss:Type="Number">-10.43</Data></Cell>
    <Cell><Data ss:Type="Number">0.28000000000000003</Data></Cell>
    <Cell><Data ss:Type="Number">-9.58</Data></Cell>
    <Cell><Data ss:Type="Number">7.0000000000000007E-2</Data></Cell>
    <Cell><Data ss:Type="Number">-0.84</Data></Cell>
    <Cell><Data ss:Type="Number">22.8</Data></Cell>
    <Cell><Data ss:Type="Number">39.799999999999997</Data></Cell>
    <Cell><Data ss:Type="Number">0</Data></Cell>
    <Cell><Data ss:Type="Number">0</Data></Cell>
    <Cell><Data ss:Type="String">2023-12-07 16:13:45.508356</Data></Cell>
   </Row>
   <Row>
    <Cell><Data ss:Type="String">56</Data></Cell>
    <Cell><Data ss:Type="Number">0</Data></Cell>
    <Cell><Data ss:Type="Number">-9.76</Data></Cell>
    <Cell><Data ss:Type="Number">0.22</Data></Cell>
    <Cell><Data ss:Type="Number">-9.49</Data></Cell>
    <Cell><Data ss:Type="Number">-0.14000000000000001</Data></Cell>
    <Cell><Data ss:Type="Number">-1.03</Data></Cell>
    <Cell><Data ss:Type="Number">22.8</Data></Cell>
    <Cell><Data ss:Type="Number">39.799999999999997</Data></Cell>
    <Cell><Data ss:Type="Number">0</Data></Cell>
    <Cell><Data ss:Type="Number">0</Data></Cell>
    <Cell><Data ss:Type="String">2023-12-07 16:13:45.462678</Data></Cell>
   </Row>
   <Row>
    <Cell><Data ss:Type="String">55</Data></Cell>
    <Cell><Data ss:Type="Number">0</Data></Cell>
    <Cell><Data ss:Type="Number">-9.7799999999999994</Data></Cell>
    <Cell><Data ss:Type="Number">0.78</Data></Cell>
    <Cell><Data ss:Type="Number">-9.43</Data></Cell>
    <Cell><Data ss:Type="Number">-0.24</Data></Cell>
    <Cell><Data ss:Type="Number">-0.86</Data></Cell>
    <Cell><Data ss:Type="Number">22.8</Data></Cell>
    <Cell><Data ss:Type="Number">39.799999999999997</Data></Cell>
    <Cell><Data ss:Type="Number">0</Data></Cell>
    <Cell><Data ss:Type="Number">0</Data></Cell>
    <Cell><Data ss:Type="String">2023-12-07 16:13:45.460858</Data></Cell>
   </Row>
   <Row>
    <Cell><Data ss:Type="String">54</Data></Cell>
    <Cell><Data ss:Type="Number">0</Data></Cell>
    <Cell><Data ss:Type="Number">-9.9700000000000006</Data></Cell>
    <Cell><Data ss:Type="Number">-0.11</Data></Cell>
    <Cell><Data ss:Type="Number">-9.36</Data></Cell>
    <Cell><Data ss:Type="Number">-0.22</Data></Cell>
    <Cell><Data ss:Type="Number">-0.85</Data></Cell>
    <Cell><Data ss:Type="Number">22.8</Data></Cell>
    <Cell><Data ss:Type="Number">39.799999999999997</Data></Cell>
    <Cell><Data ss:Type="Number">0</Data></Cell>
    <Cell><Data ss:Type="Number">0</Data></Cell>
    <Cell><Data ss:Type="String">2023-12-07 16:13:45.415091</Data></Cell>
   </Row>
   <Row>
    <Cell><Data ss:Type="String">53</Data></Cell>
    <Cell><Data ss:Type="Number">0</Data></Cell>
    <Cell><Data ss:Type="Number">-10.029999999999999</Data></Cell>
    <Cell><Data ss:Type="Number">-0.64</Data></Cell>
    <Cell><Data ss:Type="Number">-9.3699999999999992</Data></Cell>
    <Cell><Data ss:Type="Number">0.51</Data></Cell>
    <Cell><Data ss:Type="Number">-1.0900000000000001</Data></Cell>
    <Cell><Data ss:Type="Number">22.8</Data></Cell>
    <Cell><Data ss:Type="Number">39.799999999999997</Data></Cell>
    <Cell><Data ss:Type="Number">0</Data></Cell>
    <Cell><Data ss:Type="Number">0</Data></Cell>
    <Cell><Data ss:Type="String">2023-12-07 16:13:45.368958</Data></Cell>
   </Row>
   <Row>
    <Cell><Data ss:Type="String">52</Data></Cell>
    <Cell><Data ss:Type="Number">0</Data></Cell>
    <Cell><Data ss:Type="Number">-10.1</Data></Cell>
    <Cell><Data ss:Type="Number">0.84</Data></Cell>
    <Cell><Data ss:Type="Number">-9.44</Data></Cell>
    <Cell><Data ss:Type="Number">0.27</Data></Cell>
    <Cell><Data ss:Type="Number">-0.8</Data></Cell>
    <Cell><Data ss:Type="Number">22.8</Data></Cell>
    <Cell><Data ss:Type="Number">39.799999999999997</Data></Cell>
    <Cell><Data ss:Type="Number">0</Data></Cell>
    <Cell><Data ss:Type="Number">0</Data></Cell>
    <Cell><Data ss:Type="String">2023-12-07 16:13:45.327356</Data></Cell>
   </Row>
   <Row>
    <Cell><Data ss:Type="String">51</Data></Cell>
    <Cell><Data ss:Type="Number">0</Data></Cell>
    <Cell><Data ss:Type="Number">-10.23</Data></Cell>
    <Cell><Data ss:Type="Number">1.06</Data></Cell>
    <Cell><Data ss:Type="Number">-9.61</Data></Cell>
    <Cell><Data ss:Type="Number">-1.45</Data></Cell>
    <Cell><Data ss:Type="Number">-0.98</Data></Cell>
    <Cell><Data ss:Type="Number">22.8</Data></Cell>
    <Cell><Data ss:Type="Number">39.799999999999997</Data></Cell>
    <Cell><Data ss:Type="Number">0</Data></Cell>
    <Cell><Data ss:Type="Number">0</Data></Cell>
    <Cell><Data ss:Type="String">2023-12-07 16:13:45.325830</Data></Cell>
   </Row>
   <Row>
    <Cell><Data ss:Type="String">50</Data></Cell>
    <Cell><Data ss:Type="Number">0</Data></Cell>
    <Cell><Data ss:Type="Number">-9.58</Data></Cell>
    <Cell><Data ss:Type="Number">0.2</Data></Cell>
    <Cell><Data ss:Type="Number">-9.1</Data></Cell>
    <Cell><Data ss:Type="Number">7.0000000000000007E-2</Data></Cell>
    <Cell><Data ss:Type="Number">-0.87</Data></Cell>
    <Cell><Data ss:Type="Number">22.8</Data></Cell>
    <Cell><Data ss:Type="Number">39.799999999999997</Data></Cell>
    <Cell><Data ss:Type="Number">0</Data></Cell>
    <Cell><Data ss:Type="Number">0</Data></Cell>
    <Cell><Data ss:Type="String">2023-12-07 16:13:45.278674</Data></Cell>
   </Row>
   <Row>
    <Cell><Data ss:Type="String">49</Data></Cell>
    <Cell><Data ss:Type="Number">0</Data></Cell>
    <Cell><Data ss:Type="Number">-10.27</Data></Cell>
    <Cell><Data ss:Type="Number">0.2</Data></Cell>
    <Cell><Data ss:Type="Number">-9.51</Data></Cell>
    <Cell><Data ss:Type="Number">-0.09</Data></Cell>
    <Cell><Data ss:Type="Number">-0.9</Data></Cell>
    <Cell><Data ss:Type="Number">22.8</Data></Cell>
    <Cell><Data ss:Type="Number">39.799999999999997</Data></Cell>
    <Cell><Data ss:Type="Number">0</Data></Cell>
    <Cell><Data ss:Type="Number">0</Data></Cell>
    <Cell><Data ss:Type="String">2023-12-07 16:13:45.277273</Data></Cell>
   </Row>
   <Row>
    <Cell><Data ss:Type="String">48</Data></Cell>
    <Cell><Data ss:Type="Number">0</Data></Cell>
    <Cell><Data ss:Type="Number">-9.91</Data></Cell>
    <Cell><Data ss:Type="Number">0.15</Data></Cell>
    <Cell><Data ss:Type="Number">-9.4</Data></Cell>
    <Cell><Data ss:Type="Number">-0.06</Data></Cell>
    <Cell><Data ss:Type="Number">-0.91</Data></Cell>
    <Cell><Data ss:Type="Number">22.8</Data></Cell>
    <Cell><Data ss:Type="Number">39.799999999999997</Data></Cell>
    <Cell><Data ss:Type="Number">0</Data></Cell>
    <Cell><Data ss:Type="Number">0</Data></Cell>
    <Cell><Data ss:Type="String">2023-12-07 16:13:45.275573</Data></Cell>
   </Row>
   <Row>
    <Cell><Data ss:Type="String">47</Data></Cell>
    <Cell><Data ss:Type="Number">0</Data></Cell>
    <Cell><Data ss:Type="Number">-9.92</Data></Cell>
    <Cell><Data ss:Type="Number">0.13</Data></Cell>
    <Cell><Data ss:Type="Number">-9.4499999999999993</Data></Cell>
    <Cell><Data ss:Type="Number">-0.09</Data></Cell>
    <Cell><Data ss:Type="Number">-0.94</Data></Cell>
    <Cell><Data ss:Type="Number">22.8</Data></Cell>
    <Cell><Data ss:Type="Number">39.799999999999997</Data></Cell>
    <Cell><Data ss:Type="Number">0</Data></Cell>
    <Cell><Data ss:Type="Number">0</Data></Cell>
    <Cell><Data ss:Type="String">2023-12-07 16:13:45.194037</Data></Cell>
   </Row>
   <Row>
    <Cell><Data ss:Type="String">46</Data></Cell>
    <Cell><Data ss:Type="Number">0</Data></Cell>
    <Cell><Data ss:Type="Number">-10</Data></Cell>
    <Cell><Data ss:Type="Number">0.18</Data></Cell>
    <Cell><Data ss:Type="Number">-9.51</Data></Cell>
    <Cell><Data ss:Type="Number">-0.08</Data></Cell>
    <Cell><Data ss:Type="Number">-0.88</Data></Cell>
    <Cell><Data ss:Type="Number">22.8</Data></Cell>
    <Cell><Data ss:Type="Number">39.799999999999997</Data></Cell>
    <Cell><Data ss:Type="Number">0</Data></Cell>
    <Cell><Data ss:Type="Number">0</Data></Cell>
    <Cell><Data ss:Type="String">2023-12-07 16:13:45.191861</Data></Cell>
   </Row>
   <Row>
    <Cell><Data ss:Type="String">45</Data></Cell>
    <Cell><Data ss:Type="Number">0</Data></Cell>
    <Cell><Data ss:Type="Number">-10.199999999999999</Data></Cell>
    <Cell><Data ss:Type="Number">0.1</Data></Cell>
    <Cell><Data ss:Type="Number">-9.5399999999999991</Data></Cell>
    <Cell><Data ss:Type="Number">-0.09</Data></Cell>
    <Cell><Data ss:Type="Number">-0.9</Data></Cell>
    <Cell><Data ss:Type="Number">22.8</Data></Cell>
    <Cell><Data ss:Type="Number">39.799999999999997</Data></Cell>
    <Cell><Data ss:Type="Number">0</Data></Cell>
    <Cell><Data ss:Type="Number">0</Data></Cell>
    <Cell><Data ss:Type="String">2023-12-07 16:13:45.189784</Data></Cell>
   </Row>
   <Row>
    <Cell><Data ss:Type="String">44</Data></Cell>
    <Cell><Data ss:Type="Number">0</Data></Cell>
    <Cell><Data ss:Type="Number">-10.199999999999999</Data></Cell>
    <Cell><Data ss:Type="Number">0.21</Data></Cell>
    <Cell><Data ss:Type="Number">-9.5299999999999994</Data></Cell>
    <Cell><Data ss:Type="Number">-0.06</Data></Cell>
    <Cell><Data ss:Type="Number">-0.85</Data></Cell>
    <Cell><Data ss:Type="Number">22.8</Data></Cell>
    <Cell><Data ss:Type="Number">39.799999999999997</Data></Cell>
    <Cell><Data ss:Type="Number">0</Data></Cell>
    <Cell><Data ss:Type="Number">0</Data></Cell>
    <Cell><Data ss:Type="String">2023-12-07 16:13:45.187565</Data></Cell>
   </Row>
   <Row>
    <Cell><Data ss:Type="String">43</Data></Cell>
    <Cell><Data ss:Type="Number">0</Data></Cell>
    <Cell><Data ss:Type="Number">-10.24</Data></Cell>
    <Cell><Data ss:Type="Number">0.22</Data></Cell>
    <Cell><Data ss:Type="Number">-9.48</Data></Cell>
    <Cell><Data ss:Type="Number">-7.0000000000000007E-2</Data></Cell>
    <Cell><Data ss:Type="Number">-0.94</Data></Cell>
    <Cell><Data ss:Type="Number">22.8</Data></Cell>
    <Cell><Data ss:Type="Number">39.799999999999997</Data></Cell>
    <Cell><Data ss:Type="Number">0</Data></Cell>
    <Cell><Data ss:Type="Number">0</Data></Cell>
    <Cell><Data ss:Type="String">2023-12-07 16:13:45.185925</Data></Cell>
   </Row>
   <Row>
    <Cell><Data ss:Type="String">42</Data></Cell>
    <Cell><Data ss:Type="Number">0</Data></Cell>
    <Cell><Data ss:Type="Number">-10.19</Data></Cell>
    <Cell><Data ss:Type="Number">0.2</Data></Cell>
    <Cell><Data ss:Type="Number">-9.43</Data></Cell>
    <Cell><Data ss:Type="Number">-0.06</Data></Cell>
    <Cell><Data ss:Type="Number">-0.91</Data></Cell>
    <Cell><Data ss:Type="Number">22.8</Data></Cell>
    <Cell><Data ss:Type="Number">39.799999999999997</Data></Cell>
    <Cell><Data ss:Type="Number">0</Data></Cell>
    <Cell><Data ss:Type="Number">0</Data></Cell>
    <Cell><Data ss:Type="String">2023-12-07 16:13:45.184375</Data></Cell>
   </Row>
   <Row>
    <Cell><Data ss:Type="String">41</Data></Cell>
    <Cell><Data ss:Type="Number">0</Data></Cell>
    <Cell><Data ss:Type="Number">-9.89</Data></Cell>
    <Cell><Data ss:Type="Number">0.1</Data></Cell>
    <Cell><Data ss:Type="Number">-9.43</Data></Cell>
    <Cell><Data ss:Type="Number">-0.06</Data></Cell>
    <Cell><Data ss:Type="Number">-0.92</Data></Cell>
    <Cell><Data ss:Type="Number">22.8</Data></Cell>
    <Cell><Data ss:Type="Number">39.799999999999997</Data></Cell>
    <Cell><Data ss:Type="Number">0</Data></Cell>
    <Cell><Data ss:Type="Number">0</Data></Cell>
    <Cell><Data ss:Type="String">2023-12-07 16:13:45.182551</Data></Cell>
   </Row>
   <Row>
    <Cell><Data ss:Type="String">40</Data></Cell>
    <Cell><Data ss:Type="Number">0</Data></Cell>
    <Cell><Data ss:Type="Number">-10.199999999999999</Data></Cell>
    <Cell><Data ss:Type="Number">0.15</Data></Cell>
    <Cell><Data ss:Type="Number">-9.5500000000000007</Data></Cell>
    <Cell><Data ss:Type="Number">-0.11</Data></Cell>
    <Cell><Data ss:Type="Number">-0.94</Data></Cell>
    <Cell><Data ss:Type="Number">22.8</Data></Cell>
    <Cell><Data ss:Type="Number">39.799999999999997</Data></Cell>
    <Cell><Data ss:Type="Number">0</Data></Cell>
    <Cell><Data ss:Type="Number">0</Data></Cell>
    <Cell><Data ss:Type="String">2023-12-07 16:13:44.967645</Data></Cell>
   </Row>
   <Row>
    <Cell><Data ss:Type="String">39</Data></Cell>
    <Cell><Data ss:Type="Number">0</Data></Cell>
    <Cell><Data ss:Type="Number">-10.24</Data></Cell>
    <Cell><Data ss:Type="Number">0.24</Data></Cell>
    <Cell><Data ss:Type="Number">-9.5399999999999991</Data></Cell>
    <Cell><Data ss:Type="Number">-0.03</Data></Cell>
    <Cell><Data ss:Type="Number">-0.85</Data></Cell>
    <Cell><Data ss:Type="Number">22.8</Data></Cell>
    <Cell><Data ss:Type="Number">39.799999999999997</Data></Cell>
    <Cell><Data ss:Type="Number">0</Data></Cell>
    <Cell><Data ss:Type="Number">0</Data></Cell>
    <Cell><Data ss:Type="String">2023-12-07 16:13:44.914601</Data></Cell>
   </Row>
   <Row>
    <Cell><Data ss:Type="String">38</Data></Cell>
    <Cell><Data ss:Type="Number">0</Data></Cell>
    <Cell><Data ss:Type="Number">-10.220000000000001</Data></Cell>
    <Cell><Data ss:Type="Number">0.14000000000000001</Data></Cell>
    <Cell><Data ss:Type="Number">-9.52</Data></Cell>
    <Cell><Data ss:Type="Number">-0.11</Data></Cell>
    <Cell><Data ss:Type="Number">-0.97</Data></Cell>
    <Cell><Data ss:Type="Number">22.8</Data></Cell>
    <Cell><Data ss:Type="Number">39.799999999999997</Data></Cell>
    <Cell><Data ss:Type="Number">0</Data></Cell>
    <Cell><Data ss:Type="Number">0</Data></Cell>
    <Cell><Data ss:Type="String">2023-12-07 16:13:44.913078</Data></Cell>
   </Row>
   <Row>
    <Cell><Data ss:Type="String">37</Data></Cell>
    <Cell><Data ss:Type="Number">0</Data></Cell>
    <Cell><Data ss:Type="Number">-10.119999999999999</Data></Cell>
    <Cell><Data ss:Type="Number">0.26</Data></Cell>
    <Cell><Data ss:Type="Number">-9.4600000000000009</Data></Cell>
    <Cell><Data ss:Type="Number">-0.06</Data></Cell>
    <Cell><Data ss:Type="Number">-0.87</Data></Cell>
    <Cell><Data ss:Type="Number">22.8</Data></Cell>
    <Cell><Data ss:Type="Number">39.799999999999997</Data></Cell>
    <Cell><Data ss:Type="Number">0</Data></Cell>
    <Cell><Data ss:Type="Number">0</Data></Cell>
    <Cell><Data ss:Type="String">2023-12-07 16:13:44.911346</Data></Cell>
   </Row>
   <Row>
    <Cell><Data ss:Type="String">36</Data></Cell>
    <Cell><Data ss:Type="Number">0</Data></Cell>
    <Cell><Data ss:Type="Number">-9.99</Data></Cell>
    <Cell><Data ss:Type="Number">0.11</Data></Cell>
    <Cell><Data ss:Type="Number">-9.4499999999999993</Data></Cell>
    <Cell><Data ss:Type="Number">-0.11</Data></Cell>
    <Cell><Data ss:Type="Number">-0.98</Data></Cell>
    <Cell><Data ss:Type="Number">22.8</Data></Cell>
    <Cell><Data ss:Type="Number">39.799999999999997</Data></Cell>
    <Cell><Data ss:Type="Number">0</Data></Cell>
    <Cell><Data ss:Type="Number">0</Data></Cell>
    <Cell><Data ss:Type="String">2023-12-07 16:13:44.909497</Data></Cell>
   </Row>
   <Row>
    <Cell><Data ss:Type="String">35</Data></Cell>
    <Cell><Data ss:Type="Number">0</Data></Cell>
    <Cell><Data ss:Type="Number">-9.92</Data></Cell>
    <Cell><Data ss:Type="Number">0.17</Data></Cell>
    <Cell><Data ss:Type="Number">-9.4</Data></Cell>
    <Cell><Data ss:Type="Number">-0.04</Data></Cell>
    <Cell><Data ss:Type="Number">-0.91</Data></Cell>
    <Cell><Data ss:Type="Number">22.8</Data></Cell>
    <Cell><Data ss:Type="Number">39.799999999999997</Data></Cell>
    <Cell><Data ss:Type="Number">0</Data></Cell>
    <Cell><Data ss:Type="Number">0</Data></Cell>
    <Cell><Data ss:Type="String">2023-12-07 16:13:44.906945</Data></Cell>
   </Row>
   <Row>
    <Cell><Data ss:Type="String">34</Data></Cell>
    <Cell><Data ss:Type="Number">0</Data></Cell>
    <Cell><Data ss:Type="Number">-9.84</Data></Cell>
    <Cell><Data ss:Type="Number">0.11</Data></Cell>
    <Cell><Data ss:Type="Number">-9.42</Data></Cell>
    <Cell><Data ss:Type="Number">-0.09</Data></Cell>
    <Cell><Data ss:Type="Number">-0.92</Data></Cell>
    <Cell><Data ss:Type="Number">22.8</Data></Cell>
    <Cell><Data ss:Type="Number">39.799999999999997</Data></Cell>
    <Cell><Data ss:Type="Number">0</Data></Cell>
    <Cell><Data ss:Type="Number">0</Data></Cell>
    <Cell><Data ss:Type="String">2023-12-07 16:13:44.904387</Data></Cell>
   </Row>
   <Row>
    <Cell><Data ss:Type="String">33</Data></Cell>
    <Cell><Data ss:Type="Number">0</Data></Cell>
    <Cell><Data ss:Type="Number">-10.050000000000001</Data></Cell>
    <Cell><Data ss:Type="Number">0.17</Data></Cell>
    <Cell><Data ss:Type="Number">-9.51</Data></Cell>
    <Cell><Data ss:Type="Number">-7.0000000000000007E-2</Data></Cell>
    <Cell><Data ss:Type="Number">-0.9</Data></Cell>
    <Cell><Data ss:Type="Number">22.8</Data></Cell>
    <Cell><Data ss:Type="Number">39.799999999999997</Data></Cell>
    <Cell><Data ss:Type="Number">0</Data></Cell>
    <Cell><Data ss:Type="Number">0</Data></Cell>
    <Cell><Data ss:Type="String">2023-12-07 16:13:44.902553</Data></Cell>
   </Row>
   <Row>
    <Cell><Data ss:Type="String">32</Data></Cell>
    <Cell><Data ss:Type="Number">0</Data></Cell>
    <Cell><Data ss:Type="Number">-10.18</Data></Cell>
    <Cell><Data ss:Type="Number">0.16</Data></Cell>
    <Cell><Data ss:Type="Number">-9.56</Data></Cell>
    <Cell><Data ss:Type="Number">-0.08</Data></Cell>
    <Cell><Data ss:Type="Number">-0.92</Data></Cell>
    <Cell><Data ss:Type="Number">22.8</Data></Cell>
    <Cell><Data ss:Type="Number">39.799999999999997</Data></Cell>
    <Cell><Data ss:Type="Number">0</Data></Cell>
    <Cell><Data ss:Type="Number">0</Data></Cell>
    <Cell><Data ss:Type="String">2023-12-07 16:13:44.687697</Data></Cell>
   </Row>
   <Row>
    <Cell><Data ss:Type="String">31</Data></Cell>
    <Cell><Data ss:Type="Number">0</Data></Cell>
    <Cell><Data ss:Type="Number">-10.130000000000001</Data></Cell>
    <Cell><Data ss:Type="Number">0.15</Data></Cell>
    <Cell><Data ss:Type="Number">-9.5</Data></Cell>
    <Cell><Data ss:Type="Number">-0.06</Data></Cell>
    <Cell><Data ss:Type="Number">-0.89</Data></Cell>
    <Cell><Data ss:Type="Number">22.8</Data></Cell>
    <Cell><Data ss:Type="Number">39.799999999999997</Data></Cell>
    <Cell><Data ss:Type="Number">0</Data></Cell>
    <Cell><Data ss:Type="Number">0</Data></Cell>
    <Cell><Data ss:Type="String">2023-12-07 16:13:44.685957</Data></Cell>
   </Row>
   <Row>
    <Cell><Data ss:Type="String">30</Data></Cell>
    <Cell><Data ss:Type="Number">0</Data></Cell>
    <Cell><Data ss:Type="Number">-10.039999999999999</Data></Cell>
    <Cell><Data ss:Type="Number">0.15</Data></Cell>
    <Cell><Data ss:Type="Number">-9.44</Data></Cell>
    <Cell><Data ss:Type="Number">-0.08</Data></Cell>
    <Cell><Data ss:Type="Number">-0.93</Data></Cell>
    <Cell><Data ss:Type="Number">22.8</Data></Cell>
    <Cell><Data ss:Type="Number">39.799999999999997</Data></Cell>
    <Cell><Data ss:Type="Number">0</Data></Cell>
    <Cell><Data ss:Type="Number">0</Data></Cell>
    <Cell><Data ss:Type="String">2023-12-07 16:13:44.631739</Data></Cell>
   </Row>
   <Row>
    <Cell><Data ss:Type="String">29</Data></Cell>
    <Cell><Data ss:Type="Number">0</Data></Cell>
    <Cell><Data ss:Type="Number">-9.98</Data></Cell>
    <Cell><Data ss:Type="Number">0.14000000000000001</Data></Cell>
    <Cell><Data ss:Type="Number">-9.43</Data></Cell>
    <Cell><Data ss:Type="Number">-0.04</Data></Cell>
    <Cell><Data ss:Type="Number">-0.9</Data></Cell>
    <Cell><Data ss:Type="Number">22.8</Data></Cell>
    <Cell><Data ss:Type="Number">39.799999999999997</Data></Cell>
    <Cell><Data ss:Type="Number">0</Data></Cell>
    <Cell><Data ss:Type="Number">0</Data></Cell>
    <Cell><Data ss:Type="String">2023-12-07 16:13:44.586716</Data></Cell>
   </Row>
   <Row>
    <Cell><Data ss:Type="String">28</Data></Cell>
    <Cell><Data ss:Type="Number">0</Data></Cell>
    <Cell><Data ss:Type="Number">-9.89</Data></Cell>
    <Cell><Data ss:Type="Number">0.09</Data></Cell>
    <Cell><Data ss:Type="Number">-9.48</Data></Cell>
    <Cell><Data ss:Type="Number">-0.09</Data></Cell>
    <Cell><Data ss:Type="Number">-0.92</Data></Cell>
    <Cell><Data ss:Type="Number">22.8</Data></Cell>
    <Cell><Data ss:Type="Number">39.799999999999997</Data></Cell>
    <Cell><Data ss:Type="Number">0</Data></Cell>
    <Cell><Data ss:Type="Number">0</Data></Cell>
    <Cell><Data ss:Type="String">2023-12-07 16:13:44.541580</Data></Cell>
   </Row>
   <Row>
    <Cell><Data ss:Type="String">27</Data></Cell>
    <Cell><Data ss:Type="Number">0</Data></Cell>
    <Cell><Data ss:Type="Number">-10.27</Data></Cell>
    <Cell><Data ss:Type="Number">0.15</Data></Cell>
    <Cell><Data ss:Type="Number">-9.57</Data></Cell>
    <Cell><Data ss:Type="Number">-0.08</Data></Cell>
    <Cell><Data ss:Type="Number">-0.92</Data></Cell>
    <Cell><Data ss:Type="Number">22.8</Data></Cell>
    <Cell><Data ss:Type="Number">39.799999999999997</Data></Cell>
    <Cell><Data ss:Type="Number">0</Data></Cell>
    <Cell><Data ss:Type="Number">0</Data></Cell>
    <Cell><Data ss:Type="String">2023-12-07 16:13:44.539356</Data></Cell>
   </Row>
   <Row>
    <Cell><Data ss:Type="String">26</Data></Cell>
    <Cell><Data ss:Type="Number">0</Data></Cell>
    <Cell><Data ss:Type="Number">-10.27</Data></Cell>
    <Cell><Data ss:Type="Number">0.18</Data></Cell>
    <Cell><Data ss:Type="Number">-9.5500000000000007</Data></Cell>
    <Cell><Data ss:Type="Number">-0.05</Data></Cell>
    <Cell><Data ss:Type="Number">-0.89</Data></Cell>
    <Cell><Data ss:Type="Number">22.8</Data></Cell>
    <Cell><Data ss:Type="Number">39.799999999999997</Data></Cell>
    <Cell><Data ss:Type="Number">0</Data></Cell>
    <Cell><Data ss:Type="Number">0</Data></Cell>
    <Cell><Data ss:Type="String">2023-12-07 16:13:44.492702</Data></Cell>
   </Row>
   <Row>
    <Cell><Data ss:Type="String">25</Data></Cell>
    <Cell><Data ss:Type="Number">0</Data></Cell>
    <Cell><Data ss:Type="Number">-10.24</Data></Cell>
    <Cell><Data ss:Type="Number">0.18</Data></Cell>
    <Cell><Data ss:Type="Number">-9.49</Data></Cell>
    <Cell><Data ss:Type="Number">-0.1</Data></Cell>
    <Cell><Data ss:Type="Number">-0.89</Data></Cell>
    <Cell><Data ss:Type="Number">22.8</Data></Cell>
    <Cell><Data ss:Type="Number">39.799999999999997</Data></Cell>
    <Cell><Data ss:Type="Number">0</Data></Cell>
    <Cell><Data ss:Type="Number">0</Data></Cell>
    <Cell><Data ss:Type="String">2023-12-07 16:13:44.448080</Data></Cell>
   </Row>
   <Row>
    <Cell><Data ss:Type="String">24</Data></Cell>
    <Cell><Data ss:Type="Number">0</Data></Cell>
    <Cell><Data ss:Type="Number">-10.02</Data></Cell>
    <Cell><Data ss:Type="Number">0.11</Data></Cell>
    <Cell><Data ss:Type="Number">-9.4</Data></Cell>
    <Cell><Data ss:Type="Number">-7.0000000000000007E-2</Data></Cell>
    <Cell><Data ss:Type="Number">-0.94</Data></Cell>
    <Cell><Data ss:Type="Number">22.8</Data></Cell>
    <Cell><Data ss:Type="Number">39.799999999999997</Data></Cell>
    <Cell><Data ss:Type="Number">0</Data></Cell>
    <Cell><Data ss:Type="Number">0</Data></Cell>
    <Cell><Data ss:Type="String">2023-12-07 16:13:44.446087</Data></Cell>
   </Row>
   <Row>
    <Cell><Data ss:Type="String">23</Data></Cell>
    <Cell><Data ss:Type="Number">0</Data></Cell>
    <Cell><Data ss:Type="Number">-9.98</Data></Cell>
    <Cell><Data ss:Type="Number">0.1</Data></Cell>
    <Cell><Data ss:Type="Number">-9.43</Data></Cell>
    <Cell><Data ss:Type="Number">-0.08</Data></Cell>
    <Cell><Data ss:Type="Number">-0.91</Data></Cell>
    <Cell><Data ss:Type="Number">22.8</Data></Cell>
    <Cell><Data ss:Type="Number">39.799999999999997</Data></Cell>
    <Cell><Data ss:Type="Number">0</Data></Cell>
    <Cell><Data ss:Type="Number">0</Data></Cell>
    <Cell><Data ss:Type="String">2023-12-07 16:13:44.400180</Data></Cell>
   </Row>
   <Row>
    <Cell><Data ss:Type="String">22</Data></Cell>
    <Cell><Data ss:Type="Number">0</Data></Cell>
    <Cell><Data ss:Type="Number">-10.11</Data></Cell>
    <Cell><Data ss:Type="Number">0.19</Data></Cell>
    <Cell><Data ss:Type="Number">-9.5</Data></Cell>
    <Cell><Data ss:Type="Number">-0.1</Data></Cell>
    <Cell><Data ss:Type="Number">-0.91</Data></Cell>
    <Cell><Data ss:Type="Number">22.8</Data></Cell>
    <Cell><Data ss:Type="Number">39.799999999999997</Data></Cell>
    <Cell><Data ss:Type="Number">0</Data></Cell>
    <Cell><Data ss:Type="Number">0</Data></Cell>
    <Cell><Data ss:Type="String">2023-12-07 16:13:44.354852</Data></Cell>
   </Row>
   <Row>
    <Cell><Data ss:Type="String">21</Data></Cell>
    <Cell><Data ss:Type="Number">0</Data></Cell>
    <Cell><Data ss:Type="Number">-10.19</Data></Cell>
    <Cell><Data ss:Type="Number">0.13</Data></Cell>
    <Cell><Data ss:Type="Number">-9.5500000000000007</Data></Cell>
    <Cell><Data ss:Type="Number">-0.06</Data></Cell>
    <Cell><Data ss:Type="Number">-0.87</Data></Cell>
    <Cell><Data ss:Type="Number">22.8</Data></Cell>
    <Cell><Data ss:Type="Number">39.799999999999997</Data></Cell>
    <Cell><Data ss:Type="Number">0</Data></Cell>
    <Cell><Data ss:Type="Number">0</Data></Cell>
    <Cell><Data ss:Type="String">2023-12-07 16:13:44.304167</Data></Cell>
   </Row>
   <Row>
    <Cell><Data ss:Type="String">20</Data></Cell>
    <Cell><Data ss:Type="Number">0</Data></Cell>
    <Cell><Data ss:Type="Number">-10.14</Data></Cell>
    <Cell><Data ss:Type="Number">0.17</Data></Cell>
    <Cell><Data ss:Type="Number">-9.5</Data></Cell>
    <Cell><Data ss:Type="Number">-0.09</Data></Cell>
    <Cell><Data ss:Type="Number">-0.91</Data></Cell>
    <Cell><Data ss:Type="Number">22.8</Data></Cell>
    <Cell><Data ss:Type="Number">39.799999999999997</Data></Cell>
    <Cell><Data ss:Type="Number">0</Data></Cell>
    <Cell><Data ss:Type="Number">0</Data></Cell>
    <Cell><Data ss:Type="String">2023-12-07 16:13:44.302673</Data></Cell>
   </Row>
   <Row>
    <Cell><Data ss:Type="String">19</Data></Cell>
    <Cell><Data ss:Type="Number">0</Data></Cell>
    <Cell><Data ss:Type="Number">-9.9600000000000009</Data></Cell>
    <Cell><Data ss:Type="Number">0.14000000000000001</Data></Cell>
    <Cell><Data ss:Type="Number">-9.44</Data></Cell>
    <Cell><Data ss:Type="Number">-0.04</Data></Cell>
    <Cell><Data ss:Type="Number">-0.9</Data></Cell>
    <Cell><Data ss:Type="Number">22.8</Data></Cell>
    <Cell><Data ss:Type="Number">39.799999999999997</Data></Cell>
    <Cell><Data ss:Type="Number">0</Data></Cell>
    <Cell><Data ss:Type="Number">0</Data></Cell>
    <Cell><Data ss:Type="String">2023-12-07 16:13:44.301190</Data></Cell>
   </Row>
   <Row>
    <Cell><Data ss:Type="String">18</Data></Cell>
    <Cell><Data ss:Type="Number">0</Data></Cell>
    <Cell><Data ss:Type="Number">-9.89</Data></Cell>
    <Cell><Data ss:Type="Number">0.11</Data></Cell>
    <Cell><Data ss:Type="Number">-9.41</Data></Cell>
    <Cell><Data ss:Type="Number">-0.09</Data></Cell>
    <Cell><Data ss:Type="Number">-0.94</Data></Cell>
    <Cell><Data ss:Type="Number">22.8</Data></Cell>
    <Cell><Data ss:Type="Number">39.799999999999997</Data></Cell>
    <Cell><Data ss:Type="Number">0</Data></Cell>
    <Cell><Data ss:Type="Number">0</Data></Cell>
    <Cell><Data ss:Type="String">2023-12-07 16:13:44.299572</Data></Cell>
   </Row>
   <Row>
    <Cell><Data ss:Type="String">17</Data></Cell>
    <Cell><Data ss:Type="Number">0</Data></Cell>
    <Cell><Data ss:Type="Number">-9.93</Data></Cell>
    <Cell><Data ss:Type="Number">0.2</Data></Cell>
    <Cell><Data ss:Type="Number">-9.41</Data></Cell>
    <Cell><Data ss:Type="Number">-0.05</Data></Cell>
    <Cell><Data ss:Type="Number">-0.91</Data></Cell>
    <Cell><Data ss:Type="Number">22.8</Data></Cell>
    <Cell><Data ss:Type="Number">39.799999999999997</Data></Cell>
    <Cell><Data ss:Type="Number">0</Data></Cell>
    <Cell><Data ss:Type="Number">0</Data></Cell>
    <Cell><Data ss:Type="String">2023-12-07 16:13:44.297834</Data></Cell>
   </Row>
   <Row>
    <Cell><Data ss:Type="String">16</Data></Cell>
    <Cell><Data ss:Type="Number">0</Data></Cell>
    <Cell><Data ss:Type="Number">-10.039999999999999</Data></Cell>
    <Cell><Data ss:Type="Number">0.11</Data></Cell>
    <Cell><Data ss:Type="Number">-9.49</Data></Cell>
    <Cell><Data ss:Type="Number">-0.09</Data></Cell>
    <Cell><Data ss:Type="Number">-0.96</Data></Cell>
    <Cell><Data ss:Type="Number">22.8</Data></Cell>
    <Cell><Data ss:Type="Number">39.799999999999997</Data></Cell>
    <Cell><Data ss:Type="Number">0</Data></Cell>
    <Cell><Data ss:Type="Number">0</Data></Cell>
    <Cell><Data ss:Type="String">2023-12-07 16:13:44.295679</Data></Cell>
   </Row>
   <Row>
    <Cell><Data ss:Type="String">15</Data></Cell>
    <Cell><Data ss:Type="Number">0</Data></Cell>
    <Cell><Data ss:Type="Number">-10.15</Data></Cell>
    <Cell><Data ss:Type="Number">0.21</Data></Cell>
    <Cell><Data ss:Type="Number">-9.51</Data></Cell>
    <Cell><Data ss:Type="Number">-0.06</Data></Cell>
    <Cell><Data ss:Type="Number">-0.89</Data></Cell>
    <Cell><Data ss:Type="Number">22.8</Data></Cell>
    <Cell><Data ss:Type="Number">39.799999999999997</Data></Cell>
    <Cell><Data ss:Type="Number">0</Data></Cell>
    <Cell><Data ss:Type="Number">0</Data></Cell>
    <Cell><Data ss:Type="String">2023-12-07 16:13:44.293733</Data></Cell>
   </Row>
   <Row>
    <Cell><Data ss:Type="String">14</Data></Cell>
    <Cell><Data ss:Type="Number">0</Data></Cell>
    <Cell><Data ss:Type="Number">-10.29</Data></Cell>
    <Cell><Data ss:Type="Number">0.12</Data></Cell>
    <Cell><Data ss:Type="Number">-9.5399999999999991</Data></Cell>
    <Cell><Data ss:Type="Number">-0.09</Data></Cell>
    <Cell><Data ss:Type="Number">-0.91</Data></Cell>
    <Cell><Data ss:Type="Number">22.8</Data></Cell>
    <Cell><Data ss:Type="Number">39.799999999999997</Data></Cell>
    <Cell><Data ss:Type="Number">0</Data></Cell>
    <Cell><Data ss:Type="Number">0</Data></Cell>
    <Cell><Data ss:Type="String">2023-12-07 16:13:44.291401</Data></Cell>
   </Row>
   <Row>
    <Cell><Data ss:Type="String">13</Data></Cell>
    <Cell><Data ss:Type="Number">0</Data></Cell>
    <Cell><Data ss:Type="Number">-10.26</Data></Cell>
    <Cell><Data ss:Type="Number">0.01</Data></Cell>
    <Cell><Data ss:Type="Number">-9.48</Data></Cell>
    <Cell><Data ss:Type="Number">-0.09</Data></Cell>
    <Cell><Data ss:Type="Number">-0.89</Data></Cell>
    <Cell><Data ss:Type="Number">22.8</Data></Cell>
    <Cell><Data ss:Type="Number">39.799999999999997</Data></Cell>
    <Cell><Data ss:Type="Number">0</Data></Cell>
    <Cell><Data ss:Type="Number">0</Data></Cell>
    <Cell><Data ss:Type="String">2023-12-07 16:13:44.050963</Data></Cell>
   </Row>
   <Row>
    <Cell><Data ss:Type="String">12</Data></Cell>
    <Cell><Data ss:Type="Number">0</Data></Cell>
    <Cell><Data ss:Type="Number">-10.130000000000001</Data></Cell>
    <Cell><Data ss:Type="Number">0.12</Data></Cell>
    <Cell><Data ss:Type="Number">-9.43</Data></Cell>
    <Cell><Data ss:Type="Number">-0.09</Data></Cell>
    <Cell><Data ss:Type="Number">-0.95</Data></Cell>
    <Cell><Data ss:Type="Number">22.8</Data></Cell>
    <Cell><Data ss:Type="Number">39.799999999999997</Data></Cell>
    <Cell><Data ss:Type="Number">0</Data></Cell>
    <Cell><Data ss:Type="Number">0</Data></Cell>
    <Cell><Data ss:Type="String">2023-12-07 16:13:44.049256</Data></Cell>
   </Row>
   <Row>
    <Cell><Data ss:Type="String">11</Data></Cell>
    <Cell><Data ss:Type="Number">0</Data></Cell>
    <Cell><Data ss:Type="Number">-9.89</Data></Cell>
    <Cell><Data ss:Type="Number">0.11</Data></Cell>
    <Cell><Data ss:Type="Number">-9.42</Data></Cell>
    <Cell><Data ss:Type="Number">-0.04</Data></Cell>
    <Cell><Data ss:Type="Number">-0.93</Data></Cell>
    <Cell><Data ss:Type="Number">22.8</Data></Cell>
    <Cell><Data ss:Type="Number">39.799999999999997</Data></Cell>
    <Cell><Data ss:Type="Number">0</Data></Cell>
    <Cell><Data ss:Type="Number">0</Data></Cell>
    <Cell><Data ss:Type="String">2023-12-07 16:13:44.047140</Data></Cell>
   </Row>
   <Row>
    <Cell><Data ss:Type="String">10</Data></Cell>
    <Cell><Data ss:Type="Number">0</Data></Cell>
    <Cell><Data ss:Type="Number">-10.039999999999999</Data></Cell>
    <Cell><Data ss:Type="Number">0.13</Data></Cell>
    <Cell><Data ss:Type="Number">-9.51</Data></Cell>
    <Cell><Data ss:Type="Number">-0.12</Data></Cell>
    <Cell><Data ss:Type="Number">-0.91</Data></Cell>
    <Cell><Data ss:Type="Number">22.8</Data></Cell>
    <Cell><Data ss:Type="Number">39.799999999999997</Data></Cell>
    <Cell><Data ss:Type="Number">0</Data></Cell>
    <Cell><Data ss:Type="Number">0</Data></Cell>
    <Cell><Data ss:Type="String">2023-12-07 16:13:43.964683</Data></Cell>
   </Row>
   <Row>
    <Cell><Data ss:Type="String">9</Data></Cell>
    <Cell><Data ss:Type="Number">0</Data></Cell>
    <Cell><Data ss:Type="Number">-10.119999999999999</Data></Cell>
    <Cell><Data ss:Type="Number">0.2</Data></Cell>
    <Cell><Data ss:Type="Number">-9.5500000000000007</Data></Cell>
    <Cell><Data ss:Type="Number">-0.03</Data></Cell>
    <Cell><Data ss:Type="Number">-0.92</Data></Cell>
    <Cell><Data ss:Type="Number">22.8</Data></Cell>
    <Cell><Data ss:Type="Number">39.799999999999997</Data></Cell>
    <Cell><Data ss:Type="Number">0</Data></Cell>
    <Cell><Data ss:Type="Number">0</Data></Cell>
    <Cell><Data ss:Type="String">2023-12-07 16:13:43.963206</Data></Cell>
   </Row>
   <Row>
    <Cell><Data ss:Type="String">8</Data></Cell>
    <Cell><Data ss:Type="Number">0</Data></Cell>
    <Cell><Data ss:Type="Number">-10.24</Data></Cell>
    <Cell><Data ss:Type="Number">0.13</Data></Cell>
    <Cell><Data ss:Type="Number">-9.56</Data></Cell>
    <Cell><Data ss:Type="Number">-0.06</Data></Cell>
    <Cell><Data ss:Type="Number">-0.89</Data></Cell>
    <Cell><Data ss:Type="Number">22.8</Data></Cell>
    <Cell><Data ss:Type="Number">39.799999999999997</Data></Cell>
    <Cell><Data ss:Type="Number">0</Data></Cell>
    <Cell><Data ss:Type="Number">0</Data></Cell>
    <Cell><Data ss:Type="String">2023-12-07 16:13:43.961527</Data></Cell>
   </Row>
   <Row>
    <Cell><Data ss:Type="String">7</Data></Cell>
    <Cell><Data ss:Type="Number">0</Data></Cell>
    <Cell><Data ss:Type="Number">-10.210000000000001</Data></Cell>
    <Cell><Data ss:Type="Number">0.21</Data></Cell>
    <Cell><Data ss:Type="Number">-9.51</Data></Cell>
    <Cell><Data ss:Type="Number">-0.09</Data></Cell>
    <Cell><Data ss:Type="Number">-0.9</Data></Cell>
    <Cell><Data ss:Type="Number">22.8</Data></Cell>
    <Cell><Data ss:Type="Number">39.799999999999997</Data></Cell>
    <Cell><Data ss:Type="Number">0</Data></Cell>
    <Cell><Data ss:Type="Number">0</Data></Cell>
    <Cell><Data ss:Type="String">2023-12-07 16:13:43.959210</Data></Cell>
   </Row>
   <Row>
    <Cell><Data ss:Type="String">6</Data></Cell>
    <Cell><Data ss:Type="Number">0</Data></Cell>
    <Cell><Data ss:Type="Number">-10.220000000000001</Data></Cell>
    <Cell><Data ss:Type="Number">0.08</Data></Cell>
    <Cell><Data ss:Type="Number">-9.44</Data></Cell>
    <Cell><Data ss:Type="Number">-7.0000000000000007E-2</Data></Cell>
    <Cell><Data ss:Type="Number">-0.92</Data></Cell>
    <Cell><Data ss:Type="Number">22.8</Data></Cell>
    <Cell><Data ss:Type="Number">39.799999999999997</Data></Cell>
    <Cell><Data ss:Type="Number">0</Data></Cell>
    <Cell><Data ss:Type="Number">0</Data></Cell>
    <Cell><Data ss:Type="String">2023-12-07 16:13:43.956673</Data></Cell>
   </Row>
   <Row>
    <Cell><Data ss:Type="String">5</Data></Cell>
    <Cell><Data ss:Type="Number">0</Data></Cell>
    <Cell><Data ss:Type="Number">-10.119999999999999</Data></Cell>
    <Cell><Data ss:Type="Number">0.11</Data></Cell>
    <Cell><Data ss:Type="Number">-9.39</Data></Cell>
    <Cell><Data ss:Type="Number">-7.0000000000000007E-2</Data></Cell>
    <Cell><Data ss:Type="Number">-0.91</Data></Cell>
    <Cell><Data ss:Type="Number">22.8</Data></Cell>
    <Cell><Data ss:Type="Number">39.799999999999997</Data></Cell>
    <Cell><Data ss:Type="Number">0</Data></Cell>
    <Cell><Data ss:Type="Number">0</Data></Cell>
    <Cell><Data ss:Type="String">2023-12-07 16:13:43.954354</Data></Cell>
   </Row>
   <Row>
    <Cell><Data ss:Type="String">4</Data></Cell>
    <Cell><Data ss:Type="Number">0</Data></Cell>
    <Cell><Data ss:Type="Number">-10.16</Data></Cell>
    <Cell><Data ss:Type="Number">0.18</Data></Cell>
    <Cell><Data ss:Type="Number">-9.51</Data></Cell>
    <Cell><Data ss:Type="Number">-7.0000000000000007E-2</Data></Cell>
    <Cell><Data ss:Type="Number">-0.9</Data></Cell>
    <Cell><Data ss:Type="Number">22.8</Data></Cell>
    <Cell><Data ss:Type="Number">39.799999999999997</Data></Cell>
    <Cell><Data ss:Type="Number">0</Data></Cell>
    <Cell><Data ss:Type="Number">0</Data></Cell>
    <Cell><Data ss:Type="String">2023-12-07 16:13:43.952671</Data></Cell>
   </Row>
   <Row>
    <Cell><Data ss:Type="String">3</Data></Cell>
    <Cell><Data ss:Type="Number">0</Data></Cell>
    <Cell><Data ss:Type="Number">-10.28</Data></Cell>
    <Cell><Data ss:Type="Number">0.15</Data></Cell>
    <Cell><Data ss:Type="Number">-9.56</Data></Cell>
    <Cell><Data ss:Type="Number">-0.09</Data></Cell>
    <Cell><Data ss:Type="Number">-0.91</Data></Cell>
    <Cell><Data ss:Type="Number">22.8</Data></Cell>
    <Cell><Data ss:Type="Number">39.799999999999997</Data></Cell>
    <Cell><Data ss:Type="Number">0</Data></Cell>
    <Cell><Data ss:Type="Number">0</Data></Cell>
    <Cell><Data ss:Type="String">2023-12-07 16:13:43.714727</Data></Cell>
   </Row>
   <Row>
    <Cell><Data ss:Type="String">2</Data></Cell>
    <Cell><Data ss:Type="Number">0</Data></Cell>
    <Cell><Data ss:Type="Number">-10.25</Data></Cell>
    <Cell><Data ss:Type="Number">0.19</Data></Cell>
    <Cell><Data ss:Type="Number">-9.49</Data></Cell>
    <Cell><Data ss:Type="Number">-0.06</Data></Cell>
    <Cell><Data ss:Type="Number">-0.91</Data></Cell>
    <Cell><Data ss:Type="Number">22.8</Data></Cell>
    <Cell><Data ss:Type="Number">39.799999999999997</Data></Cell>
    <Cell><Data ss:Type="Number">0</Data></Cell>
    <Cell><Data ss:Type="Number">0</Data></Cell>
    <Cell><Data ss:Type="String">2023-12-07 16:13:43.713144</Data></Cell>
   </Row>
   <Row>
    <Cell><Data ss:Type="String">1</Data></Cell>
    <Cell><Data ss:Type="Number">0</Data></Cell>
    <Cell><Data ss:Type="Number">-10.199999999999999</Data></Cell>
    <Cell><Data ss:Type="Number">0.17</Data></Cell>
    <Cell><Data ss:Type="Number">-9.5500000000000007</Data></Cell>
    <Cell><Data ss:Type="Number">-0.08</Data></Cell>
    <Cell><Data ss:Type="Number">-0.92</Data></Cell>
    <Cell><Data ss:Type="Number">22.8</Data></Cell>
    <Cell><Data ss:Type="Number">39.799999999999997</Data></Cell>
    <Cell><Data ss:Type="Number">0</Data></Cell>
    <Cell><Data ss:Type="Number">0</Data></Cell>
    <Cell><Data ss:Type="String">2023-12-07 16:13:43.667954</Data></Cell>
   </Row>
  </Table>
  <WorksheetOptions xmlns="urn:schemas-microsoft-com:office:excel">
   <Selected/>
   <TopRowVisible>3184</TopRowVisible>
   <Panes>
    <Pane>
     <Number>3</Number>
     <ActiveRow>3193</ActiveRow>
     <ActiveCol>1</ActiveCol>
     <RangeSelection>R3194C2:R3265C2</RangeSelection>
    </Pane>
   </Panes>
   <ProtectObjects>False</ProtectObjects>
   <ProtectScenarios>False</ProtectScenarios>
  </WorksheetOptions>
 </Worksheet>
</Workbook>
